<?xml version="1.0" encoding="UTF-8"?>
<testsuite xmlns:xsi="http://www.w3.org/2001/XMLSchema-instance" xsi:noNamespaceSchemaLocation="https://maven.apache.org/surefire/maven-surefire-plugin/xsd/surefire-test-report.xsd" name="org.apache.hadoop.ozone.client.rpc.TestBlockOutputStream" time="87.662" tests="1" errors="1" skipped="0" failures="0">
  <properties>
    <property name="awt.toolkit" value="sun.awt.X11.XToolkit"/>
    <property name="file.encoding.pkg" value="sun.io"/>
    <property name="java.specification.version" value="1.8"/>
    <property name="sun.cpu.isalist" value=""/>
    <property name="sun.jnu.encoding" value="ANSI_X3.4-1968"/>
    <property name="java.class.path" value="/workdir/hadoop-ozone/integration-test/target/test-classes:/workdir/hadoop-ozone/integration-test/target/classes:/home/user/.m2/repository/org/apache/hadoop/hadoop-ozone-common/0.5.0-SNAPSHOT/hadoop-ozone-common-0.5.0-SNAPSHOT.jar:/home/user/.m2/repository/org/apache/commons/commons-compress/1.4.1/commons-compress-1.4.1.jar:/home/user/.m2/repository/org/tukaani/xz/1.0/xz-1.0.jar:/home/user/.m2/repository/org/apache/hadoop/hadoop-common/3.2.0/hadoop-common-3.2.0.jar:/home/user/.m2/repository/org/apache/hadoop/hadoop-hdfs/3.2.0/hadoop-hdfs-3.2.0.jar:/home/user/.m2/repository/org/apache/hadoop/hadoop-hdfs-client/3.2.0/hadoop-hdfs-client-3.2.0.jar:/home/user/.m2/repository/com/fasterxml/jackson/core/jackson-annotations/2.9.9/jackson-annotations-2.9.9.jar:/home/user/.m2/repository/org/apache/hadoop/hadoop-hdds-common/0.5.0-SNAPSHOT/hadoop-hdds-common-0.5.0-SNAPSHOT.jar:/home/user/.m2/repository/javax/annotation/javax.annotation-api/1.2/javax.annotation-api-1.2.jar:/home/user/.m2/repository/org/apache/ratis/ratis-server/0.5.0-3f446aa-SNAPSHOT/ratis-server-0.5.0-3f446aa-SNAPSHOT.jar:/home/user/.m2/repository/org/apache/ratis/ratis-thirdparty-misc/0.2.0/ratis-thirdparty-misc-0.2.0.jar:/home/user/.m2/repository/org/apache/ratis/ratis-proto/0.5.0-3f446aa-SNAPSHOT/ratis-proto-0.5.0-3f446aa-SNAPSHOT.jar:/home/user/.m2/repository/org/apache/ratis/ratis-common/0.5.0-3f446aa-SNAPSHOT/ratis-common-0.5.0-3f446aa-SNAPSHOT.jar:/home/user/.m2/repository/org/apache/ratis/ratis-client/0.5.0-3f446aa-SNAPSHOT/ratis-client-0.5.0-3f446aa-SNAPSHOT.jar:/home/user/.m2/repository/org/apache/ratis/ratis-metrics/0.5.0-3f446aa-SNAPSHOT/ratis-metrics-0.5.0-3f446aa-SNAPSHOT.jar:/home/user/.m2/repository/com/github/joshelser/dropwizard-metrics-hadoop-metrics2-reporter/0.1.2/dropwizard-metrics-hadoop-metrics2-reporter-0.1.2.jar:/home/user/.m2/repository/io/dropwizard/metrics/metrics-jvm/3.2.5/metrics-jvm-3.2.5.jar:/home/user/.m2/repository/io/dropwizard/metrics/metrics-ganglia/3.2.5/metrics-ganglia-3.2.5.jar:/home/user/.m2/repository/info/ganglia/gmetric4j/gmetric4j/1.0.7/gmetric4j-1.0.7.jar:/home/user/.m2/repository/org/apache/ratis/ratis-netty/0.5.0-3f446aa-SNAPSHOT/ratis-netty-0.5.0-3f446aa-SNAPSHOT.jar:/home/user/.m2/repository/org/apache/ratis/ratis-grpc/0.5.0-3f446aa-SNAPSHOT/ratis-grpc-0.5.0-3f446aa-SNAPSHOT.jar:/home/user/.m2/repository/org/rocksdb/rocksdbjni/6.0.1/rocksdbjni-6.0.1.jar:/home/user/.m2/repository/org/apache/logging/log4j/log4j-api/2.11.0/log4j-api-2.11.0.jar:/home/user/.m2/repository/org/apache/logging/log4j/log4j-core/2.11.0/log4j-core-2.11.0.jar:/home/user/.m2/repository/com/lmax/disruptor/3.4.2/disruptor-3.4.2.jar:/home/user/.m2/repository/org/apache/commons/commons-pool2/2.6.0/commons-pool2-2.6.0.jar:/home/user/.m2/repository/org/bouncycastle/bcpkix-jdk15on/1.60/bcpkix-jdk15on-1.60.jar:/home/user/.m2/repository/commons-validator/commons-validator/1.6/commons-validator-1.6.jar:/home/user/.m2/repository/commons-digester/commons-digester/1.8.1/commons-digester-1.8.1.jar:/home/user/.m2/repository/io/jaegertracing/jaeger-client/0.34.0/jaeger-client-0.34.0.jar:/home/user/.m2/repository/io/jaegertracing/jaeger-thrift/0.34.0/jaeger-thrift-0.34.0.jar:/home/user/.m2/repository/org/apache/thrift/libthrift/0.12.0/libthrift-0.12.0.jar:/home/user/.m2/repository/com/squareup/okhttp3/okhttp/3.9.0/okhttp-3.9.0.jar:/home/user/.m2/repository/com/squareup/okio/okio/1.13.0/okio-1.13.0.jar:/home/user/.m2/repository/io/jaegertracing/jaeger-core/0.34.0/jaeger-core-0.34.0.jar:/home/user/.m2/repository/io/jaegertracing/jaeger-tracerresolver/0.34.0/jaeger-tracerresolver-0.34.0.jar:/home/user/.m2/repository/io/opentracing/contrib/opentracing-tracerresolver/0.1.5/opentracing-tracerresolver-0.1.5.jar:/home/user/.m2/repository/io/opentracing/opentracing-util/0.31.0/opentracing-util-0.31.0.jar:/home/user/.m2/repository/io/opentracing/opentracing-api/0.31.0/opentracing-api-0.31.0.jar:/home/user/.m2/repository/io/opentracing/opentracing-noop/0.31.0/opentracing-noop-0.31.0.jar:/home/user/.m2/repository/org/apache/hadoop/hadoop-hdds-server-framework/0.5.0-SNAPSHOT/hadoop-hdds-server-framework-0.5.0-SNAPSHOT.jar:/home/user/.m2/repository/org/apache/hadoop/hadoop-hdds-container-service/0.5.0-SNAPSHOT/hadoop-hdds-container-service-0.5.0-SNAPSHOT.jar:/home/user/.m2/repository/org/apache/hadoop/hadoop-hdds-client/0.5.0-SNAPSHOT/hadoop-hdds-client-0.5.0-SNAPSHOT.jar:/home/user/.m2/repository/org/apache/hadoop/hadoop-hdds-tools/0.5.0-SNAPSHOT/hadoop-hdds-tools-0.5.0-SNAPSHOT.jar:/home/user/.m2/repository/org/apache/hadoop/hadoop-hdds-server-scm/0.5.0-SNAPSHOT/hadoop-hdds-server-scm-0.5.0-SNAPSHOT.jar:/home/user/.m2/repository/org/apache/hadoop/hadoop-hdds-docs/0.5.0-SNAPSHOT/hadoop-hdds-docs-0.5.0-SNAPSHOT.jar:/home/user/.m2/repository/io/dropwizard/metrics/metrics-core/3.2.4/metrics-core-3.2.4.jar:/home/user/.m2/repository/org/hamcrest/hamcrest-all/1.3/hamcrest-all-1.3.jar:/home/user/.m2/repository/org/bouncycastle/bcprov-jdk15on/1.60/bcprov-jdk15on-1.60.jar:/home/user/.m2/repository/info/picocli/picocli/3.9.6/picocli-3.9.6.jar:/home/user/.m2/repository/com/google/protobuf/protobuf-java/2.5.0/protobuf-java-2.5.0.jar:/home/user/.m2/repository/com/google/guava/guava/11.0.2/guava-11.0.2.jar:/home/user/.m2/repository/org/apache/hadoop/hadoop-ozone-ozone-manager/0.5.0-SNAPSHOT/hadoop-ozone-ozone-manager-0.5.0-SNAPSHOT.jar:/home/user/.m2/repository/org/apache/hadoop/hadoop-minikdc/3.2.0/hadoop-minikdc-3.2.0.jar:/home/user/.m2/repository/commons-io/commons-io/2.5/commons-io-2.5.jar:/home/user/.m2/repository/org/apache/kerby/kerb-simplekdc/1.0.1/kerb-simplekdc-1.0.1.jar:/home/user/.m2/repository/org/apache/kerby/kerb-client/1.0.1/kerb-client-1.0.1.jar:/home/user/.m2/repository/org/apache/kerby/kerby-config/1.0.1/kerby-config-1.0.1.jar:/home/user/.m2/repository/org/apache/kerby/kerb-core/1.0.1/kerb-core-1.0.1.jar:/home/user/.m2/repository/org/apache/kerby/kerby-pkix/1.0.1/kerby-pkix-1.0.1.jar:/home/user/.m2/repository/org/apache/kerby/kerby-asn1/1.0.1/kerby-asn1-1.0.1.jar:/home/user/.m2/repository/org/apache/kerby/kerby-util/1.0.1/kerby-util-1.0.1.jar:/home/user/.m2/repository/org/apache/kerby/kerb-common/1.0.1/kerb-common-1.0.1.jar:/home/user/.m2/repository/org/apache/kerby/kerb-crypto/1.0.1/kerb-crypto-1.0.1.jar:/home/user/.m2/repository/org/apache/kerby/kerb-util/1.0.1/kerb-util-1.0.1.jar:/home/user/.m2/repository/org/apache/kerby/token-provider/1.0.1/token-provider-1.0.1.jar:/home/user/.m2/repository/org/apache/kerby/kerb-admin/1.0.1/kerb-admin-1.0.1.jar:/home/user/.m2/repository/org/apache/kerby/kerb-server/1.0.1/kerb-server-1.0.1.jar:/home/user/.m2/repository/org/apache/kerby/kerb-identity/1.0.1/kerb-identity-1.0.1.jar:/home/user/.m2/repository/org/apache/kerby/kerby-xdr/1.0.1/kerby-xdr-1.0.1.jar:/home/user/.m2/repository/org/slf4j/slf4j-log4j12/1.7.25/slf4j-log4j12-1.7.25.jar:/home/user/.m2/repository/org/apache/hadoop/hadoop-ozone-s3gateway/0.5.0-SNAPSHOT/hadoop-ozone-s3gateway-0.5.0-SNAPSHOT.jar:/home/user/.m2/repository/org/jboss/weld/servlet/weld-servlet/2.4.7.Final/weld-servlet-2.4.7.Final.jar:/home/user/.m2/repository/org/glassfish/jersey/containers/jersey-container-servlet-core/2.27/jersey-container-servlet-core-2.27.jar:/home/user/.m2/repository/org/glassfish/hk2/external/javax.inject/2.5.0-b42/javax.inject-2.5.0-b42.jar:/home/user/.m2/repository/org/glassfish/jersey/core/jersey-common/2.27/jersey-common-2.27.jar:/home/user/.m2/repository/org/glassfish/hk2/osgi-resource-locator/1.0.1/osgi-resource-locator-1.0.1.jar:/home/user/.m2/repository/javax/ws/rs/javax.ws.rs-api/2.1/javax.ws.rs-api-2.1.jar:/home/user/.m2/repository/org/glassfish/jersey/ext/cdi/jersey-cdi1x/2.27/jersey-cdi1x-2.27.jar:/home/user/.m2/repository/org/glassfish/jersey/inject/jersey-hk2/2.27/jersey-hk2-2.27.jar:/home/user/.m2/repository/org/glassfish/hk2/hk2-locator/2.5.0-b42/hk2-locator-2.5.0-b42.jar:/home/user/.m2/repository/org/javassist/javassist/3.22.0-CR2/javassist-3.22.0-CR2.jar:/home/user/.m2/repository/org/glassfish/hk2/hk2-api/2.5.0/hk2-api-2.5.0.jar:/home/user/.m2/repository/org/glassfish/hk2/external/jakarta.inject/2.5.0/jakarta.inject-2.5.0.jar:/home/user/.m2/repository/org/glassfish/hk2/hk2-utils/2.5.0/hk2-utils-2.5.0.jar:/home/user/.m2/repository/jakarta/annotation/jakarta.annotation-api/1.3.4/jakarta.annotation-api-1.3.4.jar:/home/user/.m2/repository/org/glassfish/hk2/external/aopalliance-repackaged/2.5.0/aopalliance-repackaged-2.5.0.jar:/home/user/.m2/repository/com/fasterxml/jackson/dataformat/jackson-dataformat-xml/2.9.0/jackson-dataformat-xml-2.9.0.jar:/home/user/.m2/repository/com/fasterxml/jackson/core/jackson-core/2.9.9/jackson-core-2.9.9.jar:/home/user/.m2/repository/com/fasterxml/jackson/module/jackson-module-jaxb-annotations/2.9.9/jackson-module-jaxb-annotations-2.9.9.jar:/home/user/.m2/repository/javax/enterprise/cdi-api/1.2/cdi-api-1.2.jar:/home/user/.m2/repository/javax/el/javax.el-api/3.0.0/javax.el-api-3.0.0.jar:/home/user/.m2/repository/javax/interceptor/javax.interceptor-api/1.2/javax.interceptor-api-1.2.jar:/home/user/.m2/repository/javax/inject/javax.inject/1/javax.inject-1.jar:/home/user/.m2/repository/com/sun/xml/bind/jaxb-impl/2.3.0.1/jaxb-impl-2.3.0.1.jar:/home/user/.m2/repository/com/sun/xml/bind/jaxb-core/2.3.0.1/jaxb-core-2.3.0.1.jar:/home/user/.m2/repository/javax/xml/bind/jaxb-api/2.3.0/jaxb-api-2.3.0.jar:/home/user/.m2/repository/javax/activation/activation/1.1.1/activation-1.1.1.jar:/home/user/.m2/repository/org/apache/hadoop/hadoop-ozone-csi/0.5.0-SNAPSHOT/hadoop-ozone-csi-0.5.0-SNAPSHOT.jar:/home/user/.m2/repository/com/google/protobuf/protobuf-java-util/3.5.1/protobuf-java-util-3.5.1.jar:/home/user/.m2/repository/org/apache/hadoop/hadoop-hdds-config/0.5.0-SNAPSHOT/hadoop-hdds-config-0.5.0-SNAPSHOT.jar:/home/user/.m2/repository/io/grpc/grpc-netty/1.17.1/grpc-netty-1.17.1.jar:/home/user/.m2/repository/io/grpc/grpc-core/1.17.1/grpc-core-1.17.1.jar:/home/user/.m2/repository/io/grpc/grpc-context/1.17.1/grpc-context-1.17.1.jar:/home/user/.m2/repository/com/google/errorprone/error_prone_annotations/2.2.0/error_prone_annotations-2.2.0.jar:/home/user/.m2/repository/org/codehaus/mojo/animal-sniffer-annotations/1.17/animal-sniffer-annotations-1.17.jar:/home/user/.m2/repository/io/opencensus/opencensus-api/0.17.0/opencensus-api-0.17.0.jar:/home/user/.m2/repository/io/opencensus/opencensus-contrib-grpc-metrics/0.17.0/opencensus-contrib-grpc-metrics-0.17.0.jar:/home/user/.m2/repository/io/netty/netty-codec-http2/4.1.30.Final/netty-codec-http2-4.1.30.Final.jar:/home/user/.m2/repository/io/netty/netty-codec-http/4.1.30.Final/netty-codec-http-4.1.30.Final.jar:/home/user/.m2/repository/io/netty/netty-codec/4.1.30.Final/netty-codec-4.1.30.Final.jar:/home/user/.m2/repository/io/netty/netty-handler/4.1.30.Final/netty-handler-4.1.30.Final.jar:/home/user/.m2/repository/io/netty/netty-handler-proxy/4.1.30.Final/netty-handler-proxy-4.1.30.Final.jar:/home/user/.m2/repository/io/netty/netty-codec-socks/4.1.30.Final/netty-codec-socks-4.1.30.Final.jar:/home/user/.m2/repository/io/netty/netty-transport-native-epoll/4.1.30.Final/netty-transport-native-epoll-4.1.30.Final.jar:/home/user/.m2/repository/io/netty/netty-common/4.1.30.Final/netty-common-4.1.30.Final.jar:/home/user/.m2/repository/io/netty/netty-buffer/4.1.30.Final/netty-buffer-4.1.30.Final.jar:/home/user/.m2/repository/io/netty/netty-transport/4.1.30.Final/netty-transport-4.1.30.Final.jar:/home/user/.m2/repository/io/netty/netty-resolver/4.1.30.Final/netty-resolver-4.1.30.Final.jar:/home/user/.m2/repository/io/netty/netty-transport-native-unix-common/4.1.30.Final/netty-transport-native-unix-common-4.1.30.Final.jar:/home/user/.m2/repository/io/grpc/grpc-protobuf/1.17.1/grpc-protobuf-1.17.1.jar:/home/user/.m2/repository/com/google/api/grpc/proto-google-common-protos/1.0.0/proto-google-common-protos-1.0.0.jar:/home/user/.m2/repository/io/grpc/grpc-protobuf-lite/1.17.1/grpc-protobuf-lite-1.17.1.jar:/home/user/.m2/repository/io/grpc/grpc-stub/1.17.1/grpc-stub-1.17.1.jar:/home/user/.m2/repository/org/apache/hadoop/hadoop-ozone-recon/0.5.0-SNAPSHOT/hadoop-ozone-recon-0.5.0-SNAPSHOT.jar:/home/user/.m2/repository/org/apache/hadoop/hadoop-ozone-reconcodegen/0.5.0-SNAPSHOT/hadoop-ozone-reconcodegen-0.5.0-SNAPSHOT.jar:/home/user/.m2/repository/com/google/inject/extensions/guice-multibindings/4.0/guice-multibindings-4.0.jar:/home/user/.m2/repository/com/google/inject/guice/4.0/guice-4.0.jar:/home/user/.m2/repository/aopalliance/aopalliance/1.0/aopalliance-1.0.jar:/home/user/.m2/repository/com/google/inject/extensions/guice-servlet/4.0/guice-servlet-4.0.jar:/home/user/.m2/repository/org/glassfish/jersey/containers/jersey-container-servlet/2.27/jersey-container-servlet-2.27.jar:/home/user/.m2/repository/org/glassfish/hk2/guice-bridge/2.5.0/guice-bridge-2.5.0.jar:/home/user/.m2/repository/org/glassfish/jersey/core/jersey-server/2.27/jersey-server-2.27.jar:/home/user/.m2/repository/org/glassfish/jersey/core/jersey-client/2.27/jersey-client-2.27.jar:/home/user/.m2/repository/org/glassfish/jersey/media/jersey-media-jaxb/2.27/jersey-media-jaxb-2.27.jar:/home/user/.m2/repository/javax/validation/validation-api/1.1.0.Final/validation-api-1.1.0.Final.jar:/home/user/.m2/repository/org/glassfish/jersey/media/jersey-media-json-jackson/2.27/jersey-media-json-jackson-2.27.jar:/home/user/.m2/repository/org/glassfish/jersey/ext/jersey-entity-filtering/2.27/jersey-entity-filtering-2.27.jar:/home/user/.m2/repository/com/google/inject/extensions/guice-assistedinject/4.0/guice-assistedinject-4.0.jar:/home/user/.m2/repository/org/jooq/jooq/3.11.10/jooq-3.11.10.jar:/home/user/.m2/repository/org/jooq/jooq-meta/3.11.10/jooq-meta-3.11.10.jar:/home/user/.m2/repository/org/jooq/jooq-codegen/3.11.10/jooq-codegen-3.11.10.jar:/home/user/.m2/repository/com/jolbox/bonecp/0.8.0.RELEASE/bonecp-0.8.0.RELEASE.jar:/home/user/.m2/repository/org/xerial/sqlite-jdbc/3.25.2/sqlite-jdbc-3.25.2.jar:/home/user/.m2/repository/org/springframework/spring-jdbc/5.1.3.RELEASE/spring-jdbc-5.1.3.RELEASE.jar:/home/user/.m2/repository/org/springframework/spring-beans/5.1.3.RELEASE/spring-beans-5.1.3.RELEASE.jar:/home/user/.m2/repository/org/springframework/spring-core/5.1.3.RELEASE/spring-core-5.1.3.RELEASE.jar:/home/user/.m2/repository/org/springframework/spring-jcl/5.1.3.RELEASE/spring-jcl-5.1.3.RELEASE.jar:/home/user/.m2/repository/org/springframework/spring-tx/5.1.3.RELEASE/spring-tx-5.1.3.RELEASE.jar:/home/user/.m2/repository/org/apache/hadoop/hadoop-ozone-client/0.5.0-SNAPSHOT/hadoop-ozone-client-0.5.0-SNAPSHOT.jar:/home/user/.m2/repository/commons-lang/commons-lang/2.6/commons-lang-2.6.jar:/home/user/.m2/repository/org/apache/hadoop/hadoop-ozone-ozone-manager/0.5.0-SNAPSHOT/hadoop-ozone-ozone-manager-0.5.0-SNAPSHOT-tests.jar:/home/user/.m2/repository/junit/junit/4.11/junit-4.11.jar:/home/user/.m2/repository/org/hamcrest/hamcrest-core/1.3/hamcrest-core-1.3.jar:/home/user/.m2/repository/org/openjdk/jmh/jmh-core/1.19/jmh-core-1.19.jar:/home/user/.m2/repository/net/sf/jopt-simple/jopt-simple/4.6/jopt-simple-4.6.jar:/home/user/.m2/repository/org/apache/commons/commons-math3/3.1.1/commons-math3-3.1.1.jar:/home/user/.m2/repository/org/openjdk/jmh/jmh-generator-annprocess/1.19/jmh-generator-annprocess-1.19.jar:/home/user/.m2/repository/org/mockito/mockito-all/1.8.5/mockito-all-1.8.5.jar:/home/user/.m2/repository/org/apache/hadoop/hadoop-kms/3.2.0/hadoop-kms-3.2.0.jar:/home/user/.m2/repository/org/apache/hadoop/hadoop-auth/3.2.0/hadoop-auth-3.2.0.jar:/home/user/.m2/repository/com/nimbusds/nimbus-jose-jwt/4.41.1/nimbus-jose-jwt-4.41.1.jar:/home/user/.m2/repository/com/github/stephenc/jcip/jcip-annotations/1.0-1/jcip-annotations-1.0-1.jar:/home/user/.m2/repository/net/minidev/json-smart/2.3/json-smart-2.3.jar:/home/user/.m2/repository/net/minidev/accessors-smart/1.2/accessors-smart-1.2.jar:/home/user/.m2/repository/org/ow2/asm/asm/5.0.4/asm-5.0.4.jar:/home/user/.m2/repository/org/apache/curator/curator-framework/2.12.0/curator-framework-2.12.0.jar:/home/user/.m2/repository/com/sun/jersey/jersey-core/1.19/jersey-core-1.19.jar:/home/user/.m2/repository/javax/ws/rs/jsr311-api/1.1.1/jsr311-api-1.1.1.jar:/home/user/.m2/repository/com/sun/jersey/jersey-server/1.19/jersey-server-1.19.jar:/home/user/.m2/repository/javax/servlet/javax.servlet-api/3.1.0/javax.servlet-api-3.1.0.jar:/home/user/.m2/repository/org/eclipse/jetty/jetty-server/9.3.25.v20180904/jetty-server-9.3.25.v20180904.jar:/home/user/.m2/repository/org/eclipse/jetty/jetty-http/9.3.25.v20180904/jetty-http-9.3.25.v20180904.jar:/home/user/.m2/repository/org/eclipse/jetty/jetty-io/9.3.25.v20180904/jetty-io-9.3.25.v20180904.jar:/home/user/.m2/repository/org/eclipse/jetty/jetty-webapp/9.3.25.v20180904/jetty-webapp-9.3.25.v20180904.jar:/home/user/.m2/repository/org/eclipse/jetty/jetty-xml/9.3.25.v20180904/jetty-xml-9.3.25.v20180904.jar:/home/user/.m2/repository/log4j/log4j/1.2.17/log4j-1.2.17.jar:/home/user/.m2/repository/org/slf4j/slf4j-api/1.7.25/slf4j-api-1.7.25.jar:/home/user/.m2/repository/org/slf4j/jul-to-slf4j/1.7.25/jul-to-slf4j-1.7.25.jar:/home/user/.m2/repository/org/eclipse/jetty/jetty-util/9.3.25.v20180904/jetty-util-9.3.25.v20180904.jar:/home/user/.m2/repository/com/fasterxml/jackson/core/jackson-databind/2.9.9/jackson-databind-2.9.9.jar:/home/user/.m2/repository/org/apache/hadoop/hadoop-kms/3.2.0/hadoop-kms-3.2.0-tests.jar:/home/user/.m2/repository/org/apache/hadoop/hadoop-hdds-server-scm/0.5.0-SNAPSHOT/hadoop-hdds-server-scm-0.5.0-SNAPSHOT-tests.jar:/home/user/.m2/repository/org/apache/hadoop/hadoop-hdds-container-service/0.5.0-SNAPSHOT/hadoop-hdds-container-service-0.5.0-SNAPSHOT-tests.jar:/home/user/.m2/repository/org/yaml/snakeyaml/1.16/snakeyaml-1.16.jar:/home/user/.m2/repository/org/apache/hadoop/hadoop-common/3.2.0/hadoop-common-3.2.0-tests.jar:/home/user/.m2/repository/org/apache/hadoop/hadoop-annotations/3.2.0/hadoop-annotations-3.2.0.jar:/usr/lib/jvm/java-1.8.0-openjdk-1.8.0.222.b10-1.el7_7.x86_64/jre/../lib/tools.jar:/home/user/.m2/repository/commons-cli/commons-cli/1.2/commons-cli-1.2.jar:/home/user/.m2/repository/org/apache/httpcomponents/httpclient/4.5.2/httpclient-4.5.2.jar:/home/user/.m2/repository/org/apache/httpcomponents/httpcore/4.4.4/httpcore-4.4.4.jar:/home/user/.m2/repository/commons-codec/commons-codec/1.11/commons-codec-1.11.jar:/home/user/.m2/repository/commons-net/commons-net/3.6/commons-net-3.6.jar:/home/user/.m2/repository/commons-collections/commons-collections/3.2.2/commons-collections-3.2.2.jar:/home/user/.m2/repository/org/eclipse/jetty/jetty-servlet/9.3.25.v20180904/jetty-servlet-9.3.25.v20180904.jar:/home/user/.m2/repository/org/eclipse/jetty/jetty-security/9.3.25.v20180904/jetty-security-9.3.25.v20180904.jar:/home/user/.m2/repository/javax/servlet/jsp/jsp-api/2.1/jsp-api-2.1.jar:/home/user/.m2/repository/com/sun/jersey/jersey-servlet/1.19/jersey-servlet-1.19.jar:/home/user/.m2/repository/com/sun/jersey/jersey-json/1.19/jersey-json-1.19.jar:/home/user/.m2/repository/org/codehaus/jettison/jettison/1.1/jettison-1.1.jar:/home/user/.m2/repository/org/codehaus/jackson/jackson-core-asl/1.9.13/jackson-core-asl-1.9.13.jar:/home/user/.m2/repository/org/codehaus/jackson/jackson-mapper-asl/1.9.13/jackson-mapper-asl-1.9.13.jar:/home/user/.m2/repository/org/codehaus/jackson/jackson-jaxrs/1.9.13/jackson-jaxrs-1.9.13.jar:/home/user/.m2/repository/org/codehaus/jackson/jackson-xc/1.9.13/jackson-xc-1.9.13.jar:/home/user/.m2/repository/commons-logging/commons-logging/1.1.3/commons-logging-1.1.3.jar:/home/user/.m2/repository/commons-beanutils/commons-beanutils/1.9.4/commons-beanutils-1.9.4.jar:/home/user/.m2/repository/org/apache/commons/commons-configuration2/2.1.1/commons-configuration2-2.1.1.jar:/home/user/.m2/repository/org/apache/commons/commons-lang3/3.7/commons-lang3-3.7.jar:/home/user/.m2/repository/org/apache/commons/commons-text/1.4/commons-text-1.4.jar:/home/user/.m2/repository/org/apache/avro/avro/1.7.7/avro-1.7.7.jar:/home/user/.m2/repository/com/thoughtworks/paranamer/paranamer/2.3/paranamer-2.3.jar:/home/user/.m2/repository/org/xerial/snappy/snappy-java/1.0.5/snappy-java-1.0.5.jar:/home/user/.m2/repository/com/google/re2j/re2j/1.1/re2j-1.1.jar:/home/user/.m2/repository/com/google/code/gson/gson/2.2.4/gson-2.2.4.jar:/home/user/.m2/repository/com/jcraft/jsch/0.1.54/jsch-0.1.54.jar:/home/user/.m2/repository/org/apache/curator/curator-client/2.12.0/curator-client-2.12.0.jar:/home/user/.m2/repository/org/apache/curator/curator-recipes/2.12.0/curator-recipes-2.12.0.jar:/home/user/.m2/repository/com/google/code/findbugs/jsr305/3.0.0/jsr305-3.0.0.jar:/home/user/.m2/repository/org/apache/htrace/htrace-core4/4.1.0-incubating/htrace-core4-4.1.0-incubating.jar:/home/user/.m2/repository/org/apache/zookeeper/zookeeper/3.4.13/zookeeper-3.4.13.jar:/home/user/.m2/repository/jline/jline/0.9.94/jline-0.9.94.jar:/home/user/.m2/repository/org/apache/yetus/audience-annotations/0.5.0/audience-annotations-0.5.0.jar:/home/user/.m2/repository/org/codehaus/woodstox/stax2-api/3.1.4/stax2-api-3.1.4.jar:/home/user/.m2/repository/com/fasterxml/woodstox/woodstox-core/5.0.3/woodstox-core-5.0.3.jar:/home/user/.m2/repository/dnsjava/dnsjava/2.1.7/dnsjava-2.1.7.jar:/home/user/.m2/repository/org/apache/hadoop/hadoop-hdfs/3.2.0/hadoop-hdfs-3.2.0-tests.jar:/home/user/.m2/repository/org/eclipse/jetty/jetty-util-ajax/9.3.25.v20180904/jetty-util-ajax-9.3.25.v20180904.jar:/home/user/.m2/repository/commons-daemon/commons-daemon/1.0.13/commons-daemon-1.0.13.jar:/home/user/.m2/repository/io/netty/netty/3.10.5.Final/netty-3.10.5.Final.jar:/home/user/.m2/repository/io/netty/netty-all/4.0.52.Final/netty-all-4.0.52.Final.jar:/home/user/.m2/repository/org/fusesource/leveldbjni/leveldbjni-all/1.8/leveldbjni-all-1.8.jar:"/>
    <property name="java.vm.vendor" value="Oracle Corporation"/>
    <property name="sun.arch.data.model" value="64"/>
    <property name="test.build.dir" value="/workdir/hadoop-ozone/integration-test/target/test-dir"/>
    <property name="test.cache.data" value=""/>
    <property name="java.vendor.url" value="http://java.oracle.com/"/>
    <property name="user.timezone" value=""/>
    <property name="java.vm.specification.version" value="1.8"/>
    <property name="os.name" value="Linux"/>
    <property name="test.build.data" value="/workdir/hadoop-ozone/integration-test/target/test-dir"/>
    <property name="user.country" value="US"/>
    <property name="sun.java.launcher" value="SUN_STANDARD"/>
    <property name="sun.boot.library.path" value="/usr/lib/jvm/java-1.8.0-openjdk-1.8.0.222.b10-1.el7_7.x86_64/jre/lib/amd64"/>
    <property name="sun.java.command" value="/workdir/hadoop-ozone/integration-test/target/surefire/surefirebooter7485826922878296721.jar /workdir/hadoop-ozone/integration-test/target/surefire 2019-10-18T06-32-41_699-jvmRun1 surefire1888708513633344210tmp surefire_307055056391420945297tmp"/>
    <property name="surefire.test.class.path" value="/workdir/hadoop-ozone/integration-test/target/test-classes:/workdir/hadoop-ozone/integration-test/target/classes:/home/user/.m2/repository/org/apache/hadoop/hadoop-ozone-common/0.5.0-SNAPSHOT/hadoop-ozone-common-0.5.0-SNAPSHOT.jar:/home/user/.m2/repository/org/apache/commons/commons-compress/1.4.1/commons-compress-1.4.1.jar:/home/user/.m2/repository/org/tukaani/xz/1.0/xz-1.0.jar:/home/user/.m2/repository/org/apache/hadoop/hadoop-common/3.2.0/hadoop-common-3.2.0.jar:/home/user/.m2/repository/org/apache/hadoop/hadoop-hdfs/3.2.0/hadoop-hdfs-3.2.0.jar:/home/user/.m2/repository/org/apache/hadoop/hadoop-hdfs-client/3.2.0/hadoop-hdfs-client-3.2.0.jar:/home/user/.m2/repository/com/fasterxml/jackson/core/jackson-annotations/2.9.9/jackson-annotations-2.9.9.jar:/home/user/.m2/repository/org/apache/hadoop/hadoop-hdds-common/0.5.0-SNAPSHOT/hadoop-hdds-common-0.5.0-SNAPSHOT.jar:/home/user/.m2/repository/javax/annotation/javax.annotation-api/1.2/javax.annotation-api-1.2.jar:/home/user/.m2/repository/org/apache/ratis/ratis-server/0.5.0-3f446aa-SNAPSHOT/ratis-server-0.5.0-3f446aa-SNAPSHOT.jar:/home/user/.m2/repository/org/apache/ratis/ratis-thirdparty-misc/0.2.0/ratis-thirdparty-misc-0.2.0.jar:/home/user/.m2/repository/org/apache/ratis/ratis-proto/0.5.0-3f446aa-SNAPSHOT/ratis-proto-0.5.0-3f446aa-SNAPSHOT.jar:/home/user/.m2/repository/org/apache/ratis/ratis-common/0.5.0-3f446aa-SNAPSHOT/ratis-common-0.5.0-3f446aa-SNAPSHOT.jar:/home/user/.m2/repository/org/apache/ratis/ratis-client/0.5.0-3f446aa-SNAPSHOT/ratis-client-0.5.0-3f446aa-SNAPSHOT.jar:/home/user/.m2/repository/org/apache/ratis/ratis-metrics/0.5.0-3f446aa-SNAPSHOT/ratis-metrics-0.5.0-3f446aa-SNAPSHOT.jar:/home/user/.m2/repository/com/github/joshelser/dropwizard-metrics-hadoop-metrics2-reporter/0.1.2/dropwizard-metrics-hadoop-metrics2-reporter-0.1.2.jar:/home/user/.m2/repository/io/dropwizard/metrics/metrics-jvm/3.2.5/metrics-jvm-3.2.5.jar:/home/user/.m2/repository/io/dropwizard/metrics/metrics-ganglia/3.2.5/metrics-ganglia-3.2.5.jar:/home/user/.m2/repository/info/ganglia/gmetric4j/gmetric4j/1.0.7/gmetric4j-1.0.7.jar:/home/user/.m2/repository/org/apache/ratis/ratis-netty/0.5.0-3f446aa-SNAPSHOT/ratis-netty-0.5.0-3f446aa-SNAPSHOT.jar:/home/user/.m2/repository/org/apache/ratis/ratis-grpc/0.5.0-3f446aa-SNAPSHOT/ratis-grpc-0.5.0-3f446aa-SNAPSHOT.jar:/home/user/.m2/repository/org/rocksdb/rocksdbjni/6.0.1/rocksdbjni-6.0.1.jar:/home/user/.m2/repository/org/apache/logging/log4j/log4j-api/2.11.0/log4j-api-2.11.0.jar:/home/user/.m2/repository/org/apache/logging/log4j/log4j-core/2.11.0/log4j-core-2.11.0.jar:/home/user/.m2/repository/com/lmax/disruptor/3.4.2/disruptor-3.4.2.jar:/home/user/.m2/repository/org/apache/commons/commons-pool2/2.6.0/commons-pool2-2.6.0.jar:/home/user/.m2/repository/org/bouncycastle/bcpkix-jdk15on/1.60/bcpkix-jdk15on-1.60.jar:/home/user/.m2/repository/commons-validator/commons-validator/1.6/commons-validator-1.6.jar:/home/user/.m2/repository/commons-digester/commons-digester/1.8.1/commons-digester-1.8.1.jar:/home/user/.m2/repository/io/jaegertracing/jaeger-client/0.34.0/jaeger-client-0.34.0.jar:/home/user/.m2/repository/io/jaegertracing/jaeger-thrift/0.34.0/jaeger-thrift-0.34.0.jar:/home/user/.m2/repository/org/apache/thrift/libthrift/0.12.0/libthrift-0.12.0.jar:/home/user/.m2/repository/com/squareup/okhttp3/okhttp/3.9.0/okhttp-3.9.0.jar:/home/user/.m2/repository/com/squareup/okio/okio/1.13.0/okio-1.13.0.jar:/home/user/.m2/repository/io/jaegertracing/jaeger-core/0.34.0/jaeger-core-0.34.0.jar:/home/user/.m2/repository/io/jaegertracing/jaeger-tracerresolver/0.34.0/jaeger-tracerresolver-0.34.0.jar:/home/user/.m2/repository/io/opentracing/contrib/opentracing-tracerresolver/0.1.5/opentracing-tracerresolver-0.1.5.jar:/home/user/.m2/repository/io/opentracing/opentracing-util/0.31.0/opentracing-util-0.31.0.jar:/home/user/.m2/repository/io/opentracing/opentracing-api/0.31.0/opentracing-api-0.31.0.jar:/home/user/.m2/repository/io/opentracing/opentracing-noop/0.31.0/opentracing-noop-0.31.0.jar:/home/user/.m2/repository/org/apache/hadoop/hadoop-hdds-server-framework/0.5.0-SNAPSHOT/hadoop-hdds-server-framework-0.5.0-SNAPSHOT.jar:/home/user/.m2/repository/org/apache/hadoop/hadoop-hdds-container-service/0.5.0-SNAPSHOT/hadoop-hdds-container-service-0.5.0-SNAPSHOT.jar:/home/user/.m2/repository/org/apache/hadoop/hadoop-hdds-client/0.5.0-SNAPSHOT/hadoop-hdds-client-0.5.0-SNAPSHOT.jar:/home/user/.m2/repository/org/apache/hadoop/hadoop-hdds-tools/0.5.0-SNAPSHOT/hadoop-hdds-tools-0.5.0-SNAPSHOT.jar:/home/user/.m2/repository/org/apache/hadoop/hadoop-hdds-server-scm/0.5.0-SNAPSHOT/hadoop-hdds-server-scm-0.5.0-SNAPSHOT.jar:/home/user/.m2/repository/org/apache/hadoop/hadoop-hdds-docs/0.5.0-SNAPSHOT/hadoop-hdds-docs-0.5.0-SNAPSHOT.jar:/home/user/.m2/repository/io/dropwizard/metrics/metrics-core/3.2.4/metrics-core-3.2.4.jar:/home/user/.m2/repository/org/hamcrest/hamcrest-all/1.3/hamcrest-all-1.3.jar:/home/user/.m2/repository/org/bouncycastle/bcprov-jdk15on/1.60/bcprov-jdk15on-1.60.jar:/home/user/.m2/repository/info/picocli/picocli/3.9.6/picocli-3.9.6.jar:/home/user/.m2/repository/com/google/protobuf/protobuf-java/2.5.0/protobuf-java-2.5.0.jar:/home/user/.m2/repository/com/google/guava/guava/11.0.2/guava-11.0.2.jar:/home/user/.m2/repository/org/apache/hadoop/hadoop-ozone-ozone-manager/0.5.0-SNAPSHOT/hadoop-ozone-ozone-manager-0.5.0-SNAPSHOT.jar:/home/user/.m2/repository/org/apache/hadoop/hadoop-minikdc/3.2.0/hadoop-minikdc-3.2.0.jar:/home/user/.m2/repository/commons-io/commons-io/2.5/commons-io-2.5.jar:/home/user/.m2/repository/org/apache/kerby/kerb-simplekdc/1.0.1/kerb-simplekdc-1.0.1.jar:/home/user/.m2/repository/org/apache/kerby/kerb-client/1.0.1/kerb-client-1.0.1.jar:/home/user/.m2/repository/org/apache/kerby/kerby-config/1.0.1/kerby-config-1.0.1.jar:/home/user/.m2/repository/org/apache/kerby/kerb-core/1.0.1/kerb-core-1.0.1.jar:/home/user/.m2/repository/org/apache/kerby/kerby-pkix/1.0.1/kerby-pkix-1.0.1.jar:/home/user/.m2/repository/org/apache/kerby/kerby-asn1/1.0.1/kerby-asn1-1.0.1.jar:/home/user/.m2/repository/org/apache/kerby/kerby-util/1.0.1/kerby-util-1.0.1.jar:/home/user/.m2/repository/org/apache/kerby/kerb-common/1.0.1/kerb-common-1.0.1.jar:/home/user/.m2/repository/org/apache/kerby/kerb-crypto/1.0.1/kerb-crypto-1.0.1.jar:/home/user/.m2/repository/org/apache/kerby/kerb-util/1.0.1/kerb-util-1.0.1.jar:/home/user/.m2/repository/org/apache/kerby/token-provider/1.0.1/token-provider-1.0.1.jar:/home/user/.m2/repository/org/apache/kerby/kerb-admin/1.0.1/kerb-admin-1.0.1.jar:/home/user/.m2/repository/org/apache/kerby/kerb-server/1.0.1/kerb-server-1.0.1.jar:/home/user/.m2/repository/org/apache/kerby/kerb-identity/1.0.1/kerb-identity-1.0.1.jar:/home/user/.m2/repository/org/apache/kerby/kerby-xdr/1.0.1/kerby-xdr-1.0.1.jar:/home/user/.m2/repository/org/slf4j/slf4j-log4j12/1.7.25/slf4j-log4j12-1.7.25.jar:/home/user/.m2/repository/org/apache/hadoop/hadoop-ozone-s3gateway/0.5.0-SNAPSHOT/hadoop-ozone-s3gateway-0.5.0-SNAPSHOT.jar:/home/user/.m2/repository/org/jboss/weld/servlet/weld-servlet/2.4.7.Final/weld-servlet-2.4.7.Final.jar:/home/user/.m2/repository/org/glassfish/jersey/containers/jersey-container-servlet-core/2.27/jersey-container-servlet-core-2.27.jar:/home/user/.m2/repository/org/glassfish/hk2/external/javax.inject/2.5.0-b42/javax.inject-2.5.0-b42.jar:/home/user/.m2/repository/org/glassfish/jersey/core/jersey-common/2.27/jersey-common-2.27.jar:/home/user/.m2/repository/org/glassfish/hk2/osgi-resource-locator/1.0.1/osgi-resource-locator-1.0.1.jar:/home/user/.m2/repository/javax/ws/rs/javax.ws.rs-api/2.1/javax.ws.rs-api-2.1.jar:/home/user/.m2/repository/org/glassfish/jersey/ext/cdi/jersey-cdi1x/2.27/jersey-cdi1x-2.27.jar:/home/user/.m2/repository/org/glassfish/jersey/inject/jersey-hk2/2.27/jersey-hk2-2.27.jar:/home/user/.m2/repository/org/glassfish/hk2/hk2-locator/2.5.0-b42/hk2-locator-2.5.0-b42.jar:/home/user/.m2/repository/org/javassist/javassist/3.22.0-CR2/javassist-3.22.0-CR2.jar:/home/user/.m2/repository/org/glassfish/hk2/hk2-api/2.5.0/hk2-api-2.5.0.jar:/home/user/.m2/repository/org/glassfish/hk2/external/jakarta.inject/2.5.0/jakarta.inject-2.5.0.jar:/home/user/.m2/repository/org/glassfish/hk2/hk2-utils/2.5.0/hk2-utils-2.5.0.jar:/home/user/.m2/repository/jakarta/annotation/jakarta.annotation-api/1.3.4/jakarta.annotation-api-1.3.4.jar:/home/user/.m2/repository/org/glassfish/hk2/external/aopalliance-repackaged/2.5.0/aopalliance-repackaged-2.5.0.jar:/home/user/.m2/repository/com/fasterxml/jackson/dataformat/jackson-dataformat-xml/2.9.0/jackson-dataformat-xml-2.9.0.jar:/home/user/.m2/repository/com/fasterxml/jackson/core/jackson-core/2.9.9/jackson-core-2.9.9.jar:/home/user/.m2/repository/com/fasterxml/jackson/module/jackson-module-jaxb-annotations/2.9.9/jackson-module-jaxb-annotations-2.9.9.jar:/home/user/.m2/repository/javax/enterprise/cdi-api/1.2/cdi-api-1.2.jar:/home/user/.m2/repository/javax/el/javax.el-api/3.0.0/javax.el-api-3.0.0.jar:/home/user/.m2/repository/javax/interceptor/javax.interceptor-api/1.2/javax.interceptor-api-1.2.jar:/home/user/.m2/repository/javax/inject/javax.inject/1/javax.inject-1.jar:/home/user/.m2/repository/com/sun/xml/bind/jaxb-impl/2.3.0.1/jaxb-impl-2.3.0.1.jar:/home/user/.m2/repository/com/sun/xml/bind/jaxb-core/2.3.0.1/jaxb-core-2.3.0.1.jar:/home/user/.m2/repository/javax/xml/bind/jaxb-api/2.3.0/jaxb-api-2.3.0.jar:/home/user/.m2/repository/javax/activation/activation/1.1.1/activation-1.1.1.jar:/home/user/.m2/repository/org/apache/hadoop/hadoop-ozone-csi/0.5.0-SNAPSHOT/hadoop-ozone-csi-0.5.0-SNAPSHOT.jar:/home/user/.m2/repository/com/google/protobuf/protobuf-java-util/3.5.1/protobuf-java-util-3.5.1.jar:/home/user/.m2/repository/org/apache/hadoop/hadoop-hdds-config/0.5.0-SNAPSHOT/hadoop-hdds-config-0.5.0-SNAPSHOT.jar:/home/user/.m2/repository/io/grpc/grpc-netty/1.17.1/grpc-netty-1.17.1.jar:/home/user/.m2/repository/io/grpc/grpc-core/1.17.1/grpc-core-1.17.1.jar:/home/user/.m2/repository/io/grpc/grpc-context/1.17.1/grpc-context-1.17.1.jar:/home/user/.m2/repository/com/google/errorprone/error_prone_annotations/2.2.0/error_prone_annotations-2.2.0.jar:/home/user/.m2/repository/org/codehaus/mojo/animal-sniffer-annotations/1.17/animal-sniffer-annotations-1.17.jar:/home/user/.m2/repository/io/opencensus/opencensus-api/0.17.0/opencensus-api-0.17.0.jar:/home/user/.m2/repository/io/opencensus/opencensus-contrib-grpc-metrics/0.17.0/opencensus-contrib-grpc-metrics-0.17.0.jar:/home/user/.m2/repository/io/netty/netty-codec-http2/4.1.30.Final/netty-codec-http2-4.1.30.Final.jar:/home/user/.m2/repository/io/netty/netty-codec-http/4.1.30.Final/netty-codec-http-4.1.30.Final.jar:/home/user/.m2/repository/io/netty/netty-codec/4.1.30.Final/netty-codec-4.1.30.Final.jar:/home/user/.m2/repository/io/netty/netty-handler/4.1.30.Final/netty-handler-4.1.30.Final.jar:/home/user/.m2/repository/io/netty/netty-handler-proxy/4.1.30.Final/netty-handler-proxy-4.1.30.Final.jar:/home/user/.m2/repository/io/netty/netty-codec-socks/4.1.30.Final/netty-codec-socks-4.1.30.Final.jar:/home/user/.m2/repository/io/netty/netty-transport-native-epoll/4.1.30.Final/netty-transport-native-epoll-4.1.30.Final.jar:/home/user/.m2/repository/io/netty/netty-common/4.1.30.Final/netty-common-4.1.30.Final.jar:/home/user/.m2/repository/io/netty/netty-buffer/4.1.30.Final/netty-buffer-4.1.30.Final.jar:/home/user/.m2/repository/io/netty/netty-transport/4.1.30.Final/netty-transport-4.1.30.Final.jar:/home/user/.m2/repository/io/netty/netty-resolver/4.1.30.Final/netty-resolver-4.1.30.Final.jar:/home/user/.m2/repository/io/netty/netty-transport-native-unix-common/4.1.30.Final/netty-transport-native-unix-common-4.1.30.Final.jar:/home/user/.m2/repository/io/grpc/grpc-protobuf/1.17.1/grpc-protobuf-1.17.1.jar:/home/user/.m2/repository/com/google/api/grpc/proto-google-common-protos/1.0.0/proto-google-common-protos-1.0.0.jar:/home/user/.m2/repository/io/grpc/grpc-protobuf-lite/1.17.1/grpc-protobuf-lite-1.17.1.jar:/home/user/.m2/repository/io/grpc/grpc-stub/1.17.1/grpc-stub-1.17.1.jar:/home/user/.m2/repository/org/apache/hadoop/hadoop-ozone-recon/0.5.0-SNAPSHOT/hadoop-ozone-recon-0.5.0-SNAPSHOT.jar:/home/user/.m2/repository/org/apache/hadoop/hadoop-ozone-reconcodegen/0.5.0-SNAPSHOT/hadoop-ozone-reconcodegen-0.5.0-SNAPSHOT.jar:/home/user/.m2/repository/com/google/inject/extensions/guice-multibindings/4.0/guice-multibindings-4.0.jar:/home/user/.m2/repository/com/google/inject/guice/4.0/guice-4.0.jar:/home/user/.m2/repository/aopalliance/aopalliance/1.0/aopalliance-1.0.jar:/home/user/.m2/repository/com/google/inject/extensions/guice-servlet/4.0/guice-servlet-4.0.jar:/home/user/.m2/repository/org/glassfish/jersey/containers/jersey-container-servlet/2.27/jersey-container-servlet-2.27.jar:/home/user/.m2/repository/org/glassfish/hk2/guice-bridge/2.5.0/guice-bridge-2.5.0.jar:/home/user/.m2/repository/org/glassfish/jersey/core/jersey-server/2.27/jersey-server-2.27.jar:/home/user/.m2/repository/org/glassfish/jersey/core/jersey-client/2.27/jersey-client-2.27.jar:/home/user/.m2/repository/org/glassfish/jersey/media/jersey-media-jaxb/2.27/jersey-media-jaxb-2.27.jar:/home/user/.m2/repository/javax/validation/validation-api/1.1.0.Final/validation-api-1.1.0.Final.jar:/home/user/.m2/repository/org/glassfish/jersey/media/jersey-media-json-jackson/2.27/jersey-media-json-jackson-2.27.jar:/home/user/.m2/repository/org/glassfish/jersey/ext/jersey-entity-filtering/2.27/jersey-entity-filtering-2.27.jar:/home/user/.m2/repository/com/google/inject/extensions/guice-assistedinject/4.0/guice-assistedinject-4.0.jar:/home/user/.m2/repository/org/jooq/jooq/3.11.10/jooq-3.11.10.jar:/home/user/.m2/repository/org/jooq/jooq-meta/3.11.10/jooq-meta-3.11.10.jar:/home/user/.m2/repository/org/jooq/jooq-codegen/3.11.10/jooq-codegen-3.11.10.jar:/home/user/.m2/repository/com/jolbox/bonecp/0.8.0.RELEASE/bonecp-0.8.0.RELEASE.jar:/home/user/.m2/repository/org/xerial/sqlite-jdbc/3.25.2/sqlite-jdbc-3.25.2.jar:/home/user/.m2/repository/org/springframework/spring-jdbc/5.1.3.RELEASE/spring-jdbc-5.1.3.RELEASE.jar:/home/user/.m2/repository/org/springframework/spring-beans/5.1.3.RELEASE/spring-beans-5.1.3.RELEASE.jar:/home/user/.m2/repository/org/springframework/spring-core/5.1.3.RELEASE/spring-core-5.1.3.RELEASE.jar:/home/user/.m2/repository/org/springframework/spring-jcl/5.1.3.RELEASE/spring-jcl-5.1.3.RELEASE.jar:/home/user/.m2/repository/org/springframework/spring-tx/5.1.3.RELEASE/spring-tx-5.1.3.RELEASE.jar:/home/user/.m2/repository/org/apache/hadoop/hadoop-ozone-client/0.5.0-SNAPSHOT/hadoop-ozone-client-0.5.0-SNAPSHOT.jar:/home/user/.m2/repository/commons-lang/commons-lang/2.6/commons-lang-2.6.jar:/home/user/.m2/repository/org/apache/hadoop/hadoop-ozone-ozone-manager/0.5.0-SNAPSHOT/hadoop-ozone-ozone-manager-0.5.0-SNAPSHOT-tests.jar:/home/user/.m2/repository/junit/junit/4.11/junit-4.11.jar:/home/user/.m2/repository/org/hamcrest/hamcrest-core/1.3/hamcrest-core-1.3.jar:/home/user/.m2/repository/org/openjdk/jmh/jmh-core/1.19/jmh-core-1.19.jar:/home/user/.m2/repository/net/sf/jopt-simple/jopt-simple/4.6/jopt-simple-4.6.jar:/home/user/.m2/repository/org/apache/commons/commons-math3/3.1.1/commons-math3-3.1.1.jar:/home/user/.m2/repository/org/openjdk/jmh/jmh-generator-annprocess/1.19/jmh-generator-annprocess-1.19.jar:/home/user/.m2/repository/org/mockito/mockito-all/1.8.5/mockito-all-1.8.5.jar:/home/user/.m2/repository/org/apache/hadoop/hadoop-kms/3.2.0/hadoop-kms-3.2.0.jar:/home/user/.m2/repository/org/apache/hadoop/hadoop-auth/3.2.0/hadoop-auth-3.2.0.jar:/home/user/.m2/repository/com/nimbusds/nimbus-jose-jwt/4.41.1/nimbus-jose-jwt-4.41.1.jar:/home/user/.m2/repository/com/github/stephenc/jcip/jcip-annotations/1.0-1/jcip-annotations-1.0-1.jar:/home/user/.m2/repository/net/minidev/json-smart/2.3/json-smart-2.3.jar:/home/user/.m2/repository/net/minidev/accessors-smart/1.2/accessors-smart-1.2.jar:/home/user/.m2/repository/org/ow2/asm/asm/5.0.4/asm-5.0.4.jar:/home/user/.m2/repository/org/apache/curator/curator-framework/2.12.0/curator-framework-2.12.0.jar:/home/user/.m2/repository/com/sun/jersey/jersey-core/1.19/jersey-core-1.19.jar:/home/user/.m2/repository/javax/ws/rs/jsr311-api/1.1.1/jsr311-api-1.1.1.jar:/home/user/.m2/repository/com/sun/jersey/jersey-server/1.19/jersey-server-1.19.jar:/home/user/.m2/repository/javax/servlet/javax.servlet-api/3.1.0/javax.servlet-api-3.1.0.jar:/home/user/.m2/repository/org/eclipse/jetty/jetty-server/9.3.25.v20180904/jetty-server-9.3.25.v20180904.jar:/home/user/.m2/repository/org/eclipse/jetty/jetty-http/9.3.25.v20180904/jetty-http-9.3.25.v20180904.jar:/home/user/.m2/repository/org/eclipse/jetty/jetty-io/9.3.25.v20180904/jetty-io-9.3.25.v20180904.jar:/home/user/.m2/repository/org/eclipse/jetty/jetty-webapp/9.3.25.v20180904/jetty-webapp-9.3.25.v20180904.jar:/home/user/.m2/repository/org/eclipse/jetty/jetty-xml/9.3.25.v20180904/jetty-xml-9.3.25.v20180904.jar:/home/user/.m2/repository/log4j/log4j/1.2.17/log4j-1.2.17.jar:/home/user/.m2/repository/org/slf4j/slf4j-api/1.7.25/slf4j-api-1.7.25.jar:/home/user/.m2/repository/org/slf4j/jul-to-slf4j/1.7.25/jul-to-slf4j-1.7.25.jar:/home/user/.m2/repository/org/eclipse/jetty/jetty-util/9.3.25.v20180904/jetty-util-9.3.25.v20180904.jar:/home/user/.m2/repository/com/fasterxml/jackson/core/jackson-databind/2.9.9/jackson-databind-2.9.9.jar:/home/user/.m2/repository/org/apache/hadoop/hadoop-kms/3.2.0/hadoop-kms-3.2.0-tests.jar:/home/user/.m2/repository/org/apache/hadoop/hadoop-hdds-server-scm/0.5.0-SNAPSHOT/hadoop-hdds-server-scm-0.5.0-SNAPSHOT-tests.jar:/home/user/.m2/repository/org/apache/hadoop/hadoop-hdds-container-service/0.5.0-SNAPSHOT/hadoop-hdds-container-service-0.5.0-SNAPSHOT-tests.jar:/home/user/.m2/repository/org/yaml/snakeyaml/1.16/snakeyaml-1.16.jar:/home/user/.m2/repository/org/apache/hadoop/hadoop-common/3.2.0/hadoop-common-3.2.0-tests.jar:/home/user/.m2/repository/org/apache/hadoop/hadoop-annotations/3.2.0/hadoop-annotations-3.2.0.jar:/usr/lib/jvm/java-1.8.0-openjdk-1.8.0.222.b10-1.el7_7.x86_64/jre/../lib/tools.jar:/home/user/.m2/repository/commons-cli/commons-cli/1.2/commons-cli-1.2.jar:/home/user/.m2/repository/org/apache/httpcomponents/httpclient/4.5.2/httpclient-4.5.2.jar:/home/user/.m2/repository/org/apache/httpcomponents/httpcore/4.4.4/httpcore-4.4.4.jar:/home/user/.m2/repository/commons-codec/commons-codec/1.11/commons-codec-1.11.jar:/home/user/.m2/repository/commons-net/commons-net/3.6/commons-net-3.6.jar:/home/user/.m2/repository/commons-collections/commons-collections/3.2.2/commons-collections-3.2.2.jar:/home/user/.m2/repository/org/eclipse/jetty/jetty-servlet/9.3.25.v20180904/jetty-servlet-9.3.25.v20180904.jar:/home/user/.m2/repository/org/eclipse/jetty/jetty-security/9.3.25.v20180904/jetty-security-9.3.25.v20180904.jar:/home/user/.m2/repository/javax/servlet/jsp/jsp-api/2.1/jsp-api-2.1.jar:/home/user/.m2/repository/com/sun/jersey/jersey-servlet/1.19/jersey-servlet-1.19.jar:/home/user/.m2/repository/com/sun/jersey/jersey-json/1.19/jersey-json-1.19.jar:/home/user/.m2/repository/org/codehaus/jettison/jettison/1.1/jettison-1.1.jar:/home/user/.m2/repository/org/codehaus/jackson/jackson-core-asl/1.9.13/jackson-core-asl-1.9.13.jar:/home/user/.m2/repository/org/codehaus/jackson/jackson-mapper-asl/1.9.13/jackson-mapper-asl-1.9.13.jar:/home/user/.m2/repository/org/codehaus/jackson/jackson-jaxrs/1.9.13/jackson-jaxrs-1.9.13.jar:/home/user/.m2/repository/org/codehaus/jackson/jackson-xc/1.9.13/jackson-xc-1.9.13.jar:/home/user/.m2/repository/commons-logging/commons-logging/1.1.3/commons-logging-1.1.3.jar:/home/user/.m2/repository/commons-beanutils/commons-beanutils/1.9.4/commons-beanutils-1.9.4.jar:/home/user/.m2/repository/org/apache/commons/commons-configuration2/2.1.1/commons-configuration2-2.1.1.jar:/home/user/.m2/repository/org/apache/commons/commons-lang3/3.7/commons-lang3-3.7.jar:/home/user/.m2/repository/org/apache/commons/commons-text/1.4/commons-text-1.4.jar:/home/user/.m2/repository/org/apache/avro/avro/1.7.7/avro-1.7.7.jar:/home/user/.m2/repository/com/thoughtworks/paranamer/paranamer/2.3/paranamer-2.3.jar:/home/user/.m2/repository/org/xerial/snappy/snappy-java/1.0.5/snappy-java-1.0.5.jar:/home/user/.m2/repository/com/google/re2j/re2j/1.1/re2j-1.1.jar:/home/user/.m2/repository/com/google/code/gson/gson/2.2.4/gson-2.2.4.jar:/home/user/.m2/repository/com/jcraft/jsch/0.1.54/jsch-0.1.54.jar:/home/user/.m2/repository/org/apache/curator/curator-client/2.12.0/curator-client-2.12.0.jar:/home/user/.m2/repository/org/apache/curator/curator-recipes/2.12.0/curator-recipes-2.12.0.jar:/home/user/.m2/repository/com/google/code/findbugs/jsr305/3.0.0/jsr305-3.0.0.jar:/home/user/.m2/repository/org/apache/htrace/htrace-core4/4.1.0-incubating/htrace-core4-4.1.0-incubating.jar:/home/user/.m2/repository/org/apache/zookeeper/zookeeper/3.4.13/zookeeper-3.4.13.jar:/home/user/.m2/repository/jline/jline/0.9.94/jline-0.9.94.jar:/home/user/.m2/repository/org/apache/yetus/audience-annotations/0.5.0/audience-annotations-0.5.0.jar:/home/user/.m2/repository/org/codehaus/woodstox/stax2-api/3.1.4/stax2-api-3.1.4.jar:/home/user/.m2/repository/com/fasterxml/woodstox/woodstox-core/5.0.3/woodstox-core-5.0.3.jar:/home/user/.m2/repository/dnsjava/dnsjava/2.1.7/dnsjava-2.1.7.jar:/home/user/.m2/repository/org/apache/hadoop/hadoop-hdfs/3.2.0/hadoop-hdfs-3.2.0-tests.jar:/home/user/.m2/repository/org/eclipse/jetty/jetty-util-ajax/9.3.25.v20180904/jetty-util-ajax-9.3.25.v20180904.jar:/home/user/.m2/repository/commons-daemon/commons-daemon/1.0.13/commons-daemon-1.0.13.jar:/home/user/.m2/repository/io/netty/netty/3.10.5.Final/netty-3.10.5.Final.jar:/home/user/.m2/repository/io/netty/netty-all/4.0.52.Final/netty-all-4.0.52.Final.jar:/home/user/.m2/repository/org/fusesource/leveldbjni/leveldbjni-all/1.8/leveldbjni-all-1.8.jar:"/>
    <property name="sun.cpu.endian" value="little"/>
    <property name="user.home" value="/home/user"/>
    <property name="user.language" value="en"/>
    <property name="java.specification.vendor" value="Oracle Corporation"/>
    <property name="java.home" value="/usr/lib/jvm/java-1.8.0-openjdk-1.8.0.222.b10-1.el7_7.x86_64/jre"/>
    <property name="surefire.excludesFile" value="/tools/ozone-bad-unit-tests"/>
    <property name="java.security.krb5.conf" value="/workdir/hadoop-ozone/integration-test/target/test-classes/krb5.conf"/>
    <property name="basedir" value="/workdir/hadoop-ozone/integration-test"/>
    <property name="file.separator" value="/"/>
    <property name="line.separator" value="&#10;"/>
    <property name="java.vm.specification.vendor" value="Oracle Corporation"/>
    <property name="java.specification.name" value="Java Platform API Specification"/>
    <property name="java.awt.graphicsenv" value="sun.awt.X11GraphicsEnvironment"/>
    <property name="surefire.real.class.path" value="/workdir/hadoop-ozone/integration-test/target/surefire/surefirebooter7485826922878296721.jar"/>
    <property name="hadoop.log.dir" value="/workdir/hadoop-ozone/integration-test/target/log"/>
    <property name="sun.boot.class.path" value="/usr/lib/jvm/java-1.8.0-openjdk-1.8.0.222.b10-1.el7_7.x86_64/jre/lib/resources.jar:/usr/lib/jvm/java-1.8.0-openjdk-1.8.0.222.b10-1.el7_7.x86_64/jre/lib/rt.jar:/usr/lib/jvm/java-1.8.0-openjdk-1.8.0.222.b10-1.el7_7.x86_64/jre/lib/sunrsasign.jar:/usr/lib/jvm/java-1.8.0-openjdk-1.8.0.222.b10-1.el7_7.x86_64/jre/lib/jsse.jar:/usr/lib/jvm/java-1.8.0-openjdk-1.8.0.222.b10-1.el7_7.x86_64/jre/lib/jce.jar:/usr/lib/jvm/java-1.8.0-openjdk-1.8.0.222.b10-1.el7_7.x86_64/jre/lib/charsets.jar:/usr/lib/jvm/java-1.8.0-openjdk-1.8.0.222.b10-1.el7_7.x86_64/jre/lib/jfr.jar:/usr/lib/jvm/java-1.8.0-openjdk-1.8.0.222.b10-1.el7_7.x86_64/jre/classes"/>
    <property name="sun.management.compiler" value="HotSpot 64-Bit Tiered Compilers"/>
    <property name="java.runtime.version" value="1.8.0_222-b10"/>
    <property name="java.net.preferIPv4Stack" value="true"/>
    <property name="user.name" value="jenkins1000"/>
    <property name="path.separator" value=":"/>
    <property name="java.security.egd" value="file:///dev/urandom"/>
    <property name="os.version" value="3.10.0-957.12.2.el7.x86_64"/>
    <property name="java.endorsed.dirs" value="/usr/lib/jvm/java-1.8.0-openjdk-1.8.0.222.b10-1.el7_7.x86_64/jre/lib/endorsed"/>
    <property name="java.runtime.name" value="OpenJDK Runtime Environment"/>
    <property name="file.encoding" value="ANSI_X3.4-1968"/>
    <property name="java.vm.name" value="OpenJDK 64-Bit Server VM"/>
    <property name="test.build.webapps" value=""/>
    <property name="localRepository" value="/home/user/.m2/repository"/>
    <property name="java.vendor.url.bug" value="http://bugreport.sun.com/bugreport/"/>
    <property name="java.io.tmpdir" value="/tmp"/>
    <property name="require.test.libhadoop" value=""/>
    <property name="java.version" value="1.8.0_222"/>
    <property name="user.dir" value="/workdir/hadoop-ozone/integration-test"/>
    <property name="os.arch" value="amd64"/>
    <property name="java.vm.specification.name" value="Java Virtual Machine Specification"/>
    <property name="test.build.classes" value="/workdir/hadoop-ozone/integration-test/target/test-classes"/>
    <property name="java.awt.printerjob" value="sun.print.PSPrinterJob"/>
    <property name="sun.os.patch.level" value="unknown"/>
    <property name="hadoop.tmp.dir" value="/workdir/hadoop-ozone/integration-test/target/tmp"/>
    <property name="java.library.path" value="/usr/lib:/workdir/hadoop-ozone/integration-test/target/native/target/usr/local/lib:/workdir/hadoop-ozone/integration-test/../../hadoop-common-project/hadoop-common/target/native/target/usr/local/lib:/usr/java/packages/lib/amd64:/usr/lib64:/lib64:/lib:/usr/lib"/>
    <property name="java.vm.info" value="mixed mode"/>
    <property name="java.vendor" value="Oracle Corporation"/>
    <property name="java.vm.version" value="25.222-b10"/>
    <property name="java.ext.dirs" value="/usr/lib/jvm/java-1.8.0-openjdk-1.8.0.222.b10-1.el7_7.x86_64/jre/lib/ext:/usr/java/packages/lib/ext"/>
    <property name="sun.io.unicode.encoding" value="UnicodeLittle"/>
    <property name="java.class.version" value="52.0"/>
  </properties>
  <testcase name="org.apache.hadoop.ozone.client.rpc.TestBlockOutputStream" classname="org.apache.hadoop.ozone.client.rpc.TestBlockOutputStream" time="87.662">
    <error message="Timed out waiting for condition. Thread diagnostics:&#10;Timestamp: 2019-10-18 07:14:45,487&#10;&#10;&quot;f7ab671b-901b-4a48-a9a9-f6c73ab18394@group-AFD3E3A39739-SegmentedRaftLogWorker&quot;  prio=5 tid=1051 timed_waiting&#10;java.lang.Thread.State: TIMED_WAITING&#10;        at sun.misc.Unsafe.park(Native Method)&#10;        at java.util.concurrent.locks.LockSupport.parkNanos(LockSupport.java:215)&#10;        at java.util.concurrent.locks.AbstractQueuedSynchronizer$ConditionObject.awaitNanos(AbstractQueuedSynchronizer.java:2078)&#10;        at org.apache.ratis.util.DataBlockingQueue.poll(DataBlockingQueue.java:137)&#10;        at org.apache.ratis.server.raftlog.segmented.SegmentedRaftLogWorker.run(SegmentedRaftLogWorker.java:282)&#10;        at java.lang.Thread.run(Thread.java:748)&#10;&quot;pool-56-thread-35&quot;  prio=5 tid=555 in Object.wait()&#10;java.lang.Thread.State: WAITING (on object monitor)&#10;        at sun.misc.Unsafe.park(Native Method)&#10;        at java.util.concurrent.locks.LockSupport.park(LockSupport.java:175)&#10;        at java.util.concurrent.locks.AbstractQueuedSynchronizer$ConditionObject.await(AbstractQueuedSynchronizer.java:2039)&#10;        at java.util.concurrent.ArrayBlockingQueue.take(ArrayBlockingQueue.java:403)&#10;        at java.util.concurrent.ThreadPoolExecutor.getTask(ThreadPoolExecutor.java:1074)&#10;        at java.util.concurrent.ThreadPoolExecutor.runWorker(ThreadPoolExecutor.java:1134)&#10;        at java.util.concurrent.ThreadPoolExecutor$Worker.run(ThreadPoolExecutor.java:624)&#10;        at java.lang.Thread.run(Thread.java:748)&#10;&quot;pool-36-thread-57&quot;  prio=5 tid=507 in Object.wait()&#10;java.lang.Thread.State: WAITING (on object monitor)&#10;        at sun.misc.Unsafe.park(Native Method)&#10;        at java.util.concurrent.locks.LockSupport.park(LockSupport.java:175)&#10;        at java.util.concurrent.locks.AbstractQueuedSynchronizer$ConditionObject.await(AbstractQueuedSynchronizer.java:2039)&#10;        at java.util.concurrent.ArrayBlockingQueue.take(ArrayBlockingQueue.java:403)&#10;        at java.util.concurrent.ThreadPoolExecutor.getTask(ThreadPoolExecutor.java:1074)&#10;        at java.util.concurrent.ThreadPoolExecutor.runWorker(ThreadPoolExecutor.java:1134)&#10;        at java.util.concurrent.ThreadPoolExecutor$Worker.run(ThreadPoolExecutor.java:624)&#10;        at java.lang.Thread.run(Thread.java:748)&#10;&quot;IPC Server handler 9 on 44783&quot; daemon prio=5 tid=124 timed_waiting&#10;java.lang.Thread.State: TIMED_WAITING&#10;        at sun.misc.Unsafe.park(Native Method)&#10;        at java.util.concurrent.locks.LockSupport.parkNanos(LockSupport.java:215)&#10;        at java.util.concurrent.locks.AbstractQueuedSynchronizer$ConditionObject.awaitNanos(AbstractQueuedSynchronizer.java:2078)&#10;        at java.util.concurrent.LinkedBlockingQueue.poll(LinkedBlockingQueue.java:467)&#10;        at org.apache.hadoop.ipc.CallQueueManager.take(CallQueueManager.java:288)&#10;        at org.apache.hadoop.ipc.Server$Handler.run(Server.java:2668)&#10;&quot;pool-26-thread-23&quot;  prio=5 tid=403 in Object.wait()&#10;java.lang.Thread.State: WAITING (on object monitor)&#10;        at sun.misc.Unsafe.park(Native Method)&#10;        at java.util.concurrent.locks.LockSupport.park(LockSupport.java:175)&#10;        at java.util.concurrent.locks.AbstractQueuedSynchronizer$ConditionObject.await(AbstractQueuedSynchronizer.java:2039)&#10;        at java.util.concurrent.ArrayBlockingQueue.take(ArrayBlockingQueue.java:403)&#10;        at java.util.concurrent.ThreadPoolExecutor.getTask(ThreadPoolExecutor.java:1074)&#10;        at java.util.concurrent.ThreadPoolExecutor.runWorker(ThreadPoolExecutor.java:1134)&#10;        at java.util.concurrent.ThreadPoolExecutor$Worker.run(ThreadPoolExecutor.java:624)&#10;        at java.lang.Thread.run(Thread.java:748)&#10;&quot;pool-46-thread-13&quot;  prio=5 tid=384 in Object.wait()&#10;java.lang.Thread.State: WAITING (on object monitor)&#10;        at sun.misc.Unsafe.park(Native Method)&#10;        at java.util.concurrent.locks.LockSupport.park(LockSupport.java:175)&#10;        at java.util.concurrent.locks.AbstractQueuedSynchronizer$ConditionObject.await(AbstractQueuedSynchronizer.java:2039)&#10;        at java.util.concurrent.ArrayBlockingQueue.take(ArrayBlockingQueue.java:403)&#10;        at java.util.concurrent.ThreadPoolExecutor.getTask(ThreadPoolExecutor.java:1074)&#10;        at java.util.concurrent.ThreadPoolExecutor.runWorker(ThreadPoolExecutor.java:1134)&#10;        at java.util.concurrent.ThreadPoolExecutor$Worker.run(ThreadPoolExecutor.java:624)&#10;        at java.lang.Thread.run(Thread.java:748)&#10;&quot;Datanode ReportManager Thread - 2&quot; daemon prio=5 tid=254 timed_waiting&#10;java.lang.Thread.State: TIMED_WAITING&#10;        at sun.misc.Unsafe.park(Native Method)&#10;        at java.util.concurrent.locks.LockSupport.parkNanos(LockSupport.java:215)&#10;        at java.util.concurrent.locks.AbstractQueuedSynchronizer$ConditionObject.awaitNanos(AbstractQueuedSynchronizer.java:2078)&#10;        at java.util.concurrent.ScheduledThreadPoolExecutor$DelayedWorkQueue.take(ScheduledThreadPoolExecutor.java:1093)&#10;        at java.util.concurrent.ScheduledThreadPoolExecutor$DelayedWorkQueue.take(ScheduledThreadPoolExecutor.java:809)&#10;        at java.util.concurrent.ThreadPoolExecutor.getTask(ThreadPoolExecutor.java:1074)&#10;        at java.util.concurrent.ThreadPoolExecutor.runWorker(ThreadPoolExecutor.java:1134)&#10;        at java.util.concurrent.ThreadPoolExecutor$Worker.run(ThreadPoolExecutor.java:624)&#10;        at java.lang.Thread.run(Thread.java:748)&#10;&quot;pool-66-thread-4&quot;  prio=5 tid=584 in Object.wait()&#10;java.lang.Thread.State: WAITING (on object monitor)&#10;        at sun.misc.Unsafe.park(Native Method)&#10;        at java.util.concurrent.locks.LockSupport.park(LockSupport.java:175)&#10;        at java.util.concurrent.locks.AbstractQueuedSynchronizer$ConditionObject.await(AbstractQueuedSynchronizer.java:2039)&#10;        at java.util.concurrent.ArrayBlockingQueue.take(ArrayBlockingQueue.java:403)&#10;        at java.util.concurrent.ThreadPoolExecutor.getTask(ThreadPoolExecutor.java:1074)&#10;        at java.util.concurrent.ThreadPoolExecutor.runWorker(ThreadPoolExecutor.java:1134)&#10;        at java.util.concurrent.ThreadPoolExecutor$Worker.run(ThreadPoolExecutor.java:624)&#10;        at java.lang.Thread.run(Thread.java:748)&#10;&quot;metrics-hadoop-metrics2-reporter-71-thread-1&quot; daemon prio=5 tid=1095 timed_waiting&#10;java.lang.Thread.State: TIMED_WAITING&#10;        at sun.misc.Unsafe.park(Native Method)&#10;        at java.util.concurrent.locks.LockSupport.parkNanos(LockSupport.java:215)&#10;        at java.util.concurrent.locks.AbstractQueuedSynchronizer$ConditionObject.awaitNanos(AbstractQueuedSynchronizer.java:2078)&#10;        at java.util.concurrent.ScheduledThreadPoolExecutor$DelayedWorkQueue.take(ScheduledThreadPoolExecutor.java:1093)&#10;        at java.util.concurrent.ScheduledThreadPoolExecutor$DelayedWorkQueue.take(ScheduledThreadPoolExecutor.java:809)&#10;        at java.util.concurrent.ThreadPoolExecutor.getTask(ThreadPoolExecutor.java:1074)&#10;        at java.util.concurrent.ThreadPoolExecutor.runWorker(ThreadPoolExecutor.java:1134)&#10;        at java.util.concurrent.ThreadPoolExecutor$Worker.run(ThreadPoolExecutor.java:624)&#10;        at java.lang.Thread.run(Thread.java:748)&#10;&quot;pool-66-thread-55&quot;  prio=5 tid=635 in Object.wait()&#10;java.lang.Thread.State: WAITING (on object monitor)&#10;        at sun.misc.Unsafe.park(Native Method)&#10;        at java.util.concurrent.locks.LockSupport.park(LockSupport.java:175)&#10;        at java.util.concurrent.locks.AbstractQueuedSynchronizer$ConditionObject.await(AbstractQueuedSynchronizer.java:2039)&#10;        at java.util.concurrent.ArrayBlockingQueue.take(ArrayBlockingQueue.java:403)&#10;        at java.util.concurrent.ThreadPoolExecutor.getTask(ThreadPoolExecutor.java:1074)&#10;        at java.util.concurrent.ThreadPoolExecutor.runWorker(ThreadPoolExecutor.java:1134)&#10;        at java.util.concurrent.ThreadPoolExecutor$Worker.run(ThreadPoolExecutor.java:624)&#10;        at java.lang.Thread.run(Thread.java:748)&#10;&quot;pool-66-thread-59&quot;  prio=5 tid=639 in Object.wait()&#10;java.lang.Thread.State: WAITING (on object monitor)&#10;        at sun.misc.Unsafe.park(Native Method)&#10;        at java.util.concurrent.locks.LockSupport.park(LockSupport.java:175)&#10;        at java.util.concurrent.locks.AbstractQueuedSynchronizer$ConditionObject.await(AbstractQueuedSynchronizer.java:2039)&#10;        at java.util.concurrent.ArrayBlockingQueue.take(ArrayBlockingQueue.java:403)&#10;        at java.util.concurrent.ThreadPoolExecutor.getTask(ThreadPoolExecutor.java:1074)&#10;        at java.util.concurrent.ThreadPoolExecutor.runWorker(ThreadPoolExecutor.java:1134)&#10;        at java.util.concurrent.ThreadPoolExecutor$Worker.run(ThreadPoolExecutor.java:624)&#10;        at java.lang.Thread.run(Thread.java:748)&#10;&quot;pool-46-thread-45&quot;  prio=5 tid=488 in Object.wait()&#10;java.lang.Thread.State: WAITING (on object monitor)&#10;        at sun.misc.Unsafe.park(Native Method)&#10;        at java.util.concurrent.locks.LockSupport.park(LockSupport.java:175)&#10;        at java.util.concurrent.locks.AbstractQueuedSynchronizer$ConditionObject.await(AbstractQueuedSynchronizer.java:2039)&#10;        at java.util.concurrent.ArrayBlockingQueue.take(ArrayBlockingQueue.java:403)&#10;        at java.util.concurrent.ThreadPoolExecutor.getTask(ThreadPoolExecutor.java:1074)&#10;        at java.util.concurrent.ThreadPoolExecutor.runWorker(ThreadPoolExecutor.java:1134)&#10;        at java.util.concurrent.ThreadPoolExecutor$Worker.run(ThreadPoolExecutor.java:624)&#10;        at java.lang.Thread.run(Thread.java:748)&#10;&quot;Finalizer&quot; daemon prio=8 tid=3 in Object.wait()&#10;java.lang.Thread.State: WAITING (on object monitor)&#10;        at java.lang.Object.wait(Native Method)&#10;        at java.lang.ref.ReferenceQueue.remove(ReferenceQueue.java:144)&#10;        at java.lang.ref.ReferenceQueue.remove(ReferenceQueue.java:165)&#10;        at java.lang.ref.Finalizer$FinalizerThread.run(Finalizer.java:216)&#10;&quot;metrics-hadoop-metrics2-reporter-20-thread-1&quot; daemon prio=5 tid=837 timed_waiting&#10;java.lang.Thread.State: TIMED_WAITING&#10;        at sun.misc.Unsafe.park(Native Method)&#10;        at java.util.concurrent.locks.LockSupport.parkNanos(LockSupport.java:215)&#10;        at java.util.concurrent.locks.AbstractQueuedSynchronizer$ConditionObject.awaitNanos(AbstractQueuedSynchronizer.java:2078)&#10;        at java.util.concurrent.ScheduledThreadPoolExecutor$DelayedWorkQueue.take(ScheduledThreadPoolExecutor.java:1093)&#10;        at java.util.concurrent.ScheduledThreadPoolExecutor$DelayedWorkQueue.take(ScheduledThreadPoolExecutor.java:809)&#10;        at java.util.concurrent.ThreadPoolExecutor.getTask(ThreadPoolExecutor.java:1074)&#10;        at java.util.concurrent.ThreadPoolExecutor.runWorker(ThreadPoolExecutor.java:1134)&#10;        at java.util.concurrent.ThreadPoolExecutor$Worker.run(ThreadPoolExecutor.java:624)&#10;        at java.lang.Thread.run(Thread.java:748)&#10;&quot;pool-86-thread-43&quot;  prio=5 tid=756 in Object.wait()&#10;java.lang.Thread.State: WAITING (on object monitor)&#10;        at sun.misc.Unsafe.park(Native Method)&#10;        at java.util.concurrent.locks.LockSupport.park(LockSupport.java:175)&#10;        at java.util.concurrent.locks.AbstractQueuedSynchronizer$ConditionObject.await(AbstractQueuedSynchronizer.java:2039)&#10;        at java.util.concurrent.ArrayBlockingQueue.take(ArrayBlockingQueue.java:403)&#10;        at java.util.concurrent.ThreadPoolExecutor.getTask(ThreadPoolExecutor.java:1074)&#10;        at java.util.concurrent.ThreadPoolExecutor.runWorker(ThreadPoolExecutor.java:1134)&#10;        at java.util.concurrent.ThreadPoolExecutor$Worker.run(ThreadPoolExecutor.java:624)&#10;        at java.lang.Thread.run(Thread.java:748)&#10;&quot;pool-66-thread-21&quot;  prio=5 tid=601 in Object.wait()&#10;java.lang.Thread.State: WAITING (on object monitor)&#10;        at sun.misc.Unsafe.park(Native Method)&#10;        at java.util.concurrent.locks.LockSupport.park(LockSupport.java:175)&#10;        at java.util.concurrent.locks.AbstractQueuedSynchronizer$ConditionObject.await(AbstractQueuedSynchronizer.java:2039)&#10;        at java.util.concurrent.ArrayBlockingQueue.take(ArrayBlockingQueue.java:403)&#10;        at java.util.concurrent.ThreadPoolExecutor.getTask(ThreadPoolExecutor.java:1074)&#10;        at java.util.concurrent.ThreadPoolExecutor.runWorker(ThreadPoolExecutor.java:1134)&#10;        at java.util.concurrent.ThreadPoolExecutor$Worker.run(ThreadPoolExecutor.java:624)&#10;        at java.lang.Thread.run(Thread.java:748)&#10;&quot;IPC Server listener on 45290&quot; daemon prio=5 tid=18 runnable&#10;java.lang.Thread.State: RUNNABLE&#10;        at sun.nio.ch.EPollArrayWrapper.epollWait(Native Method)&#10;        at sun.nio.ch.EPollArrayWrapper.poll(EPollArrayWrapper.java:269)&#10;        at sun.nio.ch.EPollSelectorImpl.doSelect(EPollSelectorImpl.java:93)&#10;        at sun.nio.ch.SelectorImpl.lockAndDoSelect(SelectorImpl.java:86)&#10;        at sun.nio.ch.SelectorImpl.select(SelectorImpl.java:97)&#10;        at sun.nio.ch.SelectorImpl.select(SelectorImpl.java:101)&#10;        at org.apache.hadoop.ipc.Server$Listener.run(Server.java:1159)&#10;&quot;org.eclipse.jetty.server.session.HashSessionManager@250a500bTimer&quot; daemon prio=5 tid=330 timed_waiting&#10;java.lang.Thread.State: TIMED_WAITING&#10;        at sun.misc.Unsafe.park(Native Method)&#10;        at java.util.concurrent.locks.LockSupport.parkNanos(LockSupport.java:215)&#10;        at java.util.concurrent.locks.AbstractQueuedSynchronizer$ConditionObject.awaitNanos(AbstractQueuedSynchronizer.java:2078)&#10;        at java.util.concurrent.ScheduledThreadPoolExecutor$DelayedWorkQueue.take(ScheduledThreadPoolExecutor.java:1093)&#10;        at java.util.concurrent.ScheduledThreadPoolExecutor$DelayedWorkQueue.take(ScheduledThreadPoolExecutor.java:809)&#10;        at java.util.concurrent.ThreadPoolExecutor.getTask(ThreadPoolExecutor.java:1074)&#10;        at java.util.concurrent.ThreadPoolExecutor.runWorker(ThreadPoolExecutor.java:1134)&#10;        at java.util.concurrent.ThreadPoolExecutor$Worker.run(ThreadPoolExecutor.java:624)&#10;        at java.lang.Thread.run(Thread.java:748)&#10;&quot;IPC Server handler 19 on 45290&quot; daemon prio=5 tid=68 timed_waiting&#10;java.lang.Thread.State: TIMED_WAITING&#10;        at sun.misc.Unsafe.park(Native Method)&#10;        at java.util.concurrent.locks.LockSupport.parkNanos(LockSupport.java:215)&#10;        at java.util.concurrent.locks.AbstractQueuedSynchronizer$ConditionObject.awaitNanos(AbstractQueuedSynchronizer.java:2078)&#10;        at java.util.concurrent.LinkedBlockingQueue.poll(LinkedBlockingQueue.java:467)&#10;        at org.apache.hadoop.ipc.CallQueueManager.take(CallQueueManager.java:288)&#10;        at org.apache.hadoop.ipc.Server$Handler.run(Server.java:2668)&#10;&quot;ReplicationMonitor&quot; daemon prio=5 tid=999 timed_waiting&#10;java.lang.Thread.State: TIMED_WAITING&#10;        at java.lang.Object.wait(Native Method)&#10;        at org.apache.hadoop.hdds.scm.container.ReplicationManager.run(ReplicationManager.java:229)&#10;        at org.apache.hadoop.hdds.scm.container.ReplicationManager$$Lambda$469/1431452411.run(Unknown Source)&#10;        at java.lang.Thread.run(Thread.java:748)&#10;&quot;refreshUsed-/workdir/hadoop-ozone/integration-test/target/test-dir/MiniOzoneClusterImpl-f68115de-5278-4c94-9b3d-9176cb3c0071/datanode-2/data/containers&quot; daemon prio=5 tid=208 timed_waiting&#10;java.lang.Thread.State: TIMED_WAITING&#10;        at java.lang.Thread.sleep(Native Method)&#10;        at org.apache.hadoop.fs.CachingGetSpaceUsed$RefreshThread.run(CachingGetSpaceUsed.java:179)&#10;        at java.lang.Thread.run(Thread.java:748)&#10;&quot;IPC Server handler 11 on 45589&quot; daemon prio=5 tid=40 timed_waiting&#10;java.lang.Thread.State: TIMED_WAITING&#10;        at sun.misc.Unsafe.park(Native Method)&#10;        at java.util.concurrent.locks.LockSupport.parkNanos(LockSupport.java:215)&#10;        at java.util.concurrent.locks.AbstractQueuedSynchronizer$ConditionObject.awaitNanos(AbstractQueuedSynchronizer.java:2078)&#10;        at java.util.concurrent.LinkedBlockingQueue.poll(LinkedBlockingQueue.java:467)&#10;        at org.apache.hadoop.ipc.CallQueueManager.take(CallQueueManager.java:288)&#10;        at org.apache.hadoop.ipc.Server$Handler.run(Server.java:2668)&#10;&quot;pool-86-thread-20&quot;  prio=5 tid=733 in Object.wait()&#10;java.lang.Thread.State: WAITING (on object monitor)&#10;        at sun.misc.Unsafe.park(Native Method)&#10;        at java.util.concurrent.locks.LockSupport.park(LockSupport.java:175)&#10;        at java.util.concurrent.locks.AbstractQueuedSynchronizer$ConditionObject.await(AbstractQueuedSynchronizer.java:2039)&#10;        at java.util.concurrent.ArrayBlockingQueue.take(ArrayBlockingQueue.java:403)&#10;        at java.util.concurrent.ThreadPoolExecutor.getTask(ThreadPoolExecutor.java:1074)&#10;        at java.util.concurrent.ThreadPoolExecutor.runWorker(ThreadPoolExecutor.java:1134)&#10;        at java.util.concurrent.ThreadPoolExecutor$Worker.run(ThreadPoolExecutor.java:624)&#10;        at java.lang.Thread.run(Thread.java:748)&#10;&quot;pool-76-thread-53&quot;  prio=5 tid=704 in Object.wait()&#10;java.lang.Thread.State: WAITING (on object monitor)&#10;        at sun.misc.Unsafe.park(Native Method)&#10;        at java.util.concurrent.locks.LockSupport.park(LockSupport.java:175)&#10;        at java.util.concurrent.locks.AbstractQueuedSynchronizer$ConditionObject.await(AbstractQueuedSynchronizer.java:2039)&#10;        at java.util.concurrent.ArrayBlockingQueue.take(ArrayBlockingQueue.java:403)&#10;        at java.util.concurrent.ThreadPoolExecutor.getTask(ThreadPoolExecutor.java:1074)&#10;        at java.util.concurrent.ThreadPoolExecutor.runWorker(ThreadPoolExecutor.java:1134)&#10;        at java.util.concurrent.ThreadPoolExecutor$Worker.run(ThreadPoolExecutor.java:624)&#10;        at java.lang.Thread.run(Thread.java:748)&#10;&quot;pool-76-thread-30&quot;  prio=5 tid=681 in Object.wait()&#10;java.lang.Thread.State: WAITING (on object monitor)&#10;        at sun.misc.Unsafe.park(Native Method)&#10;        at java.util.concurrent.locks.LockSupport.park(LockSupport.java:175)&#10;        at java.util.concurrent.locks.AbstractQueuedSynchronizer$ConditionObject.await(AbstractQueuedSynchronizer.java:2039)&#10;        at java.util.concurrent.ArrayBlockingQueue.take(ArrayBlockingQueue.java:403)&#10;        at java.util.concurrent.ThreadPoolExecutor.getTask(ThreadPoolExecutor.java:1074)&#10;        at java.util.concurrent.ThreadPoolExecutor.runWorker(ThreadPoolExecutor.java:1134)&#10;        at java.util.concurrent.ThreadPoolExecutor$Worker.run(ThreadPoolExecutor.java:624)&#10;        at java.lang.Thread.run(Thread.java:748)&#10;&quot;pool-66-thread-41&quot;  prio=5 tid=621 in Object.wait()&#10;java.lang.Thread.State: WAITING (on object monitor)&#10;        at sun.misc.Unsafe.park(Native Method)&#10;        at java.util.concurrent.locks.LockSupport.park(LockSupport.java:175)&#10;        at java.util.concurrent.locks.AbstractQueuedSynchronizer$ConditionObject.await(AbstractQueuedSynchronizer.java:2039)&#10;        at java.util.concurrent.ArrayBlockingQueue.take(ArrayBlockingQueue.java:403)&#10;        at java.util.concurrent.ThreadPoolExecutor.getTask(ThreadPoolExecutor.java:1074)&#10;        at java.util.concurrent.ThreadPoolExecutor.runWorker(ThreadPoolExecutor.java:1134)&#10;        at java.util.concurrent.ThreadPoolExecutor$Worker.run(ThreadPoolExecutor.java:624)&#10;        at java.lang.Thread.run(Thread.java:748)&#10;&quot;Datanode State Machine Thread - 0&quot; daemon prio=5 tid=251 timed_waiting&#10;java.lang.Thread.State: TIMED_WAITING&#10;        at java.lang.Thread.sleep(Native Method)&#10;        at org.apache.hadoop.ozone.container.common.statemachine.DatanodeStateMachine.start(DatanodeStateMachine.java:191)&#10;        at org.apache.hadoop.ozone.container.common.statemachine.DatanodeStateMachine.lambda$startDaemon$0(DatanodeStateMachine.java:349)&#10;        at org.apache.hadoop.ozone.container.common.statemachine.DatanodeStateMachine$$Lambda$140/690051320.run(Unknown Source)&#10;        at java.lang.Thread.run(Thread.java:748)&#10;&quot;pool-76-thread-52&quot;  prio=5 tid=703 in Object.wait()&#10;java.lang.Thread.State: WAITING (on object monitor)&#10;        at sun.misc.Unsafe.park(Native Method)&#10;        at java.util.concurrent.locks.LockSupport.park(LockSupport.java:175)&#10;        at java.util.concurrent.locks.AbstractQueuedSynchronizer$ConditionObject.await(AbstractQueuedSynchronizer.java:2039)&#10;        at java.util.concurrent.ArrayBlockingQueue.take(ArrayBlockingQueue.java:403)&#10;        at java.util.concurrent.ThreadPoolExecutor.getTask(ThreadPoolExecutor.java:1074)&#10;        at java.util.concurrent.ThreadPoolExecutor.runWorker(ThreadPoolExecutor.java:1134)&#10;        at java.util.concurrent.ThreadPoolExecutor$Worker.run(ThreadPoolExecutor.java:624)&#10;        at java.lang.Thread.run(Thread.java:748)&#10;&quot;pool-86-thread-3&quot;  prio=5 tid=716 in Object.wait()&#10;java.lang.Thread.State: WAITING (on object monitor)&#10;        at sun.misc.Unsafe.park(Native Method)&#10;        at java.util.concurrent.locks.LockSupport.park(LockSupport.java:175)&#10;        at java.util.concurrent.locks.AbstractQueuedSynchronizer$ConditionObject.await(AbstractQueuedSynchronizer.java:2039)&#10;        at java.util.concurrent.ArrayBlockingQueue.take(ArrayBlockingQueue.java:403)&#10;        at java.util.concurrent.ThreadPoolExecutor.getTask(ThreadPoolExecutor.java:1074)&#10;        at java.util.concurrent.ThreadPoolExecutor.runWorker(ThreadPoolExecutor.java:1134)&#10;        at java.util.concurrent.ThreadPoolExecutor$Worker.run(ThreadPoolExecutor.java:624)&#10;        at java.lang.Thread.run(Thread.java:748)&#10;&quot;refreshUsed-/workdir/hadoop-ozone/integration-test/target/test-dir/MiniOzoneClusterImpl-f68115de-5278-4c94-9b3d-9176cb3c0071/datanode-5/data/containers&quot; daemon prio=5 tid=289 timed_waiting&#10;java.lang.Thread.State: TIMED_WAITING&#10;        at java.lang.Thread.sleep(Native Method)&#10;        at org.apache.hadoop.fs.CachingGetSpaceUsed$RefreshThread.run(CachingGetSpaceUsed.java:179)&#10;        at java.lang.Thread.run(Thread.java:748)&#10;&quot;metrics-hadoop-metrics2-reporter-12-thread-1&quot; daemon prio=5 tid=819 timed_waiting&#10;java.lang.Thread.State: TIMED_WAITING&#10;        at sun.misc.Unsafe.park(Native Method)&#10;        at java.util.concurrent.locks.LockSupport.parkNanos(LockSupport.java:215)&#10;        at java.util.concurrent.locks.AbstractQueuedSynchronizer$ConditionObject.awaitNanos(AbstractQueuedSynchronizer.java:2078)&#10;        at java.util.concurrent.ScheduledThreadPoolExecutor$DelayedWorkQueue.take(ScheduledThreadPoolExecutor.java:1093)&#10;        at java.util.concurrent.ScheduledThreadPoolExecutor$DelayedWorkQueue.take(ScheduledThreadPoolExecutor.java:809)&#10;        at java.util.concurrent.ThreadPoolExecutor.getTask(ThreadPoolExecutor.java:1074)&#10;        at java.util.concurrent.ThreadPoolExecutor.runWorker(ThreadPoolExecutor.java:1134)&#10;        at java.util.concurrent.ThreadPoolExecutor$Worker.run(ThreadPoolExecutor.java:624)&#10;        at java.lang.Thread.run(Thread.java:748)&#10;&quot;pool-66-thread-17&quot;  prio=5 tid=597 in Object.wait()&#10;java.lang.Thread.State: WAITING (on object monitor)&#10;        at sun.misc.Unsafe.park(Native Method)&#10;        at java.util.concurrent.locks.LockSupport.park(LockSupport.java:175)&#10;        at java.util.concurrent.locks.AbstractQueuedSynchronizer$ConditionObject.await(AbstractQueuedSynchronizer.java:2039)&#10;        at java.util.concurrent.ArrayBlockingQueue.take(ArrayBlockingQueue.java:403)&#10;        at java.util.concurrent.ThreadPoolExecutor.getTask(ThreadPoolExecutor.java:1074)&#10;        at java.util.concurrent.ThreadPoolExecutor.runWorker(ThreadPoolExecutor.java:1134)&#10;        at java.util.concurrent.ThreadPoolExecutor$Worker.run(ThreadPoolExecutor.java:624)&#10;        at java.lang.Thread.run(Thread.java:748)&#10;&quot;pool-36-thread-30&quot;  prio=5 tid=437 in Object.wait()&#10;java.lang.Thread.State: WAITING (on object monitor)&#10;        at sun.misc.Unsafe.park(Native Method)&#10;        at java.util.concurrent.locks.LockSupport.park(LockSupport.java:175)&#10;        at java.util.concurrent.locks.AbstractQueuedSynchronizer$ConditionObject.await(AbstractQueuedSynchronizer.java:2039)&#10;        at java.util.concurrent.ArrayBlockingQueue.take(ArrayBlockingQueue.java:403)&#10;        at java.util.concurrent.ThreadPoolExecutor.getTask(ThreadPoolExecutor.java:1074)&#10;        at java.util.concurrent.ThreadPoolExecutor.runWorker(ThreadPoolExecutor.java:1134)&#10;        at java.util.concurrent.ThreadPoolExecutor$Worker.run(ThreadPoolExecutor.java:624)&#10;        at java.lang.Thread.run(Thread.java:748)&#10;&quot;IPC Server handler 13 on 36674&quot; daemon prio=5 tid=82 timed_waiting&#10;java.lang.Thread.State: TIMED_WAITING&#10;        at sun.misc.Unsafe.park(Native Method)&#10;        at java.util.concurrent.locks.LockSupport.parkNanos(LockSupport.java:215)&#10;        at java.util.concurrent.locks.AbstractQueuedSynchronizer$ConditionObject.awaitNanos(AbstractQueuedSynchronizer.java:2078)&#10;        at java.util.concurrent.LinkedBlockingQueue.poll(LinkedBlockingQueue.java:467)&#10;        at org.apache.hadoop.ipc.CallQueueManager.take(CallQueueManager.java:288)&#10;        at org.apache.hadoop.ipc.Server$Handler.run(Server.java:2668)&#10;&quot;org.eclipse.jetty.server.session.HashSessionManager@421056e5Timer&quot; daemon prio=5 tid=221 timed_waiting&#10;java.lang.Thread.State: TIMED_WAITING&#10;        at sun.misc.Unsafe.park(Native Method)&#10;        at java.util.concurrent.locks.LockSupport.parkNanos(LockSupport.java:215)&#10;        at java.util.concurrent.locks.AbstractQueuedSynchronizer$ConditionObject.awaitNanos(AbstractQueuedSynchronizer.java:2078)&#10;        at java.util.concurrent.ScheduledThreadPoolExecutor$DelayedWorkQueue.take(ScheduledThreadPoolExecutor.java:1093)&#10;        at java.util.concurrent.ScheduledThreadPoolExecutor$DelayedWorkQueue.take(ScheduledThreadPoolExecutor.java:809)&#10;        at java.util.concurrent.ThreadPoolExecutor.getTask(ThreadPoolExecutor.java:1074)&#10;        at java.util.concurrent.ThreadPoolExecutor.runWorker(ThreadPoolExecutor.java:1134)&#10;        at java.util.concurrent.ThreadPoolExecutor$Worker.run(ThreadPoolExecutor.java:624)&#10;        at java.lang.Thread.run(Thread.java:748)&#10;&quot;pool-46-thread-27&quot;  prio=5 tid=425 in Object.wait()&#10;java.lang.Thread.State: WAITING (on object monitor)&#10;        at sun.misc.Unsafe.park(Native Method)&#10;        at java.util.concurrent.locks.LockSupport.park(LockSupport.java:175)&#10;        at java.util.concurrent.locks.AbstractQueuedSynchronizer$ConditionObject.await(AbstractQueuedSynchronizer.java:2039)&#10;        at java.util.concurrent.ArrayBlockingQueue.take(ArrayBlockingQueue.java:403)&#10;        at java.util.concurrent.ThreadPoolExecutor.getTask(ThreadPoolExecutor.java:1074)&#10;        at java.util.concurrent.ThreadPoolExecutor.runWorker(ThreadPoolExecutor.java:1134)&#10;        at java.util.concurrent.ThreadPoolExecutor$Worker.run(ThreadPoolExecutor.java:624)&#10;        at java.lang.Thread.run(Thread.java:748)&#10;&quot;pool-56-thread-45&quot;  prio=5 tid=565 in Object.wait()&#10;java.lang.Thread.State: WAITING (on object monitor)&#10;        at sun.misc.Unsafe.park(Native Method)&#10;        at java.util.concurrent.locks.LockSupport.park(LockSupport.java:175)&#10;        at java.util.concurrent.locks.AbstractQueuedSynchronizer$ConditionObject.await(AbstractQueuedSynchronizer.java:2039)&#10;        at java.util.concurrent.ArrayBlockingQueue.take(ArrayBlockingQueue.java:403)&#10;        at java.util.concurrent.ThreadPoolExecutor.getTask(ThreadPoolExecutor.java:1074)&#10;        at java.util.concurrent.ThreadPoolExecutor.runWorker(ThreadPoolExecutor.java:1134)&#10;        at java.util.concurrent.ThreadPoolExecutor$Worker.run(ThreadPoolExecutor.java:624)&#10;        at java.lang.Thread.run(Thread.java:748)&#10;&quot;pool-64-thread-1&quot; daemon prio=5 tid=264 timed_waiting&#10;java.lang.Thread.State: TIMED_WAITING&#10;        at sun.misc.Unsafe.park(Native Method)&#10;        at java.util.concurrent.locks.LockSupport.parkNanos(LockSupport.java:215)&#10;        at java.util.concurrent.locks.AbstractQueuedSynchronizer$ConditionObject.awaitNanos(AbstractQueuedSynchronizer.java:2078)&#10;        at java.util.concurrent.ScheduledThreadPoolExecutor$DelayedWorkQueue.take(ScheduledThreadPoolExecutor.java:1093)&#10;        at java.util.concurrent.ScheduledThreadPoolExecutor$DelayedWorkQueue.take(ScheduledThreadPoolExecutor.java:809)&#10;        at java.util.concurrent.ThreadPoolExecutor.getTask(ThreadPoolExecutor.java:1074)&#10;        at java.util.concurrent.ThreadPoolExecutor.runWorker(ThreadPoolExecutor.java:1134)&#10;        at java.util.concurrent.ThreadPoolExecutor$Worker.run(ThreadPoolExecutor.java:624)&#10;        at java.lang.Thread.run(Thread.java:748)&#10;&quot;IPC Server handler 4 on 45589&quot; daemon prio=5 tid=33 timed_waiting&#10;java.lang.Thread.State: TIMED_WAITING&#10;        at sun.misc.Unsafe.park(Native Method)&#10;        at java.util.concurrent.locks.LockSupport.parkNanos(LockSupport.java:215)&#10;        at java.util.concurrent.locks.AbstractQueuedSynchronizer$ConditionObject.awaitNanos(AbstractQueuedSynchronizer.java:2078)&#10;        at java.util.concurrent.LinkedBlockingQueue.poll(LinkedBlockingQueue.java:467)&#10;        at org.apache.hadoop.ipc.CallQueueManager.take(CallQueueManager.java:288)&#10;        at org.apache.hadoop.ipc.Server$Handler.run(Server.java:2668)&#10;&quot;IPC Server handler 4 on 45290&quot; daemon prio=5 tid=53 timed_waiting&#10;java.lang.Thread.State: TIMED_WAITING&#10;        at sun.misc.Unsafe.park(Native Method)&#10;        at java.util.concurrent.locks.LockSupport.parkNanos(LockSupport.java:215)&#10;        at java.util.concurrent.locks.AbstractQueuedSynchronizer$ConditionObject.awaitNanos(AbstractQueuedSynchronizer.java:2078)&#10;        at java.util.concurrent.LinkedBlockingQueue.poll(LinkedBlockingQueue.java:467)&#10;        at org.apache.hadoop.ipc.CallQueueManager.take(CallQueueManager.java:288)&#10;        at org.apache.hadoop.ipc.Server$Handler.run(Server.java:2668)&#10;&quot;metrics-hadoop-metrics2-reporter-19-thread-1&quot; daemon prio=5 tid=834 timed_waiting&#10;java.lang.Thread.State: TIMED_WAITING&#10;        at sun.misc.Unsafe.park(Native Method)&#10;        at java.util.concurrent.locks.LockSupport.parkNanos(LockSupport.java:215)&#10;        at java.util.concurrent.locks.AbstractQueuedSynchronizer$ConditionObject.awaitNanos(AbstractQueuedSynchronizer.java:2078)&#10;        at java.util.concurrent.ScheduledThreadPoolExecutor$DelayedWorkQueue.take(ScheduledThreadPoolExecutor.java:1093)&#10;        at java.util.concurrent.ScheduledThreadPoolExecutor$DelayedWorkQueue.take(ScheduledThreadPoolExecutor.java:809)&#10;        at java.util.concurrent.ThreadPoolExecutor.getTask(ThreadPoolExecutor.java:1074)&#10;        at java.util.concurrent.ThreadPoolExecutor.runWorker(ThreadPoolExecutor.java:1134)&#10;        at java.util.concurrent.ThreadPoolExecutor$Worker.run(ThreadPoolExecutor.java:624)&#10;        at java.lang.Thread.run(Thread.java:748)&#10;&quot;pool-76-thread-33&quot;  prio=5 tid=684 in Object.wait()&#10;java.lang.Thread.State: WAITING (on object monitor)&#10;        at sun.misc.Unsafe.park(Native Method)&#10;        at java.util.concurrent.locks.LockSupport.park(LockSupport.java:175)&#10;        at java.util.concurrent.locks.AbstractQueuedSynchronizer$ConditionObject.await(AbstractQueuedSynchronizer.java:2039)&#10;        at java.util.concurrent.ArrayBlockingQueue.take(ArrayBlockingQueue.java:403)&#10;        at java.util.concurrent.ThreadPoolExecutor.getTask(ThreadPoolExecutor.java:1074)&#10;        at java.util.concurrent.ThreadPoolExecutor.runWorker(ThreadPoolExecutor.java:1134)&#10;        at java.util.concurrent.ThreadPoolExecutor$Worker.run(ThreadPoolExecutor.java:624)&#10;        at java.lang.Thread.run(Thread.java:748)&#10;&quot;pool-76-thread-45&quot;  prio=5 tid=696 in Object.wait()&#10;java.lang.Thread.State: WAITING (on object monitor)&#10;        at sun.misc.Unsafe.park(Native Method)&#10;        at java.util.concurrent.locks.LockSupport.park(LockSupport.java:175)&#10;        at java.util.concurrent.locks.AbstractQueuedSynchronizer$ConditionObject.await(AbstractQueuedSynchronizer.java:2039)&#10;        at java.util.concurrent.ArrayBlockingQueue.take(ArrayBlockingQueue.java:403)&#10;        at java.util.concurrent.ThreadPoolExecutor.getTask(ThreadPoolExecutor.java:1074)&#10;        at java.util.concurrent.ThreadPoolExecutor.runWorker(ThreadPoolExecutor.java:1134)&#10;        at java.util.concurrent.ThreadPoolExecutor$Worker.run(ThreadPoolExecutor.java:624)&#10;        at java.lang.Thread.run(Thread.java:748)&#10;&quot;Datanode ReportManager Thread - 0&quot; daemon prio=5 tid=252 in Object.wait()&#10;java.lang.Thread.State: WAITING (on object monitor)&#10;        at sun.misc.Unsafe.park(Native Method)&#10;        at java.util.concurrent.locks.LockSupport.park(LockSupport.java:175)&#10;        at java.util.concurrent.locks.AbstractQueuedSynchronizer$ConditionObject.await(AbstractQueuedSynchronizer.java:2039)&#10;        at java.util.concurrent.ScheduledThreadPoolExecutor$DelayedWorkQueue.take(ScheduledThreadPoolExecutor.java:1088)&#10;        at java.util.concurrent.ScheduledThreadPoolExecutor$DelayedWorkQueue.take(ScheduledThreadPoolExecutor.java:809)&#10;        at java.util.concurrent.ThreadPoolExecutor.getTask(ThreadPoolExecutor.java:1074)&#10;        at java.util.concurrent.ThreadPoolExecutor.runWorker(ThreadPoolExecutor.java:1134)&#10;        at java.util.concurrent.ThreadPoolExecutor$Worker.run(ThreadPoolExecutor.java:624)&#10;        at java.lang.Thread.run(Thread.java:748)&#10;&quot;qtp680988889-95&quot; daemon prio=5 tid=95 timed_waiting&#10;java.lang.Thread.State: TIMED_WAITING&#10;        at sun.misc.Unsafe.park(Native Method)&#10;        at java.util.concurrent.locks.LockSupport.parkNanos(LockSupport.java:215)&#10;        at java.util.concurrent.locks.AbstractQueuedSynchronizer$ConditionObject.awaitNanos(AbstractQueuedSynchronizer.java:2078)&#10;        at org.eclipse.jetty.util.BlockingArrayQueue.poll(BlockingArrayQueue.java:392)&#10;        at org.eclipse.jetty.util.thread.QueuedThreadPool.idleJobPoll(QueuedThreadPool.java:563)&#10;        at org.eclipse.jetty.util.thread.QueuedThreadPool.access$800(QueuedThreadPool.java:48)&#10;        at org.eclipse.jetty.util.thread.QueuedThreadPool$2.run(QueuedThreadPool.java:626)&#10;        at java.lang.Thread.run(Thread.java:748)&#10;&quot;pool-46-thread-16&quot;  prio=5 tid=392 in Object.wait()&#10;java.lang.Thread.State: WAITING (on object monitor)&#10;        at sun.misc.Unsafe.park(Native Method)&#10;        at java.util.concurrent.locks.LockSupport.park(LockSupport.java:175)&#10;        at java.util.concurrent.locks.AbstractQueuedSynchronizer$ConditionObject.await(AbstractQueuedSynchronizer.java:2039)&#10;        at java.util.concurrent.ArrayBlockingQueue.take(ArrayBlockingQueue.java:403)&#10;        at java.util.concurrent.ThreadPoolExecutor.getTask(ThreadPoolExecutor.java:1074)&#10;        at java.util.concurrent.ThreadPoolExecutor.runWorker(ThreadPoolExecutor.java:1134)&#10;        at java.util.concurrent.ThreadPoolExecutor$Worker.run(ThreadPoolExecutor.java:624)&#10;        at java.lang.Thread.run(Thread.java:748)&#10;&quot;pool-46-thread-3&quot;  prio=5 tid=348 in Object.wait()&#10;java.lang.Thread.State: WAITING (on object monitor)&#10;        at sun.misc.Unsafe.park(Native Method)&#10;        at java.util.concurrent.locks.LockSupport.park(LockSupport.java:175)&#10;        at java.util.concurrent.locks.AbstractQueuedSynchronizer$ConditionObject.await(AbstractQueuedSynchronizer.java:2039)&#10;        at java.util.concurrent.ArrayBlockingQueue.take(ArrayBlockingQueue.java:403)&#10;        at java.util.concurrent.ThreadPoolExecutor.getTask(ThreadPoolExecutor.java:1074)&#10;        at java.util.concurrent.ThreadPoolExecutor.runWorker(ThreadPoolExecutor.java:1134)&#10;        at java.util.concurrent.ThreadPoolExecutor$Worker.run(ThreadPoolExecutor.java:624)&#10;        at java.lang.Thread.run(Thread.java:748)&#10;&quot;qtp1168956689-326&quot; daemon prio=5 tid=326 timed_waiting&#10;java.lang.Thread.State: TIMED_WAITING&#10;        at sun.misc.Unsafe.park(Native Method)&#10;        at java.util.concurrent.locks.LockSupport.parkNanos(LockSupport.java:215)&#10;        at java.util.concurrent.locks.AbstractQueuedSynchronizer$ConditionObject.awaitNanos(AbstractQueuedSynchronizer.java:2078)&#10;        at org.eclipse.jetty.util.BlockingArrayQueue.poll(BlockingArrayQueue.java:392)&#10;        at org.eclipse.jetty.util.thread.QueuedThreadPool.idleJobPoll(QueuedThreadPool.java:563)&#10;        at org.eclipse.jetty.util.thread.QueuedThreadPool.access$800(QueuedThreadPool.java:48)&#10;        at org.eclipse.jetty.util.thread.QueuedThreadPool$2.run(QueuedThreadPool.java:626)&#10;        at java.lang.Thread.run(Thread.java:748)&#10;&quot;pool-26-thread-41&quot;  prio=5 tid=443 in Object.wait()&#10;java.lang.Thread.State: WAITING (on object monitor)&#10;        at sun.misc.Unsafe.park(Native Method)&#10;        at java.util.concurrent.locks.LockSupport.park(LockSupport.java:175)&#10;        at java.util.concurrent.locks.AbstractQueuedSynchronizer$ConditionObject.await(AbstractQueuedSynchronizer.java:2039)&#10;        at java.util.concurrent.ArrayBlockingQueue.take(ArrayBlockingQueue.java:403)&#10;        at java.util.concurrent.ThreadPoolExecutor.getTask(ThreadPoolExecutor.java:1074)&#10;        at java.util.concurrent.ThreadPoolExecutor.runWorker(ThreadPoolExecutor.java:1134)&#10;        at java.util.concurrent.ThreadPoolExecutor$Worker.run(ThreadPoolExecutor.java:624)&#10;        at java.lang.Thread.run(Thread.java:748)&#10;&quot;pool-86-thread-59&quot;  prio=5 tid=772 in Object.wait()&#10;java.lang.Thread.State: WAITING (on object monitor)&#10;        at sun.misc.Unsafe.park(Native Method)&#10;        at java.util.concurrent.locks.LockSupport.park(LockSupport.java:175)&#10;        at java.util.concurrent.locks.AbstractQueuedSynchronizer$ConditionObject.await(AbstractQueuedSynchronizer.java:2039)&#10;        at java.util.concurrent.ArrayBlockingQueue.take(ArrayBlockingQueue.java:403)&#10;        at java.util.concurrent.ThreadPoolExecutor.getTask(ThreadPoolExecutor.java:1074)&#10;        at java.util.concurrent.ThreadPoolExecutor.runWorker(ThreadPoolExecutor.java:1134)&#10;        at java.util.concurrent.ThreadPoolExecutor$Worker.run(ThreadPoolExecutor.java:624)&#10;        at java.lang.Thread.run(Thread.java:748)&#10;&quot;pool-86-thread-46&quot;  prio=5 tid=759 in Object.wait()&#10;java.lang.Thread.State: WAITING (on object monitor)&#10;        at sun.misc.Unsafe.park(Native Method)&#10;        at java.util.concurrent.locks.LockSupport.park(LockSupport.java:175)&#10;        at java.util.concurrent.locks.AbstractQueuedSynchronizer$ConditionObject.await(AbstractQueuedSynchronizer.java:2039)&#10;        at java.util.concurrent.ArrayBlockingQueue.take(ArrayBlockingQueue.java:403)&#10;        at java.util.concurrent.ThreadPoolExecutor.getTask(ThreadPoolExecutor.java:1074)&#10;        at java.util.concurrent.ThreadPoolExecutor.runWorker(ThreadPoolExecutor.java:1134)&#10;        at java.util.concurrent.ThreadPoolExecutor$Worker.run(ThreadPoolExecutor.java:624)&#10;        at java.lang.Thread.run(Thread.java:748)&#10;&quot;org.apache.hadoop.util.JvmPauseMonitor$Monitor@7ffe5ffb&quot; daemon prio=5 tid=284 timed_waiting&#10;java.lang.Thread.State: TIMED_WAITING&#10;        at java.lang.Thread.sleep(Native Method)&#10;        at org.apache.hadoop.util.JvmPauseMonitor$Monitor.run(JvmPauseMonitor.java:192)&#10;        at java.lang.Thread.run(Thread.java:748)&#10;&quot;pool-66-thread-33&quot;  prio=5 tid=613 in Object.wait()&#10;java.lang.Thread.State: WAITING (on object monitor)&#10;        at sun.misc.Unsafe.park(Native Method)&#10;        at java.util.concurrent.locks.LockSupport.park(LockSupport.java:175)&#10;        at java.util.concurrent.locks.AbstractQueuedSynchronizer$ConditionObject.await(AbstractQueuedSynchronizer.java:2039)&#10;        at java.util.concurrent.ArrayBlockingQueue.take(ArrayBlockingQueue.java:403)&#10;        at java.util.concurrent.ThreadPoolExecutor.getTask(ThreadPoolExecutor.java:1074)&#10;        at java.util.concurrent.ThreadPoolExecutor.runWorker(ThreadPoolExecutor.java:1134)&#10;        at java.util.concurrent.ThreadPoolExecutor$Worker.run(ThreadPoolExecutor.java:624)&#10;        at java.lang.Thread.run(Thread.java:748)&#10;&quot;pool-86-thread-60&quot;  prio=5 tid=773 in Object.wait()&#10;java.lang.Thread.State: WAITING (on object monitor)&#10;        at sun.misc.Unsafe.park(Native Method)&#10;        at java.util.concurrent.locks.LockSupport.park(LockSupport.java:175)&#10;        at java.util.concurrent.locks.AbstractQueuedSynchronizer$ConditionObject.await(AbstractQueuedSynchronizer.java:2039)&#10;        at java.util.concurrent.ArrayBlockingQueue.take(ArrayBlockingQueue.java:403)&#10;        at java.util.concurrent.ThreadPoolExecutor.getTask(ThreadPoolExecutor.java:1074)&#10;        at java.util.concurrent.ThreadPoolExecutor.runWorker(ThreadPoolExecutor.java:1134)&#10;        at java.util.concurrent.ThreadPoolExecutor$Worker.run(ThreadPoolExecutor.java:624)&#10;        at java.lang.Thread.run(Thread.java:748)&#10;&quot;pool-66-thread-23&quot;  prio=5 tid=603 in Object.wait()&#10;java.lang.Thread.State: WAITING (on object monitor)&#10;        at sun.misc.Unsafe.park(Native Method)&#10;        at java.util.concurrent.locks.LockSupport.park(LockSupport.java:175)&#10;        at java.util.concurrent.locks.AbstractQueuedSynchronizer$ConditionObject.await(AbstractQueuedSynchronizer.java:2039)&#10;        at java.util.concurrent.ArrayBlockingQueue.take(ArrayBlockingQueue.java:403)&#10;        at java.util.concurrent.ThreadPoolExecutor.getTask(ThreadPoolExecutor.java:1074)&#10;        at java.util.concurrent.ThreadPoolExecutor.runWorker(ThreadPoolExecutor.java:1134)&#10;        at java.util.concurrent.ThreadPoolExecutor$Worker.run(ThreadPoolExecutor.java:624)&#10;        at java.lang.Thread.run(Thread.java:748)&#10;&quot;qtp1991386317-138&quot; daemon prio=5 tid=138 timed_waiting&#10;java.lang.Thread.State: TIMED_WAITING&#10;        at sun.misc.Unsafe.park(Native Method)&#10;        at java.util.concurrent.locks.LockSupport.parkNanos(LockSupport.java:215)&#10;        at java.util.concurrent.locks.AbstractQueuedSynchronizer$ConditionObject.awaitNanos(AbstractQueuedSynchronizer.java:2078)&#10;        at org.eclipse.jetty.util.BlockingArrayQueue.poll(BlockingArrayQueue.java:392)&#10;        at org.eclipse.jetty.util.thread.QueuedThreadPool.idleJobPoll(QueuedThreadPool.java:563)&#10;        at org.eclipse.jetty.util.thread.QueuedThreadPool.access$800(QueuedThreadPool.java:48)&#10;        at org.eclipse.jetty.util.thread.QueuedThreadPool$2.run(QueuedThreadPool.java:626)&#10;        at java.lang.Thread.run(Thread.java:748)&#10;&quot;pool-46-thread-15&quot;  prio=5 tid=388 in Object.wait()&#10;java.lang.Thread.State: WAITING (on object monitor)&#10;        at sun.misc.Unsafe.park(Native Method)&#10;        at java.util.concurrent.locks.LockSupport.park(LockSupport.java:175)&#10;        at java.util.concurrent.locks.AbstractQueuedSynchronizer$ConditionObject.await(AbstractQueuedSynchronizer.java:2039)&#10;        at java.util.concurrent.ArrayBlockingQueue.take(ArrayBlockingQueue.java:403)&#10;        at java.util.concurrent.ThreadPoolExecutor.getTask(ThreadPoolExecutor.java:1074)&#10;        at java.util.concurrent.ThreadPoolExecutor.runWorker(ThreadPoolExecutor.java:1134)&#10;        at java.util.concurrent.ThreadPoolExecutor$Worker.run(ThreadPoolExecutor.java:624)&#10;        at java.lang.Thread.run(Thread.java:748)&#10;&quot;pool-36-thread-15&quot;  prio=5 tid=382 in Object.wait()&#10;java.lang.Thread.State: WAITING (on object monitor)&#10;        at sun.misc.Unsafe.park(Native Method)&#10;        at java.util.concurrent.locks.LockSupport.park(LockSupport.java:175)&#10;        at java.util.concurrent.locks.AbstractQueuedSynchronizer$ConditionObject.await(AbstractQueuedSynchronizer.java:2039)&#10;        at java.util.concurrent.ArrayBlockingQueue.take(ArrayBlockingQueue.java:403)&#10;        at java.util.concurrent.ThreadPoolExecutor.getTask(ThreadPoolExecutor.java:1074)&#10;        at java.util.concurrent.ThreadPoolExecutor.runWorker(ThreadPoolExecutor.java:1134)&#10;        at java.util.concurrent.ThreadPoolExecutor$Worker.run(ThreadPoolExecutor.java:624)&#10;        at java.lang.Thread.run(Thread.java:748)&#10;&quot;pool-26-thread-8&quot;  prio=5 tid=360 in Object.wait()&#10;java.lang.Thread.State: WAITING (on object monitor)&#10;        at sun.misc.Unsafe.park(Native Method)&#10;        at java.util.concurrent.locks.LockSupport.park(LockSupport.java:175)&#10;        at java.util.concurrent.locks.AbstractQueuedSynchronizer$ConditionObject.await(AbstractQueuedSynchronizer.java:2039)&#10;        at java.util.concurrent.ArrayBlockingQueue.take(ArrayBlockingQueue.java:403)&#10;        at java.util.concurrent.ThreadPoolExecutor.getTask(ThreadPoolExecutor.java:1074)&#10;        at java.util.concurrent.ThreadPoolExecutor.runWorker(ThreadPoolExecutor.java:1134)&#10;        at java.util.concurrent.ThreadPoolExecutor$Worker.run(ThreadPoolExecutor.java:624)&#10;        at java.lang.Thread.run(Thread.java:748)&#10;&quot;IPC Server handler 7 on 45290&quot; daemon prio=5 tid=56 timed_waiting&#10;java.lang.Thread.State: TIMED_WAITING&#10;        at sun.misc.Unsafe.park(Native Method)&#10;        at java.util.concurrent.locks.LockSupport.parkNanos(LockSupport.java:215)&#10;        at java.util.concurrent.locks.AbstractQueuedSynchronizer$ConditionObject.awaitNanos(AbstractQueuedSynchronizer.java:2078)&#10;        at java.util.concurrent.LinkedBlockingQueue.poll(LinkedBlockingQueue.java:467)&#10;        at org.apache.hadoop.ipc.CallQueueManager.take(CallQueueManager.java:288)&#10;        at org.apache.hadoop.ipc.Server$Handler.run(Server.java:2668)&#10;&quot;metrics-hadoop-metrics2-reporter-66-thread-1&quot; daemon prio=5 tid=1064 timed_waiting&#10;java.lang.Thread.State: TIMED_WAITING&#10;        at sun.misc.Unsafe.park(Native Method)&#10;        at java.util.concurrent.locks.LockSupport.parkNanos(LockSupport.java:215)&#10;        at java.util.concurrent.locks.AbstractQueuedSynchronizer$ConditionObject.awaitNanos(AbstractQueuedSynchronizer.java:2078)&#10;        at java.util.concurrent.ScheduledThreadPoolExecutor$DelayedWorkQueue.take(ScheduledThreadPoolExecutor.java:1093)&#10;        at java.util.concurrent.ScheduledThreadPoolExecutor$DelayedWorkQueue.take(ScheduledThreadPoolExecutor.java:809)&#10;        at java.util.concurrent.ThreadPoolExecutor.getTask(ThreadPoolExecutor.java:1074)&#10;        at java.util.concurrent.ThreadPoolExecutor.runWorker(ThreadPoolExecutor.java:1134)&#10;        at java.util.concurrent.ThreadPoolExecutor$Worker.run(ThreadPoolExecutor.java:624)&#10;        at java.lang.Thread.run(Thread.java:748)&#10;&quot;refreshUsed-/workdir/hadoop-ozone/integration-test/target/test-dir/MiniOzoneClusterImpl-f68115de-5278-4c94-9b3d-9176cb3c0071/datanode-4/data/containers&quot; daemon prio=5 tid=262 timed_waiting&#10;java.lang.Thread.State: TIMED_WAITING&#10;        at java.lang.Thread.sleep(Native Method)&#10;        at org.apache.hadoop.fs.CachingGetSpaceUsed$RefreshThread.run(CachingGetSpaceUsed.java:179)&#10;        at java.lang.Thread.run(Thread.java:748)&#10;&quot;pool-86-thread-31&quot;  prio=5 tid=744 in Object.wait()&#10;java.lang.Thread.State: WAITING (on object monitor)&#10;        at sun.misc.Unsafe.park(Native Method)&#10;        at java.util.concurrent.locks.LockSupport.park(LockSupport.java:175)&#10;        at java.util.concurrent.locks.AbstractQueuedSynchronizer$ConditionObject.await(AbstractQueuedSynchronizer.java:2039)&#10;        at java.util.concurrent.ArrayBlockingQueue.take(ArrayBlockingQueue.java:403)&#10;        at java.util.concurrent.ThreadPoolExecutor.getTask(ThreadPoolExecutor.java:1074)&#10;        at java.util.concurrent.ThreadPoolExecutor.runWorker(ThreadPoolExecutor.java:1134)&#10;        at java.util.concurrent.ThreadPoolExecutor$Worker.run(ThreadPoolExecutor.java:624)&#10;        at java.lang.Thread.run(Thread.java:748)&#10;&quot;qtp721395199-267&quot; daemon prio=5 tid=267 runnable&#10;java.lang.Thread.State: RUNNABLE&#10;        at sun.nio.ch.EPollArrayWrapper.epollWait(Native Method)&#10;        at sun.nio.ch.EPollArrayWrapper.poll(EPollArrayWrapper.java:269)&#10;        at sun.nio.ch.EPollSelectorImpl.doSelect(EPollSelectorImpl.java:93)&#10;        at sun.nio.ch.SelectorImpl.lockAndDoSelect(SelectorImpl.java:86)&#10;        at sun.nio.ch.SelectorImpl.select(SelectorImpl.java:97)&#10;        at sun.nio.ch.SelectorImpl.select(SelectorImpl.java:101)&#10;        at org.eclipse.jetty.io.ManagedSelector$SelectorProducer.select(ManagedSelector.java:243)&#10;        at org.eclipse.jetty.io.ManagedSelector$SelectorProducer.produce(ManagedSelector.java:191)&#10;        at org.eclipse.jetty.util.thread.strategy.ExecuteProduceConsume.executeProduceConsume(ExecuteProduceConsume.java:249)&#10;        at org.eclipse.jetty.util.thread.strategy.ExecuteProduceConsume.produceConsume(ExecuteProduceConsume.java:148)&#10;        at org.eclipse.jetty.util.thread.strategy.ExecuteProduceConsume.execute(ExecuteProduceConsume.java:100)&#10;        at org.eclipse.jetty.io.ManagedSelector.run(ManagedSelector.java:147)&#10;        at org.eclipse.jetty.util.thread.QueuedThreadPool.runJob(QueuedThreadPool.java:671)&#10;        at org.eclipse.jetty.util.thread.QueuedThreadPool$2.run(QueuedThreadPool.java:589)&#10;        at java.lang.Thread.run(Thread.java:748)&#10;&quot;pool-36-thread-48&quot;  prio=5 tid=490 in Object.wait()&#10;java.lang.Thread.State: WAITING (on object monitor)&#10;        at sun.misc.Unsafe.park(Native Method)&#10;        at java.util.concurrent.locks.LockSupport.park(LockSupport.java:175)&#10;        at java.util.concurrent.locks.AbstractQueuedSynchronizer$ConditionObject.await(AbstractQueuedSynchronizer.java:2039)&#10;        at java.util.concurrent.ArrayBlockingQueue.take(ArrayBlockingQueue.java:403)&#10;        at java.util.concurrent.ThreadPoolExecutor.getTask(ThreadPoolExecutor.java:1074)&#10;        at java.util.concurrent.ThreadPoolExecutor.runWorker(ThreadPoolExecutor.java:1134)&#10;        at java.util.concurrent.ThreadPoolExecutor$Worker.run(ThreadPoolExecutor.java:624)&#10;        at java.lang.Thread.run(Thread.java:748)&#10;&quot;grpc-default-worker-ELG-3-3&quot; daemon prio=5 tid=788 runnable&#10;java.lang.Thread.State: RUNNABLE&#10;        at sun.nio.ch.EPollArrayWrapper.epollWait(Native Method)&#10;        at sun.nio.ch.EPollArrayWrapper.poll(EPollArrayWrapper.java:269)&#10;        at sun.nio.ch.EPollSelectorImpl.doSelect(EPollSelectorImpl.java:93)&#10;        at sun.nio.ch.SelectorImpl.lockAndDoSelect(SelectorImpl.java:86)&#10;        at sun.nio.ch.SelectorImpl.select(SelectorImpl.java:97)&#10;        at org.apache.ratis.thirdparty.io.netty.channel.nio.SelectedSelectionKeySetSelector.select(SelectedSelectionKeySetSelector.java:62)&#10;        at org.apache.ratis.thirdparty.io.netty.channel.nio.NioEventLoop.select(NioEventLoop.java:753)&#10;        at org.apache.ratis.thirdparty.io.netty.channel.nio.NioEventLoop.run(NioEventLoop.java:408)&#10;        at org.apache.ratis.thirdparty.io.netty.util.concurrent.SingleThreadEventExecutor$5.run(SingleThreadEventExecutor.java:897)&#10;        at org.apache.ratis.thirdparty.io.netty.util.concurrent.FastThreadLocalRunnable.run(FastThreadLocalRunnable.java:30)&#10;        at java.lang.Thread.run(Thread.java:748)&#10;&quot;pool-30-thread-1&quot;  prio=5 tid=158 timed_waiting&#10;java.lang.Thread.State: TIMED_WAITING&#10;        at sun.misc.Unsafe.park(Native Method)&#10;        at java.util.concurrent.locks.LockSupport.parkNanos(LockSupport.java:215)&#10;        at java.util.concurrent.locks.AbstractQueuedSynchronizer$ConditionObject.awaitNanos(AbstractQueuedSynchronizer.java:2078)&#10;        at java.util.concurrent.ScheduledThreadPoolExecutor$DelayedWorkQueue.take(ScheduledThreadPoolExecutor.java:1093)&#10;        at java.util.concurrent.ScheduledThreadPoolExecutor$DelayedWorkQueue.take(ScheduledThreadPoolExecutor.java:809)&#10;        at java.util.concurrent.ThreadPoolExecutor.getTask(ThreadPoolExecutor.java:1074)&#10;        at java.util.concurrent.ThreadPoolExecutor.runWorker(ThreadPoolExecutor.java:1134)&#10;        at java.util.concurrent.ThreadPoolExecutor$Worker.run(ThreadPoolExecutor.java:624)&#10;        at java.lang.Thread.run(Thread.java:748)&#10;&quot;metrics-hadoop-metrics2-reporter-48-thread-1&quot; daemon prio=5 tid=955 timed_waiting&#10;java.lang.Thread.State: TIMED_WAITING&#10;        at sun.misc.Unsafe.park(Native Method)&#10;        at java.util.concurrent.locks.LockSupport.parkNanos(LockSupport.java:215)&#10;        at java.util.concurrent.locks.AbstractQueuedSynchronizer$ConditionObject.awaitNanos(AbstractQueuedSynchronizer.java:2078)&#10;        at java.util.concurrent.ScheduledThreadPoolExecutor$DelayedWorkQueue.take(ScheduledThreadPoolExecutor.java:1093)&#10;        at java.util.concurrent.ScheduledThreadPoolExecutor$DelayedWorkQueue.take(ScheduledThreadPoolExecutor.java:809)&#10;        at java.util.concurrent.ThreadPoolExecutor.getTask(ThreadPoolExecutor.java:1074)&#10;        at java.util.concurrent.ThreadPoolExecutor.runWorker(ThreadPoolExecutor.java:1134)&#10;        at java.util.concurrent.ThreadPoolExecutor$Worker.run(ThreadPoolExecutor.java:624)&#10;        at java.lang.Thread.run(Thread.java:748)&#10;&quot;org.apache.hadoop.util.JvmPauseMonitor$Monitor@1ee7f250&quot; daemon prio=5 tid=257 timed_waiting&#10;java.lang.Thread.State: TIMED_WAITING&#10;        at java.lang.Thread.sleep(Native Method)&#10;        at org.apache.hadoop.util.JvmPauseMonitor$Monitor.run(JvmPauseMonitor.java:192)&#10;        at java.lang.Thread.run(Thread.java:748)&#10;&quot;pool-26-thread-30&quot;  prio=5 tid=423 in Object.wait()&#10;java.lang.Thread.State: WAITING (on object monitor)&#10;        at sun.misc.Unsafe.park(Native Method)&#10;        at java.util.concurrent.locks.LockSupport.park(LockSupport.java:175)&#10;        at java.util.concurrent.locks.AbstractQueuedSynchronizer$ConditionObject.await(AbstractQueuedSynchronizer.java:2039)&#10;        at java.util.concurrent.ArrayBlockingQueue.take(ArrayBlockingQueue.java:403)&#10;        at java.util.concurrent.ThreadPoolExecutor.getTask(ThreadPoolExecutor.java:1074)&#10;        at java.util.concurrent.ThreadPoolExecutor.runWorker(ThreadPoolExecutor.java:1134)&#10;        at java.util.concurrent.ThreadPoolExecutor$Worker.run(ThreadPoolExecutor.java:624)&#10;        at java.lang.Thread.run(Thread.java:748)&#10;&quot;pool-86-thread-21&quot;  prio=5 tid=734 in Object.wait()&#10;java.lang.Thread.State: WAITING (on object monitor)&#10;        at sun.misc.Unsafe.park(Native Method)&#10;        at java.util.concurrent.locks.LockSupport.park(LockSupport.java:175)&#10;        at java.util.concurrent.locks.AbstractQueuedSynchronizer$ConditionObject.await(AbstractQueuedSynchronizer.java:2039)&#10;        at java.util.concurrent.ArrayBlockingQueue.take(ArrayBlockingQueue.java:403)&#10;        at java.util.concurrent.ThreadPoolExecutor.getTask(ThreadPoolExecutor.java:1074)&#10;        at java.util.concurrent.ThreadPoolExecutor.runWorker(ThreadPoolExecutor.java:1134)&#10;        at java.util.concurrent.ThreadPoolExecutor$Worker.run(ThreadPoolExecutor.java:624)&#10;        at java.lang.Thread.run(Thread.java:748)&#10;&quot;pool-26-thread-55&quot;  prio=5 tid=485 in Object.wait()&#10;java.lang.Thread.State: WAITING (on object monitor)&#10;        at sun.misc.Unsafe.park(Native Method)&#10;        at java.util.concurrent.locks.LockSupport.park(LockSupport.java:175)&#10;        at java.util.concurrent.locks.AbstractQueuedSynchronizer$ConditionObject.await(AbstractQueuedSynchronizer.java:2039)&#10;        at java.util.concurrent.ArrayBlockingQueue.take(ArrayBlockingQueue.java:403)&#10;        at java.util.concurrent.ThreadPoolExecutor.getTask(ThreadPoolExecutor.java:1074)&#10;        at java.util.concurrent.ThreadPoolExecutor.runWorker(ThreadPoolExecutor.java:1134)&#10;        at java.util.concurrent.ThreadPoolExecutor$Worker.run(ThreadPoolExecutor.java:624)&#10;        at java.lang.Thread.run(Thread.java:748)&#10;&quot;pool-26-thread-29&quot;  prio=5 tid=421 in Object.wait()&#10;java.lang.Thread.State: WAITING (on object monitor)&#10;        at sun.misc.Unsafe.park(Native Method)&#10;        at java.util.concurrent.locks.LockSupport.park(LockSupport.java:175)&#10;        at java.util.concurrent.locks.AbstractQueuedSynchronizer$ConditionObject.await(AbstractQueuedSynchronizer.java:2039)&#10;        at java.util.concurrent.ArrayBlockingQueue.take(ArrayBlockingQueue.java:403)&#10;        at java.util.concurrent.ThreadPoolExecutor.getTask(ThreadPoolExecutor.java:1074)&#10;        at java.util.concurrent.ThreadPoolExecutor.runWorker(ThreadPoolExecutor.java:1134)&#10;        at java.util.concurrent.ThreadPoolExecutor$Worker.run(ThreadPoolExecutor.java:624)&#10;        at java.lang.Thread.run(Thread.java:748)&#10;&quot;pool-86-thread-33&quot;  prio=5 tid=746 in Object.wait()&#10;java.lang.Thread.State: WAITING (on object monitor)&#10;        at sun.misc.Unsafe.park(Native Method)&#10;        at java.util.concurrent.locks.LockSupport.park(LockSupport.java:175)&#10;        at java.util.concurrent.locks.AbstractQueuedSynchronizer$ConditionObject.await(AbstractQueuedSynchronizer.java:2039)&#10;        at java.util.concurrent.ArrayBlockingQueue.take(ArrayBlockingQueue.java:403)&#10;        at java.util.concurrent.ThreadPoolExecutor.getTask(ThreadPoolExecutor.java:1074)&#10;        at java.util.concurrent.ThreadPoolExecutor.runWorker(ThreadPoolExecutor.java:1134)&#10;        at java.util.concurrent.ThreadPoolExecutor$Worker.run(ThreadPoolExecutor.java:624)&#10;        at java.lang.Thread.run(Thread.java:748)&#10;&quot;grpc-default-worker-ELG-3-1&quot; daemon prio=5 tid=785 runnable&#10;java.lang.Thread.State: RUNNABLE&#10;        at sun.nio.ch.EPollArrayWrapper.epollWait(Native Method)&#10;        at sun.nio.ch.EPollArrayWrapper.poll(EPollArrayWrapper.java:269)&#10;        at sun.nio.ch.EPollSelectorImpl.doSelect(EPollSelectorImpl.java:93)&#10;        at sun.nio.ch.SelectorImpl.lockAndDoSelect(SelectorImpl.java:86)&#10;        at sun.nio.ch.SelectorImpl.select(SelectorImpl.java:97)&#10;        at org.apache.ratis.thirdparty.io.netty.channel.nio.SelectedSelectionKeySetSelector.select(SelectedSelectionKeySetSelector.java:62)&#10;        at org.apache.ratis.thirdparty.io.netty.channel.nio.NioEventLoop.select(NioEventLoop.java:753)&#10;        at org.apache.ratis.thirdparty.io.netty.channel.nio.NioEventLoop.run(NioEventLoop.java:408)&#10;        at org.apache.ratis.thirdparty.io.netty.util.concurrent.SingleThreadEventExecutor$5.run(SingleThreadEventExecutor.java:897)&#10;        at org.apache.ratis.thirdparty.io.netty.util.concurrent.FastThreadLocalRunnable.run(FastThreadLocalRunnable.java:30)&#10;        at java.lang.Thread.run(Thread.java:748)&#10;&quot;pool-76-thread-13&quot;  prio=5 tid=664 in Object.wait()&#10;java.lang.Thread.State: WAITING (on object monitor)&#10;        at sun.misc.Unsafe.park(Native Method)&#10;        at java.util.concurrent.locks.LockSupport.park(LockSupport.java:175)&#10;        at java.util.concurrent.locks.AbstractQueuedSynchronizer$ConditionObject.await(AbstractQueuedSynchronizer.java:2039)&#10;        at java.util.concurrent.ArrayBlockingQueue.take(ArrayBlockingQueue.java:403)&#10;        at java.util.concurrent.ThreadPoolExecutor.getTask(ThreadPoolExecutor.java:1074)&#10;        at java.util.concurrent.ThreadPoolExecutor.runWorker(ThreadPoolExecutor.java:1134)&#10;        at java.util.concurrent.ThreadPoolExecutor$Worker.run(ThreadPoolExecutor.java:624)&#10;        at java.lang.Thread.run(Thread.java:748)&#10;&quot;Datanode State Machine Thread - 0&quot; daemon prio=5 tid=179 timed_waiting&#10;java.lang.Thread.State: TIMED_WAITING&#10;        at sun.misc.Unsafe.park(Native Method)&#10;        at java.util.concurrent.locks.LockSupport.parkNanos(LockSupport.java:215)&#10;        at java.util.concurrent.SynchronousQueue$TransferStack.awaitFulfill(SynchronousQueue.java:460)&#10;        at java.util.concurrent.SynchronousQueue$TransferStack.transfer(SynchronousQueue.java:362)&#10;        at java.util.concurrent.SynchronousQueue.poll(SynchronousQueue.java:941)&#10;        at java.util.concurrent.ThreadPoolExecutor.getTask(ThreadPoolExecutor.java:1073)&#10;        at java.util.concurrent.ThreadPoolExecutor.runWorker(ThreadPoolExecutor.java:1134)&#10;        at java.util.concurrent.ThreadPoolExecutor$Worker.run(ThreadPoolExecutor.java:624)&#10;        at java.lang.Thread.run(Thread.java:748)&#10;&quot;metrics-hadoop-metrics2-reporter-16-thread-1&quot; daemon prio=5 tid=828 timed_waiting&#10;java.lang.Thread.State: TIMED_WAITING&#10;        at sun.misc.Unsafe.park(Native Method)&#10;        at java.util.concurrent.locks.LockSupport.parkNanos(LockSupport.java:215)&#10;        at java.util.concurrent.locks.AbstractQueuedSynchronizer$ConditionObject.awaitNanos(AbstractQueuedSynchronizer.java:2078)&#10;        at java.util.concurrent.ScheduledThreadPoolExecutor$DelayedWorkQueue.take(ScheduledThreadPoolExecutor.java:1093)&#10;        at java.util.concurrent.ScheduledThreadPoolExecutor$DelayedWorkQueue.take(ScheduledThreadPoolExecutor.java:809)&#10;        at java.util.concurrent.ThreadPoolExecutor.getTask(ThreadPoolExecutor.java:1074)&#10;        at java.util.concurrent.ThreadPoolExecutor.runWorker(ThreadPoolExecutor.java:1134)&#10;        at java.util.concurrent.ThreadPoolExecutor$Worker.run(ThreadPoolExecutor.java:624)&#10;        at java.lang.Thread.run(Thread.java:748)&#10;&quot;qtp680988889-94&quot; daemon prio=5 tid=94 timed_waiting&#10;java.lang.Thread.State: TIMED_WAITING&#10;        at sun.misc.Unsafe.park(Native Method)&#10;        at java.util.concurrent.locks.LockSupport.parkNanos(LockSupport.java:215)&#10;        at java.util.concurrent.locks.AbstractQueuedSynchronizer$ConditionObject.awaitNanos(AbstractQueuedSynchronizer.java:2078)&#10;        at org.eclipse.jetty.util.BlockingArrayQueue.poll(BlockingArrayQueue.java:392)&#10;        at org.eclipse.jetty.util.thread.QueuedThreadPool.idleJobPoll(QueuedThreadPool.java:563)&#10;        at org.eclipse.jetty.util.thread.QueuedThreadPool.access$800(QueuedThreadPool.java:48)&#10;        at org.eclipse.jetty.util.thread.QueuedThreadPool$2.run(QueuedThreadPool.java:626)&#10;        at java.lang.Thread.run(Thread.java:748)&#10;&quot;pool-76-thread-40&quot;  prio=5 tid=691 in Object.wait()&#10;java.lang.Thread.State: WAITING (on object monitor)&#10;        at sun.misc.Unsafe.park(Native Method)&#10;        at java.util.concurrent.locks.LockSupport.park(LockSupport.java:175)&#10;        at java.util.concurrent.locks.AbstractQueuedSynchronizer$ConditionObject.await(AbstractQueuedSynchronizer.java:2039)&#10;        at java.util.concurrent.ArrayBlockingQueue.take(ArrayBlockingQueue.java:403)&#10;        at java.util.concurrent.ThreadPoolExecutor.getTask(ThreadPoolExecutor.java:1074)&#10;        at java.util.concurrent.ThreadPoolExecutor.runWorker(ThreadPoolExecutor.java:1134)&#10;        at java.util.concurrent.ThreadPoolExecutor$Worker.run(ThreadPoolExecutor.java:624)&#10;        at java.lang.Thread.run(Thread.java:748)&#10;&quot;IPC Server handler 0 on 36674&quot; daemon prio=5 tid=69 timed_waiting&#10;java.lang.Thread.State: TIMED_WAITING&#10;        at sun.misc.Unsafe.park(Native Method)&#10;        at java.util.concurrent.locks.LockSupport.parkNanos(LockSupport.java:215)&#10;        at java.util.concurrent.locks.AbstractQueuedSynchronizer$ConditionObject.awaitNanos(AbstractQueuedSynchronizer.java:2078)&#10;        at java.util.concurrent.LinkedBlockingQueue.poll(LinkedBlockingQueue.java:467)&#10;        at org.apache.hadoop.ipc.CallQueueManager.take(CallQueueManager.java:288)&#10;        at org.apache.hadoop.ipc.Server$Handler.run(Server.java:2668)&#10;&quot;metrics-hadoop-metrics2-reporter-74-thread-1&quot; daemon prio=5 tid=1114 timed_waiting&#10;java.lang.Thread.State: TIMED_WAITING&#10;        at sun.misc.Unsafe.park(Native Method)&#10;        at java.util.concurrent.locks.LockSupport.parkNanos(LockSupport.java:215)&#10;        at java.util.concurrent.locks.AbstractQueuedSynchronizer$ConditionObject.awaitNanos(AbstractQueuedSynchronizer.java:2078)&#10;        at java.util.concurrent.ScheduledThreadPoolExecutor$DelayedWorkQueue.take(ScheduledThreadPoolExecutor.java:1093)&#10;        at java.util.concurrent.ScheduledThreadPoolExecutor$DelayedWorkQueue.take(ScheduledThreadPoolExecutor.java:809)&#10;        at java.util.concurrent.ThreadPoolExecutor.getTask(ThreadPoolExecutor.java:1074)&#10;        at java.util.concurrent.ThreadPoolExecutor.runWorker(ThreadPoolExecutor.java:1134)&#10;        at java.util.concurrent.ThreadPoolExecutor$Worker.run(ThreadPoolExecutor.java:624)&#10;        at java.lang.Thread.run(Thread.java:748)&#10;&quot;pool-26-thread-35&quot;  prio=5 tid=431 in Object.wait()&#10;java.lang.Thread.State: WAITING (on object monitor)&#10;        at sun.misc.Unsafe.park(Native Method)&#10;        at java.util.concurrent.locks.LockSupport.park(LockSupport.java:175)&#10;        at java.util.concurrent.locks.AbstractQueuedSynchronizer$ConditionObject.await(AbstractQueuedSynchronizer.java:2039)&#10;        at java.util.concurrent.ArrayBlockingQueue.take(ArrayBlockingQueue.java:403)&#10;        at java.util.concurrent.ThreadPoolExecutor.getTask(ThreadPoolExecutor.java:1074)&#10;        at java.util.concurrent.ThreadPoolExecutor.runWorker(ThreadPoolExecutor.java:1134)&#10;        at java.util.concurrent.ThreadPoolExecutor$Worker.run(ThreadPoolExecutor.java:624)&#10;        at java.lang.Thread.run(Thread.java:748)&#10;&quot;24274e9f-e41f-4654-9afc-a783ca44e44b@group-20BE3FF63202-StateMachineUpdater&quot; daemon prio=5 tid=1024 in Object.wait()&#10;java.lang.Thread.State: WAITING (on object monitor)&#10;        at java.lang.Object.wait(Native Method)&#10;        at java.lang.Object.wait(Object.java:502)&#10;        at org.apache.ratis.server.impl.StateMachineUpdater.waitForCommit(StateMachineUpdater.java:194)&#10;        at org.apache.ratis.server.impl.StateMachineUpdater.run(StateMachineUpdater.java:159)&#10;        at java.lang.Thread.run(Thread.java:748)&#10;&quot;48796f01-a45e-4e78-98f3-7a8f6b07cc28@group-7DC3B7510CFE-StateMachineUpdater&quot; daemon prio=5 tid=854 in Object.wait()&#10;java.lang.Thread.State: WAITING (on object monitor)&#10;        at java.lang.Object.wait(Native Method)&#10;        at java.lang.Object.wait(Object.java:502)&#10;        at org.apache.ratis.server.impl.StateMachineUpdater.waitForCommit(StateMachineUpdater.java:194)&#10;        at org.apache.ratis.server.impl.StateMachineUpdater.run(StateMachineUpdater.java:159)&#10;        at java.lang.Thread.run(Thread.java:748)&#10;&quot;pool-76-thread-25&quot;  prio=5 tid=676 in Object.wait()&#10;java.lang.Thread.State: WAITING (on object monitor)&#10;        at sun.misc.Unsafe.park(Native Method)&#10;        at java.util.concurrent.locks.LockSupport.park(LockSupport.java:175)&#10;        at java.util.concurrent.locks.AbstractQueuedSynchronizer$ConditionObject.await(AbstractQueuedSynchronizer.java:2039)&#10;        at java.util.concurrent.ArrayBlockingQueue.take(ArrayBlockingQueue.java:403)&#10;        at java.util.concurrent.ThreadPoolExecutor.getTask(ThreadPoolExecutor.java:1074)&#10;        at java.util.concurrent.ThreadPoolExecutor.runWorker(ThreadPoolExecutor.java:1134)&#10;        at java.util.concurrent.ThreadPoolExecutor$Worker.run(ThreadPoolExecutor.java:624)&#10;        at java.lang.Thread.run(Thread.java:748)&#10;&quot;IPC Server handler 2 on 36674&quot; daemon prio=5 tid=71 timed_waiting&#10;java.lang.Thread.State: TIMED_WAITING&#10;        at sun.misc.Unsafe.park(Native Method)&#10;        at java.util.concurrent.locks.LockSupport.parkNanos(LockSupport.java:215)&#10;        at java.util.concurrent.locks.AbstractQueuedSynchronizer$ConditionObject.awaitNanos(AbstractQueuedSynchronizer.java:2078)&#10;        at java.util.concurrent.LinkedBlockingQueue.poll(LinkedBlockingQueue.java:467)&#10;        at org.apache.hadoop.ipc.CallQueueManager.take(CallQueueManager.java:288)&#10;        at org.apache.hadoop.ipc.Server$Handler.run(Server.java:2668)&#10;&quot;pool-66-thread-2&quot;  prio=5 tid=582 in Object.wait()&#10;java.lang.Thread.State: WAITING (on object monitor)&#10;        at sun.misc.Unsafe.park(Native Method)&#10;        at java.util.concurrent.locks.LockSupport.park(LockSupport.java:175)&#10;        at java.util.concurrent.locks.AbstractQueuedSynchronizer$ConditionObject.await(AbstractQueuedSynchronizer.java:2039)&#10;        at java.util.concurrent.ArrayBlockingQueue.take(ArrayBlockingQueue.java:403)&#10;        at java.util.concurrent.ThreadPoolExecutor.getTask(ThreadPoolExecutor.java:1074)&#10;        at java.util.concurrent.ThreadPoolExecutor.runWorker(ThreadPoolExecutor.java:1134)&#10;        at java.util.concurrent.ThreadPoolExecutor$Worker.run(ThreadPoolExecutor.java:624)&#10;        at java.lang.Thread.run(Thread.java:748)&#10;&quot;metrics-hadoop-metrics2-reporter-17-thread-1&quot; daemon prio=5 tid=831 timed_waiting&#10;java.lang.Thread.State: TIMED_WAITING&#10;        at sun.misc.Unsafe.park(Native Method)&#10;        at java.util.concurrent.locks.LockSupport.parkNanos(LockSupport.java:215)&#10;        at java.util.concurrent.locks.AbstractQueuedSynchronizer$ConditionObject.awaitNanos(AbstractQueuedSynchronizer.java:2078)&#10;        at java.util.concurrent.ScheduledThreadPoolExecutor$DelayedWorkQueue.take(ScheduledThreadPoolExecutor.java:1093)&#10;        at java.util.concurrent.ScheduledThreadPoolExecutor$DelayedWorkQueue.take(ScheduledThreadPoolExecutor.java:809)&#10;        at java.util.concurrent.ThreadPoolExecutor.getTask(ThreadPoolExecutor.java:1074)&#10;        at java.util.concurrent.ThreadPoolExecutor.runWorker(ThreadPoolExecutor.java:1134)&#10;        at java.util.concurrent.ThreadPoolExecutor$Worker.run(ThreadPoolExecutor.java:624)&#10;        at java.lang.Thread.run(Thread.java:748)&#10;&quot;pool-76-thread-19&quot;  prio=5 tid=670 in Object.wait()&#10;java.lang.Thread.State: WAITING (on object monitor)&#10;        at sun.misc.Unsafe.park(Native Method)&#10;        at java.util.concurrent.locks.LockSupport.park(LockSupport.java:175)&#10;        at java.util.concurrent.locks.AbstractQueuedSynchronizer$ConditionObject.await(AbstractQueuedSynchronizer.java:2039)&#10;        at java.util.concurrent.ArrayBlockingQueue.take(ArrayBlockingQueue.java:403)&#10;        at java.util.concurrent.ThreadPoolExecutor.getTask(ThreadPoolExecutor.java:1074)&#10;        at java.util.concurrent.ThreadPoolExecutor.runWorker(ThreadPoolExecutor.java:1134)&#10;        at java.util.concurrent.ThreadPoolExecutor$Worker.run(ThreadPoolExecutor.java:624)&#10;        at java.lang.Thread.run(Thread.java:748)&#10;&quot;pool-46-thread-56&quot;  prio=5 tid=516 in Object.wait()&#10;java.lang.Thread.State: WAITING (on object monitor)&#10;        at sun.misc.Unsafe.park(Native Method)&#10;        at java.util.concurrent.locks.LockSupport.park(LockSupport.java:175)&#10;        at java.util.concurrent.locks.AbstractQueuedSynchronizer$ConditionObject.await(AbstractQueuedSynchronizer.java:2039)&#10;        at java.util.concurrent.ArrayBlockingQueue.take(ArrayBlockingQueue.java:403)&#10;        at java.util.concurrent.ThreadPoolExecutor.getTask(ThreadPoolExecutor.java:1074)&#10;        at java.util.concurrent.ThreadPoolExecutor.runWorker(ThreadPoolExecutor.java:1134)&#10;        at java.util.concurrent.ThreadPoolExecutor$Worker.run(ThreadPoolExecutor.java:624)&#10;        at java.lang.Thread.run(Thread.java:748)&#10;&quot;pool-46-thread-12&quot;  prio=5 tid=381 in Object.wait()&#10;java.lang.Thread.State: WAITING (on object monitor)&#10;        at sun.misc.Unsafe.park(Native Method)&#10;        at java.util.concurrent.locks.LockSupport.park(LockSupport.java:175)&#10;        at java.util.concurrent.locks.AbstractQueuedSynchronizer$ConditionObject.await(AbstractQueuedSynchronizer.java:2039)&#10;        at java.util.concurrent.ArrayBlockingQueue.take(ArrayBlockingQueue.java:403)&#10;        at java.util.concurrent.ThreadPoolExecutor.getTask(ThreadPoolExecutor.java:1074)&#10;        at java.util.concurrent.ThreadPoolExecutor.runWorker(ThreadPoolExecutor.java:1134)&#10;        at java.util.concurrent.ThreadPoolExecutor$Worker.run(ThreadPoolExecutor.java:624)&#10;        at java.lang.Thread.run(Thread.java:748)&#10;&quot;IPC Server handler 6 on 45290&quot; daemon prio=5 tid=55 timed_waiting&#10;java.lang.Thread.State: TIMED_WAITING&#10;        at sun.misc.Unsafe.park(Native Method)&#10;        at java.util.concurrent.locks.LockSupport.parkNanos(LockSupport.java:215)&#10;        at java.util.concurrent.locks.AbstractQueuedSynchronizer$ConditionObject.awaitNanos(AbstractQueuedSynchronizer.java:2078)&#10;        at java.util.concurrent.LinkedBlockingQueue.poll(LinkedBlockingQueue.java:467)&#10;        at org.apache.hadoop.ipc.CallQueueManager.take(CallQueueManager.java:288)&#10;        at org.apache.hadoop.ipc.Server$Handler.run(Server.java:2668)&#10;&quot;qtp680988889-93&quot; daemon prio=5 tid=93 timed_waiting&#10;java.lang.Thread.State: TIMED_WAITING&#10;        at sun.misc.Unsafe.park(Native Method)&#10;        at java.util.concurrent.locks.LockSupport.parkNanos(LockSupport.java:215)&#10;        at java.util.concurrent.locks.AbstractQueuedSynchronizer$ConditionObject.awaitNanos(AbstractQueuedSynchronizer.java:2078)&#10;        at org.eclipse.jetty.util.BlockingArrayQueue.poll(BlockingArrayQueue.java:392)&#10;        at org.eclipse.jetty.util.thread.QueuedThreadPool.idleJobPoll(QueuedThreadPool.java:563)&#10;        at org.eclipse.jetty.util.thread.QueuedThreadPool.access$800(QueuedThreadPool.java:48)&#10;        at org.eclipse.jetty.util.thread.QueuedThreadPool$2.run(QueuedThreadPool.java:626)&#10;        at java.lang.Thread.run(Thread.java:748)&#10;&quot;pool-36-thread-25&quot;  prio=5 tid=418 in Object.wait()&#10;java.lang.Thread.State: WAITING (on object monitor)&#10;        at sun.misc.Unsafe.park(Native Method)&#10;        at java.util.concurrent.locks.LockSupport.park(LockSupport.java:175)&#10;        at java.util.concurrent.locks.AbstractQueuedSynchronizer$ConditionObject.await(AbstractQueuedSynchronizer.java:2039)&#10;        at java.util.concurrent.ArrayBlockingQueue.take(ArrayBlockingQueue.java:403)&#10;        at java.util.concurrent.ThreadPoolExecutor.getTask(ThreadPoolExecutor.java:1074)&#10;        at java.util.concurrent.ThreadPoolExecutor.runWorker(ThreadPoolExecutor.java:1134)&#10;        at java.util.concurrent.ThreadPoolExecutor$Worker.run(ThreadPoolExecutor.java:624)&#10;        at java.lang.Thread.run(Thread.java:748)&#10;&quot;pool-67-thread-1&quot;  prio=5 tid=860 in Object.wait()&#10;java.lang.Thread.State: WAITING (on object monitor)&#10;        at sun.misc.Unsafe.park(Native Method)&#10;        at java.util.concurrent.locks.LockSupport.park(LockSupport.java:175)&#10;        at java.util.concurrent.locks.AbstractQueuedSynchronizer$ConditionObject.await(AbstractQueuedSynchronizer.java:2039)&#10;        at java.util.concurrent.LinkedBlockingQueue.take(LinkedBlockingQueue.java:442)&#10;        at java.util.concurrent.ThreadPoolExecutor.getTask(ThreadPoolExecutor.java:1074)&#10;        at java.util.concurrent.ThreadPoolExecutor.runWorker(ThreadPoolExecutor.java:1134)&#10;        at java.util.concurrent.ThreadPoolExecutor$Worker.run(ThreadPoolExecutor.java:624)&#10;        at java.lang.Thread.run(Thread.java:748)&#10;&quot;Timer-0&quot;  prio=5 tid=112 timed_waiting&#10;java.lang.Thread.State: TIMED_WAITING&#10;        at java.lang.Object.wait(Native Method)&#10;        at java.util.TimerThread.mainLoop(Timer.java:552)&#10;        at java.util.TimerThread.run(Timer.java:505)&#10;&quot;qtp64989209-294&quot; daemon prio=5 tid=294 runnable&#10;java.lang.Thread.State: RUNNABLE&#10;        at sun.nio.ch.EPollArrayWrapper.epollWait(Native Method)&#10;        at sun.nio.ch.EPollArrayWrapper.poll(EPollArrayWrapper.java:269)&#10;        at sun.nio.ch.EPollSelectorImpl.doSelect(EPollSelectorImpl.java:93)&#10;        at sun.nio.ch.SelectorImpl.lockAndDoSelect(SelectorImpl.java:86)&#10;        at sun.nio.ch.SelectorImpl.select(SelectorImpl.java:97)&#10;        at sun.nio.ch.SelectorImpl.select(SelectorImpl.java:101)&#10;        at org.eclipse.jetty.io.ManagedSelector$SelectorProducer.select(ManagedSelector.java:243)&#10;        at org.eclipse.jetty.io.ManagedSelector$SelectorProducer.produce(ManagedSelector.java:191)&#10;        at org.eclipse.jetty.util.thread.strategy.ExecuteProduceConsume.executeProduceConsume(ExecuteProduceConsume.java:249)&#10;        at org.eclipse.jetty.util.thread.strategy.ExecuteProduceConsume.produceConsume(ExecuteProduceConsume.java:148)&#10;        at org.eclipse.jetty.util.thread.strategy.ExecuteProduceConsume.execute(ExecuteProduceConsume.java:100)&#10;        at org.eclipse.jetty.io.ManagedSelector.run(ManagedSelector.java:147)&#10;        at org.eclipse.jetty.util.thread.QueuedThreadPool.runJob(QueuedThreadPool.java:671)&#10;        at org.eclipse.jetty.util.thread.QueuedThreadPool$2.run(QueuedThreadPool.java:589)&#10;        at java.lang.Thread.run(Thread.java:748)&#10;&quot;pool-76-thread-38&quot;  prio=5 tid=689 in Object.wait()&#10;java.lang.Thread.State: WAITING (on object monitor)&#10;        at sun.misc.Unsafe.park(Native Method)&#10;        at java.util.concurrent.locks.LockSupport.park(LockSupport.java:175)&#10;        at java.util.concurrent.locks.AbstractQueuedSynchronizer$ConditionObject.await(AbstractQueuedSynchronizer.java:2039)&#10;        at java.util.concurrent.ArrayBlockingQueue.take(ArrayBlockingQueue.java:403)&#10;        at java.util.concurrent.ThreadPoolExecutor.getTask(ThreadPoolExecutor.java:1074)&#10;        at java.util.concurrent.ThreadPoolExecutor.runWorker(ThreadPoolExecutor.java:1134)&#10;        at java.util.concurrent.ThreadPoolExecutor$Worker.run(ThreadPoolExecutor.java:624)&#10;        at java.lang.Thread.run(Thread.java:748)&#10;&quot;IPC Server listener on 44783&quot; daemon prio=5 tid=107 runnable&#10;java.lang.Thread.State: RUNNABLE&#10;        at sun.nio.ch.EPollArrayWrapper.epollWait(Native Method)&#10;        at sun.nio.ch.EPollArrayWrapper.poll(EPollArrayWrapper.java:269)&#10;        at sun.nio.ch.EPollSelectorImpl.doSelect(EPollSelectorImpl.java:93)&#10;        at sun.nio.ch.SelectorImpl.lockAndDoSelect(SelectorImpl.java:86)&#10;        at sun.nio.ch.SelectorImpl.select(SelectorImpl.java:97)&#10;        at sun.nio.ch.SelectorImpl.select(SelectorImpl.java:101)&#10;        at org.apache.hadoop.ipc.Server$Listener.run(Server.java:1159)&#10;&quot;Datanode ReportManager Thread - 2&quot; daemon prio=5 tid=281 timed_waiting&#10;java.lang.Thread.State: TIMED_WAITING&#10;        at sun.misc.Unsafe.park(Native Method)&#10;        at java.util.concurrent.locks.LockSupport.parkNanos(LockSupport.java:215)&#10;        at java.util.concurrent.locks.AbstractQueuedSynchronizer$ConditionObject.awaitNanos(AbstractQueuedSynchronizer.java:2078)&#10;        at java.util.concurrent.ScheduledThreadPoolExecutor$DelayedWorkQueue.take(ScheduledThreadPoolExecutor.java:1093)&#10;        at java.util.concurrent.ScheduledThreadPoolExecutor$DelayedWorkQueue.take(ScheduledThreadPoolExecutor.java:809)&#10;        at java.util.concurrent.ThreadPoolExecutor.getTask(ThreadPoolExecutor.java:1074)&#10;        at java.util.concurrent.ThreadPoolExecutor.runWorker(ThreadPoolExecutor.java:1134)&#10;        at java.util.concurrent.ThreadPoolExecutor$Worker.run(ThreadPoolExecutor.java:624)&#10;        at java.lang.Thread.run(Thread.java:748)&#10;&quot;org.eclipse.jetty.server.session.HashSessionManager@a098d76Timer&quot; daemon prio=5 tid=275 timed_waiting&#10;java.lang.Thread.State: TIMED_WAITING&#10;        at sun.misc.Unsafe.park(Native Method)&#10;        at java.util.concurrent.locks.LockSupport.parkNanos(LockSupport.java:215)&#10;        at java.util.concurrent.locks.AbstractQueuedSynchronizer$ConditionObject.awaitNanos(AbstractQueuedSynchronizer.java:2078)&#10;        at java.util.concurrent.ScheduledThreadPoolExecutor$DelayedWorkQueue.take(ScheduledThreadPoolExecutor.java:1093)&#10;        at java.util.concurrent.ScheduledThreadPoolExecutor$DelayedWorkQueue.take(ScheduledThreadPoolExecutor.java:809)&#10;        at java.util.concurrent.ThreadPoolExecutor.getTask(ThreadPoolExecutor.java:1074)&#10;        at java.util.concurrent.ThreadPoolExecutor.runWorker(ThreadPoolExecutor.java:1134)&#10;        at java.util.concurrent.ThreadPoolExecutor$Worker.run(ThreadPoolExecutor.java:624)&#10;        at java.lang.Thread.run(Thread.java:748)&#10;&quot;org.eclipse.jetty.server.session.HashSessionManager@660f0cTimer&quot; daemon prio=5 tid=196 timed_waiting&#10;java.lang.Thread.State: TIMED_WAITING&#10;        at sun.misc.Unsafe.park(Native Method)&#10;        at java.util.concurrent.locks.LockSupport.parkNanos(LockSupport.java:215)&#10;        at java.util.concurrent.locks.AbstractQueuedSynchronizer$ConditionObject.awaitNanos(AbstractQueuedSynchronizer.java:2078)&#10;        at java.util.concurrent.ScheduledThreadPoolExecutor$DelayedWorkQueue.take(ScheduledThreadPoolExecutor.java:1093)&#10;        at java.util.concurrent.ScheduledThreadPoolExecutor$DelayedWorkQueue.take(ScheduledThreadPoolExecutor.java:809)&#10;        at java.util.concurrent.ThreadPoolExecutor.getTask(ThreadPoolExecutor.java:1074)&#10;        at java.util.concurrent.ThreadPoolExecutor.runWorker(ThreadPoolExecutor.java:1134)&#10;        at java.util.concurrent.ThreadPoolExecutor$Worker.run(ThreadPoolExecutor.java:624)&#10;        at java.lang.Thread.run(Thread.java:748)&#10;&quot;metrics-hadoop-metrics2-reporter-8-thread-1&quot; daemon prio=5 tid=808 timed_waiting&#10;java.lang.Thread.State: TIMED_WAITING&#10;        at sun.misc.Unsafe.park(Native Method)&#10;        at java.util.concurrent.locks.LockSupport.parkNanos(LockSupport.java:215)&#10;        at java.util.concurrent.locks.AbstractQueuedSynchronizer$ConditionObject.awaitNanos(AbstractQueuedSynchronizer.java:2078)&#10;        at java.util.concurrent.ScheduledThreadPoolExecutor$DelayedWorkQueue.take(ScheduledThreadPoolExecutor.java:1093)&#10;        at java.util.concurrent.ScheduledThreadPoolExecutor$DelayedWorkQueue.take(ScheduledThreadPoolExecutor.java:809)&#10;        at java.util.concurrent.ThreadPoolExecutor.getTask(ThreadPoolExecutor.java:1074)&#10;        at java.util.concurrent.ThreadPoolExecutor.runWorker(ThreadPoolExecutor.java:1134)&#10;        at java.util.concurrent.ThreadPoolExecutor$Worker.run(ThreadPoolExecutor.java:624)&#10;        at java.lang.Thread.run(Thread.java:748)&#10;&quot;pool-46-thread-23&quot;  prio=5 tid=410 in Object.wait()&#10;java.lang.Thread.State: WAITING (on object monitor)&#10;        at sun.misc.Unsafe.park(Native Method)&#10;        at java.util.concurrent.locks.LockSupport.park(LockSupport.java:175)&#10;        at java.util.concurrent.locks.AbstractQueuedSynchronizer$ConditionObject.await(AbstractQueuedSynchronizer.java:2039)&#10;        at java.util.concurrent.ArrayBlockingQueue.take(ArrayBlockingQueue.java:403)&#10;        at java.util.concurrent.ThreadPoolExecutor.getTask(ThreadPoolExecutor.java:1074)&#10;        at java.util.concurrent.ThreadPoolExecutor.runWorker(ThreadPoolExecutor.java:1134)&#10;        at java.util.concurrent.ThreadPoolExecutor$Worker.run(ThreadPoolExecutor.java:624)&#10;        at java.lang.Thread.run(Thread.java:748)&#10;&quot;org.eclipse.jetty.server.session.HashSessionManager@73c9e8e8Timer&quot; daemon prio=5 tid=169 timed_waiting&#10;java.lang.Thread.State: TIMED_WAITING&#10;        at sun.misc.Unsafe.park(Native Method)&#10;        at java.util.concurrent.locks.LockSupport.parkNanos(LockSupport.java:215)&#10;        at java.util.concurrent.locks.AbstractQueuedSynchronizer$ConditionObject.awaitNanos(AbstractQueuedSynchronizer.java:2078)&#10;        at java.util.concurrent.ScheduledThreadPoolExecutor$DelayedWorkQueue.take(ScheduledThreadPoolExecutor.java:1093)&#10;        at java.util.concurrent.ScheduledThreadPoolExecutor$DelayedWorkQueue.take(ScheduledThreadPoolExecutor.java:809)&#10;        at java.util.concurrent.ThreadPoolExecutor.getTask(ThreadPoolExecutor.java:1074)&#10;        at java.util.concurrent.ThreadPoolExecutor.runWorker(ThreadPoolExecutor.java:1134)&#10;        at java.util.concurrent.ThreadPoolExecutor$Worker.run(ThreadPoolExecutor.java:624)&#10;        at java.lang.Thread.run(Thread.java:748)&#10;&quot;Datanode State Machine Thread - 0&quot; daemon prio=5 tid=197 timed_waiting&#10;java.lang.Thread.State: TIMED_WAITING&#10;        at java.lang.Thread.sleep(Native Method)&#10;        at org.apache.hadoop.ozone.container.common.statemachine.DatanodeStateMachine.start(DatanodeStateMachine.java:191)&#10;        at org.apache.hadoop.ozone.container.common.statemachine.DatanodeStateMachine.lambda$startDaemon$0(DatanodeStateMachine.java:349)&#10;        at org.apache.hadoop.ozone.container.common.statemachine.DatanodeStateMachine$$Lambda$140/690051320.run(Unknown Source)&#10;        at java.lang.Thread.run(Thread.java:748)&#10;&quot;SCMBlockDeletingService#1&quot; daemon prio=5 tid=102 in Object.wait()&#10;java.lang.Thread.State: WAITING (on object monitor)&#10;        at sun.misc.Unsafe.park(Native Method)&#10;        at java.util.concurrent.locks.LockSupport.park(LockSupport.java:175)&#10;        at java.util.concurrent.locks.AbstractQueuedSynchronizer$ConditionObject.await(AbstractQueuedSynchronizer.java:2039)&#10;        at java.util.concurrent.ScheduledThreadPoolExecutor$DelayedWorkQueue.take(ScheduledThreadPoolExecutor.java:1088)&#10;        at java.util.concurrent.ScheduledThreadPoolExecutor$DelayedWorkQueue.take(ScheduledThreadPoolExecutor.java:809)&#10;        at java.util.concurrent.ThreadPoolExecutor.getTask(ThreadPoolExecutor.java:1074)&#10;        at java.util.concurrent.ThreadPoolExecutor.runWorker(ThreadPoolExecutor.java:1134)&#10;        at java.util.concurrent.ThreadPoolExecutor$Worker.run(ThreadPoolExecutor.java:624)&#10;        at java.lang.Thread.run(Thread.java:748)&#10;&quot;pool-56-thread-44&quot;  prio=5 tid=564 in Object.wait()&#10;java.lang.Thread.State: WAITING (on object monitor)&#10;        at sun.misc.Unsafe.park(Native Method)&#10;        at java.util.concurrent.locks.LockSupport.park(LockSupport.java:175)&#10;        at java.util.concurrent.locks.AbstractQueuedSynchronizer$ConditionObject.await(AbstractQueuedSynchronizer.java:2039)&#10;        at java.util.concurrent.ArrayBlockingQueue.take(ArrayBlockingQueue.java:403)&#10;        at java.util.concurrent.ThreadPoolExecutor.getTask(ThreadPoolExecutor.java:1074)&#10;        at java.util.concurrent.ThreadPoolExecutor.runWorker(ThreadPoolExecutor.java:1134)&#10;        at java.util.concurrent.ThreadPoolExecutor$Worker.run(ThreadPoolExecutor.java:624)&#10;        at java.lang.Thread.run(Thread.java:748)&#10;&quot;qtp1168956689-327&quot; daemon prio=5 tid=327 timed_waiting&#10;java.lang.Thread.State: TIMED_WAITING&#10;        at sun.misc.Unsafe.park(Native Method)&#10;        at java.util.concurrent.locks.LockSupport.parkNanos(LockSupport.java:215)&#10;        at java.util.concurrent.locks.AbstractQueuedSynchronizer$ConditionObject.awaitNanos(AbstractQueuedSynchronizer.java:2078)&#10;        at org.eclipse.jetty.util.BlockingArrayQueue.poll(BlockingArrayQueue.java:392)&#10;        at org.eclipse.jetty.util.thread.QueuedThreadPool.idleJobPoll(QueuedThreadPool.java:563)&#10;        at org.eclipse.jetty.util.thread.QueuedThreadPool.access$800(QueuedThreadPool.java:48)&#10;        at org.eclipse.jetty.util.thread.QueuedThreadPool$2.run(QueuedThreadPool.java:626)&#10;        at java.lang.Thread.run(Thread.java:748)&#10;&quot;pool-86-thread-49&quot;  prio=5 tid=762 in Object.wait()&#10;java.lang.Thread.State: WAITING (on object monitor)&#10;        at sun.misc.Unsafe.park(Native Method)&#10;        at java.util.concurrent.locks.LockSupport.park(LockSupport.java:175)&#10;        at java.util.concurrent.locks.AbstractQueuedSynchronizer$ConditionObject.await(AbstractQueuedSynchronizer.java:2039)&#10;        at java.util.concurrent.ArrayBlockingQueue.take(ArrayBlockingQueue.java:403)&#10;        at java.util.concurrent.ThreadPoolExecutor.getTask(ThreadPoolExecutor.java:1074)&#10;        at java.util.concurrent.ThreadPoolExecutor.runWorker(ThreadPoolExecutor.java:1134)&#10;        at java.util.concurrent.ThreadPoolExecutor$Worker.run(ThreadPoolExecutor.java:624)&#10;        at java.lang.Thread.run(Thread.java:748)&#10;&quot;java.util.concurrent.ThreadPoolExecutor$Worker@22e5c117[State = -1, empty queue]&quot; daemon prio=5 tid=1003 timed_waiting&#10;java.lang.Thread.State: TIMED_WAITING&#10;        at sun.misc.Unsafe.park(Native Method)&#10;        at java.util.concurrent.locks.LockSupport.parkNanos(LockSupport.java:215)&#10;        at java.util.concurrent.locks.AbstractQueuedSynchronizer$ConditionObject.awaitNanos(AbstractQueuedSynchronizer.java:2078)&#10;        at java.util.concurrent.ScheduledThreadPoolExecutor$DelayedWorkQueue.take(ScheduledThreadPoolExecutor.java:1093)&#10;        at java.util.concurrent.ScheduledThreadPoolExecutor$DelayedWorkQueue.take(ScheduledThreadPoolExecutor.java:809)&#10;        at java.util.concurrent.ThreadPoolExecutor.getTask(ThreadPoolExecutor.java:1074)&#10;        at java.util.concurrent.ThreadPoolExecutor.runWorker(ThreadPoolExecutor.java:1134)&#10;        at java.util.concurrent.ThreadPoolExecutor$Worker.run(ThreadPoolExecutor.java:624)&#10;        at java.lang.Thread.run(Thread.java:748)&#10;&quot;pool-87-thread-1&quot;  prio=5 tid=812 in Object.wait()&#10;java.lang.Thread.State: WAITING (on object monitor)&#10;        at sun.misc.Unsafe.park(Native Method)&#10;        at java.util.concurrent.locks.LockSupport.park(LockSupport.java:175)&#10;        at java.util.concurrent.locks.AbstractQueuedSynchronizer$ConditionObject.await(AbstractQueuedSynchronizer.java:2039)&#10;        at java.util.concurrent.LinkedBlockingQueue.take(LinkedBlockingQueue.java:442)&#10;        at java.util.concurrent.ThreadPoolExecutor.getTask(ThreadPoolExecutor.java:1074)&#10;        at java.util.concurrent.ThreadPoolExecutor.runWorker(ThreadPoolExecutor.java:1134)&#10;        at java.util.concurrent.ThreadPoolExecutor$Worker.run(ThreadPoolExecutor.java:624)&#10;        at java.lang.Thread.run(Thread.java:748)&#10;&quot;pool-36-thread-3&quot;  prio=5 tid=347 in Object.wait()&#10;java.lang.Thread.State: WAITING (on object monitor)&#10;        at sun.misc.Unsafe.park(Native Method)&#10;        at java.util.concurrent.locks.LockSupport.park(LockSupport.java:175)&#10;        at java.util.concurrent.locks.AbstractQueuedSynchronizer$ConditionObject.await(AbstractQueuedSynchronizer.java:2039)&#10;        at java.util.concurrent.ArrayBlockingQueue.take(ArrayBlockingQueue.java:403)&#10;        at java.util.concurrent.ThreadPoolExecutor.getTask(ThreadPoolExecutor.java:1074)&#10;        at java.util.concurrent.ThreadPoolExecutor.runWorker(ThreadPoolExecutor.java:1134)&#10;        at java.util.concurrent.ThreadPoolExecutor$Worker.run(ThreadPoolExecutor.java:624)&#10;        at java.lang.Thread.run(Thread.java:748)&#10;&quot;pool-56-thread-39&quot;  prio=5 tid=559 in Object.wait()&#10;java.lang.Thread.State: WAITING (on object monitor)&#10;        at sun.misc.Unsafe.park(Native Method)&#10;        at java.util.concurrent.locks.LockSupport.park(LockSupport.java:175)&#10;        at java.util.concurrent.locks.AbstractQueuedSynchronizer$ConditionObject.await(AbstractQueuedSynchronizer.java:2039)&#10;        at java.util.concurrent.ArrayBlockingQueue.take(ArrayBlockingQueue.java:403)&#10;        at java.util.concurrent.ThreadPoolExecutor.getTask(ThreadPoolExecutor.java:1074)&#10;        at java.util.concurrent.ThreadPoolExecutor.runWorker(ThreadPoolExecutor.java:1134)&#10;        at java.util.concurrent.ThreadPoolExecutor$Worker.run(ThreadPoolExecutor.java:624)&#10;        at java.lang.Thread.run(Thread.java:748)&#10;&quot;metrics-hadoop-metrics2-reporter-52-thread-1&quot; daemon prio=5 tid=995 timed_waiting&#10;java.lang.Thread.State: TIMED_WAITING&#10;        at sun.misc.Unsafe.park(Native Method)&#10;        at java.util.concurrent.locks.LockSupport.parkNanos(LockSupport.java:215)&#10;        at java.util.concurrent.locks.AbstractQueuedSynchronizer$ConditionObject.awaitNanos(AbstractQueuedSynchronizer.java:2078)&#10;        at java.util.concurrent.ScheduledThreadPoolExecutor$DelayedWorkQueue.take(ScheduledThreadPoolExecutor.java:1093)&#10;        at java.util.concurrent.ScheduledThreadPoolExecutor$DelayedWorkQueue.take(ScheduledThreadPoolExecutor.java:809)&#10;        at java.util.concurrent.ThreadPoolExecutor.getTask(ThreadPoolExecutor.java:1074)&#10;        at java.util.concurrent.ThreadPoolExecutor.runWorker(ThreadPoolExecutor.java:1134)&#10;        at java.util.concurrent.ThreadPoolExecutor$Worker.run(ThreadPoolExecutor.java:624)&#10;        at java.lang.Thread.run(Thread.java:748)&#10;&quot;pool-76-thread-21&quot;  prio=5 tid=672 in Object.wait()&#10;java.lang.Thread.State: WAITING (on object monitor)&#10;        at sun.misc.Unsafe.park(Native Method)&#10;        at java.util.concurrent.locks.LockSupport.park(LockSupport.java:175)&#10;        at java.util.concurrent.locks.AbstractQueuedSynchronizer$ConditionObject.await(AbstractQueuedSynchronizer.java:2039)&#10;        at java.util.concurrent.ArrayBlockingQueue.take(ArrayBlockingQueue.java:403)&#10;        at java.util.concurrent.ThreadPoolExecutor.getTask(ThreadPoolExecutor.java:1074)&#10;        at java.util.concurrent.ThreadPoolExecutor.runWorker(ThreadPoolExecutor.java:1134)&#10;        at java.util.concurrent.ThreadPoolExecutor$Worker.run(ThreadPoolExecutor.java:624)&#10;        at java.lang.Thread.run(Thread.java:748)&#10;&quot;metrics-hadoop-metrics2-reporter-65-thread-1&quot; daemon prio=5 tid=1063 timed_waiting&#10;java.lang.Thread.State: TIMED_WAITING&#10;        at sun.misc.Unsafe.park(Native Method)&#10;        at java.util.concurrent.locks.LockSupport.parkNanos(LockSupport.java:215)&#10;        at java.util.concurrent.locks.AbstractQueuedSynchronizer$ConditionObject.awaitNanos(AbstractQueuedSynchronizer.java:2078)&#10;        at java.util.concurrent.ScheduledThreadPoolExecutor$DelayedWorkQueue.take(ScheduledThreadPoolExecutor.java:1093)&#10;        at java.util.concurrent.ScheduledThreadPoolExecutor$DelayedWorkQueue.take(ScheduledThreadPoolExecutor.java:809)&#10;        at java.util.concurrent.ThreadPoolExecutor.getTask(ThreadPoolExecutor.java:1074)&#10;        at java.util.concurrent.ThreadPoolExecutor.runWorker(ThreadPoolExecutor.java:1134)&#10;        at java.util.concurrent.ThreadPoolExecutor$Worker.run(ThreadPoolExecutor.java:624)&#10;        at java.lang.Thread.run(Thread.java:748)&#10;&quot;Thread-253&quot; daemon prio=5 tid=826 timed_waiting&#10;java.lang.Thread.State: TIMED_WAITING&#10;        at sun.misc.Unsafe.park(Native Method)&#10;        at java.util.concurrent.locks.LockSupport.parkNanos(LockSupport.java:215)&#10;        at java.util.concurrent.locks.AbstractQueuedSynchronizer$ConditionObject.awaitNanos(AbstractQueuedSynchronizer.java:2078)&#10;        at java.util.concurrent.ArrayBlockingQueue.poll(ArrayBlockingQueue.java:418)&#10;        at org.apache.ratis.server.impl.LeaderState$EventQueue.poll(LeaderState.java:115)&#10;        at org.apache.ratis.server.impl.LeaderState$EventProcessor.run(LeaderState.java:467)&#10;&quot;pool-46-thread-55&quot;  prio=5 tid=515 in Object.wait()&#10;java.lang.Thread.State: WAITING (on object monitor)&#10;        at sun.misc.Unsafe.park(Native Method)&#10;        at java.util.concurrent.locks.LockSupport.park(LockSupport.java:175)&#10;        at java.util.concurrent.locks.AbstractQueuedSynchronizer$ConditionObject.await(AbstractQueuedSynchronizer.java:2039)&#10;        at java.util.concurrent.ArrayBlockingQueue.take(ArrayBlockingQueue.java:403)&#10;        at java.util.concurrent.ThreadPoolExecutor.getTask(ThreadPoolExecutor.java:1074)&#10;        at java.util.concurrent.ThreadPoolExecutor.runWorker(ThreadPoolExecutor.java:1134)&#10;        at java.util.concurrent.ThreadPoolExecutor$Worker.run(ThreadPoolExecutor.java:624)&#10;        at java.lang.Thread.run(Thread.java:748)&#10;&quot;Datanode ReportManager Thread - 0&quot; daemon prio=5 tid=225 in Object.wait()&#10;java.lang.Thread.State: WAITING (on object monitor)&#10;        at sun.misc.Unsafe.park(Native Method)&#10;        at java.util.concurrent.locks.LockSupport.park(LockSupport.java:175)&#10;        at java.util.concurrent.locks.AbstractQueuedSynchronizer$ConditionObject.await(AbstractQueuedSynchronizer.java:2039)&#10;        at java.util.concurrent.ScheduledThreadPoolExecutor$DelayedWorkQueue.take(ScheduledThreadPoolExecutor.java:1088)&#10;        at java.util.concurrent.ScheduledThreadPoolExecutor$DelayedWorkQueue.take(ScheduledThreadPoolExecutor.java:809)&#10;        at java.util.concurrent.ThreadPoolExecutor.getTask(ThreadPoolExecutor.java:1074)&#10;        at java.util.concurrent.ThreadPoolExecutor.runWorker(ThreadPoolExecutor.java:1134)&#10;        at java.util.concurrent.ThreadPoolExecutor$Worker.run(ThreadPoolExecutor.java:624)&#10;        at java.lang.Thread.run(Thread.java:748)&#10;&quot;pool-56-thread-31&quot;  prio=5 tid=551 in Object.wait()&#10;java.lang.Thread.State: WAITING (on object monitor)&#10;        at sun.misc.Unsafe.park(Native Method)&#10;        at java.util.concurrent.locks.LockSupport.park(LockSupport.java:175)&#10;        at java.util.concurrent.locks.AbstractQueuedSynchronizer$ConditionObject.await(AbstractQueuedSynchronizer.java:2039)&#10;        at java.util.concurrent.ArrayBlockingQueue.take(ArrayBlockingQueue.java:403)&#10;        at java.util.concurrent.ThreadPoolExecutor.getTask(ThreadPoolExecutor.java:1074)&#10;        at java.util.concurrent.ThreadPoolExecutor.runWorker(ThreadPoolExecutor.java:1134)&#10;        at java.util.concurrent.ThreadPoolExecutor$Worker.run(ThreadPoolExecutor.java:624)&#10;        at java.lang.Thread.run(Thread.java:748)&#10;&quot;org.eclipse.jetty.server.session.HashSessionManager@79b84841Timer&quot; daemon prio=5 tid=249 timed_waiting&#10;java.lang.Thread.State: TIMED_WAITING&#10;        at sun.misc.Unsafe.park(Native Method)&#10;        at java.util.concurrent.locks.LockSupport.parkNanos(LockSupport.java:215)&#10;        at java.util.concurrent.locks.AbstractQueuedSynchronizer$ConditionObject.awaitNanos(AbstractQueuedSynchronizer.java:2078)&#10;        at java.util.concurrent.ScheduledThreadPoolExecutor$DelayedWorkQueue.take(ScheduledThreadPoolExecutor.java:1093)&#10;        at java.util.concurrent.ScheduledThreadPoolExecutor$DelayedWorkQueue.take(ScheduledThreadPoolExecutor.java:809)&#10;        at java.util.concurrent.ThreadPoolExecutor.getTask(ThreadPoolExecutor.java:1074)&#10;        at java.util.concurrent.ThreadPoolExecutor.runWorker(ThreadPoolExecutor.java:1134)&#10;        at java.util.concurrent.ThreadPoolExecutor$Worker.run(ThreadPoolExecutor.java:624)&#10;        at java.lang.Thread.run(Thread.java:748)&#10;&quot;metrics-hadoop-metrics2-reporter-32-thread-1&quot; daemon prio=5 tid=867 timed_waiting&#10;java.lang.Thread.State: TIMED_WAITING&#10;        at sun.misc.Unsafe.park(Native Method)&#10;        at java.util.concurrent.locks.LockSupport.parkNanos(LockSupport.java:215)&#10;        at java.util.concurrent.locks.AbstractQueuedSynchronizer$ConditionObject.awaitNanos(AbstractQueuedSynchronizer.java:2078)&#10;        at java.util.concurrent.ScheduledThreadPoolExecutor$DelayedWorkQueue.take(ScheduledThreadPoolExecutor.java:1093)&#10;        at java.util.concurrent.ScheduledThreadPoolExecutor$DelayedWorkQueue.take(ScheduledThreadPoolExecutor.java:809)&#10;        at java.util.concurrent.ThreadPoolExecutor.getTask(ThreadPoolExecutor.java:1074)&#10;        at java.util.concurrent.ThreadPoolExecutor.runWorker(ThreadPoolExecutor.java:1134)&#10;        at java.util.concurrent.ThreadPoolExecutor$Worker.run(ThreadPoolExecutor.java:624)&#10;        at java.lang.Thread.run(Thread.java:748)&#10;&quot;IPC Server handler 8 on 44783&quot; daemon prio=5 tid=123 timed_waiting&#10;java.lang.Thread.State: TIMED_WAITING&#10;        at sun.misc.Unsafe.park(Native Method)&#10;        at java.util.concurrent.locks.LockSupport.parkNanos(LockSupport.java:215)&#10;        at java.util.concurrent.locks.AbstractQueuedSynchronizer$ConditionObject.awaitNanos(AbstractQueuedSynchronizer.java:2078)&#10;        at java.util.concurrent.LinkedBlockingQueue.poll(LinkedBlockingQueue.java:467)&#10;        at org.apache.hadoop.ipc.CallQueueManager.take(CallQueueManager.java:288)&#10;        at org.apache.hadoop.ipc.Server$Handler.run(Server.java:2668)&#10;&quot;prometheus&quot; daemon prio=5 tid=100 in Object.wait()&#10;java.lang.Thread.State: WAITING (on object monitor)&#10;        at java.lang.Object.wait(Native Method)&#10;        at java.lang.Object.wait(Object.java:502)&#10;        at org.apache.hadoop.metrics2.impl.SinkQueue.waitForData(SinkQueue.java:114)&#10;        at org.apache.hadoop.metrics2.impl.SinkQueue.consumeAll(SinkQueue.java:83)&#10;        at org.apache.hadoop.metrics2.impl.MetricsSinkAdapter.publishMetricsFromQueue(MetricsSinkAdapter.java:135)&#10;        at org.apache.hadoop.metrics2.impl.MetricsSinkAdapter$1.run(MetricsSinkAdapter.java:89)&#10;&quot;pool-26-thread-4&quot;  prio=5 tid=351 in Object.wait()&#10;java.lang.Thread.State: WAITING (on object monitor)&#10;        at sun.misc.Unsafe.park(Native Method)&#10;        at java.util.concurrent.locks.LockSupport.park(LockSupport.java:175)&#10;        at java.util.concurrent.locks.AbstractQueuedSynchronizer$ConditionObject.await(AbstractQueuedSynchronizer.java:2039)&#10;        at java.util.concurrent.ArrayBlockingQueue.take(ArrayBlockingQueue.java:403)&#10;        at java.util.concurrent.ThreadPoolExecutor.getTask(ThreadPoolExecutor.java:1074)&#10;        at java.util.concurrent.ThreadPoolExecutor.runWorker(ThreadPoolExecutor.java:1134)&#10;        at java.util.concurrent.ThreadPoolExecutor$Worker.run(ThreadPoolExecutor.java:624)&#10;        at java.lang.Thread.run(Thread.java:748)&#10;&quot;pool-86-thread-52&quot;  prio=5 tid=765 in Object.wait()&#10;java.lang.Thread.State: WAITING (on object monitor)&#10;        at sun.misc.Unsafe.park(Native Method)&#10;        at java.util.concurrent.locks.LockSupport.park(LockSupport.java:175)&#10;        at java.util.concurrent.locks.AbstractQueuedSynchronizer$ConditionObject.await(AbstractQueuedSynchronizer.java:2039)&#10;        at java.util.concurrent.ArrayBlockingQueue.take(ArrayBlockingQueue.java:403)&#10;        at java.util.concurrent.ThreadPoolExecutor.getTask(ThreadPoolExecutor.java:1074)&#10;        at java.util.concurrent.ThreadPoolExecutor.runWorker(ThreadPoolExecutor.java:1134)&#10;        at java.util.concurrent.ThreadPoolExecutor$Worker.run(ThreadPoolExecutor.java:624)&#10;        at java.lang.Thread.run(Thread.java:748)&#10;&quot;qtp1991386317-140&quot; daemon prio=5 tid=140 timed_waiting&#10;java.lang.Thread.State: TIMED_WAITING&#10;        at sun.misc.Unsafe.park(Native Method)&#10;        at java.util.concurrent.locks.LockSupport.parkNanos(LockSupport.java:215)&#10;        at java.util.concurrent.locks.AbstractQueuedSynchronizer$ConditionObject.awaitNanos(AbstractQueuedSynchronizer.java:2078)&#10;        at org.eclipse.jetty.util.BlockingArrayQueue.poll(BlockingArrayQueue.java:392)&#10;        at org.eclipse.jetty.util.thread.QueuedThreadPool.idleJobPoll(QueuedThreadPool.java:563)&#10;        at org.eclipse.jetty.util.thread.QueuedThreadPool.access$800(QueuedThreadPool.java:48)&#10;        at org.eclipse.jetty.util.thread.QueuedThreadPool$2.run(QueuedThreadPool.java:626)&#10;        at java.lang.Thread.run(Thread.java:748)&#10;&quot;pool-26-thread-43&quot;  prio=5 tid=451 in Object.wait()&#10;java.lang.Thread.State: WAITING (on object monitor)&#10;        at sun.misc.Unsafe.park(Native Method)&#10;        at java.util.concurrent.locks.LockSupport.park(LockSupport.java:175)&#10;        at java.util.concurrent.locks.AbstractQueuedSynchronizer$ConditionObject.await(AbstractQueuedSynchronizer.java:2039)&#10;        at java.util.concurrent.ArrayBlockingQueue.take(ArrayBlockingQueue.java:403)&#10;        at java.util.concurrent.ThreadPoolExecutor.getTask(ThreadPoolExecutor.java:1074)&#10;        at java.util.concurrent.ThreadPoolExecutor.runWorker(ThreadPoolExecutor.java:1134)&#10;        at java.util.concurrent.ThreadPoolExecutor$Worker.run(ThreadPoolExecutor.java:624)&#10;        at java.lang.Thread.run(Thread.java:748)&#10;&quot;Datanode ReportManager Thread - 2&quot; daemon prio=5 tid=173 timed_waiting&#10;java.lang.Thread.State: TIMED_WAITING&#10;        at sun.misc.Unsafe.park(Native Method)&#10;        at java.util.concurrent.locks.LockSupport.parkNanos(LockSupport.java:215)&#10;        at java.util.concurrent.locks.AbstractQueuedSynchronizer$ConditionObject.awaitNanos(AbstractQueuedSynchronizer.java:2078)&#10;        at java.util.concurrent.ScheduledThreadPoolExecutor$DelayedWorkQueue.take(ScheduledThreadPoolExecutor.java:1093)&#10;        at java.util.concurrent.ScheduledThreadPoolExecutor$DelayedWorkQueue.take(ScheduledThreadPoolExecutor.java:809)&#10;        at java.util.concurrent.ThreadPoolExecutor.getTask(ThreadPoolExecutor.java:1074)&#10;        at java.util.concurrent.ThreadPoolExecutor.runWorker(ThreadPoolExecutor.java:1134)&#10;        at java.util.concurrent.ThreadPoolExecutor$Worker.run(ThreadPoolExecutor.java:624)&#10;        at java.lang.Thread.run(Thread.java:748)&#10;&quot;Socket Reader #1 for port 45290&quot;  prio=5 tid=19 runnable&#10;java.lang.Thread.State: RUNNABLE&#10;        at sun.nio.ch.EPollArrayWrapper.epollWait(Native Method)&#10;        at sun.nio.ch.EPollArrayWrapper.poll(EPollArrayWrapper.java:269)&#10;        at sun.nio.ch.EPollSelectorImpl.doSelect(EPollSelectorImpl.java:93)&#10;        at sun.nio.ch.SelectorImpl.lockAndDoSelect(SelectorImpl.java:86)&#10;        at sun.nio.ch.SelectorImpl.select(SelectorImpl.java:97)&#10;        at sun.nio.ch.SelectorImpl.select(SelectorImpl.java:101)&#10;        at org.apache.hadoop.ipc.Server$Listener$Reader.doRunLoop(Server.java:1097)&#10;        at org.apache.hadoop.ipc.Server$Listener$Reader.run(Server.java:1076)&#10;&quot;metrics-hadoop-metrics2-reporter-9-thread-1&quot; daemon prio=5 tid=810 timed_waiting&#10;java.lang.Thread.State: TIMED_WAITING&#10;        at sun.misc.Unsafe.park(Native Method)&#10;        at java.util.concurrent.locks.LockSupport.parkNanos(LockSupport.java:215)&#10;        at java.util.concurrent.locks.AbstractQueuedSynchronizer$ConditionObject.awaitNanos(AbstractQueuedSynchronizer.java:2078)&#10;        at java.util.concurrent.ScheduledThreadPoolExecutor$DelayedWorkQueue.take(ScheduledThreadPoolExecutor.java:1093)&#10;        at java.util.concurrent.ScheduledThreadPoolExecutor$DelayedWorkQueue.take(ScheduledThreadPoolExecutor.java:809)&#10;        at java.util.concurrent.ThreadPoolExecutor.getTask(ThreadPoolExecutor.java:1074)&#10;        at java.util.concurrent.ThreadPoolExecutor.runWorker(ThreadPoolExecutor.java:1134)&#10;        at java.util.concurrent.ThreadPoolExecutor$Worker.run(ThreadPoolExecutor.java:624)&#10;        at java.lang.Thread.run(Thread.java:748)&#10;&quot;pool-46-thread-39&quot;  prio=5 tid=465 in Object.wait()&#10;java.lang.Thread.State: WAITING (on object monitor)&#10;        at sun.misc.Unsafe.park(Native Method)&#10;        at java.util.concurrent.locks.LockSupport.park(LockSupport.java:175)&#10;        at java.util.concurrent.locks.AbstractQueuedSynchronizer$ConditionObject.await(AbstractQueuedSynchronizer.java:2039)&#10;        at java.util.concurrent.ArrayBlockingQueue.take(ArrayBlockingQueue.java:403)&#10;        at java.util.concurrent.ThreadPoolExecutor.getTask(ThreadPoolExecutor.java:1074)&#10;        at java.util.concurrent.ThreadPoolExecutor.runWorker(ThreadPoolExecutor.java:1134)&#10;        at java.util.concurrent.ThreadPoolExecutor$Worker.run(ThreadPoolExecutor.java:624)&#10;        at java.lang.Thread.run(Thread.java:748)&#10;&quot;qtp721395199-268-acceptor-0@40f039c4-ServerConnector@4745e9c{HTTP/1.1,[http/1.1]}{0.0.0.0:45899}&quot; daemon prio=3 tid=268 runnable&#10;java.lang.Thread.State: RUNNABLE&#10;        at sun.nio.ch.ServerSocketChannelImpl.accept0(Native Method)&#10;        at sun.nio.ch.ServerSocketChannelImpl.accept(ServerSocketChannelImpl.java:422)&#10;        at sun.nio.ch.ServerSocketChannelImpl.accept(ServerSocketChannelImpl.java:250)&#10;        at org.eclipse.jetty.server.ServerConnector.accept(ServerConnector.java:397)&#10;        at org.eclipse.jetty.server.AbstractConnector$Acceptor.run(AbstractConnector.java:601)&#10;        at org.eclipse.jetty.util.thread.QueuedThreadPool.runJob(QueuedThreadPool.java:671)&#10;        at org.eclipse.jetty.util.thread.QueuedThreadPool$2.run(QueuedThreadPool.java:589)&#10;        at java.lang.Thread.run(Thread.java:748)&#10;&quot;metrics-hadoop-metrics2-reporter-22-thread-1&quot; daemon prio=5 tid=841 timed_waiting&#10;java.lang.Thread.State: TIMED_WAITING&#10;        at sun.misc.Unsafe.park(Native Method)&#10;        at java.util.concurrent.locks.LockSupport.parkNanos(LockSupport.java:215)&#10;        at java.util.concurrent.locks.AbstractQueuedSynchronizer$ConditionObject.awaitNanos(AbstractQueuedSynchronizer.java:2078)&#10;        at java.util.concurrent.ScheduledThreadPoolExecutor$DelayedWorkQueue.take(ScheduledThreadPoolExecutor.java:1093)&#10;        at java.util.concurrent.ScheduledThreadPoolExecutor$DelayedWorkQueue.take(ScheduledThreadPoolExecutor.java:809)&#10;        at java.util.concurrent.ThreadPoolExecutor.getTask(ThreadPoolExecutor.java:1074)&#10;        at java.util.concurrent.ThreadPoolExecutor.runWorker(ThreadPoolExecutor.java:1134)&#10;        at java.util.concurrent.ThreadPoolExecutor$Worker.run(ThreadPoolExecutor.java:624)&#10;        at java.lang.Thread.run(Thread.java:748)&#10;&quot;pool-50-thread-1&quot;  prio=5 tid=212 timed_waiting&#10;java.lang.Thread.State: TIMED_WAITING&#10;        at sun.misc.Unsafe.park(Native Method)&#10;        at java.util.concurrent.locks.LockSupport.parkNanos(LockSupport.java:215)&#10;        at java.util.concurrent.locks.AbstractQueuedSynchronizer$ConditionObject.awaitNanos(AbstractQueuedSynchronizer.java:2078)&#10;        at java.util.concurrent.ScheduledThreadPoolExecutor$DelayedWorkQueue.take(ScheduledThreadPoolExecutor.java:1093)&#10;        at java.util.concurrent.ScheduledThreadPoolExecutor$DelayedWorkQueue.take(ScheduledThreadPoolExecutor.java:809)&#10;        at java.util.concurrent.ThreadPoolExecutor.getTask(ThreadPoolExecutor.java:1074)&#10;        at java.util.concurrent.ThreadPoolExecutor.runWorker(ThreadPoolExecutor.java:1134)&#10;        at java.util.concurrent.ThreadPoolExecutor$Worker.run(ThreadPoolExecutor.java:624)&#10;        at java.lang.Thread.run(Thread.java:748)&#10;&quot;pool-56-thread-1&quot;  prio=5 tid=521 in Object.wait()&#10;java.lang.Thread.State: WAITING (on object monitor)&#10;        at sun.misc.Unsafe.park(Native Method)&#10;        at java.util.concurrent.locks.LockSupport.park(LockSupport.java:175)&#10;        at java.util.concurrent.locks.AbstractQueuedSynchronizer$ConditionObject.await(AbstractQueuedSynchronizer.java:2039)&#10;        at java.util.concurrent.ArrayBlockingQueue.take(ArrayBlockingQueue.java:403)&#10;        at java.util.concurrent.ThreadPoolExecutor.getTask(ThreadPoolExecutor.java:1074)&#10;        at java.util.concurrent.ThreadPoolExecutor.runWorker(ThreadPoolExecutor.java:1134)&#10;        at java.util.concurrent.ThreadPoolExecutor$Worker.run(ThreadPoolExecutor.java:624)&#10;        at java.lang.Thread.run(Thread.java:748)&#10;&quot;IPC Server handler 14 on 45589&quot; daemon prio=5 tid=43 timed_waiting&#10;java.lang.Thread.State: TIMED_WAITING&#10;        at sun.misc.Unsafe.park(Native Method)&#10;        at java.util.concurrent.locks.LockSupport.parkNanos(LockSupport.java:215)&#10;        at java.util.concurrent.locks.AbstractQueuedSynchronizer$ConditionObject.awaitNanos(AbstractQueuedSynchronizer.java:2078)&#10;        at java.util.concurrent.LinkedBlockingQueue.poll(LinkedBlockingQueue.java:467)&#10;        at org.apache.hadoop.ipc.CallQueueManager.take(CallQueueManager.java:288)&#10;        at org.apache.hadoop.ipc.Server$Handler.run(Server.java:2668)&#10;&quot;pool-86-thread-51&quot;  prio=5 tid=764 in Object.wait()&#10;java.lang.Thread.State: WAITING (on object monitor)&#10;        at sun.misc.Unsafe.park(Native Method)&#10;        at java.util.concurrent.locks.LockSupport.park(LockSupport.java:175)&#10;        at java.util.concurrent.locks.AbstractQueuedSynchronizer$ConditionObject.await(AbstractQueuedSynchronizer.java:2039)&#10;        at java.util.concurrent.ArrayBlockingQueue.take(ArrayBlockingQueue.java:403)&#10;        at java.util.concurrent.ThreadPoolExecutor.getTask(ThreadPoolExecutor.java:1074)&#10;        at java.util.concurrent.ThreadPoolExecutor.runWorker(ThreadPoolExecutor.java:1134)&#10;        at java.util.concurrent.ThreadPoolExecutor$Worker.run(ThreadPoolExecutor.java:624)&#10;        at java.lang.Thread.run(Thread.java:748)&#10;&quot;pool-86-thread-35&quot;  prio=5 tid=748 in Object.wait()&#10;java.lang.Thread.State: WAITING (on object monitor)&#10;        at sun.misc.Unsafe.park(Native Method)&#10;        at java.util.concurrent.locks.LockSupport.park(LockSupport.java:175)&#10;        at java.util.concurrent.locks.AbstractQueuedSynchronizer$ConditionObject.await(AbstractQueuedSynchronizer.java:2039)&#10;        at java.util.concurrent.ArrayBlockingQueue.take(ArrayBlockingQueue.java:403)&#10;        at java.util.concurrent.ThreadPoolExecutor.getTask(ThreadPoolExecutor.java:1074)&#10;        at java.util.concurrent.ThreadPoolExecutor.runWorker(ThreadPoolExecutor.java:1134)&#10;        at java.util.concurrent.ThreadPoolExecutor$Worker.run(ThreadPoolExecutor.java:624)&#10;        at java.lang.Thread.run(Thread.java:748)&#10;&quot;pool-56-thread-28&quot;  prio=5 tid=548 in Object.wait()&#10;java.lang.Thread.State: WAITING (on object monitor)&#10;        at sun.misc.Unsafe.park(Native Method)&#10;        at java.util.concurrent.locks.LockSupport.park(LockSupport.java:175)&#10;        at java.util.concurrent.locks.AbstractQueuedSynchronizer$ConditionObject.await(AbstractQueuedSynchronizer.java:2039)&#10;        at java.util.concurrent.ArrayBlockingQueue.take(ArrayBlockingQueue.java:403)&#10;        at java.util.concurrent.ThreadPoolExecutor.getTask(ThreadPoolExecutor.java:1074)&#10;        at java.util.concurrent.ThreadPoolExecutor.runWorker(ThreadPoolExecutor.java:1134)&#10;        at java.util.concurrent.ThreadPoolExecutor$Worker.run(ThreadPoolExecutor.java:624)&#10;        at java.lang.Thread.run(Thread.java:748)&#10;&quot;org.eclipse.jetty.server.session.HashSessionManager@3d4e405eTimer&quot; daemon prio=5 tid=302 timed_waiting&#10;java.lang.Thread.State: TIMED_WAITING&#10;        at sun.misc.Unsafe.park(Native Method)&#10;        at java.util.concurrent.locks.LockSupport.parkNanos(LockSupport.java:215)&#10;        at java.util.concurrent.locks.AbstractQueuedSynchronizer$ConditionObject.awaitNanos(AbstractQueuedSynchronizer.java:2078)&#10;        at java.util.concurrent.ScheduledThreadPoolExecutor$DelayedWorkQueue.take(ScheduledThreadPoolExecutor.java:1093)&#10;        at java.util.concurrent.ScheduledThreadPoolExecutor$DelayedWorkQueue.take(ScheduledThreadPoolExecutor.java:809)&#10;        at java.util.concurrent.ThreadPoolExecutor.getTask(ThreadPoolExecutor.java:1074)&#10;        at java.util.concurrent.ThreadPoolExecutor.runWorker(ThreadPoolExecutor.java:1134)&#10;        at java.util.concurrent.ThreadPoolExecutor$Worker.run(ThreadPoolExecutor.java:624)&#10;        at java.lang.Thread.run(Thread.java:748)&#10;&quot;pool-66-thread-16&quot;  prio=5 tid=596 in Object.wait()&#10;java.lang.Thread.State: WAITING (on object monitor)&#10;        at sun.misc.Unsafe.park(Native Method)&#10;        at java.util.concurrent.locks.LockSupport.park(LockSupport.java:175)&#10;        at java.util.concurrent.locks.AbstractQueuedSynchronizer$ConditionObject.await(AbstractQueuedSynchronizer.java:2039)&#10;        at java.util.concurrent.ArrayBlockingQueue.take(ArrayBlockingQueue.java:403)&#10;        at java.util.concurrent.ThreadPoolExecutor.getTask(ThreadPoolExecutor.java:1074)&#10;        at java.util.concurrent.ThreadPoolExecutor.runWorker(ThreadPoolExecutor.java:1134)&#10;        at java.util.concurrent.ThreadPoolExecutor$Worker.run(ThreadPoolExecutor.java:624)&#10;        at java.lang.Thread.run(Thread.java:748)&#10;&quot;Datanode State Machine Thread - 0&quot; daemon prio=5 tid=224 timed_waiting&#10;java.lang.Thread.State: TIMED_WAITING&#10;        at java.lang.Thread.sleep(Native Method)&#10;        at org.apache.hadoop.ozone.container.common.statemachine.DatanodeStateMachine.start(DatanodeStateMachine.java:191)&#10;        at org.apache.hadoop.ozone.container.common.statemachine.DatanodeStateMachine.lambda$startDaemon$0(DatanodeStateMachine.java:349)&#10;        at org.apache.hadoop.ozone.container.common.statemachine.DatanodeStateMachine$$Lambda$140/690051320.run(Unknown Source)&#10;        at java.lang.Thread.run(Thread.java:748)&#10;&quot;IPC Server handler 19 on 36674&quot; daemon prio=5 tid=88 timed_waiting&#10;java.lang.Thread.State: TIMED_WAITING&#10;        at sun.misc.Unsafe.park(Native Method)&#10;        at java.util.concurrent.locks.LockSupport.parkNanos(LockSupport.java:215)&#10;        at java.util.concurrent.locks.AbstractQueuedSynchronizer$ConditionObject.awaitNanos(AbstractQueuedSynchronizer.java:2078)&#10;        at java.util.concurrent.LinkedBlockingQueue.poll(LinkedBlockingQueue.java:467)&#10;        at org.apache.hadoop.ipc.CallQueueManager.take(CallQueueManager.java:288)&#10;        at org.apache.hadoop.ipc.Server$Handler.run(Server.java:2668)&#10;&quot;Thread-1742&quot; daemon prio=5 tid=2405 timed_waiting&#10;java.lang.Thread.State: TIMED_WAITING&#10;        at java.lang.Thread.sleep(Native Method)&#10;        at org.apache.ratis.util.JavaUtils.sleep(JavaUtils.java:247)&#10;        at org.apache.ratis.server.impl.FollowerState.run(FollowerState.java:97)&#10;&quot;org.eclipse.jetty.server.session.HashSessionManager@6caf7803Timer&quot; daemon prio=5 tid=304 timed_waiting&#10;java.lang.Thread.State: TIMED_WAITING&#10;        at sun.misc.Unsafe.park(Native Method)&#10;        at java.util.concurrent.locks.LockSupport.parkNanos(LockSupport.java:215)&#10;        at java.util.concurrent.locks.AbstractQueuedSynchronizer$ConditionObject.awaitNanos(AbstractQueuedSynchronizer.java:2078)&#10;        at java.util.concurrent.ScheduledThreadPoolExecutor$DelayedWorkQueue.take(ScheduledThreadPoolExecutor.java:1093)&#10;        at java.util.concurrent.ScheduledThreadPoolExecutor$DelayedWorkQueue.take(ScheduledThreadPoolExecutor.java:809)&#10;        at java.util.concurrent.ThreadPoolExecutor.getTask(ThreadPoolExecutor.java:1074)&#10;        at java.util.concurrent.ThreadPoolExecutor.runWorker(ThreadPoolExecutor.java:1134)&#10;        at java.util.concurrent.ThreadPoolExecutor$Worker.run(ThreadPoolExecutor.java:624)&#10;        at java.lang.Thread.run(Thread.java:748)&#10;&quot;24274e9f-e41f-4654-9afc-a783ca44e44b@group-20BE3FF63202-SegmentedRaftLogWorker&quot;  prio=5 tid=1022 timed_waiting&#10;java.lang.Thread.State: TIMED_WAITING&#10;        at sun.misc.Unsafe.park(Native Method)&#10;        at java.util.concurrent.locks.LockSupport.parkNanos(LockSupport.java:215)&#10;        at java.util.concurrent.locks.AbstractQueuedSynchronizer$ConditionObject.awaitNanos(AbstractQueuedSynchronizer.java:2078)&#10;        at org.apache.ratis.util.DataBlockingQueue.poll(DataBlockingQueue.java:137)&#10;        at org.apache.ratis.server.raftlog.segmented.SegmentedRaftLogWorker.run(SegmentedRaftLogWorker.java:282)&#10;        at java.lang.Thread.run(Thread.java:748)&#10;&quot;pool-76-thread-36&quot;  prio=5 tid=687 in Object.wait()&#10;java.lang.Thread.State: WAITING (on object monitor)&#10;        at sun.misc.Unsafe.park(Native Method)&#10;        at java.util.concurrent.locks.LockSupport.park(LockSupport.java:175)&#10;        at java.util.concurrent.locks.AbstractQueuedSynchronizer$ConditionObject.await(AbstractQueuedSynchronizer.java:2039)&#10;        at java.util.concurrent.ArrayBlockingQueue.take(ArrayBlockingQueue.java:403)&#10;        at java.util.concurrent.ThreadPoolExecutor.getTask(ThreadPoolExecutor.java:1074)&#10;        at java.util.concurrent.ThreadPoolExecutor.runWorker(ThreadPoolExecutor.java:1134)&#10;        at java.util.concurrent.ThreadPoolExecutor$Worker.run(ThreadPoolExecutor.java:624)&#10;        at java.lang.Thread.run(Thread.java:748)&#10;&quot;Datanode ReportManager Thread - 0&quot; daemon prio=5 tid=198 in Object.wait()&#10;java.lang.Thread.State: WAITING (on object monitor)&#10;        at sun.misc.Unsafe.park(Native Method)&#10;        at java.util.concurrent.locks.LockSupport.park(LockSupport.java:175)&#10;        at java.util.concurrent.locks.AbstractQueuedSynchronizer$ConditionObject.await(AbstractQueuedSynchronizer.java:2039)&#10;        at java.util.concurrent.ScheduledThreadPoolExecutor$DelayedWorkQueue.take(ScheduledThreadPoolExecutor.java:1088)&#10;        at java.util.concurrent.ScheduledThreadPoolExecutor$DelayedWorkQueue.take(ScheduledThreadPoolExecutor.java:809)&#10;        at java.util.concurrent.ThreadPoolExecutor.getTask(ThreadPoolExecutor.java:1074)&#10;        at java.util.concurrent.ThreadPoolExecutor.runWorker(ThreadPoolExecutor.java:1134)&#10;        at java.util.concurrent.ThreadPoolExecutor$Worker.run(ThreadPoolExecutor.java:624)&#10;        at java.lang.Thread.run(Thread.java:748)&#10;&quot;org.eclipse.jetty.server.session.HashSessionManager@599e4d41Timer&quot; daemon prio=5 tid=277 timed_waiting&#10;java.lang.Thread.State: TIMED_WAITING&#10;        at sun.misc.Unsafe.park(Native Method)&#10;        at java.util.concurrent.locks.LockSupport.parkNanos(LockSupport.java:215)&#10;        at java.util.concurrent.locks.AbstractQueuedSynchronizer$ConditionObject.awaitNanos(AbstractQueuedSynchronizer.java:2078)&#10;        at java.util.concurrent.ScheduledThreadPoolExecutor$DelayedWorkQueue.take(ScheduledThreadPoolExecutor.java:1093)&#10;        at java.util.concurrent.ScheduledThreadPoolExecutor$DelayedWorkQueue.take(ScheduledThreadPoolExecutor.java:809)&#10;        at java.util.concurrent.ThreadPoolExecutor.getTask(ThreadPoolExecutor.java:1074)&#10;        at java.util.concurrent.ThreadPoolExecutor.runWorker(ThreadPoolExecutor.java:1134)&#10;        at java.util.concurrent.ThreadPoolExecutor$Worker.run(ThreadPoolExecutor.java:624)&#10;        at java.lang.Thread.run(Thread.java:748)&#10;&quot;metrics-hadoop-metrics2-reporter-50-thread-1&quot; daemon prio=5 tid=959 timed_waiting&#10;java.lang.Thread.State: TIMED_WAITING&#10;        at sun.misc.Unsafe.park(Native Method)&#10;        at java.util.concurrent.locks.LockSupport.parkNanos(LockSupport.java:215)&#10;        at java.util.concurrent.locks.AbstractQueuedSynchronizer$ConditionObject.awaitNanos(AbstractQueuedSynchronizer.java:2078)&#10;        at java.util.concurrent.ScheduledThreadPoolExecutor$DelayedWorkQueue.take(ScheduledThreadPoolExecutor.java:1093)&#10;        at java.util.concurrent.ScheduledThreadPoolExecutor$DelayedWorkQueue.take(ScheduledThreadPoolExecutor.java:809)&#10;        at java.util.concurrent.ThreadPoolExecutor.getTask(ThreadPoolExecutor.java:1074)&#10;        at java.util.concurrent.ThreadPoolExecutor.runWorker(ThreadPoolExecutor.java:1134)&#10;        at java.util.concurrent.ThreadPoolExecutor$Worker.run(ThreadPoolExecutor.java:624)&#10;        at java.lang.Thread.run(Thread.java:748)&#10;&quot;qtp1187146208-213&quot; daemon prio=5 tid=213 runnable&#10;java.lang.Thread.State: RUNNABLE&#10;        at sun.nio.ch.EPollArrayWrapper.epollWait(Native Method)&#10;        at sun.nio.ch.EPollArrayWrapper.poll(EPollArrayWrapper.java:269)&#10;        at sun.nio.ch.EPollSelectorImpl.doSelect(EPollSelectorImpl.java:93)&#10;        at sun.nio.ch.SelectorImpl.lockAndDoSelect(SelectorImpl.java:86)&#10;        at sun.nio.ch.SelectorImpl.select(SelectorImpl.java:97)&#10;        at sun.nio.ch.SelectorImpl.select(SelectorImpl.java:101)&#10;        at org.eclipse.jetty.io.ManagedSelector$SelectorProducer.select(ManagedSelector.java:243)&#10;        at org.eclipse.jetty.io.ManagedSelector$SelectorProducer.produce(ManagedSelector.java:191)&#10;        at org.eclipse.jetty.util.thread.strategy.ExecuteProduceConsume.executeProduceConsume(ExecuteProduceConsume.java:249)&#10;        at org.eclipse.jetty.util.thread.strategy.ExecuteProduceConsume.produceConsume(ExecuteProduceConsume.java:148)&#10;        at org.eclipse.jetty.util.thread.strategy.ExecuteProduceConsume.execute(ExecuteProduceConsume.java:100)&#10;        at org.eclipse.jetty.io.ManagedSelector.run(ManagedSelector.java:147)&#10;        at org.eclipse.jetty.util.thread.QueuedThreadPool.runJob(QueuedThreadPool.java:671)&#10;        at org.eclipse.jetty.util.thread.QueuedThreadPool$2.run(QueuedThreadPool.java:589)&#10;        at java.lang.Thread.run(Thread.java:748)&#10;&quot;qtp1187146208-219&quot; daemon prio=5 tid=219 timed_waiting&#10;java.lang.Thread.State: TIMED_WAITING&#10;        at sun.misc.Unsafe.park(Native Method)&#10;        at java.util.concurrent.locks.LockSupport.parkNanos(LockSupport.java:215)&#10;        at java.util.concurrent.locks.AbstractQueuedSynchronizer$ConditionObject.awaitNanos(AbstractQueuedSynchronizer.java:2078)&#10;        at org.eclipse.jetty.util.BlockingArrayQueue.poll(BlockingArrayQueue.java:392)&#10;        at org.eclipse.jetty.util.thread.QueuedThreadPool.idleJobPoll(QueuedThreadPool.java:563)&#10;        at org.eclipse.jetty.util.thread.QueuedThreadPool.access$800(QueuedThreadPool.java:48)&#10;        at org.eclipse.jetty.util.thread.QueuedThreadPool$2.run(QueuedThreadPool.java:626)&#10;        at java.lang.Thread.run(Thread.java:748)&#10;&quot;pool-26-thread-26&quot;  prio=5 tid=412 in Object.wait()&#10;java.lang.Thread.State: WAITING (on object monitor)&#10;        at sun.misc.Unsafe.park(Native Method)&#10;        at java.util.concurrent.locks.LockSupport.park(LockSupport.java:175)&#10;        at java.util.concurrent.locks.AbstractQueuedSynchronizer$ConditionObject.await(AbstractQueuedSynchronizer.java:2039)&#10;        at java.util.concurrent.ArrayBlockingQueue.take(ArrayBlockingQueue.java:403)&#10;        at java.util.concurrent.ThreadPoolExecutor.getTask(ThreadPoolExecutor.java:1074)&#10;        at java.util.concurrent.ThreadPoolExecutor.runWorker(ThreadPoolExecutor.java:1134)&#10;        at java.util.concurrent.ThreadPoolExecutor$Worker.run(ThreadPoolExecutor.java:624)&#10;        at java.lang.Thread.run(Thread.java:748)&#10;&quot;pool-46-thread-6&quot;  prio=5 tid=362 in Object.wait()&#10;java.lang.Thread.State: WAITING (on object monitor)&#10;        at sun.misc.Unsafe.park(Native Method)&#10;        at java.util.concurrent.locks.LockSupport.park(LockSupport.java:175)&#10;        at java.util.concurrent.locks.AbstractQueuedSynchronizer$ConditionObject.await(AbstractQueuedSynchronizer.java:2039)&#10;        at java.util.concurrent.ArrayBlockingQueue.take(ArrayBlockingQueue.java:403)&#10;        at java.util.concurrent.ThreadPoolExecutor.getTask(ThreadPoolExecutor.java:1074)&#10;        at java.util.concurrent.ThreadPoolExecutor.runWorker(ThreadPoolExecutor.java:1134)&#10;        at java.util.concurrent.ThreadPoolExecutor$Worker.run(ThreadPoolExecutor.java:624)&#10;        at java.lang.Thread.run(Thread.java:748)&#10;&quot;metrics-hadoop-metrics2-reporter-69-thread-1&quot; daemon prio=5 tid=1091 timed_waiting&#10;java.lang.Thread.State: TIMED_WAITING&#10;        at sun.misc.Unsafe.park(Native Method)&#10;        at java.util.concurrent.locks.LockSupport.parkNanos(LockSupport.java:215)&#10;        at java.util.concurrent.locks.AbstractQueuedSynchronizer$ConditionObject.awaitNanos(AbstractQueuedSynchronizer.java:2078)&#10;        at java.util.concurrent.ScheduledThreadPoolExecutor$DelayedWorkQueue.take(ScheduledThreadPoolExecutor.java:1093)&#10;        at java.util.concurrent.ScheduledThreadPoolExecutor$DelayedWorkQueue.take(ScheduledThreadPoolExecutor.java:809)&#10;        at java.util.concurrent.ThreadPoolExecutor.getTask(ThreadPoolExecutor.java:1074)&#10;        at java.util.concurrent.ThreadPoolExecutor.runWorker(ThreadPoolExecutor.java:1134)&#10;        at java.util.concurrent.ThreadPoolExecutor$Worker.run(ThreadPoolExecutor.java:624)&#10;        at java.lang.Thread.run(Thread.java:748)&#10;&quot;pool-86-thread-38&quot;  prio=5 tid=751 in Object.wait()&#10;java.lang.Thread.State: WAITING (on object monitor)&#10;        at sun.misc.Unsafe.park(Native Method)&#10;        at java.util.concurrent.locks.LockSupport.park(LockSupport.java:175)&#10;        at java.util.concurrent.locks.AbstractQueuedSynchronizer$ConditionObject.await(AbstractQueuedSynchronizer.java:2039)&#10;        at java.util.concurrent.ArrayBlockingQueue.take(ArrayBlockingQueue.java:403)&#10;        at java.util.concurrent.ThreadPoolExecutor.getTask(ThreadPoolExecutor.java:1074)&#10;        at java.util.concurrent.ThreadPoolExecutor.runWorker(ThreadPoolExecutor.java:1134)&#10;        at java.util.concurrent.ThreadPoolExecutor$Worker.run(ThreadPoolExecutor.java:624)&#10;        at java.lang.Thread.run(Thread.java:748)&#10;&quot;pool-66-thread-51&quot;  prio=5 tid=631 in Object.wait()&#10;java.lang.Thread.State: WAITING (on object monitor)&#10;        at sun.misc.Unsafe.park(Native Method)&#10;        at java.util.concurrent.locks.LockSupport.park(LockSupport.java:175)&#10;        at java.util.concurrent.locks.AbstractQueuedSynchronizer$ConditionObject.await(AbstractQueuedSynchronizer.java:2039)&#10;        at java.util.concurrent.ArrayBlockingQueue.take(ArrayBlockingQueue.java:403)&#10;        at java.util.concurrent.ThreadPoolExecutor.getTask(ThreadPoolExecutor.java:1074)&#10;        at java.util.concurrent.ThreadPoolExecutor.runWorker(ThreadPoolExecutor.java:1134)&#10;        at java.util.concurrent.ThreadPoolExecutor$Worker.run(ThreadPoolExecutor.java:624)&#10;        at java.lang.Thread.run(Thread.java:748)&#10;&quot;pool-86-thread-34&quot;  prio=5 tid=747 in Object.wait()&#10;java.lang.Thread.State: WAITING (on object monitor)&#10;        at sun.misc.Unsafe.park(Native Method)&#10;        at java.util.concurrent.locks.LockSupport.park(LockSupport.java:175)&#10;        at java.util.concurrent.locks.AbstractQueuedSynchronizer$ConditionObject.await(AbstractQueuedSynchronizer.java:2039)&#10;        at java.util.concurrent.ArrayBlockingQueue.take(ArrayBlockingQueue.java:403)&#10;        at java.util.concurrent.ThreadPoolExecutor.getTask(ThreadPoolExecutor.java:1074)&#10;        at java.util.concurrent.ThreadPoolExecutor.runWorker(ThreadPoolExecutor.java:1134)&#10;        at java.util.concurrent.ThreadPoolExecutor$Worker.run(ThreadPoolExecutor.java:624)&#10;        at java.lang.Thread.run(Thread.java:748)&#10;&quot;Datanode State Machine Thread - 0&quot; daemon prio=5 tid=312 timed_waiting&#10;java.lang.Thread.State: TIMED_WAITING&#10;        at sun.misc.Unsafe.park(Native Method)&#10;        at java.util.concurrent.locks.LockSupport.parkNanos(LockSupport.java:215)&#10;        at java.util.concurrent.SynchronousQueue$TransferStack.awaitFulfill(SynchronousQueue.java:460)&#10;        at java.util.concurrent.SynchronousQueue$TransferStack.transfer(SynchronousQueue.java:362)&#10;        at java.util.concurrent.SynchronousQueue.poll(SynchronousQueue.java:941)&#10;        at java.util.concurrent.ThreadPoolExecutor.getTask(ThreadPoolExecutor.java:1073)&#10;        at java.util.concurrent.ThreadPoolExecutor.runWorker(ThreadPoolExecutor.java:1134)&#10;        at java.util.concurrent.ThreadPoolExecutor$Worker.run(ThreadPoolExecutor.java:624)&#10;        at java.lang.Thread.run(Thread.java:748)&#10;&quot;pool-36-thread-6&quot;  prio=5 tid=357 in Object.wait()&#10;java.lang.Thread.State: WAITING (on object monitor)&#10;        at sun.misc.Unsafe.park(Native Method)&#10;        at java.util.concurrent.locks.LockSupport.park(LockSupport.java:175)&#10;        at java.util.concurrent.locks.AbstractQueuedSynchronizer$ConditionObject.await(AbstractQueuedSynchronizer.java:2039)&#10;        at java.util.concurrent.ArrayBlockingQueue.take(ArrayBlockingQueue.java:403)&#10;        at java.util.concurrent.ThreadPoolExecutor.getTask(ThreadPoolExecutor.java:1074)&#10;        at java.util.concurrent.ThreadPoolExecutor.runWorker(ThreadPoolExecutor.java:1134)&#10;        at java.util.concurrent.ThreadPoolExecutor$Worker.run(ThreadPoolExecutor.java:624)&#10;        at java.lang.Thread.run(Thread.java:748)&#10;&quot;pool-66-thread-3&quot;  prio=5 tid=583 in Object.wait()&#10;java.lang.Thread.State: WAITING (on object monitor)&#10;        at sun.misc.Unsafe.park(Native Method)&#10;        at java.util.concurrent.locks.LockSupport.park(LockSupport.java:175)&#10;        at java.util.concurrent.locks.AbstractQueuedSynchronizer$ConditionObject.await(AbstractQueuedSynchronizer.java:2039)&#10;        at java.util.concurrent.ArrayBlockingQueue.take(ArrayBlockingQueue.java:403)&#10;        at java.util.concurrent.ThreadPoolExecutor.getTask(ThreadPoolExecutor.java:1074)&#10;        at java.util.concurrent.ThreadPoolExecutor.runWorker(ThreadPoolExecutor.java:1134)&#10;        at java.util.concurrent.ThreadPoolExecutor$Worker.run(ThreadPoolExecutor.java:624)&#10;        at java.lang.Thread.run(Thread.java:748)&#10;&quot;5660bff8-81d7-4c91-ad16-c2423c1e0bda@group-649E1086AFD6-StateMachineUpdater&quot; daemon prio=5 tid=866 in Object.wait()&#10;java.lang.Thread.State: WAITING (on object monitor)&#10;        at java.lang.Object.wait(Native Method)&#10;        at java.lang.Object.wait(Object.java:502)&#10;        at org.apache.ratis.server.impl.StateMachineUpdater.waitForCommit(StateMachineUpdater.java:194)&#10;        at org.apache.ratis.server.impl.StateMachineUpdater.run(StateMachineUpdater.java:159)&#10;        at java.lang.Thread.run(Thread.java:748)&#10;&quot;qtp64989209-299&quot; daemon prio=5 tid=299 timed_waiting&#10;java.lang.Thread.State: TIMED_WAITING&#10;        at sun.misc.Unsafe.park(Native Method)&#10;        at java.util.concurrent.locks.LockSupport.parkNanos(LockSupport.java:215)&#10;        at java.util.concurrent.locks.AbstractQueuedSynchronizer$ConditionObject.awaitNanos(AbstractQueuedSynchronizer.java:2078)&#10;        at org.eclipse.jetty.util.BlockingArrayQueue.poll(BlockingArrayQueue.java:392)&#10;        at org.eclipse.jetty.util.thread.QueuedThreadPool.idleJobPoll(QueuedThreadPool.java:563)&#10;        at org.eclipse.jetty.util.thread.QueuedThreadPool.access$800(QueuedThreadPool.java:48)&#10;        at org.eclipse.jetty.util.thread.QueuedThreadPool$2.run(QueuedThreadPool.java:626)&#10;        at java.lang.Thread.run(Thread.java:748)&#10;&quot;pool-86-thread-17&quot;  prio=5 tid=730 in Object.wait()&#10;java.lang.Thread.State: WAITING (on object monitor)&#10;        at sun.misc.Unsafe.park(Native Method)&#10;        at java.util.concurrent.locks.LockSupport.park(LockSupport.java:175)&#10;        at java.util.concurrent.locks.AbstractQueuedSynchronizer$ConditionObject.await(AbstractQueuedSynchronizer.java:2039)&#10;        at java.util.concurrent.ArrayBlockingQueue.take(ArrayBlockingQueue.java:403)&#10;        at java.util.concurrent.ThreadPoolExecutor.getTask(ThreadPoolExecutor.java:1074)&#10;        at java.util.concurrent.ThreadPoolExecutor.runWorker(ThreadPoolExecutor.java:1134)&#10;        at java.util.concurrent.ThreadPoolExecutor$Worker.run(ThreadPoolExecutor.java:624)&#10;        at java.lang.Thread.run(Thread.java:748)&#10;&quot;pool-56-thread-49&quot;  prio=5 tid=569 in Object.wait()&#10;java.lang.Thread.State: WAITING (on object monitor)&#10;        at sun.misc.Unsafe.park(Native Method)&#10;        at java.util.concurrent.locks.LockSupport.park(LockSupport.java:175)&#10;        at java.util.concurrent.locks.AbstractQueuedSynchronizer$ConditionObject.await(AbstractQueuedSynchronizer.java:2039)&#10;        at java.util.concurrent.ArrayBlockingQueue.take(ArrayBlockingQueue.java:403)&#10;        at java.util.concurrent.ThreadPoolExecutor.getTask(ThreadPoolExecutor.java:1074)&#10;        at java.util.concurrent.ThreadPoolExecutor.runWorker(ThreadPoolExecutor.java:1134)&#10;        at java.util.concurrent.ThreadPoolExecutor$Worker.run(ThreadPoolExecutor.java:624)&#10;        at java.lang.Thread.run(Thread.java:748)&#10;&quot;org.eclipse.jetty.server.session.HashSessionManager@2b0b4d53Timer&quot; daemon prio=5 tid=146 timed_waiting&#10;java.lang.Thread.State: TIMED_WAITING&#10;        at sun.misc.Unsafe.park(Native Method)&#10;        at java.util.concurrent.locks.LockSupport.parkNanos(LockSupport.java:215)&#10;        at java.util.concurrent.locks.AbstractQueuedSynchronizer$ConditionObject.awaitNanos(AbstractQueuedSynchronizer.java:2078)&#10;        at java.util.concurrent.ScheduledThreadPoolExecutor$DelayedWorkQueue.take(ScheduledThreadPoolExecutor.java:1093)&#10;        at java.util.concurrent.ScheduledThreadPoolExecutor$DelayedWorkQueue.take(ScheduledThreadPoolExecutor.java:809)&#10;        at java.util.concurrent.ThreadPoolExecutor.getTask(ThreadPoolExecutor.java:1074)&#10;        at java.util.concurrent.ThreadPoolExecutor.runWorker(ThreadPoolExecutor.java:1134)&#10;        at java.util.concurrent.ThreadPoolExecutor$Worker.run(ThreadPoolExecutor.java:624)&#10;        at java.lang.Thread.run(Thread.java:748)&#10;&quot;IPC Server idle connection scanner for port 44783&quot; daemon prio=5 tid=109 timed_waiting&#10;java.lang.Thread.State: TIMED_WAITING&#10;        at java.lang.Object.wait(Native Method)&#10;        at java.util.TimerThread.mainLoop(Timer.java:552)&#10;        at java.util.TimerThread.run(Timer.java:505)&#10;&quot;grpc-default-worker-ELG-3-2&quot; daemon prio=5 tid=787 runnable&#10;java.lang.Thread.State: RUNNABLE&#10;        at sun.nio.ch.EPollArrayWrapper.epollWait(Native Method)&#10;        at sun.nio.ch.EPollArrayWrapper.poll(EPollArrayWrapper.java:269)&#10;        at sun.nio.ch.EPollSelectorImpl.doSelect(EPollSelectorImpl.java:93)&#10;        at sun.nio.ch.SelectorImpl.lockAndDoSelect(SelectorImpl.java:86)&#10;        at sun.nio.ch.SelectorImpl.select(SelectorImpl.java:97)&#10;        at org.apache.ratis.thirdparty.io.netty.channel.nio.SelectedSelectionKeySetSelector.select(SelectedSelectionKeySetSelector.java:62)&#10;        at org.apache.ratis.thirdparty.io.netty.channel.nio.NioEventLoop.select(NioEventLoop.java:753)&#10;        at org.apache.ratis.thirdparty.io.netty.channel.nio.NioEventLoop.run(NioEventLoop.java:408)&#10;        at org.apache.ratis.thirdparty.io.netty.util.concurrent.SingleThreadEventExecutor$5.run(SingleThreadEventExecutor.java:897)&#10;        at org.apache.ratis.thirdparty.io.netty.util.concurrent.FastThreadLocalRunnable.run(FastThreadLocalRunnable.java:30)&#10;        at java.lang.Thread.run(Thread.java:748)&#10;&quot;IPC Server Responder&quot; daemon prio=5 tid=25 runnable&#10;java.lang.Thread.State: RUNNABLE&#10;        at sun.nio.ch.EPollArrayWrapper.epollWait(Native Method)&#10;        at sun.nio.ch.EPollArrayWrapper.poll(EPollArrayWrapper.java:269)&#10;        at sun.nio.ch.EPollSelectorImpl.doSelect(EPollSelectorImpl.java:93)&#10;        at sun.nio.ch.SelectorImpl.lockAndDoSelect(SelectorImpl.java:86)&#10;        at sun.nio.ch.SelectorImpl.select(SelectorImpl.java:97)&#10;        at org.apache.hadoop.ipc.Server$Responder.doRunLoop(Server.java:1334)&#10;        at org.apache.hadoop.ipc.Server$Responder.run(Server.java:1317)&#10;&quot;pool-76-thread-1&quot;  prio=5 tid=652 in Object.wait()&#10;java.lang.Thread.State: WAITING (on object monitor)&#10;        at sun.misc.Unsafe.park(Native Method)&#10;        at java.util.concurrent.locks.LockSupport.park(LockSupport.java:175)&#10;        at java.util.concurrent.locks.AbstractQueuedSynchronizer$ConditionObject.await(AbstractQueuedSynchronizer.java:2039)&#10;        at java.util.concurrent.ArrayBlockingQueue.take(ArrayBlockingQueue.java:403)&#10;        at java.util.concurrent.ThreadPoolExecutor.getTask(ThreadPoolExecutor.java:1074)&#10;        at java.util.concurrent.ThreadPoolExecutor.runWorker(ThreadPoolExecutor.java:1134)&#10;        at java.util.concurrent.ThreadPoolExecutor$Worker.run(ThreadPoolExecutor.java:624)&#10;        at java.lang.Thread.run(Thread.java:748)&#10;&quot;qtp64989209-295-acceptor-0@116896be-ServerConnector@7d44a19{HTTP/1.1,[http/1.1]}{0.0.0.0:35458}&quot; daemon prio=3 tid=295 runnable&#10;java.lang.Thread.State: RUNNABLE&#10;        at sun.nio.ch.ServerSocketChannelImpl.accept0(Native Method)&#10;        at sun.nio.ch.ServerSocketChannelImpl.accept(ServerSocketChannelImpl.java:422)&#10;        at sun.nio.ch.ServerSocketChannelImpl.accept(ServerSocketChannelImpl.java:250)&#10;        at org.eclipse.jetty.server.ServerConnector.accept(ServerConnector.java:397)&#10;        at org.eclipse.jetty.server.AbstractConnector$Acceptor.run(AbstractConnector.java:601)&#10;        at org.eclipse.jetty.util.thread.QueuedThreadPool.runJob(QueuedThreadPool.java:671)&#10;        at org.eclipse.jetty.util.thread.QueuedThreadPool$2.run(QueuedThreadPool.java:589)&#10;        at java.lang.Thread.run(Thread.java:748)&#10;&quot;pool-56-thread-8&quot;  prio=5 tid=528 in Object.wait()&#10;java.lang.Thread.State: WAITING (on object monitor)&#10;        at sun.misc.Unsafe.park(Native Method)&#10;        at java.util.concurrent.locks.LockSupport.park(LockSupport.java:175)&#10;        at java.util.concurrent.locks.AbstractQueuedSynchronizer$ConditionObject.await(AbstractQueuedSynchronizer.java:2039)&#10;        at java.util.concurrent.ArrayBlockingQueue.take(ArrayBlockingQueue.java:403)&#10;        at java.util.concurrent.ThreadPoolExecutor.getTask(ThreadPoolExecutor.java:1074)&#10;        at java.util.concurrent.ThreadPoolExecutor.runWorker(ThreadPoolExecutor.java:1134)&#10;        at java.util.concurrent.ThreadPoolExecutor$Worker.run(ThreadPoolExecutor.java:624)&#10;        at java.lang.Thread.run(Thread.java:748)&#10;&quot;qtp820627987-161&quot; daemon prio=5 tid=161 timed_waiting&#10;java.lang.Thread.State: TIMED_WAITING&#10;        at sun.misc.Unsafe.park(Native Method)&#10;        at java.util.concurrent.locks.LockSupport.parkNanos(LockSupport.java:215)&#10;        at java.util.concurrent.locks.AbstractQueuedSynchronizer$ConditionObject.awaitNanos(AbstractQueuedSynchronizer.java:2078)&#10;        at org.eclipse.jetty.util.BlockingArrayQueue.poll(BlockingArrayQueue.java:392)&#10;        at org.eclipse.jetty.util.thread.QueuedThreadPool.idleJobPoll(QueuedThreadPool.java:563)&#10;        at org.eclipse.jetty.util.thread.QueuedThreadPool.access$800(QueuedThreadPool.java:48)&#10;        at org.eclipse.jetty.util.thread.QueuedThreadPool$2.run(QueuedThreadPool.java:626)&#10;        at java.lang.Thread.run(Thread.java:748)&#10;&quot;pool-46-thread-59&quot;  prio=5 tid=519 in Object.wait()&#10;java.lang.Thread.State: WAITING (on object monitor)&#10;        at sun.misc.Unsafe.park(Native Method)&#10;        at java.util.concurrent.locks.LockSupport.park(LockSupport.java:175)&#10;        at java.util.concurrent.locks.AbstractQueuedSynchronizer$ConditionObject.await(AbstractQueuedSynchronizer.java:2039)&#10;        at java.util.concurrent.ArrayBlockingQueue.take(ArrayBlockingQueue.java:403)&#10;        at java.util.concurrent.ThreadPoolExecutor.getTask(ThreadPoolExecutor.java:1074)&#10;        at java.util.concurrent.ThreadPoolExecutor.runWorker(ThreadPoolExecutor.java:1134)&#10;        at java.util.concurrent.ThreadPoolExecutor$Worker.run(ThreadPoolExecutor.java:624)&#10;        at java.lang.Thread.run(Thread.java:748)&#10;&quot;pool-86-thread-15&quot;  prio=5 tid=728 in Object.wait()&#10;java.lang.Thread.State: WAITING (on object monitor)&#10;        at sun.misc.Unsafe.park(Native Method)&#10;        at java.util.concurrent.locks.LockSupport.park(LockSupport.java:175)&#10;        at java.util.concurrent.locks.AbstractQueuedSynchronizer$ConditionObject.await(AbstractQueuedSynchronizer.java:2039)&#10;        at java.util.concurrent.ArrayBlockingQueue.take(ArrayBlockingQueue.java:403)&#10;        at java.util.concurrent.ThreadPoolExecutor.getTask(ThreadPoolExecutor.java:1074)&#10;        at java.util.concurrent.ThreadPoolExecutor.runWorker(ThreadPoolExecutor.java:1134)&#10;        at java.util.concurrent.ThreadPoolExecutor$Worker.run(ThreadPoolExecutor.java:624)&#10;        at java.lang.Thread.run(Thread.java:748)&#10;&quot;pool-66-thread-28&quot;  prio=5 tid=608 in Object.wait()&#10;java.lang.Thread.State: WAITING (on object monitor)&#10;        at sun.misc.Unsafe.park(Native Method)&#10;        at java.util.concurrent.locks.LockSupport.park(LockSupport.java:175)&#10;        at java.util.concurrent.locks.AbstractQueuedSynchronizer$ConditionObject.await(AbstractQueuedSynchronizer.java:2039)&#10;        at java.util.concurrent.ArrayBlockingQueue.take(ArrayBlockingQueue.java:403)&#10;        at java.util.concurrent.ThreadPoolExecutor.getTask(ThreadPoolExecutor.java:1074)&#10;        at java.util.concurrent.ThreadPoolExecutor.runWorker(ThreadPoolExecutor.java:1134)&#10;        at java.util.concurrent.ThreadPoolExecutor$Worker.run(ThreadPoolExecutor.java:624)&#10;        at java.lang.Thread.run(Thread.java:748)&#10;&quot;pool-56-thread-36&quot;  prio=5 tid=556 in Object.wait()&#10;java.lang.Thread.State: WAITING (on object monitor)&#10;        at sun.misc.Unsafe.park(Native Method)&#10;        at java.util.concurrent.locks.LockSupport.park(LockSupport.java:175)&#10;        at java.util.concurrent.locks.AbstractQueuedSynchronizer$ConditionObject.await(AbstractQueuedSynchronizer.java:2039)&#10;        at java.util.concurrent.ArrayBlockingQueue.take(ArrayBlockingQueue.java:403)&#10;        at java.util.concurrent.ThreadPoolExecutor.getTask(ThreadPoolExecutor.java:1074)&#10;        at java.util.concurrent.ThreadPoolExecutor.runWorker(ThreadPoolExecutor.java:1134)&#10;        at java.util.concurrent.ThreadPoolExecutor$Worker.run(ThreadPoolExecutor.java:624)&#10;        at java.lang.Thread.run(Thread.java:748)&#10;&quot;pool-26-thread-50&quot;  prio=5 tid=473 in Object.wait()&#10;java.lang.Thread.State: WAITING (on object monitor)&#10;        at sun.misc.Unsafe.park(Native Method)&#10;        at java.util.concurrent.locks.LockSupport.park(LockSupport.java:175)&#10;        at java.util.concurrent.locks.AbstractQueuedSynchronizer$ConditionObject.await(AbstractQueuedSynchronizer.java:2039)&#10;        at java.util.concurrent.ArrayBlockingQueue.take(ArrayBlockingQueue.java:403)&#10;        at java.util.concurrent.ThreadPoolExecutor.getTask(ThreadPoolExecutor.java:1074)&#10;        at java.util.concurrent.ThreadPoolExecutor.runWorker(ThreadPoolExecutor.java:1134)&#10;        at java.util.concurrent.ThreadPoolExecutor$Worker.run(ThreadPoolExecutor.java:624)&#10;        at java.lang.Thread.run(Thread.java:748)&#10;&quot;qtp1981708431-189&quot; daemon prio=5 tid=189 timed_waiting&#10;java.lang.Thread.State: TIMED_WAITING&#10;        at sun.misc.Unsafe.park(Native Method)&#10;        at java.util.concurrent.locks.LockSupport.parkNanos(LockSupport.java:215)&#10;        at java.util.concurrent.locks.AbstractQueuedSynchronizer$ConditionObject.awaitNanos(AbstractQueuedSynchronizer.java:2078)&#10;        at org.eclipse.jetty.util.BlockingArrayQueue.poll(BlockingArrayQueue.java:392)&#10;        at org.eclipse.jetty.util.thread.QueuedThreadPool.idleJobPoll(QueuedThreadPool.java:563)&#10;        at org.eclipse.jetty.util.thread.QueuedThreadPool.access$800(QueuedThreadPool.java:48)&#10;        at org.eclipse.jetty.util.thread.QueuedThreadPool$2.run(QueuedThreadPool.java:626)&#10;        at java.lang.Thread.run(Thread.java:748)&#10;&quot;IPC Server handler 2 on 44783&quot; daemon prio=5 tid=116 timed_waiting&#10;java.lang.Thread.State: TIMED_WAITING&#10;        at sun.misc.Unsafe.park(Native Method)&#10;        at java.util.concurrent.locks.LockSupport.parkNanos(LockSupport.java:215)&#10;        at java.util.concurrent.locks.AbstractQueuedSynchronizer$ConditionObject.awaitNanos(AbstractQueuedSynchronizer.java:2078)&#10;        at java.util.concurrent.LinkedBlockingQueue.poll(LinkedBlockingQueue.java:467)&#10;        at org.apache.hadoop.ipc.CallQueueManager.take(CallQueueManager.java:288)&#10;        at org.apache.hadoop.ipc.Server$Handler.run(Server.java:2668)&#10;&quot;org.apache.ratis.server.impl.LogAppender$AppenderDaemon$$Lambda$435/1417897345@5ee33e23&quot; daemon prio=5 tid=1094 timed_waiting&#10;java.lang.Thread.State: TIMED_WAITING&#10;        at java.lang.Object.wait(Native Method)&#10;        at org.apache.ratis.grpc.server.GrpcLogAppender.mayWait(GrpcLogAppender.java:147)&#10;        at org.apache.ratis.grpc.server.GrpcLogAppender.runAppenderImpl(GrpcLogAppender.java:101)&#10;        at org.apache.ratis.server.impl.LogAppender$AppenderDaemon.run(LogAppender.java:76)&#10;        at org.apache.ratis.server.impl.LogAppender$AppenderDaemon$$Lambda$435/1417897345.run(Unknown Source)&#10;        at java.lang.Thread.run(Thread.java:748)&#10;&quot;pool-76-thread-18&quot;  prio=5 tid=669 in Object.wait()&#10;java.lang.Thread.State: WAITING (on object monitor)&#10;        at sun.misc.Unsafe.park(Native Method)&#10;        at java.util.concurrent.locks.LockSupport.park(LockSupport.java:175)&#10;        at java.util.concurrent.locks.AbstractQueuedSynchronizer$ConditionObject.await(AbstractQueuedSynchronizer.java:2039)&#10;        at java.util.concurrent.ArrayBlockingQueue.take(ArrayBlockingQueue.java:403)&#10;        at java.util.concurrent.ThreadPoolExecutor.getTask(ThreadPoolExecutor.java:1074)&#10;        at java.util.concurrent.ThreadPoolExecutor.runWorker(ThreadPoolExecutor.java:1134)&#10;        at java.util.concurrent.ThreadPoolExecutor$Worker.run(ThreadPoolExecutor.java:624)&#10;        at java.lang.Thread.run(Thread.java:748)&#10;&quot;pool-86-thread-57&quot;  prio=5 tid=770 in Object.wait()&#10;java.lang.Thread.State: WAITING (on object monitor)&#10;        at sun.misc.Unsafe.park(Native Method)&#10;        at java.util.concurrent.locks.LockSupport.park(LockSupport.java:175)&#10;        at java.util.concurrent.locks.AbstractQueuedSynchronizer$ConditionObject.await(AbstractQueuedSynchronizer.java:2039)&#10;        at java.util.concurrent.ArrayBlockingQueue.take(ArrayBlockingQueue.java:403)&#10;        at java.util.concurrent.ThreadPoolExecutor.getTask(ThreadPoolExecutor.java:1074)&#10;        at java.util.concurrent.ThreadPoolExecutor.runWorker(ThreadPoolExecutor.java:1134)&#10;        at java.util.concurrent.ThreadPoolExecutor$Worker.run(ThreadPoolExecutor.java:624)&#10;        at java.lang.Thread.run(Thread.java:748)&#10;&quot;pool-76-thread-37&quot;  prio=5 tid=688 in Object.wait()&#10;java.lang.Thread.State: WAITING (on object monitor)&#10;        at sun.misc.Unsafe.park(Native Method)&#10;        at java.util.concurrent.locks.LockSupport.park(LockSupport.java:175)&#10;        at java.util.concurrent.locks.AbstractQueuedSynchronizer$ConditionObject.await(AbstractQueuedSynchronizer.java:2039)&#10;        at java.util.concurrent.ArrayBlockingQueue.take(ArrayBlockingQueue.java:403)&#10;        at java.util.concurrent.ThreadPoolExecutor.getTask(ThreadPoolExecutor.java:1074)&#10;        at java.util.concurrent.ThreadPoolExecutor.runWorker(ThreadPoolExecutor.java:1134)&#10;        at java.util.concurrent.ThreadPoolExecutor$Worker.run(ThreadPoolExecutor.java:624)&#10;        at java.lang.Thread.run(Thread.java:748)&#10;&quot;pool-86-thread-13&quot;  prio=5 tid=726 in Object.wait()&#10;java.lang.Thread.State: WAITING (on object monitor)&#10;        at sun.misc.Unsafe.park(Native Method)&#10;        at java.util.concurrent.locks.LockSupport.park(LockSupport.java:175)&#10;        at java.util.concurrent.locks.AbstractQueuedSynchronizer$ConditionObject.await(AbstractQueuedSynchronizer.java:2039)&#10;        at java.util.concurrent.ArrayBlockingQueue.take(ArrayBlockingQueue.java:403)&#10;        at java.util.concurrent.ThreadPoolExecutor.getTask(ThreadPoolExecutor.java:1074)&#10;        at java.util.concurrent.ThreadPoolExecutor.runWorker(ThreadPoolExecutor.java:1134)&#10;        at java.util.concurrent.ThreadPoolExecutor$Worker.run(ThreadPoolExecutor.java:624)&#10;        at java.lang.Thread.run(Thread.java:748)&#10;&quot;pool-26-thread-19&quot;  prio=5 tid=396 in Object.wait()&#10;java.lang.Thread.State: WAITING (on object monitor)&#10;        at sun.misc.Unsafe.park(Native Method)&#10;        at java.util.concurrent.locks.LockSupport.park(LockSupport.java:175)&#10;        at java.util.concurrent.locks.AbstractQueuedSynchronizer$ConditionObject.await(AbstractQueuedSynchronizer.java:2039)&#10;        at java.util.concurrent.ArrayBlockingQueue.take(ArrayBlockingQueue.java:403)&#10;        at java.util.concurrent.ThreadPoolExecutor.getTask(ThreadPoolExecutor.java:1074)&#10;        at java.util.concurrent.ThreadPoolExecutor.runWorker(ThreadPoolExecutor.java:1134)&#10;        at java.util.concurrent.ThreadPoolExecutor$Worker.run(ThreadPoolExecutor.java:624)&#10;        at java.lang.Thread.run(Thread.java:748)&#10;&quot;org.eclipse.jetty.server.session.HashSessionManager@4f0f7849Timer&quot; daemon prio=5 tid=248 timed_waiting&#10;java.lang.Thread.State: TIMED_WAITING&#10;        at sun.misc.Unsafe.park(Native Method)&#10;        at java.util.concurrent.locks.LockSupport.parkNanos(LockSupport.java:215)&#10;        at java.util.concurrent.locks.AbstractQueuedSynchronizer$ConditionObject.awaitNanos(AbstractQueuedSynchronizer.java:2078)&#10;        at java.util.concurrent.ScheduledThreadPoolExecutor$DelayedWorkQueue.take(ScheduledThreadPoolExecutor.java:1093)&#10;        at java.util.concurrent.ScheduledThreadPoolExecutor$DelayedWorkQueue.take(ScheduledThreadPoolExecutor.java:809)&#10;        at java.util.concurrent.ThreadPoolExecutor.getTask(ThreadPoolExecutor.java:1074)&#10;        at java.util.concurrent.ThreadPoolExecutor.runWorker(ThreadPoolExecutor.java:1134)&#10;        at java.util.concurrent.ThreadPoolExecutor$Worker.run(ThreadPoolExecutor.java:624)&#10;        at java.lang.Thread.run(Thread.java:748)&#10;&quot;48796f01-a45e-4e78-98f3-7a8f6b07cc28@group-7DC3B7510CFE-SegmentedRaftLogWorker&quot;  prio=5 tid=853 timed_waiting&#10;java.lang.Thread.State: TIMED_WAITING&#10;        at sun.misc.Unsafe.park(Native Method)&#10;        at java.util.concurrent.locks.LockSupport.parkNanos(LockSupport.java:215)&#10;        at java.util.concurrent.locks.AbstractQueuedSynchronizer$ConditionObject.awaitNanos(AbstractQueuedSynchronizer.java:2078)&#10;        at org.apache.ratis.util.DataBlockingQueue.poll(DataBlockingQueue.java:137)&#10;        at org.apache.ratis.server.raftlog.segmented.SegmentedRaftLogWorker.run(SegmentedRaftLogWorker.java:282)&#10;        at java.lang.Thread.run(Thread.java:748)&#10;&quot;Periodic HDDS volume checker&quot;  prio=5 tid=206 timed_waiting&#10;java.lang.Thread.State: TIMED_WAITING&#10;        at sun.misc.Unsafe.park(Native Method)&#10;        at java.util.concurrent.locks.LockSupport.parkNanos(LockSupport.java:215)&#10;        at java.util.concurrent.locks.AbstractQueuedSynchronizer$ConditionObject.awaitNanos(AbstractQueuedSynchronizer.java:2078)&#10;        at java.util.concurrent.ScheduledThreadPoolExecutor$DelayedWorkQueue.take(ScheduledThreadPoolExecutor.java:1093)&#10;        at java.util.concurrent.ScheduledThreadPoolExecutor$DelayedWorkQueue.take(ScheduledThreadPoolExecutor.java:809)&#10;        at java.util.concurrent.ThreadPoolExecutor.getTask(ThreadPoolExecutor.java:1074)&#10;        at java.util.concurrent.ThreadPoolExecutor.runWorker(ThreadPoolExecutor.java:1134)&#10;        at java.util.concurrent.ThreadPoolExecutor$Worker.run(ThreadPoolExecutor.java:624)&#10;        at java.lang.Thread.run(Thread.java:748)&#10;&quot;IPC Server handler 5 on 36674&quot; daemon prio=5 tid=74 timed_waiting&#10;java.lang.Thread.State: TIMED_WAITING&#10;        at sun.misc.Unsafe.park(Native Method)&#10;        at java.util.concurrent.locks.LockSupport.parkNanos(LockSupport.java:215)&#10;        at java.util.concurrent.locks.AbstractQueuedSynchronizer$ConditionObject.awaitNanos(AbstractQueuedSynchronizer.java:2078)&#10;        at java.util.concurrent.LinkedBlockingQueue.poll(LinkedBlockingQueue.java:467)&#10;        at org.apache.hadoop.ipc.CallQueueManager.take(CallQueueManager.java:288)&#10;        at org.apache.hadoop.ipc.Server$Handler.run(Server.java:2668)&#10;&quot;pool-76-thread-9&quot;  prio=5 tid=660 in Object.wait()&#10;java.lang.Thread.State: WAITING (on object monitor)&#10;        at sun.misc.Unsafe.park(Native Method)&#10;        at java.util.concurrent.locks.LockSupport.park(LockSupport.java:175)&#10;        at java.util.concurrent.locks.AbstractQueuedSynchronizer$ConditionObject.await(AbstractQueuedSynchronizer.java:2039)&#10;        at java.util.concurrent.ArrayBlockingQueue.take(ArrayBlockingQueue.java:403)&#10;        at java.util.concurrent.ThreadPoolExecutor.getTask(ThreadPoolExecutor.java:1074)&#10;        at java.util.concurrent.ThreadPoolExecutor.runWorker(ThreadPoolExecutor.java:1134)&#10;        at java.util.concurrent.ThreadPoolExecutor$Worker.run(ThreadPoolExecutor.java:624)&#10;        at java.lang.Thread.run(Thread.java:748)&#10;&quot;pool-26-thread-51&quot;  prio=5 tid=474 in Object.wait()&#10;java.lang.Thread.State: WAITING (on object monitor)&#10;        at sun.misc.Unsafe.park(Native Method)&#10;        at java.util.concurrent.locks.LockSupport.park(LockSupport.java:175)&#10;        at java.util.concurrent.locks.AbstractQueuedSynchronizer$ConditionObject.await(AbstractQueuedSynchronizer.java:2039)&#10;        at java.util.concurrent.ArrayBlockingQueue.take(ArrayBlockingQueue.java:403)&#10;        at java.util.concurrent.ThreadPoolExecutor.getTask(ThreadPoolExecutor.java:1074)&#10;        at java.util.concurrent.ThreadPoolExecutor.runWorker(ThreadPoolExecutor.java:1134)&#10;        at java.util.concurrent.ThreadPoolExecutor$Worker.run(ThreadPoolExecutor.java:624)&#10;        at java.lang.Thread.run(Thread.java:748)&#10;&quot;pool-44-thread-1&quot; daemon prio=5 tid=210 timed_waiting&#10;java.lang.Thread.State: TIMED_WAITING&#10;        at sun.misc.Unsafe.park(Native Method)&#10;        at java.util.concurrent.locks.LockSupport.parkNanos(LockSupport.java:215)&#10;        at java.util.concurrent.locks.AbstractQueuedSynchronizer$ConditionObject.awaitNanos(AbstractQueuedSynchronizer.java:2078)&#10;        at java.util.concurrent.ScheduledThreadPoolExecutor$DelayedWorkQueue.take(ScheduledThreadPoolExecutor.java:1093)&#10;        at java.util.concurrent.ScheduledThreadPoolExecutor$DelayedWorkQueue.take(ScheduledThreadPoolExecutor.java:809)&#10;        at java.util.concurrent.ThreadPoolExecutor.getTask(ThreadPoolExecutor.java:1074)&#10;        at java.util.concurrent.ThreadPoolExecutor.runWorker(ThreadPoolExecutor.java:1134)&#10;        at java.util.concurrent.ThreadPoolExecutor$Worker.run(ThreadPoolExecutor.java:624)&#10;        at java.lang.Thread.run(Thread.java:748)&#10;&quot;Datanode ReportManager Thread - 3&quot; daemon prio=5 tid=228 in Object.wait()&#10;java.lang.Thread.State: WAITING (on object monitor)&#10;        at sun.misc.Unsafe.park(Native Method)&#10;        at java.util.concurrent.locks.LockSupport.park(LockSupport.java:175)&#10;        at java.util.concurrent.locks.AbstractQueuedSynchronizer$ConditionObject.await(AbstractQueuedSynchronizer.java:2039)&#10;        at java.util.concurrent.ScheduledThreadPoolExecutor$DelayedWorkQueue.take(ScheduledThreadPoolExecutor.java:1088)&#10;        at java.util.concurrent.ScheduledThreadPoolExecutor$DelayedWorkQueue.take(ScheduledThreadPoolExecutor.java:809)&#10;        at java.util.concurrent.ThreadPoolExecutor.getTask(ThreadPoolExecutor.java:1074)&#10;        at java.util.concurrent.ThreadPoolExecutor.runWorker(ThreadPoolExecutor.java:1134)&#10;        at java.util.concurrent.ThreadPoolExecutor$Worker.run(ThreadPoolExecutor.java:624)&#10;        at java.lang.Thread.run(Thread.java:748)&#10;&quot;metrics-hadoop-metrics2-reporter-10-thread-1&quot; daemon prio=5 tid=814 timed_waiting&#10;java.lang.Thread.State: TIMED_WAITING&#10;        at sun.misc.Unsafe.park(Native Method)&#10;        at java.util.concurrent.locks.LockSupport.parkNanos(LockSupport.java:215)&#10;        at java.util.concurrent.locks.AbstractQueuedSynchronizer$ConditionObject.awaitNanos(AbstractQueuedSynchronizer.java:2078)&#10;        at java.util.concurrent.ScheduledThreadPoolExecutor$DelayedWorkQueue.take(ScheduledThreadPoolExecutor.java:1093)&#10;        at java.util.concurrent.ScheduledThreadPoolExecutor$DelayedWorkQueue.take(ScheduledThreadPoolExecutor.java:809)&#10;        at java.util.concurrent.ThreadPoolExecutor.getTask(ThreadPoolExecutor.java:1074)&#10;        at java.util.concurrent.ThreadPoolExecutor.runWorker(ThreadPoolExecutor.java:1134)&#10;        at java.util.concurrent.ThreadPoolExecutor$Worker.run(ThreadPoolExecutor.java:624)&#10;        at java.lang.Thread.run(Thread.java:748)&#10;&quot;org.apache.hadoop.util.JvmPauseMonitor$Monitor@42d675&quot; daemon prio=5 tid=311 timed_waiting&#10;java.lang.Thread.State: TIMED_WAITING&#10;        at java.lang.Thread.sleep(Native Method)&#10;        at org.apache.hadoop.util.JvmPauseMonitor$Monitor.run(JvmPauseMonitor.java:192)&#10;        at java.lang.Thread.run(Thread.java:748)&#10;&quot;Thread-426&quot; daemon prio=5 tid=1083 timed_waiting&#10;java.lang.Thread.State: TIMED_WAITING&#10;        at java.lang.Thread.sleep(Native Method)&#10;        at org.apache.ratis.util.JavaUtils.sleep(JavaUtils.java:247)&#10;        at org.apache.ratis.server.impl.FollowerState.run(FollowerState.java:97)&#10;&quot;grpc-default-executor-6&quot; daemon prio=5 tid=947 timed_waiting&#10;java.lang.Thread.State: TIMED_WAITING&#10;        at sun.misc.Unsafe.park(Native Method)&#10;        at java.util.concurrent.locks.LockSupport.parkNanos(LockSupport.java:215)&#10;        at java.util.concurrent.SynchronousQueue$TransferStack.awaitFulfill(SynchronousQueue.java:460)&#10;        at java.util.concurrent.SynchronousQueue$TransferStack.transfer(SynchronousQueue.java:362)&#10;        at java.util.concurrent.SynchronousQueue.poll(SynchronousQueue.java:941)&#10;        at java.util.concurrent.ThreadPoolExecutor.getTask(ThreadPoolExecutor.java:1073)&#10;        at java.util.concurrent.ThreadPoolExecutor.runWorker(ThreadPoolExecutor.java:1134)&#10;        at java.util.concurrent.ThreadPoolExecutor$Worker.run(ThreadPoolExecutor.java:624)&#10;        at java.lang.Thread.run(Thread.java:748)&#10;&quot;pool-46-thread-7&quot;  prio=5 tid=366 in Object.wait()&#10;java.lang.Thread.State: WAITING (on object monitor)&#10;        at sun.misc.Unsafe.park(Native Method)&#10;        at java.util.concurrent.locks.LockSupport.park(LockSupport.java:175)&#10;        at java.util.concurrent.locks.AbstractQueuedSynchronizer$ConditionObject.await(AbstractQueuedSynchronizer.java:2039)&#10;        at java.util.concurrent.ArrayBlockingQueue.take(ArrayBlockingQueue.java:403)&#10;        at java.util.concurrent.ThreadPoolExecutor.getTask(ThreadPoolExecutor.java:1074)&#10;        at java.util.concurrent.ThreadPoolExecutor.runWorker(ThreadPoolExecutor.java:1134)&#10;        at java.util.concurrent.ThreadPoolExecutor$Worker.run(ThreadPoolExecutor.java:624)&#10;        at java.lang.Thread.run(Thread.java:748)&#10;&quot;BlockDeletingService#0&quot; daemon prio=5 tid=644 timed_waiting&#10;java.lang.Thread.State: TIMED_WAITING&#10;        at sun.misc.Unsafe.park(Native Method)&#10;        at java.util.concurrent.locks.LockSupport.parkNanos(LockSupport.java:215)&#10;        at java.util.concurrent.locks.AbstractQueuedSynchronizer$ConditionObject.awaitNanos(AbstractQueuedSynchronizer.java:2078)&#10;        at java.util.concurrent.ScheduledThreadPoolExecutor$DelayedWorkQueue.take(ScheduledThreadPoolExecutor.java:1093)&#10;        at java.util.concurrent.ScheduledThreadPoolExecutor$DelayedWorkQueue.take(ScheduledThreadPoolExecutor.java:809)&#10;        at java.util.concurrent.ThreadPoolExecutor.getTask(ThreadPoolExecutor.java:1074)&#10;        at java.util.concurrent.ThreadPoolExecutor.runWorker(ThreadPoolExecutor.java:1134)&#10;        at java.util.concurrent.ThreadPoolExecutor$Worker.run(ThreadPoolExecutor.java:624)&#10;        at java.lang.Thread.run(Thread.java:748)&#10;&quot;pool-86-thread-23&quot;  prio=5 tid=736 in Object.wait()&#10;java.lang.Thread.State: WAITING (on object monitor)&#10;        at sun.misc.Unsafe.park(Native Method)&#10;        at java.util.concurrent.locks.LockSupport.park(LockSupport.java:175)&#10;        at java.util.concurrent.locks.AbstractQueuedSynchronizer$ConditionObject.await(AbstractQueuedSynchronizer.java:2039)&#10;        at java.util.concurrent.ArrayBlockingQueue.take(ArrayBlockingQueue.java:403)&#10;        at java.util.concurrent.ThreadPoolExecutor.getTask(ThreadPoolExecutor.java:1074)&#10;        at java.util.concurrent.ThreadPoolExecutor.runWorker(ThreadPoolExecutor.java:1134)&#10;        at java.util.concurrent.ThreadPoolExecutor$Worker.run(ThreadPoolExecutor.java:624)&#10;        at java.lang.Thread.run(Thread.java:748)&#10;&quot;refreshUsed-/workdir/hadoop-ozone/integration-test/target/test-dir/MiniOzoneClusterImpl-f68115de-5278-4c94-9b3d-9176cb3c0071/datanode-6/data/containers&quot; daemon prio=5 tid=316 timed_waiting&#10;java.lang.Thread.State: TIMED_WAITING&#10;        at java.lang.Thread.sleep(Native Method)&#10;        at org.apache.hadoop.fs.CachingGetSpaceUsed$RefreshThread.run(CachingGetSpaceUsed.java:179)&#10;        at java.lang.Thread.run(Thread.java:748)&#10;&quot;Periodic HDDS volume checker&quot;  prio=5 tid=233 timed_waiting&#10;java.lang.Thread.State: TIMED_WAITING&#10;        at sun.misc.Unsafe.park(Native Method)&#10;        at java.util.concurrent.locks.LockSupport.parkNanos(LockSupport.java:215)&#10;        at java.util.concurrent.locks.AbstractQueuedSynchronizer$ConditionObject.awaitNanos(AbstractQueuedSynchronizer.java:2078)&#10;        at java.util.concurrent.ScheduledThreadPoolExecutor$DelayedWorkQueue.take(ScheduledThreadPoolExecutor.java:1093)&#10;        at java.util.concurrent.ScheduledThreadPoolExecutor$DelayedWorkQueue.take(ScheduledThreadPoolExecutor.java:809)&#10;        at java.util.concurrent.ThreadPoolExecutor.getTask(ThreadPoolExecutor.java:1074)&#10;        at java.util.concurrent.ThreadPoolExecutor.runWorker(ThreadPoolExecutor.java:1134)&#10;        at java.util.concurrent.ThreadPoolExecutor$Worker.run(ThreadPoolExecutor.java:624)&#10;        at java.lang.Thread.run(Thread.java:748)&#10;&quot;pool-26-thread-22&quot;  prio=5 tid=402 in Object.wait()&#10;java.lang.Thread.State: WAITING (on object monitor)&#10;        at sun.misc.Unsafe.park(Native Method)&#10;        at java.util.concurrent.locks.LockSupport.park(LockSupport.java:175)&#10;        at java.util.concurrent.locks.AbstractQueuedSynchronizer$ConditionObject.await(AbstractQueuedSynchronizer.java:2039)&#10;        at java.util.concurrent.ArrayBlockingQueue.take(ArrayBlockingQueue.java:403)&#10;        at java.util.concurrent.ThreadPoolExecutor.getTask(ThreadPoolExecutor.java:1074)&#10;        at java.util.concurrent.ThreadPoolExecutor.runWorker(ThreadPoolExecutor.java:1134)&#10;        at java.util.concurrent.ThreadPoolExecutor$Worker.run(ThreadPoolExecutor.java:624)&#10;        at java.lang.Thread.run(Thread.java:748)&#10;&quot;pool-36-thread-18&quot;  prio=5 tid=390 in Object.wait()&#10;java.lang.Thread.State: WAITING (on object monitor)&#10;        at sun.misc.Unsafe.park(Native Method)&#10;        at java.util.concurrent.locks.LockSupport.park(LockSupport.java:175)&#10;        at java.util.concurrent.locks.AbstractQueuedSynchronizer$ConditionObject.await(AbstractQueuedSynchronizer.java:2039)&#10;        at java.util.concurrent.ArrayBlockingQueue.take(ArrayBlockingQueue.java:403)&#10;        at java.util.concurrent.ThreadPoolExecutor.getTask(ThreadPoolExecutor.java:1074)&#10;        at java.util.concurrent.ThreadPoolExecutor.runWorker(ThreadPoolExecutor.java:1134)&#10;        at java.util.concurrent.ThreadPoolExecutor$Worker.run(ThreadPoolExecutor.java:624)&#10;        at java.lang.Thread.run(Thread.java:748)&#10;&quot;pool-26-thread-1&quot;  prio=5 tid=343 in Object.wait()&#10;java.lang.Thread.State: WAITING (on object monitor)&#10;        at sun.misc.Unsafe.park(Native Method)&#10;        at java.util.concurrent.locks.LockSupport.park(LockSupport.java:175)&#10;        at java.util.concurrent.locks.AbstractQueuedSynchronizer$ConditionObject.await(AbstractQueuedSynchronizer.java:2039)&#10;        at java.util.concurrent.ArrayBlockingQueue.take(ArrayBlockingQueue.java:403)&#10;        at java.util.concurrent.ThreadPoolExecutor.getTask(ThreadPoolExecutor.java:1074)&#10;        at java.util.concurrent.ThreadPoolExecutor.runWorker(ThreadPoolExecutor.java:1134)&#10;        at java.util.concurrent.ThreadPoolExecutor$Worker.run(ThreadPoolExecutor.java:624)&#10;        at java.lang.Thread.run(Thread.java:748)&#10;&quot;pool-76-thread-49&quot;  prio=5 tid=700 in Object.wait()&#10;java.lang.Thread.State: WAITING (on object monitor)&#10;        at sun.misc.Unsafe.park(Native Method)&#10;        at java.util.concurrent.locks.LockSupport.park(LockSupport.java:175)&#10;        at java.util.concurrent.locks.AbstractQueuedSynchronizer$ConditionObject.await(AbstractQueuedSynchronizer.java:2039)&#10;        at java.util.concurrent.ArrayBlockingQueue.take(ArrayBlockingQueue.java:403)&#10;        at java.util.concurrent.ThreadPoolExecutor.getTask(ThreadPoolExecutor.java:1074)&#10;        at java.util.concurrent.ThreadPoolExecutor.runWorker(ThreadPoolExecutor.java:1134)&#10;        at java.util.concurrent.ThreadPoolExecutor$Worker.run(ThreadPoolExecutor.java:624)&#10;        at java.lang.Thread.run(Thread.java:748)&#10;&quot;pool-36-thread-50&quot;  prio=5 tid=493 in Object.wait()&#10;java.lang.Thread.State: WAITING (on object monitor)&#10;        at sun.misc.Unsafe.park(Native Method)&#10;        at java.util.concurrent.locks.LockSupport.park(LockSupport.java:175)&#10;        at java.util.concurrent.locks.AbstractQueuedSynchronizer$ConditionObject.await(AbstractQueuedSynchronizer.java:2039)&#10;        at java.util.concurrent.ArrayBlockingQueue.take(ArrayBlockingQueue.java:403)&#10;        at java.util.concurrent.ThreadPoolExecutor.getTask(ThreadPoolExecutor.java:1074)&#10;        at java.util.concurrent.ThreadPoolExecutor.runWorker(ThreadPoolExecutor.java:1134)&#10;        at java.util.concurrent.ThreadPoolExecutor$Worker.run(ThreadPoolExecutor.java:624)&#10;        at java.lang.Thread.run(Thread.java:748)&#10;&quot;IPC Server handler 17 on 45589&quot; daemon prio=5 tid=46 timed_waiting&#10;java.lang.Thread.State: TIMED_WAITING&#10;        at sun.misc.Unsafe.park(Native Method)&#10;        at java.util.concurrent.locks.LockSupport.parkNanos(LockSupport.java:215)&#10;        at java.util.concurrent.locks.AbstractQueuedSynchronizer$ConditionObject.awaitNanos(AbstractQueuedSynchronizer.java:2078)&#10;        at java.util.concurrent.LinkedBlockingQueue.poll(LinkedBlockingQueue.java:467)&#10;        at org.apache.hadoop.ipc.CallQueueManager.take(CallQueueManager.java:288)&#10;        at org.apache.hadoop.ipc.Server$Handler.run(Server.java:2668)&#10;&quot;Command processor thread&quot; daemon prio=5 tid=175 timed_waiting&#10;java.lang.Thread.State: TIMED_WAITING&#10;        at java.lang.Thread.sleep(Native Method)&#10;        at org.apache.hadoop.ozone.container.common.statemachine.DatanodeStateMachine.lambda$initCommandHandlerThread$1(DatanodeStateMachine.java:439)&#10;        at org.apache.hadoop.ozone.container.common.statemachine.DatanodeStateMachine$$Lambda$141/459692644.run(Unknown Source)&#10;        at java.lang.Thread.run(Thread.java:748)&#10;&quot;IPC Server handler 18 on 44783&quot; daemon prio=5 tid=133 timed_waiting&#10;java.lang.Thread.State: TIMED_WAITING&#10;        at sun.misc.Unsafe.park(Native Method)&#10;        at java.util.concurrent.locks.LockSupport.parkNanos(LockSupport.java:215)&#10;        at java.util.concurrent.locks.AbstractQueuedSynchronizer$ConditionObject.awaitNanos(AbstractQueuedSynchronizer.java:2078)&#10;        at java.util.concurrent.LinkedBlockingQueue.poll(LinkedBlockingQueue.java:467)&#10;        at org.apache.hadoop.ipc.CallQueueManager.take(CallQueueManager.java:288)&#10;        at org.apache.hadoop.ipc.Server$Handler.run(Server.java:2668)&#10;&quot;48796f01-a45e-4e78-98f3-7a8f6b07cc28@group-AFD3E3A39739-StateMachineUpdater&quot; daemon prio=5 tid=1061 in Object.wait()&#10;java.lang.Thread.State: WAITING (on object monitor)&#10;        at java.lang.Object.wait(Native Method)&#10;        at java.lang.Object.wait(Object.java:502)&#10;        at org.apache.ratis.server.impl.StateMachineUpdater.waitForCommit(StateMachineUpdater.java:194)&#10;        at org.apache.ratis.server.impl.StateMachineUpdater.run(StateMachineUpdater.java:159)&#10;        at java.lang.Thread.run(Thread.java:748)&#10;&quot;qtp2013613908-242&quot; daemon prio=5 tid=242 timed_waiting&#10;java.lang.Thread.State: TIMED_WAITING&#10;        at sun.misc.Unsafe.park(Native Method)&#10;        at java.util.concurrent.locks.LockSupport.parkNanos(LockSupport.java:215)&#10;        at java.util.concurrent.locks.AbstractQueuedSynchronizer$ConditionObject.awaitNanos(AbstractQueuedSynchronizer.java:2078)&#10;        at org.eclipse.jetty.util.BlockingArrayQueue.poll(BlockingArrayQueue.java:392)&#10;        at org.eclipse.jetty.util.thread.QueuedThreadPool.idleJobPoll(QueuedThreadPool.java:563)&#10;        at org.eclipse.jetty.util.thread.QueuedThreadPool.access$800(QueuedThreadPool.java:48)&#10;        at org.eclipse.jetty.util.thread.QueuedThreadPool$2.run(QueuedThreadPool.java:626)&#10;        at java.lang.Thread.run(Thread.java:748)&#10;&quot;Command processor thread&quot; daemon prio=5 tid=256 timed_waiting&#10;java.lang.Thread.State: TIMED_WAITING&#10;        at java.lang.Thread.sleep(Native Method)&#10;        at org.apache.hadoop.ozone.container.common.statemachine.DatanodeStateMachine.lambda$initCommandHandlerThread$1(DatanodeStateMachine.java:439)&#10;        at org.apache.hadoop.ozone.container.common.statemachine.DatanodeStateMachine$$Lambda$141/459692644.run(Unknown Source)&#10;        at java.lang.Thread.run(Thread.java:748)&#10;&quot;grpc-default-executor-3&quot; daemon prio=5 tid=904 timed_waiting&#10;java.lang.Thread.State: TIMED_WAITING&#10;        at sun.misc.Unsafe.park(Native Method)&#10;        at java.util.concurrent.locks.LockSupport.parkNanos(LockSupport.java:215)&#10;        at java.util.concurrent.SynchronousQueue$TransferStack.awaitFulfill(SynchronousQueue.java:460)&#10;        at java.util.concurrent.SynchronousQueue$TransferStack.transfer(SynchronousQueue.java:362)&#10;        at java.util.concurrent.SynchronousQueue.poll(SynchronousQueue.java:941)&#10;        at java.util.concurrent.ThreadPoolExecutor.getTask(ThreadPoolExecutor.java:1073)&#10;        at java.util.concurrent.ThreadPoolExecutor.runWorker(ThreadPoolExecutor.java:1134)&#10;        at java.util.concurrent.ThreadPoolExecutor$Worker.run(ThreadPoolExecutor.java:624)&#10;        at java.lang.Thread.run(Thread.java:748)&#10;&quot;pool-56-thread-20&quot;  prio=5 tid=540 in Object.wait()&#10;java.lang.Thread.State: WAITING (on object monitor)&#10;        at sun.misc.Unsafe.park(Native Method)&#10;        at java.util.concurrent.locks.LockSupport.park(LockSupport.java:175)&#10;        at java.util.concurrent.locks.AbstractQueuedSynchronizer$ConditionObject.await(AbstractQueuedSynchronizer.java:2039)&#10;        at java.util.concurrent.ArrayBlockingQueue.take(ArrayBlockingQueue.java:403)&#10;        at java.util.concurrent.ThreadPoolExecutor.getTask(ThreadPoolExecutor.java:1074)&#10;        at java.util.concurrent.ThreadPoolExecutor.runWorker(ThreadPoolExecutor.java:1134)&#10;        at java.util.concurrent.ThreadPoolExecutor$Worker.run(ThreadPoolExecutor.java:624)&#10;        at java.lang.Thread.run(Thread.java:748)&#10;&quot;pool-46-thread-31&quot;  prio=5 tid=444 in Object.wait()&#10;java.lang.Thread.State: WAITING (on object monitor)&#10;        at sun.misc.Unsafe.park(Native Method)&#10;        at java.util.concurrent.locks.LockSupport.park(LockSupport.java:175)&#10;        at java.util.concurrent.locks.AbstractQueuedSynchronizer$ConditionObject.await(AbstractQueuedSynchronizer.java:2039)&#10;        at java.util.concurrent.ArrayBlockingQueue.take(ArrayBlockingQueue.java:403)&#10;        at java.util.concurrent.ThreadPoolExecutor.getTask(ThreadPoolExecutor.java:1074)&#10;        at java.util.concurrent.ThreadPoolExecutor.runWorker(ThreadPoolExecutor.java:1134)&#10;        at java.util.concurrent.ThreadPoolExecutor$Worker.run(ThreadPoolExecutor.java:624)&#10;        at java.lang.Thread.run(Thread.java:748)&#10;&quot;pool-36-thread-59&quot;  prio=5 tid=510 in Object.wait()&#10;java.lang.Thread.State: WAITING (on object monitor)&#10;        at sun.misc.Unsafe.park(Native Method)&#10;        at java.util.concurrent.locks.LockSupport.park(LockSupport.java:175)&#10;        at java.util.concurrent.locks.AbstractQueuedSynchronizer$ConditionObject.await(AbstractQueuedSynchronizer.java:2039)&#10;        at java.util.concurrent.ArrayBlockingQueue.take(ArrayBlockingQueue.java:403)&#10;        at java.util.concurrent.ThreadPoolExecutor.getTask(ThreadPoolExecutor.java:1074)&#10;        at java.util.concurrent.ThreadPoolExecutor.runWorker(ThreadPoolExecutor.java:1134)&#10;        at java.util.concurrent.ThreadPoolExecutor$Worker.run(ThreadPoolExecutor.java:624)&#10;        at java.lang.Thread.run(Thread.java:748)&#10;&quot;pool-76-thread-54&quot;  prio=5 tid=705 in Object.wait()&#10;java.lang.Thread.State: WAITING (on object monitor)&#10;        at sun.misc.Unsafe.park(Native Method)&#10;        at java.util.concurrent.locks.LockSupport.park(LockSupport.java:175)&#10;        at java.util.concurrent.locks.AbstractQueuedSynchronizer$ConditionObject.await(AbstractQueuedSynchronizer.java:2039)&#10;        at java.util.concurrent.ArrayBlockingQueue.take(ArrayBlockingQueue.java:403)&#10;        at java.util.concurrent.ThreadPoolExecutor.getTask(ThreadPoolExecutor.java:1074)&#10;        at java.util.concurrent.ThreadPoolExecutor.runWorker(ThreadPoolExecutor.java:1134)&#10;        at java.util.concurrent.ThreadPoolExecutor$Worker.run(ThreadPoolExecutor.java:624)&#10;        at java.lang.Thread.run(Thread.java:748)&#10;&quot;Datanode ReportManager Thread - 1&quot; daemon prio=5 tid=280 in Object.wait()&#10;java.lang.Thread.State: WAITING (on object monitor)&#10;        at sun.misc.Unsafe.park(Native Method)&#10;        at java.util.concurrent.locks.LockSupport.park(LockSupport.java:175)&#10;        at java.util.concurrent.locks.AbstractQueuedSynchronizer$ConditionObject.await(AbstractQueuedSynchronizer.java:2039)&#10;        at java.util.concurrent.ScheduledThreadPoolExecutor$DelayedWorkQueue.take(ScheduledThreadPoolExecutor.java:1088)&#10;        at java.util.concurrent.ScheduledThreadPoolExecutor$DelayedWorkQueue.take(ScheduledThreadPoolExecutor.java:809)&#10;        at java.util.concurrent.ThreadPoolExecutor.getTask(ThreadPoolExecutor.java:1074)&#10;        at java.util.concurrent.ThreadPoolExecutor.runWorker(ThreadPoolExecutor.java:1134)&#10;        at java.util.concurrent.ThreadPoolExecutor$Worker.run(ThreadPoolExecutor.java:624)&#10;        at java.lang.Thread.run(Thread.java:748)&#10;&quot;pool-6-thread-1&quot;  prio=5 tid=26 timed_waiting&#10;java.lang.Thread.State: TIMED_WAITING&#10;        at sun.misc.Unsafe.park(Native Method)&#10;        at java.util.concurrent.locks.LockSupport.parkNanos(LockSupport.java:215)&#10;        at java.util.concurrent.locks.AbstractQueuedSynchronizer$ConditionObject.awaitNanos(AbstractQueuedSynchronizer.java:2078)&#10;        at java.util.concurrent.ScheduledThreadPoolExecutor$DelayedWorkQueue.take(ScheduledThreadPoolExecutor.java:1093)&#10;        at java.util.concurrent.ScheduledThreadPoolExecutor$DelayedWorkQueue.take(ScheduledThreadPoolExecutor.java:809)&#10;        at java.util.concurrent.ThreadPoolExecutor.getTask(ThreadPoolExecutor.java:1074)&#10;        at java.util.concurrent.ThreadPoolExecutor.runWorker(ThreadPoolExecutor.java:1134)&#10;        at java.util.concurrent.ThreadPoolExecutor$Worker.run(ThreadPoolExecutor.java:624)&#10;        at java.lang.Thread.run(Thread.java:748)&#10;&quot;pool-76-thread-16&quot;  prio=5 tid=667 in Object.wait()&#10;java.lang.Thread.State: WAITING (on object monitor)&#10;        at sun.misc.Unsafe.park(Native Method)&#10;        at java.util.concurrent.locks.LockSupport.park(LockSupport.java:175)&#10;        at java.util.concurrent.locks.AbstractQueuedSynchronizer$ConditionObject.await(AbstractQueuedSynchronizer.java:2039)&#10;        at java.util.concurrent.ArrayBlockingQueue.take(ArrayBlockingQueue.java:403)&#10;        at java.util.concurrent.ThreadPoolExecutor.getTask(ThreadPoolExecutor.java:1074)&#10;        at java.util.concurrent.ThreadPoolExecutor.runWorker(ThreadPoolExecutor.java:1134)&#10;        at java.util.concurrent.ThreadPoolExecutor$Worker.run(ThreadPoolExecutor.java:624)&#10;        at java.lang.Thread.run(Thread.java:748)&#10;&quot;pool-86-thread-11&quot;  prio=5 tid=724 in Object.wait()&#10;java.lang.Thread.State: WAITING (on object monitor)&#10;        at sun.misc.Unsafe.park(Native Method)&#10;        at java.util.concurrent.locks.LockSupport.park(LockSupport.java:175)&#10;        at java.util.concurrent.locks.AbstractQueuedSynchronizer$ConditionObject.await(AbstractQueuedSynchronizer.java:2039)&#10;        at java.util.concurrent.ArrayBlockingQueue.take(ArrayBlockingQueue.java:403)&#10;        at java.util.concurrent.ThreadPoolExecutor.getTask(ThreadPoolExecutor.java:1074)&#10;        at java.util.concurrent.ThreadPoolExecutor.runWorker(ThreadPoolExecutor.java:1134)&#10;        at java.util.concurrent.ThreadPoolExecutor$Worker.run(ThreadPoolExecutor.java:624)&#10;        at java.lang.Thread.run(Thread.java:748)&#10;&quot;qtp820627987-163&quot; daemon prio=5 tid=163 timed_waiting&#10;java.lang.Thread.State: TIMED_WAITING&#10;        at sun.misc.Unsafe.park(Native Method)&#10;        at java.util.concurrent.locks.LockSupport.parkNanos(LockSupport.java:215)&#10;        at java.util.concurrent.locks.AbstractQueuedSynchronizer$ConditionObject.awaitNanos(AbstractQueuedSynchronizer.java:2078)&#10;        at org.eclipse.jetty.util.BlockingArrayQueue.poll(BlockingArrayQueue.java:392)&#10;        at org.eclipse.jetty.util.thread.QueuedThreadPool.idleJobPoll(QueuedThreadPool.java:563)&#10;        at org.eclipse.jetty.util.thread.QueuedThreadPool.access$800(QueuedThreadPool.java:48)&#10;        at org.eclipse.jetty.util.thread.QueuedThreadPool$2.run(QueuedThreadPool.java:626)&#10;        at java.lang.Thread.run(Thread.java:748)&#10;&quot;pool-46-thread-11&quot;  prio=5 tid=378 in Object.wait()&#10;java.lang.Thread.State: WAITING (on object monitor)&#10;        at sun.misc.Unsafe.park(Native Method)&#10;        at java.util.concurrent.locks.LockSupport.park(LockSupport.java:175)&#10;        at java.util.concurrent.locks.AbstractQueuedSynchronizer$ConditionObject.await(AbstractQueuedSynchronizer.java:2039)&#10;        at java.util.concurrent.ArrayBlockingQueue.take(ArrayBlockingQueue.java:403)&#10;        at java.util.concurrent.ThreadPoolExecutor.getTask(ThreadPoolExecutor.java:1074)&#10;        at java.util.concurrent.ThreadPoolExecutor.runWorker(ThreadPoolExecutor.java:1134)&#10;        at java.util.concurrent.ThreadPoolExecutor$Worker.run(ThreadPoolExecutor.java:624)&#10;        at java.lang.Thread.run(Thread.java:748)&#10;&quot;Datanode State Machine Thread - 0&quot; daemon prio=5 tid=258 timed_waiting&#10;java.lang.Thread.State: TIMED_WAITING&#10;        at sun.misc.Unsafe.park(Native Method)&#10;        at java.util.concurrent.locks.LockSupport.parkNanos(LockSupport.java:215)&#10;        at java.util.concurrent.SynchronousQueue$TransferStack.awaitFulfill(SynchronousQueue.java:460)&#10;        at java.util.concurrent.SynchronousQueue$TransferStack.transfer(SynchronousQueue.java:362)&#10;        at java.util.concurrent.SynchronousQueue.poll(SynchronousQueue.java:941)&#10;        at java.util.concurrent.ThreadPoolExecutor.getTask(ThreadPoolExecutor.java:1073)&#10;        at java.util.concurrent.ThreadPoolExecutor.runWorker(ThreadPoolExecutor.java:1134)&#10;        at java.util.concurrent.ThreadPoolExecutor$Worker.run(ThreadPoolExecutor.java:624)&#10;        at java.lang.Thread.run(Thread.java:748)&#10;&quot;pool-66-thread-40&quot;  prio=5 tid=620 in Object.wait()&#10;java.lang.Thread.State: WAITING (on object monitor)&#10;        at sun.misc.Unsafe.park(Native Method)&#10;        at java.util.concurrent.locks.LockSupport.park(LockSupport.java:175)&#10;        at java.util.concurrent.locks.AbstractQueuedSynchronizer$ConditionObject.await(AbstractQueuedSynchronizer.java:2039)&#10;        at java.util.concurrent.ArrayBlockingQueue.take(ArrayBlockingQueue.java:403)&#10;        at java.util.concurrent.ThreadPoolExecutor.getTask(ThreadPoolExecutor.java:1074)&#10;        at java.util.concurrent.ThreadPoolExecutor.runWorker(ThreadPoolExecutor.java:1134)&#10;        at java.util.concurrent.ThreadPoolExecutor$Worker.run(ThreadPoolExecutor.java:624)&#10;        at java.lang.Thread.run(Thread.java:748)&#10;&quot;BlockDeletingService#1&quot; daemon prio=5 tid=650 in Object.wait()&#10;java.lang.Thread.State: WAITING (on object monitor)&#10;        at sun.misc.Unsafe.park(Native Method)&#10;        at java.util.concurrent.locks.LockSupport.park(LockSupport.java:175)&#10;        at java.util.concurrent.locks.AbstractQueuedSynchronizer$ConditionObject.await(AbstractQueuedSynchronizer.java:2039)&#10;        at java.util.concurrent.ScheduledThreadPoolExecutor$DelayedWorkQueue.take(ScheduledThreadPoolExecutor.java:1088)&#10;        at java.util.concurrent.ScheduledThreadPoolExecutor$DelayedWorkQueue.take(ScheduledThreadPoolExecutor.java:809)&#10;        at java.util.concurrent.ThreadPoolExecutor.getTask(ThreadPoolExecutor.java:1074)&#10;        at java.util.concurrent.ThreadPoolExecutor.runWorker(ThreadPoolExecutor.java:1134)&#10;        at java.util.concurrent.ThreadPoolExecutor$Worker.run(ThreadPoolExecutor.java:624)&#10;        at java.lang.Thread.run(Thread.java:748)&#10;&quot;IPC Server handler 13 on 45589&quot; daemon prio=5 tid=42 timed_waiting&#10;java.lang.Thread.State: TIMED_WAITING&#10;        at sun.misc.Unsafe.park(Native Method)&#10;        at java.util.concurrent.locks.LockSupport.parkNanos(LockSupport.java:215)&#10;        at java.util.concurrent.locks.AbstractQueuedSynchronizer$ConditionObject.awaitNanos(AbstractQueuedSynchronizer.java:2078)&#10;        at java.util.concurrent.LinkedBlockingQueue.poll(LinkedBlockingQueue.java:467)&#10;        at org.apache.hadoop.ipc.CallQueueManager.take(CallQueueManager.java:288)&#10;        at org.apache.hadoop.ipc.Server$Handler.run(Server.java:2668)&#10;&quot;metrics-hadoop-metrics2-reporter-23-thread-1&quot; daemon prio=5 tid=843 timed_waiting&#10;java.lang.Thread.State: TIMED_WAITING&#10;        at sun.misc.Unsafe.park(Native Method)&#10;        at java.util.concurrent.locks.LockSupport.parkNanos(LockSupport.java:215)&#10;        at java.util.concurrent.locks.AbstractQueuedSynchronizer$ConditionObject.awaitNanos(AbstractQueuedSynchronizer.java:2078)&#10;        at java.util.concurrent.ScheduledThreadPoolExecutor$DelayedWorkQueue.take(ScheduledThreadPoolExecutor.java:1093)&#10;        at java.util.concurrent.ScheduledThreadPoolExecutor$DelayedWorkQueue.take(ScheduledThreadPoolExecutor.java:809)&#10;        at java.util.concurrent.ThreadPoolExecutor.getTask(ThreadPoolExecutor.java:1074)&#10;        at java.util.concurrent.ThreadPoolExecutor.runWorker(ThreadPoolExecutor.java:1134)&#10;        at java.util.concurrent.ThreadPoolExecutor$Worker.run(ThreadPoolExecutor.java:624)&#10;        at java.lang.Thread.run(Thread.java:748)&#10;&quot;pool-56-thread-41&quot;  prio=5 tid=561 in Object.wait()&#10;java.lang.Thread.State: WAITING (on object monitor)&#10;        at sun.misc.Unsafe.park(Native Method)&#10;        at java.util.concurrent.locks.LockSupport.park(LockSupport.java:175)&#10;        at java.util.concurrent.locks.AbstractQueuedSynchronizer$ConditionObject.await(AbstractQueuedSynchronizer.java:2039)&#10;        at java.util.concurrent.ArrayBlockingQueue.take(ArrayBlockingQueue.java:403)&#10;        at java.util.concurrent.ThreadPoolExecutor.getTask(ThreadPoolExecutor.java:1074)&#10;        at java.util.concurrent.ThreadPoolExecutor.runWorker(ThreadPoolExecutor.java:1134)&#10;        at java.util.concurrent.ThreadPoolExecutor$Worker.run(ThreadPoolExecutor.java:624)&#10;        at java.lang.Thread.run(Thread.java:748)&#10;&quot;Command processor thread&quot; daemon prio=5 tid=310 timed_waiting&#10;java.lang.Thread.State: TIMED_WAITING&#10;        at java.lang.Thread.sleep(Native Method)&#10;        at org.apache.hadoop.ozone.container.common.statemachine.DatanodeStateMachine.lambda$initCommandHandlerThread$1(DatanodeStateMachine.java:439)&#10;        at org.apache.hadoop.ozone.container.common.statemachine.DatanodeStateMachine$$Lambda$141/459692644.run(Unknown Source)&#10;        at java.lang.Thread.run(Thread.java:748)&#10;&quot;pool-26-thread-39&quot;  prio=5 tid=439 in Object.wait()&#10;java.lang.Thread.State: WAITING (on object monitor)&#10;        at sun.misc.Unsafe.park(Native Method)&#10;        at java.util.concurrent.locks.LockSupport.park(LockSupport.java:175)&#10;        at java.util.concurrent.locks.AbstractQueuedSynchronizer$ConditionObject.await(AbstractQueuedSynchronizer.java:2039)&#10;        at java.util.concurrent.ArrayBlockingQueue.take(ArrayBlockingQueue.java:403)&#10;        at java.util.concurrent.ThreadPoolExecutor.getTask(ThreadPoolExecutor.java:1074)&#10;        at java.util.concurrent.ThreadPoolExecutor.runWorker(ThreadPoolExecutor.java:1134)&#10;        at java.util.concurrent.ThreadPoolExecutor$Worker.run(ThreadPoolExecutor.java:624)&#10;        at java.lang.Thread.run(Thread.java:748)&#10;&quot;metrics-hadoop-metrics2-reporter-59-thread-1&quot; daemon prio=5 tid=1030 timed_waiting&#10;java.lang.Thread.State: TIMED_WAITING&#10;        at sun.misc.Unsafe.park(Native Method)&#10;        at java.util.concurrent.locks.LockSupport.parkNanos(LockSupport.java:215)&#10;        at java.util.concurrent.locks.AbstractQueuedSynchronizer$ConditionObject.awaitNanos(AbstractQueuedSynchronizer.java:2078)&#10;        at java.util.concurrent.ScheduledThreadPoolExecutor$DelayedWorkQueue.take(ScheduledThreadPoolExecutor.java:1093)&#10;        at java.util.concurrent.ScheduledThreadPoolExecutor$DelayedWorkQueue.take(ScheduledThreadPoolExecutor.java:809)&#10;        at java.util.concurrent.ThreadPoolExecutor.getTask(ThreadPoolExecutor.java:1074)&#10;        at java.util.concurrent.ThreadPoolExecutor.runWorker(ThreadPoolExecutor.java:1134)&#10;        at java.util.concurrent.ThreadPoolExecutor$Worker.run(ThreadPoolExecutor.java:624)&#10;        at java.lang.Thread.run(Thread.java:748)&#10;&quot;Periodic HDDS volume checker&quot;  prio=5 tid=287 timed_waiting&#10;java.lang.Thread.State: TIMED_WAITING&#10;        at sun.misc.Unsafe.park(Native Method)&#10;        at java.util.concurrent.locks.LockSupport.parkNanos(LockSupport.java:215)&#10;        at java.util.concurrent.locks.AbstractQueuedSynchronizer$ConditionObject.awaitNanos(AbstractQueuedSynchronizer.java:2078)&#10;        at java.util.concurrent.ScheduledThreadPoolExecutor$DelayedWorkQueue.take(ScheduledThreadPoolExecutor.java:1093)&#10;        at java.util.concurrent.ScheduledThreadPoolExecutor$DelayedWorkQueue.take(ScheduledThreadPoolExecutor.java:809)&#10;        at java.util.concurrent.ThreadPoolExecutor.getTask(ThreadPoolExecutor.java:1074)&#10;        at java.util.concurrent.ThreadPoolExecutor.runWorker(ThreadPoolExecutor.java:1134)&#10;        at java.util.concurrent.ThreadPoolExecutor$Worker.run(ThreadPoolExecutor.java:624)&#10;        at java.lang.Thread.run(Thread.java:748)&#10;&quot;IPC Server handler 6 on 45589&quot; daemon prio=5 tid=35 timed_waiting&#10;java.lang.Thread.State: TIMED_WAITING&#10;        at sun.misc.Unsafe.park(Native Method)&#10;        at java.util.concurrent.locks.LockSupport.parkNanos(LockSupport.java:215)&#10;        at java.util.concurrent.locks.AbstractQueuedSynchronizer$ConditionObject.awaitNanos(AbstractQueuedSynchronizer.java:2078)&#10;        at java.util.concurrent.LinkedBlockingQueue.poll(LinkedBlockingQueue.java:467)&#10;        at org.apache.hadoop.ipc.CallQueueManager.take(CallQueueManager.java:288)&#10;        at org.apache.hadoop.ipc.Server$Handler.run(Server.java:2668)&#10;&quot;pool-77-thread-1&quot;  prio=5 tid=825 in Object.wait()&#10;java.lang.Thread.State: WAITING (on object monitor)&#10;        at sun.misc.Unsafe.park(Native Method)&#10;        at java.util.concurrent.locks.LockSupport.park(LockSupport.java:175)&#10;        at java.util.concurrent.locks.AbstractQueuedSynchronizer$ConditionObject.await(AbstractQueuedSynchronizer.java:2039)&#10;        at java.util.concurrent.LinkedBlockingQueue.take(LinkedBlockingQueue.java:442)&#10;        at java.util.concurrent.ThreadPoolExecutor.getTask(ThreadPoolExecutor.java:1074)&#10;        at java.util.concurrent.ThreadPoolExecutor.runWorker(ThreadPoolExecutor.java:1134)&#10;        at java.util.concurrent.ThreadPoolExecutor$Worker.run(ThreadPoolExecutor.java:624)&#10;        at java.lang.Thread.run(Thread.java:748)&#10;&quot;pool-56-thread-40&quot;  prio=5 tid=560 in Object.wait()&#10;java.lang.Thread.State: WAITING (on object monitor)&#10;        at sun.misc.Unsafe.park(Native Method)&#10;        at java.util.concurrent.locks.LockSupport.park(LockSupport.java:175)&#10;        at java.util.concurrent.locks.AbstractQueuedSynchronizer$ConditionObject.await(AbstractQueuedSynchronizer.java:2039)&#10;        at java.util.concurrent.ArrayBlockingQueue.take(ArrayBlockingQueue.java:403)&#10;        at java.util.concurrent.ThreadPoolExecutor.getTask(ThreadPoolExecutor.java:1074)&#10;        at java.util.concurrent.ThreadPoolExecutor.runWorker(ThreadPoolExecutor.java:1134)&#10;        at java.util.concurrent.ThreadPoolExecutor$Worker.run(ThreadPoolExecutor.java:624)&#10;        at java.lang.Thread.run(Thread.java:748)&#10;&quot;pool-66-thread-49&quot;  prio=5 tid=629 in Object.wait()&#10;java.lang.Thread.State: WAITING (on object monitor)&#10;        at sun.misc.Unsafe.park(Native Method)&#10;        at java.util.concurrent.locks.LockSupport.park(LockSupport.java:175)&#10;        at java.util.concurrent.locks.AbstractQueuedSynchronizer$ConditionObject.await(AbstractQueuedSynchronizer.java:2039)&#10;        at java.util.concurrent.ArrayBlockingQueue.take(ArrayBlockingQueue.java:403)&#10;        at java.util.concurrent.ThreadPoolExecutor.getTask(ThreadPoolExecutor.java:1074)&#10;        at java.util.concurrent.ThreadPoolExecutor.runWorker(ThreadPoolExecutor.java:1134)&#10;        at java.util.concurrent.ThreadPoolExecutor$Worker.run(ThreadPoolExecutor.java:624)&#10;        at java.lang.Thread.run(Thread.java:748)&#10;&quot;IPC Server handler 5 on 44783&quot; daemon prio=5 tid=119 timed_waiting&#10;java.lang.Thread.State: TIMED_WAITING&#10;        at sun.misc.Unsafe.park(Native Method)&#10;        at java.util.concurrent.locks.LockSupport.parkNanos(LockSupport.java:215)&#10;        at java.util.concurrent.locks.AbstractQueuedSynchronizer$ConditionObject.awaitNanos(AbstractQueuedSynchronizer.java:2078)&#10;        at java.util.concurrent.LinkedBlockingQueue.poll(LinkedBlockingQueue.java:467)&#10;        at org.apache.hadoop.ipc.CallQueueManager.take(CallQueueManager.java:288)&#10;        at org.apache.hadoop.ipc.Server$Handler.run(Server.java:2668)&#10;&quot;pool-66-thread-29&quot;  prio=5 tid=609 in Object.wait()&#10;java.lang.Thread.State: WAITING (on object monitor)&#10;        at sun.misc.Unsafe.park(Native Method)&#10;        at java.util.concurrent.locks.LockSupport.park(LockSupport.java:175)&#10;        at java.util.concurrent.locks.AbstractQueuedSynchronizer$ConditionObject.await(AbstractQueuedSynchronizer.java:2039)&#10;        at java.util.concurrent.ArrayBlockingQueue.take(ArrayBlockingQueue.java:403)&#10;        at java.util.concurrent.ThreadPoolExecutor.getTask(ThreadPoolExecutor.java:1074)&#10;        at java.util.concurrent.ThreadPoolExecutor.runWorker(ThreadPoolExecutor.java:1134)&#10;        at java.util.concurrent.ThreadPoolExecutor$Worker.run(ThreadPoolExecutor.java:624)&#10;        at java.lang.Thread.run(Thread.java:748)&#10;&quot;pool-36-thread-31&quot;  prio=5 tid=438 in Object.wait()&#10;java.lang.Thread.State: WAITING (on object monitor)&#10;        at sun.misc.Unsafe.park(Native Method)&#10;        at java.util.concurrent.locks.LockSupport.park(LockSupport.java:175)&#10;        at java.util.concurrent.locks.AbstractQueuedSynchronizer$ConditionObject.await(AbstractQueuedSynchronizer.java:2039)&#10;        at java.util.concurrent.ArrayBlockingQueue.take(ArrayBlockingQueue.java:403)&#10;        at java.util.concurrent.ThreadPoolExecutor.getTask(ThreadPoolExecutor.java:1074)&#10;        at java.util.concurrent.ThreadPoolExecutor.runWorker(ThreadPoolExecutor.java:1134)&#10;        at java.util.concurrent.ThreadPoolExecutor$Worker.run(ThreadPoolExecutor.java:624)&#10;        at java.lang.Thread.run(Thread.java:748)&#10;&quot;pool-56-thread-56&quot;  prio=5 tid=576 in Object.wait()&#10;java.lang.Thread.State: WAITING (on object monitor)&#10;        at sun.misc.Unsafe.park(Native Method)&#10;        at java.util.concurrent.locks.LockSupport.park(LockSupport.java:175)&#10;        at java.util.concurrent.locks.AbstractQueuedSynchronizer$ConditionObject.await(AbstractQueuedSynchronizer.java:2039)&#10;        at java.util.concurrent.ArrayBlockingQueue.take(ArrayBlockingQueue.java:403)&#10;        at java.util.concurrent.ThreadPoolExecutor.getTask(ThreadPoolExecutor.java:1074)&#10;        at java.util.concurrent.ThreadPoolExecutor.runWorker(ThreadPoolExecutor.java:1134)&#10;        at java.util.concurrent.ThreadPoolExecutor$Worker.run(ThreadPoolExecutor.java:624)&#10;        at java.lang.Thread.run(Thread.java:748)&#10;&quot;pool-26-thread-52&quot;  prio=5 tid=478 in Object.wait()&#10;java.lang.Thread.State: WAITING (on object monitor)&#10;        at sun.misc.Unsafe.park(Native Method)&#10;        at java.util.concurrent.locks.LockSupport.park(LockSupport.java:175)&#10;        at java.util.concurrent.locks.AbstractQueuedSynchronizer$ConditionObject.await(AbstractQueuedSynchronizer.java:2039)&#10;        at java.util.concurrent.ArrayBlockingQueue.take(ArrayBlockingQueue.java:403)&#10;        at java.util.concurrent.ThreadPoolExecutor.getTask(ThreadPoolExecutor.java:1074)&#10;        at java.util.concurrent.ThreadPoolExecutor.runWorker(ThreadPoolExecutor.java:1134)&#10;        at java.util.concurrent.ThreadPoolExecutor$Worker.run(ThreadPoolExecutor.java:624)&#10;        at java.lang.Thread.run(Thread.java:748)&#10;&quot;qtp2013613908-240&quot; daemon prio=5 tid=240 runnable&#10;java.lang.Thread.State: RUNNABLE&#10;        at sun.nio.ch.EPollArrayWrapper.epollWait(Native Method)&#10;        at sun.nio.ch.EPollArrayWrapper.poll(EPollArrayWrapper.java:269)&#10;        at sun.nio.ch.EPollSelectorImpl.doSelect(EPollSelectorImpl.java:93)&#10;        at sun.nio.ch.SelectorImpl.lockAndDoSelect(SelectorImpl.java:86)&#10;        at sun.nio.ch.SelectorImpl.select(SelectorImpl.java:97)&#10;        at sun.nio.ch.SelectorImpl.select(SelectorImpl.java:101)&#10;        at org.eclipse.jetty.io.ManagedSelector$SelectorProducer.select(ManagedSelector.java:243)&#10;        at org.eclipse.jetty.io.ManagedSelector$SelectorProducer.produce(ManagedSelector.java:191)&#10;        at org.eclipse.jetty.util.thread.strategy.ExecuteProduceConsume.executeProduceConsume(ExecuteProduceConsume.java:249)&#10;        at org.eclipse.jetty.util.thread.strategy.ExecuteProduceConsume.produceConsume(ExecuteProduceConsume.java:148)&#10;        at org.eclipse.jetty.util.thread.strategy.ExecuteProduceConsume.execute(ExecuteProduceConsume.java:100)&#10;        at org.eclipse.jetty.io.ManagedSelector.run(ManagedSelector.java:147)&#10;        at org.eclipse.jetty.util.thread.QueuedThreadPool.runJob(QueuedThreadPool.java:671)&#10;        at org.eclipse.jetty.util.thread.QueuedThreadPool$2.run(QueuedThreadPool.java:589)&#10;        at java.lang.Thread.run(Thread.java:748)&#10;&quot;IPC Server handler 16 on 36674&quot; daemon prio=5 tid=85 timed_waiting&#10;java.lang.Thread.State: TIMED_WAITING&#10;        at sun.misc.Unsafe.park(Native Method)&#10;        at java.util.concurrent.locks.LockSupport.parkNanos(LockSupport.java:215)&#10;        at java.util.concurrent.locks.AbstractQueuedSynchronizer$ConditionObject.awaitNanos(AbstractQueuedSynchronizer.java:2078)&#10;        at java.util.concurrent.LinkedBlockingQueue.poll(LinkedBlockingQueue.java:467)&#10;        at org.apache.hadoop.ipc.CallQueueManager.take(CallQueueManager.java:288)&#10;        at org.apache.hadoop.ipc.Server$Handler.run(Server.java:2668)&#10;&quot;metrics-hadoop-metrics2-reporter-63-thread-1&quot; daemon prio=5 tid=1053 timed_waiting&#10;java.lang.Thread.State: TIMED_WAITING&#10;        at sun.misc.Unsafe.park(Native Method)&#10;        at java.util.concurrent.locks.LockSupport.parkNanos(LockSupport.java:215)&#10;        at java.util.concurrent.locks.AbstractQueuedSynchronizer$ConditionObject.awaitNanos(AbstractQueuedSynchronizer.java:2078)&#10;        at java.util.concurrent.ScheduledThreadPoolExecutor$DelayedWorkQueue.take(ScheduledThreadPoolExecutor.java:1093)&#10;        at java.util.concurrent.ScheduledThreadPoolExecutor$DelayedWorkQueue.take(ScheduledThreadPoolExecutor.java:809)&#10;        at java.util.concurrent.ThreadPoolExecutor.getTask(ThreadPoolExecutor.java:1074)&#10;        at java.util.concurrent.ThreadPoolExecutor.runWorker(ThreadPoolExecutor.java:1134)&#10;        at java.util.concurrent.ThreadPoolExecutor$Worker.run(ThreadPoolExecutor.java:624)&#10;        at java.lang.Thread.run(Thread.java:748)&#10;&quot;pool-46-thread-19&quot;  prio=5 tid=397 in Object.wait()&#10;java.lang.Thread.State: WAITING (on object monitor)&#10;        at sun.misc.Unsafe.park(Native Method)&#10;        at java.util.concurrent.locks.LockSupport.park(LockSupport.java:175)&#10;        at java.util.concurrent.locks.AbstractQueuedSynchronizer$ConditionObject.await(AbstractQueuedSynchronizer.java:2039)&#10;        at java.util.concurrent.ArrayBlockingQueue.take(ArrayBlockingQueue.java:403)&#10;        at java.util.concurrent.ThreadPoolExecutor.getTask(ThreadPoolExecutor.java:1074)&#10;        at java.util.concurrent.ThreadPoolExecutor.runWorker(ThreadPoolExecutor.java:1134)&#10;        at java.util.concurrent.ThreadPoolExecutor$Worker.run(ThreadPoolExecutor.java:624)&#10;        at java.lang.Thread.run(Thread.java:748)&#10;&quot;qtp1187146208-214-acceptor-0@7ba0abd1-ServerConnector@352c44a8{HTTP/1.1,[http/1.1]}{0.0.0.0:39564}&quot; daemon prio=3 tid=214 runnable&#10;java.lang.Thread.State: RUNNABLE&#10;        at sun.nio.ch.ServerSocketChannelImpl.accept0(Native Method)&#10;        at sun.nio.ch.ServerSocketChannelImpl.accept(ServerSocketChannelImpl.java:422)&#10;        at sun.nio.ch.ServerSocketChannelImpl.accept(ServerSocketChannelImpl.java:250)&#10;        at org.eclipse.jetty.server.ServerConnector.accept(ServerConnector.java:397)&#10;        at org.eclipse.jetty.server.AbstractConnector$Acceptor.run(AbstractConnector.java:601)&#10;        at org.eclipse.jetty.util.thread.QueuedThreadPool.runJob(QueuedThreadPool.java:671)&#10;        at org.eclipse.jetty.util.thread.QueuedThreadPool$2.run(QueuedThreadPool.java:589)&#10;        at java.lang.Thread.run(Thread.java:748)&#10;&quot;org.eclipse.jetty.server.session.HashSessionManager@5d235104Timer&quot; daemon prio=5 tid=144 timed_waiting&#10;java.lang.Thread.State: TIMED_WAITING&#10;        at sun.misc.Unsafe.park(Native Method)&#10;        at java.util.concurrent.locks.LockSupport.parkNanos(LockSupport.java:215)&#10;        at java.util.concurrent.locks.AbstractQueuedSynchronizer$ConditionObject.awaitNanos(AbstractQueuedSynchronizer.java:2078)&#10;        at java.util.concurrent.ScheduledThreadPoolExecutor$DelayedWorkQueue.take(ScheduledThreadPoolExecutor.java:1093)&#10;        at java.util.concurrent.ScheduledThreadPoolExecutor$DelayedWorkQueue.take(ScheduledThreadPoolExecutor.java:809)&#10;        at java.util.concurrent.ThreadPoolExecutor.getTask(ThreadPoolExecutor.java:1074)&#10;        at java.util.concurrent.ThreadPoolExecutor.runWorker(ThreadPoolExecutor.java:1134)&#10;        at java.util.concurrent.ThreadPoolExecutor$Worker.run(ThreadPoolExecutor.java:624)&#10;        at java.lang.Thread.run(Thread.java:748)&#10;&quot;IPC Server handler 18 on 45290&quot; daemon prio=5 tid=67 timed_waiting&#10;java.lang.Thread.State: TIMED_WAITING&#10;        at sun.misc.Unsafe.park(Native Method)&#10;        at java.util.concurrent.locks.LockSupport.parkNanos(LockSupport.java:215)&#10;        at java.util.concurrent.locks.AbstractQueuedSynchronizer$ConditionObject.awaitNanos(AbstractQueuedSynchronizer.java:2078)&#10;        at java.util.concurrent.LinkedBlockingQueue.poll(LinkedBlockingQueue.java:467)&#10;        at org.apache.hadoop.ipc.CallQueueManager.take(CallQueueManager.java:288)&#10;        at org.apache.hadoop.ipc.Server$Handler.run(Server.java:2668)&#10;&quot;pool-26-thread-37&quot;  prio=5 tid=434 in Object.wait()&#10;java.lang.Thread.State: WAITING (on object monitor)&#10;        at sun.misc.Unsafe.park(Native Method)&#10;        at java.util.concurrent.locks.LockSupport.park(LockSupport.java:175)&#10;        at java.util.concurrent.locks.AbstractQueuedSynchronizer$ConditionObject.await(AbstractQueuedSynchronizer.java:2039)&#10;        at java.util.concurrent.ArrayBlockingQueue.take(ArrayBlockingQueue.java:403)&#10;        at java.util.concurrent.ThreadPoolExecutor.getTask(ThreadPoolExecutor.java:1074)&#10;        at java.util.concurrent.ThreadPoolExecutor.runWorker(ThreadPoolExecutor.java:1134)&#10;        at java.util.concurrent.ThreadPoolExecutor$Worker.run(ThreadPoolExecutor.java:624)&#10;        at java.lang.Thread.run(Thread.java:748)&#10;&quot;qtp721395199-272&quot; daemon prio=5 tid=272 timed_waiting&#10;java.lang.Thread.State: TIMED_WAITING&#10;        at sun.misc.Unsafe.park(Native Method)&#10;        at java.util.concurrent.locks.LockSupport.parkNanos(LockSupport.java:215)&#10;        at java.util.concurrent.locks.AbstractQueuedSynchronizer$ConditionObject.awaitNanos(AbstractQueuedSynchronizer.java:2078)&#10;        at org.eclipse.jetty.util.BlockingArrayQueue.poll(BlockingArrayQueue.java:392)&#10;        at org.eclipse.jetty.util.thread.QueuedThreadPool.idleJobPoll(QueuedThreadPool.java:563)&#10;        at org.eclipse.jetty.util.thread.QueuedThreadPool.access$800(QueuedThreadPool.java:48)&#10;        at org.eclipse.jetty.util.thread.QueuedThreadPool$2.run(QueuedThreadPool.java:626)&#10;        at java.lang.Thread.run(Thread.java:748)&#10;&quot;pool-36-thread-35&quot;  prio=5 tid=450 in Object.wait()&#10;java.lang.Thread.State: WAITING (on object monitor)&#10;        at sun.misc.Unsafe.park(Native Method)&#10;        at java.util.concurrent.locks.LockSupport.park(LockSupport.java:175)&#10;        at java.util.concurrent.locks.AbstractQueuedSynchronizer$ConditionObject.await(AbstractQueuedSynchronizer.java:2039)&#10;        at java.util.concurrent.ArrayBlockingQueue.take(ArrayBlockingQueue.java:403)&#10;        at java.util.concurrent.ThreadPoolExecutor.getTask(ThreadPoolExecutor.java:1074)&#10;        at java.util.concurrent.ThreadPoolExecutor.runWorker(ThreadPoolExecutor.java:1134)&#10;        at java.util.concurrent.ThreadPoolExecutor$Worker.run(ThreadPoolExecutor.java:624)&#10;        at java.lang.Thread.run(Thread.java:748)&#10;&quot;qtp1187146208-217&quot; daemon prio=5 tid=217 timed_waiting&#10;java.lang.Thread.State: TIMED_WAITING&#10;        at sun.misc.Unsafe.park(Native Method)&#10;        at java.util.concurrent.locks.LockSupport.parkNanos(LockSupport.java:215)&#10;        at java.util.concurrent.locks.AbstractQueuedSynchronizer$ConditionObject.awaitNanos(AbstractQueuedSynchronizer.java:2078)&#10;        at org.eclipse.jetty.util.BlockingArrayQueue.poll(BlockingArrayQueue.java:392)&#10;        at org.eclipse.jetty.util.thread.QueuedThreadPool.idleJobPoll(QueuedThreadPool.java:563)&#10;        at org.eclipse.jetty.util.thread.QueuedThreadPool.access$800(QueuedThreadPool.java:48)&#10;        at org.eclipse.jetty.util.thread.QueuedThreadPool$2.run(QueuedThreadPool.java:626)&#10;        at java.lang.Thread.run(Thread.java:748)&#10;&quot;pool-66-thread-35&quot;  prio=5 tid=615 in Object.wait()&#10;java.lang.Thread.State: WAITING (on object monitor)&#10;        at sun.misc.Unsafe.park(Native Method)&#10;        at java.util.concurrent.locks.LockSupport.park(LockSupport.java:175)&#10;        at java.util.concurrent.locks.AbstractQueuedSynchronizer$ConditionObject.await(AbstractQueuedSynchronizer.java:2039)&#10;        at java.util.concurrent.ArrayBlockingQueue.take(ArrayBlockingQueue.java:403)&#10;        at java.util.concurrent.ThreadPoolExecutor.getTask(ThreadPoolExecutor.java:1074)&#10;        at java.util.concurrent.ThreadPoolExecutor.runWorker(ThreadPoolExecutor.java:1134)&#10;        at java.util.concurrent.ThreadPoolExecutor$Worker.run(ThreadPoolExecutor.java:624)&#10;        at java.lang.Thread.run(Thread.java:748)&#10;&quot;IPC Server handler 18 on 36674&quot; daemon prio=5 tid=87 timed_waiting&#10;java.lang.Thread.State: TIMED_WAITING&#10;        at sun.misc.Unsafe.park(Native Method)&#10;        at java.util.concurrent.locks.LockSupport.parkNanos(LockSupport.java:215)&#10;        at java.util.concurrent.locks.AbstractQueuedSynchronizer$ConditionObject.awaitNanos(AbstractQueuedSynchronizer.java:2078)&#10;        at java.util.concurrent.LinkedBlockingQueue.poll(LinkedBlockingQueue.java:467)&#10;        at org.apache.hadoop.ipc.CallQueueManager.take(CallQueueManager.java:288)&#10;        at org.apache.hadoop.ipc.Server$Handler.run(Server.java:2668)&#10;&quot;pool-36-thread-12&quot;  prio=5 tid=373 in Object.wait()&#10;java.lang.Thread.State: WAITING (on object monitor)&#10;        at sun.misc.Unsafe.park(Native Method)&#10;        at java.util.concurrent.locks.LockSupport.park(LockSupport.java:175)&#10;        at java.util.concurrent.locks.AbstractQueuedSynchronizer$ConditionObject.await(AbstractQueuedSynchronizer.java:2039)&#10;        at java.util.concurrent.ArrayBlockingQueue.take(ArrayBlockingQueue.java:403)&#10;        at java.util.concurrent.ThreadPoolExecutor.getTask(ThreadPoolExecutor.java:1074)&#10;        at java.util.concurrent.ThreadPoolExecutor.runWorker(ThreadPoolExecutor.java:1134)&#10;        at java.util.concurrent.ThreadPoolExecutor$Worker.run(ThreadPoolExecutor.java:624)&#10;        at java.lang.Thread.run(Thread.java:748)&#10;&quot;pool-76-thread-47&quot;  prio=5 tid=698 in Object.wait()&#10;java.lang.Thread.State: WAITING (on object monitor)&#10;        at sun.misc.Unsafe.park(Native Method)&#10;        at java.util.concurrent.locks.LockSupport.park(LockSupport.java:175)&#10;        at java.util.concurrent.locks.AbstractQueuedSynchronizer$ConditionObject.await(AbstractQueuedSynchronizer.java:2039)&#10;        at java.util.concurrent.ArrayBlockingQueue.take(ArrayBlockingQueue.java:403)&#10;        at java.util.concurrent.ThreadPoolExecutor.getTask(ThreadPoolExecutor.java:1074)&#10;        at java.util.concurrent.ThreadPoolExecutor.runWorker(ThreadPoolExecutor.java:1134)&#10;        at java.util.concurrent.ThreadPoolExecutor$Worker.run(ThreadPoolExecutor.java:624)&#10;        at java.lang.Thread.run(Thread.java:748)&#10;&quot;pool-60-thread-1&quot;  prio=5 tid=239 timed_waiting&#10;java.lang.Thread.State: TIMED_WAITING&#10;        at sun.misc.Unsafe.park(Native Method)&#10;        at java.util.concurrent.locks.LockSupport.parkNanos(LockSupport.java:215)&#10;        at java.util.concurrent.locks.AbstractQueuedSynchronizer$ConditionObject.awaitNanos(AbstractQueuedSynchronizer.java:2078)&#10;        at java.util.concurrent.ScheduledThreadPoolExecutor$DelayedWorkQueue.take(ScheduledThreadPoolExecutor.java:1093)&#10;        at java.util.concurrent.ScheduledThreadPoolExecutor$DelayedWorkQueue.take(ScheduledThreadPoolExecutor.java:809)&#10;        at java.util.concurrent.ThreadPoolExecutor.getTask(ThreadPoolExecutor.java:1074)&#10;        at java.util.concurrent.ThreadPoolExecutor.runWorker(ThreadPoolExecutor.java:1134)&#10;        at java.util.concurrent.ThreadPoolExecutor$Worker.run(ThreadPoolExecutor.java:624)&#10;        at java.lang.Thread.run(Thread.java:748)&#10;&quot;pool-26-thread-24&quot;  prio=5 tid=406 in Object.wait()&#10;java.lang.Thread.State: WAITING (on object monitor)&#10;        at sun.misc.Unsafe.park(Native Method)&#10;        at java.util.concurrent.locks.LockSupport.park(LockSupport.java:175)&#10;        at java.util.concurrent.locks.AbstractQueuedSynchronizer$ConditionObject.await(AbstractQueuedSynchronizer.java:2039)&#10;        at java.util.concurrent.ArrayBlockingQueue.take(ArrayBlockingQueue.java:403)&#10;        at java.util.concurrent.ThreadPoolExecutor.getTask(ThreadPoolExecutor.java:1074)&#10;        at java.util.concurrent.ThreadPoolExecutor.runWorker(ThreadPoolExecutor.java:1134)&#10;        at java.util.concurrent.ThreadPoolExecutor$Worker.run(ThreadPoolExecutor.java:624)&#10;        at java.lang.Thread.run(Thread.java:748)&#10;&quot;org.apache.hadoop.util.JvmPauseMonitor$Monitor@a2ccbe1&quot; daemon prio=5 tid=338 timed_waiting&#10;java.lang.Thread.State: TIMED_WAITING&#10;        at java.lang.Thread.sleep(Native Method)&#10;        at org.apache.hadoop.util.JvmPauseMonitor$Monitor.run(JvmPauseMonitor.java:192)&#10;        at java.lang.Thread.run(Thread.java:748)&#10;&quot;pool-46-thread-20&quot;  prio=5 tid=400 in Object.wait()&#10;java.lang.Thread.State: WAITING (on object monitor)&#10;        at sun.misc.Unsafe.park(Native Method)&#10;        at java.util.concurrent.locks.LockSupport.park(LockSupport.java:175)&#10;        at java.util.concurrent.locks.AbstractQueuedSynchronizer$ConditionObject.await(AbstractQueuedSynchronizer.java:2039)&#10;        at java.util.concurrent.ArrayBlockingQueue.take(ArrayBlockingQueue.java:403)&#10;        at java.util.concurrent.ThreadPoolExecutor.getTask(ThreadPoolExecutor.java:1074)&#10;        at java.util.concurrent.ThreadPoolExecutor.runWorker(ThreadPoolExecutor.java:1134)&#10;        at java.util.concurrent.ThreadPoolExecutor$Worker.run(ThreadPoolExecutor.java:624)&#10;        at java.lang.Thread.run(Thread.java:748)&#10;&quot;pool-66-thread-56&quot;  prio=5 tid=636 in Object.wait()&#10;java.lang.Thread.State: WAITING (on object monitor)&#10;        at sun.misc.Unsafe.park(Native Method)&#10;        at java.util.concurrent.locks.LockSupport.park(LockSupport.java:175)&#10;        at java.util.concurrent.locks.AbstractQueuedSynchronizer$ConditionObject.await(AbstractQueuedSynchronizer.java:2039)&#10;        at java.util.concurrent.ArrayBlockingQueue.take(ArrayBlockingQueue.java:403)&#10;        at java.util.concurrent.ThreadPoolExecutor.getTask(ThreadPoolExecutor.java:1074)&#10;        at java.util.concurrent.ThreadPoolExecutor.runWorker(ThreadPoolExecutor.java:1134)&#10;        at java.util.concurrent.ThreadPoolExecutor$Worker.run(ThreadPoolExecutor.java:624)&#10;        at java.lang.Thread.run(Thread.java:748)&#10;&quot;pool-36-thread-29&quot;  prio=5 tid=432 in Object.wait()&#10;java.lang.Thread.State: WAITING (on object monitor)&#10;        at sun.misc.Unsafe.park(Native Method)&#10;        at java.util.concurrent.locks.LockSupport.park(LockSupport.java:175)&#10;        at java.util.concurrent.locks.AbstractQueuedSynchronizer$ConditionObject.await(AbstractQueuedSynchronizer.java:2039)&#10;        at java.util.concurrent.ArrayBlockingQueue.take(ArrayBlockingQueue.java:403)&#10;        at java.util.concurrent.ThreadPoolExecutor.getTask(ThreadPoolExecutor.java:1074)&#10;        at java.util.concurrent.ThreadPoolExecutor.runWorker(ThreadPoolExecutor.java:1134)&#10;        at java.util.concurrent.ThreadPoolExecutor$Worker.run(ThreadPoolExecutor.java:624)&#10;        at java.lang.Thread.run(Thread.java:748)&#10;&quot;pool-36-thread-52&quot;  prio=5 tid=501 in Object.wait()&#10;java.lang.Thread.State: WAITING (on object monitor)&#10;        at sun.misc.Unsafe.park(Native Method)&#10;        at java.util.concurrent.locks.LockSupport.park(LockSupport.java:175)&#10;        at java.util.concurrent.locks.AbstractQueuedSynchronizer$ConditionObject.await(AbstractQueuedSynchronizer.java:2039)&#10;        at java.util.concurrent.ArrayBlockingQueue.take(ArrayBlockingQueue.java:403)&#10;        at java.util.concurrent.ThreadPoolExecutor.getTask(ThreadPoolExecutor.java:1074)&#10;        at java.util.concurrent.ThreadPoolExecutor.runWorker(ThreadPoolExecutor.java:1134)&#10;        at java.util.concurrent.ThreadPoolExecutor$Worker.run(ThreadPoolExecutor.java:624)&#10;        at java.lang.Thread.run(Thread.java:748)&#10;&quot;pool-46-thread-43&quot;  prio=5 tid=479 in Object.wait()&#10;java.lang.Thread.State: WAITING (on object monitor)&#10;        at sun.misc.Unsafe.park(Native Method)&#10;        at java.util.concurrent.locks.LockSupport.park(LockSupport.java:175)&#10;        at java.util.concurrent.locks.AbstractQueuedSynchronizer$ConditionObject.await(AbstractQueuedSynchronizer.java:2039)&#10;        at java.util.concurrent.ArrayBlockingQueue.take(ArrayBlockingQueue.java:403)&#10;        at java.util.concurrent.ThreadPoolExecutor.getTask(ThreadPoolExecutor.java:1074)&#10;        at java.util.concurrent.ThreadPoolExecutor.runWorker(ThreadPoolExecutor.java:1134)&#10;        at java.util.concurrent.ThreadPoolExecutor$Worker.run(ThreadPoolExecutor.java:624)&#10;        at java.lang.Thread.run(Thread.java:748)&#10;&quot;qtp721395199-273&quot; daemon prio=5 tid=273 timed_waiting&#10;java.lang.Thread.State: TIMED_WAITING&#10;        at sun.misc.Unsafe.park(Native Method)&#10;        at java.util.concurrent.locks.LockSupport.parkNanos(LockSupport.java:215)&#10;        at java.util.concurrent.locks.AbstractQueuedSynchronizer$ConditionObject.awaitNanos(AbstractQueuedSynchronizer.java:2078)&#10;        at org.eclipse.jetty.util.BlockingArrayQueue.poll(BlockingArrayQueue.java:392)&#10;        at org.eclipse.jetty.util.thread.QueuedThreadPool.idleJobPoll(QueuedThreadPool.java:563)&#10;        at org.eclipse.jetty.util.thread.QueuedThreadPool.access$800(QueuedThreadPool.java:48)&#10;        at org.eclipse.jetty.util.thread.QueuedThreadPool$2.run(QueuedThreadPool.java:626)&#10;        at java.lang.Thread.run(Thread.java:748)&#10;&quot;grpc-default-executor-9&quot; daemon prio=5 tid=965 timed_waiting&#10;java.lang.Thread.State: TIMED_WAITING&#10;        at sun.misc.Unsafe.park(Native Method)&#10;        at java.util.concurrent.locks.LockSupport.parkNanos(LockSupport.java:215)&#10;        at java.util.concurrent.SynchronousQueue$TransferStack.awaitFulfill(SynchronousQueue.java:460)&#10;        at java.util.concurrent.SynchronousQueue$TransferStack.transfer(SynchronousQueue.java:362)&#10;        at java.util.concurrent.SynchronousQueue.poll(SynchronousQueue.java:941)&#10;        at java.util.concurrent.ThreadPoolExecutor.getTask(ThreadPoolExecutor.java:1073)&#10;        at java.util.concurrent.ThreadPoolExecutor.runWorker(ThreadPoolExecutor.java:1134)&#10;        at java.util.concurrent.ThreadPoolExecutor$Worker.run(ThreadPoolExecutor.java:624)&#10;        at java.lang.Thread.run(Thread.java:748)&#10;&quot;qtp1991386317-136&quot; daemon prio=5 tid=136 runnable&#10;java.lang.Thread.State: RUNNABLE&#10;        at sun.nio.ch.EPollArrayWrapper.epollWait(Native Method)&#10;        at sun.nio.ch.EPollArrayWrapper.poll(EPollArrayWrapper.java:269)&#10;        at sun.nio.ch.EPollSelectorImpl.doSelect(EPollSelectorImpl.java:93)&#10;        at sun.nio.ch.SelectorImpl.lockAndDoSelect(SelectorImpl.java:86)&#10;        at sun.nio.ch.SelectorImpl.select(SelectorImpl.java:97)&#10;        at sun.nio.ch.SelectorImpl.select(SelectorImpl.java:101)&#10;        at org.eclipse.jetty.io.ManagedSelector$SelectorProducer.select(ManagedSelector.java:243)&#10;        at org.eclipse.jetty.io.ManagedSelector$SelectorProducer.produce(ManagedSelector.java:191)&#10;        at org.eclipse.jetty.util.thread.strategy.ExecuteProduceConsume.executeProduceConsume(ExecuteProduceConsume.java:249)&#10;        at org.eclipse.jetty.util.thread.strategy.ExecuteProduceConsume.produceConsume(ExecuteProduceConsume.java:148)&#10;        at org.eclipse.jetty.util.thread.strategy.ExecuteProduceConsume.execute(ExecuteProduceConsume.java:100)&#10;        at org.eclipse.jetty.io.ManagedSelector.run(ManagedSelector.java:147)&#10;        at org.eclipse.jetty.util.thread.QueuedThreadPool.runJob(QueuedThreadPool.java:671)&#10;        at org.eclipse.jetty.util.thread.QueuedThreadPool$2.run(QueuedThreadPool.java:589)&#10;        at java.lang.Thread.run(Thread.java:748)&#10;&quot;pool-56-thread-55&quot;  prio=5 tid=575 in Object.wait()&#10;java.lang.Thread.State: WAITING (on object monitor)&#10;        at sun.misc.Unsafe.park(Native Method)&#10;        at java.util.concurrent.locks.LockSupport.park(LockSupport.java:175)&#10;        at java.util.concurrent.locks.AbstractQueuedSynchronizer$ConditionObject.await(AbstractQueuedSynchronizer.java:2039)&#10;        at java.util.concurrent.ArrayBlockingQueue.take(ArrayBlockingQueue.java:403)&#10;        at java.util.concurrent.ThreadPoolExecutor.getTask(ThreadPoolExecutor.java:1074)&#10;        at java.util.concurrent.ThreadPoolExecutor.runWorker(ThreadPoolExecutor.java:1134)&#10;        at java.util.concurrent.ThreadPoolExecutor$Worker.run(ThreadPoolExecutor.java:624)&#10;        at java.lang.Thread.run(Thread.java:748)&#10;&quot;pool-66-thread-60&quot;  prio=5 tid=640 in Object.wait()&#10;java.lang.Thread.State: WAITING (on object monitor)&#10;        at sun.misc.Unsafe.park(Native Method)&#10;        at java.util.concurrent.locks.LockSupport.park(LockSupport.java:175)&#10;        at java.util.concurrent.locks.AbstractQueuedSynchronizer$ConditionObject.await(AbstractQueuedSynchronizer.java:2039)&#10;        at java.util.concurrent.ArrayBlockingQueue.take(ArrayBlockingQueue.java:403)&#10;        at java.util.concurrent.ThreadPoolExecutor.getTask(ThreadPoolExecutor.java:1074)&#10;        at java.util.concurrent.ThreadPoolExecutor.runWorker(ThreadPoolExecutor.java:1134)&#10;        at java.util.concurrent.ThreadPoolExecutor$Worker.run(ThreadPoolExecutor.java:624)&#10;        at java.lang.Thread.run(Thread.java:748)&#10;&quot;qtp680988889-89&quot; daemon prio=5 tid=89 runnable&#10;java.lang.Thread.State: RUNNABLE&#10;        at sun.nio.ch.EPollArrayWrapper.epollWait(Native Method)&#10;        at sun.nio.ch.EPollArrayWrapper.poll(EPollArrayWrapper.java:269)&#10;        at sun.nio.ch.EPollSelectorImpl.doSelect(EPollSelectorImpl.java:93)&#10;        at sun.nio.ch.SelectorImpl.lockAndDoSelect(SelectorImpl.java:86)&#10;        at sun.nio.ch.SelectorImpl.select(SelectorImpl.java:97)&#10;        at sun.nio.ch.SelectorImpl.select(SelectorImpl.java:101)&#10;        at org.eclipse.jetty.io.ManagedSelector$SelectorProducer.select(ManagedSelector.java:243)&#10;        at org.eclipse.jetty.io.ManagedSelector$SelectorProducer.produce(ManagedSelector.java:191)&#10;        at org.eclipse.jetty.util.thread.strategy.ExecuteProduceConsume.executeProduceConsume(ExecuteProduceConsume.java:249)&#10;        at org.eclipse.jetty.util.thread.strategy.ExecuteProduceConsume.produceConsume(ExecuteProduceConsume.java:148)&#10;        at org.eclipse.jetty.util.thread.strategy.ExecuteProduceConsume.execute(ExecuteProduceConsume.java:100)&#10;        at org.eclipse.jetty.io.ManagedSelector.run(ManagedSelector.java:147)&#10;        at org.eclipse.jetty.util.thread.QueuedThreadPool.runJob(QueuedThreadPool.java:671)&#10;        at org.eclipse.jetty.util.thread.QueuedThreadPool$2.run(QueuedThreadPool.java:589)&#10;        at java.lang.Thread.run(Thread.java:748)&#10;&quot;IPC Server handler 10 on 36674&quot; daemon prio=5 tid=79 timed_waiting&#10;java.lang.Thread.State: TIMED_WAITING&#10;        at sun.misc.Unsafe.park(Native Method)&#10;        at java.util.concurrent.locks.LockSupport.parkNanos(LockSupport.java:215)&#10;        at java.util.concurrent.locks.AbstractQueuedSynchronizer$ConditionObject.awaitNanos(AbstractQueuedSynchronizer.java:2078)&#10;        at java.util.concurrent.LinkedBlockingQueue.poll(LinkedBlockingQueue.java:467)&#10;        at org.apache.hadoop.ipc.CallQueueManager.take(CallQueueManager.java:288)&#10;        at org.apache.hadoop.ipc.Server$Handler.run(Server.java:2668)&#10;&quot;org.apache.ratis.server.impl.LogAppender$AppenderDaemon$$Lambda$435/1417897345@6f46f089&quot; daemon prio=5 tid=1092 timed_waiting&#10;java.lang.Thread.State: TIMED_WAITING&#10;        at java.lang.Object.wait(Native Method)&#10;        at org.apache.ratis.grpc.server.GrpcLogAppender.mayWait(GrpcLogAppender.java:147)&#10;        at org.apache.ratis.grpc.server.GrpcLogAppender.runAppenderImpl(GrpcLogAppender.java:101)&#10;        at org.apache.ratis.server.impl.LogAppender$AppenderDaemon.run(LogAppender.java:76)&#10;        at org.apache.ratis.server.impl.LogAppender$AppenderDaemon$$Lambda$435/1417897345.run(Unknown Source)&#10;        at java.lang.Thread.run(Thread.java:748)&#10;&quot;pool-46-thread-53&quot;  prio=5 tid=513 in Object.wait()&#10;java.lang.Thread.State: WAITING (on object monitor)&#10;        at sun.misc.Unsafe.park(Native Method)&#10;        at java.util.concurrent.locks.LockSupport.park(LockSupport.java:175)&#10;        at java.util.concurrent.locks.AbstractQueuedSynchronizer$ConditionObject.await(AbstractQueuedSynchronizer.java:2039)&#10;        at java.util.concurrent.ArrayBlockingQueue.take(ArrayBlockingQueue.java:403)&#10;        at java.util.concurrent.ThreadPoolExecutor.getTask(ThreadPoolExecutor.java:1074)&#10;        at java.util.concurrent.ThreadPoolExecutor.runWorker(ThreadPoolExecutor.java:1134)&#10;        at java.util.concurrent.ThreadPoolExecutor$Worker.run(ThreadPoolExecutor.java:624)&#10;        at java.lang.Thread.run(Thread.java:748)&#10;&quot;pool-36-thread-58&quot;  prio=5 tid=509 in Object.wait()&#10;java.lang.Thread.State: WAITING (on object monitor)&#10;        at sun.misc.Unsafe.park(Native Method)&#10;        at java.util.concurrent.locks.LockSupport.park(LockSupport.java:175)&#10;        at java.util.concurrent.locks.AbstractQueuedSynchronizer$ConditionObject.await(AbstractQueuedSynchronizer.java:2039)&#10;        at java.util.concurrent.ArrayBlockingQueue.take(ArrayBlockingQueue.java:403)&#10;        at java.util.concurrent.ThreadPoolExecutor.getTask(ThreadPoolExecutor.java:1074)&#10;        at java.util.concurrent.ThreadPoolExecutor.runWorker(ThreadPoolExecutor.java:1134)&#10;        at java.util.concurrent.ThreadPoolExecutor$Worker.run(ThreadPoolExecutor.java:624)&#10;        at java.lang.Thread.run(Thread.java:748)&#10;&quot;SCMBlockDeletingService#0&quot; daemon prio=5 tid=101 timed_waiting&#10;java.lang.Thread.State: TIMED_WAITING&#10;        at sun.misc.Unsafe.park(Native Method)&#10;        at java.util.concurrent.locks.LockSupport.parkNanos(LockSupport.java:215)&#10;        at java.util.concurrent.locks.AbstractQueuedSynchronizer$ConditionObject.awaitNanos(AbstractQueuedSynchronizer.java:2078)&#10;        at java.util.concurrent.ScheduledThreadPoolExecutor$DelayedWorkQueue.take(ScheduledThreadPoolExecutor.java:1093)&#10;        at java.util.concurrent.ScheduledThreadPoolExecutor$DelayedWorkQueue.take(ScheduledThreadPoolExecutor.java:809)&#10;        at java.util.concurrent.ThreadPoolExecutor.getTask(ThreadPoolExecutor.java:1074)&#10;        at java.util.concurrent.ThreadPoolExecutor.runWorker(ThreadPoolExecutor.java:1134)&#10;        at java.util.concurrent.ThreadPoolExecutor$Worker.run(ThreadPoolExecutor.java:624)&#10;        at java.lang.Thread.run(Thread.java:748)&#10;&quot;pool-66-thread-19&quot;  prio=5 tid=599 in Object.wait()&#10;java.lang.Thread.State: WAITING (on object monitor)&#10;        at sun.misc.Unsafe.park(Native Method)&#10;        at java.util.concurrent.locks.LockSupport.park(LockSupport.java:175)&#10;        at java.util.concurrent.locks.AbstractQueuedSynchronizer$ConditionObject.await(AbstractQueuedSynchronizer.java:2039)&#10;        at java.util.concurrent.ArrayBlockingQueue.take(ArrayBlockingQueue.java:403)&#10;        at java.util.concurrent.ThreadPoolExecutor.getTask(ThreadPoolExecutor.java:1074)&#10;        at java.util.concurrent.ThreadPoolExecutor.runWorker(ThreadPoolExecutor.java:1134)&#10;        at java.util.concurrent.ThreadPoolExecutor$Worker.run(ThreadPoolExecutor.java:624)&#10;        at java.lang.Thread.run(Thread.java:748)&#10;&quot;pool-66-thread-39&quot;  prio=5 tid=619 in Object.wait()&#10;java.lang.Thread.State: WAITING (on object monitor)&#10;        at sun.misc.Unsafe.park(Native Method)&#10;        at java.util.concurrent.locks.LockSupport.park(LockSupport.java:175)&#10;        at java.util.concurrent.locks.AbstractQueuedSynchronizer$ConditionObject.await(AbstractQueuedSynchronizer.java:2039)&#10;        at java.util.concurrent.ArrayBlockingQueue.take(ArrayBlockingQueue.java:403)&#10;        at java.util.concurrent.ThreadPoolExecutor.getTask(ThreadPoolExecutor.java:1074)&#10;        at java.util.concurrent.ThreadPoolExecutor.runWorker(ThreadPoolExecutor.java:1134)&#10;        at java.util.concurrent.ThreadPoolExecutor$Worker.run(ThreadPoolExecutor.java:624)&#10;        at java.lang.Thread.run(Thread.java:748)&#10;&quot;pool-76-thread-59&quot;  prio=5 tid=710 in Object.wait()&#10;java.lang.Thread.State: WAITING (on object monitor)&#10;        at sun.misc.Unsafe.park(Native Method)&#10;        at java.util.concurrent.locks.LockSupport.park(LockSupport.java:175)&#10;        at java.util.concurrent.locks.AbstractQueuedSynchronizer$ConditionObject.await(AbstractQueuedSynchronizer.java:2039)&#10;        at java.util.concurrent.ArrayBlockingQueue.take(ArrayBlockingQueue.java:403)&#10;        at java.util.concurrent.ThreadPoolExecutor.getTask(ThreadPoolExecutor.java:1074)&#10;        at java.util.concurrent.ThreadPoolExecutor.runWorker(ThreadPoolExecutor.java:1134)&#10;        at java.util.concurrent.ThreadPoolExecutor$Worker.run(ThreadPoolExecutor.java:624)&#10;        at java.lang.Thread.run(Thread.java:748)&#10;&quot;pool-56-thread-34&quot;  prio=5 tid=554 in Object.wait()&#10;java.lang.Thread.State: WAITING (on object monitor)&#10;        at sun.misc.Unsafe.park(Native Method)&#10;        at java.util.concurrent.locks.LockSupport.park(LockSupport.java:175)&#10;        at java.util.concurrent.locks.AbstractQueuedSynchronizer$ConditionObject.await(AbstractQueuedSynchronizer.java:2039)&#10;        at java.util.concurrent.ArrayBlockingQueue.take(ArrayBlockingQueue.java:403)&#10;        at java.util.concurrent.ThreadPoolExecutor.getTask(ThreadPoolExecutor.java:1074)&#10;        at java.util.concurrent.ThreadPoolExecutor.runWorker(ThreadPoolExecutor.java:1134)&#10;        at java.util.concurrent.ThreadPoolExecutor$Worker.run(ThreadPoolExecutor.java:624)&#10;        at java.lang.Thread.run(Thread.java:748)&#10;&quot;pool-66-thread-31&quot;  prio=5 tid=611 in Object.wait()&#10;java.lang.Thread.State: WAITING (on object monitor)&#10;        at sun.misc.Unsafe.park(Native Method)&#10;        at java.util.concurrent.locks.LockSupport.park(LockSupport.java:175)&#10;        at java.util.concurrent.locks.AbstractQueuedSynchronizer$ConditionObject.await(AbstractQueuedSynchronizer.java:2039)&#10;        at java.util.concurrent.ArrayBlockingQueue.take(ArrayBlockingQueue.java:403)&#10;        at java.util.concurrent.ThreadPoolExecutor.getTask(ThreadPoolExecutor.java:1074)&#10;        at java.util.concurrent.ThreadPoolExecutor.runWorker(ThreadPoolExecutor.java:1134)&#10;        at java.util.concurrent.ThreadPoolExecutor$Worker.run(ThreadPoolExecutor.java:624)&#10;        at java.lang.Thread.run(Thread.java:748)&#10;&quot;pool-86-thread-2&quot;  prio=5 tid=715 in Object.wait()&#10;java.lang.Thread.State: WAITING (on object monitor)&#10;        at sun.misc.Unsafe.park(Native Method)&#10;        at java.util.concurrent.locks.LockSupport.park(LockSupport.java:175)&#10;        at java.util.concurrent.locks.AbstractQueuedSynchronizer$ConditionObject.await(AbstractQueuedSynchronizer.java:2039)&#10;        at java.util.concurrent.ArrayBlockingQueue.take(ArrayBlockingQueue.java:403)&#10;        at java.util.concurrent.ThreadPoolExecutor.getTask(ThreadPoolExecutor.java:1074)&#10;        at java.util.concurrent.ThreadPoolExecutor.runWorker(ThreadPoolExecutor.java:1134)&#10;        at java.util.concurrent.ThreadPoolExecutor$Worker.run(ThreadPoolExecutor.java:624)&#10;        at java.lang.Thread.run(Thread.java:748)&#10;&quot;pool-76-thread-20&quot;  prio=5 tid=671 in Object.wait()&#10;java.lang.Thread.State: WAITING (on object monitor)&#10;        at sun.misc.Unsafe.park(Native Method)&#10;        at java.util.concurrent.locks.LockSupport.park(LockSupport.java:175)&#10;        at java.util.concurrent.locks.AbstractQueuedSynchronizer$ConditionObject.await(AbstractQueuedSynchronizer.java:2039)&#10;        at java.util.concurrent.ArrayBlockingQueue.take(ArrayBlockingQueue.java:403)&#10;        at java.util.concurrent.ThreadPoolExecutor.getTask(ThreadPoolExecutor.java:1074)&#10;        at java.util.concurrent.ThreadPoolExecutor.runWorker(ThreadPoolExecutor.java:1134)&#10;        at java.util.concurrent.ThreadPoolExecutor$Worker.run(ThreadPoolExecutor.java:624)&#10;        at java.lang.Thread.run(Thread.java:748)&#10;&quot;IPC Server handler 15 on 45589&quot; daemon prio=5 tid=44 timed_waiting&#10;java.lang.Thread.State: TIMED_WAITING&#10;        at sun.misc.Unsafe.park(Native Method)&#10;        at java.util.concurrent.locks.LockSupport.parkNanos(LockSupport.java:215)&#10;        at java.util.concurrent.locks.AbstractQueuedSynchronizer$ConditionObject.awaitNanos(AbstractQueuedSynchronizer.java:2078)&#10;        at java.util.concurrent.LinkedBlockingQueue.poll(LinkedBlockingQueue.java:467)&#10;        at org.apache.hadoop.ipc.CallQueueManager.take(CallQueueManager.java:288)&#10;        at org.apache.hadoop.ipc.Server$Handler.run(Server.java:2668)&#10;&quot;pool-66-thread-47&quot;  prio=5 tid=627 in Object.wait()&#10;java.lang.Thread.State: WAITING (on object monitor)&#10;        at sun.misc.Unsafe.park(Native Method)&#10;        at java.util.concurrent.locks.LockSupport.park(LockSupport.java:175)&#10;        at java.util.concurrent.locks.AbstractQueuedSynchronizer$ConditionObject.await(AbstractQueuedSynchronizer.java:2039)&#10;        at java.util.concurrent.ArrayBlockingQueue.take(ArrayBlockingQueue.java:403)&#10;        at java.util.concurrent.ThreadPoolExecutor.getTask(ThreadPoolExecutor.java:1074)&#10;        at java.util.concurrent.ThreadPoolExecutor.runWorker(ThreadPoolExecutor.java:1134)&#10;        at java.util.concurrent.ThreadPoolExecutor$Worker.run(ThreadPoolExecutor.java:624)&#10;        at java.lang.Thread.run(Thread.java:748)&#10;&quot;pool-46-thread-49&quot;  prio=5 tid=500 in Object.wait()&#10;java.lang.Thread.State: WAITING (on object monitor)&#10;        at sun.misc.Unsafe.park(Native Method)&#10;        at java.util.concurrent.locks.LockSupport.park(LockSupport.java:175)&#10;        at java.util.concurrent.locks.AbstractQueuedSynchronizer$ConditionObject.await(AbstractQueuedSynchronizer.java:2039)&#10;        at java.util.concurrent.ArrayBlockingQueue.take(ArrayBlockingQueue.java:403)&#10;        at java.util.concurrent.ThreadPoolExecutor.getTask(ThreadPoolExecutor.java:1074)&#10;        at java.util.concurrent.ThreadPoolExecutor.runWorker(ThreadPoolExecutor.java:1134)&#10;        at java.util.concurrent.ThreadPoolExecutor$Worker.run(ThreadPoolExecutor.java:624)&#10;        at java.lang.Thread.run(Thread.java:748)&#10;&quot;IPC Server handler 8 on 45290&quot; daemon prio=5 tid=57 timed_waiting&#10;java.lang.Thread.State: TIMED_WAITING&#10;        at sun.misc.Unsafe.park(Native Method)&#10;        at java.util.concurrent.locks.LockSupport.parkNanos(LockSupport.java:215)&#10;        at java.util.concurrent.locks.AbstractQueuedSynchronizer$ConditionObject.awaitNanos(AbstractQueuedSynchronizer.java:2078)&#10;        at java.util.concurrent.LinkedBlockingQueue.poll(LinkedBlockingQueue.java:467)&#10;        at org.apache.hadoop.ipc.CallQueueManager.take(CallQueueManager.java:288)&#10;        at org.apache.hadoop.ipc.Server$Handler.run(Server.java:2668)&#10;&quot;KeyDeletingService#0&quot; daemon prio=5 tid=113 timed_waiting&#10;java.lang.Thread.State: TIMED_WAITING&#10;        at sun.misc.Unsafe.park(Native Method)&#10;        at java.util.concurrent.locks.LockSupport.parkNanos(LockSupport.java:215)&#10;        at java.util.concurrent.locks.AbstractQueuedSynchronizer$ConditionObject.awaitNanos(AbstractQueuedSynchronizer.java:2078)&#10;        at java.util.concurrent.ScheduledThreadPoolExecutor$DelayedWorkQueue.take(ScheduledThreadPoolExecutor.java:1093)&#10;        at java.util.concurrent.ScheduledThreadPoolExecutor$DelayedWorkQueue.take(ScheduledThreadPoolExecutor.java:809)&#10;        at java.util.concurrent.ThreadPoolExecutor.getTask(ThreadPoolExecutor.java:1074)&#10;        at java.util.concurrent.ThreadPoolExecutor.runWorker(ThreadPoolExecutor.java:1134)&#10;        at java.util.concurrent.ThreadPoolExecutor$Worker.run(ThreadPoolExecutor.java:624)&#10;        at java.lang.Thread.run(Thread.java:748)&#10;&quot;48796f01-a45e-4e78-98f3-7a8f6b07cc28@group-AFD3E3A39739-SegmentedRaftLogWorker&quot;  prio=5 tid=1060 timed_waiting&#10;java.lang.Thread.State: TIMED_WAITING&#10;        at sun.misc.Unsafe.park(Native Method)&#10;        at java.util.concurrent.locks.LockSupport.parkNanos(LockSupport.java:215)&#10;        at java.util.concurrent.locks.AbstractQueuedSynchronizer$ConditionObject.awaitNanos(AbstractQueuedSynchronizer.java:2078)&#10;        at org.apache.ratis.util.DataBlockingQueue.poll(DataBlockingQueue.java:137)&#10;        at org.apache.ratis.server.raftlog.segmented.SegmentedRaftLogWorker.run(SegmentedRaftLogWorker.java:282)&#10;        at java.lang.Thread.run(Thread.java:748)&#10;&quot;pool-86-thread-30&quot;  prio=5 tid=743 in Object.wait()&#10;java.lang.Thread.State: WAITING (on object monitor)&#10;        at sun.misc.Unsafe.park(Native Method)&#10;        at java.util.concurrent.locks.LockSupport.park(LockSupport.java:175)&#10;        at java.util.concurrent.locks.AbstractQueuedSynchronizer$ConditionObject.await(AbstractQueuedSynchronizer.java:2039)&#10;        at java.util.concurrent.ArrayBlockingQueue.take(ArrayBlockingQueue.java:403)&#10;        at java.util.concurrent.ThreadPoolExecutor.getTask(ThreadPoolExecutor.java:1074)&#10;        at java.util.concurrent.ThreadPoolExecutor.runWorker(ThreadPoolExecutor.java:1134)&#10;        at java.util.concurrent.ThreadPoolExecutor$Worker.run(ThreadPoolExecutor.java:624)&#10;        at java.lang.Thread.run(Thread.java:748)&#10;&quot;pool-66-thread-13&quot;  prio=5 tid=593 in Object.wait()&#10;java.lang.Thread.State: WAITING (on object monitor)&#10;        at sun.misc.Unsafe.park(Native Method)&#10;        at java.util.concurrent.locks.LockSupport.park(LockSupport.java:175)&#10;        at java.util.concurrent.locks.AbstractQueuedSynchronizer$ConditionObject.await(AbstractQueuedSynchronizer.java:2039)&#10;        at java.util.concurrent.ArrayBlockingQueue.take(ArrayBlockingQueue.java:403)&#10;        at java.util.concurrent.ThreadPoolExecutor.getTask(ThreadPoolExecutor.java:1074)&#10;        at java.util.concurrent.ThreadPoolExecutor.runWorker(ThreadPoolExecutor.java:1134)&#10;        at java.util.concurrent.ThreadPoolExecutor$Worker.run(ThreadPoolExecutor.java:624)&#10;        at java.lang.Thread.run(Thread.java:748)&#10;&quot;org.eclipse.jetty.server.session.HashSessionManager@65b97f47Timer&quot; daemon prio=5 tid=222 timed_waiting&#10;java.lang.Thread.State: TIMED_WAITING&#10;        at sun.misc.Unsafe.park(Native Method)&#10;        at java.util.concurrent.locks.LockSupport.parkNanos(LockSupport.java:215)&#10;        at java.util.concurrent.locks.AbstractQueuedSynchronizer$ConditionObject.awaitNanos(AbstractQueuedSynchronizer.java:2078)&#10;        at java.util.concurrent.ScheduledThreadPoolExecutor$DelayedWorkQueue.take(ScheduledThreadPoolExecutor.java:1093)&#10;        at java.util.concurrent.ScheduledThreadPoolExecutor$DelayedWorkQueue.take(ScheduledThreadPoolExecutor.java:809)&#10;        at java.util.concurrent.ThreadPoolExecutor.getTask(ThreadPoolExecutor.java:1074)&#10;        at java.util.concurrent.ThreadPoolExecutor.runWorker(ThreadPoolExecutor.java:1134)&#10;        at java.util.concurrent.ThreadPoolExecutor$Worker.run(ThreadPoolExecutor.java:624)&#10;        at java.lang.Thread.run(Thread.java:748)&#10;&quot;RatisPipelineUtilsThread&quot;  prio=5 tid=777 timed_waiting&#10;java.lang.Thread.State: TIMED_WAITING&#10;        at sun.misc.Unsafe.park(Native Method)&#10;        at java.util.concurrent.locks.LockSupport.parkNanos(LockSupport.java:215)&#10;        at java.util.concurrent.locks.AbstractQueuedSynchronizer$ConditionObject.awaitNanos(AbstractQueuedSynchronizer.java:2078)&#10;        at java.util.concurrent.ScheduledThreadPoolExecutor$DelayedWorkQueue.take(ScheduledThreadPoolExecutor.java:1093)&#10;        at java.util.concurrent.ScheduledThreadPoolExecutor$DelayedWorkQueue.take(ScheduledThreadPoolExecutor.java:809)&#10;        at java.util.concurrent.ThreadPoolExecutor.getTask(ThreadPoolExecutor.java:1074)&#10;        at java.util.concurrent.ThreadPoolExecutor.runWorker(ThreadPoolExecutor.java:1134)&#10;        at java.util.concurrent.ThreadPoolExecutor$Worker.run(ThreadPoolExecutor.java:624)&#10;        at java.lang.Thread.run(Thread.java:748)&#10;&quot;pool-86-thread-29&quot;  prio=5 tid=742 in Object.wait()&#10;java.lang.Thread.State: WAITING (on object monitor)&#10;        at sun.misc.Unsafe.park(Native Method)&#10;        at java.util.concurrent.locks.LockSupport.park(LockSupport.java:175)&#10;        at java.util.concurrent.locks.AbstractQueuedSynchronizer$ConditionObject.await(AbstractQueuedSynchronizer.java:2039)&#10;        at java.util.concurrent.ArrayBlockingQueue.take(ArrayBlockingQueue.java:403)&#10;        at java.util.concurrent.ThreadPoolExecutor.getTask(ThreadPoolExecutor.java:1074)&#10;        at java.util.concurrent.ThreadPoolExecutor.runWorker(ThreadPoolExecutor.java:1134)&#10;        at java.util.concurrent.ThreadPoolExecutor$Worker.run(ThreadPoolExecutor.java:624)&#10;        at java.lang.Thread.run(Thread.java:748)&#10;&quot;qtp680988889-91&quot; daemon prio=5 tid=91 timed_waiting&#10;java.lang.Thread.State: TIMED_WAITING&#10;        at sun.misc.Unsafe.park(Native Method)&#10;        at java.util.concurrent.locks.LockSupport.parkNanos(LockSupport.java:215)&#10;        at java.util.concurrent.locks.AbstractQueuedSynchronizer$ConditionObject.awaitNanos(AbstractQueuedSynchronizer.java:2078)&#10;        at org.eclipse.jetty.util.BlockingArrayQueue.poll(BlockingArrayQueue.java:392)&#10;        at org.eclipse.jetty.util.thread.QueuedThreadPool.idleJobPoll(QueuedThreadPool.java:563)&#10;        at org.eclipse.jetty.util.thread.QueuedThreadPool.access$800(QueuedThreadPool.java:48)&#10;        at org.eclipse.jetty.util.thread.QueuedThreadPool$2.run(QueuedThreadPool.java:626)&#10;        at java.lang.Thread.run(Thread.java:748)&#10;&quot;pool-26-thread-38&quot;  prio=5 tid=436 in Object.wait()&#10;java.lang.Thread.State: WAITING (on object monitor)&#10;        at sun.misc.Unsafe.park(Native Method)&#10;        at java.util.concurrent.locks.LockSupport.park(LockSupport.java:175)&#10;        at java.util.concurrent.locks.AbstractQueuedSynchronizer$ConditionObject.await(AbstractQueuedSynchronizer.java:2039)&#10;        at java.util.concurrent.ArrayBlockingQueue.take(ArrayBlockingQueue.java:403)&#10;        at java.util.concurrent.ThreadPoolExecutor.getTask(ThreadPoolExecutor.java:1074)&#10;        at java.util.concurrent.ThreadPoolExecutor.runWorker(ThreadPoolExecutor.java:1134)&#10;        at java.util.concurrent.ThreadPoolExecutor$Worker.run(ThreadPoolExecutor.java:624)&#10;        at java.lang.Thread.run(Thread.java:748)&#10;&quot;IPC Server handler 12 on 36674&quot; daemon prio=5 tid=81 timed_waiting&#10;java.lang.Thread.State: TIMED_WAITING&#10;        at sun.misc.Unsafe.park(Native Method)&#10;        at java.util.concurrent.locks.LockSupport.parkNanos(LockSupport.java:215)&#10;        at java.util.concurrent.locks.AbstractQueuedSynchronizer$ConditionObject.awaitNanos(AbstractQueuedSynchronizer.java:2078)&#10;        at java.util.concurrent.LinkedBlockingQueue.poll(LinkedBlockingQueue.java:467)&#10;        at org.apache.hadoop.ipc.CallQueueManager.take(CallQueueManager.java:288)&#10;        at org.apache.hadoop.ipc.Server$Handler.run(Server.java:2668)&#10;&quot;pool-26-thread-31&quot;  prio=5 tid=424 in Object.wait()&#10;java.lang.Thread.State: WAITING (on object monitor)&#10;        at sun.misc.Unsafe.park(Native Method)&#10;        at java.util.concurrent.locks.LockSupport.park(LockSupport.java:175)&#10;        at java.util.concurrent.locks.AbstractQueuedSynchronizer$ConditionObject.await(AbstractQueuedSynchronizer.java:2039)&#10;        at java.util.concurrent.ArrayBlockingQueue.take(ArrayBlockingQueue.java:403)&#10;        at java.util.concurrent.ThreadPoolExecutor.getTask(ThreadPoolExecutor.java:1074)&#10;        at java.util.concurrent.ThreadPoolExecutor.runWorker(ThreadPoolExecutor.java:1134)&#10;        at java.util.concurrent.ThreadPoolExecutor$Worker.run(ThreadPoolExecutor.java:624)&#10;        at java.lang.Thread.run(Thread.java:748)&#10;&quot;pool-37-thread-1&quot;  prio=5 tid=836 in Object.wait()&#10;java.lang.Thread.State: WAITING (on object monitor)&#10;        at sun.misc.Unsafe.park(Native Method)&#10;        at java.util.concurrent.locks.LockSupport.park(LockSupport.java:175)&#10;        at java.util.concurrent.locks.AbstractQueuedSynchronizer$ConditionObject.await(AbstractQueuedSynchronizer.java:2039)&#10;        at java.util.concurrent.LinkedBlockingQueue.take(LinkedBlockingQueue.java:442)&#10;        at java.util.concurrent.ThreadPoolExecutor.getTask(ThreadPoolExecutor.java:1074)&#10;        at java.util.concurrent.ThreadPoolExecutor.runWorker(ThreadPoolExecutor.java:1134)&#10;        at java.util.concurrent.ThreadPoolExecutor$Worker.run(ThreadPoolExecutor.java:624)&#10;        at java.lang.Thread.run(Thread.java:748)&#10;&quot;pool-26-thread-6&quot;  prio=5 tid=355 in Object.wait()&#10;java.lang.Thread.State: WAITING (on object monitor)&#10;        at sun.misc.Unsafe.park(Native Method)&#10;        at java.util.concurrent.locks.LockSupport.park(LockSupport.java:175)&#10;        at java.util.concurrent.locks.AbstractQueuedSynchronizer$ConditionObject.await(AbstractQueuedSynchronizer.java:2039)&#10;        at java.util.concurrent.ArrayBlockingQueue.take(ArrayBlockingQueue.java:403)&#10;        at java.util.concurrent.ThreadPoolExecutor.getTask(ThreadPoolExecutor.java:1074)&#10;        at java.util.concurrent.ThreadPoolExecutor.runWorker(ThreadPoolExecutor.java:1134)&#10;        at java.util.concurrent.ThreadPoolExecutor$Worker.run(ThreadPoolExecutor.java:624)&#10;        at java.lang.Thread.run(Thread.java:748)&#10;&quot;Thread-268&quot; daemon prio=5 tid=862 timed_waiting&#10;java.lang.Thread.State: TIMED_WAITING&#10;        at sun.misc.Unsafe.park(Native Method)&#10;        at java.util.concurrent.locks.LockSupport.parkNanos(LockSupport.java:215)&#10;        at java.util.concurrent.locks.AbstractQueuedSynchronizer$ConditionObject.awaitNanos(AbstractQueuedSynchronizer.java:2078)&#10;        at java.util.concurrent.ArrayBlockingQueue.poll(ArrayBlockingQueue.java:418)&#10;        at org.apache.ratis.server.impl.LeaderState$EventQueue.poll(LeaderState.java:115)&#10;        at org.apache.ratis.server.impl.LeaderState$EventProcessor.run(LeaderState.java:467)&#10;&quot;pool-36-thread-17&quot;  prio=5 tid=389 in Object.wait()&#10;java.lang.Thread.State: WAITING (on object monitor)&#10;        at sun.misc.Unsafe.park(Native Method)&#10;        at java.util.concurrent.locks.LockSupport.park(LockSupport.java:175)&#10;        at java.util.concurrent.locks.AbstractQueuedSynchronizer$ConditionObject.await(AbstractQueuedSynchronizer.java:2039)&#10;        at java.util.concurrent.ArrayBlockingQueue.take(ArrayBlockingQueue.java:403)&#10;        at java.util.concurrent.ThreadPoolExecutor.getTask(ThreadPoolExecutor.java:1074)&#10;        at java.util.concurrent.ThreadPoolExecutor.runWorker(ThreadPoolExecutor.java:1134)&#10;        at java.util.concurrent.ThreadPoolExecutor$Worker.run(ThreadPoolExecutor.java:624)&#10;        at java.lang.Thread.run(Thread.java:748)&#10;&quot;pool-46-thread-9&quot;  prio=5 tid=372 in Object.wait()&#10;java.lang.Thread.State: WAITING (on object monitor)&#10;        at sun.misc.Unsafe.park(Native Method)&#10;        at java.util.concurrent.locks.LockSupport.park(LockSupport.java:175)&#10;        at java.util.concurrent.locks.AbstractQueuedSynchronizer$ConditionObject.await(AbstractQueuedSynchronizer.java:2039)&#10;        at java.util.concurrent.ArrayBlockingQueue.take(ArrayBlockingQueue.java:403)&#10;        at java.util.concurrent.ThreadPoolExecutor.getTask(ThreadPoolExecutor.java:1074)&#10;        at java.util.concurrent.ThreadPoolExecutor.runWorker(ThreadPoolExecutor.java:1134)&#10;        at java.util.concurrent.ThreadPoolExecutor$Worker.run(ThreadPoolExecutor.java:624)&#10;        at java.lang.Thread.run(Thread.java:748)&#10;&quot;metrics-hadoop-metrics2-reporter-25-thread-1&quot; daemon prio=5 tid=851 timed_waiting&#10;java.lang.Thread.State: TIMED_WAITING&#10;        at sun.misc.Unsafe.park(Native Method)&#10;        at java.util.concurrent.locks.LockSupport.parkNanos(LockSupport.java:215)&#10;        at java.util.concurrent.locks.AbstractQueuedSynchronizer$ConditionObject.awaitNanos(AbstractQueuedSynchronizer.java:2078)&#10;        at java.util.concurrent.ScheduledThreadPoolExecutor$DelayedWorkQueue.take(ScheduledThreadPoolExecutor.java:1093)&#10;        at java.util.concurrent.ScheduledThreadPoolExecutor$DelayedWorkQueue.take(ScheduledThreadPoolExecutor.java:809)&#10;        at java.util.concurrent.ThreadPoolExecutor.getTask(ThreadPoolExecutor.java:1074)&#10;        at java.util.concurrent.ThreadPoolExecutor.runWorker(ThreadPoolExecutor.java:1134)&#10;        at java.util.concurrent.ThreadPoolExecutor$Worker.run(ThreadPoolExecutor.java:624)&#10;        at java.lang.Thread.run(Thread.java:748)&#10;&quot;pool-76-thread-39&quot;  prio=5 tid=690 in Object.wait()&#10;java.lang.Thread.State: WAITING (on object monitor)&#10;        at sun.misc.Unsafe.park(Native Method)&#10;        at java.util.concurrent.locks.LockSupport.park(LockSupport.java:175)&#10;        at java.util.concurrent.locks.AbstractQueuedSynchronizer$ConditionObject.await(AbstractQueuedSynchronizer.java:2039)&#10;        at java.util.concurrent.ArrayBlockingQueue.take(ArrayBlockingQueue.java:403)&#10;        at java.util.concurrent.ThreadPoolExecutor.getTask(ThreadPoolExecutor.java:1074)&#10;        at java.util.concurrent.ThreadPoolExecutor.runWorker(ThreadPoolExecutor.java:1134)&#10;        at java.util.concurrent.ThreadPoolExecutor$Worker.run(ThreadPoolExecutor.java:624)&#10;        at java.lang.Thread.run(Thread.java:748)&#10;&quot;pool-66-thread-27&quot;  prio=5 tid=607 in Object.wait()&#10;java.lang.Thread.State: WAITING (on object monitor)&#10;        at sun.misc.Unsafe.park(Native Method)&#10;        at java.util.concurrent.locks.LockSupport.park(LockSupport.java:175)&#10;        at java.util.concurrent.locks.AbstractQueuedSynchronizer$ConditionObject.await(AbstractQueuedSynchronizer.java:2039)&#10;        at java.util.concurrent.ArrayBlockingQueue.take(ArrayBlockingQueue.java:403)&#10;        at java.util.concurrent.ThreadPoolExecutor.getTask(ThreadPoolExecutor.java:1074)&#10;        at java.util.concurrent.ThreadPoolExecutor.runWorker(ThreadPoolExecutor.java:1134)&#10;        at java.util.concurrent.ThreadPoolExecutor$Worker.run(ThreadPoolExecutor.java:624)&#10;        at java.lang.Thread.run(Thread.java:748)&#10;&quot;IPC Server handler 12 on 45589&quot; daemon prio=5 tid=41 timed_waiting&#10;java.lang.Thread.State: TIMED_WAITING&#10;        at sun.misc.Unsafe.park(Native Method)&#10;        at java.util.concurrent.locks.LockSupport.parkNanos(LockSupport.java:215)&#10;        at java.util.concurrent.locks.AbstractQueuedSynchronizer$ConditionObject.awaitNanos(AbstractQueuedSynchronizer.java:2078)&#10;        at java.util.concurrent.LinkedBlockingQueue.poll(LinkedBlockingQueue.java:467)&#10;        at org.apache.hadoop.ipc.CallQueueManager.take(CallQueueManager.java:288)&#10;        at org.apache.hadoop.ipc.Server$Handler.run(Server.java:2668)&#10;&quot;IPC Server handler 8 on 45589&quot; daemon prio=5 tid=37 timed_waiting&#10;java.lang.Thread.State: TIMED_WAITING&#10;        at sun.misc.Unsafe.park(Native Method)&#10;        at java.util.concurrent.locks.LockSupport.parkNanos(LockSupport.java:215)&#10;        at java.util.concurrent.locks.AbstractQueuedSynchronizer$ConditionObject.awaitNanos(AbstractQueuedSynchronizer.java:2078)&#10;        at java.util.concurrent.LinkedBlockingQueue.poll(LinkedBlockingQueue.java:467)&#10;        at org.apache.hadoop.ipc.CallQueueManager.take(CallQueueManager.java:288)&#10;        at org.apache.hadoop.ipc.Server$Handler.run(Server.java:2668)&#10;&quot;EventQueue-ContainerReportForContainerReportHandler&quot; daemon prio=5 tid=778 in Object.wait()&#10;java.lang.Thread.State: WAITING (on object monitor)&#10;        at sun.misc.Unsafe.park(Native Method)&#10;        at java.util.concurrent.locks.LockSupport.park(LockSupport.java:175)&#10;        at java.util.concurrent.locks.AbstractQueuedSynchronizer$ConditionObject.await(AbstractQueuedSynchronizer.java:2039)&#10;        at java.util.concurrent.LinkedBlockingQueue.take(LinkedBlockingQueue.java:442)&#10;        at java.util.concurrent.ThreadPoolExecutor.getTask(ThreadPoolExecutor.java:1074)&#10;        at java.util.concurrent.ThreadPoolExecutor.runWorker(ThreadPoolExecutor.java:1134)&#10;        at java.util.concurrent.ThreadPoolExecutor$Worker.run(ThreadPoolExecutor.java:624)&#10;        at java.lang.Thread.run(Thread.java:748)&#10;&quot;pool-36-thread-43&quot;  prio=5 tid=475 in Object.wait()&#10;java.lang.Thread.State: WAITING (on object monitor)&#10;        at sun.misc.Unsafe.park(Native Method)&#10;        at java.util.concurrent.locks.LockSupport.park(LockSupport.java:175)&#10;        at java.util.concurrent.locks.AbstractQueuedSynchronizer$ConditionObject.await(AbstractQueuedSynchronizer.java:2039)&#10;        at java.util.concurrent.ArrayBlockingQueue.take(ArrayBlockingQueue.java:403)&#10;        at java.util.concurrent.ThreadPoolExecutor.getTask(ThreadPoolExecutor.java:1074)&#10;        at java.util.concurrent.ThreadPoolExecutor.runWorker(ThreadPoolExecutor.java:1134)&#10;        at java.util.concurrent.ThreadPoolExecutor$Worker.run(ThreadPoolExecutor.java:624)&#10;        at java.lang.Thread.run(Thread.java:748)&#10;&quot;IPC Server idle connection scanner for port 45290&quot; daemon prio=5 tid=20 timed_waiting&#10;java.lang.Thread.State: TIMED_WAITING&#10;        at java.lang.Object.wait(Native Method)&#10;        at java.util.TimerThread.mainLoop(Timer.java:552)&#10;        at java.util.TimerThread.run(Timer.java:505)&#10;&quot;pool-76-thread-50&quot;  prio=5 tid=701 in Object.wait()&#10;java.lang.Thread.State: WAITING (on object monitor)&#10;        at sun.misc.Unsafe.park(Native Method)&#10;        at java.util.concurrent.locks.LockSupport.park(LockSupport.java:175)&#10;        at java.util.concurrent.locks.AbstractQueuedSynchronizer$ConditionObject.await(AbstractQueuedSynchronizer.java:2039)&#10;        at java.util.concurrent.ArrayBlockingQueue.take(ArrayBlockingQueue.java:403)&#10;        at java.util.concurrent.ThreadPoolExecutor.getTask(ThreadPoolExecutor.java:1074)&#10;        at java.util.concurrent.ThreadPoolExecutor.runWorker(ThreadPoolExecutor.java:1134)&#10;        at java.util.concurrent.ThreadPoolExecutor$Worker.run(ThreadPoolExecutor.java:624)&#10;        at java.lang.Thread.run(Thread.java:748)&#10;&quot;pool-76-thread-43&quot;  prio=5 tid=694 in Object.wait()&#10;java.lang.Thread.State: WAITING (on object monitor)&#10;        at sun.misc.Unsafe.park(Native Method)&#10;        at java.util.concurrent.locks.LockSupport.park(LockSupport.java:175)&#10;        at java.util.concurrent.locks.AbstractQueuedSynchronizer$ConditionObject.await(AbstractQueuedSynchronizer.java:2039)&#10;        at java.util.concurrent.ArrayBlockingQueue.take(ArrayBlockingQueue.java:403)&#10;        at java.util.concurrent.ThreadPoolExecutor.getTask(ThreadPoolExecutor.java:1074)&#10;        at java.util.concurrent.ThreadPoolExecutor.runWorker(ThreadPoolExecutor.java:1134)&#10;        at java.util.concurrent.ThreadPoolExecutor$Worker.run(ThreadPoolExecutor.java:624)&#10;        at java.lang.Thread.run(Thread.java:748)&#10;&quot;pool-46-thread-14&quot;  prio=5 tid=387 in Object.wait()&#10;java.lang.Thread.State: WAITING (on object monitor)&#10;        at sun.misc.Unsafe.park(Native Method)&#10;        at java.util.concurrent.locks.LockSupport.park(LockSupport.java:175)&#10;        at java.util.concurrent.locks.AbstractQueuedSynchronizer$ConditionObject.await(AbstractQueuedSynchronizer.java:2039)&#10;        at java.util.concurrent.ArrayBlockingQueue.take(ArrayBlockingQueue.java:403)&#10;        at java.util.concurrent.ThreadPoolExecutor.getTask(ThreadPoolExecutor.java:1074)&#10;        at java.util.concurrent.ThreadPoolExecutor.runWorker(ThreadPoolExecutor.java:1134)&#10;        at java.util.concurrent.ThreadPoolExecutor$Worker.run(ThreadPoolExecutor.java:624)&#10;        at java.lang.Thread.run(Thread.java:748)&#10;&quot;pool-76-thread-14&quot;  prio=5 tid=665 in Object.wait()&#10;java.lang.Thread.State: WAITING (on object monitor)&#10;        at sun.misc.Unsafe.park(Native Method)&#10;        at java.util.concurrent.locks.LockSupport.park(LockSupport.java:175)&#10;        at java.util.concurrent.locks.AbstractQueuedSynchronizer$ConditionObject.await(AbstractQueuedSynchronizer.java:2039)&#10;        at java.util.concurrent.ArrayBlockingQueue.take(ArrayBlockingQueue.java:403)&#10;        at java.util.concurrent.ThreadPoolExecutor.getTask(ThreadPoolExecutor.java:1074)&#10;        at java.util.concurrent.ThreadPoolExecutor.runWorker(ThreadPoolExecutor.java:1134)&#10;        at java.util.concurrent.ThreadPoolExecutor$Worker.run(ThreadPoolExecutor.java:624)&#10;        at java.lang.Thread.run(Thread.java:748)&#10;&quot;metrics-hadoop-metrics2-reporter-24-thread-1&quot; daemon prio=5 tid=850 timed_waiting&#10;java.lang.Thread.State: TIMED_WAITING&#10;        at sun.misc.Unsafe.park(Native Method)&#10;        at java.util.concurrent.locks.LockSupport.parkNanos(LockSupport.java:215)&#10;        at java.util.concurrent.locks.AbstractQueuedSynchronizer$ConditionObject.awaitNanos(AbstractQueuedSynchronizer.java:2078)&#10;        at java.util.concurrent.ScheduledThreadPoolExecutor$DelayedWorkQueue.take(ScheduledThreadPoolExecutor.java:1093)&#10;        at java.util.concurrent.ScheduledThreadPoolExecutor$DelayedWorkQueue.take(ScheduledThreadPoolExecutor.java:809)&#10;        at java.util.concurrent.ThreadPoolExecutor.getTask(ThreadPoolExecutor.java:1074)&#10;        at java.util.concurrent.ThreadPoolExecutor.runWorker(ThreadPoolExecutor.java:1134)&#10;        at java.util.concurrent.ThreadPoolExecutor$Worker.run(ThreadPoolExecutor.java:624)&#10;        at java.lang.Thread.run(Thread.java:748)&#10;&quot;pool-56-thread-27&quot;  prio=5 tid=547 in Object.wait()&#10;java.lang.Thread.State: WAITING (on object monitor)&#10;        at sun.misc.Unsafe.park(Native Method)&#10;        at java.util.concurrent.locks.LockSupport.park(LockSupport.java:175)&#10;        at java.util.concurrent.locks.AbstractQueuedSynchronizer$ConditionObject.await(AbstractQueuedSynchronizer.java:2039)&#10;        at java.util.concurrent.ArrayBlockingQueue.take(ArrayBlockingQueue.java:403)&#10;        at java.util.concurrent.ThreadPoolExecutor.getTask(ThreadPoolExecutor.java:1074)&#10;        at java.util.concurrent.ThreadPoolExecutor.runWorker(ThreadPoolExecutor.java:1134)&#10;        at java.util.concurrent.ThreadPoolExecutor$Worker.run(ThreadPoolExecutor.java:624)&#10;        at java.lang.Thread.run(Thread.java:748)&#10;&quot;24274e9f-e41f-4654-9afc-a783ca44e44b@group-D0DACCEEB899-SegmentedRaftLogWorker&quot;  prio=5 tid=804 timed_waiting&#10;java.lang.Thread.State: TIMED_WAITING&#10;        at sun.misc.Unsafe.park(Native Method)&#10;        at java.util.concurrent.locks.LockSupport.parkNanos(LockSupport.java:215)&#10;        at java.util.concurrent.locks.AbstractQueuedSynchronizer$ConditionObject.awaitNanos(AbstractQueuedSynchronizer.java:2078)&#10;        at org.apache.ratis.util.DataBlockingQueue.poll(DataBlockingQueue.java:137)&#10;        at org.apache.ratis.server.raftlog.segmented.SegmentedRaftLogWorker.run(SegmentedRaftLogWorker.java:282)&#10;        at java.lang.Thread.run(Thread.java:748)&#10;&quot;Datanode ReportManager Thread - 0&quot; daemon prio=5 tid=306 in Object.wait()&#10;java.lang.Thread.State: WAITING (on object monitor)&#10;        at sun.misc.Unsafe.park(Native Method)&#10;        at java.util.concurrent.locks.LockSupport.park(LockSupport.java:175)&#10;        at java.util.concurrent.locks.AbstractQueuedSynchronizer$ConditionObject.await(AbstractQueuedSynchronizer.java:2039)&#10;        at java.util.concurrent.ScheduledThreadPoolExecutor$DelayedWorkQueue.take(ScheduledThreadPoolExecutor.java:1088)&#10;        at java.util.concurrent.ScheduledThreadPoolExecutor$DelayedWorkQueue.take(ScheduledThreadPoolExecutor.java:809)&#10;        at java.util.concurrent.ThreadPoolExecutor.getTask(ThreadPoolExecutor.java:1074)&#10;        at java.util.concurrent.ThreadPoolExecutor.runWorker(ThreadPoolExecutor.java:1134)&#10;        at java.util.concurrent.ThreadPoolExecutor$Worker.run(ThreadPoolExecutor.java:624)&#10;        at java.lang.Thread.run(Thread.java:748)&#10;&quot;pool-46-thread-29&quot;  prio=5 tid=435 in Object.wait()&#10;java.lang.Thread.State: WAITING (on object monitor)&#10;        at sun.misc.Unsafe.park(Native Method)&#10;        at java.util.concurrent.locks.LockSupport.park(LockSupport.java:175)&#10;        at java.util.concurrent.locks.AbstractQueuedSynchronizer$ConditionObject.await(AbstractQueuedSynchronizer.java:2039)&#10;        at java.util.concurrent.ArrayBlockingQueue.take(ArrayBlockingQueue.java:403)&#10;        at java.util.concurrent.ThreadPoolExecutor.getTask(ThreadPoolExecutor.java:1074)&#10;        at java.util.concurrent.ThreadPoolExecutor.runWorker(ThreadPoolExecutor.java:1134)&#10;        at java.util.concurrent.ThreadPoolExecutor$Worker.run(ThreadPoolExecutor.java:624)&#10;        at java.lang.Thread.run(Thread.java:748)&#10;&quot;pool-76-thread-31&quot;  prio=5 tid=682 in Object.wait()&#10;java.lang.Thread.State: WAITING (on object monitor)&#10;        at sun.misc.Unsafe.park(Native Method)&#10;        at java.util.concurrent.locks.LockSupport.park(LockSupport.java:175)&#10;        at java.util.concurrent.locks.AbstractQueuedSynchronizer$ConditionObject.await(AbstractQueuedSynchronizer.java:2039)&#10;        at java.util.concurrent.ArrayBlockingQueue.take(ArrayBlockingQueue.java:403)&#10;        at java.util.concurrent.ThreadPoolExecutor.getTask(ThreadPoolExecutor.java:1074)&#10;        at java.util.concurrent.ThreadPoolExecutor.runWorker(ThreadPoolExecutor.java:1134)&#10;        at java.util.concurrent.ThreadPoolExecutor$Worker.run(ThreadPoolExecutor.java:624)&#10;        at java.lang.Thread.run(Thread.java:748)&#10;&quot;pool-66-thread-15&quot;  prio=5 tid=595 in Object.wait()&#10;java.lang.Thread.State: WAITING (on object monitor)&#10;        at sun.misc.Unsafe.park(Native Method)&#10;        at java.util.concurrent.locks.LockSupport.park(LockSupport.java:175)&#10;        at java.util.concurrent.locks.AbstractQueuedSynchronizer$ConditionObject.await(AbstractQueuedSynchronizer.java:2039)&#10;        at java.util.concurrent.ArrayBlockingQueue.take(ArrayBlockingQueue.java:403)&#10;        at java.util.concurrent.ThreadPoolExecutor.getTask(ThreadPoolExecutor.java:1074)&#10;        at java.util.concurrent.ThreadPoolExecutor.runWorker(ThreadPoolExecutor.java:1134)&#10;        at java.util.concurrent.ThreadPoolExecutor$Worker.run(ThreadPoolExecutor.java:624)&#10;        at java.lang.Thread.run(Thread.java:748)&#10;&quot;metrics-hadoop-metrics2-reporter-34-thread-1&quot; daemon prio=5 tid=870 timed_waiting&#10;java.lang.Thread.State: TIMED_WAITING&#10;        at sun.misc.Unsafe.park(Native Method)&#10;        at java.util.concurrent.locks.LockSupport.parkNanos(LockSupport.java:215)&#10;        at java.util.concurrent.locks.AbstractQueuedSynchronizer$ConditionObject.awaitNanos(AbstractQueuedSynchronizer.java:2078)&#10;        at java.util.concurrent.ScheduledThreadPoolExecutor$DelayedWorkQueue.take(ScheduledThreadPoolExecutor.java:1093)&#10;        at java.util.concurrent.ScheduledThreadPoolExecutor$DelayedWorkQueue.take(ScheduledThreadPoolExecutor.java:809)&#10;        at java.util.concurrent.ThreadPoolExecutor.getTask(ThreadPoolExecutor.java:1074)&#10;        at java.util.concurrent.ThreadPoolExecutor.runWorker(ThreadPoolExecutor.java:1134)&#10;        at java.util.concurrent.ThreadPoolExecutor$Worker.run(ThreadPoolExecutor.java:624)&#10;        at java.lang.Thread.run(Thread.java:748)&#10;&quot;Command processor thread&quot; daemon prio=5 tid=229 timed_waiting&#10;java.lang.Thread.State: TIMED_WAITING&#10;        at java.lang.Thread.sleep(Native Method)&#10;        at org.apache.hadoop.ozone.container.common.statemachine.DatanodeStateMachine.lambda$initCommandHandlerThread$1(DatanodeStateMachine.java:439)&#10;        at org.apache.hadoop.ozone.container.common.statemachine.DatanodeStateMachine$$Lambda$141/459692644.run(Unknown Source)&#10;        at java.lang.Thread.run(Thread.java:748)&#10;&quot;metrics-hadoop-metrics2-reporter-40-thread-1&quot; daemon prio=5 tid=892 timed_waiting&#10;java.lang.Thread.State: TIMED_WAITING&#10;        at sun.misc.Unsafe.park(Native Method)&#10;        at java.util.concurrent.locks.LockSupport.parkNanos(LockSupport.java:215)&#10;        at java.util.concurrent.locks.AbstractQueuedSynchronizer$ConditionObject.awaitNanos(AbstractQueuedSynchronizer.java:2078)&#10;        at java.util.concurrent.ScheduledThreadPoolExecutor$DelayedWorkQueue.take(ScheduledThreadPoolExecutor.java:1093)&#10;        at java.util.concurrent.ScheduledThreadPoolExecutor$DelayedWorkQueue.take(ScheduledThreadPoolExecutor.java:809)&#10;        at java.util.concurrent.ThreadPoolExecutor.getTask(ThreadPoolExecutor.java:1074)&#10;        at java.util.concurrent.ThreadPoolExecutor.runWorker(ThreadPoolExecutor.java:1134)&#10;        at java.util.concurrent.ThreadPoolExecutor$Worker.run(ThreadPoolExecutor.java:624)&#10;        at java.lang.Thread.run(Thread.java:748)&#10;&quot;metrics-hadoop-metrics2-reporter-28-thread-1&quot; daemon prio=5 tid=856 timed_waiting&#10;java.lang.Thread.State: TIMED_WAITING&#10;        at sun.misc.Unsafe.park(Native Method)&#10;        at java.util.concurrent.locks.LockSupport.parkNanos(LockSupport.java:215)&#10;        at java.util.concurrent.locks.AbstractQueuedSynchronizer$ConditionObject.awaitNanos(AbstractQueuedSynchronizer.java:2078)&#10;        at java.util.concurrent.ScheduledThreadPoolExecutor$DelayedWorkQueue.take(ScheduledThreadPoolExecutor.java:1093)&#10;        at java.util.concurrent.ScheduledThreadPoolExecutor$DelayedWorkQueue.take(ScheduledThreadPoolExecutor.java:809)&#10;        at java.util.concurrent.ThreadPoolExecutor.getTask(ThreadPoolExecutor.java:1074)&#10;        at java.util.concurrent.ThreadPoolExecutor.runWorker(ThreadPoolExecutor.java:1134)&#10;        at java.util.concurrent.ThreadPoolExecutor$Worker.run(ThreadPoolExecutor.java:624)&#10;        at java.lang.Thread.run(Thread.java:748)&#10;&quot;pool-26-thread-11&quot;  prio=5 tid=368 in Object.wait()&#10;java.lang.Thread.State: WAITING (on object monitor)&#10;        at sun.misc.Unsafe.park(Native Method)&#10;        at java.util.concurrent.locks.LockSupport.park(LockSupport.java:175)&#10;        at java.util.concurrent.locks.AbstractQueuedSynchronizer$ConditionObject.await(AbstractQueuedSynchronizer.java:2039)&#10;        at java.util.concurrent.ArrayBlockingQueue.take(ArrayBlockingQueue.java:403)&#10;        at java.util.concurrent.ThreadPoolExecutor.getTask(ThreadPoolExecutor.java:1074)&#10;        at java.util.concurrent.ThreadPoolExecutor.runWorker(ThreadPoolExecutor.java:1134)&#10;        at java.util.concurrent.ThreadPoolExecutor$Worker.run(ThreadPoolExecutor.java:624)&#10;        at java.lang.Thread.run(Thread.java:748)&#10;&quot;pool-76-thread-4&quot;  prio=5 tid=655 in Object.wait()&#10;java.lang.Thread.State: WAITING (on object monitor)&#10;        at sun.misc.Unsafe.park(Native Method)&#10;        at java.util.concurrent.locks.LockSupport.park(LockSupport.java:175)&#10;        at java.util.concurrent.locks.AbstractQueuedSynchronizer$ConditionObject.await(AbstractQueuedSynchronizer.java:2039)&#10;        at java.util.concurrent.ArrayBlockingQueue.take(ArrayBlockingQueue.java:403)&#10;        at java.util.concurrent.ThreadPoolExecutor.getTask(ThreadPoolExecutor.java:1074)&#10;        at java.util.concurrent.ThreadPoolExecutor.runWorker(ThreadPoolExecutor.java:1134)&#10;        at java.util.concurrent.ThreadPoolExecutor$Worker.run(ThreadPoolExecutor.java:624)&#10;        at java.lang.Thread.run(Thread.java:748)&#10;&quot;pool-26-thread-5&quot;  prio=5 tid=353 in Object.wait()&#10;java.lang.Thread.State: WAITING (on object monitor)&#10;        at sun.misc.Unsafe.park(Native Method)&#10;        at java.util.concurrent.locks.LockSupport.park(LockSupport.java:175)&#10;        at java.util.concurrent.locks.AbstractQueuedSynchronizer$ConditionObject.await(AbstractQueuedSynchronizer.java:2039)&#10;        at java.util.concurrent.ArrayBlockingQueue.take(ArrayBlockingQueue.java:403)&#10;        at java.util.concurrent.ThreadPoolExecutor.getTask(ThreadPoolExecutor.java:1074)&#10;        at java.util.concurrent.ThreadPoolExecutor.runWorker(ThreadPoolExecutor.java:1134)&#10;        at java.util.concurrent.ThreadPoolExecutor$Worker.run(ThreadPoolExecutor.java:624)&#10;        at java.lang.Thread.run(Thread.java:748)&#10;&quot;org.eclipse.jetty.server.session.HashSessionManager@16727bf0Timer&quot; daemon prio=5 tid=331 timed_waiting&#10;java.lang.Thread.State: TIMED_WAITING&#10;        at sun.misc.Unsafe.park(Native Method)&#10;        at java.util.concurrent.locks.LockSupport.parkNanos(LockSupport.java:215)&#10;        at java.util.concurrent.locks.AbstractQueuedSynchronizer$ConditionObject.awaitNanos(AbstractQueuedSynchronizer.java:2078)&#10;        at java.util.concurrent.ScheduledThreadPoolExecutor$DelayedWorkQueue.take(ScheduledThreadPoolExecutor.java:1093)&#10;        at java.util.concurrent.ScheduledThreadPoolExecutor$DelayedWorkQueue.take(ScheduledThreadPoolExecutor.java:809)&#10;        at java.util.concurrent.ThreadPoolExecutor.getTask(ThreadPoolExecutor.java:1074)&#10;        at java.util.concurrent.ThreadPoolExecutor.runWorker(ThreadPoolExecutor.java:1134)&#10;        at java.util.concurrent.ThreadPoolExecutor$Worker.run(ThreadPoolExecutor.java:624)&#10;        at java.lang.Thread.run(Thread.java:748)&#10;&quot;IPC Server handler 2 on 45589&quot; daemon prio=5 tid=31 timed_waiting&#10;java.lang.Thread.State: TIMED_WAITING&#10;        at sun.misc.Unsafe.park(Native Method)&#10;        at java.util.concurrent.locks.LockSupport.parkNanos(LockSupport.java:215)&#10;        at java.util.concurrent.locks.AbstractQueuedSynchronizer$ConditionObject.awaitNanos(AbstractQueuedSynchronizer.java:2078)&#10;        at java.util.concurrent.LinkedBlockingQueue.poll(LinkedBlockingQueue.java:467)&#10;        at org.apache.hadoop.ipc.CallQueueManager.take(CallQueueManager.java:288)&#10;        at org.apache.hadoop.ipc.Server$Handler.run(Server.java:2668)&#10;&quot;pool-66-thread-53&quot;  prio=5 tid=633 in Object.wait()&#10;java.lang.Thread.State: WAITING (on object monitor)&#10;        at sun.misc.Unsafe.park(Native Method)&#10;        at java.util.concurrent.locks.LockSupport.park(LockSupport.java:175)&#10;        at java.util.concurrent.locks.AbstractQueuedSynchronizer$ConditionObject.await(AbstractQueuedSynchronizer.java:2039)&#10;        at java.util.concurrent.ArrayBlockingQueue.take(ArrayBlockingQueue.java:403)&#10;        at java.util.concurrent.ThreadPoolExecutor.getTask(ThreadPoolExecutor.java:1074)&#10;        at java.util.concurrent.ThreadPoolExecutor.runWorker(ThreadPoolExecutor.java:1134)&#10;        at java.util.concurrent.ThreadPoolExecutor$Worker.run(ThreadPoolExecutor.java:624)&#10;        at java.lang.Thread.run(Thread.java:748)&#10;&quot;qtp820627987-160-acceptor-0@7338a325-ServerConnector@582a764a{HTTP/1.1,[http/1.1]}{0.0.0.0:38851}&quot; daemon prio=3 tid=160 runnable&#10;java.lang.Thread.State: RUNNABLE&#10;        at sun.nio.ch.ServerSocketChannelImpl.accept0(Native Method)&#10;        at sun.nio.ch.ServerSocketChannelImpl.accept(ServerSocketChannelImpl.java:422)&#10;        at sun.nio.ch.ServerSocketChannelImpl.accept(ServerSocketChannelImpl.java:250)&#10;        at org.eclipse.jetty.server.ServerConnector.accept(ServerConnector.java:397)&#10;        at org.eclipse.jetty.server.AbstractConnector$Acceptor.run(AbstractConnector.java:601)&#10;        at org.eclipse.jetty.util.thread.QueuedThreadPool.runJob(QueuedThreadPool.java:671)&#10;        at org.eclipse.jetty.util.thread.QueuedThreadPool$2.run(QueuedThreadPool.java:589)&#10;        at java.lang.Thread.run(Thread.java:748)&#10;&quot;pool-86-thread-48&quot;  prio=5 tid=761 in Object.wait()&#10;java.lang.Thread.State: WAITING (on object monitor)&#10;        at sun.misc.Unsafe.park(Native Method)&#10;        at java.util.concurrent.locks.LockSupport.park(LockSupport.java:175)&#10;        at java.util.concurrent.locks.AbstractQueuedSynchronizer$ConditionObject.await(AbstractQueuedSynchronizer.java:2039)&#10;        at java.util.concurrent.ArrayBlockingQueue.take(ArrayBlockingQueue.java:403)&#10;        at java.util.concurrent.ThreadPoolExecutor.getTask(ThreadPoolExecutor.java:1074)&#10;        at java.util.concurrent.ThreadPoolExecutor.runWorker(ThreadPoolExecutor.java:1134)&#10;        at java.util.concurrent.ThreadPoolExecutor$Worker.run(ThreadPoolExecutor.java:624)&#10;        at java.lang.Thread.run(Thread.java:748)&#10;&quot;Datanode ReportManager Thread - 3&quot; daemon prio=5 tid=309 in Object.wait()&#10;java.lang.Thread.State: WAITING (on object monitor)&#10;        at sun.misc.Unsafe.park(Native Method)&#10;        at java.util.concurrent.locks.LockSupport.park(LockSupport.java:175)&#10;        at java.util.concurrent.locks.AbstractQueuedSynchronizer$ConditionObject.await(AbstractQueuedSynchronizer.java:2039)&#10;        at java.util.concurrent.ScheduledThreadPoolExecutor$DelayedWorkQueue.take(ScheduledThreadPoolExecutor.java:1088)&#10;        at java.util.concurrent.ScheduledThreadPoolExecutor$DelayedWorkQueue.take(ScheduledThreadPoolExecutor.java:809)&#10;        at java.util.concurrent.ThreadPoolExecutor.getTask(ThreadPoolExecutor.java:1074)&#10;        at java.util.concurrent.ThreadPoolExecutor.runWorker(ThreadPoolExecutor.java:1134)&#10;        at java.util.concurrent.ThreadPoolExecutor$Worker.run(ThreadPoolExecutor.java:624)&#10;        at java.lang.Thread.run(Thread.java:748)&#10;&quot;IPC Server handler 13 on 44783&quot; daemon prio=5 tid=128 timed_waiting&#10;java.lang.Thread.State: TIMED_WAITING&#10;        at sun.misc.Unsafe.park(Native Method)&#10;        at java.util.concurrent.locks.LockSupport.parkNanos(LockSupport.java:215)&#10;        at java.util.concurrent.locks.AbstractQueuedSynchronizer$ConditionObject.awaitNanos(AbstractQueuedSynchronizer.java:2078)&#10;        at java.util.concurrent.LinkedBlockingQueue.poll(LinkedBlockingQueue.java:467)&#10;        at org.apache.hadoop.ipc.CallQueueManager.take(CallQueueManager.java:288)&#10;        at org.apache.hadoop.ipc.Server$Handler.run(Server.java:2668)&#10;&quot;pool-54-thread-1&quot; daemon prio=5 tid=237 timed_waiting&#10;java.lang.Thread.State: TIMED_WAITING&#10;        at sun.misc.Unsafe.park(Native Method)&#10;        at java.util.concurrent.locks.LockSupport.parkNanos(LockSupport.java:215)&#10;        at java.util.concurrent.locks.AbstractQueuedSynchronizer$ConditionObject.awaitNanos(AbstractQueuedSynchronizer.java:2078)&#10;        at java.util.concurrent.ScheduledThreadPoolExecutor$DelayedWorkQueue.take(ScheduledThreadPoolExecutor.java:1093)&#10;        at java.util.concurrent.ScheduledThreadPoolExecutor$DelayedWorkQueue.take(ScheduledThreadPoolExecutor.java:809)&#10;        at java.util.concurrent.ThreadPoolExecutor.getTask(ThreadPoolExecutor.java:1074)&#10;        at java.util.concurrent.ThreadPoolExecutor.runWorker(ThreadPoolExecutor.java:1134)&#10;        at java.util.concurrent.ThreadPoolExecutor$Worker.run(ThreadPoolExecutor.java:624)&#10;        at java.lang.Thread.run(Thread.java:748)&#10;&quot;pool-66-thread-38&quot;  prio=5 tid=618 in Object.wait()&#10;java.lang.Thread.State: WAITING (on object monitor)&#10;        at sun.misc.Unsafe.park(Native Method)&#10;        at java.util.concurrent.locks.LockSupport.park(LockSupport.java:175)&#10;        at java.util.concurrent.locks.AbstractQueuedSynchronizer$ConditionObject.await(AbstractQueuedSynchronizer.java:2039)&#10;        at java.util.concurrent.ArrayBlockingQueue.take(ArrayBlockingQueue.java:403)&#10;        at java.util.concurrent.ThreadPoolExecutor.getTask(ThreadPoolExecutor.java:1074)&#10;        at java.util.concurrent.ThreadPoolExecutor.runWorker(ThreadPoolExecutor.java:1134)&#10;        at java.util.concurrent.ThreadPoolExecutor$Worker.run(ThreadPoolExecutor.java:624)&#10;        at java.lang.Thread.run(Thread.java:748)&#10;&quot;pool-56-thread-26&quot;  prio=5 tid=546 in Object.wait()&#10;java.lang.Thread.State: WAITING (on object monitor)&#10;        at sun.misc.Unsafe.park(Native Method)&#10;        at java.util.concurrent.locks.LockSupport.park(LockSupport.java:175)&#10;        at java.util.concurrent.locks.AbstractQueuedSynchronizer$ConditionObject.await(AbstractQueuedSynchronizer.java:2039)&#10;        at java.util.concurrent.ArrayBlockingQueue.take(ArrayBlockingQueue.java:403)&#10;        at java.util.concurrent.ThreadPoolExecutor.getTask(ThreadPoolExecutor.java:1074)&#10;        at java.util.concurrent.ThreadPoolExecutor.runWorker(ThreadPoolExecutor.java:1134)&#10;        at java.util.concurrent.ThreadPoolExecutor$Worker.run(ThreadPoolExecutor.java:624)&#10;        at java.lang.Thread.run(Thread.java:748)&#10;&quot;grpc-default-executor-1&quot; daemon prio=5 tid=874 timed_waiting&#10;java.lang.Thread.State: TIMED_WAITING&#10;        at sun.misc.Unsafe.park(Native Method)&#10;        at java.util.concurrent.locks.LockSupport.parkNanos(LockSupport.java:215)&#10;        at java.util.concurrent.SynchronousQueue$TransferStack.awaitFulfill(SynchronousQueue.java:460)&#10;        at java.util.concurrent.SynchronousQueue$TransferStack.transfer(SynchronousQueue.java:362)&#10;        at java.util.concurrent.SynchronousQueue.poll(SynchronousQueue.java:941)&#10;        at java.util.concurrent.ThreadPoolExecutor.getTask(ThreadPoolExecutor.java:1073)&#10;        at java.util.concurrent.ThreadPoolExecutor.runWorker(ThreadPoolExecutor.java:1134)&#10;        at java.util.concurrent.ThreadPoolExecutor$Worker.run(ThreadPoolExecutor.java:624)&#10;        at java.lang.Thread.run(Thread.java:748)&#10;&quot;pool-66-thread-34&quot;  prio=5 tid=614 in Object.wait()&#10;java.lang.Thread.State: WAITING (on object monitor)&#10;        at sun.misc.Unsafe.park(Native Method)&#10;        at java.util.concurrent.locks.LockSupport.park(LockSupport.java:175)&#10;        at java.util.concurrent.locks.AbstractQueuedSynchronizer$ConditionObject.await(AbstractQueuedSynchronizer.java:2039)&#10;        at java.util.concurrent.ArrayBlockingQueue.take(ArrayBlockingQueue.java:403)&#10;        at java.util.concurrent.ThreadPoolExecutor.getTask(ThreadPoolExecutor.java:1074)&#10;        at java.util.concurrent.ThreadPoolExecutor.runWorker(ThreadPoolExecutor.java:1134)&#10;        at java.util.concurrent.ThreadPoolExecutor$Worker.run(ThreadPoolExecutor.java:624)&#10;        at java.lang.Thread.run(Thread.java:748)&#10;&quot;pool-36-thread-34&quot;  prio=5 tid=446 in Object.wait()&#10;java.lang.Thread.State: WAITING (on object monitor)&#10;        at sun.misc.Unsafe.park(Native Method)&#10;        at java.util.concurrent.locks.LockSupport.park(LockSupport.java:175)&#10;        at java.util.concurrent.locks.AbstractQueuedSynchronizer$ConditionObject.await(AbstractQueuedSynchronizer.java:2039)&#10;        at java.util.concurrent.ArrayBlockingQueue.take(ArrayBlockingQueue.java:403)&#10;        at java.util.concurrent.ThreadPoolExecutor.getTask(ThreadPoolExecutor.java:1074)&#10;        at java.util.concurrent.ThreadPoolExecutor.runWorker(ThreadPoolExecutor.java:1134)&#10;        at java.util.concurrent.ThreadPoolExecutor$Worker.run(ThreadPoolExecutor.java:624)&#10;        at java.lang.Thread.run(Thread.java:748)&#10;&quot;Thread-433&quot; daemon prio=5 tid=1090 timed_waiting&#10;java.lang.Thread.State: TIMED_WAITING&#10;        at sun.misc.Unsafe.park(Native Method)&#10;        at java.util.concurrent.locks.LockSupport.parkNanos(LockSupport.java:215)&#10;        at java.util.concurrent.locks.AbstractQueuedSynchronizer$ConditionObject.awaitNanos(AbstractQueuedSynchronizer.java:2078)&#10;        at java.util.concurrent.ArrayBlockingQueue.poll(ArrayBlockingQueue.java:418)&#10;        at org.apache.ratis.server.impl.LeaderState$EventQueue.poll(LeaderState.java:115)&#10;        at org.apache.ratis.server.impl.LeaderState$EventProcessor.run(LeaderState.java:467)&#10;&quot;org.eclipse.jetty.server.session.HashSessionManager@54107f42Timer&quot; daemon prio=5 tid=97 timed_waiting&#10;java.lang.Thread.State: TIMED_WAITING&#10;        at sun.misc.Unsafe.park(Native Method)&#10;        at java.util.concurrent.locks.LockSupport.parkNanos(LockSupport.java:215)&#10;        at java.util.concurrent.locks.AbstractQueuedSynchronizer$ConditionObject.awaitNanos(AbstractQueuedSynchronizer.java:2078)&#10;        at java.util.concurrent.ScheduledThreadPoolExecutor$DelayedWorkQueue.take(ScheduledThreadPoolExecutor.java:1093)&#10;        at java.util.concurrent.ScheduledThreadPoolExecutor$DelayedWorkQueue.take(ScheduledThreadPoolExecutor.java:809)&#10;        at java.util.concurrent.ThreadPoolExecutor.getTask(ThreadPoolExecutor.java:1074)&#10;        at java.util.concurrent.ThreadPoolExecutor.runWorker(ThreadPoolExecutor.java:1134)&#10;        at java.util.concurrent.ThreadPoolExecutor$Worker.run(ThreadPoolExecutor.java:624)&#10;        at java.lang.Thread.run(Thread.java:748)&#10;&quot;Timer-1&quot; daemon prio=5 tid=149 timed_waiting&#10;java.lang.Thread.State: TIMED_WAITING&#10;        at java.lang.Object.wait(Native Method)&#10;        at java.util.TimerThread.mainLoop(Timer.java:552)&#10;        at java.util.TimerThread.run(Timer.java:505)&#10;&quot;IPC Server handler 6 on 36674&quot; daemon prio=5 tid=75 timed_waiting&#10;java.lang.Thread.State: TIMED_WAITING&#10;        at sun.misc.Unsafe.park(Native Method)&#10;        at java.util.concurrent.locks.LockSupport.parkNanos(LockSupport.java:215)&#10;        at java.util.concurrent.locks.AbstractQueuedSynchronizer$ConditionObject.awaitNanos(AbstractQueuedSynchronizer.java:2078)&#10;        at java.util.concurrent.LinkedBlockingQueue.poll(LinkedBlockingQueue.java:467)&#10;        at org.apache.hadoop.ipc.CallQueueManager.take(CallQueueManager.java:288)&#10;        at org.apache.hadoop.ipc.Server$Handler.run(Server.java:2668)&#10;&quot;pool-36-thread-38&quot;  prio=5 tid=460 in Object.wait()&#10;java.lang.Thread.State: WAITING (on object monitor)&#10;        at sun.misc.Unsafe.park(Native Method)&#10;        at java.util.concurrent.locks.LockSupport.park(LockSupport.java:175)&#10;        at java.util.concurrent.locks.AbstractQueuedSynchronizer$ConditionObject.await(AbstractQueuedSynchronizer.java:2039)&#10;        at java.util.concurrent.ArrayBlockingQueue.take(ArrayBlockingQueue.java:403)&#10;        at java.util.concurrent.ThreadPoolExecutor.getTask(ThreadPoolExecutor.java:1074)&#10;        at java.util.concurrent.ThreadPoolExecutor.runWorker(ThreadPoolExecutor.java:1134)&#10;        at java.util.concurrent.ThreadPoolExecutor$Worker.run(ThreadPoolExecutor.java:624)&#10;        at java.lang.Thread.run(Thread.java:748)&#10;&quot;pool-86-thread-6&quot;  prio=5 tid=719 in Object.wait()&#10;java.lang.Thread.State: WAITING (on object monitor)&#10;        at sun.misc.Unsafe.park(Native Method)&#10;        at java.util.concurrent.locks.LockSupport.park(LockSupport.java:175)&#10;        at java.util.concurrent.locks.AbstractQueuedSynchronizer$ConditionObject.await(AbstractQueuedSynchronizer.java:2039)&#10;        at java.util.concurrent.ArrayBlockingQueue.take(ArrayBlockingQueue.java:403)&#10;        at java.util.concurrent.ThreadPoolExecutor.getTask(ThreadPoolExecutor.java:1074)&#10;        at java.util.concurrent.ThreadPoolExecutor.runWorker(ThreadPoolExecutor.java:1134)&#10;        at java.util.concurrent.ThreadPoolExecutor$Worker.run(ThreadPoolExecutor.java:624)&#10;        at java.lang.Thread.run(Thread.java:748)&#10;&quot;IPC Server handler 5 on 45589&quot; daemon prio=5 tid=34 timed_waiting&#10;java.lang.Thread.State: TIMED_WAITING&#10;        at sun.misc.Unsafe.park(Native Method)&#10;        at java.util.concurrent.locks.LockSupport.parkNanos(LockSupport.java:215)&#10;        at java.util.concurrent.locks.AbstractQueuedSynchronizer$ConditionObject.awaitNanos(AbstractQueuedSynchronizer.java:2078)&#10;        at java.util.concurrent.LinkedBlockingQueue.poll(LinkedBlockingQueue.java:467)&#10;        at org.apache.hadoop.ipc.CallQueueManager.take(CallQueueManager.java:288)&#10;        at org.apache.hadoop.ipc.Server$Handler.run(Server.java:2668)&#10;&quot;pool-56-thread-6&quot;  prio=5 tid=526 in Object.wait()&#10;java.lang.Thread.State: WAITING (on object monitor)&#10;        at sun.misc.Unsafe.park(Native Method)&#10;        at java.util.concurrent.locks.LockSupport.park(LockSupport.java:175)&#10;        at java.util.concurrent.locks.AbstractQueuedSynchronizer$ConditionObject.await(AbstractQueuedSynchronizer.java:2039)&#10;        at java.util.concurrent.ArrayBlockingQueue.take(ArrayBlockingQueue.java:403)&#10;        at java.util.concurrent.ThreadPoolExecutor.getTask(ThreadPoolExecutor.java:1074)&#10;        at java.util.concurrent.ThreadPoolExecutor.runWorker(ThreadPoolExecutor.java:1134)&#10;        at java.util.concurrent.ThreadPoolExecutor$Worker.run(ThreadPoolExecutor.java:624)&#10;        at java.lang.Thread.run(Thread.java:748)&#10;&quot;pool-76-thread-27&quot;  prio=5 tid=678 in Object.wait()&#10;java.lang.Thread.State: WAITING (on object monitor)&#10;        at sun.misc.Unsafe.park(Native Method)&#10;        at java.util.concurrent.locks.LockSupport.park(LockSupport.java:175)&#10;        at java.util.concurrent.locks.AbstractQueuedSynchronizer$ConditionObject.await(AbstractQueuedSynchronizer.java:2039)&#10;        at java.util.concurrent.ArrayBlockingQueue.take(ArrayBlockingQueue.java:403)&#10;        at java.util.concurrent.ThreadPoolExecutor.getTask(ThreadPoolExecutor.java:1074)&#10;        at java.util.concurrent.ThreadPoolExecutor.runWorker(ThreadPoolExecutor.java:1134)&#10;        at java.util.concurrent.ThreadPoolExecutor$Worker.run(ThreadPoolExecutor.java:624)&#10;        at java.lang.Thread.run(Thread.java:748)&#10;&quot;pool-46-thread-8&quot;  prio=5 tid=369 in Object.wait()&#10;java.lang.Thread.State: WAITING (on object monitor)&#10;        at sun.misc.Unsafe.park(Native Method)&#10;        at java.util.concurrent.locks.LockSupport.park(LockSupport.java:175)&#10;        at java.util.concurrent.locks.AbstractQueuedSynchronizer$ConditionObject.await(AbstractQueuedSynchronizer.java:2039)&#10;        at java.util.concurrent.ArrayBlockingQueue.take(ArrayBlockingQueue.java:403)&#10;        at java.util.concurrent.ThreadPoolExecutor.getTask(ThreadPoolExecutor.java:1074)&#10;        at java.util.concurrent.ThreadPoolExecutor.runWorker(ThreadPoolExecutor.java:1134)&#10;        at java.util.concurrent.ThreadPoolExecutor$Worker.run(ThreadPoolExecutor.java:624)&#10;        at java.lang.Thread.run(Thread.java:748)&#10;&quot;pool-66-thread-14&quot;  prio=5 tid=594 in Object.wait()&#10;java.lang.Thread.State: WAITING (on object monitor)&#10;        at sun.misc.Unsafe.park(Native Method)&#10;        at java.util.concurrent.locks.LockSupport.park(LockSupport.java:175)&#10;        at java.util.concurrent.locks.AbstractQueuedSynchronizer$ConditionObject.await(AbstractQueuedSynchronizer.java:2039)&#10;        at java.util.concurrent.ArrayBlockingQueue.take(ArrayBlockingQueue.java:403)&#10;        at java.util.concurrent.ThreadPoolExecutor.getTask(ThreadPoolExecutor.java:1074)&#10;        at java.util.concurrent.ThreadPoolExecutor.runWorker(ThreadPoolExecutor.java:1134)&#10;        at java.util.concurrent.ThreadPoolExecutor$Worker.run(ThreadPoolExecutor.java:624)&#10;        at java.lang.Thread.run(Thread.java:748)&#10;&quot;surefire-forkedjvm-command-thread&quot; daemon prio=5 tid=8 runnable&#10;java.lang.Thread.State: RUNNABLE&#10;        at java.io.FileInputStream.readBytes(Native Method)&#10;        at java.io.FileInputStream.read(FileInputStream.java:255)&#10;        at java.io.BufferedInputStream.fill(BufferedInputStream.java:246)&#10;        at java.io.BufferedInputStream.read(BufferedInputStream.java:265)&#10;        at java.io.DataInputStream.readInt(DataInputStream.java:387)&#10;        at org.apache.maven.surefire.booter.MasterProcessCommand.decode(MasterProcessCommand.java:115)&#10;        at org.apache.maven.surefire.booter.CommandReader$CommandRunnable.run(CommandReader.java:390)&#10;        at java.lang.Thread.run(Thread.java:748)&#10;&quot;metrics-hadoop-metrics2-reporter-7-thread-1&quot; daemon prio=5 tid=807 timed_waiting&#10;java.lang.Thread.State: TIMED_WAITING&#10;        at sun.misc.Unsafe.park(Native Method)&#10;        at java.util.concurrent.locks.LockSupport.parkNanos(LockSupport.java:215)&#10;        at java.util.concurrent.locks.AbstractQueuedSynchronizer$ConditionObject.awaitNanos(AbstractQueuedSynchronizer.java:2078)&#10;        at java.util.concurrent.ScheduledThreadPoolExecutor$DelayedWorkQueue.take(ScheduledThreadPoolExecutor.java:1093)&#10;        at java.util.concurrent.ScheduledThreadPoolExecutor$DelayedWorkQueue.take(ScheduledThreadPoolExecutor.java:809)&#10;        at java.util.concurrent.ThreadPoolExecutor.getTask(ThreadPoolExecutor.java:1074)&#10;        at java.util.concurrent.ThreadPoolExecutor.runWorker(ThreadPoolExecutor.java:1134)&#10;        at java.util.concurrent.ThreadPoolExecutor$Worker.run(ThreadPoolExecutor.java:624)&#10;        at java.lang.Thread.run(Thread.java:748)&#10;&quot;pool-56-thread-29&quot;  prio=5 tid=549 in Object.wait()&#10;java.lang.Thread.State: WAITING (on object monitor)&#10;        at sun.misc.Unsafe.park(Native Method)&#10;        at java.util.concurrent.locks.LockSupport.park(LockSupport.java:175)&#10;        at java.util.concurrent.locks.AbstractQueuedSynchronizer$ConditionObject.await(AbstractQueuedSynchronizer.java:2039)&#10;        at java.util.concurrent.ArrayBlockingQueue.take(ArrayBlockingQueue.java:403)&#10;        at java.util.concurrent.ThreadPoolExecutor.getTask(ThreadPoolExecutor.java:1074)&#10;        at java.util.concurrent.ThreadPoolExecutor.runWorker(ThreadPoolExecutor.java:1134)&#10;        at java.util.concurrent.ThreadPoolExecutor$Worker.run(ThreadPoolExecutor.java:624)&#10;        at java.lang.Thread.run(Thread.java:748)&#10;&quot;pool-26-thread-14&quot;  prio=5 tid=377 in Object.wait()&#10;java.lang.Thread.State: WAITING (on object monitor)&#10;        at sun.misc.Unsafe.park(Native Method)&#10;        at java.util.concurrent.locks.LockSupport.park(LockSupport.java:175)&#10;        at java.util.concurrent.locks.AbstractQueuedSynchronizer$ConditionObject.await(AbstractQueuedSynchronizer.java:2039)&#10;        at java.util.concurrent.ArrayBlockingQueue.take(ArrayBlockingQueue.java:403)&#10;        at java.util.concurrent.ThreadPoolExecutor.getTask(ThreadPoolExecutor.java:1074)&#10;        at java.util.concurrent.ThreadPoolExecutor.runWorker(ThreadPoolExecutor.java:1134)&#10;        at java.util.concurrent.ThreadPoolExecutor$Worker.run(ThreadPoolExecutor.java:624)&#10;        at java.lang.Thread.run(Thread.java:748)&#10;&quot;jaeger.RemoteReporter-FlushTimer&quot; daemon prio=5 tid=148 timed_waiting&#10;java.lang.Thread.State: TIMED_WAITING&#10;        at java.lang.Object.wait(Native Method)&#10;        at java.util.TimerThread.mainLoop(Timer.java:552)&#10;        at java.util.TimerThread.run(Timer.java:505)&#10;&quot;pool-86-thread-16&quot;  prio=5 tid=729 in Object.wait()&#10;java.lang.Thread.State: WAITING (on object monitor)&#10;        at sun.misc.Unsafe.park(Native Method)&#10;        at java.util.concurrent.locks.LockSupport.park(LockSupport.java:175)&#10;        at java.util.concurrent.locks.AbstractQueuedSynchronizer$ConditionObject.await(AbstractQueuedSynchronizer.java:2039)&#10;        at java.util.concurrent.ArrayBlockingQueue.take(ArrayBlockingQueue.java:403)&#10;        at java.util.concurrent.ThreadPoolExecutor.getTask(ThreadPoolExecutor.java:1074)&#10;        at java.util.concurrent.ThreadPoolExecutor.runWorker(ThreadPoolExecutor.java:1134)&#10;        at java.util.concurrent.ThreadPoolExecutor$Worker.run(ThreadPoolExecutor.java:624)&#10;        at java.lang.Thread.run(Thread.java:748)&#10;&quot;pool-66-thread-7&quot;  prio=5 tid=587 in Object.wait()&#10;java.lang.Thread.State: WAITING (on object monitor)&#10;        at sun.misc.Unsafe.park(Native Method)&#10;        at java.util.concurrent.locks.LockSupport.park(LockSupport.java:175)&#10;        at java.util.concurrent.locks.AbstractQueuedSynchronizer$ConditionObject.await(AbstractQueuedSynchronizer.java:2039)&#10;        at java.util.concurrent.ArrayBlockingQueue.take(ArrayBlockingQueue.java:403)&#10;        at java.util.concurrent.ThreadPoolExecutor.getTask(ThreadPoolExecutor.java:1074)&#10;        at java.util.concurrent.ThreadPoolExecutor.runWorker(ThreadPoolExecutor.java:1134)&#10;        at java.util.concurrent.ThreadPoolExecutor$Worker.run(ThreadPoolExecutor.java:624)&#10;        at java.lang.Thread.run(Thread.java:748)&#10;&quot;org.apache.hadoop.util.JvmPauseMonitor$Monitor@29fedec4&quot; daemon prio=5 tid=176 timed_waiting&#10;java.lang.Thread.State: TIMED_WAITING&#10;        at java.lang.Thread.sleep(Native Method)&#10;        at org.apache.hadoop.util.JvmPauseMonitor$Monitor.run(JvmPauseMonitor.java:192)&#10;        at java.lang.Thread.run(Thread.java:748)&#10;&quot;pool-86-thread-36&quot;  prio=5 tid=749 in Object.wait()&#10;java.lang.Thread.State: WAITING (on object monitor)&#10;        at sun.misc.Unsafe.park(Native Method)&#10;        at java.util.concurrent.locks.LockSupport.park(LockSupport.java:175)&#10;        at java.util.concurrent.locks.AbstractQueuedSynchronizer$ConditionObject.await(AbstractQueuedSynchronizer.java:2039)&#10;        at java.util.concurrent.ArrayBlockingQueue.take(ArrayBlockingQueue.java:403)&#10;        at java.util.concurrent.ThreadPoolExecutor.getTask(ThreadPoolExecutor.java:1074)&#10;        at java.util.concurrent.ThreadPoolExecutor.runWorker(ThreadPoolExecutor.java:1134)&#10;        at java.util.concurrent.ThreadPoolExecutor$Worker.run(ThreadPoolExecutor.java:624)&#10;        at java.lang.Thread.run(Thread.java:748)&#10;&quot;IPC Server handler 18 on 45589&quot; daemon prio=5 tid=47 timed_waiting&#10;java.lang.Thread.State: TIMED_WAITING&#10;        at sun.misc.Unsafe.park(Native Method)&#10;        at java.util.concurrent.locks.LockSupport.parkNanos(LockSupport.java:215)&#10;        at java.util.concurrent.locks.AbstractQueuedSynchronizer$ConditionObject.awaitNanos(AbstractQueuedSynchronizer.java:2078)&#10;        at java.util.concurrent.LinkedBlockingQueue.poll(LinkedBlockingQueue.java:467)&#10;        at org.apache.hadoop.ipc.CallQueueManager.take(CallQueueManager.java:288)&#10;        at org.apache.hadoop.ipc.Server$Handler.run(Server.java:2668)&#10;&quot;pool-26-thread-48&quot;  prio=5 tid=467 in Object.wait()&#10;java.lang.Thread.State: WAITING (on object monitor)&#10;        at sun.misc.Unsafe.park(Native Method)&#10;        at java.util.concurrent.locks.LockSupport.park(LockSupport.java:175)&#10;        at java.util.concurrent.locks.AbstractQueuedSynchronizer$ConditionObject.await(AbstractQueuedSynchronizer.java:2039)&#10;        at java.util.concurrent.ArrayBlockingQueue.take(ArrayBlockingQueue.java:403)&#10;        at java.util.concurrent.ThreadPoolExecutor.getTask(ThreadPoolExecutor.java:1074)&#10;        at java.util.concurrent.ThreadPoolExecutor.runWorker(ThreadPoolExecutor.java:1134)&#10;        at java.util.concurrent.ThreadPoolExecutor$Worker.run(ThreadPoolExecutor.java:624)&#10;        at java.lang.Thread.run(Thread.java:748)&#10;&quot;qtp1991386317-143&quot; daemon prio=5 tid=143 timed_waiting&#10;java.lang.Thread.State: TIMED_WAITING&#10;        at sun.misc.Unsafe.park(Native Method)&#10;        at java.util.concurrent.locks.LockSupport.parkNanos(LockSupport.java:215)&#10;        at java.util.concurrent.locks.AbstractQueuedSynchronizer$ConditionObject.awaitNanos(AbstractQueuedSynchronizer.java:2078)&#10;        at org.eclipse.jetty.util.BlockingArrayQueue.poll(BlockingArrayQueue.java:392)&#10;        at org.eclipse.jetty.util.thread.QueuedThreadPool.idleJobPoll(QueuedThreadPool.java:563)&#10;        at org.eclipse.jetty.util.thread.QueuedThreadPool.access$800(QueuedThreadPool.java:48)&#10;        at org.eclipse.jetty.util.thread.QueuedThreadPool$2.run(QueuedThreadPool.java:626)&#10;        at java.lang.Thread.run(Thread.java:748)&#10;&quot;IPC Server handler 12 on 45290&quot; daemon prio=5 tid=61 timed_waiting&#10;java.lang.Thread.State: TIMED_WAITING&#10;        at sun.misc.Unsafe.park(Native Method)&#10;        at java.util.concurrent.locks.LockSupport.parkNanos(LockSupport.java:215)&#10;        at java.util.concurrent.locks.AbstractQueuedSynchronizer$ConditionObject.awaitNanos(AbstractQueuedSynchronizer.java:2078)&#10;        at java.util.concurrent.LinkedBlockingQueue.poll(LinkedBlockingQueue.java:467)&#10;        at org.apache.hadoop.ipc.CallQueueManager.take(CallQueueManager.java:288)&#10;        at org.apache.hadoop.ipc.Server$Handler.run(Server.java:2668)&#10;&quot;pool-66-thread-24&quot;  prio=5 tid=604 in Object.wait()&#10;java.lang.Thread.State: WAITING (on object monitor)&#10;        at sun.misc.Unsafe.park(Native Method)&#10;        at java.util.concurrent.locks.LockSupport.park(LockSupport.java:175)&#10;        at java.util.concurrent.locks.AbstractQueuedSynchronizer$ConditionObject.await(AbstractQueuedSynchronizer.java:2039)&#10;        at java.util.concurrent.ArrayBlockingQueue.take(ArrayBlockingQueue.java:403)&#10;        at java.util.concurrent.ThreadPoolExecutor.getTask(ThreadPoolExecutor.java:1074)&#10;        at java.util.concurrent.ThreadPoolExecutor.runWorker(ThreadPoolExecutor.java:1134)&#10;        at java.util.concurrent.ThreadPoolExecutor$Worker.run(ThreadPoolExecutor.java:624)&#10;        at java.lang.Thread.run(Thread.java:748)&#10;&quot;metrics-hadoop-metrics2-reporter-35-thread-1&quot; daemon prio=5 tid=882 timed_waiting&#10;java.lang.Thread.State: TIMED_WAITING&#10;        at sun.misc.Unsafe.park(Native Method)&#10;        at java.util.concurrent.locks.LockSupport.parkNanos(LockSupport.java:215)&#10;        at java.util.concurrent.locks.AbstractQueuedSynchronizer$ConditionObject.awaitNanos(AbstractQueuedSynchronizer.java:2078)&#10;        at java.util.concurrent.ScheduledThreadPoolExecutor$DelayedWorkQueue.take(ScheduledThreadPoolExecutor.java:1093)&#10;        at java.util.concurrent.ScheduledThreadPoolExecutor$DelayedWorkQueue.take(ScheduledThreadPoolExecutor.java:809)&#10;        at java.util.concurrent.ThreadPoolExecutor.getTask(ThreadPoolExecutor.java:1074)&#10;        at java.util.concurrent.ThreadPoolExecutor.runWorker(ThreadPoolExecutor.java:1134)&#10;        at java.util.concurrent.ThreadPoolExecutor$Worker.run(ThreadPoolExecutor.java:624)&#10;        at java.lang.Thread.run(Thread.java:748)&#10;&quot;IPC Server handler 11 on 45290&quot; daemon prio=5 tid=60 timed_waiting&#10;java.lang.Thread.State: TIMED_WAITING&#10;        at sun.misc.Unsafe.park(Native Method)&#10;        at java.util.concurrent.locks.LockSupport.parkNanos(LockSupport.java:215)&#10;        at java.util.concurrent.locks.AbstractQueuedSynchronizer$ConditionObject.awaitNanos(AbstractQueuedSynchronizer.java:2078)&#10;        at java.util.concurrent.LinkedBlockingQueue.poll(LinkedBlockingQueue.java:467)&#10;        at org.apache.hadoop.ipc.CallQueueManager.take(CallQueueManager.java:288)&#10;        at org.apache.hadoop.ipc.Server$Handler.run(Server.java:2668)&#10;&quot;pool-86-thread-12&quot;  prio=5 tid=725 in Object.wait()&#10;java.lang.Thread.State: WAITING (on object monitor)&#10;        at sun.misc.Unsafe.park(Native Method)&#10;        at java.util.concurrent.locks.LockSupport.park(LockSupport.java:175)&#10;        at java.util.concurrent.locks.AbstractQueuedSynchronizer$ConditionObject.await(AbstractQueuedSynchronizer.java:2039)&#10;        at java.util.concurrent.ArrayBlockingQueue.take(ArrayBlockingQueue.java:403)&#10;        at java.util.concurrent.ThreadPoolExecutor.getTask(ThreadPoolExecutor.java:1074)&#10;        at java.util.concurrent.ThreadPoolExecutor.runWorker(ThreadPoolExecutor.java:1134)&#10;        at java.util.concurrent.ThreadPoolExecutor$Worker.run(ThreadPoolExecutor.java:624)&#10;        at java.lang.Thread.run(Thread.java:748)&#10;&quot;pool-66-thread-12&quot;  prio=5 tid=592 in Object.wait()&#10;java.lang.Thread.State: WAITING (on object monitor)&#10;        at sun.misc.Unsafe.park(Native Method)&#10;        at java.util.concurrent.locks.LockSupport.park(LockSupport.java:175)&#10;        at java.util.concurrent.locks.AbstractQueuedSynchronizer$ConditionObject.await(AbstractQueuedSynchronizer.java:2039)&#10;        at java.util.concurrent.ArrayBlockingQueue.take(ArrayBlockingQueue.java:403)&#10;        at java.util.concurrent.ThreadPoolExecutor.getTask(ThreadPoolExecutor.java:1074)&#10;        at java.util.concurrent.ThreadPoolExecutor.runWorker(ThreadPoolExecutor.java:1134)&#10;        at java.util.concurrent.ThreadPoolExecutor$Worker.run(ThreadPoolExecutor.java:624)&#10;        at java.lang.Thread.run(Thread.java:748)&#10;&quot;Datanode ReportManager Thread - 1&quot; daemon prio=5 tid=334 in Object.wait()&#10;java.lang.Thread.State: WAITING (on object monitor)&#10;        at sun.misc.Unsafe.park(Native Method)&#10;        at java.util.concurrent.locks.LockSupport.park(LockSupport.java:175)&#10;        at java.util.concurrent.locks.AbstractQueuedSynchronizer$ConditionObject.await(AbstractQueuedSynchronizer.java:2039)&#10;        at java.util.concurrent.ScheduledThreadPoolExecutor$DelayedWorkQueue.take(ScheduledThreadPoolExecutor.java:1088)&#10;        at java.util.concurrent.ScheduledThreadPoolExecutor$DelayedWorkQueue.take(ScheduledThreadPoolExecutor.java:809)&#10;        at java.util.concurrent.ThreadPoolExecutor.getTask(ThreadPoolExecutor.java:1074)&#10;        at java.util.concurrent.ThreadPoolExecutor.runWorker(ThreadPoolExecutor.java:1134)&#10;        at java.util.concurrent.ThreadPoolExecutor$Worker.run(ThreadPoolExecutor.java:624)&#10;        at java.lang.Thread.run(Thread.java:748)&#10;&quot;metrics-hadoop-metrics2-reporter-33-thread-1&quot; daemon prio=5 tid=868 timed_waiting&#10;java.lang.Thread.State: TIMED_WAITING&#10;        at sun.misc.Unsafe.park(Native Method)&#10;        at java.util.concurrent.locks.LockSupport.parkNanos(LockSupport.java:215)&#10;        at java.util.concurrent.locks.AbstractQueuedSynchronizer$ConditionObject.awaitNanos(AbstractQueuedSynchronizer.java:2078)&#10;        at java.util.concurrent.ScheduledThreadPoolExecutor$DelayedWorkQueue.take(ScheduledThreadPoolExecutor.java:1093)&#10;        at java.util.concurrent.ScheduledThreadPoolExecutor$DelayedWorkQueue.take(ScheduledThreadPoolExecutor.java:809)&#10;        at java.util.concurrent.ThreadPoolExecutor.getTask(ThreadPoolExecutor.java:1074)&#10;        at java.util.concurrent.ThreadPoolExecutor.runWorker(ThreadPoolExecutor.java:1134)&#10;        at java.util.concurrent.ThreadPoolExecutor$Worker.run(ThreadPoolExecutor.java:624)&#10;        at java.lang.Thread.run(Thread.java:748)&#10;&quot;pool-46-thread-52&quot;  prio=5 tid=511 in Object.wait()&#10;java.lang.Thread.State: WAITING (on object monitor)&#10;        at sun.misc.Unsafe.park(Native Method)&#10;        at java.util.concurrent.locks.LockSupport.park(LockSupport.java:175)&#10;        at java.util.concurrent.locks.AbstractQueuedSynchronizer$ConditionObject.await(AbstractQueuedSynchronizer.java:2039)&#10;        at java.util.concurrent.ArrayBlockingQueue.take(ArrayBlockingQueue.java:403)&#10;        at java.util.concurrent.ThreadPoolExecutor.getTask(ThreadPoolExecutor.java:1074)&#10;        at java.util.concurrent.ThreadPoolExecutor.runWorker(ThreadPoolExecutor.java:1134)&#10;        at java.util.concurrent.ThreadPoolExecutor$Worker.run(ThreadPoolExecutor.java:624)&#10;        at java.lang.Thread.run(Thread.java:748)&#10;&quot;pool-26-thread-9&quot;  prio=5 tid=361 in Object.wait()&#10;java.lang.Thread.State: WAITING (on object monitor)&#10;        at sun.misc.Unsafe.park(Native Method)&#10;        at java.util.concurrent.locks.LockSupport.park(LockSupport.java:175)&#10;        at java.util.concurrent.locks.AbstractQueuedSynchronizer$ConditionObject.await(AbstractQueuedSynchronizer.java:2039)&#10;        at java.util.concurrent.ArrayBlockingQueue.take(ArrayBlockingQueue.java:403)&#10;        at java.util.concurrent.ThreadPoolExecutor.getTask(ThreadPoolExecutor.java:1074)&#10;        at java.util.concurrent.ThreadPoolExecutor.runWorker(ThreadPoolExecutor.java:1134)&#10;        at java.util.concurrent.ThreadPoolExecutor$Worker.run(ThreadPoolExecutor.java:624)&#10;        at java.lang.Thread.run(Thread.java:748)&#10;&quot;pool-66-thread-11&quot;  prio=5 tid=591 in Object.wait()&#10;java.lang.Thread.State: WAITING (on object monitor)&#10;        at sun.misc.Unsafe.park(Native Method)&#10;        at java.util.concurrent.locks.LockSupport.park(LockSupport.java:175)&#10;        at java.util.concurrent.locks.AbstractQueuedSynchronizer$ConditionObject.await(AbstractQueuedSynchronizer.java:2039)&#10;        at java.util.concurrent.ArrayBlockingQueue.take(ArrayBlockingQueue.java:403)&#10;        at java.util.concurrent.ThreadPoolExecutor.getTask(ThreadPoolExecutor.java:1074)&#10;        at java.util.concurrent.ThreadPoolExecutor.runWorker(ThreadPoolExecutor.java:1134)&#10;        at java.util.concurrent.ThreadPoolExecutor$Worker.run(ThreadPoolExecutor.java:624)&#10;        at java.lang.Thread.run(Thread.java:748)&#10;&quot;IPC Server handler 3 on 36674&quot; daemon prio=5 tid=72 timed_waiting&#10;java.lang.Thread.State: TIMED_WAITING&#10;        at sun.misc.Unsafe.park(Native Method)&#10;        at java.util.concurrent.locks.LockSupport.parkNanos(LockSupport.java:215)&#10;        at java.util.concurrent.locks.AbstractQueuedSynchronizer$ConditionObject.awaitNanos(AbstractQueuedSynchronizer.java:2078)&#10;        at java.util.concurrent.LinkedBlockingQueue.poll(LinkedBlockingQueue.java:467)&#10;        at org.apache.hadoop.ipc.CallQueueManager.take(CallQueueManager.java:288)&#10;        at org.apache.hadoop.ipc.Server$Handler.run(Server.java:2668)&#10;&quot;pool-56-thread-43&quot;  prio=5 tid=563 in Object.wait()&#10;java.lang.Thread.State: WAITING (on object monitor)&#10;        at sun.misc.Unsafe.park(Native Method)&#10;        at java.util.concurrent.locks.LockSupport.park(LockSupport.java:175)&#10;        at java.util.concurrent.locks.AbstractQueuedSynchronizer$ConditionObject.await(AbstractQueuedSynchronizer.java:2039)&#10;        at java.util.concurrent.ArrayBlockingQueue.take(ArrayBlockingQueue.java:403)&#10;        at java.util.concurrent.ThreadPoolExecutor.getTask(ThreadPoolExecutor.java:1074)&#10;        at java.util.concurrent.ThreadPoolExecutor.runWorker(ThreadPoolExecutor.java:1134)&#10;        at java.util.concurrent.ThreadPoolExecutor$Worker.run(ThreadPoolExecutor.java:624)&#10;        at java.lang.Thread.run(Thread.java:748)&#10;&quot;pool-26-thread-16&quot;  prio=5 tid=383 in Object.wait()&#10;java.lang.Thread.State: WAITING (on object monitor)&#10;        at sun.misc.Unsafe.park(Native Method)&#10;        at java.util.concurrent.locks.LockSupport.park(LockSupport.java:175)&#10;        at java.util.concurrent.locks.AbstractQueuedSynchronizer$ConditionObject.await(AbstractQueuedSynchronizer.java:2039)&#10;        at java.util.concurrent.ArrayBlockingQueue.take(ArrayBlockingQueue.java:403)&#10;        at java.util.concurrent.ThreadPoolExecutor.getTask(ThreadPoolExecutor.java:1074)&#10;        at java.util.concurrent.ThreadPoolExecutor.runWorker(ThreadPoolExecutor.java:1134)&#10;        at java.util.concurrent.ThreadPoolExecutor$Worker.run(ThreadPoolExecutor.java:624)&#10;        at java.lang.Thread.run(Thread.java:748)&#10;&quot;pool-56-thread-47&quot;  prio=5 tid=567 in Object.wait()&#10;java.lang.Thread.State: WAITING (on object monitor)&#10;        at sun.misc.Unsafe.park(Native Method)&#10;        at java.util.concurrent.locks.LockSupport.park(LockSupport.java:175)&#10;        at java.util.concurrent.locks.AbstractQueuedSynchronizer$ConditionObject.await(AbstractQueuedSynchronizer.java:2039)&#10;        at java.util.concurrent.ArrayBlockingQueue.take(ArrayBlockingQueue.java:403)&#10;        at java.util.concurrent.ThreadPoolExecutor.getTask(ThreadPoolExecutor.java:1074)&#10;        at java.util.concurrent.ThreadPoolExecutor.runWorker(ThreadPoolExecutor.java:1134)&#10;        at java.util.concurrent.ThreadPoolExecutor$Worker.run(ThreadPoolExecutor.java:624)&#10;        at java.lang.Thread.run(Thread.java:748)&#10;&quot;pool-36-thread-45&quot;  prio=5 tid=480 in Object.wait()&#10;java.lang.Thread.State: WAITING (on object monitor)&#10;        at sun.misc.Unsafe.park(Native Method)&#10;        at java.util.concurrent.locks.LockSupport.park(LockSupport.java:175)&#10;        at java.util.concurrent.locks.AbstractQueuedSynchronizer$ConditionObject.await(AbstractQueuedSynchronizer.java:2039)&#10;        at java.util.concurrent.ArrayBlockingQueue.take(ArrayBlockingQueue.java:403)&#10;        at java.util.concurrent.ThreadPoolExecutor.getTask(ThreadPoolExecutor.java:1074)&#10;        at java.util.concurrent.ThreadPoolExecutor.runWorker(ThreadPoolExecutor.java:1134)&#10;        at java.util.concurrent.ThreadPoolExecutor$Worker.run(ThreadPoolExecutor.java:624)&#10;        at java.lang.Thread.run(Thread.java:748)&#10;&quot;pool-26-thread-21&quot;  prio=5 tid=399 in Object.wait()&#10;java.lang.Thread.State: WAITING (on object monitor)&#10;        at sun.misc.Unsafe.park(Native Method)&#10;        at java.util.concurrent.locks.LockSupport.park(LockSupport.java:175)&#10;        at java.util.concurrent.locks.AbstractQueuedSynchronizer$ConditionObject.await(AbstractQueuedSynchronizer.java:2039)&#10;        at java.util.concurrent.ArrayBlockingQueue.take(ArrayBlockingQueue.java:403)&#10;        at java.util.concurrent.ThreadPoolExecutor.getTask(ThreadPoolExecutor.java:1074)&#10;        at java.util.concurrent.ThreadPoolExecutor.runWorker(ThreadPoolExecutor.java:1134)&#10;        at java.util.concurrent.ThreadPoolExecutor$Worker.run(ThreadPoolExecutor.java:624)&#10;        at java.lang.Thread.run(Thread.java:748)&#10;&quot;pool-26-thread-45&quot;  prio=5 tid=457 in Object.wait()&#10;java.lang.Thread.State: WAITING (on object monitor)&#10;        at sun.misc.Unsafe.park(Native Method)&#10;        at java.util.concurrent.locks.LockSupport.park(LockSupport.java:175)&#10;        at java.util.concurrent.locks.AbstractQueuedSynchronizer$ConditionObject.await(AbstractQueuedSynchronizer.java:2039)&#10;        at java.util.concurrent.ArrayBlockingQueue.take(ArrayBlockingQueue.java:403)&#10;        at java.util.concurrent.ThreadPoolExecutor.getTask(ThreadPoolExecutor.java:1074)&#10;        at java.util.concurrent.ThreadPoolExecutor.runWorker(ThreadPoolExecutor.java:1134)&#10;        at java.util.concurrent.ThreadPoolExecutor$Worker.run(ThreadPoolExecutor.java:624)&#10;        at java.lang.Thread.run(Thread.java:748)&#10;&quot;org.eclipse.jetty.server.session.HashSessionManager@6dcc40f5Timer&quot; daemon prio=5 tid=276 timed_waiting&#10;java.lang.Thread.State: TIMED_WAITING&#10;        at sun.misc.Unsafe.park(Native Method)&#10;        at java.util.concurrent.locks.LockSupport.parkNanos(LockSupport.java:215)&#10;        at java.util.concurrent.locks.AbstractQueuedSynchronizer$ConditionObject.awaitNanos(AbstractQueuedSynchronizer.java:2078)&#10;        at java.util.concurrent.ScheduledThreadPoolExecutor$DelayedWorkQueue.take(ScheduledThreadPoolExecutor.java:1093)&#10;        at java.util.concurrent.ScheduledThreadPoolExecutor$DelayedWorkQueue.take(ScheduledThreadPoolExecutor.java:809)&#10;        at java.util.concurrent.ThreadPoolExecutor.getTask(ThreadPoolExecutor.java:1074)&#10;        at java.util.concurrent.ThreadPoolExecutor.runWorker(ThreadPoolExecutor.java:1134)&#10;        at java.util.concurrent.ThreadPoolExecutor$Worker.run(ThreadPoolExecutor.java:624)&#10;        at java.lang.Thread.run(Thread.java:748)&#10;&quot;pool-76-thread-55&quot;  prio=5 tid=706 in Object.wait()&#10;java.lang.Thread.State: WAITING (on object monitor)&#10;        at sun.misc.Unsafe.park(Native Method)&#10;        at java.util.concurrent.locks.LockSupport.park(LockSupport.java:175)&#10;        at java.util.concurrent.locks.AbstractQueuedSynchronizer$ConditionObject.await(AbstractQueuedSynchronizer.java:2039)&#10;        at java.util.concurrent.ArrayBlockingQueue.take(ArrayBlockingQueue.java:403)&#10;        at java.util.concurrent.ThreadPoolExecutor.getTask(ThreadPoolExecutor.java:1074)&#10;        at java.util.concurrent.ThreadPoolExecutor.runWorker(ThreadPoolExecutor.java:1134)&#10;        at java.util.concurrent.ThreadPoolExecutor$Worker.run(ThreadPoolExecutor.java:624)&#10;        at java.lang.Thread.run(Thread.java:748)&#10;&quot;pool-26-thread-46&quot;  prio=5 tid=462 in Object.wait()&#10;java.lang.Thread.State: WAITING (on object monitor)&#10;        at sun.misc.Unsafe.park(Native Method)&#10;        at java.util.concurrent.locks.LockSupport.park(LockSupport.java:175)&#10;        at java.util.concurrent.locks.AbstractQueuedSynchronizer$ConditionObject.await(AbstractQueuedSynchronizer.java:2039)&#10;        at java.util.concurrent.ArrayBlockingQueue.take(ArrayBlockingQueue.java:403)&#10;        at java.util.concurrent.ThreadPoolExecutor.getTask(ThreadPoolExecutor.java:1074)&#10;        at java.util.concurrent.ThreadPoolExecutor.runWorker(ThreadPoolExecutor.java:1134)&#10;        at java.util.concurrent.ThreadPoolExecutor$Worker.run(ThreadPoolExecutor.java:624)&#10;        at java.lang.Thread.run(Thread.java:748)&#10;&quot;Datanode ReportManager Thread - 3&quot; daemon prio=5 tid=255 in Object.wait()&#10;java.lang.Thread.State: WAITING (on object monitor)&#10;        at sun.misc.Unsafe.park(Native Method)&#10;        at java.util.concurrent.locks.LockSupport.park(LockSupport.java:175)&#10;        at java.util.concurrent.locks.AbstractQueuedSynchronizer$ConditionObject.await(AbstractQueuedSynchronizer.java:2039)&#10;        at java.util.concurrent.ScheduledThreadPoolExecutor$DelayedWorkQueue.take(ScheduledThreadPoolExecutor.java:1088)&#10;        at java.util.concurrent.ScheduledThreadPoolExecutor$DelayedWorkQueue.take(ScheduledThreadPoolExecutor.java:809)&#10;        at java.util.concurrent.ThreadPoolExecutor.getTask(ThreadPoolExecutor.java:1074)&#10;        at java.util.concurrent.ThreadPoolExecutor.runWorker(ThreadPoolExecutor.java:1134)&#10;        at java.util.concurrent.ThreadPoolExecutor$Worker.run(ThreadPoolExecutor.java:624)&#10;        at java.lang.Thread.run(Thread.java:748)&#10;&quot;pool-46-thread-46&quot;  prio=5 tid=494 in Object.wait()&#10;java.lang.Thread.State: WAITING (on object monitor)&#10;        at sun.misc.Unsafe.park(Native Method)&#10;        at java.util.concurrent.locks.LockSupport.park(LockSupport.java:175)&#10;        at java.util.concurrent.locks.AbstractQueuedSynchronizer$ConditionObject.await(AbstractQueuedSynchronizer.java:2039)&#10;        at java.util.concurrent.ArrayBlockingQueue.take(ArrayBlockingQueue.java:403)&#10;        at java.util.concurrent.ThreadPoolExecutor.getTask(ThreadPoolExecutor.java:1074)&#10;        at java.util.concurrent.ThreadPoolExecutor.runWorker(ThreadPoolExecutor.java:1134)&#10;        at java.util.concurrent.ThreadPoolExecutor$Worker.run(ThreadPoolExecutor.java:624)&#10;        at java.lang.Thread.run(Thread.java:748)&#10;&quot;org.eclipse.jetty.server.session.HashSessionManager@48d293eeTimer&quot; daemon prio=5 tid=195 timed_waiting&#10;java.lang.Thread.State: TIMED_WAITING&#10;        at sun.misc.Unsafe.park(Native Method)&#10;        at java.util.concurrent.locks.LockSupport.parkNanos(LockSupport.java:215)&#10;        at java.util.concurrent.locks.AbstractQueuedSynchronizer$ConditionObject.awaitNanos(AbstractQueuedSynchronizer.java:2078)&#10;        at java.util.concurrent.ScheduledThreadPoolExecutor$DelayedWorkQueue.take(ScheduledThreadPoolExecutor.java:1093)&#10;        at java.util.concurrent.ScheduledThreadPoolExecutor$DelayedWorkQueue.take(ScheduledThreadPoolExecutor.java:809)&#10;        at java.util.concurrent.ThreadPoolExecutor.getTask(ThreadPoolExecutor.java:1074)&#10;        at java.util.concurrent.ThreadPoolExecutor.runWorker(ThreadPoolExecutor.java:1134)&#10;        at java.util.concurrent.ThreadPoolExecutor$Worker.run(ThreadPoolExecutor.java:624)&#10;        at java.lang.Thread.run(Thread.java:748)&#10;&quot;d2e56473-8267-4871-9849-be2e71e1a2dc@group-4A5985BBF6FD-SegmentedRaftLogWorker&quot;  prio=5 tid=838 timed_waiting&#10;java.lang.Thread.State: TIMED_WAITING&#10;        at sun.misc.Unsafe.park(Native Method)&#10;        at java.util.concurrent.locks.LockSupport.parkNanos(LockSupport.java:215)&#10;        at java.util.concurrent.locks.AbstractQueuedSynchronizer$ConditionObject.awaitNanos(AbstractQueuedSynchronizer.java:2078)&#10;        at org.apache.ratis.util.DataBlockingQueue.poll(DataBlockingQueue.java:137)&#10;        at org.apache.ratis.server.raftlog.segmented.SegmentedRaftLogWorker.run(SegmentedRaftLogWorker.java:282)&#10;        at java.lang.Thread.run(Thread.java:748)&#10;&quot;Datanode ReportManager Thread - 1&quot; daemon prio=5 tid=199 in Object.wait()&#10;java.lang.Thread.State: WAITING (on object monitor)&#10;        at sun.misc.Unsafe.park(Native Method)&#10;        at java.util.concurrent.locks.LockSupport.park(LockSupport.java:175)&#10;        at java.util.concurrent.locks.AbstractQueuedSynchronizer$ConditionObject.await(AbstractQueuedSynchronizer.java:2039)&#10;        at java.util.concurrent.ScheduledThreadPoolExecutor$DelayedWorkQueue.take(ScheduledThreadPoolExecutor.java:1088)&#10;        at java.util.concurrent.ScheduledThreadPoolExecutor$DelayedWorkQueue.take(ScheduledThreadPoolExecutor.java:809)&#10;        at java.util.concurrent.ThreadPoolExecutor.getTask(ThreadPoolExecutor.java:1074)&#10;        at java.util.concurrent.ThreadPoolExecutor.runWorker(ThreadPoolExecutor.java:1134)&#10;        at java.util.concurrent.ThreadPoolExecutor$Worker.run(ThreadPoolExecutor.java:624)&#10;        at java.lang.Thread.run(Thread.java:748)&#10;&quot;988115cd-21c9-4558-b198-f2cedd98ccf3@group-20BE3FF63202-SegmentedRaftLogWorker&quot;  prio=5 tid=1023 timed_waiting&#10;java.lang.Thread.State: TIMED_WAITING&#10;        at sun.misc.Unsafe.park(Native Method)&#10;        at java.util.concurrent.locks.LockSupport.parkNanos(LockSupport.java:215)&#10;        at java.util.concurrent.locks.AbstractQueuedSynchronizer$ConditionObject.awaitNanos(AbstractQueuedSynchronizer.java:2078)&#10;        at org.apache.ratis.util.DataBlockingQueue.poll(DataBlockingQueue.java:137)&#10;        at org.apache.ratis.server.raftlog.segmented.SegmentedRaftLogWorker.run(SegmentedRaftLogWorker.java:282)&#10;        at java.lang.Thread.run(Thread.java:748)&#10;&quot;metrics-hadoop-metrics2-reporter-53-thread-1&quot; daemon prio=5 tid=997 timed_waiting&#10;java.lang.Thread.State: TIMED_WAITING&#10;        at sun.misc.Unsafe.park(Native Method)&#10;        at java.util.concurrent.locks.LockSupport.parkNanos(LockSupport.java:215)&#10;        at java.util.concurrent.locks.AbstractQueuedSynchronizer$ConditionObject.awaitNanos(AbstractQueuedSynchronizer.java:2078)&#10;        at java.util.concurrent.ScheduledThreadPoolExecutor$DelayedWorkQueue.take(ScheduledThreadPoolExecutor.java:1093)&#10;        at java.util.concurrent.ScheduledThreadPoolExecutor$DelayedWorkQueue.take(ScheduledThreadPoolExecutor.java:809)&#10;        at java.util.concurrent.ThreadPoolExecutor.getTask(ThreadPoolExecutor.java:1074)&#10;        at java.util.concurrent.ThreadPoolExecutor.runWorker(ThreadPoolExecutor.java:1134)&#10;        at java.util.concurrent.ThreadPoolExecutor$Worker.run(ThreadPoolExecutor.java:624)&#10;        at java.lang.Thread.run(Thread.java:748)&#10;&quot;qtp1981708431-186&quot; daemon prio=5 tid=186 runnable&#10;java.lang.Thread.State: RUNNABLE&#10;        at sun.nio.ch.EPollArrayWrapper.epollWait(Native Method)&#10;        at sun.nio.ch.EPollArrayWrapper.poll(EPollArrayWrapper.java:269)&#10;        at sun.nio.ch.EPollSelectorImpl.doSelect(EPollSelectorImpl.java:93)&#10;        at sun.nio.ch.SelectorImpl.lockAndDoSelect(SelectorImpl.java:86)&#10;        at sun.nio.ch.SelectorImpl.select(SelectorImpl.java:97)&#10;        at sun.nio.ch.SelectorImpl.select(SelectorImpl.java:101)&#10;        at org.eclipse.jetty.io.ManagedSelector$SelectorProducer.select(ManagedSelector.java:243)&#10;        at org.eclipse.jetty.io.ManagedSelector$SelectorProducer.produce(ManagedSelector.java:191)&#10;        at org.eclipse.jetty.util.thread.strategy.ExecuteProduceConsume.executeProduceConsume(ExecuteProduceConsume.java:249)&#10;        at org.eclipse.jetty.util.thread.strategy.ExecuteProduceConsume.produceConsume(ExecuteProduceConsume.java:148)&#10;        at org.eclipse.jetty.util.thread.strategy.ExecuteProduceConsume.execute(ExecuteProduceConsume.java:100)&#10;        at org.eclipse.jetty.io.ManagedSelector.run(ManagedSelector.java:147)&#10;        at org.eclipse.jetty.util.thread.QueuedThreadPool.runJob(QueuedThreadPool.java:671)&#10;        at org.eclipse.jetty.util.thread.QueuedThreadPool$2.run(QueuedThreadPool.java:589)&#10;        at java.lang.Thread.run(Thread.java:748)&#10;&quot;988115cd-21c9-4558-b198-f2cedd98ccf3@group-BF878B4C9D21-SegmentedRaftLogWorker&quot;  prio=5 tid=792 timed_waiting&#10;java.lang.Thread.State: TIMED_WAITING&#10;        at sun.misc.Unsafe.park(Native Method)&#10;        at java.util.concurrent.locks.LockSupport.parkNanos(LockSupport.java:215)&#10;        at java.util.concurrent.locks.AbstractQueuedSynchronizer$ConditionObject.awaitNanos(AbstractQueuedSynchronizer.java:2078)&#10;        at org.apache.ratis.util.DataBlockingQueue.poll(DataBlockingQueue.java:137)&#10;        at org.apache.ratis.server.raftlog.segmented.SegmentedRaftLogWorker.run(SegmentedRaftLogWorker.java:282)&#10;        at java.lang.Thread.run(Thread.java:748)&#10;&quot;pool-76-thread-3&quot;  prio=5 tid=654 in Object.wait()&#10;java.lang.Thread.State: WAITING (on object monitor)&#10;        at sun.misc.Unsafe.park(Native Method)&#10;        at java.util.concurrent.locks.LockSupport.park(LockSupport.java:175)&#10;        at java.util.concurrent.locks.AbstractQueuedSynchronizer$ConditionObject.await(AbstractQueuedSynchronizer.java:2039)&#10;        at java.util.concurrent.ArrayBlockingQueue.take(ArrayBlockingQueue.java:403)&#10;        at java.util.concurrent.ThreadPoolExecutor.getTask(ThreadPoolExecutor.java:1074)&#10;        at java.util.concurrent.ThreadPoolExecutor.runWorker(ThreadPoolExecutor.java:1134)&#10;        at java.util.concurrent.ThreadPoolExecutor$Worker.run(ThreadPoolExecutor.java:624)&#10;        at java.lang.Thread.run(Thread.java:748)&#10;&quot;qtp2013613908-246&quot; daemon prio=5 tid=246 timed_waiting&#10;java.lang.Thread.State: TIMED_WAITING&#10;        at sun.misc.Unsafe.park(Native Method)&#10;        at java.util.concurrent.locks.LockSupport.parkNanos(LockSupport.java:215)&#10;        at java.util.concurrent.locks.AbstractQueuedSynchronizer$ConditionObject.awaitNanos(AbstractQueuedSynchronizer.java:2078)&#10;        at org.eclipse.jetty.util.BlockingArrayQueue.poll(BlockingArrayQueue.java:392)&#10;        at org.eclipse.jetty.util.thread.QueuedThreadPool.idleJobPoll(QueuedThreadPool.java:563)&#10;        at org.eclipse.jetty.util.thread.QueuedThreadPool.access$800(QueuedThreadPool.java:48)&#10;        at org.eclipse.jetty.util.thread.QueuedThreadPool$2.run(QueuedThreadPool.java:626)&#10;        at java.lang.Thread.run(Thread.java:748)&#10;&quot;pool-46-thread-50&quot;  prio=5 tid=502 in Object.wait()&#10;java.lang.Thread.State: WAITING (on object monitor)&#10;        at sun.misc.Unsafe.park(Native Method)&#10;        at java.util.concurrent.locks.LockSupport.park(LockSupport.java:175)&#10;        at java.util.concurrent.locks.AbstractQueuedSynchronizer$ConditionObject.await(AbstractQueuedSynchronizer.java:2039)&#10;        at java.util.concurrent.ArrayBlockingQueue.take(ArrayBlockingQueue.java:403)&#10;        at java.util.concurrent.ThreadPoolExecutor.getTask(ThreadPoolExecutor.java:1074)&#10;        at java.util.concurrent.ThreadPoolExecutor.runWorker(ThreadPoolExecutor.java:1134)&#10;        at java.util.concurrent.ThreadPoolExecutor$Worker.run(ThreadPoolExecutor.java:624)&#10;        at java.lang.Thread.run(Thread.java:748)&#10;&quot;pool-46-thread-40&quot;  prio=5 tid=468 in Object.wait()&#10;java.lang.Thread.State: WAITING (on object monitor)&#10;        at sun.misc.Unsafe.park(Native Method)&#10;        at java.util.concurrent.locks.LockSupport.park(LockSupport.java:175)&#10;        at java.util.concurrent.locks.AbstractQueuedSynchronizer$ConditionObject.await(AbstractQueuedSynchronizer.java:2039)&#10;        at java.util.concurrent.ArrayBlockingQueue.take(ArrayBlockingQueue.java:403)&#10;        at java.util.concurrent.ThreadPoolExecutor.getTask(ThreadPoolExecutor.java:1074)&#10;        at java.util.concurrent.ThreadPoolExecutor.runWorker(ThreadPoolExecutor.java:1134)&#10;        at java.util.concurrent.ThreadPoolExecutor$Worker.run(ThreadPoolExecutor.java:624)&#10;        at java.lang.Thread.run(Thread.java:748)&#10;&quot;process reaper&quot; daemon prio=10 tid=10 timed_waiting&#10;java.lang.Thread.State: TIMED_WAITING&#10;        at sun.misc.Unsafe.park(Native Method)&#10;        at java.util.concurrent.locks.LockSupport.parkNanos(LockSupport.java:215)&#10;        at java.util.concurrent.SynchronousQueue$TransferStack.awaitFulfill(SynchronousQueue.java:460)&#10;        at java.util.concurrent.SynchronousQueue$TransferStack.transfer(SynchronousQueue.java:362)&#10;        at java.util.concurrent.SynchronousQueue.poll(SynchronousQueue.java:941)&#10;        at java.util.concurrent.ThreadPoolExecutor.getTask(ThreadPoolExecutor.java:1073)&#10;        at java.util.concurrent.ThreadPoolExecutor.runWorker(ThreadPoolExecutor.java:1134)&#10;        at java.util.concurrent.ThreadPoolExecutor$Worker.run(ThreadPoolExecutor.java:624)&#10;        at java.lang.Thread.run(Thread.java:748)&#10;&quot;qtp680988889-92&quot; daemon prio=5 tid=92 timed_waiting&#10;java.lang.Thread.State: TIMED_WAITING&#10;        at sun.misc.Unsafe.park(Native Method)&#10;        at java.util.concurrent.locks.LockSupport.parkNanos(LockSupport.java:215)&#10;        at java.util.concurrent.locks.AbstractQueuedSynchronizer$ConditionObject.awaitNanos(AbstractQueuedSynchronizer.java:2078)&#10;        at org.eclipse.jetty.util.BlockingArrayQueue.poll(BlockingArrayQueue.java:392)&#10;        at org.eclipse.jetty.util.thread.QueuedThreadPool.idleJobPoll(QueuedThreadPool.java:563)&#10;        at org.eclipse.jetty.util.thread.QueuedThreadPool.access$800(QueuedThreadPool.java:48)&#10;        at org.eclipse.jetty.util.thread.QueuedThreadPool$2.run(QueuedThreadPool.java:626)&#10;        at java.lang.Thread.run(Thread.java:748)&#10;&quot;pool-36-thread-41&quot;  prio=5 tid=469 in Object.wait()&#10;java.lang.Thread.State: WAITING (on object monitor)&#10;        at sun.misc.Unsafe.park(Native Method)&#10;        at java.util.concurrent.locks.LockSupport.park(LockSupport.java:175)&#10;        at java.util.concurrent.locks.AbstractQueuedSynchronizer$ConditionObject.await(AbstractQueuedSynchronizer.java:2039)&#10;        at java.util.concurrent.ArrayBlockingQueue.take(ArrayBlockingQueue.java:403)&#10;        at java.util.concurrent.ThreadPoolExecutor.getTask(ThreadPoolExecutor.java:1074)&#10;        at java.util.concurrent.ThreadPoolExecutor.runWorker(ThreadPoolExecutor.java:1134)&#10;        at java.util.concurrent.ThreadPoolExecutor$Worker.run(ThreadPoolExecutor.java:624)&#10;        at java.lang.Thread.run(Thread.java:748)&#10;&quot;pool-56-thread-15&quot;  prio=5 tid=535 in Object.wait()&#10;java.lang.Thread.State: WAITING (on object monitor)&#10;        at sun.misc.Unsafe.park(Native Method)&#10;        at java.util.concurrent.locks.LockSupport.park(LockSupport.java:175)&#10;        at java.util.concurrent.locks.AbstractQueuedSynchronizer$ConditionObject.await(AbstractQueuedSynchronizer.java:2039)&#10;        at java.util.concurrent.ArrayBlockingQueue.take(ArrayBlockingQueue.java:403)&#10;        at java.util.concurrent.ThreadPoolExecutor.getTask(ThreadPoolExecutor.java:1074)&#10;        at java.util.concurrent.ThreadPoolExecutor.runWorker(ThreadPoolExecutor.java:1134)&#10;        at java.util.concurrent.ThreadPoolExecutor$Worker.run(ThreadPoolExecutor.java:624)&#10;        at java.lang.Thread.run(Thread.java:748)&#10;&quot;IPC Server handler 0 on 45589&quot; daemon prio=5 tid=29 timed_waiting&#10;java.lang.Thread.State: TIMED_WAITING&#10;        at sun.misc.Unsafe.park(Native Method)&#10;        at java.util.concurrent.locks.LockSupport.parkNanos(LockSupport.java:215)&#10;        at java.util.concurrent.locks.AbstractQueuedSynchronizer$ConditionObject.awaitNanos(AbstractQueuedSynchronizer.java:2078)&#10;        at java.util.concurrent.LinkedBlockingQueue.poll(LinkedBlockingQueue.java:467)&#10;        at org.apache.hadoop.ipc.CallQueueManager.take(CallQueueManager.java:288)&#10;        at org.apache.hadoop.ipc.Server$Handler.run(Server.java:2668)&#10;&quot;pool-76-thread-56&quot;  prio=5 tid=707 in Object.wait()&#10;java.lang.Thread.State: WAITING (on object monitor)&#10;        at sun.misc.Unsafe.park(Native Method)&#10;        at java.util.concurrent.locks.LockSupport.park(LockSupport.java:175)&#10;        at java.util.concurrent.locks.AbstractQueuedSynchronizer$ConditionObject.await(AbstractQueuedSynchronizer.java:2039)&#10;        at java.util.concurrent.ArrayBlockingQueue.take(ArrayBlockingQueue.java:403)&#10;        at java.util.concurrent.ThreadPoolExecutor.getTask(ThreadPoolExecutor.java:1074)&#10;        at java.util.concurrent.ThreadPoolExecutor.runWorker(ThreadPoolExecutor.java:1134)&#10;        at java.util.concurrent.ThreadPoolExecutor$Worker.run(ThreadPoolExecutor.java:624)&#10;        at java.lang.Thread.run(Thread.java:748)&#10;&quot;Datanode State Machine Thread - 0&quot; daemon prio=5 tid=231 timed_waiting&#10;java.lang.Thread.State: TIMED_WAITING&#10;        at sun.misc.Unsafe.park(Native Method)&#10;        at java.util.concurrent.locks.LockSupport.parkNanos(LockSupport.java:215)&#10;        at java.util.concurrent.SynchronousQueue$TransferStack.awaitFulfill(SynchronousQueue.java:460)&#10;        at java.util.concurrent.SynchronousQueue$TransferStack.transfer(SynchronousQueue.java:362)&#10;        at java.util.concurrent.SynchronousQueue.poll(SynchronousQueue.java:941)&#10;        at java.util.concurrent.ThreadPoolExecutor.getTask(ThreadPoolExecutor.java:1073)&#10;        at java.util.concurrent.ThreadPoolExecutor.runWorker(ThreadPoolExecutor.java:1134)&#10;        at java.util.concurrent.ThreadPoolExecutor$Worker.run(ThreadPoolExecutor.java:624)&#10;        at java.lang.Thread.run(Thread.java:748)&#10;&quot;pool-86-thread-22&quot;  prio=5 tid=735 in Object.wait()&#10;java.lang.Thread.State: WAITING (on object monitor)&#10;        at sun.misc.Unsafe.park(Native Method)&#10;        at java.util.concurrent.locks.LockSupport.park(LockSupport.java:175)&#10;        at java.util.concurrent.locks.AbstractQueuedSynchronizer$ConditionObject.await(AbstractQueuedSynchronizer.java:2039)&#10;        at java.util.concurrent.ArrayBlockingQueue.take(ArrayBlockingQueue.java:403)&#10;        at java.util.concurrent.ThreadPoolExecutor.getTask(ThreadPoolExecutor.java:1074)&#10;        at java.util.concurrent.ThreadPoolExecutor.runWorker(ThreadPoolExecutor.java:1134)&#10;        at java.util.concurrent.ThreadPoolExecutor$Worker.run(ThreadPoolExecutor.java:624)&#10;        at java.lang.Thread.run(Thread.java:748)&#10;&quot;pool-24-thread-1&quot; daemon prio=5 tid=156 timed_waiting&#10;java.lang.Thread.State: TIMED_WAITING&#10;        at sun.misc.Unsafe.park(Native Method)&#10;        at java.util.concurrent.locks.LockSupport.parkNanos(LockSupport.java:215)&#10;        at java.util.concurrent.locks.AbstractQueuedSynchronizer$ConditionObject.awaitNanos(AbstractQueuedSynchronizer.java:2078)&#10;        at java.util.concurrent.ScheduledThreadPoolExecutor$DelayedWorkQueue.take(ScheduledThreadPoolExecutor.java:1093)&#10;        at java.util.concurrent.ScheduledThreadPoolExecutor$DelayedWorkQueue.take(ScheduledThreadPoolExecutor.java:809)&#10;        at java.util.concurrent.ThreadPoolExecutor.getTask(ThreadPoolExecutor.java:1074)&#10;        at java.util.concurrent.ThreadPoolExecutor.runWorker(ThreadPoolExecutor.java:1134)&#10;        at java.util.concurrent.ThreadPoolExecutor$Worker.run(ThreadPoolExecutor.java:624)&#10;        at java.lang.Thread.run(Thread.java:748)&#10;&quot;BlockDeletingService#1&quot; daemon prio=5 tid=775 in Object.wait()&#10;java.lang.Thread.State: WAITING (on object monitor)&#10;        at sun.misc.Unsafe.park(Native Method)&#10;        at java.util.concurrent.locks.LockSupport.park(LockSupport.java:175)&#10;        at java.util.concurrent.locks.AbstractQueuedSynchronizer$ConditionObject.await(AbstractQueuedSynchronizer.java:2039)&#10;        at java.util.concurrent.ScheduledThreadPoolExecutor$DelayedWorkQueue.take(ScheduledThreadPoolExecutor.java:1088)&#10;        at java.util.concurrent.ScheduledThreadPoolExecutor$DelayedWorkQueue.take(ScheduledThreadPoolExecutor.java:809)&#10;        at java.util.concurrent.ThreadPoolExecutor.getTask(ThreadPoolExecutor.java:1074)&#10;        at java.util.concurrent.ThreadPoolExecutor.runWorker(ThreadPoolExecutor.java:1134)&#10;        at java.util.concurrent.ThreadPoolExecutor$Worker.run(ThreadPoolExecutor.java:624)&#10;        at java.lang.Thread.run(Thread.java:748)&#10;&quot;pool-66-thread-36&quot;  prio=5 tid=616 in Object.wait()&#10;java.lang.Thread.State: WAITING (on object monitor)&#10;        at sun.misc.Unsafe.park(Native Method)&#10;        at java.util.concurrent.locks.LockSupport.park(LockSupport.java:175)&#10;        at java.util.concurrent.locks.AbstractQueuedSynchronizer$ConditionObject.await(AbstractQueuedSynchronizer.java:2039)&#10;        at java.util.concurrent.ArrayBlockingQueue.take(ArrayBlockingQueue.java:403)&#10;        at java.util.concurrent.ThreadPoolExecutor.getTask(ThreadPoolExecutor.java:1074)&#10;        at java.util.concurrent.ThreadPoolExecutor.runWorker(ThreadPoolExecutor.java:1134)&#10;        at java.util.concurrent.ThreadPoolExecutor$Worker.run(ThreadPoolExecutor.java:624)&#10;        at java.lang.Thread.run(Thread.java:748)&#10;&quot;c52c3de9-0ed1-4f2b-ba1d-f317ceeb0ceb@group-20BE3FF63202-SegmentedRaftLogWorker&quot;  prio=5 tid=1026 timed_waiting&#10;java.lang.Thread.State: TIMED_WAITING&#10;        at sun.misc.Unsafe.park(Native Method)&#10;        at java.util.concurrent.locks.LockSupport.parkNanos(LockSupport.java:215)&#10;        at java.util.concurrent.locks.AbstractQueuedSynchronizer$ConditionObject.awaitNanos(AbstractQueuedSynchronizer.java:2078)&#10;        at org.apache.ratis.util.DataBlockingQueue.poll(DataBlockingQueue.java:137)&#10;        at org.apache.ratis.server.raftlog.segmented.SegmentedRaftLogWorker.run(SegmentedRaftLogWorker.java:282)&#10;        at java.lang.Thread.run(Thread.java:748)&#10;&quot;metrics-hadoop-metrics2-reporter-2-thread-1&quot; daemon prio=5 tid=794 timed_waiting&#10;java.lang.Thread.State: TIMED_WAITING&#10;        at sun.misc.Unsafe.park(Native Method)&#10;        at java.util.concurrent.locks.LockSupport.parkNanos(LockSupport.java:215)&#10;        at java.util.concurrent.locks.AbstractQueuedSynchronizer$ConditionObject.awaitNanos(AbstractQueuedSynchronizer.java:2078)&#10;        at java.util.concurrent.ScheduledThreadPoolExecutor$DelayedWorkQueue.take(ScheduledThreadPoolExecutor.java:1093)&#10;        at java.util.concurrent.ScheduledThreadPoolExecutor$DelayedWorkQueue.take(ScheduledThreadPoolExecutor.java:809)&#10;        at java.util.concurrent.ThreadPoolExecutor.getTask(ThreadPoolExecutor.java:1074)&#10;        at java.util.concurrent.ThreadPoolExecutor.runWorker(ThreadPoolExecutor.java:1134)&#10;        at java.util.concurrent.ThreadPoolExecutor$Worker.run(ThreadPoolExecutor.java:624)&#10;        at java.lang.Thread.run(Thread.java:748)&#10;&quot;Reference Handler&quot; daemon prio=10 tid=2 in Object.wait()&#10;java.lang.Thread.State: WAITING (on object monitor)&#10;        at java.lang.Object.wait(Native Method)&#10;        at java.lang.Object.wait(Object.java:502)&#10;        at java.lang.ref.Reference.tryHandlePending(Reference.java:191)&#10;        at java.lang.ref.Reference$ReferenceHandler.run(Reference.java:153)&#10;&quot;IPC Server handler 16 on 45589&quot; daemon prio=5 tid=45 timed_waiting&#10;java.lang.Thread.State: TIMED_WAITING&#10;        at sun.misc.Unsafe.park(Native Method)&#10;        at java.util.concurrent.locks.LockSupport.parkNanos(LockSupport.java:215)&#10;        at java.util.concurrent.locks.AbstractQueuedSynchronizer$ConditionObject.awaitNanos(AbstractQueuedSynchronizer.java:2078)&#10;        at java.util.concurrent.LinkedBlockingQueue.poll(LinkedBlockingQueue.java:467)&#10;        at org.apache.hadoop.ipc.CallQueueManager.take(CallQueueManager.java:288)&#10;        at org.apache.hadoop.ipc.Server$Handler.run(Server.java:2668)&#10;&quot;metrics-hadoop-metrics2-reporter-1-thread-1&quot; daemon prio=5 tid=791 timed_waiting&#10;java.lang.Thread.State: TIMED_WAITING&#10;        at sun.misc.Unsafe.park(Native Method)&#10;        at java.util.concurrent.locks.LockSupport.parkNanos(LockSupport.java:215)&#10;        at java.util.concurrent.locks.AbstractQueuedSynchronizer$ConditionObject.awaitNanos(AbstractQueuedSynchronizer.java:2078)&#10;        at java.util.concurrent.ScheduledThreadPoolExecutor$DelayedWorkQueue.take(ScheduledThreadPoolExecutor.java:1093)&#10;        at java.util.concurrent.ScheduledThreadPoolExecutor$DelayedWorkQueue.take(ScheduledThreadPoolExecutor.java:809)&#10;        at java.util.concurrent.ThreadPoolExecutor.getTask(ThreadPoolExecutor.java:1074)&#10;        at java.util.concurrent.ThreadPoolExecutor.runWorker(ThreadPoolExecutor.java:1134)&#10;        at java.util.concurrent.ThreadPoolExecutor$Worker.run(ThreadPoolExecutor.java:624)&#10;        at java.lang.Thread.run(Thread.java:748)&#10;&quot;IPC Server handler 11 on 44783&quot; daemon prio=5 tid=126 timed_waiting&#10;java.lang.Thread.State: TIMED_WAITING&#10;        at sun.misc.Unsafe.park(Native Method)&#10;        at java.util.concurrent.locks.LockSupport.parkNanos(LockSupport.java:215)&#10;        at java.util.concurrent.locks.AbstractQueuedSynchronizer$ConditionObject.awaitNanos(AbstractQueuedSynchronizer.java:2078)&#10;        at java.util.concurrent.LinkedBlockingQueue.poll(LinkedBlockingQueue.java:467)&#10;        at org.apache.hadoop.ipc.CallQueueManager.take(CallQueueManager.java:288)&#10;        at org.apache.hadoop.ipc.Server$Handler.run(Server.java:2668)&#10;&quot;BlockDeletingService#0&quot; daemon prio=5 tid=712 timed_waiting&#10;java.lang.Thread.State: TIMED_WAITING&#10;        at sun.misc.Unsafe.park(Native Method)&#10;        at java.util.concurrent.locks.LockSupport.parkNanos(LockSupport.java:215)&#10;        at java.util.concurrent.locks.AbstractQueuedSynchronizer$ConditionObject.awaitNanos(AbstractQueuedSynchronizer.java:2078)&#10;        at java.util.concurrent.ScheduledThreadPoolExecutor$DelayedWorkQueue.take(ScheduledThreadPoolExecutor.java:1093)&#10;        at java.util.concurrent.ScheduledThreadPoolExecutor$DelayedWorkQueue.take(ScheduledThreadPoolExecutor.java:809)&#10;        at java.util.concurrent.ThreadPoolExecutor.getTask(ThreadPoolExecutor.java:1074)&#10;        at java.util.concurrent.ThreadPoolExecutor.runWorker(ThreadPoolExecutor.java:1134)&#10;        at java.util.concurrent.ThreadPoolExecutor$Worker.run(ThreadPoolExecutor.java:624)&#10;        at java.lang.Thread.run(Thread.java:748)&#10;&quot;pool-46-thread-47&quot;  prio=5 tid=495 in Object.wait()&#10;java.lang.Thread.State: WAITING (on object monitor)&#10;        at sun.misc.Unsafe.park(Native Method)&#10;        at java.util.concurrent.locks.LockSupport.park(LockSupport.java:175)&#10;        at java.util.concurrent.locks.AbstractQueuedSynchronizer$ConditionObject.await(AbstractQueuedSynchronizer.java:2039)&#10;        at java.util.concurrent.ArrayBlockingQueue.take(ArrayBlockingQueue.java:403)&#10;        at java.util.concurrent.ThreadPoolExecutor.getTask(ThreadPoolExecutor.java:1074)&#10;        at java.util.concurrent.ThreadPoolExecutor.runWorker(ThreadPoolExecutor.java:1134)&#10;        at java.util.concurrent.ThreadPoolExecutor$Worker.run(ThreadPoolExecutor.java:624)&#10;        at java.lang.Thread.run(Thread.java:748)&#10;&quot;pool-66-thread-25&quot;  prio=5 tid=605 in Object.wait()&#10;java.lang.Thread.State: WAITING (on object monitor)&#10;        at sun.misc.Unsafe.park(Native Method)&#10;        at java.util.concurrent.locks.LockSupport.park(LockSupport.java:175)&#10;        at java.util.concurrent.locks.AbstractQueuedSynchronizer$ConditionObject.await(AbstractQueuedSynchronizer.java:2039)&#10;        at java.util.concurrent.ArrayBlockingQueue.take(ArrayBlockingQueue.java:403)&#10;        at java.util.concurrent.ThreadPoolExecutor.getTask(ThreadPoolExecutor.java:1074)&#10;        at java.util.concurrent.ThreadPoolExecutor.runWorker(ThreadPoolExecutor.java:1134)&#10;        at java.util.concurrent.ThreadPoolExecutor$Worker.run(ThreadPoolExecutor.java:624)&#10;        at java.lang.Thread.run(Thread.java:748)&#10;&quot;qtp64989209-297&quot; daemon prio=5 tid=297 timed_waiting&#10;java.lang.Thread.State: TIMED_WAITING&#10;        at sun.misc.Unsafe.park(Native Method)&#10;        at java.util.concurrent.locks.LockSupport.parkNanos(LockSupport.java:215)&#10;        at java.util.concurrent.locks.AbstractQueuedSynchronizer$ConditionObject.awaitNanos(AbstractQueuedSynchronizer.java:2078)&#10;        at org.eclipse.jetty.util.BlockingArrayQueue.poll(BlockingArrayQueue.java:392)&#10;        at org.eclipse.jetty.util.thread.QueuedThreadPool.idleJobPoll(QueuedThreadPool.java:563)&#10;        at org.eclipse.jetty.util.thread.QueuedThreadPool.access$800(QueuedThreadPool.java:48)&#10;        at org.eclipse.jetty.util.thread.QueuedThreadPool$2.run(QueuedThreadPool.java:626)&#10;        at java.lang.Thread.run(Thread.java:748)&#10;&quot;pool-26-thread-57&quot;  prio=5 tid=489 in Object.wait()&#10;java.lang.Thread.State: WAITING (on object monitor)&#10;        at sun.misc.Unsafe.park(Native Method)&#10;        at java.util.concurrent.locks.LockSupport.park(LockSupport.java:175)&#10;        at java.util.concurrent.locks.AbstractQueuedSynchronizer$ConditionObject.await(AbstractQueuedSynchronizer.java:2039)&#10;        at java.util.concurrent.ArrayBlockingQueue.take(ArrayBlockingQueue.java:403)&#10;        at java.util.concurrent.ThreadPoolExecutor.getTask(ThreadPoolExecutor.java:1074)&#10;        at java.util.concurrent.ThreadPoolExecutor.runWorker(ThreadPoolExecutor.java:1134)&#10;        at java.util.concurrent.ThreadPoolExecutor$Worker.run(ThreadPoolExecutor.java:624)&#10;        at java.lang.Thread.run(Thread.java:748)&#10;&quot;pool-26-thread-10&quot;  prio=5 tid=365 in Object.wait()&#10;java.lang.Thread.State: WAITING (on object monitor)&#10;        at sun.misc.Unsafe.park(Native Method)&#10;        at java.util.concurrent.locks.LockSupport.park(LockSupport.java:175)&#10;        at java.util.concurrent.locks.AbstractQueuedSynchronizer$ConditionObject.await(AbstractQueuedSynchronizer.java:2039)&#10;        at java.util.concurrent.ArrayBlockingQueue.take(ArrayBlockingQueue.java:403)&#10;        at java.util.concurrent.ThreadPoolExecutor.getTask(ThreadPoolExecutor.java:1074)&#10;        at java.util.concurrent.ThreadPoolExecutor.runWorker(ThreadPoolExecutor.java:1134)&#10;        at java.util.concurrent.ThreadPoolExecutor$Worker.run(ThreadPoolExecutor.java:624)&#10;        at java.lang.Thread.run(Thread.java:748)&#10;&quot;pool-26-thread-40&quot;  prio=5 tid=442 in Object.wait()&#10;java.lang.Thread.State: WAITING (on object monitor)&#10;        at sun.misc.Unsafe.park(Native Method)&#10;        at java.util.concurrent.locks.LockSupport.park(LockSupport.java:175)&#10;        at java.util.concurrent.locks.AbstractQueuedSynchronizer$ConditionObject.await(AbstractQueuedSynchronizer.java:2039)&#10;        at java.util.concurrent.ArrayBlockingQueue.take(ArrayBlockingQueue.java:403)&#10;        at java.util.concurrent.ThreadPoolExecutor.getTask(ThreadPoolExecutor.java:1074)&#10;        at java.util.concurrent.ThreadPoolExecutor.runWorker(ThreadPoolExecutor.java:1134)&#10;        at java.util.concurrent.ThreadPoolExecutor$Worker.run(ThreadPoolExecutor.java:624)&#10;        at java.lang.Thread.run(Thread.java:748)&#10;&quot;qtp1168956689-323&quot; daemon prio=5 tid=323 timed_waiting&#10;java.lang.Thread.State: TIMED_WAITING&#10;        at sun.misc.Unsafe.park(Native Method)&#10;        at java.util.concurrent.locks.LockSupport.parkNanos(LockSupport.java:215)&#10;        at java.util.concurrent.locks.AbstractQueuedSynchronizer$ConditionObject.awaitNanos(AbstractQueuedSynchronizer.java:2078)&#10;        at org.eclipse.jetty.util.BlockingArrayQueue.poll(BlockingArrayQueue.java:392)&#10;        at org.eclipse.jetty.util.thread.QueuedThreadPool.idleJobPoll(QueuedThreadPool.java:563)&#10;        at org.eclipse.jetty.util.thread.QueuedThreadPool.access$800(QueuedThreadPool.java:48)&#10;        at org.eclipse.jetty.util.thread.QueuedThreadPool$2.run(QueuedThreadPool.java:626)&#10;        at java.lang.Thread.run(Thread.java:748)&#10;&quot;pool-46-thread-18&quot;  prio=5 tid=394 in Object.wait()&#10;java.lang.Thread.State: WAITING (on object monitor)&#10;        at sun.misc.Unsafe.park(Native Method)&#10;        at java.util.concurrent.locks.LockSupport.park(LockSupport.java:175)&#10;        at java.util.concurrent.locks.AbstractQueuedSynchronizer$ConditionObject.await(AbstractQueuedSynchronizer.java:2039)&#10;        at java.util.concurrent.ArrayBlockingQueue.take(ArrayBlockingQueue.java:403)&#10;        at java.util.concurrent.ThreadPoolExecutor.getTask(ThreadPoolExecutor.java:1074)&#10;        at java.util.concurrent.ThreadPoolExecutor.runWorker(ThreadPoolExecutor.java:1134)&#10;        at java.util.concurrent.ThreadPoolExecutor$Worker.run(ThreadPoolExecutor.java:624)&#10;        at java.lang.Thread.run(Thread.java:748)&#10;&quot;pool-36-thread-16&quot;  prio=5 tid=385 in Object.wait()&#10;java.lang.Thread.State: WAITING (on object monitor)&#10;        at sun.misc.Unsafe.park(Native Method)&#10;        at java.util.concurrent.locks.LockSupport.park(LockSupport.java:175)&#10;        at java.util.concurrent.locks.AbstractQueuedSynchronizer$ConditionObject.await(AbstractQueuedSynchronizer.java:2039)&#10;        at java.util.concurrent.ArrayBlockingQueue.take(ArrayBlockingQueue.java:403)&#10;        at java.util.concurrent.ThreadPoolExecutor.getTask(ThreadPoolExecutor.java:1074)&#10;        at java.util.concurrent.ThreadPoolExecutor.runWorker(ThreadPoolExecutor.java:1134)&#10;        at java.util.concurrent.ThreadPoolExecutor$Worker.run(ThreadPoolExecutor.java:624)&#10;        at java.lang.Thread.run(Thread.java:748)&#10;&quot;pool-76-thread-24&quot;  prio=5 tid=675 in Object.wait()&#10;java.lang.Thread.State: WAITING (on object monitor)&#10;        at sun.misc.Unsafe.park(Native Method)&#10;        at java.util.concurrent.locks.LockSupport.park(LockSupport.java:175)&#10;        at java.util.concurrent.locks.AbstractQueuedSynchronizer$ConditionObject.await(AbstractQueuedSynchronizer.java:2039)&#10;        at java.util.concurrent.ArrayBlockingQueue.take(ArrayBlockingQueue.java:403)&#10;        at java.util.concurrent.ThreadPoolExecutor.getTask(ThreadPoolExecutor.java:1074)&#10;        at java.util.concurrent.ThreadPoolExecutor.runWorker(ThreadPoolExecutor.java:1134)&#10;        at java.util.concurrent.ThreadPoolExecutor$Worker.run(ThreadPoolExecutor.java:624)&#10;        at java.lang.Thread.run(Thread.java:748)&#10;&quot;IPC Server handler 10 on 44783&quot; daemon prio=5 tid=125 timed_waiting&#10;java.lang.Thread.State: TIMED_WAITING&#10;        at sun.misc.Unsafe.park(Native Method)&#10;        at java.util.concurrent.locks.LockSupport.parkNanos(LockSupport.java:215)&#10;        at java.util.concurrent.locks.AbstractQueuedSynchronizer$ConditionObject.awaitNanos(AbstractQueuedSynchronizer.java:2078)&#10;        at java.util.concurrent.LinkedBlockingQueue.poll(LinkedBlockingQueue.java:467)&#10;        at org.apache.hadoop.ipc.CallQueueManager.take(CallQueueManager.java:288)&#10;        at org.apache.hadoop.ipc.Server$Handler.run(Server.java:2668)&#10;&quot;Timer for &apos;StorageContainerManager&apos; metrics system&quot; daemon prio=5 tid=27 timed_waiting&#10;java.lang.Thread.State: TIMED_WAITING&#10;        at java.lang.Object.wait(Native Method)&#10;        at java.util.TimerThread.mainLoop(Timer.java:552)&#10;        at java.util.TimerThread.run(Timer.java:505)&#10;&quot;pool-36-thread-9&quot;  prio=5 tid=364 in Object.wait()&#10;java.lang.Thread.State: WAITING (on object monitor)&#10;        at sun.misc.Unsafe.park(Native Method)&#10;        at java.util.concurrent.locks.LockSupport.park(LockSupport.java:175)&#10;        at java.util.concurrent.locks.AbstractQueuedSynchronizer$ConditionObject.await(AbstractQueuedSynchronizer.java:2039)&#10;        at java.util.concurrent.ArrayBlockingQueue.take(ArrayBlockingQueue.java:403)&#10;        at java.util.concurrent.ThreadPoolExecutor.getTask(ThreadPoolExecutor.java:1074)&#10;        at java.util.concurrent.ThreadPoolExecutor.runWorker(ThreadPoolExecutor.java:1134)&#10;        at java.util.concurrent.ThreadPoolExecutor$Worker.run(ThreadPoolExecutor.java:624)&#10;        at java.lang.Thread.run(Thread.java:748)&#10;&quot;pool-57-thread-1&quot;  prio=5 tid=847 in Object.wait()&#10;java.lang.Thread.State: WAITING (on object monitor)&#10;        at sun.misc.Unsafe.park(Native Method)&#10;        at java.util.concurrent.locks.LockSupport.park(LockSupport.java:175)&#10;        at java.util.concurrent.locks.AbstractQueuedSynchronizer$ConditionObject.await(AbstractQueuedSynchronizer.java:2039)&#10;        at java.util.concurrent.LinkedBlockingQueue.take(LinkedBlockingQueue.java:442)&#10;        at java.util.concurrent.ThreadPoolExecutor.getTask(ThreadPoolExecutor.java:1074)&#10;        at java.util.concurrent.ThreadPoolExecutor.runWorker(ThreadPoolExecutor.java:1134)&#10;        at java.util.concurrent.ThreadPoolExecutor$Worker.run(ThreadPoolExecutor.java:624)&#10;        at java.lang.Thread.run(Thread.java:748)&#10;&quot;qtp721395199-274&quot; daemon prio=5 tid=274 timed_waiting&#10;java.lang.Thread.State: TIMED_WAITING&#10;        at sun.misc.Unsafe.park(Native Method)&#10;        at java.util.concurrent.locks.LockSupport.parkNanos(LockSupport.java:215)&#10;        at java.util.concurrent.locks.AbstractQueuedSynchronizer$ConditionObject.awaitNanos(AbstractQueuedSynchronizer.java:2078)&#10;        at org.eclipse.jetty.util.BlockingArrayQueue.poll(BlockingArrayQueue.java:392)&#10;        at org.eclipse.jetty.util.thread.QueuedThreadPool.idleJobPoll(QueuedThreadPool.java:563)&#10;        at org.eclipse.jetty.util.thread.QueuedThreadPool.access$800(QueuedThreadPool.java:48)&#10;        at org.eclipse.jetty.util.thread.QueuedThreadPool$2.run(QueuedThreadPool.java:626)&#10;        at java.lang.Thread.run(Thread.java:748)&#10;&quot;org.eclipse.jetty.server.session.HashSessionManager@2436ea2fTimer&quot; daemon prio=5 tid=167 timed_waiting&#10;java.lang.Thread.State: TIMED_WAITING&#10;        at sun.misc.Unsafe.park(Native Method)&#10;        at java.util.concurrent.locks.LockSupport.parkNanos(LockSupport.java:215)&#10;        at java.util.concurrent.locks.AbstractQueuedSynchronizer$ConditionObject.awaitNanos(AbstractQueuedSynchronizer.java:2078)&#10;        at java.util.concurrent.ScheduledThreadPoolExecutor$DelayedWorkQueue.take(ScheduledThreadPoolExecutor.java:1093)&#10;        at java.util.concurrent.ScheduledThreadPoolExecutor$DelayedWorkQueue.take(ScheduledThreadPoolExecutor.java:809)&#10;        at java.util.concurrent.ThreadPoolExecutor.getTask(ThreadPoolExecutor.java:1074)&#10;        at java.util.concurrent.ThreadPoolExecutor.runWorker(ThreadPoolExecutor.java:1134)&#10;        at java.util.concurrent.ThreadPoolExecutor$Worker.run(ThreadPoolExecutor.java:624)&#10;        at java.lang.Thread.run(Thread.java:748)&#10;&quot;pool-36-thread-11&quot;  prio=5 tid=370 in Object.wait()&#10;java.lang.Thread.State: WAITING (on object monitor)&#10;        at sun.misc.Unsafe.park(Native Method)&#10;        at java.util.concurrent.locks.LockSupport.park(LockSupport.java:175)&#10;        at java.util.concurrent.locks.AbstractQueuedSynchronizer$ConditionObject.await(AbstractQueuedSynchronizer.java:2039)&#10;        at java.util.concurrent.ArrayBlockingQueue.take(ArrayBlockingQueue.java:403)&#10;        at java.util.concurrent.ThreadPoolExecutor.getTask(ThreadPoolExecutor.java:1074)&#10;        at java.util.concurrent.ThreadPoolExecutor.runWorker(ThreadPoolExecutor.java:1134)&#10;        at java.util.concurrent.ThreadPoolExecutor$Worker.run(ThreadPoolExecutor.java:624)&#10;        at java.lang.Thread.run(Thread.java:748)&#10;&quot;pool-56-thread-3&quot;  prio=5 tid=523 in Object.wait()&#10;java.lang.Thread.State: WAITING (on object monitor)&#10;        at sun.misc.Unsafe.park(Native Method)&#10;        at java.util.concurrent.locks.LockSupport.park(LockSupport.java:175)&#10;        at java.util.concurrent.locks.AbstractQueuedSynchronizer$ConditionObject.await(AbstractQueuedSynchronizer.java:2039)&#10;        at java.util.concurrent.ArrayBlockingQueue.take(ArrayBlockingQueue.java:403)&#10;        at java.util.concurrent.ThreadPoolExecutor.getTask(ThreadPoolExecutor.java:1074)&#10;        at java.util.concurrent.ThreadPoolExecutor.runWorker(ThreadPoolExecutor.java:1134)&#10;        at java.util.concurrent.ThreadPoolExecutor$Worker.run(ThreadPoolExecutor.java:624)&#10;        at java.lang.Thread.run(Thread.java:748)&#10;&quot;988115cd-21c9-4558-b198-f2cedd98ccf3@group-20BE3FF63202-StateMachineUpdater&quot; daemon prio=5 tid=1025 in Object.wait()&#10;java.lang.Thread.State: WAITING (on object monitor)&#10;        at java.lang.Object.wait(Native Method)&#10;        at java.lang.Object.wait(Object.java:502)&#10;        at org.apache.ratis.server.impl.StateMachineUpdater.waitForCommit(StateMachineUpdater.java:194)&#10;        at org.apache.ratis.server.impl.StateMachineUpdater.run(StateMachineUpdater.java:159)&#10;        at java.lang.Thread.run(Thread.java:748)&#10;&quot;metrics-hadoop-metrics2-reporter-72-thread-1&quot; daemon prio=5 tid=1110 timed_waiting&#10;java.lang.Thread.State: TIMED_WAITING&#10;        at sun.misc.Unsafe.park(Native Method)&#10;        at java.util.concurrent.locks.LockSupport.parkNanos(LockSupport.java:215)&#10;        at java.util.concurrent.locks.AbstractQueuedSynchronizer$ConditionObject.awaitNanos(AbstractQueuedSynchronizer.java:2078)&#10;        at java.util.concurrent.ScheduledThreadPoolExecutor$DelayedWorkQueue.take(ScheduledThreadPoolExecutor.java:1093)&#10;        at java.util.concurrent.ScheduledThreadPoolExecutor$DelayedWorkQueue.take(ScheduledThreadPoolExecutor.java:809)&#10;        at java.util.concurrent.ThreadPoolExecutor.getTask(ThreadPoolExecutor.java:1074)&#10;        at java.util.concurrent.ThreadPoolExecutor.runWorker(ThreadPoolExecutor.java:1134)&#10;        at java.util.concurrent.ThreadPoolExecutor$Worker.run(ThreadPoolExecutor.java:624)&#10;        at java.lang.Thread.run(Thread.java:748)&#10;&quot;pool-56-thread-7&quot;  prio=5 tid=527 in Object.wait()&#10;java.lang.Thread.State: WAITING (on object monitor)&#10;        at sun.misc.Unsafe.park(Native Method)&#10;        at java.util.concurrent.locks.LockSupport.park(LockSupport.java:175)&#10;        at java.util.concurrent.locks.AbstractQueuedSynchronizer$ConditionObject.await(AbstractQueuedSynchronizer.java:2039)&#10;        at java.util.concurrent.ArrayBlockingQueue.take(ArrayBlockingQueue.java:403)&#10;        at java.util.concurrent.ThreadPoolExecutor.getTask(ThreadPoolExecutor.java:1074)&#10;        at java.util.concurrent.ThreadPoolExecutor.runWorker(ThreadPoolExecutor.java:1134)&#10;        at java.util.concurrent.ThreadPoolExecutor$Worker.run(ThreadPoolExecutor.java:624)&#10;        at java.lang.Thread.run(Thread.java:748)&#10;&quot;qtp1168956689-328&quot; daemon prio=5 tid=328 timed_waiting&#10;java.lang.Thread.State: TIMED_WAITING&#10;        at sun.misc.Unsafe.park(Native Method)&#10;        at java.util.concurrent.locks.LockSupport.parkNanos(LockSupport.java:215)&#10;        at java.util.concurrent.locks.AbstractQueuedSynchronizer$ConditionObject.awaitNanos(AbstractQueuedSynchronizer.java:2078)&#10;        at org.eclipse.jetty.util.BlockingArrayQueue.poll(BlockingArrayQueue.java:392)&#10;        at org.eclipse.jetty.util.thread.QueuedThreadPool.idleJobPoll(QueuedThreadPool.java:563)&#10;        at org.eclipse.jetty.util.thread.QueuedThreadPool.access$800(QueuedThreadPool.java:48)&#10;        at org.eclipse.jetty.util.thread.QueuedThreadPool$2.run(QueuedThreadPool.java:626)&#10;        at java.lang.Thread.run(Thread.java:748)&#10;&quot;pool-66-thread-37&quot;  prio=5 tid=617 in Object.wait()&#10;java.lang.Thread.State: WAITING (on object monitor)&#10;        at sun.misc.Unsafe.park(Native Method)&#10;        at java.util.concurrent.locks.LockSupport.park(LockSupport.java:175)&#10;        at java.util.concurrent.locks.AbstractQueuedSynchronizer$ConditionObject.await(AbstractQueuedSynchronizer.java:2039)&#10;        at java.util.concurrent.ArrayBlockingQueue.take(ArrayBlockingQueue.java:403)&#10;        at java.util.concurrent.ThreadPoolExecutor.getTask(ThreadPoolExecutor.java:1074)&#10;        at java.util.concurrent.ThreadPoolExecutor.runWorker(ThreadPoolExecutor.java:1134)&#10;        at java.util.concurrent.ThreadPoolExecutor$Worker.run(ThreadPoolExecutor.java:624)&#10;        at java.lang.Thread.run(Thread.java:748)&#10;&quot;metrics-hadoop-metrics2-reporter-36-thread-1&quot; daemon prio=5 tid=883 timed_waiting&#10;java.lang.Thread.State: TIMED_WAITING&#10;        at sun.misc.Unsafe.park(Native Method)&#10;        at java.util.concurrent.locks.LockSupport.parkNanos(LockSupport.java:215)&#10;        at java.util.concurrent.locks.AbstractQueuedSynchronizer$ConditionObject.awaitNanos(AbstractQueuedSynchronizer.java:2078)&#10;        at java.util.concurrent.ScheduledThreadPoolExecutor$DelayedWorkQueue.take(ScheduledThreadPoolExecutor.java:1093)&#10;        at java.util.concurrent.ScheduledThreadPoolExecutor$DelayedWorkQueue.take(ScheduledThreadPoolExecutor.java:809)&#10;        at java.util.concurrent.ThreadPoolExecutor.getTask(ThreadPoolExecutor.java:1074)&#10;        at java.util.concurrent.ThreadPoolExecutor.runWorker(ThreadPoolExecutor.java:1134)&#10;        at java.util.concurrent.ThreadPoolExecutor$Worker.run(ThreadPoolExecutor.java:624)&#10;        at java.lang.Thread.run(Thread.java:748)&#10;&quot;Command processor thread&quot; daemon prio=5 tid=337 timed_waiting&#10;java.lang.Thread.State: TIMED_WAITING&#10;        at java.lang.Thread.sleep(Native Method)&#10;        at org.apache.hadoop.ozone.container.common.statemachine.DatanodeStateMachine.lambda$initCommandHandlerThread$1(DatanodeStateMachine.java:439)&#10;        at org.apache.hadoop.ozone.container.common.statemachine.DatanodeStateMachine$$Lambda$141/459692644.run(Unknown Source)&#10;        at java.lang.Thread.run(Thread.java:748)&#10;&quot;pool-86-thread-26&quot;  prio=5 tid=739 in Object.wait()&#10;java.lang.Thread.State: WAITING (on object monitor)&#10;        at sun.misc.Unsafe.park(Native Method)&#10;        at java.util.concurrent.locks.LockSupport.park(LockSupport.java:175)&#10;        at java.util.concurrent.locks.AbstractQueuedSynchronizer$ConditionObject.await(AbstractQueuedSynchronizer.java:2039)&#10;        at java.util.concurrent.ArrayBlockingQueue.take(ArrayBlockingQueue.java:403)&#10;        at java.util.concurrent.ThreadPoolExecutor.getTask(ThreadPoolExecutor.java:1074)&#10;        at java.util.concurrent.ThreadPoolExecutor.runWorker(ThreadPoolExecutor.java:1134)&#10;        at java.util.concurrent.ThreadPoolExecutor$Worker.run(ThreadPoolExecutor.java:624)&#10;        at java.lang.Thread.run(Thread.java:748)&#10;&quot;EventQueue-NodeRegistrationContainerReportForContainerSafeModeRule&quot; daemon prio=5 tid=779 in Object.wait()&#10;java.lang.Thread.State: WAITING (on object monitor)&#10;        at sun.misc.Unsafe.park(Native Method)&#10;        at java.util.concurrent.locks.LockSupport.park(LockSupport.java:175)&#10;        at java.util.concurrent.locks.AbstractQueuedSynchronizer$ConditionObject.await(AbstractQueuedSynchronizer.java:2039)&#10;        at java.util.concurrent.LinkedBlockingQueue.take(LinkedBlockingQueue.java:442)&#10;        at java.util.concurrent.ThreadPoolExecutor.getTask(ThreadPoolExecutor.java:1074)&#10;        at java.util.concurrent.ThreadPoolExecutor.runWorker(ThreadPoolExecutor.java:1134)&#10;        at java.util.concurrent.ThreadPoolExecutor$Worker.run(ThreadPoolExecutor.java:624)&#10;        at java.lang.Thread.run(Thread.java:748)&#10;&quot;Signal Dispatcher&quot; daemon prio=9 tid=4 runnable&#10;java.lang.Thread.State: RUNNABLE&#10;&quot;refreshUsed-/workdir/hadoop-ozone/integration-test/target/test-dir/MiniOzoneClusterImpl-f68115de-5278-4c94-9b3d-9176cb3c0071/datanode-3/data/containers&quot; daemon prio=5 tid=235 timed_waiting&#10;java.lang.Thread.State: TIMED_WAITING&#10;        at java.lang.Thread.sleep(Native Method)&#10;        at org.apache.hadoop.fs.CachingGetSpaceUsed$RefreshThread.run(CachingGetSpaceUsed.java:179)&#10;        at java.lang.Thread.run(Thread.java:748)&#10;&quot;f7ab671b-901b-4a48-a9a9-f6c73ab18394@group-AFD3E3A39739-StateMachineUpdater&quot; daemon prio=5 tid=1052 in Object.wait()&#10;java.lang.Thread.State: WAITING (on object monitor)&#10;        at java.lang.Object.wait(Native Method)&#10;        at java.lang.Object.wait(Object.java:502)&#10;        at org.apache.ratis.server.impl.StateMachineUpdater.waitForCommit(StateMachineUpdater.java:194)&#10;        at org.apache.ratis.server.impl.StateMachineUpdater.run(StateMachineUpdater.java:159)&#10;        at java.lang.Thread.run(Thread.java:748)&#10;&quot;Socket Reader #1 for port 36674&quot;  prio=5 tid=15 runnable&#10;java.lang.Thread.State: RUNNABLE&#10;        at sun.nio.ch.EPollArrayWrapper.epollWait(Native Method)&#10;        at sun.nio.ch.EPollArrayWrapper.poll(EPollArrayWrapper.java:269)&#10;        at sun.nio.ch.EPollSelectorImpl.doSelect(EPollSelectorImpl.java:93)&#10;        at sun.nio.ch.SelectorImpl.lockAndDoSelect(SelectorImpl.java:86)&#10;        at sun.nio.ch.SelectorImpl.select(SelectorImpl.java:97)&#10;        at sun.nio.ch.SelectorImpl.select(SelectorImpl.java:101)&#10;        at org.apache.hadoop.ipc.Server$Listener$Reader.doRunLoop(Server.java:1097)&#10;        at org.apache.hadoop.ipc.Server$Listener$Reader.run(Server.java:1076)&#10;&quot;pool-36-thread-51&quot;  prio=5 tid=496 in Object.wait()&#10;java.lang.Thread.State: WAITING (on object monitor)&#10;        at sun.misc.Unsafe.park(Native Method)&#10;        at java.util.concurrent.locks.LockSupport.park(LockSupport.java:175)&#10;        at java.util.concurrent.locks.AbstractQueuedSynchronizer$ConditionObject.await(AbstractQueuedSynchronizer.java:2039)&#10;        at java.util.concurrent.ArrayBlockingQueue.take(ArrayBlockingQueue.java:403)&#10;        at java.util.concurrent.ThreadPoolExecutor.getTask(ThreadPoolExecutor.java:1074)&#10;        at java.util.concurrent.ThreadPoolExecutor.runWorker(ThreadPoolExecutor.java:1134)&#10;        at java.util.concurrent.ThreadPoolExecutor$Worker.run(ThreadPoolExecutor.java:624)&#10;        at java.lang.Thread.run(Thread.java:748)&#10;&quot;qtp820627987-166&quot; daemon prio=5 tid=166 timed_waiting&#10;java.lang.Thread.State: TIMED_WAITING&#10;        at sun.misc.Unsafe.park(Native Method)&#10;        at java.util.concurrent.locks.LockSupport.parkNanos(LockSupport.java:215)&#10;        at java.util.concurrent.locks.AbstractQueuedSynchronizer$ConditionObject.awaitNanos(AbstractQueuedSynchronizer.java:2078)&#10;        at org.eclipse.jetty.util.BlockingArrayQueue.poll(BlockingArrayQueue.java:392)&#10;        at org.eclipse.jetty.util.thread.QueuedThreadPool.idleJobPoll(QueuedThreadPool.java:563)&#10;        at org.eclipse.jetty.util.thread.QueuedThreadPool.access$800(QueuedThreadPool.java:48)&#10;        at org.eclipse.jetty.util.thread.QueuedThreadPool$2.run(QueuedThreadPool.java:626)&#10;        at java.lang.Thread.run(Thread.java:748)&#10;&quot;pool-26-thread-12&quot;  prio=5 tid=371 in Object.wait()&#10;java.lang.Thread.State: WAITING (on object monitor)&#10;        at sun.misc.Unsafe.park(Native Method)&#10;        at java.util.concurrent.locks.LockSupport.park(LockSupport.java:175)&#10;        at java.util.concurrent.locks.AbstractQueuedSynchronizer$ConditionObject.await(AbstractQueuedSynchronizer.java:2039)&#10;        at java.util.concurrent.ArrayBlockingQueue.take(ArrayBlockingQueue.java:403)&#10;        at java.util.concurrent.ThreadPoolExecutor.getTask(ThreadPoolExecutor.java:1074)&#10;        at java.util.concurrent.ThreadPoolExecutor.runWorker(ThreadPoolExecutor.java:1134)&#10;        at java.util.concurrent.ThreadPoolExecutor$Worker.run(ThreadPoolExecutor.java:624)&#10;        at java.lang.Thread.run(Thread.java:748)&#10;&quot;pool-66-thread-58&quot;  prio=5 tid=638 in Object.wait()&#10;java.lang.Thread.State: WAITING (on object monitor)&#10;        at sun.misc.Unsafe.park(Native Method)&#10;        at java.util.concurrent.locks.LockSupport.park(LockSupport.java:175)&#10;        at java.util.concurrent.locks.AbstractQueuedSynchronizer$ConditionObject.await(AbstractQueuedSynchronizer.java:2039)&#10;        at java.util.concurrent.ArrayBlockingQueue.take(ArrayBlockingQueue.java:403)&#10;        at java.util.concurrent.ThreadPoolExecutor.getTask(ThreadPoolExecutor.java:1074)&#10;        at java.util.concurrent.ThreadPoolExecutor.runWorker(ThreadPoolExecutor.java:1134)&#10;        at java.util.concurrent.ThreadPoolExecutor$Worker.run(ThreadPoolExecutor.java:624)&#10;        at java.lang.Thread.run(Thread.java:748)&#10;&quot;pool-66-thread-22&quot;  prio=5 tid=602 in Object.wait()&#10;java.lang.Thread.State: WAITING (on object monitor)&#10;        at sun.misc.Unsafe.park(Native Method)&#10;        at java.util.concurrent.locks.LockSupport.park(LockSupport.java:175)&#10;        at java.util.concurrent.locks.AbstractQueuedSynchronizer$ConditionObject.await(AbstractQueuedSynchronizer.java:2039)&#10;        at java.util.concurrent.ArrayBlockingQueue.take(ArrayBlockingQueue.java:403)&#10;        at java.util.concurrent.ThreadPoolExecutor.getTask(ThreadPoolExecutor.java:1074)&#10;        at java.util.concurrent.ThreadPoolExecutor.runWorker(ThreadPoolExecutor.java:1134)&#10;        at java.util.concurrent.ThreadPoolExecutor$Worker.run(ThreadPoolExecutor.java:624)&#10;        at java.lang.Thread.run(Thread.java:748)&#10;&quot;pool-56-thread-50&quot;  prio=5 tid=570 in Object.wait()&#10;java.lang.Thread.State: WAITING (on object monitor)&#10;        at sun.misc.Unsafe.park(Native Method)&#10;        at java.util.concurrent.locks.LockSupport.park(LockSupport.java:175)&#10;        at java.util.concurrent.locks.AbstractQueuedSynchronizer$ConditionObject.await(AbstractQueuedSynchronizer.java:2039)&#10;        at java.util.concurrent.ArrayBlockingQueue.take(ArrayBlockingQueue.java:403)&#10;        at java.util.concurrent.ThreadPoolExecutor.getTask(ThreadPoolExecutor.java:1074)&#10;        at java.util.concurrent.ThreadPoolExecutor.runWorker(ThreadPoolExecutor.java:1134)&#10;        at java.util.concurrent.ThreadPoolExecutor$Worker.run(ThreadPoolExecutor.java:624)&#10;        at java.lang.Thread.run(Thread.java:748)&#10;&quot;KeyDeletingService#1&quot; daemon prio=5 tid=121 in Object.wait()&#10;java.lang.Thread.State: WAITING (on object monitor)&#10;        at sun.misc.Unsafe.park(Native Method)&#10;        at java.util.concurrent.locks.LockSupport.park(LockSupport.java:175)&#10;        at java.util.concurrent.locks.AbstractQueuedSynchronizer$ConditionObject.await(AbstractQueuedSynchronizer.java:2039)&#10;        at java.util.concurrent.ScheduledThreadPoolExecutor$DelayedWorkQueue.take(ScheduledThreadPoolExecutor.java:1088)&#10;        at java.util.concurrent.ScheduledThreadPoolExecutor$DelayedWorkQueue.take(ScheduledThreadPoolExecutor.java:809)&#10;        at java.util.concurrent.ThreadPoolExecutor.getTask(ThreadPoolExecutor.java:1074)&#10;        at java.util.concurrent.ThreadPoolExecutor.runWorker(ThreadPoolExecutor.java:1134)&#10;        at java.util.concurrent.ThreadPoolExecutor$Worker.run(ThreadPoolExecutor.java:624)&#10;        at java.lang.Thread.run(Thread.java:748)&#10;&quot;Datanode ReportManager Thread - 3&quot; daemon prio=5 tid=201 in Object.wait()&#10;java.lang.Thread.State: WAITING (on object monitor)&#10;        at sun.misc.Unsafe.park(Native Method)&#10;        at java.util.concurrent.locks.LockSupport.park(LockSupport.java:175)&#10;        at java.util.concurrent.locks.AbstractQueuedSynchronizer$ConditionObject.await(AbstractQueuedSynchronizer.java:2039)&#10;        at java.util.concurrent.ScheduledThreadPoolExecutor$DelayedWorkQueue.take(ScheduledThreadPoolExecutor.java:1088)&#10;        at java.util.concurrent.ScheduledThreadPoolExecutor$DelayedWorkQueue.take(ScheduledThreadPoolExecutor.java:809)&#10;        at java.util.concurrent.ThreadPoolExecutor.getTask(ThreadPoolExecutor.java:1074)&#10;        at java.util.concurrent.ThreadPoolExecutor.runWorker(ThreadPoolExecutor.java:1134)&#10;        at java.util.concurrent.ThreadPoolExecutor$Worker.run(ThreadPoolExecutor.java:624)&#10;        at java.lang.Thread.run(Thread.java:748)&#10;&quot;pool-86-thread-40&quot;  prio=5 tid=753 in Object.wait()&#10;java.lang.Thread.State: WAITING (on object monitor)&#10;        at sun.misc.Unsafe.park(Native Method)&#10;        at java.util.concurrent.locks.LockSupport.park(LockSupport.java:175)&#10;        at java.util.concurrent.locks.AbstractQueuedSynchronizer$ConditionObject.await(AbstractQueuedSynchronizer.java:2039)&#10;        at java.util.concurrent.ArrayBlockingQueue.take(ArrayBlockingQueue.java:403)&#10;        at java.util.concurrent.ThreadPoolExecutor.getTask(ThreadPoolExecutor.java:1074)&#10;        at java.util.concurrent.ThreadPoolExecutor.runWorker(ThreadPoolExecutor.java:1134)&#10;        at java.util.concurrent.ThreadPoolExecutor$Worker.run(ThreadPoolExecutor.java:624)&#10;        at java.lang.Thread.run(Thread.java:748)&#10;&quot;pool-36-thread-44&quot;  prio=5 tid=477 in Object.wait()&#10;java.lang.Thread.State: WAITING (on object monitor)&#10;        at sun.misc.Unsafe.park(Native Method)&#10;        at java.util.concurrent.locks.LockSupport.park(LockSupport.java:175)&#10;        at java.util.concurrent.locks.AbstractQueuedSynchronizer$ConditionObject.await(AbstractQueuedSynchronizer.java:2039)&#10;        at java.util.concurrent.ArrayBlockingQueue.take(ArrayBlockingQueue.java:403)&#10;        at java.util.concurrent.ThreadPoolExecutor.getTask(ThreadPoolExecutor.java:1074)&#10;        at java.util.concurrent.ThreadPoolExecutor.runWorker(ThreadPoolExecutor.java:1134)&#10;        at java.util.concurrent.ThreadPoolExecutor$Worker.run(ThreadPoolExecutor.java:624)&#10;        at java.lang.Thread.run(Thread.java:748)&#10;&quot;metrics-hadoop-metrics2-reporter-15-thread-1&quot; daemon prio=5 tid=827 timed_waiting&#10;java.lang.Thread.State: TIMED_WAITING&#10;        at sun.misc.Unsafe.park(Native Method)&#10;        at java.util.concurrent.locks.LockSupport.parkNanos(LockSupport.java:215)&#10;        at java.util.concurrent.locks.AbstractQueuedSynchronizer$ConditionObject.awaitNanos(AbstractQueuedSynchronizer.java:2078)&#10;        at java.util.concurrent.ScheduledThreadPoolExecutor$DelayedWorkQueue.take(ScheduledThreadPoolExecutor.java:1093)&#10;        at java.util.concurrent.ScheduledThreadPoolExecutor$DelayedWorkQueue.take(ScheduledThreadPoolExecutor.java:809)&#10;        at java.util.concurrent.ThreadPoolExecutor.getTask(ThreadPoolExecutor.java:1074)&#10;        at java.util.concurrent.ThreadPoolExecutor.runWorker(ThreadPoolExecutor.java:1134)&#10;        at java.util.concurrent.ThreadPoolExecutor$Worker.run(ThreadPoolExecutor.java:624)&#10;        at java.lang.Thread.run(Thread.java:748)&#10;&quot;pool-36-thread-26&quot;  prio=5 tid=419 in Object.wait()&#10;java.lang.Thread.State: WAITING (on object monitor)&#10;        at sun.misc.Unsafe.park(Native Method)&#10;        at java.util.concurrent.locks.LockSupport.park(LockSupport.java:175)&#10;        at java.util.concurrent.locks.AbstractQueuedSynchronizer$ConditionObject.await(AbstractQueuedSynchronizer.java:2039)&#10;        at java.util.concurrent.ArrayBlockingQueue.take(ArrayBlockingQueue.java:403)&#10;        at java.util.concurrent.ThreadPoolExecutor.getTask(ThreadPoolExecutor.java:1074)&#10;        at java.util.concurrent.ThreadPoolExecutor.runWorker(ThreadPoolExecutor.java:1134)&#10;        at java.util.concurrent.ThreadPoolExecutor$Worker.run(ThreadPoolExecutor.java:624)&#10;        at java.lang.Thread.run(Thread.java:748)&#10;&quot;BlockDeletingService#1&quot; daemon prio=5 tid=649 in Object.wait()&#10;java.lang.Thread.State: WAITING (on object monitor)&#10;        at sun.misc.Unsafe.park(Native Method)&#10;        at java.util.concurrent.locks.LockSupport.park(LockSupport.java:175)&#10;        at java.util.concurrent.locks.AbstractQueuedSynchronizer$ConditionObject.await(AbstractQueuedSynchronizer.java:2039)&#10;        at java.util.concurrent.ScheduledThreadPoolExecutor$DelayedWorkQueue.take(ScheduledThreadPoolExecutor.java:1088)&#10;        at java.util.concurrent.ScheduledThreadPoolExecutor$DelayedWorkQueue.take(ScheduledThreadPoolExecutor.java:809)&#10;        at java.util.concurrent.ThreadPoolExecutor.getTask(ThreadPoolExecutor.java:1074)&#10;        at java.util.concurrent.ThreadPoolExecutor.runWorker(ThreadPoolExecutor.java:1134)&#10;        at java.util.concurrent.ThreadPoolExecutor$Worker.run(ThreadPoolExecutor.java:624)&#10;        at java.lang.Thread.run(Thread.java:748)&#10;&quot;IPC Server listener on 45589&quot; daemon prio=5 tid=22 runnable&#10;java.lang.Thread.State: RUNNABLE&#10;        at sun.nio.ch.EPollArrayWrapper.epollWait(Native Method)&#10;        at sun.nio.ch.EPollArrayWrapper.poll(EPollArrayWrapper.java:269)&#10;        at sun.nio.ch.EPollSelectorImpl.doSelect(EPollSelectorImpl.java:93)&#10;        at sun.nio.ch.SelectorImpl.lockAndDoSelect(SelectorImpl.java:86)&#10;        at sun.nio.ch.SelectorImpl.select(SelectorImpl.java:97)&#10;        at sun.nio.ch.SelectorImpl.select(SelectorImpl.java:101)&#10;        at org.apache.hadoop.ipc.Server$Listener.run(Server.java:1159)&#10;&quot;pool-26-thread-18&quot;  prio=5 tid=391 in Object.wait()&#10;java.lang.Thread.State: WAITING (on object monitor)&#10;        at sun.misc.Unsafe.park(Native Method)&#10;        at java.util.concurrent.locks.LockSupport.park(LockSupport.java:175)&#10;        at java.util.concurrent.locks.AbstractQueuedSynchronizer$ConditionObject.await(AbstractQueuedSynchronizer.java:2039)&#10;        at java.util.concurrent.ArrayBlockingQueue.take(ArrayBlockingQueue.java:403)&#10;        at java.util.concurrent.ThreadPoolExecutor.getTask(ThreadPoolExecutor.java:1074)&#10;        at java.util.concurrent.ThreadPoolExecutor.runWorker(ThreadPoolExecutor.java:1134)&#10;        at java.util.concurrent.ThreadPoolExecutor$Worker.run(ThreadPoolExecutor.java:624)&#10;        at java.lang.Thread.run(Thread.java:748)&#10;&quot;pool-46-thread-21&quot;  prio=5 tid=405 in Object.wait()&#10;java.lang.Thread.State: WAITING (on object monitor)&#10;        at sun.misc.Unsafe.park(Native Method)&#10;        at java.util.concurrent.locks.LockSupport.park(LockSupport.java:175)&#10;        at java.util.concurrent.locks.AbstractQueuedSynchronizer$ConditionObject.await(AbstractQueuedSynchronizer.java:2039)&#10;        at java.util.concurrent.ArrayBlockingQueue.take(ArrayBlockingQueue.java:403)&#10;        at java.util.concurrent.ThreadPoolExecutor.getTask(ThreadPoolExecutor.java:1074)&#10;        at java.util.concurrent.ThreadPoolExecutor.runWorker(ThreadPoolExecutor.java:1134)&#10;        at java.util.concurrent.ThreadPoolExecutor$Worker.run(ThreadPoolExecutor.java:624)&#10;        at java.lang.Thread.run(Thread.java:748)&#10;&quot;BlockDeletingService#0&quot; daemon prio=5 tid=646 timed_waiting&#10;java.lang.Thread.State: TIMED_WAITING&#10;        at sun.misc.Unsafe.park(Native Method)&#10;        at java.util.concurrent.locks.LockSupport.parkNanos(LockSupport.java:215)&#10;        at java.util.concurrent.locks.AbstractQueuedSynchronizer$ConditionObject.awaitNanos(AbstractQueuedSynchronizer.java:2078)&#10;        at java.util.concurrent.ScheduledThreadPoolExecutor$DelayedWorkQueue.take(ScheduledThreadPoolExecutor.java:1093)&#10;        at java.util.concurrent.ScheduledThreadPoolExecutor$DelayedWorkQueue.take(ScheduledThreadPoolExecutor.java:809)&#10;        at java.util.concurrent.ThreadPoolExecutor.getTask(ThreadPoolExecutor.java:1074)&#10;        at java.util.concurrent.ThreadPoolExecutor.runWorker(ThreadPoolExecutor.java:1134)&#10;        at java.util.concurrent.ThreadPoolExecutor$Worker.run(ThreadPoolExecutor.java:624)&#10;        at java.lang.Thread.run(Thread.java:748)&#10;&quot;pool-66-thread-1&quot;  prio=5 tid=581 in Object.wait()&#10;java.lang.Thread.State: WAITING (on object monitor)&#10;        at sun.misc.Unsafe.park(Native Method)&#10;        at java.util.concurrent.locks.LockSupport.park(LockSupport.java:175)&#10;        at java.util.concurrent.locks.AbstractQueuedSynchronizer$ConditionObject.await(AbstractQueuedSynchronizer.java:2039)&#10;        at java.util.concurrent.ArrayBlockingQueue.take(ArrayBlockingQueue.java:403)&#10;        at java.util.concurrent.ThreadPoolExecutor.getTask(ThreadPoolExecutor.java:1074)&#10;        at java.util.concurrent.ThreadPoolExecutor.runWorker(ThreadPoolExecutor.java:1134)&#10;        at java.util.concurrent.ThreadPoolExecutor$Worker.run(ThreadPoolExecutor.java:624)&#10;        at java.lang.Thread.run(Thread.java:748)&#10;&quot;BlockDeletingService#0&quot; daemon prio=5 tid=642 timed_waiting&#10;java.lang.Thread.State: TIMED_WAITING&#10;        at sun.misc.Unsafe.park(Native Method)&#10;        at java.util.concurrent.locks.LockSupport.parkNanos(LockSupport.java:215)&#10;        at java.util.concurrent.locks.AbstractQueuedSynchronizer$ConditionObject.awaitNanos(AbstractQueuedSynchronizer.java:2078)&#10;        at java.util.concurrent.ScheduledThreadPoolExecutor$DelayedWorkQueue.take(ScheduledThreadPoolExecutor.java:1093)&#10;        at java.util.concurrent.ScheduledThreadPoolExecutor$DelayedWorkQueue.take(ScheduledThreadPoolExecutor.java:809)&#10;        at java.util.concurrent.ThreadPoolExecutor.getTask(ThreadPoolExecutor.java:1074)&#10;        at java.util.concurrent.ThreadPoolExecutor.runWorker(ThreadPoolExecutor.java:1134)&#10;        at java.util.concurrent.ThreadPoolExecutor$Worker.run(ThreadPoolExecutor.java:624)&#10;        at java.lang.Thread.run(Thread.java:748)&#10;&quot;pool-46-thread-22&quot;  prio=5 tid=407 in Object.wait()&#10;java.lang.Thread.State: WAITING (on object monitor)&#10;        at sun.misc.Unsafe.park(Native Method)&#10;        at java.util.concurrent.locks.LockSupport.park(LockSupport.java:175)&#10;        at java.util.concurrent.locks.AbstractQueuedSynchronizer$ConditionObject.await(AbstractQueuedSynchronizer.java:2039)&#10;        at java.util.concurrent.ArrayBlockingQueue.take(ArrayBlockingQueue.java:403)&#10;        at java.util.concurrent.ThreadPoolExecutor.getTask(ThreadPoolExecutor.java:1074)&#10;        at java.util.concurrent.ThreadPoolExecutor.runWorker(ThreadPoolExecutor.java:1134)&#10;        at java.util.concurrent.ThreadPoolExecutor$Worker.run(ThreadPoolExecutor.java:624)&#10;        at java.lang.Thread.run(Thread.java:748)&#10;&quot;pool-56-thread-32&quot;  prio=5 tid=552 in Object.wait()&#10;java.lang.Thread.State: WAITING (on object monitor)&#10;        at sun.misc.Unsafe.park(Native Method)&#10;        at java.util.concurrent.locks.LockSupport.park(LockSupport.java:175)&#10;        at java.util.concurrent.locks.AbstractQueuedSynchronizer$ConditionObject.await(AbstractQueuedSynchronizer.java:2039)&#10;        at java.util.concurrent.ArrayBlockingQueue.take(ArrayBlockingQueue.java:403)&#10;        at java.util.concurrent.ThreadPoolExecutor.getTask(ThreadPoolExecutor.java:1074)&#10;        at java.util.concurrent.ThreadPoolExecutor.runWorker(ThreadPoolExecutor.java:1134)&#10;        at java.util.concurrent.ThreadPoolExecutor$Worker.run(ThreadPoolExecutor.java:624)&#10;        at java.lang.Thread.run(Thread.java:748)&#10;&quot;metrics-hadoop-metrics2-reporter-26-thread-1&quot; daemon prio=5 tid=852 timed_waiting&#10;java.lang.Thread.State: TIMED_WAITING&#10;        at sun.misc.Unsafe.park(Native Method)&#10;        at java.util.concurrent.locks.LockSupport.parkNanos(LockSupport.java:215)&#10;        at java.util.concurrent.locks.AbstractQueuedSynchronizer$ConditionObject.awaitNanos(AbstractQueuedSynchronizer.java:2078)&#10;        at java.util.concurrent.ScheduledThreadPoolExecutor$DelayedWorkQueue.take(ScheduledThreadPoolExecutor.java:1093)&#10;        at java.util.concurrent.ScheduledThreadPoolExecutor$DelayedWorkQueue.take(ScheduledThreadPoolExecutor.java:809)&#10;        at java.util.concurrent.ThreadPoolExecutor.getTask(ThreadPoolExecutor.java:1074)&#10;        at java.util.concurrent.ThreadPoolExecutor.runWorker(ThreadPoolExecutor.java:1134)&#10;        at java.util.concurrent.ThreadPoolExecutor$Worker.run(ThreadPoolExecutor.java:624)&#10;        at java.lang.Thread.run(Thread.java:748)&#10;&quot;Datanode ReportManager Thread - 2&quot; daemon prio=5 tid=227 timed_waiting&#10;java.lang.Thread.State: TIMED_WAITING&#10;        at sun.misc.Unsafe.park(Native Method)&#10;        at java.util.concurrent.locks.LockSupport.parkNanos(LockSupport.java:215)&#10;        at java.util.concurrent.locks.AbstractQueuedSynchronizer$ConditionObject.awaitNanos(AbstractQueuedSynchronizer.java:2078)&#10;        at java.util.concurrent.ScheduledThreadPoolExecutor$DelayedWorkQueue.take(ScheduledThreadPoolExecutor.java:1093)&#10;        at java.util.concurrent.ScheduledThreadPoolExecutor$DelayedWorkQueue.take(ScheduledThreadPoolExecutor.java:809)&#10;        at java.util.concurrent.ThreadPoolExecutor.getTask(ThreadPoolExecutor.java:1074)&#10;        at java.util.concurrent.ThreadPoolExecutor.runWorker(ThreadPoolExecutor.java:1134)&#10;        at java.util.concurrent.ThreadPoolExecutor$Worker.run(ThreadPoolExecutor.java:624)&#10;        at java.lang.Thread.run(Thread.java:748)&#10;&quot;metrics-hadoop-metrics2-reporter-64-thread-1&quot; daemon prio=5 tid=1055 timed_waiting&#10;java.lang.Thread.State: TIMED_WAITING&#10;        at sun.misc.Unsafe.park(Native Method)&#10;        at java.util.concurrent.locks.LockSupport.parkNanos(LockSupport.java:215)&#10;        at java.util.concurrent.locks.AbstractQueuedSynchronizer$ConditionObject.awaitNanos(AbstractQueuedSynchronizer.java:2078)&#10;        at java.util.concurrent.ScheduledThreadPoolExecutor$DelayedWorkQueue.take(ScheduledThreadPoolExecutor.java:1093)&#10;        at java.util.concurrent.ScheduledThreadPoolExecutor$DelayedWorkQueue.take(ScheduledThreadPoolExecutor.java:809)&#10;        at java.util.concurrent.ThreadPoolExecutor.getTask(ThreadPoolExecutor.java:1074)&#10;        at java.util.concurrent.ThreadPoolExecutor.runWorker(ThreadPoolExecutor.java:1134)&#10;        at java.util.concurrent.ThreadPoolExecutor$Worker.run(ThreadPoolExecutor.java:624)&#10;        at java.lang.Thread.run(Thread.java:748)&#10;&quot;IPC Server handler 9 on 45290&quot; daemon prio=5 tid=58 timed_waiting&#10;java.lang.Thread.State: TIMED_WAITING&#10;        at sun.misc.Unsafe.park(Native Method)&#10;        at java.util.concurrent.locks.LockSupport.parkNanos(LockSupport.java:215)&#10;        at java.util.concurrent.locks.AbstractQueuedSynchronizer$ConditionObject.awaitNanos(AbstractQueuedSynchronizer.java:2078)&#10;        at java.util.concurrent.LinkedBlockingQueue.poll(LinkedBlockingQueue.java:467)&#10;        at org.apache.hadoop.ipc.CallQueueManager.take(CallQueueManager.java:288)&#10;        at org.apache.hadoop.ipc.Server$Handler.run(Server.java:2668)&#10;&quot;IPC Server handler 1 on 45290&quot; daemon prio=5 tid=50 timed_waiting&#10;java.lang.Thread.State: TIMED_WAITING&#10;        at sun.misc.Unsafe.park(Native Method)&#10;        at java.util.concurrent.locks.LockSupport.parkNanos(LockSupport.java:215)&#10;        at java.util.concurrent.locks.AbstractQueuedSynchronizer$ConditionObject.awaitNanos(AbstractQueuedSynchronizer.java:2078)&#10;        at java.util.concurrent.LinkedBlockingQueue.poll(LinkedBlockingQueue.java:467)&#10;        at org.apache.hadoop.ipc.CallQueueManager.take(CallQueueManager.java:288)&#10;        at org.apache.hadoop.ipc.Server$Handler.run(Server.java:2668)&#10;&quot;pool-66-thread-5&quot;  prio=5 tid=585 in Object.wait()&#10;java.lang.Thread.State: WAITING (on object monitor)&#10;        at sun.misc.Unsafe.park(Native Method)&#10;        at java.util.concurrent.locks.LockSupport.park(LockSupport.java:175)&#10;        at java.util.concurrent.locks.AbstractQueuedSynchronizer$ConditionObject.await(AbstractQueuedSynchronizer.java:2039)&#10;        at java.util.concurrent.ArrayBlockingQueue.take(ArrayBlockingQueue.java:403)&#10;        at java.util.concurrent.ThreadPoolExecutor.getTask(ThreadPoolExecutor.java:1074)&#10;        at java.util.concurrent.ThreadPoolExecutor.runWorker(ThreadPoolExecutor.java:1134)&#10;        at java.util.concurrent.ThreadPoolExecutor$Worker.run(ThreadPoolExecutor.java:624)&#10;        at java.lang.Thread.run(Thread.java:748)&#10;&quot;IPC Server Responder&quot; daemon prio=5 tid=110 runnable&#10;java.lang.Thread.State: RUNNABLE&#10;        at sun.nio.ch.EPollArrayWrapper.epollWait(Native Method)&#10;        at sun.nio.ch.EPollArrayWrapper.poll(EPollArrayWrapper.java:269)&#10;        at sun.nio.ch.EPollSelectorImpl.doSelect(EPollSelectorImpl.java:93)&#10;        at sun.nio.ch.SelectorImpl.lockAndDoSelect(SelectorImpl.java:86)&#10;        at sun.nio.ch.SelectorImpl.select(SelectorImpl.java:97)&#10;        at org.apache.hadoop.ipc.Server$Responder.doRunLoop(Server.java:1334)&#10;        at org.apache.hadoop.ipc.Server$Responder.run(Server.java:1317)&#10;&quot;Datanode ReportManager Thread - 2&quot; daemon prio=5 tid=335 timed_waiting&#10;java.lang.Thread.State: TIMED_WAITING&#10;        at sun.misc.Unsafe.park(Native Method)&#10;        at java.util.concurrent.locks.LockSupport.parkNanos(LockSupport.java:215)&#10;        at java.util.concurrent.locks.AbstractQueuedSynchronizer$ConditionObject.awaitNanos(AbstractQueuedSynchronizer.java:2078)&#10;        at java.util.concurrent.ScheduledThreadPoolExecutor$DelayedWorkQueue.take(ScheduledThreadPoolExecutor.java:1093)&#10;        at java.util.concurrent.ScheduledThreadPoolExecutor$DelayedWorkQueue.take(ScheduledThreadPoolExecutor.java:809)&#10;        at java.util.concurrent.ThreadPoolExecutor.getTask(ThreadPoolExecutor.java:1074)&#10;        at java.util.concurrent.ThreadPoolExecutor.runWorker(ThreadPoolExecutor.java:1134)&#10;        at java.util.concurrent.ThreadPoolExecutor$Worker.run(ThreadPoolExecutor.java:624)&#10;        at java.lang.Thread.run(Thread.java:748)&#10;&quot;pool-76-thread-5&quot;  prio=5 tid=656 in Object.wait()&#10;java.lang.Thread.State: WAITING (on object monitor)&#10;        at sun.misc.Unsafe.park(Native Method)&#10;        at java.util.concurrent.locks.LockSupport.park(LockSupport.java:175)&#10;        at java.util.concurrent.locks.AbstractQueuedSynchronizer$ConditionObject.await(AbstractQueuedSynchronizer.java:2039)&#10;        at java.util.concurrent.ArrayBlockingQueue.take(ArrayBlockingQueue.java:403)&#10;        at java.util.concurrent.ThreadPoolExecutor.getTask(ThreadPoolExecutor.java:1074)&#10;        at java.util.concurrent.ThreadPoolExecutor.runWorker(ThreadPoolExecutor.java:1134)&#10;        at java.util.concurrent.ThreadPoolExecutor$Worker.run(ThreadPoolExecutor.java:624)&#10;        at java.lang.Thread.run(Thread.java:748)&#10;&quot;metrics-hadoop-metrics2-reporter-46-thread-1&quot; daemon prio=5 tid=920 timed_waiting&#10;java.lang.Thread.State: TIMED_WAITING&#10;        at sun.misc.Unsafe.park(Native Method)&#10;        at java.util.concurrent.locks.LockSupport.parkNanos(LockSupport.java:215)&#10;        at java.util.concurrent.locks.AbstractQueuedSynchronizer$ConditionObject.awaitNanos(AbstractQueuedSynchronizer.java:2078)&#10;        at java.util.concurrent.ScheduledThreadPoolExecutor$DelayedWorkQueue.take(ScheduledThreadPoolExecutor.java:1093)&#10;        at java.util.concurrent.ScheduledThreadPoolExecutor$DelayedWorkQueue.take(ScheduledThreadPoolExecutor.java:809)&#10;        at java.util.concurrent.ThreadPoolExecutor.getTask(ThreadPoolExecutor.java:1074)&#10;        at java.util.concurrent.ThreadPoolExecutor.runWorker(ThreadPoolExecutor.java:1134)&#10;        at java.util.concurrent.ThreadPoolExecutor$Worker.run(ThreadPoolExecutor.java:624)&#10;        at java.lang.Thread.run(Thread.java:748)&#10;&quot;qtp1981708431-193&quot; daemon prio=5 tid=193 timed_waiting&#10;java.lang.Thread.State: TIMED_WAITING&#10;        at sun.misc.Unsafe.park(Native Method)&#10;        at java.util.concurrent.locks.LockSupport.parkNanos(LockSupport.java:215)&#10;        at java.util.concurrent.locks.AbstractQueuedSynchronizer$ConditionObject.awaitNanos(AbstractQueuedSynchronizer.java:2078)&#10;        at org.eclipse.jetty.util.BlockingArrayQueue.poll(BlockingArrayQueue.java:392)&#10;        at org.eclipse.jetty.util.thread.QueuedThreadPool.idleJobPoll(QueuedThreadPool.java:563)&#10;        at org.eclipse.jetty.util.thread.QueuedThreadPool.access$800(QueuedThreadPool.java:48)&#10;        at org.eclipse.jetty.util.thread.QueuedThreadPool$2.run(QueuedThreadPool.java:626)&#10;        at java.lang.Thread.run(Thread.java:748)&#10;&quot;pool-56-thread-60&quot;  prio=5 tid=580 in Object.wait()&#10;java.lang.Thread.State: WAITING (on object monitor)&#10;        at sun.misc.Unsafe.park(Native Method)&#10;        at java.util.concurrent.locks.LockSupport.park(LockSupport.java:175)&#10;        at java.util.concurrent.locks.AbstractQueuedSynchronizer$ConditionObject.await(AbstractQueuedSynchronizer.java:2039)&#10;        at java.util.concurrent.ArrayBlockingQueue.take(ArrayBlockingQueue.java:403)&#10;        at java.util.concurrent.ThreadPoolExecutor.getTask(ThreadPoolExecutor.java:1074)&#10;        at java.util.concurrent.ThreadPoolExecutor.runWorker(ThreadPoolExecutor.java:1134)&#10;        at java.util.concurrent.ThreadPoolExecutor$Worker.run(ThreadPoolExecutor.java:624)&#10;        at java.lang.Thread.run(Thread.java:748)&#10;&quot;pool-36-thread-14&quot;  prio=5 tid=379 in Object.wait()&#10;java.lang.Thread.State: WAITING (on object monitor)&#10;        at sun.misc.Unsafe.park(Native Method)&#10;        at java.util.concurrent.locks.LockSupport.park(LockSupport.java:175)&#10;        at java.util.concurrent.locks.AbstractQueuedSynchronizer$ConditionObject.await(AbstractQueuedSynchronizer.java:2039)&#10;        at java.util.concurrent.ArrayBlockingQueue.take(ArrayBlockingQueue.java:403)&#10;        at java.util.concurrent.ThreadPoolExecutor.getTask(ThreadPoolExecutor.java:1074)&#10;        at java.util.concurrent.ThreadPoolExecutor.runWorker(ThreadPoolExecutor.java:1134)&#10;        at java.util.concurrent.ThreadPoolExecutor$Worker.run(ThreadPoolExecutor.java:624)&#10;        at java.lang.Thread.run(Thread.java:748)&#10;&quot;pool-36-thread-33&quot;  prio=5 tid=445 in Object.wait()&#10;java.lang.Thread.State: WAITING (on object monitor)&#10;        at sun.misc.Unsafe.park(Native Method)&#10;        at java.util.concurrent.locks.LockSupport.park(LockSupport.java:175)&#10;        at java.util.concurrent.locks.AbstractQueuedSynchronizer$ConditionObject.await(AbstractQueuedSynchronizer.java:2039)&#10;        at java.util.concurrent.ArrayBlockingQueue.take(ArrayBlockingQueue.java:403)&#10;        at java.util.concurrent.ThreadPoolExecutor.getTask(ThreadPoolExecutor.java:1074)&#10;        at java.util.concurrent.ThreadPoolExecutor.runWorker(ThreadPoolExecutor.java:1134)&#10;        at java.util.concurrent.ThreadPoolExecutor$Worker.run(ThreadPoolExecutor.java:624)&#10;        at java.lang.Thread.run(Thread.java:748)&#10;&quot;24274e9f-e41f-4654-9afc-a783ca44e44b@group-D0DACCEEB899-StateMachineUpdater&quot; daemon prio=5 tid=805 in Object.wait()&#10;java.lang.Thread.State: WAITING (on object monitor)&#10;        at java.lang.Object.wait(Native Method)&#10;        at java.lang.Object.wait(Object.java:502)&#10;        at org.apache.ratis.server.impl.StateMachineUpdater.waitForCommit(StateMachineUpdater.java:194)&#10;        at org.apache.ratis.server.impl.StateMachineUpdater.run(StateMachineUpdater.java:159)&#10;        at java.lang.Thread.run(Thread.java:748)&#10;&quot;IPC Server handler 14 on 36674&quot; daemon prio=5 tid=83 timed_waiting&#10;java.lang.Thread.State: TIMED_WAITING&#10;        at sun.misc.Unsafe.park(Native Method)&#10;        at java.util.concurrent.locks.LockSupport.parkNanos(LockSupport.java:215)&#10;        at java.util.concurrent.locks.AbstractQueuedSynchronizer$ConditionObject.awaitNanos(AbstractQueuedSynchronizer.java:2078)&#10;        at java.util.concurrent.LinkedBlockingQueue.poll(LinkedBlockingQueue.java:467)&#10;        at org.apache.hadoop.ipc.CallQueueManager.take(CallQueueManager.java:288)&#10;        at org.apache.hadoop.ipc.Server$Handler.run(Server.java:2668)&#10;&quot;IPC Server handler 9 on 36674&quot; daemon prio=5 tid=78 timed_waiting&#10;java.lang.Thread.State: TIMED_WAITING&#10;        at sun.misc.Unsafe.park(Native Method)&#10;        at java.util.concurrent.locks.LockSupport.parkNanos(LockSupport.java:215)&#10;        at java.util.concurrent.locks.AbstractQueuedSynchronizer$ConditionObject.awaitNanos(AbstractQueuedSynchronizer.java:2078)&#10;        at java.util.concurrent.LinkedBlockingQueue.poll(LinkedBlockingQueue.java:467)&#10;        at org.apache.hadoop.ipc.CallQueueManager.take(CallQueueManager.java:288)&#10;        at org.apache.hadoop.ipc.Server$Handler.run(Server.java:2668)&#10;&quot;pool-26-thread-58&quot;  prio=5 tid=491 in Object.wait()&#10;java.lang.Thread.State: WAITING (on object monitor)&#10;        at sun.misc.Unsafe.park(Native Method)&#10;        at java.util.concurrent.locks.LockSupport.park(LockSupport.java:175)&#10;        at java.util.concurrent.locks.AbstractQueuedSynchronizer$ConditionObject.await(AbstractQueuedSynchronizer.java:2039)&#10;        at java.util.concurrent.ArrayBlockingQueue.take(ArrayBlockingQueue.java:403)&#10;        at java.util.concurrent.ThreadPoolExecutor.getTask(ThreadPoolExecutor.java:1074)&#10;        at java.util.concurrent.ThreadPoolExecutor.runWorker(ThreadPoolExecutor.java:1134)&#10;        at java.util.concurrent.ThreadPoolExecutor$Worker.run(ThreadPoolExecutor.java:624)&#10;        at java.lang.Thread.run(Thread.java:748)&#10;&quot;pool-36-thread-32&quot;  prio=5 tid=441 in Object.wait()&#10;java.lang.Thread.State: WAITING (on object monitor)&#10;        at sun.misc.Unsafe.park(Native Method)&#10;        at java.util.concurrent.locks.LockSupport.park(LockSupport.java:175)&#10;        at java.util.concurrent.locks.AbstractQueuedSynchronizer$ConditionObject.await(AbstractQueuedSynchronizer.java:2039)&#10;        at java.util.concurrent.ArrayBlockingQueue.take(ArrayBlockingQueue.java:403)&#10;        at java.util.concurrent.ThreadPoolExecutor.getTask(ThreadPoolExecutor.java:1074)&#10;        at java.util.concurrent.ThreadPoolExecutor.runWorker(ThreadPoolExecutor.java:1134)&#10;        at java.util.concurrent.ThreadPoolExecutor$Worker.run(ThreadPoolExecutor.java:624)&#10;        at java.lang.Thread.run(Thread.java:748)&#10;&quot;Thread-1740&quot; daemon prio=5 tid=2403 timed_waiting&#10;java.lang.Thread.State: TIMED_WAITING&#10;        at java.lang.Thread.sleep(Native Method)&#10;        at org.apache.ratis.util.JavaUtils.sleep(JavaUtils.java:247)&#10;        at org.apache.ratis.server.impl.FollowerState.run(FollowerState.java:97)&#10;&quot;f7ab671b-901b-4a48-a9a9-f6c73ab18394@group-F967029850D4-StateMachineUpdater&quot; daemon prio=5 tid=830 in Object.wait()&#10;java.lang.Thread.State: WAITING (on object monitor)&#10;        at java.lang.Object.wait(Native Method)&#10;        at java.lang.Object.wait(Object.java:502)&#10;        at org.apache.ratis.server.impl.StateMachineUpdater.waitForCommit(StateMachineUpdater.java:194)&#10;        at org.apache.ratis.server.impl.StateMachineUpdater.run(StateMachineUpdater.java:159)&#10;        at java.lang.Thread.run(Thread.java:748)&#10;&quot;metrics-hadoop-metrics2-reporter-31-thread-1&quot; daemon prio=5 tid=864 timed_waiting&#10;java.lang.Thread.State: TIMED_WAITING&#10;        at sun.misc.Unsafe.park(Native Method)&#10;        at java.util.concurrent.locks.LockSupport.parkNanos(LockSupport.java:215)&#10;        at java.util.concurrent.locks.AbstractQueuedSynchronizer$ConditionObject.awaitNanos(AbstractQueuedSynchronizer.java:2078)&#10;        at java.util.concurrent.ScheduledThreadPoolExecutor$DelayedWorkQueue.take(ScheduledThreadPoolExecutor.java:1093)&#10;        at java.util.concurrent.ScheduledThreadPoolExecutor$DelayedWorkQueue.take(ScheduledThreadPoolExecutor.java:809)&#10;        at java.util.concurrent.ThreadPoolExecutor.getTask(ThreadPoolExecutor.java:1074)&#10;        at java.util.concurrent.ThreadPoolExecutor.runWorker(ThreadPoolExecutor.java:1134)&#10;        at java.util.concurrent.ThreadPoolExecutor$Worker.run(ThreadPoolExecutor.java:624)&#10;        at java.lang.Thread.run(Thread.java:748)&#10;&quot;pool-56-thread-54&quot;  prio=5 tid=574 in Object.wait()&#10;java.lang.Thread.State: WAITING (on object monitor)&#10;        at sun.misc.Unsafe.park(Native Method)&#10;        at java.util.concurrent.locks.LockSupport.park(LockSupport.java:175)&#10;        at java.util.concurrent.locks.AbstractQueuedSynchronizer$ConditionObject.await(AbstractQueuedSynchronizer.java:2039)&#10;        at java.util.concurrent.ArrayBlockingQueue.take(ArrayBlockingQueue.java:403)&#10;        at java.util.concurrent.ThreadPoolExecutor.getTask(ThreadPoolExecutor.java:1074)&#10;        at java.util.concurrent.ThreadPoolExecutor.runWorker(ThreadPoolExecutor.java:1134)&#10;        at java.util.concurrent.ThreadPoolExecutor$Worker.run(ThreadPoolExecutor.java:624)&#10;        at java.lang.Thread.run(Thread.java:748)&#10;&quot;metrics-hadoop-metrics2-reporter-47-thread-1&quot; daemon prio=5 tid=921 timed_waiting&#10;java.lang.Thread.State: TIMED_WAITING&#10;        at sun.misc.Unsafe.park(Native Method)&#10;        at java.util.concurrent.locks.LockSupport.parkNanos(LockSupport.java:215)&#10;        at java.util.concurrent.locks.AbstractQueuedSynchronizer$ConditionObject.awaitNanos(AbstractQueuedSynchronizer.java:2078)&#10;        at java.util.concurrent.ScheduledThreadPoolExecutor$DelayedWorkQueue.take(ScheduledThreadPoolExecutor.java:1093)&#10;        at java.util.concurrent.ScheduledThreadPoolExecutor$DelayedWorkQueue.take(ScheduledThreadPoolExecutor.java:809)&#10;        at java.util.concurrent.ThreadPoolExecutor.getTask(ThreadPoolExecutor.java:1074)&#10;        at java.util.concurrent.ThreadPoolExecutor.runWorker(ThreadPoolExecutor.java:1134)&#10;        at java.util.concurrent.ThreadPoolExecutor$Worker.run(ThreadPoolExecutor.java:624)&#10;        at java.lang.Thread.run(Thread.java:748)&#10;&quot;pool-80-thread-1&quot;  prio=5 tid=293 timed_waiting&#10;java.lang.Thread.State: TIMED_WAITING&#10;        at sun.misc.Unsafe.park(Native Method)&#10;        at java.util.concurrent.locks.LockSupport.parkNanos(LockSupport.java:215)&#10;        at java.util.concurrent.locks.AbstractQueuedSynchronizer$ConditionObject.awaitNanos(AbstractQueuedSynchronizer.java:2078)&#10;        at java.util.concurrent.ScheduledThreadPoolExecutor$DelayedWorkQueue.take(ScheduledThreadPoolExecutor.java:1093)&#10;        at java.util.concurrent.ScheduledThreadPoolExecutor$DelayedWorkQueue.take(ScheduledThreadPoolExecutor.java:809)&#10;        at java.util.concurrent.ThreadPoolExecutor.getTask(ThreadPoolExecutor.java:1074)&#10;        at java.util.concurrent.ThreadPoolExecutor.runWorker(ThreadPoolExecutor.java:1134)&#10;        at java.util.concurrent.ThreadPoolExecutor$Worker.run(ThreadPoolExecutor.java:624)&#10;        at java.lang.Thread.run(Thread.java:748)&#10;&quot;IPC Server Responder&quot; daemon prio=5 tid=21 runnable&#10;java.lang.Thread.State: RUNNABLE&#10;        at sun.nio.ch.EPollArrayWrapper.epollWait(Native Method)&#10;        at sun.nio.ch.EPollArrayWrapper.poll(EPollArrayWrapper.java:269)&#10;        at sun.nio.ch.EPollSelectorImpl.doSelect(EPollSelectorImpl.java:93)&#10;        at sun.nio.ch.SelectorImpl.lockAndDoSelect(SelectorImpl.java:86)&#10;        at sun.nio.ch.SelectorImpl.select(SelectorImpl.java:97)&#10;        at org.apache.hadoop.ipc.Server$Responder.doRunLoop(Server.java:1334)&#10;        at org.apache.hadoop.ipc.Server$Responder.run(Server.java:1317)&#10;&quot;IPC Server handler 15 on 45290&quot; daemon prio=5 tid=64 timed_waiting&#10;java.lang.Thread.State: TIMED_WAITING&#10;        at sun.misc.Unsafe.park(Native Method)&#10;        at java.util.concurrent.locks.LockSupport.parkNanos(LockSupport.java:215)&#10;        at java.util.concurrent.locks.AbstractQueuedSynchronizer$ConditionObject.awaitNanos(AbstractQueuedSynchronizer.java:2078)&#10;        at java.util.concurrent.LinkedBlockingQueue.poll(LinkedBlockingQueue.java:467)&#10;        at org.apache.hadoop.ipc.CallQueueManager.take(CallQueueManager.java:288)&#10;        at org.apache.hadoop.ipc.Server$Handler.run(Server.java:2668)&#10;&quot;BlockDeletingService#1&quot; daemon prio=5 tid=713 in Object.wait()&#10;java.lang.Thread.State: WAITING (on object monitor)&#10;        at sun.misc.Unsafe.park(Native Method)&#10;        at java.util.concurrent.locks.LockSupport.park(LockSupport.java:175)&#10;        at java.util.concurrent.locks.AbstractQueuedSynchronizer$ConditionObject.await(AbstractQueuedSynchronizer.java:2039)&#10;        at java.util.concurrent.ScheduledThreadPoolExecutor$DelayedWorkQueue.take(ScheduledThreadPoolExecutor.java:1088)&#10;        at java.util.concurrent.ScheduledThreadPoolExecutor$DelayedWorkQueue.take(ScheduledThreadPoolExecutor.java:809)&#10;        at java.util.concurrent.ThreadPoolExecutor.getTask(ThreadPoolExecutor.java:1074)&#10;        at java.util.concurrent.ThreadPoolExecutor.runWorker(ThreadPoolExecutor.java:1134)&#10;        at java.util.concurrent.ThreadPoolExecutor$Worker.run(ThreadPoolExecutor.java:624)&#10;        at java.lang.Thread.run(Thread.java:748)&#10;&quot;pool-66-thread-26&quot;  prio=5 tid=606 in Object.wait()&#10;java.lang.Thread.State: WAITING (on object monitor)&#10;        at sun.misc.Unsafe.park(Native Method)&#10;        at java.util.concurrent.locks.LockSupport.park(LockSupport.java:175)&#10;        at java.util.concurrent.locks.AbstractQueuedSynchronizer$ConditionObject.await(AbstractQueuedSynchronizer.java:2039)&#10;        at java.util.concurrent.ArrayBlockingQueue.take(ArrayBlockingQueue.java:403)&#10;        at java.util.concurrent.ThreadPoolExecutor.getTask(ThreadPoolExecutor.java:1074)&#10;        at java.util.concurrent.ThreadPoolExecutor.runWorker(ThreadPoolExecutor.java:1134)&#10;        at java.util.concurrent.ThreadPoolExecutor$Worker.run(ThreadPoolExecutor.java:624)&#10;        at java.lang.Thread.run(Thread.java:748)&#10;&quot;pool-46-thread-58&quot;  prio=5 tid=518 in Object.wait()&#10;java.lang.Thread.State: WAITING (on object monitor)&#10;        at sun.misc.Unsafe.park(Native Method)&#10;        at java.util.concurrent.locks.LockSupport.park(LockSupport.java:175)&#10;        at java.util.concurrent.locks.AbstractQueuedSynchronizer$ConditionObject.await(AbstractQueuedSynchronizer.java:2039)&#10;        at java.util.concurrent.ArrayBlockingQueue.take(ArrayBlockingQueue.java:403)&#10;        at java.util.concurrent.ThreadPoolExecutor.getTask(ThreadPoolExecutor.java:1074)&#10;        at java.util.concurrent.ThreadPoolExecutor.runWorker(ThreadPoolExecutor.java:1134)&#10;        at java.util.concurrent.ThreadPoolExecutor$Worker.run(ThreadPoolExecutor.java:624)&#10;        at java.lang.Thread.run(Thread.java:748)&#10;&quot;pool-46-thread-57&quot;  prio=5 tid=517 in Object.wait()&#10;java.lang.Thread.State: WAITING (on object monitor)&#10;        at sun.misc.Unsafe.park(Native Method)&#10;        at java.util.concurrent.locks.LockSupport.park(LockSupport.java:175)&#10;        at java.util.concurrent.locks.AbstractQueuedSynchronizer$ConditionObject.await(AbstractQueuedSynchronizer.java:2039)&#10;        at java.util.concurrent.ArrayBlockingQueue.take(ArrayBlockingQueue.java:403)&#10;        at java.util.concurrent.ThreadPoolExecutor.getTask(ThreadPoolExecutor.java:1074)&#10;        at java.util.concurrent.ThreadPoolExecutor.runWorker(ThreadPoolExecutor.java:1134)&#10;        at java.util.concurrent.ThreadPoolExecutor$Worker.run(ThreadPoolExecutor.java:624)&#10;        at java.lang.Thread.run(Thread.java:748)&#10;&quot;pool-66-thread-30&quot;  prio=5 tid=610 in Object.wait()&#10;java.lang.Thread.State: WAITING (on object monitor)&#10;        at sun.misc.Unsafe.park(Native Method)&#10;        at java.util.concurrent.locks.LockSupport.park(LockSupport.java:175)&#10;        at java.util.concurrent.locks.AbstractQueuedSynchronizer$ConditionObject.await(AbstractQueuedSynchronizer.java:2039)&#10;        at java.util.concurrent.ArrayBlockingQueue.take(ArrayBlockingQueue.java:403)&#10;        at java.util.concurrent.ThreadPoolExecutor.getTask(ThreadPoolExecutor.java:1074)&#10;        at java.util.concurrent.ThreadPoolExecutor.runWorker(ThreadPoolExecutor.java:1134)&#10;        at java.util.concurrent.ThreadPoolExecutor$Worker.run(ThreadPoolExecutor.java:624)&#10;        at java.lang.Thread.run(Thread.java:748)&#10;&quot;pool-36-thread-37&quot;  prio=5 tid=458 in Object.wait()&#10;java.lang.Thread.State: WAITING (on object monitor)&#10;        at sun.misc.Unsafe.park(Native Method)&#10;        at java.util.concurrent.locks.LockSupport.park(LockSupport.java:175)&#10;        at java.util.concurrent.locks.AbstractQueuedSynchronizer$ConditionObject.await(AbstractQueuedSynchronizer.java:2039)&#10;        at java.util.concurrent.ArrayBlockingQueue.take(ArrayBlockingQueue.java:403)&#10;        at java.util.concurrent.ThreadPoolExecutor.getTask(ThreadPoolExecutor.java:1074)&#10;        at java.util.concurrent.ThreadPoolExecutor.runWorker(ThreadPoolExecutor.java:1134)&#10;        at java.util.concurrent.ThreadPoolExecutor$Worker.run(ThreadPoolExecutor.java:624)&#10;        at java.lang.Thread.run(Thread.java:748)&#10;&quot;pool-26-thread-25&quot;  prio=5 tid=409 in Object.wait()&#10;java.lang.Thread.State: WAITING (on object monitor)&#10;        at sun.misc.Unsafe.park(Native Method)&#10;        at java.util.concurrent.locks.LockSupport.park(LockSupport.java:175)&#10;        at java.util.concurrent.locks.AbstractQueuedSynchronizer$ConditionObject.await(AbstractQueuedSynchronizer.java:2039)&#10;        at java.util.concurrent.ArrayBlockingQueue.take(ArrayBlockingQueue.java:403)&#10;        at java.util.concurrent.ThreadPoolExecutor.getTask(ThreadPoolExecutor.java:1074)&#10;        at java.util.concurrent.ThreadPoolExecutor.runWorker(ThreadPoolExecutor.java:1134)&#10;        at java.util.concurrent.ThreadPoolExecutor$Worker.run(ThreadPoolExecutor.java:624)&#10;        at java.lang.Thread.run(Thread.java:748)&#10;&quot;IPC Server handler 7 on 45589&quot; daemon prio=5 tid=36 timed_waiting&#10;java.lang.Thread.State: TIMED_WAITING&#10;        at sun.misc.Unsafe.park(Native Method)&#10;        at java.util.concurrent.locks.LockSupport.parkNanos(LockSupport.java:215)&#10;        at java.util.concurrent.locks.AbstractQueuedSynchronizer$ConditionObject.awaitNanos(AbstractQueuedSynchronizer.java:2078)&#10;        at java.util.concurrent.LinkedBlockingQueue.poll(LinkedBlockingQueue.java:467)&#10;        at org.apache.hadoop.ipc.CallQueueManager.take(CallQueueManager.java:288)&#10;        at org.apache.hadoop.ipc.Server$Handler.run(Server.java:2668)&#10;&quot;IPC Server handler 17 on 44783&quot; daemon prio=5 tid=132 timed_waiting&#10;java.lang.Thread.State: TIMED_WAITING&#10;        at sun.misc.Unsafe.park(Native Method)&#10;        at java.util.concurrent.locks.LockSupport.parkNanos(LockSupport.java:215)&#10;        at java.util.concurrent.locks.AbstractQueuedSynchronizer$ConditionObject.awaitNanos(AbstractQueuedSynchronizer.java:2078)&#10;        at java.util.concurrent.LinkedBlockingQueue.poll(LinkedBlockingQueue.java:467)&#10;        at org.apache.hadoop.ipc.CallQueueManager.take(CallQueueManager.java:288)&#10;        at org.apache.hadoop.ipc.Server$Handler.run(Server.java:2668)&#10;&quot;metrics-hadoop-metrics2-reporter-27-thread-1&quot; daemon prio=5 tid=855 timed_waiting&#10;java.lang.Thread.State: TIMED_WAITING&#10;        at sun.misc.Unsafe.park(Native Method)&#10;        at java.util.concurrent.locks.LockSupport.parkNanos(LockSupport.java:215)&#10;        at java.util.concurrent.locks.AbstractQueuedSynchronizer$ConditionObject.awaitNanos(AbstractQueuedSynchronizer.java:2078)&#10;        at java.util.concurrent.ScheduledThreadPoolExecutor$DelayedWorkQueue.take(ScheduledThreadPoolExecutor.java:1093)&#10;        at java.util.concurrent.ScheduledThreadPoolExecutor$DelayedWorkQueue.take(ScheduledThreadPoolExecutor.java:809)&#10;        at java.util.concurrent.ThreadPoolExecutor.getTask(ThreadPoolExecutor.java:1074)&#10;        at java.util.concurrent.ThreadPoolExecutor.runWorker(ThreadPoolExecutor.java:1134)&#10;        at java.util.concurrent.ThreadPoolExecutor$Worker.run(ThreadPoolExecutor.java:624)&#10;        at java.lang.Thread.run(Thread.java:748)&#10;&quot;pool-26-thread-28&quot;  prio=5 tid=417 in Object.wait()&#10;java.lang.Thread.State: WAITING (on object monitor)&#10;        at sun.misc.Unsafe.park(Native Method)&#10;        at java.util.concurrent.locks.LockSupport.park(LockSupport.java:175)&#10;        at java.util.concurrent.locks.AbstractQueuedSynchronizer$ConditionObject.await(AbstractQueuedSynchronizer.java:2039)&#10;        at java.util.concurrent.ArrayBlockingQueue.take(ArrayBlockingQueue.java:403)&#10;        at java.util.concurrent.ThreadPoolExecutor.getTask(ThreadPoolExecutor.java:1074)&#10;        at java.util.concurrent.ThreadPoolExecutor.runWorker(ThreadPoolExecutor.java:1134)&#10;        at java.util.concurrent.ThreadPoolExecutor$Worker.run(ThreadPoolExecutor.java:624)&#10;        at java.lang.Thread.run(Thread.java:748)&#10;&quot;IPC Server handler 4 on 44783&quot; daemon prio=5 tid=118 timed_waiting&#10;java.lang.Thread.State: TIMED_WAITING&#10;        at sun.misc.Unsafe.park(Native Method)&#10;        at java.util.concurrent.locks.LockSupport.parkNanos(LockSupport.java:215)&#10;        at java.util.concurrent.locks.AbstractQueuedSynchronizer$ConditionObject.awaitNanos(AbstractQueuedSynchronizer.java:2078)&#10;        at java.util.concurrent.LinkedBlockingQueue.poll(LinkedBlockingQueue.java:467)&#10;        at org.apache.hadoop.ipc.CallQueueManager.take(CallQueueManager.java:288)&#10;        at org.apache.hadoop.ipc.Server$Handler.run(Server.java:2668)&#10;&quot;metrics-hadoop-metrics2-reporter-42-thread-1&quot; daemon prio=5 tid=913 timed_waiting&#10;java.lang.Thread.State: TIMED_WAITING&#10;        at sun.misc.Unsafe.park(Native Method)&#10;        at java.util.concurrent.locks.LockSupport.parkNanos(LockSupport.java:215)&#10;        at java.util.concurrent.locks.AbstractQueuedSynchronizer$ConditionObject.awaitNanos(AbstractQueuedSynchronizer.java:2078)&#10;        at java.util.concurrent.ScheduledThreadPoolExecutor$DelayedWorkQueue.take(ScheduledThreadPoolExecutor.java:1093)&#10;        at java.util.concurrent.ScheduledThreadPoolExecutor$DelayedWorkQueue.take(ScheduledThreadPoolExecutor.java:809)&#10;        at java.util.concurrent.ThreadPoolExecutor.getTask(ThreadPoolExecutor.java:1074)&#10;        at java.util.concurrent.ThreadPoolExecutor.runWorker(ThreadPoolExecutor.java:1134)&#10;        at java.util.concurrent.ThreadPoolExecutor$Worker.run(ThreadPoolExecutor.java:624)&#10;        at java.lang.Thread.run(Thread.java:748)&#10;&quot;IPC Server handler 1 on 36674&quot; daemon prio=5 tid=70 timed_waiting&#10;java.lang.Thread.State: TIMED_WAITING&#10;        at sun.misc.Unsafe.park(Native Method)&#10;        at java.util.concurrent.locks.LockSupport.parkNanos(LockSupport.java:215)&#10;        at java.util.concurrent.locks.AbstractQueuedSynchronizer$ConditionObject.awaitNanos(AbstractQueuedSynchronizer.java:2078)&#10;        at java.util.concurrent.LinkedBlockingQueue.poll(LinkedBlockingQueue.java:467)&#10;        at org.apache.hadoop.ipc.CallQueueManager.take(CallQueueManager.java:288)&#10;        at org.apache.hadoop.ipc.Server$Handler.run(Server.java:2668)&#10;&quot;pool-86-thread-42&quot;  prio=5 tid=755 in Object.wait()&#10;java.lang.Thread.State: WAITING (on object monitor)&#10;        at sun.misc.Unsafe.park(Native Method)&#10;        at java.util.concurrent.locks.LockSupport.park(LockSupport.java:175)&#10;        at java.util.concurrent.locks.AbstractQueuedSynchronizer$ConditionObject.await(AbstractQueuedSynchronizer.java:2039)&#10;        at java.util.concurrent.ArrayBlockingQueue.take(ArrayBlockingQueue.java:403)&#10;        at java.util.concurrent.ThreadPoolExecutor.getTask(ThreadPoolExecutor.java:1074)&#10;        at java.util.concurrent.ThreadPoolExecutor.runWorker(ThreadPoolExecutor.java:1134)&#10;        at java.util.concurrent.ThreadPoolExecutor$Worker.run(ThreadPoolExecutor.java:624)&#10;        at java.lang.Thread.run(Thread.java:748)&#10;&quot;pool-26-thread-44&quot;  prio=5 tid=453 in Object.wait()&#10;java.lang.Thread.State: WAITING (on object monitor)&#10;        at sun.misc.Unsafe.park(Native Method)&#10;        at java.util.concurrent.locks.LockSupport.park(LockSupport.java:175)&#10;        at java.util.concurrent.locks.AbstractQueuedSynchronizer$ConditionObject.await(AbstractQueuedSynchronizer.java:2039)&#10;        at java.util.concurrent.ArrayBlockingQueue.take(ArrayBlockingQueue.java:403)&#10;        at java.util.concurrent.ThreadPoolExecutor.getTask(ThreadPoolExecutor.java:1074)&#10;        at java.util.concurrent.ThreadPoolExecutor.runWorker(ThreadPoolExecutor.java:1134)&#10;        at java.util.concurrent.ThreadPoolExecutor$Worker.run(ThreadPoolExecutor.java:624)&#10;        at java.lang.Thread.run(Thread.java:748)&#10;&quot;qtp1981708431-192&quot; daemon prio=5 tid=192 timed_waiting&#10;java.lang.Thread.State: TIMED_WAITING&#10;        at sun.misc.Unsafe.park(Native Method)&#10;        at java.util.concurrent.locks.LockSupport.parkNanos(LockSupport.java:215)&#10;        at java.util.concurrent.locks.AbstractQueuedSynchronizer$ConditionObject.awaitNanos(AbstractQueuedSynchronizer.java:2078)&#10;        at org.eclipse.jetty.util.BlockingArrayQueue.poll(BlockingArrayQueue.java:392)&#10;        at org.eclipse.jetty.util.thread.QueuedThreadPool.idleJobPoll(QueuedThreadPool.java:563)&#10;        at org.eclipse.jetty.util.thread.QueuedThreadPool.access$800(QueuedThreadPool.java:48)&#10;        at org.eclipse.jetty.util.thread.QueuedThreadPool$2.run(QueuedThreadPool.java:626)&#10;        at java.lang.Thread.run(Thread.java:748)&#10;&quot;metrics-hadoop-metrics2-reporter-68-thread-1&quot; daemon prio=5 tid=1068 timed_waiting&#10;java.lang.Thread.State: TIMED_WAITING&#10;        at sun.misc.Unsafe.park(Native Method)&#10;        at java.util.concurrent.locks.LockSupport.parkNanos(LockSupport.java:215)&#10;        at java.util.concurrent.locks.AbstractQueuedSynchronizer$ConditionObject.awaitNanos(AbstractQueuedSynchronizer.java:2078)&#10;        at java.util.concurrent.ScheduledThreadPoolExecutor$DelayedWorkQueue.take(ScheduledThreadPoolExecutor.java:1093)&#10;        at java.util.concurrent.ScheduledThreadPoolExecutor$DelayedWorkQueue.take(ScheduledThreadPoolExecutor.java:809)&#10;        at java.util.concurrent.ThreadPoolExecutor.getTask(ThreadPoolExecutor.java:1074)&#10;        at java.util.concurrent.ThreadPoolExecutor.runWorker(ThreadPoolExecutor.java:1134)&#10;        at java.util.concurrent.ThreadPoolExecutor$Worker.run(ThreadPoolExecutor.java:624)&#10;        at java.lang.Thread.run(Thread.java:748)&#10;&quot;grpc-default-executor-5&quot; daemon prio=5 tid=946 timed_waiting&#10;java.lang.Thread.State: TIMED_WAITING&#10;        at sun.misc.Unsafe.park(Native Method)&#10;        at java.util.concurrent.locks.LockSupport.parkNanos(LockSupport.java:215)&#10;        at java.util.concurrent.SynchronousQueue$TransferStack.awaitFulfill(SynchronousQueue.java:460)&#10;        at java.util.concurrent.SynchronousQueue$TransferStack.transfer(SynchronousQueue.java:362)&#10;        at java.util.concurrent.SynchronousQueue.poll(SynchronousQueue.java:941)&#10;        at java.util.concurrent.ThreadPoolExecutor.getTask(ThreadPoolExecutor.java:1073)&#10;        at java.util.concurrent.ThreadPoolExecutor.runWorker(ThreadPoolExecutor.java:1134)&#10;        at java.util.concurrent.ThreadPoolExecutor$Worker.run(ThreadPoolExecutor.java:624)&#10;        at java.lang.Thread.run(Thread.java:748)&#10;&quot;metrics-hadoop-metrics2-reporter-3-thread-1&quot; daemon prio=5 tid=795 timed_waiting&#10;java.lang.Thread.State: TIMED_WAITING&#10;        at sun.misc.Unsafe.park(Native Method)&#10;        at java.util.concurrent.locks.LockSupport.parkNanos(LockSupport.java:215)&#10;        at java.util.concurrent.locks.AbstractQueuedSynchronizer$ConditionObject.awaitNanos(AbstractQueuedSynchronizer.java:2078)&#10;        at java.util.concurrent.ScheduledThreadPoolExecutor$DelayedWorkQueue.take(ScheduledThreadPoolExecutor.java:1093)&#10;        at java.util.concurrent.ScheduledThreadPoolExecutor$DelayedWorkQueue.take(ScheduledThreadPoolExecutor.java:809)&#10;        at java.util.concurrent.ThreadPoolExecutor.getTask(ThreadPoolExecutor.java:1074)&#10;        at java.util.concurrent.ThreadPoolExecutor.runWorker(ThreadPoolExecutor.java:1134)&#10;        at java.util.concurrent.ThreadPoolExecutor$Worker.run(ThreadPoolExecutor.java:624)&#10;        at java.lang.Thread.run(Thread.java:748)&#10;&quot;pool-66-thread-10&quot;  prio=5 tid=590 in Object.wait()&#10;java.lang.Thread.State: WAITING (on object monitor)&#10;        at sun.misc.Unsafe.park(Native Method)&#10;        at java.util.concurrent.locks.LockSupport.park(LockSupport.java:175)&#10;        at java.util.concurrent.locks.AbstractQueuedSynchronizer$ConditionObject.await(AbstractQueuedSynchronizer.java:2039)&#10;        at java.util.concurrent.ArrayBlockingQueue.take(ArrayBlockingQueue.java:403)&#10;        at java.util.concurrent.ThreadPoolExecutor.getTask(ThreadPoolExecutor.java:1074)&#10;        at java.util.concurrent.ThreadPoolExecutor.runWorker(ThreadPoolExecutor.java:1134)&#10;        at java.util.concurrent.ThreadPoolExecutor$Worker.run(ThreadPoolExecutor.java:624)&#10;        at java.lang.Thread.run(Thread.java:748)&#10;&quot;IPC Server handler 7 on 44783&quot; daemon prio=5 tid=122 timed_waiting&#10;java.lang.Thread.State: TIMED_WAITING&#10;        at sun.misc.Unsafe.park(Native Method)&#10;        at java.util.concurrent.locks.LockSupport.parkNanos(LockSupport.java:215)&#10;        at java.util.concurrent.locks.AbstractQueuedSynchronizer$ConditionObject.awaitNanos(AbstractQueuedSynchronizer.java:2078)&#10;        at java.util.concurrent.LinkedBlockingQueue.poll(LinkedBlockingQueue.java:467)&#10;        at org.apache.hadoop.ipc.CallQueueManager.take(CallQueueManager.java:288)&#10;        at org.apache.hadoop.ipc.Server$Handler.run(Server.java:2668)&#10;&quot;IPC Server handler 5 on 45290&quot; daemon prio=5 tid=54 timed_waiting&#10;java.lang.Thread.State: TIMED_WAITING&#10;        at sun.misc.Unsafe.park(Native Method)&#10;        at java.util.concurrent.locks.LockSupport.parkNanos(LockSupport.java:215)&#10;        at java.util.concurrent.locks.AbstractQueuedSynchronizer$ConditionObject.awaitNanos(AbstractQueuedSynchronizer.java:2078)&#10;        at java.util.concurrent.LinkedBlockingQueue.poll(LinkedBlockingQueue.java:467)&#10;        at org.apache.hadoop.ipc.CallQueueManager.take(CallQueueManager.java:288)&#10;        at org.apache.hadoop.ipc.Server$Handler.run(Server.java:2668)&#10;&quot;pool-66-thread-46&quot;  prio=5 tid=626 in Object.wait()&#10;java.lang.Thread.State: WAITING (on object monitor)&#10;        at sun.misc.Unsafe.park(Native Method)&#10;        at java.util.concurrent.locks.LockSupport.park(LockSupport.java:175)&#10;        at java.util.concurrent.locks.AbstractQueuedSynchronizer$ConditionObject.await(AbstractQueuedSynchronizer.java:2039)&#10;        at java.util.concurrent.ArrayBlockingQueue.take(ArrayBlockingQueue.java:403)&#10;        at java.util.concurrent.ThreadPoolExecutor.getTask(ThreadPoolExecutor.java:1074)&#10;        at java.util.concurrent.ThreadPoolExecutor.runWorker(ThreadPoolExecutor.java:1134)&#10;        at java.util.concurrent.ThreadPoolExecutor$Worker.run(ThreadPoolExecutor.java:624)&#10;        at java.lang.Thread.run(Thread.java:748)&#10;&quot;pool-36-thread-24&quot;  prio=5 tid=413 in Object.wait()&#10;java.lang.Thread.State: WAITING (on object monitor)&#10;        at sun.misc.Unsafe.park(Native Method)&#10;        at java.util.concurrent.locks.LockSupport.park(LockSupport.java:175)&#10;        at java.util.concurrent.locks.AbstractQueuedSynchronizer$ConditionObject.await(AbstractQueuedSynchronizer.java:2039)&#10;        at java.util.concurrent.ArrayBlockingQueue.take(ArrayBlockingQueue.java:403)&#10;        at java.util.concurrent.ThreadPoolExecutor.getTask(ThreadPoolExecutor.java:1074)&#10;        at java.util.concurrent.ThreadPoolExecutor.runWorker(ThreadPoolExecutor.java:1134)&#10;        at java.util.concurrent.ThreadPoolExecutor$Worker.run(ThreadPoolExecutor.java:624)&#10;        at java.lang.Thread.run(Thread.java:748)&#10;&quot;qtp680988889-96&quot; daemon prio=5 tid=96 timed_waiting&#10;java.lang.Thread.State: TIMED_WAITING&#10;        at sun.misc.Unsafe.park(Native Method)&#10;        at java.util.concurrent.locks.LockSupport.parkNanos(LockSupport.java:215)&#10;        at java.util.concurrent.locks.AbstractQueuedSynchronizer$ConditionObject.awaitNanos(AbstractQueuedSynchronizer.java:2078)&#10;        at org.eclipse.jetty.util.BlockingArrayQueue.poll(BlockingArrayQueue.java:392)&#10;        at org.eclipse.jetty.util.thread.QueuedThreadPool.idleJobPoll(QueuedThreadPool.java:563)&#10;        at org.eclipse.jetty.util.thread.QueuedThreadPool.access$800(QueuedThreadPool.java:48)&#10;        at org.eclipse.jetty.util.thread.QueuedThreadPool$2.run(QueuedThreadPool.java:626)&#10;        at java.lang.Thread.run(Thread.java:748)&#10;&quot;BlockDeletingService#0&quot; daemon prio=5 tid=645 timed_waiting&#10;java.lang.Thread.State: TIMED_WAITING&#10;        at sun.misc.Unsafe.park(Native Method)&#10;        at java.util.concurrent.locks.LockSupport.parkNanos(LockSupport.java:215)&#10;        at java.util.concurrent.locks.AbstractQueuedSynchronizer$ConditionObject.awaitNanos(AbstractQueuedSynchronizer.java:2078)&#10;        at java.util.concurrent.ScheduledThreadPoolExecutor$DelayedWorkQueue.take(ScheduledThreadPoolExecutor.java:1093)&#10;        at java.util.concurrent.ScheduledThreadPoolExecutor$DelayedWorkQueue.take(ScheduledThreadPoolExecutor.java:809)&#10;        at java.util.concurrent.ThreadPoolExecutor.getTask(ThreadPoolExecutor.java:1074)&#10;        at java.util.concurrent.ThreadPoolExecutor.runWorker(ThreadPoolExecutor.java:1134)&#10;        at java.util.concurrent.ThreadPoolExecutor$Worker.run(ThreadPoolExecutor.java:624)&#10;        at java.lang.Thread.run(Thread.java:748)&#10;&quot;qtp1168956689-321&quot; daemon prio=5 tid=321 runnable&#10;java.lang.Thread.State: RUNNABLE&#10;        at sun.nio.ch.EPollArrayWrapper.epollWait(Native Method)&#10;        at sun.nio.ch.EPollArrayWrapper.poll(EPollArrayWrapper.java:269)&#10;        at sun.nio.ch.EPollSelectorImpl.doSelect(EPollSelectorImpl.java:93)&#10;        at sun.nio.ch.SelectorImpl.lockAndDoSelect(SelectorImpl.java:86)&#10;        at sun.nio.ch.SelectorImpl.select(SelectorImpl.java:97)&#10;        at sun.nio.ch.SelectorImpl.select(SelectorImpl.java:101)&#10;        at org.eclipse.jetty.io.ManagedSelector$SelectorProducer.select(ManagedSelector.java:243)&#10;        at org.eclipse.jetty.io.ManagedSelector$SelectorProducer.produce(ManagedSelector.java:191)&#10;        at org.eclipse.jetty.util.thread.strategy.ExecuteProduceConsume.executeProduceConsume(ExecuteProduceConsume.java:249)&#10;        at org.eclipse.jetty.util.thread.strategy.ExecuteProduceConsume.produceConsume(ExecuteProduceConsume.java:148)&#10;        at org.eclipse.jetty.util.thread.strategy.ExecuteProduceConsume.execute(ExecuteProduceConsume.java:100)&#10;        at org.eclipse.jetty.io.ManagedSelector.run(ManagedSelector.java:147)&#10;        at org.eclipse.jetty.util.thread.QueuedThreadPool.runJob(QueuedThreadPool.java:671)&#10;        at org.eclipse.jetty.util.thread.QueuedThreadPool$2.run(QueuedThreadPool.java:589)&#10;        at java.lang.Thread.run(Thread.java:748)&#10;&quot;pool-26-thread-32&quot;  prio=5 tid=427 in Object.wait()&#10;java.lang.Thread.State: WAITING (on object monitor)&#10;        at sun.misc.Unsafe.park(Native Method)&#10;        at java.util.concurrent.locks.LockSupport.park(LockSupport.java:175)&#10;        at java.util.concurrent.locks.AbstractQueuedSynchronizer$ConditionObject.await(AbstractQueuedSynchronizer.java:2039)&#10;        at java.util.concurrent.ArrayBlockingQueue.take(ArrayBlockingQueue.java:403)&#10;        at java.util.concurrent.ThreadPoolExecutor.getTask(ThreadPoolExecutor.java:1074)&#10;        at java.util.concurrent.ThreadPoolExecutor.runWorker(ThreadPoolExecutor.java:1134)&#10;        at java.util.concurrent.ThreadPoolExecutor$Worker.run(ThreadPoolExecutor.java:624)&#10;        at java.lang.Thread.run(Thread.java:748)&#10;&quot;pool-56-thread-21&quot;  prio=5 tid=541 in Object.wait()&#10;java.lang.Thread.State: WAITING (on object monitor)&#10;        at sun.misc.Unsafe.park(Native Method)&#10;        at java.util.concurrent.locks.LockSupport.park(LockSupport.java:175)&#10;        at java.util.concurrent.locks.AbstractQueuedSynchronizer$ConditionObject.await(AbstractQueuedSynchronizer.java:2039)&#10;        at java.util.concurrent.ArrayBlockingQueue.take(ArrayBlockingQueue.java:403)&#10;        at java.util.concurrent.ThreadPoolExecutor.getTask(ThreadPoolExecutor.java:1074)&#10;        at java.util.concurrent.ThreadPoolExecutor.runWorker(ThreadPoolExecutor.java:1134)&#10;        at java.util.concurrent.ThreadPoolExecutor$Worker.run(ThreadPoolExecutor.java:624)&#10;        at java.lang.Thread.run(Thread.java:748)&#10;&quot;pool-76-thread-44&quot;  prio=5 tid=695 in Object.wait()&#10;java.lang.Thread.State: WAITING (on object monitor)&#10;        at sun.misc.Unsafe.park(Native Method)&#10;        at java.util.concurrent.locks.LockSupport.park(LockSupport.java:175)&#10;        at java.util.concurrent.locks.AbstractQueuedSynchronizer$ConditionObject.await(AbstractQueuedSynchronizer.java:2039)&#10;        at java.util.concurrent.ArrayBlockingQueue.take(ArrayBlockingQueue.java:403)&#10;        at java.util.concurrent.ThreadPoolExecutor.getTask(ThreadPoolExecutor.java:1074)&#10;        at java.util.concurrent.ThreadPoolExecutor.runWorker(ThreadPoolExecutor.java:1134)&#10;        at java.util.concurrent.ThreadPoolExecutor$Worker.run(ThreadPoolExecutor.java:624)&#10;        at java.lang.Thread.run(Thread.java:748)&#10;&quot;surefire-forkedjvm-ping-30s&quot; daemon prio=5 tid=9 timed_waiting&#10;java.lang.Thread.State: TIMED_WAITING&#10;        at sun.misc.Unsafe.park(Native Method)&#10;        at java.util.concurrent.locks.LockSupport.parkNanos(LockSupport.java:215)&#10;        at java.util.concurrent.locks.AbstractQueuedSynchronizer$ConditionObject.awaitNanos(AbstractQueuedSynchronizer.java:2078)&#10;        at java.util.concurrent.ScheduledThreadPoolExecutor$DelayedWorkQueue.take(ScheduledThreadPoolExecutor.java:1093)&#10;        at java.util.concurrent.ScheduledThreadPoolExecutor$DelayedWorkQueue.take(ScheduledThreadPoolExecutor.java:809)&#10;        at java.util.concurrent.ThreadPoolExecutor.getTask(ThreadPoolExecutor.java:1074)&#10;        at java.util.concurrent.ThreadPoolExecutor.runWorker(ThreadPoolExecutor.java:1134)&#10;        at java.util.concurrent.ThreadPoolExecutor$Worker.run(ThreadPoolExecutor.java:624)&#10;        at java.lang.Thread.run(Thread.java:748)&#10;&quot;pool-86-thread-32&quot;  prio=5 tid=745 in Object.wait()&#10;java.lang.Thread.State: WAITING (on object monitor)&#10;        at sun.misc.Unsafe.park(Native Method)&#10;        at java.util.concurrent.locks.LockSupport.park(LockSupport.java:175)&#10;        at java.util.concurrent.locks.AbstractQueuedSynchronizer$ConditionObject.await(AbstractQueuedSynchronizer.java:2039)&#10;        at java.util.concurrent.ArrayBlockingQueue.take(ArrayBlockingQueue.java:403)&#10;        at java.util.concurrent.ThreadPoolExecutor.getTask(ThreadPoolExecutor.java:1074)&#10;        at java.util.concurrent.ThreadPoolExecutor.runWorker(ThreadPoolExecutor.java:1134)&#10;        at java.util.concurrent.ThreadPoolExecutor$Worker.run(ThreadPoolExecutor.java:624)&#10;        at java.lang.Thread.run(Thread.java:748)&#10;&quot;IPC Server Responder&quot; daemon prio=5 tid=17 runnable&#10;java.lang.Thread.State: RUNNABLE&#10;        at sun.nio.ch.EPollArrayWrapper.epollWait(Native Method)&#10;        at sun.nio.ch.EPollArrayWrapper.poll(EPollArrayWrapper.java:269)&#10;        at sun.nio.ch.EPollSelectorImpl.doSelect(EPollSelectorImpl.java:93)&#10;        at sun.nio.ch.SelectorImpl.lockAndDoSelect(SelectorImpl.java:86)&#10;        at sun.nio.ch.SelectorImpl.select(SelectorImpl.java:97)&#10;        at org.apache.hadoop.ipc.Server$Responder.doRunLoop(Server.java:1334)&#10;        at org.apache.hadoop.ipc.Server$Responder.run(Server.java:1317)&#10;&quot;pool-56-thread-51&quot;  prio=5 tid=571 in Object.wait()&#10;java.lang.Thread.State: WAITING (on object monitor)&#10;        at sun.misc.Unsafe.park(Native Method)&#10;        at java.util.concurrent.locks.LockSupport.park(LockSupport.java:175)&#10;        at java.util.concurrent.locks.AbstractQueuedSynchronizer$ConditionObject.await(AbstractQueuedSynchronizer.java:2039)&#10;        at java.util.concurrent.ArrayBlockingQueue.take(ArrayBlockingQueue.java:403)&#10;        at java.util.concurrent.ThreadPoolExecutor.getTask(ThreadPoolExecutor.java:1074)&#10;        at java.util.concurrent.ThreadPoolExecutor.runWorker(ThreadPoolExecutor.java:1134)&#10;        at java.util.concurrent.ThreadPoolExecutor$Worker.run(ThreadPoolExecutor.java:624)&#10;        at java.lang.Thread.run(Thread.java:748)&#10;&quot;pool-66-thread-48&quot;  prio=5 tid=628 in Object.wait()&#10;java.lang.Thread.State: WAITING (on object monitor)&#10;        at sun.misc.Unsafe.park(Native Method)&#10;        at java.util.concurrent.locks.LockSupport.park(LockSupport.java:175)&#10;        at java.util.concurrent.locks.AbstractQueuedSynchronizer$ConditionObject.await(AbstractQueuedSynchronizer.java:2039)&#10;        at java.util.concurrent.ArrayBlockingQueue.take(ArrayBlockingQueue.java:403)&#10;        at java.util.concurrent.ThreadPoolExecutor.getTask(ThreadPoolExecutor.java:1074)&#10;        at java.util.concurrent.ThreadPoolExecutor.runWorker(ThreadPoolExecutor.java:1134)&#10;        at java.util.concurrent.ThreadPoolExecutor$Worker.run(ThreadPoolExecutor.java:624)&#10;        at java.lang.Thread.run(Thread.java:748)&#10;&quot;metrics-hadoop-metrics2-reporter-56-thread-1&quot; daemon prio=5 tid=1013 timed_waiting&#10;java.lang.Thread.State: TIMED_WAITING&#10;        at sun.misc.Unsafe.park(Native Method)&#10;        at java.util.concurrent.locks.LockSupport.parkNanos(LockSupport.java:215)&#10;        at java.util.concurrent.locks.AbstractQueuedSynchronizer$ConditionObject.awaitNanos(AbstractQueuedSynchronizer.java:2078)&#10;        at java.util.concurrent.ScheduledThreadPoolExecutor$DelayedWorkQueue.take(ScheduledThreadPoolExecutor.java:1093)&#10;        at java.util.concurrent.ScheduledThreadPoolExecutor$DelayedWorkQueue.take(ScheduledThreadPoolExecutor.java:809)&#10;        at java.util.concurrent.ThreadPoolExecutor.getTask(ThreadPoolExecutor.java:1074)&#10;        at java.util.concurrent.ThreadPoolExecutor.runWorker(ThreadPoolExecutor.java:1134)&#10;        at java.util.concurrent.ThreadPoolExecutor$Worker.run(ThreadPoolExecutor.java:624)&#10;        at java.lang.Thread.run(Thread.java:748)&#10;&quot;pool-86-thread-47&quot;  prio=5 tid=760 in Object.wait()&#10;java.lang.Thread.State: WAITING (on object monitor)&#10;        at sun.misc.Unsafe.park(Native Method)&#10;        at java.util.concurrent.locks.LockSupport.park(LockSupport.java:175)&#10;        at java.util.concurrent.locks.AbstractQueuedSynchronizer$ConditionObject.await(AbstractQueuedSynchronizer.java:2039)&#10;        at java.util.concurrent.ArrayBlockingQueue.take(ArrayBlockingQueue.java:403)&#10;        at java.util.concurrent.ThreadPoolExecutor.getTask(ThreadPoolExecutor.java:1074)&#10;        at java.util.concurrent.ThreadPoolExecutor.runWorker(ThreadPoolExecutor.java:1134)&#10;        at java.util.concurrent.ThreadPoolExecutor$Worker.run(ThreadPoolExecutor.java:624)&#10;        at java.lang.Thread.run(Thread.java:748)&#10;&quot;pool-46-thread-44&quot;  prio=5 tid=483 in Object.wait()&#10;java.lang.Thread.State: WAITING (on object monitor)&#10;        at sun.misc.Unsafe.park(Native Method)&#10;        at java.util.concurrent.locks.LockSupport.park(LockSupport.java:175)&#10;        at java.util.concurrent.locks.AbstractQueuedSynchronizer$ConditionObject.await(AbstractQueuedSynchronizer.java:2039)&#10;        at java.util.concurrent.ArrayBlockingQueue.take(ArrayBlockingQueue.java:403)&#10;        at java.util.concurrent.ThreadPoolExecutor.getTask(ThreadPoolExecutor.java:1074)&#10;        at java.util.concurrent.ThreadPoolExecutor.runWorker(ThreadPoolExecutor.java:1134)&#10;        at java.util.concurrent.ThreadPoolExecutor$Worker.run(ThreadPoolExecutor.java:624)&#10;        at java.lang.Thread.run(Thread.java:748)&#10;&quot;pool-86-thread-39&quot;  prio=5 tid=752 in Object.wait()&#10;java.lang.Thread.State: WAITING (on object monitor)&#10;        at sun.misc.Unsafe.park(Native Method)&#10;        at java.util.concurrent.locks.LockSupport.park(LockSupport.java:175)&#10;        at java.util.concurrent.locks.AbstractQueuedSynchronizer$ConditionObject.await(AbstractQueuedSynchronizer.java:2039)&#10;        at java.util.concurrent.ArrayBlockingQueue.take(ArrayBlockingQueue.java:403)&#10;        at java.util.concurrent.ThreadPoolExecutor.getTask(ThreadPoolExecutor.java:1074)&#10;        at java.util.concurrent.ThreadPoolExecutor.runWorker(ThreadPoolExecutor.java:1134)&#10;        at java.util.concurrent.ThreadPoolExecutor$Worker.run(ThreadPoolExecutor.java:624)&#10;        at java.lang.Thread.run(Thread.java:748)&#10;&quot;IPC Server handler 13 on 45290&quot; daemon prio=5 tid=62 timed_waiting&#10;java.lang.Thread.State: TIMED_WAITING&#10;        at sun.misc.Unsafe.park(Native Method)&#10;        at java.util.concurrent.locks.LockSupport.parkNanos(LockSupport.java:215)&#10;        at java.util.concurrent.locks.AbstractQueuedSynchronizer$ConditionObject.awaitNanos(AbstractQueuedSynchronizer.java:2078)&#10;        at java.util.concurrent.LinkedBlockingQueue.poll(LinkedBlockingQueue.java:467)&#10;        at org.apache.hadoop.ipc.CallQueueManager.take(CallQueueManager.java:288)&#10;        at org.apache.hadoop.ipc.Server$Handler.run(Server.java:2668)&#10;&quot;metrics-hadoop-metrics2-reporter-5-thread-1&quot; daemon prio=5 tid=802 timed_waiting&#10;java.lang.Thread.State: TIMED_WAITING&#10;        at sun.misc.Unsafe.park(Native Method)&#10;        at java.util.concurrent.locks.LockSupport.parkNanos(LockSupport.java:215)&#10;        at java.util.concurrent.locks.AbstractQueuedSynchronizer$ConditionObject.awaitNanos(AbstractQueuedSynchronizer.java:2078)&#10;        at java.util.concurrent.ScheduledThreadPoolExecutor$DelayedWorkQueue.take(ScheduledThreadPoolExecutor.java:1093)&#10;        at java.util.concurrent.ScheduledThreadPoolExecutor$DelayedWorkQueue.take(ScheduledThreadPoolExecutor.java:809)&#10;        at java.util.concurrent.ThreadPoolExecutor.getTask(ThreadPoolExecutor.java:1074)&#10;        at java.util.concurrent.ThreadPoolExecutor.runWorker(ThreadPoolExecutor.java:1134)&#10;        at java.util.concurrent.ThreadPoolExecutor$Worker.run(ThreadPoolExecutor.java:624)&#10;        at java.lang.Thread.run(Thread.java:748)&#10;&quot;pool-56-thread-9&quot;  prio=5 tid=529 in Object.wait()&#10;java.lang.Thread.State: WAITING (on object monitor)&#10;        at sun.misc.Unsafe.park(Native Method)&#10;        at java.util.concurrent.locks.LockSupport.park(LockSupport.java:175)&#10;        at java.util.concurrent.locks.AbstractQueuedSynchronizer$ConditionObject.await(AbstractQueuedSynchronizer.java:2039)&#10;        at java.util.concurrent.ArrayBlockingQueue.take(ArrayBlockingQueue.java:403)&#10;        at java.util.concurrent.ThreadPoolExecutor.getTask(ThreadPoolExecutor.java:1074)&#10;        at java.util.concurrent.ThreadPoolExecutor.runWorker(ThreadPoolExecutor.java:1134)&#10;        at java.util.concurrent.ThreadPoolExecutor$Worker.run(ThreadPoolExecutor.java:624)&#10;        at java.lang.Thread.run(Thread.java:748)&#10;&quot;IPC Server handler 3 on 44783&quot; daemon prio=5 tid=117 timed_waiting&#10;java.lang.Thread.State: TIMED_WAITING&#10;        at sun.misc.Unsafe.park(Native Method)&#10;        at java.util.concurrent.locks.LockSupport.parkNanos(LockSupport.java:215)&#10;        at java.util.concurrent.locks.AbstractQueuedSynchronizer$ConditionObject.awaitNanos(AbstractQueuedSynchronizer.java:2078)&#10;        at java.util.concurrent.LinkedBlockingQueue.poll(LinkedBlockingQueue.java:467)&#10;        at org.apache.hadoop.ipc.CallQueueManager.take(CallQueueManager.java:288)&#10;        at org.apache.hadoop.ipc.Server$Handler.run(Server.java:2668)&#10;&quot;pool-66-thread-50&quot;  prio=5 tid=630 in Object.wait()&#10;java.lang.Thread.State: WAITING (on object monitor)&#10;        at sun.misc.Unsafe.park(Native Method)&#10;        at java.util.concurrent.locks.LockSupport.park(LockSupport.java:175)&#10;        at java.util.concurrent.locks.AbstractQueuedSynchronizer$ConditionObject.await(AbstractQueuedSynchronizer.java:2039)&#10;        at java.util.concurrent.ArrayBlockingQueue.take(ArrayBlockingQueue.java:403)&#10;        at java.util.concurrent.ThreadPoolExecutor.getTask(ThreadPoolExecutor.java:1074)&#10;        at java.util.concurrent.ThreadPoolExecutor.runWorker(ThreadPoolExecutor.java:1134)&#10;        at java.util.concurrent.ThreadPoolExecutor$Worker.run(ThreadPoolExecutor.java:624)&#10;        at java.lang.Thread.run(Thread.java:748)&#10;&quot;pool-76-thread-17&quot;  prio=5 tid=668 in Object.wait()&#10;java.lang.Thread.State: WAITING (on object monitor)&#10;        at sun.misc.Unsafe.park(Native Method)&#10;        at java.util.concurrent.locks.LockSupport.park(LockSupport.java:175)&#10;        at java.util.concurrent.locks.AbstractQueuedSynchronizer$ConditionObject.await(AbstractQueuedSynchronizer.java:2039)&#10;        at java.util.concurrent.ArrayBlockingQueue.take(ArrayBlockingQueue.java:403)&#10;        at java.util.concurrent.ThreadPoolExecutor.getTask(ThreadPoolExecutor.java:1074)&#10;        at java.util.concurrent.ThreadPoolExecutor.runWorker(ThreadPoolExecutor.java:1134)&#10;        at java.util.concurrent.ThreadPoolExecutor$Worker.run(ThreadPoolExecutor.java:624)&#10;        at java.lang.Thread.run(Thread.java:748)&#10;&quot;pool-36-thread-8&quot;  prio=5 tid=363 in Object.wait()&#10;java.lang.Thread.State: WAITING (on object monitor)&#10;        at sun.misc.Unsafe.park(Native Method)&#10;        at java.util.concurrent.locks.LockSupport.park(LockSupport.java:175)&#10;        at java.util.concurrent.locks.AbstractQueuedSynchronizer$ConditionObject.await(AbstractQueuedSynchronizer.java:2039)&#10;        at java.util.concurrent.ArrayBlockingQueue.take(ArrayBlockingQueue.java:403)&#10;        at java.util.concurrent.ThreadPoolExecutor.getTask(ThreadPoolExecutor.java:1074)&#10;        at java.util.concurrent.ThreadPoolExecutor.runWorker(ThreadPoolExecutor.java:1134)&#10;        at java.util.concurrent.ThreadPoolExecutor$Worker.run(ThreadPoolExecutor.java:624)&#10;        at java.lang.Thread.run(Thread.java:748)&#10;&quot;pool-36-thread-53&quot;  prio=5 tid=503 in Object.wait()&#10;java.lang.Thread.State: WAITING (on object monitor)&#10;        at sun.misc.Unsafe.park(Native Method)&#10;        at java.util.concurrent.locks.LockSupport.park(LockSupport.java:175)&#10;        at java.util.concurrent.locks.AbstractQueuedSynchronizer$ConditionObject.await(AbstractQueuedSynchronizer.java:2039)&#10;        at java.util.concurrent.ArrayBlockingQueue.take(ArrayBlockingQueue.java:403)&#10;        at java.util.concurrent.ThreadPoolExecutor.getTask(ThreadPoolExecutor.java:1074)&#10;        at java.util.concurrent.ThreadPoolExecutor.runWorker(ThreadPoolExecutor.java:1134)&#10;        at java.util.concurrent.ThreadPoolExecutor$Worker.run(ThreadPoolExecutor.java:624)&#10;        at java.lang.Thread.run(Thread.java:748)&#10;&quot;pool-86-thread-9&quot;  prio=5 tid=722 in Object.wait()&#10;java.lang.Thread.State: WAITING (on object monitor)&#10;        at sun.misc.Unsafe.park(Native Method)&#10;        at java.util.concurrent.locks.LockSupport.park(LockSupport.java:175)&#10;        at java.util.concurrent.locks.AbstractQueuedSynchronizer$ConditionObject.await(AbstractQueuedSynchronizer.java:2039)&#10;        at java.util.concurrent.ArrayBlockingQueue.take(ArrayBlockingQueue.java:403)&#10;        at java.util.concurrent.ThreadPoolExecutor.getTask(ThreadPoolExecutor.java:1074)&#10;        at java.util.concurrent.ThreadPoolExecutor.runWorker(ThreadPoolExecutor.java:1134)&#10;        at java.util.concurrent.ThreadPoolExecutor$Worker.run(ThreadPoolExecutor.java:624)&#10;        at java.lang.Thread.run(Thread.java:748)&#10;&quot;pool-76-thread-48&quot;  prio=5 tid=699 in Object.wait()&#10;java.lang.Thread.State: WAITING (on object monitor)&#10;        at sun.misc.Unsafe.park(Native Method)&#10;        at java.util.concurrent.locks.LockSupport.park(LockSupport.java:175)&#10;        at java.util.concurrent.locks.AbstractQueuedSynchronizer$ConditionObject.await(AbstractQueuedSynchronizer.java:2039)&#10;        at java.util.concurrent.ArrayBlockingQueue.take(ArrayBlockingQueue.java:403)&#10;        at java.util.concurrent.ThreadPoolExecutor.getTask(ThreadPoolExecutor.java:1074)&#10;        at java.util.concurrent.ThreadPoolExecutor.runWorker(ThreadPoolExecutor.java:1134)&#10;        at java.util.concurrent.ThreadPoolExecutor$Worker.run(ThreadPoolExecutor.java:624)&#10;        at java.lang.Thread.run(Thread.java:748)&#10;&quot;IPC Server handler 14 on 44783&quot; daemon prio=5 tid=129 timed_waiting&#10;java.lang.Thread.State: TIMED_WAITING&#10;        at sun.misc.Unsafe.park(Native Method)&#10;        at java.util.concurrent.locks.LockSupport.parkNanos(LockSupport.java:215)&#10;        at java.util.concurrent.locks.AbstractQueuedSynchronizer$ConditionObject.awaitNanos(AbstractQueuedSynchronizer.java:2078)&#10;        at java.util.concurrent.LinkedBlockingQueue.poll(LinkedBlockingQueue.java:467)&#10;        at org.apache.hadoop.ipc.CallQueueManager.take(CallQueueManager.java:288)&#10;        at org.apache.hadoop.ipc.Server$Handler.run(Server.java:2668)&#10;&quot;metrics-hadoop-metrics2-reporter-54-thread-1&quot; daemon prio=5 tid=1002 timed_waiting&#10;java.lang.Thread.State: TIMED_WAITING&#10;        at sun.misc.Unsafe.park(Native Method)&#10;        at java.util.concurrent.locks.LockSupport.parkNanos(LockSupport.java:215)&#10;        at java.util.concurrent.locks.AbstractQueuedSynchronizer$ConditionObject.awaitNanos(AbstractQueuedSynchronizer.java:2078)&#10;        at java.util.concurrent.ScheduledThreadPoolExecutor$DelayedWorkQueue.take(ScheduledThreadPoolExecutor.java:1093)&#10;        at java.util.concurrent.ScheduledThreadPoolExecutor$DelayedWorkQueue.take(ScheduledThreadPoolExecutor.java:809)&#10;        at java.util.concurrent.ThreadPoolExecutor.getTask(ThreadPoolExecutor.java:1074)&#10;        at java.util.concurrent.ThreadPoolExecutor.runWorker(ThreadPoolExecutor.java:1134)&#10;        at java.util.concurrent.ThreadPoolExecutor$Worker.run(ThreadPoolExecutor.java:624)&#10;        at java.lang.Thread.run(Thread.java:748)&#10;&quot;pool-26-thread-13&quot;  prio=5 tid=374 in Object.wait()&#10;java.lang.Thread.State: WAITING (on object monitor)&#10;        at sun.misc.Unsafe.park(Native Method)&#10;        at java.util.concurrent.locks.LockSupport.park(LockSupport.java:175)&#10;        at java.util.concurrent.locks.AbstractQueuedSynchronizer$ConditionObject.await(AbstractQueuedSynchronizer.java:2039)&#10;        at java.util.concurrent.ArrayBlockingQueue.take(ArrayBlockingQueue.java:403)&#10;        at java.util.concurrent.ThreadPoolExecutor.getTask(ThreadPoolExecutor.java:1074)&#10;        at java.util.concurrent.ThreadPoolExecutor.runWorker(ThreadPoolExecutor.java:1134)&#10;        at java.util.concurrent.ThreadPoolExecutor$Worker.run(ThreadPoolExecutor.java:624)&#10;        at java.lang.Thread.run(Thread.java:748)&#10;&quot;pool-70-thread-1&quot;  prio=5 tid=266 timed_waiting&#10;java.lang.Thread.State: TIMED_WAITING&#10;        at sun.misc.Unsafe.park(Native Method)&#10;        at java.util.concurrent.locks.LockSupport.parkNanos(LockSupport.java:215)&#10;        at java.util.concurrent.locks.AbstractQueuedSynchronizer$ConditionObject.awaitNanos(AbstractQueuedSynchronizer.java:2078)&#10;        at java.util.concurrent.ScheduledThreadPoolExecutor$DelayedWorkQueue.take(ScheduledThreadPoolExecutor.java:1093)&#10;        at java.util.concurrent.ScheduledThreadPoolExecutor$DelayedWorkQueue.take(ScheduledThreadPoolExecutor.java:809)&#10;        at java.util.concurrent.ThreadPoolExecutor.getTask(ThreadPoolExecutor.java:1074)&#10;        at java.util.concurrent.ThreadPoolExecutor.runWorker(ThreadPoolExecutor.java:1134)&#10;        at java.util.concurrent.ThreadPoolExecutor$Worker.run(ThreadPoolExecutor.java:624)&#10;        at java.lang.Thread.run(Thread.java:748)&#10;&quot;pool-86-thread-24&quot;  prio=5 tid=737 in Object.wait()&#10;java.lang.Thread.State: WAITING (on object monitor)&#10;        at sun.misc.Unsafe.park(Native Method)&#10;        at java.util.concurrent.locks.LockSupport.park(LockSupport.java:175)&#10;        at java.util.concurrent.locks.AbstractQueuedSynchronizer$ConditionObject.await(AbstractQueuedSynchronizer.java:2039)&#10;        at java.util.concurrent.ArrayBlockingQueue.take(ArrayBlockingQueue.java:403)&#10;        at java.util.concurrent.ThreadPoolExecutor.getTask(ThreadPoolExecutor.java:1074)&#10;        at java.util.concurrent.ThreadPoolExecutor.runWorker(ThreadPoolExecutor.java:1134)&#10;        at java.util.concurrent.ThreadPoolExecutor$Worker.run(ThreadPoolExecutor.java:624)&#10;        at java.lang.Thread.run(Thread.java:748)&#10;&quot;grpc-default-executor-2&quot; daemon prio=5 tid=875 timed_waiting&#10;java.lang.Thread.State: TIMED_WAITING&#10;        at sun.misc.Unsafe.park(Native Method)&#10;        at java.util.concurrent.locks.LockSupport.parkNanos(LockSupport.java:215)&#10;        at java.util.concurrent.SynchronousQueue$TransferStack.awaitFulfill(SynchronousQueue.java:460)&#10;        at java.util.concurrent.SynchronousQueue$TransferStack.transfer(SynchronousQueue.java:362)&#10;        at java.util.concurrent.SynchronousQueue.poll(SynchronousQueue.java:941)&#10;        at java.util.concurrent.ThreadPoolExecutor.getTask(ThreadPoolExecutor.java:1073)&#10;        at java.util.concurrent.ThreadPoolExecutor.runWorker(ThreadPoolExecutor.java:1134)&#10;        at java.util.concurrent.ThreadPoolExecutor$Worker.run(ThreadPoolExecutor.java:624)&#10;        at java.lang.Thread.run(Thread.java:748)&#10;&quot;d2e56473-8267-4871-9849-be2e71e1a2dc@group-AFD3E3A39739-SegmentedRaftLogWorker&quot;  prio=5 tid=1059 timed_waiting&#10;java.lang.Thread.State: TIMED_WAITING&#10;        at sun.misc.Unsafe.park(Native Method)&#10;        at java.util.concurrent.locks.LockSupport.parkNanos(LockSupport.java:215)&#10;        at java.util.concurrent.locks.AbstractQueuedSynchronizer$ConditionObject.awaitNanos(AbstractQueuedSynchronizer.java:2078)&#10;        at org.apache.ratis.util.DataBlockingQueue.poll(DataBlockingQueue.java:137)&#10;        at org.apache.ratis.server.raftlog.segmented.SegmentedRaftLogWorker.run(SegmentedRaftLogWorker.java:282)&#10;        at java.lang.Thread.run(Thread.java:748)&#10;&quot;metrics-hadoop-metrics2-reporter-60-thread-1&quot; daemon prio=5 tid=1034 timed_waiting&#10;java.lang.Thread.State: TIMED_WAITING&#10;        at sun.misc.Unsafe.park(Native Method)&#10;        at java.util.concurrent.locks.LockSupport.parkNanos(LockSupport.java:215)&#10;        at java.util.concurrent.locks.AbstractQueuedSynchronizer$ConditionObject.awaitNanos(AbstractQueuedSynchronizer.java:2078)&#10;        at java.util.concurrent.ScheduledThreadPoolExecutor$DelayedWorkQueue.take(ScheduledThreadPoolExecutor.java:1093)&#10;        at java.util.concurrent.ScheduledThreadPoolExecutor$DelayedWorkQueue.take(ScheduledThreadPoolExecutor.java:809)&#10;        at java.util.concurrent.ThreadPoolExecutor.getTask(ThreadPoolExecutor.java:1074)&#10;        at java.util.concurrent.ThreadPoolExecutor.runWorker(ThreadPoolExecutor.java:1134)&#10;        at java.util.concurrent.ThreadPoolExecutor$Worker.run(ThreadPoolExecutor.java:624)&#10;        at java.lang.Thread.run(Thread.java:748)&#10;&quot;pool-76-thread-42&quot;  prio=5 tid=693 in Object.wait()&#10;java.lang.Thread.State: WAITING (on object monitor)&#10;        at sun.misc.Unsafe.park(Native Method)&#10;        at java.util.concurrent.locks.LockSupport.park(LockSupport.java:175)&#10;        at java.util.concurrent.locks.AbstractQueuedSynchronizer$ConditionObject.await(AbstractQueuedSynchronizer.java:2039)&#10;        at java.util.concurrent.ArrayBlockingQueue.take(ArrayBlockingQueue.java:403)&#10;        at java.util.concurrent.ThreadPoolExecutor.getTask(ThreadPoolExecutor.java:1074)&#10;        at java.util.concurrent.ThreadPoolExecutor.runWorker(ThreadPoolExecutor.java:1134)&#10;        at java.util.concurrent.ThreadPoolExecutor$Worker.run(ThreadPoolExecutor.java:624)&#10;        at java.lang.Thread.run(Thread.java:748)&#10;&quot;metrics-hadoop-metrics2-reporter-70-thread-1&quot; daemon prio=5 tid=1093 timed_waiting&#10;java.lang.Thread.State: TIMED_WAITING&#10;        at sun.misc.Unsafe.park(Native Method)&#10;        at java.util.concurrent.locks.LockSupport.parkNanos(LockSupport.java:215)&#10;        at java.util.concurrent.locks.AbstractQueuedSynchronizer$ConditionObject.awaitNanos(AbstractQueuedSynchronizer.java:2078)&#10;        at java.util.concurrent.ScheduledThreadPoolExecutor$DelayedWorkQueue.take(ScheduledThreadPoolExecutor.java:1093)&#10;        at java.util.concurrent.ScheduledThreadPoolExecutor$DelayedWorkQueue.take(ScheduledThreadPoolExecutor.java:809)&#10;        at java.util.concurrent.ThreadPoolExecutor.getTask(ThreadPoolExecutor.java:1074)&#10;        at java.util.concurrent.ThreadPoolExecutor.runWorker(ThreadPoolExecutor.java:1134)&#10;        at java.util.concurrent.ThreadPoolExecutor$Worker.run(ThreadPoolExecutor.java:624)&#10;        at java.lang.Thread.run(Thread.java:748)&#10;&quot;pool-36-thread-22&quot;  prio=5 tid=408 in Object.wait()&#10;java.lang.Thread.State: WAITING (on object monitor)&#10;        at sun.misc.Unsafe.park(Native Method)&#10;        at java.util.concurrent.locks.LockSupport.park(LockSupport.java:175)&#10;        at java.util.concurrent.locks.AbstractQueuedSynchronizer$ConditionObject.await(AbstractQueuedSynchronizer.java:2039)&#10;        at java.util.concurrent.ArrayBlockingQueue.take(ArrayBlockingQueue.java:403)&#10;        at java.util.concurrent.ThreadPoolExecutor.getTask(ThreadPoolExecutor.java:1074)&#10;        at java.util.concurrent.ThreadPoolExecutor.runWorker(ThreadPoolExecutor.java:1134)&#10;        at java.util.concurrent.ThreadPoolExecutor$Worker.run(ThreadPoolExecutor.java:624)&#10;        at java.lang.Thread.run(Thread.java:748)&#10;&quot;pool-66-thread-20&quot;  prio=5 tid=600 in Object.wait()&#10;java.lang.Thread.State: WAITING (on object monitor)&#10;        at sun.misc.Unsafe.park(Native Method)&#10;        at java.util.concurrent.locks.LockSupport.park(LockSupport.java:175)&#10;        at java.util.concurrent.locks.AbstractQueuedSynchronizer$ConditionObject.await(AbstractQueuedSynchronizer.java:2039)&#10;        at java.util.concurrent.ArrayBlockingQueue.take(ArrayBlockingQueue.java:403)&#10;        at java.util.concurrent.ThreadPoolExecutor.getTask(ThreadPoolExecutor.java:1074)&#10;        at java.util.concurrent.ThreadPoolExecutor.runWorker(ThreadPoolExecutor.java:1134)&#10;        at java.util.concurrent.ThreadPoolExecutor$Worker.run(ThreadPoolExecutor.java:624)&#10;        at java.lang.Thread.run(Thread.java:748)&#10;&quot;Periodic HDDS volume checker&quot;  prio=5 tid=178 timed_waiting&#10;java.lang.Thread.State: TIMED_WAITING&#10;        at sun.misc.Unsafe.park(Native Method)&#10;        at java.util.concurrent.locks.LockSupport.parkNanos(LockSupport.java:215)&#10;        at java.util.concurrent.locks.AbstractQueuedSynchronizer$ConditionObject.awaitNanos(AbstractQueuedSynchronizer.java:2078)&#10;        at java.util.concurrent.ScheduledThreadPoolExecutor$DelayedWorkQueue.take(ScheduledThreadPoolExecutor.java:1093)&#10;        at java.util.concurrent.ScheduledThreadPoolExecutor$DelayedWorkQueue.take(ScheduledThreadPoolExecutor.java:809)&#10;        at java.util.concurrent.ThreadPoolExecutor.getTask(ThreadPoolExecutor.java:1074)&#10;        at java.util.concurrent.ThreadPoolExecutor.runWorker(ThreadPoolExecutor.java:1134)&#10;        at java.util.concurrent.ThreadPoolExecutor$Worker.run(ThreadPoolExecutor.java:624)&#10;        at java.lang.Thread.run(Thread.java:748)&#10;&quot;pool-86-thread-53&quot;  prio=5 tid=766 in Object.wait()&#10;java.lang.Thread.State: WAITING (on object monitor)&#10;        at sun.misc.Unsafe.park(Native Method)&#10;        at java.util.concurrent.locks.LockSupport.park(LockSupport.java:175)&#10;        at java.util.concurrent.locks.AbstractQueuedSynchronizer$ConditionObject.await(AbstractQueuedSynchronizer.java:2039)&#10;        at java.util.concurrent.ArrayBlockingQueue.take(ArrayBlockingQueue.java:403)&#10;        at java.util.concurrent.ThreadPoolExecutor.getTask(ThreadPoolExecutor.java:1074)&#10;        at java.util.concurrent.ThreadPoolExecutor.runWorker(ThreadPoolExecutor.java:1134)&#10;        at java.util.concurrent.ThreadPoolExecutor$Worker.run(ThreadPoolExecutor.java:624)&#10;        at java.lang.Thread.run(Thread.java:748)&#10;&quot;pool-36-thread-21&quot;  prio=5 tid=404 in Object.wait()&#10;java.lang.Thread.State: WAITING (on object monitor)&#10;        at sun.misc.Unsafe.park(Native Method)&#10;        at java.util.concurrent.locks.LockSupport.park(LockSupport.java:175)&#10;        at java.util.concurrent.locks.AbstractQueuedSynchronizer$ConditionObject.await(AbstractQueuedSynchronizer.java:2039)&#10;        at java.util.concurrent.ArrayBlockingQueue.take(ArrayBlockingQueue.java:403)&#10;        at java.util.concurrent.ThreadPoolExecutor.getTask(ThreadPoolExecutor.java:1074)&#10;        at java.util.concurrent.ThreadPoolExecutor.runWorker(ThreadPoolExecutor.java:1134)&#10;        at java.util.concurrent.ThreadPoolExecutor$Worker.run(ThreadPoolExecutor.java:624)&#10;        at java.lang.Thread.run(Thread.java:748)&#10;&quot;pool-26-thread-7&quot;  prio=5 tid=356 in Object.wait()&#10;java.lang.Thread.State: WAITING (on object monitor)&#10;        at sun.misc.Unsafe.park(Native Method)&#10;        at java.util.concurrent.locks.LockSupport.park(LockSupport.java:175)&#10;        at java.util.concurrent.locks.AbstractQueuedSynchronizer$ConditionObject.await(AbstractQueuedSynchronizer.java:2039)&#10;        at java.util.concurrent.ArrayBlockingQueue.take(ArrayBlockingQueue.java:403)&#10;        at java.util.concurrent.ThreadPoolExecutor.getTask(ThreadPoolExecutor.java:1074)&#10;        at java.util.concurrent.ThreadPoolExecutor.runWorker(ThreadPoolExecutor.java:1134)&#10;        at java.util.concurrent.ThreadPoolExecutor$Worker.run(ThreadPoolExecutor.java:624)&#10;        at java.lang.Thread.run(Thread.java:748)&#10;&quot;metrics-hadoop-metrics2-reporter-30-thread-1&quot; daemon prio=5 tid=863 timed_waiting&#10;java.lang.Thread.State: TIMED_WAITING&#10;        at sun.misc.Unsafe.park(Native Method)&#10;        at java.util.concurrent.locks.LockSupport.parkNanos(LockSupport.java:215)&#10;        at java.util.concurrent.locks.AbstractQueuedSynchronizer$ConditionObject.awaitNanos(AbstractQueuedSynchronizer.java:2078)&#10;        at java.util.concurrent.ScheduledThreadPoolExecutor$DelayedWorkQueue.take(ScheduledThreadPoolExecutor.java:1093)&#10;        at java.util.concurrent.ScheduledThreadPoolExecutor$DelayedWorkQueue.take(ScheduledThreadPoolExecutor.java:809)&#10;        at java.util.concurrent.ThreadPoolExecutor.getTask(ThreadPoolExecutor.java:1074)&#10;        at java.util.concurrent.ThreadPoolExecutor.runWorker(ThreadPoolExecutor.java:1134)&#10;        at java.util.concurrent.ThreadPoolExecutor$Worker.run(ThreadPoolExecutor.java:624)&#10;        at java.lang.Thread.run(Thread.java:748)&#10;&quot;pool-26-thread-49&quot;  prio=5 tid=472 in Object.wait()&#10;java.lang.Thread.State: WAITING (on object monitor)&#10;        at sun.misc.Unsafe.park(Native Method)&#10;        at java.util.concurrent.locks.LockSupport.park(LockSupport.java:175)&#10;        at java.util.concurrent.locks.AbstractQueuedSynchronizer$ConditionObject.await(AbstractQueuedSynchronizer.java:2039)&#10;        at java.util.concurrent.ArrayBlockingQueue.take(ArrayBlockingQueue.java:403)&#10;        at java.util.concurrent.ThreadPoolExecutor.getTask(ThreadPoolExecutor.java:1074)&#10;        at java.util.concurrent.ThreadPoolExecutor.runWorker(ThreadPoolExecutor.java:1134)&#10;        at java.util.concurrent.ThreadPoolExecutor$Worker.run(ThreadPoolExecutor.java:624)&#10;        at java.lang.Thread.run(Thread.java:748)&#10;&quot;pool-86-thread-58&quot;  prio=5 tid=771 in Object.wait()&#10;java.lang.Thread.State: WAITING (on object monitor)&#10;        at sun.misc.Unsafe.park(Native Method)&#10;        at java.util.concurrent.locks.LockSupport.park(LockSupport.java:175)&#10;        at java.util.concurrent.locks.AbstractQueuedSynchronizer$ConditionObject.await(AbstractQueuedSynchronizer.java:2039)&#10;        at java.util.concurrent.ArrayBlockingQueue.take(ArrayBlockingQueue.java:403)&#10;        at java.util.concurrent.ThreadPoolExecutor.getTask(ThreadPoolExecutor.java:1074)&#10;        at java.util.concurrent.ThreadPoolExecutor.runWorker(ThreadPoolExecutor.java:1134)&#10;        at java.util.concurrent.ThreadPoolExecutor$Worker.run(ThreadPoolExecutor.java:624)&#10;        at java.lang.Thread.run(Thread.java:748)&#10;&quot;grpc-default-executor-4&quot; daemon prio=5 tid=941 timed_waiting&#10;java.lang.Thread.State: TIMED_WAITING&#10;        at sun.misc.Unsafe.park(Native Method)&#10;        at java.util.concurrent.locks.LockSupport.parkNanos(LockSupport.java:215)&#10;        at java.util.concurrent.SynchronousQueue$TransferStack.awaitFulfill(SynchronousQueue.java:460)&#10;        at java.util.concurrent.SynchronousQueue$TransferStack.transfer(SynchronousQueue.java:362)&#10;        at java.util.concurrent.SynchronousQueue.poll(SynchronousQueue.java:941)&#10;        at java.util.concurrent.ThreadPoolExecutor.getTask(ThreadPoolExecutor.java:1073)&#10;        at java.util.concurrent.ThreadPoolExecutor.runWorker(ThreadPoolExecutor.java:1134)&#10;        at java.util.concurrent.ThreadPoolExecutor$Worker.run(ThreadPoolExecutor.java:624)&#10;        at java.lang.Thread.run(Thread.java:748)&#10;&quot;pool-36-thread-60&quot;  prio=5 tid=512 in Object.wait()&#10;java.lang.Thread.State: WAITING (on object monitor)&#10;        at sun.misc.Unsafe.park(Native Method)&#10;        at java.util.concurrent.locks.LockSupport.park(LockSupport.java:175)&#10;        at java.util.concurrent.locks.AbstractQueuedSynchronizer$ConditionObject.await(AbstractQueuedSynchronizer.java:2039)&#10;        at java.util.concurrent.ArrayBlockingQueue.take(ArrayBlockingQueue.java:403)&#10;        at java.util.concurrent.ThreadPoolExecutor.getTask(ThreadPoolExecutor.java:1074)&#10;        at java.util.concurrent.ThreadPoolExecutor.runWorker(ThreadPoolExecutor.java:1134)&#10;        at java.util.concurrent.ThreadPoolExecutor$Worker.run(ThreadPoolExecutor.java:624)&#10;        at java.lang.Thread.run(Thread.java:748)&#10;&quot;pool-76-thread-29&quot;  prio=5 tid=680 in Object.wait()&#10;java.lang.Thread.State: WAITING (on object monitor)&#10;        at sun.misc.Unsafe.park(Native Method)&#10;        at java.util.concurrent.locks.LockSupport.park(LockSupport.java:175)&#10;        at java.util.concurrent.locks.AbstractQueuedSynchronizer$ConditionObject.await(AbstractQueuedSynchronizer.java:2039)&#10;        at java.util.concurrent.ArrayBlockingQueue.take(ArrayBlockingQueue.java:403)&#10;        at java.util.concurrent.ThreadPoolExecutor.getTask(ThreadPoolExecutor.java:1074)&#10;        at java.util.concurrent.ThreadPoolExecutor.runWorker(ThreadPoolExecutor.java:1134)&#10;        at java.util.concurrent.ThreadPoolExecutor$Worker.run(ThreadPoolExecutor.java:624)&#10;        at java.lang.Thread.run(Thread.java:748)&#10;&quot;pool-56-thread-46&quot;  prio=5 tid=566 in Object.wait()&#10;java.lang.Thread.State: WAITING (on object monitor)&#10;        at sun.misc.Unsafe.park(Native Method)&#10;        at java.util.concurrent.locks.LockSupport.park(LockSupport.java:175)&#10;        at java.util.concurrent.locks.AbstractQueuedSynchronizer$ConditionObject.await(AbstractQueuedSynchronizer.java:2039)&#10;        at java.util.concurrent.ArrayBlockingQueue.take(ArrayBlockingQueue.java:403)&#10;        at java.util.concurrent.ThreadPoolExecutor.getTask(ThreadPoolExecutor.java:1074)&#10;        at java.util.concurrent.ThreadPoolExecutor.runWorker(ThreadPoolExecutor.java:1134)&#10;        at java.util.concurrent.ThreadPoolExecutor$Worker.run(ThreadPoolExecutor.java:624)&#10;        at java.lang.Thread.run(Thread.java:748)&#10;&quot;pool-76-thread-23&quot;  prio=5 tid=674 in Object.wait()&#10;java.lang.Thread.State: WAITING (on object monitor)&#10;        at sun.misc.Unsafe.park(Native Method)&#10;        at java.util.concurrent.locks.LockSupport.park(LockSupport.java:175)&#10;        at java.util.concurrent.locks.AbstractQueuedSynchronizer$ConditionObject.await(AbstractQueuedSynchronizer.java:2039)&#10;        at java.util.concurrent.ArrayBlockingQueue.take(ArrayBlockingQueue.java:403)&#10;        at java.util.concurrent.ThreadPoolExecutor.getTask(ThreadPoolExecutor.java:1074)&#10;        at java.util.concurrent.ThreadPoolExecutor.runWorker(ThreadPoolExecutor.java:1134)&#10;        at java.util.concurrent.ThreadPoolExecutor$Worker.run(ThreadPoolExecutor.java:624)&#10;        at java.lang.Thread.run(Thread.java:748)&#10;&quot;pool-56-thread-48&quot;  prio=5 tid=568 in Object.wait()&#10;java.lang.Thread.State: WAITING (on object monitor)&#10;        at sun.misc.Unsafe.park(Native Method)&#10;        at java.util.concurrent.locks.LockSupport.park(LockSupport.java:175)&#10;        at java.util.concurrent.locks.AbstractQueuedSynchronizer$ConditionObject.await(AbstractQueuedSynchronizer.java:2039)&#10;        at java.util.concurrent.ArrayBlockingQueue.take(ArrayBlockingQueue.java:403)&#10;        at java.util.concurrent.ThreadPoolExecutor.getTask(ThreadPoolExecutor.java:1074)&#10;        at java.util.concurrent.ThreadPoolExecutor.runWorker(ThreadPoolExecutor.java:1134)&#10;        at java.util.concurrent.ThreadPoolExecutor$Worker.run(ThreadPoolExecutor.java:624)&#10;        at java.lang.Thread.run(Thread.java:748)&#10;&quot;metrics-hadoop-metrics2-reporter-41-thread-1&quot; daemon prio=5 tid=897 timed_waiting&#10;java.lang.Thread.State: TIMED_WAITING&#10;        at sun.misc.Unsafe.park(Native Method)&#10;        at java.util.concurrent.locks.LockSupport.parkNanos(LockSupport.java:215)&#10;        at java.util.concurrent.locks.AbstractQueuedSynchronizer$ConditionObject.awaitNanos(AbstractQueuedSynchronizer.java:2078)&#10;        at java.util.concurrent.ScheduledThreadPoolExecutor$DelayedWorkQueue.take(ScheduledThreadPoolExecutor.java:1093)&#10;        at java.util.concurrent.ScheduledThreadPoolExecutor$DelayedWorkQueue.take(ScheduledThreadPoolExecutor.java:809)&#10;        at java.util.concurrent.ThreadPoolExecutor.getTask(ThreadPoolExecutor.java:1074)&#10;        at java.util.concurrent.ThreadPoolExecutor.runWorker(ThreadPoolExecutor.java:1134)&#10;        at java.util.concurrent.ThreadPoolExecutor$Worker.run(ThreadPoolExecutor.java:624)&#10;        at java.lang.Thread.run(Thread.java:748)&#10;&quot;pool-66-thread-9&quot;  prio=5 tid=589 in Object.wait()&#10;java.lang.Thread.State: WAITING (on object monitor)&#10;        at sun.misc.Unsafe.park(Native Method)&#10;        at java.util.concurrent.locks.LockSupport.park(LockSupport.java:175)&#10;        at java.util.concurrent.locks.AbstractQueuedSynchronizer$ConditionObject.await(AbstractQueuedSynchronizer.java:2039)&#10;        at java.util.concurrent.ArrayBlockingQueue.take(ArrayBlockingQueue.java:403)&#10;        at java.util.concurrent.ThreadPoolExecutor.getTask(ThreadPoolExecutor.java:1074)&#10;        at java.util.concurrent.ThreadPoolExecutor.runWorker(ThreadPoolExecutor.java:1134)&#10;        at java.util.concurrent.ThreadPoolExecutor$Worker.run(ThreadPoolExecutor.java:624)&#10;        at java.lang.Thread.run(Thread.java:748)&#10;&quot;org.eclipse.jetty.server.session.HashSessionManager@5f038248Timer&quot; daemon prio=5 tid=168 timed_waiting&#10;java.lang.Thread.State: TIMED_WAITING&#10;        at sun.misc.Unsafe.park(Native Method)&#10;        at java.util.concurrent.locks.LockSupport.parkNanos(LockSupport.java:215)&#10;        at java.util.concurrent.locks.AbstractQueuedSynchronizer$ConditionObject.awaitNanos(AbstractQueuedSynchronizer.java:2078)&#10;        at java.util.concurrent.ScheduledThreadPoolExecutor$DelayedWorkQueue.take(ScheduledThreadPoolExecutor.java:1093)&#10;        at java.util.concurrent.ScheduledThreadPoolExecutor$DelayedWorkQueue.take(ScheduledThreadPoolExecutor.java:809)&#10;        at java.util.concurrent.ThreadPoolExecutor.getTask(ThreadPoolExecutor.java:1074)&#10;        at java.util.concurrent.ThreadPoolExecutor.runWorker(ThreadPoolExecutor.java:1134)&#10;        at java.util.concurrent.ThreadPoolExecutor$Worker.run(ThreadPoolExecutor.java:624)&#10;        at java.lang.Thread.run(Thread.java:748)&#10;&quot;IPC Server handler 19 on 45589&quot; daemon prio=5 tid=48 timed_waiting&#10;java.lang.Thread.State: TIMED_WAITING&#10;        at sun.misc.Unsafe.park(Native Method)&#10;        at java.util.concurrent.locks.LockSupport.parkNanos(LockSupport.java:215)&#10;        at java.util.concurrent.locks.AbstractQueuedSynchronizer$ConditionObject.awaitNanos(AbstractQueuedSynchronizer.java:2078)&#10;        at java.util.concurrent.LinkedBlockingQueue.poll(LinkedBlockingQueue.java:467)&#10;        at org.apache.hadoop.ipc.CallQueueManager.take(CallQueueManager.java:288)&#10;        at org.apache.hadoop.ipc.Server$Handler.run(Server.java:2668)&#10;&quot;Datanode ReportManager Thread - 1&quot; daemon prio=5 tid=172 in Object.wait()&#10;java.lang.Thread.State: WAITING (on object monitor)&#10;        at sun.misc.Unsafe.park(Native Method)&#10;        at java.util.concurrent.locks.LockSupport.park(LockSupport.java:175)&#10;        at java.util.concurrent.locks.AbstractQueuedSynchronizer$ConditionObject.await(AbstractQueuedSynchronizer.java:2039)&#10;        at java.util.concurrent.ScheduledThreadPoolExecutor$DelayedWorkQueue.take(ScheduledThreadPoolExecutor.java:1088)&#10;        at java.util.concurrent.ScheduledThreadPoolExecutor$DelayedWorkQueue.take(ScheduledThreadPoolExecutor.java:809)&#10;        at java.util.concurrent.ThreadPoolExecutor.getTask(ThreadPoolExecutor.java:1074)&#10;        at java.util.concurrent.ThreadPoolExecutor.runWorker(ThreadPoolExecutor.java:1134)&#10;        at java.util.concurrent.ThreadPoolExecutor$Worker.run(ThreadPoolExecutor.java:624)&#10;        at java.lang.Thread.run(Thread.java:748)&#10;&quot;pool-36-thread-47&quot;  prio=5 tid=487 in Object.wait()&#10;java.lang.Thread.State: WAITING (on object monitor)&#10;        at sun.misc.Unsafe.park(Native Method)&#10;        at java.util.concurrent.locks.LockSupport.park(LockSupport.java:175)&#10;        at java.util.concurrent.locks.AbstractQueuedSynchronizer$ConditionObject.await(AbstractQueuedSynchronizer.java:2039)&#10;        at java.util.concurrent.ArrayBlockingQueue.take(ArrayBlockingQueue.java:403)&#10;        at java.util.concurrent.ThreadPoolExecutor.getTask(ThreadPoolExecutor.java:1074)&#10;        at java.util.concurrent.ThreadPoolExecutor.runWorker(ThreadPoolExecutor.java:1134)&#10;        at java.util.concurrent.ThreadPoolExecutor$Worker.run(ThreadPoolExecutor.java:624)&#10;        at java.lang.Thread.run(Thread.java:748)&#10;&quot;pool-66-thread-54&quot;  prio=5 tid=634 in Object.wait()&#10;java.lang.Thread.State: WAITING (on object monitor)&#10;        at sun.misc.Unsafe.park(Native Method)&#10;        at java.util.concurrent.locks.LockSupport.park(LockSupport.java:175)&#10;        at java.util.concurrent.locks.AbstractQueuedSynchronizer$ConditionObject.await(AbstractQueuedSynchronizer.java:2039)&#10;        at java.util.concurrent.ArrayBlockingQueue.take(ArrayBlockingQueue.java:403)&#10;        at java.util.concurrent.ThreadPoolExecutor.getTask(ThreadPoolExecutor.java:1074)&#10;        at java.util.concurrent.ThreadPoolExecutor.runWorker(ThreadPoolExecutor.java:1134)&#10;        at java.util.concurrent.ThreadPoolExecutor$Worker.run(ThreadPoolExecutor.java:624)&#10;        at java.lang.Thread.run(Thread.java:748)&#10;&quot;pool-46-thread-51&quot;  prio=5 tid=508 in Object.wait()&#10;java.lang.Thread.State: WAITING (on object monitor)&#10;        at sun.misc.Unsafe.park(Native Method)&#10;        at java.util.concurrent.locks.LockSupport.park(LockSupport.java:175)&#10;        at java.util.concurrent.locks.AbstractQueuedSynchronizer$ConditionObject.await(AbstractQueuedSynchronizer.java:2039)&#10;        at java.util.concurrent.ArrayBlockingQueue.take(ArrayBlockingQueue.java:403)&#10;        at java.util.concurrent.ThreadPoolExecutor.getTask(ThreadPoolExecutor.java:1074)&#10;        at java.util.concurrent.ThreadPoolExecutor.runWorker(ThreadPoolExecutor.java:1134)&#10;        at java.util.concurrent.ThreadPoolExecutor$Worker.run(ThreadPoolExecutor.java:624)&#10;        at java.lang.Thread.run(Thread.java:748)&#10;&quot;EventQueue-NewNodeForNewNodeHandler&quot; daemon prio=5 tid=776 in Object.wait()&#10;java.lang.Thread.State: WAITING (on object monitor)&#10;        at sun.misc.Unsafe.park(Native Method)&#10;        at java.util.concurrent.locks.LockSupport.park(LockSupport.java:175)&#10;        at java.util.concurrent.locks.AbstractQueuedSynchronizer$ConditionObject.await(AbstractQueuedSynchronizer.java:2039)&#10;        at java.util.concurrent.LinkedBlockingQueue.take(LinkedBlockingQueue.java:442)&#10;        at java.util.concurrent.ThreadPoolExecutor.getTask(ThreadPoolExecutor.java:1074)&#10;        at java.util.concurrent.ThreadPoolExecutor.runWorker(ThreadPoolExecutor.java:1134)&#10;        at java.util.concurrent.ThreadPoolExecutor$Worker.run(ThreadPoolExecutor.java:624)&#10;        at java.lang.Thread.run(Thread.java:748)&#10;&quot;qtp1981708431-187-acceptor-0@402c0b19-ServerConnector@7add323c{HTTP/1.1,[http/1.1]}{0.0.0.0:43352}&quot; daemon prio=3 tid=187 runnable&#10;java.lang.Thread.State: RUNNABLE&#10;        at sun.nio.ch.ServerSocketChannelImpl.accept0(Native Method)&#10;        at sun.nio.ch.ServerSocketChannelImpl.accept(ServerSocketChannelImpl.java:422)&#10;        at sun.nio.ch.ServerSocketChannelImpl.accept(ServerSocketChannelImpl.java:250)&#10;        at org.eclipse.jetty.server.ServerConnector.accept(ServerConnector.java:397)&#10;        at org.eclipse.jetty.server.AbstractConnector$Acceptor.run(AbstractConnector.java:601)&#10;        at org.eclipse.jetty.util.thread.QueuedThreadPool.runJob(QueuedThreadPool.java:671)&#10;        at org.eclipse.jetty.util.thread.QueuedThreadPool$2.run(QueuedThreadPool.java:589)&#10;        at java.lang.Thread.run(Thread.java:748)&#10;&quot;pool-76-thread-41&quot;  prio=5 tid=692 in Object.wait()&#10;java.lang.Thread.State: WAITING (on object monitor)&#10;        at sun.misc.Unsafe.park(Native Method)&#10;        at java.util.concurrent.locks.LockSupport.park(LockSupport.java:175)&#10;        at java.util.concurrent.locks.AbstractQueuedSynchronizer$ConditionObject.await(AbstractQueuedSynchronizer.java:2039)&#10;        at java.util.concurrent.ArrayBlockingQueue.take(ArrayBlockingQueue.java:403)&#10;        at java.util.concurrent.ThreadPoolExecutor.getTask(ThreadPoolExecutor.java:1074)&#10;        at java.util.concurrent.ThreadPoolExecutor.runWorker(ThreadPoolExecutor.java:1134)&#10;        at java.util.concurrent.ThreadPoolExecutor$Worker.run(ThreadPoolExecutor.java:624)&#10;        at java.lang.Thread.run(Thread.java:748)&#10;&quot;pool-56-thread-10&quot;  prio=5 tid=530 in Object.wait()&#10;java.lang.Thread.State: WAITING (on object monitor)&#10;        at sun.misc.Unsafe.park(Native Method)&#10;        at java.util.concurrent.locks.LockSupport.park(LockSupport.java:175)&#10;        at java.util.concurrent.locks.AbstractQueuedSynchronizer$ConditionObject.await(AbstractQueuedSynchronizer.java:2039)&#10;        at java.util.concurrent.ArrayBlockingQueue.take(ArrayBlockingQueue.java:403)&#10;        at java.util.concurrent.ThreadPoolExecutor.getTask(ThreadPoolExecutor.java:1074)&#10;        at java.util.concurrent.ThreadPoolExecutor.runWorker(ThreadPoolExecutor.java:1134)&#10;        at java.util.concurrent.ThreadPoolExecutor$Worker.run(ThreadPoolExecutor.java:624)&#10;        at java.lang.Thread.run(Thread.java:748)&#10;&quot;pool-46-thread-33&quot;  prio=5 tid=449 in Object.wait()&#10;java.lang.Thread.State: WAITING (on object monitor)&#10;        at sun.misc.Unsafe.park(Native Method)&#10;        at java.util.concurrent.locks.LockSupport.park(LockSupport.java:175)&#10;        at java.util.concurrent.locks.AbstractQueuedSynchronizer$ConditionObject.await(AbstractQueuedSynchronizer.java:2039)&#10;        at java.util.concurrent.ArrayBlockingQueue.take(ArrayBlockingQueue.java:403)&#10;        at java.util.concurrent.ThreadPoolExecutor.getTask(ThreadPoolExecutor.java:1074)&#10;        at java.util.concurrent.ThreadPoolExecutor.runWorker(ThreadPoolExecutor.java:1134)&#10;        at java.util.concurrent.ThreadPoolExecutor$Worker.run(ThreadPoolExecutor.java:624)&#10;        at java.lang.Thread.run(Thread.java:748)&#10;&quot;org.eclipse.jetty.server.session.HashSessionManager@54e3658cTimer&quot; daemon prio=5 tid=223 timed_waiting&#10;java.lang.Thread.State: TIMED_WAITING&#10;        at sun.misc.Unsafe.park(Native Method)&#10;        at java.util.concurrent.locks.LockSupport.parkNanos(LockSupport.java:215)&#10;        at java.util.concurrent.locks.AbstractQueuedSynchronizer$ConditionObject.awaitNanos(AbstractQueuedSynchronizer.java:2078)&#10;        at java.util.concurrent.ScheduledThreadPoolExecutor$DelayedWorkQueue.take(ScheduledThreadPoolExecutor.java:1093)&#10;        at java.util.concurrent.ScheduledThreadPoolExecutor$DelayedWorkQueue.take(ScheduledThreadPoolExecutor.java:809)&#10;        at java.util.concurrent.ThreadPoolExecutor.getTask(ThreadPoolExecutor.java:1074)&#10;        at java.util.concurrent.ThreadPoolExecutor.runWorker(ThreadPoolExecutor.java:1134)&#10;        at java.util.concurrent.ThreadPoolExecutor$Worker.run(ThreadPoolExecutor.java:624)&#10;        at java.lang.Thread.run(Thread.java:748)&#10;&quot;pool-86-thread-41&quot;  prio=5 tid=754 in Object.wait()&#10;java.lang.Thread.State: WAITING (on object monitor)&#10;        at sun.misc.Unsafe.park(Native Method)&#10;        at java.util.concurrent.locks.LockSupport.park(LockSupport.java:175)&#10;        at java.util.concurrent.locks.AbstractQueuedSynchronizer$ConditionObject.await(AbstractQueuedSynchronizer.java:2039)&#10;        at java.util.concurrent.ArrayBlockingQueue.take(ArrayBlockingQueue.java:403)&#10;        at java.util.concurrent.ThreadPoolExecutor.getTask(ThreadPoolExecutor.java:1074)&#10;        at java.util.concurrent.ThreadPoolExecutor.runWorker(ThreadPoolExecutor.java:1134)&#10;        at java.util.concurrent.ThreadPoolExecutor$Worker.run(ThreadPoolExecutor.java:624)&#10;        at java.lang.Thread.run(Thread.java:748)&#10;&quot;metrics-hadoop-metrics2-reporter-61-thread-1&quot; daemon prio=5 tid=1035 timed_waiting&#10;java.lang.Thread.State: TIMED_WAITING&#10;        at sun.misc.Unsafe.park(Native Method)&#10;        at java.util.concurrent.locks.LockSupport.parkNanos(LockSupport.java:215)&#10;        at java.util.concurrent.locks.AbstractQueuedSynchronizer$ConditionObject.awaitNanos(AbstractQueuedSynchronizer.java:2078)&#10;        at java.util.concurrent.ScheduledThreadPoolExecutor$DelayedWorkQueue.take(ScheduledThreadPoolExecutor.java:1093)&#10;        at java.util.concurrent.ScheduledThreadPoolExecutor$DelayedWorkQueue.take(ScheduledThreadPoolExecutor.java:809)&#10;        at java.util.concurrent.ThreadPoolExecutor.getTask(ThreadPoolExecutor.java:1074)&#10;        at java.util.concurrent.ThreadPoolExecutor.runWorker(ThreadPoolExecutor.java:1134)&#10;        at java.util.concurrent.ThreadPoolExecutor$Worker.run(ThreadPoolExecutor.java:624)&#10;        at java.lang.Thread.run(Thread.java:748)&#10;&quot;pool-56-thread-59&quot;  prio=5 tid=579 in Object.wait()&#10;java.lang.Thread.State: WAITING (on object monitor)&#10;        at sun.misc.Unsafe.park(Native Method)&#10;        at java.util.concurrent.locks.LockSupport.park(LockSupport.java:175)&#10;        at java.util.concurrent.locks.AbstractQueuedSynchronizer$ConditionObject.await(AbstractQueuedSynchronizer.java:2039)&#10;        at java.util.concurrent.ArrayBlockingQueue.take(ArrayBlockingQueue.java:403)&#10;        at java.util.concurrent.ThreadPoolExecutor.getTask(ThreadPoolExecutor.java:1074)&#10;        at java.util.concurrent.ThreadPoolExecutor.runWorker(ThreadPoolExecutor.java:1134)&#10;        at java.util.concurrent.ThreadPoolExecutor$Worker.run(ThreadPoolExecutor.java:624)&#10;        at java.lang.Thread.run(Thread.java:748)&#10;&quot;pool-76-thread-12&quot;  prio=5 tid=663 in Object.wait()&#10;java.lang.Thread.State: WAITING (on object monitor)&#10;        at sun.misc.Unsafe.park(Native Method)&#10;        at java.util.concurrent.locks.LockSupport.park(LockSupport.java:175)&#10;        at java.util.concurrent.locks.AbstractQueuedSynchronizer$ConditionObject.await(AbstractQueuedSynchronizer.java:2039)&#10;        at java.util.concurrent.ArrayBlockingQueue.take(ArrayBlockingQueue.java:403)&#10;        at java.util.concurrent.ThreadPoolExecutor.getTask(ThreadPoolExecutor.java:1074)&#10;        at java.util.concurrent.ThreadPoolExecutor.runWorker(ThreadPoolExecutor.java:1134)&#10;        at java.util.concurrent.ThreadPoolExecutor$Worker.run(ThreadPoolExecutor.java:624)&#10;        at java.lang.Thread.run(Thread.java:748)&#10;&quot;qtp1168956689-324&quot; daemon prio=5 tid=324 timed_waiting&#10;java.lang.Thread.State: TIMED_WAITING&#10;        at sun.misc.Unsafe.park(Native Method)&#10;        at java.util.concurrent.locks.LockSupport.parkNanos(LockSupport.java:215)&#10;        at java.util.concurrent.locks.AbstractQueuedSynchronizer$ConditionObject.awaitNanos(AbstractQueuedSynchronizer.java:2078)&#10;        at org.eclipse.jetty.util.BlockingArrayQueue.poll(BlockingArrayQueue.java:392)&#10;        at org.eclipse.jetty.util.thread.QueuedThreadPool.idleJobPoll(QueuedThreadPool.java:563)&#10;        at org.eclipse.jetty.util.thread.QueuedThreadPool.access$800(QueuedThreadPool.java:48)&#10;        at org.eclipse.jetty.util.thread.QueuedThreadPool$2.run(QueuedThreadPool.java:626)&#10;        at java.lang.Thread.run(Thread.java:748)&#10;&quot;Thread-262&quot; daemon prio=5 tid=848 timed_waiting&#10;java.lang.Thread.State: TIMED_WAITING&#10;        at sun.misc.Unsafe.park(Native Method)&#10;        at java.util.concurrent.locks.LockSupport.parkNanos(LockSupport.java:215)&#10;        at java.util.concurrent.locks.AbstractQueuedSynchronizer$ConditionObject.awaitNanos(AbstractQueuedSynchronizer.java:2078)&#10;        at java.util.concurrent.ArrayBlockingQueue.poll(ArrayBlockingQueue.java:418)&#10;        at org.apache.ratis.server.impl.LeaderState$EventQueue.poll(LeaderState.java:115)&#10;        at org.apache.ratis.server.impl.LeaderState$EventProcessor.run(LeaderState.java:467)&#10;&quot;qtp1168956689-322-acceptor-0@2046978e-ServerConnector@372ca2d6{HTTP/1.1,[http/1.1]}{0.0.0.0:44495}&quot; daemon prio=3 tid=322 runnable&#10;java.lang.Thread.State: RUNNABLE&#10;        at sun.nio.ch.ServerSocketChannelImpl.accept0(Native Method)&#10;        at sun.nio.ch.ServerSocketChannelImpl.accept(ServerSocketChannelImpl.java:422)&#10;        at sun.nio.ch.ServerSocketChannelImpl.accept(ServerSocketChannelImpl.java:250)&#10;        at org.eclipse.jetty.server.ServerConnector.accept(ServerConnector.java:397)&#10;        at org.eclipse.jetty.server.AbstractConnector$Acceptor.run(AbstractConnector.java:601)&#10;        at org.eclipse.jetty.util.thread.QueuedThreadPool.runJob(QueuedThreadPool.java:671)&#10;        at org.eclipse.jetty.util.thread.QueuedThreadPool$2.run(QueuedThreadPool.java:589)&#10;        at java.lang.Thread.run(Thread.java:748)&#10;&quot;org.apache.hadoop.util.JvmPauseMonitor$Monitor@687a762c&quot; daemon prio=5 tid=103 timed_waiting&#10;java.lang.Thread.State: TIMED_WAITING&#10;        at java.lang.Thread.sleep(Native Method)&#10;        at org.apache.hadoop.util.JvmPauseMonitor$Monitor.run(JvmPauseMonitor.java:192)&#10;        at java.lang.Thread.run(Thread.java:748)&#10;&quot;Datanode ReportManager Thread - 1&quot; daemon prio=5 tid=226 in Object.wait()&#10;java.lang.Thread.State: WAITING (on object monitor)&#10;        at sun.misc.Unsafe.park(Native Method)&#10;        at java.util.concurrent.locks.LockSupport.park(LockSupport.java:175)&#10;        at java.util.concurrent.locks.AbstractQueuedSynchronizer$ConditionObject.await(AbstractQueuedSynchronizer.java:2039)&#10;        at java.util.concurrent.ScheduledThreadPoolExecutor$DelayedWorkQueue.take(ScheduledThreadPoolExecutor.java:1088)&#10;        at java.util.concurrent.ScheduledThreadPoolExecutor$DelayedWorkQueue.take(ScheduledThreadPoolExecutor.java:809)&#10;        at java.util.concurrent.ThreadPoolExecutor.getTask(ThreadPoolExecutor.java:1074)&#10;        at java.util.concurrent.ThreadPoolExecutor.runWorker(ThreadPoolExecutor.java:1134)&#10;        at java.util.concurrent.ThreadPoolExecutor$Worker.run(ThreadPoolExecutor.java:624)&#10;        at java.lang.Thread.run(Thread.java:748)&#10;&quot;IPC Server handler 1 on 45589&quot; daemon prio=5 tid=30 timed_waiting&#10;java.lang.Thread.State: TIMED_WAITING&#10;        at sun.misc.Unsafe.park(Native Method)&#10;        at java.util.concurrent.locks.LockSupport.parkNanos(LockSupport.java:215)&#10;        at java.util.concurrent.locks.AbstractQueuedSynchronizer$ConditionObject.awaitNanos(AbstractQueuedSynchronizer.java:2078)&#10;        at java.util.concurrent.LinkedBlockingQueue.poll(LinkedBlockingQueue.java:467)&#10;        at org.apache.hadoop.ipc.CallQueueManager.take(CallQueueManager.java:288)&#10;        at org.apache.hadoop.ipc.Server$Handler.run(Server.java:2668)&#10;&quot;qtp1981708431-188&quot; daemon prio=5 tid=188 timed_waiting&#10;java.lang.Thread.State: TIMED_WAITING&#10;        at sun.misc.Unsafe.park(Native Method)&#10;        at java.util.concurrent.locks.LockSupport.parkNanos(LockSupport.java:215)&#10;        at java.util.concurrent.locks.AbstractQueuedSynchronizer$ConditionObject.awaitNanos(AbstractQueuedSynchronizer.java:2078)&#10;        at org.eclipse.jetty.util.BlockingArrayQueue.poll(BlockingArrayQueue.java:392)&#10;        at org.eclipse.jetty.util.thread.QueuedThreadPool.idleJobPoll(QueuedThreadPool.java:563)&#10;        at org.eclipse.jetty.util.thread.QueuedThreadPool.access$800(QueuedThreadPool.java:48)&#10;        at org.eclipse.jetty.util.thread.QueuedThreadPool$2.run(QueuedThreadPool.java:626)&#10;        at java.lang.Thread.run(Thread.java:748)&#10;&quot;pool-86-thread-5&quot;  prio=5 tid=718 in Object.wait()&#10;java.lang.Thread.State: WAITING (on object monitor)&#10;        at sun.misc.Unsafe.park(Native Method)&#10;        at java.util.concurrent.locks.LockSupport.park(LockSupport.java:175)&#10;        at java.util.concurrent.locks.AbstractQueuedSynchronizer$ConditionObject.await(AbstractQueuedSynchronizer.java:2039)&#10;        at java.util.concurrent.ArrayBlockingQueue.take(ArrayBlockingQueue.java:403)&#10;        at java.util.concurrent.ThreadPoolExecutor.getTask(ThreadPoolExecutor.java:1074)&#10;        at java.util.concurrent.ThreadPoolExecutor.runWorker(ThreadPoolExecutor.java:1134)&#10;        at java.util.concurrent.ThreadPoolExecutor$Worker.run(ThreadPoolExecutor.java:624)&#10;        at java.lang.Thread.run(Thread.java:748)&#10;&quot;pool-46-thread-30&quot;  prio=5 tid=440 in Object.wait()&#10;java.lang.Thread.State: WAITING (on object monitor)&#10;        at sun.misc.Unsafe.park(Native Method)&#10;        at java.util.concurrent.locks.LockSupport.park(LockSupport.java:175)&#10;        at java.util.concurrent.locks.AbstractQueuedSynchronizer$ConditionObject.await(AbstractQueuedSynchronizer.java:2039)&#10;        at java.util.concurrent.ArrayBlockingQueue.take(ArrayBlockingQueue.java:403)&#10;        at java.util.concurrent.ThreadPoolExecutor.getTask(ThreadPoolExecutor.java:1074)&#10;        at java.util.concurrent.ThreadPoolExecutor.runWorker(ThreadPoolExecutor.java:1134)&#10;        at java.util.concurrent.ThreadPoolExecutor$Worker.run(ThreadPoolExecutor.java:624)&#10;        at java.lang.Thread.run(Thread.java:748)&#10;&quot;pool-46-thread-34&quot;  prio=5 tid=452 in Object.wait()&#10;java.lang.Thread.State: WAITING (on object monitor)&#10;        at sun.misc.Unsafe.park(Native Method)&#10;        at java.util.concurrent.locks.LockSupport.park(LockSupport.java:175)&#10;        at java.util.concurrent.locks.AbstractQueuedSynchronizer$ConditionObject.await(AbstractQueuedSynchronizer.java:2039)&#10;        at java.util.concurrent.ArrayBlockingQueue.take(ArrayBlockingQueue.java:403)&#10;        at java.util.concurrent.ThreadPoolExecutor.getTask(ThreadPoolExecutor.java:1074)&#10;        at java.util.concurrent.ThreadPoolExecutor.runWorker(ThreadPoolExecutor.java:1134)&#10;        at java.util.concurrent.ThreadPoolExecutor$Worker.run(ThreadPoolExecutor.java:624)&#10;        at java.lang.Thread.run(Thread.java:748)&#10;&quot;qtp1187146208-218&quot; daemon prio=5 tid=218 timed_waiting&#10;java.lang.Thread.State: TIMED_WAITING&#10;        at sun.misc.Unsafe.park(Native Method)&#10;        at java.util.concurrent.locks.LockSupport.parkNanos(LockSupport.java:215)&#10;        at java.util.concurrent.locks.AbstractQueuedSynchronizer$ConditionObject.awaitNanos(AbstractQueuedSynchronizer.java:2078)&#10;        at org.eclipse.jetty.util.BlockingArrayQueue.poll(BlockingArrayQueue.java:392)&#10;        at org.eclipse.jetty.util.thread.QueuedThreadPool.idleJobPoll(QueuedThreadPool.java:563)&#10;        at org.eclipse.jetty.util.thread.QueuedThreadPool.access$800(QueuedThreadPool.java:48)&#10;        at org.eclipse.jetty.util.thread.QueuedThreadPool$2.run(QueuedThreadPool.java:626)&#10;        at java.lang.Thread.run(Thread.java:748)&#10;&quot;qtp1991386317-137-acceptor-0@5353e805-ServerConnector@41aaedaa{HTTP/1.1,[http/1.1]}{0.0.0.0:42851}&quot; daemon prio=3 tid=137 runnable&#10;java.lang.Thread.State: RUNNABLE&#10;        at sun.nio.ch.ServerSocketChannelImpl.accept0(Native Method)&#10;        at sun.nio.ch.ServerSocketChannelImpl.accept(ServerSocketChannelImpl.java:422)&#10;        at sun.nio.ch.ServerSocketChannelImpl.accept(ServerSocketChannelImpl.java:250)&#10;        at org.eclipse.jetty.server.ServerConnector.accept(ServerConnector.java:397)&#10;        at org.eclipse.jetty.server.AbstractConnector$Acceptor.run(AbstractConnector.java:601)&#10;        at org.eclipse.jetty.util.thread.QueuedThreadPool.runJob(QueuedThreadPool.java:671)&#10;        at org.eclipse.jetty.util.thread.QueuedThreadPool$2.run(QueuedThreadPool.java:589)&#10;        at java.lang.Thread.run(Thread.java:748)&#10;&quot;pool-46-thread-38&quot;  prio=5 tid=463 in Object.wait()&#10;java.lang.Thread.State: WAITING (on object monitor)&#10;        at sun.misc.Unsafe.park(Native Method)&#10;        at java.util.concurrent.locks.LockSupport.park(LockSupport.java:175)&#10;        at java.util.concurrent.locks.AbstractQueuedSynchronizer$ConditionObject.await(AbstractQueuedSynchronizer.java:2039)&#10;        at java.util.concurrent.ArrayBlockingQueue.take(ArrayBlockingQueue.java:403)&#10;        at java.util.concurrent.ThreadPoolExecutor.getTask(ThreadPoolExecutor.java:1074)&#10;        at java.util.concurrent.ThreadPoolExecutor.runWorker(ThreadPoolExecutor.java:1134)&#10;        at java.util.concurrent.ThreadPoolExecutor$Worker.run(ThreadPoolExecutor.java:624)&#10;        at java.lang.Thread.run(Thread.java:748)&#10;&quot;IPC Server listener on 36674&quot; daemon prio=5 tid=14 runnable&#10;java.lang.Thread.State: RUNNABLE&#10;        at sun.nio.ch.EPollArrayWrapper.epollWait(Native Method)&#10;        at sun.nio.ch.EPollArrayWrapper.poll(EPollArrayWrapper.java:269)&#10;        at sun.nio.ch.EPollSelectorImpl.doSelect(EPollSelectorImpl.java:93)&#10;        at sun.nio.ch.SelectorImpl.lockAndDoSelect(SelectorImpl.java:86)&#10;        at sun.nio.ch.SelectorImpl.select(SelectorImpl.java:97)&#10;        at sun.nio.ch.SelectorImpl.select(SelectorImpl.java:101)&#10;        at org.apache.hadoop.ipc.Server$Listener.run(Server.java:1159)&#10;&quot;pool-86-thread-4&quot;  prio=5 tid=717 in Object.wait()&#10;java.lang.Thread.State: WAITING (on object monitor)&#10;        at sun.misc.Unsafe.park(Native Method)&#10;        at java.util.concurrent.locks.LockSupport.park(LockSupport.java:175)&#10;        at java.util.concurrent.locks.AbstractQueuedSynchronizer$ConditionObject.await(AbstractQueuedSynchronizer.java:2039)&#10;        at java.util.concurrent.ArrayBlockingQueue.take(ArrayBlockingQueue.java:403)&#10;        at java.util.concurrent.ThreadPoolExecutor.getTask(ThreadPoolExecutor.java:1074)&#10;        at java.util.concurrent.ThreadPoolExecutor.runWorker(ThreadPoolExecutor.java:1134)&#10;        at java.util.concurrent.ThreadPoolExecutor$Worker.run(ThreadPoolExecutor.java:624)&#10;        at java.lang.Thread.run(Thread.java:748)&#10;&quot;pool-56-thread-4&quot;  prio=5 tid=524 in Object.wait()&#10;java.lang.Thread.State: WAITING (on object monitor)&#10;        at sun.misc.Unsafe.park(Native Method)&#10;        at java.util.concurrent.locks.LockSupport.park(LockSupport.java:175)&#10;        at java.util.concurrent.locks.AbstractQueuedSynchronizer$ConditionObject.await(AbstractQueuedSynchronizer.java:2039)&#10;        at java.util.concurrent.ArrayBlockingQueue.take(ArrayBlockingQueue.java:403)&#10;        at java.util.concurrent.ThreadPoolExecutor.getTask(ThreadPoolExecutor.java:1074)&#10;        at java.util.concurrent.ThreadPoolExecutor.runWorker(ThreadPoolExecutor.java:1134)&#10;        at java.util.concurrent.ThreadPoolExecutor$Worker.run(ThreadPoolExecutor.java:624)&#10;        at java.lang.Thread.run(Thread.java:748)&#10;&quot;Datanode ReportManager Thread - 0&quot; daemon prio=5 tid=333 in Object.wait()&#10;java.lang.Thread.State: WAITING (on object monitor)&#10;        at sun.misc.Unsafe.park(Native Method)&#10;        at java.util.concurrent.locks.LockSupport.park(LockSupport.java:175)&#10;        at java.util.concurrent.locks.AbstractQueuedSynchronizer$ConditionObject.await(AbstractQueuedSynchronizer.java:2039)&#10;        at java.util.concurrent.ScheduledThreadPoolExecutor$DelayedWorkQueue.take(ScheduledThreadPoolExecutor.java:1088)&#10;        at java.util.concurrent.ScheduledThreadPoolExecutor$DelayedWorkQueue.take(ScheduledThreadPoolExecutor.java:809)&#10;        at java.util.concurrent.ThreadPoolExecutor.getTask(ThreadPoolExecutor.java:1074)&#10;        at java.util.concurrent.ThreadPoolExecutor.runWorker(ThreadPoolExecutor.java:1134)&#10;        at java.util.concurrent.ThreadPoolExecutor$Worker.run(ThreadPoolExecutor.java:624)&#10;        at java.lang.Thread.run(Thread.java:748)&#10;&quot;org.eclipse.jetty.server.session.HashSessionManager@25aeb5acTimer&quot; daemon prio=5 tid=329 timed_waiting&#10;java.lang.Thread.State: TIMED_WAITING&#10;        at sun.misc.Unsafe.park(Native Method)&#10;        at java.util.concurrent.locks.LockSupport.parkNanos(LockSupport.java:215)&#10;        at java.util.concurrent.locks.AbstractQueuedSynchronizer$ConditionObject.awaitNanos(AbstractQueuedSynchronizer.java:2078)&#10;        at java.util.concurrent.ScheduledThreadPoolExecutor$DelayedWorkQueue.take(ScheduledThreadPoolExecutor.java:1093)&#10;        at java.util.concurrent.ScheduledThreadPoolExecutor$DelayedWorkQueue.take(ScheduledThreadPoolExecutor.java:809)&#10;        at java.util.concurrent.ThreadPoolExecutor.getTask(ThreadPoolExecutor.java:1074)&#10;        at java.util.concurrent.ThreadPoolExecutor.runWorker(ThreadPoolExecutor.java:1134)&#10;        at java.util.concurrent.ThreadPoolExecutor$Worker.run(ThreadPoolExecutor.java:624)&#10;        at java.lang.Thread.run(Thread.java:748)&#10;&quot;grpc-default-worker-ELG-3-4&quot; daemon prio=5 tid=789 runnable&#10;java.lang.Thread.State: RUNNABLE&#10;        at sun.nio.ch.EPollArrayWrapper.epollWait(Native Method)&#10;        at sun.nio.ch.EPollArrayWrapper.poll(EPollArrayWrapper.java:269)&#10;        at sun.nio.ch.EPollSelectorImpl.doSelect(EPollSelectorImpl.java:93)&#10;        at sun.nio.ch.SelectorImpl.lockAndDoSelect(SelectorImpl.java:86)&#10;        at sun.nio.ch.SelectorImpl.select(SelectorImpl.java:97)&#10;        at org.apache.ratis.thirdparty.io.netty.channel.nio.SelectedSelectionKeySetSelector.select(SelectedSelectionKeySetSelector.java:62)&#10;        at org.apache.ratis.thirdparty.io.netty.channel.nio.NioEventLoop.select(NioEventLoop.java:753)&#10;        at org.apache.ratis.thirdparty.io.netty.channel.nio.NioEventLoop.run(NioEventLoop.java:408)&#10;        at org.apache.ratis.thirdparty.io.netty.util.concurrent.SingleThreadEventExecutor$5.run(SingleThreadEventExecutor.java:897)&#10;        at org.apache.ratis.thirdparty.io.netty.util.concurrent.FastThreadLocalRunnable.run(FastThreadLocalRunnable.java:30)&#10;        at java.lang.Thread.run(Thread.java:748)&#10;&quot;grpc-default-executor-0&quot; daemon prio=5 tid=786 timed_waiting&#10;java.lang.Thread.State: TIMED_WAITING&#10;        at sun.misc.Unsafe.park(Native Method)&#10;        at java.util.concurrent.locks.LockSupport.parkNanos(LockSupport.java:215)&#10;        at java.util.concurrent.SynchronousQueue$TransferStack.awaitFulfill(SynchronousQueue.java:460)&#10;        at java.util.concurrent.SynchronousQueue$TransferStack.transfer(SynchronousQueue.java:362)&#10;        at java.util.concurrent.SynchronousQueue.poll(SynchronousQueue.java:941)&#10;        at java.util.concurrent.ThreadPoolExecutor.getTask(ThreadPoolExecutor.java:1073)&#10;        at java.util.concurrent.ThreadPoolExecutor.runWorker(ThreadPoolExecutor.java:1134)&#10;        at java.util.concurrent.ThreadPoolExecutor$Worker.run(ThreadPoolExecutor.java:624)&#10;        at java.lang.Thread.run(Thread.java:748)&#10;&quot;pool-66-thread-8&quot;  prio=5 tid=588 in Object.wait()&#10;java.lang.Thread.State: WAITING (on object monitor)&#10;        at sun.misc.Unsafe.park(Native Method)&#10;        at java.util.concurrent.locks.LockSupport.park(LockSupport.java:175)&#10;        at java.util.concurrent.locks.AbstractQueuedSynchronizer$ConditionObject.await(AbstractQueuedSynchronizer.java:2039)&#10;        at java.util.concurrent.ArrayBlockingQueue.take(ArrayBlockingQueue.java:403)&#10;        at java.util.concurrent.ThreadPoolExecutor.getTask(ThreadPoolExecutor.java:1074)&#10;        at java.util.concurrent.ThreadPoolExecutor.runWorker(ThreadPoolExecutor.java:1134)&#10;        at java.util.concurrent.ThreadPoolExecutor$Worker.run(ThreadPoolExecutor.java:624)&#10;        at java.lang.Thread.run(Thread.java:748)&#10;&quot;pool-46-thread-2&quot;  prio=5 tid=344 in Object.wait()&#10;java.lang.Thread.State: WAITING (on object monitor)&#10;        at sun.misc.Unsafe.park(Native Method)&#10;        at java.util.concurrent.locks.LockSupport.park(LockSupport.java:175)&#10;        at java.util.concurrent.locks.AbstractQueuedSynchronizer$ConditionObject.await(AbstractQueuedSynchronizer.java:2039)&#10;        at java.util.concurrent.ArrayBlockingQueue.take(ArrayBlockingQueue.java:403)&#10;        at java.util.concurrent.ThreadPoolExecutor.getTask(ThreadPoolExecutor.java:1074)&#10;        at java.util.concurrent.ThreadPoolExecutor.runWorker(ThreadPoolExecutor.java:1134)&#10;        at java.util.concurrent.ThreadPoolExecutor$Worker.run(ThreadPoolExecutor.java:624)&#10;        at java.lang.Thread.run(Thread.java:748)&#10;&quot;metrics-hadoop-metrics2-reporter-13-thread-1&quot; daemon prio=5 tid=820 timed_waiting&#10;java.lang.Thread.State: TIMED_WAITING&#10;        at sun.misc.Unsafe.park(Native Method)&#10;        at java.util.concurrent.locks.LockSupport.parkNanos(LockSupport.java:215)&#10;        at java.util.concurrent.locks.AbstractQueuedSynchronizer$ConditionObject.awaitNanos(AbstractQueuedSynchronizer.java:2078)&#10;        at java.util.concurrent.ScheduledThreadPoolExecutor$DelayedWorkQueue.take(ScheduledThreadPoolExecutor.java:1093)&#10;        at java.util.concurrent.ScheduledThreadPoolExecutor$DelayedWorkQueue.take(ScheduledThreadPoolExecutor.java:809)&#10;        at java.util.concurrent.ThreadPoolExecutor.getTask(ThreadPoolExecutor.java:1074)&#10;        at java.util.concurrent.ThreadPoolExecutor.runWorker(ThreadPoolExecutor.java:1134)&#10;        at java.util.concurrent.ThreadPoolExecutor$Worker.run(ThreadPoolExecutor.java:624)&#10;        at java.lang.Thread.run(Thread.java:748)&#10;&quot;qtp1187146208-215&quot; daemon prio=5 tid=215 timed_waiting&#10;java.lang.Thread.State: TIMED_WAITING&#10;        at sun.misc.Unsafe.park(Native Method)&#10;        at java.util.concurrent.locks.LockSupport.parkNanos(LockSupport.java:215)&#10;        at java.util.concurrent.locks.AbstractQueuedSynchronizer$ConditionObject.awaitNanos(AbstractQueuedSynchronizer.java:2078)&#10;        at org.eclipse.jetty.util.BlockingArrayQueue.poll(BlockingArrayQueue.java:392)&#10;        at org.eclipse.jetty.util.thread.QueuedThreadPool.idleJobPoll(QueuedThreadPool.java:563)&#10;        at org.eclipse.jetty.util.thread.QueuedThreadPool.access$800(QueuedThreadPool.java:48)&#10;        at org.eclipse.jetty.util.thread.QueuedThreadPool$2.run(QueuedThreadPool.java:626)&#10;        at java.lang.Thread.run(Thread.java:748)&#10;&quot;pool-36-thread-55&quot;  prio=5 tid=505 in Object.wait()&#10;java.lang.Thread.State: WAITING (on object monitor)&#10;        at sun.misc.Unsafe.park(Native Method)&#10;        at java.util.concurrent.locks.LockSupport.park(LockSupport.java:175)&#10;        at java.util.concurrent.locks.AbstractQueuedSynchronizer$ConditionObject.await(AbstractQueuedSynchronizer.java:2039)&#10;        at java.util.concurrent.ArrayBlockingQueue.take(ArrayBlockingQueue.java:403)&#10;        at java.util.concurrent.ThreadPoolExecutor.getTask(ThreadPoolExecutor.java:1074)&#10;        at java.util.concurrent.ThreadPoolExecutor.runWorker(ThreadPoolExecutor.java:1134)&#10;        at java.util.concurrent.ThreadPoolExecutor$Worker.run(ThreadPoolExecutor.java:624)&#10;        at java.lang.Thread.run(Thread.java:748)&#10;&quot;pool-36-thread-28&quot;  prio=5 tid=426 in Object.wait()&#10;java.lang.Thread.State: WAITING (on object monitor)&#10;        at sun.misc.Unsafe.park(Native Method)&#10;        at java.util.concurrent.locks.LockSupport.park(LockSupport.java:175)&#10;        at java.util.concurrent.locks.AbstractQueuedSynchronizer$ConditionObject.await(AbstractQueuedSynchronizer.java:2039)&#10;        at java.util.concurrent.ArrayBlockingQueue.take(ArrayBlockingQueue.java:403)&#10;        at java.util.concurrent.ThreadPoolExecutor.getTask(ThreadPoolExecutor.java:1074)&#10;        at java.util.concurrent.ThreadPoolExecutor.runWorker(ThreadPoolExecutor.java:1134)&#10;        at java.util.concurrent.ThreadPoolExecutor$Worker.run(ThreadPoolExecutor.java:624)&#10;        at java.lang.Thread.run(Thread.java:748)&#10;&quot;pool-36-thread-7&quot;  prio=5 tid=359 in Object.wait()&#10;java.lang.Thread.State: WAITING (on object monitor)&#10;        at sun.misc.Unsafe.park(Native Method)&#10;        at java.util.concurrent.locks.LockSupport.park(LockSupport.java:175)&#10;        at java.util.concurrent.locks.AbstractQueuedSynchronizer$ConditionObject.await(AbstractQueuedSynchronizer.java:2039)&#10;        at java.util.concurrent.ArrayBlockingQueue.take(ArrayBlockingQueue.java:403)&#10;        at java.util.concurrent.ThreadPoolExecutor.getTask(ThreadPoolExecutor.java:1074)&#10;        at java.util.concurrent.ThreadPoolExecutor.runWorker(ThreadPoolExecutor.java:1134)&#10;        at java.util.concurrent.ThreadPoolExecutor$Worker.run(ThreadPoolExecutor.java:624)&#10;        at java.lang.Thread.run(Thread.java:748)&#10;&quot;pool-27-thread-1&quot;  prio=5 tid=790 in Object.wait()&#10;java.lang.Thread.State: WAITING (on object monitor)&#10;        at sun.misc.Unsafe.park(Native Method)&#10;        at java.util.concurrent.locks.LockSupport.park(LockSupport.java:175)&#10;        at java.util.concurrent.locks.AbstractQueuedSynchronizer$ConditionObject.await(AbstractQueuedSynchronizer.java:2039)&#10;        at java.util.concurrent.LinkedBlockingQueue.take(LinkedBlockingQueue.java:442)&#10;        at java.util.concurrent.ThreadPoolExecutor.getTask(ThreadPoolExecutor.java:1074)&#10;        at java.util.concurrent.ThreadPoolExecutor.runWorker(ThreadPoolExecutor.java:1134)&#10;        at java.util.concurrent.ThreadPoolExecutor$Worker.run(ThreadPoolExecutor.java:624)&#10;        at java.lang.Thread.run(Thread.java:748)&#10;&quot;pool-74-thread-1&quot; daemon prio=5 tid=291 timed_waiting&#10;java.lang.Thread.State: TIMED_WAITING&#10;        at sun.misc.Unsafe.park(Native Method)&#10;        at java.util.concurrent.locks.LockSupport.parkNanos(LockSupport.java:215)&#10;        at java.util.concurrent.locks.AbstractQueuedSynchronizer$ConditionObject.awaitNanos(AbstractQueuedSynchronizer.java:2078)&#10;        at java.util.concurrent.ScheduledThreadPoolExecutor$DelayedWorkQueue.take(ScheduledThreadPoolExecutor.java:1093)&#10;        at java.util.concurrent.ScheduledThreadPoolExecutor$DelayedWorkQueue.take(ScheduledThreadPoolExecutor.java:809)&#10;        at java.util.concurrent.ThreadPoolExecutor.getTask(ThreadPoolExecutor.java:1074)&#10;        at java.util.concurrent.ThreadPoolExecutor.runWorker(ThreadPoolExecutor.java:1134)&#10;        at java.util.concurrent.ThreadPoolExecutor$Worker.run(ThreadPoolExecutor.java:624)&#10;        at java.lang.Thread.run(Thread.java:748)&#10;&quot;qtp820627987-159&quot; daemon prio=5 tid=159 runnable&#10;java.lang.Thread.State: RUNNABLE&#10;        at sun.nio.ch.EPollArrayWrapper.epollWait(Native Method)&#10;        at sun.nio.ch.EPollArrayWrapper.poll(EPollArrayWrapper.java:269)&#10;        at sun.nio.ch.EPollSelectorImpl.doSelect(EPollSelectorImpl.java:93)&#10;        at sun.nio.ch.SelectorImpl.lockAndDoSelect(SelectorImpl.java:86)&#10;        at sun.nio.ch.SelectorImpl.select(SelectorImpl.java:97)&#10;        at sun.nio.ch.SelectorImpl.select(SelectorImpl.java:101)&#10;        at org.eclipse.jetty.io.ManagedSelector$SelectorProducer.select(ManagedSelector.java:243)&#10;        at org.eclipse.jetty.io.ManagedSelector$SelectorProducer.produce(ManagedSelector.java:191)&#10;        at org.eclipse.jetty.util.thread.strategy.ExecuteProduceConsume.executeProduceConsume(ExecuteProduceConsume.java:249)&#10;        at org.eclipse.jetty.util.thread.strategy.ExecuteProduceConsume.produceConsume(ExecuteProduceConsume.java:148)&#10;        at org.eclipse.jetty.util.thread.strategy.ExecuteProduceConsume.execute(ExecuteProduceConsume.java:100)&#10;        at org.eclipse.jetty.io.ManagedSelector.run(ManagedSelector.java:147)&#10;        at org.eclipse.jetty.util.thread.QueuedThreadPool.runJob(QueuedThreadPool.java:671)&#10;        at org.eclipse.jetty.util.thread.QueuedThreadPool$2.run(QueuedThreadPool.java:589)&#10;        at java.lang.Thread.run(Thread.java:748)&#10;&quot;5660bff8-81d7-4c91-ad16-c2423c1e0bda@group-649E1086AFD6-SegmentedRaftLogWorker&quot;  prio=5 tid=865 timed_waiting&#10;java.lang.Thread.State: TIMED_WAITING&#10;        at sun.misc.Unsafe.park(Native Method)&#10;        at java.util.concurrent.locks.LockSupport.parkNanos(LockSupport.java:215)&#10;        at java.util.concurrent.locks.AbstractQueuedSynchronizer$ConditionObject.awaitNanos(AbstractQueuedSynchronizer.java:2078)&#10;        at org.apache.ratis.util.DataBlockingQueue.poll(DataBlockingQueue.java:137)&#10;        at org.apache.ratis.server.raftlog.segmented.SegmentedRaftLogWorker.run(SegmentedRaftLogWorker.java:282)&#10;        at java.lang.Thread.run(Thread.java:748)&#10;&quot;pool-56-thread-19&quot;  prio=5 tid=539 in Object.wait()&#10;java.lang.Thread.State: WAITING (on object monitor)&#10;        at sun.misc.Unsafe.park(Native Method)&#10;        at java.util.concurrent.locks.LockSupport.park(LockSupport.java:175)&#10;        at java.util.concurrent.locks.AbstractQueuedSynchronizer$ConditionObject.await(AbstractQueuedSynchronizer.java:2039)&#10;        at java.util.concurrent.ArrayBlockingQueue.take(ArrayBlockingQueue.java:403)&#10;        at java.util.concurrent.ThreadPoolExecutor.getTask(ThreadPoolExecutor.java:1074)&#10;        at java.util.concurrent.ThreadPoolExecutor.runWorker(ThreadPoolExecutor.java:1134)&#10;        at java.util.concurrent.ThreadPoolExecutor$Worker.run(ThreadPoolExecutor.java:624)&#10;        at java.lang.Thread.run(Thread.java:748)&#10;&quot;Thread-249&quot; daemon prio=5 tid=817 timed_waiting&#10;java.lang.Thread.State: TIMED_WAITING&#10;        at sun.misc.Unsafe.park(Native Method)&#10;        at java.util.concurrent.locks.LockSupport.parkNanos(LockSupport.java:215)&#10;        at java.util.concurrent.locks.AbstractQueuedSynchronizer$ConditionObject.awaitNanos(AbstractQueuedSynchronizer.java:2078)&#10;        at java.util.concurrent.ArrayBlockingQueue.poll(ArrayBlockingQueue.java:418)&#10;        at org.apache.ratis.server.impl.LeaderState$EventQueue.poll(LeaderState.java:115)&#10;        at org.apache.ratis.server.impl.LeaderState$EventProcessor.run(LeaderState.java:467)&#10;&quot;IPC Server handler 1 on 44783&quot; daemon prio=5 tid=115 timed_waiting&#10;java.lang.Thread.State: TIMED_WAITING&#10;        at sun.misc.Unsafe.park(Native Method)&#10;        at java.util.concurrent.locks.LockSupport.parkNanos(LockSupport.java:215)&#10;        at java.util.concurrent.locks.AbstractQueuedSynchronizer$ConditionObject.awaitNanos(AbstractQueuedSynchronizer.java:2078)&#10;        at java.util.concurrent.LinkedBlockingQueue.poll(LinkedBlockingQueue.java:467)&#10;        at org.apache.hadoop.ipc.CallQueueManager.take(CallQueueManager.java:288)&#10;        at org.apache.hadoop.ipc.Server$Handler.run(Server.java:2668)&#10;&quot;pool-36-thread-39&quot;  prio=5 tid=461 in Object.wait()&#10;java.lang.Thread.State: WAITING (on object monitor)&#10;        at sun.misc.Unsafe.park(Native Method)&#10;        at java.util.concurrent.locks.LockSupport.park(LockSupport.java:175)&#10;        at java.util.concurrent.locks.AbstractQueuedSynchronizer$ConditionObject.await(AbstractQueuedSynchronizer.java:2039)&#10;        at java.util.concurrent.ArrayBlockingQueue.take(ArrayBlockingQueue.java:403)&#10;        at java.util.concurrent.ThreadPoolExecutor.getTask(ThreadPoolExecutor.java:1074)&#10;        at java.util.concurrent.ThreadPoolExecutor.runWorker(ThreadPoolExecutor.java:1134)&#10;        at java.util.concurrent.ThreadPoolExecutor$Worker.run(ThreadPoolExecutor.java:624)&#10;        at java.lang.Thread.run(Thread.java:748)&#10;&quot;metrics-hadoop-metrics2-reporter-6-thread-1&quot; daemon prio=5 tid=806 timed_waiting&#10;java.lang.Thread.State: TIMED_WAITING&#10;        at sun.misc.Unsafe.park(Native Method)&#10;        at java.util.concurrent.locks.LockSupport.parkNanos(LockSupport.java:215)&#10;        at java.util.concurrent.locks.AbstractQueuedSynchronizer$ConditionObject.awaitNanos(AbstractQueuedSynchronizer.java:2078)&#10;        at java.util.concurrent.ScheduledThreadPoolExecutor$DelayedWorkQueue.take(ScheduledThreadPoolExecutor.java:1093)&#10;        at java.util.concurrent.ScheduledThreadPoolExecutor$DelayedWorkQueue.take(ScheduledThreadPoolExecutor.java:809)&#10;        at java.util.concurrent.ThreadPoolExecutor.getTask(ThreadPoolExecutor.java:1074)&#10;        at java.util.concurrent.ThreadPoolExecutor.runWorker(ThreadPoolExecutor.java:1134)&#10;        at java.util.concurrent.ThreadPoolExecutor$Worker.run(ThreadPoolExecutor.java:624)&#10;        at java.lang.Thread.run(Thread.java:748)&#10;&quot;EventQueue-PipelineReportForPipelineReportHandler&quot; daemon prio=5 tid=781 in Object.wait()&#10;java.lang.Thread.State: WAITING (on object monitor)&#10;        at sun.misc.Unsafe.park(Native Method)&#10;        at java.util.concurrent.locks.LockSupport.park(LockSupport.java:175)&#10;        at java.util.concurrent.locks.AbstractQueuedSynchronizer$ConditionObject.await(AbstractQueuedSynchronizer.java:2039)&#10;        at java.util.concurrent.LinkedBlockingQueue.take(LinkedBlockingQueue.java:442)&#10;        at java.util.concurrent.ThreadPoolExecutor.getTask(ThreadPoolExecutor.java:1074)&#10;        at java.util.concurrent.ThreadPoolExecutor.runWorker(ThreadPoolExecutor.java:1134)&#10;        at java.util.concurrent.ThreadPoolExecutor$Worker.run(ThreadPoolExecutor.java:624)&#10;        at java.lang.Thread.run(Thread.java:748)&#10;&quot;pool-36-thread-36&quot;  prio=5 tid=454 in Object.wait()&#10;java.lang.Thread.State: WAITING (on object monitor)&#10;        at sun.misc.Unsafe.park(Native Method)&#10;        at java.util.concurrent.locks.LockSupport.park(LockSupport.java:175)&#10;        at java.util.concurrent.locks.AbstractQueuedSynchronizer$ConditionObject.await(AbstractQueuedSynchronizer.java:2039)&#10;        at java.util.concurrent.ArrayBlockingQueue.take(ArrayBlockingQueue.java:403)&#10;        at java.util.concurrent.ThreadPoolExecutor.getTask(ThreadPoolExecutor.java:1074)&#10;        at java.util.concurrent.ThreadPoolExecutor.runWorker(ThreadPoolExecutor.java:1134)&#10;        at java.util.concurrent.ThreadPoolExecutor$Worker.run(ThreadPoolExecutor.java:624)&#10;        at java.lang.Thread.run(Thread.java:748)&#10;&quot;pool-46-thread-35&quot;  prio=5 tid=455 in Object.wait()&#10;java.lang.Thread.State: WAITING (on object monitor)&#10;        at sun.misc.Unsafe.park(Native Method)&#10;        at java.util.concurrent.locks.LockSupport.park(LockSupport.java:175)&#10;        at java.util.concurrent.locks.AbstractQueuedSynchronizer$ConditionObject.await(AbstractQueuedSynchronizer.java:2039)&#10;        at java.util.concurrent.ArrayBlockingQueue.take(ArrayBlockingQueue.java:403)&#10;        at java.util.concurrent.ThreadPoolExecutor.getTask(ThreadPoolExecutor.java:1074)&#10;        at java.util.concurrent.ThreadPoolExecutor.runWorker(ThreadPoolExecutor.java:1134)&#10;        at java.util.concurrent.ThreadPoolExecutor$Worker.run(ThreadPoolExecutor.java:624)&#10;        at java.lang.Thread.run(Thread.java:748)&#10;&quot;pool-26-thread-17&quot;  prio=5 tid=386 in Object.wait()&#10;java.lang.Thread.State: WAITING (on object monitor)&#10;        at sun.misc.Unsafe.park(Native Method)&#10;        at java.util.concurrent.locks.LockSupport.park(LockSupport.java:175)&#10;        at java.util.concurrent.locks.AbstractQueuedSynchronizer$ConditionObject.await(AbstractQueuedSynchronizer.java:2039)&#10;        at java.util.concurrent.ArrayBlockingQueue.take(ArrayBlockingQueue.java:403)&#10;        at java.util.concurrent.ThreadPoolExecutor.getTask(ThreadPoolExecutor.java:1074)&#10;        at java.util.concurrent.ThreadPoolExecutor.runWorker(ThreadPoolExecutor.java:1134)&#10;        at java.util.concurrent.ThreadPoolExecutor$Worker.run(ThreadPoolExecutor.java:624)&#10;        at java.lang.Thread.run(Thread.java:748)&#10;&quot;Datanode ReportManager Thread - 1&quot; daemon prio=5 tid=307 in Object.wait()&#10;java.lang.Thread.State: WAITING (on object monitor)&#10;        at sun.misc.Unsafe.park(Native Method)&#10;        at java.util.concurrent.locks.LockSupport.park(LockSupport.java:175)&#10;        at java.util.concurrent.locks.AbstractQueuedSynchronizer$ConditionObject.await(AbstractQueuedSynchronizer.java:2039)&#10;        at java.util.concurrent.ScheduledThreadPoolExecutor$DelayedWorkQueue.take(ScheduledThreadPoolExecutor.java:1088)&#10;        at java.util.concurrent.ScheduledThreadPoolExecutor$DelayedWorkQueue.take(ScheduledThreadPoolExecutor.java:809)&#10;        at java.util.concurrent.ThreadPoolExecutor.getTask(ThreadPoolExecutor.java:1074)&#10;        at java.util.concurrent.ThreadPoolExecutor.runWorker(ThreadPoolExecutor.java:1134)&#10;        at java.util.concurrent.ThreadPoolExecutor$Worker.run(ThreadPoolExecutor.java:624)&#10;        at java.lang.Thread.run(Thread.java:748)&#10;&quot;metrics-hadoop-metrics2-reporter-62-thread-1&quot; daemon prio=5 tid=1036 timed_waiting&#10;java.lang.Thread.State: TIMED_WAITING&#10;        at sun.misc.Unsafe.park(Native Method)&#10;        at java.util.concurrent.locks.LockSupport.parkNanos(LockSupport.java:215)&#10;        at java.util.concurrent.locks.AbstractQueuedSynchronizer$ConditionObject.awaitNanos(AbstractQueuedSynchronizer.java:2078)&#10;        at java.util.concurrent.ScheduledThreadPoolExecutor$DelayedWorkQueue.take(ScheduledThreadPoolExecutor.java:1093)&#10;        at java.util.concurrent.ScheduledThreadPoolExecutor$DelayedWorkQueue.take(ScheduledThreadPoolExecutor.java:809)&#10;        at java.util.concurrent.ThreadPoolExecutor.getTask(ThreadPoolExecutor.java:1074)&#10;        at java.util.concurrent.ThreadPoolExecutor.runWorker(ThreadPoolExecutor.java:1134)&#10;        at java.util.concurrent.ThreadPoolExecutor$Worker.run(ThreadPoolExecutor.java:624)&#10;        at java.lang.Thread.run(Thread.java:748)&#10;&quot;pool-86-thread-25&quot;  prio=5 tid=738 in Object.wait()&#10;java.lang.Thread.State: WAITING (on object monitor)&#10;        at sun.misc.Unsafe.park(Native Method)&#10;        at java.util.concurrent.locks.LockSupport.park(LockSupport.java:175)&#10;        at java.util.concurrent.locks.AbstractQueuedSynchronizer$ConditionObject.await(AbstractQueuedSynchronizer.java:2039)&#10;        at java.util.concurrent.ArrayBlockingQueue.take(ArrayBlockingQueue.java:403)&#10;        at java.util.concurrent.ThreadPoolExecutor.getTask(ThreadPoolExecutor.java:1074)&#10;        at java.util.concurrent.ThreadPoolExecutor.runWorker(ThreadPoolExecutor.java:1134)&#10;        at java.util.concurrent.ThreadPoolExecutor$Worker.run(ThreadPoolExecutor.java:624)&#10;        at java.lang.Thread.run(Thread.java:748)&#10;&quot;pool-86-thread-1&quot;  prio=5 tid=714 in Object.wait()&#10;java.lang.Thread.State: WAITING (on object monitor)&#10;        at sun.misc.Unsafe.park(Native Method)&#10;        at java.util.concurrent.locks.LockSupport.park(LockSupport.java:175)&#10;        at java.util.concurrent.locks.AbstractQueuedSynchronizer$ConditionObject.await(AbstractQueuedSynchronizer.java:2039)&#10;        at java.util.concurrent.ArrayBlockingQueue.take(ArrayBlockingQueue.java:403)&#10;        at java.util.concurrent.ThreadPoolExecutor.getTask(ThreadPoolExecutor.java:1074)&#10;        at java.util.concurrent.ThreadPoolExecutor.runWorker(ThreadPoolExecutor.java:1134)&#10;        at java.util.concurrent.ThreadPoolExecutor$Worker.run(ThreadPoolExecutor.java:624)&#10;        at java.lang.Thread.run(Thread.java:748)&#10;&quot;pool-36-thread-4&quot;  prio=5 tid=350 in Object.wait()&#10;java.lang.Thread.State: WAITING (on object monitor)&#10;        at sun.misc.Unsafe.park(Native Method)&#10;        at java.util.concurrent.locks.LockSupport.park(LockSupport.java:175)&#10;        at java.util.concurrent.locks.AbstractQueuedSynchronizer$ConditionObject.await(AbstractQueuedSynchronizer.java:2039)&#10;        at java.util.concurrent.ArrayBlockingQueue.take(ArrayBlockingQueue.java:403)&#10;        at java.util.concurrent.ThreadPoolExecutor.getTask(ThreadPoolExecutor.java:1074)&#10;        at java.util.concurrent.ThreadPoolExecutor.runWorker(ThreadPoolExecutor.java:1134)&#10;        at java.util.concurrent.ThreadPoolExecutor$Worker.run(ThreadPoolExecutor.java:624)&#10;        at java.lang.Thread.run(Thread.java:748)&#10;&quot;pool-56-thread-16&quot;  prio=5 tid=536 in Object.wait()&#10;java.lang.Thread.State: WAITING (on object monitor)&#10;        at sun.misc.Unsafe.park(Native Method)&#10;        at java.util.concurrent.locks.LockSupport.park(LockSupport.java:175)&#10;        at java.util.concurrent.locks.AbstractQueuedSynchronizer$ConditionObject.await(AbstractQueuedSynchronizer.java:2039)&#10;        at java.util.concurrent.ArrayBlockingQueue.take(ArrayBlockingQueue.java:403)&#10;        at java.util.concurrent.ThreadPoolExecutor.getTask(ThreadPoolExecutor.java:1074)&#10;        at java.util.concurrent.ThreadPoolExecutor.runWorker(ThreadPoolExecutor.java:1134)&#10;        at java.util.concurrent.ThreadPoolExecutor$Worker.run(ThreadPoolExecutor.java:624)&#10;        at java.lang.Thread.run(Thread.java:748)&#10;&quot;pool-46-thread-48&quot;  prio=5 tid=497 in Object.wait()&#10;java.lang.Thread.State: WAITING (on object monitor)&#10;        at sun.misc.Unsafe.park(Native Method)&#10;        at java.util.concurrent.locks.LockSupport.park(LockSupport.java:175)&#10;        at java.util.concurrent.locks.AbstractQueuedSynchronizer$ConditionObject.await(AbstractQueuedSynchronizer.java:2039)&#10;        at java.util.concurrent.ArrayBlockingQueue.take(ArrayBlockingQueue.java:403)&#10;        at java.util.concurrent.ThreadPoolExecutor.getTask(ThreadPoolExecutor.java:1074)&#10;        at java.util.concurrent.ThreadPoolExecutor.runWorker(ThreadPoolExecutor.java:1134)&#10;        at java.util.concurrent.ThreadPoolExecutor$Worker.run(ThreadPoolExecutor.java:624)&#10;        at java.lang.Thread.run(Thread.java:748)&#10;&quot;IPC Server handler 16 on 44783&quot; daemon prio=5 tid=131 timed_waiting&#10;java.lang.Thread.State: TIMED_WAITING&#10;        at sun.misc.Unsafe.park(Native Method)&#10;        at java.util.concurrent.locks.LockSupport.parkNanos(LockSupport.java:215)&#10;        at java.util.concurrent.locks.AbstractQueuedSynchronizer$ConditionObject.awaitNanos(AbstractQueuedSynchronizer.java:2078)&#10;        at java.util.concurrent.LinkedBlockingQueue.poll(LinkedBlockingQueue.java:467)&#10;        at org.apache.hadoop.ipc.CallQueueManager.take(CallQueueManager.java:288)&#10;        at org.apache.hadoop.ipc.Server$Handler.run(Server.java:2668)&#10;&quot;qtp2013613908-244&quot; daemon prio=5 tid=244 timed_waiting&#10;java.lang.Thread.State: TIMED_WAITING&#10;        at sun.misc.Unsafe.park(Native Method)&#10;        at java.util.concurrent.locks.LockSupport.parkNanos(LockSupport.java:215)&#10;        at java.util.concurrent.locks.AbstractQueuedSynchronizer$ConditionObject.awaitNanos(AbstractQueuedSynchronizer.java:2078)&#10;        at org.eclipse.jetty.util.BlockingArrayQueue.poll(BlockingArrayQueue.java:392)&#10;        at org.eclipse.jetty.util.thread.QueuedThreadPool.idleJobPoll(QueuedThreadPool.java:563)&#10;        at org.eclipse.jetty.util.thread.QueuedThreadPool.access$800(QueuedThreadPool.java:48)&#10;        at org.eclipse.jetty.util.thread.QueuedThreadPool$2.run(QueuedThreadPool.java:626)&#10;        at java.lang.Thread.run(Thread.java:748)&#10;&quot;metrics-hadoop-metrics2-reporter-29-thread-1&quot; daemon prio=5 tid=858 timed_waiting&#10;java.lang.Thread.State: TIMED_WAITING&#10;        at sun.misc.Unsafe.park(Native Method)&#10;        at java.util.concurrent.locks.LockSupport.parkNanos(LockSupport.java:215)&#10;        at java.util.concurrent.locks.AbstractQueuedSynchronizer$ConditionObject.awaitNanos(AbstractQueuedSynchronizer.java:2078)&#10;        at java.util.concurrent.ScheduledThreadPoolExecutor$DelayedWorkQueue.take(ScheduledThreadPoolExecutor.java:1093)&#10;        at java.util.concurrent.ScheduledThreadPoolExecutor$DelayedWorkQueue.take(ScheduledThreadPoolExecutor.java:809)&#10;        at java.util.concurrent.ThreadPoolExecutor.getTask(ThreadPoolExecutor.java:1074)&#10;        at java.util.concurrent.ThreadPoolExecutor.runWorker(ThreadPoolExecutor.java:1134)&#10;        at java.util.concurrent.ThreadPoolExecutor$Worker.run(ThreadPoolExecutor.java:624)&#10;        at java.lang.Thread.run(Thread.java:748)&#10;&quot;Datanode ReportManager Thread - 2&quot; daemon prio=5 tid=308 timed_waiting&#10;java.lang.Thread.State: TIMED_WAITING&#10;        at sun.misc.Unsafe.park(Native Method)&#10;        at java.util.concurrent.locks.LockSupport.parkNanos(LockSupport.java:215)&#10;        at java.util.concurrent.locks.AbstractQueuedSynchronizer$ConditionObject.awaitNanos(AbstractQueuedSynchronizer.java:2078)&#10;        at java.util.concurrent.ScheduledThreadPoolExecutor$DelayedWorkQueue.take(ScheduledThreadPoolExecutor.java:1093)&#10;        at java.util.concurrent.ScheduledThreadPoolExecutor$DelayedWorkQueue.take(ScheduledThreadPoolExecutor.java:809)&#10;        at java.util.concurrent.ThreadPoolExecutor.getTask(ThreadPoolExecutor.java:1074)&#10;        at java.util.concurrent.ThreadPoolExecutor.runWorker(ThreadPoolExecutor.java:1134)&#10;        at java.util.concurrent.ThreadPoolExecutor$Worker.run(ThreadPoolExecutor.java:624)&#10;        at java.lang.Thread.run(Thread.java:748)&#10;&quot;qtp721395199-271&quot; daemon prio=5 tid=271 timed_waiting&#10;java.lang.Thread.State: TIMED_WAITING&#10;        at sun.misc.Unsafe.park(Native Method)&#10;        at java.util.concurrent.locks.LockSupport.parkNanos(LockSupport.java:215)&#10;        at java.util.concurrent.locks.AbstractQueuedSynchronizer$ConditionObject.awaitNanos(AbstractQueuedSynchronizer.java:2078)&#10;        at org.eclipse.jetty.util.BlockingArrayQueue.poll(BlockingArrayQueue.java:392)&#10;        at org.eclipse.jetty.util.thread.QueuedThreadPool.idleJobPoll(QueuedThreadPool.java:563)&#10;        at org.eclipse.jetty.util.thread.QueuedThreadPool.access$800(QueuedThreadPool.java:48)&#10;        at org.eclipse.jetty.util.thread.QueuedThreadPool$2.run(QueuedThreadPool.java:626)&#10;        at java.lang.Thread.run(Thread.java:748)&#10;&quot;refreshUsed-/workdir/hadoop-ozone/integration-test/target/test-dir/MiniOzoneClusterImpl-f68115de-5278-4c94-9b3d-9176cb3c0071/datanode-0/data/containers&quot; daemon prio=5 tid=154 timed_waiting&#10;java.lang.Thread.State: TIMED_WAITING&#10;        at java.lang.Thread.sleep(Native Method)&#10;        at org.apache.hadoop.fs.CachingGetSpaceUsed$RefreshThread.run(CachingGetSpaceUsed.java:179)&#10;        at java.lang.Thread.run(Thread.java:748)&#10;&quot;pool-86-thread-28&quot;  prio=5 tid=741 in Object.wait()&#10;java.lang.Thread.State: WAITING (on object monitor)&#10;        at sun.misc.Unsafe.park(Native Method)&#10;        at java.util.concurrent.locks.LockSupport.park(LockSupport.java:175)&#10;        at java.util.concurrent.locks.AbstractQueuedSynchronizer$ConditionObject.await(AbstractQueuedSynchronizer.java:2039)&#10;        at java.util.concurrent.ArrayBlockingQueue.take(ArrayBlockingQueue.java:403)&#10;        at java.util.concurrent.ThreadPoolExecutor.getTask(ThreadPoolExecutor.java:1074)&#10;        at java.util.concurrent.ThreadPoolExecutor.runWorker(ThreadPoolExecutor.java:1134)&#10;        at java.util.concurrent.ThreadPoolExecutor$Worker.run(ThreadPoolExecutor.java:624)&#10;        at java.lang.Thread.run(Thread.java:748)&#10;&quot;pool-26-thread-33&quot;  prio=5 tid=428 in Object.wait()&#10;java.lang.Thread.State: WAITING (on object monitor)&#10;        at sun.misc.Unsafe.park(Native Method)&#10;        at java.util.concurrent.locks.LockSupport.park(LockSupport.java:175)&#10;        at java.util.concurrent.locks.AbstractQueuedSynchronizer$ConditionObject.await(AbstractQueuedSynchronizer.java:2039)&#10;        at java.util.concurrent.ArrayBlockingQueue.take(ArrayBlockingQueue.java:403)&#10;        at java.util.concurrent.ThreadPoolExecutor.getTask(ThreadPoolExecutor.java:1074)&#10;        at java.util.concurrent.ThreadPoolExecutor.runWorker(ThreadPoolExecutor.java:1134)&#10;        at java.util.concurrent.ThreadPoolExecutor$Worker.run(ThreadPoolExecutor.java:624)&#10;        at java.lang.Thread.run(Thread.java:748)&#10;&quot;pool-86-thread-45&quot;  prio=5 tid=758 in Object.wait()&#10;java.lang.Thread.State: WAITING (on object monitor)&#10;        at sun.misc.Unsafe.park(Native Method)&#10;        at java.util.concurrent.locks.LockSupport.park(LockSupport.java:175)&#10;        at java.util.concurrent.locks.AbstractQueuedSynchronizer$ConditionObject.await(AbstractQueuedSynchronizer.java:2039)&#10;        at java.util.concurrent.ArrayBlockingQueue.take(ArrayBlockingQueue.java:403)&#10;        at java.util.concurrent.ThreadPoolExecutor.getTask(ThreadPoolExecutor.java:1074)&#10;        at java.util.concurrent.ThreadPoolExecutor.runWorker(ThreadPoolExecutor.java:1134)&#10;        at java.util.concurrent.ThreadPoolExecutor$Worker.run(ThreadPoolExecutor.java:624)&#10;        at java.lang.Thread.run(Thread.java:748)&#10;&quot;Thread-438&quot; daemon prio=5 tid=1098 timed_waiting&#10;java.lang.Thread.State: TIMED_WAITING&#10;        at java.lang.Thread.sleep(Native Method)&#10;        at org.apache.ratis.util.JavaUtils.sleep(JavaUtils.java:247)&#10;        at org.apache.ratis.server.impl.FollowerState.run(FollowerState.java:97)&#10;&quot;CommandWatcher-LeaseManager#LeaseMonitor&quot; daemon prio=5 tid=28 timed_waiting&#10;java.lang.Thread.State: TIMED_WAITING&#10;        at java.lang.Thread.sleep(Native Method)&#10;        at org.apache.hadoop.ozone.lease.LeaseManager$LeaseMonitor.run(LeaseManager.java:234)&#10;        at java.lang.Thread.run(Thread.java:748)&#10;&quot;pool-56-thread-25&quot;  prio=5 tid=545 in Object.wait()&#10;java.lang.Thread.State: WAITING (on object monitor)&#10;        at sun.misc.Unsafe.park(Native Method)&#10;        at java.util.concurrent.locks.LockSupport.park(LockSupport.java:175)&#10;        at java.util.concurrent.locks.AbstractQueuedSynchronizer$ConditionObject.await(AbstractQueuedSynchronizer.java:2039)&#10;        at java.util.concurrent.ArrayBlockingQueue.take(ArrayBlockingQueue.java:403)&#10;        at java.util.concurrent.ThreadPoolExecutor.getTask(ThreadPoolExecutor.java:1074)&#10;        at java.util.concurrent.ThreadPoolExecutor.runWorker(ThreadPoolExecutor.java:1134)&#10;        at java.util.concurrent.ThreadPoolExecutor$Worker.run(ThreadPoolExecutor.java:624)&#10;        at java.lang.Thread.run(Thread.java:748)&#10;&quot;pool-46-thread-41&quot;  prio=5 tid=471 in Object.wait()&#10;java.lang.Thread.State: WAITING (on object monitor)&#10;        at sun.misc.Unsafe.park(Native Method)&#10;        at java.util.concurrent.locks.LockSupport.park(LockSupport.java:175)&#10;        at java.util.concurrent.locks.AbstractQueuedSynchronizer$ConditionObject.await(AbstractQueuedSynchronizer.java:2039)&#10;        at java.util.concurrent.ArrayBlockingQueue.take(ArrayBlockingQueue.java:403)&#10;        at java.util.concurrent.ThreadPoolExecutor.getTask(ThreadPoolExecutor.java:1074)&#10;        at java.util.concurrent.ThreadPoolExecutor.runWorker(ThreadPoolExecutor.java:1134)&#10;        at java.util.concurrent.ThreadPoolExecutor$Worker.run(ThreadPoolExecutor.java:624)&#10;        at java.lang.Thread.run(Thread.java:748)&#10;&quot;pool-46-thread-32&quot;  prio=5 tid=448 in Object.wait()&#10;java.lang.Thread.State: WAITING (on object monitor)&#10;        at sun.misc.Unsafe.park(Native Method)&#10;        at java.util.concurrent.locks.LockSupport.park(LockSupport.java:175)&#10;        at java.util.concurrent.locks.AbstractQueuedSynchronizer$ConditionObject.await(AbstractQueuedSynchronizer.java:2039)&#10;        at java.util.concurrent.ArrayBlockingQueue.take(ArrayBlockingQueue.java:403)&#10;        at java.util.concurrent.ThreadPoolExecutor.getTask(ThreadPoolExecutor.java:1074)&#10;        at java.util.concurrent.ThreadPoolExecutor.runWorker(ThreadPoolExecutor.java:1134)&#10;        at java.util.concurrent.ThreadPoolExecutor$Worker.run(ThreadPoolExecutor.java:624)&#10;        at java.lang.Thread.run(Thread.java:748)&#10;&quot;metrics-hadoop-metrics2-reporter-58-thread-1&quot; daemon prio=5 tid=1029 timed_waiting&#10;java.lang.Thread.State: TIMED_WAITING&#10;        at sun.misc.Unsafe.park(Native Method)&#10;        at java.util.concurrent.locks.LockSupport.parkNanos(LockSupport.java:215)&#10;        at java.util.concurrent.locks.AbstractQueuedSynchronizer$ConditionObject.awaitNanos(AbstractQueuedSynchronizer.java:2078)&#10;        at java.util.concurrent.ScheduledThreadPoolExecutor$DelayedWorkQueue.take(ScheduledThreadPoolExecutor.java:1093)&#10;        at java.util.concurrent.ScheduledThreadPoolExecutor$DelayedWorkQueue.take(ScheduledThreadPoolExecutor.java:809)&#10;        at java.util.concurrent.ThreadPoolExecutor.getTask(ThreadPoolExecutor.java:1074)&#10;        at java.util.concurrent.ThreadPoolExecutor.runWorker(ThreadPoolExecutor.java:1134)&#10;        at java.util.concurrent.ThreadPoolExecutor$Worker.run(ThreadPoolExecutor.java:624)&#10;        at java.lang.Thread.run(Thread.java:748)&#10;&quot;org.eclipse.jetty.server.session.HashSessionManager@548e76f1Timer&quot; daemon prio=5 tid=99 timed_waiting&#10;java.lang.Thread.State: TIMED_WAITING&#10;        at sun.misc.Unsafe.park(Native Method)&#10;        at java.util.concurrent.locks.LockSupport.parkNanos(LockSupport.java:215)&#10;        at java.util.concurrent.locks.AbstractQueuedSynchronizer$ConditionObject.awaitNanos(AbstractQueuedSynchronizer.java:2078)&#10;        at java.util.concurrent.ScheduledThreadPoolExecutor$DelayedWorkQueue.take(ScheduledThreadPoolExecutor.java:1093)&#10;        at java.util.concurrent.ScheduledThreadPoolExecutor$DelayedWorkQueue.take(ScheduledThreadPoolExecutor.java:809)&#10;        at java.util.concurrent.ThreadPoolExecutor.getTask(ThreadPoolExecutor.java:1074)&#10;        at java.util.concurrent.ThreadPoolExecutor.runWorker(ThreadPoolExecutor.java:1134)&#10;        at java.util.concurrent.ThreadPoolExecutor$Worker.run(ThreadPoolExecutor.java:624)&#10;        at java.lang.Thread.run(Thread.java:748)&#10;&quot;pool-46-thread-60&quot;  prio=5 tid=520 in Object.wait()&#10;java.lang.Thread.State: WAITING (on object monitor)&#10;        at sun.misc.Unsafe.park(Native Method)&#10;        at java.util.concurrent.locks.LockSupport.park(LockSupport.java:175)&#10;        at java.util.concurrent.locks.AbstractQueuedSynchronizer$ConditionObject.await(AbstractQueuedSynchronizer.java:2039)&#10;        at java.util.concurrent.ArrayBlockingQueue.take(ArrayBlockingQueue.java:403)&#10;        at java.util.concurrent.ThreadPoolExecutor.getTask(ThreadPoolExecutor.java:1074)&#10;        at java.util.concurrent.ThreadPoolExecutor.runWorker(ThreadPoolExecutor.java:1134)&#10;        at java.util.concurrent.ThreadPoolExecutor$Worker.run(ThreadPoolExecutor.java:624)&#10;        at java.lang.Thread.run(Thread.java:748)&#10;&quot;IPC Parameter Sending Thread #0&quot; daemon prio=5 tid=105 timed_waiting&#10;java.lang.Thread.State: TIMED_WAITING&#10;        at sun.misc.Unsafe.park(Native Method)&#10;        at java.util.concurrent.locks.LockSupport.parkNanos(LockSupport.java:215)&#10;        at java.util.concurrent.SynchronousQueue$TransferStack.awaitFulfill(SynchronousQueue.java:460)&#10;        at java.util.concurrent.SynchronousQueue$TransferStack.transfer(SynchronousQueue.java:362)&#10;        at java.util.concurrent.SynchronousQueue.poll(SynchronousQueue.java:941)&#10;        at java.util.concurrent.ThreadPoolExecutor.getTask(ThreadPoolExecutor.java:1073)&#10;        at java.util.concurrent.ThreadPoolExecutor.runWorker(ThreadPoolExecutor.java:1134)&#10;        at java.util.concurrent.ThreadPoolExecutor$Worker.run(ThreadPoolExecutor.java:624)&#10;        at java.lang.Thread.run(Thread.java:748)&#10;&quot;pool-46-thread-26&quot;  prio=5 tid=420 in Object.wait()&#10;java.lang.Thread.State: WAITING (on object monitor)&#10;        at sun.misc.Unsafe.park(Native Method)&#10;        at java.util.concurrent.locks.LockSupport.park(LockSupport.java:175)&#10;        at java.util.concurrent.locks.AbstractQueuedSynchronizer$ConditionObject.await(AbstractQueuedSynchronizer.java:2039)&#10;        at java.util.concurrent.ArrayBlockingQueue.take(ArrayBlockingQueue.java:403)&#10;        at java.util.concurrent.ThreadPoolExecutor.getTask(ThreadPoolExecutor.java:1074)&#10;        at java.util.concurrent.ThreadPoolExecutor.runWorker(ThreadPoolExecutor.java:1134)&#10;        at java.util.concurrent.ThreadPoolExecutor$Worker.run(ThreadPoolExecutor.java:624)&#10;        at java.lang.Thread.run(Thread.java:748)&#10;&quot;pool-21-thread-1&quot;  prio=5 tid=135 timed_waiting&#10;java.lang.Thread.State: TIMED_WAITING&#10;        at sun.misc.Unsafe.park(Native Method)&#10;        at java.util.concurrent.locks.LockSupport.parkNanos(LockSupport.java:215)&#10;        at java.util.concurrent.locks.AbstractQueuedSynchronizer$ConditionObject.awaitNanos(AbstractQueuedSynchronizer.java:2078)&#10;        at java.util.concurrent.ScheduledThreadPoolExecutor$DelayedWorkQueue.take(ScheduledThreadPoolExecutor.java:1093)&#10;        at java.util.concurrent.ScheduledThreadPoolExecutor$DelayedWorkQueue.take(ScheduledThreadPoolExecutor.java:809)&#10;        at java.util.concurrent.ThreadPoolExecutor.getTask(ThreadPoolExecutor.java:1074)&#10;        at java.util.concurrent.ThreadPoolExecutor.runWorker(ThreadPoolExecutor.java:1134)&#10;        at java.util.concurrent.ThreadPoolExecutor$Worker.run(ThreadPoolExecutor.java:624)&#10;        at java.lang.Thread.run(Thread.java:748)&#10;&quot;pool-56-thread-14&quot;  prio=5 tid=534 in Object.wait()&#10;java.lang.Thread.State: WAITING (on object monitor)&#10;        at sun.misc.Unsafe.park(Native Method)&#10;        at java.util.concurrent.locks.LockSupport.park(LockSupport.java:175)&#10;        at java.util.concurrent.locks.AbstractQueuedSynchronizer$ConditionObject.await(AbstractQueuedSynchronizer.java:2039)&#10;        at java.util.concurrent.ArrayBlockingQueue.take(ArrayBlockingQueue.java:403)&#10;        at java.util.concurrent.ThreadPoolExecutor.getTask(ThreadPoolExecutor.java:1074)&#10;        at java.util.concurrent.ThreadPoolExecutor.runWorker(ThreadPoolExecutor.java:1134)&#10;        at java.util.concurrent.ThreadPoolExecutor$Worker.run(ThreadPoolExecutor.java:624)&#10;        at java.lang.Thread.run(Thread.java:748)&#10;&quot;Periodic HDDS volume checker&quot;  prio=5 tid=260 timed_waiting&#10;java.lang.Thread.State: TIMED_WAITING&#10;        at sun.misc.Unsafe.park(Native Method)&#10;        at java.util.concurrent.locks.LockSupport.parkNanos(LockSupport.java:215)&#10;        at java.util.concurrent.locks.AbstractQueuedSynchronizer$ConditionObject.awaitNanos(AbstractQueuedSynchronizer.java:2078)&#10;        at java.util.concurrent.ScheduledThreadPoolExecutor$DelayedWorkQueue.take(ScheduledThreadPoolExecutor.java:1093)&#10;        at java.util.concurrent.ScheduledThreadPoolExecutor$DelayedWorkQueue.take(ScheduledThreadPoolExecutor.java:809)&#10;        at java.util.concurrent.ThreadPoolExecutor.getTask(ThreadPoolExecutor.java:1074)&#10;        at java.util.concurrent.ThreadPoolExecutor.runWorker(ThreadPoolExecutor.java:1134)&#10;        at java.util.concurrent.ThreadPoolExecutor$Worker.run(ThreadPoolExecutor.java:624)&#10;        at java.lang.Thread.run(Thread.java:748)&#10;&quot;IPC Server handler 16 on 45290&quot; daemon prio=5 tid=65 timed_waiting&#10;java.lang.Thread.State: TIMED_WAITING&#10;        at sun.misc.Unsafe.park(Native Method)&#10;        at java.util.concurrent.locks.LockSupport.parkNanos(LockSupport.java:215)&#10;        at java.util.concurrent.locks.AbstractQueuedSynchronizer$ConditionObject.awaitNanos(AbstractQueuedSynchronizer.java:2078)&#10;        at java.util.concurrent.LinkedBlockingQueue.poll(LinkedBlockingQueue.java:467)&#10;        at org.apache.hadoop.ipc.CallQueueManager.take(CallQueueManager.java:288)&#10;        at org.apache.hadoop.ipc.Server$Handler.run(Server.java:2668)&#10;&quot;pool-36-thread-1&quot;  prio=5 tid=342 in Object.wait()&#10;java.lang.Thread.State: WAITING (on object monitor)&#10;        at sun.misc.Unsafe.park(Native Method)&#10;        at java.util.concurrent.locks.LockSupport.park(LockSupport.java:175)&#10;        at java.util.concurrent.locks.AbstractQueuedSynchronizer$ConditionObject.await(AbstractQueuedSynchronizer.java:2039)&#10;        at java.util.concurrent.ArrayBlockingQueue.take(ArrayBlockingQueue.java:403)&#10;        at java.util.concurrent.ThreadPoolExecutor.getTask(ThreadPoolExecutor.java:1074)&#10;        at java.util.concurrent.ThreadPoolExecutor.runWorker(ThreadPoolExecutor.java:1134)&#10;        at java.util.concurrent.ThreadPoolExecutor$Worker.run(ThreadPoolExecutor.java:624)&#10;        at java.lang.Thread.run(Thread.java:748)&#10;&quot;IPC Server handler 3 on 45290&quot; daemon prio=5 tid=52 timed_waiting&#10;java.lang.Thread.State: TIMED_WAITING&#10;        at sun.misc.Unsafe.park(Native Method)&#10;        at java.util.concurrent.locks.LockSupport.parkNanos(LockSupport.java:215)&#10;        at java.util.concurrent.locks.AbstractQueuedSynchronizer$ConditionObject.awaitNanos(AbstractQueuedSynchronizer.java:2078)&#10;        at java.util.concurrent.LinkedBlockingQueue.poll(LinkedBlockingQueue.java:467)&#10;        at org.apache.hadoop.ipc.CallQueueManager.take(CallQueueManager.java:288)&#10;        at org.apache.hadoop.ipc.Server$Handler.run(Server.java:2668)&#10;&quot;pool-76-thread-10&quot;  prio=5 tid=661 in Object.wait()&#10;java.lang.Thread.State: WAITING (on object monitor)&#10;        at sun.misc.Unsafe.park(Native Method)&#10;        at java.util.concurrent.locks.LockSupport.park(LockSupport.java:175)&#10;        at java.util.concurrent.locks.AbstractQueuedSynchronizer$ConditionObject.await(AbstractQueuedSynchronizer.java:2039)&#10;        at java.util.concurrent.ArrayBlockingQueue.take(ArrayBlockingQueue.java:403)&#10;        at java.util.concurrent.ThreadPoolExecutor.getTask(ThreadPoolExecutor.java:1074)&#10;        at java.util.concurrent.ThreadPoolExecutor.runWorker(ThreadPoolExecutor.java:1134)&#10;        at java.util.concurrent.ThreadPoolExecutor$Worker.run(ThreadPoolExecutor.java:624)&#10;        at java.lang.Thread.run(Thread.java:748)&#10;&quot;pool-76-thread-6&quot;  prio=5 tid=657 in Object.wait()&#10;java.lang.Thread.State: WAITING (on object monitor)&#10;        at sun.misc.Unsafe.park(Native Method)&#10;        at java.util.concurrent.locks.LockSupport.park(LockSupport.java:175)&#10;        at java.util.concurrent.locks.AbstractQueuedSynchronizer$ConditionObject.await(AbstractQueuedSynchronizer.java:2039)&#10;        at java.util.concurrent.ArrayBlockingQueue.take(ArrayBlockingQueue.java:403)&#10;        at java.util.concurrent.ThreadPoolExecutor.getTask(ThreadPoolExecutor.java:1074)&#10;        at java.util.concurrent.ThreadPoolExecutor.runWorker(ThreadPoolExecutor.java:1134)&#10;        at java.util.concurrent.ThreadPoolExecutor$Worker.run(ThreadPoolExecutor.java:624)&#10;        at java.lang.Thread.run(Thread.java:748)&#10;&quot;pool-36-thread-46&quot;  prio=5 tid=484 in Object.wait()&#10;java.lang.Thread.State: WAITING (on object monitor)&#10;        at sun.misc.Unsafe.park(Native Method)&#10;        at java.util.concurrent.locks.LockSupport.park(LockSupport.java:175)&#10;        at java.util.concurrent.locks.AbstractQueuedSynchronizer$ConditionObject.await(AbstractQueuedSynchronizer.java:2039)&#10;        at java.util.concurrent.ArrayBlockingQueue.take(ArrayBlockingQueue.java:403)&#10;        at java.util.concurrent.ThreadPoolExecutor.getTask(ThreadPoolExecutor.java:1074)&#10;        at java.util.concurrent.ThreadPoolExecutor.runWorker(ThreadPoolExecutor.java:1134)&#10;        at java.util.concurrent.ThreadPoolExecutor$Worker.run(ThreadPoolExecutor.java:624)&#10;        at java.lang.Thread.run(Thread.java:748)&#10;&quot;pool-76-thread-58&quot;  prio=5 tid=709 in Object.wait()&#10;java.lang.Thread.State: WAITING (on object monitor)&#10;        at sun.misc.Unsafe.park(Native Method)&#10;        at java.util.concurrent.locks.LockSupport.park(LockSupport.java:175)&#10;        at java.util.concurrent.locks.AbstractQueuedSynchronizer$ConditionObject.await(AbstractQueuedSynchronizer.java:2039)&#10;        at java.util.concurrent.ArrayBlockingQueue.take(ArrayBlockingQueue.java:403)&#10;        at java.util.concurrent.ThreadPoolExecutor.getTask(ThreadPoolExecutor.java:1074)&#10;        at java.util.concurrent.ThreadPoolExecutor.runWorker(ThreadPoolExecutor.java:1134)&#10;        at java.util.concurrent.ThreadPoolExecutor$Worker.run(ThreadPoolExecutor.java:624)&#10;        at java.lang.Thread.run(Thread.java:748)&#10;&quot;pool-36-thread-19&quot;  prio=5 tid=395 in Object.wait()&#10;java.lang.Thread.State: WAITING (on object monitor)&#10;        at sun.misc.Unsafe.park(Native Method)&#10;        at java.util.concurrent.locks.LockSupport.park(LockSupport.java:175)&#10;        at java.util.concurrent.locks.AbstractQueuedSynchronizer$ConditionObject.await(AbstractQueuedSynchronizer.java:2039)&#10;        at java.util.concurrent.ArrayBlockingQueue.take(ArrayBlockingQueue.java:403)&#10;        at java.util.concurrent.ThreadPoolExecutor.getTask(ThreadPoolExecutor.java:1074)&#10;        at java.util.concurrent.ThreadPoolExecutor.runWorker(ThreadPoolExecutor.java:1134)&#10;        at java.util.concurrent.ThreadPoolExecutor$Worker.run(ThreadPoolExecutor.java:624)&#10;        at java.lang.Thread.run(Thread.java:748)&#10;&quot;EventQueue-NodeRegistrationContainerReportForDataNodeSafeModeRule&quot; daemon prio=5 tid=780 in Object.wait()&#10;java.lang.Thread.State: WAITING (on object monitor)&#10;        at sun.misc.Unsafe.park(Native Method)&#10;        at java.util.concurrent.locks.LockSupport.park(LockSupport.java:175)&#10;        at java.util.concurrent.locks.AbstractQueuedSynchronizer$ConditionObject.await(AbstractQueuedSynchronizer.java:2039)&#10;        at java.util.concurrent.LinkedBlockingQueue.take(LinkedBlockingQueue.java:442)&#10;        at java.util.concurrent.ThreadPoolExecutor.getTask(ThreadPoolExecutor.java:1074)&#10;        at java.util.concurrent.ThreadPoolExecutor.runWorker(ThreadPoolExecutor.java:1134)&#10;        at java.util.concurrent.ThreadPoolExecutor$Worker.run(ThreadPoolExecutor.java:624)&#10;        at java.lang.Thread.run(Thread.java:748)&#10;&quot;pool-56-thread-52&quot;  prio=5 tid=572 in Object.wait()&#10;java.lang.Thread.State: WAITING (on object monitor)&#10;        at sun.misc.Unsafe.park(Native Method)&#10;        at java.util.concurrent.locks.LockSupport.park(LockSupport.java:175)&#10;        at java.util.concurrent.locks.AbstractQueuedSynchronizer$ConditionObject.await(AbstractQueuedSynchronizer.java:2039)&#10;        at java.util.concurrent.ArrayBlockingQueue.take(ArrayBlockingQueue.java:403)&#10;        at java.util.concurrent.ThreadPoolExecutor.getTask(ThreadPoolExecutor.java:1074)&#10;        at java.util.concurrent.ThreadPoolExecutor.runWorker(ThreadPoolExecutor.java:1134)&#10;        at java.util.concurrent.ThreadPoolExecutor$Worker.run(ThreadPoolExecutor.java:624)&#10;        at java.lang.Thread.run(Thread.java:748)&#10;&quot;IPC Server handler 2 on 45290&quot; daemon prio=5 tid=51 timed_waiting&#10;java.lang.Thread.State: TIMED_WAITING&#10;        at sun.misc.Unsafe.park(Native Method)&#10;        at java.util.concurrent.locks.LockSupport.parkNanos(LockSupport.java:215)&#10;        at java.util.concurrent.locks.AbstractQueuedSynchronizer$ConditionObject.awaitNanos(AbstractQueuedSynchronizer.java:2078)&#10;        at java.util.concurrent.LinkedBlockingQueue.poll(LinkedBlockingQueue.java:467)&#10;        at org.apache.hadoop.ipc.CallQueueManager.take(CallQueueManager.java:288)&#10;        at org.apache.hadoop.ipc.Server$Handler.run(Server.java:2668)&#10;&quot;IPC Server handler 17 on 45290&quot; daemon prio=5 tid=66 timed_waiting&#10;java.lang.Thread.State: TIMED_WAITING&#10;        at sun.misc.Unsafe.park(Native Method)&#10;        at java.util.concurrent.locks.LockSupport.parkNanos(LockSupport.java:215)&#10;        at java.util.concurrent.locks.AbstractQueuedSynchronizer$ConditionObject.awaitNanos(AbstractQueuedSynchronizer.java:2078)&#10;        at java.util.concurrent.LinkedBlockingQueue.poll(LinkedBlockingQueue.java:467)&#10;        at org.apache.hadoop.ipc.CallQueueManager.take(CallQueueManager.java:288)&#10;        at org.apache.hadoop.ipc.Server$Handler.run(Server.java:2668)&#10;&quot;pool-90-thread-1&quot;  prio=5 tid=320 timed_waiting&#10;java.lang.Thread.State: TIMED_WAITING&#10;        at sun.misc.Unsafe.park(Native Method)&#10;        at java.util.concurrent.locks.LockSupport.parkNanos(LockSupport.java:215)&#10;        at java.util.concurrent.locks.AbstractQueuedSynchronizer$ConditionObject.awaitNanos(AbstractQueuedSynchronizer.java:2078)&#10;        at java.util.concurrent.ScheduledThreadPoolExecutor$DelayedWorkQueue.take(ScheduledThreadPoolExecutor.java:1093)&#10;        at java.util.concurrent.ScheduledThreadPoolExecutor$DelayedWorkQueue.take(ScheduledThreadPoolExecutor.java:809)&#10;        at java.util.concurrent.ThreadPoolExecutor.getTask(ThreadPoolExecutor.java:1074)&#10;        at java.util.concurrent.ThreadPoolExecutor.runWorker(ThreadPoolExecutor.java:1134)&#10;        at java.util.concurrent.ThreadPoolExecutor$Worker.run(ThreadPoolExecutor.java:624)&#10;        at java.lang.Thread.run(Thread.java:748)&#10;&quot;Datanode State Machine Thread - 0&quot; daemon prio=5 tid=305 timed_waiting&#10;java.lang.Thread.State: TIMED_WAITING&#10;        at java.lang.Thread.sleep(Native Method)&#10;        at org.apache.hadoop.ozone.container.common.statemachine.DatanodeStateMachine.start(DatanodeStateMachine.java:191)&#10;        at org.apache.hadoop.ozone.container.common.statemachine.DatanodeStateMachine.lambda$startDaemon$0(DatanodeStateMachine.java:349)&#10;        at org.apache.hadoop.ozone.container.common.statemachine.DatanodeStateMachine$$Lambda$140/690051320.run(Unknown Source)&#10;        at java.lang.Thread.run(Thread.java:748)&#10;&quot;pool-46-thread-54&quot;  prio=5 tid=514 in Object.wait()&#10;java.lang.Thread.State: WAITING (on object monitor)&#10;        at sun.misc.Unsafe.park(Native Method)&#10;        at java.util.concurrent.locks.LockSupport.park(LockSupport.java:175)&#10;        at java.util.concurrent.locks.AbstractQueuedSynchronizer$ConditionObject.await(AbstractQueuedSynchronizer.java:2039)&#10;        at java.util.concurrent.ArrayBlockingQueue.take(ArrayBlockingQueue.java:403)&#10;        at java.util.concurrent.ThreadPoolExecutor.getTask(ThreadPoolExecutor.java:1074)&#10;        at java.util.concurrent.ThreadPoolExecutor.runWorker(ThreadPoolExecutor.java:1134)&#10;        at java.util.concurrent.ThreadPoolExecutor$Worker.run(ThreadPoolExecutor.java:624)&#10;        at java.lang.Thread.run(Thread.java:748)&#10;&quot;IPC Server handler 19 on 44783&quot; daemon prio=5 tid=134 timed_waiting&#10;java.lang.Thread.State: TIMED_WAITING&#10;        at sun.misc.Unsafe.park(Native Method)&#10;        at java.util.concurrent.locks.LockSupport.parkNanos(LockSupport.java:215)&#10;        at java.util.concurrent.locks.AbstractQueuedSynchronizer$ConditionObject.awaitNanos(AbstractQueuedSynchronizer.java:2078)&#10;        at java.util.concurrent.LinkedBlockingQueue.poll(LinkedBlockingQueue.java:467)&#10;        at org.apache.hadoop.ipc.CallQueueManager.take(CallQueueManager.java:288)&#10;        at org.apache.hadoop.ipc.Server$Handler.run(Server.java:2668)&#10;&quot;Datanode ReportManager Thread - 0&quot; daemon prio=5 tid=279 in Object.wait()&#10;java.lang.Thread.State: WAITING (on object monitor)&#10;        at sun.misc.Unsafe.park(Native Method)&#10;        at java.util.concurrent.locks.LockSupport.park(LockSupport.java:175)&#10;        at java.util.concurrent.locks.AbstractQueuedSynchronizer$ConditionObject.await(AbstractQueuedSynchronizer.java:2039)&#10;        at java.util.concurrent.ScheduledThreadPoolExecutor$DelayedWorkQueue.take(ScheduledThreadPoolExecutor.java:1088)&#10;        at java.util.concurrent.ScheduledThreadPoolExecutor$DelayedWorkQueue.take(ScheduledThreadPoolExecutor.java:809)&#10;        at java.util.concurrent.ThreadPoolExecutor.getTask(ThreadPoolExecutor.java:1074)&#10;        at java.util.concurrent.ThreadPoolExecutor.runWorker(ThreadPoolExecutor.java:1134)&#10;        at java.util.concurrent.ThreadPoolExecutor$Worker.run(ThreadPoolExecutor.java:624)&#10;        at java.lang.Thread.run(Thread.java:748)&#10;&quot;pool-56-thread-58&quot;  prio=5 tid=578 in Object.wait()&#10;java.lang.Thread.State: WAITING (on object monitor)&#10;        at sun.misc.Unsafe.park(Native Method)&#10;        at java.util.concurrent.locks.LockSupport.park(LockSupport.java:175)&#10;        at java.util.concurrent.locks.AbstractQueuedSynchronizer$ConditionObject.await(AbstractQueuedSynchronizer.java:2039)&#10;        at java.util.concurrent.ArrayBlockingQueue.take(ArrayBlockingQueue.java:403)&#10;        at java.util.concurrent.ThreadPoolExecutor.getTask(ThreadPoolExecutor.java:1074)&#10;        at java.util.concurrent.ThreadPoolExecutor.runWorker(ThreadPoolExecutor.java:1134)&#10;        at java.util.concurrent.ThreadPoolExecutor$Worker.run(ThreadPoolExecutor.java:624)&#10;        at java.lang.Thread.run(Thread.java:748)&#10;&quot;pool-66-thread-6&quot;  prio=5 tid=586 in Object.wait()&#10;java.lang.Thread.State: WAITING (on object monitor)&#10;        at sun.misc.Unsafe.park(Native Method)&#10;        at java.util.concurrent.locks.LockSupport.park(LockSupport.java:175)&#10;        at java.util.concurrent.locks.AbstractQueuedSynchronizer$ConditionObject.await(AbstractQueuedSynchronizer.java:2039)&#10;        at java.util.concurrent.ArrayBlockingQueue.take(ArrayBlockingQueue.java:403)&#10;        at java.util.concurrent.ThreadPoolExecutor.getTask(ThreadPoolExecutor.java:1074)&#10;        at java.util.concurrent.ThreadPoolExecutor.runWorker(ThreadPoolExecutor.java:1134)&#10;        at java.util.concurrent.ThreadPoolExecutor$Worker.run(ThreadPoolExecutor.java:624)&#10;        at java.lang.Thread.run(Thread.java:748)&#10;&quot;qtp721395199-269&quot; daemon prio=5 tid=269 timed_waiting&#10;java.lang.Thread.State: TIMED_WAITING&#10;        at sun.misc.Unsafe.park(Native Method)&#10;        at java.util.concurrent.locks.LockSupport.parkNanos(LockSupport.java:215)&#10;        at java.util.concurrent.locks.AbstractQueuedSynchronizer$ConditionObject.awaitNanos(AbstractQueuedSynchronizer.java:2078)&#10;        at org.eclipse.jetty.util.BlockingArrayQueue.poll(BlockingArrayQueue.java:392)&#10;        at org.eclipse.jetty.util.thread.QueuedThreadPool.idleJobPoll(QueuedThreadPool.java:563)&#10;        at org.eclipse.jetty.util.thread.QueuedThreadPool.access$800(QueuedThreadPool.java:48)&#10;        at org.eclipse.jetty.util.thread.QueuedThreadPool$2.run(QueuedThreadPool.java:626)&#10;        at java.lang.Thread.run(Thread.java:748)&#10;&quot;pool-26-thread-54&quot;  prio=5 tid=482 in Object.wait()&#10;java.lang.Thread.State: WAITING (on object monitor)&#10;        at sun.misc.Unsafe.park(Native Method)&#10;        at java.util.concurrent.locks.LockSupport.park(LockSupport.java:175)&#10;        at java.util.concurrent.locks.AbstractQueuedSynchronizer$ConditionObject.await(AbstractQueuedSynchronizer.java:2039)&#10;        at java.util.concurrent.ArrayBlockingQueue.take(ArrayBlockingQueue.java:403)&#10;        at java.util.concurrent.ThreadPoolExecutor.getTask(ThreadPoolExecutor.java:1074)&#10;        at java.util.concurrent.ThreadPoolExecutor.runWorker(ThreadPoolExecutor.java:1134)&#10;        at java.util.concurrent.ThreadPoolExecutor$Worker.run(ThreadPoolExecutor.java:624)&#10;        at java.lang.Thread.run(Thread.java:748)&#10;&quot;pool-86-thread-37&quot;  prio=5 tid=750 in Object.wait()&#10;java.lang.Thread.State: WAITING (on object monitor)&#10;        at sun.misc.Unsafe.park(Native Method)&#10;        at java.util.concurrent.locks.LockSupport.park(LockSupport.java:175)&#10;        at java.util.concurrent.locks.AbstractQueuedSynchronizer$ConditionObject.await(AbstractQueuedSynchronizer.java:2039)&#10;        at java.util.concurrent.ArrayBlockingQueue.take(ArrayBlockingQueue.java:403)&#10;        at java.util.concurrent.ThreadPoolExecutor.getTask(ThreadPoolExecutor.java:1074)&#10;        at java.util.concurrent.ThreadPoolExecutor.runWorker(ThreadPoolExecutor.java:1134)&#10;        at java.util.concurrent.ThreadPoolExecutor$Worker.run(ThreadPoolExecutor.java:624)&#10;        at java.lang.Thread.run(Thread.java:748)&#10;&quot;qtp1168956689-325&quot; daemon prio=5 tid=325 timed_waiting&#10;java.lang.Thread.State: TIMED_WAITING&#10;        at sun.misc.Unsafe.park(Native Method)&#10;        at java.util.concurrent.locks.LockSupport.parkNanos(LockSupport.java:215)&#10;        at java.util.concurrent.locks.AbstractQueuedSynchronizer$ConditionObject.awaitNanos(AbstractQueuedSynchronizer.java:2078)&#10;        at org.eclipse.jetty.util.BlockingArrayQueue.poll(BlockingArrayQueue.java:392)&#10;        at org.eclipse.jetty.util.thread.QueuedThreadPool.idleJobPoll(QueuedThreadPool.java:563)&#10;        at org.eclipse.jetty.util.thread.QueuedThreadPool.access$800(QueuedThreadPool.java:48)&#10;        at org.eclipse.jetty.util.thread.QueuedThreadPool$2.run(QueuedThreadPool.java:626)&#10;        at java.lang.Thread.run(Thread.java:748)&#10;&quot;metrics-hadoop-metrics2-reporter-4-thread-1&quot; daemon prio=5 tid=797 timed_waiting&#10;java.lang.Thread.State: TIMED_WAITING&#10;        at sun.misc.Unsafe.park(Native Method)&#10;        at java.util.concurrent.locks.LockSupport.parkNanos(LockSupport.java:215)&#10;        at java.util.concurrent.locks.AbstractQueuedSynchronizer$ConditionObject.awaitNanos(AbstractQueuedSynchronizer.java:2078)&#10;        at java.util.concurrent.ScheduledThreadPoolExecutor$DelayedWorkQueue.take(ScheduledThreadPoolExecutor.java:1093)&#10;        at java.util.concurrent.ScheduledThreadPoolExecutor$DelayedWorkQueue.take(ScheduledThreadPoolExecutor.java:809)&#10;        at java.util.concurrent.ThreadPoolExecutor.getTask(ThreadPoolExecutor.java:1074)&#10;        at java.util.concurrent.ThreadPoolExecutor.runWorker(ThreadPoolExecutor.java:1134)&#10;        at java.util.concurrent.ThreadPoolExecutor$Worker.run(ThreadPoolExecutor.java:624)&#10;        at java.lang.Thread.run(Thread.java:748)&#10;&quot;java.util.concurrent.ThreadPoolExecutor$Worker@20304712[State = -1, empty queue]&quot; daemon prio=5 tid=1001 timed_waiting&#10;java.lang.Thread.State: TIMED_WAITING&#10;        at sun.misc.Unsafe.park(Native Method)&#10;        at java.util.concurrent.locks.LockSupport.parkNanos(LockSupport.java:215)&#10;        at java.util.concurrent.locks.AbstractQueuedSynchronizer$ConditionObject.awaitNanos(AbstractQueuedSynchronizer.java:2078)&#10;        at java.util.concurrent.ScheduledThreadPoolExecutor$DelayedWorkQueue.take(ScheduledThreadPoolExecutor.java:1093)&#10;        at java.util.concurrent.ScheduledThreadPoolExecutor$DelayedWorkQueue.take(ScheduledThreadPoolExecutor.java:809)&#10;        at java.util.concurrent.ThreadPoolExecutor.getTask(ThreadPoolExecutor.java:1074)&#10;        at java.util.concurrent.ThreadPoolExecutor.runWorker(ThreadPoolExecutor.java:1134)&#10;        at java.util.concurrent.ThreadPoolExecutor$Worker.run(ThreadPoolExecutor.java:624)&#10;        at java.lang.Thread.run(Thread.java:748)&#10;&quot;Periodic HDDS volume checker&quot;  prio=5 tid=152 timed_waiting&#10;java.lang.Thread.State: TIMED_WAITING&#10;        at sun.misc.Unsafe.park(Native Method)&#10;        at java.util.concurrent.locks.LockSupport.parkNanos(LockSupport.java:215)&#10;        at java.util.concurrent.locks.AbstractQueuedSynchronizer$ConditionObject.awaitNanos(AbstractQueuedSynchronizer.java:2078)&#10;        at java.util.concurrent.ScheduledThreadPoolExecutor$DelayedWorkQueue.take(ScheduledThreadPoolExecutor.java:1093)&#10;        at java.util.concurrent.ScheduledThreadPoolExecutor$DelayedWorkQueue.take(ScheduledThreadPoolExecutor.java:809)&#10;        at java.util.concurrent.ThreadPoolExecutor.getTask(ThreadPoolExecutor.java:1074)&#10;        at java.util.concurrent.ThreadPoolExecutor.runWorker(ThreadPoolExecutor.java:1134)&#10;        at java.util.concurrent.ThreadPoolExecutor$Worker.run(ThreadPoolExecutor.java:624)&#10;        at java.lang.Thread.run(Thread.java:748)&#10;&quot;pool-26-thread-56&quot;  prio=5 tid=486 in Object.wait()&#10;java.lang.Thread.State: WAITING (on object monitor)&#10;        at sun.misc.Unsafe.park(Native Method)&#10;        at java.util.concurrent.locks.LockSupport.park(LockSupport.java:175)&#10;        at java.util.concurrent.locks.AbstractQueuedSynchronizer$ConditionObject.await(AbstractQueuedSynchronizer.java:2039)&#10;        at java.util.concurrent.ArrayBlockingQueue.take(ArrayBlockingQueue.java:403)&#10;        at java.util.concurrent.ThreadPoolExecutor.getTask(ThreadPoolExecutor.java:1074)&#10;        at java.util.concurrent.ThreadPoolExecutor.runWorker(ThreadPoolExecutor.java:1134)&#10;        at java.util.concurrent.ThreadPoolExecutor$Worker.run(ThreadPoolExecutor.java:624)&#10;        at java.lang.Thread.run(Thread.java:748)&#10;&quot;org.eclipse.jetty.server.session.HashSessionManager@3c3a0032Timer&quot; daemon prio=5 tid=250 timed_waiting&#10;java.lang.Thread.State: TIMED_WAITING&#10;        at sun.misc.Unsafe.park(Native Method)&#10;        at java.util.concurrent.locks.LockSupport.parkNanos(LockSupport.java:215)&#10;        at java.util.concurrent.locks.AbstractQueuedSynchronizer$ConditionObject.awaitNanos(AbstractQueuedSynchronizer.java:2078)&#10;        at java.util.concurrent.ScheduledThreadPoolExecutor$DelayedWorkQueue.take(ScheduledThreadPoolExecutor.java:1093)&#10;        at java.util.concurrent.ScheduledThreadPoolExecutor$DelayedWorkQueue.take(ScheduledThreadPoolExecutor.java:809)&#10;        at java.util.concurrent.ThreadPoolExecutor.getTask(ThreadPoolExecutor.java:1074)&#10;        at java.util.concurrent.ThreadPoolExecutor.runWorker(ThreadPoolExecutor.java:1134)&#10;        at java.util.concurrent.ThreadPoolExecutor$Worker.run(ThreadPoolExecutor.java:624)&#10;        at java.lang.Thread.run(Thread.java:748)&#10;&quot;qtp64989209-298&quot; daemon prio=5 tid=298 timed_waiting&#10;java.lang.Thread.State: TIMED_WAITING&#10;        at sun.misc.Unsafe.park(Native Method)&#10;        at java.util.concurrent.locks.LockSupport.parkNanos(LockSupport.java:215)&#10;        at java.util.concurrent.locks.AbstractQueuedSynchronizer$ConditionObject.awaitNanos(AbstractQueuedSynchronizer.java:2078)&#10;        at org.eclipse.jetty.util.BlockingArrayQueue.poll(BlockingArrayQueue.java:392)&#10;        at org.eclipse.jetty.util.thread.QueuedThreadPool.idleJobPoll(QueuedThreadPool.java:563)&#10;        at org.eclipse.jetty.util.thread.QueuedThreadPool.access$800(QueuedThreadPool.java:48)&#10;        at org.eclipse.jetty.util.thread.QueuedThreadPool$2.run(QueuedThreadPool.java:626)&#10;        at java.lang.Thread.run(Thread.java:748)&#10;&quot;pool-36-thread-56&quot;  prio=5 tid=506 in Object.wait()&#10;java.lang.Thread.State: WAITING (on object monitor)&#10;        at sun.misc.Unsafe.park(Native Method)&#10;        at java.util.concurrent.locks.LockSupport.park(LockSupport.java:175)&#10;        at java.util.concurrent.locks.AbstractQueuedSynchronizer$ConditionObject.await(AbstractQueuedSynchronizer.java:2039)&#10;        at java.util.concurrent.ArrayBlockingQueue.take(ArrayBlockingQueue.java:403)&#10;        at java.util.concurrent.ThreadPoolExecutor.getTask(ThreadPoolExecutor.java:1074)&#10;        at java.util.concurrent.ThreadPoolExecutor.runWorker(ThreadPoolExecutor.java:1134)&#10;        at java.util.concurrent.ThreadPoolExecutor$Worker.run(ThreadPoolExecutor.java:624)&#10;        at java.lang.Thread.run(Thread.java:748)&#10;&quot;qtp721395199-270&quot; daemon prio=5 tid=270 timed_waiting&#10;java.lang.Thread.State: TIMED_WAITING&#10;        at sun.misc.Unsafe.park(Native Method)&#10;        at java.util.concurrent.locks.LockSupport.parkNanos(LockSupport.java:215)&#10;        at java.util.concurrent.locks.AbstractQueuedSynchronizer$ConditionObject.awaitNanos(AbstractQueuedSynchronizer.java:2078)&#10;        at org.eclipse.jetty.util.BlockingArrayQueue.poll(BlockingArrayQueue.java:392)&#10;        at org.eclipse.jetty.util.thread.QueuedThreadPool.idleJobPoll(QueuedThreadPool.java:563)&#10;        at org.eclipse.jetty.util.thread.QueuedThreadPool.access$800(QueuedThreadPool.java:48)&#10;        at org.eclipse.jetty.util.thread.QueuedThreadPool$2.run(QueuedThreadPool.java:626)&#10;        at java.lang.Thread.run(Thread.java:748)&#10;&quot;Datanode ReportManager Thread - 3&quot; daemon prio=5 tid=174 in Object.wait()&#10;java.lang.Thread.State: WAITING (on object monitor)&#10;        at sun.misc.Unsafe.park(Native Method)&#10;        at java.util.concurrent.locks.LockSupport.park(LockSupport.java:175)&#10;        at java.util.concurrent.locks.AbstractQueuedSynchronizer$ConditionObject.await(AbstractQueuedSynchronizer.java:2039)&#10;        at java.util.concurrent.ScheduledThreadPoolExecutor$DelayedWorkQueue.take(ScheduledThreadPoolExecutor.java:1088)&#10;        at java.util.concurrent.ScheduledThreadPoolExecutor$DelayedWorkQueue.take(ScheduledThreadPoolExecutor.java:809)&#10;        at java.util.concurrent.ThreadPoolExecutor.getTask(ThreadPoolExecutor.java:1074)&#10;        at java.util.concurrent.ThreadPoolExecutor.runWorker(ThreadPoolExecutor.java:1134)&#10;        at java.util.concurrent.ThreadPoolExecutor$Worker.run(ThreadPoolExecutor.java:624)&#10;        at java.lang.Thread.run(Thread.java:748)&#10;&quot;Datanode ReportManager Thread - 3&quot; daemon prio=5 tid=336 in Object.wait()&#10;java.lang.Thread.State: WAITING (on object monitor)&#10;        at sun.misc.Unsafe.park(Native Method)&#10;        at java.util.concurrent.locks.LockSupport.park(LockSupport.java:175)&#10;        at java.util.concurrent.locks.AbstractQueuedSynchronizer$ConditionObject.await(AbstractQueuedSynchronizer.java:2039)&#10;        at java.util.concurrent.ScheduledThreadPoolExecutor$DelayedWorkQueue.take(ScheduledThreadPoolExecutor.java:1088)&#10;        at java.util.concurrent.ScheduledThreadPoolExecutor$DelayedWorkQueue.take(ScheduledThreadPoolExecutor.java:809)&#10;        at java.util.concurrent.ThreadPoolExecutor.getTask(ThreadPoolExecutor.java:1074)&#10;        at java.util.concurrent.ThreadPoolExecutor.runWorker(ThreadPoolExecutor.java:1134)&#10;        at java.util.concurrent.ThreadPoolExecutor$Worker.run(ThreadPoolExecutor.java:624)&#10;        at java.lang.Thread.run(Thread.java:748)&#10;&quot;pool-66-thread-57&quot;  prio=5 tid=637 in Object.wait()&#10;java.lang.Thread.State: WAITING (on object monitor)&#10;        at sun.misc.Unsafe.park(Native Method)&#10;        at java.util.concurrent.locks.LockSupport.park(LockSupport.java:175)&#10;        at java.util.concurrent.locks.AbstractQueuedSynchronizer$ConditionObject.await(AbstractQueuedSynchronizer.java:2039)&#10;        at java.util.concurrent.ArrayBlockingQueue.take(ArrayBlockingQueue.java:403)&#10;        at java.util.concurrent.ThreadPoolExecutor.getTask(ThreadPoolExecutor.java:1074)&#10;        at java.util.concurrent.ThreadPoolExecutor.runWorker(ThreadPoolExecutor.java:1134)&#10;        at java.util.concurrent.ThreadPoolExecutor$Worker.run(ThreadPoolExecutor.java:624)&#10;        at java.lang.Thread.run(Thread.java:748)&#10;&quot;pool-56-thread-23&quot;  prio=5 tid=543 in Object.wait()&#10;java.lang.Thread.State: WAITING (on object monitor)&#10;        at sun.misc.Unsafe.park(Native Method)&#10;        at java.util.concurrent.locks.LockSupport.park(LockSupport.java:175)&#10;        at java.util.concurrent.locks.AbstractQueuedSynchronizer$ConditionObject.await(AbstractQueuedSynchronizer.java:2039)&#10;        at java.util.concurrent.ArrayBlockingQueue.take(ArrayBlockingQueue.java:403)&#10;        at java.util.concurrent.ThreadPoolExecutor.getTask(ThreadPoolExecutor.java:1074)&#10;        at java.util.concurrent.ThreadPoolExecutor.runWorker(ThreadPoolExecutor.java:1134)&#10;        at java.util.concurrent.ThreadPoolExecutor$Worker.run(ThreadPoolExecutor.java:624)&#10;        at java.lang.Thread.run(Thread.java:748)&#10;&quot;metrics-hadoop-metrics2-reporter-43-thread-1&quot; daemon prio=5 tid=915 timed_waiting&#10;java.lang.Thread.State: TIMED_WAITING&#10;        at sun.misc.Unsafe.park(Native Method)&#10;        at java.util.concurrent.locks.LockSupport.parkNanos(LockSupport.java:215)&#10;        at java.util.concurrent.locks.AbstractQueuedSynchronizer$ConditionObject.awaitNanos(AbstractQueuedSynchronizer.java:2078)&#10;        at java.util.concurrent.ScheduledThreadPoolExecutor$DelayedWorkQueue.take(ScheduledThreadPoolExecutor.java:1093)&#10;        at java.util.concurrent.ScheduledThreadPoolExecutor$DelayedWorkQueue.take(ScheduledThreadPoolExecutor.java:809)&#10;        at java.util.concurrent.ThreadPoolExecutor.getTask(ThreadPoolExecutor.java:1074)&#10;        at java.util.concurrent.ThreadPoolExecutor.runWorker(ThreadPoolExecutor.java:1134)&#10;        at java.util.concurrent.ThreadPoolExecutor$Worker.run(ThreadPoolExecutor.java:624)&#10;        at java.lang.Thread.run(Thread.java:748)&#10;&quot;pool-56-thread-17&quot;  prio=5 tid=537 in Object.wait()&#10;java.lang.Thread.State: WAITING (on object monitor)&#10;        at sun.misc.Unsafe.park(Native Method)&#10;        at java.util.concurrent.locks.LockSupport.park(LockSupport.java:175)&#10;        at java.util.concurrent.locks.AbstractQueuedSynchronizer$ConditionObject.await(AbstractQueuedSynchronizer.java:2039)&#10;        at java.util.concurrent.ArrayBlockingQueue.take(ArrayBlockingQueue.java:403)&#10;        at java.util.concurrent.ThreadPoolExecutor.getTask(ThreadPoolExecutor.java:1074)&#10;        at java.util.concurrent.ThreadPoolExecutor.runWorker(ThreadPoolExecutor.java:1134)&#10;        at java.util.concurrent.ThreadPoolExecutor$Worker.run(ThreadPoolExecutor.java:624)&#10;        at java.lang.Thread.run(Thread.java:748)&#10;&quot;pool-56-thread-11&quot;  prio=5 tid=531 in Object.wait()&#10;java.lang.Thread.State: WAITING (on object monitor)&#10;        at sun.misc.Unsafe.park(Native Method)&#10;        at java.util.concurrent.locks.LockSupport.park(LockSupport.java:175)&#10;        at java.util.concurrent.locks.AbstractQueuedSynchronizer$ConditionObject.await(AbstractQueuedSynchronizer.java:2039)&#10;        at java.util.concurrent.ArrayBlockingQueue.take(ArrayBlockingQueue.java:403)&#10;        at java.util.concurrent.ThreadPoolExecutor.getTask(ThreadPoolExecutor.java:1074)&#10;        at java.util.concurrent.ThreadPoolExecutor.runWorker(ThreadPoolExecutor.java:1134)&#10;        at java.util.concurrent.ThreadPoolExecutor$Worker.run(ThreadPoolExecutor.java:624)&#10;        at java.lang.Thread.run(Thread.java:748)&#10;&quot;IPC Server handler 15 on 36674&quot; daemon prio=5 tid=84 timed_waiting&#10;java.lang.Thread.State: TIMED_WAITING&#10;        at sun.misc.Unsafe.park(Native Method)&#10;        at java.util.concurrent.locks.LockSupport.parkNanos(LockSupport.java:215)&#10;        at java.util.concurrent.locks.AbstractQueuedSynchronizer$ConditionObject.awaitNanos(AbstractQueuedSynchronizer.java:2078)&#10;        at java.util.concurrent.LinkedBlockingQueue.poll(LinkedBlockingQueue.java:467)&#10;        at org.apache.hadoop.ipc.CallQueueManager.take(CallQueueManager.java:288)&#10;        at org.apache.hadoop.ipc.Server$Handler.run(Server.java:2668)&#10;&quot;pool-76-thread-46&quot;  prio=5 tid=697 in Object.wait()&#10;java.lang.Thread.State: WAITING (on object monitor)&#10;        at sun.misc.Unsafe.park(Native Method)&#10;        at java.util.concurrent.locks.LockSupport.park(LockSupport.java:175)&#10;        at java.util.concurrent.locks.AbstractQueuedSynchronizer$ConditionObject.await(AbstractQueuedSynchronizer.java:2039)&#10;        at java.util.concurrent.ArrayBlockingQueue.take(ArrayBlockingQueue.java:403)&#10;        at java.util.concurrent.ThreadPoolExecutor.getTask(ThreadPoolExecutor.java:1074)&#10;        at java.util.concurrent.ThreadPoolExecutor.runWorker(ThreadPoolExecutor.java:1134)&#10;        at java.util.concurrent.ThreadPoolExecutor$Worker.run(ThreadPoolExecutor.java:624)&#10;        at java.lang.Thread.run(Thread.java:748)&#10;&quot;IPC Server handler 7 on 36674&quot; daemon prio=5 tid=76 timed_waiting&#10;java.lang.Thread.State: TIMED_WAITING&#10;        at sun.misc.Unsafe.park(Native Method)&#10;        at java.util.concurrent.locks.LockSupport.parkNanos(LockSupport.java:215)&#10;        at java.util.concurrent.locks.AbstractQueuedSynchronizer$ConditionObject.awaitNanos(AbstractQueuedSynchronizer.java:2078)&#10;        at java.util.concurrent.LinkedBlockingQueue.poll(LinkedBlockingQueue.java:467)&#10;        at org.apache.hadoop.ipc.CallQueueManager.take(CallQueueManager.java:288)&#10;        at org.apache.hadoop.ipc.Server$Handler.run(Server.java:2668)&#10;&quot;988115cd-21c9-4558-b198-f2cedd98ccf3@group-BF878B4C9D21-StateMachineUpdater&quot; daemon prio=5 tid=793 in Object.wait()&#10;java.lang.Thread.State: WAITING (on object monitor)&#10;        at java.lang.Object.wait(Native Method)&#10;        at java.lang.Object.wait(Object.java:502)&#10;        at org.apache.ratis.server.impl.StateMachineUpdater.waitForCommit(StateMachineUpdater.java:194)&#10;        at org.apache.ratis.server.impl.StateMachineUpdater.run(StateMachineUpdater.java:159)&#10;        at java.lang.Thread.run(Thread.java:748)&#10;&quot;metrics-hadoop-metrics2-reporter-21-thread-1&quot; daemon prio=5 tid=840 timed_waiting&#10;java.lang.Thread.State: TIMED_WAITING&#10;        at sun.misc.Unsafe.park(Native Method)&#10;        at java.util.concurrent.locks.LockSupport.parkNanos(LockSupport.java:215)&#10;        at java.util.concurrent.locks.AbstractQueuedSynchronizer$ConditionObject.awaitNanos(AbstractQueuedSynchronizer.java:2078)&#10;        at java.util.concurrent.ScheduledThreadPoolExecutor$DelayedWorkQueue.take(ScheduledThreadPoolExecutor.java:1093)&#10;        at java.util.concurrent.ScheduledThreadPoolExecutor$DelayedWorkQueue.take(ScheduledThreadPoolExecutor.java:809)&#10;        at java.util.concurrent.ThreadPoolExecutor.getTask(ThreadPoolExecutor.java:1074)&#10;        at java.util.concurrent.ThreadPoolExecutor.runWorker(ThreadPoolExecutor.java:1134)&#10;        at java.util.concurrent.ThreadPoolExecutor$Worker.run(ThreadPoolExecutor.java:624)&#10;        at java.lang.Thread.run(Thread.java:748)&#10;&quot;pool-86-thread-54&quot;  prio=5 tid=767 in Object.wait()&#10;java.lang.Thread.State: WAITING (on object monitor)&#10;        at sun.misc.Unsafe.park(Native Method)&#10;        at java.util.concurrent.locks.LockSupport.park(LockSupport.java:175)&#10;        at java.util.concurrent.locks.AbstractQueuedSynchronizer$ConditionObject.await(AbstractQueuedSynchronizer.java:2039)&#10;        at java.util.concurrent.ArrayBlockingQueue.take(ArrayBlockingQueue.java:403)&#10;        at java.util.concurrent.ThreadPoolExecutor.getTask(ThreadPoolExecutor.java:1074)&#10;        at java.util.concurrent.ThreadPoolExecutor.runWorker(ThreadPoolExecutor.java:1134)&#10;        at java.util.concurrent.ThreadPoolExecutor$Worker.run(ThreadPoolExecutor.java:624)&#10;        at java.lang.Thread.run(Thread.java:748)&#10;&quot;pool-66-thread-44&quot;  prio=5 tid=624 in Object.wait()&#10;java.lang.Thread.State: WAITING (on object monitor)&#10;        at sun.misc.Unsafe.park(Native Method)&#10;        at java.util.concurrent.locks.LockSupport.park(LockSupport.java:175)&#10;        at java.util.concurrent.locks.AbstractQueuedSynchronizer$ConditionObject.await(AbstractQueuedSynchronizer.java:2039)&#10;        at java.util.concurrent.ArrayBlockingQueue.take(ArrayBlockingQueue.java:403)&#10;        at java.util.concurrent.ThreadPoolExecutor.getTask(ThreadPoolExecutor.java:1074)&#10;        at java.util.concurrent.ThreadPoolExecutor.runWorker(ThreadPoolExecutor.java:1134)&#10;        at java.util.concurrent.ThreadPoolExecutor$Worker.run(ThreadPoolExecutor.java:624)&#10;        at java.lang.Thread.run(Thread.java:748)&#10;&quot;d2e56473-8267-4871-9849-be2e71e1a2dc@group-4A5985BBF6FD-StateMachineUpdater&quot; daemon prio=5 tid=839 in Object.wait()&#10;java.lang.Thread.State: WAITING (on object monitor)&#10;        at java.lang.Object.wait(Native Method)&#10;        at java.lang.Object.wait(Object.java:502)&#10;        at org.apache.ratis.server.impl.StateMachineUpdater.waitForCommit(StateMachineUpdater.java:194)&#10;        at org.apache.ratis.server.impl.StateMachineUpdater.run(StateMachineUpdater.java:159)&#10;        at java.lang.Thread.run(Thread.java:748)&#10;&quot;Datanode ReportManager Thread - 0&quot; daemon prio=5 tid=171 in Object.wait()&#10;java.lang.Thread.State: WAITING (on object monitor)&#10;        at sun.misc.Unsafe.park(Native Method)&#10;        at java.util.concurrent.locks.LockSupport.park(LockSupport.java:175)&#10;        at java.util.concurrent.locks.AbstractQueuedSynchronizer$ConditionObject.await(AbstractQueuedSynchronizer.java:2039)&#10;        at java.util.concurrent.ScheduledThreadPoolExecutor$DelayedWorkQueue.take(ScheduledThreadPoolExecutor.java:1088)&#10;        at java.util.concurrent.ScheduledThreadPoolExecutor$DelayedWorkQueue.take(ScheduledThreadPoolExecutor.java:809)&#10;        at java.util.concurrent.ThreadPoolExecutor.getTask(ThreadPoolExecutor.java:1074)&#10;        at java.util.concurrent.ThreadPoolExecutor.runWorker(ThreadPoolExecutor.java:1134)&#10;        at java.util.concurrent.ThreadPoolExecutor$Worker.run(ThreadPoolExecutor.java:624)&#10;        at java.lang.Thread.run(Thread.java:748)&#10;&quot;pool-36-thread-42&quot;  prio=5 tid=470 in Object.wait()&#10;java.lang.Thread.State: WAITING (on object monitor)&#10;        at sun.misc.Unsafe.park(Native Method)&#10;        at java.util.concurrent.locks.LockSupport.park(LockSupport.java:175)&#10;        at java.util.concurrent.locks.AbstractQueuedSynchronizer$ConditionObject.await(AbstractQueuedSynchronizer.java:2039)&#10;        at java.util.concurrent.ArrayBlockingQueue.take(ArrayBlockingQueue.java:403)&#10;        at java.util.concurrent.ThreadPoolExecutor.getTask(ThreadPoolExecutor.java:1074)&#10;        at java.util.concurrent.ThreadPoolExecutor.runWorker(ThreadPoolExecutor.java:1134)&#10;        at java.util.concurrent.ThreadPoolExecutor$Worker.run(ThreadPoolExecutor.java:624)&#10;        at java.lang.Thread.run(Thread.java:748)&#10;&quot;pool-56-thread-30&quot;  prio=5 tid=550 in Object.wait()&#10;java.lang.Thread.State: WAITING (on object monitor)&#10;        at sun.misc.Unsafe.park(Native Method)&#10;        at java.util.concurrent.locks.LockSupport.park(LockSupport.java:175)&#10;        at java.util.concurrent.locks.AbstractQueuedSynchronizer$ConditionObject.await(AbstractQueuedSynchronizer.java:2039)&#10;        at java.util.concurrent.ArrayBlockingQueue.take(ArrayBlockingQueue.java:403)&#10;        at java.util.concurrent.ThreadPoolExecutor.getTask(ThreadPoolExecutor.java:1074)&#10;        at java.util.concurrent.ThreadPoolExecutor.runWorker(ThreadPoolExecutor.java:1134)&#10;        at java.util.concurrent.ThreadPoolExecutor$Worker.run(ThreadPoolExecutor.java:624)&#10;        at java.lang.Thread.run(Thread.java:748)&#10;&quot;pool-66-thread-32&quot;  prio=5 tid=612 in Object.wait()&#10;java.lang.Thread.State: WAITING (on object monitor)&#10;        at sun.misc.Unsafe.park(Native Method)&#10;        at java.util.concurrent.locks.LockSupport.park(LockSupport.java:175)&#10;        at java.util.concurrent.locks.AbstractQueuedSynchronizer$ConditionObject.await(AbstractQueuedSynchronizer.java:2039)&#10;        at java.util.concurrent.ArrayBlockingQueue.take(ArrayBlockingQueue.java:403)&#10;        at java.util.concurrent.ThreadPoolExecutor.getTask(ThreadPoolExecutor.java:1074)&#10;        at java.util.concurrent.ThreadPoolExecutor.runWorker(ThreadPoolExecutor.java:1134)&#10;        at java.util.concurrent.ThreadPoolExecutor$Worker.run(ThreadPoolExecutor.java:624)&#10;        at java.lang.Thread.run(Thread.java:748)&#10;&quot;pool-46-thread-24&quot;  prio=5 tid=415 in Object.wait()&#10;java.lang.Thread.State: WAITING (on object monitor)&#10;        at sun.misc.Unsafe.park(Native Method)&#10;        at java.util.concurrent.locks.LockSupport.park(LockSupport.java:175)&#10;        at java.util.concurrent.locks.AbstractQueuedSynchronizer$ConditionObject.await(AbstractQueuedSynchronizer.java:2039)&#10;        at java.util.concurrent.ArrayBlockingQueue.take(ArrayBlockingQueue.java:403)&#10;        at java.util.concurrent.ThreadPoolExecutor.getTask(ThreadPoolExecutor.java:1074)&#10;        at java.util.concurrent.ThreadPoolExecutor.runWorker(ThreadPoolExecutor.java:1134)&#10;        at java.util.concurrent.ThreadPoolExecutor$Worker.run(ThreadPoolExecutor.java:624)&#10;        at java.lang.Thread.run(Thread.java:748)&#10;&quot;d2e56473-8267-4871-9849-be2e71e1a2dc@group-AFD3E3A39739-StateMachineUpdater&quot; daemon prio=5 tid=1062 in Object.wait()&#10;java.lang.Thread.State: WAITING (on object monitor)&#10;        at java.lang.Object.wait(Native Method)&#10;        at java.lang.Object.wait(Object.java:502)&#10;        at org.apache.ratis.server.impl.StateMachineUpdater.waitForCommit(StateMachineUpdater.java:194)&#10;        at org.apache.ratis.server.impl.StateMachineUpdater.run(StateMachineUpdater.java:159)&#10;        at java.lang.Thread.run(Thread.java:748)&#10;&quot;pool-76-thread-7&quot;  prio=5 tid=658 in Object.wait()&#10;java.lang.Thread.State: WAITING (on object monitor)&#10;        at sun.misc.Unsafe.park(Native Method)&#10;        at java.util.concurrent.locks.LockSupport.park(LockSupport.java:175)&#10;        at java.util.concurrent.locks.AbstractQueuedSynchronizer$ConditionObject.await(AbstractQueuedSynchronizer.java:2039)&#10;        at java.util.concurrent.ArrayBlockingQueue.take(ArrayBlockingQueue.java:403)&#10;        at java.util.concurrent.ThreadPoolExecutor.getTask(ThreadPoolExecutor.java:1074)&#10;        at java.util.concurrent.ThreadPoolExecutor.runWorker(ThreadPoolExecutor.java:1134)&#10;        at java.util.concurrent.ThreadPoolExecutor$Worker.run(ThreadPoolExecutor.java:624)&#10;        at java.lang.Thread.run(Thread.java:748)&#10;&quot;pool-56-thread-13&quot;  prio=5 tid=533 in Object.wait()&#10;java.lang.Thread.State: WAITING (on object monitor)&#10;        at sun.misc.Unsafe.park(Native Method)&#10;        at java.util.concurrent.locks.LockSupport.park(LockSupport.java:175)&#10;        at java.util.concurrent.locks.AbstractQueuedSynchronizer$ConditionObject.await(AbstractQueuedSynchronizer.java:2039)&#10;        at java.util.concurrent.ArrayBlockingQueue.take(ArrayBlockingQueue.java:403)&#10;        at java.util.concurrent.ThreadPoolExecutor.getTask(ThreadPoolExecutor.java:1074)&#10;        at java.util.concurrent.ThreadPoolExecutor.runWorker(ThreadPoolExecutor.java:1134)&#10;        at java.util.concurrent.ThreadPoolExecutor$Worker.run(ThreadPoolExecutor.java:624)&#10;        at java.lang.Thread.run(Thread.java:748)&#10;&quot;pool-46-thread-17&quot;  prio=5 tid=393 in Object.wait()&#10;java.lang.Thread.State: WAITING (on object monitor)&#10;        at sun.misc.Unsafe.park(Native Method)&#10;        at java.util.concurrent.locks.LockSupport.park(LockSupport.java:175)&#10;        at java.util.concurrent.locks.AbstractQueuedSynchronizer$ConditionObject.await(AbstractQueuedSynchronizer.java:2039)&#10;        at java.util.concurrent.ArrayBlockingQueue.take(ArrayBlockingQueue.java:403)&#10;        at java.util.concurrent.ThreadPoolExecutor.getTask(ThreadPoolExecutor.java:1074)&#10;        at java.util.concurrent.ThreadPoolExecutor.runWorker(ThreadPoolExecutor.java:1134)&#10;        at java.util.concurrent.ThreadPoolExecutor$Worker.run(ThreadPoolExecutor.java:624)&#10;        at java.lang.Thread.run(Thread.java:748)&#10;&quot;pool-84-thread-1&quot; daemon prio=5 tid=318 timed_waiting&#10;java.lang.Thread.State: TIMED_WAITING&#10;        at sun.misc.Unsafe.park(Native Method)&#10;        at java.util.concurrent.locks.LockSupport.parkNanos(LockSupport.java:215)&#10;        at java.util.concurrent.locks.AbstractQueuedSynchronizer$ConditionObject.awaitNanos(AbstractQueuedSynchronizer.java:2078)&#10;        at java.util.concurrent.ScheduledThreadPoolExecutor$DelayedWorkQueue.take(ScheduledThreadPoolExecutor.java:1093)&#10;        at java.util.concurrent.ScheduledThreadPoolExecutor$DelayedWorkQueue.take(ScheduledThreadPoolExecutor.java:809)&#10;        at java.util.concurrent.ThreadPoolExecutor.getTask(ThreadPoolExecutor.java:1074)&#10;        at java.util.concurrent.ThreadPoolExecutor.runWorker(ThreadPoolExecutor.java:1134)&#10;        at java.util.concurrent.ThreadPoolExecutor$Worker.run(ThreadPoolExecutor.java:624)&#10;        at java.lang.Thread.run(Thread.java:748)&#10;&quot;qtp1991386317-141&quot; daemon prio=5 tid=141 timed_waiting&#10;java.lang.Thread.State: TIMED_WAITING&#10;        at sun.misc.Unsafe.park(Native Method)&#10;        at java.util.concurrent.locks.LockSupport.parkNanos(LockSupport.java:215)&#10;        at java.util.concurrent.locks.AbstractQueuedSynchronizer$ConditionObject.awaitNanos(AbstractQueuedSynchronizer.java:2078)&#10;        at org.eclipse.jetty.util.BlockingArrayQueue.poll(BlockingArrayQueue.java:392)&#10;        at org.eclipse.jetty.util.thread.QueuedThreadPool.idleJobPoll(QueuedThreadPool.java:563)&#10;        at org.eclipse.jetty.util.thread.QueuedThreadPool.access$800(QueuedThreadPool.java:48)&#10;        at org.eclipse.jetty.util.thread.QueuedThreadPool$2.run(QueuedThreadPool.java:626)&#10;        at java.lang.Thread.run(Thread.java:748)&#10;&quot;pool-26-thread-53&quot;  prio=5 tid=481 in Object.wait()&#10;java.lang.Thread.State: WAITING (on object monitor)&#10;        at sun.misc.Unsafe.park(Native Method)&#10;        at java.util.concurrent.locks.LockSupport.park(LockSupport.java:175)&#10;        at java.util.concurrent.locks.AbstractQueuedSynchronizer$ConditionObject.await(AbstractQueuedSynchronizer.java:2039)&#10;        at java.util.concurrent.ArrayBlockingQueue.take(ArrayBlockingQueue.java:403)&#10;        at java.util.concurrent.ThreadPoolExecutor.getTask(ThreadPoolExecutor.java:1074)&#10;        at java.util.concurrent.ThreadPoolExecutor.runWorker(ThreadPoolExecutor.java:1134)&#10;        at java.util.concurrent.ThreadPoolExecutor$Worker.run(ThreadPoolExecutor.java:624)&#10;        at java.lang.Thread.run(Thread.java:748)&#10;&quot;Thread-1741&quot; daemon prio=5 tid=2404 timed_waiting&#10;java.lang.Thread.State: TIMED_WAITING&#10;        at java.lang.Thread.sleep(Native Method)&#10;        at org.apache.ratis.util.JavaUtils.sleep(JavaUtils.java:247)&#10;        at org.apache.ratis.server.impl.FollowerState.run(FollowerState.java:97)&#10;&quot;BlockDeletingService#1&quot; daemon prio=5 tid=651 in Object.wait()&#10;java.lang.Thread.State: WAITING (on object monitor)&#10;        at sun.misc.Unsafe.park(Native Method)&#10;        at java.util.concurrent.locks.LockSupport.park(LockSupport.java:175)&#10;        at java.util.concurrent.locks.AbstractQueuedSynchronizer$ConditionObject.await(AbstractQueuedSynchronizer.java:2039)&#10;        at java.util.concurrent.ScheduledThreadPoolExecutor$DelayedWorkQueue.take(ScheduledThreadPoolExecutor.java:1088)&#10;        at java.util.concurrent.ScheduledThreadPoolExecutor$DelayedWorkQueue.take(ScheduledThreadPoolExecutor.java:809)&#10;        at java.util.concurrent.ThreadPoolExecutor.getTask(ThreadPoolExecutor.java:1074)&#10;        at java.util.concurrent.ThreadPoolExecutor.runWorker(ThreadPoolExecutor.java:1134)&#10;        at java.util.concurrent.ThreadPoolExecutor$Worker.run(ThreadPoolExecutor.java:624)&#10;        at java.lang.Thread.run(Thread.java:748)&#10;&quot;pool-36-thread-23&quot;  prio=5 tid=411 in Object.wait()&#10;java.lang.Thread.State: WAITING (on object monitor)&#10;        at sun.misc.Unsafe.park(Native Method)&#10;        at java.util.concurrent.locks.LockSupport.park(LockSupport.java:175)&#10;        at java.util.concurrent.locks.AbstractQueuedSynchronizer$ConditionObject.await(AbstractQueuedSynchronizer.java:2039)&#10;        at java.util.concurrent.ArrayBlockingQueue.take(ArrayBlockingQueue.java:403)&#10;        at java.util.concurrent.ThreadPoolExecutor.getTask(ThreadPoolExecutor.java:1074)&#10;        at java.util.concurrent.ThreadPoolExecutor.runWorker(ThreadPoolExecutor.java:1134)&#10;        at java.util.concurrent.ThreadPoolExecutor$Worker.run(ThreadPoolExecutor.java:624)&#10;        at java.lang.Thread.run(Thread.java:748)&#10;&quot;pool-76-thread-11&quot;  prio=5 tid=662 in Object.wait()&#10;java.lang.Thread.State: WAITING (on object monitor)&#10;        at sun.misc.Unsafe.park(Native Method)&#10;        at java.util.concurrent.locks.LockSupport.park(LockSupport.java:175)&#10;        at java.util.concurrent.locks.AbstractQueuedSynchronizer$ConditionObject.await(AbstractQueuedSynchronizer.java:2039)&#10;        at java.util.concurrent.ArrayBlockingQueue.take(ArrayBlockingQueue.java:403)&#10;        at java.util.concurrent.ThreadPoolExecutor.getTask(ThreadPoolExecutor.java:1074)&#10;        at java.util.concurrent.ThreadPoolExecutor.runWorker(ThreadPoolExecutor.java:1134)&#10;        at java.util.concurrent.ThreadPoolExecutor$Worker.run(ThreadPoolExecutor.java:624)&#10;        at java.lang.Thread.run(Thread.java:748)&#10;&quot;qtp820627987-165&quot; daemon prio=5 tid=165 timed_waiting&#10;java.lang.Thread.State: TIMED_WAITING&#10;        at sun.misc.Unsafe.park(Native Method)&#10;        at java.util.concurrent.locks.LockSupport.parkNanos(LockSupport.java:215)&#10;        at java.util.concurrent.locks.AbstractQueuedSynchronizer$ConditionObject.awaitNanos(AbstractQueuedSynchronizer.java:2078)&#10;        at org.eclipse.jetty.util.BlockingArrayQueue.poll(BlockingArrayQueue.java:392)&#10;        at org.eclipse.jetty.util.thread.QueuedThreadPool.idleJobPoll(QueuedThreadPool.java:563)&#10;        at org.eclipse.jetty.util.thread.QueuedThreadPool.access$800(QueuedThreadPool.java:48)&#10;        at org.eclipse.jetty.util.thread.QueuedThreadPool$2.run(QueuedThreadPool.java:626)&#10;        at java.lang.Thread.run(Thread.java:748)&#10;&quot;org.eclipse.jetty.server.session.HashSessionManager@3af356fTimer&quot; daemon prio=5 tid=145 timed_waiting&#10;java.lang.Thread.State: TIMED_WAITING&#10;        at sun.misc.Unsafe.park(Native Method)&#10;        at java.util.concurrent.locks.LockSupport.parkNanos(LockSupport.java:215)&#10;        at java.util.concurrent.locks.AbstractQueuedSynchronizer$ConditionObject.awaitNanos(AbstractQueuedSynchronizer.java:2078)&#10;        at java.util.concurrent.ScheduledThreadPoolExecutor$DelayedWorkQueue.take(ScheduledThreadPoolExecutor.java:1093)&#10;        at java.util.concurrent.ScheduledThreadPoolExecutor$DelayedWorkQueue.take(ScheduledThreadPoolExecutor.java:809)&#10;        at java.util.concurrent.ThreadPoolExecutor.getTask(ThreadPoolExecutor.java:1074)&#10;        at java.util.concurrent.ThreadPoolExecutor.runWorker(ThreadPoolExecutor.java:1134)&#10;        at java.util.concurrent.ThreadPoolExecutor$Worker.run(ThreadPoolExecutor.java:624)&#10;        at java.lang.Thread.run(Thread.java:748)&#10;&quot;metrics-hadoop-metrics2-reporter-51-thread-1&quot; daemon prio=5 tid=993 timed_waiting&#10;java.lang.Thread.State: TIMED_WAITING&#10;        at sun.misc.Unsafe.park(Native Method)&#10;        at java.util.concurrent.locks.LockSupport.parkNanos(LockSupport.java:215)&#10;        at java.util.concurrent.locks.AbstractQueuedSynchronizer$ConditionObject.awaitNanos(AbstractQueuedSynchronizer.java:2078)&#10;        at java.util.concurrent.ScheduledThreadPoolExecutor$DelayedWorkQueue.take(ScheduledThreadPoolExecutor.java:1093)&#10;        at java.util.concurrent.ScheduledThreadPoolExecutor$DelayedWorkQueue.take(ScheduledThreadPoolExecutor.java:809)&#10;        at java.util.concurrent.ThreadPoolExecutor.getTask(ThreadPoolExecutor.java:1074)&#10;        at java.util.concurrent.ThreadPoolExecutor.runWorker(ThreadPoolExecutor.java:1134)&#10;        at java.util.concurrent.ThreadPoolExecutor$Worker.run(ThreadPoolExecutor.java:624)&#10;        at java.lang.Thread.run(Thread.java:748)&#10;&quot;pool-26-thread-2&quot;  prio=5 tid=346 in Object.wait()&#10;java.lang.Thread.State: WAITING (on object monitor)&#10;        at sun.misc.Unsafe.park(Native Method)&#10;        at java.util.concurrent.locks.LockSupport.park(LockSupport.java:175)&#10;        at java.util.concurrent.locks.AbstractQueuedSynchronizer$ConditionObject.await(AbstractQueuedSynchronizer.java:2039)&#10;        at java.util.concurrent.ArrayBlockingQueue.take(ArrayBlockingQueue.java:403)&#10;        at java.util.concurrent.ThreadPoolExecutor.getTask(ThreadPoolExecutor.java:1074)&#10;        at java.util.concurrent.ThreadPoolExecutor.runWorker(ThreadPoolExecutor.java:1134)&#10;        at java.util.concurrent.ThreadPoolExecutor$Worker.run(ThreadPoolExecutor.java:624)&#10;        at java.lang.Thread.run(Thread.java:748)&#10;&quot;java.util.concurrent.ThreadPoolExecutor$Worker@27945d7e[State = -1, empty queue]&quot; daemon prio=5 tid=1096 timed_waiting&#10;java.lang.Thread.State: TIMED_WAITING&#10;        at sun.misc.Unsafe.park(Native Method)&#10;        at java.util.concurrent.locks.LockSupport.parkNanos(LockSupport.java:215)&#10;        at java.util.concurrent.locks.AbstractQueuedSynchronizer$ConditionObject.awaitNanos(AbstractQueuedSynchronizer.java:2078)&#10;        at java.util.concurrent.ScheduledThreadPoolExecutor$DelayedWorkQueue.take(ScheduledThreadPoolExecutor.java:1093)&#10;        at java.util.concurrent.ScheduledThreadPoolExecutor$DelayedWorkQueue.take(ScheduledThreadPoolExecutor.java:809)&#10;        at java.util.concurrent.ThreadPoolExecutor.getTask(ThreadPoolExecutor.java:1074)&#10;        at java.util.concurrent.ThreadPoolExecutor.runWorker(ThreadPoolExecutor.java:1134)&#10;        at java.util.concurrent.ThreadPoolExecutor$Worker.run(ThreadPoolExecutor.java:624)&#10;        at java.lang.Thread.run(Thread.java:748)&#10;&quot;Thread-243&quot; daemon prio=5 tid=803 timed_waiting&#10;java.lang.Thread.State: TIMED_WAITING&#10;        at sun.misc.Unsafe.park(Native Method)&#10;        at java.util.concurrent.locks.LockSupport.parkNanos(LockSupport.java:215)&#10;        at java.util.concurrent.locks.AbstractQueuedSynchronizer$ConditionObject.awaitNanos(AbstractQueuedSynchronizer.java:2078)&#10;        at java.util.concurrent.ArrayBlockingQueue.poll(ArrayBlockingQueue.java:418)&#10;        at org.apache.ratis.server.impl.LeaderState$EventQueue.poll(LeaderState.java:115)&#10;        at org.apache.ratis.server.impl.LeaderState$EventProcessor.run(LeaderState.java:467)&#10;&quot;pool-76-thread-2&quot;  prio=5 tid=653 in Object.wait()&#10;java.lang.Thread.State: WAITING (on object monitor)&#10;        at sun.misc.Unsafe.park(Native Method)&#10;        at java.util.concurrent.locks.LockSupport.park(LockSupport.java:175)&#10;        at java.util.concurrent.locks.AbstractQueuedSynchronizer$ConditionObject.await(AbstractQueuedSynchronizer.java:2039)&#10;        at java.util.concurrent.ArrayBlockingQueue.take(ArrayBlockingQueue.java:403)&#10;        at java.util.concurrent.ThreadPoolExecutor.getTask(ThreadPoolExecutor.java:1074)&#10;        at java.util.concurrent.ThreadPoolExecutor.runWorker(ThreadPoolExecutor.java:1134)&#10;        at java.util.concurrent.ThreadPoolExecutor$Worker.run(ThreadPoolExecutor.java:624)&#10;        at java.lang.Thread.run(Thread.java:748)&#10;&quot;pool-26-thread-47&quot;  prio=5 tid=464 in Object.wait()&#10;java.lang.Thread.State: WAITING (on object monitor)&#10;        at sun.misc.Unsafe.park(Native Method)&#10;        at java.util.concurrent.locks.LockSupport.park(LockSupport.java:175)&#10;        at java.util.concurrent.locks.AbstractQueuedSynchronizer$ConditionObject.await(AbstractQueuedSynchronizer.java:2039)&#10;        at java.util.concurrent.ArrayBlockingQueue.take(ArrayBlockingQueue.java:403)&#10;        at java.util.concurrent.ThreadPoolExecutor.getTask(ThreadPoolExecutor.java:1074)&#10;        at java.util.concurrent.ThreadPoolExecutor.runWorker(ThreadPoolExecutor.java:1134)&#10;        at java.util.concurrent.ThreadPoolExecutor$Worker.run(ThreadPoolExecutor.java:624)&#10;        at java.lang.Thread.run(Thread.java:748)&#10;&quot;java.util.concurrent.ThreadPoolExecutor$Worker@7238f567[State = -1, empty queue]&quot; daemon prio=5 tid=1097 timed_waiting&#10;java.lang.Thread.State: TIMED_WAITING&#10;        at sun.misc.Unsafe.park(Native Method)&#10;        at java.util.concurrent.locks.LockSupport.parkNanos(LockSupport.java:215)&#10;        at java.util.concurrent.locks.AbstractQueuedSynchronizer$ConditionObject.awaitNanos(AbstractQueuedSynchronizer.java:2078)&#10;        at java.util.concurrent.ScheduledThreadPoolExecutor$DelayedWorkQueue.take(ScheduledThreadPoolExecutor.java:1093)&#10;        at java.util.concurrent.ScheduledThreadPoolExecutor$DelayedWorkQueue.take(ScheduledThreadPoolExecutor.java:809)&#10;        at java.util.concurrent.ThreadPoolExecutor.getTask(ThreadPoolExecutor.java:1074)&#10;        at java.util.concurrent.ThreadPoolExecutor.runWorker(ThreadPoolExecutor.java:1134)&#10;        at java.util.concurrent.ThreadPoolExecutor$Worker.run(ThreadPoolExecutor.java:624)&#10;        at java.lang.Thread.run(Thread.java:748)&#10;&quot;metrics-hadoop-metrics2-reporter-37-thread-1&quot; daemon prio=5 tid=885 timed_waiting&#10;java.lang.Thread.State: TIMED_WAITING&#10;        at sun.misc.Unsafe.park(Native Method)&#10;        at java.util.concurrent.locks.LockSupport.parkNanos(LockSupport.java:215)&#10;        at java.util.concurrent.locks.AbstractQueuedSynchronizer$ConditionObject.awaitNanos(AbstractQueuedSynchronizer.java:2078)&#10;        at java.util.concurrent.ScheduledThreadPoolExecutor$DelayedWorkQueue.take(ScheduledThreadPoolExecutor.java:1093)&#10;        at java.util.concurrent.ScheduledThreadPoolExecutor$DelayedWorkQueue.take(ScheduledThreadPoolExecutor.java:809)&#10;        at java.util.concurrent.ThreadPoolExecutor.getTask(ThreadPoolExecutor.java:1074)&#10;        at java.util.concurrent.ThreadPoolExecutor.runWorker(ThreadPoolExecutor.java:1134)&#10;        at java.util.concurrent.ThreadPoolExecutor$Worker.run(ThreadPoolExecutor.java:624)&#10;        at java.lang.Thread.run(Thread.java:748)&#10;&quot;pool-36-thread-40&quot;  prio=5 tid=466 in Object.wait()&#10;java.lang.Thread.State: WAITING (on object monitor)&#10;        at sun.misc.Unsafe.park(Native Method)&#10;        at java.util.concurrent.locks.LockSupport.park(LockSupport.java:175)&#10;        at java.util.concurrent.locks.AbstractQueuedSynchronizer$ConditionObject.await(AbstractQueuedSynchronizer.java:2039)&#10;        at java.util.concurrent.ArrayBlockingQueue.take(ArrayBlockingQueue.java:403)&#10;        at java.util.concurrent.ThreadPoolExecutor.getTask(ThreadPoolExecutor.java:1074)&#10;        at java.util.concurrent.ThreadPoolExecutor.runWorker(ThreadPoolExecutor.java:1134)&#10;        at java.util.concurrent.ThreadPoolExecutor$Worker.run(ThreadPoolExecutor.java:624)&#10;        at java.lang.Thread.run(Thread.java:748)&#10;&quot;pool-26-thread-60&quot;  prio=5 tid=499 in Object.wait()&#10;java.lang.Thread.State: WAITING (on object monitor)&#10;        at sun.misc.Unsafe.park(Native Method)&#10;        at java.util.concurrent.locks.LockSupport.park(LockSupport.java:175)&#10;        at java.util.concurrent.locks.AbstractQueuedSynchronizer$ConditionObject.await(AbstractQueuedSynchronizer.java:2039)&#10;        at java.util.concurrent.ArrayBlockingQueue.take(ArrayBlockingQueue.java:403)&#10;        at java.util.concurrent.ThreadPoolExecutor.getTask(ThreadPoolExecutor.java:1074)&#10;        at java.util.concurrent.ThreadPoolExecutor.runWorker(ThreadPoolExecutor.java:1134)&#10;        at java.util.concurrent.ThreadPoolExecutor$Worker.run(ThreadPoolExecutor.java:624)&#10;        at java.lang.Thread.run(Thread.java:748)&#10;&quot;qtp1187146208-220&quot; daemon prio=5 tid=220 timed_waiting&#10;java.lang.Thread.State: TIMED_WAITING&#10;        at sun.misc.Unsafe.park(Native Method)&#10;        at java.util.concurrent.locks.LockSupport.parkNanos(LockSupport.java:215)&#10;        at java.util.concurrent.locks.AbstractQueuedSynchronizer$ConditionObject.awaitNanos(AbstractQueuedSynchronizer.java:2078)&#10;        at org.eclipse.jetty.util.BlockingArrayQueue.poll(BlockingArrayQueue.java:392)&#10;        at org.eclipse.jetty.util.thread.QueuedThreadPool.idleJobPoll(QueuedThreadPool.java:563)&#10;        at org.eclipse.jetty.util.thread.QueuedThreadPool.access$800(QueuedThreadPool.java:48)&#10;        at org.eclipse.jetty.util.thread.QueuedThreadPool$2.run(QueuedThreadPool.java:626)&#10;        at java.lang.Thread.run(Thread.java:748)&#10;&quot;IPC Server handler 0 on 45290&quot; daemon prio=5 tid=49 timed_waiting&#10;java.lang.Thread.State: TIMED_WAITING&#10;        at sun.misc.Unsafe.park(Native Method)&#10;        at java.util.concurrent.locks.LockSupport.parkNanos(LockSupport.java:215)&#10;        at java.util.concurrent.locks.AbstractQueuedSynchronizer$ConditionObject.awaitNanos(AbstractQueuedSynchronizer.java:2078)&#10;        at java.util.concurrent.LinkedBlockingQueue.poll(LinkedBlockingQueue.java:467)&#10;        at org.apache.hadoop.ipc.CallQueueManager.take(CallQueueManager.java:288)&#10;        at org.apache.hadoop.ipc.Server$Handler.run(Server.java:2668)&#10;&quot;pool-66-thread-42&quot;  prio=5 tid=622 in Object.wait()&#10;java.lang.Thread.State: WAITING (on object monitor)&#10;        at sun.misc.Unsafe.park(Native Method)&#10;        at java.util.concurrent.locks.LockSupport.park(LockSupport.java:175)&#10;        at java.util.concurrent.locks.AbstractQueuedSynchronizer$ConditionObject.await(AbstractQueuedSynchronizer.java:2039)&#10;        at java.util.concurrent.ArrayBlockingQueue.take(ArrayBlockingQueue.java:403)&#10;        at java.util.concurrent.ThreadPoolExecutor.getTask(ThreadPoolExecutor.java:1074)&#10;        at java.util.concurrent.ThreadPoolExecutor.runWorker(ThreadPoolExecutor.java:1134)&#10;        at java.util.concurrent.ThreadPoolExecutor$Worker.run(ThreadPoolExecutor.java:624)&#10;        at java.lang.Thread.run(Thread.java:748)&#10;&quot;pool-76-thread-35&quot;  prio=5 tid=686 in Object.wait()&#10;java.lang.Thread.State: WAITING (on object monitor)&#10;        at sun.misc.Unsafe.park(Native Method)&#10;        at java.util.concurrent.locks.LockSupport.park(LockSupport.java:175)&#10;        at java.util.concurrent.locks.AbstractQueuedSynchronizer$ConditionObject.await(AbstractQueuedSynchronizer.java:2039)&#10;        at java.util.concurrent.ArrayBlockingQueue.take(ArrayBlockingQueue.java:403)&#10;        at java.util.concurrent.ThreadPoolExecutor.getTask(ThreadPoolExecutor.java:1074)&#10;        at java.util.concurrent.ThreadPoolExecutor.runWorker(ThreadPoolExecutor.java:1134)&#10;        at java.util.concurrent.ThreadPoolExecutor$Worker.run(ThreadPoolExecutor.java:624)&#10;        at java.lang.Thread.run(Thread.java:748)&#10;&quot;pool-36-thread-13&quot;  prio=5 tid=376 in Object.wait()&#10;java.lang.Thread.State: WAITING (on object monitor)&#10;        at sun.misc.Unsafe.park(Native Method)&#10;        at java.util.concurrent.locks.LockSupport.park(LockSupport.java:175)&#10;        at java.util.concurrent.locks.AbstractQueuedSynchronizer$ConditionObject.await(AbstractQueuedSynchronizer.java:2039)&#10;        at java.util.concurrent.ArrayBlockingQueue.take(ArrayBlockingQueue.java:403)&#10;        at java.util.concurrent.ThreadPoolExecutor.getTask(ThreadPoolExecutor.java:1074)&#10;        at java.util.concurrent.ThreadPoolExecutor.runWorker(ThreadPoolExecutor.java:1134)&#10;        at java.util.concurrent.ThreadPoolExecutor$Worker.run(ThreadPoolExecutor.java:624)&#10;        at java.lang.Thread.run(Thread.java:748)&#10;&quot;pool-86-thread-14&quot;  prio=5 tid=727 in Object.wait()&#10;java.lang.Thread.State: WAITING (on object monitor)&#10;        at sun.misc.Unsafe.park(Native Method)&#10;        at java.util.concurrent.locks.LockSupport.park(LockSupport.java:175)&#10;        at java.util.concurrent.locks.AbstractQueuedSynchronizer$ConditionObject.await(AbstractQueuedSynchronizer.java:2039)&#10;        at java.util.concurrent.ArrayBlockingQueue.take(ArrayBlockingQueue.java:403)&#10;        at java.util.concurrent.ThreadPoolExecutor.getTask(ThreadPoolExecutor.java:1074)&#10;        at java.util.concurrent.ThreadPoolExecutor.runWorker(ThreadPoolExecutor.java:1134)&#10;        at java.util.concurrent.ThreadPoolExecutor$Worker.run(ThreadPoolExecutor.java:624)&#10;        at java.lang.Thread.run(Thread.java:748)&#10;&quot;qtp64989209-300&quot; daemon prio=5 tid=300 timed_waiting&#10;java.lang.Thread.State: TIMED_WAITING&#10;        at sun.misc.Unsafe.park(Native Method)&#10;        at java.util.concurrent.locks.LockSupport.parkNanos(LockSupport.java:215)&#10;        at java.util.concurrent.locks.AbstractQueuedSynchronizer$ConditionObject.awaitNanos(AbstractQueuedSynchronizer.java:2078)&#10;        at org.eclipse.jetty.util.BlockingArrayQueue.poll(BlockingArrayQueue.java:392)&#10;        at org.eclipse.jetty.util.thread.QueuedThreadPool.idleJobPoll(QueuedThreadPool.java:563)&#10;        at org.eclipse.jetty.util.thread.QueuedThreadPool.access$800(QueuedThreadPool.java:48)&#10;        at org.eclipse.jetty.util.thread.QueuedThreadPool$2.run(QueuedThreadPool.java:626)&#10;        at java.lang.Thread.run(Thread.java:748)&#10;&quot;pool-26-thread-15&quot;  prio=5 tid=380 in Object.wait()&#10;java.lang.Thread.State: WAITING (on object monitor)&#10;        at sun.misc.Unsafe.park(Native Method)&#10;        at java.util.concurrent.locks.LockSupport.park(LockSupport.java:175)&#10;        at java.util.concurrent.locks.AbstractQueuedSynchronizer$ConditionObject.await(AbstractQueuedSynchronizer.java:2039)&#10;        at java.util.concurrent.ArrayBlockingQueue.take(ArrayBlockingQueue.java:403)&#10;        at java.util.concurrent.ThreadPoolExecutor.getTask(ThreadPoolExecutor.java:1074)&#10;        at java.util.concurrent.ThreadPoolExecutor.runWorker(ThreadPoolExecutor.java:1134)&#10;        at java.util.concurrent.ThreadPoolExecutor$Worker.run(ThreadPoolExecutor.java:624)&#10;        at java.lang.Thread.run(Thread.java:748)&#10;&quot;IPC Server idle connection scanner for port 36674&quot; daemon prio=5 tid=16 timed_waiting&#10;java.lang.Thread.State: TIMED_WAITING&#10;        at java.lang.Object.wait(Native Method)&#10;        at java.util.TimerThread.mainLoop(Timer.java:552)&#10;        at java.util.TimerThread.run(Timer.java:505)&#10;&quot;pool-46-thread-28&quot;  prio=5 tid=430 in Object.wait()&#10;java.lang.Thread.State: WAITING (on object monitor)&#10;        at sun.misc.Unsafe.park(Native Method)&#10;        at java.util.concurrent.locks.LockSupport.park(LockSupport.java:175)&#10;        at java.util.concurrent.locks.AbstractQueuedSynchronizer$ConditionObject.await(AbstractQueuedSynchronizer.java:2039)&#10;        at java.util.concurrent.ArrayBlockingQueue.take(ArrayBlockingQueue.java:403)&#10;        at java.util.concurrent.ThreadPoolExecutor.getTask(ThreadPoolExecutor.java:1074)&#10;        at java.util.concurrent.ThreadPoolExecutor.runWorker(ThreadPoolExecutor.java:1134)&#10;        at java.util.concurrent.ThreadPoolExecutor$Worker.run(ThreadPoolExecutor.java:624)&#10;        at java.lang.Thread.run(Thread.java:748)&#10;&quot;qtp1981708431-191&quot; daemon prio=5 tid=191 timed_waiting&#10;java.lang.Thread.State: TIMED_WAITING&#10;        at sun.misc.Unsafe.park(Native Method)&#10;        at java.util.concurrent.locks.LockSupport.parkNanos(LockSupport.java:215)&#10;        at java.util.concurrent.locks.AbstractQueuedSynchronizer$ConditionObject.awaitNanos(AbstractQueuedSynchronizer.java:2078)&#10;        at org.eclipse.jetty.util.BlockingArrayQueue.poll(BlockingArrayQueue.java:392)&#10;        at org.eclipse.jetty.util.thread.QueuedThreadPool.idleJobPoll(QueuedThreadPool.java:563)&#10;        at org.eclipse.jetty.util.thread.QueuedThreadPool.access$800(QueuedThreadPool.java:48)&#10;        at org.eclipse.jetty.util.thread.QueuedThreadPool$2.run(QueuedThreadPool.java:626)&#10;        at java.lang.Thread.run(Thread.java:748)&#10;&quot;pool-46-thread-25&quot;  prio=5 tid=416 in Object.wait()&#10;java.lang.Thread.State: WAITING (on object monitor)&#10;        at sun.misc.Unsafe.park(Native Method)&#10;        at java.util.concurrent.locks.LockSupport.park(LockSupport.java:175)&#10;        at java.util.concurrent.locks.AbstractQueuedSynchronizer$ConditionObject.await(AbstractQueuedSynchronizer.java:2039)&#10;        at java.util.concurrent.ArrayBlockingQueue.take(ArrayBlockingQueue.java:403)&#10;        at java.util.concurrent.ThreadPoolExecutor.getTask(ThreadPoolExecutor.java:1074)&#10;        at java.util.concurrent.ThreadPoolExecutor.runWorker(ThreadPoolExecutor.java:1134)&#10;        at java.util.concurrent.ThreadPoolExecutor$Worker.run(ThreadPoolExecutor.java:624)&#10;        at java.lang.Thread.run(Thread.java:748)&#10;&quot;qtp1981708431-190&quot; daemon prio=5 tid=190 timed_waiting&#10;java.lang.Thread.State: TIMED_WAITING&#10;        at sun.misc.Unsafe.park(Native Method)&#10;        at java.util.concurrent.locks.LockSupport.parkNanos(LockSupport.java:215)&#10;        at java.util.concurrent.locks.AbstractQueuedSynchronizer$ConditionObject.awaitNanos(AbstractQueuedSynchronizer.java:2078)&#10;        at org.eclipse.jetty.util.BlockingArrayQueue.poll(BlockingArrayQueue.java:392)&#10;        at org.eclipse.jetty.util.thread.QueuedThreadPool.idleJobPoll(QueuedThreadPool.java:563)&#10;        at org.eclipse.jetty.util.thread.QueuedThreadPool.access$800(QueuedThreadPool.java:48)&#10;        at org.eclipse.jetty.util.thread.QueuedThreadPool$2.run(QueuedThreadPool.java:626)&#10;        at java.lang.Thread.run(Thread.java:748)&#10;&quot;pool-66-thread-45&quot;  prio=5 tid=625 in Object.wait()&#10;java.lang.Thread.State: WAITING (on object monitor)&#10;        at sun.misc.Unsafe.park(Native Method)&#10;        at java.util.concurrent.locks.LockSupport.park(LockSupport.java:175)&#10;        at java.util.concurrent.locks.AbstractQueuedSynchronizer$ConditionObject.await(AbstractQueuedSynchronizer.java:2039)&#10;        at java.util.concurrent.ArrayBlockingQueue.take(ArrayBlockingQueue.java:403)&#10;        at java.util.concurrent.ThreadPoolExecutor.getTask(ThreadPoolExecutor.java:1074)&#10;        at java.util.concurrent.ThreadPoolExecutor.runWorker(ThreadPoolExecutor.java:1134)&#10;        at java.util.concurrent.ThreadPoolExecutor$Worker.run(ThreadPoolExecutor.java:624)&#10;        at java.lang.Thread.run(Thread.java:748)&#10;&quot;pool-34-thread-1&quot; daemon prio=5 tid=183 timed_waiting&#10;java.lang.Thread.State: TIMED_WAITING&#10;        at sun.misc.Unsafe.park(Native Method)&#10;        at java.util.concurrent.locks.LockSupport.parkNanos(LockSupport.java:215)&#10;        at java.util.concurrent.locks.AbstractQueuedSynchronizer$ConditionObject.awaitNanos(AbstractQueuedSynchronizer.java:2078)&#10;        at java.util.concurrent.ScheduledThreadPoolExecutor$DelayedWorkQueue.take(ScheduledThreadPoolExecutor.java:1093)&#10;        at java.util.concurrent.ScheduledThreadPoolExecutor$DelayedWorkQueue.take(ScheduledThreadPoolExecutor.java:809)&#10;        at java.util.concurrent.ThreadPoolExecutor.getTask(ThreadPoolExecutor.java:1074)&#10;        at java.util.concurrent.ThreadPoolExecutor.runWorker(ThreadPoolExecutor.java:1134)&#10;        at java.util.concurrent.ThreadPoolExecutor$Worker.run(ThreadPoolExecutor.java:624)&#10;        at java.lang.Thread.run(Thread.java:748)&#10;&quot;qtp820627987-164&quot; daemon prio=5 tid=164 timed_waiting&#10;java.lang.Thread.State: TIMED_WAITING&#10;        at sun.misc.Unsafe.park(Native Method)&#10;        at java.util.concurrent.locks.LockSupport.parkNanos(LockSupport.java:215)&#10;        at java.util.concurrent.locks.AbstractQueuedSynchronizer$ConditionObject.awaitNanos(AbstractQueuedSynchronizer.java:2078)&#10;        at org.eclipse.jetty.util.BlockingArrayQueue.poll(BlockingArrayQueue.java:392)&#10;        at org.eclipse.jetty.util.thread.QueuedThreadPool.idleJobPoll(QueuedThreadPool.java:563)&#10;        at org.eclipse.jetty.util.thread.QueuedThreadPool.access$800(QueuedThreadPool.java:48)&#10;        at org.eclipse.jetty.util.thread.QueuedThreadPool$2.run(QueuedThreadPool.java:626)&#10;        at java.lang.Thread.run(Thread.java:748)&#10;&quot;pool-86-thread-8&quot;  prio=5 tid=721 in Object.wait()&#10;java.lang.Thread.State: WAITING (on object monitor)&#10;        at sun.misc.Unsafe.park(Native Method)&#10;        at java.util.concurrent.locks.LockSupport.park(LockSupport.java:175)&#10;        at java.util.concurrent.locks.AbstractQueuedSynchronizer$ConditionObject.await(AbstractQueuedSynchronizer.java:2039)&#10;        at java.util.concurrent.ArrayBlockingQueue.take(ArrayBlockingQueue.java:403)&#10;        at java.util.concurrent.ThreadPoolExecutor.getTask(ThreadPoolExecutor.java:1074)&#10;        at java.util.concurrent.ThreadPoolExecutor.runWorker(ThreadPoolExecutor.java:1134)&#10;        at java.util.concurrent.ThreadPoolExecutor$Worker.run(ThreadPoolExecutor.java:624)&#10;        at java.lang.Thread.run(Thread.java:748)&#10;&quot;pool-56-thread-2&quot;  prio=5 tid=522 in Object.wait()&#10;java.lang.Thread.State: WAITING (on object monitor)&#10;        at sun.misc.Unsafe.park(Native Method)&#10;        at java.util.concurrent.locks.LockSupport.park(LockSupport.java:175)&#10;        at java.util.concurrent.locks.AbstractQueuedSynchronizer$ConditionObject.await(AbstractQueuedSynchronizer.java:2039)&#10;        at java.util.concurrent.ArrayBlockingQueue.take(ArrayBlockingQueue.java:403)&#10;        at java.util.concurrent.ThreadPoolExecutor.getTask(ThreadPoolExecutor.java:1074)&#10;        at java.util.concurrent.ThreadPoolExecutor.runWorker(ThreadPoolExecutor.java:1134)&#10;        at java.util.concurrent.ThreadPoolExecutor$Worker.run(ThreadPoolExecutor.java:624)&#10;        at java.lang.Thread.run(Thread.java:748)&#10;&quot;pool-86-thread-18&quot;  prio=5 tid=731 in Object.wait()&#10;java.lang.Thread.State: WAITING (on object monitor)&#10;        at sun.misc.Unsafe.park(Native Method)&#10;        at java.util.concurrent.locks.LockSupport.park(LockSupport.java:175)&#10;        at java.util.concurrent.locks.AbstractQueuedSynchronizer$ConditionObject.await(AbstractQueuedSynchronizer.java:2039)&#10;        at java.util.concurrent.ArrayBlockingQueue.take(ArrayBlockingQueue.java:403)&#10;        at java.util.concurrent.ThreadPoolExecutor.getTask(ThreadPoolExecutor.java:1074)&#10;        at java.util.concurrent.ThreadPoolExecutor.runWorker(ThreadPoolExecutor.java:1134)&#10;        at java.util.concurrent.ThreadPoolExecutor$Worker.run(ThreadPoolExecutor.java:624)&#10;        at java.lang.Thread.run(Thread.java:748)&#10;&quot;pool-26-thread-20&quot;  prio=5 tid=398 in Object.wait()&#10;java.lang.Thread.State: WAITING (on object monitor)&#10;        at sun.misc.Unsafe.park(Native Method)&#10;        at java.util.concurrent.locks.LockSupport.park(LockSupport.java:175)&#10;        at java.util.concurrent.locks.AbstractQueuedSynchronizer$ConditionObject.await(AbstractQueuedSynchronizer.java:2039)&#10;        at java.util.concurrent.ArrayBlockingQueue.take(ArrayBlockingQueue.java:403)&#10;        at java.util.concurrent.ThreadPoolExecutor.getTask(ThreadPoolExecutor.java:1074)&#10;        at java.util.concurrent.ThreadPoolExecutor.runWorker(ThreadPoolExecutor.java:1134)&#10;        at java.util.concurrent.ThreadPoolExecutor$Worker.run(ThreadPoolExecutor.java:624)&#10;        at java.lang.Thread.run(Thread.java:748)&#10;&quot;IPC Server handler 11 on 36674&quot; daemon prio=5 tid=80 timed_waiting&#10;java.lang.Thread.State: TIMED_WAITING&#10;        at sun.misc.Unsafe.park(Native Method)&#10;        at java.util.concurrent.locks.LockSupport.parkNanos(LockSupport.java:215)&#10;        at java.util.concurrent.locks.AbstractQueuedSynchronizer$ConditionObject.awaitNanos(AbstractQueuedSynchronizer.java:2078)&#10;        at java.util.concurrent.LinkedBlockingQueue.poll(LinkedBlockingQueue.java:467)&#10;        at org.apache.hadoop.ipc.CallQueueManager.take(CallQueueManager.java:288)&#10;        at org.apache.hadoop.ipc.Server$Handler.run(Server.java:2668)&#10;&quot;pool-56-thread-22&quot;  prio=5 tid=542 in Object.wait()&#10;java.lang.Thread.State: WAITING (on object monitor)&#10;        at sun.misc.Unsafe.park(Native Method)&#10;        at java.util.concurrent.locks.LockSupport.park(LockSupport.java:175)&#10;        at java.util.concurrent.locks.AbstractQueuedSynchronizer$ConditionObject.await(AbstractQueuedSynchronizer.java:2039)&#10;        at java.util.concurrent.ArrayBlockingQueue.take(ArrayBlockingQueue.java:403)&#10;        at java.util.concurrent.ThreadPoolExecutor.getTask(ThreadPoolExecutor.java:1074)&#10;        at java.util.concurrent.ThreadPoolExecutor.runWorker(ThreadPoolExecutor.java:1134)&#10;        at java.util.concurrent.ThreadPoolExecutor$Worker.run(ThreadPoolExecutor.java:624)&#10;        at java.lang.Thread.run(Thread.java:748)&#10;&quot;BlockDeletingService#0&quot; daemon prio=5 tid=643 timed_waiting&#10;java.lang.Thread.State: TIMED_WAITING&#10;        at sun.misc.Unsafe.park(Native Method)&#10;        at java.util.concurrent.locks.LockSupport.parkNanos(LockSupport.java:215)&#10;        at java.util.concurrent.locks.AbstractQueuedSynchronizer$ConditionObject.awaitNanos(AbstractQueuedSynchronizer.java:2078)&#10;        at java.util.concurrent.ScheduledThreadPoolExecutor$DelayedWorkQueue.take(ScheduledThreadPoolExecutor.java:1093)&#10;        at java.util.concurrent.ScheduledThreadPoolExecutor$DelayedWorkQueue.take(ScheduledThreadPoolExecutor.java:809)&#10;        at java.util.concurrent.ThreadPoolExecutor.getTask(ThreadPoolExecutor.java:1074)&#10;        at java.util.concurrent.ThreadPoolExecutor.runWorker(ThreadPoolExecutor.java:1134)&#10;        at java.util.concurrent.ThreadPoolExecutor$Worker.run(ThreadPoolExecutor.java:624)&#10;        at java.lang.Thread.run(Thread.java:748)&#10;&quot;pool-76-thread-28&quot;  prio=5 tid=679 in Object.wait()&#10;java.lang.Thread.State: WAITING (on object monitor)&#10;        at sun.misc.Unsafe.park(Native Method)&#10;        at java.util.concurrent.locks.LockSupport.park(LockSupport.java:175)&#10;        at java.util.concurrent.locks.AbstractQueuedSynchronizer$ConditionObject.await(AbstractQueuedSynchronizer.java:2039)&#10;        at java.util.concurrent.ArrayBlockingQueue.take(ArrayBlockingQueue.java:403)&#10;        at java.util.concurrent.ThreadPoolExecutor.getTask(ThreadPoolExecutor.java:1074)&#10;        at java.util.concurrent.ThreadPoolExecutor.runWorker(ThreadPoolExecutor.java:1134)&#10;        at java.util.concurrent.ThreadPoolExecutor$Worker.run(ThreadPoolExecutor.java:624)&#10;        at java.lang.Thread.run(Thread.java:748)&#10;&quot;Command processor thread&quot; daemon prio=5 tid=283 timed_waiting&#10;java.lang.Thread.State: TIMED_WAITING&#10;        at java.lang.Thread.sleep(Native Method)&#10;        at org.apache.hadoop.ozone.container.common.statemachine.DatanodeStateMachine.lambda$initCommandHandlerThread$1(DatanodeStateMachine.java:439)&#10;        at org.apache.hadoop.ozone.container.common.statemachine.DatanodeStateMachine$$Lambda$141/459692644.run(Unknown Source)&#10;        at java.lang.Thread.run(Thread.java:748)&#10;&quot;IPC Server handler 15 on 44783&quot; daemon prio=5 tid=130 timed_waiting&#10;java.lang.Thread.State: TIMED_WAITING&#10;        at sun.misc.Unsafe.park(Native Method)&#10;        at java.util.concurrent.locks.LockSupport.parkNanos(LockSupport.java:215)&#10;        at java.util.concurrent.locks.AbstractQueuedSynchronizer$ConditionObject.awaitNanos(AbstractQueuedSynchronizer.java:2078)&#10;        at java.util.concurrent.LinkedBlockingQueue.poll(LinkedBlockingQueue.java:467)&#10;        at org.apache.hadoop.ipc.CallQueueManager.take(CallQueueManager.java:288)&#10;        at org.apache.hadoop.ipc.Server$Handler.run(Server.java:2668)&#10;&quot;IPC Server handler 0 on 44783&quot; daemon prio=5 tid=114 timed_waiting&#10;java.lang.Thread.State: TIMED_WAITING&#10;        at sun.misc.Unsafe.park(Native Method)&#10;        at java.util.concurrent.locks.LockSupport.parkNanos(LockSupport.java:215)&#10;        at java.util.concurrent.locks.AbstractQueuedSynchronizer$ConditionObject.awaitNanos(AbstractQueuedSynchronizer.java:2078)&#10;        at java.util.concurrent.LinkedBlockingQueue.poll(LinkedBlockingQueue.java:467)&#10;        at org.apache.hadoop.ipc.CallQueueManager.take(CallQueueManager.java:288)&#10;        at org.apache.hadoop.ipc.Server$Handler.run(Server.java:2668)&#10;&quot;refreshUsed-/workdir/hadoop-ozone/integration-test/target/test-dir/MiniOzoneClusterImpl-f68115de-5278-4c94-9b3d-9176cb3c0071/datanode-1/data/containers&quot; daemon prio=5 tid=181 timed_waiting&#10;java.lang.Thread.State: TIMED_WAITING&#10;        at java.lang.Thread.sleep(Native Method)&#10;        at org.apache.hadoop.fs.CachingGetSpaceUsed$RefreshThread.run(CachingGetSpaceUsed.java:179)&#10;        at java.lang.Thread.run(Thread.java:748)&#10;&quot;pool-46-thread-37&quot;  prio=5 tid=459 in Object.wait()&#10;java.lang.Thread.State: WAITING (on object monitor)&#10;        at sun.misc.Unsafe.park(Native Method)&#10;        at java.util.concurrent.locks.LockSupport.park(LockSupport.java:175)&#10;        at java.util.concurrent.locks.AbstractQueuedSynchronizer$ConditionObject.await(AbstractQueuedSynchronizer.java:2039)&#10;        at java.util.concurrent.ArrayBlockingQueue.take(ArrayBlockingQueue.java:403)&#10;        at java.util.concurrent.ThreadPoolExecutor.getTask(ThreadPoolExecutor.java:1074)&#10;        at java.util.concurrent.ThreadPoolExecutor.runWorker(ThreadPoolExecutor.java:1134)&#10;        at java.util.concurrent.ThreadPoolExecutor$Worker.run(ThreadPoolExecutor.java:624)&#10;        at java.lang.Thread.run(Thread.java:748)&#10;&quot;OMDoubleBufferFlushThread&quot; daemon prio=5 tid=106 timed_waiting&#10;java.lang.Thread.State: TIMED_WAITING&#10;        at java.lang.Object.wait(Native Method)&#10;        at org.apache.hadoop.ozone.om.ratis.OzoneManagerDoubleBuffer.canFlush(OzoneManagerDoubleBuffer.java:322)&#10;        at org.apache.hadoop.ozone.om.ratis.OzoneManagerDoubleBuffer.flushTransactions(OzoneManagerDoubleBuffer.java:130)&#10;        at org.apache.hadoop.ozone.om.ratis.OzoneManagerDoubleBuffer$$Lambda$49/283923004.run(Unknown Source)&#10;        at java.lang.Thread.run(Thread.java:748)&#10;&quot;BlockDeletingService#1&quot; daemon prio=5 tid=647 in Object.wait()&#10;java.lang.Thread.State: WAITING (on object monitor)&#10;        at sun.misc.Unsafe.park(Native Method)&#10;        at java.util.concurrent.locks.LockSupport.park(LockSupport.java:175)&#10;        at java.util.concurrent.locks.AbstractQueuedSynchronizer$ConditionObject.await(AbstractQueuedSynchronizer.java:2039)&#10;        at java.util.concurrent.ScheduledThreadPoolExecutor$DelayedWorkQueue.take(ScheduledThreadPoolExecutor.java:1088)&#10;        at java.util.concurrent.ScheduledThreadPoolExecutor$DelayedWorkQueue.take(ScheduledThreadPoolExecutor.java:809)&#10;        at java.util.concurrent.ThreadPoolExecutor.getTask(ThreadPoolExecutor.java:1074)&#10;        at java.util.concurrent.ThreadPoolExecutor.runWorker(ThreadPoolExecutor.java:1134)&#10;        at java.util.concurrent.ThreadPoolExecutor$Worker.run(ThreadPoolExecutor.java:624)&#10;        at java.lang.Thread.run(Thread.java:748)&#10;&quot;IPC Server handler 9 on 45589&quot; daemon prio=5 tid=38 timed_waiting&#10;java.lang.Thread.State: TIMED_WAITING&#10;        at sun.misc.Unsafe.park(Native Method)&#10;        at java.util.concurrent.locks.LockSupport.parkNanos(LockSupport.java:215)&#10;        at java.util.concurrent.locks.AbstractQueuedSynchronizer$ConditionObject.awaitNanos(AbstractQueuedSynchronizer.java:2078)&#10;        at java.util.concurrent.LinkedBlockingQueue.poll(LinkedBlockingQueue.java:467)&#10;        at org.apache.hadoop.ipc.CallQueueManager.take(CallQueueManager.java:288)&#10;        at org.apache.hadoop.ipc.Server$Handler.run(Server.java:2668)&#10;&quot;Datanode State Machine Thread - 0&quot; daemon prio=5 tid=170 timed_waiting&#10;java.lang.Thread.State: TIMED_WAITING&#10;        at java.lang.Thread.sleep(Native Method)&#10;        at org.apache.hadoop.ozone.container.common.statemachine.DatanodeStateMachine.start(DatanodeStateMachine.java:191)&#10;        at org.apache.hadoop.ozone.container.common.statemachine.DatanodeStateMachine.lambda$startDaemon$0(DatanodeStateMachine.java:349)&#10;        at org.apache.hadoop.ozone.container.common.statemachine.DatanodeStateMachine$$Lambda$140/690051320.run(Unknown Source)&#10;        at java.lang.Thread.run(Thread.java:748)&#10;&quot;pool-56-thread-24&quot;  prio=5 tid=544 in Object.wait()&#10;java.lang.Thread.State: WAITING (on object monitor)&#10;        at sun.misc.Unsafe.park(Native Method)&#10;        at java.util.concurrent.locks.LockSupport.park(LockSupport.java:175)&#10;        at java.util.concurrent.locks.AbstractQueuedSynchronizer$ConditionObject.await(AbstractQueuedSynchronizer.java:2039)&#10;        at java.util.concurrent.ArrayBlockingQueue.take(ArrayBlockingQueue.java:403)&#10;        at java.util.concurrent.ThreadPoolExecutor.getTask(ThreadPoolExecutor.java:1074)&#10;        at java.util.concurrent.ThreadPoolExecutor.runWorker(ThreadPoolExecutor.java:1134)&#10;        at java.util.concurrent.ThreadPoolExecutor$Worker.run(ThreadPoolExecutor.java:624)&#10;        at java.lang.Thread.run(Thread.java:748)&#10;&quot;metrics-hadoop-metrics2-reporter-44-thread-1&quot; daemon prio=5 tid=914 timed_waiting&#10;java.lang.Thread.State: TIMED_WAITING&#10;        at sun.misc.Unsafe.park(Native Method)&#10;        at java.util.concurrent.locks.LockSupport.parkNanos(LockSupport.java:215)&#10;        at java.util.concurrent.locks.AbstractQueuedSynchronizer$ConditionObject.awaitNanos(AbstractQueuedSynchronizer.java:2078)&#10;        at java.util.concurrent.ScheduledThreadPoolExecutor$DelayedWorkQueue.take(ScheduledThreadPoolExecutor.java:1093)&#10;        at java.util.concurrent.ScheduledThreadPoolExecutor$DelayedWorkQueue.take(ScheduledThreadPoolExecutor.java:809)&#10;        at java.util.concurrent.ThreadPoolExecutor.getTask(ThreadPoolExecutor.java:1074)&#10;        at java.util.concurrent.ThreadPoolExecutor.runWorker(ThreadPoolExecutor.java:1134)&#10;        at java.util.concurrent.ThreadPoolExecutor$Worker.run(ThreadPoolExecutor.java:624)&#10;        at java.lang.Thread.run(Thread.java:748)&#10;&quot;pool-66-thread-43&quot;  prio=5 tid=623 in Object.wait()&#10;java.lang.Thread.State: WAITING (on object monitor)&#10;        at sun.misc.Unsafe.park(Native Method)&#10;        at java.util.concurrent.locks.LockSupport.park(LockSupport.java:175)&#10;        at java.util.concurrent.locks.AbstractQueuedSynchronizer$ConditionObject.await(AbstractQueuedSynchronizer.java:2039)&#10;        at java.util.concurrent.ArrayBlockingQueue.take(ArrayBlockingQueue.java:403)&#10;        at java.util.concurrent.ThreadPoolExecutor.getTask(ThreadPoolExecutor.java:1074)&#10;        at java.util.concurrent.ThreadPoolExecutor.runWorker(ThreadPoolExecutor.java:1134)&#10;        at java.util.concurrent.ThreadPoolExecutor$Worker.run(ThreadPoolExecutor.java:624)&#10;        at java.lang.Thread.run(Thread.java:748)&#10;&quot;org.eclipse.jetty.server.session.HashSessionManager@2f4854d6Timer&quot; daemon prio=5 tid=98 timed_waiting&#10;java.lang.Thread.State: TIMED_WAITING&#10;        at sun.misc.Unsafe.park(Native Method)&#10;        at java.util.concurrent.locks.LockSupport.parkNanos(LockSupport.java:215)&#10;        at java.util.concurrent.locks.AbstractQueuedSynchronizer$ConditionObject.awaitNanos(AbstractQueuedSynchronizer.java:2078)&#10;        at java.util.concurrent.ScheduledThreadPoolExecutor$DelayedWorkQueue.take(ScheduledThreadPoolExecutor.java:1093)&#10;        at java.util.concurrent.ScheduledThreadPoolExecutor$DelayedWorkQueue.take(ScheduledThreadPoolExecutor.java:809)&#10;        at java.util.concurrent.ThreadPoolExecutor.getTask(ThreadPoolExecutor.java:1074)&#10;        at java.util.concurrent.ThreadPoolExecutor.runWorker(ThreadPoolExecutor.java:1134)&#10;        at java.util.concurrent.ThreadPoolExecutor$Worker.run(ThreadPoolExecutor.java:624)&#10;        at java.lang.Thread.run(Thread.java:748)&#10;&quot;grpc-default-executor-7&quot; daemon prio=5 tid=963 timed_waiting&#10;java.lang.Thread.State: TIMED_WAITING&#10;        at sun.misc.Unsafe.park(Native Method)&#10;        at java.util.concurrent.locks.LockSupport.parkNanos(LockSupport.java:215)&#10;        at java.util.concurrent.SynchronousQueue$TransferStack.awaitFulfill(SynchronousQueue.java:460)&#10;        at java.util.concurrent.SynchronousQueue$TransferStack.transfer(SynchronousQueue.java:362)&#10;        at java.util.concurrent.SynchronousQueue.poll(SynchronousQueue.java:941)&#10;        at java.util.concurrent.ThreadPoolExecutor.getTask(ThreadPoolExecutor.java:1073)&#10;        at java.util.concurrent.ThreadPoolExecutor.runWorker(ThreadPoolExecutor.java:1134)&#10;        at java.util.concurrent.ThreadPoolExecutor$Worker.run(ThreadPoolExecutor.java:624)&#10;        at java.lang.Thread.run(Thread.java:748)&#10;&quot;pool-86-thread-27&quot;  prio=5 tid=740 in Object.wait()&#10;java.lang.Thread.State: WAITING (on object monitor)&#10;        at sun.misc.Unsafe.park(Native Method)&#10;        at java.util.concurrent.locks.LockSupport.park(LockSupport.java:175)&#10;        at java.util.concurrent.locks.AbstractQueuedSynchronizer$ConditionObject.await(AbstractQueuedSynchronizer.java:2039)&#10;        at java.util.concurrent.ArrayBlockingQueue.take(ArrayBlockingQueue.java:403)&#10;        at java.util.concurrent.ThreadPoolExecutor.getTask(ThreadPoolExecutor.java:1074)&#10;        at java.util.concurrent.ThreadPoolExecutor.runWorker(ThreadPoolExecutor.java:1134)&#10;        at java.util.concurrent.ThreadPoolExecutor$Worker.run(ThreadPoolExecutor.java:624)&#10;        at java.lang.Thread.run(Thread.java:748)&#10;&quot;qtp2013613908-243&quot; daemon prio=5 tid=243 timed_waiting&#10;java.lang.Thread.State: TIMED_WAITING&#10;        at sun.misc.Unsafe.park(Native Method)&#10;        at java.util.concurrent.locks.LockSupport.parkNanos(LockSupport.java:215)&#10;        at java.util.concurrent.locks.AbstractQueuedSynchronizer$ConditionObject.awaitNanos(AbstractQueuedSynchronizer.java:2078)&#10;        at org.eclipse.jetty.util.BlockingArrayQueue.poll(BlockingArrayQueue.java:392)&#10;        at org.eclipse.jetty.util.thread.QueuedThreadPool.idleJobPoll(QueuedThreadPool.java:563)&#10;        at org.eclipse.jetty.util.thread.QueuedThreadPool.access$800(QueuedThreadPool.java:48)&#10;        at org.eclipse.jetty.util.thread.QueuedThreadPool$2.run(QueuedThreadPool.java:626)&#10;        at java.lang.Thread.run(Thread.java:748)&#10;&quot;metrics-hadoop-metrics2-reporter-55-thread-1&quot; daemon prio=5 tid=1011 timed_waiting&#10;java.lang.Thread.State: TIMED_WAITING&#10;        at sun.misc.Unsafe.park(Native Method)&#10;        at java.util.concurrent.locks.LockSupport.parkNanos(LockSupport.java:215)&#10;        at java.util.concurrent.locks.AbstractQueuedSynchronizer$ConditionObject.awaitNanos(AbstractQueuedSynchronizer.java:2078)&#10;        at java.util.concurrent.ScheduledThreadPoolExecutor$DelayedWorkQueue.take(ScheduledThreadPoolExecutor.java:1093)&#10;        at java.util.concurrent.ScheduledThreadPoolExecutor$DelayedWorkQueue.take(ScheduledThreadPoolExecutor.java:809)&#10;        at java.util.concurrent.ThreadPoolExecutor.getTask(ThreadPoolExecutor.java:1074)&#10;        at java.util.concurrent.ThreadPoolExecutor.runWorker(ThreadPoolExecutor.java:1134)&#10;        at java.util.concurrent.ThreadPoolExecutor$Worker.run(ThreadPoolExecutor.java:624)&#10;        at java.lang.Thread.run(Thread.java:748)&#10;&quot;metrics-hadoop-metrics2-reporter-57-thread-1&quot; daemon prio=5 tid=1027 timed_waiting&#10;java.lang.Thread.State: TIMED_WAITING&#10;        at sun.misc.Unsafe.park(Native Method)&#10;        at java.util.concurrent.locks.LockSupport.parkNanos(LockSupport.java:215)&#10;        at java.util.concurrent.locks.AbstractQueuedSynchronizer$ConditionObject.awaitNanos(AbstractQueuedSynchronizer.java:2078)&#10;        at java.util.concurrent.ScheduledThreadPoolExecutor$DelayedWorkQueue.take(ScheduledThreadPoolExecutor.java:1093)&#10;        at java.util.concurrent.ScheduledThreadPoolExecutor$DelayedWorkQueue.take(ScheduledThreadPoolExecutor.java:809)&#10;        at java.util.concurrent.ThreadPoolExecutor.getTask(ThreadPoolExecutor.java:1074)&#10;        at java.util.concurrent.ThreadPoolExecutor.runWorker(ThreadPoolExecutor.java:1134)&#10;        at java.util.concurrent.ThreadPoolExecutor$Worker.run(ThreadPoolExecutor.java:624)&#10;        at java.lang.Thread.run(Thread.java:748)&#10;&quot;Periodic HDDS volume checker&quot;  prio=5 tid=314 timed_waiting&#10;java.lang.Thread.State: TIMED_WAITING&#10;        at sun.misc.Unsafe.park(Native Method)&#10;        at java.util.concurrent.locks.LockSupport.parkNanos(LockSupport.java:215)&#10;        at java.util.concurrent.locks.AbstractQueuedSynchronizer$ConditionObject.awaitNanos(AbstractQueuedSynchronizer.java:2078)&#10;        at java.util.concurrent.ScheduledThreadPoolExecutor$DelayedWorkQueue.take(ScheduledThreadPoolExecutor.java:1093)&#10;        at java.util.concurrent.ScheduledThreadPoolExecutor$DelayedWorkQueue.take(ScheduledThreadPoolExecutor.java:809)&#10;        at java.util.concurrent.ThreadPoolExecutor.getTask(ThreadPoolExecutor.java:1074)&#10;        at java.util.concurrent.ThreadPoolExecutor.runWorker(ThreadPoolExecutor.java:1134)&#10;        at java.util.concurrent.ThreadPoolExecutor$Worker.run(ThreadPoolExecutor.java:624)&#10;        at java.lang.Thread.run(Thread.java:748)&#10;&quot;qtp2013613908-245&quot; daemon prio=5 tid=245 timed_waiting&#10;java.lang.Thread.State: TIMED_WAITING&#10;        at sun.misc.Unsafe.park(Native Method)&#10;        at java.util.concurrent.locks.LockSupport.parkNanos(LockSupport.java:215)&#10;        at java.util.concurrent.locks.AbstractQueuedSynchronizer$ConditionObject.awaitNanos(AbstractQueuedSynchronizer.java:2078)&#10;        at org.eclipse.jetty.util.BlockingArrayQueue.poll(BlockingArrayQueue.java:392)&#10;        at org.eclipse.jetty.util.thread.QueuedThreadPool.idleJobPoll(QueuedThreadPool.java:563)&#10;        at org.eclipse.jetty.util.thread.QueuedThreadPool.access$800(QueuedThreadPool.java:48)&#10;        at org.eclipse.jetty.util.thread.QueuedThreadPool$2.run(QueuedThreadPool.java:626)&#10;        at java.lang.Thread.run(Thread.java:748)&#10;&quot;metrics-hadoop-metrics2-reporter-67-thread-1&quot; daemon prio=5 tid=1067 timed_waiting&#10;java.lang.Thread.State: TIMED_WAITING&#10;        at sun.misc.Unsafe.park(Native Method)&#10;        at java.util.concurrent.locks.LockSupport.parkNanos(LockSupport.java:215)&#10;        at java.util.concurrent.locks.AbstractQueuedSynchronizer$ConditionObject.awaitNanos(AbstractQueuedSynchronizer.java:2078)&#10;        at java.util.concurrent.ScheduledThreadPoolExecutor$DelayedWorkQueue.take(ScheduledThreadPoolExecutor.java:1093)&#10;        at java.util.concurrent.ScheduledThreadPoolExecutor$DelayedWorkQueue.take(ScheduledThreadPoolExecutor.java:809)&#10;        at java.util.concurrent.ThreadPoolExecutor.getTask(ThreadPoolExecutor.java:1074)&#10;        at java.util.concurrent.ThreadPoolExecutor.runWorker(ThreadPoolExecutor.java:1134)&#10;        at java.util.concurrent.ThreadPoolExecutor$Worker.run(ThreadPoolExecutor.java:624)&#10;        at java.lang.Thread.run(Thread.java:748)&#10;&quot;Datanode State Machine Thread - 0&quot; daemon prio=5 tid=285 timed_waiting&#10;java.lang.Thread.State: TIMED_WAITING&#10;        at sun.misc.Unsafe.park(Native Method)&#10;        at java.util.concurrent.locks.LockSupport.parkNanos(LockSupport.java:215)&#10;        at java.util.concurrent.SynchronousQueue$TransferStack.awaitFulfill(SynchronousQueue.java:460)&#10;        at java.util.concurrent.SynchronousQueue$TransferStack.transfer(SynchronousQueue.java:362)&#10;        at java.util.concurrent.SynchronousQueue.poll(SynchronousQueue.java:941)&#10;        at java.util.concurrent.ThreadPoolExecutor.getTask(ThreadPoolExecutor.java:1073)&#10;        at java.util.concurrent.ThreadPoolExecutor.runWorker(ThreadPoolExecutor.java:1134)&#10;        at java.util.concurrent.ThreadPoolExecutor$Worker.run(ThreadPoolExecutor.java:624)&#10;        at java.lang.Thread.run(Thread.java:748)&#10;&quot;BlockDeletingService#0&quot; daemon prio=5 tid=774 timed_waiting&#10;java.lang.Thread.State: TIMED_WAITING&#10;        at sun.misc.Unsafe.park(Native Method)&#10;        at java.util.concurrent.locks.LockSupport.parkNanos(LockSupport.java:215)&#10;        at java.util.concurrent.locks.AbstractQueuedSynchronizer$ConditionObject.awaitNanos(AbstractQueuedSynchronizer.java:2078)&#10;        at java.util.concurrent.ScheduledThreadPoolExecutor$DelayedWorkQueue.take(ScheduledThreadPoolExecutor.java:1093)&#10;        at java.util.concurrent.ScheduledThreadPoolExecutor$DelayedWorkQueue.take(ScheduledThreadPoolExecutor.java:809)&#10;        at java.util.concurrent.ThreadPoolExecutor.getTask(ThreadPoolExecutor.java:1074)&#10;        at java.util.concurrent.ThreadPoolExecutor.runWorker(ThreadPoolExecutor.java:1134)&#10;        at java.util.concurrent.ThreadPoolExecutor$Worker.run(ThreadPoolExecutor.java:624)&#10;        at java.lang.Thread.run(Thread.java:748)&#10;&quot;c52c3de9-0ed1-4f2b-ba1d-f317ceeb0ceb@group-96B726D5AEA2-StateMachineUpdater&quot; daemon prio=5 tid=816 in Object.wait()&#10;java.lang.Thread.State: WAITING (on object monitor)&#10;        at java.lang.Object.wait(Native Method)&#10;        at java.lang.Object.wait(Object.java:502)&#10;        at org.apache.ratis.server.impl.StateMachineUpdater.waitForCommit(StateMachineUpdater.java:194)&#10;        at org.apache.ratis.server.impl.StateMachineUpdater.run(StateMachineUpdater.java:159)&#10;        at java.lang.Thread.run(Thread.java:748)&#10;&quot;jaeger.RemoteReporter-QueueProcessor&quot; daemon prio=5 tid=147 in Object.wait()&#10;java.lang.Thread.State: WAITING (on object monitor)&#10;        at sun.misc.Unsafe.park(Native Method)&#10;        at java.util.concurrent.locks.LockSupport.park(LockSupport.java:175)&#10;        at java.util.concurrent.locks.AbstractQueuedSynchronizer$ConditionObject.await(AbstractQueuedSynchronizer.java:2039)&#10;        at java.util.concurrent.ArrayBlockingQueue.take(ArrayBlockingQueue.java:403)&#10;        at io.jaegertracing.internal.reporters.RemoteReporter$QueueProcessor.run(RemoteReporter.java:173)&#10;        at java.lang.Thread.run(Thread.java:748)&#10;&quot;pool-36-thread-10&quot;  prio=5 tid=367 in Object.wait()&#10;java.lang.Thread.State: WAITING (on object monitor)&#10;        at sun.misc.Unsafe.park(Native Method)&#10;        at java.util.concurrent.locks.LockSupport.park(LockSupport.java:175)&#10;        at java.util.concurrent.locks.AbstractQueuedSynchronizer$ConditionObject.await(AbstractQueuedSynchronizer.java:2039)&#10;        at java.util.concurrent.ArrayBlockingQueue.take(ArrayBlockingQueue.java:403)&#10;        at java.util.concurrent.ThreadPoolExecutor.getTask(ThreadPoolExecutor.java:1074)&#10;        at java.util.concurrent.ThreadPoolExecutor.runWorker(ThreadPoolExecutor.java:1134)&#10;        at java.util.concurrent.ThreadPoolExecutor$Worker.run(ThreadPoolExecutor.java:624)&#10;        at java.lang.Thread.run(Thread.java:748)&#10;&quot;pool-76-thread-34&quot;  prio=5 tid=685 in Object.wait()&#10;java.lang.Thread.State: WAITING (on object monitor)&#10;        at sun.misc.Unsafe.park(Native Method)&#10;        at java.util.concurrent.locks.LockSupport.park(LockSupport.java:175)&#10;        at java.util.concurrent.locks.AbstractQueuedSynchronizer$ConditionObject.await(AbstractQueuedSynchronizer.java:2039)&#10;        at java.util.concurrent.ArrayBlockingQueue.take(ArrayBlockingQueue.java:403)&#10;        at java.util.concurrent.ThreadPoolExecutor.getTask(ThreadPoolExecutor.java:1074)&#10;        at java.util.concurrent.ThreadPoolExecutor.runWorker(ThreadPoolExecutor.java:1134)&#10;        at java.util.concurrent.ThreadPoolExecutor$Worker.run(ThreadPoolExecutor.java:624)&#10;        at java.lang.Thread.run(Thread.java:748)&#10;&quot;Datanode State Machine Thread - 0&quot; daemon prio=5 tid=339 timed_waiting&#10;java.lang.Thread.State: TIMED_WAITING&#10;        at sun.misc.Unsafe.park(Native Method)&#10;        at java.util.concurrent.locks.LockSupport.parkNanos(LockSupport.java:215)&#10;        at java.util.concurrent.SynchronousQueue$TransferStack.awaitFulfill(SynchronousQueue.java:460)&#10;        at java.util.concurrent.SynchronousQueue$TransferStack.transfer(SynchronousQueue.java:362)&#10;        at java.util.concurrent.SynchronousQueue.poll(SynchronousQueue.java:941)&#10;        at java.util.concurrent.ThreadPoolExecutor.getTask(ThreadPoolExecutor.java:1073)&#10;        at java.util.concurrent.ThreadPoolExecutor.runWorker(ThreadPoolExecutor.java:1134)&#10;        at java.util.concurrent.ThreadPoolExecutor$Worker.run(ThreadPoolExecutor.java:624)&#10;        at java.lang.Thread.run(Thread.java:748)&#10;&quot;pool-86-thread-10&quot;  prio=5 tid=723 in Object.wait()&#10;java.lang.Thread.State: WAITING (on object monitor)&#10;        at sun.misc.Unsafe.park(Native Method)&#10;        at java.util.concurrent.locks.LockSupport.park(LockSupport.java:175)&#10;        at java.util.concurrent.locks.AbstractQueuedSynchronizer$ConditionObject.await(AbstractQueuedSynchronizer.java:2039)&#10;        at java.util.concurrent.ArrayBlockingQueue.take(ArrayBlockingQueue.java:403)&#10;        at java.util.concurrent.ThreadPoolExecutor.getTask(ThreadPoolExecutor.java:1074)&#10;        at java.util.concurrent.ThreadPoolExecutor.runWorker(ThreadPoolExecutor.java:1134)&#10;        at java.util.concurrent.ThreadPoolExecutor$Worker.run(ThreadPoolExecutor.java:624)&#10;        at java.lang.Thread.run(Thread.java:748)&#10;&quot;IPC Server idle connection scanner for port 45589&quot; daemon prio=5 tid=24 timed_waiting&#10;java.lang.Thread.State: TIMED_WAITING&#10;        at java.lang.Object.wait(Native Method)&#10;        at java.util.TimerThread.mainLoop(Timer.java:552)&#10;        at java.util.TimerThread.run(Timer.java:505)&#10;&quot;EventQueue-SafemodestatusForSafeModeHandler&quot; daemon prio=5 tid=782 in Object.wait()&#10;java.lang.Thread.State: WAITING (on object monitor)&#10;        at sun.misc.Unsafe.park(Native Method)&#10;        at java.util.concurrent.locks.LockSupport.park(LockSupport.java:175)&#10;        at java.util.concurrent.locks.AbstractQueuedSynchronizer$ConditionObject.await(AbstractQueuedSynchronizer.java:2039)&#10;        at java.util.concurrent.LinkedBlockingQueue.take(LinkedBlockingQueue.java:442)&#10;        at java.util.concurrent.ThreadPoolExecutor.getTask(ThreadPoolExecutor.java:1074)&#10;        at java.util.concurrent.ThreadPoolExecutor.runWorker(ThreadPoolExecutor.java:1134)&#10;        at java.util.concurrent.ThreadPoolExecutor$Worker.run(ThreadPoolExecutor.java:624)&#10;        at java.lang.Thread.run(Thread.java:748)&#10;&quot;pool-76-thread-22&quot;  prio=5 tid=673 in Object.wait()&#10;java.lang.Thread.State: WAITING (on object monitor)&#10;        at sun.misc.Unsafe.park(Native Method)&#10;        at java.util.concurrent.locks.LockSupport.park(LockSupport.java:175)&#10;        at java.util.concurrent.locks.AbstractQueuedSynchronizer$ConditionObject.await(AbstractQueuedSynchronizer.java:2039)&#10;        at java.util.concurrent.ArrayBlockingQueue.take(ArrayBlockingQueue.java:403)&#10;        at java.util.concurrent.ThreadPoolExecutor.getTask(ThreadPoolExecutor.java:1074)&#10;        at java.util.concurrent.ThreadPoolExecutor.runWorker(ThreadPoolExecutor.java:1134)&#10;        at java.util.concurrent.ThreadPoolExecutor$Worker.run(ThreadPoolExecutor.java:624)&#10;        at java.lang.Thread.run(Thread.java:748)&#10;&quot;grpc-default-boss-ELG-1-1&quot; daemon prio=5 tid=641 runnable&#10;java.lang.Thread.State: RUNNABLE&#10;        at sun.nio.ch.EPollArrayWrapper.epollWait(Native Method)&#10;        at sun.nio.ch.EPollArrayWrapper.poll(EPollArrayWrapper.java:269)&#10;        at sun.nio.ch.EPollSelectorImpl.doSelect(EPollSelectorImpl.java:93)&#10;        at sun.nio.ch.SelectorImpl.lockAndDoSelect(SelectorImpl.java:86)&#10;        at sun.nio.ch.SelectorImpl.select(SelectorImpl.java:97)&#10;        at org.apache.ratis.thirdparty.io.netty.channel.nio.SelectedSelectionKeySetSelector.select(SelectedSelectionKeySetSelector.java:62)&#10;        at org.apache.ratis.thirdparty.io.netty.channel.nio.NioEventLoop.select(NioEventLoop.java:753)&#10;        at org.apache.ratis.thirdparty.io.netty.channel.nio.NioEventLoop.run(NioEventLoop.java:408)&#10;        at org.apache.ratis.thirdparty.io.netty.util.concurrent.SingleThreadEventExecutor$5.run(SingleThreadEventExecutor.java:897)&#10;        at org.apache.ratis.thirdparty.io.netty.util.concurrent.FastThreadLocalRunnable.run(FastThreadLocalRunnable.java:30)&#10;        at java.lang.Thread.run(Thread.java:748)&#10;&quot;SCM Heartbeat Processing Thread - 0&quot; daemon prio=5 tid=13 timed_waiting&#10;java.lang.Thread.State: TIMED_WAITING&#10;        at sun.misc.Unsafe.park(Native Method)&#10;        at java.util.concurrent.locks.LockSupport.parkNanos(LockSupport.java:215)&#10;        at java.util.concurrent.locks.AbstractQueuedSynchronizer$ConditionObject.awaitNanos(AbstractQueuedSynchronizer.java:2078)&#10;        at java.util.concurrent.ScheduledThreadPoolExecutor$DelayedWorkQueue.take(ScheduledThreadPoolExecutor.java:1093)&#10;        at java.util.concurrent.ScheduledThreadPoolExecutor$DelayedWorkQueue.take(ScheduledThreadPoolExecutor.java:809)&#10;        at java.util.concurrent.ThreadPoolExecutor.getTask(ThreadPoolExecutor.java:1074)&#10;        at java.util.concurrent.ThreadPoolExecutor.runWorker(ThreadPoolExecutor.java:1134)&#10;        at java.util.concurrent.ThreadPoolExecutor$Worker.run(ThreadPoolExecutor.java:624)&#10;        at java.lang.Thread.run(Thread.java:748)&#10;&quot;pool-26-thread-42&quot;  prio=5 tid=447 in Object.wait()&#10;java.lang.Thread.State: WAITING (on object monitor)&#10;        at sun.misc.Unsafe.park(Native Method)&#10;        at java.util.concurrent.locks.LockSupport.park(LockSupport.java:175)&#10;        at java.util.concurrent.locks.AbstractQueuedSynchronizer$ConditionObject.await(AbstractQueuedSynchronizer.java:2039)&#10;        at java.util.concurrent.ArrayBlockingQueue.take(ArrayBlockingQueue.java:403)&#10;        at java.util.concurrent.ThreadPoolExecutor.getTask(ThreadPoolExecutor.java:1074)&#10;        at java.util.concurrent.ThreadPoolExecutor.runWorker(ThreadPoolExecutor.java:1134)&#10;        at java.util.concurrent.ThreadPoolExecutor$Worker.run(ThreadPoolExecutor.java:624)&#10;        at java.lang.Thread.run(Thread.java:748)&#10;&quot;pool-76-thread-60&quot;  prio=5 tid=711 in Object.wait()&#10;java.lang.Thread.State: WAITING (on object monitor)&#10;        at sun.misc.Unsafe.park(Native Method)&#10;        at java.util.concurrent.locks.LockSupport.park(LockSupport.java:175)&#10;        at java.util.concurrent.locks.AbstractQueuedSynchronizer$ConditionObject.await(AbstractQueuedSynchronizer.java:2039)&#10;        at java.util.concurrent.ArrayBlockingQueue.take(ArrayBlockingQueue.java:403)&#10;        at java.util.concurrent.ThreadPoolExecutor.getTask(ThreadPoolExecutor.java:1074)&#10;        at java.util.concurrent.ThreadPoolExecutor.runWorker(ThreadPoolExecutor.java:1134)&#10;        at java.util.concurrent.ThreadPoolExecutor$Worker.run(ThreadPoolExecutor.java:624)&#10;        at java.lang.Thread.run(Thread.java:748)&#10;&quot;pool-26-thread-27&quot;  prio=5 tid=414 in Object.wait()&#10;java.lang.Thread.State: WAITING (on object monitor)&#10;        at sun.misc.Unsafe.park(Native Method)&#10;        at java.util.concurrent.locks.LockSupport.park(LockSupport.java:175)&#10;        at java.util.concurrent.locks.AbstractQueuedSynchronizer$ConditionObject.await(AbstractQueuedSynchronizer.java:2039)&#10;        at java.util.concurrent.ArrayBlockingQueue.take(ArrayBlockingQueue.java:403)&#10;        at java.util.concurrent.ThreadPoolExecutor.getTask(ThreadPoolExecutor.java:1074)&#10;        at java.util.concurrent.ThreadPoolExecutor.runWorker(ThreadPoolExecutor.java:1134)&#10;        at java.util.concurrent.ThreadPoolExecutor$Worker.run(ThreadPoolExecutor.java:624)&#10;        at java.lang.Thread.run(Thread.java:748)&#10;&quot;metrics-hadoop-metrics2-reporter-39-thread-1&quot; daemon prio=5 tid=891 timed_waiting&#10;java.lang.Thread.State: TIMED_WAITING&#10;        at sun.misc.Unsafe.park(Native Method)&#10;        at java.util.concurrent.locks.LockSupport.parkNanos(LockSupport.java:215)&#10;        at java.util.concurrent.locks.AbstractQueuedSynchronizer$ConditionObject.awaitNanos(AbstractQueuedSynchronizer.java:2078)&#10;        at java.util.concurrent.ScheduledThreadPoolExecutor$DelayedWorkQueue.take(ScheduledThreadPoolExecutor.java:1093)&#10;        at java.util.concurrent.ScheduledThreadPoolExecutor$DelayedWorkQueue.take(ScheduledThreadPoolExecutor.java:809)&#10;        at java.util.concurrent.ThreadPoolExecutor.getTask(ThreadPoolExecutor.java:1074)&#10;        at java.util.concurrent.ThreadPoolExecutor.runWorker(ThreadPoolExecutor.java:1134)&#10;        at java.util.concurrent.ThreadPoolExecutor$Worker.run(ThreadPoolExecutor.java:624)&#10;        at java.lang.Thread.run(Thread.java:748)&#10;&quot;qtp64989209-296&quot; daemon prio=5 tid=296 timed_waiting&#10;java.lang.Thread.State: TIMED_WAITING&#10;        at sun.misc.Unsafe.park(Native Method)&#10;        at java.util.concurrent.locks.LockSupport.parkNanos(LockSupport.java:215)&#10;        at java.util.concurrent.locks.AbstractQueuedSynchronizer$ConditionObject.awaitNanos(AbstractQueuedSynchronizer.java:2078)&#10;        at org.eclipse.jetty.util.BlockingArrayQueue.poll(BlockingArrayQueue.java:392)&#10;        at org.eclipse.jetty.util.thread.QueuedThreadPool.idleJobPoll(QueuedThreadPool.java:563)&#10;        at org.eclipse.jetty.util.thread.QueuedThreadPool.access$800(QueuedThreadPool.java:48)&#10;        at org.eclipse.jetty.util.thread.QueuedThreadPool$2.run(QueuedThreadPool.java:626)&#10;        at java.lang.Thread.run(Thread.java:748)&#10;&quot;qtp680988889-90-acceptor-0@2b8ff021-ServerConnector@1cf2fed4{HTTP/1.1,[http/1.1]}{0.0.0.0:37590}&quot; daemon prio=3 tid=90 runnable&#10;java.lang.Thread.State: RUNNABLE&#10;        at sun.nio.ch.ServerSocketChannelImpl.accept0(Native Method)&#10;        at sun.nio.ch.ServerSocketChannelImpl.accept(ServerSocketChannelImpl.java:422)&#10;        at sun.nio.ch.ServerSocketChannelImpl.accept(ServerSocketChannelImpl.java:250)&#10;        at org.eclipse.jetty.server.ServerConnector.accept(ServerConnector.java:397)&#10;        at org.eclipse.jetty.server.AbstractConnector$Acceptor.run(AbstractConnector.java:601)&#10;        at org.eclipse.jetty.util.thread.QueuedThreadPool.runJob(QueuedThreadPool.java:671)&#10;        at org.eclipse.jetty.util.thread.QueuedThreadPool$2.run(QueuedThreadPool.java:589)&#10;        at java.lang.Thread.run(Thread.java:748)&#10;&quot;IPC Server handler 10 on 45290&quot; daemon prio=5 tid=59 timed_waiting&#10;java.lang.Thread.State: TIMED_WAITING&#10;        at sun.misc.Unsafe.park(Native Method)&#10;        at java.util.concurrent.locks.LockSupport.parkNanos(LockSupport.java:215)&#10;        at java.util.concurrent.locks.AbstractQueuedSynchronizer$ConditionObject.awaitNanos(AbstractQueuedSynchronizer.java:2078)&#10;        at java.util.concurrent.LinkedBlockingQueue.poll(LinkedBlockingQueue.java:467)&#10;        at org.apache.hadoop.ipc.CallQueueManager.take(CallQueueManager.java:288)&#10;        at org.apache.hadoop.ipc.Server$Handler.run(Server.java:2668)&#10;&quot;IPC Server handler 4 on 36674&quot; daemon prio=5 tid=73 timed_waiting&#10;java.lang.Thread.State: TIMED_WAITING&#10;        at sun.misc.Unsafe.park(Native Method)&#10;        at java.util.concurrent.locks.LockSupport.parkNanos(LockSupport.java:215)&#10;        at java.util.concurrent.locks.AbstractQueuedSynchronizer$ConditionObject.awaitNanos(AbstractQueuedSynchronizer.java:2078)&#10;        at java.util.concurrent.LinkedBlockingQueue.poll(LinkedBlockingQueue.java:467)&#10;        at org.apache.hadoop.ipc.CallQueueManager.take(CallQueueManager.java:288)&#10;        at org.apache.hadoop.ipc.Server$Handler.run(Server.java:2668)&#10;&quot;pool-56-thread-38&quot;  prio=5 tid=558 in Object.wait()&#10;java.lang.Thread.State: WAITING (on object monitor)&#10;        at sun.misc.Unsafe.park(Native Method)&#10;        at java.util.concurrent.locks.LockSupport.park(LockSupport.java:175)&#10;        at java.util.concurrent.locks.AbstractQueuedSynchronizer$ConditionObject.await(AbstractQueuedSynchronizer.java:2039)&#10;        at java.util.concurrent.ArrayBlockingQueue.take(ArrayBlockingQueue.java:403)&#10;        at java.util.concurrent.ThreadPoolExecutor.getTask(ThreadPoolExecutor.java:1074)&#10;        at java.util.concurrent.ThreadPoolExecutor.runWorker(ThreadPoolExecutor.java:1134)&#10;        at java.util.concurrent.ThreadPoolExecutor$Worker.run(ThreadPoolExecutor.java:624)&#10;        at java.lang.Thread.run(Thread.java:748)&#10;&quot;Datanode ReportManager Thread - 2&quot; daemon prio=5 tid=200 timed_waiting&#10;java.lang.Thread.State: TIMED_WAITING&#10;        at sun.misc.Unsafe.park(Native Method)&#10;        at java.util.concurrent.locks.LockSupport.parkNanos(LockSupport.java:215)&#10;        at java.util.concurrent.locks.AbstractQueuedSynchronizer$ConditionObject.awaitNanos(AbstractQueuedSynchronizer.java:2078)&#10;        at java.util.concurrent.ScheduledThreadPoolExecutor$DelayedWorkQueue.take(ScheduledThreadPoolExecutor.java:1093)&#10;        at java.util.concurrent.ScheduledThreadPoolExecutor$DelayedWorkQueue.take(ScheduledThreadPoolExecutor.java:809)&#10;        at java.util.concurrent.ThreadPoolExecutor.getTask(ThreadPoolExecutor.java:1074)&#10;        at java.util.concurrent.ThreadPoolExecutor.runWorker(ThreadPoolExecutor.java:1134)&#10;        at java.util.concurrent.ThreadPoolExecutor$Worker.run(ThreadPoolExecutor.java:624)&#10;        at java.lang.Thread.run(Thread.java:748)&#10;&quot;pool-36-thread-49&quot;  prio=5 tid=492 in Object.wait()&#10;java.lang.Thread.State: WAITING (on object monitor)&#10;        at sun.misc.Unsafe.park(Native Method)&#10;        at java.util.concurrent.locks.LockSupport.park(LockSupport.java:175)&#10;        at java.util.concurrent.locks.AbstractQueuedSynchronizer$ConditionObject.await(AbstractQueuedSynchronizer.java:2039)&#10;        at java.util.concurrent.ArrayBlockingQueue.take(ArrayBlockingQueue.java:403)&#10;        at java.util.concurrent.ThreadPoolExecutor.getTask(ThreadPoolExecutor.java:1074)&#10;        at java.util.concurrent.ThreadPoolExecutor.runWorker(ThreadPoolExecutor.java:1134)&#10;        at java.util.concurrent.ThreadPoolExecutor$Worker.run(ThreadPoolExecutor.java:624)&#10;        at java.lang.Thread.run(Thread.java:748)&#10;&quot;Thread-283&quot; daemon prio=5 tid=896 timed_waiting&#10;java.lang.Thread.State: TIMED_WAITING&#10;        at sun.misc.Unsafe.park(Native Method)&#10;        at java.util.concurrent.locks.LockSupport.parkNanos(LockSupport.java:215)&#10;        at java.util.concurrent.locks.AbstractQueuedSynchronizer$ConditionObject.awaitNanos(AbstractQueuedSynchronizer.java:2078)&#10;        at java.util.concurrent.ArrayBlockingQueue.poll(ArrayBlockingQueue.java:418)&#10;        at org.apache.ratis.server.impl.LeaderState$EventQueue.poll(LeaderState.java:115)&#10;        at org.apache.ratis.server.impl.LeaderState$EventProcessor.run(LeaderState.java:467)&#10;&quot;Thread-263&quot; daemon prio=5 tid=849 timed_waiting&#10;java.lang.Thread.State: TIMED_WAITING&#10;        at sun.misc.Unsafe.park(Native Method)&#10;        at java.util.concurrent.locks.LockSupport.parkNanos(LockSupport.java:215)&#10;        at java.util.concurrent.locks.AbstractQueuedSynchronizer$ConditionObject.awaitNanos(AbstractQueuedSynchronizer.java:2078)&#10;        at java.util.concurrent.ArrayBlockingQueue.poll(ArrayBlockingQueue.java:418)&#10;        at org.apache.ratis.server.impl.LeaderState$EventQueue.poll(LeaderState.java:115)&#10;        at org.apache.ratis.server.impl.LeaderState$EventProcessor.run(LeaderState.java:467)&#10;&quot;Datanode State Machine Thread - 0&quot; daemon prio=5 tid=278 timed_waiting&#10;java.lang.Thread.State: TIMED_WAITING&#10;        at java.lang.Thread.sleep(Native Method)&#10;        at org.apache.hadoop.ozone.container.common.statemachine.DatanodeStateMachine.start(DatanodeStateMachine.java:191)&#10;        at org.apache.hadoop.ozone.container.common.statemachine.DatanodeStateMachine.lambda$startDaemon$0(DatanodeStateMachine.java:349)&#10;        at org.apache.hadoop.ozone.container.common.statemachine.DatanodeStateMachine$$Lambda$140/690051320.run(Unknown Source)&#10;        at java.lang.Thread.run(Thread.java:748)&#10;&quot;pool-76-thread-15&quot;  prio=5 tid=666 in Object.wait()&#10;java.lang.Thread.State: WAITING (on object monitor)&#10;        at sun.misc.Unsafe.park(Native Method)&#10;        at java.util.concurrent.locks.LockSupport.park(LockSupport.java:175)&#10;        at java.util.concurrent.locks.AbstractQueuedSynchronizer$ConditionObject.await(AbstractQueuedSynchronizer.java:2039)&#10;        at java.util.concurrent.ArrayBlockingQueue.take(ArrayBlockingQueue.java:403)&#10;        at java.util.concurrent.ThreadPoolExecutor.getTask(ThreadPoolExecutor.java:1074)&#10;        at java.util.concurrent.ThreadPoolExecutor.runWorker(ThreadPoolExecutor.java:1134)&#10;        at java.util.concurrent.ThreadPoolExecutor$Worker.run(ThreadPoolExecutor.java:624)&#10;        at java.lang.Thread.run(Thread.java:748)&#10;&quot;pool-86-thread-50&quot;  prio=5 tid=763 in Object.wait()&#10;java.lang.Thread.State: WAITING (on object monitor)&#10;        at sun.misc.Unsafe.park(Native Method)&#10;        at java.util.concurrent.locks.LockSupport.park(LockSupport.java:175)&#10;        at java.util.concurrent.locks.AbstractQueuedSynchronizer$ConditionObject.await(AbstractQueuedSynchronizer.java:2039)&#10;        at java.util.concurrent.ArrayBlockingQueue.take(ArrayBlockingQueue.java:403)&#10;        at java.util.concurrent.ThreadPoolExecutor.getTask(ThreadPoolExecutor.java:1074)&#10;        at java.util.concurrent.ThreadPoolExecutor.runWorker(ThreadPoolExecutor.java:1134)&#10;        at java.util.concurrent.ThreadPoolExecutor$Worker.run(ThreadPoolExecutor.java:624)&#10;        at java.lang.Thread.run(Thread.java:748)&#10;&quot;qtp820627987-162&quot; daemon prio=5 tid=162 timed_waiting&#10;java.lang.Thread.State: TIMED_WAITING&#10;        at sun.misc.Unsafe.park(Native Method)&#10;        at java.util.concurrent.locks.LockSupport.parkNanos(LockSupport.java:215)&#10;        at java.util.concurrent.locks.AbstractQueuedSynchronizer$ConditionObject.awaitNanos(AbstractQueuedSynchronizer.java:2078)&#10;        at org.eclipse.jetty.util.BlockingArrayQueue.poll(BlockingArrayQueue.java:392)&#10;        at org.eclipse.jetty.util.thread.QueuedThreadPool.idleJobPoll(QueuedThreadPool.java:563)&#10;        at org.eclipse.jetty.util.thread.QueuedThreadPool.access$800(QueuedThreadPool.java:48)&#10;        at org.eclipse.jetty.util.thread.QueuedThreadPool$2.run(QueuedThreadPool.java:626)&#10;        at java.lang.Thread.run(Thread.java:748)&#10;&quot;java.util.concurrent.ThreadPoolExecutor$Worker@58c755ef[State = -1, empty queue]&quot; daemon prio=5 tid=1115 timed_waiting&#10;java.lang.Thread.State: TIMED_WAITING&#10;        at sun.misc.Unsafe.park(Native Method)&#10;        at java.util.concurrent.locks.LockSupport.parkNanos(LockSupport.java:215)&#10;        at java.util.concurrent.locks.AbstractQueuedSynchronizer$ConditionObject.awaitNanos(AbstractQueuedSynchronizer.java:2078)&#10;        at java.util.concurrent.ScheduledThreadPoolExecutor$DelayedWorkQueue.take(ScheduledThreadPoolExecutor.java:1093)&#10;        at java.util.concurrent.ScheduledThreadPoolExecutor$DelayedWorkQueue.take(ScheduledThreadPoolExecutor.java:809)&#10;        at java.util.concurrent.ThreadPoolExecutor.getTask(ThreadPoolExecutor.java:1074)&#10;        at java.util.concurrent.ThreadPoolExecutor.runWorker(ThreadPoolExecutor.java:1134)&#10;        at java.util.concurrent.ThreadPoolExecutor$Worker.run(ThreadPoolExecutor.java:624)&#10;        at java.lang.Thread.run(Thread.java:748)&#10;&quot;pool-46-thread-4&quot;  prio=5 tid=354 in Object.wait()&#10;java.lang.Thread.State: WAITING (on object monitor)&#10;        at sun.misc.Unsafe.park(Native Method)&#10;        at java.util.concurrent.locks.LockSupport.park(LockSupport.java:175)&#10;        at java.util.concurrent.locks.AbstractQueuedSynchronizer$ConditionObject.await(AbstractQueuedSynchronizer.java:2039)&#10;        at java.util.concurrent.ArrayBlockingQueue.take(ArrayBlockingQueue.java:403)&#10;        at java.util.concurrent.ThreadPoolExecutor.getTask(ThreadPoolExecutor.java:1074)&#10;        at java.util.concurrent.ThreadPoolExecutor.runWorker(ThreadPoolExecutor.java:1134)&#10;        at java.util.concurrent.ThreadPoolExecutor$Worker.run(ThreadPoolExecutor.java:624)&#10;        at java.lang.Thread.run(Thread.java:748)&#10;&quot;pool-56-thread-12&quot;  prio=5 tid=532 in Object.wait()&#10;java.lang.Thread.State: WAITING (on object monitor)&#10;        at sun.misc.Unsafe.park(Native Method)&#10;        at java.util.concurrent.locks.LockSupport.park(LockSupport.java:175)&#10;        at java.util.concurrent.locks.AbstractQueuedSynchronizer$ConditionObject.await(AbstractQueuedSynchronizer.java:2039)&#10;        at java.util.concurrent.ArrayBlockingQueue.take(ArrayBlockingQueue.java:403)&#10;        at java.util.concurrent.ThreadPoolExecutor.getTask(ThreadPoolExecutor.java:1074)&#10;        at java.util.concurrent.ThreadPoolExecutor.runWorker(ThreadPoolExecutor.java:1134)&#10;        at java.util.concurrent.ThreadPoolExecutor$Worker.run(ThreadPoolExecutor.java:624)&#10;        at java.lang.Thread.run(Thread.java:748)&#10;&quot;IPC Server handler 8 on 36674&quot; daemon prio=5 tid=77 timed_waiting&#10;java.lang.Thread.State: TIMED_WAITING&#10;        at sun.misc.Unsafe.park(Native Method)&#10;        at java.util.concurrent.locks.LockSupport.parkNanos(LockSupport.java:215)&#10;        at java.util.concurrent.locks.AbstractQueuedSynchronizer$ConditionObject.awaitNanos(AbstractQueuedSynchronizer.java:2078)&#10;        at java.util.concurrent.LinkedBlockingQueue.poll(LinkedBlockingQueue.java:467)&#10;        at org.apache.hadoop.ipc.CallQueueManager.take(CallQueueManager.java:288)&#10;        at org.apache.hadoop.ipc.Server$Handler.run(Server.java:2668)&#10;&quot;pool-66-thread-52&quot;  prio=5 tid=632 in Object.wait()&#10;java.lang.Thread.State: WAITING (on object monitor)&#10;        at sun.misc.Unsafe.park(Native Method)&#10;        at java.util.concurrent.locks.LockSupport.park(LockSupport.java:175)&#10;        at java.util.concurrent.locks.AbstractQueuedSynchronizer$ConditionObject.await(AbstractQueuedSynchronizer.java:2039)&#10;        at java.util.concurrent.ArrayBlockingQueue.take(ArrayBlockingQueue.java:403)&#10;        at java.util.concurrent.ThreadPoolExecutor.getTask(ThreadPoolExecutor.java:1074)&#10;        at java.util.concurrent.ThreadPoolExecutor.runWorker(ThreadPoolExecutor.java:1134)&#10;        at java.util.concurrent.ThreadPoolExecutor$Worker.run(ThreadPoolExecutor.java:624)&#10;        at java.lang.Thread.run(Thread.java:748)&#10;&quot;pool-56-thread-5&quot;  prio=5 tid=525 in Object.wait()&#10;java.lang.Thread.State: WAITING (on object monitor)&#10;        at sun.misc.Unsafe.park(Native Method)&#10;        at java.util.concurrent.locks.LockSupport.park(LockSupport.java:175)&#10;        at java.util.concurrent.locks.AbstractQueuedSynchronizer$ConditionObject.await(AbstractQueuedSynchronizer.java:2039)&#10;        at java.util.concurrent.ArrayBlockingQueue.take(ArrayBlockingQueue.java:403)&#10;        at java.util.concurrent.ThreadPoolExecutor.getTask(ThreadPoolExecutor.java:1074)&#10;        at java.util.concurrent.ThreadPoolExecutor.runWorker(ThreadPoolExecutor.java:1134)&#10;        at java.util.concurrent.ThreadPoolExecutor$Worker.run(ThreadPoolExecutor.java:624)&#10;        at java.lang.Thread.run(Thread.java:748)&#10;&quot;pool-46-thread-10&quot;  prio=5 tid=375 in Object.wait()&#10;java.lang.Thread.State: WAITING (on object monitor)&#10;        at sun.misc.Unsafe.park(Native Method)&#10;        at java.util.concurrent.locks.LockSupport.park(LockSupport.java:175)&#10;        at java.util.concurrent.locks.AbstractQueuedSynchronizer$ConditionObject.await(AbstractQueuedSynchronizer.java:2039)&#10;        at java.util.concurrent.ArrayBlockingQueue.take(ArrayBlockingQueue.java:403)&#10;        at java.util.concurrent.ThreadPoolExecutor.getTask(ThreadPoolExecutor.java:1074)&#10;        at java.util.concurrent.ThreadPoolExecutor.runWorker(ThreadPoolExecutor.java:1134)&#10;        at java.util.concurrent.ThreadPoolExecutor$Worker.run(ThreadPoolExecutor.java:624)&#10;        at java.lang.Thread.run(Thread.java:748)&#10;&quot;metrics-hadoop-metrics2-reporter-49-thread-1&quot; daemon prio=5 tid=957 timed_waiting&#10;java.lang.Thread.State: TIMED_WAITING&#10;        at sun.misc.Unsafe.park(Native Method)&#10;        at java.util.concurrent.locks.LockSupport.parkNanos(LockSupport.java:215)&#10;        at java.util.concurrent.locks.AbstractQueuedSynchronizer$ConditionObject.awaitNanos(AbstractQueuedSynchronizer.java:2078)&#10;        at java.util.concurrent.ScheduledThreadPoolExecutor$DelayedWorkQueue.take(ScheduledThreadPoolExecutor.java:1093)&#10;        at java.util.concurrent.ScheduledThreadPoolExecutor$DelayedWorkQueue.take(ScheduledThreadPoolExecutor.java:809)&#10;        at java.util.concurrent.ThreadPoolExecutor.getTask(ThreadPoolExecutor.java:1074)&#10;        at java.util.concurrent.ThreadPoolExecutor.runWorker(ThreadPoolExecutor.java:1134)&#10;        at java.util.concurrent.ThreadPoolExecutor$Worker.run(ThreadPoolExecutor.java:624)&#10;        at java.lang.Thread.run(Thread.java:748)&#10;&quot;pool-56-thread-53&quot;  prio=5 tid=573 in Object.wait()&#10;java.lang.Thread.State: WAITING (on object monitor)&#10;        at sun.misc.Unsafe.park(Native Method)&#10;        at java.util.concurrent.locks.LockSupport.park(LockSupport.java:175)&#10;        at java.util.concurrent.locks.AbstractQueuedSynchronizer$ConditionObject.await(AbstractQueuedSynchronizer.java:2039)&#10;        at java.util.concurrent.ArrayBlockingQueue.take(ArrayBlockingQueue.java:403)&#10;        at java.util.concurrent.ThreadPoolExecutor.getTask(ThreadPoolExecutor.java:1074)&#10;        at java.util.concurrent.ThreadPoolExecutor.runWorker(ThreadPoolExecutor.java:1134)&#10;        at java.util.concurrent.ThreadPoolExecutor$Worker.run(ThreadPoolExecutor.java:624)&#10;        at java.lang.Thread.run(Thread.java:748)&#10;&quot;c52c3de9-0ed1-4f2b-ba1d-f317ceeb0ceb@group-20BE3FF63202-StateMachineUpdater&quot; daemon prio=5 tid=1028 in Object.wait()&#10;java.lang.Thread.State: WAITING (on object monitor)&#10;        at java.lang.Object.wait(Native Method)&#10;        at java.lang.Object.wait(Object.java:502)&#10;        at org.apache.ratis.server.impl.StateMachineUpdater.waitForCommit(StateMachineUpdater.java:194)&#10;        at org.apache.ratis.server.impl.StateMachineUpdater.run(StateMachineUpdater.java:159)&#10;        at java.lang.Thread.run(Thread.java:748)&#10;&quot;pool-36-thread-27&quot;  prio=5 tid=422 in Object.wait()&#10;java.lang.Thread.State: WAITING (on object monitor)&#10;        at sun.misc.Unsafe.park(Native Method)&#10;        at java.util.concurrent.locks.LockSupport.park(LockSupport.java:175)&#10;        at java.util.concurrent.locks.AbstractQueuedSynchronizer$ConditionObject.await(AbstractQueuedSynchronizer.java:2039)&#10;        at java.util.concurrent.ArrayBlockingQueue.take(ArrayBlockingQueue.java:403)&#10;        at java.util.concurrent.ThreadPoolExecutor.getTask(ThreadPoolExecutor.java:1074)&#10;        at java.util.concurrent.ThreadPoolExecutor.runWorker(ThreadPoolExecutor.java:1134)&#10;        at java.util.concurrent.ThreadPoolExecutor$Worker.run(ThreadPoolExecutor.java:624)&#10;        at java.lang.Thread.run(Thread.java:748)&#10;&quot;pool-46-thread-5&quot;  prio=5 tid=358 in Object.wait()&#10;java.lang.Thread.State: WAITING (on object monitor)&#10;        at sun.misc.Unsafe.park(Native Method)&#10;        at java.util.concurrent.locks.LockSupport.park(LockSupport.java:175)&#10;        at java.util.concurrent.locks.AbstractQueuedSynchronizer$ConditionObject.await(AbstractQueuedSynchronizer.java:2039)&#10;        at java.util.concurrent.ArrayBlockingQueue.take(ArrayBlockingQueue.java:403)&#10;        at java.util.concurrent.ThreadPoolExecutor.getTask(ThreadPoolExecutor.java:1074)&#10;        at java.util.concurrent.ThreadPoolExecutor.runWorker(ThreadPoolExecutor.java:1134)&#10;        at java.util.concurrent.ThreadPoolExecutor$Worker.run(ThreadPoolExecutor.java:624)&#10;        at java.lang.Thread.run(Thread.java:748)&#10;&quot;pool-26-thread-59&quot;  prio=5 tid=498 in Object.wait()&#10;java.lang.Thread.State: WAITING (on object monitor)&#10;        at sun.misc.Unsafe.park(Native Method)&#10;        at java.util.concurrent.locks.LockSupport.park(LockSupport.java:175)&#10;        at java.util.concurrent.locks.AbstractQueuedSynchronizer$ConditionObject.await(AbstractQueuedSynchronizer.java:2039)&#10;        at java.util.concurrent.ArrayBlockingQueue.take(ArrayBlockingQueue.java:403)&#10;        at java.util.concurrent.ThreadPoolExecutor.getTask(ThreadPoolExecutor.java:1074)&#10;        at java.util.concurrent.ThreadPoolExecutor.runWorker(ThreadPoolExecutor.java:1134)&#10;        at java.util.concurrent.ThreadPoolExecutor$Worker.run(ThreadPoolExecutor.java:624)&#10;        at java.lang.Thread.run(Thread.java:748)&#10;&quot;metrics-hadoop-metrics2-reporter-11-thread-1&quot; daemon prio=5 tid=818 timed_waiting&#10;java.lang.Thread.State: TIMED_WAITING&#10;        at sun.misc.Unsafe.park(Native Method)&#10;        at java.util.concurrent.locks.LockSupport.parkNanos(LockSupport.java:215)&#10;        at java.util.concurrent.locks.AbstractQueuedSynchronizer$ConditionObject.awaitNanos(AbstractQueuedSynchronizer.java:2078)&#10;        at java.util.concurrent.ScheduledThreadPoolExecutor$DelayedWorkQueue.take(ScheduledThreadPoolExecutor.java:1093)&#10;        at java.util.concurrent.ScheduledThreadPoolExecutor$DelayedWorkQueue.take(ScheduledThreadPoolExecutor.java:809)&#10;        at java.util.concurrent.ThreadPoolExecutor.getTask(ThreadPoolExecutor.java:1074)&#10;        at java.util.concurrent.ThreadPoolExecutor.runWorker(ThreadPoolExecutor.java:1134)&#10;        at java.util.concurrent.ThreadPoolExecutor$Worker.run(ThreadPoolExecutor.java:624)&#10;        at java.lang.Thread.run(Thread.java:748)&#10;&quot;pool-47-thread-1&quot;  prio=5 tid=800 in Object.wait()&#10;java.lang.Thread.State: WAITING (on object monitor)&#10;        at sun.misc.Unsafe.park(Native Method)&#10;        at java.util.concurrent.locks.LockSupport.park(LockSupport.java:175)&#10;        at java.util.concurrent.locks.AbstractQueuedSynchronizer$ConditionObject.await(AbstractQueuedSynchronizer.java:2039)&#10;        at java.util.concurrent.LinkedBlockingQueue.take(LinkedBlockingQueue.java:442)&#10;        at java.util.concurrent.ThreadPoolExecutor.getTask(ThreadPoolExecutor.java:1074)&#10;        at java.util.concurrent.ThreadPoolExecutor.runWorker(ThreadPoolExecutor.java:1134)&#10;        at java.util.concurrent.ThreadPoolExecutor$Worker.run(ThreadPoolExecutor.java:624)&#10;        at java.lang.Thread.run(Thread.java:748)&#10;&quot;IPC Server handler 10 on 45589&quot; daemon prio=5 tid=39 timed_waiting&#10;java.lang.Thread.State: TIMED_WAITING&#10;        at sun.misc.Unsafe.park(Native Method)&#10;        at java.util.concurrent.locks.LockSupport.parkNanos(LockSupport.java:215)&#10;        at java.util.concurrent.locks.AbstractQueuedSynchronizer$ConditionObject.awaitNanos(AbstractQueuedSynchronizer.java:2078)&#10;        at java.util.concurrent.LinkedBlockingQueue.poll(LinkedBlockingQueue.java:467)&#10;        at org.apache.hadoop.ipc.CallQueueManager.take(CallQueueManager.java:288)&#10;        at org.apache.hadoop.ipc.Server$Handler.run(Server.java:2668)&#10;&quot;qtp2013613908-241-acceptor-0@1e19d328-ServerConnector@25ad4f71{HTTP/1.1,[http/1.1]}{0.0.0.0:37318}&quot; daemon prio=3 tid=241 runnable&#10;java.lang.Thread.State: RUNNABLE&#10;        at sun.nio.ch.ServerSocketChannelImpl.accept0(Native Method)&#10;        at sun.nio.ch.ServerSocketChannelImpl.accept(ServerSocketChannelImpl.java:422)&#10;        at sun.nio.ch.ServerSocketChannelImpl.accept(ServerSocketChannelImpl.java:250)&#10;        at org.eclipse.jetty.server.ServerConnector.accept(ServerConnector.java:397)&#10;        at org.eclipse.jetty.server.AbstractConnector$Acceptor.run(AbstractConnector.java:601)&#10;        at org.eclipse.jetty.util.thread.QueuedThreadPool.runJob(QueuedThreadPool.java:671)&#10;        at org.eclipse.jetty.util.thread.QueuedThreadPool$2.run(QueuedThreadPool.java:589)&#10;        at java.lang.Thread.run(Thread.java:748)&#10;&quot;pool-26-thread-36&quot;  prio=5 tid=433 in Object.wait()&#10;java.lang.Thread.State: WAITING (on object monitor)&#10;        at sun.misc.Unsafe.park(Native Method)&#10;        at java.util.concurrent.locks.LockSupport.park(LockSupport.java:175)&#10;        at java.util.concurrent.locks.AbstractQueuedSynchronizer$ConditionObject.await(AbstractQueuedSynchronizer.java:2039)&#10;        at java.util.concurrent.ArrayBlockingQueue.take(ArrayBlockingQueue.java:403)&#10;        at java.util.concurrent.ThreadPoolExecutor.getTask(ThreadPoolExecutor.java:1074)&#10;        at java.util.concurrent.ThreadPoolExecutor.runWorker(ThreadPoolExecutor.java:1134)&#10;        at java.util.concurrent.ThreadPoolExecutor$Worker.run(ThreadPoolExecutor.java:624)&#10;        at java.lang.Thread.run(Thread.java:748)&#10;&quot;pool-46-thread-42&quot;  prio=5 tid=476 in Object.wait()&#10;java.lang.Thread.State: WAITING (on object monitor)&#10;        at sun.misc.Unsafe.park(Native Method)&#10;        at java.util.concurrent.locks.LockSupport.park(LockSupport.java:175)&#10;        at java.util.concurrent.locks.AbstractQueuedSynchronizer$ConditionObject.await(AbstractQueuedSynchronizer.java:2039)&#10;        at java.util.concurrent.ArrayBlockingQueue.take(ArrayBlockingQueue.java:403)&#10;        at java.util.concurrent.ThreadPoolExecutor.getTask(ThreadPoolExecutor.java:1074)&#10;        at java.util.concurrent.ThreadPoolExecutor.runWorker(ThreadPoolExecutor.java:1134)&#10;        at java.util.concurrent.ThreadPoolExecutor$Worker.run(ThreadPoolExecutor.java:624)&#10;        at java.lang.Thread.run(Thread.java:748)&#10;&quot;f7ab671b-901b-4a48-a9a9-f6c73ab18394@group-F967029850D4-SegmentedRaftLogWorker&quot;  prio=5 tid=829 timed_waiting&#10;java.lang.Thread.State: TIMED_WAITING&#10;        at sun.misc.Unsafe.park(Native Method)&#10;        at java.util.concurrent.locks.LockSupport.parkNanos(LockSupport.java:215)&#10;        at java.util.concurrent.locks.AbstractQueuedSynchronizer$ConditionObject.awaitNanos(AbstractQueuedSynchronizer.java:2078)&#10;        at org.apache.ratis.util.DataBlockingQueue.poll(DataBlockingQueue.java:137)&#10;        at org.apache.ratis.server.raftlog.segmented.SegmentedRaftLogWorker.run(SegmentedRaftLogWorker.java:282)&#10;        at java.lang.Thread.run(Thread.java:748)&#10;&quot;pool-76-thread-26&quot;  prio=5 tid=677 in Object.wait()&#10;java.lang.Thread.State: WAITING (on object monitor)&#10;        at sun.misc.Unsafe.park(Native Method)&#10;        at java.util.concurrent.locks.LockSupport.park(LockSupport.java:175)&#10;        at java.util.concurrent.locks.AbstractQueuedSynchronizer$ConditionObject.await(AbstractQueuedSynchronizer.java:2039)&#10;        at java.util.concurrent.ArrayBlockingQueue.take(ArrayBlockingQueue.java:403)&#10;        at java.util.concurrent.ThreadPoolExecutor.getTask(ThreadPoolExecutor.java:1074)&#10;        at java.util.concurrent.ThreadPoolExecutor.runWorker(ThreadPoolExecutor.java:1134)&#10;        at java.util.concurrent.ThreadPoolExecutor$Worker.run(ThreadPoolExecutor.java:624)&#10;        at java.lang.Thread.run(Thread.java:748)&#10;&quot;pool-26-thread-3&quot;  prio=5 tid=349 in Object.wait()&#10;java.lang.Thread.State: WAITING (on object monitor)&#10;        at sun.misc.Unsafe.park(Native Method)&#10;        at java.util.concurrent.locks.LockSupport.park(LockSupport.java:175)&#10;        at java.util.concurrent.locks.AbstractQueuedSynchronizer$ConditionObject.await(AbstractQueuedSynchronizer.java:2039)&#10;        at java.util.concurrent.ArrayBlockingQueue.take(ArrayBlockingQueue.java:403)&#10;        at java.util.concurrent.ThreadPoolExecutor.getTask(ThreadPoolExecutor.java:1074)&#10;        at java.util.concurrent.ThreadPoolExecutor.runWorker(ThreadPoolExecutor.java:1134)&#10;        at java.util.concurrent.ThreadPoolExecutor$Worker.run(ThreadPoolExecutor.java:624)&#10;        at java.lang.Thread.run(Thread.java:748)&#10;&quot;qtp64989209-301&quot; daemon prio=5 tid=301 timed_waiting&#10;java.lang.Thread.State: TIMED_WAITING&#10;        at sun.misc.Unsafe.park(Native Method)&#10;        at java.util.concurrent.locks.LockSupport.parkNanos(LockSupport.java:215)&#10;        at java.util.concurrent.locks.AbstractQueuedSynchronizer$ConditionObject.awaitNanos(AbstractQueuedSynchronizer.java:2078)&#10;        at org.eclipse.jetty.util.BlockingArrayQueue.poll(BlockingArrayQueue.java:392)&#10;        at org.eclipse.jetty.util.thread.QueuedThreadPool.idleJobPoll(QueuedThreadPool.java:563)&#10;        at org.eclipse.jetty.util.thread.QueuedThreadPool.access$800(QueuedThreadPool.java:48)&#10;        at org.eclipse.jetty.util.thread.QueuedThreadPool$2.run(QueuedThreadPool.java:626)&#10;        at java.lang.Thread.run(Thread.java:748)&#10;&quot;pool-86-thread-19&quot;  prio=5 tid=732 in Object.wait()&#10;java.lang.Thread.State: WAITING (on object monitor)&#10;        at sun.misc.Unsafe.park(Native Method)&#10;        at java.util.concurrent.locks.LockSupport.park(LockSupport.java:175)&#10;        at java.util.concurrent.locks.AbstractQueuedSynchronizer$ConditionObject.await(AbstractQueuedSynchronizer.java:2039)&#10;        at java.util.concurrent.ArrayBlockingQueue.take(ArrayBlockingQueue.java:403)&#10;        at java.util.concurrent.ThreadPoolExecutor.getTask(ThreadPoolExecutor.java:1074)&#10;        at java.util.concurrent.ThreadPoolExecutor.runWorker(ThreadPoolExecutor.java:1134)&#10;        at java.util.concurrent.ThreadPoolExecutor$Worker.run(ThreadPoolExecutor.java:624)&#10;        at java.lang.Thread.run(Thread.java:748)&#10;&quot;pool-56-thread-42&quot;  prio=5 tid=562 in Object.wait()&#10;java.lang.Thread.State: WAITING (on object monitor)&#10;        at sun.misc.Unsafe.park(Native Method)&#10;        at java.util.concurrent.locks.LockSupport.park(LockSupport.java:175)&#10;        at java.util.concurrent.locks.AbstractQueuedSynchronizer$ConditionObject.await(AbstractQueuedSynchronizer.java:2039)&#10;        at java.util.concurrent.ArrayBlockingQueue.take(ArrayBlockingQueue.java:403)&#10;        at java.util.concurrent.ThreadPoolExecutor.getTask(ThreadPoolExecutor.java:1074)&#10;        at java.util.concurrent.ThreadPoolExecutor.runWorker(ThreadPoolExecutor.java:1134)&#10;        at java.util.concurrent.ThreadPoolExecutor$Worker.run(ThreadPoolExecutor.java:624)&#10;        at java.lang.Thread.run(Thread.java:748)&#10;&quot;pool-56-thread-18&quot;  prio=5 tid=538 in Object.wait()&#10;java.lang.Thread.State: WAITING (on object monitor)&#10;        at sun.misc.Unsafe.park(Native Method)&#10;        at java.util.concurrent.locks.LockSupport.park(LockSupport.java:175)&#10;        at java.util.concurrent.locks.AbstractQueuedSynchronizer$ConditionObject.await(AbstractQueuedSynchronizer.java:2039)&#10;        at java.util.concurrent.ArrayBlockingQueue.take(ArrayBlockingQueue.java:403)&#10;        at java.util.concurrent.ThreadPoolExecutor.getTask(ThreadPoolExecutor.java:1074)&#10;        at java.util.concurrent.ThreadPoolExecutor.runWorker(ThreadPoolExecutor.java:1134)&#10;        at java.util.concurrent.ThreadPoolExecutor$Worker.run(ThreadPoolExecutor.java:624)&#10;        at java.lang.Thread.run(Thread.java:748)&#10;&quot;pool-66-thread-18&quot;  prio=5 tid=598 in Object.wait()&#10;java.lang.Thread.State: WAITING (on object monitor)&#10;        at sun.misc.Unsafe.park(Native Method)&#10;        at java.util.concurrent.locks.LockSupport.park(LockSupport.java:175)&#10;        at java.util.concurrent.locks.AbstractQueuedSynchronizer$ConditionObject.await(AbstractQueuedSynchronizer.java:2039)&#10;        at java.util.concurrent.ArrayBlockingQueue.take(ArrayBlockingQueue.java:403)&#10;        at java.util.concurrent.ThreadPoolExecutor.getTask(ThreadPoolExecutor.java:1074)&#10;        at java.util.concurrent.ThreadPoolExecutor.runWorker(ThreadPoolExecutor.java:1134)&#10;        at java.util.concurrent.ThreadPoolExecutor$Worker.run(ThreadPoolExecutor.java:624)&#10;        at java.lang.Thread.run(Thread.java:748)&#10;&quot;pool-86-thread-7&quot;  prio=5 tid=720 in Object.wait()&#10;java.lang.Thread.State: WAITING (on object monitor)&#10;        at sun.misc.Unsafe.park(Native Method)&#10;        at java.util.concurrent.locks.LockSupport.park(LockSupport.java:175)&#10;        at java.util.concurrent.locks.AbstractQueuedSynchronizer$ConditionObject.await(AbstractQueuedSynchronizer.java:2039)&#10;        at java.util.concurrent.ArrayBlockingQueue.take(ArrayBlockingQueue.java:403)&#10;        at java.util.concurrent.ThreadPoolExecutor.getTask(ThreadPoolExecutor.java:1074)&#10;        at java.util.concurrent.ThreadPoolExecutor.runWorker(ThreadPoolExecutor.java:1134)&#10;        at java.util.concurrent.ThreadPoolExecutor$Worker.run(ThreadPoolExecutor.java:624)&#10;        at java.lang.Thread.run(Thread.java:748)&#10;&quot;pool-36-thread-5&quot;  prio=5 tid=352 in Object.wait()&#10;java.lang.Thread.State: WAITING (on object monitor)&#10;        at sun.misc.Unsafe.park(Native Method)&#10;        at java.util.concurrent.locks.LockSupport.park(LockSupport.java:175)&#10;        at java.util.concurrent.locks.AbstractQueuedSynchronizer$ConditionObject.await(AbstractQueuedSynchronizer.java:2039)&#10;        at java.util.concurrent.ArrayBlockingQueue.take(ArrayBlockingQueue.java:403)&#10;        at java.util.concurrent.ThreadPoolExecutor.getTask(ThreadPoolExecutor.java:1074)&#10;        at java.util.concurrent.ThreadPoolExecutor.runWorker(ThreadPoolExecutor.java:1134)&#10;        at java.util.concurrent.ThreadPoolExecutor$Worker.run(ThreadPoolExecutor.java:624)&#10;        at java.lang.Thread.run(Thread.java:748)&#10;&quot;main&quot;  prio=5 tid=1 runnable&#10;java.lang.Thread.State: RUNNABLE&#10;        at java.lang.Thread.dumpThreads(Native Method)&#10;        at java.lang.Thread.getAllStackTraces(Thread.java:1610)&#10;        at org.apache.hadoop.test.TimedOutTestsListener.buildThreadDump(TimedOutTestsListener.java:87)&#10;        at org.apache.hadoop.test.TimedOutTestsListener.buildThreadDiagnosticString(TimedOutTestsListener.java:73)&#10;        at org.apache.hadoop.test.GenericTestUtils.waitFor(GenericTestUtils.java:389)&#10;        at org.apache.hadoop.ozone.MiniOzoneClusterImpl.waitForClusterToBeReady(MiniOzoneClusterImpl.java:149)&#10;        at org.apache.hadoop.ozone.client.rpc.TestBlockOutputStream.init(TestBlockOutputStream.java:93)&#10;        at sun.reflect.NativeMethodAccessorImpl.invoke0(Native Method)&#10;        at sun.reflect.NativeMethodAccessorImpl.invoke(NativeMethodAccessorImpl.java:62)&#10;        at sun.reflect.DelegatingMethodAccessorImpl.invoke(DelegatingMethodAccessorImpl.java:43)&#10;        at java.lang.reflect.Method.invoke(Method.java:498)&#10;        at org.junit.runners.model.FrameworkMethod$1.runReflectiveCall(FrameworkMethod.java:47)&#10;        at org.junit.internal.runners.model.ReflectiveCallable.run(ReflectiveCallable.java:12)&#10;        at org.junit.runners.model.FrameworkMethod.invokeExplosively(FrameworkMethod.java:44)&#10;        at org.junit.internal.runners.statements.RunBefores.evaluate(RunBefores.java:24)&#10;        at org.junit.internal.runners.statements.RunAfters.evaluate(RunAfters.java:27)&#10;        at org.junit.runners.ParentRunner.run(ParentRunner.java:309)&#10;        at org.apache.maven.surefire.junit4.JUnit4Provider.execute(JUnit4Provider.java:365)&#10;        at org.apache.maven.surefire.junit4.JUnit4Provider.executeWithRerun(JUnit4Provider.java:273)&#10;        at org.apache.maven.surefire.junit4.JUnit4Provider.executeTestSet(JUnit4Provider.java:238)&#10;        at org.apache.maven.surefire.junit4.JUnit4Provider.invoke(JUnit4Provider.java:159)&#10;        at org.apache.maven.surefire.booter.ForkedBooter.invokeProviderInSameClassLoader(ForkedBooter.java:384)&#10;        at org.apache.maven.surefire.booter.ForkedBooter.runSuitesInProcess(ForkedBooter.java:345)&#10;        at org.apache.maven.surefire.booter.ForkedBooter.execute(ForkedBooter.java:126)&#10;        at org.apache.maven.surefire.booter.ForkedBooter.main(ForkedBooter.java:418)&#10;&quot;IPC Server handler 12 on 44783&quot; daemon prio=5 tid=127 timed_waiting&#10;java.lang.Thread.State: TIMED_WAITING&#10;        at sun.misc.Unsafe.park(Native Method)&#10;        at java.util.concurrent.locks.LockSupport.parkNanos(LockSupport.java:215)&#10;        at java.util.concurrent.locks.AbstractQueuedSynchronizer$ConditionObject.awaitNanos(AbstractQueuedSynchronizer.java:2078)&#10;        at java.util.concurrent.LinkedBlockingQueue.poll(LinkedBlockingQueue.java:467)&#10;        at org.apache.hadoop.ipc.CallQueueManager.take(CallQueueManager.java:288)&#10;        at org.apache.hadoop.ipc.Server$Handler.run(Server.java:2668)&#10;&quot;pool-46-thread-1&quot;  prio=5 tid=341 in Object.wait()&#10;java.lang.Thread.State: WAITING (on object monitor)&#10;        at sun.misc.Unsafe.park(Native Method)&#10;        at java.util.concurrent.locks.LockSupport.park(LockSupport.java:175)&#10;        at java.util.concurrent.locks.AbstractQueuedSynchronizer$ConditionObject.await(AbstractQueuedSynchronizer.java:2039)&#10;        at java.util.concurrent.ArrayBlockingQueue.take(ArrayBlockingQueue.java:403)&#10;        at java.util.concurrent.ThreadPoolExecutor.getTask(ThreadPoolExecutor.java:1074)&#10;        at java.util.concurrent.ThreadPoolExecutor.runWorker(ThreadPoolExecutor.java:1134)&#10;        at java.util.concurrent.ThreadPoolExecutor$Worker.run(ThreadPoolExecutor.java:624)&#10;        at java.lang.Thread.run(Thread.java:748)&#10;&quot;qtp2013613908-247&quot; daemon prio=5 tid=247 timed_waiting&#10;java.lang.Thread.State: TIMED_WAITING&#10;        at sun.misc.Unsafe.park(Native Method)&#10;        at java.util.concurrent.locks.LockSupport.parkNanos(LockSupport.java:215)&#10;        at java.util.concurrent.locks.AbstractQueuedSynchronizer$ConditionObject.awaitNanos(AbstractQueuedSynchronizer.java:2078)&#10;        at org.eclipse.jetty.util.BlockingArrayQueue.poll(BlockingArrayQueue.java:392)&#10;        at org.eclipse.jetty.util.thread.QueuedThreadPool.idleJobPoll(QueuedThreadPool.java:563)&#10;        at org.eclipse.jetty.util.thread.QueuedThreadPool.access$800(QueuedThreadPool.java:48)&#10;        at org.eclipse.jetty.util.thread.QueuedThreadPool$2.run(QueuedThreadPool.java:626)&#10;        at java.lang.Thread.run(Thread.java:748)&#10;&quot;pool-86-thread-44&quot;  prio=5 tid=757 in Object.wait()&#10;java.lang.Thread.State: WAITING (on object monitor)&#10;        at sun.misc.Unsafe.park(Native Method)&#10;        at java.util.concurrent.locks.LockSupport.park(LockSupport.java:175)&#10;        at java.util.concurrent.locks.AbstractQueuedSynchronizer$ConditionObject.await(AbstractQueuedSynchronizer.java:2039)&#10;        at java.util.concurrent.ArrayBlockingQueue.take(ArrayBlockingQueue.java:403)&#10;        at java.util.concurrent.ThreadPoolExecutor.getTask(ThreadPoolExecutor.java:1074)&#10;        at java.util.concurrent.ThreadPoolExecutor.runWorker(ThreadPoolExecutor.java:1134)&#10;        at java.util.concurrent.ThreadPoolExecutor$Worker.run(ThreadPoolExecutor.java:624)&#10;        at java.lang.Thread.run(Thread.java:748)&#10;&quot;pool-76-thread-51&quot;  prio=5 tid=702 in Object.wait()&#10;java.lang.Thread.State: WAITING (on object monitor)&#10;        at sun.misc.Unsafe.park(Native Method)&#10;        at java.util.concurrent.locks.LockSupport.park(LockSupport.java:175)&#10;        at java.util.concurrent.locks.AbstractQueuedSynchronizer$ConditionObject.await(AbstractQueuedSynchronizer.java:2039)&#10;        at java.util.concurrent.ArrayBlockingQueue.take(ArrayBlockingQueue.java:403)&#10;        at java.util.concurrent.ThreadPoolExecutor.getTask(ThreadPoolExecutor.java:1074)&#10;        at java.util.concurrent.ThreadPoolExecutor.runWorker(ThreadPoolExecutor.java:1134)&#10;        at java.util.concurrent.ThreadPoolExecutor$Worker.run(ThreadPoolExecutor.java:624)&#10;        at java.lang.Thread.run(Thread.java:748)&#10;&quot;pool-56-thread-57&quot;  prio=5 tid=577 in Object.wait()&#10;java.lang.Thread.State: WAITING (on object monitor)&#10;        at sun.misc.Unsafe.park(Native Method)&#10;        at java.util.concurrent.locks.LockSupport.park(LockSupport.java:175)&#10;        at java.util.concurrent.locks.AbstractQueuedSynchronizer$ConditionObject.await(AbstractQueuedSynchronizer.java:2039)&#10;        at java.util.concurrent.ArrayBlockingQueue.take(ArrayBlockingQueue.java:403)&#10;        at java.util.concurrent.ThreadPoolExecutor.getTask(ThreadPoolExecutor.java:1074)&#10;        at java.util.concurrent.ThreadPoolExecutor.runWorker(ThreadPoolExecutor.java:1134)&#10;        at java.util.concurrent.ThreadPoolExecutor$Worker.run(ThreadPoolExecutor.java:624)&#10;        at java.lang.Thread.run(Thread.java:748)&#10;&quot;pool-86-thread-56&quot;  prio=5 tid=769 in Object.wait()&#10;java.lang.Thread.State: WAITING (on object monitor)&#10;        at sun.misc.Unsafe.park(Native Method)&#10;        at java.util.concurrent.locks.LockSupport.park(LockSupport.java:175)&#10;        at java.util.concurrent.locks.AbstractQueuedSynchronizer$ConditionObject.await(AbstractQueuedSynchronizer.java:2039)&#10;        at java.util.concurrent.ArrayBlockingQueue.take(ArrayBlockingQueue.java:403)&#10;        at java.util.concurrent.ThreadPoolExecutor.getTask(ThreadPoolExecutor.java:1074)&#10;        at java.util.concurrent.ThreadPoolExecutor.runWorker(ThreadPoolExecutor.java:1134)&#10;        at java.util.concurrent.ThreadPoolExecutor$Worker.run(ThreadPoolExecutor.java:624)&#10;        at java.lang.Thread.run(Thread.java:748)&#10;&quot;Socket Reader #1 for port 44783&quot;  prio=5 tid=108 runnable&#10;java.lang.Thread.State: RUNNABLE&#10;        at sun.nio.ch.EPollArrayWrapper.epollWait(Native Method)&#10;        at sun.nio.ch.EPollArrayWrapper.poll(EPollArrayWrapper.java:269)&#10;        at sun.nio.ch.EPollSelectorImpl.doSelect(EPollSelectorImpl.java:93)&#10;        at sun.nio.ch.SelectorImpl.lockAndDoSelect(SelectorImpl.java:86)&#10;        at sun.nio.ch.SelectorImpl.select(SelectorImpl.java:97)&#10;        at sun.nio.ch.SelectorImpl.select(SelectorImpl.java:101)&#10;        at org.apache.hadoop.ipc.Server$Listener$Reader.doRunLoop(Server.java:1097)&#10;        at org.apache.hadoop.ipc.Server$Listener$Reader.run(Server.java:1076)&#10;&quot;qtp1187146208-216&quot; daemon prio=5 tid=216 timed_waiting&#10;java.lang.Thread.State: TIMED_WAITING&#10;        at sun.misc.Unsafe.park(Native Method)&#10;        at java.util.concurrent.locks.LockSupport.parkNanos(LockSupport.java:215)&#10;        at java.util.concurrent.locks.AbstractQueuedSynchronizer$ConditionObject.awaitNanos(AbstractQueuedSynchronizer.java:2078)&#10;        at org.eclipse.jetty.util.BlockingArrayQueue.poll(BlockingArrayQueue.java:392)&#10;        at org.eclipse.jetty.util.thread.QueuedThreadPool.idleJobPoll(QueuedThreadPool.java:563)&#10;        at org.eclipse.jetty.util.thread.QueuedThreadPool.access$800(QueuedThreadPool.java:48)&#10;        at org.eclipse.jetty.util.thread.QueuedThreadPool$2.run(QueuedThreadPool.java:626)&#10;        at java.lang.Thread.run(Thread.java:748)&#10;&quot;pool-76-thread-32&quot;  prio=5 tid=683 in Object.wait()&#10;java.lang.Thread.State: WAITING (on object monitor)&#10;        at sun.misc.Unsafe.park(Native Method)&#10;        at java.util.concurrent.locks.LockSupport.park(LockSupport.java:175)&#10;        at java.util.concurrent.locks.AbstractQueuedSynchronizer$ConditionObject.await(AbstractQueuedSynchronizer.java:2039)&#10;        at java.util.concurrent.ArrayBlockingQueue.take(ArrayBlockingQueue.java:403)&#10;        at java.util.concurrent.ThreadPoolExecutor.getTask(ThreadPoolExecutor.java:1074)&#10;        at java.util.concurrent.ThreadPoolExecutor.runWorker(ThreadPoolExecutor.java:1134)&#10;        at java.util.concurrent.ThreadPoolExecutor$Worker.run(ThreadPoolExecutor.java:624)&#10;        at java.lang.Thread.run(Thread.java:748)&#10;&quot;org.eclipse.jetty.server.session.HashSessionManager@48528634Timer&quot; daemon prio=5 tid=194 timed_waiting&#10;java.lang.Thread.State: TIMED_WAITING&#10;        at sun.misc.Unsafe.park(Native Method)&#10;        at java.util.concurrent.locks.LockSupport.parkNanos(LockSupport.java:215)&#10;        at java.util.concurrent.locks.AbstractQueuedSynchronizer$ConditionObject.awaitNanos(AbstractQueuedSynchronizer.java:2078)&#10;        at java.util.concurrent.ScheduledThreadPoolExecutor$DelayedWorkQueue.take(ScheduledThreadPoolExecutor.java:1093)&#10;        at java.util.concurrent.ScheduledThreadPoolExecutor$DelayedWorkQueue.take(ScheduledThreadPoolExecutor.java:809)&#10;        at java.util.concurrent.ThreadPoolExecutor.getTask(ThreadPoolExecutor.java:1074)&#10;        at java.util.concurrent.ThreadPoolExecutor.runWorker(ThreadPoolExecutor.java:1134)&#10;        at java.util.concurrent.ThreadPoolExecutor$Worker.run(ThreadPoolExecutor.java:624)&#10;        at java.lang.Thread.run(Thread.java:748)&#10;&quot;IPC Client (2078239671) connection to /0.0.0.0:36674 from jenkins1000&quot; daemon prio=5 tid=340 timed_waiting&#10;java.lang.Thread.State: TIMED_WAITING&#10;        at java.lang.Object.wait(Native Method)&#10;        at org.apache.hadoop.ipc.Client$Connection.waitForWork(Client.java:1024)&#10;        at org.apache.hadoop.ipc.Client$Connection.run(Client.java:1068)&#10;&quot;Datanode State Machine Thread - 0&quot; daemon prio=5 tid=332 timed_waiting&#10;java.lang.Thread.State: TIMED_WAITING&#10;        at java.lang.Thread.sleep(Native Method)&#10;        at org.apache.hadoop.ozone.container.common.statemachine.DatanodeStateMachine.start(DatanodeStateMachine.java:191)&#10;        at org.apache.hadoop.ozone.container.common.statemachine.DatanodeStateMachine.lambda$startDaemon$0(DatanodeStateMachine.java:349)&#10;        at org.apache.hadoop.ozone.container.common.statemachine.DatanodeStateMachine$$Lambda$140/690051320.run(Unknown Source)&#10;        at java.lang.Thread.run(Thread.java:748)&#10;&quot;c52c3de9-0ed1-4f2b-ba1d-f317ceeb0ceb@group-96B726D5AEA2-SegmentedRaftLogWorker&quot;  prio=5 tid=815 timed_waiting&#10;java.lang.Thread.State: TIMED_WAITING&#10;        at sun.misc.Unsafe.park(Native Method)&#10;        at java.util.concurrent.locks.LockSupport.parkNanos(LockSupport.java:215)&#10;        at java.util.concurrent.locks.AbstractQueuedSynchronizer$ConditionObject.awaitNanos(AbstractQueuedSynchronizer.java:2078)&#10;        at org.apache.ratis.util.DataBlockingQueue.poll(DataBlockingQueue.java:137)&#10;        at org.apache.ratis.server.raftlog.segmented.SegmentedRaftLogWorker.run(SegmentedRaftLogWorker.java:282)&#10;        at java.lang.Thread.run(Thread.java:748)&#10;&quot;org.apache.hadoop.util.JvmPauseMonitor$Monitor@44d246f&quot; daemon prio=5 tid=230 timed_waiting&#10;java.lang.Thread.State: TIMED_WAITING&#10;        at java.lang.Thread.sleep(Native Method)&#10;        at org.apache.hadoop.util.JvmPauseMonitor$Monitor.run(JvmPauseMonitor.java:192)&#10;        at java.lang.Thread.run(Thread.java:748)&#10;&quot;pool-56-thread-33&quot;  prio=5 tid=553 in Object.wait()&#10;java.lang.Thread.State: WAITING (on object monitor)&#10;        at sun.misc.Unsafe.park(Native Method)&#10;        at java.util.concurrent.locks.LockSupport.park(LockSupport.java:175)&#10;        at java.util.concurrent.locks.AbstractQueuedSynchronizer$ConditionObject.await(AbstractQueuedSynchronizer.java:2039)&#10;        at java.util.concurrent.ArrayBlockingQueue.take(ArrayBlockingQueue.java:403)&#10;        at java.util.concurrent.ThreadPoolExecutor.getTask(ThreadPoolExecutor.java:1074)&#10;        at java.util.concurrent.ThreadPoolExecutor.runWorker(ThreadPoolExecutor.java:1134)&#10;        at java.util.concurrent.ThreadPoolExecutor$Worker.run(ThreadPoolExecutor.java:624)&#10;        at java.lang.Thread.run(Thread.java:748)&#10;&quot;org.eclipse.jetty.server.session.HashSessionManager@119aa36Timer&quot; daemon prio=5 tid=303 timed_waiting&#10;java.lang.Thread.State: TIMED_WAITING&#10;        at sun.misc.Unsafe.park(Native Method)&#10;        at java.util.concurrent.locks.LockSupport.parkNanos(LockSupport.java:215)&#10;        at java.util.concurrent.locks.AbstractQueuedSynchronizer$ConditionObject.awaitNanos(AbstractQueuedSynchronizer.java:2078)&#10;        at java.util.concurrent.ScheduledThreadPoolExecutor$DelayedWorkQueue.take(ScheduledThreadPoolExecutor.java:1093)&#10;        at java.util.concurrent.ScheduledThreadPoolExecutor$DelayedWorkQueue.take(ScheduledThreadPoolExecutor.java:809)&#10;        at java.util.concurrent.ThreadPoolExecutor.getTask(ThreadPoolExecutor.java:1074)&#10;        at java.util.concurrent.ThreadPoolExecutor.runWorker(ThreadPoolExecutor.java:1134)&#10;        at java.util.concurrent.ThreadPoolExecutor$Worker.run(ThreadPoolExecutor.java:624)&#10;        at java.lang.Thread.run(Thread.java:748)&#10;&quot;pool-86-thread-55&quot;  prio=5 tid=768 in Object.wait()&#10;java.lang.Thread.State: WAITING (on object monitor)&#10;        at sun.misc.Unsafe.park(Native Method)&#10;        at java.util.concurrent.locks.LockSupport.park(LockSupport.java:175)&#10;        at java.util.concurrent.locks.AbstractQueuedSynchronizer$ConditionObject.await(AbstractQueuedSynchronizer.java:2039)&#10;        at java.util.concurrent.ArrayBlockingQueue.take(ArrayBlockingQueue.java:403)&#10;        at java.util.concurrent.ThreadPoolExecutor.getTask(ThreadPoolExecutor.java:1074)&#10;        at java.util.concurrent.ThreadPoolExecutor.runWorker(ThreadPoolExecutor.java:1134)&#10;        at java.util.concurrent.ThreadPoolExecutor$Worker.run(ThreadPoolExecutor.java:624)&#10;        at java.lang.Thread.run(Thread.java:748)&#10;&quot;Datanode ReportManager Thread - 3&quot; daemon prio=5 tid=282 in Object.wait()&#10;java.lang.Thread.State: WAITING (on object monitor)&#10;        at sun.misc.Unsafe.park(Native Method)&#10;        at java.util.concurrent.locks.LockSupport.park(LockSupport.java:175)&#10;        at java.util.concurrent.locks.AbstractQueuedSynchronizer$ConditionObject.await(AbstractQueuedSynchronizer.java:2039)&#10;        at java.util.concurrent.ScheduledThreadPoolExecutor$DelayedWorkQueue.take(ScheduledThreadPoolExecutor.java:1088)&#10;        at java.util.concurrent.ScheduledThreadPoolExecutor$DelayedWorkQueue.take(ScheduledThreadPoolExecutor.java:809)&#10;        at java.util.concurrent.ThreadPoolExecutor.getTask(ThreadPoolExecutor.java:1074)&#10;        at java.util.concurrent.ThreadPoolExecutor.runWorker(ThreadPoolExecutor.java:1134)&#10;        at java.util.concurrent.ThreadPoolExecutor$Worker.run(ThreadPoolExecutor.java:624)&#10;        at java.lang.Thread.run(Thread.java:748)&#10;&quot;IPC Server handler 17 on 36674&quot; daemon prio=5 tid=86 timed_waiting&#10;java.lang.Thread.State: TIMED_WAITING&#10;        at sun.misc.Unsafe.park(Native Method)&#10;        at java.util.concurrent.locks.LockSupport.parkNanos(LockSupport.java:215)&#10;        at java.util.concurrent.locks.AbstractQueuedSynchronizer$ConditionObject.awaitNanos(AbstractQueuedSynchronizer.java:2078)&#10;        at java.util.concurrent.LinkedBlockingQueue.poll(LinkedBlockingQueue.java:467)&#10;        at org.apache.hadoop.ipc.CallQueueManager.take(CallQueueManager.java:288)&#10;        at org.apache.hadoop.ipc.Server$Handler.run(Server.java:2668)&#10;&quot;pool-36-thread-20&quot;  prio=5 tid=401 in Object.wait()&#10;java.lang.Thread.State: WAITING (on object monitor)&#10;        at sun.misc.Unsafe.park(Native Method)&#10;        at java.util.concurrent.locks.LockSupport.park(LockSupport.java:175)&#10;        at java.util.concurrent.locks.AbstractQueuedSynchronizer$ConditionObject.await(AbstractQueuedSynchronizer.java:2039)&#10;        at java.util.concurrent.ArrayBlockingQueue.take(ArrayBlockingQueue.java:403)&#10;        at java.util.concurrent.ThreadPoolExecutor.getTask(ThreadPoolExecutor.java:1074)&#10;        at java.util.concurrent.ThreadPoolExecutor.runWorker(ThreadPoolExecutor.java:1134)&#10;        at java.util.concurrent.ThreadPoolExecutor$Worker.run(ThreadPoolExecutor.java:624)&#10;        at java.lang.Thread.run(Thread.java:748)&#10;&quot;Datanode State Machine Thread - 0&quot; daemon prio=5 tid=204 timed_waiting&#10;java.lang.Thread.State: TIMED_WAITING&#10;        at sun.misc.Unsafe.park(Native Method)&#10;        at java.util.concurrent.locks.LockSupport.parkNanos(LockSupport.java:215)&#10;        at java.util.concurrent.SynchronousQueue$TransferStack.awaitFulfill(SynchronousQueue.java:460)&#10;        at java.util.concurrent.SynchronousQueue$TransferStack.transfer(SynchronousQueue.java:362)&#10;        at java.util.concurrent.SynchronousQueue.poll(SynchronousQueue.java:941)&#10;        at java.util.concurrent.ThreadPoolExecutor.getTask(ThreadPoolExecutor.java:1073)&#10;        at java.util.concurrent.ThreadPoolExecutor.runWorker(ThreadPoolExecutor.java:1134)&#10;        at java.util.concurrent.ThreadPoolExecutor$Worker.run(ThreadPoolExecutor.java:624)&#10;        at java.lang.Thread.run(Thread.java:748)&#10;&quot;Datanode ReportManager Thread - 1&quot; daemon prio=5 tid=253 in Object.wait()&#10;java.lang.Thread.State: WAITING (on object monitor)&#10;        at sun.misc.Unsafe.park(Native Method)&#10;        at java.util.concurrent.locks.LockSupport.park(LockSupport.java:175)&#10;        at java.util.concurrent.locks.AbstractQueuedSynchronizer$ConditionObject.await(AbstractQueuedSynchronizer.java:2039)&#10;        at java.util.concurrent.ScheduledThreadPoolExecutor$DelayedWorkQueue.take(ScheduledThreadPoolExecutor.java:1088)&#10;        at java.util.concurrent.ScheduledThreadPoolExecutor$DelayedWorkQueue.take(ScheduledThreadPoolExecutor.java:809)&#10;        at java.util.concurrent.ThreadPoolExecutor.getTask(ThreadPoolExecutor.java:1074)&#10;        at java.util.concurrent.ThreadPoolExecutor.runWorker(ThreadPoolExecutor.java:1134)&#10;        at java.util.concurrent.ThreadPoolExecutor$Worker.run(ThreadPoolExecutor.java:624)&#10;        at java.lang.Thread.run(Thread.java:748)&#10;&quot;pool-40-thread-1&quot;  prio=5 tid=185 timed_waiting&#10;java.lang.Thread.State: TIMED_WAITING&#10;        at sun.misc.Unsafe.park(Native Method)&#10;        at java.util.concurrent.locks.LockSupport.parkNanos(LockSupport.java:215)&#10;        at java.util.concurrent.locks.AbstractQueuedSynchronizer$ConditionObject.awaitNanos(AbstractQueuedSynchronizer.java:2078)&#10;        at java.util.concurrent.ScheduledThreadPoolExecutor$DelayedWorkQueue.take(ScheduledThreadPoolExecutor.java:1093)&#10;        at java.util.concurrent.ScheduledThreadPoolExecutor$DelayedWorkQueue.take(ScheduledThreadPoolExecutor.java:809)&#10;        at java.util.concurrent.ThreadPoolExecutor.getTask(ThreadPoolExecutor.java:1074)&#10;        at java.util.concurrent.ThreadPoolExecutor.runWorker(ThreadPoolExecutor.java:1134)&#10;        at java.util.concurrent.ThreadPoolExecutor$Worker.run(ThreadPoolExecutor.java:624)&#10;        at java.lang.Thread.run(Thread.java:748)&#10;&quot;pool-76-thread-8&quot;  prio=5 tid=659 in Object.wait()&#10;java.lang.Thread.State: WAITING (on object monitor)&#10;        at sun.misc.Unsafe.park(Native Method)&#10;        at java.util.concurrent.locks.LockSupport.park(LockSupport.java:175)&#10;        at java.util.concurrent.locks.AbstractQueuedSynchronizer$ConditionObject.await(AbstractQueuedSynchronizer.java:2039)&#10;        at java.util.concurrent.ArrayBlockingQueue.take(ArrayBlockingQueue.java:403)&#10;        at java.util.concurrent.ThreadPoolExecutor.getTask(ThreadPoolExecutor.java:1074)&#10;        at java.util.concurrent.ThreadPoolExecutor.runWorker(ThreadPoolExecutor.java:1134)&#10;        at java.util.concurrent.ThreadPoolExecutor$Worker.run(ThreadPoolExecutor.java:624)&#10;        at java.lang.Thread.run(Thread.java:748)&#10;&quot;grpc-default-executor-8&quot; daemon prio=5 tid=964 timed_waiting&#10;java.lang.Thread.State: TIMED_WAITING&#10;        at sun.misc.Unsafe.park(Native Method)&#10;        at java.util.concurrent.locks.LockSupport.parkNanos(LockSupport.java:215)&#10;        at java.util.concurrent.SynchronousQueue$TransferStack.awaitFulfill(SynchronousQueue.java:460)&#10;        at java.util.concurrent.SynchronousQueue$TransferStack.transfer(SynchronousQueue.java:362)&#10;        at java.util.concurrent.SynchronousQueue.poll(SynchronousQueue.java:941)&#10;        at java.util.concurrent.ThreadPoolExecutor.getTask(ThreadPoolExecutor.java:1073)&#10;        at java.util.concurrent.ThreadPoolExecutor.runWorker(ThreadPoolExecutor.java:1134)&#10;        at java.util.concurrent.ThreadPoolExecutor$Worker.run(ThreadPoolExecutor.java:624)&#10;        at java.lang.Thread.run(Thread.java:748)&#10;&quot;BlockDeletingService#1&quot; daemon prio=5 tid=648 in Object.wait()&#10;java.lang.Thread.State: WAITING (on object monitor)&#10;        at sun.misc.Unsafe.park(Native Method)&#10;        at java.util.concurrent.locks.LockSupport.park(LockSupport.java:175)&#10;        at java.util.concurrent.locks.AbstractQueuedSynchronizer$ConditionObject.await(AbstractQueuedSynchronizer.java:2039)&#10;        at java.util.concurrent.ScheduledThreadPoolExecutor$DelayedWorkQueue.take(ScheduledThreadPoolExecutor.java:1088)&#10;        at java.util.concurrent.ScheduledThreadPoolExecutor$DelayedWorkQueue.take(ScheduledThreadPoolExecutor.java:809)&#10;        at java.util.concurrent.ThreadPoolExecutor.getTask(ThreadPoolExecutor.java:1074)&#10;        at java.util.concurrent.ThreadPoolExecutor.runWorker(ThreadPoolExecutor.java:1134)&#10;        at java.util.concurrent.ThreadPoolExecutor$Worker.run(ThreadPoolExecutor.java:624)&#10;        at java.lang.Thread.run(Thread.java:748)&#10;&quot;metrics-hadoop-metrics2-reporter-38-thread-1&quot; daemon prio=5 tid=888 timed_waiting&#10;java.lang.Thread.State: TIMED_WAITING&#10;        at sun.misc.Unsafe.park(Native Method)&#10;        at java.util.concurrent.locks.LockSupport.parkNanos(LockSupport.java:215)&#10;        at java.util.concurrent.locks.AbstractQueuedSynchronizer$ConditionObject.awaitNanos(AbstractQueuedSynchronizer.java:2078)&#10;        at java.util.concurrent.ScheduledThreadPoolExecutor$DelayedWorkQueue.take(ScheduledThreadPoolExecutor.java:1093)&#10;        at java.util.concurrent.ScheduledThreadPoolExecutor$DelayedWorkQueue.take(ScheduledThreadPoolExecutor.java:809)&#10;        at java.util.concurrent.ThreadPoolExecutor.getTask(ThreadPoolExecutor.java:1074)&#10;        at java.util.concurrent.ThreadPoolExecutor.runWorker(ThreadPoolExecutor.java:1134)&#10;        at java.util.concurrent.ThreadPoolExecutor$Worker.run(ThreadPoolExecutor.java:624)&#10;        at java.lang.Thread.run(Thread.java:748)&#10;&quot;pool-76-thread-57&quot;  prio=5 tid=708 in Object.wait()&#10;java.lang.Thread.State: WAITING (on object monitor)&#10;        at sun.misc.Unsafe.park(Native Method)&#10;        at java.util.concurrent.locks.LockSupport.park(LockSupport.java:175)&#10;        at java.util.concurrent.locks.AbstractQueuedSynchronizer$ConditionObject.await(AbstractQueuedSynchronizer.java:2039)&#10;        at java.util.concurrent.ArrayBlockingQueue.take(ArrayBlockingQueue.java:403)&#10;        at java.util.concurrent.ThreadPoolExecutor.getTask(ThreadPoolExecutor.java:1074)&#10;        at java.util.concurrent.ThreadPoolExecutor.runWorker(ThreadPoolExecutor.java:1134)&#10;        at java.util.concurrent.ThreadPoolExecutor$Worker.run(ThreadPoolExecutor.java:624)&#10;        at java.lang.Thread.run(Thread.java:748)&#10;&quot;java.util.concurrent.ThreadPoolExecutor$Worker@2f6e1d90[State = -1, empty queue]&quot; daemon prio=5 tid=1116 timed_waiting&#10;java.lang.Thread.State: TIMED_WAITING&#10;        at sun.misc.Unsafe.park(Native Method)&#10;        at java.util.concurrent.locks.LockSupport.parkNanos(LockSupport.java:215)&#10;        at java.util.concurrent.locks.AbstractQueuedSynchronizer$ConditionObject.awaitNanos(AbstractQueuedSynchronizer.java:2078)&#10;        at java.util.concurrent.ScheduledThreadPoolExecutor$DelayedWorkQueue.take(ScheduledThreadPoolExecutor.java:1093)&#10;        at java.util.concurrent.ScheduledThreadPoolExecutor$DelayedWorkQueue.take(ScheduledThreadPoolExecutor.java:809)&#10;        at java.util.concurrent.ThreadPoolExecutor.getTask(ThreadPoolExecutor.java:1074)&#10;        at java.util.concurrent.ThreadPoolExecutor.runWorker(ThreadPoolExecutor.java:1134)&#10;        at java.util.concurrent.ThreadPoolExecutor$Worker.run(ThreadPoolExecutor.java:624)&#10;        at java.lang.Thread.run(Thread.java:748)&#10;&quot;pool-56-thread-37&quot;  prio=5 tid=557 in Object.wait()&#10;java.lang.Thread.State: WAITING (on object monitor)&#10;        at sun.misc.Unsafe.park(Native Method)&#10;        at java.util.concurrent.locks.LockSupport.park(LockSupport.java:175)&#10;        at java.util.concurrent.locks.AbstractQueuedSynchronizer$ConditionObject.await(AbstractQueuedSynchronizer.java:2039)&#10;        at java.util.concurrent.ArrayBlockingQueue.take(ArrayBlockingQueue.java:403)&#10;        at java.util.concurrent.ThreadPoolExecutor.getTask(ThreadPoolExecutor.java:1074)&#10;        at java.util.concurrent.ThreadPoolExecutor.runWorker(ThreadPoolExecutor.java:1134)&#10;        at java.util.concurrent.ThreadPoolExecutor$Worker.run(ThreadPoolExecutor.java:624)&#10;        at java.lang.Thread.run(Thread.java:748)&#10;&quot;pool-46-thread-36&quot;  prio=5 tid=456 in Object.wait()&#10;java.lang.Thread.State: WAITING (on object monitor)&#10;        at sun.misc.Unsafe.park(Native Method)&#10;        at java.util.concurrent.locks.LockSupport.park(LockSupport.java:175)&#10;        at java.util.concurrent.locks.AbstractQueuedSynchronizer$ConditionObject.await(AbstractQueuedSynchronizer.java:2039)&#10;        at java.util.concurrent.ArrayBlockingQueue.take(ArrayBlockingQueue.java:403)&#10;        at java.util.concurrent.ThreadPoolExecutor.getTask(ThreadPoolExecutor.java:1074)&#10;        at java.util.concurrent.ThreadPoolExecutor.runWorker(ThreadPoolExecutor.java:1134)&#10;        at java.util.concurrent.ThreadPoolExecutor$Worker.run(ThreadPoolExecutor.java:624)&#10;        at java.lang.Thread.run(Thread.java:748)&#10;&quot;qtp1991386317-139&quot; daemon prio=5 tid=139 timed_waiting&#10;java.lang.Thread.State: TIMED_WAITING&#10;        at sun.misc.Unsafe.park(Native Method)&#10;        at java.util.concurrent.locks.LockSupport.parkNanos(LockSupport.java:215)&#10;        at java.util.concurrent.locks.AbstractQueuedSynchronizer$ConditionObject.awaitNanos(AbstractQueuedSynchronizer.java:2078)&#10;        at org.eclipse.jetty.util.BlockingArrayQueue.poll(BlockingArrayQueue.java:392)&#10;        at org.eclipse.jetty.util.thread.QueuedThreadPool.idleJobPoll(QueuedThreadPool.java:563)&#10;        at org.eclipse.jetty.util.thread.QueuedThreadPool.access$800(QueuedThreadPool.java:48)&#10;        at org.eclipse.jetty.util.thread.QueuedThreadPool$2.run(QueuedThreadPool.java:626)&#10;        at java.lang.Thread.run(Thread.java:748)&#10;&quot;IPC Server handler 14 on 45290&quot; daemon prio=5 tid=63 timed_waiting&#10;java.lang.Thread.State: TIMED_WAITING&#10;        at sun.misc.Unsafe.park(Native Method)&#10;        at java.util.concurrent.locks.LockSupport.parkNanos(LockSupport.java:215)&#10;        at java.util.concurrent.locks.AbstractQueuedSynchronizer$ConditionObject.awaitNanos(AbstractQueuedSynchronizer.java:2078)&#10;        at java.util.concurrent.LinkedBlockingQueue.poll(LinkedBlockingQueue.java:467)&#10;        at org.apache.hadoop.ipc.CallQueueManager.take(CallQueueManager.java:288)&#10;        at org.apache.hadoop.ipc.Server$Handler.run(Server.java:2668)&#10;&quot;Command processor thread&quot; daemon prio=5 tid=202 timed_waiting&#10;java.lang.Thread.State: TIMED_WAITING&#10;        at java.lang.Thread.sleep(Native Method)&#10;        at org.apache.hadoop.ozone.container.common.statemachine.DatanodeStateMachine.lambda$initCommandHandlerThread$1(DatanodeStateMachine.java:439)&#10;        at org.apache.hadoop.ozone.container.common.statemachine.DatanodeStateMachine$$Lambda$141/459692644.run(Unknown Source)&#10;        at java.lang.Thread.run(Thread.java:748)&#10;&quot;qtp1991386317-142&quot; daemon prio=5 tid=142 timed_waiting&#10;java.lang.Thread.State: TIMED_WAITING&#10;        at sun.misc.Unsafe.park(Native Method)&#10;        at java.util.concurrent.locks.LockSupport.parkNanos(LockSupport.java:215)&#10;        at java.util.concurrent.locks.AbstractQueuedSynchronizer$ConditionObject.awaitNanos(AbstractQueuedSynchronizer.java:2078)&#10;        at org.eclipse.jetty.util.BlockingArrayQueue.poll(BlockingArrayQueue.java:392)&#10;        at org.eclipse.jetty.util.thread.QueuedThreadPool.idleJobPoll(QueuedThreadPool.java:563)&#10;        at org.eclipse.jetty.util.thread.QueuedThreadPool.access$800(QueuedThreadPool.java:48)&#10;        at org.eclipse.jetty.util.thread.QueuedThreadPool$2.run(QueuedThreadPool.java:626)&#10;        at java.lang.Thread.run(Thread.java:748)&#10;&quot;IPC Server handler 6 on 44783&quot; daemon prio=5 tid=120 timed_waiting&#10;java.lang.Thread.State: TIMED_WAITING&#10;        at sun.misc.Unsafe.park(Native Method)&#10;        at java.util.concurrent.locks.LockSupport.parkNanos(LockSupport.java:215)&#10;        at java.util.concurrent.locks.AbstractQueuedSynchronizer$ConditionObject.awaitNanos(AbstractQueuedSynchronizer.java:2078)&#10;        at java.util.concurrent.LinkedBlockingQueue.poll(LinkedBlockingQueue.java:467)&#10;        at org.apache.hadoop.ipc.CallQueueManager.take(CallQueueManager.java:288)&#10;        at org.apache.hadoop.ipc.Server$Handler.run(Server.java:2668)&#10;&quot;metrics-hadoop-metrics2-reporter-18-thread-1&quot; daemon prio=5 tid=832 timed_waiting&#10;java.lang.Thread.State: TIMED_WAITING&#10;        at sun.misc.Unsafe.park(Native Method)&#10;        at java.util.concurrent.locks.LockSupport.parkNanos(LockSupport.java:215)&#10;        at java.util.concurrent.locks.AbstractQueuedSynchronizer$ConditionObject.awaitNanos(AbstractQueuedSynchronizer.java:2078)&#10;        at java.util.concurrent.ScheduledThreadPoolExecutor$DelayedWorkQueue.take(ScheduledThreadPoolExecutor.java:1093)&#10;        at java.util.concurrent.ScheduledThreadPoolExecutor$DelayedWorkQueue.take(ScheduledThreadPoolExecutor.java:809)&#10;        at java.util.concurrent.ThreadPoolExecutor.getTask(ThreadPoolExecutor.java:1074)&#10;        at java.util.concurrent.ThreadPoolExecutor.runWorker(ThreadPoolExecutor.java:1134)&#10;        at java.util.concurrent.ThreadPoolExecutor$Worker.run(ThreadPoolExecutor.java:624)&#10;        at java.lang.Thread.run(Thread.java:748)&#10;&quot;pool-36-thread-2&quot;  prio=5 tid=345 in Object.wait()&#10;java.lang.Thread.State: WAITING (on object monitor)&#10;        at sun.misc.Unsafe.park(Native Method)&#10;        at java.util.concurrent.locks.LockSupport.park(LockSupport.java:175)&#10;        at java.util.concurrent.locks.AbstractQueuedSynchronizer$ConditionObject.await(AbstractQueuedSynchronizer.java:2039)&#10;        at java.util.concurrent.ArrayBlockingQueue.take(ArrayBlockingQueue.java:403)&#10;        at java.util.concurrent.ThreadPoolExecutor.getTask(ThreadPoolExecutor.java:1074)&#10;        at java.util.concurrent.ThreadPoolExecutor.runWorker(ThreadPoolExecutor.java:1134)&#10;        at java.util.concurrent.ThreadPoolExecutor$Worker.run(ThreadPoolExecutor.java:624)&#10;        at java.lang.Thread.run(Thread.java:748)&#10;&quot;org.apache.hadoop.util.JvmPauseMonitor$Monitor@259d8c82&quot; daemon prio=5 tid=203 timed_waiting&#10;java.lang.Thread.State: TIMED_WAITING&#10;        at java.lang.Thread.sleep(Native Method)&#10;        at org.apache.hadoop.util.JvmPauseMonitor$Monitor.run(JvmPauseMonitor.java:192)&#10;        at java.lang.Thread.run(Thread.java:748)&#10;&quot;metrics-hadoop-metrics2-reporter-73-thread-1&quot; daemon prio=5 tid=1112 timed_waiting&#10;java.lang.Thread.State: TIMED_WAITING&#10;        at sun.misc.Unsafe.park(Native Method)&#10;        at java.util.concurrent.locks.LockSupport.parkNanos(LockSupport.java:215)&#10;        at java.util.concurrent.locks.AbstractQueuedSynchronizer$ConditionObject.awaitNanos(AbstractQueuedSynchronizer.java:2078)&#10;        at java.util.concurrent.ScheduledThreadPoolExecutor$DelayedWorkQueue.take(ScheduledThreadPoolExecutor.java:1093)&#10;        at java.util.concurrent.ScheduledThreadPoolExecutor$DelayedWorkQueue.take(ScheduledThreadPoolExecutor.java:809)&#10;        at java.util.concurrent.ThreadPoolExecutor.getTask(ThreadPoolExecutor.java:1074)&#10;        at java.util.concurrent.ThreadPoolExecutor.runWorker(ThreadPoolExecutor.java:1134)&#10;        at java.util.concurrent.ThreadPoolExecutor$Worker.run(ThreadPoolExecutor.java:624)&#10;        at java.lang.Thread.run(Thread.java:748)&#10;&quot;IPC Server handler 3 on 45589&quot; daemon prio=5 tid=32 timed_waiting&#10;java.lang.Thread.State: TIMED_WAITING&#10;        at sun.misc.Unsafe.park(Native Method)&#10;        at java.util.concurrent.locks.LockSupport.parkNanos(LockSupport.java:215)&#10;        at java.util.concurrent.locks.AbstractQueuedSynchronizer$ConditionObject.awaitNanos(AbstractQueuedSynchronizer.java:2078)&#10;        at java.util.concurrent.LinkedBlockingQueue.poll(LinkedBlockingQueue.java:467)&#10;        at org.apache.hadoop.ipc.CallQueueManager.take(CallQueueManager.java:288)&#10;        at org.apache.hadoop.ipc.Server$Handler.run(Server.java:2668)&#10;&quot;pool-36-thread-54&quot;  prio=5 tid=504 in Object.wait()&#10;java.lang.Thread.State: WAITING (on object monitor)&#10;        at sun.misc.Unsafe.park(Native Method)&#10;        at java.util.concurrent.locks.LockSupport.park(LockSupport.java:175)&#10;        at java.util.concurrent.locks.AbstractQueuedSynchronizer$ConditionObject.await(AbstractQueuedSynchronizer.java:2039)&#10;        at java.util.concurrent.ArrayBlockingQueue.take(ArrayBlockingQueue.java:403)&#10;        at java.util.concurrent.ThreadPoolExecutor.getTask(ThreadPoolExecutor.java:1074)&#10;        at java.util.concurrent.ThreadPoolExecutor.runWorker(ThreadPoolExecutor.java:1134)&#10;        at java.util.concurrent.ThreadPoolExecutor$Worker.run(ThreadPoolExecutor.java:624)&#10;        at java.lang.Thread.run(Thread.java:748)&#10;&quot;pool-26-thread-34&quot;  prio=5 tid=429 in Object.wait()&#10;java.lang.Thread.State: WAITING (on object monitor)&#10;        at sun.misc.Unsafe.park(Native Method)&#10;        at java.util.concurrent.locks.LockSupport.park(LockSupport.java:175)&#10;        at java.util.concurrent.locks.AbstractQueuedSynchronizer$ConditionObject.await(AbstractQueuedSynchronizer.java:2039)&#10;        at java.util.concurrent.ArrayBlockingQueue.take(ArrayBlockingQueue.java:403)&#10;        at java.util.concurrent.ThreadPoolExecutor.getTask(ThreadPoolExecutor.java:1074)&#10;        at java.util.concurrent.ThreadPoolExecutor.runWorker(ThreadPoolExecutor.java:1134)&#10;        at java.util.concurrent.ThreadPoolExecutor$Worker.run(ThreadPoolExecutor.java:624)&#10;        at java.lang.Thread.run(Thread.java:748)&#10;&quot;Socket Reader #1 for port 45589&quot;  prio=5 tid=23 runnable&#10;java.lang.Thread.State: RUNNABLE&#10;        at sun.nio.ch.EPollArrayWrapper.epollWait(Native Method)&#10;        at sun.nio.ch.EPollArrayWrapper.poll(EPollArrayWrapper.java:269)&#10;        at sun.nio.ch.EPollSelectorImpl.doSelect(EPollSelectorImpl.java:93)&#10;        at sun.nio.ch.SelectorImpl.lockAndDoSelect(SelectorImpl.java:86)&#10;        at sun.nio.ch.SelectorImpl.select(SelectorImpl.java:97)&#10;        at sun.nio.ch.SelectorImpl.select(SelectorImpl.java:101)&#10;        at org.apache.hadoop.ipc.Server$Listener$Reader.doRunLoop(Server.java:1097)&#10;        at org.apache.hadoop.ipc.Server$Listener$Reader.run(Server.java:1076)&#10;&quot;metrics-hadoop-metrics2-reporter-45-thread-1&quot; daemon prio=5 tid=918 timed_waiting&#10;java.lang.Thread.State: TIMED_WAITING&#10;        at sun.misc.Unsafe.park(Native Method)&#10;        at java.util.concurrent.locks.LockSupport.parkNanos(LockSupport.java:215)&#10;        at java.util.concurrent.locks.AbstractQueuedSynchronizer$ConditionObject.awaitNanos(AbstractQueuedSynchronizer.java:2078)&#10;        at java.util.concurrent.ScheduledThreadPoolExecutor$DelayedWorkQueue.take(ScheduledThreadPoolExecutor.java:1093)&#10;        at java.util.concurrent.ScheduledThreadPoolExecutor$DelayedWorkQueue.take(ScheduledThreadPoolExecutor.java:809)&#10;        at java.util.concurrent.ThreadPoolExecutor.getTask(ThreadPoolExecutor.java:1074)&#10;        at java.util.concurrent.ThreadPoolExecutor.runWorker(ThreadPoolExecutor.java:1134)&#10;        at java.util.concurrent.ThreadPoolExecutor$Worker.run(ThreadPoolExecutor.java:624)&#10;        at java.lang.Thread.run(Thread.java:748)&#10;&quot;metrics-hadoop-metrics2-reporter-14-thread-1&quot; daemon prio=5 tid=822 timed_waiting&#10;java.lang.Thread.State: TIMED_WAITING&#10;        at sun.misc.Unsafe.park(Native Method)&#10;        at java.util.concurrent.locks.LockSupport.parkNanos(LockSupport.java:215)&#10;        at java.util.concurrent.locks.AbstractQueuedSynchronizer$ConditionObject.awaitNanos(AbstractQueuedSynchronizer.java:2078)&#10;        at java.util.concurrent.ScheduledThreadPoolExecutor$DelayedWorkQueue.take(ScheduledThreadPoolExecutor.java:1093)&#10;        at java.util.concurrent.ScheduledThreadPoolExecutor$DelayedWorkQueue.take(ScheduledThreadPoolExecutor.java:809)&#10;        at java.util.concurrent.ThreadPoolExecutor.getTask(ThreadPoolExecutor.java:1074)&#10;        at java.util.concurrent.ThreadPoolExecutor.runWorker(ThreadPoolExecutor.java:1134)&#10;        at java.util.concurrent.ThreadPoolExecutor$Worker.run(ThreadPoolExecutor.java:624)&#10;        at java.lang.Thread.run(Thread.java:748)&#10;&#10;" type="java.util.concurrent.TimeoutException">java.util.concurrent.TimeoutException: 
Timed out waiting for condition. Thread diagnostics:
Timestamp: 2019-10-18 07:14:45,487

"f7ab671b-901b-4a48-a9a9-f6c73ab18394@group-AFD3E3A39739-SegmentedRaftLogWorker"  prio=5 tid=1051 timed_waiting
java.lang.Thread.State: TIMED_WAITING
        at sun.misc.Unsafe.park(Native Method)
        at java.util.concurrent.locks.LockSupport.parkNanos(LockSupport.java:215)
        at java.util.concurrent.locks.AbstractQueuedSynchronizer$ConditionObject.awaitNanos(AbstractQueuedSynchronizer.java:2078)
        at org.apache.ratis.util.DataBlockingQueue.poll(DataBlockingQueue.java:137)
        at org.apache.ratis.server.raftlog.segmented.SegmentedRaftLogWorker.run(SegmentedRaftLogWorker.java:282)
        at java.lang.Thread.run(Thread.java:748)
"pool-56-thread-35"  prio=5 tid=555 in Object.wait()
java.lang.Thread.State: WAITING (on object monitor)
        at sun.misc.Unsafe.park(Native Method)
        at java.util.concurrent.locks.LockSupport.park(LockSupport.java:175)
        at java.util.concurrent.locks.AbstractQueuedSynchronizer$ConditionObject.await(AbstractQueuedSynchronizer.java:2039)
        at java.util.concurrent.ArrayBlockingQueue.take(ArrayBlockingQueue.java:403)
        at java.util.concurrent.ThreadPoolExecutor.getTask(ThreadPoolExecutor.java:1074)
        at java.util.concurrent.ThreadPoolExecutor.runWorker(ThreadPoolExecutor.java:1134)
        at java.util.concurrent.ThreadPoolExecutor$Worker.run(ThreadPoolExecutor.java:624)
        at java.lang.Thread.run(Thread.java:748)
"pool-36-thread-57"  prio=5 tid=507 in Object.wait()
java.lang.Thread.State: WAITING (on object monitor)
        at sun.misc.Unsafe.park(Native Method)
        at java.util.concurrent.locks.LockSupport.park(LockSupport.java:175)
        at java.util.concurrent.locks.AbstractQueuedSynchronizer$ConditionObject.await(AbstractQueuedSynchronizer.java:2039)
        at java.util.concurrent.ArrayBlockingQueue.take(ArrayBlockingQueue.java:403)
        at java.util.concurrent.ThreadPoolExecutor.getTask(ThreadPoolExecutor.java:1074)
        at java.util.concurrent.ThreadPoolExecutor.runWorker(ThreadPoolExecutor.java:1134)
        at java.util.concurrent.ThreadPoolExecutor$Worker.run(ThreadPoolExecutor.java:624)
        at java.lang.Thread.run(Thread.java:748)
"IPC Server handler 9 on 44783" daemon prio=5 tid=124 timed_waiting
java.lang.Thread.State: TIMED_WAITING
        at sun.misc.Unsafe.park(Native Method)
        at java.util.concurrent.locks.LockSupport.parkNanos(LockSupport.java:215)
        at java.util.concurrent.locks.AbstractQueuedSynchronizer$ConditionObject.awaitNanos(AbstractQueuedSynchronizer.java:2078)
        at java.util.concurrent.LinkedBlockingQueue.poll(LinkedBlockingQueue.java:467)
        at org.apache.hadoop.ipc.CallQueueManager.take(CallQueueManager.java:288)
        at org.apache.hadoop.ipc.Server$Handler.run(Server.java:2668)
"pool-26-thread-23"  prio=5 tid=403 in Object.wait()
java.lang.Thread.State: WAITING (on object monitor)
        at sun.misc.Unsafe.park(Native Method)
        at java.util.concurrent.locks.LockSupport.park(LockSupport.java:175)
        at java.util.concurrent.locks.AbstractQueuedSynchronizer$ConditionObject.await(AbstractQueuedSynchronizer.java:2039)
        at java.util.concurrent.ArrayBlockingQueue.take(ArrayBlockingQueue.java:403)
        at java.util.concurrent.ThreadPoolExecutor.getTask(ThreadPoolExecutor.java:1074)
        at java.util.concurrent.ThreadPoolExecutor.runWorker(ThreadPoolExecutor.java:1134)
        at java.util.concurrent.ThreadPoolExecutor$Worker.run(ThreadPoolExecutor.java:624)
        at java.lang.Thread.run(Thread.java:748)
"pool-46-thread-13"  prio=5 tid=384 in Object.wait()
java.lang.Thread.State: WAITING (on object monitor)
        at sun.misc.Unsafe.park(Native Method)
        at java.util.concurrent.locks.LockSupport.park(LockSupport.java:175)
        at java.util.concurrent.locks.AbstractQueuedSynchronizer$ConditionObject.await(AbstractQueuedSynchronizer.java:2039)
        at java.util.concurrent.ArrayBlockingQueue.take(ArrayBlockingQueue.java:403)
        at java.util.concurrent.ThreadPoolExecutor.getTask(ThreadPoolExecutor.java:1074)
        at java.util.concurrent.ThreadPoolExecutor.runWorker(ThreadPoolExecutor.java:1134)
        at java.util.concurrent.ThreadPoolExecutor$Worker.run(ThreadPoolExecutor.java:624)
        at java.lang.Thread.run(Thread.java:748)
"Datanode ReportManager Thread - 2" daemon prio=5 tid=254 timed_waiting
java.lang.Thread.State: TIMED_WAITING
        at sun.misc.Unsafe.park(Native Method)
        at java.util.concurrent.locks.LockSupport.parkNanos(LockSupport.java:215)
        at java.util.concurrent.locks.AbstractQueuedSynchronizer$ConditionObject.awaitNanos(AbstractQueuedSynchronizer.java:2078)
        at java.util.concurrent.ScheduledThreadPoolExecutor$DelayedWorkQueue.take(ScheduledThreadPoolExecutor.java:1093)
        at java.util.concurrent.ScheduledThreadPoolExecutor$DelayedWorkQueue.take(ScheduledThreadPoolExecutor.java:809)
        at java.util.concurrent.ThreadPoolExecutor.getTask(ThreadPoolExecutor.java:1074)
        at java.util.concurrent.ThreadPoolExecutor.runWorker(ThreadPoolExecutor.java:1134)
        at java.util.concurrent.ThreadPoolExecutor$Worker.run(ThreadPoolExecutor.java:624)
        at java.lang.Thread.run(Thread.java:748)
"pool-66-thread-4"  prio=5 tid=584 in Object.wait()
java.lang.Thread.State: WAITING (on object monitor)
        at sun.misc.Unsafe.park(Native Method)
        at java.util.concurrent.locks.LockSupport.park(LockSupport.java:175)
        at java.util.concurrent.locks.AbstractQueuedSynchronizer$ConditionObject.await(AbstractQueuedSynchronizer.java:2039)
        at java.util.concurrent.ArrayBlockingQueue.take(ArrayBlockingQueue.java:403)
        at java.util.concurrent.ThreadPoolExecutor.getTask(ThreadPoolExecutor.java:1074)
        at java.util.concurrent.ThreadPoolExecutor.runWorker(ThreadPoolExecutor.java:1134)
        at java.util.concurrent.ThreadPoolExecutor$Worker.run(ThreadPoolExecutor.java:624)
        at java.lang.Thread.run(Thread.java:748)
"metrics-hadoop-metrics2-reporter-71-thread-1" daemon prio=5 tid=1095 timed_waiting
java.lang.Thread.State: TIMED_WAITING
        at sun.misc.Unsafe.park(Native Method)
        at java.util.concurrent.locks.LockSupport.parkNanos(LockSupport.java:215)
        at java.util.concurrent.locks.AbstractQueuedSynchronizer$ConditionObject.awaitNanos(AbstractQueuedSynchronizer.java:2078)
        at java.util.concurrent.ScheduledThreadPoolExecutor$DelayedWorkQueue.take(ScheduledThreadPoolExecutor.java:1093)
        at java.util.concurrent.ScheduledThreadPoolExecutor$DelayedWorkQueue.take(ScheduledThreadPoolExecutor.java:809)
        at java.util.concurrent.ThreadPoolExecutor.getTask(ThreadPoolExecutor.java:1074)
        at java.util.concurrent.ThreadPoolExecutor.runWorker(ThreadPoolExecutor.java:1134)
        at java.util.concurrent.ThreadPoolExecutor$Worker.run(ThreadPoolExecutor.java:624)
        at java.lang.Thread.run(Thread.java:748)
"pool-66-thread-55"  prio=5 tid=635 in Object.wait()
java.lang.Thread.State: WAITING (on object monitor)
        at sun.misc.Unsafe.park(Native Method)
        at java.util.concurrent.locks.LockSupport.park(LockSupport.java:175)
        at java.util.concurrent.locks.AbstractQueuedSynchronizer$ConditionObject.await(AbstractQueuedSynchronizer.java:2039)
        at java.util.concurrent.ArrayBlockingQueue.take(ArrayBlockingQueue.java:403)
        at java.util.concurrent.ThreadPoolExecutor.getTask(ThreadPoolExecutor.java:1074)
        at java.util.concurrent.ThreadPoolExecutor.runWorker(ThreadPoolExecutor.java:1134)
        at java.util.concurrent.ThreadPoolExecutor$Worker.run(ThreadPoolExecutor.java:624)
        at java.lang.Thread.run(Thread.java:748)
"pool-66-thread-59"  prio=5 tid=639 in Object.wait()
java.lang.Thread.State: WAITING (on object monitor)
        at sun.misc.Unsafe.park(Native Method)
        at java.util.concurrent.locks.LockSupport.park(LockSupport.java:175)
        at java.util.concurrent.locks.AbstractQueuedSynchronizer$ConditionObject.await(AbstractQueuedSynchronizer.java:2039)
        at java.util.concurrent.ArrayBlockingQueue.take(ArrayBlockingQueue.java:403)
        at java.util.concurrent.ThreadPoolExecutor.getTask(ThreadPoolExecutor.java:1074)
        at java.util.concurrent.ThreadPoolExecutor.runWorker(ThreadPoolExecutor.java:1134)
        at java.util.concurrent.ThreadPoolExecutor$Worker.run(ThreadPoolExecutor.java:624)
        at java.lang.Thread.run(Thread.java:748)
"pool-46-thread-45"  prio=5 tid=488 in Object.wait()
java.lang.Thread.State: WAITING (on object monitor)
        at sun.misc.Unsafe.park(Native Method)
        at java.util.concurrent.locks.LockSupport.park(LockSupport.java:175)
        at java.util.concurrent.locks.AbstractQueuedSynchronizer$ConditionObject.await(AbstractQueuedSynchronizer.java:2039)
        at java.util.concurrent.ArrayBlockingQueue.take(ArrayBlockingQueue.java:403)
        at java.util.concurrent.ThreadPoolExecutor.getTask(ThreadPoolExecutor.java:1074)
        at java.util.concurrent.ThreadPoolExecutor.runWorker(ThreadPoolExecutor.java:1134)
        at java.util.concurrent.ThreadPoolExecutor$Worker.run(ThreadPoolExecutor.java:624)
        at java.lang.Thread.run(Thread.java:748)
"Finalizer" daemon prio=8 tid=3 in Object.wait()
java.lang.Thread.State: WAITING (on object monitor)
        at java.lang.Object.wait(Native Method)
        at java.lang.ref.ReferenceQueue.remove(ReferenceQueue.java:144)
        at java.lang.ref.ReferenceQueue.remove(ReferenceQueue.java:165)
        at java.lang.ref.Finalizer$FinalizerThread.run(Finalizer.java:216)
"metrics-hadoop-metrics2-reporter-20-thread-1" daemon prio=5 tid=837 timed_waiting
java.lang.Thread.State: TIMED_WAITING
        at sun.misc.Unsafe.park(Native Method)
        at java.util.concurrent.locks.LockSupport.parkNanos(LockSupport.java:215)
        at java.util.concurrent.locks.AbstractQueuedSynchronizer$ConditionObject.awaitNanos(AbstractQueuedSynchronizer.java:2078)
        at java.util.concurrent.ScheduledThreadPoolExecutor$DelayedWorkQueue.take(ScheduledThreadPoolExecutor.java:1093)
        at java.util.concurrent.ScheduledThreadPoolExecutor$DelayedWorkQueue.take(ScheduledThreadPoolExecutor.java:809)
        at java.util.concurrent.ThreadPoolExecutor.getTask(ThreadPoolExecutor.java:1074)
        at java.util.concurrent.ThreadPoolExecutor.runWorker(ThreadPoolExecutor.java:1134)
        at java.util.concurrent.ThreadPoolExecutor$Worker.run(ThreadPoolExecutor.java:624)
        at java.lang.Thread.run(Thread.java:748)
"pool-86-thread-43"  prio=5 tid=756 in Object.wait()
java.lang.Thread.State: WAITING (on object monitor)
        at sun.misc.Unsafe.park(Native Method)
        at java.util.concurrent.locks.LockSupport.park(LockSupport.java:175)
        at java.util.concurrent.locks.AbstractQueuedSynchronizer$ConditionObject.await(AbstractQueuedSynchronizer.java:2039)
        at java.util.concurrent.ArrayBlockingQueue.take(ArrayBlockingQueue.java:403)
        at java.util.concurrent.ThreadPoolExecutor.getTask(ThreadPoolExecutor.java:1074)
        at java.util.concurrent.ThreadPoolExecutor.runWorker(ThreadPoolExecutor.java:1134)
        at java.util.concurrent.ThreadPoolExecutor$Worker.run(ThreadPoolExecutor.java:624)
        at java.lang.Thread.run(Thread.java:748)
"pool-66-thread-21"  prio=5 tid=601 in Object.wait()
java.lang.Thread.State: WAITING (on object monitor)
        at sun.misc.Unsafe.park(Native Method)
        at java.util.concurrent.locks.LockSupport.park(LockSupport.java:175)
        at java.util.concurrent.locks.AbstractQueuedSynchronizer$ConditionObject.await(AbstractQueuedSynchronizer.java:2039)
        at java.util.concurrent.ArrayBlockingQueue.take(ArrayBlockingQueue.java:403)
        at java.util.concurrent.ThreadPoolExecutor.getTask(ThreadPoolExecutor.java:1074)
        at java.util.concurrent.ThreadPoolExecutor.runWorker(ThreadPoolExecutor.java:1134)
        at java.util.concurrent.ThreadPoolExecutor$Worker.run(ThreadPoolExecutor.java:624)
        at java.lang.Thread.run(Thread.java:748)
"IPC Server listener on 45290" daemon prio=5 tid=18 runnable
java.lang.Thread.State: RUNNABLE
        at sun.nio.ch.EPollArrayWrapper.epollWait(Native Method)
        at sun.nio.ch.EPollArrayWrapper.poll(EPollArrayWrapper.java:269)
        at sun.nio.ch.EPollSelectorImpl.doSelect(EPollSelectorImpl.java:93)
        at sun.nio.ch.SelectorImpl.lockAndDoSelect(SelectorImpl.java:86)
        at sun.nio.ch.SelectorImpl.select(SelectorImpl.java:97)
        at sun.nio.ch.SelectorImpl.select(SelectorImpl.java:101)
        at org.apache.hadoop.ipc.Server$Listener.run(Server.java:1159)
"org.eclipse.jetty.server.session.HashSessionManager@250a500bTimer" daemon prio=5 tid=330 timed_waiting
java.lang.Thread.State: TIMED_WAITING
        at sun.misc.Unsafe.park(Native Method)
        at java.util.concurrent.locks.LockSupport.parkNanos(LockSupport.java:215)
        at java.util.concurrent.locks.AbstractQueuedSynchronizer$ConditionObject.awaitNanos(AbstractQueuedSynchronizer.java:2078)
        at java.util.concurrent.ScheduledThreadPoolExecutor$DelayedWorkQueue.take(ScheduledThreadPoolExecutor.java:1093)
        at java.util.concurrent.ScheduledThreadPoolExecutor$DelayedWorkQueue.take(ScheduledThreadPoolExecutor.java:809)
        at java.util.concurrent.ThreadPoolExecutor.getTask(ThreadPoolExecutor.java:1074)
        at java.util.concurrent.ThreadPoolExecutor.runWorker(ThreadPoolExecutor.java:1134)
        at java.util.concurrent.ThreadPoolExecutor$Worker.run(ThreadPoolExecutor.java:624)
        at java.lang.Thread.run(Thread.java:748)
"IPC Server handler 19 on 45290" daemon prio=5 tid=68 timed_waiting
java.lang.Thread.State: TIMED_WAITING
        at sun.misc.Unsafe.park(Native Method)
        at java.util.concurrent.locks.LockSupport.parkNanos(LockSupport.java:215)
        at java.util.concurrent.locks.AbstractQueuedSynchronizer$ConditionObject.awaitNanos(AbstractQueuedSynchronizer.java:2078)
        at java.util.concurrent.LinkedBlockingQueue.poll(LinkedBlockingQueue.java:467)
        at org.apache.hadoop.ipc.CallQueueManager.take(CallQueueManager.java:288)
        at org.apache.hadoop.ipc.Server$Handler.run(Server.java:2668)
"ReplicationMonitor" daemon prio=5 tid=999 timed_waiting
java.lang.Thread.State: TIMED_WAITING
        at java.lang.Object.wait(Native Method)
        at org.apache.hadoop.hdds.scm.container.ReplicationManager.run(ReplicationManager.java:229)
        at org.apache.hadoop.hdds.scm.container.ReplicationManager$$Lambda$469/1431452411.run(Unknown Source)
        at java.lang.Thread.run(Thread.java:748)
"refreshUsed-/workdir/hadoop-ozone/integration-test/target/test-dir/MiniOzoneClusterImpl-f68115de-5278-4c94-9b3d-9176cb3c0071/datanode-2/data/containers" daemon prio=5 tid=208 timed_waiting
java.lang.Thread.State: TIMED_WAITING
        at java.lang.Thread.sleep(Native Method)
        at org.apache.hadoop.fs.CachingGetSpaceUsed$RefreshThread.run(CachingGetSpaceUsed.java:179)
        at java.lang.Thread.run(Thread.java:748)
"IPC Server handler 11 on 45589" daemon prio=5 tid=40 timed_waiting
java.lang.Thread.State: TIMED_WAITING
        at sun.misc.Unsafe.park(Native Method)
        at java.util.concurrent.locks.LockSupport.parkNanos(LockSupport.java:215)
        at java.util.concurrent.locks.AbstractQueuedSynchronizer$ConditionObject.awaitNanos(AbstractQueuedSynchronizer.java:2078)
        at java.util.concurrent.LinkedBlockingQueue.poll(LinkedBlockingQueue.java:467)
        at org.apache.hadoop.ipc.CallQueueManager.take(CallQueueManager.java:288)
        at org.apache.hadoop.ipc.Server$Handler.run(Server.java:2668)
"pool-86-thread-20"  prio=5 tid=733 in Object.wait()
java.lang.Thread.State: WAITING (on object monitor)
        at sun.misc.Unsafe.park(Native Method)
        at java.util.concurrent.locks.LockSupport.park(LockSupport.java:175)
        at java.util.concurrent.locks.AbstractQueuedSynchronizer$ConditionObject.await(AbstractQueuedSynchronizer.java:2039)
        at java.util.concurrent.ArrayBlockingQueue.take(ArrayBlockingQueue.java:403)
        at java.util.concurrent.ThreadPoolExecutor.getTask(ThreadPoolExecutor.java:1074)
        at java.util.concurrent.ThreadPoolExecutor.runWorker(ThreadPoolExecutor.java:1134)
        at java.util.concurrent.ThreadPoolExecutor$Worker.run(ThreadPoolExecutor.java:624)
        at java.lang.Thread.run(Thread.java:748)
"pool-76-thread-53"  prio=5 tid=704 in Object.wait()
java.lang.Thread.State: WAITING (on object monitor)
        at sun.misc.Unsafe.park(Native Method)
        at java.util.concurrent.locks.LockSupport.park(LockSupport.java:175)
        at java.util.concurrent.locks.AbstractQueuedSynchronizer$ConditionObject.await(AbstractQueuedSynchronizer.java:2039)
        at java.util.concurrent.ArrayBlockingQueue.take(ArrayBlockingQueue.java:403)
        at java.util.concurrent.ThreadPoolExecutor.getTask(ThreadPoolExecutor.java:1074)
        at java.util.concurrent.ThreadPoolExecutor.runWorker(ThreadPoolExecutor.java:1134)
        at java.util.concurrent.ThreadPoolExecutor$Worker.run(ThreadPoolExecutor.java:624)
        at java.lang.Thread.run(Thread.java:748)
"pool-76-thread-30"  prio=5 tid=681 in Object.wait()
java.lang.Thread.State: WAITING (on object monitor)
        at sun.misc.Unsafe.park(Native Method)
        at java.util.concurrent.locks.LockSupport.park(LockSupport.java:175)
        at java.util.concurrent.locks.AbstractQueuedSynchronizer$ConditionObject.await(AbstractQueuedSynchronizer.java:2039)
        at java.util.concurrent.ArrayBlockingQueue.take(ArrayBlockingQueue.java:403)
        at java.util.concurrent.ThreadPoolExecutor.getTask(ThreadPoolExecutor.java:1074)
        at java.util.concurrent.ThreadPoolExecutor.runWorker(ThreadPoolExecutor.java:1134)
        at java.util.concurrent.ThreadPoolExecutor$Worker.run(ThreadPoolExecutor.java:624)
        at java.lang.Thread.run(Thread.java:748)
"pool-66-thread-41"  prio=5 tid=621 in Object.wait()
java.lang.Thread.State: WAITING (on object monitor)
        at sun.misc.Unsafe.park(Native Method)
        at java.util.concurrent.locks.LockSupport.park(LockSupport.java:175)
        at java.util.concurrent.locks.AbstractQueuedSynchronizer$ConditionObject.await(AbstractQueuedSynchronizer.java:2039)
        at java.util.concurrent.ArrayBlockingQueue.take(ArrayBlockingQueue.java:403)
        at java.util.concurrent.ThreadPoolExecutor.getTask(ThreadPoolExecutor.java:1074)
        at java.util.concurrent.ThreadPoolExecutor.runWorker(ThreadPoolExecutor.java:1134)
        at java.util.concurrent.ThreadPoolExecutor$Worker.run(ThreadPoolExecutor.java:624)
        at java.lang.Thread.run(Thread.java:748)
"Datanode State Machine Thread - 0" daemon prio=5 tid=251 timed_waiting
java.lang.Thread.State: TIMED_WAITING
        at java.lang.Thread.sleep(Native Method)
        at org.apache.hadoop.ozone.container.common.statemachine.DatanodeStateMachine.start(DatanodeStateMachine.java:191)
        at org.apache.hadoop.ozone.container.common.statemachine.DatanodeStateMachine.lambda$startDaemon$0(DatanodeStateMachine.java:349)
        at org.apache.hadoop.ozone.container.common.statemachine.DatanodeStateMachine$$Lambda$140/690051320.run(Unknown Source)
        at java.lang.Thread.run(Thread.java:748)
"pool-76-thread-52"  prio=5 tid=703 in Object.wait()
java.lang.Thread.State: WAITING (on object monitor)
        at sun.misc.Unsafe.park(Native Method)
        at java.util.concurrent.locks.LockSupport.park(LockSupport.java:175)
        at java.util.concurrent.locks.AbstractQueuedSynchronizer$ConditionObject.await(AbstractQueuedSynchronizer.java:2039)
        at java.util.concurrent.ArrayBlockingQueue.take(ArrayBlockingQueue.java:403)
        at java.util.concurrent.ThreadPoolExecutor.getTask(ThreadPoolExecutor.java:1074)
        at java.util.concurrent.ThreadPoolExecutor.runWorker(ThreadPoolExecutor.java:1134)
        at java.util.concurrent.ThreadPoolExecutor$Worker.run(ThreadPoolExecutor.java:624)
        at java.lang.Thread.run(Thread.java:748)
"pool-86-thread-3"  prio=5 tid=716 in Object.wait()
java.lang.Thread.State: WAITING (on object monitor)
        at sun.misc.Unsafe.park(Native Method)
        at java.util.concurrent.locks.LockSupport.park(LockSupport.java:175)
        at java.util.concurrent.locks.AbstractQueuedSynchronizer$ConditionObject.await(AbstractQueuedSynchronizer.java:2039)
        at java.util.concurrent.ArrayBlockingQueue.take(ArrayBlockingQueue.java:403)
        at java.util.concurrent.ThreadPoolExecutor.getTask(ThreadPoolExecutor.java:1074)
        at java.util.concurrent.ThreadPoolExecutor.runWorker(ThreadPoolExecutor.java:1134)
        at java.util.concurrent.ThreadPoolExecutor$Worker.run(ThreadPoolExecutor.java:624)
        at java.lang.Thread.run(Thread.java:748)
"refreshUsed-/workdir/hadoop-ozone/integration-test/target/test-dir/MiniOzoneClusterImpl-f68115de-5278-4c94-9b3d-9176cb3c0071/datanode-5/data/containers" daemon prio=5 tid=289 timed_waiting
java.lang.Thread.State: TIMED_WAITING
        at java.lang.Thread.sleep(Native Method)
        at org.apache.hadoop.fs.CachingGetSpaceUsed$RefreshThread.run(CachingGetSpaceUsed.java:179)
        at java.lang.Thread.run(Thread.java:748)
"metrics-hadoop-metrics2-reporter-12-thread-1" daemon prio=5 tid=819 timed_waiting
java.lang.Thread.State: TIMED_WAITING
        at sun.misc.Unsafe.park(Native Method)
        at java.util.concurrent.locks.LockSupport.parkNanos(LockSupport.java:215)
        at java.util.concurrent.locks.AbstractQueuedSynchronizer$ConditionObject.awaitNanos(AbstractQueuedSynchronizer.java:2078)
        at java.util.concurrent.ScheduledThreadPoolExecutor$DelayedWorkQueue.take(ScheduledThreadPoolExecutor.java:1093)
        at java.util.concurrent.ScheduledThreadPoolExecutor$DelayedWorkQueue.take(ScheduledThreadPoolExecutor.java:809)
        at java.util.concurrent.ThreadPoolExecutor.getTask(ThreadPoolExecutor.java:1074)
        at java.util.concurrent.ThreadPoolExecutor.runWorker(ThreadPoolExecutor.java:1134)
        at java.util.concurrent.ThreadPoolExecutor$Worker.run(ThreadPoolExecutor.java:624)
        at java.lang.Thread.run(Thread.java:748)
"pool-66-thread-17"  prio=5 tid=597 in Object.wait()
java.lang.Thread.State: WAITING (on object monitor)
        at sun.misc.Unsafe.park(Native Method)
        at java.util.concurrent.locks.LockSupport.park(LockSupport.java:175)
        at java.util.concurrent.locks.AbstractQueuedSynchronizer$ConditionObject.await(AbstractQueuedSynchronizer.java:2039)
        at java.util.concurrent.ArrayBlockingQueue.take(ArrayBlockingQueue.java:403)
        at java.util.concurrent.ThreadPoolExecutor.getTask(ThreadPoolExecutor.java:1074)
        at java.util.concurrent.ThreadPoolExecutor.runWorker(ThreadPoolExecutor.java:1134)
        at java.util.concurrent.ThreadPoolExecutor$Worker.run(ThreadPoolExecutor.java:624)
        at java.lang.Thread.run(Thread.java:748)
"pool-36-thread-30"  prio=5 tid=437 in Object.wait()
java.lang.Thread.State: WAITING (on object monitor)
        at sun.misc.Unsafe.park(Native Method)
        at java.util.concurrent.locks.LockSupport.park(LockSupport.java:175)
        at java.util.concurrent.locks.AbstractQueuedSynchronizer$ConditionObject.await(AbstractQueuedSynchronizer.java:2039)
        at java.util.concurrent.ArrayBlockingQueue.take(ArrayBlockingQueue.java:403)
        at java.util.concurrent.ThreadPoolExecutor.getTask(ThreadPoolExecutor.java:1074)
        at java.util.concurrent.ThreadPoolExecutor.runWorker(ThreadPoolExecutor.java:1134)
        at java.util.concurrent.ThreadPoolExecutor$Worker.run(ThreadPoolExecutor.java:624)
        at java.lang.Thread.run(Thread.java:748)
"IPC Server handler 13 on 36674" daemon prio=5 tid=82 timed_waiting
java.lang.Thread.State: TIMED_WAITING
        at sun.misc.Unsafe.park(Native Method)
        at java.util.concurrent.locks.LockSupport.parkNanos(LockSupport.java:215)
        at java.util.concurrent.locks.AbstractQueuedSynchronizer$ConditionObject.awaitNanos(AbstractQueuedSynchronizer.java:2078)
        at java.util.concurrent.LinkedBlockingQueue.poll(LinkedBlockingQueue.java:467)
        at org.apache.hadoop.ipc.CallQueueManager.take(CallQueueManager.java:288)
        at org.apache.hadoop.ipc.Server$Handler.run(Server.java:2668)
"org.eclipse.jetty.server.session.HashSessionManager@421056e5Timer" daemon prio=5 tid=221 timed_waiting
java.lang.Thread.State: TIMED_WAITING
        at sun.misc.Unsafe.park(Native Method)
        at java.util.concurrent.locks.LockSupport.parkNanos(LockSupport.java:215)
        at java.util.concurrent.locks.AbstractQueuedSynchronizer$ConditionObject.awaitNanos(AbstractQueuedSynchronizer.java:2078)
        at java.util.concurrent.ScheduledThreadPoolExecutor$DelayedWorkQueue.take(ScheduledThreadPoolExecutor.java:1093)
        at java.util.concurrent.ScheduledThreadPoolExecutor$DelayedWorkQueue.take(ScheduledThreadPoolExecutor.java:809)
        at java.util.concurrent.ThreadPoolExecutor.getTask(ThreadPoolExecutor.java:1074)
        at java.util.concurrent.ThreadPoolExecutor.runWorker(ThreadPoolExecutor.java:1134)
        at java.util.concurrent.ThreadPoolExecutor$Worker.run(ThreadPoolExecutor.java:624)
        at java.lang.Thread.run(Thread.java:748)
"pool-46-thread-27"  prio=5 tid=425 in Object.wait()
java.lang.Thread.State: WAITING (on object monitor)
        at sun.misc.Unsafe.park(Native Method)
        at java.util.concurrent.locks.LockSupport.park(LockSupport.java:175)
        at java.util.concurrent.locks.AbstractQueuedSynchronizer$ConditionObject.await(AbstractQueuedSynchronizer.java:2039)
        at java.util.concurrent.ArrayBlockingQueue.take(ArrayBlockingQueue.java:403)
        at java.util.concurrent.ThreadPoolExecutor.getTask(ThreadPoolExecutor.java:1074)
        at java.util.concurrent.ThreadPoolExecutor.runWorker(ThreadPoolExecutor.java:1134)
        at java.util.concurrent.ThreadPoolExecutor$Worker.run(ThreadPoolExecutor.java:624)
        at java.lang.Thread.run(Thread.java:748)
"pool-56-thread-45"  prio=5 tid=565 in Object.wait()
java.lang.Thread.State: WAITING (on object monitor)
        at sun.misc.Unsafe.park(Native Method)
        at java.util.concurrent.locks.LockSupport.park(LockSupport.java:175)
        at java.util.concurrent.locks.AbstractQueuedSynchronizer$ConditionObject.await(AbstractQueuedSynchronizer.java:2039)
        at java.util.concurrent.ArrayBlockingQueue.take(ArrayBlockingQueue.java:403)
        at java.util.concurrent.ThreadPoolExecutor.getTask(ThreadPoolExecutor.java:1074)
        at java.util.concurrent.ThreadPoolExecutor.runWorker(ThreadPoolExecutor.java:1134)
        at java.util.concurrent.ThreadPoolExecutor$Worker.run(ThreadPoolExecutor.java:624)
        at java.lang.Thread.run(Thread.java:748)
"pool-64-thread-1" daemon prio=5 tid=264 timed_waiting
java.lang.Thread.State: TIMED_WAITING
        at sun.misc.Unsafe.park(Native Method)
        at java.util.concurrent.locks.LockSupport.parkNanos(LockSupport.java:215)
        at java.util.concurrent.locks.AbstractQueuedSynchronizer$ConditionObject.awaitNanos(AbstractQueuedSynchronizer.java:2078)
        at java.util.concurrent.ScheduledThreadPoolExecutor$DelayedWorkQueue.take(ScheduledThreadPoolExecutor.java:1093)
        at java.util.concurrent.ScheduledThreadPoolExecutor$DelayedWorkQueue.take(ScheduledThreadPoolExecutor.java:809)
        at java.util.concurrent.ThreadPoolExecutor.getTask(ThreadPoolExecutor.java:1074)
        at java.util.concurrent.ThreadPoolExecutor.runWorker(ThreadPoolExecutor.java:1134)
        at java.util.concurrent.ThreadPoolExecutor$Worker.run(ThreadPoolExecutor.java:624)
        at java.lang.Thread.run(Thread.java:748)
"IPC Server handler 4 on 45589" daemon prio=5 tid=33 timed_waiting
java.lang.Thread.State: TIMED_WAITING
        at sun.misc.Unsafe.park(Native Method)
        at java.util.concurrent.locks.LockSupport.parkNanos(LockSupport.java:215)
        at java.util.concurrent.locks.AbstractQueuedSynchronizer$ConditionObject.awaitNanos(AbstractQueuedSynchronizer.java:2078)
        at java.util.concurrent.LinkedBlockingQueue.poll(LinkedBlockingQueue.java:467)
        at org.apache.hadoop.ipc.CallQueueManager.take(CallQueueManager.java:288)
        at org.apache.hadoop.ipc.Server$Handler.run(Server.java:2668)
"IPC Server handler 4 on 45290" daemon prio=5 tid=53 timed_waiting
java.lang.Thread.State: TIMED_WAITING
        at sun.misc.Unsafe.park(Native Method)
        at java.util.concurrent.locks.LockSupport.parkNanos(LockSupport.java:215)
        at java.util.concurrent.locks.AbstractQueuedSynchronizer$ConditionObject.awaitNanos(AbstractQueuedSynchronizer.java:2078)
        at java.util.concurrent.LinkedBlockingQueue.poll(LinkedBlockingQueue.java:467)
        at org.apache.hadoop.ipc.CallQueueManager.take(CallQueueManager.java:288)
        at org.apache.hadoop.ipc.Server$Handler.run(Server.java:2668)
"metrics-hadoop-metrics2-reporter-19-thread-1" daemon prio=5 tid=834 timed_waiting
java.lang.Thread.State: TIMED_WAITING
        at sun.misc.Unsafe.park(Native Method)
        at java.util.concurrent.locks.LockSupport.parkNanos(LockSupport.java:215)
        at java.util.concurrent.locks.AbstractQueuedSynchronizer$ConditionObject.awaitNanos(AbstractQueuedSynchronizer.java:2078)
        at java.util.concurrent.ScheduledThreadPoolExecutor$DelayedWorkQueue.take(ScheduledThreadPoolExecutor.java:1093)
        at java.util.concurrent.ScheduledThreadPoolExecutor$DelayedWorkQueue.take(ScheduledThreadPoolExecutor.java:809)
        at java.util.concurrent.ThreadPoolExecutor.getTask(ThreadPoolExecutor.java:1074)
        at java.util.concurrent.ThreadPoolExecutor.runWorker(ThreadPoolExecutor.java:1134)
        at java.util.concurrent.ThreadPoolExecutor$Worker.run(ThreadPoolExecutor.java:624)
        at java.lang.Thread.run(Thread.java:748)
"pool-76-thread-33"  prio=5 tid=684 in Object.wait()
java.lang.Thread.State: WAITING (on object monitor)
        at sun.misc.Unsafe.park(Native Method)
        at java.util.concurrent.locks.LockSupport.park(LockSupport.java:175)
        at java.util.concurrent.locks.AbstractQueuedSynchronizer$ConditionObject.await(AbstractQueuedSynchronizer.java:2039)
        at java.util.concurrent.ArrayBlockingQueue.take(ArrayBlockingQueue.java:403)
        at java.util.concurrent.ThreadPoolExecutor.getTask(ThreadPoolExecutor.java:1074)
        at java.util.concurrent.ThreadPoolExecutor.runWorker(ThreadPoolExecutor.java:1134)
        at java.util.concurrent.ThreadPoolExecutor$Worker.run(ThreadPoolExecutor.java:624)
        at java.lang.Thread.run(Thread.java:748)
"pool-76-thread-45"  prio=5 tid=696 in Object.wait()
java.lang.Thread.State: WAITING (on object monitor)
        at sun.misc.Unsafe.park(Native Method)
        at java.util.concurrent.locks.LockSupport.park(LockSupport.java:175)
        at java.util.concurrent.locks.AbstractQueuedSynchronizer$ConditionObject.await(AbstractQueuedSynchronizer.java:2039)
        at java.util.concurrent.ArrayBlockingQueue.take(ArrayBlockingQueue.java:403)
        at java.util.concurrent.ThreadPoolExecutor.getTask(ThreadPoolExecutor.java:1074)
        at java.util.concurrent.ThreadPoolExecutor.runWorker(ThreadPoolExecutor.java:1134)
        at java.util.concurrent.ThreadPoolExecutor$Worker.run(ThreadPoolExecutor.java:624)
        at java.lang.Thread.run(Thread.java:748)
"Datanode ReportManager Thread - 0" daemon prio=5 tid=252 in Object.wait()
java.lang.Thread.State: WAITING (on object monitor)
        at sun.misc.Unsafe.park(Native Method)
        at java.util.concurrent.locks.LockSupport.park(LockSupport.java:175)
        at java.util.concurrent.locks.AbstractQueuedSynchronizer$ConditionObject.await(AbstractQueuedSynchronizer.java:2039)
        at java.util.concurrent.ScheduledThreadPoolExecutor$DelayedWorkQueue.take(ScheduledThreadPoolExecutor.java:1088)
        at java.util.concurrent.ScheduledThreadPoolExecutor$DelayedWorkQueue.take(ScheduledThreadPoolExecutor.java:809)
        at java.util.concurrent.ThreadPoolExecutor.getTask(ThreadPoolExecutor.java:1074)
        at java.util.concurrent.ThreadPoolExecutor.runWorker(ThreadPoolExecutor.java:1134)
        at java.util.concurrent.ThreadPoolExecutor$Worker.run(ThreadPoolExecutor.java:624)
        at java.lang.Thread.run(Thread.java:748)
"qtp680988889-95" daemon prio=5 tid=95 timed_waiting
java.lang.Thread.State: TIMED_WAITING
        at sun.misc.Unsafe.park(Native Method)
        at java.util.concurrent.locks.LockSupport.parkNanos(LockSupport.java:215)
        at java.util.concurrent.locks.AbstractQueuedSynchronizer$ConditionObject.awaitNanos(AbstractQueuedSynchronizer.java:2078)
        at org.eclipse.jetty.util.BlockingArrayQueue.poll(BlockingArrayQueue.java:392)
        at org.eclipse.jetty.util.thread.QueuedThreadPool.idleJobPoll(QueuedThreadPool.java:563)
        at org.eclipse.jetty.util.thread.QueuedThreadPool.access$800(QueuedThreadPool.java:48)
        at org.eclipse.jetty.util.thread.QueuedThreadPool$2.run(QueuedThreadPool.java:626)
        at java.lang.Thread.run(Thread.java:748)
"pool-46-thread-16"  prio=5 tid=392 in Object.wait()
java.lang.Thread.State: WAITING (on object monitor)
        at sun.misc.Unsafe.park(Native Method)
        at java.util.concurrent.locks.LockSupport.park(LockSupport.java:175)
        at java.util.concurrent.locks.AbstractQueuedSynchronizer$ConditionObject.await(AbstractQueuedSynchronizer.java:2039)
        at java.util.concurrent.ArrayBlockingQueue.take(ArrayBlockingQueue.java:403)
        at java.util.concurrent.ThreadPoolExecutor.getTask(ThreadPoolExecutor.java:1074)
        at java.util.concurrent.ThreadPoolExecutor.runWorker(ThreadPoolExecutor.java:1134)
        at java.util.concurrent.ThreadPoolExecutor$Worker.run(ThreadPoolExecutor.java:624)
        at java.lang.Thread.run(Thread.java:748)
"pool-46-thread-3"  prio=5 tid=348 in Object.wait()
java.lang.Thread.State: WAITING (on object monitor)
        at sun.misc.Unsafe.park(Native Method)
        at java.util.concurrent.locks.LockSupport.park(LockSupport.java:175)
        at java.util.concurrent.locks.AbstractQueuedSynchronizer$ConditionObject.await(AbstractQueuedSynchronizer.java:2039)
        at java.util.concurrent.ArrayBlockingQueue.take(ArrayBlockingQueue.java:403)
        at java.util.concurrent.ThreadPoolExecutor.getTask(ThreadPoolExecutor.java:1074)
        at java.util.concurrent.ThreadPoolExecutor.runWorker(ThreadPoolExecutor.java:1134)
        at java.util.concurrent.ThreadPoolExecutor$Worker.run(ThreadPoolExecutor.java:624)
        at java.lang.Thread.run(Thread.java:748)
"qtp1168956689-326" daemon prio=5 tid=326 timed_waiting
java.lang.Thread.State: TIMED_WAITING
        at sun.misc.Unsafe.park(Native Method)
        at java.util.concurrent.locks.LockSupport.parkNanos(LockSupport.java:215)
        at java.util.concurrent.locks.AbstractQueuedSynchronizer$ConditionObject.awaitNanos(AbstractQueuedSynchronizer.java:2078)
        at org.eclipse.jetty.util.BlockingArrayQueue.poll(BlockingArrayQueue.java:392)
        at org.eclipse.jetty.util.thread.QueuedThreadPool.idleJobPoll(QueuedThreadPool.java:563)
        at org.eclipse.jetty.util.thread.QueuedThreadPool.access$800(QueuedThreadPool.java:48)
        at org.eclipse.jetty.util.thread.QueuedThreadPool$2.run(QueuedThreadPool.java:626)
        at java.lang.Thread.run(Thread.java:748)
"pool-26-thread-41"  prio=5 tid=443 in Object.wait()
java.lang.Thread.State: WAITING (on object monitor)
        at sun.misc.Unsafe.park(Native Method)
        at java.util.concurrent.locks.LockSupport.park(LockSupport.java:175)
        at java.util.concurrent.locks.AbstractQueuedSynchronizer$ConditionObject.await(AbstractQueuedSynchronizer.java:2039)
        at java.util.concurrent.ArrayBlockingQueue.take(ArrayBlockingQueue.java:403)
        at java.util.concurrent.ThreadPoolExecutor.getTask(ThreadPoolExecutor.java:1074)
        at java.util.concurrent.ThreadPoolExecutor.runWorker(ThreadPoolExecutor.java:1134)
        at java.util.concurrent.ThreadPoolExecutor$Worker.run(ThreadPoolExecutor.java:624)
        at java.lang.Thread.run(Thread.java:748)
"pool-86-thread-59"  prio=5 tid=772 in Object.wait()
java.lang.Thread.State: WAITING (on object monitor)
        at sun.misc.Unsafe.park(Native Method)
        at java.util.concurrent.locks.LockSupport.park(LockSupport.java:175)
        at java.util.concurrent.locks.AbstractQueuedSynchronizer$ConditionObject.await(AbstractQueuedSynchronizer.java:2039)
        at java.util.concurrent.ArrayBlockingQueue.take(ArrayBlockingQueue.java:403)
        at java.util.concurrent.ThreadPoolExecutor.getTask(ThreadPoolExecutor.java:1074)
        at java.util.concurrent.ThreadPoolExecutor.runWorker(ThreadPoolExecutor.java:1134)
        at java.util.concurrent.ThreadPoolExecutor$Worker.run(ThreadPoolExecutor.java:624)
        at java.lang.Thread.run(Thread.java:748)
"pool-86-thread-46"  prio=5 tid=759 in Object.wait()
java.lang.Thread.State: WAITING (on object monitor)
        at sun.misc.Unsafe.park(Native Method)
        at java.util.concurrent.locks.LockSupport.park(LockSupport.java:175)
        at java.util.concurrent.locks.AbstractQueuedSynchronizer$ConditionObject.await(AbstractQueuedSynchronizer.java:2039)
        at java.util.concurrent.ArrayBlockingQueue.take(ArrayBlockingQueue.java:403)
        at java.util.concurrent.ThreadPoolExecutor.getTask(ThreadPoolExecutor.java:1074)
        at java.util.concurrent.ThreadPoolExecutor.runWorker(ThreadPoolExecutor.java:1134)
        at java.util.concurrent.ThreadPoolExecutor$Worker.run(ThreadPoolExecutor.java:624)
        at java.lang.Thread.run(Thread.java:748)
"org.apache.hadoop.util.JvmPauseMonitor$Monitor@7ffe5ffb" daemon prio=5 tid=284 timed_waiting
java.lang.Thread.State: TIMED_WAITING
        at java.lang.Thread.sleep(Native Method)
        at org.apache.hadoop.util.JvmPauseMonitor$Monitor.run(JvmPauseMonitor.java:192)
        at java.lang.Thread.run(Thread.java:748)
"pool-66-thread-33"  prio=5 tid=613 in Object.wait()
java.lang.Thread.State: WAITING (on object monitor)
        at sun.misc.Unsafe.park(Native Method)
        at java.util.concurrent.locks.LockSupport.park(LockSupport.java:175)
        at java.util.concurrent.locks.AbstractQueuedSynchronizer$ConditionObject.await(AbstractQueuedSynchronizer.java:2039)
        at java.util.concurrent.ArrayBlockingQueue.take(ArrayBlockingQueue.java:403)
        at java.util.concurrent.ThreadPoolExecutor.getTask(ThreadPoolExecutor.java:1074)
        at java.util.concurrent.ThreadPoolExecutor.runWorker(ThreadPoolExecutor.java:1134)
        at java.util.concurrent.ThreadPoolExecutor$Worker.run(ThreadPoolExecutor.java:624)
        at java.lang.Thread.run(Thread.java:748)
"pool-86-thread-60"  prio=5 tid=773 in Object.wait()
java.lang.Thread.State: WAITING (on object monitor)
        at sun.misc.Unsafe.park(Native Method)
        at java.util.concurrent.locks.LockSupport.park(LockSupport.java:175)
        at java.util.concurrent.locks.AbstractQueuedSynchronizer$ConditionObject.await(AbstractQueuedSynchronizer.java:2039)
        at java.util.concurrent.ArrayBlockingQueue.take(ArrayBlockingQueue.java:403)
        at java.util.concurrent.ThreadPoolExecutor.getTask(ThreadPoolExecutor.java:1074)
        at java.util.concurrent.ThreadPoolExecutor.runWorker(ThreadPoolExecutor.java:1134)
        at java.util.concurrent.ThreadPoolExecutor$Worker.run(ThreadPoolExecutor.java:624)
        at java.lang.Thread.run(Thread.java:748)
"pool-66-thread-23"  prio=5 tid=603 in Object.wait()
java.lang.Thread.State: WAITING (on object monitor)
        at sun.misc.Unsafe.park(Native Method)
        at java.util.concurrent.locks.LockSupport.park(LockSupport.java:175)
        at java.util.concurrent.locks.AbstractQueuedSynchronizer$ConditionObject.await(AbstractQueuedSynchronizer.java:2039)
        at java.util.concurrent.ArrayBlockingQueue.take(ArrayBlockingQueue.java:403)
        at java.util.concurrent.ThreadPoolExecutor.getTask(ThreadPoolExecutor.java:1074)
        at java.util.concurrent.ThreadPoolExecutor.runWorker(ThreadPoolExecutor.java:1134)
        at java.util.concurrent.ThreadPoolExecutor$Worker.run(ThreadPoolExecutor.java:624)
        at java.lang.Thread.run(Thread.java:748)
"qtp1991386317-138" daemon prio=5 tid=138 timed_waiting
java.lang.Thread.State: TIMED_WAITING
        at sun.misc.Unsafe.park(Native Method)
        at java.util.concurrent.locks.LockSupport.parkNanos(LockSupport.java:215)
        at java.util.concurrent.locks.AbstractQueuedSynchronizer$ConditionObject.awaitNanos(AbstractQueuedSynchronizer.java:2078)
        at org.eclipse.jetty.util.BlockingArrayQueue.poll(BlockingArrayQueue.java:392)
        at org.eclipse.jetty.util.thread.QueuedThreadPool.idleJobPoll(QueuedThreadPool.java:563)
        at org.eclipse.jetty.util.thread.QueuedThreadPool.access$800(QueuedThreadPool.java:48)
        at org.eclipse.jetty.util.thread.QueuedThreadPool$2.run(QueuedThreadPool.java:626)
        at java.lang.Thread.run(Thread.java:748)
"pool-46-thread-15"  prio=5 tid=388 in Object.wait()
java.lang.Thread.State: WAITING (on object monitor)
        at sun.misc.Unsafe.park(Native Method)
        at java.util.concurrent.locks.LockSupport.park(LockSupport.java:175)
        at java.util.concurrent.locks.AbstractQueuedSynchronizer$ConditionObject.await(AbstractQueuedSynchronizer.java:2039)
        at java.util.concurrent.ArrayBlockingQueue.take(ArrayBlockingQueue.java:403)
        at java.util.concurrent.ThreadPoolExecutor.getTask(ThreadPoolExecutor.java:1074)
        at java.util.concurrent.ThreadPoolExecutor.runWorker(ThreadPoolExecutor.java:1134)
        at java.util.concurrent.ThreadPoolExecutor$Worker.run(ThreadPoolExecutor.java:624)
        at java.lang.Thread.run(Thread.java:748)
"pool-36-thread-15"  prio=5 tid=382 in Object.wait()
java.lang.Thread.State: WAITING (on object monitor)
        at sun.misc.Unsafe.park(Native Method)
        at java.util.concurrent.locks.LockSupport.park(LockSupport.java:175)
        at java.util.concurrent.locks.AbstractQueuedSynchronizer$ConditionObject.await(AbstractQueuedSynchronizer.java:2039)
        at java.util.concurrent.ArrayBlockingQueue.take(ArrayBlockingQueue.java:403)
        at java.util.concurrent.ThreadPoolExecutor.getTask(ThreadPoolExecutor.java:1074)
        at java.util.concurrent.ThreadPoolExecutor.runWorker(ThreadPoolExecutor.java:1134)
        at java.util.concurrent.ThreadPoolExecutor$Worker.run(ThreadPoolExecutor.java:624)
        at java.lang.Thread.run(Thread.java:748)
"pool-26-thread-8"  prio=5 tid=360 in Object.wait()
java.lang.Thread.State: WAITING (on object monitor)
        at sun.misc.Unsafe.park(Native Method)
        at java.util.concurrent.locks.LockSupport.park(LockSupport.java:175)
        at java.util.concurrent.locks.AbstractQueuedSynchronizer$ConditionObject.await(AbstractQueuedSynchronizer.java:2039)
        at java.util.concurrent.ArrayBlockingQueue.take(ArrayBlockingQueue.java:403)
        at java.util.concurrent.ThreadPoolExecutor.getTask(ThreadPoolExecutor.java:1074)
        at java.util.concurrent.ThreadPoolExecutor.runWorker(ThreadPoolExecutor.java:1134)
        at java.util.concurrent.ThreadPoolExecutor$Worker.run(ThreadPoolExecutor.java:624)
        at java.lang.Thread.run(Thread.java:748)
"IPC Server handler 7 on 45290" daemon prio=5 tid=56 timed_waiting
java.lang.Thread.State: TIMED_WAITING
        at sun.misc.Unsafe.park(Native Method)
        at java.util.concurrent.locks.LockSupport.parkNanos(LockSupport.java:215)
        at java.util.concurrent.locks.AbstractQueuedSynchronizer$ConditionObject.awaitNanos(AbstractQueuedSynchronizer.java:2078)
        at java.util.concurrent.LinkedBlockingQueue.poll(LinkedBlockingQueue.java:467)
        at org.apache.hadoop.ipc.CallQueueManager.take(CallQueueManager.java:288)
        at org.apache.hadoop.ipc.Server$Handler.run(Server.java:2668)
"metrics-hadoop-metrics2-reporter-66-thread-1" daemon prio=5 tid=1064 timed_waiting
java.lang.Thread.State: TIMED_WAITING
        at sun.misc.Unsafe.park(Native Method)
        at java.util.concurrent.locks.LockSupport.parkNanos(LockSupport.java:215)
        at java.util.concurrent.locks.AbstractQueuedSynchronizer$ConditionObject.awaitNanos(AbstractQueuedSynchronizer.java:2078)
        at java.util.concurrent.ScheduledThreadPoolExecutor$DelayedWorkQueue.take(ScheduledThreadPoolExecutor.java:1093)
        at java.util.concurrent.ScheduledThreadPoolExecutor$DelayedWorkQueue.take(ScheduledThreadPoolExecutor.java:809)
        at java.util.concurrent.ThreadPoolExecutor.getTask(ThreadPoolExecutor.java:1074)
        at java.util.concurrent.ThreadPoolExecutor.runWorker(ThreadPoolExecutor.java:1134)
        at java.util.concurrent.ThreadPoolExecutor$Worker.run(ThreadPoolExecutor.java:624)
        at java.lang.Thread.run(Thread.java:748)
"refreshUsed-/workdir/hadoop-ozone/integration-test/target/test-dir/MiniOzoneClusterImpl-f68115de-5278-4c94-9b3d-9176cb3c0071/datanode-4/data/containers" daemon prio=5 tid=262 timed_waiting
java.lang.Thread.State: TIMED_WAITING
        at java.lang.Thread.sleep(Native Method)
        at org.apache.hadoop.fs.CachingGetSpaceUsed$RefreshThread.run(CachingGetSpaceUsed.java:179)
        at java.lang.Thread.run(Thread.java:748)
"pool-86-thread-31"  prio=5 tid=744 in Object.wait()
java.lang.Thread.State: WAITING (on object monitor)
        at sun.misc.Unsafe.park(Native Method)
        at java.util.concurrent.locks.LockSupport.park(LockSupport.java:175)
        at java.util.concurrent.locks.AbstractQueuedSynchronizer$ConditionObject.await(AbstractQueuedSynchronizer.java:2039)
        at java.util.concurrent.ArrayBlockingQueue.take(ArrayBlockingQueue.java:403)
        at java.util.concurrent.ThreadPoolExecutor.getTask(ThreadPoolExecutor.java:1074)
        at java.util.concurrent.ThreadPoolExecutor.runWorker(ThreadPoolExecutor.java:1134)
        at java.util.concurrent.ThreadPoolExecutor$Worker.run(ThreadPoolExecutor.java:624)
        at java.lang.Thread.run(Thread.java:748)
"qtp721395199-267" daemon prio=5 tid=267 runnable
java.lang.Thread.State: RUNNABLE
        at sun.nio.ch.EPollArrayWrapper.epollWait(Native Method)
        at sun.nio.ch.EPollArrayWrapper.poll(EPollArrayWrapper.java:269)
        at sun.nio.ch.EPollSelectorImpl.doSelect(EPollSelectorImpl.java:93)
        at sun.nio.ch.SelectorImpl.lockAndDoSelect(SelectorImpl.java:86)
        at sun.nio.ch.SelectorImpl.select(SelectorImpl.java:97)
        at sun.nio.ch.SelectorImpl.select(SelectorImpl.java:101)
        at org.eclipse.jetty.io.ManagedSelector$SelectorProducer.select(ManagedSelector.java:243)
        at org.eclipse.jetty.io.ManagedSelector$SelectorProducer.produce(ManagedSelector.java:191)
        at org.eclipse.jetty.util.thread.strategy.ExecuteProduceConsume.executeProduceConsume(ExecuteProduceConsume.java:249)
        at org.eclipse.jetty.util.thread.strategy.ExecuteProduceConsume.produceConsume(ExecuteProduceConsume.java:148)
        at org.eclipse.jetty.util.thread.strategy.ExecuteProduceConsume.execute(ExecuteProduceConsume.java:100)
        at org.eclipse.jetty.io.ManagedSelector.run(ManagedSelector.java:147)
        at org.eclipse.jetty.util.thread.QueuedThreadPool.runJob(QueuedThreadPool.java:671)
        at org.eclipse.jetty.util.thread.QueuedThreadPool$2.run(QueuedThreadPool.java:589)
        at java.lang.Thread.run(Thread.java:748)
"pool-36-thread-48"  prio=5 tid=490 in Object.wait()
java.lang.Thread.State: WAITING (on object monitor)
        at sun.misc.Unsafe.park(Native Method)
        at java.util.concurrent.locks.LockSupport.park(LockSupport.java:175)
        at java.util.concurrent.locks.AbstractQueuedSynchronizer$ConditionObject.await(AbstractQueuedSynchronizer.java:2039)
        at java.util.concurrent.ArrayBlockingQueue.take(ArrayBlockingQueue.java:403)
        at java.util.concurrent.ThreadPoolExecutor.getTask(ThreadPoolExecutor.java:1074)
        at java.util.concurrent.ThreadPoolExecutor.runWorker(ThreadPoolExecutor.java:1134)
        at java.util.concurrent.ThreadPoolExecutor$Worker.run(ThreadPoolExecutor.java:624)
        at java.lang.Thread.run(Thread.java:748)
"grpc-default-worker-ELG-3-3" daemon prio=5 tid=788 runnable
java.lang.Thread.State: RUNNABLE
        at sun.nio.ch.EPollArrayWrapper.epollWait(Native Method)
        at sun.nio.ch.EPollArrayWrapper.poll(EPollArrayWrapper.java:269)
        at sun.nio.ch.EPollSelectorImpl.doSelect(EPollSelectorImpl.java:93)
        at sun.nio.ch.SelectorImpl.lockAndDoSelect(SelectorImpl.java:86)
        at sun.nio.ch.SelectorImpl.select(SelectorImpl.java:97)
        at org.apache.ratis.thirdparty.io.netty.channel.nio.SelectedSelectionKeySetSelector.select(SelectedSelectionKeySetSelector.java:62)
        at org.apache.ratis.thirdparty.io.netty.channel.nio.NioEventLoop.select(NioEventLoop.java:753)
        at org.apache.ratis.thirdparty.io.netty.channel.nio.NioEventLoop.run(NioEventLoop.java:408)
        at org.apache.ratis.thirdparty.io.netty.util.concurrent.SingleThreadEventExecutor$5.run(SingleThreadEventExecutor.java:897)
        at org.apache.ratis.thirdparty.io.netty.util.concurrent.FastThreadLocalRunnable.run(FastThreadLocalRunnable.java:30)
        at java.lang.Thread.run(Thread.java:748)
"pool-30-thread-1"  prio=5 tid=158 timed_waiting
java.lang.Thread.State: TIMED_WAITING
        at sun.misc.Unsafe.park(Native Method)
        at java.util.concurrent.locks.LockSupport.parkNanos(LockSupport.java:215)
        at java.util.concurrent.locks.AbstractQueuedSynchronizer$ConditionObject.awaitNanos(AbstractQueuedSynchronizer.java:2078)
        at java.util.concurrent.ScheduledThreadPoolExecutor$DelayedWorkQueue.take(ScheduledThreadPoolExecutor.java:1093)
        at java.util.concurrent.ScheduledThreadPoolExecutor$DelayedWorkQueue.take(ScheduledThreadPoolExecutor.java:809)
        at java.util.concurrent.ThreadPoolExecutor.getTask(ThreadPoolExecutor.java:1074)
        at java.util.concurrent.ThreadPoolExecutor.runWorker(ThreadPoolExecutor.java:1134)
        at java.util.concurrent.ThreadPoolExecutor$Worker.run(ThreadPoolExecutor.java:624)
        at java.lang.Thread.run(Thread.java:748)
"metrics-hadoop-metrics2-reporter-48-thread-1" daemon prio=5 tid=955 timed_waiting
java.lang.Thread.State: TIMED_WAITING
        at sun.misc.Unsafe.park(Native Method)
        at java.util.concurrent.locks.LockSupport.parkNanos(LockSupport.java:215)
        at java.util.concurrent.locks.AbstractQueuedSynchronizer$ConditionObject.awaitNanos(AbstractQueuedSynchronizer.java:2078)
        at java.util.concurrent.ScheduledThreadPoolExecutor$DelayedWorkQueue.take(ScheduledThreadPoolExecutor.java:1093)
        at java.util.concurrent.ScheduledThreadPoolExecutor$DelayedWorkQueue.take(ScheduledThreadPoolExecutor.java:809)
        at java.util.concurrent.ThreadPoolExecutor.getTask(ThreadPoolExecutor.java:1074)
        at java.util.concurrent.ThreadPoolExecutor.runWorker(ThreadPoolExecutor.java:1134)
        at java.util.concurrent.ThreadPoolExecutor$Worker.run(ThreadPoolExecutor.java:624)
        at java.lang.Thread.run(Thread.java:748)
"org.apache.hadoop.util.JvmPauseMonitor$Monitor@1ee7f250" daemon prio=5 tid=257 timed_waiting
java.lang.Thread.State: TIMED_WAITING
        at java.lang.Thread.sleep(Native Method)
        at org.apache.hadoop.util.JvmPauseMonitor$Monitor.run(JvmPauseMonitor.java:192)
        at java.lang.Thread.run(Thread.java:748)
"pool-26-thread-30"  prio=5 tid=423 in Object.wait()
java.lang.Thread.State: WAITING (on object monitor)
        at sun.misc.Unsafe.park(Native Method)
        at java.util.concurrent.locks.LockSupport.park(LockSupport.java:175)
        at java.util.concurrent.locks.AbstractQueuedSynchronizer$ConditionObject.await(AbstractQueuedSynchronizer.java:2039)
        at java.util.concurrent.ArrayBlockingQueue.take(ArrayBlockingQueue.java:403)
        at java.util.concurrent.ThreadPoolExecutor.getTask(ThreadPoolExecutor.java:1074)
        at java.util.concurrent.ThreadPoolExecutor.runWorker(ThreadPoolExecutor.java:1134)
        at java.util.concurrent.ThreadPoolExecutor$Worker.run(ThreadPoolExecutor.java:624)
        at java.lang.Thread.run(Thread.java:748)
"pool-86-thread-21"  prio=5 tid=734 in Object.wait()
java.lang.Thread.State: WAITING (on object monitor)
        at sun.misc.Unsafe.park(Native Method)
        at java.util.concurrent.locks.LockSupport.park(LockSupport.java:175)
        at java.util.concurrent.locks.AbstractQueuedSynchronizer$ConditionObject.await(AbstractQueuedSynchronizer.java:2039)
        at java.util.concurrent.ArrayBlockingQueue.take(ArrayBlockingQueue.java:403)
        at java.util.concurrent.ThreadPoolExecutor.getTask(ThreadPoolExecutor.java:1074)
        at java.util.concurrent.ThreadPoolExecutor.runWorker(ThreadPoolExecutor.java:1134)
        at java.util.concurrent.ThreadPoolExecutor$Worker.run(ThreadPoolExecutor.java:624)
        at java.lang.Thread.run(Thread.java:748)
"pool-26-thread-55"  prio=5 tid=485 in Object.wait()
java.lang.Thread.State: WAITING (on object monitor)
        at sun.misc.Unsafe.park(Native Method)
        at java.util.concurrent.locks.LockSupport.park(LockSupport.java:175)
        at java.util.concurrent.locks.AbstractQueuedSynchronizer$ConditionObject.await(AbstractQueuedSynchronizer.java:2039)
        at java.util.concurrent.ArrayBlockingQueue.take(ArrayBlockingQueue.java:403)
        at java.util.concurrent.ThreadPoolExecutor.getTask(ThreadPoolExecutor.java:1074)
        at java.util.concurrent.ThreadPoolExecutor.runWorker(ThreadPoolExecutor.java:1134)
        at java.util.concurrent.ThreadPoolExecutor$Worker.run(ThreadPoolExecutor.java:624)
        at java.lang.Thread.run(Thread.java:748)
"pool-26-thread-29"  prio=5 tid=421 in Object.wait()
java.lang.Thread.State: WAITING (on object monitor)
        at sun.misc.Unsafe.park(Native Method)
        at java.util.concurrent.locks.LockSupport.park(LockSupport.java:175)
        at java.util.concurrent.locks.AbstractQueuedSynchronizer$ConditionObject.await(AbstractQueuedSynchronizer.java:2039)
        at java.util.concurrent.ArrayBlockingQueue.take(ArrayBlockingQueue.java:403)
        at java.util.concurrent.ThreadPoolExecutor.getTask(ThreadPoolExecutor.java:1074)
        at java.util.concurrent.ThreadPoolExecutor.runWorker(ThreadPoolExecutor.java:1134)
        at java.util.concurrent.ThreadPoolExecutor$Worker.run(ThreadPoolExecutor.java:624)
        at java.lang.Thread.run(Thread.java:748)
"pool-86-thread-33"  prio=5 tid=746 in Object.wait()
java.lang.Thread.State: WAITING (on object monitor)
        at sun.misc.Unsafe.park(Native Method)
        at java.util.concurrent.locks.LockSupport.park(LockSupport.java:175)
        at java.util.concurrent.locks.AbstractQueuedSynchronizer$ConditionObject.await(AbstractQueuedSynchronizer.java:2039)
        at java.util.concurrent.ArrayBlockingQueue.take(ArrayBlockingQueue.java:403)
        at java.util.concurrent.ThreadPoolExecutor.getTask(ThreadPoolExecutor.java:1074)
        at java.util.concurrent.ThreadPoolExecutor.runWorker(ThreadPoolExecutor.java:1134)
        at java.util.concurrent.ThreadPoolExecutor$Worker.run(ThreadPoolExecutor.java:624)
        at java.lang.Thread.run(Thread.java:748)
"grpc-default-worker-ELG-3-1" daemon prio=5 tid=785 runnable
java.lang.Thread.State: RUNNABLE
        at sun.nio.ch.EPollArrayWrapper.epollWait(Native Method)
        at sun.nio.ch.EPollArrayWrapper.poll(EPollArrayWrapper.java:269)
        at sun.nio.ch.EPollSelectorImpl.doSelect(EPollSelectorImpl.java:93)
        at sun.nio.ch.SelectorImpl.lockAndDoSelect(SelectorImpl.java:86)
        at sun.nio.ch.SelectorImpl.select(SelectorImpl.java:97)
        at org.apache.ratis.thirdparty.io.netty.channel.nio.SelectedSelectionKeySetSelector.select(SelectedSelectionKeySetSelector.java:62)
        at org.apache.ratis.thirdparty.io.netty.channel.nio.NioEventLoop.select(NioEventLoop.java:753)
        at org.apache.ratis.thirdparty.io.netty.channel.nio.NioEventLoop.run(NioEventLoop.java:408)
        at org.apache.ratis.thirdparty.io.netty.util.concurrent.SingleThreadEventExecutor$5.run(SingleThreadEventExecutor.java:897)
        at org.apache.ratis.thirdparty.io.netty.util.concurrent.FastThreadLocalRunnable.run(FastThreadLocalRunnable.java:30)
        at java.lang.Thread.run(Thread.java:748)
"pool-76-thread-13"  prio=5 tid=664 in Object.wait()
java.lang.Thread.State: WAITING (on object monitor)
        at sun.misc.Unsafe.park(Native Method)
        at java.util.concurrent.locks.LockSupport.park(LockSupport.java:175)
        at java.util.concurrent.locks.AbstractQueuedSynchronizer$ConditionObject.await(AbstractQueuedSynchronizer.java:2039)
        at java.util.concurrent.ArrayBlockingQueue.take(ArrayBlockingQueue.java:403)
        at java.util.concurrent.ThreadPoolExecutor.getTask(ThreadPoolExecutor.java:1074)
        at java.util.concurrent.ThreadPoolExecutor.runWorker(ThreadPoolExecutor.java:1134)
        at java.util.concurrent.ThreadPoolExecutor$Worker.run(ThreadPoolExecutor.java:624)
        at java.lang.Thread.run(Thread.java:748)
"Datanode State Machine Thread - 0" daemon prio=5 tid=179 timed_waiting
java.lang.Thread.State: TIMED_WAITING
        at sun.misc.Unsafe.park(Native Method)
        at java.util.concurrent.locks.LockSupport.parkNanos(LockSupport.java:215)
        at java.util.concurrent.SynchronousQueue$TransferStack.awaitFulfill(SynchronousQueue.java:460)
        at java.util.concurrent.SynchronousQueue$TransferStack.transfer(SynchronousQueue.java:362)
        at java.util.concurrent.SynchronousQueue.poll(SynchronousQueue.java:941)
        at java.util.concurrent.ThreadPoolExecutor.getTask(ThreadPoolExecutor.java:1073)
        at java.util.concurrent.ThreadPoolExecutor.runWorker(ThreadPoolExecutor.java:1134)
        at java.util.concurrent.ThreadPoolExecutor$Worker.run(ThreadPoolExecutor.java:624)
        at java.lang.Thread.run(Thread.java:748)
"metrics-hadoop-metrics2-reporter-16-thread-1" daemon prio=5 tid=828 timed_waiting
java.lang.Thread.State: TIMED_WAITING
        at sun.misc.Unsafe.park(Native Method)
        at java.util.concurrent.locks.LockSupport.parkNanos(LockSupport.java:215)
        at java.util.concurrent.locks.AbstractQueuedSynchronizer$ConditionObject.awaitNanos(AbstractQueuedSynchronizer.java:2078)
        at java.util.concurrent.ScheduledThreadPoolExecutor$DelayedWorkQueue.take(ScheduledThreadPoolExecutor.java:1093)
        at java.util.concurrent.ScheduledThreadPoolExecutor$DelayedWorkQueue.take(ScheduledThreadPoolExecutor.java:809)
        at java.util.concurrent.ThreadPoolExecutor.getTask(ThreadPoolExecutor.java:1074)
        at java.util.concurrent.ThreadPoolExecutor.runWorker(ThreadPoolExecutor.java:1134)
        at java.util.concurrent.ThreadPoolExecutor$Worker.run(ThreadPoolExecutor.java:624)
        at java.lang.Thread.run(Thread.java:748)
"qtp680988889-94" daemon prio=5 tid=94 timed_waiting
java.lang.Thread.State: TIMED_WAITING
        at sun.misc.Unsafe.park(Native Method)
        at java.util.concurrent.locks.LockSupport.parkNanos(LockSupport.java:215)
        at java.util.concurrent.locks.AbstractQueuedSynchronizer$ConditionObject.awaitNanos(AbstractQueuedSynchronizer.java:2078)
        at org.eclipse.jetty.util.BlockingArrayQueue.poll(BlockingArrayQueue.java:392)
        at org.eclipse.jetty.util.thread.QueuedThreadPool.idleJobPoll(QueuedThreadPool.java:563)
        at org.eclipse.jetty.util.thread.QueuedThreadPool.access$800(QueuedThreadPool.java:48)
        at org.eclipse.jetty.util.thread.QueuedThreadPool$2.run(QueuedThreadPool.java:626)
        at java.lang.Thread.run(Thread.java:748)
"pool-76-thread-40"  prio=5 tid=691 in Object.wait()
java.lang.Thread.State: WAITING (on object monitor)
        at sun.misc.Unsafe.park(Native Method)
        at java.util.concurrent.locks.LockSupport.park(LockSupport.java:175)
        at java.util.concurrent.locks.AbstractQueuedSynchronizer$ConditionObject.await(AbstractQueuedSynchronizer.java:2039)
        at java.util.concurrent.ArrayBlockingQueue.take(ArrayBlockingQueue.java:403)
        at java.util.concurrent.ThreadPoolExecutor.getTask(ThreadPoolExecutor.java:1074)
        at java.util.concurrent.ThreadPoolExecutor.runWorker(ThreadPoolExecutor.java:1134)
        at java.util.concurrent.ThreadPoolExecutor$Worker.run(ThreadPoolExecutor.java:624)
        at java.lang.Thread.run(Thread.java:748)
"IPC Server handler 0 on 36674" daemon prio=5 tid=69 timed_waiting
java.lang.Thread.State: TIMED_WAITING
        at sun.misc.Unsafe.park(Native Method)
        at java.util.concurrent.locks.LockSupport.parkNanos(LockSupport.java:215)
        at java.util.concurrent.locks.AbstractQueuedSynchronizer$ConditionObject.awaitNanos(AbstractQueuedSynchronizer.java:2078)
        at java.util.concurrent.LinkedBlockingQueue.poll(LinkedBlockingQueue.java:467)
        at org.apache.hadoop.ipc.CallQueueManager.take(CallQueueManager.java:288)
        at org.apache.hadoop.ipc.Server$Handler.run(Server.java:2668)
"metrics-hadoop-metrics2-reporter-74-thread-1" daemon prio=5 tid=1114 timed_waiting
java.lang.Thread.State: TIMED_WAITING
        at sun.misc.Unsafe.park(Native Method)
        at java.util.concurrent.locks.LockSupport.parkNanos(LockSupport.java:215)
        at java.util.concurrent.locks.AbstractQueuedSynchronizer$ConditionObject.awaitNanos(AbstractQueuedSynchronizer.java:2078)
        at java.util.concurrent.ScheduledThreadPoolExecutor$DelayedWorkQueue.take(ScheduledThreadPoolExecutor.java:1093)
        at java.util.concurrent.ScheduledThreadPoolExecutor$DelayedWorkQueue.take(ScheduledThreadPoolExecutor.java:809)
        at java.util.concurrent.ThreadPoolExecutor.getTask(ThreadPoolExecutor.java:1074)
        at java.util.concurrent.ThreadPoolExecutor.runWorker(ThreadPoolExecutor.java:1134)
        at java.util.concurrent.ThreadPoolExecutor$Worker.run(ThreadPoolExecutor.java:624)
        at java.lang.Thread.run(Thread.java:748)
"pool-26-thread-35"  prio=5 tid=431 in Object.wait()
java.lang.Thread.State: WAITING (on object monitor)
        at sun.misc.Unsafe.park(Native Method)
        at java.util.concurrent.locks.LockSupport.park(LockSupport.java:175)
        at java.util.concurrent.locks.AbstractQueuedSynchronizer$ConditionObject.await(AbstractQueuedSynchronizer.java:2039)
        at java.util.concurrent.ArrayBlockingQueue.take(ArrayBlockingQueue.java:403)
        at java.util.concurrent.ThreadPoolExecutor.getTask(ThreadPoolExecutor.java:1074)
        at java.util.concurrent.ThreadPoolExecutor.runWorker(ThreadPoolExecutor.java:1134)
        at java.util.concurrent.ThreadPoolExecutor$Worker.run(ThreadPoolExecutor.java:624)
        at java.lang.Thread.run(Thread.java:748)
"24274e9f-e41f-4654-9afc-a783ca44e44b@group-20BE3FF63202-StateMachineUpdater" daemon prio=5 tid=1024 in Object.wait()
java.lang.Thread.State: WAITING (on object monitor)
        at java.lang.Object.wait(Native Method)
        at java.lang.Object.wait(Object.java:502)
        at org.apache.ratis.server.impl.StateMachineUpdater.waitForCommit(StateMachineUpdater.java:194)
        at org.apache.ratis.server.impl.StateMachineUpdater.run(StateMachineUpdater.java:159)
        at java.lang.Thread.run(Thread.java:748)
"48796f01-a45e-4e78-98f3-7a8f6b07cc28@group-7DC3B7510CFE-StateMachineUpdater" daemon prio=5 tid=854 in Object.wait()
java.lang.Thread.State: WAITING (on object monitor)
        at java.lang.Object.wait(Native Method)
        at java.lang.Object.wait(Object.java:502)
        at org.apache.ratis.server.impl.StateMachineUpdater.waitForCommit(StateMachineUpdater.java:194)
        at org.apache.ratis.server.impl.StateMachineUpdater.run(StateMachineUpdater.java:159)
        at java.lang.Thread.run(Thread.java:748)
"pool-76-thread-25"  prio=5 tid=676 in Object.wait()
java.lang.Thread.State: WAITING (on object monitor)
        at sun.misc.Unsafe.park(Native Method)
        at java.util.concurrent.locks.LockSupport.park(LockSupport.java:175)
        at java.util.concurrent.locks.AbstractQueuedSynchronizer$ConditionObject.await(AbstractQueuedSynchronizer.java:2039)
        at java.util.concurrent.ArrayBlockingQueue.take(ArrayBlockingQueue.java:403)
        at java.util.concurrent.ThreadPoolExecutor.getTask(ThreadPoolExecutor.java:1074)
        at java.util.concurrent.ThreadPoolExecutor.runWorker(ThreadPoolExecutor.java:1134)
        at java.util.concurrent.ThreadPoolExecutor$Worker.run(ThreadPoolExecutor.java:624)
        at java.lang.Thread.run(Thread.java:748)
"IPC Server handler 2 on 36674" daemon prio=5 tid=71 timed_waiting
java.lang.Thread.State: TIMED_WAITING
        at sun.misc.Unsafe.park(Native Method)
        at java.util.concurrent.locks.LockSupport.parkNanos(LockSupport.java:215)
        at java.util.concurrent.locks.AbstractQueuedSynchronizer$ConditionObject.awaitNanos(AbstractQueuedSynchronizer.java:2078)
        at java.util.concurrent.LinkedBlockingQueue.poll(LinkedBlockingQueue.java:467)
        at org.apache.hadoop.ipc.CallQueueManager.take(CallQueueManager.java:288)
        at org.apache.hadoop.ipc.Server$Handler.run(Server.java:2668)
"pool-66-thread-2"  prio=5 tid=582 in Object.wait()
java.lang.Thread.State: WAITING (on object monitor)
        at sun.misc.Unsafe.park(Native Method)
        at java.util.concurrent.locks.LockSupport.park(LockSupport.java:175)
        at java.util.concurrent.locks.AbstractQueuedSynchronizer$ConditionObject.await(AbstractQueuedSynchronizer.java:2039)
        at java.util.concurrent.ArrayBlockingQueue.take(ArrayBlockingQueue.java:403)
        at java.util.concurrent.ThreadPoolExecutor.getTask(ThreadPoolExecutor.java:1074)
        at java.util.concurrent.ThreadPoolExecutor.runWorker(ThreadPoolExecutor.java:1134)
        at java.util.concurrent.ThreadPoolExecutor$Worker.run(ThreadPoolExecutor.java:624)
        at java.lang.Thread.run(Thread.java:748)
"metrics-hadoop-metrics2-reporter-17-thread-1" daemon prio=5 tid=831 timed_waiting
java.lang.Thread.State: TIMED_WAITING
        at sun.misc.Unsafe.park(Native Method)
        at java.util.concurrent.locks.LockSupport.parkNanos(LockSupport.java:215)
        at java.util.concurrent.locks.AbstractQueuedSynchronizer$ConditionObject.awaitNanos(AbstractQueuedSynchronizer.java:2078)
        at java.util.concurrent.ScheduledThreadPoolExecutor$DelayedWorkQueue.take(ScheduledThreadPoolExecutor.java:1093)
        at java.util.concurrent.ScheduledThreadPoolExecutor$DelayedWorkQueue.take(ScheduledThreadPoolExecutor.java:809)
        at java.util.concurrent.ThreadPoolExecutor.getTask(ThreadPoolExecutor.java:1074)
        at java.util.concurrent.ThreadPoolExecutor.runWorker(ThreadPoolExecutor.java:1134)
        at java.util.concurrent.ThreadPoolExecutor$Worker.run(ThreadPoolExecutor.java:624)
        at java.lang.Thread.run(Thread.java:748)
"pool-76-thread-19"  prio=5 tid=670 in Object.wait()
java.lang.Thread.State: WAITING (on object monitor)
        at sun.misc.Unsafe.park(Native Method)
        at java.util.concurrent.locks.LockSupport.park(LockSupport.java:175)
        at java.util.concurrent.locks.AbstractQueuedSynchronizer$ConditionObject.await(AbstractQueuedSynchronizer.java:2039)
        at java.util.concurrent.ArrayBlockingQueue.take(ArrayBlockingQueue.java:403)
        at java.util.concurrent.ThreadPoolExecutor.getTask(ThreadPoolExecutor.java:1074)
        at java.util.concurrent.ThreadPoolExecutor.runWorker(ThreadPoolExecutor.java:1134)
        at java.util.concurrent.ThreadPoolExecutor$Worker.run(ThreadPoolExecutor.java:624)
        at java.lang.Thread.run(Thread.java:748)
"pool-46-thread-56"  prio=5 tid=516 in Object.wait()
java.lang.Thread.State: WAITING (on object monitor)
        at sun.misc.Unsafe.park(Native Method)
        at java.util.concurrent.locks.LockSupport.park(LockSupport.java:175)
        at java.util.concurrent.locks.AbstractQueuedSynchronizer$ConditionObject.await(AbstractQueuedSynchronizer.java:2039)
        at java.util.concurrent.ArrayBlockingQueue.take(ArrayBlockingQueue.java:403)
        at java.util.concurrent.ThreadPoolExecutor.getTask(ThreadPoolExecutor.java:1074)
        at java.util.concurrent.ThreadPoolExecutor.runWorker(ThreadPoolExecutor.java:1134)
        at java.util.concurrent.ThreadPoolExecutor$Worker.run(ThreadPoolExecutor.java:624)
        at java.lang.Thread.run(Thread.java:748)
"pool-46-thread-12"  prio=5 tid=381 in Object.wait()
java.lang.Thread.State: WAITING (on object monitor)
        at sun.misc.Unsafe.park(Native Method)
        at java.util.concurrent.locks.LockSupport.park(LockSupport.java:175)
        at java.util.concurrent.locks.AbstractQueuedSynchronizer$ConditionObject.await(AbstractQueuedSynchronizer.java:2039)
        at java.util.concurrent.ArrayBlockingQueue.take(ArrayBlockingQueue.java:403)
        at java.util.concurrent.ThreadPoolExecutor.getTask(ThreadPoolExecutor.java:1074)
        at java.util.concurrent.ThreadPoolExecutor.runWorker(ThreadPoolExecutor.java:1134)
        at java.util.concurrent.ThreadPoolExecutor$Worker.run(ThreadPoolExecutor.java:624)
        at java.lang.Thread.run(Thread.java:748)
"IPC Server handler 6 on 45290" daemon prio=5 tid=55 timed_waiting
java.lang.Thread.State: TIMED_WAITING
        at sun.misc.Unsafe.park(Native Method)
        at java.util.concurrent.locks.LockSupport.parkNanos(LockSupport.java:215)
        at java.util.concurrent.locks.AbstractQueuedSynchronizer$ConditionObject.awaitNanos(AbstractQueuedSynchronizer.java:2078)
        at java.util.concurrent.LinkedBlockingQueue.poll(LinkedBlockingQueue.java:467)
        at org.apache.hadoop.ipc.CallQueueManager.take(CallQueueManager.java:288)
        at org.apache.hadoop.ipc.Server$Handler.run(Server.java:2668)
"qtp680988889-93" daemon prio=5 tid=93 timed_waiting
java.lang.Thread.State: TIMED_WAITING
        at sun.misc.Unsafe.park(Native Method)
        at java.util.concurrent.locks.LockSupport.parkNanos(LockSupport.java:215)
        at java.util.concurrent.locks.AbstractQueuedSynchronizer$ConditionObject.awaitNanos(AbstractQueuedSynchronizer.java:2078)
        at org.eclipse.jetty.util.BlockingArrayQueue.poll(BlockingArrayQueue.java:392)
        at org.eclipse.jetty.util.thread.QueuedThreadPool.idleJobPoll(QueuedThreadPool.java:563)
        at org.eclipse.jetty.util.thread.QueuedThreadPool.access$800(QueuedThreadPool.java:48)
        at org.eclipse.jetty.util.thread.QueuedThreadPool$2.run(QueuedThreadPool.java:626)
        at java.lang.Thread.run(Thread.java:748)
"pool-36-thread-25"  prio=5 tid=418 in Object.wait()
java.lang.Thread.State: WAITING (on object monitor)
        at sun.misc.Unsafe.park(Native Method)
        at java.util.concurrent.locks.LockSupport.park(LockSupport.java:175)
        at java.util.concurrent.locks.AbstractQueuedSynchronizer$ConditionObject.await(AbstractQueuedSynchronizer.java:2039)
        at java.util.concurrent.ArrayBlockingQueue.take(ArrayBlockingQueue.java:403)
        at java.util.concurrent.ThreadPoolExecutor.getTask(ThreadPoolExecutor.java:1074)
        at java.util.concurrent.ThreadPoolExecutor.runWorker(ThreadPoolExecutor.java:1134)
        at java.util.concurrent.ThreadPoolExecutor$Worker.run(ThreadPoolExecutor.java:624)
        at java.lang.Thread.run(Thread.java:748)
"pool-67-thread-1"  prio=5 tid=860 in Object.wait()
java.lang.Thread.State: WAITING (on object monitor)
        at sun.misc.Unsafe.park(Native Method)
        at java.util.concurrent.locks.LockSupport.park(LockSupport.java:175)
        at java.util.concurrent.locks.AbstractQueuedSynchronizer$ConditionObject.await(AbstractQueuedSynchronizer.java:2039)
        at java.util.concurrent.LinkedBlockingQueue.take(LinkedBlockingQueue.java:442)
        at java.util.concurrent.ThreadPoolExecutor.getTask(ThreadPoolExecutor.java:1074)
        at java.util.concurrent.ThreadPoolExecutor.runWorker(ThreadPoolExecutor.java:1134)
        at java.util.concurrent.ThreadPoolExecutor$Worker.run(ThreadPoolExecutor.java:624)
        at java.lang.Thread.run(Thread.java:748)
"Timer-0"  prio=5 tid=112 timed_waiting
java.lang.Thread.State: TIMED_WAITING
        at java.lang.Object.wait(Native Method)
        at java.util.TimerThread.mainLoop(Timer.java:552)
        at java.util.TimerThread.run(Timer.java:505)
"qtp64989209-294" daemon prio=5 tid=294 runnable
java.lang.Thread.State: RUNNABLE
        at sun.nio.ch.EPollArrayWrapper.epollWait(Native Method)
        at sun.nio.ch.EPollArrayWrapper.poll(EPollArrayWrapper.java:269)
        at sun.nio.ch.EPollSelectorImpl.doSelect(EPollSelectorImpl.java:93)
        at sun.nio.ch.SelectorImpl.lockAndDoSelect(SelectorImpl.java:86)
        at sun.nio.ch.SelectorImpl.select(SelectorImpl.java:97)
        at sun.nio.ch.SelectorImpl.select(SelectorImpl.java:101)
        at org.eclipse.jetty.io.ManagedSelector$SelectorProducer.select(ManagedSelector.java:243)
        at org.eclipse.jetty.io.ManagedSelector$SelectorProducer.produce(ManagedSelector.java:191)
        at org.eclipse.jetty.util.thread.strategy.ExecuteProduceConsume.executeProduceConsume(ExecuteProduceConsume.java:249)
        at org.eclipse.jetty.util.thread.strategy.ExecuteProduceConsume.produceConsume(ExecuteProduceConsume.java:148)
        at org.eclipse.jetty.util.thread.strategy.ExecuteProduceConsume.execute(ExecuteProduceConsume.java:100)
        at org.eclipse.jetty.io.ManagedSelector.run(ManagedSelector.java:147)
        at org.eclipse.jetty.util.thread.QueuedThreadPool.runJob(QueuedThreadPool.java:671)
        at org.eclipse.jetty.util.thread.QueuedThreadPool$2.run(QueuedThreadPool.java:589)
        at java.lang.Thread.run(Thread.java:748)
"pool-76-thread-38"  prio=5 tid=689 in Object.wait()
java.lang.Thread.State: WAITING (on object monitor)
        at sun.misc.Unsafe.park(Native Method)
        at java.util.concurrent.locks.LockSupport.park(LockSupport.java:175)
        at java.util.concurrent.locks.AbstractQueuedSynchronizer$ConditionObject.await(AbstractQueuedSynchronizer.java:2039)
        at java.util.concurrent.ArrayBlockingQueue.take(ArrayBlockingQueue.java:403)
        at java.util.concurrent.ThreadPoolExecutor.getTask(ThreadPoolExecutor.java:1074)
        at java.util.concurrent.ThreadPoolExecutor.runWorker(ThreadPoolExecutor.java:1134)
        at java.util.concurrent.ThreadPoolExecutor$Worker.run(ThreadPoolExecutor.java:624)
        at java.lang.Thread.run(Thread.java:748)
"IPC Server listener on 44783" daemon prio=5 tid=107 runnable
java.lang.Thread.State: RUNNABLE
        at sun.nio.ch.EPollArrayWrapper.epollWait(Native Method)
        at sun.nio.ch.EPollArrayWrapper.poll(EPollArrayWrapper.java:269)
        at sun.nio.ch.EPollSelectorImpl.doSelect(EPollSelectorImpl.java:93)
        at sun.nio.ch.SelectorImpl.lockAndDoSelect(SelectorImpl.java:86)
        at sun.nio.ch.SelectorImpl.select(SelectorImpl.java:97)
        at sun.nio.ch.SelectorImpl.select(SelectorImpl.java:101)
        at org.apache.hadoop.ipc.Server$Listener.run(Server.java:1159)
"Datanode ReportManager Thread - 2" daemon prio=5 tid=281 timed_waiting
java.lang.Thread.State: TIMED_WAITING
        at sun.misc.Unsafe.park(Native Method)
        at java.util.concurrent.locks.LockSupport.parkNanos(LockSupport.java:215)
        at java.util.concurrent.locks.AbstractQueuedSynchronizer$ConditionObject.awaitNanos(AbstractQueuedSynchronizer.java:2078)
        at java.util.concurrent.ScheduledThreadPoolExecutor$DelayedWorkQueue.take(ScheduledThreadPoolExecutor.java:1093)
        at java.util.concurrent.ScheduledThreadPoolExecutor$DelayedWorkQueue.take(ScheduledThreadPoolExecutor.java:809)
        at java.util.concurrent.ThreadPoolExecutor.getTask(ThreadPoolExecutor.java:1074)
        at java.util.concurrent.ThreadPoolExecutor.runWorker(ThreadPoolExecutor.java:1134)
        at java.util.concurrent.ThreadPoolExecutor$Worker.run(ThreadPoolExecutor.java:624)
        at java.lang.Thread.run(Thread.java:748)
"org.eclipse.jetty.server.session.HashSessionManager@a098d76Timer" daemon prio=5 tid=275 timed_waiting
java.lang.Thread.State: TIMED_WAITING
        at sun.misc.Unsafe.park(Native Method)
        at java.util.concurrent.locks.LockSupport.parkNanos(LockSupport.java:215)
        at java.util.concurrent.locks.AbstractQueuedSynchronizer$ConditionObject.awaitNanos(AbstractQueuedSynchronizer.java:2078)
        at java.util.concurrent.ScheduledThreadPoolExecutor$DelayedWorkQueue.take(ScheduledThreadPoolExecutor.java:1093)
        at java.util.concurrent.ScheduledThreadPoolExecutor$DelayedWorkQueue.take(ScheduledThreadPoolExecutor.java:809)
        at java.util.concurrent.ThreadPoolExecutor.getTask(ThreadPoolExecutor.java:1074)
        at java.util.concurrent.ThreadPoolExecutor.runWorker(ThreadPoolExecutor.java:1134)
        at java.util.concurrent.ThreadPoolExecutor$Worker.run(ThreadPoolExecutor.java:624)
        at java.lang.Thread.run(Thread.java:748)
"org.eclipse.jetty.server.session.HashSessionManager@660f0cTimer" daemon prio=5 tid=196 timed_waiting
java.lang.Thread.State: TIMED_WAITING
        at sun.misc.Unsafe.park(Native Method)
        at java.util.concurrent.locks.LockSupport.parkNanos(LockSupport.java:215)
        at java.util.concurrent.locks.AbstractQueuedSynchronizer$ConditionObject.awaitNanos(AbstractQueuedSynchronizer.java:2078)
        at java.util.concurrent.ScheduledThreadPoolExecutor$DelayedWorkQueue.take(ScheduledThreadPoolExecutor.java:1093)
        at java.util.concurrent.ScheduledThreadPoolExecutor$DelayedWorkQueue.take(ScheduledThreadPoolExecutor.java:809)
        at java.util.concurrent.ThreadPoolExecutor.getTask(ThreadPoolExecutor.java:1074)
        at java.util.concurrent.ThreadPoolExecutor.runWorker(ThreadPoolExecutor.java:1134)
        at java.util.concurrent.ThreadPoolExecutor$Worker.run(ThreadPoolExecutor.java:624)
        at java.lang.Thread.run(Thread.java:748)
"metrics-hadoop-metrics2-reporter-8-thread-1" daemon prio=5 tid=808 timed_waiting
java.lang.Thread.State: TIMED_WAITING
        at sun.misc.Unsafe.park(Native Method)
        at java.util.concurrent.locks.LockSupport.parkNanos(LockSupport.java:215)
        at java.util.concurrent.locks.AbstractQueuedSynchronizer$ConditionObject.awaitNanos(AbstractQueuedSynchronizer.java:2078)
        at java.util.concurrent.ScheduledThreadPoolExecutor$DelayedWorkQueue.take(ScheduledThreadPoolExecutor.java:1093)
        at java.util.concurrent.ScheduledThreadPoolExecutor$DelayedWorkQueue.take(ScheduledThreadPoolExecutor.java:809)
        at java.util.concurrent.ThreadPoolExecutor.getTask(ThreadPoolExecutor.java:1074)
        at java.util.concurrent.ThreadPoolExecutor.runWorker(ThreadPoolExecutor.java:1134)
        at java.util.concurrent.ThreadPoolExecutor$Worker.run(ThreadPoolExecutor.java:624)
        at java.lang.Thread.run(Thread.java:748)
"pool-46-thread-23"  prio=5 tid=410 in Object.wait()
java.lang.Thread.State: WAITING (on object monitor)
        at sun.misc.Unsafe.park(Native Method)
        at java.util.concurrent.locks.LockSupport.park(LockSupport.java:175)
        at java.util.concurrent.locks.AbstractQueuedSynchronizer$ConditionObject.await(AbstractQueuedSynchronizer.java:2039)
        at java.util.concurrent.ArrayBlockingQueue.take(ArrayBlockingQueue.java:403)
        at java.util.concurrent.ThreadPoolExecutor.getTask(ThreadPoolExecutor.java:1074)
        at java.util.concurrent.ThreadPoolExecutor.runWorker(ThreadPoolExecutor.java:1134)
        at java.util.concurrent.ThreadPoolExecutor$Worker.run(ThreadPoolExecutor.java:624)
        at java.lang.Thread.run(Thread.java:748)
"org.eclipse.jetty.server.session.HashSessionManager@73c9e8e8Timer" daemon prio=5 tid=169 timed_waiting
java.lang.Thread.State: TIMED_WAITING
        at sun.misc.Unsafe.park(Native Method)
        at java.util.concurrent.locks.LockSupport.parkNanos(LockSupport.java:215)
        at java.util.concurrent.locks.AbstractQueuedSynchronizer$ConditionObject.awaitNanos(AbstractQueuedSynchronizer.java:2078)
        at java.util.concurrent.ScheduledThreadPoolExecutor$DelayedWorkQueue.take(ScheduledThreadPoolExecutor.java:1093)
        at java.util.concurrent.ScheduledThreadPoolExecutor$DelayedWorkQueue.take(ScheduledThreadPoolExecutor.java:809)
        at java.util.concurrent.ThreadPoolExecutor.getTask(ThreadPoolExecutor.java:1074)
        at java.util.concurrent.ThreadPoolExecutor.runWorker(ThreadPoolExecutor.java:1134)
        at java.util.concurrent.ThreadPoolExecutor$Worker.run(ThreadPoolExecutor.java:624)
        at java.lang.Thread.run(Thread.java:748)
"Datanode State Machine Thread - 0" daemon prio=5 tid=197 timed_waiting
java.lang.Thread.State: TIMED_WAITING
        at java.lang.Thread.sleep(Native Method)
        at org.apache.hadoop.ozone.container.common.statemachine.DatanodeStateMachine.start(DatanodeStateMachine.java:191)
        at org.apache.hadoop.ozone.container.common.statemachine.DatanodeStateMachine.lambda$startDaemon$0(DatanodeStateMachine.java:349)
        at org.apache.hadoop.ozone.container.common.statemachine.DatanodeStateMachine$$Lambda$140/690051320.run(Unknown Source)
        at java.lang.Thread.run(Thread.java:748)
"SCMBlockDeletingService#1" daemon prio=5 tid=102 in Object.wait()
java.lang.Thread.State: WAITING (on object monitor)
        at sun.misc.Unsafe.park(Native Method)
        at java.util.concurrent.locks.LockSupport.park(LockSupport.java:175)
        at java.util.concurrent.locks.AbstractQueuedSynchronizer$ConditionObject.await(AbstractQueuedSynchronizer.java:2039)
        at java.util.concurrent.ScheduledThreadPoolExecutor$DelayedWorkQueue.take(ScheduledThreadPoolExecutor.java:1088)
        at java.util.concurrent.ScheduledThreadPoolExecutor$DelayedWorkQueue.take(ScheduledThreadPoolExecutor.java:809)
        at java.util.concurrent.ThreadPoolExecutor.getTask(ThreadPoolExecutor.java:1074)
        at java.util.concurrent.ThreadPoolExecutor.runWorker(ThreadPoolExecutor.java:1134)
        at java.util.concurrent.ThreadPoolExecutor$Worker.run(ThreadPoolExecutor.java:624)
        at java.lang.Thread.run(Thread.java:748)
"pool-56-thread-44"  prio=5 tid=564 in Object.wait()
java.lang.Thread.State: WAITING (on object monitor)
        at sun.misc.Unsafe.park(Native Method)
        at java.util.concurrent.locks.LockSupport.park(LockSupport.java:175)
        at java.util.concurrent.locks.AbstractQueuedSynchronizer$ConditionObject.await(AbstractQueuedSynchronizer.java:2039)
        at java.util.concurrent.ArrayBlockingQueue.take(ArrayBlockingQueue.java:403)
        at java.util.concurrent.ThreadPoolExecutor.getTask(ThreadPoolExecutor.java:1074)
        at java.util.concurrent.ThreadPoolExecutor.runWorker(ThreadPoolExecutor.java:1134)
        at java.util.concurrent.ThreadPoolExecutor$Worker.run(ThreadPoolExecutor.java:624)
        at java.lang.Thread.run(Thread.java:748)
"qtp1168956689-327" daemon prio=5 tid=327 timed_waiting
java.lang.Thread.State: TIMED_WAITING
        at sun.misc.Unsafe.park(Native Method)
        at java.util.concurrent.locks.LockSupport.parkNanos(LockSupport.java:215)
        at java.util.concurrent.locks.AbstractQueuedSynchronizer$ConditionObject.awaitNanos(AbstractQueuedSynchronizer.java:2078)
        at org.eclipse.jetty.util.BlockingArrayQueue.poll(BlockingArrayQueue.java:392)
        at org.eclipse.jetty.util.thread.QueuedThreadPool.idleJobPoll(QueuedThreadPool.java:563)
        at org.eclipse.jetty.util.thread.QueuedThreadPool.access$800(QueuedThreadPool.java:48)
        at org.eclipse.jetty.util.thread.QueuedThreadPool$2.run(QueuedThreadPool.java:626)
        at java.lang.Thread.run(Thread.java:748)
"pool-86-thread-49"  prio=5 tid=762 in Object.wait()
java.lang.Thread.State: WAITING (on object monitor)
        at sun.misc.Unsafe.park(Native Method)
        at java.util.concurrent.locks.LockSupport.park(LockSupport.java:175)
        at java.util.concurrent.locks.AbstractQueuedSynchronizer$ConditionObject.await(AbstractQueuedSynchronizer.java:2039)
        at java.util.concurrent.ArrayBlockingQueue.take(ArrayBlockingQueue.java:403)
        at java.util.concurrent.ThreadPoolExecutor.getTask(ThreadPoolExecutor.java:1074)
        at java.util.concurrent.ThreadPoolExecutor.runWorker(ThreadPoolExecutor.java:1134)
        at java.util.concurrent.ThreadPoolExecutor$Worker.run(ThreadPoolExecutor.java:624)
        at java.lang.Thread.run(Thread.java:748)
"java.util.concurrent.ThreadPoolExecutor$Worker@22e5c117[State = -1, empty queue]" daemon prio=5 tid=1003 timed_waiting
java.lang.Thread.State: TIMED_WAITING
        at sun.misc.Unsafe.park(Native Method)
        at java.util.concurrent.locks.LockSupport.parkNanos(LockSupport.java:215)
        at java.util.concurrent.locks.AbstractQueuedSynchronizer$ConditionObject.awaitNanos(AbstractQueuedSynchronizer.java:2078)
        at java.util.concurrent.ScheduledThreadPoolExecutor$DelayedWorkQueue.take(ScheduledThreadPoolExecutor.java:1093)
        at java.util.concurrent.ScheduledThreadPoolExecutor$DelayedWorkQueue.take(ScheduledThreadPoolExecutor.java:809)
        at java.util.concurrent.ThreadPoolExecutor.getTask(ThreadPoolExecutor.java:1074)
        at java.util.concurrent.ThreadPoolExecutor.runWorker(ThreadPoolExecutor.java:1134)
        at java.util.concurrent.ThreadPoolExecutor$Worker.run(ThreadPoolExecutor.java:624)
        at java.lang.Thread.run(Thread.java:748)
"pool-87-thread-1"  prio=5 tid=812 in Object.wait()
java.lang.Thread.State: WAITING (on object monitor)
        at sun.misc.Unsafe.park(Native Method)
        at java.util.concurrent.locks.LockSupport.park(LockSupport.java:175)
        at java.util.concurrent.locks.AbstractQueuedSynchronizer$ConditionObject.await(AbstractQueuedSynchronizer.java:2039)
        at java.util.concurrent.LinkedBlockingQueue.take(LinkedBlockingQueue.java:442)
        at java.util.concurrent.ThreadPoolExecutor.getTask(ThreadPoolExecutor.java:1074)
        at java.util.concurrent.ThreadPoolExecutor.runWorker(ThreadPoolExecutor.java:1134)
        at java.util.concurrent.ThreadPoolExecutor$Worker.run(ThreadPoolExecutor.java:624)
        at java.lang.Thread.run(Thread.java:748)
"pool-36-thread-3"  prio=5 tid=347 in Object.wait()
java.lang.Thread.State: WAITING (on object monitor)
        at sun.misc.Unsafe.park(Native Method)
        at java.util.concurrent.locks.LockSupport.park(LockSupport.java:175)
        at java.util.concurrent.locks.AbstractQueuedSynchronizer$ConditionObject.await(AbstractQueuedSynchronizer.java:2039)
        at java.util.concurrent.ArrayBlockingQueue.take(ArrayBlockingQueue.java:403)
        at java.util.concurrent.ThreadPoolExecutor.getTask(ThreadPoolExecutor.java:1074)
        at java.util.concurrent.ThreadPoolExecutor.runWorker(ThreadPoolExecutor.java:1134)
        at java.util.concurrent.ThreadPoolExecutor$Worker.run(ThreadPoolExecutor.java:624)
        at java.lang.Thread.run(Thread.java:748)
"pool-56-thread-39"  prio=5 tid=559 in Object.wait()
java.lang.Thread.State: WAITING (on object monitor)
        at sun.misc.Unsafe.park(Native Method)
        at java.util.concurrent.locks.LockSupport.park(LockSupport.java:175)
        at java.util.concurrent.locks.AbstractQueuedSynchronizer$ConditionObject.await(AbstractQueuedSynchronizer.java:2039)
        at java.util.concurrent.ArrayBlockingQueue.take(ArrayBlockingQueue.java:403)
        at java.util.concurrent.ThreadPoolExecutor.getTask(ThreadPoolExecutor.java:1074)
        at java.util.concurrent.ThreadPoolExecutor.runWorker(ThreadPoolExecutor.java:1134)
        at java.util.concurrent.ThreadPoolExecutor$Worker.run(ThreadPoolExecutor.java:624)
        at java.lang.Thread.run(Thread.java:748)
"metrics-hadoop-metrics2-reporter-52-thread-1" daemon prio=5 tid=995 timed_waiting
java.lang.Thread.State: TIMED_WAITING
        at sun.misc.Unsafe.park(Native Method)
        at java.util.concurrent.locks.LockSupport.parkNanos(LockSupport.java:215)
        at java.util.concurrent.locks.AbstractQueuedSynchronizer$ConditionObject.awaitNanos(AbstractQueuedSynchronizer.java:2078)
        at java.util.concurrent.ScheduledThreadPoolExecutor$DelayedWorkQueue.take(ScheduledThreadPoolExecutor.java:1093)
        at java.util.concurrent.ScheduledThreadPoolExecutor$DelayedWorkQueue.take(ScheduledThreadPoolExecutor.java:809)
        at java.util.concurrent.ThreadPoolExecutor.getTask(ThreadPoolExecutor.java:1074)
        at java.util.concurrent.ThreadPoolExecutor.runWorker(ThreadPoolExecutor.java:1134)
        at java.util.concurrent.ThreadPoolExecutor$Worker.run(ThreadPoolExecutor.java:624)
        at java.lang.Thread.run(Thread.java:748)
"pool-76-thread-21"  prio=5 tid=672 in Object.wait()
java.lang.Thread.State: WAITING (on object monitor)
        at sun.misc.Unsafe.park(Native Method)
        at java.util.concurrent.locks.LockSupport.park(LockSupport.java:175)
        at java.util.concurrent.locks.AbstractQueuedSynchronizer$ConditionObject.await(AbstractQueuedSynchronizer.java:2039)
        at java.util.concurrent.ArrayBlockingQueue.take(ArrayBlockingQueue.java:403)
        at java.util.concurrent.ThreadPoolExecutor.getTask(ThreadPoolExecutor.java:1074)
        at java.util.concurrent.ThreadPoolExecutor.runWorker(ThreadPoolExecutor.java:1134)
        at java.util.concurrent.ThreadPoolExecutor$Worker.run(ThreadPoolExecutor.java:624)
        at java.lang.Thread.run(Thread.java:748)
"metrics-hadoop-metrics2-reporter-65-thread-1" daemon prio=5 tid=1063 timed_waiting
java.lang.Thread.State: TIMED_WAITING
        at sun.misc.Unsafe.park(Native Method)
        at java.util.concurrent.locks.LockSupport.parkNanos(LockSupport.java:215)
        at java.util.concurrent.locks.AbstractQueuedSynchronizer$ConditionObject.awaitNanos(AbstractQueuedSynchronizer.java:2078)
        at java.util.concurrent.ScheduledThreadPoolExecutor$DelayedWorkQueue.take(ScheduledThreadPoolExecutor.java:1093)
        at java.util.concurrent.ScheduledThreadPoolExecutor$DelayedWorkQueue.take(ScheduledThreadPoolExecutor.java:809)
        at java.util.concurrent.ThreadPoolExecutor.getTask(ThreadPoolExecutor.java:1074)
        at java.util.concurrent.ThreadPoolExecutor.runWorker(ThreadPoolExecutor.java:1134)
        at java.util.concurrent.ThreadPoolExecutor$Worker.run(ThreadPoolExecutor.java:624)
        at java.lang.Thread.run(Thread.java:748)
"Thread-253" daemon prio=5 tid=826 timed_waiting
java.lang.Thread.State: TIMED_WAITING
        at sun.misc.Unsafe.park(Native Method)
        at java.util.concurrent.locks.LockSupport.parkNanos(LockSupport.java:215)
        at java.util.concurrent.locks.AbstractQueuedSynchronizer$ConditionObject.awaitNanos(AbstractQueuedSynchronizer.java:2078)
        at java.util.concurrent.ArrayBlockingQueue.poll(ArrayBlockingQueue.java:418)
        at org.apache.ratis.server.impl.LeaderState$EventQueue.poll(LeaderState.java:115)
        at org.apache.ratis.server.impl.LeaderState$EventProcessor.run(LeaderState.java:467)
"pool-46-thread-55"  prio=5 tid=515 in Object.wait()
java.lang.Thread.State: WAITING (on object monitor)
        at sun.misc.Unsafe.park(Native Method)
        at java.util.concurrent.locks.LockSupport.park(LockSupport.java:175)
        at java.util.concurrent.locks.AbstractQueuedSynchronizer$ConditionObject.await(AbstractQueuedSynchronizer.java:2039)
        at java.util.concurrent.ArrayBlockingQueue.take(ArrayBlockingQueue.java:403)
        at java.util.concurrent.ThreadPoolExecutor.getTask(ThreadPoolExecutor.java:1074)
        at java.util.concurrent.ThreadPoolExecutor.runWorker(ThreadPoolExecutor.java:1134)
        at java.util.concurrent.ThreadPoolExecutor$Worker.run(ThreadPoolExecutor.java:624)
        at java.lang.Thread.run(Thread.java:748)
"Datanode ReportManager Thread - 0" daemon prio=5 tid=225 in Object.wait()
java.lang.Thread.State: WAITING (on object monitor)
        at sun.misc.Unsafe.park(Native Method)
        at java.util.concurrent.locks.LockSupport.park(LockSupport.java:175)
        at java.util.concurrent.locks.AbstractQueuedSynchronizer$ConditionObject.await(AbstractQueuedSynchronizer.java:2039)
        at java.util.concurrent.ScheduledThreadPoolExecutor$DelayedWorkQueue.take(ScheduledThreadPoolExecutor.java:1088)
        at java.util.concurrent.ScheduledThreadPoolExecutor$DelayedWorkQueue.take(ScheduledThreadPoolExecutor.java:809)
        at java.util.concurrent.ThreadPoolExecutor.getTask(ThreadPoolExecutor.java:1074)
        at java.util.concurrent.ThreadPoolExecutor.runWorker(ThreadPoolExecutor.java:1134)
        at java.util.concurrent.ThreadPoolExecutor$Worker.run(ThreadPoolExecutor.java:624)
        at java.lang.Thread.run(Thread.java:748)
"pool-56-thread-31"  prio=5 tid=551 in Object.wait()
java.lang.Thread.State: WAITING (on object monitor)
        at sun.misc.Unsafe.park(Native Method)
        at java.util.concurrent.locks.LockSupport.park(LockSupport.java:175)
        at java.util.concurrent.locks.AbstractQueuedSynchronizer$ConditionObject.await(AbstractQueuedSynchronizer.java:2039)
        at java.util.concurrent.ArrayBlockingQueue.take(ArrayBlockingQueue.java:403)
        at java.util.concurrent.ThreadPoolExecutor.getTask(ThreadPoolExecutor.java:1074)
        at java.util.concurrent.ThreadPoolExecutor.runWorker(ThreadPoolExecutor.java:1134)
        at java.util.concurrent.ThreadPoolExecutor$Worker.run(ThreadPoolExecutor.java:624)
        at java.lang.Thread.run(Thread.java:748)
"org.eclipse.jetty.server.session.HashSessionManager@79b84841Timer" daemon prio=5 tid=249 timed_waiting
java.lang.Thread.State: TIMED_WAITING
        at sun.misc.Unsafe.park(Native Method)
        at java.util.concurrent.locks.LockSupport.parkNanos(LockSupport.java:215)
        at java.util.concurrent.locks.AbstractQueuedSynchronizer$ConditionObject.awaitNanos(AbstractQueuedSynchronizer.java:2078)
        at java.util.concurrent.ScheduledThreadPoolExecutor$DelayedWorkQueue.take(ScheduledThreadPoolExecutor.java:1093)
        at java.util.concurrent.ScheduledThreadPoolExecutor$DelayedWorkQueue.take(ScheduledThreadPoolExecutor.java:809)
        at java.util.concurrent.ThreadPoolExecutor.getTask(ThreadPoolExecutor.java:1074)
        at java.util.concurrent.ThreadPoolExecutor.runWorker(ThreadPoolExecutor.java:1134)
        at java.util.concurrent.ThreadPoolExecutor$Worker.run(ThreadPoolExecutor.java:624)
        at java.lang.Thread.run(Thread.java:748)
"metrics-hadoop-metrics2-reporter-32-thread-1" daemon prio=5 tid=867 timed_waiting
java.lang.Thread.State: TIMED_WAITING
        at sun.misc.Unsafe.park(Native Method)
        at java.util.concurrent.locks.LockSupport.parkNanos(LockSupport.java:215)
        at java.util.concurrent.locks.AbstractQueuedSynchronizer$ConditionObject.awaitNanos(AbstractQueuedSynchronizer.java:2078)
        at java.util.concurrent.ScheduledThreadPoolExecutor$DelayedWorkQueue.take(ScheduledThreadPoolExecutor.java:1093)
        at java.util.concurrent.ScheduledThreadPoolExecutor$DelayedWorkQueue.take(ScheduledThreadPoolExecutor.java:809)
        at java.util.concurrent.ThreadPoolExecutor.getTask(ThreadPoolExecutor.java:1074)
        at java.util.concurrent.ThreadPoolExecutor.runWorker(ThreadPoolExecutor.java:1134)
        at java.util.concurrent.ThreadPoolExecutor$Worker.run(ThreadPoolExecutor.java:624)
        at java.lang.Thread.run(Thread.java:748)
"IPC Server handler 8 on 44783" daemon prio=5 tid=123 timed_waiting
java.lang.Thread.State: TIMED_WAITING
        at sun.misc.Unsafe.park(Native Method)
        at java.util.concurrent.locks.LockSupport.parkNanos(LockSupport.java:215)
        at java.util.concurrent.locks.AbstractQueuedSynchronizer$ConditionObject.awaitNanos(AbstractQueuedSynchronizer.java:2078)
        at java.util.concurrent.LinkedBlockingQueue.poll(LinkedBlockingQueue.java:467)
        at org.apache.hadoop.ipc.CallQueueManager.take(CallQueueManager.java:288)
        at org.apache.hadoop.ipc.Server$Handler.run(Server.java:2668)
"prometheus" daemon prio=5 tid=100 in Object.wait()
java.lang.Thread.State: WAITING (on object monitor)
        at java.lang.Object.wait(Native Method)
        at java.lang.Object.wait(Object.java:502)
        at org.apache.hadoop.metrics2.impl.SinkQueue.waitForData(SinkQueue.java:114)
        at org.apache.hadoop.metrics2.impl.SinkQueue.consumeAll(SinkQueue.java:83)
        at org.apache.hadoop.metrics2.impl.MetricsSinkAdapter.publishMetricsFromQueue(MetricsSinkAdapter.java:135)
        at org.apache.hadoop.metrics2.impl.MetricsSinkAdapter$1.run(MetricsSinkAdapter.java:89)
"pool-26-thread-4"  prio=5 tid=351 in Object.wait()
java.lang.Thread.State: WAITING (on object monitor)
        at sun.misc.Unsafe.park(Native Method)
        at java.util.concurrent.locks.LockSupport.park(LockSupport.java:175)
        at java.util.concurrent.locks.AbstractQueuedSynchronizer$ConditionObject.await(AbstractQueuedSynchronizer.java:2039)
        at java.util.concurrent.ArrayBlockingQueue.take(ArrayBlockingQueue.java:403)
        at java.util.concurrent.ThreadPoolExecutor.getTask(ThreadPoolExecutor.java:1074)
        at java.util.concurrent.ThreadPoolExecutor.runWorker(ThreadPoolExecutor.java:1134)
        at java.util.concurrent.ThreadPoolExecutor$Worker.run(ThreadPoolExecutor.java:624)
        at java.lang.Thread.run(Thread.java:748)
"pool-86-thread-52"  prio=5 tid=765 in Object.wait()
java.lang.Thread.State: WAITING (on object monitor)
        at sun.misc.Unsafe.park(Native Method)
        at java.util.concurrent.locks.LockSupport.park(LockSupport.java:175)
        at java.util.concurrent.locks.AbstractQueuedSynchronizer$ConditionObject.await(AbstractQueuedSynchronizer.java:2039)
        at java.util.concurrent.ArrayBlockingQueue.take(ArrayBlockingQueue.java:403)
        at java.util.concurrent.ThreadPoolExecutor.getTask(ThreadPoolExecutor.java:1074)
        at java.util.concurrent.ThreadPoolExecutor.runWorker(ThreadPoolExecutor.java:1134)
        at java.util.concurrent.ThreadPoolExecutor$Worker.run(ThreadPoolExecutor.java:624)
        at java.lang.Thread.run(Thread.java:748)
"qtp1991386317-140" daemon prio=5 tid=140 timed_waiting
java.lang.Thread.State: TIMED_WAITING
        at sun.misc.Unsafe.park(Native Method)
        at java.util.concurrent.locks.LockSupport.parkNanos(LockSupport.java:215)
        at java.util.concurrent.locks.AbstractQueuedSynchronizer$ConditionObject.awaitNanos(AbstractQueuedSynchronizer.java:2078)
        at org.eclipse.jetty.util.BlockingArrayQueue.poll(BlockingArrayQueue.java:392)
        at org.eclipse.jetty.util.thread.QueuedThreadPool.idleJobPoll(QueuedThreadPool.java:563)
        at org.eclipse.jetty.util.thread.QueuedThreadPool.access$800(QueuedThreadPool.java:48)
        at org.eclipse.jetty.util.thread.QueuedThreadPool$2.run(QueuedThreadPool.java:626)
        at java.lang.Thread.run(Thread.java:748)
"pool-26-thread-43"  prio=5 tid=451 in Object.wait()
java.lang.Thread.State: WAITING (on object monitor)
        at sun.misc.Unsafe.park(Native Method)
        at java.util.concurrent.locks.LockSupport.park(LockSupport.java:175)
        at java.util.concurrent.locks.AbstractQueuedSynchronizer$ConditionObject.await(AbstractQueuedSynchronizer.java:2039)
        at java.util.concurrent.ArrayBlockingQueue.take(ArrayBlockingQueue.java:403)
        at java.util.concurrent.ThreadPoolExecutor.getTask(ThreadPoolExecutor.java:1074)
        at java.util.concurrent.ThreadPoolExecutor.runWorker(ThreadPoolExecutor.java:1134)
        at java.util.concurrent.ThreadPoolExecutor$Worker.run(ThreadPoolExecutor.java:624)
        at java.lang.Thread.run(Thread.java:748)
"Datanode ReportManager Thread - 2" daemon prio=5 tid=173 timed_waiting
java.lang.Thread.State: TIMED_WAITING
        at sun.misc.Unsafe.park(Native Method)
        at java.util.concurrent.locks.LockSupport.parkNanos(LockSupport.java:215)
        at java.util.concurrent.locks.AbstractQueuedSynchronizer$ConditionObject.awaitNanos(AbstractQueuedSynchronizer.java:2078)
        at java.util.concurrent.ScheduledThreadPoolExecutor$DelayedWorkQueue.take(ScheduledThreadPoolExecutor.java:1093)
        at java.util.concurrent.ScheduledThreadPoolExecutor$DelayedWorkQueue.take(ScheduledThreadPoolExecutor.java:809)
        at java.util.concurrent.ThreadPoolExecutor.getTask(ThreadPoolExecutor.java:1074)
        at java.util.concurrent.ThreadPoolExecutor.runWorker(ThreadPoolExecutor.java:1134)
        at java.util.concurrent.ThreadPoolExecutor$Worker.run(ThreadPoolExecutor.java:624)
        at java.lang.Thread.run(Thread.java:748)
"Socket Reader #1 for port 45290"  prio=5 tid=19 runnable
java.lang.Thread.State: RUNNABLE
        at sun.nio.ch.EPollArrayWrapper.epollWait(Native Method)
        at sun.nio.ch.EPollArrayWrapper.poll(EPollArrayWrapper.java:269)
        at sun.nio.ch.EPollSelectorImpl.doSelect(EPollSelectorImpl.java:93)
        at sun.nio.ch.SelectorImpl.lockAndDoSelect(SelectorImpl.java:86)
        at sun.nio.ch.SelectorImpl.select(SelectorImpl.java:97)
        at sun.nio.ch.SelectorImpl.select(SelectorImpl.java:101)
        at org.apache.hadoop.ipc.Server$Listener$Reader.doRunLoop(Server.java:1097)
        at org.apache.hadoop.ipc.Server$Listener$Reader.run(Server.java:1076)
"metrics-hadoop-metrics2-reporter-9-thread-1" daemon prio=5 tid=810 timed_waiting
java.lang.Thread.State: TIMED_WAITING
        at sun.misc.Unsafe.park(Native Method)
        at java.util.concurrent.locks.LockSupport.parkNanos(LockSupport.java:215)
        at java.util.concurrent.locks.AbstractQueuedSynchronizer$ConditionObject.awaitNanos(AbstractQueuedSynchronizer.java:2078)
        at java.util.concurrent.ScheduledThreadPoolExecutor$DelayedWorkQueue.take(ScheduledThreadPoolExecutor.java:1093)
        at java.util.concurrent.ScheduledThreadPoolExecutor$DelayedWorkQueue.take(ScheduledThreadPoolExecutor.java:809)
        at java.util.concurrent.ThreadPoolExecutor.getTask(ThreadPoolExecutor.java:1074)
        at java.util.concurrent.ThreadPoolExecutor.runWorker(ThreadPoolExecutor.java:1134)
        at java.util.concurrent.ThreadPoolExecutor$Worker.run(ThreadPoolExecutor.java:624)
        at java.lang.Thread.run(Thread.java:748)
"pool-46-thread-39"  prio=5 tid=465 in Object.wait()
java.lang.Thread.State: WAITING (on object monitor)
        at sun.misc.Unsafe.park(Native Method)
        at java.util.concurrent.locks.LockSupport.park(LockSupport.java:175)
        at java.util.concurrent.locks.AbstractQueuedSynchronizer$ConditionObject.await(AbstractQueuedSynchronizer.java:2039)
        at java.util.concurrent.ArrayBlockingQueue.take(ArrayBlockingQueue.java:403)
        at java.util.concurrent.ThreadPoolExecutor.getTask(ThreadPoolExecutor.java:1074)
        at java.util.concurrent.ThreadPoolExecutor.runWorker(ThreadPoolExecutor.java:1134)
        at java.util.concurrent.ThreadPoolExecutor$Worker.run(ThreadPoolExecutor.java:624)
        at java.lang.Thread.run(Thread.java:748)
"qtp721395199-268-acceptor-0@40f039c4-ServerConnector@4745e9c{HTTP/1.1,[http/1.1]}{0.0.0.0:45899}" daemon prio=3 tid=268 runnable
java.lang.Thread.State: RUNNABLE
        at sun.nio.ch.ServerSocketChannelImpl.accept0(Native Method)
        at sun.nio.ch.ServerSocketChannelImpl.accept(ServerSocketChannelImpl.java:422)
        at sun.nio.ch.ServerSocketChannelImpl.accept(ServerSocketChannelImpl.java:250)
        at org.eclipse.jetty.server.ServerConnector.accept(ServerConnector.java:397)
        at org.eclipse.jetty.server.AbstractConnector$Acceptor.run(AbstractConnector.java:601)
        at org.eclipse.jetty.util.thread.QueuedThreadPool.runJob(QueuedThreadPool.java:671)
        at org.eclipse.jetty.util.thread.QueuedThreadPool$2.run(QueuedThreadPool.java:589)
        at java.lang.Thread.run(Thread.java:748)
"metrics-hadoop-metrics2-reporter-22-thread-1" daemon prio=5 tid=841 timed_waiting
java.lang.Thread.State: TIMED_WAITING
        at sun.misc.Unsafe.park(Native Method)
        at java.util.concurrent.locks.LockSupport.parkNanos(LockSupport.java:215)
        at java.util.concurrent.locks.AbstractQueuedSynchronizer$ConditionObject.awaitNanos(AbstractQueuedSynchronizer.java:2078)
        at java.util.concurrent.ScheduledThreadPoolExecutor$DelayedWorkQueue.take(ScheduledThreadPoolExecutor.java:1093)
        at java.util.concurrent.ScheduledThreadPoolExecutor$DelayedWorkQueue.take(ScheduledThreadPoolExecutor.java:809)
        at java.util.concurrent.ThreadPoolExecutor.getTask(ThreadPoolExecutor.java:1074)
        at java.util.concurrent.ThreadPoolExecutor.runWorker(ThreadPoolExecutor.java:1134)
        at java.util.concurrent.ThreadPoolExecutor$Worker.run(ThreadPoolExecutor.java:624)
        at java.lang.Thread.run(Thread.java:748)
"pool-50-thread-1"  prio=5 tid=212 timed_waiting
java.lang.Thread.State: TIMED_WAITING
        at sun.misc.Unsafe.park(Native Method)
        at java.util.concurrent.locks.LockSupport.parkNanos(LockSupport.java:215)
        at java.util.concurrent.locks.AbstractQueuedSynchronizer$ConditionObject.awaitNanos(AbstractQueuedSynchronizer.java:2078)
        at java.util.concurrent.ScheduledThreadPoolExecutor$DelayedWorkQueue.take(ScheduledThreadPoolExecutor.java:1093)
        at java.util.concurrent.ScheduledThreadPoolExecutor$DelayedWorkQueue.take(ScheduledThreadPoolExecutor.java:809)
        at java.util.concurrent.ThreadPoolExecutor.getTask(ThreadPoolExecutor.java:1074)
        at java.util.concurrent.ThreadPoolExecutor.runWorker(ThreadPoolExecutor.java:1134)
        at java.util.concurrent.ThreadPoolExecutor$Worker.run(ThreadPoolExecutor.java:624)
        at java.lang.Thread.run(Thread.java:748)
"pool-56-thread-1"  prio=5 tid=521 in Object.wait()
java.lang.Thread.State: WAITING (on object monitor)
        at sun.misc.Unsafe.park(Native Method)
        at java.util.concurrent.locks.LockSupport.park(LockSupport.java:175)
        at java.util.concurrent.locks.AbstractQueuedSynchronizer$ConditionObject.await(AbstractQueuedSynchronizer.java:2039)
        at java.util.concurrent.ArrayBlockingQueue.take(ArrayBlockingQueue.java:403)
        at java.util.concurrent.ThreadPoolExecutor.getTask(ThreadPoolExecutor.java:1074)
        at java.util.concurrent.ThreadPoolExecutor.runWorker(ThreadPoolExecutor.java:1134)
        at java.util.concurrent.ThreadPoolExecutor$Worker.run(ThreadPoolExecutor.java:624)
        at java.lang.Thread.run(Thread.java:748)
"IPC Server handler 14 on 45589" daemon prio=5 tid=43 timed_waiting
java.lang.Thread.State: TIMED_WAITING
        at sun.misc.Unsafe.park(Native Method)
        at java.util.concurrent.locks.LockSupport.parkNanos(LockSupport.java:215)
        at java.util.concurrent.locks.AbstractQueuedSynchronizer$ConditionObject.awaitNanos(AbstractQueuedSynchronizer.java:2078)
        at java.util.concurrent.LinkedBlockingQueue.poll(LinkedBlockingQueue.java:467)
        at org.apache.hadoop.ipc.CallQueueManager.take(CallQueueManager.java:288)
        at org.apache.hadoop.ipc.Server$Handler.run(Server.java:2668)
"pool-86-thread-51"  prio=5 tid=764 in Object.wait()
java.lang.Thread.State: WAITING (on object monitor)
        at sun.misc.Unsafe.park(Native Method)
        at java.util.concurrent.locks.LockSupport.park(LockSupport.java:175)
        at java.util.concurrent.locks.AbstractQueuedSynchronizer$ConditionObject.await(AbstractQueuedSynchronizer.java:2039)
        at java.util.concurrent.ArrayBlockingQueue.take(ArrayBlockingQueue.java:403)
        at java.util.concurrent.ThreadPoolExecutor.getTask(ThreadPoolExecutor.java:1074)
        at java.util.concurrent.ThreadPoolExecutor.runWorker(ThreadPoolExecutor.java:1134)
        at java.util.concurrent.ThreadPoolExecutor$Worker.run(ThreadPoolExecutor.java:624)
        at java.lang.Thread.run(Thread.java:748)
"pool-86-thread-35"  prio=5 tid=748 in Object.wait()
java.lang.Thread.State: WAITING (on object monitor)
        at sun.misc.Unsafe.park(Native Method)
        at java.util.concurrent.locks.LockSupport.park(LockSupport.java:175)
        at java.util.concurrent.locks.AbstractQueuedSynchronizer$ConditionObject.await(AbstractQueuedSynchronizer.java:2039)
        at java.util.concurrent.ArrayBlockingQueue.take(ArrayBlockingQueue.java:403)
        at java.util.concurrent.ThreadPoolExecutor.getTask(ThreadPoolExecutor.java:1074)
        at java.util.concurrent.ThreadPoolExecutor.runWorker(ThreadPoolExecutor.java:1134)
        at java.util.concurrent.ThreadPoolExecutor$Worker.run(ThreadPoolExecutor.java:624)
        at java.lang.Thread.run(Thread.java:748)
"pool-56-thread-28"  prio=5 tid=548 in Object.wait()
java.lang.Thread.State: WAITING (on object monitor)
        at sun.misc.Unsafe.park(Native Method)
        at java.util.concurrent.locks.LockSupport.park(LockSupport.java:175)
        at java.util.concurrent.locks.AbstractQueuedSynchronizer$ConditionObject.await(AbstractQueuedSynchronizer.java:2039)
        at java.util.concurrent.ArrayBlockingQueue.take(ArrayBlockingQueue.java:403)
        at java.util.concurrent.ThreadPoolExecutor.getTask(ThreadPoolExecutor.java:1074)
        at java.util.concurrent.ThreadPoolExecutor.runWorker(ThreadPoolExecutor.java:1134)
        at java.util.concurrent.ThreadPoolExecutor$Worker.run(ThreadPoolExecutor.java:624)
        at java.lang.Thread.run(Thread.java:748)
"org.eclipse.jetty.server.session.HashSessionManager@3d4e405eTimer" daemon prio=5 tid=302 timed_waiting
java.lang.Thread.State: TIMED_WAITING
        at sun.misc.Unsafe.park(Native Method)
        at java.util.concurrent.locks.LockSupport.parkNanos(LockSupport.java:215)
        at java.util.concurrent.locks.AbstractQueuedSynchronizer$ConditionObject.awaitNanos(AbstractQueuedSynchronizer.java:2078)
        at java.util.concurrent.ScheduledThreadPoolExecutor$DelayedWorkQueue.take(ScheduledThreadPoolExecutor.java:1093)
        at java.util.concurrent.ScheduledThreadPoolExecutor$DelayedWorkQueue.take(ScheduledThreadPoolExecutor.java:809)
        at java.util.concurrent.ThreadPoolExecutor.getTask(ThreadPoolExecutor.java:1074)
        at java.util.concurrent.ThreadPoolExecutor.runWorker(ThreadPoolExecutor.java:1134)
        at java.util.concurrent.ThreadPoolExecutor$Worker.run(ThreadPoolExecutor.java:624)
        at java.lang.Thread.run(Thread.java:748)
"pool-66-thread-16"  prio=5 tid=596 in Object.wait()
java.lang.Thread.State: WAITING (on object monitor)
        at sun.misc.Unsafe.park(Native Method)
        at java.util.concurrent.locks.LockSupport.park(LockSupport.java:175)
        at java.util.concurrent.locks.AbstractQueuedSynchronizer$ConditionObject.await(AbstractQueuedSynchronizer.java:2039)
        at java.util.concurrent.ArrayBlockingQueue.take(ArrayBlockingQueue.java:403)
        at java.util.concurrent.ThreadPoolExecutor.getTask(ThreadPoolExecutor.java:1074)
        at java.util.concurrent.ThreadPoolExecutor.runWorker(ThreadPoolExecutor.java:1134)
        at java.util.concurrent.ThreadPoolExecutor$Worker.run(ThreadPoolExecutor.java:624)
        at java.lang.Thread.run(Thread.java:748)
"Datanode State Machine Thread - 0" daemon prio=5 tid=224 timed_waiting
java.lang.Thread.State: TIMED_WAITING
        at java.lang.Thread.sleep(Native Method)
        at org.apache.hadoop.ozone.container.common.statemachine.DatanodeStateMachine.start(DatanodeStateMachine.java:191)
        at org.apache.hadoop.ozone.container.common.statemachine.DatanodeStateMachine.lambda$startDaemon$0(DatanodeStateMachine.java:349)
        at org.apache.hadoop.ozone.container.common.statemachine.DatanodeStateMachine$$Lambda$140/690051320.run(Unknown Source)
        at java.lang.Thread.run(Thread.java:748)
"IPC Server handler 19 on 36674" daemon prio=5 tid=88 timed_waiting
java.lang.Thread.State: TIMED_WAITING
        at sun.misc.Unsafe.park(Native Method)
        at java.util.concurrent.locks.LockSupport.parkNanos(LockSupport.java:215)
        at java.util.concurrent.locks.AbstractQueuedSynchronizer$ConditionObject.awaitNanos(AbstractQueuedSynchronizer.java:2078)
        at java.util.concurrent.LinkedBlockingQueue.poll(LinkedBlockingQueue.java:467)
        at org.apache.hadoop.ipc.CallQueueManager.take(CallQueueManager.java:288)
        at org.apache.hadoop.ipc.Server$Handler.run(Server.java:2668)
"Thread-1742" daemon prio=5 tid=2405 timed_waiting
java.lang.Thread.State: TIMED_WAITING
        at java.lang.Thread.sleep(Native Method)
        at org.apache.ratis.util.JavaUtils.sleep(JavaUtils.java:247)
        at org.apache.ratis.server.impl.FollowerState.run(FollowerState.java:97)
"org.eclipse.jetty.server.session.HashSessionManager@6caf7803Timer" daemon prio=5 tid=304 timed_waiting
java.lang.Thread.State: TIMED_WAITING
        at sun.misc.Unsafe.park(Native Method)
        at java.util.concurrent.locks.LockSupport.parkNanos(LockSupport.java:215)
        at java.util.concurrent.locks.AbstractQueuedSynchronizer$ConditionObject.awaitNanos(AbstractQueuedSynchronizer.java:2078)
        at java.util.concurrent.ScheduledThreadPoolExecutor$DelayedWorkQueue.take(ScheduledThreadPoolExecutor.java:1093)
        at java.util.concurrent.ScheduledThreadPoolExecutor$DelayedWorkQueue.take(ScheduledThreadPoolExecutor.java:809)
        at java.util.concurrent.ThreadPoolExecutor.getTask(ThreadPoolExecutor.java:1074)
        at java.util.concurrent.ThreadPoolExecutor.runWorker(ThreadPoolExecutor.java:1134)
        at java.util.concurrent.ThreadPoolExecutor$Worker.run(ThreadPoolExecutor.java:624)
        at java.lang.Thread.run(Thread.java:748)
"24274e9f-e41f-4654-9afc-a783ca44e44b@group-20BE3FF63202-SegmentedRaftLogWorker"  prio=5 tid=1022 timed_waiting
java.lang.Thread.State: TIMED_WAITING
        at sun.misc.Unsafe.park(Native Method)
        at java.util.concurrent.locks.LockSupport.parkNanos(LockSupport.java:215)
        at java.util.concurrent.locks.AbstractQueuedSynchronizer$ConditionObject.awaitNanos(AbstractQueuedSynchronizer.java:2078)
        at org.apache.ratis.util.DataBlockingQueue.poll(DataBlockingQueue.java:137)
        at org.apache.ratis.server.raftlog.segmented.SegmentedRaftLogWorker.run(SegmentedRaftLogWorker.java:282)
        at java.lang.Thread.run(Thread.java:748)
"pool-76-thread-36"  prio=5 tid=687 in Object.wait()
java.lang.Thread.State: WAITING (on object monitor)
        at sun.misc.Unsafe.park(Native Method)
        at java.util.concurrent.locks.LockSupport.park(LockSupport.java:175)
        at java.util.concurrent.locks.AbstractQueuedSynchronizer$ConditionObject.await(AbstractQueuedSynchronizer.java:2039)
        at java.util.concurrent.ArrayBlockingQueue.take(ArrayBlockingQueue.java:403)
        at java.util.concurrent.ThreadPoolExecutor.getTask(ThreadPoolExecutor.java:1074)
        at java.util.concurrent.ThreadPoolExecutor.runWorker(ThreadPoolExecutor.java:1134)
        at java.util.concurrent.ThreadPoolExecutor$Worker.run(ThreadPoolExecutor.java:624)
        at java.lang.Thread.run(Thread.java:748)
"Datanode ReportManager Thread - 0" daemon prio=5 tid=198 in Object.wait()
java.lang.Thread.State: WAITING (on object monitor)
        at sun.misc.Unsafe.park(Native Method)
        at java.util.concurrent.locks.LockSupport.park(LockSupport.java:175)
        at java.util.concurrent.locks.AbstractQueuedSynchronizer$ConditionObject.await(AbstractQueuedSynchronizer.java:2039)
        at java.util.concurrent.ScheduledThreadPoolExecutor$DelayedWorkQueue.take(ScheduledThreadPoolExecutor.java:1088)
        at java.util.concurrent.ScheduledThreadPoolExecutor$DelayedWorkQueue.take(ScheduledThreadPoolExecutor.java:809)
        at java.util.concurrent.ThreadPoolExecutor.getTask(ThreadPoolExecutor.java:1074)
        at java.util.concurrent.ThreadPoolExecutor.runWorker(ThreadPoolExecutor.java:1134)
        at java.util.concurrent.ThreadPoolExecutor$Worker.run(ThreadPoolExecutor.java:624)
        at java.lang.Thread.run(Thread.java:748)
"org.eclipse.jetty.server.session.HashSessionManager@599e4d41Timer" daemon prio=5 tid=277 timed_waiting
java.lang.Thread.State: TIMED_WAITING
        at sun.misc.Unsafe.park(Native Method)
        at java.util.concurrent.locks.LockSupport.parkNanos(LockSupport.java:215)
        at java.util.concurrent.locks.AbstractQueuedSynchronizer$ConditionObject.awaitNanos(AbstractQueuedSynchronizer.java:2078)
        at java.util.concurrent.ScheduledThreadPoolExecutor$DelayedWorkQueue.take(ScheduledThreadPoolExecutor.java:1093)
        at java.util.concurrent.ScheduledThreadPoolExecutor$DelayedWorkQueue.take(ScheduledThreadPoolExecutor.java:809)
        at java.util.concurrent.ThreadPoolExecutor.getTask(ThreadPoolExecutor.java:1074)
        at java.util.concurrent.ThreadPoolExecutor.runWorker(ThreadPoolExecutor.java:1134)
        at java.util.concurrent.ThreadPoolExecutor$Worker.run(ThreadPoolExecutor.java:624)
        at java.lang.Thread.run(Thread.java:748)
"metrics-hadoop-metrics2-reporter-50-thread-1" daemon prio=5 tid=959 timed_waiting
java.lang.Thread.State: TIMED_WAITING
        at sun.misc.Unsafe.park(Native Method)
        at java.util.concurrent.locks.LockSupport.parkNanos(LockSupport.java:215)
        at java.util.concurrent.locks.AbstractQueuedSynchronizer$ConditionObject.awaitNanos(AbstractQueuedSynchronizer.java:2078)
        at java.util.concurrent.ScheduledThreadPoolExecutor$DelayedWorkQueue.take(ScheduledThreadPoolExecutor.java:1093)
        at java.util.concurrent.ScheduledThreadPoolExecutor$DelayedWorkQueue.take(ScheduledThreadPoolExecutor.java:809)
        at java.util.concurrent.ThreadPoolExecutor.getTask(ThreadPoolExecutor.java:1074)
        at java.util.concurrent.ThreadPoolExecutor.runWorker(ThreadPoolExecutor.java:1134)
        at java.util.concurrent.ThreadPoolExecutor$Worker.run(ThreadPoolExecutor.java:624)
        at java.lang.Thread.run(Thread.java:748)
"qtp1187146208-213" daemon prio=5 tid=213 runnable
java.lang.Thread.State: RUNNABLE
        at sun.nio.ch.EPollArrayWrapper.epollWait(Native Method)
        at sun.nio.ch.EPollArrayWrapper.poll(EPollArrayWrapper.java:269)
        at sun.nio.ch.EPollSelectorImpl.doSelect(EPollSelectorImpl.java:93)
        at sun.nio.ch.SelectorImpl.lockAndDoSelect(SelectorImpl.java:86)
        at sun.nio.ch.SelectorImpl.select(SelectorImpl.java:97)
        at sun.nio.ch.SelectorImpl.select(SelectorImpl.java:101)
        at org.eclipse.jetty.io.ManagedSelector$SelectorProducer.select(ManagedSelector.java:243)
        at org.eclipse.jetty.io.ManagedSelector$SelectorProducer.produce(ManagedSelector.java:191)
        at org.eclipse.jetty.util.thread.strategy.ExecuteProduceConsume.executeProduceConsume(ExecuteProduceConsume.java:249)
        at org.eclipse.jetty.util.thread.strategy.ExecuteProduceConsume.produceConsume(ExecuteProduceConsume.java:148)
        at org.eclipse.jetty.util.thread.strategy.ExecuteProduceConsume.execute(ExecuteProduceConsume.java:100)
        at org.eclipse.jetty.io.ManagedSelector.run(ManagedSelector.java:147)
        at org.eclipse.jetty.util.thread.QueuedThreadPool.runJob(QueuedThreadPool.java:671)
        at org.eclipse.jetty.util.thread.QueuedThreadPool$2.run(QueuedThreadPool.java:589)
        at java.lang.Thread.run(Thread.java:748)
"qtp1187146208-219" daemon prio=5 tid=219 timed_waiting
java.lang.Thread.State: TIMED_WAITING
        at sun.misc.Unsafe.park(Native Method)
        at java.util.concurrent.locks.LockSupport.parkNanos(LockSupport.java:215)
        at java.util.concurrent.locks.AbstractQueuedSynchronizer$ConditionObject.awaitNanos(AbstractQueuedSynchronizer.java:2078)
        at org.eclipse.jetty.util.BlockingArrayQueue.poll(BlockingArrayQueue.java:392)
        at org.eclipse.jetty.util.thread.QueuedThreadPool.idleJobPoll(QueuedThreadPool.java:563)
        at org.eclipse.jetty.util.thread.QueuedThreadPool.access$800(QueuedThreadPool.java:48)
        at org.eclipse.jetty.util.thread.QueuedThreadPool$2.run(QueuedThreadPool.java:626)
        at java.lang.Thread.run(Thread.java:748)
"pool-26-thread-26"  prio=5 tid=412 in Object.wait()
java.lang.Thread.State: WAITING (on object monitor)
        at sun.misc.Unsafe.park(Native Method)
        at java.util.concurrent.locks.LockSupport.park(LockSupport.java:175)
        at java.util.concurrent.locks.AbstractQueuedSynchronizer$ConditionObject.await(AbstractQueuedSynchronizer.java:2039)
        at java.util.concurrent.ArrayBlockingQueue.take(ArrayBlockingQueue.java:403)
        at java.util.concurrent.ThreadPoolExecutor.getTask(ThreadPoolExecutor.java:1074)
        at java.util.concurrent.ThreadPoolExecutor.runWorker(ThreadPoolExecutor.java:1134)
        at java.util.concurrent.ThreadPoolExecutor$Worker.run(ThreadPoolExecutor.java:624)
        at java.lang.Thread.run(Thread.java:748)
"pool-46-thread-6"  prio=5 tid=362 in Object.wait()
java.lang.Thread.State: WAITING (on object monitor)
        at sun.misc.Unsafe.park(Native Method)
        at java.util.concurrent.locks.LockSupport.park(LockSupport.java:175)
        at java.util.concurrent.locks.AbstractQueuedSynchronizer$ConditionObject.await(AbstractQueuedSynchronizer.java:2039)
        at java.util.concurrent.ArrayBlockingQueue.take(ArrayBlockingQueue.java:403)
        at java.util.concurrent.ThreadPoolExecutor.getTask(ThreadPoolExecutor.java:1074)
        at java.util.concurrent.ThreadPoolExecutor.runWorker(ThreadPoolExecutor.java:1134)
        at java.util.concurrent.ThreadPoolExecutor$Worker.run(ThreadPoolExecutor.java:624)
        at java.lang.Thread.run(Thread.java:748)
"metrics-hadoop-metrics2-reporter-69-thread-1" daemon prio=5 tid=1091 timed_waiting
java.lang.Thread.State: TIMED_WAITING
        at sun.misc.Unsafe.park(Native Method)
        at java.util.concurrent.locks.LockSupport.parkNanos(LockSupport.java:215)
        at java.util.concurrent.locks.AbstractQueuedSynchronizer$ConditionObject.awaitNanos(AbstractQueuedSynchronizer.java:2078)
        at java.util.concurrent.ScheduledThreadPoolExecutor$DelayedWorkQueue.take(ScheduledThreadPoolExecutor.java:1093)
        at java.util.concurrent.ScheduledThreadPoolExecutor$DelayedWorkQueue.take(ScheduledThreadPoolExecutor.java:809)
        at java.util.concurrent.ThreadPoolExecutor.getTask(ThreadPoolExecutor.java:1074)
        at java.util.concurrent.ThreadPoolExecutor.runWorker(ThreadPoolExecutor.java:1134)
        at java.util.concurrent.ThreadPoolExecutor$Worker.run(ThreadPoolExecutor.java:624)
        at java.lang.Thread.run(Thread.java:748)
"pool-86-thread-38"  prio=5 tid=751 in Object.wait()
java.lang.Thread.State: WAITING (on object monitor)
        at sun.misc.Unsafe.park(Native Method)
        at java.util.concurrent.locks.LockSupport.park(LockSupport.java:175)
        at java.util.concurrent.locks.AbstractQueuedSynchronizer$ConditionObject.await(AbstractQueuedSynchronizer.java:2039)
        at java.util.concurrent.ArrayBlockingQueue.take(ArrayBlockingQueue.java:403)
        at java.util.concurrent.ThreadPoolExecutor.getTask(ThreadPoolExecutor.java:1074)
        at java.util.concurrent.ThreadPoolExecutor.runWorker(ThreadPoolExecutor.java:1134)
        at java.util.concurrent.ThreadPoolExecutor$Worker.run(ThreadPoolExecutor.java:624)
        at java.lang.Thread.run(Thread.java:748)
"pool-66-thread-51"  prio=5 tid=631 in Object.wait()
java.lang.Thread.State: WAITING (on object monitor)
        at sun.misc.Unsafe.park(Native Method)
        at java.util.concurrent.locks.LockSupport.park(LockSupport.java:175)
        at java.util.concurrent.locks.AbstractQueuedSynchronizer$ConditionObject.await(AbstractQueuedSynchronizer.java:2039)
        at java.util.concurrent.ArrayBlockingQueue.take(ArrayBlockingQueue.java:403)
        at java.util.concurrent.ThreadPoolExecutor.getTask(ThreadPoolExecutor.java:1074)
        at java.util.concurrent.ThreadPoolExecutor.runWorker(ThreadPoolExecutor.java:1134)
        at java.util.concurrent.ThreadPoolExecutor$Worker.run(ThreadPoolExecutor.java:624)
        at java.lang.Thread.run(Thread.java:748)
"pool-86-thread-34"  prio=5 tid=747 in Object.wait()
java.lang.Thread.State: WAITING (on object monitor)
        at sun.misc.Unsafe.park(Native Method)
        at java.util.concurrent.locks.LockSupport.park(LockSupport.java:175)
        at java.util.concurrent.locks.AbstractQueuedSynchronizer$ConditionObject.await(AbstractQueuedSynchronizer.java:2039)
        at java.util.concurrent.ArrayBlockingQueue.take(ArrayBlockingQueue.java:403)
        at java.util.concurrent.ThreadPoolExecutor.getTask(ThreadPoolExecutor.java:1074)
        at java.util.concurrent.ThreadPoolExecutor.runWorker(ThreadPoolExecutor.java:1134)
        at java.util.concurrent.ThreadPoolExecutor$Worker.run(ThreadPoolExecutor.java:624)
        at java.lang.Thread.run(Thread.java:748)
"Datanode State Machine Thread - 0" daemon prio=5 tid=312 timed_waiting
java.lang.Thread.State: TIMED_WAITING
        at sun.misc.Unsafe.park(Native Method)
        at java.util.concurrent.locks.LockSupport.parkNanos(LockSupport.java:215)
        at java.util.concurrent.SynchronousQueue$TransferStack.awaitFulfill(SynchronousQueue.java:460)
        at java.util.concurrent.SynchronousQueue$TransferStack.transfer(SynchronousQueue.java:362)
        at java.util.concurrent.SynchronousQueue.poll(SynchronousQueue.java:941)
        at java.util.concurrent.ThreadPoolExecutor.getTask(ThreadPoolExecutor.java:1073)
        at java.util.concurrent.ThreadPoolExecutor.runWorker(ThreadPoolExecutor.java:1134)
        at java.util.concurrent.ThreadPoolExecutor$Worker.run(ThreadPoolExecutor.java:624)
        at java.lang.Thread.run(Thread.java:748)
"pool-36-thread-6"  prio=5 tid=357 in Object.wait()
java.lang.Thread.State: WAITING (on object monitor)
        at sun.misc.Unsafe.park(Native Method)
        at java.util.concurrent.locks.LockSupport.park(LockSupport.java:175)
        at java.util.concurrent.locks.AbstractQueuedSynchronizer$ConditionObject.await(AbstractQueuedSynchronizer.java:2039)
        at java.util.concurrent.ArrayBlockingQueue.take(ArrayBlockingQueue.java:403)
        at java.util.concurrent.ThreadPoolExecutor.getTask(ThreadPoolExecutor.java:1074)
        at java.util.concurrent.ThreadPoolExecutor.runWorker(ThreadPoolExecutor.java:1134)
        at java.util.concurrent.ThreadPoolExecutor$Worker.run(ThreadPoolExecutor.java:624)
        at java.lang.Thread.run(Thread.java:748)
"pool-66-thread-3"  prio=5 tid=583 in Object.wait()
java.lang.Thread.State: WAITING (on object monitor)
        at sun.misc.Unsafe.park(Native Method)
        at java.util.concurrent.locks.LockSupport.park(LockSupport.java:175)
        at java.util.concurrent.locks.AbstractQueuedSynchronizer$ConditionObject.await(AbstractQueuedSynchronizer.java:2039)
        at java.util.concurrent.ArrayBlockingQueue.take(ArrayBlockingQueue.java:403)
        at java.util.concurrent.ThreadPoolExecutor.getTask(ThreadPoolExecutor.java:1074)
        at java.util.concurrent.ThreadPoolExecutor.runWorker(ThreadPoolExecutor.java:1134)
        at java.util.concurrent.ThreadPoolExecutor$Worker.run(ThreadPoolExecutor.java:624)
        at java.lang.Thread.run(Thread.java:748)
"5660bff8-81d7-4c91-ad16-c2423c1e0bda@group-649E1086AFD6-StateMachineUpdater" daemon prio=5 tid=866 in Object.wait()
java.lang.Thread.State: WAITING (on object monitor)
        at java.lang.Object.wait(Native Method)
        at java.lang.Object.wait(Object.java:502)
        at org.apache.ratis.server.impl.StateMachineUpdater.waitForCommit(StateMachineUpdater.java:194)
        at org.apache.ratis.server.impl.StateMachineUpdater.run(StateMachineUpdater.java:159)
        at java.lang.Thread.run(Thread.java:748)
"qtp64989209-299" daemon prio=5 tid=299 timed_waiting
java.lang.Thread.State: TIMED_WAITING
        at sun.misc.Unsafe.park(Native Method)
        at java.util.concurrent.locks.LockSupport.parkNanos(LockSupport.java:215)
        at java.util.concurrent.locks.AbstractQueuedSynchronizer$ConditionObject.awaitNanos(AbstractQueuedSynchronizer.java:2078)
        at org.eclipse.jetty.util.BlockingArrayQueue.poll(BlockingArrayQueue.java:392)
        at org.eclipse.jetty.util.thread.QueuedThreadPool.idleJobPoll(QueuedThreadPool.java:563)
        at org.eclipse.jetty.util.thread.QueuedThreadPool.access$800(QueuedThreadPool.java:48)
        at org.eclipse.jetty.util.thread.QueuedThreadPool$2.run(QueuedThreadPool.java:626)
        at java.lang.Thread.run(Thread.java:748)
"pool-86-thread-17"  prio=5 tid=730 in Object.wait()
java.lang.Thread.State: WAITING (on object monitor)
        at sun.misc.Unsafe.park(Native Method)
        at java.util.concurrent.locks.LockSupport.park(LockSupport.java:175)
        at java.util.concurrent.locks.AbstractQueuedSynchronizer$ConditionObject.await(AbstractQueuedSynchronizer.java:2039)
        at java.util.concurrent.ArrayBlockingQueue.take(ArrayBlockingQueue.java:403)
        at java.util.concurrent.ThreadPoolExecutor.getTask(ThreadPoolExecutor.java:1074)
        at java.util.concurrent.ThreadPoolExecutor.runWorker(ThreadPoolExecutor.java:1134)
        at java.util.concurrent.ThreadPoolExecutor$Worker.run(ThreadPoolExecutor.java:624)
        at java.lang.Thread.run(Thread.java:748)
"pool-56-thread-49"  prio=5 tid=569 in Object.wait()
java.lang.Thread.State: WAITING (on object monitor)
        at sun.misc.Unsafe.park(Native Method)
        at java.util.concurrent.locks.LockSupport.park(LockSupport.java:175)
        at java.util.concurrent.locks.AbstractQueuedSynchronizer$ConditionObject.await(AbstractQueuedSynchronizer.java:2039)
        at java.util.concurrent.ArrayBlockingQueue.take(ArrayBlockingQueue.java:403)
        at java.util.concurrent.ThreadPoolExecutor.getTask(ThreadPoolExecutor.java:1074)
        at java.util.concurrent.ThreadPoolExecutor.runWorker(ThreadPoolExecutor.java:1134)
        at java.util.concurrent.ThreadPoolExecutor$Worker.run(ThreadPoolExecutor.java:624)
        at java.lang.Thread.run(Thread.java:748)
"org.eclipse.jetty.server.session.HashSessionManager@2b0b4d53Timer" daemon prio=5 tid=146 timed_waiting
java.lang.Thread.State: TIMED_WAITING
        at sun.misc.Unsafe.park(Native Method)
        at java.util.concurrent.locks.LockSupport.parkNanos(LockSupport.java:215)
        at java.util.concurrent.locks.AbstractQueuedSynchronizer$ConditionObject.awaitNanos(AbstractQueuedSynchronizer.java:2078)
        at java.util.concurrent.ScheduledThreadPoolExecutor$DelayedWorkQueue.take(ScheduledThreadPoolExecutor.java:1093)
        at java.util.concurrent.ScheduledThreadPoolExecutor$DelayedWorkQueue.take(ScheduledThreadPoolExecutor.java:809)
        at java.util.concurrent.ThreadPoolExecutor.getTask(ThreadPoolExecutor.java:1074)
        at java.util.concurrent.ThreadPoolExecutor.runWorker(ThreadPoolExecutor.java:1134)
        at java.util.concurrent.ThreadPoolExecutor$Worker.run(ThreadPoolExecutor.java:624)
        at java.lang.Thread.run(Thread.java:748)
"IPC Server idle connection scanner for port 44783" daemon prio=5 tid=109 timed_waiting
java.lang.Thread.State: TIMED_WAITING
        at java.lang.Object.wait(Native Method)
        at java.util.TimerThread.mainLoop(Timer.java:552)
        at java.util.TimerThread.run(Timer.java:505)
"grpc-default-worker-ELG-3-2" daemon prio=5 tid=787 runnable
java.lang.Thread.State: RUNNABLE
        at sun.nio.ch.EPollArrayWrapper.epollWait(Native Method)
        at sun.nio.ch.EPollArrayWrapper.poll(EPollArrayWrapper.java:269)
        at sun.nio.ch.EPollSelectorImpl.doSelect(EPollSelectorImpl.java:93)
        at sun.nio.ch.SelectorImpl.lockAndDoSelect(SelectorImpl.java:86)
        at sun.nio.ch.SelectorImpl.select(SelectorImpl.java:97)
        at org.apache.ratis.thirdparty.io.netty.channel.nio.SelectedSelectionKeySetSelector.select(SelectedSelectionKeySetSelector.java:62)
        at org.apache.ratis.thirdparty.io.netty.channel.nio.NioEventLoop.select(NioEventLoop.java:753)
        at org.apache.ratis.thirdparty.io.netty.channel.nio.NioEventLoop.run(NioEventLoop.java:408)
        at org.apache.ratis.thirdparty.io.netty.util.concurrent.SingleThreadEventExecutor$5.run(SingleThreadEventExecutor.java:897)
        at org.apache.ratis.thirdparty.io.netty.util.concurrent.FastThreadLocalRunnable.run(FastThreadLocalRunnable.java:30)
        at java.lang.Thread.run(Thread.java:748)
"IPC Server Responder" daemon prio=5 tid=25 runnable
java.lang.Thread.State: RUNNABLE
        at sun.nio.ch.EPollArrayWrapper.epollWait(Native Method)
        at sun.nio.ch.EPollArrayWrapper.poll(EPollArrayWrapper.java:269)
        at sun.nio.ch.EPollSelectorImpl.doSelect(EPollSelectorImpl.java:93)
        at sun.nio.ch.SelectorImpl.lockAndDoSelect(SelectorImpl.java:86)
        at sun.nio.ch.SelectorImpl.select(SelectorImpl.java:97)
        at org.apache.hadoop.ipc.Server$Responder.doRunLoop(Server.java:1334)
        at org.apache.hadoop.ipc.Server$Responder.run(Server.java:1317)
"pool-76-thread-1"  prio=5 tid=652 in Object.wait()
java.lang.Thread.State: WAITING (on object monitor)
        at sun.misc.Unsafe.park(Native Method)
        at java.util.concurrent.locks.LockSupport.park(LockSupport.java:175)
        at java.util.concurrent.locks.AbstractQueuedSynchronizer$ConditionObject.await(AbstractQueuedSynchronizer.java:2039)
        at java.util.concurrent.ArrayBlockingQueue.take(ArrayBlockingQueue.java:403)
        at java.util.concurrent.ThreadPoolExecutor.getTask(ThreadPoolExecutor.java:1074)
        at java.util.concurrent.ThreadPoolExecutor.runWorker(ThreadPoolExecutor.java:1134)
        at java.util.concurrent.ThreadPoolExecutor$Worker.run(ThreadPoolExecutor.java:624)
        at java.lang.Thread.run(Thread.java:748)
"qtp64989209-295-acceptor-0@116896be-ServerConnector@7d44a19{HTTP/1.1,[http/1.1]}{0.0.0.0:35458}" daemon prio=3 tid=295 runnable
java.lang.Thread.State: RUNNABLE
        at sun.nio.ch.ServerSocketChannelImpl.accept0(Native Method)
        at sun.nio.ch.ServerSocketChannelImpl.accept(ServerSocketChannelImpl.java:422)
        at sun.nio.ch.ServerSocketChannelImpl.accept(ServerSocketChannelImpl.java:250)
        at org.eclipse.jetty.server.ServerConnector.accept(ServerConnector.java:397)
        at org.eclipse.jetty.server.AbstractConnector$Acceptor.run(AbstractConnector.java:601)
        at org.eclipse.jetty.util.thread.QueuedThreadPool.runJob(QueuedThreadPool.java:671)
        at org.eclipse.jetty.util.thread.QueuedThreadPool$2.run(QueuedThreadPool.java:589)
        at java.lang.Thread.run(Thread.java:748)
"pool-56-thread-8"  prio=5 tid=528 in Object.wait()
java.lang.Thread.State: WAITING (on object monitor)
        at sun.misc.Unsafe.park(Native Method)
        at java.util.concurrent.locks.LockSupport.park(LockSupport.java:175)
        at java.util.concurrent.locks.AbstractQueuedSynchronizer$ConditionObject.await(AbstractQueuedSynchronizer.java:2039)
        at java.util.concurrent.ArrayBlockingQueue.take(ArrayBlockingQueue.java:403)
        at java.util.concurrent.ThreadPoolExecutor.getTask(ThreadPoolExecutor.java:1074)
        at java.util.concurrent.ThreadPoolExecutor.runWorker(ThreadPoolExecutor.java:1134)
        at java.util.concurrent.ThreadPoolExecutor$Worker.run(ThreadPoolExecutor.java:624)
        at java.lang.Thread.run(Thread.java:748)
"qtp820627987-161" daemon prio=5 tid=161 timed_waiting
java.lang.Thread.State: TIMED_WAITING
        at sun.misc.Unsafe.park(Native Method)
        at java.util.concurrent.locks.LockSupport.parkNanos(LockSupport.java:215)
        at java.util.concurrent.locks.AbstractQueuedSynchronizer$ConditionObject.awaitNanos(AbstractQueuedSynchronizer.java:2078)
        at org.eclipse.jetty.util.BlockingArrayQueue.poll(BlockingArrayQueue.java:392)
        at org.eclipse.jetty.util.thread.QueuedThreadPool.idleJobPoll(QueuedThreadPool.java:563)
        at org.eclipse.jetty.util.thread.QueuedThreadPool.access$800(QueuedThreadPool.java:48)
        at org.eclipse.jetty.util.thread.QueuedThreadPool$2.run(QueuedThreadPool.java:626)
        at java.lang.Thread.run(Thread.java:748)
"pool-46-thread-59"  prio=5 tid=519 in Object.wait()
java.lang.Thread.State: WAITING (on object monitor)
        at sun.misc.Unsafe.park(Native Method)
        at java.util.concurrent.locks.LockSupport.park(LockSupport.java:175)
        at java.util.concurrent.locks.AbstractQueuedSynchronizer$ConditionObject.await(AbstractQueuedSynchronizer.java:2039)
        at java.util.concurrent.ArrayBlockingQueue.take(ArrayBlockingQueue.java:403)
        at java.util.concurrent.ThreadPoolExecutor.getTask(ThreadPoolExecutor.java:1074)
        at java.util.concurrent.ThreadPoolExecutor.runWorker(ThreadPoolExecutor.java:1134)
        at java.util.concurrent.ThreadPoolExecutor$Worker.run(ThreadPoolExecutor.java:624)
        at java.lang.Thread.run(Thread.java:748)
"pool-86-thread-15"  prio=5 tid=728 in Object.wait()
java.lang.Thread.State: WAITING (on object monitor)
        at sun.misc.Unsafe.park(Native Method)
        at java.util.concurrent.locks.LockSupport.park(LockSupport.java:175)
        at java.util.concurrent.locks.AbstractQueuedSynchronizer$ConditionObject.await(AbstractQueuedSynchronizer.java:2039)
        at java.util.concurrent.ArrayBlockingQueue.take(ArrayBlockingQueue.java:403)
        at java.util.concurrent.ThreadPoolExecutor.getTask(ThreadPoolExecutor.java:1074)
        at java.util.concurrent.ThreadPoolExecutor.runWorker(ThreadPoolExecutor.java:1134)
        at java.util.concurrent.ThreadPoolExecutor$Worker.run(ThreadPoolExecutor.java:624)
        at java.lang.Thread.run(Thread.java:748)
"pool-66-thread-28"  prio=5 tid=608 in Object.wait()
java.lang.Thread.State: WAITING (on object monitor)
        at sun.misc.Unsafe.park(Native Method)
        at java.util.concurrent.locks.LockSupport.park(LockSupport.java:175)
        at java.util.concurrent.locks.AbstractQueuedSynchronizer$ConditionObject.await(AbstractQueuedSynchronizer.java:2039)
        at java.util.concurrent.ArrayBlockingQueue.take(ArrayBlockingQueue.java:403)
        at java.util.concurrent.ThreadPoolExecutor.getTask(ThreadPoolExecutor.java:1074)
        at java.util.concurrent.ThreadPoolExecutor.runWorker(ThreadPoolExecutor.java:1134)
        at java.util.concurrent.ThreadPoolExecutor$Worker.run(ThreadPoolExecutor.java:624)
        at java.lang.Thread.run(Thread.java:748)
"pool-56-thread-36"  prio=5 tid=556 in Object.wait()
java.lang.Thread.State: WAITING (on object monitor)
        at sun.misc.Unsafe.park(Native Method)
        at java.util.concurrent.locks.LockSupport.park(LockSupport.java:175)
        at java.util.concurrent.locks.AbstractQueuedSynchronizer$ConditionObject.await(AbstractQueuedSynchronizer.java:2039)
        at java.util.concurrent.ArrayBlockingQueue.take(ArrayBlockingQueue.java:403)
        at java.util.concurrent.ThreadPoolExecutor.getTask(ThreadPoolExecutor.java:1074)
        at java.util.concurrent.ThreadPoolExecutor.runWorker(ThreadPoolExecutor.java:1134)
        at java.util.concurrent.ThreadPoolExecutor$Worker.run(ThreadPoolExecutor.java:624)
        at java.lang.Thread.run(Thread.java:748)
"pool-26-thread-50"  prio=5 tid=473 in Object.wait()
java.lang.Thread.State: WAITING (on object monitor)
        at sun.misc.Unsafe.park(Native Method)
        at java.util.concurrent.locks.LockSupport.park(LockSupport.java:175)
        at java.util.concurrent.locks.AbstractQueuedSynchronizer$ConditionObject.await(AbstractQueuedSynchronizer.java:2039)
        at java.util.concurrent.ArrayBlockingQueue.take(ArrayBlockingQueue.java:403)
        at java.util.concurrent.ThreadPoolExecutor.getTask(ThreadPoolExecutor.java:1074)
        at java.util.concurrent.ThreadPoolExecutor.runWorker(ThreadPoolExecutor.java:1134)
        at java.util.concurrent.ThreadPoolExecutor$Worker.run(ThreadPoolExecutor.java:624)
        at java.lang.Thread.run(Thread.java:748)
"qtp1981708431-189" daemon prio=5 tid=189 timed_waiting
java.lang.Thread.State: TIMED_WAITING
        at sun.misc.Unsafe.park(Native Method)
        at java.util.concurrent.locks.LockSupport.parkNanos(LockSupport.java:215)
        at java.util.concurrent.locks.AbstractQueuedSynchronizer$ConditionObject.awaitNanos(AbstractQueuedSynchronizer.java:2078)
        at org.eclipse.jetty.util.BlockingArrayQueue.poll(BlockingArrayQueue.java:392)
        at org.eclipse.jetty.util.thread.QueuedThreadPool.idleJobPoll(QueuedThreadPool.java:563)
        at org.eclipse.jetty.util.thread.QueuedThreadPool.access$800(QueuedThreadPool.java:48)
        at org.eclipse.jetty.util.thread.QueuedThreadPool$2.run(QueuedThreadPool.java:626)
        at java.lang.Thread.run(Thread.java:748)
"IPC Server handler 2 on 44783" daemon prio=5 tid=116 timed_waiting
java.lang.Thread.State: TIMED_WAITING
        at sun.misc.Unsafe.park(Native Method)
        at java.util.concurrent.locks.LockSupport.parkNanos(LockSupport.java:215)
        at java.util.concurrent.locks.AbstractQueuedSynchronizer$ConditionObject.awaitNanos(AbstractQueuedSynchronizer.java:2078)
        at java.util.concurrent.LinkedBlockingQueue.poll(LinkedBlockingQueue.java:467)
        at org.apache.hadoop.ipc.CallQueueManager.take(CallQueueManager.java:288)
        at org.apache.hadoop.ipc.Server$Handler.run(Server.java:2668)
"org.apache.ratis.server.impl.LogAppender$AppenderDaemon$$Lambda$435/1417897345@5ee33e23" daemon prio=5 tid=1094 timed_waiting
java.lang.Thread.State: TIMED_WAITING
        at java.lang.Object.wait(Native Method)
        at org.apache.ratis.grpc.server.GrpcLogAppender.mayWait(GrpcLogAppender.java:147)
        at org.apache.ratis.grpc.server.GrpcLogAppender.runAppenderImpl(GrpcLogAppender.java:101)
        at org.apache.ratis.server.impl.LogAppender$AppenderDaemon.run(LogAppender.java:76)
        at org.apache.ratis.server.impl.LogAppender$AppenderDaemon$$Lambda$435/1417897345.run(Unknown Source)
        at java.lang.Thread.run(Thread.java:748)
"pool-76-thread-18"  prio=5 tid=669 in Object.wait()
java.lang.Thread.State: WAITING (on object monitor)
        at sun.misc.Unsafe.park(Native Method)
        at java.util.concurrent.locks.LockSupport.park(LockSupport.java:175)
        at java.util.concurrent.locks.AbstractQueuedSynchronizer$ConditionObject.await(AbstractQueuedSynchronizer.java:2039)
        at java.util.concurrent.ArrayBlockingQueue.take(ArrayBlockingQueue.java:403)
        at java.util.concurrent.ThreadPoolExecutor.getTask(ThreadPoolExecutor.java:1074)
        at java.util.concurrent.ThreadPoolExecutor.runWorker(ThreadPoolExecutor.java:1134)
        at java.util.concurrent.ThreadPoolExecutor$Worker.run(ThreadPoolExecutor.java:624)
        at java.lang.Thread.run(Thread.java:748)
"pool-86-thread-57"  prio=5 tid=770 in Object.wait()
java.lang.Thread.State: WAITING (on object monitor)
        at sun.misc.Unsafe.park(Native Method)
        at java.util.concurrent.locks.LockSupport.park(LockSupport.java:175)
        at java.util.concurrent.locks.AbstractQueuedSynchronizer$ConditionObject.await(AbstractQueuedSynchronizer.java:2039)
        at java.util.concurrent.ArrayBlockingQueue.take(ArrayBlockingQueue.java:403)
        at java.util.concurrent.ThreadPoolExecutor.getTask(ThreadPoolExecutor.java:1074)
        at java.util.concurrent.ThreadPoolExecutor.runWorker(ThreadPoolExecutor.java:1134)
        at java.util.concurrent.ThreadPoolExecutor$Worker.run(ThreadPoolExecutor.java:624)
        at java.lang.Thread.run(Thread.java:748)
"pool-76-thread-37"  prio=5 tid=688 in Object.wait()
java.lang.Thread.State: WAITING (on object monitor)
        at sun.misc.Unsafe.park(Native Method)
        at java.util.concurrent.locks.LockSupport.park(LockSupport.java:175)
        at java.util.concurrent.locks.AbstractQueuedSynchronizer$ConditionObject.await(AbstractQueuedSynchronizer.java:2039)
        at java.util.concurrent.ArrayBlockingQueue.take(ArrayBlockingQueue.java:403)
        at java.util.concurrent.ThreadPoolExecutor.getTask(ThreadPoolExecutor.java:1074)
        at java.util.concurrent.ThreadPoolExecutor.runWorker(ThreadPoolExecutor.java:1134)
        at java.util.concurrent.ThreadPoolExecutor$Worker.run(ThreadPoolExecutor.java:624)
        at java.lang.Thread.run(Thread.java:748)
"pool-86-thread-13"  prio=5 tid=726 in Object.wait()
java.lang.Thread.State: WAITING (on object monitor)
        at sun.misc.Unsafe.park(Native Method)
        at java.util.concurrent.locks.LockSupport.park(LockSupport.java:175)
        at java.util.concurrent.locks.AbstractQueuedSynchronizer$ConditionObject.await(AbstractQueuedSynchronizer.java:2039)
        at java.util.concurrent.ArrayBlockingQueue.take(ArrayBlockingQueue.java:403)
        at java.util.concurrent.ThreadPoolExecutor.getTask(ThreadPoolExecutor.java:1074)
        at java.util.concurrent.ThreadPoolExecutor.runWorker(ThreadPoolExecutor.java:1134)
        at java.util.concurrent.ThreadPoolExecutor$Worker.run(ThreadPoolExecutor.java:624)
        at java.lang.Thread.run(Thread.java:748)
"pool-26-thread-19"  prio=5 tid=396 in Object.wait()
java.lang.Thread.State: WAITING (on object monitor)
        at sun.misc.Unsafe.park(Native Method)
        at java.util.concurrent.locks.LockSupport.park(LockSupport.java:175)
        at java.util.concurrent.locks.AbstractQueuedSynchronizer$ConditionObject.await(AbstractQueuedSynchronizer.java:2039)
        at java.util.concurrent.ArrayBlockingQueue.take(ArrayBlockingQueue.java:403)
        at java.util.concurrent.ThreadPoolExecutor.getTask(ThreadPoolExecutor.java:1074)
        at java.util.concurrent.ThreadPoolExecutor.runWorker(ThreadPoolExecutor.java:1134)
        at java.util.concurrent.ThreadPoolExecutor$Worker.run(ThreadPoolExecutor.java:624)
        at java.lang.Thread.run(Thread.java:748)
"org.eclipse.jetty.server.session.HashSessionManager@4f0f7849Timer" daemon prio=5 tid=248 timed_waiting
java.lang.Thread.State: TIMED_WAITING
        at sun.misc.Unsafe.park(Native Method)
        at java.util.concurrent.locks.LockSupport.parkNanos(LockSupport.java:215)
        at java.util.concurrent.locks.AbstractQueuedSynchronizer$ConditionObject.awaitNanos(AbstractQueuedSynchronizer.java:2078)
        at java.util.concurrent.ScheduledThreadPoolExecutor$DelayedWorkQueue.take(ScheduledThreadPoolExecutor.java:1093)
        at java.util.concurrent.ScheduledThreadPoolExecutor$DelayedWorkQueue.take(ScheduledThreadPoolExecutor.java:809)
        at java.util.concurrent.ThreadPoolExecutor.getTask(ThreadPoolExecutor.java:1074)
        at java.util.concurrent.ThreadPoolExecutor.runWorker(ThreadPoolExecutor.java:1134)
        at java.util.concurrent.ThreadPoolExecutor$Worker.run(ThreadPoolExecutor.java:624)
        at java.lang.Thread.run(Thread.java:748)
"48796f01-a45e-4e78-98f3-7a8f6b07cc28@group-7DC3B7510CFE-SegmentedRaftLogWorker"  prio=5 tid=853 timed_waiting
java.lang.Thread.State: TIMED_WAITING
        at sun.misc.Unsafe.park(Native Method)
        at java.util.concurrent.locks.LockSupport.parkNanos(LockSupport.java:215)
        at java.util.concurrent.locks.AbstractQueuedSynchronizer$ConditionObject.awaitNanos(AbstractQueuedSynchronizer.java:2078)
        at org.apache.ratis.util.DataBlockingQueue.poll(DataBlockingQueue.java:137)
        at org.apache.ratis.server.raftlog.segmented.SegmentedRaftLogWorker.run(SegmentedRaftLogWorker.java:282)
        at java.lang.Thread.run(Thread.java:748)
"Periodic HDDS volume checker"  prio=5 tid=206 timed_waiting
java.lang.Thread.State: TIMED_WAITING
        at sun.misc.Unsafe.park(Native Method)
        at java.util.concurrent.locks.LockSupport.parkNanos(LockSupport.java:215)
        at java.util.concurrent.locks.AbstractQueuedSynchronizer$ConditionObject.awaitNanos(AbstractQueuedSynchronizer.java:2078)
        at java.util.concurrent.ScheduledThreadPoolExecutor$DelayedWorkQueue.take(ScheduledThreadPoolExecutor.java:1093)
        at java.util.concurrent.ScheduledThreadPoolExecutor$DelayedWorkQueue.take(ScheduledThreadPoolExecutor.java:809)
        at java.util.concurrent.ThreadPoolExecutor.getTask(ThreadPoolExecutor.java:1074)
        at java.util.concurrent.ThreadPoolExecutor.runWorker(ThreadPoolExecutor.java:1134)
        at java.util.concurrent.ThreadPoolExecutor$Worker.run(ThreadPoolExecutor.java:624)
        at java.lang.Thread.run(Thread.java:748)
"IPC Server handler 5 on 36674" daemon prio=5 tid=74 timed_waiting
java.lang.Thread.State: TIMED_WAITING
        at sun.misc.Unsafe.park(Native Method)
        at java.util.concurrent.locks.LockSupport.parkNanos(LockSupport.java:215)
        at java.util.concurrent.locks.AbstractQueuedSynchronizer$ConditionObject.awaitNanos(AbstractQueuedSynchronizer.java:2078)
        at java.util.concurrent.LinkedBlockingQueue.poll(LinkedBlockingQueue.java:467)
        at org.apache.hadoop.ipc.CallQueueManager.take(CallQueueManager.java:288)
        at org.apache.hadoop.ipc.Server$Handler.run(Server.java:2668)
"pool-76-thread-9"  prio=5 tid=660 in Object.wait()
java.lang.Thread.State: WAITING (on object monitor)
        at sun.misc.Unsafe.park(Native Method)
        at java.util.concurrent.locks.LockSupport.park(LockSupport.java:175)
        at java.util.concurrent.locks.AbstractQueuedSynchronizer$ConditionObject.await(AbstractQueuedSynchronizer.java:2039)
        at java.util.concurrent.ArrayBlockingQueue.take(ArrayBlockingQueue.java:403)
        at java.util.concurrent.ThreadPoolExecutor.getTask(ThreadPoolExecutor.java:1074)
        at java.util.concurrent.ThreadPoolExecutor.runWorker(ThreadPoolExecutor.java:1134)
        at java.util.concurrent.ThreadPoolExecutor$Worker.run(ThreadPoolExecutor.java:624)
        at java.lang.Thread.run(Thread.java:748)
"pool-26-thread-51"  prio=5 tid=474 in Object.wait()
java.lang.Thread.State: WAITING (on object monitor)
        at sun.misc.Unsafe.park(Native Method)
        at java.util.concurrent.locks.LockSupport.park(LockSupport.java:175)
        at java.util.concurrent.locks.AbstractQueuedSynchronizer$ConditionObject.await(AbstractQueuedSynchronizer.java:2039)
        at java.util.concurrent.ArrayBlockingQueue.take(ArrayBlockingQueue.java:403)
        at java.util.concurrent.ThreadPoolExecutor.getTask(ThreadPoolExecutor.java:1074)
        at java.util.concurrent.ThreadPoolExecutor.runWorker(ThreadPoolExecutor.java:1134)
        at java.util.concurrent.ThreadPoolExecutor$Worker.run(ThreadPoolExecutor.java:624)
        at java.lang.Thread.run(Thread.java:748)
"pool-44-thread-1" daemon prio=5 tid=210 timed_waiting
java.lang.Thread.State: TIMED_WAITING
        at sun.misc.Unsafe.park(Native Method)
        at java.util.concurrent.locks.LockSupport.parkNanos(LockSupport.java:215)
        at java.util.concurrent.locks.AbstractQueuedSynchronizer$ConditionObject.awaitNanos(AbstractQueuedSynchronizer.java:2078)
        at java.util.concurrent.ScheduledThreadPoolExecutor$DelayedWorkQueue.take(ScheduledThreadPoolExecutor.java:1093)
        at java.util.concurrent.ScheduledThreadPoolExecutor$DelayedWorkQueue.take(ScheduledThreadPoolExecutor.java:809)
        at java.util.concurrent.ThreadPoolExecutor.getTask(ThreadPoolExecutor.java:1074)
        at java.util.concurrent.ThreadPoolExecutor.runWorker(ThreadPoolExecutor.java:1134)
        at java.util.concurrent.ThreadPoolExecutor$Worker.run(ThreadPoolExecutor.java:624)
        at java.lang.Thread.run(Thread.java:748)
"Datanode ReportManager Thread - 3" daemon prio=5 tid=228 in Object.wait()
java.lang.Thread.State: WAITING (on object monitor)
        at sun.misc.Unsafe.park(Native Method)
        at java.util.concurrent.locks.LockSupport.park(LockSupport.java:175)
        at java.util.concurrent.locks.AbstractQueuedSynchronizer$ConditionObject.await(AbstractQueuedSynchronizer.java:2039)
        at java.util.concurrent.ScheduledThreadPoolExecutor$DelayedWorkQueue.take(ScheduledThreadPoolExecutor.java:1088)
        at java.util.concurrent.ScheduledThreadPoolExecutor$DelayedWorkQueue.take(ScheduledThreadPoolExecutor.java:809)
        at java.util.concurrent.ThreadPoolExecutor.getTask(ThreadPoolExecutor.java:1074)
        at java.util.concurrent.ThreadPoolExecutor.runWorker(ThreadPoolExecutor.java:1134)
        at java.util.concurrent.ThreadPoolExecutor$Worker.run(ThreadPoolExecutor.java:624)
        at java.lang.Thread.run(Thread.java:748)
"metrics-hadoop-metrics2-reporter-10-thread-1" daemon prio=5 tid=814 timed_waiting
java.lang.Thread.State: TIMED_WAITING
        at sun.misc.Unsafe.park(Native Method)
        at java.util.concurrent.locks.LockSupport.parkNanos(LockSupport.java:215)
        at java.util.concurrent.locks.AbstractQueuedSynchronizer$ConditionObject.awaitNanos(AbstractQueuedSynchronizer.java:2078)
        at java.util.concurrent.ScheduledThreadPoolExecutor$DelayedWorkQueue.take(ScheduledThreadPoolExecutor.java:1093)
        at java.util.concurrent.ScheduledThreadPoolExecutor$DelayedWorkQueue.take(ScheduledThreadPoolExecutor.java:809)
        at java.util.concurrent.ThreadPoolExecutor.getTask(ThreadPoolExecutor.java:1074)
        at java.util.concurrent.ThreadPoolExecutor.runWorker(ThreadPoolExecutor.java:1134)
        at java.util.concurrent.ThreadPoolExecutor$Worker.run(ThreadPoolExecutor.java:624)
        at java.lang.Thread.run(Thread.java:748)
"org.apache.hadoop.util.JvmPauseMonitor$Monitor@42d675" daemon prio=5 tid=311 timed_waiting
java.lang.Thread.State: TIMED_WAITING
        at java.lang.Thread.sleep(Native Method)
        at org.apache.hadoop.util.JvmPauseMonitor$Monitor.run(JvmPauseMonitor.java:192)
        at java.lang.Thread.run(Thread.java:748)
"Thread-426" daemon prio=5 tid=1083 timed_waiting
java.lang.Thread.State: TIMED_WAITING
        at java.lang.Thread.sleep(Native Method)
        at org.apache.ratis.util.JavaUtils.sleep(JavaUtils.java:247)
        at org.apache.ratis.server.impl.FollowerState.run(FollowerState.java:97)
"grpc-default-executor-6" daemon prio=5 tid=947 timed_waiting
java.lang.Thread.State: TIMED_WAITING
        at sun.misc.Unsafe.park(Native Method)
        at java.util.concurrent.locks.LockSupport.parkNanos(LockSupport.java:215)
        at java.util.concurrent.SynchronousQueue$TransferStack.awaitFulfill(SynchronousQueue.java:460)
        at java.util.concurrent.SynchronousQueue$TransferStack.transfer(SynchronousQueue.java:362)
        at java.util.concurrent.SynchronousQueue.poll(SynchronousQueue.java:941)
        at java.util.concurrent.ThreadPoolExecutor.getTask(ThreadPoolExecutor.java:1073)
        at java.util.concurrent.ThreadPoolExecutor.runWorker(ThreadPoolExecutor.java:1134)
        at java.util.concurrent.ThreadPoolExecutor$Worker.run(ThreadPoolExecutor.java:624)
        at java.lang.Thread.run(Thread.java:748)
"pool-46-thread-7"  prio=5 tid=366 in Object.wait()
java.lang.Thread.State: WAITING (on object monitor)
        at sun.misc.Unsafe.park(Native Method)
        at java.util.concurrent.locks.LockSupport.park(LockSupport.java:175)
        at java.util.concurrent.locks.AbstractQueuedSynchronizer$ConditionObject.await(AbstractQueuedSynchronizer.java:2039)
        at java.util.concurrent.ArrayBlockingQueue.take(ArrayBlockingQueue.java:403)
        at java.util.concurrent.ThreadPoolExecutor.getTask(ThreadPoolExecutor.java:1074)
        at java.util.concurrent.ThreadPoolExecutor.runWorker(ThreadPoolExecutor.java:1134)
        at java.util.concurrent.ThreadPoolExecutor$Worker.run(ThreadPoolExecutor.java:624)
        at java.lang.Thread.run(Thread.java:748)
"BlockDeletingService#0" daemon prio=5 tid=644 timed_waiting
java.lang.Thread.State: TIMED_WAITING
        at sun.misc.Unsafe.park(Native Method)
        at java.util.concurrent.locks.LockSupport.parkNanos(LockSupport.java:215)
        at java.util.concurrent.locks.AbstractQueuedSynchronizer$ConditionObject.awaitNanos(AbstractQueuedSynchronizer.java:2078)
        at java.util.concurrent.ScheduledThreadPoolExecutor$DelayedWorkQueue.take(ScheduledThreadPoolExecutor.java:1093)
        at java.util.concurrent.ScheduledThreadPoolExecutor$DelayedWorkQueue.take(ScheduledThreadPoolExecutor.java:809)
        at java.util.concurrent.ThreadPoolExecutor.getTask(ThreadPoolExecutor.java:1074)
        at java.util.concurrent.ThreadPoolExecutor.runWorker(ThreadPoolExecutor.java:1134)
        at java.util.concurrent.ThreadPoolExecutor$Worker.run(ThreadPoolExecutor.java:624)
        at java.lang.Thread.run(Thread.java:748)
"pool-86-thread-23"  prio=5 tid=736 in Object.wait()
java.lang.Thread.State: WAITING (on object monitor)
        at sun.misc.Unsafe.park(Native Method)
        at java.util.concurrent.locks.LockSupport.park(LockSupport.java:175)
        at java.util.concurrent.locks.AbstractQueuedSynchronizer$ConditionObject.await(AbstractQueuedSynchronizer.java:2039)
        at java.util.concurrent.ArrayBlockingQueue.take(ArrayBlockingQueue.java:403)
        at java.util.concurrent.ThreadPoolExecutor.getTask(ThreadPoolExecutor.java:1074)
        at java.util.concurrent.ThreadPoolExecutor.runWorker(ThreadPoolExecutor.java:1134)
        at java.util.concurrent.ThreadPoolExecutor$Worker.run(ThreadPoolExecutor.java:624)
        at java.lang.Thread.run(Thread.java:748)
"refreshUsed-/workdir/hadoop-ozone/integration-test/target/test-dir/MiniOzoneClusterImpl-f68115de-5278-4c94-9b3d-9176cb3c0071/datanode-6/data/containers" daemon prio=5 tid=316 timed_waiting
java.lang.Thread.State: TIMED_WAITING
        at java.lang.Thread.sleep(Native Method)
        at org.apache.hadoop.fs.CachingGetSpaceUsed$RefreshThread.run(CachingGetSpaceUsed.java:179)
        at java.lang.Thread.run(Thread.java:748)
"Periodic HDDS volume checker"  prio=5 tid=233 timed_waiting
java.lang.Thread.State: TIMED_WAITING
        at sun.misc.Unsafe.park(Native Method)
        at java.util.concurrent.locks.LockSupport.parkNanos(LockSupport.java:215)
        at java.util.concurrent.locks.AbstractQueuedSynchronizer$ConditionObject.awaitNanos(AbstractQueuedSynchronizer.java:2078)
        at java.util.concurrent.ScheduledThreadPoolExecutor$DelayedWorkQueue.take(ScheduledThreadPoolExecutor.java:1093)
        at java.util.concurrent.ScheduledThreadPoolExecutor$DelayedWorkQueue.take(ScheduledThreadPoolExecutor.java:809)
        at java.util.concurrent.ThreadPoolExecutor.getTask(ThreadPoolExecutor.java:1074)
        at java.util.concurrent.ThreadPoolExecutor.runWorker(ThreadPoolExecutor.java:1134)
        at java.util.concurrent.ThreadPoolExecutor$Worker.run(ThreadPoolExecutor.java:624)
        at java.lang.Thread.run(Thread.java:748)
"pool-26-thread-22"  prio=5 tid=402 in Object.wait()
java.lang.Thread.State: WAITING (on object monitor)
        at sun.misc.Unsafe.park(Native Method)
        at java.util.concurrent.locks.LockSupport.park(LockSupport.java:175)
        at java.util.concurrent.locks.AbstractQueuedSynchronizer$ConditionObject.await(AbstractQueuedSynchronizer.java:2039)
        at java.util.concurrent.ArrayBlockingQueue.take(ArrayBlockingQueue.java:403)
        at java.util.concurrent.ThreadPoolExecutor.getTask(ThreadPoolExecutor.java:1074)
        at java.util.concurrent.ThreadPoolExecutor.runWorker(ThreadPoolExecutor.java:1134)
        at java.util.concurrent.ThreadPoolExecutor$Worker.run(ThreadPoolExecutor.java:624)
        at java.lang.Thread.run(Thread.java:748)
"pool-36-thread-18"  prio=5 tid=390 in Object.wait()
java.lang.Thread.State: WAITING (on object monitor)
        at sun.misc.Unsafe.park(Native Method)
        at java.util.concurrent.locks.LockSupport.park(LockSupport.java:175)
        at java.util.concurrent.locks.AbstractQueuedSynchronizer$ConditionObject.await(AbstractQueuedSynchronizer.java:2039)
        at java.util.concurrent.ArrayBlockingQueue.take(ArrayBlockingQueue.java:403)
        at java.util.concurrent.ThreadPoolExecutor.getTask(ThreadPoolExecutor.java:1074)
        at java.util.concurrent.ThreadPoolExecutor.runWorker(ThreadPoolExecutor.java:1134)
        at java.util.concurrent.ThreadPoolExecutor$Worker.run(ThreadPoolExecutor.java:624)
        at java.lang.Thread.run(Thread.java:748)
"pool-26-thread-1"  prio=5 tid=343 in Object.wait()
java.lang.Thread.State: WAITING (on object monitor)
        at sun.misc.Unsafe.park(Native Method)
        at java.util.concurrent.locks.LockSupport.park(LockSupport.java:175)
        at java.util.concurrent.locks.AbstractQueuedSynchronizer$ConditionObject.await(AbstractQueuedSynchronizer.java:2039)
        at java.util.concurrent.ArrayBlockingQueue.take(ArrayBlockingQueue.java:403)
        at java.util.concurrent.ThreadPoolExecutor.getTask(ThreadPoolExecutor.java:1074)
        at java.util.concurrent.ThreadPoolExecutor.runWorker(ThreadPoolExecutor.java:1134)
        at java.util.concurrent.ThreadPoolExecutor$Worker.run(ThreadPoolExecutor.java:624)
        at java.lang.Thread.run(Thread.java:748)
"pool-76-thread-49"  prio=5 tid=700 in Object.wait()
java.lang.Thread.State: WAITING (on object monitor)
        at sun.misc.Unsafe.park(Native Method)
        at java.util.concurrent.locks.LockSupport.park(LockSupport.java:175)
        at java.util.concurrent.locks.AbstractQueuedSynchronizer$ConditionObject.await(AbstractQueuedSynchronizer.java:2039)
        at java.util.concurrent.ArrayBlockingQueue.take(ArrayBlockingQueue.java:403)
        at java.util.concurrent.ThreadPoolExecutor.getTask(ThreadPoolExecutor.java:1074)
        at java.util.concurrent.ThreadPoolExecutor.runWorker(ThreadPoolExecutor.java:1134)
        at java.util.concurrent.ThreadPoolExecutor$Worker.run(ThreadPoolExecutor.java:624)
        at java.lang.Thread.run(Thread.java:748)
"pool-36-thread-50"  prio=5 tid=493 in Object.wait()
java.lang.Thread.State: WAITING (on object monitor)
        at sun.misc.Unsafe.park(Native Method)
        at java.util.concurrent.locks.LockSupport.park(LockSupport.java:175)
        at java.util.concurrent.locks.AbstractQueuedSynchronizer$ConditionObject.await(AbstractQueuedSynchronizer.java:2039)
        at java.util.concurrent.ArrayBlockingQueue.take(ArrayBlockingQueue.java:403)
        at java.util.concurrent.ThreadPoolExecutor.getTask(ThreadPoolExecutor.java:1074)
        at java.util.concurrent.ThreadPoolExecutor.runWorker(ThreadPoolExecutor.java:1134)
        at java.util.concurrent.ThreadPoolExecutor$Worker.run(ThreadPoolExecutor.java:624)
        at java.lang.Thread.run(Thread.java:748)
"IPC Server handler 17 on 45589" daemon prio=5 tid=46 timed_waiting
java.lang.Thread.State: TIMED_WAITING
        at sun.misc.Unsafe.park(Native Method)
        at java.util.concurrent.locks.LockSupport.parkNanos(LockSupport.java:215)
        at java.util.concurrent.locks.AbstractQueuedSynchronizer$ConditionObject.awaitNanos(AbstractQueuedSynchronizer.java:2078)
        at java.util.concurrent.LinkedBlockingQueue.poll(LinkedBlockingQueue.java:467)
        at org.apache.hadoop.ipc.CallQueueManager.take(CallQueueManager.java:288)
        at org.apache.hadoop.ipc.Server$Handler.run(Server.java:2668)
"Command processor thread" daemon prio=5 tid=175 timed_waiting
java.lang.Thread.State: TIMED_WAITING
        at java.lang.Thread.sleep(Native Method)
        at org.apache.hadoop.ozone.container.common.statemachine.DatanodeStateMachine.lambda$initCommandHandlerThread$1(DatanodeStateMachine.java:439)
        at org.apache.hadoop.ozone.container.common.statemachine.DatanodeStateMachine$$Lambda$141/459692644.run(Unknown Source)
        at java.lang.Thread.run(Thread.java:748)
"IPC Server handler 18 on 44783" daemon prio=5 tid=133 timed_waiting
java.lang.Thread.State: TIMED_WAITING
        at sun.misc.Unsafe.park(Native Method)
        at java.util.concurrent.locks.LockSupport.parkNanos(LockSupport.java:215)
        at java.util.concurrent.locks.AbstractQueuedSynchronizer$ConditionObject.awaitNanos(AbstractQueuedSynchronizer.java:2078)
        at java.util.concurrent.LinkedBlockingQueue.poll(LinkedBlockingQueue.java:467)
        at org.apache.hadoop.ipc.CallQueueManager.take(CallQueueManager.java:288)
        at org.apache.hadoop.ipc.Server$Handler.run(Server.java:2668)
"48796f01-a45e-4e78-98f3-7a8f6b07cc28@group-AFD3E3A39739-StateMachineUpdater" daemon prio=5 tid=1061 in Object.wait()
java.lang.Thread.State: WAITING (on object monitor)
        at java.lang.Object.wait(Native Method)
        at java.lang.Object.wait(Object.java:502)
        at org.apache.ratis.server.impl.StateMachineUpdater.waitForCommit(StateMachineUpdater.java:194)
        at org.apache.ratis.server.impl.StateMachineUpdater.run(StateMachineUpdater.java:159)
        at java.lang.Thread.run(Thread.java:748)
"qtp2013613908-242" daemon prio=5 tid=242 timed_waiting
java.lang.Thread.State: TIMED_WAITING
        at sun.misc.Unsafe.park(Native Method)
        at java.util.concurrent.locks.LockSupport.parkNanos(LockSupport.java:215)
        at java.util.concurrent.locks.AbstractQueuedSynchronizer$ConditionObject.awaitNanos(AbstractQueuedSynchronizer.java:2078)
        at org.eclipse.jetty.util.BlockingArrayQueue.poll(BlockingArrayQueue.java:392)
        at org.eclipse.jetty.util.thread.QueuedThreadPool.idleJobPoll(QueuedThreadPool.java:563)
        at org.eclipse.jetty.util.thread.QueuedThreadPool.access$800(QueuedThreadPool.java:48)
        at org.eclipse.jetty.util.thread.QueuedThreadPool$2.run(QueuedThreadPool.java:626)
        at java.lang.Thread.run(Thread.java:748)
"Command processor thread" daemon prio=5 tid=256 timed_waiting
java.lang.Thread.State: TIMED_WAITING
        at java.lang.Thread.sleep(Native Method)
        at org.apache.hadoop.ozone.container.common.statemachine.DatanodeStateMachine.lambda$initCommandHandlerThread$1(DatanodeStateMachine.java:439)
        at org.apache.hadoop.ozone.container.common.statemachine.DatanodeStateMachine$$Lambda$141/459692644.run(Unknown Source)
        at java.lang.Thread.run(Thread.java:748)
"grpc-default-executor-3" daemon prio=5 tid=904 timed_waiting
java.lang.Thread.State: TIMED_WAITING
        at sun.misc.Unsafe.park(Native Method)
        at java.util.concurrent.locks.LockSupport.parkNanos(LockSupport.java:215)
        at java.util.concurrent.SynchronousQueue$TransferStack.awaitFulfill(SynchronousQueue.java:460)
        at java.util.concurrent.SynchronousQueue$TransferStack.transfer(SynchronousQueue.java:362)
        at java.util.concurrent.SynchronousQueue.poll(SynchronousQueue.java:941)
        at java.util.concurrent.ThreadPoolExecutor.getTask(ThreadPoolExecutor.java:1073)
        at java.util.concurrent.ThreadPoolExecutor.runWorker(ThreadPoolExecutor.java:1134)
        at java.util.concurrent.ThreadPoolExecutor$Worker.run(ThreadPoolExecutor.java:624)
        at java.lang.Thread.run(Thread.java:748)
"pool-56-thread-20"  prio=5 tid=540 in Object.wait()
java.lang.Thread.State: WAITING (on object monitor)
        at sun.misc.Unsafe.park(Native Method)
        at java.util.concurrent.locks.LockSupport.park(LockSupport.java:175)
        at java.util.concurrent.locks.AbstractQueuedSynchronizer$ConditionObject.await(AbstractQueuedSynchronizer.java:2039)
        at java.util.concurrent.ArrayBlockingQueue.take(ArrayBlockingQueue.java:403)
        at java.util.concurrent.ThreadPoolExecutor.getTask(ThreadPoolExecutor.java:1074)
        at java.util.concurrent.ThreadPoolExecutor.runWorker(ThreadPoolExecutor.java:1134)
        at java.util.concurrent.ThreadPoolExecutor$Worker.run(ThreadPoolExecutor.java:624)
        at java.lang.Thread.run(Thread.java:748)
"pool-46-thread-31"  prio=5 tid=444 in Object.wait()
java.lang.Thread.State: WAITING (on object monitor)
        at sun.misc.Unsafe.park(Native Method)
        at java.util.concurrent.locks.LockSupport.park(LockSupport.java:175)
        at java.util.concurrent.locks.AbstractQueuedSynchronizer$ConditionObject.await(AbstractQueuedSynchronizer.java:2039)
        at java.util.concurrent.ArrayBlockingQueue.take(ArrayBlockingQueue.java:403)
        at java.util.concurrent.ThreadPoolExecutor.getTask(ThreadPoolExecutor.java:1074)
        at java.util.concurrent.ThreadPoolExecutor.runWorker(ThreadPoolExecutor.java:1134)
        at java.util.concurrent.ThreadPoolExecutor$Worker.run(ThreadPoolExecutor.java:624)
        at java.lang.Thread.run(Thread.java:748)
"pool-36-thread-59"  prio=5 tid=510 in Object.wait()
java.lang.Thread.State: WAITING (on object monitor)
        at sun.misc.Unsafe.park(Native Method)
        at java.util.concurrent.locks.LockSupport.park(LockSupport.java:175)
        at java.util.concurrent.locks.AbstractQueuedSynchronizer$ConditionObject.await(AbstractQueuedSynchronizer.java:2039)
        at java.util.concurrent.ArrayBlockingQueue.take(ArrayBlockingQueue.java:403)
        at java.util.concurrent.ThreadPoolExecutor.getTask(ThreadPoolExecutor.java:1074)
        at java.util.concurrent.ThreadPoolExecutor.runWorker(ThreadPoolExecutor.java:1134)
        at java.util.concurrent.ThreadPoolExecutor$Worker.run(ThreadPoolExecutor.java:624)
        at java.lang.Thread.run(Thread.java:748)
"pool-76-thread-54"  prio=5 tid=705 in Object.wait()
java.lang.Thread.State: WAITING (on object monitor)
        at sun.misc.Unsafe.park(Native Method)
        at java.util.concurrent.locks.LockSupport.park(LockSupport.java:175)
        at java.util.concurrent.locks.AbstractQueuedSynchronizer$ConditionObject.await(AbstractQueuedSynchronizer.java:2039)
        at java.util.concurrent.ArrayBlockingQueue.take(ArrayBlockingQueue.java:403)
        at java.util.concurrent.ThreadPoolExecutor.getTask(ThreadPoolExecutor.java:1074)
        at java.util.concurrent.ThreadPoolExecutor.runWorker(ThreadPoolExecutor.java:1134)
        at java.util.concurrent.ThreadPoolExecutor$Worker.run(ThreadPoolExecutor.java:624)
        at java.lang.Thread.run(Thread.java:748)
"Datanode ReportManager Thread - 1" daemon prio=5 tid=280 in Object.wait()
java.lang.Thread.State: WAITING (on object monitor)
        at sun.misc.Unsafe.park(Native Method)
        at java.util.concurrent.locks.LockSupport.park(LockSupport.java:175)
        at java.util.concurrent.locks.AbstractQueuedSynchronizer$ConditionObject.await(AbstractQueuedSynchronizer.java:2039)
        at java.util.concurrent.ScheduledThreadPoolExecutor$DelayedWorkQueue.take(ScheduledThreadPoolExecutor.java:1088)
        at java.util.concurrent.ScheduledThreadPoolExecutor$DelayedWorkQueue.take(ScheduledThreadPoolExecutor.java:809)
        at java.util.concurrent.ThreadPoolExecutor.getTask(ThreadPoolExecutor.java:1074)
        at java.util.concurrent.ThreadPoolExecutor.runWorker(ThreadPoolExecutor.java:1134)
        at java.util.concurrent.ThreadPoolExecutor$Worker.run(ThreadPoolExecutor.java:624)
        at java.lang.Thread.run(Thread.java:748)
"pool-6-thread-1"  prio=5 tid=26 timed_waiting
java.lang.Thread.State: TIMED_WAITING
        at sun.misc.Unsafe.park(Native Method)
        at java.util.concurrent.locks.LockSupport.parkNanos(LockSupport.java:215)
        at java.util.concurrent.locks.AbstractQueuedSynchronizer$ConditionObject.awaitNanos(AbstractQueuedSynchronizer.java:2078)
        at java.util.concurrent.ScheduledThreadPoolExecutor$DelayedWorkQueue.take(ScheduledThreadPoolExecutor.java:1093)
        at java.util.concurrent.ScheduledThreadPoolExecutor$DelayedWorkQueue.take(ScheduledThreadPoolExecutor.java:809)
        at java.util.concurrent.ThreadPoolExecutor.getTask(ThreadPoolExecutor.java:1074)
        at java.util.concurrent.ThreadPoolExecutor.runWorker(ThreadPoolExecutor.java:1134)
        at java.util.concurrent.ThreadPoolExecutor$Worker.run(ThreadPoolExecutor.java:624)
        at java.lang.Thread.run(Thread.java:748)
"pool-76-thread-16"  prio=5 tid=667 in Object.wait()
java.lang.Thread.State: WAITING (on object monitor)
        at sun.misc.Unsafe.park(Native Method)
        at java.util.concurrent.locks.LockSupport.park(LockSupport.java:175)
        at java.util.concurrent.locks.AbstractQueuedSynchronizer$ConditionObject.await(AbstractQueuedSynchronizer.java:2039)
        at java.util.concurrent.ArrayBlockingQueue.take(ArrayBlockingQueue.java:403)
        at java.util.concurrent.ThreadPoolExecutor.getTask(ThreadPoolExecutor.java:1074)
        at java.util.concurrent.ThreadPoolExecutor.runWorker(ThreadPoolExecutor.java:1134)
        at java.util.concurrent.ThreadPoolExecutor$Worker.run(ThreadPoolExecutor.java:624)
        at java.lang.Thread.run(Thread.java:748)
"pool-86-thread-11"  prio=5 tid=724 in Object.wait()
java.lang.Thread.State: WAITING (on object monitor)
        at sun.misc.Unsafe.park(Native Method)
        at java.util.concurrent.locks.LockSupport.park(LockSupport.java:175)
        at java.util.concurrent.locks.AbstractQueuedSynchronizer$ConditionObject.await(AbstractQueuedSynchronizer.java:2039)
        at java.util.concurrent.ArrayBlockingQueue.take(ArrayBlockingQueue.java:403)
        at java.util.concurrent.ThreadPoolExecutor.getTask(ThreadPoolExecutor.java:1074)
        at java.util.concurrent.ThreadPoolExecutor.runWorker(ThreadPoolExecutor.java:1134)
        at java.util.concurrent.ThreadPoolExecutor$Worker.run(ThreadPoolExecutor.java:624)
        at java.lang.Thread.run(Thread.java:748)
"qtp820627987-163" daemon prio=5 tid=163 timed_waiting
java.lang.Thread.State: TIMED_WAITING
        at sun.misc.Unsafe.park(Native Method)
        at java.util.concurrent.locks.LockSupport.parkNanos(LockSupport.java:215)
        at java.util.concurrent.locks.AbstractQueuedSynchronizer$ConditionObject.awaitNanos(AbstractQueuedSynchronizer.java:2078)
        at org.eclipse.jetty.util.BlockingArrayQueue.poll(BlockingArrayQueue.java:392)
        at org.eclipse.jetty.util.thread.QueuedThreadPool.idleJobPoll(QueuedThreadPool.java:563)
        at org.eclipse.jetty.util.thread.QueuedThreadPool.access$800(QueuedThreadPool.java:48)
        at org.eclipse.jetty.util.thread.QueuedThreadPool$2.run(QueuedThreadPool.java:626)
        at java.lang.Thread.run(Thread.java:748)
"pool-46-thread-11"  prio=5 tid=378 in Object.wait()
java.lang.Thread.State: WAITING (on object monitor)
        at sun.misc.Unsafe.park(Native Method)
        at java.util.concurrent.locks.LockSupport.park(LockSupport.java:175)
        at java.util.concurrent.locks.AbstractQueuedSynchronizer$ConditionObject.await(AbstractQueuedSynchronizer.java:2039)
        at java.util.concurrent.ArrayBlockingQueue.take(ArrayBlockingQueue.java:403)
        at java.util.concurrent.ThreadPoolExecutor.getTask(ThreadPoolExecutor.java:1074)
        at java.util.concurrent.ThreadPoolExecutor.runWorker(ThreadPoolExecutor.java:1134)
        at java.util.concurrent.ThreadPoolExecutor$Worker.run(ThreadPoolExecutor.java:624)
        at java.lang.Thread.run(Thread.java:748)
"Datanode State Machine Thread - 0" daemon prio=5 tid=258 timed_waiting
java.lang.Thread.State: TIMED_WAITING
        at sun.misc.Unsafe.park(Native Method)
        at java.util.concurrent.locks.LockSupport.parkNanos(LockSupport.java:215)
        at java.util.concurrent.SynchronousQueue$TransferStack.awaitFulfill(SynchronousQueue.java:460)
        at java.util.concurrent.SynchronousQueue$TransferStack.transfer(SynchronousQueue.java:362)
        at java.util.concurrent.SynchronousQueue.poll(SynchronousQueue.java:941)
        at java.util.concurrent.ThreadPoolExecutor.getTask(ThreadPoolExecutor.java:1073)
        at java.util.concurrent.ThreadPoolExecutor.runWorker(ThreadPoolExecutor.java:1134)
        at java.util.concurrent.ThreadPoolExecutor$Worker.run(ThreadPoolExecutor.java:624)
        at java.lang.Thread.run(Thread.java:748)
"pool-66-thread-40"  prio=5 tid=620 in Object.wait()
java.lang.Thread.State: WAITING (on object monitor)
        at sun.misc.Unsafe.park(Native Method)
        at java.util.concurrent.locks.LockSupport.park(LockSupport.java:175)
        at java.util.concurrent.locks.AbstractQueuedSynchronizer$ConditionObject.await(AbstractQueuedSynchronizer.java:2039)
        at java.util.concurrent.ArrayBlockingQueue.take(ArrayBlockingQueue.java:403)
        at java.util.concurrent.ThreadPoolExecutor.getTask(ThreadPoolExecutor.java:1074)
        at java.util.concurrent.ThreadPoolExecutor.runWorker(ThreadPoolExecutor.java:1134)
        at java.util.concurrent.ThreadPoolExecutor$Worker.run(ThreadPoolExecutor.java:624)
        at java.lang.Thread.run(Thread.java:748)
"BlockDeletingService#1" daemon prio=5 tid=650 in Object.wait()
java.lang.Thread.State: WAITING (on object monitor)
        at sun.misc.Unsafe.park(Native Method)
        at java.util.concurrent.locks.LockSupport.park(LockSupport.java:175)
        at java.util.concurrent.locks.AbstractQueuedSynchronizer$ConditionObject.await(AbstractQueuedSynchronizer.java:2039)
        at java.util.concurrent.ScheduledThreadPoolExecutor$DelayedWorkQueue.take(ScheduledThreadPoolExecutor.java:1088)
        at java.util.concurrent.ScheduledThreadPoolExecutor$DelayedWorkQueue.take(ScheduledThreadPoolExecutor.java:809)
        at java.util.concurrent.ThreadPoolExecutor.getTask(ThreadPoolExecutor.java:1074)
        at java.util.concurrent.ThreadPoolExecutor.runWorker(ThreadPoolExecutor.java:1134)
        at java.util.concurrent.ThreadPoolExecutor$Worker.run(ThreadPoolExecutor.java:624)
        at java.lang.Thread.run(Thread.java:748)
"IPC Server handler 13 on 45589" daemon prio=5 tid=42 timed_waiting
java.lang.Thread.State: TIMED_WAITING
        at sun.misc.Unsafe.park(Native Method)
        at java.util.concurrent.locks.LockSupport.parkNanos(LockSupport.java:215)
        at java.util.concurrent.locks.AbstractQueuedSynchronizer$ConditionObject.awaitNanos(AbstractQueuedSynchronizer.java:2078)
        at java.util.concurrent.LinkedBlockingQueue.poll(LinkedBlockingQueue.java:467)
        at org.apache.hadoop.ipc.CallQueueManager.take(CallQueueManager.java:288)
        at org.apache.hadoop.ipc.Server$Handler.run(Server.java:2668)
"metrics-hadoop-metrics2-reporter-23-thread-1" daemon prio=5 tid=843 timed_waiting
java.lang.Thread.State: TIMED_WAITING
        at sun.misc.Unsafe.park(Native Method)
        at java.util.concurrent.locks.LockSupport.parkNanos(LockSupport.java:215)
        at java.util.concurrent.locks.AbstractQueuedSynchronizer$ConditionObject.awaitNanos(AbstractQueuedSynchronizer.java:2078)
        at java.util.concurrent.ScheduledThreadPoolExecutor$DelayedWorkQueue.take(ScheduledThreadPoolExecutor.java:1093)
        at java.util.concurrent.ScheduledThreadPoolExecutor$DelayedWorkQueue.take(ScheduledThreadPoolExecutor.java:809)
        at java.util.concurrent.ThreadPoolExecutor.getTask(ThreadPoolExecutor.java:1074)
        at java.util.concurrent.ThreadPoolExecutor.runWorker(ThreadPoolExecutor.java:1134)
        at java.util.concurrent.ThreadPoolExecutor$Worker.run(ThreadPoolExecutor.java:624)
        at java.lang.Thread.run(Thread.java:748)
"pool-56-thread-41"  prio=5 tid=561 in Object.wait()
java.lang.Thread.State: WAITING (on object monitor)
        at sun.misc.Unsafe.park(Native Method)
        at java.util.concurrent.locks.LockSupport.park(LockSupport.java:175)
        at java.util.concurrent.locks.AbstractQueuedSynchronizer$ConditionObject.await(AbstractQueuedSynchronizer.java:2039)
        at java.util.concurrent.ArrayBlockingQueue.take(ArrayBlockingQueue.java:403)
        at java.util.concurrent.ThreadPoolExecutor.getTask(ThreadPoolExecutor.java:1074)
        at java.util.concurrent.ThreadPoolExecutor.runWorker(ThreadPoolExecutor.java:1134)
        at java.util.concurrent.ThreadPoolExecutor$Worker.run(ThreadPoolExecutor.java:624)
        at java.lang.Thread.run(Thread.java:748)
"Command processor thread" daemon prio=5 tid=310 timed_waiting
java.lang.Thread.State: TIMED_WAITING
        at java.lang.Thread.sleep(Native Method)
        at org.apache.hadoop.ozone.container.common.statemachine.DatanodeStateMachine.lambda$initCommandHandlerThread$1(DatanodeStateMachine.java:439)
        at org.apache.hadoop.ozone.container.common.statemachine.DatanodeStateMachine$$Lambda$141/459692644.run(Unknown Source)
        at java.lang.Thread.run(Thread.java:748)
"pool-26-thread-39"  prio=5 tid=439 in Object.wait()
java.lang.Thread.State: WAITING (on object monitor)
        at sun.misc.Unsafe.park(Native Method)
        at java.util.concurrent.locks.LockSupport.park(LockSupport.java:175)
        at java.util.concurrent.locks.AbstractQueuedSynchronizer$ConditionObject.await(AbstractQueuedSynchronizer.java:2039)
        at java.util.concurrent.ArrayBlockingQueue.take(ArrayBlockingQueue.java:403)
        at java.util.concurrent.ThreadPoolExecutor.getTask(ThreadPoolExecutor.java:1074)
        at java.util.concurrent.ThreadPoolExecutor.runWorker(ThreadPoolExecutor.java:1134)
        at java.util.concurrent.ThreadPoolExecutor$Worker.run(ThreadPoolExecutor.java:624)
        at java.lang.Thread.run(Thread.java:748)
"metrics-hadoop-metrics2-reporter-59-thread-1" daemon prio=5 tid=1030 timed_waiting
java.lang.Thread.State: TIMED_WAITING
        at sun.misc.Unsafe.park(Native Method)
        at java.util.concurrent.locks.LockSupport.parkNanos(LockSupport.java:215)
        at java.util.concurrent.locks.AbstractQueuedSynchronizer$ConditionObject.awaitNanos(AbstractQueuedSynchronizer.java:2078)
        at java.util.concurrent.ScheduledThreadPoolExecutor$DelayedWorkQueue.take(ScheduledThreadPoolExecutor.java:1093)
        at java.util.concurrent.ScheduledThreadPoolExecutor$DelayedWorkQueue.take(ScheduledThreadPoolExecutor.java:809)
        at java.util.concurrent.ThreadPoolExecutor.getTask(ThreadPoolExecutor.java:1074)
        at java.util.concurrent.ThreadPoolExecutor.runWorker(ThreadPoolExecutor.java:1134)
        at java.util.concurrent.ThreadPoolExecutor$Worker.run(ThreadPoolExecutor.java:624)
        at java.lang.Thread.run(Thread.java:748)
"Periodic HDDS volume checker"  prio=5 tid=287 timed_waiting
java.lang.Thread.State: TIMED_WAITING
        at sun.misc.Unsafe.park(Native Method)
        at java.util.concurrent.locks.LockSupport.parkNanos(LockSupport.java:215)
        at java.util.concurrent.locks.AbstractQueuedSynchronizer$ConditionObject.awaitNanos(AbstractQueuedSynchronizer.java:2078)
        at java.util.concurrent.ScheduledThreadPoolExecutor$DelayedWorkQueue.take(ScheduledThreadPoolExecutor.java:1093)
        at java.util.concurrent.ScheduledThreadPoolExecutor$DelayedWorkQueue.take(ScheduledThreadPoolExecutor.java:809)
        at java.util.concurrent.ThreadPoolExecutor.getTask(ThreadPoolExecutor.java:1074)
        at java.util.concurrent.ThreadPoolExecutor.runWorker(ThreadPoolExecutor.java:1134)
        at java.util.concurrent.ThreadPoolExecutor$Worker.run(ThreadPoolExecutor.java:624)
        at java.lang.Thread.run(Thread.java:748)
"IPC Server handler 6 on 45589" daemon prio=5 tid=35 timed_waiting
java.lang.Thread.State: TIMED_WAITING
        at sun.misc.Unsafe.park(Native Method)
        at java.util.concurrent.locks.LockSupport.parkNanos(LockSupport.java:215)
        at java.util.concurrent.locks.AbstractQueuedSynchronizer$ConditionObject.awaitNanos(AbstractQueuedSynchronizer.java:2078)
        at java.util.concurrent.LinkedBlockingQueue.poll(LinkedBlockingQueue.java:467)
        at org.apache.hadoop.ipc.CallQueueManager.take(CallQueueManager.java:288)
        at org.apache.hadoop.ipc.Server$Handler.run(Server.java:2668)
"pool-77-thread-1"  prio=5 tid=825 in Object.wait()
java.lang.Thread.State: WAITING (on object monitor)
        at sun.misc.Unsafe.park(Native Method)
        at java.util.concurrent.locks.LockSupport.park(LockSupport.java:175)
        at java.util.concurrent.locks.AbstractQueuedSynchronizer$ConditionObject.await(AbstractQueuedSynchronizer.java:2039)
        at java.util.concurrent.LinkedBlockingQueue.take(LinkedBlockingQueue.java:442)
        at java.util.concurrent.ThreadPoolExecutor.getTask(ThreadPoolExecutor.java:1074)
        at java.util.concurrent.ThreadPoolExecutor.runWorker(ThreadPoolExecutor.java:1134)
        at java.util.concurrent.ThreadPoolExecutor$Worker.run(ThreadPoolExecutor.java:624)
        at java.lang.Thread.run(Thread.java:748)
"pool-56-thread-40"  prio=5 tid=560 in Object.wait()
java.lang.Thread.State: WAITING (on object monitor)
        at sun.misc.Unsafe.park(Native Method)
        at java.util.concurrent.locks.LockSupport.park(LockSupport.java:175)
        at java.util.concurrent.locks.AbstractQueuedSynchronizer$ConditionObject.await(AbstractQueuedSynchronizer.java:2039)
        at java.util.concurrent.ArrayBlockingQueue.take(ArrayBlockingQueue.java:403)
        at java.util.concurrent.ThreadPoolExecutor.getTask(ThreadPoolExecutor.java:1074)
        at java.util.concurrent.ThreadPoolExecutor.runWorker(ThreadPoolExecutor.java:1134)
        at java.util.concurrent.ThreadPoolExecutor$Worker.run(ThreadPoolExecutor.java:624)
        at java.lang.Thread.run(Thread.java:748)
"pool-66-thread-49"  prio=5 tid=629 in Object.wait()
java.lang.Thread.State: WAITING (on object monitor)
        at sun.misc.Unsafe.park(Native Method)
        at java.util.concurrent.locks.LockSupport.park(LockSupport.java:175)
        at java.util.concurrent.locks.AbstractQueuedSynchronizer$ConditionObject.await(AbstractQueuedSynchronizer.java:2039)
        at java.util.concurrent.ArrayBlockingQueue.take(ArrayBlockingQueue.java:403)
        at java.util.concurrent.ThreadPoolExecutor.getTask(ThreadPoolExecutor.java:1074)
        at java.util.concurrent.ThreadPoolExecutor.runWorker(ThreadPoolExecutor.java:1134)
        at java.util.concurrent.ThreadPoolExecutor$Worker.run(ThreadPoolExecutor.java:624)
        at java.lang.Thread.run(Thread.java:748)
"IPC Server handler 5 on 44783" daemon prio=5 tid=119 timed_waiting
java.lang.Thread.State: TIMED_WAITING
        at sun.misc.Unsafe.park(Native Method)
        at java.util.concurrent.locks.LockSupport.parkNanos(LockSupport.java:215)
        at java.util.concurrent.locks.AbstractQueuedSynchronizer$ConditionObject.awaitNanos(AbstractQueuedSynchronizer.java:2078)
        at java.util.concurrent.LinkedBlockingQueue.poll(LinkedBlockingQueue.java:467)
        at org.apache.hadoop.ipc.CallQueueManager.take(CallQueueManager.java:288)
        at org.apache.hadoop.ipc.Server$Handler.run(Server.java:2668)
"pool-66-thread-29"  prio=5 tid=609 in Object.wait()
java.lang.Thread.State: WAITING (on object monitor)
        at sun.misc.Unsafe.park(Native Method)
        at java.util.concurrent.locks.LockSupport.park(LockSupport.java:175)
        at java.util.concurrent.locks.AbstractQueuedSynchronizer$ConditionObject.await(AbstractQueuedSynchronizer.java:2039)
        at java.util.concurrent.ArrayBlockingQueue.take(ArrayBlockingQueue.java:403)
        at java.util.concurrent.ThreadPoolExecutor.getTask(ThreadPoolExecutor.java:1074)
        at java.util.concurrent.ThreadPoolExecutor.runWorker(ThreadPoolExecutor.java:1134)
        at java.util.concurrent.ThreadPoolExecutor$Worker.run(ThreadPoolExecutor.java:624)
        at java.lang.Thread.run(Thread.java:748)
"pool-36-thread-31"  prio=5 tid=438 in Object.wait()
java.lang.Thread.State: WAITING (on object monitor)
        at sun.misc.Unsafe.park(Native Method)
        at java.util.concurrent.locks.LockSupport.park(LockSupport.java:175)
        at java.util.concurrent.locks.AbstractQueuedSynchronizer$ConditionObject.await(AbstractQueuedSynchronizer.java:2039)
        at java.util.concurrent.ArrayBlockingQueue.take(ArrayBlockingQueue.java:403)
        at java.util.concurrent.ThreadPoolExecutor.getTask(ThreadPoolExecutor.java:1074)
        at java.util.concurrent.ThreadPoolExecutor.runWorker(ThreadPoolExecutor.java:1134)
        at java.util.concurrent.ThreadPoolExecutor$Worker.run(ThreadPoolExecutor.java:624)
        at java.lang.Thread.run(Thread.java:748)
"pool-56-thread-56"  prio=5 tid=576 in Object.wait()
java.lang.Thread.State: WAITING (on object monitor)
        at sun.misc.Unsafe.park(Native Method)
        at java.util.concurrent.locks.LockSupport.park(LockSupport.java:175)
        at java.util.concurrent.locks.AbstractQueuedSynchronizer$ConditionObject.await(AbstractQueuedSynchronizer.java:2039)
        at java.util.concurrent.ArrayBlockingQueue.take(ArrayBlockingQueue.java:403)
        at java.util.concurrent.ThreadPoolExecutor.getTask(ThreadPoolExecutor.java:1074)
        at java.util.concurrent.ThreadPoolExecutor.runWorker(ThreadPoolExecutor.java:1134)
        at java.util.concurrent.ThreadPoolExecutor$Worker.run(ThreadPoolExecutor.java:624)
        at java.lang.Thread.run(Thread.java:748)
"pool-26-thread-52"  prio=5 tid=478 in Object.wait()
java.lang.Thread.State: WAITING (on object monitor)
        at sun.misc.Unsafe.park(Native Method)
        at java.util.concurrent.locks.LockSupport.park(LockSupport.java:175)
        at java.util.concurrent.locks.AbstractQueuedSynchronizer$ConditionObject.await(AbstractQueuedSynchronizer.java:2039)
        at java.util.concurrent.ArrayBlockingQueue.take(ArrayBlockingQueue.java:403)
        at java.util.concurrent.ThreadPoolExecutor.getTask(ThreadPoolExecutor.java:1074)
        at java.util.concurrent.ThreadPoolExecutor.runWorker(ThreadPoolExecutor.java:1134)
        at java.util.concurrent.ThreadPoolExecutor$Worker.run(ThreadPoolExecutor.java:624)
        at java.lang.Thread.run(Thread.java:748)
"qtp2013613908-240" daemon prio=5 tid=240 runnable
java.lang.Thread.State: RUNNABLE
        at sun.nio.ch.EPollArrayWrapper.epollWait(Native Method)
        at sun.nio.ch.EPollArrayWrapper.poll(EPollArrayWrapper.java:269)
        at sun.nio.ch.EPollSelectorImpl.doSelect(EPollSelectorImpl.java:93)
        at sun.nio.ch.SelectorImpl.lockAndDoSelect(SelectorImpl.java:86)
        at sun.nio.ch.SelectorImpl.select(SelectorImpl.java:97)
        at sun.nio.ch.SelectorImpl.select(SelectorImpl.java:101)
        at org.eclipse.jetty.io.ManagedSelector$SelectorProducer.select(ManagedSelector.java:243)
        at org.eclipse.jetty.io.ManagedSelector$SelectorProducer.produce(ManagedSelector.java:191)
        at org.eclipse.jetty.util.thread.strategy.ExecuteProduceConsume.executeProduceConsume(ExecuteProduceConsume.java:249)
        at org.eclipse.jetty.util.thread.strategy.ExecuteProduceConsume.produceConsume(ExecuteProduceConsume.java:148)
        at org.eclipse.jetty.util.thread.strategy.ExecuteProduceConsume.execute(ExecuteProduceConsume.java:100)
        at org.eclipse.jetty.io.ManagedSelector.run(ManagedSelector.java:147)
        at org.eclipse.jetty.util.thread.QueuedThreadPool.runJob(QueuedThreadPool.java:671)
        at org.eclipse.jetty.util.thread.QueuedThreadPool$2.run(QueuedThreadPool.java:589)
        at java.lang.Thread.run(Thread.java:748)
"IPC Server handler 16 on 36674" daemon prio=5 tid=85 timed_waiting
java.lang.Thread.State: TIMED_WAITING
        at sun.misc.Unsafe.park(Native Method)
        at java.util.concurrent.locks.LockSupport.parkNanos(LockSupport.java:215)
        at java.util.concurrent.locks.AbstractQueuedSynchronizer$ConditionObject.awaitNanos(AbstractQueuedSynchronizer.java:2078)
        at java.util.concurrent.LinkedBlockingQueue.poll(LinkedBlockingQueue.java:467)
        at org.apache.hadoop.ipc.CallQueueManager.take(CallQueueManager.java:288)
        at org.apache.hadoop.ipc.Server$Handler.run(Server.java:2668)
"metrics-hadoop-metrics2-reporter-63-thread-1" daemon prio=5 tid=1053 timed_waiting
java.lang.Thread.State: TIMED_WAITING
        at sun.misc.Unsafe.park(Native Method)
        at java.util.concurrent.locks.LockSupport.parkNanos(LockSupport.java:215)
        at java.util.concurrent.locks.AbstractQueuedSynchronizer$ConditionObject.awaitNanos(AbstractQueuedSynchronizer.java:2078)
        at java.util.concurrent.ScheduledThreadPoolExecutor$DelayedWorkQueue.take(ScheduledThreadPoolExecutor.java:1093)
        at java.util.concurrent.ScheduledThreadPoolExecutor$DelayedWorkQueue.take(ScheduledThreadPoolExecutor.java:809)
        at java.util.concurrent.ThreadPoolExecutor.getTask(ThreadPoolExecutor.java:1074)
        at java.util.concurrent.ThreadPoolExecutor.runWorker(ThreadPoolExecutor.java:1134)
        at java.util.concurrent.ThreadPoolExecutor$Worker.run(ThreadPoolExecutor.java:624)
        at java.lang.Thread.run(Thread.java:748)
"pool-46-thread-19"  prio=5 tid=397 in Object.wait()
java.lang.Thread.State: WAITING (on object monitor)
        at sun.misc.Unsafe.park(Native Method)
        at java.util.concurrent.locks.LockSupport.park(LockSupport.java:175)
        at java.util.concurrent.locks.AbstractQueuedSynchronizer$ConditionObject.await(AbstractQueuedSynchronizer.java:2039)
        at java.util.concurrent.ArrayBlockingQueue.take(ArrayBlockingQueue.java:403)
        at java.util.concurrent.ThreadPoolExecutor.getTask(ThreadPoolExecutor.java:1074)
        at java.util.concurrent.ThreadPoolExecutor.runWorker(ThreadPoolExecutor.java:1134)
        at java.util.concurrent.ThreadPoolExecutor$Worker.run(ThreadPoolExecutor.java:624)
        at java.lang.Thread.run(Thread.java:748)
"qtp1187146208-214-acceptor-0@7ba0abd1-ServerConnector@352c44a8{HTTP/1.1,[http/1.1]}{0.0.0.0:39564}" daemon prio=3 tid=214 runnable
java.lang.Thread.State: RUNNABLE
        at sun.nio.ch.ServerSocketChannelImpl.accept0(Native Method)
        at sun.nio.ch.ServerSocketChannelImpl.accept(ServerSocketChannelImpl.java:422)
        at sun.nio.ch.ServerSocketChannelImpl.accept(ServerSocketChannelImpl.java:250)
        at org.eclipse.jetty.server.ServerConnector.accept(ServerConnector.java:397)
        at org.eclipse.jetty.server.AbstractConnector$Acceptor.run(AbstractConnector.java:601)
        at org.eclipse.jetty.util.thread.QueuedThreadPool.runJob(QueuedThreadPool.java:671)
        at org.eclipse.jetty.util.thread.QueuedThreadPool$2.run(QueuedThreadPool.java:589)
        at java.lang.Thread.run(Thread.java:748)
"org.eclipse.jetty.server.session.HashSessionManager@5d235104Timer" daemon prio=5 tid=144 timed_waiting
java.lang.Thread.State: TIMED_WAITING
        at sun.misc.Unsafe.park(Native Method)
        at java.util.concurrent.locks.LockSupport.parkNanos(LockSupport.java:215)
        at java.util.concurrent.locks.AbstractQueuedSynchronizer$ConditionObject.awaitNanos(AbstractQueuedSynchronizer.java:2078)
        at java.util.concurrent.ScheduledThreadPoolExecutor$DelayedWorkQueue.take(ScheduledThreadPoolExecutor.java:1093)
        at java.util.concurrent.ScheduledThreadPoolExecutor$DelayedWorkQueue.take(ScheduledThreadPoolExecutor.java:809)
        at java.util.concurrent.ThreadPoolExecutor.getTask(ThreadPoolExecutor.java:1074)
        at java.util.concurrent.ThreadPoolExecutor.runWorker(ThreadPoolExecutor.java:1134)
        at java.util.concurrent.ThreadPoolExecutor$Worker.run(ThreadPoolExecutor.java:624)
        at java.lang.Thread.run(Thread.java:748)
"IPC Server handler 18 on 45290" daemon prio=5 tid=67 timed_waiting
java.lang.Thread.State: TIMED_WAITING
        at sun.misc.Unsafe.park(Native Method)
        at java.util.concurrent.locks.LockSupport.parkNanos(LockSupport.java:215)
        at java.util.concurrent.locks.AbstractQueuedSynchronizer$ConditionObject.awaitNanos(AbstractQueuedSynchronizer.java:2078)
        at java.util.concurrent.LinkedBlockingQueue.poll(LinkedBlockingQueue.java:467)
        at org.apache.hadoop.ipc.CallQueueManager.take(CallQueueManager.java:288)
        at org.apache.hadoop.ipc.Server$Handler.run(Server.java:2668)
"pool-26-thread-37"  prio=5 tid=434 in Object.wait()
java.lang.Thread.State: WAITING (on object monitor)
        at sun.misc.Unsafe.park(Native Method)
        at java.util.concurrent.locks.LockSupport.park(LockSupport.java:175)
        at java.util.concurrent.locks.AbstractQueuedSynchronizer$ConditionObject.await(AbstractQueuedSynchronizer.java:2039)
        at java.util.concurrent.ArrayBlockingQueue.take(ArrayBlockingQueue.java:403)
        at java.util.concurrent.ThreadPoolExecutor.getTask(ThreadPoolExecutor.java:1074)
        at java.util.concurrent.ThreadPoolExecutor.runWorker(ThreadPoolExecutor.java:1134)
        at java.util.concurrent.ThreadPoolExecutor$Worker.run(ThreadPoolExecutor.java:624)
        at java.lang.Thread.run(Thread.java:748)
"qtp721395199-272" daemon prio=5 tid=272 timed_waiting
java.lang.Thread.State: TIMED_WAITING
        at sun.misc.Unsafe.park(Native Method)
        at java.util.concurrent.locks.LockSupport.parkNanos(LockSupport.java:215)
        at java.util.concurrent.locks.AbstractQueuedSynchronizer$ConditionObject.awaitNanos(AbstractQueuedSynchronizer.java:2078)
        at org.eclipse.jetty.util.BlockingArrayQueue.poll(BlockingArrayQueue.java:392)
        at org.eclipse.jetty.util.thread.QueuedThreadPool.idleJobPoll(QueuedThreadPool.java:563)
        at org.eclipse.jetty.util.thread.QueuedThreadPool.access$800(QueuedThreadPool.java:48)
        at org.eclipse.jetty.util.thread.QueuedThreadPool$2.run(QueuedThreadPool.java:626)
        at java.lang.Thread.run(Thread.java:748)
"pool-36-thread-35"  prio=5 tid=450 in Object.wait()
java.lang.Thread.State: WAITING (on object monitor)
        at sun.misc.Unsafe.park(Native Method)
        at java.util.concurrent.locks.LockSupport.park(LockSupport.java:175)
        at java.util.concurrent.locks.AbstractQueuedSynchronizer$ConditionObject.await(AbstractQueuedSynchronizer.java:2039)
        at java.util.concurrent.ArrayBlockingQueue.take(ArrayBlockingQueue.java:403)
        at java.util.concurrent.ThreadPoolExecutor.getTask(ThreadPoolExecutor.java:1074)
        at java.util.concurrent.ThreadPoolExecutor.runWorker(ThreadPoolExecutor.java:1134)
        at java.util.concurrent.ThreadPoolExecutor$Worker.run(ThreadPoolExecutor.java:624)
        at java.lang.Thread.run(Thread.java:748)
"qtp1187146208-217" daemon prio=5 tid=217 timed_waiting
java.lang.Thread.State: TIMED_WAITING
        at sun.misc.Unsafe.park(Native Method)
        at java.util.concurrent.locks.LockSupport.parkNanos(LockSupport.java:215)
        at java.util.concurrent.locks.AbstractQueuedSynchronizer$ConditionObject.awaitNanos(AbstractQueuedSynchronizer.java:2078)
        at org.eclipse.jetty.util.BlockingArrayQueue.poll(BlockingArrayQueue.java:392)
        at org.eclipse.jetty.util.thread.QueuedThreadPool.idleJobPoll(QueuedThreadPool.java:563)
        at org.eclipse.jetty.util.thread.QueuedThreadPool.access$800(QueuedThreadPool.java:48)
        at org.eclipse.jetty.util.thread.QueuedThreadPool$2.run(QueuedThreadPool.java:626)
        at java.lang.Thread.run(Thread.java:748)
"pool-66-thread-35"  prio=5 tid=615 in Object.wait()
java.lang.Thread.State: WAITING (on object monitor)
        at sun.misc.Unsafe.park(Native Method)
        at java.util.concurrent.locks.LockSupport.park(LockSupport.java:175)
        at java.util.concurrent.locks.AbstractQueuedSynchronizer$ConditionObject.await(AbstractQueuedSynchronizer.java:2039)
        at java.util.concurrent.ArrayBlockingQueue.take(ArrayBlockingQueue.java:403)
        at java.util.concurrent.ThreadPoolExecutor.getTask(ThreadPoolExecutor.java:1074)
        at java.util.concurrent.ThreadPoolExecutor.runWorker(ThreadPoolExecutor.java:1134)
        at java.util.concurrent.ThreadPoolExecutor$Worker.run(ThreadPoolExecutor.java:624)
        at java.lang.Thread.run(Thread.java:748)
"IPC Server handler 18 on 36674" daemon prio=5 tid=87 timed_waiting
java.lang.Thread.State: TIMED_WAITING
        at sun.misc.Unsafe.park(Native Method)
        at java.util.concurrent.locks.LockSupport.parkNanos(LockSupport.java:215)
        at java.util.concurrent.locks.AbstractQueuedSynchronizer$ConditionObject.awaitNanos(AbstractQueuedSynchronizer.java:2078)
        at java.util.concurrent.LinkedBlockingQueue.poll(LinkedBlockingQueue.java:467)
        at org.apache.hadoop.ipc.CallQueueManager.take(CallQueueManager.java:288)
        at org.apache.hadoop.ipc.Server$Handler.run(Server.java:2668)
"pool-36-thread-12"  prio=5 tid=373 in Object.wait()
java.lang.Thread.State: WAITING (on object monitor)
        at sun.misc.Unsafe.park(Native Method)
        at java.util.concurrent.locks.LockSupport.park(LockSupport.java:175)
        at java.util.concurrent.locks.AbstractQueuedSynchronizer$ConditionObject.await(AbstractQueuedSynchronizer.java:2039)
        at java.util.concurrent.ArrayBlockingQueue.take(ArrayBlockingQueue.java:403)
        at java.util.concurrent.ThreadPoolExecutor.getTask(ThreadPoolExecutor.java:1074)
        at java.util.concurrent.ThreadPoolExecutor.runWorker(ThreadPoolExecutor.java:1134)
        at java.util.concurrent.ThreadPoolExecutor$Worker.run(ThreadPoolExecutor.java:624)
        at java.lang.Thread.run(Thread.java:748)
"pool-76-thread-47"  prio=5 tid=698 in Object.wait()
java.lang.Thread.State: WAITING (on object monitor)
        at sun.misc.Unsafe.park(Native Method)
        at java.util.concurrent.locks.LockSupport.park(LockSupport.java:175)
        at java.util.concurrent.locks.AbstractQueuedSynchronizer$ConditionObject.await(AbstractQueuedSynchronizer.java:2039)
        at java.util.concurrent.ArrayBlockingQueue.take(ArrayBlockingQueue.java:403)
        at java.util.concurrent.ThreadPoolExecutor.getTask(ThreadPoolExecutor.java:1074)
        at java.util.concurrent.ThreadPoolExecutor.runWorker(ThreadPoolExecutor.java:1134)
        at java.util.concurrent.ThreadPoolExecutor$Worker.run(ThreadPoolExecutor.java:624)
        at java.lang.Thread.run(Thread.java:748)
"pool-60-thread-1"  prio=5 tid=239 timed_waiting
java.lang.Thread.State: TIMED_WAITING
        at sun.misc.Unsafe.park(Native Method)
        at java.util.concurrent.locks.LockSupport.parkNanos(LockSupport.java:215)
        at java.util.concurrent.locks.AbstractQueuedSynchronizer$ConditionObject.awaitNanos(AbstractQueuedSynchronizer.java:2078)
        at java.util.concurrent.ScheduledThreadPoolExecutor$DelayedWorkQueue.take(ScheduledThreadPoolExecutor.java:1093)
        at java.util.concurrent.ScheduledThreadPoolExecutor$DelayedWorkQueue.take(ScheduledThreadPoolExecutor.java:809)
        at java.util.concurrent.ThreadPoolExecutor.getTask(ThreadPoolExecutor.java:1074)
        at java.util.concurrent.ThreadPoolExecutor.runWorker(ThreadPoolExecutor.java:1134)
        at java.util.concurrent.ThreadPoolExecutor$Worker.run(ThreadPoolExecutor.java:624)
        at java.lang.Thread.run(Thread.java:748)
"pool-26-thread-24"  prio=5 tid=406 in Object.wait()
java.lang.Thread.State: WAITING (on object monitor)
        at sun.misc.Unsafe.park(Native Method)
        at java.util.concurrent.locks.LockSupport.park(LockSupport.java:175)
        at java.util.concurrent.locks.AbstractQueuedSynchronizer$ConditionObject.await(AbstractQueuedSynchronizer.java:2039)
        at java.util.concurrent.ArrayBlockingQueue.take(ArrayBlockingQueue.java:403)
        at java.util.concurrent.ThreadPoolExecutor.getTask(ThreadPoolExecutor.java:1074)
        at java.util.concurrent.ThreadPoolExecutor.runWorker(ThreadPoolExecutor.java:1134)
        at java.util.concurrent.ThreadPoolExecutor$Worker.run(ThreadPoolExecutor.java:624)
        at java.lang.Thread.run(Thread.java:748)
"org.apache.hadoop.util.JvmPauseMonitor$Monitor@a2ccbe1" daemon prio=5 tid=338 timed_waiting
java.lang.Thread.State: TIMED_WAITING
        at java.lang.Thread.sleep(Native Method)
        at org.apache.hadoop.util.JvmPauseMonitor$Monitor.run(JvmPauseMonitor.java:192)
        at java.lang.Thread.run(Thread.java:748)
"pool-46-thread-20"  prio=5 tid=400 in Object.wait()
java.lang.Thread.State: WAITING (on object monitor)
        at sun.misc.Unsafe.park(Native Method)
        at java.util.concurrent.locks.LockSupport.park(LockSupport.java:175)
        at java.util.concurrent.locks.AbstractQueuedSynchronizer$ConditionObject.await(AbstractQueuedSynchronizer.java:2039)
        at java.util.concurrent.ArrayBlockingQueue.take(ArrayBlockingQueue.java:403)
        at java.util.concurrent.ThreadPoolExecutor.getTask(ThreadPoolExecutor.java:1074)
        at java.util.concurrent.ThreadPoolExecutor.runWorker(ThreadPoolExecutor.java:1134)
        at java.util.concurrent.ThreadPoolExecutor$Worker.run(ThreadPoolExecutor.java:624)
        at java.lang.Thread.run(Thread.java:748)
"pool-66-thread-56"  prio=5 tid=636 in Object.wait()
java.lang.Thread.State: WAITING (on object monitor)
        at sun.misc.Unsafe.park(Native Method)
        at java.util.concurrent.locks.LockSupport.park(LockSupport.java:175)
        at java.util.concurrent.locks.AbstractQueuedSynchronizer$ConditionObject.await(AbstractQueuedSynchronizer.java:2039)
        at java.util.concurrent.ArrayBlockingQueue.take(ArrayBlockingQueue.java:403)
        at java.util.concurrent.ThreadPoolExecutor.getTask(ThreadPoolExecutor.java:1074)
        at java.util.concurrent.ThreadPoolExecutor.runWorker(ThreadPoolExecutor.java:1134)
        at java.util.concurrent.ThreadPoolExecutor$Worker.run(ThreadPoolExecutor.java:624)
        at java.lang.Thread.run(Thread.java:748)
"pool-36-thread-29"  prio=5 tid=432 in Object.wait()
java.lang.Thread.State: WAITING (on object monitor)
        at sun.misc.Unsafe.park(Native Method)
        at java.util.concurrent.locks.LockSupport.park(LockSupport.java:175)
        at java.util.concurrent.locks.AbstractQueuedSynchronizer$ConditionObject.await(AbstractQueuedSynchronizer.java:2039)
        at java.util.concurrent.ArrayBlockingQueue.take(ArrayBlockingQueue.java:403)
        at java.util.concurrent.ThreadPoolExecutor.getTask(ThreadPoolExecutor.java:1074)
        at java.util.concurrent.ThreadPoolExecutor.runWorker(ThreadPoolExecutor.java:1134)
        at java.util.concurrent.ThreadPoolExecutor$Worker.run(ThreadPoolExecutor.java:624)
        at java.lang.Thread.run(Thread.java:748)
"pool-36-thread-52"  prio=5 tid=501 in Object.wait()
java.lang.Thread.State: WAITING (on object monitor)
        at sun.misc.Unsafe.park(Native Method)
        at java.util.concurrent.locks.LockSupport.park(LockSupport.java:175)
        at java.util.concurrent.locks.AbstractQueuedSynchronizer$ConditionObject.await(AbstractQueuedSynchronizer.java:2039)
        at java.util.concurrent.ArrayBlockingQueue.take(ArrayBlockingQueue.java:403)
        at java.util.concurrent.ThreadPoolExecutor.getTask(ThreadPoolExecutor.java:1074)
        at java.util.concurrent.ThreadPoolExecutor.runWorker(ThreadPoolExecutor.java:1134)
        at java.util.concurrent.ThreadPoolExecutor$Worker.run(ThreadPoolExecutor.java:624)
        at java.lang.Thread.run(Thread.java:748)
"pool-46-thread-43"  prio=5 tid=479 in Object.wait()
java.lang.Thread.State: WAITING (on object monitor)
        at sun.misc.Unsafe.park(Native Method)
        at java.util.concurrent.locks.LockSupport.park(LockSupport.java:175)
        at java.util.concurrent.locks.AbstractQueuedSynchronizer$ConditionObject.await(AbstractQueuedSynchronizer.java:2039)
        at java.util.concurrent.ArrayBlockingQueue.take(ArrayBlockingQueue.java:403)
        at java.util.concurrent.ThreadPoolExecutor.getTask(ThreadPoolExecutor.java:1074)
        at java.util.concurrent.ThreadPoolExecutor.runWorker(ThreadPoolExecutor.java:1134)
        at java.util.concurrent.ThreadPoolExecutor$Worker.run(ThreadPoolExecutor.java:624)
        at java.lang.Thread.run(Thread.java:748)
"qtp721395199-273" daemon prio=5 tid=273 timed_waiting
java.lang.Thread.State: TIMED_WAITING
        at sun.misc.Unsafe.park(Native Method)
        at java.util.concurrent.locks.LockSupport.parkNanos(LockSupport.java:215)
        at java.util.concurrent.locks.AbstractQueuedSynchronizer$ConditionObject.awaitNanos(AbstractQueuedSynchronizer.java:2078)
        at org.eclipse.jetty.util.BlockingArrayQueue.poll(BlockingArrayQueue.java:392)
        at org.eclipse.jetty.util.thread.QueuedThreadPool.idleJobPoll(QueuedThreadPool.java:563)
        at org.eclipse.jetty.util.thread.QueuedThreadPool.access$800(QueuedThreadPool.java:48)
        at org.eclipse.jetty.util.thread.QueuedThreadPool$2.run(QueuedThreadPool.java:626)
        at java.lang.Thread.run(Thread.java:748)
"grpc-default-executor-9" daemon prio=5 tid=965 timed_waiting
java.lang.Thread.State: TIMED_WAITING
        at sun.misc.Unsafe.park(Native Method)
        at java.util.concurrent.locks.LockSupport.parkNanos(LockSupport.java:215)
        at java.util.concurrent.SynchronousQueue$TransferStack.awaitFulfill(SynchronousQueue.java:460)
        at java.util.concurrent.SynchronousQueue$TransferStack.transfer(SynchronousQueue.java:362)
        at java.util.concurrent.SynchronousQueue.poll(SynchronousQueue.java:941)
        at java.util.concurrent.ThreadPoolExecutor.getTask(ThreadPoolExecutor.java:1073)
        at java.util.concurrent.ThreadPoolExecutor.runWorker(ThreadPoolExecutor.java:1134)
        at java.util.concurrent.ThreadPoolExecutor$Worker.run(ThreadPoolExecutor.java:624)
        at java.lang.Thread.run(Thread.java:748)
"qtp1991386317-136" daemon prio=5 tid=136 runnable
java.lang.Thread.State: RUNNABLE
        at sun.nio.ch.EPollArrayWrapper.epollWait(Native Method)
        at sun.nio.ch.EPollArrayWrapper.poll(EPollArrayWrapper.java:269)
        at sun.nio.ch.EPollSelectorImpl.doSelect(EPollSelectorImpl.java:93)
        at sun.nio.ch.SelectorImpl.lockAndDoSelect(SelectorImpl.java:86)
        at sun.nio.ch.SelectorImpl.select(SelectorImpl.java:97)
        at sun.nio.ch.SelectorImpl.select(SelectorImpl.java:101)
        at org.eclipse.jetty.io.ManagedSelector$SelectorProducer.select(ManagedSelector.java:243)
        at org.eclipse.jetty.io.ManagedSelector$SelectorProducer.produce(ManagedSelector.java:191)
        at org.eclipse.jetty.util.thread.strategy.ExecuteProduceConsume.executeProduceConsume(ExecuteProduceConsume.java:249)
        at org.eclipse.jetty.util.thread.strategy.ExecuteProduceConsume.produceConsume(ExecuteProduceConsume.java:148)
        at org.eclipse.jetty.util.thread.strategy.ExecuteProduceConsume.execute(ExecuteProduceConsume.java:100)
        at org.eclipse.jetty.io.ManagedSelector.run(ManagedSelector.java:147)
        at org.eclipse.jetty.util.thread.QueuedThreadPool.runJob(QueuedThreadPool.java:671)
        at org.eclipse.jetty.util.thread.QueuedThreadPool$2.run(QueuedThreadPool.java:589)
        at java.lang.Thread.run(Thread.java:748)
"pool-56-thread-55"  prio=5 tid=575 in Object.wait()
java.lang.Thread.State: WAITING (on object monitor)
        at sun.misc.Unsafe.park(Native Method)
        at java.util.concurrent.locks.LockSupport.park(LockSupport.java:175)
        at java.util.concurrent.locks.AbstractQueuedSynchronizer$ConditionObject.await(AbstractQueuedSynchronizer.java:2039)
        at java.util.concurrent.ArrayBlockingQueue.take(ArrayBlockingQueue.java:403)
        at java.util.concurrent.ThreadPoolExecutor.getTask(ThreadPoolExecutor.java:1074)
        at java.util.concurrent.ThreadPoolExecutor.runWorker(ThreadPoolExecutor.java:1134)
        at java.util.concurrent.ThreadPoolExecutor$Worker.run(ThreadPoolExecutor.java:624)
        at java.lang.Thread.run(Thread.java:748)
"pool-66-thread-60"  prio=5 tid=640 in Object.wait()
java.lang.Thread.State: WAITING (on object monitor)
        at sun.misc.Unsafe.park(Native Method)
        at java.util.concurrent.locks.LockSupport.park(LockSupport.java:175)
        at java.util.concurrent.locks.AbstractQueuedSynchronizer$ConditionObject.await(AbstractQueuedSynchronizer.java:2039)
        at java.util.concurrent.ArrayBlockingQueue.take(ArrayBlockingQueue.java:403)
        at java.util.concurrent.ThreadPoolExecutor.getTask(ThreadPoolExecutor.java:1074)
        at java.util.concurrent.ThreadPoolExecutor.runWorker(ThreadPoolExecutor.java:1134)
        at java.util.concurrent.ThreadPoolExecutor$Worker.run(ThreadPoolExecutor.java:624)
        at java.lang.Thread.run(Thread.java:748)
"qtp680988889-89" daemon prio=5 tid=89 runnable
java.lang.Thread.State: RUNNABLE
        at sun.nio.ch.EPollArrayWrapper.epollWait(Native Method)
        at sun.nio.ch.EPollArrayWrapper.poll(EPollArrayWrapper.java:269)
        at sun.nio.ch.EPollSelectorImpl.doSelect(EPollSelectorImpl.java:93)
        at sun.nio.ch.SelectorImpl.lockAndDoSelect(SelectorImpl.java:86)
        at sun.nio.ch.SelectorImpl.select(SelectorImpl.java:97)
        at sun.nio.ch.SelectorImpl.select(SelectorImpl.java:101)
        at org.eclipse.jetty.io.ManagedSelector$SelectorProducer.select(ManagedSelector.java:243)
        at org.eclipse.jetty.io.ManagedSelector$SelectorProducer.produce(ManagedSelector.java:191)
        at org.eclipse.jetty.util.thread.strategy.ExecuteProduceConsume.executeProduceConsume(ExecuteProduceConsume.java:249)
        at org.eclipse.jetty.util.thread.strategy.ExecuteProduceConsume.produceConsume(ExecuteProduceConsume.java:148)
        at org.eclipse.jetty.util.thread.strategy.ExecuteProduceConsume.execute(ExecuteProduceConsume.java:100)
        at org.eclipse.jetty.io.ManagedSelector.run(ManagedSelector.java:147)
        at org.eclipse.jetty.util.thread.QueuedThreadPool.runJob(QueuedThreadPool.java:671)
        at org.eclipse.jetty.util.thread.QueuedThreadPool$2.run(QueuedThreadPool.java:589)
        at java.lang.Thread.run(Thread.java:748)
"IPC Server handler 10 on 36674" daemon prio=5 tid=79 timed_waiting
java.lang.Thread.State: TIMED_WAITING
        at sun.misc.Unsafe.park(Native Method)
        at java.util.concurrent.locks.LockSupport.parkNanos(LockSupport.java:215)
        at java.util.concurrent.locks.AbstractQueuedSynchronizer$ConditionObject.awaitNanos(AbstractQueuedSynchronizer.java:2078)
        at java.util.concurrent.LinkedBlockingQueue.poll(LinkedBlockingQueue.java:467)
        at org.apache.hadoop.ipc.CallQueueManager.take(CallQueueManager.java:288)
        at org.apache.hadoop.ipc.Server$Handler.run(Server.java:2668)
"org.apache.ratis.server.impl.LogAppender$AppenderDaemon$$Lambda$435/1417897345@6f46f089" daemon prio=5 tid=1092 timed_waiting
java.lang.Thread.State: TIMED_WAITING
        at java.lang.Object.wait(Native Method)
        at org.apache.ratis.grpc.server.GrpcLogAppender.mayWait(GrpcLogAppender.java:147)
        at org.apache.ratis.grpc.server.GrpcLogAppender.runAppenderImpl(GrpcLogAppender.java:101)
        at org.apache.ratis.server.impl.LogAppender$AppenderDaemon.run(LogAppender.java:76)
        at org.apache.ratis.server.impl.LogAppender$AppenderDaemon$$Lambda$435/1417897345.run(Unknown Source)
        at java.lang.Thread.run(Thread.java:748)
"pool-46-thread-53"  prio=5 tid=513 in Object.wait()
java.lang.Thread.State: WAITING (on object monitor)
        at sun.misc.Unsafe.park(Native Method)
        at java.util.concurrent.locks.LockSupport.park(LockSupport.java:175)
        at java.util.concurrent.locks.AbstractQueuedSynchronizer$ConditionObject.await(AbstractQueuedSynchronizer.java:2039)
        at java.util.concurrent.ArrayBlockingQueue.take(ArrayBlockingQueue.java:403)
        at java.util.concurrent.ThreadPoolExecutor.getTask(ThreadPoolExecutor.java:1074)
        at java.util.concurrent.ThreadPoolExecutor.runWorker(ThreadPoolExecutor.java:1134)
        at java.util.concurrent.ThreadPoolExecutor$Worker.run(ThreadPoolExecutor.java:624)
        at java.lang.Thread.run(Thread.java:748)
"pool-36-thread-58"  prio=5 tid=509 in Object.wait()
java.lang.Thread.State: WAITING (on object monitor)
        at sun.misc.Unsafe.park(Native Method)
        at java.util.concurrent.locks.LockSupport.park(LockSupport.java:175)
        at java.util.concurrent.locks.AbstractQueuedSynchronizer$ConditionObject.await(AbstractQueuedSynchronizer.java:2039)
        at java.util.concurrent.ArrayBlockingQueue.take(ArrayBlockingQueue.java:403)
        at java.util.concurrent.ThreadPoolExecutor.getTask(ThreadPoolExecutor.java:1074)
        at java.util.concurrent.ThreadPoolExecutor.runWorker(ThreadPoolExecutor.java:1134)
        at java.util.concurrent.ThreadPoolExecutor$Worker.run(ThreadPoolExecutor.java:624)
        at java.lang.Thread.run(Thread.java:748)
"SCMBlockDeletingService#0" daemon prio=5 tid=101 timed_waiting
java.lang.Thread.State: TIMED_WAITING
        at sun.misc.Unsafe.park(Native Method)
        at java.util.concurrent.locks.LockSupport.parkNanos(LockSupport.java:215)
        at java.util.concurrent.locks.AbstractQueuedSynchronizer$ConditionObject.awaitNanos(AbstractQueuedSynchronizer.java:2078)
        at java.util.concurrent.ScheduledThreadPoolExecutor$DelayedWorkQueue.take(ScheduledThreadPoolExecutor.java:1093)
        at java.util.concurrent.ScheduledThreadPoolExecutor$DelayedWorkQueue.take(ScheduledThreadPoolExecutor.java:809)
        at java.util.concurrent.ThreadPoolExecutor.getTask(ThreadPoolExecutor.java:1074)
        at java.util.concurrent.ThreadPoolExecutor.runWorker(ThreadPoolExecutor.java:1134)
        at java.util.concurrent.ThreadPoolExecutor$Worker.run(ThreadPoolExecutor.java:624)
        at java.lang.Thread.run(Thread.java:748)
"pool-66-thread-19"  prio=5 tid=599 in Object.wait()
java.lang.Thread.State: WAITING (on object monitor)
        at sun.misc.Unsafe.park(Native Method)
        at java.util.concurrent.locks.LockSupport.park(LockSupport.java:175)
        at java.util.concurrent.locks.AbstractQueuedSynchronizer$ConditionObject.await(AbstractQueuedSynchronizer.java:2039)
        at java.util.concurrent.ArrayBlockingQueue.take(ArrayBlockingQueue.java:403)
        at java.util.concurrent.ThreadPoolExecutor.getTask(ThreadPoolExecutor.java:1074)
        at java.util.concurrent.ThreadPoolExecutor.runWorker(ThreadPoolExecutor.java:1134)
        at java.util.concurrent.ThreadPoolExecutor$Worker.run(ThreadPoolExecutor.java:624)
        at java.lang.Thread.run(Thread.java:748)
"pool-66-thread-39"  prio=5 tid=619 in Object.wait()
java.lang.Thread.State: WAITING (on object monitor)
        at sun.misc.Unsafe.park(Native Method)
        at java.util.concurrent.locks.LockSupport.park(LockSupport.java:175)
        at java.util.concurrent.locks.AbstractQueuedSynchronizer$ConditionObject.await(AbstractQueuedSynchronizer.java:2039)
        at java.util.concurrent.ArrayBlockingQueue.take(ArrayBlockingQueue.java:403)
        at java.util.concurrent.ThreadPoolExecutor.getTask(ThreadPoolExecutor.java:1074)
        at java.util.concurrent.ThreadPoolExecutor.runWorker(ThreadPoolExecutor.java:1134)
        at java.util.concurrent.ThreadPoolExecutor$Worker.run(ThreadPoolExecutor.java:624)
        at java.lang.Thread.run(Thread.java:748)
"pool-76-thread-59"  prio=5 tid=710 in Object.wait()
java.lang.Thread.State: WAITING (on object monitor)
        at sun.misc.Unsafe.park(Native Method)
        at java.util.concurrent.locks.LockSupport.park(LockSupport.java:175)
        at java.util.concurrent.locks.AbstractQueuedSynchronizer$ConditionObject.await(AbstractQueuedSynchronizer.java:2039)
        at java.util.concurrent.ArrayBlockingQueue.take(ArrayBlockingQueue.java:403)
        at java.util.concurrent.ThreadPoolExecutor.getTask(ThreadPoolExecutor.java:1074)
        at java.util.concurrent.ThreadPoolExecutor.runWorker(ThreadPoolExecutor.java:1134)
        at java.util.concurrent.ThreadPoolExecutor$Worker.run(ThreadPoolExecutor.java:624)
        at java.lang.Thread.run(Thread.java:748)
"pool-56-thread-34"  prio=5 tid=554 in Object.wait()
java.lang.Thread.State: WAITING (on object monitor)
        at sun.misc.Unsafe.park(Native Method)
        at java.util.concurrent.locks.LockSupport.park(LockSupport.java:175)
        at java.util.concurrent.locks.AbstractQueuedSynchronizer$ConditionObject.await(AbstractQueuedSynchronizer.java:2039)
        at java.util.concurrent.ArrayBlockingQueue.take(ArrayBlockingQueue.java:403)
        at java.util.concurrent.ThreadPoolExecutor.getTask(ThreadPoolExecutor.java:1074)
        at java.util.concurrent.ThreadPoolExecutor.runWorker(ThreadPoolExecutor.java:1134)
        at java.util.concurrent.ThreadPoolExecutor$Worker.run(ThreadPoolExecutor.java:624)
        at java.lang.Thread.run(Thread.java:748)
"pool-66-thread-31"  prio=5 tid=611 in Object.wait()
java.lang.Thread.State: WAITING (on object monitor)
        at sun.misc.Unsafe.park(Native Method)
        at java.util.concurrent.locks.LockSupport.park(LockSupport.java:175)
        at java.util.concurrent.locks.AbstractQueuedSynchronizer$ConditionObject.await(AbstractQueuedSynchronizer.java:2039)
        at java.util.concurrent.ArrayBlockingQueue.take(ArrayBlockingQueue.java:403)
        at java.util.concurrent.ThreadPoolExecutor.getTask(ThreadPoolExecutor.java:1074)
        at java.util.concurrent.ThreadPoolExecutor.runWorker(ThreadPoolExecutor.java:1134)
        at java.util.concurrent.ThreadPoolExecutor$Worker.run(ThreadPoolExecutor.java:624)
        at java.lang.Thread.run(Thread.java:748)
"pool-86-thread-2"  prio=5 tid=715 in Object.wait()
java.lang.Thread.State: WAITING (on object monitor)
        at sun.misc.Unsafe.park(Native Method)
        at java.util.concurrent.locks.LockSupport.park(LockSupport.java:175)
        at java.util.concurrent.locks.AbstractQueuedSynchronizer$ConditionObject.await(AbstractQueuedSynchronizer.java:2039)
        at java.util.concurrent.ArrayBlockingQueue.take(ArrayBlockingQueue.java:403)
        at java.util.concurrent.ThreadPoolExecutor.getTask(ThreadPoolExecutor.java:1074)
        at java.util.concurrent.ThreadPoolExecutor.runWorker(ThreadPoolExecutor.java:1134)
        at java.util.concurrent.ThreadPoolExecutor$Worker.run(ThreadPoolExecutor.java:624)
        at java.lang.Thread.run(Thread.java:748)
"pool-76-thread-20"  prio=5 tid=671 in Object.wait()
java.lang.Thread.State: WAITING (on object monitor)
        at sun.misc.Unsafe.park(Native Method)
        at java.util.concurrent.locks.LockSupport.park(LockSupport.java:175)
        at java.util.concurrent.locks.AbstractQueuedSynchronizer$ConditionObject.await(AbstractQueuedSynchronizer.java:2039)
        at java.util.concurrent.ArrayBlockingQueue.take(ArrayBlockingQueue.java:403)
        at java.util.concurrent.ThreadPoolExecutor.getTask(ThreadPoolExecutor.java:1074)
        at java.util.concurrent.ThreadPoolExecutor.runWorker(ThreadPoolExecutor.java:1134)
        at java.util.concurrent.ThreadPoolExecutor$Worker.run(ThreadPoolExecutor.java:624)
        at java.lang.Thread.run(Thread.java:748)
"IPC Server handler 15 on 45589" daemon prio=5 tid=44 timed_waiting
java.lang.Thread.State: TIMED_WAITING
        at sun.misc.Unsafe.park(Native Method)
        at java.util.concurrent.locks.LockSupport.parkNanos(LockSupport.java:215)
        at java.util.concurrent.locks.AbstractQueuedSynchronizer$ConditionObject.awaitNanos(AbstractQueuedSynchronizer.java:2078)
        at java.util.concurrent.LinkedBlockingQueue.poll(LinkedBlockingQueue.java:467)
        at org.apache.hadoop.ipc.CallQueueManager.take(CallQueueManager.java:288)
        at org.apache.hadoop.ipc.Server$Handler.run(Server.java:2668)
"pool-66-thread-47"  prio=5 tid=627 in Object.wait()
java.lang.Thread.State: WAITING (on object monitor)
        at sun.misc.Unsafe.park(Native Method)
        at java.util.concurrent.locks.LockSupport.park(LockSupport.java:175)
        at java.util.concurrent.locks.AbstractQueuedSynchronizer$ConditionObject.await(AbstractQueuedSynchronizer.java:2039)
        at java.util.concurrent.ArrayBlockingQueue.take(ArrayBlockingQueue.java:403)
        at java.util.concurrent.ThreadPoolExecutor.getTask(ThreadPoolExecutor.java:1074)
        at java.util.concurrent.ThreadPoolExecutor.runWorker(ThreadPoolExecutor.java:1134)
        at java.util.concurrent.ThreadPoolExecutor$Worker.run(ThreadPoolExecutor.java:624)
        at java.lang.Thread.run(Thread.java:748)
"pool-46-thread-49"  prio=5 tid=500 in Object.wait()
java.lang.Thread.State: WAITING (on object monitor)
        at sun.misc.Unsafe.park(Native Method)
        at java.util.concurrent.locks.LockSupport.park(LockSupport.java:175)
        at java.util.concurrent.locks.AbstractQueuedSynchronizer$ConditionObject.await(AbstractQueuedSynchronizer.java:2039)
        at java.util.concurrent.ArrayBlockingQueue.take(ArrayBlockingQueue.java:403)
        at java.util.concurrent.ThreadPoolExecutor.getTask(ThreadPoolExecutor.java:1074)
        at java.util.concurrent.ThreadPoolExecutor.runWorker(ThreadPoolExecutor.java:1134)
        at java.util.concurrent.ThreadPoolExecutor$Worker.run(ThreadPoolExecutor.java:624)
        at java.lang.Thread.run(Thread.java:748)
"IPC Server handler 8 on 45290" daemon prio=5 tid=57 timed_waiting
java.lang.Thread.State: TIMED_WAITING
        at sun.misc.Unsafe.park(Native Method)
        at java.util.concurrent.locks.LockSupport.parkNanos(LockSupport.java:215)
        at java.util.concurrent.locks.AbstractQueuedSynchronizer$ConditionObject.awaitNanos(AbstractQueuedSynchronizer.java:2078)
        at java.util.concurrent.LinkedBlockingQueue.poll(LinkedBlockingQueue.java:467)
        at org.apache.hadoop.ipc.CallQueueManager.take(CallQueueManager.java:288)
        at org.apache.hadoop.ipc.Server$Handler.run(Server.java:2668)
"KeyDeletingService#0" daemon prio=5 tid=113 timed_waiting
java.lang.Thread.State: TIMED_WAITING
        at sun.misc.Unsafe.park(Native Method)
        at java.util.concurrent.locks.LockSupport.parkNanos(LockSupport.java:215)
        at java.util.concurrent.locks.AbstractQueuedSynchronizer$ConditionObject.awaitNanos(AbstractQueuedSynchronizer.java:2078)
        at java.util.concurrent.ScheduledThreadPoolExecutor$DelayedWorkQueue.take(ScheduledThreadPoolExecutor.java:1093)
        at java.util.concurrent.ScheduledThreadPoolExecutor$DelayedWorkQueue.take(ScheduledThreadPoolExecutor.java:809)
        at java.util.concurrent.ThreadPoolExecutor.getTask(ThreadPoolExecutor.java:1074)
        at java.util.concurrent.ThreadPoolExecutor.runWorker(ThreadPoolExecutor.java:1134)
        at java.util.concurrent.ThreadPoolExecutor$Worker.run(ThreadPoolExecutor.java:624)
        at java.lang.Thread.run(Thread.java:748)
"48796f01-a45e-4e78-98f3-7a8f6b07cc28@group-AFD3E3A39739-SegmentedRaftLogWorker"  prio=5 tid=1060 timed_waiting
java.lang.Thread.State: TIMED_WAITING
        at sun.misc.Unsafe.park(Native Method)
        at java.util.concurrent.locks.LockSupport.parkNanos(LockSupport.java:215)
        at java.util.concurrent.locks.AbstractQueuedSynchronizer$ConditionObject.awaitNanos(AbstractQueuedSynchronizer.java:2078)
        at org.apache.ratis.util.DataBlockingQueue.poll(DataBlockingQueue.java:137)
        at org.apache.ratis.server.raftlog.segmented.SegmentedRaftLogWorker.run(SegmentedRaftLogWorker.java:282)
        at java.lang.Thread.run(Thread.java:748)
"pool-86-thread-30"  prio=5 tid=743 in Object.wait()
java.lang.Thread.State: WAITING (on object monitor)
        at sun.misc.Unsafe.park(Native Method)
        at java.util.concurrent.locks.LockSupport.park(LockSupport.java:175)
        at java.util.concurrent.locks.AbstractQueuedSynchronizer$ConditionObject.await(AbstractQueuedSynchronizer.java:2039)
        at java.util.concurrent.ArrayBlockingQueue.take(ArrayBlockingQueue.java:403)
        at java.util.concurrent.ThreadPoolExecutor.getTask(ThreadPoolExecutor.java:1074)
        at java.util.concurrent.ThreadPoolExecutor.runWorker(ThreadPoolExecutor.java:1134)
        at java.util.concurrent.ThreadPoolExecutor$Worker.run(ThreadPoolExecutor.java:624)
        at java.lang.Thread.run(Thread.java:748)
"pool-66-thread-13"  prio=5 tid=593 in Object.wait()
java.lang.Thread.State: WAITING (on object monitor)
        at sun.misc.Unsafe.park(Native Method)
        at java.util.concurrent.locks.LockSupport.park(LockSupport.java:175)
        at java.util.concurrent.locks.AbstractQueuedSynchronizer$ConditionObject.await(AbstractQueuedSynchronizer.java:2039)
        at java.util.concurrent.ArrayBlockingQueue.take(ArrayBlockingQueue.java:403)
        at java.util.concurrent.ThreadPoolExecutor.getTask(ThreadPoolExecutor.java:1074)
        at java.util.concurrent.ThreadPoolExecutor.runWorker(ThreadPoolExecutor.java:1134)
        at java.util.concurrent.ThreadPoolExecutor$Worker.run(ThreadPoolExecutor.java:624)
        at java.lang.Thread.run(Thread.java:748)
"org.eclipse.jetty.server.session.HashSessionManager@65b97f47Timer" daemon prio=5 tid=222 timed_waiting
java.lang.Thread.State: TIMED_WAITING
        at sun.misc.Unsafe.park(Native Method)
        at java.util.concurrent.locks.LockSupport.parkNanos(LockSupport.java:215)
        at java.util.concurrent.locks.AbstractQueuedSynchronizer$ConditionObject.awaitNanos(AbstractQueuedSynchronizer.java:2078)
        at java.util.concurrent.ScheduledThreadPoolExecutor$DelayedWorkQueue.take(ScheduledThreadPoolExecutor.java:1093)
        at java.util.concurrent.ScheduledThreadPoolExecutor$DelayedWorkQueue.take(ScheduledThreadPoolExecutor.java:809)
        at java.util.concurrent.ThreadPoolExecutor.getTask(ThreadPoolExecutor.java:1074)
        at java.util.concurrent.ThreadPoolExecutor.runWorker(ThreadPoolExecutor.java:1134)
        at java.util.concurrent.ThreadPoolExecutor$Worker.run(ThreadPoolExecutor.java:624)
        at java.lang.Thread.run(Thread.java:748)
"RatisPipelineUtilsThread"  prio=5 tid=777 timed_waiting
java.lang.Thread.State: TIMED_WAITING
        at sun.misc.Unsafe.park(Native Method)
        at java.util.concurrent.locks.LockSupport.parkNanos(LockSupport.java:215)
        at java.util.concurrent.locks.AbstractQueuedSynchronizer$ConditionObject.awaitNanos(AbstractQueuedSynchronizer.java:2078)
        at java.util.concurrent.ScheduledThreadPoolExecutor$DelayedWorkQueue.take(ScheduledThreadPoolExecutor.java:1093)
        at java.util.concurrent.ScheduledThreadPoolExecutor$DelayedWorkQueue.take(ScheduledThreadPoolExecutor.java:809)
        at java.util.concurrent.ThreadPoolExecutor.getTask(ThreadPoolExecutor.java:1074)
        at java.util.concurrent.ThreadPoolExecutor.runWorker(ThreadPoolExecutor.java:1134)
        at java.util.concurrent.ThreadPoolExecutor$Worker.run(ThreadPoolExecutor.java:624)
        at java.lang.Thread.run(Thread.java:748)
"pool-86-thread-29"  prio=5 tid=742 in Object.wait()
java.lang.Thread.State: WAITING (on object monitor)
        at sun.misc.Unsafe.park(Native Method)
        at java.util.concurrent.locks.LockSupport.park(LockSupport.java:175)
        at java.util.concurrent.locks.AbstractQueuedSynchronizer$ConditionObject.await(AbstractQueuedSynchronizer.java:2039)
        at java.util.concurrent.ArrayBlockingQueue.take(ArrayBlockingQueue.java:403)
        at java.util.concurrent.ThreadPoolExecutor.getTask(ThreadPoolExecutor.java:1074)
        at java.util.concurrent.ThreadPoolExecutor.runWorker(ThreadPoolExecutor.java:1134)
        at java.util.concurrent.ThreadPoolExecutor$Worker.run(ThreadPoolExecutor.java:624)
        at java.lang.Thread.run(Thread.java:748)
"qtp680988889-91" daemon prio=5 tid=91 timed_waiting
java.lang.Thread.State: TIMED_WAITING
        at sun.misc.Unsafe.park(Native Method)
        at java.util.concurrent.locks.LockSupport.parkNanos(LockSupport.java:215)
        at java.util.concurrent.locks.AbstractQueuedSynchronizer$ConditionObject.awaitNanos(AbstractQueuedSynchronizer.java:2078)
        at org.eclipse.jetty.util.BlockingArrayQueue.poll(BlockingArrayQueue.java:392)
        at org.eclipse.jetty.util.thread.QueuedThreadPool.idleJobPoll(QueuedThreadPool.java:563)
        at org.eclipse.jetty.util.thread.QueuedThreadPool.access$800(QueuedThreadPool.java:48)
        at org.eclipse.jetty.util.thread.QueuedThreadPool$2.run(QueuedThreadPool.java:626)
        at java.lang.Thread.run(Thread.java:748)
"pool-26-thread-38"  prio=5 tid=436 in Object.wait()
java.lang.Thread.State: WAITING (on object monitor)
        at sun.misc.Unsafe.park(Native Method)
        at java.util.concurrent.locks.LockSupport.park(LockSupport.java:175)
        at java.util.concurrent.locks.AbstractQueuedSynchronizer$ConditionObject.await(AbstractQueuedSynchronizer.java:2039)
        at java.util.concurrent.ArrayBlockingQueue.take(ArrayBlockingQueue.java:403)
        at java.util.concurrent.ThreadPoolExecutor.getTask(ThreadPoolExecutor.java:1074)
        at java.util.concurrent.ThreadPoolExecutor.runWorker(ThreadPoolExecutor.java:1134)
        at java.util.concurrent.ThreadPoolExecutor$Worker.run(ThreadPoolExecutor.java:624)
        at java.lang.Thread.run(Thread.java:748)
"IPC Server handler 12 on 36674" daemon prio=5 tid=81 timed_waiting
java.lang.Thread.State: TIMED_WAITING
        at sun.misc.Unsafe.park(Native Method)
        at java.util.concurrent.locks.LockSupport.parkNanos(LockSupport.java:215)
        at java.util.concurrent.locks.AbstractQueuedSynchronizer$ConditionObject.awaitNanos(AbstractQueuedSynchronizer.java:2078)
        at java.util.concurrent.LinkedBlockingQueue.poll(LinkedBlockingQueue.java:467)
        at org.apache.hadoop.ipc.CallQueueManager.take(CallQueueManager.java:288)
        at org.apache.hadoop.ipc.Server$Handler.run(Server.java:2668)
"pool-26-thread-31"  prio=5 tid=424 in Object.wait()
java.lang.Thread.State: WAITING (on object monitor)
        at sun.misc.Unsafe.park(Native Method)
        at java.util.concurrent.locks.LockSupport.park(LockSupport.java:175)
        at java.util.concurrent.locks.AbstractQueuedSynchronizer$ConditionObject.await(AbstractQueuedSynchronizer.java:2039)
        at java.util.concurrent.ArrayBlockingQueue.take(ArrayBlockingQueue.java:403)
        at java.util.concurrent.ThreadPoolExecutor.getTask(ThreadPoolExecutor.java:1074)
        at java.util.concurrent.ThreadPoolExecutor.runWorker(ThreadPoolExecutor.java:1134)
        at java.util.concurrent.ThreadPoolExecutor$Worker.run(ThreadPoolExecutor.java:624)
        at java.lang.Thread.run(Thread.java:748)
"pool-37-thread-1"  prio=5 tid=836 in Object.wait()
java.lang.Thread.State: WAITING (on object monitor)
        at sun.misc.Unsafe.park(Native Method)
        at java.util.concurrent.locks.LockSupport.park(LockSupport.java:175)
        at java.util.concurrent.locks.AbstractQueuedSynchronizer$ConditionObject.await(AbstractQueuedSynchronizer.java:2039)
        at java.util.concurrent.LinkedBlockingQueue.take(LinkedBlockingQueue.java:442)
        at java.util.concurrent.ThreadPoolExecutor.getTask(ThreadPoolExecutor.java:1074)
        at java.util.concurrent.ThreadPoolExecutor.runWorker(ThreadPoolExecutor.java:1134)
        at java.util.concurrent.ThreadPoolExecutor$Worker.run(ThreadPoolExecutor.java:624)
        at java.lang.Thread.run(Thread.java:748)
"pool-26-thread-6"  prio=5 tid=355 in Object.wait()
java.lang.Thread.State: WAITING (on object monitor)
        at sun.misc.Unsafe.park(Native Method)
        at java.util.concurrent.locks.LockSupport.park(LockSupport.java:175)
        at java.util.concurrent.locks.AbstractQueuedSynchronizer$ConditionObject.await(AbstractQueuedSynchronizer.java:2039)
        at java.util.concurrent.ArrayBlockingQueue.take(ArrayBlockingQueue.java:403)
        at java.util.concurrent.ThreadPoolExecutor.getTask(ThreadPoolExecutor.java:1074)
        at java.util.concurrent.ThreadPoolExecutor.runWorker(ThreadPoolExecutor.java:1134)
        at java.util.concurrent.ThreadPoolExecutor$Worker.run(ThreadPoolExecutor.java:624)
        at java.lang.Thread.run(Thread.java:748)
"Thread-268" daemon prio=5 tid=862 timed_waiting
java.lang.Thread.State: TIMED_WAITING
        at sun.misc.Unsafe.park(Native Method)
        at java.util.concurrent.locks.LockSupport.parkNanos(LockSupport.java:215)
        at java.util.concurrent.locks.AbstractQueuedSynchronizer$ConditionObject.awaitNanos(AbstractQueuedSynchronizer.java:2078)
        at java.util.concurrent.ArrayBlockingQueue.poll(ArrayBlockingQueue.java:418)
        at org.apache.ratis.server.impl.LeaderState$EventQueue.poll(LeaderState.java:115)
        at org.apache.ratis.server.impl.LeaderState$EventProcessor.run(LeaderState.java:467)
"pool-36-thread-17"  prio=5 tid=389 in Object.wait()
java.lang.Thread.State: WAITING (on object monitor)
        at sun.misc.Unsafe.park(Native Method)
        at java.util.concurrent.locks.LockSupport.park(LockSupport.java:175)
        at java.util.concurrent.locks.AbstractQueuedSynchronizer$ConditionObject.await(AbstractQueuedSynchronizer.java:2039)
        at java.util.concurrent.ArrayBlockingQueue.take(ArrayBlockingQueue.java:403)
        at java.util.concurrent.ThreadPoolExecutor.getTask(ThreadPoolExecutor.java:1074)
        at java.util.concurrent.ThreadPoolExecutor.runWorker(ThreadPoolExecutor.java:1134)
        at java.util.concurrent.ThreadPoolExecutor$Worker.run(ThreadPoolExecutor.java:624)
        at java.lang.Thread.run(Thread.java:748)
"pool-46-thread-9"  prio=5 tid=372 in Object.wait()
java.lang.Thread.State: WAITING (on object monitor)
        at sun.misc.Unsafe.park(Native Method)
        at java.util.concurrent.locks.LockSupport.park(LockSupport.java:175)
        at java.util.concurrent.locks.AbstractQueuedSynchronizer$ConditionObject.await(AbstractQueuedSynchronizer.java:2039)
        at java.util.concurrent.ArrayBlockingQueue.take(ArrayBlockingQueue.java:403)
        at java.util.concurrent.ThreadPoolExecutor.getTask(ThreadPoolExecutor.java:1074)
        at java.util.concurrent.ThreadPoolExecutor.runWorker(ThreadPoolExecutor.java:1134)
        at java.util.concurrent.ThreadPoolExecutor$Worker.run(ThreadPoolExecutor.java:624)
        at java.lang.Thread.run(Thread.java:748)
"metrics-hadoop-metrics2-reporter-25-thread-1" daemon prio=5 tid=851 timed_waiting
java.lang.Thread.State: TIMED_WAITING
        at sun.misc.Unsafe.park(Native Method)
        at java.util.concurrent.locks.LockSupport.parkNanos(LockSupport.java:215)
        at java.util.concurrent.locks.AbstractQueuedSynchronizer$ConditionObject.awaitNanos(AbstractQueuedSynchronizer.java:2078)
        at java.util.concurrent.ScheduledThreadPoolExecutor$DelayedWorkQueue.take(ScheduledThreadPoolExecutor.java:1093)
        at java.util.concurrent.ScheduledThreadPoolExecutor$DelayedWorkQueue.take(ScheduledThreadPoolExecutor.java:809)
        at java.util.concurrent.ThreadPoolExecutor.getTask(ThreadPoolExecutor.java:1074)
        at java.util.concurrent.ThreadPoolExecutor.runWorker(ThreadPoolExecutor.java:1134)
        at java.util.concurrent.ThreadPoolExecutor$Worker.run(ThreadPoolExecutor.java:624)
        at java.lang.Thread.run(Thread.java:748)
"pool-76-thread-39"  prio=5 tid=690 in Object.wait()
java.lang.Thread.State: WAITING (on object monitor)
        at sun.misc.Unsafe.park(Native Method)
        at java.util.concurrent.locks.LockSupport.park(LockSupport.java:175)
        at java.util.concurrent.locks.AbstractQueuedSynchronizer$ConditionObject.await(AbstractQueuedSynchronizer.java:2039)
        at java.util.concurrent.ArrayBlockingQueue.take(ArrayBlockingQueue.java:403)
        at java.util.concurrent.ThreadPoolExecutor.getTask(ThreadPoolExecutor.java:1074)
        at java.util.concurrent.ThreadPoolExecutor.runWorker(ThreadPoolExecutor.java:1134)
        at java.util.concurrent.ThreadPoolExecutor$Worker.run(ThreadPoolExecutor.java:624)
        at java.lang.Thread.run(Thread.java:748)
"pool-66-thread-27"  prio=5 tid=607 in Object.wait()
java.lang.Thread.State: WAITING (on object monitor)
        at sun.misc.Unsafe.park(Native Method)
        at java.util.concurrent.locks.LockSupport.park(LockSupport.java:175)
        at java.util.concurrent.locks.AbstractQueuedSynchronizer$ConditionObject.await(AbstractQueuedSynchronizer.java:2039)
        at java.util.concurrent.ArrayBlockingQueue.take(ArrayBlockingQueue.java:403)
        at java.util.concurrent.ThreadPoolExecutor.getTask(ThreadPoolExecutor.java:1074)
        at java.util.concurrent.ThreadPoolExecutor.runWorker(ThreadPoolExecutor.java:1134)
        at java.util.concurrent.ThreadPoolExecutor$Worker.run(ThreadPoolExecutor.java:624)
        at java.lang.Thread.run(Thread.java:748)
"IPC Server handler 12 on 45589" daemon prio=5 tid=41 timed_waiting
java.lang.Thread.State: TIMED_WAITING
        at sun.misc.Unsafe.park(Native Method)
        at java.util.concurrent.locks.LockSupport.parkNanos(LockSupport.java:215)
        at java.util.concurrent.locks.AbstractQueuedSynchronizer$ConditionObject.awaitNanos(AbstractQueuedSynchronizer.java:2078)
        at java.util.concurrent.LinkedBlockingQueue.poll(LinkedBlockingQueue.java:467)
        at org.apache.hadoop.ipc.CallQueueManager.take(CallQueueManager.java:288)
        at org.apache.hadoop.ipc.Server$Handler.run(Server.java:2668)
"IPC Server handler 8 on 45589" daemon prio=5 tid=37 timed_waiting
java.lang.Thread.State: TIMED_WAITING
        at sun.misc.Unsafe.park(Native Method)
        at java.util.concurrent.locks.LockSupport.parkNanos(LockSupport.java:215)
        at java.util.concurrent.locks.AbstractQueuedSynchronizer$ConditionObject.awaitNanos(AbstractQueuedSynchronizer.java:2078)
        at java.util.concurrent.LinkedBlockingQueue.poll(LinkedBlockingQueue.java:467)
        at org.apache.hadoop.ipc.CallQueueManager.take(CallQueueManager.java:288)
        at org.apache.hadoop.ipc.Server$Handler.run(Server.java:2668)
"EventQueue-ContainerReportForContainerReportHandler" daemon prio=5 tid=778 in Object.wait()
java.lang.Thread.State: WAITING (on object monitor)
        at sun.misc.Unsafe.park(Native Method)
        at java.util.concurrent.locks.LockSupport.park(LockSupport.java:175)
        at java.util.concurrent.locks.AbstractQueuedSynchronizer$ConditionObject.await(AbstractQueuedSynchronizer.java:2039)
        at java.util.concurrent.LinkedBlockingQueue.take(LinkedBlockingQueue.java:442)
        at java.util.concurrent.ThreadPoolExecutor.getTask(ThreadPoolExecutor.java:1074)
        at java.util.concurrent.ThreadPoolExecutor.runWorker(ThreadPoolExecutor.java:1134)
        at java.util.concurrent.ThreadPoolExecutor$Worker.run(ThreadPoolExecutor.java:624)
        at java.lang.Thread.run(Thread.java:748)
"pool-36-thread-43"  prio=5 tid=475 in Object.wait()
java.lang.Thread.State: WAITING (on object monitor)
        at sun.misc.Unsafe.park(Native Method)
        at java.util.concurrent.locks.LockSupport.park(LockSupport.java:175)
        at java.util.concurrent.locks.AbstractQueuedSynchronizer$ConditionObject.await(AbstractQueuedSynchronizer.java:2039)
        at java.util.concurrent.ArrayBlockingQueue.take(ArrayBlockingQueue.java:403)
        at java.util.concurrent.ThreadPoolExecutor.getTask(ThreadPoolExecutor.java:1074)
        at java.util.concurrent.ThreadPoolExecutor.runWorker(ThreadPoolExecutor.java:1134)
        at java.util.concurrent.ThreadPoolExecutor$Worker.run(ThreadPoolExecutor.java:624)
        at java.lang.Thread.run(Thread.java:748)
"IPC Server idle connection scanner for port 45290" daemon prio=5 tid=20 timed_waiting
java.lang.Thread.State: TIMED_WAITING
        at java.lang.Object.wait(Native Method)
        at java.util.TimerThread.mainLoop(Timer.java:552)
        at java.util.TimerThread.run(Timer.java:505)
"pool-76-thread-50"  prio=5 tid=701 in Object.wait()
java.lang.Thread.State: WAITING (on object monitor)
        at sun.misc.Unsafe.park(Native Method)
        at java.util.concurrent.locks.LockSupport.park(LockSupport.java:175)
        at java.util.concurrent.locks.AbstractQueuedSynchronizer$ConditionObject.await(AbstractQueuedSynchronizer.java:2039)
        at java.util.concurrent.ArrayBlockingQueue.take(ArrayBlockingQueue.java:403)
        at java.util.concurrent.ThreadPoolExecutor.getTask(ThreadPoolExecutor.java:1074)
        at java.util.concurrent.ThreadPoolExecutor.runWorker(ThreadPoolExecutor.java:1134)
        at java.util.concurrent.ThreadPoolExecutor$Worker.run(ThreadPoolExecutor.java:624)
        at java.lang.Thread.run(Thread.java:748)
"pool-76-thread-43"  prio=5 tid=694 in Object.wait()
java.lang.Thread.State: WAITING (on object monitor)
        at sun.misc.Unsafe.park(Native Method)
        at java.util.concurrent.locks.LockSupport.park(LockSupport.java:175)
        at java.util.concurrent.locks.AbstractQueuedSynchronizer$ConditionObject.await(AbstractQueuedSynchronizer.java:2039)
        at java.util.concurrent.ArrayBlockingQueue.take(ArrayBlockingQueue.java:403)
        at java.util.concurrent.ThreadPoolExecutor.getTask(ThreadPoolExecutor.java:1074)
        at java.util.concurrent.ThreadPoolExecutor.runWorker(ThreadPoolExecutor.java:1134)
        at java.util.concurrent.ThreadPoolExecutor$Worker.run(ThreadPoolExecutor.java:624)
        at java.lang.Thread.run(Thread.java:748)
"pool-46-thread-14"  prio=5 tid=387 in Object.wait()
java.lang.Thread.State: WAITING (on object monitor)
        at sun.misc.Unsafe.park(Native Method)
        at java.util.concurrent.locks.LockSupport.park(LockSupport.java:175)
        at java.util.concurrent.locks.AbstractQueuedSynchronizer$ConditionObject.await(AbstractQueuedSynchronizer.java:2039)
        at java.util.concurrent.ArrayBlockingQueue.take(ArrayBlockingQueue.java:403)
        at java.util.concurrent.ThreadPoolExecutor.getTask(ThreadPoolExecutor.java:1074)
        at java.util.concurrent.ThreadPoolExecutor.runWorker(ThreadPoolExecutor.java:1134)
        at java.util.concurrent.ThreadPoolExecutor$Worker.run(ThreadPoolExecutor.java:624)
        at java.lang.Thread.run(Thread.java:748)
"pool-76-thread-14"  prio=5 tid=665 in Object.wait()
java.lang.Thread.State: WAITING (on object monitor)
        at sun.misc.Unsafe.park(Native Method)
        at java.util.concurrent.locks.LockSupport.park(LockSupport.java:175)
        at java.util.concurrent.locks.AbstractQueuedSynchronizer$ConditionObject.await(AbstractQueuedSynchronizer.java:2039)
        at java.util.concurrent.ArrayBlockingQueue.take(ArrayBlockingQueue.java:403)
        at java.util.concurrent.ThreadPoolExecutor.getTask(ThreadPoolExecutor.java:1074)
        at java.util.concurrent.ThreadPoolExecutor.runWorker(ThreadPoolExecutor.java:1134)
        at java.util.concurrent.ThreadPoolExecutor$Worker.run(ThreadPoolExecutor.java:624)
        at java.lang.Thread.run(Thread.java:748)
"metrics-hadoop-metrics2-reporter-24-thread-1" daemon prio=5 tid=850 timed_waiting
java.lang.Thread.State: TIMED_WAITING
        at sun.misc.Unsafe.park(Native Method)
        at java.util.concurrent.locks.LockSupport.parkNanos(LockSupport.java:215)
        at java.util.concurrent.locks.AbstractQueuedSynchronizer$ConditionObject.awaitNanos(AbstractQueuedSynchronizer.java:2078)
        at java.util.concurrent.ScheduledThreadPoolExecutor$DelayedWorkQueue.take(ScheduledThreadPoolExecutor.java:1093)
        at java.util.concurrent.ScheduledThreadPoolExecutor$DelayedWorkQueue.take(ScheduledThreadPoolExecutor.java:809)
        at java.util.concurrent.ThreadPoolExecutor.getTask(ThreadPoolExecutor.java:1074)
        at java.util.concurrent.ThreadPoolExecutor.runWorker(ThreadPoolExecutor.java:1134)
        at java.util.concurrent.ThreadPoolExecutor$Worker.run(ThreadPoolExecutor.java:624)
        at java.lang.Thread.run(Thread.java:748)
"pool-56-thread-27"  prio=5 tid=547 in Object.wait()
java.lang.Thread.State: WAITING (on object monitor)
        at sun.misc.Unsafe.park(Native Method)
        at java.util.concurrent.locks.LockSupport.park(LockSupport.java:175)
        at java.util.concurrent.locks.AbstractQueuedSynchronizer$ConditionObject.await(AbstractQueuedSynchronizer.java:2039)
        at java.util.concurrent.ArrayBlockingQueue.take(ArrayBlockingQueue.java:403)
        at java.util.concurrent.ThreadPoolExecutor.getTask(ThreadPoolExecutor.java:1074)
        at java.util.concurrent.ThreadPoolExecutor.runWorker(ThreadPoolExecutor.java:1134)
        at java.util.concurrent.ThreadPoolExecutor$Worker.run(ThreadPoolExecutor.java:624)
        at java.lang.Thread.run(Thread.java:748)
"24274e9f-e41f-4654-9afc-a783ca44e44b@group-D0DACCEEB899-SegmentedRaftLogWorker"  prio=5 tid=804 timed_waiting
java.lang.Thread.State: TIMED_WAITING
        at sun.misc.Unsafe.park(Native Method)
        at java.util.concurrent.locks.LockSupport.parkNanos(LockSupport.java:215)
        at java.util.concurrent.locks.AbstractQueuedSynchronizer$ConditionObject.awaitNanos(AbstractQueuedSynchronizer.java:2078)
        at org.apache.ratis.util.DataBlockingQueue.poll(DataBlockingQueue.java:137)
        at org.apache.ratis.server.raftlog.segmented.SegmentedRaftLogWorker.run(SegmentedRaftLogWorker.java:282)
        at java.lang.Thread.run(Thread.java:748)
"Datanode ReportManager Thread - 0" daemon prio=5 tid=306 in Object.wait()
java.lang.Thread.State: WAITING (on object monitor)
        at sun.misc.Unsafe.park(Native Method)
        at java.util.concurrent.locks.LockSupport.park(LockSupport.java:175)
        at java.util.concurrent.locks.AbstractQueuedSynchronizer$ConditionObject.await(AbstractQueuedSynchronizer.java:2039)
        at java.util.concurrent.ScheduledThreadPoolExecutor$DelayedWorkQueue.take(ScheduledThreadPoolExecutor.java:1088)
        at java.util.concurrent.ScheduledThreadPoolExecutor$DelayedWorkQueue.take(ScheduledThreadPoolExecutor.java:809)
        at java.util.concurrent.ThreadPoolExecutor.getTask(ThreadPoolExecutor.java:1074)
        at java.util.concurrent.ThreadPoolExecutor.runWorker(ThreadPoolExecutor.java:1134)
        at java.util.concurrent.ThreadPoolExecutor$Worker.run(ThreadPoolExecutor.java:624)
        at java.lang.Thread.run(Thread.java:748)
"pool-46-thread-29"  prio=5 tid=435 in Object.wait()
java.lang.Thread.State: WAITING (on object monitor)
        at sun.misc.Unsafe.park(Native Method)
        at java.util.concurrent.locks.LockSupport.park(LockSupport.java:175)
        at java.util.concurrent.locks.AbstractQueuedSynchronizer$ConditionObject.await(AbstractQueuedSynchronizer.java:2039)
        at java.util.concurrent.ArrayBlockingQueue.take(ArrayBlockingQueue.java:403)
        at java.util.concurrent.ThreadPoolExecutor.getTask(ThreadPoolExecutor.java:1074)
        at java.util.concurrent.ThreadPoolExecutor.runWorker(ThreadPoolExecutor.java:1134)
        at java.util.concurrent.ThreadPoolExecutor$Worker.run(ThreadPoolExecutor.java:624)
        at java.lang.Thread.run(Thread.java:748)
"pool-76-thread-31"  prio=5 tid=682 in Object.wait()
java.lang.Thread.State: WAITING (on object monitor)
        at sun.misc.Unsafe.park(Native Method)
        at java.util.concurrent.locks.LockSupport.park(LockSupport.java:175)
        at java.util.concurrent.locks.AbstractQueuedSynchronizer$ConditionObject.await(AbstractQueuedSynchronizer.java:2039)
        at java.util.concurrent.ArrayBlockingQueue.take(ArrayBlockingQueue.java:403)
        at java.util.concurrent.ThreadPoolExecutor.getTask(ThreadPoolExecutor.java:1074)
        at java.util.concurrent.ThreadPoolExecutor.runWorker(ThreadPoolExecutor.java:1134)
        at java.util.concurrent.ThreadPoolExecutor$Worker.run(ThreadPoolExecutor.java:624)
        at java.lang.Thread.run(Thread.java:748)
"pool-66-thread-15"  prio=5 tid=595 in Object.wait()
java.lang.Thread.State: WAITING (on object monitor)
        at sun.misc.Unsafe.park(Native Method)
        at java.util.concurrent.locks.LockSupport.park(LockSupport.java:175)
        at java.util.concurrent.locks.AbstractQueuedSynchronizer$ConditionObject.await(AbstractQueuedSynchronizer.java:2039)
        at java.util.concurrent.ArrayBlockingQueue.take(ArrayBlockingQueue.java:403)
        at java.util.concurrent.ThreadPoolExecutor.getTask(ThreadPoolExecutor.java:1074)
        at java.util.concurrent.ThreadPoolExecutor.runWorker(ThreadPoolExecutor.java:1134)
        at java.util.concurrent.ThreadPoolExecutor$Worker.run(ThreadPoolExecutor.java:624)
        at java.lang.Thread.run(Thread.java:748)
"metrics-hadoop-metrics2-reporter-34-thread-1" daemon prio=5 tid=870 timed_waiting
java.lang.Thread.State: TIMED_WAITING
        at sun.misc.Unsafe.park(Native Method)
        at java.util.concurrent.locks.LockSupport.parkNanos(LockSupport.java:215)
        at java.util.concurrent.locks.AbstractQueuedSynchronizer$ConditionObject.awaitNanos(AbstractQueuedSynchronizer.java:2078)
        at java.util.concurrent.ScheduledThreadPoolExecutor$DelayedWorkQueue.take(ScheduledThreadPoolExecutor.java:1093)
        at java.util.concurrent.ScheduledThreadPoolExecutor$DelayedWorkQueue.take(ScheduledThreadPoolExecutor.java:809)
        at java.util.concurrent.ThreadPoolExecutor.getTask(ThreadPoolExecutor.java:1074)
        at java.util.concurrent.ThreadPoolExecutor.runWorker(ThreadPoolExecutor.java:1134)
        at java.util.concurrent.ThreadPoolExecutor$Worker.run(ThreadPoolExecutor.java:624)
        at java.lang.Thread.run(Thread.java:748)
"Command processor thread" daemon prio=5 tid=229 timed_waiting
java.lang.Thread.State: TIMED_WAITING
        at java.lang.Thread.sleep(Native Method)
        at org.apache.hadoop.ozone.container.common.statemachine.DatanodeStateMachine.lambda$initCommandHandlerThread$1(DatanodeStateMachine.java:439)
        at org.apache.hadoop.ozone.container.common.statemachine.DatanodeStateMachine$$Lambda$141/459692644.run(Unknown Source)
        at java.lang.Thread.run(Thread.java:748)
"metrics-hadoop-metrics2-reporter-40-thread-1" daemon prio=5 tid=892 timed_waiting
java.lang.Thread.State: TIMED_WAITING
        at sun.misc.Unsafe.park(Native Method)
        at java.util.concurrent.locks.LockSupport.parkNanos(LockSupport.java:215)
        at java.util.concurrent.locks.AbstractQueuedSynchronizer$ConditionObject.awaitNanos(AbstractQueuedSynchronizer.java:2078)
        at java.util.concurrent.ScheduledThreadPoolExecutor$DelayedWorkQueue.take(ScheduledThreadPoolExecutor.java:1093)
        at java.util.concurrent.ScheduledThreadPoolExecutor$DelayedWorkQueue.take(ScheduledThreadPoolExecutor.java:809)
        at java.util.concurrent.ThreadPoolExecutor.getTask(ThreadPoolExecutor.java:1074)
        at java.util.concurrent.ThreadPoolExecutor.runWorker(ThreadPoolExecutor.java:1134)
        at java.util.concurrent.ThreadPoolExecutor$Worker.run(ThreadPoolExecutor.java:624)
        at java.lang.Thread.run(Thread.java:748)
"metrics-hadoop-metrics2-reporter-28-thread-1" daemon prio=5 tid=856 timed_waiting
java.lang.Thread.State: TIMED_WAITING
        at sun.misc.Unsafe.park(Native Method)
        at java.util.concurrent.locks.LockSupport.parkNanos(LockSupport.java:215)
        at java.util.concurrent.locks.AbstractQueuedSynchronizer$ConditionObject.awaitNanos(AbstractQueuedSynchronizer.java:2078)
        at java.util.concurrent.ScheduledThreadPoolExecutor$DelayedWorkQueue.take(ScheduledThreadPoolExecutor.java:1093)
        at java.util.concurrent.ScheduledThreadPoolExecutor$DelayedWorkQueue.take(ScheduledThreadPoolExecutor.java:809)
        at java.util.concurrent.ThreadPoolExecutor.getTask(ThreadPoolExecutor.java:1074)
        at java.util.concurrent.ThreadPoolExecutor.runWorker(ThreadPoolExecutor.java:1134)
        at java.util.concurrent.ThreadPoolExecutor$Worker.run(ThreadPoolExecutor.java:624)
        at java.lang.Thread.run(Thread.java:748)
"pool-26-thread-11"  prio=5 tid=368 in Object.wait()
java.lang.Thread.State: WAITING (on object monitor)
        at sun.misc.Unsafe.park(Native Method)
        at java.util.concurrent.locks.LockSupport.park(LockSupport.java:175)
        at java.util.concurrent.locks.AbstractQueuedSynchronizer$ConditionObject.await(AbstractQueuedSynchronizer.java:2039)
        at java.util.concurrent.ArrayBlockingQueue.take(ArrayBlockingQueue.java:403)
        at java.util.concurrent.ThreadPoolExecutor.getTask(ThreadPoolExecutor.java:1074)
        at java.util.concurrent.ThreadPoolExecutor.runWorker(ThreadPoolExecutor.java:1134)
        at java.util.concurrent.ThreadPoolExecutor$Worker.run(ThreadPoolExecutor.java:624)
        at java.lang.Thread.run(Thread.java:748)
"pool-76-thread-4"  prio=5 tid=655 in Object.wait()
java.lang.Thread.State: WAITING (on object monitor)
        at sun.misc.Unsafe.park(Native Method)
        at java.util.concurrent.locks.LockSupport.park(LockSupport.java:175)
        at java.util.concurrent.locks.AbstractQueuedSynchronizer$ConditionObject.await(AbstractQueuedSynchronizer.java:2039)
        at java.util.concurrent.ArrayBlockingQueue.take(ArrayBlockingQueue.java:403)
        at java.util.concurrent.ThreadPoolExecutor.getTask(ThreadPoolExecutor.java:1074)
        at java.util.concurrent.ThreadPoolExecutor.runWorker(ThreadPoolExecutor.java:1134)
        at java.util.concurrent.ThreadPoolExecutor$Worker.run(ThreadPoolExecutor.java:624)
        at java.lang.Thread.run(Thread.java:748)
"pool-26-thread-5"  prio=5 tid=353 in Object.wait()
java.lang.Thread.State: WAITING (on object monitor)
        at sun.misc.Unsafe.park(Native Method)
        at java.util.concurrent.locks.LockSupport.park(LockSupport.java:175)
        at java.util.concurrent.locks.AbstractQueuedSynchronizer$ConditionObject.await(AbstractQueuedSynchronizer.java:2039)
        at java.util.concurrent.ArrayBlockingQueue.take(ArrayBlockingQueue.java:403)
        at java.util.concurrent.ThreadPoolExecutor.getTask(ThreadPoolExecutor.java:1074)
        at java.util.concurrent.ThreadPoolExecutor.runWorker(ThreadPoolExecutor.java:1134)
        at java.util.concurrent.ThreadPoolExecutor$Worker.run(ThreadPoolExecutor.java:624)
        at java.lang.Thread.run(Thread.java:748)
"org.eclipse.jetty.server.session.HashSessionManager@16727bf0Timer" daemon prio=5 tid=331 timed_waiting
java.lang.Thread.State: TIMED_WAITING
        at sun.misc.Unsafe.park(Native Method)
        at java.util.concurrent.locks.LockSupport.parkNanos(LockSupport.java:215)
        at java.util.concurrent.locks.AbstractQueuedSynchronizer$ConditionObject.awaitNanos(AbstractQueuedSynchronizer.java:2078)
        at java.util.concurrent.ScheduledThreadPoolExecutor$DelayedWorkQueue.take(ScheduledThreadPoolExecutor.java:1093)
        at java.util.concurrent.ScheduledThreadPoolExecutor$DelayedWorkQueue.take(ScheduledThreadPoolExecutor.java:809)
        at java.util.concurrent.ThreadPoolExecutor.getTask(ThreadPoolExecutor.java:1074)
        at java.util.concurrent.ThreadPoolExecutor.runWorker(ThreadPoolExecutor.java:1134)
        at java.util.concurrent.ThreadPoolExecutor$Worker.run(ThreadPoolExecutor.java:624)
        at java.lang.Thread.run(Thread.java:748)
"IPC Server handler 2 on 45589" daemon prio=5 tid=31 timed_waiting
java.lang.Thread.State: TIMED_WAITING
        at sun.misc.Unsafe.park(Native Method)
        at java.util.concurrent.locks.LockSupport.parkNanos(LockSupport.java:215)
        at java.util.concurrent.locks.AbstractQueuedSynchronizer$ConditionObject.awaitNanos(AbstractQueuedSynchronizer.java:2078)
        at java.util.concurrent.LinkedBlockingQueue.poll(LinkedBlockingQueue.java:467)
        at org.apache.hadoop.ipc.CallQueueManager.take(CallQueueManager.java:288)
        at org.apache.hadoop.ipc.Server$Handler.run(Server.java:2668)
"pool-66-thread-53"  prio=5 tid=633 in Object.wait()
java.lang.Thread.State: WAITING (on object monitor)
        at sun.misc.Unsafe.park(Native Method)
        at java.util.concurrent.locks.LockSupport.park(LockSupport.java:175)
        at java.util.concurrent.locks.AbstractQueuedSynchronizer$ConditionObject.await(AbstractQueuedSynchronizer.java:2039)
        at java.util.concurrent.ArrayBlockingQueue.take(ArrayBlockingQueue.java:403)
        at java.util.concurrent.ThreadPoolExecutor.getTask(ThreadPoolExecutor.java:1074)
        at java.util.concurrent.ThreadPoolExecutor.runWorker(ThreadPoolExecutor.java:1134)
        at java.util.concurrent.ThreadPoolExecutor$Worker.run(ThreadPoolExecutor.java:624)
        at java.lang.Thread.run(Thread.java:748)
"qtp820627987-160-acceptor-0@7338a325-ServerConnector@582a764a{HTTP/1.1,[http/1.1]}{0.0.0.0:38851}" daemon prio=3 tid=160 runnable
java.lang.Thread.State: RUNNABLE
        at sun.nio.ch.ServerSocketChannelImpl.accept0(Native Method)
        at sun.nio.ch.ServerSocketChannelImpl.accept(ServerSocketChannelImpl.java:422)
        at sun.nio.ch.ServerSocketChannelImpl.accept(ServerSocketChannelImpl.java:250)
        at org.eclipse.jetty.server.ServerConnector.accept(ServerConnector.java:397)
        at org.eclipse.jetty.server.AbstractConnector$Acceptor.run(AbstractConnector.java:601)
        at org.eclipse.jetty.util.thread.QueuedThreadPool.runJob(QueuedThreadPool.java:671)
        at org.eclipse.jetty.util.thread.QueuedThreadPool$2.run(QueuedThreadPool.java:589)
        at java.lang.Thread.run(Thread.java:748)
"pool-86-thread-48"  prio=5 tid=761 in Object.wait()
java.lang.Thread.State: WAITING (on object monitor)
        at sun.misc.Unsafe.park(Native Method)
        at java.util.concurrent.locks.LockSupport.park(LockSupport.java:175)
        at java.util.concurrent.locks.AbstractQueuedSynchronizer$ConditionObject.await(AbstractQueuedSynchronizer.java:2039)
        at java.util.concurrent.ArrayBlockingQueue.take(ArrayBlockingQueue.java:403)
        at java.util.concurrent.ThreadPoolExecutor.getTask(ThreadPoolExecutor.java:1074)
        at java.util.concurrent.ThreadPoolExecutor.runWorker(ThreadPoolExecutor.java:1134)
        at java.util.concurrent.ThreadPoolExecutor$Worker.run(ThreadPoolExecutor.java:624)
        at java.lang.Thread.run(Thread.java:748)
"Datanode ReportManager Thread - 3" daemon prio=5 tid=309 in Object.wait()
java.lang.Thread.State: WAITING (on object monitor)
        at sun.misc.Unsafe.park(Native Method)
        at java.util.concurrent.locks.LockSupport.park(LockSupport.java:175)
        at java.util.concurrent.locks.AbstractQueuedSynchronizer$ConditionObject.await(AbstractQueuedSynchronizer.java:2039)
        at java.util.concurrent.ScheduledThreadPoolExecutor$DelayedWorkQueue.take(ScheduledThreadPoolExecutor.java:1088)
        at java.util.concurrent.ScheduledThreadPoolExecutor$DelayedWorkQueue.take(ScheduledThreadPoolExecutor.java:809)
        at java.util.concurrent.ThreadPoolExecutor.getTask(ThreadPoolExecutor.java:1074)
        at java.util.concurrent.ThreadPoolExecutor.runWorker(ThreadPoolExecutor.java:1134)
        at java.util.concurrent.ThreadPoolExecutor$Worker.run(ThreadPoolExecutor.java:624)
        at java.lang.Thread.run(Thread.java:748)
"IPC Server handler 13 on 44783" daemon prio=5 tid=128 timed_waiting
java.lang.Thread.State: TIMED_WAITING
        at sun.misc.Unsafe.park(Native Method)
        at java.util.concurrent.locks.LockSupport.parkNanos(LockSupport.java:215)
        at java.util.concurrent.locks.AbstractQueuedSynchronizer$ConditionObject.awaitNanos(AbstractQueuedSynchronizer.java:2078)
        at java.util.concurrent.LinkedBlockingQueue.poll(LinkedBlockingQueue.java:467)
        at org.apache.hadoop.ipc.CallQueueManager.take(CallQueueManager.java:288)
        at org.apache.hadoop.ipc.Server$Handler.run(Server.java:2668)
"pool-54-thread-1" daemon prio=5 tid=237 timed_waiting
java.lang.Thread.State: TIMED_WAITING
        at sun.misc.Unsafe.park(Native Method)
        at java.util.concurrent.locks.LockSupport.parkNanos(LockSupport.java:215)
        at java.util.concurrent.locks.AbstractQueuedSynchronizer$ConditionObject.awaitNanos(AbstractQueuedSynchronizer.java:2078)
        at java.util.concurrent.ScheduledThreadPoolExecutor$DelayedWorkQueue.take(ScheduledThreadPoolExecutor.java:1093)
        at java.util.concurrent.ScheduledThreadPoolExecutor$DelayedWorkQueue.take(ScheduledThreadPoolExecutor.java:809)
        at java.util.concurrent.ThreadPoolExecutor.getTask(ThreadPoolExecutor.java:1074)
        at java.util.concurrent.ThreadPoolExecutor.runWorker(ThreadPoolExecutor.java:1134)
        at java.util.concurrent.ThreadPoolExecutor$Worker.run(ThreadPoolExecutor.java:624)
        at java.lang.Thread.run(Thread.java:748)
"pool-66-thread-38"  prio=5 tid=618 in Object.wait()
java.lang.Thread.State: WAITING (on object monitor)
        at sun.misc.Unsafe.park(Native Method)
        at java.util.concurrent.locks.LockSupport.park(LockSupport.java:175)
        at java.util.concurrent.locks.AbstractQueuedSynchronizer$ConditionObject.await(AbstractQueuedSynchronizer.java:2039)
        at java.util.concurrent.ArrayBlockingQueue.take(ArrayBlockingQueue.java:403)
        at java.util.concurrent.ThreadPoolExecutor.getTask(ThreadPoolExecutor.java:1074)
        at java.util.concurrent.ThreadPoolExecutor.runWorker(ThreadPoolExecutor.java:1134)
        at java.util.concurrent.ThreadPoolExecutor$Worker.run(ThreadPoolExecutor.java:624)
        at java.lang.Thread.run(Thread.java:748)
"pool-56-thread-26"  prio=5 tid=546 in Object.wait()
java.lang.Thread.State: WAITING (on object monitor)
        at sun.misc.Unsafe.park(Native Method)
        at java.util.concurrent.locks.LockSupport.park(LockSupport.java:175)
        at java.util.concurrent.locks.AbstractQueuedSynchronizer$ConditionObject.await(AbstractQueuedSynchronizer.java:2039)
        at java.util.concurrent.ArrayBlockingQueue.take(ArrayBlockingQueue.java:403)
        at java.util.concurrent.ThreadPoolExecutor.getTask(ThreadPoolExecutor.java:1074)
        at java.util.concurrent.ThreadPoolExecutor.runWorker(ThreadPoolExecutor.java:1134)
        at java.util.concurrent.ThreadPoolExecutor$Worker.run(ThreadPoolExecutor.java:624)
        at java.lang.Thread.run(Thread.java:748)
"grpc-default-executor-1" daemon prio=5 tid=874 timed_waiting
java.lang.Thread.State: TIMED_WAITING
        at sun.misc.Unsafe.park(Native Method)
        at java.util.concurrent.locks.LockSupport.parkNanos(LockSupport.java:215)
        at java.util.concurrent.SynchronousQueue$TransferStack.awaitFulfill(SynchronousQueue.java:460)
        at java.util.concurrent.SynchronousQueue$TransferStack.transfer(SynchronousQueue.java:362)
        at java.util.concurrent.SynchronousQueue.poll(SynchronousQueue.java:941)
        at java.util.concurrent.ThreadPoolExecutor.getTask(ThreadPoolExecutor.java:1073)
        at java.util.concurrent.ThreadPoolExecutor.runWorker(ThreadPoolExecutor.java:1134)
        at java.util.concurrent.ThreadPoolExecutor$Worker.run(ThreadPoolExecutor.java:624)
        at java.lang.Thread.run(Thread.java:748)
"pool-66-thread-34"  prio=5 tid=614 in Object.wait()
java.lang.Thread.State: WAITING (on object monitor)
        at sun.misc.Unsafe.park(Native Method)
        at java.util.concurrent.locks.LockSupport.park(LockSupport.java:175)
        at java.util.concurrent.locks.AbstractQueuedSynchronizer$ConditionObject.await(AbstractQueuedSynchronizer.java:2039)
        at java.util.concurrent.ArrayBlockingQueue.take(ArrayBlockingQueue.java:403)
        at java.util.concurrent.ThreadPoolExecutor.getTask(ThreadPoolExecutor.java:1074)
        at java.util.concurrent.ThreadPoolExecutor.runWorker(ThreadPoolExecutor.java:1134)
        at java.util.concurrent.ThreadPoolExecutor$Worker.run(ThreadPoolExecutor.java:624)
        at java.lang.Thread.run(Thread.java:748)
"pool-36-thread-34"  prio=5 tid=446 in Object.wait()
java.lang.Thread.State: WAITING (on object monitor)
        at sun.misc.Unsafe.park(Native Method)
        at java.util.concurrent.locks.LockSupport.park(LockSupport.java:175)
        at java.util.concurrent.locks.AbstractQueuedSynchronizer$ConditionObject.await(AbstractQueuedSynchronizer.java:2039)
        at java.util.concurrent.ArrayBlockingQueue.take(ArrayBlockingQueue.java:403)
        at java.util.concurrent.ThreadPoolExecutor.getTask(ThreadPoolExecutor.java:1074)
        at java.util.concurrent.ThreadPoolExecutor.runWorker(ThreadPoolExecutor.java:1134)
        at java.util.concurrent.ThreadPoolExecutor$Worker.run(ThreadPoolExecutor.java:624)
        at java.lang.Thread.run(Thread.java:748)
"Thread-433" daemon prio=5 tid=1090 timed_waiting
java.lang.Thread.State: TIMED_WAITING
        at sun.misc.Unsafe.park(Native Method)
        at java.util.concurrent.locks.LockSupport.parkNanos(LockSupport.java:215)
        at java.util.concurrent.locks.AbstractQueuedSynchronizer$ConditionObject.awaitNanos(AbstractQueuedSynchronizer.java:2078)
        at java.util.concurrent.ArrayBlockingQueue.poll(ArrayBlockingQueue.java:418)
        at org.apache.ratis.server.impl.LeaderState$EventQueue.poll(LeaderState.java:115)
        at org.apache.ratis.server.impl.LeaderState$EventProcessor.run(LeaderState.java:467)
"org.eclipse.jetty.server.session.HashSessionManager@54107f42Timer" daemon prio=5 tid=97 timed_waiting
java.lang.Thread.State: TIMED_WAITING
        at sun.misc.Unsafe.park(Native Method)
        at java.util.concurrent.locks.LockSupport.parkNanos(LockSupport.java:215)
        at java.util.concurrent.locks.AbstractQueuedSynchronizer$ConditionObject.awaitNanos(AbstractQueuedSynchronizer.java:2078)
        at java.util.concurrent.ScheduledThreadPoolExecutor$DelayedWorkQueue.take(ScheduledThreadPoolExecutor.java:1093)
        at java.util.concurrent.ScheduledThreadPoolExecutor$DelayedWorkQueue.take(ScheduledThreadPoolExecutor.java:809)
        at java.util.concurrent.ThreadPoolExecutor.getTask(ThreadPoolExecutor.java:1074)
        at java.util.concurrent.ThreadPoolExecutor.runWorker(ThreadPoolExecutor.java:1134)
        at java.util.concurrent.ThreadPoolExecutor$Worker.run(ThreadPoolExecutor.java:624)
        at java.lang.Thread.run(Thread.java:748)
"Timer-1" daemon prio=5 tid=149 timed_waiting
java.lang.Thread.State: TIMED_WAITING
        at java.lang.Object.wait(Native Method)
        at java.util.TimerThread.mainLoop(Timer.java:552)
        at java.util.TimerThread.run(Timer.java:505)
"IPC Server handler 6 on 36674" daemon prio=5 tid=75 timed_waiting
java.lang.Thread.State: TIMED_WAITING
        at sun.misc.Unsafe.park(Native Method)
        at java.util.concurrent.locks.LockSupport.parkNanos(LockSupport.java:215)
        at java.util.concurrent.locks.AbstractQueuedSynchronizer$ConditionObject.awaitNanos(AbstractQueuedSynchronizer.java:2078)
        at java.util.concurrent.LinkedBlockingQueue.poll(LinkedBlockingQueue.java:467)
        at org.apache.hadoop.ipc.CallQueueManager.take(CallQueueManager.java:288)
        at org.apache.hadoop.ipc.Server$Handler.run(Server.java:2668)
"pool-36-thread-38"  prio=5 tid=460 in Object.wait()
java.lang.Thread.State: WAITING (on object monitor)
        at sun.misc.Unsafe.park(Native Method)
        at java.util.concurrent.locks.LockSupport.park(LockSupport.java:175)
        at java.util.concurrent.locks.AbstractQueuedSynchronizer$ConditionObject.await(AbstractQueuedSynchronizer.java:2039)
        at java.util.concurrent.ArrayBlockingQueue.take(ArrayBlockingQueue.java:403)
        at java.util.concurrent.ThreadPoolExecutor.getTask(ThreadPoolExecutor.java:1074)
        at java.util.concurrent.ThreadPoolExecutor.runWorker(ThreadPoolExecutor.java:1134)
        at java.util.concurrent.ThreadPoolExecutor$Worker.run(ThreadPoolExecutor.java:624)
        at java.lang.Thread.run(Thread.java:748)
"pool-86-thread-6"  prio=5 tid=719 in Object.wait()
java.lang.Thread.State: WAITING (on object monitor)
        at sun.misc.Unsafe.park(Native Method)
        at java.util.concurrent.locks.LockSupport.park(LockSupport.java:175)
        at java.util.concurrent.locks.AbstractQueuedSynchronizer$ConditionObject.await(AbstractQueuedSynchronizer.java:2039)
        at java.util.concurrent.ArrayBlockingQueue.take(ArrayBlockingQueue.java:403)
        at java.util.concurrent.ThreadPoolExecutor.getTask(ThreadPoolExecutor.java:1074)
        at java.util.concurrent.ThreadPoolExecutor.runWorker(ThreadPoolExecutor.java:1134)
        at java.util.concurrent.ThreadPoolExecutor$Worker.run(ThreadPoolExecutor.java:624)
        at java.lang.Thread.run(Thread.java:748)
"IPC Server handler 5 on 45589" daemon prio=5 tid=34 timed_waiting
java.lang.Thread.State: TIMED_WAITING
        at sun.misc.Unsafe.park(Native Method)
        at java.util.concurrent.locks.LockSupport.parkNanos(LockSupport.java:215)
        at java.util.concurrent.locks.AbstractQueuedSynchronizer$ConditionObject.awaitNanos(AbstractQueuedSynchronizer.java:2078)
        at java.util.concurrent.LinkedBlockingQueue.poll(LinkedBlockingQueue.java:467)
        at org.apache.hadoop.ipc.CallQueueManager.take(CallQueueManager.java:288)
        at org.apache.hadoop.ipc.Server$Handler.run(Server.java:2668)
"pool-56-thread-6"  prio=5 tid=526 in Object.wait()
java.lang.Thread.State: WAITING (on object monitor)
        at sun.misc.Unsafe.park(Native Method)
        at java.util.concurrent.locks.LockSupport.park(LockSupport.java:175)
        at java.util.concurrent.locks.AbstractQueuedSynchronizer$ConditionObject.await(AbstractQueuedSynchronizer.java:2039)
        at java.util.concurrent.ArrayBlockingQueue.take(ArrayBlockingQueue.java:403)
        at java.util.concurrent.ThreadPoolExecutor.getTask(ThreadPoolExecutor.java:1074)
        at java.util.concurrent.ThreadPoolExecutor.runWorker(ThreadPoolExecutor.java:1134)
        at java.util.concurrent.ThreadPoolExecutor$Worker.run(ThreadPoolExecutor.java:624)
        at java.lang.Thread.run(Thread.java:748)
"pool-76-thread-27"  prio=5 tid=678 in Object.wait()
java.lang.Thread.State: WAITING (on object monitor)
        at sun.misc.Unsafe.park(Native Method)
        at java.util.concurrent.locks.LockSupport.park(LockSupport.java:175)
        at java.util.concurrent.locks.AbstractQueuedSynchronizer$ConditionObject.await(AbstractQueuedSynchronizer.java:2039)
        at java.util.concurrent.ArrayBlockingQueue.take(ArrayBlockingQueue.java:403)
        at java.util.concurrent.ThreadPoolExecutor.getTask(ThreadPoolExecutor.java:1074)
        at java.util.concurrent.ThreadPoolExecutor.runWorker(ThreadPoolExecutor.java:1134)
        at java.util.concurrent.ThreadPoolExecutor$Worker.run(ThreadPoolExecutor.java:624)
        at java.lang.Thread.run(Thread.java:748)
"pool-46-thread-8"  prio=5 tid=369 in Object.wait()
java.lang.Thread.State: WAITING (on object monitor)
        at sun.misc.Unsafe.park(Native Method)
        at java.util.concurrent.locks.LockSupport.park(LockSupport.java:175)
        at java.util.concurrent.locks.AbstractQueuedSynchronizer$ConditionObject.await(AbstractQueuedSynchronizer.java:2039)
        at java.util.concurrent.ArrayBlockingQueue.take(ArrayBlockingQueue.java:403)
        at java.util.concurrent.ThreadPoolExecutor.getTask(ThreadPoolExecutor.java:1074)
        at java.util.concurrent.ThreadPoolExecutor.runWorker(ThreadPoolExecutor.java:1134)
        at java.util.concurrent.ThreadPoolExecutor$Worker.run(ThreadPoolExecutor.java:624)
        at java.lang.Thread.run(Thread.java:748)
"pool-66-thread-14"  prio=5 tid=594 in Object.wait()
java.lang.Thread.State: WAITING (on object monitor)
        at sun.misc.Unsafe.park(Native Method)
        at java.util.concurrent.locks.LockSupport.park(LockSupport.java:175)
        at java.util.concurrent.locks.AbstractQueuedSynchronizer$ConditionObject.await(AbstractQueuedSynchronizer.java:2039)
        at java.util.concurrent.ArrayBlockingQueue.take(ArrayBlockingQueue.java:403)
        at java.util.concurrent.ThreadPoolExecutor.getTask(ThreadPoolExecutor.java:1074)
        at java.util.concurrent.ThreadPoolExecutor.runWorker(ThreadPoolExecutor.java:1134)
        at java.util.concurrent.ThreadPoolExecutor$Worker.run(ThreadPoolExecutor.java:624)
        at java.lang.Thread.run(Thread.java:748)
"surefire-forkedjvm-command-thread" daemon prio=5 tid=8 runnable
java.lang.Thread.State: RUNNABLE
        at java.io.FileInputStream.readBytes(Native Method)
        at java.io.FileInputStream.read(FileInputStream.java:255)
        at java.io.BufferedInputStream.fill(BufferedInputStream.java:246)
        at java.io.BufferedInputStream.read(BufferedInputStream.java:265)
        at java.io.DataInputStream.readInt(DataInputStream.java:387)
        at org.apache.maven.surefire.booter.MasterProcessCommand.decode(MasterProcessCommand.java:115)
        at org.apache.maven.surefire.booter.CommandReader$CommandRunnable.run(CommandReader.java:390)
        at java.lang.Thread.run(Thread.java:748)
"metrics-hadoop-metrics2-reporter-7-thread-1" daemon prio=5 tid=807 timed_waiting
java.lang.Thread.State: TIMED_WAITING
        at sun.misc.Unsafe.park(Native Method)
        at java.util.concurrent.locks.LockSupport.parkNanos(LockSupport.java:215)
        at java.util.concurrent.locks.AbstractQueuedSynchronizer$ConditionObject.awaitNanos(AbstractQueuedSynchronizer.java:2078)
        at java.util.concurrent.ScheduledThreadPoolExecutor$DelayedWorkQueue.take(ScheduledThreadPoolExecutor.java:1093)
        at java.util.concurrent.ScheduledThreadPoolExecutor$DelayedWorkQueue.take(ScheduledThreadPoolExecutor.java:809)
        at java.util.concurrent.ThreadPoolExecutor.getTask(ThreadPoolExecutor.java:1074)
        at java.util.concurrent.ThreadPoolExecutor.runWorker(ThreadPoolExecutor.java:1134)
        at java.util.concurrent.ThreadPoolExecutor$Worker.run(ThreadPoolExecutor.java:624)
        at java.lang.Thread.run(Thread.java:748)
"pool-56-thread-29"  prio=5 tid=549 in Object.wait()
java.lang.Thread.State: WAITING (on object monitor)
        at sun.misc.Unsafe.park(Native Method)
        at java.util.concurrent.locks.LockSupport.park(LockSupport.java:175)
        at java.util.concurrent.locks.AbstractQueuedSynchronizer$ConditionObject.await(AbstractQueuedSynchronizer.java:2039)
        at java.util.concurrent.ArrayBlockingQueue.take(ArrayBlockingQueue.java:403)
        at java.util.concurrent.ThreadPoolExecutor.getTask(ThreadPoolExecutor.java:1074)
        at java.util.concurrent.ThreadPoolExecutor.runWorker(ThreadPoolExecutor.java:1134)
        at java.util.concurrent.ThreadPoolExecutor$Worker.run(ThreadPoolExecutor.java:624)
        at java.lang.Thread.run(Thread.java:748)
"pool-26-thread-14"  prio=5 tid=377 in Object.wait()
java.lang.Thread.State: WAITING (on object monitor)
        at sun.misc.Unsafe.park(Native Method)
        at java.util.concurrent.locks.LockSupport.park(LockSupport.java:175)
        at java.util.concurrent.locks.AbstractQueuedSynchronizer$ConditionObject.await(AbstractQueuedSynchronizer.java:2039)
        at java.util.concurrent.ArrayBlockingQueue.take(ArrayBlockingQueue.java:403)
        at java.util.concurrent.ThreadPoolExecutor.getTask(ThreadPoolExecutor.java:1074)
        at java.util.concurrent.ThreadPoolExecutor.runWorker(ThreadPoolExecutor.java:1134)
        at java.util.concurrent.ThreadPoolExecutor$Worker.run(ThreadPoolExecutor.java:624)
        at java.lang.Thread.run(Thread.java:748)
"jaeger.RemoteReporter-FlushTimer" daemon prio=5 tid=148 timed_waiting
java.lang.Thread.State: TIMED_WAITING
        at java.lang.Object.wait(Native Method)
        at java.util.TimerThread.mainLoop(Timer.java:552)
        at java.util.TimerThread.run(Timer.java:505)
"pool-86-thread-16"  prio=5 tid=729 in Object.wait()
java.lang.Thread.State: WAITING (on object monitor)
        at sun.misc.Unsafe.park(Native Method)
        at java.util.concurrent.locks.LockSupport.park(LockSupport.java:175)
        at java.util.concurrent.locks.AbstractQueuedSynchronizer$ConditionObject.await(AbstractQueuedSynchronizer.java:2039)
        at java.util.concurrent.ArrayBlockingQueue.take(ArrayBlockingQueue.java:403)
        at java.util.concurrent.ThreadPoolExecutor.getTask(ThreadPoolExecutor.java:1074)
        at java.util.concurrent.ThreadPoolExecutor.runWorker(ThreadPoolExecutor.java:1134)
        at java.util.concurrent.ThreadPoolExecutor$Worker.run(ThreadPoolExecutor.java:624)
        at java.lang.Thread.run(Thread.java:748)
"pool-66-thread-7"  prio=5 tid=587 in Object.wait()
java.lang.Thread.State: WAITING (on object monitor)
        at sun.misc.Unsafe.park(Native Method)
        at java.util.concurrent.locks.LockSupport.park(LockSupport.java:175)
        at java.util.concurrent.locks.AbstractQueuedSynchronizer$ConditionObject.await(AbstractQueuedSynchronizer.java:2039)
        at java.util.concurrent.ArrayBlockingQueue.take(ArrayBlockingQueue.java:403)
        at java.util.concurrent.ThreadPoolExecutor.getTask(ThreadPoolExecutor.java:1074)
        at java.util.concurrent.ThreadPoolExecutor.runWorker(ThreadPoolExecutor.java:1134)
        at java.util.concurrent.ThreadPoolExecutor$Worker.run(ThreadPoolExecutor.java:624)
        at java.lang.Thread.run(Thread.java:748)
"org.apache.hadoop.util.JvmPauseMonitor$Monitor@29fedec4" daemon prio=5 tid=176 timed_waiting
java.lang.Thread.State: TIMED_WAITING
        at java.lang.Thread.sleep(Native Method)
        at org.apache.hadoop.util.JvmPauseMonitor$Monitor.run(JvmPauseMonitor.java:192)
        at java.lang.Thread.run(Thread.java:748)
"pool-86-thread-36"  prio=5 tid=749 in Object.wait()
java.lang.Thread.State: WAITING (on object monitor)
        at sun.misc.Unsafe.park(Native Method)
        at java.util.concurrent.locks.LockSupport.park(LockSupport.java:175)
        at java.util.concurrent.locks.AbstractQueuedSynchronizer$ConditionObject.await(AbstractQueuedSynchronizer.java:2039)
        at java.util.concurrent.ArrayBlockingQueue.take(ArrayBlockingQueue.java:403)
        at java.util.concurrent.ThreadPoolExecutor.getTask(ThreadPoolExecutor.java:1074)
        at java.util.concurrent.ThreadPoolExecutor.runWorker(ThreadPoolExecutor.java:1134)
        at java.util.concurrent.ThreadPoolExecutor$Worker.run(ThreadPoolExecutor.java:624)
        at java.lang.Thread.run(Thread.java:748)
"IPC Server handler 18 on 45589" daemon prio=5 tid=47 timed_waiting
java.lang.Thread.State: TIMED_WAITING
        at sun.misc.Unsafe.park(Native Method)
        at java.util.concurrent.locks.LockSupport.parkNanos(LockSupport.java:215)
        at java.util.concurrent.locks.AbstractQueuedSynchronizer$ConditionObject.awaitNanos(AbstractQueuedSynchronizer.java:2078)
        at java.util.concurrent.LinkedBlockingQueue.poll(LinkedBlockingQueue.java:467)
        at org.apache.hadoop.ipc.CallQueueManager.take(CallQueueManager.java:288)
        at org.apache.hadoop.ipc.Server$Handler.run(Server.java:2668)
"pool-26-thread-48"  prio=5 tid=467 in Object.wait()
java.lang.Thread.State: WAITING (on object monitor)
        at sun.misc.Unsafe.park(Native Method)
        at java.util.concurrent.locks.LockSupport.park(LockSupport.java:175)
        at java.util.concurrent.locks.AbstractQueuedSynchronizer$ConditionObject.await(AbstractQueuedSynchronizer.java:2039)
        at java.util.concurrent.ArrayBlockingQueue.take(ArrayBlockingQueue.java:403)
        at java.util.concurrent.ThreadPoolExecutor.getTask(ThreadPoolExecutor.java:1074)
        at java.util.concurrent.ThreadPoolExecutor.runWorker(ThreadPoolExecutor.java:1134)
        at java.util.concurrent.ThreadPoolExecutor$Worker.run(ThreadPoolExecutor.java:624)
        at java.lang.Thread.run(Thread.java:748)
"qtp1991386317-143" daemon prio=5 tid=143 timed_waiting
java.lang.Thread.State: TIMED_WAITING
        at sun.misc.Unsafe.park(Native Method)
        at java.util.concurrent.locks.LockSupport.parkNanos(LockSupport.java:215)
        at java.util.concurrent.locks.AbstractQueuedSynchronizer$ConditionObject.awaitNanos(AbstractQueuedSynchronizer.java:2078)
        at org.eclipse.jetty.util.BlockingArrayQueue.poll(BlockingArrayQueue.java:392)
        at org.eclipse.jetty.util.thread.QueuedThreadPool.idleJobPoll(QueuedThreadPool.java:563)
        at org.eclipse.jetty.util.thread.QueuedThreadPool.access$800(QueuedThreadPool.java:48)
        at org.eclipse.jetty.util.thread.QueuedThreadPool$2.run(QueuedThreadPool.java:626)
        at java.lang.Thread.run(Thread.java:748)
"IPC Server handler 12 on 45290" daemon prio=5 tid=61 timed_waiting
java.lang.Thread.State: TIMED_WAITING
        at sun.misc.Unsafe.park(Native Method)
        at java.util.concurrent.locks.LockSupport.parkNanos(LockSupport.java:215)
        at java.util.concurrent.locks.AbstractQueuedSynchronizer$ConditionObject.awaitNanos(AbstractQueuedSynchronizer.java:2078)
        at java.util.concurrent.LinkedBlockingQueue.poll(LinkedBlockingQueue.java:467)
        at org.apache.hadoop.ipc.CallQueueManager.take(CallQueueManager.java:288)
        at org.apache.hadoop.ipc.Server$Handler.run(Server.java:2668)
"pool-66-thread-24"  prio=5 tid=604 in Object.wait()
java.lang.Thread.State: WAITING (on object monitor)
        at sun.misc.Unsafe.park(Native Method)
        at java.util.concurrent.locks.LockSupport.park(LockSupport.java:175)
        at java.util.concurrent.locks.AbstractQueuedSynchronizer$ConditionObject.await(AbstractQueuedSynchronizer.java:2039)
        at java.util.concurrent.ArrayBlockingQueue.take(ArrayBlockingQueue.java:403)
        at java.util.concurrent.ThreadPoolExecutor.getTask(ThreadPoolExecutor.java:1074)
        at java.util.concurrent.ThreadPoolExecutor.runWorker(ThreadPoolExecutor.java:1134)
        at java.util.concurrent.ThreadPoolExecutor$Worker.run(ThreadPoolExecutor.java:624)
        at java.lang.Thread.run(Thread.java:748)
"metrics-hadoop-metrics2-reporter-35-thread-1" daemon prio=5 tid=882 timed_waiting
java.lang.Thread.State: TIMED_WAITING
        at sun.misc.Unsafe.park(Native Method)
        at java.util.concurrent.locks.LockSupport.parkNanos(LockSupport.java:215)
        at java.util.concurrent.locks.AbstractQueuedSynchronizer$ConditionObject.awaitNanos(AbstractQueuedSynchronizer.java:2078)
        at java.util.concurrent.ScheduledThreadPoolExecutor$DelayedWorkQueue.take(ScheduledThreadPoolExecutor.java:1093)
        at java.util.concurrent.ScheduledThreadPoolExecutor$DelayedWorkQueue.take(ScheduledThreadPoolExecutor.java:809)
        at java.util.concurrent.ThreadPoolExecutor.getTask(ThreadPoolExecutor.java:1074)
        at java.util.concurrent.ThreadPoolExecutor.runWorker(ThreadPoolExecutor.java:1134)
        at java.util.concurrent.ThreadPoolExecutor$Worker.run(ThreadPoolExecutor.java:624)
        at java.lang.Thread.run(Thread.java:748)
"IPC Server handler 11 on 45290" daemon prio=5 tid=60 timed_waiting
java.lang.Thread.State: TIMED_WAITING
        at sun.misc.Unsafe.park(Native Method)
        at java.util.concurrent.locks.LockSupport.parkNanos(LockSupport.java:215)
        at java.util.concurrent.locks.AbstractQueuedSynchronizer$ConditionObject.awaitNanos(AbstractQueuedSynchronizer.java:2078)
        at java.util.concurrent.LinkedBlockingQueue.poll(LinkedBlockingQueue.java:467)
        at org.apache.hadoop.ipc.CallQueueManager.take(CallQueueManager.java:288)
        at org.apache.hadoop.ipc.Server$Handler.run(Server.java:2668)
"pool-86-thread-12"  prio=5 tid=725 in Object.wait()
java.lang.Thread.State: WAITING (on object monitor)
        at sun.misc.Unsafe.park(Native Method)
        at java.util.concurrent.locks.LockSupport.park(LockSupport.java:175)
        at java.util.concurrent.locks.AbstractQueuedSynchronizer$ConditionObject.await(AbstractQueuedSynchronizer.java:2039)
        at java.util.concurrent.ArrayBlockingQueue.take(ArrayBlockingQueue.java:403)
        at java.util.concurrent.ThreadPoolExecutor.getTask(ThreadPoolExecutor.java:1074)
        at java.util.concurrent.ThreadPoolExecutor.runWorker(ThreadPoolExecutor.java:1134)
        at java.util.concurrent.ThreadPoolExecutor$Worker.run(ThreadPoolExecutor.java:624)
        at java.lang.Thread.run(Thread.java:748)
"pool-66-thread-12"  prio=5 tid=592 in Object.wait()
java.lang.Thread.State: WAITING (on object monitor)
        at sun.misc.Unsafe.park(Native Method)
        at java.util.concurrent.locks.LockSupport.park(LockSupport.java:175)
        at java.util.concurrent.locks.AbstractQueuedSynchronizer$ConditionObject.await(AbstractQueuedSynchronizer.java:2039)
        at java.util.concurrent.ArrayBlockingQueue.take(ArrayBlockingQueue.java:403)
        at java.util.concurrent.ThreadPoolExecutor.getTask(ThreadPoolExecutor.java:1074)
        at java.util.concurrent.ThreadPoolExecutor.runWorker(ThreadPoolExecutor.java:1134)
        at java.util.concurrent.ThreadPoolExecutor$Worker.run(ThreadPoolExecutor.java:624)
        at java.lang.Thread.run(Thread.java:748)
"Datanode ReportManager Thread - 1" daemon prio=5 tid=334 in Object.wait()
java.lang.Thread.State: WAITING (on object monitor)
        at sun.misc.Unsafe.park(Native Method)
        at java.util.concurrent.locks.LockSupport.park(LockSupport.java:175)
        at java.util.concurrent.locks.AbstractQueuedSynchronizer$ConditionObject.await(AbstractQueuedSynchronizer.java:2039)
        at java.util.concurrent.ScheduledThreadPoolExecutor$DelayedWorkQueue.take(ScheduledThreadPoolExecutor.java:1088)
        at java.util.concurrent.ScheduledThreadPoolExecutor$DelayedWorkQueue.take(ScheduledThreadPoolExecutor.java:809)
        at java.util.concurrent.ThreadPoolExecutor.getTask(ThreadPoolExecutor.java:1074)
        at java.util.concurrent.ThreadPoolExecutor.runWorker(ThreadPoolExecutor.java:1134)
        at java.util.concurrent.ThreadPoolExecutor$Worker.run(ThreadPoolExecutor.java:624)
        at java.lang.Thread.run(Thread.java:748)
"metrics-hadoop-metrics2-reporter-33-thread-1" daemon prio=5 tid=868 timed_waiting
java.lang.Thread.State: TIMED_WAITING
        at sun.misc.Unsafe.park(Native Method)
        at java.util.concurrent.locks.LockSupport.parkNanos(LockSupport.java:215)
        at java.util.concurrent.locks.AbstractQueuedSynchronizer$ConditionObject.awaitNanos(AbstractQueuedSynchronizer.java:2078)
        at java.util.concurrent.ScheduledThreadPoolExecutor$DelayedWorkQueue.take(ScheduledThreadPoolExecutor.java:1093)
        at java.util.concurrent.ScheduledThreadPoolExecutor$DelayedWorkQueue.take(ScheduledThreadPoolExecutor.java:809)
        at java.util.concurrent.ThreadPoolExecutor.getTask(ThreadPoolExecutor.java:1074)
        at java.util.concurrent.ThreadPoolExecutor.runWorker(ThreadPoolExecutor.java:1134)
        at java.util.concurrent.ThreadPoolExecutor$Worker.run(ThreadPoolExecutor.java:624)
        at java.lang.Thread.run(Thread.java:748)
"pool-46-thread-52"  prio=5 tid=511 in Object.wait()
java.lang.Thread.State: WAITING (on object monitor)
        at sun.misc.Unsafe.park(Native Method)
        at java.util.concurrent.locks.LockSupport.park(LockSupport.java:175)
        at java.util.concurrent.locks.AbstractQueuedSynchronizer$ConditionObject.await(AbstractQueuedSynchronizer.java:2039)
        at java.util.concurrent.ArrayBlockingQueue.take(ArrayBlockingQueue.java:403)
        at java.util.concurrent.ThreadPoolExecutor.getTask(ThreadPoolExecutor.java:1074)
        at java.util.concurrent.ThreadPoolExecutor.runWorker(ThreadPoolExecutor.java:1134)
        at java.util.concurrent.ThreadPoolExecutor$Worker.run(ThreadPoolExecutor.java:624)
        at java.lang.Thread.run(Thread.java:748)
"pool-26-thread-9"  prio=5 tid=361 in Object.wait()
java.lang.Thread.State: WAITING (on object monitor)
        at sun.misc.Unsafe.park(Native Method)
        at java.util.concurrent.locks.LockSupport.park(LockSupport.java:175)
        at java.util.concurrent.locks.AbstractQueuedSynchronizer$ConditionObject.await(AbstractQueuedSynchronizer.java:2039)
        at java.util.concurrent.ArrayBlockingQueue.take(ArrayBlockingQueue.java:403)
        at java.util.concurrent.ThreadPoolExecutor.getTask(ThreadPoolExecutor.java:1074)
        at java.util.concurrent.ThreadPoolExecutor.runWorker(ThreadPoolExecutor.java:1134)
        at java.util.concurrent.ThreadPoolExecutor$Worker.run(ThreadPoolExecutor.java:624)
        at java.lang.Thread.run(Thread.java:748)
"pool-66-thread-11"  prio=5 tid=591 in Object.wait()
java.lang.Thread.State: WAITING (on object monitor)
        at sun.misc.Unsafe.park(Native Method)
        at java.util.concurrent.locks.LockSupport.park(LockSupport.java:175)
        at java.util.concurrent.locks.AbstractQueuedSynchronizer$ConditionObject.await(AbstractQueuedSynchronizer.java:2039)
        at java.util.concurrent.ArrayBlockingQueue.take(ArrayBlockingQueue.java:403)
        at java.util.concurrent.ThreadPoolExecutor.getTask(ThreadPoolExecutor.java:1074)
        at java.util.concurrent.ThreadPoolExecutor.runWorker(ThreadPoolExecutor.java:1134)
        at java.util.concurrent.ThreadPoolExecutor$Worker.run(ThreadPoolExecutor.java:624)
        at java.lang.Thread.run(Thread.java:748)
"IPC Server handler 3 on 36674" daemon prio=5 tid=72 timed_waiting
java.lang.Thread.State: TIMED_WAITING
        at sun.misc.Unsafe.park(Native Method)
        at java.util.concurrent.locks.LockSupport.parkNanos(LockSupport.java:215)
        at java.util.concurrent.locks.AbstractQueuedSynchronizer$ConditionObject.awaitNanos(AbstractQueuedSynchronizer.java:2078)
        at java.util.concurrent.LinkedBlockingQueue.poll(LinkedBlockingQueue.java:467)
        at org.apache.hadoop.ipc.CallQueueManager.take(CallQueueManager.java:288)
        at org.apache.hadoop.ipc.Server$Handler.run(Server.java:2668)
"pool-56-thread-43"  prio=5 tid=563 in Object.wait()
java.lang.Thread.State: WAITING (on object monitor)
        at sun.misc.Unsafe.park(Native Method)
        at java.util.concurrent.locks.LockSupport.park(LockSupport.java:175)
        at java.util.concurrent.locks.AbstractQueuedSynchronizer$ConditionObject.await(AbstractQueuedSynchronizer.java:2039)
        at java.util.concurrent.ArrayBlockingQueue.take(ArrayBlockingQueue.java:403)
        at java.util.concurrent.ThreadPoolExecutor.getTask(ThreadPoolExecutor.java:1074)
        at java.util.concurrent.ThreadPoolExecutor.runWorker(ThreadPoolExecutor.java:1134)
        at java.util.concurrent.ThreadPoolExecutor$Worker.run(ThreadPoolExecutor.java:624)
        at java.lang.Thread.run(Thread.java:748)
"pool-26-thread-16"  prio=5 tid=383 in Object.wait()
java.lang.Thread.State: WAITING (on object monitor)
        at sun.misc.Unsafe.park(Native Method)
        at java.util.concurrent.locks.LockSupport.park(LockSupport.java:175)
        at java.util.concurrent.locks.AbstractQueuedSynchronizer$ConditionObject.await(AbstractQueuedSynchronizer.java:2039)
        at java.util.concurrent.ArrayBlockingQueue.take(ArrayBlockingQueue.java:403)
        at java.util.concurrent.ThreadPoolExecutor.getTask(ThreadPoolExecutor.java:1074)
        at java.util.concurrent.ThreadPoolExecutor.runWorker(ThreadPoolExecutor.java:1134)
        at java.util.concurrent.ThreadPoolExecutor$Worker.run(ThreadPoolExecutor.java:624)
        at java.lang.Thread.run(Thread.java:748)
"pool-56-thread-47"  prio=5 tid=567 in Object.wait()
java.lang.Thread.State: WAITING (on object monitor)
        at sun.misc.Unsafe.park(Native Method)
        at java.util.concurrent.locks.LockSupport.park(LockSupport.java:175)
        at java.util.concurrent.locks.AbstractQueuedSynchronizer$ConditionObject.await(AbstractQueuedSynchronizer.java:2039)
        at java.util.concurrent.ArrayBlockingQueue.take(ArrayBlockingQueue.java:403)
        at java.util.concurrent.ThreadPoolExecutor.getTask(ThreadPoolExecutor.java:1074)
        at java.util.concurrent.ThreadPoolExecutor.runWorker(ThreadPoolExecutor.java:1134)
        at java.util.concurrent.ThreadPoolExecutor$Worker.run(ThreadPoolExecutor.java:624)
        at java.lang.Thread.run(Thread.java:748)
"pool-36-thread-45"  prio=5 tid=480 in Object.wait()
java.lang.Thread.State: WAITING (on object monitor)
        at sun.misc.Unsafe.park(Native Method)
        at java.util.concurrent.locks.LockSupport.park(LockSupport.java:175)
        at java.util.concurrent.locks.AbstractQueuedSynchronizer$ConditionObject.await(AbstractQueuedSynchronizer.java:2039)
        at java.util.concurrent.ArrayBlockingQueue.take(ArrayBlockingQueue.java:403)
        at java.util.concurrent.ThreadPoolExecutor.getTask(ThreadPoolExecutor.java:1074)
        at java.util.concurrent.ThreadPoolExecutor.runWorker(ThreadPoolExecutor.java:1134)
        at java.util.concurrent.ThreadPoolExecutor$Worker.run(ThreadPoolExecutor.java:624)
        at java.lang.Thread.run(Thread.java:748)
"pool-26-thread-21"  prio=5 tid=399 in Object.wait()
java.lang.Thread.State: WAITING (on object monitor)
        at sun.misc.Unsafe.park(Native Method)
        at java.util.concurrent.locks.LockSupport.park(LockSupport.java:175)
        at java.util.concurrent.locks.AbstractQueuedSynchronizer$ConditionObject.await(AbstractQueuedSynchronizer.java:2039)
        at java.util.concurrent.ArrayBlockingQueue.take(ArrayBlockingQueue.java:403)
        at java.util.concurrent.ThreadPoolExecutor.getTask(ThreadPoolExecutor.java:1074)
        at java.util.concurrent.ThreadPoolExecutor.runWorker(ThreadPoolExecutor.java:1134)
        at java.util.concurrent.ThreadPoolExecutor$Worker.run(ThreadPoolExecutor.java:624)
        at java.lang.Thread.run(Thread.java:748)
"pool-26-thread-45"  prio=5 tid=457 in Object.wait()
java.lang.Thread.State: WAITING (on object monitor)
        at sun.misc.Unsafe.park(Native Method)
        at java.util.concurrent.locks.LockSupport.park(LockSupport.java:175)
        at java.util.concurrent.locks.AbstractQueuedSynchronizer$ConditionObject.await(AbstractQueuedSynchronizer.java:2039)
        at java.util.concurrent.ArrayBlockingQueue.take(ArrayBlockingQueue.java:403)
        at java.util.concurrent.ThreadPoolExecutor.getTask(ThreadPoolExecutor.java:1074)
        at java.util.concurrent.ThreadPoolExecutor.runWorker(ThreadPoolExecutor.java:1134)
        at java.util.concurrent.ThreadPoolExecutor$Worker.run(ThreadPoolExecutor.java:624)
        at java.lang.Thread.run(Thread.java:748)
"org.eclipse.jetty.server.session.HashSessionManager@6dcc40f5Timer" daemon prio=5 tid=276 timed_waiting
java.lang.Thread.State: TIMED_WAITING
        at sun.misc.Unsafe.park(Native Method)
        at java.util.concurrent.locks.LockSupport.parkNanos(LockSupport.java:215)
        at java.util.concurrent.locks.AbstractQueuedSynchronizer$ConditionObject.awaitNanos(AbstractQueuedSynchronizer.java:2078)
        at java.util.concurrent.ScheduledThreadPoolExecutor$DelayedWorkQueue.take(ScheduledThreadPoolExecutor.java:1093)
        at java.util.concurrent.ScheduledThreadPoolExecutor$DelayedWorkQueue.take(ScheduledThreadPoolExecutor.java:809)
        at java.util.concurrent.ThreadPoolExecutor.getTask(ThreadPoolExecutor.java:1074)
        at java.util.concurrent.ThreadPoolExecutor.runWorker(ThreadPoolExecutor.java:1134)
        at java.util.concurrent.ThreadPoolExecutor$Worker.run(ThreadPoolExecutor.java:624)
        at java.lang.Thread.run(Thread.java:748)
"pool-76-thread-55"  prio=5 tid=706 in Object.wait()
java.lang.Thread.State: WAITING (on object monitor)
        at sun.misc.Unsafe.park(Native Method)
        at java.util.concurrent.locks.LockSupport.park(LockSupport.java:175)
        at java.util.concurrent.locks.AbstractQueuedSynchronizer$ConditionObject.await(AbstractQueuedSynchronizer.java:2039)
        at java.util.concurrent.ArrayBlockingQueue.take(ArrayBlockingQueue.java:403)
        at java.util.concurrent.ThreadPoolExecutor.getTask(ThreadPoolExecutor.java:1074)
        at java.util.concurrent.ThreadPoolExecutor.runWorker(ThreadPoolExecutor.java:1134)
        at java.util.concurrent.ThreadPoolExecutor$Worker.run(ThreadPoolExecutor.java:624)
        at java.lang.Thread.run(Thread.java:748)
"pool-26-thread-46"  prio=5 tid=462 in Object.wait()
java.lang.Thread.State: WAITING (on object monitor)
        at sun.misc.Unsafe.park(Native Method)
        at java.util.concurrent.locks.LockSupport.park(LockSupport.java:175)
        at java.util.concurrent.locks.AbstractQueuedSynchronizer$ConditionObject.await(AbstractQueuedSynchronizer.java:2039)
        at java.util.concurrent.ArrayBlockingQueue.take(ArrayBlockingQueue.java:403)
        at java.util.concurrent.ThreadPoolExecutor.getTask(ThreadPoolExecutor.java:1074)
        at java.util.concurrent.ThreadPoolExecutor.runWorker(ThreadPoolExecutor.java:1134)
        at java.util.concurrent.ThreadPoolExecutor$Worker.run(ThreadPoolExecutor.java:624)
        at java.lang.Thread.run(Thread.java:748)
"Datanode ReportManager Thread - 3" daemon prio=5 tid=255 in Object.wait()
java.lang.Thread.State: WAITING (on object monitor)
        at sun.misc.Unsafe.park(Native Method)
        at java.util.concurrent.locks.LockSupport.park(LockSupport.java:175)
        at java.util.concurrent.locks.AbstractQueuedSynchronizer$ConditionObject.await(AbstractQueuedSynchronizer.java:2039)
        at java.util.concurrent.ScheduledThreadPoolExecutor$DelayedWorkQueue.take(ScheduledThreadPoolExecutor.java:1088)
        at java.util.concurrent.ScheduledThreadPoolExecutor$DelayedWorkQueue.take(ScheduledThreadPoolExecutor.java:809)
        at java.util.concurrent.ThreadPoolExecutor.getTask(ThreadPoolExecutor.java:1074)
        at java.util.concurrent.ThreadPoolExecutor.runWorker(ThreadPoolExecutor.java:1134)
        at java.util.concurrent.ThreadPoolExecutor$Worker.run(ThreadPoolExecutor.java:624)
        at java.lang.Thread.run(Thread.java:748)
"pool-46-thread-46"  prio=5 tid=494 in Object.wait()
java.lang.Thread.State: WAITING (on object monitor)
        at sun.misc.Unsafe.park(Native Method)
        at java.util.concurrent.locks.LockSupport.park(LockSupport.java:175)
        at java.util.concurrent.locks.AbstractQueuedSynchronizer$ConditionObject.await(AbstractQueuedSynchronizer.java:2039)
        at java.util.concurrent.ArrayBlockingQueue.take(ArrayBlockingQueue.java:403)
        at java.util.concurrent.ThreadPoolExecutor.getTask(ThreadPoolExecutor.java:1074)
        at java.util.concurrent.ThreadPoolExecutor.runWorker(ThreadPoolExecutor.java:1134)
        at java.util.concurrent.ThreadPoolExecutor$Worker.run(ThreadPoolExecutor.java:624)
        at java.lang.Thread.run(Thread.java:748)
"org.eclipse.jetty.server.session.HashSessionManager@48d293eeTimer" daemon prio=5 tid=195 timed_waiting
java.lang.Thread.State: TIMED_WAITING
        at sun.misc.Unsafe.park(Native Method)
        at java.util.concurrent.locks.LockSupport.parkNanos(LockSupport.java:215)
        at java.util.concurrent.locks.AbstractQueuedSynchronizer$ConditionObject.awaitNanos(AbstractQueuedSynchronizer.java:2078)
        at java.util.concurrent.ScheduledThreadPoolExecutor$DelayedWorkQueue.take(ScheduledThreadPoolExecutor.java:1093)
        at java.util.concurrent.ScheduledThreadPoolExecutor$DelayedWorkQueue.take(ScheduledThreadPoolExecutor.java:809)
        at java.util.concurrent.ThreadPoolExecutor.getTask(ThreadPoolExecutor.java:1074)
        at java.util.concurrent.ThreadPoolExecutor.runWorker(ThreadPoolExecutor.java:1134)
        at java.util.concurrent.ThreadPoolExecutor$Worker.run(ThreadPoolExecutor.java:624)
        at java.lang.Thread.run(Thread.java:748)
"d2e56473-8267-4871-9849-be2e71e1a2dc@group-4A5985BBF6FD-SegmentedRaftLogWorker"  prio=5 tid=838 timed_waiting
java.lang.Thread.State: TIMED_WAITING
        at sun.misc.Unsafe.park(Native Method)
        at java.util.concurrent.locks.LockSupport.parkNanos(LockSupport.java:215)
        at java.util.concurrent.locks.AbstractQueuedSynchronizer$ConditionObject.awaitNanos(AbstractQueuedSynchronizer.java:2078)
        at org.apache.ratis.util.DataBlockingQueue.poll(DataBlockingQueue.java:137)
        at org.apache.ratis.server.raftlog.segmented.SegmentedRaftLogWorker.run(SegmentedRaftLogWorker.java:282)
        at java.lang.Thread.run(Thread.java:748)
"Datanode ReportManager Thread - 1" daemon prio=5 tid=199 in Object.wait()
java.lang.Thread.State: WAITING (on object monitor)
        at sun.misc.Unsafe.park(Native Method)
        at java.util.concurrent.locks.LockSupport.park(LockSupport.java:175)
        at java.util.concurrent.locks.AbstractQueuedSynchronizer$ConditionObject.await(AbstractQueuedSynchronizer.java:2039)
        at java.util.concurrent.ScheduledThreadPoolExecutor$DelayedWorkQueue.take(ScheduledThreadPoolExecutor.java:1088)
        at java.util.concurrent.ScheduledThreadPoolExecutor$DelayedWorkQueue.take(ScheduledThreadPoolExecutor.java:809)
        at java.util.concurrent.ThreadPoolExecutor.getTask(ThreadPoolExecutor.java:1074)
        at java.util.concurrent.ThreadPoolExecutor.runWorker(ThreadPoolExecutor.java:1134)
        at java.util.concurrent.ThreadPoolExecutor$Worker.run(ThreadPoolExecutor.java:624)
        at java.lang.Thread.run(Thread.java:748)
"988115cd-21c9-4558-b198-f2cedd98ccf3@group-20BE3FF63202-SegmentedRaftLogWorker"  prio=5 tid=1023 timed_waiting
java.lang.Thread.State: TIMED_WAITING
        at sun.misc.Unsafe.park(Native Method)
        at java.util.concurrent.locks.LockSupport.parkNanos(LockSupport.java:215)
        at java.util.concurrent.locks.AbstractQueuedSynchronizer$ConditionObject.awaitNanos(AbstractQueuedSynchronizer.java:2078)
        at org.apache.ratis.util.DataBlockingQueue.poll(DataBlockingQueue.java:137)
        at org.apache.ratis.server.raftlog.segmented.SegmentedRaftLogWorker.run(SegmentedRaftLogWorker.java:282)
        at java.lang.Thread.run(Thread.java:748)
"metrics-hadoop-metrics2-reporter-53-thread-1" daemon prio=5 tid=997 timed_waiting
java.lang.Thread.State: TIMED_WAITING
        at sun.misc.Unsafe.park(Native Method)
        at java.util.concurrent.locks.LockSupport.parkNanos(LockSupport.java:215)
        at java.util.concurrent.locks.AbstractQueuedSynchronizer$ConditionObject.awaitNanos(AbstractQueuedSynchronizer.java:2078)
        at java.util.concurrent.ScheduledThreadPoolExecutor$DelayedWorkQueue.take(ScheduledThreadPoolExecutor.java:1093)
        at java.util.concurrent.ScheduledThreadPoolExecutor$DelayedWorkQueue.take(ScheduledThreadPoolExecutor.java:809)
        at java.util.concurrent.ThreadPoolExecutor.getTask(ThreadPoolExecutor.java:1074)
        at java.util.concurrent.ThreadPoolExecutor.runWorker(ThreadPoolExecutor.java:1134)
        at java.util.concurrent.ThreadPoolExecutor$Worker.run(ThreadPoolExecutor.java:624)
        at java.lang.Thread.run(Thread.java:748)
"qtp1981708431-186" daemon prio=5 tid=186 runnable
java.lang.Thread.State: RUNNABLE
        at sun.nio.ch.EPollArrayWrapper.epollWait(Native Method)
        at sun.nio.ch.EPollArrayWrapper.poll(EPollArrayWrapper.java:269)
        at sun.nio.ch.EPollSelectorImpl.doSelect(EPollSelectorImpl.java:93)
        at sun.nio.ch.SelectorImpl.lockAndDoSelect(SelectorImpl.java:86)
        at sun.nio.ch.SelectorImpl.select(SelectorImpl.java:97)
        at sun.nio.ch.SelectorImpl.select(SelectorImpl.java:101)
        at org.eclipse.jetty.io.ManagedSelector$SelectorProducer.select(ManagedSelector.java:243)
        at org.eclipse.jetty.io.ManagedSelector$SelectorProducer.produce(ManagedSelector.java:191)
        at org.eclipse.jetty.util.thread.strategy.ExecuteProduceConsume.executeProduceConsume(ExecuteProduceConsume.java:249)
        at org.eclipse.jetty.util.thread.strategy.ExecuteProduceConsume.produceConsume(ExecuteProduceConsume.java:148)
        at org.eclipse.jetty.util.thread.strategy.ExecuteProduceConsume.execute(ExecuteProduceConsume.java:100)
        at org.eclipse.jetty.io.ManagedSelector.run(ManagedSelector.java:147)
        at org.eclipse.jetty.util.thread.QueuedThreadPool.runJob(QueuedThreadPool.java:671)
        at org.eclipse.jetty.util.thread.QueuedThreadPool$2.run(QueuedThreadPool.java:589)
        at java.lang.Thread.run(Thread.java:748)
"988115cd-21c9-4558-b198-f2cedd98ccf3@group-BF878B4C9D21-SegmentedRaftLogWorker"  prio=5 tid=792 timed_waiting
java.lang.Thread.State: TIMED_WAITING
        at sun.misc.Unsafe.park(Native Method)
        at java.util.concurrent.locks.LockSupport.parkNanos(LockSupport.java:215)
        at java.util.concurrent.locks.AbstractQueuedSynchronizer$ConditionObject.awaitNanos(AbstractQueuedSynchronizer.java:2078)
        at org.apache.ratis.util.DataBlockingQueue.poll(DataBlockingQueue.java:137)
        at org.apache.ratis.server.raftlog.segmented.SegmentedRaftLogWorker.run(SegmentedRaftLogWorker.java:282)
        at java.lang.Thread.run(Thread.java:748)
"pool-76-thread-3"  prio=5 tid=654 in Object.wait()
java.lang.Thread.State: WAITING (on object monitor)
        at sun.misc.Unsafe.park(Native Method)
        at java.util.concurrent.locks.LockSupport.park(LockSupport.java:175)
        at java.util.concurrent.locks.AbstractQueuedSynchronizer$ConditionObject.await(AbstractQueuedSynchronizer.java:2039)
        at java.util.concurrent.ArrayBlockingQueue.take(ArrayBlockingQueue.java:403)
        at java.util.concurrent.ThreadPoolExecutor.getTask(ThreadPoolExecutor.java:1074)
        at java.util.concurrent.ThreadPoolExecutor.runWorker(ThreadPoolExecutor.java:1134)
        at java.util.concurrent.ThreadPoolExecutor$Worker.run(ThreadPoolExecutor.java:624)
        at java.lang.Thread.run(Thread.java:748)
"qtp2013613908-246" daemon prio=5 tid=246 timed_waiting
java.lang.Thread.State: TIMED_WAITING
        at sun.misc.Unsafe.park(Native Method)
        at java.util.concurrent.locks.LockSupport.parkNanos(LockSupport.java:215)
        at java.util.concurrent.locks.AbstractQueuedSynchronizer$ConditionObject.awaitNanos(AbstractQueuedSynchronizer.java:2078)
        at org.eclipse.jetty.util.BlockingArrayQueue.poll(BlockingArrayQueue.java:392)
        at org.eclipse.jetty.util.thread.QueuedThreadPool.idleJobPoll(QueuedThreadPool.java:563)
        at org.eclipse.jetty.util.thread.QueuedThreadPool.access$800(QueuedThreadPool.java:48)
        at org.eclipse.jetty.util.thread.QueuedThreadPool$2.run(QueuedThreadPool.java:626)
        at java.lang.Thread.run(Thread.java:748)
"pool-46-thread-50"  prio=5 tid=502 in Object.wait()
java.lang.Thread.State: WAITING (on object monitor)
        at sun.misc.Unsafe.park(Native Method)
        at java.util.concurrent.locks.LockSupport.park(LockSupport.java:175)
        at java.util.concurrent.locks.AbstractQueuedSynchronizer$ConditionObject.await(AbstractQueuedSynchronizer.java:2039)
        at java.util.concurrent.ArrayBlockingQueue.take(ArrayBlockingQueue.java:403)
        at java.util.concurrent.ThreadPoolExecutor.getTask(ThreadPoolExecutor.java:1074)
        at java.util.concurrent.ThreadPoolExecutor.runWorker(ThreadPoolExecutor.java:1134)
        at java.util.concurrent.ThreadPoolExecutor$Worker.run(ThreadPoolExecutor.java:624)
        at java.lang.Thread.run(Thread.java:748)
"pool-46-thread-40"  prio=5 tid=468 in Object.wait()
java.lang.Thread.State: WAITING (on object monitor)
        at sun.misc.Unsafe.park(Native Method)
        at java.util.concurrent.locks.LockSupport.park(LockSupport.java:175)
        at java.util.concurrent.locks.AbstractQueuedSynchronizer$ConditionObject.await(AbstractQueuedSynchronizer.java:2039)
        at java.util.concurrent.ArrayBlockingQueue.take(ArrayBlockingQueue.java:403)
        at java.util.concurrent.ThreadPoolExecutor.getTask(ThreadPoolExecutor.java:1074)
        at java.util.concurrent.ThreadPoolExecutor.runWorker(ThreadPoolExecutor.java:1134)
        at java.util.concurrent.ThreadPoolExecutor$Worker.run(ThreadPoolExecutor.java:624)
        at java.lang.Thread.run(Thread.java:748)
"process reaper" daemon prio=10 tid=10 timed_waiting
java.lang.Thread.State: TIMED_WAITING
        at sun.misc.Unsafe.park(Native Method)
        at java.util.concurrent.locks.LockSupport.parkNanos(LockSupport.java:215)
        at java.util.concurrent.SynchronousQueue$TransferStack.awaitFulfill(SynchronousQueue.java:460)
        at java.util.concurrent.SynchronousQueue$TransferStack.transfer(SynchronousQueue.java:362)
        at java.util.concurrent.SynchronousQueue.poll(SynchronousQueue.java:941)
        at java.util.concurrent.ThreadPoolExecutor.getTask(ThreadPoolExecutor.java:1073)
        at java.util.concurrent.ThreadPoolExecutor.runWorker(ThreadPoolExecutor.java:1134)
        at java.util.concurrent.ThreadPoolExecutor$Worker.run(ThreadPoolExecutor.java:624)
        at java.lang.Thread.run(Thread.java:748)
"qtp680988889-92" daemon prio=5 tid=92 timed_waiting
java.lang.Thread.State: TIMED_WAITING
        at sun.misc.Unsafe.park(Native Method)
        at java.util.concurrent.locks.LockSupport.parkNanos(LockSupport.java:215)
        at java.util.concurrent.locks.AbstractQueuedSynchronizer$ConditionObject.awaitNanos(AbstractQueuedSynchronizer.java:2078)
        at org.eclipse.jetty.util.BlockingArrayQueue.poll(BlockingArrayQueue.java:392)
        at org.eclipse.jetty.util.thread.QueuedThreadPool.idleJobPoll(QueuedThreadPool.java:563)
        at org.eclipse.jetty.util.thread.QueuedThreadPool.access$800(QueuedThreadPool.java:48)
        at org.eclipse.jetty.util.thread.QueuedThreadPool$2.run(QueuedThreadPool.java:626)
        at java.lang.Thread.run(Thread.java:748)
"pool-36-thread-41"  prio=5 tid=469 in Object.wait()
java.lang.Thread.State: WAITING (on object monitor)
        at sun.misc.Unsafe.park(Native Method)
        at java.util.concurrent.locks.LockSupport.park(LockSupport.java:175)
        at java.util.concurrent.locks.AbstractQueuedSynchronizer$ConditionObject.await(AbstractQueuedSynchronizer.java:2039)
        at java.util.concurrent.ArrayBlockingQueue.take(ArrayBlockingQueue.java:403)
        at java.util.concurrent.ThreadPoolExecutor.getTask(ThreadPoolExecutor.java:1074)
        at java.util.concurrent.ThreadPoolExecutor.runWorker(ThreadPoolExecutor.java:1134)
        at java.util.concurrent.ThreadPoolExecutor$Worker.run(ThreadPoolExecutor.java:624)
        at java.lang.Thread.run(Thread.java:748)
"pool-56-thread-15"  prio=5 tid=535 in Object.wait()
java.lang.Thread.State: WAITING (on object monitor)
        at sun.misc.Unsafe.park(Native Method)
        at java.util.concurrent.locks.LockSupport.park(LockSupport.java:175)
        at java.util.concurrent.locks.AbstractQueuedSynchronizer$ConditionObject.await(AbstractQueuedSynchronizer.java:2039)
        at java.util.concurrent.ArrayBlockingQueue.take(ArrayBlockingQueue.java:403)
        at java.util.concurrent.ThreadPoolExecutor.getTask(ThreadPoolExecutor.java:1074)
        at java.util.concurrent.ThreadPoolExecutor.runWorker(ThreadPoolExecutor.java:1134)
        at java.util.concurrent.ThreadPoolExecutor$Worker.run(ThreadPoolExecutor.java:624)
        at java.lang.Thread.run(Thread.java:748)
"IPC Server handler 0 on 45589" daemon prio=5 tid=29 timed_waiting
java.lang.Thread.State: TIMED_WAITING
        at sun.misc.Unsafe.park(Native Method)
        at java.util.concurrent.locks.LockSupport.parkNanos(LockSupport.java:215)
        at java.util.concurrent.locks.AbstractQueuedSynchronizer$ConditionObject.awaitNanos(AbstractQueuedSynchronizer.java:2078)
        at java.util.concurrent.LinkedBlockingQueue.poll(LinkedBlockingQueue.java:467)
        at org.apache.hadoop.ipc.CallQueueManager.take(CallQueueManager.java:288)
        at org.apache.hadoop.ipc.Server$Handler.run(Server.java:2668)
"pool-76-thread-56"  prio=5 tid=707 in Object.wait()
java.lang.Thread.State: WAITING (on object monitor)
        at sun.misc.Unsafe.park(Native Method)
        at java.util.concurrent.locks.LockSupport.park(LockSupport.java:175)
        at java.util.concurrent.locks.AbstractQueuedSynchronizer$ConditionObject.await(AbstractQueuedSynchronizer.java:2039)
        at java.util.concurrent.ArrayBlockingQueue.take(ArrayBlockingQueue.java:403)
        at java.util.concurrent.ThreadPoolExecutor.getTask(ThreadPoolExecutor.java:1074)
        at java.util.concurrent.ThreadPoolExecutor.runWorker(ThreadPoolExecutor.java:1134)
        at java.util.concurrent.ThreadPoolExecutor$Worker.run(ThreadPoolExecutor.java:624)
        at java.lang.Thread.run(Thread.java:748)
"Datanode State Machine Thread - 0" daemon prio=5 tid=231 timed_waiting
java.lang.Thread.State: TIMED_WAITING
        at sun.misc.Unsafe.park(Native Method)
        at java.util.concurrent.locks.LockSupport.parkNanos(LockSupport.java:215)
        at java.util.concurrent.SynchronousQueue$TransferStack.awaitFulfill(SynchronousQueue.java:460)
        at java.util.concurrent.SynchronousQueue$TransferStack.transfer(SynchronousQueue.java:362)
        at java.util.concurrent.SynchronousQueue.poll(SynchronousQueue.java:941)
        at java.util.concurrent.ThreadPoolExecutor.getTask(ThreadPoolExecutor.java:1073)
        at java.util.concurrent.ThreadPoolExecutor.runWorker(ThreadPoolExecutor.java:1134)
        at java.util.concurrent.ThreadPoolExecutor$Worker.run(ThreadPoolExecutor.java:624)
        at java.lang.Thread.run(Thread.java:748)
"pool-86-thread-22"  prio=5 tid=735 in Object.wait()
java.lang.Thread.State: WAITING (on object monitor)
        at sun.misc.Unsafe.park(Native Method)
        at java.util.concurrent.locks.LockSupport.park(LockSupport.java:175)
        at java.util.concurrent.locks.AbstractQueuedSynchronizer$ConditionObject.await(AbstractQueuedSynchronizer.java:2039)
        at java.util.concurrent.ArrayBlockingQueue.take(ArrayBlockingQueue.java:403)
        at java.util.concurrent.ThreadPoolExecutor.getTask(ThreadPoolExecutor.java:1074)
        at java.util.concurrent.ThreadPoolExecutor.runWorker(ThreadPoolExecutor.java:1134)
        at java.util.concurrent.ThreadPoolExecutor$Worker.run(ThreadPoolExecutor.java:624)
        at java.lang.Thread.run(Thread.java:748)
"pool-24-thread-1" daemon prio=5 tid=156 timed_waiting
java.lang.Thread.State: TIMED_WAITING
        at sun.misc.Unsafe.park(Native Method)
        at java.util.concurrent.locks.LockSupport.parkNanos(LockSupport.java:215)
        at java.util.concurrent.locks.AbstractQueuedSynchronizer$ConditionObject.awaitNanos(AbstractQueuedSynchronizer.java:2078)
        at java.util.concurrent.ScheduledThreadPoolExecutor$DelayedWorkQueue.take(ScheduledThreadPoolExecutor.java:1093)
        at java.util.concurrent.ScheduledThreadPoolExecutor$DelayedWorkQueue.take(ScheduledThreadPoolExecutor.java:809)
        at java.util.concurrent.ThreadPoolExecutor.getTask(ThreadPoolExecutor.java:1074)
        at java.util.concurrent.ThreadPoolExecutor.runWorker(ThreadPoolExecutor.java:1134)
        at java.util.concurrent.ThreadPoolExecutor$Worker.run(ThreadPoolExecutor.java:624)
        at java.lang.Thread.run(Thread.java:748)
"BlockDeletingService#1" daemon prio=5 tid=775 in Object.wait()
java.lang.Thread.State: WAITING (on object monitor)
        at sun.misc.Unsafe.park(Native Method)
        at java.util.concurrent.locks.LockSupport.park(LockSupport.java:175)
        at java.util.concurrent.locks.AbstractQueuedSynchronizer$ConditionObject.await(AbstractQueuedSynchronizer.java:2039)
        at java.util.concurrent.ScheduledThreadPoolExecutor$DelayedWorkQueue.take(ScheduledThreadPoolExecutor.java:1088)
        at java.util.concurrent.ScheduledThreadPoolExecutor$DelayedWorkQueue.take(ScheduledThreadPoolExecutor.java:809)
        at java.util.concurrent.ThreadPoolExecutor.getTask(ThreadPoolExecutor.java:1074)
        at java.util.concurrent.ThreadPoolExecutor.runWorker(ThreadPoolExecutor.java:1134)
        at java.util.concurrent.ThreadPoolExecutor$Worker.run(ThreadPoolExecutor.java:624)
        at java.lang.Thread.run(Thread.java:748)
"pool-66-thread-36"  prio=5 tid=616 in Object.wait()
java.lang.Thread.State: WAITING (on object monitor)
        at sun.misc.Unsafe.park(Native Method)
        at java.util.concurrent.locks.LockSupport.park(LockSupport.java:175)
        at java.util.concurrent.locks.AbstractQueuedSynchronizer$ConditionObject.await(AbstractQueuedSynchronizer.java:2039)
        at java.util.concurrent.ArrayBlockingQueue.take(ArrayBlockingQueue.java:403)
        at java.util.concurrent.ThreadPoolExecutor.getTask(ThreadPoolExecutor.java:1074)
        at java.util.concurrent.ThreadPoolExecutor.runWorker(ThreadPoolExecutor.java:1134)
        at java.util.concurrent.ThreadPoolExecutor$Worker.run(ThreadPoolExecutor.java:624)
        at java.lang.Thread.run(Thread.java:748)
"c52c3de9-0ed1-4f2b-ba1d-f317ceeb0ceb@group-20BE3FF63202-SegmentedRaftLogWorker"  prio=5 tid=1026 timed_waiting
java.lang.Thread.State: TIMED_WAITING
        at sun.misc.Unsafe.park(Native Method)
        at java.util.concurrent.locks.LockSupport.parkNanos(LockSupport.java:215)
        at java.util.concurrent.locks.AbstractQueuedSynchronizer$ConditionObject.awaitNanos(AbstractQueuedSynchronizer.java:2078)
        at org.apache.ratis.util.DataBlockingQueue.poll(DataBlockingQueue.java:137)
        at org.apache.ratis.server.raftlog.segmented.SegmentedRaftLogWorker.run(SegmentedRaftLogWorker.java:282)
        at java.lang.Thread.run(Thread.java:748)
"metrics-hadoop-metrics2-reporter-2-thread-1" daemon prio=5 tid=794 timed_waiting
java.lang.Thread.State: TIMED_WAITING
        at sun.misc.Unsafe.park(Native Method)
        at java.util.concurrent.locks.LockSupport.parkNanos(LockSupport.java:215)
        at java.util.concurrent.locks.AbstractQueuedSynchronizer$ConditionObject.awaitNanos(AbstractQueuedSynchronizer.java:2078)
        at java.util.concurrent.ScheduledThreadPoolExecutor$DelayedWorkQueue.take(ScheduledThreadPoolExecutor.java:1093)
        at java.util.concurrent.ScheduledThreadPoolExecutor$DelayedWorkQueue.take(ScheduledThreadPoolExecutor.java:809)
        at java.util.concurrent.ThreadPoolExecutor.getTask(ThreadPoolExecutor.java:1074)
        at java.util.concurrent.ThreadPoolExecutor.runWorker(ThreadPoolExecutor.java:1134)
        at java.util.concurrent.ThreadPoolExecutor$Worker.run(ThreadPoolExecutor.java:624)
        at java.lang.Thread.run(Thread.java:748)
"Reference Handler" daemon prio=10 tid=2 in Object.wait()
java.lang.Thread.State: WAITING (on object monitor)
        at java.lang.Object.wait(Native Method)
        at java.lang.Object.wait(Object.java:502)
        at java.lang.ref.Reference.tryHandlePending(Reference.java:191)
        at java.lang.ref.Reference$ReferenceHandler.run(Reference.java:153)
"IPC Server handler 16 on 45589" daemon prio=5 tid=45 timed_waiting
java.lang.Thread.State: TIMED_WAITING
        at sun.misc.Unsafe.park(Native Method)
        at java.util.concurrent.locks.LockSupport.parkNanos(LockSupport.java:215)
        at java.util.concurrent.locks.AbstractQueuedSynchronizer$ConditionObject.awaitNanos(AbstractQueuedSynchronizer.java:2078)
        at java.util.concurrent.LinkedBlockingQueue.poll(LinkedBlockingQueue.java:467)
        at org.apache.hadoop.ipc.CallQueueManager.take(CallQueueManager.java:288)
        at org.apache.hadoop.ipc.Server$Handler.run(Server.java:2668)
"metrics-hadoop-metrics2-reporter-1-thread-1" daemon prio=5 tid=791 timed_waiting
java.lang.Thread.State: TIMED_WAITING
        at sun.misc.Unsafe.park(Native Method)
        at java.util.concurrent.locks.LockSupport.parkNanos(LockSupport.java:215)
        at java.util.concurrent.locks.AbstractQueuedSynchronizer$ConditionObject.awaitNanos(AbstractQueuedSynchronizer.java:2078)
        at java.util.concurrent.ScheduledThreadPoolExecutor$DelayedWorkQueue.take(ScheduledThreadPoolExecutor.java:1093)
        at java.util.concurrent.ScheduledThreadPoolExecutor$DelayedWorkQueue.take(ScheduledThreadPoolExecutor.java:809)
        at java.util.concurrent.ThreadPoolExecutor.getTask(ThreadPoolExecutor.java:1074)
        at java.util.concurrent.ThreadPoolExecutor.runWorker(ThreadPoolExecutor.java:1134)
        at java.util.concurrent.ThreadPoolExecutor$Worker.run(ThreadPoolExecutor.java:624)
        at java.lang.Thread.run(Thread.java:748)
"IPC Server handler 11 on 44783" daemon prio=5 tid=126 timed_waiting
java.lang.Thread.State: TIMED_WAITING
        at sun.misc.Unsafe.park(Native Method)
        at java.util.concurrent.locks.LockSupport.parkNanos(LockSupport.java:215)
        at java.util.concurrent.locks.AbstractQueuedSynchronizer$ConditionObject.awaitNanos(AbstractQueuedSynchronizer.java:2078)
        at java.util.concurrent.LinkedBlockingQueue.poll(LinkedBlockingQueue.java:467)
        at org.apache.hadoop.ipc.CallQueueManager.take(CallQueueManager.java:288)
        at org.apache.hadoop.ipc.Server$Handler.run(Server.java:2668)
"BlockDeletingService#0" daemon prio=5 tid=712 timed_waiting
java.lang.Thread.State: TIMED_WAITING
        at sun.misc.Unsafe.park(Native Method)
        at java.util.concurrent.locks.LockSupport.parkNanos(LockSupport.java:215)
        at java.util.concurrent.locks.AbstractQueuedSynchronizer$ConditionObject.awaitNanos(AbstractQueuedSynchronizer.java:2078)
        at java.util.concurrent.ScheduledThreadPoolExecutor$DelayedWorkQueue.take(ScheduledThreadPoolExecutor.java:1093)
        at java.util.concurrent.ScheduledThreadPoolExecutor$DelayedWorkQueue.take(ScheduledThreadPoolExecutor.java:809)
        at java.util.concurrent.ThreadPoolExecutor.getTask(ThreadPoolExecutor.java:1074)
        at java.util.concurrent.ThreadPoolExecutor.runWorker(ThreadPoolExecutor.java:1134)
        at java.util.concurrent.ThreadPoolExecutor$Worker.run(ThreadPoolExecutor.java:624)
        at java.lang.Thread.run(Thread.java:748)
"pool-46-thread-47"  prio=5 tid=495 in Object.wait()
java.lang.Thread.State: WAITING (on object monitor)
        at sun.misc.Unsafe.park(Native Method)
        at java.util.concurrent.locks.LockSupport.park(LockSupport.java:175)
        at java.util.concurrent.locks.AbstractQueuedSynchronizer$ConditionObject.await(AbstractQueuedSynchronizer.java:2039)
        at java.util.concurrent.ArrayBlockingQueue.take(ArrayBlockingQueue.java:403)
        at java.util.concurrent.ThreadPoolExecutor.getTask(ThreadPoolExecutor.java:1074)
        at java.util.concurrent.ThreadPoolExecutor.runWorker(ThreadPoolExecutor.java:1134)
        at java.util.concurrent.ThreadPoolExecutor$Worker.run(ThreadPoolExecutor.java:624)
        at java.lang.Thread.run(Thread.java:748)
"pool-66-thread-25"  prio=5 tid=605 in Object.wait()
java.lang.Thread.State: WAITING (on object monitor)
        at sun.misc.Unsafe.park(Native Method)
        at java.util.concurrent.locks.LockSupport.park(LockSupport.java:175)
        at java.util.concurrent.locks.AbstractQueuedSynchronizer$ConditionObject.await(AbstractQueuedSynchronizer.java:2039)
        at java.util.concurrent.ArrayBlockingQueue.take(ArrayBlockingQueue.java:403)
        at java.util.concurrent.ThreadPoolExecutor.getTask(ThreadPoolExecutor.java:1074)
        at java.util.concurrent.ThreadPoolExecutor.runWorker(ThreadPoolExecutor.java:1134)
        at java.util.concurrent.ThreadPoolExecutor$Worker.run(ThreadPoolExecutor.java:624)
        at java.lang.Thread.run(Thread.java:748)
"qtp64989209-297" daemon prio=5 tid=297 timed_waiting
java.lang.Thread.State: TIMED_WAITING
        at sun.misc.Unsafe.park(Native Method)
        at java.util.concurrent.locks.LockSupport.parkNanos(LockSupport.java:215)
        at java.util.concurrent.locks.AbstractQueuedSynchronizer$ConditionObject.awaitNanos(AbstractQueuedSynchronizer.java:2078)
        at org.eclipse.jetty.util.BlockingArrayQueue.poll(BlockingArrayQueue.java:392)
        at org.eclipse.jetty.util.thread.QueuedThreadPool.idleJobPoll(QueuedThreadPool.java:563)
        at org.eclipse.jetty.util.thread.QueuedThreadPool.access$800(QueuedThreadPool.java:48)
        at org.eclipse.jetty.util.thread.QueuedThreadPool$2.run(QueuedThreadPool.java:626)
        at java.lang.Thread.run(Thread.java:748)
"pool-26-thread-57"  prio=5 tid=489 in Object.wait()
java.lang.Thread.State: WAITING (on object monitor)
        at sun.misc.Unsafe.park(Native Method)
        at java.util.concurrent.locks.LockSupport.park(LockSupport.java:175)
        at java.util.concurrent.locks.AbstractQueuedSynchronizer$ConditionObject.await(AbstractQueuedSynchronizer.java:2039)
        at java.util.concurrent.ArrayBlockingQueue.take(ArrayBlockingQueue.java:403)
        at java.util.concurrent.ThreadPoolExecutor.getTask(ThreadPoolExecutor.java:1074)
        at java.util.concurrent.ThreadPoolExecutor.runWorker(ThreadPoolExecutor.java:1134)
        at java.util.concurrent.ThreadPoolExecutor$Worker.run(ThreadPoolExecutor.java:624)
        at java.lang.Thread.run(Thread.java:748)
"pool-26-thread-10"  prio=5 tid=365 in Object.wait()
java.lang.Thread.State: WAITING (on object monitor)
        at sun.misc.Unsafe.park(Native Method)
        at java.util.concurrent.locks.LockSupport.park(LockSupport.java:175)
        at java.util.concurrent.locks.AbstractQueuedSynchronizer$ConditionObject.await(AbstractQueuedSynchronizer.java:2039)
        at java.util.concurrent.ArrayBlockingQueue.take(ArrayBlockingQueue.java:403)
        at java.util.concurrent.ThreadPoolExecutor.getTask(ThreadPoolExecutor.java:1074)
        at java.util.concurrent.ThreadPoolExecutor.runWorker(ThreadPoolExecutor.java:1134)
        at java.util.concurrent.ThreadPoolExecutor$Worker.run(ThreadPoolExecutor.java:624)
        at java.lang.Thread.run(Thread.java:748)
"pool-26-thread-40"  prio=5 tid=442 in Object.wait()
java.lang.Thread.State: WAITING (on object monitor)
        at sun.misc.Unsafe.park(Native Method)
        at java.util.concurrent.locks.LockSupport.park(LockSupport.java:175)
        at java.util.concurrent.locks.AbstractQueuedSynchronizer$ConditionObject.await(AbstractQueuedSynchronizer.java:2039)
        at java.util.concurrent.ArrayBlockingQueue.take(ArrayBlockingQueue.java:403)
        at java.util.concurrent.ThreadPoolExecutor.getTask(ThreadPoolExecutor.java:1074)
        at java.util.concurrent.ThreadPoolExecutor.runWorker(ThreadPoolExecutor.java:1134)
        at java.util.concurrent.ThreadPoolExecutor$Worker.run(ThreadPoolExecutor.java:624)
        at java.lang.Thread.run(Thread.java:748)
"qtp1168956689-323" daemon prio=5 tid=323 timed_waiting
java.lang.Thread.State: TIMED_WAITING
        at sun.misc.Unsafe.park(Native Method)
        at java.util.concurrent.locks.LockSupport.parkNanos(LockSupport.java:215)
        at java.util.concurrent.locks.AbstractQueuedSynchronizer$ConditionObject.awaitNanos(AbstractQueuedSynchronizer.java:2078)
        at org.eclipse.jetty.util.BlockingArrayQueue.poll(BlockingArrayQueue.java:392)
        at org.eclipse.jetty.util.thread.QueuedThreadPool.idleJobPoll(QueuedThreadPool.java:563)
        at org.eclipse.jetty.util.thread.QueuedThreadPool.access$800(QueuedThreadPool.java:48)
        at org.eclipse.jetty.util.thread.QueuedThreadPool$2.run(QueuedThreadPool.java:626)
        at java.lang.Thread.run(Thread.java:748)
"pool-46-thread-18"  prio=5 tid=394 in Object.wait()
java.lang.Thread.State: WAITING (on object monitor)
        at sun.misc.Unsafe.park(Native Method)
        at java.util.concurrent.locks.LockSupport.park(LockSupport.java:175)
        at java.util.concurrent.locks.AbstractQueuedSynchronizer$ConditionObject.await(AbstractQueuedSynchronizer.java:2039)
        at java.util.concurrent.ArrayBlockingQueue.take(ArrayBlockingQueue.java:403)
        at java.util.concurrent.ThreadPoolExecutor.getTask(ThreadPoolExecutor.java:1074)
        at java.util.concurrent.ThreadPoolExecutor.runWorker(ThreadPoolExecutor.java:1134)
        at java.util.concurrent.ThreadPoolExecutor$Worker.run(ThreadPoolExecutor.java:624)
        at java.lang.Thread.run(Thread.java:748)
"pool-36-thread-16"  prio=5 tid=385 in Object.wait()
java.lang.Thread.State: WAITING (on object monitor)
        at sun.misc.Unsafe.park(Native Method)
        at java.util.concurrent.locks.LockSupport.park(LockSupport.java:175)
        at java.util.concurrent.locks.AbstractQueuedSynchronizer$ConditionObject.await(AbstractQueuedSynchronizer.java:2039)
        at java.util.concurrent.ArrayBlockingQueue.take(ArrayBlockingQueue.java:403)
        at java.util.concurrent.ThreadPoolExecutor.getTask(ThreadPoolExecutor.java:1074)
        at java.util.concurrent.ThreadPoolExecutor.runWorker(ThreadPoolExecutor.java:1134)
        at java.util.concurrent.ThreadPoolExecutor$Worker.run(ThreadPoolExecutor.java:624)
        at java.lang.Thread.run(Thread.java:748)
"pool-76-thread-24"  prio=5 tid=675 in Object.wait()
java.lang.Thread.State: WAITING (on object monitor)
        at sun.misc.Unsafe.park(Native Method)
        at java.util.concurrent.locks.LockSupport.park(LockSupport.java:175)
        at java.util.concurrent.locks.AbstractQueuedSynchronizer$ConditionObject.await(AbstractQueuedSynchronizer.java:2039)
        at java.util.concurrent.ArrayBlockingQueue.take(ArrayBlockingQueue.java:403)
        at java.util.concurrent.ThreadPoolExecutor.getTask(ThreadPoolExecutor.java:1074)
        at java.util.concurrent.ThreadPoolExecutor.runWorker(ThreadPoolExecutor.java:1134)
        at java.util.concurrent.ThreadPoolExecutor$Worker.run(ThreadPoolExecutor.java:624)
        at java.lang.Thread.run(Thread.java:748)
"IPC Server handler 10 on 44783" daemon prio=5 tid=125 timed_waiting
java.lang.Thread.State: TIMED_WAITING
        at sun.misc.Unsafe.park(Native Method)
        at java.util.concurrent.locks.LockSupport.parkNanos(LockSupport.java:215)
        at java.util.concurrent.locks.AbstractQueuedSynchronizer$ConditionObject.awaitNanos(AbstractQueuedSynchronizer.java:2078)
        at java.util.concurrent.LinkedBlockingQueue.poll(LinkedBlockingQueue.java:467)
        at org.apache.hadoop.ipc.CallQueueManager.take(CallQueueManager.java:288)
        at org.apache.hadoop.ipc.Server$Handler.run(Server.java:2668)
"Timer for 'StorageContainerManager' metrics system" daemon prio=5 tid=27 timed_waiting
java.lang.Thread.State: TIMED_WAITING
        at java.lang.Object.wait(Native Method)
        at java.util.TimerThread.mainLoop(Timer.java:552)
        at java.util.TimerThread.run(Timer.java:505)
"pool-36-thread-9"  prio=5 tid=364 in Object.wait()
java.lang.Thread.State: WAITING (on object monitor)
        at sun.misc.Unsafe.park(Native Method)
        at java.util.concurrent.locks.LockSupport.park(LockSupport.java:175)
        at java.util.concurrent.locks.AbstractQueuedSynchronizer$ConditionObject.await(AbstractQueuedSynchronizer.java:2039)
        at java.util.concurrent.ArrayBlockingQueue.take(ArrayBlockingQueue.java:403)
        at java.util.concurrent.ThreadPoolExecutor.getTask(ThreadPoolExecutor.java:1074)
        at java.util.concurrent.ThreadPoolExecutor.runWorker(ThreadPoolExecutor.java:1134)
        at java.util.concurrent.ThreadPoolExecutor$Worker.run(ThreadPoolExecutor.java:624)
        at java.lang.Thread.run(Thread.java:748)
"pool-57-thread-1"  prio=5 tid=847 in Object.wait()
java.lang.Thread.State: WAITING (on object monitor)
        at sun.misc.Unsafe.park(Native Method)
        at java.util.concurrent.locks.LockSupport.park(LockSupport.java:175)
        at java.util.concurrent.locks.AbstractQueuedSynchronizer$ConditionObject.await(AbstractQueuedSynchronizer.java:2039)
        at java.util.concurrent.LinkedBlockingQueue.take(LinkedBlockingQueue.java:442)
        at java.util.concurrent.ThreadPoolExecutor.getTask(ThreadPoolExecutor.java:1074)
        at java.util.concurrent.ThreadPoolExecutor.runWorker(ThreadPoolExecutor.java:1134)
        at java.util.concurrent.ThreadPoolExecutor$Worker.run(ThreadPoolExecutor.java:624)
        at java.lang.Thread.run(Thread.java:748)
"qtp721395199-274" daemon prio=5 tid=274 timed_waiting
java.lang.Thread.State: TIMED_WAITING
        at sun.misc.Unsafe.park(Native Method)
        at java.util.concurrent.locks.LockSupport.parkNanos(LockSupport.java:215)
        at java.util.concurrent.locks.AbstractQueuedSynchronizer$ConditionObject.awaitNanos(AbstractQueuedSynchronizer.java:2078)
        at org.eclipse.jetty.util.BlockingArrayQueue.poll(BlockingArrayQueue.java:392)
        at org.eclipse.jetty.util.thread.QueuedThreadPool.idleJobPoll(QueuedThreadPool.java:563)
        at org.eclipse.jetty.util.thread.QueuedThreadPool.access$800(QueuedThreadPool.java:48)
        at org.eclipse.jetty.util.thread.QueuedThreadPool$2.run(QueuedThreadPool.java:626)
        at java.lang.Thread.run(Thread.java:748)
"org.eclipse.jetty.server.session.HashSessionManager@2436ea2fTimer" daemon prio=5 tid=167 timed_waiting
java.lang.Thread.State: TIMED_WAITING
        at sun.misc.Unsafe.park(Native Method)
        at java.util.concurrent.locks.LockSupport.parkNanos(LockSupport.java:215)
        at java.util.concurrent.locks.AbstractQueuedSynchronizer$ConditionObject.awaitNanos(AbstractQueuedSynchronizer.java:2078)
        at java.util.concurrent.ScheduledThreadPoolExecutor$DelayedWorkQueue.take(ScheduledThreadPoolExecutor.java:1093)
        at java.util.concurrent.ScheduledThreadPoolExecutor$DelayedWorkQueue.take(ScheduledThreadPoolExecutor.java:809)
        at java.util.concurrent.ThreadPoolExecutor.getTask(ThreadPoolExecutor.java:1074)
        at java.util.concurrent.ThreadPoolExecutor.runWorker(ThreadPoolExecutor.java:1134)
        at java.util.concurrent.ThreadPoolExecutor$Worker.run(ThreadPoolExecutor.java:624)
        at java.lang.Thread.run(Thread.java:748)
"pool-36-thread-11"  prio=5 tid=370 in Object.wait()
java.lang.Thread.State: WAITING (on object monitor)
        at sun.misc.Unsafe.park(Native Method)
        at java.util.concurrent.locks.LockSupport.park(LockSupport.java:175)
        at java.util.concurrent.locks.AbstractQueuedSynchronizer$ConditionObject.await(AbstractQueuedSynchronizer.java:2039)
        at java.util.concurrent.ArrayBlockingQueue.take(ArrayBlockingQueue.java:403)
        at java.util.concurrent.ThreadPoolExecutor.getTask(ThreadPoolExecutor.java:1074)
        at java.util.concurrent.ThreadPoolExecutor.runWorker(ThreadPoolExecutor.java:1134)
        at java.util.concurrent.ThreadPoolExecutor$Worker.run(ThreadPoolExecutor.java:624)
        at java.lang.Thread.run(Thread.java:748)
"pool-56-thread-3"  prio=5 tid=523 in Object.wait()
java.lang.Thread.State: WAITING (on object monitor)
        at sun.misc.Unsafe.park(Native Method)
        at java.util.concurrent.locks.LockSupport.park(LockSupport.java:175)
        at java.util.concurrent.locks.AbstractQueuedSynchronizer$ConditionObject.await(AbstractQueuedSynchronizer.java:2039)
        at java.util.concurrent.ArrayBlockingQueue.take(ArrayBlockingQueue.java:403)
        at java.util.concurrent.ThreadPoolExecutor.getTask(ThreadPoolExecutor.java:1074)
        at java.util.concurrent.ThreadPoolExecutor.runWorker(ThreadPoolExecutor.java:1134)
        at java.util.concurrent.ThreadPoolExecutor$Worker.run(ThreadPoolExecutor.java:624)
        at java.lang.Thread.run(Thread.java:748)
"988115cd-21c9-4558-b198-f2cedd98ccf3@group-20BE3FF63202-StateMachineUpdater" daemon prio=5 tid=1025 in Object.wait()
java.lang.Thread.State: WAITING (on object monitor)
        at java.lang.Object.wait(Native Method)
        at java.lang.Object.wait(Object.java:502)
        at org.apache.ratis.server.impl.StateMachineUpdater.waitForCommit(StateMachineUpdater.java:194)
        at org.apache.ratis.server.impl.StateMachineUpdater.run(StateMachineUpdater.java:159)
        at java.lang.Thread.run(Thread.java:748)
"metrics-hadoop-metrics2-reporter-72-thread-1" daemon prio=5 tid=1110 timed_waiting
java.lang.Thread.State: TIMED_WAITING
        at sun.misc.Unsafe.park(Native Method)
        at java.util.concurrent.locks.LockSupport.parkNanos(LockSupport.java:215)
        at java.util.concurrent.locks.AbstractQueuedSynchronizer$ConditionObject.awaitNanos(AbstractQueuedSynchronizer.java:2078)
        at java.util.concurrent.ScheduledThreadPoolExecutor$DelayedWorkQueue.take(ScheduledThreadPoolExecutor.java:1093)
        at java.util.concurrent.ScheduledThreadPoolExecutor$DelayedWorkQueue.take(ScheduledThreadPoolExecutor.java:809)
        at java.util.concurrent.ThreadPoolExecutor.getTask(ThreadPoolExecutor.java:1074)
        at java.util.concurrent.ThreadPoolExecutor.runWorker(ThreadPoolExecutor.java:1134)
        at java.util.concurrent.ThreadPoolExecutor$Worker.run(ThreadPoolExecutor.java:624)
        at java.lang.Thread.run(Thread.java:748)
"pool-56-thread-7"  prio=5 tid=527 in Object.wait()
java.lang.Thread.State: WAITING (on object monitor)
        at sun.misc.Unsafe.park(Native Method)
        at java.util.concurrent.locks.LockSupport.park(LockSupport.java:175)
        at java.util.concurrent.locks.AbstractQueuedSynchronizer$ConditionObject.await(AbstractQueuedSynchronizer.java:2039)
        at java.util.concurrent.ArrayBlockingQueue.take(ArrayBlockingQueue.java:403)
        at java.util.concurrent.ThreadPoolExecutor.getTask(ThreadPoolExecutor.java:1074)
        at java.util.concurrent.ThreadPoolExecutor.runWorker(ThreadPoolExecutor.java:1134)
        at java.util.concurrent.ThreadPoolExecutor$Worker.run(ThreadPoolExecutor.java:624)
        at java.lang.Thread.run(Thread.java:748)
"qtp1168956689-328" daemon prio=5 tid=328 timed_waiting
java.lang.Thread.State: TIMED_WAITING
        at sun.misc.Unsafe.park(Native Method)
        at java.util.concurrent.locks.LockSupport.parkNanos(LockSupport.java:215)
        at java.util.concurrent.locks.AbstractQueuedSynchronizer$ConditionObject.awaitNanos(AbstractQueuedSynchronizer.java:2078)
        at org.eclipse.jetty.util.BlockingArrayQueue.poll(BlockingArrayQueue.java:392)
        at org.eclipse.jetty.util.thread.QueuedThreadPool.idleJobPoll(QueuedThreadPool.java:563)
        at org.eclipse.jetty.util.thread.QueuedThreadPool.access$800(QueuedThreadPool.java:48)
        at org.eclipse.jetty.util.thread.QueuedThreadPool$2.run(QueuedThreadPool.java:626)
        at java.lang.Thread.run(Thread.java:748)
"pool-66-thread-37"  prio=5 tid=617 in Object.wait()
java.lang.Thread.State: WAITING (on object monitor)
        at sun.misc.Unsafe.park(Native Method)
        at java.util.concurrent.locks.LockSupport.park(LockSupport.java:175)
        at java.util.concurrent.locks.AbstractQueuedSynchronizer$ConditionObject.await(AbstractQueuedSynchronizer.java:2039)
        at java.util.concurrent.ArrayBlockingQueue.take(ArrayBlockingQueue.java:403)
        at java.util.concurrent.ThreadPoolExecutor.getTask(ThreadPoolExecutor.java:1074)
        at java.util.concurrent.ThreadPoolExecutor.runWorker(ThreadPoolExecutor.java:1134)
        at java.util.concurrent.ThreadPoolExecutor$Worker.run(ThreadPoolExecutor.java:624)
        at java.lang.Thread.run(Thread.java:748)
"metrics-hadoop-metrics2-reporter-36-thread-1" daemon prio=5 tid=883 timed_waiting
java.lang.Thread.State: TIMED_WAITING
        at sun.misc.Unsafe.park(Native Method)
        at java.util.concurrent.locks.LockSupport.parkNanos(LockSupport.java:215)
        at java.util.concurrent.locks.AbstractQueuedSynchronizer$ConditionObject.awaitNanos(AbstractQueuedSynchronizer.java:2078)
        at java.util.concurrent.ScheduledThreadPoolExecutor$DelayedWorkQueue.take(ScheduledThreadPoolExecutor.java:1093)
        at java.util.concurrent.ScheduledThreadPoolExecutor$DelayedWorkQueue.take(ScheduledThreadPoolExecutor.java:809)
        at java.util.concurrent.ThreadPoolExecutor.getTask(ThreadPoolExecutor.java:1074)
        at java.util.concurrent.ThreadPoolExecutor.runWorker(ThreadPoolExecutor.java:1134)
        at java.util.concurrent.ThreadPoolExecutor$Worker.run(ThreadPoolExecutor.java:624)
        at java.lang.Thread.run(Thread.java:748)
"Command processor thread" daemon prio=5 tid=337 timed_waiting
java.lang.Thread.State: TIMED_WAITING
        at java.lang.Thread.sleep(Native Method)
        at org.apache.hadoop.ozone.container.common.statemachine.DatanodeStateMachine.lambda$initCommandHandlerThread$1(DatanodeStateMachine.java:439)
        at org.apache.hadoop.ozone.container.common.statemachine.DatanodeStateMachine$$Lambda$141/459692644.run(Unknown Source)
        at java.lang.Thread.run(Thread.java:748)
"pool-86-thread-26"  prio=5 tid=739 in Object.wait()
java.lang.Thread.State: WAITING (on object monitor)
        at sun.misc.Unsafe.park(Native Method)
        at java.util.concurrent.locks.LockSupport.park(LockSupport.java:175)
        at java.util.concurrent.locks.AbstractQueuedSynchronizer$ConditionObject.await(AbstractQueuedSynchronizer.java:2039)
        at java.util.concurrent.ArrayBlockingQueue.take(ArrayBlockingQueue.java:403)
        at java.util.concurrent.ThreadPoolExecutor.getTask(ThreadPoolExecutor.java:1074)
        at java.util.concurrent.ThreadPoolExecutor.runWorker(ThreadPoolExecutor.java:1134)
        at java.util.concurrent.ThreadPoolExecutor$Worker.run(ThreadPoolExecutor.java:624)
        at java.lang.Thread.run(Thread.java:748)
"EventQueue-NodeRegistrationContainerReportForContainerSafeModeRule" daemon prio=5 tid=779 in Object.wait()
java.lang.Thread.State: WAITING (on object monitor)
        at sun.misc.Unsafe.park(Native Method)
        at java.util.concurrent.locks.LockSupport.park(LockSupport.java:175)
        at java.util.concurrent.locks.AbstractQueuedSynchronizer$ConditionObject.await(AbstractQueuedSynchronizer.java:2039)
        at java.util.concurrent.LinkedBlockingQueue.take(LinkedBlockingQueue.java:442)
        at java.util.concurrent.ThreadPoolExecutor.getTask(ThreadPoolExecutor.java:1074)
        at java.util.concurrent.ThreadPoolExecutor.runWorker(ThreadPoolExecutor.java:1134)
        at java.util.concurrent.ThreadPoolExecutor$Worker.run(ThreadPoolExecutor.java:624)
        at java.lang.Thread.run(Thread.java:748)
"Signal Dispatcher" daemon prio=9 tid=4 runnable
java.lang.Thread.State: RUNNABLE
"refreshUsed-/workdir/hadoop-ozone/integration-test/target/test-dir/MiniOzoneClusterImpl-f68115de-5278-4c94-9b3d-9176cb3c0071/datanode-3/data/containers" daemon prio=5 tid=235 timed_waiting
java.lang.Thread.State: TIMED_WAITING
        at java.lang.Thread.sleep(Native Method)
        at org.apache.hadoop.fs.CachingGetSpaceUsed$RefreshThread.run(CachingGetSpaceUsed.java:179)
        at java.lang.Thread.run(Thread.java:748)
"f7ab671b-901b-4a48-a9a9-f6c73ab18394@group-AFD3E3A39739-StateMachineUpdater" daemon prio=5 tid=1052 in Object.wait()
java.lang.Thread.State: WAITING (on object monitor)
        at java.lang.Object.wait(Native Method)
        at java.lang.Object.wait(Object.java:502)
        at org.apache.ratis.server.impl.StateMachineUpdater.waitForCommit(StateMachineUpdater.java:194)
        at org.apache.ratis.server.impl.StateMachineUpdater.run(StateMachineUpdater.java:159)
        at java.lang.Thread.run(Thread.java:748)
"Socket Reader #1 for port 36674"  prio=5 tid=15 runnable
java.lang.Thread.State: RUNNABLE
        at sun.nio.ch.EPollArrayWrapper.epollWait(Native Method)
        at sun.nio.ch.EPollArrayWrapper.poll(EPollArrayWrapper.java:269)
        at sun.nio.ch.EPollSelectorImpl.doSelect(EPollSelectorImpl.java:93)
        at sun.nio.ch.SelectorImpl.lockAndDoSelect(SelectorImpl.java:86)
        at sun.nio.ch.SelectorImpl.select(SelectorImpl.java:97)
        at sun.nio.ch.SelectorImpl.select(SelectorImpl.java:101)
        at org.apache.hadoop.ipc.Server$Listener$Reader.doRunLoop(Server.java:1097)
        at org.apache.hadoop.ipc.Server$Listener$Reader.run(Server.java:1076)
"pool-36-thread-51"  prio=5 tid=496 in Object.wait()
java.lang.Thread.State: WAITING (on object monitor)
        at sun.misc.Unsafe.park(Native Method)
        at java.util.concurrent.locks.LockSupport.park(LockSupport.java:175)
        at java.util.concurrent.locks.AbstractQueuedSynchronizer$ConditionObject.await(AbstractQueuedSynchronizer.java:2039)
        at java.util.concurrent.ArrayBlockingQueue.take(ArrayBlockingQueue.java:403)
        at java.util.concurrent.ThreadPoolExecutor.getTask(ThreadPoolExecutor.java:1074)
        at java.util.concurrent.ThreadPoolExecutor.runWorker(ThreadPoolExecutor.java:1134)
        at java.util.concurrent.ThreadPoolExecutor$Worker.run(ThreadPoolExecutor.java:624)
        at java.lang.Thread.run(Thread.java:748)
"qtp820627987-166" daemon prio=5 tid=166 timed_waiting
java.lang.Thread.State: TIMED_WAITING
        at sun.misc.Unsafe.park(Native Method)
        at java.util.concurrent.locks.LockSupport.parkNanos(LockSupport.java:215)
        at java.util.concurrent.locks.AbstractQueuedSynchronizer$ConditionObject.awaitNanos(AbstractQueuedSynchronizer.java:2078)
        at org.eclipse.jetty.util.BlockingArrayQueue.poll(BlockingArrayQueue.java:392)
        at org.eclipse.jetty.util.thread.QueuedThreadPool.idleJobPoll(QueuedThreadPool.java:563)
        at org.eclipse.jetty.util.thread.QueuedThreadPool.access$800(QueuedThreadPool.java:48)
        at org.eclipse.jetty.util.thread.QueuedThreadPool$2.run(QueuedThreadPool.java:626)
        at java.lang.Thread.run(Thread.java:748)
"pool-26-thread-12"  prio=5 tid=371 in Object.wait()
java.lang.Thread.State: WAITING (on object monitor)
        at sun.misc.Unsafe.park(Native Method)
        at java.util.concurrent.locks.LockSupport.park(LockSupport.java:175)
        at java.util.concurrent.locks.AbstractQueuedSynchronizer$ConditionObject.await(AbstractQueuedSynchronizer.java:2039)
        at java.util.concurrent.ArrayBlockingQueue.take(ArrayBlockingQueue.java:403)
        at java.util.concurrent.ThreadPoolExecutor.getTask(ThreadPoolExecutor.java:1074)
        at java.util.concurrent.ThreadPoolExecutor.runWorker(ThreadPoolExecutor.java:1134)
        at java.util.concurrent.ThreadPoolExecutor$Worker.run(ThreadPoolExecutor.java:624)
        at java.lang.Thread.run(Thread.java:748)
"pool-66-thread-58"  prio=5 tid=638 in Object.wait()
java.lang.Thread.State: WAITING (on object monitor)
        at sun.misc.Unsafe.park(Native Method)
        at java.util.concurrent.locks.LockSupport.park(LockSupport.java:175)
        at java.util.concurrent.locks.AbstractQueuedSynchronizer$ConditionObject.await(AbstractQueuedSynchronizer.java:2039)
        at java.util.concurrent.ArrayBlockingQueue.take(ArrayBlockingQueue.java:403)
        at java.util.concurrent.ThreadPoolExecutor.getTask(ThreadPoolExecutor.java:1074)
        at java.util.concurrent.ThreadPoolExecutor.runWorker(ThreadPoolExecutor.java:1134)
        at java.util.concurrent.ThreadPoolExecutor$Worker.run(ThreadPoolExecutor.java:624)
        at java.lang.Thread.run(Thread.java:748)
"pool-66-thread-22"  prio=5 tid=602 in Object.wait()
java.lang.Thread.State: WAITING (on object monitor)
        at sun.misc.Unsafe.park(Native Method)
        at java.util.concurrent.locks.LockSupport.park(LockSupport.java:175)
        at java.util.concurrent.locks.AbstractQueuedSynchronizer$ConditionObject.await(AbstractQueuedSynchronizer.java:2039)
        at java.util.concurrent.ArrayBlockingQueue.take(ArrayBlockingQueue.java:403)
        at java.util.concurrent.ThreadPoolExecutor.getTask(ThreadPoolExecutor.java:1074)
        at java.util.concurrent.ThreadPoolExecutor.runWorker(ThreadPoolExecutor.java:1134)
        at java.util.concurrent.ThreadPoolExecutor$Worker.run(ThreadPoolExecutor.java:624)
        at java.lang.Thread.run(Thread.java:748)
"pool-56-thread-50"  prio=5 tid=570 in Object.wait()
java.lang.Thread.State: WAITING (on object monitor)
        at sun.misc.Unsafe.park(Native Method)
        at java.util.concurrent.locks.LockSupport.park(LockSupport.java:175)
        at java.util.concurrent.locks.AbstractQueuedSynchronizer$ConditionObject.await(AbstractQueuedSynchronizer.java:2039)
        at java.util.concurrent.ArrayBlockingQueue.take(ArrayBlockingQueue.java:403)
        at java.util.concurrent.ThreadPoolExecutor.getTask(ThreadPoolExecutor.java:1074)
        at java.util.concurrent.ThreadPoolExecutor.runWorker(ThreadPoolExecutor.java:1134)
        at java.util.concurrent.ThreadPoolExecutor$Worker.run(ThreadPoolExecutor.java:624)
        at java.lang.Thread.run(Thread.java:748)
"KeyDeletingService#1" daemon prio=5 tid=121 in Object.wait()
java.lang.Thread.State: WAITING (on object monitor)
        at sun.misc.Unsafe.park(Native Method)
        at java.util.concurrent.locks.LockSupport.park(LockSupport.java:175)
        at java.util.concurrent.locks.AbstractQueuedSynchronizer$ConditionObject.await(AbstractQueuedSynchronizer.java:2039)
        at java.util.concurrent.ScheduledThreadPoolExecutor$DelayedWorkQueue.take(ScheduledThreadPoolExecutor.java:1088)
        at java.util.concurrent.ScheduledThreadPoolExecutor$DelayedWorkQueue.take(ScheduledThreadPoolExecutor.java:809)
        at java.util.concurrent.ThreadPoolExecutor.getTask(ThreadPoolExecutor.java:1074)
        at java.util.concurrent.ThreadPoolExecutor.runWorker(ThreadPoolExecutor.java:1134)
        at java.util.concurrent.ThreadPoolExecutor$Worker.run(ThreadPoolExecutor.java:624)
        at java.lang.Thread.run(Thread.java:748)
"Datanode ReportManager Thread - 3" daemon prio=5 tid=201 in Object.wait()
java.lang.Thread.State: WAITING (on object monitor)
        at sun.misc.Unsafe.park(Native Method)
        at java.util.concurrent.locks.LockSupport.park(LockSupport.java:175)
        at java.util.concurrent.locks.AbstractQueuedSynchronizer$ConditionObject.await(AbstractQueuedSynchronizer.java:2039)
        at java.util.concurrent.ScheduledThreadPoolExecutor$DelayedWorkQueue.take(ScheduledThreadPoolExecutor.java:1088)
        at java.util.concurrent.ScheduledThreadPoolExecutor$DelayedWorkQueue.take(ScheduledThreadPoolExecutor.java:809)
        at java.util.concurrent.ThreadPoolExecutor.getTask(ThreadPoolExecutor.java:1074)
        at java.util.concurrent.ThreadPoolExecutor.runWorker(ThreadPoolExecutor.java:1134)
        at java.util.concurrent.ThreadPoolExecutor$Worker.run(ThreadPoolExecutor.java:624)
        at java.lang.Thread.run(Thread.java:748)
"pool-86-thread-40"  prio=5 tid=753 in Object.wait()
java.lang.Thread.State: WAITING (on object monitor)
        at sun.misc.Unsafe.park(Native Method)
        at java.util.concurrent.locks.LockSupport.park(LockSupport.java:175)
        at java.util.concurrent.locks.AbstractQueuedSynchronizer$ConditionObject.await(AbstractQueuedSynchronizer.java:2039)
        at java.util.concurrent.ArrayBlockingQueue.take(ArrayBlockingQueue.java:403)
        at java.util.concurrent.ThreadPoolExecutor.getTask(ThreadPoolExecutor.java:1074)
        at java.util.concurrent.ThreadPoolExecutor.runWorker(ThreadPoolExecutor.java:1134)
        at java.util.concurrent.ThreadPoolExecutor$Worker.run(ThreadPoolExecutor.java:624)
        at java.lang.Thread.run(Thread.java:748)
"pool-36-thread-44"  prio=5 tid=477 in Object.wait()
java.lang.Thread.State: WAITING (on object monitor)
        at sun.misc.Unsafe.park(Native Method)
        at java.util.concurrent.locks.LockSupport.park(LockSupport.java:175)
        at java.util.concurrent.locks.AbstractQueuedSynchronizer$ConditionObject.await(AbstractQueuedSynchronizer.java:2039)
        at java.util.concurrent.ArrayBlockingQueue.take(ArrayBlockingQueue.java:403)
        at java.util.concurrent.ThreadPoolExecutor.getTask(ThreadPoolExecutor.java:1074)
        at java.util.concurrent.ThreadPoolExecutor.runWorker(ThreadPoolExecutor.java:1134)
        at java.util.concurrent.ThreadPoolExecutor$Worker.run(ThreadPoolExecutor.java:624)
        at java.lang.Thread.run(Thread.java:748)
"metrics-hadoop-metrics2-reporter-15-thread-1" daemon prio=5 tid=827 timed_waiting
java.lang.Thread.State: TIMED_WAITING
        at sun.misc.Unsafe.park(Native Method)
        at java.util.concurrent.locks.LockSupport.parkNanos(LockSupport.java:215)
        at java.util.concurrent.locks.AbstractQueuedSynchronizer$ConditionObject.awaitNanos(AbstractQueuedSynchronizer.java:2078)
        at java.util.concurrent.ScheduledThreadPoolExecutor$DelayedWorkQueue.take(ScheduledThreadPoolExecutor.java:1093)
        at java.util.concurrent.ScheduledThreadPoolExecutor$DelayedWorkQueue.take(ScheduledThreadPoolExecutor.java:809)
        at java.util.concurrent.ThreadPoolExecutor.getTask(ThreadPoolExecutor.java:1074)
        at java.util.concurrent.ThreadPoolExecutor.runWorker(ThreadPoolExecutor.java:1134)
        at java.util.concurrent.ThreadPoolExecutor$Worker.run(ThreadPoolExecutor.java:624)
        at java.lang.Thread.run(Thread.java:748)
"pool-36-thread-26"  prio=5 tid=419 in Object.wait()
java.lang.Thread.State: WAITING (on object monitor)
        at sun.misc.Unsafe.park(Native Method)
        at java.util.concurrent.locks.LockSupport.park(LockSupport.java:175)
        at java.util.concurrent.locks.AbstractQueuedSynchronizer$ConditionObject.await(AbstractQueuedSynchronizer.java:2039)
        at java.util.concurrent.ArrayBlockingQueue.take(ArrayBlockingQueue.java:403)
        at java.util.concurrent.ThreadPoolExecutor.getTask(ThreadPoolExecutor.java:1074)
        at java.util.concurrent.ThreadPoolExecutor.runWorker(ThreadPoolExecutor.java:1134)
        at java.util.concurrent.ThreadPoolExecutor$Worker.run(ThreadPoolExecutor.java:624)
        at java.lang.Thread.run(Thread.java:748)
"BlockDeletingService#1" daemon prio=5 tid=649 in Object.wait()
java.lang.Thread.State: WAITING (on object monitor)
        at sun.misc.Unsafe.park(Native Method)
        at java.util.concurrent.locks.LockSupport.park(LockSupport.java:175)
        at java.util.concurrent.locks.AbstractQueuedSynchronizer$ConditionObject.await(AbstractQueuedSynchronizer.java:2039)
        at java.util.concurrent.ScheduledThreadPoolExecutor$DelayedWorkQueue.take(ScheduledThreadPoolExecutor.java:1088)
        at java.util.concurrent.ScheduledThreadPoolExecutor$DelayedWorkQueue.take(ScheduledThreadPoolExecutor.java:809)
        at java.util.concurrent.ThreadPoolExecutor.getTask(ThreadPoolExecutor.java:1074)
        at java.util.concurrent.ThreadPoolExecutor.runWorker(ThreadPoolExecutor.java:1134)
        at java.util.concurrent.ThreadPoolExecutor$Worker.run(ThreadPoolExecutor.java:624)
        at java.lang.Thread.run(Thread.java:748)
"IPC Server listener on 45589" daemon prio=5 tid=22 runnable
java.lang.Thread.State: RUNNABLE
        at sun.nio.ch.EPollArrayWrapper.epollWait(Native Method)
        at sun.nio.ch.EPollArrayWrapper.poll(EPollArrayWrapper.java:269)
        at sun.nio.ch.EPollSelectorImpl.doSelect(EPollSelectorImpl.java:93)
        at sun.nio.ch.SelectorImpl.lockAndDoSelect(SelectorImpl.java:86)
        at sun.nio.ch.SelectorImpl.select(SelectorImpl.java:97)
        at sun.nio.ch.SelectorImpl.select(SelectorImpl.java:101)
        at org.apache.hadoop.ipc.Server$Listener.run(Server.java:1159)
"pool-26-thread-18"  prio=5 tid=391 in Object.wait()
java.lang.Thread.State: WAITING (on object monitor)
        at sun.misc.Unsafe.park(Native Method)
        at java.util.concurrent.locks.LockSupport.park(LockSupport.java:175)
        at java.util.concurrent.locks.AbstractQueuedSynchronizer$ConditionObject.await(AbstractQueuedSynchronizer.java:2039)
        at java.util.concurrent.ArrayBlockingQueue.take(ArrayBlockingQueue.java:403)
        at java.util.concurrent.ThreadPoolExecutor.getTask(ThreadPoolExecutor.java:1074)
        at java.util.concurrent.ThreadPoolExecutor.runWorker(ThreadPoolExecutor.java:1134)
        at java.util.concurrent.ThreadPoolExecutor$Worker.run(ThreadPoolExecutor.java:624)
        at java.lang.Thread.run(Thread.java:748)
"pool-46-thread-21"  prio=5 tid=405 in Object.wait()
java.lang.Thread.State: WAITING (on object monitor)
        at sun.misc.Unsafe.park(Native Method)
        at java.util.concurrent.locks.LockSupport.park(LockSupport.java:175)
        at java.util.concurrent.locks.AbstractQueuedSynchronizer$ConditionObject.await(AbstractQueuedSynchronizer.java:2039)
        at java.util.concurrent.ArrayBlockingQueue.take(ArrayBlockingQueue.java:403)
        at java.util.concurrent.ThreadPoolExecutor.getTask(ThreadPoolExecutor.java:1074)
        at java.util.concurrent.ThreadPoolExecutor.runWorker(ThreadPoolExecutor.java:1134)
        at java.util.concurrent.ThreadPoolExecutor$Worker.run(ThreadPoolExecutor.java:624)
        at java.lang.Thread.run(Thread.java:748)
"BlockDeletingService#0" daemon prio=5 tid=646 timed_waiting
java.lang.Thread.State: TIMED_WAITING
        at sun.misc.Unsafe.park(Native Method)
        at java.util.concurrent.locks.LockSupport.parkNanos(LockSupport.java:215)
        at java.util.concurrent.locks.AbstractQueuedSynchronizer$ConditionObject.awaitNanos(AbstractQueuedSynchronizer.java:2078)
        at java.util.concurrent.ScheduledThreadPoolExecutor$DelayedWorkQueue.take(ScheduledThreadPoolExecutor.java:1093)
        at java.util.concurrent.ScheduledThreadPoolExecutor$DelayedWorkQueue.take(ScheduledThreadPoolExecutor.java:809)
        at java.util.concurrent.ThreadPoolExecutor.getTask(ThreadPoolExecutor.java:1074)
        at java.util.concurrent.ThreadPoolExecutor.runWorker(ThreadPoolExecutor.java:1134)
        at java.util.concurrent.ThreadPoolExecutor$Worker.run(ThreadPoolExecutor.java:624)
        at java.lang.Thread.run(Thread.java:748)
"pool-66-thread-1"  prio=5 tid=581 in Object.wait()
java.lang.Thread.State: WAITING (on object monitor)
        at sun.misc.Unsafe.park(Native Method)
        at java.util.concurrent.locks.LockSupport.park(LockSupport.java:175)
        at java.util.concurrent.locks.AbstractQueuedSynchronizer$ConditionObject.await(AbstractQueuedSynchronizer.java:2039)
        at java.util.concurrent.ArrayBlockingQueue.take(ArrayBlockingQueue.java:403)
        at java.util.concurrent.ThreadPoolExecutor.getTask(ThreadPoolExecutor.java:1074)
        at java.util.concurrent.ThreadPoolExecutor.runWorker(ThreadPoolExecutor.java:1134)
        at java.util.concurrent.ThreadPoolExecutor$Worker.run(ThreadPoolExecutor.java:624)
        at java.lang.Thread.run(Thread.java:748)
"BlockDeletingService#0" daemon prio=5 tid=642 timed_waiting
java.lang.Thread.State: TIMED_WAITING
        at sun.misc.Unsafe.park(Native Method)
        at java.util.concurrent.locks.LockSupport.parkNanos(LockSupport.java:215)
        at java.util.concurrent.locks.AbstractQueuedSynchronizer$ConditionObject.awaitNanos(AbstractQueuedSynchronizer.java:2078)
        at java.util.concurrent.ScheduledThreadPoolExecutor$DelayedWorkQueue.take(ScheduledThreadPoolExecutor.java:1093)
        at java.util.concurrent.ScheduledThreadPoolExecutor$DelayedWorkQueue.take(ScheduledThreadPoolExecutor.java:809)
        at java.util.concurrent.ThreadPoolExecutor.getTask(ThreadPoolExecutor.java:1074)
        at java.util.concurrent.ThreadPoolExecutor.runWorker(ThreadPoolExecutor.java:1134)
        at java.util.concurrent.ThreadPoolExecutor$Worker.run(ThreadPoolExecutor.java:624)
        at java.lang.Thread.run(Thread.java:748)
"pool-46-thread-22"  prio=5 tid=407 in Object.wait()
java.lang.Thread.State: WAITING (on object monitor)
        at sun.misc.Unsafe.park(Native Method)
        at java.util.concurrent.locks.LockSupport.park(LockSupport.java:175)
        at java.util.concurrent.locks.AbstractQueuedSynchronizer$ConditionObject.await(AbstractQueuedSynchronizer.java:2039)
        at java.util.concurrent.ArrayBlockingQueue.take(ArrayBlockingQueue.java:403)
        at java.util.concurrent.ThreadPoolExecutor.getTask(ThreadPoolExecutor.java:1074)
        at java.util.concurrent.ThreadPoolExecutor.runWorker(ThreadPoolExecutor.java:1134)
        at java.util.concurrent.ThreadPoolExecutor$Worker.run(ThreadPoolExecutor.java:624)
        at java.lang.Thread.run(Thread.java:748)
"pool-56-thread-32"  prio=5 tid=552 in Object.wait()
java.lang.Thread.State: WAITING (on object monitor)
        at sun.misc.Unsafe.park(Native Method)
        at java.util.concurrent.locks.LockSupport.park(LockSupport.java:175)
        at java.util.concurrent.locks.AbstractQueuedSynchronizer$ConditionObject.await(AbstractQueuedSynchronizer.java:2039)
        at java.util.concurrent.ArrayBlockingQueue.take(ArrayBlockingQueue.java:403)
        at java.util.concurrent.ThreadPoolExecutor.getTask(ThreadPoolExecutor.java:1074)
        at java.util.concurrent.ThreadPoolExecutor.runWorker(ThreadPoolExecutor.java:1134)
        at java.util.concurrent.ThreadPoolExecutor$Worker.run(ThreadPoolExecutor.java:624)
        at java.lang.Thread.run(Thread.java:748)
"metrics-hadoop-metrics2-reporter-26-thread-1" daemon prio=5 tid=852 timed_waiting
java.lang.Thread.State: TIMED_WAITING
        at sun.misc.Unsafe.park(Native Method)
        at java.util.concurrent.locks.LockSupport.parkNanos(LockSupport.java:215)
        at java.util.concurrent.locks.AbstractQueuedSynchronizer$ConditionObject.awaitNanos(AbstractQueuedSynchronizer.java:2078)
        at java.util.concurrent.ScheduledThreadPoolExecutor$DelayedWorkQueue.take(ScheduledThreadPoolExecutor.java:1093)
        at java.util.concurrent.ScheduledThreadPoolExecutor$DelayedWorkQueue.take(ScheduledThreadPoolExecutor.java:809)
        at java.util.concurrent.ThreadPoolExecutor.getTask(ThreadPoolExecutor.java:1074)
        at java.util.concurrent.ThreadPoolExecutor.runWorker(ThreadPoolExecutor.java:1134)
        at java.util.concurrent.ThreadPoolExecutor$Worker.run(ThreadPoolExecutor.java:624)
        at java.lang.Thread.run(Thread.java:748)
"Datanode ReportManager Thread - 2" daemon prio=5 tid=227 timed_waiting
java.lang.Thread.State: TIMED_WAITING
        at sun.misc.Unsafe.park(Native Method)
        at java.util.concurrent.locks.LockSupport.parkNanos(LockSupport.java:215)
        at java.util.concurrent.locks.AbstractQueuedSynchronizer$ConditionObject.awaitNanos(AbstractQueuedSynchronizer.java:2078)
        at java.util.concurrent.ScheduledThreadPoolExecutor$DelayedWorkQueue.take(ScheduledThreadPoolExecutor.java:1093)
        at java.util.concurrent.ScheduledThreadPoolExecutor$DelayedWorkQueue.take(ScheduledThreadPoolExecutor.java:809)
        at java.util.concurrent.ThreadPoolExecutor.getTask(ThreadPoolExecutor.java:1074)
        at java.util.concurrent.ThreadPoolExecutor.runWorker(ThreadPoolExecutor.java:1134)
        at java.util.concurrent.ThreadPoolExecutor$Worker.run(ThreadPoolExecutor.java:624)
        at java.lang.Thread.run(Thread.java:748)
"metrics-hadoop-metrics2-reporter-64-thread-1" daemon prio=5 tid=1055 timed_waiting
java.lang.Thread.State: TIMED_WAITING
        at sun.misc.Unsafe.park(Native Method)
        at java.util.concurrent.locks.LockSupport.parkNanos(LockSupport.java:215)
        at java.util.concurrent.locks.AbstractQueuedSynchronizer$ConditionObject.awaitNanos(AbstractQueuedSynchronizer.java:2078)
        at java.util.concurrent.ScheduledThreadPoolExecutor$DelayedWorkQueue.take(ScheduledThreadPoolExecutor.java:1093)
        at java.util.concurrent.ScheduledThreadPoolExecutor$DelayedWorkQueue.take(ScheduledThreadPoolExecutor.java:809)
        at java.util.concurrent.ThreadPoolExecutor.getTask(ThreadPoolExecutor.java:1074)
        at java.util.concurrent.ThreadPoolExecutor.runWorker(ThreadPoolExecutor.java:1134)
        at java.util.concurrent.ThreadPoolExecutor$Worker.run(ThreadPoolExecutor.java:624)
        at java.lang.Thread.run(Thread.java:748)
"IPC Server handler 9 on 45290" daemon prio=5 tid=58 timed_waiting
java.lang.Thread.State: TIMED_WAITING
        at sun.misc.Unsafe.park(Native Method)
        at java.util.concurrent.locks.LockSupport.parkNanos(LockSupport.java:215)
        at java.util.concurrent.locks.AbstractQueuedSynchronizer$ConditionObject.awaitNanos(AbstractQueuedSynchronizer.java:2078)
        at java.util.concurrent.LinkedBlockingQueue.poll(LinkedBlockingQueue.java:467)
        at org.apache.hadoop.ipc.CallQueueManager.take(CallQueueManager.java:288)
        at org.apache.hadoop.ipc.Server$Handler.run(Server.java:2668)
"IPC Server handler 1 on 45290" daemon prio=5 tid=50 timed_waiting
java.lang.Thread.State: TIMED_WAITING
        at sun.misc.Unsafe.park(Native Method)
        at java.util.concurrent.locks.LockSupport.parkNanos(LockSupport.java:215)
        at java.util.concurrent.locks.AbstractQueuedSynchronizer$ConditionObject.awaitNanos(AbstractQueuedSynchronizer.java:2078)
        at java.util.concurrent.LinkedBlockingQueue.poll(LinkedBlockingQueue.java:467)
        at org.apache.hadoop.ipc.CallQueueManager.take(CallQueueManager.java:288)
        at org.apache.hadoop.ipc.Server$Handler.run(Server.java:2668)
"pool-66-thread-5"  prio=5 tid=585 in Object.wait()
java.lang.Thread.State: WAITING (on object monitor)
        at sun.misc.Unsafe.park(Native Method)
        at java.util.concurrent.locks.LockSupport.park(LockSupport.java:175)
        at java.util.concurrent.locks.AbstractQueuedSynchronizer$ConditionObject.await(AbstractQueuedSynchronizer.java:2039)
        at java.util.concurrent.ArrayBlockingQueue.take(ArrayBlockingQueue.java:403)
        at java.util.concurrent.ThreadPoolExecutor.getTask(ThreadPoolExecutor.java:1074)
        at java.util.concurrent.ThreadPoolExecutor.runWorker(ThreadPoolExecutor.java:1134)
        at java.util.concurrent.ThreadPoolExecutor$Worker.run(ThreadPoolExecutor.java:624)
        at java.lang.Thread.run(Thread.java:748)
"IPC Server Responder" daemon prio=5 tid=110 runnable
java.lang.Thread.State: RUNNABLE
        at sun.nio.ch.EPollArrayWrapper.epollWait(Native Method)
        at sun.nio.ch.EPollArrayWrapper.poll(EPollArrayWrapper.java:269)
        at sun.nio.ch.EPollSelectorImpl.doSelect(EPollSelectorImpl.java:93)
        at sun.nio.ch.SelectorImpl.lockAndDoSelect(SelectorImpl.java:86)
        at sun.nio.ch.SelectorImpl.select(SelectorImpl.java:97)
        at org.apache.hadoop.ipc.Server$Responder.doRunLoop(Server.java:1334)
        at org.apache.hadoop.ipc.Server$Responder.run(Server.java:1317)
"Datanode ReportManager Thread - 2" daemon prio=5 tid=335 timed_waiting
java.lang.Thread.State: TIMED_WAITING
        at sun.misc.Unsafe.park(Native Method)
        at java.util.concurrent.locks.LockSupport.parkNanos(LockSupport.java:215)
        at java.util.concurrent.locks.AbstractQueuedSynchronizer$ConditionObject.awaitNanos(AbstractQueuedSynchronizer.java:2078)
        at java.util.concurrent.ScheduledThreadPoolExecutor$DelayedWorkQueue.take(ScheduledThreadPoolExecutor.java:1093)
        at java.util.concurrent.ScheduledThreadPoolExecutor$DelayedWorkQueue.take(ScheduledThreadPoolExecutor.java:809)
        at java.util.concurrent.ThreadPoolExecutor.getTask(ThreadPoolExecutor.java:1074)
        at java.util.concurrent.ThreadPoolExecutor.runWorker(ThreadPoolExecutor.java:1134)
        at java.util.concurrent.ThreadPoolExecutor$Worker.run(ThreadPoolExecutor.java:624)
        at java.lang.Thread.run(Thread.java:748)
"pool-76-thread-5"  prio=5 tid=656 in Object.wait()
java.lang.Thread.State: WAITING (on object monitor)
        at sun.misc.Unsafe.park(Native Method)
        at java.util.concurrent.locks.LockSupport.park(LockSupport.java:175)
        at java.util.concurrent.locks.AbstractQueuedSynchronizer$ConditionObject.await(AbstractQueuedSynchronizer.java:2039)
        at java.util.concurrent.ArrayBlockingQueue.take(ArrayBlockingQueue.java:403)
        at java.util.concurrent.ThreadPoolExecutor.getTask(ThreadPoolExecutor.java:1074)
        at java.util.concurrent.ThreadPoolExecutor.runWorker(ThreadPoolExecutor.java:1134)
        at java.util.concurrent.ThreadPoolExecutor$Worker.run(ThreadPoolExecutor.java:624)
        at java.lang.Thread.run(Thread.java:748)
"metrics-hadoop-metrics2-reporter-46-thread-1" daemon prio=5 tid=920 timed_waiting
java.lang.Thread.State: TIMED_WAITING
        at sun.misc.Unsafe.park(Native Method)
        at java.util.concurrent.locks.LockSupport.parkNanos(LockSupport.java:215)
        at java.util.concurrent.locks.AbstractQueuedSynchronizer$ConditionObject.awaitNanos(AbstractQueuedSynchronizer.java:2078)
        at java.util.concurrent.ScheduledThreadPoolExecutor$DelayedWorkQueue.take(ScheduledThreadPoolExecutor.java:1093)
        at java.util.concurrent.ScheduledThreadPoolExecutor$DelayedWorkQueue.take(ScheduledThreadPoolExecutor.java:809)
        at java.util.concurrent.ThreadPoolExecutor.getTask(ThreadPoolExecutor.java:1074)
        at java.util.concurrent.ThreadPoolExecutor.runWorker(ThreadPoolExecutor.java:1134)
        at java.util.concurrent.ThreadPoolExecutor$Worker.run(ThreadPoolExecutor.java:624)
        at java.lang.Thread.run(Thread.java:748)
"qtp1981708431-193" daemon prio=5 tid=193 timed_waiting
java.lang.Thread.State: TIMED_WAITING
        at sun.misc.Unsafe.park(Native Method)
        at java.util.concurrent.locks.LockSupport.parkNanos(LockSupport.java:215)
        at java.util.concurrent.locks.AbstractQueuedSynchronizer$ConditionObject.awaitNanos(AbstractQueuedSynchronizer.java:2078)
        at org.eclipse.jetty.util.BlockingArrayQueue.poll(BlockingArrayQueue.java:392)
        at org.eclipse.jetty.util.thread.QueuedThreadPool.idleJobPoll(QueuedThreadPool.java:563)
        at org.eclipse.jetty.util.thread.QueuedThreadPool.access$800(QueuedThreadPool.java:48)
        at org.eclipse.jetty.util.thread.QueuedThreadPool$2.run(QueuedThreadPool.java:626)
        at java.lang.Thread.run(Thread.java:748)
"pool-56-thread-60"  prio=5 tid=580 in Object.wait()
java.lang.Thread.State: WAITING (on object monitor)
        at sun.misc.Unsafe.park(Native Method)
        at java.util.concurrent.locks.LockSupport.park(LockSupport.java:175)
        at java.util.concurrent.locks.AbstractQueuedSynchronizer$ConditionObject.await(AbstractQueuedSynchronizer.java:2039)
        at java.util.concurrent.ArrayBlockingQueue.take(ArrayBlockingQueue.java:403)
        at java.util.concurrent.ThreadPoolExecutor.getTask(ThreadPoolExecutor.java:1074)
        at java.util.concurrent.ThreadPoolExecutor.runWorker(ThreadPoolExecutor.java:1134)
        at java.util.concurrent.ThreadPoolExecutor$Worker.run(ThreadPoolExecutor.java:624)
        at java.lang.Thread.run(Thread.java:748)
"pool-36-thread-14"  prio=5 tid=379 in Object.wait()
java.lang.Thread.State: WAITING (on object monitor)
        at sun.misc.Unsafe.park(Native Method)
        at java.util.concurrent.locks.LockSupport.park(LockSupport.java:175)
        at java.util.concurrent.locks.AbstractQueuedSynchronizer$ConditionObject.await(AbstractQueuedSynchronizer.java:2039)
        at java.util.concurrent.ArrayBlockingQueue.take(ArrayBlockingQueue.java:403)
        at java.util.concurrent.ThreadPoolExecutor.getTask(ThreadPoolExecutor.java:1074)
        at java.util.concurrent.ThreadPoolExecutor.runWorker(ThreadPoolExecutor.java:1134)
        at java.util.concurrent.ThreadPoolExecutor$Worker.run(ThreadPoolExecutor.java:624)
        at java.lang.Thread.run(Thread.java:748)
"pool-36-thread-33"  prio=5 tid=445 in Object.wait()
java.lang.Thread.State: WAITING (on object monitor)
        at sun.misc.Unsafe.park(Native Method)
        at java.util.concurrent.locks.LockSupport.park(LockSupport.java:175)
        at java.util.concurrent.locks.AbstractQueuedSynchronizer$ConditionObject.await(AbstractQueuedSynchronizer.java:2039)
        at java.util.concurrent.ArrayBlockingQueue.take(ArrayBlockingQueue.java:403)
        at java.util.concurrent.ThreadPoolExecutor.getTask(ThreadPoolExecutor.java:1074)
        at java.util.concurrent.ThreadPoolExecutor.runWorker(ThreadPoolExecutor.java:1134)
        at java.util.concurrent.ThreadPoolExecutor$Worker.run(ThreadPoolExecutor.java:624)
        at java.lang.Thread.run(Thread.java:748)
"24274e9f-e41f-4654-9afc-a783ca44e44b@group-D0DACCEEB899-StateMachineUpdater" daemon prio=5 tid=805 in Object.wait()
java.lang.Thread.State: WAITING (on object monitor)
        at java.lang.Object.wait(Native Method)
        at java.lang.Object.wait(Object.java:502)
        at org.apache.ratis.server.impl.StateMachineUpdater.waitForCommit(StateMachineUpdater.java:194)
        at org.apache.ratis.server.impl.StateMachineUpdater.run(StateMachineUpdater.java:159)
        at java.lang.Thread.run(Thread.java:748)
"IPC Server handler 14 on 36674" daemon prio=5 tid=83 timed_waiting
java.lang.Thread.State: TIMED_WAITING
        at sun.misc.Unsafe.park(Native Method)
        at java.util.concurrent.locks.LockSupport.parkNanos(LockSupport.java:215)
        at java.util.concurrent.locks.AbstractQueuedSynchronizer$ConditionObject.awaitNanos(AbstractQueuedSynchronizer.java:2078)
        at java.util.concurrent.LinkedBlockingQueue.poll(LinkedBlockingQueue.java:467)
        at org.apache.hadoop.ipc.CallQueueManager.take(CallQueueManager.java:288)
        at org.apache.hadoop.ipc.Server$Handler.run(Server.java:2668)
"IPC Server handler 9 on 36674" daemon prio=5 tid=78 timed_waiting
java.lang.Thread.State: TIMED_WAITING
        at sun.misc.Unsafe.park(Native Method)
        at java.util.concurrent.locks.LockSupport.parkNanos(LockSupport.java:215)
        at java.util.concurrent.locks.AbstractQueuedSynchronizer$ConditionObject.awaitNanos(AbstractQueuedSynchronizer.java:2078)
        at java.util.concurrent.LinkedBlockingQueue.poll(LinkedBlockingQueue.java:467)
        at org.apache.hadoop.ipc.CallQueueManager.take(CallQueueManager.java:288)
        at org.apache.hadoop.ipc.Server$Handler.run(Server.java:2668)
"pool-26-thread-58"  prio=5 tid=491 in Object.wait()
java.lang.Thread.State: WAITING (on object monitor)
        at sun.misc.Unsafe.park(Native Method)
        at java.util.concurrent.locks.LockSupport.park(LockSupport.java:175)
        at java.util.concurrent.locks.AbstractQueuedSynchronizer$ConditionObject.await(AbstractQueuedSynchronizer.java:2039)
        at java.util.concurrent.ArrayBlockingQueue.take(ArrayBlockingQueue.java:403)
        at java.util.concurrent.ThreadPoolExecutor.getTask(ThreadPoolExecutor.java:1074)
        at java.util.concurrent.ThreadPoolExecutor.runWorker(ThreadPoolExecutor.java:1134)
        at java.util.concurrent.ThreadPoolExecutor$Worker.run(ThreadPoolExecutor.java:624)
        at java.lang.Thread.run(Thread.java:748)
"pool-36-thread-32"  prio=5 tid=441 in Object.wait()
java.lang.Thread.State: WAITING (on object monitor)
        at sun.misc.Unsafe.park(Native Method)
        at java.util.concurrent.locks.LockSupport.park(LockSupport.java:175)
        at java.util.concurrent.locks.AbstractQueuedSynchronizer$ConditionObject.await(AbstractQueuedSynchronizer.java:2039)
        at java.util.concurrent.ArrayBlockingQueue.take(ArrayBlockingQueue.java:403)
        at java.util.concurrent.ThreadPoolExecutor.getTask(ThreadPoolExecutor.java:1074)
        at java.util.concurrent.ThreadPoolExecutor.runWorker(ThreadPoolExecutor.java:1134)
        at java.util.concurrent.ThreadPoolExecutor$Worker.run(ThreadPoolExecutor.java:624)
        at java.lang.Thread.run(Thread.java:748)
"Thread-1740" daemon prio=5 tid=2403 timed_waiting
java.lang.Thread.State: TIMED_WAITING
        at java.lang.Thread.sleep(Native Method)
        at org.apache.ratis.util.JavaUtils.sleep(JavaUtils.java:247)
        at org.apache.ratis.server.impl.FollowerState.run(FollowerState.java:97)
"f7ab671b-901b-4a48-a9a9-f6c73ab18394@group-F967029850D4-StateMachineUpdater" daemon prio=5 tid=830 in Object.wait()
java.lang.Thread.State: WAITING (on object monitor)
        at java.lang.Object.wait(Native Method)
        at java.lang.Object.wait(Object.java:502)
        at org.apache.ratis.server.impl.StateMachineUpdater.waitForCommit(StateMachineUpdater.java:194)
        at org.apache.ratis.server.impl.StateMachineUpdater.run(StateMachineUpdater.java:159)
        at java.lang.Thread.run(Thread.java:748)
"metrics-hadoop-metrics2-reporter-31-thread-1" daemon prio=5 tid=864 timed_waiting
java.lang.Thread.State: TIMED_WAITING
        at sun.misc.Unsafe.park(Native Method)
        at java.util.concurrent.locks.LockSupport.parkNanos(LockSupport.java:215)
        at java.util.concurrent.locks.AbstractQueuedSynchronizer$ConditionObject.awaitNanos(AbstractQueuedSynchronizer.java:2078)
        at java.util.concurrent.ScheduledThreadPoolExecutor$DelayedWorkQueue.take(ScheduledThreadPoolExecutor.java:1093)
        at java.util.concurrent.ScheduledThreadPoolExecutor$DelayedWorkQueue.take(ScheduledThreadPoolExecutor.java:809)
        at java.util.concurrent.ThreadPoolExecutor.getTask(ThreadPoolExecutor.java:1074)
        at java.util.concurrent.ThreadPoolExecutor.runWorker(ThreadPoolExecutor.java:1134)
        at java.util.concurrent.ThreadPoolExecutor$Worker.run(ThreadPoolExecutor.java:624)
        at java.lang.Thread.run(Thread.java:748)
"pool-56-thread-54"  prio=5 tid=574 in Object.wait()
java.lang.Thread.State: WAITING (on object monitor)
        at sun.misc.Unsafe.park(Native Method)
        at java.util.concurrent.locks.LockSupport.park(LockSupport.java:175)
        at java.util.concurrent.locks.AbstractQueuedSynchronizer$ConditionObject.await(AbstractQueuedSynchronizer.java:2039)
        at java.util.concurrent.ArrayBlockingQueue.take(ArrayBlockingQueue.java:403)
        at java.util.concurrent.ThreadPoolExecutor.getTask(ThreadPoolExecutor.java:1074)
        at java.util.concurrent.ThreadPoolExecutor.runWorker(ThreadPoolExecutor.java:1134)
        at java.util.concurrent.ThreadPoolExecutor$Worker.run(ThreadPoolExecutor.java:624)
        at java.lang.Thread.run(Thread.java:748)
"metrics-hadoop-metrics2-reporter-47-thread-1" daemon prio=5 tid=921 timed_waiting
java.lang.Thread.State: TIMED_WAITING
        at sun.misc.Unsafe.park(Native Method)
        at java.util.concurrent.locks.LockSupport.parkNanos(LockSupport.java:215)
        at java.util.concurrent.locks.AbstractQueuedSynchronizer$ConditionObject.awaitNanos(AbstractQueuedSynchronizer.java:2078)
        at java.util.concurrent.ScheduledThreadPoolExecutor$DelayedWorkQueue.take(ScheduledThreadPoolExecutor.java:1093)
        at java.util.concurrent.ScheduledThreadPoolExecutor$DelayedWorkQueue.take(ScheduledThreadPoolExecutor.java:809)
        at java.util.concurrent.ThreadPoolExecutor.getTask(ThreadPoolExecutor.java:1074)
        at java.util.concurrent.ThreadPoolExecutor.runWorker(ThreadPoolExecutor.java:1134)
        at java.util.concurrent.ThreadPoolExecutor$Worker.run(ThreadPoolExecutor.java:624)
        at java.lang.Thread.run(Thread.java:748)
"pool-80-thread-1"  prio=5 tid=293 timed_waiting
java.lang.Thread.State: TIMED_WAITING
        at sun.misc.Unsafe.park(Native Method)
        at java.util.concurrent.locks.LockSupport.parkNanos(LockSupport.java:215)
        at java.util.concurrent.locks.AbstractQueuedSynchronizer$ConditionObject.awaitNanos(AbstractQueuedSynchronizer.java:2078)
        at java.util.concurrent.ScheduledThreadPoolExecutor$DelayedWorkQueue.take(ScheduledThreadPoolExecutor.java:1093)
        at java.util.concurrent.ScheduledThreadPoolExecutor$DelayedWorkQueue.take(ScheduledThreadPoolExecutor.java:809)
        at java.util.concurrent.ThreadPoolExecutor.getTask(ThreadPoolExecutor.java:1074)
        at java.util.concurrent.ThreadPoolExecutor.runWorker(ThreadPoolExecutor.java:1134)
        at java.util.concurrent.ThreadPoolExecutor$Worker.run(ThreadPoolExecutor.java:624)
        at java.lang.Thread.run(Thread.java:748)
"IPC Server Responder" daemon prio=5 tid=21 runnable
java.lang.Thread.State: RUNNABLE
        at sun.nio.ch.EPollArrayWrapper.epollWait(Native Method)
        at sun.nio.ch.EPollArrayWrapper.poll(EPollArrayWrapper.java:269)
        at sun.nio.ch.EPollSelectorImpl.doSelect(EPollSelectorImpl.java:93)
        at sun.nio.ch.SelectorImpl.lockAndDoSelect(SelectorImpl.java:86)
        at sun.nio.ch.SelectorImpl.select(SelectorImpl.java:97)
        at org.apache.hadoop.ipc.Server$Responder.doRunLoop(Server.java:1334)
        at org.apache.hadoop.ipc.Server$Responder.run(Server.java:1317)
"IPC Server handler 15 on 45290" daemon prio=5 tid=64 timed_waiting
java.lang.Thread.State: TIMED_WAITING
        at sun.misc.Unsafe.park(Native Method)
        at java.util.concurrent.locks.LockSupport.parkNanos(LockSupport.java:215)
        at java.util.concurrent.locks.AbstractQueuedSynchronizer$ConditionObject.awaitNanos(AbstractQueuedSynchronizer.java:2078)
        at java.util.concurrent.LinkedBlockingQueue.poll(LinkedBlockingQueue.java:467)
        at org.apache.hadoop.ipc.CallQueueManager.take(CallQueueManager.java:288)
        at org.apache.hadoop.ipc.Server$Handler.run(Server.java:2668)
"BlockDeletingService#1" daemon prio=5 tid=713 in Object.wait()
java.lang.Thread.State: WAITING (on object monitor)
        at sun.misc.Unsafe.park(Native Method)
        at java.util.concurrent.locks.LockSupport.park(LockSupport.java:175)
        at java.util.concurrent.locks.AbstractQueuedSynchronizer$ConditionObject.await(AbstractQueuedSynchronizer.java:2039)
        at java.util.concurrent.ScheduledThreadPoolExecutor$DelayedWorkQueue.take(ScheduledThreadPoolExecutor.java:1088)
        at java.util.concurrent.ScheduledThreadPoolExecutor$DelayedWorkQueue.take(ScheduledThreadPoolExecutor.java:809)
        at java.util.concurrent.ThreadPoolExecutor.getTask(ThreadPoolExecutor.java:1074)
        at java.util.concurrent.ThreadPoolExecutor.runWorker(ThreadPoolExecutor.java:1134)
        at java.util.concurrent.ThreadPoolExecutor$Worker.run(ThreadPoolExecutor.java:624)
        at java.lang.Thread.run(Thread.java:748)
"pool-66-thread-26"  prio=5 tid=606 in Object.wait()
java.lang.Thread.State: WAITING (on object monitor)
        at sun.misc.Unsafe.park(Native Method)
        at java.util.concurrent.locks.LockSupport.park(LockSupport.java:175)
        at java.util.concurrent.locks.AbstractQueuedSynchronizer$ConditionObject.await(AbstractQueuedSynchronizer.java:2039)
        at java.util.concurrent.ArrayBlockingQueue.take(ArrayBlockingQueue.java:403)
        at java.util.concurrent.ThreadPoolExecutor.getTask(ThreadPoolExecutor.java:1074)
        at java.util.concurrent.ThreadPoolExecutor.runWorker(ThreadPoolExecutor.java:1134)
        at java.util.concurrent.ThreadPoolExecutor$Worker.run(ThreadPoolExecutor.java:624)
        at java.lang.Thread.run(Thread.java:748)
"pool-46-thread-58"  prio=5 tid=518 in Object.wait()
java.lang.Thread.State: WAITING (on object monitor)
        at sun.misc.Unsafe.park(Native Method)
        at java.util.concurrent.locks.LockSupport.park(LockSupport.java:175)
        at java.util.concurrent.locks.AbstractQueuedSynchronizer$ConditionObject.await(AbstractQueuedSynchronizer.java:2039)
        at java.util.concurrent.ArrayBlockingQueue.take(ArrayBlockingQueue.java:403)
        at java.util.concurrent.ThreadPoolExecutor.getTask(ThreadPoolExecutor.java:1074)
        at java.util.concurrent.ThreadPoolExecutor.runWorker(ThreadPoolExecutor.java:1134)
        at java.util.concurrent.ThreadPoolExecutor$Worker.run(ThreadPoolExecutor.java:624)
        at java.lang.Thread.run(Thread.java:748)
"pool-46-thread-57"  prio=5 tid=517 in Object.wait()
java.lang.Thread.State: WAITING (on object monitor)
        at sun.misc.Unsafe.park(Native Method)
        at java.util.concurrent.locks.LockSupport.park(LockSupport.java:175)
        at java.util.concurrent.locks.AbstractQueuedSynchronizer$ConditionObject.await(AbstractQueuedSynchronizer.java:2039)
        at java.util.concurrent.ArrayBlockingQueue.take(ArrayBlockingQueue.java:403)
        at java.util.concurrent.ThreadPoolExecutor.getTask(ThreadPoolExecutor.java:1074)
        at java.util.concurrent.ThreadPoolExecutor.runWorker(ThreadPoolExecutor.java:1134)
        at java.util.concurrent.ThreadPoolExecutor$Worker.run(ThreadPoolExecutor.java:624)
        at java.lang.Thread.run(Thread.java:748)
"pool-66-thread-30"  prio=5 tid=610 in Object.wait()
java.lang.Thread.State: WAITING (on object monitor)
        at sun.misc.Unsafe.park(Native Method)
        at java.util.concurrent.locks.LockSupport.park(LockSupport.java:175)
        at java.util.concurrent.locks.AbstractQueuedSynchronizer$ConditionObject.await(AbstractQueuedSynchronizer.java:2039)
        at java.util.concurrent.ArrayBlockingQueue.take(ArrayBlockingQueue.java:403)
        at java.util.concurrent.ThreadPoolExecutor.getTask(ThreadPoolExecutor.java:1074)
        at java.util.concurrent.ThreadPoolExecutor.runWorker(ThreadPoolExecutor.java:1134)
        at java.util.concurrent.ThreadPoolExecutor$Worker.run(ThreadPoolExecutor.java:624)
        at java.lang.Thread.run(Thread.java:748)
"pool-36-thread-37"  prio=5 tid=458 in Object.wait()
java.lang.Thread.State: WAITING (on object monitor)
        at sun.misc.Unsafe.park(Native Method)
        at java.util.concurrent.locks.LockSupport.park(LockSupport.java:175)
        at java.util.concurrent.locks.AbstractQueuedSynchronizer$ConditionObject.await(AbstractQueuedSynchronizer.java:2039)
        at java.util.concurrent.ArrayBlockingQueue.take(ArrayBlockingQueue.java:403)
        at java.util.concurrent.ThreadPoolExecutor.getTask(ThreadPoolExecutor.java:1074)
        at java.util.concurrent.ThreadPoolExecutor.runWorker(ThreadPoolExecutor.java:1134)
        at java.util.concurrent.ThreadPoolExecutor$Worker.run(ThreadPoolExecutor.java:624)
        at java.lang.Thread.run(Thread.java:748)
"pool-26-thread-25"  prio=5 tid=409 in Object.wait()
java.lang.Thread.State: WAITING (on object monitor)
        at sun.misc.Unsafe.park(Native Method)
        at java.util.concurrent.locks.LockSupport.park(LockSupport.java:175)
        at java.util.concurrent.locks.AbstractQueuedSynchronizer$ConditionObject.await(AbstractQueuedSynchronizer.java:2039)
        at java.util.concurrent.ArrayBlockingQueue.take(ArrayBlockingQueue.java:403)
        at java.util.concurrent.ThreadPoolExecutor.getTask(ThreadPoolExecutor.java:1074)
        at java.util.concurrent.ThreadPoolExecutor.runWorker(ThreadPoolExecutor.java:1134)
        at java.util.concurrent.ThreadPoolExecutor$Worker.run(ThreadPoolExecutor.java:624)
        at java.lang.Thread.run(Thread.java:748)
"IPC Server handler 7 on 45589" daemon prio=5 tid=36 timed_waiting
java.lang.Thread.State: TIMED_WAITING
        at sun.misc.Unsafe.park(Native Method)
        at java.util.concurrent.locks.LockSupport.parkNanos(LockSupport.java:215)
        at java.util.concurrent.locks.AbstractQueuedSynchronizer$ConditionObject.awaitNanos(AbstractQueuedSynchronizer.java:2078)
        at java.util.concurrent.LinkedBlockingQueue.poll(LinkedBlockingQueue.java:467)
        at org.apache.hadoop.ipc.CallQueueManager.take(CallQueueManager.java:288)
        at org.apache.hadoop.ipc.Server$Handler.run(Server.java:2668)
"IPC Server handler 17 on 44783" daemon prio=5 tid=132 timed_waiting
java.lang.Thread.State: TIMED_WAITING
        at sun.misc.Unsafe.park(Native Method)
        at java.util.concurrent.locks.LockSupport.parkNanos(LockSupport.java:215)
        at java.util.concurrent.locks.AbstractQueuedSynchronizer$ConditionObject.awaitNanos(AbstractQueuedSynchronizer.java:2078)
        at java.util.concurrent.LinkedBlockingQueue.poll(LinkedBlockingQueue.java:467)
        at org.apache.hadoop.ipc.CallQueueManager.take(CallQueueManager.java:288)
        at org.apache.hadoop.ipc.Server$Handler.run(Server.java:2668)
"metrics-hadoop-metrics2-reporter-27-thread-1" daemon prio=5 tid=855 timed_waiting
java.lang.Thread.State: TIMED_WAITING
        at sun.misc.Unsafe.park(Native Method)
        at java.util.concurrent.locks.LockSupport.parkNanos(LockSupport.java:215)
        at java.util.concurrent.locks.AbstractQueuedSynchronizer$ConditionObject.awaitNanos(AbstractQueuedSynchronizer.java:2078)
        at java.util.concurrent.ScheduledThreadPoolExecutor$DelayedWorkQueue.take(ScheduledThreadPoolExecutor.java:1093)
        at java.util.concurrent.ScheduledThreadPoolExecutor$DelayedWorkQueue.take(ScheduledThreadPoolExecutor.java:809)
        at java.util.concurrent.ThreadPoolExecutor.getTask(ThreadPoolExecutor.java:1074)
        at java.util.concurrent.ThreadPoolExecutor.runWorker(ThreadPoolExecutor.java:1134)
        at java.util.concurrent.ThreadPoolExecutor$Worker.run(ThreadPoolExecutor.java:624)
        at java.lang.Thread.run(Thread.java:748)
"pool-26-thread-28"  prio=5 tid=417 in Object.wait()
java.lang.Thread.State: WAITING (on object monitor)
        at sun.misc.Unsafe.park(Native Method)
        at java.util.concurrent.locks.LockSupport.park(LockSupport.java:175)
        at java.util.concurrent.locks.AbstractQueuedSynchronizer$ConditionObject.await(AbstractQueuedSynchronizer.java:2039)
        at java.util.concurrent.ArrayBlockingQueue.take(ArrayBlockingQueue.java:403)
        at java.util.concurrent.ThreadPoolExecutor.getTask(ThreadPoolExecutor.java:1074)
        at java.util.concurrent.ThreadPoolExecutor.runWorker(ThreadPoolExecutor.java:1134)
        at java.util.concurrent.ThreadPoolExecutor$Worker.run(ThreadPoolExecutor.java:624)
        at java.lang.Thread.run(Thread.java:748)
"IPC Server handler 4 on 44783" daemon prio=5 tid=118 timed_waiting
java.lang.Thread.State: TIMED_WAITING
        at sun.misc.Unsafe.park(Native Method)
        at java.util.concurrent.locks.LockSupport.parkNanos(LockSupport.java:215)
        at java.util.concurrent.locks.AbstractQueuedSynchronizer$ConditionObject.awaitNanos(AbstractQueuedSynchronizer.java:2078)
        at java.util.concurrent.LinkedBlockingQueue.poll(LinkedBlockingQueue.java:467)
        at org.apache.hadoop.ipc.CallQueueManager.take(CallQueueManager.java:288)
        at org.apache.hadoop.ipc.Server$Handler.run(Server.java:2668)
"metrics-hadoop-metrics2-reporter-42-thread-1" daemon prio=5 tid=913 timed_waiting
java.lang.Thread.State: TIMED_WAITING
        at sun.misc.Unsafe.park(Native Method)
        at java.util.concurrent.locks.LockSupport.parkNanos(LockSupport.java:215)
        at java.util.concurrent.locks.AbstractQueuedSynchronizer$ConditionObject.awaitNanos(AbstractQueuedSynchronizer.java:2078)
        at java.util.concurrent.ScheduledThreadPoolExecutor$DelayedWorkQueue.take(ScheduledThreadPoolExecutor.java:1093)
        at java.util.concurrent.ScheduledThreadPoolExecutor$DelayedWorkQueue.take(ScheduledThreadPoolExecutor.java:809)
        at java.util.concurrent.ThreadPoolExecutor.getTask(ThreadPoolExecutor.java:1074)
        at java.util.concurrent.ThreadPoolExecutor.runWorker(ThreadPoolExecutor.java:1134)
        at java.util.concurrent.ThreadPoolExecutor$Worker.run(ThreadPoolExecutor.java:624)
        at java.lang.Thread.run(Thread.java:748)
"IPC Server handler 1 on 36674" daemon prio=5 tid=70 timed_waiting
java.lang.Thread.State: TIMED_WAITING
        at sun.misc.Unsafe.park(Native Method)
        at java.util.concurrent.locks.LockSupport.parkNanos(LockSupport.java:215)
        at java.util.concurrent.locks.AbstractQueuedSynchronizer$ConditionObject.awaitNanos(AbstractQueuedSynchronizer.java:2078)
        at java.util.concurrent.LinkedBlockingQueue.poll(LinkedBlockingQueue.java:467)
        at org.apache.hadoop.ipc.CallQueueManager.take(CallQueueManager.java:288)
        at org.apache.hadoop.ipc.Server$Handler.run(Server.java:2668)
"pool-86-thread-42"  prio=5 tid=755 in Object.wait()
java.lang.Thread.State: WAITING (on object monitor)
        at sun.misc.Unsafe.park(Native Method)
        at java.util.concurrent.locks.LockSupport.park(LockSupport.java:175)
        at java.util.concurrent.locks.AbstractQueuedSynchronizer$ConditionObject.await(AbstractQueuedSynchronizer.java:2039)
        at java.util.concurrent.ArrayBlockingQueue.take(ArrayBlockingQueue.java:403)
        at java.util.concurrent.ThreadPoolExecutor.getTask(ThreadPoolExecutor.java:1074)
        at java.util.concurrent.ThreadPoolExecutor.runWorker(ThreadPoolExecutor.java:1134)
        at java.util.concurrent.ThreadPoolExecutor$Worker.run(ThreadPoolExecutor.java:624)
        at java.lang.Thread.run(Thread.java:748)
"pool-26-thread-44"  prio=5 tid=453 in Object.wait()
java.lang.Thread.State: WAITING (on object monitor)
        at sun.misc.Unsafe.park(Native Method)
        at java.util.concurrent.locks.LockSupport.park(LockSupport.java:175)
        at java.util.concurrent.locks.AbstractQueuedSynchronizer$ConditionObject.await(AbstractQueuedSynchronizer.java:2039)
        at java.util.concurrent.ArrayBlockingQueue.take(ArrayBlockingQueue.java:403)
        at java.util.concurrent.ThreadPoolExecutor.getTask(ThreadPoolExecutor.java:1074)
        at java.util.concurrent.ThreadPoolExecutor.runWorker(ThreadPoolExecutor.java:1134)
        at java.util.concurrent.ThreadPoolExecutor$Worker.run(ThreadPoolExecutor.java:624)
        at java.lang.Thread.run(Thread.java:748)
"qtp1981708431-192" daemon prio=5 tid=192 timed_waiting
java.lang.Thread.State: TIMED_WAITING
        at sun.misc.Unsafe.park(Native Method)
        at java.util.concurrent.locks.LockSupport.parkNanos(LockSupport.java:215)
        at java.util.concurrent.locks.AbstractQueuedSynchronizer$ConditionObject.awaitNanos(AbstractQueuedSynchronizer.java:2078)
        at org.eclipse.jetty.util.BlockingArrayQueue.poll(BlockingArrayQueue.java:392)
        at org.eclipse.jetty.util.thread.QueuedThreadPool.idleJobPoll(QueuedThreadPool.java:563)
        at org.eclipse.jetty.util.thread.QueuedThreadPool.access$800(QueuedThreadPool.java:48)
        at org.eclipse.jetty.util.thread.QueuedThreadPool$2.run(QueuedThreadPool.java:626)
        at java.lang.Thread.run(Thread.java:748)
"metrics-hadoop-metrics2-reporter-68-thread-1" daemon prio=5 tid=1068 timed_waiting
java.lang.Thread.State: TIMED_WAITING
        at sun.misc.Unsafe.park(Native Method)
        at java.util.concurrent.locks.LockSupport.parkNanos(LockSupport.java:215)
        at java.util.concurrent.locks.AbstractQueuedSynchronizer$ConditionObject.awaitNanos(AbstractQueuedSynchronizer.java:2078)
        at java.util.concurrent.ScheduledThreadPoolExecutor$DelayedWorkQueue.take(ScheduledThreadPoolExecutor.java:1093)
        at java.util.concurrent.ScheduledThreadPoolExecutor$DelayedWorkQueue.take(ScheduledThreadPoolExecutor.java:809)
        at java.util.concurrent.ThreadPoolExecutor.getTask(ThreadPoolExecutor.java:1074)
        at java.util.concurrent.ThreadPoolExecutor.runWorker(ThreadPoolExecutor.java:1134)
        at java.util.concurrent.ThreadPoolExecutor$Worker.run(ThreadPoolExecutor.java:624)
        at java.lang.Thread.run(Thread.java:748)
"grpc-default-executor-5" daemon prio=5 tid=946 timed_waiting
java.lang.Thread.State: TIMED_WAITING
        at sun.misc.Unsafe.park(Native Method)
        at java.util.concurrent.locks.LockSupport.parkNanos(LockSupport.java:215)
        at java.util.concurrent.SynchronousQueue$TransferStack.awaitFulfill(SynchronousQueue.java:460)
        at java.util.concurrent.SynchronousQueue$TransferStack.transfer(SynchronousQueue.java:362)
        at java.util.concurrent.SynchronousQueue.poll(SynchronousQueue.java:941)
        at java.util.concurrent.ThreadPoolExecutor.getTask(ThreadPoolExecutor.java:1073)
        at java.util.concurrent.ThreadPoolExecutor.runWorker(ThreadPoolExecutor.java:1134)
        at java.util.concurrent.ThreadPoolExecutor$Worker.run(ThreadPoolExecutor.java:624)
        at java.lang.Thread.run(Thread.java:748)
"metrics-hadoop-metrics2-reporter-3-thread-1" daemon prio=5 tid=795 timed_waiting
java.lang.Thread.State: TIMED_WAITING
        at sun.misc.Unsafe.park(Native Method)
        at java.util.concurrent.locks.LockSupport.parkNanos(LockSupport.java:215)
        at java.util.concurrent.locks.AbstractQueuedSynchronizer$ConditionObject.awaitNanos(AbstractQueuedSynchronizer.java:2078)
        at java.util.concurrent.ScheduledThreadPoolExecutor$DelayedWorkQueue.take(ScheduledThreadPoolExecutor.java:1093)
        at java.util.concurrent.ScheduledThreadPoolExecutor$DelayedWorkQueue.take(ScheduledThreadPoolExecutor.java:809)
        at java.util.concurrent.ThreadPoolExecutor.getTask(ThreadPoolExecutor.java:1074)
        at java.util.concurrent.ThreadPoolExecutor.runWorker(ThreadPoolExecutor.java:1134)
        at java.util.concurrent.ThreadPoolExecutor$Worker.run(ThreadPoolExecutor.java:624)
        at java.lang.Thread.run(Thread.java:748)
"pool-66-thread-10"  prio=5 tid=590 in Object.wait()
java.lang.Thread.State: WAITING (on object monitor)
        at sun.misc.Unsafe.park(Native Method)
        at java.util.concurrent.locks.LockSupport.park(LockSupport.java:175)
        at java.util.concurrent.locks.AbstractQueuedSynchronizer$ConditionObject.await(AbstractQueuedSynchronizer.java:2039)
        at java.util.concurrent.ArrayBlockingQueue.take(ArrayBlockingQueue.java:403)
        at java.util.concurrent.ThreadPoolExecutor.getTask(ThreadPoolExecutor.java:1074)
        at java.util.concurrent.ThreadPoolExecutor.runWorker(ThreadPoolExecutor.java:1134)
        at java.util.concurrent.ThreadPoolExecutor$Worker.run(ThreadPoolExecutor.java:624)
        at java.lang.Thread.run(Thread.java:748)
"IPC Server handler 7 on 44783" daemon prio=5 tid=122 timed_waiting
java.lang.Thread.State: TIMED_WAITING
        at sun.misc.Unsafe.park(Native Method)
        at java.util.concurrent.locks.LockSupport.parkNanos(LockSupport.java:215)
        at java.util.concurrent.locks.AbstractQueuedSynchronizer$ConditionObject.awaitNanos(AbstractQueuedSynchronizer.java:2078)
        at java.util.concurrent.LinkedBlockingQueue.poll(LinkedBlockingQueue.java:467)
        at org.apache.hadoop.ipc.CallQueueManager.take(CallQueueManager.java:288)
        at org.apache.hadoop.ipc.Server$Handler.run(Server.java:2668)
"IPC Server handler 5 on 45290" daemon prio=5 tid=54 timed_waiting
java.lang.Thread.State: TIMED_WAITING
        at sun.misc.Unsafe.park(Native Method)
        at java.util.concurrent.locks.LockSupport.parkNanos(LockSupport.java:215)
        at java.util.concurrent.locks.AbstractQueuedSynchronizer$ConditionObject.awaitNanos(AbstractQueuedSynchronizer.java:2078)
        at java.util.concurrent.LinkedBlockingQueue.poll(LinkedBlockingQueue.java:467)
        at org.apache.hadoop.ipc.CallQueueManager.take(CallQueueManager.java:288)
        at org.apache.hadoop.ipc.Server$Handler.run(Server.java:2668)
"pool-66-thread-46"  prio=5 tid=626 in Object.wait()
java.lang.Thread.State: WAITING (on object monitor)
        at sun.misc.Unsafe.park(Native Method)
        at java.util.concurrent.locks.LockSupport.park(LockSupport.java:175)
        at java.util.concurrent.locks.AbstractQueuedSynchronizer$ConditionObject.await(AbstractQueuedSynchronizer.java:2039)
        at java.util.concurrent.ArrayBlockingQueue.take(ArrayBlockingQueue.java:403)
        at java.util.concurrent.ThreadPoolExecutor.getTask(ThreadPoolExecutor.java:1074)
        at java.util.concurrent.ThreadPoolExecutor.runWorker(ThreadPoolExecutor.java:1134)
        at java.util.concurrent.ThreadPoolExecutor$Worker.run(ThreadPoolExecutor.java:624)
        at java.lang.Thread.run(Thread.java:748)
"pool-36-thread-24"  prio=5 tid=413 in Object.wait()
java.lang.Thread.State: WAITING (on object monitor)
        at sun.misc.Unsafe.park(Native Method)
        at java.util.concurrent.locks.LockSupport.park(LockSupport.java:175)
        at java.util.concurrent.locks.AbstractQueuedSynchronizer$ConditionObject.await(AbstractQueuedSynchronizer.java:2039)
        at java.util.concurrent.ArrayBlockingQueue.take(ArrayBlockingQueue.java:403)
        at java.util.concurrent.ThreadPoolExecutor.getTask(ThreadPoolExecutor.java:1074)
        at java.util.concurrent.ThreadPoolExecutor.runWorker(ThreadPoolExecutor.java:1134)
        at java.util.concurrent.ThreadPoolExecutor$Worker.run(ThreadPoolExecutor.java:624)
        at java.lang.Thread.run(Thread.java:748)
"qtp680988889-96" daemon prio=5 tid=96 timed_waiting
java.lang.Thread.State: TIMED_WAITING
        at sun.misc.Unsafe.park(Native Method)
        at java.util.concurrent.locks.LockSupport.parkNanos(LockSupport.java:215)
        at java.util.concurrent.locks.AbstractQueuedSynchronizer$ConditionObject.awaitNanos(AbstractQueuedSynchronizer.java:2078)
        at org.eclipse.jetty.util.BlockingArrayQueue.poll(BlockingArrayQueue.java:392)
        at org.eclipse.jetty.util.thread.QueuedThreadPool.idleJobPoll(QueuedThreadPool.java:563)
        at org.eclipse.jetty.util.thread.QueuedThreadPool.access$800(QueuedThreadPool.java:48)
        at org.eclipse.jetty.util.thread.QueuedThreadPool$2.run(QueuedThreadPool.java:626)
        at java.lang.Thread.run(Thread.java:748)
"BlockDeletingService#0" daemon prio=5 tid=645 timed_waiting
java.lang.Thread.State: TIMED_WAITING
        at sun.misc.Unsafe.park(Native Method)
        at java.util.concurrent.locks.LockSupport.parkNanos(LockSupport.java:215)
        at java.util.concurrent.locks.AbstractQueuedSynchronizer$ConditionObject.awaitNanos(AbstractQueuedSynchronizer.java:2078)
        at java.util.concurrent.ScheduledThreadPoolExecutor$DelayedWorkQueue.take(ScheduledThreadPoolExecutor.java:1093)
        at java.util.concurrent.ScheduledThreadPoolExecutor$DelayedWorkQueue.take(ScheduledThreadPoolExecutor.java:809)
        at java.util.concurrent.ThreadPoolExecutor.getTask(ThreadPoolExecutor.java:1074)
        at java.util.concurrent.ThreadPoolExecutor.runWorker(ThreadPoolExecutor.java:1134)
        at java.util.concurrent.ThreadPoolExecutor$Worker.run(ThreadPoolExecutor.java:624)
        at java.lang.Thread.run(Thread.java:748)
"qtp1168956689-321" daemon prio=5 tid=321 runnable
java.lang.Thread.State: RUNNABLE
        at sun.nio.ch.EPollArrayWrapper.epollWait(Native Method)
        at sun.nio.ch.EPollArrayWrapper.poll(EPollArrayWrapper.java:269)
        at sun.nio.ch.EPollSelectorImpl.doSelect(EPollSelectorImpl.java:93)
        at sun.nio.ch.SelectorImpl.lockAndDoSelect(SelectorImpl.java:86)
        at sun.nio.ch.SelectorImpl.select(SelectorImpl.java:97)
        at sun.nio.ch.SelectorImpl.select(SelectorImpl.java:101)
        at org.eclipse.jetty.io.ManagedSelector$SelectorProducer.select(ManagedSelector.java:243)
        at org.eclipse.jetty.io.ManagedSelector$SelectorProducer.produce(ManagedSelector.java:191)
        at org.eclipse.jetty.util.thread.strategy.ExecuteProduceConsume.executeProduceConsume(ExecuteProduceConsume.java:249)
        at org.eclipse.jetty.util.thread.strategy.ExecuteProduceConsume.produceConsume(ExecuteProduceConsume.java:148)
        at org.eclipse.jetty.util.thread.strategy.ExecuteProduceConsume.execute(ExecuteProduceConsume.java:100)
        at org.eclipse.jetty.io.ManagedSelector.run(ManagedSelector.java:147)
        at org.eclipse.jetty.util.thread.QueuedThreadPool.runJob(QueuedThreadPool.java:671)
        at org.eclipse.jetty.util.thread.QueuedThreadPool$2.run(QueuedThreadPool.java:589)
        at java.lang.Thread.run(Thread.java:748)
"pool-26-thread-32"  prio=5 tid=427 in Object.wait()
java.lang.Thread.State: WAITING (on object monitor)
        at sun.misc.Unsafe.park(Native Method)
        at java.util.concurrent.locks.LockSupport.park(LockSupport.java:175)
        at java.util.concurrent.locks.AbstractQueuedSynchronizer$ConditionObject.await(AbstractQueuedSynchronizer.java:2039)
        at java.util.concurrent.ArrayBlockingQueue.take(ArrayBlockingQueue.java:403)
        at java.util.concurrent.ThreadPoolExecutor.getTask(ThreadPoolExecutor.java:1074)
        at java.util.concurrent.ThreadPoolExecutor.runWorker(ThreadPoolExecutor.java:1134)
        at java.util.concurrent.ThreadPoolExecutor$Worker.run(ThreadPoolExecutor.java:624)
        at java.lang.Thread.run(Thread.java:748)
"pool-56-thread-21"  prio=5 tid=541 in Object.wait()
java.lang.Thread.State: WAITING (on object monitor)
        at sun.misc.Unsafe.park(Native Method)
        at java.util.concurrent.locks.LockSupport.park(LockSupport.java:175)
        at java.util.concurrent.locks.AbstractQueuedSynchronizer$ConditionObject.await(AbstractQueuedSynchronizer.java:2039)
        at java.util.concurrent.ArrayBlockingQueue.take(ArrayBlockingQueue.java:403)
        at java.util.concurrent.ThreadPoolExecutor.getTask(ThreadPoolExecutor.java:1074)
        at java.util.concurrent.ThreadPoolExecutor.runWorker(ThreadPoolExecutor.java:1134)
        at java.util.concurrent.ThreadPoolExecutor$Worker.run(ThreadPoolExecutor.java:624)
        at java.lang.Thread.run(Thread.java:748)
"pool-76-thread-44"  prio=5 tid=695 in Object.wait()
java.lang.Thread.State: WAITING (on object monitor)
        at sun.misc.Unsafe.park(Native Method)
        at java.util.concurrent.locks.LockSupport.park(LockSupport.java:175)
        at java.util.concurrent.locks.AbstractQueuedSynchronizer$ConditionObject.await(AbstractQueuedSynchronizer.java:2039)
        at java.util.concurrent.ArrayBlockingQueue.take(ArrayBlockingQueue.java:403)
        at java.util.concurrent.ThreadPoolExecutor.getTask(ThreadPoolExecutor.java:1074)
        at java.util.concurrent.ThreadPoolExecutor.runWorker(ThreadPoolExecutor.java:1134)
        at java.util.concurrent.ThreadPoolExecutor$Worker.run(ThreadPoolExecutor.java:624)
        at java.lang.Thread.run(Thread.java:748)
"surefire-forkedjvm-ping-30s" daemon prio=5 tid=9 timed_waiting
java.lang.Thread.State: TIMED_WAITING
        at sun.misc.Unsafe.park(Native Method)
        at java.util.concurrent.locks.LockSupport.parkNanos(LockSupport.java:215)
        at java.util.concurrent.locks.AbstractQueuedSynchronizer$ConditionObject.awaitNanos(AbstractQueuedSynchronizer.java:2078)
        at java.util.concurrent.ScheduledThreadPoolExecutor$DelayedWorkQueue.take(ScheduledThreadPoolExecutor.java:1093)
        at java.util.concurrent.ScheduledThreadPoolExecutor$DelayedWorkQueue.take(ScheduledThreadPoolExecutor.java:809)
        at java.util.concurrent.ThreadPoolExecutor.getTask(ThreadPoolExecutor.java:1074)
        at java.util.concurrent.ThreadPoolExecutor.runWorker(ThreadPoolExecutor.java:1134)
        at java.util.concurrent.ThreadPoolExecutor$Worker.run(ThreadPoolExecutor.java:624)
        at java.lang.Thread.run(Thread.java:748)
"pool-86-thread-32"  prio=5 tid=745 in Object.wait()
java.lang.Thread.State: WAITING (on object monitor)
        at sun.misc.Unsafe.park(Native Method)
        at java.util.concurrent.locks.LockSupport.park(LockSupport.java:175)
        at java.util.concurrent.locks.AbstractQueuedSynchronizer$ConditionObject.await(AbstractQueuedSynchronizer.java:2039)
        at java.util.concurrent.ArrayBlockingQueue.take(ArrayBlockingQueue.java:403)
        at java.util.concurrent.ThreadPoolExecutor.getTask(ThreadPoolExecutor.java:1074)
        at java.util.concurrent.ThreadPoolExecutor.runWorker(ThreadPoolExecutor.java:1134)
        at java.util.concurrent.ThreadPoolExecutor$Worker.run(ThreadPoolExecutor.java:624)
        at java.lang.Thread.run(Thread.java:748)
"IPC Server Responder" daemon prio=5 tid=17 runnable
java.lang.Thread.State: RUNNABLE
        at sun.nio.ch.EPollArrayWrapper.epollWait(Native Method)
        at sun.nio.ch.EPollArrayWrapper.poll(EPollArrayWrapper.java:269)
        at sun.nio.ch.EPollSelectorImpl.doSelect(EPollSelectorImpl.java:93)
        at sun.nio.ch.SelectorImpl.lockAndDoSelect(SelectorImpl.java:86)
        at sun.nio.ch.SelectorImpl.select(SelectorImpl.java:97)
        at org.apache.hadoop.ipc.Server$Responder.doRunLoop(Server.java:1334)
        at org.apache.hadoop.ipc.Server$Responder.run(Server.java:1317)
"pool-56-thread-51"  prio=5 tid=571 in Object.wait()
java.lang.Thread.State: WAITING (on object monitor)
        at sun.misc.Unsafe.park(Native Method)
        at java.util.concurrent.locks.LockSupport.park(LockSupport.java:175)
        at java.util.concurrent.locks.AbstractQueuedSynchronizer$ConditionObject.await(AbstractQueuedSynchronizer.java:2039)
        at java.util.concurrent.ArrayBlockingQueue.take(ArrayBlockingQueue.java:403)
        at java.util.concurrent.ThreadPoolExecutor.getTask(ThreadPoolExecutor.java:1074)
        at java.util.concurrent.ThreadPoolExecutor.runWorker(ThreadPoolExecutor.java:1134)
        at java.util.concurrent.ThreadPoolExecutor$Worker.run(ThreadPoolExecutor.java:624)
        at java.lang.Thread.run(Thread.java:748)
"pool-66-thread-48"  prio=5 tid=628 in Object.wait()
java.lang.Thread.State: WAITING (on object monitor)
        at sun.misc.Unsafe.park(Native Method)
        at java.util.concurrent.locks.LockSupport.park(LockSupport.java:175)
        at java.util.concurrent.locks.AbstractQueuedSynchronizer$ConditionObject.await(AbstractQueuedSynchronizer.java:2039)
        at java.util.concurrent.ArrayBlockingQueue.take(ArrayBlockingQueue.java:403)
        at java.util.concurrent.ThreadPoolExecutor.getTask(ThreadPoolExecutor.java:1074)
        at java.util.concurrent.ThreadPoolExecutor.runWorker(ThreadPoolExecutor.java:1134)
        at java.util.concurrent.ThreadPoolExecutor$Worker.run(ThreadPoolExecutor.java:624)
        at java.lang.Thread.run(Thread.java:748)
"metrics-hadoop-metrics2-reporter-56-thread-1" daemon prio=5 tid=1013 timed_waiting
java.lang.Thread.State: TIMED_WAITING
        at sun.misc.Unsafe.park(Native Method)
        at java.util.concurrent.locks.LockSupport.parkNanos(LockSupport.java:215)
        at java.util.concurrent.locks.AbstractQueuedSynchronizer$ConditionObject.awaitNanos(AbstractQueuedSynchronizer.java:2078)
        at java.util.concurrent.ScheduledThreadPoolExecutor$DelayedWorkQueue.take(ScheduledThreadPoolExecutor.java:1093)
        at java.util.concurrent.ScheduledThreadPoolExecutor$DelayedWorkQueue.take(ScheduledThreadPoolExecutor.java:809)
        at java.util.concurrent.ThreadPoolExecutor.getTask(ThreadPoolExecutor.java:1074)
        at java.util.concurrent.ThreadPoolExecutor.runWorker(ThreadPoolExecutor.java:1134)
        at java.util.concurrent.ThreadPoolExecutor$Worker.run(ThreadPoolExecutor.java:624)
        at java.lang.Thread.run(Thread.java:748)
"pool-86-thread-47"  prio=5 tid=760 in Object.wait()
java.lang.Thread.State: WAITING (on object monitor)
        at sun.misc.Unsafe.park(Native Method)
        at java.util.concurrent.locks.LockSupport.park(LockSupport.java:175)
        at java.util.concurrent.locks.AbstractQueuedSynchronizer$ConditionObject.await(AbstractQueuedSynchronizer.java:2039)
        at java.util.concurrent.ArrayBlockingQueue.take(ArrayBlockingQueue.java:403)
        at java.util.concurrent.ThreadPoolExecutor.getTask(ThreadPoolExecutor.java:1074)
        at java.util.concurrent.ThreadPoolExecutor.runWorker(ThreadPoolExecutor.java:1134)
        at java.util.concurrent.ThreadPoolExecutor$Worker.run(ThreadPoolExecutor.java:624)
        at java.lang.Thread.run(Thread.java:748)
"pool-46-thread-44"  prio=5 tid=483 in Object.wait()
java.lang.Thread.State: WAITING (on object monitor)
        at sun.misc.Unsafe.park(Native Method)
        at java.util.concurrent.locks.LockSupport.park(LockSupport.java:175)
        at java.util.concurrent.locks.AbstractQueuedSynchronizer$ConditionObject.await(AbstractQueuedSynchronizer.java:2039)
        at java.util.concurrent.ArrayBlockingQueue.take(ArrayBlockingQueue.java:403)
        at java.util.concurrent.ThreadPoolExecutor.getTask(ThreadPoolExecutor.java:1074)
        at java.util.concurrent.ThreadPoolExecutor.runWorker(ThreadPoolExecutor.java:1134)
        at java.util.concurrent.ThreadPoolExecutor$Worker.run(ThreadPoolExecutor.java:624)
        at java.lang.Thread.run(Thread.java:748)
"pool-86-thread-39"  prio=5 tid=752 in Object.wait()
java.lang.Thread.State: WAITING (on object monitor)
        at sun.misc.Unsafe.park(Native Method)
        at java.util.concurrent.locks.LockSupport.park(LockSupport.java:175)
        at java.util.concurrent.locks.AbstractQueuedSynchronizer$ConditionObject.await(AbstractQueuedSynchronizer.java:2039)
        at java.util.concurrent.ArrayBlockingQueue.take(ArrayBlockingQueue.java:403)
        at java.util.concurrent.ThreadPoolExecutor.getTask(ThreadPoolExecutor.java:1074)
        at java.util.concurrent.ThreadPoolExecutor.runWorker(ThreadPoolExecutor.java:1134)
        at java.util.concurrent.ThreadPoolExecutor$Worker.run(ThreadPoolExecutor.java:624)
        at java.lang.Thread.run(Thread.java:748)
"IPC Server handler 13 on 45290" daemon prio=5 tid=62 timed_waiting
java.lang.Thread.State: TIMED_WAITING
        at sun.misc.Unsafe.park(Native Method)
        at java.util.concurrent.locks.LockSupport.parkNanos(LockSupport.java:215)
        at java.util.concurrent.locks.AbstractQueuedSynchronizer$ConditionObject.awaitNanos(AbstractQueuedSynchronizer.java:2078)
        at java.util.concurrent.LinkedBlockingQueue.poll(LinkedBlockingQueue.java:467)
        at org.apache.hadoop.ipc.CallQueueManager.take(CallQueueManager.java:288)
        at org.apache.hadoop.ipc.Server$Handler.run(Server.java:2668)
"metrics-hadoop-metrics2-reporter-5-thread-1" daemon prio=5 tid=802 timed_waiting
java.lang.Thread.State: TIMED_WAITING
        at sun.misc.Unsafe.park(Native Method)
        at java.util.concurrent.locks.LockSupport.parkNanos(LockSupport.java:215)
        at java.util.concurrent.locks.AbstractQueuedSynchronizer$ConditionObject.awaitNanos(AbstractQueuedSynchronizer.java:2078)
        at java.util.concurrent.ScheduledThreadPoolExecutor$DelayedWorkQueue.take(ScheduledThreadPoolExecutor.java:1093)
        at java.util.concurrent.ScheduledThreadPoolExecutor$DelayedWorkQueue.take(ScheduledThreadPoolExecutor.java:809)
        at java.util.concurrent.ThreadPoolExecutor.getTask(ThreadPoolExecutor.java:1074)
        at java.util.concurrent.ThreadPoolExecutor.runWorker(ThreadPoolExecutor.java:1134)
        at java.util.concurrent.ThreadPoolExecutor$Worker.run(ThreadPoolExecutor.java:624)
        at java.lang.Thread.run(Thread.java:748)
"pool-56-thread-9"  prio=5 tid=529 in Object.wait()
java.lang.Thread.State: WAITING (on object monitor)
        at sun.misc.Unsafe.park(Native Method)
        at java.util.concurrent.locks.LockSupport.park(LockSupport.java:175)
        at java.util.concurrent.locks.AbstractQueuedSynchronizer$ConditionObject.await(AbstractQueuedSynchronizer.java:2039)
        at java.util.concurrent.ArrayBlockingQueue.take(ArrayBlockingQueue.java:403)
        at java.util.concurrent.ThreadPoolExecutor.getTask(ThreadPoolExecutor.java:1074)
        at java.util.concurrent.ThreadPoolExecutor.runWorker(ThreadPoolExecutor.java:1134)
        at java.util.concurrent.ThreadPoolExecutor$Worker.run(ThreadPoolExecutor.java:624)
        at java.lang.Thread.run(Thread.java:748)
"IPC Server handler 3 on 44783" daemon prio=5 tid=117 timed_waiting
java.lang.Thread.State: TIMED_WAITING
        at sun.misc.Unsafe.park(Native Method)
        at java.util.concurrent.locks.LockSupport.parkNanos(LockSupport.java:215)
        at java.util.concurrent.locks.AbstractQueuedSynchronizer$ConditionObject.awaitNanos(AbstractQueuedSynchronizer.java:2078)
        at java.util.concurrent.LinkedBlockingQueue.poll(LinkedBlockingQueue.java:467)
        at org.apache.hadoop.ipc.CallQueueManager.take(CallQueueManager.java:288)
        at org.apache.hadoop.ipc.Server$Handler.run(Server.java:2668)
"pool-66-thread-50"  prio=5 tid=630 in Object.wait()
java.lang.Thread.State: WAITING (on object monitor)
        at sun.misc.Unsafe.park(Native Method)
        at java.util.concurrent.locks.LockSupport.park(LockSupport.java:175)
        at java.util.concurrent.locks.AbstractQueuedSynchronizer$ConditionObject.await(AbstractQueuedSynchronizer.java:2039)
        at java.util.concurrent.ArrayBlockingQueue.take(ArrayBlockingQueue.java:403)
        at java.util.concurrent.ThreadPoolExecutor.getTask(ThreadPoolExecutor.java:1074)
        at java.util.concurrent.ThreadPoolExecutor.runWorker(ThreadPoolExecutor.java:1134)
        at java.util.concurrent.ThreadPoolExecutor$Worker.run(ThreadPoolExecutor.java:624)
        at java.lang.Thread.run(Thread.java:748)
"pool-76-thread-17"  prio=5 tid=668 in Object.wait()
java.lang.Thread.State: WAITING (on object monitor)
        at sun.misc.Unsafe.park(Native Method)
        at java.util.concurrent.locks.LockSupport.park(LockSupport.java:175)
        at java.util.concurrent.locks.AbstractQueuedSynchronizer$ConditionObject.await(AbstractQueuedSynchronizer.java:2039)
        at java.util.concurrent.ArrayBlockingQueue.take(ArrayBlockingQueue.java:403)
        at java.util.concurrent.ThreadPoolExecutor.getTask(ThreadPoolExecutor.java:1074)
        at java.util.concurrent.ThreadPoolExecutor.runWorker(ThreadPoolExecutor.java:1134)
        at java.util.concurrent.ThreadPoolExecutor$Worker.run(ThreadPoolExecutor.java:624)
        at java.lang.Thread.run(Thread.java:748)
"pool-36-thread-8"  prio=5 tid=363 in Object.wait()
java.lang.Thread.State: WAITING (on object monitor)
        at sun.misc.Unsafe.park(Native Method)
        at java.util.concurrent.locks.LockSupport.park(LockSupport.java:175)
        at java.util.concurrent.locks.AbstractQueuedSynchronizer$ConditionObject.await(AbstractQueuedSynchronizer.java:2039)
        at java.util.concurrent.ArrayBlockingQueue.take(ArrayBlockingQueue.java:403)
        at java.util.concurrent.ThreadPoolExecutor.getTask(ThreadPoolExecutor.java:1074)
        at java.util.concurrent.ThreadPoolExecutor.runWorker(ThreadPoolExecutor.java:1134)
        at java.util.concurrent.ThreadPoolExecutor$Worker.run(ThreadPoolExecutor.java:624)
        at java.lang.Thread.run(Thread.java:748)
"pool-36-thread-53"  prio=5 tid=503 in Object.wait()
java.lang.Thread.State: WAITING (on object monitor)
        at sun.misc.Unsafe.park(Native Method)
        at java.util.concurrent.locks.LockSupport.park(LockSupport.java:175)
        at java.util.concurrent.locks.AbstractQueuedSynchronizer$ConditionObject.await(AbstractQueuedSynchronizer.java:2039)
        at java.util.concurrent.ArrayBlockingQueue.take(ArrayBlockingQueue.java:403)
        at java.util.concurrent.ThreadPoolExecutor.getTask(ThreadPoolExecutor.java:1074)
        at java.util.concurrent.ThreadPoolExecutor.runWorker(ThreadPoolExecutor.java:1134)
        at java.util.concurrent.ThreadPoolExecutor$Worker.run(ThreadPoolExecutor.java:624)
        at java.lang.Thread.run(Thread.java:748)
"pool-86-thread-9"  prio=5 tid=722 in Object.wait()
java.lang.Thread.State: WAITING (on object monitor)
        at sun.misc.Unsafe.park(Native Method)
        at java.util.concurrent.locks.LockSupport.park(LockSupport.java:175)
        at java.util.concurrent.locks.AbstractQueuedSynchronizer$ConditionObject.await(AbstractQueuedSynchronizer.java:2039)
        at java.util.concurrent.ArrayBlockingQueue.take(ArrayBlockingQueue.java:403)
        at java.util.concurrent.ThreadPoolExecutor.getTask(ThreadPoolExecutor.java:1074)
        at java.util.concurrent.ThreadPoolExecutor.runWorker(ThreadPoolExecutor.java:1134)
        at java.util.concurrent.ThreadPoolExecutor$Worker.run(ThreadPoolExecutor.java:624)
        at java.lang.Thread.run(Thread.java:748)
"pool-76-thread-48"  prio=5 tid=699 in Object.wait()
java.lang.Thread.State: WAITING (on object monitor)
        at sun.misc.Unsafe.park(Native Method)
        at java.util.concurrent.locks.LockSupport.park(LockSupport.java:175)
        at java.util.concurrent.locks.AbstractQueuedSynchronizer$ConditionObject.await(AbstractQueuedSynchronizer.java:2039)
        at java.util.concurrent.ArrayBlockingQueue.take(ArrayBlockingQueue.java:403)
        at java.util.concurrent.ThreadPoolExecutor.getTask(ThreadPoolExecutor.java:1074)
        at java.util.concurrent.ThreadPoolExecutor.runWorker(ThreadPoolExecutor.java:1134)
        at java.util.concurrent.ThreadPoolExecutor$Worker.run(ThreadPoolExecutor.java:624)
        at java.lang.Thread.run(Thread.java:748)
"IPC Server handler 14 on 44783" daemon prio=5 tid=129 timed_waiting
java.lang.Thread.State: TIMED_WAITING
        at sun.misc.Unsafe.park(Native Method)
        at java.util.concurrent.locks.LockSupport.parkNanos(LockSupport.java:215)
        at java.util.concurrent.locks.AbstractQueuedSynchronizer$ConditionObject.awaitNanos(AbstractQueuedSynchronizer.java:2078)
        at java.util.concurrent.LinkedBlockingQueue.poll(LinkedBlockingQueue.java:467)
        at org.apache.hadoop.ipc.CallQueueManager.take(CallQueueManager.java:288)
        at org.apache.hadoop.ipc.Server$Handler.run(Server.java:2668)
"metrics-hadoop-metrics2-reporter-54-thread-1" daemon prio=5 tid=1002 timed_waiting
java.lang.Thread.State: TIMED_WAITING
        at sun.misc.Unsafe.park(Native Method)
        at java.util.concurrent.locks.LockSupport.parkNanos(LockSupport.java:215)
        at java.util.concurrent.locks.AbstractQueuedSynchronizer$ConditionObject.awaitNanos(AbstractQueuedSynchronizer.java:2078)
        at java.util.concurrent.ScheduledThreadPoolExecutor$DelayedWorkQueue.take(ScheduledThreadPoolExecutor.java:1093)
        at java.util.concurrent.ScheduledThreadPoolExecutor$DelayedWorkQueue.take(ScheduledThreadPoolExecutor.java:809)
        at java.util.concurrent.ThreadPoolExecutor.getTask(ThreadPoolExecutor.java:1074)
        at java.util.concurrent.ThreadPoolExecutor.runWorker(ThreadPoolExecutor.java:1134)
        at java.util.concurrent.ThreadPoolExecutor$Worker.run(ThreadPoolExecutor.java:624)
        at java.lang.Thread.run(Thread.java:748)
"pool-26-thread-13"  prio=5 tid=374 in Object.wait()
java.lang.Thread.State: WAITING (on object monitor)
        at sun.misc.Unsafe.park(Native Method)
        at java.util.concurrent.locks.LockSupport.park(LockSupport.java:175)
        at java.util.concurrent.locks.AbstractQueuedSynchronizer$ConditionObject.await(AbstractQueuedSynchronizer.java:2039)
        at java.util.concurrent.ArrayBlockingQueue.take(ArrayBlockingQueue.java:403)
        at java.util.concurrent.ThreadPoolExecutor.getTask(ThreadPoolExecutor.java:1074)
        at java.util.concurrent.ThreadPoolExecutor.runWorker(ThreadPoolExecutor.java:1134)
        at java.util.concurrent.ThreadPoolExecutor$Worker.run(ThreadPoolExecutor.java:624)
        at java.lang.Thread.run(Thread.java:748)
"pool-70-thread-1"  prio=5 tid=266 timed_waiting
java.lang.Thread.State: TIMED_WAITING
        at sun.misc.Unsafe.park(Native Method)
        at java.util.concurrent.locks.LockSupport.parkNanos(LockSupport.java:215)
        at java.util.concurrent.locks.AbstractQueuedSynchronizer$ConditionObject.awaitNanos(AbstractQueuedSynchronizer.java:2078)
        at java.util.concurrent.ScheduledThreadPoolExecutor$DelayedWorkQueue.take(ScheduledThreadPoolExecutor.java:1093)
        at java.util.concurrent.ScheduledThreadPoolExecutor$DelayedWorkQueue.take(ScheduledThreadPoolExecutor.java:809)
        at java.util.concurrent.ThreadPoolExecutor.getTask(ThreadPoolExecutor.java:1074)
        at java.util.concurrent.ThreadPoolExecutor.runWorker(ThreadPoolExecutor.java:1134)
        at java.util.concurrent.ThreadPoolExecutor$Worker.run(ThreadPoolExecutor.java:624)
        at java.lang.Thread.run(Thread.java:748)
"pool-86-thread-24"  prio=5 tid=737 in Object.wait()
java.lang.Thread.State: WAITING (on object monitor)
        at sun.misc.Unsafe.park(Native Method)
        at java.util.concurrent.locks.LockSupport.park(LockSupport.java:175)
        at java.util.concurrent.locks.AbstractQueuedSynchronizer$ConditionObject.await(AbstractQueuedSynchronizer.java:2039)
        at java.util.concurrent.ArrayBlockingQueue.take(ArrayBlockingQueue.java:403)
        at java.util.concurrent.ThreadPoolExecutor.getTask(ThreadPoolExecutor.java:1074)
        at java.util.concurrent.ThreadPoolExecutor.runWorker(ThreadPoolExecutor.java:1134)
        at java.util.concurrent.ThreadPoolExecutor$Worker.run(ThreadPoolExecutor.java:624)
        at java.lang.Thread.run(Thread.java:748)
"grpc-default-executor-2" daemon prio=5 tid=875 timed_waiting
java.lang.Thread.State: TIMED_WAITING
        at sun.misc.Unsafe.park(Native Method)
        at java.util.concurrent.locks.LockSupport.parkNanos(LockSupport.java:215)
        at java.util.concurrent.SynchronousQueue$TransferStack.awaitFulfill(SynchronousQueue.java:460)
        at java.util.concurrent.SynchronousQueue$TransferStack.transfer(SynchronousQueue.java:362)
        at java.util.concurrent.SynchronousQueue.poll(SynchronousQueue.java:941)
        at java.util.concurrent.ThreadPoolExecutor.getTask(ThreadPoolExecutor.java:1073)
        at java.util.concurrent.ThreadPoolExecutor.runWorker(ThreadPoolExecutor.java:1134)
        at java.util.concurrent.ThreadPoolExecutor$Worker.run(ThreadPoolExecutor.java:624)
        at java.lang.Thread.run(Thread.java:748)
"d2e56473-8267-4871-9849-be2e71e1a2dc@group-AFD3E3A39739-SegmentedRaftLogWorker"  prio=5 tid=1059 timed_waiting
java.lang.Thread.State: TIMED_WAITING
        at sun.misc.Unsafe.park(Native Method)
        at java.util.concurrent.locks.LockSupport.parkNanos(LockSupport.java:215)
        at java.util.concurrent.locks.AbstractQueuedSynchronizer$ConditionObject.awaitNanos(AbstractQueuedSynchronizer.java:2078)
        at org.apache.ratis.util.DataBlockingQueue.poll(DataBlockingQueue.java:137)
        at org.apache.ratis.server.raftlog.segmented.SegmentedRaftLogWorker.run(SegmentedRaftLogWorker.java:282)
        at java.lang.Thread.run(Thread.java:748)
"metrics-hadoop-metrics2-reporter-60-thread-1" daemon prio=5 tid=1034 timed_waiting
java.lang.Thread.State: TIMED_WAITING
        at sun.misc.Unsafe.park(Native Method)
        at java.util.concurrent.locks.LockSupport.parkNanos(LockSupport.java:215)
        at java.util.concurrent.locks.AbstractQueuedSynchronizer$ConditionObject.awaitNanos(AbstractQueuedSynchronizer.java:2078)
        at java.util.concurrent.ScheduledThreadPoolExecutor$DelayedWorkQueue.take(ScheduledThreadPoolExecutor.java:1093)
        at java.util.concurrent.ScheduledThreadPoolExecutor$DelayedWorkQueue.take(ScheduledThreadPoolExecutor.java:809)
        at java.util.concurrent.ThreadPoolExecutor.getTask(ThreadPoolExecutor.java:1074)
        at java.util.concurrent.ThreadPoolExecutor.runWorker(ThreadPoolExecutor.java:1134)
        at java.util.concurrent.ThreadPoolExecutor$Worker.run(ThreadPoolExecutor.java:624)
        at java.lang.Thread.run(Thread.java:748)
"pool-76-thread-42"  prio=5 tid=693 in Object.wait()
java.lang.Thread.State: WAITING (on object monitor)
        at sun.misc.Unsafe.park(Native Method)
        at java.util.concurrent.locks.LockSupport.park(LockSupport.java:175)
        at java.util.concurrent.locks.AbstractQueuedSynchronizer$ConditionObject.await(AbstractQueuedSynchronizer.java:2039)
        at java.util.concurrent.ArrayBlockingQueue.take(ArrayBlockingQueue.java:403)
        at java.util.concurrent.ThreadPoolExecutor.getTask(ThreadPoolExecutor.java:1074)
        at java.util.concurrent.ThreadPoolExecutor.runWorker(ThreadPoolExecutor.java:1134)
        at java.util.concurrent.ThreadPoolExecutor$Worker.run(ThreadPoolExecutor.java:624)
        at java.lang.Thread.run(Thread.java:748)
"metrics-hadoop-metrics2-reporter-70-thread-1" daemon prio=5 tid=1093 timed_waiting
java.lang.Thread.State: TIMED_WAITING
        at sun.misc.Unsafe.park(Native Method)
        at java.util.concurrent.locks.LockSupport.parkNanos(LockSupport.java:215)
        at java.util.concurrent.locks.AbstractQueuedSynchronizer$ConditionObject.awaitNanos(AbstractQueuedSynchronizer.java:2078)
        at java.util.concurrent.ScheduledThreadPoolExecutor$DelayedWorkQueue.take(ScheduledThreadPoolExecutor.java:1093)
        at java.util.concurrent.ScheduledThreadPoolExecutor$DelayedWorkQueue.take(ScheduledThreadPoolExecutor.java:809)
        at java.util.concurrent.ThreadPoolExecutor.getTask(ThreadPoolExecutor.java:1074)
        at java.util.concurrent.ThreadPoolExecutor.runWorker(ThreadPoolExecutor.java:1134)
        at java.util.concurrent.ThreadPoolExecutor$Worker.run(ThreadPoolExecutor.java:624)
        at java.lang.Thread.run(Thread.java:748)
"pool-36-thread-22"  prio=5 tid=408 in Object.wait()
java.lang.Thread.State: WAITING (on object monitor)
        at sun.misc.Unsafe.park(Native Method)
        at java.util.concurrent.locks.LockSupport.park(LockSupport.java:175)
        at java.util.concurrent.locks.AbstractQueuedSynchronizer$ConditionObject.await(AbstractQueuedSynchronizer.java:2039)
        at java.util.concurrent.ArrayBlockingQueue.take(ArrayBlockingQueue.java:403)
        at java.util.concurrent.ThreadPoolExecutor.getTask(ThreadPoolExecutor.java:1074)
        at java.util.concurrent.ThreadPoolExecutor.runWorker(ThreadPoolExecutor.java:1134)
        at java.util.concurrent.ThreadPoolExecutor$Worker.run(ThreadPoolExecutor.java:624)
        at java.lang.Thread.run(Thread.java:748)
"pool-66-thread-20"  prio=5 tid=600 in Object.wait()
java.lang.Thread.State: WAITING (on object monitor)
        at sun.misc.Unsafe.park(Native Method)
        at java.util.concurrent.locks.LockSupport.park(LockSupport.java:175)
        at java.util.concurrent.locks.AbstractQueuedSynchronizer$ConditionObject.await(AbstractQueuedSynchronizer.java:2039)
        at java.util.concurrent.ArrayBlockingQueue.take(ArrayBlockingQueue.java:403)
        at java.util.concurrent.ThreadPoolExecutor.getTask(ThreadPoolExecutor.java:1074)
        at java.util.concurrent.ThreadPoolExecutor.runWorker(ThreadPoolExecutor.java:1134)
        at java.util.concurrent.ThreadPoolExecutor$Worker.run(ThreadPoolExecutor.java:624)
        at java.lang.Thread.run(Thread.java:748)
"Periodic HDDS volume checker"  prio=5 tid=178 timed_waiting
java.lang.Thread.State: TIMED_WAITING
        at sun.misc.Unsafe.park(Native Method)
        at java.util.concurrent.locks.LockSupport.parkNanos(LockSupport.java:215)
        at java.util.concurrent.locks.AbstractQueuedSynchronizer$ConditionObject.awaitNanos(AbstractQueuedSynchronizer.java:2078)
        at java.util.concurrent.ScheduledThreadPoolExecutor$DelayedWorkQueue.take(ScheduledThreadPoolExecutor.java:1093)
        at java.util.concurrent.ScheduledThreadPoolExecutor$DelayedWorkQueue.take(ScheduledThreadPoolExecutor.java:809)
        at java.util.concurrent.ThreadPoolExecutor.getTask(ThreadPoolExecutor.java:1074)
        at java.util.concurrent.ThreadPoolExecutor.runWorker(ThreadPoolExecutor.java:1134)
        at java.util.concurrent.ThreadPoolExecutor$Worker.run(ThreadPoolExecutor.java:624)
        at java.lang.Thread.run(Thread.java:748)
"pool-86-thread-53"  prio=5 tid=766 in Object.wait()
java.lang.Thread.State: WAITING (on object monitor)
        at sun.misc.Unsafe.park(Native Method)
        at java.util.concurrent.locks.LockSupport.park(LockSupport.java:175)
        at java.util.concurrent.locks.AbstractQueuedSynchronizer$ConditionObject.await(AbstractQueuedSynchronizer.java:2039)
        at java.util.concurrent.ArrayBlockingQueue.take(ArrayBlockingQueue.java:403)
        at java.util.concurrent.ThreadPoolExecutor.getTask(ThreadPoolExecutor.java:1074)
        at java.util.concurrent.ThreadPoolExecutor.runWorker(ThreadPoolExecutor.java:1134)
        at java.util.concurrent.ThreadPoolExecutor$Worker.run(ThreadPoolExecutor.java:624)
        at java.lang.Thread.run(Thread.java:748)
"pool-36-thread-21"  prio=5 tid=404 in Object.wait()
java.lang.Thread.State: WAITING (on object monitor)
        at sun.misc.Unsafe.park(Native Method)
        at java.util.concurrent.locks.LockSupport.park(LockSupport.java:175)
        at java.util.concurrent.locks.AbstractQueuedSynchronizer$ConditionObject.await(AbstractQueuedSynchronizer.java:2039)
        at java.util.concurrent.ArrayBlockingQueue.take(ArrayBlockingQueue.java:403)
        at java.util.concurrent.ThreadPoolExecutor.getTask(ThreadPoolExecutor.java:1074)
        at java.util.concurrent.ThreadPoolExecutor.runWorker(ThreadPoolExecutor.java:1134)
        at java.util.concurrent.ThreadPoolExecutor$Worker.run(ThreadPoolExecutor.java:624)
        at java.lang.Thread.run(Thread.java:748)
"pool-26-thread-7"  prio=5 tid=356 in Object.wait()
java.lang.Thread.State: WAITING (on object monitor)
        at sun.misc.Unsafe.park(Native Method)
        at java.util.concurrent.locks.LockSupport.park(LockSupport.java:175)
        at java.util.concurrent.locks.AbstractQueuedSynchronizer$ConditionObject.await(AbstractQueuedSynchronizer.java:2039)
        at java.util.concurrent.ArrayBlockingQueue.take(ArrayBlockingQueue.java:403)
        at java.util.concurrent.ThreadPoolExecutor.getTask(ThreadPoolExecutor.java:1074)
        at java.util.concurrent.ThreadPoolExecutor.runWorker(ThreadPoolExecutor.java:1134)
        at java.util.concurrent.ThreadPoolExecutor$Worker.run(ThreadPoolExecutor.java:624)
        at java.lang.Thread.run(Thread.java:748)
"metrics-hadoop-metrics2-reporter-30-thread-1" daemon prio=5 tid=863 timed_waiting
java.lang.Thread.State: TIMED_WAITING
        at sun.misc.Unsafe.park(Native Method)
        at java.util.concurrent.locks.LockSupport.parkNanos(LockSupport.java:215)
        at java.util.concurrent.locks.AbstractQueuedSynchronizer$ConditionObject.awaitNanos(AbstractQueuedSynchronizer.java:2078)
        at java.util.concurrent.ScheduledThreadPoolExecutor$DelayedWorkQueue.take(ScheduledThreadPoolExecutor.java:1093)
        at java.util.concurrent.ScheduledThreadPoolExecutor$DelayedWorkQueue.take(ScheduledThreadPoolExecutor.java:809)
        at java.util.concurrent.ThreadPoolExecutor.getTask(ThreadPoolExecutor.java:1074)
        at java.util.concurrent.ThreadPoolExecutor.runWorker(ThreadPoolExecutor.java:1134)
        at java.util.concurrent.ThreadPoolExecutor$Worker.run(ThreadPoolExecutor.java:624)
        at java.lang.Thread.run(Thread.java:748)
"pool-26-thread-49"  prio=5 tid=472 in Object.wait()
java.lang.Thread.State: WAITING (on object monitor)
        at sun.misc.Unsafe.park(Native Method)
        at java.util.concurrent.locks.LockSupport.park(LockSupport.java:175)
        at java.util.concurrent.locks.AbstractQueuedSynchronizer$ConditionObject.await(AbstractQueuedSynchronizer.java:2039)
        at java.util.concurrent.ArrayBlockingQueue.take(ArrayBlockingQueue.java:403)
        at java.util.concurrent.ThreadPoolExecutor.getTask(ThreadPoolExecutor.java:1074)
        at java.util.concurrent.ThreadPoolExecutor.runWorker(ThreadPoolExecutor.java:1134)
        at java.util.concurrent.ThreadPoolExecutor$Worker.run(ThreadPoolExecutor.java:624)
        at java.lang.Thread.run(Thread.java:748)
"pool-86-thread-58"  prio=5 tid=771 in Object.wait()
java.lang.Thread.State: WAITING (on object monitor)
        at sun.misc.Unsafe.park(Native Method)
        at java.util.concurrent.locks.LockSupport.park(LockSupport.java:175)
        at java.util.concurrent.locks.AbstractQueuedSynchronizer$ConditionObject.await(AbstractQueuedSynchronizer.java:2039)
        at java.util.concurrent.ArrayBlockingQueue.take(ArrayBlockingQueue.java:403)
        at java.util.concurrent.ThreadPoolExecutor.getTask(ThreadPoolExecutor.java:1074)
        at java.util.concurrent.ThreadPoolExecutor.runWorker(ThreadPoolExecutor.java:1134)
        at java.util.concurrent.ThreadPoolExecutor$Worker.run(ThreadPoolExecutor.java:624)
        at java.lang.Thread.run(Thread.java:748)
"grpc-default-executor-4" daemon prio=5 tid=941 timed_waiting
java.lang.Thread.State: TIMED_WAITING
        at sun.misc.Unsafe.park(Native Method)
        at java.util.concurrent.locks.LockSupport.parkNanos(LockSupport.java:215)
        at java.util.concurrent.SynchronousQueue$TransferStack.awaitFulfill(SynchronousQueue.java:460)
        at java.util.concurrent.SynchronousQueue$TransferStack.transfer(SynchronousQueue.java:362)
        at java.util.concurrent.SynchronousQueue.poll(SynchronousQueue.java:941)
        at java.util.concurrent.ThreadPoolExecutor.getTask(ThreadPoolExecutor.java:1073)
        at java.util.concurrent.ThreadPoolExecutor.runWorker(ThreadPoolExecutor.java:1134)
        at java.util.concurrent.ThreadPoolExecutor$Worker.run(ThreadPoolExecutor.java:624)
        at java.lang.Thread.run(Thread.java:748)
"pool-36-thread-60"  prio=5 tid=512 in Object.wait()
java.lang.Thread.State: WAITING (on object monitor)
        at sun.misc.Unsafe.park(Native Method)
        at java.util.concurrent.locks.LockSupport.park(LockSupport.java:175)
        at java.util.concurrent.locks.AbstractQueuedSynchronizer$ConditionObject.await(AbstractQueuedSynchronizer.java:2039)
        at java.util.concurrent.ArrayBlockingQueue.take(ArrayBlockingQueue.java:403)
        at java.util.concurrent.ThreadPoolExecutor.getTask(ThreadPoolExecutor.java:1074)
        at java.util.concurrent.ThreadPoolExecutor.runWorker(ThreadPoolExecutor.java:1134)
        at java.util.concurrent.ThreadPoolExecutor$Worker.run(ThreadPoolExecutor.java:624)
        at java.lang.Thread.run(Thread.java:748)
"pool-76-thread-29"  prio=5 tid=680 in Object.wait()
java.lang.Thread.State: WAITING (on object monitor)
        at sun.misc.Unsafe.park(Native Method)
        at java.util.concurrent.locks.LockSupport.park(LockSupport.java:175)
        at java.util.concurrent.locks.AbstractQueuedSynchronizer$ConditionObject.await(AbstractQueuedSynchronizer.java:2039)
        at java.util.concurrent.ArrayBlockingQueue.take(ArrayBlockingQueue.java:403)
        at java.util.concurrent.ThreadPoolExecutor.getTask(ThreadPoolExecutor.java:1074)
        at java.util.concurrent.ThreadPoolExecutor.runWorker(ThreadPoolExecutor.java:1134)
        at java.util.concurrent.ThreadPoolExecutor$Worker.run(ThreadPoolExecutor.java:624)
        at java.lang.Thread.run(Thread.java:748)
"pool-56-thread-46"  prio=5 tid=566 in Object.wait()
java.lang.Thread.State: WAITING (on object monitor)
        at sun.misc.Unsafe.park(Native Method)
        at java.util.concurrent.locks.LockSupport.park(LockSupport.java:175)
        at java.util.concurrent.locks.AbstractQueuedSynchronizer$ConditionObject.await(AbstractQueuedSynchronizer.java:2039)
        at java.util.concurrent.ArrayBlockingQueue.take(ArrayBlockingQueue.java:403)
        at java.util.concurrent.ThreadPoolExecutor.getTask(ThreadPoolExecutor.java:1074)
        at java.util.concurrent.ThreadPoolExecutor.runWorker(ThreadPoolExecutor.java:1134)
        at java.util.concurrent.ThreadPoolExecutor$Worker.run(ThreadPoolExecutor.java:624)
        at java.lang.Thread.run(Thread.java:748)
"pool-76-thread-23"  prio=5 tid=674 in Object.wait()
java.lang.Thread.State: WAITING (on object monitor)
        at sun.misc.Unsafe.park(Native Method)
        at java.util.concurrent.locks.LockSupport.park(LockSupport.java:175)
        at java.util.concurrent.locks.AbstractQueuedSynchronizer$ConditionObject.await(AbstractQueuedSynchronizer.java:2039)
        at java.util.concurrent.ArrayBlockingQueue.take(ArrayBlockingQueue.java:403)
        at java.util.concurrent.ThreadPoolExecutor.getTask(ThreadPoolExecutor.java:1074)
        at java.util.concurrent.ThreadPoolExecutor.runWorker(ThreadPoolExecutor.java:1134)
        at java.util.concurrent.ThreadPoolExecutor$Worker.run(ThreadPoolExecutor.java:624)
        at java.lang.Thread.run(Thread.java:748)
"pool-56-thread-48"  prio=5 tid=568 in Object.wait()
java.lang.Thread.State: WAITING (on object monitor)
        at sun.misc.Unsafe.park(Native Method)
        at java.util.concurrent.locks.LockSupport.park(LockSupport.java:175)
        at java.util.concurrent.locks.AbstractQueuedSynchronizer$ConditionObject.await(AbstractQueuedSynchronizer.java:2039)
        at java.util.concurrent.ArrayBlockingQueue.take(ArrayBlockingQueue.java:403)
        at java.util.concurrent.ThreadPoolExecutor.getTask(ThreadPoolExecutor.java:1074)
        at java.util.concurrent.ThreadPoolExecutor.runWorker(ThreadPoolExecutor.java:1134)
        at java.util.concurrent.ThreadPoolExecutor$Worker.run(ThreadPoolExecutor.java:624)
        at java.lang.Thread.run(Thread.java:748)
"metrics-hadoop-metrics2-reporter-41-thread-1" daemon prio=5 tid=897 timed_waiting
java.lang.Thread.State: TIMED_WAITING
        at sun.misc.Unsafe.park(Native Method)
        at java.util.concurrent.locks.LockSupport.parkNanos(LockSupport.java:215)
        at java.util.concurrent.locks.AbstractQueuedSynchronizer$ConditionObject.awaitNanos(AbstractQueuedSynchronizer.java:2078)
        at java.util.concurrent.ScheduledThreadPoolExecutor$DelayedWorkQueue.take(ScheduledThreadPoolExecutor.java:1093)
        at java.util.concurrent.ScheduledThreadPoolExecutor$DelayedWorkQueue.take(ScheduledThreadPoolExecutor.java:809)
        at java.util.concurrent.ThreadPoolExecutor.getTask(ThreadPoolExecutor.java:1074)
        at java.util.concurrent.ThreadPoolExecutor.runWorker(ThreadPoolExecutor.java:1134)
        at java.util.concurrent.ThreadPoolExecutor$Worker.run(ThreadPoolExecutor.java:624)
        at java.lang.Thread.run(Thread.java:748)
"pool-66-thread-9"  prio=5 tid=589 in Object.wait()
java.lang.Thread.State: WAITING (on object monitor)
        at sun.misc.Unsafe.park(Native Method)
        at java.util.concurrent.locks.LockSupport.park(LockSupport.java:175)
        at java.util.concurrent.locks.AbstractQueuedSynchronizer$ConditionObject.await(AbstractQueuedSynchronizer.java:2039)
        at java.util.concurrent.ArrayBlockingQueue.take(ArrayBlockingQueue.java:403)
        at java.util.concurrent.ThreadPoolExecutor.getTask(ThreadPoolExecutor.java:1074)
        at java.util.concurrent.ThreadPoolExecutor.runWorker(ThreadPoolExecutor.java:1134)
        at java.util.concurrent.ThreadPoolExecutor$Worker.run(ThreadPoolExecutor.java:624)
        at java.lang.Thread.run(Thread.java:748)
"org.eclipse.jetty.server.session.HashSessionManager@5f038248Timer" daemon prio=5 tid=168 timed_waiting
java.lang.Thread.State: TIMED_WAITING
        at sun.misc.Unsafe.park(Native Method)
        at java.util.concurrent.locks.LockSupport.parkNanos(LockSupport.java:215)
        at java.util.concurrent.locks.AbstractQueuedSynchronizer$ConditionObject.awaitNanos(AbstractQueuedSynchronizer.java:2078)
        at java.util.concurrent.ScheduledThreadPoolExecutor$DelayedWorkQueue.take(ScheduledThreadPoolExecutor.java:1093)
        at java.util.concurrent.ScheduledThreadPoolExecutor$DelayedWorkQueue.take(ScheduledThreadPoolExecutor.java:809)
        at java.util.concurrent.ThreadPoolExecutor.getTask(ThreadPoolExecutor.java:1074)
        at java.util.concurrent.ThreadPoolExecutor.runWorker(ThreadPoolExecutor.java:1134)
        at java.util.concurrent.ThreadPoolExecutor$Worker.run(ThreadPoolExecutor.java:624)
        at java.lang.Thread.run(Thread.java:748)
"IPC Server handler 19 on 45589" daemon prio=5 tid=48 timed_waiting
java.lang.Thread.State: TIMED_WAITING
        at sun.misc.Unsafe.park(Native Method)
        at java.util.concurrent.locks.LockSupport.parkNanos(LockSupport.java:215)
        at java.util.concurrent.locks.AbstractQueuedSynchronizer$ConditionObject.awaitNanos(AbstractQueuedSynchronizer.java:2078)
        at java.util.concurrent.LinkedBlockingQueue.poll(LinkedBlockingQueue.java:467)
        at org.apache.hadoop.ipc.CallQueueManager.take(CallQueueManager.java:288)
        at org.apache.hadoop.ipc.Server$Handler.run(Server.java:2668)
"Datanode ReportManager Thread - 1" daemon prio=5 tid=172 in Object.wait()
java.lang.Thread.State: WAITING (on object monitor)
        at sun.misc.Unsafe.park(Native Method)
        at java.util.concurrent.locks.LockSupport.park(LockSupport.java:175)
        at java.util.concurrent.locks.AbstractQueuedSynchronizer$ConditionObject.await(AbstractQueuedSynchronizer.java:2039)
        at java.util.concurrent.ScheduledThreadPoolExecutor$DelayedWorkQueue.take(ScheduledThreadPoolExecutor.java:1088)
        at java.util.concurrent.ScheduledThreadPoolExecutor$DelayedWorkQueue.take(ScheduledThreadPoolExecutor.java:809)
        at java.util.concurrent.ThreadPoolExecutor.getTask(ThreadPoolExecutor.java:1074)
        at java.util.concurrent.ThreadPoolExecutor.runWorker(ThreadPoolExecutor.java:1134)
        at java.util.concurrent.ThreadPoolExecutor$Worker.run(ThreadPoolExecutor.java:624)
        at java.lang.Thread.run(Thread.java:748)
"pool-36-thread-47"  prio=5 tid=487 in Object.wait()
java.lang.Thread.State: WAITING (on object monitor)
        at sun.misc.Unsafe.park(Native Method)
        at java.util.concurrent.locks.LockSupport.park(LockSupport.java:175)
        at java.util.concurrent.locks.AbstractQueuedSynchronizer$ConditionObject.await(AbstractQueuedSynchronizer.java:2039)
        at java.util.concurrent.ArrayBlockingQueue.take(ArrayBlockingQueue.java:403)
        at java.util.concurrent.ThreadPoolExecutor.getTask(ThreadPoolExecutor.java:1074)
        at java.util.concurrent.ThreadPoolExecutor.runWorker(ThreadPoolExecutor.java:1134)
        at java.util.concurrent.ThreadPoolExecutor$Worker.run(ThreadPoolExecutor.java:624)
        at java.lang.Thread.run(Thread.java:748)
"pool-66-thread-54"  prio=5 tid=634 in Object.wait()
java.lang.Thread.State: WAITING (on object monitor)
        at sun.misc.Unsafe.park(Native Method)
        at java.util.concurrent.locks.LockSupport.park(LockSupport.java:175)
        at java.util.concurrent.locks.AbstractQueuedSynchronizer$ConditionObject.await(AbstractQueuedSynchronizer.java:2039)
        at java.util.concurrent.ArrayBlockingQueue.take(ArrayBlockingQueue.java:403)
        at java.util.concurrent.ThreadPoolExecutor.getTask(ThreadPoolExecutor.java:1074)
        at java.util.concurrent.ThreadPoolExecutor.runWorker(ThreadPoolExecutor.java:1134)
        at java.util.concurrent.ThreadPoolExecutor$Worker.run(ThreadPoolExecutor.java:624)
        at java.lang.Thread.run(Thread.java:748)
"pool-46-thread-51"  prio=5 tid=508 in Object.wait()
java.lang.Thread.State: WAITING (on object monitor)
        at sun.misc.Unsafe.park(Native Method)
        at java.util.concurrent.locks.LockSupport.park(LockSupport.java:175)
        at java.util.concurrent.locks.AbstractQueuedSynchronizer$ConditionObject.await(AbstractQueuedSynchronizer.java:2039)
        at java.util.concurrent.ArrayBlockingQueue.take(ArrayBlockingQueue.java:403)
        at java.util.concurrent.ThreadPoolExecutor.getTask(ThreadPoolExecutor.java:1074)
        at java.util.concurrent.ThreadPoolExecutor.runWorker(ThreadPoolExecutor.java:1134)
        at java.util.concurrent.ThreadPoolExecutor$Worker.run(ThreadPoolExecutor.java:624)
        at java.lang.Thread.run(Thread.java:748)
"EventQueue-NewNodeForNewNodeHandler" daemon prio=5 tid=776 in Object.wait()
java.lang.Thread.State: WAITING (on object monitor)
        at sun.misc.Unsafe.park(Native Method)
        at java.util.concurrent.locks.LockSupport.park(LockSupport.java:175)
        at java.util.concurrent.locks.AbstractQueuedSynchronizer$ConditionObject.await(AbstractQueuedSynchronizer.java:2039)
        at java.util.concurrent.LinkedBlockingQueue.take(LinkedBlockingQueue.java:442)
        at java.util.concurrent.ThreadPoolExecutor.getTask(ThreadPoolExecutor.java:1074)
        at java.util.concurrent.ThreadPoolExecutor.runWorker(ThreadPoolExecutor.java:1134)
        at java.util.concurrent.ThreadPoolExecutor$Worker.run(ThreadPoolExecutor.java:624)
        at java.lang.Thread.run(Thread.java:748)
"qtp1981708431-187-acceptor-0@402c0b19-ServerConnector@7add323c{HTTP/1.1,[http/1.1]}{0.0.0.0:43352}" daemon prio=3 tid=187 runnable
java.lang.Thread.State: RUNNABLE
        at sun.nio.ch.ServerSocketChannelImpl.accept0(Native Method)
        at sun.nio.ch.ServerSocketChannelImpl.accept(ServerSocketChannelImpl.java:422)
        at sun.nio.ch.ServerSocketChannelImpl.accept(ServerSocketChannelImpl.java:250)
        at org.eclipse.jetty.server.ServerConnector.accept(ServerConnector.java:397)
        at org.eclipse.jetty.server.AbstractConnector$Acceptor.run(AbstractConnector.java:601)
        at org.eclipse.jetty.util.thread.QueuedThreadPool.runJob(QueuedThreadPool.java:671)
        at org.eclipse.jetty.util.thread.QueuedThreadPool$2.run(QueuedThreadPool.java:589)
        at java.lang.Thread.run(Thread.java:748)
"pool-76-thread-41"  prio=5 tid=692 in Object.wait()
java.lang.Thread.State: WAITING (on object monitor)
        at sun.misc.Unsafe.park(Native Method)
        at java.util.concurrent.locks.LockSupport.park(LockSupport.java:175)
        at java.util.concurrent.locks.AbstractQueuedSynchronizer$ConditionObject.await(AbstractQueuedSynchronizer.java:2039)
        at java.util.concurrent.ArrayBlockingQueue.take(ArrayBlockingQueue.java:403)
        at java.util.concurrent.ThreadPoolExecutor.getTask(ThreadPoolExecutor.java:1074)
        at java.util.concurrent.ThreadPoolExecutor.runWorker(ThreadPoolExecutor.java:1134)
        at java.util.concurrent.ThreadPoolExecutor$Worker.run(ThreadPoolExecutor.java:624)
        at java.lang.Thread.run(Thread.java:748)
"pool-56-thread-10"  prio=5 tid=530 in Object.wait()
java.lang.Thread.State: WAITING (on object monitor)
        at sun.misc.Unsafe.park(Native Method)
        at java.util.concurrent.locks.LockSupport.park(LockSupport.java:175)
        at java.util.concurrent.locks.AbstractQueuedSynchronizer$ConditionObject.await(AbstractQueuedSynchronizer.java:2039)
        at java.util.concurrent.ArrayBlockingQueue.take(ArrayBlockingQueue.java:403)
        at java.util.concurrent.ThreadPoolExecutor.getTask(ThreadPoolExecutor.java:1074)
        at java.util.concurrent.ThreadPoolExecutor.runWorker(ThreadPoolExecutor.java:1134)
        at java.util.concurrent.ThreadPoolExecutor$Worker.run(ThreadPoolExecutor.java:624)
        at java.lang.Thread.run(Thread.java:748)
"pool-46-thread-33"  prio=5 tid=449 in Object.wait()
java.lang.Thread.State: WAITING (on object monitor)
        at sun.misc.Unsafe.park(Native Method)
        at java.util.concurrent.locks.LockSupport.park(LockSupport.java:175)
        at java.util.concurrent.locks.AbstractQueuedSynchronizer$ConditionObject.await(AbstractQueuedSynchronizer.java:2039)
        at java.util.concurrent.ArrayBlockingQueue.take(ArrayBlockingQueue.java:403)
        at java.util.concurrent.ThreadPoolExecutor.getTask(ThreadPoolExecutor.java:1074)
        at java.util.concurrent.ThreadPoolExecutor.runWorker(ThreadPoolExecutor.java:1134)
        at java.util.concurrent.ThreadPoolExecutor$Worker.run(ThreadPoolExecutor.java:624)
        at java.lang.Thread.run(Thread.java:748)
"org.eclipse.jetty.server.session.HashSessionManager@54e3658cTimer" daemon prio=5 tid=223 timed_waiting
java.lang.Thread.State: TIMED_WAITING
        at sun.misc.Unsafe.park(Native Method)
        at java.util.concurrent.locks.LockSupport.parkNanos(LockSupport.java:215)
        at java.util.concurrent.locks.AbstractQueuedSynchronizer$ConditionObject.awaitNanos(AbstractQueuedSynchronizer.java:2078)
        at java.util.concurrent.ScheduledThreadPoolExecutor$DelayedWorkQueue.take(ScheduledThreadPoolExecutor.java:1093)
        at java.util.concurrent.ScheduledThreadPoolExecutor$DelayedWorkQueue.take(ScheduledThreadPoolExecutor.java:809)
        at java.util.concurrent.ThreadPoolExecutor.getTask(ThreadPoolExecutor.java:1074)
        at java.util.concurrent.ThreadPoolExecutor.runWorker(ThreadPoolExecutor.java:1134)
        at java.util.concurrent.ThreadPoolExecutor$Worker.run(ThreadPoolExecutor.java:624)
        at java.lang.Thread.run(Thread.java:748)
"pool-86-thread-41"  prio=5 tid=754 in Object.wait()
java.lang.Thread.State: WAITING (on object monitor)
        at sun.misc.Unsafe.park(Native Method)
        at java.util.concurrent.locks.LockSupport.park(LockSupport.java:175)
        at java.util.concurrent.locks.AbstractQueuedSynchronizer$ConditionObject.await(AbstractQueuedSynchronizer.java:2039)
        at java.util.concurrent.ArrayBlockingQueue.take(ArrayBlockingQueue.java:403)
        at java.util.concurrent.ThreadPoolExecutor.getTask(ThreadPoolExecutor.java:1074)
        at java.util.concurrent.ThreadPoolExecutor.runWorker(ThreadPoolExecutor.java:1134)
        at java.util.concurrent.ThreadPoolExecutor$Worker.run(ThreadPoolExecutor.java:624)
        at java.lang.Thread.run(Thread.java:748)
"metrics-hadoop-metrics2-reporter-61-thread-1" daemon prio=5 tid=1035 timed_waiting
java.lang.Thread.State: TIMED_WAITING
        at sun.misc.Unsafe.park(Native Method)
        at java.util.concurrent.locks.LockSupport.parkNanos(LockSupport.java:215)
        at java.util.concurrent.locks.AbstractQueuedSynchronizer$ConditionObject.awaitNanos(AbstractQueuedSynchronizer.java:2078)
        at java.util.concurrent.ScheduledThreadPoolExecutor$DelayedWorkQueue.take(ScheduledThreadPoolExecutor.java:1093)
        at java.util.concurrent.ScheduledThreadPoolExecutor$DelayedWorkQueue.take(ScheduledThreadPoolExecutor.java:809)
        at java.util.concurrent.ThreadPoolExecutor.getTask(ThreadPoolExecutor.java:1074)
        at java.util.concurrent.ThreadPoolExecutor.runWorker(ThreadPoolExecutor.java:1134)
        at java.util.concurrent.ThreadPoolExecutor$Worker.run(ThreadPoolExecutor.java:624)
        at java.lang.Thread.run(Thread.java:748)
"pool-56-thread-59"  prio=5 tid=579 in Object.wait()
java.lang.Thread.State: WAITING (on object monitor)
        at sun.misc.Unsafe.park(Native Method)
        at java.util.concurrent.locks.LockSupport.park(LockSupport.java:175)
        at java.util.concurrent.locks.AbstractQueuedSynchronizer$ConditionObject.await(AbstractQueuedSynchronizer.java:2039)
        at java.util.concurrent.ArrayBlockingQueue.take(ArrayBlockingQueue.java:403)
        at java.util.concurrent.ThreadPoolExecutor.getTask(ThreadPoolExecutor.java:1074)
        at java.util.concurrent.ThreadPoolExecutor.runWorker(ThreadPoolExecutor.java:1134)
        at java.util.concurrent.ThreadPoolExecutor$Worker.run(ThreadPoolExecutor.java:624)
        at java.lang.Thread.run(Thread.java:748)
"pool-76-thread-12"  prio=5 tid=663 in Object.wait()
java.lang.Thread.State: WAITING (on object monitor)
        at sun.misc.Unsafe.park(Native Method)
        at java.util.concurrent.locks.LockSupport.park(LockSupport.java:175)
        at java.util.concurrent.locks.AbstractQueuedSynchronizer$ConditionObject.await(AbstractQueuedSynchronizer.java:2039)
        at java.util.concurrent.ArrayBlockingQueue.take(ArrayBlockingQueue.java:403)
        at java.util.concurrent.ThreadPoolExecutor.getTask(ThreadPoolExecutor.java:1074)
        at java.util.concurrent.ThreadPoolExecutor.runWorker(ThreadPoolExecutor.java:1134)
        at java.util.concurrent.ThreadPoolExecutor$Worker.run(ThreadPoolExecutor.java:624)
        at java.lang.Thread.run(Thread.java:748)
"qtp1168956689-324" daemon prio=5 tid=324 timed_waiting
java.lang.Thread.State: TIMED_WAITING
        at sun.misc.Unsafe.park(Native Method)
        at java.util.concurrent.locks.LockSupport.parkNanos(LockSupport.java:215)
        at java.util.concurrent.locks.AbstractQueuedSynchronizer$ConditionObject.awaitNanos(AbstractQueuedSynchronizer.java:2078)
        at org.eclipse.jetty.util.BlockingArrayQueue.poll(BlockingArrayQueue.java:392)
        at org.eclipse.jetty.util.thread.QueuedThreadPool.idleJobPoll(QueuedThreadPool.java:563)
        at org.eclipse.jetty.util.thread.QueuedThreadPool.access$800(QueuedThreadPool.java:48)
        at org.eclipse.jetty.util.thread.QueuedThreadPool$2.run(QueuedThreadPool.java:626)
        at java.lang.Thread.run(Thread.java:748)
"Thread-262" daemon prio=5 tid=848 timed_waiting
java.lang.Thread.State: TIMED_WAITING
        at sun.misc.Unsafe.park(Native Method)
        at java.util.concurrent.locks.LockSupport.parkNanos(LockSupport.java:215)
        at java.util.concurrent.locks.AbstractQueuedSynchronizer$ConditionObject.awaitNanos(AbstractQueuedSynchronizer.java:2078)
        at java.util.concurrent.ArrayBlockingQueue.poll(ArrayBlockingQueue.java:418)
        at org.apache.ratis.server.impl.LeaderState$EventQueue.poll(LeaderState.java:115)
        at org.apache.ratis.server.impl.LeaderState$EventProcessor.run(LeaderState.java:467)
"qtp1168956689-322-acceptor-0@2046978e-ServerConnector@372ca2d6{HTTP/1.1,[http/1.1]}{0.0.0.0:44495}" daemon prio=3 tid=322 runnable
java.lang.Thread.State: RUNNABLE
        at sun.nio.ch.ServerSocketChannelImpl.accept0(Native Method)
        at sun.nio.ch.ServerSocketChannelImpl.accept(ServerSocketChannelImpl.java:422)
        at sun.nio.ch.ServerSocketChannelImpl.accept(ServerSocketChannelImpl.java:250)
        at org.eclipse.jetty.server.ServerConnector.accept(ServerConnector.java:397)
        at org.eclipse.jetty.server.AbstractConnector$Acceptor.run(AbstractConnector.java:601)
        at org.eclipse.jetty.util.thread.QueuedThreadPool.runJob(QueuedThreadPool.java:671)
        at org.eclipse.jetty.util.thread.QueuedThreadPool$2.run(QueuedThreadPool.java:589)
        at java.lang.Thread.run(Thread.java:748)
"org.apache.hadoop.util.JvmPauseMonitor$Monitor@687a762c" daemon prio=5 tid=103 timed_waiting
java.lang.Thread.State: TIMED_WAITING
        at java.lang.Thread.sleep(Native Method)
        at org.apache.hadoop.util.JvmPauseMonitor$Monitor.run(JvmPauseMonitor.java:192)
        at java.lang.Thread.run(Thread.java:748)
"Datanode ReportManager Thread - 1" daemon prio=5 tid=226 in Object.wait()
java.lang.Thread.State: WAITING (on object monitor)
        at sun.misc.Unsafe.park(Native Method)
        at java.util.concurrent.locks.LockSupport.park(LockSupport.java:175)
        at java.util.concurrent.locks.AbstractQueuedSynchronizer$ConditionObject.await(AbstractQueuedSynchronizer.java:2039)
        at java.util.concurrent.ScheduledThreadPoolExecutor$DelayedWorkQueue.take(ScheduledThreadPoolExecutor.java:1088)
        at java.util.concurrent.ScheduledThreadPoolExecutor$DelayedWorkQueue.take(ScheduledThreadPoolExecutor.java:809)
        at java.util.concurrent.ThreadPoolExecutor.getTask(ThreadPoolExecutor.java:1074)
        at java.util.concurrent.ThreadPoolExecutor.runWorker(ThreadPoolExecutor.java:1134)
        at java.util.concurrent.ThreadPoolExecutor$Worker.run(ThreadPoolExecutor.java:624)
        at java.lang.Thread.run(Thread.java:748)
"IPC Server handler 1 on 45589" daemon prio=5 tid=30 timed_waiting
java.lang.Thread.State: TIMED_WAITING
        at sun.misc.Unsafe.park(Native Method)
        at java.util.concurrent.locks.LockSupport.parkNanos(LockSupport.java:215)
        at java.util.concurrent.locks.AbstractQueuedSynchronizer$ConditionObject.awaitNanos(AbstractQueuedSynchronizer.java:2078)
        at java.util.concurrent.LinkedBlockingQueue.poll(LinkedBlockingQueue.java:467)
        at org.apache.hadoop.ipc.CallQueueManager.take(CallQueueManager.java:288)
        at org.apache.hadoop.ipc.Server$Handler.run(Server.java:2668)
"qtp1981708431-188" daemon prio=5 tid=188 timed_waiting
java.lang.Thread.State: TIMED_WAITING
        at sun.misc.Unsafe.park(Native Method)
        at java.util.concurrent.locks.LockSupport.parkNanos(LockSupport.java:215)
        at java.util.concurrent.locks.AbstractQueuedSynchronizer$ConditionObject.awaitNanos(AbstractQueuedSynchronizer.java:2078)
        at org.eclipse.jetty.util.BlockingArrayQueue.poll(BlockingArrayQueue.java:392)
        at org.eclipse.jetty.util.thread.QueuedThreadPool.idleJobPoll(QueuedThreadPool.java:563)
        at org.eclipse.jetty.util.thread.QueuedThreadPool.access$800(QueuedThreadPool.java:48)
        at org.eclipse.jetty.util.thread.QueuedThreadPool$2.run(QueuedThreadPool.java:626)
        at java.lang.Thread.run(Thread.java:748)
"pool-86-thread-5"  prio=5 tid=718 in Object.wait()
java.lang.Thread.State: WAITING (on object monitor)
        at sun.misc.Unsafe.park(Native Method)
        at java.util.concurrent.locks.LockSupport.park(LockSupport.java:175)
        at java.util.concurrent.locks.AbstractQueuedSynchronizer$ConditionObject.await(AbstractQueuedSynchronizer.java:2039)
        at java.util.concurrent.ArrayBlockingQueue.take(ArrayBlockingQueue.java:403)
        at java.util.concurrent.ThreadPoolExecutor.getTask(ThreadPoolExecutor.java:1074)
        at java.util.concurrent.ThreadPoolExecutor.runWorker(ThreadPoolExecutor.java:1134)
        at java.util.concurrent.ThreadPoolExecutor$Worker.run(ThreadPoolExecutor.java:624)
        at java.lang.Thread.run(Thread.java:748)
"pool-46-thread-30"  prio=5 tid=440 in Object.wait()
java.lang.Thread.State: WAITING (on object monitor)
        at sun.misc.Unsafe.park(Native Method)
        at java.util.concurrent.locks.LockSupport.park(LockSupport.java:175)
        at java.util.concurrent.locks.AbstractQueuedSynchronizer$ConditionObject.await(AbstractQueuedSynchronizer.java:2039)
        at java.util.concurrent.ArrayBlockingQueue.take(ArrayBlockingQueue.java:403)
        at java.util.concurrent.ThreadPoolExecutor.getTask(ThreadPoolExecutor.java:1074)
        at java.util.concurrent.ThreadPoolExecutor.runWorker(ThreadPoolExecutor.java:1134)
        at java.util.concurrent.ThreadPoolExecutor$Worker.run(ThreadPoolExecutor.java:624)
        at java.lang.Thread.run(Thread.java:748)
"pool-46-thread-34"  prio=5 tid=452 in Object.wait()
java.lang.Thread.State: WAITING (on object monitor)
        at sun.misc.Unsafe.park(Native Method)
        at java.util.concurrent.locks.LockSupport.park(LockSupport.java:175)
        at java.util.concurrent.locks.AbstractQueuedSynchronizer$ConditionObject.await(AbstractQueuedSynchronizer.java:2039)
        at java.util.concurrent.ArrayBlockingQueue.take(ArrayBlockingQueue.java:403)
        at java.util.concurrent.ThreadPoolExecutor.getTask(ThreadPoolExecutor.java:1074)
        at java.util.concurrent.ThreadPoolExecutor.runWorker(ThreadPoolExecutor.java:1134)
        at java.util.concurrent.ThreadPoolExecutor$Worker.run(ThreadPoolExecutor.java:624)
        at java.lang.Thread.run(Thread.java:748)
"qtp1187146208-218" daemon prio=5 tid=218 timed_waiting
java.lang.Thread.State: TIMED_WAITING
        at sun.misc.Unsafe.park(Native Method)
        at java.util.concurrent.locks.LockSupport.parkNanos(LockSupport.java:215)
        at java.util.concurrent.locks.AbstractQueuedSynchronizer$ConditionObject.awaitNanos(AbstractQueuedSynchronizer.java:2078)
        at org.eclipse.jetty.util.BlockingArrayQueue.poll(BlockingArrayQueue.java:392)
        at org.eclipse.jetty.util.thread.QueuedThreadPool.idleJobPoll(QueuedThreadPool.java:563)
        at org.eclipse.jetty.util.thread.QueuedThreadPool.access$800(QueuedThreadPool.java:48)
        at org.eclipse.jetty.util.thread.QueuedThreadPool$2.run(QueuedThreadPool.java:626)
        at java.lang.Thread.run(Thread.java:748)
"qtp1991386317-137-acceptor-0@5353e805-ServerConnector@41aaedaa{HTTP/1.1,[http/1.1]}{0.0.0.0:42851}" daemon prio=3 tid=137 runnable
java.lang.Thread.State: RUNNABLE
        at sun.nio.ch.ServerSocketChannelImpl.accept0(Native Method)
        at sun.nio.ch.ServerSocketChannelImpl.accept(ServerSocketChannelImpl.java:422)
        at sun.nio.ch.ServerSocketChannelImpl.accept(ServerSocketChannelImpl.java:250)
        at org.eclipse.jetty.server.ServerConnector.accept(ServerConnector.java:397)
        at org.eclipse.jetty.server.AbstractConnector$Acceptor.run(AbstractConnector.java:601)
        at org.eclipse.jetty.util.thread.QueuedThreadPool.runJob(QueuedThreadPool.java:671)
        at org.eclipse.jetty.util.thread.QueuedThreadPool$2.run(QueuedThreadPool.java:589)
        at java.lang.Thread.run(Thread.java:748)
"pool-46-thread-38"  prio=5 tid=463 in Object.wait()
java.lang.Thread.State: WAITING (on object monitor)
        at sun.misc.Unsafe.park(Native Method)
        at java.util.concurrent.locks.LockSupport.park(LockSupport.java:175)
        at java.util.concurrent.locks.AbstractQueuedSynchronizer$ConditionObject.await(AbstractQueuedSynchronizer.java:2039)
        at java.util.concurrent.ArrayBlockingQueue.take(ArrayBlockingQueue.java:403)
        at java.util.concurrent.ThreadPoolExecutor.getTask(ThreadPoolExecutor.java:1074)
        at java.util.concurrent.ThreadPoolExecutor.runWorker(ThreadPoolExecutor.java:1134)
        at java.util.concurrent.ThreadPoolExecutor$Worker.run(ThreadPoolExecutor.java:624)
        at java.lang.Thread.run(Thread.java:748)
"IPC Server listener on 36674" daemon prio=5 tid=14 runnable
java.lang.Thread.State: RUNNABLE
        at sun.nio.ch.EPollArrayWrapper.epollWait(Native Method)
        at sun.nio.ch.EPollArrayWrapper.poll(EPollArrayWrapper.java:269)
        at sun.nio.ch.EPollSelectorImpl.doSelect(EPollSelectorImpl.java:93)
        at sun.nio.ch.SelectorImpl.lockAndDoSelect(SelectorImpl.java:86)
        at sun.nio.ch.SelectorImpl.select(SelectorImpl.java:97)
        at sun.nio.ch.SelectorImpl.select(SelectorImpl.java:101)
        at org.apache.hadoop.ipc.Server$Listener.run(Server.java:1159)
"pool-86-thread-4"  prio=5 tid=717 in Object.wait()
java.lang.Thread.State: WAITING (on object monitor)
        at sun.misc.Unsafe.park(Native Method)
        at java.util.concurrent.locks.LockSupport.park(LockSupport.java:175)
        at java.util.concurrent.locks.AbstractQueuedSynchronizer$ConditionObject.await(AbstractQueuedSynchronizer.java:2039)
        at java.util.concurrent.ArrayBlockingQueue.take(ArrayBlockingQueue.java:403)
        at java.util.concurrent.ThreadPoolExecutor.getTask(ThreadPoolExecutor.java:1074)
        at java.util.concurrent.ThreadPoolExecutor.runWorker(ThreadPoolExecutor.java:1134)
        at java.util.concurrent.ThreadPoolExecutor$Worker.run(ThreadPoolExecutor.java:624)
        at java.lang.Thread.run(Thread.java:748)
"pool-56-thread-4"  prio=5 tid=524 in Object.wait()
java.lang.Thread.State: WAITING (on object monitor)
        at sun.misc.Unsafe.park(Native Method)
        at java.util.concurrent.locks.LockSupport.park(LockSupport.java:175)
        at java.util.concurrent.locks.AbstractQueuedSynchronizer$ConditionObject.await(AbstractQueuedSynchronizer.java:2039)
        at java.util.concurrent.ArrayBlockingQueue.take(ArrayBlockingQueue.java:403)
        at java.util.concurrent.ThreadPoolExecutor.getTask(ThreadPoolExecutor.java:1074)
        at java.util.concurrent.ThreadPoolExecutor.runWorker(ThreadPoolExecutor.java:1134)
        at java.util.concurrent.ThreadPoolExecutor$Worker.run(ThreadPoolExecutor.java:624)
        at java.lang.Thread.run(Thread.java:748)
"Datanode ReportManager Thread - 0" daemon prio=5 tid=333 in Object.wait()
java.lang.Thread.State: WAITING (on object monitor)
        at sun.misc.Unsafe.park(Native Method)
        at java.util.concurrent.locks.LockSupport.park(LockSupport.java:175)
        at java.util.concurrent.locks.AbstractQueuedSynchronizer$ConditionObject.await(AbstractQueuedSynchronizer.java:2039)
        at java.util.concurrent.ScheduledThreadPoolExecutor$DelayedWorkQueue.take(ScheduledThreadPoolExecutor.java:1088)
        at java.util.concurrent.ScheduledThreadPoolExecutor$DelayedWorkQueue.take(ScheduledThreadPoolExecutor.java:809)
        at java.util.concurrent.ThreadPoolExecutor.getTask(ThreadPoolExecutor.java:1074)
        at java.util.concurrent.ThreadPoolExecutor.runWorker(ThreadPoolExecutor.java:1134)
        at java.util.concurrent.ThreadPoolExecutor$Worker.run(ThreadPoolExecutor.java:624)
        at java.lang.Thread.run(Thread.java:748)
"org.eclipse.jetty.server.session.HashSessionManager@25aeb5acTimer" daemon prio=5 tid=329 timed_waiting
java.lang.Thread.State: TIMED_WAITING
        at sun.misc.Unsafe.park(Native Method)
        at java.util.concurrent.locks.LockSupport.parkNanos(LockSupport.java:215)
        at java.util.concurrent.locks.AbstractQueuedSynchronizer$ConditionObject.awaitNanos(AbstractQueuedSynchronizer.java:2078)
        at java.util.concurrent.ScheduledThreadPoolExecutor$DelayedWorkQueue.take(ScheduledThreadPoolExecutor.java:1093)
        at java.util.concurrent.ScheduledThreadPoolExecutor$DelayedWorkQueue.take(ScheduledThreadPoolExecutor.java:809)
        at java.util.concurrent.ThreadPoolExecutor.getTask(ThreadPoolExecutor.java:1074)
        at java.util.concurrent.ThreadPoolExecutor.runWorker(ThreadPoolExecutor.java:1134)
        at java.util.concurrent.ThreadPoolExecutor$Worker.run(ThreadPoolExecutor.java:624)
        at java.lang.Thread.run(Thread.java:748)
"grpc-default-worker-ELG-3-4" daemon prio=5 tid=789 runnable
java.lang.Thread.State: RUNNABLE
        at sun.nio.ch.EPollArrayWrapper.epollWait(Native Method)
        at sun.nio.ch.EPollArrayWrapper.poll(EPollArrayWrapper.java:269)
        at sun.nio.ch.EPollSelectorImpl.doSelect(EPollSelectorImpl.java:93)
        at sun.nio.ch.SelectorImpl.lockAndDoSelect(SelectorImpl.java:86)
        at sun.nio.ch.SelectorImpl.select(SelectorImpl.java:97)
        at org.apache.ratis.thirdparty.io.netty.channel.nio.SelectedSelectionKeySetSelector.select(SelectedSelectionKeySetSelector.java:62)
        at org.apache.ratis.thirdparty.io.netty.channel.nio.NioEventLoop.select(NioEventLoop.java:753)
        at org.apache.ratis.thirdparty.io.netty.channel.nio.NioEventLoop.run(NioEventLoop.java:408)
        at org.apache.ratis.thirdparty.io.netty.util.concurrent.SingleThreadEventExecutor$5.run(SingleThreadEventExecutor.java:897)
        at org.apache.ratis.thirdparty.io.netty.util.concurrent.FastThreadLocalRunnable.run(FastThreadLocalRunnable.java:30)
        at java.lang.Thread.run(Thread.java:748)
"grpc-default-executor-0" daemon prio=5 tid=786 timed_waiting
java.lang.Thread.State: TIMED_WAITING
        at sun.misc.Unsafe.park(Native Method)
        at java.util.concurrent.locks.LockSupport.parkNanos(LockSupport.java:215)
        at java.util.concurrent.SynchronousQueue$TransferStack.awaitFulfill(SynchronousQueue.java:460)
        at java.util.concurrent.SynchronousQueue$TransferStack.transfer(SynchronousQueue.java:362)
        at java.util.concurrent.SynchronousQueue.poll(SynchronousQueue.java:941)
        at java.util.concurrent.ThreadPoolExecutor.getTask(ThreadPoolExecutor.java:1073)
        at java.util.concurrent.ThreadPoolExecutor.runWorker(ThreadPoolExecutor.java:1134)
        at java.util.concurrent.ThreadPoolExecutor$Worker.run(ThreadPoolExecutor.java:624)
        at java.lang.Thread.run(Thread.java:748)
"pool-66-thread-8"  prio=5 tid=588 in Object.wait()
java.lang.Thread.State: WAITING (on object monitor)
        at sun.misc.Unsafe.park(Native Method)
        at java.util.concurrent.locks.LockSupport.park(LockSupport.java:175)
        at java.util.concurrent.locks.AbstractQueuedSynchronizer$ConditionObject.await(AbstractQueuedSynchronizer.java:2039)
        at java.util.concurrent.ArrayBlockingQueue.take(ArrayBlockingQueue.java:403)
        at java.util.concurrent.ThreadPoolExecutor.getTask(ThreadPoolExecutor.java:1074)
        at java.util.concurrent.ThreadPoolExecutor.runWorker(ThreadPoolExecutor.java:1134)
        at java.util.concurrent.ThreadPoolExecutor$Worker.run(ThreadPoolExecutor.java:624)
        at java.lang.Thread.run(Thread.java:748)
"pool-46-thread-2"  prio=5 tid=344 in Object.wait()
java.lang.Thread.State: WAITING (on object monitor)
        at sun.misc.Unsafe.park(Native Method)
        at java.util.concurrent.locks.LockSupport.park(LockSupport.java:175)
        at java.util.concurrent.locks.AbstractQueuedSynchronizer$ConditionObject.await(AbstractQueuedSynchronizer.java:2039)
        at java.util.concurrent.ArrayBlockingQueue.take(ArrayBlockingQueue.java:403)
        at java.util.concurrent.ThreadPoolExecutor.getTask(ThreadPoolExecutor.java:1074)
        at java.util.concurrent.ThreadPoolExecutor.runWorker(ThreadPoolExecutor.java:1134)
        at java.util.concurrent.ThreadPoolExecutor$Worker.run(ThreadPoolExecutor.java:624)
        at java.lang.Thread.run(Thread.java:748)
"metrics-hadoop-metrics2-reporter-13-thread-1" daemon prio=5 tid=820 timed_waiting
java.lang.Thread.State: TIMED_WAITING
        at sun.misc.Unsafe.park(Native Method)
        at java.util.concurrent.locks.LockSupport.parkNanos(LockSupport.java:215)
        at java.util.concurrent.locks.AbstractQueuedSynchronizer$ConditionObject.awaitNanos(AbstractQueuedSynchronizer.java:2078)
        at java.util.concurrent.ScheduledThreadPoolExecutor$DelayedWorkQueue.take(ScheduledThreadPoolExecutor.java:1093)
        at java.util.concurrent.ScheduledThreadPoolExecutor$DelayedWorkQueue.take(ScheduledThreadPoolExecutor.java:809)
        at java.util.concurrent.ThreadPoolExecutor.getTask(ThreadPoolExecutor.java:1074)
        at java.util.concurrent.ThreadPoolExecutor.runWorker(ThreadPoolExecutor.java:1134)
        at java.util.concurrent.ThreadPoolExecutor$Worker.run(ThreadPoolExecutor.java:624)
        at java.lang.Thread.run(Thread.java:748)
"qtp1187146208-215" daemon prio=5 tid=215 timed_waiting
java.lang.Thread.State: TIMED_WAITING
        at sun.misc.Unsafe.park(Native Method)
        at java.util.concurrent.locks.LockSupport.parkNanos(LockSupport.java:215)
        at java.util.concurrent.locks.AbstractQueuedSynchronizer$ConditionObject.awaitNanos(AbstractQueuedSynchronizer.java:2078)
        at org.eclipse.jetty.util.BlockingArrayQueue.poll(BlockingArrayQueue.java:392)
        at org.eclipse.jetty.util.thread.QueuedThreadPool.idleJobPoll(QueuedThreadPool.java:563)
        at org.eclipse.jetty.util.thread.QueuedThreadPool.access$800(QueuedThreadPool.java:48)
        at org.eclipse.jetty.util.thread.QueuedThreadPool$2.run(QueuedThreadPool.java:626)
        at java.lang.Thread.run(Thread.java:748)
"pool-36-thread-55"  prio=5 tid=505 in Object.wait()
java.lang.Thread.State: WAITING (on object monitor)
        at sun.misc.Unsafe.park(Native Method)
        at java.util.concurrent.locks.LockSupport.park(LockSupport.java:175)
        at java.util.concurrent.locks.AbstractQueuedSynchronizer$ConditionObject.await(AbstractQueuedSynchronizer.java:2039)
        at java.util.concurrent.ArrayBlockingQueue.take(ArrayBlockingQueue.java:403)
        at java.util.concurrent.ThreadPoolExecutor.getTask(ThreadPoolExecutor.java:1074)
        at java.util.concurrent.ThreadPoolExecutor.runWorker(ThreadPoolExecutor.java:1134)
        at java.util.concurrent.ThreadPoolExecutor$Worker.run(ThreadPoolExecutor.java:624)
        at java.lang.Thread.run(Thread.java:748)
"pool-36-thread-28"  prio=5 tid=426 in Object.wait()
java.lang.Thread.State: WAITING (on object monitor)
        at sun.misc.Unsafe.park(Native Method)
        at java.util.concurrent.locks.LockSupport.park(LockSupport.java:175)
        at java.util.concurrent.locks.AbstractQueuedSynchronizer$ConditionObject.await(AbstractQueuedSynchronizer.java:2039)
        at java.util.concurrent.ArrayBlockingQueue.take(ArrayBlockingQueue.java:403)
        at java.util.concurrent.ThreadPoolExecutor.getTask(ThreadPoolExecutor.java:1074)
        at java.util.concurrent.ThreadPoolExecutor.runWorker(ThreadPoolExecutor.java:1134)
        at java.util.concurrent.ThreadPoolExecutor$Worker.run(ThreadPoolExecutor.java:624)
        at java.lang.Thread.run(Thread.java:748)
"pool-36-thread-7"  prio=5 tid=359 in Object.wait()
java.lang.Thread.State: WAITING (on object monitor)
        at sun.misc.Unsafe.park(Native Method)
        at java.util.concurrent.locks.LockSupport.park(LockSupport.java:175)
        at java.util.concurrent.locks.AbstractQueuedSynchronizer$ConditionObject.await(AbstractQueuedSynchronizer.java:2039)
        at java.util.concurrent.ArrayBlockingQueue.take(ArrayBlockingQueue.java:403)
        at java.util.concurrent.ThreadPoolExecutor.getTask(ThreadPoolExecutor.java:1074)
        at java.util.concurrent.ThreadPoolExecutor.runWorker(ThreadPoolExecutor.java:1134)
        at java.util.concurrent.ThreadPoolExecutor$Worker.run(ThreadPoolExecutor.java:624)
        at java.lang.Thread.run(Thread.java:748)
"pool-27-thread-1"  prio=5 tid=790 in Object.wait()
java.lang.Thread.State: WAITING (on object monitor)
        at sun.misc.Unsafe.park(Native Method)
        at java.util.concurrent.locks.LockSupport.park(LockSupport.java:175)
        at java.util.concurrent.locks.AbstractQueuedSynchronizer$ConditionObject.await(AbstractQueuedSynchronizer.java:2039)
        at java.util.concurrent.LinkedBlockingQueue.take(LinkedBlockingQueue.java:442)
        at java.util.concurrent.ThreadPoolExecutor.getTask(ThreadPoolExecutor.java:1074)
        at java.util.concurrent.ThreadPoolExecutor.runWorker(ThreadPoolExecutor.java:1134)
        at java.util.concurrent.ThreadPoolExecutor$Worker.run(ThreadPoolExecutor.java:624)
        at java.lang.Thread.run(Thread.java:748)
"pool-74-thread-1" daemon prio=5 tid=291 timed_waiting
java.lang.Thread.State: TIMED_WAITING
        at sun.misc.Unsafe.park(Native Method)
        at java.util.concurrent.locks.LockSupport.parkNanos(LockSupport.java:215)
        at java.util.concurrent.locks.AbstractQueuedSynchronizer$ConditionObject.awaitNanos(AbstractQueuedSynchronizer.java:2078)
        at java.util.concurrent.ScheduledThreadPoolExecutor$DelayedWorkQueue.take(ScheduledThreadPoolExecutor.java:1093)
        at java.util.concurrent.ScheduledThreadPoolExecutor$DelayedWorkQueue.take(ScheduledThreadPoolExecutor.java:809)
        at java.util.concurrent.ThreadPoolExecutor.getTask(ThreadPoolExecutor.java:1074)
        at java.util.concurrent.ThreadPoolExecutor.runWorker(ThreadPoolExecutor.java:1134)
        at java.util.concurrent.ThreadPoolExecutor$Worker.run(ThreadPoolExecutor.java:624)
        at java.lang.Thread.run(Thread.java:748)
"qtp820627987-159" daemon prio=5 tid=159 runnable
java.lang.Thread.State: RUNNABLE
        at sun.nio.ch.EPollArrayWrapper.epollWait(Native Method)
        at sun.nio.ch.EPollArrayWrapper.poll(EPollArrayWrapper.java:269)
        at sun.nio.ch.EPollSelectorImpl.doSelect(EPollSelectorImpl.java:93)
        at sun.nio.ch.SelectorImpl.lockAndDoSelect(SelectorImpl.java:86)
        at sun.nio.ch.SelectorImpl.select(SelectorImpl.java:97)
        at sun.nio.ch.SelectorImpl.select(SelectorImpl.java:101)
        at org.eclipse.jetty.io.ManagedSelector$SelectorProducer.select(ManagedSelector.java:243)
        at org.eclipse.jetty.io.ManagedSelector$SelectorProducer.produce(ManagedSelector.java:191)
        at org.eclipse.jetty.util.thread.strategy.ExecuteProduceConsume.executeProduceConsume(ExecuteProduceConsume.java:249)
        at org.eclipse.jetty.util.thread.strategy.ExecuteProduceConsume.produceConsume(ExecuteProduceConsume.java:148)
        at org.eclipse.jetty.util.thread.strategy.ExecuteProduceConsume.execute(ExecuteProduceConsume.java:100)
        at org.eclipse.jetty.io.ManagedSelector.run(ManagedSelector.java:147)
        at org.eclipse.jetty.util.thread.QueuedThreadPool.runJob(QueuedThreadPool.java:671)
        at org.eclipse.jetty.util.thread.QueuedThreadPool$2.run(QueuedThreadPool.java:589)
        at java.lang.Thread.run(Thread.java:748)
"5660bff8-81d7-4c91-ad16-c2423c1e0bda@group-649E1086AFD6-SegmentedRaftLogWorker"  prio=5 tid=865 timed_waiting
java.lang.Thread.State: TIMED_WAITING
        at sun.misc.Unsafe.park(Native Method)
        at java.util.concurrent.locks.LockSupport.parkNanos(LockSupport.java:215)
        at java.util.concurrent.locks.AbstractQueuedSynchronizer$ConditionObject.awaitNanos(AbstractQueuedSynchronizer.java:2078)
        at org.apache.ratis.util.DataBlockingQueue.poll(DataBlockingQueue.java:137)
        at org.apache.ratis.server.raftlog.segmented.SegmentedRaftLogWorker.run(SegmentedRaftLogWorker.java:282)
        at java.lang.Thread.run(Thread.java:748)
"pool-56-thread-19"  prio=5 tid=539 in Object.wait()
java.lang.Thread.State: WAITING (on object monitor)
        at sun.misc.Unsafe.park(Native Method)
        at java.util.concurrent.locks.LockSupport.park(LockSupport.java:175)
        at java.util.concurrent.locks.AbstractQueuedSynchronizer$ConditionObject.await(AbstractQueuedSynchronizer.java:2039)
        at java.util.concurrent.ArrayBlockingQueue.take(ArrayBlockingQueue.java:403)
        at java.util.concurrent.ThreadPoolExecutor.getTask(ThreadPoolExecutor.java:1074)
        at java.util.concurrent.ThreadPoolExecutor.runWorker(ThreadPoolExecutor.java:1134)
        at java.util.concurrent.ThreadPoolExecutor$Worker.run(ThreadPoolExecutor.java:624)
        at java.lang.Thread.run(Thread.java:748)
"Thread-249" daemon prio=5 tid=817 timed_waiting
java.lang.Thread.State: TIMED_WAITING
        at sun.misc.Unsafe.park(Native Method)
        at java.util.concurrent.locks.LockSupport.parkNanos(LockSupport.java:215)
        at java.util.concurrent.locks.AbstractQueuedSynchronizer$ConditionObject.awaitNanos(AbstractQueuedSynchronizer.java:2078)
        at java.util.concurrent.ArrayBlockingQueue.poll(ArrayBlockingQueue.java:418)
        at org.apache.ratis.server.impl.LeaderState$EventQueue.poll(LeaderState.java:115)
        at org.apache.ratis.server.impl.LeaderState$EventProcessor.run(LeaderState.java:467)
"IPC Server handler 1 on 44783" daemon prio=5 tid=115 timed_waiting
java.lang.Thread.State: TIMED_WAITING
        at sun.misc.Unsafe.park(Native Method)
        at java.util.concurrent.locks.LockSupport.parkNanos(LockSupport.java:215)
        at java.util.concurrent.locks.AbstractQueuedSynchronizer$ConditionObject.awaitNanos(AbstractQueuedSynchronizer.java:2078)
        at java.util.concurrent.LinkedBlockingQueue.poll(LinkedBlockingQueue.java:467)
        at org.apache.hadoop.ipc.CallQueueManager.take(CallQueueManager.java:288)
        at org.apache.hadoop.ipc.Server$Handler.run(Server.java:2668)
"pool-36-thread-39"  prio=5 tid=461 in Object.wait()
java.lang.Thread.State: WAITING (on object monitor)
        at sun.misc.Unsafe.park(Native Method)
        at java.util.concurrent.locks.LockSupport.park(LockSupport.java:175)
        at java.util.concurrent.locks.AbstractQueuedSynchronizer$ConditionObject.await(AbstractQueuedSynchronizer.java:2039)
        at java.util.concurrent.ArrayBlockingQueue.take(ArrayBlockingQueue.java:403)
        at java.util.concurrent.ThreadPoolExecutor.getTask(ThreadPoolExecutor.java:1074)
        at java.util.concurrent.ThreadPoolExecutor.runWorker(ThreadPoolExecutor.java:1134)
        at java.util.concurrent.ThreadPoolExecutor$Worker.run(ThreadPoolExecutor.java:624)
        at java.lang.Thread.run(Thread.java:748)
"metrics-hadoop-metrics2-reporter-6-thread-1" daemon prio=5 tid=806 timed_waiting
java.lang.Thread.State: TIMED_WAITING
        at sun.misc.Unsafe.park(Native Method)
        at java.util.concurrent.locks.LockSupport.parkNanos(LockSupport.java:215)
        at java.util.concurrent.locks.AbstractQueuedSynchronizer$ConditionObject.awaitNanos(AbstractQueuedSynchronizer.java:2078)
        at java.util.concurrent.ScheduledThreadPoolExecutor$DelayedWorkQueue.take(ScheduledThreadPoolExecutor.java:1093)
        at java.util.concurrent.ScheduledThreadPoolExecutor$DelayedWorkQueue.take(ScheduledThreadPoolExecutor.java:809)
        at java.util.concurrent.ThreadPoolExecutor.getTask(ThreadPoolExecutor.java:1074)
        at java.util.concurrent.ThreadPoolExecutor.runWorker(ThreadPoolExecutor.java:1134)
        at java.util.concurrent.ThreadPoolExecutor$Worker.run(ThreadPoolExecutor.java:624)
        at java.lang.Thread.run(Thread.java:748)
"EventQueue-PipelineReportForPipelineReportHandler" daemon prio=5 tid=781 in Object.wait()
java.lang.Thread.State: WAITING (on object monitor)
        at sun.misc.Unsafe.park(Native Method)
        at java.util.concurrent.locks.LockSupport.park(LockSupport.java:175)
        at java.util.concurrent.locks.AbstractQueuedSynchronizer$ConditionObject.await(AbstractQueuedSynchronizer.java:2039)
        at java.util.concurrent.LinkedBlockingQueue.take(LinkedBlockingQueue.java:442)
        at java.util.concurrent.ThreadPoolExecutor.getTask(ThreadPoolExecutor.java:1074)
        at java.util.concurrent.ThreadPoolExecutor.runWorker(ThreadPoolExecutor.java:1134)
        at java.util.concurrent.ThreadPoolExecutor$Worker.run(ThreadPoolExecutor.java:624)
        at java.lang.Thread.run(Thread.java:748)
"pool-36-thread-36"  prio=5 tid=454 in Object.wait()
java.lang.Thread.State: WAITING (on object monitor)
        at sun.misc.Unsafe.park(Native Method)
        at java.util.concurrent.locks.LockSupport.park(LockSupport.java:175)
        at java.util.concurrent.locks.AbstractQueuedSynchronizer$ConditionObject.await(AbstractQueuedSynchronizer.java:2039)
        at java.util.concurrent.ArrayBlockingQueue.take(ArrayBlockingQueue.java:403)
        at java.util.concurrent.ThreadPoolExecutor.getTask(ThreadPoolExecutor.java:1074)
        at java.util.concurrent.ThreadPoolExecutor.runWorker(ThreadPoolExecutor.java:1134)
        at java.util.concurrent.ThreadPoolExecutor$Worker.run(ThreadPoolExecutor.java:624)
        at java.lang.Thread.run(Thread.java:748)
"pool-46-thread-35"  prio=5 tid=455 in Object.wait()
java.lang.Thread.State: WAITING (on object monitor)
        at sun.misc.Unsafe.park(Native Method)
        at java.util.concurrent.locks.LockSupport.park(LockSupport.java:175)
        at java.util.concurrent.locks.AbstractQueuedSynchronizer$ConditionObject.await(AbstractQueuedSynchronizer.java:2039)
        at java.util.concurrent.ArrayBlockingQueue.take(ArrayBlockingQueue.java:403)
        at java.util.concurrent.ThreadPoolExecutor.getTask(ThreadPoolExecutor.java:1074)
        at java.util.concurrent.ThreadPoolExecutor.runWorker(ThreadPoolExecutor.java:1134)
        at java.util.concurrent.ThreadPoolExecutor$Worker.run(ThreadPoolExecutor.java:624)
        at java.lang.Thread.run(Thread.java:748)
"pool-26-thread-17"  prio=5 tid=386 in Object.wait()
java.lang.Thread.State: WAITING (on object monitor)
        at sun.misc.Unsafe.park(Native Method)
        at java.util.concurrent.locks.LockSupport.park(LockSupport.java:175)
        at java.util.concurrent.locks.AbstractQueuedSynchronizer$ConditionObject.await(AbstractQueuedSynchronizer.java:2039)
        at java.util.concurrent.ArrayBlockingQueue.take(ArrayBlockingQueue.java:403)
        at java.util.concurrent.ThreadPoolExecutor.getTask(ThreadPoolExecutor.java:1074)
        at java.util.concurrent.ThreadPoolExecutor.runWorker(ThreadPoolExecutor.java:1134)
        at java.util.concurrent.ThreadPoolExecutor$Worker.run(ThreadPoolExecutor.java:624)
        at java.lang.Thread.run(Thread.java:748)
"Datanode ReportManager Thread - 1" daemon prio=5 tid=307 in Object.wait()
java.lang.Thread.State: WAITING (on object monitor)
        at sun.misc.Unsafe.park(Native Method)
        at java.util.concurrent.locks.LockSupport.park(LockSupport.java:175)
        at java.util.concurrent.locks.AbstractQueuedSynchronizer$ConditionObject.await(AbstractQueuedSynchronizer.java:2039)
        at java.util.concurrent.ScheduledThreadPoolExecutor$DelayedWorkQueue.take(ScheduledThreadPoolExecutor.java:1088)
        at java.util.concurrent.ScheduledThreadPoolExecutor$DelayedWorkQueue.take(ScheduledThreadPoolExecutor.java:809)
        at java.util.concurrent.ThreadPoolExecutor.getTask(ThreadPoolExecutor.java:1074)
        at java.util.concurrent.ThreadPoolExecutor.runWorker(ThreadPoolExecutor.java:1134)
        at java.util.concurrent.ThreadPoolExecutor$Worker.run(ThreadPoolExecutor.java:624)
        at java.lang.Thread.run(Thread.java:748)
"metrics-hadoop-metrics2-reporter-62-thread-1" daemon prio=5 tid=1036 timed_waiting
java.lang.Thread.State: TIMED_WAITING
        at sun.misc.Unsafe.park(Native Method)
        at java.util.concurrent.locks.LockSupport.parkNanos(LockSupport.java:215)
        at java.util.concurrent.locks.AbstractQueuedSynchronizer$ConditionObject.awaitNanos(AbstractQueuedSynchronizer.java:2078)
        at java.util.concurrent.ScheduledThreadPoolExecutor$DelayedWorkQueue.take(ScheduledThreadPoolExecutor.java:1093)
        at java.util.concurrent.ScheduledThreadPoolExecutor$DelayedWorkQueue.take(ScheduledThreadPoolExecutor.java:809)
        at java.util.concurrent.ThreadPoolExecutor.getTask(ThreadPoolExecutor.java:1074)
        at java.util.concurrent.ThreadPoolExecutor.runWorker(ThreadPoolExecutor.java:1134)
        at java.util.concurrent.ThreadPoolExecutor$Worker.run(ThreadPoolExecutor.java:624)
        at java.lang.Thread.run(Thread.java:748)
"pool-86-thread-25"  prio=5 tid=738 in Object.wait()
java.lang.Thread.State: WAITING (on object monitor)
        at sun.misc.Unsafe.park(Native Method)
        at java.util.concurrent.locks.LockSupport.park(LockSupport.java:175)
        at java.util.concurrent.locks.AbstractQueuedSynchronizer$ConditionObject.await(AbstractQueuedSynchronizer.java:2039)
        at java.util.concurrent.ArrayBlockingQueue.take(ArrayBlockingQueue.java:403)
        at java.util.concurrent.ThreadPoolExecutor.getTask(ThreadPoolExecutor.java:1074)
        at java.util.concurrent.ThreadPoolExecutor.runWorker(ThreadPoolExecutor.java:1134)
        at java.util.concurrent.ThreadPoolExecutor$Worker.run(ThreadPoolExecutor.java:624)
        at java.lang.Thread.run(Thread.java:748)
"pool-86-thread-1"  prio=5 tid=714 in Object.wait()
java.lang.Thread.State: WAITING (on object monitor)
        at sun.misc.Unsafe.park(Native Method)
        at java.util.concurrent.locks.LockSupport.park(LockSupport.java:175)
        at java.util.concurrent.locks.AbstractQueuedSynchronizer$ConditionObject.await(AbstractQueuedSynchronizer.java:2039)
        at java.util.concurrent.ArrayBlockingQueue.take(ArrayBlockingQueue.java:403)
        at java.util.concurrent.ThreadPoolExecutor.getTask(ThreadPoolExecutor.java:1074)
        at java.util.concurrent.ThreadPoolExecutor.runWorker(ThreadPoolExecutor.java:1134)
        at java.util.concurrent.ThreadPoolExecutor$Worker.run(ThreadPoolExecutor.java:624)
        at java.lang.Thread.run(Thread.java:748)
"pool-36-thread-4"  prio=5 tid=350 in Object.wait()
java.lang.Thread.State: WAITING (on object monitor)
        at sun.misc.Unsafe.park(Native Method)
        at java.util.concurrent.locks.LockSupport.park(LockSupport.java:175)
        at java.util.concurrent.locks.AbstractQueuedSynchronizer$ConditionObject.await(AbstractQueuedSynchronizer.java:2039)
        at java.util.concurrent.ArrayBlockingQueue.take(ArrayBlockingQueue.java:403)
        at java.util.concurrent.ThreadPoolExecutor.getTask(ThreadPoolExecutor.java:1074)
        at java.util.concurrent.ThreadPoolExecutor.runWorker(ThreadPoolExecutor.java:1134)
        at java.util.concurrent.ThreadPoolExecutor$Worker.run(ThreadPoolExecutor.java:624)
        at java.lang.Thread.run(Thread.java:748)
"pool-56-thread-16"  prio=5 tid=536 in Object.wait()
java.lang.Thread.State: WAITING (on object monitor)
        at sun.misc.Unsafe.park(Native Method)
        at java.util.concurrent.locks.LockSupport.park(LockSupport.java:175)
        at java.util.concurrent.locks.AbstractQueuedSynchronizer$ConditionObject.await(AbstractQueuedSynchronizer.java:2039)
        at java.util.concurrent.ArrayBlockingQueue.take(ArrayBlockingQueue.java:403)
        at java.util.concurrent.ThreadPoolExecutor.getTask(ThreadPoolExecutor.java:1074)
        at java.util.concurrent.ThreadPoolExecutor.runWorker(ThreadPoolExecutor.java:1134)
        at java.util.concurrent.ThreadPoolExecutor$Worker.run(ThreadPoolExecutor.java:624)
        at java.lang.Thread.run(Thread.java:748)
"pool-46-thread-48"  prio=5 tid=497 in Object.wait()
java.lang.Thread.State: WAITING (on object monitor)
        at sun.misc.Unsafe.park(Native Method)
        at java.util.concurrent.locks.LockSupport.park(LockSupport.java:175)
        at java.util.concurrent.locks.AbstractQueuedSynchronizer$ConditionObject.await(AbstractQueuedSynchronizer.java:2039)
        at java.util.concurrent.ArrayBlockingQueue.take(ArrayBlockingQueue.java:403)
        at java.util.concurrent.ThreadPoolExecutor.getTask(ThreadPoolExecutor.java:1074)
        at java.util.concurrent.ThreadPoolExecutor.runWorker(ThreadPoolExecutor.java:1134)
        at java.util.concurrent.ThreadPoolExecutor$Worker.run(ThreadPoolExecutor.java:624)
        at java.lang.Thread.run(Thread.java:748)
"IPC Server handler 16 on 44783" daemon prio=5 tid=131 timed_waiting
java.lang.Thread.State: TIMED_WAITING
        at sun.misc.Unsafe.park(Native Method)
        at java.util.concurrent.locks.LockSupport.parkNanos(LockSupport.java:215)
        at java.util.concurrent.locks.AbstractQueuedSynchronizer$ConditionObject.awaitNanos(AbstractQueuedSynchronizer.java:2078)
        at java.util.concurrent.LinkedBlockingQueue.poll(LinkedBlockingQueue.java:467)
        at org.apache.hadoop.ipc.CallQueueManager.take(CallQueueManager.java:288)
        at org.apache.hadoop.ipc.Server$Handler.run(Server.java:2668)
"qtp2013613908-244" daemon prio=5 tid=244 timed_waiting
java.lang.Thread.State: TIMED_WAITING
        at sun.misc.Unsafe.park(Native Method)
        at java.util.concurrent.locks.LockSupport.parkNanos(LockSupport.java:215)
        at java.util.concurrent.locks.AbstractQueuedSynchronizer$ConditionObject.awaitNanos(AbstractQueuedSynchronizer.java:2078)
        at org.eclipse.jetty.util.BlockingArrayQueue.poll(BlockingArrayQueue.java:392)
        at org.eclipse.jetty.util.thread.QueuedThreadPool.idleJobPoll(QueuedThreadPool.java:563)
        at org.eclipse.jetty.util.thread.QueuedThreadPool.access$800(QueuedThreadPool.java:48)
        at org.eclipse.jetty.util.thread.QueuedThreadPool$2.run(QueuedThreadPool.java:626)
        at java.lang.Thread.run(Thread.java:748)
"metrics-hadoop-metrics2-reporter-29-thread-1" daemon prio=5 tid=858 timed_waiting
java.lang.Thread.State: TIMED_WAITING
        at sun.misc.Unsafe.park(Native Method)
        at java.util.concurrent.locks.LockSupport.parkNanos(LockSupport.java:215)
        at java.util.concurrent.locks.AbstractQueuedSynchronizer$ConditionObject.awaitNanos(AbstractQueuedSynchronizer.java:2078)
        at java.util.concurrent.ScheduledThreadPoolExecutor$DelayedWorkQueue.take(ScheduledThreadPoolExecutor.java:1093)
        at java.util.concurrent.ScheduledThreadPoolExecutor$DelayedWorkQueue.take(ScheduledThreadPoolExecutor.java:809)
        at java.util.concurrent.ThreadPoolExecutor.getTask(ThreadPoolExecutor.java:1074)
        at java.util.concurrent.ThreadPoolExecutor.runWorker(ThreadPoolExecutor.java:1134)
        at java.util.concurrent.ThreadPoolExecutor$Worker.run(ThreadPoolExecutor.java:624)
        at java.lang.Thread.run(Thread.java:748)
"Datanode ReportManager Thread - 2" daemon prio=5 tid=308 timed_waiting
java.lang.Thread.State: TIMED_WAITING
        at sun.misc.Unsafe.park(Native Method)
        at java.util.concurrent.locks.LockSupport.parkNanos(LockSupport.java:215)
        at java.util.concurrent.locks.AbstractQueuedSynchronizer$ConditionObject.awaitNanos(AbstractQueuedSynchronizer.java:2078)
        at java.util.concurrent.ScheduledThreadPoolExecutor$DelayedWorkQueue.take(ScheduledThreadPoolExecutor.java:1093)
        at java.util.concurrent.ScheduledThreadPoolExecutor$DelayedWorkQueue.take(ScheduledThreadPoolExecutor.java:809)
        at java.util.concurrent.ThreadPoolExecutor.getTask(ThreadPoolExecutor.java:1074)
        at java.util.concurrent.ThreadPoolExecutor.runWorker(ThreadPoolExecutor.java:1134)
        at java.util.concurrent.ThreadPoolExecutor$Worker.run(ThreadPoolExecutor.java:624)
        at java.lang.Thread.run(Thread.java:748)
"qtp721395199-271" daemon prio=5 tid=271 timed_waiting
java.lang.Thread.State: TIMED_WAITING
        at sun.misc.Unsafe.park(Native Method)
        at java.util.concurrent.locks.LockSupport.parkNanos(LockSupport.java:215)
        at java.util.concurrent.locks.AbstractQueuedSynchronizer$ConditionObject.awaitNanos(AbstractQueuedSynchronizer.java:2078)
        at org.eclipse.jetty.util.BlockingArrayQueue.poll(BlockingArrayQueue.java:392)
        at org.eclipse.jetty.util.thread.QueuedThreadPool.idleJobPoll(QueuedThreadPool.java:563)
        at org.eclipse.jetty.util.thread.QueuedThreadPool.access$800(QueuedThreadPool.java:48)
        at org.eclipse.jetty.util.thread.QueuedThreadPool$2.run(QueuedThreadPool.java:626)
        at java.lang.Thread.run(Thread.java:748)
"refreshUsed-/workdir/hadoop-ozone/integration-test/target/test-dir/MiniOzoneClusterImpl-f68115de-5278-4c94-9b3d-9176cb3c0071/datanode-0/data/containers" daemon prio=5 tid=154 timed_waiting
java.lang.Thread.State: TIMED_WAITING
        at java.lang.Thread.sleep(Native Method)
        at org.apache.hadoop.fs.CachingGetSpaceUsed$RefreshThread.run(CachingGetSpaceUsed.java:179)
        at java.lang.Thread.run(Thread.java:748)
"pool-86-thread-28"  prio=5 tid=741 in Object.wait()
java.lang.Thread.State: WAITING (on object monitor)
        at sun.misc.Unsafe.park(Native Method)
        at java.util.concurrent.locks.LockSupport.park(LockSupport.java:175)
        at java.util.concurrent.locks.AbstractQueuedSynchronizer$ConditionObject.await(AbstractQueuedSynchronizer.java:2039)
        at java.util.concurrent.ArrayBlockingQueue.take(ArrayBlockingQueue.java:403)
        at java.util.concurrent.ThreadPoolExecutor.getTask(ThreadPoolExecutor.java:1074)
        at java.util.concurrent.ThreadPoolExecutor.runWorker(ThreadPoolExecutor.java:1134)
        at java.util.concurrent.ThreadPoolExecutor$Worker.run(ThreadPoolExecutor.java:624)
        at java.lang.Thread.run(Thread.java:748)
"pool-26-thread-33"  prio=5 tid=428 in Object.wait()
java.lang.Thread.State: WAITING (on object monitor)
        at sun.misc.Unsafe.park(Native Method)
        at java.util.concurrent.locks.LockSupport.park(LockSupport.java:175)
        at java.util.concurrent.locks.AbstractQueuedSynchronizer$ConditionObject.await(AbstractQueuedSynchronizer.java:2039)
        at java.util.concurrent.ArrayBlockingQueue.take(ArrayBlockingQueue.java:403)
        at java.util.concurrent.ThreadPoolExecutor.getTask(ThreadPoolExecutor.java:1074)
        at java.util.concurrent.ThreadPoolExecutor.runWorker(ThreadPoolExecutor.java:1134)
        at java.util.concurrent.ThreadPoolExecutor$Worker.run(ThreadPoolExecutor.java:624)
        at java.lang.Thread.run(Thread.java:748)
"pool-86-thread-45"  prio=5 tid=758 in Object.wait()
java.lang.Thread.State: WAITING (on object monitor)
        at sun.misc.Unsafe.park(Native Method)
        at java.util.concurrent.locks.LockSupport.park(LockSupport.java:175)
        at java.util.concurrent.locks.AbstractQueuedSynchronizer$ConditionObject.await(AbstractQueuedSynchronizer.java:2039)
        at java.util.concurrent.ArrayBlockingQueue.take(ArrayBlockingQueue.java:403)
        at java.util.concurrent.ThreadPoolExecutor.getTask(ThreadPoolExecutor.java:1074)
        at java.util.concurrent.ThreadPoolExecutor.runWorker(ThreadPoolExecutor.java:1134)
        at java.util.concurrent.ThreadPoolExecutor$Worker.run(ThreadPoolExecutor.java:624)
        at java.lang.Thread.run(Thread.java:748)
"Thread-438" daemon prio=5 tid=1098 timed_waiting
java.lang.Thread.State: TIMED_WAITING
        at java.lang.Thread.sleep(Native Method)
        at org.apache.ratis.util.JavaUtils.sleep(JavaUtils.java:247)
        at org.apache.ratis.server.impl.FollowerState.run(FollowerState.java:97)
"CommandWatcher-LeaseManager#LeaseMonitor" daemon prio=5 tid=28 timed_waiting
java.lang.Thread.State: TIMED_WAITING
        at java.lang.Thread.sleep(Native Method)
        at org.apache.hadoop.ozone.lease.LeaseManager$LeaseMonitor.run(LeaseManager.java:234)
        at java.lang.Thread.run(Thread.java:748)
"pool-56-thread-25"  prio=5 tid=545 in Object.wait()
java.lang.Thread.State: WAITING (on object monitor)
        at sun.misc.Unsafe.park(Native Method)
        at java.util.concurrent.locks.LockSupport.park(LockSupport.java:175)
        at java.util.concurrent.locks.AbstractQueuedSynchronizer$ConditionObject.await(AbstractQueuedSynchronizer.java:2039)
        at java.util.concurrent.ArrayBlockingQueue.take(ArrayBlockingQueue.java:403)
        at java.util.concurrent.ThreadPoolExecutor.getTask(ThreadPoolExecutor.java:1074)
        at java.util.concurrent.ThreadPoolExecutor.runWorker(ThreadPoolExecutor.java:1134)
        at java.util.concurrent.ThreadPoolExecutor$Worker.run(ThreadPoolExecutor.java:624)
        at java.lang.Thread.run(Thread.java:748)
"pool-46-thread-41"  prio=5 tid=471 in Object.wait()
java.lang.Thread.State: WAITING (on object monitor)
        at sun.misc.Unsafe.park(Native Method)
        at java.util.concurrent.locks.LockSupport.park(LockSupport.java:175)
        at java.util.concurrent.locks.AbstractQueuedSynchronizer$ConditionObject.await(AbstractQueuedSynchronizer.java:2039)
        at java.util.concurrent.ArrayBlockingQueue.take(ArrayBlockingQueue.java:403)
        at java.util.concurrent.ThreadPoolExecutor.getTask(ThreadPoolExecutor.java:1074)
        at java.util.concurrent.ThreadPoolExecutor.runWorker(ThreadPoolExecutor.java:1134)
        at java.util.concurrent.ThreadPoolExecutor$Worker.run(ThreadPoolExecutor.java:624)
        at java.lang.Thread.run(Thread.java:748)
"pool-46-thread-32"  prio=5 tid=448 in Object.wait()
java.lang.Thread.State: WAITING (on object monitor)
        at sun.misc.Unsafe.park(Native Method)
        at java.util.concurrent.locks.LockSupport.park(LockSupport.java:175)
        at java.util.concurrent.locks.AbstractQueuedSynchronizer$ConditionObject.await(AbstractQueuedSynchronizer.java:2039)
        at java.util.concurrent.ArrayBlockingQueue.take(ArrayBlockingQueue.java:403)
        at java.util.concurrent.ThreadPoolExecutor.getTask(ThreadPoolExecutor.java:1074)
        at java.util.concurrent.ThreadPoolExecutor.runWorker(ThreadPoolExecutor.java:1134)
        at java.util.concurrent.ThreadPoolExecutor$Worker.run(ThreadPoolExecutor.java:624)
        at java.lang.Thread.run(Thread.java:748)
"metrics-hadoop-metrics2-reporter-58-thread-1" daemon prio=5 tid=1029 timed_waiting
java.lang.Thread.State: TIMED_WAITING
        at sun.misc.Unsafe.park(Native Method)
        at java.util.concurrent.locks.LockSupport.parkNanos(LockSupport.java:215)
        at java.util.concurrent.locks.AbstractQueuedSynchronizer$ConditionObject.awaitNanos(AbstractQueuedSynchronizer.java:2078)
        at java.util.concurrent.ScheduledThreadPoolExecutor$DelayedWorkQueue.take(ScheduledThreadPoolExecutor.java:1093)
        at java.util.concurrent.ScheduledThreadPoolExecutor$DelayedWorkQueue.take(ScheduledThreadPoolExecutor.java:809)
        at java.util.concurrent.ThreadPoolExecutor.getTask(ThreadPoolExecutor.java:1074)
        at java.util.concurrent.ThreadPoolExecutor.runWorker(ThreadPoolExecutor.java:1134)
        at java.util.concurrent.ThreadPoolExecutor$Worker.run(ThreadPoolExecutor.java:624)
        at java.lang.Thread.run(Thread.java:748)
"org.eclipse.jetty.server.session.HashSessionManager@548e76f1Timer" daemon prio=5 tid=99 timed_waiting
java.lang.Thread.State: TIMED_WAITING
        at sun.misc.Unsafe.park(Native Method)
        at java.util.concurrent.locks.LockSupport.parkNanos(LockSupport.java:215)
        at java.util.concurrent.locks.AbstractQueuedSynchronizer$ConditionObject.awaitNanos(AbstractQueuedSynchronizer.java:2078)
        at java.util.concurrent.ScheduledThreadPoolExecutor$DelayedWorkQueue.take(ScheduledThreadPoolExecutor.java:1093)
        at java.util.concurrent.ScheduledThreadPoolExecutor$DelayedWorkQueue.take(ScheduledThreadPoolExecutor.java:809)
        at java.util.concurrent.ThreadPoolExecutor.getTask(ThreadPoolExecutor.java:1074)
        at java.util.concurrent.ThreadPoolExecutor.runWorker(ThreadPoolExecutor.java:1134)
        at java.util.concurrent.ThreadPoolExecutor$Worker.run(ThreadPoolExecutor.java:624)
        at java.lang.Thread.run(Thread.java:748)
"pool-46-thread-60"  prio=5 tid=520 in Object.wait()
java.lang.Thread.State: WAITING (on object monitor)
        at sun.misc.Unsafe.park(Native Method)
        at java.util.concurrent.locks.LockSupport.park(LockSupport.java:175)
        at java.util.concurrent.locks.AbstractQueuedSynchronizer$ConditionObject.await(AbstractQueuedSynchronizer.java:2039)
        at java.util.concurrent.ArrayBlockingQueue.take(ArrayBlockingQueue.java:403)
        at java.util.concurrent.ThreadPoolExecutor.getTask(ThreadPoolExecutor.java:1074)
        at java.util.concurrent.ThreadPoolExecutor.runWorker(ThreadPoolExecutor.java:1134)
        at java.util.concurrent.ThreadPoolExecutor$Worker.run(ThreadPoolExecutor.java:624)
        at java.lang.Thread.run(Thread.java:748)
"IPC Parameter Sending Thread #0" daemon prio=5 tid=105 timed_waiting
java.lang.Thread.State: TIMED_WAITING
        at sun.misc.Unsafe.park(Native Method)
        at java.util.concurrent.locks.LockSupport.parkNanos(LockSupport.java:215)
        at java.util.concurrent.SynchronousQueue$TransferStack.awaitFulfill(SynchronousQueue.java:460)
        at java.util.concurrent.SynchronousQueue$TransferStack.transfer(SynchronousQueue.java:362)
        at java.util.concurrent.SynchronousQueue.poll(SynchronousQueue.java:941)
        at java.util.concurrent.ThreadPoolExecutor.getTask(ThreadPoolExecutor.java:1073)
        at java.util.concurrent.ThreadPoolExecutor.runWorker(ThreadPoolExecutor.java:1134)
        at java.util.concurrent.ThreadPoolExecutor$Worker.run(ThreadPoolExecutor.java:624)
        at java.lang.Thread.run(Thread.java:748)
"pool-46-thread-26"  prio=5 tid=420 in Object.wait()
java.lang.Thread.State: WAITING (on object monitor)
        at sun.misc.Unsafe.park(Native Method)
        at java.util.concurrent.locks.LockSupport.park(LockSupport.java:175)
        at java.util.concurrent.locks.AbstractQueuedSynchronizer$ConditionObject.await(AbstractQueuedSynchronizer.java:2039)
        at java.util.concurrent.ArrayBlockingQueue.take(ArrayBlockingQueue.java:403)
        at java.util.concurrent.ThreadPoolExecutor.getTask(ThreadPoolExecutor.java:1074)
        at java.util.concurrent.ThreadPoolExecutor.runWorker(ThreadPoolExecutor.java:1134)
        at java.util.concurrent.ThreadPoolExecutor$Worker.run(ThreadPoolExecutor.java:624)
        at java.lang.Thread.run(Thread.java:748)
"pool-21-thread-1"  prio=5 tid=135 timed_waiting
java.lang.Thread.State: TIMED_WAITING
        at sun.misc.Unsafe.park(Native Method)
        at java.util.concurrent.locks.LockSupport.parkNanos(LockSupport.java:215)
        at java.util.concurrent.locks.AbstractQueuedSynchronizer$ConditionObject.awaitNanos(AbstractQueuedSynchronizer.java:2078)
        at java.util.concurrent.ScheduledThreadPoolExecutor$DelayedWorkQueue.take(ScheduledThreadPoolExecutor.java:1093)
        at java.util.concurrent.ScheduledThreadPoolExecutor$DelayedWorkQueue.take(ScheduledThreadPoolExecutor.java:809)
        at java.util.concurrent.ThreadPoolExecutor.getTask(ThreadPoolExecutor.java:1074)
        at java.util.concurrent.ThreadPoolExecutor.runWorker(ThreadPoolExecutor.java:1134)
        at java.util.concurrent.ThreadPoolExecutor$Worker.run(ThreadPoolExecutor.java:624)
        at java.lang.Thread.run(Thread.java:748)
"pool-56-thread-14"  prio=5 tid=534 in Object.wait()
java.lang.Thread.State: WAITING (on object monitor)
        at sun.misc.Unsafe.park(Native Method)
        at java.util.concurrent.locks.LockSupport.park(LockSupport.java:175)
        at java.util.concurrent.locks.AbstractQueuedSynchronizer$ConditionObject.await(AbstractQueuedSynchronizer.java:2039)
        at java.util.concurrent.ArrayBlockingQueue.take(ArrayBlockingQueue.java:403)
        at java.util.concurrent.ThreadPoolExecutor.getTask(ThreadPoolExecutor.java:1074)
        at java.util.concurrent.ThreadPoolExecutor.runWorker(ThreadPoolExecutor.java:1134)
        at java.util.concurrent.ThreadPoolExecutor$Worker.run(ThreadPoolExecutor.java:624)
        at java.lang.Thread.run(Thread.java:748)
"Periodic HDDS volume checker"  prio=5 tid=260 timed_waiting
java.lang.Thread.State: TIMED_WAITING
        at sun.misc.Unsafe.park(Native Method)
        at java.util.concurrent.locks.LockSupport.parkNanos(LockSupport.java:215)
        at java.util.concurrent.locks.AbstractQueuedSynchronizer$ConditionObject.awaitNanos(AbstractQueuedSynchronizer.java:2078)
        at java.util.concurrent.ScheduledThreadPoolExecutor$DelayedWorkQueue.take(ScheduledThreadPoolExecutor.java:1093)
        at java.util.concurrent.ScheduledThreadPoolExecutor$DelayedWorkQueue.take(ScheduledThreadPoolExecutor.java:809)
        at java.util.concurrent.ThreadPoolExecutor.getTask(ThreadPoolExecutor.java:1074)
        at java.util.concurrent.ThreadPoolExecutor.runWorker(ThreadPoolExecutor.java:1134)
        at java.util.concurrent.ThreadPoolExecutor$Worker.run(ThreadPoolExecutor.java:624)
        at java.lang.Thread.run(Thread.java:748)
"IPC Server handler 16 on 45290" daemon prio=5 tid=65 timed_waiting
java.lang.Thread.State: TIMED_WAITING
        at sun.misc.Unsafe.park(Native Method)
        at java.util.concurrent.locks.LockSupport.parkNanos(LockSupport.java:215)
        at java.util.concurrent.locks.AbstractQueuedSynchronizer$ConditionObject.awaitNanos(AbstractQueuedSynchronizer.java:2078)
        at java.util.concurrent.LinkedBlockingQueue.poll(LinkedBlockingQueue.java:467)
        at org.apache.hadoop.ipc.CallQueueManager.take(CallQueueManager.java:288)
        at org.apache.hadoop.ipc.Server$Handler.run(Server.java:2668)
"pool-36-thread-1"  prio=5 tid=342 in Object.wait()
java.lang.Thread.State: WAITING (on object monitor)
        at sun.misc.Unsafe.park(Native Method)
        at java.util.concurrent.locks.LockSupport.park(LockSupport.java:175)
        at java.util.concurrent.locks.AbstractQueuedSynchronizer$ConditionObject.await(AbstractQueuedSynchronizer.java:2039)
        at java.util.concurrent.ArrayBlockingQueue.take(ArrayBlockingQueue.java:403)
        at java.util.concurrent.ThreadPoolExecutor.getTask(ThreadPoolExecutor.java:1074)
        at java.util.concurrent.ThreadPoolExecutor.runWorker(ThreadPoolExecutor.java:1134)
        at java.util.concurrent.ThreadPoolExecutor$Worker.run(ThreadPoolExecutor.java:624)
        at java.lang.Thread.run(Thread.java:748)
"IPC Server handler 3 on 45290" daemon prio=5 tid=52 timed_waiting
java.lang.Thread.State: TIMED_WAITING
        at sun.misc.Unsafe.park(Native Method)
        at java.util.concurrent.locks.LockSupport.parkNanos(LockSupport.java:215)
        at java.util.concurrent.locks.AbstractQueuedSynchronizer$ConditionObject.awaitNanos(AbstractQueuedSynchronizer.java:2078)
        at java.util.concurrent.LinkedBlockingQueue.poll(LinkedBlockingQueue.java:467)
        at org.apache.hadoop.ipc.CallQueueManager.take(CallQueueManager.java:288)
        at org.apache.hadoop.ipc.Server$Handler.run(Server.java:2668)
"pool-76-thread-10"  prio=5 tid=661 in Object.wait()
java.lang.Thread.State: WAITING (on object monitor)
        at sun.misc.Unsafe.park(Native Method)
        at java.util.concurrent.locks.LockSupport.park(LockSupport.java:175)
        at java.util.concurrent.locks.AbstractQueuedSynchronizer$ConditionObject.await(AbstractQueuedSynchronizer.java:2039)
        at java.util.concurrent.ArrayBlockingQueue.take(ArrayBlockingQueue.java:403)
        at java.util.concurrent.ThreadPoolExecutor.getTask(ThreadPoolExecutor.java:1074)
        at java.util.concurrent.ThreadPoolExecutor.runWorker(ThreadPoolExecutor.java:1134)
        at java.util.concurrent.ThreadPoolExecutor$Worker.run(ThreadPoolExecutor.java:624)
        at java.lang.Thread.run(Thread.java:748)
"pool-76-thread-6"  prio=5 tid=657 in Object.wait()
java.lang.Thread.State: WAITING (on object monitor)
        at sun.misc.Unsafe.park(Native Method)
        at java.util.concurrent.locks.LockSupport.park(LockSupport.java:175)
        at java.util.concurrent.locks.AbstractQueuedSynchronizer$ConditionObject.await(AbstractQueuedSynchronizer.java:2039)
        at java.util.concurrent.ArrayBlockingQueue.take(ArrayBlockingQueue.java:403)
        at java.util.concurrent.ThreadPoolExecutor.getTask(ThreadPoolExecutor.java:1074)
        at java.util.concurrent.ThreadPoolExecutor.runWorker(ThreadPoolExecutor.java:1134)
        at java.util.concurrent.ThreadPoolExecutor$Worker.run(ThreadPoolExecutor.java:624)
        at java.lang.Thread.run(Thread.java:748)
"pool-36-thread-46"  prio=5 tid=484 in Object.wait()
java.lang.Thread.State: WAITING (on object monitor)
        at sun.misc.Unsafe.park(Native Method)
        at java.util.concurrent.locks.LockSupport.park(LockSupport.java:175)
        at java.util.concurrent.locks.AbstractQueuedSynchronizer$ConditionObject.await(AbstractQueuedSynchronizer.java:2039)
        at java.util.concurrent.ArrayBlockingQueue.take(ArrayBlockingQueue.java:403)
        at java.util.concurrent.ThreadPoolExecutor.getTask(ThreadPoolExecutor.java:1074)
        at java.util.concurrent.ThreadPoolExecutor.runWorker(ThreadPoolExecutor.java:1134)
        at java.util.concurrent.ThreadPoolExecutor$Worker.run(ThreadPoolExecutor.java:624)
        at java.lang.Thread.run(Thread.java:748)
"pool-76-thread-58"  prio=5 tid=709 in Object.wait()
java.lang.Thread.State: WAITING (on object monitor)
        at sun.misc.Unsafe.park(Native Method)
        at java.util.concurrent.locks.LockSupport.park(LockSupport.java:175)
        at java.util.concurrent.locks.AbstractQueuedSynchronizer$ConditionObject.await(AbstractQueuedSynchronizer.java:2039)
        at java.util.concurrent.ArrayBlockingQueue.take(ArrayBlockingQueue.java:403)
        at java.util.concurrent.ThreadPoolExecutor.getTask(ThreadPoolExecutor.java:1074)
        at java.util.concurrent.ThreadPoolExecutor.runWorker(ThreadPoolExecutor.java:1134)
        at java.util.concurrent.ThreadPoolExecutor$Worker.run(ThreadPoolExecutor.java:624)
        at java.lang.Thread.run(Thread.java:748)
"pool-36-thread-19"  prio=5 tid=395 in Object.wait()
java.lang.Thread.State: WAITING (on object monitor)
        at sun.misc.Unsafe.park(Native Method)
        at java.util.concurrent.locks.LockSupport.park(LockSupport.java:175)
        at java.util.concurrent.locks.AbstractQueuedSynchronizer$ConditionObject.await(AbstractQueuedSynchronizer.java:2039)
        at java.util.concurrent.ArrayBlockingQueue.take(ArrayBlockingQueue.java:403)
        at java.util.concurrent.ThreadPoolExecutor.getTask(ThreadPoolExecutor.java:1074)
        at java.util.concurrent.ThreadPoolExecutor.runWorker(ThreadPoolExecutor.java:1134)
        at java.util.concurrent.ThreadPoolExecutor$Worker.run(ThreadPoolExecutor.java:624)
        at java.lang.Thread.run(Thread.java:748)
"EventQueue-NodeRegistrationContainerReportForDataNodeSafeModeRule" daemon prio=5 tid=780 in Object.wait()
java.lang.Thread.State: WAITING (on object monitor)
        at sun.misc.Unsafe.park(Native Method)
        at java.util.concurrent.locks.LockSupport.park(LockSupport.java:175)
        at java.util.concurrent.locks.AbstractQueuedSynchronizer$ConditionObject.await(AbstractQueuedSynchronizer.java:2039)
        at java.util.concurrent.LinkedBlockingQueue.take(LinkedBlockingQueue.java:442)
        at java.util.concurrent.ThreadPoolExecutor.getTask(ThreadPoolExecutor.java:1074)
        at java.util.concurrent.ThreadPoolExecutor.runWorker(ThreadPoolExecutor.java:1134)
        at java.util.concurrent.ThreadPoolExecutor$Worker.run(ThreadPoolExecutor.java:624)
        at java.lang.Thread.run(Thread.java:748)
"pool-56-thread-52"  prio=5 tid=572 in Object.wait()
java.lang.Thread.State: WAITING (on object monitor)
        at sun.misc.Unsafe.park(Native Method)
        at java.util.concurrent.locks.LockSupport.park(LockSupport.java:175)
        at java.util.concurrent.locks.AbstractQueuedSynchronizer$ConditionObject.await(AbstractQueuedSynchronizer.java:2039)
        at java.util.concurrent.ArrayBlockingQueue.take(ArrayBlockingQueue.java:403)
        at java.util.concurrent.ThreadPoolExecutor.getTask(ThreadPoolExecutor.java:1074)
        at java.util.concurrent.ThreadPoolExecutor.runWorker(ThreadPoolExecutor.java:1134)
        at java.util.concurrent.ThreadPoolExecutor$Worker.run(ThreadPoolExecutor.java:624)
        at java.lang.Thread.run(Thread.java:748)
"IPC Server handler 2 on 45290" daemon prio=5 tid=51 timed_waiting
java.lang.Thread.State: TIMED_WAITING
        at sun.misc.Unsafe.park(Native Method)
        at java.util.concurrent.locks.LockSupport.parkNanos(LockSupport.java:215)
        at java.util.concurrent.locks.AbstractQueuedSynchronizer$ConditionObject.awaitNanos(AbstractQueuedSynchronizer.java:2078)
        at java.util.concurrent.LinkedBlockingQueue.poll(LinkedBlockingQueue.java:467)
        at org.apache.hadoop.ipc.CallQueueManager.take(CallQueueManager.java:288)
        at org.apache.hadoop.ipc.Server$Handler.run(Server.java:2668)
"IPC Server handler 17 on 45290" daemon prio=5 tid=66 timed_waiting
java.lang.Thread.State: TIMED_WAITING
        at sun.misc.Unsafe.park(Native Method)
        at java.util.concurrent.locks.LockSupport.parkNanos(LockSupport.java:215)
        at java.util.concurrent.locks.AbstractQueuedSynchronizer$ConditionObject.awaitNanos(AbstractQueuedSynchronizer.java:2078)
        at java.util.concurrent.LinkedBlockingQueue.poll(LinkedBlockingQueue.java:467)
        at org.apache.hadoop.ipc.CallQueueManager.take(CallQueueManager.java:288)
        at org.apache.hadoop.ipc.Server$Handler.run(Server.java:2668)
"pool-90-thread-1"  prio=5 tid=320 timed_waiting
java.lang.Thread.State: TIMED_WAITING
        at sun.misc.Unsafe.park(Native Method)
        at java.util.concurrent.locks.LockSupport.parkNanos(LockSupport.java:215)
        at java.util.concurrent.locks.AbstractQueuedSynchronizer$ConditionObject.awaitNanos(AbstractQueuedSynchronizer.java:2078)
        at java.util.concurrent.ScheduledThreadPoolExecutor$DelayedWorkQueue.take(ScheduledThreadPoolExecutor.java:1093)
        at java.util.concurrent.ScheduledThreadPoolExecutor$DelayedWorkQueue.take(ScheduledThreadPoolExecutor.java:809)
        at java.util.concurrent.ThreadPoolExecutor.getTask(ThreadPoolExecutor.java:1074)
        at java.util.concurrent.ThreadPoolExecutor.runWorker(ThreadPoolExecutor.java:1134)
        at java.util.concurrent.ThreadPoolExecutor$Worker.run(ThreadPoolExecutor.java:624)
        at java.lang.Thread.run(Thread.java:748)
"Datanode State Machine Thread - 0" daemon prio=5 tid=305 timed_waiting
java.lang.Thread.State: TIMED_WAITING
        at java.lang.Thread.sleep(Native Method)
        at org.apache.hadoop.ozone.container.common.statemachine.DatanodeStateMachine.start(DatanodeStateMachine.java:191)
        at org.apache.hadoop.ozone.container.common.statemachine.DatanodeStateMachine.lambda$startDaemon$0(DatanodeStateMachine.java:349)
        at org.apache.hadoop.ozone.container.common.statemachine.DatanodeStateMachine$$Lambda$140/690051320.run(Unknown Source)
        at java.lang.Thread.run(Thread.java:748)
"pool-46-thread-54"  prio=5 tid=514 in Object.wait()
java.lang.Thread.State: WAITING (on object monitor)
        at sun.misc.Unsafe.park(Native Method)
        at java.util.concurrent.locks.LockSupport.park(LockSupport.java:175)
        at java.util.concurrent.locks.AbstractQueuedSynchronizer$ConditionObject.await(AbstractQueuedSynchronizer.java:2039)
        at java.util.concurrent.ArrayBlockingQueue.take(ArrayBlockingQueue.java:403)
        at java.util.concurrent.ThreadPoolExecutor.getTask(ThreadPoolExecutor.java:1074)
        at java.util.concurrent.ThreadPoolExecutor.runWorker(ThreadPoolExecutor.java:1134)
        at java.util.concurrent.ThreadPoolExecutor$Worker.run(ThreadPoolExecutor.java:624)
        at java.lang.Thread.run(Thread.java:748)
"IPC Server handler 19 on 44783" daemon prio=5 tid=134 timed_waiting
java.lang.Thread.State: TIMED_WAITING
        at sun.misc.Unsafe.park(Native Method)
        at java.util.concurrent.locks.LockSupport.parkNanos(LockSupport.java:215)
        at java.util.concurrent.locks.AbstractQueuedSynchronizer$ConditionObject.awaitNanos(AbstractQueuedSynchronizer.java:2078)
        at java.util.concurrent.LinkedBlockingQueue.poll(LinkedBlockingQueue.java:467)
        at org.apache.hadoop.ipc.CallQueueManager.take(CallQueueManager.java:288)
        at org.apache.hadoop.ipc.Server$Handler.run(Server.java:2668)
"Datanode ReportManager Thread - 0" daemon prio=5 tid=279 in Object.wait()
java.lang.Thread.State: WAITING (on object monitor)
        at sun.misc.Unsafe.park(Native Method)
        at java.util.concurrent.locks.LockSupport.park(LockSupport.java:175)
        at java.util.concurrent.locks.AbstractQueuedSynchronizer$ConditionObject.await(AbstractQueuedSynchronizer.java:2039)
        at java.util.concurrent.ScheduledThreadPoolExecutor$DelayedWorkQueue.take(ScheduledThreadPoolExecutor.java:1088)
        at java.util.concurrent.ScheduledThreadPoolExecutor$DelayedWorkQueue.take(ScheduledThreadPoolExecutor.java:809)
        at java.util.concurrent.ThreadPoolExecutor.getTask(ThreadPoolExecutor.java:1074)
        at java.util.concurrent.ThreadPoolExecutor.runWorker(ThreadPoolExecutor.java:1134)
        at java.util.concurrent.ThreadPoolExecutor$Worker.run(ThreadPoolExecutor.java:624)
        at java.lang.Thread.run(Thread.java:748)
"pool-56-thread-58"  prio=5 tid=578 in Object.wait()
java.lang.Thread.State: WAITING (on object monitor)
        at sun.misc.Unsafe.park(Native Method)
        at java.util.concurrent.locks.LockSupport.park(LockSupport.java:175)
        at java.util.concurrent.locks.AbstractQueuedSynchronizer$ConditionObject.await(AbstractQueuedSynchronizer.java:2039)
        at java.util.concurrent.ArrayBlockingQueue.take(ArrayBlockingQueue.java:403)
        at java.util.concurrent.ThreadPoolExecutor.getTask(ThreadPoolExecutor.java:1074)
        at java.util.concurrent.ThreadPoolExecutor.runWorker(ThreadPoolExecutor.java:1134)
        at java.util.concurrent.ThreadPoolExecutor$Worker.run(ThreadPoolExecutor.java:624)
        at java.lang.Thread.run(Thread.java:748)
"pool-66-thread-6"  prio=5 tid=586 in Object.wait()
java.lang.Thread.State: WAITING (on object monitor)
        at sun.misc.Unsafe.park(Native Method)
        at java.util.concurrent.locks.LockSupport.park(LockSupport.java:175)
        at java.util.concurrent.locks.AbstractQueuedSynchronizer$ConditionObject.await(AbstractQueuedSynchronizer.java:2039)
        at java.util.concurrent.ArrayBlockingQueue.take(ArrayBlockingQueue.java:403)
        at java.util.concurrent.ThreadPoolExecutor.getTask(ThreadPoolExecutor.java:1074)
        at java.util.concurrent.ThreadPoolExecutor.runWorker(ThreadPoolExecutor.java:1134)
        at java.util.concurrent.ThreadPoolExecutor$Worker.run(ThreadPoolExecutor.java:624)
        at java.lang.Thread.run(Thread.java:748)
"qtp721395199-269" daemon prio=5 tid=269 timed_waiting
java.lang.Thread.State: TIMED_WAITING
        at sun.misc.Unsafe.park(Native Method)
        at java.util.concurrent.locks.LockSupport.parkNanos(LockSupport.java:215)
        at java.util.concurrent.locks.AbstractQueuedSynchronizer$ConditionObject.awaitNanos(AbstractQueuedSynchronizer.java:2078)
        at org.eclipse.jetty.util.BlockingArrayQueue.poll(BlockingArrayQueue.java:392)
        at org.eclipse.jetty.util.thread.QueuedThreadPool.idleJobPoll(QueuedThreadPool.java:563)
        at org.eclipse.jetty.util.thread.QueuedThreadPool.access$800(QueuedThreadPool.java:48)
        at org.eclipse.jetty.util.thread.QueuedThreadPool$2.run(QueuedThreadPool.java:626)
        at java.lang.Thread.run(Thread.java:748)
"pool-26-thread-54"  prio=5 tid=482 in Object.wait()
java.lang.Thread.State: WAITING (on object monitor)
        at sun.misc.Unsafe.park(Native Method)
        at java.util.concurrent.locks.LockSupport.park(LockSupport.java:175)
        at java.util.concurrent.locks.AbstractQueuedSynchronizer$ConditionObject.await(AbstractQueuedSynchronizer.java:2039)
        at java.util.concurrent.ArrayBlockingQueue.take(ArrayBlockingQueue.java:403)
        at java.util.concurrent.ThreadPoolExecutor.getTask(ThreadPoolExecutor.java:1074)
        at java.util.concurrent.ThreadPoolExecutor.runWorker(ThreadPoolExecutor.java:1134)
        at java.util.concurrent.ThreadPoolExecutor$Worker.run(ThreadPoolExecutor.java:624)
        at java.lang.Thread.run(Thread.java:748)
"pool-86-thread-37"  prio=5 tid=750 in Object.wait()
java.lang.Thread.State: WAITING (on object monitor)
        at sun.misc.Unsafe.park(Native Method)
        at java.util.concurrent.locks.LockSupport.park(LockSupport.java:175)
        at java.util.concurrent.locks.AbstractQueuedSynchronizer$ConditionObject.await(AbstractQueuedSynchronizer.java:2039)
        at java.util.concurrent.ArrayBlockingQueue.take(ArrayBlockingQueue.java:403)
        at java.util.concurrent.ThreadPoolExecutor.getTask(ThreadPoolExecutor.java:1074)
        at java.util.concurrent.ThreadPoolExecutor.runWorker(ThreadPoolExecutor.java:1134)
        at java.util.concurrent.ThreadPoolExecutor$Worker.run(ThreadPoolExecutor.java:624)
        at java.lang.Thread.run(Thread.java:748)
"qtp1168956689-325" daemon prio=5 tid=325 timed_waiting
java.lang.Thread.State: TIMED_WAITING
        at sun.misc.Unsafe.park(Native Method)
        at java.util.concurrent.locks.LockSupport.parkNanos(LockSupport.java:215)
        at java.util.concurrent.locks.AbstractQueuedSynchronizer$ConditionObject.awaitNanos(AbstractQueuedSynchronizer.java:2078)
        at org.eclipse.jetty.util.BlockingArrayQueue.poll(BlockingArrayQueue.java:392)
        at org.eclipse.jetty.util.thread.QueuedThreadPool.idleJobPoll(QueuedThreadPool.java:563)
        at org.eclipse.jetty.util.thread.QueuedThreadPool.access$800(QueuedThreadPool.java:48)
        at org.eclipse.jetty.util.thread.QueuedThreadPool$2.run(QueuedThreadPool.java:626)
        at java.lang.Thread.run(Thread.java:748)
"metrics-hadoop-metrics2-reporter-4-thread-1" daemon prio=5 tid=797 timed_waiting
java.lang.Thread.State: TIMED_WAITING
        at sun.misc.Unsafe.park(Native Method)
        at java.util.concurrent.locks.LockSupport.parkNanos(LockSupport.java:215)
        at java.util.concurrent.locks.AbstractQueuedSynchronizer$ConditionObject.awaitNanos(AbstractQueuedSynchronizer.java:2078)
        at java.util.concurrent.ScheduledThreadPoolExecutor$DelayedWorkQueue.take(ScheduledThreadPoolExecutor.java:1093)
        at java.util.concurrent.ScheduledThreadPoolExecutor$DelayedWorkQueue.take(ScheduledThreadPoolExecutor.java:809)
        at java.util.concurrent.ThreadPoolExecutor.getTask(ThreadPoolExecutor.java:1074)
        at java.util.concurrent.ThreadPoolExecutor.runWorker(ThreadPoolExecutor.java:1134)
        at java.util.concurrent.ThreadPoolExecutor$Worker.run(ThreadPoolExecutor.java:624)
        at java.lang.Thread.run(Thread.java:748)
"java.util.concurrent.ThreadPoolExecutor$Worker@20304712[State = -1, empty queue]" daemon prio=5 tid=1001 timed_waiting
java.lang.Thread.State: TIMED_WAITING
        at sun.misc.Unsafe.park(Native Method)
        at java.util.concurrent.locks.LockSupport.parkNanos(LockSupport.java:215)
        at java.util.concurrent.locks.AbstractQueuedSynchronizer$ConditionObject.awaitNanos(AbstractQueuedSynchronizer.java:2078)
        at java.util.concurrent.ScheduledThreadPoolExecutor$DelayedWorkQueue.take(ScheduledThreadPoolExecutor.java:1093)
        at java.util.concurrent.ScheduledThreadPoolExecutor$DelayedWorkQueue.take(ScheduledThreadPoolExecutor.java:809)
        at java.util.concurrent.ThreadPoolExecutor.getTask(ThreadPoolExecutor.java:1074)
        at java.util.concurrent.ThreadPoolExecutor.runWorker(ThreadPoolExecutor.java:1134)
        at java.util.concurrent.ThreadPoolExecutor$Worker.run(ThreadPoolExecutor.java:624)
        at java.lang.Thread.run(Thread.java:748)
"Periodic HDDS volume checker"  prio=5 tid=152 timed_waiting
java.lang.Thread.State: TIMED_WAITING
        at sun.misc.Unsafe.park(Native Method)
        at java.util.concurrent.locks.LockSupport.parkNanos(LockSupport.java:215)
        at java.util.concurrent.locks.AbstractQueuedSynchronizer$ConditionObject.awaitNanos(AbstractQueuedSynchronizer.java:2078)
        at java.util.concurrent.ScheduledThreadPoolExecutor$DelayedWorkQueue.take(ScheduledThreadPoolExecutor.java:1093)
        at java.util.concurrent.ScheduledThreadPoolExecutor$DelayedWorkQueue.take(ScheduledThreadPoolExecutor.java:809)
        at java.util.concurrent.ThreadPoolExecutor.getTask(ThreadPoolExecutor.java:1074)
        at java.util.concurrent.ThreadPoolExecutor.runWorker(ThreadPoolExecutor.java:1134)
        at java.util.concurrent.ThreadPoolExecutor$Worker.run(ThreadPoolExecutor.java:624)
        at java.lang.Thread.run(Thread.java:748)
"pool-26-thread-56"  prio=5 tid=486 in Object.wait()
java.lang.Thread.State: WAITING (on object monitor)
        at sun.misc.Unsafe.park(Native Method)
        at java.util.concurrent.locks.LockSupport.park(LockSupport.java:175)
        at java.util.concurrent.locks.AbstractQueuedSynchronizer$ConditionObject.await(AbstractQueuedSynchronizer.java:2039)
        at java.util.concurrent.ArrayBlockingQueue.take(ArrayBlockingQueue.java:403)
        at java.util.concurrent.ThreadPoolExecutor.getTask(ThreadPoolExecutor.java:1074)
        at java.util.concurrent.ThreadPoolExecutor.runWorker(ThreadPoolExecutor.java:1134)
        at java.util.concurrent.ThreadPoolExecutor$Worker.run(ThreadPoolExecutor.java:624)
        at java.lang.Thread.run(Thread.java:748)
"org.eclipse.jetty.server.session.HashSessionManager@3c3a0032Timer" daemon prio=5 tid=250 timed_waiting
java.lang.Thread.State: TIMED_WAITING
        at sun.misc.Unsafe.park(Native Method)
        at java.util.concurrent.locks.LockSupport.parkNanos(LockSupport.java:215)
        at java.util.concurrent.locks.AbstractQueuedSynchronizer$ConditionObject.awaitNanos(AbstractQueuedSynchronizer.java:2078)
        at java.util.concurrent.ScheduledThreadPoolExecutor$DelayedWorkQueue.take(ScheduledThreadPoolExecutor.java:1093)
        at java.util.concurrent.ScheduledThreadPoolExecutor$DelayedWorkQueue.take(ScheduledThreadPoolExecutor.java:809)
        at java.util.concurrent.ThreadPoolExecutor.getTask(ThreadPoolExecutor.java:1074)
        at java.util.concurrent.ThreadPoolExecutor.runWorker(ThreadPoolExecutor.java:1134)
        at java.util.concurrent.ThreadPoolExecutor$Worker.run(ThreadPoolExecutor.java:624)
        at java.lang.Thread.run(Thread.java:748)
"qtp64989209-298" daemon prio=5 tid=298 timed_waiting
java.lang.Thread.State: TIMED_WAITING
        at sun.misc.Unsafe.park(Native Method)
        at java.util.concurrent.locks.LockSupport.parkNanos(LockSupport.java:215)
        at java.util.concurrent.locks.AbstractQueuedSynchronizer$ConditionObject.awaitNanos(AbstractQueuedSynchronizer.java:2078)
        at org.eclipse.jetty.util.BlockingArrayQueue.poll(BlockingArrayQueue.java:392)
        at org.eclipse.jetty.util.thread.QueuedThreadPool.idleJobPoll(QueuedThreadPool.java:563)
        at org.eclipse.jetty.util.thread.QueuedThreadPool.access$800(QueuedThreadPool.java:48)
        at org.eclipse.jetty.util.thread.QueuedThreadPool$2.run(QueuedThreadPool.java:626)
        at java.lang.Thread.run(Thread.java:748)
"pool-36-thread-56"  prio=5 tid=506 in Object.wait()
java.lang.Thread.State: WAITING (on object monitor)
        at sun.misc.Unsafe.park(Native Method)
        at java.util.concurrent.locks.LockSupport.park(LockSupport.java:175)
        at java.util.concurrent.locks.AbstractQueuedSynchronizer$ConditionObject.await(AbstractQueuedSynchronizer.java:2039)
        at java.util.concurrent.ArrayBlockingQueue.take(ArrayBlockingQueue.java:403)
        at java.util.concurrent.ThreadPoolExecutor.getTask(ThreadPoolExecutor.java:1074)
        at java.util.concurrent.ThreadPoolExecutor.runWorker(ThreadPoolExecutor.java:1134)
        at java.util.concurrent.ThreadPoolExecutor$Worker.run(ThreadPoolExecutor.java:624)
        at java.lang.Thread.run(Thread.java:748)
"qtp721395199-270" daemon prio=5 tid=270 timed_waiting
java.lang.Thread.State: TIMED_WAITING
        at sun.misc.Unsafe.park(Native Method)
        at java.util.concurrent.locks.LockSupport.parkNanos(LockSupport.java:215)
        at java.util.concurrent.locks.AbstractQueuedSynchronizer$ConditionObject.awaitNanos(AbstractQueuedSynchronizer.java:2078)
        at org.eclipse.jetty.util.BlockingArrayQueue.poll(BlockingArrayQueue.java:392)
        at org.eclipse.jetty.util.thread.QueuedThreadPool.idleJobPoll(QueuedThreadPool.java:563)
        at org.eclipse.jetty.util.thread.QueuedThreadPool.access$800(QueuedThreadPool.java:48)
        at org.eclipse.jetty.util.thread.QueuedThreadPool$2.run(QueuedThreadPool.java:626)
        at java.lang.Thread.run(Thread.java:748)
"Datanode ReportManager Thread - 3" daemon prio=5 tid=174 in Object.wait()
java.lang.Thread.State: WAITING (on object monitor)
        at sun.misc.Unsafe.park(Native Method)
        at java.util.concurrent.locks.LockSupport.park(LockSupport.java:175)
        at java.util.concurrent.locks.AbstractQueuedSynchronizer$ConditionObject.await(AbstractQueuedSynchronizer.java:2039)
        at java.util.concurrent.ScheduledThreadPoolExecutor$DelayedWorkQueue.take(ScheduledThreadPoolExecutor.java:1088)
        at java.util.concurrent.ScheduledThreadPoolExecutor$DelayedWorkQueue.take(ScheduledThreadPoolExecutor.java:809)
        at java.util.concurrent.ThreadPoolExecutor.getTask(ThreadPoolExecutor.java:1074)
        at java.util.concurrent.ThreadPoolExecutor.runWorker(ThreadPoolExecutor.java:1134)
        at java.util.concurrent.ThreadPoolExecutor$Worker.run(ThreadPoolExecutor.java:624)
        at java.lang.Thread.run(Thread.java:748)
"Datanode ReportManager Thread - 3" daemon prio=5 tid=336 in Object.wait()
java.lang.Thread.State: WAITING (on object monitor)
        at sun.misc.Unsafe.park(Native Method)
        at java.util.concurrent.locks.LockSupport.park(LockSupport.java:175)
        at java.util.concurrent.locks.AbstractQueuedSynchronizer$ConditionObject.await(AbstractQueuedSynchronizer.java:2039)
        at java.util.concurrent.ScheduledThreadPoolExecutor$DelayedWorkQueue.take(ScheduledThreadPoolExecutor.java:1088)
        at java.util.concurrent.ScheduledThreadPoolExecutor$DelayedWorkQueue.take(ScheduledThreadPoolExecutor.java:809)
        at java.util.concurrent.ThreadPoolExecutor.getTask(ThreadPoolExecutor.java:1074)
        at java.util.concurrent.ThreadPoolExecutor.runWorker(ThreadPoolExecutor.java:1134)
        at java.util.concurrent.ThreadPoolExecutor$Worker.run(ThreadPoolExecutor.java:624)
        at java.lang.Thread.run(Thread.java:748)
"pool-66-thread-57"  prio=5 tid=637 in Object.wait()
java.lang.Thread.State: WAITING (on object monitor)
        at sun.misc.Unsafe.park(Native Method)
        at java.util.concurrent.locks.LockSupport.park(LockSupport.java:175)
        at java.util.concurrent.locks.AbstractQueuedSynchronizer$ConditionObject.await(AbstractQueuedSynchronizer.java:2039)
        at java.util.concurrent.ArrayBlockingQueue.take(ArrayBlockingQueue.java:403)
        at java.util.concurrent.ThreadPoolExecutor.getTask(ThreadPoolExecutor.java:1074)
        at java.util.concurrent.ThreadPoolExecutor.runWorker(ThreadPoolExecutor.java:1134)
        at java.util.concurrent.ThreadPoolExecutor$Worker.run(ThreadPoolExecutor.java:624)
        at java.lang.Thread.run(Thread.java:748)
"pool-56-thread-23"  prio=5 tid=543 in Object.wait()
java.lang.Thread.State: WAITING (on object monitor)
        at sun.misc.Unsafe.park(Native Method)
        at java.util.concurrent.locks.LockSupport.park(LockSupport.java:175)
        at java.util.concurrent.locks.AbstractQueuedSynchronizer$ConditionObject.await(AbstractQueuedSynchronizer.java:2039)
        at java.util.concurrent.ArrayBlockingQueue.take(ArrayBlockingQueue.java:403)
        at java.util.concurrent.ThreadPoolExecutor.getTask(ThreadPoolExecutor.java:1074)
        at java.util.concurrent.ThreadPoolExecutor.runWorker(ThreadPoolExecutor.java:1134)
        at java.util.concurrent.ThreadPoolExecutor$Worker.run(ThreadPoolExecutor.java:624)
        at java.lang.Thread.run(Thread.java:748)
"metrics-hadoop-metrics2-reporter-43-thread-1" daemon prio=5 tid=915 timed_waiting
java.lang.Thread.State: TIMED_WAITING
        at sun.misc.Unsafe.park(Native Method)
        at java.util.concurrent.locks.LockSupport.parkNanos(LockSupport.java:215)
        at java.util.concurrent.locks.AbstractQueuedSynchronizer$ConditionObject.awaitNanos(AbstractQueuedSynchronizer.java:2078)
        at java.util.concurrent.ScheduledThreadPoolExecutor$DelayedWorkQueue.take(ScheduledThreadPoolExecutor.java:1093)
        at java.util.concurrent.ScheduledThreadPoolExecutor$DelayedWorkQueue.take(ScheduledThreadPoolExecutor.java:809)
        at java.util.concurrent.ThreadPoolExecutor.getTask(ThreadPoolExecutor.java:1074)
        at java.util.concurrent.ThreadPoolExecutor.runWorker(ThreadPoolExecutor.java:1134)
        at java.util.concurrent.ThreadPoolExecutor$Worker.run(ThreadPoolExecutor.java:624)
        at java.lang.Thread.run(Thread.java:748)
"pool-56-thread-17"  prio=5 tid=537 in Object.wait()
java.lang.Thread.State: WAITING (on object monitor)
        at sun.misc.Unsafe.park(Native Method)
        at java.util.concurrent.locks.LockSupport.park(LockSupport.java:175)
        at java.util.concurrent.locks.AbstractQueuedSynchronizer$ConditionObject.await(AbstractQueuedSynchronizer.java:2039)
        at java.util.concurrent.ArrayBlockingQueue.take(ArrayBlockingQueue.java:403)
        at java.util.concurrent.ThreadPoolExecutor.getTask(ThreadPoolExecutor.java:1074)
        at java.util.concurrent.ThreadPoolExecutor.runWorker(ThreadPoolExecutor.java:1134)
        at java.util.concurrent.ThreadPoolExecutor$Worker.run(ThreadPoolExecutor.java:624)
        at java.lang.Thread.run(Thread.java:748)
"pool-56-thread-11"  prio=5 tid=531 in Object.wait()
java.lang.Thread.State: WAITING (on object monitor)
        at sun.misc.Unsafe.park(Native Method)
        at java.util.concurrent.locks.LockSupport.park(LockSupport.java:175)
        at java.util.concurrent.locks.AbstractQueuedSynchronizer$ConditionObject.await(AbstractQueuedSynchronizer.java:2039)
        at java.util.concurrent.ArrayBlockingQueue.take(ArrayBlockingQueue.java:403)
        at java.util.concurrent.ThreadPoolExecutor.getTask(ThreadPoolExecutor.java:1074)
        at java.util.concurrent.ThreadPoolExecutor.runWorker(ThreadPoolExecutor.java:1134)
        at java.util.concurrent.ThreadPoolExecutor$Worker.run(ThreadPoolExecutor.java:624)
        at java.lang.Thread.run(Thread.java:748)
"IPC Server handler 15 on 36674" daemon prio=5 tid=84 timed_waiting
java.lang.Thread.State: TIMED_WAITING
        at sun.misc.Unsafe.park(Native Method)
        at java.util.concurrent.locks.LockSupport.parkNanos(LockSupport.java:215)
        at java.util.concurrent.locks.AbstractQueuedSynchronizer$ConditionObject.awaitNanos(AbstractQueuedSynchronizer.java:2078)
        at java.util.concurrent.LinkedBlockingQueue.poll(LinkedBlockingQueue.java:467)
        at org.apache.hadoop.ipc.CallQueueManager.take(CallQueueManager.java:288)
        at org.apache.hadoop.ipc.Server$Handler.run(Server.java:2668)
"pool-76-thread-46"  prio=5 tid=697 in Object.wait()
java.lang.Thread.State: WAITING (on object monitor)
        at sun.misc.Unsafe.park(Native Method)
        at java.util.concurrent.locks.LockSupport.park(LockSupport.java:175)
        at java.util.concurrent.locks.AbstractQueuedSynchronizer$ConditionObject.await(AbstractQueuedSynchronizer.java:2039)
        at java.util.concurrent.ArrayBlockingQueue.take(ArrayBlockingQueue.java:403)
        at java.util.concurrent.ThreadPoolExecutor.getTask(ThreadPoolExecutor.java:1074)
        at java.util.concurrent.ThreadPoolExecutor.runWorker(ThreadPoolExecutor.java:1134)
        at java.util.concurrent.ThreadPoolExecutor$Worker.run(ThreadPoolExecutor.java:624)
        at java.lang.Thread.run(Thread.java:748)
"IPC Server handler 7 on 36674" daemon prio=5 tid=76 timed_waiting
java.lang.Thread.State: TIMED_WAITING
        at sun.misc.Unsafe.park(Native Method)
        at java.util.concurrent.locks.LockSupport.parkNanos(LockSupport.java:215)
        at java.util.concurrent.locks.AbstractQueuedSynchronizer$ConditionObject.awaitNanos(AbstractQueuedSynchronizer.java:2078)
        at java.util.concurrent.LinkedBlockingQueue.poll(LinkedBlockingQueue.java:467)
        at org.apache.hadoop.ipc.CallQueueManager.take(CallQueueManager.java:288)
        at org.apache.hadoop.ipc.Server$Handler.run(Server.java:2668)
"988115cd-21c9-4558-b198-f2cedd98ccf3@group-BF878B4C9D21-StateMachineUpdater" daemon prio=5 tid=793 in Object.wait()
java.lang.Thread.State: WAITING (on object monitor)
        at java.lang.Object.wait(Native Method)
        at java.lang.Object.wait(Object.java:502)
        at org.apache.ratis.server.impl.StateMachineUpdater.waitForCommit(StateMachineUpdater.java:194)
        at org.apache.ratis.server.impl.StateMachineUpdater.run(StateMachineUpdater.java:159)
        at java.lang.Thread.run(Thread.java:748)
"metrics-hadoop-metrics2-reporter-21-thread-1" daemon prio=5 tid=840 timed_waiting
java.lang.Thread.State: TIMED_WAITING
        at sun.misc.Unsafe.park(Native Method)
        at java.util.concurrent.locks.LockSupport.parkNanos(LockSupport.java:215)
        at java.util.concurrent.locks.AbstractQueuedSynchronizer$ConditionObject.awaitNanos(AbstractQueuedSynchronizer.java:2078)
        at java.util.concurrent.ScheduledThreadPoolExecutor$DelayedWorkQueue.take(ScheduledThreadPoolExecutor.java:1093)
        at java.util.concurrent.ScheduledThreadPoolExecutor$DelayedWorkQueue.take(ScheduledThreadPoolExecutor.java:809)
        at java.util.concurrent.ThreadPoolExecutor.getTask(ThreadPoolExecutor.java:1074)
        at java.util.concurrent.ThreadPoolExecutor.runWorker(ThreadPoolExecutor.java:1134)
        at java.util.concurrent.ThreadPoolExecutor$Worker.run(ThreadPoolExecutor.java:624)
        at java.lang.Thread.run(Thread.java:748)
"pool-86-thread-54"  prio=5 tid=767 in Object.wait()
java.lang.Thread.State: WAITING (on object monitor)
        at sun.misc.Unsafe.park(Native Method)
        at java.util.concurrent.locks.LockSupport.park(LockSupport.java:175)
        at java.util.concurrent.locks.AbstractQueuedSynchronizer$ConditionObject.await(AbstractQueuedSynchronizer.java:2039)
        at java.util.concurrent.ArrayBlockingQueue.take(ArrayBlockingQueue.java:403)
        at java.util.concurrent.ThreadPoolExecutor.getTask(ThreadPoolExecutor.java:1074)
        at java.util.concurrent.ThreadPoolExecutor.runWorker(ThreadPoolExecutor.java:1134)
        at java.util.concurrent.ThreadPoolExecutor$Worker.run(ThreadPoolExecutor.java:624)
        at java.lang.Thread.run(Thread.java:748)
"pool-66-thread-44"  prio=5 tid=624 in Object.wait()
java.lang.Thread.State: WAITING (on object monitor)
        at sun.misc.Unsafe.park(Native Method)
        at java.util.concurrent.locks.LockSupport.park(LockSupport.java:175)
        at java.util.concurrent.locks.AbstractQueuedSynchronizer$ConditionObject.await(AbstractQueuedSynchronizer.java:2039)
        at java.util.concurrent.ArrayBlockingQueue.take(ArrayBlockingQueue.java:403)
        at java.util.concurrent.ThreadPoolExecutor.getTask(ThreadPoolExecutor.java:1074)
        at java.util.concurrent.ThreadPoolExecutor.runWorker(ThreadPoolExecutor.java:1134)
        at java.util.concurrent.ThreadPoolExecutor$Worker.run(ThreadPoolExecutor.java:624)
        at java.lang.Thread.run(Thread.java:748)
"d2e56473-8267-4871-9849-be2e71e1a2dc@group-4A5985BBF6FD-StateMachineUpdater" daemon prio=5 tid=839 in Object.wait()
java.lang.Thread.State: WAITING (on object monitor)
        at java.lang.Object.wait(Native Method)
        at java.lang.Object.wait(Object.java:502)
        at org.apache.ratis.server.impl.StateMachineUpdater.waitForCommit(StateMachineUpdater.java:194)
        at org.apache.ratis.server.impl.StateMachineUpdater.run(StateMachineUpdater.java:159)
        at java.lang.Thread.run(Thread.java:748)
"Datanode ReportManager Thread - 0" daemon prio=5 tid=171 in Object.wait()
java.lang.Thread.State: WAITING (on object monitor)
        at sun.misc.Unsafe.park(Native Method)
        at java.util.concurrent.locks.LockSupport.park(LockSupport.java:175)
        at java.util.concurrent.locks.AbstractQueuedSynchronizer$ConditionObject.await(AbstractQueuedSynchronizer.java:2039)
        at java.util.concurrent.ScheduledThreadPoolExecutor$DelayedWorkQueue.take(ScheduledThreadPoolExecutor.java:1088)
        at java.util.concurrent.ScheduledThreadPoolExecutor$DelayedWorkQueue.take(ScheduledThreadPoolExecutor.java:809)
        at java.util.concurrent.ThreadPoolExecutor.getTask(ThreadPoolExecutor.java:1074)
        at java.util.concurrent.ThreadPoolExecutor.runWorker(ThreadPoolExecutor.java:1134)
        at java.util.concurrent.ThreadPoolExecutor$Worker.run(ThreadPoolExecutor.java:624)
        at java.lang.Thread.run(Thread.java:748)
"pool-36-thread-42"  prio=5 tid=470 in Object.wait()
java.lang.Thread.State: WAITING (on object monitor)
        at sun.misc.Unsafe.park(Native Method)
        at java.util.concurrent.locks.LockSupport.park(LockSupport.java:175)
        at java.util.concurrent.locks.AbstractQueuedSynchronizer$ConditionObject.await(AbstractQueuedSynchronizer.java:2039)
        at java.util.concurrent.ArrayBlockingQueue.take(ArrayBlockingQueue.java:403)
        at java.util.concurrent.ThreadPoolExecutor.getTask(ThreadPoolExecutor.java:1074)
        at java.util.concurrent.ThreadPoolExecutor.runWorker(ThreadPoolExecutor.java:1134)
        at java.util.concurrent.ThreadPoolExecutor$Worker.run(ThreadPoolExecutor.java:624)
        at java.lang.Thread.run(Thread.java:748)
"pool-56-thread-30"  prio=5 tid=550 in Object.wait()
java.lang.Thread.State: WAITING (on object monitor)
        at sun.misc.Unsafe.park(Native Method)
        at java.util.concurrent.locks.LockSupport.park(LockSupport.java:175)
        at java.util.concurrent.locks.AbstractQueuedSynchronizer$ConditionObject.await(AbstractQueuedSynchronizer.java:2039)
        at java.util.concurrent.ArrayBlockingQueue.take(ArrayBlockingQueue.java:403)
        at java.util.concurrent.ThreadPoolExecutor.getTask(ThreadPoolExecutor.java:1074)
        at java.util.concurrent.ThreadPoolExecutor.runWorker(ThreadPoolExecutor.java:1134)
        at java.util.concurrent.ThreadPoolExecutor$Worker.run(ThreadPoolExecutor.java:624)
        at java.lang.Thread.run(Thread.java:748)
"pool-66-thread-32"  prio=5 tid=612 in Object.wait()
java.lang.Thread.State: WAITING (on object monitor)
        at sun.misc.Unsafe.park(Native Method)
        at java.util.concurrent.locks.LockSupport.park(LockSupport.java:175)
        at java.util.concurrent.locks.AbstractQueuedSynchronizer$ConditionObject.await(AbstractQueuedSynchronizer.java:2039)
        at java.util.concurrent.ArrayBlockingQueue.take(ArrayBlockingQueue.java:403)
        at java.util.concurrent.ThreadPoolExecutor.getTask(ThreadPoolExecutor.java:1074)
        at java.util.concurrent.ThreadPoolExecutor.runWorker(ThreadPoolExecutor.java:1134)
        at java.util.concurrent.ThreadPoolExecutor$Worker.run(ThreadPoolExecutor.java:624)
        at java.lang.Thread.run(Thread.java:748)
"pool-46-thread-24"  prio=5 tid=415 in Object.wait()
java.lang.Thread.State: WAITING (on object monitor)
        at sun.misc.Unsafe.park(Native Method)
        at java.util.concurrent.locks.LockSupport.park(LockSupport.java:175)
        at java.util.concurrent.locks.AbstractQueuedSynchronizer$ConditionObject.await(AbstractQueuedSynchronizer.java:2039)
        at java.util.concurrent.ArrayBlockingQueue.take(ArrayBlockingQueue.java:403)
        at java.util.concurrent.ThreadPoolExecutor.getTask(ThreadPoolExecutor.java:1074)
        at java.util.concurrent.ThreadPoolExecutor.runWorker(ThreadPoolExecutor.java:1134)
        at java.util.concurrent.ThreadPoolExecutor$Worker.run(ThreadPoolExecutor.java:624)
        at java.lang.Thread.run(Thread.java:748)
"d2e56473-8267-4871-9849-be2e71e1a2dc@group-AFD3E3A39739-StateMachineUpdater" daemon prio=5 tid=1062 in Object.wait()
java.lang.Thread.State: WAITING (on object monitor)
        at java.lang.Object.wait(Native Method)
        at java.lang.Object.wait(Object.java:502)
        at org.apache.ratis.server.impl.StateMachineUpdater.waitForCommit(StateMachineUpdater.java:194)
        at org.apache.ratis.server.impl.StateMachineUpdater.run(StateMachineUpdater.java:159)
        at java.lang.Thread.run(Thread.java:748)
"pool-76-thread-7"  prio=5 tid=658 in Object.wait()
java.lang.Thread.State: WAITING (on object monitor)
        at sun.misc.Unsafe.park(Native Method)
        at java.util.concurrent.locks.LockSupport.park(LockSupport.java:175)
        at java.util.concurrent.locks.AbstractQueuedSynchronizer$ConditionObject.await(AbstractQueuedSynchronizer.java:2039)
        at java.util.concurrent.ArrayBlockingQueue.take(ArrayBlockingQueue.java:403)
        at java.util.concurrent.ThreadPoolExecutor.getTask(ThreadPoolExecutor.java:1074)
        at java.util.concurrent.ThreadPoolExecutor.runWorker(ThreadPoolExecutor.java:1134)
        at java.util.concurrent.ThreadPoolExecutor$Worker.run(ThreadPoolExecutor.java:624)
        at java.lang.Thread.run(Thread.java:748)
"pool-56-thread-13"  prio=5 tid=533 in Object.wait()
java.lang.Thread.State: WAITING (on object monitor)
        at sun.misc.Unsafe.park(Native Method)
        at java.util.concurrent.locks.LockSupport.park(LockSupport.java:175)
        at java.util.concurrent.locks.AbstractQueuedSynchronizer$ConditionObject.await(AbstractQueuedSynchronizer.java:2039)
        at java.util.concurrent.ArrayBlockingQueue.take(ArrayBlockingQueue.java:403)
        at java.util.concurrent.ThreadPoolExecutor.getTask(ThreadPoolExecutor.java:1074)
        at java.util.concurrent.ThreadPoolExecutor.runWorker(ThreadPoolExecutor.java:1134)
        at java.util.concurrent.ThreadPoolExecutor$Worker.run(ThreadPoolExecutor.java:624)
        at java.lang.Thread.run(Thread.java:748)
"pool-46-thread-17"  prio=5 tid=393 in Object.wait()
java.lang.Thread.State: WAITING (on object monitor)
        at sun.misc.Unsafe.park(Native Method)
        at java.util.concurrent.locks.LockSupport.park(LockSupport.java:175)
        at java.util.concurrent.locks.AbstractQueuedSynchronizer$ConditionObject.await(AbstractQueuedSynchronizer.java:2039)
        at java.util.concurrent.ArrayBlockingQueue.take(ArrayBlockingQueue.java:403)
        at java.util.concurrent.ThreadPoolExecutor.getTask(ThreadPoolExecutor.java:1074)
        at java.util.concurrent.ThreadPoolExecutor.runWorker(ThreadPoolExecutor.java:1134)
        at java.util.concurrent.ThreadPoolExecutor$Worker.run(ThreadPoolExecutor.java:624)
        at java.lang.Thread.run(Thread.java:748)
"pool-84-thread-1" daemon prio=5 tid=318 timed_waiting
java.lang.Thread.State: TIMED_WAITING
        at sun.misc.Unsafe.park(Native Method)
        at java.util.concurrent.locks.LockSupport.parkNanos(LockSupport.java:215)
        at java.util.concurrent.locks.AbstractQueuedSynchronizer$ConditionObject.awaitNanos(AbstractQueuedSynchronizer.java:2078)
        at java.util.concurrent.ScheduledThreadPoolExecutor$DelayedWorkQueue.take(ScheduledThreadPoolExecutor.java:1093)
        at java.util.concurrent.ScheduledThreadPoolExecutor$DelayedWorkQueue.take(ScheduledThreadPoolExecutor.java:809)
        at java.util.concurrent.ThreadPoolExecutor.getTask(ThreadPoolExecutor.java:1074)
        at java.util.concurrent.ThreadPoolExecutor.runWorker(ThreadPoolExecutor.java:1134)
        at java.util.concurrent.ThreadPoolExecutor$Worker.run(ThreadPoolExecutor.java:624)
        at java.lang.Thread.run(Thread.java:748)
"qtp1991386317-141" daemon prio=5 tid=141 timed_waiting
java.lang.Thread.State: TIMED_WAITING
        at sun.misc.Unsafe.park(Native Method)
        at java.util.concurrent.locks.LockSupport.parkNanos(LockSupport.java:215)
        at java.util.concurrent.locks.AbstractQueuedSynchronizer$ConditionObject.awaitNanos(AbstractQueuedSynchronizer.java:2078)
        at org.eclipse.jetty.util.BlockingArrayQueue.poll(BlockingArrayQueue.java:392)
        at org.eclipse.jetty.util.thread.QueuedThreadPool.idleJobPoll(QueuedThreadPool.java:563)
        at org.eclipse.jetty.util.thread.QueuedThreadPool.access$800(QueuedThreadPool.java:48)
        at org.eclipse.jetty.util.thread.QueuedThreadPool$2.run(QueuedThreadPool.java:626)
        at java.lang.Thread.run(Thread.java:748)
"pool-26-thread-53"  prio=5 tid=481 in Object.wait()
java.lang.Thread.State: WAITING (on object monitor)
        at sun.misc.Unsafe.park(Native Method)
        at java.util.concurrent.locks.LockSupport.park(LockSupport.java:175)
        at java.util.concurrent.locks.AbstractQueuedSynchronizer$ConditionObject.await(AbstractQueuedSynchronizer.java:2039)
        at java.util.concurrent.ArrayBlockingQueue.take(ArrayBlockingQueue.java:403)
        at java.util.concurrent.ThreadPoolExecutor.getTask(ThreadPoolExecutor.java:1074)
        at java.util.concurrent.ThreadPoolExecutor.runWorker(ThreadPoolExecutor.java:1134)
        at java.util.concurrent.ThreadPoolExecutor$Worker.run(ThreadPoolExecutor.java:624)
        at java.lang.Thread.run(Thread.java:748)
"Thread-1741" daemon prio=5 tid=2404 timed_waiting
java.lang.Thread.State: TIMED_WAITING
        at java.lang.Thread.sleep(Native Method)
        at org.apache.ratis.util.JavaUtils.sleep(JavaUtils.java:247)
        at org.apache.ratis.server.impl.FollowerState.run(FollowerState.java:97)
"BlockDeletingService#1" daemon prio=5 tid=651 in Object.wait()
java.lang.Thread.State: WAITING (on object monitor)
        at sun.misc.Unsafe.park(Native Method)
        at java.util.concurrent.locks.LockSupport.park(LockSupport.java:175)
        at java.util.concurrent.locks.AbstractQueuedSynchronizer$ConditionObject.await(AbstractQueuedSynchronizer.java:2039)
        at java.util.concurrent.ScheduledThreadPoolExecutor$DelayedWorkQueue.take(ScheduledThreadPoolExecutor.java:1088)
        at java.util.concurrent.ScheduledThreadPoolExecutor$DelayedWorkQueue.take(ScheduledThreadPoolExecutor.java:809)
        at java.util.concurrent.ThreadPoolExecutor.getTask(ThreadPoolExecutor.java:1074)
        at java.util.concurrent.ThreadPoolExecutor.runWorker(ThreadPoolExecutor.java:1134)
        at java.util.concurrent.ThreadPoolExecutor$Worker.run(ThreadPoolExecutor.java:624)
        at java.lang.Thread.run(Thread.java:748)
"pool-36-thread-23"  prio=5 tid=411 in Object.wait()
java.lang.Thread.State: WAITING (on object monitor)
        at sun.misc.Unsafe.park(Native Method)
        at java.util.concurrent.locks.LockSupport.park(LockSupport.java:175)
        at java.util.concurrent.locks.AbstractQueuedSynchronizer$ConditionObject.await(AbstractQueuedSynchronizer.java:2039)
        at java.util.concurrent.ArrayBlockingQueue.take(ArrayBlockingQueue.java:403)
        at java.util.concurrent.ThreadPoolExecutor.getTask(ThreadPoolExecutor.java:1074)
        at java.util.concurrent.ThreadPoolExecutor.runWorker(ThreadPoolExecutor.java:1134)
        at java.util.concurrent.ThreadPoolExecutor$Worker.run(ThreadPoolExecutor.java:624)
        at java.lang.Thread.run(Thread.java:748)
"pool-76-thread-11"  prio=5 tid=662 in Object.wait()
java.lang.Thread.State: WAITING (on object monitor)
        at sun.misc.Unsafe.park(Native Method)
        at java.util.concurrent.locks.LockSupport.park(LockSupport.java:175)
        at java.util.concurrent.locks.AbstractQueuedSynchronizer$ConditionObject.await(AbstractQueuedSynchronizer.java:2039)
        at java.util.concurrent.ArrayBlockingQueue.take(ArrayBlockingQueue.java:403)
        at java.util.concurrent.ThreadPoolExecutor.getTask(ThreadPoolExecutor.java:1074)
        at java.util.concurrent.ThreadPoolExecutor.runWorker(ThreadPoolExecutor.java:1134)
        at java.util.concurrent.ThreadPoolExecutor$Worker.run(ThreadPoolExecutor.java:624)
        at java.lang.Thread.run(Thread.java:748)
"qtp820627987-165" daemon prio=5 tid=165 timed_waiting
java.lang.Thread.State: TIMED_WAITING
        at sun.misc.Unsafe.park(Native Method)
        at java.util.concurrent.locks.LockSupport.parkNanos(LockSupport.java:215)
        at java.util.concurrent.locks.AbstractQueuedSynchronizer$ConditionObject.awaitNanos(AbstractQueuedSynchronizer.java:2078)
        at org.eclipse.jetty.util.BlockingArrayQueue.poll(BlockingArrayQueue.java:392)
        at org.eclipse.jetty.util.thread.QueuedThreadPool.idleJobPoll(QueuedThreadPool.java:563)
        at org.eclipse.jetty.util.thread.QueuedThreadPool.access$800(QueuedThreadPool.java:48)
        at org.eclipse.jetty.util.thread.QueuedThreadPool$2.run(QueuedThreadPool.java:626)
        at java.lang.Thread.run(Thread.java:748)
"org.eclipse.jetty.server.session.HashSessionManager@3af356fTimer" daemon prio=5 tid=145 timed_waiting
java.lang.Thread.State: TIMED_WAITING
        at sun.misc.Unsafe.park(Native Method)
        at java.util.concurrent.locks.LockSupport.parkNanos(LockSupport.java:215)
        at java.util.concurrent.locks.AbstractQueuedSynchronizer$ConditionObject.awaitNanos(AbstractQueuedSynchronizer.java:2078)
        at java.util.concurrent.ScheduledThreadPoolExecutor$DelayedWorkQueue.take(ScheduledThreadPoolExecutor.java:1093)
        at java.util.concurrent.ScheduledThreadPoolExecutor$DelayedWorkQueue.take(ScheduledThreadPoolExecutor.java:809)
        at java.util.concurrent.ThreadPoolExecutor.getTask(ThreadPoolExecutor.java:1074)
        at java.util.concurrent.ThreadPoolExecutor.runWorker(ThreadPoolExecutor.java:1134)
        at java.util.concurrent.ThreadPoolExecutor$Worker.run(ThreadPoolExecutor.java:624)
        at java.lang.Thread.run(Thread.java:748)
"metrics-hadoop-metrics2-reporter-51-thread-1" daemon prio=5 tid=993 timed_waiting
java.lang.Thread.State: TIMED_WAITING
        at sun.misc.Unsafe.park(Native Method)
        at java.util.concurrent.locks.LockSupport.parkNanos(LockSupport.java:215)
        at java.util.concurrent.locks.AbstractQueuedSynchronizer$ConditionObject.awaitNanos(AbstractQueuedSynchronizer.java:2078)
        at java.util.concurrent.ScheduledThreadPoolExecutor$DelayedWorkQueue.take(ScheduledThreadPoolExecutor.java:1093)
        at java.util.concurrent.ScheduledThreadPoolExecutor$DelayedWorkQueue.take(ScheduledThreadPoolExecutor.java:809)
        at java.util.concurrent.ThreadPoolExecutor.getTask(ThreadPoolExecutor.java:1074)
        at java.util.concurrent.ThreadPoolExecutor.runWorker(ThreadPoolExecutor.java:1134)
        at java.util.concurrent.ThreadPoolExecutor$Worker.run(ThreadPoolExecutor.java:624)
        at java.lang.Thread.run(Thread.java:748)
"pool-26-thread-2"  prio=5 tid=346 in Object.wait()
java.lang.Thread.State: WAITING (on object monitor)
        at sun.misc.Unsafe.park(Native Method)
        at java.util.concurrent.locks.LockSupport.park(LockSupport.java:175)
        at java.util.concurrent.locks.AbstractQueuedSynchronizer$ConditionObject.await(AbstractQueuedSynchronizer.java:2039)
        at java.util.concurrent.ArrayBlockingQueue.take(ArrayBlockingQueue.java:403)
        at java.util.concurrent.ThreadPoolExecutor.getTask(ThreadPoolExecutor.java:1074)
        at java.util.concurrent.ThreadPoolExecutor.runWorker(ThreadPoolExecutor.java:1134)
        at java.util.concurrent.ThreadPoolExecutor$Worker.run(ThreadPoolExecutor.java:624)
        at java.lang.Thread.run(Thread.java:748)
"java.util.concurrent.ThreadPoolExecutor$Worker@27945d7e[State = -1, empty queue]" daemon prio=5 tid=1096 timed_waiting
java.lang.Thread.State: TIMED_WAITING
        at sun.misc.Unsafe.park(Native Method)
        at java.util.concurrent.locks.LockSupport.parkNanos(LockSupport.java:215)
        at java.util.concurrent.locks.AbstractQueuedSynchronizer$ConditionObject.awaitNanos(AbstractQueuedSynchronizer.java:2078)
        at java.util.concurrent.ScheduledThreadPoolExecutor$DelayedWorkQueue.take(ScheduledThreadPoolExecutor.java:1093)
        at java.util.concurrent.ScheduledThreadPoolExecutor$DelayedWorkQueue.take(ScheduledThreadPoolExecutor.java:809)
        at java.util.concurrent.ThreadPoolExecutor.getTask(ThreadPoolExecutor.java:1074)
        at java.util.concurrent.ThreadPoolExecutor.runWorker(ThreadPoolExecutor.java:1134)
        at java.util.concurrent.ThreadPoolExecutor$Worker.run(ThreadPoolExecutor.java:624)
        at java.lang.Thread.run(Thread.java:748)
"Thread-243" daemon prio=5 tid=803 timed_waiting
java.lang.Thread.State: TIMED_WAITING
        at sun.misc.Unsafe.park(Native Method)
        at java.util.concurrent.locks.LockSupport.parkNanos(LockSupport.java:215)
        at java.util.concurrent.locks.AbstractQueuedSynchronizer$ConditionObject.awaitNanos(AbstractQueuedSynchronizer.java:2078)
        at java.util.concurrent.ArrayBlockingQueue.poll(ArrayBlockingQueue.java:418)
        at org.apache.ratis.server.impl.LeaderState$EventQueue.poll(LeaderState.java:115)
        at org.apache.ratis.server.impl.LeaderState$EventProcessor.run(LeaderState.java:467)
"pool-76-thread-2"  prio=5 tid=653 in Object.wait()
java.lang.Thread.State: WAITING (on object monitor)
        at sun.misc.Unsafe.park(Native Method)
        at java.util.concurrent.locks.LockSupport.park(LockSupport.java:175)
        at java.util.concurrent.locks.AbstractQueuedSynchronizer$ConditionObject.await(AbstractQueuedSynchronizer.java:2039)
        at java.util.concurrent.ArrayBlockingQueue.take(ArrayBlockingQueue.java:403)
        at java.util.concurrent.ThreadPoolExecutor.getTask(ThreadPoolExecutor.java:1074)
        at java.util.concurrent.ThreadPoolExecutor.runWorker(ThreadPoolExecutor.java:1134)
        at java.util.concurrent.ThreadPoolExecutor$Worker.run(ThreadPoolExecutor.java:624)
        at java.lang.Thread.run(Thread.java:748)
"pool-26-thread-47"  prio=5 tid=464 in Object.wait()
java.lang.Thread.State: WAITING (on object monitor)
        at sun.misc.Unsafe.park(Native Method)
        at java.util.concurrent.locks.LockSupport.park(LockSupport.java:175)
        at java.util.concurrent.locks.AbstractQueuedSynchronizer$ConditionObject.await(AbstractQueuedSynchronizer.java:2039)
        at java.util.concurrent.ArrayBlockingQueue.take(ArrayBlockingQueue.java:403)
        at java.util.concurrent.ThreadPoolExecutor.getTask(ThreadPoolExecutor.java:1074)
        at java.util.concurrent.ThreadPoolExecutor.runWorker(ThreadPoolExecutor.java:1134)
        at java.util.concurrent.ThreadPoolExecutor$Worker.run(ThreadPoolExecutor.java:624)
        at java.lang.Thread.run(Thread.java:748)
"java.util.concurrent.ThreadPoolExecutor$Worker@7238f567[State = -1, empty queue]" daemon prio=5 tid=1097 timed_waiting
java.lang.Thread.State: TIMED_WAITING
        at sun.misc.Unsafe.park(Native Method)
        at java.util.concurrent.locks.LockSupport.parkNanos(LockSupport.java:215)
        at java.util.concurrent.locks.AbstractQueuedSynchronizer$ConditionObject.awaitNanos(AbstractQueuedSynchronizer.java:2078)
        at java.util.concurrent.ScheduledThreadPoolExecutor$DelayedWorkQueue.take(ScheduledThreadPoolExecutor.java:1093)
        at java.util.concurrent.ScheduledThreadPoolExecutor$DelayedWorkQueue.take(ScheduledThreadPoolExecutor.java:809)
        at java.util.concurrent.ThreadPoolExecutor.getTask(ThreadPoolExecutor.java:1074)
        at java.util.concurrent.ThreadPoolExecutor.runWorker(ThreadPoolExecutor.java:1134)
        at java.util.concurrent.ThreadPoolExecutor$Worker.run(ThreadPoolExecutor.java:624)
        at java.lang.Thread.run(Thread.java:748)
"metrics-hadoop-metrics2-reporter-37-thread-1" daemon prio=5 tid=885 timed_waiting
java.lang.Thread.State: TIMED_WAITING
        at sun.misc.Unsafe.park(Native Method)
        at java.util.concurrent.locks.LockSupport.parkNanos(LockSupport.java:215)
        at java.util.concurrent.locks.AbstractQueuedSynchronizer$ConditionObject.awaitNanos(AbstractQueuedSynchronizer.java:2078)
        at java.util.concurrent.ScheduledThreadPoolExecutor$DelayedWorkQueue.take(ScheduledThreadPoolExecutor.java:1093)
        at java.util.concurrent.ScheduledThreadPoolExecutor$DelayedWorkQueue.take(ScheduledThreadPoolExecutor.java:809)
        at java.util.concurrent.ThreadPoolExecutor.getTask(ThreadPoolExecutor.java:1074)
        at java.util.concurrent.ThreadPoolExecutor.runWorker(ThreadPoolExecutor.java:1134)
        at java.util.concurrent.ThreadPoolExecutor$Worker.run(ThreadPoolExecutor.java:624)
        at java.lang.Thread.run(Thread.java:748)
"pool-36-thread-40"  prio=5 tid=466 in Object.wait()
java.lang.Thread.State: WAITING (on object monitor)
        at sun.misc.Unsafe.park(Native Method)
        at java.util.concurrent.locks.LockSupport.park(LockSupport.java:175)
        at java.util.concurrent.locks.AbstractQueuedSynchronizer$ConditionObject.await(AbstractQueuedSynchronizer.java:2039)
        at java.util.concurrent.ArrayBlockingQueue.take(ArrayBlockingQueue.java:403)
        at java.util.concurrent.ThreadPoolExecutor.getTask(ThreadPoolExecutor.java:1074)
        at java.util.concurrent.ThreadPoolExecutor.runWorker(ThreadPoolExecutor.java:1134)
        at java.util.concurrent.ThreadPoolExecutor$Worker.run(ThreadPoolExecutor.java:624)
        at java.lang.Thread.run(Thread.java:748)
"pool-26-thread-60"  prio=5 tid=499 in Object.wait()
java.lang.Thread.State: WAITING (on object monitor)
        at sun.misc.Unsafe.park(Native Method)
        at java.util.concurrent.locks.LockSupport.park(LockSupport.java:175)
        at java.util.concurrent.locks.AbstractQueuedSynchronizer$ConditionObject.await(AbstractQueuedSynchronizer.java:2039)
        at java.util.concurrent.ArrayBlockingQueue.take(ArrayBlockingQueue.java:403)
        at java.util.concurrent.ThreadPoolExecutor.getTask(ThreadPoolExecutor.java:1074)
        at java.util.concurrent.ThreadPoolExecutor.runWorker(ThreadPoolExecutor.java:1134)
        at java.util.concurrent.ThreadPoolExecutor$Worker.run(ThreadPoolExecutor.java:624)
        at java.lang.Thread.run(Thread.java:748)
"qtp1187146208-220" daemon prio=5 tid=220 timed_waiting
java.lang.Thread.State: TIMED_WAITING
        at sun.misc.Unsafe.park(Native Method)
        at java.util.concurrent.locks.LockSupport.parkNanos(LockSupport.java:215)
        at java.util.concurrent.locks.AbstractQueuedSynchronizer$ConditionObject.awaitNanos(AbstractQueuedSynchronizer.java:2078)
        at org.eclipse.jetty.util.BlockingArrayQueue.poll(BlockingArrayQueue.java:392)
        at org.eclipse.jetty.util.thread.QueuedThreadPool.idleJobPoll(QueuedThreadPool.java:563)
        at org.eclipse.jetty.util.thread.QueuedThreadPool.access$800(QueuedThreadPool.java:48)
        at org.eclipse.jetty.util.thread.QueuedThreadPool$2.run(QueuedThreadPool.java:626)
        at java.lang.Thread.run(Thread.java:748)
"IPC Server handler 0 on 45290" daemon prio=5 tid=49 timed_waiting
java.lang.Thread.State: TIMED_WAITING
        at sun.misc.Unsafe.park(Native Method)
        at java.util.concurrent.locks.LockSupport.parkNanos(LockSupport.java:215)
        at java.util.concurrent.locks.AbstractQueuedSynchronizer$ConditionObject.awaitNanos(AbstractQueuedSynchronizer.java:2078)
        at java.util.concurrent.LinkedBlockingQueue.poll(LinkedBlockingQueue.java:467)
        at org.apache.hadoop.ipc.CallQueueManager.take(CallQueueManager.java:288)
        at org.apache.hadoop.ipc.Server$Handler.run(Server.java:2668)
"pool-66-thread-42"  prio=5 tid=622 in Object.wait()
java.lang.Thread.State: WAITING (on object monitor)
        at sun.misc.Unsafe.park(Native Method)
        at java.util.concurrent.locks.LockSupport.park(LockSupport.java:175)
        at java.util.concurrent.locks.AbstractQueuedSynchronizer$ConditionObject.await(AbstractQueuedSynchronizer.java:2039)
        at java.util.concurrent.ArrayBlockingQueue.take(ArrayBlockingQueue.java:403)
        at java.util.concurrent.ThreadPoolExecutor.getTask(ThreadPoolExecutor.java:1074)
        at java.util.concurrent.ThreadPoolExecutor.runWorker(ThreadPoolExecutor.java:1134)
        at java.util.concurrent.ThreadPoolExecutor$Worker.run(ThreadPoolExecutor.java:624)
        at java.lang.Thread.run(Thread.java:748)
"pool-76-thread-35"  prio=5 tid=686 in Object.wait()
java.lang.Thread.State: WAITING (on object monitor)
        at sun.misc.Unsafe.park(Native Method)
        at java.util.concurrent.locks.LockSupport.park(LockSupport.java:175)
        at java.util.concurrent.locks.AbstractQueuedSynchronizer$ConditionObject.await(AbstractQueuedSynchronizer.java:2039)
        at java.util.concurrent.ArrayBlockingQueue.take(ArrayBlockingQueue.java:403)
        at java.util.concurrent.ThreadPoolExecutor.getTask(ThreadPoolExecutor.java:1074)
        at java.util.concurrent.ThreadPoolExecutor.runWorker(ThreadPoolExecutor.java:1134)
        at java.util.concurrent.ThreadPoolExecutor$Worker.run(ThreadPoolExecutor.java:624)
        at java.lang.Thread.run(Thread.java:748)
"pool-36-thread-13"  prio=5 tid=376 in Object.wait()
java.lang.Thread.State: WAITING (on object monitor)
        at sun.misc.Unsafe.park(Native Method)
        at java.util.concurrent.locks.LockSupport.park(LockSupport.java:175)
        at java.util.concurrent.locks.AbstractQueuedSynchronizer$ConditionObject.await(AbstractQueuedSynchronizer.java:2039)
        at java.util.concurrent.ArrayBlockingQueue.take(ArrayBlockingQueue.java:403)
        at java.util.concurrent.ThreadPoolExecutor.getTask(ThreadPoolExecutor.java:1074)
        at java.util.concurrent.ThreadPoolExecutor.runWorker(ThreadPoolExecutor.java:1134)
        at java.util.concurrent.ThreadPoolExecutor$Worker.run(ThreadPoolExecutor.java:624)
        at java.lang.Thread.run(Thread.java:748)
"pool-86-thread-14"  prio=5 tid=727 in Object.wait()
java.lang.Thread.State: WAITING (on object monitor)
        at sun.misc.Unsafe.park(Native Method)
        at java.util.concurrent.locks.LockSupport.park(LockSupport.java:175)
        at java.util.concurrent.locks.AbstractQueuedSynchronizer$ConditionObject.await(AbstractQueuedSynchronizer.java:2039)
        at java.util.concurrent.ArrayBlockingQueue.take(ArrayBlockingQueue.java:403)
        at java.util.concurrent.ThreadPoolExecutor.getTask(ThreadPoolExecutor.java:1074)
        at java.util.concurrent.ThreadPoolExecutor.runWorker(ThreadPoolExecutor.java:1134)
        at java.util.concurrent.ThreadPoolExecutor$Worker.run(ThreadPoolExecutor.java:624)
        at java.lang.Thread.run(Thread.java:748)
"qtp64989209-300" daemon prio=5 tid=300 timed_waiting
java.lang.Thread.State: TIMED_WAITING
        at sun.misc.Unsafe.park(Native Method)
        at java.util.concurrent.locks.LockSupport.parkNanos(LockSupport.java:215)
        at java.util.concurrent.locks.AbstractQueuedSynchronizer$ConditionObject.awaitNanos(AbstractQueuedSynchronizer.java:2078)
        at org.eclipse.jetty.util.BlockingArrayQueue.poll(BlockingArrayQueue.java:392)
        at org.eclipse.jetty.util.thread.QueuedThreadPool.idleJobPoll(QueuedThreadPool.java:563)
        at org.eclipse.jetty.util.thread.QueuedThreadPool.access$800(QueuedThreadPool.java:48)
        at org.eclipse.jetty.util.thread.QueuedThreadPool$2.run(QueuedThreadPool.java:626)
        at java.lang.Thread.run(Thread.java:748)
"pool-26-thread-15"  prio=5 tid=380 in Object.wait()
java.lang.Thread.State: WAITING (on object monitor)
        at sun.misc.Unsafe.park(Native Method)
        at java.util.concurrent.locks.LockSupport.park(LockSupport.java:175)
        at java.util.concurrent.locks.AbstractQueuedSynchronizer$ConditionObject.await(AbstractQueuedSynchronizer.java:2039)
        at java.util.concurrent.ArrayBlockingQueue.take(ArrayBlockingQueue.java:403)
        at java.util.concurrent.ThreadPoolExecutor.getTask(ThreadPoolExecutor.java:1074)
        at java.util.concurrent.ThreadPoolExecutor.runWorker(ThreadPoolExecutor.java:1134)
        at java.util.concurrent.ThreadPoolExecutor$Worker.run(ThreadPoolExecutor.java:624)
        at java.lang.Thread.run(Thread.java:748)
"IPC Server idle connection scanner for port 36674" daemon prio=5 tid=16 timed_waiting
java.lang.Thread.State: TIMED_WAITING
        at java.lang.Object.wait(Native Method)
        at java.util.TimerThread.mainLoop(Timer.java:552)
        at java.util.TimerThread.run(Timer.java:505)
"pool-46-thread-28"  prio=5 tid=430 in Object.wait()
java.lang.Thread.State: WAITING (on object monitor)
        at sun.misc.Unsafe.park(Native Method)
        at java.util.concurrent.locks.LockSupport.park(LockSupport.java:175)
        at java.util.concurrent.locks.AbstractQueuedSynchronizer$ConditionObject.await(AbstractQueuedSynchronizer.java:2039)
        at java.util.concurrent.ArrayBlockingQueue.take(ArrayBlockingQueue.java:403)
        at java.util.concurrent.ThreadPoolExecutor.getTask(ThreadPoolExecutor.java:1074)
        at java.util.concurrent.ThreadPoolExecutor.runWorker(ThreadPoolExecutor.java:1134)
        at java.util.concurrent.ThreadPoolExecutor$Worker.run(ThreadPoolExecutor.java:624)
        at java.lang.Thread.run(Thread.java:748)
"qtp1981708431-191" daemon prio=5 tid=191 timed_waiting
java.lang.Thread.State: TIMED_WAITING
        at sun.misc.Unsafe.park(Native Method)
        at java.util.concurrent.locks.LockSupport.parkNanos(LockSupport.java:215)
        at java.util.concurrent.locks.AbstractQueuedSynchronizer$ConditionObject.awaitNanos(AbstractQueuedSynchronizer.java:2078)
        at org.eclipse.jetty.util.BlockingArrayQueue.poll(BlockingArrayQueue.java:392)
        at org.eclipse.jetty.util.thread.QueuedThreadPool.idleJobPoll(QueuedThreadPool.java:563)
        at org.eclipse.jetty.util.thread.QueuedThreadPool.access$800(QueuedThreadPool.java:48)
        at org.eclipse.jetty.util.thread.QueuedThreadPool$2.run(QueuedThreadPool.java:626)
        at java.lang.Thread.run(Thread.java:748)
"pool-46-thread-25"  prio=5 tid=416 in Object.wait()
java.lang.Thread.State: WAITING (on object monitor)
        at sun.misc.Unsafe.park(Native Method)
        at java.util.concurrent.locks.LockSupport.park(LockSupport.java:175)
        at java.util.concurrent.locks.AbstractQueuedSynchronizer$ConditionObject.await(AbstractQueuedSynchronizer.java:2039)
        at java.util.concurrent.ArrayBlockingQueue.take(ArrayBlockingQueue.java:403)
        at java.util.concurrent.ThreadPoolExecutor.getTask(ThreadPoolExecutor.java:1074)
        at java.util.concurrent.ThreadPoolExecutor.runWorker(ThreadPoolExecutor.java:1134)
        at java.util.concurrent.ThreadPoolExecutor$Worker.run(ThreadPoolExecutor.java:624)
        at java.lang.Thread.run(Thread.java:748)
"qtp1981708431-190" daemon prio=5 tid=190 timed_waiting
java.lang.Thread.State: TIMED_WAITING
        at sun.misc.Unsafe.park(Native Method)
        at java.util.concurrent.locks.LockSupport.parkNanos(LockSupport.java:215)
        at java.util.concurrent.locks.AbstractQueuedSynchronizer$ConditionObject.awaitNanos(AbstractQueuedSynchronizer.java:2078)
        at org.eclipse.jetty.util.BlockingArrayQueue.poll(BlockingArrayQueue.java:392)
        at org.eclipse.jetty.util.thread.QueuedThreadPool.idleJobPoll(QueuedThreadPool.java:563)
        at org.eclipse.jetty.util.thread.QueuedThreadPool.access$800(QueuedThreadPool.java:48)
        at org.eclipse.jetty.util.thread.QueuedThreadPool$2.run(QueuedThreadPool.java:626)
        at java.lang.Thread.run(Thread.java:748)
"pool-66-thread-45"  prio=5 tid=625 in Object.wait()
java.lang.Thread.State: WAITING (on object monitor)
        at sun.misc.Unsafe.park(Native Method)
        at java.util.concurrent.locks.LockSupport.park(LockSupport.java:175)
        at java.util.concurrent.locks.AbstractQueuedSynchronizer$ConditionObject.await(AbstractQueuedSynchronizer.java:2039)
        at java.util.concurrent.ArrayBlockingQueue.take(ArrayBlockingQueue.java:403)
        at java.util.concurrent.ThreadPoolExecutor.getTask(ThreadPoolExecutor.java:1074)
        at java.util.concurrent.ThreadPoolExecutor.runWorker(ThreadPoolExecutor.java:1134)
        at java.util.concurrent.ThreadPoolExecutor$Worker.run(ThreadPoolExecutor.java:624)
        at java.lang.Thread.run(Thread.java:748)
"pool-34-thread-1" daemon prio=5 tid=183 timed_waiting
java.lang.Thread.State: TIMED_WAITING
        at sun.misc.Unsafe.park(Native Method)
        at java.util.concurrent.locks.LockSupport.parkNanos(LockSupport.java:215)
        at java.util.concurrent.locks.AbstractQueuedSynchronizer$ConditionObject.awaitNanos(AbstractQueuedSynchronizer.java:2078)
        at java.util.concurrent.ScheduledThreadPoolExecutor$DelayedWorkQueue.take(ScheduledThreadPoolExecutor.java:1093)
        at java.util.concurrent.ScheduledThreadPoolExecutor$DelayedWorkQueue.take(ScheduledThreadPoolExecutor.java:809)
        at java.util.concurrent.ThreadPoolExecutor.getTask(ThreadPoolExecutor.java:1074)
        at java.util.concurrent.ThreadPoolExecutor.runWorker(ThreadPoolExecutor.java:1134)
        at java.util.concurrent.ThreadPoolExecutor$Worker.run(ThreadPoolExecutor.java:624)
        at java.lang.Thread.run(Thread.java:748)
"qtp820627987-164" daemon prio=5 tid=164 timed_waiting
java.lang.Thread.State: TIMED_WAITING
        at sun.misc.Unsafe.park(Native Method)
        at java.util.concurrent.locks.LockSupport.parkNanos(LockSupport.java:215)
        at java.util.concurrent.locks.AbstractQueuedSynchronizer$ConditionObject.awaitNanos(AbstractQueuedSynchronizer.java:2078)
        at org.eclipse.jetty.util.BlockingArrayQueue.poll(BlockingArrayQueue.java:392)
        at org.eclipse.jetty.util.thread.QueuedThreadPool.idleJobPoll(QueuedThreadPool.java:563)
        at org.eclipse.jetty.util.thread.QueuedThreadPool.access$800(QueuedThreadPool.java:48)
        at org.eclipse.jetty.util.thread.QueuedThreadPool$2.run(QueuedThreadPool.java:626)
        at java.lang.Thread.run(Thread.java:748)
"pool-86-thread-8"  prio=5 tid=721 in Object.wait()
java.lang.Thread.State: WAITING (on object monitor)
        at sun.misc.Unsafe.park(Native Method)
        at java.util.concurrent.locks.LockSupport.park(LockSupport.java:175)
        at java.util.concurrent.locks.AbstractQueuedSynchronizer$ConditionObject.await(AbstractQueuedSynchronizer.java:2039)
        at java.util.concurrent.ArrayBlockingQueue.take(ArrayBlockingQueue.java:403)
        at java.util.concurrent.ThreadPoolExecutor.getTask(ThreadPoolExecutor.java:1074)
        at java.util.concurrent.ThreadPoolExecutor.runWorker(ThreadPoolExecutor.java:1134)
        at java.util.concurrent.ThreadPoolExecutor$Worker.run(ThreadPoolExecutor.java:624)
        at java.lang.Thread.run(Thread.java:748)
"pool-56-thread-2"  prio=5 tid=522 in Object.wait()
java.lang.Thread.State: WAITING (on object monitor)
        at sun.misc.Unsafe.park(Native Method)
        at java.util.concurrent.locks.LockSupport.park(LockSupport.java:175)
        at java.util.concurrent.locks.AbstractQueuedSynchronizer$ConditionObject.await(AbstractQueuedSynchronizer.java:2039)
        at java.util.concurrent.ArrayBlockingQueue.take(ArrayBlockingQueue.java:403)
        at java.util.concurrent.ThreadPoolExecutor.getTask(ThreadPoolExecutor.java:1074)
        at java.util.concurrent.ThreadPoolExecutor.runWorker(ThreadPoolExecutor.java:1134)
        at java.util.concurrent.ThreadPoolExecutor$Worker.run(ThreadPoolExecutor.java:624)
        at java.lang.Thread.run(Thread.java:748)
"pool-86-thread-18"  prio=5 tid=731 in Object.wait()
java.lang.Thread.State: WAITING (on object monitor)
        at sun.misc.Unsafe.park(Native Method)
        at java.util.concurrent.locks.LockSupport.park(LockSupport.java:175)
        at java.util.concurrent.locks.AbstractQueuedSynchronizer$ConditionObject.await(AbstractQueuedSynchronizer.java:2039)
        at java.util.concurrent.ArrayBlockingQueue.take(ArrayBlockingQueue.java:403)
        at java.util.concurrent.ThreadPoolExecutor.getTask(ThreadPoolExecutor.java:1074)
        at java.util.concurrent.ThreadPoolExecutor.runWorker(ThreadPoolExecutor.java:1134)
        at java.util.concurrent.ThreadPoolExecutor$Worker.run(ThreadPoolExecutor.java:624)
        at java.lang.Thread.run(Thread.java:748)
"pool-26-thread-20"  prio=5 tid=398 in Object.wait()
java.lang.Thread.State: WAITING (on object monitor)
        at sun.misc.Unsafe.park(Native Method)
        at java.util.concurrent.locks.LockSupport.park(LockSupport.java:175)
        at java.util.concurrent.locks.AbstractQueuedSynchronizer$ConditionObject.await(AbstractQueuedSynchronizer.java:2039)
        at java.util.concurrent.ArrayBlockingQueue.take(ArrayBlockingQueue.java:403)
        at java.util.concurrent.ThreadPoolExecutor.getTask(ThreadPoolExecutor.java:1074)
        at java.util.concurrent.ThreadPoolExecutor.runWorker(ThreadPoolExecutor.java:1134)
        at java.util.concurrent.ThreadPoolExecutor$Worker.run(ThreadPoolExecutor.java:624)
        at java.lang.Thread.run(Thread.java:748)
"IPC Server handler 11 on 36674" daemon prio=5 tid=80 timed_waiting
java.lang.Thread.State: TIMED_WAITING
        at sun.misc.Unsafe.park(Native Method)
        at java.util.concurrent.locks.LockSupport.parkNanos(LockSupport.java:215)
        at java.util.concurrent.locks.AbstractQueuedSynchronizer$ConditionObject.awaitNanos(AbstractQueuedSynchronizer.java:2078)
        at java.util.concurrent.LinkedBlockingQueue.poll(LinkedBlockingQueue.java:467)
        at org.apache.hadoop.ipc.CallQueueManager.take(CallQueueManager.java:288)
        at org.apache.hadoop.ipc.Server$Handler.run(Server.java:2668)
"pool-56-thread-22"  prio=5 tid=542 in Object.wait()
java.lang.Thread.State: WAITING (on object monitor)
        at sun.misc.Unsafe.park(Native Method)
        at java.util.concurrent.locks.LockSupport.park(LockSupport.java:175)
        at java.util.concurrent.locks.AbstractQueuedSynchronizer$ConditionObject.await(AbstractQueuedSynchronizer.java:2039)
        at java.util.concurrent.ArrayBlockingQueue.take(ArrayBlockingQueue.java:403)
        at java.util.concurrent.ThreadPoolExecutor.getTask(ThreadPoolExecutor.java:1074)
        at java.util.concurrent.ThreadPoolExecutor.runWorker(ThreadPoolExecutor.java:1134)
        at java.util.concurrent.ThreadPoolExecutor$Worker.run(ThreadPoolExecutor.java:624)
        at java.lang.Thread.run(Thread.java:748)
"BlockDeletingService#0" daemon prio=5 tid=643 timed_waiting
java.lang.Thread.State: TIMED_WAITING
        at sun.misc.Unsafe.park(Native Method)
        at java.util.concurrent.locks.LockSupport.parkNanos(LockSupport.java:215)
        at java.util.concurrent.locks.AbstractQueuedSynchronizer$ConditionObject.awaitNanos(AbstractQueuedSynchronizer.java:2078)
        at java.util.concurrent.ScheduledThreadPoolExecutor$DelayedWorkQueue.take(ScheduledThreadPoolExecutor.java:1093)
        at java.util.concurrent.ScheduledThreadPoolExecutor$DelayedWorkQueue.take(ScheduledThreadPoolExecutor.java:809)
        at java.util.concurrent.ThreadPoolExecutor.getTask(ThreadPoolExecutor.java:1074)
        at java.util.concurrent.ThreadPoolExecutor.runWorker(ThreadPoolExecutor.java:1134)
        at java.util.concurrent.ThreadPoolExecutor$Worker.run(ThreadPoolExecutor.java:624)
        at java.lang.Thread.run(Thread.java:748)
"pool-76-thread-28"  prio=5 tid=679 in Object.wait()
java.lang.Thread.State: WAITING (on object monitor)
        at sun.misc.Unsafe.park(Native Method)
        at java.util.concurrent.locks.LockSupport.park(LockSupport.java:175)
        at java.util.concurrent.locks.AbstractQueuedSynchronizer$ConditionObject.await(AbstractQueuedSynchronizer.java:2039)
        at java.util.concurrent.ArrayBlockingQueue.take(ArrayBlockingQueue.java:403)
        at java.util.concurrent.ThreadPoolExecutor.getTask(ThreadPoolExecutor.java:1074)
        at java.util.concurrent.ThreadPoolExecutor.runWorker(ThreadPoolExecutor.java:1134)
        at java.util.concurrent.ThreadPoolExecutor$Worker.run(ThreadPoolExecutor.java:624)
        at java.lang.Thread.run(Thread.java:748)
"Command processor thread" daemon prio=5 tid=283 timed_waiting
java.lang.Thread.State: TIMED_WAITING
        at java.lang.Thread.sleep(Native Method)
        at org.apache.hadoop.ozone.container.common.statemachine.DatanodeStateMachine.lambda$initCommandHandlerThread$1(DatanodeStateMachine.java:439)
        at org.apache.hadoop.ozone.container.common.statemachine.DatanodeStateMachine$$Lambda$141/459692644.run(Unknown Source)
        at java.lang.Thread.run(Thread.java:748)
"IPC Server handler 15 on 44783" daemon prio=5 tid=130 timed_waiting
java.lang.Thread.State: TIMED_WAITING
        at sun.misc.Unsafe.park(Native Method)
        at java.util.concurrent.locks.LockSupport.parkNanos(LockSupport.java:215)
        at java.util.concurrent.locks.AbstractQueuedSynchronizer$ConditionObject.awaitNanos(AbstractQueuedSynchronizer.java:2078)
        at java.util.concurrent.LinkedBlockingQueue.poll(LinkedBlockingQueue.java:467)
        at org.apache.hadoop.ipc.CallQueueManager.take(CallQueueManager.java:288)
        at org.apache.hadoop.ipc.Server$Handler.run(Server.java:2668)
"IPC Server handler 0 on 44783" daemon prio=5 tid=114 timed_waiting
java.lang.Thread.State: TIMED_WAITING
        at sun.misc.Unsafe.park(Native Method)
        at java.util.concurrent.locks.LockSupport.parkNanos(LockSupport.java:215)
        at java.util.concurrent.locks.AbstractQueuedSynchronizer$ConditionObject.awaitNanos(AbstractQueuedSynchronizer.java:2078)
        at java.util.concurrent.LinkedBlockingQueue.poll(LinkedBlockingQueue.java:467)
        at org.apache.hadoop.ipc.CallQueueManager.take(CallQueueManager.java:288)
        at org.apache.hadoop.ipc.Server$Handler.run(Server.java:2668)
"refreshUsed-/workdir/hadoop-ozone/integration-test/target/test-dir/MiniOzoneClusterImpl-f68115de-5278-4c94-9b3d-9176cb3c0071/datanode-1/data/containers" daemon prio=5 tid=181 timed_waiting
java.lang.Thread.State: TIMED_WAITING
        at java.lang.Thread.sleep(Native Method)
        at org.apache.hadoop.fs.CachingGetSpaceUsed$RefreshThread.run(CachingGetSpaceUsed.java:179)
        at java.lang.Thread.run(Thread.java:748)
"pool-46-thread-37"  prio=5 tid=459 in Object.wait()
java.lang.Thread.State: WAITING (on object monitor)
        at sun.misc.Unsafe.park(Native Method)
        at java.util.concurrent.locks.LockSupport.park(LockSupport.java:175)
        at java.util.concurrent.locks.AbstractQueuedSynchronizer$ConditionObject.await(AbstractQueuedSynchronizer.java:2039)
        at java.util.concurrent.ArrayBlockingQueue.take(ArrayBlockingQueue.java:403)
        at java.util.concurrent.ThreadPoolExecutor.getTask(ThreadPoolExecutor.java:1074)
        at java.util.concurrent.ThreadPoolExecutor.runWorker(ThreadPoolExecutor.java:1134)
        at java.util.concurrent.ThreadPoolExecutor$Worker.run(ThreadPoolExecutor.java:624)
        at java.lang.Thread.run(Thread.java:748)
"OMDoubleBufferFlushThread" daemon prio=5 tid=106 timed_waiting
java.lang.Thread.State: TIMED_WAITING
        at java.lang.Object.wait(Native Method)
        at org.apache.hadoop.ozone.om.ratis.OzoneManagerDoubleBuffer.canFlush(OzoneManagerDoubleBuffer.java:322)
        at org.apache.hadoop.ozone.om.ratis.OzoneManagerDoubleBuffer.flushTransactions(OzoneManagerDoubleBuffer.java:130)
        at org.apache.hadoop.ozone.om.ratis.OzoneManagerDoubleBuffer$$Lambda$49/283923004.run(Unknown Source)
        at java.lang.Thread.run(Thread.java:748)
"BlockDeletingService#1" daemon prio=5 tid=647 in Object.wait()
java.lang.Thread.State: WAITING (on object monitor)
        at sun.misc.Unsafe.park(Native Method)
        at java.util.concurrent.locks.LockSupport.park(LockSupport.java:175)
        at java.util.concurrent.locks.AbstractQueuedSynchronizer$ConditionObject.await(AbstractQueuedSynchronizer.java:2039)
        at java.util.concurrent.ScheduledThreadPoolExecutor$DelayedWorkQueue.take(ScheduledThreadPoolExecutor.java:1088)
        at java.util.concurrent.ScheduledThreadPoolExecutor$DelayedWorkQueue.take(ScheduledThreadPoolExecutor.java:809)
        at java.util.concurrent.ThreadPoolExecutor.getTask(ThreadPoolExecutor.java:1074)
        at java.util.concurrent.ThreadPoolExecutor.runWorker(ThreadPoolExecutor.java:1134)
        at java.util.concurrent.ThreadPoolExecutor$Worker.run(ThreadPoolExecutor.java:624)
        at java.lang.Thread.run(Thread.java:748)
"IPC Server handler 9 on 45589" daemon prio=5 tid=38 timed_waiting
java.lang.Thread.State: TIMED_WAITING
        at sun.misc.Unsafe.park(Native Method)
        at java.util.concurrent.locks.LockSupport.parkNanos(LockSupport.java:215)
        at java.util.concurrent.locks.AbstractQueuedSynchronizer$ConditionObject.awaitNanos(AbstractQueuedSynchronizer.java:2078)
        at java.util.concurrent.LinkedBlockingQueue.poll(LinkedBlockingQueue.java:467)
        at org.apache.hadoop.ipc.CallQueueManager.take(CallQueueManager.java:288)
        at org.apache.hadoop.ipc.Server$Handler.run(Server.java:2668)
"Datanode State Machine Thread - 0" daemon prio=5 tid=170 timed_waiting
java.lang.Thread.State: TIMED_WAITING
        at java.lang.Thread.sleep(Native Method)
        at org.apache.hadoop.ozone.container.common.statemachine.DatanodeStateMachine.start(DatanodeStateMachine.java:191)
        at org.apache.hadoop.ozone.container.common.statemachine.DatanodeStateMachine.lambda$startDaemon$0(DatanodeStateMachine.java:349)
        at org.apache.hadoop.ozone.container.common.statemachine.DatanodeStateMachine$$Lambda$140/690051320.run(Unknown Source)
        at java.lang.Thread.run(Thread.java:748)
"pool-56-thread-24"  prio=5 tid=544 in Object.wait()
java.lang.Thread.State: WAITING (on object monitor)
        at sun.misc.Unsafe.park(Native Method)
        at java.util.concurrent.locks.LockSupport.park(LockSupport.java:175)
        at java.util.concurrent.locks.AbstractQueuedSynchronizer$ConditionObject.await(AbstractQueuedSynchronizer.java:2039)
        at java.util.concurrent.ArrayBlockingQueue.take(ArrayBlockingQueue.java:403)
        at java.util.concurrent.ThreadPoolExecutor.getTask(ThreadPoolExecutor.java:1074)
        at java.util.concurrent.ThreadPoolExecutor.runWorker(ThreadPoolExecutor.java:1134)
        at java.util.concurrent.ThreadPoolExecutor$Worker.run(ThreadPoolExecutor.java:624)
        at java.lang.Thread.run(Thread.java:748)
"metrics-hadoop-metrics2-reporter-44-thread-1" daemon prio=5 tid=914 timed_waiting
java.lang.Thread.State: TIMED_WAITING
        at sun.misc.Unsafe.park(Native Method)
        at java.util.concurrent.locks.LockSupport.parkNanos(LockSupport.java:215)
        at java.util.concurrent.locks.AbstractQueuedSynchronizer$ConditionObject.awaitNanos(AbstractQueuedSynchronizer.java:2078)
        at java.util.concurrent.ScheduledThreadPoolExecutor$DelayedWorkQueue.take(ScheduledThreadPoolExecutor.java:1093)
        at java.util.concurrent.ScheduledThreadPoolExecutor$DelayedWorkQueue.take(ScheduledThreadPoolExecutor.java:809)
        at java.util.concurrent.ThreadPoolExecutor.getTask(ThreadPoolExecutor.java:1074)
        at java.util.concurrent.ThreadPoolExecutor.runWorker(ThreadPoolExecutor.java:1134)
        at java.util.concurrent.ThreadPoolExecutor$Worker.run(ThreadPoolExecutor.java:624)
        at java.lang.Thread.run(Thread.java:748)
"pool-66-thread-43"  prio=5 tid=623 in Object.wait()
java.lang.Thread.State: WAITING (on object monitor)
        at sun.misc.Unsafe.park(Native Method)
        at java.util.concurrent.locks.LockSupport.park(LockSupport.java:175)
        at java.util.concurrent.locks.AbstractQueuedSynchronizer$ConditionObject.await(AbstractQueuedSynchronizer.java:2039)
        at java.util.concurrent.ArrayBlockingQueue.take(ArrayBlockingQueue.java:403)
        at java.util.concurrent.ThreadPoolExecutor.getTask(ThreadPoolExecutor.java:1074)
        at java.util.concurrent.ThreadPoolExecutor.runWorker(ThreadPoolExecutor.java:1134)
        at java.util.concurrent.ThreadPoolExecutor$Worker.run(ThreadPoolExecutor.java:624)
        at java.lang.Thread.run(Thread.java:748)
"org.eclipse.jetty.server.session.HashSessionManager@2f4854d6Timer" daemon prio=5 tid=98 timed_waiting
java.lang.Thread.State: TIMED_WAITING
        at sun.misc.Unsafe.park(Native Method)
        at java.util.concurrent.locks.LockSupport.parkNanos(LockSupport.java:215)
        at java.util.concurrent.locks.AbstractQueuedSynchronizer$ConditionObject.awaitNanos(AbstractQueuedSynchronizer.java:2078)
        at java.util.concurrent.ScheduledThreadPoolExecutor$DelayedWorkQueue.take(ScheduledThreadPoolExecutor.java:1093)
        at java.util.concurrent.ScheduledThreadPoolExecutor$DelayedWorkQueue.take(ScheduledThreadPoolExecutor.java:809)
        at java.util.concurrent.ThreadPoolExecutor.getTask(ThreadPoolExecutor.java:1074)
        at java.util.concurrent.ThreadPoolExecutor.runWorker(ThreadPoolExecutor.java:1134)
        at java.util.concurrent.ThreadPoolExecutor$Worker.run(ThreadPoolExecutor.java:624)
        at java.lang.Thread.run(Thread.java:748)
"grpc-default-executor-7" daemon prio=5 tid=963 timed_waiting
java.lang.Thread.State: TIMED_WAITING
        at sun.misc.Unsafe.park(Native Method)
        at java.util.concurrent.locks.LockSupport.parkNanos(LockSupport.java:215)
        at java.util.concurrent.SynchronousQueue$TransferStack.awaitFulfill(SynchronousQueue.java:460)
        at java.util.concurrent.SynchronousQueue$TransferStack.transfer(SynchronousQueue.java:362)
        at java.util.concurrent.SynchronousQueue.poll(SynchronousQueue.java:941)
        at java.util.concurrent.ThreadPoolExecutor.getTask(ThreadPoolExecutor.java:1073)
        at java.util.concurrent.ThreadPoolExecutor.runWorker(ThreadPoolExecutor.java:1134)
        at java.util.concurrent.ThreadPoolExecutor$Worker.run(ThreadPoolExecutor.java:624)
        at java.lang.Thread.run(Thread.java:748)
"pool-86-thread-27"  prio=5 tid=740 in Object.wait()
java.lang.Thread.State: WAITING (on object monitor)
        at sun.misc.Unsafe.park(Native Method)
        at java.util.concurrent.locks.LockSupport.park(LockSupport.java:175)
        at java.util.concurrent.locks.AbstractQueuedSynchronizer$ConditionObject.await(AbstractQueuedSynchronizer.java:2039)
        at java.util.concurrent.ArrayBlockingQueue.take(ArrayBlockingQueue.java:403)
        at java.util.concurrent.ThreadPoolExecutor.getTask(ThreadPoolExecutor.java:1074)
        at java.util.concurrent.ThreadPoolExecutor.runWorker(ThreadPoolExecutor.java:1134)
        at java.util.concurrent.ThreadPoolExecutor$Worker.run(ThreadPoolExecutor.java:624)
        at java.lang.Thread.run(Thread.java:748)
"qtp2013613908-243" daemon prio=5 tid=243 timed_waiting
java.lang.Thread.State: TIMED_WAITING
        at sun.misc.Unsafe.park(Native Method)
        at java.util.concurrent.locks.LockSupport.parkNanos(LockSupport.java:215)
        at java.util.concurrent.locks.AbstractQueuedSynchronizer$ConditionObject.awaitNanos(AbstractQueuedSynchronizer.java:2078)
        at org.eclipse.jetty.util.BlockingArrayQueue.poll(BlockingArrayQueue.java:392)
        at org.eclipse.jetty.util.thread.QueuedThreadPool.idleJobPoll(QueuedThreadPool.java:563)
        at org.eclipse.jetty.util.thread.QueuedThreadPool.access$800(QueuedThreadPool.java:48)
        at org.eclipse.jetty.util.thread.QueuedThreadPool$2.run(QueuedThreadPool.java:626)
        at java.lang.Thread.run(Thread.java:748)
"metrics-hadoop-metrics2-reporter-55-thread-1" daemon prio=5 tid=1011 timed_waiting
java.lang.Thread.State: TIMED_WAITING
        at sun.misc.Unsafe.park(Native Method)
        at java.util.concurrent.locks.LockSupport.parkNanos(LockSupport.java:215)
        at java.util.concurrent.locks.AbstractQueuedSynchronizer$ConditionObject.awaitNanos(AbstractQueuedSynchronizer.java:2078)
        at java.util.concurrent.ScheduledThreadPoolExecutor$DelayedWorkQueue.take(ScheduledThreadPoolExecutor.java:1093)
        at java.util.concurrent.ScheduledThreadPoolExecutor$DelayedWorkQueue.take(ScheduledThreadPoolExecutor.java:809)
        at java.util.concurrent.ThreadPoolExecutor.getTask(ThreadPoolExecutor.java:1074)
        at java.util.concurrent.ThreadPoolExecutor.runWorker(ThreadPoolExecutor.java:1134)
        at java.util.concurrent.ThreadPoolExecutor$Worker.run(ThreadPoolExecutor.java:624)
        at java.lang.Thread.run(Thread.java:748)
"metrics-hadoop-metrics2-reporter-57-thread-1" daemon prio=5 tid=1027 timed_waiting
java.lang.Thread.State: TIMED_WAITING
        at sun.misc.Unsafe.park(Native Method)
        at java.util.concurrent.locks.LockSupport.parkNanos(LockSupport.java:215)
        at java.util.concurrent.locks.AbstractQueuedSynchronizer$ConditionObject.awaitNanos(AbstractQueuedSynchronizer.java:2078)
        at java.util.concurrent.ScheduledThreadPoolExecutor$DelayedWorkQueue.take(ScheduledThreadPoolExecutor.java:1093)
        at java.util.concurrent.ScheduledThreadPoolExecutor$DelayedWorkQueue.take(ScheduledThreadPoolExecutor.java:809)
        at java.util.concurrent.ThreadPoolExecutor.getTask(ThreadPoolExecutor.java:1074)
        at java.util.concurrent.ThreadPoolExecutor.runWorker(ThreadPoolExecutor.java:1134)
        at java.util.concurrent.ThreadPoolExecutor$Worker.run(ThreadPoolExecutor.java:624)
        at java.lang.Thread.run(Thread.java:748)
"Periodic HDDS volume checker"  prio=5 tid=314 timed_waiting
java.lang.Thread.State: TIMED_WAITING
        at sun.misc.Unsafe.park(Native Method)
        at java.util.concurrent.locks.LockSupport.parkNanos(LockSupport.java:215)
        at java.util.concurrent.locks.AbstractQueuedSynchronizer$ConditionObject.awaitNanos(AbstractQueuedSynchronizer.java:2078)
        at java.util.concurrent.ScheduledThreadPoolExecutor$DelayedWorkQueue.take(ScheduledThreadPoolExecutor.java:1093)
        at java.util.concurrent.ScheduledThreadPoolExecutor$DelayedWorkQueue.take(ScheduledThreadPoolExecutor.java:809)
        at java.util.concurrent.ThreadPoolExecutor.getTask(ThreadPoolExecutor.java:1074)
        at java.util.concurrent.ThreadPoolExecutor.runWorker(ThreadPoolExecutor.java:1134)
        at java.util.concurrent.ThreadPoolExecutor$Worker.run(ThreadPoolExecutor.java:624)
        at java.lang.Thread.run(Thread.java:748)
"qtp2013613908-245" daemon prio=5 tid=245 timed_waiting
java.lang.Thread.State: TIMED_WAITING
        at sun.misc.Unsafe.park(Native Method)
        at java.util.concurrent.locks.LockSupport.parkNanos(LockSupport.java:215)
        at java.util.concurrent.locks.AbstractQueuedSynchronizer$ConditionObject.awaitNanos(AbstractQueuedSynchronizer.java:2078)
        at org.eclipse.jetty.util.BlockingArrayQueue.poll(BlockingArrayQueue.java:392)
        at org.eclipse.jetty.util.thread.QueuedThreadPool.idleJobPoll(QueuedThreadPool.java:563)
        at org.eclipse.jetty.util.thread.QueuedThreadPool.access$800(QueuedThreadPool.java:48)
        at org.eclipse.jetty.util.thread.QueuedThreadPool$2.run(QueuedThreadPool.java:626)
        at java.lang.Thread.run(Thread.java:748)
"metrics-hadoop-metrics2-reporter-67-thread-1" daemon prio=5 tid=1067 timed_waiting
java.lang.Thread.State: TIMED_WAITING
        at sun.misc.Unsafe.park(Native Method)
        at java.util.concurrent.locks.LockSupport.parkNanos(LockSupport.java:215)
        at java.util.concurrent.locks.AbstractQueuedSynchronizer$ConditionObject.awaitNanos(AbstractQueuedSynchronizer.java:2078)
        at java.util.concurrent.ScheduledThreadPoolExecutor$DelayedWorkQueue.take(ScheduledThreadPoolExecutor.java:1093)
        at java.util.concurrent.ScheduledThreadPoolExecutor$DelayedWorkQueue.take(ScheduledThreadPoolExecutor.java:809)
        at java.util.concurrent.ThreadPoolExecutor.getTask(ThreadPoolExecutor.java:1074)
        at java.util.concurrent.ThreadPoolExecutor.runWorker(ThreadPoolExecutor.java:1134)
        at java.util.concurrent.ThreadPoolExecutor$Worker.run(ThreadPoolExecutor.java:624)
        at java.lang.Thread.run(Thread.java:748)
"Datanode State Machine Thread - 0" daemon prio=5 tid=285 timed_waiting
java.lang.Thread.State: TIMED_WAITING
        at sun.misc.Unsafe.park(Native Method)
        at java.util.concurrent.locks.LockSupport.parkNanos(LockSupport.java:215)
        at java.util.concurrent.SynchronousQueue$TransferStack.awaitFulfill(SynchronousQueue.java:460)
        at java.util.concurrent.SynchronousQueue$TransferStack.transfer(SynchronousQueue.java:362)
        at java.util.concurrent.SynchronousQueue.poll(SynchronousQueue.java:941)
        at java.util.concurrent.ThreadPoolExecutor.getTask(ThreadPoolExecutor.java:1073)
        at java.util.concurrent.ThreadPoolExecutor.runWorker(ThreadPoolExecutor.java:1134)
        at java.util.concurrent.ThreadPoolExecutor$Worker.run(ThreadPoolExecutor.java:624)
        at java.lang.Thread.run(Thread.java:748)
"BlockDeletingService#0" daemon prio=5 tid=774 timed_waiting
java.lang.Thread.State: TIMED_WAITING
        at sun.misc.Unsafe.park(Native Method)
        at java.util.concurrent.locks.LockSupport.parkNanos(LockSupport.java:215)
        at java.util.concurrent.locks.AbstractQueuedSynchronizer$ConditionObject.awaitNanos(AbstractQueuedSynchronizer.java:2078)
        at java.util.concurrent.ScheduledThreadPoolExecutor$DelayedWorkQueue.take(ScheduledThreadPoolExecutor.java:1093)
        at java.util.concurrent.ScheduledThreadPoolExecutor$DelayedWorkQueue.take(ScheduledThreadPoolExecutor.java:809)
        at java.util.concurrent.ThreadPoolExecutor.getTask(ThreadPoolExecutor.java:1074)
        at java.util.concurrent.ThreadPoolExecutor.runWorker(ThreadPoolExecutor.java:1134)
        at java.util.concurrent.ThreadPoolExecutor$Worker.run(ThreadPoolExecutor.java:624)
        at java.lang.Thread.run(Thread.java:748)
"c52c3de9-0ed1-4f2b-ba1d-f317ceeb0ceb@group-96B726D5AEA2-StateMachineUpdater" daemon prio=5 tid=816 in Object.wait()
java.lang.Thread.State: WAITING (on object monitor)
        at java.lang.Object.wait(Native Method)
        at java.lang.Object.wait(Object.java:502)
        at org.apache.ratis.server.impl.StateMachineUpdater.waitForCommit(StateMachineUpdater.java:194)
        at org.apache.ratis.server.impl.StateMachineUpdater.run(StateMachineUpdater.java:159)
        at java.lang.Thread.run(Thread.java:748)
"jaeger.RemoteReporter-QueueProcessor" daemon prio=5 tid=147 in Object.wait()
java.lang.Thread.State: WAITING (on object monitor)
        at sun.misc.Unsafe.park(Native Method)
        at java.util.concurrent.locks.LockSupport.park(LockSupport.java:175)
        at java.util.concurrent.locks.AbstractQueuedSynchronizer$ConditionObject.await(AbstractQueuedSynchronizer.java:2039)
        at java.util.concurrent.ArrayBlockingQueue.take(ArrayBlockingQueue.java:403)
        at io.jaegertracing.internal.reporters.RemoteReporter$QueueProcessor.run(RemoteReporter.java:173)
        at java.lang.Thread.run(Thread.java:748)
"pool-36-thread-10"  prio=5 tid=367 in Object.wait()
java.lang.Thread.State: WAITING (on object monitor)
        at sun.misc.Unsafe.park(Native Method)
        at java.util.concurrent.locks.LockSupport.park(LockSupport.java:175)
        at java.util.concurrent.locks.AbstractQueuedSynchronizer$ConditionObject.await(AbstractQueuedSynchronizer.java:2039)
        at java.util.concurrent.ArrayBlockingQueue.take(ArrayBlockingQueue.java:403)
        at java.util.concurrent.ThreadPoolExecutor.getTask(ThreadPoolExecutor.java:1074)
        at java.util.concurrent.ThreadPoolExecutor.runWorker(ThreadPoolExecutor.java:1134)
        at java.util.concurrent.ThreadPoolExecutor$Worker.run(ThreadPoolExecutor.java:624)
        at java.lang.Thread.run(Thread.java:748)
"pool-76-thread-34"  prio=5 tid=685 in Object.wait()
java.lang.Thread.State: WAITING (on object monitor)
        at sun.misc.Unsafe.park(Native Method)
        at java.util.concurrent.locks.LockSupport.park(LockSupport.java:175)
        at java.util.concurrent.locks.AbstractQueuedSynchronizer$ConditionObject.await(AbstractQueuedSynchronizer.java:2039)
        at java.util.concurrent.ArrayBlockingQueue.take(ArrayBlockingQueue.java:403)
        at java.util.concurrent.ThreadPoolExecutor.getTask(ThreadPoolExecutor.java:1074)
        at java.util.concurrent.ThreadPoolExecutor.runWorker(ThreadPoolExecutor.java:1134)
        at java.util.concurrent.ThreadPoolExecutor$Worker.run(ThreadPoolExecutor.java:624)
        at java.lang.Thread.run(Thread.java:748)
"Datanode State Machine Thread - 0" daemon prio=5 tid=339 timed_waiting
java.lang.Thread.State: TIMED_WAITING
        at sun.misc.Unsafe.park(Native Method)
        at java.util.concurrent.locks.LockSupport.parkNanos(LockSupport.java:215)
        at java.util.concurrent.SynchronousQueue$TransferStack.awaitFulfill(SynchronousQueue.java:460)
        at java.util.concurrent.SynchronousQueue$TransferStack.transfer(SynchronousQueue.java:362)
        at java.util.concurrent.SynchronousQueue.poll(SynchronousQueue.java:941)
        at java.util.concurrent.ThreadPoolExecutor.getTask(ThreadPoolExecutor.java:1073)
        at java.util.concurrent.ThreadPoolExecutor.runWorker(ThreadPoolExecutor.java:1134)
        at java.util.concurrent.ThreadPoolExecutor$Worker.run(ThreadPoolExecutor.java:624)
        at java.lang.Thread.run(Thread.java:748)
"pool-86-thread-10"  prio=5 tid=723 in Object.wait()
java.lang.Thread.State: WAITING (on object monitor)
        at sun.misc.Unsafe.park(Native Method)
        at java.util.concurrent.locks.LockSupport.park(LockSupport.java:175)
        at java.util.concurrent.locks.AbstractQueuedSynchronizer$ConditionObject.await(AbstractQueuedSynchronizer.java:2039)
        at java.util.concurrent.ArrayBlockingQueue.take(ArrayBlockingQueue.java:403)
        at java.util.concurrent.ThreadPoolExecutor.getTask(ThreadPoolExecutor.java:1074)
        at java.util.concurrent.ThreadPoolExecutor.runWorker(ThreadPoolExecutor.java:1134)
        at java.util.concurrent.ThreadPoolExecutor$Worker.run(ThreadPoolExecutor.java:624)
        at java.lang.Thread.run(Thread.java:748)
"IPC Server idle connection scanner for port 45589" daemon prio=5 tid=24 timed_waiting
java.lang.Thread.State: TIMED_WAITING
        at java.lang.Object.wait(Native Method)
        at java.util.TimerThread.mainLoop(Timer.java:552)
        at java.util.TimerThread.run(Timer.java:505)
"EventQueue-SafemodestatusForSafeModeHandler" daemon prio=5 tid=782 in Object.wait()
java.lang.Thread.State: WAITING (on object monitor)
        at sun.misc.Unsafe.park(Native Method)
        at java.util.concurrent.locks.LockSupport.park(LockSupport.java:175)
        at java.util.concurrent.locks.AbstractQueuedSynchronizer$ConditionObject.await(AbstractQueuedSynchronizer.java:2039)
        at java.util.concurrent.LinkedBlockingQueue.take(LinkedBlockingQueue.java:442)
        at java.util.concurrent.ThreadPoolExecutor.getTask(ThreadPoolExecutor.java:1074)
        at java.util.concurrent.ThreadPoolExecutor.runWorker(ThreadPoolExecutor.java:1134)
        at java.util.concurrent.ThreadPoolExecutor$Worker.run(ThreadPoolExecutor.java:624)
        at java.lang.Thread.run(Thread.java:748)
"pool-76-thread-22"  prio=5 tid=673 in Object.wait()
java.lang.Thread.State: WAITING (on object monitor)
        at sun.misc.Unsafe.park(Native Method)
        at java.util.concurrent.locks.LockSupport.park(LockSupport.java:175)
        at java.util.concurrent.locks.AbstractQueuedSynchronizer$ConditionObject.await(AbstractQueuedSynchronizer.java:2039)
        at java.util.concurrent.ArrayBlockingQueue.take(ArrayBlockingQueue.java:403)
        at java.util.concurrent.ThreadPoolExecutor.getTask(ThreadPoolExecutor.java:1074)
        at java.util.concurrent.ThreadPoolExecutor.runWorker(ThreadPoolExecutor.java:1134)
        at java.util.concurrent.ThreadPoolExecutor$Worker.run(ThreadPoolExecutor.java:624)
        at java.lang.Thread.run(Thread.java:748)
"grpc-default-boss-ELG-1-1" daemon prio=5 tid=641 runnable
java.lang.Thread.State: RUNNABLE
        at sun.nio.ch.EPollArrayWrapper.epollWait(Native Method)
        at sun.nio.ch.EPollArrayWrapper.poll(EPollArrayWrapper.java:269)
        at sun.nio.ch.EPollSelectorImpl.doSelect(EPollSelectorImpl.java:93)
        at sun.nio.ch.SelectorImpl.lockAndDoSelect(SelectorImpl.java:86)
        at sun.nio.ch.SelectorImpl.select(SelectorImpl.java:97)
        at org.apache.ratis.thirdparty.io.netty.channel.nio.SelectedSelectionKeySetSelector.select(SelectedSelectionKeySetSelector.java:62)
        at org.apache.ratis.thirdparty.io.netty.channel.nio.NioEventLoop.select(NioEventLoop.java:753)
        at org.apache.ratis.thirdparty.io.netty.channel.nio.NioEventLoop.run(NioEventLoop.java:408)
        at org.apache.ratis.thirdparty.io.netty.util.concurrent.SingleThreadEventExecutor$5.run(SingleThreadEventExecutor.java:897)
        at org.apache.ratis.thirdparty.io.netty.util.concurrent.FastThreadLocalRunnable.run(FastThreadLocalRunnable.java:30)
        at java.lang.Thread.run(Thread.java:748)
"SCM Heartbeat Processing Thread - 0" daemon prio=5 tid=13 timed_waiting
java.lang.Thread.State: TIMED_WAITING
        at sun.misc.Unsafe.park(Native Method)
        at java.util.concurrent.locks.LockSupport.parkNanos(LockSupport.java:215)
        at java.util.concurrent.locks.AbstractQueuedSynchronizer$ConditionObject.awaitNanos(AbstractQueuedSynchronizer.java:2078)
        at java.util.concurrent.ScheduledThreadPoolExecutor$DelayedWorkQueue.take(ScheduledThreadPoolExecutor.java:1093)
        at java.util.concurrent.ScheduledThreadPoolExecutor$DelayedWorkQueue.take(ScheduledThreadPoolExecutor.java:809)
        at java.util.concurrent.ThreadPoolExecutor.getTask(ThreadPoolExecutor.java:1074)
        at java.util.concurrent.ThreadPoolExecutor.runWorker(ThreadPoolExecutor.java:1134)
        at java.util.concurrent.ThreadPoolExecutor$Worker.run(ThreadPoolExecutor.java:624)
        at java.lang.Thread.run(Thread.java:748)
"pool-26-thread-42"  prio=5 tid=447 in Object.wait()
java.lang.Thread.State: WAITING (on object monitor)
        at sun.misc.Unsafe.park(Native Method)
        at java.util.concurrent.locks.LockSupport.park(LockSupport.java:175)
        at java.util.concurrent.locks.AbstractQueuedSynchronizer$ConditionObject.await(AbstractQueuedSynchronizer.java:2039)
        at java.util.concurrent.ArrayBlockingQueue.take(ArrayBlockingQueue.java:403)
        at java.util.concurrent.ThreadPoolExecutor.getTask(ThreadPoolExecutor.java:1074)
        at java.util.concurrent.ThreadPoolExecutor.runWorker(ThreadPoolExecutor.java:1134)
        at java.util.concurrent.ThreadPoolExecutor$Worker.run(ThreadPoolExecutor.java:624)
        at java.lang.Thread.run(Thread.java:748)
"pool-76-thread-60"  prio=5 tid=711 in Object.wait()
java.lang.Thread.State: WAITING (on object monitor)
        at sun.misc.Unsafe.park(Native Method)
        at java.util.concurrent.locks.LockSupport.park(LockSupport.java:175)
        at java.util.concurrent.locks.AbstractQueuedSynchronizer$ConditionObject.await(AbstractQueuedSynchronizer.java:2039)
        at java.util.concurrent.ArrayBlockingQueue.take(ArrayBlockingQueue.java:403)
        at java.util.concurrent.ThreadPoolExecutor.getTask(ThreadPoolExecutor.java:1074)
        at java.util.concurrent.ThreadPoolExecutor.runWorker(ThreadPoolExecutor.java:1134)
        at java.util.concurrent.ThreadPoolExecutor$Worker.run(ThreadPoolExecutor.java:624)
        at java.lang.Thread.run(Thread.java:748)
"pool-26-thread-27"  prio=5 tid=414 in Object.wait()
java.lang.Thread.State: WAITING (on object monitor)
        at sun.misc.Unsafe.park(Native Method)
        at java.util.concurrent.locks.LockSupport.park(LockSupport.java:175)
        at java.util.concurrent.locks.AbstractQueuedSynchronizer$ConditionObject.await(AbstractQueuedSynchronizer.java:2039)
        at java.util.concurrent.ArrayBlockingQueue.take(ArrayBlockingQueue.java:403)
        at java.util.concurrent.ThreadPoolExecutor.getTask(ThreadPoolExecutor.java:1074)
        at java.util.concurrent.ThreadPoolExecutor.runWorker(ThreadPoolExecutor.java:1134)
        at java.util.concurrent.ThreadPoolExecutor$Worker.run(ThreadPoolExecutor.java:624)
        at java.lang.Thread.run(Thread.java:748)
"metrics-hadoop-metrics2-reporter-39-thread-1" daemon prio=5 tid=891 timed_waiting
java.lang.Thread.State: TIMED_WAITING
        at sun.misc.Unsafe.park(Native Method)
        at java.util.concurrent.locks.LockSupport.parkNanos(LockSupport.java:215)
        at java.util.concurrent.locks.AbstractQueuedSynchronizer$ConditionObject.awaitNanos(AbstractQueuedSynchronizer.java:2078)
        at java.util.concurrent.ScheduledThreadPoolExecutor$DelayedWorkQueue.take(ScheduledThreadPoolExecutor.java:1093)
        at java.util.concurrent.ScheduledThreadPoolExecutor$DelayedWorkQueue.take(ScheduledThreadPoolExecutor.java:809)
        at java.util.concurrent.ThreadPoolExecutor.getTask(ThreadPoolExecutor.java:1074)
        at java.util.concurrent.ThreadPoolExecutor.runWorker(ThreadPoolExecutor.java:1134)
        at java.util.concurrent.ThreadPoolExecutor$Worker.run(ThreadPoolExecutor.java:624)
        at java.lang.Thread.run(Thread.java:748)
"qtp64989209-296" daemon prio=5 tid=296 timed_waiting
java.lang.Thread.State: TIMED_WAITING
        at sun.misc.Unsafe.park(Native Method)
        at java.util.concurrent.locks.LockSupport.parkNanos(LockSupport.java:215)
        at java.util.concurrent.locks.AbstractQueuedSynchronizer$ConditionObject.awaitNanos(AbstractQueuedSynchronizer.java:2078)
        at org.eclipse.jetty.util.BlockingArrayQueue.poll(BlockingArrayQueue.java:392)
        at org.eclipse.jetty.util.thread.QueuedThreadPool.idleJobPoll(QueuedThreadPool.java:563)
        at org.eclipse.jetty.util.thread.QueuedThreadPool.access$800(QueuedThreadPool.java:48)
        at org.eclipse.jetty.util.thread.QueuedThreadPool$2.run(QueuedThreadPool.java:626)
        at java.lang.Thread.run(Thread.java:748)
"qtp680988889-90-acceptor-0@2b8ff021-ServerConnector@1cf2fed4{HTTP/1.1,[http/1.1]}{0.0.0.0:37590}" daemon prio=3 tid=90 runnable
java.lang.Thread.State: RUNNABLE
        at sun.nio.ch.ServerSocketChannelImpl.accept0(Native Method)
        at sun.nio.ch.ServerSocketChannelImpl.accept(ServerSocketChannelImpl.java:422)
        at sun.nio.ch.ServerSocketChannelImpl.accept(ServerSocketChannelImpl.java:250)
        at org.eclipse.jetty.server.ServerConnector.accept(ServerConnector.java:397)
        at org.eclipse.jetty.server.AbstractConnector$Acceptor.run(AbstractConnector.java:601)
        at org.eclipse.jetty.util.thread.QueuedThreadPool.runJob(QueuedThreadPool.java:671)
        at org.eclipse.jetty.util.thread.QueuedThreadPool$2.run(QueuedThreadPool.java:589)
        at java.lang.Thread.run(Thread.java:748)
"IPC Server handler 10 on 45290" daemon prio=5 tid=59 timed_waiting
java.lang.Thread.State: TIMED_WAITING
        at sun.misc.Unsafe.park(Native Method)
        at java.util.concurrent.locks.LockSupport.parkNanos(LockSupport.java:215)
        at java.util.concurrent.locks.AbstractQueuedSynchronizer$ConditionObject.awaitNanos(AbstractQueuedSynchronizer.java:2078)
        at java.util.concurrent.LinkedBlockingQueue.poll(LinkedBlockingQueue.java:467)
        at org.apache.hadoop.ipc.CallQueueManager.take(CallQueueManager.java:288)
        at org.apache.hadoop.ipc.Server$Handler.run(Server.java:2668)
"IPC Server handler 4 on 36674" daemon prio=5 tid=73 timed_waiting
java.lang.Thread.State: TIMED_WAITING
        at sun.misc.Unsafe.park(Native Method)
        at java.util.concurrent.locks.LockSupport.parkNanos(LockSupport.java:215)
        at java.util.concurrent.locks.AbstractQueuedSynchronizer$ConditionObject.awaitNanos(AbstractQueuedSynchronizer.java:2078)
        at java.util.concurrent.LinkedBlockingQueue.poll(LinkedBlockingQueue.java:467)
        at org.apache.hadoop.ipc.CallQueueManager.take(CallQueueManager.java:288)
        at org.apache.hadoop.ipc.Server$Handler.run(Server.java:2668)
"pool-56-thread-38"  prio=5 tid=558 in Object.wait()
java.lang.Thread.State: WAITING (on object monitor)
        at sun.misc.Unsafe.park(Native Method)
        at java.util.concurrent.locks.LockSupport.park(LockSupport.java:175)
        at java.util.concurrent.locks.AbstractQueuedSynchronizer$ConditionObject.await(AbstractQueuedSynchronizer.java:2039)
        at java.util.concurrent.ArrayBlockingQueue.take(ArrayBlockingQueue.java:403)
        at java.util.concurrent.ThreadPoolExecutor.getTask(ThreadPoolExecutor.java:1074)
        at java.util.concurrent.ThreadPoolExecutor.runWorker(ThreadPoolExecutor.java:1134)
        at java.util.concurrent.ThreadPoolExecutor$Worker.run(ThreadPoolExecutor.java:624)
        at java.lang.Thread.run(Thread.java:748)
"Datanode ReportManager Thread - 2" daemon prio=5 tid=200 timed_waiting
java.lang.Thread.State: TIMED_WAITING
        at sun.misc.Unsafe.park(Native Method)
        at java.util.concurrent.locks.LockSupport.parkNanos(LockSupport.java:215)
        at java.util.concurrent.locks.AbstractQueuedSynchronizer$ConditionObject.awaitNanos(AbstractQueuedSynchronizer.java:2078)
        at java.util.concurrent.ScheduledThreadPoolExecutor$DelayedWorkQueue.take(ScheduledThreadPoolExecutor.java:1093)
        at java.util.concurrent.ScheduledThreadPoolExecutor$DelayedWorkQueue.take(ScheduledThreadPoolExecutor.java:809)
        at java.util.concurrent.ThreadPoolExecutor.getTask(ThreadPoolExecutor.java:1074)
        at java.util.concurrent.ThreadPoolExecutor.runWorker(ThreadPoolExecutor.java:1134)
        at java.util.concurrent.ThreadPoolExecutor$Worker.run(ThreadPoolExecutor.java:624)
        at java.lang.Thread.run(Thread.java:748)
"pool-36-thread-49"  prio=5 tid=492 in Object.wait()
java.lang.Thread.State: WAITING (on object monitor)
        at sun.misc.Unsafe.park(Native Method)
        at java.util.concurrent.locks.LockSupport.park(LockSupport.java:175)
        at java.util.concurrent.locks.AbstractQueuedSynchronizer$ConditionObject.await(AbstractQueuedSynchronizer.java:2039)
        at java.util.concurrent.ArrayBlockingQueue.take(ArrayBlockingQueue.java:403)
        at java.util.concurrent.ThreadPoolExecutor.getTask(ThreadPoolExecutor.java:1074)
        at java.util.concurrent.ThreadPoolExecutor.runWorker(ThreadPoolExecutor.java:1134)
        at java.util.concurrent.ThreadPoolExecutor$Worker.run(ThreadPoolExecutor.java:624)
        at java.lang.Thread.run(Thread.java:748)
"Thread-283" daemon prio=5 tid=896 timed_waiting
java.lang.Thread.State: TIMED_WAITING
        at sun.misc.Unsafe.park(Native Method)
        at java.util.concurrent.locks.LockSupport.parkNanos(LockSupport.java:215)
        at java.util.concurrent.locks.AbstractQueuedSynchronizer$ConditionObject.awaitNanos(AbstractQueuedSynchronizer.java:2078)
        at java.util.concurrent.ArrayBlockingQueue.poll(ArrayBlockingQueue.java:418)
        at org.apache.ratis.server.impl.LeaderState$EventQueue.poll(LeaderState.java:115)
        at org.apache.ratis.server.impl.LeaderState$EventProcessor.run(LeaderState.java:467)
"Thread-263" daemon prio=5 tid=849 timed_waiting
java.lang.Thread.State: TIMED_WAITING
        at sun.misc.Unsafe.park(Native Method)
        at java.util.concurrent.locks.LockSupport.parkNanos(LockSupport.java:215)
        at java.util.concurrent.locks.AbstractQueuedSynchronizer$ConditionObject.awaitNanos(AbstractQueuedSynchronizer.java:2078)
        at java.util.concurrent.ArrayBlockingQueue.poll(ArrayBlockingQueue.java:418)
        at org.apache.ratis.server.impl.LeaderState$EventQueue.poll(LeaderState.java:115)
        at org.apache.ratis.server.impl.LeaderState$EventProcessor.run(LeaderState.java:467)
"Datanode State Machine Thread - 0" daemon prio=5 tid=278 timed_waiting
java.lang.Thread.State: TIMED_WAITING
        at java.lang.Thread.sleep(Native Method)
        at org.apache.hadoop.ozone.container.common.statemachine.DatanodeStateMachine.start(DatanodeStateMachine.java:191)
        at org.apache.hadoop.ozone.container.common.statemachine.DatanodeStateMachine.lambda$startDaemon$0(DatanodeStateMachine.java:349)
        at org.apache.hadoop.ozone.container.common.statemachine.DatanodeStateMachine$$Lambda$140/690051320.run(Unknown Source)
        at java.lang.Thread.run(Thread.java:748)
"pool-76-thread-15"  prio=5 tid=666 in Object.wait()
java.lang.Thread.State: WAITING (on object monitor)
        at sun.misc.Unsafe.park(Native Method)
        at java.util.concurrent.locks.LockSupport.park(LockSupport.java:175)
        at java.util.concurrent.locks.AbstractQueuedSynchronizer$ConditionObject.await(AbstractQueuedSynchronizer.java:2039)
        at java.util.concurrent.ArrayBlockingQueue.take(ArrayBlockingQueue.java:403)
        at java.util.concurrent.ThreadPoolExecutor.getTask(ThreadPoolExecutor.java:1074)
        at java.util.concurrent.ThreadPoolExecutor.runWorker(ThreadPoolExecutor.java:1134)
        at java.util.concurrent.ThreadPoolExecutor$Worker.run(ThreadPoolExecutor.java:624)
        at java.lang.Thread.run(Thread.java:748)
"pool-86-thread-50"  prio=5 tid=763 in Object.wait()
java.lang.Thread.State: WAITING (on object monitor)
        at sun.misc.Unsafe.park(Native Method)
        at java.util.concurrent.locks.LockSupport.park(LockSupport.java:175)
        at java.util.concurrent.locks.AbstractQueuedSynchronizer$ConditionObject.await(AbstractQueuedSynchronizer.java:2039)
        at java.util.concurrent.ArrayBlockingQueue.take(ArrayBlockingQueue.java:403)
        at java.util.concurrent.ThreadPoolExecutor.getTask(ThreadPoolExecutor.java:1074)
        at java.util.concurrent.ThreadPoolExecutor.runWorker(ThreadPoolExecutor.java:1134)
        at java.util.concurrent.ThreadPoolExecutor$Worker.run(ThreadPoolExecutor.java:624)
        at java.lang.Thread.run(Thread.java:748)
"qtp820627987-162" daemon prio=5 tid=162 timed_waiting
java.lang.Thread.State: TIMED_WAITING
        at sun.misc.Unsafe.park(Native Method)
        at java.util.concurrent.locks.LockSupport.parkNanos(LockSupport.java:215)
        at java.util.concurrent.locks.AbstractQueuedSynchronizer$ConditionObject.awaitNanos(AbstractQueuedSynchronizer.java:2078)
        at org.eclipse.jetty.util.BlockingArrayQueue.poll(BlockingArrayQueue.java:392)
        at org.eclipse.jetty.util.thread.QueuedThreadPool.idleJobPoll(QueuedThreadPool.java:563)
        at org.eclipse.jetty.util.thread.QueuedThreadPool.access$800(QueuedThreadPool.java:48)
        at org.eclipse.jetty.util.thread.QueuedThreadPool$2.run(QueuedThreadPool.java:626)
        at java.lang.Thread.run(Thread.java:748)
"java.util.concurrent.ThreadPoolExecutor$Worker@58c755ef[State = -1, empty queue]" daemon prio=5 tid=1115 timed_waiting
java.lang.Thread.State: TIMED_WAITING
        at sun.misc.Unsafe.park(Native Method)
        at java.util.concurrent.locks.LockSupport.parkNanos(LockSupport.java:215)
        at java.util.concurrent.locks.AbstractQueuedSynchronizer$ConditionObject.awaitNanos(AbstractQueuedSynchronizer.java:2078)
        at java.util.concurrent.ScheduledThreadPoolExecutor$DelayedWorkQueue.take(ScheduledThreadPoolExecutor.java:1093)
        at java.util.concurrent.ScheduledThreadPoolExecutor$DelayedWorkQueue.take(ScheduledThreadPoolExecutor.java:809)
        at java.util.concurrent.ThreadPoolExecutor.getTask(ThreadPoolExecutor.java:1074)
        at java.util.concurrent.ThreadPoolExecutor.runWorker(ThreadPoolExecutor.java:1134)
        at java.util.concurrent.ThreadPoolExecutor$Worker.run(ThreadPoolExecutor.java:624)
        at java.lang.Thread.run(Thread.java:748)
"pool-46-thread-4"  prio=5 tid=354 in Object.wait()
java.lang.Thread.State: WAITING (on object monitor)
        at sun.misc.Unsafe.park(Native Method)
        at java.util.concurrent.locks.LockSupport.park(LockSupport.java:175)
        at java.util.concurrent.locks.AbstractQueuedSynchronizer$ConditionObject.await(AbstractQueuedSynchronizer.java:2039)
        at java.util.concurrent.ArrayBlockingQueue.take(ArrayBlockingQueue.java:403)
        at java.util.concurrent.ThreadPoolExecutor.getTask(ThreadPoolExecutor.java:1074)
        at java.util.concurrent.ThreadPoolExecutor.runWorker(ThreadPoolExecutor.java:1134)
        at java.util.concurrent.ThreadPoolExecutor$Worker.run(ThreadPoolExecutor.java:624)
        at java.lang.Thread.run(Thread.java:748)
"pool-56-thread-12"  prio=5 tid=532 in Object.wait()
java.lang.Thread.State: WAITING (on object monitor)
        at sun.misc.Unsafe.park(Native Method)
        at java.util.concurrent.locks.LockSupport.park(LockSupport.java:175)
        at java.util.concurrent.locks.AbstractQueuedSynchronizer$ConditionObject.await(AbstractQueuedSynchronizer.java:2039)
        at java.util.concurrent.ArrayBlockingQueue.take(ArrayBlockingQueue.java:403)
        at java.util.concurrent.ThreadPoolExecutor.getTask(ThreadPoolExecutor.java:1074)
        at java.util.concurrent.ThreadPoolExecutor.runWorker(ThreadPoolExecutor.java:1134)
        at java.util.concurrent.ThreadPoolExecutor$Worker.run(ThreadPoolExecutor.java:624)
        at java.lang.Thread.run(Thread.java:748)
"IPC Server handler 8 on 36674" daemon prio=5 tid=77 timed_waiting
java.lang.Thread.State: TIMED_WAITING
        at sun.misc.Unsafe.park(Native Method)
        at java.util.concurrent.locks.LockSupport.parkNanos(LockSupport.java:215)
        at java.util.concurrent.locks.AbstractQueuedSynchronizer$ConditionObject.awaitNanos(AbstractQueuedSynchronizer.java:2078)
        at java.util.concurrent.LinkedBlockingQueue.poll(LinkedBlockingQueue.java:467)
        at org.apache.hadoop.ipc.CallQueueManager.take(CallQueueManager.java:288)
        at org.apache.hadoop.ipc.Server$Handler.run(Server.java:2668)
"pool-66-thread-52"  prio=5 tid=632 in Object.wait()
java.lang.Thread.State: WAITING (on object monitor)
        at sun.misc.Unsafe.park(Native Method)
        at java.util.concurrent.locks.LockSupport.park(LockSupport.java:175)
        at java.util.concurrent.locks.AbstractQueuedSynchronizer$ConditionObject.await(AbstractQueuedSynchronizer.java:2039)
        at java.util.concurrent.ArrayBlockingQueue.take(ArrayBlockingQueue.java:403)
        at java.util.concurrent.ThreadPoolExecutor.getTask(ThreadPoolExecutor.java:1074)
        at java.util.concurrent.ThreadPoolExecutor.runWorker(ThreadPoolExecutor.java:1134)
        at java.util.concurrent.ThreadPoolExecutor$Worker.run(ThreadPoolExecutor.java:624)
        at java.lang.Thread.run(Thread.java:748)
"pool-56-thread-5"  prio=5 tid=525 in Object.wait()
java.lang.Thread.State: WAITING (on object monitor)
        at sun.misc.Unsafe.park(Native Method)
        at java.util.concurrent.locks.LockSupport.park(LockSupport.java:175)
        at java.util.concurrent.locks.AbstractQueuedSynchronizer$ConditionObject.await(AbstractQueuedSynchronizer.java:2039)
        at java.util.concurrent.ArrayBlockingQueue.take(ArrayBlockingQueue.java:403)
        at java.util.concurrent.ThreadPoolExecutor.getTask(ThreadPoolExecutor.java:1074)
        at java.util.concurrent.ThreadPoolExecutor.runWorker(ThreadPoolExecutor.java:1134)
        at java.util.concurrent.ThreadPoolExecutor$Worker.run(ThreadPoolExecutor.java:624)
        at java.lang.Thread.run(Thread.java:748)
"pool-46-thread-10"  prio=5 tid=375 in Object.wait()
java.lang.Thread.State: WAITING (on object monitor)
        at sun.misc.Unsafe.park(Native Method)
        at java.util.concurrent.locks.LockSupport.park(LockSupport.java:175)
        at java.util.concurrent.locks.AbstractQueuedSynchronizer$ConditionObject.await(AbstractQueuedSynchronizer.java:2039)
        at java.util.concurrent.ArrayBlockingQueue.take(ArrayBlockingQueue.java:403)
        at java.util.concurrent.ThreadPoolExecutor.getTask(ThreadPoolExecutor.java:1074)
        at java.util.concurrent.ThreadPoolExecutor.runWorker(ThreadPoolExecutor.java:1134)
        at java.util.concurrent.ThreadPoolExecutor$Worker.run(ThreadPoolExecutor.java:624)
        at java.lang.Thread.run(Thread.java:748)
"metrics-hadoop-metrics2-reporter-49-thread-1" daemon prio=5 tid=957 timed_waiting
java.lang.Thread.State: TIMED_WAITING
        at sun.misc.Unsafe.park(Native Method)
        at java.util.concurrent.locks.LockSupport.parkNanos(LockSupport.java:215)
        at java.util.concurrent.locks.AbstractQueuedSynchronizer$ConditionObject.awaitNanos(AbstractQueuedSynchronizer.java:2078)
        at java.util.concurrent.ScheduledThreadPoolExecutor$DelayedWorkQueue.take(ScheduledThreadPoolExecutor.java:1093)
        at java.util.concurrent.ScheduledThreadPoolExecutor$DelayedWorkQueue.take(ScheduledThreadPoolExecutor.java:809)
        at java.util.concurrent.ThreadPoolExecutor.getTask(ThreadPoolExecutor.java:1074)
        at java.util.concurrent.ThreadPoolExecutor.runWorker(ThreadPoolExecutor.java:1134)
        at java.util.concurrent.ThreadPoolExecutor$Worker.run(ThreadPoolExecutor.java:624)
        at java.lang.Thread.run(Thread.java:748)
"pool-56-thread-53"  prio=5 tid=573 in Object.wait()
java.lang.Thread.State: WAITING (on object monitor)
        at sun.misc.Unsafe.park(Native Method)
        at java.util.concurrent.locks.LockSupport.park(LockSupport.java:175)
        at java.util.concurrent.locks.AbstractQueuedSynchronizer$ConditionObject.await(AbstractQueuedSynchronizer.java:2039)
        at java.util.concurrent.ArrayBlockingQueue.take(ArrayBlockingQueue.java:403)
        at java.util.concurrent.ThreadPoolExecutor.getTask(ThreadPoolExecutor.java:1074)
        at java.util.concurrent.ThreadPoolExecutor.runWorker(ThreadPoolExecutor.java:1134)
        at java.util.concurrent.ThreadPoolExecutor$Worker.run(ThreadPoolExecutor.java:624)
        at java.lang.Thread.run(Thread.java:748)
"c52c3de9-0ed1-4f2b-ba1d-f317ceeb0ceb@group-20BE3FF63202-StateMachineUpdater" daemon prio=5 tid=1028 in Object.wait()
java.lang.Thread.State: WAITING (on object monitor)
        at java.lang.Object.wait(Native Method)
        at java.lang.Object.wait(Object.java:502)
        at org.apache.ratis.server.impl.StateMachineUpdater.waitForCommit(StateMachineUpdater.java:194)
        at org.apache.ratis.server.impl.StateMachineUpdater.run(StateMachineUpdater.java:159)
        at java.lang.Thread.run(Thread.java:748)
"pool-36-thread-27"  prio=5 tid=422 in Object.wait()
java.lang.Thread.State: WAITING (on object monitor)
        at sun.misc.Unsafe.park(Native Method)
        at java.util.concurrent.locks.LockSupport.park(LockSupport.java:175)
        at java.util.concurrent.locks.AbstractQueuedSynchronizer$ConditionObject.await(AbstractQueuedSynchronizer.java:2039)
        at java.util.concurrent.ArrayBlockingQueue.take(ArrayBlockingQueue.java:403)
        at java.util.concurrent.ThreadPoolExecutor.getTask(ThreadPoolExecutor.java:1074)
        at java.util.concurrent.ThreadPoolExecutor.runWorker(ThreadPoolExecutor.java:1134)
        at java.util.concurrent.ThreadPoolExecutor$Worker.run(ThreadPoolExecutor.java:624)
        at java.lang.Thread.run(Thread.java:748)
"pool-46-thread-5"  prio=5 tid=358 in Object.wait()
java.lang.Thread.State: WAITING (on object monitor)
        at sun.misc.Unsafe.park(Native Method)
        at java.util.concurrent.locks.LockSupport.park(LockSupport.java:175)
        at java.util.concurrent.locks.AbstractQueuedSynchronizer$ConditionObject.await(AbstractQueuedSynchronizer.java:2039)
        at java.util.concurrent.ArrayBlockingQueue.take(ArrayBlockingQueue.java:403)
        at java.util.concurrent.ThreadPoolExecutor.getTask(ThreadPoolExecutor.java:1074)
        at java.util.concurrent.ThreadPoolExecutor.runWorker(ThreadPoolExecutor.java:1134)
        at java.util.concurrent.ThreadPoolExecutor$Worker.run(ThreadPoolExecutor.java:624)
        at java.lang.Thread.run(Thread.java:748)
"pool-26-thread-59"  prio=5 tid=498 in Object.wait()
java.lang.Thread.State: WAITING (on object monitor)
        at sun.misc.Unsafe.park(Native Method)
        at java.util.concurrent.locks.LockSupport.park(LockSupport.java:175)
        at java.util.concurrent.locks.AbstractQueuedSynchronizer$ConditionObject.await(AbstractQueuedSynchronizer.java:2039)
        at java.util.concurrent.ArrayBlockingQueue.take(ArrayBlockingQueue.java:403)
        at java.util.concurrent.ThreadPoolExecutor.getTask(ThreadPoolExecutor.java:1074)
        at java.util.concurrent.ThreadPoolExecutor.runWorker(ThreadPoolExecutor.java:1134)
        at java.util.concurrent.ThreadPoolExecutor$Worker.run(ThreadPoolExecutor.java:624)
        at java.lang.Thread.run(Thread.java:748)
"metrics-hadoop-metrics2-reporter-11-thread-1" daemon prio=5 tid=818 timed_waiting
java.lang.Thread.State: TIMED_WAITING
        at sun.misc.Unsafe.park(Native Method)
        at java.util.concurrent.locks.LockSupport.parkNanos(LockSupport.java:215)
        at java.util.concurrent.locks.AbstractQueuedSynchronizer$ConditionObject.awaitNanos(AbstractQueuedSynchronizer.java:2078)
        at java.util.concurrent.ScheduledThreadPoolExecutor$DelayedWorkQueue.take(ScheduledThreadPoolExecutor.java:1093)
        at java.util.concurrent.ScheduledThreadPoolExecutor$DelayedWorkQueue.take(ScheduledThreadPoolExecutor.java:809)
        at java.util.concurrent.ThreadPoolExecutor.getTask(ThreadPoolExecutor.java:1074)
        at java.util.concurrent.ThreadPoolExecutor.runWorker(ThreadPoolExecutor.java:1134)
        at java.util.concurrent.ThreadPoolExecutor$Worker.run(ThreadPoolExecutor.java:624)
        at java.lang.Thread.run(Thread.java:748)
"pool-47-thread-1"  prio=5 tid=800 in Object.wait()
java.lang.Thread.State: WAITING (on object monitor)
        at sun.misc.Unsafe.park(Native Method)
        at java.util.concurrent.locks.LockSupport.park(LockSupport.java:175)
        at java.util.concurrent.locks.AbstractQueuedSynchronizer$ConditionObject.await(AbstractQueuedSynchronizer.java:2039)
        at java.util.concurrent.LinkedBlockingQueue.take(LinkedBlockingQueue.java:442)
        at java.util.concurrent.ThreadPoolExecutor.getTask(ThreadPoolExecutor.java:1074)
        at java.util.concurrent.ThreadPoolExecutor.runWorker(ThreadPoolExecutor.java:1134)
        at java.util.concurrent.ThreadPoolExecutor$Worker.run(ThreadPoolExecutor.java:624)
        at java.lang.Thread.run(Thread.java:748)
"IPC Server handler 10 on 45589" daemon prio=5 tid=39 timed_waiting
java.lang.Thread.State: TIMED_WAITING
        at sun.misc.Unsafe.park(Native Method)
        at java.util.concurrent.locks.LockSupport.parkNanos(LockSupport.java:215)
        at java.util.concurrent.locks.AbstractQueuedSynchronizer$ConditionObject.awaitNanos(AbstractQueuedSynchronizer.java:2078)
        at java.util.concurrent.LinkedBlockingQueue.poll(LinkedBlockingQueue.java:467)
        at org.apache.hadoop.ipc.CallQueueManager.take(CallQueueManager.java:288)
        at org.apache.hadoop.ipc.Server$Handler.run(Server.java:2668)
"qtp2013613908-241-acceptor-0@1e19d328-ServerConnector@25ad4f71{HTTP/1.1,[http/1.1]}{0.0.0.0:37318}" daemon prio=3 tid=241 runnable
java.lang.Thread.State: RUNNABLE
        at sun.nio.ch.ServerSocketChannelImpl.accept0(Native Method)
        at sun.nio.ch.ServerSocketChannelImpl.accept(ServerSocketChannelImpl.java:422)
        at sun.nio.ch.ServerSocketChannelImpl.accept(ServerSocketChannelImpl.java:250)
        at org.eclipse.jetty.server.ServerConnector.accept(ServerConnector.java:397)
        at org.eclipse.jetty.server.AbstractConnector$Acceptor.run(AbstractConnector.java:601)
        at org.eclipse.jetty.util.thread.QueuedThreadPool.runJob(QueuedThreadPool.java:671)
        at org.eclipse.jetty.util.thread.QueuedThreadPool$2.run(QueuedThreadPool.java:589)
        at java.lang.Thread.run(Thread.java:748)
"pool-26-thread-36"  prio=5 tid=433 in Object.wait()
java.lang.Thread.State: WAITING (on object monitor)
        at sun.misc.Unsafe.park(Native Method)
        at java.util.concurrent.locks.LockSupport.park(LockSupport.java:175)
        at java.util.concurrent.locks.AbstractQueuedSynchronizer$ConditionObject.await(AbstractQueuedSynchronizer.java:2039)
        at java.util.concurrent.ArrayBlockingQueue.take(ArrayBlockingQueue.java:403)
        at java.util.concurrent.ThreadPoolExecutor.getTask(ThreadPoolExecutor.java:1074)
        at java.util.concurrent.ThreadPoolExecutor.runWorker(ThreadPoolExecutor.java:1134)
        at java.util.concurrent.ThreadPoolExecutor$Worker.run(ThreadPoolExecutor.java:624)
        at java.lang.Thread.run(Thread.java:748)
"pool-46-thread-42"  prio=5 tid=476 in Object.wait()
java.lang.Thread.State: WAITING (on object monitor)
        at sun.misc.Unsafe.park(Native Method)
        at java.util.concurrent.locks.LockSupport.park(LockSupport.java:175)
        at java.util.concurrent.locks.AbstractQueuedSynchronizer$ConditionObject.await(AbstractQueuedSynchronizer.java:2039)
        at java.util.concurrent.ArrayBlockingQueue.take(ArrayBlockingQueue.java:403)
        at java.util.concurrent.ThreadPoolExecutor.getTask(ThreadPoolExecutor.java:1074)
        at java.util.concurrent.ThreadPoolExecutor.runWorker(ThreadPoolExecutor.java:1134)
        at java.util.concurrent.ThreadPoolExecutor$Worker.run(ThreadPoolExecutor.java:624)
        at java.lang.Thread.run(Thread.java:748)
"f7ab671b-901b-4a48-a9a9-f6c73ab18394@group-F967029850D4-SegmentedRaftLogWorker"  prio=5 tid=829 timed_waiting
java.lang.Thread.State: TIMED_WAITING
        at sun.misc.Unsafe.park(Native Method)
        at java.util.concurrent.locks.LockSupport.parkNanos(LockSupport.java:215)
        at java.util.concurrent.locks.AbstractQueuedSynchronizer$ConditionObject.awaitNanos(AbstractQueuedSynchronizer.java:2078)
        at org.apache.ratis.util.DataBlockingQueue.poll(DataBlockingQueue.java:137)
        at org.apache.ratis.server.raftlog.segmented.SegmentedRaftLogWorker.run(SegmentedRaftLogWorker.java:282)
        at java.lang.Thread.run(Thread.java:748)
"pool-76-thread-26"  prio=5 tid=677 in Object.wait()
java.lang.Thread.State: WAITING (on object monitor)
        at sun.misc.Unsafe.park(Native Method)
        at java.util.concurrent.locks.LockSupport.park(LockSupport.java:175)
        at java.util.concurrent.locks.AbstractQueuedSynchronizer$ConditionObject.await(AbstractQueuedSynchronizer.java:2039)
        at java.util.concurrent.ArrayBlockingQueue.take(ArrayBlockingQueue.java:403)
        at java.util.concurrent.ThreadPoolExecutor.getTask(ThreadPoolExecutor.java:1074)
        at java.util.concurrent.ThreadPoolExecutor.runWorker(ThreadPoolExecutor.java:1134)
        at java.util.concurrent.ThreadPoolExecutor$Worker.run(ThreadPoolExecutor.java:624)
        at java.lang.Thread.run(Thread.java:748)
"pool-26-thread-3"  prio=5 tid=349 in Object.wait()
java.lang.Thread.State: WAITING (on object monitor)
        at sun.misc.Unsafe.park(Native Method)
        at java.util.concurrent.locks.LockSupport.park(LockSupport.java:175)
        at java.util.concurrent.locks.AbstractQueuedSynchronizer$ConditionObject.await(AbstractQueuedSynchronizer.java:2039)
        at java.util.concurrent.ArrayBlockingQueue.take(ArrayBlockingQueue.java:403)
        at java.util.concurrent.ThreadPoolExecutor.getTask(ThreadPoolExecutor.java:1074)
        at java.util.concurrent.ThreadPoolExecutor.runWorker(ThreadPoolExecutor.java:1134)
        at java.util.concurrent.ThreadPoolExecutor$Worker.run(ThreadPoolExecutor.java:624)
        at java.lang.Thread.run(Thread.java:748)
"qtp64989209-301" daemon prio=5 tid=301 timed_waiting
java.lang.Thread.State: TIMED_WAITING
        at sun.misc.Unsafe.park(Native Method)
        at java.util.concurrent.locks.LockSupport.parkNanos(LockSupport.java:215)
        at java.util.concurrent.locks.AbstractQueuedSynchronizer$ConditionObject.awaitNanos(AbstractQueuedSynchronizer.java:2078)
        at org.eclipse.jetty.util.BlockingArrayQueue.poll(BlockingArrayQueue.java:392)
        at org.eclipse.jetty.util.thread.QueuedThreadPool.idleJobPoll(QueuedThreadPool.java:563)
        at org.eclipse.jetty.util.thread.QueuedThreadPool.access$800(QueuedThreadPool.java:48)
        at org.eclipse.jetty.util.thread.QueuedThreadPool$2.run(QueuedThreadPool.java:626)
        at java.lang.Thread.run(Thread.java:748)
"pool-86-thread-19"  prio=5 tid=732 in Object.wait()
java.lang.Thread.State: WAITING (on object monitor)
        at sun.misc.Unsafe.park(Native Method)
        at java.util.concurrent.locks.LockSupport.park(LockSupport.java:175)
        at java.util.concurrent.locks.AbstractQueuedSynchronizer$ConditionObject.await(AbstractQueuedSynchronizer.java:2039)
        at java.util.concurrent.ArrayBlockingQueue.take(ArrayBlockingQueue.java:403)
        at java.util.concurrent.ThreadPoolExecutor.getTask(ThreadPoolExecutor.java:1074)
        at java.util.concurrent.ThreadPoolExecutor.runWorker(ThreadPoolExecutor.java:1134)
        at java.util.concurrent.ThreadPoolExecutor$Worker.run(ThreadPoolExecutor.java:624)
        at java.lang.Thread.run(Thread.java:748)
"pool-56-thread-42"  prio=5 tid=562 in Object.wait()
java.lang.Thread.State: WAITING (on object monitor)
        at sun.misc.Unsafe.park(Native Method)
        at java.util.concurrent.locks.LockSupport.park(LockSupport.java:175)
        at java.util.concurrent.locks.AbstractQueuedSynchronizer$ConditionObject.await(AbstractQueuedSynchronizer.java:2039)
        at java.util.concurrent.ArrayBlockingQueue.take(ArrayBlockingQueue.java:403)
        at java.util.concurrent.ThreadPoolExecutor.getTask(ThreadPoolExecutor.java:1074)
        at java.util.concurrent.ThreadPoolExecutor.runWorker(ThreadPoolExecutor.java:1134)
        at java.util.concurrent.ThreadPoolExecutor$Worker.run(ThreadPoolExecutor.java:624)
        at java.lang.Thread.run(Thread.java:748)
"pool-56-thread-18"  prio=5 tid=538 in Object.wait()
java.lang.Thread.State: WAITING (on object monitor)
        at sun.misc.Unsafe.park(Native Method)
        at java.util.concurrent.locks.LockSupport.park(LockSupport.java:175)
        at java.util.concurrent.locks.AbstractQueuedSynchronizer$ConditionObject.await(AbstractQueuedSynchronizer.java:2039)
        at java.util.concurrent.ArrayBlockingQueue.take(ArrayBlockingQueue.java:403)
        at java.util.concurrent.ThreadPoolExecutor.getTask(ThreadPoolExecutor.java:1074)
        at java.util.concurrent.ThreadPoolExecutor.runWorker(ThreadPoolExecutor.java:1134)
        at java.util.concurrent.ThreadPoolExecutor$Worker.run(ThreadPoolExecutor.java:624)
        at java.lang.Thread.run(Thread.java:748)
"pool-66-thread-18"  prio=5 tid=598 in Object.wait()
java.lang.Thread.State: WAITING (on object monitor)
        at sun.misc.Unsafe.park(Native Method)
        at java.util.concurrent.locks.LockSupport.park(LockSupport.java:175)
        at java.util.concurrent.locks.AbstractQueuedSynchronizer$ConditionObject.await(AbstractQueuedSynchronizer.java:2039)
        at java.util.concurrent.ArrayBlockingQueue.take(ArrayBlockingQueue.java:403)
        at java.util.concurrent.ThreadPoolExecutor.getTask(ThreadPoolExecutor.java:1074)
        at java.util.concurrent.ThreadPoolExecutor.runWorker(ThreadPoolExecutor.java:1134)
        at java.util.concurrent.ThreadPoolExecutor$Worker.run(ThreadPoolExecutor.java:624)
        at java.lang.Thread.run(Thread.java:748)
"pool-86-thread-7"  prio=5 tid=720 in Object.wait()
java.lang.Thread.State: WAITING (on object monitor)
        at sun.misc.Unsafe.park(Native Method)
        at java.util.concurrent.locks.LockSupport.park(LockSupport.java:175)
        at java.util.concurrent.locks.AbstractQueuedSynchronizer$ConditionObject.await(AbstractQueuedSynchronizer.java:2039)
        at java.util.concurrent.ArrayBlockingQueue.take(ArrayBlockingQueue.java:403)
        at java.util.concurrent.ThreadPoolExecutor.getTask(ThreadPoolExecutor.java:1074)
        at java.util.concurrent.ThreadPoolExecutor.runWorker(ThreadPoolExecutor.java:1134)
        at java.util.concurrent.ThreadPoolExecutor$Worker.run(ThreadPoolExecutor.java:624)
        at java.lang.Thread.run(Thread.java:748)
"pool-36-thread-5"  prio=5 tid=352 in Object.wait()
java.lang.Thread.State: WAITING (on object monitor)
        at sun.misc.Unsafe.park(Native Method)
        at java.util.concurrent.locks.LockSupport.park(LockSupport.java:175)
        at java.util.concurrent.locks.AbstractQueuedSynchronizer$ConditionObject.await(AbstractQueuedSynchronizer.java:2039)
        at java.util.concurrent.ArrayBlockingQueue.take(ArrayBlockingQueue.java:403)
        at java.util.concurrent.ThreadPoolExecutor.getTask(ThreadPoolExecutor.java:1074)
        at java.util.concurrent.ThreadPoolExecutor.runWorker(ThreadPoolExecutor.java:1134)
        at java.util.concurrent.ThreadPoolExecutor$Worker.run(ThreadPoolExecutor.java:624)
        at java.lang.Thread.run(Thread.java:748)
"main"  prio=5 tid=1 runnable
java.lang.Thread.State: RUNNABLE
        at java.lang.Thread.dumpThreads(Native Method)
        at java.lang.Thread.getAllStackTraces(Thread.java:1610)
        at org.apache.hadoop.test.TimedOutTestsListener.buildThreadDump(TimedOutTestsListener.java:87)
        at org.apache.hadoop.test.TimedOutTestsListener.buildThreadDiagnosticString(TimedOutTestsListener.java:73)
        at org.apache.hadoop.test.GenericTestUtils.waitFor(GenericTestUtils.java:389)
        at org.apache.hadoop.ozone.MiniOzoneClusterImpl.waitForClusterToBeReady(MiniOzoneClusterImpl.java:149)
        at org.apache.hadoop.ozone.client.rpc.TestBlockOutputStream.init(TestBlockOutputStream.java:93)
        at sun.reflect.NativeMethodAccessorImpl.invoke0(Native Method)
        at sun.reflect.NativeMethodAccessorImpl.invoke(NativeMethodAccessorImpl.java:62)
        at sun.reflect.DelegatingMethodAccessorImpl.invoke(DelegatingMethodAccessorImpl.java:43)
        at java.lang.reflect.Method.invoke(Method.java:498)
        at org.junit.runners.model.FrameworkMethod$1.runReflectiveCall(FrameworkMethod.java:47)
        at org.junit.internal.runners.model.ReflectiveCallable.run(ReflectiveCallable.java:12)
        at org.junit.runners.model.FrameworkMethod.invokeExplosively(FrameworkMethod.java:44)
        at org.junit.internal.runners.statements.RunBefores.evaluate(RunBefores.java:24)
        at org.junit.internal.runners.statements.RunAfters.evaluate(RunAfters.java:27)
        at org.junit.runners.ParentRunner.run(ParentRunner.java:309)
        at org.apache.maven.surefire.junit4.JUnit4Provider.execute(JUnit4Provider.java:365)
        at org.apache.maven.surefire.junit4.JUnit4Provider.executeWithRerun(JUnit4Provider.java:273)
        at org.apache.maven.surefire.junit4.JUnit4Provider.executeTestSet(JUnit4Provider.java:238)
        at org.apache.maven.surefire.junit4.JUnit4Provider.invoke(JUnit4Provider.java:159)
        at org.apache.maven.surefire.booter.ForkedBooter.invokeProviderInSameClassLoader(ForkedBooter.java:384)
        at org.apache.maven.surefire.booter.ForkedBooter.runSuitesInProcess(ForkedBooter.java:345)
        at org.apache.maven.surefire.booter.ForkedBooter.execute(ForkedBooter.java:126)
        at org.apache.maven.surefire.booter.ForkedBooter.main(ForkedBooter.java:418)
"IPC Server handler 12 on 44783" daemon prio=5 tid=127 timed_waiting
java.lang.Thread.State: TIMED_WAITING
        at sun.misc.Unsafe.park(Native Method)
        at java.util.concurrent.locks.LockSupport.parkNanos(LockSupport.java:215)
        at java.util.concurrent.locks.AbstractQueuedSynchronizer$ConditionObject.awaitNanos(AbstractQueuedSynchronizer.java:2078)
        at java.util.concurrent.LinkedBlockingQueue.poll(LinkedBlockingQueue.java:467)
        at org.apache.hadoop.ipc.CallQueueManager.take(CallQueueManager.java:288)
        at org.apache.hadoop.ipc.Server$Handler.run(Server.java:2668)
"pool-46-thread-1"  prio=5 tid=341 in Object.wait()
java.lang.Thread.State: WAITING (on object monitor)
        at sun.misc.Unsafe.park(Native Method)
        at java.util.concurrent.locks.LockSupport.park(LockSupport.java:175)
        at java.util.concurrent.locks.AbstractQueuedSynchronizer$ConditionObject.await(AbstractQueuedSynchronizer.java:2039)
        at java.util.concurrent.ArrayBlockingQueue.take(ArrayBlockingQueue.java:403)
        at java.util.concurrent.ThreadPoolExecutor.getTask(ThreadPoolExecutor.java:1074)
        at java.util.concurrent.ThreadPoolExecutor.runWorker(ThreadPoolExecutor.java:1134)
        at java.util.concurrent.ThreadPoolExecutor$Worker.run(ThreadPoolExecutor.java:624)
        at java.lang.Thread.run(Thread.java:748)
"qtp2013613908-247" daemon prio=5 tid=247 timed_waiting
java.lang.Thread.State: TIMED_WAITING
        at sun.misc.Unsafe.park(Native Method)
        at java.util.concurrent.locks.LockSupport.parkNanos(LockSupport.java:215)
        at java.util.concurrent.locks.AbstractQueuedSynchronizer$ConditionObject.awaitNanos(AbstractQueuedSynchronizer.java:2078)
        at org.eclipse.jetty.util.BlockingArrayQueue.poll(BlockingArrayQueue.java:392)
        at org.eclipse.jetty.util.thread.QueuedThreadPool.idleJobPoll(QueuedThreadPool.java:563)
        at org.eclipse.jetty.util.thread.QueuedThreadPool.access$800(QueuedThreadPool.java:48)
        at org.eclipse.jetty.util.thread.QueuedThreadPool$2.run(QueuedThreadPool.java:626)
        at java.lang.Thread.run(Thread.java:748)
"pool-86-thread-44"  prio=5 tid=757 in Object.wait()
java.lang.Thread.State: WAITING (on object monitor)
        at sun.misc.Unsafe.park(Native Method)
        at java.util.concurrent.locks.LockSupport.park(LockSupport.java:175)
        at java.util.concurrent.locks.AbstractQueuedSynchronizer$ConditionObject.await(AbstractQueuedSynchronizer.java:2039)
        at java.util.concurrent.ArrayBlockingQueue.take(ArrayBlockingQueue.java:403)
        at java.util.concurrent.ThreadPoolExecutor.getTask(ThreadPoolExecutor.java:1074)
        at java.util.concurrent.ThreadPoolExecutor.runWorker(ThreadPoolExecutor.java:1134)
        at java.util.concurrent.ThreadPoolExecutor$Worker.run(ThreadPoolExecutor.java:624)
        at java.lang.Thread.run(Thread.java:748)
"pool-76-thread-51"  prio=5 tid=702 in Object.wait()
java.lang.Thread.State: WAITING (on object monitor)
        at sun.misc.Unsafe.park(Native Method)
        at java.util.concurrent.locks.LockSupport.park(LockSupport.java:175)
        at java.util.concurrent.locks.AbstractQueuedSynchronizer$ConditionObject.await(AbstractQueuedSynchronizer.java:2039)
        at java.util.concurrent.ArrayBlockingQueue.take(ArrayBlockingQueue.java:403)
        at java.util.concurrent.ThreadPoolExecutor.getTask(ThreadPoolExecutor.java:1074)
        at java.util.concurrent.ThreadPoolExecutor.runWorker(ThreadPoolExecutor.java:1134)
        at java.util.concurrent.ThreadPoolExecutor$Worker.run(ThreadPoolExecutor.java:624)
        at java.lang.Thread.run(Thread.java:748)
"pool-56-thread-57"  prio=5 tid=577 in Object.wait()
java.lang.Thread.State: WAITING (on object monitor)
        at sun.misc.Unsafe.park(Native Method)
        at java.util.concurrent.locks.LockSupport.park(LockSupport.java:175)
        at java.util.concurrent.locks.AbstractQueuedSynchronizer$ConditionObject.await(AbstractQueuedSynchronizer.java:2039)
        at java.util.concurrent.ArrayBlockingQueue.take(ArrayBlockingQueue.java:403)
        at java.util.concurrent.ThreadPoolExecutor.getTask(ThreadPoolExecutor.java:1074)
        at java.util.concurrent.ThreadPoolExecutor.runWorker(ThreadPoolExecutor.java:1134)
        at java.util.concurrent.ThreadPoolExecutor$Worker.run(ThreadPoolExecutor.java:624)
        at java.lang.Thread.run(Thread.java:748)
"pool-86-thread-56"  prio=5 tid=769 in Object.wait()
java.lang.Thread.State: WAITING (on object monitor)
        at sun.misc.Unsafe.park(Native Method)
        at java.util.concurrent.locks.LockSupport.park(LockSupport.java:175)
        at java.util.concurrent.locks.AbstractQueuedSynchronizer$ConditionObject.await(AbstractQueuedSynchronizer.java:2039)
        at java.util.concurrent.ArrayBlockingQueue.take(ArrayBlockingQueue.java:403)
        at java.util.concurrent.ThreadPoolExecutor.getTask(ThreadPoolExecutor.java:1074)
        at java.util.concurrent.ThreadPoolExecutor.runWorker(ThreadPoolExecutor.java:1134)
        at java.util.concurrent.ThreadPoolExecutor$Worker.run(ThreadPoolExecutor.java:624)
        at java.lang.Thread.run(Thread.java:748)
"Socket Reader #1 for port 44783"  prio=5 tid=108 runnable
java.lang.Thread.State: RUNNABLE
        at sun.nio.ch.EPollArrayWrapper.epollWait(Native Method)
        at sun.nio.ch.EPollArrayWrapper.poll(EPollArrayWrapper.java:269)
        at sun.nio.ch.EPollSelectorImpl.doSelect(EPollSelectorImpl.java:93)
        at sun.nio.ch.SelectorImpl.lockAndDoSelect(SelectorImpl.java:86)
        at sun.nio.ch.SelectorImpl.select(SelectorImpl.java:97)
        at sun.nio.ch.SelectorImpl.select(SelectorImpl.java:101)
        at org.apache.hadoop.ipc.Server$Listener$Reader.doRunLoop(Server.java:1097)
        at org.apache.hadoop.ipc.Server$Listener$Reader.run(Server.java:1076)
"qtp1187146208-216" daemon prio=5 tid=216 timed_waiting
java.lang.Thread.State: TIMED_WAITING
        at sun.misc.Unsafe.park(Native Method)
        at java.util.concurrent.locks.LockSupport.parkNanos(LockSupport.java:215)
        at java.util.concurrent.locks.AbstractQueuedSynchronizer$ConditionObject.awaitNanos(AbstractQueuedSynchronizer.java:2078)
        at org.eclipse.jetty.util.BlockingArrayQueue.poll(BlockingArrayQueue.java:392)
        at org.eclipse.jetty.util.thread.QueuedThreadPool.idleJobPoll(QueuedThreadPool.java:563)
        at org.eclipse.jetty.util.thread.QueuedThreadPool.access$800(QueuedThreadPool.java:48)
        at org.eclipse.jetty.util.thread.QueuedThreadPool$2.run(QueuedThreadPool.java:626)
        at java.lang.Thread.run(Thread.java:748)
"pool-76-thread-32"  prio=5 tid=683 in Object.wait()
java.lang.Thread.State: WAITING (on object monitor)
        at sun.misc.Unsafe.park(Native Method)
        at java.util.concurrent.locks.LockSupport.park(LockSupport.java:175)
        at java.util.concurrent.locks.AbstractQueuedSynchronizer$ConditionObject.await(AbstractQueuedSynchronizer.java:2039)
        at java.util.concurrent.ArrayBlockingQueue.take(ArrayBlockingQueue.java:403)
        at java.util.concurrent.ThreadPoolExecutor.getTask(ThreadPoolExecutor.java:1074)
        at java.util.concurrent.ThreadPoolExecutor.runWorker(ThreadPoolExecutor.java:1134)
        at java.util.concurrent.ThreadPoolExecutor$Worker.run(ThreadPoolExecutor.java:624)
        at java.lang.Thread.run(Thread.java:748)
"org.eclipse.jetty.server.session.HashSessionManager@48528634Timer" daemon prio=5 tid=194 timed_waiting
java.lang.Thread.State: TIMED_WAITING
        at sun.misc.Unsafe.park(Native Method)
        at java.util.concurrent.locks.LockSupport.parkNanos(LockSupport.java:215)
        at java.util.concurrent.locks.AbstractQueuedSynchronizer$ConditionObject.awaitNanos(AbstractQueuedSynchronizer.java:2078)
        at java.util.concurrent.ScheduledThreadPoolExecutor$DelayedWorkQueue.take(ScheduledThreadPoolExecutor.java:1093)
        at java.util.concurrent.ScheduledThreadPoolExecutor$DelayedWorkQueue.take(ScheduledThreadPoolExecutor.java:809)
        at java.util.concurrent.ThreadPoolExecutor.getTask(ThreadPoolExecutor.java:1074)
        at java.util.concurrent.ThreadPoolExecutor.runWorker(ThreadPoolExecutor.java:1134)
        at java.util.concurrent.ThreadPoolExecutor$Worker.run(ThreadPoolExecutor.java:624)
        at java.lang.Thread.run(Thread.java:748)
"IPC Client (2078239671) connection to /0.0.0.0:36674 from jenkins1000" daemon prio=5 tid=340 timed_waiting
java.lang.Thread.State: TIMED_WAITING
        at java.lang.Object.wait(Native Method)
        at org.apache.hadoop.ipc.Client$Connection.waitForWork(Client.java:1024)
        at org.apache.hadoop.ipc.Client$Connection.run(Client.java:1068)
"Datanode State Machine Thread - 0" daemon prio=5 tid=332 timed_waiting
java.lang.Thread.State: TIMED_WAITING
        at java.lang.Thread.sleep(Native Method)
        at org.apache.hadoop.ozone.container.common.statemachine.DatanodeStateMachine.start(DatanodeStateMachine.java:191)
        at org.apache.hadoop.ozone.container.common.statemachine.DatanodeStateMachine.lambda$startDaemon$0(DatanodeStateMachine.java:349)
        at org.apache.hadoop.ozone.container.common.statemachine.DatanodeStateMachine$$Lambda$140/690051320.run(Unknown Source)
        at java.lang.Thread.run(Thread.java:748)
"c52c3de9-0ed1-4f2b-ba1d-f317ceeb0ceb@group-96B726D5AEA2-SegmentedRaftLogWorker"  prio=5 tid=815 timed_waiting
java.lang.Thread.State: TIMED_WAITING
        at sun.misc.Unsafe.park(Native Method)
        at java.util.concurrent.locks.LockSupport.parkNanos(LockSupport.java:215)
        at java.util.concurrent.locks.AbstractQueuedSynchronizer$ConditionObject.awaitNanos(AbstractQueuedSynchronizer.java:2078)
        at org.apache.ratis.util.DataBlockingQueue.poll(DataBlockingQueue.java:137)
        at org.apache.ratis.server.raftlog.segmented.SegmentedRaftLogWorker.run(SegmentedRaftLogWorker.java:282)
        at java.lang.Thread.run(Thread.java:748)
"org.apache.hadoop.util.JvmPauseMonitor$Monitor@44d246f" daemon prio=5 tid=230 timed_waiting
java.lang.Thread.State: TIMED_WAITING
        at java.lang.Thread.sleep(Native Method)
        at org.apache.hadoop.util.JvmPauseMonitor$Monitor.run(JvmPauseMonitor.java:192)
        at java.lang.Thread.run(Thread.java:748)
"pool-56-thread-33"  prio=5 tid=553 in Object.wait()
java.lang.Thread.State: WAITING (on object monitor)
        at sun.misc.Unsafe.park(Native Method)
        at java.util.concurrent.locks.LockSupport.park(LockSupport.java:175)
        at java.util.concurrent.locks.AbstractQueuedSynchronizer$ConditionObject.await(AbstractQueuedSynchronizer.java:2039)
        at java.util.concurrent.ArrayBlockingQueue.take(ArrayBlockingQueue.java:403)
        at java.util.concurrent.ThreadPoolExecutor.getTask(ThreadPoolExecutor.java:1074)
        at java.util.concurrent.ThreadPoolExecutor.runWorker(ThreadPoolExecutor.java:1134)
        at java.util.concurrent.ThreadPoolExecutor$Worker.run(ThreadPoolExecutor.java:624)
        at java.lang.Thread.run(Thread.java:748)
"org.eclipse.jetty.server.session.HashSessionManager@119aa36Timer" daemon prio=5 tid=303 timed_waiting
java.lang.Thread.State: TIMED_WAITING
        at sun.misc.Unsafe.park(Native Method)
        at java.util.concurrent.locks.LockSupport.parkNanos(LockSupport.java:215)
        at java.util.concurrent.locks.AbstractQueuedSynchronizer$ConditionObject.awaitNanos(AbstractQueuedSynchronizer.java:2078)
        at java.util.concurrent.ScheduledThreadPoolExecutor$DelayedWorkQueue.take(ScheduledThreadPoolExecutor.java:1093)
        at java.util.concurrent.ScheduledThreadPoolExecutor$DelayedWorkQueue.take(ScheduledThreadPoolExecutor.java:809)
        at java.util.concurrent.ThreadPoolExecutor.getTask(ThreadPoolExecutor.java:1074)
        at java.util.concurrent.ThreadPoolExecutor.runWorker(ThreadPoolExecutor.java:1134)
        at java.util.concurrent.ThreadPoolExecutor$Worker.run(ThreadPoolExecutor.java:624)
        at java.lang.Thread.run(Thread.java:748)
"pool-86-thread-55"  prio=5 tid=768 in Object.wait()
java.lang.Thread.State: WAITING (on object monitor)
        at sun.misc.Unsafe.park(Native Method)
        at java.util.concurrent.locks.LockSupport.park(LockSupport.java:175)
        at java.util.concurrent.locks.AbstractQueuedSynchronizer$ConditionObject.await(AbstractQueuedSynchronizer.java:2039)
        at java.util.concurrent.ArrayBlockingQueue.take(ArrayBlockingQueue.java:403)
        at java.util.concurrent.ThreadPoolExecutor.getTask(ThreadPoolExecutor.java:1074)
        at java.util.concurrent.ThreadPoolExecutor.runWorker(ThreadPoolExecutor.java:1134)
        at java.util.concurrent.ThreadPoolExecutor$Worker.run(ThreadPoolExecutor.java:624)
        at java.lang.Thread.run(Thread.java:748)
"Datanode ReportManager Thread - 3" daemon prio=5 tid=282 in Object.wait()
java.lang.Thread.State: WAITING (on object monitor)
        at sun.misc.Unsafe.park(Native Method)
        at java.util.concurrent.locks.LockSupport.park(LockSupport.java:175)
        at java.util.concurrent.locks.AbstractQueuedSynchronizer$ConditionObject.await(AbstractQueuedSynchronizer.java:2039)
        at java.util.concurrent.ScheduledThreadPoolExecutor$DelayedWorkQueue.take(ScheduledThreadPoolExecutor.java:1088)
        at java.util.concurrent.ScheduledThreadPoolExecutor$DelayedWorkQueue.take(ScheduledThreadPoolExecutor.java:809)
        at java.util.concurrent.ThreadPoolExecutor.getTask(ThreadPoolExecutor.java:1074)
        at java.util.concurrent.ThreadPoolExecutor.runWorker(ThreadPoolExecutor.java:1134)
        at java.util.concurrent.ThreadPoolExecutor$Worker.run(ThreadPoolExecutor.java:624)
        at java.lang.Thread.run(Thread.java:748)
"IPC Server handler 17 on 36674" daemon prio=5 tid=86 timed_waiting
java.lang.Thread.State: TIMED_WAITING
        at sun.misc.Unsafe.park(Native Method)
        at java.util.concurrent.locks.LockSupport.parkNanos(LockSupport.java:215)
        at java.util.concurrent.locks.AbstractQueuedSynchronizer$ConditionObject.awaitNanos(AbstractQueuedSynchronizer.java:2078)
        at java.util.concurrent.LinkedBlockingQueue.poll(LinkedBlockingQueue.java:467)
        at org.apache.hadoop.ipc.CallQueueManager.take(CallQueueManager.java:288)
        at org.apache.hadoop.ipc.Server$Handler.run(Server.java:2668)
"pool-36-thread-20"  prio=5 tid=401 in Object.wait()
java.lang.Thread.State: WAITING (on object monitor)
        at sun.misc.Unsafe.park(Native Method)
        at java.util.concurrent.locks.LockSupport.park(LockSupport.java:175)
        at java.util.concurrent.locks.AbstractQueuedSynchronizer$ConditionObject.await(AbstractQueuedSynchronizer.java:2039)
        at java.util.concurrent.ArrayBlockingQueue.take(ArrayBlockingQueue.java:403)
        at java.util.concurrent.ThreadPoolExecutor.getTask(ThreadPoolExecutor.java:1074)
        at java.util.concurrent.ThreadPoolExecutor.runWorker(ThreadPoolExecutor.java:1134)
        at java.util.concurrent.ThreadPoolExecutor$Worker.run(ThreadPoolExecutor.java:624)
        at java.lang.Thread.run(Thread.java:748)
"Datanode State Machine Thread - 0" daemon prio=5 tid=204 timed_waiting
java.lang.Thread.State: TIMED_WAITING
        at sun.misc.Unsafe.park(Native Method)
        at java.util.concurrent.locks.LockSupport.parkNanos(LockSupport.java:215)
        at java.util.concurrent.SynchronousQueue$TransferStack.awaitFulfill(SynchronousQueue.java:460)
        at java.util.concurrent.SynchronousQueue$TransferStack.transfer(SynchronousQueue.java:362)
        at java.util.concurrent.SynchronousQueue.poll(SynchronousQueue.java:941)
        at java.util.concurrent.ThreadPoolExecutor.getTask(ThreadPoolExecutor.java:1073)
        at java.util.concurrent.ThreadPoolExecutor.runWorker(ThreadPoolExecutor.java:1134)
        at java.util.concurrent.ThreadPoolExecutor$Worker.run(ThreadPoolExecutor.java:624)
        at java.lang.Thread.run(Thread.java:748)
"Datanode ReportManager Thread - 1" daemon prio=5 tid=253 in Object.wait()
java.lang.Thread.State: WAITING (on object monitor)
        at sun.misc.Unsafe.park(Native Method)
        at java.util.concurrent.locks.LockSupport.park(LockSupport.java:175)
        at java.util.concurrent.locks.AbstractQueuedSynchronizer$ConditionObject.await(AbstractQueuedSynchronizer.java:2039)
        at java.util.concurrent.ScheduledThreadPoolExecutor$DelayedWorkQueue.take(ScheduledThreadPoolExecutor.java:1088)
        at java.util.concurrent.ScheduledThreadPoolExecutor$DelayedWorkQueue.take(ScheduledThreadPoolExecutor.java:809)
        at java.util.concurrent.ThreadPoolExecutor.getTask(ThreadPoolExecutor.java:1074)
        at java.util.concurrent.ThreadPoolExecutor.runWorker(ThreadPoolExecutor.java:1134)
        at java.util.concurrent.ThreadPoolExecutor$Worker.run(ThreadPoolExecutor.java:624)
        at java.lang.Thread.run(Thread.java:748)
"pool-40-thread-1"  prio=5 tid=185 timed_waiting
java.lang.Thread.State: TIMED_WAITING
        at sun.misc.Unsafe.park(Native Method)
        at java.util.concurrent.locks.LockSupport.parkNanos(LockSupport.java:215)
        at java.util.concurrent.locks.AbstractQueuedSynchronizer$ConditionObject.awaitNanos(AbstractQueuedSynchronizer.java:2078)
        at java.util.concurrent.ScheduledThreadPoolExecutor$DelayedWorkQueue.take(ScheduledThreadPoolExecutor.java:1093)
        at java.util.concurrent.ScheduledThreadPoolExecutor$DelayedWorkQueue.take(ScheduledThreadPoolExecutor.java:809)
        at java.util.concurrent.ThreadPoolExecutor.getTask(ThreadPoolExecutor.java:1074)
        at java.util.concurrent.ThreadPoolExecutor.runWorker(ThreadPoolExecutor.java:1134)
        at java.util.concurrent.ThreadPoolExecutor$Worker.run(ThreadPoolExecutor.java:624)
        at java.lang.Thread.run(Thread.java:748)
"pool-76-thread-8"  prio=5 tid=659 in Object.wait()
java.lang.Thread.State: WAITING (on object monitor)
        at sun.misc.Unsafe.park(Native Method)
        at java.util.concurrent.locks.LockSupport.park(LockSupport.java:175)
        at java.util.concurrent.locks.AbstractQueuedSynchronizer$ConditionObject.await(AbstractQueuedSynchronizer.java:2039)
        at java.util.concurrent.ArrayBlockingQueue.take(ArrayBlockingQueue.java:403)
        at java.util.concurrent.ThreadPoolExecutor.getTask(ThreadPoolExecutor.java:1074)
        at java.util.concurrent.ThreadPoolExecutor.runWorker(ThreadPoolExecutor.java:1134)
        at java.util.concurrent.ThreadPoolExecutor$Worker.run(ThreadPoolExecutor.java:624)
        at java.lang.Thread.run(Thread.java:748)
"grpc-default-executor-8" daemon prio=5 tid=964 timed_waiting
java.lang.Thread.State: TIMED_WAITING
        at sun.misc.Unsafe.park(Native Method)
        at java.util.concurrent.locks.LockSupport.parkNanos(LockSupport.java:215)
        at java.util.concurrent.SynchronousQueue$TransferStack.awaitFulfill(SynchronousQueue.java:460)
        at java.util.concurrent.SynchronousQueue$TransferStack.transfer(SynchronousQueue.java:362)
        at java.util.concurrent.SynchronousQueue.poll(SynchronousQueue.java:941)
        at java.util.concurrent.ThreadPoolExecutor.getTask(ThreadPoolExecutor.java:1073)
        at java.util.concurrent.ThreadPoolExecutor.runWorker(ThreadPoolExecutor.java:1134)
        at java.util.concurrent.ThreadPoolExecutor$Worker.run(ThreadPoolExecutor.java:624)
        at java.lang.Thread.run(Thread.java:748)
"BlockDeletingService#1" daemon prio=5 tid=648 in Object.wait()
java.lang.Thread.State: WAITING (on object monitor)
        at sun.misc.Unsafe.park(Native Method)
        at java.util.concurrent.locks.LockSupport.park(LockSupport.java:175)
        at java.util.concurrent.locks.AbstractQueuedSynchronizer$ConditionObject.await(AbstractQueuedSynchronizer.java:2039)
        at java.util.concurrent.ScheduledThreadPoolExecutor$DelayedWorkQueue.take(ScheduledThreadPoolExecutor.java:1088)
        at java.util.concurrent.ScheduledThreadPoolExecutor$DelayedWorkQueue.take(ScheduledThreadPoolExecutor.java:809)
        at java.util.concurrent.ThreadPoolExecutor.getTask(ThreadPoolExecutor.java:1074)
        at java.util.concurrent.ThreadPoolExecutor.runWorker(ThreadPoolExecutor.java:1134)
        at java.util.concurrent.ThreadPoolExecutor$Worker.run(ThreadPoolExecutor.java:624)
        at java.lang.Thread.run(Thread.java:748)
"metrics-hadoop-metrics2-reporter-38-thread-1" daemon prio=5 tid=888 timed_waiting
java.lang.Thread.State: TIMED_WAITING
        at sun.misc.Unsafe.park(Native Method)
        at java.util.concurrent.locks.LockSupport.parkNanos(LockSupport.java:215)
        at java.util.concurrent.locks.AbstractQueuedSynchronizer$ConditionObject.awaitNanos(AbstractQueuedSynchronizer.java:2078)
        at java.util.concurrent.ScheduledThreadPoolExecutor$DelayedWorkQueue.take(ScheduledThreadPoolExecutor.java:1093)
        at java.util.concurrent.ScheduledThreadPoolExecutor$DelayedWorkQueue.take(ScheduledThreadPoolExecutor.java:809)
        at java.util.concurrent.ThreadPoolExecutor.getTask(ThreadPoolExecutor.java:1074)
        at java.util.concurrent.ThreadPoolExecutor.runWorker(ThreadPoolExecutor.java:1134)
        at java.util.concurrent.ThreadPoolExecutor$Worker.run(ThreadPoolExecutor.java:624)
        at java.lang.Thread.run(Thread.java:748)
"pool-76-thread-57"  prio=5 tid=708 in Object.wait()
java.lang.Thread.State: WAITING (on object monitor)
        at sun.misc.Unsafe.park(Native Method)
        at java.util.concurrent.locks.LockSupport.park(LockSupport.java:175)
        at java.util.concurrent.locks.AbstractQueuedSynchronizer$ConditionObject.await(AbstractQueuedSynchronizer.java:2039)
        at java.util.concurrent.ArrayBlockingQueue.take(ArrayBlockingQueue.java:403)
        at java.util.concurrent.ThreadPoolExecutor.getTask(ThreadPoolExecutor.java:1074)
        at java.util.concurrent.ThreadPoolExecutor.runWorker(ThreadPoolExecutor.java:1134)
        at java.util.concurrent.ThreadPoolExecutor$Worker.run(ThreadPoolExecutor.java:624)
        at java.lang.Thread.run(Thread.java:748)
"java.util.concurrent.ThreadPoolExecutor$Worker@2f6e1d90[State = -1, empty queue]" daemon prio=5 tid=1116 timed_waiting
java.lang.Thread.State: TIMED_WAITING
        at sun.misc.Unsafe.park(Native Method)
        at java.util.concurrent.locks.LockSupport.parkNanos(LockSupport.java:215)
        at java.util.concurrent.locks.AbstractQueuedSynchronizer$ConditionObject.awaitNanos(AbstractQueuedSynchronizer.java:2078)
        at java.util.concurrent.ScheduledThreadPoolExecutor$DelayedWorkQueue.take(ScheduledThreadPoolExecutor.java:1093)
        at java.util.concurrent.ScheduledThreadPoolExecutor$DelayedWorkQueue.take(ScheduledThreadPoolExecutor.java:809)
        at java.util.concurrent.ThreadPoolExecutor.getTask(ThreadPoolExecutor.java:1074)
        at java.util.concurrent.ThreadPoolExecutor.runWorker(ThreadPoolExecutor.java:1134)
        at java.util.concurrent.ThreadPoolExecutor$Worker.run(ThreadPoolExecutor.java:624)
        at java.lang.Thread.run(Thread.java:748)
"pool-56-thread-37"  prio=5 tid=557 in Object.wait()
java.lang.Thread.State: WAITING (on object monitor)
        at sun.misc.Unsafe.park(Native Method)
        at java.util.concurrent.locks.LockSupport.park(LockSupport.java:175)
        at java.util.concurrent.locks.AbstractQueuedSynchronizer$ConditionObject.await(AbstractQueuedSynchronizer.java:2039)
        at java.util.concurrent.ArrayBlockingQueue.take(ArrayBlockingQueue.java:403)
        at java.util.concurrent.ThreadPoolExecutor.getTask(ThreadPoolExecutor.java:1074)
        at java.util.concurrent.ThreadPoolExecutor.runWorker(ThreadPoolExecutor.java:1134)
        at java.util.concurrent.ThreadPoolExecutor$Worker.run(ThreadPoolExecutor.java:624)
        at java.lang.Thread.run(Thread.java:748)
"pool-46-thread-36"  prio=5 tid=456 in Object.wait()
java.lang.Thread.State: WAITING (on object monitor)
        at sun.misc.Unsafe.park(Native Method)
        at java.util.concurrent.locks.LockSupport.park(LockSupport.java:175)
        at java.util.concurrent.locks.AbstractQueuedSynchronizer$ConditionObject.await(AbstractQueuedSynchronizer.java:2039)
        at java.util.concurrent.ArrayBlockingQueue.take(ArrayBlockingQueue.java:403)
        at java.util.concurrent.ThreadPoolExecutor.getTask(ThreadPoolExecutor.java:1074)
        at java.util.concurrent.ThreadPoolExecutor.runWorker(ThreadPoolExecutor.java:1134)
        at java.util.concurrent.ThreadPoolExecutor$Worker.run(ThreadPoolExecutor.java:624)
        at java.lang.Thread.run(Thread.java:748)
"qtp1991386317-139" daemon prio=5 tid=139 timed_waiting
java.lang.Thread.State: TIMED_WAITING
        at sun.misc.Unsafe.park(Native Method)
        at java.util.concurrent.locks.LockSupport.parkNanos(LockSupport.java:215)
        at java.util.concurrent.locks.AbstractQueuedSynchronizer$ConditionObject.awaitNanos(AbstractQueuedSynchronizer.java:2078)
        at org.eclipse.jetty.util.BlockingArrayQueue.poll(BlockingArrayQueue.java:392)
        at org.eclipse.jetty.util.thread.QueuedThreadPool.idleJobPoll(QueuedThreadPool.java:563)
        at org.eclipse.jetty.util.thread.QueuedThreadPool.access$800(QueuedThreadPool.java:48)
        at org.eclipse.jetty.util.thread.QueuedThreadPool$2.run(QueuedThreadPool.java:626)
        at java.lang.Thread.run(Thread.java:748)
"IPC Server handler 14 on 45290" daemon prio=5 tid=63 timed_waiting
java.lang.Thread.State: TIMED_WAITING
        at sun.misc.Unsafe.park(Native Method)
        at java.util.concurrent.locks.LockSupport.parkNanos(LockSupport.java:215)
        at java.util.concurrent.locks.AbstractQueuedSynchronizer$ConditionObject.awaitNanos(AbstractQueuedSynchronizer.java:2078)
        at java.util.concurrent.LinkedBlockingQueue.poll(LinkedBlockingQueue.java:467)
        at org.apache.hadoop.ipc.CallQueueManager.take(CallQueueManager.java:288)
        at org.apache.hadoop.ipc.Server$Handler.run(Server.java:2668)
"Command processor thread" daemon prio=5 tid=202 timed_waiting
java.lang.Thread.State: TIMED_WAITING
        at java.lang.Thread.sleep(Native Method)
        at org.apache.hadoop.ozone.container.common.statemachine.DatanodeStateMachine.lambda$initCommandHandlerThread$1(DatanodeStateMachine.java:439)
        at org.apache.hadoop.ozone.container.common.statemachine.DatanodeStateMachine$$Lambda$141/459692644.run(Unknown Source)
        at java.lang.Thread.run(Thread.java:748)
"qtp1991386317-142" daemon prio=5 tid=142 timed_waiting
java.lang.Thread.State: TIMED_WAITING
        at sun.misc.Unsafe.park(Native Method)
        at java.util.concurrent.locks.LockSupport.parkNanos(LockSupport.java:215)
        at java.util.concurrent.locks.AbstractQueuedSynchronizer$ConditionObject.awaitNanos(AbstractQueuedSynchronizer.java:2078)
        at org.eclipse.jetty.util.BlockingArrayQueue.poll(BlockingArrayQueue.java:392)
        at org.eclipse.jetty.util.thread.QueuedThreadPool.idleJobPoll(QueuedThreadPool.java:563)
        at org.eclipse.jetty.util.thread.QueuedThreadPool.access$800(QueuedThreadPool.java:48)
        at org.eclipse.jetty.util.thread.QueuedThreadPool$2.run(QueuedThreadPool.java:626)
        at java.lang.Thread.run(Thread.java:748)
"IPC Server handler 6 on 44783" daemon prio=5 tid=120 timed_waiting
java.lang.Thread.State: TIMED_WAITING
        at sun.misc.Unsafe.park(Native Method)
        at java.util.concurrent.locks.LockSupport.parkNanos(LockSupport.java:215)
        at java.util.concurrent.locks.AbstractQueuedSynchronizer$ConditionObject.awaitNanos(AbstractQueuedSynchronizer.java:2078)
        at java.util.concurrent.LinkedBlockingQueue.poll(LinkedBlockingQueue.java:467)
        at org.apache.hadoop.ipc.CallQueueManager.take(CallQueueManager.java:288)
        at org.apache.hadoop.ipc.Server$Handler.run(Server.java:2668)
"metrics-hadoop-metrics2-reporter-18-thread-1" daemon prio=5 tid=832 timed_waiting
java.lang.Thread.State: TIMED_WAITING
        at sun.misc.Unsafe.park(Native Method)
        at java.util.concurrent.locks.LockSupport.parkNanos(LockSupport.java:215)
        at java.util.concurrent.locks.AbstractQueuedSynchronizer$ConditionObject.awaitNanos(AbstractQueuedSynchronizer.java:2078)
        at java.util.concurrent.ScheduledThreadPoolExecutor$DelayedWorkQueue.take(ScheduledThreadPoolExecutor.java:1093)
        at java.util.concurrent.ScheduledThreadPoolExecutor$DelayedWorkQueue.take(ScheduledThreadPoolExecutor.java:809)
        at java.util.concurrent.ThreadPoolExecutor.getTask(ThreadPoolExecutor.java:1074)
        at java.util.concurrent.ThreadPoolExecutor.runWorker(ThreadPoolExecutor.java:1134)
        at java.util.concurrent.ThreadPoolExecutor$Worker.run(ThreadPoolExecutor.java:624)
        at java.lang.Thread.run(Thread.java:748)
"pool-36-thread-2"  prio=5 tid=345 in Object.wait()
java.lang.Thread.State: WAITING (on object monitor)
        at sun.misc.Unsafe.park(Native Method)
        at java.util.concurrent.locks.LockSupport.park(LockSupport.java:175)
        at java.util.concurrent.locks.AbstractQueuedSynchronizer$ConditionObject.await(AbstractQueuedSynchronizer.java:2039)
        at java.util.concurrent.ArrayBlockingQueue.take(ArrayBlockingQueue.java:403)
        at java.util.concurrent.ThreadPoolExecutor.getTask(ThreadPoolExecutor.java:1074)
        at java.util.concurrent.ThreadPoolExecutor.runWorker(ThreadPoolExecutor.java:1134)
        at java.util.concurrent.ThreadPoolExecutor$Worker.run(ThreadPoolExecutor.java:624)
        at java.lang.Thread.run(Thread.java:748)
"org.apache.hadoop.util.JvmPauseMonitor$Monitor@259d8c82" daemon prio=5 tid=203 timed_waiting
java.lang.Thread.State: TIMED_WAITING
        at java.lang.Thread.sleep(Native Method)
        at org.apache.hadoop.util.JvmPauseMonitor$Monitor.run(JvmPauseMonitor.java:192)
        at java.lang.Thread.run(Thread.java:748)
"metrics-hadoop-metrics2-reporter-73-thread-1" daemon prio=5 tid=1112 timed_waiting
java.lang.Thread.State: TIMED_WAITING
        at sun.misc.Unsafe.park(Native Method)
        at java.util.concurrent.locks.LockSupport.parkNanos(LockSupport.java:215)
        at java.util.concurrent.locks.AbstractQueuedSynchronizer$ConditionObject.awaitNanos(AbstractQueuedSynchronizer.java:2078)
        at java.util.concurrent.ScheduledThreadPoolExecutor$DelayedWorkQueue.take(ScheduledThreadPoolExecutor.java:1093)
        at java.util.concurrent.ScheduledThreadPoolExecutor$DelayedWorkQueue.take(ScheduledThreadPoolExecutor.java:809)
        at java.util.concurrent.ThreadPoolExecutor.getTask(ThreadPoolExecutor.java:1074)
        at java.util.concurrent.ThreadPoolExecutor.runWorker(ThreadPoolExecutor.java:1134)
        at java.util.concurrent.ThreadPoolExecutor$Worker.run(ThreadPoolExecutor.java:624)
        at java.lang.Thread.run(Thread.java:748)
"IPC Server handler 3 on 45589" daemon prio=5 tid=32 timed_waiting
java.lang.Thread.State: TIMED_WAITING
        at sun.misc.Unsafe.park(Native Method)
        at java.util.concurrent.locks.LockSupport.parkNanos(LockSupport.java:215)
        at java.util.concurrent.locks.AbstractQueuedSynchronizer$ConditionObject.awaitNanos(AbstractQueuedSynchronizer.java:2078)
        at java.util.concurrent.LinkedBlockingQueue.poll(LinkedBlockingQueue.java:467)
        at org.apache.hadoop.ipc.CallQueueManager.take(CallQueueManager.java:288)
        at org.apache.hadoop.ipc.Server$Handler.run(Server.java:2668)
"pool-36-thread-54"  prio=5 tid=504 in Object.wait()
java.lang.Thread.State: WAITING (on object monitor)
        at sun.misc.Unsafe.park(Native Method)
        at java.util.concurrent.locks.LockSupport.park(LockSupport.java:175)
        at java.util.concurrent.locks.AbstractQueuedSynchronizer$ConditionObject.await(AbstractQueuedSynchronizer.java:2039)
        at java.util.concurrent.ArrayBlockingQueue.take(ArrayBlockingQueue.java:403)
        at java.util.concurrent.ThreadPoolExecutor.getTask(ThreadPoolExecutor.java:1074)
        at java.util.concurrent.ThreadPoolExecutor.runWorker(ThreadPoolExecutor.java:1134)
        at java.util.concurrent.ThreadPoolExecutor$Worker.run(ThreadPoolExecutor.java:624)
        at java.lang.Thread.run(Thread.java:748)
"pool-26-thread-34"  prio=5 tid=429 in Object.wait()
java.lang.Thread.State: WAITING (on object monitor)
        at sun.misc.Unsafe.park(Native Method)
        at java.util.concurrent.locks.LockSupport.park(LockSupport.java:175)
        at java.util.concurrent.locks.AbstractQueuedSynchronizer$ConditionObject.await(AbstractQueuedSynchronizer.java:2039)
        at java.util.concurrent.ArrayBlockingQueue.take(ArrayBlockingQueue.java:403)
        at java.util.concurrent.ThreadPoolExecutor.getTask(ThreadPoolExecutor.java:1074)
        at java.util.concurrent.ThreadPoolExecutor.runWorker(ThreadPoolExecutor.java:1134)
        at java.util.concurrent.ThreadPoolExecutor$Worker.run(ThreadPoolExecutor.java:624)
        at java.lang.Thread.run(Thread.java:748)
"Socket Reader #1 for port 45589"  prio=5 tid=23 runnable
java.lang.Thread.State: RUNNABLE
        at sun.nio.ch.EPollArrayWrapper.epollWait(Native Method)
        at sun.nio.ch.EPollArrayWrapper.poll(EPollArrayWrapper.java:269)
        at sun.nio.ch.EPollSelectorImpl.doSelect(EPollSelectorImpl.java:93)
        at sun.nio.ch.SelectorImpl.lockAndDoSelect(SelectorImpl.java:86)
        at sun.nio.ch.SelectorImpl.select(SelectorImpl.java:97)
        at sun.nio.ch.SelectorImpl.select(SelectorImpl.java:101)
        at org.apache.hadoop.ipc.Server$Listener$Reader.doRunLoop(Server.java:1097)
        at org.apache.hadoop.ipc.Server$Listener$Reader.run(Server.java:1076)
"metrics-hadoop-metrics2-reporter-45-thread-1" daemon prio=5 tid=918 timed_waiting
java.lang.Thread.State: TIMED_WAITING
        at sun.misc.Unsafe.park(Native Method)
        at java.util.concurrent.locks.LockSupport.parkNanos(LockSupport.java:215)
        at java.util.concurrent.locks.AbstractQueuedSynchronizer$ConditionObject.awaitNanos(AbstractQueuedSynchronizer.java:2078)
        at java.util.concurrent.ScheduledThreadPoolExecutor$DelayedWorkQueue.take(ScheduledThreadPoolExecutor.java:1093)
        at java.util.concurrent.ScheduledThreadPoolExecutor$DelayedWorkQueue.take(ScheduledThreadPoolExecutor.java:809)
        at java.util.concurrent.ThreadPoolExecutor.getTask(ThreadPoolExecutor.java:1074)
        at java.util.concurrent.ThreadPoolExecutor.runWorker(ThreadPoolExecutor.java:1134)
        at java.util.concurrent.ThreadPoolExecutor$Worker.run(ThreadPoolExecutor.java:624)
        at java.lang.Thread.run(Thread.java:748)
"metrics-hadoop-metrics2-reporter-14-thread-1" daemon prio=5 tid=822 timed_waiting
java.lang.Thread.State: TIMED_WAITING
        at sun.misc.Unsafe.park(Native Method)
        at java.util.concurrent.locks.LockSupport.parkNanos(LockSupport.java:215)
        at java.util.concurrent.locks.AbstractQueuedSynchronizer$ConditionObject.awaitNanos(AbstractQueuedSynchronizer.java:2078)
        at java.util.concurrent.ScheduledThreadPoolExecutor$DelayedWorkQueue.take(ScheduledThreadPoolExecutor.java:1093)
        at java.util.concurrent.ScheduledThreadPoolExecutor$DelayedWorkQueue.take(ScheduledThreadPoolExecutor.java:809)
        at java.util.concurrent.ThreadPoolExecutor.getTask(ThreadPoolExecutor.java:1074)
        at java.util.concurrent.ThreadPoolExecutor.runWorker(ThreadPoolExecutor.java:1134)
        at java.util.concurrent.ThreadPoolExecutor$Worker.run(ThreadPoolExecutor.java:624)
        at java.lang.Thread.run(Thread.java:748)


	at org.apache.hadoop.test.GenericTestUtils.waitFor(GenericTestUtils.java:389)
	at org.apache.hadoop.ozone.MiniOzoneClusterImpl.waitForClusterToBeReady(MiniOzoneClusterImpl.java:149)
	at org.apache.hadoop.ozone.client.rpc.TestBlockOutputStream.init(TestBlockOutputStream.java:93)
	at sun.reflect.NativeMethodAccessorImpl.invoke0(Native Method)
	at sun.reflect.NativeMethodAccessorImpl.invoke(NativeMethodAccessorImpl.java:62)
	at sun.reflect.DelegatingMethodAccessorImpl.invoke(DelegatingMethodAccessorImpl.java:43)
	at java.lang.reflect.Method.invoke(Method.java:498)
	at org.junit.runners.model.FrameworkMethod$1.runReflectiveCall(FrameworkMethod.java:47)
	at org.junit.internal.runners.model.ReflectiveCallable.run(ReflectiveCallable.java:12)
	at org.junit.runners.model.FrameworkMethod.invokeExplosively(FrameworkMethod.java:44)
	at org.junit.internal.runners.statements.RunBefores.evaluate(RunBefores.java:24)
	at org.junit.internal.runners.statements.RunAfters.evaluate(RunAfters.java:27)
	at org.junit.runners.ParentRunner.run(ParentRunner.java:309)
	at org.apache.maven.surefire.junit4.JUnit4Provider.execute(JUnit4Provider.java:365)
	at org.apache.maven.surefire.junit4.JUnit4Provider.executeWithRerun(JUnit4Provider.java:273)
	at org.apache.maven.surefire.junit4.JUnit4Provider.executeTestSet(JUnit4Provider.java:238)
	at org.apache.maven.surefire.junit4.JUnit4Provider.invoke(JUnit4Provider.java:159)
	at org.apache.maven.surefire.booter.ForkedBooter.invokeProviderInSameClassLoader(ForkedBooter.java:384)
	at org.apache.maven.surefire.booter.ForkedBooter.runSuitesInProcess(ForkedBooter.java:345)
	at org.apache.maven.surefire.booter.ForkedBooter.execute(ForkedBooter.java:126)
	at org.apache.maven.surefire.booter.ForkedBooter.main(ForkedBooter.java:418)
</error>
    <system-out><![CDATA[2019-10-18 07:13:38,972 [main] WARN  server.ServerUtils (ServerUtils.java:getScmDbDir(145)) - ozone.scm.db.dirs is not configured. We recommend adding this setting. Falling back to ozone.metadata.dirs instead.
2019-10-18 07:13:39,228 [main] WARN  server.ServerUtils (ServerUtils.java:getScmDbDir(145)) - ozone.scm.db.dirs is not configured. We recommend adding this setting. Falling back to ozone.metadata.dirs instead.
2019-10-18 07:13:39,232 [main] WARN  server.ServerUtils (ServerUtils.java:getScmDbDir(145)) - ozone.scm.db.dirs is not configured. We recommend adding this setting. Falling back to ozone.metadata.dirs instead.
2019-10-18 07:13:39,258 [main] INFO  util.log (Log.java:initialized(192)) - Logging initialized @1042ms
2019-10-18 07:13:39,359 [main] INFO  db.DBStoreBuilder (DBStoreBuilder.java:addTable(117)) - using custom profile for table: deletedBlocks
2019-10-18 07:13:39,359 [main] INFO  db.DBStoreBuilder (DBStoreBuilder.java:processTables(168)) - Using default column profile:DBProfile.DISK for Table:deletedBlocks
2019-10-18 07:13:39,360 [main] INFO  db.DBStoreBuilder (DBStoreBuilder.java:addTable(117)) - using custom profile for table: validCerts
2019-10-18 07:13:39,360 [main] INFO  db.DBStoreBuilder (DBStoreBuilder.java:processTables(168)) - Using default column profile:DBProfile.DISK for Table:validCerts
2019-10-18 07:13:39,361 [main] INFO  db.DBStoreBuilder (DBStoreBuilder.java:addTable(117)) - using custom profile for table: revokedCerts
2019-10-18 07:13:39,361 [main] INFO  db.DBStoreBuilder (DBStoreBuilder.java:processTables(168)) - Using default column profile:DBProfile.DISK for Table:revokedCerts
2019-10-18 07:13:39,376 [main] INFO  db.DBStoreBuilder (DBStoreBuilder.java:addTable(117)) - using custom profile for table: default
2019-10-18 07:13:39,376 [main] INFO  db.DBStoreBuilder (DBStoreBuilder.java:processTables(174)) - Using default column profile:DBProfile.DISK for Table:default
2019-10-18 07:13:39,378 [main] INFO  db.DBStoreBuilder (DBStoreBuilder.java:getDbProfile(205)) - Using default options. DBProfile.DISK
2019-10-18 07:13:39,931 [main] INFO  net.NodeSchemaLoader (NodeSchemaLoader.java:loadSchemaFromFile(125)) - Loading file from sun.misc.CompoundEnumeration@5fe94a96
2019-10-18 07:13:39,934 [main] INFO  net.NodeSchemaLoader (NodeSchemaLoader.java:loadSchema(171)) - Loading network topology layer schema file
2019-10-18 07:13:40,003 [main] INFO  node.SCMNodeManager (SCMNodeManager.java:<init>(116)) - Entering startup safe mode.
2019-10-18 07:13:40,086 [main] INFO  algorithms.ContainerPlacementPolicyFactory (ContainerPlacementPolicyFactory.java:getPolicy(57)) - Create container placement policy of type org.apache.hadoop.hdds.scm.container.placement.algorithms.SCMContainerPlacementRandom
2019-10-18 07:13:40,102 [main] WARN  server.ServerUtils (ServerUtils.java:getScmDbDir(145)) - ozone.scm.db.dirs is not configured. We recommend adding this setting. Falling back to ozone.metadata.dirs instead.
2019-10-18 07:13:40,311 [main] INFO  pipeline.SCMPipelineManager (SCMPipelineManager.java:initializePipelineState(132)) - No pipeline exists in current db
2019-10-18 07:13:40,315 [main] WARN  server.ServerUtils (ServerUtils.java:getScmDbDir(145)) - ozone.scm.db.dirs is not configured. We recommend adding this setting. Falling back to ozone.metadata.dirs instead.
2019-10-18 07:13:40,495 [main] WARN  events.EventQueue (EventQueue.java:fireEvent(183)) - No event handler registered for event TypedEvent{payloadType=SafeModeStatus, name='SafeModeStatus'}
2019-10-18 07:13:40,868 [main] INFO  ipc.CallQueueManager (CallQueueManager.java:<init>(84)) - Using callQueue: class java.util.concurrent.LinkedBlockingQueue, queueCapacity: 2000, scheduler: class org.apache.hadoop.ipc.DefaultRpcScheduler, ipcBackoff: false.
2019-10-18 07:13:40,892 [Socket Reader #1 for port 36674] INFO  ipc.Server (Server.java:run(1074)) - Starting Socket Reader #1 for port 36674
2019-10-18 07:13:41,031 [main] INFO  ipc.CallQueueManager (CallQueueManager.java:<init>(84)) - Using callQueue: class java.util.concurrent.LinkedBlockingQueue, queueCapacity: 2000, scheduler: class org.apache.hadoop.ipc.DefaultRpcScheduler, ipcBackoff: false.
2019-10-18 07:13:41,032 [Socket Reader #1 for port 45290] INFO  ipc.Server (Server.java:run(1074)) - Starting Socket Reader #1 for port 45290
2019-10-18 07:13:41,042 [main] INFO  ipc.CallQueueManager (CallQueueManager.java:<init>(84)) - Using callQueue: class java.util.concurrent.LinkedBlockingQueue, queueCapacity: 2000, scheduler: class org.apache.hadoop.ipc.DefaultRpcScheduler, ipcBackoff: false.
2019-10-18 07:13:41,043 [Socket Reader #1 for port 45589] INFO  ipc.Server (Server.java:run(1074)) - Starting Socket Reader #1 for port 45589
2019-10-18 07:13:41,068 [main] INFO  hdfs.DFSUtil (DFSUtil.java:httpServerTemplateForNNAndJN(1641)) - Starting Web-server for scm at: http://0.0.0.0:0
2019-10-18 07:13:41,205 [main] INFO  server.AuthenticationFilter (AuthenticationFilter.java:constructSecretProvider(240)) - Unable to initialize FileSignerSecretProvider, falling back to use random secrets.
2019-10-18 07:13:41,213 [main] WARN  http.HttpRequestLog (HttpRequestLog.java:getRequestLog(97)) - Jetty request log can only be enabled using Log4j
2019-10-18 07:13:41,220 [main] INFO  http.HttpServer2 (HttpServer2.java:addGlobalFilter(975)) - Added global filter 'safety' (class=org.apache.hadoop.http.HttpServer2$QuotingInputFilter)
2019-10-18 07:13:41,223 [main] INFO  http.HttpServer2 (HttpServer2.java:addFilter(948)) - Added filter static_user_filter (class=org.apache.hadoop.http.lib.StaticUserWebFilter$StaticUserFilter) to context scm
2019-10-18 07:13:41,223 [main] INFO  http.HttpServer2 (HttpServer2.java:addFilter(958)) - Added filter static_user_filter (class=org.apache.hadoop.http.lib.StaticUserWebFilter$StaticUserFilter) to context logs
2019-10-18 07:13:41,223 [main] INFO  http.HttpServer2 (HttpServer2.java:addFilter(958)) - Added filter static_user_filter (class=org.apache.hadoop.http.lib.StaticUserWebFilter$StaticUserFilter) to context static
2019-10-18 07:13:41,254 [main] INFO  server.StorageContainerManager (StorageContainerManager.java:start(772)) - StorageContainerLocationProtocol RPC server is listening at /0.0.0.0:45589
2019-10-18 07:13:41,322 [main] WARN  impl.MetricsConfig (MetricsConfig.java:loadFirst(134)) - Cannot locate configuration: tried hadoop-metrics2-storagecontainermanager.properties,hadoop-metrics2.properties
2019-10-18 07:13:41,335 [main] INFO  impl.MetricsSystemImpl (MetricsSystemImpl.java:startTimer(374)) - Scheduled Metric snapshot period at 10 second(s).
2019-10-18 07:13:41,336 [main] INFO  impl.MetricsSystemImpl (MetricsSystemImpl.java:start(191)) - StorageContainerManager metrics system started
2019-10-18 07:13:41,610 [main] INFO  server.SCMClientProtocolServer (SCMClientProtocolServer.java:start(159)) - RPC server for Client  is listening at /0.0.0.0:45589
2019-10-18 07:13:41,610 [IPC Server Responder] INFO  ipc.Server (Server.java:run(1314)) - IPC Server Responder: starting
2019-10-18 07:13:41,610 [IPC Server listener on 45589] INFO  ipc.Server (Server.java:run(1153)) - IPC Server listener on 45589: starting
2019-10-18 07:13:41,614 [main] INFO  server.StorageContainerManager (StorageContainerManager.java:start(782)) - ScmBlockLocationProtocol RPC server is listening at /0.0.0.0:45290
2019-10-18 07:13:41,615 [main] INFO  server.SCMBlockProtocolServer (SCMBlockProtocolServer.java:start(146)) - RPC server for Block Protocol is listening at /0.0.0.0:45290
2019-10-18 07:13:41,615 [IPC Server Responder] INFO  ipc.Server (Server.java:run(1314)) - IPC Server Responder: starting
2019-10-18 07:13:41,615 [IPC Server listener on 45290] INFO  ipc.Server (Server.java:run(1153)) - IPC Server listener on 45290: starting
2019-10-18 07:13:41,618 [main] INFO  server.StorageContainerManager (StorageContainerManager.java:start(786)) - ScmDatanodeProtocl RPC server is listening at /0.0.0.0:36674
2019-10-18 07:13:41,618 [main] INFO  server.SCMDatanodeProtocolServer (SCMDatanodeProtocolServer.java:start(169)) - RPC server for DataNodes is listening at /0.0.0.0:36674
2019-10-18 07:13:41,620 [IPC Server Responder] INFO  ipc.Server (Server.java:run(1314)) - IPC Server Responder: starting
2019-10-18 07:13:41,620 [IPC Server listener on 36674] INFO  ipc.Server (Server.java:run(1153)) - IPC Server listener on 36674: starting
2019-10-18 07:13:41,624 [main] INFO  http.HttpServer2 (HttpServer2.java:bindListener(1191)) - Jetty bound to port 37590
2019-10-18 07:13:41,626 [main] INFO  server.Server (Server.java:doStart(351)) - jetty-9.3.25.v20180904, build timestamp: 2018-09-04T21:11:46Z, git hash: 3ce520221d0240229c862b122d2b06c12a625732
2019-10-18 07:13:41,669 [main] INFO  handler.ContextHandler (ContextHandler.java:doStart(781)) - Started o.e.j.s.ServletContextHandler@44040454{/logs,file:///workdir/hadoop-ozone/integration-test/target/log,AVAILABLE}
2019-10-18 07:13:41,670 [main] INFO  handler.ContextHandler (ContextHandler.java:doStart(781)) - Started o.e.j.s.ServletContextHandler@18bc345{/static,file:///workdir/hadoop-ozone/integration-test/target/test-classes/webapps/static,AVAILABLE}
2019-10-18 07:13:41,705 [main] INFO  handler.ContextHandler (ContextHandler.java:doStart(781)) - Started o.e.j.w.WebAppContext@58c540cf{/,file:///workdir/hadoop-ozone/integration-test/target/test-classes/webapps/scm/,AVAILABLE}{/scm}
2019-10-18 07:13:41,710 [main] INFO  server.AbstractConnector (AbstractConnector.java:doStart(278)) - Started ServerConnector@1cf2fed4{HTTP/1.1,[http/1.1]}{0.0.0.0:37590}
2019-10-18 07:13:41,711 [main] INFO  server.Server (Server.java:doStart(419)) - Started @3495ms
2019-10-18 07:13:41,713 [main] INFO  impl.MetricsSinkAdapter (MetricsSinkAdapter.java:start(204)) - Sink prometheus started
2019-10-18 07:13:41,713 [main] INFO  impl.MetricsSystemImpl (MetricsSystemImpl.java:registerSink(301)) - Registered sink prometheus
2019-10-18 07:13:41,714 [main] INFO  server.BaseHttpServer (BaseHttpServer.java:updateConnectorAddress(215)) - HTTP server of SCM is listening at http://0.0.0.0:37590
2019-10-18 07:13:41,720 [org.apache.hadoop.util.JvmPauseMonitor$Monitor@687a762c] INFO  util.JvmPauseMonitor (JvmPauseMonitor.java:run(188)) - Starting JVM pause monitor
2019-10-18 07:13:41,724 [main] WARN  server.ServerUtils (ServerUtils.java:getDBPath(222)) - ozone.om.db.dirs is not configured. We recommend adding this setting. Falling back to ozone.metadata.dirs instead.
2019-10-18 07:13:41,941 [main] INFO  ha.OMHANodeDetails (OMHANodeDetails.java:loadOMHAConfig(190)) - Configuration either no ozone.om.address set. Falling back to the default OM address /127.0.0.1:0
2019-10-18 07:13:41,941 [main] INFO  ha.OMHANodeDetails (OMHANodeDetails.java:getOMNodeDetails(220)) - OM Service ID is not set. Setting it to the default ID: omServiceIdDefault
2019-10-18 07:13:41,943 [main] WARN  server.ServerUtils (ServerUtils.java:getDBPath(222)) - ozone.om.db.dirs is not configured. We recommend adding this setting. Falling back to ozone.metadata.dirs instead.
2019-10-18 07:13:41,943 [main] WARN  server.ServerUtils (ServerUtils.java:getDBPath(222)) - ozone.om.db.dirs is not configured. We recommend adding this setting. Falling back to ozone.metadata.dirs instead.
2019-10-18 07:13:42,589 [main] WARN  server.ServerUtils (ServerUtils.java:getDBPath(222)) - ozone.om.db.dirs is not configured. We recommend adding this setting. Falling back to ozone.metadata.dirs instead.
2019-10-18 07:13:42,598 [main] INFO  db.DBStoreBuilder (DBStoreBuilder.java:addTable(117)) - using custom profile for table: userTable
2019-10-18 07:13:42,598 [main] INFO  db.DBStoreBuilder (DBStoreBuilder.java:processTables(168)) - Using default column profile:DBProfile.DISK for Table:userTable
2019-10-18 07:13:42,598 [main] INFO  db.DBStoreBuilder (DBStoreBuilder.java:addTable(117)) - using custom profile for table: volumeTable
2019-10-18 07:13:42,598 [main] INFO  db.DBStoreBuilder (DBStoreBuilder.java:processTables(168)) - Using default column profile:DBProfile.DISK for Table:volumeTable
2019-10-18 07:13:42,599 [main] INFO  db.DBStoreBuilder (DBStoreBuilder.java:addTable(117)) - using custom profile for table: bucketTable
2019-10-18 07:13:42,599 [main] INFO  db.DBStoreBuilder (DBStoreBuilder.java:processTables(168)) - Using default column profile:DBProfile.DISK for Table:bucketTable
2019-10-18 07:13:42,599 [main] INFO  db.DBStoreBuilder (DBStoreBuilder.java:addTable(117)) - using custom profile for table: keyTable
2019-10-18 07:13:42,599 [main] INFO  db.DBStoreBuilder (DBStoreBuilder.java:processTables(168)) - Using default column profile:DBProfile.DISK for Table:keyTable
2019-10-18 07:13:42,600 [main] INFO  db.DBStoreBuilder (DBStoreBuilder.java:addTable(117)) - using custom profile for table: deletedTable
2019-10-18 07:13:42,600 [main] INFO  db.DBStoreBuilder (DBStoreBuilder.java:processTables(168)) - Using default column profile:DBProfile.DISK for Table:deletedTable
2019-10-18 07:13:42,600 [main] INFO  db.DBStoreBuilder (DBStoreBuilder.java:addTable(117)) - using custom profile for table: openKeyTable
2019-10-18 07:13:42,600 [main] INFO  db.DBStoreBuilder (DBStoreBuilder.java:processTables(168)) - Using default column profile:DBProfile.DISK for Table:openKeyTable
2019-10-18 07:13:42,600 [main] INFO  db.DBStoreBuilder (DBStoreBuilder.java:addTable(117)) - using custom profile for table: s3Table
2019-10-18 07:13:42,601 [main] INFO  db.DBStoreBuilder (DBStoreBuilder.java:processTables(168)) - Using default column profile:DBProfile.DISK for Table:s3Table
2019-10-18 07:13:42,601 [main] INFO  db.DBStoreBuilder (DBStoreBuilder.java:addTable(117)) - using custom profile for table: multipartInfoTable
2019-10-18 07:13:42,601 [main] INFO  db.DBStoreBuilder (DBStoreBuilder.java:processTables(168)) - Using default column profile:DBProfile.DISK for Table:multipartInfoTable
2019-10-18 07:13:42,601 [main] INFO  db.DBStoreBuilder (DBStoreBuilder.java:addTable(117)) - using custom profile for table: dTokenTable
2019-10-18 07:13:42,602 [main] INFO  db.DBStoreBuilder (DBStoreBuilder.java:processTables(168)) - Using default column profile:DBProfile.DISK for Table:dTokenTable
2019-10-18 07:13:42,602 [main] INFO  db.DBStoreBuilder (DBStoreBuilder.java:addTable(117)) - using custom profile for table: s3SecretTable
2019-10-18 07:13:42,602 [main] INFO  db.DBStoreBuilder (DBStoreBuilder.java:processTables(168)) - Using default column profile:DBProfile.DISK for Table:s3SecretTable
2019-10-18 07:13:42,602 [main] INFO  db.DBStoreBuilder (DBStoreBuilder.java:addTable(117)) - using custom profile for table: prefixTable
2019-10-18 07:13:42,602 [main] INFO  db.DBStoreBuilder (DBStoreBuilder.java:processTables(168)) - Using default column profile:DBProfile.DISK for Table:prefixTable
2019-10-18 07:13:42,603 [main] INFO  db.DBStoreBuilder (DBStoreBuilder.java:addTable(117)) - using custom profile for table: default
2019-10-18 07:13:42,603 [main] INFO  db.DBStoreBuilder (DBStoreBuilder.java:processTables(174)) - Using default column profile:DBProfile.DISK for Table:default
2019-10-18 07:13:42,603 [main] INFO  db.DBStoreBuilder (DBStoreBuilder.java:getDbProfile(205)) - Using default options. DBProfile.DISK
2019-10-18 07:13:43,833 [main] INFO  ipc.CallQueueManager (CallQueueManager.java:<init>(84)) - Using callQueue: class java.util.concurrent.LinkedBlockingQueue, queueCapacity: 2000, scheduler: class org.apache.hadoop.ipc.DefaultRpcScheduler, ipcBackoff: false.
2019-10-18 07:13:43,834 [Socket Reader #1 for port 44783] INFO  ipc.Server (Server.java:run(1074)) - Starting Socket Reader #1 for port 44783
2019-10-18 07:13:43,855 [main] INFO  om.OzoneManager (OzoneManager.java:start(1071)) - OzoneManager RPC server is listening at localhost/127.0.0.1:44783
2019-10-18 07:13:43,855 [main] INFO  impl.MetricsSystemImpl (MetricsSystemImpl.java:init(158)) - OzoneManager metrics system started (again)
2019-10-18 07:13:43,863 [IPC Server Responder] INFO  ipc.Server (Server.java:run(1314)) - IPC Server Responder: starting
2019-10-18 07:13:43,863 [IPC Server listener on 44783] INFO  ipc.Server (Server.java:run(1153)) - IPC Server listener on 44783: starting
2019-10-18 07:13:43,872 [main] INFO  hdfs.DFSUtil (DFSUtil.java:httpServerTemplateForNNAndJN(1641)) - Starting Web-server for ozoneManager at: http://0.0.0.0:0
2019-10-18 07:13:43,874 [main] INFO  server.AuthenticationFilter (AuthenticationFilter.java:constructSecretProvider(240)) - Unable to initialize FileSignerSecretProvider, falling back to use random secrets.
2019-10-18 07:13:43,875 [main] WARN  http.HttpRequestLog (HttpRequestLog.java:getRequestLog(97)) - Jetty request log can only be enabled using Log4j
2019-10-18 07:13:43,879 [main] INFO  http.HttpServer2 (HttpServer2.java:addGlobalFilter(975)) - Added global filter 'safety' (class=org.apache.hadoop.http.HttpServer2$QuotingInputFilter)
2019-10-18 07:13:43,880 [main] INFO  http.HttpServer2 (HttpServer2.java:addFilter(948)) - Added filter static_user_filter (class=org.apache.hadoop.http.lib.StaticUserWebFilter$StaticUserFilter) to context ozoneManager
2019-10-18 07:13:43,881 [main] INFO  http.HttpServer2 (HttpServer2.java:addFilter(958)) - Added filter static_user_filter (class=org.apache.hadoop.http.lib.StaticUserWebFilter$StaticUserFilter) to context static
2019-10-18 07:13:43,881 [main] INFO  http.HttpServer2 (HttpServer2.java:addFilter(958)) - Added filter static_user_filter (class=org.apache.hadoop.http.lib.StaticUserWebFilter$StaticUserFilter) to context logs
2019-10-18 07:13:43,884 [main] INFO  http.HttpServer2 (HttpServer2.java:bindListener(1191)) - Jetty bound to port 42851
2019-10-18 07:13:43,885 [main] INFO  server.Server (Server.java:doStart(351)) - jetty-9.3.25.v20180904, build timestamp: 2018-09-04T21:11:46Z, git hash: 3ce520221d0240229c862b122d2b06c12a625732
2019-10-18 07:13:43,888 [main] INFO  handler.ContextHandler (ContextHandler.java:doStart(781)) - Started o.e.j.s.ServletContextHandler@304a3655{/logs,file:///workdir/hadoop-ozone/integration-test/target/log,AVAILABLE}
2019-10-18 07:13:43,889 [main] INFO  handler.ContextHandler (ContextHandler.java:doStart(781)) - Started o.e.j.s.ServletContextHandler@12a160c2{/static,file:///workdir/hadoop-ozone/integration-test/target/test-classes/webapps/static,AVAILABLE}
2019-10-18 07:13:43,897 [main] INFO  handler.ContextHandler (ContextHandler.java:doStart(781)) - Started o.e.j.w.WebAppContext@38548b19{/,file:///workdir/hadoop-ozone/integration-test/target/test-classes/webapps/ozoneManager/,AVAILABLE}{/ozoneManager}
2019-10-18 07:13:43,898 [main] INFO  server.AbstractConnector (AbstractConnector.java:doStart(278)) - Started ServerConnector@41aaedaa{HTTP/1.1,[http/1.1]}{0.0.0.0:42851}
2019-10-18 07:13:43,898 [main] INFO  server.Server (Server.java:doStart(419)) - Started @5682ms
2019-10-18 07:13:43,899 [main] WARN  impl.MetricsSystemImpl (MetricsSystemImpl.java:register(276)) - Sink prometheus already exists!
2019-10-18 07:13:43,900 [main] INFO  server.BaseHttpServer (BaseHttpServer.java:updateConnectorAddress(215)) - HTTP server of OZONEMANAGER is listening at http://0.0.0.0:42851
2019-10-18 07:13:44,227 [main] INFO  impl.MetricsSystemImpl (MetricsSystemImpl.java:init(158)) - HddsDatanode metrics system started (again)
2019-10-18 07:13:44,273 [main] INFO  ozone.HddsDatanodeService (HddsDatanodeService.java:start(184)) - HddsDatanodeService host:pr-hdds-1868-wx8dl-4219780377 ip:192.168.69.67
2019-10-18 07:13:44,311 [main] INFO  volume.HddsVolume (HddsVolume.java:<init>(176)) - Creating Volume: /workdir/hadoop-ozone/integration-test/target/test-dir/MiniOzoneClusterImpl-f68115de-5278-4c94-9b3d-9176cb3c0071/datanode-0/data/containers/hdds of  storage type : DISK and capacity : 1482555576320
2019-10-18 07:13:44,315 [main] INFO  volume.VolumeSet (VolumeSet.java:initializeVolumeSet(170)) - Added Volume : /workdir/hadoop-ozone/integration-test/target/test-dir/MiniOzoneClusterImpl-f68115de-5278-4c94-9b3d-9176cb3c0071/datanode-0/data/containers/hdds to VolumeSet
2019-10-18 07:13:44,321 [main] INFO  volume.ThrottledAsyncChecker (ThrottledAsyncChecker.java:schedule(141)) - Scheduling a check for /workdir/hadoop-ozone/integration-test/target/test-dir/MiniOzoneClusterImpl-f68115de-5278-4c94-9b3d-9176cb3c0071/datanode-0/data/containers/hdds
2019-10-18 07:13:44,346 [main] INFO  volume.HddsVolumeChecker (HddsVolumeChecker.java:checkAllVolumes(204)) - Scheduled health check for volume /workdir/hadoop-ozone/integration-test/target/test-dir/MiniOzoneClusterImpl-f68115de-5278-4c94-9b3d-9176cb3c0071/datanode-0/data/containers/hdds
2019-10-18 07:13:44,465 [main] INFO  impl.RaftServerProxy (ConfUtils.java:logGet(43)) - raft.rpc.type = GRPC (default)
2019-10-18 07:13:44,528 [main] INFO  grpc.GrpcFactory (GrpcFactory.java:checkPooledByteBufAllocatorUseCacheForAllThreads(45)) - PERFORMANCE WARNING: useCacheForAllThreads is true that may cause Netty to create a lot garbage objects and, as a result, trigger GC.
	It is recommended to disable useCacheForAllThreads by setting -Dorg.apache.ratis.thirdparty.io.netty.allocator.useCacheForAllThreads=false in command line.
2019-10-18 07:13:44,533 [main] INFO  grpc.GrpcConfigKeys$Server (ConfUtils.java:logGet(43)) - raft.grpc.server.port = 0 (default)
2019-10-18 07:13:44,534 [main] INFO  server.GrpcService (ConfUtils.java:logGet(43)) - raft.grpc.message.size.max = 33570816 (custom)
2019-10-18 07:13:44,535 [main] INFO  server.RaftServerConfigKeys (ConfUtils.java:logGet(43)) - raft.server.log.appender.buffer.byte-limit = 33554432 (custom)
2019-10-18 07:13:44,536 [main] INFO  server.GrpcService (ConfUtils.java:logGet(43)) - raft.grpc.flow.control.window = 1MB (=1048576) (default)
2019-10-18 07:13:44,537 [main] INFO  server.RaftServerConfigKeys (ConfUtils.java:logGet(43)) - raft.server.rpc.request.timeout = 3000ms (default)
2019-10-18 07:13:44,689 [main] INFO  server.RaftServerConfigKeys (ConfUtils.java:logGet(43)) - raft.server.storage.dir = [/workdir/hadoop-ozone/integration-test/target/test-dir/MiniOzoneClusterImpl-f68115de-5278-4c94-9b3d-9176cb3c0071/datanode-0/data/ratis] (custom)
2019-10-18 07:13:44,738 [main] INFO  hdfs.DFSUtil (DFSUtil.java:httpServerTemplateForNNAndJN(1641)) - Starting Web-server for hddsDatanode at: http://0.0.0.0:0
2019-10-18 07:13:44,740 [main] INFO  server.AuthenticationFilter (AuthenticationFilter.java:constructSecretProvider(240)) - Unable to initialize FileSignerSecretProvider, falling back to use random secrets.
2019-10-18 07:13:44,741 [main] WARN  http.HttpRequestLog (HttpRequestLog.java:getRequestLog(97)) - Jetty request log can only be enabled using Log4j
2019-10-18 07:13:44,744 [main] INFO  http.HttpServer2 (HttpServer2.java:addGlobalFilter(975)) - Added global filter 'safety' (class=org.apache.hadoop.http.HttpServer2$QuotingInputFilter)
2019-10-18 07:13:44,745 [main] INFO  http.HttpServer2 (HttpServer2.java:addFilter(948)) - Added filter static_user_filter (class=org.apache.hadoop.http.lib.StaticUserWebFilter$StaticUserFilter) to context hddsDatanode
2019-10-18 07:13:44,745 [main] INFO  http.HttpServer2 (HttpServer2.java:addFilter(958)) - Added filter static_user_filter (class=org.apache.hadoop.http.lib.StaticUserWebFilter$StaticUserFilter) to context static
2019-10-18 07:13:44,745 [main] INFO  http.HttpServer2 (HttpServer2.java:addFilter(958)) - Added filter static_user_filter (class=org.apache.hadoop.http.lib.StaticUserWebFilter$StaticUserFilter) to context logs
2019-10-18 07:13:44,747 [main] INFO  http.HttpServer2 (HttpServer2.java:bindListener(1191)) - Jetty bound to port 38851
2019-10-18 07:13:44,747 [main] INFO  server.Server (Server.java:doStart(351)) - jetty-9.3.25.v20180904, build timestamp: 2018-09-04T21:11:46Z, git hash: 3ce520221d0240229c862b122d2b06c12a625732
2019-10-18 07:13:44,750 [main] INFO  handler.ContextHandler (ContextHandler.java:doStart(781)) - Started o.e.j.s.ServletContextHandler@1e0895f5{/logs,file:///workdir/hadoop-ozone/integration-test/target/log,AVAILABLE}
2019-10-18 07:13:44,751 [main] INFO  handler.ContextHandler (ContextHandler.java:doStart(781)) - Started o.e.j.s.ServletContextHandler@fd9ebde{/static,jar:file:/home/user/.m2/repository/org/apache/hadoop/hadoop-hdds-container-service/0.5.0-SNAPSHOT/hadoop-hdds-container-service-0.5.0-SNAPSHOT.jar!/webapps/static,AVAILABLE}
2019-10-18 07:13:44,803 [main] INFO  handler.ContextHandler (ContextHandler.java:doStart(781)) - Started o.e.j.w.WebAppContext@1deceb67{/,file:///tmp/jetty-0.0.0.0-38851-hddsDatanode-_-any-4520788485987959904.dir/webapp/,AVAILABLE}{/hddsDatanode}
2019-10-18 07:13:44,805 [main] INFO  server.AbstractConnector (AbstractConnector.java:doStart(278)) - Started ServerConnector@582a764a{HTTP/1.1,[http/1.1]}{0.0.0.0:38851}
2019-10-18 07:13:44,806 [main] INFO  server.Server (Server.java:doStart(419)) - Started @6590ms
2019-10-18 07:13:44,806 [main] WARN  impl.MetricsSystemImpl (MetricsSystemImpl.java:register(276)) - Sink prometheus already exists!
2019-10-18 07:13:44,807 [main] INFO  server.BaseHttpServer (BaseHttpServer.java:updateConnectorAddress(215)) - HTTP server of HDDSDATANODE is listening at http://0.0.0.0:38851
2019-10-18 07:13:44,809 [main] INFO  impl.MetricsSystemImpl (MetricsSystemImpl.java:init(158)) - HddsDatanode metrics system started (again)
2019-10-18 07:13:44,813 [main] INFO  ozone.HddsDatanodeService (HddsDatanodeService.java:start(184)) - HddsDatanodeService host:pr-hdds-1868-wx8dl-4219780377 ip:192.168.69.67
2019-10-18 07:13:44,814 [org.apache.hadoop.util.JvmPauseMonitor$Monitor@29fedec4] INFO  util.JvmPauseMonitor (JvmPauseMonitor.java:run(188)) - Starting JVM pause monitor
2019-10-18 07:13:44,825 [main] INFO  volume.HddsVolume (HddsVolume.java:<init>(176)) - Creating Volume: /workdir/hadoop-ozone/integration-test/target/test-dir/MiniOzoneClusterImpl-f68115de-5278-4c94-9b3d-9176cb3c0071/datanode-1/data/containers/hdds of  storage type : DISK and capacity : 1482555576320
2019-10-18 07:13:44,825 [main] INFO  volume.VolumeSet (VolumeSet.java:initializeVolumeSet(170)) - Added Volume : /workdir/hadoop-ozone/integration-test/target/test-dir/MiniOzoneClusterImpl-f68115de-5278-4c94-9b3d-9176cb3c0071/datanode-1/data/containers/hdds to VolumeSet
2019-10-18 07:13:44,826 [main] INFO  volume.ThrottledAsyncChecker (ThrottledAsyncChecker.java:schedule(141)) - Scheduling a check for /workdir/hadoop-ozone/integration-test/target/test-dir/MiniOzoneClusterImpl-f68115de-5278-4c94-9b3d-9176cb3c0071/datanode-1/data/containers/hdds
2019-10-18 07:13:44,827 [main] INFO  volume.HddsVolumeChecker (HddsVolumeChecker.java:checkAllVolumes(204)) - Scheduled health check for volume /workdir/hadoop-ozone/integration-test/target/test-dir/MiniOzoneClusterImpl-f68115de-5278-4c94-9b3d-9176cb3c0071/datanode-1/data/containers/hdds
2019-10-18 07:13:44,847 [main] INFO  impl.RaftServerProxy (ConfUtils.java:logGet(43)) - raft.rpc.type = GRPC (default)
2019-10-18 07:13:44,848 [main] INFO  grpc.GrpcFactory (GrpcFactory.java:checkPooledByteBufAllocatorUseCacheForAllThreads(45)) - PERFORMANCE WARNING: useCacheForAllThreads is true that may cause Netty to create a lot garbage objects and, as a result, trigger GC.
	It is recommended to disable useCacheForAllThreads by setting -Dorg.apache.ratis.thirdparty.io.netty.allocator.useCacheForAllThreads=false in command line.
2019-10-18 07:13:44,848 [main] INFO  grpc.GrpcConfigKeys$Server (ConfUtils.java:logGet(43)) - raft.grpc.server.port = 0 (default)
2019-10-18 07:13:44,849 [main] INFO  server.GrpcService (ConfUtils.java:logGet(43)) - raft.grpc.message.size.max = 33570816 (custom)
2019-10-18 07:13:44,849 [main] INFO  server.RaftServerConfigKeys (ConfUtils.java:logGet(43)) - raft.server.log.appender.buffer.byte-limit = 33554432 (custom)
2019-10-18 07:13:44,849 [main] INFO  server.GrpcService (ConfUtils.java:logGet(43)) - raft.grpc.flow.control.window = 1MB (=1048576) (default)
2019-10-18 07:13:44,850 [main] INFO  server.RaftServerConfigKeys (ConfUtils.java:logGet(43)) - raft.server.rpc.request.timeout = 3000ms (default)
2019-10-18 07:13:44,851 [main] INFO  server.RaftServerConfigKeys (ConfUtils.java:logGet(43)) - raft.server.storage.dir = [/workdir/hadoop-ozone/integration-test/target/test-dir/MiniOzoneClusterImpl-f68115de-5278-4c94-9b3d-9176cb3c0071/datanode-1/data/ratis] (custom)
2019-10-18 07:13:44,853 [main] INFO  hdfs.DFSUtil (DFSUtil.java:httpServerTemplateForNNAndJN(1641)) - Starting Web-server for hddsDatanode at: http://0.0.0.0:0
2019-10-18 07:13:44,855 [main] INFO  server.AuthenticationFilter (AuthenticationFilter.java:constructSecretProvider(240)) - Unable to initialize FileSignerSecretProvider, falling back to use random secrets.
2019-10-18 07:13:44,856 [main] WARN  http.HttpRequestLog (HttpRequestLog.java:getRequestLog(97)) - Jetty request log can only be enabled using Log4j
2019-10-18 07:13:44,858 [main] INFO  http.HttpServer2 (HttpServer2.java:addGlobalFilter(975)) - Added global filter 'safety' (class=org.apache.hadoop.http.HttpServer2$QuotingInputFilter)
2019-10-18 07:13:44,859 [main] INFO  http.HttpServer2 (HttpServer2.java:addFilter(948)) - Added filter static_user_filter (class=org.apache.hadoop.http.lib.StaticUserWebFilter$StaticUserFilter) to context hddsDatanode
2019-10-18 07:13:44,859 [main] INFO  http.HttpServer2 (HttpServer2.java:addFilter(958)) - Added filter static_user_filter (class=org.apache.hadoop.http.lib.StaticUserWebFilter$StaticUserFilter) to context static
2019-10-18 07:13:44,860 [main] INFO  http.HttpServer2 (HttpServer2.java:addFilter(958)) - Added filter static_user_filter (class=org.apache.hadoop.http.lib.StaticUserWebFilter$StaticUserFilter) to context logs
2019-10-18 07:13:44,861 [main] INFO  http.HttpServer2 (HttpServer2.java:bindListener(1191)) - Jetty bound to port 43352
2019-10-18 07:13:44,861 [main] INFO  server.Server (Server.java:doStart(351)) - jetty-9.3.25.v20180904, build timestamp: 2018-09-04T21:11:46Z, git hash: 3ce520221d0240229c862b122d2b06c12a625732
2019-10-18 07:13:44,864 [main] INFO  handler.ContextHandler (ContextHandler.java:doStart(781)) - Started o.e.j.s.ServletContextHandler@5b3a7ef5{/logs,file:///workdir/hadoop-ozone/integration-test/target/log,AVAILABLE}
2019-10-18 07:13:44,865 [main] INFO  handler.ContextHandler (ContextHandler.java:doStart(781)) - Started o.e.j.s.ServletContextHandler@2d9dff65{/static,jar:file:/home/user/.m2/repository/org/apache/hadoop/hadoop-hdds-container-service/0.5.0-SNAPSHOT/hadoop-hdds-container-service-0.5.0-SNAPSHOT.jar!/webapps/static,AVAILABLE}
2019-10-18 07:13:44,907 [Datanode State Machine Thread - 0] INFO  datanode.InitDatanodeState (InitDatanodeState.java:persistContainerDatanodeDetails(140)) - DatanodeDetails is persisted to /workdir/hadoop-ozone/integration-test/target/test-dir/MiniOzoneClusterImpl-f68115de-5278-4c94-9b3d-9176cb3c0071/datanode-0/meta/datanode.id
2019-10-18 07:13:44,908 [main] INFO  handler.ContextHandler (ContextHandler.java:doStart(781)) - Started o.e.j.w.WebAppContext@1b1f5012{/,file:///tmp/jetty-0.0.0.0-43352-hddsDatanode-_-any-6266336134314435850.dir/webapp/,AVAILABLE}{/hddsDatanode}
2019-10-18 07:13:44,908 [main] INFO  server.AbstractConnector (AbstractConnector.java:doStart(278)) - Started ServerConnector@7add323c{HTTP/1.1,[http/1.1]}{0.0.0.0:43352}
2019-10-18 07:13:44,909 [main] INFO  server.Server (Server.java:doStart(419)) - Started @6693ms
2019-10-18 07:13:44,909 [main] WARN  impl.MetricsSystemImpl (MetricsSystemImpl.java:register(276)) - Sink prometheus already exists!
2019-10-18 07:13:44,911 [main] INFO  server.BaseHttpServer (BaseHttpServer.java:updateConnectorAddress(215)) - HTTP server of HDDSDATANODE is listening at http://0.0.0.0:43352
2019-10-18 07:13:44,912 [main] INFO  impl.MetricsSystemImpl (MetricsSystemImpl.java:init(158)) - HddsDatanode metrics system started (again)
2019-10-18 07:13:44,915 [org.apache.hadoop.util.JvmPauseMonitor$Monitor@259d8c82] INFO  util.JvmPauseMonitor (JvmPauseMonitor.java:run(188)) - Starting JVM pause monitor
2019-10-18 07:13:44,915 [main] INFO  ozone.HddsDatanodeService (HddsDatanodeService.java:start(184)) - HddsDatanodeService host:pr-hdds-1868-wx8dl-4219780377 ip:192.168.69.67
2019-10-18 07:13:44,920 [Datanode State Machine Thread - 0] INFO  datanode.InitDatanodeState (InitDatanodeState.java:persistContainerDatanodeDetails(140)) - DatanodeDetails is persisted to /workdir/hadoop-ozone/integration-test/target/test-dir/MiniOzoneClusterImpl-f68115de-5278-4c94-9b3d-9176cb3c0071/datanode-1/meta/datanode.id
2019-10-18 07:13:44,926 [main] INFO  volume.HddsVolume (HddsVolume.java:<init>(176)) - Creating Volume: /workdir/hadoop-ozone/integration-test/target/test-dir/MiniOzoneClusterImpl-f68115de-5278-4c94-9b3d-9176cb3c0071/datanode-2/data/containers/hdds of  storage type : DISK and capacity : 1482555576320
2019-10-18 07:13:44,927 [main] INFO  volume.VolumeSet (VolumeSet.java:initializeVolumeSet(170)) - Added Volume : /workdir/hadoop-ozone/integration-test/target/test-dir/MiniOzoneClusterImpl-f68115de-5278-4c94-9b3d-9176cb3c0071/datanode-2/data/containers/hdds to VolumeSet
2019-10-18 07:13:44,927 [main] INFO  volume.ThrottledAsyncChecker (ThrottledAsyncChecker.java:schedule(141)) - Scheduling a check for /workdir/hadoop-ozone/integration-test/target/test-dir/MiniOzoneClusterImpl-f68115de-5278-4c94-9b3d-9176cb3c0071/datanode-2/data/containers/hdds
2019-10-18 07:13:44,928 [main] INFO  volume.HddsVolumeChecker (HddsVolumeChecker.java:checkAllVolumes(204)) - Scheduled health check for volume /workdir/hadoop-ozone/integration-test/target/test-dir/MiniOzoneClusterImpl-f68115de-5278-4c94-9b3d-9176cb3c0071/datanode-2/data/containers/hdds
2019-10-18 07:13:44,947 [main] INFO  impl.RaftServerProxy (ConfUtils.java:logGet(43)) - raft.rpc.type = GRPC (default)
2019-10-18 07:13:44,947 [main] INFO  grpc.GrpcFactory (GrpcFactory.java:checkPooledByteBufAllocatorUseCacheForAllThreads(45)) - PERFORMANCE WARNING: useCacheForAllThreads is true that may cause Netty to create a lot garbage objects and, as a result, trigger GC.
	It is recommended to disable useCacheForAllThreads by setting -Dorg.apache.ratis.thirdparty.io.netty.allocator.useCacheForAllThreads=false in command line.
2019-10-18 07:13:44,947 [main] INFO  grpc.GrpcConfigKeys$Server (ConfUtils.java:logGet(43)) - raft.grpc.server.port = 0 (default)
2019-10-18 07:13:44,948 [main] INFO  server.GrpcService (ConfUtils.java:logGet(43)) - raft.grpc.message.size.max = 33570816 (custom)
2019-10-18 07:13:44,948 [main] INFO  server.RaftServerConfigKeys (ConfUtils.java:logGet(43)) - raft.server.log.appender.buffer.byte-limit = 33554432 (custom)
2019-10-18 07:13:44,948 [main] INFO  server.GrpcService (ConfUtils.java:logGet(43)) - raft.grpc.flow.control.window = 1MB (=1048576) (default)
2019-10-18 07:13:44,948 [main] INFO  server.RaftServerConfigKeys (ConfUtils.java:logGet(43)) - raft.server.rpc.request.timeout = 3000ms (default)
2019-10-18 07:13:44,949 [main] INFO  server.RaftServerConfigKeys (ConfUtils.java:logGet(43)) - raft.server.storage.dir = [/workdir/hadoop-ozone/integration-test/target/test-dir/MiniOzoneClusterImpl-f68115de-5278-4c94-9b3d-9176cb3c0071/datanode-2/data/ratis] (custom)
2019-10-18 07:13:44,952 [main] INFO  hdfs.DFSUtil (DFSUtil.java:httpServerTemplateForNNAndJN(1641)) - Starting Web-server for hddsDatanode at: http://0.0.0.0:0
2019-10-18 07:13:44,954 [main] INFO  server.AuthenticationFilter (AuthenticationFilter.java:constructSecretProvider(240)) - Unable to initialize FileSignerSecretProvider, falling back to use random secrets.
2019-10-18 07:13:44,954 [main] WARN  http.HttpRequestLog (HttpRequestLog.java:getRequestLog(97)) - Jetty request log can only be enabled using Log4j
2019-10-18 07:13:44,957 [main] INFO  http.HttpServer2 (HttpServer2.java:addGlobalFilter(975)) - Added global filter 'safety' (class=org.apache.hadoop.http.HttpServer2$QuotingInputFilter)
2019-10-18 07:13:44,958 [main] INFO  http.HttpServer2 (HttpServer2.java:addFilter(948)) - Added filter static_user_filter (class=org.apache.hadoop.http.lib.StaticUserWebFilter$StaticUserFilter) to context hddsDatanode
2019-10-18 07:13:44,958 [main] INFO  http.HttpServer2 (HttpServer2.java:addFilter(958)) - Added filter static_user_filter (class=org.apache.hadoop.http.lib.StaticUserWebFilter$StaticUserFilter) to context static
2019-10-18 07:13:44,958 [main] INFO  http.HttpServer2 (HttpServer2.java:addFilter(958)) - Added filter static_user_filter (class=org.apache.hadoop.http.lib.StaticUserWebFilter$StaticUserFilter) to context logs
2019-10-18 07:13:44,959 [main] INFO  http.HttpServer2 (HttpServer2.java:bindListener(1191)) - Jetty bound to port 39564
2019-10-18 07:13:44,959 [main] INFO  server.Server (Server.java:doStart(351)) - jetty-9.3.25.v20180904, build timestamp: 2018-09-04T21:11:46Z, git hash: 3ce520221d0240229c862b122d2b06c12a625732
2019-10-18 07:13:44,962 [main] INFO  handler.ContextHandler (ContextHandler.java:doStart(781)) - Started o.e.j.s.ServletContextHandler@558756be{/logs,file:///workdir/hadoop-ozone/integration-test/target/log,AVAILABLE}
2019-10-18 07:13:44,962 [main] INFO  handler.ContextHandler (ContextHandler.java:doStart(781)) - Started o.e.j.s.ServletContextHandler@6d1dcdff{/static,jar:file:/home/user/.m2/repository/org/apache/hadoop/hadoop-hdds-container-service/0.5.0-SNAPSHOT/hadoop-hdds-container-service-0.5.0-SNAPSHOT.jar!/webapps/static,AVAILABLE}
2019-10-18 07:13:45,003 [main] INFO  handler.ContextHandler (ContextHandler.java:doStart(781)) - Started o.e.j.w.WebAppContext@3c5dbdf8{/,file:///tmp/jetty-0.0.0.0-39564-hddsDatanode-_-any-1253182650745406386.dir/webapp/,AVAILABLE}{/hddsDatanode}
2019-10-18 07:13:45,004 [main] INFO  server.AbstractConnector (AbstractConnector.java:doStart(278)) - Started ServerConnector@352c44a8{HTTP/1.1,[http/1.1]}{0.0.0.0:39564}
2019-10-18 07:13:45,004 [main] INFO  server.Server (Server.java:doStart(419)) - Started @6788ms
2019-10-18 07:13:45,005 [main] WARN  impl.MetricsSystemImpl (MetricsSystemImpl.java:register(276)) - Sink prometheus already exists!
2019-10-18 07:13:45,006 [main] INFO  server.BaseHttpServer (BaseHttpServer.java:updateConnectorAddress(215)) - HTTP server of HDDSDATANODE is listening at http://0.0.0.0:39564
2019-10-18 07:13:45,007 [main] INFO  impl.MetricsSystemImpl (MetricsSystemImpl.java:init(158)) - HddsDatanode metrics system started (again)
2019-10-18 07:13:45,009 [main] INFO  ozone.HddsDatanodeService (HddsDatanodeService.java:start(184)) - HddsDatanodeService host:pr-hdds-1868-wx8dl-4219780377 ip:192.168.69.67
2019-10-18 07:13:45,010 [org.apache.hadoop.util.JvmPauseMonitor$Monitor@44d246f] INFO  util.JvmPauseMonitor (JvmPauseMonitor.java:run(188)) - Starting JVM pause monitor
2019-10-18 07:13:45,012 [Datanode State Machine Thread - 0] INFO  datanode.InitDatanodeState (InitDatanodeState.java:persistContainerDatanodeDetails(140)) - DatanodeDetails is persisted to /workdir/hadoop-ozone/integration-test/target/test-dir/MiniOzoneClusterImpl-f68115de-5278-4c94-9b3d-9176cb3c0071/datanode-2/meta/datanode.id
2019-10-18 07:13:45,018 [main] INFO  volume.HddsVolume (HddsVolume.java:<init>(176)) - Creating Volume: /workdir/hadoop-ozone/integration-test/target/test-dir/MiniOzoneClusterImpl-f68115de-5278-4c94-9b3d-9176cb3c0071/datanode-3/data/containers/hdds of  storage type : DISK and capacity : 1482555576320
2019-10-18 07:13:45,018 [main] INFO  volume.VolumeSet (VolumeSet.java:initializeVolumeSet(170)) - Added Volume : /workdir/hadoop-ozone/integration-test/target/test-dir/MiniOzoneClusterImpl-f68115de-5278-4c94-9b3d-9176cb3c0071/datanode-3/data/containers/hdds to VolumeSet
2019-10-18 07:13:45,018 [main] INFO  volume.ThrottledAsyncChecker (ThrottledAsyncChecker.java:schedule(141)) - Scheduling a check for /workdir/hadoop-ozone/integration-test/target/test-dir/MiniOzoneClusterImpl-f68115de-5278-4c94-9b3d-9176cb3c0071/datanode-3/data/containers/hdds
2019-10-18 07:13:45,019 [main] INFO  volume.HddsVolumeChecker (HddsVolumeChecker.java:checkAllVolumes(204)) - Scheduled health check for volume /workdir/hadoop-ozone/integration-test/target/test-dir/MiniOzoneClusterImpl-f68115de-5278-4c94-9b3d-9176cb3c0071/datanode-3/data/containers/hdds
2019-10-18 07:13:45,033 [main] INFO  impl.RaftServerProxy (ConfUtils.java:logGet(43)) - raft.rpc.type = GRPC (default)
2019-10-18 07:13:45,033 [main] INFO  grpc.GrpcFactory (GrpcFactory.java:checkPooledByteBufAllocatorUseCacheForAllThreads(45)) - PERFORMANCE WARNING: useCacheForAllThreads is true that may cause Netty to create a lot garbage objects and, as a result, trigger GC.
	It is recommended to disable useCacheForAllThreads by setting -Dorg.apache.ratis.thirdparty.io.netty.allocator.useCacheForAllThreads=false in command line.
2019-10-18 07:13:45,033 [main] INFO  grpc.GrpcConfigKeys$Server (ConfUtils.java:logGet(43)) - raft.grpc.server.port = 0 (default)
2019-10-18 07:13:45,033 [main] INFO  server.GrpcService (ConfUtils.java:logGet(43)) - raft.grpc.message.size.max = 33570816 (custom)
2019-10-18 07:13:45,034 [main] INFO  server.RaftServerConfigKeys (ConfUtils.java:logGet(43)) - raft.server.log.appender.buffer.byte-limit = 33554432 (custom)
2019-10-18 07:13:45,034 [main] INFO  server.GrpcService (ConfUtils.java:logGet(43)) - raft.grpc.flow.control.window = 1MB (=1048576) (default)
2019-10-18 07:13:45,034 [main] INFO  server.RaftServerConfigKeys (ConfUtils.java:logGet(43)) - raft.server.rpc.request.timeout = 3000ms (default)
2019-10-18 07:13:45,035 [main] INFO  server.RaftServerConfigKeys (ConfUtils.java:logGet(43)) - raft.server.storage.dir = [/workdir/hadoop-ozone/integration-test/target/test-dir/MiniOzoneClusterImpl-f68115de-5278-4c94-9b3d-9176cb3c0071/datanode-3/data/ratis] (custom)
2019-10-18 07:13:45,036 [main] INFO  hdfs.DFSUtil (DFSUtil.java:httpServerTemplateForNNAndJN(1641)) - Starting Web-server for hddsDatanode at: http://0.0.0.0:0
2019-10-18 07:13:45,038 [main] INFO  server.AuthenticationFilter (AuthenticationFilter.java:constructSecretProvider(240)) - Unable to initialize FileSignerSecretProvider, falling back to use random secrets.
2019-10-18 07:13:45,038 [main] WARN  http.HttpRequestLog (HttpRequestLog.java:getRequestLog(97)) - Jetty request log can only be enabled using Log4j
2019-10-18 07:13:45,039 [main] INFO  http.HttpServer2 (HttpServer2.java:addGlobalFilter(975)) - Added global filter 'safety' (class=org.apache.hadoop.http.HttpServer2$QuotingInputFilter)
2019-10-18 07:13:45,040 [main] INFO  http.HttpServer2 (HttpServer2.java:addFilter(948)) - Added filter static_user_filter (class=org.apache.hadoop.http.lib.StaticUserWebFilter$StaticUserFilter) to context hddsDatanode
2019-10-18 07:13:45,040 [main] INFO  http.HttpServer2 (HttpServer2.java:addFilter(958)) - Added filter static_user_filter (class=org.apache.hadoop.http.lib.StaticUserWebFilter$StaticUserFilter) to context logs
2019-10-18 07:13:45,040 [main] INFO  http.HttpServer2 (HttpServer2.java:addFilter(958)) - Added filter static_user_filter (class=org.apache.hadoop.http.lib.StaticUserWebFilter$StaticUserFilter) to context static
2019-10-18 07:13:45,041 [main] INFO  http.HttpServer2 (HttpServer2.java:bindListener(1191)) - Jetty bound to port 37318
2019-10-18 07:13:45,041 [main] INFO  server.Server (Server.java:doStart(351)) - jetty-9.3.25.v20180904, build timestamp: 2018-09-04T21:11:46Z, git hash: 3ce520221d0240229c862b122d2b06c12a625732
2019-10-18 07:13:45,045 [main] INFO  handler.ContextHandler (ContextHandler.java:doStart(781)) - Started o.e.j.s.ServletContextHandler@561b61ed{/logs,file:///workdir/hadoop-ozone/integration-test/target/log,AVAILABLE}
2019-10-18 07:13:45,045 [main] INFO  handler.ContextHandler (ContextHandler.java:doStart(781)) - Started o.e.j.s.ServletContextHandler@26cb5207{/static,jar:file:/home/user/.m2/repository/org/apache/hadoop/hadoop-hdds-container-service/0.5.0-SNAPSHOT/hadoop-hdds-container-service-0.5.0-SNAPSHOT.jar!/webapps/static,AVAILABLE}
2019-10-18 07:13:45,073 [main] INFO  handler.ContextHandler (ContextHandler.java:doStart(781)) - Started o.e.j.w.WebAppContext@7fdab70c{/,file:///tmp/jetty-0.0.0.0-37318-hddsDatanode-_-any-8525978624092914700.dir/webapp/,AVAILABLE}{/hddsDatanode}
2019-10-18 07:13:45,073 [main] INFO  server.AbstractConnector (AbstractConnector.java:doStart(278)) - Started ServerConnector@25ad4f71{HTTP/1.1,[http/1.1]}{0.0.0.0:37318}
2019-10-18 07:13:45,074 [main] INFO  server.Server (Server.java:doStart(419)) - Started @6858ms
2019-10-18 07:13:45,074 [main] WARN  impl.MetricsSystemImpl (MetricsSystemImpl.java:register(276)) - Sink prometheus already exists!
2019-10-18 07:13:45,075 [main] INFO  server.BaseHttpServer (BaseHttpServer.java:updateConnectorAddress(215)) - HTTP server of HDDSDATANODE is listening at http://0.0.0.0:37318
2019-10-18 07:13:45,075 [main] INFO  impl.MetricsSystemImpl (MetricsSystemImpl.java:init(158)) - HddsDatanode metrics system started (again)
2019-10-18 07:13:45,078 [main] INFO  ozone.HddsDatanodeService (HddsDatanodeService.java:start(184)) - HddsDatanodeService host:pr-hdds-1868-wx8dl-4219780377 ip:192.168.69.67
2019-10-18 07:13:45,078 [org.apache.hadoop.util.JvmPauseMonitor$Monitor@1ee7f250] INFO  util.JvmPauseMonitor (JvmPauseMonitor.java:run(188)) - Starting JVM pause monitor
2019-10-18 07:13:45,080 [Datanode State Machine Thread - 0] INFO  datanode.InitDatanodeState (InitDatanodeState.java:persistContainerDatanodeDetails(140)) - DatanodeDetails is persisted to /workdir/hadoop-ozone/integration-test/target/test-dir/MiniOzoneClusterImpl-f68115de-5278-4c94-9b3d-9176cb3c0071/datanode-3/meta/datanode.id
2019-10-18 07:13:45,086 [main] INFO  volume.HddsVolume (HddsVolume.java:<init>(176)) - Creating Volume: /workdir/hadoop-ozone/integration-test/target/test-dir/MiniOzoneClusterImpl-f68115de-5278-4c94-9b3d-9176cb3c0071/datanode-4/data/containers/hdds of  storage type : DISK and capacity : 1482555576320
2019-10-18 07:13:45,086 [main] INFO  volume.VolumeSet (VolumeSet.java:initializeVolumeSet(170)) - Added Volume : /workdir/hadoop-ozone/integration-test/target/test-dir/MiniOzoneClusterImpl-f68115de-5278-4c94-9b3d-9176cb3c0071/datanode-4/data/containers/hdds to VolumeSet
2019-10-18 07:13:45,086 [main] INFO  volume.ThrottledAsyncChecker (ThrottledAsyncChecker.java:schedule(141)) - Scheduling a check for /workdir/hadoop-ozone/integration-test/target/test-dir/MiniOzoneClusterImpl-f68115de-5278-4c94-9b3d-9176cb3c0071/datanode-4/data/containers/hdds
2019-10-18 07:13:45,087 [main] INFO  volume.HddsVolumeChecker (HddsVolumeChecker.java:checkAllVolumes(204)) - Scheduled health check for volume /workdir/hadoop-ozone/integration-test/target/test-dir/MiniOzoneClusterImpl-f68115de-5278-4c94-9b3d-9176cb3c0071/datanode-4/data/containers/hdds
2019-10-18 07:13:45,098 [main] INFO  impl.RaftServerProxy (ConfUtils.java:logGet(43)) - raft.rpc.type = GRPC (default)
2019-10-18 07:13:45,099 [main] INFO  grpc.GrpcFactory (GrpcFactory.java:checkPooledByteBufAllocatorUseCacheForAllThreads(45)) - PERFORMANCE WARNING: useCacheForAllThreads is true that may cause Netty to create a lot garbage objects and, as a result, trigger GC.
	It is recommended to disable useCacheForAllThreads by setting -Dorg.apache.ratis.thirdparty.io.netty.allocator.useCacheForAllThreads=false in command line.
2019-10-18 07:13:45,099 [main] INFO  grpc.GrpcConfigKeys$Server (ConfUtils.java:logGet(43)) - raft.grpc.server.port = 0 (default)
2019-10-18 07:13:45,099 [main] INFO  server.GrpcService (ConfUtils.java:logGet(43)) - raft.grpc.message.size.max = 33570816 (custom)
2019-10-18 07:13:45,099 [main] INFO  server.RaftServerConfigKeys (ConfUtils.java:logGet(43)) - raft.server.log.appender.buffer.byte-limit = 33554432 (custom)
2019-10-18 07:13:45,099 [main] INFO  server.GrpcService (ConfUtils.java:logGet(43)) - raft.grpc.flow.control.window = 1MB (=1048576) (default)
2019-10-18 07:13:45,100 [main] INFO  server.RaftServerConfigKeys (ConfUtils.java:logGet(43)) - raft.server.rpc.request.timeout = 3000ms (default)
2019-10-18 07:13:45,100 [main] INFO  server.RaftServerConfigKeys (ConfUtils.java:logGet(43)) - raft.server.storage.dir = [/workdir/hadoop-ozone/integration-test/target/test-dir/MiniOzoneClusterImpl-f68115de-5278-4c94-9b3d-9176cb3c0071/datanode-4/data/ratis] (custom)
2019-10-18 07:13:45,102 [main] INFO  hdfs.DFSUtil (DFSUtil.java:httpServerTemplateForNNAndJN(1641)) - Starting Web-server for hddsDatanode at: http://0.0.0.0:0
2019-10-18 07:13:45,103 [main] INFO  server.AuthenticationFilter (AuthenticationFilter.java:constructSecretProvider(240)) - Unable to initialize FileSignerSecretProvider, falling back to use random secrets.
2019-10-18 07:13:45,104 [main] WARN  http.HttpRequestLog (HttpRequestLog.java:getRequestLog(97)) - Jetty request log can only be enabled using Log4j
2019-10-18 07:13:45,105 [main] INFO  http.HttpServer2 (HttpServer2.java:addGlobalFilter(975)) - Added global filter 'safety' (class=org.apache.hadoop.http.HttpServer2$QuotingInputFilter)
2019-10-18 07:13:45,105 [main] INFO  http.HttpServer2 (HttpServer2.java:addFilter(948)) - Added filter static_user_filter (class=org.apache.hadoop.http.lib.StaticUserWebFilter$StaticUserFilter) to context hddsDatanode
2019-10-18 07:13:45,105 [main] INFO  http.HttpServer2 (HttpServer2.java:addFilter(958)) - Added filter static_user_filter (class=org.apache.hadoop.http.lib.StaticUserWebFilter$StaticUserFilter) to context static
2019-10-18 07:13:45,106 [main] INFO  http.HttpServer2 (HttpServer2.java:addFilter(958)) - Added filter static_user_filter (class=org.apache.hadoop.http.lib.StaticUserWebFilter$StaticUserFilter) to context logs
2019-10-18 07:13:45,106 [main] INFO  http.HttpServer2 (HttpServer2.java:bindListener(1191)) - Jetty bound to port 45899
2019-10-18 07:13:45,106 [main] INFO  server.Server (Server.java:doStart(351)) - jetty-9.3.25.v20180904, build timestamp: 2018-09-04T21:11:46Z, git hash: 3ce520221d0240229c862b122d2b06c12a625732
2019-10-18 07:13:45,108 [main] INFO  handler.ContextHandler (ContextHandler.java:doStart(781)) - Started o.e.j.s.ServletContextHandler@799ed4e8{/logs,file:///workdir/hadoop-ozone/integration-test/target/log,AVAILABLE}
2019-10-18 07:13:45,108 [main] INFO  handler.ContextHandler (ContextHandler.java:doStart(781)) - Started o.e.j.s.ServletContextHandler@54d8c20d{/static,jar:file:/home/user/.m2/repository/org/apache/hadoop/hadoop-hdds-container-service/0.5.0-SNAPSHOT/hadoop-hdds-container-service-0.5.0-SNAPSHOT.jar!/webapps/static,AVAILABLE}
2019-10-18 07:13:45,136 [main] INFO  handler.ContextHandler (ContextHandler.java:doStart(781)) - Started o.e.j.w.WebAppContext@10f7c76{/,file:///tmp/jetty-0.0.0.0-45899-hddsDatanode-_-any-328460884437233310.dir/webapp/,AVAILABLE}{/hddsDatanode}
2019-10-18 07:13:45,137 [main] INFO  server.AbstractConnector (AbstractConnector.java:doStart(278)) - Started ServerConnector@4745e9c{HTTP/1.1,[http/1.1]}{0.0.0.0:45899}
2019-10-18 07:13:45,137 [main] INFO  server.Server (Server.java:doStart(419)) - Started @6921ms
2019-10-18 07:13:45,137 [main] WARN  impl.MetricsSystemImpl (MetricsSystemImpl.java:register(276)) - Sink prometheus already exists!
2019-10-18 07:13:45,138 [main] INFO  server.BaseHttpServer (BaseHttpServer.java:updateConnectorAddress(215)) - HTTP server of HDDSDATANODE is listening at http://0.0.0.0:45899
2019-10-18 07:13:45,139 [main] INFO  impl.MetricsSystemImpl (MetricsSystemImpl.java:init(158)) - HddsDatanode metrics system started (again)
2019-10-18 07:13:45,141 [main] INFO  ozone.HddsDatanodeService (HddsDatanodeService.java:start(184)) - HddsDatanodeService host:pr-hdds-1868-wx8dl-4219780377 ip:192.168.69.67
2019-10-18 07:13:45,142 [org.apache.hadoop.util.JvmPauseMonitor$Monitor@7ffe5ffb] INFO  util.JvmPauseMonitor (JvmPauseMonitor.java:run(188)) - Starting JVM pause monitor
2019-10-18 07:13:45,146 [Datanode State Machine Thread - 0] INFO  datanode.InitDatanodeState (InitDatanodeState.java:persistContainerDatanodeDetails(140)) - DatanodeDetails is persisted to /workdir/hadoop-ozone/integration-test/target/test-dir/MiniOzoneClusterImpl-f68115de-5278-4c94-9b3d-9176cb3c0071/datanode-4/meta/datanode.id
2019-10-18 07:13:45,149 [main] INFO  volume.HddsVolume (HddsVolume.java:<init>(176)) - Creating Volume: /workdir/hadoop-ozone/integration-test/target/test-dir/MiniOzoneClusterImpl-f68115de-5278-4c94-9b3d-9176cb3c0071/datanode-5/data/containers/hdds of  storage type : DISK and capacity : 1482555576320
2019-10-18 07:13:45,149 [main] INFO  volume.VolumeSet (VolumeSet.java:initializeVolumeSet(170)) - Added Volume : /workdir/hadoop-ozone/integration-test/target/test-dir/MiniOzoneClusterImpl-f68115de-5278-4c94-9b3d-9176cb3c0071/datanode-5/data/containers/hdds to VolumeSet
2019-10-18 07:13:45,150 [main] INFO  volume.ThrottledAsyncChecker (ThrottledAsyncChecker.java:schedule(141)) - Scheduling a check for /workdir/hadoop-ozone/integration-test/target/test-dir/MiniOzoneClusterImpl-f68115de-5278-4c94-9b3d-9176cb3c0071/datanode-5/data/containers/hdds
2019-10-18 07:13:45,150 [main] INFO  volume.HddsVolumeChecker (HddsVolumeChecker.java:checkAllVolumes(204)) - Scheduled health check for volume /workdir/hadoop-ozone/integration-test/target/test-dir/MiniOzoneClusterImpl-f68115de-5278-4c94-9b3d-9176cb3c0071/datanode-5/data/containers/hdds
2019-10-18 07:13:45,173 [main] INFO  impl.RaftServerProxy (ConfUtils.java:logGet(43)) - raft.rpc.type = GRPC (default)
2019-10-18 07:13:45,174 [main] INFO  grpc.GrpcFactory (GrpcFactory.java:checkPooledByteBufAllocatorUseCacheForAllThreads(45)) - PERFORMANCE WARNING: useCacheForAllThreads is true that may cause Netty to create a lot garbage objects and, as a result, trigger GC.
	It is recommended to disable useCacheForAllThreads by setting -Dorg.apache.ratis.thirdparty.io.netty.allocator.useCacheForAllThreads=false in command line.
2019-10-18 07:13:45,174 [main] INFO  grpc.GrpcConfigKeys$Server (ConfUtils.java:logGet(43)) - raft.grpc.server.port = 0 (default)
2019-10-18 07:13:45,174 [main] INFO  server.GrpcService (ConfUtils.java:logGet(43)) - raft.grpc.message.size.max = 33570816 (custom)
2019-10-18 07:13:45,175 [main] INFO  server.RaftServerConfigKeys (ConfUtils.java:logGet(43)) - raft.server.log.appender.buffer.byte-limit = 33554432 (custom)
2019-10-18 07:13:45,175 [main] INFO  server.GrpcService (ConfUtils.java:logGet(43)) - raft.grpc.flow.control.window = 1MB (=1048576) (default)
2019-10-18 07:13:45,175 [main] INFO  server.RaftServerConfigKeys (ConfUtils.java:logGet(43)) - raft.server.rpc.request.timeout = 3000ms (default)
2019-10-18 07:13:45,176 [main] INFO  server.RaftServerConfigKeys (ConfUtils.java:logGet(43)) - raft.server.storage.dir = [/workdir/hadoop-ozone/integration-test/target/test-dir/MiniOzoneClusterImpl-f68115de-5278-4c94-9b3d-9176cb3c0071/datanode-5/data/ratis] (custom)
2019-10-18 07:13:45,178 [main] INFO  hdfs.DFSUtil (DFSUtil.java:httpServerTemplateForNNAndJN(1641)) - Starting Web-server for hddsDatanode at: http://0.0.0.0:0
2019-10-18 07:13:45,179 [main] INFO  server.AuthenticationFilter (AuthenticationFilter.java:constructSecretProvider(240)) - Unable to initialize FileSignerSecretProvider, falling back to use random secrets.
2019-10-18 07:13:45,180 [main] WARN  http.HttpRequestLog (HttpRequestLog.java:getRequestLog(97)) - Jetty request log can only be enabled using Log4j
2019-10-18 07:13:45,181 [main] INFO  http.HttpServer2 (HttpServer2.java:addGlobalFilter(975)) - Added global filter 'safety' (class=org.apache.hadoop.http.HttpServer2$QuotingInputFilter)
2019-10-18 07:13:45,182 [main] INFO  http.HttpServer2 (HttpServer2.java:addFilter(948)) - Added filter static_user_filter (class=org.apache.hadoop.http.lib.StaticUserWebFilter$StaticUserFilter) to context hddsDatanode
2019-10-18 07:13:45,182 [main] INFO  http.HttpServer2 (HttpServer2.java:addFilter(958)) - Added filter static_user_filter (class=org.apache.hadoop.http.lib.StaticUserWebFilter$StaticUserFilter) to context logs
2019-10-18 07:13:45,182 [main] INFO  http.HttpServer2 (HttpServer2.java:addFilter(958)) - Added filter static_user_filter (class=org.apache.hadoop.http.lib.StaticUserWebFilter$StaticUserFilter) to context static
2019-10-18 07:13:45,183 [main] INFO  http.HttpServer2 (HttpServer2.java:bindListener(1191)) - Jetty bound to port 35458
2019-10-18 07:13:45,183 [main] INFO  server.Server (Server.java:doStart(351)) - jetty-9.3.25.v20180904, build timestamp: 2018-09-04T21:11:46Z, git hash: 3ce520221d0240229c862b122d2b06c12a625732
2019-10-18 07:13:45,185 [main] INFO  handler.ContextHandler (ContextHandler.java:doStart(781)) - Started o.e.j.s.ServletContextHandler@42b84286{/logs,file:///workdir/hadoop-ozone/integration-test/target/log,AVAILABLE}
2019-10-18 07:13:45,185 [main] INFO  handler.ContextHandler (ContextHandler.java:doStart(781)) - Started o.e.j.s.ServletContextHandler@74ecacc3{/static,jar:file:/home/user/.m2/repository/org/apache/hadoop/hadoop-hdds-container-service/0.5.0-SNAPSHOT/hadoop-hdds-container-service-0.5.0-SNAPSHOT.jar!/webapps/static,AVAILABLE}
2019-10-18 07:13:45,213 [main] INFO  handler.ContextHandler (ContextHandler.java:doStart(781)) - Started o.e.j.w.WebAppContext@102c577f{/,file:///tmp/jetty-0.0.0.0-35458-hddsDatanode-_-any-3410558756026911228.dir/webapp/,AVAILABLE}{/hddsDatanode}
2019-10-18 07:13:45,213 [main] INFO  server.AbstractConnector (AbstractConnector.java:doStart(278)) - Started ServerConnector@7d44a19{HTTP/1.1,[http/1.1]}{0.0.0.0:35458}
2019-10-18 07:13:45,214 [main] INFO  server.Server (Server.java:doStart(419)) - Started @6998ms
2019-10-18 07:13:45,214 [main] WARN  impl.MetricsSystemImpl (MetricsSystemImpl.java:register(276)) - Sink prometheus already exists!
2019-10-18 07:13:45,215 [main] INFO  server.BaseHttpServer (BaseHttpServer.java:updateConnectorAddress(215)) - HTTP server of HDDSDATANODE is listening at http://0.0.0.0:35458
2019-10-18 07:13:45,216 [main] INFO  impl.MetricsSystemImpl (MetricsSystemImpl.java:init(158)) - HddsDatanode metrics system started (again)
2019-10-18 07:13:45,219 [main] INFO  ozone.HddsDatanodeService (HddsDatanodeService.java:start(184)) - HddsDatanodeService host:pr-hdds-1868-wx8dl-4219780377 ip:192.168.69.67
2019-10-18 07:13:45,219 [org.apache.hadoop.util.JvmPauseMonitor$Monitor@42d675] INFO  util.JvmPauseMonitor (JvmPauseMonitor.java:run(188)) - Starting JVM pause monitor
2019-10-18 07:13:45,222 [Datanode State Machine Thread - 0] INFO  datanode.InitDatanodeState (InitDatanodeState.java:persistContainerDatanodeDetails(140)) - DatanodeDetails is persisted to /workdir/hadoop-ozone/integration-test/target/test-dir/MiniOzoneClusterImpl-f68115de-5278-4c94-9b3d-9176cb3c0071/datanode-5/meta/datanode.id
2019-10-18 07:13:45,227 [main] INFO  volume.HddsVolume (HddsVolume.java:<init>(176)) - Creating Volume: /workdir/hadoop-ozone/integration-test/target/test-dir/MiniOzoneClusterImpl-f68115de-5278-4c94-9b3d-9176cb3c0071/datanode-6/data/containers/hdds of  storage type : DISK and capacity : 1482555576320
2019-10-18 07:13:45,227 [main] INFO  volume.VolumeSet (VolumeSet.java:initializeVolumeSet(170)) - Added Volume : /workdir/hadoop-ozone/integration-test/target/test-dir/MiniOzoneClusterImpl-f68115de-5278-4c94-9b3d-9176cb3c0071/datanode-6/data/containers/hdds to VolumeSet
2019-10-18 07:13:45,227 [main] INFO  volume.ThrottledAsyncChecker (ThrottledAsyncChecker.java:schedule(141)) - Scheduling a check for /workdir/hadoop-ozone/integration-test/target/test-dir/MiniOzoneClusterImpl-f68115de-5278-4c94-9b3d-9176cb3c0071/datanode-6/data/containers/hdds
2019-10-18 07:13:45,228 [main] INFO  volume.HddsVolumeChecker (HddsVolumeChecker.java:checkAllVolumes(204)) - Scheduled health check for volume /workdir/hadoop-ozone/integration-test/target/test-dir/MiniOzoneClusterImpl-f68115de-5278-4c94-9b3d-9176cb3c0071/datanode-6/data/containers/hdds
2019-10-18 07:13:45,241 [main] INFO  impl.RaftServerProxy (ConfUtils.java:logGet(43)) - raft.rpc.type = GRPC (default)
2019-10-18 07:13:45,242 [main] INFO  grpc.GrpcFactory (GrpcFactory.java:checkPooledByteBufAllocatorUseCacheForAllThreads(45)) - PERFORMANCE WARNING: useCacheForAllThreads is true that may cause Netty to create a lot garbage objects and, as a result, trigger GC.
	It is recommended to disable useCacheForAllThreads by setting -Dorg.apache.ratis.thirdparty.io.netty.allocator.useCacheForAllThreads=false in command line.
2019-10-18 07:13:45,242 [main] INFO  grpc.GrpcConfigKeys$Server (ConfUtils.java:logGet(43)) - raft.grpc.server.port = 0 (default)
2019-10-18 07:13:45,242 [main] INFO  server.GrpcService (ConfUtils.java:logGet(43)) - raft.grpc.message.size.max = 33570816 (custom)
2019-10-18 07:13:45,242 [main] INFO  server.RaftServerConfigKeys (ConfUtils.java:logGet(43)) - raft.server.log.appender.buffer.byte-limit = 33554432 (custom)
2019-10-18 07:13:45,242 [main] INFO  server.GrpcService (ConfUtils.java:logGet(43)) - raft.grpc.flow.control.window = 1MB (=1048576) (default)
2019-10-18 07:13:45,243 [main] INFO  server.RaftServerConfigKeys (ConfUtils.java:logGet(43)) - raft.server.rpc.request.timeout = 3000ms (default)
2019-10-18 07:13:45,243 [main] INFO  server.RaftServerConfigKeys (ConfUtils.java:logGet(43)) - raft.server.storage.dir = [/workdir/hadoop-ozone/integration-test/target/test-dir/MiniOzoneClusterImpl-f68115de-5278-4c94-9b3d-9176cb3c0071/datanode-6/data/ratis] (custom)
2019-10-18 07:13:45,245 [main] INFO  hdfs.DFSUtil (DFSUtil.java:httpServerTemplateForNNAndJN(1641)) - Starting Web-server for hddsDatanode at: http://0.0.0.0:0
2019-10-18 07:13:45,246 [main] INFO  server.AuthenticationFilter (AuthenticationFilter.java:constructSecretProvider(240)) - Unable to initialize FileSignerSecretProvider, falling back to use random secrets.
2019-10-18 07:13:45,246 [main] WARN  http.HttpRequestLog (HttpRequestLog.java:getRequestLog(97)) - Jetty request log can only be enabled using Log4j
2019-10-18 07:13:45,248 [main] INFO  http.HttpServer2 (HttpServer2.java:addGlobalFilter(975)) - Added global filter 'safety' (class=org.apache.hadoop.http.HttpServer2$QuotingInputFilter)
2019-10-18 07:13:45,248 [main] INFO  http.HttpServer2 (HttpServer2.java:addFilter(948)) - Added filter static_user_filter (class=org.apache.hadoop.http.lib.StaticUserWebFilter$StaticUserFilter) to context hddsDatanode
2019-10-18 07:13:45,248 [main] INFO  http.HttpServer2 (HttpServer2.java:addFilter(958)) - Added filter static_user_filter (class=org.apache.hadoop.http.lib.StaticUserWebFilter$StaticUserFilter) to context static
2019-10-18 07:13:45,249 [main] INFO  http.HttpServer2 (HttpServer2.java:addFilter(958)) - Added filter static_user_filter (class=org.apache.hadoop.http.lib.StaticUserWebFilter$StaticUserFilter) to context logs
2019-10-18 07:13:45,249 [main] INFO  http.HttpServer2 (HttpServer2.java:bindListener(1191)) - Jetty bound to port 44495
2019-10-18 07:13:45,250 [main] INFO  server.Server (Server.java:doStart(351)) - jetty-9.3.25.v20180904, build timestamp: 2018-09-04T21:11:46Z, git hash: 3ce520221d0240229c862b122d2b06c12a625732
2019-10-18 07:13:45,251 [main] INFO  handler.ContextHandler (ContextHandler.java:doStart(781)) - Started o.e.j.s.ServletContextHandler@7b948f3e{/logs,file:///workdir/hadoop-ozone/integration-test/target/log,AVAILABLE}
2019-10-18 07:13:45,252 [main] INFO  handler.ContextHandler (ContextHandler.java:doStart(781)) - Started o.e.j.s.ServletContextHandler@77a074b4{/static,jar:file:/home/user/.m2/repository/org/apache/hadoop/hadoop-hdds-container-service/0.5.0-SNAPSHOT/hadoop-hdds-container-service-0.5.0-SNAPSHOT.jar!/webapps/static,AVAILABLE}
2019-10-18 07:13:45,280 [main] INFO  handler.ContextHandler (ContextHandler.java:doStart(781)) - Started o.e.j.w.WebAppContext@291373d3{/,file:///tmp/jetty-0.0.0.0-44495-hddsDatanode-_-any-6279146003574354043.dir/webapp/,AVAILABLE}{/hddsDatanode}
2019-10-18 07:13:45,280 [main] INFO  server.AbstractConnector (AbstractConnector.java:doStart(278)) - Started ServerConnector@372ca2d6{HTTP/1.1,[http/1.1]}{0.0.0.0:44495}
2019-10-18 07:13:45,281 [main] INFO  server.Server (Server.java:doStart(419)) - Started @7065ms
2019-10-18 07:13:45,281 [main] WARN  impl.MetricsSystemImpl (MetricsSystemImpl.java:register(276)) - Sink prometheus already exists!
2019-10-18 07:13:45,282 [main] INFO  server.BaseHttpServer (BaseHttpServer.java:updateConnectorAddress(215)) - HTTP server of HDDSDATANODE is listening at http://0.0.0.0:44495
2019-10-18 07:13:45,284 [main] INFO  ozone.MiniOzoneClusterImpl (MiniOzoneClusterImpl.java:lambda$waitForClusterToBeReady$2(172)) - Waiting for cluster to be ready. Got 0 of 7 DN Heartbeats.
2019-10-18 07:13:45,285 [org.apache.hadoop.util.JvmPauseMonitor$Monitor@a2ccbe1] INFO  util.JvmPauseMonitor (JvmPauseMonitor.java:run(188)) - Starting JVM pause monitor
2019-10-18 07:13:45,287 [Datanode State Machine Thread - 0] INFO  datanode.InitDatanodeState (InitDatanodeState.java:persistContainerDatanodeDetails(140)) - DatanodeDetails is persisted to /workdir/hadoop-ozone/integration-test/target/test-dir/MiniOzoneClusterImpl-f68115de-5278-4c94-9b3d-9176cb3c0071/datanode-6/meta/datanode.id
2019-10-18 07:13:46,285 [main] INFO  ozone.MiniOzoneClusterImpl (MiniOzoneClusterImpl.java:lambda$waitForClusterToBeReady$2(172)) - Waiting for cluster to be ready. Got 0 of 7 DN Heartbeats.
2019-10-18 07:13:47,036 [Datanode State Machine Thread - 0] INFO  ozoneimpl.OzoneContainer (OzoneContainer.java:start(213)) - Attempting to start container services.
2019-10-18 07:13:47,037 [Datanode State Machine Thread - 0] INFO  ozoneimpl.OzoneContainer (OzoneContainer.java:start(213)) - Attempting to start container services.
2019-10-18 07:13:47,037 [Datanode State Machine Thread - 0] INFO  ozoneimpl.OzoneContainer (OzoneContainer.java:start(213)) - Attempting to start container services.
2019-10-18 07:13:47,048 [Datanode State Machine Thread - 0] INFO  ozoneimpl.OzoneContainer (OzoneContainer.java:startContainerScrub(177)) - Background container scanner has been disabled.
2019-10-18 07:13:47,048 [Datanode State Machine Thread - 0] INFO  ozoneimpl.OzoneContainer (OzoneContainer.java:startContainerScrub(177)) - Background container scanner has been disabled.
2019-10-18 07:13:47,048 [Datanode State Machine Thread - 0] INFO  ozoneimpl.OzoneContainer (OzoneContainer.java:startContainerScrub(177)) - Background container scanner has been disabled.
2019-10-18 07:13:47,048 [Datanode State Machine Thread - 0] INFO  ratis.XceiverServerRatis (XceiverServerRatis.java:start(424)) - Starting XceiverServerRatis 24274e9f-e41f-4654-9afc-a783ca44e44b at port 0
2019-10-18 07:13:47,048 [Datanode State Machine Thread - 0] INFO  ratis.XceiverServerRatis (XceiverServerRatis.java:start(424)) - Starting XceiverServerRatis d2e56473-8267-4871-9849-be2e71e1a2dc at port 0
2019-10-18 07:13:47,049 [Datanode State Machine Thread - 0] INFO  ratis.XceiverServerRatis (XceiverServerRatis.java:start(424)) - Starting XceiverServerRatis 988115cd-21c9-4558-b198-f2cedd98ccf3 at port 0
2019-10-18 07:13:47,099 [Datanode State Machine Thread - 0] INFO  impl.RaftServerProxy (RaftServerProxy.java:lambda$start$3(299)) - 24274e9f-e41f-4654-9afc-a783ca44e44b: start RPC server
2019-10-18 07:13:47,099 [Datanode State Machine Thread - 0] INFO  impl.RaftServerProxy (RaftServerProxy.java:lambda$start$3(299)) - d2e56473-8267-4871-9849-be2e71e1a2dc: start RPC server
2019-10-18 07:13:47,099 [Datanode State Machine Thread - 0] INFO  impl.RaftServerProxy (RaftServerProxy.java:lambda$start$3(299)) - 988115cd-21c9-4558-b198-f2cedd98ccf3: start RPC server
2019-10-18 07:13:47,135 [Datanode State Machine Thread - 0] INFO  ozoneimpl.OzoneContainer (OzoneContainer.java:start(213)) - Attempting to start container services.
2019-10-18 07:13:47,136 [Datanode State Machine Thread - 0] INFO  ozoneimpl.OzoneContainer (OzoneContainer.java:startContainerScrub(177)) - Background container scanner has been disabled.
2019-10-18 07:13:47,136 [Datanode State Machine Thread - 0] INFO  ratis.XceiverServerRatis (XceiverServerRatis.java:start(424)) - Starting XceiverServerRatis 48796f01-a45e-4e78-98f3-7a8f6b07cc28 at port 0
2019-10-18 07:13:47,149 [Datanode State Machine Thread - 0] INFO  impl.RaftServerProxy (RaftServerProxy.java:lambda$start$3(299)) - 48796f01-a45e-4e78-98f3-7a8f6b07cc28: start RPC server
2019-10-18 07:13:47,214 [Datanode State Machine Thread - 0] INFO  ozoneimpl.OzoneContainer (OzoneContainer.java:start(213)) - Attempting to start container services.
2019-10-18 07:13:47,215 [Datanode State Machine Thread - 0] INFO  ozoneimpl.OzoneContainer (OzoneContainer.java:startContainerScrub(177)) - Background container scanner has been disabled.
2019-10-18 07:13:47,215 [Datanode State Machine Thread - 0] INFO  ratis.XceiverServerRatis (XceiverServerRatis.java:start(424)) - Starting XceiverServerRatis 5660bff8-81d7-4c91-ad16-c2423c1e0bda at port 0
2019-10-18 07:13:47,226 [Datanode State Machine Thread - 0] INFO  impl.RaftServerProxy (RaftServerProxy.java:lambda$start$3(299)) - 5660bff8-81d7-4c91-ad16-c2423c1e0bda: start RPC server
2019-10-18 07:13:47,243 [Datanode State Machine Thread - 0] INFO  server.GrpcService (GrpcService.java:startImpl(158)) - 5660bff8-81d7-4c91-ad16-c2423c1e0bda: GrpcService started, listening on 0.0.0.0/0.0.0.0:36548
2019-10-18 07:13:47,243 [Datanode State Machine Thread - 0] INFO  server.GrpcService (GrpcService.java:startImpl(158)) - 24274e9f-e41f-4654-9afc-a783ca44e44b: GrpcService started, listening on 0.0.0.0/0.0.0.0:35902
2019-10-18 07:13:47,243 [Datanode State Machine Thread - 0] INFO  server.GrpcService (GrpcService.java:startImpl(158)) - d2e56473-8267-4871-9849-be2e71e1a2dc: GrpcService started, listening on 0.0.0.0/0.0.0.0:35020
2019-10-18 07:13:47,243 [Datanode State Machine Thread - 0] INFO  server.GrpcService (GrpcService.java:startImpl(158)) - 48796f01-a45e-4e78-98f3-7a8f6b07cc28: GrpcService started, listening on 0.0.0.0/0.0.0.0:44206
2019-10-18 07:13:47,243 [Datanode State Machine Thread - 0] INFO  server.GrpcService (GrpcService.java:startImpl(158)) - 988115cd-21c9-4558-b198-f2cedd98ccf3: GrpcService started, listening on 0.0.0.0/0.0.0.0:44208
2019-10-18 07:13:47,245 [Datanode State Machine Thread - 0] INFO  ratis.XceiverServerRatis (XceiverServerRatis.java:start(434)) - XceiverServerRatis 48796f01-a45e-4e78-98f3-7a8f6b07cc28 is started using port 44206
2019-10-18 07:13:47,244 [Datanode State Machine Thread - 0] INFO  ratis.XceiverServerRatis (XceiverServerRatis.java:start(434)) - XceiverServerRatis d2e56473-8267-4871-9849-be2e71e1a2dc is started using port 35020
2019-10-18 07:13:47,244 [Datanode State Machine Thread - 0] INFO  ratis.XceiverServerRatis (XceiverServerRatis.java:start(434)) - XceiverServerRatis 24274e9f-e41f-4654-9afc-a783ca44e44b is started using port 35902
2019-10-18 07:13:47,244 [Datanode State Machine Thread - 0] INFO  ratis.XceiverServerRatis (XceiverServerRatis.java:start(434)) - XceiverServerRatis 5660bff8-81d7-4c91-ad16-c2423c1e0bda is started using port 36548
2019-10-18 07:13:47,245 [Datanode State Machine Thread - 0] INFO  ratis.XceiverServerRatis (XceiverServerRatis.java:start(434)) - XceiverServerRatis 988115cd-21c9-4558-b198-f2cedd98ccf3 is started using port 44208
2019-10-18 07:13:47,255 [Datanode State Machine Thread - 0] INFO  server.XceiverServerGrpc (XceiverServerGrpc.java:start(149)) - XceiverServerGrpc 988115cd-21c9-4558-b198-f2cedd98ccf3 is started using port 44118
2019-10-18 07:13:47,255 [Datanode State Machine Thread - 0] INFO  server.XceiverServerGrpc (XceiverServerGrpc.java:start(149)) - XceiverServerGrpc 24274e9f-e41f-4654-9afc-a783ca44e44b is started using port 34941
2019-10-18 07:13:47,256 [Datanode State Machine Thread - 0] INFO  server.XceiverServerGrpc (XceiverServerGrpc.java:start(149)) - XceiverServerGrpc 48796f01-a45e-4e78-98f3-7a8f6b07cc28 is started using port 33527
2019-10-18 07:13:47,255 [Datanode State Machine Thread - 0] INFO  server.XceiverServerGrpc (XceiverServerGrpc.java:start(149)) - XceiverServerGrpc d2e56473-8267-4871-9849-be2e71e1a2dc is started using port 40087
2019-10-18 07:13:47,256 [Datanode State Machine Thread - 0] INFO  server.XceiverServerGrpc (XceiverServerGrpc.java:start(149)) - XceiverServerGrpc 5660bff8-81d7-4c91-ad16-c2423c1e0bda is started using port 46643
2019-10-18 07:13:47,278 [Datanode State Machine Thread - 0] INFO  ozoneimpl.OzoneContainer (OzoneContainer.java:start(213)) - Attempting to start container services.
2019-10-18 07:13:47,278 [Datanode State Machine Thread - 0] INFO  ozoneimpl.OzoneContainer (OzoneContainer.java:startContainerScrub(177)) - Background container scanner has been disabled.
2019-10-18 07:13:47,278 [Datanode State Machine Thread - 0] INFO  ratis.XceiverServerRatis (XceiverServerRatis.java:start(424)) - Starting XceiverServerRatis f7ab671b-901b-4a48-a9a9-f6c73ab18394 at port 0
2019-10-18 07:13:47,286 [main] INFO  ozone.MiniOzoneClusterImpl (MiniOzoneClusterImpl.java:lambda$waitForClusterToBeReady$2(172)) - Waiting for cluster to be ready. Got 0 of 7 DN Heartbeats.
2019-10-18 07:13:47,287 [Datanode State Machine Thread - 0] INFO  impl.RaftServerProxy (RaftServerProxy.java:lambda$start$3(299)) - f7ab671b-901b-4a48-a9a9-f6c73ab18394: start RPC server
2019-10-18 07:13:47,291 [Datanode State Machine Thread - 0] INFO  server.GrpcService (GrpcService.java:startImpl(158)) - f7ab671b-901b-4a48-a9a9-f6c73ab18394: GrpcService started, listening on 0.0.0.0/0.0.0.0:41075
2019-10-18 07:13:47,291 [Datanode State Machine Thread - 0] INFO  ratis.XceiverServerRatis (XceiverServerRatis.java:start(434)) - XceiverServerRatis f7ab671b-901b-4a48-a9a9-f6c73ab18394 is started using port 41075
2019-10-18 07:13:47,294 [Datanode State Machine Thread - 0] INFO  server.XceiverServerGrpc (XceiverServerGrpc.java:start(149)) - XceiverServerGrpc f7ab671b-901b-4a48-a9a9-f6c73ab18394 is started using port 44485
2019-10-18 07:13:47,343 [Datanode State Machine Thread - 0] INFO  ozoneimpl.OzoneContainer (OzoneContainer.java:start(213)) - Attempting to start container services.
2019-10-18 07:13:47,343 [Datanode State Machine Thread - 0] INFO  ozoneimpl.OzoneContainer (OzoneContainer.java:startContainerScrub(177)) - Background container scanner has been disabled.
2019-10-18 07:13:47,343 [Datanode State Machine Thread - 0] INFO  ratis.XceiverServerRatis (XceiverServerRatis.java:start(424)) - Starting XceiverServerRatis c52c3de9-0ed1-4f2b-ba1d-f317ceeb0ceb at port 0
2019-10-18 07:13:47,353 [Datanode State Machine Thread - 0] INFO  impl.RaftServerProxy (RaftServerProxy.java:lambda$start$3(299)) - c52c3de9-0ed1-4f2b-ba1d-f317ceeb0ceb: start RPC server
2019-10-18 07:13:47,357 [Datanode State Machine Thread - 0] INFO  server.GrpcService (GrpcService.java:startImpl(158)) - c52c3de9-0ed1-4f2b-ba1d-f317ceeb0ceb: GrpcService started, listening on 0.0.0.0/0.0.0.0:37615
2019-10-18 07:13:47,357 [Datanode State Machine Thread - 0] INFO  ratis.XceiverServerRatis (XceiverServerRatis.java:start(434)) - XceiverServerRatis c52c3de9-0ed1-4f2b-ba1d-f317ceeb0ceb is started using port 37615
2019-10-18 07:13:47,360 [Datanode State Machine Thread - 0] INFO  server.XceiverServerGrpc (XceiverServerGrpc.java:start(149)) - XceiverServerGrpc c52c3de9-0ed1-4f2b-ba1d-f317ceeb0ceb is started using port 33017
2019-10-18 07:13:48,287 [main] INFO  ozone.MiniOzoneClusterImpl (MiniOzoneClusterImpl.java:lambda$waitForClusterToBeReady$2(172)) - Waiting for cluster to be ready. Got 0 of 7 DN Heartbeats.
2019-10-18 07:13:48,858 [IPC Server handler 0 on 36674] INFO  net.NetworkTopology (NetworkTopologyImpl.java:add(111)) - Added a new node: /default-rack/988115cd-21c9-4558-b198-f2cedd98ccf3
2019-10-18 07:13:48,859 [IPC Server handler 0 on 36674] INFO  node.SCMNodeManager (SCMNodeManager.java:register(268)) - Registered Data node : 988115cd-21c9-4558-b198-f2cedd98ccf3{ip: 192.168.69.67, host: pr-hdds-1868-wx8dl-4219780377, networkLocation: /default-rack, certSerialId: null}
2019-10-18 07:13:48,863 [EventQueue-NodeRegistrationContainerReportForDataNodeSafeModeRule] INFO  safemode.SCMSafeModeManager (DataNodeSafeModeRule.java:process(71)) - SCM in safe mode. 1 DataNodes registered, 1 required.
2019-10-18 07:13:48,863 [EventQueue-NodeRegistrationContainerReportForDataNodeSafeModeRule] INFO  safemode.SCMSafeModeManager (SCMSafeModeManager.java:validateSafeModeExitRules(177)) - ScmSafeModeManager, all rules are successfully validated
2019-10-18 07:13:48,864 [EventQueue-NodeRegistrationContainerReportForDataNodeSafeModeRule] INFO  safemode.SCMSafeModeManager (SCMSafeModeManager.java:exitSafeMode(193)) - SCM exiting safe mode.
2019-10-18 07:13:48,919 [IPC Server handler 2 on 36674] INFO  net.NetworkTopology (NetworkTopologyImpl.java:add(111)) - Added a new node: /default-rack/d2e56473-8267-4871-9849-be2e71e1a2dc
2019-10-18 07:13:48,920 [IPC Server handler 2 on 36674] INFO  node.SCMNodeManager (SCMNodeManager.java:register(268)) - Registered Data node : d2e56473-8267-4871-9849-be2e71e1a2dc{ip: 192.168.69.67, host: pr-hdds-1868-wx8dl-4219780377, networkLocation: /default-rack, certSerialId: null}
2019-10-18 07:13:49,014 [IPC Server handler 1 on 36674] INFO  net.NetworkTopology (NetworkTopologyImpl.java:add(111)) - Added a new node: /default-rack/24274e9f-e41f-4654-9afc-a783ca44e44b
2019-10-18 07:13:49,014 [IPC Server handler 1 on 36674] INFO  node.SCMNodeManager (SCMNodeManager.java:register(268)) - Registered Data node : 24274e9f-e41f-4654-9afc-a783ca44e44b{ip: 192.168.69.67, host: pr-hdds-1868-wx8dl-4219780377, networkLocation: /default-rack, certSerialId: null}
2019-10-18 07:13:49,082 [IPC Server handler 3 on 36674] INFO  net.NetworkTopology (NetworkTopologyImpl.java:add(111)) - Added a new node: /default-rack/48796f01-a45e-4e78-98f3-7a8f6b07cc28
2019-10-18 07:13:49,083 [IPC Server handler 3 on 36674] INFO  node.SCMNodeManager (SCMNodeManager.java:register(268)) - Registered Data node : 48796f01-a45e-4e78-98f3-7a8f6b07cc28{ip: 192.168.69.67, host: pr-hdds-1868-wx8dl-4219780377, networkLocation: /default-rack, certSerialId: null}
2019-10-18 07:13:49,145 [IPC Server handler 6 on 36674] INFO  net.NetworkTopology (NetworkTopologyImpl.java:add(111)) - Added a new node: /default-rack/5660bff8-81d7-4c91-ad16-c2423c1e0bda
2019-10-18 07:13:49,145 [IPC Server handler 6 on 36674] INFO  node.SCMNodeManager (SCMNodeManager.java:register(268)) - Registered Data node : 5660bff8-81d7-4c91-ad16-c2423c1e0bda{ip: 192.168.69.67, host: pr-hdds-1868-wx8dl-4219780377, networkLocation: /default-rack, certSerialId: null}
2019-10-18 07:13:49,224 [IPC Server handler 5 on 36674] INFO  net.NetworkTopology (NetworkTopologyImpl.java:add(111)) - Added a new node: /default-rack/f7ab671b-901b-4a48-a9a9-f6c73ab18394
2019-10-18 07:13:49,224 [IPC Server handler 5 on 36674] INFO  node.SCMNodeManager (SCMNodeManager.java:register(268)) - Registered Data node : f7ab671b-901b-4a48-a9a9-f6c73ab18394{ip: 192.168.69.67, host: pr-hdds-1868-wx8dl-4219780377, networkLocation: /default-rack, certSerialId: null}
2019-10-18 07:13:49,288 [IPC Server handler 7 on 36674] INFO  net.NetworkTopology (NetworkTopologyImpl.java:add(111)) - Added a new node: /default-rack/c52c3de9-0ed1-4f2b-ba1d-f317ceeb0ceb
2019-10-18 07:13:49,289 [IPC Server handler 7 on 36674] INFO  node.SCMNodeManager (SCMNodeManager.java:register(268)) - Registered Data node : c52c3de9-0ed1-4f2b-ba1d-f317ceeb0ceb{ip: 192.168.69.67, host: pr-hdds-1868-wx8dl-4219780377, networkLocation: /default-rack, certSerialId: null}
2019-10-18 07:13:49,444 [grpc-default-executor-0] INFO  impl.RaftServerProxy (RaftServerProxy.java:addNew(89)) - 988115cd-21c9-4558-b198-f2cedd98ccf3: addNew group-BF878B4C9D21:[988115cd-21c9-4558-b198-f2cedd98ccf3:192.168.69.67:44208] returns group-BF878B4C9D21:java.util.concurrent.CompletableFuture@63b23698[Not completed]
2019-10-18 07:13:49,459 [pool-27-thread-1] INFO  impl.RaftServerImpl (RaftServerImpl.java:<init>(104)) - 988115cd-21c9-4558-b198-f2cedd98ccf3: new RaftServerImpl for group-BF878B4C9D21:[988115cd-21c9-4558-b198-f2cedd98ccf3:192.168.69.67:44208] with ContainerStateMachine:uninitialized
2019-10-18 07:13:49,460 [pool-27-thread-1] INFO  server.RaftServerConfigKeys (ConfUtils.java:logGet(43)) - raft.server.rpc.timeout.min = 5s (custom)
2019-10-18 07:13:49,461 [pool-27-thread-1] INFO  server.RaftServerConfigKeys (ConfUtils.java:logGet(43)) - raft.server.rpc.timeout.max = 5200ms (custom)
2019-10-18 07:13:49,462 [pool-27-thread-1] INFO  server.RaftServerConfigKeys (ConfUtils.java:logGet(43)) - raft.server.rpcslowness.timeout = 120s (custom)
2019-10-18 07:13:49,462 [pool-27-thread-1] INFO  server.RaftServerConfigKeys (ConfUtils.java:logGet(43)) - raft.server.sleep.deviation.threshold = 300 (default)
2019-10-18 07:13:49,463 [pool-27-thread-1] INFO  server.RaftServerConfigKeys (ConfUtils.java:logGet(43)) - raft.server.log.appender.install.snapshot.enabled = false (custom)
2019-10-18 07:13:49,470 [pool-27-thread-1] INFO  impl.RaftServerImpl (ServerState.java:<init>(103)) - 988115cd-21c9-4558-b198-f2cedd98ccf3@group-BF878B4C9D21: ConfigurationManager, init=-1: [988115cd-21c9-4558-b198-f2cedd98ccf3:192.168.69.67:44208], old=null, confs=<EMPTY_MAP>
2019-10-18 07:13:49,470 [pool-27-thread-1] INFO  server.RaftServerConfigKeys (ConfUtils.java:logGet(43)) - raft.server.storage.dir = [/workdir/hadoop-ozone/integration-test/target/test-dir/MiniOzoneClusterImpl-f68115de-5278-4c94-9b3d-9176cb3c0071/datanode-0/data/ratis] (custom)
2019-10-18 07:13:49,476 [pool-27-thread-1] INFO  server.RaftServerConfigKeys (ConfUtils.java:logGet(43)) - raft.server.log.corruption.policy = EXCEPTION (default)
2019-10-18 07:13:49,477 [pool-27-thread-1] INFO  storage.RaftStorageDirectory (RaftStorageDirectory.java:analyzeStorage(246)) - The storage directory /workdir/hadoop-ozone/integration-test/target/test-dir/MiniOzoneClusterImpl-f68115de-5278-4c94-9b3d-9176cb3c0071/datanode-0/data/ratis/f1ec29f3-863c-45fa-9c11-bf878b4c9d21 does not exist. Creating ...
2019-10-18 07:13:49,594 [pool-27-thread-1] INFO  storage.RaftStorageDirectory (RaftStorageDirectory.java:tryLock(328)) - Lock on /workdir/hadoop-ozone/integration-test/target/test-dir/MiniOzoneClusterImpl-f68115de-5278-4c94-9b3d-9176cb3c0071/datanode-0/data/ratis/f1ec29f3-863c-45fa-9c11-bf878b4c9d21/in_use.lock acquired by nodename 28720@pr-hdds-1868-wx8dl-4219780377
2019-10-18 07:13:49,641 [pool-27-thread-1] INFO  storage.RaftStorage (RaftStorage.java:format(84)) - Storage directory /workdir/hadoop-ozone/integration-test/target/test-dir/MiniOzoneClusterImpl-f68115de-5278-4c94-9b3d-9176cb3c0071/datanode-0/data/ratis/f1ec29f3-863c-45fa-9c11-bf878b4c9d21 has been successfully formatted.
2019-10-18 07:13:49,644 [pool-27-thread-1] INFO  ratis.ContainerStateMachine (ContainerStateMachine.java:loadSnapshot(233)) - group-BF878B4C9D21: The snapshot info is null. Setting the last applied indexto:(t:0, i:~)
2019-10-18 07:13:49,644 [pool-27-thread-1] INFO  server.RaftServerConfigKeys (ConfUtils.java:logGet(43)) - raft.server.notification.no-leader.timeout = 120s (custom)
2019-10-18 07:13:49,648 [pool-27-thread-1] INFO  server.RaftServerConfigKeys (ConfUtils.java:logGet(43)) - raft.server.log.use.memory = false (default)
2019-10-18 07:13:49,656 [pool-27-thread-1] INFO  server.RaftServerConfigKeys (ConfUtils.java:logGet(43)) - raft.server.log.purge.gap = 1000000 (custom)
2019-10-18 07:13:49,656 [pool-27-thread-1] INFO  server.RaftServerConfigKeys (ConfUtils.java:logGet(43)) - raft.server.log.appender.buffer.byte-limit = 33554432 (custom)
2019-10-18 07:13:49,659 [pool-27-thread-1] INFO  server.RaftServerConfigKeys (ConfUtils.java:logGet(43)) - raft.server.log.segment.size.max = 1048576 (custom)
2019-10-18 07:13:49,662 [pool-27-thread-1] INFO  impl.MetricsSystemImpl (MetricsSystemImpl.java:init(158)) - ratis metrics system started (again)
2019-10-18 07:13:49,672 [pool-27-thread-1] INFO  metrics.MetricRegistries (MetricRegistriesLoader.java:load(64)) - Loaded MetricRegistries class org.apache.ratis.metrics.impl.MetricRegistriesImpl
2019-10-18 07:13:49,720 [pool-27-thread-1] INFO  server.RaftServerConfigKeys (ConfUtils.java:logGet(43)) - raft.server.log.segment.cache.num.max = 2 (custom)
2019-10-18 07:13:49,726 [pool-27-thread-1] INFO  segmented.SegmentedRaftLogWorker (SegmentedRaftLogWorker.java:<init>(173)) - new 988115cd-21c9-4558-b198-f2cedd98ccf3@group-BF878B4C9D21-SegmentedRaftLogWorker for RaftStorage:Storage Directory /workdir/hadoop-ozone/integration-test/target/test-dir/MiniOzoneClusterImpl-f68115de-5278-4c94-9b3d-9176cb3c0071/datanode-0/data/ratis/f1ec29f3-863c-45fa-9c11-bf878b4c9d21
2019-10-18 07:13:49,726 [pool-27-thread-1] INFO  server.RaftServerConfigKeys (ConfUtils.java:logGet(43)) - raft.server.log.queue.byte-limit = 2147483647 (custom)
2019-10-18 07:13:49,727 [pool-27-thread-1] INFO  server.RaftServerConfigKeys (ConfUtils.java:logGet(43)) - raft.server.log.queue.element-limit = 1024 (custom)
2019-10-18 07:13:49,728 [pool-27-thread-1] INFO  server.RaftServerConfigKeys (ConfUtils.java:logGet(43)) - raft.server.log.segment.size.max = 1048576 (custom)
2019-10-18 07:13:49,728 [pool-27-thread-1] INFO  server.RaftServerConfigKeys (ConfUtils.java:logGet(43)) - raft.server.log.preallocated.size = 16384 (custom)
2019-10-18 07:13:49,729 [pool-27-thread-1] INFO  server.RaftServerConfigKeys (ConfUtils.java:logGet(43)) - raft.server.log.write.buffer.size = 33554432 (custom)
2019-10-18 07:13:49,729 [pool-27-thread-1] INFO  server.RaftServerConfigKeys (ConfUtils.java:logGet(43)) - raft.server.log.force.sync.num = 128 (default)
2019-10-18 07:13:49,730 [pool-27-thread-1] INFO  server.RaftServerConfigKeys (ConfUtils.java:logGet(43)) - raft.server.log.statemachine.data.sync = true (default)
2019-10-18 07:13:49,731 [pool-27-thread-1] INFO  server.RaftServerConfigKeys (ConfUtils.java:logGet(43)) - raft.server.log.statemachine.data.sync.timeout = 10s (default)
2019-10-18 07:13:49,731 [pool-27-thread-1] INFO  server.RaftServerConfigKeys (ConfUtils.java:logGet(43)) - raft.server.log.statemachine.data.sync.timeout.retry = -1 (default)
2019-10-18 07:13:49,744 [pool-27-thread-1] INFO  server.RaftServerConfigKeys (ConfUtils.java:logGet(43)) - raft.server.log.statemachine.data.caching.enabled = true (custom)
2019-10-18 07:13:49,749 [pool-27-thread-1] INFO  segmented.SegmentedRaftLogWorker (SegmentedRaftLogWorker.java:lambda$new$0(128)) - 988115cd-21c9-4558-b198-f2cedd98ccf3@group-BF878B4C9D21-SegmentedRaftLogWorker: flushIndex: setUnconditionally 0 -> -1
2019-10-18 07:13:49,753 [pool-27-thread-1] INFO  server.RaftServerConfigKeys (ConfUtils.java:logGet(43)) - raft.server.snapshot.auto.trigger.enabled = true (custom)
2019-10-18 07:13:49,754 [pool-27-thread-1] INFO  server.RaftServerConfigKeys (ConfUtils.java:logGet(43)) - raft.server.snapshot.auto.trigger.threshold = 10000 (custom)
2019-10-18 07:13:49,755 [pool-27-thread-1] INFO  server.RaftServerConfigKeys (ConfUtils.java:logGet(43)) - raft.server.snapshot.retention.file.num = 5 (custom)
2019-10-18 07:13:49,755 [pool-27-thread-1] INFO  server.RaftServerConfigKeys (ConfUtils.java:logGet(43)) - raft.server.retrycache.expirytime = 600000ms (custom)
2019-10-18 07:13:49,785 [pool-27-thread-1] INFO  impl.RaftServerImpl (RaftServerImpl.java:start(195)) - 988115cd-21c9-4558-b198-f2cedd98ccf3@group-BF878B4C9D21: start as a follower, conf=-1: [988115cd-21c9-4558-b198-f2cedd98ccf3:192.168.69.67:44208], old=null
2019-10-18 07:13:49,785 [pool-27-thread-1] INFO  impl.RaftServerImpl (RaftServerImpl.java:setRole(184)) - 988115cd-21c9-4558-b198-f2cedd98ccf3@group-BF878B4C9D21: changes role from      null to FOLLOWER at term 0 for startAsFollower
2019-10-18 07:13:49,787 [pool-27-thread-1] INFO  impl.RoleInfo (RoleInfo.java:updateAndGet(143)) - 988115cd-21c9-4558-b198-f2cedd98ccf3: start FollowerState
2019-10-18 07:13:49,788 [pool-27-thread-1] INFO  util.JmxRegister (JmxRegister.java:tryRegister(44)) - Successfully registered JMX Bean with object name Ratis:service=RaftServer,group=group-BF878B4C9D21,id=988115cd-21c9-4558-b198-f2cedd98ccf3
2019-10-18 07:13:49,862 [RatisPipelineUtilsThread] INFO  pipeline.PipelineStateManager (PipelineStateManager.java:addPipeline(55)) - Created pipeline Pipeline[ Id: f1ec29f3-863c-45fa-9c11-bf878b4c9d21, Nodes: 988115cd-21c9-4558-b198-f2cedd98ccf3{ip: 192.168.69.67, host: pr-hdds-1868-wx8dl-4219780377, networkLocation: /default-rack, certSerialId: null}, Type:RATIS, Factor:ONE, State:ALLOCATED]
2019-10-18 07:13:49,888 [grpc-default-executor-0] INFO  impl.RaftServerProxy (RaftServerProxy.java:addNew(89)) - 24274e9f-e41f-4654-9afc-a783ca44e44b: addNew group-D0DACCEEB899:[24274e9f-e41f-4654-9afc-a783ca44e44b:192.168.69.67:35902] returns group-D0DACCEEB899:java.util.concurrent.CompletableFuture@4895a618[Not completed]
2019-10-18 07:13:49,923 [pool-47-thread-1] INFO  impl.RaftServerImpl (RaftServerImpl.java:<init>(104)) - 24274e9f-e41f-4654-9afc-a783ca44e44b: new RaftServerImpl for group-D0DACCEEB899:[24274e9f-e41f-4654-9afc-a783ca44e44b:192.168.69.67:35902] with ContainerStateMachine:uninitialized
2019-10-18 07:13:49,924 [pool-47-thread-1] INFO  server.RaftServerConfigKeys (ConfUtils.java:logGet(43)) - raft.server.rpc.timeout.min = 5s (custom)
2019-10-18 07:13:49,924 [pool-47-thread-1] INFO  server.RaftServerConfigKeys (ConfUtils.java:logGet(43)) - raft.server.rpc.timeout.max = 5200ms (custom)
2019-10-18 07:13:49,924 [pool-47-thread-1] INFO  server.RaftServerConfigKeys (ConfUtils.java:logGet(43)) - raft.server.rpcslowness.timeout = 120s (custom)
2019-10-18 07:13:49,924 [pool-47-thread-1] INFO  server.RaftServerConfigKeys (ConfUtils.java:logGet(43)) - raft.server.sleep.deviation.threshold = 300 (default)
2019-10-18 07:13:49,924 [pool-47-thread-1] INFO  server.RaftServerConfigKeys (ConfUtils.java:logGet(43)) - raft.server.log.appender.install.snapshot.enabled = false (custom)
2019-10-18 07:13:49,925 [pool-47-thread-1] INFO  impl.RaftServerImpl (ServerState.java:<init>(103)) - 24274e9f-e41f-4654-9afc-a783ca44e44b@group-D0DACCEEB899: ConfigurationManager, init=-1: [24274e9f-e41f-4654-9afc-a783ca44e44b:192.168.69.67:35902], old=null, confs=<EMPTY_MAP>
2019-10-18 07:13:49,925 [pool-47-thread-1] INFO  server.RaftServerConfigKeys (ConfUtils.java:logGet(43)) - raft.server.storage.dir = [/workdir/hadoop-ozone/integration-test/target/test-dir/MiniOzoneClusterImpl-f68115de-5278-4c94-9b3d-9176cb3c0071/datanode-2/data/ratis] (custom)
2019-10-18 07:13:49,925 [pool-47-thread-1] INFO  server.RaftServerConfigKeys (ConfUtils.java:logGet(43)) - raft.server.log.corruption.policy = EXCEPTION (default)
2019-10-18 07:13:49,925 [pool-47-thread-1] INFO  storage.RaftStorageDirectory (RaftStorageDirectory.java:analyzeStorage(246)) - The storage directory /workdir/hadoop-ozone/integration-test/target/test-dir/MiniOzoneClusterImpl-f68115de-5278-4c94-9b3d-9176cb3c0071/datanode-2/data/ratis/c7ff1332-2908-4f2b-97b6-d0dacceeb899 does not exist. Creating ...
2019-10-18 07:13:49,931 [Thread-240] INFO  impl.FollowerState (FollowerState.java:run(108)) - 988115cd-21c9-4558-b198-f2cedd98ccf3@group-BF878B4C9D21-FollowerState: change to CANDIDATE, lastRpcTime:144ms, electionTimeout:144ms
2019-10-18 07:13:49,934 [Thread-240] INFO  impl.RoleInfo (RoleInfo.java:shutdownFollowerState(121)) - 988115cd-21c9-4558-b198-f2cedd98ccf3: shutdown FollowerState
2019-10-18 07:13:49,935 [Thread-240] INFO  impl.RaftServerImpl (RaftServerImpl.java:setRole(184)) - 988115cd-21c9-4558-b198-f2cedd98ccf3@group-BF878B4C9D21: changes role from  FOLLOWER to CANDIDATE at term 0 for changeToCandidate
2019-10-18 07:13:49,940 [Thread-240] INFO  impl.RoleInfo (RoleInfo.java:updateAndGet(143)) - 988115cd-21c9-4558-b198-f2cedd98ccf3: start LeaderElection
2019-10-18 07:13:50,011 [pool-47-thread-1] INFO  storage.RaftStorageDirectory (RaftStorageDirectory.java:tryLock(328)) - Lock on /workdir/hadoop-ozone/integration-test/target/test-dir/MiniOzoneClusterImpl-f68115de-5278-4c94-9b3d-9176cb3c0071/datanode-2/data/ratis/c7ff1332-2908-4f2b-97b6-d0dacceeb899/in_use.lock acquired by nodename 28720@pr-hdds-1868-wx8dl-4219780377
2019-10-18 07:13:50,031 [988115cd-21c9-4558-b198-f2cedd98ccf3@group-BF878B4C9D21-LeaderElection1] INFO  impl.LeaderElection (LeaderElection.java:askForVotes(178)) - 988115cd-21c9-4558-b198-f2cedd98ccf3@group-BF878B4C9D21-LeaderElection1: begin an election at term 1 for -1: [988115cd-21c9-4558-b198-f2cedd98ccf3:192.168.69.67:44208], old=null
2019-10-18 07:13:50,033 [988115cd-21c9-4558-b198-f2cedd98ccf3@group-BF878B4C9D21-LeaderElection1] INFO  impl.RoleInfo (RoleInfo.java:shutdownLeaderElection(134)) - 988115cd-21c9-4558-b198-f2cedd98ccf3: shutdown LeaderElection
2019-10-18 07:13:50,034 [988115cd-21c9-4558-b198-f2cedd98ccf3@group-BF878B4C9D21-LeaderElection1] INFO  impl.RaftServerImpl (RaftServerImpl.java:setRole(184)) - 988115cd-21c9-4558-b198-f2cedd98ccf3@group-BF878B4C9D21: changes role from CANDIDATE to LEADER at term 1 for changeToLeader
2019-10-18 07:13:50,035 [988115cd-21c9-4558-b198-f2cedd98ccf3@group-BF878B4C9D21-LeaderElection1] INFO  ratis.XceiverServerRatis (XceiverServerRatis.java:handleLeaderChangedNotification(699)) - Leader change notification received for group: group-BF878B4C9D21 with new leaderId: 988115cd-21c9-4558-b198-f2cedd98ccf3
2019-10-18 07:13:50,039 [988115cd-21c9-4558-b198-f2cedd98ccf3@group-BF878B4C9D21-LeaderElection1] INFO  impl.RaftServerImpl (ServerState.java:setLeader(256)) - 988115cd-21c9-4558-b198-f2cedd98ccf3@group-BF878B4C9D21: change Leader from null to 988115cd-21c9-4558-b198-f2cedd98ccf3 at term 1 for becomeLeader, leader elected after 390ms
2019-10-18 07:13:50,050 [988115cd-21c9-4558-b198-f2cedd98ccf3@group-BF878B4C9D21-LeaderElection1] INFO  server.RaftServerConfigKeys (ConfUtils.java:logGet(43)) - raft.server.staging.catchup.gap = 1000 (default)
2019-10-18 07:13:50,050 [pool-47-thread-1] INFO  storage.RaftStorage (RaftStorage.java:format(84)) - Storage directory /workdir/hadoop-ozone/integration-test/target/test-dir/MiniOzoneClusterImpl-f68115de-5278-4c94-9b3d-9176cb3c0071/datanode-2/data/ratis/c7ff1332-2908-4f2b-97b6-d0dacceeb899 has been successfully formatted.
2019-10-18 07:13:50,052 [988115cd-21c9-4558-b198-f2cedd98ccf3@group-BF878B4C9D21-LeaderElection1] INFO  server.RaftServerConfigKeys (ConfUtils.java:logGet(43)) - raft.server.rpc.sleep.time = 25ms (default)
2019-10-18 07:13:50,052 [pool-47-thread-1] INFO  ratis.ContainerStateMachine (ContainerStateMachine.java:loadSnapshot(233)) - group-D0DACCEEB899: The snapshot info is null. Setting the last applied indexto:(t:0, i:~)
2019-10-18 07:13:50,060 [pool-47-thread-1] INFO  server.RaftServerConfigKeys (ConfUtils.java:logGet(43)) - raft.server.notification.no-leader.timeout = 120s (custom)
2019-10-18 07:13:50,060 [pool-47-thread-1] INFO  server.RaftServerConfigKeys (ConfUtils.java:logGet(43)) - raft.server.log.use.memory = false (default)
2019-10-18 07:13:50,061 [pool-47-thread-1] INFO  server.RaftServerConfigKeys (ConfUtils.java:logGet(43)) - raft.server.log.purge.gap = 1000000 (custom)
2019-10-18 07:13:50,061 [pool-47-thread-1] INFO  server.RaftServerConfigKeys (ConfUtils.java:logGet(43)) - raft.server.log.appender.buffer.byte-limit = 33554432 (custom)
2019-10-18 07:13:50,061 [pool-47-thread-1] INFO  server.RaftServerConfigKeys (ConfUtils.java:logGet(43)) - raft.server.log.segment.size.max = 1048576 (custom)
2019-10-18 07:13:50,066 [988115cd-21c9-4558-b198-f2cedd98ccf3@group-BF878B4C9D21-LeaderElection1] INFO  server.RaftServerConfigKeys (ConfUtils.java:logGet(43)) - raft.server.write.element-limit = 4096 (default)
2019-10-18 07:13:50,068 [pool-47-thread-1] INFO  server.RaftServerConfigKeys (ConfUtils.java:logGet(43)) - raft.server.log.segment.cache.num.max = 2 (custom)
2019-10-18 07:13:50,069 [pool-47-thread-1] INFO  segmented.SegmentedRaftLogWorker (SegmentedRaftLogWorker.java:<init>(173)) - new 24274e9f-e41f-4654-9afc-a783ca44e44b@group-D0DACCEEB899-SegmentedRaftLogWorker for RaftStorage:Storage Directory /workdir/hadoop-ozone/integration-test/target/test-dir/MiniOzoneClusterImpl-f68115de-5278-4c94-9b3d-9176cb3c0071/datanode-2/data/ratis/c7ff1332-2908-4f2b-97b6-d0dacceeb899
2019-10-18 07:13:50,069 [pool-47-thread-1] INFO  server.RaftServerConfigKeys (ConfUtils.java:logGet(43)) - raft.server.log.queue.byte-limit = 2147483647 (custom)
2019-10-18 07:13:50,069 [pool-47-thread-1] INFO  server.RaftServerConfigKeys (ConfUtils.java:logGet(43)) - raft.server.log.queue.element-limit = 1024 (custom)
2019-10-18 07:13:50,069 [pool-47-thread-1] INFO  server.RaftServerConfigKeys (ConfUtils.java:logGet(43)) - raft.server.log.segment.size.max = 1048576 (custom)
2019-10-18 07:13:50,069 [988115cd-21c9-4558-b198-f2cedd98ccf3@group-BF878B4C9D21-LeaderElection1] INFO  server.RaftServerConfigKeys (ConfUtils.java:logGet(43)) - raft.server.watch.timeout = 10s (default)
2019-10-18 07:13:50,069 [pool-47-thread-1] INFO  server.RaftServerConfigKeys (ConfUtils.java:logGet(43)) - raft.server.log.preallocated.size = 16384 (custom)
2019-10-18 07:13:50,070 [988115cd-21c9-4558-b198-f2cedd98ccf3@group-BF878B4C9D21-LeaderElection1] INFO  server.RaftServerConfigKeys (ConfUtils.java:logGet(43)) - raft.server.watch.timeout.denomination = 1s (default)
2019-10-18 07:13:50,070 [pool-47-thread-1] INFO  server.RaftServerConfigKeys (ConfUtils.java:logGet(43)) - raft.server.log.write.buffer.size = 33554432 (custom)
2019-10-18 07:13:50,070 [pool-47-thread-1] INFO  server.RaftServerConfigKeys (ConfUtils.java:logGet(43)) - raft.server.log.force.sync.num = 128 (default)
2019-10-18 07:13:50,070 [pool-47-thread-1] INFO  server.RaftServerConfigKeys (ConfUtils.java:logGet(43)) - raft.server.log.statemachine.data.sync = true (default)
2019-10-18 07:13:50,070 [pool-47-thread-1] INFO  server.RaftServerConfigKeys (ConfUtils.java:logGet(43)) - raft.server.log.statemachine.data.sync.timeout = 10s (default)
2019-10-18 07:13:50,071 [pool-47-thread-1] INFO  server.RaftServerConfigKeys (ConfUtils.java:logGet(43)) - raft.server.log.statemachine.data.sync.timeout.retry = -1 (default)
2019-10-18 07:13:50,071 [988115cd-21c9-4558-b198-f2cedd98ccf3@group-BF878B4C9D21-LeaderElection1] INFO  server.RaftServerConfigKeys (ConfUtils.java:logGet(43)) - raft.server.watch.element-limit = 65536 (default)
2019-10-18 07:13:50,072 [pool-47-thread-1] INFO  server.RaftServerConfigKeys (ConfUtils.java:logGet(43)) - raft.server.log.statemachine.data.caching.enabled = true (custom)
2019-10-18 07:13:50,072 [pool-47-thread-1] INFO  segmented.SegmentedRaftLogWorker (SegmentedRaftLogWorker.java:lambda$new$0(128)) - 24274e9f-e41f-4654-9afc-a783ca44e44b@group-D0DACCEEB899-SegmentedRaftLogWorker: flushIndex: setUnconditionally 0 -> -1
2019-10-18 07:13:50,073 [pool-47-thread-1] INFO  server.RaftServerConfigKeys (ConfUtils.java:logGet(43)) - raft.server.snapshot.auto.trigger.enabled = true (custom)
2019-10-18 07:13:50,073 [pool-47-thread-1] INFO  server.RaftServerConfigKeys (ConfUtils.java:logGet(43)) - raft.server.snapshot.auto.trigger.threshold = 10000 (custom)
2019-10-18 07:13:50,073 [pool-47-thread-1] INFO  server.RaftServerConfigKeys (ConfUtils.java:logGet(43)) - raft.server.snapshot.retention.file.num = 5 (custom)
2019-10-18 07:13:50,073 [pool-47-thread-1] INFO  server.RaftServerConfigKeys (ConfUtils.java:logGet(43)) - raft.server.retrycache.expirytime = 600000ms (custom)
2019-10-18 07:13:50,133 [pool-47-thread-1] INFO  impl.RaftServerImpl (RaftServerImpl.java:start(195)) - 24274e9f-e41f-4654-9afc-a783ca44e44b@group-D0DACCEEB899: start as a follower, conf=-1: [24274e9f-e41f-4654-9afc-a783ca44e44b:192.168.69.67:35902], old=null
2019-10-18 07:13:50,133 [pool-47-thread-1] INFO  impl.RaftServerImpl (RaftServerImpl.java:setRole(184)) - 24274e9f-e41f-4654-9afc-a783ca44e44b@group-D0DACCEEB899: changes role from      null to FOLLOWER at term 0 for startAsFollower
2019-10-18 07:13:50,133 [pool-47-thread-1] INFO  impl.RoleInfo (RoleInfo.java:updateAndGet(143)) - 24274e9f-e41f-4654-9afc-a783ca44e44b: start FollowerState
2019-10-18 07:13:50,134 [pool-47-thread-1] INFO  util.JmxRegister (JmxRegister.java:tryRegister(44)) - Successfully registered JMX Bean with object name Ratis:service=RaftServer,group=group-D0DACCEEB899,id=24274e9f-e41f-4654-9afc-a783ca44e44b
2019-10-18 07:13:50,139 [988115cd-21c9-4558-b198-f2cedd98ccf3@group-BF878B4C9D21-LeaderElection1] INFO  impl.RoleInfo (RoleInfo.java:updateAndGet(143)) - 988115cd-21c9-4558-b198-f2cedd98ccf3: start LeaderState
2019-10-18 07:13:50,151 [RatisPipelineUtilsThread] INFO  pipeline.PipelineStateManager (PipelineStateManager.java:addPipeline(55)) - Created pipeline Pipeline[ Id: c7ff1332-2908-4f2b-97b6-d0dacceeb899, Nodes: 24274e9f-e41f-4654-9afc-a783ca44e44b{ip: 192.168.69.67, host: pr-hdds-1868-wx8dl-4219780377, networkLocation: /default-rack, certSerialId: null}, Type:RATIS, Factor:ONE, State:ALLOCATED]
2019-10-18 07:13:50,174 [grpc-default-executor-0] INFO  impl.RaftServerProxy (RaftServerProxy.java:addNew(89)) - c52c3de9-0ed1-4f2b-ba1d-f317ceeb0ceb: addNew group-96B726D5AEA2:[c52c3de9-0ed1-4f2b-ba1d-f317ceeb0ceb:192.168.69.67:37615] returns group-96B726D5AEA2:java.util.concurrent.CompletableFuture@3c88efca[Not completed]
2019-10-18 07:13:50,180 [pool-87-thread-1] INFO  impl.RaftServerImpl (RaftServerImpl.java:<init>(104)) - c52c3de9-0ed1-4f2b-ba1d-f317ceeb0ceb: new RaftServerImpl for group-96B726D5AEA2:[c52c3de9-0ed1-4f2b-ba1d-f317ceeb0ceb:192.168.69.67:37615] with ContainerStateMachine:uninitialized
2019-10-18 07:13:50,180 [pool-87-thread-1] INFO  server.RaftServerConfigKeys (ConfUtils.java:logGet(43)) - raft.server.rpc.timeout.min = 5s (custom)
2019-10-18 07:13:50,180 [988115cd-21c9-4558-b198-f2cedd98ccf3@group-BF878B4C9D21-LeaderElection1] INFO  segmented.SegmentedRaftLogWorker (SegmentedRaftLogWorker.java:startLogSegment(385)) - 988115cd-21c9-4558-b198-f2cedd98ccf3@group-BF878B4C9D21-SegmentedRaftLogWorker: Starting segment from index:0
2019-10-18 07:13:50,181 [pool-87-thread-1] INFO  server.RaftServerConfigKeys (ConfUtils.java:logGet(43)) - raft.server.rpc.timeout.max = 5200ms (custom)
2019-10-18 07:13:50,182 [pool-87-thread-1] INFO  server.RaftServerConfigKeys (ConfUtils.java:logGet(43)) - raft.server.rpcslowness.timeout = 120s (custom)
2019-10-18 07:13:50,182 [pool-87-thread-1] INFO  server.RaftServerConfigKeys (ConfUtils.java:logGet(43)) - raft.server.sleep.deviation.threshold = 300 (default)
2019-10-18 07:13:50,182 [pool-87-thread-1] INFO  server.RaftServerConfigKeys (ConfUtils.java:logGet(43)) - raft.server.log.appender.install.snapshot.enabled = false (custom)
2019-10-18 07:13:50,182 [pool-87-thread-1] INFO  impl.RaftServerImpl (ServerState.java:<init>(103)) - c52c3de9-0ed1-4f2b-ba1d-f317ceeb0ceb@group-96B726D5AEA2: ConfigurationManager, init=-1: [c52c3de9-0ed1-4f2b-ba1d-f317ceeb0ceb:192.168.69.67:37615], old=null, confs=<EMPTY_MAP>
2019-10-18 07:13:50,183 [pool-87-thread-1] INFO  server.RaftServerConfigKeys (ConfUtils.java:logGet(43)) - raft.server.storage.dir = [/workdir/hadoop-ozone/integration-test/target/test-dir/MiniOzoneClusterImpl-f68115de-5278-4c94-9b3d-9176cb3c0071/datanode-6/data/ratis] (custom)
2019-10-18 07:13:50,183 [pool-87-thread-1] INFO  server.RaftServerConfigKeys (ConfUtils.java:logGet(43)) - raft.server.log.corruption.policy = EXCEPTION (default)
2019-10-18 07:13:50,184 [pool-87-thread-1] INFO  storage.RaftStorageDirectory (RaftStorageDirectory.java:analyzeStorage(246)) - The storage directory /workdir/hadoop-ozone/integration-test/target/test-dir/MiniOzoneClusterImpl-f68115de-5278-4c94-9b3d-9176cb3c0071/datanode-6/data/ratis/d7ba286b-3a78-4495-96a5-96b726d5aea2 does not exist. Creating ...
2019-10-18 07:13:50,192 [988115cd-21c9-4558-b198-f2cedd98ccf3@group-BF878B4C9D21-LeaderElection1] INFO  impl.RaftServerImpl (ServerState.java:setRaftConf(357)) - 988115cd-21c9-4558-b198-f2cedd98ccf3@group-BF878B4C9D21: set configuration 0: [988115cd-21c9-4558-b198-f2cedd98ccf3:192.168.69.67:44208], old=null at 0
2019-10-18 07:13:50,252 [pool-87-thread-1] INFO  storage.RaftStorageDirectory (RaftStorageDirectory.java:tryLock(328)) - Lock on /workdir/hadoop-ozone/integration-test/target/test-dir/MiniOzoneClusterImpl-f68115de-5278-4c94-9b3d-9176cb3c0071/datanode-6/data/ratis/d7ba286b-3a78-4495-96a5-96b726d5aea2/in_use.lock acquired by nodename 28720@pr-hdds-1868-wx8dl-4219780377
2019-10-18 07:13:50,292 [pool-87-thread-1] INFO  storage.RaftStorage (RaftStorage.java:format(84)) - Storage directory /workdir/hadoop-ozone/integration-test/target/test-dir/MiniOzoneClusterImpl-f68115de-5278-4c94-9b3d-9176cb3c0071/datanode-6/data/ratis/d7ba286b-3a78-4495-96a5-96b726d5aea2 has been successfully formatted.
2019-10-18 07:13:50,292 [Thread-245] INFO  impl.FollowerState (FollowerState.java:run(108)) - 24274e9f-e41f-4654-9afc-a783ca44e44b@group-D0DACCEEB899-FollowerState: change to CANDIDATE, lastRpcTime:158ms, electionTimeout:158ms
2019-10-18 07:13:50,292 [Thread-245] INFO  impl.RoleInfo (RoleInfo.java:shutdownFollowerState(121)) - 24274e9f-e41f-4654-9afc-a783ca44e44b: shutdown FollowerState
2019-10-18 07:13:50,292 [pool-87-thread-1] INFO  ratis.ContainerStateMachine (ContainerStateMachine.java:loadSnapshot(233)) - group-96B726D5AEA2: The snapshot info is null. Setting the last applied indexto:(t:0, i:~)
2019-10-18 07:13:50,294 [Thread-245] INFO  impl.RaftServerImpl (RaftServerImpl.java:setRole(184)) - 24274e9f-e41f-4654-9afc-a783ca44e44b@group-D0DACCEEB899: changes role from  FOLLOWER to CANDIDATE at term 0 for changeToCandidate
2019-10-18 07:13:50,294 [pool-87-thread-1] INFO  server.RaftServerConfigKeys (ConfUtils.java:logGet(43)) - raft.server.notification.no-leader.timeout = 120s (custom)
2019-10-18 07:13:50,294 [Thread-245] INFO  impl.RoleInfo (RoleInfo.java:updateAndGet(143)) - 24274e9f-e41f-4654-9afc-a783ca44e44b: start LeaderElection
2019-10-18 07:13:50,294 [pool-87-thread-1] INFO  server.RaftServerConfigKeys (ConfUtils.java:logGet(43)) - raft.server.log.use.memory = false (default)
2019-10-18 07:13:50,295 [pool-87-thread-1] INFO  server.RaftServerConfigKeys (ConfUtils.java:logGet(43)) - raft.server.log.purge.gap = 1000000 (custom)
2019-10-18 07:13:50,298 [pool-87-thread-1] INFO  server.RaftServerConfigKeys (ConfUtils.java:logGet(43)) - raft.server.log.appender.buffer.byte-limit = 33554432 (custom)
2019-10-18 07:13:50,298 [pool-87-thread-1] INFO  server.RaftServerConfigKeys (ConfUtils.java:logGet(43)) - raft.server.log.segment.size.max = 1048576 (custom)
2019-10-18 07:13:50,304 [pool-87-thread-1] INFO  server.RaftServerConfigKeys (ConfUtils.java:logGet(43)) - raft.server.log.segment.cache.num.max = 2 (custom)
2019-10-18 07:13:50,304 [pool-87-thread-1] INFO  segmented.SegmentedRaftLogWorker (SegmentedRaftLogWorker.java:<init>(173)) - new c52c3de9-0ed1-4f2b-ba1d-f317ceeb0ceb@group-96B726D5AEA2-SegmentedRaftLogWorker for RaftStorage:Storage Directory /workdir/hadoop-ozone/integration-test/target/test-dir/MiniOzoneClusterImpl-f68115de-5278-4c94-9b3d-9176cb3c0071/datanode-6/data/ratis/d7ba286b-3a78-4495-96a5-96b726d5aea2
2019-10-18 07:13:50,304 [pool-87-thread-1] INFO  server.RaftServerConfigKeys (ConfUtils.java:logGet(43)) - raft.server.log.queue.byte-limit = 2147483647 (custom)
2019-10-18 07:13:50,304 [pool-87-thread-1] INFO  server.RaftServerConfigKeys (ConfUtils.java:logGet(43)) - raft.server.log.queue.element-limit = 1024 (custom)
2019-10-18 07:13:50,305 [pool-87-thread-1] INFO  server.RaftServerConfigKeys (ConfUtils.java:logGet(43)) - raft.server.log.segment.size.max = 1048576 (custom)
2019-10-18 07:13:50,305 [pool-87-thread-1] INFO  server.RaftServerConfigKeys (ConfUtils.java:logGet(43)) - raft.server.log.preallocated.size = 16384 (custom)
2019-10-18 07:13:50,305 [pool-87-thread-1] INFO  server.RaftServerConfigKeys (ConfUtils.java:logGet(43)) - raft.server.log.write.buffer.size = 33554432 (custom)
2019-10-18 07:13:50,305 [pool-87-thread-1] INFO  server.RaftServerConfigKeys (ConfUtils.java:logGet(43)) - raft.server.log.force.sync.num = 128 (default)
2019-10-18 07:13:50,305 [pool-87-thread-1] INFO  server.RaftServerConfigKeys (ConfUtils.java:logGet(43)) - raft.server.log.statemachine.data.sync = true (default)
2019-10-18 07:13:50,305 [pool-87-thread-1] INFO  server.RaftServerConfigKeys (ConfUtils.java:logGet(43)) - raft.server.log.statemachine.data.sync.timeout = 10s (default)
2019-10-18 07:13:50,306 [pool-87-thread-1] INFO  server.RaftServerConfigKeys (ConfUtils.java:logGet(43)) - raft.server.log.statemachine.data.sync.timeout.retry = -1 (default)
2019-10-18 07:13:50,307 [pool-87-thread-1] INFO  server.RaftServerConfigKeys (ConfUtils.java:logGet(43)) - raft.server.log.statemachine.data.caching.enabled = true (custom)
2019-10-18 07:13:50,318 [pool-87-thread-1] INFO  segmented.SegmentedRaftLogWorker (SegmentedRaftLogWorker.java:lambda$new$0(128)) - c52c3de9-0ed1-4f2b-ba1d-f317ceeb0ceb@group-96B726D5AEA2-SegmentedRaftLogWorker: flushIndex: setUnconditionally 0 -> -1
2019-10-18 07:13:50,319 [pool-87-thread-1] INFO  server.RaftServerConfigKeys (ConfUtils.java:logGet(43)) - raft.server.snapshot.auto.trigger.enabled = true (custom)
2019-10-18 07:13:50,319 [24274e9f-e41f-4654-9afc-a783ca44e44b@group-D0DACCEEB899-LeaderElection2] INFO  impl.LeaderElection (LeaderElection.java:askForVotes(178)) - 24274e9f-e41f-4654-9afc-a783ca44e44b@group-D0DACCEEB899-LeaderElection2: begin an election at term 1 for -1: [24274e9f-e41f-4654-9afc-a783ca44e44b:192.168.69.67:35902], old=null
2019-10-18 07:13:50,319 [pool-87-thread-1] INFO  server.RaftServerConfigKeys (ConfUtils.java:logGet(43)) - raft.server.snapshot.auto.trigger.threshold = 10000 (custom)
2019-10-18 07:13:50,319 [24274e9f-e41f-4654-9afc-a783ca44e44b@group-D0DACCEEB899-LeaderElection2] INFO  impl.RoleInfo (RoleInfo.java:shutdownLeaderElection(134)) - 24274e9f-e41f-4654-9afc-a783ca44e44b: shutdown LeaderElection
2019-10-18 07:13:50,319 [pool-87-thread-1] INFO  server.RaftServerConfigKeys (ConfUtils.java:logGet(43)) - raft.server.snapshot.retention.file.num = 5 (custom)
2019-10-18 07:13:50,319 [24274e9f-e41f-4654-9afc-a783ca44e44b@group-D0DACCEEB899-LeaderElection2] INFO  impl.RaftServerImpl (RaftServerImpl.java:setRole(184)) - 24274e9f-e41f-4654-9afc-a783ca44e44b@group-D0DACCEEB899: changes role from CANDIDATE to LEADER at term 1 for changeToLeader
2019-10-18 07:13:50,320 [24274e9f-e41f-4654-9afc-a783ca44e44b@group-D0DACCEEB899-LeaderElection2] INFO  ratis.XceiverServerRatis (XceiverServerRatis.java:handleLeaderChangedNotification(699)) - Leader change notification received for group: group-D0DACCEEB899 with new leaderId: 24274e9f-e41f-4654-9afc-a783ca44e44b
2019-10-18 07:13:50,320 [pool-87-thread-1] INFO  server.RaftServerConfigKeys (ConfUtils.java:logGet(43)) - raft.server.retrycache.expirytime = 600000ms (custom)
2019-10-18 07:13:50,320 [24274e9f-e41f-4654-9afc-a783ca44e44b@group-D0DACCEEB899-LeaderElection2] INFO  impl.RaftServerImpl (ServerState.java:setLeader(256)) - 24274e9f-e41f-4654-9afc-a783ca44e44b@group-D0DACCEEB899: change Leader from null to 24274e9f-e41f-4654-9afc-a783ca44e44b at term 1 for becomeLeader, leader elected after 259ms
2019-10-18 07:13:50,321 [24274e9f-e41f-4654-9afc-a783ca44e44b@group-D0DACCEEB899-LeaderElection2] INFO  server.RaftServerConfigKeys (ConfUtils.java:logGet(43)) - raft.server.staging.catchup.gap = 1000 (default)
2019-10-18 07:13:50,321 [24274e9f-e41f-4654-9afc-a783ca44e44b@group-D0DACCEEB899-LeaderElection2] INFO  server.RaftServerConfigKeys (ConfUtils.java:logGet(43)) - raft.server.rpc.sleep.time = 25ms (default)
2019-10-18 07:13:50,323 [24274e9f-e41f-4654-9afc-a783ca44e44b@group-D0DACCEEB899-LeaderElection2] INFO  server.RaftServerConfigKeys (ConfUtils.java:logGet(43)) - raft.server.write.element-limit = 4096 (default)
2019-10-18 07:13:50,323 [24274e9f-e41f-4654-9afc-a783ca44e44b@group-D0DACCEEB899-LeaderElection2] INFO  server.RaftServerConfigKeys (ConfUtils.java:logGet(43)) - raft.server.watch.timeout = 10s (default)
2019-10-18 07:13:50,323 [24274e9f-e41f-4654-9afc-a783ca44e44b@group-D0DACCEEB899-LeaderElection2] INFO  server.RaftServerConfigKeys (ConfUtils.java:logGet(43)) - raft.server.watch.timeout.denomination = 1s (default)
2019-10-18 07:13:50,324 [24274e9f-e41f-4654-9afc-a783ca44e44b@group-D0DACCEEB899-LeaderElection2] INFO  server.RaftServerConfigKeys (ConfUtils.java:logGet(43)) - raft.server.watch.element-limit = 65536 (default)
2019-10-18 07:13:50,328 [24274e9f-e41f-4654-9afc-a783ca44e44b@group-D0DACCEEB899-LeaderElection2] INFO  impl.RoleInfo (RoleInfo.java:updateAndGet(143)) - 24274e9f-e41f-4654-9afc-a783ca44e44b: start LeaderState
2019-10-18 07:13:50,329 [24274e9f-e41f-4654-9afc-a783ca44e44b@group-D0DACCEEB899-LeaderElection2] INFO  segmented.SegmentedRaftLogWorker (SegmentedRaftLogWorker.java:startLogSegment(385)) - 24274e9f-e41f-4654-9afc-a783ca44e44b@group-D0DACCEEB899-SegmentedRaftLogWorker: Starting segment from index:0
2019-10-18 07:13:50,329 [24274e9f-e41f-4654-9afc-a783ca44e44b@group-D0DACCEEB899-LeaderElection2] INFO  impl.RaftServerImpl (ServerState.java:setRaftConf(357)) - 24274e9f-e41f-4654-9afc-a783ca44e44b@group-D0DACCEEB899: set configuration 0: [24274e9f-e41f-4654-9afc-a783ca44e44b:192.168.69.67:35902], old=null at 0
2019-10-18 07:13:50,333 [pool-87-thread-1] INFO  impl.RaftServerImpl (RaftServerImpl.java:start(195)) - c52c3de9-0ed1-4f2b-ba1d-f317ceeb0ceb@group-96B726D5AEA2: start as a follower, conf=-1: [c52c3de9-0ed1-4f2b-ba1d-f317ceeb0ceb:192.168.69.67:37615], old=null
2019-10-18 07:13:50,333 [pool-87-thread-1] INFO  impl.RaftServerImpl (RaftServerImpl.java:setRole(184)) - c52c3de9-0ed1-4f2b-ba1d-f317ceeb0ceb@group-96B726D5AEA2: changes role from      null to FOLLOWER at term 0 for startAsFollower
2019-10-18 07:13:50,333 [pool-87-thread-1] INFO  impl.RoleInfo (RoleInfo.java:updateAndGet(143)) - c52c3de9-0ed1-4f2b-ba1d-f317ceeb0ceb: start FollowerState
2019-10-18 07:13:50,334 [pool-87-thread-1] INFO  util.JmxRegister (JmxRegister.java:tryRegister(44)) - Successfully registered JMX Bean with object name Ratis:service=RaftServer,group=group-96B726D5AEA2,id=c52c3de9-0ed1-4f2b-ba1d-f317ceeb0ceb
2019-10-18 07:13:50,371 [Thread-250] INFO  impl.FollowerState (FollowerState.java:run(108)) - c52c3de9-0ed1-4f2b-ba1d-f317ceeb0ceb@group-96B726D5AEA2-FollowerState: change to CANDIDATE, lastRpcTime:37ms, electionTimeout:16ms
2019-10-18 07:13:50,373 [Thread-250] INFO  impl.RoleInfo (RoleInfo.java:shutdownFollowerState(121)) - c52c3de9-0ed1-4f2b-ba1d-f317ceeb0ceb: shutdown FollowerState
2019-10-18 07:13:50,373 [Thread-250] INFO  impl.RaftServerImpl (RaftServerImpl.java:setRole(184)) - c52c3de9-0ed1-4f2b-ba1d-f317ceeb0ceb@group-96B726D5AEA2: changes role from  FOLLOWER to CANDIDATE at term 0 for changeToCandidate
2019-10-18 07:13:50,373 [Thread-250] INFO  impl.RoleInfo (RoleInfo.java:updateAndGet(143)) - c52c3de9-0ed1-4f2b-ba1d-f317ceeb0ceb: start LeaderElection
2019-10-18 07:13:50,389 [RatisPipelineUtilsThread] INFO  pipeline.PipelineStateManager (PipelineStateManager.java:addPipeline(55)) - Created pipeline Pipeline[ Id: d7ba286b-3a78-4495-96a5-96b726d5aea2, Nodes: c52c3de9-0ed1-4f2b-ba1d-f317ceeb0ceb{ip: 192.168.69.67, host: pr-hdds-1868-wx8dl-4219780377, networkLocation: /default-rack, certSerialId: null}, Type:RATIS, Factor:ONE, State:ALLOCATED]
2019-10-18 07:13:50,405 [24274e9f-e41f-4654-9afc-a783ca44e44b@group-D0DACCEEB899-SegmentedRaftLogWorker] INFO  segmented.SegmentedRaftLogWorker (SegmentedRaftLogWorker.java:execute(576)) - 24274e9f-e41f-4654-9afc-a783ca44e44b@group-D0DACCEEB899-SegmentedRaftLogWorker: created new log segment /workdir/hadoop-ozone/integration-test/target/test-dir/MiniOzoneClusterImpl-f68115de-5278-4c94-9b3d-9176cb3c0071/datanode-2/data/ratis/c7ff1332-2908-4f2b-97b6-d0dacceeb899/current/log_inprogress_0
2019-10-18 07:13:50,405 [988115cd-21c9-4558-b198-f2cedd98ccf3@group-BF878B4C9D21-SegmentedRaftLogWorker] INFO  segmented.SegmentedRaftLogWorker (SegmentedRaftLogWorker.java:execute(576)) - 988115cd-21c9-4558-b198-f2cedd98ccf3@group-BF878B4C9D21-SegmentedRaftLogWorker: created new log segment /workdir/hadoop-ozone/integration-test/target/test-dir/MiniOzoneClusterImpl-f68115de-5278-4c94-9b3d-9176cb3c0071/datanode-0/data/ratis/f1ec29f3-863c-45fa-9c11-bf878b4c9d21/current/log_inprogress_0
2019-10-18 07:13:50,405 [c52c3de9-0ed1-4f2b-ba1d-f317ceeb0ceb@group-96B726D5AEA2-LeaderElection3] INFO  impl.LeaderElection (LeaderElection.java:askForVotes(178)) - c52c3de9-0ed1-4f2b-ba1d-f317ceeb0ceb@group-96B726D5AEA2-LeaderElection3: begin an election at term 1 for -1: [c52c3de9-0ed1-4f2b-ba1d-f317ceeb0ceb:192.168.69.67:37615], old=null
2019-10-18 07:13:50,407 [c52c3de9-0ed1-4f2b-ba1d-f317ceeb0ceb@group-96B726D5AEA2-LeaderElection3] INFO  impl.RoleInfo (RoleInfo.java:shutdownLeaderElection(134)) - c52c3de9-0ed1-4f2b-ba1d-f317ceeb0ceb: shutdown LeaderElection
2019-10-18 07:13:50,407 [c52c3de9-0ed1-4f2b-ba1d-f317ceeb0ceb@group-96B726D5AEA2-LeaderElection3] INFO  impl.RaftServerImpl (RaftServerImpl.java:setRole(184)) - c52c3de9-0ed1-4f2b-ba1d-f317ceeb0ceb@group-96B726D5AEA2: changes role from CANDIDATE to LEADER at term 1 for changeToLeader
2019-10-18 07:13:50,408 [c52c3de9-0ed1-4f2b-ba1d-f317ceeb0ceb@group-96B726D5AEA2-LeaderElection3] INFO  ratis.XceiverServerRatis (XceiverServerRatis.java:handleLeaderChangedNotification(699)) - Leader change notification received for group: group-96B726D5AEA2 with new leaderId: c52c3de9-0ed1-4f2b-ba1d-f317ceeb0ceb
2019-10-18 07:13:50,408 [c52c3de9-0ed1-4f2b-ba1d-f317ceeb0ceb@group-96B726D5AEA2-LeaderElection3] INFO  impl.RaftServerImpl (ServerState.java:setLeader(256)) - c52c3de9-0ed1-4f2b-ba1d-f317ceeb0ceb@group-96B726D5AEA2: change Leader from null to c52c3de9-0ed1-4f2b-ba1d-f317ceeb0ceb at term 1 for becomeLeader, leader elected after 114ms
2019-10-18 07:13:50,408 [grpc-default-executor-0] INFO  impl.RaftServerProxy (RaftServerProxy.java:addNew(89)) - f7ab671b-901b-4a48-a9a9-f6c73ab18394: addNew group-F967029850D4:[f7ab671b-901b-4a48-a9a9-f6c73ab18394:192.168.69.67:41075] returns group-F967029850D4:java.util.concurrent.CompletableFuture@37ddeaf0[Not completed]
2019-10-18 07:13:50,409 [c52c3de9-0ed1-4f2b-ba1d-f317ceeb0ceb@group-96B726D5AEA2-LeaderElection3] INFO  server.RaftServerConfigKeys (ConfUtils.java:logGet(43)) - raft.server.staging.catchup.gap = 1000 (default)
2019-10-18 07:13:50,411 [c52c3de9-0ed1-4f2b-ba1d-f317ceeb0ceb@group-96B726D5AEA2-LeaderElection3] INFO  server.RaftServerConfigKeys (ConfUtils.java:logGet(43)) - raft.server.rpc.sleep.time = 25ms (default)
2019-10-18 07:13:50,411 [c52c3de9-0ed1-4f2b-ba1d-f317ceeb0ceb@group-96B726D5AEA2-LeaderElection3] INFO  server.RaftServerConfigKeys (ConfUtils.java:logGet(43)) - raft.server.write.element-limit = 4096 (default)
2019-10-18 07:13:50,412 [c52c3de9-0ed1-4f2b-ba1d-f317ceeb0ceb@group-96B726D5AEA2-LeaderElection3] INFO  server.RaftServerConfigKeys (ConfUtils.java:logGet(43)) - raft.server.watch.timeout = 10s (default)
2019-10-18 07:13:50,412 [c52c3de9-0ed1-4f2b-ba1d-f317ceeb0ceb@group-96B726D5AEA2-LeaderElection3] INFO  server.RaftServerConfigKeys (ConfUtils.java:logGet(43)) - raft.server.watch.timeout.denomination = 1s (default)
2019-10-18 07:13:50,412 [c52c3de9-0ed1-4f2b-ba1d-f317ceeb0ceb@group-96B726D5AEA2-LeaderElection3] INFO  server.RaftServerConfigKeys (ConfUtils.java:logGet(43)) - raft.server.watch.element-limit = 65536 (default)
2019-10-18 07:13:50,415 [pool-77-thread-1] INFO  impl.RaftServerImpl (RaftServerImpl.java:<init>(104)) - f7ab671b-901b-4a48-a9a9-f6c73ab18394: new RaftServerImpl for group-F967029850D4:[f7ab671b-901b-4a48-a9a9-f6c73ab18394:192.168.69.67:41075] with ContainerStateMachine:uninitialized
2019-10-18 07:13:50,416 [pool-77-thread-1] INFO  server.RaftServerConfigKeys (ConfUtils.java:logGet(43)) - raft.server.rpc.timeout.min = 5s (custom)
2019-10-18 07:13:50,416 [pool-77-thread-1] INFO  server.RaftServerConfigKeys (ConfUtils.java:logGet(43)) - raft.server.rpc.timeout.max = 5200ms (custom)
2019-10-18 07:13:50,416 [pool-77-thread-1] INFO  server.RaftServerConfigKeys (ConfUtils.java:logGet(43)) - raft.server.rpcslowness.timeout = 120s (custom)
2019-10-18 07:13:50,416 [pool-77-thread-1] INFO  server.RaftServerConfigKeys (ConfUtils.java:logGet(43)) - raft.server.sleep.deviation.threshold = 300 (default)
2019-10-18 07:13:50,416 [pool-77-thread-1] INFO  server.RaftServerConfigKeys (ConfUtils.java:logGet(43)) - raft.server.log.appender.install.snapshot.enabled = false (custom)
2019-10-18 07:13:50,416 [pool-77-thread-1] INFO  impl.RaftServerImpl (ServerState.java:<init>(103)) - f7ab671b-901b-4a48-a9a9-f6c73ab18394@group-F967029850D4: ConfigurationManager, init=-1: [f7ab671b-901b-4a48-a9a9-f6c73ab18394:192.168.69.67:41075], old=null, confs=<EMPTY_MAP>
2019-10-18 07:13:50,416 [pool-77-thread-1] INFO  server.RaftServerConfigKeys (ConfUtils.java:logGet(43)) - raft.server.storage.dir = [/workdir/hadoop-ozone/integration-test/target/test-dir/MiniOzoneClusterImpl-f68115de-5278-4c94-9b3d-9176cb3c0071/datanode-5/data/ratis] (custom)
2019-10-18 07:13:50,417 [pool-77-thread-1] INFO  server.RaftServerConfigKeys (ConfUtils.java:logGet(43)) - raft.server.log.corruption.policy = EXCEPTION (default)
2019-10-18 07:13:50,417 [pool-77-thread-1] INFO  storage.RaftStorageDirectory (RaftStorageDirectory.java:analyzeStorage(246)) - The storage directory /workdir/hadoop-ozone/integration-test/target/test-dir/MiniOzoneClusterImpl-f68115de-5278-4c94-9b3d-9176cb3c0071/datanode-5/data/ratis/600affbe-933d-4ea0-86ee-f967029850d4 does not exist. Creating ...
2019-10-18 07:13:50,417 [c52c3de9-0ed1-4f2b-ba1d-f317ceeb0ceb@group-96B726D5AEA2-LeaderElection3] INFO  impl.RoleInfo (RoleInfo.java:updateAndGet(143)) - c52c3de9-0ed1-4f2b-ba1d-f317ceeb0ceb: start LeaderState
2019-10-18 07:13:50,418 [c52c3de9-0ed1-4f2b-ba1d-f317ceeb0ceb@group-96B726D5AEA2-LeaderElection3] INFO  segmented.SegmentedRaftLogWorker (SegmentedRaftLogWorker.java:startLogSegment(385)) - c52c3de9-0ed1-4f2b-ba1d-f317ceeb0ceb@group-96B726D5AEA2-SegmentedRaftLogWorker: Starting segment from index:0
2019-10-18 07:13:50,418 [c52c3de9-0ed1-4f2b-ba1d-f317ceeb0ceb@group-96B726D5AEA2-LeaderElection3] INFO  impl.RaftServerImpl (ServerState.java:setRaftConf(357)) - c52c3de9-0ed1-4f2b-ba1d-f317ceeb0ceb@group-96B726D5AEA2: set configuration 0: [c52c3de9-0ed1-4f2b-ba1d-f317ceeb0ceb:192.168.69.67:37615], old=null at 0
2019-10-18 07:13:50,445 [pool-77-thread-1] INFO  storage.RaftStorageDirectory (RaftStorageDirectory.java:tryLock(328)) - Lock on /workdir/hadoop-ozone/integration-test/target/test-dir/MiniOzoneClusterImpl-f68115de-5278-4c94-9b3d-9176cb3c0071/datanode-5/data/ratis/600affbe-933d-4ea0-86ee-f967029850d4/in_use.lock acquired by nodename 28720@pr-hdds-1868-wx8dl-4219780377
2019-10-18 07:13:50,465 [c52c3de9-0ed1-4f2b-ba1d-f317ceeb0ceb@group-96B726D5AEA2-SegmentedRaftLogWorker] INFO  segmented.SegmentedRaftLogWorker (SegmentedRaftLogWorker.java:execute(576)) - c52c3de9-0ed1-4f2b-ba1d-f317ceeb0ceb@group-96B726D5AEA2-SegmentedRaftLogWorker: created new log segment /workdir/hadoop-ozone/integration-test/target/test-dir/MiniOzoneClusterImpl-f68115de-5278-4c94-9b3d-9176cb3c0071/datanode-6/data/ratis/d7ba286b-3a78-4495-96a5-96b726d5aea2/current/log_inprogress_0
2019-10-18 07:13:50,486 [pool-77-thread-1] INFO  storage.RaftStorage (RaftStorage.java:format(84)) - Storage directory /workdir/hadoop-ozone/integration-test/target/test-dir/MiniOzoneClusterImpl-f68115de-5278-4c94-9b3d-9176cb3c0071/datanode-5/data/ratis/600affbe-933d-4ea0-86ee-f967029850d4 has been successfully formatted.
2019-10-18 07:13:50,486 [pool-77-thread-1] INFO  ratis.ContainerStateMachine (ContainerStateMachine.java:loadSnapshot(233)) - group-F967029850D4: The snapshot info is null. Setting the last applied indexto:(t:0, i:~)
2019-10-18 07:13:50,486 [pool-77-thread-1] INFO  server.RaftServerConfigKeys (ConfUtils.java:logGet(43)) - raft.server.notification.no-leader.timeout = 120s (custom)
2019-10-18 07:13:50,487 [pool-77-thread-1] INFO  server.RaftServerConfigKeys (ConfUtils.java:logGet(43)) - raft.server.log.use.memory = false (default)
2019-10-18 07:13:50,487 [pool-77-thread-1] INFO  server.RaftServerConfigKeys (ConfUtils.java:logGet(43)) - raft.server.log.purge.gap = 1000000 (custom)
2019-10-18 07:13:50,487 [pool-77-thread-1] INFO  server.RaftServerConfigKeys (ConfUtils.java:logGet(43)) - raft.server.log.appender.buffer.byte-limit = 33554432 (custom)
2019-10-18 07:13:50,487 [pool-77-thread-1] INFO  server.RaftServerConfigKeys (ConfUtils.java:logGet(43)) - raft.server.log.segment.size.max = 1048576 (custom)
2019-10-18 07:13:50,491 [pool-77-thread-1] INFO  server.RaftServerConfigKeys (ConfUtils.java:logGet(43)) - raft.server.log.segment.cache.num.max = 2 (custom)
2019-10-18 07:13:50,491 [pool-77-thread-1] INFO  segmented.SegmentedRaftLogWorker (SegmentedRaftLogWorker.java:<init>(173)) - new f7ab671b-901b-4a48-a9a9-f6c73ab18394@group-F967029850D4-SegmentedRaftLogWorker for RaftStorage:Storage Directory /workdir/hadoop-ozone/integration-test/target/test-dir/MiniOzoneClusterImpl-f68115de-5278-4c94-9b3d-9176cb3c0071/datanode-5/data/ratis/600affbe-933d-4ea0-86ee-f967029850d4
2019-10-18 07:13:50,491 [pool-77-thread-1] INFO  server.RaftServerConfigKeys (ConfUtils.java:logGet(43)) - raft.server.log.queue.byte-limit = 2147483647 (custom)
2019-10-18 07:13:50,491 [pool-77-thread-1] INFO  server.RaftServerConfigKeys (ConfUtils.java:logGet(43)) - raft.server.log.queue.element-limit = 1024 (custom)
2019-10-18 07:13:50,492 [pool-77-thread-1] INFO  server.RaftServerConfigKeys (ConfUtils.java:logGet(43)) - raft.server.log.segment.size.max = 1048576 (custom)
2019-10-18 07:13:50,492 [pool-77-thread-1] INFO  server.RaftServerConfigKeys (ConfUtils.java:logGet(43)) - raft.server.log.preallocated.size = 16384 (custom)
2019-10-18 07:13:50,492 [pool-77-thread-1] INFO  server.RaftServerConfigKeys (ConfUtils.java:logGet(43)) - raft.server.log.write.buffer.size = 33554432 (custom)
2019-10-18 07:13:50,492 [pool-77-thread-1] INFO  server.RaftServerConfigKeys (ConfUtils.java:logGet(43)) - raft.server.log.force.sync.num = 128 (default)
2019-10-18 07:13:50,492 [pool-77-thread-1] INFO  server.RaftServerConfigKeys (ConfUtils.java:logGet(43)) - raft.server.log.statemachine.data.sync = true (default)
2019-10-18 07:13:50,493 [pool-77-thread-1] INFO  server.RaftServerConfigKeys (ConfUtils.java:logGet(43)) - raft.server.log.statemachine.data.sync.timeout = 10s (default)
2019-10-18 07:13:50,493 [pool-77-thread-1] INFO  server.RaftServerConfigKeys (ConfUtils.java:logGet(43)) - raft.server.log.statemachine.data.sync.timeout.retry = -1 (default)
2019-10-18 07:13:50,493 [pool-77-thread-1] INFO  server.RaftServerConfigKeys (ConfUtils.java:logGet(43)) - raft.server.log.statemachine.data.caching.enabled = true (custom)
2019-10-18 07:13:50,494 [pool-77-thread-1] INFO  segmented.SegmentedRaftLogWorker (SegmentedRaftLogWorker.java:lambda$new$0(128)) - f7ab671b-901b-4a48-a9a9-f6c73ab18394@group-F967029850D4-SegmentedRaftLogWorker: flushIndex: setUnconditionally 0 -> -1
2019-10-18 07:13:50,494 [pool-77-thread-1] INFO  server.RaftServerConfigKeys (ConfUtils.java:logGet(43)) - raft.server.snapshot.auto.trigger.enabled = true (custom)
2019-10-18 07:13:50,494 [pool-77-thread-1] INFO  server.RaftServerConfigKeys (ConfUtils.java:logGet(43)) - raft.server.snapshot.auto.trigger.threshold = 10000 (custom)
2019-10-18 07:13:50,495 [pool-77-thread-1] INFO  server.RaftServerConfigKeys (ConfUtils.java:logGet(43)) - raft.server.snapshot.retention.file.num = 5 (custom)
2019-10-18 07:13:50,495 [pool-77-thread-1] INFO  server.RaftServerConfigKeys (ConfUtils.java:logGet(43)) - raft.server.retrycache.expirytime = 600000ms (custom)
2019-10-18 07:13:50,501 [pool-77-thread-1] INFO  impl.RaftServerImpl (RaftServerImpl.java:start(195)) - f7ab671b-901b-4a48-a9a9-f6c73ab18394@group-F967029850D4: start as a follower, conf=-1: [f7ab671b-901b-4a48-a9a9-f6c73ab18394:192.168.69.67:41075], old=null
2019-10-18 07:13:50,501 [pool-77-thread-1] INFO  impl.RaftServerImpl (RaftServerImpl.java:setRole(184)) - f7ab671b-901b-4a48-a9a9-f6c73ab18394@group-F967029850D4: changes role from      null to FOLLOWER at term 0 for startAsFollower
2019-10-18 07:13:50,502 [pool-77-thread-1] INFO  impl.RoleInfo (RoleInfo.java:updateAndGet(143)) - f7ab671b-901b-4a48-a9a9-f6c73ab18394: start FollowerState
2019-10-18 07:13:50,502 [pool-77-thread-1] INFO  util.JmxRegister (JmxRegister.java:tryRegister(44)) - Successfully registered JMX Bean with object name Ratis:service=RaftServer,group=group-F967029850D4,id=f7ab671b-901b-4a48-a9a9-f6c73ab18394
2019-10-18 07:13:50,520 [RatisPipelineUtilsThread] INFO  pipeline.PipelineStateManager (PipelineStateManager.java:addPipeline(55)) - Created pipeline Pipeline[ Id: 600affbe-933d-4ea0-86ee-f967029850d4, Nodes: f7ab671b-901b-4a48-a9a9-f6c73ab18394{ip: 192.168.69.67, host: pr-hdds-1868-wx8dl-4219780377, networkLocation: /default-rack, certSerialId: null}, Type:RATIS, Factor:ONE, State:ALLOCATED]
2019-10-18 07:13:50,543 [grpc-default-executor-0] INFO  impl.RaftServerProxy (RaftServerProxy.java:addNew(89)) - d2e56473-8267-4871-9849-be2e71e1a2dc: addNew group-4A5985BBF6FD:[d2e56473-8267-4871-9849-be2e71e1a2dc:192.168.69.67:35020] returns group-4A5985BBF6FD:java.util.concurrent.CompletableFuture@2b68d4ae[Not completed]
2019-10-18 07:13:50,546 [pool-37-thread-1] INFO  impl.RaftServerImpl (RaftServerImpl.java:<init>(104)) - d2e56473-8267-4871-9849-be2e71e1a2dc: new RaftServerImpl for group-4A5985BBF6FD:[d2e56473-8267-4871-9849-be2e71e1a2dc:192.168.69.67:35020] with ContainerStateMachine:uninitialized
2019-10-18 07:13:50,546 [pool-37-thread-1] INFO  server.RaftServerConfigKeys (ConfUtils.java:logGet(43)) - raft.server.rpc.timeout.min = 5s (custom)
2019-10-18 07:13:50,547 [pool-37-thread-1] INFO  server.RaftServerConfigKeys (ConfUtils.java:logGet(43)) - raft.server.rpc.timeout.max = 5200ms (custom)
2019-10-18 07:13:50,547 [pool-37-thread-1] INFO  server.RaftServerConfigKeys (ConfUtils.java:logGet(43)) - raft.server.rpcslowness.timeout = 120s (custom)
2019-10-18 07:13:50,547 [pool-37-thread-1] INFO  server.RaftServerConfigKeys (ConfUtils.java:logGet(43)) - raft.server.sleep.deviation.threshold = 300 (default)
2019-10-18 07:13:50,547 [pool-37-thread-1] INFO  server.RaftServerConfigKeys (ConfUtils.java:logGet(43)) - raft.server.log.appender.install.snapshot.enabled = false (custom)
2019-10-18 07:13:50,547 [pool-37-thread-1] INFO  impl.RaftServerImpl (ServerState.java:<init>(103)) - d2e56473-8267-4871-9849-be2e71e1a2dc@group-4A5985BBF6FD: ConfigurationManager, init=-1: [d2e56473-8267-4871-9849-be2e71e1a2dc:192.168.69.67:35020], old=null, confs=<EMPTY_MAP>
2019-10-18 07:13:50,547 [pool-37-thread-1] INFO  server.RaftServerConfigKeys (ConfUtils.java:logGet(43)) - raft.server.storage.dir = [/workdir/hadoop-ozone/integration-test/target/test-dir/MiniOzoneClusterImpl-f68115de-5278-4c94-9b3d-9176cb3c0071/datanode-1/data/ratis] (custom)
2019-10-18 07:13:50,548 [pool-37-thread-1] INFO  server.RaftServerConfigKeys (ConfUtils.java:logGet(43)) - raft.server.log.corruption.policy = EXCEPTION (default)
2019-10-18 07:13:50,548 [pool-37-thread-1] INFO  storage.RaftStorageDirectory (RaftStorageDirectory.java:analyzeStorage(246)) - The storage directory /workdir/hadoop-ozone/integration-test/target/test-dir/MiniOzoneClusterImpl-f68115de-5278-4c94-9b3d-9176cb3c0071/datanode-1/data/ratis/75f31a0e-c847-499b-9f00-4a5985bbf6fd does not exist. Creating ...
2019-10-18 07:13:50,595 [pool-37-thread-1] INFO  storage.RaftStorageDirectory (RaftStorageDirectory.java:tryLock(328)) - Lock on /workdir/hadoop-ozone/integration-test/target/test-dir/MiniOzoneClusterImpl-f68115de-5278-4c94-9b3d-9176cb3c0071/datanode-1/data/ratis/75f31a0e-c847-499b-9f00-4a5985bbf6fd/in_use.lock acquired by nodename 28720@pr-hdds-1868-wx8dl-4219780377
2019-10-18 07:13:50,630 [pool-37-thread-1] INFO  storage.RaftStorage (RaftStorage.java:format(84)) - Storage directory /workdir/hadoop-ozone/integration-test/target/test-dir/MiniOzoneClusterImpl-f68115de-5278-4c94-9b3d-9176cb3c0071/datanode-1/data/ratis/75f31a0e-c847-499b-9f00-4a5985bbf6fd has been successfully formatted.
2019-10-18 07:13:50,631 [pool-37-thread-1] INFO  ratis.ContainerStateMachine (ContainerStateMachine.java:loadSnapshot(233)) - group-4A5985BBF6FD: The snapshot info is null. Setting the last applied indexto:(t:0, i:~)
2019-10-18 07:13:50,631 [pool-37-thread-1] INFO  server.RaftServerConfigKeys (ConfUtils.java:logGet(43)) - raft.server.notification.no-leader.timeout = 120s (custom)
2019-10-18 07:13:50,631 [pool-37-thread-1] INFO  server.RaftServerConfigKeys (ConfUtils.java:logGet(43)) - raft.server.log.use.memory = false (default)
2019-10-18 07:13:50,631 [pool-37-thread-1] INFO  server.RaftServerConfigKeys (ConfUtils.java:logGet(43)) - raft.server.log.purge.gap = 1000000 (custom)
2019-10-18 07:13:50,632 [pool-37-thread-1] INFO  server.RaftServerConfigKeys (ConfUtils.java:logGet(43)) - raft.server.log.appender.buffer.byte-limit = 33554432 (custom)
2019-10-18 07:13:50,632 [pool-37-thread-1] INFO  server.RaftServerConfigKeys (ConfUtils.java:logGet(43)) - raft.server.log.segment.size.max = 1048576 (custom)
2019-10-18 07:13:50,636 [pool-37-thread-1] INFO  server.RaftServerConfigKeys (ConfUtils.java:logGet(43)) - raft.server.log.segment.cache.num.max = 2 (custom)
2019-10-18 07:13:50,636 [pool-37-thread-1] INFO  segmented.SegmentedRaftLogWorker (SegmentedRaftLogWorker.java:<init>(173)) - new d2e56473-8267-4871-9849-be2e71e1a2dc@group-4A5985BBF6FD-SegmentedRaftLogWorker for RaftStorage:Storage Directory /workdir/hadoop-ozone/integration-test/target/test-dir/MiniOzoneClusterImpl-f68115de-5278-4c94-9b3d-9176cb3c0071/datanode-1/data/ratis/75f31a0e-c847-499b-9f00-4a5985bbf6fd
2019-10-18 07:13:50,636 [pool-37-thread-1] INFO  server.RaftServerConfigKeys (ConfUtils.java:logGet(43)) - raft.server.log.queue.byte-limit = 2147483647 (custom)
2019-10-18 07:13:50,637 [pool-37-thread-1] INFO  server.RaftServerConfigKeys (ConfUtils.java:logGet(43)) - raft.server.log.queue.element-limit = 1024 (custom)
2019-10-18 07:13:50,637 [pool-37-thread-1] INFO  server.RaftServerConfigKeys (ConfUtils.java:logGet(43)) - raft.server.log.segment.size.max = 1048576 (custom)
2019-10-18 07:13:50,637 [pool-37-thread-1] INFO  server.RaftServerConfigKeys (ConfUtils.java:logGet(43)) - raft.server.log.preallocated.size = 16384 (custom)
2019-10-18 07:13:50,637 [pool-37-thread-1] INFO  server.RaftServerConfigKeys (ConfUtils.java:logGet(43)) - raft.server.log.write.buffer.size = 33554432 (custom)
2019-10-18 07:13:50,637 [pool-37-thread-1] INFO  server.RaftServerConfigKeys (ConfUtils.java:logGet(43)) - raft.server.log.force.sync.num = 128 (default)
2019-10-18 07:13:50,637 [pool-37-thread-1] INFO  server.RaftServerConfigKeys (ConfUtils.java:logGet(43)) - raft.server.log.statemachine.data.sync = true (default)
2019-10-18 07:13:50,638 [pool-37-thread-1] INFO  server.RaftServerConfigKeys (ConfUtils.java:logGet(43)) - raft.server.log.statemachine.data.sync.timeout = 10s (default)
2019-10-18 07:13:50,638 [pool-37-thread-1] INFO  server.RaftServerConfigKeys (ConfUtils.java:logGet(43)) - raft.server.log.statemachine.data.sync.timeout.retry = -1 (default)
2019-10-18 07:13:50,639 [pool-37-thread-1] INFO  server.RaftServerConfigKeys (ConfUtils.java:logGet(43)) - raft.server.log.statemachine.data.caching.enabled = true (custom)
2019-10-18 07:13:50,639 [pool-37-thread-1] INFO  segmented.SegmentedRaftLogWorker (SegmentedRaftLogWorker.java:lambda$new$0(128)) - d2e56473-8267-4871-9849-be2e71e1a2dc@group-4A5985BBF6FD-SegmentedRaftLogWorker: flushIndex: setUnconditionally 0 -> -1
2019-10-18 07:13:50,639 [pool-37-thread-1] INFO  server.RaftServerConfigKeys (ConfUtils.java:logGet(43)) - raft.server.snapshot.auto.trigger.enabled = true (custom)
2019-10-18 07:13:50,639 [pool-37-thread-1] INFO  server.RaftServerConfigKeys (ConfUtils.java:logGet(43)) - raft.server.snapshot.auto.trigger.threshold = 10000 (custom)
2019-10-18 07:13:50,640 [pool-37-thread-1] INFO  server.RaftServerConfigKeys (ConfUtils.java:logGet(43)) - raft.server.snapshot.retention.file.num = 5 (custom)
2019-10-18 07:13:50,640 [pool-37-thread-1] INFO  server.RaftServerConfigKeys (ConfUtils.java:logGet(43)) - raft.server.retrycache.expirytime = 600000ms (custom)
2019-10-18 07:13:50,645 [pool-37-thread-1] INFO  impl.RaftServerImpl (RaftServerImpl.java:start(195)) - d2e56473-8267-4871-9849-be2e71e1a2dc@group-4A5985BBF6FD: start as a follower, conf=-1: [d2e56473-8267-4871-9849-be2e71e1a2dc:192.168.69.67:35020], old=null
2019-10-18 07:13:50,645 [pool-37-thread-1] INFO  impl.RaftServerImpl (RaftServerImpl.java:setRole(184)) - d2e56473-8267-4871-9849-be2e71e1a2dc@group-4A5985BBF6FD: changes role from      null to FOLLOWER at term 0 for startAsFollower
2019-10-18 07:13:50,645 [pool-37-thread-1] INFO  impl.RoleInfo (RoleInfo.java:updateAndGet(143)) - d2e56473-8267-4871-9849-be2e71e1a2dc: start FollowerState
2019-10-18 07:13:50,646 [pool-37-thread-1] INFO  util.JmxRegister (JmxRegister.java:tryRegister(44)) - Successfully registered JMX Bean with object name Ratis:service=RaftServer,group=group-4A5985BBF6FD,id=d2e56473-8267-4871-9849-be2e71e1a2dc
2019-10-18 07:13:50,658 [RatisPipelineUtilsThread] INFO  pipeline.PipelineStateManager (PipelineStateManager.java:addPipeline(55)) - Created pipeline Pipeline[ Id: 75f31a0e-c847-499b-9f00-4a5985bbf6fd, Nodes: d2e56473-8267-4871-9849-be2e71e1a2dc{ip: 192.168.69.67, host: pr-hdds-1868-wx8dl-4219780377, networkLocation: /default-rack, certSerialId: null}, Type:RATIS, Factor:ONE, State:ALLOCATED]
2019-10-18 07:13:50,672 [Thread-255] INFO  impl.FollowerState (FollowerState.java:run(108)) - f7ab671b-901b-4a48-a9a9-f6c73ab18394@group-F967029850D4-FollowerState: change to CANDIDATE, lastRpcTime:170ms, electionTimeout:165ms
2019-10-18 07:13:50,672 [Thread-255] INFO  impl.RoleInfo (RoleInfo.java:shutdownFollowerState(121)) - f7ab671b-901b-4a48-a9a9-f6c73ab18394: shutdown FollowerState
2019-10-18 07:13:50,673 [Thread-255] INFO  impl.RaftServerImpl (RaftServerImpl.java:setRole(184)) - f7ab671b-901b-4a48-a9a9-f6c73ab18394@group-F967029850D4: changes role from  FOLLOWER to CANDIDATE at term 0 for changeToCandidate
2019-10-18 07:13:50,673 [Thread-255] INFO  impl.RoleInfo (RoleInfo.java:updateAndGet(143)) - f7ab671b-901b-4a48-a9a9-f6c73ab18394: start LeaderElection
2019-10-18 07:13:50,673 [Thread-258] INFO  impl.FollowerState (FollowerState.java:run(108)) - d2e56473-8267-4871-9849-be2e71e1a2dc@group-4A5985BBF6FD-FollowerState: change to CANDIDATE, lastRpcTime:27ms, electionTimeout:27ms
2019-10-18 07:13:50,675 [Thread-258] INFO  impl.RoleInfo (RoleInfo.java:shutdownFollowerState(121)) - d2e56473-8267-4871-9849-be2e71e1a2dc: shutdown FollowerState
2019-10-18 07:13:50,675 [Thread-258] INFO  impl.RaftServerImpl (RaftServerImpl.java:setRole(184)) - d2e56473-8267-4871-9849-be2e71e1a2dc@group-4A5985BBF6FD: changes role from  FOLLOWER to CANDIDATE at term 0 for changeToCandidate
2019-10-18 07:13:50,676 [Thread-258] INFO  impl.RoleInfo (RoleInfo.java:updateAndGet(143)) - d2e56473-8267-4871-9849-be2e71e1a2dc: start LeaderElection
2019-10-18 07:13:50,682 [grpc-default-executor-0] INFO  impl.RaftServerProxy (RaftServerProxy.java:addNew(89)) - 48796f01-a45e-4e78-98f3-7a8f6b07cc28: addNew group-7DC3B7510CFE:[48796f01-a45e-4e78-98f3-7a8f6b07cc28:192.168.69.67:44206] returns group-7DC3B7510CFE:java.util.concurrent.CompletableFuture@23be07a8[Not completed]
2019-10-18 07:13:50,686 [pool-57-thread-1] INFO  impl.RaftServerImpl (RaftServerImpl.java:<init>(104)) - 48796f01-a45e-4e78-98f3-7a8f6b07cc28: new RaftServerImpl for group-7DC3B7510CFE:[48796f01-a45e-4e78-98f3-7a8f6b07cc28:192.168.69.67:44206] with ContainerStateMachine:uninitialized
2019-10-18 07:13:50,686 [pool-57-thread-1] INFO  server.RaftServerConfigKeys (ConfUtils.java:logGet(43)) - raft.server.rpc.timeout.min = 5s (custom)
2019-10-18 07:13:50,686 [pool-57-thread-1] INFO  server.RaftServerConfigKeys (ConfUtils.java:logGet(43)) - raft.server.rpc.timeout.max = 5200ms (custom)
2019-10-18 07:13:50,687 [pool-57-thread-1] INFO  server.RaftServerConfigKeys (ConfUtils.java:logGet(43)) - raft.server.rpcslowness.timeout = 120s (custom)
2019-10-18 07:13:50,687 [pool-57-thread-1] INFO  server.RaftServerConfigKeys (ConfUtils.java:logGet(43)) - raft.server.sleep.deviation.threshold = 300 (default)
2019-10-18 07:13:50,687 [pool-57-thread-1] INFO  server.RaftServerConfigKeys (ConfUtils.java:logGet(43)) - raft.server.log.appender.install.snapshot.enabled = false (custom)
2019-10-18 07:13:50,687 [pool-57-thread-1] INFO  impl.RaftServerImpl (ServerState.java:<init>(103)) - 48796f01-a45e-4e78-98f3-7a8f6b07cc28@group-7DC3B7510CFE: ConfigurationManager, init=-1: [48796f01-a45e-4e78-98f3-7a8f6b07cc28:192.168.69.67:44206], old=null, confs=<EMPTY_MAP>
2019-10-18 07:13:50,687 [pool-57-thread-1] INFO  server.RaftServerConfigKeys (ConfUtils.java:logGet(43)) - raft.server.storage.dir = [/workdir/hadoop-ozone/integration-test/target/test-dir/MiniOzoneClusterImpl-f68115de-5278-4c94-9b3d-9176cb3c0071/datanode-3/data/ratis] (custom)
2019-10-18 07:13:50,688 [pool-57-thread-1] INFO  server.RaftServerConfigKeys (ConfUtils.java:logGet(43)) - raft.server.log.corruption.policy = EXCEPTION (default)
2019-10-18 07:13:50,688 [pool-57-thread-1] INFO  storage.RaftStorageDirectory (RaftStorageDirectory.java:analyzeStorage(246)) - The storage directory /workdir/hadoop-ozone/integration-test/target/test-dir/MiniOzoneClusterImpl-f68115de-5278-4c94-9b3d-9176cb3c0071/datanode-3/data/ratis/b0f1b480-d2cf-4121-bb21-7dc3b7510cfe does not exist. Creating ...
2019-10-18 07:13:50,700 [f7ab671b-901b-4a48-a9a9-f6c73ab18394@group-F967029850D4-LeaderElection4] INFO  impl.LeaderElection (LeaderElection.java:askForVotes(178)) - f7ab671b-901b-4a48-a9a9-f6c73ab18394@group-F967029850D4-LeaderElection4: begin an election at term 1 for -1: [f7ab671b-901b-4a48-a9a9-f6c73ab18394:192.168.69.67:41075], old=null
2019-10-18 07:13:50,700 [d2e56473-8267-4871-9849-be2e71e1a2dc@group-4A5985BBF6FD-LeaderElection5] INFO  impl.LeaderElection (LeaderElection.java:askForVotes(178)) - d2e56473-8267-4871-9849-be2e71e1a2dc@group-4A5985BBF6FD-LeaderElection5: begin an election at term 1 for -1: [d2e56473-8267-4871-9849-be2e71e1a2dc:192.168.69.67:35020], old=null
2019-10-18 07:13:50,701 [f7ab671b-901b-4a48-a9a9-f6c73ab18394@group-F967029850D4-LeaderElection4] INFO  impl.RoleInfo (RoleInfo.java:shutdownLeaderElection(134)) - f7ab671b-901b-4a48-a9a9-f6c73ab18394: shutdown LeaderElection
2019-10-18 07:13:50,701 [d2e56473-8267-4871-9849-be2e71e1a2dc@group-4A5985BBF6FD-LeaderElection5] INFO  impl.RoleInfo (RoleInfo.java:shutdownLeaderElection(134)) - d2e56473-8267-4871-9849-be2e71e1a2dc: shutdown LeaderElection
2019-10-18 07:13:50,701 [f7ab671b-901b-4a48-a9a9-f6c73ab18394@group-F967029850D4-LeaderElection4] INFO  impl.RaftServerImpl (RaftServerImpl.java:setRole(184)) - f7ab671b-901b-4a48-a9a9-f6c73ab18394@group-F967029850D4: changes role from CANDIDATE to LEADER at term 1 for changeToLeader
2019-10-18 07:13:50,701 [d2e56473-8267-4871-9849-be2e71e1a2dc@group-4A5985BBF6FD-LeaderElection5] INFO  impl.RaftServerImpl (RaftServerImpl.java:setRole(184)) - d2e56473-8267-4871-9849-be2e71e1a2dc@group-4A5985BBF6FD: changes role from CANDIDATE to LEADER at term 1 for changeToLeader
2019-10-18 07:13:50,701 [f7ab671b-901b-4a48-a9a9-f6c73ab18394@group-F967029850D4-LeaderElection4] INFO  ratis.XceiverServerRatis (XceiverServerRatis.java:handleLeaderChangedNotification(699)) - Leader change notification received for group: group-F967029850D4 with new leaderId: f7ab671b-901b-4a48-a9a9-f6c73ab18394
2019-10-18 07:13:50,701 [d2e56473-8267-4871-9849-be2e71e1a2dc@group-4A5985BBF6FD-LeaderElection5] INFO  ratis.XceiverServerRatis (XceiverServerRatis.java:handleLeaderChangedNotification(699)) - Leader change notification received for group: group-4A5985BBF6FD with new leaderId: d2e56473-8267-4871-9849-be2e71e1a2dc
2019-10-18 07:13:50,702 [f7ab671b-901b-4a48-a9a9-f6c73ab18394@group-F967029850D4-LeaderElection4] INFO  impl.RaftServerImpl (ServerState.java:setLeader(256)) - f7ab671b-901b-4a48-a9a9-f6c73ab18394@group-F967029850D4: change Leader from null to f7ab671b-901b-4a48-a9a9-f6c73ab18394 at term 1 for becomeLeader, leader elected after 214ms
2019-10-18 07:13:50,702 [d2e56473-8267-4871-9849-be2e71e1a2dc@group-4A5985BBF6FD-LeaderElection5] INFO  impl.RaftServerImpl (ServerState.java:setLeader(256)) - d2e56473-8267-4871-9849-be2e71e1a2dc@group-4A5985BBF6FD: change Leader from null to d2e56473-8267-4871-9849-be2e71e1a2dc at term 1 for becomeLeader, leader elected after 70ms
2019-10-18 07:13:50,703 [f7ab671b-901b-4a48-a9a9-f6c73ab18394@group-F967029850D4-LeaderElection4] INFO  server.RaftServerConfigKeys (ConfUtils.java:logGet(43)) - raft.server.staging.catchup.gap = 1000 (default)
2019-10-18 07:13:50,704 [d2e56473-8267-4871-9849-be2e71e1a2dc@group-4A5985BBF6FD-LeaderElection5] INFO  server.RaftServerConfigKeys (ConfUtils.java:logGet(43)) - raft.server.staging.catchup.gap = 1000 (default)
2019-10-18 07:13:50,705 [f7ab671b-901b-4a48-a9a9-f6c73ab18394@group-F967029850D4-LeaderElection4] INFO  server.RaftServerConfigKeys (ConfUtils.java:logGet(43)) - raft.server.rpc.sleep.time = 25ms (default)
2019-10-18 07:13:50,705 [d2e56473-8267-4871-9849-be2e71e1a2dc@group-4A5985BBF6FD-LeaderElection5] INFO  server.RaftServerConfigKeys (ConfUtils.java:logGet(43)) - raft.server.rpc.sleep.time = 25ms (default)
2019-10-18 07:13:50,706 [f7ab671b-901b-4a48-a9a9-f6c73ab18394@group-F967029850D4-LeaderElection4] INFO  server.RaftServerConfigKeys (ConfUtils.java:logGet(43)) - raft.server.write.element-limit = 4096 (default)
2019-10-18 07:13:50,707 [d2e56473-8267-4871-9849-be2e71e1a2dc@group-4A5985BBF6FD-LeaderElection5] INFO  server.RaftServerConfigKeys (ConfUtils.java:logGet(43)) - raft.server.write.element-limit = 4096 (default)
2019-10-18 07:13:50,707 [f7ab671b-901b-4a48-a9a9-f6c73ab18394@group-F967029850D4-LeaderElection4] INFO  server.RaftServerConfigKeys (ConfUtils.java:logGet(43)) - raft.server.watch.timeout = 10s (default)
2019-10-18 07:13:50,707 [d2e56473-8267-4871-9849-be2e71e1a2dc@group-4A5985BBF6FD-LeaderElection5] INFO  server.RaftServerConfigKeys (ConfUtils.java:logGet(43)) - raft.server.watch.timeout = 10s (default)
2019-10-18 07:13:50,708 [f7ab671b-901b-4a48-a9a9-f6c73ab18394@group-F967029850D4-LeaderElection4] INFO  server.RaftServerConfigKeys (ConfUtils.java:logGet(43)) - raft.server.watch.timeout.denomination = 1s (default)
2019-10-18 07:13:50,708 [d2e56473-8267-4871-9849-be2e71e1a2dc@group-4A5985BBF6FD-LeaderElection5] INFO  server.RaftServerConfigKeys (ConfUtils.java:logGet(43)) - raft.server.watch.timeout.denomination = 1s (default)
2019-10-18 07:13:50,708 [f7ab671b-901b-4a48-a9a9-f6c73ab18394@group-F967029850D4-LeaderElection4] INFO  server.RaftServerConfigKeys (ConfUtils.java:logGet(43)) - raft.server.watch.element-limit = 65536 (default)
2019-10-18 07:13:50,708 [d2e56473-8267-4871-9849-be2e71e1a2dc@group-4A5985BBF6FD-LeaderElection5] INFO  server.RaftServerConfigKeys (ConfUtils.java:logGet(43)) - raft.server.watch.element-limit = 65536 (default)
2019-10-18 07:13:50,711 [f7ab671b-901b-4a48-a9a9-f6c73ab18394@group-F967029850D4-LeaderElection4] INFO  impl.RoleInfo (RoleInfo.java:updateAndGet(143)) - f7ab671b-901b-4a48-a9a9-f6c73ab18394: start LeaderState
2019-10-18 07:13:50,712 [f7ab671b-901b-4a48-a9a9-f6c73ab18394@group-F967029850D4-LeaderElection4] INFO  segmented.SegmentedRaftLogWorker (SegmentedRaftLogWorker.java:startLogSegment(385)) - f7ab671b-901b-4a48-a9a9-f6c73ab18394@group-F967029850D4-SegmentedRaftLogWorker: Starting segment from index:0
2019-10-18 07:13:50,712 [d2e56473-8267-4871-9849-be2e71e1a2dc@group-4A5985BBF6FD-LeaderElection5] INFO  impl.RoleInfo (RoleInfo.java:updateAndGet(143)) - d2e56473-8267-4871-9849-be2e71e1a2dc: start LeaderState
2019-10-18 07:13:50,712 [d2e56473-8267-4871-9849-be2e71e1a2dc@group-4A5985BBF6FD-LeaderElection5] INFO  segmented.SegmentedRaftLogWorker (SegmentedRaftLogWorker.java:startLogSegment(385)) - d2e56473-8267-4871-9849-be2e71e1a2dc@group-4A5985BBF6FD-SegmentedRaftLogWorker: Starting segment from index:0
2019-10-18 07:13:50,713 [f7ab671b-901b-4a48-a9a9-f6c73ab18394@group-F967029850D4-LeaderElection4] INFO  impl.RaftServerImpl (ServerState.java:setRaftConf(357)) - f7ab671b-901b-4a48-a9a9-f6c73ab18394@group-F967029850D4: set configuration 0: [f7ab671b-901b-4a48-a9a9-f6c73ab18394:192.168.69.67:41075], old=null at 0
2019-10-18 07:13:50,714 [d2e56473-8267-4871-9849-be2e71e1a2dc@group-4A5985BBF6FD-LeaderElection5] INFO  impl.RaftServerImpl (ServerState.java:setRaftConf(357)) - d2e56473-8267-4871-9849-be2e71e1a2dc@group-4A5985BBF6FD: set configuration 0: [d2e56473-8267-4871-9849-be2e71e1a2dc:192.168.69.67:35020], old=null at 0
2019-10-18 07:13:50,722 [pool-57-thread-1] INFO  storage.RaftStorageDirectory (RaftStorageDirectory.java:tryLock(328)) - Lock on /workdir/hadoop-ozone/integration-test/target/test-dir/MiniOzoneClusterImpl-f68115de-5278-4c94-9b3d-9176cb3c0071/datanode-3/data/ratis/b0f1b480-d2cf-4121-bb21-7dc3b7510cfe/in_use.lock acquired by nodename 28720@pr-hdds-1868-wx8dl-4219780377
2019-10-18 07:13:50,782 [d2e56473-8267-4871-9849-be2e71e1a2dc@group-4A5985BBF6FD-SegmentedRaftLogWorker] INFO  segmented.SegmentedRaftLogWorker (SegmentedRaftLogWorker.java:execute(576)) - d2e56473-8267-4871-9849-be2e71e1a2dc@group-4A5985BBF6FD-SegmentedRaftLogWorker: created new log segment /workdir/hadoop-ozone/integration-test/target/test-dir/MiniOzoneClusterImpl-f68115de-5278-4c94-9b3d-9176cb3c0071/datanode-1/data/ratis/75f31a0e-c847-499b-9f00-4a5985bbf6fd/current/log_inprogress_0
2019-10-18 07:13:50,782 [f7ab671b-901b-4a48-a9a9-f6c73ab18394@group-F967029850D4-SegmentedRaftLogWorker] INFO  segmented.SegmentedRaftLogWorker (SegmentedRaftLogWorker.java:execute(576)) - f7ab671b-901b-4a48-a9a9-f6c73ab18394@group-F967029850D4-SegmentedRaftLogWorker: created new log segment /workdir/hadoop-ozone/integration-test/target/test-dir/MiniOzoneClusterImpl-f68115de-5278-4c94-9b3d-9176cb3c0071/datanode-5/data/ratis/600affbe-933d-4ea0-86ee-f967029850d4/current/log_inprogress_0
2019-10-18 07:13:50,782 [pool-57-thread-1] INFO  storage.RaftStorage (RaftStorage.java:format(84)) - Storage directory /workdir/hadoop-ozone/integration-test/target/test-dir/MiniOzoneClusterImpl-f68115de-5278-4c94-9b3d-9176cb3c0071/datanode-3/data/ratis/b0f1b480-d2cf-4121-bb21-7dc3b7510cfe has been successfully formatted.
2019-10-18 07:13:50,783 [pool-57-thread-1] INFO  ratis.ContainerStateMachine (ContainerStateMachine.java:loadSnapshot(233)) - group-7DC3B7510CFE: The snapshot info is null. Setting the last applied indexto:(t:0, i:~)
2019-10-18 07:13:50,783 [pool-57-thread-1] INFO  server.RaftServerConfigKeys (ConfUtils.java:logGet(43)) - raft.server.notification.no-leader.timeout = 120s (custom)
2019-10-18 07:13:50,784 [pool-57-thread-1] INFO  server.RaftServerConfigKeys (ConfUtils.java:logGet(43)) - raft.server.log.use.memory = false (default)
2019-10-18 07:13:50,784 [pool-57-thread-1] INFO  server.RaftServerConfigKeys (ConfUtils.java:logGet(43)) - raft.server.log.purge.gap = 1000000 (custom)
2019-10-18 07:13:50,784 [pool-57-thread-1] INFO  server.RaftServerConfigKeys (ConfUtils.java:logGet(43)) - raft.server.log.appender.buffer.byte-limit = 33554432 (custom)
2019-10-18 07:13:50,784 [pool-57-thread-1] INFO  server.RaftServerConfigKeys (ConfUtils.java:logGet(43)) - raft.server.log.segment.size.max = 1048576 (custom)
2019-10-18 07:13:50,787 [pool-57-thread-1] INFO  server.RaftServerConfigKeys (ConfUtils.java:logGet(43)) - raft.server.log.segment.cache.num.max = 2 (custom)
2019-10-18 07:13:50,787 [pool-57-thread-1] INFO  segmented.SegmentedRaftLogWorker (SegmentedRaftLogWorker.java:<init>(173)) - new 48796f01-a45e-4e78-98f3-7a8f6b07cc28@group-7DC3B7510CFE-SegmentedRaftLogWorker for RaftStorage:Storage Directory /workdir/hadoop-ozone/integration-test/target/test-dir/MiniOzoneClusterImpl-f68115de-5278-4c94-9b3d-9176cb3c0071/datanode-3/data/ratis/b0f1b480-d2cf-4121-bb21-7dc3b7510cfe
2019-10-18 07:13:50,787 [pool-57-thread-1] INFO  server.RaftServerConfigKeys (ConfUtils.java:logGet(43)) - raft.server.log.queue.byte-limit = 2147483647 (custom)
2019-10-18 07:13:50,787 [pool-57-thread-1] INFO  server.RaftServerConfigKeys (ConfUtils.java:logGet(43)) - raft.server.log.queue.element-limit = 1024 (custom)
2019-10-18 07:13:50,787 [pool-57-thread-1] INFO  server.RaftServerConfigKeys (ConfUtils.java:logGet(43)) - raft.server.log.segment.size.max = 1048576 (custom)
2019-10-18 07:13:50,787 [pool-57-thread-1] INFO  server.RaftServerConfigKeys (ConfUtils.java:logGet(43)) - raft.server.log.preallocated.size = 16384 (custom)
2019-10-18 07:13:50,788 [pool-57-thread-1] INFO  server.RaftServerConfigKeys (ConfUtils.java:logGet(43)) - raft.server.log.write.buffer.size = 33554432 (custom)
2019-10-18 07:13:50,788 [pool-57-thread-1] INFO  server.RaftServerConfigKeys (ConfUtils.java:logGet(43)) - raft.server.log.force.sync.num = 128 (default)
2019-10-18 07:13:50,788 [pool-57-thread-1] INFO  server.RaftServerConfigKeys (ConfUtils.java:logGet(43)) - raft.server.log.statemachine.data.sync = true (default)
2019-10-18 07:13:50,788 [pool-57-thread-1] INFO  server.RaftServerConfigKeys (ConfUtils.java:logGet(43)) - raft.server.log.statemachine.data.sync.timeout = 10s (default)
2019-10-18 07:13:50,788 [pool-57-thread-1] INFO  server.RaftServerConfigKeys (ConfUtils.java:logGet(43)) - raft.server.log.statemachine.data.sync.timeout.retry = -1 (default)
2019-10-18 07:13:50,788 [pool-57-thread-1] INFO  server.RaftServerConfigKeys (ConfUtils.java:logGet(43)) - raft.server.log.statemachine.data.caching.enabled = true (custom)
2019-10-18 07:13:50,789 [pool-57-thread-1] INFO  segmented.SegmentedRaftLogWorker (SegmentedRaftLogWorker.java:lambda$new$0(128)) - 48796f01-a45e-4e78-98f3-7a8f6b07cc28@group-7DC3B7510CFE-SegmentedRaftLogWorker: flushIndex: setUnconditionally 0 -> -1
2019-10-18 07:13:50,789 [pool-57-thread-1] INFO  server.RaftServerConfigKeys (ConfUtils.java:logGet(43)) - raft.server.snapshot.auto.trigger.enabled = true (custom)
2019-10-18 07:13:50,789 [pool-57-thread-1] INFO  server.RaftServerConfigKeys (ConfUtils.java:logGet(43)) - raft.server.snapshot.auto.trigger.threshold = 10000 (custom)
2019-10-18 07:13:50,789 [pool-57-thread-1] INFO  server.RaftServerConfigKeys (ConfUtils.java:logGet(43)) - raft.server.snapshot.retention.file.num = 5 (custom)
2019-10-18 07:13:50,789 [pool-57-thread-1] INFO  server.RaftServerConfigKeys (ConfUtils.java:logGet(43)) - raft.server.retrycache.expirytime = 600000ms (custom)
2019-10-18 07:13:50,794 [pool-57-thread-1] INFO  impl.RaftServerImpl (RaftServerImpl.java:start(195)) - 48796f01-a45e-4e78-98f3-7a8f6b07cc28@group-7DC3B7510CFE: start as a follower, conf=-1: [48796f01-a45e-4e78-98f3-7a8f6b07cc28:192.168.69.67:44206], old=null
2019-10-18 07:13:50,794 [pool-57-thread-1] INFO  impl.RaftServerImpl (RaftServerImpl.java:setRole(184)) - 48796f01-a45e-4e78-98f3-7a8f6b07cc28@group-7DC3B7510CFE: changes role from      null to FOLLOWER at term 0 for startAsFollower
2019-10-18 07:13:50,794 [pool-57-thread-1] INFO  impl.RoleInfo (RoleInfo.java:updateAndGet(143)) - 48796f01-a45e-4e78-98f3-7a8f6b07cc28: start FollowerState
2019-10-18 07:13:50,794 [pool-57-thread-1] INFO  util.JmxRegister (JmxRegister.java:tryRegister(44)) - Successfully registered JMX Bean with object name Ratis:service=RaftServer,group=group-7DC3B7510CFE,id=48796f01-a45e-4e78-98f3-7a8f6b07cc28
2019-10-18 07:13:50,811 [RatisPipelineUtilsThread] INFO  pipeline.PipelineStateManager (PipelineStateManager.java:addPipeline(55)) - Created pipeline Pipeline[ Id: b0f1b480-d2cf-4121-bb21-7dc3b7510cfe, Nodes: 48796f01-a45e-4e78-98f3-7a8f6b07cc28{ip: 192.168.69.67, host: pr-hdds-1868-wx8dl-4219780377, networkLocation: /default-rack, certSerialId: null}, Type:RATIS, Factor:ONE, State:ALLOCATED]
2019-10-18 07:13:50,823 [grpc-default-executor-0] INFO  impl.RaftServerProxy (RaftServerProxy.java:addNew(89)) - 5660bff8-81d7-4c91-ad16-c2423c1e0bda: addNew group-649E1086AFD6:[5660bff8-81d7-4c91-ad16-c2423c1e0bda:192.168.69.67:36548] returns group-649E1086AFD6:java.util.concurrent.CompletableFuture@16768e8b[Not completed]
2019-10-18 07:13:50,828 [pool-67-thread-1] INFO  impl.RaftServerImpl (RaftServerImpl.java:<init>(104)) - 5660bff8-81d7-4c91-ad16-c2423c1e0bda: new RaftServerImpl for group-649E1086AFD6:[5660bff8-81d7-4c91-ad16-c2423c1e0bda:192.168.69.67:36548] with ContainerStateMachine:uninitialized
2019-10-18 07:13:50,828 [pool-67-thread-1] INFO  server.RaftServerConfigKeys (ConfUtils.java:logGet(43)) - raft.server.rpc.timeout.min = 5s (custom)
2019-10-18 07:13:50,828 [pool-67-thread-1] INFO  server.RaftServerConfigKeys (ConfUtils.java:logGet(43)) - raft.server.rpc.timeout.max = 5200ms (custom)
2019-10-18 07:13:50,828 [pool-67-thread-1] INFO  server.RaftServerConfigKeys (ConfUtils.java:logGet(43)) - raft.server.rpcslowness.timeout = 120s (custom)
2019-10-18 07:13:50,828 [pool-67-thread-1] INFO  server.RaftServerConfigKeys (ConfUtils.java:logGet(43)) - raft.server.sleep.deviation.threshold = 300 (default)
2019-10-18 07:13:50,829 [pool-67-thread-1] INFO  server.RaftServerConfigKeys (ConfUtils.java:logGet(43)) - raft.server.log.appender.install.snapshot.enabled = false (custom)
2019-10-18 07:13:50,829 [pool-67-thread-1] INFO  impl.RaftServerImpl (ServerState.java:<init>(103)) - 5660bff8-81d7-4c91-ad16-c2423c1e0bda@group-649E1086AFD6: ConfigurationManager, init=-1: [5660bff8-81d7-4c91-ad16-c2423c1e0bda:192.168.69.67:36548], old=null, confs=<EMPTY_MAP>
2019-10-18 07:13:50,829 [pool-67-thread-1] INFO  server.RaftServerConfigKeys (ConfUtils.java:logGet(43)) - raft.server.storage.dir = [/workdir/hadoop-ozone/integration-test/target/test-dir/MiniOzoneClusterImpl-f68115de-5278-4c94-9b3d-9176cb3c0071/datanode-4/data/ratis] (custom)
2019-10-18 07:13:50,830 [pool-67-thread-1] INFO  server.RaftServerConfigKeys (ConfUtils.java:logGet(43)) - raft.server.log.corruption.policy = EXCEPTION (default)
2019-10-18 07:13:50,830 [pool-67-thread-1] INFO  storage.RaftStorageDirectory (RaftStorageDirectory.java:analyzeStorage(246)) - The storage directory /workdir/hadoop-ozone/integration-test/target/test-dir/MiniOzoneClusterImpl-f68115de-5278-4c94-9b3d-9176cb3c0071/datanode-4/data/ratis/c64b84c1-00ad-4e4b-bbce-649e1086afd6 does not exist. Creating ...
2019-10-18 07:13:50,847 [Thread-265] INFO  impl.FollowerState (FollowerState.java:run(108)) - 48796f01-a45e-4e78-98f3-7a8f6b07cc28@group-7DC3B7510CFE-FollowerState: change to CANDIDATE, lastRpcTime:53ms, electionTimeout:53ms
2019-10-18 07:13:50,848 [Thread-265] INFO  impl.RoleInfo (RoleInfo.java:shutdownFollowerState(121)) - 48796f01-a45e-4e78-98f3-7a8f6b07cc28: shutdown FollowerState
2019-10-18 07:13:50,848 [Thread-265] INFO  impl.RaftServerImpl (RaftServerImpl.java:setRole(184)) - 48796f01-a45e-4e78-98f3-7a8f6b07cc28@group-7DC3B7510CFE: changes role from  FOLLOWER to CANDIDATE at term 0 for changeToCandidate
2019-10-18 07:13:50,848 [Thread-265] INFO  impl.RoleInfo (RoleInfo.java:updateAndGet(143)) - 48796f01-a45e-4e78-98f3-7a8f6b07cc28: start LeaderElection
2019-10-18 07:13:50,857 [pool-67-thread-1] INFO  storage.RaftStorageDirectory (RaftStorageDirectory.java:tryLock(328)) - Lock on /workdir/hadoop-ozone/integration-test/target/test-dir/MiniOzoneClusterImpl-f68115de-5278-4c94-9b3d-9176cb3c0071/datanode-4/data/ratis/c64b84c1-00ad-4e4b-bbce-649e1086afd6/in_use.lock acquired by nodename 28720@pr-hdds-1868-wx8dl-4219780377
2019-10-18 07:13:50,881 [48796f01-a45e-4e78-98f3-7a8f6b07cc28@group-7DC3B7510CFE-LeaderElection6] INFO  impl.LeaderElection (LeaderElection.java:askForVotes(178)) - 48796f01-a45e-4e78-98f3-7a8f6b07cc28@group-7DC3B7510CFE-LeaderElection6: begin an election at term 1 for -1: [48796f01-a45e-4e78-98f3-7a8f6b07cc28:192.168.69.67:44206], old=null
2019-10-18 07:13:50,881 [48796f01-a45e-4e78-98f3-7a8f6b07cc28@group-7DC3B7510CFE-LeaderElection6] INFO  impl.RoleInfo (RoleInfo.java:shutdownLeaderElection(134)) - 48796f01-a45e-4e78-98f3-7a8f6b07cc28: shutdown LeaderElection
2019-10-18 07:13:50,881 [48796f01-a45e-4e78-98f3-7a8f6b07cc28@group-7DC3B7510CFE-LeaderElection6] INFO  impl.RaftServerImpl (RaftServerImpl.java:setRole(184)) - 48796f01-a45e-4e78-98f3-7a8f6b07cc28@group-7DC3B7510CFE: changes role from CANDIDATE to LEADER at term 1 for changeToLeader
2019-10-18 07:13:50,881 [48796f01-a45e-4e78-98f3-7a8f6b07cc28@group-7DC3B7510CFE-LeaderElection6] INFO  ratis.XceiverServerRatis (XceiverServerRatis.java:handleLeaderChangedNotification(699)) - Leader change notification received for group: group-7DC3B7510CFE with new leaderId: 48796f01-a45e-4e78-98f3-7a8f6b07cc28
2019-10-18 07:13:50,881 [48796f01-a45e-4e78-98f3-7a8f6b07cc28@group-7DC3B7510CFE-LeaderElection6] INFO  impl.RaftServerImpl (ServerState.java:setLeader(256)) - 48796f01-a45e-4e78-98f3-7a8f6b07cc28@group-7DC3B7510CFE: change Leader from null to 48796f01-a45e-4e78-98f3-7a8f6b07cc28 at term 1 for becomeLeader, leader elected after 97ms
2019-10-18 07:13:50,883 [48796f01-a45e-4e78-98f3-7a8f6b07cc28@group-7DC3B7510CFE-LeaderElection6] INFO  server.RaftServerConfigKeys (ConfUtils.java:logGet(43)) - raft.server.staging.catchup.gap = 1000 (default)
2019-10-18 07:13:50,883 [48796f01-a45e-4e78-98f3-7a8f6b07cc28@group-7DC3B7510CFE-LeaderElection6] INFO  server.RaftServerConfigKeys (ConfUtils.java:logGet(43)) - raft.server.rpc.sleep.time = 25ms (default)
2019-10-18 07:13:50,885 [48796f01-a45e-4e78-98f3-7a8f6b07cc28@group-7DC3B7510CFE-LeaderElection6] INFO  server.RaftServerConfigKeys (ConfUtils.java:logGet(43)) - raft.server.write.element-limit = 4096 (default)
2019-10-18 07:13:50,885 [48796f01-a45e-4e78-98f3-7a8f6b07cc28@group-7DC3B7510CFE-LeaderElection6] INFO  server.RaftServerConfigKeys (ConfUtils.java:logGet(43)) - raft.server.watch.timeout = 10s (default)
2019-10-18 07:13:50,891 [48796f01-a45e-4e78-98f3-7a8f6b07cc28@group-7DC3B7510CFE-LeaderElection6] INFO  server.RaftServerConfigKeys (ConfUtils.java:logGet(43)) - raft.server.watch.timeout.denomination = 1s (default)
2019-10-18 07:13:50,897 [48796f01-a45e-4e78-98f3-7a8f6b07cc28@group-7DC3B7510CFE-LeaderElection6] INFO  server.RaftServerConfigKeys (ConfUtils.java:logGet(43)) - raft.server.watch.element-limit = 65536 (default)
2019-10-18 07:13:50,899 [48796f01-a45e-4e78-98f3-7a8f6b07cc28@group-7DC3B7510CFE-LeaderElection6] INFO  impl.RoleInfo (RoleInfo.java:updateAndGet(143)) - 48796f01-a45e-4e78-98f3-7a8f6b07cc28: start LeaderState
2019-10-18 07:13:50,900 [48796f01-a45e-4e78-98f3-7a8f6b07cc28@group-7DC3B7510CFE-LeaderElection6] INFO  segmented.SegmentedRaftLogWorker (SegmentedRaftLogWorker.java:startLogSegment(385)) - 48796f01-a45e-4e78-98f3-7a8f6b07cc28@group-7DC3B7510CFE-SegmentedRaftLogWorker: Starting segment from index:0
2019-10-18 07:13:50,900 [48796f01-a45e-4e78-98f3-7a8f6b07cc28@group-7DC3B7510CFE-LeaderElection6] INFO  impl.RaftServerImpl (ServerState.java:setRaftConf(357)) - 48796f01-a45e-4e78-98f3-7a8f6b07cc28@group-7DC3B7510CFE: set configuration 0: [48796f01-a45e-4e78-98f3-7a8f6b07cc28:192.168.69.67:44206], old=null at 0
2019-10-18 07:13:50,905 [pool-67-thread-1] INFO  storage.RaftStorage (RaftStorage.java:format(84)) - Storage directory /workdir/hadoop-ozone/integration-test/target/test-dir/MiniOzoneClusterImpl-f68115de-5278-4c94-9b3d-9176cb3c0071/datanode-4/data/ratis/c64b84c1-00ad-4e4b-bbce-649e1086afd6 has been successfully formatted.
2019-10-18 07:13:50,905 [pool-67-thread-1] INFO  ratis.ContainerStateMachine (ContainerStateMachine.java:loadSnapshot(233)) - group-649E1086AFD6: The snapshot info is null. Setting the last applied indexto:(t:0, i:~)
2019-10-18 07:13:50,906 [pool-67-thread-1] INFO  server.RaftServerConfigKeys (ConfUtils.java:logGet(43)) - raft.server.notification.no-leader.timeout = 120s (custom)
2019-10-18 07:13:50,906 [pool-67-thread-1] INFO  server.RaftServerConfigKeys (ConfUtils.java:logGet(43)) - raft.server.log.use.memory = false (default)
2019-10-18 07:13:50,906 [pool-67-thread-1] INFO  server.RaftServerConfigKeys (ConfUtils.java:logGet(43)) - raft.server.log.purge.gap = 1000000 (custom)
2019-10-18 07:13:50,906 [pool-67-thread-1] INFO  server.RaftServerConfigKeys (ConfUtils.java:logGet(43)) - raft.server.log.appender.buffer.byte-limit = 33554432 (custom)
2019-10-18 07:13:50,906 [pool-67-thread-1] INFO  server.RaftServerConfigKeys (ConfUtils.java:logGet(43)) - raft.server.log.segment.size.max = 1048576 (custom)
2019-10-18 07:13:50,910 [pool-67-thread-1] INFO  server.RaftServerConfigKeys (ConfUtils.java:logGet(43)) - raft.server.log.segment.cache.num.max = 2 (custom)
2019-10-18 07:13:50,910 [pool-67-thread-1] INFO  segmented.SegmentedRaftLogWorker (SegmentedRaftLogWorker.java:<init>(173)) - new 5660bff8-81d7-4c91-ad16-c2423c1e0bda@group-649E1086AFD6-SegmentedRaftLogWorker for RaftStorage:Storage Directory /workdir/hadoop-ozone/integration-test/target/test-dir/MiniOzoneClusterImpl-f68115de-5278-4c94-9b3d-9176cb3c0071/datanode-4/data/ratis/c64b84c1-00ad-4e4b-bbce-649e1086afd6
2019-10-18 07:13:50,911 [pool-67-thread-1] INFO  server.RaftServerConfigKeys (ConfUtils.java:logGet(43)) - raft.server.log.queue.byte-limit = 2147483647 (custom)
2019-10-18 07:13:50,911 [pool-67-thread-1] INFO  server.RaftServerConfigKeys (ConfUtils.java:logGet(43)) - raft.server.log.queue.element-limit = 1024 (custom)
2019-10-18 07:13:50,911 [pool-67-thread-1] INFO  server.RaftServerConfigKeys (ConfUtils.java:logGet(43)) - raft.server.log.segment.size.max = 1048576 (custom)
2019-10-18 07:13:50,911 [pool-67-thread-1] INFO  server.RaftServerConfigKeys (ConfUtils.java:logGet(43)) - raft.server.log.preallocated.size = 16384 (custom)
2019-10-18 07:13:50,911 [pool-67-thread-1] INFO  server.RaftServerConfigKeys (ConfUtils.java:logGet(43)) - raft.server.log.write.buffer.size = 33554432 (custom)
2019-10-18 07:13:50,911 [pool-67-thread-1] INFO  server.RaftServerConfigKeys (ConfUtils.java:logGet(43)) - raft.server.log.force.sync.num = 128 (default)
2019-10-18 07:13:50,912 [pool-67-thread-1] INFO  server.RaftServerConfigKeys (ConfUtils.java:logGet(43)) - raft.server.log.statemachine.data.sync = true (default)
2019-10-18 07:13:50,912 [pool-67-thread-1] INFO  server.RaftServerConfigKeys (ConfUtils.java:logGet(43)) - raft.server.log.statemachine.data.sync.timeout = 10s (default)
2019-10-18 07:13:50,912 [pool-67-thread-1] INFO  server.RaftServerConfigKeys (ConfUtils.java:logGet(43)) - raft.server.log.statemachine.data.sync.timeout.retry = -1 (default)
2019-10-18 07:13:50,913 [pool-67-thread-1] INFO  server.RaftServerConfigKeys (ConfUtils.java:logGet(43)) - raft.server.log.statemachine.data.caching.enabled = true (custom)
2019-10-18 07:13:50,913 [pool-67-thread-1] INFO  segmented.SegmentedRaftLogWorker (SegmentedRaftLogWorker.java:lambda$new$0(128)) - 5660bff8-81d7-4c91-ad16-c2423c1e0bda@group-649E1086AFD6-SegmentedRaftLogWorker: flushIndex: setUnconditionally 0 -> -1
2019-10-18 07:13:50,914 [pool-67-thread-1] INFO  server.RaftServerConfigKeys (ConfUtils.java:logGet(43)) - raft.server.snapshot.auto.trigger.enabled = true (custom)
2019-10-18 07:13:50,914 [pool-67-thread-1] INFO  server.RaftServerConfigKeys (ConfUtils.java:logGet(43)) - raft.server.snapshot.auto.trigger.threshold = 10000 (custom)
2019-10-18 07:13:50,914 [pool-67-thread-1] INFO  server.RaftServerConfigKeys (ConfUtils.java:logGet(43)) - raft.server.snapshot.retention.file.num = 5 (custom)
2019-10-18 07:13:50,914 [pool-67-thread-1] INFO  server.RaftServerConfigKeys (ConfUtils.java:logGet(43)) - raft.server.retrycache.expirytime = 600000ms (custom)
2019-10-18 07:13:50,949 [pool-67-thread-1] INFO  impl.RaftServerImpl (RaftServerImpl.java:start(195)) - 5660bff8-81d7-4c91-ad16-c2423c1e0bda@group-649E1086AFD6: start as a follower, conf=-1: [5660bff8-81d7-4c91-ad16-c2423c1e0bda:192.168.69.67:36548], old=null
2019-10-18 07:13:50,950 [pool-67-thread-1] INFO  impl.RaftServerImpl (RaftServerImpl.java:setRole(184)) - 5660bff8-81d7-4c91-ad16-c2423c1e0bda@group-649E1086AFD6: changes role from      null to FOLLOWER at term 0 for startAsFollower
2019-10-18 07:13:50,950 [pool-67-thread-1] INFO  impl.RoleInfo (RoleInfo.java:updateAndGet(143)) - 5660bff8-81d7-4c91-ad16-c2423c1e0bda: start FollowerState
2019-10-18 07:13:50,950 [pool-67-thread-1] INFO  util.JmxRegister (JmxRegister.java:tryRegister(44)) - Successfully registered JMX Bean with object name Ratis:service=RaftServer,group=group-649E1086AFD6,id=5660bff8-81d7-4c91-ad16-c2423c1e0bda
2019-10-18 07:13:50,969 [RatisPipelineUtilsThread] INFO  pipeline.PipelineStateManager (PipelineStateManager.java:addPipeline(55)) - Created pipeline Pipeline[ Id: c64b84c1-00ad-4e4b-bbce-649e1086afd6, Nodes: 5660bff8-81d7-4c91-ad16-c2423c1e0bda{ip: 192.168.69.67, host: pr-hdds-1868-wx8dl-4219780377, networkLocation: /default-rack, certSerialId: null}, Type:RATIS, Factor:ONE, State:ALLOCATED]
2019-10-18 07:13:50,995 [grpc-default-executor-1] INFO  impl.RaftServerProxy (RaftServerProxy.java:addNew(89)) - 24274e9f-e41f-4654-9afc-a783ca44e44b: addNew group-A59DFA2DE4A4:[24274e9f-e41f-4654-9afc-a783ca44e44b:192.168.69.67:35902, 988115cd-21c9-4558-b198-f2cedd98ccf3:192.168.69.67:44208, c52c3de9-0ed1-4f2b-ba1d-f317ceeb0ceb:192.168.69.67:37615] returns group-A59DFA2DE4A4:java.util.concurrent.CompletableFuture@296dfa03[Not completed]
2019-10-18 07:13:50,998 [grpc-default-executor-0] INFO  impl.RaftServerProxy (RaftServerProxy.java:addNew(89)) - 988115cd-21c9-4558-b198-f2cedd98ccf3: addNew group-A59DFA2DE4A4:[24274e9f-e41f-4654-9afc-a783ca44e44b:192.168.69.67:35902, 988115cd-21c9-4558-b198-f2cedd98ccf3:192.168.69.67:44208, c52c3de9-0ed1-4f2b-ba1d-f317ceeb0ceb:192.168.69.67:37615] returns group-A59DFA2DE4A4:java.util.concurrent.CompletableFuture@7853da19[Not completed]
2019-10-18 07:13:50,999 [grpc-default-executor-2] INFO  impl.RaftServerProxy (RaftServerProxy.java:addNew(89)) - c52c3de9-0ed1-4f2b-ba1d-f317ceeb0ceb: addNew group-A59DFA2DE4A4:[24274e9f-e41f-4654-9afc-a783ca44e44b:192.168.69.67:35902, 988115cd-21c9-4558-b198-f2cedd98ccf3:192.168.69.67:44208, c52c3de9-0ed1-4f2b-ba1d-f317ceeb0ceb:192.168.69.67:37615] returns group-A59DFA2DE4A4:java.util.concurrent.CompletableFuture@2e2f57e9[Not completed]
2019-10-18 07:13:51,001 [pool-47-thread-1] INFO  impl.RaftServerImpl (RaftServerImpl.java:<init>(104)) - 24274e9f-e41f-4654-9afc-a783ca44e44b: new RaftServerImpl for group-A59DFA2DE4A4:[24274e9f-e41f-4654-9afc-a783ca44e44b:192.168.69.67:35902, 988115cd-21c9-4558-b198-f2cedd98ccf3:192.168.69.67:44208, c52c3de9-0ed1-4f2b-ba1d-f317ceeb0ceb:192.168.69.67:37615] with ContainerStateMachine:uninitialized
2019-10-18 07:13:51,001 [pool-47-thread-1] INFO  server.RaftServerConfigKeys (ConfUtils.java:logGet(43)) - raft.server.rpc.timeout.min = 5s (custom)
2019-10-18 07:13:51,001 [pool-47-thread-1] INFO  server.RaftServerConfigKeys (ConfUtils.java:logGet(43)) - raft.server.rpc.timeout.max = 5200ms (custom)
2019-10-18 07:13:51,002 [pool-47-thread-1] INFO  server.RaftServerConfigKeys (ConfUtils.java:logGet(43)) - raft.server.rpcslowness.timeout = 120s (custom)
2019-10-18 07:13:51,002 [pool-47-thread-1] INFO  server.RaftServerConfigKeys (ConfUtils.java:logGet(43)) - raft.server.sleep.deviation.threshold = 300 (default)
2019-10-18 07:13:51,002 [pool-47-thread-1] INFO  server.RaftServerConfigKeys (ConfUtils.java:logGet(43)) - raft.server.log.appender.install.snapshot.enabled = false (custom)
2019-10-18 07:13:51,002 [pool-47-thread-1] INFO  impl.RaftServerImpl (ServerState.java:<init>(103)) - 24274e9f-e41f-4654-9afc-a783ca44e44b@group-A59DFA2DE4A4: ConfigurationManager, init=-1: [24274e9f-e41f-4654-9afc-a783ca44e44b:192.168.69.67:35902, 988115cd-21c9-4558-b198-f2cedd98ccf3:192.168.69.67:44208, c52c3de9-0ed1-4f2b-ba1d-f317ceeb0ceb:192.168.69.67:37615], old=null, confs=<EMPTY_MAP>
2019-10-18 07:13:51,002 [pool-87-thread-1] INFO  impl.RaftServerImpl (RaftServerImpl.java:<init>(104)) - c52c3de9-0ed1-4f2b-ba1d-f317ceeb0ceb: new RaftServerImpl for group-A59DFA2DE4A4:[24274e9f-e41f-4654-9afc-a783ca44e44b:192.168.69.67:35902, 988115cd-21c9-4558-b198-f2cedd98ccf3:192.168.69.67:44208, c52c3de9-0ed1-4f2b-ba1d-f317ceeb0ceb:192.168.69.67:37615] with ContainerStateMachine:uninitialized
2019-10-18 07:13:51,002 [pool-47-thread-1] INFO  server.RaftServerConfigKeys (ConfUtils.java:logGet(43)) - raft.server.storage.dir = [/workdir/hadoop-ozone/integration-test/target/test-dir/MiniOzoneClusterImpl-f68115de-5278-4c94-9b3d-9176cb3c0071/datanode-2/data/ratis] (custom)
2019-10-18 07:13:51,002 [pool-87-thread-1] INFO  server.RaftServerConfigKeys (ConfUtils.java:logGet(43)) - raft.server.rpc.timeout.min = 5s (custom)
2019-10-18 07:13:51,003 [pool-87-thread-1] INFO  server.RaftServerConfigKeys (ConfUtils.java:logGet(43)) - raft.server.rpc.timeout.max = 5200ms (custom)
2019-10-18 07:13:51,003 [pool-87-thread-1] INFO  server.RaftServerConfigKeys (ConfUtils.java:logGet(43)) - raft.server.rpcslowness.timeout = 120s (custom)
2019-10-18 07:13:51,003 [pool-47-thread-1] INFO  server.RaftServerConfigKeys (ConfUtils.java:logGet(43)) - raft.server.log.corruption.policy = EXCEPTION (default)
2019-10-18 07:13:51,003 [pool-87-thread-1] INFO  server.RaftServerConfigKeys (ConfUtils.java:logGet(43)) - raft.server.sleep.deviation.threshold = 300 (default)
2019-10-18 07:13:51,004 [pool-27-thread-1] INFO  impl.RaftServerImpl (RaftServerImpl.java:<init>(104)) - 988115cd-21c9-4558-b198-f2cedd98ccf3: new RaftServerImpl for group-A59DFA2DE4A4:[24274e9f-e41f-4654-9afc-a783ca44e44b:192.168.69.67:35902, 988115cd-21c9-4558-b198-f2cedd98ccf3:192.168.69.67:44208, c52c3de9-0ed1-4f2b-ba1d-f317ceeb0ceb:192.168.69.67:37615] with ContainerStateMachine:uninitialized
2019-10-18 07:13:51,004 [pool-87-thread-1] INFO  server.RaftServerConfigKeys (ConfUtils.java:logGet(43)) - raft.server.log.appender.install.snapshot.enabled = false (custom)
2019-10-18 07:13:51,004 [pool-47-thread-1] INFO  storage.RaftStorageDirectory (RaftStorageDirectory.java:analyzeStorage(246)) - The storage directory /workdir/hadoop-ozone/integration-test/target/test-dir/MiniOzoneClusterImpl-f68115de-5278-4c94-9b3d-9176cb3c0071/datanode-2/data/ratis/6f305285-d959-4bc2-97f6-a59dfa2de4a4 does not exist. Creating ...
2019-10-18 07:13:51,004 [48796f01-a45e-4e78-98f3-7a8f6b07cc28@group-7DC3B7510CFE-SegmentedRaftLogWorker] INFO  segmented.SegmentedRaftLogWorker (SegmentedRaftLogWorker.java:execute(576)) - 48796f01-a45e-4e78-98f3-7a8f6b07cc28@group-7DC3B7510CFE-SegmentedRaftLogWorker: created new log segment /workdir/hadoop-ozone/integration-test/target/test-dir/MiniOzoneClusterImpl-f68115de-5278-4c94-9b3d-9176cb3c0071/datanode-3/data/ratis/b0f1b480-d2cf-4121-bb21-7dc3b7510cfe/current/log_inprogress_0
2019-10-18 07:13:51,004 [pool-87-thread-1] INFO  impl.RaftServerImpl (ServerState.java:<init>(103)) - c52c3de9-0ed1-4f2b-ba1d-f317ceeb0ceb@group-A59DFA2DE4A4: ConfigurationManager, init=-1: [24274e9f-e41f-4654-9afc-a783ca44e44b:192.168.69.67:35902, 988115cd-21c9-4558-b198-f2cedd98ccf3:192.168.69.67:44208, c52c3de9-0ed1-4f2b-ba1d-f317ceeb0ceb:192.168.69.67:37615], old=null, confs=<EMPTY_MAP>
2019-10-18 07:13:51,004 [pool-27-thread-1] INFO  server.RaftServerConfigKeys (ConfUtils.java:logGet(43)) - raft.server.rpc.timeout.min = 5s (custom)
2019-10-18 07:13:51,005 [pool-87-thread-1] INFO  server.RaftServerConfigKeys (ConfUtils.java:logGet(43)) - raft.server.storage.dir = [/workdir/hadoop-ozone/integration-test/target/test-dir/MiniOzoneClusterImpl-f68115de-5278-4c94-9b3d-9176cb3c0071/datanode-6/data/ratis] (custom)
2019-10-18 07:13:51,005 [pool-27-thread-1] INFO  server.RaftServerConfigKeys (ConfUtils.java:logGet(43)) - raft.server.rpc.timeout.max = 5200ms (custom)
2019-10-18 07:13:51,005 [pool-27-thread-1] INFO  server.RaftServerConfigKeys (ConfUtils.java:logGet(43)) - raft.server.rpcslowness.timeout = 120s (custom)
2019-10-18 07:13:51,005 [pool-27-thread-1] INFO  server.RaftServerConfigKeys (ConfUtils.java:logGet(43)) - raft.server.sleep.deviation.threshold = 300 (default)
2019-10-18 07:13:51,005 [pool-87-thread-1] INFO  server.RaftServerConfigKeys (ConfUtils.java:logGet(43)) - raft.server.log.corruption.policy = EXCEPTION (default)
2019-10-18 07:13:51,005 [pool-27-thread-1] INFO  server.RaftServerConfigKeys (ConfUtils.java:logGet(43)) - raft.server.log.appender.install.snapshot.enabled = false (custom)
2019-10-18 07:13:51,005 [pool-87-thread-1] INFO  storage.RaftStorageDirectory (RaftStorageDirectory.java:analyzeStorage(246)) - The storage directory /workdir/hadoop-ozone/integration-test/target/test-dir/MiniOzoneClusterImpl-f68115de-5278-4c94-9b3d-9176cb3c0071/datanode-6/data/ratis/6f305285-d959-4bc2-97f6-a59dfa2de4a4 does not exist. Creating ...
2019-10-18 07:13:51,005 [pool-27-thread-1] INFO  impl.RaftServerImpl (ServerState.java:<init>(103)) - 988115cd-21c9-4558-b198-f2cedd98ccf3@group-A59DFA2DE4A4: ConfigurationManager, init=-1: [24274e9f-e41f-4654-9afc-a783ca44e44b:192.168.69.67:35902, 988115cd-21c9-4558-b198-f2cedd98ccf3:192.168.69.67:44208, c52c3de9-0ed1-4f2b-ba1d-f317ceeb0ceb:192.168.69.67:37615], old=null, confs=<EMPTY_MAP>
2019-10-18 07:13:51,006 [pool-27-thread-1] INFO  server.RaftServerConfigKeys (ConfUtils.java:logGet(43)) - raft.server.storage.dir = [/workdir/hadoop-ozone/integration-test/target/test-dir/MiniOzoneClusterImpl-f68115de-5278-4c94-9b3d-9176cb3c0071/datanode-0/data/ratis] (custom)
2019-10-18 07:13:51,006 [pool-27-thread-1] INFO  server.RaftServerConfigKeys (ConfUtils.java:logGet(43)) - raft.server.log.corruption.policy = EXCEPTION (default)
2019-10-18 07:13:51,006 [pool-27-thread-1] INFO  storage.RaftStorageDirectory (RaftStorageDirectory.java:analyzeStorage(246)) - The storage directory /workdir/hadoop-ozone/integration-test/target/test-dir/MiniOzoneClusterImpl-f68115de-5278-4c94-9b3d-9176cb3c0071/datanode-0/data/ratis/6f305285-d959-4bc2-97f6-a59dfa2de4a4 does not exist. Creating ...
2019-10-18 07:13:51,044 [pool-27-thread-1] INFO  storage.RaftStorageDirectory (RaftStorageDirectory.java:tryLock(328)) - Lock on /workdir/hadoop-ozone/integration-test/target/test-dir/MiniOzoneClusterImpl-f68115de-5278-4c94-9b3d-9176cb3c0071/datanode-0/data/ratis/6f305285-d959-4bc2-97f6-a59dfa2de4a4/in_use.lock acquired by nodename 28720@pr-hdds-1868-wx8dl-4219780377
2019-10-18 07:13:51,044 [pool-87-thread-1] INFO  storage.RaftStorageDirectory (RaftStorageDirectory.java:tryLock(328)) - Lock on /workdir/hadoop-ozone/integration-test/target/test-dir/MiniOzoneClusterImpl-f68115de-5278-4c94-9b3d-9176cb3c0071/datanode-6/data/ratis/6f305285-d959-4bc2-97f6-a59dfa2de4a4/in_use.lock acquired by nodename 28720@pr-hdds-1868-wx8dl-4219780377
2019-10-18 07:13:51,044 [pool-47-thread-1] INFO  storage.RaftStorageDirectory (RaftStorageDirectory.java:tryLock(328)) - Lock on /workdir/hadoop-ozone/integration-test/target/test-dir/MiniOzoneClusterImpl-f68115de-5278-4c94-9b3d-9176cb3c0071/datanode-2/data/ratis/6f305285-d959-4bc2-97f6-a59dfa2de4a4/in_use.lock acquired by nodename 28720@pr-hdds-1868-wx8dl-4219780377
2019-10-18 07:13:51,058 [Thread-270] INFO  impl.FollowerState (FollowerState.java:run(108)) - 5660bff8-81d7-4c91-ad16-c2423c1e0bda@group-649E1086AFD6-FollowerState: change to CANDIDATE, lastRpcTime:108ms, electionTimeout:108ms
2019-10-18 07:13:51,059 [Thread-270] INFO  impl.RoleInfo (RoleInfo.java:shutdownFollowerState(121)) - 5660bff8-81d7-4c91-ad16-c2423c1e0bda: shutdown FollowerState
2019-10-18 07:13:51,059 [Thread-270] INFO  impl.RaftServerImpl (RaftServerImpl.java:setRole(184)) - 5660bff8-81d7-4c91-ad16-c2423c1e0bda@group-649E1086AFD6: changes role from  FOLLOWER to CANDIDATE at term 0 for changeToCandidate
2019-10-18 07:13:51,059 [Thread-270] INFO  impl.RoleInfo (RoleInfo.java:updateAndGet(143)) - 5660bff8-81d7-4c91-ad16-c2423c1e0bda: start LeaderElection
2019-10-18 07:13:51,062 [pool-87-thread-1] INFO  storage.RaftStorage (RaftStorage.java:format(84)) - Storage directory /workdir/hadoop-ozone/integration-test/target/test-dir/MiniOzoneClusterImpl-f68115de-5278-4c94-9b3d-9176cb3c0071/datanode-6/data/ratis/6f305285-d959-4bc2-97f6-a59dfa2de4a4 has been successfully formatted.
2019-10-18 07:13:51,065 [pool-27-thread-1] INFO  storage.RaftStorage (RaftStorage.java:format(84)) - Storage directory /workdir/hadoop-ozone/integration-test/target/test-dir/MiniOzoneClusterImpl-f68115de-5278-4c94-9b3d-9176cb3c0071/datanode-0/data/ratis/6f305285-d959-4bc2-97f6-a59dfa2de4a4 has been successfully formatted.
2019-10-18 07:13:51,065 [pool-47-thread-1] INFO  storage.RaftStorage (RaftStorage.java:format(84)) - Storage directory /workdir/hadoop-ozone/integration-test/target/test-dir/MiniOzoneClusterImpl-f68115de-5278-4c94-9b3d-9176cb3c0071/datanode-2/data/ratis/6f305285-d959-4bc2-97f6-a59dfa2de4a4 has been successfully formatted.
2019-10-18 07:13:51,065 [pool-27-thread-1] INFO  ratis.ContainerStateMachine (ContainerStateMachine.java:loadSnapshot(233)) - group-A59DFA2DE4A4: The snapshot info is null. Setting the last applied indexto:(t:0, i:~)
2019-10-18 07:13:51,065 [pool-87-thread-1] INFO  ratis.ContainerStateMachine (ContainerStateMachine.java:loadSnapshot(233)) - group-A59DFA2DE4A4: The snapshot info is null. Setting the last applied indexto:(t:0, i:~)
2019-10-18 07:13:51,065 [pool-47-thread-1] INFO  ratis.ContainerStateMachine (ContainerStateMachine.java:loadSnapshot(233)) - group-A59DFA2DE4A4: The snapshot info is null. Setting the last applied indexto:(t:0, i:~)
2019-10-18 07:13:51,065 [pool-27-thread-1] INFO  server.RaftServerConfigKeys (ConfUtils.java:logGet(43)) - raft.server.notification.no-leader.timeout = 120s (custom)
2019-10-18 07:13:51,065 [pool-47-thread-1] INFO  server.RaftServerConfigKeys (ConfUtils.java:logGet(43)) - raft.server.notification.no-leader.timeout = 120s (custom)
2019-10-18 07:13:51,066 [pool-27-thread-1] INFO  server.RaftServerConfigKeys (ConfUtils.java:logGet(43)) - raft.server.log.use.memory = false (default)
2019-10-18 07:13:51,065 [pool-87-thread-1] INFO  server.RaftServerConfigKeys (ConfUtils.java:logGet(43)) - raft.server.notification.no-leader.timeout = 120s (custom)
2019-10-18 07:13:51,066 [pool-27-thread-1] INFO  server.RaftServerConfigKeys (ConfUtils.java:logGet(43)) - raft.server.log.purge.gap = 1000000 (custom)
2019-10-18 07:13:51,066 [pool-47-thread-1] INFO  server.RaftServerConfigKeys (ConfUtils.java:logGet(43)) - raft.server.log.use.memory = false (default)
2019-10-18 07:13:51,066 [pool-27-thread-1] INFO  server.RaftServerConfigKeys (ConfUtils.java:logGet(43)) - raft.server.log.appender.buffer.byte-limit = 33554432 (custom)
2019-10-18 07:13:51,066 [pool-87-thread-1] INFO  server.RaftServerConfigKeys (ConfUtils.java:logGet(43)) - raft.server.log.use.memory = false (default)
2019-10-18 07:13:51,066 [pool-27-thread-1] INFO  server.RaftServerConfigKeys (ConfUtils.java:logGet(43)) - raft.server.log.segment.size.max = 1048576 (custom)
2019-10-18 07:13:51,066 [pool-47-thread-1] INFO  server.RaftServerConfigKeys (ConfUtils.java:logGet(43)) - raft.server.log.purge.gap = 1000000 (custom)
2019-10-18 07:13:51,067 [pool-27-thread-1] INFO  server.RaftServerConfigKeys (ConfUtils.java:logGet(43)) - raft.server.log.segment.cache.num.max = 2 (custom)
2019-10-18 07:13:51,067 [pool-87-thread-1] INFO  server.RaftServerConfigKeys (ConfUtils.java:logGet(43)) - raft.server.log.purge.gap = 1000000 (custom)
2019-10-18 07:13:51,067 [pool-27-thread-1] INFO  segmented.SegmentedRaftLogWorker (SegmentedRaftLogWorker.java:<init>(173)) - new 988115cd-21c9-4558-b198-f2cedd98ccf3@group-A59DFA2DE4A4-SegmentedRaftLogWorker for RaftStorage:Storage Directory /workdir/hadoop-ozone/integration-test/target/test-dir/MiniOzoneClusterImpl-f68115de-5278-4c94-9b3d-9176cb3c0071/datanode-0/data/ratis/6f305285-d959-4bc2-97f6-a59dfa2de4a4
2019-10-18 07:13:51,067 [pool-47-thread-1] INFO  server.RaftServerConfigKeys (ConfUtils.java:logGet(43)) - raft.server.log.appender.buffer.byte-limit = 33554432 (custom)
2019-10-18 07:13:51,067 [pool-27-thread-1] INFO  server.RaftServerConfigKeys (ConfUtils.java:logGet(43)) - raft.server.log.queue.byte-limit = 2147483647 (custom)
2019-10-18 07:13:51,067 [pool-87-thread-1] INFO  server.RaftServerConfigKeys (ConfUtils.java:logGet(43)) - raft.server.log.appender.buffer.byte-limit = 33554432 (custom)
2019-10-18 07:13:51,068 [pool-27-thread-1] INFO  server.RaftServerConfigKeys (ConfUtils.java:logGet(43)) - raft.server.log.queue.element-limit = 1024 (custom)
2019-10-18 07:13:51,068 [pool-47-thread-1] INFO  server.RaftServerConfigKeys (ConfUtils.java:logGet(43)) - raft.server.log.segment.size.max = 1048576 (custom)
2019-10-18 07:13:51,068 [pool-27-thread-1] INFO  server.RaftServerConfigKeys (ConfUtils.java:logGet(43)) - raft.server.log.segment.size.max = 1048576 (custom)
2019-10-18 07:13:51,068 [pool-87-thread-1] INFO  server.RaftServerConfigKeys (ConfUtils.java:logGet(43)) - raft.server.log.segment.size.max = 1048576 (custom)
2019-10-18 07:13:51,068 [pool-27-thread-1] INFO  server.RaftServerConfigKeys (ConfUtils.java:logGet(43)) - raft.server.log.preallocated.size = 16384 (custom)
2019-10-18 07:13:51,068 [pool-87-thread-1] INFO  server.RaftServerConfigKeys (ConfUtils.java:logGet(43)) - raft.server.log.segment.cache.num.max = 2 (custom)
2019-10-18 07:13:51,068 [pool-47-thread-1] INFO  server.RaftServerConfigKeys (ConfUtils.java:logGet(43)) - raft.server.log.segment.cache.num.max = 2 (custom)
2019-10-18 07:13:51,069 [pool-87-thread-1] INFO  segmented.SegmentedRaftLogWorker (SegmentedRaftLogWorker.java:<init>(173)) - new c52c3de9-0ed1-4f2b-ba1d-f317ceeb0ceb@group-A59DFA2DE4A4-SegmentedRaftLogWorker for RaftStorage:Storage Directory /workdir/hadoop-ozone/integration-test/target/test-dir/MiniOzoneClusterImpl-f68115de-5278-4c94-9b3d-9176cb3c0071/datanode-6/data/ratis/6f305285-d959-4bc2-97f6-a59dfa2de4a4
2019-10-18 07:13:51,069 [pool-27-thread-1] INFO  server.RaftServerConfigKeys (ConfUtils.java:logGet(43)) - raft.server.log.write.buffer.size = 33554432 (custom)
2019-10-18 07:13:51,069 [pool-87-thread-1] INFO  server.RaftServerConfigKeys (ConfUtils.java:logGet(43)) - raft.server.log.queue.byte-limit = 2147483647 (custom)
2019-10-18 07:13:51,069 [pool-47-thread-1] INFO  segmented.SegmentedRaftLogWorker (SegmentedRaftLogWorker.java:<init>(173)) - new 24274e9f-e41f-4654-9afc-a783ca44e44b@group-A59DFA2DE4A4-SegmentedRaftLogWorker for RaftStorage:Storage Directory /workdir/hadoop-ozone/integration-test/target/test-dir/MiniOzoneClusterImpl-f68115de-5278-4c94-9b3d-9176cb3c0071/datanode-2/data/ratis/6f305285-d959-4bc2-97f6-a59dfa2de4a4
2019-10-18 07:13:51,069 [pool-87-thread-1] INFO  server.RaftServerConfigKeys (ConfUtils.java:logGet(43)) - raft.server.log.queue.element-limit = 1024 (custom)
2019-10-18 07:13:51,069 [pool-27-thread-1] INFO  server.RaftServerConfigKeys (ConfUtils.java:logGet(43)) - raft.server.log.force.sync.num = 128 (default)
2019-10-18 07:13:51,070 [pool-87-thread-1] INFO  server.RaftServerConfigKeys (ConfUtils.java:logGet(43)) - raft.server.log.segment.size.max = 1048576 (custom)
2019-10-18 07:13:51,069 [pool-47-thread-1] INFO  server.RaftServerConfigKeys (ConfUtils.java:logGet(43)) - raft.server.log.queue.byte-limit = 2147483647 (custom)
2019-10-18 07:13:51,070 [pool-87-thread-1] INFO  server.RaftServerConfigKeys (ConfUtils.java:logGet(43)) - raft.server.log.preallocated.size = 16384 (custom)
2019-10-18 07:13:51,070 [pool-27-thread-1] INFO  server.RaftServerConfigKeys (ConfUtils.java:logGet(43)) - raft.server.log.statemachine.data.sync = true (default)
2019-10-18 07:13:51,070 [pool-87-thread-1] INFO  server.RaftServerConfigKeys (ConfUtils.java:logGet(43)) - raft.server.log.write.buffer.size = 33554432 (custom)
2019-10-18 07:13:51,070 [pool-47-thread-1] INFO  server.RaftServerConfigKeys (ConfUtils.java:logGet(43)) - raft.server.log.queue.element-limit = 1024 (custom)
2019-10-18 07:13:51,070 [pool-87-thread-1] INFO  server.RaftServerConfigKeys (ConfUtils.java:logGet(43)) - raft.server.log.force.sync.num = 128 (default)
2019-10-18 07:13:51,070 [pool-27-thread-1] INFO  server.RaftServerConfigKeys (ConfUtils.java:logGet(43)) - raft.server.log.statemachine.data.sync.timeout = 10s (default)
2019-10-18 07:13:51,071 [pool-87-thread-1] INFO  server.RaftServerConfigKeys (ConfUtils.java:logGet(43)) - raft.server.log.statemachine.data.sync = true (default)
2019-10-18 07:13:51,071 [pool-47-thread-1] INFO  server.RaftServerConfigKeys (ConfUtils.java:logGet(43)) - raft.server.log.segment.size.max = 1048576 (custom)
2019-10-18 07:13:51,071 [pool-87-thread-1] INFO  server.RaftServerConfigKeys (ConfUtils.java:logGet(43)) - raft.server.log.statemachine.data.sync.timeout = 10s (default)
2019-10-18 07:13:51,071 [pool-27-thread-1] INFO  server.RaftServerConfigKeys (ConfUtils.java:logGet(43)) - raft.server.log.statemachine.data.sync.timeout.retry = -1 (default)
2019-10-18 07:13:51,071 [pool-87-thread-1] INFO  server.RaftServerConfigKeys (ConfUtils.java:logGet(43)) - raft.server.log.statemachine.data.sync.timeout.retry = -1 (default)
2019-10-18 07:13:51,071 [pool-47-thread-1] INFO  server.RaftServerConfigKeys (ConfUtils.java:logGet(43)) - raft.server.log.preallocated.size = 16384 (custom)
2019-10-18 07:13:51,072 [pool-87-thread-1] INFO  server.RaftServerConfigKeys (ConfUtils.java:logGet(43)) - raft.server.log.statemachine.data.caching.enabled = true (custom)
2019-10-18 07:13:51,072 [pool-27-thread-1] INFO  server.RaftServerConfigKeys (ConfUtils.java:logGet(43)) - raft.server.log.statemachine.data.caching.enabled = true (custom)
2019-10-18 07:13:51,072 [pool-47-thread-1] INFO  server.RaftServerConfigKeys (ConfUtils.java:logGet(43)) - raft.server.log.write.buffer.size = 33554432 (custom)
2019-10-18 07:13:51,072 [pool-47-thread-1] INFO  server.RaftServerConfigKeys (ConfUtils.java:logGet(43)) - raft.server.log.force.sync.num = 128 (default)
2019-10-18 07:13:51,072 [pool-87-thread-1] INFO  segmented.SegmentedRaftLogWorker (SegmentedRaftLogWorker.java:lambda$new$0(128)) - c52c3de9-0ed1-4f2b-ba1d-f317ceeb0ceb@group-A59DFA2DE4A4-SegmentedRaftLogWorker: flushIndex: setUnconditionally 0 -> -1
2019-10-18 07:13:51,072 [pool-27-thread-1] INFO  segmented.SegmentedRaftLogWorker (SegmentedRaftLogWorker.java:lambda$new$0(128)) - 988115cd-21c9-4558-b198-f2cedd98ccf3@group-A59DFA2DE4A4-SegmentedRaftLogWorker: flushIndex: setUnconditionally 0 -> -1
2019-10-18 07:13:51,072 [pool-47-thread-1] INFO  server.RaftServerConfigKeys (ConfUtils.java:logGet(43)) - raft.server.log.statemachine.data.sync = true (default)
2019-10-18 07:13:51,073 [pool-87-thread-1] INFO  server.RaftServerConfigKeys (ConfUtils.java:logGet(43)) - raft.server.snapshot.auto.trigger.enabled = true (custom)
2019-10-18 07:13:51,073 [pool-27-thread-1] INFO  server.RaftServerConfigKeys (ConfUtils.java:logGet(43)) - raft.server.snapshot.auto.trigger.enabled = true (custom)
2019-10-18 07:13:51,073 [pool-47-thread-1] INFO  server.RaftServerConfigKeys (ConfUtils.java:logGet(43)) - raft.server.log.statemachine.data.sync.timeout = 10s (default)
2019-10-18 07:13:51,073 [pool-27-thread-1] INFO  server.RaftServerConfigKeys (ConfUtils.java:logGet(43)) - raft.server.snapshot.auto.trigger.threshold = 10000 (custom)
2019-10-18 07:13:51,073 [pool-87-thread-1] INFO  server.RaftServerConfigKeys (ConfUtils.java:logGet(43)) - raft.server.snapshot.auto.trigger.threshold = 10000 (custom)
2019-10-18 07:13:51,074 [pool-27-thread-1] INFO  server.RaftServerConfigKeys (ConfUtils.java:logGet(43)) - raft.server.snapshot.retention.file.num = 5 (custom)
2019-10-18 07:13:51,073 [pool-47-thread-1] INFO  server.RaftServerConfigKeys (ConfUtils.java:logGet(43)) - raft.server.log.statemachine.data.sync.timeout.retry = -1 (default)
2019-10-18 07:13:51,074 [pool-27-thread-1] INFO  server.RaftServerConfigKeys (ConfUtils.java:logGet(43)) - raft.server.retrycache.expirytime = 600000ms (custom)
2019-10-18 07:13:51,074 [pool-87-thread-1] INFO  server.RaftServerConfigKeys (ConfUtils.java:logGet(43)) - raft.server.snapshot.retention.file.num = 5 (custom)
2019-10-18 07:13:51,074 [pool-47-thread-1] INFO  server.RaftServerConfigKeys (ConfUtils.java:logGet(43)) - raft.server.log.statemachine.data.caching.enabled = true (custom)
2019-10-18 07:13:51,074 [pool-87-thread-1] INFO  server.RaftServerConfigKeys (ConfUtils.java:logGet(43)) - raft.server.retrycache.expirytime = 600000ms (custom)
2019-10-18 07:13:51,075 [pool-47-thread-1] INFO  segmented.SegmentedRaftLogWorker (SegmentedRaftLogWorker.java:lambda$new$0(128)) - 24274e9f-e41f-4654-9afc-a783ca44e44b@group-A59DFA2DE4A4-SegmentedRaftLogWorker: flushIndex: setUnconditionally 0 -> -1
2019-10-18 07:13:51,075 [pool-47-thread-1] INFO  server.RaftServerConfigKeys (ConfUtils.java:logGet(43)) - raft.server.snapshot.auto.trigger.enabled = true (custom)
2019-10-18 07:13:51,075 [pool-47-thread-1] INFO  server.RaftServerConfigKeys (ConfUtils.java:logGet(43)) - raft.server.snapshot.auto.trigger.threshold = 10000 (custom)
2019-10-18 07:13:51,075 [pool-47-thread-1] INFO  server.RaftServerConfigKeys (ConfUtils.java:logGet(43)) - raft.server.snapshot.retention.file.num = 5 (custom)
2019-10-18 07:13:51,076 [pool-47-thread-1] INFO  server.RaftServerConfigKeys (ConfUtils.java:logGet(43)) - raft.server.retrycache.expirytime = 600000ms (custom)
2019-10-18 07:13:51,079 [pool-27-thread-1] INFO  impl.RaftServerImpl (RaftServerImpl.java:start(195)) - 988115cd-21c9-4558-b198-f2cedd98ccf3@group-A59DFA2DE4A4: start as a follower, conf=-1: [24274e9f-e41f-4654-9afc-a783ca44e44b:192.168.69.67:35902, 988115cd-21c9-4558-b198-f2cedd98ccf3:192.168.69.67:44208, c52c3de9-0ed1-4f2b-ba1d-f317ceeb0ceb:192.168.69.67:37615], old=null
2019-10-18 07:13:51,079 [pool-27-thread-1] INFO  impl.RaftServerImpl (RaftServerImpl.java:setRole(184)) - 988115cd-21c9-4558-b198-f2cedd98ccf3@group-A59DFA2DE4A4: changes role from      null to FOLLOWER at term 0 for startAsFollower
2019-10-18 07:13:51,080 [pool-27-thread-1] INFO  impl.RoleInfo (RoleInfo.java:updateAndGet(143)) - 988115cd-21c9-4558-b198-f2cedd98ccf3: start FollowerState
2019-10-18 07:13:51,080 [pool-87-thread-1] INFO  impl.RaftServerImpl (RaftServerImpl.java:start(195)) - c52c3de9-0ed1-4f2b-ba1d-f317ceeb0ceb@group-A59DFA2DE4A4: start as a follower, conf=-1: [24274e9f-e41f-4654-9afc-a783ca44e44b:192.168.69.67:35902, 988115cd-21c9-4558-b198-f2cedd98ccf3:192.168.69.67:44208, c52c3de9-0ed1-4f2b-ba1d-f317ceeb0ceb:192.168.69.67:37615], old=null
2019-10-18 07:13:51,080 [Thread-276] INFO  impl.FollowerState (FollowerState.java:run(108)) - 988115cd-21c9-4558-b198-f2cedd98ccf3@group-A59DFA2DE4A4-FollowerState: change to CANDIDATE, lastRpcTime:0ms, electionTimeout:0ms
2019-10-18 07:13:51,080 [pool-27-thread-1] INFO  util.JmxRegister (JmxRegister.java:tryRegister(44)) - Successfully registered JMX Bean with object name Ratis:service=RaftServer,group=group-A59DFA2DE4A4,id=988115cd-21c9-4558-b198-f2cedd98ccf3
2019-10-18 07:13:51,080 [pool-87-thread-1] INFO  impl.RaftServerImpl (RaftServerImpl.java:setRole(184)) - c52c3de9-0ed1-4f2b-ba1d-f317ceeb0ceb@group-A59DFA2DE4A4: changes role from      null to FOLLOWER at term 0 for startAsFollower
2019-10-18 07:13:51,080 [Thread-276] INFO  impl.RoleInfo (RoleInfo.java:shutdownFollowerState(121)) - 988115cd-21c9-4558-b198-f2cedd98ccf3: shutdown FollowerState
2019-10-18 07:13:51,081 [pool-87-thread-1] INFO  impl.RoleInfo (RoleInfo.java:updateAndGet(143)) - c52c3de9-0ed1-4f2b-ba1d-f317ceeb0ceb: start FollowerState
2019-10-18 07:13:51,081 [Thread-276] INFO  impl.RaftServerImpl (RaftServerImpl.java:setRole(184)) - 988115cd-21c9-4558-b198-f2cedd98ccf3@group-A59DFA2DE4A4: changes role from  FOLLOWER to CANDIDATE at term 0 for changeToCandidate
2019-10-18 07:13:51,081 [pool-47-thread-1] INFO  impl.RaftServerImpl (RaftServerImpl.java:start(195)) - 24274e9f-e41f-4654-9afc-a783ca44e44b@group-A59DFA2DE4A4: start as a follower, conf=-1: [24274e9f-e41f-4654-9afc-a783ca44e44b:192.168.69.67:35902, 988115cd-21c9-4558-b198-f2cedd98ccf3:192.168.69.67:44208, c52c3de9-0ed1-4f2b-ba1d-f317ceeb0ceb:192.168.69.67:37615], old=null
2019-10-18 07:13:51,081 [pool-47-thread-1] INFO  impl.RaftServerImpl (RaftServerImpl.java:setRole(184)) - 24274e9f-e41f-4654-9afc-a783ca44e44b@group-A59DFA2DE4A4: changes role from      null to FOLLOWER at term 0 for startAsFollower
2019-10-18 07:13:51,081 [pool-87-thread-1] INFO  util.JmxRegister (JmxRegister.java:tryRegister(44)) - Successfully registered JMX Bean with object name Ratis:service=RaftServer,group=group-A59DFA2DE4A4,id=c52c3de9-0ed1-4f2b-ba1d-f317ceeb0ceb
2019-10-18 07:13:51,081 [Thread-276] INFO  impl.RoleInfo (RoleInfo.java:updateAndGet(143)) - 988115cd-21c9-4558-b198-f2cedd98ccf3: start LeaderElection
2019-10-18 07:13:51,081 [pool-47-thread-1] INFO  impl.RoleInfo (RoleInfo.java:updateAndGet(143)) - 24274e9f-e41f-4654-9afc-a783ca44e44b: start FollowerState
2019-10-18 07:13:51,085 [pool-47-thread-1] INFO  util.JmxRegister (JmxRegister.java:tryRegister(44)) - Successfully registered JMX Bean with object name Ratis:service=RaftServer,group=group-A59DFA2DE4A4,id=24274e9f-e41f-4654-9afc-a783ca44e44b
2019-10-18 07:13:51,098 [5660bff8-81d7-4c91-ad16-c2423c1e0bda@group-649E1086AFD6-LeaderElection7] INFO  impl.LeaderElection (LeaderElection.java:askForVotes(178)) - 5660bff8-81d7-4c91-ad16-c2423c1e0bda@group-649E1086AFD6-LeaderElection7: begin an election at term 1 for -1: [5660bff8-81d7-4c91-ad16-c2423c1e0bda:192.168.69.67:36548], old=null
2019-10-18 07:13:51,100 [5660bff8-81d7-4c91-ad16-c2423c1e0bda@group-649E1086AFD6-LeaderElection7] INFO  impl.RoleInfo (RoleInfo.java:shutdownLeaderElection(134)) - 5660bff8-81d7-4c91-ad16-c2423c1e0bda: shutdown LeaderElection
2019-10-18 07:13:51,100 [5660bff8-81d7-4c91-ad16-c2423c1e0bda@group-649E1086AFD6-LeaderElection7] INFO  impl.RaftServerImpl (RaftServerImpl.java:setRole(184)) - 5660bff8-81d7-4c91-ad16-c2423c1e0bda@group-649E1086AFD6: changes role from CANDIDATE to LEADER at term 1 for changeToLeader
2019-10-18 07:13:51,103 [5660bff8-81d7-4c91-ad16-c2423c1e0bda@group-649E1086AFD6-LeaderElection7] INFO  ratis.XceiverServerRatis (XceiverServerRatis.java:handleLeaderChangedNotification(699)) - Leader change notification received for group: group-649E1086AFD6 with new leaderId: 5660bff8-81d7-4c91-ad16-c2423c1e0bda
2019-10-18 07:13:51,104 [5660bff8-81d7-4c91-ad16-c2423c1e0bda@group-649E1086AFD6-LeaderElection7] INFO  impl.RaftServerImpl (ServerState.java:setLeader(256)) - 5660bff8-81d7-4c91-ad16-c2423c1e0bda@group-649E1086AFD6: change Leader from null to 5660bff8-81d7-4c91-ad16-c2423c1e0bda at term 1 for becomeLeader, leader elected after 195ms
2019-10-18 07:13:51,105 [5660bff8-81d7-4c91-ad16-c2423c1e0bda@group-649E1086AFD6-LeaderElection7] INFO  server.RaftServerConfigKeys (ConfUtils.java:logGet(43)) - raft.server.staging.catchup.gap = 1000 (default)
2019-10-18 07:13:51,105 [5660bff8-81d7-4c91-ad16-c2423c1e0bda@group-649E1086AFD6-LeaderElection7] INFO  server.RaftServerConfigKeys (ConfUtils.java:logGet(43)) - raft.server.rpc.sleep.time = 25ms (default)
2019-10-18 07:13:51,107 [5660bff8-81d7-4c91-ad16-c2423c1e0bda@group-649E1086AFD6-LeaderElection7] INFO  server.RaftServerConfigKeys (ConfUtils.java:logGet(43)) - raft.server.write.element-limit = 4096 (default)
2019-10-18 07:13:51,107 [5660bff8-81d7-4c91-ad16-c2423c1e0bda@group-649E1086AFD6-LeaderElection7] INFO  server.RaftServerConfigKeys (ConfUtils.java:logGet(43)) - raft.server.watch.timeout = 10s (default)
2019-10-18 07:13:51,108 [5660bff8-81d7-4c91-ad16-c2423c1e0bda@group-649E1086AFD6-LeaderElection7] INFO  server.RaftServerConfigKeys (ConfUtils.java:logGet(43)) - raft.server.watch.timeout.denomination = 1s (default)
2019-10-18 07:13:51,109 [5660bff8-81d7-4c91-ad16-c2423c1e0bda@group-649E1086AFD6-LeaderElection7] INFO  server.RaftServerConfigKeys (ConfUtils.java:logGet(43)) - raft.server.watch.element-limit = 65536 (default)
2019-10-18 07:13:51,112 [RatisPipelineUtilsThread] INFO  pipeline.PipelineStateManager (PipelineStateManager.java:addPipeline(55)) - Created pipeline Pipeline[ Id: 6f305285-d959-4bc2-97f6-a59dfa2de4a4, Nodes: 988115cd-21c9-4558-b198-f2cedd98ccf3{ip: 192.168.69.67, host: pr-hdds-1868-wx8dl-4219780377, networkLocation: /default-rack, certSerialId: null}24274e9f-e41f-4654-9afc-a783ca44e44b{ip: 192.168.69.67, host: pr-hdds-1868-wx8dl-4219780377, networkLocation: /default-rack, certSerialId: null}c52c3de9-0ed1-4f2b-ba1d-f317ceeb0ceb{ip: 192.168.69.67, host: pr-hdds-1868-wx8dl-4219780377, networkLocation: /default-rack, certSerialId: null}, Type:RATIS, Factor:THREE, State:ALLOCATED]
2019-10-18 07:13:51,113 [5660bff8-81d7-4c91-ad16-c2423c1e0bda@group-649E1086AFD6-LeaderElection7] INFO  impl.RoleInfo (RoleInfo.java:updateAndGet(143)) - 5660bff8-81d7-4c91-ad16-c2423c1e0bda: start LeaderState
2019-10-18 07:13:51,114 [5660bff8-81d7-4c91-ad16-c2423c1e0bda@group-649E1086AFD6-LeaderElection7] INFO  segmented.SegmentedRaftLogWorker (SegmentedRaftLogWorker.java:startLogSegment(385)) - 5660bff8-81d7-4c91-ad16-c2423c1e0bda@group-649E1086AFD6-SegmentedRaftLogWorker: Starting segment from index:0
2019-10-18 07:13:51,114 [5660bff8-81d7-4c91-ad16-c2423c1e0bda@group-649E1086AFD6-LeaderElection7] INFO  impl.RaftServerImpl (ServerState.java:setRaftConf(357)) - 5660bff8-81d7-4c91-ad16-c2423c1e0bda@group-649E1086AFD6: set configuration 0: [5660bff8-81d7-4c91-ad16-c2423c1e0bda:192.168.69.67:36548], old=null at 0
2019-10-18 07:13:51,160 [988115cd-21c9-4558-b198-f2cedd98ccf3@group-A59DFA2DE4A4-LeaderElection8] INFO  impl.LeaderElection (LeaderElection.java:askForVotes(178)) - 988115cd-21c9-4558-b198-f2cedd98ccf3@group-A59DFA2DE4A4-LeaderElection8: begin an election at term 1 for -1: [24274e9f-e41f-4654-9afc-a783ca44e44b:192.168.69.67:35902, 988115cd-21c9-4558-b198-f2cedd98ccf3:192.168.69.67:44208, c52c3de9-0ed1-4f2b-ba1d-f317ceeb0ceb:192.168.69.67:37615], old=null
2019-10-18 07:13:51,174 [Thread-279] INFO  impl.FollowerState (FollowerState.java:run(108)) - 24274e9f-e41f-4654-9afc-a783ca44e44b@group-A59DFA2DE4A4-FollowerState: change to CANDIDATE, lastRpcTime:92ms, electionTimeout:88ms
2019-10-18 07:13:51,175 [Thread-279] INFO  impl.RoleInfo (RoleInfo.java:shutdownFollowerState(121)) - 24274e9f-e41f-4654-9afc-a783ca44e44b: shutdown FollowerState
2019-10-18 07:13:51,175 [Thread-279] INFO  impl.RaftServerImpl (RaftServerImpl.java:setRole(184)) - 24274e9f-e41f-4654-9afc-a783ca44e44b@group-A59DFA2DE4A4: changes role from  FOLLOWER to CANDIDATE at term 0 for changeToCandidate
2019-10-18 07:13:51,175 [Thread-279] INFO  impl.RoleInfo (RoleInfo.java:updateAndGet(143)) - 24274e9f-e41f-4654-9afc-a783ca44e44b: start LeaderElection
2019-10-18 07:13:51,183 [grpc-default-executor-1] INFO  impl.RaftServerProxy (RaftServerProxy.java:addNew(89)) - f7ab671b-901b-4a48-a9a9-f6c73ab18394: addNew group-CF800B99A85B:[48796f01-a45e-4e78-98f3-7a8f6b07cc28:192.168.69.67:44206, d2e56473-8267-4871-9849-be2e71e1a2dc:192.168.69.67:35020, f7ab671b-901b-4a48-a9a9-f6c73ab18394:192.168.69.67:41075] returns group-CF800B99A85B:java.util.concurrent.CompletableFuture@637e6bbd[Not completed]
2019-10-18 07:13:51,184 [grpc-default-executor-0] INFO  impl.RaftServerProxy (RaftServerProxy.java:addNew(89)) - d2e56473-8267-4871-9849-be2e71e1a2dc: addNew group-CF800B99A85B:[48796f01-a45e-4e78-98f3-7a8f6b07cc28:192.168.69.67:44206, d2e56473-8267-4871-9849-be2e71e1a2dc:192.168.69.67:35020, f7ab671b-901b-4a48-a9a9-f6c73ab18394:192.168.69.67:41075] returns group-CF800B99A85B:java.util.concurrent.CompletableFuture@57a7ccc2[Not completed]
2019-10-18 07:13:51,186 [grpc-default-executor-1] INFO  impl.RaftServerProxy (RaftServerProxy.java:addNew(89)) - 48796f01-a45e-4e78-98f3-7a8f6b07cc28: addNew group-CF800B99A85B:[48796f01-a45e-4e78-98f3-7a8f6b07cc28:192.168.69.67:44206, d2e56473-8267-4871-9849-be2e71e1a2dc:192.168.69.67:35020, f7ab671b-901b-4a48-a9a9-f6c73ab18394:192.168.69.67:41075] returns group-CF800B99A85B:java.util.concurrent.CompletableFuture@5d491d50[Not completed]
2019-10-18 07:13:51,187 [pool-77-thread-1] INFO  impl.RaftServerImpl (RaftServerImpl.java:<init>(104)) - f7ab671b-901b-4a48-a9a9-f6c73ab18394: new RaftServerImpl for group-CF800B99A85B:[48796f01-a45e-4e78-98f3-7a8f6b07cc28:192.168.69.67:44206, d2e56473-8267-4871-9849-be2e71e1a2dc:192.168.69.67:35020, f7ab671b-901b-4a48-a9a9-f6c73ab18394:192.168.69.67:41075] with ContainerStateMachine:uninitialized
2019-10-18 07:13:51,187 [pool-77-thread-1] INFO  server.RaftServerConfigKeys (ConfUtils.java:logGet(43)) - raft.server.rpc.timeout.min = 5s (custom)
2019-10-18 07:13:51,187 [pool-77-thread-1] INFO  server.RaftServerConfigKeys (ConfUtils.java:logGet(43)) - raft.server.rpc.timeout.max = 5200ms (custom)
2019-10-18 07:13:51,187 [pool-77-thread-1] INFO  server.RaftServerConfigKeys (ConfUtils.java:logGet(43)) - raft.server.rpcslowness.timeout = 120s (custom)
2019-10-18 07:13:51,187 [pool-77-thread-1] INFO  server.RaftServerConfigKeys (ConfUtils.java:logGet(43)) - raft.server.sleep.deviation.threshold = 300 (default)
2019-10-18 07:13:51,187 [pool-77-thread-1] INFO  server.RaftServerConfigKeys (ConfUtils.java:logGet(43)) - raft.server.log.appender.install.snapshot.enabled = false (custom)
2019-10-18 07:13:51,188 [pool-77-thread-1] INFO  impl.RaftServerImpl (ServerState.java:<init>(103)) - f7ab671b-901b-4a48-a9a9-f6c73ab18394@group-CF800B99A85B: ConfigurationManager, init=-1: [48796f01-a45e-4e78-98f3-7a8f6b07cc28:192.168.69.67:44206, d2e56473-8267-4871-9849-be2e71e1a2dc:192.168.69.67:35020, f7ab671b-901b-4a48-a9a9-f6c73ab18394:192.168.69.67:41075], old=null, confs=<EMPTY_MAP>
2019-10-18 07:13:51,190 [pool-37-thread-1] INFO  impl.RaftServerImpl (RaftServerImpl.java:<init>(104)) - d2e56473-8267-4871-9849-be2e71e1a2dc: new RaftServerImpl for group-CF800B99A85B:[48796f01-a45e-4e78-98f3-7a8f6b07cc28:192.168.69.67:44206, d2e56473-8267-4871-9849-be2e71e1a2dc:192.168.69.67:35020, f7ab671b-901b-4a48-a9a9-f6c73ab18394:192.168.69.67:41075] with ContainerStateMachine:uninitialized
2019-10-18 07:13:51,190 [pool-77-thread-1] INFO  server.RaftServerConfigKeys (ConfUtils.java:logGet(43)) - raft.server.storage.dir = [/workdir/hadoop-ozone/integration-test/target/test-dir/MiniOzoneClusterImpl-f68115de-5278-4c94-9b3d-9176cb3c0071/datanode-5/data/ratis] (custom)
2019-10-18 07:13:51,190 [pool-37-thread-1] INFO  server.RaftServerConfigKeys (ConfUtils.java:logGet(43)) - raft.server.rpc.timeout.min = 5s (custom)
2019-10-18 07:13:51,190 [pool-37-thread-1] INFO  server.RaftServerConfigKeys (ConfUtils.java:logGet(43)) - raft.server.rpc.timeout.max = 5200ms (custom)
2019-10-18 07:13:51,190 [pool-37-thread-1] INFO  server.RaftServerConfigKeys (ConfUtils.java:logGet(43)) - raft.server.rpcslowness.timeout = 120s (custom)
2019-10-18 07:13:51,190 [pool-77-thread-1] INFO  server.RaftServerConfigKeys (ConfUtils.java:logGet(43)) - raft.server.log.corruption.policy = EXCEPTION (default)
2019-10-18 07:13:51,191 [pool-57-thread-1] INFO  impl.RaftServerImpl (RaftServerImpl.java:<init>(104)) - 48796f01-a45e-4e78-98f3-7a8f6b07cc28: new RaftServerImpl for group-CF800B99A85B:[48796f01-a45e-4e78-98f3-7a8f6b07cc28:192.168.69.67:44206, d2e56473-8267-4871-9849-be2e71e1a2dc:192.168.69.67:35020, f7ab671b-901b-4a48-a9a9-f6c73ab18394:192.168.69.67:41075] with ContainerStateMachine:uninitialized
2019-10-18 07:13:51,191 [pool-77-thread-1] INFO  storage.RaftStorageDirectory (RaftStorageDirectory.java:analyzeStorage(246)) - The storage directory /workdir/hadoop-ozone/integration-test/target/test-dir/MiniOzoneClusterImpl-f68115de-5278-4c94-9b3d-9176cb3c0071/datanode-5/data/ratis/ebb4ded9-ec7e-40ed-9042-cf800b99a85b does not exist. Creating ...
2019-10-18 07:13:51,190 [pool-37-thread-1] INFO  server.RaftServerConfigKeys (ConfUtils.java:logGet(43)) - raft.server.sleep.deviation.threshold = 300 (default)
2019-10-18 07:13:51,191 [pool-57-thread-1] INFO  server.RaftServerConfigKeys (ConfUtils.java:logGet(43)) - raft.server.rpc.timeout.min = 5s (custom)
2019-10-18 07:13:51,191 [pool-37-thread-1] INFO  server.RaftServerConfigKeys (ConfUtils.java:logGet(43)) - raft.server.log.appender.install.snapshot.enabled = false (custom)
2019-10-18 07:13:51,191 [pool-57-thread-1] INFO  server.RaftServerConfigKeys (ConfUtils.java:logGet(43)) - raft.server.rpc.timeout.max = 5200ms (custom)
2019-10-18 07:13:51,191 [pool-37-thread-1] INFO  impl.RaftServerImpl (ServerState.java:<init>(103)) - d2e56473-8267-4871-9849-be2e71e1a2dc@group-CF800B99A85B: ConfigurationManager, init=-1: [48796f01-a45e-4e78-98f3-7a8f6b07cc28:192.168.69.67:44206, d2e56473-8267-4871-9849-be2e71e1a2dc:192.168.69.67:35020, f7ab671b-901b-4a48-a9a9-f6c73ab18394:192.168.69.67:41075], old=null, confs=<EMPTY_MAP>
2019-10-18 07:13:51,191 [pool-57-thread-1] INFO  server.RaftServerConfigKeys (ConfUtils.java:logGet(43)) - raft.server.rpcslowness.timeout = 120s (custom)
2019-10-18 07:13:51,191 [pool-57-thread-1] INFO  server.RaftServerConfigKeys (ConfUtils.java:logGet(43)) - raft.server.sleep.deviation.threshold = 300 (default)
2019-10-18 07:13:51,191 [pool-37-thread-1] INFO  server.RaftServerConfigKeys (ConfUtils.java:logGet(43)) - raft.server.storage.dir = [/workdir/hadoop-ozone/integration-test/target/test-dir/MiniOzoneClusterImpl-f68115de-5278-4c94-9b3d-9176cb3c0071/datanode-1/data/ratis] (custom)
2019-10-18 07:13:51,192 [pool-57-thread-1] INFO  server.RaftServerConfigKeys (ConfUtils.java:logGet(43)) - raft.server.log.appender.install.snapshot.enabled = false (custom)
2019-10-18 07:13:51,192 [pool-57-thread-1] INFO  impl.RaftServerImpl (ServerState.java:<init>(103)) - 48796f01-a45e-4e78-98f3-7a8f6b07cc28@group-CF800B99A85B: ConfigurationManager, init=-1: [48796f01-a45e-4e78-98f3-7a8f6b07cc28:192.168.69.67:44206, d2e56473-8267-4871-9849-be2e71e1a2dc:192.168.69.67:35020, f7ab671b-901b-4a48-a9a9-f6c73ab18394:192.168.69.67:41075], old=null, confs=<EMPTY_MAP>
2019-10-18 07:13:51,192 [pool-37-thread-1] INFO  server.RaftServerConfigKeys (ConfUtils.java:logGet(43)) - raft.server.log.corruption.policy = EXCEPTION (default)
2019-10-18 07:13:51,192 [pool-57-thread-1] INFO  server.RaftServerConfigKeys (ConfUtils.java:logGet(43)) - raft.server.storage.dir = [/workdir/hadoop-ozone/integration-test/target/test-dir/MiniOzoneClusterImpl-f68115de-5278-4c94-9b3d-9176cb3c0071/datanode-3/data/ratis] (custom)
2019-10-18 07:13:51,192 [pool-37-thread-1] INFO  storage.RaftStorageDirectory (RaftStorageDirectory.java:analyzeStorage(246)) - The storage directory /workdir/hadoop-ozone/integration-test/target/test-dir/MiniOzoneClusterImpl-f68115de-5278-4c94-9b3d-9176cb3c0071/datanode-1/data/ratis/ebb4ded9-ec7e-40ed-9042-cf800b99a85b does not exist. Creating ...
2019-10-18 07:13:51,192 [pool-57-thread-1] INFO  server.RaftServerConfigKeys (ConfUtils.java:logGet(43)) - raft.server.log.corruption.policy = EXCEPTION (default)
2019-10-18 07:13:51,192 [pool-57-thread-1] INFO  storage.RaftStorageDirectory (RaftStorageDirectory.java:analyzeStorage(246)) - The storage directory /workdir/hadoop-ozone/integration-test/target/test-dir/MiniOzoneClusterImpl-f68115de-5278-4c94-9b3d-9176cb3c0071/datanode-3/data/ratis/ebb4ded9-ec7e-40ed-9042-cf800b99a85b does not exist. Creating ...
2019-10-18 07:13:51,196 [5660bff8-81d7-4c91-ad16-c2423c1e0bda@group-649E1086AFD6-SegmentedRaftLogWorker] INFO  segmented.SegmentedRaftLogWorker (SegmentedRaftLogWorker.java:execute(576)) - 5660bff8-81d7-4c91-ad16-c2423c1e0bda@group-649E1086AFD6-SegmentedRaftLogWorker: created new log segment /workdir/hadoop-ozone/integration-test/target/test-dir/MiniOzoneClusterImpl-f68115de-5278-4c94-9b3d-9176cb3c0071/datanode-4/data/ratis/c64b84c1-00ad-4e4b-bbce-649e1086afd6/current/log_inprogress_0
2019-10-18 07:13:51,201 [grpc-default-executor-1] INFO  impl.RaftServerImpl (RaftServerImpl.java:setRole(184)) - c52c3de9-0ed1-4f2b-ba1d-f317ceeb0ceb@group-A59DFA2DE4A4: changes role from  FOLLOWER to FOLLOWER at term 1 for recognizeCandidate:988115cd-21c9-4558-b198-f2cedd98ccf3
2019-10-18 07:13:51,201 [grpc-default-executor-1] INFO  impl.RoleInfo (RoleInfo.java:shutdownFollowerState(121)) - c52c3de9-0ed1-4f2b-ba1d-f317ceeb0ceb: shutdown FollowerState
2019-10-18 07:13:51,201 [grpc-default-executor-1] INFO  impl.RoleInfo (RoleInfo.java:updateAndGet(143)) - c52c3de9-0ed1-4f2b-ba1d-f317ceeb0ceb: start FollowerState
2019-10-18 07:13:51,201 [Thread-277] INFO  impl.FollowerState (FollowerState.java:run(117)) - c52c3de9-0ed1-4f2b-ba1d-f317ceeb0ceb@group-A59DFA2DE4A4-FollowerState was interrupted: java.lang.InterruptedException: sleep interrupted
2019-10-18 07:13:51,234 [pool-37-thread-1] INFO  storage.RaftStorageDirectory (RaftStorageDirectory.java:tryLock(328)) - Lock on /workdir/hadoop-ozone/integration-test/target/test-dir/MiniOzoneClusterImpl-f68115de-5278-4c94-9b3d-9176cb3c0071/datanode-1/data/ratis/ebb4ded9-ec7e-40ed-9042-cf800b99a85b/in_use.lock acquired by nodename 28720@pr-hdds-1868-wx8dl-4219780377
2019-10-18 07:13:51,234 [24274e9f-e41f-4654-9afc-a783ca44e44b@group-A59DFA2DE4A4-LeaderElection9] INFO  impl.LeaderElection (LeaderElection.java:askForVotes(178)) - 24274e9f-e41f-4654-9afc-a783ca44e44b@group-A59DFA2DE4A4-LeaderElection9: begin an election at term 1 for -1: [24274e9f-e41f-4654-9afc-a783ca44e44b:192.168.69.67:35902, 988115cd-21c9-4558-b198-f2cedd98ccf3:192.168.69.67:44208, c52c3de9-0ed1-4f2b-ba1d-f317ceeb0ceb:192.168.69.67:37615], old=null
2019-10-18 07:13:51,234 [pool-57-thread-1] INFO  storage.RaftStorageDirectory (RaftStorageDirectory.java:tryLock(328)) - Lock on /workdir/hadoop-ozone/integration-test/target/test-dir/MiniOzoneClusterImpl-f68115de-5278-4c94-9b3d-9176cb3c0071/datanode-3/data/ratis/ebb4ded9-ec7e-40ed-9042-cf800b99a85b/in_use.lock acquired by nodename 28720@pr-hdds-1868-wx8dl-4219780377
2019-10-18 07:13:51,234 [pool-77-thread-1] INFO  storage.RaftStorageDirectory (RaftStorageDirectory.java:tryLock(328)) - Lock on /workdir/hadoop-ozone/integration-test/target/test-dir/MiniOzoneClusterImpl-f68115de-5278-4c94-9b3d-9176cb3c0071/datanode-5/data/ratis/ebb4ded9-ec7e-40ed-9042-cf800b99a85b/in_use.lock acquired by nodename 28720@pr-hdds-1868-wx8dl-4219780377
2019-10-18 07:13:51,293 [988115cd-21c9-4558-b198-f2cedd98ccf3@group-A59DFA2DE4A4-LeaderElection8] INFO  impl.LeaderElection (LeaderElection.java:logAndReturn(56)) - 988115cd-21c9-4558-b198-f2cedd98ccf3@group-A59DFA2DE4A4-LeaderElection8: Election TIMEOUT; received 1 response(s) [988115cd-21c9-4558-b198-f2cedd98ccf3<-24274e9f-e41f-4654-9afc-a783ca44e44b#0:FAIL-t1] and 0 exception(s); 988115cd-21c9-4558-b198-f2cedd98ccf3@group-A59DFA2DE4A4:t1, leader=null, voted=988115cd-21c9-4558-b198-f2cedd98ccf3, raftlog=988115cd-21c9-4558-b198-f2cedd98ccf3@group-A59DFA2DE4A4-SegmentedRaftLog:OPENED:c-1,f-1,i0, conf=-1: [24274e9f-e41f-4654-9afc-a783ca44e44b:192.168.69.67:35902, 988115cd-21c9-4558-b198-f2cedd98ccf3:192.168.69.67:44208, c52c3de9-0ed1-4f2b-ba1d-f317ceeb0ceb:192.168.69.67:37615], old=null
2019-10-18 07:13:51,296 [pool-57-thread-1] INFO  storage.RaftStorage (RaftStorage.java:format(84)) - Storage directory /workdir/hadoop-ozone/integration-test/target/test-dir/MiniOzoneClusterImpl-f68115de-5278-4c94-9b3d-9176cb3c0071/datanode-3/data/ratis/ebb4ded9-ec7e-40ed-9042-cf800b99a85b has been successfully formatted.
2019-10-18 07:13:51,296 [pool-77-thread-1] INFO  storage.RaftStorage (RaftStorage.java:format(84)) - Storage directory /workdir/hadoop-ozone/integration-test/target/test-dir/MiniOzoneClusterImpl-f68115de-5278-4c94-9b3d-9176cb3c0071/datanode-5/data/ratis/ebb4ded9-ec7e-40ed-9042-cf800b99a85b has been successfully formatted.
2019-10-18 07:13:51,296 [pool-37-thread-1] INFO  storage.RaftStorage (RaftStorage.java:format(84)) - Storage directory /workdir/hadoop-ozone/integration-test/target/test-dir/MiniOzoneClusterImpl-f68115de-5278-4c94-9b3d-9176cb3c0071/datanode-1/data/ratis/ebb4ded9-ec7e-40ed-9042-cf800b99a85b has been successfully formatted.
2019-10-18 07:13:51,298 [pool-57-thread-1] INFO  ratis.ContainerStateMachine (ContainerStateMachine.java:loadSnapshot(233)) - group-CF800B99A85B: The snapshot info is null. Setting the last applied indexto:(t:0, i:~)
2019-10-18 07:13:51,298 [pool-77-thread-1] INFO  ratis.ContainerStateMachine (ContainerStateMachine.java:loadSnapshot(233)) - group-CF800B99A85B: The snapshot info is null. Setting the last applied indexto:(t:0, i:~)
2019-10-18 07:13:51,298 [pool-57-thread-1] INFO  server.RaftServerConfigKeys (ConfUtils.java:logGet(43)) - raft.server.notification.no-leader.timeout = 120s (custom)
2019-10-18 07:13:51,298 [pool-37-thread-1] INFO  ratis.ContainerStateMachine (ContainerStateMachine.java:loadSnapshot(233)) - group-CF800B99A85B: The snapshot info is null. Setting the last applied indexto:(t:0, i:~)
2019-10-18 07:13:51,298 [pool-57-thread-1] INFO  server.RaftServerConfigKeys (ConfUtils.java:logGet(43)) - raft.server.log.use.memory = false (default)
2019-10-18 07:13:51,298 [pool-77-thread-1] INFO  server.RaftServerConfigKeys (ConfUtils.java:logGet(43)) - raft.server.notification.no-leader.timeout = 120s (custom)
2019-10-18 07:13:51,298 [pool-57-thread-1] INFO  server.RaftServerConfigKeys (ConfUtils.java:logGet(43)) - raft.server.log.purge.gap = 1000000 (custom)
2019-10-18 07:13:51,298 [pool-37-thread-1] INFO  server.RaftServerConfigKeys (ConfUtils.java:logGet(43)) - raft.server.notification.no-leader.timeout = 120s (custom)
2019-10-18 07:13:51,299 [pool-57-thread-1] INFO  server.RaftServerConfigKeys (ConfUtils.java:logGet(43)) - raft.server.log.appender.buffer.byte-limit = 33554432 (custom)
2019-10-18 07:13:51,299 [pool-77-thread-1] INFO  server.RaftServerConfigKeys (ConfUtils.java:logGet(43)) - raft.server.log.use.memory = false (default)
2019-10-18 07:13:51,299 [pool-57-thread-1] INFO  server.RaftServerConfigKeys (ConfUtils.java:logGet(43)) - raft.server.log.segment.size.max = 1048576 (custom)
2019-10-18 07:13:51,300 [pool-77-thread-1] INFO  server.RaftServerConfigKeys (ConfUtils.java:logGet(43)) - raft.server.log.purge.gap = 1000000 (custom)
2019-10-18 07:13:51,299 [pool-37-thread-1] INFO  server.RaftServerConfigKeys (ConfUtils.java:logGet(43)) - raft.server.log.use.memory = false (default)
2019-10-18 07:13:51,300 [pool-77-thread-1] INFO  server.RaftServerConfigKeys (ConfUtils.java:logGet(43)) - raft.server.log.appender.buffer.byte-limit = 33554432 (custom)
2019-10-18 07:13:51,300 [pool-57-thread-1] INFO  server.RaftServerConfigKeys (ConfUtils.java:logGet(43)) - raft.server.log.segment.cache.num.max = 2 (custom)
2019-10-18 07:13:51,300 [pool-77-thread-1] INFO  server.RaftServerConfigKeys (ConfUtils.java:logGet(43)) - raft.server.log.segment.size.max = 1048576 (custom)
2019-10-18 07:13:51,300 [pool-37-thread-1] INFO  server.RaftServerConfigKeys (ConfUtils.java:logGet(43)) - raft.server.log.purge.gap = 1000000 (custom)
2019-10-18 07:13:51,307 [pool-77-thread-1] INFO  server.RaftServerConfigKeys (ConfUtils.java:logGet(43)) - raft.server.log.segment.cache.num.max = 2 (custom)
2019-10-18 07:13:51,300 [pool-57-thread-1] INFO  segmented.SegmentedRaftLogWorker (SegmentedRaftLogWorker.java:<init>(173)) - new 48796f01-a45e-4e78-98f3-7a8f6b07cc28@group-CF800B99A85B-SegmentedRaftLogWorker for RaftStorage:Storage Directory /workdir/hadoop-ozone/integration-test/target/test-dir/MiniOzoneClusterImpl-f68115de-5278-4c94-9b3d-9176cb3c0071/datanode-3/data/ratis/ebb4ded9-ec7e-40ed-9042-cf800b99a85b
2019-10-18 07:13:51,308 [pool-77-thread-1] INFO  segmented.SegmentedRaftLogWorker (SegmentedRaftLogWorker.java:<init>(173)) - new f7ab671b-901b-4a48-a9a9-f6c73ab18394@group-CF800B99A85B-SegmentedRaftLogWorker for RaftStorage:Storage Directory /workdir/hadoop-ozone/integration-test/target/test-dir/MiniOzoneClusterImpl-f68115de-5278-4c94-9b3d-9176cb3c0071/datanode-5/data/ratis/ebb4ded9-ec7e-40ed-9042-cf800b99a85b
2019-10-18 07:13:51,307 [pool-37-thread-1] INFO  server.RaftServerConfigKeys (ConfUtils.java:logGet(43)) - raft.server.log.appender.buffer.byte-limit = 33554432 (custom)
2019-10-18 07:13:51,308 [pool-77-thread-1] INFO  server.RaftServerConfigKeys (ConfUtils.java:logGet(43)) - raft.server.log.queue.byte-limit = 2147483647 (custom)
2019-10-18 07:13:51,308 [pool-57-thread-1] INFO  server.RaftServerConfigKeys (ConfUtils.java:logGet(43)) - raft.server.log.queue.byte-limit = 2147483647 (custom)
2019-10-18 07:13:51,310 [pool-77-thread-1] INFO  server.RaftServerConfigKeys (ConfUtils.java:logGet(43)) - raft.server.log.queue.element-limit = 1024 (custom)
2019-10-18 07:13:51,309 [pool-37-thread-1] INFO  server.RaftServerConfigKeys (ConfUtils.java:logGet(43)) - raft.server.log.segment.size.max = 1048576 (custom)
2019-10-18 07:13:51,310 [pool-77-thread-1] INFO  server.RaftServerConfigKeys (ConfUtils.java:logGet(43)) - raft.server.log.segment.size.max = 1048576 (custom)
2019-10-18 07:13:51,310 [pool-57-thread-1] INFO  server.RaftServerConfigKeys (ConfUtils.java:logGet(43)) - raft.server.log.queue.element-limit = 1024 (custom)
2019-10-18 07:13:51,310 [24274e9f-e41f-4654-9afc-a783ca44e44b@group-A59DFA2DE4A4-LeaderElection9] INFO  impl.LeaderElection (LeaderElection.java:logAndReturn(56)) - 24274e9f-e41f-4654-9afc-a783ca44e44b@group-A59DFA2DE4A4-LeaderElection9: Election REJECTED; received 2 response(s) [24274e9f-e41f-4654-9afc-a783ca44e44b<-988115cd-21c9-4558-b198-f2cedd98ccf3#0:FAIL-t1, 24274e9f-e41f-4654-9afc-a783ca44e44b<-c52c3de9-0ed1-4f2b-ba1d-f317ceeb0ceb#0:FAIL-t1] and 0 exception(s); 24274e9f-e41f-4654-9afc-a783ca44e44b@group-A59DFA2DE4A4:t1, leader=null, voted=24274e9f-e41f-4654-9afc-a783ca44e44b, raftlog=24274e9f-e41f-4654-9afc-a783ca44e44b@group-A59DFA2DE4A4-SegmentedRaftLog:OPENED:c-1,f-1,i0, conf=-1: [24274e9f-e41f-4654-9afc-a783ca44e44b:192.168.69.67:35902, 988115cd-21c9-4558-b198-f2cedd98ccf3:192.168.69.67:44208, c52c3de9-0ed1-4f2b-ba1d-f317ceeb0ceb:192.168.69.67:37615], old=null
2019-10-18 07:13:51,310 [pool-57-thread-1] INFO  server.RaftServerConfigKeys (ConfUtils.java:logGet(43)) - raft.server.log.segment.size.max = 1048576 (custom)
2019-10-18 07:13:51,310 [24274e9f-e41f-4654-9afc-a783ca44e44b@group-A59DFA2DE4A4-LeaderElection9] INFO  impl.RaftServerImpl (RaftServerImpl.java:setRole(184)) - 24274e9f-e41f-4654-9afc-a783ca44e44b@group-A59DFA2DE4A4: changes role from CANDIDATE to FOLLOWER at term 1 for DISCOVERED_A_NEW_TERM
2019-10-18 07:13:51,310 [pool-77-thread-1] INFO  server.RaftServerConfigKeys (ConfUtils.java:logGet(43)) - raft.server.log.preallocated.size = 16384 (custom)
2019-10-18 07:13:51,310 [pool-37-thread-1] INFO  server.RaftServerConfigKeys (ConfUtils.java:logGet(43)) - raft.server.log.segment.cache.num.max = 2 (custom)
2019-10-18 07:13:51,313 [pool-77-thread-1] INFO  server.RaftServerConfigKeys (ConfUtils.java:logGet(43)) - raft.server.log.write.buffer.size = 33554432 (custom)
2019-10-18 07:13:51,311 [24274e9f-e41f-4654-9afc-a783ca44e44b@group-A59DFA2DE4A4-LeaderElection9] INFO  impl.RoleInfo (RoleInfo.java:shutdownLeaderElection(134)) - 24274e9f-e41f-4654-9afc-a783ca44e44b: shutdown LeaderElection
2019-10-18 07:13:51,311 [pool-57-thread-1] INFO  server.RaftServerConfigKeys (ConfUtils.java:logGet(43)) - raft.server.log.preallocated.size = 16384 (custom)
2019-10-18 07:13:51,313 [pool-77-thread-1] INFO  server.RaftServerConfigKeys (ConfUtils.java:logGet(43)) - raft.server.log.force.sync.num = 128 (default)
2019-10-18 07:13:51,313 [pool-37-thread-1] INFO  segmented.SegmentedRaftLogWorker (SegmentedRaftLogWorker.java:<init>(173)) - new d2e56473-8267-4871-9849-be2e71e1a2dc@group-CF800B99A85B-SegmentedRaftLogWorker for RaftStorage:Storage Directory /workdir/hadoop-ozone/integration-test/target/test-dir/MiniOzoneClusterImpl-f68115de-5278-4c94-9b3d-9176cb3c0071/datanode-1/data/ratis/ebb4ded9-ec7e-40ed-9042-cf800b99a85b
2019-10-18 07:13:51,314 [pool-77-thread-1] INFO  server.RaftServerConfigKeys (ConfUtils.java:logGet(43)) - raft.server.log.statemachine.data.sync = true (default)
2019-10-18 07:13:51,314 [pool-57-thread-1] INFO  server.RaftServerConfigKeys (ConfUtils.java:logGet(43)) - raft.server.log.write.buffer.size = 33554432 (custom)
2019-10-18 07:13:51,314 [24274e9f-e41f-4654-9afc-a783ca44e44b@group-A59DFA2DE4A4-LeaderElection9] INFO  impl.RoleInfo (RoleInfo.java:updateAndGet(143)) - 24274e9f-e41f-4654-9afc-a783ca44e44b: start FollowerState
2019-10-18 07:13:51,314 [pool-57-thread-1] INFO  server.RaftServerConfigKeys (ConfUtils.java:logGet(43)) - raft.server.log.force.sync.num = 128 (default)
2019-10-18 07:13:51,314 [pool-77-thread-1] INFO  server.RaftServerConfigKeys (ConfUtils.java:logGet(43)) - raft.server.log.statemachine.data.sync.timeout = 10s (default)
2019-10-18 07:13:51,314 [pool-37-thread-1] INFO  server.RaftServerConfigKeys (ConfUtils.java:logGet(43)) - raft.server.log.queue.byte-limit = 2147483647 (custom)
2019-10-18 07:13:51,315 [pool-77-thread-1] INFO  server.RaftServerConfigKeys (ConfUtils.java:logGet(43)) - raft.server.log.statemachine.data.sync.timeout.retry = -1 (default)
2019-10-18 07:13:51,314 [pool-57-thread-1] INFO  server.RaftServerConfigKeys (ConfUtils.java:logGet(43)) - raft.server.log.statemachine.data.sync = true (default)
2019-10-18 07:13:51,316 [pool-77-thread-1] INFO  server.RaftServerConfigKeys (ConfUtils.java:logGet(43)) - raft.server.log.statemachine.data.caching.enabled = true (custom)
2019-10-18 07:13:51,316 [pool-37-thread-1] INFO  server.RaftServerConfigKeys (ConfUtils.java:logGet(43)) - raft.server.log.queue.element-limit = 1024 (custom)
2019-10-18 07:13:51,316 [pool-57-thread-1] INFO  server.RaftServerConfigKeys (ConfUtils.java:logGet(43)) - raft.server.log.statemachine.data.sync.timeout = 10s (default)
2019-10-18 07:13:51,316 [pool-37-thread-1] INFO  server.RaftServerConfigKeys (ConfUtils.java:logGet(43)) - raft.server.log.segment.size.max = 1048576 (custom)
2019-10-18 07:13:51,316 [pool-57-thread-1] INFO  server.RaftServerConfigKeys (ConfUtils.java:logGet(43)) - raft.server.log.statemachine.data.sync.timeout.retry = -1 (default)
2019-10-18 07:13:51,316 [pool-37-thread-1] INFO  server.RaftServerConfigKeys (ConfUtils.java:logGet(43)) - raft.server.log.preallocated.size = 16384 (custom)
2019-10-18 07:13:51,316 [pool-57-thread-1] INFO  server.RaftServerConfigKeys (ConfUtils.java:logGet(43)) - raft.server.log.statemachine.data.caching.enabled = true (custom)
2019-10-18 07:13:51,316 [Thread-287] INFO  impl.FollowerState (FollowerState.java:run(108)) - c52c3de9-0ed1-4f2b-ba1d-f317ceeb0ceb@group-A59DFA2DE4A4-FollowerState: change to CANDIDATE, lastRpcTime:115ms, electionTimeout:115ms
2019-10-18 07:13:51,316 [pool-37-thread-1] INFO  server.RaftServerConfigKeys (ConfUtils.java:logGet(43)) - raft.server.log.write.buffer.size = 33554432 (custom)
2019-10-18 07:13:51,317 [Thread-287] INFO  impl.RoleInfo (RoleInfo.java:shutdownFollowerState(121)) - c52c3de9-0ed1-4f2b-ba1d-f317ceeb0ceb: shutdown FollowerState
2019-10-18 07:13:51,317 [pool-37-thread-1] INFO  server.RaftServerConfigKeys (ConfUtils.java:logGet(43)) - raft.server.log.force.sync.num = 128 (default)
2019-10-18 07:13:51,317 [Thread-287] INFO  impl.RaftServerImpl (RaftServerImpl.java:setRole(184)) - c52c3de9-0ed1-4f2b-ba1d-f317ceeb0ceb@group-A59DFA2DE4A4: changes role from  FOLLOWER to CANDIDATE at term 1 for changeToCandidate
2019-10-18 07:13:51,317 [pool-37-thread-1] INFO  server.RaftServerConfigKeys (ConfUtils.java:logGet(43)) - raft.server.log.statemachine.data.sync = true (default)
2019-10-18 07:13:51,317 [pool-37-thread-1] INFO  server.RaftServerConfigKeys (ConfUtils.java:logGet(43)) - raft.server.log.statemachine.data.sync.timeout = 10s (default)
2019-10-18 07:13:51,317 [Thread-287] INFO  impl.RoleInfo (RoleInfo.java:updateAndGet(143)) - c52c3de9-0ed1-4f2b-ba1d-f317ceeb0ceb: start LeaderElection
2019-10-18 07:13:51,317 [pool-37-thread-1] INFO  server.RaftServerConfigKeys (ConfUtils.java:logGet(43)) - raft.server.log.statemachine.data.sync.timeout.retry = -1 (default)
2019-10-18 07:13:51,318 [pool-37-thread-1] INFO  server.RaftServerConfigKeys (ConfUtils.java:logGet(43)) - raft.server.log.statemachine.data.caching.enabled = true (custom)
2019-10-18 07:13:51,326 [pool-57-thread-1] INFO  segmented.SegmentedRaftLogWorker (SegmentedRaftLogWorker.java:lambda$new$0(128)) - 48796f01-a45e-4e78-98f3-7a8f6b07cc28@group-CF800B99A85B-SegmentedRaftLogWorker: flushIndex: setUnconditionally 0 -> -1
2019-10-18 07:13:51,326 [pool-77-thread-1] INFO  segmented.SegmentedRaftLogWorker (SegmentedRaftLogWorker.java:lambda$new$0(128)) - f7ab671b-901b-4a48-a9a9-f6c73ab18394@group-CF800B99A85B-SegmentedRaftLogWorker: flushIndex: setUnconditionally 0 -> -1
2019-10-18 07:13:51,326 [pool-37-thread-1] INFO  segmented.SegmentedRaftLogWorker (SegmentedRaftLogWorker.java:lambda$new$0(128)) - d2e56473-8267-4871-9849-be2e71e1a2dc@group-CF800B99A85B-SegmentedRaftLogWorker: flushIndex: setUnconditionally 0 -> -1
2019-10-18 07:13:51,326 [pool-57-thread-1] INFO  server.RaftServerConfigKeys (ConfUtils.java:logGet(43)) - raft.server.snapshot.auto.trigger.enabled = true (custom)
2019-10-18 07:13:51,326 [pool-77-thread-1] INFO  server.RaftServerConfigKeys (ConfUtils.java:logGet(43)) - raft.server.snapshot.auto.trigger.enabled = true (custom)
2019-10-18 07:13:51,326 [pool-57-thread-1] INFO  server.RaftServerConfigKeys (ConfUtils.java:logGet(43)) - raft.server.snapshot.auto.trigger.threshold = 10000 (custom)
2019-10-18 07:13:51,326 [pool-37-thread-1] INFO  server.RaftServerConfigKeys (ConfUtils.java:logGet(43)) - raft.server.snapshot.auto.trigger.enabled = true (custom)
2019-10-18 07:13:51,327 [pool-57-thread-1] INFO  server.RaftServerConfigKeys (ConfUtils.java:logGet(43)) - raft.server.snapshot.retention.file.num = 5 (custom)
2019-10-18 07:13:51,326 [pool-77-thread-1] INFO  server.RaftServerConfigKeys (ConfUtils.java:logGet(43)) - raft.server.snapshot.auto.trigger.threshold = 10000 (custom)
2019-10-18 07:13:51,327 [pool-57-thread-1] INFO  server.RaftServerConfigKeys (ConfUtils.java:logGet(43)) - raft.server.retrycache.expirytime = 600000ms (custom)
2019-10-18 07:13:51,327 [pool-37-thread-1] INFO  server.RaftServerConfigKeys (ConfUtils.java:logGet(43)) - raft.server.snapshot.auto.trigger.threshold = 10000 (custom)
2019-10-18 07:13:51,327 [pool-77-thread-1] INFO  server.RaftServerConfigKeys (ConfUtils.java:logGet(43)) - raft.server.snapshot.retention.file.num = 5 (custom)
2019-10-18 07:13:51,327 [pool-37-thread-1] INFO  server.RaftServerConfigKeys (ConfUtils.java:logGet(43)) - raft.server.snapshot.retention.file.num = 5 (custom)
2019-10-18 07:13:51,327 [pool-77-thread-1] INFO  server.RaftServerConfigKeys (ConfUtils.java:logGet(43)) - raft.server.retrycache.expirytime = 600000ms (custom)
2019-10-18 07:13:51,327 [pool-37-thread-1] INFO  server.RaftServerConfigKeys (ConfUtils.java:logGet(43)) - raft.server.retrycache.expirytime = 600000ms (custom)
2019-10-18 07:13:51,330 [pool-57-thread-1] INFO  impl.RaftServerImpl (RaftServerImpl.java:start(195)) - 48796f01-a45e-4e78-98f3-7a8f6b07cc28@group-CF800B99A85B: start as a follower, conf=-1: [48796f01-a45e-4e78-98f3-7a8f6b07cc28:192.168.69.67:44206, d2e56473-8267-4871-9849-be2e71e1a2dc:192.168.69.67:35020, f7ab671b-901b-4a48-a9a9-f6c73ab18394:192.168.69.67:41075], old=null
2019-10-18 07:13:51,331 [pool-57-thread-1] INFO  impl.RaftServerImpl (RaftServerImpl.java:setRole(184)) - 48796f01-a45e-4e78-98f3-7a8f6b07cc28@group-CF800B99A85B: changes role from      null to FOLLOWER at term 0 for startAsFollower
2019-10-18 07:13:51,331 [pool-57-thread-1] INFO  impl.RoleInfo (RoleInfo.java:updateAndGet(143)) - 48796f01-a45e-4e78-98f3-7a8f6b07cc28: start FollowerState
2019-10-18 07:13:51,331 [pool-37-thread-1] INFO  impl.RaftServerImpl (RaftServerImpl.java:start(195)) - d2e56473-8267-4871-9849-be2e71e1a2dc@group-CF800B99A85B: start as a follower, conf=-1: [48796f01-a45e-4e78-98f3-7a8f6b07cc28:192.168.69.67:44206, d2e56473-8267-4871-9849-be2e71e1a2dc:192.168.69.67:35020, f7ab671b-901b-4a48-a9a9-f6c73ab18394:192.168.69.67:41075], old=null
2019-10-18 07:13:51,331 [pool-37-thread-1] INFO  impl.RaftServerImpl (RaftServerImpl.java:setRole(184)) - d2e56473-8267-4871-9849-be2e71e1a2dc@group-CF800B99A85B: changes role from      null to FOLLOWER at term 0 for startAsFollower
2019-10-18 07:13:51,331 [pool-57-thread-1] INFO  util.JmxRegister (JmxRegister.java:tryRegister(44)) - Successfully registered JMX Bean with object name Ratis:service=RaftServer,group=group-CF800B99A85B,id=48796f01-a45e-4e78-98f3-7a8f6b07cc28
2019-10-18 07:13:51,331 [pool-37-thread-1] INFO  impl.RoleInfo (RoleInfo.java:updateAndGet(143)) - d2e56473-8267-4871-9849-be2e71e1a2dc: start FollowerState
2019-10-18 07:13:51,331 [pool-77-thread-1] INFO  impl.RaftServerImpl (RaftServerImpl.java:start(195)) - f7ab671b-901b-4a48-a9a9-f6c73ab18394@group-CF800B99A85B: start as a follower, conf=-1: [48796f01-a45e-4e78-98f3-7a8f6b07cc28:192.168.69.67:44206, d2e56473-8267-4871-9849-be2e71e1a2dc:192.168.69.67:35020, f7ab671b-901b-4a48-a9a9-f6c73ab18394:192.168.69.67:41075], old=null
2019-10-18 07:13:51,331 [pool-37-thread-1] INFO  util.JmxRegister (JmxRegister.java:tryRegister(44)) - Successfully registered JMX Bean with object name Ratis:service=RaftServer,group=group-CF800B99A85B,id=d2e56473-8267-4871-9849-be2e71e1a2dc
2019-10-18 07:13:51,332 [pool-77-thread-1] INFO  impl.RaftServerImpl (RaftServerImpl.java:setRole(184)) - f7ab671b-901b-4a48-a9a9-f6c73ab18394@group-CF800B99A85B: changes role from      null to FOLLOWER at term 0 for startAsFollower
2019-10-18 07:13:51,332 [pool-77-thread-1] INFO  impl.RoleInfo (RoleInfo.java:updateAndGet(143)) - f7ab671b-901b-4a48-a9a9-f6c73ab18394: start FollowerState
2019-10-18 07:13:51,332 [pool-77-thread-1] INFO  util.JmxRegister (JmxRegister.java:tryRegister(44)) - Successfully registered JMX Bean with object name Ratis:service=RaftServer,group=group-CF800B99A85B,id=f7ab671b-901b-4a48-a9a9-f6c73ab18394
2019-10-18 07:13:51,345 [988115cd-21c9-4558-b198-f2cedd98ccf3@group-A59DFA2DE4A4-LeaderElection8] INFO  impl.LeaderElection (LeaderElection.java:askForVotes(178)) - 988115cd-21c9-4558-b198-f2cedd98ccf3@group-A59DFA2DE4A4-LeaderElection8: begin an election at term 2 for -1: [24274e9f-e41f-4654-9afc-a783ca44e44b:192.168.69.67:35902, 988115cd-21c9-4558-b198-f2cedd98ccf3:192.168.69.67:44208, c52c3de9-0ed1-4f2b-ba1d-f317ceeb0ceb:192.168.69.67:37615], old=null
2019-10-18 07:13:51,350 [RatisPipelineUtilsThread] INFO  pipeline.PipelineStateManager (PipelineStateManager.java:addPipeline(55)) - Created pipeline Pipeline[ Id: ebb4ded9-ec7e-40ed-9042-cf800b99a85b, Nodes: f7ab671b-901b-4a48-a9a9-f6c73ab18394{ip: 192.168.69.67, host: pr-hdds-1868-wx8dl-4219780377, networkLocation: /default-rack, certSerialId: null}d2e56473-8267-4871-9849-be2e71e1a2dc{ip: 192.168.69.67, host: pr-hdds-1868-wx8dl-4219780377, networkLocation: /default-rack, certSerialId: null}48796f01-a45e-4e78-98f3-7a8f6b07cc28{ip: 192.168.69.67, host: pr-hdds-1868-wx8dl-4219780377, networkLocation: /default-rack, certSerialId: null}, Type:RATIS, Factor:THREE, State:ALLOCATED]
2019-10-18 07:13:51,353 [grpc-default-executor-1] INFO  impl.RaftServerImpl (RaftServerImpl.java:setRole(184)) - 24274e9f-e41f-4654-9afc-a783ca44e44b@group-A59DFA2DE4A4: changes role from  FOLLOWER to FOLLOWER at term 2 for recognizeCandidate:988115cd-21c9-4558-b198-f2cedd98ccf3
2019-10-18 07:13:51,353 [grpc-default-executor-1] INFO  impl.RoleInfo (RoleInfo.java:shutdownFollowerState(121)) - 24274e9f-e41f-4654-9afc-a783ca44e44b: shutdown FollowerState
2019-10-18 07:13:51,353 [Thread-290] INFO  impl.FollowerState (FollowerState.java:run(117)) - 24274e9f-e41f-4654-9afc-a783ca44e44b@group-A59DFA2DE4A4-FollowerState was interrupted: java.lang.InterruptedException: sleep interrupted
2019-10-18 07:13:51,353 [grpc-default-executor-1] INFO  impl.RoleInfo (RoleInfo.java:updateAndGet(143)) - 24274e9f-e41f-4654-9afc-a783ca44e44b: start FollowerState
2019-10-18 07:13:51,355 [EventQueue-PipelineReportForPipelineReportHandler] INFO  pipeline.PipelineReportHandler (PipelineReportHandler.java:processPipelineReport(119)) - Pipeline PipelineID=f1ec29f3-863c-45fa-9c11-bf878b4c9d21 reported by 988115cd-21c9-4558-b198-f2cedd98ccf3{ip: 192.168.69.67, host: pr-hdds-1868-wx8dl-4219780377, networkLocation: /default-rack, certSerialId: null} with leaderId 988115cd-21c9-4558-b198-f2cedd98ccf3
2019-10-18 07:13:51,355 [main] INFO  ozone.MiniOzoneClusterImpl (MiniOzoneClusterImpl.java:lambda$waitForClusterToBeReady$2(164)) - Waiting for 9 number of pipelines out of 9, to report a leader.
2019-10-18 07:13:51,360 [EventQueue-PipelineReportForPipelineReportHandler] INFO  pipeline.PipelineStateManager (PipelineStateManager.java:openPipeline(134)) - Pipeline Pipeline[ Id: f1ec29f3-863c-45fa-9c11-bf878b4c9d21, Nodes: 988115cd-21c9-4558-b198-f2cedd98ccf3{ip: 192.168.69.67, host: pr-hdds-1868-wx8dl-4219780377, networkLocation: /default-rack, certSerialId: null}, Type:RATIS, Factor:ONE, State:OPEN] moved to OPEN state
2019-10-18 07:13:51,360 [EventQueue-PipelineReportForPipelineReportHandler] INFO  pipeline.PipelineReportHandler (PipelineReportHandler.java:processPipelineReport(119)) - Pipeline PipelineID=c7ff1332-2908-4f2b-97b6-d0dacceeb899 reported by 24274e9f-e41f-4654-9afc-a783ca44e44b{ip: 192.168.69.67, host: pr-hdds-1868-wx8dl-4219780377, networkLocation: /default-rack, certSerialId: null} with leaderId 24274e9f-e41f-4654-9afc-a783ca44e44b
2019-10-18 07:13:51,360 [EventQueue-PipelineReportForPipelineReportHandler] INFO  pipeline.PipelineStateManager (PipelineStateManager.java:openPipeline(134)) - Pipeline Pipeline[ Id: c7ff1332-2908-4f2b-97b6-d0dacceeb899, Nodes: 24274e9f-e41f-4654-9afc-a783ca44e44b{ip: 192.168.69.67, host: pr-hdds-1868-wx8dl-4219780377, networkLocation: /default-rack, certSerialId: null}, Type:RATIS, Factor:ONE, State:OPEN] moved to OPEN state
2019-10-18 07:13:51,360 [EventQueue-PipelineReportForPipelineReportHandler] INFO  pipeline.PipelineReportHandler (PipelineReportHandler.java:processPipelineReport(119)) - Pipeline PipelineID=d7ba286b-3a78-4495-96a5-96b726d5aea2 reported by c52c3de9-0ed1-4f2b-ba1d-f317ceeb0ceb{ip: 192.168.69.67, host: pr-hdds-1868-wx8dl-4219780377, networkLocation: /default-rack, certSerialId: null} with leaderId c52c3de9-0ed1-4f2b-ba1d-f317ceeb0ceb
2019-10-18 07:13:51,361 [EventQueue-PipelineReportForPipelineReportHandler] INFO  pipeline.PipelineStateManager (PipelineStateManager.java:openPipeline(134)) - Pipeline Pipeline[ Id: d7ba286b-3a78-4495-96a5-96b726d5aea2, Nodes: c52c3de9-0ed1-4f2b-ba1d-f317ceeb0ceb{ip: 192.168.69.67, host: pr-hdds-1868-wx8dl-4219780377, networkLocation: /default-rack, certSerialId: null}, Type:RATIS, Factor:ONE, State:OPEN] moved to OPEN state
2019-10-18 07:13:51,361 [EventQueue-PipelineReportForPipelineReportHandler] INFO  pipeline.PipelineReportHandler (PipelineReportHandler.java:processPipelineReport(119)) - Pipeline PipelineID=75f31a0e-c847-499b-9f00-4a5985bbf6fd reported by d2e56473-8267-4871-9849-be2e71e1a2dc{ip: 192.168.69.67, host: pr-hdds-1868-wx8dl-4219780377, networkLocation: /default-rack, certSerialId: null} with leaderId d2e56473-8267-4871-9849-be2e71e1a2dc
2019-10-18 07:13:51,361 [EventQueue-PipelineReportForPipelineReportHandler] INFO  pipeline.PipelineStateManager (PipelineStateManager.java:openPipeline(134)) - Pipeline Pipeline[ Id: 75f31a0e-c847-499b-9f00-4a5985bbf6fd, Nodes: d2e56473-8267-4871-9849-be2e71e1a2dc{ip: 192.168.69.67, host: pr-hdds-1868-wx8dl-4219780377, networkLocation: /default-rack, certSerialId: null}, Type:RATIS, Factor:ONE, State:OPEN] moved to OPEN state
2019-10-18 07:13:51,361 [EventQueue-PipelineReportForPipelineReportHandler] INFO  pipeline.PipelineReportHandler (PipelineReportHandler.java:processPipelineReport(119)) - Pipeline PipelineID=600affbe-933d-4ea0-86ee-f967029850d4 reported by f7ab671b-901b-4a48-a9a9-f6c73ab18394{ip: 192.168.69.67, host: pr-hdds-1868-wx8dl-4219780377, networkLocation: /default-rack, certSerialId: null} with leaderId f7ab671b-901b-4a48-a9a9-f6c73ab18394
2019-10-18 07:13:51,361 [EventQueue-PipelineReportForPipelineReportHandler] INFO  pipeline.PipelineStateManager (PipelineStateManager.java:openPipeline(134)) - Pipeline Pipeline[ Id: 600affbe-933d-4ea0-86ee-f967029850d4, Nodes: f7ab671b-901b-4a48-a9a9-f6c73ab18394{ip: 192.168.69.67, host: pr-hdds-1868-wx8dl-4219780377, networkLocation: /default-rack, certSerialId: null}, Type:RATIS, Factor:ONE, State:OPEN] moved to OPEN state
2019-10-18 07:13:51,365 [EventQueue-PipelineReportForPipelineReportHandler] INFO  pipeline.PipelineReportHandler (PipelineReportHandler.java:processPipelineReport(119)) - Pipeline PipelineID=b0f1b480-d2cf-4121-bb21-7dc3b7510cfe reported by 48796f01-a45e-4e78-98f3-7a8f6b07cc28{ip: 192.168.69.67, host: pr-hdds-1868-wx8dl-4219780377, networkLocation: /default-rack, certSerialId: null} with leaderId 48796f01-a45e-4e78-98f3-7a8f6b07cc28
2019-10-18 07:13:51,370 [EventQueue-PipelineReportForPipelineReportHandler] INFO  pipeline.PipelineStateManager (PipelineStateManager.java:openPipeline(134)) - Pipeline Pipeline[ Id: b0f1b480-d2cf-4121-bb21-7dc3b7510cfe, Nodes: 48796f01-a45e-4e78-98f3-7a8f6b07cc28{ip: 192.168.69.67, host: pr-hdds-1868-wx8dl-4219780377, networkLocation: /default-rack, certSerialId: null}, Type:RATIS, Factor:ONE, State:OPEN] moved to OPEN state
2019-10-18 07:13:51,371 [EventQueue-PipelineReportForPipelineReportHandler] INFO  pipeline.PipelineReportHandler (PipelineReportHandler.java:processPipelineReport(119)) - Pipeline PipelineID=c64b84c1-00ad-4e4b-bbce-649e1086afd6 reported by 5660bff8-81d7-4c91-ad16-c2423c1e0bda{ip: 192.168.69.67, host: pr-hdds-1868-wx8dl-4219780377, networkLocation: /default-rack, certSerialId: null} with leaderId 5660bff8-81d7-4c91-ad16-c2423c1e0bda
2019-10-18 07:13:51,371 [EventQueue-PipelineReportForPipelineReportHandler] INFO  pipeline.PipelineStateManager (PipelineStateManager.java:openPipeline(134)) - Pipeline Pipeline[ Id: c64b84c1-00ad-4e4b-bbce-649e1086afd6, Nodes: 5660bff8-81d7-4c91-ad16-c2423c1e0bda{ip: 192.168.69.67, host: pr-hdds-1868-wx8dl-4219780377, networkLocation: /default-rack, certSerialId: null}, Type:RATIS, Factor:ONE, State:OPEN] moved to OPEN state
2019-10-18 07:13:51,378 [c52c3de9-0ed1-4f2b-ba1d-f317ceeb0ceb@group-A59DFA2DE4A4-LeaderElection10] INFO  impl.LeaderElection (LeaderElection.java:askForVotes(178)) - c52c3de9-0ed1-4f2b-ba1d-f317ceeb0ceb@group-A59DFA2DE4A4-LeaderElection10: begin an election at term 2 for -1: [24274e9f-e41f-4654-9afc-a783ca44e44b:192.168.69.67:35902, 988115cd-21c9-4558-b198-f2cedd98ccf3:192.168.69.67:44208, c52c3de9-0ed1-4f2b-ba1d-f317ceeb0ceb:192.168.69.67:37615], old=null
2019-10-18 07:13:51,380 [988115cd-21c9-4558-b198-f2cedd98ccf3@group-A59DFA2DE4A4-LeaderElection8] INFO  impl.LeaderElection (LeaderElection.java:logAndReturn(56)) - 988115cd-21c9-4558-b198-f2cedd98ccf3@group-A59DFA2DE4A4-LeaderElection8: Election PASSED; received 1 response(s) [988115cd-21c9-4558-b198-f2cedd98ccf3<-24274e9f-e41f-4654-9afc-a783ca44e44b#0:OK-t2] and 0 exception(s); 988115cd-21c9-4558-b198-f2cedd98ccf3@group-A59DFA2DE4A4:t2, leader=null, voted=988115cd-21c9-4558-b198-f2cedd98ccf3, raftlog=988115cd-21c9-4558-b198-f2cedd98ccf3@group-A59DFA2DE4A4-SegmentedRaftLog:OPENED:c-1,f-1,i0, conf=-1: [24274e9f-e41f-4654-9afc-a783ca44e44b:192.168.69.67:35902, 988115cd-21c9-4558-b198-f2cedd98ccf3:192.168.69.67:44208, c52c3de9-0ed1-4f2b-ba1d-f317ceeb0ceb:192.168.69.67:37615], old=null
2019-10-18 07:13:51,387 [988115cd-21c9-4558-b198-f2cedd98ccf3@group-A59DFA2DE4A4-LeaderElection8] INFO  impl.RoleInfo (RoleInfo.java:shutdownLeaderElection(134)) - 988115cd-21c9-4558-b198-f2cedd98ccf3: shutdown LeaderElection
2019-10-18 07:13:51,387 [988115cd-21c9-4558-b198-f2cedd98ccf3@group-A59DFA2DE4A4-LeaderElection8] INFO  impl.RaftServerImpl (RaftServerImpl.java:setRole(184)) - 988115cd-21c9-4558-b198-f2cedd98ccf3@group-A59DFA2DE4A4: changes role from CANDIDATE to LEADER at term 2 for changeToLeader
2019-10-18 07:13:51,389 [988115cd-21c9-4558-b198-f2cedd98ccf3@group-A59DFA2DE4A4-LeaderElection8] INFO  ratis.XceiverServerRatis (XceiverServerRatis.java:handleLeaderChangedNotification(699)) - Leader change notification received for group: group-A59DFA2DE4A4 with new leaderId: 988115cd-21c9-4558-b198-f2cedd98ccf3
2019-10-18 07:13:51,390 [988115cd-21c9-4558-b198-f2cedd98ccf3@group-A59DFA2DE4A4-LeaderElection8] INFO  impl.RaftServerImpl (ServerState.java:setLeader(256)) - 988115cd-21c9-4558-b198-f2cedd98ccf3@group-A59DFA2DE4A4: change Leader from null to 988115cd-21c9-4558-b198-f2cedd98ccf3 at term 2 for becomeLeader, leader elected after 324ms
2019-10-18 07:13:51,390 [988115cd-21c9-4558-b198-f2cedd98ccf3@group-A59DFA2DE4A4-LeaderElection8] INFO  server.RaftServerConfigKeys (ConfUtils.java:logGet(43)) - raft.server.staging.catchup.gap = 1000 (default)
2019-10-18 07:13:51,390 [988115cd-21c9-4558-b198-f2cedd98ccf3@group-A59DFA2DE4A4-LeaderElection8] INFO  server.RaftServerConfigKeys (ConfUtils.java:logGet(43)) - raft.server.rpc.sleep.time = 25ms (default)
2019-10-18 07:13:51,390 [988115cd-21c9-4558-b198-f2cedd98ccf3@group-A59DFA2DE4A4-LeaderElection8] INFO  server.RaftServerConfigKeys (ConfUtils.java:logGet(43)) - raft.server.write.element-limit = 4096 (default)
2019-10-18 07:13:51,391 [988115cd-21c9-4558-b198-f2cedd98ccf3@group-A59DFA2DE4A4-LeaderElection8] INFO  server.RaftServerConfigKeys (ConfUtils.java:logGet(43)) - raft.server.watch.timeout = 10s (default)
2019-10-18 07:13:51,392 [988115cd-21c9-4558-b198-f2cedd98ccf3@group-A59DFA2DE4A4-LeaderElection8] INFO  server.RaftServerConfigKeys (ConfUtils.java:logGet(43)) - raft.server.watch.timeout.denomination = 1s (default)
2019-10-18 07:13:51,394 [988115cd-21c9-4558-b198-f2cedd98ccf3@group-A59DFA2DE4A4-LeaderElection8] INFO  server.RaftServerConfigKeys (ConfUtils.java:logGet(43)) - raft.server.watch.element-limit = 65536 (default)
2019-10-18 07:13:51,399 [EventQueue-PipelineReportForPipelineReportHandler] INFO  pipeline.PipelineReportHandler (PipelineReportHandler.java:processPipelineReport(119)) - Pipeline PipelineID=6f305285-d959-4bc2-97f6-a59dfa2de4a4 reported by 988115cd-21c9-4558-b198-f2cedd98ccf3{ip: 192.168.69.67, host: pr-hdds-1868-wx8dl-4219780377, networkLocation: /default-rack, certSerialId: null} with leaderId 988115cd-21c9-4558-b198-f2cedd98ccf3
2019-10-18 07:13:51,406 [Thread-297] INFO  impl.FollowerState (FollowerState.java:run(108)) - f7ab671b-901b-4a48-a9a9-f6c73ab18394@group-CF800B99A85B-FollowerState: change to CANDIDATE, lastRpcTime:74ms, electionTimeout:74ms
2019-10-18 07:13:51,407 [Thread-297] INFO  impl.RoleInfo (RoleInfo.java:shutdownFollowerState(121)) - f7ab671b-901b-4a48-a9a9-f6c73ab18394: shutdown FollowerState
2019-10-18 07:13:51,407 [Thread-297] INFO  impl.RaftServerImpl (RaftServerImpl.java:setRole(184)) - f7ab671b-901b-4a48-a9a9-f6c73ab18394@group-CF800B99A85B: changes role from  FOLLOWER to CANDIDATE at term 0 for changeToCandidate
2019-10-18 07:13:51,409 [Thread-296] INFO  impl.FollowerState (FollowerState.java:run(108)) - d2e56473-8267-4871-9849-be2e71e1a2dc@group-CF800B99A85B-FollowerState: change to CANDIDATE, lastRpcTime:77ms, electionTimeout:77ms
2019-10-18 07:13:51,409 [Thread-296] INFO  impl.RoleInfo (RoleInfo.java:shutdownFollowerState(121)) - d2e56473-8267-4871-9849-be2e71e1a2dc: shutdown FollowerState
2019-10-18 07:13:51,409 [Thread-296] INFO  impl.RaftServerImpl (RaftServerImpl.java:setRole(184)) - d2e56473-8267-4871-9849-be2e71e1a2dc@group-CF800B99A85B: changes role from  FOLLOWER to CANDIDATE at term 0 for changeToCandidate
2019-10-18 07:13:51,411 [Thread-295] INFO  impl.FollowerState (FollowerState.java:run(108)) - 48796f01-a45e-4e78-98f3-7a8f6b07cc28@group-CF800B99A85B-FollowerState: change to CANDIDATE, lastRpcTime:80ms, electionTimeout:80ms
2019-10-18 07:13:51,411 [Thread-295] INFO  impl.RoleInfo (RoleInfo.java:shutdownFollowerState(121)) - 48796f01-a45e-4e78-98f3-7a8f6b07cc28: shutdown FollowerState
2019-10-18 07:13:51,411 [Thread-295] INFO  impl.RaftServerImpl (RaftServerImpl.java:setRole(184)) - 48796f01-a45e-4e78-98f3-7a8f6b07cc28@group-CF800B99A85B: changes role from  FOLLOWER to CANDIDATE at term 0 for changeToCandidate
2019-10-18 07:13:51,414 [Thread-295] INFO  impl.RoleInfo (RoleInfo.java:updateAndGet(143)) - 48796f01-a45e-4e78-98f3-7a8f6b07cc28: start LeaderElection
2019-10-18 07:13:51,416 [Thread-296] INFO  impl.RoleInfo (RoleInfo.java:updateAndGet(143)) - d2e56473-8267-4871-9849-be2e71e1a2dc: start LeaderElection
2019-10-18 07:13:51,416 [Thread-297] INFO  impl.RoleInfo (RoleInfo.java:updateAndGet(143)) - f7ab671b-901b-4a48-a9a9-f6c73ab18394: start LeaderElection
2019-10-18 07:13:51,448 [Thread-303] INFO  impl.FollowerState (FollowerState.java:run(108)) - 24274e9f-e41f-4654-9afc-a783ca44e44b@group-A59DFA2DE4A4-FollowerState: change to CANDIDATE, lastRpcTime:95ms, electionTimeout:88ms
2019-10-18 07:13:51,448 [Thread-303] INFO  impl.RoleInfo (RoleInfo.java:shutdownFollowerState(121)) - 24274e9f-e41f-4654-9afc-a783ca44e44b: shutdown FollowerState
2019-10-18 07:13:51,449 [Thread-303] INFO  impl.RaftServerImpl (RaftServerImpl.java:setRole(184)) - 24274e9f-e41f-4654-9afc-a783ca44e44b@group-A59DFA2DE4A4: changes role from  FOLLOWER to CANDIDATE at term 2 for changeToCandidate
2019-10-18 07:13:51,454 [c52c3de9-0ed1-4f2b-ba1d-f317ceeb0ceb@group-A59DFA2DE4A4-LeaderElection10] INFO  impl.LeaderElection (LeaderElection.java:logAndReturn(56)) - c52c3de9-0ed1-4f2b-ba1d-f317ceeb0ceb@group-A59DFA2DE4A4-LeaderElection10: Election TIMEOUT; received 0 response(s) [] and 0 exception(s); c52c3de9-0ed1-4f2b-ba1d-f317ceeb0ceb@group-A59DFA2DE4A4:t2, leader=null, voted=c52c3de9-0ed1-4f2b-ba1d-f317ceeb0ceb, raftlog=c52c3de9-0ed1-4f2b-ba1d-f317ceeb0ceb@group-A59DFA2DE4A4-SegmentedRaftLog:OPENED:c-1,f-1,i0, conf=-1: [24274e9f-e41f-4654-9afc-a783ca44e44b:192.168.69.67:35902, 988115cd-21c9-4558-b198-f2cedd98ccf3:192.168.69.67:44208, c52c3de9-0ed1-4f2b-ba1d-f317ceeb0ceb:192.168.69.67:37615], old=null
2019-10-18 07:13:51,461 [Thread-303] INFO  impl.RoleInfo (RoleInfo.java:updateAndGet(143)) - 24274e9f-e41f-4654-9afc-a783ca44e44b: start LeaderElection
2019-10-18 07:13:51,486 [f7ab671b-901b-4a48-a9a9-f6c73ab18394@group-CF800B99A85B-LeaderElection11] INFO  impl.LeaderElection (LeaderElection.java:askForVotes(178)) - f7ab671b-901b-4a48-a9a9-f6c73ab18394@group-CF800B99A85B-LeaderElection11: begin an election at term 1 for -1: [48796f01-a45e-4e78-98f3-7a8f6b07cc28:192.168.69.67:44206, d2e56473-8267-4871-9849-be2e71e1a2dc:192.168.69.67:35020, f7ab671b-901b-4a48-a9a9-f6c73ab18394:192.168.69.67:41075], old=null
2019-10-18 07:13:51,500 [48796f01-a45e-4e78-98f3-7a8f6b07cc28@group-CF800B99A85B-LeaderElection13] INFO  impl.LeaderElection (LeaderElection.java:askForVotes(178)) - 48796f01-a45e-4e78-98f3-7a8f6b07cc28@group-CF800B99A85B-LeaderElection13: begin an election at term 1 for -1: [48796f01-a45e-4e78-98f3-7a8f6b07cc28:192.168.69.67:44206, d2e56473-8267-4871-9849-be2e71e1a2dc:192.168.69.67:35020, f7ab671b-901b-4a48-a9a9-f6c73ab18394:192.168.69.67:41075], old=null
2019-10-18 07:13:51,500 [d2e56473-8267-4871-9849-be2e71e1a2dc@group-CF800B99A85B-LeaderElection12] INFO  impl.LeaderElection (LeaderElection.java:askForVotes(178)) - d2e56473-8267-4871-9849-be2e71e1a2dc@group-CF800B99A85B-LeaderElection12: begin an election at term 1 for -1: [48796f01-a45e-4e78-98f3-7a8f6b07cc28:192.168.69.67:44206, d2e56473-8267-4871-9849-be2e71e1a2dc:192.168.69.67:35020, f7ab671b-901b-4a48-a9a9-f6c73ab18394:192.168.69.67:41075], old=null
2019-10-18 07:13:51,516 [f7ab671b-901b-4a48-a9a9-f6c73ab18394@group-CF800B99A85B-LeaderElection11] INFO  impl.LeaderElection (LeaderElection.java:logAndReturn(56)) - f7ab671b-901b-4a48-a9a9-f6c73ab18394@group-CF800B99A85B-LeaderElection11: Election TIMEOUT; received 0 response(s) [] and 0 exception(s); f7ab671b-901b-4a48-a9a9-f6c73ab18394@group-CF800B99A85B:t1, leader=null, voted=f7ab671b-901b-4a48-a9a9-f6c73ab18394, raftlog=f7ab671b-901b-4a48-a9a9-f6c73ab18394@group-CF800B99A85B-SegmentedRaftLog:OPENED:c-1,f-1,i0, conf=-1: [48796f01-a45e-4e78-98f3-7a8f6b07cc28:192.168.69.67:44206, d2e56473-8267-4871-9849-be2e71e1a2dc:192.168.69.67:35020, f7ab671b-901b-4a48-a9a9-f6c73ab18394:192.168.69.67:41075], old=null
2019-10-18 07:13:51,519 [24274e9f-e41f-4654-9afc-a783ca44e44b@group-A59DFA2DE4A4-LeaderElection14] INFO  impl.LeaderElection (LeaderElection.java:askForVotes(178)) - 24274e9f-e41f-4654-9afc-a783ca44e44b@group-A59DFA2DE4A4-LeaderElection14: begin an election at term 3 for -1: [24274e9f-e41f-4654-9afc-a783ca44e44b:192.168.69.67:35902, 988115cd-21c9-4558-b198-f2cedd98ccf3:192.168.69.67:44208, c52c3de9-0ed1-4f2b-ba1d-f317ceeb0ceb:192.168.69.67:37615], old=null
2019-10-18 07:13:51,519 [c52c3de9-0ed1-4f2b-ba1d-f317ceeb0ceb@group-A59DFA2DE4A4-LeaderElection10] INFO  impl.LeaderElection (LeaderElection.java:askForVotes(178)) - c52c3de9-0ed1-4f2b-ba1d-f317ceeb0ceb@group-A59DFA2DE4A4-LeaderElection10: begin an election at term 3 for -1: [24274e9f-e41f-4654-9afc-a783ca44e44b:192.168.69.67:35902, 988115cd-21c9-4558-b198-f2cedd98ccf3:192.168.69.67:44208, c52c3de9-0ed1-4f2b-ba1d-f317ceeb0ceb:192.168.69.67:37615], old=null
2019-10-18 07:13:51,551 [c52c3de9-0ed1-4f2b-ba1d-f317ceeb0ceb@group-A59DFA2DE4A4-LeaderElection10] INFO  impl.LeaderElection (LeaderElection.java:logAndReturn(56)) - c52c3de9-0ed1-4f2b-ba1d-f317ceeb0ceb@group-A59DFA2DE4A4-LeaderElection10: Election TIMEOUT; received 0 response(s) [] and 0 exception(s); c52c3de9-0ed1-4f2b-ba1d-f317ceeb0ceb@group-A59DFA2DE4A4:t3, leader=null, voted=c52c3de9-0ed1-4f2b-ba1d-f317ceeb0ceb, raftlog=c52c3de9-0ed1-4f2b-ba1d-f317ceeb0ceb@group-A59DFA2DE4A4-SegmentedRaftLog:OPENED:c-1,f-1,i0, conf=-1: [24274e9f-e41f-4654-9afc-a783ca44e44b:192.168.69.67:35902, 988115cd-21c9-4558-b198-f2cedd98ccf3:192.168.69.67:44208, c52c3de9-0ed1-4f2b-ba1d-f317ceeb0ceb:192.168.69.67:37615], old=null
2019-10-18 07:13:51,588 [f7ab671b-901b-4a48-a9a9-f6c73ab18394@group-CF800B99A85B-LeaderElection11] INFO  impl.LeaderElection (LeaderElection.java:askForVotes(178)) - f7ab671b-901b-4a48-a9a9-f6c73ab18394@group-CF800B99A85B-LeaderElection11: begin an election at term 2 for -1: [48796f01-a45e-4e78-98f3-7a8f6b07cc28:192.168.69.67:44206, d2e56473-8267-4871-9849-be2e71e1a2dc:192.168.69.67:35020, f7ab671b-901b-4a48-a9a9-f6c73ab18394:192.168.69.67:41075], old=null
2019-10-18 07:13:51,589 [c52c3de9-0ed1-4f2b-ba1d-f317ceeb0ceb@group-A59DFA2DE4A4-LeaderElection10] INFO  impl.LeaderElection (LeaderElection.java:askForVotes(178)) - c52c3de9-0ed1-4f2b-ba1d-f317ceeb0ceb@group-A59DFA2DE4A4-LeaderElection10: begin an election at term 4 for -1: [24274e9f-e41f-4654-9afc-a783ca44e44b:192.168.69.67:35902, 988115cd-21c9-4558-b198-f2cedd98ccf3:192.168.69.67:44208, c52c3de9-0ed1-4f2b-ba1d-f317ceeb0ceb:192.168.69.67:37615], old=null
2019-10-18 07:13:51,601 [d2e56473-8267-4871-9849-be2e71e1a2dc@group-CF800B99A85B-LeaderElection12] INFO  impl.LeaderElection (LeaderElection.java:logAndReturn(56)) - d2e56473-8267-4871-9849-be2e71e1a2dc@group-CF800B99A85B-LeaderElection12: Election DISCOVERED_A_NEW_TERM; received 2 response(s) [d2e56473-8267-4871-9849-be2e71e1a2dc<-48796f01-a45e-4e78-98f3-7a8f6b07cc28#0:FAIL-t1, d2e56473-8267-4871-9849-be2e71e1a2dc<-f7ab671b-901b-4a48-a9a9-f6c73ab18394#0:FAIL-t2] and 0 exception(s); d2e56473-8267-4871-9849-be2e71e1a2dc@group-CF800B99A85B:t1, leader=null, voted=d2e56473-8267-4871-9849-be2e71e1a2dc, raftlog=d2e56473-8267-4871-9849-be2e71e1a2dc@group-CF800B99A85B-SegmentedRaftLog:OPENED:c-1,f-1,i0, conf=-1: [48796f01-a45e-4e78-98f3-7a8f6b07cc28:192.168.69.67:44206, d2e56473-8267-4871-9849-be2e71e1a2dc:192.168.69.67:35020, f7ab671b-901b-4a48-a9a9-f6c73ab18394:192.168.69.67:41075], old=null
2019-10-18 07:13:51,601 [d2e56473-8267-4871-9849-be2e71e1a2dc@group-CF800B99A85B-LeaderElection12] INFO  impl.RaftServerImpl (RaftServerImpl.java:setRole(184)) - d2e56473-8267-4871-9849-be2e71e1a2dc@group-CF800B99A85B: changes role from CANDIDATE to FOLLOWER at term 2 for DISCOVERED_A_NEW_TERM
2019-10-18 07:13:51,601 [24274e9f-e41f-4654-9afc-a783ca44e44b@group-A59DFA2DE4A4-LeaderElection14] INFO  impl.LeaderElection (LeaderElection.java:logAndReturn(56)) - 24274e9f-e41f-4654-9afc-a783ca44e44b@group-A59DFA2DE4A4-LeaderElection14: Election DISCOVERED_A_NEW_TERM; received 1 response(s) [24274e9f-e41f-4654-9afc-a783ca44e44b<-c52c3de9-0ed1-4f2b-ba1d-f317ceeb0ceb#0:FAIL-t4] and 0 exception(s); 24274e9f-e41f-4654-9afc-a783ca44e44b@group-A59DFA2DE4A4:t3, leader=null, voted=24274e9f-e41f-4654-9afc-a783ca44e44b, raftlog=24274e9f-e41f-4654-9afc-a783ca44e44b@group-A59DFA2DE4A4-SegmentedRaftLog:OPENED:c-1,f-1,i0, conf=-1: [24274e9f-e41f-4654-9afc-a783ca44e44b:192.168.69.67:35902, 988115cd-21c9-4558-b198-f2cedd98ccf3:192.168.69.67:44208, c52c3de9-0ed1-4f2b-ba1d-f317ceeb0ceb:192.168.69.67:37615], old=null
2019-10-18 07:13:51,601 [d2e56473-8267-4871-9849-be2e71e1a2dc@group-CF800B99A85B-LeaderElection12] INFO  impl.RoleInfo (RoleInfo.java:shutdownLeaderElection(134)) - d2e56473-8267-4871-9849-be2e71e1a2dc: shutdown LeaderElection
2019-10-18 07:13:51,607 [24274e9f-e41f-4654-9afc-a783ca44e44b@group-A59DFA2DE4A4-LeaderElection14] INFO  impl.RaftServerImpl (RaftServerImpl.java:setRole(184)) - 24274e9f-e41f-4654-9afc-a783ca44e44b@group-A59DFA2DE4A4: changes role from CANDIDATE to FOLLOWER at term 4 for DISCOVERED_A_NEW_TERM
2019-10-18 07:13:51,602 [48796f01-a45e-4e78-98f3-7a8f6b07cc28@group-CF800B99A85B-LeaderElection13] INFO  impl.LeaderElection (LeaderElection.java:logAndReturn(56)) - 48796f01-a45e-4e78-98f3-7a8f6b07cc28@group-CF800B99A85B-LeaderElection13: Election DISCOVERED_A_NEW_TERM; received 2 response(s) [48796f01-a45e-4e78-98f3-7a8f6b07cc28<-d2e56473-8267-4871-9849-be2e71e1a2dc#0:FAIL-t1, 48796f01-a45e-4e78-98f3-7a8f6b07cc28<-f7ab671b-901b-4a48-a9a9-f6c73ab18394#0:FAIL-t2] and 0 exception(s); 48796f01-a45e-4e78-98f3-7a8f6b07cc28@group-CF800B99A85B:t1, leader=null, voted=48796f01-a45e-4e78-98f3-7a8f6b07cc28, raftlog=48796f01-a45e-4e78-98f3-7a8f6b07cc28@group-CF800B99A85B-SegmentedRaftLog:OPENED:c-1,f-1,i0, conf=-1: [48796f01-a45e-4e78-98f3-7a8f6b07cc28:192.168.69.67:44206, d2e56473-8267-4871-9849-be2e71e1a2dc:192.168.69.67:35020, f7ab671b-901b-4a48-a9a9-f6c73ab18394:192.168.69.67:41075], old=null
2019-10-18 07:13:51,608 [24274e9f-e41f-4654-9afc-a783ca44e44b@group-A59DFA2DE4A4-LeaderElection14] INFO  impl.RoleInfo (RoleInfo.java:shutdownLeaderElection(134)) - 24274e9f-e41f-4654-9afc-a783ca44e44b: shutdown LeaderElection
2019-10-18 07:13:51,608 [d2e56473-8267-4871-9849-be2e71e1a2dc@group-CF800B99A85B-LeaderElection12] INFO  impl.RoleInfo (RoleInfo.java:updateAndGet(143)) - d2e56473-8267-4871-9849-be2e71e1a2dc: start FollowerState
2019-10-18 07:13:51,611 [48796f01-a45e-4e78-98f3-7a8f6b07cc28@group-CF800B99A85B-LeaderElection13] INFO  impl.RaftServerImpl (RaftServerImpl.java:setRole(184)) - 48796f01-a45e-4e78-98f3-7a8f6b07cc28@group-CF800B99A85B: changes role from CANDIDATE to FOLLOWER at term 2 for DISCOVERED_A_NEW_TERM
2019-10-18 07:13:51,615 [48796f01-a45e-4e78-98f3-7a8f6b07cc28@group-CF800B99A85B-LeaderElection13] INFO  impl.RoleInfo (RoleInfo.java:shutdownLeaderElection(134)) - 48796f01-a45e-4e78-98f3-7a8f6b07cc28: shutdown LeaderElection
2019-10-18 07:13:51,613 [24274e9f-e41f-4654-9afc-a783ca44e44b@group-A59DFA2DE4A4-LeaderElection14] INFO  impl.RoleInfo (RoleInfo.java:updateAndGet(143)) - 24274e9f-e41f-4654-9afc-a783ca44e44b: start FollowerState
2019-10-18 07:13:51,622 [48796f01-a45e-4e78-98f3-7a8f6b07cc28@group-CF800B99A85B-LeaderElection13] INFO  impl.RoleInfo (RoleInfo.java:updateAndGet(143)) - 48796f01-a45e-4e78-98f3-7a8f6b07cc28: start FollowerState
2019-10-18 07:13:51,620 [c52c3de9-0ed1-4f2b-ba1d-f317ceeb0ceb@group-A59DFA2DE4A4-LeaderElection10] INFO  impl.LeaderElection (LeaderElection.java:logAndReturn(56)) - c52c3de9-0ed1-4f2b-ba1d-f317ceeb0ceb@group-A59DFA2DE4A4-LeaderElection10: Election TIMEOUT; received 0 response(s) [] and 0 exception(s); c52c3de9-0ed1-4f2b-ba1d-f317ceeb0ceb@group-A59DFA2DE4A4:t4, leader=null, voted=c52c3de9-0ed1-4f2b-ba1d-f317ceeb0ceb, raftlog=c52c3de9-0ed1-4f2b-ba1d-f317ceeb0ceb@group-A59DFA2DE4A4-SegmentedRaftLog:OPENED:c-1,f-1,i0, conf=-1: [24274e9f-e41f-4654-9afc-a783ca44e44b:192.168.69.67:35902, 988115cd-21c9-4558-b198-f2cedd98ccf3:192.168.69.67:44208, c52c3de9-0ed1-4f2b-ba1d-f317ceeb0ceb:192.168.69.67:37615], old=null
2019-10-18 07:13:51,629 [988115cd-21c9-4558-b198-f2cedd98ccf3@group-A59DFA2DE4A4-LeaderElection8] INFO  server.RaftServerConfigKeys (ConfUtils.java:logGet(43)) - raft.server.log.appender.snapshot.chunk.size.max = 16MB (=16777216) (default)
2019-10-18 07:13:51,630 [988115cd-21c9-4558-b198-f2cedd98ccf3@group-A59DFA2DE4A4-LeaderElection8] INFO  server.RaftServerConfigKeys (ConfUtils.java:logGet(43)) - raft.server.log.appender.buffer.byte-limit = 33554432 (custom)
2019-10-18 07:13:51,630 [988115cd-21c9-4558-b198-f2cedd98ccf3@group-A59DFA2DE4A4-LeaderElection8] INFO  server.RaftServerConfigKeys (ConfUtils.java:logGet(43)) - raft.server.log.appender.buffer.element-limit = 1 (custom)
2019-10-18 07:13:51,633 [988115cd-21c9-4558-b198-f2cedd98ccf3@group-A59DFA2DE4A4-LeaderElection8] INFO  grpc.GrpcConfigKeys$Server (ConfUtils.java:logGet(43)) - raft.grpc.server.leader.outstanding.appends.max = 128 (default)
2019-10-18 07:13:51,633 [988115cd-21c9-4558-b198-f2cedd98ccf3@group-A59DFA2DE4A4-LeaderElection8] INFO  server.RaftServerConfigKeys (ConfUtils.java:logGet(43)) - raft.server.rpc.request.timeout = 3000ms (default)
2019-10-18 07:13:51,633 [988115cd-21c9-4558-b198-f2cedd98ccf3@group-A59DFA2DE4A4-LeaderElection8] INFO  server.RaftServerConfigKeys (ConfUtils.java:logGet(43)) - raft.server.log.appender.install.snapshot.enabled = false (custom)
2019-10-18 07:13:51,638 [988115cd-21c9-4558-b198-f2cedd98ccf3@group-A59DFA2DE4A4-LeaderElection8] INFO  server.RaftServerConfigKeys (ConfUtils.java:logGet(43)) - raft.server.log.appender.snapshot.chunk.size.max = 16MB (=16777216) (default)
2019-10-18 07:13:51,638 [988115cd-21c9-4558-b198-f2cedd98ccf3@group-A59DFA2DE4A4-LeaderElection8] INFO  server.RaftServerConfigKeys (ConfUtils.java:logGet(43)) - raft.server.log.appender.buffer.byte-limit = 33554432 (custom)
2019-10-18 07:13:51,638 [988115cd-21c9-4558-b198-f2cedd98ccf3@group-A59DFA2DE4A4-LeaderElection8] INFO  server.RaftServerConfigKeys (ConfUtils.java:logGet(43)) - raft.server.log.appender.buffer.element-limit = 1 (custom)
2019-10-18 07:13:51,638 [988115cd-21c9-4558-b198-f2cedd98ccf3@group-A59DFA2DE4A4-LeaderElection8] INFO  grpc.GrpcConfigKeys$Server (ConfUtils.java:logGet(43)) - raft.grpc.server.leader.outstanding.appends.max = 128 (default)
2019-10-18 07:13:51,638 [988115cd-21c9-4558-b198-f2cedd98ccf3@group-A59DFA2DE4A4-LeaderElection8] INFO  server.RaftServerConfigKeys (ConfUtils.java:logGet(43)) - raft.server.rpc.request.timeout = 3000ms (default)
2019-10-18 07:13:51,638 [988115cd-21c9-4558-b198-f2cedd98ccf3@group-A59DFA2DE4A4-LeaderElection8] INFO  server.RaftServerConfigKeys (ConfUtils.java:logGet(43)) - raft.server.log.appender.install.snapshot.enabled = false (custom)
2019-10-18 07:13:51,642 [988115cd-21c9-4558-b198-f2cedd98ccf3@group-A59DFA2DE4A4-LeaderElection8] INFO  impl.RoleInfo (RoleInfo.java:updateAndGet(143)) - 988115cd-21c9-4558-b198-f2cedd98ccf3: start LeaderState
2019-10-18 07:13:51,643 [988115cd-21c9-4558-b198-f2cedd98ccf3@group-A59DFA2DE4A4-LeaderElection8] INFO  segmented.SegmentedRaftLogWorker (SegmentedRaftLogWorker.java:startLogSegment(385)) - 988115cd-21c9-4558-b198-f2cedd98ccf3@group-A59DFA2DE4A4-SegmentedRaftLogWorker: Starting segment from index:0
2019-10-18 07:13:51,644 [988115cd-21c9-4558-b198-f2cedd98ccf3@group-A59DFA2DE4A4-LeaderElection8] INFO  impl.RaftServerImpl (ServerState.java:setRaftConf(357)) - 988115cd-21c9-4558-b198-f2cedd98ccf3@group-A59DFA2DE4A4: set configuration 0: [24274e9f-e41f-4654-9afc-a783ca44e44b:192.168.69.67:35902, 988115cd-21c9-4558-b198-f2cedd98ccf3:192.168.69.67:44208, c52c3de9-0ed1-4f2b-ba1d-f317ceeb0ceb:192.168.69.67:37615], old=null at 0
2019-10-18 07:13:51,644 [grpc-default-executor-6] INFO  impl.RaftServerImpl (ServerState.java:setLeader(256)) - 988115cd-21c9-4558-b198-f2cedd98ccf3@group-A59DFA2DE4A4: change Leader from 988115cd-21c9-4558-b198-f2cedd98ccf3 to null at term 4 for updateCurrentTerm
2019-10-18 07:13:51,646 [grpc-default-executor-6] INFO  impl.RaftServerImpl (RaftServerImpl.java:setRole(184)) - 988115cd-21c9-4558-b198-f2cedd98ccf3@group-A59DFA2DE4A4: changes role from    LEADER to FOLLOWER at term 4 for recognizeCandidate:c52c3de9-0ed1-4f2b-ba1d-f317ceeb0ceb
2019-10-18 07:13:51,646 [grpc-default-executor-6] INFO  impl.RoleInfo (RoleInfo.java:shutdownLeaderState(104)) - 988115cd-21c9-4558-b198-f2cedd98ccf3: shutdown LeaderState
2019-10-18 07:13:51,671 [grpc-default-executor-6] INFO  impl.PendingRequests (PendingRequests.java:sendNotLeaderResponses(202)) - 988115cd-21c9-4558-b198-f2cedd98ccf3@group-A59DFA2DE4A4-PendingRequests: sendNotLeaderResponses
2019-10-18 07:13:51,672 [grpc-default-executor-5] INFO  impl.RaftServerImpl (RaftServerImpl.java:setRole(184)) - d2e56473-8267-4871-9849-be2e71e1a2dc@group-CF800B99A85B: changes role from  FOLLOWER to FOLLOWER at term 2 for recognizeCandidate:f7ab671b-901b-4a48-a9a9-f6c73ab18394
2019-10-18 07:13:51,672 [grpc-default-executor-5] INFO  impl.RoleInfo (RoleInfo.java:shutdownFollowerState(121)) - d2e56473-8267-4871-9849-be2e71e1a2dc: shutdown FollowerState
2019-10-18 07:13:51,672 [Thread-325] INFO  impl.FollowerState (FollowerState.java:run(117)) - d2e56473-8267-4871-9849-be2e71e1a2dc@group-CF800B99A85B-FollowerState was interrupted: java.lang.InterruptedException: sleep interrupted
2019-10-18 07:13:51,672 [grpc-default-executor-5] INFO  impl.RoleInfo (RoleInfo.java:updateAndGet(143)) - d2e56473-8267-4871-9849-be2e71e1a2dc: start FollowerState
2019-10-18 07:13:51,673 [grpc-default-executor-6] INFO  impl.RoleInfo (RoleInfo.java:updateAndGet(143)) - 988115cd-21c9-4558-b198-f2cedd98ccf3: start FollowerState
2019-10-18 07:13:51,678 [org.apache.ratis.server.impl.LogAppender$AppenderDaemon$$Lambda$435/1417897345@56b0084f] WARN  server.GrpcLogAppender (GrpcLogAppender.java:mayWait(149)) - 988115cd-21c9-4558-b198-f2cedd98ccf3@group-A59DFA2DE4A4->c52c3de9-0ed1-4f2b-ba1d-f317ceeb0ceb-GrpcLogAppender: Wait interrupted by java.lang.InterruptedException
2019-10-18 07:13:51,679 [grpc-default-executor-2] INFO  impl.RaftServerImpl (RaftServerImpl.java:setRole(184)) - 48796f01-a45e-4e78-98f3-7a8f6b07cc28@group-CF800B99A85B: changes role from  FOLLOWER to FOLLOWER at term 2 for recognizeCandidate:f7ab671b-901b-4a48-a9a9-f6c73ab18394
2019-10-18 07:13:51,679 [org.apache.ratis.server.impl.LogAppender$AppenderDaemon$$Lambda$435/1417897345@644825fa] WARN  server.GrpcLogAppender (GrpcLogAppender.java:mayWait(149)) - 988115cd-21c9-4558-b198-f2cedd98ccf3@group-A59DFA2DE4A4->24274e9f-e41f-4654-9afc-a783ca44e44b-GrpcLogAppender: Wait interrupted by java.lang.InterruptedException
2019-10-18 07:13:51,680 [grpc-default-executor-2] INFO  impl.RoleInfo (RoleInfo.java:shutdownFollowerState(121)) - 48796f01-a45e-4e78-98f3-7a8f6b07cc28: shutdown FollowerState
2019-10-18 07:13:51,680 [Thread-327] INFO  impl.FollowerState (FollowerState.java:run(117)) - 48796f01-a45e-4e78-98f3-7a8f6b07cc28@group-CF800B99A85B-FollowerState was interrupted: java.lang.InterruptedException: sleep interrupted
2019-10-18 07:13:51,680 [grpc-default-executor-2] INFO  impl.RoleInfo (RoleInfo.java:updateAndGet(143)) - 48796f01-a45e-4e78-98f3-7a8f6b07cc28: start FollowerState
2019-10-18 07:13:51,681 [f7ab671b-901b-4a48-a9a9-f6c73ab18394@group-CF800B99A85B-LeaderElection11] INFO  impl.LeaderElection (LeaderElection.java:logAndReturn(56)) - f7ab671b-901b-4a48-a9a9-f6c73ab18394@group-CF800B99A85B-LeaderElection11: Election TIMEOUT; received 0 response(s) [] and 0 exception(s); f7ab671b-901b-4a48-a9a9-f6c73ab18394@group-CF800B99A85B:t2, leader=null, voted=f7ab671b-901b-4a48-a9a9-f6c73ab18394, raftlog=f7ab671b-901b-4a48-a9a9-f6c73ab18394@group-CF800B99A85B-SegmentedRaftLog:OPENED:c-1,f-1,i0, conf=-1: [48796f01-a45e-4e78-98f3-7a8f6b07cc28:192.168.69.67:44206, d2e56473-8267-4871-9849-be2e71e1a2dc:192.168.69.67:35020, f7ab671b-901b-4a48-a9a9-f6c73ab18394:192.168.69.67:41075], old=null
2019-10-18 07:13:51,684 [grpc-default-executor-9] INFO  server.GrpcServerProtocolService (GrpcServerProtocolService.java:onCompleted(113)) - 24274e9f-e41f-4654-9afc-a783ca44e44b: Completed APPEND_ENTRIES, lastRequest: null
2019-10-18 07:13:51,684 [grpc-default-executor-7] INFO  server.GrpcServerProtocolService (GrpcServerProtocolService.java:onCompleted(113)) - c52c3de9-0ed1-4f2b-ba1d-f317ceeb0ceb: Completed APPEND_ENTRIES, lastRequest: null
2019-10-18 07:13:51,687 [grpc-default-executor-7] INFO  server.GrpcLogAppender (GrpcLogAppender.java:onCompleted(308)) - 988115cd-21c9-4558-b198-f2cedd98ccf3@group-A59DFA2DE4A4->c52c3de9-0ed1-4f2b-ba1d-f317ceeb0ceb-AppendLogResponseHandler: follower responses appendEntries COMPLETED
2019-10-18 07:13:51,687 [grpc-default-executor-9] INFO  server.GrpcLogAppender (GrpcLogAppender.java:onCompleted(308)) - 988115cd-21c9-4558-b198-f2cedd98ccf3@group-A59DFA2DE4A4->24274e9f-e41f-4654-9afc-a783ca44e44b-AppendLogResponseHandler: follower responses appendEntries COMPLETED
2019-10-18 07:13:51,690 [c52c3de9-0ed1-4f2b-ba1d-f317ceeb0ceb@group-A59DFA2DE4A4-LeaderElection10] INFO  impl.LeaderElection (LeaderElection.java:askForVotes(178)) - c52c3de9-0ed1-4f2b-ba1d-f317ceeb0ceb@group-A59DFA2DE4A4-LeaderElection10: begin an election at term 5 for -1: [24274e9f-e41f-4654-9afc-a783ca44e44b:192.168.69.67:35902, 988115cd-21c9-4558-b198-f2cedd98ccf3:192.168.69.67:44208, c52c3de9-0ed1-4f2b-ba1d-f317ceeb0ceb:192.168.69.67:37615], old=null
2019-10-18 07:13:51,691 [988115cd-21c9-4558-b198-f2cedd98ccf3@group-A59DFA2DE4A4-SegmentedRaftLogWorker] INFO  segmented.SegmentedRaftLogWorker (SegmentedRaftLogWorker.java:execute(576)) - 988115cd-21c9-4558-b198-f2cedd98ccf3@group-A59DFA2DE4A4-SegmentedRaftLogWorker: created new log segment /workdir/hadoop-ozone/integration-test/target/test-dir/MiniOzoneClusterImpl-f68115de-5278-4c94-9b3d-9176cb3c0071/datanode-0/data/ratis/6f305285-d959-4bc2-97f6-a59dfa2de4a4/current/log_inprogress_0
2019-10-18 07:13:51,690 [Thread-326] INFO  impl.FollowerState (FollowerState.java:run(108)) - 24274e9f-e41f-4654-9afc-a783ca44e44b@group-A59DFA2DE4A4-FollowerState: change to CANDIDATE, lastRpcTime:77ms, electionTimeout:26ms
2019-10-18 07:13:51,690 [grpc-default-executor-9] INFO  impl.FollowerInfo (FollowerInfo.java:lambda$new$0(51)) - 988115cd-21c9-4558-b198-f2cedd98ccf3@group-A59DFA2DE4A4->24274e9f-e41f-4654-9afc-a783ca44e44b: nextIndex: updateUnconditionally 0 -> 0
2019-10-18 07:13:51,690 [grpc-default-executor-7] INFO  impl.FollowerInfo (FollowerInfo.java:lambda$new$0(51)) - 988115cd-21c9-4558-b198-f2cedd98ccf3@group-A59DFA2DE4A4->c52c3de9-0ed1-4f2b-ba1d-f317ceeb0ceb: nextIndex: updateUnconditionally 0 -> 0
2019-10-18 07:13:51,692 [Thread-326] INFO  impl.RoleInfo (RoleInfo.java:shutdownFollowerState(121)) - 24274e9f-e41f-4654-9afc-a783ca44e44b: shutdown FollowerState
2019-10-18 07:13:51,692 [Thread-326] INFO  impl.RaftServerImpl (RaftServerImpl.java:setRole(184)) - 24274e9f-e41f-4654-9afc-a783ca44e44b@group-A59DFA2DE4A4: changes role from  FOLLOWER to CANDIDATE at term 4 for changeToCandidate
2019-10-18 07:13:51,692 [Thread-326] INFO  impl.RoleInfo (RoleInfo.java:updateAndGet(143)) - 24274e9f-e41f-4654-9afc-a783ca44e44b: start LeaderElection
2019-10-18 07:13:51,693 [grpc-default-executor-0] INFO  impl.RaftServerImpl (RaftServerImpl.java:setRole(184)) - 24274e9f-e41f-4654-9afc-a783ca44e44b@group-A59DFA2DE4A4: changes role from CANDIDATE to FOLLOWER at term 4 for recognizeCandidate:c52c3de9-0ed1-4f2b-ba1d-f317ceeb0ceb
2019-10-18 07:13:51,694 [grpc-default-executor-0] INFO  impl.RoleInfo (RoleInfo.java:shutdownLeaderElection(134)) - 24274e9f-e41f-4654-9afc-a783ca44e44b: shutdown LeaderElection
2019-10-18 07:13:51,694 [grpc-default-executor-0] INFO  impl.RoleInfo (RoleInfo.java:updateAndGet(143)) - 24274e9f-e41f-4654-9afc-a783ca44e44b: start FollowerState
2019-10-18 07:13:51,740 [c52c3de9-0ed1-4f2b-ba1d-f317ceeb0ceb@group-A59DFA2DE4A4-LeaderElection10] INFO  impl.LeaderElection (LeaderElection.java:logAndReturn(56)) - c52c3de9-0ed1-4f2b-ba1d-f317ceeb0ceb@group-A59DFA2DE4A4-LeaderElection10: Election TIMEOUT; received 0 response(s) [] and 0 exception(s); c52c3de9-0ed1-4f2b-ba1d-f317ceeb0ceb@group-A59DFA2DE4A4:t5, leader=null, voted=c52c3de9-0ed1-4f2b-ba1d-f317ceeb0ceb, raftlog=c52c3de9-0ed1-4f2b-ba1d-f317ceeb0ceb@group-A59DFA2DE4A4-SegmentedRaftLog:OPENED:c-1,f-1,i0, conf=-1: [24274e9f-e41f-4654-9afc-a783ca44e44b:192.168.69.67:35902, 988115cd-21c9-4558-b198-f2cedd98ccf3:192.168.69.67:44208, c52c3de9-0ed1-4f2b-ba1d-f317ceeb0ceb:192.168.69.67:37615], old=null
2019-10-18 07:13:51,753 [Thread-332] INFO  impl.FollowerState (FollowerState.java:run(108)) - 48796f01-a45e-4e78-98f3-7a8f6b07cc28@group-CF800B99A85B-FollowerState: change to CANDIDATE, lastRpcTime:73ms, electionTimeout:65ms
2019-10-18 07:13:51,753 [f7ab671b-901b-4a48-a9a9-f6c73ab18394@group-CF800B99A85B-LeaderElection11] INFO  impl.LeaderElection (LeaderElection.java:askForVotes(178)) - f7ab671b-901b-4a48-a9a9-f6c73ab18394@group-CF800B99A85B-LeaderElection11: begin an election at term 3 for -1: [48796f01-a45e-4e78-98f3-7a8f6b07cc28:192.168.69.67:44206, d2e56473-8267-4871-9849-be2e71e1a2dc:192.168.69.67:35020, f7ab671b-901b-4a48-a9a9-f6c73ab18394:192.168.69.67:41075], old=null
2019-10-18 07:13:51,755 [Thread-332] INFO  impl.RoleInfo (RoleInfo.java:shutdownFollowerState(121)) - 48796f01-a45e-4e78-98f3-7a8f6b07cc28: shutdown FollowerState
2019-10-18 07:13:51,756 [24274e9f-e41f-4654-9afc-a783ca44e44b@group-A59DFA2DE4A4-LeaderElection15] INFO  impl.LeaderElection (LeaderElection.java:askForVotes(178)) - 24274e9f-e41f-4654-9afc-a783ca44e44b@group-A59DFA2DE4A4-LeaderElection15: begin an election at term 5 for -1: [24274e9f-e41f-4654-9afc-a783ca44e44b:192.168.69.67:35902, 988115cd-21c9-4558-b198-f2cedd98ccf3:192.168.69.67:44208, c52c3de9-0ed1-4f2b-ba1d-f317ceeb0ceb:192.168.69.67:37615], old=null
2019-10-18 07:13:51,756 [Thread-330] INFO  impl.FollowerState (FollowerState.java:run(108)) - d2e56473-8267-4871-9849-be2e71e1a2dc@group-CF800B99A85B-FollowerState: change to CANDIDATE, lastRpcTime:83ms, electionTimeout:75ms
2019-10-18 07:13:51,756 [grpc-default-executor-0] INFO  impl.RaftServerImpl (RaftServerImpl.java:setRole(184)) - 988115cd-21c9-4558-b198-f2cedd98ccf3@group-A59DFA2DE4A4: changes role from  FOLLOWER to FOLLOWER at term 5 for recognizeCandidate:c52c3de9-0ed1-4f2b-ba1d-f317ceeb0ceb
2019-10-18 07:13:51,756 [Thread-332] INFO  impl.RaftServerImpl (RaftServerImpl.java:setRole(184)) - 48796f01-a45e-4e78-98f3-7a8f6b07cc28@group-CF800B99A85B: changes role from  FOLLOWER to CANDIDATE at term 2 for changeToCandidate
2019-10-18 07:13:51,756 [grpc-default-executor-0] INFO  impl.RoleInfo (RoleInfo.java:shutdownFollowerState(121)) - 988115cd-21c9-4558-b198-f2cedd98ccf3: shutdown FollowerState
2019-10-18 07:13:51,756 [Thread-330] INFO  impl.RoleInfo (RoleInfo.java:shutdownFollowerState(121)) - d2e56473-8267-4871-9849-be2e71e1a2dc: shutdown FollowerState
2019-10-18 07:13:51,757 [Thread-332] INFO  impl.RoleInfo (RoleInfo.java:updateAndGet(143)) - 48796f01-a45e-4e78-98f3-7a8f6b07cc28: start LeaderElection
2019-10-18 07:13:51,757 [24274e9f-e41f-4654-9afc-a783ca44e44b@group-A59DFA2DE4A4-LeaderElection15] INFO  impl.LeaderElection (LeaderElection.java:logAndReturn(56)) - 24274e9f-e41f-4654-9afc-a783ca44e44b@group-A59DFA2DE4A4-LeaderElection15: Election REJECTED; received 0 response(s) [] and 0 exception(s); 24274e9f-e41f-4654-9afc-a783ca44e44b@group-A59DFA2DE4A4:t5, leader=null, voted=24274e9f-e41f-4654-9afc-a783ca44e44b, raftlog=24274e9f-e41f-4654-9afc-a783ca44e44b@group-A59DFA2DE4A4-SegmentedRaftLog:OPENED:c-1,f-1,i0, conf=-1: [24274e9f-e41f-4654-9afc-a783ca44e44b:192.168.69.67:35902, 988115cd-21c9-4558-b198-f2cedd98ccf3:192.168.69.67:44208, c52c3de9-0ed1-4f2b-ba1d-f317ceeb0ceb:192.168.69.67:37615], old=null
2019-10-18 07:13:51,757 [grpc-default-executor-0] INFO  impl.RoleInfo (RoleInfo.java:updateAndGet(143)) - 988115cd-21c9-4558-b198-f2cedd98ccf3: start FollowerState
2019-10-18 07:13:51,757 [Thread-331] INFO  impl.FollowerState (FollowerState.java:run(117)) - 988115cd-21c9-4558-b198-f2cedd98ccf3@group-A59DFA2DE4A4-FollowerState was interrupted: java.lang.InterruptedException: sleep interrupted
2019-10-18 07:13:51,757 [Thread-330] INFO  impl.RaftServerImpl (RaftServerImpl.java:setRole(184)) - d2e56473-8267-4871-9849-be2e71e1a2dc@group-CF800B99A85B: changes role from  FOLLOWER to CANDIDATE at term 2 for changeToCandidate
2019-10-18 07:13:51,765 [Thread-330] INFO  impl.RoleInfo (RoleInfo.java:updateAndGet(143)) - d2e56473-8267-4871-9849-be2e71e1a2dc: start LeaderElection
2019-10-18 07:13:51,800 [48796f01-a45e-4e78-98f3-7a8f6b07cc28@group-CF800B99A85B-LeaderElection16] INFO  impl.LeaderElection (LeaderElection.java:askForVotes(178)) - 48796f01-a45e-4e78-98f3-7a8f6b07cc28@group-CF800B99A85B-LeaderElection16: begin an election at term 3 for -1: [48796f01-a45e-4e78-98f3-7a8f6b07cc28:192.168.69.67:44206, d2e56473-8267-4871-9849-be2e71e1a2dc:192.168.69.67:35020, f7ab671b-901b-4a48-a9a9-f6c73ab18394:192.168.69.67:41075], old=null
2019-10-18 07:13:51,800 [grpc-default-executor-7] INFO  impl.RaftServerImpl (RaftServerImpl.java:setRole(184)) - 988115cd-21c9-4558-b198-f2cedd98ccf3@group-A59DFA2DE4A4: changes role from  FOLLOWER to FOLLOWER at term 5 for recognizeCandidate:24274e9f-e41f-4654-9afc-a783ca44e44b
2019-10-18 07:13:51,800 [c52c3de9-0ed1-4f2b-ba1d-f317ceeb0ceb@group-A59DFA2DE4A4-LeaderElection10] INFO  impl.LeaderElection (LeaderElection.java:askForVotes(178)) - c52c3de9-0ed1-4f2b-ba1d-f317ceeb0ceb@group-A59DFA2DE4A4-LeaderElection10: begin an election at term 6 for -1: [24274e9f-e41f-4654-9afc-a783ca44e44b:192.168.69.67:35902, 988115cd-21c9-4558-b198-f2cedd98ccf3:192.168.69.67:44208, c52c3de9-0ed1-4f2b-ba1d-f317ceeb0ceb:192.168.69.67:37615], old=null
2019-10-18 07:13:51,802 [grpc-default-executor-7] INFO  impl.RoleInfo (RoleInfo.java:shutdownFollowerState(121)) - 988115cd-21c9-4558-b198-f2cedd98ccf3: shutdown FollowerState
2019-10-18 07:13:51,800 [d2e56473-8267-4871-9849-be2e71e1a2dc@group-CF800B99A85B-LeaderElection17] INFO  impl.LeaderElection (LeaderElection.java:askForVotes(178)) - d2e56473-8267-4871-9849-be2e71e1a2dc@group-CF800B99A85B-LeaderElection17: begin an election at term 3 for -1: [48796f01-a45e-4e78-98f3-7a8f6b07cc28:192.168.69.67:44206, d2e56473-8267-4871-9849-be2e71e1a2dc:192.168.69.67:35020, f7ab671b-901b-4a48-a9a9-f6c73ab18394:192.168.69.67:41075], old=null
2019-10-18 07:13:51,802 [Thread-342] INFO  impl.FollowerState (FollowerState.java:run(117)) - 988115cd-21c9-4558-b198-f2cedd98ccf3@group-A59DFA2DE4A4-FollowerState was interrupted: java.lang.InterruptedException: sleep interrupted
2019-10-18 07:13:51,802 [grpc-default-executor-7] INFO  impl.RoleInfo (RoleInfo.java:updateAndGet(143)) - 988115cd-21c9-4558-b198-f2cedd98ccf3: start FollowerState
2019-10-18 07:13:51,806 [f7ab671b-901b-4a48-a9a9-f6c73ab18394@group-CF800B99A85B-LeaderElection11] INFO  impl.LeaderElection (LeaderElection.java:logAndReturn(56)) - f7ab671b-901b-4a48-a9a9-f6c73ab18394@group-CF800B99A85B-LeaderElection11: Election REJECTED; received 2 response(s) [f7ab671b-901b-4a48-a9a9-f6c73ab18394<-48796f01-a45e-4e78-98f3-7a8f6b07cc28#0:FAIL-t3, f7ab671b-901b-4a48-a9a9-f6c73ab18394<-d2e56473-8267-4871-9849-be2e71e1a2dc#0:FAIL-t3] and 0 exception(s); f7ab671b-901b-4a48-a9a9-f6c73ab18394@group-CF800B99A85B:t3, leader=null, voted=f7ab671b-901b-4a48-a9a9-f6c73ab18394, raftlog=f7ab671b-901b-4a48-a9a9-f6c73ab18394@group-CF800B99A85B-SegmentedRaftLog:OPENED:c-1,f-1,i0, conf=-1: [48796f01-a45e-4e78-98f3-7a8f6b07cc28:192.168.69.67:44206, d2e56473-8267-4871-9849-be2e71e1a2dc:192.168.69.67:35020, f7ab671b-901b-4a48-a9a9-f6c73ab18394:192.168.69.67:41075], old=null
2019-10-18 07:13:51,806 [f7ab671b-901b-4a48-a9a9-f6c73ab18394@group-CF800B99A85B-LeaderElection11] INFO  impl.RaftServerImpl (RaftServerImpl.java:setRole(184)) - f7ab671b-901b-4a48-a9a9-f6c73ab18394@group-CF800B99A85B: changes role from CANDIDATE to FOLLOWER at term 3 for DISCOVERED_A_NEW_TERM
2019-10-18 07:13:51,807 [f7ab671b-901b-4a48-a9a9-f6c73ab18394@group-CF800B99A85B-LeaderElection11] INFO  impl.RoleInfo (RoleInfo.java:shutdownLeaderElection(134)) - f7ab671b-901b-4a48-a9a9-f6c73ab18394: shutdown LeaderElection
2019-10-18 07:13:51,808 [f7ab671b-901b-4a48-a9a9-f6c73ab18394@group-CF800B99A85B-LeaderElection11] INFO  impl.RoleInfo (RoleInfo.java:updateAndGet(143)) - f7ab671b-901b-4a48-a9a9-f6c73ab18394: start FollowerState
2019-10-18 07:13:51,812 [grpc-default-executor-6] INFO  impl.RaftServerImpl (RaftServerImpl.java:setRole(184)) - 988115cd-21c9-4558-b198-f2cedd98ccf3@group-A59DFA2DE4A4: changes role from  FOLLOWER to FOLLOWER at term 6 for recognizeCandidate:c52c3de9-0ed1-4f2b-ba1d-f317ceeb0ceb
2019-10-18 07:13:51,813 [grpc-default-executor-6] INFO  impl.RoleInfo (RoleInfo.java:shutdownFollowerState(121)) - 988115cd-21c9-4558-b198-f2cedd98ccf3: shutdown FollowerState
2019-10-18 07:13:51,814 [grpc-default-executor-6] INFO  impl.RoleInfo (RoleInfo.java:updateAndGet(143)) - 988115cd-21c9-4558-b198-f2cedd98ccf3: start FollowerState
2019-10-18 07:13:51,814 [Thread-347] INFO  impl.FollowerState (FollowerState.java:run(117)) - 988115cd-21c9-4558-b198-f2cedd98ccf3@group-A59DFA2DE4A4-FollowerState was interrupted: java.lang.InterruptedException: sleep interrupted
2019-10-18 07:13:51,814 [grpc-default-executor-2] INFO  impl.RaftServerImpl (RaftServerImpl.java:setRole(184)) - 24274e9f-e41f-4654-9afc-a783ca44e44b@group-A59DFA2DE4A4: changes role from  FOLLOWER to FOLLOWER at term 6 for recognizeCandidate:c52c3de9-0ed1-4f2b-ba1d-f317ceeb0ceb
2019-10-18 07:13:51,815 [grpc-default-executor-2] INFO  impl.RoleInfo (RoleInfo.java:shutdownFollowerState(121)) - 24274e9f-e41f-4654-9afc-a783ca44e44b: shutdown FollowerState
2019-10-18 07:13:51,815 [Thread-336] INFO  impl.FollowerState (FollowerState.java:run(117)) - 24274e9f-e41f-4654-9afc-a783ca44e44b@group-A59DFA2DE4A4-FollowerState was interrupted: java.lang.InterruptedException: sleep interrupted
2019-10-18 07:13:51,815 [d2e56473-8267-4871-9849-be2e71e1a2dc@group-CF800B99A85B-LeaderElection17] INFO  impl.LeaderElection (LeaderElection.java:logAndReturn(56)) - d2e56473-8267-4871-9849-be2e71e1a2dc@group-CF800B99A85B-LeaderElection17: Election TIMEOUT; received 0 response(s) [] and 0 exception(s); d2e56473-8267-4871-9849-be2e71e1a2dc@group-CF800B99A85B:t3, leader=null, voted=d2e56473-8267-4871-9849-be2e71e1a2dc, raftlog=d2e56473-8267-4871-9849-be2e71e1a2dc@group-CF800B99A85B-SegmentedRaftLog:OPENED:c-1,f-1,i0, conf=-1: [48796f01-a45e-4e78-98f3-7a8f6b07cc28:192.168.69.67:44206, d2e56473-8267-4871-9849-be2e71e1a2dc:192.168.69.67:35020, f7ab671b-901b-4a48-a9a9-f6c73ab18394:192.168.69.67:41075], old=null
2019-10-18 07:13:51,815 [grpc-default-executor-2] INFO  impl.RoleInfo (RoleInfo.java:updateAndGet(143)) - 24274e9f-e41f-4654-9afc-a783ca44e44b: start FollowerState
2019-10-18 07:13:51,815 [48796f01-a45e-4e78-98f3-7a8f6b07cc28@group-CF800B99A85B-LeaderElection16] INFO  impl.LeaderElection (LeaderElection.java:logAndReturn(56)) - 48796f01-a45e-4e78-98f3-7a8f6b07cc28@group-CF800B99A85B-LeaderElection16: Election TIMEOUT; received 0 response(s) [] and 0 exception(s); 48796f01-a45e-4e78-98f3-7a8f6b07cc28@group-CF800B99A85B:t3, leader=null, voted=48796f01-a45e-4e78-98f3-7a8f6b07cc28, raftlog=48796f01-a45e-4e78-98f3-7a8f6b07cc28@group-CF800B99A85B-SegmentedRaftLog:OPENED:c-1,f-1,i0, conf=-1: [48796f01-a45e-4e78-98f3-7a8f6b07cc28:192.168.69.67:44206, d2e56473-8267-4871-9849-be2e71e1a2dc:192.168.69.67:35020, f7ab671b-901b-4a48-a9a9-f6c73ab18394:192.168.69.67:41075], old=null
2019-10-18 07:13:51,846 [d2e56473-8267-4871-9849-be2e71e1a2dc@group-CF800B99A85B-LeaderElection17] INFO  impl.LeaderElection (LeaderElection.java:askForVotes(178)) - d2e56473-8267-4871-9849-be2e71e1a2dc@group-CF800B99A85B-LeaderElection17: begin an election at term 4 for -1: [48796f01-a45e-4e78-98f3-7a8f6b07cc28:192.168.69.67:44206, d2e56473-8267-4871-9849-be2e71e1a2dc:192.168.69.67:35020, f7ab671b-901b-4a48-a9a9-f6c73ab18394:192.168.69.67:41075], old=null
2019-10-18 07:13:51,846 [48796f01-a45e-4e78-98f3-7a8f6b07cc28@group-CF800B99A85B-LeaderElection16] INFO  impl.LeaderElection (LeaderElection.java:askForVotes(178)) - 48796f01-a45e-4e78-98f3-7a8f6b07cc28@group-CF800B99A85B-LeaderElection16: begin an election at term 4 for -1: [48796f01-a45e-4e78-98f3-7a8f6b07cc28:192.168.69.67:44206, d2e56473-8267-4871-9849-be2e71e1a2dc:192.168.69.67:35020, f7ab671b-901b-4a48-a9a9-f6c73ab18394:192.168.69.67:41075], old=null
2019-10-18 07:13:51,850 [c52c3de9-0ed1-4f2b-ba1d-f317ceeb0ceb@group-A59DFA2DE4A4-LeaderElection10] INFO  impl.LeaderElection (LeaderElection.java:logAndReturn(56)) - c52c3de9-0ed1-4f2b-ba1d-f317ceeb0ceb@group-A59DFA2DE4A4-LeaderElection10: Election PASSED; received 2 response(s) [c52c3de9-0ed1-4f2b-ba1d-f317ceeb0ceb<-24274e9f-e41f-4654-9afc-a783ca44e44b#0:OK-t6, c52c3de9-0ed1-4f2b-ba1d-f317ceeb0ceb<-988115cd-21c9-4558-b198-f2cedd98ccf3#0:FAIL-t6] and 0 exception(s); c52c3de9-0ed1-4f2b-ba1d-f317ceeb0ceb@group-A59DFA2DE4A4:t6, leader=null, voted=c52c3de9-0ed1-4f2b-ba1d-f317ceeb0ceb, raftlog=c52c3de9-0ed1-4f2b-ba1d-f317ceeb0ceb@group-A59DFA2DE4A4-SegmentedRaftLog:OPENED:c-1,f-1,i0, conf=-1: [24274e9f-e41f-4654-9afc-a783ca44e44b:192.168.69.67:35902, 988115cd-21c9-4558-b198-f2cedd98ccf3:192.168.69.67:44208, c52c3de9-0ed1-4f2b-ba1d-f317ceeb0ceb:192.168.69.67:37615], old=null
2019-10-18 07:13:51,850 [c52c3de9-0ed1-4f2b-ba1d-f317ceeb0ceb@group-A59DFA2DE4A4-LeaderElection10] INFO  impl.RoleInfo (RoleInfo.java:shutdownLeaderElection(134)) - c52c3de9-0ed1-4f2b-ba1d-f317ceeb0ceb: shutdown LeaderElection
2019-10-18 07:13:51,851 [c52c3de9-0ed1-4f2b-ba1d-f317ceeb0ceb@group-A59DFA2DE4A4-LeaderElection10] INFO  impl.RaftServerImpl (RaftServerImpl.java:setRole(184)) - c52c3de9-0ed1-4f2b-ba1d-f317ceeb0ceb@group-A59DFA2DE4A4: changes role from CANDIDATE to LEADER at term 6 for changeToLeader
2019-10-18 07:13:51,852 [c52c3de9-0ed1-4f2b-ba1d-f317ceeb0ceb@group-A59DFA2DE4A4-LeaderElection10] INFO  ratis.XceiverServerRatis (XceiverServerRatis.java:handleLeaderChangedNotification(699)) - Leader change notification received for group: group-A59DFA2DE4A4 with new leaderId: c52c3de9-0ed1-4f2b-ba1d-f317ceeb0ceb
2019-10-18 07:13:51,852 [c52c3de9-0ed1-4f2b-ba1d-f317ceeb0ceb@group-A59DFA2DE4A4-LeaderElection10] INFO  impl.RaftServerImpl (ServerState.java:setLeader(256)) - c52c3de9-0ed1-4f2b-ba1d-f317ceeb0ceb@group-A59DFA2DE4A4: change Leader from null to c52c3de9-0ed1-4f2b-ba1d-f317ceeb0ceb at term 6 for becomeLeader, leader elected after 786ms
2019-10-18 07:13:51,852 [c52c3de9-0ed1-4f2b-ba1d-f317ceeb0ceb@group-A59DFA2DE4A4-LeaderElection10] INFO  server.RaftServerConfigKeys (ConfUtils.java:logGet(43)) - raft.server.staging.catchup.gap = 1000 (default)
2019-10-18 07:13:51,852 [c52c3de9-0ed1-4f2b-ba1d-f317ceeb0ceb@group-A59DFA2DE4A4-LeaderElection10] INFO  server.RaftServerConfigKeys (ConfUtils.java:logGet(43)) - raft.server.rpc.sleep.time = 25ms (default)
2019-10-18 07:13:51,853 [c52c3de9-0ed1-4f2b-ba1d-f317ceeb0ceb@group-A59DFA2DE4A4-LeaderElection10] INFO  server.RaftServerConfigKeys (ConfUtils.java:logGet(43)) - raft.server.write.element-limit = 4096 (default)
2019-10-18 07:13:51,853 [grpc-default-executor-2] INFO  impl.RaftServerImpl (RaftServerImpl.java:setRole(184)) - f7ab671b-901b-4a48-a9a9-f6c73ab18394@group-CF800B99A85B: changes role from  FOLLOWER to FOLLOWER at term 4 for recognizeCandidate:48796f01-a45e-4e78-98f3-7a8f6b07cc28
2019-10-18 07:13:51,855 [c52c3de9-0ed1-4f2b-ba1d-f317ceeb0ceb@group-A59DFA2DE4A4-LeaderElection10] INFO  server.RaftServerConfigKeys (ConfUtils.java:logGet(43)) - raft.server.watch.timeout = 10s (default)
2019-10-18 07:13:51,855 [grpc-default-executor-2] INFO  impl.RoleInfo (RoleInfo.java:shutdownFollowerState(121)) - f7ab671b-901b-4a48-a9a9-f6c73ab18394: shutdown FollowerState
2019-10-18 07:13:51,855 [c52c3de9-0ed1-4f2b-ba1d-f317ceeb0ceb@group-A59DFA2DE4A4-LeaderElection10] INFO  server.RaftServerConfigKeys (ConfUtils.java:logGet(43)) - raft.server.watch.timeout.denomination = 1s (default)
2019-10-18 07:13:51,855 [grpc-default-executor-2] INFO  impl.RoleInfo (RoleInfo.java:updateAndGet(143)) - f7ab671b-901b-4a48-a9a9-f6c73ab18394: start FollowerState
2019-10-18 07:13:51,855 [c52c3de9-0ed1-4f2b-ba1d-f317ceeb0ceb@group-A59DFA2DE4A4-LeaderElection10] INFO  server.RaftServerConfigKeys (ConfUtils.java:logGet(43)) - raft.server.watch.element-limit = 65536 (default)
2019-10-18 07:13:51,855 [Thread-351] INFO  impl.FollowerState (FollowerState.java:run(117)) - f7ab671b-901b-4a48-a9a9-f6c73ab18394@group-CF800B99A85B-FollowerState was interrupted: java.lang.InterruptedException: sleep interrupted
2019-10-18 07:13:51,857 [EventQueue-PipelineReportForPipelineReportHandler] INFO  pipeline.PipelineReportHandler (PipelineReportHandler.java:processPipelineReport(119)) - Pipeline PipelineID=6f305285-d959-4bc2-97f6-a59dfa2de4a4 reported by c52c3de9-0ed1-4f2b-ba1d-f317ceeb0ceb{ip: 192.168.69.67, host: pr-hdds-1868-wx8dl-4219780377, networkLocation: /default-rack, certSerialId: null} with leaderId c52c3de9-0ed1-4f2b-ba1d-f317ceeb0ceb
2019-10-18 07:13:51,859 [c52c3de9-0ed1-4f2b-ba1d-f317ceeb0ceb@group-A59DFA2DE4A4-LeaderElection10] INFO  server.RaftServerConfigKeys (ConfUtils.java:logGet(43)) - raft.server.log.appender.snapshot.chunk.size.max = 16MB (=16777216) (default)
2019-10-18 07:13:51,860 [c52c3de9-0ed1-4f2b-ba1d-f317ceeb0ceb@group-A59DFA2DE4A4-LeaderElection10] INFO  server.RaftServerConfigKeys (ConfUtils.java:logGet(43)) - raft.server.log.appender.buffer.byte-limit = 33554432 (custom)
2019-10-18 07:13:51,860 [c52c3de9-0ed1-4f2b-ba1d-f317ceeb0ceb@group-A59DFA2DE4A4-LeaderElection10] INFO  server.RaftServerConfigKeys (ConfUtils.java:logGet(43)) - raft.server.log.appender.buffer.element-limit = 1 (custom)
2019-10-18 07:13:51,860 [c52c3de9-0ed1-4f2b-ba1d-f317ceeb0ceb@group-A59DFA2DE4A4-LeaderElection10] INFO  grpc.GrpcConfigKeys$Server (ConfUtils.java:logGet(43)) - raft.grpc.server.leader.outstanding.appends.max = 128 (default)
2019-10-18 07:13:51,861 [c52c3de9-0ed1-4f2b-ba1d-f317ceeb0ceb@group-A59DFA2DE4A4-LeaderElection10] INFO  server.RaftServerConfigKeys (ConfUtils.java:logGet(43)) - raft.server.rpc.request.timeout = 3000ms (default)
2019-10-18 07:13:51,861 [c52c3de9-0ed1-4f2b-ba1d-f317ceeb0ceb@group-A59DFA2DE4A4-LeaderElection10] INFO  server.RaftServerConfigKeys (ConfUtils.java:logGet(43)) - raft.server.log.appender.install.snapshot.enabled = false (custom)
2019-10-18 07:13:51,863 [c52c3de9-0ed1-4f2b-ba1d-f317ceeb0ceb@group-A59DFA2DE4A4-LeaderElection10] INFO  server.RaftServerConfigKeys (ConfUtils.java:logGet(43)) - raft.server.log.appender.snapshot.chunk.size.max = 16MB (=16777216) (default)
2019-10-18 07:13:51,863 [c52c3de9-0ed1-4f2b-ba1d-f317ceeb0ceb@group-A59DFA2DE4A4-LeaderElection10] INFO  server.RaftServerConfigKeys (ConfUtils.java:logGet(43)) - raft.server.log.appender.buffer.byte-limit = 33554432 (custom)
2019-10-18 07:13:51,863 [c52c3de9-0ed1-4f2b-ba1d-f317ceeb0ceb@group-A59DFA2DE4A4-LeaderElection10] INFO  server.RaftServerConfigKeys (ConfUtils.java:logGet(43)) - raft.server.log.appender.buffer.element-limit = 1 (custom)
2019-10-18 07:13:51,863 [c52c3de9-0ed1-4f2b-ba1d-f317ceeb0ceb@group-A59DFA2DE4A4-LeaderElection10] INFO  grpc.GrpcConfigKeys$Server (ConfUtils.java:logGet(43)) - raft.grpc.server.leader.outstanding.appends.max = 128 (default)
2019-10-18 07:13:51,863 [c52c3de9-0ed1-4f2b-ba1d-f317ceeb0ceb@group-A59DFA2DE4A4-LeaderElection10] INFO  server.RaftServerConfigKeys (ConfUtils.java:logGet(43)) - raft.server.rpc.request.timeout = 3000ms (default)
2019-10-18 07:13:51,864 [c52c3de9-0ed1-4f2b-ba1d-f317ceeb0ceb@group-A59DFA2DE4A4-LeaderElection10] INFO  server.RaftServerConfigKeys (ConfUtils.java:logGet(43)) - raft.server.log.appender.install.snapshot.enabled = false (custom)
2019-10-18 07:13:51,865 [c52c3de9-0ed1-4f2b-ba1d-f317ceeb0ceb@group-A59DFA2DE4A4-LeaderElection10] INFO  impl.RoleInfo (RoleInfo.java:updateAndGet(143)) - c52c3de9-0ed1-4f2b-ba1d-f317ceeb0ceb: start LeaderState
2019-10-18 07:13:51,866 [c52c3de9-0ed1-4f2b-ba1d-f317ceeb0ceb@group-A59DFA2DE4A4-LeaderElection10] INFO  segmented.SegmentedRaftLogWorker (SegmentedRaftLogWorker.java:startLogSegment(385)) - c52c3de9-0ed1-4f2b-ba1d-f317ceeb0ceb@group-A59DFA2DE4A4-SegmentedRaftLogWorker: Starting segment from index:0
2019-10-18 07:13:51,960 [d2e56473-8267-4871-9849-be2e71e1a2dc@group-CF800B99A85B-LeaderElection17] INFO  impl.LeaderElection (LeaderElection.java:logAndReturn(56)) - d2e56473-8267-4871-9849-be2e71e1a2dc@group-CF800B99A85B-LeaderElection17: Election TIMEOUT; received 1 response(s) [d2e56473-8267-4871-9849-be2e71e1a2dc<-48796f01-a45e-4e78-98f3-7a8f6b07cc28#0:FAIL-t4] and 0 exception(s); d2e56473-8267-4871-9849-be2e71e1a2dc@group-CF800B99A85B:t4, leader=null, voted=d2e56473-8267-4871-9849-be2e71e1a2dc, raftlog=d2e56473-8267-4871-9849-be2e71e1a2dc@group-CF800B99A85B-SegmentedRaftLog:OPENED:c-1,f-1,i0, conf=-1: [48796f01-a45e-4e78-98f3-7a8f6b07cc28:192.168.69.67:44206, d2e56473-8267-4871-9849-be2e71e1a2dc:192.168.69.67:35020, f7ab671b-901b-4a48-a9a9-f6c73ab18394:192.168.69.67:41075], old=null
2019-10-18 07:13:51,962 [Thread-359] INFO  impl.FollowerState (FollowerState.java:run(108)) - f7ab671b-901b-4a48-a9a9-f6c73ab18394@group-CF800B99A85B-FollowerState: change to CANDIDATE, lastRpcTime:106ms, electionTimeout:8ms
2019-10-18 07:13:51,962 [c52c3de9-0ed1-4f2b-ba1d-f317ceeb0ceb@group-A59DFA2DE4A4-LeaderElection10] INFO  impl.RaftServerImpl (ServerState.java:setRaftConf(357)) - c52c3de9-0ed1-4f2b-ba1d-f317ceeb0ceb@group-A59DFA2DE4A4: set configuration 0: [24274e9f-e41f-4654-9afc-a783ca44e44b:192.168.69.67:35902, 988115cd-21c9-4558-b198-f2cedd98ccf3:192.168.69.67:44208, c52c3de9-0ed1-4f2b-ba1d-f317ceeb0ceb:192.168.69.67:37615], old=null at 0
2019-10-18 07:13:51,962 [Thread-359] INFO  impl.RoleInfo (RoleInfo.java:shutdownFollowerState(121)) - f7ab671b-901b-4a48-a9a9-f6c73ab18394: shutdown FollowerState
2019-10-18 07:13:51,969 [Thread-359] INFO  impl.RaftServerImpl (RaftServerImpl.java:setRole(184)) - f7ab671b-901b-4a48-a9a9-f6c73ab18394@group-CF800B99A85B: changes role from  FOLLOWER to CANDIDATE at term 4 for changeToCandidate
2019-10-18 07:13:51,969 [Thread-359] INFO  impl.RoleInfo (RoleInfo.java:updateAndGet(143)) - f7ab671b-901b-4a48-a9a9-f6c73ab18394: start LeaderElection
2019-10-18 07:13:51,972 [Thread-238] INFO  container.ReplicationManager (ReplicationManager.java:start(162)) - Starting Replication Monitor Thread.
2019-10-18 07:13:51,973 [48796f01-a45e-4e78-98f3-7a8f6b07cc28@group-CF800B99A85B-LeaderElection16] INFO  impl.LeaderElection (LeaderElection.java:logAndReturn(56)) - 48796f01-a45e-4e78-98f3-7a8f6b07cc28@group-CF800B99A85B-LeaderElection16: Election PASSED; received 2 response(s) [48796f01-a45e-4e78-98f3-7a8f6b07cc28<-d2e56473-8267-4871-9849-be2e71e1a2dc#0:FAIL-t4, 48796f01-a45e-4e78-98f3-7a8f6b07cc28<-f7ab671b-901b-4a48-a9a9-f6c73ab18394#0:OK-t4] and 0 exception(s); 48796f01-a45e-4e78-98f3-7a8f6b07cc28@group-CF800B99A85B:t4, leader=null, voted=48796f01-a45e-4e78-98f3-7a8f6b07cc28, raftlog=48796f01-a45e-4e78-98f3-7a8f6b07cc28@group-CF800B99A85B-SegmentedRaftLog:OPENED:c-1,f-1,i0, conf=-1: [48796f01-a45e-4e78-98f3-7a8f6b07cc28:192.168.69.67:44206, d2e56473-8267-4871-9849-be2e71e1a2dc:192.168.69.67:35020, f7ab671b-901b-4a48-a9a9-f6c73ab18394:192.168.69.67:41075], old=null
2019-10-18 07:13:51,974 [48796f01-a45e-4e78-98f3-7a8f6b07cc28@group-CF800B99A85B-LeaderElection16] INFO  impl.RoleInfo (RoleInfo.java:shutdownLeaderElection(134)) - 48796f01-a45e-4e78-98f3-7a8f6b07cc28: shutdown LeaderElection
2019-10-18 07:13:51,976 [48796f01-a45e-4e78-98f3-7a8f6b07cc28@group-CF800B99A85B-LeaderElection16] INFO  impl.RaftServerImpl (RaftServerImpl.java:setRole(184)) - 48796f01-a45e-4e78-98f3-7a8f6b07cc28@group-CF800B99A85B: changes role from CANDIDATE to LEADER at term 4 for changeToLeader
2019-10-18 07:13:51,976 [48796f01-a45e-4e78-98f3-7a8f6b07cc28@group-CF800B99A85B-LeaderElection16] INFO  ratis.XceiverServerRatis (XceiverServerRatis.java:handleLeaderChangedNotification(699)) - Leader change notification received for group: group-CF800B99A85B with new leaderId: 48796f01-a45e-4e78-98f3-7a8f6b07cc28
2019-10-18 07:13:51,976 [48796f01-a45e-4e78-98f3-7a8f6b07cc28@group-CF800B99A85B-LeaderElection16] INFO  impl.RaftServerImpl (ServerState.java:setLeader(256)) - 48796f01-a45e-4e78-98f3-7a8f6b07cc28@group-CF800B99A85B: change Leader from null to 48796f01-a45e-4e78-98f3-7a8f6b07cc28 at term 4 for becomeLeader, leader elected after 677ms
2019-10-18 07:13:51,976 [48796f01-a45e-4e78-98f3-7a8f6b07cc28@group-CF800B99A85B-LeaderElection16] INFO  server.RaftServerConfigKeys (ConfUtils.java:logGet(43)) - raft.server.staging.catchup.gap = 1000 (default)
2019-10-18 07:13:51,976 [48796f01-a45e-4e78-98f3-7a8f6b07cc28@group-CF800B99A85B-LeaderElection16] INFO  server.RaftServerConfigKeys (ConfUtils.java:logGet(43)) - raft.server.rpc.sleep.time = 25ms (default)
2019-10-18 07:13:51,976 [Thread-238] INFO  pipeline.SCMPipelineManager (SCMPipelineManager.java:finalizeAndDestroyPipeline(315)) - destroying pipeline:Pipeline[ Id: 6f305285-d959-4bc2-97f6-a59dfa2de4a4, Nodes: 988115cd-21c9-4558-b198-f2cedd98ccf3{ip: 192.168.69.67, host: pr-hdds-1868-wx8dl-4219780377, networkLocation: /default-rack, certSerialId: null}24274e9f-e41f-4654-9afc-a783ca44e44b{ip: 192.168.69.67, host: pr-hdds-1868-wx8dl-4219780377, networkLocation: /default-rack, certSerialId: null}c52c3de9-0ed1-4f2b-ba1d-f317ceeb0ceb{ip: 192.168.69.67, host: pr-hdds-1868-wx8dl-4219780377, networkLocation: /default-rack, certSerialId: null}, Type:RATIS, Factor:THREE, State:ALLOCATED]
2019-10-18 07:13:51,977 [ReplicationMonitor] INFO  container.ReplicationManager (ReplicationManager.java:run(225)) - Replication Monitor Thread took 3 milliseconds for processing 0 containers.
2019-10-18 07:13:51,977 [48796f01-a45e-4e78-98f3-7a8f6b07cc28@group-CF800B99A85B-LeaderElection16] INFO  server.RaftServerConfigKeys (ConfUtils.java:logGet(43)) - raft.server.write.element-limit = 4096 (default)
2019-10-18 07:13:51,977 [Thread-238] INFO  pipeline.PipelineStateManager (PipelineStateManager.java:finalizePipeline(121)) - Pipeline Pipeline[ Id: 6f305285-d959-4bc2-97f6-a59dfa2de4a4, Nodes: 988115cd-21c9-4558-b198-f2cedd98ccf3{ip: 192.168.69.67, host: pr-hdds-1868-wx8dl-4219780377, networkLocation: /default-rack, certSerialId: null}24274e9f-e41f-4654-9afc-a783ca44e44b{ip: 192.168.69.67, host: pr-hdds-1868-wx8dl-4219780377, networkLocation: /default-rack, certSerialId: null}c52c3de9-0ed1-4f2b-ba1d-f317ceeb0ceb{ip: 192.168.69.67, host: pr-hdds-1868-wx8dl-4219780377, networkLocation: /default-rack, certSerialId: null}, Type:RATIS, Factor:THREE, State:CLOSED] moved to CLOSED state
2019-10-18 07:13:51,978 [48796f01-a45e-4e78-98f3-7a8f6b07cc28@group-CF800B99A85B-LeaderElection16] INFO  server.RaftServerConfigKeys (ConfUtils.java:logGet(43)) - raft.server.watch.timeout = 10s (default)
2019-10-18 07:13:51,979 [48796f01-a45e-4e78-98f3-7a8f6b07cc28@group-CF800B99A85B-LeaderElection16] INFO  server.RaftServerConfigKeys (ConfUtils.java:logGet(43)) - raft.server.watch.timeout.denomination = 1s (default)
2019-10-18 07:13:51,980 [48796f01-a45e-4e78-98f3-7a8f6b07cc28@group-CF800B99A85B-LeaderElection16] INFO  server.RaftServerConfigKeys (ConfUtils.java:logGet(43)) - raft.server.watch.element-limit = 65536 (default)
2019-10-18 07:13:51,980 [EventQueue-PipelineReportForPipelineReportHandler] INFO  pipeline.PipelineReportHandler (PipelineReportHandler.java:processPipelineReport(119)) - Pipeline PipelineID=ebb4ded9-ec7e-40ed-9042-cf800b99a85b reported by 48796f01-a45e-4e78-98f3-7a8f6b07cc28{ip: 192.168.69.67, host: pr-hdds-1868-wx8dl-4219780377, networkLocation: /default-rack, certSerialId: null} with leaderId 48796f01-a45e-4e78-98f3-7a8f6b07cc28
2019-10-18 07:13:51,986 [grpc-default-executor-5] INFO  ratis.XceiverServerRatis (XceiverServerRatis.java:handleLeaderChangedNotification(699)) - Leader change notification received for group: group-A59DFA2DE4A4 with new leaderId: c52c3de9-0ed1-4f2b-ba1d-f317ceeb0ceb
2019-10-18 07:13:51,986 [grpc-default-executor-6] INFO  ratis.XceiverServerRatis (XceiverServerRatis.java:handleLeaderChangedNotification(699)) - Leader change notification received for group: group-A59DFA2DE4A4 with new leaderId: c52c3de9-0ed1-4f2b-ba1d-f317ceeb0ceb
2019-10-18 07:13:51,986 [48796f01-a45e-4e78-98f3-7a8f6b07cc28@group-CF800B99A85B-LeaderElection16] INFO  server.RaftServerConfigKeys (ConfUtils.java:logGet(43)) - raft.server.log.appender.snapshot.chunk.size.max = 16MB (=16777216) (default)
2019-10-18 07:13:51,986 [grpc-default-executor-5] INFO  impl.RaftServerImpl (ServerState.java:setLeader(256)) - 24274e9f-e41f-4654-9afc-a783ca44e44b@group-A59DFA2DE4A4: change Leader from null to c52c3de9-0ed1-4f2b-ba1d-f317ceeb0ceb at term 6 for appendEntries, leader elected after 920ms
2019-10-18 07:13:51,986 [48796f01-a45e-4e78-98f3-7a8f6b07cc28@group-CF800B99A85B-LeaderElection16] INFO  server.RaftServerConfigKeys (ConfUtils.java:logGet(43)) - raft.server.log.appender.buffer.byte-limit = 33554432 (custom)
2019-10-18 07:13:51,986 [grpc-default-executor-6] INFO  impl.RaftServerImpl (ServerState.java:setLeader(256)) - 988115cd-21c9-4558-b198-f2cedd98ccf3@group-A59DFA2DE4A4: change Leader from null to c52c3de9-0ed1-4f2b-ba1d-f317ceeb0ceb at term 6 for appendEntries, leader elected after 341ms
2019-10-18 07:13:51,988 [48796f01-a45e-4e78-98f3-7a8f6b07cc28@group-CF800B99A85B-LeaderElection16] INFO  server.RaftServerConfigKeys (ConfUtils.java:logGet(43)) - raft.server.log.appender.buffer.element-limit = 1 (custom)
2019-10-18 07:13:52,010 [c52c3de9-0ed1-4f2b-ba1d-f317ceeb0ceb@group-A59DFA2DE4A4-SegmentedRaftLogWorker] INFO  segmented.SegmentedRaftLogWorker (SegmentedRaftLogWorker.java:execute(576)) - c52c3de9-0ed1-4f2b-ba1d-f317ceeb0ceb@group-A59DFA2DE4A4-SegmentedRaftLogWorker: created new log segment /workdir/hadoop-ozone/integration-test/target/test-dir/MiniOzoneClusterImpl-f68115de-5278-4c94-9b3d-9176cb3c0071/datanode-6/data/ratis/6f305285-d959-4bc2-97f6-a59dfa2de4a4/current/log_inprogress_0
2019-10-18 07:13:52,010 [f7ab671b-901b-4a48-a9a9-f6c73ab18394@group-CF800B99A85B-LeaderElection18] INFO  impl.LeaderElection (LeaderElection.java:askForVotes(178)) - f7ab671b-901b-4a48-a9a9-f6c73ab18394@group-CF800B99A85B-LeaderElection18: begin an election at term 5 for -1: [48796f01-a45e-4e78-98f3-7a8f6b07cc28:192.168.69.67:44206, d2e56473-8267-4871-9849-be2e71e1a2dc:192.168.69.67:35020, f7ab671b-901b-4a48-a9a9-f6c73ab18394:192.168.69.67:41075], old=null
2019-10-18 07:13:52,011 [48796f01-a45e-4e78-98f3-7a8f6b07cc28@group-CF800B99A85B-LeaderElection16] INFO  grpc.GrpcConfigKeys$Server (ConfUtils.java:logGet(43)) - raft.grpc.server.leader.outstanding.appends.max = 128 (default)
2019-10-18 07:13:52,011 [d2e56473-8267-4871-9849-be2e71e1a2dc@group-CF800B99A85B-LeaderElection17] INFO  impl.LeaderElection (LeaderElection.java:askForVotes(178)) - d2e56473-8267-4871-9849-be2e71e1a2dc@group-CF800B99A85B-LeaderElection17: begin an election at term 5 for -1: [48796f01-a45e-4e78-98f3-7a8f6b07cc28:192.168.69.67:44206, d2e56473-8267-4871-9849-be2e71e1a2dc:192.168.69.67:35020, f7ab671b-901b-4a48-a9a9-f6c73ab18394:192.168.69.67:41075], old=null
2019-10-18 07:13:52,012 [48796f01-a45e-4e78-98f3-7a8f6b07cc28@group-CF800B99A85B-LeaderElection16] INFO  server.RaftServerConfigKeys (ConfUtils.java:logGet(43)) - raft.server.rpc.request.timeout = 3000ms (default)
2019-10-18 07:13:52,012 [48796f01-a45e-4e78-98f3-7a8f6b07cc28@group-CF800B99A85B-LeaderElection16] INFO  server.RaftServerConfigKeys (ConfUtils.java:logGet(43)) - raft.server.log.appender.install.snapshot.enabled = false (custom)
2019-10-18 07:13:52,018 [48796f01-a45e-4e78-98f3-7a8f6b07cc28@group-CF800B99A85B-LeaderElection16] INFO  server.RaftServerConfigKeys (ConfUtils.java:logGet(43)) - raft.server.log.appender.snapshot.chunk.size.max = 16MB (=16777216) (default)
2019-10-18 07:13:52,019 [48796f01-a45e-4e78-98f3-7a8f6b07cc28@group-CF800B99A85B-LeaderElection16] INFO  server.RaftServerConfigKeys (ConfUtils.java:logGet(43)) - raft.server.log.appender.buffer.byte-limit = 33554432 (custom)
2019-10-18 07:13:52,019 [48796f01-a45e-4e78-98f3-7a8f6b07cc28@group-CF800B99A85B-LeaderElection16] INFO  server.RaftServerConfigKeys (ConfUtils.java:logGet(43)) - raft.server.log.appender.buffer.element-limit = 1 (custom)
2019-10-18 07:13:52,019 [48796f01-a45e-4e78-98f3-7a8f6b07cc28@group-CF800B99A85B-LeaderElection16] INFO  grpc.GrpcConfigKeys$Server (ConfUtils.java:logGet(43)) - raft.grpc.server.leader.outstanding.appends.max = 128 (default)
2019-10-18 07:13:52,019 [48796f01-a45e-4e78-98f3-7a8f6b07cc28@group-CF800B99A85B-LeaderElection16] INFO  server.RaftServerConfigKeys (ConfUtils.java:logGet(43)) - raft.server.rpc.request.timeout = 3000ms (default)
2019-10-18 07:13:52,019 [48796f01-a45e-4e78-98f3-7a8f6b07cc28@group-CF800B99A85B-LeaderElection16] INFO  server.RaftServerConfigKeys (ConfUtils.java:logGet(43)) - raft.server.log.appender.install.snapshot.enabled = false (custom)
2019-10-18 07:13:52,020 [grpc-default-executor-1] INFO  impl.RaftServerProxy (RaftServerProxy.java:remove(95)) - 988115cd-21c9-4558-b198-f2cedd98ccf3: remove  FOLLOWER 988115cd-21c9-4558-b198-f2cedd98ccf3@group-A59DFA2DE4A4:t6, leader=c52c3de9-0ed1-4f2b-ba1d-f317ceeb0ceb, voted=null, raftlog=988115cd-21c9-4558-b198-f2cedd98ccf3@group-A59DFA2DE4A4-SegmentedRaftLog:OPENED:c-1,f0,i0, conf=0: [24274e9f-e41f-4654-9afc-a783ca44e44b:192.168.69.67:35902, 988115cd-21c9-4558-b198-f2cedd98ccf3:192.168.69.67:44208, c52c3de9-0ed1-4f2b-ba1d-f317ceeb0ceb:192.168.69.67:37615], old=null RUNNING
2019-10-18 07:13:52,022 [grpc-default-executor-1] INFO  impl.RaftServerImpl (RaftServerImpl.java:lambda$shutdown$3(261)) - 988115cd-21c9-4558-b198-f2cedd98ccf3@group-A59DFA2DE4A4: shutdown
2019-10-18 07:13:52,023 [grpc-default-executor-1] INFO  util.JmxRegister (JmxRegister.java:unregister(73)) - Successfully un-registered JMX Bean with object name Ratis:service=RaftServer,group=group-A59DFA2DE4A4,id=988115cd-21c9-4558-b198-f2cedd98ccf3
2019-10-18 07:13:52,023 [grpc-default-executor-1] INFO  impl.RoleInfo (RoleInfo.java:shutdownFollowerState(121)) - 988115cd-21c9-4558-b198-f2cedd98ccf3: shutdown FollowerState
2019-10-18 07:13:52,023 [grpc-default-executor-1] INFO  impl.StateMachineUpdater (StateMachineUpdater.java:stopAndJoin(136)) - 988115cd-21c9-4558-b198-f2cedd98ccf3@group-A59DFA2DE4A4-StateMachineUpdater: set stopIndex = -1
2019-10-18 07:13:52,023 [Thread-352] INFO  impl.FollowerState (FollowerState.java:run(117)) - 988115cd-21c9-4558-b198-f2cedd98ccf3@group-A59DFA2DE4A4-FollowerState was interrupted: java.lang.InterruptedException: sleep interrupted
2019-10-18 07:13:52,029 [48796f01-a45e-4e78-98f3-7a8f6b07cc28@group-CF800B99A85B-LeaderElection16] INFO  impl.RoleInfo (RoleInfo.java:updateAndGet(143)) - 48796f01-a45e-4e78-98f3-7a8f6b07cc28: start LeaderState
2019-10-18 07:13:52,029 [grpc-default-executor-1] INFO  impl.RaftServerImpl (ServerState.java:close(388)) - 988115cd-21c9-4558-b198-f2cedd98ccf3@group-A59DFA2DE4A4: closes. applyIndex: -1
2019-10-18 07:13:52,029 [48796f01-a45e-4e78-98f3-7a8f6b07cc28@group-CF800B99A85B-LeaderElection16] INFO  segmented.SegmentedRaftLogWorker (SegmentedRaftLogWorker.java:startLogSegment(385)) - 48796f01-a45e-4e78-98f3-7a8f6b07cc28@group-CF800B99A85B-SegmentedRaftLogWorker: Starting segment from index:0
2019-10-18 07:13:52,031 [48796f01-a45e-4e78-98f3-7a8f6b07cc28@group-CF800B99A85B-LeaderElection16] INFO  impl.RaftServerImpl (ServerState.java:setRaftConf(357)) - 48796f01-a45e-4e78-98f3-7a8f6b07cc28@group-CF800B99A85B: set configuration 0: [48796f01-a45e-4e78-98f3-7a8f6b07cc28:192.168.69.67:44206, d2e56473-8267-4871-9849-be2e71e1a2dc:192.168.69.67:35020, f7ab671b-901b-4a48-a9a9-f6c73ab18394:192.168.69.67:41075], old=null at 0
2019-10-18 07:13:52,031 [grpc-default-executor-0] INFO  impl.RaftServerImpl (ServerState.java:setLeader(256)) - 48796f01-a45e-4e78-98f3-7a8f6b07cc28@group-CF800B99A85B: change Leader from 48796f01-a45e-4e78-98f3-7a8f6b07cc28 to null at term 5 for updateCurrentTerm
2019-10-18 07:13:52,031 [grpc-default-executor-0] INFO  impl.RaftServerImpl (RaftServerImpl.java:setRole(184)) - 48796f01-a45e-4e78-98f3-7a8f6b07cc28@group-CF800B99A85B: changes role from    LEADER to FOLLOWER at term 5 for recognizeCandidate:f7ab671b-901b-4a48-a9a9-f6c73ab18394
2019-10-18 07:13:52,031 [grpc-default-executor-0] INFO  impl.RoleInfo (RoleInfo.java:shutdownLeaderState(104)) - 48796f01-a45e-4e78-98f3-7a8f6b07cc28: shutdown LeaderState
2019-10-18 07:13:52,062 [grpc-default-executor-0] INFO  impl.PendingRequests (PendingRequests.java:sendNotLeaderResponses(202)) - 48796f01-a45e-4e78-98f3-7a8f6b07cc28@group-CF800B99A85B-PendingRequests: sendNotLeaderResponses
2019-10-18 07:13:52,063 [grpc-default-executor-0] INFO  impl.RoleInfo (RoleInfo.java:updateAndGet(143)) - 48796f01-a45e-4e78-98f3-7a8f6b07cc28: start FollowerState
2019-10-18 07:13:52,063 [org.apache.ratis.server.impl.LogAppender$AppenderDaemon$$Lambda$435/1417897345@2d1963d2] WARN  server.GrpcLogAppender (GrpcLogAppender.java:mayWait(149)) - 48796f01-a45e-4e78-98f3-7a8f6b07cc28@group-CF800B99A85B->d2e56473-8267-4871-9849-be2e71e1a2dc-GrpcLogAppender: Wait interrupted by java.lang.InterruptedException
2019-10-18 07:13:52,063 [org.apache.ratis.server.impl.LogAppender$AppenderDaemon$$Lambda$435/1417897345@7ce0a017] WARN  server.GrpcLogAppender (GrpcLogAppender.java:mayWait(149)) - 48796f01-a45e-4e78-98f3-7a8f6b07cc28@group-CF800B99A85B->f7ab671b-901b-4a48-a9a9-f6c73ab18394-GrpcLogAppender: Wait interrupted by java.lang.InterruptedException
2019-10-18 07:13:52,063 [988115cd-21c9-4558-b198-f2cedd98ccf3@group-A59DFA2DE4A4-SegmentedRaftLogWorker] INFO  segmented.SegmentedRaftLogWorker (SegmentedRaftLogWorker.java:run(316)) - 988115cd-21c9-4558-b198-f2cedd98ccf3@group-A59DFA2DE4A4-SegmentedRaftLogWorker was interrupted, exiting. There are 0 tasks remaining in the queue.
2019-10-18 07:13:52,065 [grpc-default-executor-1] INFO  segmented.SegmentedRaftLogWorker (SegmentedRaftLogWorker.java:close(224)) - 988115cd-21c9-4558-b198-f2cedd98ccf3@group-A59DFA2DE4A4-SegmentedRaftLogWorker close()
2019-10-18 07:13:52,069 [grpc-default-executor-3] INFO  server.GrpcServerProtocolService (GrpcServerProtocolService.java:onCompleted(113)) - d2e56473-8267-4871-9849-be2e71e1a2dc: Completed APPEND_ENTRIES, lastRequest: null
2019-10-18 07:13:52,069 [grpc-default-executor-7] INFO  server.GrpcServerProtocolService (GrpcServerProtocolService.java:onCompleted(113)) - f7ab671b-901b-4a48-a9a9-f6c73ab18394: Completed APPEND_ENTRIES, lastRequest: null
2019-10-18 07:13:52,070 [grpc-default-executor-7] INFO  server.GrpcLogAppender (GrpcLogAppender.java:onCompleted(308)) - 48796f01-a45e-4e78-98f3-7a8f6b07cc28@group-CF800B99A85B->d2e56473-8267-4871-9849-be2e71e1a2dc-AppendLogResponseHandler: follower responses appendEntries COMPLETED
2019-10-18 07:13:52,070 [grpc-default-executor-3] INFO  server.GrpcLogAppender (GrpcLogAppender.java:onCompleted(308)) - 48796f01-a45e-4e78-98f3-7a8f6b07cc28@group-CF800B99A85B->f7ab671b-901b-4a48-a9a9-f6c73ab18394-AppendLogResponseHandler: follower responses appendEntries COMPLETED
2019-10-18 07:13:52,072 [grpc-default-executor-7] INFO  impl.FollowerInfo (FollowerInfo.java:lambda$new$0(51)) - 48796f01-a45e-4e78-98f3-7a8f6b07cc28@group-CF800B99A85B->d2e56473-8267-4871-9849-be2e71e1a2dc: nextIndex: updateUnconditionally 0 -> 0
2019-10-18 07:13:52,073 [grpc-default-executor-3] INFO  impl.FollowerInfo (FollowerInfo.java:lambda$new$0(51)) - 48796f01-a45e-4e78-98f3-7a8f6b07cc28@group-CF800B99A85B->f7ab671b-901b-4a48-a9a9-f6c73ab18394: nextIndex: updateUnconditionally 0 -> 0
2019-10-18 07:13:52,075 [grpc-default-executor-5] INFO  impl.RaftServerImpl (ServerState.java:setRaftConf(357)) - 24274e9f-e41f-4654-9afc-a783ca44e44b@group-A59DFA2DE4A4: set configuration 0: [24274e9f-e41f-4654-9afc-a783ca44e44b:192.168.69.67:35902, 988115cd-21c9-4558-b198-f2cedd98ccf3:192.168.69.67:44208, c52c3de9-0ed1-4f2b-ba1d-f317ceeb0ceb:192.168.69.67:37615], old=null at 0
2019-10-18 07:13:52,076 [grpc-default-executor-5] INFO  segmented.SegmentedRaftLogWorker (SegmentedRaftLogWorker.java:startLogSegment(385)) - 24274e9f-e41f-4654-9afc-a783ca44e44b@group-A59DFA2DE4A4-SegmentedRaftLogWorker: Starting segment from index:0
2019-10-18 07:13:52,118 [48796f01-a45e-4e78-98f3-7a8f6b07cc28@group-CF800B99A85B-SegmentedRaftLogWorker] INFO  segmented.SegmentedRaftLogWorker (SegmentedRaftLogWorker.java:execute(576)) - 48796f01-a45e-4e78-98f3-7a8f6b07cc28@group-CF800B99A85B-SegmentedRaftLogWorker: created new log segment /workdir/hadoop-ozone/integration-test/target/test-dir/MiniOzoneClusterImpl-f68115de-5278-4c94-9b3d-9176cb3c0071/datanode-3/data/ratis/ebb4ded9-ec7e-40ed-9042-cf800b99a85b/current/log_inprogress_0
2019-10-18 07:13:52,118 [grpc-default-executor-2] INFO  impl.RaftServerImpl (RaftServerImpl.java:setRole(184)) - 48796f01-a45e-4e78-98f3-7a8f6b07cc28@group-CF800B99A85B: changes role from  FOLLOWER to FOLLOWER at term 5 for recognizeCandidate:d2e56473-8267-4871-9849-be2e71e1a2dc
2019-10-18 07:13:52,118 [grpc-default-executor-2] INFO  impl.RoleInfo (RoleInfo.java:shutdownFollowerState(121)) - 48796f01-a45e-4e78-98f3-7a8f6b07cc28: shutdown FollowerState
2019-10-18 07:13:52,120 [Thread-375] INFO  impl.FollowerState (FollowerState.java:run(117)) - 48796f01-a45e-4e78-98f3-7a8f6b07cc28@group-CF800B99A85B-FollowerState was interrupted: java.lang.InterruptedException: sleep interrupted
2019-10-18 07:13:52,121 [grpc-default-executor-2] INFO  impl.RoleInfo (RoleInfo.java:updateAndGet(143)) - 48796f01-a45e-4e78-98f3-7a8f6b07cc28: start FollowerState
2019-10-18 07:13:52,122 [d2e56473-8267-4871-9849-be2e71e1a2dc@group-CF800B99A85B-LeaderElection17] INFO  impl.LeaderElection (LeaderElection.java:logAndReturn(56)) - d2e56473-8267-4871-9849-be2e71e1a2dc@group-CF800B99A85B-LeaderElection17: Election REJECTED; received 2 response(s) [d2e56473-8267-4871-9849-be2e71e1a2dc<-48796f01-a45e-4e78-98f3-7a8f6b07cc28#0:FAIL-t5, d2e56473-8267-4871-9849-be2e71e1a2dc<-f7ab671b-901b-4a48-a9a9-f6c73ab18394#0:FAIL-t5] and 0 exception(s); d2e56473-8267-4871-9849-be2e71e1a2dc@group-CF800B99A85B:t5, leader=null, voted=d2e56473-8267-4871-9849-be2e71e1a2dc, raftlog=d2e56473-8267-4871-9849-be2e71e1a2dc@group-CF800B99A85B-SegmentedRaftLog:OPENED:c-1,f-1,i0, conf=-1: [48796f01-a45e-4e78-98f3-7a8f6b07cc28:192.168.69.67:44206, d2e56473-8267-4871-9849-be2e71e1a2dc:192.168.69.67:35020, f7ab671b-901b-4a48-a9a9-f6c73ab18394:192.168.69.67:41075], old=null
2019-10-18 07:13:52,122 [f7ab671b-901b-4a48-a9a9-f6c73ab18394@group-CF800B99A85B-LeaderElection18] INFO  impl.LeaderElection (LeaderElection.java:logAndReturn(56)) - f7ab671b-901b-4a48-a9a9-f6c73ab18394@group-CF800B99A85B-LeaderElection18: Election REJECTED; received 2 response(s) [f7ab671b-901b-4a48-a9a9-f6c73ab18394<-48796f01-a45e-4e78-98f3-7a8f6b07cc28#0:FAIL-t5, f7ab671b-901b-4a48-a9a9-f6c73ab18394<-d2e56473-8267-4871-9849-be2e71e1a2dc#0:FAIL-t5] and 0 exception(s); f7ab671b-901b-4a48-a9a9-f6c73ab18394@group-CF800B99A85B:t5, leader=null, voted=f7ab671b-901b-4a48-a9a9-f6c73ab18394, raftlog=f7ab671b-901b-4a48-a9a9-f6c73ab18394@group-CF800B99A85B-SegmentedRaftLog:OPENED:c-1,f-1,i0, conf=-1: [48796f01-a45e-4e78-98f3-7a8f6b07cc28:192.168.69.67:44206, d2e56473-8267-4871-9849-be2e71e1a2dc:192.168.69.67:35020, f7ab671b-901b-4a48-a9a9-f6c73ab18394:192.168.69.67:41075], old=null
2019-10-18 07:13:52,123 [d2e56473-8267-4871-9849-be2e71e1a2dc@group-CF800B99A85B-LeaderElection17] INFO  impl.RaftServerImpl (RaftServerImpl.java:setRole(184)) - d2e56473-8267-4871-9849-be2e71e1a2dc@group-CF800B99A85B: changes role from CANDIDATE to FOLLOWER at term 5 for DISCOVERED_A_NEW_TERM
2019-10-18 07:13:52,124 [d2e56473-8267-4871-9849-be2e71e1a2dc@group-CF800B99A85B-LeaderElection17] INFO  impl.RoleInfo (RoleInfo.java:shutdownLeaderElection(134)) - d2e56473-8267-4871-9849-be2e71e1a2dc: shutdown LeaderElection
2019-10-18 07:13:52,124 [f7ab671b-901b-4a48-a9a9-f6c73ab18394@group-CF800B99A85B-LeaderElection18] INFO  impl.RaftServerImpl (RaftServerImpl.java:setRole(184)) - f7ab671b-901b-4a48-a9a9-f6c73ab18394@group-CF800B99A85B: changes role from CANDIDATE to FOLLOWER at term 5 for DISCOVERED_A_NEW_TERM
2019-10-18 07:13:52,125 [d2e56473-8267-4871-9849-be2e71e1a2dc@group-CF800B99A85B-LeaderElection17] INFO  impl.RoleInfo (RoleInfo.java:updateAndGet(143)) - d2e56473-8267-4871-9849-be2e71e1a2dc: start FollowerState
2019-10-18 07:13:52,125 [f7ab671b-901b-4a48-a9a9-f6c73ab18394@group-CF800B99A85B-LeaderElection18] INFO  impl.RoleInfo (RoleInfo.java:shutdownLeaderElection(134)) - f7ab671b-901b-4a48-a9a9-f6c73ab18394: shutdown LeaderElection
2019-10-18 07:13:52,126 [f7ab671b-901b-4a48-a9a9-f6c73ab18394@group-CF800B99A85B-LeaderElection18] INFO  impl.RoleInfo (RoleInfo.java:updateAndGet(143)) - f7ab671b-901b-4a48-a9a9-f6c73ab18394: start FollowerState
2019-10-18 07:13:52,130 [grpc-default-executor-2] INFO  impl.RaftServerProxy (RaftServerProxy.java:remove(95)) - 24274e9f-e41f-4654-9afc-a783ca44e44b: remove  FOLLOWER 24274e9f-e41f-4654-9afc-a783ca44e44b@group-A59DFA2DE4A4:t6, leader=c52c3de9-0ed1-4f2b-ba1d-f317ceeb0ceb, voted=c52c3de9-0ed1-4f2b-ba1d-f317ceeb0ceb, raftlog=24274e9f-e41f-4654-9afc-a783ca44e44b@group-A59DFA2DE4A4-SegmentedRaftLog:OPENED:c-1,f-1,i0, conf=0: [24274e9f-e41f-4654-9afc-a783ca44e44b:192.168.69.67:35902, 988115cd-21c9-4558-b198-f2cedd98ccf3:192.168.69.67:44208, c52c3de9-0ed1-4f2b-ba1d-f317ceeb0ceb:192.168.69.67:37615], old=null RUNNING
2019-10-18 07:13:52,130 [grpc-default-executor-2] INFO  impl.RaftServerImpl (RaftServerImpl.java:lambda$shutdown$3(261)) - 24274e9f-e41f-4654-9afc-a783ca44e44b@group-A59DFA2DE4A4: shutdown
2019-10-18 07:13:52,130 [grpc-default-executor-2] INFO  util.JmxRegister (JmxRegister.java:unregister(73)) - Successfully un-registered JMX Bean with object name Ratis:service=RaftServer,group=group-A59DFA2DE4A4,id=24274e9f-e41f-4654-9afc-a783ca44e44b
2019-10-18 07:13:52,131 [grpc-default-executor-2] INFO  impl.RoleInfo (RoleInfo.java:shutdownFollowerState(121)) - 24274e9f-e41f-4654-9afc-a783ca44e44b: shutdown FollowerState
2019-10-18 07:13:52,131 [grpc-default-executor-2] INFO  impl.StateMachineUpdater (StateMachineUpdater.java:stopAndJoin(136)) - 24274e9f-e41f-4654-9afc-a783ca44e44b@group-A59DFA2DE4A4-StateMachineUpdater: set stopIndex = -1
2019-10-18 07:13:52,132 [Thread-353] INFO  impl.FollowerState (FollowerState.java:run(117)) - 24274e9f-e41f-4654-9afc-a783ca44e44b@group-A59DFA2DE4A4-FollowerState was interrupted: java.lang.InterruptedException: sleep interrupted
2019-10-18 07:13:52,133 [grpc-default-executor-2] INFO  impl.RaftServerImpl (ServerState.java:close(388)) - 24274e9f-e41f-4654-9afc-a783ca44e44b@group-A59DFA2DE4A4: closes. applyIndex: -1
2019-10-18 07:13:52,153 [24274e9f-e41f-4654-9afc-a783ca44e44b@group-A59DFA2DE4A4-SegmentedRaftLogWorker] WARN  segmented.SegmentedRaftLogOutputStream (SegmentedRaftLogOutputStream.java:<init>(77)) - Hit IOException while creating log segment /workdir/hadoop-ozone/integration-test/target/test-dir/MiniOzoneClusterImpl-f68115de-5278-4c94-9b3d-9176cb3c0071/datanode-2/data/ratis/6f305285-d959-4bc2-97f6-a59dfa2de4a4/current/log_inprogress_0, delete the partial file.
2019-10-18 07:13:52,153 [grpc-default-executor-2] INFO  segmented.SegmentedRaftLogWorker (SegmentedRaftLogWorker.java:close(224)) - 24274e9f-e41f-4654-9afc-a783ca44e44b@group-A59DFA2DE4A4-SegmentedRaftLogWorker close()
2019-10-18 07:13:52,164 [grpc-default-executor-2] INFO  impl.RaftServerProxy (RaftServerProxy.java:remove(95)) - c52c3de9-0ed1-4f2b-ba1d-f317ceeb0ceb: remove    LEADER c52c3de9-0ed1-4f2b-ba1d-f317ceeb0ceb@group-A59DFA2DE4A4:t6, leader=c52c3de9-0ed1-4f2b-ba1d-f317ceeb0ceb, voted=c52c3de9-0ed1-4f2b-ba1d-f317ceeb0ceb, raftlog=c52c3de9-0ed1-4f2b-ba1d-f317ceeb0ceb@group-A59DFA2DE4A4-SegmentedRaftLog:OPENED:c0,f0,i0, conf=0: [24274e9f-e41f-4654-9afc-a783ca44e44b:192.168.69.67:35902, 988115cd-21c9-4558-b198-f2cedd98ccf3:192.168.69.67:44208, c52c3de9-0ed1-4f2b-ba1d-f317ceeb0ceb:192.168.69.67:37615], old=null RUNNING
2019-10-18 07:13:52,164 [grpc-default-executor-2] INFO  impl.RaftServerImpl (RaftServerImpl.java:lambda$shutdown$3(261)) - c52c3de9-0ed1-4f2b-ba1d-f317ceeb0ceb@group-A59DFA2DE4A4: shutdown
2019-10-18 07:13:52,164 [grpc-default-executor-2] INFO  util.JmxRegister (JmxRegister.java:unregister(73)) - Successfully un-registered JMX Bean with object name Ratis:service=RaftServer,group=group-A59DFA2DE4A4,id=c52c3de9-0ed1-4f2b-ba1d-f317ceeb0ceb
2019-10-18 07:13:52,164 [grpc-default-executor-2] INFO  impl.RoleInfo (RoleInfo.java:shutdownLeaderState(104)) - c52c3de9-0ed1-4f2b-ba1d-f317ceeb0ceb: shutdown LeaderState
2019-10-18 07:13:52,166 [org.apache.ratis.server.impl.LogAppender$AppenderDaemon$$Lambda$435/1417897345@47eca6a6] WARN  server.GrpcLogAppender (GrpcLogAppender.java:mayWait(149)) - c52c3de9-0ed1-4f2b-ba1d-f317ceeb0ceb@group-A59DFA2DE4A4->24274e9f-e41f-4654-9afc-a783ca44e44b-GrpcLogAppender: Wait interrupted by java.lang.InterruptedException
2019-10-18 07:13:52,167 [grpc-default-executor-2] INFO  impl.PendingRequests (PendingRequests.java:sendNotLeaderResponses(202)) - c52c3de9-0ed1-4f2b-ba1d-f317ceeb0ceb@group-A59DFA2DE4A4-PendingRequests: sendNotLeaderResponses
2019-10-18 07:13:52,167 [org.apache.ratis.server.impl.LogAppender$AppenderDaemon$$Lambda$435/1417897345@8babc65] WARN  server.GrpcLogAppender (GrpcLogAppender.java:mayWait(149)) - c52c3de9-0ed1-4f2b-ba1d-f317ceeb0ceb@group-A59DFA2DE4A4->988115cd-21c9-4558-b198-f2cedd98ccf3-GrpcLogAppender: Wait interrupted by java.lang.InterruptedException
2019-10-18 07:13:52,168 [grpc-default-executor-2] INFO  impl.StateMachineUpdater (StateMachineUpdater.java:stopAndJoin(136)) - c52c3de9-0ed1-4f2b-ba1d-f317ceeb0ceb@group-A59DFA2DE4A4-StateMachineUpdater: set stopIndex = 0
2019-10-18 07:13:52,168 [grpc-default-executor-2] INFO  impl.RaftServerImpl (ServerState.java:close(388)) - c52c3de9-0ed1-4f2b-ba1d-f317ceeb0ceb@group-A59DFA2DE4A4: closes. applyIndex: 0
2019-10-18 07:13:52,168 [c52c3de9-0ed1-4f2b-ba1d-f317ceeb0ceb@group-A59DFA2DE4A4-SegmentedRaftLogWorker] INFO  segmented.SegmentedRaftLogWorker (SegmentedRaftLogWorker.java:run(316)) - c52c3de9-0ed1-4f2b-ba1d-f317ceeb0ceb@group-A59DFA2DE4A4-SegmentedRaftLogWorker was interrupted, exiting. There are 0 tasks remaining in the queue.
2019-10-18 07:13:52,170 [grpc-default-executor-2] INFO  segmented.SegmentedRaftLogWorker (SegmentedRaftLogWorker.java:close(224)) - c52c3de9-0ed1-4f2b-ba1d-f317ceeb0ceb@group-A59DFA2DE4A4-SegmentedRaftLogWorker close()
2019-10-18 07:13:52,170 [grpc-default-executor-1] INFO  server.GrpcServerProtocolService (GrpcServerProtocolService.java:onCompleted(113)) - 988115cd-21c9-4558-b198-f2cedd98ccf3: Completed APPEND_ENTRIES, lastRequest: c52c3de9-0ed1-4f2b-ba1d-f317ceeb0ceb->988115cd-21c9-4558-b198-f2cedd98ccf3#1-t6, previous=(t:0, i:0), leaderCommit=0, initializing? false, entries: size=1, first=(t:6, i:0), CONFIGURATIONENTRY
2019-10-18 07:13:52,170 [grpc-default-executor-0] INFO  server.GrpcServerProtocolService (GrpcServerProtocolService.java:onCompleted(113)) - 24274e9f-e41f-4654-9afc-a783ca44e44b: Completed APPEND_ENTRIES, lastRequest: c52c3de9-0ed1-4f2b-ba1d-f317ceeb0ceb->24274e9f-e41f-4654-9afc-a783ca44e44b#1-t6, previous=(t:0, i:0), leaderCommit=0, initializing? false, entries: size=1, first=(t:6, i:0), CONFIGURATIONENTRY
2019-10-18 07:13:52,173 [grpc-default-executor-1] INFO  server.GrpcLogAppender (GrpcLogAppender.java:onCompleted(308)) - c52c3de9-0ed1-4f2b-ba1d-f317ceeb0ceb@group-A59DFA2DE4A4->24274e9f-e41f-4654-9afc-a783ca44e44b-AppendLogResponseHandler: follower responses appendEntries COMPLETED
2019-10-18 07:13:52,175 [grpc-default-executor-0] INFO  server.GrpcLogAppender (GrpcLogAppender.java:onCompleted(308)) - c52c3de9-0ed1-4f2b-ba1d-f317ceeb0ceb@group-A59DFA2DE4A4->988115cd-21c9-4558-b198-f2cedd98ccf3-AppendLogResponseHandler: follower responses appendEntries COMPLETED
2019-10-18 07:13:52,175 [grpc-default-executor-1] INFO  impl.FollowerInfo (FollowerInfo.java:lambda$new$0(51)) - c52c3de9-0ed1-4f2b-ba1d-f317ceeb0ceb@group-A59DFA2DE4A4->24274e9f-e41f-4654-9afc-a783ca44e44b: nextIndex: updateUnconditionally 1 -> 0
2019-10-18 07:13:52,178 [grpc-default-executor-0] INFO  impl.FollowerInfo (FollowerInfo.java:lambda$new$0(51)) - c52c3de9-0ed1-4f2b-ba1d-f317ceeb0ceb@group-A59DFA2DE4A4->988115cd-21c9-4558-b198-f2cedd98ccf3: nextIndex: updateUnconditionally 1 -> 0
2019-10-18 07:13:52,179 [Thread-238] INFO  pipeline.PipelineStateManager (PipelineStateManager.java:removePipeline(106)) - Pipeline Pipeline[ Id: 6f305285-d959-4bc2-97f6-a59dfa2de4a4, Nodes: 988115cd-21c9-4558-b198-f2cedd98ccf3{ip: 192.168.69.67, host: pr-hdds-1868-wx8dl-4219780377, networkLocation: /default-rack, certSerialId: null}24274e9f-e41f-4654-9afc-a783ca44e44b{ip: 192.168.69.67, host: pr-hdds-1868-wx8dl-4219780377, networkLocation: /default-rack, certSerialId: null}c52c3de9-0ed1-4f2b-ba1d-f317ceeb0ceb{ip: 192.168.69.67, host: pr-hdds-1868-wx8dl-4219780377, networkLocation: /default-rack, certSerialId: null}, Type:RATIS, Factor:THREE, State:CLOSED] removed from db
2019-10-18 07:13:52,179 [Thread-238] INFO  pipeline.SCMPipelineManager (SCMPipelineManager.java:finalizeAndDestroyPipeline(315)) - destroying pipeline:Pipeline[ Id: ebb4ded9-ec7e-40ed-9042-cf800b99a85b, Nodes: f7ab671b-901b-4a48-a9a9-f6c73ab18394{ip: 192.168.69.67, host: pr-hdds-1868-wx8dl-4219780377, networkLocation: /default-rack, certSerialId: null}d2e56473-8267-4871-9849-be2e71e1a2dc{ip: 192.168.69.67, host: pr-hdds-1868-wx8dl-4219780377, networkLocation: /default-rack, certSerialId: null}48796f01-a45e-4e78-98f3-7a8f6b07cc28{ip: 192.168.69.67, host: pr-hdds-1868-wx8dl-4219780377, networkLocation: /default-rack, certSerialId: null}, Type:RATIS, Factor:THREE, State:ALLOCATED]
2019-10-18 07:13:52,188 [grpc-default-executor-1] INFO  impl.RaftServerProxy (RaftServerProxy.java:addNew(89)) - 988115cd-21c9-4558-b198-f2cedd98ccf3: addNew group-20BE3FF63202:[24274e9f-e41f-4654-9afc-a783ca44e44b:192.168.69.67:35902, 988115cd-21c9-4558-b198-f2cedd98ccf3:192.168.69.67:44208, c52c3de9-0ed1-4f2b-ba1d-f317ceeb0ceb:192.168.69.67:37615] returns group-20BE3FF63202:java.util.concurrent.CompletableFuture@6b8b6852[Not completed]
2019-10-18 07:13:52,188 [grpc-default-executor-0] INFO  impl.RaftServerProxy (RaftServerProxy.java:addNew(89)) - c52c3de9-0ed1-4f2b-ba1d-f317ceeb0ceb: addNew group-20BE3FF63202:[24274e9f-e41f-4654-9afc-a783ca44e44b:192.168.69.67:35902, 988115cd-21c9-4558-b198-f2cedd98ccf3:192.168.69.67:44208, c52c3de9-0ed1-4f2b-ba1d-f317ceeb0ceb:192.168.69.67:37615] returns group-20BE3FF63202:java.util.concurrent.CompletableFuture@19ad0fe5[Not completed]
2019-10-18 07:13:52,188 [grpc-default-executor-2] INFO  impl.RaftServerProxy (RaftServerProxy.java:addNew(89)) - 24274e9f-e41f-4654-9afc-a783ca44e44b: addNew group-20BE3FF63202:[24274e9f-e41f-4654-9afc-a783ca44e44b:192.168.69.67:35902, 988115cd-21c9-4558-b198-f2cedd98ccf3:192.168.69.67:44208, c52c3de9-0ed1-4f2b-ba1d-f317ceeb0ceb:192.168.69.67:37615] returns group-20BE3FF63202:java.util.concurrent.CompletableFuture@5708b9e0[Not completed]
2019-10-18 07:13:52,192 [pool-27-thread-1] INFO  impl.RaftServerImpl (RaftServerImpl.java:<init>(104)) - 988115cd-21c9-4558-b198-f2cedd98ccf3: new RaftServerImpl for group-20BE3FF63202:[24274e9f-e41f-4654-9afc-a783ca44e44b:192.168.69.67:35902, 988115cd-21c9-4558-b198-f2cedd98ccf3:192.168.69.67:44208, c52c3de9-0ed1-4f2b-ba1d-f317ceeb0ceb:192.168.69.67:37615] with ContainerStateMachine:uninitialized
2019-10-18 07:13:52,192 [pool-27-thread-1] INFO  server.RaftServerConfigKeys (ConfUtils.java:logGet(43)) - raft.server.rpc.timeout.min = 5s (custom)
2019-10-18 07:13:52,192 [pool-27-thread-1] INFO  server.RaftServerConfigKeys (ConfUtils.java:logGet(43)) - raft.server.rpc.timeout.max = 5200ms (custom)
2019-10-18 07:13:52,192 [pool-27-thread-1] INFO  server.RaftServerConfigKeys (ConfUtils.java:logGet(43)) - raft.server.rpcslowness.timeout = 120s (custom)
2019-10-18 07:13:52,192 [pool-27-thread-1] INFO  server.RaftServerConfigKeys (ConfUtils.java:logGet(43)) - raft.server.sleep.deviation.threshold = 300 (default)
2019-10-18 07:13:52,193 [pool-27-thread-1] INFO  server.RaftServerConfigKeys (ConfUtils.java:logGet(43)) - raft.server.log.appender.install.snapshot.enabled = false (custom)
2019-10-18 07:13:52,193 [pool-27-thread-1] INFO  impl.RaftServerImpl (ServerState.java:<init>(103)) - 988115cd-21c9-4558-b198-f2cedd98ccf3@group-20BE3FF63202: ConfigurationManager, init=-1: [24274e9f-e41f-4654-9afc-a783ca44e44b:192.168.69.67:35902, 988115cd-21c9-4558-b198-f2cedd98ccf3:192.168.69.67:44208, c52c3de9-0ed1-4f2b-ba1d-f317ceeb0ceb:192.168.69.67:37615], old=null, confs=<EMPTY_MAP>
2019-10-18 07:13:52,193 [pool-27-thread-1] INFO  server.RaftServerConfigKeys (ConfUtils.java:logGet(43)) - raft.server.storage.dir = [/workdir/hadoop-ozone/integration-test/target/test-dir/MiniOzoneClusterImpl-f68115de-5278-4c94-9b3d-9176cb3c0071/datanode-0/data/ratis] (custom)
2019-10-18 07:13:52,193 [pool-87-thread-1] INFO  impl.RaftServerImpl (RaftServerImpl.java:<init>(104)) - c52c3de9-0ed1-4f2b-ba1d-f317ceeb0ceb: new RaftServerImpl for group-20BE3FF63202:[24274e9f-e41f-4654-9afc-a783ca44e44b:192.168.69.67:35902, 988115cd-21c9-4558-b198-f2cedd98ccf3:192.168.69.67:44208, c52c3de9-0ed1-4f2b-ba1d-f317ceeb0ceb:192.168.69.67:37615] with ContainerStateMachine:uninitialized
2019-10-18 07:13:52,193 [pool-27-thread-1] INFO  server.RaftServerConfigKeys (ConfUtils.java:logGet(43)) - raft.server.log.corruption.policy = EXCEPTION (default)
2019-10-18 07:13:52,193 [pool-87-thread-1] INFO  server.RaftServerConfigKeys (ConfUtils.java:logGet(43)) - raft.server.rpc.timeout.min = 5s (custom)
2019-10-18 07:13:52,193 [pool-27-thread-1] INFO  storage.RaftStorageDirectory (RaftStorageDirectory.java:analyzeStorage(246)) - The storage directory /workdir/hadoop-ozone/integration-test/target/test-dir/MiniOzoneClusterImpl-f68115de-5278-4c94-9b3d-9176cb3c0071/datanode-0/data/ratis/ec1fcde6-a599-4756-a64d-20be3ff63202 does not exist. Creating ...
2019-10-18 07:13:52,193 [pool-87-thread-1] INFO  server.RaftServerConfigKeys (ConfUtils.java:logGet(43)) - raft.server.rpc.timeout.max = 5200ms (custom)
2019-10-18 07:13:52,193 [pool-87-thread-1] INFO  server.RaftServerConfigKeys (ConfUtils.java:logGet(43)) - raft.server.rpcslowness.timeout = 120s (custom)
2019-10-18 07:13:52,194 [pool-47-thread-1] INFO  impl.RaftServerImpl (RaftServerImpl.java:<init>(104)) - 24274e9f-e41f-4654-9afc-a783ca44e44b: new RaftServerImpl for group-20BE3FF63202:[24274e9f-e41f-4654-9afc-a783ca44e44b:192.168.69.67:35902, 988115cd-21c9-4558-b198-f2cedd98ccf3:192.168.69.67:44208, c52c3de9-0ed1-4f2b-ba1d-f317ceeb0ceb:192.168.69.67:37615] with ContainerStateMachine:uninitialized
2019-10-18 07:13:52,194 [pool-87-thread-1] INFO  server.RaftServerConfigKeys (ConfUtils.java:logGet(43)) - raft.server.sleep.deviation.threshold = 300 (default)
2019-10-18 07:13:52,194 [pool-47-thread-1] INFO  server.RaftServerConfigKeys (ConfUtils.java:logGet(43)) - raft.server.rpc.timeout.min = 5s (custom)
2019-10-18 07:13:52,194 [pool-87-thread-1] INFO  server.RaftServerConfigKeys (ConfUtils.java:logGet(43)) - raft.server.log.appender.install.snapshot.enabled = false (custom)
2019-10-18 07:13:52,194 [pool-47-thread-1] INFO  server.RaftServerConfigKeys (ConfUtils.java:logGet(43)) - raft.server.rpc.timeout.max = 5200ms (custom)
2019-10-18 07:13:52,194 [pool-87-thread-1] INFO  impl.RaftServerImpl (ServerState.java:<init>(103)) - c52c3de9-0ed1-4f2b-ba1d-f317ceeb0ceb@group-20BE3FF63202: ConfigurationManager, init=-1: [24274e9f-e41f-4654-9afc-a783ca44e44b:192.168.69.67:35902, 988115cd-21c9-4558-b198-f2cedd98ccf3:192.168.69.67:44208, c52c3de9-0ed1-4f2b-ba1d-f317ceeb0ceb:192.168.69.67:37615], old=null, confs=<EMPTY_MAP>
2019-10-18 07:13:52,194 [pool-47-thread-1] INFO  server.RaftServerConfigKeys (ConfUtils.java:logGet(43)) - raft.server.rpcslowness.timeout = 120s (custom)
2019-10-18 07:13:52,194 [pool-47-thread-1] INFO  server.RaftServerConfigKeys (ConfUtils.java:logGet(43)) - raft.server.sleep.deviation.threshold = 300 (default)
2019-10-18 07:13:52,195 [pool-87-thread-1] INFO  server.RaftServerConfigKeys (ConfUtils.java:logGet(43)) - raft.server.storage.dir = [/workdir/hadoop-ozone/integration-test/target/test-dir/MiniOzoneClusterImpl-f68115de-5278-4c94-9b3d-9176cb3c0071/datanode-6/data/ratis] (custom)
2019-10-18 07:13:52,195 [pool-47-thread-1] INFO  server.RaftServerConfigKeys (ConfUtils.java:logGet(43)) - raft.server.log.appender.install.snapshot.enabled = false (custom)
2019-10-18 07:13:52,195 [pool-47-thread-1] INFO  impl.RaftServerImpl (ServerState.java:<init>(103)) - 24274e9f-e41f-4654-9afc-a783ca44e44b@group-20BE3FF63202: ConfigurationManager, init=-1: [24274e9f-e41f-4654-9afc-a783ca44e44b:192.168.69.67:35902, 988115cd-21c9-4558-b198-f2cedd98ccf3:192.168.69.67:44208, c52c3de9-0ed1-4f2b-ba1d-f317ceeb0ceb:192.168.69.67:37615], old=null, confs=<EMPTY_MAP>
2019-10-18 07:13:52,195 [pool-87-thread-1] INFO  server.RaftServerConfigKeys (ConfUtils.java:logGet(43)) - raft.server.log.corruption.policy = EXCEPTION (default)
2019-10-18 07:13:52,195 [pool-47-thread-1] INFO  server.RaftServerConfigKeys (ConfUtils.java:logGet(43)) - raft.server.storage.dir = [/workdir/hadoop-ozone/integration-test/target/test-dir/MiniOzoneClusterImpl-f68115de-5278-4c94-9b3d-9176cb3c0071/datanode-2/data/ratis] (custom)
2019-10-18 07:13:52,195 [pool-87-thread-1] INFO  storage.RaftStorageDirectory (RaftStorageDirectory.java:analyzeStorage(246)) - The storage directory /workdir/hadoop-ozone/integration-test/target/test-dir/MiniOzoneClusterImpl-f68115de-5278-4c94-9b3d-9176cb3c0071/datanode-6/data/ratis/ec1fcde6-a599-4756-a64d-20be3ff63202 does not exist. Creating ...
2019-10-18 07:13:52,195 [pool-47-thread-1] INFO  server.RaftServerConfigKeys (ConfUtils.java:logGet(43)) - raft.server.log.corruption.policy = EXCEPTION (default)
2019-10-18 07:13:52,195 [pool-47-thread-1] INFO  storage.RaftStorageDirectory (RaftStorageDirectory.java:analyzeStorage(246)) - The storage directory /workdir/hadoop-ozone/integration-test/target/test-dir/MiniOzoneClusterImpl-f68115de-5278-4c94-9b3d-9176cb3c0071/datanode-2/data/ratis/ec1fcde6-a599-4756-a64d-20be3ff63202 does not exist. Creating ...
2019-10-18 07:13:52,218 [pool-27-thread-1] INFO  storage.RaftStorageDirectory (RaftStorageDirectory.java:tryLock(328)) - Lock on /workdir/hadoop-ozone/integration-test/target/test-dir/MiniOzoneClusterImpl-f68115de-5278-4c94-9b3d-9176cb3c0071/datanode-0/data/ratis/ec1fcde6-a599-4756-a64d-20be3ff63202/in_use.lock acquired by nodename 28720@pr-hdds-1868-wx8dl-4219780377
2019-10-18 07:13:52,218 [pool-87-thread-1] INFO  storage.RaftStorageDirectory (RaftStorageDirectory.java:tryLock(328)) - Lock on /workdir/hadoop-ozone/integration-test/target/test-dir/MiniOzoneClusterImpl-f68115de-5278-4c94-9b3d-9176cb3c0071/datanode-6/data/ratis/ec1fcde6-a599-4756-a64d-20be3ff63202/in_use.lock acquired by nodename 28720@pr-hdds-1868-wx8dl-4219780377
2019-10-18 07:13:52,218 [pool-47-thread-1] INFO  storage.RaftStorageDirectory (RaftStorageDirectory.java:tryLock(328)) - Lock on /workdir/hadoop-ozone/integration-test/target/test-dir/MiniOzoneClusterImpl-f68115de-5278-4c94-9b3d-9176cb3c0071/datanode-2/data/ratis/ec1fcde6-a599-4756-a64d-20be3ff63202/in_use.lock acquired by nodename 28720@pr-hdds-1868-wx8dl-4219780377
2019-10-18 07:13:52,253 [pool-27-thread-1] INFO  storage.RaftStorage (RaftStorage.java:format(84)) - Storage directory /workdir/hadoop-ozone/integration-test/target/test-dir/MiniOzoneClusterImpl-f68115de-5278-4c94-9b3d-9176cb3c0071/datanode-0/data/ratis/ec1fcde6-a599-4756-a64d-20be3ff63202 has been successfully formatted.
2019-10-18 07:13:52,253 [pool-47-thread-1] INFO  storage.RaftStorage (RaftStorage.java:format(84)) - Storage directory /workdir/hadoop-ozone/integration-test/target/test-dir/MiniOzoneClusterImpl-f68115de-5278-4c94-9b3d-9176cb3c0071/datanode-2/data/ratis/ec1fcde6-a599-4756-a64d-20be3ff63202 has been successfully formatted.
2019-10-18 07:13:52,253 [pool-87-thread-1] INFO  storage.RaftStorage (RaftStorage.java:format(84)) - Storage directory /workdir/hadoop-ozone/integration-test/target/test-dir/MiniOzoneClusterImpl-f68115de-5278-4c94-9b3d-9176cb3c0071/datanode-6/data/ratis/ec1fcde6-a599-4756-a64d-20be3ff63202 has been successfully formatted.
2019-10-18 07:13:52,254 [pool-27-thread-1] INFO  ratis.ContainerStateMachine (ContainerStateMachine.java:loadSnapshot(233)) - group-20BE3FF63202: The snapshot info is null. Setting the last applied indexto:(t:0, i:~)
2019-10-18 07:13:52,254 [pool-47-thread-1] INFO  ratis.ContainerStateMachine (ContainerStateMachine.java:loadSnapshot(233)) - group-20BE3FF63202: The snapshot info is null. Setting the last applied indexto:(t:0, i:~)
2019-10-18 07:13:52,254 [pool-27-thread-1] INFO  server.RaftServerConfigKeys (ConfUtils.java:logGet(43)) - raft.server.notification.no-leader.timeout = 120s (custom)
2019-10-18 07:13:52,254 [pool-87-thread-1] INFO  ratis.ContainerStateMachine (ContainerStateMachine.java:loadSnapshot(233)) - group-20BE3FF63202: The snapshot info is null. Setting the last applied indexto:(t:0, i:~)
2019-10-18 07:13:52,254 [pool-27-thread-1] INFO  server.RaftServerConfigKeys (ConfUtils.java:logGet(43)) - raft.server.log.use.memory = false (default)
2019-10-18 07:13:52,254 [pool-47-thread-1] INFO  server.RaftServerConfigKeys (ConfUtils.java:logGet(43)) - raft.server.notification.no-leader.timeout = 120s (custom)
2019-10-18 07:13:52,254 [pool-27-thread-1] INFO  server.RaftServerConfigKeys (ConfUtils.java:logGet(43)) - raft.server.log.purge.gap = 1000000 (custom)
2019-10-18 07:13:52,254 [pool-87-thread-1] INFO  server.RaftServerConfigKeys (ConfUtils.java:logGet(43)) - raft.server.notification.no-leader.timeout = 120s (custom)
2019-10-18 07:13:52,255 [pool-27-thread-1] INFO  server.RaftServerConfigKeys (ConfUtils.java:logGet(43)) - raft.server.log.appender.buffer.byte-limit = 33554432 (custom)
2019-10-18 07:13:52,255 [pool-47-thread-1] INFO  server.RaftServerConfigKeys (ConfUtils.java:logGet(43)) - raft.server.log.use.memory = false (default)
2019-10-18 07:13:52,255 [pool-27-thread-1] INFO  server.RaftServerConfigKeys (ConfUtils.java:logGet(43)) - raft.server.log.segment.size.max = 1048576 (custom)
2019-10-18 07:13:52,255 [pool-47-thread-1] INFO  server.RaftServerConfigKeys (ConfUtils.java:logGet(43)) - raft.server.log.purge.gap = 1000000 (custom)
2019-10-18 07:13:52,255 [pool-87-thread-1] INFO  server.RaftServerConfigKeys (ConfUtils.java:logGet(43)) - raft.server.log.use.memory = false (default)
2019-10-18 07:13:52,255 [pool-47-thread-1] INFO  server.RaftServerConfigKeys (ConfUtils.java:logGet(43)) - raft.server.log.appender.buffer.byte-limit = 33554432 (custom)
2019-10-18 07:13:52,255 [pool-27-thread-1] INFO  server.RaftServerConfigKeys (ConfUtils.java:logGet(43)) - raft.server.log.segment.cache.num.max = 2 (custom)
2019-10-18 07:13:52,255 [pool-47-thread-1] INFO  server.RaftServerConfigKeys (ConfUtils.java:logGet(43)) - raft.server.log.segment.size.max = 1048576 (custom)
2019-10-18 07:13:52,255 [pool-87-thread-1] INFO  server.RaftServerConfigKeys (ConfUtils.java:logGet(43)) - raft.server.log.purge.gap = 1000000 (custom)
2019-10-18 07:13:52,256 [pool-47-thread-1] INFO  server.RaftServerConfigKeys (ConfUtils.java:logGet(43)) - raft.server.log.segment.cache.num.max = 2 (custom)
2019-10-18 07:13:52,255 [pool-27-thread-1] INFO  segmented.SegmentedRaftLogWorker (SegmentedRaftLogWorker.java:<init>(173)) - new 988115cd-21c9-4558-b198-f2cedd98ccf3@group-20BE3FF63202-SegmentedRaftLogWorker for RaftStorage:Storage Directory /workdir/hadoop-ozone/integration-test/target/test-dir/MiniOzoneClusterImpl-f68115de-5278-4c94-9b3d-9176cb3c0071/datanode-0/data/ratis/ec1fcde6-a599-4756-a64d-20be3ff63202
2019-10-18 07:13:52,256 [pool-47-thread-1] INFO  segmented.SegmentedRaftLogWorker (SegmentedRaftLogWorker.java:<init>(173)) - new 24274e9f-e41f-4654-9afc-a783ca44e44b@group-20BE3FF63202-SegmentedRaftLogWorker for RaftStorage:Storage Directory /workdir/hadoop-ozone/integration-test/target/test-dir/MiniOzoneClusterImpl-f68115de-5278-4c94-9b3d-9176cb3c0071/datanode-2/data/ratis/ec1fcde6-a599-4756-a64d-20be3ff63202
2019-10-18 07:13:52,256 [pool-87-thread-1] INFO  server.RaftServerConfigKeys (ConfUtils.java:logGet(43)) - raft.server.log.appender.buffer.byte-limit = 33554432 (custom)
2019-10-18 07:13:52,256 [pool-47-thread-1] INFO  server.RaftServerConfigKeys (ConfUtils.java:logGet(43)) - raft.server.log.queue.byte-limit = 2147483647 (custom)
2019-10-18 07:13:52,256 [pool-27-thread-1] INFO  server.RaftServerConfigKeys (ConfUtils.java:logGet(43)) - raft.server.log.queue.byte-limit = 2147483647 (custom)
2019-10-18 07:13:52,256 [pool-47-thread-1] INFO  server.RaftServerConfigKeys (ConfUtils.java:logGet(43)) - raft.server.log.queue.element-limit = 1024 (custom)
2019-10-18 07:13:52,256 [pool-87-thread-1] INFO  server.RaftServerConfigKeys (ConfUtils.java:logGet(43)) - raft.server.log.segment.size.max = 1048576 (custom)
2019-10-18 07:13:52,257 [pool-47-thread-1] INFO  server.RaftServerConfigKeys (ConfUtils.java:logGet(43)) - raft.server.log.segment.size.max = 1048576 (custom)
2019-10-18 07:13:52,256 [pool-27-thread-1] INFO  server.RaftServerConfigKeys (ConfUtils.java:logGet(43)) - raft.server.log.queue.element-limit = 1024 (custom)
2019-10-18 07:13:52,257 [pool-47-thread-1] INFO  server.RaftServerConfigKeys (ConfUtils.java:logGet(43)) - raft.server.log.preallocated.size = 16384 (custom)
2019-10-18 07:13:52,257 [pool-87-thread-1] INFO  server.RaftServerConfigKeys (ConfUtils.java:logGet(43)) - raft.server.log.segment.cache.num.max = 2 (custom)
2019-10-18 07:13:52,257 [Thread-378] INFO  impl.FollowerState (FollowerState.java:run(108)) - d2e56473-8267-4871-9849-be2e71e1a2dc@group-CF800B99A85B-FollowerState: change to CANDIDATE, lastRpcTime:132ms, electionTimeout:131ms
2019-10-18 07:13:52,257 [pool-47-thread-1] INFO  server.RaftServerConfigKeys (ConfUtils.java:logGet(43)) - raft.server.log.write.buffer.size = 33554432 (custom)
2019-10-18 07:13:52,257 [pool-27-thread-1] INFO  server.RaftServerConfigKeys (ConfUtils.java:logGet(43)) - raft.server.log.segment.size.max = 1048576 (custom)
2019-10-18 07:13:52,257 [pool-47-thread-1] INFO  server.RaftServerConfigKeys (ConfUtils.java:logGet(43)) - raft.server.log.force.sync.num = 128 (default)
2019-10-18 07:13:52,257 [Thread-378] INFO  impl.RoleInfo (RoleInfo.java:shutdownFollowerState(121)) - d2e56473-8267-4871-9849-be2e71e1a2dc: shutdown FollowerState
2019-10-18 07:13:52,257 [pool-87-thread-1] INFO  segmented.SegmentedRaftLogWorker (SegmentedRaftLogWorker.java:<init>(173)) - new c52c3de9-0ed1-4f2b-ba1d-f317ceeb0ceb@group-20BE3FF63202-SegmentedRaftLogWorker for RaftStorage:Storage Directory /workdir/hadoop-ozone/integration-test/target/test-dir/MiniOzoneClusterImpl-f68115de-5278-4c94-9b3d-9176cb3c0071/datanode-6/data/ratis/ec1fcde6-a599-4756-a64d-20be3ff63202
2019-10-18 07:13:52,258 [pool-47-thread-1] INFO  server.RaftServerConfigKeys (ConfUtils.java:logGet(43)) - raft.server.log.statemachine.data.sync = true (default)
2019-10-18 07:13:52,258 [Thread-378] INFO  impl.RaftServerImpl (RaftServerImpl.java:setRole(184)) - d2e56473-8267-4871-9849-be2e71e1a2dc@group-CF800B99A85B: changes role from  FOLLOWER to CANDIDATE at term 5 for changeToCandidate
2019-10-18 07:13:52,257 [pool-27-thread-1] INFO  server.RaftServerConfigKeys (ConfUtils.java:logGet(43)) - raft.server.log.preallocated.size = 16384 (custom)
2019-10-18 07:13:52,258 [pool-47-thread-1] INFO  server.RaftServerConfigKeys (ConfUtils.java:logGet(43)) - raft.server.log.statemachine.data.sync.timeout = 10s (default)
2019-10-18 07:13:52,258 [pool-87-thread-1] INFO  server.RaftServerConfigKeys (ConfUtils.java:logGet(43)) - raft.server.log.queue.byte-limit = 2147483647 (custom)
2019-10-18 07:13:52,258 [pool-47-thread-1] INFO  server.RaftServerConfigKeys (ConfUtils.java:logGet(43)) - raft.server.log.statemachine.data.sync.timeout.retry = -1 (default)
2019-10-18 07:13:52,258 [pool-27-thread-1] INFO  server.RaftServerConfigKeys (ConfUtils.java:logGet(43)) - raft.server.log.write.buffer.size = 33554432 (custom)
2019-10-18 07:13:52,258 [Thread-378] INFO  impl.RoleInfo (RoleInfo.java:updateAndGet(143)) - d2e56473-8267-4871-9849-be2e71e1a2dc: start LeaderElection
2019-10-18 07:13:52,259 [pool-27-thread-1] INFO  server.RaftServerConfigKeys (ConfUtils.java:logGet(43)) - raft.server.log.force.sync.num = 128 (default)
2019-10-18 07:13:52,259 [pool-47-thread-1] INFO  server.RaftServerConfigKeys (ConfUtils.java:logGet(43)) - raft.server.log.statemachine.data.caching.enabled = true (custom)
2019-10-18 07:13:52,258 [pool-87-thread-1] INFO  server.RaftServerConfigKeys (ConfUtils.java:logGet(43)) - raft.server.log.queue.element-limit = 1024 (custom)
2019-10-18 07:13:52,259 [pool-27-thread-1] INFO  server.RaftServerConfigKeys (ConfUtils.java:logGet(43)) - raft.server.log.statemachine.data.sync = true (default)
2019-10-18 07:13:52,261 [pool-87-thread-1] INFO  server.RaftServerConfigKeys (ConfUtils.java:logGet(43)) - raft.server.log.segment.size.max = 1048576 (custom)
2019-10-18 07:13:52,261 [pool-27-thread-1] INFO  server.RaftServerConfigKeys (ConfUtils.java:logGet(43)) - raft.server.log.statemachine.data.sync.timeout = 10s (default)
2019-10-18 07:13:52,261 [pool-47-thread-1] INFO  segmented.SegmentedRaftLogWorker (SegmentedRaftLogWorker.java:lambda$new$0(128)) - 24274e9f-e41f-4654-9afc-a783ca44e44b@group-20BE3FF63202-SegmentedRaftLogWorker: flushIndex: setUnconditionally 0 -> -1
2019-10-18 07:13:52,261 [pool-87-thread-1] INFO  server.RaftServerConfigKeys (ConfUtils.java:logGet(43)) - raft.server.log.preallocated.size = 16384 (custom)
2019-10-18 07:13:52,261 [pool-27-thread-1] INFO  server.RaftServerConfigKeys (ConfUtils.java:logGet(43)) - raft.server.log.statemachine.data.sync.timeout.retry = -1 (default)
2019-10-18 07:13:52,261 [pool-87-thread-1] INFO  server.RaftServerConfigKeys (ConfUtils.java:logGet(43)) - raft.server.log.write.buffer.size = 33554432 (custom)
2019-10-18 07:13:52,262 [pool-27-thread-1] INFO  server.RaftServerConfigKeys (ConfUtils.java:logGet(43)) - raft.server.log.statemachine.data.caching.enabled = true (custom)
2019-10-18 07:13:52,262 [pool-47-thread-1] INFO  server.RaftServerConfigKeys (ConfUtils.java:logGet(43)) - raft.server.snapshot.auto.trigger.enabled = true (custom)
2019-10-18 07:13:52,262 [pool-87-thread-1] INFO  server.RaftServerConfigKeys (ConfUtils.java:logGet(43)) - raft.server.log.force.sync.num = 128 (default)
2019-10-18 07:13:52,262 [pool-27-thread-1] INFO  segmented.SegmentedRaftLogWorker (SegmentedRaftLogWorker.java:lambda$new$0(128)) - 988115cd-21c9-4558-b198-f2cedd98ccf3@group-20BE3FF63202-SegmentedRaftLogWorker: flushIndex: setUnconditionally 0 -> -1
2019-10-18 07:13:52,262 [pool-47-thread-1] INFO  server.RaftServerConfigKeys (ConfUtils.java:logGet(43)) - raft.server.snapshot.auto.trigger.threshold = 10000 (custom)
2019-10-18 07:13:52,262 [pool-27-thread-1] INFO  server.RaftServerConfigKeys (ConfUtils.java:logGet(43)) - raft.server.snapshot.auto.trigger.enabled = true (custom)
2019-10-18 07:13:52,262 [pool-87-thread-1] INFO  server.RaftServerConfigKeys (ConfUtils.java:logGet(43)) - raft.server.log.statemachine.data.sync = true (default)
2019-10-18 07:13:52,262 [pool-27-thread-1] INFO  server.RaftServerConfigKeys (ConfUtils.java:logGet(43)) - raft.server.snapshot.auto.trigger.threshold = 10000 (custom)
2019-10-18 07:13:52,262 [pool-47-thread-1] INFO  server.RaftServerConfigKeys (ConfUtils.java:logGet(43)) - raft.server.snapshot.retention.file.num = 5 (custom)
2019-10-18 07:13:52,262 [pool-27-thread-1] INFO  server.RaftServerConfigKeys (ConfUtils.java:logGet(43)) - raft.server.snapshot.retention.file.num = 5 (custom)
2019-10-18 07:13:52,262 [pool-87-thread-1] INFO  server.RaftServerConfigKeys (ConfUtils.java:logGet(43)) - raft.server.log.statemachine.data.sync.timeout = 10s (default)
2019-10-18 07:13:52,263 [pool-27-thread-1] INFO  server.RaftServerConfigKeys (ConfUtils.java:logGet(43)) - raft.server.retrycache.expirytime = 600000ms (custom)
2019-10-18 07:13:52,263 [pool-47-thread-1] INFO  server.RaftServerConfigKeys (ConfUtils.java:logGet(43)) - raft.server.retrycache.expirytime = 600000ms (custom)
2019-10-18 07:13:52,263 [pool-87-thread-1] INFO  server.RaftServerConfigKeys (ConfUtils.java:logGet(43)) - raft.server.log.statemachine.data.sync.timeout.retry = -1 (default)
2019-10-18 07:13:52,263 [pool-87-thread-1] INFO  server.RaftServerConfigKeys (ConfUtils.java:logGet(43)) - raft.server.log.statemachine.data.caching.enabled = true (custom)
2019-10-18 07:13:52,263 [pool-87-thread-1] INFO  segmented.SegmentedRaftLogWorker (SegmentedRaftLogWorker.java:lambda$new$0(128)) - c52c3de9-0ed1-4f2b-ba1d-f317ceeb0ceb@group-20BE3FF63202-SegmentedRaftLogWorker: flushIndex: setUnconditionally 0 -> -1
2019-10-18 07:13:52,264 [pool-87-thread-1] INFO  server.RaftServerConfigKeys (ConfUtils.java:logGet(43)) - raft.server.snapshot.auto.trigger.enabled = true (custom)
2019-10-18 07:13:52,264 [pool-87-thread-1] INFO  server.RaftServerConfigKeys (ConfUtils.java:logGet(43)) - raft.server.snapshot.auto.trigger.threshold = 10000 (custom)
2019-10-18 07:13:52,264 [pool-87-thread-1] INFO  server.RaftServerConfigKeys (ConfUtils.java:logGet(43)) - raft.server.snapshot.retention.file.num = 5 (custom)
2019-10-18 07:13:52,264 [pool-87-thread-1] INFO  server.RaftServerConfigKeys (ConfUtils.java:logGet(43)) - raft.server.retrycache.expirytime = 600000ms (custom)
2019-10-18 07:13:52,266 [pool-27-thread-1] INFO  impl.RaftServerImpl (RaftServerImpl.java:start(195)) - 988115cd-21c9-4558-b198-f2cedd98ccf3@group-20BE3FF63202: start as a follower, conf=-1: [24274e9f-e41f-4654-9afc-a783ca44e44b:192.168.69.67:35902, 988115cd-21c9-4558-b198-f2cedd98ccf3:192.168.69.67:44208, c52c3de9-0ed1-4f2b-ba1d-f317ceeb0ceb:192.168.69.67:37615], old=null
2019-10-18 07:13:52,266 [pool-27-thread-1] INFO  impl.RaftServerImpl (RaftServerImpl.java:setRole(184)) - 988115cd-21c9-4558-b198-f2cedd98ccf3@group-20BE3FF63202: changes role from      null to FOLLOWER at term 0 for startAsFollower
2019-10-18 07:13:52,266 [pool-27-thread-1] INFO  impl.RoleInfo (RoleInfo.java:updateAndGet(143)) - 988115cd-21c9-4558-b198-f2cedd98ccf3: start FollowerState
2019-10-18 07:13:52,267 [pool-47-thread-1] INFO  impl.RaftServerImpl (RaftServerImpl.java:start(195)) - 24274e9f-e41f-4654-9afc-a783ca44e44b@group-20BE3FF63202: start as a follower, conf=-1: [24274e9f-e41f-4654-9afc-a783ca44e44b:192.168.69.67:35902, 988115cd-21c9-4558-b198-f2cedd98ccf3:192.168.69.67:44208, c52c3de9-0ed1-4f2b-ba1d-f317ceeb0ceb:192.168.69.67:37615], old=null
2019-10-18 07:13:52,267 [pool-27-thread-1] INFO  util.JmxRegister (JmxRegister.java:tryRegister(44)) - Successfully registered JMX Bean with object name Ratis:service=RaftServer,group=group-20BE3FF63202,id=988115cd-21c9-4558-b198-f2cedd98ccf3
2019-10-18 07:13:52,267 [pool-47-thread-1] INFO  impl.RaftServerImpl (RaftServerImpl.java:setRole(184)) - 24274e9f-e41f-4654-9afc-a783ca44e44b@group-20BE3FF63202: changes role from      null to FOLLOWER at term 0 for startAsFollower
2019-10-18 07:13:52,267 [pool-87-thread-1] INFO  impl.RaftServerImpl (RaftServerImpl.java:start(195)) - c52c3de9-0ed1-4f2b-ba1d-f317ceeb0ceb@group-20BE3FF63202: start as a follower, conf=-1: [24274e9f-e41f-4654-9afc-a783ca44e44b:192.168.69.67:35902, 988115cd-21c9-4558-b198-f2cedd98ccf3:192.168.69.67:44208, c52c3de9-0ed1-4f2b-ba1d-f317ceeb0ceb:192.168.69.67:37615], old=null
2019-10-18 07:13:52,267 [pool-47-thread-1] INFO  impl.RoleInfo (RoleInfo.java:updateAndGet(143)) - 24274e9f-e41f-4654-9afc-a783ca44e44b: start FollowerState
2019-10-18 07:13:52,267 [pool-87-thread-1] INFO  impl.RaftServerImpl (RaftServerImpl.java:setRole(184)) - c52c3de9-0ed1-4f2b-ba1d-f317ceeb0ceb@group-20BE3FF63202: changes role from      null to FOLLOWER at term 0 for startAsFollower
2019-10-18 07:13:52,267 [pool-87-thread-1] INFO  impl.RoleInfo (RoleInfo.java:updateAndGet(143)) - c52c3de9-0ed1-4f2b-ba1d-f317ceeb0ceb: start FollowerState
2019-10-18 07:13:52,267 [pool-47-thread-1] INFO  util.JmxRegister (JmxRegister.java:tryRegister(44)) - Successfully registered JMX Bean with object name Ratis:service=RaftServer,group=group-20BE3FF63202,id=24274e9f-e41f-4654-9afc-a783ca44e44b
2019-10-18 07:13:52,268 [pool-87-thread-1] INFO  util.JmxRegister (JmxRegister.java:tryRegister(44)) - Successfully registered JMX Bean with object name Ratis:service=RaftServer,group=group-20BE3FF63202,id=c52c3de9-0ed1-4f2b-ba1d-f317ceeb0ceb
2019-10-18 07:13:52,279 [RatisPipelineUtilsThread] INFO  pipeline.PipelineStateManager (PipelineStateManager.java:addPipeline(55)) - Created pipeline Pipeline[ Id: ec1fcde6-a599-4756-a64d-20be3ff63202, Nodes: 988115cd-21c9-4558-b198-f2cedd98ccf3{ip: 192.168.69.67, host: pr-hdds-1868-wx8dl-4219780377, networkLocation: /default-rack, certSerialId: null}24274e9f-e41f-4654-9afc-a783ca44e44b{ip: 192.168.69.67, host: pr-hdds-1868-wx8dl-4219780377, networkLocation: /default-rack, certSerialId: null}c52c3de9-0ed1-4f2b-ba1d-f317ceeb0ceb{ip: 192.168.69.67, host: pr-hdds-1868-wx8dl-4219780377, networkLocation: /default-rack, certSerialId: null}, Type:RATIS, Factor:THREE, State:ALLOCATED]
2019-10-18 07:13:52,280 [Thread-238] INFO  pipeline.PipelineStateManager (PipelineStateManager.java:finalizePipeline(121)) - Pipeline Pipeline[ Id: ebb4ded9-ec7e-40ed-9042-cf800b99a85b, Nodes: f7ab671b-901b-4a48-a9a9-f6c73ab18394{ip: 192.168.69.67, host: pr-hdds-1868-wx8dl-4219780377, networkLocation: /default-rack, certSerialId: null}d2e56473-8267-4871-9849-be2e71e1a2dc{ip: 192.168.69.67, host: pr-hdds-1868-wx8dl-4219780377, networkLocation: /default-rack, certSerialId: null}48796f01-a45e-4e78-98f3-7a8f6b07cc28{ip: 192.168.69.67, host: pr-hdds-1868-wx8dl-4219780377, networkLocation: /default-rack, certSerialId: null}, Type:RATIS, Factor:THREE, State:CLOSED] moved to CLOSED state
2019-10-18 07:13:52,286 [grpc-default-executor-2] INFO  impl.RaftServerProxy (RaftServerProxy.java:remove(95)) - f7ab671b-901b-4a48-a9a9-f6c73ab18394: remove  FOLLOWER f7ab671b-901b-4a48-a9a9-f6c73ab18394@group-CF800B99A85B:t5, leader=null, voted=f7ab671b-901b-4a48-a9a9-f6c73ab18394, raftlog=f7ab671b-901b-4a48-a9a9-f6c73ab18394@group-CF800B99A85B-SegmentedRaftLog:OPENED:c-1,f-1,i0, conf=-1: [48796f01-a45e-4e78-98f3-7a8f6b07cc28:192.168.69.67:44206, d2e56473-8267-4871-9849-be2e71e1a2dc:192.168.69.67:35020, f7ab671b-901b-4a48-a9a9-f6c73ab18394:192.168.69.67:41075], old=null RUNNING
2019-10-18 07:13:52,287 [grpc-default-executor-2] INFO  impl.RaftServerImpl (RaftServerImpl.java:lambda$shutdown$3(261)) - f7ab671b-901b-4a48-a9a9-f6c73ab18394@group-CF800B99A85B: shutdown
2019-10-18 07:13:52,287 [grpc-default-executor-2] INFO  util.JmxRegister (JmxRegister.java:unregister(73)) - Successfully un-registered JMX Bean with object name Ratis:service=RaftServer,group=group-CF800B99A85B,id=f7ab671b-901b-4a48-a9a9-f6c73ab18394
2019-10-18 07:13:52,287 [grpc-default-executor-2] INFO  impl.RoleInfo (RoleInfo.java:shutdownFollowerState(121)) - f7ab671b-901b-4a48-a9a9-f6c73ab18394: shutdown FollowerState
2019-10-18 07:13:52,287 [grpc-default-executor-2] INFO  impl.StateMachineUpdater (StateMachineUpdater.java:stopAndJoin(136)) - f7ab671b-901b-4a48-a9a9-f6c73ab18394@group-CF800B99A85B-StateMachineUpdater: set stopIndex = -1
2019-10-18 07:13:52,287 [Thread-379] INFO  impl.FollowerState (FollowerState.java:run(117)) - f7ab671b-901b-4a48-a9a9-f6c73ab18394@group-CF800B99A85B-FollowerState was interrupted: java.lang.InterruptedException: sleep interrupted
2019-10-18 07:13:52,289 [grpc-default-executor-2] INFO  impl.RaftServerImpl (ServerState.java:close(388)) - f7ab671b-901b-4a48-a9a9-f6c73ab18394@group-CF800B99A85B: closes. applyIndex: -1
2019-10-18 07:13:52,290 [f7ab671b-901b-4a48-a9a9-f6c73ab18394@group-CF800B99A85B-SegmentedRaftLogWorker] INFO  segmented.SegmentedRaftLogWorker (SegmentedRaftLogWorker.java:run(316)) - f7ab671b-901b-4a48-a9a9-f6c73ab18394@group-CF800B99A85B-SegmentedRaftLogWorker was interrupted, exiting. There are 0 tasks remaining in the queue.
2019-10-18 07:13:52,290 [grpc-default-executor-2] INFO  segmented.SegmentedRaftLogWorker (SegmentedRaftLogWorker.java:close(224)) - f7ab671b-901b-4a48-a9a9-f6c73ab18394@group-CF800B99A85B-SegmentedRaftLogWorker close()
2019-10-18 07:13:52,293 [d2e56473-8267-4871-9849-be2e71e1a2dc@group-CF800B99A85B-LeaderElection19] INFO  impl.LeaderElection (LeaderElection.java:askForVotes(178)) - d2e56473-8267-4871-9849-be2e71e1a2dc@group-CF800B99A85B-LeaderElection19: begin an election at term 6 for -1: [48796f01-a45e-4e78-98f3-7a8f6b07cc28:192.168.69.67:44206, d2e56473-8267-4871-9849-be2e71e1a2dc:192.168.69.67:35020, f7ab671b-901b-4a48-a9a9-f6c73ab18394:192.168.69.67:41075], old=null
2019-10-18 07:13:52,298 [grpc-default-executor-0] INFO  impl.RaftServerImpl (RaftServerImpl.java:setRole(184)) - 48796f01-a45e-4e78-98f3-7a8f6b07cc28@group-CF800B99A85B: changes role from  FOLLOWER to FOLLOWER at term 6 for recognizeCandidate:d2e56473-8267-4871-9849-be2e71e1a2dc
2019-10-18 07:13:52,298 [grpc-default-executor-0] INFO  impl.RoleInfo (RoleInfo.java:shutdownFollowerState(121)) - 48796f01-a45e-4e78-98f3-7a8f6b07cc28: shutdown FollowerState
2019-10-18 07:13:52,298 [Thread-377] INFO  impl.FollowerState (FollowerState.java:run(117)) - 48796f01-a45e-4e78-98f3-7a8f6b07cc28@group-CF800B99A85B-FollowerState was interrupted: java.lang.InterruptedException: sleep interrupted
2019-10-18 07:13:52,298 [grpc-default-executor-0] INFO  impl.RoleInfo (RoleInfo.java:updateAndGet(143)) - 48796f01-a45e-4e78-98f3-7a8f6b07cc28: start FollowerState
2019-10-18 07:13:52,300 [grpc-default-executor-2] WARN  server.GrpcServerProtocolService (LogUtils.java:warn(136)) - f7ab671b-901b-4a48-a9a9-f6c73ab18394: Failed requestVote d2e56473-8267-4871-9849-be2e71e1a2dc->f7ab671b-901b-4a48-a9a9-f6c73ab18394#0
org.apache.ratis.protocol.GroupMismatchException: f7ab671b-901b-4a48-a9a9-f6c73ab18394: group-CF800B99A85B not found.
	at org.apache.ratis.server.impl.RaftServerProxy$ImplMap.get(RaftServerProxy.java:122)
	at org.apache.ratis.server.impl.RaftServerProxy.getImplFuture(RaftServerProxy.java:269)
	at org.apache.ratis.server.impl.RaftServerProxy.getImpl(RaftServerProxy.java:278)
	at org.apache.ratis.server.impl.RaftServerProxy.getImpl(RaftServerProxy.java:273)
	at org.apache.ratis.server.impl.RaftServerProxy.requestVote(RaftServerProxy.java:443)
	at org.apache.ratis.grpc.server.GrpcServerProtocolService.requestVote(GrpcServerProtocolService.java:142)
	at org.apache.ratis.proto.grpc.RaftServerProtocolServiceGrpc$MethodHandlers.invoke(RaftServerProtocolServiceGrpc.java:319)
	at org.apache.ratis.thirdparty.io.grpc.stub.ServerCalls$UnaryServerCallHandler$UnaryServerCallListener.onHalfClose(ServerCalls.java:171)
	at org.apache.ratis.thirdparty.io.grpc.internal.ServerCallImpl$ServerStreamListenerImpl.halfClosed(ServerCallImpl.java:283)
	at org.apache.ratis.thirdparty.io.grpc.internal.ServerImpl$JumpToApplicationThreadServerStreamListener$1HalfClosed.runInContext(ServerImpl.java:710)
	at org.apache.ratis.thirdparty.io.grpc.internal.ContextRunnable.run(ContextRunnable.java:37)
	at org.apache.ratis.thirdparty.io.grpc.internal.SerializingExecutor.run(SerializingExecutor.java:123)
	at java.util.concurrent.ThreadPoolExecutor.runWorker(ThreadPoolExecutor.java:1149)
	at java.util.concurrent.ThreadPoolExecutor$Worker.run(ThreadPoolExecutor.java:624)
	at java.lang.Thread.run(Thread.java:748)
2019-10-18 07:13:52,302 [grpc-default-executor-1] INFO  impl.RaftServerProxy (RaftServerProxy.java:remove(95)) - d2e56473-8267-4871-9849-be2e71e1a2dc: remove CANDIDATE d2e56473-8267-4871-9849-be2e71e1a2dc@group-CF800B99A85B:t6, leader=null, voted=d2e56473-8267-4871-9849-be2e71e1a2dc, raftlog=d2e56473-8267-4871-9849-be2e71e1a2dc@group-CF800B99A85B-SegmentedRaftLog:OPENED:c-1,f-1,i0, conf=-1: [48796f01-a45e-4e78-98f3-7a8f6b07cc28:192.168.69.67:44206, d2e56473-8267-4871-9849-be2e71e1a2dc:192.168.69.67:35020, f7ab671b-901b-4a48-a9a9-f6c73ab18394:192.168.69.67:41075], old=null RUNNING
2019-10-18 07:13:52,303 [grpc-default-executor-1] INFO  impl.RaftServerImpl (RaftServerImpl.java:lambda$shutdown$3(261)) - d2e56473-8267-4871-9849-be2e71e1a2dc@group-CF800B99A85B: shutdown
2019-10-18 07:13:52,303 [grpc-default-executor-1] INFO  util.JmxRegister (JmxRegister.java:unregister(73)) - Successfully un-registered JMX Bean with object name Ratis:service=RaftServer,group=group-CF800B99A85B,id=d2e56473-8267-4871-9849-be2e71e1a2dc
2019-10-18 07:13:52,303 [grpc-default-executor-1] INFO  impl.RoleInfo (RoleInfo.java:shutdownLeaderElection(134)) - d2e56473-8267-4871-9849-be2e71e1a2dc: shutdown LeaderElection
2019-10-18 07:13:52,303 [grpc-default-executor-1] INFO  impl.StateMachineUpdater (StateMachineUpdater.java:stopAndJoin(136)) - d2e56473-8267-4871-9849-be2e71e1a2dc@group-CF800B99A85B-StateMachineUpdater: set stopIndex = -1
2019-10-18 07:13:52,303 [grpc-default-executor-1] INFO  impl.RaftServerImpl (ServerState.java:close(388)) - d2e56473-8267-4871-9849-be2e71e1a2dc@group-CF800B99A85B: closes. applyIndex: -1
2019-10-18 07:13:52,304 [d2e56473-8267-4871-9849-be2e71e1a2dc@group-CF800B99A85B-SegmentedRaftLogWorker] INFO  segmented.SegmentedRaftLogWorker (SegmentedRaftLogWorker.java:run(316)) - d2e56473-8267-4871-9849-be2e71e1a2dc@group-CF800B99A85B-SegmentedRaftLogWorker was interrupted, exiting. There are 0 tasks remaining in the queue.
2019-10-18 07:13:52,305 [grpc-default-executor-1] INFO  segmented.SegmentedRaftLogWorker (SegmentedRaftLogWorker.java:close(224)) - d2e56473-8267-4871-9849-be2e71e1a2dc@group-CF800B99A85B-SegmentedRaftLogWorker close()
2019-10-18 07:13:52,318 [grpc-default-executor-1] INFO  impl.RaftServerProxy (RaftServerProxy.java:remove(95)) - 48796f01-a45e-4e78-98f3-7a8f6b07cc28: remove  FOLLOWER 48796f01-a45e-4e78-98f3-7a8f6b07cc28@group-CF800B99A85B:t6, leader=null, voted=null, raftlog=48796f01-a45e-4e78-98f3-7a8f6b07cc28@group-CF800B99A85B-SegmentedRaftLog:OPENED:c-1,f0,i0, conf=0: [48796f01-a45e-4e78-98f3-7a8f6b07cc28:192.168.69.67:44206, d2e56473-8267-4871-9849-be2e71e1a2dc:192.168.69.67:35020, f7ab671b-901b-4a48-a9a9-f6c73ab18394:192.168.69.67:41075], old=null RUNNING
2019-10-18 07:13:52,318 [grpc-default-executor-1] INFO  impl.RaftServerImpl (RaftServerImpl.java:lambda$shutdown$3(261)) - 48796f01-a45e-4e78-98f3-7a8f6b07cc28@group-CF800B99A85B: shutdown
2019-10-18 07:13:52,319 [grpc-default-executor-1] INFO  util.JmxRegister (JmxRegister.java:unregister(73)) - Successfully un-registered JMX Bean with object name Ratis:service=RaftServer,group=group-CF800B99A85B,id=48796f01-a45e-4e78-98f3-7a8f6b07cc28
2019-10-18 07:13:52,319 [grpc-default-executor-1] INFO  impl.RoleInfo (RoleInfo.java:shutdownFollowerState(121)) - 48796f01-a45e-4e78-98f3-7a8f6b07cc28: shutdown FollowerState
2019-10-18 07:13:52,319 [grpc-default-executor-1] INFO  impl.StateMachineUpdater (StateMachineUpdater.java:stopAndJoin(136)) - 48796f01-a45e-4e78-98f3-7a8f6b07cc28@group-CF800B99A85B-StateMachineUpdater: set stopIndex = -1
2019-10-18 07:13:52,319 [Thread-395] INFO  impl.FollowerState (FollowerState.java:run(117)) - 48796f01-a45e-4e78-98f3-7a8f6b07cc28@group-CF800B99A85B-FollowerState was interrupted: java.lang.InterruptedException: sleep interrupted
2019-10-18 07:13:52,320 [grpc-default-executor-1] INFO  impl.RaftServerImpl (ServerState.java:close(388)) - 48796f01-a45e-4e78-98f3-7a8f6b07cc28@group-CF800B99A85B: closes. applyIndex: -1
2019-10-18 07:13:52,322 [48796f01-a45e-4e78-98f3-7a8f6b07cc28@group-CF800B99A85B-SegmentedRaftLogWorker] INFO  segmented.SegmentedRaftLogWorker (SegmentedRaftLogWorker.java:run(316)) - 48796f01-a45e-4e78-98f3-7a8f6b07cc28@group-CF800B99A85B-SegmentedRaftLogWorker was interrupted, exiting. There are 0 tasks remaining in the queue.
2019-10-18 07:13:52,329 [grpc-default-executor-1] INFO  segmented.SegmentedRaftLogWorker (SegmentedRaftLogWorker.java:close(224)) - 48796f01-a45e-4e78-98f3-7a8f6b07cc28@group-CF800B99A85B-SegmentedRaftLogWorker close()
2019-10-18 07:13:52,331 [d2e56473-8267-4871-9849-be2e71e1a2dc@group-CF800B99A85B-LeaderElection19] INFO  impl.LeaderElection (LeaderElection.java:logAndReturn(56)) - d2e56473-8267-4871-9849-be2e71e1a2dc@group-CF800B99A85B-LeaderElection19: Election REJECTED; received 0 response(s) [] and 0 exception(s); d2e56473-8267-4871-9849-be2e71e1a2dc@group-CF800B99A85B:t6, leader=null, voted=d2e56473-8267-4871-9849-be2e71e1a2dc, raftlog=d2e56473-8267-4871-9849-be2e71e1a2dc@group-CF800B99A85B-SegmentedRaftLog:CLOSED:c-1, conf=-1: [48796f01-a45e-4e78-98f3-7a8f6b07cc28:192.168.69.67:44206, d2e56473-8267-4871-9849-be2e71e1a2dc:192.168.69.67:35020, f7ab671b-901b-4a48-a9a9-f6c73ab18394:192.168.69.67:41075], old=null
2019-10-18 07:13:52,335 [Thread-386] INFO  impl.FollowerState (FollowerState.java:run(108)) - 988115cd-21c9-4558-b198-f2cedd98ccf3@group-20BE3FF63202-FollowerState: change to CANDIDATE, lastRpcTime:68ms, electionTimeout:68ms
2019-10-18 07:13:52,336 [Thread-386] INFO  impl.RoleInfo (RoleInfo.java:shutdownFollowerState(121)) - 988115cd-21c9-4558-b198-f2cedd98ccf3: shutdown FollowerState
2019-10-18 07:13:52,336 [Thread-386] INFO  impl.RaftServerImpl (RaftServerImpl.java:setRole(184)) - 988115cd-21c9-4558-b198-f2cedd98ccf3@group-20BE3FF63202: changes role from  FOLLOWER to CANDIDATE at term 0 for changeToCandidate
2019-10-18 07:13:52,336 [Thread-386] INFO  impl.RoleInfo (RoleInfo.java:updateAndGet(143)) - 988115cd-21c9-4558-b198-f2cedd98ccf3: start LeaderElection
2019-10-18 07:13:52,340 [Thread-238] INFO  pipeline.PipelineStateManager (PipelineStateManager.java:removePipeline(106)) - Pipeline Pipeline[ Id: ebb4ded9-ec7e-40ed-9042-cf800b99a85b, Nodes: f7ab671b-901b-4a48-a9a9-f6c73ab18394{ip: 192.168.69.67, host: pr-hdds-1868-wx8dl-4219780377, networkLocation: /default-rack, certSerialId: null}d2e56473-8267-4871-9849-be2e71e1a2dc{ip: 192.168.69.67, host: pr-hdds-1868-wx8dl-4219780377, networkLocation: /default-rack, certSerialId: null}48796f01-a45e-4e78-98f3-7a8f6b07cc28{ip: 192.168.69.67, host: pr-hdds-1868-wx8dl-4219780377, networkLocation: /default-rack, certSerialId: null}, Type:RATIS, Factor:THREE, State:CLOSED] removed from db
2019-10-18 07:13:52,354 [grpc-default-executor-1] INFO  impl.RaftServerProxy (RaftServerProxy.java:addNew(89)) - 48796f01-a45e-4e78-98f3-7a8f6b07cc28: addNew group-AFD3E3A39739:[48796f01-a45e-4e78-98f3-7a8f6b07cc28:192.168.69.67:44206, d2e56473-8267-4871-9849-be2e71e1a2dc:192.168.69.67:35020, f7ab671b-901b-4a48-a9a9-f6c73ab18394:192.168.69.67:41075] returns group-AFD3E3A39739:java.util.concurrent.CompletableFuture@22941440[Not completed]
2019-10-18 07:13:52,354 [grpc-default-executor-0] INFO  impl.RaftServerProxy (RaftServerProxy.java:addNew(89)) - d2e56473-8267-4871-9849-be2e71e1a2dc: addNew group-AFD3E3A39739:[48796f01-a45e-4e78-98f3-7a8f6b07cc28:192.168.69.67:44206, d2e56473-8267-4871-9849-be2e71e1a2dc:192.168.69.67:35020, f7ab671b-901b-4a48-a9a9-f6c73ab18394:192.168.69.67:41075] returns group-AFD3E3A39739:java.util.concurrent.CompletableFuture@6b686edb[Not completed]
2019-10-18 07:13:52,355 [grpc-default-executor-1] INFO  impl.RaftServerProxy (RaftServerProxy.java:addNew(89)) - f7ab671b-901b-4a48-a9a9-f6c73ab18394: addNew group-AFD3E3A39739:[48796f01-a45e-4e78-98f3-7a8f6b07cc28:192.168.69.67:44206, d2e56473-8267-4871-9849-be2e71e1a2dc:192.168.69.67:35020, f7ab671b-901b-4a48-a9a9-f6c73ab18394:192.168.69.67:41075] returns group-AFD3E3A39739:java.util.concurrent.CompletableFuture@6051b4cb[Not completed]
2019-10-18 07:13:52,356 [pool-37-thread-1] INFO  impl.RaftServerImpl (RaftServerImpl.java:<init>(104)) - d2e56473-8267-4871-9849-be2e71e1a2dc: new RaftServerImpl for group-AFD3E3A39739:[48796f01-a45e-4e78-98f3-7a8f6b07cc28:192.168.69.67:44206, d2e56473-8267-4871-9849-be2e71e1a2dc:192.168.69.67:35020, f7ab671b-901b-4a48-a9a9-f6c73ab18394:192.168.69.67:41075] with ContainerStateMachine:uninitialized
2019-10-18 07:13:52,356 [pool-37-thread-1] INFO  server.RaftServerConfigKeys (ConfUtils.java:logGet(43)) - raft.server.rpc.timeout.min = 5s (custom)
2019-10-18 07:13:52,356 [pool-37-thread-1] INFO  server.RaftServerConfigKeys (ConfUtils.java:logGet(43)) - raft.server.rpc.timeout.max = 5200ms (custom)
2019-10-18 07:13:52,356 [pool-37-thread-1] INFO  server.RaftServerConfigKeys (ConfUtils.java:logGet(43)) - raft.server.rpcslowness.timeout = 120s (custom)
2019-10-18 07:13:52,356 [pool-37-thread-1] INFO  server.RaftServerConfigKeys (ConfUtils.java:logGet(43)) - raft.server.sleep.deviation.threshold = 300 (default)
2019-10-18 07:13:52,357 [pool-77-thread-1] INFO  impl.RaftServerImpl (RaftServerImpl.java:<init>(104)) - f7ab671b-901b-4a48-a9a9-f6c73ab18394: new RaftServerImpl for group-AFD3E3A39739:[48796f01-a45e-4e78-98f3-7a8f6b07cc28:192.168.69.67:44206, d2e56473-8267-4871-9849-be2e71e1a2dc:192.168.69.67:35020, f7ab671b-901b-4a48-a9a9-f6c73ab18394:192.168.69.67:41075] with ContainerStateMachine:uninitialized
2019-10-18 07:13:52,357 [pool-37-thread-1] INFO  server.RaftServerConfigKeys (ConfUtils.java:logGet(43)) - raft.server.log.appender.install.snapshot.enabled = false (custom)
2019-10-18 07:13:52,357 [pool-77-thread-1] INFO  server.RaftServerConfigKeys (ConfUtils.java:logGet(43)) - raft.server.rpc.timeout.min = 5s (custom)
2019-10-18 07:13:52,357 [pool-37-thread-1] INFO  impl.RaftServerImpl (ServerState.java:<init>(103)) - d2e56473-8267-4871-9849-be2e71e1a2dc@group-AFD3E3A39739: ConfigurationManager, init=-1: [48796f01-a45e-4e78-98f3-7a8f6b07cc28:192.168.69.67:44206, d2e56473-8267-4871-9849-be2e71e1a2dc:192.168.69.67:35020, f7ab671b-901b-4a48-a9a9-f6c73ab18394:192.168.69.67:41075], old=null, confs=<EMPTY_MAP>
2019-10-18 07:13:52,357 [pool-77-thread-1] INFO  server.RaftServerConfigKeys (ConfUtils.java:logGet(43)) - raft.server.rpc.timeout.max = 5200ms (custom)
2019-10-18 07:13:52,357 [pool-37-thread-1] INFO  server.RaftServerConfigKeys (ConfUtils.java:logGet(43)) - raft.server.storage.dir = [/workdir/hadoop-ozone/integration-test/target/test-dir/MiniOzoneClusterImpl-f68115de-5278-4c94-9b3d-9176cb3c0071/datanode-1/data/ratis] (custom)
2019-10-18 07:13:52,357 [pool-77-thread-1] INFO  server.RaftServerConfigKeys (ConfUtils.java:logGet(43)) - raft.server.rpcslowness.timeout = 120s (custom)
2019-10-18 07:13:52,357 [pool-77-thread-1] INFO  server.RaftServerConfigKeys (ConfUtils.java:logGet(43)) - raft.server.sleep.deviation.threshold = 300 (default)
2019-10-18 07:13:52,357 [pool-77-thread-1] INFO  server.RaftServerConfigKeys (ConfUtils.java:logGet(43)) - raft.server.log.appender.install.snapshot.enabled = false (custom)
2019-10-18 07:13:52,357 [pool-77-thread-1] INFO  impl.RaftServerImpl (ServerState.java:<init>(103)) - f7ab671b-901b-4a48-a9a9-f6c73ab18394@group-AFD3E3A39739: ConfigurationManager, init=-1: [48796f01-a45e-4e78-98f3-7a8f6b07cc28:192.168.69.67:44206, d2e56473-8267-4871-9849-be2e71e1a2dc:192.168.69.67:35020, f7ab671b-901b-4a48-a9a9-f6c73ab18394:192.168.69.67:41075], old=null, confs=<EMPTY_MAP>
2019-10-18 07:13:52,357 [pool-77-thread-1] INFO  server.RaftServerConfigKeys (ConfUtils.java:logGet(43)) - raft.server.storage.dir = [/workdir/hadoop-ozone/integration-test/target/test-dir/MiniOzoneClusterImpl-f68115de-5278-4c94-9b3d-9176cb3c0071/datanode-5/data/ratis] (custom)
2019-10-18 07:13:52,358 [pool-57-thread-1] INFO  impl.RaftServerImpl (RaftServerImpl.java:<init>(104)) - 48796f01-a45e-4e78-98f3-7a8f6b07cc28: new RaftServerImpl for group-AFD3E3A39739:[48796f01-a45e-4e78-98f3-7a8f6b07cc28:192.168.69.67:44206, d2e56473-8267-4871-9849-be2e71e1a2dc:192.168.69.67:35020, f7ab671b-901b-4a48-a9a9-f6c73ab18394:192.168.69.67:41075] with ContainerStateMachine:uninitialized
2019-10-18 07:13:52,358 [pool-77-thread-1] INFO  server.RaftServerConfigKeys (ConfUtils.java:logGet(43)) - raft.server.log.corruption.policy = EXCEPTION (default)
2019-10-18 07:13:52,358 [pool-57-thread-1] INFO  server.RaftServerConfigKeys (ConfUtils.java:logGet(43)) - raft.server.rpc.timeout.min = 5s (custom)
2019-10-18 07:13:52,358 [pool-77-thread-1] INFO  storage.RaftStorageDirectory (RaftStorageDirectory.java:analyzeStorage(246)) - The storage directory /workdir/hadoop-ozone/integration-test/target/test-dir/MiniOzoneClusterImpl-f68115de-5278-4c94-9b3d-9176cb3c0071/datanode-5/data/ratis/1211d451-7dd4-481e-bb6d-afd3e3a39739 does not exist. Creating ...
2019-10-18 07:13:52,358 [pool-57-thread-1] INFO  server.RaftServerConfigKeys (ConfUtils.java:logGet(43)) - raft.server.rpc.timeout.max = 5200ms (custom)
2019-10-18 07:13:52,358 [pool-57-thread-1] INFO  server.RaftServerConfigKeys (ConfUtils.java:logGet(43)) - raft.server.rpcslowness.timeout = 120s (custom)
2019-10-18 07:13:52,358 [pool-57-thread-1] INFO  server.RaftServerConfigKeys (ConfUtils.java:logGet(43)) - raft.server.sleep.deviation.threshold = 300 (default)
2019-10-18 07:13:52,358 [pool-57-thread-1] INFO  server.RaftServerConfigKeys (ConfUtils.java:logGet(43)) - raft.server.log.appender.install.snapshot.enabled = false (custom)
2019-10-18 07:13:52,359 [pool-57-thread-1] INFO  impl.RaftServerImpl (ServerState.java:<init>(103)) - 48796f01-a45e-4e78-98f3-7a8f6b07cc28@group-AFD3E3A39739: ConfigurationManager, init=-1: [48796f01-a45e-4e78-98f3-7a8f6b07cc28:192.168.69.67:44206, d2e56473-8267-4871-9849-be2e71e1a2dc:192.168.69.67:35020, f7ab671b-901b-4a48-a9a9-f6c73ab18394:192.168.69.67:41075], old=null, confs=<EMPTY_MAP>
2019-10-18 07:13:52,359 [pool-57-thread-1] INFO  server.RaftServerConfigKeys (ConfUtils.java:logGet(43)) - raft.server.storage.dir = [/workdir/hadoop-ozone/integration-test/target/test-dir/MiniOzoneClusterImpl-f68115de-5278-4c94-9b3d-9176cb3c0071/datanode-3/data/ratis] (custom)
2019-10-18 07:13:52,360 [pool-37-thread-1] INFO  server.RaftServerConfigKeys (ConfUtils.java:logGet(43)) - raft.server.log.corruption.policy = EXCEPTION (default)
2019-10-18 07:13:52,360 [pool-57-thread-1] INFO  server.RaftServerConfigKeys (ConfUtils.java:logGet(43)) - raft.server.log.corruption.policy = EXCEPTION (default)
2019-10-18 07:13:52,360 [pool-37-thread-1] INFO  storage.RaftStorageDirectory (RaftStorageDirectory.java:analyzeStorage(246)) - The storage directory /workdir/hadoop-ozone/integration-test/target/test-dir/MiniOzoneClusterImpl-f68115de-5278-4c94-9b3d-9176cb3c0071/datanode-1/data/ratis/1211d451-7dd4-481e-bb6d-afd3e3a39739 does not exist. Creating ...
2019-10-18 07:13:52,360 [pool-57-thread-1] INFO  storage.RaftStorageDirectory (RaftStorageDirectory.java:analyzeStorage(246)) - The storage directory /workdir/hadoop-ozone/integration-test/target/test-dir/MiniOzoneClusterImpl-f68115de-5278-4c94-9b3d-9176cb3c0071/datanode-3/data/ratis/1211d451-7dd4-481e-bb6d-afd3e3a39739 does not exist. Creating ...
2019-10-18 07:13:52,361 [988115cd-21c9-4558-b198-f2cedd98ccf3@group-20BE3FF63202-LeaderElection20] INFO  impl.LeaderElection (LeaderElection.java:askForVotes(178)) - 988115cd-21c9-4558-b198-f2cedd98ccf3@group-20BE3FF63202-LeaderElection20: begin an election at term 1 for -1: [24274e9f-e41f-4654-9afc-a783ca44e44b:192.168.69.67:35902, 988115cd-21c9-4558-b198-f2cedd98ccf3:192.168.69.67:44208, c52c3de9-0ed1-4f2b-ba1d-f317ceeb0ceb:192.168.69.67:37615], old=null
2019-10-18 07:13:52,367 [grpc-default-executor-0] INFO  impl.RaftServerImpl (RaftServerImpl.java:setRole(184)) - 24274e9f-e41f-4654-9afc-a783ca44e44b@group-20BE3FF63202: changes role from  FOLLOWER to FOLLOWER at term 1 for recognizeCandidate:988115cd-21c9-4558-b198-f2cedd98ccf3
2019-10-18 07:13:52,368 [grpc-default-executor-1] INFO  impl.RaftServerImpl (RaftServerImpl.java:setRole(184)) - c52c3de9-0ed1-4f2b-ba1d-f317ceeb0ceb@group-20BE3FF63202: changes role from  FOLLOWER to FOLLOWER at term 1 for recognizeCandidate:988115cd-21c9-4558-b198-f2cedd98ccf3
2019-10-18 07:13:52,368 [grpc-default-executor-0] INFO  impl.RoleInfo (RoleInfo.java:shutdownFollowerState(121)) - 24274e9f-e41f-4654-9afc-a783ca44e44b: shutdown FollowerState
2019-10-18 07:13:52,369 [grpc-default-executor-1] INFO  impl.RoleInfo (RoleInfo.java:shutdownFollowerState(121)) - c52c3de9-0ed1-4f2b-ba1d-f317ceeb0ceb: shutdown FollowerState
2019-10-18 07:13:52,369 [grpc-default-executor-0] INFO  impl.RoleInfo (RoleInfo.java:updateAndGet(143)) - 24274e9f-e41f-4654-9afc-a783ca44e44b: start FollowerState
2019-10-18 07:13:52,369 [Thread-388] INFO  impl.FollowerState (FollowerState.java:run(117)) - c52c3de9-0ed1-4f2b-ba1d-f317ceeb0ceb@group-20BE3FF63202-FollowerState was interrupted: java.lang.InterruptedException: sleep interrupted
2019-10-18 07:13:52,369 [Thread-387] INFO  impl.FollowerState (FollowerState.java:run(117)) - 24274e9f-e41f-4654-9afc-a783ca44e44b@group-20BE3FF63202-FollowerState was interrupted: java.lang.InterruptedException: sleep interrupted
2019-10-18 07:13:52,369 [grpc-default-executor-1] INFO  impl.RoleInfo (RoleInfo.java:updateAndGet(143)) - c52c3de9-0ed1-4f2b-ba1d-f317ceeb0ceb: start FollowerState
2019-10-18 07:13:52,376 [pool-57-thread-1] INFO  storage.RaftStorageDirectory (RaftStorageDirectory.java:tryLock(328)) - Lock on /workdir/hadoop-ozone/integration-test/target/test-dir/MiniOzoneClusterImpl-f68115de-5278-4c94-9b3d-9176cb3c0071/datanode-3/data/ratis/1211d451-7dd4-481e-bb6d-afd3e3a39739/in_use.lock acquired by nodename 28720@pr-hdds-1868-wx8dl-4219780377
2019-10-18 07:13:52,376 [pool-77-thread-1] INFO  storage.RaftStorageDirectory (RaftStorageDirectory.java:tryLock(328)) - Lock on /workdir/hadoop-ozone/integration-test/target/test-dir/MiniOzoneClusterImpl-f68115de-5278-4c94-9b3d-9176cb3c0071/datanode-5/data/ratis/1211d451-7dd4-481e-bb6d-afd3e3a39739/in_use.lock acquired by nodename 28720@pr-hdds-1868-wx8dl-4219780377
2019-10-18 07:13:52,376 [pool-37-thread-1] INFO  storage.RaftStorageDirectory (RaftStorageDirectory.java:tryLock(328)) - Lock on /workdir/hadoop-ozone/integration-test/target/test-dir/MiniOzoneClusterImpl-f68115de-5278-4c94-9b3d-9176cb3c0071/datanode-1/data/ratis/1211d451-7dd4-481e-bb6d-afd3e3a39739/in_use.lock acquired by nodename 28720@pr-hdds-1868-wx8dl-4219780377
2019-10-18 07:13:52,411 [pool-77-thread-1] INFO  storage.RaftStorage (RaftStorage.java:format(84)) - Storage directory /workdir/hadoop-ozone/integration-test/target/test-dir/MiniOzoneClusterImpl-f68115de-5278-4c94-9b3d-9176cb3c0071/datanode-5/data/ratis/1211d451-7dd4-481e-bb6d-afd3e3a39739 has been successfully formatted.
2019-10-18 07:13:52,412 [pool-77-thread-1] INFO  ratis.ContainerStateMachine (ContainerStateMachine.java:loadSnapshot(233)) - group-AFD3E3A39739: The snapshot info is null. Setting the last applied indexto:(t:0, i:~)
2019-10-18 07:13:52,412 [pool-77-thread-1] INFO  server.RaftServerConfigKeys (ConfUtils.java:logGet(43)) - raft.server.notification.no-leader.timeout = 120s (custom)
2019-10-18 07:13:52,412 [pool-77-thread-1] INFO  server.RaftServerConfigKeys (ConfUtils.java:logGet(43)) - raft.server.log.use.memory = false (default)
2019-10-18 07:13:52,412 [pool-77-thread-1] INFO  server.RaftServerConfigKeys (ConfUtils.java:logGet(43)) - raft.server.log.purge.gap = 1000000 (custom)
2019-10-18 07:13:52,412 [pool-77-thread-1] INFO  server.RaftServerConfigKeys (ConfUtils.java:logGet(43)) - raft.server.log.appender.buffer.byte-limit = 33554432 (custom)
2019-10-18 07:13:52,412 [pool-77-thread-1] INFO  server.RaftServerConfigKeys (ConfUtils.java:logGet(43)) - raft.server.log.segment.size.max = 1048576 (custom)
2019-10-18 07:13:52,412 [pool-77-thread-1] INFO  server.RaftServerConfigKeys (ConfUtils.java:logGet(43)) - raft.server.log.segment.cache.num.max = 2 (custom)
2019-10-18 07:13:52,413 [pool-77-thread-1] INFO  segmented.SegmentedRaftLogWorker (SegmentedRaftLogWorker.java:<init>(173)) - new f7ab671b-901b-4a48-a9a9-f6c73ab18394@group-AFD3E3A39739-SegmentedRaftLogWorker for RaftStorage:Storage Directory /workdir/hadoop-ozone/integration-test/target/test-dir/MiniOzoneClusterImpl-f68115de-5278-4c94-9b3d-9176cb3c0071/datanode-5/data/ratis/1211d451-7dd4-481e-bb6d-afd3e3a39739
2019-10-18 07:13:52,413 [pool-77-thread-1] INFO  server.RaftServerConfigKeys (ConfUtils.java:logGet(43)) - raft.server.log.queue.byte-limit = 2147483647 (custom)
2019-10-18 07:13:52,413 [pool-77-thread-1] INFO  server.RaftServerConfigKeys (ConfUtils.java:logGet(43)) - raft.server.log.queue.element-limit = 1024 (custom)
2019-10-18 07:13:52,413 [pool-77-thread-1] INFO  server.RaftServerConfigKeys (ConfUtils.java:logGet(43)) - raft.server.log.segment.size.max = 1048576 (custom)
2019-10-18 07:13:52,413 [pool-77-thread-1] INFO  server.RaftServerConfigKeys (ConfUtils.java:logGet(43)) - raft.server.log.preallocated.size = 16384 (custom)
2019-10-18 07:13:52,413 [pool-77-thread-1] INFO  server.RaftServerConfigKeys (ConfUtils.java:logGet(43)) - raft.server.log.write.buffer.size = 33554432 (custom)
2019-10-18 07:13:52,413 [pool-77-thread-1] INFO  server.RaftServerConfigKeys (ConfUtils.java:logGet(43)) - raft.server.log.force.sync.num = 128 (default)
2019-10-18 07:13:52,413 [pool-77-thread-1] INFO  server.RaftServerConfigKeys (ConfUtils.java:logGet(43)) - raft.server.log.statemachine.data.sync = true (default)
2019-10-18 07:13:52,413 [pool-77-thread-1] INFO  server.RaftServerConfigKeys (ConfUtils.java:logGet(43)) - raft.server.log.statemachine.data.sync.timeout = 10s (default)
2019-10-18 07:13:52,413 [pool-77-thread-1] INFO  server.RaftServerConfigKeys (ConfUtils.java:logGet(43)) - raft.server.log.statemachine.data.sync.timeout.retry = -1 (default)
2019-10-18 07:13:52,414 [pool-77-thread-1] INFO  server.RaftServerConfigKeys (ConfUtils.java:logGet(43)) - raft.server.log.statemachine.data.caching.enabled = true (custom)
2019-10-18 07:13:52,414 [pool-77-thread-1] INFO  segmented.SegmentedRaftLogWorker (SegmentedRaftLogWorker.java:lambda$new$0(128)) - f7ab671b-901b-4a48-a9a9-f6c73ab18394@group-AFD3E3A39739-SegmentedRaftLogWorker: flushIndex: setUnconditionally 0 -> -1
2019-10-18 07:13:52,414 [pool-77-thread-1] INFO  server.RaftServerConfigKeys (ConfUtils.java:logGet(43)) - raft.server.snapshot.auto.trigger.enabled = true (custom)
2019-10-18 07:13:52,414 [pool-77-thread-1] INFO  server.RaftServerConfigKeys (ConfUtils.java:logGet(43)) - raft.server.snapshot.auto.trigger.threshold = 10000 (custom)
2019-10-18 07:13:52,414 [pool-77-thread-1] INFO  server.RaftServerConfigKeys (ConfUtils.java:logGet(43)) - raft.server.snapshot.retention.file.num = 5 (custom)
2019-10-18 07:13:52,415 [pool-77-thread-1] INFO  server.RaftServerConfigKeys (ConfUtils.java:logGet(43)) - raft.server.retrycache.expirytime = 600000ms (custom)
2019-10-18 07:13:52,417 [pool-77-thread-1] INFO  impl.RaftServerImpl (RaftServerImpl.java:start(195)) - f7ab671b-901b-4a48-a9a9-f6c73ab18394@group-AFD3E3A39739: start as a follower, conf=-1: [48796f01-a45e-4e78-98f3-7a8f6b07cc28:192.168.69.67:44206, d2e56473-8267-4871-9849-be2e71e1a2dc:192.168.69.67:35020, f7ab671b-901b-4a48-a9a9-f6c73ab18394:192.168.69.67:41075], old=null
2019-10-18 07:13:52,417 [pool-77-thread-1] INFO  impl.RaftServerImpl (RaftServerImpl.java:setRole(184)) - f7ab671b-901b-4a48-a9a9-f6c73ab18394@group-AFD3E3A39739: changes role from      null to FOLLOWER at term 0 for startAsFollower
2019-10-18 07:13:52,417 [pool-77-thread-1] INFO  impl.RoleInfo (RoleInfo.java:updateAndGet(143)) - f7ab671b-901b-4a48-a9a9-f6c73ab18394: start FollowerState
2019-10-18 07:13:52,417 [pool-77-thread-1] INFO  util.JmxRegister (JmxRegister.java:tryRegister(44)) - Successfully registered JMX Bean with object name Ratis:service=RaftServer,group=group-AFD3E3A39739,id=f7ab671b-901b-4a48-a9a9-f6c73ab18394
2019-10-18 07:13:52,421 [988115cd-21c9-4558-b198-f2cedd98ccf3@group-20BE3FF63202-LeaderElection20] INFO  impl.LeaderElection (LeaderElection.java:logAndReturn(56)) - 988115cd-21c9-4558-b198-f2cedd98ccf3@group-20BE3FF63202-LeaderElection20: Election TIMEOUT; received 0 response(s) [] and 0 exception(s); 988115cd-21c9-4558-b198-f2cedd98ccf3@group-20BE3FF63202:t1, leader=null, voted=988115cd-21c9-4558-b198-f2cedd98ccf3, raftlog=988115cd-21c9-4558-b198-f2cedd98ccf3@group-20BE3FF63202-SegmentedRaftLog:OPENED:c-1,f-1,i0, conf=-1: [24274e9f-e41f-4654-9afc-a783ca44e44b:192.168.69.67:35902, 988115cd-21c9-4558-b198-f2cedd98ccf3:192.168.69.67:44208, c52c3de9-0ed1-4f2b-ba1d-f317ceeb0ceb:192.168.69.67:37615], old=null
2019-10-18 07:13:52,428 [Thread-402] INFO  impl.FollowerState (FollowerState.java:run(108)) - c52c3de9-0ed1-4f2b-ba1d-f317ceeb0ceb@group-20BE3FF63202-FollowerState: change to CANDIDATE, lastRpcTime:59ms, electionTimeout:9ms
2019-10-18 07:13:52,428 [Thread-401] INFO  impl.FollowerState (FollowerState.java:run(108)) - 24274e9f-e41f-4654-9afc-a783ca44e44b@group-20BE3FF63202-FollowerState: change to CANDIDATE, lastRpcTime:59ms, electionTimeout:51ms
2019-10-18 07:13:52,430 [Thread-401] INFO  impl.RoleInfo (RoleInfo.java:shutdownFollowerState(121)) - 24274e9f-e41f-4654-9afc-a783ca44e44b: shutdown FollowerState
2019-10-18 07:13:52,430 [Thread-402] INFO  impl.RoleInfo (RoleInfo.java:shutdownFollowerState(121)) - c52c3de9-0ed1-4f2b-ba1d-f317ceeb0ceb: shutdown FollowerState
2019-10-18 07:13:52,430 [Thread-401] INFO  impl.RaftServerImpl (RaftServerImpl.java:setRole(184)) - 24274e9f-e41f-4654-9afc-a783ca44e44b@group-20BE3FF63202: changes role from  FOLLOWER to CANDIDATE at term 1 for changeToCandidate
2019-10-18 07:13:52,430 [Thread-402] INFO  impl.RaftServerImpl (RaftServerImpl.java:setRole(184)) - c52c3de9-0ed1-4f2b-ba1d-f317ceeb0ceb@group-20BE3FF63202: changes role from  FOLLOWER to CANDIDATE at term 1 for changeToCandidate
2019-10-18 07:13:52,431 [Thread-401] INFO  impl.RoleInfo (RoleInfo.java:updateAndGet(143)) - 24274e9f-e41f-4654-9afc-a783ca44e44b: start LeaderElection
2019-10-18 07:13:52,431 [Thread-402] INFO  impl.RoleInfo (RoleInfo.java:updateAndGet(143)) - c52c3de9-0ed1-4f2b-ba1d-f317ceeb0ceb: start LeaderElection
2019-10-18 07:13:52,435 [pool-57-thread-1] INFO  storage.RaftStorage (RaftStorage.java:format(84)) - Storage directory /workdir/hadoop-ozone/integration-test/target/test-dir/MiniOzoneClusterImpl-f68115de-5278-4c94-9b3d-9176cb3c0071/datanode-3/data/ratis/1211d451-7dd4-481e-bb6d-afd3e3a39739 has been successfully formatted.
2019-10-18 07:13:52,435 [pool-37-thread-1] INFO  storage.RaftStorage (RaftStorage.java:format(84)) - Storage directory /workdir/hadoop-ozone/integration-test/target/test-dir/MiniOzoneClusterImpl-f68115de-5278-4c94-9b3d-9176cb3c0071/datanode-1/data/ratis/1211d451-7dd4-481e-bb6d-afd3e3a39739 has been successfully formatted.
2019-10-18 07:13:52,436 [pool-57-thread-1] INFO  ratis.ContainerStateMachine (ContainerStateMachine.java:loadSnapshot(233)) - group-AFD3E3A39739: The snapshot info is null. Setting the last applied indexto:(t:0, i:~)
2019-10-18 07:13:52,436 [pool-37-thread-1] INFO  ratis.ContainerStateMachine (ContainerStateMachine.java:loadSnapshot(233)) - group-AFD3E3A39739: The snapshot info is null. Setting the last applied indexto:(t:0, i:~)
2019-10-18 07:13:52,436 [pool-57-thread-1] INFO  server.RaftServerConfigKeys (ConfUtils.java:logGet(43)) - raft.server.notification.no-leader.timeout = 120s (custom)
2019-10-18 07:13:52,436 [pool-37-thread-1] INFO  server.RaftServerConfigKeys (ConfUtils.java:logGet(43)) - raft.server.notification.no-leader.timeout = 120s (custom)
2019-10-18 07:13:52,436 [pool-57-thread-1] INFO  server.RaftServerConfigKeys (ConfUtils.java:logGet(43)) - raft.server.log.use.memory = false (default)
2019-10-18 07:13:52,436 [pool-37-thread-1] INFO  server.RaftServerConfigKeys (ConfUtils.java:logGet(43)) - raft.server.log.use.memory = false (default)
2019-10-18 07:13:52,436 [pool-57-thread-1] INFO  server.RaftServerConfigKeys (ConfUtils.java:logGet(43)) - raft.server.log.purge.gap = 1000000 (custom)
2019-10-18 07:13:52,436 [pool-37-thread-1] INFO  server.RaftServerConfigKeys (ConfUtils.java:logGet(43)) - raft.server.log.purge.gap = 1000000 (custom)
2019-10-18 07:13:52,436 [pool-57-thread-1] INFO  server.RaftServerConfigKeys (ConfUtils.java:logGet(43)) - raft.server.log.appender.buffer.byte-limit = 33554432 (custom)
2019-10-18 07:13:52,437 [pool-37-thread-1] INFO  server.RaftServerConfigKeys (ConfUtils.java:logGet(43)) - raft.server.log.appender.buffer.byte-limit = 33554432 (custom)
2019-10-18 07:13:52,437 [pool-57-thread-1] INFO  server.RaftServerConfigKeys (ConfUtils.java:logGet(43)) - raft.server.log.segment.size.max = 1048576 (custom)
2019-10-18 07:13:52,437 [pool-37-thread-1] INFO  server.RaftServerConfigKeys (ConfUtils.java:logGet(43)) - raft.server.log.segment.size.max = 1048576 (custom)
2019-10-18 07:13:52,437 [pool-57-thread-1] INFO  server.RaftServerConfigKeys (ConfUtils.java:logGet(43)) - raft.server.log.segment.cache.num.max = 2 (custom)
2019-10-18 07:13:52,437 [pool-37-thread-1] INFO  server.RaftServerConfigKeys (ConfUtils.java:logGet(43)) - raft.server.log.segment.cache.num.max = 2 (custom)
2019-10-18 07:13:52,437 [pool-57-thread-1] INFO  segmented.SegmentedRaftLogWorker (SegmentedRaftLogWorker.java:<init>(173)) - new 48796f01-a45e-4e78-98f3-7a8f6b07cc28@group-AFD3E3A39739-SegmentedRaftLogWorker for RaftStorage:Storage Directory /workdir/hadoop-ozone/integration-test/target/test-dir/MiniOzoneClusterImpl-f68115de-5278-4c94-9b3d-9176cb3c0071/datanode-3/data/ratis/1211d451-7dd4-481e-bb6d-afd3e3a39739
2019-10-18 07:13:52,437 [pool-37-thread-1] INFO  segmented.SegmentedRaftLogWorker (SegmentedRaftLogWorker.java:<init>(173)) - new d2e56473-8267-4871-9849-be2e71e1a2dc@group-AFD3E3A39739-SegmentedRaftLogWorker for RaftStorage:Storage Directory /workdir/hadoop-ozone/integration-test/target/test-dir/MiniOzoneClusterImpl-f68115de-5278-4c94-9b3d-9176cb3c0071/datanode-1/data/ratis/1211d451-7dd4-481e-bb6d-afd3e3a39739
2019-10-18 07:13:52,437 [pool-57-thread-1] INFO  server.RaftServerConfigKeys (ConfUtils.java:logGet(43)) - raft.server.log.queue.byte-limit = 2147483647 (custom)
2019-10-18 07:13:52,437 [pool-37-thread-1] INFO  server.RaftServerConfigKeys (ConfUtils.java:logGet(43)) - raft.server.log.queue.byte-limit = 2147483647 (custom)
2019-10-18 07:13:52,438 [pool-57-thread-1] INFO  server.RaftServerConfigKeys (ConfUtils.java:logGet(43)) - raft.server.log.queue.element-limit = 1024 (custom)
2019-10-18 07:13:52,438 [pool-37-thread-1] INFO  server.RaftServerConfigKeys (ConfUtils.java:logGet(43)) - raft.server.log.queue.element-limit = 1024 (custom)
2019-10-18 07:13:52,438 [pool-57-thread-1] INFO  server.RaftServerConfigKeys (ConfUtils.java:logGet(43)) - raft.server.log.segment.size.max = 1048576 (custom)
2019-10-18 07:13:52,438 [pool-37-thread-1] INFO  server.RaftServerConfigKeys (ConfUtils.java:logGet(43)) - raft.server.log.segment.size.max = 1048576 (custom)
2019-10-18 07:13:52,438 [pool-57-thread-1] INFO  server.RaftServerConfigKeys (ConfUtils.java:logGet(43)) - raft.server.log.preallocated.size = 16384 (custom)
2019-10-18 07:13:52,438 [pool-37-thread-1] INFO  server.RaftServerConfigKeys (ConfUtils.java:logGet(43)) - raft.server.log.preallocated.size = 16384 (custom)
2019-10-18 07:13:52,438 [pool-57-thread-1] INFO  server.RaftServerConfigKeys (ConfUtils.java:logGet(43)) - raft.server.log.write.buffer.size = 33554432 (custom)
2019-10-18 07:13:52,438 [pool-37-thread-1] INFO  server.RaftServerConfigKeys (ConfUtils.java:logGet(43)) - raft.server.log.write.buffer.size = 33554432 (custom)
2019-10-18 07:13:52,439 [pool-37-thread-1] INFO  server.RaftServerConfigKeys (ConfUtils.java:logGet(43)) - raft.server.log.force.sync.num = 128 (default)
2019-10-18 07:13:52,439 [pool-57-thread-1] INFO  server.RaftServerConfigKeys (ConfUtils.java:logGet(43)) - raft.server.log.force.sync.num = 128 (default)
2019-10-18 07:13:52,439 [pool-37-thread-1] INFO  server.RaftServerConfigKeys (ConfUtils.java:logGet(43)) - raft.server.log.statemachine.data.sync = true (default)
2019-10-18 07:13:52,439 [pool-57-thread-1] INFO  server.RaftServerConfigKeys (ConfUtils.java:logGet(43)) - raft.server.log.statemachine.data.sync = true (default)
2019-10-18 07:13:52,439 [pool-37-thread-1] INFO  server.RaftServerConfigKeys (ConfUtils.java:logGet(43)) - raft.server.log.statemachine.data.sync.timeout = 10s (default)
2019-10-18 07:13:52,439 [pool-57-thread-1] INFO  server.RaftServerConfigKeys (ConfUtils.java:logGet(43)) - raft.server.log.statemachine.data.sync.timeout = 10s (default)
2019-10-18 07:13:52,439 [pool-37-thread-1] INFO  server.RaftServerConfigKeys (ConfUtils.java:logGet(43)) - raft.server.log.statemachine.data.sync.timeout.retry = -1 (default)
2019-10-18 07:13:52,439 [pool-57-thread-1] INFO  server.RaftServerConfigKeys (ConfUtils.java:logGet(43)) - raft.server.log.statemachine.data.sync.timeout.retry = -1 (default)
2019-10-18 07:13:52,440 [pool-37-thread-1] INFO  server.RaftServerConfigKeys (ConfUtils.java:logGet(43)) - raft.server.log.statemachine.data.caching.enabled = true (custom)
2019-10-18 07:13:52,440 [pool-57-thread-1] INFO  server.RaftServerConfigKeys (ConfUtils.java:logGet(43)) - raft.server.log.statemachine.data.caching.enabled = true (custom)
2019-10-18 07:13:52,440 [pool-57-thread-1] INFO  segmented.SegmentedRaftLogWorker (SegmentedRaftLogWorker.java:lambda$new$0(128)) - 48796f01-a45e-4e78-98f3-7a8f6b07cc28@group-AFD3E3A39739-SegmentedRaftLogWorker: flushIndex: setUnconditionally 0 -> -1
2019-10-18 07:13:52,440 [pool-37-thread-1] INFO  segmented.SegmentedRaftLogWorker (SegmentedRaftLogWorker.java:lambda$new$0(128)) - d2e56473-8267-4871-9849-be2e71e1a2dc@group-AFD3E3A39739-SegmentedRaftLogWorker: flushIndex: setUnconditionally 0 -> -1
2019-10-18 07:13:52,440 [pool-57-thread-1] INFO  server.RaftServerConfigKeys (ConfUtils.java:logGet(43)) - raft.server.snapshot.auto.trigger.enabled = true (custom)
2019-10-18 07:13:52,441 [pool-57-thread-1] INFO  server.RaftServerConfigKeys (ConfUtils.java:logGet(43)) - raft.server.snapshot.auto.trigger.threshold = 10000 (custom)
2019-10-18 07:13:52,441 [pool-37-thread-1] INFO  server.RaftServerConfigKeys (ConfUtils.java:logGet(43)) - raft.server.snapshot.auto.trigger.enabled = true (custom)
2019-10-18 07:13:52,441 [pool-57-thread-1] INFO  server.RaftServerConfigKeys (ConfUtils.java:logGet(43)) - raft.server.snapshot.retention.file.num = 5 (custom)
2019-10-18 07:13:52,441 [pool-37-thread-1] INFO  server.RaftServerConfigKeys (ConfUtils.java:logGet(43)) - raft.server.snapshot.auto.trigger.threshold = 10000 (custom)
2019-10-18 07:13:52,441 [pool-57-thread-1] INFO  server.RaftServerConfigKeys (ConfUtils.java:logGet(43)) - raft.server.retrycache.expirytime = 600000ms (custom)
2019-10-18 07:13:52,441 [pool-37-thread-1] INFO  server.RaftServerConfigKeys (ConfUtils.java:logGet(43)) - raft.server.snapshot.retention.file.num = 5 (custom)
2019-10-18 07:13:52,441 [pool-37-thread-1] INFO  server.RaftServerConfigKeys (ConfUtils.java:logGet(43)) - raft.server.retrycache.expirytime = 600000ms (custom)
2019-10-18 07:13:52,443 [pool-57-thread-1] INFO  impl.RaftServerImpl (RaftServerImpl.java:start(195)) - 48796f01-a45e-4e78-98f3-7a8f6b07cc28@group-AFD3E3A39739: start as a follower, conf=-1: [48796f01-a45e-4e78-98f3-7a8f6b07cc28:192.168.69.67:44206, d2e56473-8267-4871-9849-be2e71e1a2dc:192.168.69.67:35020, f7ab671b-901b-4a48-a9a9-f6c73ab18394:192.168.69.67:41075], old=null
2019-10-18 07:13:52,443 [pool-57-thread-1] INFO  impl.RaftServerImpl (RaftServerImpl.java:setRole(184)) - 48796f01-a45e-4e78-98f3-7a8f6b07cc28@group-AFD3E3A39739: changes role from      null to FOLLOWER at term 0 for startAsFollower
2019-10-18 07:13:52,444 [pool-57-thread-1] INFO  impl.RoleInfo (RoleInfo.java:updateAndGet(143)) - 48796f01-a45e-4e78-98f3-7a8f6b07cc28: start FollowerState
2019-10-18 07:13:52,444 [pool-37-thread-1] INFO  impl.RaftServerImpl (RaftServerImpl.java:start(195)) - d2e56473-8267-4871-9849-be2e71e1a2dc@group-AFD3E3A39739: start as a follower, conf=-1: [48796f01-a45e-4e78-98f3-7a8f6b07cc28:192.168.69.67:44206, d2e56473-8267-4871-9849-be2e71e1a2dc:192.168.69.67:35020, f7ab671b-901b-4a48-a9a9-f6c73ab18394:192.168.69.67:41075], old=null
2019-10-18 07:13:52,444 [pool-37-thread-1] INFO  impl.RaftServerImpl (RaftServerImpl.java:setRole(184)) - d2e56473-8267-4871-9849-be2e71e1a2dc@group-AFD3E3A39739: changes role from      null to FOLLOWER at term 0 for startAsFollower
2019-10-18 07:13:52,444 [pool-57-thread-1] INFO  util.JmxRegister (JmxRegister.java:tryRegister(44)) - Successfully registered JMX Bean with object name Ratis:service=RaftServer,group=group-AFD3E3A39739,id=48796f01-a45e-4e78-98f3-7a8f6b07cc28
2019-10-18 07:13:52,444 [pool-37-thread-1] INFO  impl.RoleInfo (RoleInfo.java:updateAndGet(143)) - d2e56473-8267-4871-9849-be2e71e1a2dc: start FollowerState
2019-10-18 07:13:52,444 [pool-37-thread-1] INFO  util.JmxRegister (JmxRegister.java:tryRegister(44)) - Successfully registered JMX Bean with object name Ratis:service=RaftServer,group=group-AFD3E3A39739,id=d2e56473-8267-4871-9849-be2e71e1a2dc
2019-10-18 07:13:52,451 [RatisPipelineUtilsThread] INFO  pipeline.PipelineStateManager (PipelineStateManager.java:addPipeline(55)) - Created pipeline Pipeline[ Id: 1211d451-7dd4-481e-bb6d-afd3e3a39739, Nodes: f7ab671b-901b-4a48-a9a9-f6c73ab18394{ip: 192.168.69.67, host: pr-hdds-1868-wx8dl-4219780377, networkLocation: /default-rack, certSerialId: null}d2e56473-8267-4871-9849-be2e71e1a2dc{ip: 192.168.69.67, host: pr-hdds-1868-wx8dl-4219780377, networkLocation: /default-rack, certSerialId: null}48796f01-a45e-4e78-98f3-7a8f6b07cc28{ip: 192.168.69.67, host: pr-hdds-1868-wx8dl-4219780377, networkLocation: /default-rack, certSerialId: null}, Type:RATIS, Factor:THREE, State:ALLOCATED]
2019-10-18 07:13:52,453 [main] INFO  ozone.MiniOzoneClusterImpl (MiniOzoneClusterImpl.java:lambda$waitForClusterToBeReady$2(164)) - Waiting for 2 number of pipelines out of 9, to report a leader.
2019-10-18 07:13:52,458 [988115cd-21c9-4558-b198-f2cedd98ccf3@group-20BE3FF63202-LeaderElection20] INFO  impl.LeaderElection (LeaderElection.java:askForVotes(178)) - 988115cd-21c9-4558-b198-f2cedd98ccf3@group-20BE3FF63202-LeaderElection20: begin an election at term 2 for -1: [24274e9f-e41f-4654-9afc-a783ca44e44b:192.168.69.67:35902, 988115cd-21c9-4558-b198-f2cedd98ccf3:192.168.69.67:44208, c52c3de9-0ed1-4f2b-ba1d-f317ceeb0ceb:192.168.69.67:37615], old=null
2019-10-18 07:13:52,466 [Thread-404] INFO  impl.FollowerState (FollowerState.java:run(108)) - f7ab671b-901b-4a48-a9a9-f6c73ab18394@group-AFD3E3A39739-FollowerState: change to CANDIDATE, lastRpcTime:49ms, electionTimeout:49ms
2019-10-18 07:13:52,467 [Thread-404] INFO  impl.RoleInfo (RoleInfo.java:shutdownFollowerState(121)) - f7ab671b-901b-4a48-a9a9-f6c73ab18394: shutdown FollowerState
2019-10-18 07:13:52,467 [Thread-404] INFO  impl.RaftServerImpl (RaftServerImpl.java:setRole(184)) - f7ab671b-901b-4a48-a9a9-f6c73ab18394@group-AFD3E3A39739: changes role from  FOLLOWER to CANDIDATE at term 0 for changeToCandidate
2019-10-18 07:13:52,467 [Thread-404] INFO  impl.RoleInfo (RoleInfo.java:updateAndGet(143)) - f7ab671b-901b-4a48-a9a9-f6c73ab18394: start LeaderElection
2019-10-18 07:13:52,495 [24274e9f-e41f-4654-9afc-a783ca44e44b@group-20BE3FF63202-LeaderElection21] INFO  impl.LeaderElection (LeaderElection.java:askForVotes(178)) - 24274e9f-e41f-4654-9afc-a783ca44e44b@group-20BE3FF63202-LeaderElection21: begin an election at term 2 for -1: [24274e9f-e41f-4654-9afc-a783ca44e44b:192.168.69.67:35902, 988115cd-21c9-4558-b198-f2cedd98ccf3:192.168.69.67:44208, c52c3de9-0ed1-4f2b-ba1d-f317ceeb0ceb:192.168.69.67:37615], old=null
2019-10-18 07:13:52,495 [c52c3de9-0ed1-4f2b-ba1d-f317ceeb0ceb@group-20BE3FF63202-LeaderElection22] INFO  impl.LeaderElection (LeaderElection.java:askForVotes(178)) - c52c3de9-0ed1-4f2b-ba1d-f317ceeb0ceb@group-20BE3FF63202-LeaderElection22: begin an election at term 2 for -1: [24274e9f-e41f-4654-9afc-a783ca44e44b:192.168.69.67:35902, 988115cd-21c9-4558-b198-f2cedd98ccf3:192.168.69.67:44208, c52c3de9-0ed1-4f2b-ba1d-f317ceeb0ceb:192.168.69.67:37615], old=null
2019-10-18 07:13:52,495 [f7ab671b-901b-4a48-a9a9-f6c73ab18394@group-AFD3E3A39739-LeaderElection23] INFO  impl.LeaderElection (LeaderElection.java:askForVotes(178)) - f7ab671b-901b-4a48-a9a9-f6c73ab18394@group-AFD3E3A39739-LeaderElection23: begin an election at term 1 for -1: [48796f01-a45e-4e78-98f3-7a8f6b07cc28:192.168.69.67:44206, d2e56473-8267-4871-9849-be2e71e1a2dc:192.168.69.67:35020, f7ab671b-901b-4a48-a9a9-f6c73ab18394:192.168.69.67:41075], old=null
2019-10-18 07:13:52,503 [988115cd-21c9-4558-b198-f2cedd98ccf3@group-20BE3FF63202-LeaderElection20] INFO  impl.LeaderElection (LeaderElection.java:logAndReturn(56)) - 988115cd-21c9-4558-b198-f2cedd98ccf3@group-20BE3FF63202-LeaderElection20: Election REJECTED; received 2 response(s) [988115cd-21c9-4558-b198-f2cedd98ccf3<-24274e9f-e41f-4654-9afc-a783ca44e44b#0:FAIL-t2, 988115cd-21c9-4558-b198-f2cedd98ccf3<-c52c3de9-0ed1-4f2b-ba1d-f317ceeb0ceb#0:FAIL-t2] and 0 exception(s); 988115cd-21c9-4558-b198-f2cedd98ccf3@group-20BE3FF63202:t2, leader=null, voted=988115cd-21c9-4558-b198-f2cedd98ccf3, raftlog=988115cd-21c9-4558-b198-f2cedd98ccf3@group-20BE3FF63202-SegmentedRaftLog:OPENED:c-1,f-1,i0, conf=-1: [24274e9f-e41f-4654-9afc-a783ca44e44b:192.168.69.67:35902, 988115cd-21c9-4558-b198-f2cedd98ccf3:192.168.69.67:44208, c52c3de9-0ed1-4f2b-ba1d-f317ceeb0ceb:192.168.69.67:37615], old=null
2019-10-18 07:13:52,504 [988115cd-21c9-4558-b198-f2cedd98ccf3@group-20BE3FF63202-LeaderElection20] INFO  impl.RaftServerImpl (RaftServerImpl.java:setRole(184)) - 988115cd-21c9-4558-b198-f2cedd98ccf3@group-20BE3FF63202: changes role from CANDIDATE to FOLLOWER at term 2 for DISCOVERED_A_NEW_TERM
2019-10-18 07:13:52,504 [988115cd-21c9-4558-b198-f2cedd98ccf3@group-20BE3FF63202-LeaderElection20] INFO  impl.RoleInfo (RoleInfo.java:shutdownLeaderElection(134)) - 988115cd-21c9-4558-b198-f2cedd98ccf3: shutdown LeaderElection
2019-10-18 07:13:52,504 [988115cd-21c9-4558-b198-f2cedd98ccf3@group-20BE3FF63202-LeaderElection20] INFO  impl.RoleInfo (RoleInfo.java:updateAndGet(143)) - 988115cd-21c9-4558-b198-f2cedd98ccf3: start FollowerState
2019-10-18 07:13:52,504 [Thread-423] INFO  impl.FollowerState (FollowerState.java:run(108)) - 988115cd-21c9-4558-b198-f2cedd98ccf3@group-20BE3FF63202-FollowerState: change to CANDIDATE, lastRpcTime:0ms, electionTimeout:0ms
2019-10-18 07:13:52,510 [Thread-423] INFO  impl.RoleInfo (RoleInfo.java:shutdownFollowerState(121)) - 988115cd-21c9-4558-b198-f2cedd98ccf3: shutdown FollowerState
2019-10-18 07:13:52,510 [Thread-423] INFO  impl.RaftServerImpl (RaftServerImpl.java:setRole(184)) - 988115cd-21c9-4558-b198-f2cedd98ccf3@group-20BE3FF63202: changes role from  FOLLOWER to CANDIDATE at term 2 for changeToCandidate
2019-10-18 07:13:52,510 [Thread-423] INFO  impl.RoleInfo (RoleInfo.java:updateAndGet(143)) - 988115cd-21c9-4558-b198-f2cedd98ccf3: start LeaderElection
2019-10-18 07:13:52,512 [Thread-410] INFO  impl.FollowerState (FollowerState.java:run(108)) - 48796f01-a45e-4e78-98f3-7a8f6b07cc28@group-AFD3E3A39739-FollowerState: change to CANDIDATE, lastRpcTime:68ms, electionTimeout:67ms
2019-10-18 07:13:52,512 [Thread-410] INFO  impl.RoleInfo (RoleInfo.java:shutdownFollowerState(121)) - 48796f01-a45e-4e78-98f3-7a8f6b07cc28: shutdown FollowerState
2019-10-18 07:13:52,512 [Thread-410] INFO  impl.RaftServerImpl (RaftServerImpl.java:setRole(184)) - 48796f01-a45e-4e78-98f3-7a8f6b07cc28@group-AFD3E3A39739: changes role from  FOLLOWER to CANDIDATE at term 0 for changeToCandidate
2019-10-18 07:13:52,514 [grpc-default-executor-2] INFO  impl.RaftServerImpl (RaftServerImpl.java:setRole(184)) - d2e56473-8267-4871-9849-be2e71e1a2dc@group-AFD3E3A39739: changes role from  FOLLOWER to FOLLOWER at term 1 for recognizeCandidate:f7ab671b-901b-4a48-a9a9-f6c73ab18394
2019-10-18 07:13:52,515 [Thread-410] INFO  impl.RoleInfo (RoleInfo.java:updateAndGet(143)) - 48796f01-a45e-4e78-98f3-7a8f6b07cc28: start LeaderElection
2019-10-18 07:13:52,515 [grpc-default-executor-2] INFO  impl.RoleInfo (RoleInfo.java:shutdownFollowerState(121)) - d2e56473-8267-4871-9849-be2e71e1a2dc: shutdown FollowerState
2019-10-18 07:13:52,515 [grpc-default-executor-2] INFO  impl.RoleInfo (RoleInfo.java:updateAndGet(143)) - d2e56473-8267-4871-9849-be2e71e1a2dc: start FollowerState
2019-10-18 07:13:52,515 [Thread-411] INFO  impl.FollowerState (FollowerState.java:run(117)) - d2e56473-8267-4871-9849-be2e71e1a2dc@group-AFD3E3A39739-FollowerState was interrupted: java.lang.InterruptedException: sleep interrupted
2019-10-18 07:13:52,548 [988115cd-21c9-4558-b198-f2cedd98ccf3@group-20BE3FF63202-LeaderElection24] INFO  impl.LeaderElection (LeaderElection.java:askForVotes(178)) - 988115cd-21c9-4558-b198-f2cedd98ccf3@group-20BE3FF63202-LeaderElection24: begin an election at term 3 for -1: [24274e9f-e41f-4654-9afc-a783ca44e44b:192.168.69.67:35902, 988115cd-21c9-4558-b198-f2cedd98ccf3:192.168.69.67:44208, c52c3de9-0ed1-4f2b-ba1d-f317ceeb0ceb:192.168.69.67:37615], old=null
2019-10-18 07:13:52,551 [24274e9f-e41f-4654-9afc-a783ca44e44b@group-20BE3FF63202-LeaderElection21] INFO  impl.LeaderElection (LeaderElection.java:logAndReturn(56)) - 24274e9f-e41f-4654-9afc-a783ca44e44b@group-20BE3FF63202-LeaderElection21: Election DISCOVERED_A_NEW_TERM; received 2 response(s) [24274e9f-e41f-4654-9afc-a783ca44e44b<-988115cd-21c9-4558-b198-f2cedd98ccf3#0:FAIL-t3, 24274e9f-e41f-4654-9afc-a783ca44e44b<-c52c3de9-0ed1-4f2b-ba1d-f317ceeb0ceb#0:FAIL-t2] and 0 exception(s); 24274e9f-e41f-4654-9afc-a783ca44e44b@group-20BE3FF63202:t2, leader=null, voted=24274e9f-e41f-4654-9afc-a783ca44e44b, raftlog=24274e9f-e41f-4654-9afc-a783ca44e44b@group-20BE3FF63202-SegmentedRaftLog:OPENED:c-1,f-1,i0, conf=-1: [24274e9f-e41f-4654-9afc-a783ca44e44b:192.168.69.67:35902, 988115cd-21c9-4558-b198-f2cedd98ccf3:192.168.69.67:44208, c52c3de9-0ed1-4f2b-ba1d-f317ceeb0ceb:192.168.69.67:37615], old=null
2019-10-18 07:13:52,552 [c52c3de9-0ed1-4f2b-ba1d-f317ceeb0ceb@group-20BE3FF63202-LeaderElection22] INFO  impl.LeaderElection (LeaderElection.java:logAndReturn(56)) - c52c3de9-0ed1-4f2b-ba1d-f317ceeb0ceb@group-20BE3FF63202-LeaderElection22: Election DISCOVERED_A_NEW_TERM; received 2 response(s) [c52c3de9-0ed1-4f2b-ba1d-f317ceeb0ceb<-24274e9f-e41f-4654-9afc-a783ca44e44b#0:FAIL-t2, c52c3de9-0ed1-4f2b-ba1d-f317ceeb0ceb<-988115cd-21c9-4558-b198-f2cedd98ccf3#0:FAIL-t3] and 0 exception(s); c52c3de9-0ed1-4f2b-ba1d-f317ceeb0ceb@group-20BE3FF63202:t2, leader=null, voted=c52c3de9-0ed1-4f2b-ba1d-f317ceeb0ceb, raftlog=c52c3de9-0ed1-4f2b-ba1d-f317ceeb0ceb@group-20BE3FF63202-SegmentedRaftLog:OPENED:c-1,f-1,i0, conf=-1: [24274e9f-e41f-4654-9afc-a783ca44e44b:192.168.69.67:35902, 988115cd-21c9-4558-b198-f2cedd98ccf3:192.168.69.67:44208, c52c3de9-0ed1-4f2b-ba1d-f317ceeb0ceb:192.168.69.67:37615], old=null
2019-10-18 07:13:52,552 [24274e9f-e41f-4654-9afc-a783ca44e44b@group-20BE3FF63202-LeaderElection21] INFO  impl.RaftServerImpl (RaftServerImpl.java:setRole(184)) - 24274e9f-e41f-4654-9afc-a783ca44e44b@group-20BE3FF63202: changes role from CANDIDATE to FOLLOWER at term 3 for DISCOVERED_A_NEW_TERM
2019-10-18 07:13:52,552 [c52c3de9-0ed1-4f2b-ba1d-f317ceeb0ceb@group-20BE3FF63202-LeaderElection22] INFO  impl.RaftServerImpl (RaftServerImpl.java:setRole(184)) - c52c3de9-0ed1-4f2b-ba1d-f317ceeb0ceb@group-20BE3FF63202: changes role from CANDIDATE to FOLLOWER at term 3 for DISCOVERED_A_NEW_TERM
2019-10-18 07:13:52,552 [24274e9f-e41f-4654-9afc-a783ca44e44b@group-20BE3FF63202-LeaderElection21] INFO  impl.RoleInfo (RoleInfo.java:shutdownLeaderElection(134)) - 24274e9f-e41f-4654-9afc-a783ca44e44b: shutdown LeaderElection
2019-10-18 07:13:52,552 [c52c3de9-0ed1-4f2b-ba1d-f317ceeb0ceb@group-20BE3FF63202-LeaderElection22] INFO  impl.RoleInfo (RoleInfo.java:shutdownLeaderElection(134)) - c52c3de9-0ed1-4f2b-ba1d-f317ceeb0ceb: shutdown LeaderElection
2019-10-18 07:13:52,552 [24274e9f-e41f-4654-9afc-a783ca44e44b@group-20BE3FF63202-LeaderElection21] INFO  impl.RoleInfo (RoleInfo.java:updateAndGet(143)) - 24274e9f-e41f-4654-9afc-a783ca44e44b: start FollowerState
2019-10-18 07:13:52,552 [c52c3de9-0ed1-4f2b-ba1d-f317ceeb0ceb@group-20BE3FF63202-LeaderElection22] INFO  impl.RoleInfo (RoleInfo.java:updateAndGet(143)) - c52c3de9-0ed1-4f2b-ba1d-f317ceeb0ceb: start FollowerState
2019-10-18 07:13:52,572 [48796f01-a45e-4e78-98f3-7a8f6b07cc28@group-AFD3E3A39739-LeaderElection25] INFO  impl.LeaderElection (LeaderElection.java:askForVotes(178)) - 48796f01-a45e-4e78-98f3-7a8f6b07cc28@group-AFD3E3A39739-LeaderElection25: begin an election at term 1 for -1: [48796f01-a45e-4e78-98f3-7a8f6b07cc28:192.168.69.67:44206, d2e56473-8267-4871-9849-be2e71e1a2dc:192.168.69.67:35020, f7ab671b-901b-4a48-a9a9-f6c73ab18394:192.168.69.67:41075], old=null
2019-10-18 07:13:52,573 [f7ab671b-901b-4a48-a9a9-f6c73ab18394@group-AFD3E3A39739-LeaderElection23] INFO  impl.LeaderElection (LeaderElection.java:logAndReturn(56)) - f7ab671b-901b-4a48-a9a9-f6c73ab18394@group-AFD3E3A39739-LeaderElection23: Election PASSED; received 1 response(s) [f7ab671b-901b-4a48-a9a9-f6c73ab18394<-d2e56473-8267-4871-9849-be2e71e1a2dc#0:OK-t1] and 0 exception(s); f7ab671b-901b-4a48-a9a9-f6c73ab18394@group-AFD3E3A39739:t1, leader=null, voted=f7ab671b-901b-4a48-a9a9-f6c73ab18394, raftlog=f7ab671b-901b-4a48-a9a9-f6c73ab18394@group-AFD3E3A39739-SegmentedRaftLog:OPENED:c-1,f-1,i0, conf=-1: [48796f01-a45e-4e78-98f3-7a8f6b07cc28:192.168.69.67:44206, d2e56473-8267-4871-9849-be2e71e1a2dc:192.168.69.67:35020, f7ab671b-901b-4a48-a9a9-f6c73ab18394:192.168.69.67:41075], old=null
2019-10-18 07:13:52,573 [f7ab671b-901b-4a48-a9a9-f6c73ab18394@group-AFD3E3A39739-LeaderElection23] INFO  impl.RoleInfo (RoleInfo.java:shutdownLeaderElection(134)) - f7ab671b-901b-4a48-a9a9-f6c73ab18394: shutdown LeaderElection
2019-10-18 07:13:52,573 [f7ab671b-901b-4a48-a9a9-f6c73ab18394@group-AFD3E3A39739-LeaderElection23] INFO  impl.RaftServerImpl (RaftServerImpl.java:setRole(184)) - f7ab671b-901b-4a48-a9a9-f6c73ab18394@group-AFD3E3A39739: changes role from CANDIDATE to LEADER at term 1 for changeToLeader
2019-10-18 07:13:52,573 [f7ab671b-901b-4a48-a9a9-f6c73ab18394@group-AFD3E3A39739-LeaderElection23] INFO  ratis.XceiverServerRatis (XceiverServerRatis.java:handleLeaderChangedNotification(699)) - Leader change notification received for group: group-AFD3E3A39739 with new leaderId: f7ab671b-901b-4a48-a9a9-f6c73ab18394
2019-10-18 07:13:52,574 [f7ab671b-901b-4a48-a9a9-f6c73ab18394@group-AFD3E3A39739-LeaderElection23] INFO  impl.RaftServerImpl (ServerState.java:setLeader(256)) - f7ab671b-901b-4a48-a9a9-f6c73ab18394@group-AFD3E3A39739: change Leader from null to f7ab671b-901b-4a48-a9a9-f6c73ab18394 at term 1 for becomeLeader, leader elected after 161ms
2019-10-18 07:13:52,574 [f7ab671b-901b-4a48-a9a9-f6c73ab18394@group-AFD3E3A39739-LeaderElection23] INFO  server.RaftServerConfigKeys (ConfUtils.java:logGet(43)) - raft.server.staging.catchup.gap = 1000 (default)
2019-10-18 07:13:52,574 [f7ab671b-901b-4a48-a9a9-f6c73ab18394@group-AFD3E3A39739-LeaderElection23] INFO  server.RaftServerConfigKeys (ConfUtils.java:logGet(43)) - raft.server.rpc.sleep.time = 25ms (default)
2019-10-18 07:13:52,574 [f7ab671b-901b-4a48-a9a9-f6c73ab18394@group-AFD3E3A39739-LeaderElection23] INFO  server.RaftServerConfigKeys (ConfUtils.java:logGet(43)) - raft.server.write.element-limit = 4096 (default)
2019-10-18 07:13:52,574 [f7ab671b-901b-4a48-a9a9-f6c73ab18394@group-AFD3E3A39739-LeaderElection23] INFO  server.RaftServerConfigKeys (ConfUtils.java:logGet(43)) - raft.server.watch.timeout = 10s (default)
2019-10-18 07:13:52,574 [f7ab671b-901b-4a48-a9a9-f6c73ab18394@group-AFD3E3A39739-LeaderElection23] INFO  server.RaftServerConfigKeys (ConfUtils.java:logGet(43)) - raft.server.watch.timeout.denomination = 1s (default)
2019-10-18 07:13:52,577 [f7ab671b-901b-4a48-a9a9-f6c73ab18394@group-AFD3E3A39739-LeaderElection23] INFO  server.RaftServerConfigKeys (ConfUtils.java:logGet(43)) - raft.server.watch.element-limit = 65536 (default)
2019-10-18 07:13:52,577 [EventQueue-PipelineReportForPipelineReportHandler] INFO  pipeline.PipelineReportHandler (PipelineReportHandler.java:processPipelineReport(119)) - Pipeline PipelineID=1211d451-7dd4-481e-bb6d-afd3e3a39739 reported by f7ab671b-901b-4a48-a9a9-f6c73ab18394{ip: 192.168.69.67, host: pr-hdds-1868-wx8dl-4219780377, networkLocation: /default-rack, certSerialId: null} with leaderId f7ab671b-901b-4a48-a9a9-f6c73ab18394
2019-10-18 07:13:52,579 [f7ab671b-901b-4a48-a9a9-f6c73ab18394@group-AFD3E3A39739-LeaderElection23] INFO  server.RaftServerConfigKeys (ConfUtils.java:logGet(43)) - raft.server.log.appender.snapshot.chunk.size.max = 16MB (=16777216) (default)
2019-10-18 07:13:52,579 [f7ab671b-901b-4a48-a9a9-f6c73ab18394@group-AFD3E3A39739-LeaderElection23] INFO  server.RaftServerConfigKeys (ConfUtils.java:logGet(43)) - raft.server.log.appender.buffer.byte-limit = 33554432 (custom)
2019-10-18 07:13:52,579 [f7ab671b-901b-4a48-a9a9-f6c73ab18394@group-AFD3E3A39739-LeaderElection23] INFO  server.RaftServerConfigKeys (ConfUtils.java:logGet(43)) - raft.server.log.appender.buffer.element-limit = 1 (custom)
2019-10-18 07:13:52,580 [f7ab671b-901b-4a48-a9a9-f6c73ab18394@group-AFD3E3A39739-LeaderElection23] INFO  grpc.GrpcConfigKeys$Server (ConfUtils.java:logGet(43)) - raft.grpc.server.leader.outstanding.appends.max = 128 (default)
2019-10-18 07:13:52,580 [f7ab671b-901b-4a48-a9a9-f6c73ab18394@group-AFD3E3A39739-LeaderElection23] INFO  server.RaftServerConfigKeys (ConfUtils.java:logGet(43)) - raft.server.rpc.request.timeout = 3000ms (default)
2019-10-18 07:13:52,580 [f7ab671b-901b-4a48-a9a9-f6c73ab18394@group-AFD3E3A39739-LeaderElection23] INFO  server.RaftServerConfigKeys (ConfUtils.java:logGet(43)) - raft.server.log.appender.install.snapshot.enabled = false (custom)
2019-10-18 07:13:52,583 [f7ab671b-901b-4a48-a9a9-f6c73ab18394@group-AFD3E3A39739-LeaderElection23] INFO  server.RaftServerConfigKeys (ConfUtils.java:logGet(43)) - raft.server.log.appender.snapshot.chunk.size.max = 16MB (=16777216) (default)
2019-10-18 07:13:52,583 [f7ab671b-901b-4a48-a9a9-f6c73ab18394@group-AFD3E3A39739-LeaderElection23] INFO  server.RaftServerConfigKeys (ConfUtils.java:logGet(43)) - raft.server.log.appender.buffer.byte-limit = 33554432 (custom)
2019-10-18 07:13:52,583 [f7ab671b-901b-4a48-a9a9-f6c73ab18394@group-AFD3E3A39739-LeaderElection23] INFO  server.RaftServerConfigKeys (ConfUtils.java:logGet(43)) - raft.server.log.appender.buffer.element-limit = 1 (custom)
2019-10-18 07:13:52,583 [f7ab671b-901b-4a48-a9a9-f6c73ab18394@group-AFD3E3A39739-LeaderElection23] INFO  grpc.GrpcConfigKeys$Server (ConfUtils.java:logGet(43)) - raft.grpc.server.leader.outstanding.appends.max = 128 (default)
2019-10-18 07:13:52,583 [f7ab671b-901b-4a48-a9a9-f6c73ab18394@group-AFD3E3A39739-LeaderElection23] INFO  server.RaftServerConfigKeys (ConfUtils.java:logGet(43)) - raft.server.rpc.request.timeout = 3000ms (default)
2019-10-18 07:13:52,583 [f7ab671b-901b-4a48-a9a9-f6c73ab18394@group-AFD3E3A39739-LeaderElection23] INFO  server.RaftServerConfigKeys (ConfUtils.java:logGet(43)) - raft.server.log.appender.install.snapshot.enabled = false (custom)
2019-10-18 07:13:52,585 [f7ab671b-901b-4a48-a9a9-f6c73ab18394@group-AFD3E3A39739-LeaderElection23] INFO  impl.RoleInfo (RoleInfo.java:updateAndGet(143)) - f7ab671b-901b-4a48-a9a9-f6c73ab18394: start LeaderState
2019-10-18 07:13:52,585 [f7ab671b-901b-4a48-a9a9-f6c73ab18394@group-AFD3E3A39739-LeaderElection23] INFO  segmented.SegmentedRaftLogWorker (SegmentedRaftLogWorker.java:startLogSegment(385)) - f7ab671b-901b-4a48-a9a9-f6c73ab18394@group-AFD3E3A39739-SegmentedRaftLogWorker: Starting segment from index:0
2019-10-18 07:13:52,586 [f7ab671b-901b-4a48-a9a9-f6c73ab18394@group-AFD3E3A39739-LeaderElection23] INFO  impl.RaftServerImpl (ServerState.java:setRaftConf(357)) - f7ab671b-901b-4a48-a9a9-f6c73ab18394@group-AFD3E3A39739: set configuration 0: [48796f01-a45e-4e78-98f3-7a8f6b07cc28:192.168.69.67:44206, d2e56473-8267-4871-9849-be2e71e1a2dc:192.168.69.67:35020, f7ab671b-901b-4a48-a9a9-f6c73ab18394:192.168.69.67:41075], old=null at 0
2019-10-18 07:13:52,587 [grpc-default-executor-5] INFO  impl.RaftServerImpl (RaftServerImpl.java:requestVote(776)) - f7ab671b-901b-4a48-a9a9-f6c73ab18394@group-AFD3E3A39739-   LEADER: Withhold vote from candidate 48796f01-a45e-4e78-98f3-7a8f6b07cc28 with term 1. State: leader=f7ab671b-901b-4a48-a9a9-f6c73ab18394, term=1, lastRpcElapsed=null
2019-10-18 07:13:52,590 [48796f01-a45e-4e78-98f3-7a8f6b07cc28@group-AFD3E3A39739-LeaderElection25] INFO  impl.LeaderElection (LeaderElection.java:logAndReturn(56)) - 48796f01-a45e-4e78-98f3-7a8f6b07cc28@group-AFD3E3A39739-LeaderElection25: Election REJECTED; received 2 response(s) [48796f01-a45e-4e78-98f3-7a8f6b07cc28<-d2e56473-8267-4871-9849-be2e71e1a2dc#0:FAIL-t1, 48796f01-a45e-4e78-98f3-7a8f6b07cc28<-f7ab671b-901b-4a48-a9a9-f6c73ab18394#0:FAIL-t1] and 0 exception(s); 48796f01-a45e-4e78-98f3-7a8f6b07cc28@group-AFD3E3A39739:t1, leader=null, voted=48796f01-a45e-4e78-98f3-7a8f6b07cc28, raftlog=48796f01-a45e-4e78-98f3-7a8f6b07cc28@group-AFD3E3A39739-SegmentedRaftLog:OPENED:c-1,f-1,i0, conf=-1: [48796f01-a45e-4e78-98f3-7a8f6b07cc28:192.168.69.67:44206, d2e56473-8267-4871-9849-be2e71e1a2dc:192.168.69.67:35020, f7ab671b-901b-4a48-a9a9-f6c73ab18394:192.168.69.67:41075], old=null
2019-10-18 07:13:52,591 [grpc-default-executor-2] INFO  impl.RaftServerImpl (RaftServerImpl.java:setRole(184)) - 48796f01-a45e-4e78-98f3-7a8f6b07cc28@group-AFD3E3A39739: changes role from CANDIDATE to FOLLOWER at term 1 for appendEntries
2019-10-18 07:13:52,592 [grpc-default-executor-5] INFO  ratis.XceiverServerRatis (XceiverServerRatis.java:handleLeaderChangedNotification(699)) - Leader change notification received for group: group-AFD3E3A39739 with new leaderId: f7ab671b-901b-4a48-a9a9-f6c73ab18394
2019-10-18 07:13:52,592 [grpc-default-executor-2] INFO  impl.RoleInfo (RoleInfo.java:shutdownLeaderElection(134)) - 48796f01-a45e-4e78-98f3-7a8f6b07cc28: shutdown LeaderElection
2019-10-18 07:13:52,592 [grpc-default-executor-5] INFO  impl.RaftServerImpl (ServerState.java:setLeader(256)) - d2e56473-8267-4871-9849-be2e71e1a2dc@group-AFD3E3A39739: change Leader from null to f7ab671b-901b-4a48-a9a9-f6c73ab18394 at term 1 for appendEntries, leader elected after 155ms
2019-10-18 07:13:52,592 [grpc-default-executor-2] INFO  impl.RoleInfo (RoleInfo.java:updateAndGet(143)) - 48796f01-a45e-4e78-98f3-7a8f6b07cc28: start FollowerState
2019-10-18 07:13:52,593 [grpc-default-executor-2] INFO  ratis.XceiverServerRatis (XceiverServerRatis.java:handleLeaderChangedNotification(699)) - Leader change notification received for group: group-AFD3E3A39739 with new leaderId: f7ab671b-901b-4a48-a9a9-f6c73ab18394
2019-10-18 07:13:52,594 [grpc-default-executor-2] INFO  impl.RaftServerImpl (ServerState.java:setLeader(256)) - 48796f01-a45e-4e78-98f3-7a8f6b07cc28@group-AFD3E3A39739: change Leader from null to f7ab671b-901b-4a48-a9a9-f6c73ab18394 at term 1 for appendEntries, leader elected after 156ms
2019-10-18 07:13:52,595 [988115cd-21c9-4558-b198-f2cedd98ccf3@group-20BE3FF63202-LeaderElection24] INFO  impl.LeaderElection (LeaderElection.java:logAndReturn(56)) - 988115cd-21c9-4558-b198-f2cedd98ccf3@group-20BE3FF63202-LeaderElection24: Election TIMEOUT; received 0 response(s) [] and 0 exception(s); 988115cd-21c9-4558-b198-f2cedd98ccf3@group-20BE3FF63202:t3, leader=null, voted=988115cd-21c9-4558-b198-f2cedd98ccf3, raftlog=988115cd-21c9-4558-b198-f2cedd98ccf3@group-20BE3FF63202-SegmentedRaftLog:OPENED:c-1,f-1,i0, conf=-1: [24274e9f-e41f-4654-9afc-a783ca44e44b:192.168.69.67:35902, 988115cd-21c9-4558-b198-f2cedd98ccf3:192.168.69.67:44208, c52c3de9-0ed1-4f2b-ba1d-f317ceeb0ceb:192.168.69.67:37615], old=null
2019-10-18 07:13:52,596 [EventQueue-PipelineReportForPipelineReportHandler] INFO  pipeline.PipelineReportHandler (PipelineReportHandler.java:processPipelineReport(119)) - Pipeline PipelineID=1211d451-7dd4-481e-bb6d-afd3e3a39739 reported by d2e56473-8267-4871-9849-be2e71e1a2dc{ip: 192.168.69.67, host: pr-hdds-1868-wx8dl-4219780377, networkLocation: /default-rack, certSerialId: null} with leaderId f7ab671b-901b-4a48-a9a9-f6c73ab18394
2019-10-18 07:13:52,596 [EventQueue-PipelineReportForPipelineReportHandler] INFO  pipeline.PipelineReportHandler (PipelineReportHandler.java:processPipelineReport(119)) - Pipeline PipelineID=1211d451-7dd4-481e-bb6d-afd3e3a39739 reported by 48796f01-a45e-4e78-98f3-7a8f6b07cc28{ip: 192.168.69.67, host: pr-hdds-1868-wx8dl-4219780377, networkLocation: /default-rack, certSerialId: null} with leaderId f7ab671b-901b-4a48-a9a9-f6c73ab18394
2019-10-18 07:13:52,597 [EventQueue-PipelineReportForPipelineReportHandler] INFO  pipeline.PipelineStateManager (PipelineStateManager.java:openPipeline(134)) - Pipeline Pipeline[ Id: 1211d451-7dd4-481e-bb6d-afd3e3a39739, Nodes: f7ab671b-901b-4a48-a9a9-f6c73ab18394{ip: 192.168.69.67, host: pr-hdds-1868-wx8dl-4219780377, networkLocation: /default-rack, certSerialId: null}d2e56473-8267-4871-9849-be2e71e1a2dc{ip: 192.168.69.67, host: pr-hdds-1868-wx8dl-4219780377, networkLocation: /default-rack, certSerialId: null}48796f01-a45e-4e78-98f3-7a8f6b07cc28{ip: 192.168.69.67, host: pr-hdds-1868-wx8dl-4219780377, networkLocation: /default-rack, certSerialId: null}, Type:RATIS, Factor:THREE, State:OPEN] moved to OPEN state
2019-10-18 07:13:52,597 [grpc-default-executor-5] INFO  impl.RaftServerImpl (ServerState.java:setRaftConf(357)) - d2e56473-8267-4871-9849-be2e71e1a2dc@group-AFD3E3A39739: set configuration 0: [48796f01-a45e-4e78-98f3-7a8f6b07cc28:192.168.69.67:44206, d2e56473-8267-4871-9849-be2e71e1a2dc:192.168.69.67:35020, f7ab671b-901b-4a48-a9a9-f6c73ab18394:192.168.69.67:41075], old=null at 0
2019-10-18 07:13:52,598 [grpc-default-executor-5] INFO  segmented.SegmentedRaftLogWorker (SegmentedRaftLogWorker.java:startLogSegment(385)) - d2e56473-8267-4871-9849-be2e71e1a2dc@group-AFD3E3A39739-SegmentedRaftLogWorker: Starting segment from index:0
2019-10-18 07:13:52,598 [grpc-default-executor-2] INFO  impl.RaftServerImpl (ServerState.java:setRaftConf(357)) - 48796f01-a45e-4e78-98f3-7a8f6b07cc28@group-AFD3E3A39739: set configuration 0: [48796f01-a45e-4e78-98f3-7a8f6b07cc28:192.168.69.67:44206, d2e56473-8267-4871-9849-be2e71e1a2dc:192.168.69.67:35020, f7ab671b-901b-4a48-a9a9-f6c73ab18394:192.168.69.67:41075], old=null at 0
2019-10-18 07:13:52,598 [grpc-default-executor-2] INFO  segmented.SegmentedRaftLogWorker (SegmentedRaftLogWorker.java:startLogSegment(385)) - 48796f01-a45e-4e78-98f3-7a8f6b07cc28@group-AFD3E3A39739-SegmentedRaftLogWorker: Starting segment from index:0
2019-10-18 07:13:52,602 [grpc-default-executor-1] INFO  impl.RaftServerImpl (RaftServerImpl.java:setRole(184)) - 24274e9f-e41f-4654-9afc-a783ca44e44b@group-20BE3FF63202: changes role from  FOLLOWER to FOLLOWER at term 3 for recognizeCandidate:988115cd-21c9-4558-b198-f2cedd98ccf3
2019-10-18 07:13:52,602 [grpc-default-executor-0] INFO  impl.RaftServerImpl (RaftServerImpl.java:setRole(184)) - c52c3de9-0ed1-4f2b-ba1d-f317ceeb0ceb@group-20BE3FF63202: changes role from  FOLLOWER to FOLLOWER at term 3 for recognizeCandidate:988115cd-21c9-4558-b198-f2cedd98ccf3
2019-10-18 07:13:52,602 [grpc-default-executor-1] INFO  impl.RoleInfo (RoleInfo.java:shutdownFollowerState(121)) - 24274e9f-e41f-4654-9afc-a783ca44e44b: shutdown FollowerState
2019-10-18 07:13:52,602 [grpc-default-executor-0] INFO  impl.RoleInfo (RoleInfo.java:shutdownFollowerState(121)) - c52c3de9-0ed1-4f2b-ba1d-f317ceeb0ceb: shutdown FollowerState
2019-10-18 07:13:52,603 [Thread-429] INFO  impl.FollowerState (FollowerState.java:run(117)) - 24274e9f-e41f-4654-9afc-a783ca44e44b@group-20BE3FF63202-FollowerState was interrupted: java.lang.InterruptedException: sleep interrupted
2019-10-18 07:13:52,603 [Thread-430] INFO  impl.FollowerState (FollowerState.java:run(117)) - c52c3de9-0ed1-4f2b-ba1d-f317ceeb0ceb@group-20BE3FF63202-FollowerState was interrupted: java.lang.InterruptedException: sleep interrupted
2019-10-18 07:13:52,603 [grpc-default-executor-1] INFO  impl.RoleInfo (RoleInfo.java:updateAndGet(143)) - 24274e9f-e41f-4654-9afc-a783ca44e44b: start FollowerState
2019-10-18 07:13:52,603 [grpc-default-executor-0] INFO  impl.RoleInfo (RoleInfo.java:updateAndGet(143)) - c52c3de9-0ed1-4f2b-ba1d-f317ceeb0ceb: start FollowerState
2019-10-18 07:13:52,635 [988115cd-21c9-4558-b198-f2cedd98ccf3@group-20BE3FF63202-LeaderElection24] INFO  impl.LeaderElection (LeaderElection.java:askForVotes(178)) - 988115cd-21c9-4558-b198-f2cedd98ccf3@group-20BE3FF63202-LeaderElection24: begin an election at term 4 for -1: [24274e9f-e41f-4654-9afc-a783ca44e44b:192.168.69.67:35902, 988115cd-21c9-4558-b198-f2cedd98ccf3:192.168.69.67:44208, c52c3de9-0ed1-4f2b-ba1d-f317ceeb0ceb:192.168.69.67:37615], old=null
2019-10-18 07:13:52,637 [grpc-default-executor-0] INFO  impl.RaftServerImpl (RaftServerImpl.java:setRole(184)) - 24274e9f-e41f-4654-9afc-a783ca44e44b@group-20BE3FF63202: changes role from  FOLLOWER to FOLLOWER at term 4 for recognizeCandidate:988115cd-21c9-4558-b198-f2cedd98ccf3
2019-10-18 07:13:52,637 [grpc-default-executor-1] INFO  impl.RaftServerImpl (RaftServerImpl.java:setRole(184)) - c52c3de9-0ed1-4f2b-ba1d-f317ceeb0ceb@group-20BE3FF63202: changes role from  FOLLOWER to FOLLOWER at term 4 for recognizeCandidate:988115cd-21c9-4558-b198-f2cedd98ccf3
2019-10-18 07:13:52,637 [grpc-default-executor-0] INFO  impl.RoleInfo (RoleInfo.java:shutdownFollowerState(121)) - 24274e9f-e41f-4654-9afc-a783ca44e44b: shutdown FollowerState
2019-10-18 07:13:52,638 [grpc-default-executor-1] INFO  impl.RoleInfo (RoleInfo.java:shutdownFollowerState(121)) - c52c3de9-0ed1-4f2b-ba1d-f317ceeb0ceb: shutdown FollowerState
2019-10-18 07:13:52,638 [Thread-441] INFO  impl.FollowerState (FollowerState.java:run(117)) - 24274e9f-e41f-4654-9afc-a783ca44e44b@group-20BE3FF63202-FollowerState was interrupted: java.lang.InterruptedException: sleep interrupted
2019-10-18 07:13:52,638 [grpc-default-executor-0] INFO  impl.RoleInfo (RoleInfo.java:updateAndGet(143)) - 24274e9f-e41f-4654-9afc-a783ca44e44b: start FollowerState
2019-10-18 07:13:52,638 [grpc-default-executor-1] INFO  impl.RoleInfo (RoleInfo.java:updateAndGet(143)) - c52c3de9-0ed1-4f2b-ba1d-f317ceeb0ceb: start FollowerState
2019-10-18 07:13:52,638 [Thread-442] INFO  impl.FollowerState (FollowerState.java:run(117)) - c52c3de9-0ed1-4f2b-ba1d-f317ceeb0ceb@group-20BE3FF63202-FollowerState was interrupted: java.lang.InterruptedException: sleep interrupted
2019-10-18 07:13:52,663 [f7ab671b-901b-4a48-a9a9-f6c73ab18394@group-AFD3E3A39739-SegmentedRaftLogWorker] INFO  segmented.SegmentedRaftLogWorker (SegmentedRaftLogWorker.java:execute(576)) - f7ab671b-901b-4a48-a9a9-f6c73ab18394@group-AFD3E3A39739-SegmentedRaftLogWorker: created new log segment /workdir/hadoop-ozone/integration-test/target/test-dir/MiniOzoneClusterImpl-f68115de-5278-4c94-9b3d-9176cb3c0071/datanode-5/data/ratis/1211d451-7dd4-481e-bb6d-afd3e3a39739/current/log_inprogress_0
2019-10-18 07:13:52,663 [48796f01-a45e-4e78-98f3-7a8f6b07cc28@group-AFD3E3A39739-SegmentedRaftLogWorker] INFO  segmented.SegmentedRaftLogWorker (SegmentedRaftLogWorker.java:execute(576)) - 48796f01-a45e-4e78-98f3-7a8f6b07cc28@group-AFD3E3A39739-SegmentedRaftLogWorker: created new log segment /workdir/hadoop-ozone/integration-test/target/test-dir/MiniOzoneClusterImpl-f68115de-5278-4c94-9b3d-9176cb3c0071/datanode-3/data/ratis/1211d451-7dd4-481e-bb6d-afd3e3a39739/current/log_inprogress_0
2019-10-18 07:13:52,702 [d2e56473-8267-4871-9849-be2e71e1a2dc@group-AFD3E3A39739-SegmentedRaftLogWorker] INFO  segmented.SegmentedRaftLogWorker (SegmentedRaftLogWorker.java:execute(576)) - d2e56473-8267-4871-9849-be2e71e1a2dc@group-AFD3E3A39739-SegmentedRaftLogWorker: created new log segment /workdir/hadoop-ozone/integration-test/target/test-dir/MiniOzoneClusterImpl-f68115de-5278-4c94-9b3d-9176cb3c0071/datanode-1/data/ratis/1211d451-7dd4-481e-bb6d-afd3e3a39739/current/log_inprogress_0
2019-10-18 07:13:52,702 [Thread-446] INFO  impl.FollowerState (FollowerState.java:run(108)) - c52c3de9-0ed1-4f2b-ba1d-f317ceeb0ceb@group-20BE3FF63202-FollowerState: change to CANDIDATE, lastRpcTime:64ms, electionTimeout:3ms
2019-10-18 07:13:52,702 [Thread-446] INFO  impl.RoleInfo (RoleInfo.java:shutdownFollowerState(121)) - c52c3de9-0ed1-4f2b-ba1d-f317ceeb0ceb: shutdown FollowerState
2019-10-18 07:13:52,702 [Thread-446] INFO  impl.RaftServerImpl (RaftServerImpl.java:setRole(184)) - c52c3de9-0ed1-4f2b-ba1d-f317ceeb0ceb@group-20BE3FF63202: changes role from  FOLLOWER to CANDIDATE at term 4 for changeToCandidate
2019-10-18 07:13:52,703 [Thread-446] INFO  impl.RoleInfo (RoleInfo.java:updateAndGet(143)) - c52c3de9-0ed1-4f2b-ba1d-f317ceeb0ceb: start LeaderElection
2019-10-18 07:13:52,704 [988115cd-21c9-4558-b198-f2cedd98ccf3@group-20BE3FF63202-LeaderElection24] INFO  impl.LeaderElection (LeaderElection.java:logAndReturn(56)) - 988115cd-21c9-4558-b198-f2cedd98ccf3@group-20BE3FF63202-LeaderElection24: Election PASSED; received 1 response(s) [988115cd-21c9-4558-b198-f2cedd98ccf3<-c52c3de9-0ed1-4f2b-ba1d-f317ceeb0ceb#0:OK-t4] and 0 exception(s); 988115cd-21c9-4558-b198-f2cedd98ccf3@group-20BE3FF63202:t4, leader=null, voted=988115cd-21c9-4558-b198-f2cedd98ccf3, raftlog=988115cd-21c9-4558-b198-f2cedd98ccf3@group-20BE3FF63202-SegmentedRaftLog:OPENED:c-1,f-1,i0, conf=-1: [24274e9f-e41f-4654-9afc-a783ca44e44b:192.168.69.67:35902, 988115cd-21c9-4558-b198-f2cedd98ccf3:192.168.69.67:44208, c52c3de9-0ed1-4f2b-ba1d-f317ceeb0ceb:192.168.69.67:37615], old=null
2019-10-18 07:13:52,704 [988115cd-21c9-4558-b198-f2cedd98ccf3@group-20BE3FF63202-LeaderElection24] INFO  impl.RoleInfo (RoleInfo.java:shutdownLeaderElection(134)) - 988115cd-21c9-4558-b198-f2cedd98ccf3: shutdown LeaderElection
2019-10-18 07:13:52,704 [988115cd-21c9-4558-b198-f2cedd98ccf3@group-20BE3FF63202-LeaderElection24] INFO  impl.RaftServerImpl (RaftServerImpl.java:setRole(184)) - 988115cd-21c9-4558-b198-f2cedd98ccf3@group-20BE3FF63202: changes role from CANDIDATE to LEADER at term 4 for changeToLeader
2019-10-18 07:13:52,704 [988115cd-21c9-4558-b198-f2cedd98ccf3@group-20BE3FF63202-LeaderElection24] INFO  ratis.XceiverServerRatis (XceiverServerRatis.java:handleLeaderChangedNotification(699)) - Leader change notification received for group: group-20BE3FF63202 with new leaderId: 988115cd-21c9-4558-b198-f2cedd98ccf3
2019-10-18 07:13:52,704 [988115cd-21c9-4558-b198-f2cedd98ccf3@group-20BE3FF63202-LeaderElection24] INFO  impl.RaftServerImpl (ServerState.java:setLeader(256)) - 988115cd-21c9-4558-b198-f2cedd98ccf3@group-20BE3FF63202: change Leader from null to 988115cd-21c9-4558-b198-f2cedd98ccf3 at term 4 for becomeLeader, leader elected after 450ms
2019-10-18 07:13:52,704 [988115cd-21c9-4558-b198-f2cedd98ccf3@group-20BE3FF63202-LeaderElection24] INFO  server.RaftServerConfigKeys (ConfUtils.java:logGet(43)) - raft.server.staging.catchup.gap = 1000 (default)
2019-10-18 07:13:52,704 [988115cd-21c9-4558-b198-f2cedd98ccf3@group-20BE3FF63202-LeaderElection24] INFO  server.RaftServerConfigKeys (ConfUtils.java:logGet(43)) - raft.server.rpc.sleep.time = 25ms (default)
2019-10-18 07:13:52,705 [988115cd-21c9-4558-b198-f2cedd98ccf3@group-20BE3FF63202-LeaderElection24] INFO  server.RaftServerConfigKeys (ConfUtils.java:logGet(43)) - raft.server.write.element-limit = 4096 (default)
2019-10-18 07:13:52,705 [988115cd-21c9-4558-b198-f2cedd98ccf3@group-20BE3FF63202-LeaderElection24] INFO  server.RaftServerConfigKeys (ConfUtils.java:logGet(43)) - raft.server.watch.timeout = 10s (default)
2019-10-18 07:13:52,705 [988115cd-21c9-4558-b198-f2cedd98ccf3@group-20BE3FF63202-LeaderElection24] INFO  server.RaftServerConfigKeys (ConfUtils.java:logGet(43)) - raft.server.watch.timeout.denomination = 1s (default)
2019-10-18 07:13:52,705 [988115cd-21c9-4558-b198-f2cedd98ccf3@group-20BE3FF63202-LeaderElection24] INFO  server.RaftServerConfigKeys (ConfUtils.java:logGet(43)) - raft.server.watch.element-limit = 65536 (default)
2019-10-18 07:13:52,708 [EventQueue-PipelineReportForPipelineReportHandler] INFO  pipeline.PipelineReportHandler (PipelineReportHandler.java:processPipelineReport(119)) - Pipeline PipelineID=ec1fcde6-a599-4756-a64d-20be3ff63202 reported by 988115cd-21c9-4558-b198-f2cedd98ccf3{ip: 192.168.69.67, host: pr-hdds-1868-wx8dl-4219780377, networkLocation: /default-rack, certSerialId: null} with leaderId 988115cd-21c9-4558-b198-f2cedd98ccf3
2019-10-18 07:13:52,709 [988115cd-21c9-4558-b198-f2cedd98ccf3@group-20BE3FF63202-LeaderElection24] INFO  server.RaftServerConfigKeys (ConfUtils.java:logGet(43)) - raft.server.log.appender.snapshot.chunk.size.max = 16MB (=16777216) (default)
2019-10-18 07:13:52,710 [988115cd-21c9-4558-b198-f2cedd98ccf3@group-20BE3FF63202-LeaderElection24] INFO  server.RaftServerConfigKeys (ConfUtils.java:logGet(43)) - raft.server.log.appender.buffer.byte-limit = 33554432 (custom)
2019-10-18 07:13:52,710 [988115cd-21c9-4558-b198-f2cedd98ccf3@group-20BE3FF63202-LeaderElection24] INFO  server.RaftServerConfigKeys (ConfUtils.java:logGet(43)) - raft.server.log.appender.buffer.element-limit = 1 (custom)
2019-10-18 07:13:52,710 [988115cd-21c9-4558-b198-f2cedd98ccf3@group-20BE3FF63202-LeaderElection24] INFO  grpc.GrpcConfigKeys$Server (ConfUtils.java:logGet(43)) - raft.grpc.server.leader.outstanding.appends.max = 128 (default)
2019-10-18 07:13:52,710 [988115cd-21c9-4558-b198-f2cedd98ccf3@group-20BE3FF63202-LeaderElection24] INFO  server.RaftServerConfigKeys (ConfUtils.java:logGet(43)) - raft.server.rpc.request.timeout = 3000ms (default)
2019-10-18 07:13:52,710 [988115cd-21c9-4558-b198-f2cedd98ccf3@group-20BE3FF63202-LeaderElection24] INFO  server.RaftServerConfigKeys (ConfUtils.java:logGet(43)) - raft.server.log.appender.install.snapshot.enabled = false (custom)
2019-10-18 07:13:52,712 [988115cd-21c9-4558-b198-f2cedd98ccf3@group-20BE3FF63202-LeaderElection24] INFO  server.RaftServerConfigKeys (ConfUtils.java:logGet(43)) - raft.server.log.appender.snapshot.chunk.size.max = 16MB (=16777216) (default)
2019-10-18 07:13:52,712 [988115cd-21c9-4558-b198-f2cedd98ccf3@group-20BE3FF63202-LeaderElection24] INFO  server.RaftServerConfigKeys (ConfUtils.java:logGet(43)) - raft.server.log.appender.buffer.byte-limit = 33554432 (custom)
2019-10-18 07:13:52,713 [988115cd-21c9-4558-b198-f2cedd98ccf3@group-20BE3FF63202-LeaderElection24] INFO  server.RaftServerConfigKeys (ConfUtils.java:logGet(43)) - raft.server.log.appender.buffer.element-limit = 1 (custom)
2019-10-18 07:13:52,713 [988115cd-21c9-4558-b198-f2cedd98ccf3@group-20BE3FF63202-LeaderElection24] INFO  grpc.GrpcConfigKeys$Server (ConfUtils.java:logGet(43)) - raft.grpc.server.leader.outstanding.appends.max = 128 (default)
2019-10-18 07:13:52,713 [988115cd-21c9-4558-b198-f2cedd98ccf3@group-20BE3FF63202-LeaderElection24] INFO  server.RaftServerConfigKeys (ConfUtils.java:logGet(43)) - raft.server.rpc.request.timeout = 3000ms (default)
2019-10-18 07:13:52,713 [988115cd-21c9-4558-b198-f2cedd98ccf3@group-20BE3FF63202-LeaderElection24] INFO  server.RaftServerConfigKeys (ConfUtils.java:logGet(43)) - raft.server.log.appender.install.snapshot.enabled = false (custom)
2019-10-18 07:13:52,715 [988115cd-21c9-4558-b198-f2cedd98ccf3@group-20BE3FF63202-LeaderElection24] INFO  impl.RoleInfo (RoleInfo.java:updateAndGet(143)) - 988115cd-21c9-4558-b198-f2cedd98ccf3: start LeaderState
2019-10-18 07:13:52,715 [988115cd-21c9-4558-b198-f2cedd98ccf3@group-20BE3FF63202-LeaderElection24] INFO  segmented.SegmentedRaftLogWorker (SegmentedRaftLogWorker.java:startLogSegment(385)) - 988115cd-21c9-4558-b198-f2cedd98ccf3@group-20BE3FF63202-SegmentedRaftLogWorker: Starting segment from index:0
2019-10-18 07:13:52,716 [988115cd-21c9-4558-b198-f2cedd98ccf3@group-20BE3FF63202-LeaderElection24] INFO  impl.RaftServerImpl (ServerState.java:setRaftConf(357)) - 988115cd-21c9-4558-b198-f2cedd98ccf3@group-20BE3FF63202: set configuration 0: [24274e9f-e41f-4654-9afc-a783ca44e44b:192.168.69.67:35902, 988115cd-21c9-4558-b198-f2cedd98ccf3:192.168.69.67:44208, c52c3de9-0ed1-4f2b-ba1d-f317ceeb0ceb:192.168.69.67:37615], old=null at 0
2019-10-18 07:13:52,718 [grpc-default-executor-1] INFO  ratis.XceiverServerRatis (XceiverServerRatis.java:handleLeaderChangedNotification(699)) - Leader change notification received for group: group-20BE3FF63202 with new leaderId: 988115cd-21c9-4558-b198-f2cedd98ccf3
2019-10-18 07:13:52,718 [grpc-default-executor-1] INFO  impl.RaftServerImpl (ServerState.java:setLeader(256)) - 24274e9f-e41f-4654-9afc-a783ca44e44b@group-20BE3FF63202: change Leader from null to 988115cd-21c9-4558-b198-f2cedd98ccf3 at term 4 for appendEntries, leader elected after 464ms
2019-10-18 07:13:52,748 [EventQueue-PipelineReportForPipelineReportHandler] INFO  pipeline.PipelineReportHandler (PipelineReportHandler.java:processPipelineReport(119)) - Pipeline PipelineID=ec1fcde6-a599-4756-a64d-20be3ff63202 reported by 24274e9f-e41f-4654-9afc-a783ca44e44b{ip: 192.168.69.67, host: pr-hdds-1868-wx8dl-4219780377, networkLocation: /default-rack, certSerialId: null} with leaderId 988115cd-21c9-4558-b198-f2cedd98ccf3
2019-10-18 07:13:52,750 [grpc-default-executor-1] INFO  impl.RaftServerImpl (ServerState.java:setRaftConf(357)) - 24274e9f-e41f-4654-9afc-a783ca44e44b@group-20BE3FF63202: set configuration 0: [24274e9f-e41f-4654-9afc-a783ca44e44b:192.168.69.67:35902, 988115cd-21c9-4558-b198-f2cedd98ccf3:192.168.69.67:44208, c52c3de9-0ed1-4f2b-ba1d-f317ceeb0ceb:192.168.69.67:37615], old=null at 0
2019-10-18 07:13:52,750 [grpc-default-executor-1] INFO  segmented.SegmentedRaftLogWorker (SegmentedRaftLogWorker.java:startLogSegment(385)) - 24274e9f-e41f-4654-9afc-a783ca44e44b@group-20BE3FF63202-SegmentedRaftLogWorker: Starting segment from index:0
2019-10-18 07:13:52,761 [c52c3de9-0ed1-4f2b-ba1d-f317ceeb0ceb@group-20BE3FF63202-LeaderElection26] INFO  impl.LeaderElection (LeaderElection.java:askForVotes(178)) - c52c3de9-0ed1-4f2b-ba1d-f317ceeb0ceb@group-20BE3FF63202-LeaderElection26: begin an election at term 5 for -1: [24274e9f-e41f-4654-9afc-a783ca44e44b:192.168.69.67:35902, 988115cd-21c9-4558-b198-f2cedd98ccf3:192.168.69.67:44208, c52c3de9-0ed1-4f2b-ba1d-f317ceeb0ceb:192.168.69.67:37615], old=null
2019-10-18 07:13:52,763 [Thread-449] INFO  impl.RaftServerImpl (ServerState.java:setLeader(256)) - 988115cd-21c9-4558-b198-f2cedd98ccf3@group-20BE3FF63202: change Leader from 988115cd-21c9-4558-b198-f2cedd98ccf3 to null at term 5 for updateCurrentTerm
2019-10-18 07:13:52,763 [Thread-449] INFO  impl.RaftServerImpl (RaftServerImpl.java:setRole(184)) - 988115cd-21c9-4558-b198-f2cedd98ccf3@group-20BE3FF63202: changes role from    LEADER to FOLLOWER at term 5 for stepDown
2019-10-18 07:13:52,764 [Thread-449] INFO  impl.RoleInfo (RoleInfo.java:shutdownLeaderState(104)) - 988115cd-21c9-4558-b198-f2cedd98ccf3: shutdown LeaderState
2019-10-18 07:13:52,793 [org.apache.ratis.server.impl.LogAppender$AppenderDaemon$$Lambda$435/1417897345@15c350dd] WARN  server.GrpcLogAppender (GrpcLogAppender.java:mayWait(149)) - 988115cd-21c9-4558-b198-f2cedd98ccf3@group-20BE3FF63202->c52c3de9-0ed1-4f2b-ba1d-f317ceeb0ceb-GrpcLogAppender: Wait interrupted by java.lang.InterruptedException
2019-10-18 07:13:52,793 [Thread-449] INFO  impl.PendingRequests (PendingRequests.java:sendNotLeaderResponses(202)) - 988115cd-21c9-4558-b198-f2cedd98ccf3@group-20BE3FF63202-PendingRequests: sendNotLeaderResponses
2019-10-18 07:13:52,793 [org.apache.ratis.server.impl.LogAppender$AppenderDaemon$$Lambda$435/1417897345@44d359d6] WARN  server.GrpcLogAppender (GrpcLogAppender.java:mayWait(149)) - 988115cd-21c9-4558-b198-f2cedd98ccf3@group-20BE3FF63202->24274e9f-e41f-4654-9afc-a783ca44e44b-GrpcLogAppender: Wait interrupted by java.lang.InterruptedException
2019-10-18 07:13:52,793 [Thread-449] INFO  impl.RoleInfo (RoleInfo.java:updateAndGet(143)) - 988115cd-21c9-4558-b198-f2cedd98ccf3: start FollowerState
2019-10-18 07:13:52,794 [grpc-default-executor-1] INFO  impl.RaftServerImpl (ServerState.java:setLeader(256)) - 24274e9f-e41f-4654-9afc-a783ca44e44b@group-20BE3FF63202: change Leader from 988115cd-21c9-4558-b198-f2cedd98ccf3 to null at term 5 for updateCurrentTerm
2019-10-18 07:13:52,794 [grpc-default-executor-2] INFO  server.GrpcServerProtocolService (GrpcServerProtocolService.java:onCompleted(113)) - c52c3de9-0ed1-4f2b-ba1d-f317ceeb0ceb: Completed APPEND_ENTRIES, lastRequest: 988115cd-21c9-4558-b198-f2cedd98ccf3->c52c3de9-0ed1-4f2b-ba1d-f317ceeb0ceb#0-t4, previous=(t:0, i:0), leaderCommit=-1, initializing? false, entries: <empty>
2019-10-18 07:13:52,794 [grpc-default-executor-1] INFO  impl.RaftServerImpl (RaftServerImpl.java:setRole(184)) - 24274e9f-e41f-4654-9afc-a783ca44e44b@group-20BE3FF63202: changes role from  FOLLOWER to FOLLOWER at term 5 for recognizeCandidate:c52c3de9-0ed1-4f2b-ba1d-f317ceeb0ceb
2019-10-18 07:13:52,794 [grpc-default-executor-1] INFO  impl.RoleInfo (RoleInfo.java:shutdownFollowerState(121)) - 24274e9f-e41f-4654-9afc-a783ca44e44b: shutdown FollowerState
2019-10-18 07:13:52,794 [grpc-default-executor-5] INFO  server.GrpcServerProtocolService (GrpcServerProtocolService.java:onCompleted(113)) - 24274e9f-e41f-4654-9afc-a783ca44e44b: Completed APPEND_ENTRIES, lastRequest: 988115cd-21c9-4558-b198-f2cedd98ccf3->24274e9f-e41f-4654-9afc-a783ca44e44b#1-t4, previous=(t:0, i:0), leaderCommit=-1, initializing? false, entries: size=1, first=(t:4, i:0), CONFIGURATIONENTRY
2019-10-18 07:13:52,794 [Thread-445] INFO  impl.FollowerState (FollowerState.java:run(117)) - 24274e9f-e41f-4654-9afc-a783ca44e44b@group-20BE3FF63202-FollowerState was interrupted: java.lang.InterruptedException: sleep interrupted
2019-10-18 07:13:52,794 [grpc-default-executor-1] INFO  impl.RoleInfo (RoleInfo.java:updateAndGet(143)) - 24274e9f-e41f-4654-9afc-a783ca44e44b: start FollowerState
2019-10-18 07:13:52,794 [grpc-default-executor-2] INFO  server.GrpcLogAppender (GrpcLogAppender.java:onCompleted(308)) - 988115cd-21c9-4558-b198-f2cedd98ccf3@group-20BE3FF63202->c52c3de9-0ed1-4f2b-ba1d-f317ceeb0ceb-AppendLogResponseHandler: follower responses appendEntries COMPLETED
2019-10-18 07:13:52,796 [grpc-default-executor-5] INFO  server.GrpcLogAppender (GrpcLogAppender.java:onCompleted(308)) - 988115cd-21c9-4558-b198-f2cedd98ccf3@group-20BE3FF63202->24274e9f-e41f-4654-9afc-a783ca44e44b-AppendLogResponseHandler: follower responses appendEntries COMPLETED
2019-10-18 07:13:52,796 [grpc-default-executor-2] INFO  impl.FollowerInfo (FollowerInfo.java:lambda$new$0(51)) - 988115cd-21c9-4558-b198-f2cedd98ccf3@group-20BE3FF63202->c52c3de9-0ed1-4f2b-ba1d-f317ceeb0ceb: nextIndex: updateUnconditionally 0 -> 0
2019-10-18 07:13:52,798 [grpc-default-executor-5] INFO  impl.FollowerInfo (FollowerInfo.java:lambda$new$0(51)) - 988115cd-21c9-4558-b198-f2cedd98ccf3@group-20BE3FF63202->24274e9f-e41f-4654-9afc-a783ca44e44b: nextIndex: updateUnconditionally 1 -> 0
2019-10-18 07:13:52,808 [988115cd-21c9-4558-b198-f2cedd98ccf3@group-20BE3FF63202-SegmentedRaftLogWorker] INFO  segmented.SegmentedRaftLogWorker (SegmentedRaftLogWorker.java:execute(576)) - 988115cd-21c9-4558-b198-f2cedd98ccf3@group-20BE3FF63202-SegmentedRaftLogWorker: created new log segment /workdir/hadoop-ozone/integration-test/target/test-dir/MiniOzoneClusterImpl-f68115de-5278-4c94-9b3d-9176cb3c0071/datanode-0/data/ratis/ec1fcde6-a599-4756-a64d-20be3ff63202/current/log_inprogress_0
2019-10-18 07:13:52,833 [24274e9f-e41f-4654-9afc-a783ca44e44b@group-20BE3FF63202-SegmentedRaftLogWorker] INFO  segmented.SegmentedRaftLogWorker (SegmentedRaftLogWorker.java:execute(576)) - 24274e9f-e41f-4654-9afc-a783ca44e44b@group-20BE3FF63202-SegmentedRaftLogWorker: created new log segment /workdir/hadoop-ozone/integration-test/target/test-dir/MiniOzoneClusterImpl-f68115de-5278-4c94-9b3d-9176cb3c0071/datanode-2/data/ratis/ec1fcde6-a599-4756-a64d-20be3ff63202/current/log_inprogress_0
2019-10-18 07:13:52,837 [grpc-default-executor-0] INFO  impl.RaftServerImpl (RaftServerImpl.java:setRole(184)) - 988115cd-21c9-4558-b198-f2cedd98ccf3@group-20BE3FF63202: changes role from  FOLLOWER to FOLLOWER at term 5 for recognizeCandidate:c52c3de9-0ed1-4f2b-ba1d-f317ceeb0ceb
2019-10-18 07:13:52,837 [grpc-default-executor-0] INFO  impl.RoleInfo (RoleInfo.java:shutdownFollowerState(121)) - 988115cd-21c9-4558-b198-f2cedd98ccf3: shutdown FollowerState
2019-10-18 07:13:52,838 [grpc-default-executor-0] INFO  impl.RoleInfo (RoleInfo.java:updateAndGet(143)) - 988115cd-21c9-4558-b198-f2cedd98ccf3: start FollowerState
2019-10-18 07:13:52,838 [Thread-458] INFO  impl.FollowerState (FollowerState.java:run(117)) - 988115cd-21c9-4558-b198-f2cedd98ccf3@group-20BE3FF63202-FollowerState was interrupted: java.lang.InterruptedException: sleep interrupted
2019-10-18 07:13:52,840 [c52c3de9-0ed1-4f2b-ba1d-f317ceeb0ceb@group-20BE3FF63202-LeaderElection26] INFO  impl.LeaderElection (LeaderElection.java:logAndReturn(56)) - c52c3de9-0ed1-4f2b-ba1d-f317ceeb0ceb@group-20BE3FF63202-LeaderElection26: Election REJECTED; received 2 response(s) [c52c3de9-0ed1-4f2b-ba1d-f317ceeb0ceb<-24274e9f-e41f-4654-9afc-a783ca44e44b#0:FAIL-t5, c52c3de9-0ed1-4f2b-ba1d-f317ceeb0ceb<-988115cd-21c9-4558-b198-f2cedd98ccf3#0:FAIL-t5] and 0 exception(s); c52c3de9-0ed1-4f2b-ba1d-f317ceeb0ceb@group-20BE3FF63202:t5, leader=null, voted=c52c3de9-0ed1-4f2b-ba1d-f317ceeb0ceb, raftlog=c52c3de9-0ed1-4f2b-ba1d-f317ceeb0ceb@group-20BE3FF63202-SegmentedRaftLog:OPENED:c-1,f-1,i0, conf=-1: [24274e9f-e41f-4654-9afc-a783ca44e44b:192.168.69.67:35902, 988115cd-21c9-4558-b198-f2cedd98ccf3:192.168.69.67:44208, c52c3de9-0ed1-4f2b-ba1d-f317ceeb0ceb:192.168.69.67:37615], old=null
2019-10-18 07:13:52,840 [c52c3de9-0ed1-4f2b-ba1d-f317ceeb0ceb@group-20BE3FF63202-LeaderElection26] INFO  impl.RaftServerImpl (RaftServerImpl.java:setRole(184)) - c52c3de9-0ed1-4f2b-ba1d-f317ceeb0ceb@group-20BE3FF63202: changes role from CANDIDATE to FOLLOWER at term 5 for DISCOVERED_A_NEW_TERM
2019-10-18 07:13:52,840 [c52c3de9-0ed1-4f2b-ba1d-f317ceeb0ceb@group-20BE3FF63202-LeaderElection26] INFO  impl.RoleInfo (RoleInfo.java:shutdownLeaderElection(134)) - c52c3de9-0ed1-4f2b-ba1d-f317ceeb0ceb: shutdown LeaderElection
2019-10-18 07:13:52,840 [c52c3de9-0ed1-4f2b-ba1d-f317ceeb0ceb@group-20BE3FF63202-LeaderElection26] INFO  impl.RoleInfo (RoleInfo.java:updateAndGet(143)) - c52c3de9-0ed1-4f2b-ba1d-f317ceeb0ceb: start FollowerState
2019-10-18 07:13:52,985 [Thread-461] INFO  impl.FollowerState (FollowerState.java:run(108)) - c52c3de9-0ed1-4f2b-ba1d-f317ceeb0ceb@group-20BE3FF63202-FollowerState: change to CANDIDATE, lastRpcTime:144ms, electionTimeout:144ms
2019-10-18 07:13:52,985 [Thread-461] INFO  impl.RoleInfo (RoleInfo.java:shutdownFollowerState(121)) - c52c3de9-0ed1-4f2b-ba1d-f317ceeb0ceb: shutdown FollowerState
2019-10-18 07:13:52,985 [Thread-461] INFO  impl.RaftServerImpl (RaftServerImpl.java:setRole(184)) - c52c3de9-0ed1-4f2b-ba1d-f317ceeb0ceb@group-20BE3FF63202: changes role from  FOLLOWER to CANDIDATE at term 5 for changeToCandidate
2019-10-18 07:13:52,986 [Thread-461] INFO  impl.RoleInfo (RoleInfo.java:updateAndGet(143)) - c52c3de9-0ed1-4f2b-ba1d-f317ceeb0ceb: start LeaderElection
2019-10-18 07:13:53,039 [c52c3de9-0ed1-4f2b-ba1d-f317ceeb0ceb@group-20BE3FF63202-LeaderElection27] INFO  impl.LeaderElection (LeaderElection.java:askForVotes(178)) - c52c3de9-0ed1-4f2b-ba1d-f317ceeb0ceb@group-20BE3FF63202-LeaderElection27: begin an election at term 6 for -1: [24274e9f-e41f-4654-9afc-a783ca44e44b:192.168.69.67:35902, 988115cd-21c9-4558-b198-f2cedd98ccf3:192.168.69.67:44208, c52c3de9-0ed1-4f2b-ba1d-f317ceeb0ceb:192.168.69.67:37615], old=null
2019-10-18 07:13:53,043 [grpc-default-executor-1] INFO  impl.RaftServerImpl (RaftServerImpl.java:setRole(184)) - 988115cd-21c9-4558-b198-f2cedd98ccf3@group-20BE3FF63202: changes role from  FOLLOWER to FOLLOWER at term 6 for recognizeCandidate:c52c3de9-0ed1-4f2b-ba1d-f317ceeb0ceb
2019-10-18 07:13:53,043 [grpc-default-executor-0] INFO  impl.RaftServerImpl (RaftServerImpl.java:setRole(184)) - 24274e9f-e41f-4654-9afc-a783ca44e44b@group-20BE3FF63202: changes role from  FOLLOWER to FOLLOWER at term 6 for recognizeCandidate:c52c3de9-0ed1-4f2b-ba1d-f317ceeb0ceb
2019-10-18 07:13:53,044 [grpc-default-executor-1] INFO  impl.RoleInfo (RoleInfo.java:shutdownFollowerState(121)) - 988115cd-21c9-4558-b198-f2cedd98ccf3: shutdown FollowerState
2019-10-18 07:13:53,044 [grpc-default-executor-0] INFO  impl.RoleInfo (RoleInfo.java:shutdownFollowerState(121)) - 24274e9f-e41f-4654-9afc-a783ca44e44b: shutdown FollowerState
2019-10-18 07:13:53,044 [Thread-460] INFO  impl.FollowerState (FollowerState.java:run(117)) - 988115cd-21c9-4558-b198-f2cedd98ccf3@group-20BE3FF63202-FollowerState was interrupted: java.lang.InterruptedException: sleep interrupted
2019-10-18 07:13:53,044 [Thread-459] INFO  impl.FollowerState (FollowerState.java:run(117)) - 24274e9f-e41f-4654-9afc-a783ca44e44b@group-20BE3FF63202-FollowerState was interrupted: java.lang.InterruptedException: sleep interrupted
2019-10-18 07:13:53,044 [grpc-default-executor-0] INFO  impl.RoleInfo (RoleInfo.java:updateAndGet(143)) - 24274e9f-e41f-4654-9afc-a783ca44e44b: start FollowerState
2019-10-18 07:13:53,044 [grpc-default-executor-1] INFO  impl.RoleInfo (RoleInfo.java:updateAndGet(143)) - 988115cd-21c9-4558-b198-f2cedd98ccf3: start FollowerState
2019-10-18 07:13:53,083 [c52c3de9-0ed1-4f2b-ba1d-f317ceeb0ceb@group-20BE3FF63202-LeaderElection27] INFO  impl.LeaderElection (LeaderElection.java:logAndReturn(56)) - c52c3de9-0ed1-4f2b-ba1d-f317ceeb0ceb@group-20BE3FF63202-LeaderElection27: Election REJECTED; received 2 response(s) [c52c3de9-0ed1-4f2b-ba1d-f317ceeb0ceb<-24274e9f-e41f-4654-9afc-a783ca44e44b#0:FAIL-t6, c52c3de9-0ed1-4f2b-ba1d-f317ceeb0ceb<-988115cd-21c9-4558-b198-f2cedd98ccf3#0:FAIL-t6] and 0 exception(s); c52c3de9-0ed1-4f2b-ba1d-f317ceeb0ceb@group-20BE3FF63202:t6, leader=null, voted=c52c3de9-0ed1-4f2b-ba1d-f317ceeb0ceb, raftlog=c52c3de9-0ed1-4f2b-ba1d-f317ceeb0ceb@group-20BE3FF63202-SegmentedRaftLog:OPENED:c-1,f-1,i0, conf=-1: [24274e9f-e41f-4654-9afc-a783ca44e44b:192.168.69.67:35902, 988115cd-21c9-4558-b198-f2cedd98ccf3:192.168.69.67:44208, c52c3de9-0ed1-4f2b-ba1d-f317ceeb0ceb:192.168.69.67:37615], old=null
2019-10-18 07:13:53,083 [c52c3de9-0ed1-4f2b-ba1d-f317ceeb0ceb@group-20BE3FF63202-LeaderElection27] INFO  impl.RaftServerImpl (RaftServerImpl.java:setRole(184)) - c52c3de9-0ed1-4f2b-ba1d-f317ceeb0ceb@group-20BE3FF63202: changes role from CANDIDATE to FOLLOWER at term 6 for DISCOVERED_A_NEW_TERM
2019-10-18 07:13:53,083 [c52c3de9-0ed1-4f2b-ba1d-f317ceeb0ceb@group-20BE3FF63202-LeaderElection27] INFO  impl.RoleInfo (RoleInfo.java:shutdownLeaderElection(134)) - c52c3de9-0ed1-4f2b-ba1d-f317ceeb0ceb: shutdown LeaderElection
2019-10-18 07:13:53,083 [c52c3de9-0ed1-4f2b-ba1d-f317ceeb0ceb@group-20BE3FF63202-LeaderElection27] INFO  impl.RoleInfo (RoleInfo.java:updateAndGet(143)) - c52c3de9-0ed1-4f2b-ba1d-f317ceeb0ceb: start FollowerState
2019-10-18 07:13:53,169 [Thread-468] INFO  impl.FollowerState (FollowerState.java:run(108)) - c52c3de9-0ed1-4f2b-ba1d-f317ceeb0ceb@group-20BE3FF63202-FollowerState: change to CANDIDATE, lastRpcTime:85ms, electionTimeout:85ms
2019-10-18 07:13:53,169 [Thread-468] INFO  impl.RoleInfo (RoleInfo.java:shutdownFollowerState(121)) - c52c3de9-0ed1-4f2b-ba1d-f317ceeb0ceb: shutdown FollowerState
2019-10-18 07:13:53,169 [Thread-468] INFO  impl.RaftServerImpl (RaftServerImpl.java:setRole(184)) - c52c3de9-0ed1-4f2b-ba1d-f317ceeb0ceb@group-20BE3FF63202: changes role from  FOLLOWER to CANDIDATE at term 6 for changeToCandidate
2019-10-18 07:13:53,169 [Thread-468] INFO  impl.RoleInfo (RoleInfo.java:updateAndGet(143)) - c52c3de9-0ed1-4f2b-ba1d-f317ceeb0ceb: start LeaderElection
2019-10-18 07:13:53,226 [c52c3de9-0ed1-4f2b-ba1d-f317ceeb0ceb@group-20BE3FF63202-LeaderElection28] INFO  impl.LeaderElection (LeaderElection.java:askForVotes(178)) - c52c3de9-0ed1-4f2b-ba1d-f317ceeb0ceb@group-20BE3FF63202-LeaderElection28: begin an election at term 7 for -1: [24274e9f-e41f-4654-9afc-a783ca44e44b:192.168.69.67:35902, 988115cd-21c9-4558-b198-f2cedd98ccf3:192.168.69.67:44208, c52c3de9-0ed1-4f2b-ba1d-f317ceeb0ceb:192.168.69.67:37615], old=null
2019-10-18 07:13:53,229 [grpc-default-executor-0] INFO  impl.RaftServerImpl (RaftServerImpl.java:setRole(184)) - 24274e9f-e41f-4654-9afc-a783ca44e44b@group-20BE3FF63202: changes role from  FOLLOWER to FOLLOWER at term 7 for recognizeCandidate:c52c3de9-0ed1-4f2b-ba1d-f317ceeb0ceb
2019-10-18 07:13:53,229 [grpc-default-executor-1] INFO  impl.RaftServerImpl (RaftServerImpl.java:setRole(184)) - 988115cd-21c9-4558-b198-f2cedd98ccf3@group-20BE3FF63202: changes role from  FOLLOWER to FOLLOWER at term 7 for recognizeCandidate:c52c3de9-0ed1-4f2b-ba1d-f317ceeb0ceb
2019-10-18 07:13:53,230 [grpc-default-executor-0] INFO  impl.RoleInfo (RoleInfo.java:shutdownFollowerState(121)) - 24274e9f-e41f-4654-9afc-a783ca44e44b: shutdown FollowerState
2019-10-18 07:13:53,230 [grpc-default-executor-1] INFO  impl.RoleInfo (RoleInfo.java:shutdownFollowerState(121)) - 988115cd-21c9-4558-b198-f2cedd98ccf3: shutdown FollowerState
2019-10-18 07:13:53,230 [Thread-467] INFO  impl.FollowerState (FollowerState.java:run(117)) - 24274e9f-e41f-4654-9afc-a783ca44e44b@group-20BE3FF63202-FollowerState was interrupted: java.lang.InterruptedException: sleep interrupted
2019-10-18 07:13:53,230 [Thread-466] INFO  impl.FollowerState (FollowerState.java:run(117)) - 988115cd-21c9-4558-b198-f2cedd98ccf3@group-20BE3FF63202-FollowerState was interrupted: java.lang.InterruptedException: sleep interrupted
2019-10-18 07:13:53,230 [grpc-default-executor-1] INFO  impl.RoleInfo (RoleInfo.java:updateAndGet(143)) - 988115cd-21c9-4558-b198-f2cedd98ccf3: start FollowerState
2019-10-18 07:13:53,230 [grpc-default-executor-0] INFO  impl.RoleInfo (RoleInfo.java:updateAndGet(143)) - 24274e9f-e41f-4654-9afc-a783ca44e44b: start FollowerState
2019-10-18 07:13:53,254 [c52c3de9-0ed1-4f2b-ba1d-f317ceeb0ceb@group-20BE3FF63202-LeaderElection28] INFO  impl.LeaderElection (LeaderElection.java:logAndReturn(56)) - c52c3de9-0ed1-4f2b-ba1d-f317ceeb0ceb@group-20BE3FF63202-LeaderElection28: Election REJECTED; received 2 response(s) [c52c3de9-0ed1-4f2b-ba1d-f317ceeb0ceb<-24274e9f-e41f-4654-9afc-a783ca44e44b#0:FAIL-t7, c52c3de9-0ed1-4f2b-ba1d-f317ceeb0ceb<-988115cd-21c9-4558-b198-f2cedd98ccf3#0:FAIL-t7] and 0 exception(s); c52c3de9-0ed1-4f2b-ba1d-f317ceeb0ceb@group-20BE3FF63202:t7, leader=null, voted=c52c3de9-0ed1-4f2b-ba1d-f317ceeb0ceb, raftlog=c52c3de9-0ed1-4f2b-ba1d-f317ceeb0ceb@group-20BE3FF63202-SegmentedRaftLog:OPENED:c-1,f-1,i0, conf=-1: [24274e9f-e41f-4654-9afc-a783ca44e44b:192.168.69.67:35902, 988115cd-21c9-4558-b198-f2cedd98ccf3:192.168.69.67:44208, c52c3de9-0ed1-4f2b-ba1d-f317ceeb0ceb:192.168.69.67:37615], old=null
2019-10-18 07:13:53,254 [c52c3de9-0ed1-4f2b-ba1d-f317ceeb0ceb@group-20BE3FF63202-LeaderElection28] INFO  impl.RaftServerImpl (RaftServerImpl.java:setRole(184)) - c52c3de9-0ed1-4f2b-ba1d-f317ceeb0ceb@group-20BE3FF63202: changes role from CANDIDATE to FOLLOWER at term 7 for DISCOVERED_A_NEW_TERM
2019-10-18 07:13:53,254 [c52c3de9-0ed1-4f2b-ba1d-f317ceeb0ceb@group-20BE3FF63202-LeaderElection28] INFO  impl.RoleInfo (RoleInfo.java:shutdownLeaderElection(134)) - c52c3de9-0ed1-4f2b-ba1d-f317ceeb0ceb: shutdown LeaderElection
2019-10-18 07:13:53,254 [c52c3de9-0ed1-4f2b-ba1d-f317ceeb0ceb@group-20BE3FF63202-LeaderElection28] INFO  impl.RoleInfo (RoleInfo.java:updateAndGet(143)) - c52c3de9-0ed1-4f2b-ba1d-f317ceeb0ceb: start FollowerState
2019-10-18 07:13:53,435 [Thread-474] INFO  impl.FollowerState (FollowerState.java:run(108)) - c52c3de9-0ed1-4f2b-ba1d-f317ceeb0ceb@group-20BE3FF63202-FollowerState: change to CANDIDATE, lastRpcTime:180ms, electionTimeout:180ms
2019-10-18 07:13:53,435 [Thread-474] INFO  impl.RoleInfo (RoleInfo.java:shutdownFollowerState(121)) - c52c3de9-0ed1-4f2b-ba1d-f317ceeb0ceb: shutdown FollowerState
2019-10-18 07:13:53,435 [Thread-474] INFO  impl.RaftServerImpl (RaftServerImpl.java:setRole(184)) - c52c3de9-0ed1-4f2b-ba1d-f317ceeb0ceb@group-20BE3FF63202: changes role from  FOLLOWER to CANDIDATE at term 7 for changeToCandidate
2019-10-18 07:13:53,436 [Thread-474] INFO  impl.RoleInfo (RoleInfo.java:updateAndGet(143)) - c52c3de9-0ed1-4f2b-ba1d-f317ceeb0ceb: start LeaderElection
2019-10-18 07:13:53,453 [main] INFO  ozone.MiniOzoneClusterImpl (MiniOzoneClusterImpl.java:lambda$waitForClusterToBeReady$2(164)) - Waiting for 1 number of pipelines out of 9, to report a leader.
2019-10-18 07:13:53,527 [c52c3de9-0ed1-4f2b-ba1d-f317ceeb0ceb@group-20BE3FF63202-LeaderElection29] INFO  impl.LeaderElection (LeaderElection.java:askForVotes(178)) - c52c3de9-0ed1-4f2b-ba1d-f317ceeb0ceb@group-20BE3FF63202-LeaderElection29: begin an election at term 8 for -1: [24274e9f-e41f-4654-9afc-a783ca44e44b:192.168.69.67:35902, 988115cd-21c9-4558-b198-f2cedd98ccf3:192.168.69.67:44208, c52c3de9-0ed1-4f2b-ba1d-f317ceeb0ceb:192.168.69.67:37615], old=null
2019-10-18 07:13:53,531 [grpc-default-executor-1] INFO  impl.RaftServerImpl (RaftServerImpl.java:setRole(184)) - 24274e9f-e41f-4654-9afc-a783ca44e44b@group-20BE3FF63202: changes role from  FOLLOWER to FOLLOWER at term 8 for recognizeCandidate:c52c3de9-0ed1-4f2b-ba1d-f317ceeb0ceb
2019-10-18 07:13:53,531 [grpc-default-executor-1] INFO  impl.RoleInfo (RoleInfo.java:shutdownFollowerState(121)) - 24274e9f-e41f-4654-9afc-a783ca44e44b: shutdown FollowerState
2019-10-18 07:13:53,531 [grpc-default-executor-0] INFO  impl.RaftServerImpl (RaftServerImpl.java:setRole(184)) - 988115cd-21c9-4558-b198-f2cedd98ccf3@group-20BE3FF63202: changes role from  FOLLOWER to FOLLOWER at term 8 for recognizeCandidate:c52c3de9-0ed1-4f2b-ba1d-f317ceeb0ceb
2019-10-18 07:13:53,531 [Thread-472] INFO  impl.FollowerState (FollowerState.java:run(117)) - 24274e9f-e41f-4654-9afc-a783ca44e44b@group-20BE3FF63202-FollowerState was interrupted: java.lang.InterruptedException: sleep interrupted
2019-10-18 07:13:53,531 [grpc-default-executor-1] INFO  impl.RoleInfo (RoleInfo.java:updateAndGet(143)) - 24274e9f-e41f-4654-9afc-a783ca44e44b: start FollowerState
2019-10-18 07:13:53,531 [grpc-default-executor-0] INFO  impl.RoleInfo (RoleInfo.java:shutdownFollowerState(121)) - 988115cd-21c9-4558-b198-f2cedd98ccf3: shutdown FollowerState
2019-10-18 07:13:53,532 [grpc-default-executor-0] INFO  impl.RoleInfo (RoleInfo.java:updateAndGet(143)) - 988115cd-21c9-4558-b198-f2cedd98ccf3: start FollowerState
2019-10-18 07:13:53,532 [Thread-473] INFO  impl.FollowerState (FollowerState.java:run(117)) - 988115cd-21c9-4558-b198-f2cedd98ccf3@group-20BE3FF63202-FollowerState was interrupted: java.lang.InterruptedException: sleep interrupted
2019-10-18 07:13:53,566 [c52c3de9-0ed1-4f2b-ba1d-f317ceeb0ceb@group-20BE3FF63202-LeaderElection29] INFO  impl.LeaderElection (LeaderElection.java:logAndReturn(56)) - c52c3de9-0ed1-4f2b-ba1d-f317ceeb0ceb@group-20BE3FF63202-LeaderElection29: Election REJECTED; received 2 response(s) [c52c3de9-0ed1-4f2b-ba1d-f317ceeb0ceb<-24274e9f-e41f-4654-9afc-a783ca44e44b#0:FAIL-t8, c52c3de9-0ed1-4f2b-ba1d-f317ceeb0ceb<-988115cd-21c9-4558-b198-f2cedd98ccf3#0:FAIL-t8] and 0 exception(s); c52c3de9-0ed1-4f2b-ba1d-f317ceeb0ceb@group-20BE3FF63202:t8, leader=null, voted=c52c3de9-0ed1-4f2b-ba1d-f317ceeb0ceb, raftlog=c52c3de9-0ed1-4f2b-ba1d-f317ceeb0ceb@group-20BE3FF63202-SegmentedRaftLog:OPENED:c-1,f-1,i0, conf=-1: [24274e9f-e41f-4654-9afc-a783ca44e44b:192.168.69.67:35902, 988115cd-21c9-4558-b198-f2cedd98ccf3:192.168.69.67:44208, c52c3de9-0ed1-4f2b-ba1d-f317ceeb0ceb:192.168.69.67:37615], old=null
2019-10-18 07:13:53,566 [c52c3de9-0ed1-4f2b-ba1d-f317ceeb0ceb@group-20BE3FF63202-LeaderElection29] INFO  impl.RaftServerImpl (RaftServerImpl.java:setRole(184)) - c52c3de9-0ed1-4f2b-ba1d-f317ceeb0ceb@group-20BE3FF63202: changes role from CANDIDATE to FOLLOWER at term 8 for DISCOVERED_A_NEW_TERM
2019-10-18 07:13:53,566 [c52c3de9-0ed1-4f2b-ba1d-f317ceeb0ceb@group-20BE3FF63202-LeaderElection29] INFO  impl.RoleInfo (RoleInfo.java:shutdownLeaderElection(134)) - c52c3de9-0ed1-4f2b-ba1d-f317ceeb0ceb: shutdown LeaderElection
2019-10-18 07:13:53,566 [c52c3de9-0ed1-4f2b-ba1d-f317ceeb0ceb@group-20BE3FF63202-LeaderElection29] INFO  impl.RoleInfo (RoleInfo.java:updateAndGet(143)) - c52c3de9-0ed1-4f2b-ba1d-f317ceeb0ceb: start FollowerState
2019-10-18 07:13:53,603 [Thread-480] INFO  impl.FollowerState (FollowerState.java:run(108)) - c52c3de9-0ed1-4f2b-ba1d-f317ceeb0ceb@group-20BE3FF63202-FollowerState: change to CANDIDATE, lastRpcTime:36ms, electionTimeout:36ms
2019-10-18 07:13:53,603 [Thread-480] INFO  impl.RoleInfo (RoleInfo.java:shutdownFollowerState(121)) - c52c3de9-0ed1-4f2b-ba1d-f317ceeb0ceb: shutdown FollowerState
2019-10-18 07:13:53,603 [Thread-480] INFO  impl.RaftServerImpl (RaftServerImpl.java:setRole(184)) - c52c3de9-0ed1-4f2b-ba1d-f317ceeb0ceb@group-20BE3FF63202: changes role from  FOLLOWER to CANDIDATE at term 8 for changeToCandidate
2019-10-18 07:13:53,603 [Thread-480] INFO  impl.RoleInfo (RoleInfo.java:updateAndGet(143)) - c52c3de9-0ed1-4f2b-ba1d-f317ceeb0ceb: start LeaderElection
2019-10-18 07:13:53,634 [c52c3de9-0ed1-4f2b-ba1d-f317ceeb0ceb@group-20BE3FF63202-LeaderElection30] INFO  impl.LeaderElection (LeaderElection.java:askForVotes(178)) - c52c3de9-0ed1-4f2b-ba1d-f317ceeb0ceb@group-20BE3FF63202-LeaderElection30: begin an election at term 9 for -1: [24274e9f-e41f-4654-9afc-a783ca44e44b:192.168.69.67:35902, 988115cd-21c9-4558-b198-f2cedd98ccf3:192.168.69.67:44208, c52c3de9-0ed1-4f2b-ba1d-f317ceeb0ceb:192.168.69.67:37615], old=null
2019-10-18 07:13:53,638 [grpc-default-executor-1] INFO  impl.RaftServerImpl (RaftServerImpl.java:setRole(184)) - 988115cd-21c9-4558-b198-f2cedd98ccf3@group-20BE3FF63202: changes role from  FOLLOWER to FOLLOWER at term 9 for recognizeCandidate:c52c3de9-0ed1-4f2b-ba1d-f317ceeb0ceb
2019-10-18 07:13:53,638 [grpc-default-executor-0] INFO  impl.RaftServerImpl (RaftServerImpl.java:setRole(184)) - 24274e9f-e41f-4654-9afc-a783ca44e44b@group-20BE3FF63202: changes role from  FOLLOWER to FOLLOWER at term 9 for recognizeCandidate:c52c3de9-0ed1-4f2b-ba1d-f317ceeb0ceb
2019-10-18 07:13:53,638 [grpc-default-executor-1] INFO  impl.RoleInfo (RoleInfo.java:shutdownFollowerState(121)) - 988115cd-21c9-4558-b198-f2cedd98ccf3: shutdown FollowerState
2019-10-18 07:13:53,638 [grpc-default-executor-0] INFO  impl.RoleInfo (RoleInfo.java:shutdownFollowerState(121)) - 24274e9f-e41f-4654-9afc-a783ca44e44b: shutdown FollowerState
2019-10-18 07:13:53,638 [grpc-default-executor-1] INFO  impl.RoleInfo (RoleInfo.java:updateAndGet(143)) - 988115cd-21c9-4558-b198-f2cedd98ccf3: start FollowerState
2019-10-18 07:13:53,638 [Thread-479] INFO  impl.FollowerState (FollowerState.java:run(117)) - 988115cd-21c9-4558-b198-f2cedd98ccf3@group-20BE3FF63202-FollowerState was interrupted: java.lang.InterruptedException: sleep interrupted
2019-10-18 07:13:53,639 [grpc-default-executor-0] INFO  impl.RoleInfo (RoleInfo.java:updateAndGet(143)) - 24274e9f-e41f-4654-9afc-a783ca44e44b: start FollowerState
2019-10-18 07:13:53,639 [Thread-478] INFO  impl.FollowerState (FollowerState.java:run(117)) - 24274e9f-e41f-4654-9afc-a783ca44e44b@group-20BE3FF63202-FollowerState was interrupted: java.lang.InterruptedException: sleep interrupted
2019-10-18 07:13:53,647 [c52c3de9-0ed1-4f2b-ba1d-f317ceeb0ceb@group-20BE3FF63202-LeaderElection30] INFO  impl.LeaderElection (LeaderElection.java:logAndReturn(56)) - c52c3de9-0ed1-4f2b-ba1d-f317ceeb0ceb@group-20BE3FF63202-LeaderElection30: Election TIMEOUT; received 0 response(s) [] and 0 exception(s); c52c3de9-0ed1-4f2b-ba1d-f317ceeb0ceb@group-20BE3FF63202:t9, leader=null, voted=c52c3de9-0ed1-4f2b-ba1d-f317ceeb0ceb, raftlog=c52c3de9-0ed1-4f2b-ba1d-f317ceeb0ceb@group-20BE3FF63202-SegmentedRaftLog:OPENED:c-1,f-1,i0, conf=-1: [24274e9f-e41f-4654-9afc-a783ca44e44b:192.168.69.67:35902, 988115cd-21c9-4558-b198-f2cedd98ccf3:192.168.69.67:44208, c52c3de9-0ed1-4f2b-ba1d-f317ceeb0ceb:192.168.69.67:37615], old=null
2019-10-18 07:13:53,702 [c52c3de9-0ed1-4f2b-ba1d-f317ceeb0ceb@group-20BE3FF63202-LeaderElection30] INFO  impl.LeaderElection (LeaderElection.java:askForVotes(178)) - c52c3de9-0ed1-4f2b-ba1d-f317ceeb0ceb@group-20BE3FF63202-LeaderElection30: begin an election at term 10 for -1: [24274e9f-e41f-4654-9afc-a783ca44e44b:192.168.69.67:35902, 988115cd-21c9-4558-b198-f2cedd98ccf3:192.168.69.67:44208, c52c3de9-0ed1-4f2b-ba1d-f317ceeb0ceb:192.168.69.67:37615], old=null
2019-10-18 07:13:53,705 [grpc-default-executor-1] INFO  impl.RaftServerImpl (RaftServerImpl.java:setRole(184)) - 988115cd-21c9-4558-b198-f2cedd98ccf3@group-20BE3FF63202: changes role from  FOLLOWER to FOLLOWER at term 10 for recognizeCandidate:c52c3de9-0ed1-4f2b-ba1d-f317ceeb0ceb
2019-10-18 07:13:53,705 [grpc-default-executor-0] INFO  impl.RaftServerImpl (RaftServerImpl.java:setRole(184)) - 24274e9f-e41f-4654-9afc-a783ca44e44b@group-20BE3FF63202: changes role from  FOLLOWER to FOLLOWER at term 10 for recognizeCandidate:c52c3de9-0ed1-4f2b-ba1d-f317ceeb0ceb
2019-10-18 07:13:53,705 [grpc-default-executor-1] INFO  impl.RoleInfo (RoleInfo.java:shutdownFollowerState(121)) - 988115cd-21c9-4558-b198-f2cedd98ccf3: shutdown FollowerState
2019-10-18 07:13:53,705 [grpc-default-executor-0] INFO  impl.RoleInfo (RoleInfo.java:shutdownFollowerState(121)) - 24274e9f-e41f-4654-9afc-a783ca44e44b: shutdown FollowerState
2019-10-18 07:13:53,706 [Thread-484] INFO  impl.FollowerState (FollowerState.java:run(117)) - 988115cd-21c9-4558-b198-f2cedd98ccf3@group-20BE3FF63202-FollowerState was interrupted: java.lang.InterruptedException: sleep interrupted
2019-10-18 07:13:53,706 [grpc-default-executor-0] INFO  impl.RoleInfo (RoleInfo.java:updateAndGet(143)) - 24274e9f-e41f-4654-9afc-a783ca44e44b: start FollowerState
2019-10-18 07:13:53,705 [grpc-default-executor-1] INFO  impl.RoleInfo (RoleInfo.java:updateAndGet(143)) - 988115cd-21c9-4558-b198-f2cedd98ccf3: start FollowerState
2019-10-18 07:13:53,706 [Thread-485] INFO  impl.FollowerState (FollowerState.java:run(117)) - 24274e9f-e41f-4654-9afc-a783ca44e44b@group-20BE3FF63202-FollowerState was interrupted: java.lang.InterruptedException: sleep interrupted
2019-10-18 07:13:53,741 [c52c3de9-0ed1-4f2b-ba1d-f317ceeb0ceb@group-20BE3FF63202-LeaderElection30] INFO  impl.LeaderElection (LeaderElection.java:logAndReturn(56)) - c52c3de9-0ed1-4f2b-ba1d-f317ceeb0ceb@group-20BE3FF63202-LeaderElection30: Election REJECTED; received 2 response(s) [c52c3de9-0ed1-4f2b-ba1d-f317ceeb0ceb<-24274e9f-e41f-4654-9afc-a783ca44e44b#0:FAIL-t10, c52c3de9-0ed1-4f2b-ba1d-f317ceeb0ceb<-988115cd-21c9-4558-b198-f2cedd98ccf3#0:FAIL-t10] and 0 exception(s); c52c3de9-0ed1-4f2b-ba1d-f317ceeb0ceb@group-20BE3FF63202:t10, leader=null, voted=c52c3de9-0ed1-4f2b-ba1d-f317ceeb0ceb, raftlog=c52c3de9-0ed1-4f2b-ba1d-f317ceeb0ceb@group-20BE3FF63202-SegmentedRaftLog:OPENED:c-1,f-1,i0, conf=-1: [24274e9f-e41f-4654-9afc-a783ca44e44b:192.168.69.67:35902, 988115cd-21c9-4558-b198-f2cedd98ccf3:192.168.69.67:44208, c52c3de9-0ed1-4f2b-ba1d-f317ceeb0ceb:192.168.69.67:37615], old=null
2019-10-18 07:13:53,741 [c52c3de9-0ed1-4f2b-ba1d-f317ceeb0ceb@group-20BE3FF63202-LeaderElection30] INFO  impl.RaftServerImpl (RaftServerImpl.java:setRole(184)) - c52c3de9-0ed1-4f2b-ba1d-f317ceeb0ceb@group-20BE3FF63202: changes role from CANDIDATE to FOLLOWER at term 10 for DISCOVERED_A_NEW_TERM
2019-10-18 07:13:53,741 [c52c3de9-0ed1-4f2b-ba1d-f317ceeb0ceb@group-20BE3FF63202-LeaderElection30] INFO  impl.RoleInfo (RoleInfo.java:shutdownLeaderElection(134)) - c52c3de9-0ed1-4f2b-ba1d-f317ceeb0ceb: shutdown LeaderElection
2019-10-18 07:13:53,741 [c52c3de9-0ed1-4f2b-ba1d-f317ceeb0ceb@group-20BE3FF63202-LeaderElection30] INFO  impl.RoleInfo (RoleInfo.java:updateAndGet(143)) - c52c3de9-0ed1-4f2b-ba1d-f317ceeb0ceb: start FollowerState
2019-10-18 07:13:53,766 [Thread-490] INFO  impl.FollowerState (FollowerState.java:run(108)) - c52c3de9-0ed1-4f2b-ba1d-f317ceeb0ceb@group-20BE3FF63202-FollowerState: change to CANDIDATE, lastRpcTime:24ms, electionTimeout:24ms
2019-10-18 07:13:53,766 [Thread-490] INFO  impl.RoleInfo (RoleInfo.java:shutdownFollowerState(121)) - c52c3de9-0ed1-4f2b-ba1d-f317ceeb0ceb: shutdown FollowerState
2019-10-18 07:13:53,766 [Thread-490] INFO  impl.RaftServerImpl (RaftServerImpl.java:setRole(184)) - c52c3de9-0ed1-4f2b-ba1d-f317ceeb0ceb@group-20BE3FF63202: changes role from  FOLLOWER to CANDIDATE at term 10 for changeToCandidate
2019-10-18 07:13:53,766 [Thread-490] INFO  impl.RoleInfo (RoleInfo.java:updateAndGet(143)) - c52c3de9-0ed1-4f2b-ba1d-f317ceeb0ceb: start LeaderElection
2019-10-18 07:13:53,794 [c52c3de9-0ed1-4f2b-ba1d-f317ceeb0ceb@group-20BE3FF63202-LeaderElection31] INFO  impl.LeaderElection (LeaderElection.java:askForVotes(178)) - c52c3de9-0ed1-4f2b-ba1d-f317ceeb0ceb@group-20BE3FF63202-LeaderElection31: begin an election at term 11 for -1: [24274e9f-e41f-4654-9afc-a783ca44e44b:192.168.69.67:35902, 988115cd-21c9-4558-b198-f2cedd98ccf3:192.168.69.67:44208, c52c3de9-0ed1-4f2b-ba1d-f317ceeb0ceb:192.168.69.67:37615], old=null
2019-10-18 07:13:53,797 [grpc-default-executor-1] INFO  impl.RaftServerImpl (RaftServerImpl.java:setRole(184)) - 988115cd-21c9-4558-b198-f2cedd98ccf3@group-20BE3FF63202: changes role from  FOLLOWER to FOLLOWER at term 11 for recognizeCandidate:c52c3de9-0ed1-4f2b-ba1d-f317ceeb0ceb
2019-10-18 07:13:53,798 [grpc-default-executor-1] INFO  impl.RoleInfo (RoleInfo.java:shutdownFollowerState(121)) - 988115cd-21c9-4558-b198-f2cedd98ccf3: shutdown FollowerState
2019-10-18 07:13:53,797 [grpc-default-executor-0] INFO  impl.RaftServerImpl (RaftServerImpl.java:setRole(184)) - 24274e9f-e41f-4654-9afc-a783ca44e44b@group-20BE3FF63202: changes role from  FOLLOWER to FOLLOWER at term 11 for recognizeCandidate:c52c3de9-0ed1-4f2b-ba1d-f317ceeb0ceb
2019-10-18 07:13:53,798 [grpc-default-executor-1] INFO  impl.RoleInfo (RoleInfo.java:updateAndGet(143)) - 988115cd-21c9-4558-b198-f2cedd98ccf3: start FollowerState
2019-10-18 07:13:53,798 [Thread-488] INFO  impl.FollowerState (FollowerState.java:run(117)) - 988115cd-21c9-4558-b198-f2cedd98ccf3@group-20BE3FF63202-FollowerState was interrupted: java.lang.InterruptedException: sleep interrupted
2019-10-18 07:13:53,798 [grpc-default-executor-0] INFO  impl.RoleInfo (RoleInfo.java:shutdownFollowerState(121)) - 24274e9f-e41f-4654-9afc-a783ca44e44b: shutdown FollowerState
2019-10-18 07:13:53,798 [grpc-default-executor-0] INFO  impl.RoleInfo (RoleInfo.java:updateAndGet(143)) - 24274e9f-e41f-4654-9afc-a783ca44e44b: start FollowerState
2019-10-18 07:13:53,798 [Thread-489] INFO  impl.FollowerState (FollowerState.java:run(117)) - 24274e9f-e41f-4654-9afc-a783ca44e44b@group-20BE3FF63202-FollowerState was interrupted: java.lang.InterruptedException: sleep interrupted
2019-10-18 07:13:53,830 [c52c3de9-0ed1-4f2b-ba1d-f317ceeb0ceb@group-20BE3FF63202-LeaderElection31] INFO  impl.LeaderElection (LeaderElection.java:logAndReturn(56)) - c52c3de9-0ed1-4f2b-ba1d-f317ceeb0ceb@group-20BE3FF63202-LeaderElection31: Election REJECTED; received 2 response(s) [c52c3de9-0ed1-4f2b-ba1d-f317ceeb0ceb<-24274e9f-e41f-4654-9afc-a783ca44e44b#0:FAIL-t11, c52c3de9-0ed1-4f2b-ba1d-f317ceeb0ceb<-988115cd-21c9-4558-b198-f2cedd98ccf3#0:FAIL-t11] and 0 exception(s); c52c3de9-0ed1-4f2b-ba1d-f317ceeb0ceb@group-20BE3FF63202:t11, leader=null, voted=c52c3de9-0ed1-4f2b-ba1d-f317ceeb0ceb, raftlog=c52c3de9-0ed1-4f2b-ba1d-f317ceeb0ceb@group-20BE3FF63202-SegmentedRaftLog:OPENED:c-1,f-1,i0, conf=-1: [24274e9f-e41f-4654-9afc-a783ca44e44b:192.168.69.67:35902, 988115cd-21c9-4558-b198-f2cedd98ccf3:192.168.69.67:44208, c52c3de9-0ed1-4f2b-ba1d-f317ceeb0ceb:192.168.69.67:37615], old=null
2019-10-18 07:13:53,830 [c52c3de9-0ed1-4f2b-ba1d-f317ceeb0ceb@group-20BE3FF63202-LeaderElection31] INFO  impl.RaftServerImpl (RaftServerImpl.java:setRole(184)) - c52c3de9-0ed1-4f2b-ba1d-f317ceeb0ceb@group-20BE3FF63202: changes role from CANDIDATE to FOLLOWER at term 11 for DISCOVERED_A_NEW_TERM
2019-10-18 07:13:53,830 [c52c3de9-0ed1-4f2b-ba1d-f317ceeb0ceb@group-20BE3FF63202-LeaderElection31] INFO  impl.RoleInfo (RoleInfo.java:shutdownLeaderElection(134)) - c52c3de9-0ed1-4f2b-ba1d-f317ceeb0ceb: shutdown LeaderElection
2019-10-18 07:13:53,830 [c52c3de9-0ed1-4f2b-ba1d-f317ceeb0ceb@group-20BE3FF63202-LeaderElection31] INFO  impl.RoleInfo (RoleInfo.java:updateAndGet(143)) - c52c3de9-0ed1-4f2b-ba1d-f317ceeb0ceb: start FollowerState
2019-10-18 07:13:54,023 [Thread-496] INFO  impl.FollowerState (FollowerState.java:run(108)) - c52c3de9-0ed1-4f2b-ba1d-f317ceeb0ceb@group-20BE3FF63202-FollowerState: change to CANDIDATE, lastRpcTime:192ms, electionTimeout:192ms
2019-10-18 07:13:54,023 [Thread-496] INFO  impl.RoleInfo (RoleInfo.java:shutdownFollowerState(121)) - c52c3de9-0ed1-4f2b-ba1d-f317ceeb0ceb: shutdown FollowerState
2019-10-18 07:13:54,023 [Thread-496] INFO  impl.RaftServerImpl (RaftServerImpl.java:setRole(184)) - c52c3de9-0ed1-4f2b-ba1d-f317ceeb0ceb@group-20BE3FF63202: changes role from  FOLLOWER to CANDIDATE at term 11 for changeToCandidate
2019-10-18 07:13:54,023 [Thread-496] INFO  impl.RoleInfo (RoleInfo.java:updateAndGet(143)) - c52c3de9-0ed1-4f2b-ba1d-f317ceeb0ceb: start LeaderElection
2019-10-18 07:13:54,070 [c52c3de9-0ed1-4f2b-ba1d-f317ceeb0ceb@group-20BE3FF63202-LeaderElection32] INFO  impl.LeaderElection (LeaderElection.java:askForVotes(178)) - c52c3de9-0ed1-4f2b-ba1d-f317ceeb0ceb@group-20BE3FF63202-LeaderElection32: begin an election at term 12 for -1: [24274e9f-e41f-4654-9afc-a783ca44e44b:192.168.69.67:35902, 988115cd-21c9-4558-b198-f2cedd98ccf3:192.168.69.67:44208, c52c3de9-0ed1-4f2b-ba1d-f317ceeb0ceb:192.168.69.67:37615], old=null
2019-10-18 07:13:54,074 [grpc-default-executor-0] INFO  impl.RaftServerImpl (RaftServerImpl.java:setRole(184)) - 988115cd-21c9-4558-b198-f2cedd98ccf3@group-20BE3FF63202: changes role from  FOLLOWER to FOLLOWER at term 12 for recognizeCandidate:c52c3de9-0ed1-4f2b-ba1d-f317ceeb0ceb
2019-10-18 07:13:54,074 [grpc-default-executor-0] INFO  impl.RoleInfo (RoleInfo.java:shutdownFollowerState(121)) - 988115cd-21c9-4558-b198-f2cedd98ccf3: shutdown FollowerState
2019-10-18 07:13:54,074 [grpc-default-executor-0] INFO  impl.RoleInfo (RoleInfo.java:updateAndGet(143)) - 988115cd-21c9-4558-b198-f2cedd98ccf3: start FollowerState
2019-10-18 07:13:54,074 [grpc-default-executor-1] INFO  impl.RaftServerImpl (RaftServerImpl.java:setRole(184)) - 24274e9f-e41f-4654-9afc-a783ca44e44b@group-20BE3FF63202: changes role from  FOLLOWER to FOLLOWER at term 12 for recognizeCandidate:c52c3de9-0ed1-4f2b-ba1d-f317ceeb0ceb
2019-10-18 07:13:54,074 [grpc-default-executor-1] INFO  impl.RoleInfo (RoleInfo.java:shutdownFollowerState(121)) - 24274e9f-e41f-4654-9afc-a783ca44e44b: shutdown FollowerState
2019-10-18 07:13:54,074 [Thread-494] INFO  impl.FollowerState (FollowerState.java:run(117)) - 988115cd-21c9-4558-b198-f2cedd98ccf3@group-20BE3FF63202-FollowerState was interrupted: java.lang.InterruptedException: sleep interrupted
2019-10-18 07:13:54,075 [Thread-495] INFO  impl.FollowerState (FollowerState.java:run(117)) - 24274e9f-e41f-4654-9afc-a783ca44e44b@group-20BE3FF63202-FollowerState was interrupted: java.lang.InterruptedException: sleep interrupted
2019-10-18 07:13:54,075 [grpc-default-executor-1] INFO  impl.RoleInfo (RoleInfo.java:updateAndGet(143)) - 24274e9f-e41f-4654-9afc-a783ca44e44b: start FollowerState
2019-10-18 07:13:54,095 [c52c3de9-0ed1-4f2b-ba1d-f317ceeb0ceb@group-20BE3FF63202-LeaderElection32] INFO  impl.LeaderElection (LeaderElection.java:logAndReturn(56)) - c52c3de9-0ed1-4f2b-ba1d-f317ceeb0ceb@group-20BE3FF63202-LeaderElection32: Election TIMEOUT; received 0 response(s) [] and 0 exception(s); c52c3de9-0ed1-4f2b-ba1d-f317ceeb0ceb@group-20BE3FF63202:t12, leader=null, voted=c52c3de9-0ed1-4f2b-ba1d-f317ceeb0ceb, raftlog=c52c3de9-0ed1-4f2b-ba1d-f317ceeb0ceb@group-20BE3FF63202-SegmentedRaftLog:OPENED:c-1,f-1,i0, conf=-1: [24274e9f-e41f-4654-9afc-a783ca44e44b:192.168.69.67:35902, 988115cd-21c9-4558-b198-f2cedd98ccf3:192.168.69.67:44208, c52c3de9-0ed1-4f2b-ba1d-f317ceeb0ceb:192.168.69.67:37615], old=null
2019-10-18 07:13:54,132 [c52c3de9-0ed1-4f2b-ba1d-f317ceeb0ceb@group-20BE3FF63202-LeaderElection32] INFO  impl.LeaderElection (LeaderElection.java:askForVotes(178)) - c52c3de9-0ed1-4f2b-ba1d-f317ceeb0ceb@group-20BE3FF63202-LeaderElection32: begin an election at term 13 for -1: [24274e9f-e41f-4654-9afc-a783ca44e44b:192.168.69.67:35902, 988115cd-21c9-4558-b198-f2cedd98ccf3:192.168.69.67:44208, c52c3de9-0ed1-4f2b-ba1d-f317ceeb0ceb:192.168.69.67:37615], old=null
2019-10-18 07:13:54,135 [grpc-default-executor-0] INFO  impl.RaftServerImpl (RaftServerImpl.java:setRole(184)) - 24274e9f-e41f-4654-9afc-a783ca44e44b@group-20BE3FF63202: changes role from  FOLLOWER to FOLLOWER at term 13 for recognizeCandidate:c52c3de9-0ed1-4f2b-ba1d-f317ceeb0ceb
2019-10-18 07:13:54,135 [grpc-default-executor-1] INFO  impl.RaftServerImpl (RaftServerImpl.java:setRole(184)) - 988115cd-21c9-4558-b198-f2cedd98ccf3@group-20BE3FF63202: changes role from  FOLLOWER to FOLLOWER at term 13 for recognizeCandidate:c52c3de9-0ed1-4f2b-ba1d-f317ceeb0ceb
2019-10-18 07:13:54,135 [grpc-default-executor-0] INFO  impl.RoleInfo (RoleInfo.java:shutdownFollowerState(121)) - 24274e9f-e41f-4654-9afc-a783ca44e44b: shutdown FollowerState
2019-10-18 07:13:54,135 [grpc-default-executor-1] INFO  impl.RoleInfo (RoleInfo.java:shutdownFollowerState(121)) - 988115cd-21c9-4558-b198-f2cedd98ccf3: shutdown FollowerState
2019-10-18 07:13:54,135 [grpc-default-executor-0] INFO  impl.RoleInfo (RoleInfo.java:updateAndGet(143)) - 24274e9f-e41f-4654-9afc-a783ca44e44b: start FollowerState
2019-10-18 07:13:54,135 [Thread-501] INFO  impl.FollowerState (FollowerState.java:run(117)) - 24274e9f-e41f-4654-9afc-a783ca44e44b@group-20BE3FF63202-FollowerState was interrupted: java.lang.InterruptedException: sleep interrupted
2019-10-18 07:13:54,135 [Thread-500] INFO  impl.FollowerState (FollowerState.java:run(117)) - 988115cd-21c9-4558-b198-f2cedd98ccf3@group-20BE3FF63202-FollowerState was interrupted: java.lang.InterruptedException: sleep interrupted
2019-10-18 07:13:54,135 [grpc-default-executor-1] INFO  impl.RoleInfo (RoleInfo.java:updateAndGet(143)) - 988115cd-21c9-4558-b198-f2cedd98ccf3: start FollowerState
2019-10-18 07:13:54,166 [c52c3de9-0ed1-4f2b-ba1d-f317ceeb0ceb@group-20BE3FF63202-LeaderElection32] INFO  impl.LeaderElection (LeaderElection.java:logAndReturn(56)) - c52c3de9-0ed1-4f2b-ba1d-f317ceeb0ceb@group-20BE3FF63202-LeaderElection32: Election REJECTED; received 2 response(s) [c52c3de9-0ed1-4f2b-ba1d-f317ceeb0ceb<-24274e9f-e41f-4654-9afc-a783ca44e44b#0:FAIL-t13, c52c3de9-0ed1-4f2b-ba1d-f317ceeb0ceb<-988115cd-21c9-4558-b198-f2cedd98ccf3#0:FAIL-t13] and 0 exception(s); c52c3de9-0ed1-4f2b-ba1d-f317ceeb0ceb@group-20BE3FF63202:t13, leader=null, voted=c52c3de9-0ed1-4f2b-ba1d-f317ceeb0ceb, raftlog=c52c3de9-0ed1-4f2b-ba1d-f317ceeb0ceb@group-20BE3FF63202-SegmentedRaftLog:OPENED:c-1,f-1,i0, conf=-1: [24274e9f-e41f-4654-9afc-a783ca44e44b:192.168.69.67:35902, 988115cd-21c9-4558-b198-f2cedd98ccf3:192.168.69.67:44208, c52c3de9-0ed1-4f2b-ba1d-f317ceeb0ceb:192.168.69.67:37615], old=null
2019-10-18 07:13:54,166 [c52c3de9-0ed1-4f2b-ba1d-f317ceeb0ceb@group-20BE3FF63202-LeaderElection32] INFO  impl.RaftServerImpl (RaftServerImpl.java:setRole(184)) - c52c3de9-0ed1-4f2b-ba1d-f317ceeb0ceb@group-20BE3FF63202: changes role from CANDIDATE to FOLLOWER at term 13 for DISCOVERED_A_NEW_TERM
2019-10-18 07:13:54,166 [c52c3de9-0ed1-4f2b-ba1d-f317ceeb0ceb@group-20BE3FF63202-LeaderElection32] INFO  impl.RoleInfo (RoleInfo.java:shutdownLeaderElection(134)) - c52c3de9-0ed1-4f2b-ba1d-f317ceeb0ceb: shutdown LeaderElection
2019-10-18 07:13:54,166 [c52c3de9-0ed1-4f2b-ba1d-f317ceeb0ceb@group-20BE3FF63202-LeaderElection32] INFO  impl.RoleInfo (RoleInfo.java:updateAndGet(143)) - c52c3de9-0ed1-4f2b-ba1d-f317ceeb0ceb: start FollowerState
2019-10-18 07:13:54,191 [Thread-506] INFO  impl.FollowerState (FollowerState.java:run(108)) - c52c3de9-0ed1-4f2b-ba1d-f317ceeb0ceb@group-20BE3FF63202-FollowerState: change to CANDIDATE, lastRpcTime:24ms, electionTimeout:24ms
2019-10-18 07:13:54,191 [Thread-506] INFO  impl.RoleInfo (RoleInfo.java:shutdownFollowerState(121)) - c52c3de9-0ed1-4f2b-ba1d-f317ceeb0ceb: shutdown FollowerState
2019-10-18 07:13:54,191 [Thread-506] INFO  impl.RaftServerImpl (RaftServerImpl.java:setRole(184)) - c52c3de9-0ed1-4f2b-ba1d-f317ceeb0ceb@group-20BE3FF63202: changes role from  FOLLOWER to CANDIDATE at term 13 for changeToCandidate
2019-10-18 07:13:54,191 [Thread-506] INFO  impl.RoleInfo (RoleInfo.java:updateAndGet(143)) - c52c3de9-0ed1-4f2b-ba1d-f317ceeb0ceb: start LeaderElection
2019-10-18 07:13:54,229 [c52c3de9-0ed1-4f2b-ba1d-f317ceeb0ceb@group-20BE3FF63202-LeaderElection33] INFO  impl.LeaderElection (LeaderElection.java:askForVotes(178)) - c52c3de9-0ed1-4f2b-ba1d-f317ceeb0ceb@group-20BE3FF63202-LeaderElection33: begin an election at term 14 for -1: [24274e9f-e41f-4654-9afc-a783ca44e44b:192.168.69.67:35902, 988115cd-21c9-4558-b198-f2cedd98ccf3:192.168.69.67:44208, c52c3de9-0ed1-4f2b-ba1d-f317ceeb0ceb:192.168.69.67:37615], old=null
2019-10-18 07:13:54,232 [grpc-default-executor-1] INFO  impl.RaftServerImpl (RaftServerImpl.java:setRole(184)) - 24274e9f-e41f-4654-9afc-a783ca44e44b@group-20BE3FF63202: changes role from  FOLLOWER to FOLLOWER at term 14 for recognizeCandidate:c52c3de9-0ed1-4f2b-ba1d-f317ceeb0ceb
2019-10-18 07:13:54,232 [grpc-default-executor-0] INFO  impl.RaftServerImpl (RaftServerImpl.java:setRole(184)) - 988115cd-21c9-4558-b198-f2cedd98ccf3@group-20BE3FF63202: changes role from  FOLLOWER to FOLLOWER at term 14 for recognizeCandidate:c52c3de9-0ed1-4f2b-ba1d-f317ceeb0ceb
2019-10-18 07:13:54,233 [grpc-default-executor-1] INFO  impl.RoleInfo (RoleInfo.java:shutdownFollowerState(121)) - 24274e9f-e41f-4654-9afc-a783ca44e44b: shutdown FollowerState
2019-10-18 07:13:54,233 [grpc-default-executor-0] INFO  impl.RoleInfo (RoleInfo.java:shutdownFollowerState(121)) - 988115cd-21c9-4558-b198-f2cedd98ccf3: shutdown FollowerState
2019-10-18 07:13:54,233 [Thread-504] INFO  impl.FollowerState (FollowerState.java:run(117)) - 24274e9f-e41f-4654-9afc-a783ca44e44b@group-20BE3FF63202-FollowerState was interrupted: java.lang.InterruptedException: sleep interrupted
2019-10-18 07:13:54,233 [grpc-default-executor-0] INFO  impl.RoleInfo (RoleInfo.java:updateAndGet(143)) - 988115cd-21c9-4558-b198-f2cedd98ccf3: start FollowerState
2019-10-18 07:13:54,233 [grpc-default-executor-1] INFO  impl.RoleInfo (RoleInfo.java:updateAndGet(143)) - 24274e9f-e41f-4654-9afc-a783ca44e44b: start FollowerState
2019-10-18 07:13:54,233 [Thread-505] INFO  impl.FollowerState (FollowerState.java:run(117)) - 988115cd-21c9-4558-b198-f2cedd98ccf3@group-20BE3FF63202-FollowerState was interrupted: java.lang.InterruptedException: sleep interrupted
2019-10-18 07:13:54,237 [c52c3de9-0ed1-4f2b-ba1d-f317ceeb0ceb@group-20BE3FF63202-LeaderElection33] INFO  impl.LeaderElection (LeaderElection.java:logAndReturn(56)) - c52c3de9-0ed1-4f2b-ba1d-f317ceeb0ceb@group-20BE3FF63202-LeaderElection33: Election TIMEOUT; received 0 response(s) [] and 0 exception(s); c52c3de9-0ed1-4f2b-ba1d-f317ceeb0ceb@group-20BE3FF63202:t14, leader=null, voted=c52c3de9-0ed1-4f2b-ba1d-f317ceeb0ceb, raftlog=c52c3de9-0ed1-4f2b-ba1d-f317ceeb0ceb@group-20BE3FF63202-SegmentedRaftLog:OPENED:c-1,f-1,i0, conf=-1: [24274e9f-e41f-4654-9afc-a783ca44e44b:192.168.69.67:35902, 988115cd-21c9-4558-b198-f2cedd98ccf3:192.168.69.67:44208, c52c3de9-0ed1-4f2b-ba1d-f317ceeb0ceb:192.168.69.67:37615], old=null
2019-10-18 07:13:54,260 [c52c3de9-0ed1-4f2b-ba1d-f317ceeb0ceb@group-20BE3FF63202-LeaderElection33] INFO  impl.LeaderElection (LeaderElection.java:askForVotes(178)) - c52c3de9-0ed1-4f2b-ba1d-f317ceeb0ceb@group-20BE3FF63202-LeaderElection33: begin an election at term 15 for -1: [24274e9f-e41f-4654-9afc-a783ca44e44b:192.168.69.67:35902, 988115cd-21c9-4558-b198-f2cedd98ccf3:192.168.69.67:44208, c52c3de9-0ed1-4f2b-ba1d-f317ceeb0ceb:192.168.69.67:37615], old=null
2019-10-18 07:13:54,263 [grpc-default-executor-1] INFO  impl.RaftServerImpl (RaftServerImpl.java:setRole(184)) - 24274e9f-e41f-4654-9afc-a783ca44e44b@group-20BE3FF63202: changes role from  FOLLOWER to FOLLOWER at term 15 for recognizeCandidate:c52c3de9-0ed1-4f2b-ba1d-f317ceeb0ceb
2019-10-18 07:13:54,263 [grpc-default-executor-0] INFO  impl.RaftServerImpl (RaftServerImpl.java:setRole(184)) - 988115cd-21c9-4558-b198-f2cedd98ccf3@group-20BE3FF63202: changes role from  FOLLOWER to FOLLOWER at term 15 for recognizeCandidate:c52c3de9-0ed1-4f2b-ba1d-f317ceeb0ceb
2019-10-18 07:13:54,263 [grpc-default-executor-1] INFO  impl.RoleInfo (RoleInfo.java:shutdownFollowerState(121)) - 24274e9f-e41f-4654-9afc-a783ca44e44b: shutdown FollowerState
2019-10-18 07:13:54,263 [grpc-default-executor-0] INFO  impl.RoleInfo (RoleInfo.java:shutdownFollowerState(121)) - 988115cd-21c9-4558-b198-f2cedd98ccf3: shutdown FollowerState
2019-10-18 07:13:54,264 [grpc-default-executor-1] INFO  impl.RoleInfo (RoleInfo.java:updateAndGet(143)) - 24274e9f-e41f-4654-9afc-a783ca44e44b: start FollowerState
2019-10-18 07:13:54,264 [Thread-510] INFO  impl.FollowerState (FollowerState.java:run(117)) - 24274e9f-e41f-4654-9afc-a783ca44e44b@group-20BE3FF63202-FollowerState was interrupted: java.lang.InterruptedException: sleep interrupted
2019-10-18 07:13:54,264 [grpc-default-executor-0] INFO  impl.RoleInfo (RoleInfo.java:updateAndGet(143)) - 988115cd-21c9-4558-b198-f2cedd98ccf3: start FollowerState
2019-10-18 07:13:54,264 [Thread-511] INFO  impl.FollowerState (FollowerState.java:run(117)) - 988115cd-21c9-4558-b198-f2cedd98ccf3@group-20BE3FF63202-FollowerState was interrupted: java.lang.InterruptedException: sleep interrupted
2019-10-18 07:13:54,297 [c52c3de9-0ed1-4f2b-ba1d-f317ceeb0ceb@group-20BE3FF63202-LeaderElection33] INFO  impl.LeaderElection (LeaderElection.java:logAndReturn(56)) - c52c3de9-0ed1-4f2b-ba1d-f317ceeb0ceb@group-20BE3FF63202-LeaderElection33: Election REJECTED; received 2 response(s) [c52c3de9-0ed1-4f2b-ba1d-f317ceeb0ceb<-24274e9f-e41f-4654-9afc-a783ca44e44b#0:FAIL-t15, c52c3de9-0ed1-4f2b-ba1d-f317ceeb0ceb<-988115cd-21c9-4558-b198-f2cedd98ccf3#0:FAIL-t15] and 0 exception(s); c52c3de9-0ed1-4f2b-ba1d-f317ceeb0ceb@group-20BE3FF63202:t15, leader=null, voted=c52c3de9-0ed1-4f2b-ba1d-f317ceeb0ceb, raftlog=c52c3de9-0ed1-4f2b-ba1d-f317ceeb0ceb@group-20BE3FF63202-SegmentedRaftLog:OPENED:c-1,f-1,i0, conf=-1: [24274e9f-e41f-4654-9afc-a783ca44e44b:192.168.69.67:35902, 988115cd-21c9-4558-b198-f2cedd98ccf3:192.168.69.67:44208, c52c3de9-0ed1-4f2b-ba1d-f317ceeb0ceb:192.168.69.67:37615], old=null
2019-10-18 07:13:54,297 [c52c3de9-0ed1-4f2b-ba1d-f317ceeb0ceb@group-20BE3FF63202-LeaderElection33] INFO  impl.RaftServerImpl (RaftServerImpl.java:setRole(184)) - c52c3de9-0ed1-4f2b-ba1d-f317ceeb0ceb@group-20BE3FF63202: changes role from CANDIDATE to FOLLOWER at term 15 for DISCOVERED_A_NEW_TERM
2019-10-18 07:13:54,297 [c52c3de9-0ed1-4f2b-ba1d-f317ceeb0ceb@group-20BE3FF63202-LeaderElection33] INFO  impl.RoleInfo (RoleInfo.java:shutdownLeaderElection(134)) - c52c3de9-0ed1-4f2b-ba1d-f317ceeb0ceb: shutdown LeaderElection
2019-10-18 07:13:54,298 [c52c3de9-0ed1-4f2b-ba1d-f317ceeb0ceb@group-20BE3FF63202-LeaderElection33] INFO  impl.RoleInfo (RoleInfo.java:updateAndGet(143)) - c52c3de9-0ed1-4f2b-ba1d-f317ceeb0ceb: start FollowerState
2019-10-18 07:13:54,340 [Thread-516] INFO  impl.FollowerState (FollowerState.java:run(108)) - c52c3de9-0ed1-4f2b-ba1d-f317ceeb0ceb@group-20BE3FF63202-FollowerState: change to CANDIDATE, lastRpcTime:42ms, electionTimeout:42ms
2019-10-18 07:13:54,340 [Thread-516] INFO  impl.RoleInfo (RoleInfo.java:shutdownFollowerState(121)) - c52c3de9-0ed1-4f2b-ba1d-f317ceeb0ceb: shutdown FollowerState
2019-10-18 07:13:54,340 [Thread-516] INFO  impl.RaftServerImpl (RaftServerImpl.java:setRole(184)) - c52c3de9-0ed1-4f2b-ba1d-f317ceeb0ceb@group-20BE3FF63202: changes role from  FOLLOWER to CANDIDATE at term 15 for changeToCandidate
2019-10-18 07:13:54,341 [Thread-516] INFO  impl.RoleInfo (RoleInfo.java:updateAndGet(143)) - c52c3de9-0ed1-4f2b-ba1d-f317ceeb0ceb: start LeaderElection
2019-10-18 07:13:54,398 [c52c3de9-0ed1-4f2b-ba1d-f317ceeb0ceb@group-20BE3FF63202-LeaderElection34] INFO  impl.LeaderElection (LeaderElection.java:askForVotes(178)) - c52c3de9-0ed1-4f2b-ba1d-f317ceeb0ceb@group-20BE3FF63202-LeaderElection34: begin an election at term 16 for -1: [24274e9f-e41f-4654-9afc-a783ca44e44b:192.168.69.67:35902, 988115cd-21c9-4558-b198-f2cedd98ccf3:192.168.69.67:44208, c52c3de9-0ed1-4f2b-ba1d-f317ceeb0ceb:192.168.69.67:37615], old=null
2019-10-18 07:13:54,401 [grpc-default-executor-0] INFO  impl.RaftServerImpl (RaftServerImpl.java:setRole(184)) - 988115cd-21c9-4558-b198-f2cedd98ccf3@group-20BE3FF63202: changes role from  FOLLOWER to FOLLOWER at term 16 for recognizeCandidate:c52c3de9-0ed1-4f2b-ba1d-f317ceeb0ceb
2019-10-18 07:13:54,401 [grpc-default-executor-1] INFO  impl.RaftServerImpl (RaftServerImpl.java:setRole(184)) - 24274e9f-e41f-4654-9afc-a783ca44e44b@group-20BE3FF63202: changes role from  FOLLOWER to FOLLOWER at term 16 for recognizeCandidate:c52c3de9-0ed1-4f2b-ba1d-f317ceeb0ceb
2019-10-18 07:13:54,401 [grpc-default-executor-0] INFO  impl.RoleInfo (RoleInfo.java:shutdownFollowerState(121)) - 988115cd-21c9-4558-b198-f2cedd98ccf3: shutdown FollowerState
2019-10-18 07:13:54,402 [grpc-default-executor-1] INFO  impl.RoleInfo (RoleInfo.java:shutdownFollowerState(121)) - 24274e9f-e41f-4654-9afc-a783ca44e44b: shutdown FollowerState
2019-10-18 07:13:54,402 [Thread-515] INFO  impl.FollowerState (FollowerState.java:run(117)) - 988115cd-21c9-4558-b198-f2cedd98ccf3@group-20BE3FF63202-FollowerState was interrupted: java.lang.InterruptedException: sleep interrupted
2019-10-18 07:13:54,402 [grpc-default-executor-0] INFO  impl.RoleInfo (RoleInfo.java:updateAndGet(143)) - 988115cd-21c9-4558-b198-f2cedd98ccf3: start FollowerState
2019-10-18 07:13:54,402 [grpc-default-executor-1] INFO  impl.RoleInfo (RoleInfo.java:updateAndGet(143)) - 24274e9f-e41f-4654-9afc-a783ca44e44b: start FollowerState
2019-10-18 07:13:54,402 [Thread-514] INFO  impl.FollowerState (FollowerState.java:run(117)) - 24274e9f-e41f-4654-9afc-a783ca44e44b@group-20BE3FF63202-FollowerState was interrupted: java.lang.InterruptedException: sleep interrupted
2019-10-18 07:13:54,450 [c52c3de9-0ed1-4f2b-ba1d-f317ceeb0ceb@group-20BE3FF63202-LeaderElection34] INFO  impl.LeaderElection (LeaderElection.java:logAndReturn(56)) - c52c3de9-0ed1-4f2b-ba1d-f317ceeb0ceb@group-20BE3FF63202-LeaderElection34: Election REJECTED; received 2 response(s) [c52c3de9-0ed1-4f2b-ba1d-f317ceeb0ceb<-24274e9f-e41f-4654-9afc-a783ca44e44b#0:FAIL-t16, c52c3de9-0ed1-4f2b-ba1d-f317ceeb0ceb<-988115cd-21c9-4558-b198-f2cedd98ccf3#0:FAIL-t16] and 0 exception(s); c52c3de9-0ed1-4f2b-ba1d-f317ceeb0ceb@group-20BE3FF63202:t16, leader=null, voted=c52c3de9-0ed1-4f2b-ba1d-f317ceeb0ceb, raftlog=c52c3de9-0ed1-4f2b-ba1d-f317ceeb0ceb@group-20BE3FF63202-SegmentedRaftLog:OPENED:c-1,f-1,i0, conf=-1: [24274e9f-e41f-4654-9afc-a783ca44e44b:192.168.69.67:35902, 988115cd-21c9-4558-b198-f2cedd98ccf3:192.168.69.67:44208, c52c3de9-0ed1-4f2b-ba1d-f317ceeb0ceb:192.168.69.67:37615], old=null
2019-10-18 07:13:54,450 [c52c3de9-0ed1-4f2b-ba1d-f317ceeb0ceb@group-20BE3FF63202-LeaderElection34] INFO  impl.RaftServerImpl (RaftServerImpl.java:setRole(184)) - c52c3de9-0ed1-4f2b-ba1d-f317ceeb0ceb@group-20BE3FF63202: changes role from CANDIDATE to FOLLOWER at term 16 for DISCOVERED_A_NEW_TERM
2019-10-18 07:13:54,450 [c52c3de9-0ed1-4f2b-ba1d-f317ceeb0ceb@group-20BE3FF63202-LeaderElection34] INFO  impl.RoleInfo (RoleInfo.java:shutdownLeaderElection(134)) - c52c3de9-0ed1-4f2b-ba1d-f317ceeb0ceb: shutdown LeaderElection
2019-10-18 07:13:54,450 [c52c3de9-0ed1-4f2b-ba1d-f317ceeb0ceb@group-20BE3FF63202-LeaderElection34] INFO  impl.RoleInfo (RoleInfo.java:updateAndGet(143)) - c52c3de9-0ed1-4f2b-ba1d-f317ceeb0ceb: start FollowerState
2019-10-18 07:13:54,455 [main] INFO  ozone.MiniOzoneClusterImpl (MiniOzoneClusterImpl.java:lambda$waitForClusterToBeReady$2(164)) - Waiting for 1 number of pipelines out of 9, to report a leader.
2019-10-18 07:13:54,613 [Thread-522] INFO  impl.FollowerState (FollowerState.java:run(108)) - c52c3de9-0ed1-4f2b-ba1d-f317ceeb0ceb@group-20BE3FF63202-FollowerState: change to CANDIDATE, lastRpcTime:162ms, electionTimeout:158ms
2019-10-18 07:13:54,613 [Thread-522] INFO  impl.RoleInfo (RoleInfo.java:shutdownFollowerState(121)) - c52c3de9-0ed1-4f2b-ba1d-f317ceeb0ceb: shutdown FollowerState
2019-10-18 07:13:54,613 [Thread-522] INFO  impl.RaftServerImpl (RaftServerImpl.java:setRole(184)) - c52c3de9-0ed1-4f2b-ba1d-f317ceeb0ceb@group-20BE3FF63202: changes role from  FOLLOWER to CANDIDATE at term 16 for changeToCandidate
2019-10-18 07:13:54,614 [Thread-522] INFO  impl.RoleInfo (RoleInfo.java:updateAndGet(143)) - c52c3de9-0ed1-4f2b-ba1d-f317ceeb0ceb: start LeaderElection
2019-10-18 07:13:54,676 [c52c3de9-0ed1-4f2b-ba1d-f317ceeb0ceb@group-20BE3FF63202-LeaderElection35] INFO  impl.LeaderElection (LeaderElection.java:askForVotes(178)) - c52c3de9-0ed1-4f2b-ba1d-f317ceeb0ceb@group-20BE3FF63202-LeaderElection35: begin an election at term 17 for -1: [24274e9f-e41f-4654-9afc-a783ca44e44b:192.168.69.67:35902, 988115cd-21c9-4558-b198-f2cedd98ccf3:192.168.69.67:44208, c52c3de9-0ed1-4f2b-ba1d-f317ceeb0ceb:192.168.69.67:37615], old=null
2019-10-18 07:13:54,680 [grpc-default-executor-1] INFO  impl.RaftServerImpl (RaftServerImpl.java:setRole(184)) - 24274e9f-e41f-4654-9afc-a783ca44e44b@group-20BE3FF63202: changes role from  FOLLOWER to FOLLOWER at term 17 for recognizeCandidate:c52c3de9-0ed1-4f2b-ba1d-f317ceeb0ceb
2019-10-18 07:13:54,680 [grpc-default-executor-0] INFO  impl.RaftServerImpl (RaftServerImpl.java:setRole(184)) - 988115cd-21c9-4558-b198-f2cedd98ccf3@group-20BE3FF63202: changes role from  FOLLOWER to FOLLOWER at term 17 for recognizeCandidate:c52c3de9-0ed1-4f2b-ba1d-f317ceeb0ceb
2019-10-18 07:13:54,680 [grpc-default-executor-1] INFO  impl.RoleInfo (RoleInfo.java:shutdownFollowerState(121)) - 24274e9f-e41f-4654-9afc-a783ca44e44b: shutdown FollowerState
2019-10-18 07:13:54,680 [grpc-default-executor-0] INFO  impl.RoleInfo (RoleInfo.java:shutdownFollowerState(121)) - 988115cd-21c9-4558-b198-f2cedd98ccf3: shutdown FollowerState
2019-10-18 07:13:54,680 [Thread-521] INFO  impl.FollowerState (FollowerState.java:run(117)) - 24274e9f-e41f-4654-9afc-a783ca44e44b@group-20BE3FF63202-FollowerState was interrupted: java.lang.InterruptedException: sleep interrupted
2019-10-18 07:13:54,680 [grpc-default-executor-1] INFO  impl.RoleInfo (RoleInfo.java:updateAndGet(143)) - 24274e9f-e41f-4654-9afc-a783ca44e44b: start FollowerState
2019-10-18 07:13:54,680 [grpc-default-executor-0] INFO  impl.RoleInfo (RoleInfo.java:updateAndGet(143)) - 988115cd-21c9-4558-b198-f2cedd98ccf3: start FollowerState
2019-10-18 07:13:54,680 [Thread-520] INFO  impl.FollowerState (FollowerState.java:run(117)) - 988115cd-21c9-4558-b198-f2cedd98ccf3@group-20BE3FF63202-FollowerState was interrupted: java.lang.InterruptedException: sleep interrupted
2019-10-18 07:13:54,709 [c52c3de9-0ed1-4f2b-ba1d-f317ceeb0ceb@group-20BE3FF63202-LeaderElection35] INFO  impl.LeaderElection (LeaderElection.java:logAndReturn(56)) - c52c3de9-0ed1-4f2b-ba1d-f317ceeb0ceb@group-20BE3FF63202-LeaderElection35: Election REJECTED; received 2 response(s) [c52c3de9-0ed1-4f2b-ba1d-f317ceeb0ceb<-24274e9f-e41f-4654-9afc-a783ca44e44b#0:FAIL-t17, c52c3de9-0ed1-4f2b-ba1d-f317ceeb0ceb<-988115cd-21c9-4558-b198-f2cedd98ccf3#0:FAIL-t17] and 0 exception(s); c52c3de9-0ed1-4f2b-ba1d-f317ceeb0ceb@group-20BE3FF63202:t17, leader=null, voted=c52c3de9-0ed1-4f2b-ba1d-f317ceeb0ceb, raftlog=c52c3de9-0ed1-4f2b-ba1d-f317ceeb0ceb@group-20BE3FF63202-SegmentedRaftLog:OPENED:c-1,f-1,i0, conf=-1: [24274e9f-e41f-4654-9afc-a783ca44e44b:192.168.69.67:35902, 988115cd-21c9-4558-b198-f2cedd98ccf3:192.168.69.67:44208, c52c3de9-0ed1-4f2b-ba1d-f317ceeb0ceb:192.168.69.67:37615], old=null
2019-10-18 07:13:54,709 [c52c3de9-0ed1-4f2b-ba1d-f317ceeb0ceb@group-20BE3FF63202-LeaderElection35] INFO  impl.RaftServerImpl (RaftServerImpl.java:setRole(184)) - c52c3de9-0ed1-4f2b-ba1d-f317ceeb0ceb@group-20BE3FF63202: changes role from CANDIDATE to FOLLOWER at term 17 for DISCOVERED_A_NEW_TERM
2019-10-18 07:13:54,709 [c52c3de9-0ed1-4f2b-ba1d-f317ceeb0ceb@group-20BE3FF63202-LeaderElection35] INFO  impl.RoleInfo (RoleInfo.java:shutdownLeaderElection(134)) - c52c3de9-0ed1-4f2b-ba1d-f317ceeb0ceb: shutdown LeaderElection
2019-10-18 07:13:54,709 [c52c3de9-0ed1-4f2b-ba1d-f317ceeb0ceb@group-20BE3FF63202-LeaderElection35] INFO  impl.RoleInfo (RoleInfo.java:updateAndGet(143)) - c52c3de9-0ed1-4f2b-ba1d-f317ceeb0ceb: start FollowerState
2019-10-18 07:13:54,802 [Thread-528] INFO  impl.FollowerState (FollowerState.java:run(108)) - c52c3de9-0ed1-4f2b-ba1d-f317ceeb0ceb@group-20BE3FF63202-FollowerState: change to CANDIDATE, lastRpcTime:92ms, electionTimeout:92ms
2019-10-18 07:13:54,802 [Thread-528] INFO  impl.RoleInfo (RoleInfo.java:shutdownFollowerState(121)) - c52c3de9-0ed1-4f2b-ba1d-f317ceeb0ceb: shutdown FollowerState
2019-10-18 07:13:54,802 [Thread-528] INFO  impl.RaftServerImpl (RaftServerImpl.java:setRole(184)) - c52c3de9-0ed1-4f2b-ba1d-f317ceeb0ceb@group-20BE3FF63202: changes role from  FOLLOWER to CANDIDATE at term 17 for changeToCandidate
2019-10-18 07:13:54,803 [Thread-528] INFO  impl.RoleInfo (RoleInfo.java:updateAndGet(143)) - c52c3de9-0ed1-4f2b-ba1d-f317ceeb0ceb: start LeaderElection
2019-10-18 07:13:54,838 [c52c3de9-0ed1-4f2b-ba1d-f317ceeb0ceb@group-20BE3FF63202-LeaderElection36] INFO  impl.LeaderElection (LeaderElection.java:askForVotes(178)) - c52c3de9-0ed1-4f2b-ba1d-f317ceeb0ceb@group-20BE3FF63202-LeaderElection36: begin an election at term 18 for -1: [24274e9f-e41f-4654-9afc-a783ca44e44b:192.168.69.67:35902, 988115cd-21c9-4558-b198-f2cedd98ccf3:192.168.69.67:44208, c52c3de9-0ed1-4f2b-ba1d-f317ceeb0ceb:192.168.69.67:37615], old=null
2019-10-18 07:13:54,842 [grpc-default-executor-0] INFO  impl.RaftServerImpl (RaftServerImpl.java:setRole(184)) - 24274e9f-e41f-4654-9afc-a783ca44e44b@group-20BE3FF63202: changes role from  FOLLOWER to FOLLOWER at term 18 for recognizeCandidate:c52c3de9-0ed1-4f2b-ba1d-f317ceeb0ceb
2019-10-18 07:13:54,842 [grpc-default-executor-1] INFO  impl.RaftServerImpl (RaftServerImpl.java:setRole(184)) - 988115cd-21c9-4558-b198-f2cedd98ccf3@group-20BE3FF63202: changes role from  FOLLOWER to FOLLOWER at term 18 for recognizeCandidate:c52c3de9-0ed1-4f2b-ba1d-f317ceeb0ceb
2019-10-18 07:13:54,842 [grpc-default-executor-0] INFO  impl.RoleInfo (RoleInfo.java:shutdownFollowerState(121)) - 24274e9f-e41f-4654-9afc-a783ca44e44b: shutdown FollowerState
2019-10-18 07:13:54,842 [grpc-default-executor-1] INFO  impl.RoleInfo (RoleInfo.java:shutdownFollowerState(121)) - 988115cd-21c9-4558-b198-f2cedd98ccf3: shutdown FollowerState
2019-10-18 07:13:54,842 [Thread-526] INFO  impl.FollowerState (FollowerState.java:run(117)) - 24274e9f-e41f-4654-9afc-a783ca44e44b@group-20BE3FF63202-FollowerState was interrupted: java.lang.InterruptedException: sleep interrupted
2019-10-18 07:13:54,842 [grpc-default-executor-0] INFO  impl.RoleInfo (RoleInfo.java:updateAndGet(143)) - 24274e9f-e41f-4654-9afc-a783ca44e44b: start FollowerState
2019-10-18 07:13:54,842 [Thread-527] INFO  impl.FollowerState (FollowerState.java:run(117)) - 988115cd-21c9-4558-b198-f2cedd98ccf3@group-20BE3FF63202-FollowerState was interrupted: java.lang.InterruptedException: sleep interrupted
2019-10-18 07:13:54,842 [grpc-default-executor-1] INFO  impl.RoleInfo (RoleInfo.java:updateAndGet(143)) - 988115cd-21c9-4558-b198-f2cedd98ccf3: start FollowerState
2019-10-18 07:13:54,881 [c52c3de9-0ed1-4f2b-ba1d-f317ceeb0ceb@group-20BE3FF63202-LeaderElection36] INFO  impl.LeaderElection (LeaderElection.java:logAndReturn(56)) - c52c3de9-0ed1-4f2b-ba1d-f317ceeb0ceb@group-20BE3FF63202-LeaderElection36: Election REJECTED; received 2 response(s) [c52c3de9-0ed1-4f2b-ba1d-f317ceeb0ceb<-24274e9f-e41f-4654-9afc-a783ca44e44b#0:FAIL-t18, c52c3de9-0ed1-4f2b-ba1d-f317ceeb0ceb<-988115cd-21c9-4558-b198-f2cedd98ccf3#0:FAIL-t18] and 0 exception(s); c52c3de9-0ed1-4f2b-ba1d-f317ceeb0ceb@group-20BE3FF63202:t18, leader=null, voted=c52c3de9-0ed1-4f2b-ba1d-f317ceeb0ceb, raftlog=c52c3de9-0ed1-4f2b-ba1d-f317ceeb0ceb@group-20BE3FF63202-SegmentedRaftLog:OPENED:c-1,f-1,i0, conf=-1: [24274e9f-e41f-4654-9afc-a783ca44e44b:192.168.69.67:35902, 988115cd-21c9-4558-b198-f2cedd98ccf3:192.168.69.67:44208, c52c3de9-0ed1-4f2b-ba1d-f317ceeb0ceb:192.168.69.67:37615], old=null
2019-10-18 07:13:54,881 [c52c3de9-0ed1-4f2b-ba1d-f317ceeb0ceb@group-20BE3FF63202-LeaderElection36] INFO  impl.RaftServerImpl (RaftServerImpl.java:setRole(184)) - c52c3de9-0ed1-4f2b-ba1d-f317ceeb0ceb@group-20BE3FF63202: changes role from CANDIDATE to FOLLOWER at term 18 for DISCOVERED_A_NEW_TERM
2019-10-18 07:13:54,881 [c52c3de9-0ed1-4f2b-ba1d-f317ceeb0ceb@group-20BE3FF63202-LeaderElection36] INFO  impl.RoleInfo (RoleInfo.java:shutdownLeaderElection(134)) - c52c3de9-0ed1-4f2b-ba1d-f317ceeb0ceb: shutdown LeaderElection
2019-10-18 07:13:54,881 [c52c3de9-0ed1-4f2b-ba1d-f317ceeb0ceb@group-20BE3FF63202-LeaderElection36] INFO  impl.RoleInfo (RoleInfo.java:updateAndGet(143)) - c52c3de9-0ed1-4f2b-ba1d-f317ceeb0ceb: start FollowerState
2019-10-18 07:13:55,015 [Thread-534] INFO  impl.FollowerState (FollowerState.java:run(108)) - c52c3de9-0ed1-4f2b-ba1d-f317ceeb0ceb@group-20BE3FF63202-FollowerState: change to CANDIDATE, lastRpcTime:133ms, electionTimeout:133ms
2019-10-18 07:13:55,015 [Thread-534] INFO  impl.RoleInfo (RoleInfo.java:shutdownFollowerState(121)) - c52c3de9-0ed1-4f2b-ba1d-f317ceeb0ceb: shutdown FollowerState
2019-10-18 07:13:55,015 [Thread-534] INFO  impl.RaftServerImpl (RaftServerImpl.java:setRole(184)) - c52c3de9-0ed1-4f2b-ba1d-f317ceeb0ceb@group-20BE3FF63202: changes role from  FOLLOWER to CANDIDATE at term 18 for changeToCandidate
2019-10-18 07:13:55,015 [Thread-534] INFO  impl.RoleInfo (RoleInfo.java:updateAndGet(143)) - c52c3de9-0ed1-4f2b-ba1d-f317ceeb0ceb: start LeaderElection
2019-10-18 07:13:55,084 [c52c3de9-0ed1-4f2b-ba1d-f317ceeb0ceb@group-20BE3FF63202-LeaderElection37] INFO  impl.LeaderElection (LeaderElection.java:askForVotes(178)) - c52c3de9-0ed1-4f2b-ba1d-f317ceeb0ceb@group-20BE3FF63202-LeaderElection37: begin an election at term 19 for -1: [24274e9f-e41f-4654-9afc-a783ca44e44b:192.168.69.67:35902, 988115cd-21c9-4558-b198-f2cedd98ccf3:192.168.69.67:44208, c52c3de9-0ed1-4f2b-ba1d-f317ceeb0ceb:192.168.69.67:37615], old=null
2019-10-18 07:13:55,088 [grpc-default-executor-1] INFO  impl.RaftServerImpl (RaftServerImpl.java:setRole(184)) - 988115cd-21c9-4558-b198-f2cedd98ccf3@group-20BE3FF63202: changes role from  FOLLOWER to FOLLOWER at term 19 for recognizeCandidate:c52c3de9-0ed1-4f2b-ba1d-f317ceeb0ceb
2019-10-18 07:13:55,088 [grpc-default-executor-0] INFO  impl.RaftServerImpl (RaftServerImpl.java:setRole(184)) - 24274e9f-e41f-4654-9afc-a783ca44e44b@group-20BE3FF63202: changes role from  FOLLOWER to FOLLOWER at term 19 for recognizeCandidate:c52c3de9-0ed1-4f2b-ba1d-f317ceeb0ceb
2019-10-18 07:13:55,088 [grpc-default-executor-1] INFO  impl.RoleInfo (RoleInfo.java:shutdownFollowerState(121)) - 988115cd-21c9-4558-b198-f2cedd98ccf3: shutdown FollowerState
2019-10-18 07:13:55,088 [grpc-default-executor-0] INFO  impl.RoleInfo (RoleInfo.java:shutdownFollowerState(121)) - 24274e9f-e41f-4654-9afc-a783ca44e44b: shutdown FollowerState
2019-10-18 07:13:55,088 [Thread-533] INFO  impl.FollowerState (FollowerState.java:run(117)) - 988115cd-21c9-4558-b198-f2cedd98ccf3@group-20BE3FF63202-FollowerState was interrupted: java.lang.InterruptedException: sleep interrupted
2019-10-18 07:13:55,088 [grpc-default-executor-1] INFO  impl.RoleInfo (RoleInfo.java:updateAndGet(143)) - 988115cd-21c9-4558-b198-f2cedd98ccf3: start FollowerState
2019-10-18 07:13:55,088 [grpc-default-executor-0] INFO  impl.RoleInfo (RoleInfo.java:updateAndGet(143)) - 24274e9f-e41f-4654-9afc-a783ca44e44b: start FollowerState
2019-10-18 07:13:55,088 [Thread-532] INFO  impl.FollowerState (FollowerState.java:run(117)) - 24274e9f-e41f-4654-9afc-a783ca44e44b@group-20BE3FF63202-FollowerState was interrupted: java.lang.InterruptedException: sleep interrupted
2019-10-18 07:13:55,121 [c52c3de9-0ed1-4f2b-ba1d-f317ceeb0ceb@group-20BE3FF63202-LeaderElection37] INFO  impl.LeaderElection (LeaderElection.java:logAndReturn(56)) - c52c3de9-0ed1-4f2b-ba1d-f317ceeb0ceb@group-20BE3FF63202-LeaderElection37: Election REJECTED; received 2 response(s) [c52c3de9-0ed1-4f2b-ba1d-f317ceeb0ceb<-24274e9f-e41f-4654-9afc-a783ca44e44b#0:FAIL-t19, c52c3de9-0ed1-4f2b-ba1d-f317ceeb0ceb<-988115cd-21c9-4558-b198-f2cedd98ccf3#0:FAIL-t19] and 0 exception(s); c52c3de9-0ed1-4f2b-ba1d-f317ceeb0ceb@group-20BE3FF63202:t19, leader=null, voted=c52c3de9-0ed1-4f2b-ba1d-f317ceeb0ceb, raftlog=c52c3de9-0ed1-4f2b-ba1d-f317ceeb0ceb@group-20BE3FF63202-SegmentedRaftLog:OPENED:c-1,f-1,i0, conf=-1: [24274e9f-e41f-4654-9afc-a783ca44e44b:192.168.69.67:35902, 988115cd-21c9-4558-b198-f2cedd98ccf3:192.168.69.67:44208, c52c3de9-0ed1-4f2b-ba1d-f317ceeb0ceb:192.168.69.67:37615], old=null
2019-10-18 07:13:55,121 [c52c3de9-0ed1-4f2b-ba1d-f317ceeb0ceb@group-20BE3FF63202-LeaderElection37] INFO  impl.RaftServerImpl (RaftServerImpl.java:setRole(184)) - c52c3de9-0ed1-4f2b-ba1d-f317ceeb0ceb@group-20BE3FF63202: changes role from CANDIDATE to FOLLOWER at term 19 for DISCOVERED_A_NEW_TERM
2019-10-18 07:13:55,121 [c52c3de9-0ed1-4f2b-ba1d-f317ceeb0ceb@group-20BE3FF63202-LeaderElection37] INFO  impl.RoleInfo (RoleInfo.java:shutdownLeaderElection(134)) - c52c3de9-0ed1-4f2b-ba1d-f317ceeb0ceb: shutdown LeaderElection
2019-10-18 07:13:55,121 [c52c3de9-0ed1-4f2b-ba1d-f317ceeb0ceb@group-20BE3FF63202-LeaderElection37] INFO  impl.RoleInfo (RoleInfo.java:updateAndGet(143)) - c52c3de9-0ed1-4f2b-ba1d-f317ceeb0ceb: start FollowerState
2019-10-18 07:13:55,287 [Thread-540] INFO  impl.FollowerState (FollowerState.java:run(108)) - c52c3de9-0ed1-4f2b-ba1d-f317ceeb0ceb@group-20BE3FF63202-FollowerState: change to CANDIDATE, lastRpcTime:165ms, electionTimeout:165ms
2019-10-18 07:13:55,287 [Thread-540] INFO  impl.RoleInfo (RoleInfo.java:shutdownFollowerState(121)) - c52c3de9-0ed1-4f2b-ba1d-f317ceeb0ceb: shutdown FollowerState
2019-10-18 07:13:55,287 [Thread-540] INFO  impl.RaftServerImpl (RaftServerImpl.java:setRole(184)) - c52c3de9-0ed1-4f2b-ba1d-f317ceeb0ceb@group-20BE3FF63202: changes role from  FOLLOWER to CANDIDATE at term 19 for changeToCandidate
2019-10-18 07:13:55,287 [Thread-540] INFO  impl.RoleInfo (RoleInfo.java:updateAndGet(143)) - c52c3de9-0ed1-4f2b-ba1d-f317ceeb0ceb: start LeaderElection
2019-10-18 07:13:55,331 [c52c3de9-0ed1-4f2b-ba1d-f317ceeb0ceb@group-20BE3FF63202-LeaderElection38] INFO  impl.LeaderElection (LeaderElection.java:askForVotes(178)) - c52c3de9-0ed1-4f2b-ba1d-f317ceeb0ceb@group-20BE3FF63202-LeaderElection38: begin an election at term 20 for -1: [24274e9f-e41f-4654-9afc-a783ca44e44b:192.168.69.67:35902, 988115cd-21c9-4558-b198-f2cedd98ccf3:192.168.69.67:44208, c52c3de9-0ed1-4f2b-ba1d-f317ceeb0ceb:192.168.69.67:37615], old=null
2019-10-18 07:13:55,334 [grpc-default-executor-0] INFO  impl.RaftServerImpl (RaftServerImpl.java:setRole(184)) - 24274e9f-e41f-4654-9afc-a783ca44e44b@group-20BE3FF63202: changes role from  FOLLOWER to FOLLOWER at term 20 for recognizeCandidate:c52c3de9-0ed1-4f2b-ba1d-f317ceeb0ceb
2019-10-18 07:13:55,334 [grpc-default-executor-1] INFO  impl.RaftServerImpl (RaftServerImpl.java:setRole(184)) - 988115cd-21c9-4558-b198-f2cedd98ccf3@group-20BE3FF63202: changes role from  FOLLOWER to FOLLOWER at term 20 for recognizeCandidate:c52c3de9-0ed1-4f2b-ba1d-f317ceeb0ceb
2019-10-18 07:13:55,335 [grpc-default-executor-0] INFO  impl.RoleInfo (RoleInfo.java:shutdownFollowerState(121)) - 24274e9f-e41f-4654-9afc-a783ca44e44b: shutdown FollowerState
2019-10-18 07:13:55,335 [grpc-default-executor-1] INFO  impl.RoleInfo (RoleInfo.java:shutdownFollowerState(121)) - 988115cd-21c9-4558-b198-f2cedd98ccf3: shutdown FollowerState
2019-10-18 07:13:55,335 [grpc-default-executor-0] INFO  impl.RoleInfo (RoleInfo.java:updateAndGet(143)) - 24274e9f-e41f-4654-9afc-a783ca44e44b: start FollowerState
2019-10-18 07:13:55,335 [Thread-539] INFO  impl.FollowerState (FollowerState.java:run(117)) - 24274e9f-e41f-4654-9afc-a783ca44e44b@group-20BE3FF63202-FollowerState was interrupted: java.lang.InterruptedException: sleep interrupted
2019-10-18 07:13:55,335 [Thread-538] INFO  impl.FollowerState (FollowerState.java:run(117)) - 988115cd-21c9-4558-b198-f2cedd98ccf3@group-20BE3FF63202-FollowerState was interrupted: java.lang.InterruptedException: sleep interrupted
2019-10-18 07:13:55,335 [grpc-default-executor-1] INFO  impl.RoleInfo (RoleInfo.java:updateAndGet(143)) - 988115cd-21c9-4558-b198-f2cedd98ccf3: start FollowerState
2019-10-18 07:13:55,367 [c52c3de9-0ed1-4f2b-ba1d-f317ceeb0ceb@group-20BE3FF63202-LeaderElection38] INFO  impl.LeaderElection (LeaderElection.java:logAndReturn(56)) - c52c3de9-0ed1-4f2b-ba1d-f317ceeb0ceb@group-20BE3FF63202-LeaderElection38: Election REJECTED; received 2 response(s) [c52c3de9-0ed1-4f2b-ba1d-f317ceeb0ceb<-24274e9f-e41f-4654-9afc-a783ca44e44b#0:FAIL-t20, c52c3de9-0ed1-4f2b-ba1d-f317ceeb0ceb<-988115cd-21c9-4558-b198-f2cedd98ccf3#0:FAIL-t20] and 0 exception(s); c52c3de9-0ed1-4f2b-ba1d-f317ceeb0ceb@group-20BE3FF63202:t20, leader=null, voted=c52c3de9-0ed1-4f2b-ba1d-f317ceeb0ceb, raftlog=c52c3de9-0ed1-4f2b-ba1d-f317ceeb0ceb@group-20BE3FF63202-SegmentedRaftLog:OPENED:c-1,f-1,i0, conf=-1: [24274e9f-e41f-4654-9afc-a783ca44e44b:192.168.69.67:35902, 988115cd-21c9-4558-b198-f2cedd98ccf3:192.168.69.67:44208, c52c3de9-0ed1-4f2b-ba1d-f317ceeb0ceb:192.168.69.67:37615], old=null
2019-10-18 07:13:55,367 [c52c3de9-0ed1-4f2b-ba1d-f317ceeb0ceb@group-20BE3FF63202-LeaderElection38] INFO  impl.RaftServerImpl (RaftServerImpl.java:setRole(184)) - c52c3de9-0ed1-4f2b-ba1d-f317ceeb0ceb@group-20BE3FF63202: changes role from CANDIDATE to FOLLOWER at term 20 for DISCOVERED_A_NEW_TERM
2019-10-18 07:13:55,367 [c52c3de9-0ed1-4f2b-ba1d-f317ceeb0ceb@group-20BE3FF63202-LeaderElection38] INFO  impl.RoleInfo (RoleInfo.java:shutdownLeaderElection(134)) - c52c3de9-0ed1-4f2b-ba1d-f317ceeb0ceb: shutdown LeaderElection
2019-10-18 07:13:55,367 [c52c3de9-0ed1-4f2b-ba1d-f317ceeb0ceb@group-20BE3FF63202-LeaderElection38] INFO  impl.RoleInfo (RoleInfo.java:updateAndGet(143)) - c52c3de9-0ed1-4f2b-ba1d-f317ceeb0ceb: start FollowerState
2019-10-18 07:13:55,412 [Thread-548] INFO  impl.FollowerState (FollowerState.java:run(108)) - c52c3de9-0ed1-4f2b-ba1d-f317ceeb0ceb@group-20BE3FF63202-FollowerState: change to CANDIDATE, lastRpcTime:44ms, electionTimeout:42ms
2019-10-18 07:13:55,412 [Thread-548] INFO  impl.RoleInfo (RoleInfo.java:shutdownFollowerState(121)) - c52c3de9-0ed1-4f2b-ba1d-f317ceeb0ceb: shutdown FollowerState
2019-10-18 07:13:55,413 [Thread-548] INFO  impl.RaftServerImpl (RaftServerImpl.java:setRole(184)) - c52c3de9-0ed1-4f2b-ba1d-f317ceeb0ceb@group-20BE3FF63202: changes role from  FOLLOWER to CANDIDATE at term 20 for changeToCandidate
2019-10-18 07:13:55,413 [Thread-548] INFO  impl.RoleInfo (RoleInfo.java:updateAndGet(143)) - c52c3de9-0ed1-4f2b-ba1d-f317ceeb0ceb: start LeaderElection
2019-10-18 07:13:55,455 [main] INFO  ozone.MiniOzoneClusterImpl (MiniOzoneClusterImpl.java:lambda$waitForClusterToBeReady$2(164)) - Waiting for 1 number of pipelines out of 9, to report a leader.
2019-10-18 07:13:55,460 [c52c3de9-0ed1-4f2b-ba1d-f317ceeb0ceb@group-20BE3FF63202-LeaderElection39] INFO  impl.LeaderElection (LeaderElection.java:askForVotes(178)) - c52c3de9-0ed1-4f2b-ba1d-f317ceeb0ceb@group-20BE3FF63202-LeaderElection39: begin an election at term 21 for -1: [24274e9f-e41f-4654-9afc-a783ca44e44b:192.168.69.67:35902, 988115cd-21c9-4558-b198-f2cedd98ccf3:192.168.69.67:44208, c52c3de9-0ed1-4f2b-ba1d-f317ceeb0ceb:192.168.69.67:37615], old=null
2019-10-18 07:13:55,464 [grpc-default-executor-0] INFO  impl.RaftServerImpl (RaftServerImpl.java:setRole(184)) - 24274e9f-e41f-4654-9afc-a783ca44e44b@group-20BE3FF63202: changes role from  FOLLOWER to FOLLOWER at term 21 for recognizeCandidate:c52c3de9-0ed1-4f2b-ba1d-f317ceeb0ceb
2019-10-18 07:13:55,464 [grpc-default-executor-1] INFO  impl.RaftServerImpl (RaftServerImpl.java:setRole(184)) - 988115cd-21c9-4558-b198-f2cedd98ccf3@group-20BE3FF63202: changes role from  FOLLOWER to FOLLOWER at term 21 for recognizeCandidate:c52c3de9-0ed1-4f2b-ba1d-f317ceeb0ceb
2019-10-18 07:13:55,464 [grpc-default-executor-0] INFO  impl.RoleInfo (RoleInfo.java:shutdownFollowerState(121)) - 24274e9f-e41f-4654-9afc-a783ca44e44b: shutdown FollowerState
2019-10-18 07:13:55,464 [grpc-default-executor-1] INFO  impl.RoleInfo (RoleInfo.java:shutdownFollowerState(121)) - 988115cd-21c9-4558-b198-f2cedd98ccf3: shutdown FollowerState
2019-10-18 07:13:55,465 [Thread-546] INFO  impl.FollowerState (FollowerState.java:run(117)) - 24274e9f-e41f-4654-9afc-a783ca44e44b@group-20BE3FF63202-FollowerState was interrupted: java.lang.InterruptedException: sleep interrupted
2019-10-18 07:13:55,465 [Thread-547] INFO  impl.FollowerState (FollowerState.java:run(117)) - 988115cd-21c9-4558-b198-f2cedd98ccf3@group-20BE3FF63202-FollowerState was interrupted: java.lang.InterruptedException: sleep interrupted
2019-10-18 07:13:55,465 [grpc-default-executor-0] INFO  impl.RoleInfo (RoleInfo.java:updateAndGet(143)) - 24274e9f-e41f-4654-9afc-a783ca44e44b: start FollowerState
2019-10-18 07:13:55,465 [grpc-default-executor-1] INFO  impl.RoleInfo (RoleInfo.java:updateAndGet(143)) - 988115cd-21c9-4558-b198-f2cedd98ccf3: start FollowerState
2019-10-18 07:13:55,502 [c52c3de9-0ed1-4f2b-ba1d-f317ceeb0ceb@group-20BE3FF63202-LeaderElection39] INFO  impl.LeaderElection (LeaderElection.java:logAndReturn(56)) - c52c3de9-0ed1-4f2b-ba1d-f317ceeb0ceb@group-20BE3FF63202-LeaderElection39: Election REJECTED; received 2 response(s) [c52c3de9-0ed1-4f2b-ba1d-f317ceeb0ceb<-24274e9f-e41f-4654-9afc-a783ca44e44b#0:FAIL-t21, c52c3de9-0ed1-4f2b-ba1d-f317ceeb0ceb<-988115cd-21c9-4558-b198-f2cedd98ccf3#0:FAIL-t21] and 0 exception(s); c52c3de9-0ed1-4f2b-ba1d-f317ceeb0ceb@group-20BE3FF63202:t21, leader=null, voted=c52c3de9-0ed1-4f2b-ba1d-f317ceeb0ceb, raftlog=c52c3de9-0ed1-4f2b-ba1d-f317ceeb0ceb@group-20BE3FF63202-SegmentedRaftLog:OPENED:c-1,f-1,i0, conf=-1: [24274e9f-e41f-4654-9afc-a783ca44e44b:192.168.69.67:35902, 988115cd-21c9-4558-b198-f2cedd98ccf3:192.168.69.67:44208, c52c3de9-0ed1-4f2b-ba1d-f317ceeb0ceb:192.168.69.67:37615], old=null
2019-10-18 07:13:55,503 [c52c3de9-0ed1-4f2b-ba1d-f317ceeb0ceb@group-20BE3FF63202-LeaderElection39] INFO  impl.RaftServerImpl (RaftServerImpl.java:setRole(184)) - c52c3de9-0ed1-4f2b-ba1d-f317ceeb0ceb@group-20BE3FF63202: changes role from CANDIDATE to FOLLOWER at term 21 for DISCOVERED_A_NEW_TERM
2019-10-18 07:13:55,503 [c52c3de9-0ed1-4f2b-ba1d-f317ceeb0ceb@group-20BE3FF63202-LeaderElection39] INFO  impl.RoleInfo (RoleInfo.java:shutdownLeaderElection(134)) - c52c3de9-0ed1-4f2b-ba1d-f317ceeb0ceb: shutdown LeaderElection
2019-10-18 07:13:55,503 [c52c3de9-0ed1-4f2b-ba1d-f317ceeb0ceb@group-20BE3FF63202-LeaderElection39] INFO  impl.RoleInfo (RoleInfo.java:updateAndGet(143)) - c52c3de9-0ed1-4f2b-ba1d-f317ceeb0ceb: start FollowerState
2019-10-18 07:13:55,604 [Thread-554] INFO  impl.FollowerState (FollowerState.java:run(108)) - c52c3de9-0ed1-4f2b-ba1d-f317ceeb0ceb@group-20BE3FF63202-FollowerState: change to CANDIDATE, lastRpcTime:101ms, electionTimeout:101ms
2019-10-18 07:13:55,605 [Thread-554] INFO  impl.RoleInfo (RoleInfo.java:shutdownFollowerState(121)) - c52c3de9-0ed1-4f2b-ba1d-f317ceeb0ceb: shutdown FollowerState
2019-10-18 07:13:55,605 [Thread-554] INFO  impl.RaftServerImpl (RaftServerImpl.java:setRole(184)) - c52c3de9-0ed1-4f2b-ba1d-f317ceeb0ceb@group-20BE3FF63202: changes role from  FOLLOWER to CANDIDATE at term 21 for changeToCandidate
2019-10-18 07:13:55,605 [Thread-554] INFO  impl.RoleInfo (RoleInfo.java:updateAndGet(143)) - c52c3de9-0ed1-4f2b-ba1d-f317ceeb0ceb: start LeaderElection
2019-10-18 07:13:55,672 [c52c3de9-0ed1-4f2b-ba1d-f317ceeb0ceb@group-20BE3FF63202-LeaderElection40] INFO  impl.LeaderElection (LeaderElection.java:askForVotes(178)) - c52c3de9-0ed1-4f2b-ba1d-f317ceeb0ceb@group-20BE3FF63202-LeaderElection40: begin an election at term 22 for -1: [24274e9f-e41f-4654-9afc-a783ca44e44b:192.168.69.67:35902, 988115cd-21c9-4558-b198-f2cedd98ccf3:192.168.69.67:44208, c52c3de9-0ed1-4f2b-ba1d-f317ceeb0ceb:192.168.69.67:37615], old=null
2019-10-18 07:13:55,675 [grpc-default-executor-0] INFO  impl.RaftServerImpl (RaftServerImpl.java:setRole(184)) - 988115cd-21c9-4558-b198-f2cedd98ccf3@group-20BE3FF63202: changes role from  FOLLOWER to FOLLOWER at term 22 for recognizeCandidate:c52c3de9-0ed1-4f2b-ba1d-f317ceeb0ceb
2019-10-18 07:13:55,675 [grpc-default-executor-1] INFO  impl.RaftServerImpl (RaftServerImpl.java:setRole(184)) - 24274e9f-e41f-4654-9afc-a783ca44e44b@group-20BE3FF63202: changes role from  FOLLOWER to FOLLOWER at term 22 for recognizeCandidate:c52c3de9-0ed1-4f2b-ba1d-f317ceeb0ceb
2019-10-18 07:13:55,676 [grpc-default-executor-0] INFO  impl.RoleInfo (RoleInfo.java:shutdownFollowerState(121)) - 988115cd-21c9-4558-b198-f2cedd98ccf3: shutdown FollowerState
2019-10-18 07:13:55,676 [grpc-default-executor-1] INFO  impl.RoleInfo (RoleInfo.java:shutdownFollowerState(121)) - 24274e9f-e41f-4654-9afc-a783ca44e44b: shutdown FollowerState
2019-10-18 07:13:55,676 [Thread-553] INFO  impl.FollowerState (FollowerState.java:run(117)) - 988115cd-21c9-4558-b198-f2cedd98ccf3@group-20BE3FF63202-FollowerState was interrupted: java.lang.InterruptedException: sleep interrupted
2019-10-18 07:13:55,676 [grpc-default-executor-0] INFO  impl.RoleInfo (RoleInfo.java:updateAndGet(143)) - 988115cd-21c9-4558-b198-f2cedd98ccf3: start FollowerState
2019-10-18 07:13:55,676 [Thread-552] INFO  impl.FollowerState (FollowerState.java:run(117)) - 24274e9f-e41f-4654-9afc-a783ca44e44b@group-20BE3FF63202-FollowerState was interrupted: java.lang.InterruptedException: sleep interrupted
2019-10-18 07:13:55,676 [grpc-default-executor-1] INFO  impl.RoleInfo (RoleInfo.java:updateAndGet(143)) - 24274e9f-e41f-4654-9afc-a783ca44e44b: start FollowerState
2019-10-18 07:13:55,701 [c52c3de9-0ed1-4f2b-ba1d-f317ceeb0ceb@group-20BE3FF63202-LeaderElection40] INFO  impl.LeaderElection (LeaderElection.java:logAndReturn(56)) - c52c3de9-0ed1-4f2b-ba1d-f317ceeb0ceb@group-20BE3FF63202-LeaderElection40: Election REJECTED; received 2 response(s) [c52c3de9-0ed1-4f2b-ba1d-f317ceeb0ceb<-24274e9f-e41f-4654-9afc-a783ca44e44b#0:FAIL-t22, c52c3de9-0ed1-4f2b-ba1d-f317ceeb0ceb<-988115cd-21c9-4558-b198-f2cedd98ccf3#0:FAIL-t22] and 0 exception(s); c52c3de9-0ed1-4f2b-ba1d-f317ceeb0ceb@group-20BE3FF63202:t22, leader=null, voted=c52c3de9-0ed1-4f2b-ba1d-f317ceeb0ceb, raftlog=c52c3de9-0ed1-4f2b-ba1d-f317ceeb0ceb@group-20BE3FF63202-SegmentedRaftLog:OPENED:c-1,f-1,i0, conf=-1: [24274e9f-e41f-4654-9afc-a783ca44e44b:192.168.69.67:35902, 988115cd-21c9-4558-b198-f2cedd98ccf3:192.168.69.67:44208, c52c3de9-0ed1-4f2b-ba1d-f317ceeb0ceb:192.168.69.67:37615], old=null
2019-10-18 07:13:55,702 [c52c3de9-0ed1-4f2b-ba1d-f317ceeb0ceb@group-20BE3FF63202-LeaderElection40] INFO  impl.RaftServerImpl (RaftServerImpl.java:setRole(184)) - c52c3de9-0ed1-4f2b-ba1d-f317ceeb0ceb@group-20BE3FF63202: changes role from CANDIDATE to FOLLOWER at term 22 for DISCOVERED_A_NEW_TERM
2019-10-18 07:13:55,702 [c52c3de9-0ed1-4f2b-ba1d-f317ceeb0ceb@group-20BE3FF63202-LeaderElection40] INFO  impl.RoleInfo (RoleInfo.java:shutdownLeaderElection(134)) - c52c3de9-0ed1-4f2b-ba1d-f317ceeb0ceb: shutdown LeaderElection
2019-10-18 07:13:55,702 [c52c3de9-0ed1-4f2b-ba1d-f317ceeb0ceb@group-20BE3FF63202-LeaderElection40] INFO  impl.RoleInfo (RoleInfo.java:updateAndGet(143)) - c52c3de9-0ed1-4f2b-ba1d-f317ceeb0ceb: start FollowerState
2019-10-18 07:13:55,838 [Thread-560] INFO  impl.FollowerState (FollowerState.java:run(108)) - c52c3de9-0ed1-4f2b-ba1d-f317ceeb0ceb@group-20BE3FF63202-FollowerState: change to CANDIDATE, lastRpcTime:135ms, electionTimeout:135ms
2019-10-18 07:13:55,838 [Thread-560] INFO  impl.RoleInfo (RoleInfo.java:shutdownFollowerState(121)) - c52c3de9-0ed1-4f2b-ba1d-f317ceeb0ceb: shutdown FollowerState
2019-10-18 07:13:55,838 [Thread-560] INFO  impl.RaftServerImpl (RaftServerImpl.java:setRole(184)) - c52c3de9-0ed1-4f2b-ba1d-f317ceeb0ceb@group-20BE3FF63202: changes role from  FOLLOWER to CANDIDATE at term 22 for changeToCandidate
2019-10-18 07:13:55,838 [Thread-560] INFO  impl.RoleInfo (RoleInfo.java:updateAndGet(143)) - c52c3de9-0ed1-4f2b-ba1d-f317ceeb0ceb: start LeaderElection
2019-10-18 07:13:55,881 [c52c3de9-0ed1-4f2b-ba1d-f317ceeb0ceb@group-20BE3FF63202-LeaderElection41] INFO  impl.LeaderElection (LeaderElection.java:askForVotes(178)) - c52c3de9-0ed1-4f2b-ba1d-f317ceeb0ceb@group-20BE3FF63202-LeaderElection41: begin an election at term 23 for -1: [24274e9f-e41f-4654-9afc-a783ca44e44b:192.168.69.67:35902, 988115cd-21c9-4558-b198-f2cedd98ccf3:192.168.69.67:44208, c52c3de9-0ed1-4f2b-ba1d-f317ceeb0ceb:192.168.69.67:37615], old=null
2019-10-18 07:13:55,883 [c52c3de9-0ed1-4f2b-ba1d-f317ceeb0ceb@group-20BE3FF63202-LeaderElection41] INFO  impl.LeaderElection (LeaderElection.java:logAndReturn(56)) - c52c3de9-0ed1-4f2b-ba1d-f317ceeb0ceb@group-20BE3FF63202-LeaderElection41: Election TIMEOUT; received 0 response(s) [] and 0 exception(s); c52c3de9-0ed1-4f2b-ba1d-f317ceeb0ceb@group-20BE3FF63202:t23, leader=null, voted=c52c3de9-0ed1-4f2b-ba1d-f317ceeb0ceb, raftlog=c52c3de9-0ed1-4f2b-ba1d-f317ceeb0ceb@group-20BE3FF63202-SegmentedRaftLog:OPENED:c-1,f-1,i0, conf=-1: [24274e9f-e41f-4654-9afc-a783ca44e44b:192.168.69.67:35902, 988115cd-21c9-4558-b198-f2cedd98ccf3:192.168.69.67:44208, c52c3de9-0ed1-4f2b-ba1d-f317ceeb0ceb:192.168.69.67:37615], old=null
2019-10-18 07:13:55,885 [grpc-default-executor-0] INFO  impl.RaftServerImpl (RaftServerImpl.java:setRole(184)) - 988115cd-21c9-4558-b198-f2cedd98ccf3@group-20BE3FF63202: changes role from  FOLLOWER to FOLLOWER at term 23 for recognizeCandidate:c52c3de9-0ed1-4f2b-ba1d-f317ceeb0ceb
2019-10-18 07:13:55,885 [grpc-default-executor-1] INFO  impl.RaftServerImpl (RaftServerImpl.java:setRole(184)) - 24274e9f-e41f-4654-9afc-a783ca44e44b@group-20BE3FF63202: changes role from  FOLLOWER to FOLLOWER at term 23 for recognizeCandidate:c52c3de9-0ed1-4f2b-ba1d-f317ceeb0ceb
2019-10-18 07:13:55,885 [grpc-default-executor-0] INFO  impl.RoleInfo (RoleInfo.java:shutdownFollowerState(121)) - 988115cd-21c9-4558-b198-f2cedd98ccf3: shutdown FollowerState
2019-10-18 07:13:55,885 [grpc-default-executor-1] INFO  impl.RoleInfo (RoleInfo.java:shutdownFollowerState(121)) - 24274e9f-e41f-4654-9afc-a783ca44e44b: shutdown FollowerState
2019-10-18 07:13:55,886 [Thread-558] INFO  impl.FollowerState (FollowerState.java:run(117)) - 988115cd-21c9-4558-b198-f2cedd98ccf3@group-20BE3FF63202-FollowerState was interrupted: java.lang.InterruptedException: sleep interrupted
2019-10-18 07:13:55,886 [grpc-default-executor-0] INFO  impl.RoleInfo (RoleInfo.java:updateAndGet(143)) - 988115cd-21c9-4558-b198-f2cedd98ccf3: start FollowerState
2019-10-18 07:13:55,886 [Thread-559] INFO  impl.FollowerState (FollowerState.java:run(117)) - 24274e9f-e41f-4654-9afc-a783ca44e44b@group-20BE3FF63202-FollowerState was interrupted: java.lang.InterruptedException: sleep interrupted
2019-10-18 07:13:55,886 [grpc-default-executor-1] INFO  impl.RoleInfo (RoleInfo.java:updateAndGet(143)) - 24274e9f-e41f-4654-9afc-a783ca44e44b: start FollowerState
2019-10-18 07:13:55,918 [c52c3de9-0ed1-4f2b-ba1d-f317ceeb0ceb@group-20BE3FF63202-LeaderElection41] INFO  impl.LeaderElection (LeaderElection.java:askForVotes(178)) - c52c3de9-0ed1-4f2b-ba1d-f317ceeb0ceb@group-20BE3FF63202-LeaderElection41: begin an election at term 24 for -1: [24274e9f-e41f-4654-9afc-a783ca44e44b:192.168.69.67:35902, 988115cd-21c9-4558-b198-f2cedd98ccf3:192.168.69.67:44208, c52c3de9-0ed1-4f2b-ba1d-f317ceeb0ceb:192.168.69.67:37615], old=null
2019-10-18 07:13:55,922 [grpc-default-executor-1] INFO  impl.RaftServerImpl (RaftServerImpl.java:setRole(184)) - 24274e9f-e41f-4654-9afc-a783ca44e44b@group-20BE3FF63202: changes role from  FOLLOWER to FOLLOWER at term 24 for recognizeCandidate:c52c3de9-0ed1-4f2b-ba1d-f317ceeb0ceb
2019-10-18 07:13:55,922 [grpc-default-executor-0] INFO  impl.RaftServerImpl (RaftServerImpl.java:setRole(184)) - 988115cd-21c9-4558-b198-f2cedd98ccf3@group-20BE3FF63202: changes role from  FOLLOWER to FOLLOWER at term 24 for recognizeCandidate:c52c3de9-0ed1-4f2b-ba1d-f317ceeb0ceb
2019-10-18 07:13:55,922 [grpc-default-executor-1] INFO  impl.RoleInfo (RoleInfo.java:shutdownFollowerState(121)) - 24274e9f-e41f-4654-9afc-a783ca44e44b: shutdown FollowerState
2019-10-18 07:13:55,922 [grpc-default-executor-0] INFO  impl.RoleInfo (RoleInfo.java:shutdownFollowerState(121)) - 988115cd-21c9-4558-b198-f2cedd98ccf3: shutdown FollowerState
2019-10-18 07:13:55,922 [Thread-565] INFO  impl.FollowerState (FollowerState.java:run(117)) - 24274e9f-e41f-4654-9afc-a783ca44e44b@group-20BE3FF63202-FollowerState was interrupted: java.lang.InterruptedException: sleep interrupted
2019-10-18 07:13:55,922 [grpc-default-executor-1] INFO  impl.RoleInfo (RoleInfo.java:updateAndGet(143)) - 24274e9f-e41f-4654-9afc-a783ca44e44b: start FollowerState
2019-10-18 07:13:55,923 [Thread-564] INFO  impl.FollowerState (FollowerState.java:run(117)) - 988115cd-21c9-4558-b198-f2cedd98ccf3@group-20BE3FF63202-FollowerState was interrupted: java.lang.InterruptedException: sleep interrupted
2019-10-18 07:13:55,923 [grpc-default-executor-0] INFO  impl.RoleInfo (RoleInfo.java:updateAndGet(143)) - 988115cd-21c9-4558-b198-f2cedd98ccf3: start FollowerState
2019-10-18 07:13:55,975 [c52c3de9-0ed1-4f2b-ba1d-f317ceeb0ceb@group-20BE3FF63202-LeaderElection41] INFO  impl.LeaderElection (LeaderElection.java:logAndReturn(56)) - c52c3de9-0ed1-4f2b-ba1d-f317ceeb0ceb@group-20BE3FF63202-LeaderElection41: Election REJECTED; received 2 response(s) [c52c3de9-0ed1-4f2b-ba1d-f317ceeb0ceb<-24274e9f-e41f-4654-9afc-a783ca44e44b#0:FAIL-t24, c52c3de9-0ed1-4f2b-ba1d-f317ceeb0ceb<-988115cd-21c9-4558-b198-f2cedd98ccf3#0:FAIL-t24] and 0 exception(s); c52c3de9-0ed1-4f2b-ba1d-f317ceeb0ceb@group-20BE3FF63202:t24, leader=null, voted=c52c3de9-0ed1-4f2b-ba1d-f317ceeb0ceb, raftlog=c52c3de9-0ed1-4f2b-ba1d-f317ceeb0ceb@group-20BE3FF63202-SegmentedRaftLog:OPENED:c-1,f-1,i0, conf=-1: [24274e9f-e41f-4654-9afc-a783ca44e44b:192.168.69.67:35902, 988115cd-21c9-4558-b198-f2cedd98ccf3:192.168.69.67:44208, c52c3de9-0ed1-4f2b-ba1d-f317ceeb0ceb:192.168.69.67:37615], old=null
2019-10-18 07:13:55,975 [c52c3de9-0ed1-4f2b-ba1d-f317ceeb0ceb@group-20BE3FF63202-LeaderElection41] INFO  impl.RaftServerImpl (RaftServerImpl.java:setRole(184)) - c52c3de9-0ed1-4f2b-ba1d-f317ceeb0ceb@group-20BE3FF63202: changes role from CANDIDATE to FOLLOWER at term 24 for DISCOVERED_A_NEW_TERM
2019-10-18 07:13:55,976 [c52c3de9-0ed1-4f2b-ba1d-f317ceeb0ceb@group-20BE3FF63202-LeaderElection41] INFO  impl.RoleInfo (RoleInfo.java:shutdownLeaderElection(134)) - c52c3de9-0ed1-4f2b-ba1d-f317ceeb0ceb: shutdown LeaderElection
2019-10-18 07:13:55,976 [c52c3de9-0ed1-4f2b-ba1d-f317ceeb0ceb@group-20BE3FF63202-LeaderElection41] INFO  impl.RoleInfo (RoleInfo.java:updateAndGet(143)) - c52c3de9-0ed1-4f2b-ba1d-f317ceeb0ceb: start FollowerState
2019-10-18 07:13:56,087 [Thread-570] INFO  impl.FollowerState (FollowerState.java:run(108)) - c52c3de9-0ed1-4f2b-ba1d-f317ceeb0ceb@group-20BE3FF63202-FollowerState: change to CANDIDATE, lastRpcTime:110ms, electionTimeout:110ms
2019-10-18 07:13:56,087 [Thread-570] INFO  impl.RoleInfo (RoleInfo.java:shutdownFollowerState(121)) - c52c3de9-0ed1-4f2b-ba1d-f317ceeb0ceb: shutdown FollowerState
2019-10-18 07:13:56,087 [Thread-570] INFO  impl.RaftServerImpl (RaftServerImpl.java:setRole(184)) - c52c3de9-0ed1-4f2b-ba1d-f317ceeb0ceb@group-20BE3FF63202: changes role from  FOLLOWER to CANDIDATE at term 24 for changeToCandidate
2019-10-18 07:13:56,087 [Thread-570] INFO  impl.RoleInfo (RoleInfo.java:updateAndGet(143)) - c52c3de9-0ed1-4f2b-ba1d-f317ceeb0ceb: start LeaderElection
2019-10-18 07:13:56,136 [c52c3de9-0ed1-4f2b-ba1d-f317ceeb0ceb@group-20BE3FF63202-LeaderElection42] INFO  impl.LeaderElection (LeaderElection.java:askForVotes(178)) - c52c3de9-0ed1-4f2b-ba1d-f317ceeb0ceb@group-20BE3FF63202-LeaderElection42: begin an election at term 25 for -1: [24274e9f-e41f-4654-9afc-a783ca44e44b:192.168.69.67:35902, 988115cd-21c9-4558-b198-f2cedd98ccf3:192.168.69.67:44208, c52c3de9-0ed1-4f2b-ba1d-f317ceeb0ceb:192.168.69.67:37615], old=null
2019-10-18 07:13:56,139 [c52c3de9-0ed1-4f2b-ba1d-f317ceeb0ceb@group-20BE3FF63202-LeaderElection42] INFO  impl.LeaderElection (LeaderElection.java:logAndReturn(56)) - c52c3de9-0ed1-4f2b-ba1d-f317ceeb0ceb@group-20BE3FF63202-LeaderElection42: Election TIMEOUT; received 0 response(s) [] and 0 exception(s); c52c3de9-0ed1-4f2b-ba1d-f317ceeb0ceb@group-20BE3FF63202:t25, leader=null, voted=c52c3de9-0ed1-4f2b-ba1d-f317ceeb0ceb, raftlog=c52c3de9-0ed1-4f2b-ba1d-f317ceeb0ceb@group-20BE3FF63202-SegmentedRaftLog:OPENED:c-1,f-1,i0, conf=-1: [24274e9f-e41f-4654-9afc-a783ca44e44b:192.168.69.67:35902, 988115cd-21c9-4558-b198-f2cedd98ccf3:192.168.69.67:44208, c52c3de9-0ed1-4f2b-ba1d-f317ceeb0ceb:192.168.69.67:37615], old=null
2019-10-18 07:13:56,141 [grpc-default-executor-0] INFO  impl.RaftServerImpl (RaftServerImpl.java:setRole(184)) - 24274e9f-e41f-4654-9afc-a783ca44e44b@group-20BE3FF63202: changes role from  FOLLOWER to FOLLOWER at term 25 for recognizeCandidate:c52c3de9-0ed1-4f2b-ba1d-f317ceeb0ceb
2019-10-18 07:13:56,141 [grpc-default-executor-1] INFO  impl.RaftServerImpl (RaftServerImpl.java:setRole(184)) - 988115cd-21c9-4558-b198-f2cedd98ccf3@group-20BE3FF63202: changes role from  FOLLOWER to FOLLOWER at term 25 for recognizeCandidate:c52c3de9-0ed1-4f2b-ba1d-f317ceeb0ceb
2019-10-18 07:13:56,141 [grpc-default-executor-0] INFO  impl.RoleInfo (RoleInfo.java:shutdownFollowerState(121)) - 24274e9f-e41f-4654-9afc-a783ca44e44b: shutdown FollowerState
2019-10-18 07:13:56,141 [grpc-default-executor-1] INFO  impl.RoleInfo (RoleInfo.java:shutdownFollowerState(121)) - 988115cd-21c9-4558-b198-f2cedd98ccf3: shutdown FollowerState
2019-10-18 07:13:56,141 [Thread-568] INFO  impl.FollowerState (FollowerState.java:run(117)) - 24274e9f-e41f-4654-9afc-a783ca44e44b@group-20BE3FF63202-FollowerState was interrupted: java.lang.InterruptedException: sleep interrupted
2019-10-18 07:13:56,141 [grpc-default-executor-0] INFO  impl.RoleInfo (RoleInfo.java:updateAndGet(143)) - 24274e9f-e41f-4654-9afc-a783ca44e44b: start FollowerState
2019-10-18 07:13:56,141 [Thread-569] INFO  impl.FollowerState (FollowerState.java:run(117)) - 988115cd-21c9-4558-b198-f2cedd98ccf3@group-20BE3FF63202-FollowerState was interrupted: java.lang.InterruptedException: sleep interrupted
2019-10-18 07:13:56,141 [grpc-default-executor-1] INFO  impl.RoleInfo (RoleInfo.java:updateAndGet(143)) - 988115cd-21c9-4558-b198-f2cedd98ccf3: start FollowerState
2019-10-18 07:13:56,165 [c52c3de9-0ed1-4f2b-ba1d-f317ceeb0ceb@group-20BE3FF63202-LeaderElection42] INFO  impl.LeaderElection (LeaderElection.java:askForVotes(178)) - c52c3de9-0ed1-4f2b-ba1d-f317ceeb0ceb@group-20BE3FF63202-LeaderElection42: begin an election at term 26 for -1: [24274e9f-e41f-4654-9afc-a783ca44e44b:192.168.69.67:35902, 988115cd-21c9-4558-b198-f2cedd98ccf3:192.168.69.67:44208, c52c3de9-0ed1-4f2b-ba1d-f317ceeb0ceb:192.168.69.67:37615], old=null
2019-10-18 07:13:56,168 [grpc-default-executor-1] INFO  impl.RaftServerImpl (RaftServerImpl.java:setRole(184)) - 24274e9f-e41f-4654-9afc-a783ca44e44b@group-20BE3FF63202: changes role from  FOLLOWER to FOLLOWER at term 26 for recognizeCandidate:c52c3de9-0ed1-4f2b-ba1d-f317ceeb0ceb
2019-10-18 07:13:56,168 [grpc-default-executor-1] INFO  impl.RoleInfo (RoleInfo.java:shutdownFollowerState(121)) - 24274e9f-e41f-4654-9afc-a783ca44e44b: shutdown FollowerState
2019-10-18 07:13:56,168 [grpc-default-executor-1] INFO  impl.RoleInfo (RoleInfo.java:updateAndGet(143)) - 24274e9f-e41f-4654-9afc-a783ca44e44b: start FollowerState
2019-10-18 07:13:56,168 [grpc-default-executor-0] INFO  impl.RaftServerImpl (RaftServerImpl.java:setRole(184)) - 988115cd-21c9-4558-b198-f2cedd98ccf3@group-20BE3FF63202: changes role from  FOLLOWER to FOLLOWER at term 26 for recognizeCandidate:c52c3de9-0ed1-4f2b-ba1d-f317ceeb0ceb
2019-10-18 07:13:56,168 [Thread-574] INFO  impl.FollowerState (FollowerState.java:run(117)) - 24274e9f-e41f-4654-9afc-a783ca44e44b@group-20BE3FF63202-FollowerState was interrupted: java.lang.InterruptedException: sleep interrupted
2019-10-18 07:13:56,169 [grpc-default-executor-0] INFO  impl.RoleInfo (RoleInfo.java:shutdownFollowerState(121)) - 988115cd-21c9-4558-b198-f2cedd98ccf3: shutdown FollowerState
2019-10-18 07:13:56,169 [grpc-default-executor-0] INFO  impl.RoleInfo (RoleInfo.java:updateAndGet(143)) - 988115cd-21c9-4558-b198-f2cedd98ccf3: start FollowerState
2019-10-18 07:13:56,169 [Thread-575] INFO  impl.FollowerState (FollowerState.java:run(117)) - 988115cd-21c9-4558-b198-f2cedd98ccf3@group-20BE3FF63202-FollowerState was interrupted: java.lang.InterruptedException: sleep interrupted
2019-10-18 07:13:56,180 [c52c3de9-0ed1-4f2b-ba1d-f317ceeb0ceb@group-20BE3FF63202-LeaderElection42] INFO  impl.LeaderElection (LeaderElection.java:logAndReturn(56)) - c52c3de9-0ed1-4f2b-ba1d-f317ceeb0ceb@group-20BE3FF63202-LeaderElection42: Election REJECTED; received 2 response(s) [c52c3de9-0ed1-4f2b-ba1d-f317ceeb0ceb<-24274e9f-e41f-4654-9afc-a783ca44e44b#0:FAIL-t26, c52c3de9-0ed1-4f2b-ba1d-f317ceeb0ceb<-988115cd-21c9-4558-b198-f2cedd98ccf3#0:FAIL-t26] and 0 exception(s); c52c3de9-0ed1-4f2b-ba1d-f317ceeb0ceb@group-20BE3FF63202:t26, leader=null, voted=c52c3de9-0ed1-4f2b-ba1d-f317ceeb0ceb, raftlog=c52c3de9-0ed1-4f2b-ba1d-f317ceeb0ceb@group-20BE3FF63202-SegmentedRaftLog:OPENED:c-1,f-1,i0, conf=-1: [24274e9f-e41f-4654-9afc-a783ca44e44b:192.168.69.67:35902, 988115cd-21c9-4558-b198-f2cedd98ccf3:192.168.69.67:44208, c52c3de9-0ed1-4f2b-ba1d-f317ceeb0ceb:192.168.69.67:37615], old=null
2019-10-18 07:13:56,181 [c52c3de9-0ed1-4f2b-ba1d-f317ceeb0ceb@group-20BE3FF63202-LeaderElection42] INFO  impl.RaftServerImpl (RaftServerImpl.java:setRole(184)) - c52c3de9-0ed1-4f2b-ba1d-f317ceeb0ceb@group-20BE3FF63202: changes role from CANDIDATE to FOLLOWER at term 26 for DISCOVERED_A_NEW_TERM
2019-10-18 07:13:56,181 [c52c3de9-0ed1-4f2b-ba1d-f317ceeb0ceb@group-20BE3FF63202-LeaderElection42] INFO  impl.RoleInfo (RoleInfo.java:shutdownLeaderElection(134)) - c52c3de9-0ed1-4f2b-ba1d-f317ceeb0ceb: shutdown LeaderElection
2019-10-18 07:13:56,181 [c52c3de9-0ed1-4f2b-ba1d-f317ceeb0ceb@group-20BE3FF63202-LeaderElection42] INFO  impl.RoleInfo (RoleInfo.java:updateAndGet(143)) - c52c3de9-0ed1-4f2b-ba1d-f317ceeb0ceb: start FollowerState
2019-10-18 07:13:56,370 [Thread-580] INFO  impl.FollowerState (FollowerState.java:run(108)) - c52c3de9-0ed1-4f2b-ba1d-f317ceeb0ceb@group-20BE3FF63202-FollowerState: change to CANDIDATE, lastRpcTime:189ms, electionTimeout:189ms
2019-10-18 07:13:56,371 [Thread-580] INFO  impl.RoleInfo (RoleInfo.java:shutdownFollowerState(121)) - c52c3de9-0ed1-4f2b-ba1d-f317ceeb0ceb: shutdown FollowerState
2019-10-18 07:13:56,371 [Thread-580] INFO  impl.RaftServerImpl (RaftServerImpl.java:setRole(184)) - c52c3de9-0ed1-4f2b-ba1d-f317ceeb0ceb@group-20BE3FF63202: changes role from  FOLLOWER to CANDIDATE at term 26 for changeToCandidate
2019-10-18 07:13:56,371 [Thread-580] INFO  impl.RoleInfo (RoleInfo.java:updateAndGet(143)) - c52c3de9-0ed1-4f2b-ba1d-f317ceeb0ceb: start LeaderElection
2019-10-18 07:13:56,432 [c52c3de9-0ed1-4f2b-ba1d-f317ceeb0ceb@group-20BE3FF63202-LeaderElection43] INFO  impl.LeaderElection (LeaderElection.java:askForVotes(178)) - c52c3de9-0ed1-4f2b-ba1d-f317ceeb0ceb@group-20BE3FF63202-LeaderElection43: begin an election at term 27 for -1: [24274e9f-e41f-4654-9afc-a783ca44e44b:192.168.69.67:35902, 988115cd-21c9-4558-b198-f2cedd98ccf3:192.168.69.67:44208, c52c3de9-0ed1-4f2b-ba1d-f317ceeb0ceb:192.168.69.67:37615], old=null
2019-10-18 07:13:56,437 [grpc-default-executor-0] INFO  impl.RaftServerImpl (RaftServerImpl.java:setRole(184)) - 988115cd-21c9-4558-b198-f2cedd98ccf3@group-20BE3FF63202: changes role from  FOLLOWER to FOLLOWER at term 27 for recognizeCandidate:c52c3de9-0ed1-4f2b-ba1d-f317ceeb0ceb
2019-10-18 07:13:56,437 [grpc-default-executor-0] INFO  impl.RoleInfo (RoleInfo.java:shutdownFollowerState(121)) - 988115cd-21c9-4558-b198-f2cedd98ccf3: shutdown FollowerState
2019-10-18 07:13:56,438 [grpc-default-executor-1] INFO  impl.RaftServerImpl (RaftServerImpl.java:setRole(184)) - 24274e9f-e41f-4654-9afc-a783ca44e44b@group-20BE3FF63202: changes role from  FOLLOWER to FOLLOWER at term 27 for recognizeCandidate:c52c3de9-0ed1-4f2b-ba1d-f317ceeb0ceb
2019-10-18 07:13:56,438 [Thread-579] INFO  impl.FollowerState (FollowerState.java:run(117)) - 988115cd-21c9-4558-b198-f2cedd98ccf3@group-20BE3FF63202-FollowerState was interrupted: java.lang.InterruptedException: sleep interrupted
2019-10-18 07:13:56,438 [grpc-default-executor-0] INFO  impl.RoleInfo (RoleInfo.java:updateAndGet(143)) - 988115cd-21c9-4558-b198-f2cedd98ccf3: start FollowerState
2019-10-18 07:13:56,438 [grpc-default-executor-1] INFO  impl.RoleInfo (RoleInfo.java:shutdownFollowerState(121)) - 24274e9f-e41f-4654-9afc-a783ca44e44b: shutdown FollowerState
2019-10-18 07:13:56,438 [Thread-578] INFO  impl.FollowerState (FollowerState.java:run(117)) - 24274e9f-e41f-4654-9afc-a783ca44e44b@group-20BE3FF63202-FollowerState was interrupted: java.lang.InterruptedException: sleep interrupted
2019-10-18 07:13:56,438 [grpc-default-executor-1] INFO  impl.RoleInfo (RoleInfo.java:updateAndGet(143)) - 24274e9f-e41f-4654-9afc-a783ca44e44b: start FollowerState
2019-10-18 07:13:56,456 [main] INFO  ozone.MiniOzoneClusterImpl (MiniOzoneClusterImpl.java:lambda$waitForClusterToBeReady$2(164)) - Waiting for 1 number of pipelines out of 9, to report a leader.
2019-10-18 07:13:56,473 [c52c3de9-0ed1-4f2b-ba1d-f317ceeb0ceb@group-20BE3FF63202-LeaderElection43] INFO  impl.LeaderElection (LeaderElection.java:logAndReturn(56)) - c52c3de9-0ed1-4f2b-ba1d-f317ceeb0ceb@group-20BE3FF63202-LeaderElection43: Election REJECTED; received 2 response(s) [c52c3de9-0ed1-4f2b-ba1d-f317ceeb0ceb<-24274e9f-e41f-4654-9afc-a783ca44e44b#0:FAIL-t27, c52c3de9-0ed1-4f2b-ba1d-f317ceeb0ceb<-988115cd-21c9-4558-b198-f2cedd98ccf3#0:FAIL-t27] and 0 exception(s); c52c3de9-0ed1-4f2b-ba1d-f317ceeb0ceb@group-20BE3FF63202:t27, leader=null, voted=c52c3de9-0ed1-4f2b-ba1d-f317ceeb0ceb, raftlog=c52c3de9-0ed1-4f2b-ba1d-f317ceeb0ceb@group-20BE3FF63202-SegmentedRaftLog:OPENED:c-1,f-1,i0, conf=-1: [24274e9f-e41f-4654-9afc-a783ca44e44b:192.168.69.67:35902, 988115cd-21c9-4558-b198-f2cedd98ccf3:192.168.69.67:44208, c52c3de9-0ed1-4f2b-ba1d-f317ceeb0ceb:192.168.69.67:37615], old=null
2019-10-18 07:13:56,473 [c52c3de9-0ed1-4f2b-ba1d-f317ceeb0ceb@group-20BE3FF63202-LeaderElection43] INFO  impl.RaftServerImpl (RaftServerImpl.java:setRole(184)) - c52c3de9-0ed1-4f2b-ba1d-f317ceeb0ceb@group-20BE3FF63202: changes role from CANDIDATE to FOLLOWER at term 27 for DISCOVERED_A_NEW_TERM
2019-10-18 07:13:56,473 [c52c3de9-0ed1-4f2b-ba1d-f317ceeb0ceb@group-20BE3FF63202-LeaderElection43] INFO  impl.RoleInfo (RoleInfo.java:shutdownLeaderElection(134)) - c52c3de9-0ed1-4f2b-ba1d-f317ceeb0ceb: shutdown LeaderElection
2019-10-18 07:13:56,474 [c52c3de9-0ed1-4f2b-ba1d-f317ceeb0ceb@group-20BE3FF63202-LeaderElection43] INFO  impl.RoleInfo (RoleInfo.java:updateAndGet(143)) - c52c3de9-0ed1-4f2b-ba1d-f317ceeb0ceb: start FollowerState
2019-10-18 07:13:56,648 [Thread-586] INFO  impl.FollowerState (FollowerState.java:run(108)) - c52c3de9-0ed1-4f2b-ba1d-f317ceeb0ceb@group-20BE3FF63202-FollowerState: change to CANDIDATE, lastRpcTime:174ms, electionTimeout:174ms
2019-10-18 07:13:56,648 [Thread-586] INFO  impl.RoleInfo (RoleInfo.java:shutdownFollowerState(121)) - c52c3de9-0ed1-4f2b-ba1d-f317ceeb0ceb: shutdown FollowerState
2019-10-18 07:13:56,649 [Thread-586] INFO  impl.RaftServerImpl (RaftServerImpl.java:setRole(184)) - c52c3de9-0ed1-4f2b-ba1d-f317ceeb0ceb@group-20BE3FF63202: changes role from  FOLLOWER to CANDIDATE at term 27 for changeToCandidate
2019-10-18 07:13:56,649 [Thread-586] INFO  impl.RoleInfo (RoleInfo.java:updateAndGet(143)) - c52c3de9-0ed1-4f2b-ba1d-f317ceeb0ceb: start LeaderElection
2019-10-18 07:13:57,456 [main] INFO  ozone.MiniOzoneClusterImpl (MiniOzoneClusterImpl.java:lambda$waitForClusterToBeReady$2(164)) - Waiting for 1 number of pipelines out of 9, to report a leader.
2019-10-18 07:13:58,458 [main] INFO  ozone.MiniOzoneClusterImpl (MiniOzoneClusterImpl.java:lambda$waitForClusterToBeReady$2(164)) - Waiting for 1 number of pipelines out of 9, to report a leader.
2019-10-18 07:13:59,098 [c52c3de9-0ed1-4f2b-ba1d-f317ceeb0ceb@group-20BE3FF63202-LeaderElection44] INFO  impl.LeaderElection (LeaderElection.java:askForVotes(178)) - c52c3de9-0ed1-4f2b-ba1d-f317ceeb0ceb@group-20BE3FF63202-LeaderElection44: begin an election at term 28 for -1: [24274e9f-e41f-4654-9afc-a783ca44e44b:192.168.69.67:35902, 988115cd-21c9-4558-b198-f2cedd98ccf3:192.168.69.67:44208, c52c3de9-0ed1-4f2b-ba1d-f317ceeb0ceb:192.168.69.67:37615], old=null
2019-10-18 07:13:59,103 [grpc-default-executor-1] INFO  impl.RaftServerImpl (RaftServerImpl.java:setRole(184)) - 24274e9f-e41f-4654-9afc-a783ca44e44b@group-20BE3FF63202: changes role from  FOLLOWER to FOLLOWER at term 28 for recognizeCandidate:c52c3de9-0ed1-4f2b-ba1d-f317ceeb0ceb
2019-10-18 07:13:59,103 [grpc-default-executor-1] INFO  impl.RoleInfo (RoleInfo.java:shutdownFollowerState(121)) - 24274e9f-e41f-4654-9afc-a783ca44e44b: shutdown FollowerState
2019-10-18 07:13:59,104 [grpc-default-executor-0] INFO  impl.RaftServerImpl (RaftServerImpl.java:setRole(184)) - 988115cd-21c9-4558-b198-f2cedd98ccf3@group-20BE3FF63202: changes role from  FOLLOWER to FOLLOWER at term 28 for recognizeCandidate:c52c3de9-0ed1-4f2b-ba1d-f317ceeb0ceb
2019-10-18 07:13:59,104 [Thread-585] INFO  impl.FollowerState (FollowerState.java:run(117)) - 24274e9f-e41f-4654-9afc-a783ca44e44b@group-20BE3FF63202-FollowerState was interrupted: java.lang.InterruptedException: sleep interrupted
2019-10-18 07:13:59,104 [grpc-default-executor-0] INFO  impl.RoleInfo (RoleInfo.java:shutdownFollowerState(121)) - 988115cd-21c9-4558-b198-f2cedd98ccf3: shutdown FollowerState
2019-10-18 07:13:59,104 [grpc-default-executor-1] INFO  impl.RoleInfo (RoleInfo.java:updateAndGet(143)) - 24274e9f-e41f-4654-9afc-a783ca44e44b: start FollowerState
2019-10-18 07:13:59,104 [Thread-584] INFO  impl.FollowerState (FollowerState.java:run(117)) - 988115cd-21c9-4558-b198-f2cedd98ccf3@group-20BE3FF63202-FollowerState was interrupted: java.lang.InterruptedException: sleep interrupted
2019-10-18 07:13:59,104 [grpc-default-executor-0] INFO  impl.RoleInfo (RoleInfo.java:updateAndGet(143)) - 988115cd-21c9-4558-b198-f2cedd98ccf3: start FollowerState
2019-10-18 07:13:59,268 [c52c3de9-0ed1-4f2b-ba1d-f317ceeb0ceb@group-20BE3FF63202-LeaderElection44] INFO  impl.LeaderElection (LeaderElection.java:logAndReturn(56)) - c52c3de9-0ed1-4f2b-ba1d-f317ceeb0ceb@group-20BE3FF63202-LeaderElection44: Election TIMEOUT; received 0 response(s) [] and 0 exception(s); c52c3de9-0ed1-4f2b-ba1d-f317ceeb0ceb@group-20BE3FF63202:t28, leader=null, voted=c52c3de9-0ed1-4f2b-ba1d-f317ceeb0ceb, raftlog=c52c3de9-0ed1-4f2b-ba1d-f317ceeb0ceb@group-20BE3FF63202-SegmentedRaftLog:OPENED:c-1,f-1,i0, conf=-1: [24274e9f-e41f-4654-9afc-a783ca44e44b:192.168.69.67:35902, 988115cd-21c9-4558-b198-f2cedd98ccf3:192.168.69.67:44208, c52c3de9-0ed1-4f2b-ba1d-f317ceeb0ceb:192.168.69.67:37615], old=null
2019-10-18 07:13:59,459 [main] INFO  ozone.MiniOzoneClusterImpl (MiniOzoneClusterImpl.java:lambda$waitForClusterToBeReady$2(164)) - Waiting for 1 number of pipelines out of 9, to report a leader.
2019-10-18 07:14:00,459 [main] INFO  ozone.MiniOzoneClusterImpl (MiniOzoneClusterImpl.java:lambda$waitForClusterToBeReady$2(164)) - Waiting for 1 number of pipelines out of 9, to report a leader.
2019-10-18 07:14:00,712 [c52c3de9-0ed1-4f2b-ba1d-f317ceeb0ceb@group-20BE3FF63202-LeaderElection44] INFO  impl.LeaderElection (LeaderElection.java:askForVotes(178)) - c52c3de9-0ed1-4f2b-ba1d-f317ceeb0ceb@group-20BE3FF63202-LeaderElection44: begin an election at term 29 for -1: [24274e9f-e41f-4654-9afc-a783ca44e44b:192.168.69.67:35902, 988115cd-21c9-4558-b198-f2cedd98ccf3:192.168.69.67:44208, c52c3de9-0ed1-4f2b-ba1d-f317ceeb0ceb:192.168.69.67:37615], old=null
2019-10-18 07:14:00,715 [grpc-default-executor-1] INFO  impl.RaftServerImpl (RaftServerImpl.java:setRole(184)) - 988115cd-21c9-4558-b198-f2cedd98ccf3@group-20BE3FF63202: changes role from  FOLLOWER to FOLLOWER at term 29 for recognizeCandidate:c52c3de9-0ed1-4f2b-ba1d-f317ceeb0ceb
2019-10-18 07:14:00,715 [grpc-default-executor-1] INFO  impl.RoleInfo (RoleInfo.java:shutdownFollowerState(121)) - 988115cd-21c9-4558-b198-f2cedd98ccf3: shutdown FollowerState
2019-10-18 07:14:00,716 [grpc-default-executor-1] INFO  impl.RoleInfo (RoleInfo.java:updateAndGet(143)) - 988115cd-21c9-4558-b198-f2cedd98ccf3: start FollowerState
2019-10-18 07:14:00,716 [Thread-593] INFO  impl.FollowerState (FollowerState.java:run(117)) - 988115cd-21c9-4558-b198-f2cedd98ccf3@group-20BE3FF63202-FollowerState was interrupted: java.lang.InterruptedException: sleep interrupted
2019-10-18 07:14:00,716 [grpc-default-executor-0] INFO  impl.RaftServerImpl (RaftServerImpl.java:setRole(184)) - 24274e9f-e41f-4654-9afc-a783ca44e44b@group-20BE3FF63202: changes role from  FOLLOWER to FOLLOWER at term 29 for recognizeCandidate:c52c3de9-0ed1-4f2b-ba1d-f317ceeb0ceb
2019-10-18 07:14:00,716 [grpc-default-executor-0] INFO  impl.RoleInfo (RoleInfo.java:shutdownFollowerState(121)) - 24274e9f-e41f-4654-9afc-a783ca44e44b: shutdown FollowerState
2019-10-18 07:14:00,716 [grpc-default-executor-0] INFO  impl.RoleInfo (RoleInfo.java:updateAndGet(143)) - 24274e9f-e41f-4654-9afc-a783ca44e44b: start FollowerState
2019-10-18 07:14:00,716 [Thread-592] INFO  impl.FollowerState (FollowerState.java:run(117)) - 24274e9f-e41f-4654-9afc-a783ca44e44b@group-20BE3FF63202-FollowerState was interrupted: java.lang.InterruptedException: sleep interrupted
2019-10-18 07:14:00,767 [c52c3de9-0ed1-4f2b-ba1d-f317ceeb0ceb@group-20BE3FF63202-LeaderElection44] INFO  impl.LeaderElection (LeaderElection.java:logAndReturn(56)) - c52c3de9-0ed1-4f2b-ba1d-f317ceeb0ceb@group-20BE3FF63202-LeaderElection44: Election REJECTED; received 2 response(s) [c52c3de9-0ed1-4f2b-ba1d-f317ceeb0ceb<-24274e9f-e41f-4654-9afc-a783ca44e44b#0:FAIL-t29, c52c3de9-0ed1-4f2b-ba1d-f317ceeb0ceb<-988115cd-21c9-4558-b198-f2cedd98ccf3#0:FAIL-t29] and 0 exception(s); c52c3de9-0ed1-4f2b-ba1d-f317ceeb0ceb@group-20BE3FF63202:t29, leader=null, voted=c52c3de9-0ed1-4f2b-ba1d-f317ceeb0ceb, raftlog=c52c3de9-0ed1-4f2b-ba1d-f317ceeb0ceb@group-20BE3FF63202-SegmentedRaftLog:OPENED:c-1,f-1,i0, conf=-1: [24274e9f-e41f-4654-9afc-a783ca44e44b:192.168.69.67:35902, 988115cd-21c9-4558-b198-f2cedd98ccf3:192.168.69.67:44208, c52c3de9-0ed1-4f2b-ba1d-f317ceeb0ceb:192.168.69.67:37615], old=null
2019-10-18 07:14:00,767 [c52c3de9-0ed1-4f2b-ba1d-f317ceeb0ceb@group-20BE3FF63202-LeaderElection44] INFO  impl.RaftServerImpl (RaftServerImpl.java:setRole(184)) - c52c3de9-0ed1-4f2b-ba1d-f317ceeb0ceb@group-20BE3FF63202: changes role from CANDIDATE to FOLLOWER at term 29 for DISCOVERED_A_NEW_TERM
2019-10-18 07:14:00,767 [c52c3de9-0ed1-4f2b-ba1d-f317ceeb0ceb@group-20BE3FF63202-LeaderElection44] INFO  impl.RoleInfo (RoleInfo.java:shutdownLeaderElection(134)) - c52c3de9-0ed1-4f2b-ba1d-f317ceeb0ceb: shutdown LeaderElection
2019-10-18 07:14:00,768 [c52c3de9-0ed1-4f2b-ba1d-f317ceeb0ceb@group-20BE3FF63202-LeaderElection44] INFO  impl.RoleInfo (RoleInfo.java:updateAndGet(143)) - c52c3de9-0ed1-4f2b-ba1d-f317ceeb0ceb: start FollowerState
2019-10-18 07:14:00,955 [Thread-600] INFO  impl.FollowerState (FollowerState.java:run(108)) - c52c3de9-0ed1-4f2b-ba1d-f317ceeb0ceb@group-20BE3FF63202-FollowerState: change to CANDIDATE, lastRpcTime:187ms, electionTimeout:187ms
2019-10-18 07:14:00,956 [Thread-600] INFO  impl.RoleInfo (RoleInfo.java:shutdownFollowerState(121)) - c52c3de9-0ed1-4f2b-ba1d-f317ceeb0ceb: shutdown FollowerState
2019-10-18 07:14:00,956 [Thread-600] INFO  impl.RaftServerImpl (RaftServerImpl.java:setRole(184)) - c52c3de9-0ed1-4f2b-ba1d-f317ceeb0ceb@group-20BE3FF63202: changes role from  FOLLOWER to CANDIDATE at term 29 for changeToCandidate
2019-10-18 07:14:00,956 [Thread-600] INFO  impl.RoleInfo (RoleInfo.java:updateAndGet(143)) - c52c3de9-0ed1-4f2b-ba1d-f317ceeb0ceb: start LeaderElection
2019-10-18 07:14:01,082 [c52c3de9-0ed1-4f2b-ba1d-f317ceeb0ceb@group-20BE3FF63202-LeaderElection45] INFO  impl.LeaderElection (LeaderElection.java:askForVotes(178)) - c52c3de9-0ed1-4f2b-ba1d-f317ceeb0ceb@group-20BE3FF63202-LeaderElection45: begin an election at term 30 for -1: [24274e9f-e41f-4654-9afc-a783ca44e44b:192.168.69.67:35902, 988115cd-21c9-4558-b198-f2cedd98ccf3:192.168.69.67:44208, c52c3de9-0ed1-4f2b-ba1d-f317ceeb0ceb:192.168.69.67:37615], old=null
2019-10-18 07:14:01,088 [grpc-default-executor-1] INFO  impl.RaftServerImpl (RaftServerImpl.java:setRole(184)) - 988115cd-21c9-4558-b198-f2cedd98ccf3@group-20BE3FF63202: changes role from  FOLLOWER to FOLLOWER at term 30 for recognizeCandidate:c52c3de9-0ed1-4f2b-ba1d-f317ceeb0ceb
2019-10-18 07:14:01,088 [grpc-default-executor-0] INFO  impl.RaftServerImpl (RaftServerImpl.java:setRole(184)) - 24274e9f-e41f-4654-9afc-a783ca44e44b@group-20BE3FF63202: changes role from  FOLLOWER to FOLLOWER at term 30 for recognizeCandidate:c52c3de9-0ed1-4f2b-ba1d-f317ceeb0ceb
2019-10-18 07:14:01,088 [grpc-default-executor-1] INFO  impl.RoleInfo (RoleInfo.java:shutdownFollowerState(121)) - 988115cd-21c9-4558-b198-f2cedd98ccf3: shutdown FollowerState
2019-10-18 07:14:01,088 [grpc-default-executor-0] INFO  impl.RoleInfo (RoleInfo.java:shutdownFollowerState(121)) - 24274e9f-e41f-4654-9afc-a783ca44e44b: shutdown FollowerState
2019-10-18 07:14:01,088 [Thread-598] INFO  impl.FollowerState (FollowerState.java:run(117)) - 988115cd-21c9-4558-b198-f2cedd98ccf3@group-20BE3FF63202-FollowerState was interrupted: java.lang.InterruptedException: sleep interrupted
2019-10-18 07:14:01,089 [Thread-599] INFO  impl.FollowerState (FollowerState.java:run(117)) - 24274e9f-e41f-4654-9afc-a783ca44e44b@group-20BE3FF63202-FollowerState was interrupted: java.lang.InterruptedException: sleep interrupted
2019-10-18 07:14:01,089 [grpc-default-executor-0] INFO  impl.RoleInfo (RoleInfo.java:updateAndGet(143)) - 24274e9f-e41f-4654-9afc-a783ca44e44b: start FollowerState
2019-10-18 07:14:01,088 [grpc-default-executor-1] INFO  impl.RoleInfo (RoleInfo.java:updateAndGet(143)) - 988115cd-21c9-4558-b198-f2cedd98ccf3: start FollowerState
2019-10-18 07:14:01,129 [c52c3de9-0ed1-4f2b-ba1d-f317ceeb0ceb@group-20BE3FF63202-LeaderElection45] INFO  impl.LeaderElection (LeaderElection.java:logAndReturn(56)) - c52c3de9-0ed1-4f2b-ba1d-f317ceeb0ceb@group-20BE3FF63202-LeaderElection45: Election TIMEOUT; received 0 response(s) [] and 0 exception(s); c52c3de9-0ed1-4f2b-ba1d-f317ceeb0ceb@group-20BE3FF63202:t30, leader=null, voted=c52c3de9-0ed1-4f2b-ba1d-f317ceeb0ceb, raftlog=c52c3de9-0ed1-4f2b-ba1d-f317ceeb0ceb@group-20BE3FF63202-SegmentedRaftLog:OPENED:c-1,f-1,i0, conf=-1: [24274e9f-e41f-4654-9afc-a783ca44e44b:192.168.69.67:35902, 988115cd-21c9-4558-b198-f2cedd98ccf3:192.168.69.67:44208, c52c3de9-0ed1-4f2b-ba1d-f317ceeb0ceb:192.168.69.67:37615], old=null
2019-10-18 07:14:01,160 [c52c3de9-0ed1-4f2b-ba1d-f317ceeb0ceb@group-20BE3FF63202-LeaderElection45] INFO  impl.LeaderElection (LeaderElection.java:askForVotes(178)) - c52c3de9-0ed1-4f2b-ba1d-f317ceeb0ceb@group-20BE3FF63202-LeaderElection45: begin an election at term 31 for -1: [24274e9f-e41f-4654-9afc-a783ca44e44b:192.168.69.67:35902, 988115cd-21c9-4558-b198-f2cedd98ccf3:192.168.69.67:44208, c52c3de9-0ed1-4f2b-ba1d-f317ceeb0ceb:192.168.69.67:37615], old=null
2019-10-18 07:14:01,164 [grpc-default-executor-0] INFO  impl.RaftServerImpl (RaftServerImpl.java:setRole(184)) - 24274e9f-e41f-4654-9afc-a783ca44e44b@group-20BE3FF63202: changes role from  FOLLOWER to FOLLOWER at term 31 for recognizeCandidate:c52c3de9-0ed1-4f2b-ba1d-f317ceeb0ceb
2019-10-18 07:14:01,165 [grpc-default-executor-1] INFO  impl.RaftServerImpl (RaftServerImpl.java:setRole(184)) - 988115cd-21c9-4558-b198-f2cedd98ccf3@group-20BE3FF63202: changes role from  FOLLOWER to FOLLOWER at term 31 for recognizeCandidate:c52c3de9-0ed1-4f2b-ba1d-f317ceeb0ceb
2019-10-18 07:14:01,165 [grpc-default-executor-0] INFO  impl.RoleInfo (RoleInfo.java:shutdownFollowerState(121)) - 24274e9f-e41f-4654-9afc-a783ca44e44b: shutdown FollowerState
2019-10-18 07:14:01,165 [grpc-default-executor-1] INFO  impl.RoleInfo (RoleInfo.java:shutdownFollowerState(121)) - 988115cd-21c9-4558-b198-f2cedd98ccf3: shutdown FollowerState
2019-10-18 07:14:01,165 [Thread-605] INFO  impl.FollowerState (FollowerState.java:run(117)) - 24274e9f-e41f-4654-9afc-a783ca44e44b@group-20BE3FF63202-FollowerState was interrupted: java.lang.InterruptedException: sleep interrupted
2019-10-18 07:14:01,165 [Thread-604] INFO  impl.FollowerState (FollowerState.java:run(117)) - 988115cd-21c9-4558-b198-f2cedd98ccf3@group-20BE3FF63202-FollowerState was interrupted: java.lang.InterruptedException: sleep interrupted
2019-10-18 07:14:01,165 [grpc-default-executor-0] INFO  impl.RoleInfo (RoleInfo.java:updateAndGet(143)) - 24274e9f-e41f-4654-9afc-a783ca44e44b: start FollowerState
2019-10-18 07:14:01,165 [grpc-default-executor-1] INFO  impl.RoleInfo (RoleInfo.java:updateAndGet(143)) - 988115cd-21c9-4558-b198-f2cedd98ccf3: start FollowerState
2019-10-18 07:14:01,176 [c52c3de9-0ed1-4f2b-ba1d-f317ceeb0ceb@group-20BE3FF63202-LeaderElection45] INFO  impl.LeaderElection (LeaderElection.java:logAndReturn(56)) - c52c3de9-0ed1-4f2b-ba1d-f317ceeb0ceb@group-20BE3FF63202-LeaderElection45: Election TIMEOUT; received 0 response(s) [] and 0 exception(s); c52c3de9-0ed1-4f2b-ba1d-f317ceeb0ceb@group-20BE3FF63202:t31, leader=null, voted=c52c3de9-0ed1-4f2b-ba1d-f317ceeb0ceb, raftlog=c52c3de9-0ed1-4f2b-ba1d-f317ceeb0ceb@group-20BE3FF63202-SegmentedRaftLog:OPENED:c-1,f-1,i0, conf=-1: [24274e9f-e41f-4654-9afc-a783ca44e44b:192.168.69.67:35902, 988115cd-21c9-4558-b198-f2cedd98ccf3:192.168.69.67:44208, c52c3de9-0ed1-4f2b-ba1d-f317ceeb0ceb:192.168.69.67:37615], old=null
2019-10-18 07:14:01,217 [c52c3de9-0ed1-4f2b-ba1d-f317ceeb0ceb@group-20BE3FF63202-LeaderElection45] INFO  impl.LeaderElection (LeaderElection.java:askForVotes(178)) - c52c3de9-0ed1-4f2b-ba1d-f317ceeb0ceb@group-20BE3FF63202-LeaderElection45: begin an election at term 32 for -1: [24274e9f-e41f-4654-9afc-a783ca44e44b:192.168.69.67:35902, 988115cd-21c9-4558-b198-f2cedd98ccf3:192.168.69.67:44208, c52c3de9-0ed1-4f2b-ba1d-f317ceeb0ceb:192.168.69.67:37615], old=null
2019-10-18 07:14:01,220 [grpc-default-executor-0] INFO  impl.RaftServerImpl (RaftServerImpl.java:setRole(184)) - 24274e9f-e41f-4654-9afc-a783ca44e44b@group-20BE3FF63202: changes role from  FOLLOWER to FOLLOWER at term 32 for recognizeCandidate:c52c3de9-0ed1-4f2b-ba1d-f317ceeb0ceb
2019-10-18 07:14:01,220 [grpc-default-executor-1] INFO  impl.RaftServerImpl (RaftServerImpl.java:setRole(184)) - 988115cd-21c9-4558-b198-f2cedd98ccf3@group-20BE3FF63202: changes role from  FOLLOWER to FOLLOWER at term 32 for recognizeCandidate:c52c3de9-0ed1-4f2b-ba1d-f317ceeb0ceb
2019-10-18 07:14:01,220 [grpc-default-executor-0] INFO  impl.RoleInfo (RoleInfo.java:shutdownFollowerState(121)) - 24274e9f-e41f-4654-9afc-a783ca44e44b: shutdown FollowerState
2019-10-18 07:14:01,220 [grpc-default-executor-1] INFO  impl.RoleInfo (RoleInfo.java:shutdownFollowerState(121)) - 988115cd-21c9-4558-b198-f2cedd98ccf3: shutdown FollowerState
2019-10-18 07:14:01,220 [Thread-608] INFO  impl.FollowerState (FollowerState.java:run(117)) - 24274e9f-e41f-4654-9afc-a783ca44e44b@group-20BE3FF63202-FollowerState was interrupted: java.lang.InterruptedException: sleep interrupted
2019-10-18 07:14:01,220 [grpc-default-executor-0] INFO  impl.RoleInfo (RoleInfo.java:updateAndGet(143)) - 24274e9f-e41f-4654-9afc-a783ca44e44b: start FollowerState
2019-10-18 07:14:01,220 [Thread-609] INFO  impl.FollowerState (FollowerState.java:run(117)) - 988115cd-21c9-4558-b198-f2cedd98ccf3@group-20BE3FF63202-FollowerState was interrupted: java.lang.InterruptedException: sleep interrupted
2019-10-18 07:14:01,220 [grpc-default-executor-1] INFO  impl.RoleInfo (RoleInfo.java:updateAndGet(143)) - 988115cd-21c9-4558-b198-f2cedd98ccf3: start FollowerState
2019-10-18 07:14:01,272 [c52c3de9-0ed1-4f2b-ba1d-f317ceeb0ceb@group-20BE3FF63202-LeaderElection45] INFO  impl.LeaderElection (LeaderElection.java:logAndReturn(56)) - c52c3de9-0ed1-4f2b-ba1d-f317ceeb0ceb@group-20BE3FF63202-LeaderElection45: Election REJECTED; received 2 response(s) [c52c3de9-0ed1-4f2b-ba1d-f317ceeb0ceb<-24274e9f-e41f-4654-9afc-a783ca44e44b#0:FAIL-t32, c52c3de9-0ed1-4f2b-ba1d-f317ceeb0ceb<-988115cd-21c9-4558-b198-f2cedd98ccf3#0:FAIL-t32] and 0 exception(s); c52c3de9-0ed1-4f2b-ba1d-f317ceeb0ceb@group-20BE3FF63202:t32, leader=null, voted=c52c3de9-0ed1-4f2b-ba1d-f317ceeb0ceb, raftlog=c52c3de9-0ed1-4f2b-ba1d-f317ceeb0ceb@group-20BE3FF63202-SegmentedRaftLog:OPENED:c-1,f-1,i0, conf=-1: [24274e9f-e41f-4654-9afc-a783ca44e44b:192.168.69.67:35902, 988115cd-21c9-4558-b198-f2cedd98ccf3:192.168.69.67:44208, c52c3de9-0ed1-4f2b-ba1d-f317ceeb0ceb:192.168.69.67:37615], old=null
2019-10-18 07:14:01,272 [c52c3de9-0ed1-4f2b-ba1d-f317ceeb0ceb@group-20BE3FF63202-LeaderElection45] INFO  impl.RaftServerImpl (RaftServerImpl.java:setRole(184)) - c52c3de9-0ed1-4f2b-ba1d-f317ceeb0ceb@group-20BE3FF63202: changes role from CANDIDATE to FOLLOWER at term 32 for DISCOVERED_A_NEW_TERM
2019-10-18 07:14:01,272 [c52c3de9-0ed1-4f2b-ba1d-f317ceeb0ceb@group-20BE3FF63202-LeaderElection45] INFO  impl.RoleInfo (RoleInfo.java:shutdownLeaderElection(134)) - c52c3de9-0ed1-4f2b-ba1d-f317ceeb0ceb: shutdown LeaderElection
2019-10-18 07:14:01,273 [c52c3de9-0ed1-4f2b-ba1d-f317ceeb0ceb@group-20BE3FF63202-LeaderElection45] INFO  impl.RoleInfo (RoleInfo.java:updateAndGet(143)) - c52c3de9-0ed1-4f2b-ba1d-f317ceeb0ceb: start FollowerState
2019-10-18 07:14:01,340 [Thread-614] INFO  impl.FollowerState (FollowerState.java:run(108)) - c52c3de9-0ed1-4f2b-ba1d-f317ceeb0ceb@group-20BE3FF63202-FollowerState: change to CANDIDATE, lastRpcTime:67ms, electionTimeout:64ms
2019-10-18 07:14:01,345 [Thread-614] INFO  impl.RoleInfo (RoleInfo.java:shutdownFollowerState(121)) - c52c3de9-0ed1-4f2b-ba1d-f317ceeb0ceb: shutdown FollowerState
2019-10-18 07:14:01,347 [Thread-614] INFO  impl.RaftServerImpl (RaftServerImpl.java:setRole(184)) - c52c3de9-0ed1-4f2b-ba1d-f317ceeb0ceb@group-20BE3FF63202: changes role from  FOLLOWER to CANDIDATE at term 32 for changeToCandidate
2019-10-18 07:14:01,348 [Thread-614] INFO  impl.RoleInfo (RoleInfo.java:updateAndGet(143)) - c52c3de9-0ed1-4f2b-ba1d-f317ceeb0ceb: start LeaderElection
2019-10-18 07:14:01,415 [c52c3de9-0ed1-4f2b-ba1d-f317ceeb0ceb@group-20BE3FF63202-LeaderElection46] INFO  impl.LeaderElection (LeaderElection.java:askForVotes(178)) - c52c3de9-0ed1-4f2b-ba1d-f317ceeb0ceb@group-20BE3FF63202-LeaderElection46: begin an election at term 33 for -1: [24274e9f-e41f-4654-9afc-a783ca44e44b:192.168.69.67:35902, 988115cd-21c9-4558-b198-f2cedd98ccf3:192.168.69.67:44208, c52c3de9-0ed1-4f2b-ba1d-f317ceeb0ceb:192.168.69.67:37615], old=null
2019-10-18 07:14:01,419 [grpc-default-executor-1] INFO  impl.RaftServerImpl (RaftServerImpl.java:setRole(184)) - 988115cd-21c9-4558-b198-f2cedd98ccf3@group-20BE3FF63202: changes role from  FOLLOWER to FOLLOWER at term 33 for recognizeCandidate:c52c3de9-0ed1-4f2b-ba1d-f317ceeb0ceb
2019-10-18 07:14:01,419 [grpc-default-executor-1] INFO  impl.RoleInfo (RoleInfo.java:shutdownFollowerState(121)) - 988115cd-21c9-4558-b198-f2cedd98ccf3: shutdown FollowerState
2019-10-18 07:14:01,430 [Thread-613] INFO  impl.FollowerState (FollowerState.java:run(117)) - 988115cd-21c9-4558-b198-f2cedd98ccf3@group-20BE3FF63202-FollowerState was interrupted: java.lang.InterruptedException: sleep interrupted
2019-10-18 07:14:01,430 [grpc-default-executor-1] INFO  impl.RoleInfo (RoleInfo.java:updateAndGet(143)) - 988115cd-21c9-4558-b198-f2cedd98ccf3: start FollowerState
2019-10-18 07:14:01,431 [grpc-default-executor-0] INFO  impl.RaftServerImpl (RaftServerImpl.java:setRole(184)) - 24274e9f-e41f-4654-9afc-a783ca44e44b@group-20BE3FF63202: changes role from  FOLLOWER to FOLLOWER at term 33 for recognizeCandidate:c52c3de9-0ed1-4f2b-ba1d-f317ceeb0ceb
2019-10-18 07:14:01,431 [grpc-default-executor-0] INFO  impl.RoleInfo (RoleInfo.java:shutdownFollowerState(121)) - 24274e9f-e41f-4654-9afc-a783ca44e44b: shutdown FollowerState
2019-10-18 07:14:01,431 [grpc-default-executor-0] INFO  impl.RoleInfo (RoleInfo.java:updateAndGet(143)) - 24274e9f-e41f-4654-9afc-a783ca44e44b: start FollowerState
2019-10-18 07:14:01,431 [Thread-612] INFO  impl.FollowerState (FollowerState.java:run(117)) - 24274e9f-e41f-4654-9afc-a783ca44e44b@group-20BE3FF63202-FollowerState was interrupted: java.lang.InterruptedException: sleep interrupted
2019-10-18 07:14:01,460 [main] INFO  ozone.MiniOzoneClusterImpl (MiniOzoneClusterImpl.java:lambda$waitForClusterToBeReady$2(164)) - Waiting for 1 number of pipelines out of 9, to report a leader.
2019-10-18 07:14:01,473 [c52c3de9-0ed1-4f2b-ba1d-f317ceeb0ceb@group-20BE3FF63202-LeaderElection46] INFO  impl.LeaderElection (LeaderElection.java:logAndReturn(56)) - c52c3de9-0ed1-4f2b-ba1d-f317ceeb0ceb@group-20BE3FF63202-LeaderElection46: Election REJECTED; received 2 response(s) [c52c3de9-0ed1-4f2b-ba1d-f317ceeb0ceb<-24274e9f-e41f-4654-9afc-a783ca44e44b#0:FAIL-t33, c52c3de9-0ed1-4f2b-ba1d-f317ceeb0ceb<-988115cd-21c9-4558-b198-f2cedd98ccf3#0:FAIL-t33] and 0 exception(s); c52c3de9-0ed1-4f2b-ba1d-f317ceeb0ceb@group-20BE3FF63202:t33, leader=null, voted=c52c3de9-0ed1-4f2b-ba1d-f317ceeb0ceb, raftlog=c52c3de9-0ed1-4f2b-ba1d-f317ceeb0ceb@group-20BE3FF63202-SegmentedRaftLog:OPENED:c-1,f-1,i0, conf=-1: [24274e9f-e41f-4654-9afc-a783ca44e44b:192.168.69.67:35902, 988115cd-21c9-4558-b198-f2cedd98ccf3:192.168.69.67:44208, c52c3de9-0ed1-4f2b-ba1d-f317ceeb0ceb:192.168.69.67:37615], old=null
2019-10-18 07:14:01,473 [c52c3de9-0ed1-4f2b-ba1d-f317ceeb0ceb@group-20BE3FF63202-LeaderElection46] INFO  impl.RaftServerImpl (RaftServerImpl.java:setRole(184)) - c52c3de9-0ed1-4f2b-ba1d-f317ceeb0ceb@group-20BE3FF63202: changes role from CANDIDATE to FOLLOWER at term 33 for DISCOVERED_A_NEW_TERM
2019-10-18 07:14:01,473 [c52c3de9-0ed1-4f2b-ba1d-f317ceeb0ceb@group-20BE3FF63202-LeaderElection46] INFO  impl.RoleInfo (RoleInfo.java:shutdownLeaderElection(134)) - c52c3de9-0ed1-4f2b-ba1d-f317ceeb0ceb: shutdown LeaderElection
2019-10-18 07:14:01,474 [c52c3de9-0ed1-4f2b-ba1d-f317ceeb0ceb@group-20BE3FF63202-LeaderElection46] INFO  impl.RoleInfo (RoleInfo.java:updateAndGet(143)) - c52c3de9-0ed1-4f2b-ba1d-f317ceeb0ceb: start FollowerState
2019-10-18 07:14:01,527 [Thread-620] INFO  impl.FollowerState (FollowerState.java:run(108)) - c52c3de9-0ed1-4f2b-ba1d-f317ceeb0ceb@group-20BE3FF63202-FollowerState: change to CANDIDATE, lastRpcTime:53ms, electionTimeout:50ms
2019-10-18 07:14:01,530 [Thread-620] INFO  impl.RoleInfo (RoleInfo.java:shutdownFollowerState(121)) - c52c3de9-0ed1-4f2b-ba1d-f317ceeb0ceb: shutdown FollowerState
2019-10-18 07:14:01,531 [Thread-620] INFO  impl.RaftServerImpl (RaftServerImpl.java:setRole(184)) - c52c3de9-0ed1-4f2b-ba1d-f317ceeb0ceb@group-20BE3FF63202: changes role from  FOLLOWER to CANDIDATE at term 33 for changeToCandidate
2019-10-18 07:14:01,532 [Thread-620] INFO  impl.RoleInfo (RoleInfo.java:updateAndGet(143)) - c52c3de9-0ed1-4f2b-ba1d-f317ceeb0ceb: start LeaderElection
2019-10-18 07:14:01,625 [c52c3de9-0ed1-4f2b-ba1d-f317ceeb0ceb@group-20BE3FF63202-LeaderElection47] INFO  impl.LeaderElection (LeaderElection.java:askForVotes(178)) - c52c3de9-0ed1-4f2b-ba1d-f317ceeb0ceb@group-20BE3FF63202-LeaderElection47: begin an election at term 34 for -1: [24274e9f-e41f-4654-9afc-a783ca44e44b:192.168.69.67:35902, 988115cd-21c9-4558-b198-f2cedd98ccf3:192.168.69.67:44208, c52c3de9-0ed1-4f2b-ba1d-f317ceeb0ceb:192.168.69.67:37615], old=null
2019-10-18 07:14:01,628 [grpc-default-executor-0] INFO  impl.RaftServerImpl (RaftServerImpl.java:setRole(184)) - 24274e9f-e41f-4654-9afc-a783ca44e44b@group-20BE3FF63202: changes role from  FOLLOWER to FOLLOWER at term 34 for recognizeCandidate:c52c3de9-0ed1-4f2b-ba1d-f317ceeb0ceb
2019-10-18 07:14:01,628 [grpc-default-executor-1] INFO  impl.RaftServerImpl (RaftServerImpl.java:setRole(184)) - 988115cd-21c9-4558-b198-f2cedd98ccf3@group-20BE3FF63202: changes role from  FOLLOWER to FOLLOWER at term 34 for recognizeCandidate:c52c3de9-0ed1-4f2b-ba1d-f317ceeb0ceb
2019-10-18 07:14:01,628 [grpc-default-executor-0] INFO  impl.RoleInfo (RoleInfo.java:shutdownFollowerState(121)) - 24274e9f-e41f-4654-9afc-a783ca44e44b: shutdown FollowerState
2019-10-18 07:14:01,628 [grpc-default-executor-1] INFO  impl.RoleInfo (RoleInfo.java:shutdownFollowerState(121)) - 988115cd-21c9-4558-b198-f2cedd98ccf3: shutdown FollowerState
2019-10-18 07:14:01,629 [grpc-default-executor-0] INFO  impl.RoleInfo (RoleInfo.java:updateAndGet(143)) - 24274e9f-e41f-4654-9afc-a783ca44e44b: start FollowerState
2019-10-18 07:14:01,629 [Thread-619] INFO  impl.FollowerState (FollowerState.java:run(117)) - 24274e9f-e41f-4654-9afc-a783ca44e44b@group-20BE3FF63202-FollowerState was interrupted: java.lang.InterruptedException: sleep interrupted
2019-10-18 07:14:01,629 [Thread-618] INFO  impl.FollowerState (FollowerState.java:run(117)) - 988115cd-21c9-4558-b198-f2cedd98ccf3@group-20BE3FF63202-FollowerState was interrupted: java.lang.InterruptedException: sleep interrupted
2019-10-18 07:14:01,629 [grpc-default-executor-1] INFO  impl.RoleInfo (RoleInfo.java:updateAndGet(143)) - 988115cd-21c9-4558-b198-f2cedd98ccf3: start FollowerState
2019-10-18 07:14:01,690 [c52c3de9-0ed1-4f2b-ba1d-f317ceeb0ceb@group-20BE3FF63202-LeaderElection47] INFO  impl.LeaderElection (LeaderElection.java:logAndReturn(56)) - c52c3de9-0ed1-4f2b-ba1d-f317ceeb0ceb@group-20BE3FF63202-LeaderElection47: Election REJECTED; received 2 response(s) [c52c3de9-0ed1-4f2b-ba1d-f317ceeb0ceb<-24274e9f-e41f-4654-9afc-a783ca44e44b#0:FAIL-t34, c52c3de9-0ed1-4f2b-ba1d-f317ceeb0ceb<-988115cd-21c9-4558-b198-f2cedd98ccf3#0:FAIL-t34] and 0 exception(s); c52c3de9-0ed1-4f2b-ba1d-f317ceeb0ceb@group-20BE3FF63202:t34, leader=null, voted=c52c3de9-0ed1-4f2b-ba1d-f317ceeb0ceb, raftlog=c52c3de9-0ed1-4f2b-ba1d-f317ceeb0ceb@group-20BE3FF63202-SegmentedRaftLog:OPENED:c-1,f-1,i0, conf=-1: [24274e9f-e41f-4654-9afc-a783ca44e44b:192.168.69.67:35902, 988115cd-21c9-4558-b198-f2cedd98ccf3:192.168.69.67:44208, c52c3de9-0ed1-4f2b-ba1d-f317ceeb0ceb:192.168.69.67:37615], old=null
2019-10-18 07:14:01,691 [c52c3de9-0ed1-4f2b-ba1d-f317ceeb0ceb@group-20BE3FF63202-LeaderElection47] INFO  impl.RaftServerImpl (RaftServerImpl.java:setRole(184)) - c52c3de9-0ed1-4f2b-ba1d-f317ceeb0ceb@group-20BE3FF63202: changes role from CANDIDATE to FOLLOWER at term 34 for DISCOVERED_A_NEW_TERM
2019-10-18 07:14:01,691 [c52c3de9-0ed1-4f2b-ba1d-f317ceeb0ceb@group-20BE3FF63202-LeaderElection47] INFO  impl.RoleInfo (RoleInfo.java:shutdownLeaderElection(134)) - c52c3de9-0ed1-4f2b-ba1d-f317ceeb0ceb: shutdown LeaderElection
2019-10-18 07:14:01,691 [c52c3de9-0ed1-4f2b-ba1d-f317ceeb0ceb@group-20BE3FF63202-LeaderElection47] INFO  impl.RoleInfo (RoleInfo.java:updateAndGet(143)) - c52c3de9-0ed1-4f2b-ba1d-f317ceeb0ceb: start FollowerState
2019-10-18 07:14:01,886 [Thread-626] INFO  impl.FollowerState (FollowerState.java:run(108)) - c52c3de9-0ed1-4f2b-ba1d-f317ceeb0ceb@group-20BE3FF63202-FollowerState: change to CANDIDATE, lastRpcTime:194ms, electionTimeout:194ms
2019-10-18 07:14:01,886 [Thread-626] INFO  impl.RoleInfo (RoleInfo.java:shutdownFollowerState(121)) - c52c3de9-0ed1-4f2b-ba1d-f317ceeb0ceb: shutdown FollowerState
2019-10-18 07:14:01,886 [Thread-626] INFO  impl.RaftServerImpl (RaftServerImpl.java:setRole(184)) - c52c3de9-0ed1-4f2b-ba1d-f317ceeb0ceb@group-20BE3FF63202: changes role from  FOLLOWER to CANDIDATE at term 34 for changeToCandidate
2019-10-18 07:14:01,886 [Thread-626] INFO  impl.RoleInfo (RoleInfo.java:updateAndGet(143)) - c52c3de9-0ed1-4f2b-ba1d-f317ceeb0ceb: start LeaderElection
2019-10-18 07:14:01,976 [c52c3de9-0ed1-4f2b-ba1d-f317ceeb0ceb@group-20BE3FF63202-LeaderElection48] INFO  impl.LeaderElection (LeaderElection.java:askForVotes(178)) - c52c3de9-0ed1-4f2b-ba1d-f317ceeb0ceb@group-20BE3FF63202-LeaderElection48: begin an election at term 35 for -1: [24274e9f-e41f-4654-9afc-a783ca44e44b:192.168.69.67:35902, 988115cd-21c9-4558-b198-f2cedd98ccf3:192.168.69.67:44208, c52c3de9-0ed1-4f2b-ba1d-f317ceeb0ceb:192.168.69.67:37615], old=null
2019-10-18 07:14:01,980 [grpc-default-executor-1] INFO  impl.RaftServerImpl (RaftServerImpl.java:setRole(184)) - 24274e9f-e41f-4654-9afc-a783ca44e44b@group-20BE3FF63202: changes role from  FOLLOWER to FOLLOWER at term 35 for recognizeCandidate:c52c3de9-0ed1-4f2b-ba1d-f317ceeb0ceb
2019-10-18 07:14:01,980 [grpc-default-executor-0] INFO  impl.RaftServerImpl (RaftServerImpl.java:setRole(184)) - 988115cd-21c9-4558-b198-f2cedd98ccf3@group-20BE3FF63202: changes role from  FOLLOWER to FOLLOWER at term 35 for recognizeCandidate:c52c3de9-0ed1-4f2b-ba1d-f317ceeb0ceb
2019-10-18 07:14:01,980 [grpc-default-executor-1] INFO  impl.RoleInfo (RoleInfo.java:shutdownFollowerState(121)) - 24274e9f-e41f-4654-9afc-a783ca44e44b: shutdown FollowerState
2019-10-18 07:14:01,980 [grpc-default-executor-0] INFO  impl.RoleInfo (RoleInfo.java:shutdownFollowerState(121)) - 988115cd-21c9-4558-b198-f2cedd98ccf3: shutdown FollowerState
2019-10-18 07:14:01,981 [Thread-624] INFO  impl.FollowerState (FollowerState.java:run(117)) - 24274e9f-e41f-4654-9afc-a783ca44e44b@group-20BE3FF63202-FollowerState was interrupted: java.lang.InterruptedException: sleep interrupted
2019-10-18 07:14:01,981 [grpc-default-executor-1] INFO  impl.RoleInfo (RoleInfo.java:updateAndGet(143)) - 24274e9f-e41f-4654-9afc-a783ca44e44b: start FollowerState
2019-10-18 07:14:01,981 [grpc-default-executor-0] INFO  impl.RoleInfo (RoleInfo.java:updateAndGet(143)) - 988115cd-21c9-4558-b198-f2cedd98ccf3: start FollowerState
2019-10-18 07:14:01,981 [Thread-625] INFO  impl.FollowerState (FollowerState.java:run(117)) - 988115cd-21c9-4558-b198-f2cedd98ccf3@group-20BE3FF63202-FollowerState was interrupted: java.lang.InterruptedException: sleep interrupted
2019-10-18 07:14:02,049 [c52c3de9-0ed1-4f2b-ba1d-f317ceeb0ceb@group-20BE3FF63202-LeaderElection48] INFO  impl.LeaderElection (LeaderElection.java:logAndReturn(56)) - c52c3de9-0ed1-4f2b-ba1d-f317ceeb0ceb@group-20BE3FF63202-LeaderElection48: Election REJECTED; received 2 response(s) [c52c3de9-0ed1-4f2b-ba1d-f317ceeb0ceb<-24274e9f-e41f-4654-9afc-a783ca44e44b#0:FAIL-t35, c52c3de9-0ed1-4f2b-ba1d-f317ceeb0ceb<-988115cd-21c9-4558-b198-f2cedd98ccf3#0:FAIL-t35] and 0 exception(s); c52c3de9-0ed1-4f2b-ba1d-f317ceeb0ceb@group-20BE3FF63202:t35, leader=null, voted=c52c3de9-0ed1-4f2b-ba1d-f317ceeb0ceb, raftlog=c52c3de9-0ed1-4f2b-ba1d-f317ceeb0ceb@group-20BE3FF63202-SegmentedRaftLog:OPENED:c-1,f-1,i0, conf=-1: [24274e9f-e41f-4654-9afc-a783ca44e44b:192.168.69.67:35902, 988115cd-21c9-4558-b198-f2cedd98ccf3:192.168.69.67:44208, c52c3de9-0ed1-4f2b-ba1d-f317ceeb0ceb:192.168.69.67:37615], old=null
2019-10-18 07:14:02,049 [c52c3de9-0ed1-4f2b-ba1d-f317ceeb0ceb@group-20BE3FF63202-LeaderElection48] INFO  impl.RaftServerImpl (RaftServerImpl.java:setRole(184)) - c52c3de9-0ed1-4f2b-ba1d-f317ceeb0ceb@group-20BE3FF63202: changes role from CANDIDATE to FOLLOWER at term 35 for DISCOVERED_A_NEW_TERM
2019-10-18 07:14:02,049 [c52c3de9-0ed1-4f2b-ba1d-f317ceeb0ceb@group-20BE3FF63202-LeaderElection48] INFO  impl.RoleInfo (RoleInfo.java:shutdownLeaderElection(134)) - c52c3de9-0ed1-4f2b-ba1d-f317ceeb0ceb: shutdown LeaderElection
2019-10-18 07:14:02,050 [c52c3de9-0ed1-4f2b-ba1d-f317ceeb0ceb@group-20BE3FF63202-LeaderElection48] INFO  impl.RoleInfo (RoleInfo.java:updateAndGet(143)) - c52c3de9-0ed1-4f2b-ba1d-f317ceeb0ceb: start FollowerState
2019-10-18 07:14:02,168 [Thread-632] INFO  impl.FollowerState (FollowerState.java:run(108)) - c52c3de9-0ed1-4f2b-ba1d-f317ceeb0ceb@group-20BE3FF63202-FollowerState: change to CANDIDATE, lastRpcTime:118ms, electionTimeout:118ms
2019-10-18 07:14:02,168 [Thread-632] INFO  impl.RoleInfo (RoleInfo.java:shutdownFollowerState(121)) - c52c3de9-0ed1-4f2b-ba1d-f317ceeb0ceb: shutdown FollowerState
2019-10-18 07:14:02,169 [Thread-632] INFO  impl.RaftServerImpl (RaftServerImpl.java:setRole(184)) - c52c3de9-0ed1-4f2b-ba1d-f317ceeb0ceb@group-20BE3FF63202: changes role from  FOLLOWER to CANDIDATE at term 35 for changeToCandidate
2019-10-18 07:14:02,169 [Thread-632] INFO  impl.RoleInfo (RoleInfo.java:updateAndGet(143)) - c52c3de9-0ed1-4f2b-ba1d-f317ceeb0ceb: start LeaderElection
2019-10-18 07:14:02,233 [c52c3de9-0ed1-4f2b-ba1d-f317ceeb0ceb@group-20BE3FF63202-LeaderElection49] INFO  impl.LeaderElection (LeaderElection.java:askForVotes(178)) - c52c3de9-0ed1-4f2b-ba1d-f317ceeb0ceb@group-20BE3FF63202-LeaderElection49: begin an election at term 36 for -1: [24274e9f-e41f-4654-9afc-a783ca44e44b:192.168.69.67:35902, 988115cd-21c9-4558-b198-f2cedd98ccf3:192.168.69.67:44208, c52c3de9-0ed1-4f2b-ba1d-f317ceeb0ceb:192.168.69.67:37615], old=null
2019-10-18 07:14:02,237 [grpc-default-executor-0] INFO  impl.RaftServerImpl (RaftServerImpl.java:setRole(184)) - 988115cd-21c9-4558-b198-f2cedd98ccf3@group-20BE3FF63202: changes role from  FOLLOWER to FOLLOWER at term 36 for recognizeCandidate:c52c3de9-0ed1-4f2b-ba1d-f317ceeb0ceb
2019-10-18 07:14:02,237 [grpc-default-executor-1] INFO  impl.RaftServerImpl (RaftServerImpl.java:setRole(184)) - 24274e9f-e41f-4654-9afc-a783ca44e44b@group-20BE3FF63202: changes role from  FOLLOWER to FOLLOWER at term 36 for recognizeCandidate:c52c3de9-0ed1-4f2b-ba1d-f317ceeb0ceb
2019-10-18 07:14:02,237 [grpc-default-executor-0] INFO  impl.RoleInfo (RoleInfo.java:shutdownFollowerState(121)) - 988115cd-21c9-4558-b198-f2cedd98ccf3: shutdown FollowerState
2019-10-18 07:14:02,237 [grpc-default-executor-1] INFO  impl.RoleInfo (RoleInfo.java:shutdownFollowerState(121)) - 24274e9f-e41f-4654-9afc-a783ca44e44b: shutdown FollowerState
2019-10-18 07:14:02,237 [Thread-631] INFO  impl.FollowerState (FollowerState.java:run(117)) - 988115cd-21c9-4558-b198-f2cedd98ccf3@group-20BE3FF63202-FollowerState was interrupted: java.lang.InterruptedException: sleep interrupted
2019-10-18 07:14:02,237 [grpc-default-executor-0] INFO  impl.RoleInfo (RoleInfo.java:updateAndGet(143)) - 988115cd-21c9-4558-b198-f2cedd98ccf3: start FollowerState
2019-10-18 07:14:02,238 [Thread-630] INFO  impl.FollowerState (FollowerState.java:run(117)) - 24274e9f-e41f-4654-9afc-a783ca44e44b@group-20BE3FF63202-FollowerState was interrupted: java.lang.InterruptedException: sleep interrupted
2019-10-18 07:14:02,238 [grpc-default-executor-1] INFO  impl.RoleInfo (RoleInfo.java:updateAndGet(143)) - 24274e9f-e41f-4654-9afc-a783ca44e44b: start FollowerState
2019-10-18 07:14:02,288 [c52c3de9-0ed1-4f2b-ba1d-f317ceeb0ceb@group-20BE3FF63202-LeaderElection49] INFO  impl.LeaderElection (LeaderElection.java:logAndReturn(56)) - c52c3de9-0ed1-4f2b-ba1d-f317ceeb0ceb@group-20BE3FF63202-LeaderElection49: Election TIMEOUT; received 0 response(s) [] and 0 exception(s); c52c3de9-0ed1-4f2b-ba1d-f317ceeb0ceb@group-20BE3FF63202:t36, leader=null, voted=c52c3de9-0ed1-4f2b-ba1d-f317ceeb0ceb, raftlog=c52c3de9-0ed1-4f2b-ba1d-f317ceeb0ceb@group-20BE3FF63202-SegmentedRaftLog:OPENED:c-1,f-1,i0, conf=-1: [24274e9f-e41f-4654-9afc-a783ca44e44b:192.168.69.67:35902, 988115cd-21c9-4558-b198-f2cedd98ccf3:192.168.69.67:44208, c52c3de9-0ed1-4f2b-ba1d-f317ceeb0ceb:192.168.69.67:37615], old=null
2019-10-18 07:14:02,320 [c52c3de9-0ed1-4f2b-ba1d-f317ceeb0ceb@group-20BE3FF63202-LeaderElection49] INFO  impl.LeaderElection (LeaderElection.java:askForVotes(178)) - c52c3de9-0ed1-4f2b-ba1d-f317ceeb0ceb@group-20BE3FF63202-LeaderElection49: begin an election at term 37 for -1: [24274e9f-e41f-4654-9afc-a783ca44e44b:192.168.69.67:35902, 988115cd-21c9-4558-b198-f2cedd98ccf3:192.168.69.67:44208, c52c3de9-0ed1-4f2b-ba1d-f317ceeb0ceb:192.168.69.67:37615], old=null
2019-10-18 07:14:02,322 [grpc-default-executor-0] INFO  impl.RaftServerImpl (RaftServerImpl.java:setRole(184)) - 24274e9f-e41f-4654-9afc-a783ca44e44b@group-20BE3FF63202: changes role from  FOLLOWER to FOLLOWER at term 37 for recognizeCandidate:c52c3de9-0ed1-4f2b-ba1d-f317ceeb0ceb
2019-10-18 07:14:02,322 [grpc-default-executor-1] INFO  impl.RaftServerImpl (RaftServerImpl.java:setRole(184)) - 988115cd-21c9-4558-b198-f2cedd98ccf3@group-20BE3FF63202: changes role from  FOLLOWER to FOLLOWER at term 37 for recognizeCandidate:c52c3de9-0ed1-4f2b-ba1d-f317ceeb0ceb
2019-10-18 07:14:02,323 [grpc-default-executor-0] INFO  impl.RoleInfo (RoleInfo.java:shutdownFollowerState(121)) - 24274e9f-e41f-4654-9afc-a783ca44e44b: shutdown FollowerState
2019-10-18 07:14:02,323 [grpc-default-executor-1] INFO  impl.RoleInfo (RoleInfo.java:shutdownFollowerState(121)) - 988115cd-21c9-4558-b198-f2cedd98ccf3: shutdown FollowerState
2019-10-18 07:14:02,323 [Thread-637] INFO  impl.FollowerState (FollowerState.java:run(117)) - 24274e9f-e41f-4654-9afc-a783ca44e44b@group-20BE3FF63202-FollowerState was interrupted: java.lang.InterruptedException: sleep interrupted
2019-10-18 07:14:02,323 [grpc-default-executor-0] INFO  impl.RoleInfo (RoleInfo.java:updateAndGet(143)) - 24274e9f-e41f-4654-9afc-a783ca44e44b: start FollowerState
2019-10-18 07:14:02,323 [Thread-636] INFO  impl.FollowerState (FollowerState.java:run(117)) - 988115cd-21c9-4558-b198-f2cedd98ccf3@group-20BE3FF63202-FollowerState was interrupted: java.lang.InterruptedException: sleep interrupted
2019-10-18 07:14:02,323 [grpc-default-executor-1] INFO  impl.RoleInfo (RoleInfo.java:updateAndGet(143)) - 988115cd-21c9-4558-b198-f2cedd98ccf3: start FollowerState
2019-10-18 07:14:02,379 [c52c3de9-0ed1-4f2b-ba1d-f317ceeb0ceb@group-20BE3FF63202-LeaderElection49] INFO  impl.LeaderElection (LeaderElection.java:logAndReturn(56)) - c52c3de9-0ed1-4f2b-ba1d-f317ceeb0ceb@group-20BE3FF63202-LeaderElection49: Election REJECTED; received 2 response(s) [c52c3de9-0ed1-4f2b-ba1d-f317ceeb0ceb<-24274e9f-e41f-4654-9afc-a783ca44e44b#0:FAIL-t37, c52c3de9-0ed1-4f2b-ba1d-f317ceeb0ceb<-988115cd-21c9-4558-b198-f2cedd98ccf3#0:FAIL-t37] and 0 exception(s); c52c3de9-0ed1-4f2b-ba1d-f317ceeb0ceb@group-20BE3FF63202:t37, leader=null, voted=c52c3de9-0ed1-4f2b-ba1d-f317ceeb0ceb, raftlog=c52c3de9-0ed1-4f2b-ba1d-f317ceeb0ceb@group-20BE3FF63202-SegmentedRaftLog:OPENED:c-1,f-1,i0, conf=-1: [24274e9f-e41f-4654-9afc-a783ca44e44b:192.168.69.67:35902, 988115cd-21c9-4558-b198-f2cedd98ccf3:192.168.69.67:44208, c52c3de9-0ed1-4f2b-ba1d-f317ceeb0ceb:192.168.69.67:37615], old=null
2019-10-18 07:14:02,379 [c52c3de9-0ed1-4f2b-ba1d-f317ceeb0ceb@group-20BE3FF63202-LeaderElection49] INFO  impl.RaftServerImpl (RaftServerImpl.java:setRole(184)) - c52c3de9-0ed1-4f2b-ba1d-f317ceeb0ceb@group-20BE3FF63202: changes role from CANDIDATE to FOLLOWER at term 37 for DISCOVERED_A_NEW_TERM
2019-10-18 07:14:02,379 [c52c3de9-0ed1-4f2b-ba1d-f317ceeb0ceb@group-20BE3FF63202-LeaderElection49] INFO  impl.RoleInfo (RoleInfo.java:shutdownLeaderElection(134)) - c52c3de9-0ed1-4f2b-ba1d-f317ceeb0ceb: shutdown LeaderElection
2019-10-18 07:14:02,379 [c52c3de9-0ed1-4f2b-ba1d-f317ceeb0ceb@group-20BE3FF63202-LeaderElection49] INFO  impl.RoleInfo (RoleInfo.java:updateAndGet(143)) - c52c3de9-0ed1-4f2b-ba1d-f317ceeb0ceb: start FollowerState
2019-10-18 07:14:02,419 [Thread-642] INFO  impl.FollowerState (FollowerState.java:run(108)) - c52c3de9-0ed1-4f2b-ba1d-f317ceeb0ceb@group-20BE3FF63202-FollowerState: change to CANDIDATE, lastRpcTime:39ms, electionTimeout:39ms
2019-10-18 07:14:02,419 [Thread-642] INFO  impl.RoleInfo (RoleInfo.java:shutdownFollowerState(121)) - c52c3de9-0ed1-4f2b-ba1d-f317ceeb0ceb: shutdown FollowerState
2019-10-18 07:14:02,419 [Thread-642] INFO  impl.RaftServerImpl (RaftServerImpl.java:setRole(184)) - c52c3de9-0ed1-4f2b-ba1d-f317ceeb0ceb@group-20BE3FF63202: changes role from  FOLLOWER to CANDIDATE at term 37 for changeToCandidate
2019-10-18 07:14:02,419 [Thread-642] INFO  impl.RoleInfo (RoleInfo.java:updateAndGet(143)) - c52c3de9-0ed1-4f2b-ba1d-f317ceeb0ceb: start LeaderElection
2019-10-18 07:14:02,461 [main] INFO  ozone.MiniOzoneClusterImpl (MiniOzoneClusterImpl.java:lambda$waitForClusterToBeReady$2(164)) - Waiting for 1 number of pipelines out of 9, to report a leader.
2019-10-18 07:14:02,467 [c52c3de9-0ed1-4f2b-ba1d-f317ceeb0ceb@group-20BE3FF63202-LeaderElection50] INFO  impl.LeaderElection (LeaderElection.java:askForVotes(178)) - c52c3de9-0ed1-4f2b-ba1d-f317ceeb0ceb@group-20BE3FF63202-LeaderElection50: begin an election at term 38 for -1: [24274e9f-e41f-4654-9afc-a783ca44e44b:192.168.69.67:35902, 988115cd-21c9-4558-b198-f2cedd98ccf3:192.168.69.67:44208, c52c3de9-0ed1-4f2b-ba1d-f317ceeb0ceb:192.168.69.67:37615], old=null
2019-10-18 07:14:02,470 [grpc-default-executor-0] INFO  impl.RaftServerImpl (RaftServerImpl.java:setRole(184)) - 24274e9f-e41f-4654-9afc-a783ca44e44b@group-20BE3FF63202: changes role from  FOLLOWER to FOLLOWER at term 38 for recognizeCandidate:c52c3de9-0ed1-4f2b-ba1d-f317ceeb0ceb
2019-10-18 07:14:02,470 [grpc-default-executor-1] INFO  impl.RaftServerImpl (RaftServerImpl.java:setRole(184)) - 988115cd-21c9-4558-b198-f2cedd98ccf3@group-20BE3FF63202: changes role from  FOLLOWER to FOLLOWER at term 38 for recognizeCandidate:c52c3de9-0ed1-4f2b-ba1d-f317ceeb0ceb
2019-10-18 07:14:02,470 [grpc-default-executor-0] INFO  impl.RoleInfo (RoleInfo.java:shutdownFollowerState(121)) - 24274e9f-e41f-4654-9afc-a783ca44e44b: shutdown FollowerState
2019-10-18 07:14:02,471 [grpc-default-executor-1] INFO  impl.RoleInfo (RoleInfo.java:shutdownFollowerState(121)) - 988115cd-21c9-4558-b198-f2cedd98ccf3: shutdown FollowerState
2019-10-18 07:14:02,471 [Thread-640] INFO  impl.FollowerState (FollowerState.java:run(117)) - 24274e9f-e41f-4654-9afc-a783ca44e44b@group-20BE3FF63202-FollowerState was interrupted: java.lang.InterruptedException: sleep interrupted
2019-10-18 07:14:02,471 [grpc-default-executor-0] INFO  impl.RoleInfo (RoleInfo.java:updateAndGet(143)) - 24274e9f-e41f-4654-9afc-a783ca44e44b: start FollowerState
2019-10-18 07:14:02,471 [Thread-641] INFO  impl.FollowerState (FollowerState.java:run(117)) - 988115cd-21c9-4558-b198-f2cedd98ccf3@group-20BE3FF63202-FollowerState was interrupted: java.lang.InterruptedException: sleep interrupted
2019-10-18 07:14:02,471 [grpc-default-executor-1] INFO  impl.RoleInfo (RoleInfo.java:updateAndGet(143)) - 988115cd-21c9-4558-b198-f2cedd98ccf3: start FollowerState
2019-10-18 07:14:02,501 [c52c3de9-0ed1-4f2b-ba1d-f317ceeb0ceb@group-20BE3FF63202-LeaderElection50] INFO  impl.LeaderElection (LeaderElection.java:logAndReturn(56)) - c52c3de9-0ed1-4f2b-ba1d-f317ceeb0ceb@group-20BE3FF63202-LeaderElection50: Election REJECTED; received 2 response(s) [c52c3de9-0ed1-4f2b-ba1d-f317ceeb0ceb<-24274e9f-e41f-4654-9afc-a783ca44e44b#0:FAIL-t38, c52c3de9-0ed1-4f2b-ba1d-f317ceeb0ceb<-988115cd-21c9-4558-b198-f2cedd98ccf3#0:FAIL-t38] and 0 exception(s); c52c3de9-0ed1-4f2b-ba1d-f317ceeb0ceb@group-20BE3FF63202:t38, leader=null, voted=c52c3de9-0ed1-4f2b-ba1d-f317ceeb0ceb, raftlog=c52c3de9-0ed1-4f2b-ba1d-f317ceeb0ceb@group-20BE3FF63202-SegmentedRaftLog:OPENED:c-1,f-1,i0, conf=-1: [24274e9f-e41f-4654-9afc-a783ca44e44b:192.168.69.67:35902, 988115cd-21c9-4558-b198-f2cedd98ccf3:192.168.69.67:44208, c52c3de9-0ed1-4f2b-ba1d-f317ceeb0ceb:192.168.69.67:37615], old=null
2019-10-18 07:14:02,502 [c52c3de9-0ed1-4f2b-ba1d-f317ceeb0ceb@group-20BE3FF63202-LeaderElection50] INFO  impl.RaftServerImpl (RaftServerImpl.java:setRole(184)) - c52c3de9-0ed1-4f2b-ba1d-f317ceeb0ceb@group-20BE3FF63202: changes role from CANDIDATE to FOLLOWER at term 38 for DISCOVERED_A_NEW_TERM
2019-10-18 07:14:02,502 [c52c3de9-0ed1-4f2b-ba1d-f317ceeb0ceb@group-20BE3FF63202-LeaderElection50] INFO  impl.RoleInfo (RoleInfo.java:shutdownLeaderElection(134)) - c52c3de9-0ed1-4f2b-ba1d-f317ceeb0ceb: shutdown LeaderElection
2019-10-18 07:14:02,502 [c52c3de9-0ed1-4f2b-ba1d-f317ceeb0ceb@group-20BE3FF63202-LeaderElection50] INFO  impl.RoleInfo (RoleInfo.java:updateAndGet(143)) - c52c3de9-0ed1-4f2b-ba1d-f317ceeb0ceb: start FollowerState
2019-10-18 07:14:02,506 [Thread-648] INFO  impl.FollowerState (FollowerState.java:run(108)) - c52c3de9-0ed1-4f2b-ba1d-f317ceeb0ceb@group-20BE3FF63202-FollowerState: change to CANDIDATE, lastRpcTime:4ms, electionTimeout:4ms
2019-10-18 07:14:02,507 [Thread-648] INFO  impl.RoleInfo (RoleInfo.java:shutdownFollowerState(121)) - c52c3de9-0ed1-4f2b-ba1d-f317ceeb0ceb: shutdown FollowerState
2019-10-18 07:14:02,507 [Thread-648] INFO  impl.RaftServerImpl (RaftServerImpl.java:setRole(184)) - c52c3de9-0ed1-4f2b-ba1d-f317ceeb0ceb@group-20BE3FF63202: changes role from  FOLLOWER to CANDIDATE at term 38 for changeToCandidate
2019-10-18 07:14:02,507 [Thread-648] INFO  impl.RoleInfo (RoleInfo.java:updateAndGet(143)) - c52c3de9-0ed1-4f2b-ba1d-f317ceeb0ceb: start LeaderElection
2019-10-18 07:14:02,552 [c52c3de9-0ed1-4f2b-ba1d-f317ceeb0ceb@group-20BE3FF63202-LeaderElection51] INFO  impl.LeaderElection (LeaderElection.java:askForVotes(178)) - c52c3de9-0ed1-4f2b-ba1d-f317ceeb0ceb@group-20BE3FF63202-LeaderElection51: begin an election at term 39 for -1: [24274e9f-e41f-4654-9afc-a783ca44e44b:192.168.69.67:35902, 988115cd-21c9-4558-b198-f2cedd98ccf3:192.168.69.67:44208, c52c3de9-0ed1-4f2b-ba1d-f317ceeb0ceb:192.168.69.67:37615], old=null
2019-10-18 07:14:02,555 [grpc-default-executor-1] INFO  impl.RaftServerImpl (RaftServerImpl.java:setRole(184)) - 24274e9f-e41f-4654-9afc-a783ca44e44b@group-20BE3FF63202: changes role from  FOLLOWER to FOLLOWER at term 39 for recognizeCandidate:c52c3de9-0ed1-4f2b-ba1d-f317ceeb0ceb
2019-10-18 07:14:02,555 [grpc-default-executor-0] INFO  impl.RaftServerImpl (RaftServerImpl.java:setRole(184)) - 988115cd-21c9-4558-b198-f2cedd98ccf3@group-20BE3FF63202: changes role from  FOLLOWER to FOLLOWER at term 39 for recognizeCandidate:c52c3de9-0ed1-4f2b-ba1d-f317ceeb0ceb
2019-10-18 07:14:02,555 [grpc-default-executor-1] INFO  impl.RoleInfo (RoleInfo.java:shutdownFollowerState(121)) - 24274e9f-e41f-4654-9afc-a783ca44e44b: shutdown FollowerState
2019-10-18 07:14:02,555 [grpc-default-executor-0] INFO  impl.RoleInfo (RoleInfo.java:shutdownFollowerState(121)) - 988115cd-21c9-4558-b198-f2cedd98ccf3: shutdown FollowerState
2019-10-18 07:14:02,555 [Thread-646] INFO  impl.FollowerState (FollowerState.java:run(117)) - 24274e9f-e41f-4654-9afc-a783ca44e44b@group-20BE3FF63202-FollowerState was interrupted: java.lang.InterruptedException: sleep interrupted
2019-10-18 07:14:02,555 [Thread-647] INFO  impl.FollowerState (FollowerState.java:run(117)) - 988115cd-21c9-4558-b198-f2cedd98ccf3@group-20BE3FF63202-FollowerState was interrupted: java.lang.InterruptedException: sleep interrupted
2019-10-18 07:14:02,555 [grpc-default-executor-1] INFO  impl.RoleInfo (RoleInfo.java:updateAndGet(143)) - 24274e9f-e41f-4654-9afc-a783ca44e44b: start FollowerState
2019-10-18 07:14:02,555 [grpc-default-executor-0] INFO  impl.RoleInfo (RoleInfo.java:updateAndGet(143)) - 988115cd-21c9-4558-b198-f2cedd98ccf3: start FollowerState
2019-10-18 07:14:02,623 [c52c3de9-0ed1-4f2b-ba1d-f317ceeb0ceb@group-20BE3FF63202-LeaderElection51] INFO  impl.LeaderElection (LeaderElection.java:logAndReturn(56)) - c52c3de9-0ed1-4f2b-ba1d-f317ceeb0ceb@group-20BE3FF63202-LeaderElection51: Election REJECTED; received 2 response(s) [c52c3de9-0ed1-4f2b-ba1d-f317ceeb0ceb<-24274e9f-e41f-4654-9afc-a783ca44e44b#0:FAIL-t39, c52c3de9-0ed1-4f2b-ba1d-f317ceeb0ceb<-988115cd-21c9-4558-b198-f2cedd98ccf3#0:FAIL-t39] and 0 exception(s); c52c3de9-0ed1-4f2b-ba1d-f317ceeb0ceb@group-20BE3FF63202:t39, leader=null, voted=c52c3de9-0ed1-4f2b-ba1d-f317ceeb0ceb, raftlog=c52c3de9-0ed1-4f2b-ba1d-f317ceeb0ceb@group-20BE3FF63202-SegmentedRaftLog:OPENED:c-1,f-1,i0, conf=-1: [24274e9f-e41f-4654-9afc-a783ca44e44b:192.168.69.67:35902, 988115cd-21c9-4558-b198-f2cedd98ccf3:192.168.69.67:44208, c52c3de9-0ed1-4f2b-ba1d-f317ceeb0ceb:192.168.69.67:37615], old=null
2019-10-18 07:14:02,623 [c52c3de9-0ed1-4f2b-ba1d-f317ceeb0ceb@group-20BE3FF63202-LeaderElection51] INFO  impl.RaftServerImpl (RaftServerImpl.java:setRole(184)) - c52c3de9-0ed1-4f2b-ba1d-f317ceeb0ceb@group-20BE3FF63202: changes role from CANDIDATE to FOLLOWER at term 39 for DISCOVERED_A_NEW_TERM
2019-10-18 07:14:02,623 [c52c3de9-0ed1-4f2b-ba1d-f317ceeb0ceb@group-20BE3FF63202-LeaderElection51] INFO  impl.RoleInfo (RoleInfo.java:shutdownLeaderElection(134)) - c52c3de9-0ed1-4f2b-ba1d-f317ceeb0ceb: shutdown LeaderElection
2019-10-18 07:14:02,623 [c52c3de9-0ed1-4f2b-ba1d-f317ceeb0ceb@group-20BE3FF63202-LeaderElection51] INFO  impl.RoleInfo (RoleInfo.java:updateAndGet(143)) - c52c3de9-0ed1-4f2b-ba1d-f317ceeb0ceb: start FollowerState
2019-10-18 07:14:02,813 [Thread-654] INFO  impl.FollowerState (FollowerState.java:run(108)) - c52c3de9-0ed1-4f2b-ba1d-f317ceeb0ceb@group-20BE3FF63202-FollowerState: change to CANDIDATE, lastRpcTime:189ms, electionTimeout:189ms
2019-10-18 07:14:02,813 [Thread-654] INFO  impl.RoleInfo (RoleInfo.java:shutdownFollowerState(121)) - c52c3de9-0ed1-4f2b-ba1d-f317ceeb0ceb: shutdown FollowerState
2019-10-18 07:14:02,813 [Thread-654] INFO  impl.RaftServerImpl (RaftServerImpl.java:setRole(184)) - c52c3de9-0ed1-4f2b-ba1d-f317ceeb0ceb@group-20BE3FF63202: changes role from  FOLLOWER to CANDIDATE at term 39 for changeToCandidate
2019-10-18 07:14:02,814 [Thread-654] INFO  impl.RoleInfo (RoleInfo.java:updateAndGet(143)) - c52c3de9-0ed1-4f2b-ba1d-f317ceeb0ceb: start LeaderElection
2019-10-18 07:14:02,882 [c52c3de9-0ed1-4f2b-ba1d-f317ceeb0ceb@group-20BE3FF63202-LeaderElection52] INFO  impl.LeaderElection (LeaderElection.java:askForVotes(178)) - c52c3de9-0ed1-4f2b-ba1d-f317ceeb0ceb@group-20BE3FF63202-LeaderElection52: begin an election at term 40 for -1: [24274e9f-e41f-4654-9afc-a783ca44e44b:192.168.69.67:35902, 988115cd-21c9-4558-b198-f2cedd98ccf3:192.168.69.67:44208, c52c3de9-0ed1-4f2b-ba1d-f317ceeb0ceb:192.168.69.67:37615], old=null
2019-10-18 07:14:02,885 [grpc-default-executor-0] INFO  impl.RaftServerImpl (RaftServerImpl.java:setRole(184)) - 24274e9f-e41f-4654-9afc-a783ca44e44b@group-20BE3FF63202: changes role from  FOLLOWER to FOLLOWER at term 40 for recognizeCandidate:c52c3de9-0ed1-4f2b-ba1d-f317ceeb0ceb
2019-10-18 07:14:02,885 [grpc-default-executor-0] INFO  impl.RoleInfo (RoleInfo.java:shutdownFollowerState(121)) - 24274e9f-e41f-4654-9afc-a783ca44e44b: shutdown FollowerState
2019-10-18 07:14:02,885 [grpc-default-executor-1] INFO  impl.RaftServerImpl (RaftServerImpl.java:setRole(184)) - 988115cd-21c9-4558-b198-f2cedd98ccf3@group-20BE3FF63202: changes role from  FOLLOWER to FOLLOWER at term 40 for recognizeCandidate:c52c3de9-0ed1-4f2b-ba1d-f317ceeb0ceb
2019-10-18 07:14:02,886 [grpc-default-executor-1] INFO  impl.RoleInfo (RoleInfo.java:shutdownFollowerState(121)) - 988115cd-21c9-4558-b198-f2cedd98ccf3: shutdown FollowerState
2019-10-18 07:14:02,886 [Thread-652] INFO  impl.FollowerState (FollowerState.java:run(117)) - 24274e9f-e41f-4654-9afc-a783ca44e44b@group-20BE3FF63202-FollowerState was interrupted: java.lang.InterruptedException: sleep interrupted
2019-10-18 07:14:02,886 [Thread-653] INFO  impl.FollowerState (FollowerState.java:run(117)) - 988115cd-21c9-4558-b198-f2cedd98ccf3@group-20BE3FF63202-FollowerState was interrupted: java.lang.InterruptedException: sleep interrupted
2019-10-18 07:14:02,886 [grpc-default-executor-0] INFO  impl.RoleInfo (RoleInfo.java:updateAndGet(143)) - 24274e9f-e41f-4654-9afc-a783ca44e44b: start FollowerState
2019-10-18 07:14:02,886 [grpc-default-executor-1] INFO  impl.RoleInfo (RoleInfo.java:updateAndGet(143)) - 988115cd-21c9-4558-b198-f2cedd98ccf3: start FollowerState
2019-10-18 07:14:02,939 [c52c3de9-0ed1-4f2b-ba1d-f317ceeb0ceb@group-20BE3FF63202-LeaderElection52] INFO  impl.LeaderElection (LeaderElection.java:logAndReturn(56)) - c52c3de9-0ed1-4f2b-ba1d-f317ceeb0ceb@group-20BE3FF63202-LeaderElection52: Election REJECTED; received 2 response(s) [c52c3de9-0ed1-4f2b-ba1d-f317ceeb0ceb<-24274e9f-e41f-4654-9afc-a783ca44e44b#0:FAIL-t40, c52c3de9-0ed1-4f2b-ba1d-f317ceeb0ceb<-988115cd-21c9-4558-b198-f2cedd98ccf3#0:FAIL-t40] and 0 exception(s); c52c3de9-0ed1-4f2b-ba1d-f317ceeb0ceb@group-20BE3FF63202:t40, leader=null, voted=c52c3de9-0ed1-4f2b-ba1d-f317ceeb0ceb, raftlog=c52c3de9-0ed1-4f2b-ba1d-f317ceeb0ceb@group-20BE3FF63202-SegmentedRaftLog:OPENED:c-1,f-1,i0, conf=-1: [24274e9f-e41f-4654-9afc-a783ca44e44b:192.168.69.67:35902, 988115cd-21c9-4558-b198-f2cedd98ccf3:192.168.69.67:44208, c52c3de9-0ed1-4f2b-ba1d-f317ceeb0ceb:192.168.69.67:37615], old=null
2019-10-18 07:14:02,939 [c52c3de9-0ed1-4f2b-ba1d-f317ceeb0ceb@group-20BE3FF63202-LeaderElection52] INFO  impl.RaftServerImpl (RaftServerImpl.java:setRole(184)) - c52c3de9-0ed1-4f2b-ba1d-f317ceeb0ceb@group-20BE3FF63202: changes role from CANDIDATE to FOLLOWER at term 40 for DISCOVERED_A_NEW_TERM
2019-10-18 07:14:02,939 [c52c3de9-0ed1-4f2b-ba1d-f317ceeb0ceb@group-20BE3FF63202-LeaderElection52] INFO  impl.RoleInfo (RoleInfo.java:shutdownLeaderElection(134)) - c52c3de9-0ed1-4f2b-ba1d-f317ceeb0ceb: shutdown LeaderElection
2019-10-18 07:14:02,939 [c52c3de9-0ed1-4f2b-ba1d-f317ceeb0ceb@group-20BE3FF63202-LeaderElection52] INFO  impl.RoleInfo (RoleInfo.java:updateAndGet(143)) - c52c3de9-0ed1-4f2b-ba1d-f317ceeb0ceb: start FollowerState
2019-10-18 07:14:03,030 [Thread-662] INFO  impl.FollowerState (FollowerState.java:run(108)) - c52c3de9-0ed1-4f2b-ba1d-f317ceeb0ceb@group-20BE3FF63202-FollowerState: change to CANDIDATE, lastRpcTime:90ms, electionTimeout:90ms
2019-10-18 07:14:03,030 [Thread-662] INFO  impl.RoleInfo (RoleInfo.java:shutdownFollowerState(121)) - c52c3de9-0ed1-4f2b-ba1d-f317ceeb0ceb: shutdown FollowerState
2019-10-18 07:14:03,031 [Thread-662] INFO  impl.RaftServerImpl (RaftServerImpl.java:setRole(184)) - c52c3de9-0ed1-4f2b-ba1d-f317ceeb0ceb@group-20BE3FF63202: changes role from  FOLLOWER to CANDIDATE at term 40 for changeToCandidate
2019-10-18 07:14:03,031 [Thread-662] INFO  impl.RoleInfo (RoleInfo.java:updateAndGet(143)) - c52c3de9-0ed1-4f2b-ba1d-f317ceeb0ceb: start LeaderElection
2019-10-18 07:14:03,112 [c52c3de9-0ed1-4f2b-ba1d-f317ceeb0ceb@group-20BE3FF63202-LeaderElection53] INFO  impl.LeaderElection (LeaderElection.java:askForVotes(178)) - c52c3de9-0ed1-4f2b-ba1d-f317ceeb0ceb@group-20BE3FF63202-LeaderElection53: begin an election at term 41 for -1: [24274e9f-e41f-4654-9afc-a783ca44e44b:192.168.69.67:35902, 988115cd-21c9-4558-b198-f2cedd98ccf3:192.168.69.67:44208, c52c3de9-0ed1-4f2b-ba1d-f317ceeb0ceb:192.168.69.67:37615], old=null
2019-10-18 07:14:03,116 [grpc-default-executor-0] INFO  impl.RaftServerImpl (RaftServerImpl.java:setRole(184)) - 24274e9f-e41f-4654-9afc-a783ca44e44b@group-20BE3FF63202: changes role from  FOLLOWER to FOLLOWER at term 41 for recognizeCandidate:c52c3de9-0ed1-4f2b-ba1d-f317ceeb0ceb
2019-10-18 07:14:03,116 [grpc-default-executor-1] INFO  impl.RaftServerImpl (RaftServerImpl.java:setRole(184)) - 988115cd-21c9-4558-b198-f2cedd98ccf3@group-20BE3FF63202: changes role from  FOLLOWER to FOLLOWER at term 41 for recognizeCandidate:c52c3de9-0ed1-4f2b-ba1d-f317ceeb0ceb
2019-10-18 07:14:03,117 [grpc-default-executor-1] INFO  impl.RoleInfo (RoleInfo.java:shutdownFollowerState(121)) - 988115cd-21c9-4558-b198-f2cedd98ccf3: shutdown FollowerState
2019-10-18 07:14:03,117 [grpc-default-executor-0] INFO  impl.RoleInfo (RoleInfo.java:shutdownFollowerState(121)) - 24274e9f-e41f-4654-9afc-a783ca44e44b: shutdown FollowerState
2019-10-18 07:14:03,117 [Thread-661] INFO  impl.FollowerState (FollowerState.java:run(117)) - 988115cd-21c9-4558-b198-f2cedd98ccf3@group-20BE3FF63202-FollowerState was interrupted: java.lang.InterruptedException: sleep interrupted
2019-10-18 07:14:03,117 [grpc-default-executor-1] INFO  impl.RoleInfo (RoleInfo.java:updateAndGet(143)) - 988115cd-21c9-4558-b198-f2cedd98ccf3: start FollowerState
2019-10-18 07:14:03,117 [Thread-660] INFO  impl.FollowerState (FollowerState.java:run(117)) - 24274e9f-e41f-4654-9afc-a783ca44e44b@group-20BE3FF63202-FollowerState was interrupted: java.lang.InterruptedException: sleep interrupted
2019-10-18 07:14:03,117 [grpc-default-executor-0] INFO  impl.RoleInfo (RoleInfo.java:updateAndGet(143)) - 24274e9f-e41f-4654-9afc-a783ca44e44b: start FollowerState
2019-10-18 07:14:03,170 [c52c3de9-0ed1-4f2b-ba1d-f317ceeb0ceb@group-20BE3FF63202-LeaderElection53] INFO  impl.LeaderElection (LeaderElection.java:logAndReturn(56)) - c52c3de9-0ed1-4f2b-ba1d-f317ceeb0ceb@group-20BE3FF63202-LeaderElection53: Election REJECTED; received 2 response(s) [c52c3de9-0ed1-4f2b-ba1d-f317ceeb0ceb<-24274e9f-e41f-4654-9afc-a783ca44e44b#0:FAIL-t41, c52c3de9-0ed1-4f2b-ba1d-f317ceeb0ceb<-988115cd-21c9-4558-b198-f2cedd98ccf3#0:FAIL-t41] and 0 exception(s); c52c3de9-0ed1-4f2b-ba1d-f317ceeb0ceb@group-20BE3FF63202:t41, leader=null, voted=c52c3de9-0ed1-4f2b-ba1d-f317ceeb0ceb, raftlog=c52c3de9-0ed1-4f2b-ba1d-f317ceeb0ceb@group-20BE3FF63202-SegmentedRaftLog:OPENED:c-1,f-1,i0, conf=-1: [24274e9f-e41f-4654-9afc-a783ca44e44b:192.168.69.67:35902, 988115cd-21c9-4558-b198-f2cedd98ccf3:192.168.69.67:44208, c52c3de9-0ed1-4f2b-ba1d-f317ceeb0ceb:192.168.69.67:37615], old=null
2019-10-18 07:14:03,171 [c52c3de9-0ed1-4f2b-ba1d-f317ceeb0ceb@group-20BE3FF63202-LeaderElection53] INFO  impl.RaftServerImpl (RaftServerImpl.java:setRole(184)) - c52c3de9-0ed1-4f2b-ba1d-f317ceeb0ceb@group-20BE3FF63202: changes role from CANDIDATE to FOLLOWER at term 41 for DISCOVERED_A_NEW_TERM
2019-10-18 07:14:03,171 [c52c3de9-0ed1-4f2b-ba1d-f317ceeb0ceb@group-20BE3FF63202-LeaderElection53] INFO  impl.RoleInfo (RoleInfo.java:shutdownLeaderElection(134)) - c52c3de9-0ed1-4f2b-ba1d-f317ceeb0ceb: shutdown LeaderElection
2019-10-18 07:14:03,171 [c52c3de9-0ed1-4f2b-ba1d-f317ceeb0ceb@group-20BE3FF63202-LeaderElection53] INFO  impl.RoleInfo (RoleInfo.java:updateAndGet(143)) - c52c3de9-0ed1-4f2b-ba1d-f317ceeb0ceb: start FollowerState
2019-10-18 07:14:03,367 [Thread-668] INFO  impl.FollowerState (FollowerState.java:run(108)) - c52c3de9-0ed1-4f2b-ba1d-f317ceeb0ceb@group-20BE3FF63202-FollowerState: change to CANDIDATE, lastRpcTime:195ms, electionTimeout:195ms
2019-10-18 07:14:03,367 [Thread-668] INFO  impl.RoleInfo (RoleInfo.java:shutdownFollowerState(121)) - c52c3de9-0ed1-4f2b-ba1d-f317ceeb0ceb: shutdown FollowerState
2019-10-18 07:14:03,367 [Thread-668] INFO  impl.RaftServerImpl (RaftServerImpl.java:setRole(184)) - c52c3de9-0ed1-4f2b-ba1d-f317ceeb0ceb@group-20BE3FF63202: changes role from  FOLLOWER to CANDIDATE at term 41 for changeToCandidate
2019-10-18 07:14:03,367 [Thread-668] INFO  impl.RoleInfo (RoleInfo.java:updateAndGet(143)) - c52c3de9-0ed1-4f2b-ba1d-f317ceeb0ceb: start LeaderElection
2019-10-18 07:14:03,461 [main] INFO  ozone.MiniOzoneClusterImpl (MiniOzoneClusterImpl.java:lambda$waitForClusterToBeReady$2(164)) - Waiting for 1 number of pipelines out of 9, to report a leader.
2019-10-18 07:14:03,466 [c52c3de9-0ed1-4f2b-ba1d-f317ceeb0ceb@group-20BE3FF63202-LeaderElection54] INFO  impl.LeaderElection (LeaderElection.java:askForVotes(178)) - c52c3de9-0ed1-4f2b-ba1d-f317ceeb0ceb@group-20BE3FF63202-LeaderElection54: begin an election at term 42 for -1: [24274e9f-e41f-4654-9afc-a783ca44e44b:192.168.69.67:35902, 988115cd-21c9-4558-b198-f2cedd98ccf3:192.168.69.67:44208, c52c3de9-0ed1-4f2b-ba1d-f317ceeb0ceb:192.168.69.67:37615], old=null
2019-10-18 07:14:03,469 [grpc-default-executor-1] INFO  impl.RaftServerImpl (RaftServerImpl.java:setRole(184)) - 24274e9f-e41f-4654-9afc-a783ca44e44b@group-20BE3FF63202: changes role from  FOLLOWER to FOLLOWER at term 42 for recognizeCandidate:c52c3de9-0ed1-4f2b-ba1d-f317ceeb0ceb
2019-10-18 07:14:03,469 [grpc-default-executor-0] INFO  impl.RaftServerImpl (RaftServerImpl.java:setRole(184)) - 988115cd-21c9-4558-b198-f2cedd98ccf3@group-20BE3FF63202: changes role from  FOLLOWER to FOLLOWER at term 42 for recognizeCandidate:c52c3de9-0ed1-4f2b-ba1d-f317ceeb0ceb
2019-10-18 07:14:03,469 [grpc-default-executor-1] INFO  impl.RoleInfo (RoleInfo.java:shutdownFollowerState(121)) - 24274e9f-e41f-4654-9afc-a783ca44e44b: shutdown FollowerState
2019-10-18 07:14:03,470 [grpc-default-executor-0] INFO  impl.RoleInfo (RoleInfo.java:shutdownFollowerState(121)) - 988115cd-21c9-4558-b198-f2cedd98ccf3: shutdown FollowerState
2019-10-18 07:14:03,470 [Thread-667] INFO  impl.FollowerState (FollowerState.java:run(117)) - 24274e9f-e41f-4654-9afc-a783ca44e44b@group-20BE3FF63202-FollowerState was interrupted: java.lang.InterruptedException: sleep interrupted
2019-10-18 07:14:03,470 [grpc-default-executor-1] INFO  impl.RoleInfo (RoleInfo.java:updateAndGet(143)) - 24274e9f-e41f-4654-9afc-a783ca44e44b: start FollowerState
2019-10-18 07:14:03,470 [Thread-666] INFO  impl.FollowerState (FollowerState.java:run(117)) - 988115cd-21c9-4558-b198-f2cedd98ccf3@group-20BE3FF63202-FollowerState was interrupted: java.lang.InterruptedException: sleep interrupted
2019-10-18 07:14:03,470 [grpc-default-executor-0] INFO  impl.RoleInfo (RoleInfo.java:updateAndGet(143)) - 988115cd-21c9-4558-b198-f2cedd98ccf3: start FollowerState
2019-10-18 07:14:03,526 [c52c3de9-0ed1-4f2b-ba1d-f317ceeb0ceb@group-20BE3FF63202-LeaderElection54] INFO  impl.LeaderElection (LeaderElection.java:logAndReturn(56)) - c52c3de9-0ed1-4f2b-ba1d-f317ceeb0ceb@group-20BE3FF63202-LeaderElection54: Election REJECTED; received 2 response(s) [c52c3de9-0ed1-4f2b-ba1d-f317ceeb0ceb<-24274e9f-e41f-4654-9afc-a783ca44e44b#0:FAIL-t42, c52c3de9-0ed1-4f2b-ba1d-f317ceeb0ceb<-988115cd-21c9-4558-b198-f2cedd98ccf3#0:FAIL-t42] and 0 exception(s); c52c3de9-0ed1-4f2b-ba1d-f317ceeb0ceb@group-20BE3FF63202:t42, leader=null, voted=c52c3de9-0ed1-4f2b-ba1d-f317ceeb0ceb, raftlog=c52c3de9-0ed1-4f2b-ba1d-f317ceeb0ceb@group-20BE3FF63202-SegmentedRaftLog:OPENED:c-1,f-1,i0, conf=-1: [24274e9f-e41f-4654-9afc-a783ca44e44b:192.168.69.67:35902, 988115cd-21c9-4558-b198-f2cedd98ccf3:192.168.69.67:44208, c52c3de9-0ed1-4f2b-ba1d-f317ceeb0ceb:192.168.69.67:37615], old=null
2019-10-18 07:14:03,527 [c52c3de9-0ed1-4f2b-ba1d-f317ceeb0ceb@group-20BE3FF63202-LeaderElection54] INFO  impl.RaftServerImpl (RaftServerImpl.java:setRole(184)) - c52c3de9-0ed1-4f2b-ba1d-f317ceeb0ceb@group-20BE3FF63202: changes role from CANDIDATE to FOLLOWER at term 42 for DISCOVERED_A_NEW_TERM
2019-10-18 07:14:03,527 [c52c3de9-0ed1-4f2b-ba1d-f317ceeb0ceb@group-20BE3FF63202-LeaderElection54] INFO  impl.RoleInfo (RoleInfo.java:shutdownLeaderElection(134)) - c52c3de9-0ed1-4f2b-ba1d-f317ceeb0ceb: shutdown LeaderElection
2019-10-18 07:14:03,527 [c52c3de9-0ed1-4f2b-ba1d-f317ceeb0ceb@group-20BE3FF63202-LeaderElection54] INFO  impl.RoleInfo (RoleInfo.java:updateAndGet(143)) - c52c3de9-0ed1-4f2b-ba1d-f317ceeb0ceb: start FollowerState
2019-10-18 07:14:03,544 [Thread-674] INFO  impl.FollowerState (FollowerState.java:run(108)) - c52c3de9-0ed1-4f2b-ba1d-f317ceeb0ceb@group-20BE3FF63202-FollowerState: change to CANDIDATE, lastRpcTime:16ms, electionTimeout:16ms
2019-10-18 07:14:03,544 [Thread-674] INFO  impl.RoleInfo (RoleInfo.java:shutdownFollowerState(121)) - c52c3de9-0ed1-4f2b-ba1d-f317ceeb0ceb: shutdown FollowerState
2019-10-18 07:14:03,544 [Thread-674] INFO  impl.RaftServerImpl (RaftServerImpl.java:setRole(184)) - c52c3de9-0ed1-4f2b-ba1d-f317ceeb0ceb@group-20BE3FF63202: changes role from  FOLLOWER to CANDIDATE at term 42 for changeToCandidate
2019-10-18 07:14:03,544 [Thread-674] INFO  impl.RoleInfo (RoleInfo.java:updateAndGet(143)) - c52c3de9-0ed1-4f2b-ba1d-f317ceeb0ceb: start LeaderElection
2019-10-18 07:14:03,599 [c52c3de9-0ed1-4f2b-ba1d-f317ceeb0ceb@group-20BE3FF63202-LeaderElection55] INFO  impl.LeaderElection (LeaderElection.java:askForVotes(178)) - c52c3de9-0ed1-4f2b-ba1d-f317ceeb0ceb@group-20BE3FF63202-LeaderElection55: begin an election at term 43 for -1: [24274e9f-e41f-4654-9afc-a783ca44e44b:192.168.69.67:35902, 988115cd-21c9-4558-b198-f2cedd98ccf3:192.168.69.67:44208, c52c3de9-0ed1-4f2b-ba1d-f317ceeb0ceb:192.168.69.67:37615], old=null
2019-10-18 07:14:03,603 [grpc-default-executor-1] INFO  impl.RaftServerImpl (RaftServerImpl.java:setRole(184)) - 24274e9f-e41f-4654-9afc-a783ca44e44b@group-20BE3FF63202: changes role from  FOLLOWER to FOLLOWER at term 43 for recognizeCandidate:c52c3de9-0ed1-4f2b-ba1d-f317ceeb0ceb
2019-10-18 07:14:03,603 [grpc-default-executor-0] INFO  impl.RaftServerImpl (RaftServerImpl.java:setRole(184)) - 988115cd-21c9-4558-b198-f2cedd98ccf3@group-20BE3FF63202: changes role from  FOLLOWER to FOLLOWER at term 43 for recognizeCandidate:c52c3de9-0ed1-4f2b-ba1d-f317ceeb0ceb
2019-10-18 07:14:03,603 [grpc-default-executor-1] INFO  impl.RoleInfo (RoleInfo.java:shutdownFollowerState(121)) - 24274e9f-e41f-4654-9afc-a783ca44e44b: shutdown FollowerState
2019-10-18 07:14:03,604 [grpc-default-executor-0] INFO  impl.RoleInfo (RoleInfo.java:shutdownFollowerState(121)) - 988115cd-21c9-4558-b198-f2cedd98ccf3: shutdown FollowerState
2019-10-18 07:14:03,604 [Thread-672] INFO  impl.FollowerState (FollowerState.java:run(117)) - 24274e9f-e41f-4654-9afc-a783ca44e44b@group-20BE3FF63202-FollowerState was interrupted: java.lang.InterruptedException: sleep interrupted
2019-10-18 07:14:03,604 [grpc-default-executor-1] INFO  impl.RoleInfo (RoleInfo.java:updateAndGet(143)) - 24274e9f-e41f-4654-9afc-a783ca44e44b: start FollowerState
2019-10-18 07:14:03,604 [Thread-673] INFO  impl.FollowerState (FollowerState.java:run(117)) - 988115cd-21c9-4558-b198-f2cedd98ccf3@group-20BE3FF63202-FollowerState was interrupted: java.lang.InterruptedException: sleep interrupted
2019-10-18 07:14:03,604 [grpc-default-executor-0] INFO  impl.RoleInfo (RoleInfo.java:updateAndGet(143)) - 988115cd-21c9-4558-b198-f2cedd98ccf3: start FollowerState
2019-10-18 07:14:03,606 [c52c3de9-0ed1-4f2b-ba1d-f317ceeb0ceb@group-20BE3FF63202-LeaderElection55] INFO  impl.LeaderElection (LeaderElection.java:logAndReturn(56)) - c52c3de9-0ed1-4f2b-ba1d-f317ceeb0ceb@group-20BE3FF63202-LeaderElection55: Election TIMEOUT; received 0 response(s) [] and 0 exception(s); c52c3de9-0ed1-4f2b-ba1d-f317ceeb0ceb@group-20BE3FF63202:t43, leader=null, voted=c52c3de9-0ed1-4f2b-ba1d-f317ceeb0ceb, raftlog=c52c3de9-0ed1-4f2b-ba1d-f317ceeb0ceb@group-20BE3FF63202-SegmentedRaftLog:OPENED:c-1,f-1,i0, conf=-1: [24274e9f-e41f-4654-9afc-a783ca44e44b:192.168.69.67:35902, 988115cd-21c9-4558-b198-f2cedd98ccf3:192.168.69.67:44208, c52c3de9-0ed1-4f2b-ba1d-f317ceeb0ceb:192.168.69.67:37615], old=null
2019-10-18 07:14:03,660 [c52c3de9-0ed1-4f2b-ba1d-f317ceeb0ceb@group-20BE3FF63202-LeaderElection55] INFO  impl.LeaderElection (LeaderElection.java:askForVotes(178)) - c52c3de9-0ed1-4f2b-ba1d-f317ceeb0ceb@group-20BE3FF63202-LeaderElection55: begin an election at term 44 for -1: [24274e9f-e41f-4654-9afc-a783ca44e44b:192.168.69.67:35902, 988115cd-21c9-4558-b198-f2cedd98ccf3:192.168.69.67:44208, c52c3de9-0ed1-4f2b-ba1d-f317ceeb0ceb:192.168.69.67:37615], old=null
2019-10-18 07:14:03,663 [grpc-default-executor-1] INFO  impl.RaftServerImpl (RaftServerImpl.java:setRole(184)) - 24274e9f-e41f-4654-9afc-a783ca44e44b@group-20BE3FF63202: changes role from  FOLLOWER to FOLLOWER at term 44 for recognizeCandidate:c52c3de9-0ed1-4f2b-ba1d-f317ceeb0ceb
2019-10-18 07:14:03,664 [grpc-default-executor-1] INFO  impl.RoleInfo (RoleInfo.java:shutdownFollowerState(121)) - 24274e9f-e41f-4654-9afc-a783ca44e44b: shutdown FollowerState
2019-10-18 07:14:03,664 [grpc-default-executor-0] INFO  impl.RaftServerImpl (RaftServerImpl.java:setRole(184)) - 988115cd-21c9-4558-b198-f2cedd98ccf3@group-20BE3FF63202: changes role from  FOLLOWER to FOLLOWER at term 44 for recognizeCandidate:c52c3de9-0ed1-4f2b-ba1d-f317ceeb0ceb
2019-10-18 07:14:03,664 [Thread-678] INFO  impl.FollowerState (FollowerState.java:run(117)) - 24274e9f-e41f-4654-9afc-a783ca44e44b@group-20BE3FF63202-FollowerState was interrupted: java.lang.InterruptedException: sleep interrupted
2019-10-18 07:14:03,664 [grpc-default-executor-1] INFO  impl.RoleInfo (RoleInfo.java:updateAndGet(143)) - 24274e9f-e41f-4654-9afc-a783ca44e44b: start FollowerState
2019-10-18 07:14:03,664 [grpc-default-executor-0] INFO  impl.RoleInfo (RoleInfo.java:shutdownFollowerState(121)) - 988115cd-21c9-4558-b198-f2cedd98ccf3: shutdown FollowerState
2019-10-18 07:14:03,665 [grpc-default-executor-0] INFO  impl.RoleInfo (RoleInfo.java:updateAndGet(143)) - 988115cd-21c9-4558-b198-f2cedd98ccf3: start FollowerState
2019-10-18 07:14:03,665 [Thread-679] INFO  impl.FollowerState (FollowerState.java:run(117)) - 988115cd-21c9-4558-b198-f2cedd98ccf3@group-20BE3FF63202-FollowerState was interrupted: java.lang.InterruptedException: sleep interrupted
2019-10-18 07:14:03,730 [c52c3de9-0ed1-4f2b-ba1d-f317ceeb0ceb@group-20BE3FF63202-LeaderElection55] INFO  impl.LeaderElection (LeaderElection.java:logAndReturn(56)) - c52c3de9-0ed1-4f2b-ba1d-f317ceeb0ceb@group-20BE3FF63202-LeaderElection55: Election REJECTED; received 2 response(s) [c52c3de9-0ed1-4f2b-ba1d-f317ceeb0ceb<-24274e9f-e41f-4654-9afc-a783ca44e44b#0:FAIL-t44, c52c3de9-0ed1-4f2b-ba1d-f317ceeb0ceb<-988115cd-21c9-4558-b198-f2cedd98ccf3#0:FAIL-t44] and 0 exception(s); c52c3de9-0ed1-4f2b-ba1d-f317ceeb0ceb@group-20BE3FF63202:t44, leader=null, voted=c52c3de9-0ed1-4f2b-ba1d-f317ceeb0ceb, raftlog=c52c3de9-0ed1-4f2b-ba1d-f317ceeb0ceb@group-20BE3FF63202-SegmentedRaftLog:OPENED:c-1,f-1,i0, conf=-1: [24274e9f-e41f-4654-9afc-a783ca44e44b:192.168.69.67:35902, 988115cd-21c9-4558-b198-f2cedd98ccf3:192.168.69.67:44208, c52c3de9-0ed1-4f2b-ba1d-f317ceeb0ceb:192.168.69.67:37615], old=null
2019-10-18 07:14:03,730 [c52c3de9-0ed1-4f2b-ba1d-f317ceeb0ceb@group-20BE3FF63202-LeaderElection55] INFO  impl.RaftServerImpl (RaftServerImpl.java:setRole(184)) - c52c3de9-0ed1-4f2b-ba1d-f317ceeb0ceb@group-20BE3FF63202: changes role from CANDIDATE to FOLLOWER at term 44 for DISCOVERED_A_NEW_TERM
2019-10-18 07:14:03,731 [c52c3de9-0ed1-4f2b-ba1d-f317ceeb0ceb@group-20BE3FF63202-LeaderElection55] INFO  impl.RoleInfo (RoleInfo.java:shutdownLeaderElection(134)) - c52c3de9-0ed1-4f2b-ba1d-f317ceeb0ceb: shutdown LeaderElection
2019-10-18 07:14:03,731 [c52c3de9-0ed1-4f2b-ba1d-f317ceeb0ceb@group-20BE3FF63202-LeaderElection55] INFO  impl.RoleInfo (RoleInfo.java:updateAndGet(143)) - c52c3de9-0ed1-4f2b-ba1d-f317ceeb0ceb: start FollowerState
2019-10-18 07:14:03,919 [Thread-684] INFO  impl.FollowerState (FollowerState.java:run(108)) - c52c3de9-0ed1-4f2b-ba1d-f317ceeb0ceb@group-20BE3FF63202-FollowerState: change to CANDIDATE, lastRpcTime:188ms, electionTimeout:188ms
2019-10-18 07:14:03,920 [Thread-684] INFO  impl.RoleInfo (RoleInfo.java:shutdownFollowerState(121)) - c52c3de9-0ed1-4f2b-ba1d-f317ceeb0ceb: shutdown FollowerState
2019-10-18 07:14:03,920 [Thread-684] INFO  impl.RaftServerImpl (RaftServerImpl.java:setRole(184)) - c52c3de9-0ed1-4f2b-ba1d-f317ceeb0ceb@group-20BE3FF63202: changes role from  FOLLOWER to CANDIDATE at term 44 for changeToCandidate
2019-10-18 07:14:03,920 [Thread-684] INFO  impl.RoleInfo (RoleInfo.java:updateAndGet(143)) - c52c3de9-0ed1-4f2b-ba1d-f317ceeb0ceb: start LeaderElection
2019-10-18 07:14:03,968 [c52c3de9-0ed1-4f2b-ba1d-f317ceeb0ceb@group-20BE3FF63202-LeaderElection56] INFO  impl.LeaderElection (LeaderElection.java:askForVotes(178)) - c52c3de9-0ed1-4f2b-ba1d-f317ceeb0ceb@group-20BE3FF63202-LeaderElection56: begin an election at term 45 for -1: [24274e9f-e41f-4654-9afc-a783ca44e44b:192.168.69.67:35902, 988115cd-21c9-4558-b198-f2cedd98ccf3:192.168.69.67:44208, c52c3de9-0ed1-4f2b-ba1d-f317ceeb0ceb:192.168.69.67:37615], old=null
2019-10-18 07:14:03,972 [grpc-default-executor-1] INFO  impl.RaftServerImpl (RaftServerImpl.java:setRole(184)) - 988115cd-21c9-4558-b198-f2cedd98ccf3@group-20BE3FF63202: changes role from  FOLLOWER to FOLLOWER at term 45 for recognizeCandidate:c52c3de9-0ed1-4f2b-ba1d-f317ceeb0ceb
2019-10-18 07:14:03,972 [grpc-default-executor-0] INFO  impl.RaftServerImpl (RaftServerImpl.java:setRole(184)) - 24274e9f-e41f-4654-9afc-a783ca44e44b@group-20BE3FF63202: changes role from  FOLLOWER to FOLLOWER at term 45 for recognizeCandidate:c52c3de9-0ed1-4f2b-ba1d-f317ceeb0ceb
2019-10-18 07:14:03,972 [grpc-default-executor-1] INFO  impl.RoleInfo (RoleInfo.java:shutdownFollowerState(121)) - 988115cd-21c9-4558-b198-f2cedd98ccf3: shutdown FollowerState
2019-10-18 07:14:03,972 [grpc-default-executor-0] INFO  impl.RoleInfo (RoleInfo.java:shutdownFollowerState(121)) - 24274e9f-e41f-4654-9afc-a783ca44e44b: shutdown FollowerState
2019-10-18 07:14:03,972 [Thread-683] INFO  impl.FollowerState (FollowerState.java:run(117)) - 988115cd-21c9-4558-b198-f2cedd98ccf3@group-20BE3FF63202-FollowerState was interrupted: java.lang.InterruptedException: sleep interrupted
2019-10-18 07:14:03,972 [grpc-default-executor-1] INFO  impl.RoleInfo (RoleInfo.java:updateAndGet(143)) - 988115cd-21c9-4558-b198-f2cedd98ccf3: start FollowerState
2019-10-18 07:14:03,972 [Thread-682] INFO  impl.FollowerState (FollowerState.java:run(117)) - 24274e9f-e41f-4654-9afc-a783ca44e44b@group-20BE3FF63202-FollowerState was interrupted: java.lang.InterruptedException: sleep interrupted
2019-10-18 07:14:03,972 [grpc-default-executor-0] INFO  impl.RoleInfo (RoleInfo.java:updateAndGet(143)) - 24274e9f-e41f-4654-9afc-a783ca44e44b: start FollowerState
2019-10-18 07:14:04,031 [c52c3de9-0ed1-4f2b-ba1d-f317ceeb0ceb@group-20BE3FF63202-LeaderElection56] INFO  impl.LeaderElection (LeaderElection.java:logAndReturn(56)) - c52c3de9-0ed1-4f2b-ba1d-f317ceeb0ceb@group-20BE3FF63202-LeaderElection56: Election REJECTED; received 2 response(s) [c52c3de9-0ed1-4f2b-ba1d-f317ceeb0ceb<-24274e9f-e41f-4654-9afc-a783ca44e44b#0:FAIL-t45, c52c3de9-0ed1-4f2b-ba1d-f317ceeb0ceb<-988115cd-21c9-4558-b198-f2cedd98ccf3#0:FAIL-t45] and 0 exception(s); c52c3de9-0ed1-4f2b-ba1d-f317ceeb0ceb@group-20BE3FF63202:t45, leader=null, voted=c52c3de9-0ed1-4f2b-ba1d-f317ceeb0ceb, raftlog=c52c3de9-0ed1-4f2b-ba1d-f317ceeb0ceb@group-20BE3FF63202-SegmentedRaftLog:OPENED:c-1,f-1,i0, conf=-1: [24274e9f-e41f-4654-9afc-a783ca44e44b:192.168.69.67:35902, 988115cd-21c9-4558-b198-f2cedd98ccf3:192.168.69.67:44208, c52c3de9-0ed1-4f2b-ba1d-f317ceeb0ceb:192.168.69.67:37615], old=null
2019-10-18 07:14:04,031 [c52c3de9-0ed1-4f2b-ba1d-f317ceeb0ceb@group-20BE3FF63202-LeaderElection56] INFO  impl.RaftServerImpl (RaftServerImpl.java:setRole(184)) - c52c3de9-0ed1-4f2b-ba1d-f317ceeb0ceb@group-20BE3FF63202: changes role from CANDIDATE to FOLLOWER at term 45 for DISCOVERED_A_NEW_TERM
2019-10-18 07:14:04,031 [c52c3de9-0ed1-4f2b-ba1d-f317ceeb0ceb@group-20BE3FF63202-LeaderElection56] INFO  impl.RoleInfo (RoleInfo.java:shutdownLeaderElection(134)) - c52c3de9-0ed1-4f2b-ba1d-f317ceeb0ceb: shutdown LeaderElection
2019-10-18 07:14:04,031 [c52c3de9-0ed1-4f2b-ba1d-f317ceeb0ceb@group-20BE3FF63202-LeaderElection56] INFO  impl.RoleInfo (RoleInfo.java:updateAndGet(143)) - c52c3de9-0ed1-4f2b-ba1d-f317ceeb0ceb: start FollowerState
2019-10-18 07:14:04,050 [Thread-690] INFO  impl.FollowerState (FollowerState.java:run(108)) - c52c3de9-0ed1-4f2b-ba1d-f317ceeb0ceb@group-20BE3FF63202-FollowerState: change to CANDIDATE, lastRpcTime:18ms, electionTimeout:17ms
2019-10-18 07:14:04,052 [Thread-690] INFO  impl.RoleInfo (RoleInfo.java:shutdownFollowerState(121)) - c52c3de9-0ed1-4f2b-ba1d-f317ceeb0ceb: shutdown FollowerState
2019-10-18 07:14:04,052 [Thread-690] INFO  impl.RaftServerImpl (RaftServerImpl.java:setRole(184)) - c52c3de9-0ed1-4f2b-ba1d-f317ceeb0ceb@group-20BE3FF63202: changes role from  FOLLOWER to CANDIDATE at term 45 for changeToCandidate
2019-10-18 07:14:04,052 [Thread-690] INFO  impl.RoleInfo (RoleInfo.java:updateAndGet(143)) - c52c3de9-0ed1-4f2b-ba1d-f317ceeb0ceb: start LeaderElection
2019-10-18 07:14:04,106 [c52c3de9-0ed1-4f2b-ba1d-f317ceeb0ceb@group-20BE3FF63202-LeaderElection57] INFO  impl.LeaderElection (LeaderElection.java:askForVotes(178)) - c52c3de9-0ed1-4f2b-ba1d-f317ceeb0ceb@group-20BE3FF63202-LeaderElection57: begin an election at term 46 for -1: [24274e9f-e41f-4654-9afc-a783ca44e44b:192.168.69.67:35902, 988115cd-21c9-4558-b198-f2cedd98ccf3:192.168.69.67:44208, c52c3de9-0ed1-4f2b-ba1d-f317ceeb0ceb:192.168.69.67:37615], old=null
2019-10-18 07:14:04,109 [grpc-default-executor-0] INFO  impl.RaftServerImpl (RaftServerImpl.java:setRole(184)) - 988115cd-21c9-4558-b198-f2cedd98ccf3@group-20BE3FF63202: changes role from  FOLLOWER to FOLLOWER at term 46 for recognizeCandidate:c52c3de9-0ed1-4f2b-ba1d-f317ceeb0ceb
2019-10-18 07:14:04,109 [grpc-default-executor-1] INFO  impl.RaftServerImpl (RaftServerImpl.java:setRole(184)) - 24274e9f-e41f-4654-9afc-a783ca44e44b@group-20BE3FF63202: changes role from  FOLLOWER to FOLLOWER at term 46 for recognizeCandidate:c52c3de9-0ed1-4f2b-ba1d-f317ceeb0ceb
2019-10-18 07:14:04,109 [grpc-default-executor-0] INFO  impl.RoleInfo (RoleInfo.java:shutdownFollowerState(121)) - 988115cd-21c9-4558-b198-f2cedd98ccf3: shutdown FollowerState
2019-10-18 07:14:04,109 [grpc-default-executor-1] INFO  impl.RoleInfo (RoleInfo.java:shutdownFollowerState(121)) - 24274e9f-e41f-4654-9afc-a783ca44e44b: shutdown FollowerState
2019-10-18 07:14:04,110 [grpc-default-executor-0] INFO  impl.RoleInfo (RoleInfo.java:updateAndGet(143)) - 988115cd-21c9-4558-b198-f2cedd98ccf3: start FollowerState
2019-10-18 07:14:04,110 [Thread-689] INFO  impl.FollowerState (FollowerState.java:run(117)) - 24274e9f-e41f-4654-9afc-a783ca44e44b@group-20BE3FF63202-FollowerState was interrupted: java.lang.InterruptedException: sleep interrupted
2019-10-18 07:14:04,110 [grpc-default-executor-1] INFO  impl.RoleInfo (RoleInfo.java:updateAndGet(143)) - 24274e9f-e41f-4654-9afc-a783ca44e44b: start FollowerState
2019-10-18 07:14:04,110 [Thread-688] INFO  impl.FollowerState (FollowerState.java:run(117)) - 988115cd-21c9-4558-b198-f2cedd98ccf3@group-20BE3FF63202-FollowerState was interrupted: java.lang.InterruptedException: sleep interrupted
2019-10-18 07:14:04,159 [c52c3de9-0ed1-4f2b-ba1d-f317ceeb0ceb@group-20BE3FF63202-LeaderElection57] INFO  impl.LeaderElection (LeaderElection.java:logAndReturn(56)) - c52c3de9-0ed1-4f2b-ba1d-f317ceeb0ceb@group-20BE3FF63202-LeaderElection57: Election REJECTED; received 2 response(s) [c52c3de9-0ed1-4f2b-ba1d-f317ceeb0ceb<-24274e9f-e41f-4654-9afc-a783ca44e44b#0:FAIL-t46, c52c3de9-0ed1-4f2b-ba1d-f317ceeb0ceb<-988115cd-21c9-4558-b198-f2cedd98ccf3#0:FAIL-t46] and 0 exception(s); c52c3de9-0ed1-4f2b-ba1d-f317ceeb0ceb@group-20BE3FF63202:t46, leader=null, voted=c52c3de9-0ed1-4f2b-ba1d-f317ceeb0ceb, raftlog=c52c3de9-0ed1-4f2b-ba1d-f317ceeb0ceb@group-20BE3FF63202-SegmentedRaftLog:OPENED:c-1,f-1,i0, conf=-1: [24274e9f-e41f-4654-9afc-a783ca44e44b:192.168.69.67:35902, 988115cd-21c9-4558-b198-f2cedd98ccf3:192.168.69.67:44208, c52c3de9-0ed1-4f2b-ba1d-f317ceeb0ceb:192.168.69.67:37615], old=null
2019-10-18 07:14:04,159 [c52c3de9-0ed1-4f2b-ba1d-f317ceeb0ceb@group-20BE3FF63202-LeaderElection57] INFO  impl.RaftServerImpl (RaftServerImpl.java:setRole(184)) - c52c3de9-0ed1-4f2b-ba1d-f317ceeb0ceb@group-20BE3FF63202: changes role from CANDIDATE to FOLLOWER at term 46 for DISCOVERED_A_NEW_TERM
2019-10-18 07:14:04,160 [c52c3de9-0ed1-4f2b-ba1d-f317ceeb0ceb@group-20BE3FF63202-LeaderElection57] INFO  impl.RoleInfo (RoleInfo.java:shutdownLeaderElection(134)) - c52c3de9-0ed1-4f2b-ba1d-f317ceeb0ceb: shutdown LeaderElection
2019-10-18 07:14:04,160 [c52c3de9-0ed1-4f2b-ba1d-f317ceeb0ceb@group-20BE3FF63202-LeaderElection57] INFO  impl.RoleInfo (RoleInfo.java:updateAndGet(143)) - c52c3de9-0ed1-4f2b-ba1d-f317ceeb0ceb: start FollowerState
2019-10-18 07:14:04,231 [Thread-696] INFO  impl.FollowerState (FollowerState.java:run(108)) - c52c3de9-0ed1-4f2b-ba1d-f317ceeb0ceb@group-20BE3FF63202-FollowerState: change to CANDIDATE, lastRpcTime:71ms, electionTimeout:71ms
2019-10-18 07:14:04,231 [Thread-696] INFO  impl.RoleInfo (RoleInfo.java:shutdownFollowerState(121)) - c52c3de9-0ed1-4f2b-ba1d-f317ceeb0ceb: shutdown FollowerState
2019-10-18 07:14:04,231 [Thread-696] INFO  impl.RaftServerImpl (RaftServerImpl.java:setRole(184)) - c52c3de9-0ed1-4f2b-ba1d-f317ceeb0ceb@group-20BE3FF63202: changes role from  FOLLOWER to CANDIDATE at term 46 for changeToCandidate
2019-10-18 07:14:04,232 [Thread-696] INFO  impl.RoleInfo (RoleInfo.java:updateAndGet(143)) - c52c3de9-0ed1-4f2b-ba1d-f317ceeb0ceb: start LeaderElection
2019-10-18 07:14:04,316 [c52c3de9-0ed1-4f2b-ba1d-f317ceeb0ceb@group-20BE3FF63202-LeaderElection58] INFO  impl.LeaderElection (LeaderElection.java:askForVotes(178)) - c52c3de9-0ed1-4f2b-ba1d-f317ceeb0ceb@group-20BE3FF63202-LeaderElection58: begin an election at term 47 for -1: [24274e9f-e41f-4654-9afc-a783ca44e44b:192.168.69.67:35902, 988115cd-21c9-4558-b198-f2cedd98ccf3:192.168.69.67:44208, c52c3de9-0ed1-4f2b-ba1d-f317ceeb0ceb:192.168.69.67:37615], old=null
2019-10-18 07:14:04,319 [grpc-default-executor-1] INFO  impl.RaftServerImpl (RaftServerImpl.java:setRole(184)) - 24274e9f-e41f-4654-9afc-a783ca44e44b@group-20BE3FF63202: changes role from  FOLLOWER to FOLLOWER at term 47 for recognizeCandidate:c52c3de9-0ed1-4f2b-ba1d-f317ceeb0ceb
2019-10-18 07:14:04,319 [grpc-default-executor-1] INFO  impl.RoleInfo (RoleInfo.java:shutdownFollowerState(121)) - 24274e9f-e41f-4654-9afc-a783ca44e44b: shutdown FollowerState
2019-10-18 07:14:04,320 [grpc-default-executor-1] INFO  impl.RoleInfo (RoleInfo.java:updateAndGet(143)) - 24274e9f-e41f-4654-9afc-a783ca44e44b: start FollowerState
2019-10-18 07:14:04,320 [Thread-695] INFO  impl.FollowerState (FollowerState.java:run(117)) - 24274e9f-e41f-4654-9afc-a783ca44e44b@group-20BE3FF63202-FollowerState was interrupted: java.lang.InterruptedException: sleep interrupted
2019-10-18 07:14:04,320 [grpc-default-executor-0] INFO  impl.RaftServerImpl (RaftServerImpl.java:setRole(184)) - 988115cd-21c9-4558-b198-f2cedd98ccf3@group-20BE3FF63202: changes role from  FOLLOWER to FOLLOWER at term 47 for recognizeCandidate:c52c3de9-0ed1-4f2b-ba1d-f317ceeb0ceb
2019-10-18 07:14:04,320 [grpc-default-executor-0] INFO  impl.RoleInfo (RoleInfo.java:shutdownFollowerState(121)) - 988115cd-21c9-4558-b198-f2cedd98ccf3: shutdown FollowerState
2019-10-18 07:14:04,320 [grpc-default-executor-0] INFO  impl.RoleInfo (RoleInfo.java:updateAndGet(143)) - 988115cd-21c9-4558-b198-f2cedd98ccf3: start FollowerState
2019-10-18 07:14:04,320 [Thread-694] INFO  impl.FollowerState (FollowerState.java:run(117)) - 988115cd-21c9-4558-b198-f2cedd98ccf3@group-20BE3FF63202-FollowerState was interrupted: java.lang.InterruptedException: sleep interrupted
2019-10-18 07:14:04,364 [c52c3de9-0ed1-4f2b-ba1d-f317ceeb0ceb@group-20BE3FF63202-LeaderElection58] INFO  impl.LeaderElection (LeaderElection.java:logAndReturn(56)) - c52c3de9-0ed1-4f2b-ba1d-f317ceeb0ceb@group-20BE3FF63202-LeaderElection58: Election REJECTED; received 2 response(s) [c52c3de9-0ed1-4f2b-ba1d-f317ceeb0ceb<-24274e9f-e41f-4654-9afc-a783ca44e44b#0:FAIL-t47, c52c3de9-0ed1-4f2b-ba1d-f317ceeb0ceb<-988115cd-21c9-4558-b198-f2cedd98ccf3#0:FAIL-t47] and 0 exception(s); c52c3de9-0ed1-4f2b-ba1d-f317ceeb0ceb@group-20BE3FF63202:t47, leader=null, voted=c52c3de9-0ed1-4f2b-ba1d-f317ceeb0ceb, raftlog=c52c3de9-0ed1-4f2b-ba1d-f317ceeb0ceb@group-20BE3FF63202-SegmentedRaftLog:OPENED:c-1,f-1,i0, conf=-1: [24274e9f-e41f-4654-9afc-a783ca44e44b:192.168.69.67:35902, 988115cd-21c9-4558-b198-f2cedd98ccf3:192.168.69.67:44208, c52c3de9-0ed1-4f2b-ba1d-f317ceeb0ceb:192.168.69.67:37615], old=null
2019-10-18 07:14:04,364 [c52c3de9-0ed1-4f2b-ba1d-f317ceeb0ceb@group-20BE3FF63202-LeaderElection58] INFO  impl.RaftServerImpl (RaftServerImpl.java:setRole(184)) - c52c3de9-0ed1-4f2b-ba1d-f317ceeb0ceb@group-20BE3FF63202: changes role from CANDIDATE to FOLLOWER at term 47 for DISCOVERED_A_NEW_TERM
2019-10-18 07:14:04,364 [c52c3de9-0ed1-4f2b-ba1d-f317ceeb0ceb@group-20BE3FF63202-LeaderElection58] INFO  impl.RoleInfo (RoleInfo.java:shutdownLeaderElection(134)) - c52c3de9-0ed1-4f2b-ba1d-f317ceeb0ceb: shutdown LeaderElection
2019-10-18 07:14:04,364 [c52c3de9-0ed1-4f2b-ba1d-f317ceeb0ceb@group-20BE3FF63202-LeaderElection58] INFO  impl.RoleInfo (RoleInfo.java:updateAndGet(143)) - c52c3de9-0ed1-4f2b-ba1d-f317ceeb0ceb: start FollowerState
2019-10-18 07:14:04,462 [main] INFO  ozone.MiniOzoneClusterImpl (MiniOzoneClusterImpl.java:lambda$waitForClusterToBeReady$2(164)) - Waiting for 1 number of pipelines out of 9, to report a leader.
2019-10-18 07:14:04,557 [Thread-702] INFO  impl.FollowerState (FollowerState.java:run(108)) - c52c3de9-0ed1-4f2b-ba1d-f317ceeb0ceb@group-20BE3FF63202-FollowerState: change to CANDIDATE, lastRpcTime:192ms, electionTimeout:192ms
2019-10-18 07:14:04,557 [Thread-702] INFO  impl.RoleInfo (RoleInfo.java:shutdownFollowerState(121)) - c52c3de9-0ed1-4f2b-ba1d-f317ceeb0ceb: shutdown FollowerState
2019-10-18 07:14:04,557 [Thread-702] INFO  impl.RaftServerImpl (RaftServerImpl.java:setRole(184)) - c52c3de9-0ed1-4f2b-ba1d-f317ceeb0ceb@group-20BE3FF63202: changes role from  FOLLOWER to CANDIDATE at term 47 for changeToCandidate
2019-10-18 07:14:04,558 [Thread-702] INFO  impl.RoleInfo (RoleInfo.java:updateAndGet(143)) - c52c3de9-0ed1-4f2b-ba1d-f317ceeb0ceb: start LeaderElection
2019-10-18 07:14:04,610 [c52c3de9-0ed1-4f2b-ba1d-f317ceeb0ceb@group-20BE3FF63202-LeaderElection59] INFO  impl.LeaderElection (LeaderElection.java:askForVotes(178)) - c52c3de9-0ed1-4f2b-ba1d-f317ceeb0ceb@group-20BE3FF63202-LeaderElection59: begin an election at term 48 for -1: [24274e9f-e41f-4654-9afc-a783ca44e44b:192.168.69.67:35902, 988115cd-21c9-4558-b198-f2cedd98ccf3:192.168.69.67:44208, c52c3de9-0ed1-4f2b-ba1d-f317ceeb0ceb:192.168.69.67:37615], old=null
2019-10-18 07:14:04,613 [grpc-default-executor-1] INFO  impl.RaftServerImpl (RaftServerImpl.java:setRole(184)) - 24274e9f-e41f-4654-9afc-a783ca44e44b@group-20BE3FF63202: changes role from  FOLLOWER to FOLLOWER at term 48 for recognizeCandidate:c52c3de9-0ed1-4f2b-ba1d-f317ceeb0ceb
2019-10-18 07:14:04,613 [grpc-default-executor-0] INFO  impl.RaftServerImpl (RaftServerImpl.java:setRole(184)) - 988115cd-21c9-4558-b198-f2cedd98ccf3@group-20BE3FF63202: changes role from  FOLLOWER to FOLLOWER at term 48 for recognizeCandidate:c52c3de9-0ed1-4f2b-ba1d-f317ceeb0ceb
2019-10-18 07:14:04,613 [grpc-default-executor-1] INFO  impl.RoleInfo (RoleInfo.java:shutdownFollowerState(121)) - 24274e9f-e41f-4654-9afc-a783ca44e44b: shutdown FollowerState
2019-10-18 07:14:04,614 [grpc-default-executor-0] INFO  impl.RoleInfo (RoleInfo.java:shutdownFollowerState(121)) - 988115cd-21c9-4558-b198-f2cedd98ccf3: shutdown FollowerState
2019-10-18 07:14:04,614 [Thread-700] INFO  impl.FollowerState (FollowerState.java:run(117)) - 24274e9f-e41f-4654-9afc-a783ca44e44b@group-20BE3FF63202-FollowerState was interrupted: java.lang.InterruptedException: sleep interrupted
2019-10-18 07:14:04,614 [grpc-default-executor-1] INFO  impl.RoleInfo (RoleInfo.java:updateAndGet(143)) - 24274e9f-e41f-4654-9afc-a783ca44e44b: start FollowerState
2019-10-18 07:14:04,614 [grpc-default-executor-0] INFO  impl.RoleInfo (RoleInfo.java:updateAndGet(143)) - 988115cd-21c9-4558-b198-f2cedd98ccf3: start FollowerState
2019-10-18 07:14:04,614 [Thread-701] INFO  impl.FollowerState (FollowerState.java:run(117)) - 988115cd-21c9-4558-b198-f2cedd98ccf3@group-20BE3FF63202-FollowerState was interrupted: java.lang.InterruptedException: sleep interrupted
2019-10-18 07:14:04,669 [c52c3de9-0ed1-4f2b-ba1d-f317ceeb0ceb@group-20BE3FF63202-LeaderElection59] INFO  impl.LeaderElection (LeaderElection.java:logAndReturn(56)) - c52c3de9-0ed1-4f2b-ba1d-f317ceeb0ceb@group-20BE3FF63202-LeaderElection59: Election REJECTED; received 2 response(s) [c52c3de9-0ed1-4f2b-ba1d-f317ceeb0ceb<-24274e9f-e41f-4654-9afc-a783ca44e44b#0:FAIL-t48, c52c3de9-0ed1-4f2b-ba1d-f317ceeb0ceb<-988115cd-21c9-4558-b198-f2cedd98ccf3#0:FAIL-t48] and 0 exception(s); c52c3de9-0ed1-4f2b-ba1d-f317ceeb0ceb@group-20BE3FF63202:t48, leader=null, voted=c52c3de9-0ed1-4f2b-ba1d-f317ceeb0ceb, raftlog=c52c3de9-0ed1-4f2b-ba1d-f317ceeb0ceb@group-20BE3FF63202-SegmentedRaftLog:OPENED:c-1,f-1,i0, conf=-1: [24274e9f-e41f-4654-9afc-a783ca44e44b:192.168.69.67:35902, 988115cd-21c9-4558-b198-f2cedd98ccf3:192.168.69.67:44208, c52c3de9-0ed1-4f2b-ba1d-f317ceeb0ceb:192.168.69.67:37615], old=null
2019-10-18 07:14:04,669 [c52c3de9-0ed1-4f2b-ba1d-f317ceeb0ceb@group-20BE3FF63202-LeaderElection59] INFO  impl.RaftServerImpl (RaftServerImpl.java:setRole(184)) - c52c3de9-0ed1-4f2b-ba1d-f317ceeb0ceb@group-20BE3FF63202: changes role from CANDIDATE to FOLLOWER at term 48 for DISCOVERED_A_NEW_TERM
2019-10-18 07:14:04,670 [c52c3de9-0ed1-4f2b-ba1d-f317ceeb0ceb@group-20BE3FF63202-LeaderElection59] INFO  impl.RoleInfo (RoleInfo.java:shutdownLeaderElection(134)) - c52c3de9-0ed1-4f2b-ba1d-f317ceeb0ceb: shutdown LeaderElection
2019-10-18 07:14:04,670 [c52c3de9-0ed1-4f2b-ba1d-f317ceeb0ceb@group-20BE3FF63202-LeaderElection59] INFO  impl.RoleInfo (RoleInfo.java:updateAndGet(143)) - c52c3de9-0ed1-4f2b-ba1d-f317ceeb0ceb: start FollowerState
2019-10-18 07:14:04,855 [Thread-708] INFO  impl.FollowerState (FollowerState.java:run(108)) - c52c3de9-0ed1-4f2b-ba1d-f317ceeb0ceb@group-20BE3FF63202-FollowerState: change to CANDIDATE, lastRpcTime:185ms, electionTimeout:185ms
2019-10-18 07:14:04,856 [Thread-708] INFO  impl.RoleInfo (RoleInfo.java:shutdownFollowerState(121)) - c52c3de9-0ed1-4f2b-ba1d-f317ceeb0ceb: shutdown FollowerState
2019-10-18 07:14:04,856 [Thread-708] INFO  impl.RaftServerImpl (RaftServerImpl.java:setRole(184)) - c52c3de9-0ed1-4f2b-ba1d-f317ceeb0ceb@group-20BE3FF63202: changes role from  FOLLOWER to CANDIDATE at term 48 for changeToCandidate
2019-10-18 07:14:04,856 [Thread-708] INFO  impl.RoleInfo (RoleInfo.java:updateAndGet(143)) - c52c3de9-0ed1-4f2b-ba1d-f317ceeb0ceb: start LeaderElection
2019-10-18 07:14:04,910 [c52c3de9-0ed1-4f2b-ba1d-f317ceeb0ceb@group-20BE3FF63202-LeaderElection60] INFO  impl.LeaderElection (LeaderElection.java:askForVotes(178)) - c52c3de9-0ed1-4f2b-ba1d-f317ceeb0ceb@group-20BE3FF63202-LeaderElection60: begin an election at term 49 for -1: [24274e9f-e41f-4654-9afc-a783ca44e44b:192.168.69.67:35902, 988115cd-21c9-4558-b198-f2cedd98ccf3:192.168.69.67:44208, c52c3de9-0ed1-4f2b-ba1d-f317ceeb0ceb:192.168.69.67:37615], old=null
2019-10-18 07:14:04,914 [grpc-default-executor-1] INFO  impl.RaftServerImpl (RaftServerImpl.java:setRole(184)) - 988115cd-21c9-4558-b198-f2cedd98ccf3@group-20BE3FF63202: changes role from  FOLLOWER to FOLLOWER at term 49 for recognizeCandidate:c52c3de9-0ed1-4f2b-ba1d-f317ceeb0ceb
2019-10-18 07:14:04,914 [grpc-default-executor-0] INFO  impl.RaftServerImpl (RaftServerImpl.java:setRole(184)) - 24274e9f-e41f-4654-9afc-a783ca44e44b@group-20BE3FF63202: changes role from  FOLLOWER to FOLLOWER at term 49 for recognizeCandidate:c52c3de9-0ed1-4f2b-ba1d-f317ceeb0ceb
2019-10-18 07:14:04,914 [grpc-default-executor-1] INFO  impl.RoleInfo (RoleInfo.java:shutdownFollowerState(121)) - 988115cd-21c9-4558-b198-f2cedd98ccf3: shutdown FollowerState
2019-10-18 07:14:04,914 [grpc-default-executor-0] INFO  impl.RoleInfo (RoleInfo.java:shutdownFollowerState(121)) - 24274e9f-e41f-4654-9afc-a783ca44e44b: shutdown FollowerState
2019-10-18 07:14:04,914 [grpc-default-executor-1] INFO  impl.RoleInfo (RoleInfo.java:updateAndGet(143)) - 988115cd-21c9-4558-b198-f2cedd98ccf3: start FollowerState
2019-10-18 07:14:04,915 [Thread-707] INFO  impl.FollowerState (FollowerState.java:run(117)) - 988115cd-21c9-4558-b198-f2cedd98ccf3@group-20BE3FF63202-FollowerState was interrupted: java.lang.InterruptedException: sleep interrupted
2019-10-18 07:14:04,915 [grpc-default-executor-0] INFO  impl.RoleInfo (RoleInfo.java:updateAndGet(143)) - 24274e9f-e41f-4654-9afc-a783ca44e44b: start FollowerState
2019-10-18 07:14:04,915 [Thread-706] INFO  impl.FollowerState (FollowerState.java:run(117)) - 24274e9f-e41f-4654-9afc-a783ca44e44b@group-20BE3FF63202-FollowerState was interrupted: java.lang.InterruptedException: sleep interrupted
2019-10-18 07:14:04,967 [c52c3de9-0ed1-4f2b-ba1d-f317ceeb0ceb@group-20BE3FF63202-LeaderElection60] INFO  impl.LeaderElection (LeaderElection.java:logAndReturn(56)) - c52c3de9-0ed1-4f2b-ba1d-f317ceeb0ceb@group-20BE3FF63202-LeaderElection60: Election TIMEOUT; received 0 response(s) [] and 0 exception(s); c52c3de9-0ed1-4f2b-ba1d-f317ceeb0ceb@group-20BE3FF63202:t49, leader=null, voted=c52c3de9-0ed1-4f2b-ba1d-f317ceeb0ceb, raftlog=c52c3de9-0ed1-4f2b-ba1d-f317ceeb0ceb@group-20BE3FF63202-SegmentedRaftLog:OPENED:c-1,f-1,i0, conf=-1: [24274e9f-e41f-4654-9afc-a783ca44e44b:192.168.69.67:35902, 988115cd-21c9-4558-b198-f2cedd98ccf3:192.168.69.67:44208, c52c3de9-0ed1-4f2b-ba1d-f317ceeb0ceb:192.168.69.67:37615], old=null
2019-10-18 07:14:05,024 [c52c3de9-0ed1-4f2b-ba1d-f317ceeb0ceb@group-20BE3FF63202-LeaderElection60] INFO  impl.LeaderElection (LeaderElection.java:askForVotes(178)) - c52c3de9-0ed1-4f2b-ba1d-f317ceeb0ceb@group-20BE3FF63202-LeaderElection60: begin an election at term 50 for -1: [24274e9f-e41f-4654-9afc-a783ca44e44b:192.168.69.67:35902, 988115cd-21c9-4558-b198-f2cedd98ccf3:192.168.69.67:44208, c52c3de9-0ed1-4f2b-ba1d-f317ceeb0ceb:192.168.69.67:37615], old=null
2019-10-18 07:14:05,027 [grpc-default-executor-1] INFO  impl.RaftServerImpl (RaftServerImpl.java:setRole(184)) - 24274e9f-e41f-4654-9afc-a783ca44e44b@group-20BE3FF63202: changes role from  FOLLOWER to FOLLOWER at term 50 for recognizeCandidate:c52c3de9-0ed1-4f2b-ba1d-f317ceeb0ceb
2019-10-18 07:14:05,027 [grpc-default-executor-0] INFO  impl.RaftServerImpl (RaftServerImpl.java:setRole(184)) - 988115cd-21c9-4558-b198-f2cedd98ccf3@group-20BE3FF63202: changes role from  FOLLOWER to FOLLOWER at term 50 for recognizeCandidate:c52c3de9-0ed1-4f2b-ba1d-f317ceeb0ceb
2019-10-18 07:14:05,028 [grpc-default-executor-1] INFO  impl.RoleInfo (RoleInfo.java:shutdownFollowerState(121)) - 24274e9f-e41f-4654-9afc-a783ca44e44b: shutdown FollowerState
2019-10-18 07:14:05,028 [grpc-default-executor-0] INFO  impl.RoleInfo (RoleInfo.java:shutdownFollowerState(121)) - 988115cd-21c9-4558-b198-f2cedd98ccf3: shutdown FollowerState
2019-10-18 07:14:05,028 [Thread-713] INFO  impl.FollowerState (FollowerState.java:run(117)) - 24274e9f-e41f-4654-9afc-a783ca44e44b@group-20BE3FF63202-FollowerState was interrupted: java.lang.InterruptedException: sleep interrupted
2019-10-18 07:14:05,028 [grpc-default-executor-1] INFO  impl.RoleInfo (RoleInfo.java:updateAndGet(143)) - 24274e9f-e41f-4654-9afc-a783ca44e44b: start FollowerState
2019-10-18 07:14:05,028 [Thread-712] INFO  impl.FollowerState (FollowerState.java:run(117)) - 988115cd-21c9-4558-b198-f2cedd98ccf3@group-20BE3FF63202-FollowerState was interrupted: java.lang.InterruptedException: sleep interrupted
2019-10-18 07:14:05,028 [grpc-default-executor-0] INFO  impl.RoleInfo (RoleInfo.java:updateAndGet(143)) - 988115cd-21c9-4558-b198-f2cedd98ccf3: start FollowerState
2019-10-18 07:14:05,074 [c52c3de9-0ed1-4f2b-ba1d-f317ceeb0ceb@group-20BE3FF63202-LeaderElection60] INFO  impl.LeaderElection (LeaderElection.java:logAndReturn(56)) - c52c3de9-0ed1-4f2b-ba1d-f317ceeb0ceb@group-20BE3FF63202-LeaderElection60: Election REJECTED; received 2 response(s) [c52c3de9-0ed1-4f2b-ba1d-f317ceeb0ceb<-24274e9f-e41f-4654-9afc-a783ca44e44b#0:FAIL-t50, c52c3de9-0ed1-4f2b-ba1d-f317ceeb0ceb<-988115cd-21c9-4558-b198-f2cedd98ccf3#0:FAIL-t50] and 0 exception(s); c52c3de9-0ed1-4f2b-ba1d-f317ceeb0ceb@group-20BE3FF63202:t50, leader=null, voted=c52c3de9-0ed1-4f2b-ba1d-f317ceeb0ceb, raftlog=c52c3de9-0ed1-4f2b-ba1d-f317ceeb0ceb@group-20BE3FF63202-SegmentedRaftLog:OPENED:c-1,f-1,i0, conf=-1: [24274e9f-e41f-4654-9afc-a783ca44e44b:192.168.69.67:35902, 988115cd-21c9-4558-b198-f2cedd98ccf3:192.168.69.67:44208, c52c3de9-0ed1-4f2b-ba1d-f317ceeb0ceb:192.168.69.67:37615], old=null
2019-10-18 07:14:05,074 [c52c3de9-0ed1-4f2b-ba1d-f317ceeb0ceb@group-20BE3FF63202-LeaderElection60] INFO  impl.RaftServerImpl (RaftServerImpl.java:setRole(184)) - c52c3de9-0ed1-4f2b-ba1d-f317ceeb0ceb@group-20BE3FF63202: changes role from CANDIDATE to FOLLOWER at term 50 for DISCOVERED_A_NEW_TERM
2019-10-18 07:14:05,075 [c52c3de9-0ed1-4f2b-ba1d-f317ceeb0ceb@group-20BE3FF63202-LeaderElection60] INFO  impl.RoleInfo (RoleInfo.java:shutdownLeaderElection(134)) - c52c3de9-0ed1-4f2b-ba1d-f317ceeb0ceb: shutdown LeaderElection
2019-10-18 07:14:05,075 [c52c3de9-0ed1-4f2b-ba1d-f317ceeb0ceb@group-20BE3FF63202-LeaderElection60] INFO  impl.RoleInfo (RoleInfo.java:updateAndGet(143)) - c52c3de9-0ed1-4f2b-ba1d-f317ceeb0ceb: start FollowerState
2019-10-18 07:14:05,105 [Thread-718] INFO  impl.FollowerState (FollowerState.java:run(108)) - c52c3de9-0ed1-4f2b-ba1d-f317ceeb0ceb@group-20BE3FF63202-FollowerState: change to CANDIDATE, lastRpcTime:29ms, electionTimeout:29ms
2019-10-18 07:14:05,105 [Thread-718] INFO  impl.RoleInfo (RoleInfo.java:shutdownFollowerState(121)) - c52c3de9-0ed1-4f2b-ba1d-f317ceeb0ceb: shutdown FollowerState
2019-10-18 07:14:05,105 [Thread-718] INFO  impl.RaftServerImpl (RaftServerImpl.java:setRole(184)) - c52c3de9-0ed1-4f2b-ba1d-f317ceeb0ceb@group-20BE3FF63202: changes role from  FOLLOWER to CANDIDATE at term 50 for changeToCandidate
2019-10-18 07:14:05,105 [Thread-718] INFO  impl.RoleInfo (RoleInfo.java:updateAndGet(143)) - c52c3de9-0ed1-4f2b-ba1d-f317ceeb0ceb: start LeaderElection
2019-10-18 07:14:05,203 [c52c3de9-0ed1-4f2b-ba1d-f317ceeb0ceb@group-20BE3FF63202-LeaderElection61] INFO  impl.LeaderElection (LeaderElection.java:askForVotes(178)) - c52c3de9-0ed1-4f2b-ba1d-f317ceeb0ceb@group-20BE3FF63202-LeaderElection61: begin an election at term 51 for -1: [24274e9f-e41f-4654-9afc-a783ca44e44b:192.168.69.67:35902, 988115cd-21c9-4558-b198-f2cedd98ccf3:192.168.69.67:44208, c52c3de9-0ed1-4f2b-ba1d-f317ceeb0ceb:192.168.69.67:37615], old=null
2019-10-18 07:14:05,207 [grpc-default-executor-1] INFO  impl.RaftServerImpl (RaftServerImpl.java:setRole(184)) - 988115cd-21c9-4558-b198-f2cedd98ccf3@group-20BE3FF63202: changes role from  FOLLOWER to FOLLOWER at term 51 for recognizeCandidate:c52c3de9-0ed1-4f2b-ba1d-f317ceeb0ceb
2019-10-18 07:14:05,207 [grpc-default-executor-1] INFO  impl.RoleInfo (RoleInfo.java:shutdownFollowerState(121)) - 988115cd-21c9-4558-b198-f2cedd98ccf3: shutdown FollowerState
2019-10-18 07:14:05,207 [grpc-default-executor-0] INFO  impl.RaftServerImpl (RaftServerImpl.java:setRole(184)) - 24274e9f-e41f-4654-9afc-a783ca44e44b@group-20BE3FF63202: changes role from  FOLLOWER to FOLLOWER at term 51 for recognizeCandidate:c52c3de9-0ed1-4f2b-ba1d-f317ceeb0ceb
2019-10-18 07:14:05,207 [Thread-717] INFO  impl.FollowerState (FollowerState.java:run(117)) - 988115cd-21c9-4558-b198-f2cedd98ccf3@group-20BE3FF63202-FollowerState was interrupted: java.lang.InterruptedException: sleep interrupted
2019-10-18 07:14:05,207 [grpc-default-executor-1] INFO  impl.RoleInfo (RoleInfo.java:updateAndGet(143)) - 988115cd-21c9-4558-b198-f2cedd98ccf3: start FollowerState
2019-10-18 07:14:05,207 [grpc-default-executor-0] INFO  impl.RoleInfo (RoleInfo.java:shutdownFollowerState(121)) - 24274e9f-e41f-4654-9afc-a783ca44e44b: shutdown FollowerState
2019-10-18 07:14:05,208 [grpc-default-executor-0] INFO  impl.RoleInfo (RoleInfo.java:updateAndGet(143)) - 24274e9f-e41f-4654-9afc-a783ca44e44b: start FollowerState
2019-10-18 07:14:05,208 [Thread-716] INFO  impl.FollowerState (FollowerState.java:run(117)) - 24274e9f-e41f-4654-9afc-a783ca44e44b@group-20BE3FF63202-FollowerState was interrupted: java.lang.InterruptedException: sleep interrupted
2019-10-18 07:14:05,259 [c52c3de9-0ed1-4f2b-ba1d-f317ceeb0ceb@group-20BE3FF63202-LeaderElection61] INFO  impl.LeaderElection (LeaderElection.java:logAndReturn(56)) - c52c3de9-0ed1-4f2b-ba1d-f317ceeb0ceb@group-20BE3FF63202-LeaderElection61: Election REJECTED; received 2 response(s) [c52c3de9-0ed1-4f2b-ba1d-f317ceeb0ceb<-24274e9f-e41f-4654-9afc-a783ca44e44b#0:FAIL-t51, c52c3de9-0ed1-4f2b-ba1d-f317ceeb0ceb<-988115cd-21c9-4558-b198-f2cedd98ccf3#0:FAIL-t51] and 0 exception(s); c52c3de9-0ed1-4f2b-ba1d-f317ceeb0ceb@group-20BE3FF63202:t51, leader=null, voted=c52c3de9-0ed1-4f2b-ba1d-f317ceeb0ceb, raftlog=c52c3de9-0ed1-4f2b-ba1d-f317ceeb0ceb@group-20BE3FF63202-SegmentedRaftLog:OPENED:c-1,f-1,i0, conf=-1: [24274e9f-e41f-4654-9afc-a783ca44e44b:192.168.69.67:35902, 988115cd-21c9-4558-b198-f2cedd98ccf3:192.168.69.67:44208, c52c3de9-0ed1-4f2b-ba1d-f317ceeb0ceb:192.168.69.67:37615], old=null
2019-10-18 07:14:05,259 [c52c3de9-0ed1-4f2b-ba1d-f317ceeb0ceb@group-20BE3FF63202-LeaderElection61] INFO  impl.RaftServerImpl (RaftServerImpl.java:setRole(184)) - c52c3de9-0ed1-4f2b-ba1d-f317ceeb0ceb@group-20BE3FF63202: changes role from CANDIDATE to FOLLOWER at term 51 for DISCOVERED_A_NEW_TERM
2019-10-18 07:14:05,259 [c52c3de9-0ed1-4f2b-ba1d-f317ceeb0ceb@group-20BE3FF63202-LeaderElection61] INFO  impl.RoleInfo (RoleInfo.java:shutdownLeaderElection(134)) - c52c3de9-0ed1-4f2b-ba1d-f317ceeb0ceb: shutdown LeaderElection
2019-10-18 07:14:05,260 [c52c3de9-0ed1-4f2b-ba1d-f317ceeb0ceb@group-20BE3FF63202-LeaderElection61] INFO  impl.RoleInfo (RoleInfo.java:updateAndGet(143)) - c52c3de9-0ed1-4f2b-ba1d-f317ceeb0ceb: start FollowerState
2019-10-18 07:14:05,347 [Thread-725] INFO  impl.FollowerState (FollowerState.java:run(108)) - c52c3de9-0ed1-4f2b-ba1d-f317ceeb0ceb@group-20BE3FF63202-FollowerState: change to CANDIDATE, lastRpcTime:87ms, electionTimeout:87ms
2019-10-18 07:14:05,347 [Thread-725] INFO  impl.RoleInfo (RoleInfo.java:shutdownFollowerState(121)) - c52c3de9-0ed1-4f2b-ba1d-f317ceeb0ceb: shutdown FollowerState
2019-10-18 07:14:05,348 [Thread-725] INFO  impl.RaftServerImpl (RaftServerImpl.java:setRole(184)) - c52c3de9-0ed1-4f2b-ba1d-f317ceeb0ceb@group-20BE3FF63202: changes role from  FOLLOWER to CANDIDATE at term 51 for changeToCandidate
2019-10-18 07:14:05,348 [Thread-725] INFO  impl.RoleInfo (RoleInfo.java:updateAndGet(143)) - c52c3de9-0ed1-4f2b-ba1d-f317ceeb0ceb: start LeaderElection
2019-10-18 07:14:05,431 [c52c3de9-0ed1-4f2b-ba1d-f317ceeb0ceb@group-20BE3FF63202-LeaderElection62] INFO  impl.LeaderElection (LeaderElection.java:askForVotes(178)) - c52c3de9-0ed1-4f2b-ba1d-f317ceeb0ceb@group-20BE3FF63202-LeaderElection62: begin an election at term 52 for -1: [24274e9f-e41f-4654-9afc-a783ca44e44b:192.168.69.67:35902, 988115cd-21c9-4558-b198-f2cedd98ccf3:192.168.69.67:44208, c52c3de9-0ed1-4f2b-ba1d-f317ceeb0ceb:192.168.69.67:37615], old=null
2019-10-18 07:14:05,434 [grpc-default-executor-1] INFO  impl.RaftServerImpl (RaftServerImpl.java:setRole(184)) - 24274e9f-e41f-4654-9afc-a783ca44e44b@group-20BE3FF63202: changes role from  FOLLOWER to FOLLOWER at term 52 for recognizeCandidate:c52c3de9-0ed1-4f2b-ba1d-f317ceeb0ceb
2019-10-18 07:14:05,435 [grpc-default-executor-0] INFO  impl.RaftServerImpl (RaftServerImpl.java:setRole(184)) - 988115cd-21c9-4558-b198-f2cedd98ccf3@group-20BE3FF63202: changes role from  FOLLOWER to FOLLOWER at term 52 for recognizeCandidate:c52c3de9-0ed1-4f2b-ba1d-f317ceeb0ceb
2019-10-18 07:14:05,435 [grpc-default-executor-1] INFO  impl.RoleInfo (RoleInfo.java:shutdownFollowerState(121)) - 24274e9f-e41f-4654-9afc-a783ca44e44b: shutdown FollowerState
2019-10-18 07:14:05,435 [grpc-default-executor-0] INFO  impl.RoleInfo (RoleInfo.java:shutdownFollowerState(121)) - 988115cd-21c9-4558-b198-f2cedd98ccf3: shutdown FollowerState
2019-10-18 07:14:05,435 [Thread-723] INFO  impl.FollowerState (FollowerState.java:run(117)) - 24274e9f-e41f-4654-9afc-a783ca44e44b@group-20BE3FF63202-FollowerState was interrupted: java.lang.InterruptedException: sleep interrupted
2019-10-18 07:14:05,435 [grpc-default-executor-0] INFO  impl.RoleInfo (RoleInfo.java:updateAndGet(143)) - 988115cd-21c9-4558-b198-f2cedd98ccf3: start FollowerState
2019-10-18 07:14:05,435 [grpc-default-executor-1] INFO  impl.RoleInfo (RoleInfo.java:updateAndGet(143)) - 24274e9f-e41f-4654-9afc-a783ca44e44b: start FollowerState
2019-10-18 07:14:05,435 [Thread-722] INFO  impl.FollowerState (FollowerState.java:run(117)) - 988115cd-21c9-4558-b198-f2cedd98ccf3@group-20BE3FF63202-FollowerState was interrupted: java.lang.InterruptedException: sleep interrupted
2019-10-18 07:14:05,462 [main] INFO  ozone.MiniOzoneClusterImpl (MiniOzoneClusterImpl.java:lambda$waitForClusterToBeReady$2(164)) - Waiting for 1 number of pipelines out of 9, to report a leader.
2019-10-18 07:14:05,468 [c52c3de9-0ed1-4f2b-ba1d-f317ceeb0ceb@group-20BE3FF63202-LeaderElection62] INFO  impl.LeaderElection (LeaderElection.java:logAndReturn(56)) - c52c3de9-0ed1-4f2b-ba1d-f317ceeb0ceb@group-20BE3FF63202-LeaderElection62: Election TIMEOUT; received 0 response(s) [] and 0 exception(s); c52c3de9-0ed1-4f2b-ba1d-f317ceeb0ceb@group-20BE3FF63202:t52, leader=null, voted=c52c3de9-0ed1-4f2b-ba1d-f317ceeb0ceb, raftlog=c52c3de9-0ed1-4f2b-ba1d-f317ceeb0ceb@group-20BE3FF63202-SegmentedRaftLog:OPENED:c-1,f-1,i0, conf=-1: [24274e9f-e41f-4654-9afc-a783ca44e44b:192.168.69.67:35902, 988115cd-21c9-4558-b198-f2cedd98ccf3:192.168.69.67:44208, c52c3de9-0ed1-4f2b-ba1d-f317ceeb0ceb:192.168.69.67:37615], old=null
2019-10-18 07:14:05,536 [c52c3de9-0ed1-4f2b-ba1d-f317ceeb0ceb@group-20BE3FF63202-LeaderElection62] INFO  impl.LeaderElection (LeaderElection.java:askForVotes(178)) - c52c3de9-0ed1-4f2b-ba1d-f317ceeb0ceb@group-20BE3FF63202-LeaderElection62: begin an election at term 53 for -1: [24274e9f-e41f-4654-9afc-a783ca44e44b:192.168.69.67:35902, 988115cd-21c9-4558-b198-f2cedd98ccf3:192.168.69.67:44208, c52c3de9-0ed1-4f2b-ba1d-f317ceeb0ceb:192.168.69.67:37615], old=null
2019-10-18 07:14:05,539 [grpc-default-executor-1] INFO  impl.RaftServerImpl (RaftServerImpl.java:setRole(184)) - 24274e9f-e41f-4654-9afc-a783ca44e44b@group-20BE3FF63202: changes role from  FOLLOWER to FOLLOWER at term 53 for recognizeCandidate:c52c3de9-0ed1-4f2b-ba1d-f317ceeb0ceb
2019-10-18 07:14:05,539 [grpc-default-executor-0] INFO  impl.RaftServerImpl (RaftServerImpl.java:setRole(184)) - 988115cd-21c9-4558-b198-f2cedd98ccf3@group-20BE3FF63202: changes role from  FOLLOWER to FOLLOWER at term 53 for recognizeCandidate:c52c3de9-0ed1-4f2b-ba1d-f317ceeb0ceb
2019-10-18 07:14:05,540 [grpc-default-executor-0] INFO  impl.RoleInfo (RoleInfo.java:shutdownFollowerState(121)) - 988115cd-21c9-4558-b198-f2cedd98ccf3: shutdown FollowerState
2019-10-18 07:14:05,540 [grpc-default-executor-1] INFO  impl.RoleInfo (RoleInfo.java:shutdownFollowerState(121)) - 24274e9f-e41f-4654-9afc-a783ca44e44b: shutdown FollowerState
2019-10-18 07:14:05,540 [Thread-731] INFO  impl.FollowerState (FollowerState.java:run(117)) - 988115cd-21c9-4558-b198-f2cedd98ccf3@group-20BE3FF63202-FollowerState was interrupted: java.lang.InterruptedException: sleep interrupted
2019-10-18 07:14:05,540 [grpc-default-executor-0] INFO  impl.RoleInfo (RoleInfo.java:updateAndGet(143)) - 988115cd-21c9-4558-b198-f2cedd98ccf3: start FollowerState
2019-10-18 07:14:05,540 [Thread-730] INFO  impl.FollowerState (FollowerState.java:run(117)) - 24274e9f-e41f-4654-9afc-a783ca44e44b@group-20BE3FF63202-FollowerState was interrupted: java.lang.InterruptedException: sleep interrupted
2019-10-18 07:14:05,540 [grpc-default-executor-1] INFO  impl.RoleInfo (RoleInfo.java:updateAndGet(143)) - 24274e9f-e41f-4654-9afc-a783ca44e44b: start FollowerState
2019-10-18 07:14:05,597 [c52c3de9-0ed1-4f2b-ba1d-f317ceeb0ceb@group-20BE3FF63202-LeaderElection62] INFO  impl.LeaderElection (LeaderElection.java:logAndReturn(56)) - c52c3de9-0ed1-4f2b-ba1d-f317ceeb0ceb@group-20BE3FF63202-LeaderElection62: Election REJECTED; received 2 response(s) [c52c3de9-0ed1-4f2b-ba1d-f317ceeb0ceb<-24274e9f-e41f-4654-9afc-a783ca44e44b#0:FAIL-t53, c52c3de9-0ed1-4f2b-ba1d-f317ceeb0ceb<-988115cd-21c9-4558-b198-f2cedd98ccf3#0:FAIL-t53] and 0 exception(s); c52c3de9-0ed1-4f2b-ba1d-f317ceeb0ceb@group-20BE3FF63202:t53, leader=null, voted=c52c3de9-0ed1-4f2b-ba1d-f317ceeb0ceb, raftlog=c52c3de9-0ed1-4f2b-ba1d-f317ceeb0ceb@group-20BE3FF63202-SegmentedRaftLog:OPENED:c-1,f-1,i0, conf=-1: [24274e9f-e41f-4654-9afc-a783ca44e44b:192.168.69.67:35902, 988115cd-21c9-4558-b198-f2cedd98ccf3:192.168.69.67:44208, c52c3de9-0ed1-4f2b-ba1d-f317ceeb0ceb:192.168.69.67:37615], old=null
2019-10-18 07:14:05,598 [c52c3de9-0ed1-4f2b-ba1d-f317ceeb0ceb@group-20BE3FF63202-LeaderElection62] INFO  impl.RaftServerImpl (RaftServerImpl.java:setRole(184)) - c52c3de9-0ed1-4f2b-ba1d-f317ceeb0ceb@group-20BE3FF63202: changes role from CANDIDATE to FOLLOWER at term 53 for DISCOVERED_A_NEW_TERM
2019-10-18 07:14:05,598 [c52c3de9-0ed1-4f2b-ba1d-f317ceeb0ceb@group-20BE3FF63202-LeaderElection62] INFO  impl.RoleInfo (RoleInfo.java:shutdownLeaderElection(134)) - c52c3de9-0ed1-4f2b-ba1d-f317ceeb0ceb: shutdown LeaderElection
2019-10-18 07:14:05,598 [c52c3de9-0ed1-4f2b-ba1d-f317ceeb0ceb@group-20BE3FF63202-LeaderElection62] INFO  impl.RoleInfo (RoleInfo.java:updateAndGet(143)) - c52c3de9-0ed1-4f2b-ba1d-f317ceeb0ceb: start FollowerState
2019-10-18 07:14:05,651 [Thread-736] INFO  impl.FollowerState (FollowerState.java:run(108)) - c52c3de9-0ed1-4f2b-ba1d-f317ceeb0ceb@group-20BE3FF63202-FollowerState: change to CANDIDATE, lastRpcTime:53ms, electionTimeout:53ms
2019-10-18 07:14:05,651 [Thread-736] INFO  impl.RoleInfo (RoleInfo.java:shutdownFollowerState(121)) - c52c3de9-0ed1-4f2b-ba1d-f317ceeb0ceb: shutdown FollowerState
2019-10-18 07:14:05,652 [Thread-736] INFO  impl.RaftServerImpl (RaftServerImpl.java:setRole(184)) - c52c3de9-0ed1-4f2b-ba1d-f317ceeb0ceb@group-20BE3FF63202: changes role from  FOLLOWER to CANDIDATE at term 53 for changeToCandidate
2019-10-18 07:14:05,652 [Thread-736] INFO  impl.RoleInfo (RoleInfo.java:updateAndGet(143)) - c52c3de9-0ed1-4f2b-ba1d-f317ceeb0ceb: start LeaderElection
2019-10-18 07:14:05,711 [c52c3de9-0ed1-4f2b-ba1d-f317ceeb0ceb@group-20BE3FF63202-LeaderElection63] INFO  impl.LeaderElection (LeaderElection.java:askForVotes(178)) - c52c3de9-0ed1-4f2b-ba1d-f317ceeb0ceb@group-20BE3FF63202-LeaderElection63: begin an election at term 54 for -1: [24274e9f-e41f-4654-9afc-a783ca44e44b:192.168.69.67:35902, 988115cd-21c9-4558-b198-f2cedd98ccf3:192.168.69.67:44208, c52c3de9-0ed1-4f2b-ba1d-f317ceeb0ceb:192.168.69.67:37615], old=null
2019-10-18 07:14:05,715 [grpc-default-executor-1] INFO  impl.RaftServerImpl (RaftServerImpl.java:setRole(184)) - 24274e9f-e41f-4654-9afc-a783ca44e44b@group-20BE3FF63202: changes role from  FOLLOWER to FOLLOWER at term 54 for recognizeCandidate:c52c3de9-0ed1-4f2b-ba1d-f317ceeb0ceb
2019-10-18 07:14:05,715 [grpc-default-executor-0] INFO  impl.RaftServerImpl (RaftServerImpl.java:setRole(184)) - 988115cd-21c9-4558-b198-f2cedd98ccf3@group-20BE3FF63202: changes role from  FOLLOWER to FOLLOWER at term 54 for recognizeCandidate:c52c3de9-0ed1-4f2b-ba1d-f317ceeb0ceb
2019-10-18 07:14:05,715 [grpc-default-executor-1] INFO  impl.RoleInfo (RoleInfo.java:shutdownFollowerState(121)) - 24274e9f-e41f-4654-9afc-a783ca44e44b: shutdown FollowerState
2019-10-18 07:14:05,716 [grpc-default-executor-0] INFO  impl.RoleInfo (RoleInfo.java:shutdownFollowerState(121)) - 988115cd-21c9-4558-b198-f2cedd98ccf3: shutdown FollowerState
2019-10-18 07:14:05,716 [Thread-735] INFO  impl.FollowerState (FollowerState.java:run(117)) - 24274e9f-e41f-4654-9afc-a783ca44e44b@group-20BE3FF63202-FollowerState was interrupted: java.lang.InterruptedException: sleep interrupted
2019-10-18 07:14:05,716 [grpc-default-executor-0] INFO  impl.RoleInfo (RoleInfo.java:updateAndGet(143)) - 988115cd-21c9-4558-b198-f2cedd98ccf3: start FollowerState
2019-10-18 07:14:05,716 [grpc-default-executor-1] INFO  impl.RoleInfo (RoleInfo.java:updateAndGet(143)) - 24274e9f-e41f-4654-9afc-a783ca44e44b: start FollowerState
2019-10-18 07:14:05,716 [Thread-734] INFO  impl.FollowerState (FollowerState.java:run(117)) - 988115cd-21c9-4558-b198-f2cedd98ccf3@group-20BE3FF63202-FollowerState was interrupted: java.lang.InterruptedException: sleep interrupted
2019-10-18 07:14:05,752 [c52c3de9-0ed1-4f2b-ba1d-f317ceeb0ceb@group-20BE3FF63202-LeaderElection63] INFO  impl.LeaderElection (LeaderElection.java:logAndReturn(56)) - c52c3de9-0ed1-4f2b-ba1d-f317ceeb0ceb@group-20BE3FF63202-LeaderElection63: Election REJECTED; received 2 response(s) [c52c3de9-0ed1-4f2b-ba1d-f317ceeb0ceb<-24274e9f-e41f-4654-9afc-a783ca44e44b#0:FAIL-t54, c52c3de9-0ed1-4f2b-ba1d-f317ceeb0ceb<-988115cd-21c9-4558-b198-f2cedd98ccf3#0:FAIL-t54] and 0 exception(s); c52c3de9-0ed1-4f2b-ba1d-f317ceeb0ceb@group-20BE3FF63202:t54, leader=null, voted=c52c3de9-0ed1-4f2b-ba1d-f317ceeb0ceb, raftlog=c52c3de9-0ed1-4f2b-ba1d-f317ceeb0ceb@group-20BE3FF63202-SegmentedRaftLog:OPENED:c-1,f-1,i0, conf=-1: [24274e9f-e41f-4654-9afc-a783ca44e44b:192.168.69.67:35902, 988115cd-21c9-4558-b198-f2cedd98ccf3:192.168.69.67:44208, c52c3de9-0ed1-4f2b-ba1d-f317ceeb0ceb:192.168.69.67:37615], old=null
2019-10-18 07:14:05,752 [c52c3de9-0ed1-4f2b-ba1d-f317ceeb0ceb@group-20BE3FF63202-LeaderElection63] INFO  impl.RaftServerImpl (RaftServerImpl.java:setRole(184)) - c52c3de9-0ed1-4f2b-ba1d-f317ceeb0ceb@group-20BE3FF63202: changes role from CANDIDATE to FOLLOWER at term 54 for DISCOVERED_A_NEW_TERM
2019-10-18 07:14:05,753 [c52c3de9-0ed1-4f2b-ba1d-f317ceeb0ceb@group-20BE3FF63202-LeaderElection63] INFO  impl.RoleInfo (RoleInfo.java:shutdownLeaderElection(134)) - c52c3de9-0ed1-4f2b-ba1d-f317ceeb0ceb: shutdown LeaderElection
2019-10-18 07:14:05,753 [c52c3de9-0ed1-4f2b-ba1d-f317ceeb0ceb@group-20BE3FF63202-LeaderElection63] INFO  impl.RoleInfo (RoleInfo.java:updateAndGet(143)) - c52c3de9-0ed1-4f2b-ba1d-f317ceeb0ceb: start FollowerState
2019-10-18 07:14:05,840 [Thread-742] INFO  impl.FollowerState (FollowerState.java:run(108)) - c52c3de9-0ed1-4f2b-ba1d-f317ceeb0ceb@group-20BE3FF63202-FollowerState: change to CANDIDATE, lastRpcTime:87ms, electionTimeout:87ms
2019-10-18 07:14:05,840 [Thread-742] INFO  impl.RoleInfo (RoleInfo.java:shutdownFollowerState(121)) - c52c3de9-0ed1-4f2b-ba1d-f317ceeb0ceb: shutdown FollowerState
2019-10-18 07:14:05,841 [Thread-742] INFO  impl.RaftServerImpl (RaftServerImpl.java:setRole(184)) - c52c3de9-0ed1-4f2b-ba1d-f317ceeb0ceb@group-20BE3FF63202: changes role from  FOLLOWER to CANDIDATE at term 54 for changeToCandidate
2019-10-18 07:14:05,841 [Thread-742] INFO  impl.RoleInfo (RoleInfo.java:updateAndGet(143)) - c52c3de9-0ed1-4f2b-ba1d-f317ceeb0ceb: start LeaderElection
2019-10-18 07:14:05,913 [c52c3de9-0ed1-4f2b-ba1d-f317ceeb0ceb@group-20BE3FF63202-LeaderElection64] INFO  impl.LeaderElection (LeaderElection.java:askForVotes(178)) - c52c3de9-0ed1-4f2b-ba1d-f317ceeb0ceb@group-20BE3FF63202-LeaderElection64: begin an election at term 55 for -1: [24274e9f-e41f-4654-9afc-a783ca44e44b:192.168.69.67:35902, 988115cd-21c9-4558-b198-f2cedd98ccf3:192.168.69.67:44208, c52c3de9-0ed1-4f2b-ba1d-f317ceeb0ceb:192.168.69.67:37615], old=null
2019-10-18 07:14:05,916 [grpc-default-executor-1] INFO  impl.RaftServerImpl (RaftServerImpl.java:setRole(184)) - 24274e9f-e41f-4654-9afc-a783ca44e44b@group-20BE3FF63202: changes role from  FOLLOWER to FOLLOWER at term 55 for recognizeCandidate:c52c3de9-0ed1-4f2b-ba1d-f317ceeb0ceb
2019-10-18 07:14:05,916 [grpc-default-executor-0] INFO  impl.RaftServerImpl (RaftServerImpl.java:setRole(184)) - 988115cd-21c9-4558-b198-f2cedd98ccf3@group-20BE3FF63202: changes role from  FOLLOWER to FOLLOWER at term 55 for recognizeCandidate:c52c3de9-0ed1-4f2b-ba1d-f317ceeb0ceb
2019-10-18 07:14:05,916 [grpc-default-executor-1] INFO  impl.RoleInfo (RoleInfo.java:shutdownFollowerState(121)) - 24274e9f-e41f-4654-9afc-a783ca44e44b: shutdown FollowerState
2019-10-18 07:14:05,917 [grpc-default-executor-0] INFO  impl.RoleInfo (RoleInfo.java:shutdownFollowerState(121)) - 988115cd-21c9-4558-b198-f2cedd98ccf3: shutdown FollowerState
2019-10-18 07:14:05,917 [Thread-740] INFO  impl.FollowerState (FollowerState.java:run(117)) - 24274e9f-e41f-4654-9afc-a783ca44e44b@group-20BE3FF63202-FollowerState was interrupted: java.lang.InterruptedException: sleep interrupted
2019-10-18 07:14:05,917 [grpc-default-executor-1] INFO  impl.RoleInfo (RoleInfo.java:updateAndGet(143)) - 24274e9f-e41f-4654-9afc-a783ca44e44b: start FollowerState
2019-10-18 07:14:05,917 [Thread-741] INFO  impl.FollowerState (FollowerState.java:run(117)) - 988115cd-21c9-4558-b198-f2cedd98ccf3@group-20BE3FF63202-FollowerState was interrupted: java.lang.InterruptedException: sleep interrupted
2019-10-18 07:14:05,917 [grpc-default-executor-0] INFO  impl.RoleInfo (RoleInfo.java:updateAndGet(143)) - 988115cd-21c9-4558-b198-f2cedd98ccf3: start FollowerState
2019-10-18 07:14:05,927 [c52c3de9-0ed1-4f2b-ba1d-f317ceeb0ceb@group-20BE3FF63202-LeaderElection64] INFO  impl.LeaderElection (LeaderElection.java:logAndReturn(56)) - c52c3de9-0ed1-4f2b-ba1d-f317ceeb0ceb@group-20BE3FF63202-LeaderElection64: Election TIMEOUT; received 0 response(s) [] and 0 exception(s); c52c3de9-0ed1-4f2b-ba1d-f317ceeb0ceb@group-20BE3FF63202:t55, leader=null, voted=c52c3de9-0ed1-4f2b-ba1d-f317ceeb0ceb, raftlog=c52c3de9-0ed1-4f2b-ba1d-f317ceeb0ceb@group-20BE3FF63202-SegmentedRaftLog:OPENED:c-1,f-1,i0, conf=-1: [24274e9f-e41f-4654-9afc-a783ca44e44b:192.168.69.67:35902, 988115cd-21c9-4558-b198-f2cedd98ccf3:192.168.69.67:44208, c52c3de9-0ed1-4f2b-ba1d-f317ceeb0ceb:192.168.69.67:37615], old=null
2019-10-18 07:14:05,985 [c52c3de9-0ed1-4f2b-ba1d-f317ceeb0ceb@group-20BE3FF63202-LeaderElection64] INFO  impl.LeaderElection (LeaderElection.java:askForVotes(178)) - c52c3de9-0ed1-4f2b-ba1d-f317ceeb0ceb@group-20BE3FF63202-LeaderElection64: begin an election at term 56 for -1: [24274e9f-e41f-4654-9afc-a783ca44e44b:192.168.69.67:35902, 988115cd-21c9-4558-b198-f2cedd98ccf3:192.168.69.67:44208, c52c3de9-0ed1-4f2b-ba1d-f317ceeb0ceb:192.168.69.67:37615], old=null
2019-10-18 07:14:05,988 [grpc-default-executor-0] INFO  impl.RaftServerImpl (RaftServerImpl.java:setRole(184)) - 988115cd-21c9-4558-b198-f2cedd98ccf3@group-20BE3FF63202: changes role from  FOLLOWER to FOLLOWER at term 56 for recognizeCandidate:c52c3de9-0ed1-4f2b-ba1d-f317ceeb0ceb
2019-10-18 07:14:05,988 [grpc-default-executor-1] INFO  impl.RaftServerImpl (RaftServerImpl.java:setRole(184)) - 24274e9f-e41f-4654-9afc-a783ca44e44b@group-20BE3FF63202: changes role from  FOLLOWER to FOLLOWER at term 56 for recognizeCandidate:c52c3de9-0ed1-4f2b-ba1d-f317ceeb0ceb
2019-10-18 07:14:05,988 [grpc-default-executor-0] INFO  impl.RoleInfo (RoleInfo.java:shutdownFollowerState(121)) - 988115cd-21c9-4558-b198-f2cedd98ccf3: shutdown FollowerState
2019-10-18 07:14:05,988 [grpc-default-executor-1] INFO  impl.RoleInfo (RoleInfo.java:shutdownFollowerState(121)) - 24274e9f-e41f-4654-9afc-a783ca44e44b: shutdown FollowerState
2019-10-18 07:14:05,988 [grpc-default-executor-0] INFO  impl.RoleInfo (RoleInfo.java:updateAndGet(143)) - 988115cd-21c9-4558-b198-f2cedd98ccf3: start FollowerState
2019-10-18 07:14:05,988 [Thread-747] INFO  impl.FollowerState (FollowerState.java:run(117)) - 988115cd-21c9-4558-b198-f2cedd98ccf3@group-20BE3FF63202-FollowerState was interrupted: java.lang.InterruptedException: sleep interrupted
2019-10-18 07:14:05,989 [Thread-746] INFO  impl.FollowerState (FollowerState.java:run(117)) - 24274e9f-e41f-4654-9afc-a783ca44e44b@group-20BE3FF63202-FollowerState was interrupted: java.lang.InterruptedException: sleep interrupted
2019-10-18 07:14:05,989 [grpc-default-executor-1] INFO  impl.RoleInfo (RoleInfo.java:updateAndGet(143)) - 24274e9f-e41f-4654-9afc-a783ca44e44b: start FollowerState
2019-10-18 07:14:06,042 [c52c3de9-0ed1-4f2b-ba1d-f317ceeb0ceb@group-20BE3FF63202-LeaderElection64] INFO  impl.LeaderElection (LeaderElection.java:logAndReturn(56)) - c52c3de9-0ed1-4f2b-ba1d-f317ceeb0ceb@group-20BE3FF63202-LeaderElection64: Election REJECTED; received 2 response(s) [c52c3de9-0ed1-4f2b-ba1d-f317ceeb0ceb<-24274e9f-e41f-4654-9afc-a783ca44e44b#0:FAIL-t56, c52c3de9-0ed1-4f2b-ba1d-f317ceeb0ceb<-988115cd-21c9-4558-b198-f2cedd98ccf3#0:FAIL-t56] and 0 exception(s); c52c3de9-0ed1-4f2b-ba1d-f317ceeb0ceb@group-20BE3FF63202:t56, leader=null, voted=c52c3de9-0ed1-4f2b-ba1d-f317ceeb0ceb, raftlog=c52c3de9-0ed1-4f2b-ba1d-f317ceeb0ceb@group-20BE3FF63202-SegmentedRaftLog:OPENED:c-1,f-1,i0, conf=-1: [24274e9f-e41f-4654-9afc-a783ca44e44b:192.168.69.67:35902, 988115cd-21c9-4558-b198-f2cedd98ccf3:192.168.69.67:44208, c52c3de9-0ed1-4f2b-ba1d-f317ceeb0ceb:192.168.69.67:37615], old=null
2019-10-18 07:14:06,042 [c52c3de9-0ed1-4f2b-ba1d-f317ceeb0ceb@group-20BE3FF63202-LeaderElection64] INFO  impl.RaftServerImpl (RaftServerImpl.java:setRole(184)) - c52c3de9-0ed1-4f2b-ba1d-f317ceeb0ceb@group-20BE3FF63202: changes role from CANDIDATE to FOLLOWER at term 56 for DISCOVERED_A_NEW_TERM
2019-10-18 07:14:06,042 [c52c3de9-0ed1-4f2b-ba1d-f317ceeb0ceb@group-20BE3FF63202-LeaderElection64] INFO  impl.RoleInfo (RoleInfo.java:shutdownLeaderElection(134)) - c52c3de9-0ed1-4f2b-ba1d-f317ceeb0ceb: shutdown LeaderElection
2019-10-18 07:14:06,042 [c52c3de9-0ed1-4f2b-ba1d-f317ceeb0ceb@group-20BE3FF63202-LeaderElection64] INFO  impl.RoleInfo (RoleInfo.java:updateAndGet(143)) - c52c3de9-0ed1-4f2b-ba1d-f317ceeb0ceb: start FollowerState
2019-10-18 07:14:06,094 [Thread-752] INFO  impl.FollowerState (FollowerState.java:run(108)) - c52c3de9-0ed1-4f2b-ba1d-f317ceeb0ceb@group-20BE3FF63202-FollowerState: change to CANDIDATE, lastRpcTime:51ms, electionTimeout:51ms
2019-10-18 07:14:06,094 [Thread-752] INFO  impl.RoleInfo (RoleInfo.java:shutdownFollowerState(121)) - c52c3de9-0ed1-4f2b-ba1d-f317ceeb0ceb: shutdown FollowerState
2019-10-18 07:14:06,094 [Thread-752] INFO  impl.RaftServerImpl (RaftServerImpl.java:setRole(184)) - c52c3de9-0ed1-4f2b-ba1d-f317ceeb0ceb@group-20BE3FF63202: changes role from  FOLLOWER to CANDIDATE at term 56 for changeToCandidate
2019-10-18 07:14:06,094 [Thread-752] INFO  impl.RoleInfo (RoleInfo.java:updateAndGet(143)) - c52c3de9-0ed1-4f2b-ba1d-f317ceeb0ceb: start LeaderElection
2019-10-18 07:14:06,146 [c52c3de9-0ed1-4f2b-ba1d-f317ceeb0ceb@group-20BE3FF63202-LeaderElection65] INFO  impl.LeaderElection (LeaderElection.java:askForVotes(178)) - c52c3de9-0ed1-4f2b-ba1d-f317ceeb0ceb@group-20BE3FF63202-LeaderElection65: begin an election at term 57 for -1: [24274e9f-e41f-4654-9afc-a783ca44e44b:192.168.69.67:35902, 988115cd-21c9-4558-b198-f2cedd98ccf3:192.168.69.67:44208, c52c3de9-0ed1-4f2b-ba1d-f317ceeb0ceb:192.168.69.67:37615], old=null
2019-10-18 07:14:06,149 [grpc-default-executor-0] INFO  impl.RaftServerImpl (RaftServerImpl.java:setRole(184)) - 24274e9f-e41f-4654-9afc-a783ca44e44b@group-20BE3FF63202: changes role from  FOLLOWER to FOLLOWER at term 57 for recognizeCandidate:c52c3de9-0ed1-4f2b-ba1d-f317ceeb0ceb
2019-10-18 07:14:06,149 [grpc-default-executor-0] INFO  impl.RoleInfo (RoleInfo.java:shutdownFollowerState(121)) - 24274e9f-e41f-4654-9afc-a783ca44e44b: shutdown FollowerState
2019-10-18 07:14:06,149 [grpc-default-executor-0] INFO  impl.RoleInfo (RoleInfo.java:updateAndGet(143)) - 24274e9f-e41f-4654-9afc-a783ca44e44b: start FollowerState
2019-10-18 07:14:06,149 [Thread-751] INFO  impl.FollowerState (FollowerState.java:run(117)) - 24274e9f-e41f-4654-9afc-a783ca44e44b@group-20BE3FF63202-FollowerState was interrupted: java.lang.InterruptedException: sleep interrupted
2019-10-18 07:14:06,149 [grpc-default-executor-1] INFO  impl.RaftServerImpl (RaftServerImpl.java:setRole(184)) - 988115cd-21c9-4558-b198-f2cedd98ccf3@group-20BE3FF63202: changes role from  FOLLOWER to FOLLOWER at term 57 for recognizeCandidate:c52c3de9-0ed1-4f2b-ba1d-f317ceeb0ceb
2019-10-18 07:14:06,149 [grpc-default-executor-1] INFO  impl.RoleInfo (RoleInfo.java:shutdownFollowerState(121)) - 988115cd-21c9-4558-b198-f2cedd98ccf3: shutdown FollowerState
2019-10-18 07:14:06,150 [grpc-default-executor-1] INFO  impl.RoleInfo (RoleInfo.java:updateAndGet(143)) - 988115cd-21c9-4558-b198-f2cedd98ccf3: start FollowerState
2019-10-18 07:14:06,150 [Thread-750] INFO  impl.FollowerState (FollowerState.java:run(117)) - 988115cd-21c9-4558-b198-f2cedd98ccf3@group-20BE3FF63202-FollowerState was interrupted: java.lang.InterruptedException: sleep interrupted
2019-10-18 07:14:06,199 [c52c3de9-0ed1-4f2b-ba1d-f317ceeb0ceb@group-20BE3FF63202-LeaderElection65] INFO  impl.LeaderElection (LeaderElection.java:logAndReturn(56)) - c52c3de9-0ed1-4f2b-ba1d-f317ceeb0ceb@group-20BE3FF63202-LeaderElection65: Election REJECTED; received 2 response(s) [c52c3de9-0ed1-4f2b-ba1d-f317ceeb0ceb<-24274e9f-e41f-4654-9afc-a783ca44e44b#0:FAIL-t57, c52c3de9-0ed1-4f2b-ba1d-f317ceeb0ceb<-988115cd-21c9-4558-b198-f2cedd98ccf3#0:FAIL-t57] and 0 exception(s); c52c3de9-0ed1-4f2b-ba1d-f317ceeb0ceb@group-20BE3FF63202:t57, leader=null, voted=c52c3de9-0ed1-4f2b-ba1d-f317ceeb0ceb, raftlog=c52c3de9-0ed1-4f2b-ba1d-f317ceeb0ceb@group-20BE3FF63202-SegmentedRaftLog:OPENED:c-1,f-1,i0, conf=-1: [24274e9f-e41f-4654-9afc-a783ca44e44b:192.168.69.67:35902, 988115cd-21c9-4558-b198-f2cedd98ccf3:192.168.69.67:44208, c52c3de9-0ed1-4f2b-ba1d-f317ceeb0ceb:192.168.69.67:37615], old=null
2019-10-18 07:14:06,199 [c52c3de9-0ed1-4f2b-ba1d-f317ceeb0ceb@group-20BE3FF63202-LeaderElection65] INFO  impl.RaftServerImpl (RaftServerImpl.java:setRole(184)) - c52c3de9-0ed1-4f2b-ba1d-f317ceeb0ceb@group-20BE3FF63202: changes role from CANDIDATE to FOLLOWER at term 57 for DISCOVERED_A_NEW_TERM
2019-10-18 07:14:06,199 [c52c3de9-0ed1-4f2b-ba1d-f317ceeb0ceb@group-20BE3FF63202-LeaderElection65] INFO  impl.RoleInfo (RoleInfo.java:shutdownLeaderElection(134)) - c52c3de9-0ed1-4f2b-ba1d-f317ceeb0ceb: shutdown LeaderElection
2019-10-18 07:14:06,199 [c52c3de9-0ed1-4f2b-ba1d-f317ceeb0ceb@group-20BE3FF63202-LeaderElection65] INFO  impl.RoleInfo (RoleInfo.java:updateAndGet(143)) - c52c3de9-0ed1-4f2b-ba1d-f317ceeb0ceb: start FollowerState
2019-10-18 07:14:06,376 [Thread-758] INFO  impl.FollowerState (FollowerState.java:run(108)) - c52c3de9-0ed1-4f2b-ba1d-f317ceeb0ceb@group-20BE3FF63202-FollowerState: change to CANDIDATE, lastRpcTime:176ms, electionTimeout:176ms
2019-10-18 07:14:06,376 [Thread-758] INFO  impl.RoleInfo (RoleInfo.java:shutdownFollowerState(121)) - c52c3de9-0ed1-4f2b-ba1d-f317ceeb0ceb: shutdown FollowerState
2019-10-18 07:14:06,376 [Thread-758] INFO  impl.RaftServerImpl (RaftServerImpl.java:setRole(184)) - c52c3de9-0ed1-4f2b-ba1d-f317ceeb0ceb@group-20BE3FF63202: changes role from  FOLLOWER to CANDIDATE at term 57 for changeToCandidate
2019-10-18 07:14:06,376 [Thread-758] INFO  impl.RoleInfo (RoleInfo.java:updateAndGet(143)) - c52c3de9-0ed1-4f2b-ba1d-f317ceeb0ceb: start LeaderElection
2019-10-18 07:14:06,441 [c52c3de9-0ed1-4f2b-ba1d-f317ceeb0ceb@group-20BE3FF63202-LeaderElection66] INFO  impl.LeaderElection (LeaderElection.java:askForVotes(178)) - c52c3de9-0ed1-4f2b-ba1d-f317ceeb0ceb@group-20BE3FF63202-LeaderElection66: begin an election at term 58 for -1: [24274e9f-e41f-4654-9afc-a783ca44e44b:192.168.69.67:35902, 988115cd-21c9-4558-b198-f2cedd98ccf3:192.168.69.67:44208, c52c3de9-0ed1-4f2b-ba1d-f317ceeb0ceb:192.168.69.67:37615], old=null
2019-10-18 07:14:06,444 [grpc-default-executor-1] INFO  impl.RaftServerImpl (RaftServerImpl.java:setRole(184)) - 24274e9f-e41f-4654-9afc-a783ca44e44b@group-20BE3FF63202: changes role from  FOLLOWER to FOLLOWER at term 58 for recognizeCandidate:c52c3de9-0ed1-4f2b-ba1d-f317ceeb0ceb
2019-10-18 07:14:06,445 [grpc-default-executor-0] INFO  impl.RaftServerImpl (RaftServerImpl.java:setRole(184)) - 988115cd-21c9-4558-b198-f2cedd98ccf3@group-20BE3FF63202: changes role from  FOLLOWER to FOLLOWER at term 58 for recognizeCandidate:c52c3de9-0ed1-4f2b-ba1d-f317ceeb0ceb
2019-10-18 07:14:06,445 [grpc-default-executor-0] INFO  impl.RoleInfo (RoleInfo.java:shutdownFollowerState(121)) - 988115cd-21c9-4558-b198-f2cedd98ccf3: shutdown FollowerState
2019-10-18 07:14:06,445 [grpc-default-executor-1] INFO  impl.RoleInfo (RoleInfo.java:shutdownFollowerState(121)) - 24274e9f-e41f-4654-9afc-a783ca44e44b: shutdown FollowerState
2019-10-18 07:14:06,445 [Thread-757] INFO  impl.FollowerState (FollowerState.java:run(117)) - 988115cd-21c9-4558-b198-f2cedd98ccf3@group-20BE3FF63202-FollowerState was interrupted: java.lang.InterruptedException: sleep interrupted
2019-10-18 07:14:06,445 [grpc-default-executor-0] INFO  impl.RoleInfo (RoleInfo.java:updateAndGet(143)) - 988115cd-21c9-4558-b198-f2cedd98ccf3: start FollowerState
2019-10-18 07:14:06,445 [grpc-default-executor-1] INFO  impl.RoleInfo (RoleInfo.java:updateAndGet(143)) - 24274e9f-e41f-4654-9afc-a783ca44e44b: start FollowerState
2019-10-18 07:14:06,445 [Thread-756] INFO  impl.FollowerState (FollowerState.java:run(117)) - 24274e9f-e41f-4654-9afc-a783ca44e44b@group-20BE3FF63202-FollowerState was interrupted: java.lang.InterruptedException: sleep interrupted
2019-10-18 07:14:06,463 [main] INFO  ozone.MiniOzoneClusterImpl (MiniOzoneClusterImpl.java:lambda$waitForClusterToBeReady$2(164)) - Waiting for 1 number of pipelines out of 9, to report a leader.
2019-10-18 07:14:06,495 [c52c3de9-0ed1-4f2b-ba1d-f317ceeb0ceb@group-20BE3FF63202-LeaderElection66] INFO  impl.LeaderElection (LeaderElection.java:logAndReturn(56)) - c52c3de9-0ed1-4f2b-ba1d-f317ceeb0ceb@group-20BE3FF63202-LeaderElection66: Election REJECTED; received 2 response(s) [c52c3de9-0ed1-4f2b-ba1d-f317ceeb0ceb<-24274e9f-e41f-4654-9afc-a783ca44e44b#0:FAIL-t58, c52c3de9-0ed1-4f2b-ba1d-f317ceeb0ceb<-988115cd-21c9-4558-b198-f2cedd98ccf3#0:FAIL-t58] and 0 exception(s); c52c3de9-0ed1-4f2b-ba1d-f317ceeb0ceb@group-20BE3FF63202:t58, leader=null, voted=c52c3de9-0ed1-4f2b-ba1d-f317ceeb0ceb, raftlog=c52c3de9-0ed1-4f2b-ba1d-f317ceeb0ceb@group-20BE3FF63202-SegmentedRaftLog:OPENED:c-1,f-1,i0, conf=-1: [24274e9f-e41f-4654-9afc-a783ca44e44b:192.168.69.67:35902, 988115cd-21c9-4558-b198-f2cedd98ccf3:192.168.69.67:44208, c52c3de9-0ed1-4f2b-ba1d-f317ceeb0ceb:192.168.69.67:37615], old=null
2019-10-18 07:14:06,495 [c52c3de9-0ed1-4f2b-ba1d-f317ceeb0ceb@group-20BE3FF63202-LeaderElection66] INFO  impl.RaftServerImpl (RaftServerImpl.java:setRole(184)) - c52c3de9-0ed1-4f2b-ba1d-f317ceeb0ceb@group-20BE3FF63202: changes role from CANDIDATE to FOLLOWER at term 58 for DISCOVERED_A_NEW_TERM
2019-10-18 07:14:06,495 [c52c3de9-0ed1-4f2b-ba1d-f317ceeb0ceb@group-20BE3FF63202-LeaderElection66] INFO  impl.RoleInfo (RoleInfo.java:shutdownLeaderElection(134)) - c52c3de9-0ed1-4f2b-ba1d-f317ceeb0ceb: shutdown LeaderElection
2019-10-18 07:14:06,496 [c52c3de9-0ed1-4f2b-ba1d-f317ceeb0ceb@group-20BE3FF63202-LeaderElection66] INFO  impl.RoleInfo (RoleInfo.java:updateAndGet(143)) - c52c3de9-0ed1-4f2b-ba1d-f317ceeb0ceb: start FollowerState
2019-10-18 07:14:06,550 [Thread-764] INFO  impl.FollowerState (FollowerState.java:run(108)) - c52c3de9-0ed1-4f2b-ba1d-f317ceeb0ceb@group-20BE3FF63202-FollowerState: change to CANDIDATE, lastRpcTime:54ms, electionTimeout:54ms
2019-10-18 07:14:06,550 [Thread-764] INFO  impl.RoleInfo (RoleInfo.java:shutdownFollowerState(121)) - c52c3de9-0ed1-4f2b-ba1d-f317ceeb0ceb: shutdown FollowerState
2019-10-18 07:14:06,551 [Thread-764] INFO  impl.RaftServerImpl (RaftServerImpl.java:setRole(184)) - c52c3de9-0ed1-4f2b-ba1d-f317ceeb0ceb@group-20BE3FF63202: changes role from  FOLLOWER to CANDIDATE at term 58 for changeToCandidate
2019-10-18 07:14:06,551 [Thread-764] INFO  impl.RoleInfo (RoleInfo.java:updateAndGet(143)) - c52c3de9-0ed1-4f2b-ba1d-f317ceeb0ceb: start LeaderElection
2019-10-18 07:14:06,618 [c52c3de9-0ed1-4f2b-ba1d-f317ceeb0ceb@group-20BE3FF63202-LeaderElection67] INFO  impl.LeaderElection (LeaderElection.java:askForVotes(178)) - c52c3de9-0ed1-4f2b-ba1d-f317ceeb0ceb@group-20BE3FF63202-LeaderElection67: begin an election at term 59 for -1: [24274e9f-e41f-4654-9afc-a783ca44e44b:192.168.69.67:35902, 988115cd-21c9-4558-b198-f2cedd98ccf3:192.168.69.67:44208, c52c3de9-0ed1-4f2b-ba1d-f317ceeb0ceb:192.168.69.67:37615], old=null
2019-10-18 07:14:06,621 [grpc-default-executor-1] INFO  impl.RaftServerImpl (RaftServerImpl.java:setRole(184)) - 24274e9f-e41f-4654-9afc-a783ca44e44b@group-20BE3FF63202: changes role from  FOLLOWER to FOLLOWER at term 59 for recognizeCandidate:c52c3de9-0ed1-4f2b-ba1d-f317ceeb0ceb
2019-10-18 07:14:06,622 [grpc-default-executor-1] INFO  impl.RoleInfo (RoleInfo.java:shutdownFollowerState(121)) - 24274e9f-e41f-4654-9afc-a783ca44e44b: shutdown FollowerState
2019-10-18 07:14:06,622 [grpc-default-executor-1] INFO  impl.RoleInfo (RoleInfo.java:updateAndGet(143)) - 24274e9f-e41f-4654-9afc-a783ca44e44b: start FollowerState
2019-10-18 07:14:06,622 [Thread-763] INFO  impl.FollowerState (FollowerState.java:run(117)) - 24274e9f-e41f-4654-9afc-a783ca44e44b@group-20BE3FF63202-FollowerState was interrupted: java.lang.InterruptedException: sleep interrupted
2019-10-18 07:14:06,622 [grpc-default-executor-0] INFO  impl.RaftServerImpl (RaftServerImpl.java:setRole(184)) - 988115cd-21c9-4558-b198-f2cedd98ccf3@group-20BE3FF63202: changes role from  FOLLOWER to FOLLOWER at term 59 for recognizeCandidate:c52c3de9-0ed1-4f2b-ba1d-f317ceeb0ceb
2019-10-18 07:14:06,622 [grpc-default-executor-0] INFO  impl.RoleInfo (RoleInfo.java:shutdownFollowerState(121)) - 988115cd-21c9-4558-b198-f2cedd98ccf3: shutdown FollowerState
2019-10-18 07:14:06,623 [grpc-default-executor-0] INFO  impl.RoleInfo (RoleInfo.java:updateAndGet(143)) - 988115cd-21c9-4558-b198-f2cedd98ccf3: start FollowerState
2019-10-18 07:14:06,623 [Thread-762] INFO  impl.FollowerState (FollowerState.java:run(117)) - 988115cd-21c9-4558-b198-f2cedd98ccf3@group-20BE3FF63202-FollowerState was interrupted: java.lang.InterruptedException: sleep interrupted
2019-10-18 07:14:06,654 [c52c3de9-0ed1-4f2b-ba1d-f317ceeb0ceb@group-20BE3FF63202-LeaderElection67] INFO  impl.LeaderElection (LeaderElection.java:logAndReturn(56)) - c52c3de9-0ed1-4f2b-ba1d-f317ceeb0ceb@group-20BE3FF63202-LeaderElection67: Election REJECTED; received 2 response(s) [c52c3de9-0ed1-4f2b-ba1d-f317ceeb0ceb<-24274e9f-e41f-4654-9afc-a783ca44e44b#0:FAIL-t59, c52c3de9-0ed1-4f2b-ba1d-f317ceeb0ceb<-988115cd-21c9-4558-b198-f2cedd98ccf3#0:FAIL-t59] and 0 exception(s); c52c3de9-0ed1-4f2b-ba1d-f317ceeb0ceb@group-20BE3FF63202:t59, leader=null, voted=c52c3de9-0ed1-4f2b-ba1d-f317ceeb0ceb, raftlog=c52c3de9-0ed1-4f2b-ba1d-f317ceeb0ceb@group-20BE3FF63202-SegmentedRaftLog:OPENED:c-1,f-1,i0, conf=-1: [24274e9f-e41f-4654-9afc-a783ca44e44b:192.168.69.67:35902, 988115cd-21c9-4558-b198-f2cedd98ccf3:192.168.69.67:44208, c52c3de9-0ed1-4f2b-ba1d-f317ceeb0ceb:192.168.69.67:37615], old=null
2019-10-18 07:14:06,655 [c52c3de9-0ed1-4f2b-ba1d-f317ceeb0ceb@group-20BE3FF63202-LeaderElection67] INFO  impl.RaftServerImpl (RaftServerImpl.java:setRole(184)) - c52c3de9-0ed1-4f2b-ba1d-f317ceeb0ceb@group-20BE3FF63202: changes role from CANDIDATE to FOLLOWER at term 59 for DISCOVERED_A_NEW_TERM
2019-10-18 07:14:06,655 [c52c3de9-0ed1-4f2b-ba1d-f317ceeb0ceb@group-20BE3FF63202-LeaderElection67] INFO  impl.RoleInfo (RoleInfo.java:shutdownLeaderElection(134)) - c52c3de9-0ed1-4f2b-ba1d-f317ceeb0ceb: shutdown LeaderElection
2019-10-18 07:14:06,655 [c52c3de9-0ed1-4f2b-ba1d-f317ceeb0ceb@group-20BE3FF63202-LeaderElection67] INFO  impl.RoleInfo (RoleInfo.java:updateAndGet(143)) - c52c3de9-0ed1-4f2b-ba1d-f317ceeb0ceb: start FollowerState
2019-10-18 07:14:06,786 [Thread-770] INFO  impl.FollowerState (FollowerState.java:run(108)) - c52c3de9-0ed1-4f2b-ba1d-f317ceeb0ceb@group-20BE3FF63202-FollowerState: change to CANDIDATE, lastRpcTime:130ms, electionTimeout:130ms
2019-10-18 07:14:06,786 [Thread-770] INFO  impl.RoleInfo (RoleInfo.java:shutdownFollowerState(121)) - c52c3de9-0ed1-4f2b-ba1d-f317ceeb0ceb: shutdown FollowerState
2019-10-18 07:14:06,786 [Thread-770] INFO  impl.RaftServerImpl (RaftServerImpl.java:setRole(184)) - c52c3de9-0ed1-4f2b-ba1d-f317ceeb0ceb@group-20BE3FF63202: changes role from  FOLLOWER to CANDIDATE at term 59 for changeToCandidate
2019-10-18 07:14:06,786 [Thread-770] INFO  impl.RoleInfo (RoleInfo.java:updateAndGet(143)) - c52c3de9-0ed1-4f2b-ba1d-f317ceeb0ceb: start LeaderElection
2019-10-18 07:14:06,852 [c52c3de9-0ed1-4f2b-ba1d-f317ceeb0ceb@group-20BE3FF63202-LeaderElection68] INFO  impl.LeaderElection (LeaderElection.java:askForVotes(178)) - c52c3de9-0ed1-4f2b-ba1d-f317ceeb0ceb@group-20BE3FF63202-LeaderElection68: begin an election at term 60 for -1: [24274e9f-e41f-4654-9afc-a783ca44e44b:192.168.69.67:35902, 988115cd-21c9-4558-b198-f2cedd98ccf3:192.168.69.67:44208, c52c3de9-0ed1-4f2b-ba1d-f317ceeb0ceb:192.168.69.67:37615], old=null
2019-10-18 07:14:06,856 [grpc-default-executor-1] INFO  impl.RaftServerImpl (RaftServerImpl.java:setRole(184)) - 24274e9f-e41f-4654-9afc-a783ca44e44b@group-20BE3FF63202: changes role from  FOLLOWER to FOLLOWER at term 60 for recognizeCandidate:c52c3de9-0ed1-4f2b-ba1d-f317ceeb0ceb
2019-10-18 07:14:06,856 [grpc-default-executor-0] INFO  impl.RaftServerImpl (RaftServerImpl.java:setRole(184)) - 988115cd-21c9-4558-b198-f2cedd98ccf3@group-20BE3FF63202: changes role from  FOLLOWER to FOLLOWER at term 60 for recognizeCandidate:c52c3de9-0ed1-4f2b-ba1d-f317ceeb0ceb
2019-10-18 07:14:06,856 [grpc-default-executor-1] INFO  impl.RoleInfo (RoleInfo.java:shutdownFollowerState(121)) - 24274e9f-e41f-4654-9afc-a783ca44e44b: shutdown FollowerState
2019-10-18 07:14:06,856 [grpc-default-executor-0] INFO  impl.RoleInfo (RoleInfo.java:shutdownFollowerState(121)) - 988115cd-21c9-4558-b198-f2cedd98ccf3: shutdown FollowerState
2019-10-18 07:14:06,856 [Thread-768] INFO  impl.FollowerState (FollowerState.java:run(117)) - 24274e9f-e41f-4654-9afc-a783ca44e44b@group-20BE3FF63202-FollowerState was interrupted: java.lang.InterruptedException: sleep interrupted
2019-10-18 07:14:06,856 [grpc-default-executor-1] INFO  impl.RoleInfo (RoleInfo.java:updateAndGet(143)) - 24274e9f-e41f-4654-9afc-a783ca44e44b: start FollowerState
2019-10-18 07:14:06,856 [Thread-769] INFO  impl.FollowerState (FollowerState.java:run(117)) - 988115cd-21c9-4558-b198-f2cedd98ccf3@group-20BE3FF63202-FollowerState was interrupted: java.lang.InterruptedException: sleep interrupted
2019-10-18 07:14:06,856 [grpc-default-executor-0] INFO  impl.RoleInfo (RoleInfo.java:updateAndGet(143)) - 988115cd-21c9-4558-b198-f2cedd98ccf3: start FollowerState
2019-10-18 07:14:06,901 [c52c3de9-0ed1-4f2b-ba1d-f317ceeb0ceb@group-20BE3FF63202-LeaderElection68] INFO  impl.LeaderElection (LeaderElection.java:logAndReturn(56)) - c52c3de9-0ed1-4f2b-ba1d-f317ceeb0ceb@group-20BE3FF63202-LeaderElection68: Election REJECTED; received 2 response(s) [c52c3de9-0ed1-4f2b-ba1d-f317ceeb0ceb<-24274e9f-e41f-4654-9afc-a783ca44e44b#0:FAIL-t60, c52c3de9-0ed1-4f2b-ba1d-f317ceeb0ceb<-988115cd-21c9-4558-b198-f2cedd98ccf3#0:FAIL-t60] and 0 exception(s); c52c3de9-0ed1-4f2b-ba1d-f317ceeb0ceb@group-20BE3FF63202:t60, leader=null, voted=c52c3de9-0ed1-4f2b-ba1d-f317ceeb0ceb, raftlog=c52c3de9-0ed1-4f2b-ba1d-f317ceeb0ceb@group-20BE3FF63202-SegmentedRaftLog:OPENED:c-1,f-1,i0, conf=-1: [24274e9f-e41f-4654-9afc-a783ca44e44b:192.168.69.67:35902, 988115cd-21c9-4558-b198-f2cedd98ccf3:192.168.69.67:44208, c52c3de9-0ed1-4f2b-ba1d-f317ceeb0ceb:192.168.69.67:37615], old=null
2019-10-18 07:14:06,901 [c52c3de9-0ed1-4f2b-ba1d-f317ceeb0ceb@group-20BE3FF63202-LeaderElection68] INFO  impl.RaftServerImpl (RaftServerImpl.java:setRole(184)) - c52c3de9-0ed1-4f2b-ba1d-f317ceeb0ceb@group-20BE3FF63202: changes role from CANDIDATE to FOLLOWER at term 60 for DISCOVERED_A_NEW_TERM
2019-10-18 07:14:06,901 [c52c3de9-0ed1-4f2b-ba1d-f317ceeb0ceb@group-20BE3FF63202-LeaderElection68] INFO  impl.RoleInfo (RoleInfo.java:shutdownLeaderElection(134)) - c52c3de9-0ed1-4f2b-ba1d-f317ceeb0ceb: shutdown LeaderElection
2019-10-18 07:14:06,901 [c52c3de9-0ed1-4f2b-ba1d-f317ceeb0ceb@group-20BE3FF63202-LeaderElection68] INFO  impl.RoleInfo (RoleInfo.java:updateAndGet(143)) - c52c3de9-0ed1-4f2b-ba1d-f317ceeb0ceb: start FollowerState
2019-10-18 07:14:06,989 [Thread-776] INFO  impl.FollowerState (FollowerState.java:run(108)) - c52c3de9-0ed1-4f2b-ba1d-f317ceeb0ceb@group-20BE3FF63202-FollowerState: change to CANDIDATE, lastRpcTime:87ms, electionTimeout:87ms
2019-10-18 07:14:06,989 [Thread-776] INFO  impl.RoleInfo (RoleInfo.java:shutdownFollowerState(121)) - c52c3de9-0ed1-4f2b-ba1d-f317ceeb0ceb: shutdown FollowerState
2019-10-18 07:14:06,989 [Thread-776] INFO  impl.RaftServerImpl (RaftServerImpl.java:setRole(184)) - c52c3de9-0ed1-4f2b-ba1d-f317ceeb0ceb@group-20BE3FF63202: changes role from  FOLLOWER to CANDIDATE at term 60 for changeToCandidate
2019-10-18 07:14:06,989 [Thread-776] INFO  impl.RoleInfo (RoleInfo.java:updateAndGet(143)) - c52c3de9-0ed1-4f2b-ba1d-f317ceeb0ceb: start LeaderElection
2019-10-18 07:14:07,039 [c52c3de9-0ed1-4f2b-ba1d-f317ceeb0ceb@group-20BE3FF63202-LeaderElection69] INFO  impl.LeaderElection (LeaderElection.java:askForVotes(178)) - c52c3de9-0ed1-4f2b-ba1d-f317ceeb0ceb@group-20BE3FF63202-LeaderElection69: begin an election at term 61 for -1: [24274e9f-e41f-4654-9afc-a783ca44e44b:192.168.69.67:35902, 988115cd-21c9-4558-b198-f2cedd98ccf3:192.168.69.67:44208, c52c3de9-0ed1-4f2b-ba1d-f317ceeb0ceb:192.168.69.67:37615], old=null
2019-10-18 07:14:07,042 [grpc-default-executor-1] INFO  impl.RaftServerImpl (RaftServerImpl.java:setRole(184)) - 24274e9f-e41f-4654-9afc-a783ca44e44b@group-20BE3FF63202: changes role from  FOLLOWER to FOLLOWER at term 61 for recognizeCandidate:c52c3de9-0ed1-4f2b-ba1d-f317ceeb0ceb
2019-10-18 07:14:07,042 [grpc-default-executor-0] INFO  impl.RaftServerImpl (RaftServerImpl.java:setRole(184)) - 988115cd-21c9-4558-b198-f2cedd98ccf3@group-20BE3FF63202: changes role from  FOLLOWER to FOLLOWER at term 61 for recognizeCandidate:c52c3de9-0ed1-4f2b-ba1d-f317ceeb0ceb
2019-10-18 07:14:07,042 [grpc-default-executor-1] INFO  impl.RoleInfo (RoleInfo.java:shutdownFollowerState(121)) - 24274e9f-e41f-4654-9afc-a783ca44e44b: shutdown FollowerState
2019-10-18 07:14:07,042 [grpc-default-executor-0] INFO  impl.RoleInfo (RoleInfo.java:shutdownFollowerState(121)) - 988115cd-21c9-4558-b198-f2cedd98ccf3: shutdown FollowerState
2019-10-18 07:14:07,043 [Thread-774] INFO  impl.FollowerState (FollowerState.java:run(117)) - 24274e9f-e41f-4654-9afc-a783ca44e44b@group-20BE3FF63202-FollowerState was interrupted: java.lang.InterruptedException: sleep interrupted
2019-10-18 07:14:07,043 [grpc-default-executor-1] INFO  impl.RoleInfo (RoleInfo.java:updateAndGet(143)) - 24274e9f-e41f-4654-9afc-a783ca44e44b: start FollowerState
2019-10-18 07:14:07,043 [Thread-775] INFO  impl.FollowerState (FollowerState.java:run(117)) - 988115cd-21c9-4558-b198-f2cedd98ccf3@group-20BE3FF63202-FollowerState was interrupted: java.lang.InterruptedException: sleep interrupted
2019-10-18 07:14:07,043 [grpc-default-executor-0] INFO  impl.RoleInfo (RoleInfo.java:updateAndGet(143)) - 988115cd-21c9-4558-b198-f2cedd98ccf3: start FollowerState
2019-10-18 07:14:07,069 [c52c3de9-0ed1-4f2b-ba1d-f317ceeb0ceb@group-20BE3FF63202-LeaderElection69] INFO  impl.LeaderElection (LeaderElection.java:logAndReturn(56)) - c52c3de9-0ed1-4f2b-ba1d-f317ceeb0ceb@group-20BE3FF63202-LeaderElection69: Election REJECTED; received 2 response(s) [c52c3de9-0ed1-4f2b-ba1d-f317ceeb0ceb<-24274e9f-e41f-4654-9afc-a783ca44e44b#0:FAIL-t61, c52c3de9-0ed1-4f2b-ba1d-f317ceeb0ceb<-988115cd-21c9-4558-b198-f2cedd98ccf3#0:FAIL-t61] and 0 exception(s); c52c3de9-0ed1-4f2b-ba1d-f317ceeb0ceb@group-20BE3FF63202:t61, leader=null, voted=c52c3de9-0ed1-4f2b-ba1d-f317ceeb0ceb, raftlog=c52c3de9-0ed1-4f2b-ba1d-f317ceeb0ceb@group-20BE3FF63202-SegmentedRaftLog:OPENED:c-1,f-1,i0, conf=-1: [24274e9f-e41f-4654-9afc-a783ca44e44b:192.168.69.67:35902, 988115cd-21c9-4558-b198-f2cedd98ccf3:192.168.69.67:44208, c52c3de9-0ed1-4f2b-ba1d-f317ceeb0ceb:192.168.69.67:37615], old=null
2019-10-18 07:14:07,069 [c52c3de9-0ed1-4f2b-ba1d-f317ceeb0ceb@group-20BE3FF63202-LeaderElection69] INFO  impl.RaftServerImpl (RaftServerImpl.java:setRole(184)) - c52c3de9-0ed1-4f2b-ba1d-f317ceeb0ceb@group-20BE3FF63202: changes role from CANDIDATE to FOLLOWER at term 61 for DISCOVERED_A_NEW_TERM
2019-10-18 07:14:07,069 [c52c3de9-0ed1-4f2b-ba1d-f317ceeb0ceb@group-20BE3FF63202-LeaderElection69] INFO  impl.RoleInfo (RoleInfo.java:shutdownLeaderElection(134)) - c52c3de9-0ed1-4f2b-ba1d-f317ceeb0ceb: shutdown LeaderElection
2019-10-18 07:14:07,069 [c52c3de9-0ed1-4f2b-ba1d-f317ceeb0ceb@group-20BE3FF63202-LeaderElection69] INFO  impl.RoleInfo (RoleInfo.java:updateAndGet(143)) - c52c3de9-0ed1-4f2b-ba1d-f317ceeb0ceb: start FollowerState
2019-10-18 07:14:07,110 [Thread-782] INFO  impl.FollowerState (FollowerState.java:run(108)) - c52c3de9-0ed1-4f2b-ba1d-f317ceeb0ceb@group-20BE3FF63202-FollowerState: change to CANDIDATE, lastRpcTime:40ms, electionTimeout:40ms
2019-10-18 07:14:07,110 [Thread-782] INFO  impl.RoleInfo (RoleInfo.java:shutdownFollowerState(121)) - c52c3de9-0ed1-4f2b-ba1d-f317ceeb0ceb: shutdown FollowerState
2019-10-18 07:14:07,110 [Thread-782] INFO  impl.RaftServerImpl (RaftServerImpl.java:setRole(184)) - c52c3de9-0ed1-4f2b-ba1d-f317ceeb0ceb@group-20BE3FF63202: changes role from  FOLLOWER to CANDIDATE at term 61 for changeToCandidate
2019-10-18 07:14:07,111 [Thread-782] INFO  impl.RoleInfo (RoleInfo.java:updateAndGet(143)) - c52c3de9-0ed1-4f2b-ba1d-f317ceeb0ceb: start LeaderElection
2019-10-18 07:14:07,175 [c52c3de9-0ed1-4f2b-ba1d-f317ceeb0ceb@group-20BE3FF63202-LeaderElection70] INFO  impl.LeaderElection (LeaderElection.java:askForVotes(178)) - c52c3de9-0ed1-4f2b-ba1d-f317ceeb0ceb@group-20BE3FF63202-LeaderElection70: begin an election at term 62 for -1: [24274e9f-e41f-4654-9afc-a783ca44e44b:192.168.69.67:35902, 988115cd-21c9-4558-b198-f2cedd98ccf3:192.168.69.67:44208, c52c3de9-0ed1-4f2b-ba1d-f317ceeb0ceb:192.168.69.67:37615], old=null
2019-10-18 07:14:07,179 [grpc-default-executor-1] INFO  impl.RaftServerImpl (RaftServerImpl.java:setRole(184)) - 24274e9f-e41f-4654-9afc-a783ca44e44b@group-20BE3FF63202: changes role from  FOLLOWER to FOLLOWER at term 62 for recognizeCandidate:c52c3de9-0ed1-4f2b-ba1d-f317ceeb0ceb
2019-10-18 07:14:07,179 [grpc-default-executor-0] INFO  impl.RaftServerImpl (RaftServerImpl.java:setRole(184)) - 988115cd-21c9-4558-b198-f2cedd98ccf3@group-20BE3FF63202: changes role from  FOLLOWER to FOLLOWER at term 62 for recognizeCandidate:c52c3de9-0ed1-4f2b-ba1d-f317ceeb0ceb
2019-10-18 07:14:07,179 [grpc-default-executor-1] INFO  impl.RoleInfo (RoleInfo.java:shutdownFollowerState(121)) - 24274e9f-e41f-4654-9afc-a783ca44e44b: shutdown FollowerState
2019-10-18 07:14:07,180 [grpc-default-executor-0] INFO  impl.RoleInfo (RoleInfo.java:shutdownFollowerState(121)) - 988115cd-21c9-4558-b198-f2cedd98ccf3: shutdown FollowerState
2019-10-18 07:14:07,180 [Thread-780] INFO  impl.FollowerState (FollowerState.java:run(117)) - 24274e9f-e41f-4654-9afc-a783ca44e44b@group-20BE3FF63202-FollowerState was interrupted: java.lang.InterruptedException: sleep interrupted
2019-10-18 07:14:07,180 [grpc-default-executor-1] INFO  impl.RoleInfo (RoleInfo.java:updateAndGet(143)) - 24274e9f-e41f-4654-9afc-a783ca44e44b: start FollowerState
2019-10-18 07:14:07,180 [Thread-781] INFO  impl.FollowerState (FollowerState.java:run(117)) - 988115cd-21c9-4558-b198-f2cedd98ccf3@group-20BE3FF63202-FollowerState was interrupted: java.lang.InterruptedException: sleep interrupted
2019-10-18 07:14:07,180 [grpc-default-executor-0] INFO  impl.RoleInfo (RoleInfo.java:updateAndGet(143)) - 988115cd-21c9-4558-b198-f2cedd98ccf3: start FollowerState
2019-10-18 07:14:07,218 [c52c3de9-0ed1-4f2b-ba1d-f317ceeb0ceb@group-20BE3FF63202-LeaderElection70] INFO  impl.LeaderElection (LeaderElection.java:logAndReturn(56)) - c52c3de9-0ed1-4f2b-ba1d-f317ceeb0ceb@group-20BE3FF63202-LeaderElection70: Election TIMEOUT; received 0 response(s) [] and 0 exception(s); c52c3de9-0ed1-4f2b-ba1d-f317ceeb0ceb@group-20BE3FF63202:t62, leader=null, voted=c52c3de9-0ed1-4f2b-ba1d-f317ceeb0ceb, raftlog=c52c3de9-0ed1-4f2b-ba1d-f317ceeb0ceb@group-20BE3FF63202-SegmentedRaftLog:OPENED:c-1,f-1,i0, conf=-1: [24274e9f-e41f-4654-9afc-a783ca44e44b:192.168.69.67:35902, 988115cd-21c9-4558-b198-f2cedd98ccf3:192.168.69.67:44208, c52c3de9-0ed1-4f2b-ba1d-f317ceeb0ceb:192.168.69.67:37615], old=null
2019-10-18 07:14:07,257 [c52c3de9-0ed1-4f2b-ba1d-f317ceeb0ceb@group-20BE3FF63202-LeaderElection70] INFO  impl.LeaderElection (LeaderElection.java:askForVotes(178)) - c52c3de9-0ed1-4f2b-ba1d-f317ceeb0ceb@group-20BE3FF63202-LeaderElection70: begin an election at term 63 for -1: [24274e9f-e41f-4654-9afc-a783ca44e44b:192.168.69.67:35902, 988115cd-21c9-4558-b198-f2cedd98ccf3:192.168.69.67:44208, c52c3de9-0ed1-4f2b-ba1d-f317ceeb0ceb:192.168.69.67:37615], old=null
2019-10-18 07:14:07,260 [grpc-default-executor-1] INFO  impl.RaftServerImpl (RaftServerImpl.java:setRole(184)) - 24274e9f-e41f-4654-9afc-a783ca44e44b@group-20BE3FF63202: changes role from  FOLLOWER to FOLLOWER at term 63 for recognizeCandidate:c52c3de9-0ed1-4f2b-ba1d-f317ceeb0ceb
2019-10-18 07:14:07,260 [grpc-default-executor-1] INFO  impl.RoleInfo (RoleInfo.java:shutdownFollowerState(121)) - 24274e9f-e41f-4654-9afc-a783ca44e44b: shutdown FollowerState
2019-10-18 07:14:07,260 [grpc-default-executor-0] INFO  impl.RaftServerImpl (RaftServerImpl.java:setRole(184)) - 988115cd-21c9-4558-b198-f2cedd98ccf3@group-20BE3FF63202: changes role from  FOLLOWER to FOLLOWER at term 63 for recognizeCandidate:c52c3de9-0ed1-4f2b-ba1d-f317ceeb0ceb
2019-10-18 07:14:07,260 [Thread-786] INFO  impl.FollowerState (FollowerState.java:run(117)) - 24274e9f-e41f-4654-9afc-a783ca44e44b@group-20BE3FF63202-FollowerState was interrupted: java.lang.InterruptedException: sleep interrupted
2019-10-18 07:14:07,260 [grpc-default-executor-1] INFO  impl.RoleInfo (RoleInfo.java:updateAndGet(143)) - 24274e9f-e41f-4654-9afc-a783ca44e44b: start FollowerState
2019-10-18 07:14:07,260 [grpc-default-executor-0] INFO  impl.RoleInfo (RoleInfo.java:shutdownFollowerState(121)) - 988115cd-21c9-4558-b198-f2cedd98ccf3: shutdown FollowerState
2019-10-18 07:14:07,261 [grpc-default-executor-0] INFO  impl.RoleInfo (RoleInfo.java:updateAndGet(143)) - 988115cd-21c9-4558-b198-f2cedd98ccf3: start FollowerState
2019-10-18 07:14:07,261 [Thread-787] INFO  impl.FollowerState (FollowerState.java:run(117)) - 988115cd-21c9-4558-b198-f2cedd98ccf3@group-20BE3FF63202-FollowerState was interrupted: java.lang.InterruptedException: sleep interrupted
2019-10-18 07:14:07,308 [c52c3de9-0ed1-4f2b-ba1d-f317ceeb0ceb@group-20BE3FF63202-LeaderElection70] INFO  impl.LeaderElection (LeaderElection.java:logAndReturn(56)) - c52c3de9-0ed1-4f2b-ba1d-f317ceeb0ceb@group-20BE3FF63202-LeaderElection70: Election REJECTED; received 2 response(s) [c52c3de9-0ed1-4f2b-ba1d-f317ceeb0ceb<-24274e9f-e41f-4654-9afc-a783ca44e44b#0:FAIL-t63, c52c3de9-0ed1-4f2b-ba1d-f317ceeb0ceb<-988115cd-21c9-4558-b198-f2cedd98ccf3#0:FAIL-t63] and 0 exception(s); c52c3de9-0ed1-4f2b-ba1d-f317ceeb0ceb@group-20BE3FF63202:t63, leader=null, voted=c52c3de9-0ed1-4f2b-ba1d-f317ceeb0ceb, raftlog=c52c3de9-0ed1-4f2b-ba1d-f317ceeb0ceb@group-20BE3FF63202-SegmentedRaftLog:OPENED:c-1,f-1,i0, conf=-1: [24274e9f-e41f-4654-9afc-a783ca44e44b:192.168.69.67:35902, 988115cd-21c9-4558-b198-f2cedd98ccf3:192.168.69.67:44208, c52c3de9-0ed1-4f2b-ba1d-f317ceeb0ceb:192.168.69.67:37615], old=null
2019-10-18 07:14:07,308 [c52c3de9-0ed1-4f2b-ba1d-f317ceeb0ceb@group-20BE3FF63202-LeaderElection70] INFO  impl.RaftServerImpl (RaftServerImpl.java:setRole(184)) - c52c3de9-0ed1-4f2b-ba1d-f317ceeb0ceb@group-20BE3FF63202: changes role from CANDIDATE to FOLLOWER at term 63 for DISCOVERED_A_NEW_TERM
2019-10-18 07:14:07,309 [c52c3de9-0ed1-4f2b-ba1d-f317ceeb0ceb@group-20BE3FF63202-LeaderElection70] INFO  impl.RoleInfo (RoleInfo.java:shutdownLeaderElection(134)) - c52c3de9-0ed1-4f2b-ba1d-f317ceeb0ceb: shutdown LeaderElection
2019-10-18 07:14:07,309 [c52c3de9-0ed1-4f2b-ba1d-f317ceeb0ceb@group-20BE3FF63202-LeaderElection70] INFO  impl.RoleInfo (RoleInfo.java:updateAndGet(143)) - c52c3de9-0ed1-4f2b-ba1d-f317ceeb0ceb: start FollowerState
2019-10-18 07:14:07,463 [main] INFO  ozone.MiniOzoneClusterImpl (MiniOzoneClusterImpl.java:lambda$waitForClusterToBeReady$2(164)) - Waiting for 1 number of pipelines out of 9, to report a leader.
2019-10-18 07:14:07,485 [Thread-792] INFO  impl.FollowerState (FollowerState.java:run(108)) - c52c3de9-0ed1-4f2b-ba1d-f317ceeb0ceb@group-20BE3FF63202-FollowerState: change to CANDIDATE, lastRpcTime:176ms, electionTimeout:176ms
2019-10-18 07:14:07,485 [Thread-792] INFO  impl.RoleInfo (RoleInfo.java:shutdownFollowerState(121)) - c52c3de9-0ed1-4f2b-ba1d-f317ceeb0ceb: shutdown FollowerState
2019-10-18 07:14:07,486 [Thread-792] INFO  impl.RaftServerImpl (RaftServerImpl.java:setRole(184)) - c52c3de9-0ed1-4f2b-ba1d-f317ceeb0ceb@group-20BE3FF63202: changes role from  FOLLOWER to CANDIDATE at term 63 for changeToCandidate
2019-10-18 07:14:07,486 [Thread-792] INFO  impl.RoleInfo (RoleInfo.java:updateAndGet(143)) - c52c3de9-0ed1-4f2b-ba1d-f317ceeb0ceb: start LeaderElection
2019-10-18 07:14:07,572 [c52c3de9-0ed1-4f2b-ba1d-f317ceeb0ceb@group-20BE3FF63202-LeaderElection71] INFO  impl.LeaderElection (LeaderElection.java:askForVotes(178)) - c52c3de9-0ed1-4f2b-ba1d-f317ceeb0ceb@group-20BE3FF63202-LeaderElection71: begin an election at term 64 for -1: [24274e9f-e41f-4654-9afc-a783ca44e44b:192.168.69.67:35902, 988115cd-21c9-4558-b198-f2cedd98ccf3:192.168.69.67:44208, c52c3de9-0ed1-4f2b-ba1d-f317ceeb0ceb:192.168.69.67:37615], old=null
2019-10-18 07:14:07,577 [grpc-default-executor-0] INFO  impl.RaftServerImpl (RaftServerImpl.java:setRole(184)) - 24274e9f-e41f-4654-9afc-a783ca44e44b@group-20BE3FF63202: changes role from  FOLLOWER to FOLLOWER at term 64 for recognizeCandidate:c52c3de9-0ed1-4f2b-ba1d-f317ceeb0ceb
2019-10-18 07:14:07,577 [grpc-default-executor-1] INFO  impl.RaftServerImpl (RaftServerImpl.java:setRole(184)) - 988115cd-21c9-4558-b198-f2cedd98ccf3@group-20BE3FF63202: changes role from  FOLLOWER to FOLLOWER at term 64 for recognizeCandidate:c52c3de9-0ed1-4f2b-ba1d-f317ceeb0ceb
2019-10-18 07:14:07,577 [grpc-default-executor-0] INFO  impl.RoleInfo (RoleInfo.java:shutdownFollowerState(121)) - 24274e9f-e41f-4654-9afc-a783ca44e44b: shutdown FollowerState
2019-10-18 07:14:07,577 [grpc-default-executor-1] INFO  impl.RoleInfo (RoleInfo.java:shutdownFollowerState(121)) - 988115cd-21c9-4558-b198-f2cedd98ccf3: shutdown FollowerState
2019-10-18 07:14:07,577 [Thread-790] INFO  impl.FollowerState (FollowerState.java:run(117)) - 24274e9f-e41f-4654-9afc-a783ca44e44b@group-20BE3FF63202-FollowerState was interrupted: java.lang.InterruptedException: sleep interrupted
2019-10-18 07:14:07,577 [grpc-default-executor-0] INFO  impl.RoleInfo (RoleInfo.java:updateAndGet(143)) - 24274e9f-e41f-4654-9afc-a783ca44e44b: start FollowerState
2019-10-18 07:14:07,578 [Thread-791] INFO  impl.FollowerState (FollowerState.java:run(117)) - 988115cd-21c9-4558-b198-f2cedd98ccf3@group-20BE3FF63202-FollowerState was interrupted: java.lang.InterruptedException: sleep interrupted
2019-10-18 07:14:07,578 [grpc-default-executor-1] INFO  impl.RoleInfo (RoleInfo.java:updateAndGet(143)) - 988115cd-21c9-4558-b198-f2cedd98ccf3: start FollowerState
2019-10-18 07:14:07,623 [c52c3de9-0ed1-4f2b-ba1d-f317ceeb0ceb@group-20BE3FF63202-LeaderElection71] INFO  impl.LeaderElection (LeaderElection.java:logAndReturn(56)) - c52c3de9-0ed1-4f2b-ba1d-f317ceeb0ceb@group-20BE3FF63202-LeaderElection71: Election REJECTED; received 2 response(s) [c52c3de9-0ed1-4f2b-ba1d-f317ceeb0ceb<-24274e9f-e41f-4654-9afc-a783ca44e44b#0:FAIL-t64, c52c3de9-0ed1-4f2b-ba1d-f317ceeb0ceb<-988115cd-21c9-4558-b198-f2cedd98ccf3#0:FAIL-t64] and 0 exception(s); c52c3de9-0ed1-4f2b-ba1d-f317ceeb0ceb@group-20BE3FF63202:t64, leader=null, voted=c52c3de9-0ed1-4f2b-ba1d-f317ceeb0ceb, raftlog=c52c3de9-0ed1-4f2b-ba1d-f317ceeb0ceb@group-20BE3FF63202-SegmentedRaftLog:OPENED:c-1,f-1,i0, conf=-1: [24274e9f-e41f-4654-9afc-a783ca44e44b:192.168.69.67:35902, 988115cd-21c9-4558-b198-f2cedd98ccf3:192.168.69.67:44208, c52c3de9-0ed1-4f2b-ba1d-f317ceeb0ceb:192.168.69.67:37615], old=null
2019-10-18 07:14:07,623 [c52c3de9-0ed1-4f2b-ba1d-f317ceeb0ceb@group-20BE3FF63202-LeaderElection71] INFO  impl.RaftServerImpl (RaftServerImpl.java:setRole(184)) - c52c3de9-0ed1-4f2b-ba1d-f317ceeb0ceb@group-20BE3FF63202: changes role from CANDIDATE to FOLLOWER at term 64 for DISCOVERED_A_NEW_TERM
2019-10-18 07:14:07,623 [c52c3de9-0ed1-4f2b-ba1d-f317ceeb0ceb@group-20BE3FF63202-LeaderElection71] INFO  impl.RoleInfo (RoleInfo.java:shutdownLeaderElection(134)) - c52c3de9-0ed1-4f2b-ba1d-f317ceeb0ceb: shutdown LeaderElection
2019-10-18 07:14:07,624 [c52c3de9-0ed1-4f2b-ba1d-f317ceeb0ceb@group-20BE3FF63202-LeaderElection71] INFO  impl.RoleInfo (RoleInfo.java:updateAndGet(143)) - c52c3de9-0ed1-4f2b-ba1d-f317ceeb0ceb: start FollowerState
2019-10-18 07:14:07,803 [Thread-798] INFO  impl.FollowerState (FollowerState.java:run(108)) - c52c3de9-0ed1-4f2b-ba1d-f317ceeb0ceb@group-20BE3FF63202-FollowerState: change to CANDIDATE, lastRpcTime:179ms, electionTimeout:179ms
2019-10-18 07:14:07,803 [Thread-798] INFO  impl.RoleInfo (RoleInfo.java:shutdownFollowerState(121)) - c52c3de9-0ed1-4f2b-ba1d-f317ceeb0ceb: shutdown FollowerState
2019-10-18 07:14:07,804 [Thread-798] INFO  impl.RaftServerImpl (RaftServerImpl.java:setRole(184)) - c52c3de9-0ed1-4f2b-ba1d-f317ceeb0ceb@group-20BE3FF63202: changes role from  FOLLOWER to CANDIDATE at term 64 for changeToCandidate
2019-10-18 07:14:07,804 [Thread-798] INFO  impl.RoleInfo (RoleInfo.java:updateAndGet(143)) - c52c3de9-0ed1-4f2b-ba1d-f317ceeb0ceb: start LeaderElection
2019-10-18 07:14:07,853 [c52c3de9-0ed1-4f2b-ba1d-f317ceeb0ceb@group-20BE3FF63202-LeaderElection72] INFO  impl.LeaderElection (LeaderElection.java:askForVotes(178)) - c52c3de9-0ed1-4f2b-ba1d-f317ceeb0ceb@group-20BE3FF63202-LeaderElection72: begin an election at term 65 for -1: [24274e9f-e41f-4654-9afc-a783ca44e44b:192.168.69.67:35902, 988115cd-21c9-4558-b198-f2cedd98ccf3:192.168.69.67:44208, c52c3de9-0ed1-4f2b-ba1d-f317ceeb0ceb:192.168.69.67:37615], old=null
2019-10-18 07:14:07,856 [grpc-default-executor-0] INFO  impl.RaftServerImpl (RaftServerImpl.java:setRole(184)) - 988115cd-21c9-4558-b198-f2cedd98ccf3@group-20BE3FF63202: changes role from  FOLLOWER to FOLLOWER at term 65 for recognizeCandidate:c52c3de9-0ed1-4f2b-ba1d-f317ceeb0ceb
2019-10-18 07:14:07,856 [grpc-default-executor-1] INFO  impl.RaftServerImpl (RaftServerImpl.java:setRole(184)) - 24274e9f-e41f-4654-9afc-a783ca44e44b@group-20BE3FF63202: changes role from  FOLLOWER to FOLLOWER at term 65 for recognizeCandidate:c52c3de9-0ed1-4f2b-ba1d-f317ceeb0ceb
2019-10-18 07:14:07,856 [grpc-default-executor-0] INFO  impl.RoleInfo (RoleInfo.java:shutdownFollowerState(121)) - 988115cd-21c9-4558-b198-f2cedd98ccf3: shutdown FollowerState
2019-10-18 07:14:07,857 [grpc-default-executor-1] INFO  impl.RoleInfo (RoleInfo.java:shutdownFollowerState(121)) - 24274e9f-e41f-4654-9afc-a783ca44e44b: shutdown FollowerState
2019-10-18 07:14:07,857 [Thread-797] INFO  impl.FollowerState (FollowerState.java:run(117)) - 988115cd-21c9-4558-b198-f2cedd98ccf3@group-20BE3FF63202-FollowerState was interrupted: java.lang.InterruptedException: sleep interrupted
2019-10-18 07:14:07,857 [grpc-default-executor-0] INFO  impl.RoleInfo (RoleInfo.java:updateAndGet(143)) - 988115cd-21c9-4558-b198-f2cedd98ccf3: start FollowerState
2019-10-18 07:14:07,857 [Thread-796] INFO  impl.FollowerState (FollowerState.java:run(117)) - 24274e9f-e41f-4654-9afc-a783ca44e44b@group-20BE3FF63202-FollowerState was interrupted: java.lang.InterruptedException: sleep interrupted
2019-10-18 07:14:07,857 [grpc-default-executor-1] INFO  impl.RoleInfo (RoleInfo.java:updateAndGet(143)) - 24274e9f-e41f-4654-9afc-a783ca44e44b: start FollowerState
2019-10-18 07:14:07,878 [c52c3de9-0ed1-4f2b-ba1d-f317ceeb0ceb@group-20BE3FF63202-LeaderElection72] INFO  impl.LeaderElection (LeaderElection.java:logAndReturn(56)) - c52c3de9-0ed1-4f2b-ba1d-f317ceeb0ceb@group-20BE3FF63202-LeaderElection72: Election TIMEOUT; received 0 response(s) [] and 0 exception(s); c52c3de9-0ed1-4f2b-ba1d-f317ceeb0ceb@group-20BE3FF63202:t65, leader=null, voted=c52c3de9-0ed1-4f2b-ba1d-f317ceeb0ceb, raftlog=c52c3de9-0ed1-4f2b-ba1d-f317ceeb0ceb@group-20BE3FF63202-SegmentedRaftLog:OPENED:c-1,f-1,i0, conf=-1: [24274e9f-e41f-4654-9afc-a783ca44e44b:192.168.69.67:35902, 988115cd-21c9-4558-b198-f2cedd98ccf3:192.168.69.67:44208, c52c3de9-0ed1-4f2b-ba1d-f317ceeb0ceb:192.168.69.67:37615], old=null
2019-10-18 07:14:07,932 [c52c3de9-0ed1-4f2b-ba1d-f317ceeb0ceb@group-20BE3FF63202-LeaderElection72] INFO  impl.LeaderElection (LeaderElection.java:askForVotes(178)) - c52c3de9-0ed1-4f2b-ba1d-f317ceeb0ceb@group-20BE3FF63202-LeaderElection72: begin an election at term 66 for -1: [24274e9f-e41f-4654-9afc-a783ca44e44b:192.168.69.67:35902, 988115cd-21c9-4558-b198-f2cedd98ccf3:192.168.69.67:44208, c52c3de9-0ed1-4f2b-ba1d-f317ceeb0ceb:192.168.69.67:37615], old=null
2019-10-18 07:14:07,935 [grpc-default-executor-1] INFO  impl.RaftServerImpl (RaftServerImpl.java:setRole(184)) - 24274e9f-e41f-4654-9afc-a783ca44e44b@group-20BE3FF63202: changes role from  FOLLOWER to FOLLOWER at term 66 for recognizeCandidate:c52c3de9-0ed1-4f2b-ba1d-f317ceeb0ceb
2019-10-18 07:14:07,935 [grpc-default-executor-0] INFO  impl.RaftServerImpl (RaftServerImpl.java:setRole(184)) - 988115cd-21c9-4558-b198-f2cedd98ccf3@group-20BE3FF63202: changes role from  FOLLOWER to FOLLOWER at term 66 for recognizeCandidate:c52c3de9-0ed1-4f2b-ba1d-f317ceeb0ceb
2019-10-18 07:14:07,935 [grpc-default-executor-1] INFO  impl.RoleInfo (RoleInfo.java:shutdownFollowerState(121)) - 24274e9f-e41f-4654-9afc-a783ca44e44b: shutdown FollowerState
2019-10-18 07:14:07,935 [grpc-default-executor-0] INFO  impl.RoleInfo (RoleInfo.java:shutdownFollowerState(121)) - 988115cd-21c9-4558-b198-f2cedd98ccf3: shutdown FollowerState
2019-10-18 07:14:07,935 [Thread-805] INFO  impl.FollowerState (FollowerState.java:run(117)) - 24274e9f-e41f-4654-9afc-a783ca44e44b@group-20BE3FF63202-FollowerState was interrupted: java.lang.InterruptedException: sleep interrupted
2019-10-18 07:14:07,935 [grpc-default-executor-1] INFO  impl.RoleInfo (RoleInfo.java:updateAndGet(143)) - 24274e9f-e41f-4654-9afc-a783ca44e44b: start FollowerState
2019-10-18 07:14:07,936 [Thread-804] INFO  impl.FollowerState (FollowerState.java:run(117)) - 988115cd-21c9-4558-b198-f2cedd98ccf3@group-20BE3FF63202-FollowerState was interrupted: java.lang.InterruptedException: sleep interrupted
2019-10-18 07:14:07,936 [grpc-default-executor-0] INFO  impl.RoleInfo (RoleInfo.java:updateAndGet(143)) - 988115cd-21c9-4558-b198-f2cedd98ccf3: start FollowerState
2019-10-18 07:14:07,978 [c52c3de9-0ed1-4f2b-ba1d-f317ceeb0ceb@group-20BE3FF63202-LeaderElection72] INFO  impl.LeaderElection (LeaderElection.java:logAndReturn(56)) - c52c3de9-0ed1-4f2b-ba1d-f317ceeb0ceb@group-20BE3FF63202-LeaderElection72: Election REJECTED; received 2 response(s) [c52c3de9-0ed1-4f2b-ba1d-f317ceeb0ceb<-24274e9f-e41f-4654-9afc-a783ca44e44b#0:FAIL-t66, c52c3de9-0ed1-4f2b-ba1d-f317ceeb0ceb<-988115cd-21c9-4558-b198-f2cedd98ccf3#0:FAIL-t66] and 0 exception(s); c52c3de9-0ed1-4f2b-ba1d-f317ceeb0ceb@group-20BE3FF63202:t66, leader=null, voted=c52c3de9-0ed1-4f2b-ba1d-f317ceeb0ceb, raftlog=c52c3de9-0ed1-4f2b-ba1d-f317ceeb0ceb@group-20BE3FF63202-SegmentedRaftLog:OPENED:c-1,f-1,i0, conf=-1: [24274e9f-e41f-4654-9afc-a783ca44e44b:192.168.69.67:35902, 988115cd-21c9-4558-b198-f2cedd98ccf3:192.168.69.67:44208, c52c3de9-0ed1-4f2b-ba1d-f317ceeb0ceb:192.168.69.67:37615], old=null
2019-10-18 07:14:07,979 [c52c3de9-0ed1-4f2b-ba1d-f317ceeb0ceb@group-20BE3FF63202-LeaderElection72] INFO  impl.RaftServerImpl (RaftServerImpl.java:setRole(184)) - c52c3de9-0ed1-4f2b-ba1d-f317ceeb0ceb@group-20BE3FF63202: changes role from CANDIDATE to FOLLOWER at term 66 for DISCOVERED_A_NEW_TERM
2019-10-18 07:14:07,979 [c52c3de9-0ed1-4f2b-ba1d-f317ceeb0ceb@group-20BE3FF63202-LeaderElection72] INFO  impl.RoleInfo (RoleInfo.java:shutdownLeaderElection(134)) - c52c3de9-0ed1-4f2b-ba1d-f317ceeb0ceb: shutdown LeaderElection
2019-10-18 07:14:07,979 [c52c3de9-0ed1-4f2b-ba1d-f317ceeb0ceb@group-20BE3FF63202-LeaderElection72] INFO  impl.RoleInfo (RoleInfo.java:updateAndGet(143)) - c52c3de9-0ed1-4f2b-ba1d-f317ceeb0ceb: start FollowerState
2019-10-18 07:14:08,071 [Thread-810] INFO  impl.FollowerState (FollowerState.java:run(108)) - c52c3de9-0ed1-4f2b-ba1d-f317ceeb0ceb@group-20BE3FF63202-FollowerState: change to CANDIDATE, lastRpcTime:92ms, electionTimeout:92ms
2019-10-18 07:14:08,072 [Thread-810] INFO  impl.RoleInfo (RoleInfo.java:shutdownFollowerState(121)) - c52c3de9-0ed1-4f2b-ba1d-f317ceeb0ceb: shutdown FollowerState
2019-10-18 07:14:08,072 [Thread-810] INFO  impl.RaftServerImpl (RaftServerImpl.java:setRole(184)) - c52c3de9-0ed1-4f2b-ba1d-f317ceeb0ceb@group-20BE3FF63202: changes role from  FOLLOWER to CANDIDATE at term 66 for changeToCandidate
2019-10-18 07:14:08,072 [Thread-810] INFO  impl.RoleInfo (RoleInfo.java:updateAndGet(143)) - c52c3de9-0ed1-4f2b-ba1d-f317ceeb0ceb: start LeaderElection
2019-10-18 07:14:08,108 [c52c3de9-0ed1-4f2b-ba1d-f317ceeb0ceb@group-20BE3FF63202-LeaderElection73] INFO  impl.LeaderElection (LeaderElection.java:askForVotes(178)) - c52c3de9-0ed1-4f2b-ba1d-f317ceeb0ceb@group-20BE3FF63202-LeaderElection73: begin an election at term 67 for -1: [24274e9f-e41f-4654-9afc-a783ca44e44b:192.168.69.67:35902, 988115cd-21c9-4558-b198-f2cedd98ccf3:192.168.69.67:44208, c52c3de9-0ed1-4f2b-ba1d-f317ceeb0ceb:192.168.69.67:37615], old=null
2019-10-18 07:14:08,114 [grpc-default-executor-1] INFO  impl.RaftServerImpl (RaftServerImpl.java:setRole(184)) - 24274e9f-e41f-4654-9afc-a783ca44e44b@group-20BE3FF63202: changes role from  FOLLOWER to FOLLOWER at term 67 for recognizeCandidate:c52c3de9-0ed1-4f2b-ba1d-f317ceeb0ceb
2019-10-18 07:14:08,114 [grpc-default-executor-0] INFO  impl.RaftServerImpl (RaftServerImpl.java:setRole(184)) - 988115cd-21c9-4558-b198-f2cedd98ccf3@group-20BE3FF63202: changes role from  FOLLOWER to FOLLOWER at term 67 for recognizeCandidate:c52c3de9-0ed1-4f2b-ba1d-f317ceeb0ceb
2019-10-18 07:14:08,114 [grpc-default-executor-1] INFO  impl.RoleInfo (RoleInfo.java:shutdownFollowerState(121)) - 24274e9f-e41f-4654-9afc-a783ca44e44b: shutdown FollowerState
2019-10-18 07:14:08,114 [grpc-default-executor-0] INFO  impl.RoleInfo (RoleInfo.java:shutdownFollowerState(121)) - 988115cd-21c9-4558-b198-f2cedd98ccf3: shutdown FollowerState
2019-10-18 07:14:08,115 [Thread-808] INFO  impl.FollowerState (FollowerState.java:run(117)) - 24274e9f-e41f-4654-9afc-a783ca44e44b@group-20BE3FF63202-FollowerState was interrupted: java.lang.InterruptedException: sleep interrupted
2019-10-18 07:14:08,115 [grpc-default-executor-1] INFO  impl.RoleInfo (RoleInfo.java:updateAndGet(143)) - 24274e9f-e41f-4654-9afc-a783ca44e44b: start FollowerState
2019-10-18 07:14:08,115 [grpc-default-executor-0] INFO  impl.RoleInfo (RoleInfo.java:updateAndGet(143)) - 988115cd-21c9-4558-b198-f2cedd98ccf3: start FollowerState
2019-10-18 07:14:08,115 [Thread-809] INFO  impl.FollowerState (FollowerState.java:run(117)) - 988115cd-21c9-4558-b198-f2cedd98ccf3@group-20BE3FF63202-FollowerState was interrupted: java.lang.InterruptedException: sleep interrupted
2019-10-18 07:14:08,169 [c52c3de9-0ed1-4f2b-ba1d-f317ceeb0ceb@group-20BE3FF63202-LeaderElection73] INFO  impl.LeaderElection (LeaderElection.java:logAndReturn(56)) - c52c3de9-0ed1-4f2b-ba1d-f317ceeb0ceb@group-20BE3FF63202-LeaderElection73: Election REJECTED; received 2 response(s) [c52c3de9-0ed1-4f2b-ba1d-f317ceeb0ceb<-24274e9f-e41f-4654-9afc-a783ca44e44b#0:FAIL-t67, c52c3de9-0ed1-4f2b-ba1d-f317ceeb0ceb<-988115cd-21c9-4558-b198-f2cedd98ccf3#0:FAIL-t67] and 0 exception(s); c52c3de9-0ed1-4f2b-ba1d-f317ceeb0ceb@group-20BE3FF63202:t67, leader=null, voted=c52c3de9-0ed1-4f2b-ba1d-f317ceeb0ceb, raftlog=c52c3de9-0ed1-4f2b-ba1d-f317ceeb0ceb@group-20BE3FF63202-SegmentedRaftLog:OPENED:c-1,f-1,i0, conf=-1: [24274e9f-e41f-4654-9afc-a783ca44e44b:192.168.69.67:35902, 988115cd-21c9-4558-b198-f2cedd98ccf3:192.168.69.67:44208, c52c3de9-0ed1-4f2b-ba1d-f317ceeb0ceb:192.168.69.67:37615], old=null
2019-10-18 07:14:08,169 [c52c3de9-0ed1-4f2b-ba1d-f317ceeb0ceb@group-20BE3FF63202-LeaderElection73] INFO  impl.RaftServerImpl (RaftServerImpl.java:setRole(184)) - c52c3de9-0ed1-4f2b-ba1d-f317ceeb0ceb@group-20BE3FF63202: changes role from CANDIDATE to FOLLOWER at term 67 for DISCOVERED_A_NEW_TERM
2019-10-18 07:14:08,169 [c52c3de9-0ed1-4f2b-ba1d-f317ceeb0ceb@group-20BE3FF63202-LeaderElection73] INFO  impl.RoleInfo (RoleInfo.java:shutdownLeaderElection(134)) - c52c3de9-0ed1-4f2b-ba1d-f317ceeb0ceb: shutdown LeaderElection
2019-10-18 07:14:08,169 [c52c3de9-0ed1-4f2b-ba1d-f317ceeb0ceb@group-20BE3FF63202-LeaderElection73] INFO  impl.RoleInfo (RoleInfo.java:updateAndGet(143)) - c52c3de9-0ed1-4f2b-ba1d-f317ceeb0ceb: start FollowerState
2019-10-18 07:14:08,240 [Thread-816] INFO  impl.FollowerState (FollowerState.java:run(108)) - c52c3de9-0ed1-4f2b-ba1d-f317ceeb0ceb@group-20BE3FF63202-FollowerState: change to CANDIDATE, lastRpcTime:70ms, electionTimeout:70ms
2019-10-18 07:14:08,240 [Thread-816] INFO  impl.RoleInfo (RoleInfo.java:shutdownFollowerState(121)) - c52c3de9-0ed1-4f2b-ba1d-f317ceeb0ceb: shutdown FollowerState
2019-10-18 07:14:08,240 [Thread-816] INFO  impl.RaftServerImpl (RaftServerImpl.java:setRole(184)) - c52c3de9-0ed1-4f2b-ba1d-f317ceeb0ceb@group-20BE3FF63202: changes role from  FOLLOWER to CANDIDATE at term 67 for changeToCandidate
2019-10-18 07:14:08,240 [Thread-816] INFO  impl.RoleInfo (RoleInfo.java:updateAndGet(143)) - c52c3de9-0ed1-4f2b-ba1d-f317ceeb0ceb: start LeaderElection
2019-10-18 07:14:08,307 [c52c3de9-0ed1-4f2b-ba1d-f317ceeb0ceb@group-20BE3FF63202-LeaderElection74] INFO  impl.LeaderElection (LeaderElection.java:askForVotes(178)) - c52c3de9-0ed1-4f2b-ba1d-f317ceeb0ceb@group-20BE3FF63202-LeaderElection74: begin an election at term 68 for -1: [24274e9f-e41f-4654-9afc-a783ca44e44b:192.168.69.67:35902, 988115cd-21c9-4558-b198-f2cedd98ccf3:192.168.69.67:44208, c52c3de9-0ed1-4f2b-ba1d-f317ceeb0ceb:192.168.69.67:37615], old=null
2019-10-18 07:14:08,311 [grpc-default-executor-0] INFO  impl.RaftServerImpl (RaftServerImpl.java:setRole(184)) - 988115cd-21c9-4558-b198-f2cedd98ccf3@group-20BE3FF63202: changes role from  FOLLOWER to FOLLOWER at term 68 for recognizeCandidate:c52c3de9-0ed1-4f2b-ba1d-f317ceeb0ceb
2019-10-18 07:14:08,311 [grpc-default-executor-1] INFO  impl.RaftServerImpl (RaftServerImpl.java:setRole(184)) - 24274e9f-e41f-4654-9afc-a783ca44e44b@group-20BE3FF63202: changes role from  FOLLOWER to FOLLOWER at term 68 for recognizeCandidate:c52c3de9-0ed1-4f2b-ba1d-f317ceeb0ceb
2019-10-18 07:14:08,311 [grpc-default-executor-0] INFO  impl.RoleInfo (RoleInfo.java:shutdownFollowerState(121)) - 988115cd-21c9-4558-b198-f2cedd98ccf3: shutdown FollowerState
2019-10-18 07:14:08,311 [grpc-default-executor-1] INFO  impl.RoleInfo (RoleInfo.java:shutdownFollowerState(121)) - 24274e9f-e41f-4654-9afc-a783ca44e44b: shutdown FollowerState
2019-10-18 07:14:08,311 [Thread-815] INFO  impl.FollowerState (FollowerState.java:run(117)) - 988115cd-21c9-4558-b198-f2cedd98ccf3@group-20BE3FF63202-FollowerState was interrupted: java.lang.InterruptedException: sleep interrupted
2019-10-18 07:14:08,312 [Thread-814] INFO  impl.FollowerState (FollowerState.java:run(117)) - 24274e9f-e41f-4654-9afc-a783ca44e44b@group-20BE3FF63202-FollowerState was interrupted: java.lang.InterruptedException: sleep interrupted
2019-10-18 07:14:08,311 [grpc-default-executor-0] INFO  impl.RoleInfo (RoleInfo.java:updateAndGet(143)) - 988115cd-21c9-4558-b198-f2cedd98ccf3: start FollowerState
2019-10-18 07:14:08,312 [grpc-default-executor-1] INFO  impl.RoleInfo (RoleInfo.java:updateAndGet(143)) - 24274e9f-e41f-4654-9afc-a783ca44e44b: start FollowerState
2019-10-18 07:14:08,357 [c52c3de9-0ed1-4f2b-ba1d-f317ceeb0ceb@group-20BE3FF63202-LeaderElection74] INFO  impl.LeaderElection (LeaderElection.java:logAndReturn(56)) - c52c3de9-0ed1-4f2b-ba1d-f317ceeb0ceb@group-20BE3FF63202-LeaderElection74: Election REJECTED; received 2 response(s) [c52c3de9-0ed1-4f2b-ba1d-f317ceeb0ceb<-24274e9f-e41f-4654-9afc-a783ca44e44b#0:FAIL-t68, c52c3de9-0ed1-4f2b-ba1d-f317ceeb0ceb<-988115cd-21c9-4558-b198-f2cedd98ccf3#0:FAIL-t68] and 0 exception(s); c52c3de9-0ed1-4f2b-ba1d-f317ceeb0ceb@group-20BE3FF63202:t68, leader=null, voted=c52c3de9-0ed1-4f2b-ba1d-f317ceeb0ceb, raftlog=c52c3de9-0ed1-4f2b-ba1d-f317ceeb0ceb@group-20BE3FF63202-SegmentedRaftLog:OPENED:c-1,f-1,i0, conf=-1: [24274e9f-e41f-4654-9afc-a783ca44e44b:192.168.69.67:35902, 988115cd-21c9-4558-b198-f2cedd98ccf3:192.168.69.67:44208, c52c3de9-0ed1-4f2b-ba1d-f317ceeb0ceb:192.168.69.67:37615], old=null
2019-10-18 07:14:08,357 [c52c3de9-0ed1-4f2b-ba1d-f317ceeb0ceb@group-20BE3FF63202-LeaderElection74] INFO  impl.RaftServerImpl (RaftServerImpl.java:setRole(184)) - c52c3de9-0ed1-4f2b-ba1d-f317ceeb0ceb@group-20BE3FF63202: changes role from CANDIDATE to FOLLOWER at term 68 for DISCOVERED_A_NEW_TERM
2019-10-18 07:14:08,357 [c52c3de9-0ed1-4f2b-ba1d-f317ceeb0ceb@group-20BE3FF63202-LeaderElection74] INFO  impl.RoleInfo (RoleInfo.java:shutdownLeaderElection(134)) - c52c3de9-0ed1-4f2b-ba1d-f317ceeb0ceb: shutdown LeaderElection
2019-10-18 07:14:08,358 [c52c3de9-0ed1-4f2b-ba1d-f317ceeb0ceb@group-20BE3FF63202-LeaderElection74] INFO  impl.RoleInfo (RoleInfo.java:updateAndGet(143)) - c52c3de9-0ed1-4f2b-ba1d-f317ceeb0ceb: start FollowerState
2019-10-18 07:14:08,464 [main] INFO  ozone.MiniOzoneClusterImpl (MiniOzoneClusterImpl.java:lambda$waitForClusterToBeReady$2(164)) - Waiting for 1 number of pipelines out of 9, to report a leader.
2019-10-18 07:14:08,465 [Thread-822] INFO  impl.FollowerState (FollowerState.java:run(108)) - c52c3de9-0ed1-4f2b-ba1d-f317ceeb0ceb@group-20BE3FF63202-FollowerState: change to CANDIDATE, lastRpcTime:107ms, electionTimeout:107ms
2019-10-18 07:14:08,465 [Thread-822] INFO  impl.RoleInfo (RoleInfo.java:shutdownFollowerState(121)) - c52c3de9-0ed1-4f2b-ba1d-f317ceeb0ceb: shutdown FollowerState
2019-10-18 07:14:08,466 [Thread-822] INFO  impl.RaftServerImpl (RaftServerImpl.java:setRole(184)) - c52c3de9-0ed1-4f2b-ba1d-f317ceeb0ceb@group-20BE3FF63202: changes role from  FOLLOWER to CANDIDATE at term 68 for changeToCandidate
2019-10-18 07:14:08,466 [Thread-822] INFO  impl.RoleInfo (RoleInfo.java:updateAndGet(143)) - c52c3de9-0ed1-4f2b-ba1d-f317ceeb0ceb: start LeaderElection
2019-10-18 07:14:08,489 [c52c3de9-0ed1-4f2b-ba1d-f317ceeb0ceb@group-20BE3FF63202-LeaderElection75] INFO  impl.LeaderElection (LeaderElection.java:askForVotes(178)) - c52c3de9-0ed1-4f2b-ba1d-f317ceeb0ceb@group-20BE3FF63202-LeaderElection75: begin an election at term 69 for -1: [24274e9f-e41f-4654-9afc-a783ca44e44b:192.168.69.67:35902, 988115cd-21c9-4558-b198-f2cedd98ccf3:192.168.69.67:44208, c52c3de9-0ed1-4f2b-ba1d-f317ceeb0ceb:192.168.69.67:37615], old=null
2019-10-18 07:14:08,492 [grpc-default-executor-0] INFO  impl.RaftServerImpl (RaftServerImpl.java:setRole(184)) - 24274e9f-e41f-4654-9afc-a783ca44e44b@group-20BE3FF63202: changes role from  FOLLOWER to FOLLOWER at term 69 for recognizeCandidate:c52c3de9-0ed1-4f2b-ba1d-f317ceeb0ceb
2019-10-18 07:14:08,492 [grpc-default-executor-1] INFO  impl.RaftServerImpl (RaftServerImpl.java:setRole(184)) - 988115cd-21c9-4558-b198-f2cedd98ccf3@group-20BE3FF63202: changes role from  FOLLOWER to FOLLOWER at term 69 for recognizeCandidate:c52c3de9-0ed1-4f2b-ba1d-f317ceeb0ceb
2019-10-18 07:14:08,492 [grpc-default-executor-0] INFO  impl.RoleInfo (RoleInfo.java:shutdownFollowerState(121)) - 24274e9f-e41f-4654-9afc-a783ca44e44b: shutdown FollowerState
2019-10-18 07:14:08,492 [grpc-default-executor-1] INFO  impl.RoleInfo (RoleInfo.java:shutdownFollowerState(121)) - 988115cd-21c9-4558-b198-f2cedd98ccf3: shutdown FollowerState
2019-10-18 07:14:08,493 [Thread-821] INFO  impl.FollowerState (FollowerState.java:run(117)) - 24274e9f-e41f-4654-9afc-a783ca44e44b@group-20BE3FF63202-FollowerState was interrupted: java.lang.InterruptedException: sleep interrupted
2019-10-18 07:14:08,493 [grpc-default-executor-0] INFO  impl.RoleInfo (RoleInfo.java:updateAndGet(143)) - 24274e9f-e41f-4654-9afc-a783ca44e44b: start FollowerState
2019-10-18 07:14:08,493 [Thread-820] INFO  impl.FollowerState (FollowerState.java:run(117)) - 988115cd-21c9-4558-b198-f2cedd98ccf3@group-20BE3FF63202-FollowerState was interrupted: java.lang.InterruptedException: sleep interrupted
2019-10-18 07:14:08,493 [grpc-default-executor-1] INFO  impl.RoleInfo (RoleInfo.java:updateAndGet(143)) - 988115cd-21c9-4558-b198-f2cedd98ccf3: start FollowerState
2019-10-18 07:14:08,527 [c52c3de9-0ed1-4f2b-ba1d-f317ceeb0ceb@group-20BE3FF63202-LeaderElection75] INFO  impl.LeaderElection (LeaderElection.java:logAndReturn(56)) - c52c3de9-0ed1-4f2b-ba1d-f317ceeb0ceb@group-20BE3FF63202-LeaderElection75: Election REJECTED; received 2 response(s) [c52c3de9-0ed1-4f2b-ba1d-f317ceeb0ceb<-24274e9f-e41f-4654-9afc-a783ca44e44b#0:FAIL-t69, c52c3de9-0ed1-4f2b-ba1d-f317ceeb0ceb<-988115cd-21c9-4558-b198-f2cedd98ccf3#0:FAIL-t69] and 0 exception(s); c52c3de9-0ed1-4f2b-ba1d-f317ceeb0ceb@group-20BE3FF63202:t69, leader=null, voted=c52c3de9-0ed1-4f2b-ba1d-f317ceeb0ceb, raftlog=c52c3de9-0ed1-4f2b-ba1d-f317ceeb0ceb@group-20BE3FF63202-SegmentedRaftLog:OPENED:c-1,f-1,i0, conf=-1: [24274e9f-e41f-4654-9afc-a783ca44e44b:192.168.69.67:35902, 988115cd-21c9-4558-b198-f2cedd98ccf3:192.168.69.67:44208, c52c3de9-0ed1-4f2b-ba1d-f317ceeb0ceb:192.168.69.67:37615], old=null
2019-10-18 07:14:08,527 [c52c3de9-0ed1-4f2b-ba1d-f317ceeb0ceb@group-20BE3FF63202-LeaderElection75] INFO  impl.RaftServerImpl (RaftServerImpl.java:setRole(184)) - c52c3de9-0ed1-4f2b-ba1d-f317ceeb0ceb@group-20BE3FF63202: changes role from CANDIDATE to FOLLOWER at term 69 for DISCOVERED_A_NEW_TERM
2019-10-18 07:14:08,527 [c52c3de9-0ed1-4f2b-ba1d-f317ceeb0ceb@group-20BE3FF63202-LeaderElection75] INFO  impl.RoleInfo (RoleInfo.java:shutdownLeaderElection(134)) - c52c3de9-0ed1-4f2b-ba1d-f317ceeb0ceb: shutdown LeaderElection
2019-10-18 07:14:08,528 [c52c3de9-0ed1-4f2b-ba1d-f317ceeb0ceb@group-20BE3FF63202-LeaderElection75] INFO  impl.RoleInfo (RoleInfo.java:updateAndGet(143)) - c52c3de9-0ed1-4f2b-ba1d-f317ceeb0ceb: start FollowerState
2019-10-18 07:14:08,687 [Thread-828] INFO  impl.FollowerState (FollowerState.java:run(108)) - c52c3de9-0ed1-4f2b-ba1d-f317ceeb0ceb@group-20BE3FF63202-FollowerState: change to CANDIDATE, lastRpcTime:159ms, electionTimeout:159ms
2019-10-18 07:14:08,687 [Thread-828] INFO  impl.RoleInfo (RoleInfo.java:shutdownFollowerState(121)) - c52c3de9-0ed1-4f2b-ba1d-f317ceeb0ceb: shutdown FollowerState
2019-10-18 07:14:08,688 [Thread-828] INFO  impl.RaftServerImpl (RaftServerImpl.java:setRole(184)) - c52c3de9-0ed1-4f2b-ba1d-f317ceeb0ceb@group-20BE3FF63202: changes role from  FOLLOWER to CANDIDATE at term 69 for changeToCandidate
2019-10-18 07:14:08,688 [Thread-828] INFO  impl.RoleInfo (RoleInfo.java:updateAndGet(143)) - c52c3de9-0ed1-4f2b-ba1d-f317ceeb0ceb: start LeaderElection
2019-10-18 07:14:08,734 [c52c3de9-0ed1-4f2b-ba1d-f317ceeb0ceb@group-20BE3FF63202-LeaderElection76] INFO  impl.LeaderElection (LeaderElection.java:askForVotes(178)) - c52c3de9-0ed1-4f2b-ba1d-f317ceeb0ceb@group-20BE3FF63202-LeaderElection76: begin an election at term 70 for -1: [24274e9f-e41f-4654-9afc-a783ca44e44b:192.168.69.67:35902, 988115cd-21c9-4558-b198-f2cedd98ccf3:192.168.69.67:44208, c52c3de9-0ed1-4f2b-ba1d-f317ceeb0ceb:192.168.69.67:37615], old=null
2019-10-18 07:14:08,737 [grpc-default-executor-1] INFO  impl.RaftServerImpl (RaftServerImpl.java:setRole(184)) - 24274e9f-e41f-4654-9afc-a783ca44e44b@group-20BE3FF63202: changes role from  FOLLOWER to FOLLOWER at term 70 for recognizeCandidate:c52c3de9-0ed1-4f2b-ba1d-f317ceeb0ceb
2019-10-18 07:14:08,737 [grpc-default-executor-0] INFO  impl.RaftServerImpl (RaftServerImpl.java:setRole(184)) - 988115cd-21c9-4558-b198-f2cedd98ccf3@group-20BE3FF63202: changes role from  FOLLOWER to FOLLOWER at term 70 for recognizeCandidate:c52c3de9-0ed1-4f2b-ba1d-f317ceeb0ceb
2019-10-18 07:14:08,737 [grpc-default-executor-1] INFO  impl.RoleInfo (RoleInfo.java:shutdownFollowerState(121)) - 24274e9f-e41f-4654-9afc-a783ca44e44b: shutdown FollowerState
2019-10-18 07:14:08,737 [grpc-default-executor-0] INFO  impl.RoleInfo (RoleInfo.java:shutdownFollowerState(121)) - 988115cd-21c9-4558-b198-f2cedd98ccf3: shutdown FollowerState
2019-10-18 07:14:08,737 [grpc-default-executor-1] INFO  impl.RoleInfo (RoleInfo.java:updateAndGet(143)) - 24274e9f-e41f-4654-9afc-a783ca44e44b: start FollowerState
2019-10-18 07:14:08,738 [Thread-827] INFO  impl.FollowerState (FollowerState.java:run(117)) - 988115cd-21c9-4558-b198-f2cedd98ccf3@group-20BE3FF63202-FollowerState was interrupted: java.lang.InterruptedException: sleep interrupted
2019-10-18 07:14:08,738 [Thread-826] INFO  impl.FollowerState (FollowerState.java:run(117)) - 24274e9f-e41f-4654-9afc-a783ca44e44b@group-20BE3FF63202-FollowerState was interrupted: java.lang.InterruptedException: sleep interrupted
2019-10-18 07:14:08,737 [grpc-default-executor-0] INFO  impl.RoleInfo (RoleInfo.java:updateAndGet(143)) - 988115cd-21c9-4558-b198-f2cedd98ccf3: start FollowerState
2019-10-18 07:14:08,800 [c52c3de9-0ed1-4f2b-ba1d-f317ceeb0ceb@group-20BE3FF63202-LeaderElection76] INFO  impl.LeaderElection (LeaderElection.java:logAndReturn(56)) - c52c3de9-0ed1-4f2b-ba1d-f317ceeb0ceb@group-20BE3FF63202-LeaderElection76: Election REJECTED; received 2 response(s) [c52c3de9-0ed1-4f2b-ba1d-f317ceeb0ceb<-24274e9f-e41f-4654-9afc-a783ca44e44b#0:FAIL-t70, c52c3de9-0ed1-4f2b-ba1d-f317ceeb0ceb<-988115cd-21c9-4558-b198-f2cedd98ccf3#0:FAIL-t70] and 0 exception(s); c52c3de9-0ed1-4f2b-ba1d-f317ceeb0ceb@group-20BE3FF63202:t70, leader=null, voted=c52c3de9-0ed1-4f2b-ba1d-f317ceeb0ceb, raftlog=c52c3de9-0ed1-4f2b-ba1d-f317ceeb0ceb@group-20BE3FF63202-SegmentedRaftLog:OPENED:c-1,f-1,i0, conf=-1: [24274e9f-e41f-4654-9afc-a783ca44e44b:192.168.69.67:35902, 988115cd-21c9-4558-b198-f2cedd98ccf3:192.168.69.67:44208, c52c3de9-0ed1-4f2b-ba1d-f317ceeb0ceb:192.168.69.67:37615], old=null
2019-10-18 07:14:08,800 [c52c3de9-0ed1-4f2b-ba1d-f317ceeb0ceb@group-20BE3FF63202-LeaderElection76] INFO  impl.RaftServerImpl (RaftServerImpl.java:setRole(184)) - c52c3de9-0ed1-4f2b-ba1d-f317ceeb0ceb@group-20BE3FF63202: changes role from CANDIDATE to FOLLOWER at term 70 for DISCOVERED_A_NEW_TERM
2019-10-18 07:14:08,801 [c52c3de9-0ed1-4f2b-ba1d-f317ceeb0ceb@group-20BE3FF63202-LeaderElection76] INFO  impl.RoleInfo (RoleInfo.java:shutdownLeaderElection(134)) - c52c3de9-0ed1-4f2b-ba1d-f317ceeb0ceb: shutdown LeaderElection
2019-10-18 07:14:08,801 [c52c3de9-0ed1-4f2b-ba1d-f317ceeb0ceb@group-20BE3FF63202-LeaderElection76] INFO  impl.RoleInfo (RoleInfo.java:updateAndGet(143)) - c52c3de9-0ed1-4f2b-ba1d-f317ceeb0ceb: start FollowerState
2019-10-18 07:14:08,895 [Thread-834] INFO  impl.FollowerState (FollowerState.java:run(108)) - c52c3de9-0ed1-4f2b-ba1d-f317ceeb0ceb@group-20BE3FF63202-FollowerState: change to CANDIDATE, lastRpcTime:94ms, electionTimeout:94ms
2019-10-18 07:14:08,896 [Thread-834] INFO  impl.RoleInfo (RoleInfo.java:shutdownFollowerState(121)) - c52c3de9-0ed1-4f2b-ba1d-f317ceeb0ceb: shutdown FollowerState
2019-10-18 07:14:08,896 [Thread-834] INFO  impl.RaftServerImpl (RaftServerImpl.java:setRole(184)) - c52c3de9-0ed1-4f2b-ba1d-f317ceeb0ceb@group-20BE3FF63202: changes role from  FOLLOWER to CANDIDATE at term 70 for changeToCandidate
2019-10-18 07:14:08,896 [Thread-834] INFO  impl.RoleInfo (RoleInfo.java:updateAndGet(143)) - c52c3de9-0ed1-4f2b-ba1d-f317ceeb0ceb: start LeaderElection
2019-10-18 07:14:08,940 [c52c3de9-0ed1-4f2b-ba1d-f317ceeb0ceb@group-20BE3FF63202-LeaderElection77] INFO  impl.LeaderElection (LeaderElection.java:askForVotes(178)) - c52c3de9-0ed1-4f2b-ba1d-f317ceeb0ceb@group-20BE3FF63202-LeaderElection77: begin an election at term 71 for -1: [24274e9f-e41f-4654-9afc-a783ca44e44b:192.168.69.67:35902, 988115cd-21c9-4558-b198-f2cedd98ccf3:192.168.69.67:44208, c52c3de9-0ed1-4f2b-ba1d-f317ceeb0ceb:192.168.69.67:37615], old=null
2019-10-18 07:14:08,943 [grpc-default-executor-1] INFO  impl.RaftServerImpl (RaftServerImpl.java:setRole(184)) - 24274e9f-e41f-4654-9afc-a783ca44e44b@group-20BE3FF63202: changes role from  FOLLOWER to FOLLOWER at term 71 for recognizeCandidate:c52c3de9-0ed1-4f2b-ba1d-f317ceeb0ceb
2019-10-18 07:14:08,943 [grpc-default-executor-0] INFO  impl.RaftServerImpl (RaftServerImpl.java:setRole(184)) - 988115cd-21c9-4558-b198-f2cedd98ccf3@group-20BE3FF63202: changes role from  FOLLOWER to FOLLOWER at term 71 for recognizeCandidate:c52c3de9-0ed1-4f2b-ba1d-f317ceeb0ceb
2019-10-18 07:14:08,944 [grpc-default-executor-1] INFO  impl.RoleInfo (RoleInfo.java:shutdownFollowerState(121)) - 24274e9f-e41f-4654-9afc-a783ca44e44b: shutdown FollowerState
2019-10-18 07:14:08,944 [grpc-default-executor-0] INFO  impl.RoleInfo (RoleInfo.java:shutdownFollowerState(121)) - 988115cd-21c9-4558-b198-f2cedd98ccf3: shutdown FollowerState
2019-10-18 07:14:08,944 [Thread-832] INFO  impl.FollowerState (FollowerState.java:run(117)) - 24274e9f-e41f-4654-9afc-a783ca44e44b@group-20BE3FF63202-FollowerState was interrupted: java.lang.InterruptedException: sleep interrupted
2019-10-18 07:14:08,944 [grpc-default-executor-1] INFO  impl.RoleInfo (RoleInfo.java:updateAndGet(143)) - 24274e9f-e41f-4654-9afc-a783ca44e44b: start FollowerState
2019-10-18 07:14:08,944 [Thread-833] INFO  impl.FollowerState (FollowerState.java:run(117)) - 988115cd-21c9-4558-b198-f2cedd98ccf3@group-20BE3FF63202-FollowerState was interrupted: java.lang.InterruptedException: sleep interrupted
2019-10-18 07:14:08,944 [grpc-default-executor-0] INFO  impl.RoleInfo (RoleInfo.java:updateAndGet(143)) - 988115cd-21c9-4558-b198-f2cedd98ccf3: start FollowerState
2019-10-18 07:14:08,977 [c52c3de9-0ed1-4f2b-ba1d-f317ceeb0ceb@group-20BE3FF63202-LeaderElection77] INFO  impl.LeaderElection (LeaderElection.java:logAndReturn(56)) - c52c3de9-0ed1-4f2b-ba1d-f317ceeb0ceb@group-20BE3FF63202-LeaderElection77: Election REJECTED; received 2 response(s) [c52c3de9-0ed1-4f2b-ba1d-f317ceeb0ceb<-24274e9f-e41f-4654-9afc-a783ca44e44b#0:FAIL-t71, c52c3de9-0ed1-4f2b-ba1d-f317ceeb0ceb<-988115cd-21c9-4558-b198-f2cedd98ccf3#0:FAIL-t71] and 0 exception(s); c52c3de9-0ed1-4f2b-ba1d-f317ceeb0ceb@group-20BE3FF63202:t71, leader=null, voted=c52c3de9-0ed1-4f2b-ba1d-f317ceeb0ceb, raftlog=c52c3de9-0ed1-4f2b-ba1d-f317ceeb0ceb@group-20BE3FF63202-SegmentedRaftLog:OPENED:c-1,f-1,i0, conf=-1: [24274e9f-e41f-4654-9afc-a783ca44e44b:192.168.69.67:35902, 988115cd-21c9-4558-b198-f2cedd98ccf3:192.168.69.67:44208, c52c3de9-0ed1-4f2b-ba1d-f317ceeb0ceb:192.168.69.67:37615], old=null
2019-10-18 07:14:08,977 [c52c3de9-0ed1-4f2b-ba1d-f317ceeb0ceb@group-20BE3FF63202-LeaderElection77] INFO  impl.RaftServerImpl (RaftServerImpl.java:setRole(184)) - c52c3de9-0ed1-4f2b-ba1d-f317ceeb0ceb@group-20BE3FF63202: changes role from CANDIDATE to FOLLOWER at term 71 for DISCOVERED_A_NEW_TERM
2019-10-18 07:14:08,977 [c52c3de9-0ed1-4f2b-ba1d-f317ceeb0ceb@group-20BE3FF63202-LeaderElection77] INFO  impl.RoleInfo (RoleInfo.java:shutdownLeaderElection(134)) - c52c3de9-0ed1-4f2b-ba1d-f317ceeb0ceb: shutdown LeaderElection
2019-10-18 07:14:08,977 [c52c3de9-0ed1-4f2b-ba1d-f317ceeb0ceb@group-20BE3FF63202-LeaderElection77] INFO  impl.RoleInfo (RoleInfo.java:updateAndGet(143)) - c52c3de9-0ed1-4f2b-ba1d-f317ceeb0ceb: start FollowerState
2019-10-18 07:14:09,046 [Thread-840] INFO  impl.FollowerState (FollowerState.java:run(108)) - c52c3de9-0ed1-4f2b-ba1d-f317ceeb0ceb@group-20BE3FF63202-FollowerState: change to CANDIDATE, lastRpcTime:68ms, electionTimeout:68ms
2019-10-18 07:14:09,046 [Thread-840] INFO  impl.RoleInfo (RoleInfo.java:shutdownFollowerState(121)) - c52c3de9-0ed1-4f2b-ba1d-f317ceeb0ceb: shutdown FollowerState
2019-10-18 07:14:09,046 [Thread-840] INFO  impl.RaftServerImpl (RaftServerImpl.java:setRole(184)) - c52c3de9-0ed1-4f2b-ba1d-f317ceeb0ceb@group-20BE3FF63202: changes role from  FOLLOWER to CANDIDATE at term 71 for changeToCandidate
2019-10-18 07:14:09,047 [Thread-840] INFO  impl.RoleInfo (RoleInfo.java:updateAndGet(143)) - c52c3de9-0ed1-4f2b-ba1d-f317ceeb0ceb: start LeaderElection
2019-10-18 07:14:09,077 [c52c3de9-0ed1-4f2b-ba1d-f317ceeb0ceb@group-20BE3FF63202-LeaderElection78] INFO  impl.LeaderElection (LeaderElection.java:askForVotes(178)) - c52c3de9-0ed1-4f2b-ba1d-f317ceeb0ceb@group-20BE3FF63202-LeaderElection78: begin an election at term 72 for -1: [24274e9f-e41f-4654-9afc-a783ca44e44b:192.168.69.67:35902, 988115cd-21c9-4558-b198-f2cedd98ccf3:192.168.69.67:44208, c52c3de9-0ed1-4f2b-ba1d-f317ceeb0ceb:192.168.69.67:37615], old=null
2019-10-18 07:14:09,081 [grpc-default-executor-1] INFO  impl.RaftServerImpl (RaftServerImpl.java:setRole(184)) - 24274e9f-e41f-4654-9afc-a783ca44e44b@group-20BE3FF63202: changes role from  FOLLOWER to FOLLOWER at term 72 for recognizeCandidate:c52c3de9-0ed1-4f2b-ba1d-f317ceeb0ceb
2019-10-18 07:14:09,081 [grpc-default-executor-1] INFO  impl.RoleInfo (RoleInfo.java:shutdownFollowerState(121)) - 24274e9f-e41f-4654-9afc-a783ca44e44b: shutdown FollowerState
2019-10-18 07:14:09,081 [grpc-default-executor-0] INFO  impl.RaftServerImpl (RaftServerImpl.java:setRole(184)) - 988115cd-21c9-4558-b198-f2cedd98ccf3@group-20BE3FF63202: changes role from  FOLLOWER to FOLLOWER at term 72 for recognizeCandidate:c52c3de9-0ed1-4f2b-ba1d-f317ceeb0ceb
2019-10-18 07:14:09,082 [grpc-default-executor-0] INFO  impl.RoleInfo (RoleInfo.java:shutdownFollowerState(121)) - 988115cd-21c9-4558-b198-f2cedd98ccf3: shutdown FollowerState
2019-10-18 07:14:09,082 [Thread-838] INFO  impl.FollowerState (FollowerState.java:run(117)) - 24274e9f-e41f-4654-9afc-a783ca44e44b@group-20BE3FF63202-FollowerState was interrupted: java.lang.InterruptedException: sleep interrupted
2019-10-18 07:14:09,082 [grpc-default-executor-1] INFO  impl.RoleInfo (RoleInfo.java:updateAndGet(143)) - 24274e9f-e41f-4654-9afc-a783ca44e44b: start FollowerState
2019-10-18 07:14:09,082 [Thread-839] INFO  impl.FollowerState (FollowerState.java:run(117)) - 988115cd-21c9-4558-b198-f2cedd98ccf3@group-20BE3FF63202-FollowerState was interrupted: java.lang.InterruptedException: sleep interrupted
2019-10-18 07:14:09,082 [grpc-default-executor-0] INFO  impl.RoleInfo (RoleInfo.java:updateAndGet(143)) - 988115cd-21c9-4558-b198-f2cedd98ccf3: start FollowerState
2019-10-18 07:14:09,115 [c52c3de9-0ed1-4f2b-ba1d-f317ceeb0ceb@group-20BE3FF63202-LeaderElection78] INFO  impl.LeaderElection (LeaderElection.java:logAndReturn(56)) - c52c3de9-0ed1-4f2b-ba1d-f317ceeb0ceb@group-20BE3FF63202-LeaderElection78: Election TIMEOUT; received 0 response(s) [] and 0 exception(s); c52c3de9-0ed1-4f2b-ba1d-f317ceeb0ceb@group-20BE3FF63202:t72, leader=null, voted=c52c3de9-0ed1-4f2b-ba1d-f317ceeb0ceb, raftlog=c52c3de9-0ed1-4f2b-ba1d-f317ceeb0ceb@group-20BE3FF63202-SegmentedRaftLog:OPENED:c-1,f-1,i0, conf=-1: [24274e9f-e41f-4654-9afc-a783ca44e44b:192.168.69.67:35902, 988115cd-21c9-4558-b198-f2cedd98ccf3:192.168.69.67:44208, c52c3de9-0ed1-4f2b-ba1d-f317ceeb0ceb:192.168.69.67:37615], old=null
2019-10-18 07:14:09,156 [c52c3de9-0ed1-4f2b-ba1d-f317ceeb0ceb@group-20BE3FF63202-LeaderElection78] INFO  impl.LeaderElection (LeaderElection.java:askForVotes(178)) - c52c3de9-0ed1-4f2b-ba1d-f317ceeb0ceb@group-20BE3FF63202-LeaderElection78: begin an election at term 73 for -1: [24274e9f-e41f-4654-9afc-a783ca44e44b:192.168.69.67:35902, 988115cd-21c9-4558-b198-f2cedd98ccf3:192.168.69.67:44208, c52c3de9-0ed1-4f2b-ba1d-f317ceeb0ceb:192.168.69.67:37615], old=null
2019-10-18 07:14:09,158 [grpc-default-executor-1] INFO  impl.RaftServerImpl (RaftServerImpl.java:setRole(184)) - 24274e9f-e41f-4654-9afc-a783ca44e44b@group-20BE3FF63202: changes role from  FOLLOWER to FOLLOWER at term 73 for recognizeCandidate:c52c3de9-0ed1-4f2b-ba1d-f317ceeb0ceb
2019-10-18 07:14:09,158 [grpc-default-executor-1] INFO  impl.RoleInfo (RoleInfo.java:shutdownFollowerState(121)) - 24274e9f-e41f-4654-9afc-a783ca44e44b: shutdown FollowerState
2019-10-18 07:14:09,159 [grpc-default-executor-1] INFO  impl.RoleInfo (RoleInfo.java:updateAndGet(143)) - 24274e9f-e41f-4654-9afc-a783ca44e44b: start FollowerState
2019-10-18 07:14:09,159 [grpc-default-executor-0] INFO  impl.RaftServerImpl (RaftServerImpl.java:setRole(184)) - 988115cd-21c9-4558-b198-f2cedd98ccf3@group-20BE3FF63202: changes role from  FOLLOWER to FOLLOWER at term 73 for recognizeCandidate:c52c3de9-0ed1-4f2b-ba1d-f317ceeb0ceb
2019-10-18 07:14:09,159 [Thread-844] INFO  impl.FollowerState (FollowerState.java:run(117)) - 24274e9f-e41f-4654-9afc-a783ca44e44b@group-20BE3FF63202-FollowerState was interrupted: java.lang.InterruptedException: sleep interrupted
2019-10-18 07:14:09,159 [grpc-default-executor-0] INFO  impl.RoleInfo (RoleInfo.java:shutdownFollowerState(121)) - 988115cd-21c9-4558-b198-f2cedd98ccf3: shutdown FollowerState
2019-10-18 07:14:09,159 [grpc-default-executor-0] INFO  impl.RoleInfo (RoleInfo.java:updateAndGet(143)) - 988115cd-21c9-4558-b198-f2cedd98ccf3: start FollowerState
2019-10-18 07:14:09,159 [Thread-845] INFO  impl.FollowerState (FollowerState.java:run(117)) - 988115cd-21c9-4558-b198-f2cedd98ccf3@group-20BE3FF63202-FollowerState was interrupted: java.lang.InterruptedException: sleep interrupted
2019-10-18 07:14:09,212 [c52c3de9-0ed1-4f2b-ba1d-f317ceeb0ceb@group-20BE3FF63202-LeaderElection78] INFO  impl.LeaderElection (LeaderElection.java:logAndReturn(56)) - c52c3de9-0ed1-4f2b-ba1d-f317ceeb0ceb@group-20BE3FF63202-LeaderElection78: Election REJECTED; received 2 response(s) [c52c3de9-0ed1-4f2b-ba1d-f317ceeb0ceb<-24274e9f-e41f-4654-9afc-a783ca44e44b#0:FAIL-t73, c52c3de9-0ed1-4f2b-ba1d-f317ceeb0ceb<-988115cd-21c9-4558-b198-f2cedd98ccf3#0:FAIL-t73] and 0 exception(s); c52c3de9-0ed1-4f2b-ba1d-f317ceeb0ceb@group-20BE3FF63202:t73, leader=null, voted=c52c3de9-0ed1-4f2b-ba1d-f317ceeb0ceb, raftlog=c52c3de9-0ed1-4f2b-ba1d-f317ceeb0ceb@group-20BE3FF63202-SegmentedRaftLog:OPENED:c-1,f-1,i0, conf=-1: [24274e9f-e41f-4654-9afc-a783ca44e44b:192.168.69.67:35902, 988115cd-21c9-4558-b198-f2cedd98ccf3:192.168.69.67:44208, c52c3de9-0ed1-4f2b-ba1d-f317ceeb0ceb:192.168.69.67:37615], old=null
2019-10-18 07:14:09,212 [c52c3de9-0ed1-4f2b-ba1d-f317ceeb0ceb@group-20BE3FF63202-LeaderElection78] INFO  impl.RaftServerImpl (RaftServerImpl.java:setRole(184)) - c52c3de9-0ed1-4f2b-ba1d-f317ceeb0ceb@group-20BE3FF63202: changes role from CANDIDATE to FOLLOWER at term 73 for DISCOVERED_A_NEW_TERM
2019-10-18 07:14:09,212 [c52c3de9-0ed1-4f2b-ba1d-f317ceeb0ceb@group-20BE3FF63202-LeaderElection78] INFO  impl.RoleInfo (RoleInfo.java:shutdownLeaderElection(134)) - c52c3de9-0ed1-4f2b-ba1d-f317ceeb0ceb: shutdown LeaderElection
2019-10-18 07:14:09,213 [c52c3de9-0ed1-4f2b-ba1d-f317ceeb0ceb@group-20BE3FF63202-LeaderElection78] INFO  impl.RoleInfo (RoleInfo.java:updateAndGet(143)) - c52c3de9-0ed1-4f2b-ba1d-f317ceeb0ceb: start FollowerState
2019-10-18 07:14:09,283 [Thread-850] INFO  impl.FollowerState (FollowerState.java:run(108)) - c52c3de9-0ed1-4f2b-ba1d-f317ceeb0ceb@group-20BE3FF63202-FollowerState: change to CANDIDATE, lastRpcTime:70ms, electionTimeout:70ms
2019-10-18 07:14:09,283 [Thread-850] INFO  impl.RoleInfo (RoleInfo.java:shutdownFollowerState(121)) - c52c3de9-0ed1-4f2b-ba1d-f317ceeb0ceb: shutdown FollowerState
2019-10-18 07:14:09,284 [Thread-850] INFO  impl.RaftServerImpl (RaftServerImpl.java:setRole(184)) - c52c3de9-0ed1-4f2b-ba1d-f317ceeb0ceb@group-20BE3FF63202: changes role from  FOLLOWER to CANDIDATE at term 73 for changeToCandidate
2019-10-18 07:14:09,284 [Thread-850] INFO  impl.RoleInfo (RoleInfo.java:updateAndGet(143)) - c52c3de9-0ed1-4f2b-ba1d-f317ceeb0ceb: start LeaderElection
2019-10-18 07:14:09,324 [c52c3de9-0ed1-4f2b-ba1d-f317ceeb0ceb@group-20BE3FF63202-LeaderElection79] INFO  impl.LeaderElection (LeaderElection.java:askForVotes(178)) - c52c3de9-0ed1-4f2b-ba1d-f317ceeb0ceb@group-20BE3FF63202-LeaderElection79: begin an election at term 74 for -1: [24274e9f-e41f-4654-9afc-a783ca44e44b:192.168.69.67:35902, 988115cd-21c9-4558-b198-f2cedd98ccf3:192.168.69.67:44208, c52c3de9-0ed1-4f2b-ba1d-f317ceeb0ceb:192.168.69.67:37615], old=null
2019-10-18 07:14:09,327 [grpc-default-executor-1] INFO  impl.RaftServerImpl (RaftServerImpl.java:setRole(184)) - 24274e9f-e41f-4654-9afc-a783ca44e44b@group-20BE3FF63202: changes role from  FOLLOWER to FOLLOWER at term 74 for recognizeCandidate:c52c3de9-0ed1-4f2b-ba1d-f317ceeb0ceb
2019-10-18 07:14:09,327 [grpc-default-executor-1] INFO  impl.RoleInfo (RoleInfo.java:shutdownFollowerState(121)) - 24274e9f-e41f-4654-9afc-a783ca44e44b: shutdown FollowerState
2019-10-18 07:14:09,328 [grpc-default-executor-0] INFO  impl.RaftServerImpl (RaftServerImpl.java:setRole(184)) - 988115cd-21c9-4558-b198-f2cedd98ccf3@group-20BE3FF63202: changes role from  FOLLOWER to FOLLOWER at term 74 for recognizeCandidate:c52c3de9-0ed1-4f2b-ba1d-f317ceeb0ceb
2019-10-18 07:14:09,328 [Thread-848] INFO  impl.FollowerState (FollowerState.java:run(117)) - 24274e9f-e41f-4654-9afc-a783ca44e44b@group-20BE3FF63202-FollowerState was interrupted: java.lang.InterruptedException: sleep interrupted
2019-10-18 07:14:09,328 [grpc-default-executor-1] INFO  impl.RoleInfo (RoleInfo.java:updateAndGet(143)) - 24274e9f-e41f-4654-9afc-a783ca44e44b: start FollowerState
2019-10-18 07:14:09,328 [grpc-default-executor-0] INFO  impl.RoleInfo (RoleInfo.java:shutdownFollowerState(121)) - 988115cd-21c9-4558-b198-f2cedd98ccf3: shutdown FollowerState
2019-10-18 07:14:09,328 [grpc-default-executor-0] INFO  impl.RoleInfo (RoleInfo.java:updateAndGet(143)) - 988115cd-21c9-4558-b198-f2cedd98ccf3: start FollowerState
2019-10-18 07:14:09,329 [Thread-849] INFO  impl.FollowerState (FollowerState.java:run(117)) - 988115cd-21c9-4558-b198-f2cedd98ccf3@group-20BE3FF63202-FollowerState was interrupted: java.lang.InterruptedException: sleep interrupted
2019-10-18 07:14:09,366 [c52c3de9-0ed1-4f2b-ba1d-f317ceeb0ceb@group-20BE3FF63202-LeaderElection79] INFO  impl.LeaderElection (LeaderElection.java:logAndReturn(56)) - c52c3de9-0ed1-4f2b-ba1d-f317ceeb0ceb@group-20BE3FF63202-LeaderElection79: Election TIMEOUT; received 1 response(s) [c52c3de9-0ed1-4f2b-ba1d-f317ceeb0ceb<-988115cd-21c9-4558-b198-f2cedd98ccf3#0:FAIL-t74] and 0 exception(s); c52c3de9-0ed1-4f2b-ba1d-f317ceeb0ceb@group-20BE3FF63202:t74, leader=null, voted=c52c3de9-0ed1-4f2b-ba1d-f317ceeb0ceb, raftlog=c52c3de9-0ed1-4f2b-ba1d-f317ceeb0ceb@group-20BE3FF63202-SegmentedRaftLog:OPENED:c-1,f-1,i0, conf=-1: [24274e9f-e41f-4654-9afc-a783ca44e44b:192.168.69.67:35902, 988115cd-21c9-4558-b198-f2cedd98ccf3:192.168.69.67:44208, c52c3de9-0ed1-4f2b-ba1d-f317ceeb0ceb:192.168.69.67:37615], old=null
2019-10-18 07:14:09,411 [c52c3de9-0ed1-4f2b-ba1d-f317ceeb0ceb@group-20BE3FF63202-LeaderElection79] INFO  impl.LeaderElection (LeaderElection.java:askForVotes(178)) - c52c3de9-0ed1-4f2b-ba1d-f317ceeb0ceb@group-20BE3FF63202-LeaderElection79: begin an election at term 75 for -1: [24274e9f-e41f-4654-9afc-a783ca44e44b:192.168.69.67:35902, 988115cd-21c9-4558-b198-f2cedd98ccf3:192.168.69.67:44208, c52c3de9-0ed1-4f2b-ba1d-f317ceeb0ceb:192.168.69.67:37615], old=null
2019-10-18 07:14:09,415 [grpc-default-executor-0] INFO  impl.RaftServerImpl (RaftServerImpl.java:setRole(184)) - 988115cd-21c9-4558-b198-f2cedd98ccf3@group-20BE3FF63202: changes role from  FOLLOWER to FOLLOWER at term 75 for recognizeCandidate:c52c3de9-0ed1-4f2b-ba1d-f317ceeb0ceb
2019-10-18 07:14:09,415 [grpc-default-executor-1] INFO  impl.RaftServerImpl (RaftServerImpl.java:setRole(184)) - 24274e9f-e41f-4654-9afc-a783ca44e44b@group-20BE3FF63202: changes role from  FOLLOWER to FOLLOWER at term 75 for recognizeCandidate:c52c3de9-0ed1-4f2b-ba1d-f317ceeb0ceb
2019-10-18 07:14:09,416 [grpc-default-executor-0] INFO  impl.RoleInfo (RoleInfo.java:shutdownFollowerState(121)) - 988115cd-21c9-4558-b198-f2cedd98ccf3: shutdown FollowerState
2019-10-18 07:14:09,416 [grpc-default-executor-1] INFO  impl.RoleInfo (RoleInfo.java:shutdownFollowerState(121)) - 24274e9f-e41f-4654-9afc-a783ca44e44b: shutdown FollowerState
2019-10-18 07:14:09,416 [grpc-default-executor-0] INFO  impl.RoleInfo (RoleInfo.java:updateAndGet(143)) - 988115cd-21c9-4558-b198-f2cedd98ccf3: start FollowerState
2019-10-18 07:14:09,416 [Thread-854] INFO  impl.FollowerState (FollowerState.java:run(117)) - 24274e9f-e41f-4654-9afc-a783ca44e44b@group-20BE3FF63202-FollowerState was interrupted: java.lang.InterruptedException: sleep interrupted
2019-10-18 07:14:09,416 [grpc-default-executor-1] INFO  impl.RoleInfo (RoleInfo.java:updateAndGet(143)) - 24274e9f-e41f-4654-9afc-a783ca44e44b: start FollowerState
2019-10-18 07:14:09,416 [Thread-855] INFO  impl.FollowerState (FollowerState.java:run(117)) - 988115cd-21c9-4558-b198-f2cedd98ccf3@group-20BE3FF63202-FollowerState was interrupted: java.lang.InterruptedException: sleep interrupted
2019-10-18 07:14:09,441 [c52c3de9-0ed1-4f2b-ba1d-f317ceeb0ceb@group-20BE3FF63202-LeaderElection79] INFO  impl.LeaderElection (LeaderElection.java:logAndReturn(56)) - c52c3de9-0ed1-4f2b-ba1d-f317ceeb0ceb@group-20BE3FF63202-LeaderElection79: Election REJECTED; received 2 response(s) [c52c3de9-0ed1-4f2b-ba1d-f317ceeb0ceb<-24274e9f-e41f-4654-9afc-a783ca44e44b#0:FAIL-t75, c52c3de9-0ed1-4f2b-ba1d-f317ceeb0ceb<-988115cd-21c9-4558-b198-f2cedd98ccf3#0:FAIL-t75] and 0 exception(s); c52c3de9-0ed1-4f2b-ba1d-f317ceeb0ceb@group-20BE3FF63202:t75, leader=null, voted=c52c3de9-0ed1-4f2b-ba1d-f317ceeb0ceb, raftlog=c52c3de9-0ed1-4f2b-ba1d-f317ceeb0ceb@group-20BE3FF63202-SegmentedRaftLog:OPENED:c-1,f-1,i0, conf=-1: [24274e9f-e41f-4654-9afc-a783ca44e44b:192.168.69.67:35902, 988115cd-21c9-4558-b198-f2cedd98ccf3:192.168.69.67:44208, c52c3de9-0ed1-4f2b-ba1d-f317ceeb0ceb:192.168.69.67:37615], old=null
2019-10-18 07:14:09,441 [c52c3de9-0ed1-4f2b-ba1d-f317ceeb0ceb@group-20BE3FF63202-LeaderElection79] INFO  impl.RaftServerImpl (RaftServerImpl.java:setRole(184)) - c52c3de9-0ed1-4f2b-ba1d-f317ceeb0ceb@group-20BE3FF63202: changes role from CANDIDATE to FOLLOWER at term 75 for DISCOVERED_A_NEW_TERM
2019-10-18 07:14:09,441 [c52c3de9-0ed1-4f2b-ba1d-f317ceeb0ceb@group-20BE3FF63202-LeaderElection79] INFO  impl.RoleInfo (RoleInfo.java:shutdownLeaderElection(134)) - c52c3de9-0ed1-4f2b-ba1d-f317ceeb0ceb: shutdown LeaderElection
2019-10-18 07:14:09,442 [c52c3de9-0ed1-4f2b-ba1d-f317ceeb0ceb@group-20BE3FF63202-LeaderElection79] INFO  impl.RoleInfo (RoleInfo.java:updateAndGet(143)) - c52c3de9-0ed1-4f2b-ba1d-f317ceeb0ceb: start FollowerState
2019-10-18 07:14:09,445 [Thread-860] INFO  impl.FollowerState (FollowerState.java:run(108)) - c52c3de9-0ed1-4f2b-ba1d-f317ceeb0ceb@group-20BE3FF63202-FollowerState: change to CANDIDATE, lastRpcTime:3ms, electionTimeout:3ms
2019-10-18 07:14:09,445 [Thread-860] INFO  impl.RoleInfo (RoleInfo.java:shutdownFollowerState(121)) - c52c3de9-0ed1-4f2b-ba1d-f317ceeb0ceb: shutdown FollowerState
2019-10-18 07:14:09,446 [Thread-860] INFO  impl.RaftServerImpl (RaftServerImpl.java:setRole(184)) - c52c3de9-0ed1-4f2b-ba1d-f317ceeb0ceb@group-20BE3FF63202: changes role from  FOLLOWER to CANDIDATE at term 75 for changeToCandidate
2019-10-18 07:14:09,446 [Thread-860] INFO  impl.RoleInfo (RoleInfo.java:updateAndGet(143)) - c52c3de9-0ed1-4f2b-ba1d-f317ceeb0ceb: start LeaderElection
2019-10-18 07:14:09,464 [main] INFO  ozone.MiniOzoneClusterImpl (MiniOzoneClusterImpl.java:lambda$waitForClusterToBeReady$2(164)) - Waiting for 1 number of pipelines out of 9, to report a leader.
2019-10-18 07:14:09,486 [c52c3de9-0ed1-4f2b-ba1d-f317ceeb0ceb@group-20BE3FF63202-LeaderElection80] INFO  impl.LeaderElection (LeaderElection.java:askForVotes(178)) - c52c3de9-0ed1-4f2b-ba1d-f317ceeb0ceb@group-20BE3FF63202-LeaderElection80: begin an election at term 76 for -1: [24274e9f-e41f-4654-9afc-a783ca44e44b:192.168.69.67:35902, 988115cd-21c9-4558-b198-f2cedd98ccf3:192.168.69.67:44208, c52c3de9-0ed1-4f2b-ba1d-f317ceeb0ceb:192.168.69.67:37615], old=null
2019-10-18 07:14:09,489 [grpc-default-executor-1] INFO  impl.RaftServerImpl (RaftServerImpl.java:setRole(184)) - 24274e9f-e41f-4654-9afc-a783ca44e44b@group-20BE3FF63202: changes role from  FOLLOWER to FOLLOWER at term 76 for recognizeCandidate:c52c3de9-0ed1-4f2b-ba1d-f317ceeb0ceb
2019-10-18 07:14:09,489 [grpc-default-executor-0] INFO  impl.RaftServerImpl (RaftServerImpl.java:setRole(184)) - 988115cd-21c9-4558-b198-f2cedd98ccf3@group-20BE3FF63202: changes role from  FOLLOWER to FOLLOWER at term 76 for recognizeCandidate:c52c3de9-0ed1-4f2b-ba1d-f317ceeb0ceb
2019-10-18 07:14:09,489 [grpc-default-executor-1] INFO  impl.RoleInfo (RoleInfo.java:shutdownFollowerState(121)) - 24274e9f-e41f-4654-9afc-a783ca44e44b: shutdown FollowerState
2019-10-18 07:14:09,489 [grpc-default-executor-0] INFO  impl.RoleInfo (RoleInfo.java:shutdownFollowerState(121)) - 988115cd-21c9-4558-b198-f2cedd98ccf3: shutdown FollowerState
2019-10-18 07:14:09,489 [Thread-859] INFO  impl.FollowerState (FollowerState.java:run(117)) - 24274e9f-e41f-4654-9afc-a783ca44e44b@group-20BE3FF63202-FollowerState was interrupted: java.lang.InterruptedException: sleep interrupted
2019-10-18 07:14:09,489 [grpc-default-executor-1] INFO  impl.RoleInfo (RoleInfo.java:updateAndGet(143)) - 24274e9f-e41f-4654-9afc-a783ca44e44b: start FollowerState
2019-10-18 07:14:09,490 [Thread-858] INFO  impl.FollowerState (FollowerState.java:run(117)) - 988115cd-21c9-4558-b198-f2cedd98ccf3@group-20BE3FF63202-FollowerState was interrupted: java.lang.InterruptedException: sleep interrupted
2019-10-18 07:14:09,490 [grpc-default-executor-0] INFO  impl.RoleInfo (RoleInfo.java:updateAndGet(143)) - 988115cd-21c9-4558-b198-f2cedd98ccf3: start FollowerState
2019-10-18 07:14:09,518 [c52c3de9-0ed1-4f2b-ba1d-f317ceeb0ceb@group-20BE3FF63202-LeaderElection80] INFO  impl.LeaderElection (LeaderElection.java:logAndReturn(56)) - c52c3de9-0ed1-4f2b-ba1d-f317ceeb0ceb@group-20BE3FF63202-LeaderElection80: Election REJECTED; received 2 response(s) [c52c3de9-0ed1-4f2b-ba1d-f317ceeb0ceb<-24274e9f-e41f-4654-9afc-a783ca44e44b#0:FAIL-t76, c52c3de9-0ed1-4f2b-ba1d-f317ceeb0ceb<-988115cd-21c9-4558-b198-f2cedd98ccf3#0:FAIL-t76] and 0 exception(s); c52c3de9-0ed1-4f2b-ba1d-f317ceeb0ceb@group-20BE3FF63202:t76, leader=null, voted=c52c3de9-0ed1-4f2b-ba1d-f317ceeb0ceb, raftlog=c52c3de9-0ed1-4f2b-ba1d-f317ceeb0ceb@group-20BE3FF63202-SegmentedRaftLog:OPENED:c-1,f-1,i0, conf=-1: [24274e9f-e41f-4654-9afc-a783ca44e44b:192.168.69.67:35902, 988115cd-21c9-4558-b198-f2cedd98ccf3:192.168.69.67:44208, c52c3de9-0ed1-4f2b-ba1d-f317ceeb0ceb:192.168.69.67:37615], old=null
2019-10-18 07:14:09,518 [c52c3de9-0ed1-4f2b-ba1d-f317ceeb0ceb@group-20BE3FF63202-LeaderElection80] INFO  impl.RaftServerImpl (RaftServerImpl.java:setRole(184)) - c52c3de9-0ed1-4f2b-ba1d-f317ceeb0ceb@group-20BE3FF63202: changes role from CANDIDATE to FOLLOWER at term 76 for DISCOVERED_A_NEW_TERM
2019-10-18 07:14:09,518 [c52c3de9-0ed1-4f2b-ba1d-f317ceeb0ceb@group-20BE3FF63202-LeaderElection80] INFO  impl.RoleInfo (RoleInfo.java:shutdownLeaderElection(134)) - c52c3de9-0ed1-4f2b-ba1d-f317ceeb0ceb: shutdown LeaderElection
2019-10-18 07:14:09,518 [c52c3de9-0ed1-4f2b-ba1d-f317ceeb0ceb@group-20BE3FF63202-LeaderElection80] INFO  impl.RoleInfo (RoleInfo.java:updateAndGet(143)) - c52c3de9-0ed1-4f2b-ba1d-f317ceeb0ceb: start FollowerState
2019-10-18 07:14:09,648 [Thread-866] INFO  impl.FollowerState (FollowerState.java:run(108)) - c52c3de9-0ed1-4f2b-ba1d-f317ceeb0ceb@group-20BE3FF63202-FollowerState: change to CANDIDATE, lastRpcTime:129ms, electionTimeout:129ms
2019-10-18 07:14:09,648 [Thread-866] INFO  impl.RoleInfo (RoleInfo.java:shutdownFollowerState(121)) - c52c3de9-0ed1-4f2b-ba1d-f317ceeb0ceb: shutdown FollowerState
2019-10-18 07:14:09,648 [Thread-866] INFO  impl.RaftServerImpl (RaftServerImpl.java:setRole(184)) - c52c3de9-0ed1-4f2b-ba1d-f317ceeb0ceb@group-20BE3FF63202: changes role from  FOLLOWER to CANDIDATE at term 76 for changeToCandidate
2019-10-18 07:14:09,649 [Thread-866] INFO  impl.RoleInfo (RoleInfo.java:updateAndGet(143)) - c52c3de9-0ed1-4f2b-ba1d-f317ceeb0ceb: start LeaderElection
2019-10-18 07:14:09,706 [c52c3de9-0ed1-4f2b-ba1d-f317ceeb0ceb@group-20BE3FF63202-LeaderElection81] INFO  impl.LeaderElection (LeaderElection.java:askForVotes(178)) - c52c3de9-0ed1-4f2b-ba1d-f317ceeb0ceb@group-20BE3FF63202-LeaderElection81: begin an election at term 77 for -1: [24274e9f-e41f-4654-9afc-a783ca44e44b:192.168.69.67:35902, 988115cd-21c9-4558-b198-f2cedd98ccf3:192.168.69.67:44208, c52c3de9-0ed1-4f2b-ba1d-f317ceeb0ceb:192.168.69.67:37615], old=null
2019-10-18 07:14:09,709 [grpc-default-executor-1] INFO  impl.RaftServerImpl (RaftServerImpl.java:setRole(184)) - 988115cd-21c9-4558-b198-f2cedd98ccf3@group-20BE3FF63202: changes role from  FOLLOWER to FOLLOWER at term 77 for recognizeCandidate:c52c3de9-0ed1-4f2b-ba1d-f317ceeb0ceb
2019-10-18 07:14:09,709 [grpc-default-executor-0] INFO  impl.RaftServerImpl (RaftServerImpl.java:setRole(184)) - 24274e9f-e41f-4654-9afc-a783ca44e44b@group-20BE3FF63202: changes role from  FOLLOWER to FOLLOWER at term 77 for recognizeCandidate:c52c3de9-0ed1-4f2b-ba1d-f317ceeb0ceb
2019-10-18 07:14:09,710 [grpc-default-executor-1] INFO  impl.RoleInfo (RoleInfo.java:shutdownFollowerState(121)) - 988115cd-21c9-4558-b198-f2cedd98ccf3: shutdown FollowerState
2019-10-18 07:14:09,710 [grpc-default-executor-0] INFO  impl.RoleInfo (RoleInfo.java:shutdownFollowerState(121)) - 24274e9f-e41f-4654-9afc-a783ca44e44b: shutdown FollowerState
2019-10-18 07:14:09,710 [Thread-865] INFO  impl.FollowerState (FollowerState.java:run(117)) - 988115cd-21c9-4558-b198-f2cedd98ccf3@group-20BE3FF63202-FollowerState was interrupted: java.lang.InterruptedException: sleep interrupted
2019-10-18 07:14:09,710 [grpc-default-executor-1] INFO  impl.RoleInfo (RoleInfo.java:updateAndGet(143)) - 988115cd-21c9-4558-b198-f2cedd98ccf3: start FollowerState
2019-10-18 07:14:09,711 [Thread-864] INFO  impl.FollowerState (FollowerState.java:run(117)) - 24274e9f-e41f-4654-9afc-a783ca44e44b@group-20BE3FF63202-FollowerState was interrupted: java.lang.InterruptedException: sleep interrupted
2019-10-18 07:14:09,710 [grpc-default-executor-0] INFO  impl.RoleInfo (RoleInfo.java:updateAndGet(143)) - 24274e9f-e41f-4654-9afc-a783ca44e44b: start FollowerState
2019-10-18 07:14:09,761 [c52c3de9-0ed1-4f2b-ba1d-f317ceeb0ceb@group-20BE3FF63202-LeaderElection81] INFO  impl.LeaderElection (LeaderElection.java:logAndReturn(56)) - c52c3de9-0ed1-4f2b-ba1d-f317ceeb0ceb@group-20BE3FF63202-LeaderElection81: Election REJECTED; received 2 response(s) [c52c3de9-0ed1-4f2b-ba1d-f317ceeb0ceb<-24274e9f-e41f-4654-9afc-a783ca44e44b#0:FAIL-t77, c52c3de9-0ed1-4f2b-ba1d-f317ceeb0ceb<-988115cd-21c9-4558-b198-f2cedd98ccf3#0:FAIL-t77] and 0 exception(s); c52c3de9-0ed1-4f2b-ba1d-f317ceeb0ceb@group-20BE3FF63202:t77, leader=null, voted=c52c3de9-0ed1-4f2b-ba1d-f317ceeb0ceb, raftlog=c52c3de9-0ed1-4f2b-ba1d-f317ceeb0ceb@group-20BE3FF63202-SegmentedRaftLog:OPENED:c-1,f-1,i0, conf=-1: [24274e9f-e41f-4654-9afc-a783ca44e44b:192.168.69.67:35902, 988115cd-21c9-4558-b198-f2cedd98ccf3:192.168.69.67:44208, c52c3de9-0ed1-4f2b-ba1d-f317ceeb0ceb:192.168.69.67:37615], old=null
2019-10-18 07:14:09,761 [c52c3de9-0ed1-4f2b-ba1d-f317ceeb0ceb@group-20BE3FF63202-LeaderElection81] INFO  impl.RaftServerImpl (RaftServerImpl.java:setRole(184)) - c52c3de9-0ed1-4f2b-ba1d-f317ceeb0ceb@group-20BE3FF63202: changes role from CANDIDATE to FOLLOWER at term 77 for DISCOVERED_A_NEW_TERM
2019-10-18 07:14:09,761 [c52c3de9-0ed1-4f2b-ba1d-f317ceeb0ceb@group-20BE3FF63202-LeaderElection81] INFO  impl.RoleInfo (RoleInfo.java:shutdownLeaderElection(134)) - c52c3de9-0ed1-4f2b-ba1d-f317ceeb0ceb: shutdown LeaderElection
2019-10-18 07:14:09,762 [c52c3de9-0ed1-4f2b-ba1d-f317ceeb0ceb@group-20BE3FF63202-LeaderElection81] INFO  impl.RoleInfo (RoleInfo.java:updateAndGet(143)) - c52c3de9-0ed1-4f2b-ba1d-f317ceeb0ceb: start FollowerState
2019-10-18 07:14:09,908 [Thread-872] INFO  impl.FollowerState (FollowerState.java:run(108)) - c52c3de9-0ed1-4f2b-ba1d-f317ceeb0ceb@group-20BE3FF63202-FollowerState: change to CANDIDATE, lastRpcTime:146ms, electionTimeout:146ms
2019-10-18 07:14:09,909 [Thread-872] INFO  impl.RoleInfo (RoleInfo.java:shutdownFollowerState(121)) - c52c3de9-0ed1-4f2b-ba1d-f317ceeb0ceb: shutdown FollowerState
2019-10-18 07:14:09,909 [Thread-872] INFO  impl.RaftServerImpl (RaftServerImpl.java:setRole(184)) - c52c3de9-0ed1-4f2b-ba1d-f317ceeb0ceb@group-20BE3FF63202: changes role from  FOLLOWER to CANDIDATE at term 77 for changeToCandidate
2019-10-18 07:14:09,909 [Thread-872] INFO  impl.RoleInfo (RoleInfo.java:updateAndGet(143)) - c52c3de9-0ed1-4f2b-ba1d-f317ceeb0ceb: start LeaderElection
2019-10-18 07:14:09,971 [c52c3de9-0ed1-4f2b-ba1d-f317ceeb0ceb@group-20BE3FF63202-LeaderElection82] INFO  impl.LeaderElection (LeaderElection.java:askForVotes(178)) - c52c3de9-0ed1-4f2b-ba1d-f317ceeb0ceb@group-20BE3FF63202-LeaderElection82: begin an election at term 78 for -1: [24274e9f-e41f-4654-9afc-a783ca44e44b:192.168.69.67:35902, 988115cd-21c9-4558-b198-f2cedd98ccf3:192.168.69.67:44208, c52c3de9-0ed1-4f2b-ba1d-f317ceeb0ceb:192.168.69.67:37615], old=null
2019-10-18 07:14:09,974 [grpc-default-executor-0] INFO  impl.RaftServerImpl (RaftServerImpl.java:setRole(184)) - 988115cd-21c9-4558-b198-f2cedd98ccf3@group-20BE3FF63202: changes role from  FOLLOWER to FOLLOWER at term 78 for recognizeCandidate:c52c3de9-0ed1-4f2b-ba1d-f317ceeb0ceb
2019-10-18 07:14:09,974 [grpc-default-executor-1] INFO  impl.RaftServerImpl (RaftServerImpl.java:setRole(184)) - 24274e9f-e41f-4654-9afc-a783ca44e44b@group-20BE3FF63202: changes role from  FOLLOWER to FOLLOWER at term 78 for recognizeCandidate:c52c3de9-0ed1-4f2b-ba1d-f317ceeb0ceb
2019-10-18 07:14:09,975 [grpc-default-executor-0] INFO  impl.RoleInfo (RoleInfo.java:shutdownFollowerState(121)) - 988115cd-21c9-4558-b198-f2cedd98ccf3: shutdown FollowerState
2019-10-18 07:14:09,975 [grpc-default-executor-1] INFO  impl.RoleInfo (RoleInfo.java:shutdownFollowerState(121)) - 24274e9f-e41f-4654-9afc-a783ca44e44b: shutdown FollowerState
2019-10-18 07:14:09,975 [Thread-870] INFO  impl.FollowerState (FollowerState.java:run(117)) - 988115cd-21c9-4558-b198-f2cedd98ccf3@group-20BE3FF63202-FollowerState was interrupted: java.lang.InterruptedException: sleep interrupted
2019-10-18 07:14:09,975 [grpc-default-executor-0] INFO  impl.RoleInfo (RoleInfo.java:updateAndGet(143)) - 988115cd-21c9-4558-b198-f2cedd98ccf3: start FollowerState
2019-10-18 07:14:09,975 [Thread-871] INFO  impl.FollowerState (FollowerState.java:run(117)) - 24274e9f-e41f-4654-9afc-a783ca44e44b@group-20BE3FF63202-FollowerState was interrupted: java.lang.InterruptedException: sleep interrupted
2019-10-18 07:14:09,975 [grpc-default-executor-1] INFO  impl.RoleInfo (RoleInfo.java:updateAndGet(143)) - 24274e9f-e41f-4654-9afc-a783ca44e44b: start FollowerState
2019-10-18 07:14:10,026 [c52c3de9-0ed1-4f2b-ba1d-f317ceeb0ceb@group-20BE3FF63202-LeaderElection82] INFO  impl.LeaderElection (LeaderElection.java:logAndReturn(56)) - c52c3de9-0ed1-4f2b-ba1d-f317ceeb0ceb@group-20BE3FF63202-LeaderElection82: Election REJECTED; received 2 response(s) [c52c3de9-0ed1-4f2b-ba1d-f317ceeb0ceb<-24274e9f-e41f-4654-9afc-a783ca44e44b#0:FAIL-t78, c52c3de9-0ed1-4f2b-ba1d-f317ceeb0ceb<-988115cd-21c9-4558-b198-f2cedd98ccf3#0:FAIL-t78] and 0 exception(s); c52c3de9-0ed1-4f2b-ba1d-f317ceeb0ceb@group-20BE3FF63202:t78, leader=null, voted=c52c3de9-0ed1-4f2b-ba1d-f317ceeb0ceb, raftlog=c52c3de9-0ed1-4f2b-ba1d-f317ceeb0ceb@group-20BE3FF63202-SegmentedRaftLog:OPENED:c-1,f-1,i0, conf=-1: [24274e9f-e41f-4654-9afc-a783ca44e44b:192.168.69.67:35902, 988115cd-21c9-4558-b198-f2cedd98ccf3:192.168.69.67:44208, c52c3de9-0ed1-4f2b-ba1d-f317ceeb0ceb:192.168.69.67:37615], old=null
2019-10-18 07:14:10,027 [c52c3de9-0ed1-4f2b-ba1d-f317ceeb0ceb@group-20BE3FF63202-LeaderElection82] INFO  impl.RaftServerImpl (RaftServerImpl.java:setRole(184)) - c52c3de9-0ed1-4f2b-ba1d-f317ceeb0ceb@group-20BE3FF63202: changes role from CANDIDATE to FOLLOWER at term 78 for DISCOVERED_A_NEW_TERM
2019-10-18 07:14:10,027 [c52c3de9-0ed1-4f2b-ba1d-f317ceeb0ceb@group-20BE3FF63202-LeaderElection82] INFO  impl.RoleInfo (RoleInfo.java:shutdownLeaderElection(134)) - c52c3de9-0ed1-4f2b-ba1d-f317ceeb0ceb: shutdown LeaderElection
2019-10-18 07:14:10,027 [c52c3de9-0ed1-4f2b-ba1d-f317ceeb0ceb@group-20BE3FF63202-LeaderElection82] INFO  impl.RoleInfo (RoleInfo.java:updateAndGet(143)) - c52c3de9-0ed1-4f2b-ba1d-f317ceeb0ceb: start FollowerState
2019-10-18 07:14:10,073 [Thread-878] INFO  impl.FollowerState (FollowerState.java:run(108)) - c52c3de9-0ed1-4f2b-ba1d-f317ceeb0ceb@group-20BE3FF63202-FollowerState: change to CANDIDATE, lastRpcTime:45ms, electionTimeout:45ms
2019-10-18 07:14:10,073 [Thread-878] INFO  impl.RoleInfo (RoleInfo.java:shutdownFollowerState(121)) - c52c3de9-0ed1-4f2b-ba1d-f317ceeb0ceb: shutdown FollowerState
2019-10-18 07:14:10,073 [Thread-878] INFO  impl.RaftServerImpl (RaftServerImpl.java:setRole(184)) - c52c3de9-0ed1-4f2b-ba1d-f317ceeb0ceb@group-20BE3FF63202: changes role from  FOLLOWER to CANDIDATE at term 78 for changeToCandidate
2019-10-18 07:14:10,073 [Thread-878] INFO  impl.RoleInfo (RoleInfo.java:updateAndGet(143)) - c52c3de9-0ed1-4f2b-ba1d-f317ceeb0ceb: start LeaderElection
2019-10-18 07:14:10,112 [c52c3de9-0ed1-4f2b-ba1d-f317ceeb0ceb@group-20BE3FF63202-LeaderElection83] INFO  impl.LeaderElection (LeaderElection.java:askForVotes(178)) - c52c3de9-0ed1-4f2b-ba1d-f317ceeb0ceb@group-20BE3FF63202-LeaderElection83: begin an election at term 79 for -1: [24274e9f-e41f-4654-9afc-a783ca44e44b:192.168.69.67:35902, 988115cd-21c9-4558-b198-f2cedd98ccf3:192.168.69.67:44208, c52c3de9-0ed1-4f2b-ba1d-f317ceeb0ceb:192.168.69.67:37615], old=null
2019-10-18 07:14:10,116 [grpc-default-executor-1] INFO  impl.RaftServerImpl (RaftServerImpl.java:setRole(184)) - 24274e9f-e41f-4654-9afc-a783ca44e44b@group-20BE3FF63202: changes role from  FOLLOWER to FOLLOWER at term 79 for recognizeCandidate:c52c3de9-0ed1-4f2b-ba1d-f317ceeb0ceb
2019-10-18 07:14:10,116 [grpc-default-executor-0] INFO  impl.RaftServerImpl (RaftServerImpl.java:setRole(184)) - 988115cd-21c9-4558-b198-f2cedd98ccf3@group-20BE3FF63202: changes role from  FOLLOWER to FOLLOWER at term 79 for recognizeCandidate:c52c3de9-0ed1-4f2b-ba1d-f317ceeb0ceb
2019-10-18 07:14:10,116 [grpc-default-executor-1] INFO  impl.RoleInfo (RoleInfo.java:shutdownFollowerState(121)) - 24274e9f-e41f-4654-9afc-a783ca44e44b: shutdown FollowerState
2019-10-18 07:14:10,116 [grpc-default-executor-0] INFO  impl.RoleInfo (RoleInfo.java:shutdownFollowerState(121)) - 988115cd-21c9-4558-b198-f2cedd98ccf3: shutdown FollowerState
2019-10-18 07:14:10,116 [Thread-877] INFO  impl.FollowerState (FollowerState.java:run(117)) - 24274e9f-e41f-4654-9afc-a783ca44e44b@group-20BE3FF63202-FollowerState was interrupted: java.lang.InterruptedException: sleep interrupted
2019-10-18 07:14:10,116 [grpc-default-executor-1] INFO  impl.RoleInfo (RoleInfo.java:updateAndGet(143)) - 24274e9f-e41f-4654-9afc-a783ca44e44b: start FollowerState
2019-10-18 07:14:10,116 [Thread-876] INFO  impl.FollowerState (FollowerState.java:run(117)) - 988115cd-21c9-4558-b198-f2cedd98ccf3@group-20BE3FF63202-FollowerState was interrupted: java.lang.InterruptedException: sleep interrupted
2019-10-18 07:14:10,116 [grpc-default-executor-0] INFO  impl.RoleInfo (RoleInfo.java:updateAndGet(143)) - 988115cd-21c9-4558-b198-f2cedd98ccf3: start FollowerState
2019-10-18 07:14:10,163 [c52c3de9-0ed1-4f2b-ba1d-f317ceeb0ceb@group-20BE3FF63202-LeaderElection83] INFO  impl.LeaderElection (LeaderElection.java:logAndReturn(56)) - c52c3de9-0ed1-4f2b-ba1d-f317ceeb0ceb@group-20BE3FF63202-LeaderElection83: Election REJECTED; received 2 response(s) [c52c3de9-0ed1-4f2b-ba1d-f317ceeb0ceb<-24274e9f-e41f-4654-9afc-a783ca44e44b#0:FAIL-t79, c52c3de9-0ed1-4f2b-ba1d-f317ceeb0ceb<-988115cd-21c9-4558-b198-f2cedd98ccf3#0:FAIL-t79] and 0 exception(s); c52c3de9-0ed1-4f2b-ba1d-f317ceeb0ceb@group-20BE3FF63202:t79, leader=null, voted=c52c3de9-0ed1-4f2b-ba1d-f317ceeb0ceb, raftlog=c52c3de9-0ed1-4f2b-ba1d-f317ceeb0ceb@group-20BE3FF63202-SegmentedRaftLog:OPENED:c-1,f-1,i0, conf=-1: [24274e9f-e41f-4654-9afc-a783ca44e44b:192.168.69.67:35902, 988115cd-21c9-4558-b198-f2cedd98ccf3:192.168.69.67:44208, c52c3de9-0ed1-4f2b-ba1d-f317ceeb0ceb:192.168.69.67:37615], old=null
2019-10-18 07:14:10,163 [c52c3de9-0ed1-4f2b-ba1d-f317ceeb0ceb@group-20BE3FF63202-LeaderElection83] INFO  impl.RaftServerImpl (RaftServerImpl.java:setRole(184)) - c52c3de9-0ed1-4f2b-ba1d-f317ceeb0ceb@group-20BE3FF63202: changes role from CANDIDATE to FOLLOWER at term 79 for DISCOVERED_A_NEW_TERM
2019-10-18 07:14:10,164 [c52c3de9-0ed1-4f2b-ba1d-f317ceeb0ceb@group-20BE3FF63202-LeaderElection83] INFO  impl.RoleInfo (RoleInfo.java:shutdownLeaderElection(134)) - c52c3de9-0ed1-4f2b-ba1d-f317ceeb0ceb: shutdown LeaderElection
2019-10-18 07:14:10,164 [c52c3de9-0ed1-4f2b-ba1d-f317ceeb0ceb@group-20BE3FF63202-LeaderElection83] INFO  impl.RoleInfo (RoleInfo.java:updateAndGet(143)) - c52c3de9-0ed1-4f2b-ba1d-f317ceeb0ceb: start FollowerState
2019-10-18 07:14:10,314 [Thread-884] INFO  impl.FollowerState (FollowerState.java:run(108)) - c52c3de9-0ed1-4f2b-ba1d-f317ceeb0ceb@group-20BE3FF63202-FollowerState: change to CANDIDATE, lastRpcTime:150ms, electionTimeout:150ms
2019-10-18 07:14:10,315 [Thread-884] INFO  impl.RoleInfo (RoleInfo.java:shutdownFollowerState(121)) - c52c3de9-0ed1-4f2b-ba1d-f317ceeb0ceb: shutdown FollowerState
2019-10-18 07:14:10,315 [Thread-884] INFO  impl.RaftServerImpl (RaftServerImpl.java:setRole(184)) - c52c3de9-0ed1-4f2b-ba1d-f317ceeb0ceb@group-20BE3FF63202: changes role from  FOLLOWER to CANDIDATE at term 79 for changeToCandidate
2019-10-18 07:14:10,315 [Thread-884] INFO  impl.RoleInfo (RoleInfo.java:updateAndGet(143)) - c52c3de9-0ed1-4f2b-ba1d-f317ceeb0ceb: start LeaderElection
2019-10-18 07:14:10,423 [c52c3de9-0ed1-4f2b-ba1d-f317ceeb0ceb@group-20BE3FF63202-LeaderElection84] INFO  impl.LeaderElection (LeaderElection.java:askForVotes(178)) - c52c3de9-0ed1-4f2b-ba1d-f317ceeb0ceb@group-20BE3FF63202-LeaderElection84: begin an election at term 80 for -1: [24274e9f-e41f-4654-9afc-a783ca44e44b:192.168.69.67:35902, 988115cd-21c9-4558-b198-f2cedd98ccf3:192.168.69.67:44208, c52c3de9-0ed1-4f2b-ba1d-f317ceeb0ceb:192.168.69.67:37615], old=null
2019-10-18 07:14:10,427 [grpc-default-executor-0] INFO  impl.RaftServerImpl (RaftServerImpl.java:setRole(184)) - 988115cd-21c9-4558-b198-f2cedd98ccf3@group-20BE3FF63202: changes role from  FOLLOWER to FOLLOWER at term 80 for recognizeCandidate:c52c3de9-0ed1-4f2b-ba1d-f317ceeb0ceb
2019-10-18 07:14:10,427 [grpc-default-executor-1] INFO  impl.RaftServerImpl (RaftServerImpl.java:setRole(184)) - 24274e9f-e41f-4654-9afc-a783ca44e44b@group-20BE3FF63202: changes role from  FOLLOWER to FOLLOWER at term 80 for recognizeCandidate:c52c3de9-0ed1-4f2b-ba1d-f317ceeb0ceb
2019-10-18 07:14:10,428 [grpc-default-executor-0] INFO  impl.RoleInfo (RoleInfo.java:shutdownFollowerState(121)) - 988115cd-21c9-4558-b198-f2cedd98ccf3: shutdown FollowerState
2019-10-18 07:14:10,428 [grpc-default-executor-1] INFO  impl.RoleInfo (RoleInfo.java:shutdownFollowerState(121)) - 24274e9f-e41f-4654-9afc-a783ca44e44b: shutdown FollowerState
2019-10-18 07:14:10,428 [Thread-883] INFO  impl.FollowerState (FollowerState.java:run(117)) - 988115cd-21c9-4558-b198-f2cedd98ccf3@group-20BE3FF63202-FollowerState was interrupted: java.lang.InterruptedException: sleep interrupted
2019-10-18 07:14:10,428 [grpc-default-executor-0] INFO  impl.RoleInfo (RoleInfo.java:updateAndGet(143)) - 988115cd-21c9-4558-b198-f2cedd98ccf3: start FollowerState
2019-10-18 07:14:10,428 [Thread-882] INFO  impl.FollowerState (FollowerState.java:run(117)) - 24274e9f-e41f-4654-9afc-a783ca44e44b@group-20BE3FF63202-FollowerState was interrupted: java.lang.InterruptedException: sleep interrupted
2019-10-18 07:14:10,428 [grpc-default-executor-1] INFO  impl.RoleInfo (RoleInfo.java:updateAndGet(143)) - 24274e9f-e41f-4654-9afc-a783ca44e44b: start FollowerState
2019-10-18 07:14:10,465 [main] INFO  ozone.MiniOzoneClusterImpl (MiniOzoneClusterImpl.java:lambda$waitForClusterToBeReady$2(164)) - Waiting for 1 number of pipelines out of 9, to report a leader.
2019-10-18 07:14:10,465 [c52c3de9-0ed1-4f2b-ba1d-f317ceeb0ceb@group-20BE3FF63202-LeaderElection84] INFO  impl.LeaderElection (LeaderElection.java:logAndReturn(56)) - c52c3de9-0ed1-4f2b-ba1d-f317ceeb0ceb@group-20BE3FF63202-LeaderElection84: Election REJECTED; received 2 response(s) [c52c3de9-0ed1-4f2b-ba1d-f317ceeb0ceb<-24274e9f-e41f-4654-9afc-a783ca44e44b#0:FAIL-t80, c52c3de9-0ed1-4f2b-ba1d-f317ceeb0ceb<-988115cd-21c9-4558-b198-f2cedd98ccf3#0:FAIL-t80] and 0 exception(s); c52c3de9-0ed1-4f2b-ba1d-f317ceeb0ceb@group-20BE3FF63202:t80, leader=null, voted=c52c3de9-0ed1-4f2b-ba1d-f317ceeb0ceb, raftlog=c52c3de9-0ed1-4f2b-ba1d-f317ceeb0ceb@group-20BE3FF63202-SegmentedRaftLog:OPENED:c-1,f-1,i0, conf=-1: [24274e9f-e41f-4654-9afc-a783ca44e44b:192.168.69.67:35902, 988115cd-21c9-4558-b198-f2cedd98ccf3:192.168.69.67:44208, c52c3de9-0ed1-4f2b-ba1d-f317ceeb0ceb:192.168.69.67:37615], old=null
2019-10-18 07:14:10,465 [c52c3de9-0ed1-4f2b-ba1d-f317ceeb0ceb@group-20BE3FF63202-LeaderElection84] INFO  impl.RaftServerImpl (RaftServerImpl.java:setRole(184)) - c52c3de9-0ed1-4f2b-ba1d-f317ceeb0ceb@group-20BE3FF63202: changes role from CANDIDATE to FOLLOWER at term 80 for DISCOVERED_A_NEW_TERM
2019-10-18 07:14:10,465 [c52c3de9-0ed1-4f2b-ba1d-f317ceeb0ceb@group-20BE3FF63202-LeaderElection84] INFO  impl.RoleInfo (RoleInfo.java:shutdownLeaderElection(134)) - c52c3de9-0ed1-4f2b-ba1d-f317ceeb0ceb: shutdown LeaderElection
2019-10-18 07:14:10,466 [c52c3de9-0ed1-4f2b-ba1d-f317ceeb0ceb@group-20BE3FF63202-LeaderElection84] INFO  impl.RoleInfo (RoleInfo.java:updateAndGet(143)) - c52c3de9-0ed1-4f2b-ba1d-f317ceeb0ceb: start FollowerState
2019-10-18 07:14:10,535 [Thread-892] INFO  impl.FollowerState (FollowerState.java:run(108)) - c52c3de9-0ed1-4f2b-ba1d-f317ceeb0ceb@group-20BE3FF63202-FollowerState: change to CANDIDATE, lastRpcTime:69ms, electionTimeout:69ms
2019-10-18 07:14:10,536 [Thread-892] INFO  impl.RoleInfo (RoleInfo.java:shutdownFollowerState(121)) - c52c3de9-0ed1-4f2b-ba1d-f317ceeb0ceb: shutdown FollowerState
2019-10-18 07:14:10,536 [Thread-892] INFO  impl.RaftServerImpl (RaftServerImpl.java:setRole(184)) - c52c3de9-0ed1-4f2b-ba1d-f317ceeb0ceb@group-20BE3FF63202: changes role from  FOLLOWER to CANDIDATE at term 80 for changeToCandidate
2019-10-18 07:14:10,536 [Thread-892] INFO  impl.RoleInfo (RoleInfo.java:updateAndGet(143)) - c52c3de9-0ed1-4f2b-ba1d-f317ceeb0ceb: start LeaderElection
2019-10-18 07:14:10,612 [c52c3de9-0ed1-4f2b-ba1d-f317ceeb0ceb@group-20BE3FF63202-LeaderElection85] INFO  impl.LeaderElection (LeaderElection.java:askForVotes(178)) - c52c3de9-0ed1-4f2b-ba1d-f317ceeb0ceb@group-20BE3FF63202-LeaderElection85: begin an election at term 81 for -1: [24274e9f-e41f-4654-9afc-a783ca44e44b:192.168.69.67:35902, 988115cd-21c9-4558-b198-f2cedd98ccf3:192.168.69.67:44208, c52c3de9-0ed1-4f2b-ba1d-f317ceeb0ceb:192.168.69.67:37615], old=null
2019-10-18 07:14:10,616 [grpc-default-executor-0] INFO  impl.RaftServerImpl (RaftServerImpl.java:setRole(184)) - 988115cd-21c9-4558-b198-f2cedd98ccf3@group-20BE3FF63202: changes role from  FOLLOWER to FOLLOWER at term 81 for recognizeCandidate:c52c3de9-0ed1-4f2b-ba1d-f317ceeb0ceb
2019-10-18 07:14:10,616 [grpc-default-executor-1] INFO  impl.RaftServerImpl (RaftServerImpl.java:setRole(184)) - 24274e9f-e41f-4654-9afc-a783ca44e44b@group-20BE3FF63202: changes role from  FOLLOWER to FOLLOWER at term 81 for recognizeCandidate:c52c3de9-0ed1-4f2b-ba1d-f317ceeb0ceb
2019-10-18 07:14:10,616 [grpc-default-executor-0] INFO  impl.RoleInfo (RoleInfo.java:shutdownFollowerState(121)) - 988115cd-21c9-4558-b198-f2cedd98ccf3: shutdown FollowerState
2019-10-18 07:14:10,617 [grpc-default-executor-1] INFO  impl.RoleInfo (RoleInfo.java:shutdownFollowerState(121)) - 24274e9f-e41f-4654-9afc-a783ca44e44b: shutdown FollowerState
2019-10-18 07:14:10,617 [Thread-890] INFO  impl.FollowerState (FollowerState.java:run(117)) - 988115cd-21c9-4558-b198-f2cedd98ccf3@group-20BE3FF63202-FollowerState was interrupted: java.lang.InterruptedException: sleep interrupted
2019-10-18 07:14:10,617 [Thread-891] INFO  impl.FollowerState (FollowerState.java:run(117)) - 24274e9f-e41f-4654-9afc-a783ca44e44b@group-20BE3FF63202-FollowerState was interrupted: java.lang.InterruptedException: sleep interrupted
2019-10-18 07:14:10,617 [grpc-default-executor-0] INFO  impl.RoleInfo (RoleInfo.java:updateAndGet(143)) - 988115cd-21c9-4558-b198-f2cedd98ccf3: start FollowerState
2019-10-18 07:14:10,617 [grpc-default-executor-1] INFO  impl.RoleInfo (RoleInfo.java:updateAndGet(143)) - 24274e9f-e41f-4654-9afc-a783ca44e44b: start FollowerState
2019-10-18 07:14:10,625 [c52c3de9-0ed1-4f2b-ba1d-f317ceeb0ceb@group-20BE3FF63202-LeaderElection85] INFO  impl.LeaderElection (LeaderElection.java:logAndReturn(56)) - c52c3de9-0ed1-4f2b-ba1d-f317ceeb0ceb@group-20BE3FF63202-LeaderElection85: Election TIMEOUT; received 0 response(s) [] and 0 exception(s); c52c3de9-0ed1-4f2b-ba1d-f317ceeb0ceb@group-20BE3FF63202:t81, leader=null, voted=c52c3de9-0ed1-4f2b-ba1d-f317ceeb0ceb, raftlog=c52c3de9-0ed1-4f2b-ba1d-f317ceeb0ceb@group-20BE3FF63202-SegmentedRaftLog:OPENED:c-1,f-1,i0, conf=-1: [24274e9f-e41f-4654-9afc-a783ca44e44b:192.168.69.67:35902, 988115cd-21c9-4558-b198-f2cedd98ccf3:192.168.69.67:44208, c52c3de9-0ed1-4f2b-ba1d-f317ceeb0ceb:192.168.69.67:37615], old=null
2019-10-18 07:14:10,658 [c52c3de9-0ed1-4f2b-ba1d-f317ceeb0ceb@group-20BE3FF63202-LeaderElection85] INFO  impl.LeaderElection (LeaderElection.java:askForVotes(178)) - c52c3de9-0ed1-4f2b-ba1d-f317ceeb0ceb@group-20BE3FF63202-LeaderElection85: begin an election at term 82 for -1: [24274e9f-e41f-4654-9afc-a783ca44e44b:192.168.69.67:35902, 988115cd-21c9-4558-b198-f2cedd98ccf3:192.168.69.67:44208, c52c3de9-0ed1-4f2b-ba1d-f317ceeb0ceb:192.168.69.67:37615], old=null
2019-10-18 07:14:10,661 [grpc-default-executor-0] INFO  impl.RaftServerImpl (RaftServerImpl.java:setRole(184)) - 24274e9f-e41f-4654-9afc-a783ca44e44b@group-20BE3FF63202: changes role from  FOLLOWER to FOLLOWER at term 82 for recognizeCandidate:c52c3de9-0ed1-4f2b-ba1d-f317ceeb0ceb
2019-10-18 07:14:10,661 [grpc-default-executor-0] INFO  impl.RoleInfo (RoleInfo.java:shutdownFollowerState(121)) - 24274e9f-e41f-4654-9afc-a783ca44e44b: shutdown FollowerState
2019-10-18 07:14:10,661 [grpc-default-executor-0] INFO  impl.RoleInfo (RoleInfo.java:updateAndGet(143)) - 24274e9f-e41f-4654-9afc-a783ca44e44b: start FollowerState
2019-10-18 07:14:10,661 [Thread-897] INFO  impl.FollowerState (FollowerState.java:run(117)) - 24274e9f-e41f-4654-9afc-a783ca44e44b@group-20BE3FF63202-FollowerState was interrupted: java.lang.InterruptedException: sleep interrupted
2019-10-18 07:14:10,665 [grpc-default-executor-1] INFO  impl.RaftServerImpl (RaftServerImpl.java:setRole(184)) - 988115cd-21c9-4558-b198-f2cedd98ccf3@group-20BE3FF63202: changes role from  FOLLOWER to FOLLOWER at term 82 for recognizeCandidate:c52c3de9-0ed1-4f2b-ba1d-f317ceeb0ceb
2019-10-18 07:14:10,665 [grpc-default-executor-1] INFO  impl.RoleInfo (RoleInfo.java:shutdownFollowerState(121)) - 988115cd-21c9-4558-b198-f2cedd98ccf3: shutdown FollowerState
2019-10-18 07:14:10,665 [grpc-default-executor-1] INFO  impl.RoleInfo (RoleInfo.java:updateAndGet(143)) - 988115cd-21c9-4558-b198-f2cedd98ccf3: start FollowerState
2019-10-18 07:14:10,665 [Thread-896] INFO  impl.FollowerState (FollowerState.java:run(117)) - 988115cd-21c9-4558-b198-f2cedd98ccf3@group-20BE3FF63202-FollowerState was interrupted: java.lang.InterruptedException: sleep interrupted
2019-10-18 07:14:10,723 [c52c3de9-0ed1-4f2b-ba1d-f317ceeb0ceb@group-20BE3FF63202-LeaderElection85] INFO  impl.LeaderElection (LeaderElection.java:logAndReturn(56)) - c52c3de9-0ed1-4f2b-ba1d-f317ceeb0ceb@group-20BE3FF63202-LeaderElection85: Election REJECTED; received 2 response(s) [c52c3de9-0ed1-4f2b-ba1d-f317ceeb0ceb<-24274e9f-e41f-4654-9afc-a783ca44e44b#0:FAIL-t82, c52c3de9-0ed1-4f2b-ba1d-f317ceeb0ceb<-988115cd-21c9-4558-b198-f2cedd98ccf3#0:FAIL-t82] and 0 exception(s); c52c3de9-0ed1-4f2b-ba1d-f317ceeb0ceb@group-20BE3FF63202:t82, leader=null, voted=c52c3de9-0ed1-4f2b-ba1d-f317ceeb0ceb, raftlog=c52c3de9-0ed1-4f2b-ba1d-f317ceeb0ceb@group-20BE3FF63202-SegmentedRaftLog:OPENED:c-1,f-1,i0, conf=-1: [24274e9f-e41f-4654-9afc-a783ca44e44b:192.168.69.67:35902, 988115cd-21c9-4558-b198-f2cedd98ccf3:192.168.69.67:44208, c52c3de9-0ed1-4f2b-ba1d-f317ceeb0ceb:192.168.69.67:37615], old=null
2019-10-18 07:14:10,723 [c52c3de9-0ed1-4f2b-ba1d-f317ceeb0ceb@group-20BE3FF63202-LeaderElection85] INFO  impl.RaftServerImpl (RaftServerImpl.java:setRole(184)) - c52c3de9-0ed1-4f2b-ba1d-f317ceeb0ceb@group-20BE3FF63202: changes role from CANDIDATE to FOLLOWER at term 82 for DISCOVERED_A_NEW_TERM
2019-10-18 07:14:10,723 [c52c3de9-0ed1-4f2b-ba1d-f317ceeb0ceb@group-20BE3FF63202-LeaderElection85] INFO  impl.RoleInfo (RoleInfo.java:shutdownLeaderElection(134)) - c52c3de9-0ed1-4f2b-ba1d-f317ceeb0ceb: shutdown LeaderElection
2019-10-18 07:14:10,724 [c52c3de9-0ed1-4f2b-ba1d-f317ceeb0ceb@group-20BE3FF63202-LeaderElection85] INFO  impl.RoleInfo (RoleInfo.java:updateAndGet(143)) - c52c3de9-0ed1-4f2b-ba1d-f317ceeb0ceb: start FollowerState
2019-10-18 07:14:10,842 [Thread-902] INFO  impl.FollowerState (FollowerState.java:run(108)) - c52c3de9-0ed1-4f2b-ba1d-f317ceeb0ceb@group-20BE3FF63202-FollowerState: change to CANDIDATE, lastRpcTime:118ms, electionTimeout:118ms
2019-10-18 07:14:10,842 [Thread-902] INFO  impl.RoleInfo (RoleInfo.java:shutdownFollowerState(121)) - c52c3de9-0ed1-4f2b-ba1d-f317ceeb0ceb: shutdown FollowerState
2019-10-18 07:14:10,842 [Thread-902] INFO  impl.RaftServerImpl (RaftServerImpl.java:setRole(184)) - c52c3de9-0ed1-4f2b-ba1d-f317ceeb0ceb@group-20BE3FF63202: changes role from  FOLLOWER to CANDIDATE at term 82 for changeToCandidate
2019-10-18 07:14:10,843 [Thread-902] INFO  impl.RoleInfo (RoleInfo.java:updateAndGet(143)) - c52c3de9-0ed1-4f2b-ba1d-f317ceeb0ceb: start LeaderElection
2019-10-18 07:14:10,900 [c52c3de9-0ed1-4f2b-ba1d-f317ceeb0ceb@group-20BE3FF63202-LeaderElection86] INFO  impl.LeaderElection (LeaderElection.java:askForVotes(178)) - c52c3de9-0ed1-4f2b-ba1d-f317ceeb0ceb@group-20BE3FF63202-LeaderElection86: begin an election at term 83 for -1: [24274e9f-e41f-4654-9afc-a783ca44e44b:192.168.69.67:35902, 988115cd-21c9-4558-b198-f2cedd98ccf3:192.168.69.67:44208, c52c3de9-0ed1-4f2b-ba1d-f317ceeb0ceb:192.168.69.67:37615], old=null
2019-10-18 07:14:10,903 [grpc-default-executor-0] INFO  impl.RaftServerImpl (RaftServerImpl.java:setRole(184)) - 24274e9f-e41f-4654-9afc-a783ca44e44b@group-20BE3FF63202: changes role from  FOLLOWER to FOLLOWER at term 83 for recognizeCandidate:c52c3de9-0ed1-4f2b-ba1d-f317ceeb0ceb
2019-10-18 07:14:10,903 [grpc-default-executor-1] INFO  impl.RaftServerImpl (RaftServerImpl.java:setRole(184)) - 988115cd-21c9-4558-b198-f2cedd98ccf3@group-20BE3FF63202: changes role from  FOLLOWER to FOLLOWER at term 83 for recognizeCandidate:c52c3de9-0ed1-4f2b-ba1d-f317ceeb0ceb
2019-10-18 07:14:10,903 [grpc-default-executor-0] INFO  impl.RoleInfo (RoleInfo.java:shutdownFollowerState(121)) - 24274e9f-e41f-4654-9afc-a783ca44e44b: shutdown FollowerState
2019-10-18 07:14:10,904 [grpc-default-executor-1] INFO  impl.RoleInfo (RoleInfo.java:shutdownFollowerState(121)) - 988115cd-21c9-4558-b198-f2cedd98ccf3: shutdown FollowerState
2019-10-18 07:14:10,904 [grpc-default-executor-0] INFO  impl.RoleInfo (RoleInfo.java:updateAndGet(143)) - 24274e9f-e41f-4654-9afc-a783ca44e44b: start FollowerState
2019-10-18 07:14:10,904 [Thread-900] INFO  impl.FollowerState (FollowerState.java:run(117)) - 24274e9f-e41f-4654-9afc-a783ca44e44b@group-20BE3FF63202-FollowerState was interrupted: java.lang.InterruptedException: sleep interrupted
2019-10-18 07:14:10,904 [grpc-default-executor-1] INFO  impl.RoleInfo (RoleInfo.java:updateAndGet(143)) - 988115cd-21c9-4558-b198-f2cedd98ccf3: start FollowerState
2019-10-18 07:14:10,904 [Thread-901] INFO  impl.FollowerState (FollowerState.java:run(117)) - 988115cd-21c9-4558-b198-f2cedd98ccf3@group-20BE3FF63202-FollowerState was interrupted: java.lang.InterruptedException: sleep interrupted
2019-10-18 07:14:10,907 [c52c3de9-0ed1-4f2b-ba1d-f317ceeb0ceb@group-20BE3FF63202-LeaderElection86] INFO  impl.LeaderElection (LeaderElection.java:logAndReturn(56)) - c52c3de9-0ed1-4f2b-ba1d-f317ceeb0ceb@group-20BE3FF63202-LeaderElection86: Election TIMEOUT; received 0 response(s) [] and 0 exception(s); c52c3de9-0ed1-4f2b-ba1d-f317ceeb0ceb@group-20BE3FF63202:t83, leader=null, voted=c52c3de9-0ed1-4f2b-ba1d-f317ceeb0ceb, raftlog=c52c3de9-0ed1-4f2b-ba1d-f317ceeb0ceb@group-20BE3FF63202-SegmentedRaftLog:OPENED:c-1,f-1,i0, conf=-1: [24274e9f-e41f-4654-9afc-a783ca44e44b:192.168.69.67:35902, 988115cd-21c9-4558-b198-f2cedd98ccf3:192.168.69.67:44208, c52c3de9-0ed1-4f2b-ba1d-f317ceeb0ceb:192.168.69.67:37615], old=null
2019-10-18 07:14:10,943 [c52c3de9-0ed1-4f2b-ba1d-f317ceeb0ceb@group-20BE3FF63202-LeaderElection86] INFO  impl.LeaderElection (LeaderElection.java:askForVotes(178)) - c52c3de9-0ed1-4f2b-ba1d-f317ceeb0ceb@group-20BE3FF63202-LeaderElection86: begin an election at term 84 for -1: [24274e9f-e41f-4654-9afc-a783ca44e44b:192.168.69.67:35902, 988115cd-21c9-4558-b198-f2cedd98ccf3:192.168.69.67:44208, c52c3de9-0ed1-4f2b-ba1d-f317ceeb0ceb:192.168.69.67:37615], old=null
2019-10-18 07:14:10,945 [grpc-default-executor-0] INFO  impl.RaftServerImpl (RaftServerImpl.java:setRole(184)) - 988115cd-21c9-4558-b198-f2cedd98ccf3@group-20BE3FF63202: changes role from  FOLLOWER to FOLLOWER at term 84 for recognizeCandidate:c52c3de9-0ed1-4f2b-ba1d-f317ceeb0ceb
2019-10-18 07:14:10,945 [grpc-default-executor-1] INFO  impl.RaftServerImpl (RaftServerImpl.java:setRole(184)) - 24274e9f-e41f-4654-9afc-a783ca44e44b@group-20BE3FF63202: changes role from  FOLLOWER to FOLLOWER at term 84 for recognizeCandidate:c52c3de9-0ed1-4f2b-ba1d-f317ceeb0ceb
2019-10-18 07:14:10,945 [grpc-default-executor-0] INFO  impl.RoleInfo (RoleInfo.java:shutdownFollowerState(121)) - 988115cd-21c9-4558-b198-f2cedd98ccf3: shutdown FollowerState
2019-10-18 07:14:10,946 [grpc-default-executor-1] INFO  impl.RoleInfo (RoleInfo.java:shutdownFollowerState(121)) - 24274e9f-e41f-4654-9afc-a783ca44e44b: shutdown FollowerState
2019-10-18 07:14:10,946 [Thread-907] INFO  impl.FollowerState (FollowerState.java:run(117)) - 988115cd-21c9-4558-b198-f2cedd98ccf3@group-20BE3FF63202-FollowerState was interrupted: java.lang.InterruptedException: sleep interrupted
2019-10-18 07:14:10,946 [grpc-default-executor-0] INFO  impl.RoleInfo (RoleInfo.java:updateAndGet(143)) - 988115cd-21c9-4558-b198-f2cedd98ccf3: start FollowerState
2019-10-18 07:14:10,946 [Thread-906] INFO  impl.FollowerState (FollowerState.java:run(117)) - 24274e9f-e41f-4654-9afc-a783ca44e44b@group-20BE3FF63202-FollowerState was interrupted: java.lang.InterruptedException: sleep interrupted
2019-10-18 07:14:10,946 [grpc-default-executor-1] INFO  impl.RoleInfo (RoleInfo.java:updateAndGet(143)) - 24274e9f-e41f-4654-9afc-a783ca44e44b: start FollowerState
2019-10-18 07:14:11,017 [c52c3de9-0ed1-4f2b-ba1d-f317ceeb0ceb@group-20BE3FF63202-LeaderElection86] INFO  impl.LeaderElection (LeaderElection.java:logAndReturn(56)) - c52c3de9-0ed1-4f2b-ba1d-f317ceeb0ceb@group-20BE3FF63202-LeaderElection86: Election REJECTED; received 2 response(s) [c52c3de9-0ed1-4f2b-ba1d-f317ceeb0ceb<-24274e9f-e41f-4654-9afc-a783ca44e44b#0:FAIL-t84, c52c3de9-0ed1-4f2b-ba1d-f317ceeb0ceb<-988115cd-21c9-4558-b198-f2cedd98ccf3#0:FAIL-t84] and 0 exception(s); c52c3de9-0ed1-4f2b-ba1d-f317ceeb0ceb@group-20BE3FF63202:t84, leader=null, voted=c52c3de9-0ed1-4f2b-ba1d-f317ceeb0ceb, raftlog=c52c3de9-0ed1-4f2b-ba1d-f317ceeb0ceb@group-20BE3FF63202-SegmentedRaftLog:OPENED:c-1,f-1,i0, conf=-1: [24274e9f-e41f-4654-9afc-a783ca44e44b:192.168.69.67:35902, 988115cd-21c9-4558-b198-f2cedd98ccf3:192.168.69.67:44208, c52c3de9-0ed1-4f2b-ba1d-f317ceeb0ceb:192.168.69.67:37615], old=null
2019-10-18 07:14:11,018 [c52c3de9-0ed1-4f2b-ba1d-f317ceeb0ceb@group-20BE3FF63202-LeaderElection86] INFO  impl.RaftServerImpl (RaftServerImpl.java:setRole(184)) - c52c3de9-0ed1-4f2b-ba1d-f317ceeb0ceb@group-20BE3FF63202: changes role from CANDIDATE to FOLLOWER at term 84 for DISCOVERED_A_NEW_TERM
2019-10-18 07:14:11,018 [c52c3de9-0ed1-4f2b-ba1d-f317ceeb0ceb@group-20BE3FF63202-LeaderElection86] INFO  impl.RoleInfo (RoleInfo.java:shutdownLeaderElection(134)) - c52c3de9-0ed1-4f2b-ba1d-f317ceeb0ceb: shutdown LeaderElection
2019-10-18 07:14:11,018 [c52c3de9-0ed1-4f2b-ba1d-f317ceeb0ceb@group-20BE3FF63202-LeaderElection86] INFO  impl.RoleInfo (RoleInfo.java:updateAndGet(143)) - c52c3de9-0ed1-4f2b-ba1d-f317ceeb0ceb: start FollowerState
2019-10-18 07:14:11,141 [Thread-912] INFO  impl.FollowerState (FollowerState.java:run(108)) - c52c3de9-0ed1-4f2b-ba1d-f317ceeb0ceb@group-20BE3FF63202-FollowerState: change to CANDIDATE, lastRpcTime:122ms, electionTimeout:122ms
2019-10-18 07:14:11,141 [Thread-912] INFO  impl.RoleInfo (RoleInfo.java:shutdownFollowerState(121)) - c52c3de9-0ed1-4f2b-ba1d-f317ceeb0ceb: shutdown FollowerState
2019-10-18 07:14:11,141 [Thread-912] INFO  impl.RaftServerImpl (RaftServerImpl.java:setRole(184)) - c52c3de9-0ed1-4f2b-ba1d-f317ceeb0ceb@group-20BE3FF63202: changes role from  FOLLOWER to CANDIDATE at term 84 for changeToCandidate
2019-10-18 07:14:11,141 [Thread-912] INFO  impl.RoleInfo (RoleInfo.java:updateAndGet(143)) - c52c3de9-0ed1-4f2b-ba1d-f317ceeb0ceb: start LeaderElection
2019-10-18 07:14:11,216 [c52c3de9-0ed1-4f2b-ba1d-f317ceeb0ceb@group-20BE3FF63202-LeaderElection87] INFO  impl.LeaderElection (LeaderElection.java:askForVotes(178)) - c52c3de9-0ed1-4f2b-ba1d-f317ceeb0ceb@group-20BE3FF63202-LeaderElection87: begin an election at term 85 for -1: [24274e9f-e41f-4654-9afc-a783ca44e44b:192.168.69.67:35902, 988115cd-21c9-4558-b198-f2cedd98ccf3:192.168.69.67:44208, c52c3de9-0ed1-4f2b-ba1d-f317ceeb0ceb:192.168.69.67:37615], old=null
2019-10-18 07:14:11,219 [grpc-default-executor-1] INFO  impl.RaftServerImpl (RaftServerImpl.java:setRole(184)) - 24274e9f-e41f-4654-9afc-a783ca44e44b@group-20BE3FF63202: changes role from  FOLLOWER to FOLLOWER at term 85 for recognizeCandidate:c52c3de9-0ed1-4f2b-ba1d-f317ceeb0ceb
2019-10-18 07:14:11,220 [grpc-default-executor-1] INFO  impl.RoleInfo (RoleInfo.java:shutdownFollowerState(121)) - 24274e9f-e41f-4654-9afc-a783ca44e44b: shutdown FollowerState
2019-10-18 07:14:11,220 [grpc-default-executor-0] INFO  impl.RaftServerImpl (RaftServerImpl.java:setRole(184)) - 988115cd-21c9-4558-b198-f2cedd98ccf3@group-20BE3FF63202: changes role from  FOLLOWER to FOLLOWER at term 85 for recognizeCandidate:c52c3de9-0ed1-4f2b-ba1d-f317ceeb0ceb
2019-10-18 07:14:11,220 [Thread-911] INFO  impl.FollowerState (FollowerState.java:run(117)) - 24274e9f-e41f-4654-9afc-a783ca44e44b@group-20BE3FF63202-FollowerState was interrupted: java.lang.InterruptedException: sleep interrupted
2019-10-18 07:14:11,220 [grpc-default-executor-0] INFO  impl.RoleInfo (RoleInfo.java:shutdownFollowerState(121)) - 988115cd-21c9-4558-b198-f2cedd98ccf3: shutdown FollowerState
2019-10-18 07:14:11,220 [grpc-default-executor-1] INFO  impl.RoleInfo (RoleInfo.java:updateAndGet(143)) - 24274e9f-e41f-4654-9afc-a783ca44e44b: start FollowerState
2019-10-18 07:14:11,221 [grpc-default-executor-0] INFO  impl.RoleInfo (RoleInfo.java:updateAndGet(143)) - 988115cd-21c9-4558-b198-f2cedd98ccf3: start FollowerState
2019-10-18 07:14:11,221 [Thread-910] INFO  impl.FollowerState (FollowerState.java:run(117)) - 988115cd-21c9-4558-b198-f2cedd98ccf3@group-20BE3FF63202-FollowerState was interrupted: java.lang.InterruptedException: sleep interrupted
2019-10-18 07:14:11,270 [c52c3de9-0ed1-4f2b-ba1d-f317ceeb0ceb@group-20BE3FF63202-LeaderElection87] INFO  impl.LeaderElection (LeaderElection.java:logAndReturn(56)) - c52c3de9-0ed1-4f2b-ba1d-f317ceeb0ceb@group-20BE3FF63202-LeaderElection87: Election REJECTED; received 2 response(s) [c52c3de9-0ed1-4f2b-ba1d-f317ceeb0ceb<-24274e9f-e41f-4654-9afc-a783ca44e44b#0:FAIL-t85, c52c3de9-0ed1-4f2b-ba1d-f317ceeb0ceb<-988115cd-21c9-4558-b198-f2cedd98ccf3#0:FAIL-t85] and 0 exception(s); c52c3de9-0ed1-4f2b-ba1d-f317ceeb0ceb@group-20BE3FF63202:t85, leader=null, voted=c52c3de9-0ed1-4f2b-ba1d-f317ceeb0ceb, raftlog=c52c3de9-0ed1-4f2b-ba1d-f317ceeb0ceb@group-20BE3FF63202-SegmentedRaftLog:OPENED:c-1,f-1,i0, conf=-1: [24274e9f-e41f-4654-9afc-a783ca44e44b:192.168.69.67:35902, 988115cd-21c9-4558-b198-f2cedd98ccf3:192.168.69.67:44208, c52c3de9-0ed1-4f2b-ba1d-f317ceeb0ceb:192.168.69.67:37615], old=null
2019-10-18 07:14:11,270 [c52c3de9-0ed1-4f2b-ba1d-f317ceeb0ceb@group-20BE3FF63202-LeaderElection87] INFO  impl.RaftServerImpl (RaftServerImpl.java:setRole(184)) - c52c3de9-0ed1-4f2b-ba1d-f317ceeb0ceb@group-20BE3FF63202: changes role from CANDIDATE to FOLLOWER at term 85 for DISCOVERED_A_NEW_TERM
2019-10-18 07:14:11,270 [c52c3de9-0ed1-4f2b-ba1d-f317ceeb0ceb@group-20BE3FF63202-LeaderElection87] INFO  impl.RoleInfo (RoleInfo.java:shutdownLeaderElection(134)) - c52c3de9-0ed1-4f2b-ba1d-f317ceeb0ceb: shutdown LeaderElection
2019-10-18 07:14:11,270 [c52c3de9-0ed1-4f2b-ba1d-f317ceeb0ceb@group-20BE3FF63202-LeaderElection87] INFO  impl.RoleInfo (RoleInfo.java:updateAndGet(143)) - c52c3de9-0ed1-4f2b-ba1d-f317ceeb0ceb: start FollowerState
2019-10-18 07:14:11,460 [Thread-918] INFO  impl.FollowerState (FollowerState.java:run(108)) - c52c3de9-0ed1-4f2b-ba1d-f317ceeb0ceb@group-20BE3FF63202-FollowerState: change to CANDIDATE, lastRpcTime:189ms, electionTimeout:189ms
2019-10-18 07:14:11,460 [Thread-918] INFO  impl.RoleInfo (RoleInfo.java:shutdownFollowerState(121)) - c52c3de9-0ed1-4f2b-ba1d-f317ceeb0ceb: shutdown FollowerState
2019-10-18 07:14:11,460 [Thread-918] INFO  impl.RaftServerImpl (RaftServerImpl.java:setRole(184)) - c52c3de9-0ed1-4f2b-ba1d-f317ceeb0ceb@group-20BE3FF63202: changes role from  FOLLOWER to CANDIDATE at term 85 for changeToCandidate
2019-10-18 07:14:11,464 [Thread-918] INFO  impl.RoleInfo (RoleInfo.java:updateAndGet(143)) - c52c3de9-0ed1-4f2b-ba1d-f317ceeb0ceb: start LeaderElection
2019-10-18 07:14:11,465 [main] INFO  ozone.MiniOzoneClusterImpl (MiniOzoneClusterImpl.java:lambda$waitForClusterToBeReady$2(164)) - Waiting for 1 number of pipelines out of 9, to report a leader.
2019-10-18 07:14:11,519 [c52c3de9-0ed1-4f2b-ba1d-f317ceeb0ceb@group-20BE3FF63202-LeaderElection88] INFO  impl.LeaderElection (LeaderElection.java:askForVotes(178)) - c52c3de9-0ed1-4f2b-ba1d-f317ceeb0ceb@group-20BE3FF63202-LeaderElection88: begin an election at term 86 for -1: [24274e9f-e41f-4654-9afc-a783ca44e44b:192.168.69.67:35902, 988115cd-21c9-4558-b198-f2cedd98ccf3:192.168.69.67:44208, c52c3de9-0ed1-4f2b-ba1d-f317ceeb0ceb:192.168.69.67:37615], old=null
2019-10-18 07:14:11,523 [grpc-default-executor-0] INFO  impl.RaftServerImpl (RaftServerImpl.java:setRole(184)) - 988115cd-21c9-4558-b198-f2cedd98ccf3@group-20BE3FF63202: changes role from  FOLLOWER to FOLLOWER at term 86 for recognizeCandidate:c52c3de9-0ed1-4f2b-ba1d-f317ceeb0ceb
2019-10-18 07:14:11,523 [grpc-default-executor-1] INFO  impl.RaftServerImpl (RaftServerImpl.java:setRole(184)) - 24274e9f-e41f-4654-9afc-a783ca44e44b@group-20BE3FF63202: changes role from  FOLLOWER to FOLLOWER at term 86 for recognizeCandidate:c52c3de9-0ed1-4f2b-ba1d-f317ceeb0ceb
2019-10-18 07:14:11,523 [grpc-default-executor-0] INFO  impl.RoleInfo (RoleInfo.java:shutdownFollowerState(121)) - 988115cd-21c9-4558-b198-f2cedd98ccf3: shutdown FollowerState
2019-10-18 07:14:11,523 [grpc-default-executor-1] INFO  impl.RoleInfo (RoleInfo.java:shutdownFollowerState(121)) - 24274e9f-e41f-4654-9afc-a783ca44e44b: shutdown FollowerState
2019-10-18 07:14:11,523 [Thread-917] INFO  impl.FollowerState (FollowerState.java:run(117)) - 988115cd-21c9-4558-b198-f2cedd98ccf3@group-20BE3FF63202-FollowerState was interrupted: java.lang.InterruptedException: sleep interrupted
2019-10-18 07:14:11,523 [grpc-default-executor-0] INFO  impl.RoleInfo (RoleInfo.java:updateAndGet(143)) - 988115cd-21c9-4558-b198-f2cedd98ccf3: start FollowerState
2019-10-18 07:14:11,523 [Thread-916] INFO  impl.FollowerState (FollowerState.java:run(117)) - 24274e9f-e41f-4654-9afc-a783ca44e44b@group-20BE3FF63202-FollowerState was interrupted: java.lang.InterruptedException: sleep interrupted
2019-10-18 07:14:11,523 [grpc-default-executor-1] INFO  impl.RoleInfo (RoleInfo.java:updateAndGet(143)) - 24274e9f-e41f-4654-9afc-a783ca44e44b: start FollowerState
2019-10-18 07:14:11,569 [c52c3de9-0ed1-4f2b-ba1d-f317ceeb0ceb@group-20BE3FF63202-LeaderElection88] INFO  impl.LeaderElection (LeaderElection.java:logAndReturn(56)) - c52c3de9-0ed1-4f2b-ba1d-f317ceeb0ceb@group-20BE3FF63202-LeaderElection88: Election REJECTED; received 2 response(s) [c52c3de9-0ed1-4f2b-ba1d-f317ceeb0ceb<-24274e9f-e41f-4654-9afc-a783ca44e44b#0:FAIL-t86, c52c3de9-0ed1-4f2b-ba1d-f317ceeb0ceb<-988115cd-21c9-4558-b198-f2cedd98ccf3#0:FAIL-t86] and 0 exception(s); c52c3de9-0ed1-4f2b-ba1d-f317ceeb0ceb@group-20BE3FF63202:t86, leader=null, voted=c52c3de9-0ed1-4f2b-ba1d-f317ceeb0ceb, raftlog=c52c3de9-0ed1-4f2b-ba1d-f317ceeb0ceb@group-20BE3FF63202-SegmentedRaftLog:OPENED:c-1,f-1,i0, conf=-1: [24274e9f-e41f-4654-9afc-a783ca44e44b:192.168.69.67:35902, 988115cd-21c9-4558-b198-f2cedd98ccf3:192.168.69.67:44208, c52c3de9-0ed1-4f2b-ba1d-f317ceeb0ceb:192.168.69.67:37615], old=null
2019-10-18 07:14:11,570 [c52c3de9-0ed1-4f2b-ba1d-f317ceeb0ceb@group-20BE3FF63202-LeaderElection88] INFO  impl.RaftServerImpl (RaftServerImpl.java:setRole(184)) - c52c3de9-0ed1-4f2b-ba1d-f317ceeb0ceb@group-20BE3FF63202: changes role from CANDIDATE to FOLLOWER at term 86 for DISCOVERED_A_NEW_TERM
2019-10-18 07:14:11,570 [c52c3de9-0ed1-4f2b-ba1d-f317ceeb0ceb@group-20BE3FF63202-LeaderElection88] INFO  impl.RoleInfo (RoleInfo.java:shutdownLeaderElection(134)) - c52c3de9-0ed1-4f2b-ba1d-f317ceeb0ceb: shutdown LeaderElection
2019-10-18 07:14:11,570 [c52c3de9-0ed1-4f2b-ba1d-f317ceeb0ceb@group-20BE3FF63202-LeaderElection88] INFO  impl.RoleInfo (RoleInfo.java:updateAndGet(143)) - c52c3de9-0ed1-4f2b-ba1d-f317ceeb0ceb: start FollowerState
2019-10-18 07:14:11,731 [Thread-924] INFO  impl.FollowerState (FollowerState.java:run(108)) - c52c3de9-0ed1-4f2b-ba1d-f317ceeb0ceb@group-20BE3FF63202-FollowerState: change to CANDIDATE, lastRpcTime:160ms, electionTimeout:160ms
2019-10-18 07:14:11,731 [Thread-924] INFO  impl.RoleInfo (RoleInfo.java:shutdownFollowerState(121)) - c52c3de9-0ed1-4f2b-ba1d-f317ceeb0ceb: shutdown FollowerState
2019-10-18 07:14:11,731 [Thread-924] INFO  impl.RaftServerImpl (RaftServerImpl.java:setRole(184)) - c52c3de9-0ed1-4f2b-ba1d-f317ceeb0ceb@group-20BE3FF63202: changes role from  FOLLOWER to CANDIDATE at term 86 for changeToCandidate
2019-10-18 07:14:11,731 [Thread-924] INFO  impl.RoleInfo (RoleInfo.java:updateAndGet(143)) - c52c3de9-0ed1-4f2b-ba1d-f317ceeb0ceb: start LeaderElection
2019-10-18 07:14:11,808 [c52c3de9-0ed1-4f2b-ba1d-f317ceeb0ceb@group-20BE3FF63202-LeaderElection89] INFO  impl.LeaderElection (LeaderElection.java:askForVotes(178)) - c52c3de9-0ed1-4f2b-ba1d-f317ceeb0ceb@group-20BE3FF63202-LeaderElection89: begin an election at term 87 for -1: [24274e9f-e41f-4654-9afc-a783ca44e44b:192.168.69.67:35902, 988115cd-21c9-4558-b198-f2cedd98ccf3:192.168.69.67:44208, c52c3de9-0ed1-4f2b-ba1d-f317ceeb0ceb:192.168.69.67:37615], old=null
2019-10-18 07:14:11,814 [grpc-default-executor-1] INFO  impl.RaftServerImpl (RaftServerImpl.java:setRole(184)) - 24274e9f-e41f-4654-9afc-a783ca44e44b@group-20BE3FF63202: changes role from  FOLLOWER to FOLLOWER at term 87 for recognizeCandidate:c52c3de9-0ed1-4f2b-ba1d-f317ceeb0ceb
2019-10-18 07:14:11,814 [grpc-default-executor-0] INFO  impl.RaftServerImpl (RaftServerImpl.java:setRole(184)) - 988115cd-21c9-4558-b198-f2cedd98ccf3@group-20BE3FF63202: changes role from  FOLLOWER to FOLLOWER at term 87 for recognizeCandidate:c52c3de9-0ed1-4f2b-ba1d-f317ceeb0ceb
2019-10-18 07:14:11,814 [grpc-default-executor-1] INFO  impl.RoleInfo (RoleInfo.java:shutdownFollowerState(121)) - 24274e9f-e41f-4654-9afc-a783ca44e44b: shutdown FollowerState
2019-10-18 07:14:11,814 [grpc-default-executor-0] INFO  impl.RoleInfo (RoleInfo.java:shutdownFollowerState(121)) - 988115cd-21c9-4558-b198-f2cedd98ccf3: shutdown FollowerState
2019-10-18 07:14:11,815 [Thread-923] INFO  impl.FollowerState (FollowerState.java:run(117)) - 24274e9f-e41f-4654-9afc-a783ca44e44b@group-20BE3FF63202-FollowerState was interrupted: java.lang.InterruptedException: sleep interrupted
2019-10-18 07:14:11,815 [grpc-default-executor-1] INFO  impl.RoleInfo (RoleInfo.java:updateAndGet(143)) - 24274e9f-e41f-4654-9afc-a783ca44e44b: start FollowerState
2019-10-18 07:14:11,815 [grpc-default-executor-0] INFO  impl.RoleInfo (RoleInfo.java:updateAndGet(143)) - 988115cd-21c9-4558-b198-f2cedd98ccf3: start FollowerState
2019-10-18 07:14:11,815 [Thread-922] INFO  impl.FollowerState (FollowerState.java:run(117)) - 988115cd-21c9-4558-b198-f2cedd98ccf3@group-20BE3FF63202-FollowerState was interrupted: java.lang.InterruptedException: sleep interrupted
2019-10-18 07:14:11,854 [c52c3de9-0ed1-4f2b-ba1d-f317ceeb0ceb@group-20BE3FF63202-LeaderElection89] INFO  impl.LeaderElection (LeaderElection.java:logAndReturn(56)) - c52c3de9-0ed1-4f2b-ba1d-f317ceeb0ceb@group-20BE3FF63202-LeaderElection89: Election REJECTED; received 2 response(s) [c52c3de9-0ed1-4f2b-ba1d-f317ceeb0ceb<-24274e9f-e41f-4654-9afc-a783ca44e44b#0:FAIL-t87, c52c3de9-0ed1-4f2b-ba1d-f317ceeb0ceb<-988115cd-21c9-4558-b198-f2cedd98ccf3#0:FAIL-t87] and 0 exception(s); c52c3de9-0ed1-4f2b-ba1d-f317ceeb0ceb@group-20BE3FF63202:t87, leader=null, voted=c52c3de9-0ed1-4f2b-ba1d-f317ceeb0ceb, raftlog=c52c3de9-0ed1-4f2b-ba1d-f317ceeb0ceb@group-20BE3FF63202-SegmentedRaftLog:OPENED:c-1,f-1,i0, conf=-1: [24274e9f-e41f-4654-9afc-a783ca44e44b:192.168.69.67:35902, 988115cd-21c9-4558-b198-f2cedd98ccf3:192.168.69.67:44208, c52c3de9-0ed1-4f2b-ba1d-f317ceeb0ceb:192.168.69.67:37615], old=null
2019-10-18 07:14:11,855 [c52c3de9-0ed1-4f2b-ba1d-f317ceeb0ceb@group-20BE3FF63202-LeaderElection89] INFO  impl.RaftServerImpl (RaftServerImpl.java:setRole(184)) - c52c3de9-0ed1-4f2b-ba1d-f317ceeb0ceb@group-20BE3FF63202: changes role from CANDIDATE to FOLLOWER at term 87 for DISCOVERED_A_NEW_TERM
2019-10-18 07:14:11,855 [c52c3de9-0ed1-4f2b-ba1d-f317ceeb0ceb@group-20BE3FF63202-LeaderElection89] INFO  impl.RoleInfo (RoleInfo.java:shutdownLeaderElection(134)) - c52c3de9-0ed1-4f2b-ba1d-f317ceeb0ceb: shutdown LeaderElection
2019-10-18 07:14:11,855 [c52c3de9-0ed1-4f2b-ba1d-f317ceeb0ceb@group-20BE3FF63202-LeaderElection89] INFO  impl.RoleInfo (RoleInfo.java:updateAndGet(143)) - c52c3de9-0ed1-4f2b-ba1d-f317ceeb0ceb: start FollowerState
2019-10-18 07:14:11,934 [Thread-930] INFO  impl.FollowerState (FollowerState.java:run(108)) - c52c3de9-0ed1-4f2b-ba1d-f317ceeb0ceb@group-20BE3FF63202-FollowerState: change to CANDIDATE, lastRpcTime:78ms, electionTimeout:78ms
2019-10-18 07:14:11,934 [Thread-930] INFO  impl.RoleInfo (RoleInfo.java:shutdownFollowerState(121)) - c52c3de9-0ed1-4f2b-ba1d-f317ceeb0ceb: shutdown FollowerState
2019-10-18 07:14:11,934 [Thread-930] INFO  impl.RaftServerImpl (RaftServerImpl.java:setRole(184)) - c52c3de9-0ed1-4f2b-ba1d-f317ceeb0ceb@group-20BE3FF63202: changes role from  FOLLOWER to CANDIDATE at term 87 for changeToCandidate
2019-10-18 07:14:11,934 [Thread-930] INFO  impl.RoleInfo (RoleInfo.java:updateAndGet(143)) - c52c3de9-0ed1-4f2b-ba1d-f317ceeb0ceb: start LeaderElection
2019-10-18 07:14:11,961 [c52c3de9-0ed1-4f2b-ba1d-f317ceeb0ceb@group-20BE3FF63202-LeaderElection90] INFO  impl.LeaderElection (LeaderElection.java:askForVotes(178)) - c52c3de9-0ed1-4f2b-ba1d-f317ceeb0ceb@group-20BE3FF63202-LeaderElection90: begin an election at term 88 for -1: [24274e9f-e41f-4654-9afc-a783ca44e44b:192.168.69.67:35902, 988115cd-21c9-4558-b198-f2cedd98ccf3:192.168.69.67:44208, c52c3de9-0ed1-4f2b-ba1d-f317ceeb0ceb:192.168.69.67:37615], old=null
2019-10-18 07:14:11,965 [grpc-default-executor-1] INFO  impl.RaftServerImpl (RaftServerImpl.java:setRole(184)) - 24274e9f-e41f-4654-9afc-a783ca44e44b@group-20BE3FF63202: changes role from  FOLLOWER to FOLLOWER at term 88 for recognizeCandidate:c52c3de9-0ed1-4f2b-ba1d-f317ceeb0ceb
2019-10-18 07:14:11,965 [grpc-default-executor-0] INFO  impl.RaftServerImpl (RaftServerImpl.java:setRole(184)) - 988115cd-21c9-4558-b198-f2cedd98ccf3@group-20BE3FF63202: changes role from  FOLLOWER to FOLLOWER at term 88 for recognizeCandidate:c52c3de9-0ed1-4f2b-ba1d-f317ceeb0ceb
2019-10-18 07:14:11,966 [grpc-default-executor-1] INFO  impl.RoleInfo (RoleInfo.java:shutdownFollowerState(121)) - 24274e9f-e41f-4654-9afc-a783ca44e44b: shutdown FollowerState
2019-10-18 07:14:11,966 [grpc-default-executor-0] INFO  impl.RoleInfo (RoleInfo.java:shutdownFollowerState(121)) - 988115cd-21c9-4558-b198-f2cedd98ccf3: shutdown FollowerState
2019-10-18 07:14:11,966 [Thread-928] INFO  impl.FollowerState (FollowerState.java:run(117)) - 24274e9f-e41f-4654-9afc-a783ca44e44b@group-20BE3FF63202-FollowerState was interrupted: java.lang.InterruptedException: sleep interrupted
2019-10-18 07:14:11,966 [grpc-default-executor-1] INFO  impl.RoleInfo (RoleInfo.java:updateAndGet(143)) - 24274e9f-e41f-4654-9afc-a783ca44e44b: start FollowerState
2019-10-18 07:14:11,966 [grpc-default-executor-0] INFO  impl.RoleInfo (RoleInfo.java:updateAndGet(143)) - 988115cd-21c9-4558-b198-f2cedd98ccf3: start FollowerState
2019-10-18 07:14:11,966 [Thread-929] INFO  impl.FollowerState (FollowerState.java:run(117)) - 988115cd-21c9-4558-b198-f2cedd98ccf3@group-20BE3FF63202-FollowerState was interrupted: java.lang.InterruptedException: sleep interrupted
2019-10-18 07:14:11,994 [c52c3de9-0ed1-4f2b-ba1d-f317ceeb0ceb@group-20BE3FF63202-LeaderElection90] INFO  impl.LeaderElection (LeaderElection.java:logAndReturn(56)) - c52c3de9-0ed1-4f2b-ba1d-f317ceeb0ceb@group-20BE3FF63202-LeaderElection90: Election TIMEOUT; received 0 response(s) [] and 0 exception(s); c52c3de9-0ed1-4f2b-ba1d-f317ceeb0ceb@group-20BE3FF63202:t88, leader=null, voted=c52c3de9-0ed1-4f2b-ba1d-f317ceeb0ceb, raftlog=c52c3de9-0ed1-4f2b-ba1d-f317ceeb0ceb@group-20BE3FF63202-SegmentedRaftLog:OPENED:c-1,f-1,i0, conf=-1: [24274e9f-e41f-4654-9afc-a783ca44e44b:192.168.69.67:35902, 988115cd-21c9-4558-b198-f2cedd98ccf3:192.168.69.67:44208, c52c3de9-0ed1-4f2b-ba1d-f317ceeb0ceb:192.168.69.67:37615], old=null
2019-10-18 07:14:12,033 [c52c3de9-0ed1-4f2b-ba1d-f317ceeb0ceb@group-20BE3FF63202-LeaderElection90] INFO  impl.LeaderElection (LeaderElection.java:askForVotes(178)) - c52c3de9-0ed1-4f2b-ba1d-f317ceeb0ceb@group-20BE3FF63202-LeaderElection90: begin an election at term 89 for -1: [24274e9f-e41f-4654-9afc-a783ca44e44b:192.168.69.67:35902, 988115cd-21c9-4558-b198-f2cedd98ccf3:192.168.69.67:44208, c52c3de9-0ed1-4f2b-ba1d-f317ceeb0ceb:192.168.69.67:37615], old=null
2019-10-18 07:14:12,036 [grpc-default-executor-1] INFO  impl.RaftServerImpl (RaftServerImpl.java:setRole(184)) - 24274e9f-e41f-4654-9afc-a783ca44e44b@group-20BE3FF63202: changes role from  FOLLOWER to FOLLOWER at term 89 for recognizeCandidate:c52c3de9-0ed1-4f2b-ba1d-f317ceeb0ceb
2019-10-18 07:14:12,036 [grpc-default-executor-1] INFO  impl.RoleInfo (RoleInfo.java:shutdownFollowerState(121)) - 24274e9f-e41f-4654-9afc-a783ca44e44b: shutdown FollowerState
2019-10-18 07:14:12,037 [grpc-default-executor-1] INFO  impl.RoleInfo (RoleInfo.java:updateAndGet(143)) - 24274e9f-e41f-4654-9afc-a783ca44e44b: start FollowerState
2019-10-18 07:14:12,037 [Thread-934] INFO  impl.FollowerState (FollowerState.java:run(117)) - 24274e9f-e41f-4654-9afc-a783ca44e44b@group-20BE3FF63202-FollowerState was interrupted: java.lang.InterruptedException: sleep interrupted
2019-10-18 07:14:12,037 [grpc-default-executor-0] INFO  impl.RaftServerImpl (RaftServerImpl.java:setRole(184)) - 988115cd-21c9-4558-b198-f2cedd98ccf3@group-20BE3FF63202: changes role from  FOLLOWER to FOLLOWER at term 89 for recognizeCandidate:c52c3de9-0ed1-4f2b-ba1d-f317ceeb0ceb
2019-10-18 07:14:12,037 [grpc-default-executor-0] INFO  impl.RoleInfo (RoleInfo.java:shutdownFollowerState(121)) - 988115cd-21c9-4558-b198-f2cedd98ccf3: shutdown FollowerState
2019-10-18 07:14:12,038 [grpc-default-executor-0] INFO  impl.RoleInfo (RoleInfo.java:updateAndGet(143)) - 988115cd-21c9-4558-b198-f2cedd98ccf3: start FollowerState
2019-10-18 07:14:12,038 [Thread-935] INFO  impl.FollowerState (FollowerState.java:run(117)) - 988115cd-21c9-4558-b198-f2cedd98ccf3@group-20BE3FF63202-FollowerState was interrupted: java.lang.InterruptedException: sleep interrupted
2019-10-18 07:14:12,101 [c52c3de9-0ed1-4f2b-ba1d-f317ceeb0ceb@group-20BE3FF63202-LeaderElection90] INFO  impl.LeaderElection (LeaderElection.java:logAndReturn(56)) - c52c3de9-0ed1-4f2b-ba1d-f317ceeb0ceb@group-20BE3FF63202-LeaderElection90: Election REJECTED; received 2 response(s) [c52c3de9-0ed1-4f2b-ba1d-f317ceeb0ceb<-24274e9f-e41f-4654-9afc-a783ca44e44b#0:FAIL-t89, c52c3de9-0ed1-4f2b-ba1d-f317ceeb0ceb<-988115cd-21c9-4558-b198-f2cedd98ccf3#0:FAIL-t89] and 0 exception(s); c52c3de9-0ed1-4f2b-ba1d-f317ceeb0ceb@group-20BE3FF63202:t89, leader=null, voted=c52c3de9-0ed1-4f2b-ba1d-f317ceeb0ceb, raftlog=c52c3de9-0ed1-4f2b-ba1d-f317ceeb0ceb@group-20BE3FF63202-SegmentedRaftLog:OPENED:c-1,f-1,i0, conf=-1: [24274e9f-e41f-4654-9afc-a783ca44e44b:192.168.69.67:35902, 988115cd-21c9-4558-b198-f2cedd98ccf3:192.168.69.67:44208, c52c3de9-0ed1-4f2b-ba1d-f317ceeb0ceb:192.168.69.67:37615], old=null
2019-10-18 07:14:12,101 [c52c3de9-0ed1-4f2b-ba1d-f317ceeb0ceb@group-20BE3FF63202-LeaderElection90] INFO  impl.RaftServerImpl (RaftServerImpl.java:setRole(184)) - c52c3de9-0ed1-4f2b-ba1d-f317ceeb0ceb@group-20BE3FF63202: changes role from CANDIDATE to FOLLOWER at term 89 for DISCOVERED_A_NEW_TERM
2019-10-18 07:14:12,102 [c52c3de9-0ed1-4f2b-ba1d-f317ceeb0ceb@group-20BE3FF63202-LeaderElection90] INFO  impl.RoleInfo (RoleInfo.java:shutdownLeaderElection(134)) - c52c3de9-0ed1-4f2b-ba1d-f317ceeb0ceb: shutdown LeaderElection
2019-10-18 07:14:12,102 [c52c3de9-0ed1-4f2b-ba1d-f317ceeb0ceb@group-20BE3FF63202-LeaderElection90] INFO  impl.RoleInfo (RoleInfo.java:updateAndGet(143)) - c52c3de9-0ed1-4f2b-ba1d-f317ceeb0ceb: start FollowerState
2019-10-18 07:14:12,177 [Thread-940] INFO  impl.FollowerState (FollowerState.java:run(108)) - c52c3de9-0ed1-4f2b-ba1d-f317ceeb0ceb@group-20BE3FF63202-FollowerState: change to CANDIDATE, lastRpcTime:75ms, electionTimeout:75ms
2019-10-18 07:14:12,177 [Thread-940] INFO  impl.RoleInfo (RoleInfo.java:shutdownFollowerState(121)) - c52c3de9-0ed1-4f2b-ba1d-f317ceeb0ceb: shutdown FollowerState
2019-10-18 07:14:12,178 [Thread-940] INFO  impl.RaftServerImpl (RaftServerImpl.java:setRole(184)) - c52c3de9-0ed1-4f2b-ba1d-f317ceeb0ceb@group-20BE3FF63202: changes role from  FOLLOWER to CANDIDATE at term 89 for changeToCandidate
2019-10-18 07:14:12,178 [Thread-940] INFO  impl.RoleInfo (RoleInfo.java:updateAndGet(143)) - c52c3de9-0ed1-4f2b-ba1d-f317ceeb0ceb: start LeaderElection
2019-10-18 07:14:12,218 [c52c3de9-0ed1-4f2b-ba1d-f317ceeb0ceb@group-20BE3FF63202-LeaderElection91] INFO  impl.LeaderElection (LeaderElection.java:askForVotes(178)) - c52c3de9-0ed1-4f2b-ba1d-f317ceeb0ceb@group-20BE3FF63202-LeaderElection91: begin an election at term 90 for -1: [24274e9f-e41f-4654-9afc-a783ca44e44b:192.168.69.67:35902, 988115cd-21c9-4558-b198-f2cedd98ccf3:192.168.69.67:44208, c52c3de9-0ed1-4f2b-ba1d-f317ceeb0ceb:192.168.69.67:37615], old=null
2019-10-18 07:14:12,222 [grpc-default-executor-1] INFO  impl.RaftServerImpl (RaftServerImpl.java:setRole(184)) - 24274e9f-e41f-4654-9afc-a783ca44e44b@group-20BE3FF63202: changes role from  FOLLOWER to FOLLOWER at term 90 for recognizeCandidate:c52c3de9-0ed1-4f2b-ba1d-f317ceeb0ceb
2019-10-18 07:14:12,222 [grpc-default-executor-0] INFO  impl.RaftServerImpl (RaftServerImpl.java:setRole(184)) - 988115cd-21c9-4558-b198-f2cedd98ccf3@group-20BE3FF63202: changes role from  FOLLOWER to FOLLOWER at term 90 for recognizeCandidate:c52c3de9-0ed1-4f2b-ba1d-f317ceeb0ceb
2019-10-18 07:14:12,222 [grpc-default-executor-1] INFO  impl.RoleInfo (RoleInfo.java:shutdownFollowerState(121)) - 24274e9f-e41f-4654-9afc-a783ca44e44b: shutdown FollowerState
2019-10-18 07:14:12,222 [grpc-default-executor-0] INFO  impl.RoleInfo (RoleInfo.java:shutdownFollowerState(121)) - 988115cd-21c9-4558-b198-f2cedd98ccf3: shutdown FollowerState
2019-10-18 07:14:12,223 [Thread-938] INFO  impl.FollowerState (FollowerState.java:run(117)) - 24274e9f-e41f-4654-9afc-a783ca44e44b@group-20BE3FF63202-FollowerState was interrupted: java.lang.InterruptedException: sleep interrupted
2019-10-18 07:14:12,223 [Thread-939] INFO  impl.FollowerState (FollowerState.java:run(117)) - 988115cd-21c9-4558-b198-f2cedd98ccf3@group-20BE3FF63202-FollowerState was interrupted: java.lang.InterruptedException: sleep interrupted
2019-10-18 07:14:12,223 [grpc-default-executor-1] INFO  impl.RoleInfo (RoleInfo.java:updateAndGet(143)) - 24274e9f-e41f-4654-9afc-a783ca44e44b: start FollowerState
2019-10-18 07:14:12,223 [grpc-default-executor-0] INFO  impl.RoleInfo (RoleInfo.java:updateAndGet(143)) - 988115cd-21c9-4558-b198-f2cedd98ccf3: start FollowerState
2019-10-18 07:14:12,253 [c52c3de9-0ed1-4f2b-ba1d-f317ceeb0ceb@group-20BE3FF63202-LeaderElection91] INFO  impl.LeaderElection (LeaderElection.java:logAndReturn(56)) - c52c3de9-0ed1-4f2b-ba1d-f317ceeb0ceb@group-20BE3FF63202-LeaderElection91: Election REJECTED; received 2 response(s) [c52c3de9-0ed1-4f2b-ba1d-f317ceeb0ceb<-24274e9f-e41f-4654-9afc-a783ca44e44b#0:FAIL-t90, c52c3de9-0ed1-4f2b-ba1d-f317ceeb0ceb<-988115cd-21c9-4558-b198-f2cedd98ccf3#0:FAIL-t90] and 0 exception(s); c52c3de9-0ed1-4f2b-ba1d-f317ceeb0ceb@group-20BE3FF63202:t90, leader=null, voted=c52c3de9-0ed1-4f2b-ba1d-f317ceeb0ceb, raftlog=c52c3de9-0ed1-4f2b-ba1d-f317ceeb0ceb@group-20BE3FF63202-SegmentedRaftLog:OPENED:c-1,f-1,i0, conf=-1: [24274e9f-e41f-4654-9afc-a783ca44e44b:192.168.69.67:35902, 988115cd-21c9-4558-b198-f2cedd98ccf3:192.168.69.67:44208, c52c3de9-0ed1-4f2b-ba1d-f317ceeb0ceb:192.168.69.67:37615], old=null
2019-10-18 07:14:12,253 [c52c3de9-0ed1-4f2b-ba1d-f317ceeb0ceb@group-20BE3FF63202-LeaderElection91] INFO  impl.RaftServerImpl (RaftServerImpl.java:setRole(184)) - c52c3de9-0ed1-4f2b-ba1d-f317ceeb0ceb@group-20BE3FF63202: changes role from CANDIDATE to FOLLOWER at term 90 for DISCOVERED_A_NEW_TERM
2019-10-18 07:14:12,253 [c52c3de9-0ed1-4f2b-ba1d-f317ceeb0ceb@group-20BE3FF63202-LeaderElection91] INFO  impl.RoleInfo (RoleInfo.java:shutdownLeaderElection(134)) - c52c3de9-0ed1-4f2b-ba1d-f317ceeb0ceb: shutdown LeaderElection
2019-10-18 07:14:12,254 [c52c3de9-0ed1-4f2b-ba1d-f317ceeb0ceb@group-20BE3FF63202-LeaderElection91] INFO  impl.RoleInfo (RoleInfo.java:updateAndGet(143)) - c52c3de9-0ed1-4f2b-ba1d-f317ceeb0ceb: start FollowerState
2019-10-18 07:14:12,371 [Thread-946] INFO  impl.FollowerState (FollowerState.java:run(108)) - c52c3de9-0ed1-4f2b-ba1d-f317ceeb0ceb@group-20BE3FF63202-FollowerState: change to CANDIDATE, lastRpcTime:117ms, electionTimeout:117ms
2019-10-18 07:14:12,371 [Thread-946] INFO  impl.RoleInfo (RoleInfo.java:shutdownFollowerState(121)) - c52c3de9-0ed1-4f2b-ba1d-f317ceeb0ceb: shutdown FollowerState
2019-10-18 07:14:12,372 [Thread-946] INFO  impl.RaftServerImpl (RaftServerImpl.java:setRole(184)) - c52c3de9-0ed1-4f2b-ba1d-f317ceeb0ceb@group-20BE3FF63202: changes role from  FOLLOWER to CANDIDATE at term 90 for changeToCandidate
2019-10-18 07:14:12,372 [Thread-946] INFO  impl.RoleInfo (RoleInfo.java:updateAndGet(143)) - c52c3de9-0ed1-4f2b-ba1d-f317ceeb0ceb: start LeaderElection
2019-10-18 07:14:12,413 [c52c3de9-0ed1-4f2b-ba1d-f317ceeb0ceb@group-20BE3FF63202-LeaderElection92] INFO  impl.LeaderElection (LeaderElection.java:askForVotes(178)) - c52c3de9-0ed1-4f2b-ba1d-f317ceeb0ceb@group-20BE3FF63202-LeaderElection92: begin an election at term 91 for -1: [24274e9f-e41f-4654-9afc-a783ca44e44b:192.168.69.67:35902, 988115cd-21c9-4558-b198-f2cedd98ccf3:192.168.69.67:44208, c52c3de9-0ed1-4f2b-ba1d-f317ceeb0ceb:192.168.69.67:37615], old=null
2019-10-18 07:14:12,416 [grpc-default-executor-0] INFO  impl.RaftServerImpl (RaftServerImpl.java:setRole(184)) - 24274e9f-e41f-4654-9afc-a783ca44e44b@group-20BE3FF63202: changes role from  FOLLOWER to FOLLOWER at term 91 for recognizeCandidate:c52c3de9-0ed1-4f2b-ba1d-f317ceeb0ceb
2019-10-18 07:14:12,416 [grpc-default-executor-0] INFO  impl.RoleInfo (RoleInfo.java:shutdownFollowerState(121)) - 24274e9f-e41f-4654-9afc-a783ca44e44b: shutdown FollowerState
2019-10-18 07:14:12,416 [grpc-default-executor-1] INFO  impl.RaftServerImpl (RaftServerImpl.java:setRole(184)) - 988115cd-21c9-4558-b198-f2cedd98ccf3@group-20BE3FF63202: changes role from  FOLLOWER to FOLLOWER at term 91 for recognizeCandidate:c52c3de9-0ed1-4f2b-ba1d-f317ceeb0ceb
2019-10-18 07:14:12,416 [Thread-944] INFO  impl.FollowerState (FollowerState.java:run(117)) - 24274e9f-e41f-4654-9afc-a783ca44e44b@group-20BE3FF63202-FollowerState was interrupted: java.lang.InterruptedException: sleep interrupted
2019-10-18 07:14:12,416 [grpc-default-executor-0] INFO  impl.RoleInfo (RoleInfo.java:updateAndGet(143)) - 24274e9f-e41f-4654-9afc-a783ca44e44b: start FollowerState
2019-10-18 07:14:12,417 [grpc-default-executor-1] INFO  impl.RoleInfo (RoleInfo.java:shutdownFollowerState(121)) - 988115cd-21c9-4558-b198-f2cedd98ccf3: shutdown FollowerState
2019-10-18 07:14:12,417 [grpc-default-executor-1] INFO  impl.RoleInfo (RoleInfo.java:updateAndGet(143)) - 988115cd-21c9-4558-b198-f2cedd98ccf3: start FollowerState
2019-10-18 07:14:12,417 [Thread-945] INFO  impl.FollowerState (FollowerState.java:run(117)) - 988115cd-21c9-4558-b198-f2cedd98ccf3@group-20BE3FF63202-FollowerState was interrupted: java.lang.InterruptedException: sleep interrupted
2019-10-18 07:14:12,450 [c52c3de9-0ed1-4f2b-ba1d-f317ceeb0ceb@group-20BE3FF63202-LeaderElection92] INFO  impl.LeaderElection (LeaderElection.java:logAndReturn(56)) - c52c3de9-0ed1-4f2b-ba1d-f317ceeb0ceb@group-20BE3FF63202-LeaderElection92: Election REJECTED; received 2 response(s) [c52c3de9-0ed1-4f2b-ba1d-f317ceeb0ceb<-24274e9f-e41f-4654-9afc-a783ca44e44b#0:FAIL-t91, c52c3de9-0ed1-4f2b-ba1d-f317ceeb0ceb<-988115cd-21c9-4558-b198-f2cedd98ccf3#0:FAIL-t91] and 0 exception(s); c52c3de9-0ed1-4f2b-ba1d-f317ceeb0ceb@group-20BE3FF63202:t91, leader=null, voted=c52c3de9-0ed1-4f2b-ba1d-f317ceeb0ceb, raftlog=c52c3de9-0ed1-4f2b-ba1d-f317ceeb0ceb@group-20BE3FF63202-SegmentedRaftLog:OPENED:c-1,f-1,i0, conf=-1: [24274e9f-e41f-4654-9afc-a783ca44e44b:192.168.69.67:35902, 988115cd-21c9-4558-b198-f2cedd98ccf3:192.168.69.67:44208, c52c3de9-0ed1-4f2b-ba1d-f317ceeb0ceb:192.168.69.67:37615], old=null
2019-10-18 07:14:12,450 [c52c3de9-0ed1-4f2b-ba1d-f317ceeb0ceb@group-20BE3FF63202-LeaderElection92] INFO  impl.RaftServerImpl (RaftServerImpl.java:setRole(184)) - c52c3de9-0ed1-4f2b-ba1d-f317ceeb0ceb@group-20BE3FF63202: changes role from CANDIDATE to FOLLOWER at term 91 for DISCOVERED_A_NEW_TERM
2019-10-18 07:14:12,451 [c52c3de9-0ed1-4f2b-ba1d-f317ceeb0ceb@group-20BE3FF63202-LeaderElection92] INFO  impl.RoleInfo (RoleInfo.java:shutdownLeaderElection(134)) - c52c3de9-0ed1-4f2b-ba1d-f317ceeb0ceb: shutdown LeaderElection
2019-10-18 07:14:12,451 [c52c3de9-0ed1-4f2b-ba1d-f317ceeb0ceb@group-20BE3FF63202-LeaderElection92] INFO  impl.RoleInfo (RoleInfo.java:updateAndGet(143)) - c52c3de9-0ed1-4f2b-ba1d-f317ceeb0ceb: start FollowerState
2019-10-18 07:14:12,465 [main] INFO  ozone.MiniOzoneClusterImpl (MiniOzoneClusterImpl.java:lambda$waitForClusterToBeReady$2(164)) - Waiting for 1 number of pipelines out of 9, to report a leader.
2019-10-18 07:14:12,487 [Thread-952] INFO  impl.FollowerState (FollowerState.java:run(108)) - c52c3de9-0ed1-4f2b-ba1d-f317ceeb0ceb@group-20BE3FF63202-FollowerState: change to CANDIDATE, lastRpcTime:36ms, electionTimeout:36ms
2019-10-18 07:14:12,488 [Thread-952] INFO  impl.RoleInfo (RoleInfo.java:shutdownFollowerState(121)) - c52c3de9-0ed1-4f2b-ba1d-f317ceeb0ceb: shutdown FollowerState
2019-10-18 07:14:12,488 [Thread-952] INFO  impl.RaftServerImpl (RaftServerImpl.java:setRole(184)) - c52c3de9-0ed1-4f2b-ba1d-f317ceeb0ceb@group-20BE3FF63202: changes role from  FOLLOWER to CANDIDATE at term 91 for changeToCandidate
2019-10-18 07:14:12,488 [Thread-952] INFO  impl.RoleInfo (RoleInfo.java:updateAndGet(143)) - c52c3de9-0ed1-4f2b-ba1d-f317ceeb0ceb: start LeaderElection
2019-10-18 07:14:12,523 [c52c3de9-0ed1-4f2b-ba1d-f317ceeb0ceb@group-20BE3FF63202-LeaderElection93] INFO  impl.LeaderElection (LeaderElection.java:askForVotes(178)) - c52c3de9-0ed1-4f2b-ba1d-f317ceeb0ceb@group-20BE3FF63202-LeaderElection93: begin an election at term 92 for -1: [24274e9f-e41f-4654-9afc-a783ca44e44b:192.168.69.67:35902, 988115cd-21c9-4558-b198-f2cedd98ccf3:192.168.69.67:44208, c52c3de9-0ed1-4f2b-ba1d-f317ceeb0ceb:192.168.69.67:37615], old=null
2019-10-18 07:14:12,526 [grpc-default-executor-1] INFO  impl.RaftServerImpl (RaftServerImpl.java:setRole(184)) - 988115cd-21c9-4558-b198-f2cedd98ccf3@group-20BE3FF63202: changes role from  FOLLOWER to FOLLOWER at term 92 for recognizeCandidate:c52c3de9-0ed1-4f2b-ba1d-f317ceeb0ceb
2019-10-18 07:14:12,526 [grpc-default-executor-0] INFO  impl.RaftServerImpl (RaftServerImpl.java:setRole(184)) - 24274e9f-e41f-4654-9afc-a783ca44e44b@group-20BE3FF63202: changes role from  FOLLOWER to FOLLOWER at term 92 for recognizeCandidate:c52c3de9-0ed1-4f2b-ba1d-f317ceeb0ceb
2019-10-18 07:14:12,526 [grpc-default-executor-1] INFO  impl.RoleInfo (RoleInfo.java:shutdownFollowerState(121)) - 988115cd-21c9-4558-b198-f2cedd98ccf3: shutdown FollowerState
2019-10-18 07:14:12,526 [grpc-default-executor-0] INFO  impl.RoleInfo (RoleInfo.java:shutdownFollowerState(121)) - 24274e9f-e41f-4654-9afc-a783ca44e44b: shutdown FollowerState
2019-10-18 07:14:12,526 [Thread-951] INFO  impl.FollowerState (FollowerState.java:run(117)) - 988115cd-21c9-4558-b198-f2cedd98ccf3@group-20BE3FF63202-FollowerState was interrupted: java.lang.InterruptedException: sleep interrupted
2019-10-18 07:14:12,526 [Thread-950] INFO  impl.FollowerState (FollowerState.java:run(117)) - 24274e9f-e41f-4654-9afc-a783ca44e44b@group-20BE3FF63202-FollowerState was interrupted: java.lang.InterruptedException: sleep interrupted
2019-10-18 07:14:12,526 [grpc-default-executor-1] INFO  impl.RoleInfo (RoleInfo.java:updateAndGet(143)) - 988115cd-21c9-4558-b198-f2cedd98ccf3: start FollowerState
2019-10-18 07:14:12,526 [grpc-default-executor-0] INFO  impl.RoleInfo (RoleInfo.java:updateAndGet(143)) - 24274e9f-e41f-4654-9afc-a783ca44e44b: start FollowerState
2019-10-18 07:14:12,560 [c52c3de9-0ed1-4f2b-ba1d-f317ceeb0ceb@group-20BE3FF63202-LeaderElection93] INFO  impl.LeaderElection (LeaderElection.java:logAndReturn(56)) - c52c3de9-0ed1-4f2b-ba1d-f317ceeb0ceb@group-20BE3FF63202-LeaderElection93: Election REJECTED; received 2 response(s) [c52c3de9-0ed1-4f2b-ba1d-f317ceeb0ceb<-24274e9f-e41f-4654-9afc-a783ca44e44b#0:FAIL-t92, c52c3de9-0ed1-4f2b-ba1d-f317ceeb0ceb<-988115cd-21c9-4558-b198-f2cedd98ccf3#0:FAIL-t92] and 0 exception(s); c52c3de9-0ed1-4f2b-ba1d-f317ceeb0ceb@group-20BE3FF63202:t92, leader=null, voted=c52c3de9-0ed1-4f2b-ba1d-f317ceeb0ceb, raftlog=c52c3de9-0ed1-4f2b-ba1d-f317ceeb0ceb@group-20BE3FF63202-SegmentedRaftLog:OPENED:c-1,f-1,i0, conf=-1: [24274e9f-e41f-4654-9afc-a783ca44e44b:192.168.69.67:35902, 988115cd-21c9-4558-b198-f2cedd98ccf3:192.168.69.67:44208, c52c3de9-0ed1-4f2b-ba1d-f317ceeb0ceb:192.168.69.67:37615], old=null
2019-10-18 07:14:12,560 [c52c3de9-0ed1-4f2b-ba1d-f317ceeb0ceb@group-20BE3FF63202-LeaderElection93] INFO  impl.RaftServerImpl (RaftServerImpl.java:setRole(184)) - c52c3de9-0ed1-4f2b-ba1d-f317ceeb0ceb@group-20BE3FF63202: changes role from CANDIDATE to FOLLOWER at term 92 for DISCOVERED_A_NEW_TERM
2019-10-18 07:14:12,560 [c52c3de9-0ed1-4f2b-ba1d-f317ceeb0ceb@group-20BE3FF63202-LeaderElection93] INFO  impl.RoleInfo (RoleInfo.java:shutdownLeaderElection(134)) - c52c3de9-0ed1-4f2b-ba1d-f317ceeb0ceb: shutdown LeaderElection
2019-10-18 07:14:12,560 [c52c3de9-0ed1-4f2b-ba1d-f317ceeb0ceb@group-20BE3FF63202-LeaderElection93] INFO  impl.RoleInfo (RoleInfo.java:updateAndGet(143)) - c52c3de9-0ed1-4f2b-ba1d-f317ceeb0ceb: start FollowerState
2019-10-18 07:14:12,698 [Thread-958] INFO  impl.FollowerState (FollowerState.java:run(108)) - c52c3de9-0ed1-4f2b-ba1d-f317ceeb0ceb@group-20BE3FF63202-FollowerState: change to CANDIDATE, lastRpcTime:137ms, electionTimeout:137ms
2019-10-18 07:14:12,698 [Thread-958] INFO  impl.RoleInfo (RoleInfo.java:shutdownFollowerState(121)) - c52c3de9-0ed1-4f2b-ba1d-f317ceeb0ceb: shutdown FollowerState
2019-10-18 07:14:12,698 [Thread-958] INFO  impl.RaftServerImpl (RaftServerImpl.java:setRole(184)) - c52c3de9-0ed1-4f2b-ba1d-f317ceeb0ceb@group-20BE3FF63202: changes role from  FOLLOWER to CANDIDATE at term 92 for changeToCandidate
2019-10-18 07:14:12,698 [Thread-958] INFO  impl.RoleInfo (RoleInfo.java:updateAndGet(143)) - c52c3de9-0ed1-4f2b-ba1d-f317ceeb0ceb: start LeaderElection
2019-10-18 07:14:12,767 [c52c3de9-0ed1-4f2b-ba1d-f317ceeb0ceb@group-20BE3FF63202-LeaderElection94] INFO  impl.LeaderElection (LeaderElection.java:askForVotes(178)) - c52c3de9-0ed1-4f2b-ba1d-f317ceeb0ceb@group-20BE3FF63202-LeaderElection94: begin an election at term 93 for -1: [24274e9f-e41f-4654-9afc-a783ca44e44b:192.168.69.67:35902, 988115cd-21c9-4558-b198-f2cedd98ccf3:192.168.69.67:44208, c52c3de9-0ed1-4f2b-ba1d-f317ceeb0ceb:192.168.69.67:37615], old=null
2019-10-18 07:14:12,770 [grpc-default-executor-1] INFO  impl.RaftServerImpl (RaftServerImpl.java:setRole(184)) - 988115cd-21c9-4558-b198-f2cedd98ccf3@group-20BE3FF63202: changes role from  FOLLOWER to FOLLOWER at term 93 for recognizeCandidate:c52c3de9-0ed1-4f2b-ba1d-f317ceeb0ceb
2019-10-18 07:14:12,771 [grpc-default-executor-1] INFO  impl.RoleInfo (RoleInfo.java:shutdownFollowerState(121)) - 988115cd-21c9-4558-b198-f2cedd98ccf3: shutdown FollowerState
2019-10-18 07:14:12,771 [grpc-default-executor-1] INFO  impl.RoleInfo (RoleInfo.java:updateAndGet(143)) - 988115cd-21c9-4558-b198-f2cedd98ccf3: start FollowerState
2019-10-18 07:14:12,771 [Thread-956] INFO  impl.FollowerState (FollowerState.java:run(117)) - 988115cd-21c9-4558-b198-f2cedd98ccf3@group-20BE3FF63202-FollowerState was interrupted: java.lang.InterruptedException: sleep interrupted
2019-10-18 07:14:12,771 [grpc-default-executor-0] INFO  impl.RaftServerImpl (RaftServerImpl.java:setRole(184)) - 24274e9f-e41f-4654-9afc-a783ca44e44b@group-20BE3FF63202: changes role from  FOLLOWER to FOLLOWER at term 93 for recognizeCandidate:c52c3de9-0ed1-4f2b-ba1d-f317ceeb0ceb
2019-10-18 07:14:12,772 [grpc-default-executor-0] INFO  impl.RoleInfo (RoleInfo.java:shutdownFollowerState(121)) - 24274e9f-e41f-4654-9afc-a783ca44e44b: shutdown FollowerState
2019-10-18 07:14:12,772 [grpc-default-executor-0] INFO  impl.RoleInfo (RoleInfo.java:updateAndGet(143)) - 24274e9f-e41f-4654-9afc-a783ca44e44b: start FollowerState
2019-10-18 07:14:12,772 [Thread-957] INFO  impl.FollowerState (FollowerState.java:run(117)) - 24274e9f-e41f-4654-9afc-a783ca44e44b@group-20BE3FF63202-FollowerState was interrupted: java.lang.InterruptedException: sleep interrupted
2019-10-18 07:14:12,798 [c52c3de9-0ed1-4f2b-ba1d-f317ceeb0ceb@group-20BE3FF63202-LeaderElection94] INFO  impl.LeaderElection (LeaderElection.java:logAndReturn(56)) - c52c3de9-0ed1-4f2b-ba1d-f317ceeb0ceb@group-20BE3FF63202-LeaderElection94: Election REJECTED; received 2 response(s) [c52c3de9-0ed1-4f2b-ba1d-f317ceeb0ceb<-24274e9f-e41f-4654-9afc-a783ca44e44b#0:FAIL-t93, c52c3de9-0ed1-4f2b-ba1d-f317ceeb0ceb<-988115cd-21c9-4558-b198-f2cedd98ccf3#0:FAIL-t93] and 0 exception(s); c52c3de9-0ed1-4f2b-ba1d-f317ceeb0ceb@group-20BE3FF63202:t93, leader=null, voted=c52c3de9-0ed1-4f2b-ba1d-f317ceeb0ceb, raftlog=c52c3de9-0ed1-4f2b-ba1d-f317ceeb0ceb@group-20BE3FF63202-SegmentedRaftLog:OPENED:c-1,f-1,i0, conf=-1: [24274e9f-e41f-4654-9afc-a783ca44e44b:192.168.69.67:35902, 988115cd-21c9-4558-b198-f2cedd98ccf3:192.168.69.67:44208, c52c3de9-0ed1-4f2b-ba1d-f317ceeb0ceb:192.168.69.67:37615], old=null
2019-10-18 07:14:12,799 [c52c3de9-0ed1-4f2b-ba1d-f317ceeb0ceb@group-20BE3FF63202-LeaderElection94] INFO  impl.RaftServerImpl (RaftServerImpl.java:setRole(184)) - c52c3de9-0ed1-4f2b-ba1d-f317ceeb0ceb@group-20BE3FF63202: changes role from CANDIDATE to FOLLOWER at term 93 for DISCOVERED_A_NEW_TERM
2019-10-18 07:14:12,799 [c52c3de9-0ed1-4f2b-ba1d-f317ceeb0ceb@group-20BE3FF63202-LeaderElection94] INFO  impl.RoleInfo (RoleInfo.java:shutdownLeaderElection(134)) - c52c3de9-0ed1-4f2b-ba1d-f317ceeb0ceb: shutdown LeaderElection
2019-10-18 07:14:12,799 [c52c3de9-0ed1-4f2b-ba1d-f317ceeb0ceb@group-20BE3FF63202-LeaderElection94] INFO  impl.RoleInfo (RoleInfo.java:updateAndGet(143)) - c52c3de9-0ed1-4f2b-ba1d-f317ceeb0ceb: start FollowerState
2019-10-18 07:14:12,819 [Thread-966] INFO  impl.FollowerState (FollowerState.java:run(108)) - c52c3de9-0ed1-4f2b-ba1d-f317ceeb0ceb@group-20BE3FF63202-FollowerState: change to CANDIDATE, lastRpcTime:20ms, electionTimeout:20ms
2019-10-18 07:14:12,820 [Thread-966] INFO  impl.RoleInfo (RoleInfo.java:shutdownFollowerState(121)) - c52c3de9-0ed1-4f2b-ba1d-f317ceeb0ceb: shutdown FollowerState
2019-10-18 07:14:12,820 [Thread-966] INFO  impl.RaftServerImpl (RaftServerImpl.java:setRole(184)) - c52c3de9-0ed1-4f2b-ba1d-f317ceeb0ceb@group-20BE3FF63202: changes role from  FOLLOWER to CANDIDATE at term 93 for changeToCandidate
2019-10-18 07:14:12,820 [Thread-966] INFO  impl.RoleInfo (RoleInfo.java:updateAndGet(143)) - c52c3de9-0ed1-4f2b-ba1d-f317ceeb0ceb: start LeaderElection
2019-10-18 07:14:12,873 [c52c3de9-0ed1-4f2b-ba1d-f317ceeb0ceb@group-20BE3FF63202-LeaderElection95] INFO  impl.LeaderElection (LeaderElection.java:askForVotes(178)) - c52c3de9-0ed1-4f2b-ba1d-f317ceeb0ceb@group-20BE3FF63202-LeaderElection95: begin an election at term 94 for -1: [24274e9f-e41f-4654-9afc-a783ca44e44b:192.168.69.67:35902, 988115cd-21c9-4558-b198-f2cedd98ccf3:192.168.69.67:44208, c52c3de9-0ed1-4f2b-ba1d-f317ceeb0ceb:192.168.69.67:37615], old=null
2019-10-18 07:14:12,876 [grpc-default-executor-0] INFO  impl.RaftServerImpl (RaftServerImpl.java:setRole(184)) - 24274e9f-e41f-4654-9afc-a783ca44e44b@group-20BE3FF63202: changes role from  FOLLOWER to FOLLOWER at term 94 for recognizeCandidate:c52c3de9-0ed1-4f2b-ba1d-f317ceeb0ceb
2019-10-18 07:14:12,877 [grpc-default-executor-0] INFO  impl.RoleInfo (RoleInfo.java:shutdownFollowerState(121)) - 24274e9f-e41f-4654-9afc-a783ca44e44b: shutdown FollowerState
2019-10-18 07:14:12,877 [grpc-default-executor-1] INFO  impl.RaftServerImpl (RaftServerImpl.java:setRole(184)) - 988115cd-21c9-4558-b198-f2cedd98ccf3@group-20BE3FF63202: changes role from  FOLLOWER to FOLLOWER at term 94 for recognizeCandidate:c52c3de9-0ed1-4f2b-ba1d-f317ceeb0ceb
2019-10-18 07:14:12,877 [Thread-964] INFO  impl.FollowerState (FollowerState.java:run(117)) - 24274e9f-e41f-4654-9afc-a783ca44e44b@group-20BE3FF63202-FollowerState was interrupted: java.lang.InterruptedException: sleep interrupted
2019-10-18 07:14:12,877 [grpc-default-executor-0] INFO  impl.RoleInfo (RoleInfo.java:updateAndGet(143)) - 24274e9f-e41f-4654-9afc-a783ca44e44b: start FollowerState
2019-10-18 07:14:12,877 [grpc-default-executor-1] INFO  impl.RoleInfo (RoleInfo.java:shutdownFollowerState(121)) - 988115cd-21c9-4558-b198-f2cedd98ccf3: shutdown FollowerState
2019-10-18 07:14:12,878 [grpc-default-executor-1] INFO  impl.RoleInfo (RoleInfo.java:updateAndGet(143)) - 988115cd-21c9-4558-b198-f2cedd98ccf3: start FollowerState
2019-10-18 07:14:12,878 [Thread-963] INFO  impl.FollowerState (FollowerState.java:run(117)) - 988115cd-21c9-4558-b198-f2cedd98ccf3@group-20BE3FF63202-FollowerState was interrupted: java.lang.InterruptedException: sleep interrupted
2019-10-18 07:14:12,906 [c52c3de9-0ed1-4f2b-ba1d-f317ceeb0ceb@group-20BE3FF63202-LeaderElection95] INFO  impl.LeaderElection (LeaderElection.java:logAndReturn(56)) - c52c3de9-0ed1-4f2b-ba1d-f317ceeb0ceb@group-20BE3FF63202-LeaderElection95: Election REJECTED; received 2 response(s) [c52c3de9-0ed1-4f2b-ba1d-f317ceeb0ceb<-24274e9f-e41f-4654-9afc-a783ca44e44b#0:FAIL-t94, c52c3de9-0ed1-4f2b-ba1d-f317ceeb0ceb<-988115cd-21c9-4558-b198-f2cedd98ccf3#0:FAIL-t94] and 0 exception(s); c52c3de9-0ed1-4f2b-ba1d-f317ceeb0ceb@group-20BE3FF63202:t94, leader=null, voted=c52c3de9-0ed1-4f2b-ba1d-f317ceeb0ceb, raftlog=c52c3de9-0ed1-4f2b-ba1d-f317ceeb0ceb@group-20BE3FF63202-SegmentedRaftLog:OPENED:c-1,f-1,i0, conf=-1: [24274e9f-e41f-4654-9afc-a783ca44e44b:192.168.69.67:35902, 988115cd-21c9-4558-b198-f2cedd98ccf3:192.168.69.67:44208, c52c3de9-0ed1-4f2b-ba1d-f317ceeb0ceb:192.168.69.67:37615], old=null
2019-10-18 07:14:12,906 [c52c3de9-0ed1-4f2b-ba1d-f317ceeb0ceb@group-20BE3FF63202-LeaderElection95] INFO  impl.RaftServerImpl (RaftServerImpl.java:setRole(184)) - c52c3de9-0ed1-4f2b-ba1d-f317ceeb0ceb@group-20BE3FF63202: changes role from CANDIDATE to FOLLOWER at term 94 for DISCOVERED_A_NEW_TERM
2019-10-18 07:14:12,906 [c52c3de9-0ed1-4f2b-ba1d-f317ceeb0ceb@group-20BE3FF63202-LeaderElection95] INFO  impl.RoleInfo (RoleInfo.java:shutdownLeaderElection(134)) - c52c3de9-0ed1-4f2b-ba1d-f317ceeb0ceb: shutdown LeaderElection
2019-10-18 07:14:12,906 [c52c3de9-0ed1-4f2b-ba1d-f317ceeb0ceb@group-20BE3FF63202-LeaderElection95] INFO  impl.RoleInfo (RoleInfo.java:updateAndGet(143)) - c52c3de9-0ed1-4f2b-ba1d-f317ceeb0ceb: start FollowerState
2019-10-18 07:14:13,107 [Thread-972] INFO  impl.FollowerState (FollowerState.java:run(108)) - c52c3de9-0ed1-4f2b-ba1d-f317ceeb0ceb@group-20BE3FF63202-FollowerState: change to CANDIDATE, lastRpcTime:200ms, electionTimeout:200ms
2019-10-18 07:14:13,107 [Thread-972] INFO  impl.RoleInfo (RoleInfo.java:shutdownFollowerState(121)) - c52c3de9-0ed1-4f2b-ba1d-f317ceeb0ceb: shutdown FollowerState
2019-10-18 07:14:13,107 [Thread-972] INFO  impl.RaftServerImpl (RaftServerImpl.java:setRole(184)) - c52c3de9-0ed1-4f2b-ba1d-f317ceeb0ceb@group-20BE3FF63202: changes role from  FOLLOWER to CANDIDATE at term 94 for changeToCandidate
2019-10-18 07:14:13,108 [Thread-972] INFO  impl.RoleInfo (RoleInfo.java:updateAndGet(143)) - c52c3de9-0ed1-4f2b-ba1d-f317ceeb0ceb: start LeaderElection
2019-10-18 07:14:13,156 [c52c3de9-0ed1-4f2b-ba1d-f317ceeb0ceb@group-20BE3FF63202-LeaderElection96] INFO  impl.LeaderElection (LeaderElection.java:askForVotes(178)) - c52c3de9-0ed1-4f2b-ba1d-f317ceeb0ceb@group-20BE3FF63202-LeaderElection96: begin an election at term 95 for -1: [24274e9f-e41f-4654-9afc-a783ca44e44b:192.168.69.67:35902, 988115cd-21c9-4558-b198-f2cedd98ccf3:192.168.69.67:44208, c52c3de9-0ed1-4f2b-ba1d-f317ceeb0ceb:192.168.69.67:37615], old=null
2019-10-18 07:14:13,160 [grpc-default-executor-1] INFO  impl.RaftServerImpl (RaftServerImpl.java:setRole(184)) - 988115cd-21c9-4558-b198-f2cedd98ccf3@group-20BE3FF63202: changes role from  FOLLOWER to FOLLOWER at term 95 for recognizeCandidate:c52c3de9-0ed1-4f2b-ba1d-f317ceeb0ceb
2019-10-18 07:14:13,160 [grpc-default-executor-0] INFO  impl.RaftServerImpl (RaftServerImpl.java:setRole(184)) - 24274e9f-e41f-4654-9afc-a783ca44e44b@group-20BE3FF63202: changes role from  FOLLOWER to FOLLOWER at term 95 for recognizeCandidate:c52c3de9-0ed1-4f2b-ba1d-f317ceeb0ceb
2019-10-18 07:14:13,160 [grpc-default-executor-1] INFO  impl.RoleInfo (RoleInfo.java:shutdownFollowerState(121)) - 988115cd-21c9-4558-b198-f2cedd98ccf3: shutdown FollowerState
2019-10-18 07:14:13,161 [grpc-default-executor-0] INFO  impl.RoleInfo (RoleInfo.java:shutdownFollowerState(121)) - 24274e9f-e41f-4654-9afc-a783ca44e44b: shutdown FollowerState
2019-10-18 07:14:13,161 [Thread-971] INFO  impl.FollowerState (FollowerState.java:run(117)) - 988115cd-21c9-4558-b198-f2cedd98ccf3@group-20BE3FF63202-FollowerState was interrupted: java.lang.InterruptedException: sleep interrupted
2019-10-18 07:14:13,161 [grpc-default-executor-1] INFO  impl.RoleInfo (RoleInfo.java:updateAndGet(143)) - 988115cd-21c9-4558-b198-f2cedd98ccf3: start FollowerState
2019-10-18 07:14:13,161 [Thread-970] INFO  impl.FollowerState (FollowerState.java:run(117)) - 24274e9f-e41f-4654-9afc-a783ca44e44b@group-20BE3FF63202-FollowerState was interrupted: java.lang.InterruptedException: sleep interrupted
2019-10-18 07:14:13,161 [grpc-default-executor-0] INFO  impl.RoleInfo (RoleInfo.java:updateAndGet(143)) - 24274e9f-e41f-4654-9afc-a783ca44e44b: start FollowerState
2019-10-18 07:14:13,193 [c52c3de9-0ed1-4f2b-ba1d-f317ceeb0ceb@group-20BE3FF63202-LeaderElection96] INFO  impl.LeaderElection (LeaderElection.java:logAndReturn(56)) - c52c3de9-0ed1-4f2b-ba1d-f317ceeb0ceb@group-20BE3FF63202-LeaderElection96: Election REJECTED; received 2 response(s) [c52c3de9-0ed1-4f2b-ba1d-f317ceeb0ceb<-24274e9f-e41f-4654-9afc-a783ca44e44b#0:FAIL-t95, c52c3de9-0ed1-4f2b-ba1d-f317ceeb0ceb<-988115cd-21c9-4558-b198-f2cedd98ccf3#0:FAIL-t95] and 0 exception(s); c52c3de9-0ed1-4f2b-ba1d-f317ceeb0ceb@group-20BE3FF63202:t95, leader=null, voted=c52c3de9-0ed1-4f2b-ba1d-f317ceeb0ceb, raftlog=c52c3de9-0ed1-4f2b-ba1d-f317ceeb0ceb@group-20BE3FF63202-SegmentedRaftLog:OPENED:c-1,f-1,i0, conf=-1: [24274e9f-e41f-4654-9afc-a783ca44e44b:192.168.69.67:35902, 988115cd-21c9-4558-b198-f2cedd98ccf3:192.168.69.67:44208, c52c3de9-0ed1-4f2b-ba1d-f317ceeb0ceb:192.168.69.67:37615], old=null
2019-10-18 07:14:13,193 [c52c3de9-0ed1-4f2b-ba1d-f317ceeb0ceb@group-20BE3FF63202-LeaderElection96] INFO  impl.RaftServerImpl (RaftServerImpl.java:setRole(184)) - c52c3de9-0ed1-4f2b-ba1d-f317ceeb0ceb@group-20BE3FF63202: changes role from CANDIDATE to FOLLOWER at term 95 for DISCOVERED_A_NEW_TERM
2019-10-18 07:14:13,193 [c52c3de9-0ed1-4f2b-ba1d-f317ceeb0ceb@group-20BE3FF63202-LeaderElection96] INFO  impl.RoleInfo (RoleInfo.java:shutdownLeaderElection(134)) - c52c3de9-0ed1-4f2b-ba1d-f317ceeb0ceb: shutdown LeaderElection
2019-10-18 07:14:13,193 [c52c3de9-0ed1-4f2b-ba1d-f317ceeb0ceb@group-20BE3FF63202-LeaderElection96] INFO  impl.RoleInfo (RoleInfo.java:updateAndGet(143)) - c52c3de9-0ed1-4f2b-ba1d-f317ceeb0ceb: start FollowerState
2019-10-18 07:14:13,250 [Thread-978] INFO  impl.FollowerState (FollowerState.java:run(108)) - c52c3de9-0ed1-4f2b-ba1d-f317ceeb0ceb@group-20BE3FF63202-FollowerState: change to CANDIDATE, lastRpcTime:56ms, electionTimeout:56ms
2019-10-18 07:14:13,250 [Thread-978] INFO  impl.RoleInfo (RoleInfo.java:shutdownFollowerState(121)) - c52c3de9-0ed1-4f2b-ba1d-f317ceeb0ceb: shutdown FollowerState
2019-10-18 07:14:13,250 [Thread-978] INFO  impl.RaftServerImpl (RaftServerImpl.java:setRole(184)) - c52c3de9-0ed1-4f2b-ba1d-f317ceeb0ceb@group-20BE3FF63202: changes role from  FOLLOWER to CANDIDATE at term 95 for changeToCandidate
2019-10-18 07:14:13,250 [Thread-978] INFO  impl.RoleInfo (RoleInfo.java:updateAndGet(143)) - c52c3de9-0ed1-4f2b-ba1d-f317ceeb0ceb: start LeaderElection
2019-10-18 07:14:13,300 [c52c3de9-0ed1-4f2b-ba1d-f317ceeb0ceb@group-20BE3FF63202-LeaderElection97] INFO  impl.LeaderElection (LeaderElection.java:askForVotes(178)) - c52c3de9-0ed1-4f2b-ba1d-f317ceeb0ceb@group-20BE3FF63202-LeaderElection97: begin an election at term 96 for -1: [24274e9f-e41f-4654-9afc-a783ca44e44b:192.168.69.67:35902, 988115cd-21c9-4558-b198-f2cedd98ccf3:192.168.69.67:44208, c52c3de9-0ed1-4f2b-ba1d-f317ceeb0ceb:192.168.69.67:37615], old=null
2019-10-18 07:14:13,304 [grpc-default-executor-0] INFO  impl.RaftServerImpl (RaftServerImpl.java:setRole(184)) - 24274e9f-e41f-4654-9afc-a783ca44e44b@group-20BE3FF63202: changes role from  FOLLOWER to FOLLOWER at term 96 for recognizeCandidate:c52c3de9-0ed1-4f2b-ba1d-f317ceeb0ceb
2019-10-18 07:14:13,304 [grpc-default-executor-1] INFO  impl.RaftServerImpl (RaftServerImpl.java:setRole(184)) - 988115cd-21c9-4558-b198-f2cedd98ccf3@group-20BE3FF63202: changes role from  FOLLOWER to FOLLOWER at term 96 for recognizeCandidate:c52c3de9-0ed1-4f2b-ba1d-f317ceeb0ceb
2019-10-18 07:14:13,304 [grpc-default-executor-0] INFO  impl.RoleInfo (RoleInfo.java:shutdownFollowerState(121)) - 24274e9f-e41f-4654-9afc-a783ca44e44b: shutdown FollowerState
2019-10-18 07:14:13,304 [grpc-default-executor-1] INFO  impl.RoleInfo (RoleInfo.java:shutdownFollowerState(121)) - 988115cd-21c9-4558-b198-f2cedd98ccf3: shutdown FollowerState
2019-10-18 07:14:13,304 [grpc-default-executor-0] INFO  impl.RoleInfo (RoleInfo.java:updateAndGet(143)) - 24274e9f-e41f-4654-9afc-a783ca44e44b: start FollowerState
2019-10-18 07:14:13,304 [Thread-977] INFO  impl.FollowerState (FollowerState.java:run(117)) - 24274e9f-e41f-4654-9afc-a783ca44e44b@group-20BE3FF63202-FollowerState was interrupted: java.lang.InterruptedException: sleep interrupted
2019-10-18 07:14:13,305 [Thread-976] INFO  impl.FollowerState (FollowerState.java:run(117)) - 988115cd-21c9-4558-b198-f2cedd98ccf3@group-20BE3FF63202-FollowerState was interrupted: java.lang.InterruptedException: sleep interrupted
2019-10-18 07:14:13,305 [grpc-default-executor-1] INFO  impl.RoleInfo (RoleInfo.java:updateAndGet(143)) - 988115cd-21c9-4558-b198-f2cedd98ccf3: start FollowerState
2019-10-18 07:14:13,308 [c52c3de9-0ed1-4f2b-ba1d-f317ceeb0ceb@group-20BE3FF63202-LeaderElection97] INFO  impl.LeaderElection (LeaderElection.java:logAndReturn(56)) - c52c3de9-0ed1-4f2b-ba1d-f317ceeb0ceb@group-20BE3FF63202-LeaderElection97: Election TIMEOUT; received 0 response(s) [] and 0 exception(s); c52c3de9-0ed1-4f2b-ba1d-f317ceeb0ceb@group-20BE3FF63202:t96, leader=null, voted=c52c3de9-0ed1-4f2b-ba1d-f317ceeb0ceb, raftlog=c52c3de9-0ed1-4f2b-ba1d-f317ceeb0ceb@group-20BE3FF63202-SegmentedRaftLog:OPENED:c-1,f-1,i0, conf=-1: [24274e9f-e41f-4654-9afc-a783ca44e44b:192.168.69.67:35902, 988115cd-21c9-4558-b198-f2cedd98ccf3:192.168.69.67:44208, c52c3de9-0ed1-4f2b-ba1d-f317ceeb0ceb:192.168.69.67:37615], old=null
2019-10-18 07:14:13,350 [c52c3de9-0ed1-4f2b-ba1d-f317ceeb0ceb@group-20BE3FF63202-LeaderElection97] INFO  impl.LeaderElection (LeaderElection.java:askForVotes(178)) - c52c3de9-0ed1-4f2b-ba1d-f317ceeb0ceb@group-20BE3FF63202-LeaderElection97: begin an election at term 97 for -1: [24274e9f-e41f-4654-9afc-a783ca44e44b:192.168.69.67:35902, 988115cd-21c9-4558-b198-f2cedd98ccf3:192.168.69.67:44208, c52c3de9-0ed1-4f2b-ba1d-f317ceeb0ceb:192.168.69.67:37615], old=null
2019-10-18 07:14:13,353 [grpc-default-executor-0] INFO  impl.RaftServerImpl (RaftServerImpl.java:setRole(184)) - 24274e9f-e41f-4654-9afc-a783ca44e44b@group-20BE3FF63202: changes role from  FOLLOWER to FOLLOWER at term 97 for recognizeCandidate:c52c3de9-0ed1-4f2b-ba1d-f317ceeb0ceb
2019-10-18 07:14:13,353 [grpc-default-executor-0] INFO  impl.RoleInfo (RoleInfo.java:shutdownFollowerState(121)) - 24274e9f-e41f-4654-9afc-a783ca44e44b: shutdown FollowerState
2019-10-18 07:14:13,353 [grpc-default-executor-1] INFO  impl.RaftServerImpl (RaftServerImpl.java:setRole(184)) - 988115cd-21c9-4558-b198-f2cedd98ccf3@group-20BE3FF63202: changes role from  FOLLOWER to FOLLOWER at term 97 for recognizeCandidate:c52c3de9-0ed1-4f2b-ba1d-f317ceeb0ceb
2019-10-18 07:14:13,354 [Thread-982] INFO  impl.FollowerState (FollowerState.java:run(117)) - 24274e9f-e41f-4654-9afc-a783ca44e44b@group-20BE3FF63202-FollowerState was interrupted: java.lang.InterruptedException: sleep interrupted
2019-10-18 07:14:13,354 [grpc-default-executor-0] INFO  impl.RoleInfo (RoleInfo.java:updateAndGet(143)) - 24274e9f-e41f-4654-9afc-a783ca44e44b: start FollowerState
2019-10-18 07:14:13,354 [grpc-default-executor-1] INFO  impl.RoleInfo (RoleInfo.java:shutdownFollowerState(121)) - 988115cd-21c9-4558-b198-f2cedd98ccf3: shutdown FollowerState
2019-10-18 07:14:13,354 [grpc-default-executor-1] INFO  impl.RoleInfo (RoleInfo.java:updateAndGet(143)) - 988115cd-21c9-4558-b198-f2cedd98ccf3: start FollowerState
2019-10-18 07:14:13,354 [Thread-983] INFO  impl.FollowerState (FollowerState.java:run(117)) - 988115cd-21c9-4558-b198-f2cedd98ccf3@group-20BE3FF63202-FollowerState was interrupted: java.lang.InterruptedException: sleep interrupted
2019-10-18 07:14:13,383 [c52c3de9-0ed1-4f2b-ba1d-f317ceeb0ceb@group-20BE3FF63202-LeaderElection97] INFO  impl.LeaderElection (LeaderElection.java:logAndReturn(56)) - c52c3de9-0ed1-4f2b-ba1d-f317ceeb0ceb@group-20BE3FF63202-LeaderElection97: Election REJECTED; received 2 response(s) [c52c3de9-0ed1-4f2b-ba1d-f317ceeb0ceb<-24274e9f-e41f-4654-9afc-a783ca44e44b#0:FAIL-t97, c52c3de9-0ed1-4f2b-ba1d-f317ceeb0ceb<-988115cd-21c9-4558-b198-f2cedd98ccf3#0:FAIL-t97] and 0 exception(s); c52c3de9-0ed1-4f2b-ba1d-f317ceeb0ceb@group-20BE3FF63202:t97, leader=null, voted=c52c3de9-0ed1-4f2b-ba1d-f317ceeb0ceb, raftlog=c52c3de9-0ed1-4f2b-ba1d-f317ceeb0ceb@group-20BE3FF63202-SegmentedRaftLog:OPENED:c-1,f-1,i0, conf=-1: [24274e9f-e41f-4654-9afc-a783ca44e44b:192.168.69.67:35902, 988115cd-21c9-4558-b198-f2cedd98ccf3:192.168.69.67:44208, c52c3de9-0ed1-4f2b-ba1d-f317ceeb0ceb:192.168.69.67:37615], old=null
2019-10-18 07:14:13,383 [c52c3de9-0ed1-4f2b-ba1d-f317ceeb0ceb@group-20BE3FF63202-LeaderElection97] INFO  impl.RaftServerImpl (RaftServerImpl.java:setRole(184)) - c52c3de9-0ed1-4f2b-ba1d-f317ceeb0ceb@group-20BE3FF63202: changes role from CANDIDATE to FOLLOWER at term 97 for DISCOVERED_A_NEW_TERM
2019-10-18 07:14:13,384 [c52c3de9-0ed1-4f2b-ba1d-f317ceeb0ceb@group-20BE3FF63202-LeaderElection97] INFO  impl.RoleInfo (RoleInfo.java:shutdownLeaderElection(134)) - c52c3de9-0ed1-4f2b-ba1d-f317ceeb0ceb: shutdown LeaderElection
2019-10-18 07:14:13,384 [c52c3de9-0ed1-4f2b-ba1d-f317ceeb0ceb@group-20BE3FF63202-LeaderElection97] INFO  impl.RoleInfo (RoleInfo.java:updateAndGet(143)) - c52c3de9-0ed1-4f2b-ba1d-f317ceeb0ceb: start FollowerState
2019-10-18 07:14:13,466 [main] INFO  ozone.MiniOzoneClusterImpl (MiniOzoneClusterImpl.java:lambda$waitForClusterToBeReady$2(164)) - Waiting for 1 number of pipelines out of 9, to report a leader.
2019-10-18 07:14:13,495 [Thread-988] INFO  impl.FollowerState (FollowerState.java:run(108)) - c52c3de9-0ed1-4f2b-ba1d-f317ceeb0ceb@group-20BE3FF63202-FollowerState: change to CANDIDATE, lastRpcTime:111ms, electionTimeout:111ms
2019-10-18 07:14:13,496 [Thread-988] INFO  impl.RoleInfo (RoleInfo.java:shutdownFollowerState(121)) - c52c3de9-0ed1-4f2b-ba1d-f317ceeb0ceb: shutdown FollowerState
2019-10-18 07:14:13,496 [Thread-988] INFO  impl.RaftServerImpl (RaftServerImpl.java:setRole(184)) - c52c3de9-0ed1-4f2b-ba1d-f317ceeb0ceb@group-20BE3FF63202: changes role from  FOLLOWER to CANDIDATE at term 97 for changeToCandidate
2019-10-18 07:14:13,496 [Thread-988] INFO  impl.RoleInfo (RoleInfo.java:updateAndGet(143)) - c52c3de9-0ed1-4f2b-ba1d-f317ceeb0ceb: start LeaderElection
2019-10-18 07:14:13,550 [c52c3de9-0ed1-4f2b-ba1d-f317ceeb0ceb@group-20BE3FF63202-LeaderElection98] INFO  impl.LeaderElection (LeaderElection.java:askForVotes(178)) - c52c3de9-0ed1-4f2b-ba1d-f317ceeb0ceb@group-20BE3FF63202-LeaderElection98: begin an election at term 98 for -1: [24274e9f-e41f-4654-9afc-a783ca44e44b:192.168.69.67:35902, 988115cd-21c9-4558-b198-f2cedd98ccf3:192.168.69.67:44208, c52c3de9-0ed1-4f2b-ba1d-f317ceeb0ceb:192.168.69.67:37615], old=null
2019-10-18 07:14:13,554 [grpc-default-executor-0] INFO  impl.RaftServerImpl (RaftServerImpl.java:setRole(184)) - 24274e9f-e41f-4654-9afc-a783ca44e44b@group-20BE3FF63202: changes role from  FOLLOWER to FOLLOWER at term 98 for recognizeCandidate:c52c3de9-0ed1-4f2b-ba1d-f317ceeb0ceb
2019-10-18 07:14:13,554 [grpc-default-executor-1] INFO  impl.RaftServerImpl (RaftServerImpl.java:setRole(184)) - 988115cd-21c9-4558-b198-f2cedd98ccf3@group-20BE3FF63202: changes role from  FOLLOWER to FOLLOWER at term 98 for recognizeCandidate:c52c3de9-0ed1-4f2b-ba1d-f317ceeb0ceb
2019-10-18 07:14:13,555 [grpc-default-executor-0] INFO  impl.RoleInfo (RoleInfo.java:shutdownFollowerState(121)) - 24274e9f-e41f-4654-9afc-a783ca44e44b: shutdown FollowerState
2019-10-18 07:14:13,555 [grpc-default-executor-1] INFO  impl.RoleInfo (RoleInfo.java:shutdownFollowerState(121)) - 988115cd-21c9-4558-b198-f2cedd98ccf3: shutdown FollowerState
2019-10-18 07:14:13,555 [Thread-986] INFO  impl.FollowerState (FollowerState.java:run(117)) - 24274e9f-e41f-4654-9afc-a783ca44e44b@group-20BE3FF63202-FollowerState was interrupted: java.lang.InterruptedException: sleep interrupted
2019-10-18 07:14:13,555 [grpc-default-executor-0] INFO  impl.RoleInfo (RoleInfo.java:updateAndGet(143)) - 24274e9f-e41f-4654-9afc-a783ca44e44b: start FollowerState
2019-10-18 07:14:13,555 [Thread-987] INFO  impl.FollowerState (FollowerState.java:run(117)) - 988115cd-21c9-4558-b198-f2cedd98ccf3@group-20BE3FF63202-FollowerState was interrupted: java.lang.InterruptedException: sleep interrupted
2019-10-18 07:14:13,555 [grpc-default-executor-1] INFO  impl.RoleInfo (RoleInfo.java:updateAndGet(143)) - 988115cd-21c9-4558-b198-f2cedd98ccf3: start FollowerState
2019-10-18 07:14:13,581 [c52c3de9-0ed1-4f2b-ba1d-f317ceeb0ceb@group-20BE3FF63202-LeaderElection98] INFO  impl.LeaderElection (LeaderElection.java:logAndReturn(56)) - c52c3de9-0ed1-4f2b-ba1d-f317ceeb0ceb@group-20BE3FF63202-LeaderElection98: Election REJECTED; received 2 response(s) [c52c3de9-0ed1-4f2b-ba1d-f317ceeb0ceb<-24274e9f-e41f-4654-9afc-a783ca44e44b#0:FAIL-t98, c52c3de9-0ed1-4f2b-ba1d-f317ceeb0ceb<-988115cd-21c9-4558-b198-f2cedd98ccf3#0:FAIL-t98] and 0 exception(s); c52c3de9-0ed1-4f2b-ba1d-f317ceeb0ceb@group-20BE3FF63202:t98, leader=null, voted=c52c3de9-0ed1-4f2b-ba1d-f317ceeb0ceb, raftlog=c52c3de9-0ed1-4f2b-ba1d-f317ceeb0ceb@group-20BE3FF63202-SegmentedRaftLog:OPENED:c-1,f-1,i0, conf=-1: [24274e9f-e41f-4654-9afc-a783ca44e44b:192.168.69.67:35902, 988115cd-21c9-4558-b198-f2cedd98ccf3:192.168.69.67:44208, c52c3de9-0ed1-4f2b-ba1d-f317ceeb0ceb:192.168.69.67:37615], old=null
2019-10-18 07:14:13,581 [c52c3de9-0ed1-4f2b-ba1d-f317ceeb0ceb@group-20BE3FF63202-LeaderElection98] INFO  impl.RaftServerImpl (RaftServerImpl.java:setRole(184)) - c52c3de9-0ed1-4f2b-ba1d-f317ceeb0ceb@group-20BE3FF63202: changes role from CANDIDATE to FOLLOWER at term 98 for DISCOVERED_A_NEW_TERM
2019-10-18 07:14:13,582 [c52c3de9-0ed1-4f2b-ba1d-f317ceeb0ceb@group-20BE3FF63202-LeaderElection98] INFO  impl.RoleInfo (RoleInfo.java:shutdownLeaderElection(134)) - c52c3de9-0ed1-4f2b-ba1d-f317ceeb0ceb: shutdown LeaderElection
2019-10-18 07:14:13,582 [c52c3de9-0ed1-4f2b-ba1d-f317ceeb0ceb@group-20BE3FF63202-LeaderElection98] INFO  impl.RoleInfo (RoleInfo.java:updateAndGet(143)) - c52c3de9-0ed1-4f2b-ba1d-f317ceeb0ceb: start FollowerState
2019-10-18 07:14:13,727 [Thread-994] INFO  impl.FollowerState (FollowerState.java:run(108)) - c52c3de9-0ed1-4f2b-ba1d-f317ceeb0ceb@group-20BE3FF63202-FollowerState: change to CANDIDATE, lastRpcTime:145ms, electionTimeout:145ms
2019-10-18 07:14:13,728 [Thread-994] INFO  impl.RoleInfo (RoleInfo.java:shutdownFollowerState(121)) - c52c3de9-0ed1-4f2b-ba1d-f317ceeb0ceb: shutdown FollowerState
2019-10-18 07:14:13,728 [Thread-994] INFO  impl.RaftServerImpl (RaftServerImpl.java:setRole(184)) - c52c3de9-0ed1-4f2b-ba1d-f317ceeb0ceb@group-20BE3FF63202: changes role from  FOLLOWER to CANDIDATE at term 98 for changeToCandidate
2019-10-18 07:14:13,728 [Thread-994] INFO  impl.RoleInfo (RoleInfo.java:updateAndGet(143)) - c52c3de9-0ed1-4f2b-ba1d-f317ceeb0ceb: start LeaderElection
2019-10-18 07:14:13,765 [c52c3de9-0ed1-4f2b-ba1d-f317ceeb0ceb@group-20BE3FF63202-LeaderElection99] INFO  impl.LeaderElection (LeaderElection.java:askForVotes(178)) - c52c3de9-0ed1-4f2b-ba1d-f317ceeb0ceb@group-20BE3FF63202-LeaderElection99: begin an election at term 99 for -1: [24274e9f-e41f-4654-9afc-a783ca44e44b:192.168.69.67:35902, 988115cd-21c9-4558-b198-f2cedd98ccf3:192.168.69.67:44208, c52c3de9-0ed1-4f2b-ba1d-f317ceeb0ceb:192.168.69.67:37615], old=null
2019-10-18 07:14:13,769 [grpc-default-executor-1] INFO  impl.RaftServerImpl (RaftServerImpl.java:setRole(184)) - 24274e9f-e41f-4654-9afc-a783ca44e44b@group-20BE3FF63202: changes role from  FOLLOWER to FOLLOWER at term 99 for recognizeCandidate:c52c3de9-0ed1-4f2b-ba1d-f317ceeb0ceb
2019-10-18 07:14:13,769 [grpc-default-executor-0] INFO  impl.RaftServerImpl (RaftServerImpl.java:setRole(184)) - 988115cd-21c9-4558-b198-f2cedd98ccf3@group-20BE3FF63202: changes role from  FOLLOWER to FOLLOWER at term 99 for recognizeCandidate:c52c3de9-0ed1-4f2b-ba1d-f317ceeb0ceb
2019-10-18 07:14:13,769 [grpc-default-executor-1] INFO  impl.RoleInfo (RoleInfo.java:shutdownFollowerState(121)) - 24274e9f-e41f-4654-9afc-a783ca44e44b: shutdown FollowerState
2019-10-18 07:14:13,769 [grpc-default-executor-0] INFO  impl.RoleInfo (RoleInfo.java:shutdownFollowerState(121)) - 988115cd-21c9-4558-b198-f2cedd98ccf3: shutdown FollowerState
2019-10-18 07:14:13,769 [Thread-992] INFO  impl.FollowerState (FollowerState.java:run(117)) - 24274e9f-e41f-4654-9afc-a783ca44e44b@group-20BE3FF63202-FollowerState was interrupted: java.lang.InterruptedException: sleep interrupted
2019-10-18 07:14:13,769 [grpc-default-executor-1] INFO  impl.RoleInfo (RoleInfo.java:updateAndGet(143)) - 24274e9f-e41f-4654-9afc-a783ca44e44b: start FollowerState
2019-10-18 07:14:13,769 [Thread-993] INFO  impl.FollowerState (FollowerState.java:run(117)) - 988115cd-21c9-4558-b198-f2cedd98ccf3@group-20BE3FF63202-FollowerState was interrupted: java.lang.InterruptedException: sleep interrupted
2019-10-18 07:14:13,769 [grpc-default-executor-0] INFO  impl.RoleInfo (RoleInfo.java:updateAndGet(143)) - 988115cd-21c9-4558-b198-f2cedd98ccf3: start FollowerState
2019-10-18 07:14:13,819 [c52c3de9-0ed1-4f2b-ba1d-f317ceeb0ceb@group-20BE3FF63202-LeaderElection99] INFO  impl.LeaderElection (LeaderElection.java:logAndReturn(56)) - c52c3de9-0ed1-4f2b-ba1d-f317ceeb0ceb@group-20BE3FF63202-LeaderElection99: Election REJECTED; received 2 response(s) [c52c3de9-0ed1-4f2b-ba1d-f317ceeb0ceb<-24274e9f-e41f-4654-9afc-a783ca44e44b#0:FAIL-t99, c52c3de9-0ed1-4f2b-ba1d-f317ceeb0ceb<-988115cd-21c9-4558-b198-f2cedd98ccf3#0:FAIL-t99] and 0 exception(s); c52c3de9-0ed1-4f2b-ba1d-f317ceeb0ceb@group-20BE3FF63202:t99, leader=null, voted=c52c3de9-0ed1-4f2b-ba1d-f317ceeb0ceb, raftlog=c52c3de9-0ed1-4f2b-ba1d-f317ceeb0ceb@group-20BE3FF63202-SegmentedRaftLog:OPENED:c-1,f-1,i0, conf=-1: [24274e9f-e41f-4654-9afc-a783ca44e44b:192.168.69.67:35902, 988115cd-21c9-4558-b198-f2cedd98ccf3:192.168.69.67:44208, c52c3de9-0ed1-4f2b-ba1d-f317ceeb0ceb:192.168.69.67:37615], old=null
2019-10-18 07:14:13,819 [c52c3de9-0ed1-4f2b-ba1d-f317ceeb0ceb@group-20BE3FF63202-LeaderElection99] INFO  impl.RaftServerImpl (RaftServerImpl.java:setRole(184)) - c52c3de9-0ed1-4f2b-ba1d-f317ceeb0ceb@group-20BE3FF63202: changes role from CANDIDATE to FOLLOWER at term 99 for DISCOVERED_A_NEW_TERM
2019-10-18 07:14:13,819 [c52c3de9-0ed1-4f2b-ba1d-f317ceeb0ceb@group-20BE3FF63202-LeaderElection99] INFO  impl.RoleInfo (RoleInfo.java:shutdownLeaderElection(134)) - c52c3de9-0ed1-4f2b-ba1d-f317ceeb0ceb: shutdown LeaderElection
2019-10-18 07:14:13,819 [c52c3de9-0ed1-4f2b-ba1d-f317ceeb0ceb@group-20BE3FF63202-LeaderElection99] INFO  impl.RoleInfo (RoleInfo.java:updateAndGet(143)) - c52c3de9-0ed1-4f2b-ba1d-f317ceeb0ceb: start FollowerState
2019-10-18 07:14:13,911 [Thread-1000] INFO  impl.FollowerState (FollowerState.java:run(108)) - c52c3de9-0ed1-4f2b-ba1d-f317ceeb0ceb@group-20BE3FF63202-FollowerState: change to CANDIDATE, lastRpcTime:91ms, electionTimeout:91ms
2019-10-18 07:14:13,911 [Thread-1000] INFO  impl.RoleInfo (RoleInfo.java:shutdownFollowerState(121)) - c52c3de9-0ed1-4f2b-ba1d-f317ceeb0ceb: shutdown FollowerState
2019-10-18 07:14:13,911 [Thread-1000] INFO  impl.RaftServerImpl (RaftServerImpl.java:setRole(184)) - c52c3de9-0ed1-4f2b-ba1d-f317ceeb0ceb@group-20BE3FF63202: changes role from  FOLLOWER to CANDIDATE at term 99 for changeToCandidate
2019-10-18 07:14:13,912 [Thread-1000] INFO  impl.RoleInfo (RoleInfo.java:updateAndGet(143)) - c52c3de9-0ed1-4f2b-ba1d-f317ceeb0ceb: start LeaderElection
2019-10-18 07:14:13,955 [c52c3de9-0ed1-4f2b-ba1d-f317ceeb0ceb@group-20BE3FF63202-LeaderElection100] INFO  impl.LeaderElection (LeaderElection.java:askForVotes(178)) - c52c3de9-0ed1-4f2b-ba1d-f317ceeb0ceb@group-20BE3FF63202-LeaderElection100: begin an election at term 100 for -1: [24274e9f-e41f-4654-9afc-a783ca44e44b:192.168.69.67:35902, 988115cd-21c9-4558-b198-f2cedd98ccf3:192.168.69.67:44208, c52c3de9-0ed1-4f2b-ba1d-f317ceeb0ceb:192.168.69.67:37615], old=null
2019-10-18 07:14:13,958 [grpc-default-executor-0] INFO  impl.RaftServerImpl (RaftServerImpl.java:setRole(184)) - 988115cd-21c9-4558-b198-f2cedd98ccf3@group-20BE3FF63202: changes role from  FOLLOWER to FOLLOWER at term 100 for recognizeCandidate:c52c3de9-0ed1-4f2b-ba1d-f317ceeb0ceb
2019-10-18 07:14:13,958 [grpc-default-executor-1] INFO  impl.RaftServerImpl (RaftServerImpl.java:setRole(184)) - 24274e9f-e41f-4654-9afc-a783ca44e44b@group-20BE3FF63202: changes role from  FOLLOWER to FOLLOWER at term 100 for recognizeCandidate:c52c3de9-0ed1-4f2b-ba1d-f317ceeb0ceb
2019-10-18 07:14:13,958 [grpc-default-executor-0] INFO  impl.RoleInfo (RoleInfo.java:shutdownFollowerState(121)) - 988115cd-21c9-4558-b198-f2cedd98ccf3: shutdown FollowerState
2019-10-18 07:14:13,958 [grpc-default-executor-1] INFO  impl.RoleInfo (RoleInfo.java:shutdownFollowerState(121)) - 24274e9f-e41f-4654-9afc-a783ca44e44b: shutdown FollowerState
2019-10-18 07:14:13,959 [Thread-999] INFO  impl.FollowerState (FollowerState.java:run(117)) - 988115cd-21c9-4558-b198-f2cedd98ccf3@group-20BE3FF63202-FollowerState was interrupted: java.lang.InterruptedException: sleep interrupted
2019-10-18 07:14:13,959 [grpc-default-executor-0] INFO  impl.RoleInfo (RoleInfo.java:updateAndGet(143)) - 988115cd-21c9-4558-b198-f2cedd98ccf3: start FollowerState
2019-10-18 07:14:13,959 [Thread-998] INFO  impl.FollowerState (FollowerState.java:run(117)) - 24274e9f-e41f-4654-9afc-a783ca44e44b@group-20BE3FF63202-FollowerState was interrupted: java.lang.InterruptedException: sleep interrupted
2019-10-18 07:14:13,959 [grpc-default-executor-1] INFO  impl.RoleInfo (RoleInfo.java:updateAndGet(143)) - 24274e9f-e41f-4654-9afc-a783ca44e44b: start FollowerState
2019-10-18 07:14:13,979 [c52c3de9-0ed1-4f2b-ba1d-f317ceeb0ceb@group-20BE3FF63202-LeaderElection100] INFO  impl.LeaderElection (LeaderElection.java:logAndReturn(56)) - c52c3de9-0ed1-4f2b-ba1d-f317ceeb0ceb@group-20BE3FF63202-LeaderElection100: Election REJECTED; received 2 response(s) [c52c3de9-0ed1-4f2b-ba1d-f317ceeb0ceb<-24274e9f-e41f-4654-9afc-a783ca44e44b#0:FAIL-t100, c52c3de9-0ed1-4f2b-ba1d-f317ceeb0ceb<-988115cd-21c9-4558-b198-f2cedd98ccf3#0:FAIL-t100] and 0 exception(s); c52c3de9-0ed1-4f2b-ba1d-f317ceeb0ceb@group-20BE3FF63202:t100, leader=null, voted=c52c3de9-0ed1-4f2b-ba1d-f317ceeb0ceb, raftlog=c52c3de9-0ed1-4f2b-ba1d-f317ceeb0ceb@group-20BE3FF63202-SegmentedRaftLog:OPENED:c-1,f-1,i0, conf=-1: [24274e9f-e41f-4654-9afc-a783ca44e44b:192.168.69.67:35902, 988115cd-21c9-4558-b198-f2cedd98ccf3:192.168.69.67:44208, c52c3de9-0ed1-4f2b-ba1d-f317ceeb0ceb:192.168.69.67:37615], old=null
2019-10-18 07:14:13,980 [c52c3de9-0ed1-4f2b-ba1d-f317ceeb0ceb@group-20BE3FF63202-LeaderElection100] INFO  impl.RaftServerImpl (RaftServerImpl.java:setRole(184)) - c52c3de9-0ed1-4f2b-ba1d-f317ceeb0ceb@group-20BE3FF63202: changes role from CANDIDATE to FOLLOWER at term 100 for DISCOVERED_A_NEW_TERM
2019-10-18 07:14:13,980 [c52c3de9-0ed1-4f2b-ba1d-f317ceeb0ceb@group-20BE3FF63202-LeaderElection100] INFO  impl.RoleInfo (RoleInfo.java:shutdownLeaderElection(134)) - c52c3de9-0ed1-4f2b-ba1d-f317ceeb0ceb: shutdown LeaderElection
2019-10-18 07:14:13,980 [c52c3de9-0ed1-4f2b-ba1d-f317ceeb0ceb@group-20BE3FF63202-LeaderElection100] INFO  impl.RoleInfo (RoleInfo.java:updateAndGet(143)) - c52c3de9-0ed1-4f2b-ba1d-f317ceeb0ceb: start FollowerState
2019-10-18 07:14:14,019 [Thread-1006] INFO  impl.FollowerState (FollowerState.java:run(108)) - c52c3de9-0ed1-4f2b-ba1d-f317ceeb0ceb@group-20BE3FF63202-FollowerState: change to CANDIDATE, lastRpcTime:39ms, electionTimeout:39ms
2019-10-18 07:14:14,019 [Thread-1006] INFO  impl.RoleInfo (RoleInfo.java:shutdownFollowerState(121)) - c52c3de9-0ed1-4f2b-ba1d-f317ceeb0ceb: shutdown FollowerState
2019-10-18 07:14:14,020 [Thread-1006] INFO  impl.RaftServerImpl (RaftServerImpl.java:setRole(184)) - c52c3de9-0ed1-4f2b-ba1d-f317ceeb0ceb@group-20BE3FF63202: changes role from  FOLLOWER to CANDIDATE at term 100 for changeToCandidate
2019-10-18 07:14:14,020 [Thread-1006] INFO  impl.RoleInfo (RoleInfo.java:updateAndGet(143)) - c52c3de9-0ed1-4f2b-ba1d-f317ceeb0ceb: start LeaderElection
2019-10-18 07:14:14,061 [c52c3de9-0ed1-4f2b-ba1d-f317ceeb0ceb@group-20BE3FF63202-LeaderElection101] INFO  impl.LeaderElection (LeaderElection.java:askForVotes(178)) - c52c3de9-0ed1-4f2b-ba1d-f317ceeb0ceb@group-20BE3FF63202-LeaderElection101: begin an election at term 101 for -1: [24274e9f-e41f-4654-9afc-a783ca44e44b:192.168.69.67:35902, 988115cd-21c9-4558-b198-f2cedd98ccf3:192.168.69.67:44208, c52c3de9-0ed1-4f2b-ba1d-f317ceeb0ceb:192.168.69.67:37615], old=null
2019-10-18 07:14:14,064 [grpc-default-executor-0] INFO  impl.RaftServerImpl (RaftServerImpl.java:setRole(184)) - 24274e9f-e41f-4654-9afc-a783ca44e44b@group-20BE3FF63202: changes role from  FOLLOWER to FOLLOWER at term 101 for recognizeCandidate:c52c3de9-0ed1-4f2b-ba1d-f317ceeb0ceb
2019-10-18 07:14:14,064 [grpc-default-executor-1] INFO  impl.RaftServerImpl (RaftServerImpl.java:setRole(184)) - 988115cd-21c9-4558-b198-f2cedd98ccf3@group-20BE3FF63202: changes role from  FOLLOWER to FOLLOWER at term 101 for recognizeCandidate:c52c3de9-0ed1-4f2b-ba1d-f317ceeb0ceb
2019-10-18 07:14:14,064 [grpc-default-executor-0] INFO  impl.RoleInfo (RoleInfo.java:shutdownFollowerState(121)) - 24274e9f-e41f-4654-9afc-a783ca44e44b: shutdown FollowerState
2019-10-18 07:14:14,064 [grpc-default-executor-1] INFO  impl.RoleInfo (RoleInfo.java:shutdownFollowerState(121)) - 988115cd-21c9-4558-b198-f2cedd98ccf3: shutdown FollowerState
2019-10-18 07:14:14,064 [Thread-1005] INFO  impl.FollowerState (FollowerState.java:run(117)) - 24274e9f-e41f-4654-9afc-a783ca44e44b@group-20BE3FF63202-FollowerState was interrupted: java.lang.InterruptedException: sleep interrupted
2019-10-18 07:14:14,064 [grpc-default-executor-0] INFO  impl.RoleInfo (RoleInfo.java:updateAndGet(143)) - 24274e9f-e41f-4654-9afc-a783ca44e44b: start FollowerState
2019-10-18 07:14:14,064 [Thread-1004] INFO  impl.FollowerState (FollowerState.java:run(117)) - 988115cd-21c9-4558-b198-f2cedd98ccf3@group-20BE3FF63202-FollowerState was interrupted: java.lang.InterruptedException: sleep interrupted
2019-10-18 07:14:14,064 [grpc-default-executor-1] INFO  impl.RoleInfo (RoleInfo.java:updateAndGet(143)) - 988115cd-21c9-4558-b198-f2cedd98ccf3: start FollowerState
2019-10-18 07:14:14,090 [c52c3de9-0ed1-4f2b-ba1d-f317ceeb0ceb@group-20BE3FF63202-LeaderElection101] INFO  impl.LeaderElection (LeaderElection.java:logAndReturn(56)) - c52c3de9-0ed1-4f2b-ba1d-f317ceeb0ceb@group-20BE3FF63202-LeaderElection101: Election REJECTED; received 2 response(s) [c52c3de9-0ed1-4f2b-ba1d-f317ceeb0ceb<-24274e9f-e41f-4654-9afc-a783ca44e44b#0:FAIL-t101, c52c3de9-0ed1-4f2b-ba1d-f317ceeb0ceb<-988115cd-21c9-4558-b198-f2cedd98ccf3#0:FAIL-t101] and 0 exception(s); c52c3de9-0ed1-4f2b-ba1d-f317ceeb0ceb@group-20BE3FF63202:t101, leader=null, voted=c52c3de9-0ed1-4f2b-ba1d-f317ceeb0ceb, raftlog=c52c3de9-0ed1-4f2b-ba1d-f317ceeb0ceb@group-20BE3FF63202-SegmentedRaftLog:OPENED:c-1,f-1,i0, conf=-1: [24274e9f-e41f-4654-9afc-a783ca44e44b:192.168.69.67:35902, 988115cd-21c9-4558-b198-f2cedd98ccf3:192.168.69.67:44208, c52c3de9-0ed1-4f2b-ba1d-f317ceeb0ceb:192.168.69.67:37615], old=null
2019-10-18 07:14:14,090 [c52c3de9-0ed1-4f2b-ba1d-f317ceeb0ceb@group-20BE3FF63202-LeaderElection101] INFO  impl.RaftServerImpl (RaftServerImpl.java:setRole(184)) - c52c3de9-0ed1-4f2b-ba1d-f317ceeb0ceb@group-20BE3FF63202: changes role from CANDIDATE to FOLLOWER at term 101 for DISCOVERED_A_NEW_TERM
2019-10-18 07:14:14,090 [c52c3de9-0ed1-4f2b-ba1d-f317ceeb0ceb@group-20BE3FF63202-LeaderElection101] INFO  impl.RoleInfo (RoleInfo.java:shutdownLeaderElection(134)) - c52c3de9-0ed1-4f2b-ba1d-f317ceeb0ceb: shutdown LeaderElection
2019-10-18 07:14:14,090 [c52c3de9-0ed1-4f2b-ba1d-f317ceeb0ceb@group-20BE3FF63202-LeaderElection101] INFO  impl.RoleInfo (RoleInfo.java:updateAndGet(143)) - c52c3de9-0ed1-4f2b-ba1d-f317ceeb0ceb: start FollowerState
2019-10-18 07:14:14,198 [Thread-1012] INFO  impl.FollowerState (FollowerState.java:run(108)) - c52c3de9-0ed1-4f2b-ba1d-f317ceeb0ceb@group-20BE3FF63202-FollowerState: change to CANDIDATE, lastRpcTime:107ms, electionTimeout:107ms
2019-10-18 07:14:14,198 [Thread-1012] INFO  impl.RoleInfo (RoleInfo.java:shutdownFollowerState(121)) - c52c3de9-0ed1-4f2b-ba1d-f317ceeb0ceb: shutdown FollowerState
2019-10-18 07:14:14,199 [Thread-1012] INFO  impl.RaftServerImpl (RaftServerImpl.java:setRole(184)) - c52c3de9-0ed1-4f2b-ba1d-f317ceeb0ceb@group-20BE3FF63202: changes role from  FOLLOWER to CANDIDATE at term 101 for changeToCandidate
2019-10-18 07:14:14,199 [Thread-1012] INFO  impl.RoleInfo (RoleInfo.java:updateAndGet(143)) - c52c3de9-0ed1-4f2b-ba1d-f317ceeb0ceb: start LeaderElection
2019-10-18 07:14:14,245 [c52c3de9-0ed1-4f2b-ba1d-f317ceeb0ceb@group-20BE3FF63202-LeaderElection102] INFO  impl.LeaderElection (LeaderElection.java:askForVotes(178)) - c52c3de9-0ed1-4f2b-ba1d-f317ceeb0ceb@group-20BE3FF63202-LeaderElection102: begin an election at term 102 for -1: [24274e9f-e41f-4654-9afc-a783ca44e44b:192.168.69.67:35902, 988115cd-21c9-4558-b198-f2cedd98ccf3:192.168.69.67:44208, c52c3de9-0ed1-4f2b-ba1d-f317ceeb0ceb:192.168.69.67:37615], old=null
2019-10-18 07:14:14,248 [grpc-default-executor-1] INFO  impl.RaftServerImpl (RaftServerImpl.java:setRole(184)) - 988115cd-21c9-4558-b198-f2cedd98ccf3@group-20BE3FF63202: changes role from  FOLLOWER to FOLLOWER at term 102 for recognizeCandidate:c52c3de9-0ed1-4f2b-ba1d-f317ceeb0ceb
2019-10-18 07:14:14,248 [grpc-default-executor-1] INFO  impl.RoleInfo (RoleInfo.java:shutdownFollowerState(121)) - 988115cd-21c9-4558-b198-f2cedd98ccf3: shutdown FollowerState
2019-10-18 07:14:14,248 [grpc-default-executor-0] INFO  impl.RaftServerImpl (RaftServerImpl.java:setRole(184)) - 24274e9f-e41f-4654-9afc-a783ca44e44b@group-20BE3FF63202: changes role from  FOLLOWER to FOLLOWER at term 102 for recognizeCandidate:c52c3de9-0ed1-4f2b-ba1d-f317ceeb0ceb
2019-10-18 07:14:14,249 [Thread-1011] INFO  impl.FollowerState (FollowerState.java:run(117)) - 988115cd-21c9-4558-b198-f2cedd98ccf3@group-20BE3FF63202-FollowerState was interrupted: java.lang.InterruptedException: sleep interrupted
2019-10-18 07:14:14,249 [grpc-default-executor-1] INFO  impl.RoleInfo (RoleInfo.java:updateAndGet(143)) - 988115cd-21c9-4558-b198-f2cedd98ccf3: start FollowerState
2019-10-18 07:14:14,249 [grpc-default-executor-0] INFO  impl.RoleInfo (RoleInfo.java:shutdownFollowerState(121)) - 24274e9f-e41f-4654-9afc-a783ca44e44b: shutdown FollowerState
2019-10-18 07:14:14,249 [grpc-default-executor-0] INFO  impl.RoleInfo (RoleInfo.java:updateAndGet(143)) - 24274e9f-e41f-4654-9afc-a783ca44e44b: start FollowerState
2019-10-18 07:14:14,249 [Thread-1010] INFO  impl.FollowerState (FollowerState.java:run(117)) - 24274e9f-e41f-4654-9afc-a783ca44e44b@group-20BE3FF63202-FollowerState was interrupted: java.lang.InterruptedException: sleep interrupted
2019-10-18 07:14:14,280 [c52c3de9-0ed1-4f2b-ba1d-f317ceeb0ceb@group-20BE3FF63202-LeaderElection102] INFO  impl.LeaderElection (LeaderElection.java:logAndReturn(56)) - c52c3de9-0ed1-4f2b-ba1d-f317ceeb0ceb@group-20BE3FF63202-LeaderElection102: Election REJECTED; received 2 response(s) [c52c3de9-0ed1-4f2b-ba1d-f317ceeb0ceb<-24274e9f-e41f-4654-9afc-a783ca44e44b#0:FAIL-t102, c52c3de9-0ed1-4f2b-ba1d-f317ceeb0ceb<-988115cd-21c9-4558-b198-f2cedd98ccf3#0:FAIL-t102] and 0 exception(s); c52c3de9-0ed1-4f2b-ba1d-f317ceeb0ceb@group-20BE3FF63202:t102, leader=null, voted=c52c3de9-0ed1-4f2b-ba1d-f317ceeb0ceb, raftlog=c52c3de9-0ed1-4f2b-ba1d-f317ceeb0ceb@group-20BE3FF63202-SegmentedRaftLog:OPENED:c-1,f-1,i0, conf=-1: [24274e9f-e41f-4654-9afc-a783ca44e44b:192.168.69.67:35902, 988115cd-21c9-4558-b198-f2cedd98ccf3:192.168.69.67:44208, c52c3de9-0ed1-4f2b-ba1d-f317ceeb0ceb:192.168.69.67:37615], old=null
2019-10-18 07:14:14,280 [c52c3de9-0ed1-4f2b-ba1d-f317ceeb0ceb@group-20BE3FF63202-LeaderElection102] INFO  impl.RaftServerImpl (RaftServerImpl.java:setRole(184)) - c52c3de9-0ed1-4f2b-ba1d-f317ceeb0ceb@group-20BE3FF63202: changes role from CANDIDATE to FOLLOWER at term 102 for DISCOVERED_A_NEW_TERM
2019-10-18 07:14:14,281 [c52c3de9-0ed1-4f2b-ba1d-f317ceeb0ceb@group-20BE3FF63202-LeaderElection102] INFO  impl.RoleInfo (RoleInfo.java:shutdownLeaderElection(134)) - c52c3de9-0ed1-4f2b-ba1d-f317ceeb0ceb: shutdown LeaderElection
2019-10-18 07:14:14,281 [c52c3de9-0ed1-4f2b-ba1d-f317ceeb0ceb@group-20BE3FF63202-LeaderElection102] INFO  impl.RoleInfo (RoleInfo.java:updateAndGet(143)) - c52c3de9-0ed1-4f2b-ba1d-f317ceeb0ceb: start FollowerState
2019-10-18 07:14:14,351 [Thread-1018] INFO  impl.FollowerState (FollowerState.java:run(108)) - c52c3de9-0ed1-4f2b-ba1d-f317ceeb0ceb@group-20BE3FF63202-FollowerState: change to CANDIDATE, lastRpcTime:70ms, electionTimeout:70ms
2019-10-18 07:14:14,352 [Thread-1018] INFO  impl.RoleInfo (RoleInfo.java:shutdownFollowerState(121)) - c52c3de9-0ed1-4f2b-ba1d-f317ceeb0ceb: shutdown FollowerState
2019-10-18 07:14:14,352 [Thread-1018] INFO  impl.RaftServerImpl (RaftServerImpl.java:setRole(184)) - c52c3de9-0ed1-4f2b-ba1d-f317ceeb0ceb@group-20BE3FF63202: changes role from  FOLLOWER to CANDIDATE at term 102 for changeToCandidate
2019-10-18 07:14:14,352 [Thread-1018] INFO  impl.RoleInfo (RoleInfo.java:updateAndGet(143)) - c52c3de9-0ed1-4f2b-ba1d-f317ceeb0ceb: start LeaderElection
2019-10-18 07:14:14,403 [c52c3de9-0ed1-4f2b-ba1d-f317ceeb0ceb@group-20BE3FF63202-LeaderElection103] INFO  impl.LeaderElection (LeaderElection.java:askForVotes(178)) - c52c3de9-0ed1-4f2b-ba1d-f317ceeb0ceb@group-20BE3FF63202-LeaderElection103: begin an election at term 103 for -1: [24274e9f-e41f-4654-9afc-a783ca44e44b:192.168.69.67:35902, 988115cd-21c9-4558-b198-f2cedd98ccf3:192.168.69.67:44208, c52c3de9-0ed1-4f2b-ba1d-f317ceeb0ceb:192.168.69.67:37615], old=null
2019-10-18 07:14:14,407 [grpc-default-executor-1] INFO  impl.RaftServerImpl (RaftServerImpl.java:setRole(184)) - 24274e9f-e41f-4654-9afc-a783ca44e44b@group-20BE3FF63202: changes role from  FOLLOWER to FOLLOWER at term 103 for recognizeCandidate:c52c3de9-0ed1-4f2b-ba1d-f317ceeb0ceb
2019-10-18 07:14:14,407 [grpc-default-executor-0] INFO  impl.RaftServerImpl (RaftServerImpl.java:setRole(184)) - 988115cd-21c9-4558-b198-f2cedd98ccf3@group-20BE3FF63202: changes role from  FOLLOWER to FOLLOWER at term 103 for recognizeCandidate:c52c3de9-0ed1-4f2b-ba1d-f317ceeb0ceb
2019-10-18 07:14:14,407 [grpc-default-executor-1] INFO  impl.RoleInfo (RoleInfo.java:shutdownFollowerState(121)) - 24274e9f-e41f-4654-9afc-a783ca44e44b: shutdown FollowerState
2019-10-18 07:14:14,408 [grpc-default-executor-0] INFO  impl.RoleInfo (RoleInfo.java:shutdownFollowerState(121)) - 988115cd-21c9-4558-b198-f2cedd98ccf3: shutdown FollowerState
2019-10-18 07:14:14,408 [Thread-1017] INFO  impl.FollowerState (FollowerState.java:run(117)) - 24274e9f-e41f-4654-9afc-a783ca44e44b@group-20BE3FF63202-FollowerState was interrupted: java.lang.InterruptedException: sleep interrupted
2019-10-18 07:14:14,408 [Thread-1016] INFO  impl.FollowerState (FollowerState.java:run(117)) - 988115cd-21c9-4558-b198-f2cedd98ccf3@group-20BE3FF63202-FollowerState was interrupted: java.lang.InterruptedException: sleep interrupted
2019-10-18 07:14:14,408 [grpc-default-executor-1] INFO  impl.RoleInfo (RoleInfo.java:updateAndGet(143)) - 24274e9f-e41f-4654-9afc-a783ca44e44b: start FollowerState
2019-10-18 07:14:14,408 [grpc-default-executor-0] INFO  impl.RoleInfo (RoleInfo.java:updateAndGet(143)) - 988115cd-21c9-4558-b198-f2cedd98ccf3: start FollowerState
2019-10-18 07:14:14,436 [c52c3de9-0ed1-4f2b-ba1d-f317ceeb0ceb@group-20BE3FF63202-LeaderElection103] INFO  impl.LeaderElection (LeaderElection.java:logAndReturn(56)) - c52c3de9-0ed1-4f2b-ba1d-f317ceeb0ceb@group-20BE3FF63202-LeaderElection103: Election REJECTED; received 2 response(s) [c52c3de9-0ed1-4f2b-ba1d-f317ceeb0ceb<-24274e9f-e41f-4654-9afc-a783ca44e44b#0:FAIL-t103, c52c3de9-0ed1-4f2b-ba1d-f317ceeb0ceb<-988115cd-21c9-4558-b198-f2cedd98ccf3#0:FAIL-t103] and 0 exception(s); c52c3de9-0ed1-4f2b-ba1d-f317ceeb0ceb@group-20BE3FF63202:t103, leader=null, voted=c52c3de9-0ed1-4f2b-ba1d-f317ceeb0ceb, raftlog=c52c3de9-0ed1-4f2b-ba1d-f317ceeb0ceb@group-20BE3FF63202-SegmentedRaftLog:OPENED:c-1,f-1,i0, conf=-1: [24274e9f-e41f-4654-9afc-a783ca44e44b:192.168.69.67:35902, 988115cd-21c9-4558-b198-f2cedd98ccf3:192.168.69.67:44208, c52c3de9-0ed1-4f2b-ba1d-f317ceeb0ceb:192.168.69.67:37615], old=null
2019-10-18 07:14:14,437 [c52c3de9-0ed1-4f2b-ba1d-f317ceeb0ceb@group-20BE3FF63202-LeaderElection103] INFO  impl.RaftServerImpl (RaftServerImpl.java:setRole(184)) - c52c3de9-0ed1-4f2b-ba1d-f317ceeb0ceb@group-20BE3FF63202: changes role from CANDIDATE to FOLLOWER at term 103 for DISCOVERED_A_NEW_TERM
2019-10-18 07:14:14,437 [c52c3de9-0ed1-4f2b-ba1d-f317ceeb0ceb@group-20BE3FF63202-LeaderElection103] INFO  impl.RoleInfo (RoleInfo.java:shutdownLeaderElection(134)) - c52c3de9-0ed1-4f2b-ba1d-f317ceeb0ceb: shutdown LeaderElection
2019-10-18 07:14:14,437 [c52c3de9-0ed1-4f2b-ba1d-f317ceeb0ceb@group-20BE3FF63202-LeaderElection103] INFO  impl.RoleInfo (RoleInfo.java:updateAndGet(143)) - c52c3de9-0ed1-4f2b-ba1d-f317ceeb0ceb: start FollowerState
2019-10-18 07:14:14,467 [main] INFO  ozone.MiniOzoneClusterImpl (MiniOzoneClusterImpl.java:lambda$waitForClusterToBeReady$2(164)) - Waiting for 1 number of pipelines out of 9, to report a leader.
2019-10-18 07:14:14,529 [Thread-1024] INFO  impl.FollowerState (FollowerState.java:run(108)) - c52c3de9-0ed1-4f2b-ba1d-f317ceeb0ceb@group-20BE3FF63202-FollowerState: change to CANDIDATE, lastRpcTime:92ms, electionTimeout:92ms
2019-10-18 07:14:14,530 [Thread-1024] INFO  impl.RoleInfo (RoleInfo.java:shutdownFollowerState(121)) - c52c3de9-0ed1-4f2b-ba1d-f317ceeb0ceb: shutdown FollowerState
2019-10-18 07:14:14,530 [Thread-1024] INFO  impl.RaftServerImpl (RaftServerImpl.java:setRole(184)) - c52c3de9-0ed1-4f2b-ba1d-f317ceeb0ceb@group-20BE3FF63202: changes role from  FOLLOWER to CANDIDATE at term 103 for changeToCandidate
2019-10-18 07:14:14,530 [Thread-1024] INFO  impl.RoleInfo (RoleInfo.java:updateAndGet(143)) - c52c3de9-0ed1-4f2b-ba1d-f317ceeb0ceb: start LeaderElection
2019-10-18 07:14:14,559 [c52c3de9-0ed1-4f2b-ba1d-f317ceeb0ceb@group-20BE3FF63202-LeaderElection104] INFO  impl.LeaderElection (LeaderElection.java:askForVotes(178)) - c52c3de9-0ed1-4f2b-ba1d-f317ceeb0ceb@group-20BE3FF63202-LeaderElection104: begin an election at term 104 for -1: [24274e9f-e41f-4654-9afc-a783ca44e44b:192.168.69.67:35902, 988115cd-21c9-4558-b198-f2cedd98ccf3:192.168.69.67:44208, c52c3de9-0ed1-4f2b-ba1d-f317ceeb0ceb:192.168.69.67:37615], old=null
2019-10-18 07:14:14,563 [grpc-default-executor-1] INFO  impl.RaftServerImpl (RaftServerImpl.java:setRole(184)) - 24274e9f-e41f-4654-9afc-a783ca44e44b@group-20BE3FF63202: changes role from  FOLLOWER to FOLLOWER at term 104 for recognizeCandidate:c52c3de9-0ed1-4f2b-ba1d-f317ceeb0ceb
2019-10-18 07:14:14,563 [grpc-default-executor-0] INFO  impl.RaftServerImpl (RaftServerImpl.java:setRole(184)) - 988115cd-21c9-4558-b198-f2cedd98ccf3@group-20BE3FF63202: changes role from  FOLLOWER to FOLLOWER at term 104 for recognizeCandidate:c52c3de9-0ed1-4f2b-ba1d-f317ceeb0ceb
2019-10-18 07:14:14,563 [grpc-default-executor-1] INFO  impl.RoleInfo (RoleInfo.java:shutdownFollowerState(121)) - 24274e9f-e41f-4654-9afc-a783ca44e44b: shutdown FollowerState
2019-10-18 07:14:14,563 [grpc-default-executor-0] INFO  impl.RoleInfo (RoleInfo.java:shutdownFollowerState(121)) - 988115cd-21c9-4558-b198-f2cedd98ccf3: shutdown FollowerState
2019-10-18 07:14:14,563 [grpc-default-executor-1] INFO  impl.RoleInfo (RoleInfo.java:updateAndGet(143)) - 24274e9f-e41f-4654-9afc-a783ca44e44b: start FollowerState
2019-10-18 07:14:14,563 [Thread-1023] INFO  impl.FollowerState (FollowerState.java:run(117)) - 988115cd-21c9-4558-b198-f2cedd98ccf3@group-20BE3FF63202-FollowerState was interrupted: java.lang.InterruptedException: sleep interrupted
2019-10-18 07:14:14,563 [grpc-default-executor-0] INFO  impl.RoleInfo (RoleInfo.java:updateAndGet(143)) - 988115cd-21c9-4558-b198-f2cedd98ccf3: start FollowerState
2019-10-18 07:14:14,563 [Thread-1022] INFO  impl.FollowerState (FollowerState.java:run(117)) - 24274e9f-e41f-4654-9afc-a783ca44e44b@group-20BE3FF63202-FollowerState was interrupted: java.lang.InterruptedException: sleep interrupted
2019-10-18 07:14:14,592 [c52c3de9-0ed1-4f2b-ba1d-f317ceeb0ceb@group-20BE3FF63202-LeaderElection104] INFO  impl.LeaderElection (LeaderElection.java:logAndReturn(56)) - c52c3de9-0ed1-4f2b-ba1d-f317ceeb0ceb@group-20BE3FF63202-LeaderElection104: Election REJECTED; received 2 response(s) [c52c3de9-0ed1-4f2b-ba1d-f317ceeb0ceb<-24274e9f-e41f-4654-9afc-a783ca44e44b#0:FAIL-t104, c52c3de9-0ed1-4f2b-ba1d-f317ceeb0ceb<-988115cd-21c9-4558-b198-f2cedd98ccf3#0:FAIL-t104] and 0 exception(s); c52c3de9-0ed1-4f2b-ba1d-f317ceeb0ceb@group-20BE3FF63202:t104, leader=null, voted=c52c3de9-0ed1-4f2b-ba1d-f317ceeb0ceb, raftlog=c52c3de9-0ed1-4f2b-ba1d-f317ceeb0ceb@group-20BE3FF63202-SegmentedRaftLog:OPENED:c-1,f-1,i0, conf=-1: [24274e9f-e41f-4654-9afc-a783ca44e44b:192.168.69.67:35902, 988115cd-21c9-4558-b198-f2cedd98ccf3:192.168.69.67:44208, c52c3de9-0ed1-4f2b-ba1d-f317ceeb0ceb:192.168.69.67:37615], old=null
2019-10-18 07:14:14,593 [c52c3de9-0ed1-4f2b-ba1d-f317ceeb0ceb@group-20BE3FF63202-LeaderElection104] INFO  impl.RaftServerImpl (RaftServerImpl.java:setRole(184)) - c52c3de9-0ed1-4f2b-ba1d-f317ceeb0ceb@group-20BE3FF63202: changes role from CANDIDATE to FOLLOWER at term 104 for DISCOVERED_A_NEW_TERM
2019-10-18 07:14:14,593 [c52c3de9-0ed1-4f2b-ba1d-f317ceeb0ceb@group-20BE3FF63202-LeaderElection104] INFO  impl.RoleInfo (RoleInfo.java:shutdownLeaderElection(134)) - c52c3de9-0ed1-4f2b-ba1d-f317ceeb0ceb: shutdown LeaderElection
2019-10-18 07:14:14,593 [c52c3de9-0ed1-4f2b-ba1d-f317ceeb0ceb@group-20BE3FF63202-LeaderElection104] INFO  impl.RoleInfo (RoleInfo.java:updateAndGet(143)) - c52c3de9-0ed1-4f2b-ba1d-f317ceeb0ceb: start FollowerState
2019-10-18 07:14:14,747 [Thread-1030] INFO  impl.FollowerState (FollowerState.java:run(108)) - c52c3de9-0ed1-4f2b-ba1d-f317ceeb0ceb@group-20BE3FF63202-FollowerState: change to CANDIDATE, lastRpcTime:154ms, electionTimeout:154ms
2019-10-18 07:14:14,747 [Thread-1030] INFO  impl.RoleInfo (RoleInfo.java:shutdownFollowerState(121)) - c52c3de9-0ed1-4f2b-ba1d-f317ceeb0ceb: shutdown FollowerState
2019-10-18 07:14:14,748 [Thread-1030] INFO  impl.RaftServerImpl (RaftServerImpl.java:setRole(184)) - c52c3de9-0ed1-4f2b-ba1d-f317ceeb0ceb@group-20BE3FF63202: changes role from  FOLLOWER to CANDIDATE at term 104 for changeToCandidate
2019-10-18 07:14:14,748 [Thread-1030] INFO  impl.RoleInfo (RoleInfo.java:updateAndGet(143)) - c52c3de9-0ed1-4f2b-ba1d-f317ceeb0ceb: start LeaderElection
2019-10-18 07:14:14,801 [c52c3de9-0ed1-4f2b-ba1d-f317ceeb0ceb@group-20BE3FF63202-LeaderElection105] INFO  impl.LeaderElection (LeaderElection.java:askForVotes(178)) - c52c3de9-0ed1-4f2b-ba1d-f317ceeb0ceb@group-20BE3FF63202-LeaderElection105: begin an election at term 105 for -1: [24274e9f-e41f-4654-9afc-a783ca44e44b:192.168.69.67:35902, 988115cd-21c9-4558-b198-f2cedd98ccf3:192.168.69.67:44208, c52c3de9-0ed1-4f2b-ba1d-f317ceeb0ceb:192.168.69.67:37615], old=null
2019-10-18 07:14:14,805 [grpc-default-executor-1] INFO  impl.RaftServerImpl (RaftServerImpl.java:setRole(184)) - 988115cd-21c9-4558-b198-f2cedd98ccf3@group-20BE3FF63202: changes role from  FOLLOWER to FOLLOWER at term 105 for recognizeCandidate:c52c3de9-0ed1-4f2b-ba1d-f317ceeb0ceb
2019-10-18 07:14:14,805 [grpc-default-executor-0] INFO  impl.RaftServerImpl (RaftServerImpl.java:setRole(184)) - 24274e9f-e41f-4654-9afc-a783ca44e44b@group-20BE3FF63202: changes role from  FOLLOWER to FOLLOWER at term 105 for recognizeCandidate:c52c3de9-0ed1-4f2b-ba1d-f317ceeb0ceb
2019-10-18 07:14:14,805 [grpc-default-executor-1] INFO  impl.RoleInfo (RoleInfo.java:shutdownFollowerState(121)) - 988115cd-21c9-4558-b198-f2cedd98ccf3: shutdown FollowerState
2019-10-18 07:14:14,806 [grpc-default-executor-0] INFO  impl.RoleInfo (RoleInfo.java:shutdownFollowerState(121)) - 24274e9f-e41f-4654-9afc-a783ca44e44b: shutdown FollowerState
2019-10-18 07:14:14,806 [grpc-default-executor-1] INFO  impl.RoleInfo (RoleInfo.java:updateAndGet(143)) - 988115cd-21c9-4558-b198-f2cedd98ccf3: start FollowerState
2019-10-18 07:14:14,806 [Thread-1028] INFO  impl.FollowerState (FollowerState.java:run(117)) - 24274e9f-e41f-4654-9afc-a783ca44e44b@group-20BE3FF63202-FollowerState was interrupted: java.lang.InterruptedException: sleep interrupted
2019-10-18 07:14:14,806 [grpc-default-executor-0] INFO  impl.RoleInfo (RoleInfo.java:updateAndGet(143)) - 24274e9f-e41f-4654-9afc-a783ca44e44b: start FollowerState
2019-10-18 07:14:14,806 [Thread-1029] INFO  impl.FollowerState (FollowerState.java:run(117)) - 988115cd-21c9-4558-b198-f2cedd98ccf3@group-20BE3FF63202-FollowerState was interrupted: java.lang.InterruptedException: sleep interrupted
2019-10-18 07:14:14,882 [c52c3de9-0ed1-4f2b-ba1d-f317ceeb0ceb@group-20BE3FF63202-LeaderElection105] INFO  impl.LeaderElection (LeaderElection.java:logAndReturn(56)) - c52c3de9-0ed1-4f2b-ba1d-f317ceeb0ceb@group-20BE3FF63202-LeaderElection105: Election REJECTED; received 2 response(s) [c52c3de9-0ed1-4f2b-ba1d-f317ceeb0ceb<-24274e9f-e41f-4654-9afc-a783ca44e44b#0:FAIL-t105, c52c3de9-0ed1-4f2b-ba1d-f317ceeb0ceb<-988115cd-21c9-4558-b198-f2cedd98ccf3#0:FAIL-t105] and 0 exception(s); c52c3de9-0ed1-4f2b-ba1d-f317ceeb0ceb@group-20BE3FF63202:t105, leader=null, voted=c52c3de9-0ed1-4f2b-ba1d-f317ceeb0ceb, raftlog=c52c3de9-0ed1-4f2b-ba1d-f317ceeb0ceb@group-20BE3FF63202-SegmentedRaftLog:OPENED:c-1,f-1,i0, conf=-1: [24274e9f-e41f-4654-9afc-a783ca44e44b:192.168.69.67:35902, 988115cd-21c9-4558-b198-f2cedd98ccf3:192.168.69.67:44208, c52c3de9-0ed1-4f2b-ba1d-f317ceeb0ceb:192.168.69.67:37615], old=null
2019-10-18 07:14:14,883 [c52c3de9-0ed1-4f2b-ba1d-f317ceeb0ceb@group-20BE3FF63202-LeaderElection105] INFO  impl.RaftServerImpl (RaftServerImpl.java:setRole(184)) - c52c3de9-0ed1-4f2b-ba1d-f317ceeb0ceb@group-20BE3FF63202: changes role from CANDIDATE to FOLLOWER at term 105 for DISCOVERED_A_NEW_TERM
2019-10-18 07:14:14,883 [c52c3de9-0ed1-4f2b-ba1d-f317ceeb0ceb@group-20BE3FF63202-LeaderElection105] INFO  impl.RoleInfo (RoleInfo.java:shutdownLeaderElection(134)) - c52c3de9-0ed1-4f2b-ba1d-f317ceeb0ceb: shutdown LeaderElection
2019-10-18 07:14:14,883 [c52c3de9-0ed1-4f2b-ba1d-f317ceeb0ceb@group-20BE3FF63202-LeaderElection105] INFO  impl.RoleInfo (RoleInfo.java:updateAndGet(143)) - c52c3de9-0ed1-4f2b-ba1d-f317ceeb0ceb: start FollowerState
2019-10-18 07:14:15,003 [Thread-1036] INFO  impl.FollowerState (FollowerState.java:run(108)) - c52c3de9-0ed1-4f2b-ba1d-f317ceeb0ceb@group-20BE3FF63202-FollowerState: change to CANDIDATE, lastRpcTime:120ms, electionTimeout:120ms
2019-10-18 07:14:15,004 [Thread-1036] INFO  impl.RoleInfo (RoleInfo.java:shutdownFollowerState(121)) - c52c3de9-0ed1-4f2b-ba1d-f317ceeb0ceb: shutdown FollowerState
2019-10-18 07:14:15,004 [Thread-1036] INFO  impl.RaftServerImpl (RaftServerImpl.java:setRole(184)) - c52c3de9-0ed1-4f2b-ba1d-f317ceeb0ceb@group-20BE3FF63202: changes role from  FOLLOWER to CANDIDATE at term 105 for changeToCandidate
2019-10-18 07:14:15,004 [Thread-1036] INFO  impl.RoleInfo (RoleInfo.java:updateAndGet(143)) - c52c3de9-0ed1-4f2b-ba1d-f317ceeb0ceb: start LeaderElection
2019-10-18 07:14:15,065 [c52c3de9-0ed1-4f2b-ba1d-f317ceeb0ceb@group-20BE3FF63202-LeaderElection106] INFO  impl.LeaderElection (LeaderElection.java:askForVotes(178)) - c52c3de9-0ed1-4f2b-ba1d-f317ceeb0ceb@group-20BE3FF63202-LeaderElection106: begin an election at term 106 for -1: [24274e9f-e41f-4654-9afc-a783ca44e44b:192.168.69.67:35902, 988115cd-21c9-4558-b198-f2cedd98ccf3:192.168.69.67:44208, c52c3de9-0ed1-4f2b-ba1d-f317ceeb0ceb:192.168.69.67:37615], old=null
2019-10-18 07:14:15,069 [grpc-default-executor-1] INFO  impl.RaftServerImpl (RaftServerImpl.java:setRole(184)) - 24274e9f-e41f-4654-9afc-a783ca44e44b@group-20BE3FF63202: changes role from  FOLLOWER to FOLLOWER at term 106 for recognizeCandidate:c52c3de9-0ed1-4f2b-ba1d-f317ceeb0ceb
2019-10-18 07:14:15,069 [grpc-default-executor-1] INFO  impl.RoleInfo (RoleInfo.java:shutdownFollowerState(121)) - 24274e9f-e41f-4654-9afc-a783ca44e44b: shutdown FollowerState
2019-10-18 07:14:15,069 [grpc-default-executor-0] INFO  impl.RaftServerImpl (RaftServerImpl.java:setRole(184)) - 988115cd-21c9-4558-b198-f2cedd98ccf3@group-20BE3FF63202: changes role from  FOLLOWER to FOLLOWER at term 106 for recognizeCandidate:c52c3de9-0ed1-4f2b-ba1d-f317ceeb0ceb
2019-10-18 07:14:15,069 [grpc-default-executor-0] INFO  impl.RoleInfo (RoleInfo.java:shutdownFollowerState(121)) - 988115cd-21c9-4558-b198-f2cedd98ccf3: shutdown FollowerState
2019-10-18 07:14:15,069 [Thread-1035] INFO  impl.FollowerState (FollowerState.java:run(117)) - 24274e9f-e41f-4654-9afc-a783ca44e44b@group-20BE3FF63202-FollowerState was interrupted: java.lang.InterruptedException: sleep interrupted
2019-10-18 07:14:15,070 [Thread-1034] INFO  impl.FollowerState (FollowerState.java:run(117)) - 988115cd-21c9-4558-b198-f2cedd98ccf3@group-20BE3FF63202-FollowerState was interrupted: java.lang.InterruptedException: sleep interrupted
2019-10-18 07:14:15,069 [grpc-default-executor-1] INFO  impl.RoleInfo (RoleInfo.java:updateAndGet(143)) - 24274e9f-e41f-4654-9afc-a783ca44e44b: start FollowerState
2019-10-18 07:14:15,069 [grpc-default-executor-0] INFO  impl.RoleInfo (RoleInfo.java:updateAndGet(143)) - 988115cd-21c9-4558-b198-f2cedd98ccf3: start FollowerState
2019-10-18 07:14:15,131 [c52c3de9-0ed1-4f2b-ba1d-f317ceeb0ceb@group-20BE3FF63202-LeaderElection106] INFO  impl.LeaderElection (LeaderElection.java:logAndReturn(56)) - c52c3de9-0ed1-4f2b-ba1d-f317ceeb0ceb@group-20BE3FF63202-LeaderElection106: Election REJECTED; received 2 response(s) [c52c3de9-0ed1-4f2b-ba1d-f317ceeb0ceb<-24274e9f-e41f-4654-9afc-a783ca44e44b#0:FAIL-t106, c52c3de9-0ed1-4f2b-ba1d-f317ceeb0ceb<-988115cd-21c9-4558-b198-f2cedd98ccf3#0:FAIL-t106] and 0 exception(s); c52c3de9-0ed1-4f2b-ba1d-f317ceeb0ceb@group-20BE3FF63202:t106, leader=null, voted=c52c3de9-0ed1-4f2b-ba1d-f317ceeb0ceb, raftlog=c52c3de9-0ed1-4f2b-ba1d-f317ceeb0ceb@group-20BE3FF63202-SegmentedRaftLog:OPENED:c-1,f-1,i0, conf=-1: [24274e9f-e41f-4654-9afc-a783ca44e44b:192.168.69.67:35902, 988115cd-21c9-4558-b198-f2cedd98ccf3:192.168.69.67:44208, c52c3de9-0ed1-4f2b-ba1d-f317ceeb0ceb:192.168.69.67:37615], old=null
2019-10-18 07:14:15,132 [c52c3de9-0ed1-4f2b-ba1d-f317ceeb0ceb@group-20BE3FF63202-LeaderElection106] INFO  impl.RaftServerImpl (RaftServerImpl.java:setRole(184)) - c52c3de9-0ed1-4f2b-ba1d-f317ceeb0ceb@group-20BE3FF63202: changes role from CANDIDATE to FOLLOWER at term 106 for DISCOVERED_A_NEW_TERM
2019-10-18 07:14:15,132 [c52c3de9-0ed1-4f2b-ba1d-f317ceeb0ceb@group-20BE3FF63202-LeaderElection106] INFO  impl.RoleInfo (RoleInfo.java:shutdownLeaderElection(134)) - c52c3de9-0ed1-4f2b-ba1d-f317ceeb0ceb: shutdown LeaderElection
2019-10-18 07:14:15,132 [c52c3de9-0ed1-4f2b-ba1d-f317ceeb0ceb@group-20BE3FF63202-LeaderElection106] INFO  impl.RoleInfo (RoleInfo.java:updateAndGet(143)) - c52c3de9-0ed1-4f2b-ba1d-f317ceeb0ceb: start FollowerState
2019-10-18 07:14:15,226 [Thread-1042] INFO  impl.FollowerState (FollowerState.java:run(108)) - c52c3de9-0ed1-4f2b-ba1d-f317ceeb0ceb@group-20BE3FF63202-FollowerState: change to CANDIDATE, lastRpcTime:93ms, electionTimeout:93ms
2019-10-18 07:14:15,226 [Thread-1042] INFO  impl.RoleInfo (RoleInfo.java:shutdownFollowerState(121)) - c52c3de9-0ed1-4f2b-ba1d-f317ceeb0ceb: shutdown FollowerState
2019-10-18 07:14:15,226 [Thread-1042] INFO  impl.RaftServerImpl (RaftServerImpl.java:setRole(184)) - c52c3de9-0ed1-4f2b-ba1d-f317ceeb0ceb@group-20BE3FF63202: changes role from  FOLLOWER to CANDIDATE at term 106 for changeToCandidate
2019-10-18 07:14:15,226 [Thread-1042] INFO  impl.RoleInfo (RoleInfo.java:updateAndGet(143)) - c52c3de9-0ed1-4f2b-ba1d-f317ceeb0ceb: start LeaderElection
2019-10-18 07:14:15,285 [c52c3de9-0ed1-4f2b-ba1d-f317ceeb0ceb@group-20BE3FF63202-LeaderElection107] INFO  impl.LeaderElection (LeaderElection.java:askForVotes(178)) - c52c3de9-0ed1-4f2b-ba1d-f317ceeb0ceb@group-20BE3FF63202-LeaderElection107: begin an election at term 107 for -1: [24274e9f-e41f-4654-9afc-a783ca44e44b:192.168.69.67:35902, 988115cd-21c9-4558-b198-f2cedd98ccf3:192.168.69.67:44208, c52c3de9-0ed1-4f2b-ba1d-f317ceeb0ceb:192.168.69.67:37615], old=null
2019-10-18 07:14:15,288 [grpc-default-executor-0] INFO  impl.RaftServerImpl (RaftServerImpl.java:setRole(184)) - 24274e9f-e41f-4654-9afc-a783ca44e44b@group-20BE3FF63202: changes role from  FOLLOWER to FOLLOWER at term 107 for recognizeCandidate:c52c3de9-0ed1-4f2b-ba1d-f317ceeb0ceb
2019-10-18 07:14:15,288 [grpc-default-executor-1] INFO  impl.RaftServerImpl (RaftServerImpl.java:setRole(184)) - 988115cd-21c9-4558-b198-f2cedd98ccf3@group-20BE3FF63202: changes role from  FOLLOWER to FOLLOWER at term 107 for recognizeCandidate:c52c3de9-0ed1-4f2b-ba1d-f317ceeb0ceb
2019-10-18 07:14:15,288 [grpc-default-executor-0] INFO  impl.RoleInfo (RoleInfo.java:shutdownFollowerState(121)) - 24274e9f-e41f-4654-9afc-a783ca44e44b: shutdown FollowerState
2019-10-18 07:14:15,288 [grpc-default-executor-1] INFO  impl.RoleInfo (RoleInfo.java:shutdownFollowerState(121)) - 988115cd-21c9-4558-b198-f2cedd98ccf3: shutdown FollowerState
2019-10-18 07:14:15,289 [Thread-1040] INFO  impl.FollowerState (FollowerState.java:run(117)) - 24274e9f-e41f-4654-9afc-a783ca44e44b@group-20BE3FF63202-FollowerState was interrupted: java.lang.InterruptedException: sleep interrupted
2019-10-18 07:14:15,289 [grpc-default-executor-0] INFO  impl.RoleInfo (RoleInfo.java:updateAndGet(143)) - 24274e9f-e41f-4654-9afc-a783ca44e44b: start FollowerState
2019-10-18 07:14:15,289 [Thread-1041] INFO  impl.FollowerState (FollowerState.java:run(117)) - 988115cd-21c9-4558-b198-f2cedd98ccf3@group-20BE3FF63202-FollowerState was interrupted: java.lang.InterruptedException: sleep interrupted
2019-10-18 07:14:15,289 [grpc-default-executor-1] INFO  impl.RoleInfo (RoleInfo.java:updateAndGet(143)) - 988115cd-21c9-4558-b198-f2cedd98ccf3: start FollowerState
2019-10-18 07:14:15,371 [c52c3de9-0ed1-4f2b-ba1d-f317ceeb0ceb@group-20BE3FF63202-LeaderElection107] INFO  impl.LeaderElection (LeaderElection.java:logAndReturn(56)) - c52c3de9-0ed1-4f2b-ba1d-f317ceeb0ceb@group-20BE3FF63202-LeaderElection107: Election TIMEOUT; received 0 response(s) [] and 0 exception(s); c52c3de9-0ed1-4f2b-ba1d-f317ceeb0ceb@group-20BE3FF63202:t107, leader=null, voted=c52c3de9-0ed1-4f2b-ba1d-f317ceeb0ceb, raftlog=c52c3de9-0ed1-4f2b-ba1d-f317ceeb0ceb@group-20BE3FF63202-SegmentedRaftLog:OPENED:c-1,f-1,i0, conf=-1: [24274e9f-e41f-4654-9afc-a783ca44e44b:192.168.69.67:35902, 988115cd-21c9-4558-b198-f2cedd98ccf3:192.168.69.67:44208, c52c3de9-0ed1-4f2b-ba1d-f317ceeb0ceb:192.168.69.67:37615], old=null
2019-10-18 07:14:15,467 [main] INFO  ozone.MiniOzoneClusterImpl (MiniOzoneClusterImpl.java:lambda$waitForClusterToBeReady$2(164)) - Waiting for 1 number of pipelines out of 9, to report a leader.
2019-10-18 07:14:16,467 [main] INFO  ozone.MiniOzoneClusterImpl (MiniOzoneClusterImpl.java:lambda$waitForClusterToBeReady$2(164)) - Waiting for 1 number of pipelines out of 9, to report a leader.
2019-10-18 07:14:17,468 [main] INFO  ozone.MiniOzoneClusterImpl (MiniOzoneClusterImpl.java:lambda$waitForClusterToBeReady$2(164)) - Waiting for 1 number of pipelines out of 9, to report a leader.
2019-10-18 07:14:17,788 [c52c3de9-0ed1-4f2b-ba1d-f317ceeb0ceb@group-20BE3FF63202-LeaderElection107] INFO  impl.LeaderElection (LeaderElection.java:askForVotes(178)) - c52c3de9-0ed1-4f2b-ba1d-f317ceeb0ceb@group-20BE3FF63202-LeaderElection107: begin an election at term 108 for -1: [24274e9f-e41f-4654-9afc-a783ca44e44b:192.168.69.67:35902, 988115cd-21c9-4558-b198-f2cedd98ccf3:192.168.69.67:44208, c52c3de9-0ed1-4f2b-ba1d-f317ceeb0ceb:192.168.69.67:37615], old=null
2019-10-18 07:14:17,791 [grpc-default-executor-0] INFO  impl.RaftServerImpl (RaftServerImpl.java:setRole(184)) - 24274e9f-e41f-4654-9afc-a783ca44e44b@group-20BE3FF63202: changes role from  FOLLOWER to FOLLOWER at term 108 for recognizeCandidate:c52c3de9-0ed1-4f2b-ba1d-f317ceeb0ceb
2019-10-18 07:14:17,791 [grpc-default-executor-0] INFO  impl.RoleInfo (RoleInfo.java:shutdownFollowerState(121)) - 24274e9f-e41f-4654-9afc-a783ca44e44b: shutdown FollowerState
2019-10-18 07:14:17,791 [grpc-default-executor-1] INFO  impl.RaftServerImpl (RaftServerImpl.java:setRole(184)) - 988115cd-21c9-4558-b198-f2cedd98ccf3@group-20BE3FF63202: changes role from  FOLLOWER to FOLLOWER at term 108 for recognizeCandidate:c52c3de9-0ed1-4f2b-ba1d-f317ceeb0ceb
2019-10-18 07:14:17,791 [Thread-1048] INFO  impl.FollowerState (FollowerState.java:run(117)) - 24274e9f-e41f-4654-9afc-a783ca44e44b@group-20BE3FF63202-FollowerState was interrupted: java.lang.InterruptedException: sleep interrupted
2019-10-18 07:14:17,791 [grpc-default-executor-0] INFO  impl.RoleInfo (RoleInfo.java:updateAndGet(143)) - 24274e9f-e41f-4654-9afc-a783ca44e44b: start FollowerState
2019-10-18 07:14:17,791 [grpc-default-executor-1] INFO  impl.RoleInfo (RoleInfo.java:shutdownFollowerState(121)) - 988115cd-21c9-4558-b198-f2cedd98ccf3: shutdown FollowerState
2019-10-18 07:14:17,792 [grpc-default-executor-1] INFO  impl.RoleInfo (RoleInfo.java:updateAndGet(143)) - 988115cd-21c9-4558-b198-f2cedd98ccf3: start FollowerState
2019-10-18 07:14:17,792 [Thread-1049] INFO  impl.FollowerState (FollowerState.java:run(117)) - 988115cd-21c9-4558-b198-f2cedd98ccf3@group-20BE3FF63202-FollowerState was interrupted: java.lang.InterruptedException: sleep interrupted
2019-10-18 07:14:17,910 [c52c3de9-0ed1-4f2b-ba1d-f317ceeb0ceb@group-20BE3FF63202-LeaderElection107] INFO  impl.LeaderElection (LeaderElection.java:logAndReturn(56)) - c52c3de9-0ed1-4f2b-ba1d-f317ceeb0ceb@group-20BE3FF63202-LeaderElection107: Election REJECTED; received 2 response(s) [c52c3de9-0ed1-4f2b-ba1d-f317ceeb0ceb<-24274e9f-e41f-4654-9afc-a783ca44e44b#0:FAIL-t108, c52c3de9-0ed1-4f2b-ba1d-f317ceeb0ceb<-988115cd-21c9-4558-b198-f2cedd98ccf3#0:FAIL-t108] and 0 exception(s); c52c3de9-0ed1-4f2b-ba1d-f317ceeb0ceb@group-20BE3FF63202:t108, leader=null, voted=c52c3de9-0ed1-4f2b-ba1d-f317ceeb0ceb, raftlog=c52c3de9-0ed1-4f2b-ba1d-f317ceeb0ceb@group-20BE3FF63202-SegmentedRaftLog:OPENED:c-1,f-1,i0, conf=-1: [24274e9f-e41f-4654-9afc-a783ca44e44b:192.168.69.67:35902, 988115cd-21c9-4558-b198-f2cedd98ccf3:192.168.69.67:44208, c52c3de9-0ed1-4f2b-ba1d-f317ceeb0ceb:192.168.69.67:37615], old=null
2019-10-18 07:14:17,910 [c52c3de9-0ed1-4f2b-ba1d-f317ceeb0ceb@group-20BE3FF63202-LeaderElection107] INFO  impl.RaftServerImpl (RaftServerImpl.java:setRole(184)) - c52c3de9-0ed1-4f2b-ba1d-f317ceeb0ceb@group-20BE3FF63202: changes role from CANDIDATE to FOLLOWER at term 108 for DISCOVERED_A_NEW_TERM
2019-10-18 07:14:17,910 [c52c3de9-0ed1-4f2b-ba1d-f317ceeb0ceb@group-20BE3FF63202-LeaderElection107] INFO  impl.RoleInfo (RoleInfo.java:shutdownLeaderElection(134)) - c52c3de9-0ed1-4f2b-ba1d-f317ceeb0ceb: shutdown LeaderElection
2019-10-18 07:14:17,910 [c52c3de9-0ed1-4f2b-ba1d-f317ceeb0ceb@group-20BE3FF63202-LeaderElection107] INFO  impl.RoleInfo (RoleInfo.java:updateAndGet(143)) - c52c3de9-0ed1-4f2b-ba1d-f317ceeb0ceb: start FollowerState
2019-10-18 07:14:17,969 [Thread-1056] INFO  impl.FollowerState (FollowerState.java:run(108)) - c52c3de9-0ed1-4f2b-ba1d-f317ceeb0ceb@group-20BE3FF63202-FollowerState: change to CANDIDATE, lastRpcTime:58ms, electionTimeout:58ms
2019-10-18 07:14:17,969 [Thread-1056] INFO  impl.RoleInfo (RoleInfo.java:shutdownFollowerState(121)) - c52c3de9-0ed1-4f2b-ba1d-f317ceeb0ceb: shutdown FollowerState
2019-10-18 07:14:17,969 [Thread-1056] INFO  impl.RaftServerImpl (RaftServerImpl.java:setRole(184)) - c52c3de9-0ed1-4f2b-ba1d-f317ceeb0ceb@group-20BE3FF63202: changes role from  FOLLOWER to CANDIDATE at term 108 for changeToCandidate
2019-10-18 07:14:17,970 [Thread-1056] INFO  impl.RoleInfo (RoleInfo.java:updateAndGet(143)) - c52c3de9-0ed1-4f2b-ba1d-f317ceeb0ceb: start LeaderElection
2019-10-18 07:14:18,051 [c52c3de9-0ed1-4f2b-ba1d-f317ceeb0ceb@group-20BE3FF63202-LeaderElection108] INFO  impl.LeaderElection (LeaderElection.java:askForVotes(178)) - c52c3de9-0ed1-4f2b-ba1d-f317ceeb0ceb@group-20BE3FF63202-LeaderElection108: begin an election at term 109 for -1: [24274e9f-e41f-4654-9afc-a783ca44e44b:192.168.69.67:35902, 988115cd-21c9-4558-b198-f2cedd98ccf3:192.168.69.67:44208, c52c3de9-0ed1-4f2b-ba1d-f317ceeb0ceb:192.168.69.67:37615], old=null
2019-10-18 07:14:18,054 [grpc-default-executor-1] INFO  impl.RaftServerImpl (RaftServerImpl.java:setRole(184)) - 24274e9f-e41f-4654-9afc-a783ca44e44b@group-20BE3FF63202: changes role from  FOLLOWER to FOLLOWER at term 109 for recognizeCandidate:c52c3de9-0ed1-4f2b-ba1d-f317ceeb0ceb
2019-10-18 07:14:18,054 [grpc-default-executor-0] INFO  impl.RaftServerImpl (RaftServerImpl.java:setRole(184)) - 988115cd-21c9-4558-b198-f2cedd98ccf3@group-20BE3FF63202: changes role from  FOLLOWER to FOLLOWER at term 109 for recognizeCandidate:c52c3de9-0ed1-4f2b-ba1d-f317ceeb0ceb
2019-10-18 07:14:18,054 [grpc-default-executor-1] INFO  impl.RoleInfo (RoleInfo.java:shutdownFollowerState(121)) - 24274e9f-e41f-4654-9afc-a783ca44e44b: shutdown FollowerState
2019-10-18 07:14:18,054 [grpc-default-executor-0] INFO  impl.RoleInfo (RoleInfo.java:shutdownFollowerState(121)) - 988115cd-21c9-4558-b198-f2cedd98ccf3: shutdown FollowerState
2019-10-18 07:14:18,055 [Thread-1054] INFO  impl.FollowerState (FollowerState.java:run(117)) - 24274e9f-e41f-4654-9afc-a783ca44e44b@group-20BE3FF63202-FollowerState was interrupted: java.lang.InterruptedException: sleep interrupted
2019-10-18 07:14:18,055 [grpc-default-executor-1] INFO  impl.RoleInfo (RoleInfo.java:updateAndGet(143)) - 24274e9f-e41f-4654-9afc-a783ca44e44b: start FollowerState
2019-10-18 07:14:18,055 [Thread-1055] INFO  impl.FollowerState (FollowerState.java:run(117)) - 988115cd-21c9-4558-b198-f2cedd98ccf3@group-20BE3FF63202-FollowerState was interrupted: java.lang.InterruptedException: sleep interrupted
2019-10-18 07:14:18,055 [grpc-default-executor-0] INFO  impl.RoleInfo (RoleInfo.java:updateAndGet(143)) - 988115cd-21c9-4558-b198-f2cedd98ccf3: start FollowerState
2019-10-18 07:14:18,188 [c52c3de9-0ed1-4f2b-ba1d-f317ceeb0ceb@group-20BE3FF63202-LeaderElection108] INFO  impl.LeaderElection (LeaderElection.java:logAndReturn(56)) - c52c3de9-0ed1-4f2b-ba1d-f317ceeb0ceb@group-20BE3FF63202-LeaderElection108: Election TIMEOUT; received 0 response(s) [] and 0 exception(s); c52c3de9-0ed1-4f2b-ba1d-f317ceeb0ceb@group-20BE3FF63202:t109, leader=null, voted=c52c3de9-0ed1-4f2b-ba1d-f317ceeb0ceb, raftlog=c52c3de9-0ed1-4f2b-ba1d-f317ceeb0ceb@group-20BE3FF63202-SegmentedRaftLog:OPENED:c-1,f-1,i0, conf=-1: [24274e9f-e41f-4654-9afc-a783ca44e44b:192.168.69.67:35902, 988115cd-21c9-4558-b198-f2cedd98ccf3:192.168.69.67:44208, c52c3de9-0ed1-4f2b-ba1d-f317ceeb0ceb:192.168.69.67:37615], old=null
2019-10-18 07:14:18,253 [c52c3de9-0ed1-4f2b-ba1d-f317ceeb0ceb@group-20BE3FF63202-LeaderElection108] INFO  impl.LeaderElection (LeaderElection.java:askForVotes(178)) - c52c3de9-0ed1-4f2b-ba1d-f317ceeb0ceb@group-20BE3FF63202-LeaderElection108: begin an election at term 110 for -1: [24274e9f-e41f-4654-9afc-a783ca44e44b:192.168.69.67:35902, 988115cd-21c9-4558-b198-f2cedd98ccf3:192.168.69.67:44208, c52c3de9-0ed1-4f2b-ba1d-f317ceeb0ceb:192.168.69.67:37615], old=null
2019-10-18 07:14:18,260 [grpc-default-executor-1] INFO  impl.RaftServerImpl (RaftServerImpl.java:setRole(184)) - 988115cd-21c9-4558-b198-f2cedd98ccf3@group-20BE3FF63202: changes role from  FOLLOWER to FOLLOWER at term 110 for recognizeCandidate:c52c3de9-0ed1-4f2b-ba1d-f317ceeb0ceb
2019-10-18 07:14:18,260 [grpc-default-executor-0] INFO  impl.RaftServerImpl (RaftServerImpl.java:setRole(184)) - 24274e9f-e41f-4654-9afc-a783ca44e44b@group-20BE3FF63202: changes role from  FOLLOWER to FOLLOWER at term 110 for recognizeCandidate:c52c3de9-0ed1-4f2b-ba1d-f317ceeb0ceb
2019-10-18 07:14:18,260 [grpc-default-executor-1] INFO  impl.RoleInfo (RoleInfo.java:shutdownFollowerState(121)) - 988115cd-21c9-4558-b198-f2cedd98ccf3: shutdown FollowerState
2019-10-18 07:14:18,260 [grpc-default-executor-0] INFO  impl.RoleInfo (RoleInfo.java:shutdownFollowerState(121)) - 24274e9f-e41f-4654-9afc-a783ca44e44b: shutdown FollowerState
2019-10-18 07:14:18,261 [Thread-1061] INFO  impl.FollowerState (FollowerState.java:run(117)) - 988115cd-21c9-4558-b198-f2cedd98ccf3@group-20BE3FF63202-FollowerState was interrupted: java.lang.InterruptedException: sleep interrupted
2019-10-18 07:14:18,260 [grpc-default-executor-1] INFO  impl.RoleInfo (RoleInfo.java:updateAndGet(143)) - 988115cd-21c9-4558-b198-f2cedd98ccf3: start FollowerState
2019-10-18 07:14:18,261 [Thread-1060] INFO  impl.FollowerState (FollowerState.java:run(117)) - 24274e9f-e41f-4654-9afc-a783ca44e44b@group-20BE3FF63202-FollowerState was interrupted: java.lang.InterruptedException: sleep interrupted
2019-10-18 07:14:18,261 [grpc-default-executor-0] INFO  impl.RoleInfo (RoleInfo.java:updateAndGet(143)) - 24274e9f-e41f-4654-9afc-a783ca44e44b: start FollowerState
2019-10-18 07:14:18,318 [c52c3de9-0ed1-4f2b-ba1d-f317ceeb0ceb@group-20BE3FF63202-LeaderElection108] INFO  impl.LeaderElection (LeaderElection.java:logAndReturn(56)) - c52c3de9-0ed1-4f2b-ba1d-f317ceeb0ceb@group-20BE3FF63202-LeaderElection108: Election REJECTED; received 2 response(s) [c52c3de9-0ed1-4f2b-ba1d-f317ceeb0ceb<-24274e9f-e41f-4654-9afc-a783ca44e44b#0:FAIL-t110, c52c3de9-0ed1-4f2b-ba1d-f317ceeb0ceb<-988115cd-21c9-4558-b198-f2cedd98ccf3#0:FAIL-t110] and 0 exception(s); c52c3de9-0ed1-4f2b-ba1d-f317ceeb0ceb@group-20BE3FF63202:t110, leader=null, voted=c52c3de9-0ed1-4f2b-ba1d-f317ceeb0ceb, raftlog=c52c3de9-0ed1-4f2b-ba1d-f317ceeb0ceb@group-20BE3FF63202-SegmentedRaftLog:OPENED:c-1,f-1,i0, conf=-1: [24274e9f-e41f-4654-9afc-a783ca44e44b:192.168.69.67:35902, 988115cd-21c9-4558-b198-f2cedd98ccf3:192.168.69.67:44208, c52c3de9-0ed1-4f2b-ba1d-f317ceeb0ceb:192.168.69.67:37615], old=null
2019-10-18 07:14:18,318 [c52c3de9-0ed1-4f2b-ba1d-f317ceeb0ceb@group-20BE3FF63202-LeaderElection108] INFO  impl.RaftServerImpl (RaftServerImpl.java:setRole(184)) - c52c3de9-0ed1-4f2b-ba1d-f317ceeb0ceb@group-20BE3FF63202: changes role from CANDIDATE to FOLLOWER at term 110 for DISCOVERED_A_NEW_TERM
2019-10-18 07:14:18,318 [c52c3de9-0ed1-4f2b-ba1d-f317ceeb0ceb@group-20BE3FF63202-LeaderElection108] INFO  impl.RoleInfo (RoleInfo.java:shutdownLeaderElection(134)) - c52c3de9-0ed1-4f2b-ba1d-f317ceeb0ceb: shutdown LeaderElection
2019-10-18 07:14:18,318 [c52c3de9-0ed1-4f2b-ba1d-f317ceeb0ceb@group-20BE3FF63202-LeaderElection108] INFO  impl.RoleInfo (RoleInfo.java:updateAndGet(143)) - c52c3de9-0ed1-4f2b-ba1d-f317ceeb0ceb: start FollowerState
2019-10-18 07:14:18,469 [main] INFO  ozone.MiniOzoneClusterImpl (MiniOzoneClusterImpl.java:lambda$waitForClusterToBeReady$2(164)) - Waiting for 1 number of pipelines out of 9, to report a leader.
2019-10-18 07:14:18,507 [Thread-1066] INFO  impl.FollowerState (FollowerState.java:run(108)) - c52c3de9-0ed1-4f2b-ba1d-f317ceeb0ceb@group-20BE3FF63202-FollowerState: change to CANDIDATE, lastRpcTime:188ms, electionTimeout:188ms
2019-10-18 07:14:18,507 [Thread-1066] INFO  impl.RoleInfo (RoleInfo.java:shutdownFollowerState(121)) - c52c3de9-0ed1-4f2b-ba1d-f317ceeb0ceb: shutdown FollowerState
2019-10-18 07:14:18,507 [Thread-1066] INFO  impl.RaftServerImpl (RaftServerImpl.java:setRole(184)) - c52c3de9-0ed1-4f2b-ba1d-f317ceeb0ceb@group-20BE3FF63202: changes role from  FOLLOWER to CANDIDATE at term 110 for changeToCandidate
2019-10-18 07:14:18,507 [Thread-1066] INFO  impl.RoleInfo (RoleInfo.java:updateAndGet(143)) - c52c3de9-0ed1-4f2b-ba1d-f317ceeb0ceb: start LeaderElection
2019-10-18 07:14:18,593 [c52c3de9-0ed1-4f2b-ba1d-f317ceeb0ceb@group-20BE3FF63202-LeaderElection109] INFO  impl.LeaderElection (LeaderElection.java:askForVotes(178)) - c52c3de9-0ed1-4f2b-ba1d-f317ceeb0ceb@group-20BE3FF63202-LeaderElection109: begin an election at term 111 for -1: [24274e9f-e41f-4654-9afc-a783ca44e44b:192.168.69.67:35902, 988115cd-21c9-4558-b198-f2cedd98ccf3:192.168.69.67:44208, c52c3de9-0ed1-4f2b-ba1d-f317ceeb0ceb:192.168.69.67:37615], old=null
2019-10-18 07:14:18,596 [grpc-default-executor-1] INFO  impl.RaftServerImpl (RaftServerImpl.java:setRole(184)) - 24274e9f-e41f-4654-9afc-a783ca44e44b@group-20BE3FF63202: changes role from  FOLLOWER to FOLLOWER at term 111 for recognizeCandidate:c52c3de9-0ed1-4f2b-ba1d-f317ceeb0ceb
2019-10-18 07:14:18,596 [grpc-default-executor-1] INFO  impl.RoleInfo (RoleInfo.java:shutdownFollowerState(121)) - 24274e9f-e41f-4654-9afc-a783ca44e44b: shutdown FollowerState
2019-10-18 07:14:18,596 [grpc-default-executor-0] INFO  impl.RaftServerImpl (RaftServerImpl.java:setRole(184)) - 988115cd-21c9-4558-b198-f2cedd98ccf3@group-20BE3FF63202: changes role from  FOLLOWER to FOLLOWER at term 111 for recognizeCandidate:c52c3de9-0ed1-4f2b-ba1d-f317ceeb0ceb
2019-10-18 07:14:18,597 [c52c3de9-0ed1-4f2b-ba1d-f317ceeb0ceb@group-20BE3FF63202-LeaderElection109] INFO  impl.LeaderElection (LeaderElection.java:logAndReturn(56)) - c52c3de9-0ed1-4f2b-ba1d-f317ceeb0ceb@group-20BE3FF63202-LeaderElection109: Election TIMEOUT; received 0 response(s) [] and 0 exception(s); c52c3de9-0ed1-4f2b-ba1d-f317ceeb0ceb@group-20BE3FF63202:t111, leader=null, voted=c52c3de9-0ed1-4f2b-ba1d-f317ceeb0ceb, raftlog=c52c3de9-0ed1-4f2b-ba1d-f317ceeb0ceb@group-20BE3FF63202-SegmentedRaftLog:OPENED:c-1,f-1,i0, conf=-1: [24274e9f-e41f-4654-9afc-a783ca44e44b:192.168.69.67:35902, 988115cd-21c9-4558-b198-f2cedd98ccf3:192.168.69.67:44208, c52c3de9-0ed1-4f2b-ba1d-f317ceeb0ceb:192.168.69.67:37615], old=null
2019-10-18 07:14:18,596 [Thread-1065] INFO  impl.FollowerState (FollowerState.java:run(117)) - 24274e9f-e41f-4654-9afc-a783ca44e44b@group-20BE3FF63202-FollowerState was interrupted: java.lang.InterruptedException: sleep interrupted
2019-10-18 07:14:18,596 [grpc-default-executor-1] INFO  impl.RoleInfo (RoleInfo.java:updateAndGet(143)) - 24274e9f-e41f-4654-9afc-a783ca44e44b: start FollowerState
2019-10-18 07:14:18,597 [grpc-default-executor-0] INFO  impl.RoleInfo (RoleInfo.java:shutdownFollowerState(121)) - 988115cd-21c9-4558-b198-f2cedd98ccf3: shutdown FollowerState
2019-10-18 07:14:18,597 [grpc-default-executor-0] INFO  impl.RoleInfo (RoleInfo.java:updateAndGet(143)) - 988115cd-21c9-4558-b198-f2cedd98ccf3: start FollowerState
2019-10-18 07:14:18,598 [Thread-1064] INFO  impl.FollowerState (FollowerState.java:run(117)) - 988115cd-21c9-4558-b198-f2cedd98ccf3@group-20BE3FF63202-FollowerState was interrupted: java.lang.InterruptedException: sleep interrupted
2019-10-18 07:14:18,623 [c52c3de9-0ed1-4f2b-ba1d-f317ceeb0ceb@group-20BE3FF63202-LeaderElection109] INFO  impl.LeaderElection (LeaderElection.java:askForVotes(178)) - c52c3de9-0ed1-4f2b-ba1d-f317ceeb0ceb@group-20BE3FF63202-LeaderElection109: begin an election at term 112 for -1: [24274e9f-e41f-4654-9afc-a783ca44e44b:192.168.69.67:35902, 988115cd-21c9-4558-b198-f2cedd98ccf3:192.168.69.67:44208, c52c3de9-0ed1-4f2b-ba1d-f317ceeb0ceb:192.168.69.67:37615], old=null
2019-10-18 07:14:18,626 [grpc-default-executor-1] INFO  impl.RaftServerImpl (RaftServerImpl.java:setRole(184)) - 24274e9f-e41f-4654-9afc-a783ca44e44b@group-20BE3FF63202: changes role from  FOLLOWER to FOLLOWER at term 112 for recognizeCandidate:c52c3de9-0ed1-4f2b-ba1d-f317ceeb0ceb
2019-10-18 07:14:18,627 [grpc-default-executor-1] INFO  impl.RoleInfo (RoleInfo.java:shutdownFollowerState(121)) - 24274e9f-e41f-4654-9afc-a783ca44e44b: shutdown FollowerState
2019-10-18 07:14:18,627 [grpc-default-executor-0] INFO  impl.RaftServerImpl (RaftServerImpl.java:setRole(184)) - 988115cd-21c9-4558-b198-f2cedd98ccf3@group-20BE3FF63202: changes role from  FOLLOWER to FOLLOWER at term 112 for recognizeCandidate:c52c3de9-0ed1-4f2b-ba1d-f317ceeb0ceb
2019-10-18 07:14:18,627 [Thread-1070] INFO  impl.FollowerState (FollowerState.java:run(117)) - 24274e9f-e41f-4654-9afc-a783ca44e44b@group-20BE3FF63202-FollowerState was interrupted: java.lang.InterruptedException: sleep interrupted
2019-10-18 07:14:18,627 [grpc-default-executor-1] INFO  impl.RoleInfo (RoleInfo.java:updateAndGet(143)) - 24274e9f-e41f-4654-9afc-a783ca44e44b: start FollowerState
2019-10-18 07:14:18,627 [grpc-default-executor-0] INFO  impl.RoleInfo (RoleInfo.java:shutdownFollowerState(121)) - 988115cd-21c9-4558-b198-f2cedd98ccf3: shutdown FollowerState
2019-10-18 07:14:18,628 [grpc-default-executor-0] INFO  impl.RoleInfo (RoleInfo.java:updateAndGet(143)) - 988115cd-21c9-4558-b198-f2cedd98ccf3: start FollowerState
2019-10-18 07:14:18,628 [Thread-1071] INFO  impl.FollowerState (FollowerState.java:run(117)) - 988115cd-21c9-4558-b198-f2cedd98ccf3@group-20BE3FF63202-FollowerState was interrupted: java.lang.InterruptedException: sleep interrupted
2019-10-18 07:14:18,685 [c52c3de9-0ed1-4f2b-ba1d-f317ceeb0ceb@group-20BE3FF63202-LeaderElection109] INFO  impl.LeaderElection (LeaderElection.java:logAndReturn(56)) - c52c3de9-0ed1-4f2b-ba1d-f317ceeb0ceb@group-20BE3FF63202-LeaderElection109: Election TIMEOUT; received 0 response(s) [] and 0 exception(s); c52c3de9-0ed1-4f2b-ba1d-f317ceeb0ceb@group-20BE3FF63202:t112, leader=null, voted=c52c3de9-0ed1-4f2b-ba1d-f317ceeb0ceb, raftlog=c52c3de9-0ed1-4f2b-ba1d-f317ceeb0ceb@group-20BE3FF63202-SegmentedRaftLog:OPENED:c-1,f-1,i0, conf=-1: [24274e9f-e41f-4654-9afc-a783ca44e44b:192.168.69.67:35902, 988115cd-21c9-4558-b198-f2cedd98ccf3:192.168.69.67:44208, c52c3de9-0ed1-4f2b-ba1d-f317ceeb0ceb:192.168.69.67:37615], old=null
2019-10-18 07:14:18,730 [c52c3de9-0ed1-4f2b-ba1d-f317ceeb0ceb@group-20BE3FF63202-LeaderElection109] INFO  impl.LeaderElection (LeaderElection.java:askForVotes(178)) - c52c3de9-0ed1-4f2b-ba1d-f317ceeb0ceb@group-20BE3FF63202-LeaderElection109: begin an election at term 113 for -1: [24274e9f-e41f-4654-9afc-a783ca44e44b:192.168.69.67:35902, 988115cd-21c9-4558-b198-f2cedd98ccf3:192.168.69.67:44208, c52c3de9-0ed1-4f2b-ba1d-f317ceeb0ceb:192.168.69.67:37615], old=null
2019-10-18 07:14:18,733 [grpc-default-executor-0] INFO  impl.RaftServerImpl (RaftServerImpl.java:setRole(184)) - 24274e9f-e41f-4654-9afc-a783ca44e44b@group-20BE3FF63202: changes role from  FOLLOWER to FOLLOWER at term 113 for recognizeCandidate:c52c3de9-0ed1-4f2b-ba1d-f317ceeb0ceb
2019-10-18 07:14:18,733 [grpc-default-executor-1] INFO  impl.RaftServerImpl (RaftServerImpl.java:setRole(184)) - 988115cd-21c9-4558-b198-f2cedd98ccf3@group-20BE3FF63202: changes role from  FOLLOWER to FOLLOWER at term 113 for recognizeCandidate:c52c3de9-0ed1-4f2b-ba1d-f317ceeb0ceb
2019-10-18 07:14:18,733 [grpc-default-executor-0] INFO  impl.RoleInfo (RoleInfo.java:shutdownFollowerState(121)) - 24274e9f-e41f-4654-9afc-a783ca44e44b: shutdown FollowerState
2019-10-18 07:14:18,733 [grpc-default-executor-1] INFO  impl.RoleInfo (RoleInfo.java:shutdownFollowerState(121)) - 988115cd-21c9-4558-b198-f2cedd98ccf3: shutdown FollowerState
2019-10-18 07:14:18,733 [Thread-1074] INFO  impl.FollowerState (FollowerState.java:run(117)) - 24274e9f-e41f-4654-9afc-a783ca44e44b@group-20BE3FF63202-FollowerState was interrupted: java.lang.InterruptedException: sleep interrupted
2019-10-18 07:14:18,733 [grpc-default-executor-0] INFO  impl.RoleInfo (RoleInfo.java:updateAndGet(143)) - 24274e9f-e41f-4654-9afc-a783ca44e44b: start FollowerState
2019-10-18 07:14:18,734 [Thread-1075] INFO  impl.FollowerState (FollowerState.java:run(117)) - 988115cd-21c9-4558-b198-f2cedd98ccf3@group-20BE3FF63202-FollowerState was interrupted: java.lang.InterruptedException: sleep interrupted
2019-10-18 07:14:18,734 [grpc-default-executor-1] INFO  impl.RoleInfo (RoleInfo.java:updateAndGet(143)) - 988115cd-21c9-4558-b198-f2cedd98ccf3: start FollowerState
2019-10-18 07:14:18,755 [c52c3de9-0ed1-4f2b-ba1d-f317ceeb0ceb@group-20BE3FF63202-LeaderElection109] INFO  impl.LeaderElection (LeaderElection.java:logAndReturn(56)) - c52c3de9-0ed1-4f2b-ba1d-f317ceeb0ceb@group-20BE3FF63202-LeaderElection109: Election TIMEOUT; received 0 response(s) [] and 0 exception(s); c52c3de9-0ed1-4f2b-ba1d-f317ceeb0ceb@group-20BE3FF63202:t113, leader=null, voted=c52c3de9-0ed1-4f2b-ba1d-f317ceeb0ceb, raftlog=c52c3de9-0ed1-4f2b-ba1d-f317ceeb0ceb@group-20BE3FF63202-SegmentedRaftLog:OPENED:c-1,f-1,i0, conf=-1: [24274e9f-e41f-4654-9afc-a783ca44e44b:192.168.69.67:35902, 988115cd-21c9-4558-b198-f2cedd98ccf3:192.168.69.67:44208, c52c3de9-0ed1-4f2b-ba1d-f317ceeb0ceb:192.168.69.67:37615], old=null
2019-10-18 07:14:18,869 [c52c3de9-0ed1-4f2b-ba1d-f317ceeb0ceb@group-20BE3FF63202-LeaderElection109] INFO  impl.LeaderElection (LeaderElection.java:askForVotes(178)) - c52c3de9-0ed1-4f2b-ba1d-f317ceeb0ceb@group-20BE3FF63202-LeaderElection109: begin an election at term 114 for -1: [24274e9f-e41f-4654-9afc-a783ca44e44b:192.168.69.67:35902, 988115cd-21c9-4558-b198-f2cedd98ccf3:192.168.69.67:44208, c52c3de9-0ed1-4f2b-ba1d-f317ceeb0ceb:192.168.69.67:37615], old=null
2019-10-18 07:14:18,872 [grpc-default-executor-1] INFO  impl.RaftServerImpl (RaftServerImpl.java:setRole(184)) - 24274e9f-e41f-4654-9afc-a783ca44e44b@group-20BE3FF63202: changes role from  FOLLOWER to FOLLOWER at term 114 for recognizeCandidate:c52c3de9-0ed1-4f2b-ba1d-f317ceeb0ceb
2019-10-18 07:14:18,872 [grpc-default-executor-1] INFO  impl.RoleInfo (RoleInfo.java:shutdownFollowerState(121)) - 24274e9f-e41f-4654-9afc-a783ca44e44b: shutdown FollowerState
2019-10-18 07:14:18,872 [grpc-default-executor-0] INFO  impl.RaftServerImpl (RaftServerImpl.java:setRole(184)) - 988115cd-21c9-4558-b198-f2cedd98ccf3@group-20BE3FF63202: changes role from  FOLLOWER to FOLLOWER at term 114 for recognizeCandidate:c52c3de9-0ed1-4f2b-ba1d-f317ceeb0ceb
2019-10-18 07:14:18,873 [Thread-1078] INFO  impl.FollowerState (FollowerState.java:run(117)) - 24274e9f-e41f-4654-9afc-a783ca44e44b@group-20BE3FF63202-FollowerState was interrupted: java.lang.InterruptedException: sleep interrupted
2019-10-18 07:14:18,873 [grpc-default-executor-1] INFO  impl.RoleInfo (RoleInfo.java:updateAndGet(143)) - 24274e9f-e41f-4654-9afc-a783ca44e44b: start FollowerState
2019-10-18 07:14:18,873 [grpc-default-executor-0] INFO  impl.RoleInfo (RoleInfo.java:shutdownFollowerState(121)) - 988115cd-21c9-4558-b198-f2cedd98ccf3: shutdown FollowerState
2019-10-18 07:14:18,873 [grpc-default-executor-0] INFO  impl.RoleInfo (RoleInfo.java:updateAndGet(143)) - 988115cd-21c9-4558-b198-f2cedd98ccf3: start FollowerState
2019-10-18 07:14:18,873 [Thread-1079] INFO  impl.FollowerState (FollowerState.java:run(117)) - 988115cd-21c9-4558-b198-f2cedd98ccf3@group-20BE3FF63202-FollowerState was interrupted: java.lang.InterruptedException: sleep interrupted
2019-10-18 07:14:18,910 [c52c3de9-0ed1-4f2b-ba1d-f317ceeb0ceb@group-20BE3FF63202-LeaderElection109] INFO  impl.LeaderElection (LeaderElection.java:logAndReturn(56)) - c52c3de9-0ed1-4f2b-ba1d-f317ceeb0ceb@group-20BE3FF63202-LeaderElection109: Election REJECTED; received 2 response(s) [c52c3de9-0ed1-4f2b-ba1d-f317ceeb0ceb<-24274e9f-e41f-4654-9afc-a783ca44e44b#0:FAIL-t114, c52c3de9-0ed1-4f2b-ba1d-f317ceeb0ceb<-988115cd-21c9-4558-b198-f2cedd98ccf3#0:FAIL-t114] and 0 exception(s); c52c3de9-0ed1-4f2b-ba1d-f317ceeb0ceb@group-20BE3FF63202:t114, leader=null, voted=c52c3de9-0ed1-4f2b-ba1d-f317ceeb0ceb, raftlog=c52c3de9-0ed1-4f2b-ba1d-f317ceeb0ceb@group-20BE3FF63202-SegmentedRaftLog:OPENED:c-1,f-1,i0, conf=-1: [24274e9f-e41f-4654-9afc-a783ca44e44b:192.168.69.67:35902, 988115cd-21c9-4558-b198-f2cedd98ccf3:192.168.69.67:44208, c52c3de9-0ed1-4f2b-ba1d-f317ceeb0ceb:192.168.69.67:37615], old=null
2019-10-18 07:14:18,911 [c52c3de9-0ed1-4f2b-ba1d-f317ceeb0ceb@group-20BE3FF63202-LeaderElection109] INFO  impl.RaftServerImpl (RaftServerImpl.java:setRole(184)) - c52c3de9-0ed1-4f2b-ba1d-f317ceeb0ceb@group-20BE3FF63202: changes role from CANDIDATE to FOLLOWER at term 114 for DISCOVERED_A_NEW_TERM
2019-10-18 07:14:18,911 [c52c3de9-0ed1-4f2b-ba1d-f317ceeb0ceb@group-20BE3FF63202-LeaderElection109] INFO  impl.RoleInfo (RoleInfo.java:shutdownLeaderElection(134)) - c52c3de9-0ed1-4f2b-ba1d-f317ceeb0ceb: shutdown LeaderElection
2019-10-18 07:14:18,911 [c52c3de9-0ed1-4f2b-ba1d-f317ceeb0ceb@group-20BE3FF63202-LeaderElection109] INFO  impl.RoleInfo (RoleInfo.java:updateAndGet(143)) - c52c3de9-0ed1-4f2b-ba1d-f317ceeb0ceb: start FollowerState
2019-10-18 07:14:19,069 [Thread-1084] INFO  impl.FollowerState (FollowerState.java:run(108)) - c52c3de9-0ed1-4f2b-ba1d-f317ceeb0ceb@group-20BE3FF63202-FollowerState: change to CANDIDATE, lastRpcTime:157ms, electionTimeout:157ms
2019-10-18 07:14:19,069 [Thread-1084] INFO  impl.RoleInfo (RoleInfo.java:shutdownFollowerState(121)) - c52c3de9-0ed1-4f2b-ba1d-f317ceeb0ceb: shutdown FollowerState
2019-10-18 07:14:19,069 [Thread-1084] INFO  impl.RaftServerImpl (RaftServerImpl.java:setRole(184)) - c52c3de9-0ed1-4f2b-ba1d-f317ceeb0ceb@group-20BE3FF63202: changes role from  FOLLOWER to CANDIDATE at term 114 for changeToCandidate
2019-10-18 07:14:19,069 [Thread-1084] INFO  impl.RoleInfo (RoleInfo.java:updateAndGet(143)) - c52c3de9-0ed1-4f2b-ba1d-f317ceeb0ceb: start LeaderElection
2019-10-18 07:14:19,112 [c52c3de9-0ed1-4f2b-ba1d-f317ceeb0ceb@group-20BE3FF63202-LeaderElection110] INFO  impl.LeaderElection (LeaderElection.java:askForVotes(178)) - c52c3de9-0ed1-4f2b-ba1d-f317ceeb0ceb@group-20BE3FF63202-LeaderElection110: begin an election at term 115 for -1: [24274e9f-e41f-4654-9afc-a783ca44e44b:192.168.69.67:35902, 988115cd-21c9-4558-b198-f2cedd98ccf3:192.168.69.67:44208, c52c3de9-0ed1-4f2b-ba1d-f317ceeb0ceb:192.168.69.67:37615], old=null
2019-10-18 07:14:19,115 [grpc-default-executor-1] INFO  impl.RaftServerImpl (RaftServerImpl.java:setRole(184)) - 24274e9f-e41f-4654-9afc-a783ca44e44b@group-20BE3FF63202: changes role from  FOLLOWER to FOLLOWER at term 115 for recognizeCandidate:c52c3de9-0ed1-4f2b-ba1d-f317ceeb0ceb
2019-10-18 07:14:19,115 [grpc-default-executor-0] INFO  impl.RaftServerImpl (RaftServerImpl.java:setRole(184)) - 988115cd-21c9-4558-b198-f2cedd98ccf3@group-20BE3FF63202: changes role from  FOLLOWER to FOLLOWER at term 115 for recognizeCandidate:c52c3de9-0ed1-4f2b-ba1d-f317ceeb0ceb
2019-10-18 07:14:19,115 [grpc-default-executor-1] INFO  impl.RoleInfo (RoleInfo.java:shutdownFollowerState(121)) - 24274e9f-e41f-4654-9afc-a783ca44e44b: shutdown FollowerState
2019-10-18 07:14:19,116 [grpc-default-executor-0] INFO  impl.RoleInfo (RoleInfo.java:shutdownFollowerState(121)) - 988115cd-21c9-4558-b198-f2cedd98ccf3: shutdown FollowerState
2019-10-18 07:14:19,116 [Thread-1082] INFO  impl.FollowerState (FollowerState.java:run(117)) - 24274e9f-e41f-4654-9afc-a783ca44e44b@group-20BE3FF63202-FollowerState was interrupted: java.lang.InterruptedException: sleep interrupted
2019-10-18 07:14:19,116 [Thread-1083] INFO  impl.FollowerState (FollowerState.java:run(117)) - 988115cd-21c9-4558-b198-f2cedd98ccf3@group-20BE3FF63202-FollowerState was interrupted: java.lang.InterruptedException: sleep interrupted
2019-10-18 07:14:19,116 [grpc-default-executor-1] INFO  impl.RoleInfo (RoleInfo.java:updateAndGet(143)) - 24274e9f-e41f-4654-9afc-a783ca44e44b: start FollowerState
2019-10-18 07:14:19,116 [grpc-default-executor-0] INFO  impl.RoleInfo (RoleInfo.java:updateAndGet(143)) - 988115cd-21c9-4558-b198-f2cedd98ccf3: start FollowerState
2019-10-18 07:14:19,164 [c52c3de9-0ed1-4f2b-ba1d-f317ceeb0ceb@group-20BE3FF63202-LeaderElection110] INFO  impl.LeaderElection (LeaderElection.java:logAndReturn(56)) - c52c3de9-0ed1-4f2b-ba1d-f317ceeb0ceb@group-20BE3FF63202-LeaderElection110: Election REJECTED; received 2 response(s) [c52c3de9-0ed1-4f2b-ba1d-f317ceeb0ceb<-24274e9f-e41f-4654-9afc-a783ca44e44b#0:FAIL-t115, c52c3de9-0ed1-4f2b-ba1d-f317ceeb0ceb<-988115cd-21c9-4558-b198-f2cedd98ccf3#0:FAIL-t115] and 0 exception(s); c52c3de9-0ed1-4f2b-ba1d-f317ceeb0ceb@group-20BE3FF63202:t115, leader=null, voted=c52c3de9-0ed1-4f2b-ba1d-f317ceeb0ceb, raftlog=c52c3de9-0ed1-4f2b-ba1d-f317ceeb0ceb@group-20BE3FF63202-SegmentedRaftLog:OPENED:c-1,f-1,i0, conf=-1: [24274e9f-e41f-4654-9afc-a783ca44e44b:192.168.69.67:35902, 988115cd-21c9-4558-b198-f2cedd98ccf3:192.168.69.67:44208, c52c3de9-0ed1-4f2b-ba1d-f317ceeb0ceb:192.168.69.67:37615], old=null
2019-10-18 07:14:19,164 [c52c3de9-0ed1-4f2b-ba1d-f317ceeb0ceb@group-20BE3FF63202-LeaderElection110] INFO  impl.RaftServerImpl (RaftServerImpl.java:setRole(184)) - c52c3de9-0ed1-4f2b-ba1d-f317ceeb0ceb@group-20BE3FF63202: changes role from CANDIDATE to FOLLOWER at term 115 for DISCOVERED_A_NEW_TERM
2019-10-18 07:14:19,164 [c52c3de9-0ed1-4f2b-ba1d-f317ceeb0ceb@group-20BE3FF63202-LeaderElection110] INFO  impl.RoleInfo (RoleInfo.java:shutdownLeaderElection(134)) - c52c3de9-0ed1-4f2b-ba1d-f317ceeb0ceb: shutdown LeaderElection
2019-10-18 07:14:19,164 [c52c3de9-0ed1-4f2b-ba1d-f317ceeb0ceb@group-20BE3FF63202-LeaderElection110] INFO  impl.RoleInfo (RoleInfo.java:updateAndGet(143)) - c52c3de9-0ed1-4f2b-ba1d-f317ceeb0ceb: start FollowerState
2019-10-18 07:14:19,209 [Thread-1090] INFO  impl.FollowerState (FollowerState.java:run(108)) - c52c3de9-0ed1-4f2b-ba1d-f317ceeb0ceb@group-20BE3FF63202-FollowerState: change to CANDIDATE, lastRpcTime:44ms, electionTimeout:44ms
2019-10-18 07:14:19,209 [Thread-1090] INFO  impl.RoleInfo (RoleInfo.java:shutdownFollowerState(121)) - c52c3de9-0ed1-4f2b-ba1d-f317ceeb0ceb: shutdown FollowerState
2019-10-18 07:14:19,209 [Thread-1090] INFO  impl.RaftServerImpl (RaftServerImpl.java:setRole(184)) - c52c3de9-0ed1-4f2b-ba1d-f317ceeb0ceb@group-20BE3FF63202: changes role from  FOLLOWER to CANDIDATE at term 115 for changeToCandidate
2019-10-18 07:14:19,209 [Thread-1090] INFO  impl.RoleInfo (RoleInfo.java:updateAndGet(143)) - c52c3de9-0ed1-4f2b-ba1d-f317ceeb0ceb: start LeaderElection
2019-10-18 07:14:19,263 [c52c3de9-0ed1-4f2b-ba1d-f317ceeb0ceb@group-20BE3FF63202-LeaderElection111] INFO  impl.LeaderElection (LeaderElection.java:askForVotes(178)) - c52c3de9-0ed1-4f2b-ba1d-f317ceeb0ceb@group-20BE3FF63202-LeaderElection111: begin an election at term 116 for -1: [24274e9f-e41f-4654-9afc-a783ca44e44b:192.168.69.67:35902, 988115cd-21c9-4558-b198-f2cedd98ccf3:192.168.69.67:44208, c52c3de9-0ed1-4f2b-ba1d-f317ceeb0ceb:192.168.69.67:37615], old=null
2019-10-18 07:14:19,267 [grpc-default-executor-1] INFO  impl.RaftServerImpl (RaftServerImpl.java:setRole(184)) - 24274e9f-e41f-4654-9afc-a783ca44e44b@group-20BE3FF63202: changes role from  FOLLOWER to FOLLOWER at term 116 for recognizeCandidate:c52c3de9-0ed1-4f2b-ba1d-f317ceeb0ceb
2019-10-18 07:14:19,267 [grpc-default-executor-1] INFO  impl.RoleInfo (RoleInfo.java:shutdownFollowerState(121)) - 24274e9f-e41f-4654-9afc-a783ca44e44b: shutdown FollowerState
2019-10-18 07:14:19,267 [grpc-default-executor-1] INFO  impl.RoleInfo (RoleInfo.java:updateAndGet(143)) - 24274e9f-e41f-4654-9afc-a783ca44e44b: start FollowerState
2019-10-18 07:14:19,267 [Thread-1088] INFO  impl.FollowerState (FollowerState.java:run(117)) - 24274e9f-e41f-4654-9afc-a783ca44e44b@group-20BE3FF63202-FollowerState was interrupted: java.lang.InterruptedException: sleep interrupted
2019-10-18 07:14:19,267 [grpc-default-executor-0] INFO  impl.RaftServerImpl (RaftServerImpl.java:setRole(184)) - 988115cd-21c9-4558-b198-f2cedd98ccf3@group-20BE3FF63202: changes role from  FOLLOWER to FOLLOWER at term 116 for recognizeCandidate:c52c3de9-0ed1-4f2b-ba1d-f317ceeb0ceb
2019-10-18 07:14:19,268 [grpc-default-executor-0] INFO  impl.RoleInfo (RoleInfo.java:shutdownFollowerState(121)) - 988115cd-21c9-4558-b198-f2cedd98ccf3: shutdown FollowerState
2019-10-18 07:14:19,268 [grpc-default-executor-0] INFO  impl.RoleInfo (RoleInfo.java:updateAndGet(143)) - 988115cd-21c9-4558-b198-f2cedd98ccf3: start FollowerState
2019-10-18 07:14:19,268 [Thread-1089] INFO  impl.FollowerState (FollowerState.java:run(117)) - 988115cd-21c9-4558-b198-f2cedd98ccf3@group-20BE3FF63202-FollowerState was interrupted: java.lang.InterruptedException: sleep interrupted
2019-10-18 07:14:19,316 [c52c3de9-0ed1-4f2b-ba1d-f317ceeb0ceb@group-20BE3FF63202-LeaderElection111] INFO  impl.LeaderElection (LeaderElection.java:logAndReturn(56)) - c52c3de9-0ed1-4f2b-ba1d-f317ceeb0ceb@group-20BE3FF63202-LeaderElection111: Election REJECTED; received 2 response(s) [c52c3de9-0ed1-4f2b-ba1d-f317ceeb0ceb<-24274e9f-e41f-4654-9afc-a783ca44e44b#0:FAIL-t116, c52c3de9-0ed1-4f2b-ba1d-f317ceeb0ceb<-988115cd-21c9-4558-b198-f2cedd98ccf3#0:FAIL-t116] and 0 exception(s); c52c3de9-0ed1-4f2b-ba1d-f317ceeb0ceb@group-20BE3FF63202:t116, leader=null, voted=c52c3de9-0ed1-4f2b-ba1d-f317ceeb0ceb, raftlog=c52c3de9-0ed1-4f2b-ba1d-f317ceeb0ceb@group-20BE3FF63202-SegmentedRaftLog:OPENED:c-1,f-1,i0, conf=-1: [24274e9f-e41f-4654-9afc-a783ca44e44b:192.168.69.67:35902, 988115cd-21c9-4558-b198-f2cedd98ccf3:192.168.69.67:44208, c52c3de9-0ed1-4f2b-ba1d-f317ceeb0ceb:192.168.69.67:37615], old=null
2019-10-18 07:14:19,316 [c52c3de9-0ed1-4f2b-ba1d-f317ceeb0ceb@group-20BE3FF63202-LeaderElection111] INFO  impl.RaftServerImpl (RaftServerImpl.java:setRole(184)) - c52c3de9-0ed1-4f2b-ba1d-f317ceeb0ceb@group-20BE3FF63202: changes role from CANDIDATE to FOLLOWER at term 116 for DISCOVERED_A_NEW_TERM
2019-10-18 07:14:19,316 [c52c3de9-0ed1-4f2b-ba1d-f317ceeb0ceb@group-20BE3FF63202-LeaderElection111] INFO  impl.RoleInfo (RoleInfo.java:shutdownLeaderElection(134)) - c52c3de9-0ed1-4f2b-ba1d-f317ceeb0ceb: shutdown LeaderElection
2019-10-18 07:14:19,316 [c52c3de9-0ed1-4f2b-ba1d-f317ceeb0ceb@group-20BE3FF63202-LeaderElection111] INFO  impl.RoleInfo (RoleInfo.java:updateAndGet(143)) - c52c3de9-0ed1-4f2b-ba1d-f317ceeb0ceb: start FollowerState
2019-10-18 07:14:19,454 [Thread-1096] INFO  impl.FollowerState (FollowerState.java:run(108)) - c52c3de9-0ed1-4f2b-ba1d-f317ceeb0ceb@group-20BE3FF63202-FollowerState: change to CANDIDATE, lastRpcTime:137ms, electionTimeout:137ms
2019-10-18 07:14:19,454 [Thread-1096] INFO  impl.RoleInfo (RoleInfo.java:shutdownFollowerState(121)) - c52c3de9-0ed1-4f2b-ba1d-f317ceeb0ceb: shutdown FollowerState
2019-10-18 07:14:19,454 [Thread-1096] INFO  impl.RaftServerImpl (RaftServerImpl.java:setRole(184)) - c52c3de9-0ed1-4f2b-ba1d-f317ceeb0ceb@group-20BE3FF63202: changes role from  FOLLOWER to CANDIDATE at term 116 for changeToCandidate
2019-10-18 07:14:19,455 [Thread-1096] INFO  impl.RoleInfo (RoleInfo.java:updateAndGet(143)) - c52c3de9-0ed1-4f2b-ba1d-f317ceeb0ceb: start LeaderElection
2019-10-18 07:14:19,470 [main] INFO  ozone.MiniOzoneClusterImpl (MiniOzoneClusterImpl.java:lambda$waitForClusterToBeReady$2(164)) - Waiting for 1 number of pipelines out of 9, to report a leader.
2019-10-18 07:14:19,503 [c52c3de9-0ed1-4f2b-ba1d-f317ceeb0ceb@group-20BE3FF63202-LeaderElection112] INFO  impl.LeaderElection (LeaderElection.java:askForVotes(178)) - c52c3de9-0ed1-4f2b-ba1d-f317ceeb0ceb@group-20BE3FF63202-LeaderElection112: begin an election at term 117 for -1: [24274e9f-e41f-4654-9afc-a783ca44e44b:192.168.69.67:35902, 988115cd-21c9-4558-b198-f2cedd98ccf3:192.168.69.67:44208, c52c3de9-0ed1-4f2b-ba1d-f317ceeb0ceb:192.168.69.67:37615], old=null
2019-10-18 07:14:19,506 [grpc-default-executor-1] INFO  impl.RaftServerImpl (RaftServerImpl.java:setRole(184)) - 988115cd-21c9-4558-b198-f2cedd98ccf3@group-20BE3FF63202: changes role from  FOLLOWER to FOLLOWER at term 117 for recognizeCandidate:c52c3de9-0ed1-4f2b-ba1d-f317ceeb0ceb
2019-10-18 07:14:19,506 [grpc-default-executor-1] INFO  impl.RoleInfo (RoleInfo.java:shutdownFollowerState(121)) - 988115cd-21c9-4558-b198-f2cedd98ccf3: shutdown FollowerState
2019-10-18 07:14:19,506 [grpc-default-executor-0] INFO  impl.RaftServerImpl (RaftServerImpl.java:setRole(184)) - 24274e9f-e41f-4654-9afc-a783ca44e44b@group-20BE3FF63202: changes role from  FOLLOWER to FOLLOWER at term 117 for recognizeCandidate:c52c3de9-0ed1-4f2b-ba1d-f317ceeb0ceb
2019-10-18 07:14:19,507 [Thread-1095] INFO  impl.FollowerState (FollowerState.java:run(117)) - 988115cd-21c9-4558-b198-f2cedd98ccf3@group-20BE3FF63202-FollowerState was interrupted: java.lang.InterruptedException: sleep interrupted
2019-10-18 07:14:19,506 [grpc-default-executor-1] INFO  impl.RoleInfo (RoleInfo.java:updateAndGet(143)) - 988115cd-21c9-4558-b198-f2cedd98ccf3: start FollowerState
2019-10-18 07:14:19,507 [grpc-default-executor-0] INFO  impl.RoleInfo (RoleInfo.java:shutdownFollowerState(121)) - 24274e9f-e41f-4654-9afc-a783ca44e44b: shutdown FollowerState
2019-10-18 07:14:19,507 [Thread-1094] INFO  impl.FollowerState (FollowerState.java:run(117)) - 24274e9f-e41f-4654-9afc-a783ca44e44b@group-20BE3FF63202-FollowerState was interrupted: java.lang.InterruptedException: sleep interrupted
2019-10-18 07:14:19,507 [grpc-default-executor-0] INFO  impl.RoleInfo (RoleInfo.java:updateAndGet(143)) - 24274e9f-e41f-4654-9afc-a783ca44e44b: start FollowerState
2019-10-18 07:14:19,547 [c52c3de9-0ed1-4f2b-ba1d-f317ceeb0ceb@group-20BE3FF63202-LeaderElection112] INFO  impl.LeaderElection (LeaderElection.java:logAndReturn(56)) - c52c3de9-0ed1-4f2b-ba1d-f317ceeb0ceb@group-20BE3FF63202-LeaderElection112: Election TIMEOUT; received 0 response(s) [] and 0 exception(s); c52c3de9-0ed1-4f2b-ba1d-f317ceeb0ceb@group-20BE3FF63202:t117, leader=null, voted=c52c3de9-0ed1-4f2b-ba1d-f317ceeb0ceb, raftlog=c52c3de9-0ed1-4f2b-ba1d-f317ceeb0ceb@group-20BE3FF63202-SegmentedRaftLog:OPENED:c-1,f-1,i0, conf=-1: [24274e9f-e41f-4654-9afc-a783ca44e44b:192.168.69.67:35902, 988115cd-21c9-4558-b198-f2cedd98ccf3:192.168.69.67:44208, c52c3de9-0ed1-4f2b-ba1d-f317ceeb0ceb:192.168.69.67:37615], old=null
2019-10-18 07:14:19,607 [c52c3de9-0ed1-4f2b-ba1d-f317ceeb0ceb@group-20BE3FF63202-LeaderElection112] INFO  impl.LeaderElection (LeaderElection.java:askForVotes(178)) - c52c3de9-0ed1-4f2b-ba1d-f317ceeb0ceb@group-20BE3FF63202-LeaderElection112: begin an election at term 118 for -1: [24274e9f-e41f-4654-9afc-a783ca44e44b:192.168.69.67:35902, 988115cd-21c9-4558-b198-f2cedd98ccf3:192.168.69.67:44208, c52c3de9-0ed1-4f2b-ba1d-f317ceeb0ceb:192.168.69.67:37615], old=null
2019-10-18 07:14:19,610 [grpc-default-executor-0] INFO  impl.RaftServerImpl (RaftServerImpl.java:setRole(184)) - 24274e9f-e41f-4654-9afc-a783ca44e44b@group-20BE3FF63202: changes role from  FOLLOWER to FOLLOWER at term 118 for recognizeCandidate:c52c3de9-0ed1-4f2b-ba1d-f317ceeb0ceb
2019-10-18 07:14:19,610 [grpc-default-executor-0] INFO  impl.RoleInfo (RoleInfo.java:shutdownFollowerState(121)) - 24274e9f-e41f-4654-9afc-a783ca44e44b: shutdown FollowerState
2019-10-18 07:14:19,610 [grpc-default-executor-0] INFO  impl.RoleInfo (RoleInfo.java:updateAndGet(143)) - 24274e9f-e41f-4654-9afc-a783ca44e44b: start FollowerState
2019-10-18 07:14:19,610 [Thread-1101] INFO  impl.FollowerState (FollowerState.java:run(117)) - 24274e9f-e41f-4654-9afc-a783ca44e44b@group-20BE3FF63202-FollowerState was interrupted: java.lang.InterruptedException: sleep interrupted
2019-10-18 07:14:19,611 [grpc-default-executor-1] INFO  impl.RaftServerImpl (RaftServerImpl.java:setRole(184)) - 988115cd-21c9-4558-b198-f2cedd98ccf3@group-20BE3FF63202: changes role from  FOLLOWER to FOLLOWER at term 118 for recognizeCandidate:c52c3de9-0ed1-4f2b-ba1d-f317ceeb0ceb
2019-10-18 07:14:19,611 [grpc-default-executor-1] INFO  impl.RoleInfo (RoleInfo.java:shutdownFollowerState(121)) - 988115cd-21c9-4558-b198-f2cedd98ccf3: shutdown FollowerState
2019-10-18 07:14:19,611 [grpc-default-executor-1] INFO  impl.RoleInfo (RoleInfo.java:updateAndGet(143)) - 988115cd-21c9-4558-b198-f2cedd98ccf3: start FollowerState
2019-10-18 07:14:19,611 [Thread-1100] INFO  impl.FollowerState (FollowerState.java:run(117)) - 988115cd-21c9-4558-b198-f2cedd98ccf3@group-20BE3FF63202-FollowerState was interrupted: java.lang.InterruptedException: sleep interrupted
2019-10-18 07:14:19,679 [c52c3de9-0ed1-4f2b-ba1d-f317ceeb0ceb@group-20BE3FF63202-LeaderElection112] INFO  impl.LeaderElection (LeaderElection.java:logAndReturn(56)) - c52c3de9-0ed1-4f2b-ba1d-f317ceeb0ceb@group-20BE3FF63202-LeaderElection112: Election REJECTED; received 2 response(s) [c52c3de9-0ed1-4f2b-ba1d-f317ceeb0ceb<-24274e9f-e41f-4654-9afc-a783ca44e44b#0:FAIL-t118, c52c3de9-0ed1-4f2b-ba1d-f317ceeb0ceb<-988115cd-21c9-4558-b198-f2cedd98ccf3#0:FAIL-t118] and 0 exception(s); c52c3de9-0ed1-4f2b-ba1d-f317ceeb0ceb@group-20BE3FF63202:t118, leader=null, voted=c52c3de9-0ed1-4f2b-ba1d-f317ceeb0ceb, raftlog=c52c3de9-0ed1-4f2b-ba1d-f317ceeb0ceb@group-20BE3FF63202-SegmentedRaftLog:OPENED:c-1,f-1,i0, conf=-1: [24274e9f-e41f-4654-9afc-a783ca44e44b:192.168.69.67:35902, 988115cd-21c9-4558-b198-f2cedd98ccf3:192.168.69.67:44208, c52c3de9-0ed1-4f2b-ba1d-f317ceeb0ceb:192.168.69.67:37615], old=null
2019-10-18 07:14:19,680 [c52c3de9-0ed1-4f2b-ba1d-f317ceeb0ceb@group-20BE3FF63202-LeaderElection112] INFO  impl.RaftServerImpl (RaftServerImpl.java:setRole(184)) - c52c3de9-0ed1-4f2b-ba1d-f317ceeb0ceb@group-20BE3FF63202: changes role from CANDIDATE to FOLLOWER at term 118 for DISCOVERED_A_NEW_TERM
2019-10-18 07:14:19,680 [c52c3de9-0ed1-4f2b-ba1d-f317ceeb0ceb@group-20BE3FF63202-LeaderElection112] INFO  impl.RoleInfo (RoleInfo.java:shutdownLeaderElection(134)) - c52c3de9-0ed1-4f2b-ba1d-f317ceeb0ceb: shutdown LeaderElection
2019-10-18 07:14:19,680 [c52c3de9-0ed1-4f2b-ba1d-f317ceeb0ceb@group-20BE3FF63202-LeaderElection112] INFO  impl.RoleInfo (RoleInfo.java:updateAndGet(143)) - c52c3de9-0ed1-4f2b-ba1d-f317ceeb0ceb: start FollowerState
2019-10-18 07:14:19,719 [Thread-1106] INFO  impl.FollowerState (FollowerState.java:run(108)) - c52c3de9-0ed1-4f2b-ba1d-f317ceeb0ceb@group-20BE3FF63202-FollowerState: change to CANDIDATE, lastRpcTime:38ms, electionTimeout:38ms
2019-10-18 07:14:19,719 [Thread-1106] INFO  impl.RoleInfo (RoleInfo.java:shutdownFollowerState(121)) - c52c3de9-0ed1-4f2b-ba1d-f317ceeb0ceb: shutdown FollowerState
2019-10-18 07:14:19,719 [Thread-1106] INFO  impl.RaftServerImpl (RaftServerImpl.java:setRole(184)) - c52c3de9-0ed1-4f2b-ba1d-f317ceeb0ceb@group-20BE3FF63202: changes role from  FOLLOWER to CANDIDATE at term 118 for changeToCandidate
2019-10-18 07:14:19,719 [Thread-1106] INFO  impl.RoleInfo (RoleInfo.java:updateAndGet(143)) - c52c3de9-0ed1-4f2b-ba1d-f317ceeb0ceb: start LeaderElection
2019-10-18 07:14:19,777 [c52c3de9-0ed1-4f2b-ba1d-f317ceeb0ceb@group-20BE3FF63202-LeaderElection113] INFO  impl.LeaderElection (LeaderElection.java:askForVotes(178)) - c52c3de9-0ed1-4f2b-ba1d-f317ceeb0ceb@group-20BE3FF63202-LeaderElection113: begin an election at term 119 for -1: [24274e9f-e41f-4654-9afc-a783ca44e44b:192.168.69.67:35902, 988115cd-21c9-4558-b198-f2cedd98ccf3:192.168.69.67:44208, c52c3de9-0ed1-4f2b-ba1d-f317ceeb0ceb:192.168.69.67:37615], old=null
2019-10-18 07:14:19,781 [grpc-default-executor-0] INFO  impl.RaftServerImpl (RaftServerImpl.java:setRole(184)) - 24274e9f-e41f-4654-9afc-a783ca44e44b@group-20BE3FF63202: changes role from  FOLLOWER to FOLLOWER at term 119 for recognizeCandidate:c52c3de9-0ed1-4f2b-ba1d-f317ceeb0ceb
2019-10-18 07:14:19,781 [grpc-default-executor-0] INFO  impl.RoleInfo (RoleInfo.java:shutdownFollowerState(121)) - 24274e9f-e41f-4654-9afc-a783ca44e44b: shutdown FollowerState
2019-10-18 07:14:19,781 [grpc-default-executor-1] INFO  impl.RaftServerImpl (RaftServerImpl.java:setRole(184)) - 988115cd-21c9-4558-b198-f2cedd98ccf3@group-20BE3FF63202: changes role from  FOLLOWER to FOLLOWER at term 119 for recognizeCandidate:c52c3de9-0ed1-4f2b-ba1d-f317ceeb0ceb
2019-10-18 07:14:19,781 [Thread-1104] INFO  impl.FollowerState (FollowerState.java:run(117)) - 24274e9f-e41f-4654-9afc-a783ca44e44b@group-20BE3FF63202-FollowerState was interrupted: java.lang.InterruptedException: sleep interrupted
2019-10-18 07:14:19,781 [grpc-default-executor-0] INFO  impl.RoleInfo (RoleInfo.java:updateAndGet(143)) - 24274e9f-e41f-4654-9afc-a783ca44e44b: start FollowerState
2019-10-18 07:14:19,781 [grpc-default-executor-1] INFO  impl.RoleInfo (RoleInfo.java:shutdownFollowerState(121)) - 988115cd-21c9-4558-b198-f2cedd98ccf3: shutdown FollowerState
2019-10-18 07:14:19,782 [grpc-default-executor-1] INFO  impl.RoleInfo (RoleInfo.java:updateAndGet(143)) - 988115cd-21c9-4558-b198-f2cedd98ccf3: start FollowerState
2019-10-18 07:14:19,782 [Thread-1105] INFO  impl.FollowerState (FollowerState.java:run(117)) - 988115cd-21c9-4558-b198-f2cedd98ccf3@group-20BE3FF63202-FollowerState was interrupted: java.lang.InterruptedException: sleep interrupted
2019-10-18 07:14:19,842 [c52c3de9-0ed1-4f2b-ba1d-f317ceeb0ceb@group-20BE3FF63202-LeaderElection113] INFO  impl.LeaderElection (LeaderElection.java:logAndReturn(56)) - c52c3de9-0ed1-4f2b-ba1d-f317ceeb0ceb@group-20BE3FF63202-LeaderElection113: Election REJECTED; received 2 response(s) [c52c3de9-0ed1-4f2b-ba1d-f317ceeb0ceb<-24274e9f-e41f-4654-9afc-a783ca44e44b#0:FAIL-t119, c52c3de9-0ed1-4f2b-ba1d-f317ceeb0ceb<-988115cd-21c9-4558-b198-f2cedd98ccf3#0:FAIL-t119] and 0 exception(s); c52c3de9-0ed1-4f2b-ba1d-f317ceeb0ceb@group-20BE3FF63202:t119, leader=null, voted=c52c3de9-0ed1-4f2b-ba1d-f317ceeb0ceb, raftlog=c52c3de9-0ed1-4f2b-ba1d-f317ceeb0ceb@group-20BE3FF63202-SegmentedRaftLog:OPENED:c-1,f-1,i0, conf=-1: [24274e9f-e41f-4654-9afc-a783ca44e44b:192.168.69.67:35902, 988115cd-21c9-4558-b198-f2cedd98ccf3:192.168.69.67:44208, c52c3de9-0ed1-4f2b-ba1d-f317ceeb0ceb:192.168.69.67:37615], old=null
2019-10-18 07:14:19,842 [c52c3de9-0ed1-4f2b-ba1d-f317ceeb0ceb@group-20BE3FF63202-LeaderElection113] INFO  impl.RaftServerImpl (RaftServerImpl.java:setRole(184)) - c52c3de9-0ed1-4f2b-ba1d-f317ceeb0ceb@group-20BE3FF63202: changes role from CANDIDATE to FOLLOWER at term 119 for DISCOVERED_A_NEW_TERM
2019-10-18 07:14:19,842 [c52c3de9-0ed1-4f2b-ba1d-f317ceeb0ceb@group-20BE3FF63202-LeaderElection113] INFO  impl.RoleInfo (RoleInfo.java:shutdownLeaderElection(134)) - c52c3de9-0ed1-4f2b-ba1d-f317ceeb0ceb: shutdown LeaderElection
2019-10-18 07:14:19,843 [c52c3de9-0ed1-4f2b-ba1d-f317ceeb0ceb@group-20BE3FF63202-LeaderElection113] INFO  impl.RoleInfo (RoleInfo.java:updateAndGet(143)) - c52c3de9-0ed1-4f2b-ba1d-f317ceeb0ceb: start FollowerState
2019-10-18 07:14:19,935 [Thread-1112] INFO  impl.FollowerState (FollowerState.java:run(108)) - c52c3de9-0ed1-4f2b-ba1d-f317ceeb0ceb@group-20BE3FF63202-FollowerState: change to CANDIDATE, lastRpcTime:92ms, electionTimeout:92ms
2019-10-18 07:14:19,935 [Thread-1112] INFO  impl.RoleInfo (RoleInfo.java:shutdownFollowerState(121)) - c52c3de9-0ed1-4f2b-ba1d-f317ceeb0ceb: shutdown FollowerState
2019-10-18 07:14:19,936 [Thread-1112] INFO  impl.RaftServerImpl (RaftServerImpl.java:setRole(184)) - c52c3de9-0ed1-4f2b-ba1d-f317ceeb0ceb@group-20BE3FF63202: changes role from  FOLLOWER to CANDIDATE at term 119 for changeToCandidate
2019-10-18 07:14:19,936 [Thread-1112] INFO  impl.RoleInfo (RoleInfo.java:updateAndGet(143)) - c52c3de9-0ed1-4f2b-ba1d-f317ceeb0ceb: start LeaderElection
2019-10-18 07:14:19,992 [c52c3de9-0ed1-4f2b-ba1d-f317ceeb0ceb@group-20BE3FF63202-LeaderElection114] INFO  impl.LeaderElection (LeaderElection.java:askForVotes(178)) - c52c3de9-0ed1-4f2b-ba1d-f317ceeb0ceb@group-20BE3FF63202-LeaderElection114: begin an election at term 120 for -1: [24274e9f-e41f-4654-9afc-a783ca44e44b:192.168.69.67:35902, 988115cd-21c9-4558-b198-f2cedd98ccf3:192.168.69.67:44208, c52c3de9-0ed1-4f2b-ba1d-f317ceeb0ceb:192.168.69.67:37615], old=null
2019-10-18 07:14:19,996 [grpc-default-executor-1] INFO  impl.RaftServerImpl (RaftServerImpl.java:setRole(184)) - 24274e9f-e41f-4654-9afc-a783ca44e44b@group-20BE3FF63202: changes role from  FOLLOWER to FOLLOWER at term 120 for recognizeCandidate:c52c3de9-0ed1-4f2b-ba1d-f317ceeb0ceb
2019-10-18 07:14:19,996 [grpc-default-executor-1] INFO  impl.RoleInfo (RoleInfo.java:shutdownFollowerState(121)) - 24274e9f-e41f-4654-9afc-a783ca44e44b: shutdown FollowerState
2019-10-18 07:14:19,996 [grpc-default-executor-1] INFO  impl.RoleInfo (RoleInfo.java:updateAndGet(143)) - 24274e9f-e41f-4654-9afc-a783ca44e44b: start FollowerState
2019-10-18 07:14:19,996 [Thread-1110] INFO  impl.FollowerState (FollowerState.java:run(117)) - 24274e9f-e41f-4654-9afc-a783ca44e44b@group-20BE3FF63202-FollowerState was interrupted: java.lang.InterruptedException: sleep interrupted
2019-10-18 07:14:19,996 [grpc-default-executor-0] INFO  impl.RaftServerImpl (RaftServerImpl.java:setRole(184)) - 988115cd-21c9-4558-b198-f2cedd98ccf3@group-20BE3FF63202: changes role from  FOLLOWER to FOLLOWER at term 120 for recognizeCandidate:c52c3de9-0ed1-4f2b-ba1d-f317ceeb0ceb
2019-10-18 07:14:19,997 [grpc-default-executor-0] INFO  impl.RoleInfo (RoleInfo.java:shutdownFollowerState(121)) - 988115cd-21c9-4558-b198-f2cedd98ccf3: shutdown FollowerState
2019-10-18 07:14:19,997 [grpc-default-executor-0] INFO  impl.RoleInfo (RoleInfo.java:updateAndGet(143)) - 988115cd-21c9-4558-b198-f2cedd98ccf3: start FollowerState
2019-10-18 07:14:19,997 [Thread-1111] INFO  impl.FollowerState (FollowerState.java:run(117)) - 988115cd-21c9-4558-b198-f2cedd98ccf3@group-20BE3FF63202-FollowerState was interrupted: java.lang.InterruptedException: sleep interrupted
2019-10-18 07:14:20,042 [c52c3de9-0ed1-4f2b-ba1d-f317ceeb0ceb@group-20BE3FF63202-LeaderElection114] INFO  impl.LeaderElection (LeaderElection.java:logAndReturn(56)) - c52c3de9-0ed1-4f2b-ba1d-f317ceeb0ceb@group-20BE3FF63202-LeaderElection114: Election TIMEOUT; received 0 response(s) [] and 0 exception(s); c52c3de9-0ed1-4f2b-ba1d-f317ceeb0ceb@group-20BE3FF63202:t120, leader=null, voted=c52c3de9-0ed1-4f2b-ba1d-f317ceeb0ceb, raftlog=c52c3de9-0ed1-4f2b-ba1d-f317ceeb0ceb@group-20BE3FF63202-SegmentedRaftLog:OPENED:c-1,f-1,i0, conf=-1: [24274e9f-e41f-4654-9afc-a783ca44e44b:192.168.69.67:35902, 988115cd-21c9-4558-b198-f2cedd98ccf3:192.168.69.67:44208, c52c3de9-0ed1-4f2b-ba1d-f317ceeb0ceb:192.168.69.67:37615], old=null
2019-10-18 07:14:20,158 [c52c3de9-0ed1-4f2b-ba1d-f317ceeb0ceb@group-20BE3FF63202-LeaderElection114] INFO  impl.LeaderElection (LeaderElection.java:askForVotes(178)) - c52c3de9-0ed1-4f2b-ba1d-f317ceeb0ceb@group-20BE3FF63202-LeaderElection114: begin an election at term 121 for -1: [24274e9f-e41f-4654-9afc-a783ca44e44b:192.168.69.67:35902, 988115cd-21c9-4558-b198-f2cedd98ccf3:192.168.69.67:44208, c52c3de9-0ed1-4f2b-ba1d-f317ceeb0ceb:192.168.69.67:37615], old=null
2019-10-18 07:14:20,162 [grpc-default-executor-1] INFO  impl.RaftServerImpl (RaftServerImpl.java:setRole(184)) - 988115cd-21c9-4558-b198-f2cedd98ccf3@group-20BE3FF63202: changes role from  FOLLOWER to FOLLOWER at term 121 for recognizeCandidate:c52c3de9-0ed1-4f2b-ba1d-f317ceeb0ceb
2019-10-18 07:14:20,162 [grpc-default-executor-0] INFO  impl.RaftServerImpl (RaftServerImpl.java:setRole(184)) - 24274e9f-e41f-4654-9afc-a783ca44e44b@group-20BE3FF63202: changes role from  FOLLOWER to FOLLOWER at term 121 for recognizeCandidate:c52c3de9-0ed1-4f2b-ba1d-f317ceeb0ceb
2019-10-18 07:14:20,162 [grpc-default-executor-1] INFO  impl.RoleInfo (RoleInfo.java:shutdownFollowerState(121)) - 988115cd-21c9-4558-b198-f2cedd98ccf3: shutdown FollowerState
2019-10-18 07:14:20,163 [grpc-default-executor-0] INFO  impl.RoleInfo (RoleInfo.java:shutdownFollowerState(121)) - 24274e9f-e41f-4654-9afc-a783ca44e44b: shutdown FollowerState
2019-10-18 07:14:20,163 [grpc-default-executor-1] INFO  impl.RoleInfo (RoleInfo.java:updateAndGet(143)) - 988115cd-21c9-4558-b198-f2cedd98ccf3: start FollowerState
2019-10-18 07:14:20,163 [Thread-1117] INFO  impl.FollowerState (FollowerState.java:run(117)) - 988115cd-21c9-4558-b198-f2cedd98ccf3@group-20BE3FF63202-FollowerState was interrupted: java.lang.InterruptedException: sleep interrupted
2019-10-18 07:14:20,163 [Thread-1116] INFO  impl.FollowerState (FollowerState.java:run(117)) - 24274e9f-e41f-4654-9afc-a783ca44e44b@group-20BE3FF63202-FollowerState was interrupted: java.lang.InterruptedException: sleep interrupted
2019-10-18 07:14:20,163 [grpc-default-executor-0] INFO  impl.RoleInfo (RoleInfo.java:updateAndGet(143)) - 24274e9f-e41f-4654-9afc-a783ca44e44b: start FollowerState
2019-10-18 07:14:20,210 [c52c3de9-0ed1-4f2b-ba1d-f317ceeb0ceb@group-20BE3FF63202-LeaderElection114] INFO  impl.LeaderElection (LeaderElection.java:logAndReturn(56)) - c52c3de9-0ed1-4f2b-ba1d-f317ceeb0ceb@group-20BE3FF63202-LeaderElection114: Election REJECTED; received 2 response(s) [c52c3de9-0ed1-4f2b-ba1d-f317ceeb0ceb<-24274e9f-e41f-4654-9afc-a783ca44e44b#0:FAIL-t121, c52c3de9-0ed1-4f2b-ba1d-f317ceeb0ceb<-988115cd-21c9-4558-b198-f2cedd98ccf3#0:FAIL-t121] and 0 exception(s); c52c3de9-0ed1-4f2b-ba1d-f317ceeb0ceb@group-20BE3FF63202:t121, leader=null, voted=c52c3de9-0ed1-4f2b-ba1d-f317ceeb0ceb, raftlog=c52c3de9-0ed1-4f2b-ba1d-f317ceeb0ceb@group-20BE3FF63202-SegmentedRaftLog:OPENED:c-1,f-1,i0, conf=-1: [24274e9f-e41f-4654-9afc-a783ca44e44b:192.168.69.67:35902, 988115cd-21c9-4558-b198-f2cedd98ccf3:192.168.69.67:44208, c52c3de9-0ed1-4f2b-ba1d-f317ceeb0ceb:192.168.69.67:37615], old=null
2019-10-18 07:14:20,210 [c52c3de9-0ed1-4f2b-ba1d-f317ceeb0ceb@group-20BE3FF63202-LeaderElection114] INFO  impl.RaftServerImpl (RaftServerImpl.java:setRole(184)) - c52c3de9-0ed1-4f2b-ba1d-f317ceeb0ceb@group-20BE3FF63202: changes role from CANDIDATE to FOLLOWER at term 121 for DISCOVERED_A_NEW_TERM
2019-10-18 07:14:20,210 [c52c3de9-0ed1-4f2b-ba1d-f317ceeb0ceb@group-20BE3FF63202-LeaderElection114] INFO  impl.RoleInfo (RoleInfo.java:shutdownLeaderElection(134)) - c52c3de9-0ed1-4f2b-ba1d-f317ceeb0ceb: shutdown LeaderElection
2019-10-18 07:14:20,210 [c52c3de9-0ed1-4f2b-ba1d-f317ceeb0ceb@group-20BE3FF63202-LeaderElection114] INFO  impl.RoleInfo (RoleInfo.java:updateAndGet(143)) - c52c3de9-0ed1-4f2b-ba1d-f317ceeb0ceb: start FollowerState
2019-10-18 07:14:20,318 [Thread-1122] INFO  impl.FollowerState (FollowerState.java:run(108)) - c52c3de9-0ed1-4f2b-ba1d-f317ceeb0ceb@group-20BE3FF63202-FollowerState: change to CANDIDATE, lastRpcTime:107ms, electionTimeout:107ms
2019-10-18 07:14:20,318 [Thread-1122] INFO  impl.RoleInfo (RoleInfo.java:shutdownFollowerState(121)) - c52c3de9-0ed1-4f2b-ba1d-f317ceeb0ceb: shutdown FollowerState
2019-10-18 07:14:20,318 [Thread-1122] INFO  impl.RaftServerImpl (RaftServerImpl.java:setRole(184)) - c52c3de9-0ed1-4f2b-ba1d-f317ceeb0ceb@group-20BE3FF63202: changes role from  FOLLOWER to CANDIDATE at term 121 for changeToCandidate
2019-10-18 07:14:20,318 [Thread-1122] INFO  impl.RoleInfo (RoleInfo.java:updateAndGet(143)) - c52c3de9-0ed1-4f2b-ba1d-f317ceeb0ceb: start LeaderElection
2019-10-18 07:14:20,404 [c52c3de9-0ed1-4f2b-ba1d-f317ceeb0ceb@group-20BE3FF63202-LeaderElection115] INFO  impl.LeaderElection (LeaderElection.java:askForVotes(178)) - c52c3de9-0ed1-4f2b-ba1d-f317ceeb0ceb@group-20BE3FF63202-LeaderElection115: begin an election at term 122 for -1: [24274e9f-e41f-4654-9afc-a783ca44e44b:192.168.69.67:35902, 988115cd-21c9-4558-b198-f2cedd98ccf3:192.168.69.67:44208, c52c3de9-0ed1-4f2b-ba1d-f317ceeb0ceb:192.168.69.67:37615], old=null
2019-10-18 07:14:20,407 [grpc-default-executor-1] INFO  impl.RaftServerImpl (RaftServerImpl.java:setRole(184)) - 24274e9f-e41f-4654-9afc-a783ca44e44b@group-20BE3FF63202: changes role from  FOLLOWER to FOLLOWER at term 122 for recognizeCandidate:c52c3de9-0ed1-4f2b-ba1d-f317ceeb0ceb
2019-10-18 07:14:20,407 [grpc-default-executor-1] INFO  impl.RoleInfo (RoleInfo.java:shutdownFollowerState(121)) - 24274e9f-e41f-4654-9afc-a783ca44e44b: shutdown FollowerState
2019-10-18 07:14:20,407 [grpc-default-executor-0] INFO  impl.RaftServerImpl (RaftServerImpl.java:setRole(184)) - 988115cd-21c9-4558-b198-f2cedd98ccf3@group-20BE3FF63202: changes role from  FOLLOWER to FOLLOWER at term 122 for recognizeCandidate:c52c3de9-0ed1-4f2b-ba1d-f317ceeb0ceb
2019-10-18 07:14:20,408 [grpc-default-executor-1] INFO  impl.RoleInfo (RoleInfo.java:updateAndGet(143)) - 24274e9f-e41f-4654-9afc-a783ca44e44b: start FollowerState
2019-10-18 07:14:20,408 [grpc-default-executor-0] INFO  impl.RoleInfo (RoleInfo.java:shutdownFollowerState(121)) - 988115cd-21c9-4558-b198-f2cedd98ccf3: shutdown FollowerState
2019-10-18 07:14:20,408 [Thread-1121] INFO  impl.FollowerState (FollowerState.java:run(117)) - 24274e9f-e41f-4654-9afc-a783ca44e44b@group-20BE3FF63202-FollowerState was interrupted: java.lang.InterruptedException: sleep interrupted
2019-10-18 07:14:20,408 [grpc-default-executor-0] INFO  impl.RoleInfo (RoleInfo.java:updateAndGet(143)) - 988115cd-21c9-4558-b198-f2cedd98ccf3: start FollowerState
2019-10-18 07:14:20,408 [Thread-1120] INFO  impl.FollowerState (FollowerState.java:run(117)) - 988115cd-21c9-4558-b198-f2cedd98ccf3@group-20BE3FF63202-FollowerState was interrupted: java.lang.InterruptedException: sleep interrupted
2019-10-18 07:14:20,440 [c52c3de9-0ed1-4f2b-ba1d-f317ceeb0ceb@group-20BE3FF63202-LeaderElection115] INFO  impl.LeaderElection (LeaderElection.java:logAndReturn(56)) - c52c3de9-0ed1-4f2b-ba1d-f317ceeb0ceb@group-20BE3FF63202-LeaderElection115: Election TIMEOUT; received 0 response(s) [] and 0 exception(s); c52c3de9-0ed1-4f2b-ba1d-f317ceeb0ceb@group-20BE3FF63202:t122, leader=null, voted=c52c3de9-0ed1-4f2b-ba1d-f317ceeb0ceb, raftlog=c52c3de9-0ed1-4f2b-ba1d-f317ceeb0ceb@group-20BE3FF63202-SegmentedRaftLog:OPENED:c-1,f-1,i0, conf=-1: [24274e9f-e41f-4654-9afc-a783ca44e44b:192.168.69.67:35902, 988115cd-21c9-4558-b198-f2cedd98ccf3:192.168.69.67:44208, c52c3de9-0ed1-4f2b-ba1d-f317ceeb0ceb:192.168.69.67:37615], old=null
2019-10-18 07:14:20,470 [main] INFO  ozone.MiniOzoneClusterImpl (MiniOzoneClusterImpl.java:lambda$waitForClusterToBeReady$2(164)) - Waiting for 1 number of pipelines out of 9, to report a leader.
2019-10-18 07:14:20,488 [c52c3de9-0ed1-4f2b-ba1d-f317ceeb0ceb@group-20BE3FF63202-LeaderElection115] INFO  impl.LeaderElection (LeaderElection.java:askForVotes(178)) - c52c3de9-0ed1-4f2b-ba1d-f317ceeb0ceb@group-20BE3FF63202-LeaderElection115: begin an election at term 123 for -1: [24274e9f-e41f-4654-9afc-a783ca44e44b:192.168.69.67:35902, 988115cd-21c9-4558-b198-f2cedd98ccf3:192.168.69.67:44208, c52c3de9-0ed1-4f2b-ba1d-f317ceeb0ceb:192.168.69.67:37615], old=null
2019-10-18 07:14:20,491 [grpc-default-executor-0] INFO  impl.RaftServerImpl (RaftServerImpl.java:setRole(184)) - 24274e9f-e41f-4654-9afc-a783ca44e44b@group-20BE3FF63202: changes role from  FOLLOWER to FOLLOWER at term 123 for recognizeCandidate:c52c3de9-0ed1-4f2b-ba1d-f317ceeb0ceb
2019-10-18 07:14:20,491 [grpc-default-executor-0] INFO  impl.RoleInfo (RoleInfo.java:shutdownFollowerState(121)) - 24274e9f-e41f-4654-9afc-a783ca44e44b: shutdown FollowerState
2019-10-18 07:14:20,491 [grpc-default-executor-1] INFO  impl.RaftServerImpl (RaftServerImpl.java:setRole(184)) - 988115cd-21c9-4558-b198-f2cedd98ccf3@group-20BE3FF63202: changes role from  FOLLOWER to FOLLOWER at term 123 for recognizeCandidate:c52c3de9-0ed1-4f2b-ba1d-f317ceeb0ceb
2019-10-18 07:14:20,491 [grpc-default-executor-1] INFO  impl.RoleInfo (RoleInfo.java:shutdownFollowerState(121)) - 988115cd-21c9-4558-b198-f2cedd98ccf3: shutdown FollowerState
2019-10-18 07:14:20,491 [Thread-1128] INFO  impl.FollowerState (FollowerState.java:run(117)) - 24274e9f-e41f-4654-9afc-a783ca44e44b@group-20BE3FF63202-FollowerState was interrupted: java.lang.InterruptedException: sleep interrupted
2019-10-18 07:14:20,491 [grpc-default-executor-0] INFO  impl.RoleInfo (RoleInfo.java:updateAndGet(143)) - 24274e9f-e41f-4654-9afc-a783ca44e44b: start FollowerState
2019-10-18 07:14:20,492 [Thread-1129] INFO  impl.FollowerState (FollowerState.java:run(117)) - 988115cd-21c9-4558-b198-f2cedd98ccf3@group-20BE3FF63202-FollowerState was interrupted: java.lang.InterruptedException: sleep interrupted
2019-10-18 07:14:20,492 [grpc-default-executor-1] INFO  impl.RoleInfo (RoleInfo.java:updateAndGet(143)) - 988115cd-21c9-4558-b198-f2cedd98ccf3: start FollowerState
2019-10-18 07:14:20,524 [c52c3de9-0ed1-4f2b-ba1d-f317ceeb0ceb@group-20BE3FF63202-LeaderElection115] INFO  impl.LeaderElection (LeaderElection.java:logAndReturn(56)) - c52c3de9-0ed1-4f2b-ba1d-f317ceeb0ceb@group-20BE3FF63202-LeaderElection115: Election REJECTED; received 2 response(s) [c52c3de9-0ed1-4f2b-ba1d-f317ceeb0ceb<-24274e9f-e41f-4654-9afc-a783ca44e44b#0:FAIL-t123, c52c3de9-0ed1-4f2b-ba1d-f317ceeb0ceb<-988115cd-21c9-4558-b198-f2cedd98ccf3#0:FAIL-t123] and 0 exception(s); c52c3de9-0ed1-4f2b-ba1d-f317ceeb0ceb@group-20BE3FF63202:t123, leader=null, voted=c52c3de9-0ed1-4f2b-ba1d-f317ceeb0ceb, raftlog=c52c3de9-0ed1-4f2b-ba1d-f317ceeb0ceb@group-20BE3FF63202-SegmentedRaftLog:OPENED:c-1,f-1,i0, conf=-1: [24274e9f-e41f-4654-9afc-a783ca44e44b:192.168.69.67:35902, 988115cd-21c9-4558-b198-f2cedd98ccf3:192.168.69.67:44208, c52c3de9-0ed1-4f2b-ba1d-f317ceeb0ceb:192.168.69.67:37615], old=null
2019-10-18 07:14:20,525 [c52c3de9-0ed1-4f2b-ba1d-f317ceeb0ceb@group-20BE3FF63202-LeaderElection115] INFO  impl.RaftServerImpl (RaftServerImpl.java:setRole(184)) - c52c3de9-0ed1-4f2b-ba1d-f317ceeb0ceb@group-20BE3FF63202: changes role from CANDIDATE to FOLLOWER at term 123 for DISCOVERED_A_NEW_TERM
2019-10-18 07:14:20,525 [c52c3de9-0ed1-4f2b-ba1d-f317ceeb0ceb@group-20BE3FF63202-LeaderElection115] INFO  impl.RoleInfo (RoleInfo.java:shutdownLeaderElection(134)) - c52c3de9-0ed1-4f2b-ba1d-f317ceeb0ceb: shutdown LeaderElection
2019-10-18 07:14:20,525 [c52c3de9-0ed1-4f2b-ba1d-f317ceeb0ceb@group-20BE3FF63202-LeaderElection115] INFO  impl.RoleInfo (RoleInfo.java:updateAndGet(143)) - c52c3de9-0ed1-4f2b-ba1d-f317ceeb0ceb: start FollowerState
2019-10-18 07:14:20,685 [Thread-1134] INFO  impl.FollowerState (FollowerState.java:run(108)) - c52c3de9-0ed1-4f2b-ba1d-f317ceeb0ceb@group-20BE3FF63202-FollowerState: change to CANDIDATE, lastRpcTime:160ms, electionTimeout:160ms
2019-10-18 07:14:20,686 [Thread-1134] INFO  impl.RoleInfo (RoleInfo.java:shutdownFollowerState(121)) - c52c3de9-0ed1-4f2b-ba1d-f317ceeb0ceb: shutdown FollowerState
2019-10-18 07:14:20,686 [Thread-1134] INFO  impl.RaftServerImpl (RaftServerImpl.java:setRole(184)) - c52c3de9-0ed1-4f2b-ba1d-f317ceeb0ceb@group-20BE3FF63202: changes role from  FOLLOWER to CANDIDATE at term 123 for changeToCandidate
2019-10-18 07:14:20,686 [Thread-1134] INFO  impl.RoleInfo (RoleInfo.java:updateAndGet(143)) - c52c3de9-0ed1-4f2b-ba1d-f317ceeb0ceb: start LeaderElection
2019-10-18 07:14:20,758 [c52c3de9-0ed1-4f2b-ba1d-f317ceeb0ceb@group-20BE3FF63202-LeaderElection116] INFO  impl.LeaderElection (LeaderElection.java:askForVotes(178)) - c52c3de9-0ed1-4f2b-ba1d-f317ceeb0ceb@group-20BE3FF63202-LeaderElection116: begin an election at term 124 for -1: [24274e9f-e41f-4654-9afc-a783ca44e44b:192.168.69.67:35902, 988115cd-21c9-4558-b198-f2cedd98ccf3:192.168.69.67:44208, c52c3de9-0ed1-4f2b-ba1d-f317ceeb0ceb:192.168.69.67:37615], old=null
2019-10-18 07:14:20,762 [grpc-default-executor-0] INFO  impl.RaftServerImpl (RaftServerImpl.java:setRole(184)) - 24274e9f-e41f-4654-9afc-a783ca44e44b@group-20BE3FF63202: changes role from  FOLLOWER to FOLLOWER at term 124 for recognizeCandidate:c52c3de9-0ed1-4f2b-ba1d-f317ceeb0ceb
2019-10-18 07:14:20,762 [grpc-default-executor-1] INFO  impl.RaftServerImpl (RaftServerImpl.java:setRole(184)) - 988115cd-21c9-4558-b198-f2cedd98ccf3@group-20BE3FF63202: changes role from  FOLLOWER to FOLLOWER at term 124 for recognizeCandidate:c52c3de9-0ed1-4f2b-ba1d-f317ceeb0ceb
2019-10-18 07:14:20,762 [grpc-default-executor-0] INFO  impl.RoleInfo (RoleInfo.java:shutdownFollowerState(121)) - 24274e9f-e41f-4654-9afc-a783ca44e44b: shutdown FollowerState
2019-10-18 07:14:20,762 [grpc-default-executor-1] INFO  impl.RoleInfo (RoleInfo.java:shutdownFollowerState(121)) - 988115cd-21c9-4558-b198-f2cedd98ccf3: shutdown FollowerState
2019-10-18 07:14:20,762 [Thread-1132] INFO  impl.FollowerState (FollowerState.java:run(117)) - 24274e9f-e41f-4654-9afc-a783ca44e44b@group-20BE3FF63202-FollowerState was interrupted: java.lang.InterruptedException: sleep interrupted
2019-10-18 07:14:20,762 [grpc-default-executor-0] INFO  impl.RoleInfo (RoleInfo.java:updateAndGet(143)) - 24274e9f-e41f-4654-9afc-a783ca44e44b: start FollowerState
2019-10-18 07:14:20,763 [Thread-1133] INFO  impl.FollowerState (FollowerState.java:run(117)) - 988115cd-21c9-4558-b198-f2cedd98ccf3@group-20BE3FF63202-FollowerState was interrupted: java.lang.InterruptedException: sleep interrupted
2019-10-18 07:14:20,762 [grpc-default-executor-1] INFO  impl.RoleInfo (RoleInfo.java:updateAndGet(143)) - 988115cd-21c9-4558-b198-f2cedd98ccf3: start FollowerState
2019-10-18 07:14:20,816 [c52c3de9-0ed1-4f2b-ba1d-f317ceeb0ceb@group-20BE3FF63202-LeaderElection116] INFO  impl.LeaderElection (LeaderElection.java:logAndReturn(56)) - c52c3de9-0ed1-4f2b-ba1d-f317ceeb0ceb@group-20BE3FF63202-LeaderElection116: Election REJECTED; received 2 response(s) [c52c3de9-0ed1-4f2b-ba1d-f317ceeb0ceb<-24274e9f-e41f-4654-9afc-a783ca44e44b#0:FAIL-t124, c52c3de9-0ed1-4f2b-ba1d-f317ceeb0ceb<-988115cd-21c9-4558-b198-f2cedd98ccf3#0:FAIL-t124] and 0 exception(s); c52c3de9-0ed1-4f2b-ba1d-f317ceeb0ceb@group-20BE3FF63202:t124, leader=null, voted=c52c3de9-0ed1-4f2b-ba1d-f317ceeb0ceb, raftlog=c52c3de9-0ed1-4f2b-ba1d-f317ceeb0ceb@group-20BE3FF63202-SegmentedRaftLog:OPENED:c-1,f-1,i0, conf=-1: [24274e9f-e41f-4654-9afc-a783ca44e44b:192.168.69.67:35902, 988115cd-21c9-4558-b198-f2cedd98ccf3:192.168.69.67:44208, c52c3de9-0ed1-4f2b-ba1d-f317ceeb0ceb:192.168.69.67:37615], old=null
2019-10-18 07:14:20,816 [c52c3de9-0ed1-4f2b-ba1d-f317ceeb0ceb@group-20BE3FF63202-LeaderElection116] INFO  impl.RaftServerImpl (RaftServerImpl.java:setRole(184)) - c52c3de9-0ed1-4f2b-ba1d-f317ceeb0ceb@group-20BE3FF63202: changes role from CANDIDATE to FOLLOWER at term 124 for DISCOVERED_A_NEW_TERM
2019-10-18 07:14:20,816 [c52c3de9-0ed1-4f2b-ba1d-f317ceeb0ceb@group-20BE3FF63202-LeaderElection116] INFO  impl.RoleInfo (RoleInfo.java:shutdownLeaderElection(134)) - c52c3de9-0ed1-4f2b-ba1d-f317ceeb0ceb: shutdown LeaderElection
2019-10-18 07:14:20,816 [c52c3de9-0ed1-4f2b-ba1d-f317ceeb0ceb@group-20BE3FF63202-LeaderElection116] INFO  impl.RoleInfo (RoleInfo.java:updateAndGet(143)) - c52c3de9-0ed1-4f2b-ba1d-f317ceeb0ceb: start FollowerState
2019-10-18 07:14:20,896 [Thread-1140] INFO  impl.FollowerState (FollowerState.java:run(108)) - c52c3de9-0ed1-4f2b-ba1d-f317ceeb0ceb@group-20BE3FF63202-FollowerState: change to CANDIDATE, lastRpcTime:79ms, electionTimeout:79ms
2019-10-18 07:14:20,896 [Thread-1140] INFO  impl.RoleInfo (RoleInfo.java:shutdownFollowerState(121)) - c52c3de9-0ed1-4f2b-ba1d-f317ceeb0ceb: shutdown FollowerState
2019-10-18 07:14:20,896 [Thread-1140] INFO  impl.RaftServerImpl (RaftServerImpl.java:setRole(184)) - c52c3de9-0ed1-4f2b-ba1d-f317ceeb0ceb@group-20BE3FF63202: changes role from  FOLLOWER to CANDIDATE at term 124 for changeToCandidate
2019-10-18 07:14:20,897 [Thread-1140] INFO  impl.RoleInfo (RoleInfo.java:updateAndGet(143)) - c52c3de9-0ed1-4f2b-ba1d-f317ceeb0ceb: start LeaderElection
2019-10-18 07:14:20,966 [c52c3de9-0ed1-4f2b-ba1d-f317ceeb0ceb@group-20BE3FF63202-LeaderElection117] INFO  impl.LeaderElection (LeaderElection.java:askForVotes(178)) - c52c3de9-0ed1-4f2b-ba1d-f317ceeb0ceb@group-20BE3FF63202-LeaderElection117: begin an election at term 125 for -1: [24274e9f-e41f-4654-9afc-a783ca44e44b:192.168.69.67:35902, 988115cd-21c9-4558-b198-f2cedd98ccf3:192.168.69.67:44208, c52c3de9-0ed1-4f2b-ba1d-f317ceeb0ceb:192.168.69.67:37615], old=null
2019-10-18 07:14:20,969 [grpc-default-executor-0] INFO  impl.RaftServerImpl (RaftServerImpl.java:setRole(184)) - 988115cd-21c9-4558-b198-f2cedd98ccf3@group-20BE3FF63202: changes role from  FOLLOWER to FOLLOWER at term 125 for recognizeCandidate:c52c3de9-0ed1-4f2b-ba1d-f317ceeb0ceb
2019-10-18 07:14:20,969 [grpc-default-executor-1] INFO  impl.RaftServerImpl (RaftServerImpl.java:setRole(184)) - 24274e9f-e41f-4654-9afc-a783ca44e44b@group-20BE3FF63202: changes role from  FOLLOWER to FOLLOWER at term 125 for recognizeCandidate:c52c3de9-0ed1-4f2b-ba1d-f317ceeb0ceb
2019-10-18 07:14:20,969 [grpc-default-executor-0] INFO  impl.RoleInfo (RoleInfo.java:shutdownFollowerState(121)) - 988115cd-21c9-4558-b198-f2cedd98ccf3: shutdown FollowerState
2019-10-18 07:14:20,970 [grpc-default-executor-1] INFO  impl.RoleInfo (RoleInfo.java:shutdownFollowerState(121)) - 24274e9f-e41f-4654-9afc-a783ca44e44b: shutdown FollowerState
2019-10-18 07:14:20,970 [Thread-1139] INFO  impl.FollowerState (FollowerState.java:run(117)) - 988115cd-21c9-4558-b198-f2cedd98ccf3@group-20BE3FF63202-FollowerState was interrupted: java.lang.InterruptedException: sleep interrupted
2019-10-18 07:14:20,970 [grpc-default-executor-0] INFO  impl.RoleInfo (RoleInfo.java:updateAndGet(143)) - 988115cd-21c9-4558-b198-f2cedd98ccf3: start FollowerState
2019-10-18 07:14:20,970 [Thread-1138] INFO  impl.FollowerState (FollowerState.java:run(117)) - 24274e9f-e41f-4654-9afc-a783ca44e44b@group-20BE3FF63202-FollowerState was interrupted: java.lang.InterruptedException: sleep interrupted
2019-10-18 07:14:20,970 [grpc-default-executor-1] INFO  impl.RoleInfo (RoleInfo.java:updateAndGet(143)) - 24274e9f-e41f-4654-9afc-a783ca44e44b: start FollowerState
2019-10-18 07:14:21,025 [c52c3de9-0ed1-4f2b-ba1d-f317ceeb0ceb@group-20BE3FF63202-LeaderElection117] INFO  impl.LeaderElection (LeaderElection.java:logAndReturn(56)) - c52c3de9-0ed1-4f2b-ba1d-f317ceeb0ceb@group-20BE3FF63202-LeaderElection117: Election REJECTED; received 2 response(s) [c52c3de9-0ed1-4f2b-ba1d-f317ceeb0ceb<-24274e9f-e41f-4654-9afc-a783ca44e44b#0:FAIL-t125, c52c3de9-0ed1-4f2b-ba1d-f317ceeb0ceb<-988115cd-21c9-4558-b198-f2cedd98ccf3#0:FAIL-t125] and 0 exception(s); c52c3de9-0ed1-4f2b-ba1d-f317ceeb0ceb@group-20BE3FF63202:t125, leader=null, voted=c52c3de9-0ed1-4f2b-ba1d-f317ceeb0ceb, raftlog=c52c3de9-0ed1-4f2b-ba1d-f317ceeb0ceb@group-20BE3FF63202-SegmentedRaftLog:OPENED:c-1,f-1,i0, conf=-1: [24274e9f-e41f-4654-9afc-a783ca44e44b:192.168.69.67:35902, 988115cd-21c9-4558-b198-f2cedd98ccf3:192.168.69.67:44208, c52c3de9-0ed1-4f2b-ba1d-f317ceeb0ceb:192.168.69.67:37615], old=null
2019-10-18 07:14:21,025 [c52c3de9-0ed1-4f2b-ba1d-f317ceeb0ceb@group-20BE3FF63202-LeaderElection117] INFO  impl.RaftServerImpl (RaftServerImpl.java:setRole(184)) - c52c3de9-0ed1-4f2b-ba1d-f317ceeb0ceb@group-20BE3FF63202: changes role from CANDIDATE to FOLLOWER at term 125 for DISCOVERED_A_NEW_TERM
2019-10-18 07:14:21,025 [c52c3de9-0ed1-4f2b-ba1d-f317ceeb0ceb@group-20BE3FF63202-LeaderElection117] INFO  impl.RoleInfo (RoleInfo.java:shutdownLeaderElection(134)) - c52c3de9-0ed1-4f2b-ba1d-f317ceeb0ceb: shutdown LeaderElection
2019-10-18 07:14:21,025 [c52c3de9-0ed1-4f2b-ba1d-f317ceeb0ceb@group-20BE3FF63202-LeaderElection117] INFO  impl.RoleInfo (RoleInfo.java:updateAndGet(143)) - c52c3de9-0ed1-4f2b-ba1d-f317ceeb0ceb: start FollowerState
2019-10-18 07:14:21,124 [Thread-1146] INFO  impl.FollowerState (FollowerState.java:run(108)) - c52c3de9-0ed1-4f2b-ba1d-f317ceeb0ceb@group-20BE3FF63202-FollowerState: change to CANDIDATE, lastRpcTime:98ms, electionTimeout:98ms
2019-10-18 07:14:21,124 [Thread-1146] INFO  impl.RoleInfo (RoleInfo.java:shutdownFollowerState(121)) - c52c3de9-0ed1-4f2b-ba1d-f317ceeb0ceb: shutdown FollowerState
2019-10-18 07:14:21,124 [Thread-1146] INFO  impl.RaftServerImpl (RaftServerImpl.java:setRole(184)) - c52c3de9-0ed1-4f2b-ba1d-f317ceeb0ceb@group-20BE3FF63202: changes role from  FOLLOWER to CANDIDATE at term 125 for changeToCandidate
2019-10-18 07:14:21,125 [Thread-1146] INFO  impl.RoleInfo (RoleInfo.java:updateAndGet(143)) - c52c3de9-0ed1-4f2b-ba1d-f317ceeb0ceb: start LeaderElection
2019-10-18 07:14:21,178 [c52c3de9-0ed1-4f2b-ba1d-f317ceeb0ceb@group-20BE3FF63202-LeaderElection118] INFO  impl.LeaderElection (LeaderElection.java:askForVotes(178)) - c52c3de9-0ed1-4f2b-ba1d-f317ceeb0ceb@group-20BE3FF63202-LeaderElection118: begin an election at term 126 for -1: [24274e9f-e41f-4654-9afc-a783ca44e44b:192.168.69.67:35902, 988115cd-21c9-4558-b198-f2cedd98ccf3:192.168.69.67:44208, c52c3de9-0ed1-4f2b-ba1d-f317ceeb0ceb:192.168.69.67:37615], old=null
2019-10-18 07:14:21,181 [grpc-default-executor-0] INFO  impl.RaftServerImpl (RaftServerImpl.java:setRole(184)) - 988115cd-21c9-4558-b198-f2cedd98ccf3@group-20BE3FF63202: changes role from  FOLLOWER to FOLLOWER at term 126 for recognizeCandidate:c52c3de9-0ed1-4f2b-ba1d-f317ceeb0ceb
2019-10-18 07:14:21,182 [grpc-default-executor-0] INFO  impl.RoleInfo (RoleInfo.java:shutdownFollowerState(121)) - 988115cd-21c9-4558-b198-f2cedd98ccf3: shutdown FollowerState
2019-10-18 07:14:21,181 [grpc-default-executor-1] INFO  impl.RaftServerImpl (RaftServerImpl.java:setRole(184)) - 24274e9f-e41f-4654-9afc-a783ca44e44b@group-20BE3FF63202: changes role from  FOLLOWER to FOLLOWER at term 126 for recognizeCandidate:c52c3de9-0ed1-4f2b-ba1d-f317ceeb0ceb
2019-10-18 07:14:21,182 [Thread-1144] INFO  impl.FollowerState (FollowerState.java:run(117)) - 988115cd-21c9-4558-b198-f2cedd98ccf3@group-20BE3FF63202-FollowerState was interrupted: java.lang.InterruptedException: sleep interrupted
2019-10-18 07:14:21,182 [grpc-default-executor-0] INFO  impl.RoleInfo (RoleInfo.java:updateAndGet(143)) - 988115cd-21c9-4558-b198-f2cedd98ccf3: start FollowerState
2019-10-18 07:14:21,182 [grpc-default-executor-1] INFO  impl.RoleInfo (RoleInfo.java:shutdownFollowerState(121)) - 24274e9f-e41f-4654-9afc-a783ca44e44b: shutdown FollowerState
2019-10-18 07:14:21,183 [grpc-default-executor-1] INFO  impl.RoleInfo (RoleInfo.java:updateAndGet(143)) - 24274e9f-e41f-4654-9afc-a783ca44e44b: start FollowerState
2019-10-18 07:14:21,183 [Thread-1145] INFO  impl.FollowerState (FollowerState.java:run(117)) - 24274e9f-e41f-4654-9afc-a783ca44e44b@group-20BE3FF63202-FollowerState was interrupted: java.lang.InterruptedException: sleep interrupted
2019-10-18 07:14:21,240 [c52c3de9-0ed1-4f2b-ba1d-f317ceeb0ceb@group-20BE3FF63202-LeaderElection118] INFO  impl.LeaderElection (LeaderElection.java:logAndReturn(56)) - c52c3de9-0ed1-4f2b-ba1d-f317ceeb0ceb@group-20BE3FF63202-LeaderElection118: Election REJECTED; received 2 response(s) [c52c3de9-0ed1-4f2b-ba1d-f317ceeb0ceb<-24274e9f-e41f-4654-9afc-a783ca44e44b#0:FAIL-t126, c52c3de9-0ed1-4f2b-ba1d-f317ceeb0ceb<-988115cd-21c9-4558-b198-f2cedd98ccf3#0:FAIL-t126] and 0 exception(s); c52c3de9-0ed1-4f2b-ba1d-f317ceeb0ceb@group-20BE3FF63202:t126, leader=null, voted=c52c3de9-0ed1-4f2b-ba1d-f317ceeb0ceb, raftlog=c52c3de9-0ed1-4f2b-ba1d-f317ceeb0ceb@group-20BE3FF63202-SegmentedRaftLog:OPENED:c-1,f-1,i0, conf=-1: [24274e9f-e41f-4654-9afc-a783ca44e44b:192.168.69.67:35902, 988115cd-21c9-4558-b198-f2cedd98ccf3:192.168.69.67:44208, c52c3de9-0ed1-4f2b-ba1d-f317ceeb0ceb:192.168.69.67:37615], old=null
2019-10-18 07:14:21,240 [c52c3de9-0ed1-4f2b-ba1d-f317ceeb0ceb@group-20BE3FF63202-LeaderElection118] INFO  impl.RaftServerImpl (RaftServerImpl.java:setRole(184)) - c52c3de9-0ed1-4f2b-ba1d-f317ceeb0ceb@group-20BE3FF63202: changes role from CANDIDATE to FOLLOWER at term 126 for DISCOVERED_A_NEW_TERM
2019-10-18 07:14:21,240 [c52c3de9-0ed1-4f2b-ba1d-f317ceeb0ceb@group-20BE3FF63202-LeaderElection118] INFO  impl.RoleInfo (RoleInfo.java:shutdownLeaderElection(134)) - c52c3de9-0ed1-4f2b-ba1d-f317ceeb0ceb: shutdown LeaderElection
2019-10-18 07:14:21,241 [c52c3de9-0ed1-4f2b-ba1d-f317ceeb0ceb@group-20BE3FF63202-LeaderElection118] INFO  impl.RoleInfo (RoleInfo.java:updateAndGet(143)) - c52c3de9-0ed1-4f2b-ba1d-f317ceeb0ceb: start FollowerState
2019-10-18 07:14:21,345 [Thread-1152] INFO  impl.FollowerState (FollowerState.java:run(108)) - c52c3de9-0ed1-4f2b-ba1d-f317ceeb0ceb@group-20BE3FF63202-FollowerState: change to CANDIDATE, lastRpcTime:104ms, electionTimeout:104ms
2019-10-18 07:14:21,345 [Thread-1152] INFO  impl.RoleInfo (RoleInfo.java:shutdownFollowerState(121)) - c52c3de9-0ed1-4f2b-ba1d-f317ceeb0ceb: shutdown FollowerState
2019-10-18 07:14:21,346 [Thread-1152] INFO  impl.RaftServerImpl (RaftServerImpl.java:setRole(184)) - c52c3de9-0ed1-4f2b-ba1d-f317ceeb0ceb@group-20BE3FF63202: changes role from  FOLLOWER to CANDIDATE at term 126 for changeToCandidate
2019-10-18 07:14:21,358 [Thread-1152] INFO  impl.RoleInfo (RoleInfo.java:updateAndGet(143)) - c52c3de9-0ed1-4f2b-ba1d-f317ceeb0ceb: start LeaderElection
2019-10-18 07:14:21,411 [c52c3de9-0ed1-4f2b-ba1d-f317ceeb0ceb@group-20BE3FF63202-LeaderElection119] INFO  impl.LeaderElection (LeaderElection.java:askForVotes(178)) - c52c3de9-0ed1-4f2b-ba1d-f317ceeb0ceb@group-20BE3FF63202-LeaderElection119: begin an election at term 127 for -1: [24274e9f-e41f-4654-9afc-a783ca44e44b:192.168.69.67:35902, 988115cd-21c9-4558-b198-f2cedd98ccf3:192.168.69.67:44208, c52c3de9-0ed1-4f2b-ba1d-f317ceeb0ceb:192.168.69.67:37615], old=null
2019-10-18 07:14:21,416 [grpc-default-executor-0] INFO  impl.RaftServerImpl (RaftServerImpl.java:setRole(184)) - 988115cd-21c9-4558-b198-f2cedd98ccf3@group-20BE3FF63202: changes role from  FOLLOWER to FOLLOWER at term 127 for recognizeCandidate:c52c3de9-0ed1-4f2b-ba1d-f317ceeb0ceb
2019-10-18 07:14:21,417 [grpc-default-executor-0] INFO  impl.RoleInfo (RoleInfo.java:shutdownFollowerState(121)) - 988115cd-21c9-4558-b198-f2cedd98ccf3: shutdown FollowerState
2019-10-18 07:14:21,417 [grpc-default-executor-1] INFO  impl.RaftServerImpl (RaftServerImpl.java:setRole(184)) - 24274e9f-e41f-4654-9afc-a783ca44e44b@group-20BE3FF63202: changes role from  FOLLOWER to FOLLOWER at term 127 for recognizeCandidate:c52c3de9-0ed1-4f2b-ba1d-f317ceeb0ceb
2019-10-18 07:14:21,417 [grpc-default-executor-1] INFO  impl.RoleInfo (RoleInfo.java:shutdownFollowerState(121)) - 24274e9f-e41f-4654-9afc-a783ca44e44b: shutdown FollowerState
2019-10-18 07:14:21,430 [grpc-default-executor-1] INFO  impl.RoleInfo (RoleInfo.java:updateAndGet(143)) - 24274e9f-e41f-4654-9afc-a783ca44e44b: start FollowerState
2019-10-18 07:14:21,431 [grpc-default-executor-0] INFO  impl.RoleInfo (RoleInfo.java:updateAndGet(143)) - 988115cd-21c9-4558-b198-f2cedd98ccf3: start FollowerState
2019-10-18 07:14:21,431 [Thread-1150] INFO  impl.FollowerState (FollowerState.java:run(117)) - 988115cd-21c9-4558-b198-f2cedd98ccf3@group-20BE3FF63202-FollowerState was interrupted: java.lang.InterruptedException: sleep interrupted
2019-10-18 07:14:21,431 [Thread-1151] INFO  impl.FollowerState (FollowerState.java:run(117)) - 24274e9f-e41f-4654-9afc-a783ca44e44b@group-20BE3FF63202-FollowerState was interrupted: java.lang.InterruptedException: sleep interrupted
2019-10-18 07:14:21,470 [main] INFO  ozone.MiniOzoneClusterImpl (MiniOzoneClusterImpl.java:lambda$waitForClusterToBeReady$2(164)) - Waiting for 1 number of pipelines out of 9, to report a leader.
2019-10-18 07:14:21,488 [c52c3de9-0ed1-4f2b-ba1d-f317ceeb0ceb@group-20BE3FF63202-LeaderElection119] INFO  impl.LeaderElection (LeaderElection.java:logAndReturn(56)) - c52c3de9-0ed1-4f2b-ba1d-f317ceeb0ceb@group-20BE3FF63202-LeaderElection119: Election REJECTED; received 2 response(s) [c52c3de9-0ed1-4f2b-ba1d-f317ceeb0ceb<-24274e9f-e41f-4654-9afc-a783ca44e44b#0:FAIL-t127, c52c3de9-0ed1-4f2b-ba1d-f317ceeb0ceb<-988115cd-21c9-4558-b198-f2cedd98ccf3#0:FAIL-t127] and 0 exception(s); c52c3de9-0ed1-4f2b-ba1d-f317ceeb0ceb@group-20BE3FF63202:t127, leader=null, voted=c52c3de9-0ed1-4f2b-ba1d-f317ceeb0ceb, raftlog=c52c3de9-0ed1-4f2b-ba1d-f317ceeb0ceb@group-20BE3FF63202-SegmentedRaftLog:OPENED:c-1,f-1,i0, conf=-1: [24274e9f-e41f-4654-9afc-a783ca44e44b:192.168.69.67:35902, 988115cd-21c9-4558-b198-f2cedd98ccf3:192.168.69.67:44208, c52c3de9-0ed1-4f2b-ba1d-f317ceeb0ceb:192.168.69.67:37615], old=null
2019-10-18 07:14:21,488 [c52c3de9-0ed1-4f2b-ba1d-f317ceeb0ceb@group-20BE3FF63202-LeaderElection119] INFO  impl.RaftServerImpl (RaftServerImpl.java:setRole(184)) - c52c3de9-0ed1-4f2b-ba1d-f317ceeb0ceb@group-20BE3FF63202: changes role from CANDIDATE to FOLLOWER at term 127 for DISCOVERED_A_NEW_TERM
2019-10-18 07:14:21,488 [c52c3de9-0ed1-4f2b-ba1d-f317ceeb0ceb@group-20BE3FF63202-LeaderElection119] INFO  impl.RoleInfo (RoleInfo.java:shutdownLeaderElection(134)) - c52c3de9-0ed1-4f2b-ba1d-f317ceeb0ceb: shutdown LeaderElection
2019-10-18 07:14:21,488 [c52c3de9-0ed1-4f2b-ba1d-f317ceeb0ceb@group-20BE3FF63202-LeaderElection119] INFO  impl.RoleInfo (RoleInfo.java:updateAndGet(143)) - c52c3de9-0ed1-4f2b-ba1d-f317ceeb0ceb: start FollowerState
2019-10-18 07:14:21,603 [Thread-1158] INFO  impl.FollowerState (FollowerState.java:run(108)) - c52c3de9-0ed1-4f2b-ba1d-f317ceeb0ceb@group-20BE3FF63202-FollowerState: change to CANDIDATE, lastRpcTime:114ms, electionTimeout:114ms
2019-10-18 07:14:21,603 [Thread-1158] INFO  impl.RoleInfo (RoleInfo.java:shutdownFollowerState(121)) - c52c3de9-0ed1-4f2b-ba1d-f317ceeb0ceb: shutdown FollowerState
2019-10-18 07:14:21,603 [Thread-1158] INFO  impl.RaftServerImpl (RaftServerImpl.java:setRole(184)) - c52c3de9-0ed1-4f2b-ba1d-f317ceeb0ceb@group-20BE3FF63202: changes role from  FOLLOWER to CANDIDATE at term 127 for changeToCandidate
2019-10-18 07:14:21,603 [Thread-1158] INFO  impl.RoleInfo (RoleInfo.java:updateAndGet(143)) - c52c3de9-0ed1-4f2b-ba1d-f317ceeb0ceb: start LeaderElection
2019-10-18 07:14:21,669 [c52c3de9-0ed1-4f2b-ba1d-f317ceeb0ceb@group-20BE3FF63202-LeaderElection120] INFO  impl.LeaderElection (LeaderElection.java:askForVotes(178)) - c52c3de9-0ed1-4f2b-ba1d-f317ceeb0ceb@group-20BE3FF63202-LeaderElection120: begin an election at term 128 for -1: [24274e9f-e41f-4654-9afc-a783ca44e44b:192.168.69.67:35902, 988115cd-21c9-4558-b198-f2cedd98ccf3:192.168.69.67:44208, c52c3de9-0ed1-4f2b-ba1d-f317ceeb0ceb:192.168.69.67:37615], old=null
2019-10-18 07:14:21,672 [grpc-default-executor-0] INFO  impl.RaftServerImpl (RaftServerImpl.java:setRole(184)) - 988115cd-21c9-4558-b198-f2cedd98ccf3@group-20BE3FF63202: changes role from  FOLLOWER to FOLLOWER at term 128 for recognizeCandidate:c52c3de9-0ed1-4f2b-ba1d-f317ceeb0ceb
2019-10-18 07:14:21,672 [grpc-default-executor-0] INFO  impl.RoleInfo (RoleInfo.java:shutdownFollowerState(121)) - 988115cd-21c9-4558-b198-f2cedd98ccf3: shutdown FollowerState
2019-10-18 07:14:21,672 [grpc-default-executor-0] INFO  impl.RoleInfo (RoleInfo.java:updateAndGet(143)) - 988115cd-21c9-4558-b198-f2cedd98ccf3: start FollowerState
2019-10-18 07:14:21,672 [Thread-1157] INFO  impl.FollowerState (FollowerState.java:run(117)) - 988115cd-21c9-4558-b198-f2cedd98ccf3@group-20BE3FF63202-FollowerState was interrupted: java.lang.InterruptedException: sleep interrupted
2019-10-18 07:14:21,672 [grpc-default-executor-1] INFO  impl.RaftServerImpl (RaftServerImpl.java:setRole(184)) - 24274e9f-e41f-4654-9afc-a783ca44e44b@group-20BE3FF63202: changes role from  FOLLOWER to FOLLOWER at term 128 for recognizeCandidate:c52c3de9-0ed1-4f2b-ba1d-f317ceeb0ceb
2019-10-18 07:14:21,672 [grpc-default-executor-1] INFO  impl.RoleInfo (RoleInfo.java:shutdownFollowerState(121)) - 24274e9f-e41f-4654-9afc-a783ca44e44b: shutdown FollowerState
2019-10-18 07:14:21,673 [grpc-default-executor-1] INFO  impl.RoleInfo (RoleInfo.java:updateAndGet(143)) - 24274e9f-e41f-4654-9afc-a783ca44e44b: start FollowerState
2019-10-18 07:14:21,673 [Thread-1156] INFO  impl.FollowerState (FollowerState.java:run(117)) - 24274e9f-e41f-4654-9afc-a783ca44e44b@group-20BE3FF63202-FollowerState was interrupted: java.lang.InterruptedException: sleep interrupted
2019-10-18 07:14:21,714 [c52c3de9-0ed1-4f2b-ba1d-f317ceeb0ceb@group-20BE3FF63202-LeaderElection120] INFO  impl.LeaderElection (LeaderElection.java:logAndReturn(56)) - c52c3de9-0ed1-4f2b-ba1d-f317ceeb0ceb@group-20BE3FF63202-LeaderElection120: Election REJECTED; received 2 response(s) [c52c3de9-0ed1-4f2b-ba1d-f317ceeb0ceb<-24274e9f-e41f-4654-9afc-a783ca44e44b#0:FAIL-t128, c52c3de9-0ed1-4f2b-ba1d-f317ceeb0ceb<-988115cd-21c9-4558-b198-f2cedd98ccf3#0:FAIL-t128] and 0 exception(s); c52c3de9-0ed1-4f2b-ba1d-f317ceeb0ceb@group-20BE3FF63202:t128, leader=null, voted=c52c3de9-0ed1-4f2b-ba1d-f317ceeb0ceb, raftlog=c52c3de9-0ed1-4f2b-ba1d-f317ceeb0ceb@group-20BE3FF63202-SegmentedRaftLog:OPENED:c-1,f-1,i0, conf=-1: [24274e9f-e41f-4654-9afc-a783ca44e44b:192.168.69.67:35902, 988115cd-21c9-4558-b198-f2cedd98ccf3:192.168.69.67:44208, c52c3de9-0ed1-4f2b-ba1d-f317ceeb0ceb:192.168.69.67:37615], old=null
2019-10-18 07:14:21,714 [c52c3de9-0ed1-4f2b-ba1d-f317ceeb0ceb@group-20BE3FF63202-LeaderElection120] INFO  impl.RaftServerImpl (RaftServerImpl.java:setRole(184)) - c52c3de9-0ed1-4f2b-ba1d-f317ceeb0ceb@group-20BE3FF63202: changes role from CANDIDATE to FOLLOWER at term 128 for DISCOVERED_A_NEW_TERM
2019-10-18 07:14:21,714 [c52c3de9-0ed1-4f2b-ba1d-f317ceeb0ceb@group-20BE3FF63202-LeaderElection120] INFO  impl.RoleInfo (RoleInfo.java:shutdownLeaderElection(134)) - c52c3de9-0ed1-4f2b-ba1d-f317ceeb0ceb: shutdown LeaderElection
2019-10-18 07:14:21,714 [c52c3de9-0ed1-4f2b-ba1d-f317ceeb0ceb@group-20BE3FF63202-LeaderElection120] INFO  impl.RoleInfo (RoleInfo.java:updateAndGet(143)) - c52c3de9-0ed1-4f2b-ba1d-f317ceeb0ceb: start FollowerState
2019-10-18 07:14:21,913 [Thread-1164] INFO  impl.FollowerState (FollowerState.java:run(108)) - c52c3de9-0ed1-4f2b-ba1d-f317ceeb0ceb@group-20BE3FF63202-FollowerState: change to CANDIDATE, lastRpcTime:199ms, electionTimeout:199ms
2019-10-18 07:14:21,914 [Thread-1164] INFO  impl.RoleInfo (RoleInfo.java:shutdownFollowerState(121)) - c52c3de9-0ed1-4f2b-ba1d-f317ceeb0ceb: shutdown FollowerState
2019-10-18 07:14:21,914 [Thread-1164] INFO  impl.RaftServerImpl (RaftServerImpl.java:setRole(184)) - c52c3de9-0ed1-4f2b-ba1d-f317ceeb0ceb@group-20BE3FF63202: changes role from  FOLLOWER to CANDIDATE at term 128 for changeToCandidate
2019-10-18 07:14:21,914 [Thread-1164] INFO  impl.RoleInfo (RoleInfo.java:updateAndGet(143)) - c52c3de9-0ed1-4f2b-ba1d-f317ceeb0ceb: start LeaderElection
2019-10-18 07:14:21,991 [c52c3de9-0ed1-4f2b-ba1d-f317ceeb0ceb@group-20BE3FF63202-LeaderElection121] INFO  impl.LeaderElection (LeaderElection.java:askForVotes(178)) - c52c3de9-0ed1-4f2b-ba1d-f317ceeb0ceb@group-20BE3FF63202-LeaderElection121: begin an election at term 129 for -1: [24274e9f-e41f-4654-9afc-a783ca44e44b:192.168.69.67:35902, 988115cd-21c9-4558-b198-f2cedd98ccf3:192.168.69.67:44208, c52c3de9-0ed1-4f2b-ba1d-f317ceeb0ceb:192.168.69.67:37615], old=null
2019-10-18 07:14:21,995 [grpc-default-executor-0] INFO  impl.RaftServerImpl (RaftServerImpl.java:setRole(184)) - 24274e9f-e41f-4654-9afc-a783ca44e44b@group-20BE3FF63202: changes role from  FOLLOWER to FOLLOWER at term 129 for recognizeCandidate:c52c3de9-0ed1-4f2b-ba1d-f317ceeb0ceb
2019-10-18 07:14:21,996 [grpc-default-executor-1] INFO  impl.RaftServerImpl (RaftServerImpl.java:setRole(184)) - 988115cd-21c9-4558-b198-f2cedd98ccf3@group-20BE3FF63202: changes role from  FOLLOWER to FOLLOWER at term 129 for recognizeCandidate:c52c3de9-0ed1-4f2b-ba1d-f317ceeb0ceb
2019-10-18 07:14:21,996 [grpc-default-executor-0] INFO  impl.RoleInfo (RoleInfo.java:shutdownFollowerState(121)) - 24274e9f-e41f-4654-9afc-a783ca44e44b: shutdown FollowerState
2019-10-18 07:14:21,996 [grpc-default-executor-1] INFO  impl.RoleInfo (RoleInfo.java:shutdownFollowerState(121)) - 988115cd-21c9-4558-b198-f2cedd98ccf3: shutdown FollowerState
2019-10-18 07:14:21,996 [grpc-default-executor-0] INFO  impl.RoleInfo (RoleInfo.java:updateAndGet(143)) - 24274e9f-e41f-4654-9afc-a783ca44e44b: start FollowerState
2019-10-18 07:14:21,996 [grpc-default-executor-1] INFO  impl.RoleInfo (RoleInfo.java:updateAndGet(143)) - 988115cd-21c9-4558-b198-f2cedd98ccf3: start FollowerState
2019-10-18 07:14:21,996 [Thread-1163] INFO  impl.FollowerState (FollowerState.java:run(117)) - 24274e9f-e41f-4654-9afc-a783ca44e44b@group-20BE3FF63202-FollowerState was interrupted: java.lang.InterruptedException: sleep interrupted
2019-10-18 07:14:21,996 [Thread-1162] INFO  impl.FollowerState (FollowerState.java:run(117)) - 988115cd-21c9-4558-b198-f2cedd98ccf3@group-20BE3FF63202-FollowerState was interrupted: java.lang.InterruptedException: sleep interrupted
2019-10-18 07:14:22,041 [c52c3de9-0ed1-4f2b-ba1d-f317ceeb0ceb@group-20BE3FF63202-LeaderElection121] INFO  impl.LeaderElection (LeaderElection.java:logAndReturn(56)) - c52c3de9-0ed1-4f2b-ba1d-f317ceeb0ceb@group-20BE3FF63202-LeaderElection121: Election REJECTED; received 2 response(s) [c52c3de9-0ed1-4f2b-ba1d-f317ceeb0ceb<-24274e9f-e41f-4654-9afc-a783ca44e44b#0:FAIL-t129, c52c3de9-0ed1-4f2b-ba1d-f317ceeb0ceb<-988115cd-21c9-4558-b198-f2cedd98ccf3#0:FAIL-t129] and 0 exception(s); c52c3de9-0ed1-4f2b-ba1d-f317ceeb0ceb@group-20BE3FF63202:t129, leader=null, voted=c52c3de9-0ed1-4f2b-ba1d-f317ceeb0ceb, raftlog=c52c3de9-0ed1-4f2b-ba1d-f317ceeb0ceb@group-20BE3FF63202-SegmentedRaftLog:OPENED:c-1,f-1,i0, conf=-1: [24274e9f-e41f-4654-9afc-a783ca44e44b:192.168.69.67:35902, 988115cd-21c9-4558-b198-f2cedd98ccf3:192.168.69.67:44208, c52c3de9-0ed1-4f2b-ba1d-f317ceeb0ceb:192.168.69.67:37615], old=null
2019-10-18 07:14:22,042 [c52c3de9-0ed1-4f2b-ba1d-f317ceeb0ceb@group-20BE3FF63202-LeaderElection121] INFO  impl.RaftServerImpl (RaftServerImpl.java:setRole(184)) - c52c3de9-0ed1-4f2b-ba1d-f317ceeb0ceb@group-20BE3FF63202: changes role from CANDIDATE to FOLLOWER at term 129 for DISCOVERED_A_NEW_TERM
2019-10-18 07:14:22,042 [c52c3de9-0ed1-4f2b-ba1d-f317ceeb0ceb@group-20BE3FF63202-LeaderElection121] INFO  impl.RoleInfo (RoleInfo.java:shutdownLeaderElection(134)) - c52c3de9-0ed1-4f2b-ba1d-f317ceeb0ceb: shutdown LeaderElection
2019-10-18 07:14:22,042 [c52c3de9-0ed1-4f2b-ba1d-f317ceeb0ceb@group-20BE3FF63202-LeaderElection121] INFO  impl.RoleInfo (RoleInfo.java:updateAndGet(143)) - c52c3de9-0ed1-4f2b-ba1d-f317ceeb0ceb: start FollowerState
2019-10-18 07:14:22,087 [Thread-1170] INFO  impl.FollowerState (FollowerState.java:run(108)) - c52c3de9-0ed1-4f2b-ba1d-f317ceeb0ceb@group-20BE3FF63202-FollowerState: change to CANDIDATE, lastRpcTime:44ms, electionTimeout:44ms
2019-10-18 07:14:22,087 [Thread-1170] INFO  impl.RoleInfo (RoleInfo.java:shutdownFollowerState(121)) - c52c3de9-0ed1-4f2b-ba1d-f317ceeb0ceb: shutdown FollowerState
2019-10-18 07:14:22,087 [Thread-1170] INFO  impl.RaftServerImpl (RaftServerImpl.java:setRole(184)) - c52c3de9-0ed1-4f2b-ba1d-f317ceeb0ceb@group-20BE3FF63202: changes role from  FOLLOWER to CANDIDATE at term 129 for changeToCandidate
2019-10-18 07:14:22,087 [Thread-1170] INFO  impl.RoleInfo (RoleInfo.java:updateAndGet(143)) - c52c3de9-0ed1-4f2b-ba1d-f317ceeb0ceb: start LeaderElection
2019-10-18 07:14:22,124 [c52c3de9-0ed1-4f2b-ba1d-f317ceeb0ceb@group-20BE3FF63202-LeaderElection122] INFO  impl.LeaderElection (LeaderElection.java:askForVotes(178)) - c52c3de9-0ed1-4f2b-ba1d-f317ceeb0ceb@group-20BE3FF63202-LeaderElection122: begin an election at term 130 for -1: [24274e9f-e41f-4654-9afc-a783ca44e44b:192.168.69.67:35902, 988115cd-21c9-4558-b198-f2cedd98ccf3:192.168.69.67:44208, c52c3de9-0ed1-4f2b-ba1d-f317ceeb0ceb:192.168.69.67:37615], old=null
2019-10-18 07:14:22,127 [grpc-default-executor-1] INFO  impl.RaftServerImpl (RaftServerImpl.java:setRole(184)) - 24274e9f-e41f-4654-9afc-a783ca44e44b@group-20BE3FF63202: changes role from  FOLLOWER to FOLLOWER at term 130 for recognizeCandidate:c52c3de9-0ed1-4f2b-ba1d-f317ceeb0ceb
2019-10-18 07:14:22,128 [grpc-default-executor-1] INFO  impl.RoleInfo (RoleInfo.java:shutdownFollowerState(121)) - 24274e9f-e41f-4654-9afc-a783ca44e44b: shutdown FollowerState
2019-10-18 07:14:22,128 [grpc-default-executor-1] INFO  impl.RoleInfo (RoleInfo.java:updateAndGet(143)) - 24274e9f-e41f-4654-9afc-a783ca44e44b: start FollowerState
2019-10-18 07:14:22,128 [Thread-1168] INFO  impl.FollowerState (FollowerState.java:run(117)) - 24274e9f-e41f-4654-9afc-a783ca44e44b@group-20BE3FF63202-FollowerState was interrupted: java.lang.InterruptedException: sleep interrupted
2019-10-18 07:14:22,128 [grpc-default-executor-0] INFO  impl.RaftServerImpl (RaftServerImpl.java:setRole(184)) - 988115cd-21c9-4558-b198-f2cedd98ccf3@group-20BE3FF63202: changes role from  FOLLOWER to FOLLOWER at term 130 for recognizeCandidate:c52c3de9-0ed1-4f2b-ba1d-f317ceeb0ceb
2019-10-18 07:14:22,128 [grpc-default-executor-0] INFO  impl.RoleInfo (RoleInfo.java:shutdownFollowerState(121)) - 988115cd-21c9-4558-b198-f2cedd98ccf3: shutdown FollowerState
2019-10-18 07:14:22,128 [grpc-default-executor-0] INFO  impl.RoleInfo (RoleInfo.java:updateAndGet(143)) - 988115cd-21c9-4558-b198-f2cedd98ccf3: start FollowerState
2019-10-18 07:14:22,129 [Thread-1169] INFO  impl.FollowerState (FollowerState.java:run(117)) - 988115cd-21c9-4558-b198-f2cedd98ccf3@group-20BE3FF63202-FollowerState was interrupted: java.lang.InterruptedException: sleep interrupted
2019-10-18 07:14:22,170 [c52c3de9-0ed1-4f2b-ba1d-f317ceeb0ceb@group-20BE3FF63202-LeaderElection122] INFO  impl.LeaderElection (LeaderElection.java:logAndReturn(56)) - c52c3de9-0ed1-4f2b-ba1d-f317ceeb0ceb@group-20BE3FF63202-LeaderElection122: Election REJECTED; received 2 response(s) [c52c3de9-0ed1-4f2b-ba1d-f317ceeb0ceb<-24274e9f-e41f-4654-9afc-a783ca44e44b#0:FAIL-t130, c52c3de9-0ed1-4f2b-ba1d-f317ceeb0ceb<-988115cd-21c9-4558-b198-f2cedd98ccf3#0:FAIL-t130] and 0 exception(s); c52c3de9-0ed1-4f2b-ba1d-f317ceeb0ceb@group-20BE3FF63202:t130, leader=null, voted=c52c3de9-0ed1-4f2b-ba1d-f317ceeb0ceb, raftlog=c52c3de9-0ed1-4f2b-ba1d-f317ceeb0ceb@group-20BE3FF63202-SegmentedRaftLog:OPENED:c-1,f-1,i0, conf=-1: [24274e9f-e41f-4654-9afc-a783ca44e44b:192.168.69.67:35902, 988115cd-21c9-4558-b198-f2cedd98ccf3:192.168.69.67:44208, c52c3de9-0ed1-4f2b-ba1d-f317ceeb0ceb:192.168.69.67:37615], old=null
2019-10-18 07:14:22,171 [c52c3de9-0ed1-4f2b-ba1d-f317ceeb0ceb@group-20BE3FF63202-LeaderElection122] INFO  impl.RaftServerImpl (RaftServerImpl.java:setRole(184)) - c52c3de9-0ed1-4f2b-ba1d-f317ceeb0ceb@group-20BE3FF63202: changes role from CANDIDATE to FOLLOWER at term 130 for DISCOVERED_A_NEW_TERM
2019-10-18 07:14:22,171 [c52c3de9-0ed1-4f2b-ba1d-f317ceeb0ceb@group-20BE3FF63202-LeaderElection122] INFO  impl.RoleInfo (RoleInfo.java:shutdownLeaderElection(134)) - c52c3de9-0ed1-4f2b-ba1d-f317ceeb0ceb: shutdown LeaderElection
2019-10-18 07:14:22,171 [c52c3de9-0ed1-4f2b-ba1d-f317ceeb0ceb@group-20BE3FF63202-LeaderElection122] INFO  impl.RoleInfo (RoleInfo.java:updateAndGet(143)) - c52c3de9-0ed1-4f2b-ba1d-f317ceeb0ceb: start FollowerState
2019-10-18 07:14:22,309 [Thread-1176] INFO  impl.FollowerState (FollowerState.java:run(108)) - c52c3de9-0ed1-4f2b-ba1d-f317ceeb0ceb@group-20BE3FF63202-FollowerState: change to CANDIDATE, lastRpcTime:137ms, electionTimeout:137ms
2019-10-18 07:14:22,309 [Thread-1176] INFO  impl.RoleInfo (RoleInfo.java:shutdownFollowerState(121)) - c52c3de9-0ed1-4f2b-ba1d-f317ceeb0ceb: shutdown FollowerState
2019-10-18 07:14:22,309 [Thread-1176] INFO  impl.RaftServerImpl (RaftServerImpl.java:setRole(184)) - c52c3de9-0ed1-4f2b-ba1d-f317ceeb0ceb@group-20BE3FF63202: changes role from  FOLLOWER to CANDIDATE at term 130 for changeToCandidate
2019-10-18 07:14:22,309 [Thread-1176] INFO  impl.RoleInfo (RoleInfo.java:updateAndGet(143)) - c52c3de9-0ed1-4f2b-ba1d-f317ceeb0ceb: start LeaderElection
2019-10-18 07:14:22,382 [c52c3de9-0ed1-4f2b-ba1d-f317ceeb0ceb@group-20BE3FF63202-LeaderElection123] INFO  impl.LeaderElection (LeaderElection.java:askForVotes(178)) - c52c3de9-0ed1-4f2b-ba1d-f317ceeb0ceb@group-20BE3FF63202-LeaderElection123: begin an election at term 131 for -1: [24274e9f-e41f-4654-9afc-a783ca44e44b:192.168.69.67:35902, 988115cd-21c9-4558-b198-f2cedd98ccf3:192.168.69.67:44208, c52c3de9-0ed1-4f2b-ba1d-f317ceeb0ceb:192.168.69.67:37615], old=null
2019-10-18 07:14:22,385 [grpc-default-executor-1] INFO  impl.RaftServerImpl (RaftServerImpl.java:setRole(184)) - 988115cd-21c9-4558-b198-f2cedd98ccf3@group-20BE3FF63202: changes role from  FOLLOWER to FOLLOWER at term 131 for recognizeCandidate:c52c3de9-0ed1-4f2b-ba1d-f317ceeb0ceb
2019-10-18 07:14:22,385 [grpc-default-executor-0] INFO  impl.RaftServerImpl (RaftServerImpl.java:setRole(184)) - 24274e9f-e41f-4654-9afc-a783ca44e44b@group-20BE3FF63202: changes role from  FOLLOWER to FOLLOWER at term 131 for recognizeCandidate:c52c3de9-0ed1-4f2b-ba1d-f317ceeb0ceb
2019-10-18 07:14:22,386 [grpc-default-executor-1] INFO  impl.RoleInfo (RoleInfo.java:shutdownFollowerState(121)) - 988115cd-21c9-4558-b198-f2cedd98ccf3: shutdown FollowerState
2019-10-18 07:14:22,386 [grpc-default-executor-0] INFO  impl.RoleInfo (RoleInfo.java:shutdownFollowerState(121)) - 24274e9f-e41f-4654-9afc-a783ca44e44b: shutdown FollowerState
2019-10-18 07:14:22,386 [grpc-default-executor-1] INFO  impl.RoleInfo (RoleInfo.java:updateAndGet(143)) - 988115cd-21c9-4558-b198-f2cedd98ccf3: start FollowerState
2019-10-18 07:14:22,386 [Thread-1174] INFO  impl.FollowerState (FollowerState.java:run(117)) - 24274e9f-e41f-4654-9afc-a783ca44e44b@group-20BE3FF63202-FollowerState was interrupted: java.lang.InterruptedException: sleep interrupted
2019-10-18 07:14:22,386 [Thread-1175] INFO  impl.FollowerState (FollowerState.java:run(117)) - 988115cd-21c9-4558-b198-f2cedd98ccf3@group-20BE3FF63202-FollowerState was interrupted: java.lang.InterruptedException: sleep interrupted
2019-10-18 07:14:22,386 [grpc-default-executor-0] INFO  impl.RoleInfo (RoleInfo.java:updateAndGet(143)) - 24274e9f-e41f-4654-9afc-a783ca44e44b: start FollowerState
2019-10-18 07:14:22,411 [c52c3de9-0ed1-4f2b-ba1d-f317ceeb0ceb@group-20BE3FF63202-LeaderElection123] INFO  impl.LeaderElection (LeaderElection.java:logAndReturn(56)) - c52c3de9-0ed1-4f2b-ba1d-f317ceeb0ceb@group-20BE3FF63202-LeaderElection123: Election REJECTED; received 2 response(s) [c52c3de9-0ed1-4f2b-ba1d-f317ceeb0ceb<-24274e9f-e41f-4654-9afc-a783ca44e44b#0:FAIL-t131, c52c3de9-0ed1-4f2b-ba1d-f317ceeb0ceb<-988115cd-21c9-4558-b198-f2cedd98ccf3#0:FAIL-t131] and 0 exception(s); c52c3de9-0ed1-4f2b-ba1d-f317ceeb0ceb@group-20BE3FF63202:t131, leader=null, voted=c52c3de9-0ed1-4f2b-ba1d-f317ceeb0ceb, raftlog=c52c3de9-0ed1-4f2b-ba1d-f317ceeb0ceb@group-20BE3FF63202-SegmentedRaftLog:OPENED:c-1,f-1,i0, conf=-1: [24274e9f-e41f-4654-9afc-a783ca44e44b:192.168.69.67:35902, 988115cd-21c9-4558-b198-f2cedd98ccf3:192.168.69.67:44208, c52c3de9-0ed1-4f2b-ba1d-f317ceeb0ceb:192.168.69.67:37615], old=null
2019-10-18 07:14:22,411 [c52c3de9-0ed1-4f2b-ba1d-f317ceeb0ceb@group-20BE3FF63202-LeaderElection123] INFO  impl.RaftServerImpl (RaftServerImpl.java:setRole(184)) - c52c3de9-0ed1-4f2b-ba1d-f317ceeb0ceb@group-20BE3FF63202: changes role from CANDIDATE to FOLLOWER at term 131 for DISCOVERED_A_NEW_TERM
2019-10-18 07:14:22,411 [c52c3de9-0ed1-4f2b-ba1d-f317ceeb0ceb@group-20BE3FF63202-LeaderElection123] INFO  impl.RoleInfo (RoleInfo.java:shutdownLeaderElection(134)) - c52c3de9-0ed1-4f2b-ba1d-f317ceeb0ceb: shutdown LeaderElection
2019-10-18 07:14:22,411 [c52c3de9-0ed1-4f2b-ba1d-f317ceeb0ceb@group-20BE3FF63202-LeaderElection123] INFO  impl.RoleInfo (RoleInfo.java:updateAndGet(143)) - c52c3de9-0ed1-4f2b-ba1d-f317ceeb0ceb: start FollowerState
2019-10-18 07:14:22,471 [main] INFO  ozone.MiniOzoneClusterImpl (MiniOzoneClusterImpl.java:lambda$waitForClusterToBeReady$2(164)) - Waiting for 1 number of pipelines out of 9, to report a leader.
2019-10-18 07:14:22,594 [Thread-1182] INFO  impl.FollowerState (FollowerState.java:run(108)) - c52c3de9-0ed1-4f2b-ba1d-f317ceeb0ceb@group-20BE3FF63202-FollowerState: change to CANDIDATE, lastRpcTime:182ms, electionTimeout:182ms
2019-10-18 07:14:22,594 [Thread-1182] INFO  impl.RoleInfo (RoleInfo.java:shutdownFollowerState(121)) - c52c3de9-0ed1-4f2b-ba1d-f317ceeb0ceb: shutdown FollowerState
2019-10-18 07:14:22,594 [Thread-1182] INFO  impl.RaftServerImpl (RaftServerImpl.java:setRole(184)) - c52c3de9-0ed1-4f2b-ba1d-f317ceeb0ceb@group-20BE3FF63202: changes role from  FOLLOWER to CANDIDATE at term 131 for changeToCandidate
2019-10-18 07:14:22,595 [Thread-1182] INFO  impl.RoleInfo (RoleInfo.java:updateAndGet(143)) - c52c3de9-0ed1-4f2b-ba1d-f317ceeb0ceb: start LeaderElection
2019-10-18 07:14:22,671 [c52c3de9-0ed1-4f2b-ba1d-f317ceeb0ceb@group-20BE3FF63202-LeaderElection124] INFO  impl.LeaderElection (LeaderElection.java:askForVotes(178)) - c52c3de9-0ed1-4f2b-ba1d-f317ceeb0ceb@group-20BE3FF63202-LeaderElection124: begin an election at term 132 for -1: [24274e9f-e41f-4654-9afc-a783ca44e44b:192.168.69.67:35902, 988115cd-21c9-4558-b198-f2cedd98ccf3:192.168.69.67:44208, c52c3de9-0ed1-4f2b-ba1d-f317ceeb0ceb:192.168.69.67:37615], old=null
2019-10-18 07:14:22,675 [grpc-default-executor-0] INFO  impl.RaftServerImpl (RaftServerImpl.java:setRole(184)) - 24274e9f-e41f-4654-9afc-a783ca44e44b@group-20BE3FF63202: changes role from  FOLLOWER to FOLLOWER at term 132 for recognizeCandidate:c52c3de9-0ed1-4f2b-ba1d-f317ceeb0ceb
2019-10-18 07:14:22,675 [grpc-default-executor-1] INFO  impl.RaftServerImpl (RaftServerImpl.java:setRole(184)) - 988115cd-21c9-4558-b198-f2cedd98ccf3@group-20BE3FF63202: changes role from  FOLLOWER to FOLLOWER at term 132 for recognizeCandidate:c52c3de9-0ed1-4f2b-ba1d-f317ceeb0ceb
2019-10-18 07:14:22,675 [grpc-default-executor-0] INFO  impl.RoleInfo (RoleInfo.java:shutdownFollowerState(121)) - 24274e9f-e41f-4654-9afc-a783ca44e44b: shutdown FollowerState
2019-10-18 07:14:22,676 [grpc-default-executor-1] INFO  impl.RoleInfo (RoleInfo.java:shutdownFollowerState(121)) - 988115cd-21c9-4558-b198-f2cedd98ccf3: shutdown FollowerState
2019-10-18 07:14:22,676 [grpc-default-executor-0] INFO  impl.RoleInfo (RoleInfo.java:updateAndGet(143)) - 24274e9f-e41f-4654-9afc-a783ca44e44b: start FollowerState
2019-10-18 07:14:22,676 [Thread-1181] INFO  impl.FollowerState (FollowerState.java:run(117)) - 24274e9f-e41f-4654-9afc-a783ca44e44b@group-20BE3FF63202-FollowerState was interrupted: java.lang.InterruptedException: sleep interrupted
2019-10-18 07:14:22,676 [grpc-default-executor-1] INFO  impl.RoleInfo (RoleInfo.java:updateAndGet(143)) - 988115cd-21c9-4558-b198-f2cedd98ccf3: start FollowerState
2019-10-18 07:14:22,676 [Thread-1180] INFO  impl.FollowerState (FollowerState.java:run(117)) - 988115cd-21c9-4558-b198-f2cedd98ccf3@group-20BE3FF63202-FollowerState was interrupted: java.lang.InterruptedException: sleep interrupted
2019-10-18 07:14:22,719 [c52c3de9-0ed1-4f2b-ba1d-f317ceeb0ceb@group-20BE3FF63202-LeaderElection124] INFO  impl.LeaderElection (LeaderElection.java:logAndReturn(56)) - c52c3de9-0ed1-4f2b-ba1d-f317ceeb0ceb@group-20BE3FF63202-LeaderElection124: Election REJECTED; received 2 response(s) [c52c3de9-0ed1-4f2b-ba1d-f317ceeb0ceb<-24274e9f-e41f-4654-9afc-a783ca44e44b#0:FAIL-t132, c52c3de9-0ed1-4f2b-ba1d-f317ceeb0ceb<-988115cd-21c9-4558-b198-f2cedd98ccf3#0:FAIL-t132] and 0 exception(s); c52c3de9-0ed1-4f2b-ba1d-f317ceeb0ceb@group-20BE3FF63202:t132, leader=null, voted=c52c3de9-0ed1-4f2b-ba1d-f317ceeb0ceb, raftlog=c52c3de9-0ed1-4f2b-ba1d-f317ceeb0ceb@group-20BE3FF63202-SegmentedRaftLog:OPENED:c-1,f-1,i0, conf=-1: [24274e9f-e41f-4654-9afc-a783ca44e44b:192.168.69.67:35902, 988115cd-21c9-4558-b198-f2cedd98ccf3:192.168.69.67:44208, c52c3de9-0ed1-4f2b-ba1d-f317ceeb0ceb:192.168.69.67:37615], old=null
2019-10-18 07:14:22,719 [c52c3de9-0ed1-4f2b-ba1d-f317ceeb0ceb@group-20BE3FF63202-LeaderElection124] INFO  impl.RaftServerImpl (RaftServerImpl.java:setRole(184)) - c52c3de9-0ed1-4f2b-ba1d-f317ceeb0ceb@group-20BE3FF63202: changes role from CANDIDATE to FOLLOWER at term 132 for DISCOVERED_A_NEW_TERM
2019-10-18 07:14:22,720 [c52c3de9-0ed1-4f2b-ba1d-f317ceeb0ceb@group-20BE3FF63202-LeaderElection124] INFO  impl.RoleInfo (RoleInfo.java:shutdownLeaderElection(134)) - c52c3de9-0ed1-4f2b-ba1d-f317ceeb0ceb: shutdown LeaderElection
2019-10-18 07:14:22,720 [c52c3de9-0ed1-4f2b-ba1d-f317ceeb0ceb@group-20BE3FF63202-LeaderElection124] INFO  impl.RoleInfo (RoleInfo.java:updateAndGet(143)) - c52c3de9-0ed1-4f2b-ba1d-f317ceeb0ceb: start FollowerState
2019-10-18 07:14:22,745 [Thread-1188] INFO  impl.FollowerState (FollowerState.java:run(108)) - c52c3de9-0ed1-4f2b-ba1d-f317ceeb0ceb@group-20BE3FF63202-FollowerState: change to CANDIDATE, lastRpcTime:25ms, electionTimeout:25ms
2019-10-18 07:14:22,745 [Thread-1188] INFO  impl.RoleInfo (RoleInfo.java:shutdownFollowerState(121)) - c52c3de9-0ed1-4f2b-ba1d-f317ceeb0ceb: shutdown FollowerState
2019-10-18 07:14:22,746 [Thread-1188] INFO  impl.RaftServerImpl (RaftServerImpl.java:setRole(184)) - c52c3de9-0ed1-4f2b-ba1d-f317ceeb0ceb@group-20BE3FF63202: changes role from  FOLLOWER to CANDIDATE at term 132 for changeToCandidate
2019-10-18 07:14:22,746 [Thread-1188] INFO  impl.RoleInfo (RoleInfo.java:updateAndGet(143)) - c52c3de9-0ed1-4f2b-ba1d-f317ceeb0ceb: start LeaderElection
2019-10-18 07:14:22,806 [c52c3de9-0ed1-4f2b-ba1d-f317ceeb0ceb@group-20BE3FF63202-LeaderElection125] INFO  impl.LeaderElection (LeaderElection.java:askForVotes(178)) - c52c3de9-0ed1-4f2b-ba1d-f317ceeb0ceb@group-20BE3FF63202-LeaderElection125: begin an election at term 133 for -1: [24274e9f-e41f-4654-9afc-a783ca44e44b:192.168.69.67:35902, 988115cd-21c9-4558-b198-f2cedd98ccf3:192.168.69.67:44208, c52c3de9-0ed1-4f2b-ba1d-f317ceeb0ceb:192.168.69.67:37615], old=null
2019-10-18 07:14:22,810 [grpc-default-executor-0] INFO  impl.RaftServerImpl (RaftServerImpl.java:setRole(184)) - 24274e9f-e41f-4654-9afc-a783ca44e44b@group-20BE3FF63202: changes role from  FOLLOWER to FOLLOWER at term 133 for recognizeCandidate:c52c3de9-0ed1-4f2b-ba1d-f317ceeb0ceb
2019-10-18 07:14:22,810 [grpc-default-executor-1] INFO  impl.RaftServerImpl (RaftServerImpl.java:setRole(184)) - 988115cd-21c9-4558-b198-f2cedd98ccf3@group-20BE3FF63202: changes role from  FOLLOWER to FOLLOWER at term 133 for recognizeCandidate:c52c3de9-0ed1-4f2b-ba1d-f317ceeb0ceb
2019-10-18 07:14:22,810 [grpc-default-executor-0] INFO  impl.RoleInfo (RoleInfo.java:shutdownFollowerState(121)) - 24274e9f-e41f-4654-9afc-a783ca44e44b: shutdown FollowerState
2019-10-18 07:14:22,810 [grpc-default-executor-1] INFO  impl.RoleInfo (RoleInfo.java:shutdownFollowerState(121)) - 988115cd-21c9-4558-b198-f2cedd98ccf3: shutdown FollowerState
2019-10-18 07:14:22,810 [grpc-default-executor-0] INFO  impl.RoleInfo (RoleInfo.java:updateAndGet(143)) - 24274e9f-e41f-4654-9afc-a783ca44e44b: start FollowerState
2019-10-18 07:14:22,811 [grpc-default-executor-1] INFO  impl.RoleInfo (RoleInfo.java:updateAndGet(143)) - 988115cd-21c9-4558-b198-f2cedd98ccf3: start FollowerState
2019-10-18 07:14:22,810 [Thread-1186] INFO  impl.FollowerState (FollowerState.java:run(117)) - 24274e9f-e41f-4654-9afc-a783ca44e44b@group-20BE3FF63202-FollowerState was interrupted: java.lang.InterruptedException: sleep interrupted
2019-10-18 07:14:22,811 [Thread-1187] INFO  impl.FollowerState (FollowerState.java:run(117)) - 988115cd-21c9-4558-b198-f2cedd98ccf3@group-20BE3FF63202-FollowerState was interrupted: java.lang.InterruptedException: sleep interrupted
2019-10-18 07:14:22,854 [c52c3de9-0ed1-4f2b-ba1d-f317ceeb0ceb@group-20BE3FF63202-LeaderElection125] INFO  impl.LeaderElection (LeaderElection.java:logAndReturn(56)) - c52c3de9-0ed1-4f2b-ba1d-f317ceeb0ceb@group-20BE3FF63202-LeaderElection125: Election REJECTED; received 2 response(s) [c52c3de9-0ed1-4f2b-ba1d-f317ceeb0ceb<-24274e9f-e41f-4654-9afc-a783ca44e44b#0:FAIL-t133, c52c3de9-0ed1-4f2b-ba1d-f317ceeb0ceb<-988115cd-21c9-4558-b198-f2cedd98ccf3#0:FAIL-t133] and 0 exception(s); c52c3de9-0ed1-4f2b-ba1d-f317ceeb0ceb@group-20BE3FF63202:t133, leader=null, voted=c52c3de9-0ed1-4f2b-ba1d-f317ceeb0ceb, raftlog=c52c3de9-0ed1-4f2b-ba1d-f317ceeb0ceb@group-20BE3FF63202-SegmentedRaftLog:OPENED:c-1,f-1,i0, conf=-1: [24274e9f-e41f-4654-9afc-a783ca44e44b:192.168.69.67:35902, 988115cd-21c9-4558-b198-f2cedd98ccf3:192.168.69.67:44208, c52c3de9-0ed1-4f2b-ba1d-f317ceeb0ceb:192.168.69.67:37615], old=null
2019-10-18 07:14:22,854 [c52c3de9-0ed1-4f2b-ba1d-f317ceeb0ceb@group-20BE3FF63202-LeaderElection125] INFO  impl.RaftServerImpl (RaftServerImpl.java:setRole(184)) - c52c3de9-0ed1-4f2b-ba1d-f317ceeb0ceb@group-20BE3FF63202: changes role from CANDIDATE to FOLLOWER at term 133 for DISCOVERED_A_NEW_TERM
2019-10-18 07:14:22,854 [c52c3de9-0ed1-4f2b-ba1d-f317ceeb0ceb@group-20BE3FF63202-LeaderElection125] INFO  impl.RoleInfo (RoleInfo.java:shutdownLeaderElection(134)) - c52c3de9-0ed1-4f2b-ba1d-f317ceeb0ceb: shutdown LeaderElection
2019-10-18 07:14:22,855 [c52c3de9-0ed1-4f2b-ba1d-f317ceeb0ceb@group-20BE3FF63202-LeaderElection125] INFO  impl.RoleInfo (RoleInfo.java:updateAndGet(143)) - c52c3de9-0ed1-4f2b-ba1d-f317ceeb0ceb: start FollowerState
2019-10-18 07:14:22,975 [Thread-1196] INFO  impl.FollowerState (FollowerState.java:run(108)) - c52c3de9-0ed1-4f2b-ba1d-f317ceeb0ceb@group-20BE3FF63202-FollowerState: change to CANDIDATE, lastRpcTime:120ms, electionTimeout:120ms
2019-10-18 07:14:22,975 [Thread-1196] INFO  impl.RoleInfo (RoleInfo.java:shutdownFollowerState(121)) - c52c3de9-0ed1-4f2b-ba1d-f317ceeb0ceb: shutdown FollowerState
2019-10-18 07:14:22,976 [Thread-1196] INFO  impl.RaftServerImpl (RaftServerImpl.java:setRole(184)) - c52c3de9-0ed1-4f2b-ba1d-f317ceeb0ceb@group-20BE3FF63202: changes role from  FOLLOWER to CANDIDATE at term 133 for changeToCandidate
2019-10-18 07:14:22,976 [Thread-1196] INFO  impl.RoleInfo (RoleInfo.java:updateAndGet(143)) - c52c3de9-0ed1-4f2b-ba1d-f317ceeb0ceb: start LeaderElection
2019-10-18 07:14:23,037 [c52c3de9-0ed1-4f2b-ba1d-f317ceeb0ceb@group-20BE3FF63202-LeaderElection126] INFO  impl.LeaderElection (LeaderElection.java:askForVotes(178)) - c52c3de9-0ed1-4f2b-ba1d-f317ceeb0ceb@group-20BE3FF63202-LeaderElection126: begin an election at term 134 for -1: [24274e9f-e41f-4654-9afc-a783ca44e44b:192.168.69.67:35902, 988115cd-21c9-4558-b198-f2cedd98ccf3:192.168.69.67:44208, c52c3de9-0ed1-4f2b-ba1d-f317ceeb0ceb:192.168.69.67:37615], old=null
2019-10-18 07:14:23,041 [grpc-default-executor-1] INFO  impl.RaftServerImpl (RaftServerImpl.java:setRole(184)) - 988115cd-21c9-4558-b198-f2cedd98ccf3@group-20BE3FF63202: changes role from  FOLLOWER to FOLLOWER at term 134 for recognizeCandidate:c52c3de9-0ed1-4f2b-ba1d-f317ceeb0ceb
2019-10-18 07:14:23,041 [grpc-default-executor-0] INFO  impl.RaftServerImpl (RaftServerImpl.java:setRole(184)) - 24274e9f-e41f-4654-9afc-a783ca44e44b@group-20BE3FF63202: changes role from  FOLLOWER to FOLLOWER at term 134 for recognizeCandidate:c52c3de9-0ed1-4f2b-ba1d-f317ceeb0ceb
2019-10-18 07:14:23,041 [grpc-default-executor-1] INFO  impl.RoleInfo (RoleInfo.java:shutdownFollowerState(121)) - 988115cd-21c9-4558-b198-f2cedd98ccf3: shutdown FollowerState
2019-10-18 07:14:23,041 [grpc-default-executor-0] INFO  impl.RoleInfo (RoleInfo.java:shutdownFollowerState(121)) - 24274e9f-e41f-4654-9afc-a783ca44e44b: shutdown FollowerState
2019-10-18 07:14:23,042 [Thread-1195] INFO  impl.FollowerState (FollowerState.java:run(117)) - 988115cd-21c9-4558-b198-f2cedd98ccf3@group-20BE3FF63202-FollowerState was interrupted: java.lang.InterruptedException: sleep interrupted
2019-10-18 07:14:23,041 [grpc-default-executor-1] INFO  impl.RoleInfo (RoleInfo.java:updateAndGet(143)) - 988115cd-21c9-4558-b198-f2cedd98ccf3: start FollowerState
2019-10-18 07:14:23,042 [Thread-1194] INFO  impl.FollowerState (FollowerState.java:run(117)) - 24274e9f-e41f-4654-9afc-a783ca44e44b@group-20BE3FF63202-FollowerState was interrupted: java.lang.InterruptedException: sleep interrupted
2019-10-18 07:14:23,042 [grpc-default-executor-0] INFO  impl.RoleInfo (RoleInfo.java:updateAndGet(143)) - 24274e9f-e41f-4654-9afc-a783ca44e44b: start FollowerState
2019-10-18 07:14:23,100 [c52c3de9-0ed1-4f2b-ba1d-f317ceeb0ceb@group-20BE3FF63202-LeaderElection126] INFO  impl.LeaderElection (LeaderElection.java:logAndReturn(56)) - c52c3de9-0ed1-4f2b-ba1d-f317ceeb0ceb@group-20BE3FF63202-LeaderElection126: Election REJECTED; received 2 response(s) [c52c3de9-0ed1-4f2b-ba1d-f317ceeb0ceb<-24274e9f-e41f-4654-9afc-a783ca44e44b#0:FAIL-t134, c52c3de9-0ed1-4f2b-ba1d-f317ceeb0ceb<-988115cd-21c9-4558-b198-f2cedd98ccf3#0:FAIL-t134] and 0 exception(s); c52c3de9-0ed1-4f2b-ba1d-f317ceeb0ceb@group-20BE3FF63202:t134, leader=null, voted=c52c3de9-0ed1-4f2b-ba1d-f317ceeb0ceb, raftlog=c52c3de9-0ed1-4f2b-ba1d-f317ceeb0ceb@group-20BE3FF63202-SegmentedRaftLog:OPENED:c-1,f-1,i0, conf=-1: [24274e9f-e41f-4654-9afc-a783ca44e44b:192.168.69.67:35902, 988115cd-21c9-4558-b198-f2cedd98ccf3:192.168.69.67:44208, c52c3de9-0ed1-4f2b-ba1d-f317ceeb0ceb:192.168.69.67:37615], old=null
2019-10-18 07:14:23,101 [c52c3de9-0ed1-4f2b-ba1d-f317ceeb0ceb@group-20BE3FF63202-LeaderElection126] INFO  impl.RaftServerImpl (RaftServerImpl.java:setRole(184)) - c52c3de9-0ed1-4f2b-ba1d-f317ceeb0ceb@group-20BE3FF63202: changes role from CANDIDATE to FOLLOWER at term 134 for DISCOVERED_A_NEW_TERM
2019-10-18 07:14:23,101 [c52c3de9-0ed1-4f2b-ba1d-f317ceeb0ceb@group-20BE3FF63202-LeaderElection126] INFO  impl.RoleInfo (RoleInfo.java:shutdownLeaderElection(134)) - c52c3de9-0ed1-4f2b-ba1d-f317ceeb0ceb: shutdown LeaderElection
2019-10-18 07:14:23,101 [c52c3de9-0ed1-4f2b-ba1d-f317ceeb0ceb@group-20BE3FF63202-LeaderElection126] INFO  impl.RoleInfo (RoleInfo.java:updateAndGet(143)) - c52c3de9-0ed1-4f2b-ba1d-f317ceeb0ceb: start FollowerState
2019-10-18 07:14:23,173 [Thread-1202] INFO  impl.FollowerState (FollowerState.java:run(108)) - c52c3de9-0ed1-4f2b-ba1d-f317ceeb0ceb@group-20BE3FF63202-FollowerState: change to CANDIDATE, lastRpcTime:71ms, electionTimeout:71ms
2019-10-18 07:14:23,173 [Thread-1202] INFO  impl.RoleInfo (RoleInfo.java:shutdownFollowerState(121)) - c52c3de9-0ed1-4f2b-ba1d-f317ceeb0ceb: shutdown FollowerState
2019-10-18 07:14:23,173 [Thread-1202] INFO  impl.RaftServerImpl (RaftServerImpl.java:setRole(184)) - c52c3de9-0ed1-4f2b-ba1d-f317ceeb0ceb@group-20BE3FF63202: changes role from  FOLLOWER to CANDIDATE at term 134 for changeToCandidate
2019-10-18 07:14:23,173 [Thread-1202] INFO  impl.RoleInfo (RoleInfo.java:updateAndGet(143)) - c52c3de9-0ed1-4f2b-ba1d-f317ceeb0ceb: start LeaderElection
2019-10-18 07:14:23,244 [c52c3de9-0ed1-4f2b-ba1d-f317ceeb0ceb@group-20BE3FF63202-LeaderElection127] INFO  impl.LeaderElection (LeaderElection.java:askForVotes(178)) - c52c3de9-0ed1-4f2b-ba1d-f317ceeb0ceb@group-20BE3FF63202-LeaderElection127: begin an election at term 135 for -1: [24274e9f-e41f-4654-9afc-a783ca44e44b:192.168.69.67:35902, 988115cd-21c9-4558-b198-f2cedd98ccf3:192.168.69.67:44208, c52c3de9-0ed1-4f2b-ba1d-f317ceeb0ceb:192.168.69.67:37615], old=null
2019-10-18 07:14:23,247 [grpc-default-executor-1] INFO  impl.RaftServerImpl (RaftServerImpl.java:setRole(184)) - 988115cd-21c9-4558-b198-f2cedd98ccf3@group-20BE3FF63202: changes role from  FOLLOWER to FOLLOWER at term 135 for recognizeCandidate:c52c3de9-0ed1-4f2b-ba1d-f317ceeb0ceb
2019-10-18 07:14:23,247 [grpc-default-executor-0] INFO  impl.RaftServerImpl (RaftServerImpl.java:setRole(184)) - 24274e9f-e41f-4654-9afc-a783ca44e44b@group-20BE3FF63202: changes role from  FOLLOWER to FOLLOWER at term 135 for recognizeCandidate:c52c3de9-0ed1-4f2b-ba1d-f317ceeb0ceb
2019-10-18 07:14:23,247 [grpc-default-executor-1] INFO  impl.RoleInfo (RoleInfo.java:shutdownFollowerState(121)) - 988115cd-21c9-4558-b198-f2cedd98ccf3: shutdown FollowerState
2019-10-18 07:14:23,248 [grpc-default-executor-0] INFO  impl.RoleInfo (RoleInfo.java:shutdownFollowerState(121)) - 24274e9f-e41f-4654-9afc-a783ca44e44b: shutdown FollowerState
2019-10-18 07:14:23,248 [Thread-1200] INFO  impl.FollowerState (FollowerState.java:run(117)) - 988115cd-21c9-4558-b198-f2cedd98ccf3@group-20BE3FF63202-FollowerState was interrupted: java.lang.InterruptedException: sleep interrupted
2019-10-18 07:14:23,248 [grpc-default-executor-1] INFO  impl.RoleInfo (RoleInfo.java:updateAndGet(143)) - 988115cd-21c9-4558-b198-f2cedd98ccf3: start FollowerState
2019-10-18 07:14:23,248 [Thread-1201] INFO  impl.FollowerState (FollowerState.java:run(117)) - 24274e9f-e41f-4654-9afc-a783ca44e44b@group-20BE3FF63202-FollowerState was interrupted: java.lang.InterruptedException: sleep interrupted
2019-10-18 07:14:23,248 [grpc-default-executor-0] INFO  impl.RoleInfo (RoleInfo.java:updateAndGet(143)) - 24274e9f-e41f-4654-9afc-a783ca44e44b: start FollowerState
2019-10-18 07:14:23,290 [c52c3de9-0ed1-4f2b-ba1d-f317ceeb0ceb@group-20BE3FF63202-LeaderElection127] INFO  impl.LeaderElection (LeaderElection.java:logAndReturn(56)) - c52c3de9-0ed1-4f2b-ba1d-f317ceeb0ceb@group-20BE3FF63202-LeaderElection127: Election REJECTED; received 2 response(s) [c52c3de9-0ed1-4f2b-ba1d-f317ceeb0ceb<-24274e9f-e41f-4654-9afc-a783ca44e44b#0:FAIL-t135, c52c3de9-0ed1-4f2b-ba1d-f317ceeb0ceb<-988115cd-21c9-4558-b198-f2cedd98ccf3#0:FAIL-t135] and 0 exception(s); c52c3de9-0ed1-4f2b-ba1d-f317ceeb0ceb@group-20BE3FF63202:t135, leader=null, voted=c52c3de9-0ed1-4f2b-ba1d-f317ceeb0ceb, raftlog=c52c3de9-0ed1-4f2b-ba1d-f317ceeb0ceb@group-20BE3FF63202-SegmentedRaftLog:OPENED:c-1,f-1,i0, conf=-1: [24274e9f-e41f-4654-9afc-a783ca44e44b:192.168.69.67:35902, 988115cd-21c9-4558-b198-f2cedd98ccf3:192.168.69.67:44208, c52c3de9-0ed1-4f2b-ba1d-f317ceeb0ceb:192.168.69.67:37615], old=null
2019-10-18 07:14:23,290 [c52c3de9-0ed1-4f2b-ba1d-f317ceeb0ceb@group-20BE3FF63202-LeaderElection127] INFO  impl.RaftServerImpl (RaftServerImpl.java:setRole(184)) - c52c3de9-0ed1-4f2b-ba1d-f317ceeb0ceb@group-20BE3FF63202: changes role from CANDIDATE to FOLLOWER at term 135 for DISCOVERED_A_NEW_TERM
2019-10-18 07:14:23,290 [c52c3de9-0ed1-4f2b-ba1d-f317ceeb0ceb@group-20BE3FF63202-LeaderElection127] INFO  impl.RoleInfo (RoleInfo.java:shutdownLeaderElection(134)) - c52c3de9-0ed1-4f2b-ba1d-f317ceeb0ceb: shutdown LeaderElection
2019-10-18 07:14:23,290 [c52c3de9-0ed1-4f2b-ba1d-f317ceeb0ceb@group-20BE3FF63202-LeaderElection127] INFO  impl.RoleInfo (RoleInfo.java:updateAndGet(143)) - c52c3de9-0ed1-4f2b-ba1d-f317ceeb0ceb: start FollowerState
2019-10-18 07:14:23,373 [Thread-1208] INFO  impl.FollowerState (FollowerState.java:run(108)) - c52c3de9-0ed1-4f2b-ba1d-f317ceeb0ceb@group-20BE3FF63202-FollowerState: change to CANDIDATE, lastRpcTime:82ms, electionTimeout:82ms
2019-10-18 07:14:23,373 [Thread-1208] INFO  impl.RoleInfo (RoleInfo.java:shutdownFollowerState(121)) - c52c3de9-0ed1-4f2b-ba1d-f317ceeb0ceb: shutdown FollowerState
2019-10-18 07:14:23,373 [Thread-1208] INFO  impl.RaftServerImpl (RaftServerImpl.java:setRole(184)) - c52c3de9-0ed1-4f2b-ba1d-f317ceeb0ceb@group-20BE3FF63202: changes role from  FOLLOWER to CANDIDATE at term 135 for changeToCandidate
2019-10-18 07:14:23,373 [Thread-1208] INFO  impl.RoleInfo (RoleInfo.java:updateAndGet(143)) - c52c3de9-0ed1-4f2b-ba1d-f317ceeb0ceb: start LeaderElection
2019-10-18 07:14:23,405 [c52c3de9-0ed1-4f2b-ba1d-f317ceeb0ceb@group-20BE3FF63202-LeaderElection128] INFO  impl.LeaderElection (LeaderElection.java:askForVotes(178)) - c52c3de9-0ed1-4f2b-ba1d-f317ceeb0ceb@group-20BE3FF63202-LeaderElection128: begin an election at term 136 for -1: [24274e9f-e41f-4654-9afc-a783ca44e44b:192.168.69.67:35902, 988115cd-21c9-4558-b198-f2cedd98ccf3:192.168.69.67:44208, c52c3de9-0ed1-4f2b-ba1d-f317ceeb0ceb:192.168.69.67:37615], old=null
2019-10-18 07:14:23,409 [grpc-default-executor-0] INFO  impl.RaftServerImpl (RaftServerImpl.java:setRole(184)) - 24274e9f-e41f-4654-9afc-a783ca44e44b@group-20BE3FF63202: changes role from  FOLLOWER to FOLLOWER at term 136 for recognizeCandidate:c52c3de9-0ed1-4f2b-ba1d-f317ceeb0ceb
2019-10-18 07:14:23,409 [grpc-default-executor-1] INFO  impl.RaftServerImpl (RaftServerImpl.java:setRole(184)) - 988115cd-21c9-4558-b198-f2cedd98ccf3@group-20BE3FF63202: changes role from  FOLLOWER to FOLLOWER at term 136 for recognizeCandidate:c52c3de9-0ed1-4f2b-ba1d-f317ceeb0ceb
2019-10-18 07:14:23,410 [grpc-default-executor-0] INFO  impl.RoleInfo (RoleInfo.java:shutdownFollowerState(121)) - 24274e9f-e41f-4654-9afc-a783ca44e44b: shutdown FollowerState
2019-10-18 07:14:23,410 [grpc-default-executor-1] INFO  impl.RoleInfo (RoleInfo.java:shutdownFollowerState(121)) - 988115cd-21c9-4558-b198-f2cedd98ccf3: shutdown FollowerState
2019-10-18 07:14:23,410 [grpc-default-executor-0] INFO  impl.RoleInfo (RoleInfo.java:updateAndGet(143)) - 24274e9f-e41f-4654-9afc-a783ca44e44b: start FollowerState
2019-10-18 07:14:23,410 [Thread-1206] INFO  impl.FollowerState (FollowerState.java:run(117)) - 988115cd-21c9-4558-b198-f2cedd98ccf3@group-20BE3FF63202-FollowerState was interrupted: java.lang.InterruptedException: sleep interrupted
2019-10-18 07:14:23,410 [grpc-default-executor-1] INFO  impl.RoleInfo (RoleInfo.java:updateAndGet(143)) - 988115cd-21c9-4558-b198-f2cedd98ccf3: start FollowerState
2019-10-18 07:14:23,410 [Thread-1207] INFO  impl.FollowerState (FollowerState.java:run(117)) - 24274e9f-e41f-4654-9afc-a783ca44e44b@group-20BE3FF63202-FollowerState was interrupted: java.lang.InterruptedException: sleep interrupted
2019-10-18 07:14:23,471 [main] INFO  ozone.MiniOzoneClusterImpl (MiniOzoneClusterImpl.java:lambda$waitForClusterToBeReady$2(164)) - Waiting for 1 number of pipelines out of 9, to report a leader.
2019-10-18 07:14:23,473 [c52c3de9-0ed1-4f2b-ba1d-f317ceeb0ceb@group-20BE3FF63202-LeaderElection128] INFO  impl.LeaderElection (LeaderElection.java:logAndReturn(56)) - c52c3de9-0ed1-4f2b-ba1d-f317ceeb0ceb@group-20BE3FF63202-LeaderElection128: Election REJECTED; received 2 response(s) [c52c3de9-0ed1-4f2b-ba1d-f317ceeb0ceb<-24274e9f-e41f-4654-9afc-a783ca44e44b#0:FAIL-t136, c52c3de9-0ed1-4f2b-ba1d-f317ceeb0ceb<-988115cd-21c9-4558-b198-f2cedd98ccf3#0:FAIL-t136] and 0 exception(s); c52c3de9-0ed1-4f2b-ba1d-f317ceeb0ceb@group-20BE3FF63202:t136, leader=null, voted=c52c3de9-0ed1-4f2b-ba1d-f317ceeb0ceb, raftlog=c52c3de9-0ed1-4f2b-ba1d-f317ceeb0ceb@group-20BE3FF63202-SegmentedRaftLog:OPENED:c-1,f-1,i0, conf=-1: [24274e9f-e41f-4654-9afc-a783ca44e44b:192.168.69.67:35902, 988115cd-21c9-4558-b198-f2cedd98ccf3:192.168.69.67:44208, c52c3de9-0ed1-4f2b-ba1d-f317ceeb0ceb:192.168.69.67:37615], old=null
2019-10-18 07:14:23,473 [c52c3de9-0ed1-4f2b-ba1d-f317ceeb0ceb@group-20BE3FF63202-LeaderElection128] INFO  impl.RaftServerImpl (RaftServerImpl.java:setRole(184)) - c52c3de9-0ed1-4f2b-ba1d-f317ceeb0ceb@group-20BE3FF63202: changes role from CANDIDATE to FOLLOWER at term 136 for DISCOVERED_A_NEW_TERM
2019-10-18 07:14:23,473 [c52c3de9-0ed1-4f2b-ba1d-f317ceeb0ceb@group-20BE3FF63202-LeaderElection128] INFO  impl.RoleInfo (RoleInfo.java:shutdownLeaderElection(134)) - c52c3de9-0ed1-4f2b-ba1d-f317ceeb0ceb: shutdown LeaderElection
2019-10-18 07:14:23,474 [c52c3de9-0ed1-4f2b-ba1d-f317ceeb0ceb@group-20BE3FF63202-LeaderElection128] INFO  impl.RoleInfo (RoleInfo.java:updateAndGet(143)) - c52c3de9-0ed1-4f2b-ba1d-f317ceeb0ceb: start FollowerState
2019-10-18 07:14:23,522 [Thread-1214] INFO  impl.FollowerState (FollowerState.java:run(108)) - c52c3de9-0ed1-4f2b-ba1d-f317ceeb0ceb@group-20BE3FF63202-FollowerState: change to CANDIDATE, lastRpcTime:48ms, electionTimeout:48ms
2019-10-18 07:14:23,522 [Thread-1214] INFO  impl.RoleInfo (RoleInfo.java:shutdownFollowerState(121)) - c52c3de9-0ed1-4f2b-ba1d-f317ceeb0ceb: shutdown FollowerState
2019-10-18 07:14:23,523 [Thread-1214] INFO  impl.RaftServerImpl (RaftServerImpl.java:setRole(184)) - c52c3de9-0ed1-4f2b-ba1d-f317ceeb0ceb@group-20BE3FF63202: changes role from  FOLLOWER to CANDIDATE at term 136 for changeToCandidate
2019-10-18 07:14:23,523 [Thread-1214] INFO  impl.RoleInfo (RoleInfo.java:updateAndGet(143)) - c52c3de9-0ed1-4f2b-ba1d-f317ceeb0ceb: start LeaderElection
2019-10-18 07:14:23,568 [c52c3de9-0ed1-4f2b-ba1d-f317ceeb0ceb@group-20BE3FF63202-LeaderElection129] INFO  impl.LeaderElection (LeaderElection.java:askForVotes(178)) - c52c3de9-0ed1-4f2b-ba1d-f317ceeb0ceb@group-20BE3FF63202-LeaderElection129: begin an election at term 137 for -1: [24274e9f-e41f-4654-9afc-a783ca44e44b:192.168.69.67:35902, 988115cd-21c9-4558-b198-f2cedd98ccf3:192.168.69.67:44208, c52c3de9-0ed1-4f2b-ba1d-f317ceeb0ceb:192.168.69.67:37615], old=null
2019-10-18 07:14:23,572 [grpc-default-executor-0] INFO  impl.RaftServerImpl (RaftServerImpl.java:setRole(184)) - 24274e9f-e41f-4654-9afc-a783ca44e44b@group-20BE3FF63202: changes role from  FOLLOWER to FOLLOWER at term 137 for recognizeCandidate:c52c3de9-0ed1-4f2b-ba1d-f317ceeb0ceb
2019-10-18 07:14:23,572 [grpc-default-executor-1] INFO  impl.RaftServerImpl (RaftServerImpl.java:setRole(184)) - 988115cd-21c9-4558-b198-f2cedd98ccf3@group-20BE3FF63202: changes role from  FOLLOWER to FOLLOWER at term 137 for recognizeCandidate:c52c3de9-0ed1-4f2b-ba1d-f317ceeb0ceb
2019-10-18 07:14:23,572 [grpc-default-executor-0] INFO  impl.RoleInfo (RoleInfo.java:shutdownFollowerState(121)) - 24274e9f-e41f-4654-9afc-a783ca44e44b: shutdown FollowerState
2019-10-18 07:14:23,572 [grpc-default-executor-1] INFO  impl.RoleInfo (RoleInfo.java:shutdownFollowerState(121)) - 988115cd-21c9-4558-b198-f2cedd98ccf3: shutdown FollowerState
2019-10-18 07:14:23,573 [Thread-1212] INFO  impl.FollowerState (FollowerState.java:run(117)) - 24274e9f-e41f-4654-9afc-a783ca44e44b@group-20BE3FF63202-FollowerState was interrupted: java.lang.InterruptedException: sleep interrupted
2019-10-18 07:14:23,573 [grpc-default-executor-0] INFO  impl.RoleInfo (RoleInfo.java:updateAndGet(143)) - 24274e9f-e41f-4654-9afc-a783ca44e44b: start FollowerState
2019-10-18 07:14:23,573 [Thread-1213] INFO  impl.FollowerState (FollowerState.java:run(117)) - 988115cd-21c9-4558-b198-f2cedd98ccf3@group-20BE3FF63202-FollowerState was interrupted: java.lang.InterruptedException: sleep interrupted
2019-10-18 07:14:23,573 [grpc-default-executor-1] INFO  impl.RoleInfo (RoleInfo.java:updateAndGet(143)) - 988115cd-21c9-4558-b198-f2cedd98ccf3: start FollowerState
2019-10-18 07:14:23,669 [c52c3de9-0ed1-4f2b-ba1d-f317ceeb0ceb@group-20BE3FF63202-LeaderElection129] INFO  impl.LeaderElection (LeaderElection.java:logAndReturn(56)) - c52c3de9-0ed1-4f2b-ba1d-f317ceeb0ceb@group-20BE3FF63202-LeaderElection129: Election REJECTED; received 2 response(s) [c52c3de9-0ed1-4f2b-ba1d-f317ceeb0ceb<-24274e9f-e41f-4654-9afc-a783ca44e44b#0:FAIL-t137, c52c3de9-0ed1-4f2b-ba1d-f317ceeb0ceb<-988115cd-21c9-4558-b198-f2cedd98ccf3#0:FAIL-t137] and 0 exception(s); c52c3de9-0ed1-4f2b-ba1d-f317ceeb0ceb@group-20BE3FF63202:t137, leader=null, voted=c52c3de9-0ed1-4f2b-ba1d-f317ceeb0ceb, raftlog=c52c3de9-0ed1-4f2b-ba1d-f317ceeb0ceb@group-20BE3FF63202-SegmentedRaftLog:OPENED:c-1,f-1,i0, conf=-1: [24274e9f-e41f-4654-9afc-a783ca44e44b:192.168.69.67:35902, 988115cd-21c9-4558-b198-f2cedd98ccf3:192.168.69.67:44208, c52c3de9-0ed1-4f2b-ba1d-f317ceeb0ceb:192.168.69.67:37615], old=null
2019-10-18 07:14:23,669 [c52c3de9-0ed1-4f2b-ba1d-f317ceeb0ceb@group-20BE3FF63202-LeaderElection129] INFO  impl.RaftServerImpl (RaftServerImpl.java:setRole(184)) - c52c3de9-0ed1-4f2b-ba1d-f317ceeb0ceb@group-20BE3FF63202: changes role from CANDIDATE to FOLLOWER at term 137 for DISCOVERED_A_NEW_TERM
2019-10-18 07:14:23,670 [c52c3de9-0ed1-4f2b-ba1d-f317ceeb0ceb@group-20BE3FF63202-LeaderElection129] INFO  impl.RoleInfo (RoleInfo.java:shutdownLeaderElection(134)) - c52c3de9-0ed1-4f2b-ba1d-f317ceeb0ceb: shutdown LeaderElection
2019-10-18 07:14:23,670 [c52c3de9-0ed1-4f2b-ba1d-f317ceeb0ceb@group-20BE3FF63202-LeaderElection129] INFO  impl.RoleInfo (RoleInfo.java:updateAndGet(143)) - c52c3de9-0ed1-4f2b-ba1d-f317ceeb0ceb: start FollowerState
2019-10-18 07:14:23,759 [Thread-1220] INFO  impl.FollowerState (FollowerState.java:run(108)) - c52c3de9-0ed1-4f2b-ba1d-f317ceeb0ceb@group-20BE3FF63202-FollowerState: change to CANDIDATE, lastRpcTime:89ms, electionTimeout:89ms
2019-10-18 07:14:23,760 [Thread-1220] INFO  impl.RoleInfo (RoleInfo.java:shutdownFollowerState(121)) - c52c3de9-0ed1-4f2b-ba1d-f317ceeb0ceb: shutdown FollowerState
2019-10-18 07:14:23,760 [Thread-1220] INFO  impl.RaftServerImpl (RaftServerImpl.java:setRole(184)) - c52c3de9-0ed1-4f2b-ba1d-f317ceeb0ceb@group-20BE3FF63202: changes role from  FOLLOWER to CANDIDATE at term 137 for changeToCandidate
2019-10-18 07:14:23,760 [Thread-1220] INFO  impl.RoleInfo (RoleInfo.java:updateAndGet(143)) - c52c3de9-0ed1-4f2b-ba1d-f317ceeb0ceb: start LeaderElection
2019-10-18 07:14:23,857 [c52c3de9-0ed1-4f2b-ba1d-f317ceeb0ceb@group-20BE3FF63202-LeaderElection130] INFO  impl.LeaderElection (LeaderElection.java:askForVotes(178)) - c52c3de9-0ed1-4f2b-ba1d-f317ceeb0ceb@group-20BE3FF63202-LeaderElection130: begin an election at term 138 for -1: [24274e9f-e41f-4654-9afc-a783ca44e44b:192.168.69.67:35902, 988115cd-21c9-4558-b198-f2cedd98ccf3:192.168.69.67:44208, c52c3de9-0ed1-4f2b-ba1d-f317ceeb0ceb:192.168.69.67:37615], old=null
2019-10-18 07:14:23,860 [grpc-default-executor-1] INFO  impl.RaftServerImpl (RaftServerImpl.java:setRole(184)) - 24274e9f-e41f-4654-9afc-a783ca44e44b@group-20BE3FF63202: changes role from  FOLLOWER to FOLLOWER at term 138 for recognizeCandidate:c52c3de9-0ed1-4f2b-ba1d-f317ceeb0ceb
2019-10-18 07:14:23,860 [grpc-default-executor-1] INFO  impl.RoleInfo (RoleInfo.java:shutdownFollowerState(121)) - 24274e9f-e41f-4654-9afc-a783ca44e44b: shutdown FollowerState
2019-10-18 07:14:23,860 [grpc-default-executor-0] INFO  impl.RaftServerImpl (RaftServerImpl.java:setRole(184)) - 988115cd-21c9-4558-b198-f2cedd98ccf3@group-20BE3FF63202: changes role from  FOLLOWER to FOLLOWER at term 138 for recognizeCandidate:c52c3de9-0ed1-4f2b-ba1d-f317ceeb0ceb
2019-10-18 07:14:23,861 [Thread-1218] INFO  impl.FollowerState (FollowerState.java:run(117)) - 24274e9f-e41f-4654-9afc-a783ca44e44b@group-20BE3FF63202-FollowerState was interrupted: java.lang.InterruptedException: sleep interrupted
2019-10-18 07:14:23,861 [grpc-default-executor-1] INFO  impl.RoleInfo (RoleInfo.java:updateAndGet(143)) - 24274e9f-e41f-4654-9afc-a783ca44e44b: start FollowerState
2019-10-18 07:14:23,861 [grpc-default-executor-0] INFO  impl.RoleInfo (RoleInfo.java:shutdownFollowerState(121)) - 988115cd-21c9-4558-b198-f2cedd98ccf3: shutdown FollowerState
2019-10-18 07:14:23,862 [grpc-default-executor-0] INFO  impl.RoleInfo (RoleInfo.java:updateAndGet(143)) - 988115cd-21c9-4558-b198-f2cedd98ccf3: start FollowerState
2019-10-18 07:14:23,862 [Thread-1219] INFO  impl.FollowerState (FollowerState.java:run(117)) - 988115cd-21c9-4558-b198-f2cedd98ccf3@group-20BE3FF63202-FollowerState was interrupted: java.lang.InterruptedException: sleep interrupted
2019-10-18 07:14:23,895 [c52c3de9-0ed1-4f2b-ba1d-f317ceeb0ceb@group-20BE3FF63202-LeaderElection130] INFO  impl.LeaderElection (LeaderElection.java:logAndReturn(56)) - c52c3de9-0ed1-4f2b-ba1d-f317ceeb0ceb@group-20BE3FF63202-LeaderElection130: Election REJECTED; received 2 response(s) [c52c3de9-0ed1-4f2b-ba1d-f317ceeb0ceb<-24274e9f-e41f-4654-9afc-a783ca44e44b#0:FAIL-t138, c52c3de9-0ed1-4f2b-ba1d-f317ceeb0ceb<-988115cd-21c9-4558-b198-f2cedd98ccf3#0:FAIL-t138] and 0 exception(s); c52c3de9-0ed1-4f2b-ba1d-f317ceeb0ceb@group-20BE3FF63202:t138, leader=null, voted=c52c3de9-0ed1-4f2b-ba1d-f317ceeb0ceb, raftlog=c52c3de9-0ed1-4f2b-ba1d-f317ceeb0ceb@group-20BE3FF63202-SegmentedRaftLog:OPENED:c-1,f-1,i0, conf=-1: [24274e9f-e41f-4654-9afc-a783ca44e44b:192.168.69.67:35902, 988115cd-21c9-4558-b198-f2cedd98ccf3:192.168.69.67:44208, c52c3de9-0ed1-4f2b-ba1d-f317ceeb0ceb:192.168.69.67:37615], old=null
2019-10-18 07:14:23,895 [c52c3de9-0ed1-4f2b-ba1d-f317ceeb0ceb@group-20BE3FF63202-LeaderElection130] INFO  impl.RaftServerImpl (RaftServerImpl.java:setRole(184)) - c52c3de9-0ed1-4f2b-ba1d-f317ceeb0ceb@group-20BE3FF63202: changes role from CANDIDATE to FOLLOWER at term 138 for DISCOVERED_A_NEW_TERM
2019-10-18 07:14:23,895 [c52c3de9-0ed1-4f2b-ba1d-f317ceeb0ceb@group-20BE3FF63202-LeaderElection130] INFO  impl.RoleInfo (RoleInfo.java:shutdownLeaderElection(134)) - c52c3de9-0ed1-4f2b-ba1d-f317ceeb0ceb: shutdown LeaderElection
2019-10-18 07:14:23,895 [c52c3de9-0ed1-4f2b-ba1d-f317ceeb0ceb@group-20BE3FF63202-LeaderElection130] INFO  impl.RoleInfo (RoleInfo.java:updateAndGet(143)) - c52c3de9-0ed1-4f2b-ba1d-f317ceeb0ceb: start FollowerState
2019-10-18 07:14:23,947 [Thread-1226] INFO  impl.FollowerState (FollowerState.java:run(108)) - c52c3de9-0ed1-4f2b-ba1d-f317ceeb0ceb@group-20BE3FF63202-FollowerState: change to CANDIDATE, lastRpcTime:51ms, electionTimeout:51ms
2019-10-18 07:14:23,947 [Thread-1226] INFO  impl.RoleInfo (RoleInfo.java:shutdownFollowerState(121)) - c52c3de9-0ed1-4f2b-ba1d-f317ceeb0ceb: shutdown FollowerState
2019-10-18 07:14:23,947 [Thread-1226] INFO  impl.RaftServerImpl (RaftServerImpl.java:setRole(184)) - c52c3de9-0ed1-4f2b-ba1d-f317ceeb0ceb@group-20BE3FF63202: changes role from  FOLLOWER to CANDIDATE at term 138 for changeToCandidate
2019-10-18 07:14:23,947 [Thread-1226] INFO  impl.RoleInfo (RoleInfo.java:updateAndGet(143)) - c52c3de9-0ed1-4f2b-ba1d-f317ceeb0ceb: start LeaderElection
2019-10-18 07:14:24,057 [c52c3de9-0ed1-4f2b-ba1d-f317ceeb0ceb@group-20BE3FF63202-LeaderElection131] INFO  impl.LeaderElection (LeaderElection.java:askForVotes(178)) - c52c3de9-0ed1-4f2b-ba1d-f317ceeb0ceb@group-20BE3FF63202-LeaderElection131: begin an election at term 139 for -1: [24274e9f-e41f-4654-9afc-a783ca44e44b:192.168.69.67:35902, 988115cd-21c9-4558-b198-f2cedd98ccf3:192.168.69.67:44208, c52c3de9-0ed1-4f2b-ba1d-f317ceeb0ceb:192.168.69.67:37615], old=null
2019-10-18 07:14:24,061 [grpc-default-executor-0] INFO  impl.RaftServerImpl (RaftServerImpl.java:setRole(184)) - 24274e9f-e41f-4654-9afc-a783ca44e44b@group-20BE3FF63202: changes role from  FOLLOWER to FOLLOWER at term 139 for recognizeCandidate:c52c3de9-0ed1-4f2b-ba1d-f317ceeb0ceb
2019-10-18 07:14:24,061 [grpc-default-executor-1] INFO  impl.RaftServerImpl (RaftServerImpl.java:setRole(184)) - 988115cd-21c9-4558-b198-f2cedd98ccf3@group-20BE3FF63202: changes role from  FOLLOWER to FOLLOWER at term 139 for recognizeCandidate:c52c3de9-0ed1-4f2b-ba1d-f317ceeb0ceb
2019-10-18 07:14:24,061 [grpc-default-executor-0] INFO  impl.RoleInfo (RoleInfo.java:shutdownFollowerState(121)) - 24274e9f-e41f-4654-9afc-a783ca44e44b: shutdown FollowerState
2019-10-18 07:14:24,061 [grpc-default-executor-1] INFO  impl.RoleInfo (RoleInfo.java:shutdownFollowerState(121)) - 988115cd-21c9-4558-b198-f2cedd98ccf3: shutdown FollowerState
2019-10-18 07:14:24,061 [grpc-default-executor-0] INFO  impl.RoleInfo (RoleInfo.java:updateAndGet(143)) - 24274e9f-e41f-4654-9afc-a783ca44e44b: start FollowerState
2019-10-18 07:14:24,061 [Thread-1224] INFO  impl.FollowerState (FollowerState.java:run(117)) - 24274e9f-e41f-4654-9afc-a783ca44e44b@group-20BE3FF63202-FollowerState was interrupted: java.lang.InterruptedException: sleep interrupted
2019-10-18 07:14:24,061 [Thread-1225] INFO  impl.FollowerState (FollowerState.java:run(117)) - 988115cd-21c9-4558-b198-f2cedd98ccf3@group-20BE3FF63202-FollowerState was interrupted: java.lang.InterruptedException: sleep interrupted
2019-10-18 07:14:24,061 [grpc-default-executor-1] INFO  impl.RoleInfo (RoleInfo.java:updateAndGet(143)) - 988115cd-21c9-4558-b198-f2cedd98ccf3: start FollowerState
2019-10-18 07:14:24,073 [c52c3de9-0ed1-4f2b-ba1d-f317ceeb0ceb@group-20BE3FF63202-LeaderElection131] INFO  impl.LeaderElection (LeaderElection.java:logAndReturn(56)) - c52c3de9-0ed1-4f2b-ba1d-f317ceeb0ceb@group-20BE3FF63202-LeaderElection131: Election TIMEOUT; received 0 response(s) [] and 0 exception(s); c52c3de9-0ed1-4f2b-ba1d-f317ceeb0ceb@group-20BE3FF63202:t139, leader=null, voted=c52c3de9-0ed1-4f2b-ba1d-f317ceeb0ceb, raftlog=c52c3de9-0ed1-4f2b-ba1d-f317ceeb0ceb@group-20BE3FF63202-SegmentedRaftLog:OPENED:c-1,f-1,i0, conf=-1: [24274e9f-e41f-4654-9afc-a783ca44e44b:192.168.69.67:35902, 988115cd-21c9-4558-b198-f2cedd98ccf3:192.168.69.67:44208, c52c3de9-0ed1-4f2b-ba1d-f317ceeb0ceb:192.168.69.67:37615], old=null
2019-10-18 07:14:24,140 [c52c3de9-0ed1-4f2b-ba1d-f317ceeb0ceb@group-20BE3FF63202-LeaderElection131] INFO  impl.LeaderElection (LeaderElection.java:askForVotes(178)) - c52c3de9-0ed1-4f2b-ba1d-f317ceeb0ceb@group-20BE3FF63202-LeaderElection131: begin an election at term 140 for -1: [24274e9f-e41f-4654-9afc-a783ca44e44b:192.168.69.67:35902, 988115cd-21c9-4558-b198-f2cedd98ccf3:192.168.69.67:44208, c52c3de9-0ed1-4f2b-ba1d-f317ceeb0ceb:192.168.69.67:37615], old=null
2019-10-18 07:14:24,143 [grpc-default-executor-0] INFO  impl.RaftServerImpl (RaftServerImpl.java:setRole(184)) - 24274e9f-e41f-4654-9afc-a783ca44e44b@group-20BE3FF63202: changes role from  FOLLOWER to FOLLOWER at term 140 for recognizeCandidate:c52c3de9-0ed1-4f2b-ba1d-f317ceeb0ceb
2019-10-18 07:14:24,143 [grpc-default-executor-1] INFO  impl.RaftServerImpl (RaftServerImpl.java:setRole(184)) - 988115cd-21c9-4558-b198-f2cedd98ccf3@group-20BE3FF63202: changes role from  FOLLOWER to FOLLOWER at term 140 for recognizeCandidate:c52c3de9-0ed1-4f2b-ba1d-f317ceeb0ceb
2019-10-18 07:14:24,143 [grpc-default-executor-0] INFO  impl.RoleInfo (RoleInfo.java:shutdownFollowerState(121)) - 24274e9f-e41f-4654-9afc-a783ca44e44b: shutdown FollowerState
2019-10-18 07:14:24,143 [grpc-default-executor-1] INFO  impl.RoleInfo (RoleInfo.java:shutdownFollowerState(121)) - 988115cd-21c9-4558-b198-f2cedd98ccf3: shutdown FollowerState
2019-10-18 07:14:24,143 [Thread-1230] INFO  impl.FollowerState (FollowerState.java:run(117)) - 24274e9f-e41f-4654-9afc-a783ca44e44b@group-20BE3FF63202-FollowerState was interrupted: java.lang.InterruptedException: sleep interrupted
2019-10-18 07:14:24,143 [grpc-default-executor-0] INFO  impl.RoleInfo (RoleInfo.java:updateAndGet(143)) - 24274e9f-e41f-4654-9afc-a783ca44e44b: start FollowerState
2019-10-18 07:14:24,143 [Thread-1231] INFO  impl.FollowerState (FollowerState.java:run(117)) - 988115cd-21c9-4558-b198-f2cedd98ccf3@group-20BE3FF63202-FollowerState was interrupted: java.lang.InterruptedException: sleep interrupted
2019-10-18 07:14:24,143 [grpc-default-executor-1] INFO  impl.RoleInfo (RoleInfo.java:updateAndGet(143)) - 988115cd-21c9-4558-b198-f2cedd98ccf3: start FollowerState
2019-10-18 07:14:24,169 [c52c3de9-0ed1-4f2b-ba1d-f317ceeb0ceb@group-20BE3FF63202-LeaderElection131] INFO  impl.LeaderElection (LeaderElection.java:logAndReturn(56)) - c52c3de9-0ed1-4f2b-ba1d-f317ceeb0ceb@group-20BE3FF63202-LeaderElection131: Election REJECTED; received 2 response(s) [c52c3de9-0ed1-4f2b-ba1d-f317ceeb0ceb<-24274e9f-e41f-4654-9afc-a783ca44e44b#0:FAIL-t140, c52c3de9-0ed1-4f2b-ba1d-f317ceeb0ceb<-988115cd-21c9-4558-b198-f2cedd98ccf3#0:FAIL-t140] and 0 exception(s); c52c3de9-0ed1-4f2b-ba1d-f317ceeb0ceb@group-20BE3FF63202:t140, leader=null, voted=c52c3de9-0ed1-4f2b-ba1d-f317ceeb0ceb, raftlog=c52c3de9-0ed1-4f2b-ba1d-f317ceeb0ceb@group-20BE3FF63202-SegmentedRaftLog:OPENED:c-1,f-1,i0, conf=-1: [24274e9f-e41f-4654-9afc-a783ca44e44b:192.168.69.67:35902, 988115cd-21c9-4558-b198-f2cedd98ccf3:192.168.69.67:44208, c52c3de9-0ed1-4f2b-ba1d-f317ceeb0ceb:192.168.69.67:37615], old=null
2019-10-18 07:14:24,169 [c52c3de9-0ed1-4f2b-ba1d-f317ceeb0ceb@group-20BE3FF63202-LeaderElection131] INFO  impl.RaftServerImpl (RaftServerImpl.java:setRole(184)) - c52c3de9-0ed1-4f2b-ba1d-f317ceeb0ceb@group-20BE3FF63202: changes role from CANDIDATE to FOLLOWER at term 140 for DISCOVERED_A_NEW_TERM
2019-10-18 07:14:24,169 [c52c3de9-0ed1-4f2b-ba1d-f317ceeb0ceb@group-20BE3FF63202-LeaderElection131] INFO  impl.RoleInfo (RoleInfo.java:shutdownLeaderElection(134)) - c52c3de9-0ed1-4f2b-ba1d-f317ceeb0ceb: shutdown LeaderElection
2019-10-18 07:14:24,169 [c52c3de9-0ed1-4f2b-ba1d-f317ceeb0ceb@group-20BE3FF63202-LeaderElection131] INFO  impl.RoleInfo (RoleInfo.java:updateAndGet(143)) - c52c3de9-0ed1-4f2b-ba1d-f317ceeb0ceb: start FollowerState
2019-10-18 07:14:24,349 [Thread-1236] INFO  impl.FollowerState (FollowerState.java:run(108)) - c52c3de9-0ed1-4f2b-ba1d-f317ceeb0ceb@group-20BE3FF63202-FollowerState: change to CANDIDATE, lastRpcTime:180ms, electionTimeout:180ms
2019-10-18 07:14:24,350 [Thread-1236] INFO  impl.RoleInfo (RoleInfo.java:shutdownFollowerState(121)) - c52c3de9-0ed1-4f2b-ba1d-f317ceeb0ceb: shutdown FollowerState
2019-10-18 07:14:24,350 [Thread-1236] INFO  impl.RaftServerImpl (RaftServerImpl.java:setRole(184)) - c52c3de9-0ed1-4f2b-ba1d-f317ceeb0ceb@group-20BE3FF63202: changes role from  FOLLOWER to CANDIDATE at term 140 for changeToCandidate
2019-10-18 07:14:24,350 [Thread-1236] INFO  impl.RoleInfo (RoleInfo.java:updateAndGet(143)) - c52c3de9-0ed1-4f2b-ba1d-f317ceeb0ceb: start LeaderElection
2019-10-18 07:14:24,387 [c52c3de9-0ed1-4f2b-ba1d-f317ceeb0ceb@group-20BE3FF63202-LeaderElection132] INFO  impl.LeaderElection (LeaderElection.java:askForVotes(178)) - c52c3de9-0ed1-4f2b-ba1d-f317ceeb0ceb@group-20BE3FF63202-LeaderElection132: begin an election at term 141 for -1: [24274e9f-e41f-4654-9afc-a783ca44e44b:192.168.69.67:35902, 988115cd-21c9-4558-b198-f2cedd98ccf3:192.168.69.67:44208, c52c3de9-0ed1-4f2b-ba1d-f317ceeb0ceb:192.168.69.67:37615], old=null
2019-10-18 07:14:24,390 [grpc-default-executor-1] INFO  impl.RaftServerImpl (RaftServerImpl.java:setRole(184)) - 988115cd-21c9-4558-b198-f2cedd98ccf3@group-20BE3FF63202: changes role from  FOLLOWER to FOLLOWER at term 141 for recognizeCandidate:c52c3de9-0ed1-4f2b-ba1d-f317ceeb0ceb
2019-10-18 07:14:24,390 [grpc-default-executor-0] INFO  impl.RaftServerImpl (RaftServerImpl.java:setRole(184)) - 24274e9f-e41f-4654-9afc-a783ca44e44b@group-20BE3FF63202: changes role from  FOLLOWER to FOLLOWER at term 141 for recognizeCandidate:c52c3de9-0ed1-4f2b-ba1d-f317ceeb0ceb
2019-10-18 07:14:24,390 [grpc-default-executor-1] INFO  impl.RoleInfo (RoleInfo.java:shutdownFollowerState(121)) - 988115cd-21c9-4558-b198-f2cedd98ccf3: shutdown FollowerState
2019-10-18 07:14:24,390 [grpc-default-executor-0] INFO  impl.RoleInfo (RoleInfo.java:shutdownFollowerState(121)) - 24274e9f-e41f-4654-9afc-a783ca44e44b: shutdown FollowerState
2019-10-18 07:14:24,391 [Thread-1235] INFO  impl.FollowerState (FollowerState.java:run(117)) - 988115cd-21c9-4558-b198-f2cedd98ccf3@group-20BE3FF63202-FollowerState was interrupted: java.lang.InterruptedException: sleep interrupted
2019-10-18 07:14:24,391 [grpc-default-executor-1] INFO  impl.RoleInfo (RoleInfo.java:updateAndGet(143)) - 988115cd-21c9-4558-b198-f2cedd98ccf3: start FollowerState
2019-10-18 07:14:24,391 [grpc-default-executor-0] INFO  impl.RoleInfo (RoleInfo.java:updateAndGet(143)) - 24274e9f-e41f-4654-9afc-a783ca44e44b: start FollowerState
2019-10-18 07:14:24,391 [Thread-1234] INFO  impl.FollowerState (FollowerState.java:run(117)) - 24274e9f-e41f-4654-9afc-a783ca44e44b@group-20BE3FF63202-FollowerState was interrupted: java.lang.InterruptedException: sleep interrupted
2019-10-18 07:14:24,424 [c52c3de9-0ed1-4f2b-ba1d-f317ceeb0ceb@group-20BE3FF63202-LeaderElection132] INFO  impl.LeaderElection (LeaderElection.java:logAndReturn(56)) - c52c3de9-0ed1-4f2b-ba1d-f317ceeb0ceb@group-20BE3FF63202-LeaderElection132: Election REJECTED; received 2 response(s) [c52c3de9-0ed1-4f2b-ba1d-f317ceeb0ceb<-24274e9f-e41f-4654-9afc-a783ca44e44b#0:FAIL-t141, c52c3de9-0ed1-4f2b-ba1d-f317ceeb0ceb<-988115cd-21c9-4558-b198-f2cedd98ccf3#0:FAIL-t141] and 0 exception(s); c52c3de9-0ed1-4f2b-ba1d-f317ceeb0ceb@group-20BE3FF63202:t141, leader=null, voted=c52c3de9-0ed1-4f2b-ba1d-f317ceeb0ceb, raftlog=c52c3de9-0ed1-4f2b-ba1d-f317ceeb0ceb@group-20BE3FF63202-SegmentedRaftLog:OPENED:c-1,f-1,i0, conf=-1: [24274e9f-e41f-4654-9afc-a783ca44e44b:192.168.69.67:35902, 988115cd-21c9-4558-b198-f2cedd98ccf3:192.168.69.67:44208, c52c3de9-0ed1-4f2b-ba1d-f317ceeb0ceb:192.168.69.67:37615], old=null
2019-10-18 07:14:24,424 [c52c3de9-0ed1-4f2b-ba1d-f317ceeb0ceb@group-20BE3FF63202-LeaderElection132] INFO  impl.RaftServerImpl (RaftServerImpl.java:setRole(184)) - c52c3de9-0ed1-4f2b-ba1d-f317ceeb0ceb@group-20BE3FF63202: changes role from CANDIDATE to FOLLOWER at term 141 for DISCOVERED_A_NEW_TERM
2019-10-18 07:14:24,425 [c52c3de9-0ed1-4f2b-ba1d-f317ceeb0ceb@group-20BE3FF63202-LeaderElection132] INFO  impl.RoleInfo (RoleInfo.java:shutdownLeaderElection(134)) - c52c3de9-0ed1-4f2b-ba1d-f317ceeb0ceb: shutdown LeaderElection
2019-10-18 07:14:24,425 [c52c3de9-0ed1-4f2b-ba1d-f317ceeb0ceb@group-20BE3FF63202-LeaderElection132] INFO  impl.RoleInfo (RoleInfo.java:updateAndGet(143)) - c52c3de9-0ed1-4f2b-ba1d-f317ceeb0ceb: start FollowerState
2019-10-18 07:14:24,472 [main] INFO  ozone.MiniOzoneClusterImpl (MiniOzoneClusterImpl.java:lambda$waitForClusterToBeReady$2(164)) - Waiting for 1 number of pipelines out of 9, to report a leader.
2019-10-18 07:14:24,577 [Thread-1242] INFO  impl.FollowerState (FollowerState.java:run(108)) - c52c3de9-0ed1-4f2b-ba1d-f317ceeb0ceb@group-20BE3FF63202-FollowerState: change to CANDIDATE, lastRpcTime:152ms, electionTimeout:152ms
2019-10-18 07:14:24,577 [Thread-1242] INFO  impl.RoleInfo (RoleInfo.java:shutdownFollowerState(121)) - c52c3de9-0ed1-4f2b-ba1d-f317ceeb0ceb: shutdown FollowerState
2019-10-18 07:14:24,578 [Thread-1242] INFO  impl.RaftServerImpl (RaftServerImpl.java:setRole(184)) - c52c3de9-0ed1-4f2b-ba1d-f317ceeb0ceb@group-20BE3FF63202: changes role from  FOLLOWER to CANDIDATE at term 141 for changeToCandidate
2019-10-18 07:14:24,578 [Thread-1242] INFO  impl.RoleInfo (RoleInfo.java:updateAndGet(143)) - c52c3de9-0ed1-4f2b-ba1d-f317ceeb0ceb: start LeaderElection
2019-10-18 07:14:24,660 [c52c3de9-0ed1-4f2b-ba1d-f317ceeb0ceb@group-20BE3FF63202-LeaderElection133] INFO  impl.LeaderElection (LeaderElection.java:askForVotes(178)) - c52c3de9-0ed1-4f2b-ba1d-f317ceeb0ceb@group-20BE3FF63202-LeaderElection133: begin an election at term 142 for -1: [24274e9f-e41f-4654-9afc-a783ca44e44b:192.168.69.67:35902, 988115cd-21c9-4558-b198-f2cedd98ccf3:192.168.69.67:44208, c52c3de9-0ed1-4f2b-ba1d-f317ceeb0ceb:192.168.69.67:37615], old=null
2019-10-18 07:14:24,663 [grpc-default-executor-0] INFO  impl.RaftServerImpl (RaftServerImpl.java:setRole(184)) - 988115cd-21c9-4558-b198-f2cedd98ccf3@group-20BE3FF63202: changes role from  FOLLOWER to FOLLOWER at term 142 for recognizeCandidate:c52c3de9-0ed1-4f2b-ba1d-f317ceeb0ceb
2019-10-18 07:14:24,664 [grpc-default-executor-1] INFO  impl.RaftServerImpl (RaftServerImpl.java:setRole(184)) - 24274e9f-e41f-4654-9afc-a783ca44e44b@group-20BE3FF63202: changes role from  FOLLOWER to FOLLOWER at term 142 for recognizeCandidate:c52c3de9-0ed1-4f2b-ba1d-f317ceeb0ceb
2019-10-18 07:14:24,664 [grpc-default-executor-0] INFO  impl.RoleInfo (RoleInfo.java:shutdownFollowerState(121)) - 988115cd-21c9-4558-b198-f2cedd98ccf3: shutdown FollowerState
2019-10-18 07:14:24,664 [grpc-default-executor-1] INFO  impl.RoleInfo (RoleInfo.java:shutdownFollowerState(121)) - 24274e9f-e41f-4654-9afc-a783ca44e44b: shutdown FollowerState
2019-10-18 07:14:24,664 [Thread-1240] INFO  impl.FollowerState (FollowerState.java:run(117)) - 988115cd-21c9-4558-b198-f2cedd98ccf3@group-20BE3FF63202-FollowerState was interrupted: java.lang.InterruptedException: sleep interrupted
2019-10-18 07:14:24,664 [grpc-default-executor-0] INFO  impl.RoleInfo (RoleInfo.java:updateAndGet(143)) - 988115cd-21c9-4558-b198-f2cedd98ccf3: start FollowerState
2019-10-18 07:14:24,664 [grpc-default-executor-1] INFO  impl.RoleInfo (RoleInfo.java:updateAndGet(143)) - 24274e9f-e41f-4654-9afc-a783ca44e44b: start FollowerState
2019-10-18 07:14:24,664 [Thread-1241] INFO  impl.FollowerState (FollowerState.java:run(117)) - 24274e9f-e41f-4654-9afc-a783ca44e44b@group-20BE3FF63202-FollowerState was interrupted: java.lang.InterruptedException: sleep interrupted
2019-10-18 07:14:24,668 [c52c3de9-0ed1-4f2b-ba1d-f317ceeb0ceb@group-20BE3FF63202-LeaderElection133] INFO  impl.LeaderElection (LeaderElection.java:logAndReturn(56)) - c52c3de9-0ed1-4f2b-ba1d-f317ceeb0ceb@group-20BE3FF63202-LeaderElection133: Election TIMEOUT; received 0 response(s) [] and 0 exception(s); c52c3de9-0ed1-4f2b-ba1d-f317ceeb0ceb@group-20BE3FF63202:t142, leader=null, voted=c52c3de9-0ed1-4f2b-ba1d-f317ceeb0ceb, raftlog=c52c3de9-0ed1-4f2b-ba1d-f317ceeb0ceb@group-20BE3FF63202-SegmentedRaftLog:OPENED:c-1,f-1,i0, conf=-1: [24274e9f-e41f-4654-9afc-a783ca44e44b:192.168.69.67:35902, 988115cd-21c9-4558-b198-f2cedd98ccf3:192.168.69.67:44208, c52c3de9-0ed1-4f2b-ba1d-f317ceeb0ceb:192.168.69.67:37615], old=null
2019-10-18 07:14:24,703 [c52c3de9-0ed1-4f2b-ba1d-f317ceeb0ceb@group-20BE3FF63202-LeaderElection133] INFO  impl.LeaderElection (LeaderElection.java:askForVotes(178)) - c52c3de9-0ed1-4f2b-ba1d-f317ceeb0ceb@group-20BE3FF63202-LeaderElection133: begin an election at term 143 for -1: [24274e9f-e41f-4654-9afc-a783ca44e44b:192.168.69.67:35902, 988115cd-21c9-4558-b198-f2cedd98ccf3:192.168.69.67:44208, c52c3de9-0ed1-4f2b-ba1d-f317ceeb0ceb:192.168.69.67:37615], old=null
2019-10-18 07:14:24,705 [grpc-default-executor-1] INFO  impl.RaftServerImpl (RaftServerImpl.java:setRole(184)) - 24274e9f-e41f-4654-9afc-a783ca44e44b@group-20BE3FF63202: changes role from  FOLLOWER to FOLLOWER at term 143 for recognizeCandidate:c52c3de9-0ed1-4f2b-ba1d-f317ceeb0ceb
2019-10-18 07:14:24,705 [grpc-default-executor-1] INFO  impl.RoleInfo (RoleInfo.java:shutdownFollowerState(121)) - 24274e9f-e41f-4654-9afc-a783ca44e44b: shutdown FollowerState
2019-10-18 07:14:24,706 [grpc-default-executor-1] INFO  impl.RoleInfo (RoleInfo.java:updateAndGet(143)) - 24274e9f-e41f-4654-9afc-a783ca44e44b: start FollowerState
2019-10-18 07:14:24,706 [Thread-1247] INFO  impl.FollowerState (FollowerState.java:run(117)) - 24274e9f-e41f-4654-9afc-a783ca44e44b@group-20BE3FF63202-FollowerState was interrupted: java.lang.InterruptedException: sleep interrupted
2019-10-18 07:14:24,708 [grpc-default-executor-0] INFO  impl.RaftServerImpl (RaftServerImpl.java:setRole(184)) - 988115cd-21c9-4558-b198-f2cedd98ccf3@group-20BE3FF63202: changes role from  FOLLOWER to FOLLOWER at term 143 for recognizeCandidate:c52c3de9-0ed1-4f2b-ba1d-f317ceeb0ceb
2019-10-18 07:14:24,708 [grpc-default-executor-0] INFO  impl.RoleInfo (RoleInfo.java:shutdownFollowerState(121)) - 988115cd-21c9-4558-b198-f2cedd98ccf3: shutdown FollowerState
2019-10-18 07:14:24,708 [grpc-default-executor-0] INFO  impl.RoleInfo (RoleInfo.java:updateAndGet(143)) - 988115cd-21c9-4558-b198-f2cedd98ccf3: start FollowerState
2019-10-18 07:14:24,708 [Thread-1246] INFO  impl.FollowerState (FollowerState.java:run(117)) - 988115cd-21c9-4558-b198-f2cedd98ccf3@group-20BE3FF63202-FollowerState was interrupted: java.lang.InterruptedException: sleep interrupted
2019-10-18 07:14:24,721 [c52c3de9-0ed1-4f2b-ba1d-f317ceeb0ceb@group-20BE3FF63202-LeaderElection133] INFO  impl.LeaderElection (LeaderElection.java:logAndReturn(56)) - c52c3de9-0ed1-4f2b-ba1d-f317ceeb0ceb@group-20BE3FF63202-LeaderElection133: Election TIMEOUT; received 0 response(s) [] and 0 exception(s); c52c3de9-0ed1-4f2b-ba1d-f317ceeb0ceb@group-20BE3FF63202:t143, leader=null, voted=c52c3de9-0ed1-4f2b-ba1d-f317ceeb0ceb, raftlog=c52c3de9-0ed1-4f2b-ba1d-f317ceeb0ceb@group-20BE3FF63202-SegmentedRaftLog:OPENED:c-1,f-1,i0, conf=-1: [24274e9f-e41f-4654-9afc-a783ca44e44b:192.168.69.67:35902, 988115cd-21c9-4558-b198-f2cedd98ccf3:192.168.69.67:44208, c52c3de9-0ed1-4f2b-ba1d-f317ceeb0ceb:192.168.69.67:37615], old=null
2019-10-18 07:14:24,763 [c52c3de9-0ed1-4f2b-ba1d-f317ceeb0ceb@group-20BE3FF63202-LeaderElection133] INFO  impl.LeaderElection (LeaderElection.java:askForVotes(178)) - c52c3de9-0ed1-4f2b-ba1d-f317ceeb0ceb@group-20BE3FF63202-LeaderElection133: begin an election at term 144 for -1: [24274e9f-e41f-4654-9afc-a783ca44e44b:192.168.69.67:35902, 988115cd-21c9-4558-b198-f2cedd98ccf3:192.168.69.67:44208, c52c3de9-0ed1-4f2b-ba1d-f317ceeb0ceb:192.168.69.67:37615], old=null
2019-10-18 07:14:24,766 [grpc-default-executor-1] INFO  impl.RaftServerImpl (RaftServerImpl.java:setRole(184)) - 24274e9f-e41f-4654-9afc-a783ca44e44b@group-20BE3FF63202: changes role from  FOLLOWER to FOLLOWER at term 144 for recognizeCandidate:c52c3de9-0ed1-4f2b-ba1d-f317ceeb0ceb
2019-10-18 07:14:24,766 [grpc-default-executor-0] INFO  impl.RaftServerImpl (RaftServerImpl.java:setRole(184)) - 988115cd-21c9-4558-b198-f2cedd98ccf3@group-20BE3FF63202: changes role from  FOLLOWER to FOLLOWER at term 144 for recognizeCandidate:c52c3de9-0ed1-4f2b-ba1d-f317ceeb0ceb
2019-10-18 07:14:24,766 [grpc-default-executor-1] INFO  impl.RoleInfo (RoleInfo.java:shutdownFollowerState(121)) - 24274e9f-e41f-4654-9afc-a783ca44e44b: shutdown FollowerState
2019-10-18 07:14:24,767 [grpc-default-executor-0] INFO  impl.RoleInfo (RoleInfo.java:shutdownFollowerState(121)) - 988115cd-21c9-4558-b198-f2cedd98ccf3: shutdown FollowerState
2019-10-18 07:14:24,767 [grpc-default-executor-1] INFO  impl.RoleInfo (RoleInfo.java:updateAndGet(143)) - 24274e9f-e41f-4654-9afc-a783ca44e44b: start FollowerState
2019-10-18 07:14:24,767 [Thread-1250] INFO  impl.FollowerState (FollowerState.java:run(117)) - 24274e9f-e41f-4654-9afc-a783ca44e44b@group-20BE3FF63202-FollowerState was interrupted: java.lang.InterruptedException: sleep interrupted
2019-10-18 07:14:24,767 [Thread-1251] INFO  impl.FollowerState (FollowerState.java:run(117)) - 988115cd-21c9-4558-b198-f2cedd98ccf3@group-20BE3FF63202-FollowerState was interrupted: java.lang.InterruptedException: sleep interrupted
2019-10-18 07:14:24,767 [grpc-default-executor-0] INFO  impl.RoleInfo (RoleInfo.java:updateAndGet(143)) - 988115cd-21c9-4558-b198-f2cedd98ccf3: start FollowerState
2019-10-18 07:14:24,798 [c52c3de9-0ed1-4f2b-ba1d-f317ceeb0ceb@group-20BE3FF63202-LeaderElection133] INFO  impl.LeaderElection (LeaderElection.java:logAndReturn(56)) - c52c3de9-0ed1-4f2b-ba1d-f317ceeb0ceb@group-20BE3FF63202-LeaderElection133: Election REJECTED; received 2 response(s) [c52c3de9-0ed1-4f2b-ba1d-f317ceeb0ceb<-24274e9f-e41f-4654-9afc-a783ca44e44b#0:FAIL-t144, c52c3de9-0ed1-4f2b-ba1d-f317ceeb0ceb<-988115cd-21c9-4558-b198-f2cedd98ccf3#0:FAIL-t144] and 0 exception(s); c52c3de9-0ed1-4f2b-ba1d-f317ceeb0ceb@group-20BE3FF63202:t144, leader=null, voted=c52c3de9-0ed1-4f2b-ba1d-f317ceeb0ceb, raftlog=c52c3de9-0ed1-4f2b-ba1d-f317ceeb0ceb@group-20BE3FF63202-SegmentedRaftLog:OPENED:c-1,f-1,i0, conf=-1: [24274e9f-e41f-4654-9afc-a783ca44e44b:192.168.69.67:35902, 988115cd-21c9-4558-b198-f2cedd98ccf3:192.168.69.67:44208, c52c3de9-0ed1-4f2b-ba1d-f317ceeb0ceb:192.168.69.67:37615], old=null
2019-10-18 07:14:24,798 [c52c3de9-0ed1-4f2b-ba1d-f317ceeb0ceb@group-20BE3FF63202-LeaderElection133] INFO  impl.RaftServerImpl (RaftServerImpl.java:setRole(184)) - c52c3de9-0ed1-4f2b-ba1d-f317ceeb0ceb@group-20BE3FF63202: changes role from CANDIDATE to FOLLOWER at term 144 for DISCOVERED_A_NEW_TERM
2019-10-18 07:14:24,798 [c52c3de9-0ed1-4f2b-ba1d-f317ceeb0ceb@group-20BE3FF63202-LeaderElection133] INFO  impl.RoleInfo (RoleInfo.java:shutdownLeaderElection(134)) - c52c3de9-0ed1-4f2b-ba1d-f317ceeb0ceb: shutdown LeaderElection
2019-10-18 07:14:24,799 [c52c3de9-0ed1-4f2b-ba1d-f317ceeb0ceb@group-20BE3FF63202-LeaderElection133] INFO  impl.RoleInfo (RoleInfo.java:updateAndGet(143)) - c52c3de9-0ed1-4f2b-ba1d-f317ceeb0ceb: start FollowerState
2019-10-18 07:14:24,802 [Thread-1256] INFO  impl.FollowerState (FollowerState.java:run(108)) - c52c3de9-0ed1-4f2b-ba1d-f317ceeb0ceb@group-20BE3FF63202-FollowerState: change to CANDIDATE, lastRpcTime:3ms, electionTimeout:3ms
2019-10-18 07:14:24,802 [Thread-1256] INFO  impl.RoleInfo (RoleInfo.java:shutdownFollowerState(121)) - c52c3de9-0ed1-4f2b-ba1d-f317ceeb0ceb: shutdown FollowerState
2019-10-18 07:14:24,802 [Thread-1256] INFO  impl.RaftServerImpl (RaftServerImpl.java:setRole(184)) - c52c3de9-0ed1-4f2b-ba1d-f317ceeb0ceb@group-20BE3FF63202: changes role from  FOLLOWER to CANDIDATE at term 144 for changeToCandidate
2019-10-18 07:14:24,802 [Thread-1256] INFO  impl.RoleInfo (RoleInfo.java:updateAndGet(143)) - c52c3de9-0ed1-4f2b-ba1d-f317ceeb0ceb: start LeaderElection
2019-10-18 07:14:24,858 [c52c3de9-0ed1-4f2b-ba1d-f317ceeb0ceb@group-20BE3FF63202-LeaderElection134] INFO  impl.LeaderElection (LeaderElection.java:askForVotes(178)) - c52c3de9-0ed1-4f2b-ba1d-f317ceeb0ceb@group-20BE3FF63202-LeaderElection134: begin an election at term 145 for -1: [24274e9f-e41f-4654-9afc-a783ca44e44b:192.168.69.67:35902, 988115cd-21c9-4558-b198-f2cedd98ccf3:192.168.69.67:44208, c52c3de9-0ed1-4f2b-ba1d-f317ceeb0ceb:192.168.69.67:37615], old=null
2019-10-18 07:14:24,861 [grpc-default-executor-1] INFO  impl.RaftServerImpl (RaftServerImpl.java:setRole(184)) - 24274e9f-e41f-4654-9afc-a783ca44e44b@group-20BE3FF63202: changes role from  FOLLOWER to FOLLOWER at term 145 for recognizeCandidate:c52c3de9-0ed1-4f2b-ba1d-f317ceeb0ceb
2019-10-18 07:14:24,861 [grpc-default-executor-0] INFO  impl.RaftServerImpl (RaftServerImpl.java:setRole(184)) - 988115cd-21c9-4558-b198-f2cedd98ccf3@group-20BE3FF63202: changes role from  FOLLOWER to FOLLOWER at term 145 for recognizeCandidate:c52c3de9-0ed1-4f2b-ba1d-f317ceeb0ceb
2019-10-18 07:14:24,862 [grpc-default-executor-1] INFO  impl.RoleInfo (RoleInfo.java:shutdownFollowerState(121)) - 24274e9f-e41f-4654-9afc-a783ca44e44b: shutdown FollowerState
2019-10-18 07:14:24,862 [grpc-default-executor-0] INFO  impl.RoleInfo (RoleInfo.java:shutdownFollowerState(121)) - 988115cd-21c9-4558-b198-f2cedd98ccf3: shutdown FollowerState
2019-10-18 07:14:24,862 [Thread-1254] INFO  impl.FollowerState (FollowerState.java:run(117)) - 24274e9f-e41f-4654-9afc-a783ca44e44b@group-20BE3FF63202-FollowerState was interrupted: java.lang.InterruptedException: sleep interrupted
2019-10-18 07:14:24,862 [grpc-default-executor-1] INFO  impl.RoleInfo (RoleInfo.java:updateAndGet(143)) - 24274e9f-e41f-4654-9afc-a783ca44e44b: start FollowerState
2019-10-18 07:14:24,862 [grpc-default-executor-0] INFO  impl.RoleInfo (RoleInfo.java:updateAndGet(143)) - 988115cd-21c9-4558-b198-f2cedd98ccf3: start FollowerState
2019-10-18 07:14:24,862 [Thread-1255] INFO  impl.FollowerState (FollowerState.java:run(117)) - 988115cd-21c9-4558-b198-f2cedd98ccf3@group-20BE3FF63202-FollowerState was interrupted: java.lang.InterruptedException: sleep interrupted
2019-10-18 07:14:24,873 [c52c3de9-0ed1-4f2b-ba1d-f317ceeb0ceb@group-20BE3FF63202-LeaderElection134] INFO  impl.LeaderElection (LeaderElection.java:logAndReturn(56)) - c52c3de9-0ed1-4f2b-ba1d-f317ceeb0ceb@group-20BE3FF63202-LeaderElection134: Election REJECTED; received 2 response(s) [c52c3de9-0ed1-4f2b-ba1d-f317ceeb0ceb<-24274e9f-e41f-4654-9afc-a783ca44e44b#0:FAIL-t145, c52c3de9-0ed1-4f2b-ba1d-f317ceeb0ceb<-988115cd-21c9-4558-b198-f2cedd98ccf3#0:FAIL-t145] and 0 exception(s); c52c3de9-0ed1-4f2b-ba1d-f317ceeb0ceb@group-20BE3FF63202:t145, leader=null, voted=c52c3de9-0ed1-4f2b-ba1d-f317ceeb0ceb, raftlog=c52c3de9-0ed1-4f2b-ba1d-f317ceeb0ceb@group-20BE3FF63202-SegmentedRaftLog:OPENED:c-1,f-1,i0, conf=-1: [24274e9f-e41f-4654-9afc-a783ca44e44b:192.168.69.67:35902, 988115cd-21c9-4558-b198-f2cedd98ccf3:192.168.69.67:44208, c52c3de9-0ed1-4f2b-ba1d-f317ceeb0ceb:192.168.69.67:37615], old=null
2019-10-18 07:14:24,873 [c52c3de9-0ed1-4f2b-ba1d-f317ceeb0ceb@group-20BE3FF63202-LeaderElection134] INFO  impl.RaftServerImpl (RaftServerImpl.java:setRole(184)) - c52c3de9-0ed1-4f2b-ba1d-f317ceeb0ceb@group-20BE3FF63202: changes role from CANDIDATE to FOLLOWER at term 145 for DISCOVERED_A_NEW_TERM
2019-10-18 07:14:24,874 [c52c3de9-0ed1-4f2b-ba1d-f317ceeb0ceb@group-20BE3FF63202-LeaderElection134] INFO  impl.RoleInfo (RoleInfo.java:shutdownLeaderElection(134)) - c52c3de9-0ed1-4f2b-ba1d-f317ceeb0ceb: shutdown LeaderElection
2019-10-18 07:14:24,874 [c52c3de9-0ed1-4f2b-ba1d-f317ceeb0ceb@group-20BE3FF63202-LeaderElection134] INFO  impl.RoleInfo (RoleInfo.java:updateAndGet(143)) - c52c3de9-0ed1-4f2b-ba1d-f317ceeb0ceb: start FollowerState
2019-10-18 07:14:25,069 [Thread-1262] INFO  impl.FollowerState (FollowerState.java:run(108)) - c52c3de9-0ed1-4f2b-ba1d-f317ceeb0ceb@group-20BE3FF63202-FollowerState: change to CANDIDATE, lastRpcTime:195ms, electionTimeout:195ms
2019-10-18 07:14:25,070 [Thread-1262] INFO  impl.RoleInfo (RoleInfo.java:shutdownFollowerState(121)) - c52c3de9-0ed1-4f2b-ba1d-f317ceeb0ceb: shutdown FollowerState
2019-10-18 07:14:25,070 [Thread-1262] INFO  impl.RaftServerImpl (RaftServerImpl.java:setRole(184)) - c52c3de9-0ed1-4f2b-ba1d-f317ceeb0ceb@group-20BE3FF63202: changes role from  FOLLOWER to CANDIDATE at term 145 for changeToCandidate
2019-10-18 07:14:25,070 [Thread-1262] INFO  impl.RoleInfo (RoleInfo.java:updateAndGet(143)) - c52c3de9-0ed1-4f2b-ba1d-f317ceeb0ceb: start LeaderElection
2019-10-18 07:14:25,192 [c52c3de9-0ed1-4f2b-ba1d-f317ceeb0ceb@group-20BE3FF63202-LeaderElection135] INFO  impl.LeaderElection (LeaderElection.java:askForVotes(178)) - c52c3de9-0ed1-4f2b-ba1d-f317ceeb0ceb@group-20BE3FF63202-LeaderElection135: begin an election at term 146 for -1: [24274e9f-e41f-4654-9afc-a783ca44e44b:192.168.69.67:35902, 988115cd-21c9-4558-b198-f2cedd98ccf3:192.168.69.67:44208, c52c3de9-0ed1-4f2b-ba1d-f317ceeb0ceb:192.168.69.67:37615], old=null
2019-10-18 07:14:25,195 [grpc-default-executor-0] INFO  impl.RaftServerImpl (RaftServerImpl.java:setRole(184)) - 24274e9f-e41f-4654-9afc-a783ca44e44b@group-20BE3FF63202: changes role from  FOLLOWER to FOLLOWER at term 146 for recognizeCandidate:c52c3de9-0ed1-4f2b-ba1d-f317ceeb0ceb
2019-10-18 07:14:25,195 [grpc-default-executor-1] INFO  impl.RaftServerImpl (RaftServerImpl.java:setRole(184)) - 988115cd-21c9-4558-b198-f2cedd98ccf3@group-20BE3FF63202: changes role from  FOLLOWER to FOLLOWER at term 146 for recognizeCandidate:c52c3de9-0ed1-4f2b-ba1d-f317ceeb0ceb
2019-10-18 07:14:25,195 [grpc-default-executor-0] INFO  impl.RoleInfo (RoleInfo.java:shutdownFollowerState(121)) - 24274e9f-e41f-4654-9afc-a783ca44e44b: shutdown FollowerState
2019-10-18 07:14:25,195 [grpc-default-executor-1] INFO  impl.RoleInfo (RoleInfo.java:shutdownFollowerState(121)) - 988115cd-21c9-4558-b198-f2cedd98ccf3: shutdown FollowerState
2019-10-18 07:14:25,196 [Thread-1260] INFO  impl.FollowerState (FollowerState.java:run(117)) - 24274e9f-e41f-4654-9afc-a783ca44e44b@group-20BE3FF63202-FollowerState was interrupted: java.lang.InterruptedException: sleep interrupted
2019-10-18 07:14:25,196 [grpc-default-executor-0] INFO  impl.RoleInfo (RoleInfo.java:updateAndGet(143)) - 24274e9f-e41f-4654-9afc-a783ca44e44b: start FollowerState
2019-10-18 07:14:25,196 [Thread-1261] INFO  impl.FollowerState (FollowerState.java:run(117)) - 988115cd-21c9-4558-b198-f2cedd98ccf3@group-20BE3FF63202-FollowerState was interrupted: java.lang.InterruptedException: sleep interrupted
2019-10-18 07:14:25,196 [grpc-default-executor-1] INFO  impl.RoleInfo (RoleInfo.java:updateAndGet(143)) - 988115cd-21c9-4558-b198-f2cedd98ccf3: start FollowerState
2019-10-18 07:14:25,228 [c52c3de9-0ed1-4f2b-ba1d-f317ceeb0ceb@group-20BE3FF63202-LeaderElection135] INFO  impl.LeaderElection (LeaderElection.java:logAndReturn(56)) - c52c3de9-0ed1-4f2b-ba1d-f317ceeb0ceb@group-20BE3FF63202-LeaderElection135: Election REJECTED; received 2 response(s) [c52c3de9-0ed1-4f2b-ba1d-f317ceeb0ceb<-24274e9f-e41f-4654-9afc-a783ca44e44b#0:FAIL-t146, c52c3de9-0ed1-4f2b-ba1d-f317ceeb0ceb<-988115cd-21c9-4558-b198-f2cedd98ccf3#0:FAIL-t146] and 0 exception(s); c52c3de9-0ed1-4f2b-ba1d-f317ceeb0ceb@group-20BE3FF63202:t146, leader=null, voted=c52c3de9-0ed1-4f2b-ba1d-f317ceeb0ceb, raftlog=c52c3de9-0ed1-4f2b-ba1d-f317ceeb0ceb@group-20BE3FF63202-SegmentedRaftLog:OPENED:c-1,f-1,i0, conf=-1: [24274e9f-e41f-4654-9afc-a783ca44e44b:192.168.69.67:35902, 988115cd-21c9-4558-b198-f2cedd98ccf3:192.168.69.67:44208, c52c3de9-0ed1-4f2b-ba1d-f317ceeb0ceb:192.168.69.67:37615], old=null
2019-10-18 07:14:25,229 [c52c3de9-0ed1-4f2b-ba1d-f317ceeb0ceb@group-20BE3FF63202-LeaderElection135] INFO  impl.RaftServerImpl (RaftServerImpl.java:setRole(184)) - c52c3de9-0ed1-4f2b-ba1d-f317ceeb0ceb@group-20BE3FF63202: changes role from CANDIDATE to FOLLOWER at term 146 for DISCOVERED_A_NEW_TERM
2019-10-18 07:14:25,229 [c52c3de9-0ed1-4f2b-ba1d-f317ceeb0ceb@group-20BE3FF63202-LeaderElection135] INFO  impl.RoleInfo (RoleInfo.java:shutdownLeaderElection(134)) - c52c3de9-0ed1-4f2b-ba1d-f317ceeb0ceb: shutdown LeaderElection
2019-10-18 07:14:25,229 [c52c3de9-0ed1-4f2b-ba1d-f317ceeb0ceb@group-20BE3FF63202-LeaderElection135] INFO  impl.RoleInfo (RoleInfo.java:updateAndGet(143)) - c52c3de9-0ed1-4f2b-ba1d-f317ceeb0ceb: start FollowerState
2019-10-18 07:14:25,359 [Thread-1268] INFO  impl.FollowerState (FollowerState.java:run(108)) - c52c3de9-0ed1-4f2b-ba1d-f317ceeb0ceb@group-20BE3FF63202-FollowerState: change to CANDIDATE, lastRpcTime:130ms, electionTimeout:130ms
2019-10-18 07:14:25,360 [Thread-1268] INFO  impl.RoleInfo (RoleInfo.java:shutdownFollowerState(121)) - c52c3de9-0ed1-4f2b-ba1d-f317ceeb0ceb: shutdown FollowerState
2019-10-18 07:14:25,360 [Thread-1268] INFO  impl.RaftServerImpl (RaftServerImpl.java:setRole(184)) - c52c3de9-0ed1-4f2b-ba1d-f317ceeb0ceb@group-20BE3FF63202: changes role from  FOLLOWER to CANDIDATE at term 146 for changeToCandidate
2019-10-18 07:14:25,360 [Thread-1268] INFO  impl.RoleInfo (RoleInfo.java:updateAndGet(143)) - c52c3de9-0ed1-4f2b-ba1d-f317ceeb0ceb: start LeaderElection
2019-10-18 07:14:25,447 [c52c3de9-0ed1-4f2b-ba1d-f317ceeb0ceb@group-20BE3FF63202-LeaderElection136] INFO  impl.LeaderElection (LeaderElection.java:askForVotes(178)) - c52c3de9-0ed1-4f2b-ba1d-f317ceeb0ceb@group-20BE3FF63202-LeaderElection136: begin an election at term 147 for -1: [24274e9f-e41f-4654-9afc-a783ca44e44b:192.168.69.67:35902, 988115cd-21c9-4558-b198-f2cedd98ccf3:192.168.69.67:44208, c52c3de9-0ed1-4f2b-ba1d-f317ceeb0ceb:192.168.69.67:37615], old=null
2019-10-18 07:14:25,450 [grpc-default-executor-1] INFO  impl.RaftServerImpl (RaftServerImpl.java:setRole(184)) - 24274e9f-e41f-4654-9afc-a783ca44e44b@group-20BE3FF63202: changes role from  FOLLOWER to FOLLOWER at term 147 for recognizeCandidate:c52c3de9-0ed1-4f2b-ba1d-f317ceeb0ceb
2019-10-18 07:14:25,450 [grpc-default-executor-1] INFO  impl.RoleInfo (RoleInfo.java:shutdownFollowerState(121)) - 24274e9f-e41f-4654-9afc-a783ca44e44b: shutdown FollowerState
2019-10-18 07:14:25,450 [grpc-default-executor-0] INFO  impl.RaftServerImpl (RaftServerImpl.java:setRole(184)) - 988115cd-21c9-4558-b198-f2cedd98ccf3@group-20BE3FF63202: changes role from  FOLLOWER to FOLLOWER at term 147 for recognizeCandidate:c52c3de9-0ed1-4f2b-ba1d-f317ceeb0ceb
2019-10-18 07:14:25,450 [grpc-default-executor-1] INFO  impl.RoleInfo (RoleInfo.java:updateAndGet(143)) - 24274e9f-e41f-4654-9afc-a783ca44e44b: start FollowerState
2019-10-18 07:14:25,450 [Thread-1266] INFO  impl.FollowerState (FollowerState.java:run(117)) - 24274e9f-e41f-4654-9afc-a783ca44e44b@group-20BE3FF63202-FollowerState was interrupted: java.lang.InterruptedException: sleep interrupted
2019-10-18 07:14:25,450 [grpc-default-executor-0] INFO  impl.RoleInfo (RoleInfo.java:shutdownFollowerState(121)) - 988115cd-21c9-4558-b198-f2cedd98ccf3: shutdown FollowerState
2019-10-18 07:14:25,451 [grpc-default-executor-0] INFO  impl.RoleInfo (RoleInfo.java:updateAndGet(143)) - 988115cd-21c9-4558-b198-f2cedd98ccf3: start FollowerState
2019-10-18 07:14:25,451 [Thread-1267] INFO  impl.FollowerState (FollowerState.java:run(117)) - 988115cd-21c9-4558-b198-f2cedd98ccf3@group-20BE3FF63202-FollowerState was interrupted: java.lang.InterruptedException: sleep interrupted
2019-10-18 07:14:25,472 [main] INFO  ozone.MiniOzoneClusterImpl (MiniOzoneClusterImpl.java:lambda$waitForClusterToBeReady$2(164)) - Waiting for 1 number of pipelines out of 9, to report a leader.
2019-10-18 07:14:25,496 [c52c3de9-0ed1-4f2b-ba1d-f317ceeb0ceb@group-20BE3FF63202-LeaderElection136] INFO  impl.LeaderElection (LeaderElection.java:logAndReturn(56)) - c52c3de9-0ed1-4f2b-ba1d-f317ceeb0ceb@group-20BE3FF63202-LeaderElection136: Election REJECTED; received 2 response(s) [c52c3de9-0ed1-4f2b-ba1d-f317ceeb0ceb<-24274e9f-e41f-4654-9afc-a783ca44e44b#0:FAIL-t147, c52c3de9-0ed1-4f2b-ba1d-f317ceeb0ceb<-988115cd-21c9-4558-b198-f2cedd98ccf3#0:FAIL-t147] and 0 exception(s); c52c3de9-0ed1-4f2b-ba1d-f317ceeb0ceb@group-20BE3FF63202:t147, leader=null, voted=c52c3de9-0ed1-4f2b-ba1d-f317ceeb0ceb, raftlog=c52c3de9-0ed1-4f2b-ba1d-f317ceeb0ceb@group-20BE3FF63202-SegmentedRaftLog:OPENED:c-1,f-1,i0, conf=-1: [24274e9f-e41f-4654-9afc-a783ca44e44b:192.168.69.67:35902, 988115cd-21c9-4558-b198-f2cedd98ccf3:192.168.69.67:44208, c52c3de9-0ed1-4f2b-ba1d-f317ceeb0ceb:192.168.69.67:37615], old=null
2019-10-18 07:14:25,496 [c52c3de9-0ed1-4f2b-ba1d-f317ceeb0ceb@group-20BE3FF63202-LeaderElection136] INFO  impl.RaftServerImpl (RaftServerImpl.java:setRole(184)) - c52c3de9-0ed1-4f2b-ba1d-f317ceeb0ceb@group-20BE3FF63202: changes role from CANDIDATE to FOLLOWER at term 147 for DISCOVERED_A_NEW_TERM
2019-10-18 07:14:25,496 [c52c3de9-0ed1-4f2b-ba1d-f317ceeb0ceb@group-20BE3FF63202-LeaderElection136] INFO  impl.RoleInfo (RoleInfo.java:shutdownLeaderElection(134)) - c52c3de9-0ed1-4f2b-ba1d-f317ceeb0ceb: shutdown LeaderElection
2019-10-18 07:14:25,496 [c52c3de9-0ed1-4f2b-ba1d-f317ceeb0ceb@group-20BE3FF63202-LeaderElection136] INFO  impl.RoleInfo (RoleInfo.java:updateAndGet(143)) - c52c3de9-0ed1-4f2b-ba1d-f317ceeb0ceb: start FollowerState
2019-10-18 07:14:25,671 [Thread-1276] INFO  impl.FollowerState (FollowerState.java:run(108)) - c52c3de9-0ed1-4f2b-ba1d-f317ceeb0ceb@group-20BE3FF63202-FollowerState: change to CANDIDATE, lastRpcTime:174ms, electionTimeout:174ms
2019-10-18 07:14:25,671 [Thread-1276] INFO  impl.RoleInfo (RoleInfo.java:shutdownFollowerState(121)) - c52c3de9-0ed1-4f2b-ba1d-f317ceeb0ceb: shutdown FollowerState
2019-10-18 07:14:25,671 [Thread-1276] INFO  impl.RaftServerImpl (RaftServerImpl.java:setRole(184)) - c52c3de9-0ed1-4f2b-ba1d-f317ceeb0ceb@group-20BE3FF63202: changes role from  FOLLOWER to CANDIDATE at term 147 for changeToCandidate
2019-10-18 07:14:25,672 [Thread-1276] INFO  impl.RoleInfo (RoleInfo.java:updateAndGet(143)) - c52c3de9-0ed1-4f2b-ba1d-f317ceeb0ceb: start LeaderElection
2019-10-18 07:14:25,710 [c52c3de9-0ed1-4f2b-ba1d-f317ceeb0ceb@group-20BE3FF63202-LeaderElection137] INFO  impl.LeaderElection (LeaderElection.java:askForVotes(178)) - c52c3de9-0ed1-4f2b-ba1d-f317ceeb0ceb@group-20BE3FF63202-LeaderElection137: begin an election at term 148 for -1: [24274e9f-e41f-4654-9afc-a783ca44e44b:192.168.69.67:35902, 988115cd-21c9-4558-b198-f2cedd98ccf3:192.168.69.67:44208, c52c3de9-0ed1-4f2b-ba1d-f317ceeb0ceb:192.168.69.67:37615], old=null
2019-10-18 07:14:25,713 [grpc-default-executor-1] INFO  impl.RaftServerImpl (RaftServerImpl.java:setRole(184)) - 988115cd-21c9-4558-b198-f2cedd98ccf3@group-20BE3FF63202: changes role from  FOLLOWER to FOLLOWER at term 148 for recognizeCandidate:c52c3de9-0ed1-4f2b-ba1d-f317ceeb0ceb
2019-10-18 07:14:25,713 [grpc-default-executor-0] INFO  impl.RaftServerImpl (RaftServerImpl.java:setRole(184)) - 24274e9f-e41f-4654-9afc-a783ca44e44b@group-20BE3FF63202: changes role from  FOLLOWER to FOLLOWER at term 148 for recognizeCandidate:c52c3de9-0ed1-4f2b-ba1d-f317ceeb0ceb
2019-10-18 07:14:25,713 [grpc-default-executor-1] INFO  impl.RoleInfo (RoleInfo.java:shutdownFollowerState(121)) - 988115cd-21c9-4558-b198-f2cedd98ccf3: shutdown FollowerState
2019-10-18 07:14:25,713 [grpc-default-executor-0] INFO  impl.RoleInfo (RoleInfo.java:shutdownFollowerState(121)) - 24274e9f-e41f-4654-9afc-a783ca44e44b: shutdown FollowerState
2019-10-18 07:14:25,713 [Thread-1275] INFO  impl.FollowerState (FollowerState.java:run(117)) - 988115cd-21c9-4558-b198-f2cedd98ccf3@group-20BE3FF63202-FollowerState was interrupted: java.lang.InterruptedException: sleep interrupted
2019-10-18 07:14:25,713 [grpc-default-executor-1] INFO  impl.RoleInfo (RoleInfo.java:updateAndGet(143)) - 988115cd-21c9-4558-b198-f2cedd98ccf3: start FollowerState
2019-10-18 07:14:25,713 [Thread-1274] INFO  impl.FollowerState (FollowerState.java:run(117)) - 24274e9f-e41f-4654-9afc-a783ca44e44b@group-20BE3FF63202-FollowerState was interrupted: java.lang.InterruptedException: sleep interrupted
2019-10-18 07:14:25,713 [grpc-default-executor-0] INFO  impl.RoleInfo (RoleInfo.java:updateAndGet(143)) - 24274e9f-e41f-4654-9afc-a783ca44e44b: start FollowerState
2019-10-18 07:14:25,741 [c52c3de9-0ed1-4f2b-ba1d-f317ceeb0ceb@group-20BE3FF63202-LeaderElection137] INFO  impl.LeaderElection (LeaderElection.java:logAndReturn(56)) - c52c3de9-0ed1-4f2b-ba1d-f317ceeb0ceb@group-20BE3FF63202-LeaderElection137: Election REJECTED; received 2 response(s) [c52c3de9-0ed1-4f2b-ba1d-f317ceeb0ceb<-24274e9f-e41f-4654-9afc-a783ca44e44b#0:FAIL-t148, c52c3de9-0ed1-4f2b-ba1d-f317ceeb0ceb<-988115cd-21c9-4558-b198-f2cedd98ccf3#0:FAIL-t148] and 0 exception(s); c52c3de9-0ed1-4f2b-ba1d-f317ceeb0ceb@group-20BE3FF63202:t148, leader=null, voted=c52c3de9-0ed1-4f2b-ba1d-f317ceeb0ceb, raftlog=c52c3de9-0ed1-4f2b-ba1d-f317ceeb0ceb@group-20BE3FF63202-SegmentedRaftLog:OPENED:c-1,f-1,i0, conf=-1: [24274e9f-e41f-4654-9afc-a783ca44e44b:192.168.69.67:35902, 988115cd-21c9-4558-b198-f2cedd98ccf3:192.168.69.67:44208, c52c3de9-0ed1-4f2b-ba1d-f317ceeb0ceb:192.168.69.67:37615], old=null
2019-10-18 07:14:25,741 [c52c3de9-0ed1-4f2b-ba1d-f317ceeb0ceb@group-20BE3FF63202-LeaderElection137] INFO  impl.RaftServerImpl (RaftServerImpl.java:setRole(184)) - c52c3de9-0ed1-4f2b-ba1d-f317ceeb0ceb@group-20BE3FF63202: changes role from CANDIDATE to FOLLOWER at term 148 for DISCOVERED_A_NEW_TERM
2019-10-18 07:14:25,742 [c52c3de9-0ed1-4f2b-ba1d-f317ceeb0ceb@group-20BE3FF63202-LeaderElection137] INFO  impl.RoleInfo (RoleInfo.java:shutdownLeaderElection(134)) - c52c3de9-0ed1-4f2b-ba1d-f317ceeb0ceb: shutdown LeaderElection
2019-10-18 07:14:25,742 [c52c3de9-0ed1-4f2b-ba1d-f317ceeb0ceb@group-20BE3FF63202-LeaderElection137] INFO  impl.RoleInfo (RoleInfo.java:updateAndGet(143)) - c52c3de9-0ed1-4f2b-ba1d-f317ceeb0ceb: start FollowerState
2019-10-18 07:14:25,941 [Thread-1282] INFO  impl.FollowerState (FollowerState.java:run(108)) - c52c3de9-0ed1-4f2b-ba1d-f317ceeb0ceb@group-20BE3FF63202-FollowerState: change to CANDIDATE, lastRpcTime:199ms, electionTimeout:199ms
2019-10-18 07:14:25,941 [Thread-1282] INFO  impl.RoleInfo (RoleInfo.java:shutdownFollowerState(121)) - c52c3de9-0ed1-4f2b-ba1d-f317ceeb0ceb: shutdown FollowerState
2019-10-18 07:14:25,941 [Thread-1282] INFO  impl.RaftServerImpl (RaftServerImpl.java:setRole(184)) - c52c3de9-0ed1-4f2b-ba1d-f317ceeb0ceb@group-20BE3FF63202: changes role from  FOLLOWER to CANDIDATE at term 148 for changeToCandidate
2019-10-18 07:14:25,942 [Thread-1282] INFO  impl.RoleInfo (RoleInfo.java:updateAndGet(143)) - c52c3de9-0ed1-4f2b-ba1d-f317ceeb0ceb: start LeaderElection
2019-10-18 07:14:26,019 [c52c3de9-0ed1-4f2b-ba1d-f317ceeb0ceb@group-20BE3FF63202-LeaderElection138] INFO  impl.LeaderElection (LeaderElection.java:askForVotes(178)) - c52c3de9-0ed1-4f2b-ba1d-f317ceeb0ceb@group-20BE3FF63202-LeaderElection138: begin an election at term 149 for -1: [24274e9f-e41f-4654-9afc-a783ca44e44b:192.168.69.67:35902, 988115cd-21c9-4558-b198-f2cedd98ccf3:192.168.69.67:44208, c52c3de9-0ed1-4f2b-ba1d-f317ceeb0ceb:192.168.69.67:37615], old=null
2019-10-18 07:14:26,023 [grpc-default-executor-0] INFO  impl.RaftServerImpl (RaftServerImpl.java:setRole(184)) - 24274e9f-e41f-4654-9afc-a783ca44e44b@group-20BE3FF63202: changes role from  FOLLOWER to FOLLOWER at term 149 for recognizeCandidate:c52c3de9-0ed1-4f2b-ba1d-f317ceeb0ceb
2019-10-18 07:14:26,023 [grpc-default-executor-0] INFO  impl.RoleInfo (RoleInfo.java:shutdownFollowerState(121)) - 24274e9f-e41f-4654-9afc-a783ca44e44b: shutdown FollowerState
2019-10-18 07:14:26,023 [grpc-default-executor-1] INFO  impl.RaftServerImpl (RaftServerImpl.java:setRole(184)) - 988115cd-21c9-4558-b198-f2cedd98ccf3@group-20BE3FF63202: changes role from  FOLLOWER to FOLLOWER at term 149 for recognizeCandidate:c52c3de9-0ed1-4f2b-ba1d-f317ceeb0ceb
2019-10-18 07:14:26,023 [Thread-1281] INFO  impl.FollowerState (FollowerState.java:run(117)) - 24274e9f-e41f-4654-9afc-a783ca44e44b@group-20BE3FF63202-FollowerState was interrupted: java.lang.InterruptedException: sleep interrupted
2019-10-18 07:14:26,023 [grpc-default-executor-0] INFO  impl.RoleInfo (RoleInfo.java:updateAndGet(143)) - 24274e9f-e41f-4654-9afc-a783ca44e44b: start FollowerState
2019-10-18 07:14:26,023 [grpc-default-executor-1] INFO  impl.RoleInfo (RoleInfo.java:shutdownFollowerState(121)) - 988115cd-21c9-4558-b198-f2cedd98ccf3: shutdown FollowerState
2019-10-18 07:14:26,024 [grpc-default-executor-1] INFO  impl.RoleInfo (RoleInfo.java:updateAndGet(143)) - 988115cd-21c9-4558-b198-f2cedd98ccf3: start FollowerState
2019-10-18 07:14:26,024 [Thread-1280] INFO  impl.FollowerState (FollowerState.java:run(117)) - 988115cd-21c9-4558-b198-f2cedd98ccf3@group-20BE3FF63202-FollowerState was interrupted: java.lang.InterruptedException: sleep interrupted
2019-10-18 07:14:26,037 [c52c3de9-0ed1-4f2b-ba1d-f317ceeb0ceb@group-20BE3FF63202-LeaderElection138] INFO  impl.LeaderElection (LeaderElection.java:logAndReturn(56)) - c52c3de9-0ed1-4f2b-ba1d-f317ceeb0ceb@group-20BE3FF63202-LeaderElection138: Election TIMEOUT; received 0 response(s) [] and 0 exception(s); c52c3de9-0ed1-4f2b-ba1d-f317ceeb0ceb@group-20BE3FF63202:t149, leader=null, voted=c52c3de9-0ed1-4f2b-ba1d-f317ceeb0ceb, raftlog=c52c3de9-0ed1-4f2b-ba1d-f317ceeb0ceb@group-20BE3FF63202-SegmentedRaftLog:OPENED:c-1,f-1,i0, conf=-1: [24274e9f-e41f-4654-9afc-a783ca44e44b:192.168.69.67:35902, 988115cd-21c9-4558-b198-f2cedd98ccf3:192.168.69.67:44208, c52c3de9-0ed1-4f2b-ba1d-f317ceeb0ceb:192.168.69.67:37615], old=null
2019-10-18 07:14:26,057 [c52c3de9-0ed1-4f2b-ba1d-f317ceeb0ceb@group-20BE3FF63202-LeaderElection138] INFO  impl.LeaderElection (LeaderElection.java:askForVotes(178)) - c52c3de9-0ed1-4f2b-ba1d-f317ceeb0ceb@group-20BE3FF63202-LeaderElection138: begin an election at term 150 for -1: [24274e9f-e41f-4654-9afc-a783ca44e44b:192.168.69.67:35902, 988115cd-21c9-4558-b198-f2cedd98ccf3:192.168.69.67:44208, c52c3de9-0ed1-4f2b-ba1d-f317ceeb0ceb:192.168.69.67:37615], old=null
2019-10-18 07:14:26,061 [grpc-default-executor-1] INFO  impl.RaftServerImpl (RaftServerImpl.java:setRole(184)) - 988115cd-21c9-4558-b198-f2cedd98ccf3@group-20BE3FF63202: changes role from  FOLLOWER to FOLLOWER at term 150 for recognizeCandidate:c52c3de9-0ed1-4f2b-ba1d-f317ceeb0ceb
2019-10-18 07:14:26,061 [grpc-default-executor-1] INFO  impl.RoleInfo (RoleInfo.java:shutdownFollowerState(121)) - 988115cd-21c9-4558-b198-f2cedd98ccf3: shutdown FollowerState
2019-10-18 07:14:26,061 [grpc-default-executor-0] INFO  impl.RaftServerImpl (RaftServerImpl.java:setRole(184)) - 24274e9f-e41f-4654-9afc-a783ca44e44b@group-20BE3FF63202: changes role from  FOLLOWER to FOLLOWER at term 150 for recognizeCandidate:c52c3de9-0ed1-4f2b-ba1d-f317ceeb0ceb
2019-10-18 07:14:26,061 [Thread-1287] INFO  impl.FollowerState (FollowerState.java:run(117)) - 988115cd-21c9-4558-b198-f2cedd98ccf3@group-20BE3FF63202-FollowerState was interrupted: java.lang.InterruptedException: sleep interrupted
2019-10-18 07:14:26,061 [grpc-default-executor-1] INFO  impl.RoleInfo (RoleInfo.java:updateAndGet(143)) - 988115cd-21c9-4558-b198-f2cedd98ccf3: start FollowerState
2019-10-18 07:14:26,061 [grpc-default-executor-0] INFO  impl.RoleInfo (RoleInfo.java:shutdownFollowerState(121)) - 24274e9f-e41f-4654-9afc-a783ca44e44b: shutdown FollowerState
2019-10-18 07:14:26,062 [grpc-default-executor-0] INFO  impl.RoleInfo (RoleInfo.java:updateAndGet(143)) - 24274e9f-e41f-4654-9afc-a783ca44e44b: start FollowerState
2019-10-18 07:14:26,062 [Thread-1286] INFO  impl.FollowerState (FollowerState.java:run(117)) - 24274e9f-e41f-4654-9afc-a783ca44e44b@group-20BE3FF63202-FollowerState was interrupted: java.lang.InterruptedException: sleep interrupted
2019-10-18 07:14:26,067 [c52c3de9-0ed1-4f2b-ba1d-f317ceeb0ceb@group-20BE3FF63202-LeaderElection138] INFO  impl.LeaderElection (LeaderElection.java:logAndReturn(56)) - c52c3de9-0ed1-4f2b-ba1d-f317ceeb0ceb@group-20BE3FF63202-LeaderElection138: Election TIMEOUT; received 0 response(s) [] and 0 exception(s); c52c3de9-0ed1-4f2b-ba1d-f317ceeb0ceb@group-20BE3FF63202:t150, leader=null, voted=c52c3de9-0ed1-4f2b-ba1d-f317ceeb0ceb, raftlog=c52c3de9-0ed1-4f2b-ba1d-f317ceeb0ceb@group-20BE3FF63202-SegmentedRaftLog:OPENED:c-1,f-1,i0, conf=-1: [24274e9f-e41f-4654-9afc-a783ca44e44b:192.168.69.67:35902, 988115cd-21c9-4558-b198-f2cedd98ccf3:192.168.69.67:44208, c52c3de9-0ed1-4f2b-ba1d-f317ceeb0ceb:192.168.69.67:37615], old=null
2019-10-18 07:14:26,092 [c52c3de9-0ed1-4f2b-ba1d-f317ceeb0ceb@group-20BE3FF63202-LeaderElection138] INFO  impl.LeaderElection (LeaderElection.java:askForVotes(178)) - c52c3de9-0ed1-4f2b-ba1d-f317ceeb0ceb@group-20BE3FF63202-LeaderElection138: begin an election at term 151 for -1: [24274e9f-e41f-4654-9afc-a783ca44e44b:192.168.69.67:35902, 988115cd-21c9-4558-b198-f2cedd98ccf3:192.168.69.67:44208, c52c3de9-0ed1-4f2b-ba1d-f317ceeb0ceb:192.168.69.67:37615], old=null
2019-10-18 07:14:26,094 [grpc-default-executor-1] INFO  impl.RaftServerImpl (RaftServerImpl.java:setRole(184)) - 24274e9f-e41f-4654-9afc-a783ca44e44b@group-20BE3FF63202: changes role from  FOLLOWER to FOLLOWER at term 151 for recognizeCandidate:c52c3de9-0ed1-4f2b-ba1d-f317ceeb0ceb
2019-10-18 07:14:26,094 [grpc-default-executor-0] INFO  impl.RaftServerImpl (RaftServerImpl.java:setRole(184)) - 988115cd-21c9-4558-b198-f2cedd98ccf3@group-20BE3FF63202: changes role from  FOLLOWER to FOLLOWER at term 151 for recognizeCandidate:c52c3de9-0ed1-4f2b-ba1d-f317ceeb0ceb
2019-10-18 07:14:26,095 [grpc-default-executor-1] INFO  impl.RoleInfo (RoleInfo.java:shutdownFollowerState(121)) - 24274e9f-e41f-4654-9afc-a783ca44e44b: shutdown FollowerState
2019-10-18 07:14:26,095 [grpc-default-executor-0] INFO  impl.RoleInfo (RoleInfo.java:shutdownFollowerState(121)) - 988115cd-21c9-4558-b198-f2cedd98ccf3: shutdown FollowerState
2019-10-18 07:14:26,095 [Thread-1291] INFO  impl.FollowerState (FollowerState.java:run(117)) - 24274e9f-e41f-4654-9afc-a783ca44e44b@group-20BE3FF63202-FollowerState was interrupted: java.lang.InterruptedException: sleep interrupted
2019-10-18 07:14:26,095 [grpc-default-executor-1] INFO  impl.RoleInfo (RoleInfo.java:updateAndGet(143)) - 24274e9f-e41f-4654-9afc-a783ca44e44b: start FollowerState
2019-10-18 07:14:26,095 [Thread-1290] INFO  impl.FollowerState (FollowerState.java:run(117)) - 988115cd-21c9-4558-b198-f2cedd98ccf3@group-20BE3FF63202-FollowerState was interrupted: java.lang.InterruptedException: sleep interrupted
2019-10-18 07:14:26,095 [grpc-default-executor-0] INFO  impl.RoleInfo (RoleInfo.java:updateAndGet(143)) - 988115cd-21c9-4558-b198-f2cedd98ccf3: start FollowerState
2019-10-18 07:14:26,128 [c52c3de9-0ed1-4f2b-ba1d-f317ceeb0ceb@group-20BE3FF63202-LeaderElection138] INFO  impl.LeaderElection (LeaderElection.java:logAndReturn(56)) - c52c3de9-0ed1-4f2b-ba1d-f317ceeb0ceb@group-20BE3FF63202-LeaderElection138: Election REJECTED; received 2 response(s) [c52c3de9-0ed1-4f2b-ba1d-f317ceeb0ceb<-24274e9f-e41f-4654-9afc-a783ca44e44b#0:FAIL-t151, c52c3de9-0ed1-4f2b-ba1d-f317ceeb0ceb<-988115cd-21c9-4558-b198-f2cedd98ccf3#0:FAIL-t151] and 0 exception(s); c52c3de9-0ed1-4f2b-ba1d-f317ceeb0ceb@group-20BE3FF63202:t151, leader=null, voted=c52c3de9-0ed1-4f2b-ba1d-f317ceeb0ceb, raftlog=c52c3de9-0ed1-4f2b-ba1d-f317ceeb0ceb@group-20BE3FF63202-SegmentedRaftLog:OPENED:c-1,f-1,i0, conf=-1: [24274e9f-e41f-4654-9afc-a783ca44e44b:192.168.69.67:35902, 988115cd-21c9-4558-b198-f2cedd98ccf3:192.168.69.67:44208, c52c3de9-0ed1-4f2b-ba1d-f317ceeb0ceb:192.168.69.67:37615], old=null
2019-10-18 07:14:26,128 [c52c3de9-0ed1-4f2b-ba1d-f317ceeb0ceb@group-20BE3FF63202-LeaderElection138] INFO  impl.RaftServerImpl (RaftServerImpl.java:setRole(184)) - c52c3de9-0ed1-4f2b-ba1d-f317ceeb0ceb@group-20BE3FF63202: changes role from CANDIDATE to FOLLOWER at term 151 for DISCOVERED_A_NEW_TERM
2019-10-18 07:14:26,128 [c52c3de9-0ed1-4f2b-ba1d-f317ceeb0ceb@group-20BE3FF63202-LeaderElection138] INFO  impl.RoleInfo (RoleInfo.java:shutdownLeaderElection(134)) - c52c3de9-0ed1-4f2b-ba1d-f317ceeb0ceb: shutdown LeaderElection
2019-10-18 07:14:26,128 [c52c3de9-0ed1-4f2b-ba1d-f317ceeb0ceb@group-20BE3FF63202-LeaderElection138] INFO  impl.RoleInfo (RoleInfo.java:updateAndGet(143)) - c52c3de9-0ed1-4f2b-ba1d-f317ceeb0ceb: start FollowerState
2019-10-18 07:14:26,214 [Thread-1296] INFO  impl.FollowerState (FollowerState.java:run(108)) - c52c3de9-0ed1-4f2b-ba1d-f317ceeb0ceb@group-20BE3FF63202-FollowerState: change to CANDIDATE, lastRpcTime:85ms, electionTimeout:85ms
2019-10-18 07:14:26,214 [Thread-1296] INFO  impl.RoleInfo (RoleInfo.java:shutdownFollowerState(121)) - c52c3de9-0ed1-4f2b-ba1d-f317ceeb0ceb: shutdown FollowerState
2019-10-18 07:14:26,214 [Thread-1296] INFO  impl.RaftServerImpl (RaftServerImpl.java:setRole(184)) - c52c3de9-0ed1-4f2b-ba1d-f317ceeb0ceb@group-20BE3FF63202: changes role from  FOLLOWER to CANDIDATE at term 151 for changeToCandidate
2019-10-18 07:14:26,214 [Thread-1296] INFO  impl.RoleInfo (RoleInfo.java:updateAndGet(143)) - c52c3de9-0ed1-4f2b-ba1d-f317ceeb0ceb: start LeaderElection
2019-10-18 07:14:26,259 [c52c3de9-0ed1-4f2b-ba1d-f317ceeb0ceb@group-20BE3FF63202-LeaderElection139] INFO  impl.LeaderElection (LeaderElection.java:askForVotes(178)) - c52c3de9-0ed1-4f2b-ba1d-f317ceeb0ceb@group-20BE3FF63202-LeaderElection139: begin an election at term 152 for -1: [24274e9f-e41f-4654-9afc-a783ca44e44b:192.168.69.67:35902, 988115cd-21c9-4558-b198-f2cedd98ccf3:192.168.69.67:44208, c52c3de9-0ed1-4f2b-ba1d-f317ceeb0ceb:192.168.69.67:37615], old=null
2019-10-18 07:14:26,262 [grpc-default-executor-1] INFO  impl.RaftServerImpl (RaftServerImpl.java:setRole(184)) - 24274e9f-e41f-4654-9afc-a783ca44e44b@group-20BE3FF63202: changes role from  FOLLOWER to FOLLOWER at term 152 for recognizeCandidate:c52c3de9-0ed1-4f2b-ba1d-f317ceeb0ceb
2019-10-18 07:14:26,263 [grpc-default-executor-0] INFO  impl.RaftServerImpl (RaftServerImpl.java:setRole(184)) - 988115cd-21c9-4558-b198-f2cedd98ccf3@group-20BE3FF63202: changes role from  FOLLOWER to FOLLOWER at term 152 for recognizeCandidate:c52c3de9-0ed1-4f2b-ba1d-f317ceeb0ceb
2019-10-18 07:14:26,263 [grpc-default-executor-1] INFO  impl.RoleInfo (RoleInfo.java:shutdownFollowerState(121)) - 24274e9f-e41f-4654-9afc-a783ca44e44b: shutdown FollowerState
2019-10-18 07:14:26,263 [grpc-default-executor-0] INFO  impl.RoleInfo (RoleInfo.java:shutdownFollowerState(121)) - 988115cd-21c9-4558-b198-f2cedd98ccf3: shutdown FollowerState
2019-10-18 07:14:26,263 [Thread-1294] INFO  impl.FollowerState (FollowerState.java:run(117)) - 24274e9f-e41f-4654-9afc-a783ca44e44b@group-20BE3FF63202-FollowerState was interrupted: java.lang.InterruptedException: sleep interrupted
2019-10-18 07:14:26,263 [grpc-default-executor-1] INFO  impl.RoleInfo (RoleInfo.java:updateAndGet(143)) - 24274e9f-e41f-4654-9afc-a783ca44e44b: start FollowerState
2019-10-18 07:14:26,263 [Thread-1295] INFO  impl.FollowerState (FollowerState.java:run(117)) - 988115cd-21c9-4558-b198-f2cedd98ccf3@group-20BE3FF63202-FollowerState was interrupted: java.lang.InterruptedException: sleep interrupted
2019-10-18 07:14:26,263 [grpc-default-executor-0] INFO  impl.RoleInfo (RoleInfo.java:updateAndGet(143)) - 988115cd-21c9-4558-b198-f2cedd98ccf3: start FollowerState
2019-10-18 07:14:26,269 [c52c3de9-0ed1-4f2b-ba1d-f317ceeb0ceb@group-20BE3FF63202-LeaderElection139] INFO  impl.LeaderElection (LeaderElection.java:logAndReturn(56)) - c52c3de9-0ed1-4f2b-ba1d-f317ceeb0ceb@group-20BE3FF63202-LeaderElection139: Election TIMEOUT; received 0 response(s) [] and 0 exception(s); c52c3de9-0ed1-4f2b-ba1d-f317ceeb0ceb@group-20BE3FF63202:t152, leader=null, voted=c52c3de9-0ed1-4f2b-ba1d-f317ceeb0ceb, raftlog=c52c3de9-0ed1-4f2b-ba1d-f317ceeb0ceb@group-20BE3FF63202-SegmentedRaftLog:OPENED:c-1,f-1,i0, conf=-1: [24274e9f-e41f-4654-9afc-a783ca44e44b:192.168.69.67:35902, 988115cd-21c9-4558-b198-f2cedd98ccf3:192.168.69.67:44208, c52c3de9-0ed1-4f2b-ba1d-f317ceeb0ceb:192.168.69.67:37615], old=null
2019-10-18 07:14:26,274 [c52c3de9-0ed1-4f2b-ba1d-f317ceeb0ceb@group-20BE3FF63202-LeaderElection139] INFO  impl.LeaderElection (LeaderElection.java:askForVotes(178)) - c52c3de9-0ed1-4f2b-ba1d-f317ceeb0ceb@group-20BE3FF63202-LeaderElection139: begin an election at term 153 for -1: [24274e9f-e41f-4654-9afc-a783ca44e44b:192.168.69.67:35902, 988115cd-21c9-4558-b198-f2cedd98ccf3:192.168.69.67:44208, c52c3de9-0ed1-4f2b-ba1d-f317ceeb0ceb:192.168.69.67:37615], old=null
2019-10-18 07:14:26,276 [grpc-default-executor-0] INFO  impl.RaftServerImpl (RaftServerImpl.java:setRole(184)) - 24274e9f-e41f-4654-9afc-a783ca44e44b@group-20BE3FF63202: changes role from  FOLLOWER to FOLLOWER at term 153 for recognizeCandidate:c52c3de9-0ed1-4f2b-ba1d-f317ceeb0ceb
2019-10-18 07:14:26,276 [grpc-default-executor-0] INFO  impl.RoleInfo (RoleInfo.java:shutdownFollowerState(121)) - 24274e9f-e41f-4654-9afc-a783ca44e44b: shutdown FollowerState
2019-10-18 07:14:26,276 [grpc-default-executor-0] INFO  impl.RoleInfo (RoleInfo.java:updateAndGet(143)) - 24274e9f-e41f-4654-9afc-a783ca44e44b: start FollowerState
2019-10-18 07:14:26,276 [Thread-1300] INFO  impl.FollowerState (FollowerState.java:run(117)) - 24274e9f-e41f-4654-9afc-a783ca44e44b@group-20BE3FF63202-FollowerState was interrupted: java.lang.InterruptedException: sleep interrupted
2019-10-18 07:14:26,276 [grpc-default-executor-1] INFO  impl.RaftServerImpl (RaftServerImpl.java:setRole(184)) - 988115cd-21c9-4558-b198-f2cedd98ccf3@group-20BE3FF63202: changes role from  FOLLOWER to FOLLOWER at term 153 for recognizeCandidate:c52c3de9-0ed1-4f2b-ba1d-f317ceeb0ceb
2019-10-18 07:14:26,277 [grpc-default-executor-1] INFO  impl.RoleInfo (RoleInfo.java:shutdownFollowerState(121)) - 988115cd-21c9-4558-b198-f2cedd98ccf3: shutdown FollowerState
2019-10-18 07:14:26,277 [grpc-default-executor-1] INFO  impl.RoleInfo (RoleInfo.java:updateAndGet(143)) - 988115cd-21c9-4558-b198-f2cedd98ccf3: start FollowerState
2019-10-18 07:14:26,277 [Thread-1301] INFO  impl.FollowerState (FollowerState.java:run(117)) - 988115cd-21c9-4558-b198-f2cedd98ccf3@group-20BE3FF63202-FollowerState was interrupted: java.lang.InterruptedException: sleep interrupted
2019-10-18 07:14:26,305 [c52c3de9-0ed1-4f2b-ba1d-f317ceeb0ceb@group-20BE3FF63202-LeaderElection139] INFO  impl.LeaderElection (LeaderElection.java:logAndReturn(56)) - c52c3de9-0ed1-4f2b-ba1d-f317ceeb0ceb@group-20BE3FF63202-LeaderElection139: Election REJECTED; received 2 response(s) [c52c3de9-0ed1-4f2b-ba1d-f317ceeb0ceb<-24274e9f-e41f-4654-9afc-a783ca44e44b#0:FAIL-t153, c52c3de9-0ed1-4f2b-ba1d-f317ceeb0ceb<-988115cd-21c9-4558-b198-f2cedd98ccf3#0:FAIL-t153] and 0 exception(s); c52c3de9-0ed1-4f2b-ba1d-f317ceeb0ceb@group-20BE3FF63202:t153, leader=null, voted=c52c3de9-0ed1-4f2b-ba1d-f317ceeb0ceb, raftlog=c52c3de9-0ed1-4f2b-ba1d-f317ceeb0ceb@group-20BE3FF63202-SegmentedRaftLog:OPENED:c-1,f-1,i0, conf=-1: [24274e9f-e41f-4654-9afc-a783ca44e44b:192.168.69.67:35902, 988115cd-21c9-4558-b198-f2cedd98ccf3:192.168.69.67:44208, c52c3de9-0ed1-4f2b-ba1d-f317ceeb0ceb:192.168.69.67:37615], old=null
2019-10-18 07:14:26,306 [c52c3de9-0ed1-4f2b-ba1d-f317ceeb0ceb@group-20BE3FF63202-LeaderElection139] INFO  impl.RaftServerImpl (RaftServerImpl.java:setRole(184)) - c52c3de9-0ed1-4f2b-ba1d-f317ceeb0ceb@group-20BE3FF63202: changes role from CANDIDATE to FOLLOWER at term 153 for DISCOVERED_A_NEW_TERM
2019-10-18 07:14:26,306 [c52c3de9-0ed1-4f2b-ba1d-f317ceeb0ceb@group-20BE3FF63202-LeaderElection139] INFO  impl.RoleInfo (RoleInfo.java:shutdownLeaderElection(134)) - c52c3de9-0ed1-4f2b-ba1d-f317ceeb0ceb: shutdown LeaderElection
2019-10-18 07:14:26,306 [c52c3de9-0ed1-4f2b-ba1d-f317ceeb0ceb@group-20BE3FF63202-LeaderElection139] INFO  impl.RoleInfo (RoleInfo.java:updateAndGet(143)) - c52c3de9-0ed1-4f2b-ba1d-f317ceeb0ceb: start FollowerState
2019-10-18 07:14:26,435 [Thread-1306] INFO  impl.FollowerState (FollowerState.java:run(108)) - c52c3de9-0ed1-4f2b-ba1d-f317ceeb0ceb@group-20BE3FF63202-FollowerState: change to CANDIDATE, lastRpcTime:128ms, electionTimeout:128ms
2019-10-18 07:14:26,435 [Thread-1306] INFO  impl.RoleInfo (RoleInfo.java:shutdownFollowerState(121)) - c52c3de9-0ed1-4f2b-ba1d-f317ceeb0ceb: shutdown FollowerState
2019-10-18 07:14:26,435 [Thread-1306] INFO  impl.RaftServerImpl (RaftServerImpl.java:setRole(184)) - c52c3de9-0ed1-4f2b-ba1d-f317ceeb0ceb@group-20BE3FF63202: changes role from  FOLLOWER to CANDIDATE at term 153 for changeToCandidate
2019-10-18 07:14:26,435 [Thread-1306] INFO  impl.RoleInfo (RoleInfo.java:updateAndGet(143)) - c52c3de9-0ed1-4f2b-ba1d-f317ceeb0ceb: start LeaderElection
2019-10-18 07:14:26,473 [main] INFO  ozone.MiniOzoneClusterImpl (MiniOzoneClusterImpl.java:lambda$waitForClusterToBeReady$2(164)) - Waiting for 1 number of pipelines out of 9, to report a leader.
2019-10-18 07:14:26,508 [c52c3de9-0ed1-4f2b-ba1d-f317ceeb0ceb@group-20BE3FF63202-LeaderElection140] INFO  impl.LeaderElection (LeaderElection.java:askForVotes(178)) - c52c3de9-0ed1-4f2b-ba1d-f317ceeb0ceb@group-20BE3FF63202-LeaderElection140: begin an election at term 154 for -1: [24274e9f-e41f-4654-9afc-a783ca44e44b:192.168.69.67:35902, 988115cd-21c9-4558-b198-f2cedd98ccf3:192.168.69.67:44208, c52c3de9-0ed1-4f2b-ba1d-f317ceeb0ceb:192.168.69.67:37615], old=null
2019-10-18 07:14:26,512 [grpc-default-executor-1] INFO  impl.RaftServerImpl (RaftServerImpl.java:setRole(184)) - 24274e9f-e41f-4654-9afc-a783ca44e44b@group-20BE3FF63202: changes role from  FOLLOWER to FOLLOWER at term 154 for recognizeCandidate:c52c3de9-0ed1-4f2b-ba1d-f317ceeb0ceb
2019-10-18 07:14:26,513 [grpc-default-executor-0] INFO  impl.RaftServerImpl (RaftServerImpl.java:setRole(184)) - 988115cd-21c9-4558-b198-f2cedd98ccf3@group-20BE3FF63202: changes role from  FOLLOWER to FOLLOWER at term 154 for recognizeCandidate:c52c3de9-0ed1-4f2b-ba1d-f317ceeb0ceb
2019-10-18 07:14:26,513 [grpc-default-executor-1] INFO  impl.RoleInfo (RoleInfo.java:shutdownFollowerState(121)) - 24274e9f-e41f-4654-9afc-a783ca44e44b: shutdown FollowerState
2019-10-18 07:14:26,513 [grpc-default-executor-0] INFO  impl.RoleInfo (RoleInfo.java:shutdownFollowerState(121)) - 988115cd-21c9-4558-b198-f2cedd98ccf3: shutdown FollowerState
2019-10-18 07:14:26,513 [Thread-1304] INFO  impl.FollowerState (FollowerState.java:run(117)) - 24274e9f-e41f-4654-9afc-a783ca44e44b@group-20BE3FF63202-FollowerState was interrupted: java.lang.InterruptedException: sleep interrupted
2019-10-18 07:14:26,513 [grpc-default-executor-1] INFO  impl.RoleInfo (RoleInfo.java:updateAndGet(143)) - 24274e9f-e41f-4654-9afc-a783ca44e44b: start FollowerState
2019-10-18 07:14:26,513 [Thread-1305] INFO  impl.FollowerState (FollowerState.java:run(117)) - 988115cd-21c9-4558-b198-f2cedd98ccf3@group-20BE3FF63202-FollowerState was interrupted: java.lang.InterruptedException: sleep interrupted
2019-10-18 07:14:26,513 [grpc-default-executor-0] INFO  impl.RoleInfo (RoleInfo.java:updateAndGet(143)) - 988115cd-21c9-4558-b198-f2cedd98ccf3: start FollowerState
2019-10-18 07:14:26,558 [c52c3de9-0ed1-4f2b-ba1d-f317ceeb0ceb@group-20BE3FF63202-LeaderElection140] INFO  impl.LeaderElection (LeaderElection.java:logAndReturn(56)) - c52c3de9-0ed1-4f2b-ba1d-f317ceeb0ceb@group-20BE3FF63202-LeaderElection140: Election REJECTED; received 2 response(s) [c52c3de9-0ed1-4f2b-ba1d-f317ceeb0ceb<-24274e9f-e41f-4654-9afc-a783ca44e44b#0:FAIL-t154, c52c3de9-0ed1-4f2b-ba1d-f317ceeb0ceb<-988115cd-21c9-4558-b198-f2cedd98ccf3#0:FAIL-t154] and 0 exception(s); c52c3de9-0ed1-4f2b-ba1d-f317ceeb0ceb@group-20BE3FF63202:t154, leader=null, voted=c52c3de9-0ed1-4f2b-ba1d-f317ceeb0ceb, raftlog=c52c3de9-0ed1-4f2b-ba1d-f317ceeb0ceb@group-20BE3FF63202-SegmentedRaftLog:OPENED:c-1,f-1,i0, conf=-1: [24274e9f-e41f-4654-9afc-a783ca44e44b:192.168.69.67:35902, 988115cd-21c9-4558-b198-f2cedd98ccf3:192.168.69.67:44208, c52c3de9-0ed1-4f2b-ba1d-f317ceeb0ceb:192.168.69.67:37615], old=null
2019-10-18 07:14:26,558 [c52c3de9-0ed1-4f2b-ba1d-f317ceeb0ceb@group-20BE3FF63202-LeaderElection140] INFO  impl.RaftServerImpl (RaftServerImpl.java:setRole(184)) - c52c3de9-0ed1-4f2b-ba1d-f317ceeb0ceb@group-20BE3FF63202: changes role from CANDIDATE to FOLLOWER at term 154 for DISCOVERED_A_NEW_TERM
2019-10-18 07:14:26,558 [c52c3de9-0ed1-4f2b-ba1d-f317ceeb0ceb@group-20BE3FF63202-LeaderElection140] INFO  impl.RoleInfo (RoleInfo.java:shutdownLeaderElection(134)) - c52c3de9-0ed1-4f2b-ba1d-f317ceeb0ceb: shutdown LeaderElection
2019-10-18 07:14:26,558 [c52c3de9-0ed1-4f2b-ba1d-f317ceeb0ceb@group-20BE3FF63202-LeaderElection140] INFO  impl.RoleInfo (RoleInfo.java:updateAndGet(143)) - c52c3de9-0ed1-4f2b-ba1d-f317ceeb0ceb: start FollowerState
2019-10-18 07:14:26,726 [Thread-1312] INFO  impl.FollowerState (FollowerState.java:run(108)) - c52c3de9-0ed1-4f2b-ba1d-f317ceeb0ceb@group-20BE3FF63202-FollowerState: change to CANDIDATE, lastRpcTime:167ms, electionTimeout:167ms
2019-10-18 07:14:26,726 [Thread-1312] INFO  impl.RoleInfo (RoleInfo.java:shutdownFollowerState(121)) - c52c3de9-0ed1-4f2b-ba1d-f317ceeb0ceb: shutdown FollowerState
2019-10-18 07:14:26,726 [Thread-1312] INFO  impl.RaftServerImpl (RaftServerImpl.java:setRole(184)) - c52c3de9-0ed1-4f2b-ba1d-f317ceeb0ceb@group-20BE3FF63202: changes role from  FOLLOWER to CANDIDATE at term 154 for changeToCandidate
2019-10-18 07:14:26,726 [Thread-1312] INFO  impl.RoleInfo (RoleInfo.java:updateAndGet(143)) - c52c3de9-0ed1-4f2b-ba1d-f317ceeb0ceb: start LeaderElection
2019-10-18 07:14:26,782 [c52c3de9-0ed1-4f2b-ba1d-f317ceeb0ceb@group-20BE3FF63202-LeaderElection141] INFO  impl.LeaderElection (LeaderElection.java:askForVotes(178)) - c52c3de9-0ed1-4f2b-ba1d-f317ceeb0ceb@group-20BE3FF63202-LeaderElection141: begin an election at term 155 for -1: [24274e9f-e41f-4654-9afc-a783ca44e44b:192.168.69.67:35902, 988115cd-21c9-4558-b198-f2cedd98ccf3:192.168.69.67:44208, c52c3de9-0ed1-4f2b-ba1d-f317ceeb0ceb:192.168.69.67:37615], old=null
2019-10-18 07:14:26,786 [grpc-default-executor-1] INFO  impl.RaftServerImpl (RaftServerImpl.java:setRole(184)) - 24274e9f-e41f-4654-9afc-a783ca44e44b@group-20BE3FF63202: changes role from  FOLLOWER to FOLLOWER at term 155 for recognizeCandidate:c52c3de9-0ed1-4f2b-ba1d-f317ceeb0ceb
2019-10-18 07:14:26,786 [grpc-default-executor-1] INFO  impl.RoleInfo (RoleInfo.java:shutdownFollowerState(121)) - 24274e9f-e41f-4654-9afc-a783ca44e44b: shutdown FollowerState
2019-10-18 07:14:26,786 [grpc-default-executor-0] INFO  impl.RaftServerImpl (RaftServerImpl.java:setRole(184)) - 988115cd-21c9-4558-b198-f2cedd98ccf3@group-20BE3FF63202: changes role from  FOLLOWER to FOLLOWER at term 155 for recognizeCandidate:c52c3de9-0ed1-4f2b-ba1d-f317ceeb0ceb
2019-10-18 07:14:26,786 [Thread-1310] INFO  impl.FollowerState (FollowerState.java:run(117)) - 24274e9f-e41f-4654-9afc-a783ca44e44b@group-20BE3FF63202-FollowerState was interrupted: java.lang.InterruptedException: sleep interrupted
2019-10-18 07:14:26,786 [grpc-default-executor-1] INFO  impl.RoleInfo (RoleInfo.java:updateAndGet(143)) - 24274e9f-e41f-4654-9afc-a783ca44e44b: start FollowerState
2019-10-18 07:14:26,786 [grpc-default-executor-0] INFO  impl.RoleInfo (RoleInfo.java:shutdownFollowerState(121)) - 988115cd-21c9-4558-b198-f2cedd98ccf3: shutdown FollowerState
2019-10-18 07:14:26,787 [grpc-default-executor-0] INFO  impl.RoleInfo (RoleInfo.java:updateAndGet(143)) - 988115cd-21c9-4558-b198-f2cedd98ccf3: start FollowerState
2019-10-18 07:14:26,787 [Thread-1311] INFO  impl.FollowerState (FollowerState.java:run(117)) - 988115cd-21c9-4558-b198-f2cedd98ccf3@group-20BE3FF63202-FollowerState was interrupted: java.lang.InterruptedException: sleep interrupted
2019-10-18 07:14:26,816 [c52c3de9-0ed1-4f2b-ba1d-f317ceeb0ceb@group-20BE3FF63202-LeaderElection141] INFO  impl.LeaderElection (LeaderElection.java:logAndReturn(56)) - c52c3de9-0ed1-4f2b-ba1d-f317ceeb0ceb@group-20BE3FF63202-LeaderElection141: Election REJECTED; received 2 response(s) [c52c3de9-0ed1-4f2b-ba1d-f317ceeb0ceb<-24274e9f-e41f-4654-9afc-a783ca44e44b#0:FAIL-t155, c52c3de9-0ed1-4f2b-ba1d-f317ceeb0ceb<-988115cd-21c9-4558-b198-f2cedd98ccf3#0:FAIL-t155] and 0 exception(s); c52c3de9-0ed1-4f2b-ba1d-f317ceeb0ceb@group-20BE3FF63202:t155, leader=null, voted=c52c3de9-0ed1-4f2b-ba1d-f317ceeb0ceb, raftlog=c52c3de9-0ed1-4f2b-ba1d-f317ceeb0ceb@group-20BE3FF63202-SegmentedRaftLog:OPENED:c-1,f-1,i0, conf=-1: [24274e9f-e41f-4654-9afc-a783ca44e44b:192.168.69.67:35902, 988115cd-21c9-4558-b198-f2cedd98ccf3:192.168.69.67:44208, c52c3de9-0ed1-4f2b-ba1d-f317ceeb0ceb:192.168.69.67:37615], old=null
2019-10-18 07:14:26,816 [c52c3de9-0ed1-4f2b-ba1d-f317ceeb0ceb@group-20BE3FF63202-LeaderElection141] INFO  impl.RaftServerImpl (RaftServerImpl.java:setRole(184)) - c52c3de9-0ed1-4f2b-ba1d-f317ceeb0ceb@group-20BE3FF63202: changes role from CANDIDATE to FOLLOWER at term 155 for DISCOVERED_A_NEW_TERM
2019-10-18 07:14:26,816 [c52c3de9-0ed1-4f2b-ba1d-f317ceeb0ceb@group-20BE3FF63202-LeaderElection141] INFO  impl.RoleInfo (RoleInfo.java:shutdownLeaderElection(134)) - c52c3de9-0ed1-4f2b-ba1d-f317ceeb0ceb: shutdown LeaderElection
2019-10-18 07:14:26,816 [c52c3de9-0ed1-4f2b-ba1d-f317ceeb0ceb@group-20BE3FF63202-LeaderElection141] INFO  impl.RoleInfo (RoleInfo.java:updateAndGet(143)) - c52c3de9-0ed1-4f2b-ba1d-f317ceeb0ceb: start FollowerState
2019-10-18 07:14:27,006 [Thread-1318] INFO  impl.FollowerState (FollowerState.java:run(108)) - c52c3de9-0ed1-4f2b-ba1d-f317ceeb0ceb@group-20BE3FF63202-FollowerState: change to CANDIDATE, lastRpcTime:189ms, electionTimeout:189ms
2019-10-18 07:14:27,006 [Thread-1318] INFO  impl.RoleInfo (RoleInfo.java:shutdownFollowerState(121)) - c52c3de9-0ed1-4f2b-ba1d-f317ceeb0ceb: shutdown FollowerState
2019-10-18 07:14:27,006 [Thread-1318] INFO  impl.RaftServerImpl (RaftServerImpl.java:setRole(184)) - c52c3de9-0ed1-4f2b-ba1d-f317ceeb0ceb@group-20BE3FF63202: changes role from  FOLLOWER to CANDIDATE at term 155 for changeToCandidate
2019-10-18 07:14:27,007 [Thread-1318] INFO  impl.RoleInfo (RoleInfo.java:updateAndGet(143)) - c52c3de9-0ed1-4f2b-ba1d-f317ceeb0ceb: start LeaderElection
2019-10-18 07:14:27,064 [c52c3de9-0ed1-4f2b-ba1d-f317ceeb0ceb@group-20BE3FF63202-LeaderElection142] INFO  impl.LeaderElection (LeaderElection.java:askForVotes(178)) - c52c3de9-0ed1-4f2b-ba1d-f317ceeb0ceb@group-20BE3FF63202-LeaderElection142: begin an election at term 156 for -1: [24274e9f-e41f-4654-9afc-a783ca44e44b:192.168.69.67:35902, 988115cd-21c9-4558-b198-f2cedd98ccf3:192.168.69.67:44208, c52c3de9-0ed1-4f2b-ba1d-f317ceeb0ceb:192.168.69.67:37615], old=null
2019-10-18 07:14:27,067 [grpc-default-executor-1] INFO  impl.RaftServerImpl (RaftServerImpl.java:setRole(184)) - 24274e9f-e41f-4654-9afc-a783ca44e44b@group-20BE3FF63202: changes role from  FOLLOWER to FOLLOWER at term 156 for recognizeCandidate:c52c3de9-0ed1-4f2b-ba1d-f317ceeb0ceb
2019-10-18 07:14:27,067 [grpc-default-executor-1] INFO  impl.RoleInfo (RoleInfo.java:shutdownFollowerState(121)) - 24274e9f-e41f-4654-9afc-a783ca44e44b: shutdown FollowerState
2019-10-18 07:14:27,068 [grpc-default-executor-1] INFO  impl.RoleInfo (RoleInfo.java:updateAndGet(143)) - 24274e9f-e41f-4654-9afc-a783ca44e44b: start FollowerState
2019-10-18 07:14:27,068 [grpc-default-executor-0] INFO  impl.RaftServerImpl (RaftServerImpl.java:setRole(184)) - 988115cd-21c9-4558-b198-f2cedd98ccf3@group-20BE3FF63202: changes role from  FOLLOWER to FOLLOWER at term 156 for recognizeCandidate:c52c3de9-0ed1-4f2b-ba1d-f317ceeb0ceb
2019-10-18 07:14:27,068 [grpc-default-executor-0] INFO  impl.RoleInfo (RoleInfo.java:shutdownFollowerState(121)) - 988115cd-21c9-4558-b198-f2cedd98ccf3: shutdown FollowerState
2019-10-18 07:14:27,068 [Thread-1316] INFO  impl.FollowerState (FollowerState.java:run(117)) - 24274e9f-e41f-4654-9afc-a783ca44e44b@group-20BE3FF63202-FollowerState was interrupted: java.lang.InterruptedException: sleep interrupted
2019-10-18 07:14:27,068 [Thread-1317] INFO  impl.FollowerState (FollowerState.java:run(117)) - 988115cd-21c9-4558-b198-f2cedd98ccf3@group-20BE3FF63202-FollowerState was interrupted: java.lang.InterruptedException: sleep interrupted
2019-10-18 07:14:27,068 [grpc-default-executor-0] INFO  impl.RoleInfo (RoleInfo.java:updateAndGet(143)) - 988115cd-21c9-4558-b198-f2cedd98ccf3: start FollowerState
2019-10-18 07:14:27,094 [c52c3de9-0ed1-4f2b-ba1d-f317ceeb0ceb@group-20BE3FF63202-LeaderElection142] INFO  impl.LeaderElection (LeaderElection.java:logAndReturn(56)) - c52c3de9-0ed1-4f2b-ba1d-f317ceeb0ceb@group-20BE3FF63202-LeaderElection142: Election TIMEOUT; received 0 response(s) [] and 0 exception(s); c52c3de9-0ed1-4f2b-ba1d-f317ceeb0ceb@group-20BE3FF63202:t156, leader=null, voted=c52c3de9-0ed1-4f2b-ba1d-f317ceeb0ceb, raftlog=c52c3de9-0ed1-4f2b-ba1d-f317ceeb0ceb@group-20BE3FF63202-SegmentedRaftLog:OPENED:c-1,f-1,i0, conf=-1: [24274e9f-e41f-4654-9afc-a783ca44e44b:192.168.69.67:35902, 988115cd-21c9-4558-b198-f2cedd98ccf3:192.168.69.67:44208, c52c3de9-0ed1-4f2b-ba1d-f317ceeb0ceb:192.168.69.67:37615], old=null
2019-10-18 07:14:27,154 [c52c3de9-0ed1-4f2b-ba1d-f317ceeb0ceb@group-20BE3FF63202-LeaderElection142] INFO  impl.LeaderElection (LeaderElection.java:askForVotes(178)) - c52c3de9-0ed1-4f2b-ba1d-f317ceeb0ceb@group-20BE3FF63202-LeaderElection142: begin an election at term 157 for -1: [24274e9f-e41f-4654-9afc-a783ca44e44b:192.168.69.67:35902, 988115cd-21c9-4558-b198-f2cedd98ccf3:192.168.69.67:44208, c52c3de9-0ed1-4f2b-ba1d-f317ceeb0ceb:192.168.69.67:37615], old=null
2019-10-18 07:14:27,157 [c52c3de9-0ed1-4f2b-ba1d-f317ceeb0ceb@group-20BE3FF63202-LeaderElection142] INFO  impl.LeaderElection (LeaderElection.java:logAndReturn(56)) - c52c3de9-0ed1-4f2b-ba1d-f317ceeb0ceb@group-20BE3FF63202-LeaderElection142: Election TIMEOUT; received 0 response(s) [] and 0 exception(s); c52c3de9-0ed1-4f2b-ba1d-f317ceeb0ceb@group-20BE3FF63202:t157, leader=null, voted=c52c3de9-0ed1-4f2b-ba1d-f317ceeb0ceb, raftlog=c52c3de9-0ed1-4f2b-ba1d-f317ceeb0ceb@group-20BE3FF63202-SegmentedRaftLog:OPENED:c-1,f-1,i0, conf=-1: [24274e9f-e41f-4654-9afc-a783ca44e44b:192.168.69.67:35902, 988115cd-21c9-4558-b198-f2cedd98ccf3:192.168.69.67:44208, c52c3de9-0ed1-4f2b-ba1d-f317ceeb0ceb:192.168.69.67:37615], old=null
2019-10-18 07:14:27,157 [grpc-default-executor-0] INFO  impl.RaftServerImpl (RaftServerImpl.java:setRole(184)) - 24274e9f-e41f-4654-9afc-a783ca44e44b@group-20BE3FF63202: changes role from  FOLLOWER to FOLLOWER at term 157 for recognizeCandidate:c52c3de9-0ed1-4f2b-ba1d-f317ceeb0ceb
2019-10-18 07:14:27,157 [grpc-default-executor-0] INFO  impl.RoleInfo (RoleInfo.java:shutdownFollowerState(121)) - 24274e9f-e41f-4654-9afc-a783ca44e44b: shutdown FollowerState
2019-10-18 07:14:27,157 [grpc-default-executor-0] INFO  impl.RoleInfo (RoleInfo.java:updateAndGet(143)) - 24274e9f-e41f-4654-9afc-a783ca44e44b: start FollowerState
2019-10-18 07:14:27,157 [grpc-default-executor-1] INFO  impl.RaftServerImpl (RaftServerImpl.java:setRole(184)) - 988115cd-21c9-4558-b198-f2cedd98ccf3@group-20BE3FF63202: changes role from  FOLLOWER to FOLLOWER at term 157 for recognizeCandidate:c52c3de9-0ed1-4f2b-ba1d-f317ceeb0ceb
2019-10-18 07:14:27,158 [grpc-default-executor-1] INFO  impl.RoleInfo (RoleInfo.java:shutdownFollowerState(121)) - 988115cd-21c9-4558-b198-f2cedd98ccf3: shutdown FollowerState
2019-10-18 07:14:27,157 [Thread-1322] INFO  impl.FollowerState (FollowerState.java:run(117)) - 24274e9f-e41f-4654-9afc-a783ca44e44b@group-20BE3FF63202-FollowerState was interrupted: java.lang.InterruptedException: sleep interrupted
2019-10-18 07:14:27,158 [Thread-1323] INFO  impl.FollowerState (FollowerState.java:run(117)) - 988115cd-21c9-4558-b198-f2cedd98ccf3@group-20BE3FF63202-FollowerState was interrupted: java.lang.InterruptedException: sleep interrupted
2019-10-18 07:14:27,158 [grpc-default-executor-1] INFO  impl.RoleInfo (RoleInfo.java:updateAndGet(143)) - 988115cd-21c9-4558-b198-f2cedd98ccf3: start FollowerState
2019-10-18 07:14:27,209 [c52c3de9-0ed1-4f2b-ba1d-f317ceeb0ceb@group-20BE3FF63202-LeaderElection142] INFO  impl.LeaderElection (LeaderElection.java:askForVotes(178)) - c52c3de9-0ed1-4f2b-ba1d-f317ceeb0ceb@group-20BE3FF63202-LeaderElection142: begin an election at term 158 for -1: [24274e9f-e41f-4654-9afc-a783ca44e44b:192.168.69.67:35902, 988115cd-21c9-4558-b198-f2cedd98ccf3:192.168.69.67:44208, c52c3de9-0ed1-4f2b-ba1d-f317ceeb0ceb:192.168.69.67:37615], old=null
2019-10-18 07:14:27,212 [grpc-default-executor-0] INFO  impl.RaftServerImpl (RaftServerImpl.java:setRole(184)) - 24274e9f-e41f-4654-9afc-a783ca44e44b@group-20BE3FF63202: changes role from  FOLLOWER to FOLLOWER at term 158 for recognizeCandidate:c52c3de9-0ed1-4f2b-ba1d-f317ceeb0ceb
2019-10-18 07:14:27,212 [grpc-default-executor-0] INFO  impl.RoleInfo (RoleInfo.java:shutdownFollowerState(121)) - 24274e9f-e41f-4654-9afc-a783ca44e44b: shutdown FollowerState
2019-10-18 07:14:27,212 [grpc-default-executor-0] INFO  impl.RoleInfo (RoleInfo.java:updateAndGet(143)) - 24274e9f-e41f-4654-9afc-a783ca44e44b: start FollowerState
2019-10-18 07:14:27,212 [grpc-default-executor-1] INFO  impl.RaftServerImpl (RaftServerImpl.java:setRole(184)) - 988115cd-21c9-4558-b198-f2cedd98ccf3@group-20BE3FF63202: changes role from  FOLLOWER to FOLLOWER at term 158 for recognizeCandidate:c52c3de9-0ed1-4f2b-ba1d-f317ceeb0ceb
2019-10-18 07:14:27,212 [Thread-1326] INFO  impl.FollowerState (FollowerState.java:run(117)) - 24274e9f-e41f-4654-9afc-a783ca44e44b@group-20BE3FF63202-FollowerState was interrupted: java.lang.InterruptedException: sleep interrupted
2019-10-18 07:14:27,212 [grpc-default-executor-1] INFO  impl.RoleInfo (RoleInfo.java:shutdownFollowerState(121)) - 988115cd-21c9-4558-b198-f2cedd98ccf3: shutdown FollowerState
2019-10-18 07:14:27,213 [Thread-1327] INFO  impl.FollowerState (FollowerState.java:run(117)) - 988115cd-21c9-4558-b198-f2cedd98ccf3@group-20BE3FF63202-FollowerState was interrupted: java.lang.InterruptedException: sleep interrupted
2019-10-18 07:14:27,213 [grpc-default-executor-1] INFO  impl.RoleInfo (RoleInfo.java:updateAndGet(143)) - 988115cd-21c9-4558-b198-f2cedd98ccf3: start FollowerState
2019-10-18 07:14:27,238 [c52c3de9-0ed1-4f2b-ba1d-f317ceeb0ceb@group-20BE3FF63202-LeaderElection142] INFO  impl.LeaderElection (LeaderElection.java:logAndReturn(56)) - c52c3de9-0ed1-4f2b-ba1d-f317ceeb0ceb@group-20BE3FF63202-LeaderElection142: Election TIMEOUT; received 0 response(s) [] and 0 exception(s); c52c3de9-0ed1-4f2b-ba1d-f317ceeb0ceb@group-20BE3FF63202:t158, leader=null, voted=c52c3de9-0ed1-4f2b-ba1d-f317ceeb0ceb, raftlog=c52c3de9-0ed1-4f2b-ba1d-f317ceeb0ceb@group-20BE3FF63202-SegmentedRaftLog:OPENED:c-1,f-1,i0, conf=-1: [24274e9f-e41f-4654-9afc-a783ca44e44b:192.168.69.67:35902, 988115cd-21c9-4558-b198-f2cedd98ccf3:192.168.69.67:44208, c52c3de9-0ed1-4f2b-ba1d-f317ceeb0ceb:192.168.69.67:37615], old=null
2019-10-18 07:14:27,251 [c52c3de9-0ed1-4f2b-ba1d-f317ceeb0ceb@group-20BE3FF63202-LeaderElection142] INFO  impl.LeaderElection (LeaderElection.java:askForVotes(178)) - c52c3de9-0ed1-4f2b-ba1d-f317ceeb0ceb@group-20BE3FF63202-LeaderElection142: begin an election at term 159 for -1: [24274e9f-e41f-4654-9afc-a783ca44e44b:192.168.69.67:35902, 988115cd-21c9-4558-b198-f2cedd98ccf3:192.168.69.67:44208, c52c3de9-0ed1-4f2b-ba1d-f317ceeb0ceb:192.168.69.67:37615], old=null
2019-10-18 07:14:27,253 [grpc-default-executor-1] INFO  impl.RaftServerImpl (RaftServerImpl.java:setRole(184)) - 24274e9f-e41f-4654-9afc-a783ca44e44b@group-20BE3FF63202: changes role from  FOLLOWER to FOLLOWER at term 159 for recognizeCandidate:c52c3de9-0ed1-4f2b-ba1d-f317ceeb0ceb
2019-10-18 07:14:27,254 [grpc-default-executor-1] INFO  impl.RoleInfo (RoleInfo.java:shutdownFollowerState(121)) - 24274e9f-e41f-4654-9afc-a783ca44e44b: shutdown FollowerState
2019-10-18 07:14:27,254 [Thread-1330] INFO  impl.FollowerState (FollowerState.java:run(117)) - 24274e9f-e41f-4654-9afc-a783ca44e44b@group-20BE3FF63202-FollowerState was interrupted: java.lang.InterruptedException: sleep interrupted
2019-10-18 07:14:27,254 [grpc-default-executor-1] INFO  impl.RoleInfo (RoleInfo.java:updateAndGet(143)) - 24274e9f-e41f-4654-9afc-a783ca44e44b: start FollowerState
2019-10-18 07:14:27,254 [grpc-default-executor-0] INFO  impl.RaftServerImpl (RaftServerImpl.java:setRole(184)) - 988115cd-21c9-4558-b198-f2cedd98ccf3@group-20BE3FF63202: changes role from  FOLLOWER to FOLLOWER at term 159 for recognizeCandidate:c52c3de9-0ed1-4f2b-ba1d-f317ceeb0ceb
2019-10-18 07:14:27,254 [grpc-default-executor-0] INFO  impl.RoleInfo (RoleInfo.java:shutdownFollowerState(121)) - 988115cd-21c9-4558-b198-f2cedd98ccf3: shutdown FollowerState
2019-10-18 07:14:27,254 [Thread-1331] INFO  impl.FollowerState (FollowerState.java:run(117)) - 988115cd-21c9-4558-b198-f2cedd98ccf3@group-20BE3FF63202-FollowerState was interrupted: java.lang.InterruptedException: sleep interrupted
2019-10-18 07:14:27,254 [grpc-default-executor-0] INFO  impl.RoleInfo (RoleInfo.java:updateAndGet(143)) - 988115cd-21c9-4558-b198-f2cedd98ccf3: start FollowerState
2019-10-18 07:14:27,286 [c52c3de9-0ed1-4f2b-ba1d-f317ceeb0ceb@group-20BE3FF63202-LeaderElection142] INFO  impl.LeaderElection (LeaderElection.java:logAndReturn(56)) - c52c3de9-0ed1-4f2b-ba1d-f317ceeb0ceb@group-20BE3FF63202-LeaderElection142: Election REJECTED; received 2 response(s) [c52c3de9-0ed1-4f2b-ba1d-f317ceeb0ceb<-24274e9f-e41f-4654-9afc-a783ca44e44b#0:FAIL-t159, c52c3de9-0ed1-4f2b-ba1d-f317ceeb0ceb<-988115cd-21c9-4558-b198-f2cedd98ccf3#0:FAIL-t159] and 0 exception(s); c52c3de9-0ed1-4f2b-ba1d-f317ceeb0ceb@group-20BE3FF63202:t159, leader=null, voted=c52c3de9-0ed1-4f2b-ba1d-f317ceeb0ceb, raftlog=c52c3de9-0ed1-4f2b-ba1d-f317ceeb0ceb@group-20BE3FF63202-SegmentedRaftLog:OPENED:c-1,f-1,i0, conf=-1: [24274e9f-e41f-4654-9afc-a783ca44e44b:192.168.69.67:35902, 988115cd-21c9-4558-b198-f2cedd98ccf3:192.168.69.67:44208, c52c3de9-0ed1-4f2b-ba1d-f317ceeb0ceb:192.168.69.67:37615], old=null
2019-10-18 07:14:27,287 [c52c3de9-0ed1-4f2b-ba1d-f317ceeb0ceb@group-20BE3FF63202-LeaderElection142] INFO  impl.RaftServerImpl (RaftServerImpl.java:setRole(184)) - c52c3de9-0ed1-4f2b-ba1d-f317ceeb0ceb@group-20BE3FF63202: changes role from CANDIDATE to FOLLOWER at term 159 for DISCOVERED_A_NEW_TERM
2019-10-18 07:14:27,287 [c52c3de9-0ed1-4f2b-ba1d-f317ceeb0ceb@group-20BE3FF63202-LeaderElection142] INFO  impl.RoleInfo (RoleInfo.java:shutdownLeaderElection(134)) - c52c3de9-0ed1-4f2b-ba1d-f317ceeb0ceb: shutdown LeaderElection
2019-10-18 07:14:27,287 [c52c3de9-0ed1-4f2b-ba1d-f317ceeb0ceb@group-20BE3FF63202-LeaderElection142] INFO  impl.RoleInfo (RoleInfo.java:updateAndGet(143)) - c52c3de9-0ed1-4f2b-ba1d-f317ceeb0ceb: start FollowerState
2019-10-18 07:14:27,440 [Thread-1336] INFO  impl.FollowerState (FollowerState.java:run(108)) - c52c3de9-0ed1-4f2b-ba1d-f317ceeb0ceb@group-20BE3FF63202-FollowerState: change to CANDIDATE, lastRpcTime:153ms, electionTimeout:153ms
2019-10-18 07:14:27,441 [Thread-1336] INFO  impl.RoleInfo (RoleInfo.java:shutdownFollowerState(121)) - c52c3de9-0ed1-4f2b-ba1d-f317ceeb0ceb: shutdown FollowerState
2019-10-18 07:14:27,441 [Thread-1336] INFO  impl.RaftServerImpl (RaftServerImpl.java:setRole(184)) - c52c3de9-0ed1-4f2b-ba1d-f317ceeb0ceb@group-20BE3FF63202: changes role from  FOLLOWER to CANDIDATE at term 159 for changeToCandidate
2019-10-18 07:14:27,441 [Thread-1336] INFO  impl.RoleInfo (RoleInfo.java:updateAndGet(143)) - c52c3de9-0ed1-4f2b-ba1d-f317ceeb0ceb: start LeaderElection
2019-10-18 07:14:27,473 [main] INFO  ozone.MiniOzoneClusterImpl (MiniOzoneClusterImpl.java:lambda$waitForClusterToBeReady$2(164)) - Waiting for 1 number of pipelines out of 9, to report a leader.
2019-10-18 07:14:27,499 [c52c3de9-0ed1-4f2b-ba1d-f317ceeb0ceb@group-20BE3FF63202-LeaderElection143] INFO  impl.LeaderElection (LeaderElection.java:askForVotes(178)) - c52c3de9-0ed1-4f2b-ba1d-f317ceeb0ceb@group-20BE3FF63202-LeaderElection143: begin an election at term 160 for -1: [24274e9f-e41f-4654-9afc-a783ca44e44b:192.168.69.67:35902, 988115cd-21c9-4558-b198-f2cedd98ccf3:192.168.69.67:44208, c52c3de9-0ed1-4f2b-ba1d-f317ceeb0ceb:192.168.69.67:37615], old=null
2019-10-18 07:14:27,502 [grpc-default-executor-1] INFO  impl.RaftServerImpl (RaftServerImpl.java:setRole(184)) - 988115cd-21c9-4558-b198-f2cedd98ccf3@group-20BE3FF63202: changes role from  FOLLOWER to FOLLOWER at term 160 for recognizeCandidate:c52c3de9-0ed1-4f2b-ba1d-f317ceeb0ceb
2019-10-18 07:14:27,502 [grpc-default-executor-0] INFO  impl.RaftServerImpl (RaftServerImpl.java:setRole(184)) - 24274e9f-e41f-4654-9afc-a783ca44e44b@group-20BE3FF63202: changes role from  FOLLOWER to FOLLOWER at term 160 for recognizeCandidate:c52c3de9-0ed1-4f2b-ba1d-f317ceeb0ceb
2019-10-18 07:14:27,502 [grpc-default-executor-1] INFO  impl.RoleInfo (RoleInfo.java:shutdownFollowerState(121)) - 988115cd-21c9-4558-b198-f2cedd98ccf3: shutdown FollowerState
2019-10-18 07:14:27,503 [grpc-default-executor-0] INFO  impl.RoleInfo (RoleInfo.java:shutdownFollowerState(121)) - 24274e9f-e41f-4654-9afc-a783ca44e44b: shutdown FollowerState
2019-10-18 07:14:27,503 [Thread-1335] INFO  impl.FollowerState (FollowerState.java:run(117)) - 988115cd-21c9-4558-b198-f2cedd98ccf3@group-20BE3FF63202-FollowerState was interrupted: java.lang.InterruptedException: sleep interrupted
2019-10-18 07:14:27,503 [grpc-default-executor-1] INFO  impl.RoleInfo (RoleInfo.java:updateAndGet(143)) - 988115cd-21c9-4558-b198-f2cedd98ccf3: start FollowerState
2019-10-18 07:14:27,503 [Thread-1334] INFO  impl.FollowerState (FollowerState.java:run(117)) - 24274e9f-e41f-4654-9afc-a783ca44e44b@group-20BE3FF63202-FollowerState was interrupted: java.lang.InterruptedException: sleep interrupted
2019-10-18 07:14:27,503 [grpc-default-executor-0] INFO  impl.RoleInfo (RoleInfo.java:updateAndGet(143)) - 24274e9f-e41f-4654-9afc-a783ca44e44b: start FollowerState
2019-10-18 07:14:27,518 [c52c3de9-0ed1-4f2b-ba1d-f317ceeb0ceb@group-20BE3FF63202-LeaderElection143] INFO  impl.LeaderElection (LeaderElection.java:logAndReturn(56)) - c52c3de9-0ed1-4f2b-ba1d-f317ceeb0ceb@group-20BE3FF63202-LeaderElection143: Election TIMEOUT; received 0 response(s) [] and 0 exception(s); c52c3de9-0ed1-4f2b-ba1d-f317ceeb0ceb@group-20BE3FF63202:t160, leader=null, voted=c52c3de9-0ed1-4f2b-ba1d-f317ceeb0ceb, raftlog=c52c3de9-0ed1-4f2b-ba1d-f317ceeb0ceb@group-20BE3FF63202-SegmentedRaftLog:OPENED:c-1,f-1,i0, conf=-1: [24274e9f-e41f-4654-9afc-a783ca44e44b:192.168.69.67:35902, 988115cd-21c9-4558-b198-f2cedd98ccf3:192.168.69.67:44208, c52c3de9-0ed1-4f2b-ba1d-f317ceeb0ceb:192.168.69.67:37615], old=null
2019-10-18 07:14:27,557 [c52c3de9-0ed1-4f2b-ba1d-f317ceeb0ceb@group-20BE3FF63202-LeaderElection143] INFO  impl.LeaderElection (LeaderElection.java:askForVotes(178)) - c52c3de9-0ed1-4f2b-ba1d-f317ceeb0ceb@group-20BE3FF63202-LeaderElection143: begin an election at term 161 for -1: [24274e9f-e41f-4654-9afc-a783ca44e44b:192.168.69.67:35902, 988115cd-21c9-4558-b198-f2cedd98ccf3:192.168.69.67:44208, c52c3de9-0ed1-4f2b-ba1d-f317ceeb0ceb:192.168.69.67:37615], old=null
2019-10-18 07:14:27,559 [grpc-default-executor-0] INFO  impl.RaftServerImpl (RaftServerImpl.java:setRole(184)) - 24274e9f-e41f-4654-9afc-a783ca44e44b@group-20BE3FF63202: changes role from  FOLLOWER to FOLLOWER at term 161 for recognizeCandidate:c52c3de9-0ed1-4f2b-ba1d-f317ceeb0ceb
2019-10-18 07:14:27,559 [grpc-default-executor-1] INFO  impl.RaftServerImpl (RaftServerImpl.java:setRole(184)) - 988115cd-21c9-4558-b198-f2cedd98ccf3@group-20BE3FF63202: changes role from  FOLLOWER to FOLLOWER at term 161 for recognizeCandidate:c52c3de9-0ed1-4f2b-ba1d-f317ceeb0ceb
2019-10-18 07:14:27,559 [grpc-default-executor-0] INFO  impl.RoleInfo (RoleInfo.java:shutdownFollowerState(121)) - 24274e9f-e41f-4654-9afc-a783ca44e44b: shutdown FollowerState
2019-10-18 07:14:27,559 [grpc-default-executor-1] INFO  impl.RoleInfo (RoleInfo.java:shutdownFollowerState(121)) - 988115cd-21c9-4558-b198-f2cedd98ccf3: shutdown FollowerState
2019-10-18 07:14:27,560 [Thread-1341] INFO  impl.FollowerState (FollowerState.java:run(117)) - 24274e9f-e41f-4654-9afc-a783ca44e44b@group-20BE3FF63202-FollowerState was interrupted: java.lang.InterruptedException: sleep interrupted
2019-10-18 07:14:27,560 [grpc-default-executor-0] INFO  impl.RoleInfo (RoleInfo.java:updateAndGet(143)) - 24274e9f-e41f-4654-9afc-a783ca44e44b: start FollowerState
2019-10-18 07:14:27,560 [Thread-1340] INFO  impl.FollowerState (FollowerState.java:run(117)) - 988115cd-21c9-4558-b198-f2cedd98ccf3@group-20BE3FF63202-FollowerState was interrupted: java.lang.InterruptedException: sleep interrupted
2019-10-18 07:14:27,560 [grpc-default-executor-1] INFO  impl.RoleInfo (RoleInfo.java:updateAndGet(143)) - 988115cd-21c9-4558-b198-f2cedd98ccf3: start FollowerState
2019-10-18 07:14:27,614 [c52c3de9-0ed1-4f2b-ba1d-f317ceeb0ceb@group-20BE3FF63202-LeaderElection143] INFO  impl.LeaderElection (LeaderElection.java:logAndReturn(56)) - c52c3de9-0ed1-4f2b-ba1d-f317ceeb0ceb@group-20BE3FF63202-LeaderElection143: Election TIMEOUT; received 0 response(s) [] and 0 exception(s); c52c3de9-0ed1-4f2b-ba1d-f317ceeb0ceb@group-20BE3FF63202:t161, leader=null, voted=c52c3de9-0ed1-4f2b-ba1d-f317ceeb0ceb, raftlog=c52c3de9-0ed1-4f2b-ba1d-f317ceeb0ceb@group-20BE3FF63202-SegmentedRaftLog:OPENED:c-1,f-1,i0, conf=-1: [24274e9f-e41f-4654-9afc-a783ca44e44b:192.168.69.67:35902, 988115cd-21c9-4558-b198-f2cedd98ccf3:192.168.69.67:44208, c52c3de9-0ed1-4f2b-ba1d-f317ceeb0ceb:192.168.69.67:37615], old=null
2019-10-18 07:14:28,474 [main] INFO  ozone.MiniOzoneClusterImpl (MiniOzoneClusterImpl.java:lambda$waitForClusterToBeReady$2(164)) - Waiting for 1 number of pipelines out of 9, to report a leader.
2019-10-18 07:14:29,474 [main] INFO  ozone.MiniOzoneClusterImpl (MiniOzoneClusterImpl.java:lambda$waitForClusterToBeReady$2(164)) - Waiting for 1 number of pipelines out of 9, to report a leader.
2019-10-18 07:14:30,203 [c52c3de9-0ed1-4f2b-ba1d-f317ceeb0ceb@group-20BE3FF63202-LeaderElection143] INFO  impl.LeaderElection (LeaderElection.java:askForVotes(178)) - c52c3de9-0ed1-4f2b-ba1d-f317ceeb0ceb@group-20BE3FF63202-LeaderElection143: begin an election at term 162 for -1: [24274e9f-e41f-4654-9afc-a783ca44e44b:192.168.69.67:35902, 988115cd-21c9-4558-b198-f2cedd98ccf3:192.168.69.67:44208, c52c3de9-0ed1-4f2b-ba1d-f317ceeb0ceb:192.168.69.67:37615], old=null
2019-10-18 07:14:30,206 [grpc-default-executor-0] INFO  impl.RaftServerImpl (RaftServerImpl.java:setRole(184)) - 24274e9f-e41f-4654-9afc-a783ca44e44b@group-20BE3FF63202: changes role from  FOLLOWER to FOLLOWER at term 162 for recognizeCandidate:c52c3de9-0ed1-4f2b-ba1d-f317ceeb0ceb
2019-10-18 07:14:30,207 [grpc-default-executor-0] INFO  impl.RoleInfo (RoleInfo.java:shutdownFollowerState(121)) - 24274e9f-e41f-4654-9afc-a783ca44e44b: shutdown FollowerState
2019-10-18 07:14:30,207 [grpc-default-executor-0] INFO  impl.RoleInfo (RoleInfo.java:updateAndGet(143)) - 24274e9f-e41f-4654-9afc-a783ca44e44b: start FollowerState
2019-10-18 07:14:30,207 [Thread-1344] INFO  impl.FollowerState (FollowerState.java:run(117)) - 24274e9f-e41f-4654-9afc-a783ca44e44b@group-20BE3FF63202-FollowerState was interrupted: java.lang.InterruptedException: sleep interrupted
2019-10-18 07:14:30,207 [grpc-default-executor-1] INFO  impl.RaftServerImpl (RaftServerImpl.java:setRole(184)) - 988115cd-21c9-4558-b198-f2cedd98ccf3@group-20BE3FF63202: changes role from  FOLLOWER to FOLLOWER at term 162 for recognizeCandidate:c52c3de9-0ed1-4f2b-ba1d-f317ceeb0ceb
2019-10-18 07:14:30,208 [grpc-default-executor-1] INFO  impl.RoleInfo (RoleInfo.java:shutdownFollowerState(121)) - 988115cd-21c9-4558-b198-f2cedd98ccf3: shutdown FollowerState
2019-10-18 07:14:30,208 [grpc-default-executor-1] INFO  impl.RoleInfo (RoleInfo.java:updateAndGet(143)) - 988115cd-21c9-4558-b198-f2cedd98ccf3: start FollowerState
2019-10-18 07:14:30,208 [Thread-1345] INFO  impl.FollowerState (FollowerState.java:run(117)) - 988115cd-21c9-4558-b198-f2cedd98ccf3@group-20BE3FF63202-FollowerState was interrupted: java.lang.InterruptedException: sleep interrupted
2019-10-18 07:14:30,273 [c52c3de9-0ed1-4f2b-ba1d-f317ceeb0ceb@group-20BE3FF63202-LeaderElection143] INFO  impl.LeaderElection (LeaderElection.java:logAndReturn(56)) - c52c3de9-0ed1-4f2b-ba1d-f317ceeb0ceb@group-20BE3FF63202-LeaderElection143: Election REJECTED; received 2 response(s) [c52c3de9-0ed1-4f2b-ba1d-f317ceeb0ceb<-24274e9f-e41f-4654-9afc-a783ca44e44b#0:FAIL-t162, c52c3de9-0ed1-4f2b-ba1d-f317ceeb0ceb<-988115cd-21c9-4558-b198-f2cedd98ccf3#0:FAIL-t162] and 0 exception(s); c52c3de9-0ed1-4f2b-ba1d-f317ceeb0ceb@group-20BE3FF63202:t162, leader=null, voted=c52c3de9-0ed1-4f2b-ba1d-f317ceeb0ceb, raftlog=c52c3de9-0ed1-4f2b-ba1d-f317ceeb0ceb@group-20BE3FF63202-SegmentedRaftLog:OPENED:c-1,f-1,i0, conf=-1: [24274e9f-e41f-4654-9afc-a783ca44e44b:192.168.69.67:35902, 988115cd-21c9-4558-b198-f2cedd98ccf3:192.168.69.67:44208, c52c3de9-0ed1-4f2b-ba1d-f317ceeb0ceb:192.168.69.67:37615], old=null
2019-10-18 07:14:30,273 [c52c3de9-0ed1-4f2b-ba1d-f317ceeb0ceb@group-20BE3FF63202-LeaderElection143] INFO  impl.RaftServerImpl (RaftServerImpl.java:setRole(184)) - c52c3de9-0ed1-4f2b-ba1d-f317ceeb0ceb@group-20BE3FF63202: changes role from CANDIDATE to FOLLOWER at term 162 for DISCOVERED_A_NEW_TERM
2019-10-18 07:14:30,273 [c52c3de9-0ed1-4f2b-ba1d-f317ceeb0ceb@group-20BE3FF63202-LeaderElection143] INFO  impl.RoleInfo (RoleInfo.java:shutdownLeaderElection(134)) - c52c3de9-0ed1-4f2b-ba1d-f317ceeb0ceb: shutdown LeaderElection
2019-10-18 07:14:30,274 [c52c3de9-0ed1-4f2b-ba1d-f317ceeb0ceb@group-20BE3FF63202-LeaderElection143] INFO  impl.RoleInfo (RoleInfo.java:updateAndGet(143)) - c52c3de9-0ed1-4f2b-ba1d-f317ceeb0ceb: start FollowerState
2019-10-18 07:14:30,362 [Thread-1353] INFO  impl.FollowerState (FollowerState.java:run(108)) - c52c3de9-0ed1-4f2b-ba1d-f317ceeb0ceb@group-20BE3FF63202-FollowerState: change to CANDIDATE, lastRpcTime:88ms, electionTimeout:88ms
2019-10-18 07:14:30,362 [Thread-1353] INFO  impl.RoleInfo (RoleInfo.java:shutdownFollowerState(121)) - c52c3de9-0ed1-4f2b-ba1d-f317ceeb0ceb: shutdown FollowerState
2019-10-18 07:14:30,362 [Thread-1353] INFO  impl.RaftServerImpl (RaftServerImpl.java:setRole(184)) - c52c3de9-0ed1-4f2b-ba1d-f317ceeb0ceb@group-20BE3FF63202: changes role from  FOLLOWER to CANDIDATE at term 162 for changeToCandidate
2019-10-18 07:14:30,363 [Thread-1353] INFO  impl.RoleInfo (RoleInfo.java:updateAndGet(143)) - c52c3de9-0ed1-4f2b-ba1d-f317ceeb0ceb: start LeaderElection
2019-10-18 07:14:30,475 [main] INFO  ozone.MiniOzoneClusterImpl (MiniOzoneClusterImpl.java:lambda$waitForClusterToBeReady$2(164)) - Waiting for 1 number of pipelines out of 9, to report a leader.
2019-10-18 07:14:30,477 [c52c3de9-0ed1-4f2b-ba1d-f317ceeb0ceb@group-20BE3FF63202-LeaderElection144] INFO  impl.LeaderElection (LeaderElection.java:askForVotes(178)) - c52c3de9-0ed1-4f2b-ba1d-f317ceeb0ceb@group-20BE3FF63202-LeaderElection144: begin an election at term 163 for -1: [24274e9f-e41f-4654-9afc-a783ca44e44b:192.168.69.67:35902, 988115cd-21c9-4558-b198-f2cedd98ccf3:192.168.69.67:44208, c52c3de9-0ed1-4f2b-ba1d-f317ceeb0ceb:192.168.69.67:37615], old=null
2019-10-18 07:14:30,481 [grpc-default-executor-0] INFO  impl.RaftServerImpl (RaftServerImpl.java:setRole(184)) - 24274e9f-e41f-4654-9afc-a783ca44e44b@group-20BE3FF63202: changes role from  FOLLOWER to FOLLOWER at term 163 for recognizeCandidate:c52c3de9-0ed1-4f2b-ba1d-f317ceeb0ceb
2019-10-18 07:14:30,481 [grpc-default-executor-1] INFO  impl.RaftServerImpl (RaftServerImpl.java:setRole(184)) - 988115cd-21c9-4558-b198-f2cedd98ccf3@group-20BE3FF63202: changes role from  FOLLOWER to FOLLOWER at term 163 for recognizeCandidate:c52c3de9-0ed1-4f2b-ba1d-f317ceeb0ceb
2019-10-18 07:14:30,481 [grpc-default-executor-0] INFO  impl.RoleInfo (RoleInfo.java:shutdownFollowerState(121)) - 24274e9f-e41f-4654-9afc-a783ca44e44b: shutdown FollowerState
2019-10-18 07:14:30,481 [grpc-default-executor-1] INFO  impl.RoleInfo (RoleInfo.java:shutdownFollowerState(121)) - 988115cd-21c9-4558-b198-f2cedd98ccf3: shutdown FollowerState
2019-10-18 07:14:30,481 [Thread-1350] INFO  impl.FollowerState (FollowerState.java:run(117)) - 24274e9f-e41f-4654-9afc-a783ca44e44b@group-20BE3FF63202-FollowerState was interrupted: java.lang.InterruptedException: sleep interrupted
2019-10-18 07:14:30,481 [grpc-default-executor-0] INFO  impl.RoleInfo (RoleInfo.java:updateAndGet(143)) - 24274e9f-e41f-4654-9afc-a783ca44e44b: start FollowerState
2019-10-18 07:14:30,481 [Thread-1351] INFO  impl.FollowerState (FollowerState.java:run(117)) - 988115cd-21c9-4558-b198-f2cedd98ccf3@group-20BE3FF63202-FollowerState was interrupted: java.lang.InterruptedException: sleep interrupted
2019-10-18 07:14:30,481 [grpc-default-executor-1] INFO  impl.RoleInfo (RoleInfo.java:updateAndGet(143)) - 988115cd-21c9-4558-b198-f2cedd98ccf3: start FollowerState
2019-10-18 07:14:30,562 [c52c3de9-0ed1-4f2b-ba1d-f317ceeb0ceb@group-20BE3FF63202-LeaderElection144] INFO  impl.LeaderElection (LeaderElection.java:logAndReturn(56)) - c52c3de9-0ed1-4f2b-ba1d-f317ceeb0ceb@group-20BE3FF63202-LeaderElection144: Election REJECTED; received 2 response(s) [c52c3de9-0ed1-4f2b-ba1d-f317ceeb0ceb<-24274e9f-e41f-4654-9afc-a783ca44e44b#0:FAIL-t163, c52c3de9-0ed1-4f2b-ba1d-f317ceeb0ceb<-988115cd-21c9-4558-b198-f2cedd98ccf3#0:FAIL-t163] and 0 exception(s); c52c3de9-0ed1-4f2b-ba1d-f317ceeb0ceb@group-20BE3FF63202:t163, leader=null, voted=c52c3de9-0ed1-4f2b-ba1d-f317ceeb0ceb, raftlog=c52c3de9-0ed1-4f2b-ba1d-f317ceeb0ceb@group-20BE3FF63202-SegmentedRaftLog:OPENED:c-1,f-1,i0, conf=-1: [24274e9f-e41f-4654-9afc-a783ca44e44b:192.168.69.67:35902, 988115cd-21c9-4558-b198-f2cedd98ccf3:192.168.69.67:44208, c52c3de9-0ed1-4f2b-ba1d-f317ceeb0ceb:192.168.69.67:37615], old=null
2019-10-18 07:14:30,562 [c52c3de9-0ed1-4f2b-ba1d-f317ceeb0ceb@group-20BE3FF63202-LeaderElection144] INFO  impl.RaftServerImpl (RaftServerImpl.java:setRole(184)) - c52c3de9-0ed1-4f2b-ba1d-f317ceeb0ceb@group-20BE3FF63202: changes role from CANDIDATE to FOLLOWER at term 163 for DISCOVERED_A_NEW_TERM
2019-10-18 07:14:30,562 [c52c3de9-0ed1-4f2b-ba1d-f317ceeb0ceb@group-20BE3FF63202-LeaderElection144] INFO  impl.RoleInfo (RoleInfo.java:shutdownLeaderElection(134)) - c52c3de9-0ed1-4f2b-ba1d-f317ceeb0ceb: shutdown LeaderElection
2019-10-18 07:14:30,563 [c52c3de9-0ed1-4f2b-ba1d-f317ceeb0ceb@group-20BE3FF63202-LeaderElection144] INFO  impl.RoleInfo (RoleInfo.java:updateAndGet(143)) - c52c3de9-0ed1-4f2b-ba1d-f317ceeb0ceb: start FollowerState
2019-10-18 07:14:30,634 [Thread-1360] INFO  impl.FollowerState (FollowerState.java:run(108)) - c52c3de9-0ed1-4f2b-ba1d-f317ceeb0ceb@group-20BE3FF63202-FollowerState: change to CANDIDATE, lastRpcTime:71ms, electionTimeout:71ms
2019-10-18 07:14:30,634 [Thread-1360] INFO  impl.RoleInfo (RoleInfo.java:shutdownFollowerState(121)) - c52c3de9-0ed1-4f2b-ba1d-f317ceeb0ceb: shutdown FollowerState
2019-10-18 07:14:30,634 [Thread-1360] INFO  impl.RaftServerImpl (RaftServerImpl.java:setRole(184)) - c52c3de9-0ed1-4f2b-ba1d-f317ceeb0ceb@group-20BE3FF63202: changes role from  FOLLOWER to CANDIDATE at term 163 for changeToCandidate
2019-10-18 07:14:30,635 [Thread-1360] INFO  impl.RoleInfo (RoleInfo.java:updateAndGet(143)) - c52c3de9-0ed1-4f2b-ba1d-f317ceeb0ceb: start LeaderElection
2019-10-18 07:14:30,736 [c52c3de9-0ed1-4f2b-ba1d-f317ceeb0ceb@group-20BE3FF63202-LeaderElection145] INFO  impl.LeaderElection (LeaderElection.java:askForVotes(178)) - c52c3de9-0ed1-4f2b-ba1d-f317ceeb0ceb@group-20BE3FF63202-LeaderElection145: begin an election at term 164 for -1: [24274e9f-e41f-4654-9afc-a783ca44e44b:192.168.69.67:35902, 988115cd-21c9-4558-b198-f2cedd98ccf3:192.168.69.67:44208, c52c3de9-0ed1-4f2b-ba1d-f317ceeb0ceb:192.168.69.67:37615], old=null
2019-10-18 07:14:30,740 [grpc-default-executor-1] INFO  impl.RaftServerImpl (RaftServerImpl.java:setRole(184)) - 24274e9f-e41f-4654-9afc-a783ca44e44b@group-20BE3FF63202: changes role from  FOLLOWER to FOLLOWER at term 164 for recognizeCandidate:c52c3de9-0ed1-4f2b-ba1d-f317ceeb0ceb
2019-10-18 07:14:30,740 [grpc-default-executor-0] INFO  impl.RaftServerImpl (RaftServerImpl.java:setRole(184)) - 988115cd-21c9-4558-b198-f2cedd98ccf3@group-20BE3FF63202: changes role from  FOLLOWER to FOLLOWER at term 164 for recognizeCandidate:c52c3de9-0ed1-4f2b-ba1d-f317ceeb0ceb
2019-10-18 07:14:30,740 [grpc-default-executor-1] INFO  impl.RoleInfo (RoleInfo.java:shutdownFollowerState(121)) - 24274e9f-e41f-4654-9afc-a783ca44e44b: shutdown FollowerState
2019-10-18 07:14:30,740 [grpc-default-executor-0] INFO  impl.RoleInfo (RoleInfo.java:shutdownFollowerState(121)) - 988115cd-21c9-4558-b198-f2cedd98ccf3: shutdown FollowerState
2019-10-18 07:14:30,741 [Thread-1358] INFO  impl.FollowerState (FollowerState.java:run(117)) - 24274e9f-e41f-4654-9afc-a783ca44e44b@group-20BE3FF63202-FollowerState was interrupted: java.lang.InterruptedException: sleep interrupted
2019-10-18 07:14:30,740 [grpc-default-executor-1] INFO  impl.RoleInfo (RoleInfo.java:updateAndGet(143)) - 24274e9f-e41f-4654-9afc-a783ca44e44b: start FollowerState
2019-10-18 07:14:30,741 [Thread-1359] INFO  impl.FollowerState (FollowerState.java:run(117)) - 988115cd-21c9-4558-b198-f2cedd98ccf3@group-20BE3FF63202-FollowerState was interrupted: java.lang.InterruptedException: sleep interrupted
2019-10-18 07:14:30,741 [grpc-default-executor-0] INFO  impl.RoleInfo (RoleInfo.java:updateAndGet(143)) - 988115cd-21c9-4558-b198-f2cedd98ccf3: start FollowerState
2019-10-18 07:14:30,769 [c52c3de9-0ed1-4f2b-ba1d-f317ceeb0ceb@group-20BE3FF63202-LeaderElection145] INFO  impl.LeaderElection (LeaderElection.java:logAndReturn(56)) - c52c3de9-0ed1-4f2b-ba1d-f317ceeb0ceb@group-20BE3FF63202-LeaderElection145: Election TIMEOUT; received 0 response(s) [] and 0 exception(s); c52c3de9-0ed1-4f2b-ba1d-f317ceeb0ceb@group-20BE3FF63202:t164, leader=null, voted=c52c3de9-0ed1-4f2b-ba1d-f317ceeb0ceb, raftlog=c52c3de9-0ed1-4f2b-ba1d-f317ceeb0ceb@group-20BE3FF63202-SegmentedRaftLog:OPENED:c-1,f-1,i0, conf=-1: [24274e9f-e41f-4654-9afc-a783ca44e44b:192.168.69.67:35902, 988115cd-21c9-4558-b198-f2cedd98ccf3:192.168.69.67:44208, c52c3de9-0ed1-4f2b-ba1d-f317ceeb0ceb:192.168.69.67:37615], old=null
2019-10-18 07:14:30,822 [c52c3de9-0ed1-4f2b-ba1d-f317ceeb0ceb@group-20BE3FF63202-LeaderElection145] INFO  impl.LeaderElection (LeaderElection.java:askForVotes(178)) - c52c3de9-0ed1-4f2b-ba1d-f317ceeb0ceb@group-20BE3FF63202-LeaderElection145: begin an election at term 165 for -1: [24274e9f-e41f-4654-9afc-a783ca44e44b:192.168.69.67:35902, 988115cd-21c9-4558-b198-f2cedd98ccf3:192.168.69.67:44208, c52c3de9-0ed1-4f2b-ba1d-f317ceeb0ceb:192.168.69.67:37615], old=null
2019-10-18 07:14:30,825 [grpc-default-executor-1] INFO  impl.RaftServerImpl (RaftServerImpl.java:setRole(184)) - 24274e9f-e41f-4654-9afc-a783ca44e44b@group-20BE3FF63202: changes role from  FOLLOWER to FOLLOWER at term 165 for recognizeCandidate:c52c3de9-0ed1-4f2b-ba1d-f317ceeb0ceb
2019-10-18 07:14:30,825 [grpc-default-executor-1] INFO  impl.RoleInfo (RoleInfo.java:shutdownFollowerState(121)) - 24274e9f-e41f-4654-9afc-a783ca44e44b: shutdown FollowerState
2019-10-18 07:14:30,825 [grpc-default-executor-1] INFO  impl.RoleInfo (RoleInfo.java:updateAndGet(143)) - 24274e9f-e41f-4654-9afc-a783ca44e44b: start FollowerState
2019-10-18 07:14:30,825 [grpc-default-executor-0] INFO  impl.RaftServerImpl (RaftServerImpl.java:setRole(184)) - 988115cd-21c9-4558-b198-f2cedd98ccf3@group-20BE3FF63202: changes role from  FOLLOWER to FOLLOWER at term 165 for recognizeCandidate:c52c3de9-0ed1-4f2b-ba1d-f317ceeb0ceb
2019-10-18 07:14:30,825 [grpc-default-executor-0] INFO  impl.RoleInfo (RoleInfo.java:shutdownFollowerState(121)) - 988115cd-21c9-4558-b198-f2cedd98ccf3: shutdown FollowerState
2019-10-18 07:14:30,825 [Thread-1364] INFO  impl.FollowerState (FollowerState.java:run(117)) - 24274e9f-e41f-4654-9afc-a783ca44e44b@group-20BE3FF63202-FollowerState was interrupted: java.lang.InterruptedException: sleep interrupted
2019-10-18 07:14:30,826 [Thread-1365] INFO  impl.FollowerState (FollowerState.java:run(117)) - 988115cd-21c9-4558-b198-f2cedd98ccf3@group-20BE3FF63202-FollowerState was interrupted: java.lang.InterruptedException: sleep interrupted
2019-10-18 07:14:30,826 [grpc-default-executor-0] INFO  impl.RoleInfo (RoleInfo.java:updateAndGet(143)) - 988115cd-21c9-4558-b198-f2cedd98ccf3: start FollowerState
2019-10-18 07:14:30,846 [c52c3de9-0ed1-4f2b-ba1d-f317ceeb0ceb@group-20BE3FF63202-LeaderElection145] INFO  impl.LeaderElection (LeaderElection.java:logAndReturn(56)) - c52c3de9-0ed1-4f2b-ba1d-f317ceeb0ceb@group-20BE3FF63202-LeaderElection145: Election TIMEOUT; received 0 response(s) [] and 0 exception(s); c52c3de9-0ed1-4f2b-ba1d-f317ceeb0ceb@group-20BE3FF63202:t165, leader=null, voted=c52c3de9-0ed1-4f2b-ba1d-f317ceeb0ceb, raftlog=c52c3de9-0ed1-4f2b-ba1d-f317ceeb0ceb@group-20BE3FF63202-SegmentedRaftLog:OPENED:c-1,f-1,i0, conf=-1: [24274e9f-e41f-4654-9afc-a783ca44e44b:192.168.69.67:35902, 988115cd-21c9-4558-b198-f2cedd98ccf3:192.168.69.67:44208, c52c3de9-0ed1-4f2b-ba1d-f317ceeb0ceb:192.168.69.67:37615], old=null
2019-10-18 07:14:30,888 [c52c3de9-0ed1-4f2b-ba1d-f317ceeb0ceb@group-20BE3FF63202-LeaderElection145] INFO  impl.LeaderElection (LeaderElection.java:askForVotes(178)) - c52c3de9-0ed1-4f2b-ba1d-f317ceeb0ceb@group-20BE3FF63202-LeaderElection145: begin an election at term 166 for -1: [24274e9f-e41f-4654-9afc-a783ca44e44b:192.168.69.67:35902, 988115cd-21c9-4558-b198-f2cedd98ccf3:192.168.69.67:44208, c52c3de9-0ed1-4f2b-ba1d-f317ceeb0ceb:192.168.69.67:37615], old=null
2019-10-18 07:14:30,891 [grpc-default-executor-1] INFO  impl.RaftServerImpl (RaftServerImpl.java:setRole(184)) - 988115cd-21c9-4558-b198-f2cedd98ccf3@group-20BE3FF63202: changes role from  FOLLOWER to FOLLOWER at term 166 for recognizeCandidate:c52c3de9-0ed1-4f2b-ba1d-f317ceeb0ceb
2019-10-18 07:14:30,891 [grpc-default-executor-0] INFO  impl.RaftServerImpl (RaftServerImpl.java:setRole(184)) - 24274e9f-e41f-4654-9afc-a783ca44e44b@group-20BE3FF63202: changes role from  FOLLOWER to FOLLOWER at term 166 for recognizeCandidate:c52c3de9-0ed1-4f2b-ba1d-f317ceeb0ceb
2019-10-18 07:14:30,892 [grpc-default-executor-1] INFO  impl.RoleInfo (RoleInfo.java:shutdownFollowerState(121)) - 988115cd-21c9-4558-b198-f2cedd98ccf3: shutdown FollowerState
2019-10-18 07:14:30,892 [grpc-default-executor-0] INFO  impl.RoleInfo (RoleInfo.java:shutdownFollowerState(121)) - 24274e9f-e41f-4654-9afc-a783ca44e44b: shutdown FollowerState
2019-10-18 07:14:30,892 [Thread-1369] INFO  impl.FollowerState (FollowerState.java:run(117)) - 988115cd-21c9-4558-b198-f2cedd98ccf3@group-20BE3FF63202-FollowerState was interrupted: java.lang.InterruptedException: sleep interrupted
2019-10-18 07:14:30,892 [grpc-default-executor-1] INFO  impl.RoleInfo (RoleInfo.java:updateAndGet(143)) - 988115cd-21c9-4558-b198-f2cedd98ccf3: start FollowerState
2019-10-18 07:14:30,892 [Thread-1368] INFO  impl.FollowerState (FollowerState.java:run(117)) - 24274e9f-e41f-4654-9afc-a783ca44e44b@group-20BE3FF63202-FollowerState was interrupted: java.lang.InterruptedException: sleep interrupted
2019-10-18 07:14:30,892 [grpc-default-executor-0] INFO  impl.RoleInfo (RoleInfo.java:updateAndGet(143)) - 24274e9f-e41f-4654-9afc-a783ca44e44b: start FollowerState
2019-10-18 07:14:30,938 [c52c3de9-0ed1-4f2b-ba1d-f317ceeb0ceb@group-20BE3FF63202-LeaderElection145] INFO  impl.LeaderElection (LeaderElection.java:logAndReturn(56)) - c52c3de9-0ed1-4f2b-ba1d-f317ceeb0ceb@group-20BE3FF63202-LeaderElection145: Election REJECTED; received 2 response(s) [c52c3de9-0ed1-4f2b-ba1d-f317ceeb0ceb<-24274e9f-e41f-4654-9afc-a783ca44e44b#0:FAIL-t166, c52c3de9-0ed1-4f2b-ba1d-f317ceeb0ceb<-988115cd-21c9-4558-b198-f2cedd98ccf3#0:FAIL-t166] and 0 exception(s); c52c3de9-0ed1-4f2b-ba1d-f317ceeb0ceb@group-20BE3FF63202:t166, leader=null, voted=c52c3de9-0ed1-4f2b-ba1d-f317ceeb0ceb, raftlog=c52c3de9-0ed1-4f2b-ba1d-f317ceeb0ceb@group-20BE3FF63202-SegmentedRaftLog:OPENED:c-1,f-1,i0, conf=-1: [24274e9f-e41f-4654-9afc-a783ca44e44b:192.168.69.67:35902, 988115cd-21c9-4558-b198-f2cedd98ccf3:192.168.69.67:44208, c52c3de9-0ed1-4f2b-ba1d-f317ceeb0ceb:192.168.69.67:37615], old=null
2019-10-18 07:14:30,938 [c52c3de9-0ed1-4f2b-ba1d-f317ceeb0ceb@group-20BE3FF63202-LeaderElection145] INFO  impl.RaftServerImpl (RaftServerImpl.java:setRole(184)) - c52c3de9-0ed1-4f2b-ba1d-f317ceeb0ceb@group-20BE3FF63202: changes role from CANDIDATE to FOLLOWER at term 166 for DISCOVERED_A_NEW_TERM
2019-10-18 07:14:30,939 [c52c3de9-0ed1-4f2b-ba1d-f317ceeb0ceb@group-20BE3FF63202-LeaderElection145] INFO  impl.RoleInfo (RoleInfo.java:shutdownLeaderElection(134)) - c52c3de9-0ed1-4f2b-ba1d-f317ceeb0ceb: shutdown LeaderElection
2019-10-18 07:14:30,939 [c52c3de9-0ed1-4f2b-ba1d-f317ceeb0ceb@group-20BE3FF63202-LeaderElection145] INFO  impl.RoleInfo (RoleInfo.java:updateAndGet(143)) - c52c3de9-0ed1-4f2b-ba1d-f317ceeb0ceb: start FollowerState
2019-10-18 07:14:31,086 [Thread-1374] INFO  impl.FollowerState (FollowerState.java:run(108)) - c52c3de9-0ed1-4f2b-ba1d-f317ceeb0ceb@group-20BE3FF63202-FollowerState: change to CANDIDATE, lastRpcTime:147ms, electionTimeout:147ms
2019-10-18 07:14:31,087 [Thread-1374] INFO  impl.RoleInfo (RoleInfo.java:shutdownFollowerState(121)) - c52c3de9-0ed1-4f2b-ba1d-f317ceeb0ceb: shutdown FollowerState
2019-10-18 07:14:31,087 [Thread-1374] INFO  impl.RaftServerImpl (RaftServerImpl.java:setRole(184)) - c52c3de9-0ed1-4f2b-ba1d-f317ceeb0ceb@group-20BE3FF63202: changes role from  FOLLOWER to CANDIDATE at term 166 for changeToCandidate
2019-10-18 07:14:31,087 [Thread-1374] INFO  impl.RoleInfo (RoleInfo.java:updateAndGet(143)) - c52c3de9-0ed1-4f2b-ba1d-f317ceeb0ceb: start LeaderElection
2019-10-18 07:14:31,159 [c52c3de9-0ed1-4f2b-ba1d-f317ceeb0ceb@group-20BE3FF63202-LeaderElection146] INFO  impl.LeaderElection (LeaderElection.java:askForVotes(178)) - c52c3de9-0ed1-4f2b-ba1d-f317ceeb0ceb@group-20BE3FF63202-LeaderElection146: begin an election at term 167 for -1: [24274e9f-e41f-4654-9afc-a783ca44e44b:192.168.69.67:35902, 988115cd-21c9-4558-b198-f2cedd98ccf3:192.168.69.67:44208, c52c3de9-0ed1-4f2b-ba1d-f317ceeb0ceb:192.168.69.67:37615], old=null
2019-10-18 07:14:31,162 [grpc-default-executor-1] INFO  impl.RaftServerImpl (RaftServerImpl.java:setRole(184)) - 988115cd-21c9-4558-b198-f2cedd98ccf3@group-20BE3FF63202: changes role from  FOLLOWER to FOLLOWER at term 167 for recognizeCandidate:c52c3de9-0ed1-4f2b-ba1d-f317ceeb0ceb
2019-10-18 07:14:31,162 [grpc-default-executor-0] INFO  impl.RaftServerImpl (RaftServerImpl.java:setRole(184)) - 24274e9f-e41f-4654-9afc-a783ca44e44b@group-20BE3FF63202: changes role from  FOLLOWER to FOLLOWER at term 167 for recognizeCandidate:c52c3de9-0ed1-4f2b-ba1d-f317ceeb0ceb
2019-10-18 07:14:31,162 [grpc-default-executor-1] INFO  impl.RoleInfo (RoleInfo.java:shutdownFollowerState(121)) - 988115cd-21c9-4558-b198-f2cedd98ccf3: shutdown FollowerState
2019-10-18 07:14:31,162 [grpc-default-executor-0] INFO  impl.RoleInfo (RoleInfo.java:shutdownFollowerState(121)) - 24274e9f-e41f-4654-9afc-a783ca44e44b: shutdown FollowerState
2019-10-18 07:14:31,163 [Thread-1372] INFO  impl.FollowerState (FollowerState.java:run(117)) - 988115cd-21c9-4558-b198-f2cedd98ccf3@group-20BE3FF63202-FollowerState was interrupted: java.lang.InterruptedException: sleep interrupted
2019-10-18 07:14:31,163 [grpc-default-executor-1] INFO  impl.RoleInfo (RoleInfo.java:updateAndGet(143)) - 988115cd-21c9-4558-b198-f2cedd98ccf3: start FollowerState
2019-10-18 07:14:31,163 [Thread-1373] INFO  impl.FollowerState (FollowerState.java:run(117)) - 24274e9f-e41f-4654-9afc-a783ca44e44b@group-20BE3FF63202-FollowerState was interrupted: java.lang.InterruptedException: sleep interrupted
2019-10-18 07:14:31,163 [grpc-default-executor-0] INFO  impl.RoleInfo (RoleInfo.java:updateAndGet(143)) - 24274e9f-e41f-4654-9afc-a783ca44e44b: start FollowerState
2019-10-18 07:14:31,207 [c52c3de9-0ed1-4f2b-ba1d-f317ceeb0ceb@group-20BE3FF63202-LeaderElection146] INFO  impl.LeaderElection (LeaderElection.java:logAndReturn(56)) - c52c3de9-0ed1-4f2b-ba1d-f317ceeb0ceb@group-20BE3FF63202-LeaderElection146: Election REJECTED; received 2 response(s) [c52c3de9-0ed1-4f2b-ba1d-f317ceeb0ceb<-24274e9f-e41f-4654-9afc-a783ca44e44b#0:FAIL-t167, c52c3de9-0ed1-4f2b-ba1d-f317ceeb0ceb<-988115cd-21c9-4558-b198-f2cedd98ccf3#0:FAIL-t167] and 0 exception(s); c52c3de9-0ed1-4f2b-ba1d-f317ceeb0ceb@group-20BE3FF63202:t167, leader=null, voted=c52c3de9-0ed1-4f2b-ba1d-f317ceeb0ceb, raftlog=c52c3de9-0ed1-4f2b-ba1d-f317ceeb0ceb@group-20BE3FF63202-SegmentedRaftLog:OPENED:c-1,f-1,i0, conf=-1: [24274e9f-e41f-4654-9afc-a783ca44e44b:192.168.69.67:35902, 988115cd-21c9-4558-b198-f2cedd98ccf3:192.168.69.67:44208, c52c3de9-0ed1-4f2b-ba1d-f317ceeb0ceb:192.168.69.67:37615], old=null
2019-10-18 07:14:31,207 [c52c3de9-0ed1-4f2b-ba1d-f317ceeb0ceb@group-20BE3FF63202-LeaderElection146] INFO  impl.RaftServerImpl (RaftServerImpl.java:setRole(184)) - c52c3de9-0ed1-4f2b-ba1d-f317ceeb0ceb@group-20BE3FF63202: changes role from CANDIDATE to FOLLOWER at term 167 for DISCOVERED_A_NEW_TERM
2019-10-18 07:14:31,207 [c52c3de9-0ed1-4f2b-ba1d-f317ceeb0ceb@group-20BE3FF63202-LeaderElection146] INFO  impl.RoleInfo (RoleInfo.java:shutdownLeaderElection(134)) - c52c3de9-0ed1-4f2b-ba1d-f317ceeb0ceb: shutdown LeaderElection
2019-10-18 07:14:31,207 [c52c3de9-0ed1-4f2b-ba1d-f317ceeb0ceb@group-20BE3FF63202-LeaderElection146] INFO  impl.RoleInfo (RoleInfo.java:updateAndGet(143)) - c52c3de9-0ed1-4f2b-ba1d-f317ceeb0ceb: start FollowerState
2019-10-18 07:14:31,376 [Thread-1380] INFO  impl.FollowerState (FollowerState.java:run(108)) - c52c3de9-0ed1-4f2b-ba1d-f317ceeb0ceb@group-20BE3FF63202-FollowerState: change to CANDIDATE, lastRpcTime:168ms, electionTimeout:168ms
2019-10-18 07:14:31,377 [Thread-1380] INFO  impl.RoleInfo (RoleInfo.java:shutdownFollowerState(121)) - c52c3de9-0ed1-4f2b-ba1d-f317ceeb0ceb: shutdown FollowerState
2019-10-18 07:14:31,377 [Thread-1380] INFO  impl.RaftServerImpl (RaftServerImpl.java:setRole(184)) - c52c3de9-0ed1-4f2b-ba1d-f317ceeb0ceb@group-20BE3FF63202: changes role from  FOLLOWER to CANDIDATE at term 167 for changeToCandidate
2019-10-18 07:14:31,393 [Thread-1380] INFO  impl.RoleInfo (RoleInfo.java:updateAndGet(143)) - c52c3de9-0ed1-4f2b-ba1d-f317ceeb0ceb: start LeaderElection
2019-10-18 07:14:31,476 [main] INFO  ozone.MiniOzoneClusterImpl (MiniOzoneClusterImpl.java:lambda$waitForClusterToBeReady$2(164)) - Waiting for 1 number of pipelines out of 9, to report a leader.
2019-10-18 07:14:31,491 [c52c3de9-0ed1-4f2b-ba1d-f317ceeb0ceb@group-20BE3FF63202-LeaderElection147] INFO  impl.LeaderElection (LeaderElection.java:askForVotes(178)) - c52c3de9-0ed1-4f2b-ba1d-f317ceeb0ceb@group-20BE3FF63202-LeaderElection147: begin an election at term 168 for -1: [24274e9f-e41f-4654-9afc-a783ca44e44b:192.168.69.67:35902, 988115cd-21c9-4558-b198-f2cedd98ccf3:192.168.69.67:44208, c52c3de9-0ed1-4f2b-ba1d-f317ceeb0ceb:192.168.69.67:37615], old=null
2019-10-18 07:14:31,500 [grpc-default-executor-0] INFO  impl.RaftServerImpl (RaftServerImpl.java:setRole(184)) - 988115cd-21c9-4558-b198-f2cedd98ccf3@group-20BE3FF63202: changes role from  FOLLOWER to FOLLOWER at term 168 for recognizeCandidate:c52c3de9-0ed1-4f2b-ba1d-f317ceeb0ceb
2019-10-18 07:14:31,500 [grpc-default-executor-0] INFO  impl.RoleInfo (RoleInfo.java:shutdownFollowerState(121)) - 988115cd-21c9-4558-b198-f2cedd98ccf3: shutdown FollowerState
2019-10-18 07:14:31,500 [grpc-default-executor-1] INFO  impl.RaftServerImpl (RaftServerImpl.java:setRole(184)) - 24274e9f-e41f-4654-9afc-a783ca44e44b@group-20BE3FF63202: changes role from  FOLLOWER to FOLLOWER at term 168 for recognizeCandidate:c52c3de9-0ed1-4f2b-ba1d-f317ceeb0ceb
2019-10-18 07:14:31,500 [Thread-1378] INFO  impl.FollowerState (FollowerState.java:run(117)) - 988115cd-21c9-4558-b198-f2cedd98ccf3@group-20BE3FF63202-FollowerState was interrupted: java.lang.InterruptedException: sleep interrupted
2019-10-18 07:14:31,500 [grpc-default-executor-0] INFO  impl.RoleInfo (RoleInfo.java:updateAndGet(143)) - 988115cd-21c9-4558-b198-f2cedd98ccf3: start FollowerState
2019-10-18 07:14:31,500 [grpc-default-executor-1] INFO  impl.RoleInfo (RoleInfo.java:shutdownFollowerState(121)) - 24274e9f-e41f-4654-9afc-a783ca44e44b: shutdown FollowerState
2019-10-18 07:14:31,501 [grpc-default-executor-1] INFO  impl.RoleInfo (RoleInfo.java:updateAndGet(143)) - 24274e9f-e41f-4654-9afc-a783ca44e44b: start FollowerState
2019-10-18 07:14:31,501 [Thread-1379] INFO  impl.FollowerState (FollowerState.java:run(117)) - 24274e9f-e41f-4654-9afc-a783ca44e44b@group-20BE3FF63202-FollowerState was interrupted: java.lang.InterruptedException: sleep interrupted
2019-10-18 07:14:31,547 [c52c3de9-0ed1-4f2b-ba1d-f317ceeb0ceb@group-20BE3FF63202-LeaderElection147] INFO  impl.LeaderElection (LeaderElection.java:logAndReturn(56)) - c52c3de9-0ed1-4f2b-ba1d-f317ceeb0ceb@group-20BE3FF63202-LeaderElection147: Election REJECTED; received 2 response(s) [c52c3de9-0ed1-4f2b-ba1d-f317ceeb0ceb<-24274e9f-e41f-4654-9afc-a783ca44e44b#0:FAIL-t168, c52c3de9-0ed1-4f2b-ba1d-f317ceeb0ceb<-988115cd-21c9-4558-b198-f2cedd98ccf3#0:FAIL-t168] and 0 exception(s); c52c3de9-0ed1-4f2b-ba1d-f317ceeb0ceb@group-20BE3FF63202:t168, leader=null, voted=c52c3de9-0ed1-4f2b-ba1d-f317ceeb0ceb, raftlog=c52c3de9-0ed1-4f2b-ba1d-f317ceeb0ceb@group-20BE3FF63202-SegmentedRaftLog:OPENED:c-1,f-1,i0, conf=-1: [24274e9f-e41f-4654-9afc-a783ca44e44b:192.168.69.67:35902, 988115cd-21c9-4558-b198-f2cedd98ccf3:192.168.69.67:44208, c52c3de9-0ed1-4f2b-ba1d-f317ceeb0ceb:192.168.69.67:37615], old=null
2019-10-18 07:14:31,548 [c52c3de9-0ed1-4f2b-ba1d-f317ceeb0ceb@group-20BE3FF63202-LeaderElection147] INFO  impl.RaftServerImpl (RaftServerImpl.java:setRole(184)) - c52c3de9-0ed1-4f2b-ba1d-f317ceeb0ceb@group-20BE3FF63202: changes role from CANDIDATE to FOLLOWER at term 168 for DISCOVERED_A_NEW_TERM
2019-10-18 07:14:31,548 [c52c3de9-0ed1-4f2b-ba1d-f317ceeb0ceb@group-20BE3FF63202-LeaderElection147] INFO  impl.RoleInfo (RoleInfo.java:shutdownLeaderElection(134)) - c52c3de9-0ed1-4f2b-ba1d-f317ceeb0ceb: shutdown LeaderElection
2019-10-18 07:14:31,548 [c52c3de9-0ed1-4f2b-ba1d-f317ceeb0ceb@group-20BE3FF63202-LeaderElection147] INFO  impl.RoleInfo (RoleInfo.java:updateAndGet(143)) - c52c3de9-0ed1-4f2b-ba1d-f317ceeb0ceb: start FollowerState
2019-10-18 07:14:31,630 [Thread-1386] INFO  impl.FollowerState (FollowerState.java:run(108)) - c52c3de9-0ed1-4f2b-ba1d-f317ceeb0ceb@group-20BE3FF63202-FollowerState: change to CANDIDATE, lastRpcTime:81ms, electionTimeout:81ms
2019-10-18 07:14:31,630 [Thread-1386] INFO  impl.RoleInfo (RoleInfo.java:shutdownFollowerState(121)) - c52c3de9-0ed1-4f2b-ba1d-f317ceeb0ceb: shutdown FollowerState
2019-10-18 07:14:31,630 [Thread-1386] INFO  impl.RaftServerImpl (RaftServerImpl.java:setRole(184)) - c52c3de9-0ed1-4f2b-ba1d-f317ceeb0ceb@group-20BE3FF63202: changes role from  FOLLOWER to CANDIDATE at term 168 for changeToCandidate
2019-10-18 07:14:31,630 [Thread-1386] INFO  impl.RoleInfo (RoleInfo.java:updateAndGet(143)) - c52c3de9-0ed1-4f2b-ba1d-f317ceeb0ceb: start LeaderElection
2019-10-18 07:14:31,685 [c52c3de9-0ed1-4f2b-ba1d-f317ceeb0ceb@group-20BE3FF63202-LeaderElection148] INFO  impl.LeaderElection (LeaderElection.java:askForVotes(178)) - c52c3de9-0ed1-4f2b-ba1d-f317ceeb0ceb@group-20BE3FF63202-LeaderElection148: begin an election at term 169 for -1: [24274e9f-e41f-4654-9afc-a783ca44e44b:192.168.69.67:35902, 988115cd-21c9-4558-b198-f2cedd98ccf3:192.168.69.67:44208, c52c3de9-0ed1-4f2b-ba1d-f317ceeb0ceb:192.168.69.67:37615], old=null
2019-10-18 07:14:31,688 [grpc-default-executor-1] INFO  impl.RaftServerImpl (RaftServerImpl.java:setRole(184)) - 24274e9f-e41f-4654-9afc-a783ca44e44b@group-20BE3FF63202: changes role from  FOLLOWER to FOLLOWER at term 169 for recognizeCandidate:c52c3de9-0ed1-4f2b-ba1d-f317ceeb0ceb
2019-10-18 07:14:31,688 [grpc-default-executor-0] INFO  impl.RaftServerImpl (RaftServerImpl.java:setRole(184)) - 988115cd-21c9-4558-b198-f2cedd98ccf3@group-20BE3FF63202: changes role from  FOLLOWER to FOLLOWER at term 169 for recognizeCandidate:c52c3de9-0ed1-4f2b-ba1d-f317ceeb0ceb
2019-10-18 07:14:31,688 [grpc-default-executor-1] INFO  impl.RoleInfo (RoleInfo.java:shutdownFollowerState(121)) - 24274e9f-e41f-4654-9afc-a783ca44e44b: shutdown FollowerState
2019-10-18 07:14:31,688 [grpc-default-executor-0] INFO  impl.RoleInfo (RoleInfo.java:shutdownFollowerState(121)) - 988115cd-21c9-4558-b198-f2cedd98ccf3: shutdown FollowerState
2019-10-18 07:14:31,688 [grpc-default-executor-1] INFO  impl.RoleInfo (RoleInfo.java:updateAndGet(143)) - 24274e9f-e41f-4654-9afc-a783ca44e44b: start FollowerState
2019-10-18 07:14:31,688 [Thread-1385] INFO  impl.FollowerState (FollowerState.java:run(117)) - 24274e9f-e41f-4654-9afc-a783ca44e44b@group-20BE3FF63202-FollowerState was interrupted: java.lang.InterruptedException: sleep interrupted
2019-10-18 07:14:31,688 [Thread-1384] INFO  impl.FollowerState (FollowerState.java:run(117)) - 988115cd-21c9-4558-b198-f2cedd98ccf3@group-20BE3FF63202-FollowerState was interrupted: java.lang.InterruptedException: sleep interrupted
2019-10-18 07:14:31,688 [grpc-default-executor-0] INFO  impl.RoleInfo (RoleInfo.java:updateAndGet(143)) - 988115cd-21c9-4558-b198-f2cedd98ccf3: start FollowerState
2019-10-18 07:14:31,728 [c52c3de9-0ed1-4f2b-ba1d-f317ceeb0ceb@group-20BE3FF63202-LeaderElection148] INFO  impl.LeaderElection (LeaderElection.java:logAndReturn(56)) - c52c3de9-0ed1-4f2b-ba1d-f317ceeb0ceb@group-20BE3FF63202-LeaderElection148: Election TIMEOUT; received 0 response(s) [] and 0 exception(s); c52c3de9-0ed1-4f2b-ba1d-f317ceeb0ceb@group-20BE3FF63202:t169, leader=null, voted=c52c3de9-0ed1-4f2b-ba1d-f317ceeb0ceb, raftlog=c52c3de9-0ed1-4f2b-ba1d-f317ceeb0ceb@group-20BE3FF63202-SegmentedRaftLog:OPENED:c-1,f-1,i0, conf=-1: [24274e9f-e41f-4654-9afc-a783ca44e44b:192.168.69.67:35902, 988115cd-21c9-4558-b198-f2cedd98ccf3:192.168.69.67:44208, c52c3de9-0ed1-4f2b-ba1d-f317ceeb0ceb:192.168.69.67:37615], old=null
2019-10-18 07:14:31,764 [c52c3de9-0ed1-4f2b-ba1d-f317ceeb0ceb@group-20BE3FF63202-LeaderElection148] INFO  impl.LeaderElection (LeaderElection.java:askForVotes(178)) - c52c3de9-0ed1-4f2b-ba1d-f317ceeb0ceb@group-20BE3FF63202-LeaderElection148: begin an election at term 170 for -1: [24274e9f-e41f-4654-9afc-a783ca44e44b:192.168.69.67:35902, 988115cd-21c9-4558-b198-f2cedd98ccf3:192.168.69.67:44208, c52c3de9-0ed1-4f2b-ba1d-f317ceeb0ceb:192.168.69.67:37615], old=null
2019-10-18 07:14:31,766 [grpc-default-executor-1] INFO  impl.RaftServerImpl (RaftServerImpl.java:setRole(184)) - 24274e9f-e41f-4654-9afc-a783ca44e44b@group-20BE3FF63202: changes role from  FOLLOWER to FOLLOWER at term 170 for recognizeCandidate:c52c3de9-0ed1-4f2b-ba1d-f317ceeb0ceb
2019-10-18 07:14:31,767 [grpc-default-executor-1] INFO  impl.RoleInfo (RoleInfo.java:shutdownFollowerState(121)) - 24274e9f-e41f-4654-9afc-a783ca44e44b: shutdown FollowerState
2019-10-18 07:14:31,767 [grpc-default-executor-1] INFO  impl.RoleInfo (RoleInfo.java:updateAndGet(143)) - 24274e9f-e41f-4654-9afc-a783ca44e44b: start FollowerState
2019-10-18 07:14:31,767 [grpc-default-executor-0] INFO  impl.RaftServerImpl (RaftServerImpl.java:setRole(184)) - 988115cd-21c9-4558-b198-f2cedd98ccf3@group-20BE3FF63202: changes role from  FOLLOWER to FOLLOWER at term 170 for recognizeCandidate:c52c3de9-0ed1-4f2b-ba1d-f317ceeb0ceb
2019-10-18 07:14:31,767 [Thread-1390] INFO  impl.FollowerState (FollowerState.java:run(117)) - 24274e9f-e41f-4654-9afc-a783ca44e44b@group-20BE3FF63202-FollowerState was interrupted: java.lang.InterruptedException: sleep interrupted
2019-10-18 07:14:31,767 [grpc-default-executor-0] INFO  impl.RoleInfo (RoleInfo.java:shutdownFollowerState(121)) - 988115cd-21c9-4558-b198-f2cedd98ccf3: shutdown FollowerState
2019-10-18 07:14:31,767 [Thread-1391] INFO  impl.FollowerState (FollowerState.java:run(117)) - 988115cd-21c9-4558-b198-f2cedd98ccf3@group-20BE3FF63202-FollowerState was interrupted: java.lang.InterruptedException: sleep interrupted
2019-10-18 07:14:31,767 [grpc-default-executor-0] INFO  impl.RoleInfo (RoleInfo.java:updateAndGet(143)) - 988115cd-21c9-4558-b198-f2cedd98ccf3: start FollowerState
2019-10-18 07:14:31,856 [c52c3de9-0ed1-4f2b-ba1d-f317ceeb0ceb@group-20BE3FF63202-LeaderElection148] INFO  impl.LeaderElection (LeaderElection.java:logAndReturn(56)) - c52c3de9-0ed1-4f2b-ba1d-f317ceeb0ceb@group-20BE3FF63202-LeaderElection148: Election REJECTED; received 2 response(s) [c52c3de9-0ed1-4f2b-ba1d-f317ceeb0ceb<-24274e9f-e41f-4654-9afc-a783ca44e44b#0:FAIL-t170, c52c3de9-0ed1-4f2b-ba1d-f317ceeb0ceb<-988115cd-21c9-4558-b198-f2cedd98ccf3#0:FAIL-t170] and 0 exception(s); c52c3de9-0ed1-4f2b-ba1d-f317ceeb0ceb@group-20BE3FF63202:t170, leader=null, voted=c52c3de9-0ed1-4f2b-ba1d-f317ceeb0ceb, raftlog=c52c3de9-0ed1-4f2b-ba1d-f317ceeb0ceb@group-20BE3FF63202-SegmentedRaftLog:OPENED:c-1,f-1,i0, conf=-1: [24274e9f-e41f-4654-9afc-a783ca44e44b:192.168.69.67:35902, 988115cd-21c9-4558-b198-f2cedd98ccf3:192.168.69.67:44208, c52c3de9-0ed1-4f2b-ba1d-f317ceeb0ceb:192.168.69.67:37615], old=null
2019-10-18 07:14:31,856 [c52c3de9-0ed1-4f2b-ba1d-f317ceeb0ceb@group-20BE3FF63202-LeaderElection148] INFO  impl.RaftServerImpl (RaftServerImpl.java:setRole(184)) - c52c3de9-0ed1-4f2b-ba1d-f317ceeb0ceb@group-20BE3FF63202: changes role from CANDIDATE to FOLLOWER at term 170 for DISCOVERED_A_NEW_TERM
2019-10-18 07:14:31,856 [c52c3de9-0ed1-4f2b-ba1d-f317ceeb0ceb@group-20BE3FF63202-LeaderElection148] INFO  impl.RoleInfo (RoleInfo.java:shutdownLeaderElection(134)) - c52c3de9-0ed1-4f2b-ba1d-f317ceeb0ceb: shutdown LeaderElection
2019-10-18 07:14:31,856 [c52c3de9-0ed1-4f2b-ba1d-f317ceeb0ceb@group-20BE3FF63202-LeaderElection148] INFO  impl.RoleInfo (RoleInfo.java:updateAndGet(143)) - c52c3de9-0ed1-4f2b-ba1d-f317ceeb0ceb: start FollowerState
2019-10-18 07:14:32,022 [Thread-1396] INFO  impl.FollowerState (FollowerState.java:run(108)) - c52c3de9-0ed1-4f2b-ba1d-f317ceeb0ceb@group-20BE3FF63202-FollowerState: change to CANDIDATE, lastRpcTime:166ms, electionTimeout:166ms
2019-10-18 07:14:32,023 [Thread-1396] INFO  impl.RoleInfo (RoleInfo.java:shutdownFollowerState(121)) - c52c3de9-0ed1-4f2b-ba1d-f317ceeb0ceb: shutdown FollowerState
2019-10-18 07:14:32,023 [Thread-1396] INFO  impl.RaftServerImpl (RaftServerImpl.java:setRole(184)) - c52c3de9-0ed1-4f2b-ba1d-f317ceeb0ceb@group-20BE3FF63202: changes role from  FOLLOWER to CANDIDATE at term 170 for changeToCandidate
2019-10-18 07:14:32,023 [Thread-1396] INFO  impl.RoleInfo (RoleInfo.java:updateAndGet(143)) - c52c3de9-0ed1-4f2b-ba1d-f317ceeb0ceb: start LeaderElection
2019-10-18 07:14:32,079 [c52c3de9-0ed1-4f2b-ba1d-f317ceeb0ceb@group-20BE3FF63202-LeaderElection149] INFO  impl.LeaderElection (LeaderElection.java:askForVotes(178)) - c52c3de9-0ed1-4f2b-ba1d-f317ceeb0ceb@group-20BE3FF63202-LeaderElection149: begin an election at term 171 for -1: [24274e9f-e41f-4654-9afc-a783ca44e44b:192.168.69.67:35902, 988115cd-21c9-4558-b198-f2cedd98ccf3:192.168.69.67:44208, c52c3de9-0ed1-4f2b-ba1d-f317ceeb0ceb:192.168.69.67:37615], old=null
2019-10-18 07:14:32,082 [grpc-default-executor-0] INFO  impl.RaftServerImpl (RaftServerImpl.java:setRole(184)) - 988115cd-21c9-4558-b198-f2cedd98ccf3@group-20BE3FF63202: changes role from  FOLLOWER to FOLLOWER at term 171 for recognizeCandidate:c52c3de9-0ed1-4f2b-ba1d-f317ceeb0ceb
2019-10-18 07:14:32,082 [grpc-default-executor-1] INFO  impl.RaftServerImpl (RaftServerImpl.java:setRole(184)) - 24274e9f-e41f-4654-9afc-a783ca44e44b@group-20BE3FF63202: changes role from  FOLLOWER to FOLLOWER at term 171 for recognizeCandidate:c52c3de9-0ed1-4f2b-ba1d-f317ceeb0ceb
2019-10-18 07:14:32,082 [grpc-default-executor-0] INFO  impl.RoleInfo (RoleInfo.java:shutdownFollowerState(121)) - 988115cd-21c9-4558-b198-f2cedd98ccf3: shutdown FollowerState
2019-10-18 07:14:32,082 [grpc-default-executor-1] INFO  impl.RoleInfo (RoleInfo.java:shutdownFollowerState(121)) - 24274e9f-e41f-4654-9afc-a783ca44e44b: shutdown FollowerState
2019-10-18 07:14:32,082 [Thread-1395] INFO  impl.FollowerState (FollowerState.java:run(117)) - 988115cd-21c9-4558-b198-f2cedd98ccf3@group-20BE3FF63202-FollowerState was interrupted: java.lang.InterruptedException: sleep interrupted
2019-10-18 07:14:32,082 [Thread-1394] INFO  impl.FollowerState (FollowerState.java:run(117)) - 24274e9f-e41f-4654-9afc-a783ca44e44b@group-20BE3FF63202-FollowerState was interrupted: java.lang.InterruptedException: sleep interrupted
2019-10-18 07:14:32,082 [grpc-default-executor-0] INFO  impl.RoleInfo (RoleInfo.java:updateAndGet(143)) - 988115cd-21c9-4558-b198-f2cedd98ccf3: start FollowerState
2019-10-18 07:14:32,082 [grpc-default-executor-1] INFO  impl.RoleInfo (RoleInfo.java:updateAndGet(143)) - 24274e9f-e41f-4654-9afc-a783ca44e44b: start FollowerState
2019-10-18 07:14:32,138 [c52c3de9-0ed1-4f2b-ba1d-f317ceeb0ceb@group-20BE3FF63202-LeaderElection149] INFO  impl.LeaderElection (LeaderElection.java:logAndReturn(56)) - c52c3de9-0ed1-4f2b-ba1d-f317ceeb0ceb@group-20BE3FF63202-LeaderElection149: Election REJECTED; received 2 response(s) [c52c3de9-0ed1-4f2b-ba1d-f317ceeb0ceb<-24274e9f-e41f-4654-9afc-a783ca44e44b#0:FAIL-t171, c52c3de9-0ed1-4f2b-ba1d-f317ceeb0ceb<-988115cd-21c9-4558-b198-f2cedd98ccf3#0:FAIL-t171] and 0 exception(s); c52c3de9-0ed1-4f2b-ba1d-f317ceeb0ceb@group-20BE3FF63202:t171, leader=null, voted=c52c3de9-0ed1-4f2b-ba1d-f317ceeb0ceb, raftlog=c52c3de9-0ed1-4f2b-ba1d-f317ceeb0ceb@group-20BE3FF63202-SegmentedRaftLog:OPENED:c-1,f-1,i0, conf=-1: [24274e9f-e41f-4654-9afc-a783ca44e44b:192.168.69.67:35902, 988115cd-21c9-4558-b198-f2cedd98ccf3:192.168.69.67:44208, c52c3de9-0ed1-4f2b-ba1d-f317ceeb0ceb:192.168.69.67:37615], old=null
2019-10-18 07:14:32,138 [c52c3de9-0ed1-4f2b-ba1d-f317ceeb0ceb@group-20BE3FF63202-LeaderElection149] INFO  impl.RaftServerImpl (RaftServerImpl.java:setRole(184)) - c52c3de9-0ed1-4f2b-ba1d-f317ceeb0ceb@group-20BE3FF63202: changes role from CANDIDATE to FOLLOWER at term 171 for DISCOVERED_A_NEW_TERM
2019-10-18 07:14:32,138 [c52c3de9-0ed1-4f2b-ba1d-f317ceeb0ceb@group-20BE3FF63202-LeaderElection149] INFO  impl.RoleInfo (RoleInfo.java:shutdownLeaderElection(134)) - c52c3de9-0ed1-4f2b-ba1d-f317ceeb0ceb: shutdown LeaderElection
2019-10-18 07:14:32,138 [c52c3de9-0ed1-4f2b-ba1d-f317ceeb0ceb@group-20BE3FF63202-LeaderElection149] INFO  impl.RoleInfo (RoleInfo.java:updateAndGet(143)) - c52c3de9-0ed1-4f2b-ba1d-f317ceeb0ceb: start FollowerState
2019-10-18 07:14:32,239 [Thread-1402] INFO  impl.FollowerState (FollowerState.java:run(108)) - c52c3de9-0ed1-4f2b-ba1d-f317ceeb0ceb@group-20BE3FF63202-FollowerState: change to CANDIDATE, lastRpcTime:100ms, electionTimeout:100ms
2019-10-18 07:14:32,239 [Thread-1402] INFO  impl.RoleInfo (RoleInfo.java:shutdownFollowerState(121)) - c52c3de9-0ed1-4f2b-ba1d-f317ceeb0ceb: shutdown FollowerState
2019-10-18 07:14:32,239 [Thread-1402] INFO  impl.RaftServerImpl (RaftServerImpl.java:setRole(184)) - c52c3de9-0ed1-4f2b-ba1d-f317ceeb0ceb@group-20BE3FF63202: changes role from  FOLLOWER to CANDIDATE at term 171 for changeToCandidate
2019-10-18 07:14:32,239 [Thread-1402] INFO  impl.RoleInfo (RoleInfo.java:updateAndGet(143)) - c52c3de9-0ed1-4f2b-ba1d-f317ceeb0ceb: start LeaderElection
2019-10-18 07:14:32,297 [c52c3de9-0ed1-4f2b-ba1d-f317ceeb0ceb@group-20BE3FF63202-LeaderElection150] INFO  impl.LeaderElection (LeaderElection.java:askForVotes(178)) - c52c3de9-0ed1-4f2b-ba1d-f317ceeb0ceb@group-20BE3FF63202-LeaderElection150: begin an election at term 172 for -1: [24274e9f-e41f-4654-9afc-a783ca44e44b:192.168.69.67:35902, 988115cd-21c9-4558-b198-f2cedd98ccf3:192.168.69.67:44208, c52c3de9-0ed1-4f2b-ba1d-f317ceeb0ceb:192.168.69.67:37615], old=null
2019-10-18 07:14:32,300 [grpc-default-executor-1] INFO  impl.RaftServerImpl (RaftServerImpl.java:setRole(184)) - 24274e9f-e41f-4654-9afc-a783ca44e44b@group-20BE3FF63202: changes role from  FOLLOWER to FOLLOWER at term 172 for recognizeCandidate:c52c3de9-0ed1-4f2b-ba1d-f317ceeb0ceb
2019-10-18 07:14:32,300 [grpc-default-executor-1] INFO  impl.RoleInfo (RoleInfo.java:shutdownFollowerState(121)) - 24274e9f-e41f-4654-9afc-a783ca44e44b: shutdown FollowerState
2019-10-18 07:14:32,300 [grpc-default-executor-0] INFO  impl.RaftServerImpl (RaftServerImpl.java:setRole(184)) - 988115cd-21c9-4558-b198-f2cedd98ccf3@group-20BE3FF63202: changes role from  FOLLOWER to FOLLOWER at term 172 for recognizeCandidate:c52c3de9-0ed1-4f2b-ba1d-f317ceeb0ceb
2019-10-18 07:14:32,300 [grpc-default-executor-1] INFO  impl.RoleInfo (RoleInfo.java:updateAndGet(143)) - 24274e9f-e41f-4654-9afc-a783ca44e44b: start FollowerState
2019-10-18 07:14:32,300 [Thread-1401] INFO  impl.FollowerState (FollowerState.java:run(117)) - 24274e9f-e41f-4654-9afc-a783ca44e44b@group-20BE3FF63202-FollowerState was interrupted: java.lang.InterruptedException: sleep interrupted
2019-10-18 07:14:32,300 [grpc-default-executor-0] INFO  impl.RoleInfo (RoleInfo.java:shutdownFollowerState(121)) - 988115cd-21c9-4558-b198-f2cedd98ccf3: shutdown FollowerState
2019-10-18 07:14:32,301 [grpc-default-executor-0] INFO  impl.RoleInfo (RoleInfo.java:updateAndGet(143)) - 988115cd-21c9-4558-b198-f2cedd98ccf3: start FollowerState
2019-10-18 07:14:32,301 [Thread-1400] INFO  impl.FollowerState (FollowerState.java:run(117)) - 988115cd-21c9-4558-b198-f2cedd98ccf3@group-20BE3FF63202-FollowerState was interrupted: java.lang.InterruptedException: sleep interrupted
2019-10-18 07:14:32,324 [c52c3de9-0ed1-4f2b-ba1d-f317ceeb0ceb@group-20BE3FF63202-LeaderElection150] INFO  impl.LeaderElection (LeaderElection.java:logAndReturn(56)) - c52c3de9-0ed1-4f2b-ba1d-f317ceeb0ceb@group-20BE3FF63202-LeaderElection150: Election TIMEOUT; received 0 response(s) [] and 0 exception(s); c52c3de9-0ed1-4f2b-ba1d-f317ceeb0ceb@group-20BE3FF63202:t172, leader=null, voted=c52c3de9-0ed1-4f2b-ba1d-f317ceeb0ceb, raftlog=c52c3de9-0ed1-4f2b-ba1d-f317ceeb0ceb@group-20BE3FF63202-SegmentedRaftLog:OPENED:c-1,f-1,i0, conf=-1: [24274e9f-e41f-4654-9afc-a783ca44e44b:192.168.69.67:35902, 988115cd-21c9-4558-b198-f2cedd98ccf3:192.168.69.67:44208, c52c3de9-0ed1-4f2b-ba1d-f317ceeb0ceb:192.168.69.67:37615], old=null
2019-10-18 07:14:32,360 [c52c3de9-0ed1-4f2b-ba1d-f317ceeb0ceb@group-20BE3FF63202-LeaderElection150] INFO  impl.LeaderElection (LeaderElection.java:askForVotes(178)) - c52c3de9-0ed1-4f2b-ba1d-f317ceeb0ceb@group-20BE3FF63202-LeaderElection150: begin an election at term 173 for -1: [24274e9f-e41f-4654-9afc-a783ca44e44b:192.168.69.67:35902, 988115cd-21c9-4558-b198-f2cedd98ccf3:192.168.69.67:44208, c52c3de9-0ed1-4f2b-ba1d-f317ceeb0ceb:192.168.69.67:37615], old=null
2019-10-18 07:14:32,363 [grpc-default-executor-0] INFO  impl.RaftServerImpl (RaftServerImpl.java:setRole(184)) - 24274e9f-e41f-4654-9afc-a783ca44e44b@group-20BE3FF63202: changes role from  FOLLOWER to FOLLOWER at term 173 for recognizeCandidate:c52c3de9-0ed1-4f2b-ba1d-f317ceeb0ceb
2019-10-18 07:14:32,363 [grpc-default-executor-0] INFO  impl.RoleInfo (RoleInfo.java:shutdownFollowerState(121)) - 24274e9f-e41f-4654-9afc-a783ca44e44b: shutdown FollowerState
2019-10-18 07:14:32,363 [grpc-default-executor-0] INFO  impl.RoleInfo (RoleInfo.java:updateAndGet(143)) - 24274e9f-e41f-4654-9afc-a783ca44e44b: start FollowerState
2019-10-18 07:14:32,363 [grpc-default-executor-1] INFO  impl.RaftServerImpl (RaftServerImpl.java:setRole(184)) - 988115cd-21c9-4558-b198-f2cedd98ccf3@group-20BE3FF63202: changes role from  FOLLOWER to FOLLOWER at term 173 for recognizeCandidate:c52c3de9-0ed1-4f2b-ba1d-f317ceeb0ceb
2019-10-18 07:14:32,363 [grpc-default-executor-1] INFO  impl.RoleInfo (RoleInfo.java:shutdownFollowerState(121)) - 988115cd-21c9-4558-b198-f2cedd98ccf3: shutdown FollowerState
2019-10-18 07:14:32,363 [Thread-1406] INFO  impl.FollowerState (FollowerState.java:run(117)) - 24274e9f-e41f-4654-9afc-a783ca44e44b@group-20BE3FF63202-FollowerState was interrupted: java.lang.InterruptedException: sleep interrupted
2019-10-18 07:14:32,364 [Thread-1407] INFO  impl.FollowerState (FollowerState.java:run(117)) - 988115cd-21c9-4558-b198-f2cedd98ccf3@group-20BE3FF63202-FollowerState was interrupted: java.lang.InterruptedException: sleep interrupted
2019-10-18 07:14:32,363 [grpc-default-executor-1] INFO  impl.RoleInfo (RoleInfo.java:updateAndGet(143)) - 988115cd-21c9-4558-b198-f2cedd98ccf3: start FollowerState
2019-10-18 07:14:32,373 [c52c3de9-0ed1-4f2b-ba1d-f317ceeb0ceb@group-20BE3FF63202-LeaderElection150] INFO  impl.LeaderElection (LeaderElection.java:logAndReturn(56)) - c52c3de9-0ed1-4f2b-ba1d-f317ceeb0ceb@group-20BE3FF63202-LeaderElection150: Election REJECTED; received 2 response(s) [c52c3de9-0ed1-4f2b-ba1d-f317ceeb0ceb<-24274e9f-e41f-4654-9afc-a783ca44e44b#0:FAIL-t173, c52c3de9-0ed1-4f2b-ba1d-f317ceeb0ceb<-988115cd-21c9-4558-b198-f2cedd98ccf3#0:FAIL-t173] and 0 exception(s); c52c3de9-0ed1-4f2b-ba1d-f317ceeb0ceb@group-20BE3FF63202:t173, leader=null, voted=c52c3de9-0ed1-4f2b-ba1d-f317ceeb0ceb, raftlog=c52c3de9-0ed1-4f2b-ba1d-f317ceeb0ceb@group-20BE3FF63202-SegmentedRaftLog:OPENED:c-1,f-1,i0, conf=-1: [24274e9f-e41f-4654-9afc-a783ca44e44b:192.168.69.67:35902, 988115cd-21c9-4558-b198-f2cedd98ccf3:192.168.69.67:44208, c52c3de9-0ed1-4f2b-ba1d-f317ceeb0ceb:192.168.69.67:37615], old=null
2019-10-18 07:14:32,373 [c52c3de9-0ed1-4f2b-ba1d-f317ceeb0ceb@group-20BE3FF63202-LeaderElection150] INFO  impl.RaftServerImpl (RaftServerImpl.java:setRole(184)) - c52c3de9-0ed1-4f2b-ba1d-f317ceeb0ceb@group-20BE3FF63202: changes role from CANDIDATE to FOLLOWER at term 173 for DISCOVERED_A_NEW_TERM
2019-10-18 07:14:32,373 [c52c3de9-0ed1-4f2b-ba1d-f317ceeb0ceb@group-20BE3FF63202-LeaderElection150] INFO  impl.RoleInfo (RoleInfo.java:shutdownLeaderElection(134)) - c52c3de9-0ed1-4f2b-ba1d-f317ceeb0ceb: shutdown LeaderElection
2019-10-18 07:14:32,373 [c52c3de9-0ed1-4f2b-ba1d-f317ceeb0ceb@group-20BE3FF63202-LeaderElection150] INFO  impl.RoleInfo (RoleInfo.java:updateAndGet(143)) - c52c3de9-0ed1-4f2b-ba1d-f317ceeb0ceb: start FollowerState
2019-10-18 07:14:32,477 [main] INFO  ozone.MiniOzoneClusterImpl (MiniOzoneClusterImpl.java:lambda$waitForClusterToBeReady$2(164)) - Waiting for 1 number of pipelines out of 9, to report a leader.
2019-10-18 07:14:32,482 [Thread-1412] INFO  impl.FollowerState (FollowerState.java:run(108)) - c52c3de9-0ed1-4f2b-ba1d-f317ceeb0ceb@group-20BE3FF63202-FollowerState: change to CANDIDATE, lastRpcTime:108ms, electionTimeout:108ms
2019-10-18 07:14:32,482 [Thread-1412] INFO  impl.RoleInfo (RoleInfo.java:shutdownFollowerState(121)) - c52c3de9-0ed1-4f2b-ba1d-f317ceeb0ceb: shutdown FollowerState
2019-10-18 07:14:32,482 [Thread-1412] INFO  impl.RaftServerImpl (RaftServerImpl.java:setRole(184)) - c52c3de9-0ed1-4f2b-ba1d-f317ceeb0ceb@group-20BE3FF63202: changes role from  FOLLOWER to CANDIDATE at term 173 for changeToCandidate
2019-10-18 07:14:32,482 [Thread-1412] INFO  impl.RoleInfo (RoleInfo.java:updateAndGet(143)) - c52c3de9-0ed1-4f2b-ba1d-f317ceeb0ceb: start LeaderElection
2019-10-18 07:14:32,546 [c52c3de9-0ed1-4f2b-ba1d-f317ceeb0ceb@group-20BE3FF63202-LeaderElection151] INFO  impl.LeaderElection (LeaderElection.java:askForVotes(178)) - c52c3de9-0ed1-4f2b-ba1d-f317ceeb0ceb@group-20BE3FF63202-LeaderElection151: begin an election at term 174 for -1: [24274e9f-e41f-4654-9afc-a783ca44e44b:192.168.69.67:35902, 988115cd-21c9-4558-b198-f2cedd98ccf3:192.168.69.67:44208, c52c3de9-0ed1-4f2b-ba1d-f317ceeb0ceb:192.168.69.67:37615], old=null
2019-10-18 07:14:32,549 [grpc-default-executor-1] INFO  impl.RaftServerImpl (RaftServerImpl.java:setRole(184)) - 24274e9f-e41f-4654-9afc-a783ca44e44b@group-20BE3FF63202: changes role from  FOLLOWER to FOLLOWER at term 174 for recognizeCandidate:c52c3de9-0ed1-4f2b-ba1d-f317ceeb0ceb
2019-10-18 07:14:32,549 [grpc-default-executor-0] INFO  impl.RaftServerImpl (RaftServerImpl.java:setRole(184)) - 988115cd-21c9-4558-b198-f2cedd98ccf3@group-20BE3FF63202: changes role from  FOLLOWER to FOLLOWER at term 174 for recognizeCandidate:c52c3de9-0ed1-4f2b-ba1d-f317ceeb0ceb
2019-10-18 07:14:32,550 [grpc-default-executor-1] INFO  impl.RoleInfo (RoleInfo.java:shutdownFollowerState(121)) - 24274e9f-e41f-4654-9afc-a783ca44e44b: shutdown FollowerState
2019-10-18 07:14:32,550 [grpc-default-executor-0] INFO  impl.RoleInfo (RoleInfo.java:shutdownFollowerState(121)) - 988115cd-21c9-4558-b198-f2cedd98ccf3: shutdown FollowerState
2019-10-18 07:14:32,550 [Thread-1410] INFO  impl.FollowerState (FollowerState.java:run(117)) - 24274e9f-e41f-4654-9afc-a783ca44e44b@group-20BE3FF63202-FollowerState was interrupted: java.lang.InterruptedException: sleep interrupted
2019-10-18 07:14:32,550 [grpc-default-executor-1] INFO  impl.RoleInfo (RoleInfo.java:updateAndGet(143)) - 24274e9f-e41f-4654-9afc-a783ca44e44b: start FollowerState
2019-10-18 07:14:32,550 [Thread-1411] INFO  impl.FollowerState (FollowerState.java:run(117)) - 988115cd-21c9-4558-b198-f2cedd98ccf3@group-20BE3FF63202-FollowerState was interrupted: java.lang.InterruptedException: sleep interrupted
2019-10-18 07:14:32,550 [grpc-default-executor-0] INFO  impl.RoleInfo (RoleInfo.java:updateAndGet(143)) - 988115cd-21c9-4558-b198-f2cedd98ccf3: start FollowerState
2019-10-18 07:14:32,603 [c52c3de9-0ed1-4f2b-ba1d-f317ceeb0ceb@group-20BE3FF63202-LeaderElection151] INFO  impl.LeaderElection (LeaderElection.java:logAndReturn(56)) - c52c3de9-0ed1-4f2b-ba1d-f317ceeb0ceb@group-20BE3FF63202-LeaderElection151: Election REJECTED; received 2 response(s) [c52c3de9-0ed1-4f2b-ba1d-f317ceeb0ceb<-24274e9f-e41f-4654-9afc-a783ca44e44b#0:FAIL-t174, c52c3de9-0ed1-4f2b-ba1d-f317ceeb0ceb<-988115cd-21c9-4558-b198-f2cedd98ccf3#0:FAIL-t174] and 0 exception(s); c52c3de9-0ed1-4f2b-ba1d-f317ceeb0ceb@group-20BE3FF63202:t174, leader=null, voted=c52c3de9-0ed1-4f2b-ba1d-f317ceeb0ceb, raftlog=c52c3de9-0ed1-4f2b-ba1d-f317ceeb0ceb@group-20BE3FF63202-SegmentedRaftLog:OPENED:c-1,f-1,i0, conf=-1: [24274e9f-e41f-4654-9afc-a783ca44e44b:192.168.69.67:35902, 988115cd-21c9-4558-b198-f2cedd98ccf3:192.168.69.67:44208, c52c3de9-0ed1-4f2b-ba1d-f317ceeb0ceb:192.168.69.67:37615], old=null
2019-10-18 07:14:32,604 [c52c3de9-0ed1-4f2b-ba1d-f317ceeb0ceb@group-20BE3FF63202-LeaderElection151] INFO  impl.RaftServerImpl (RaftServerImpl.java:setRole(184)) - c52c3de9-0ed1-4f2b-ba1d-f317ceeb0ceb@group-20BE3FF63202: changes role from CANDIDATE to FOLLOWER at term 174 for DISCOVERED_A_NEW_TERM
2019-10-18 07:14:32,604 [c52c3de9-0ed1-4f2b-ba1d-f317ceeb0ceb@group-20BE3FF63202-LeaderElection151] INFO  impl.RoleInfo (RoleInfo.java:shutdownLeaderElection(134)) - c52c3de9-0ed1-4f2b-ba1d-f317ceeb0ceb: shutdown LeaderElection
2019-10-18 07:14:32,604 [c52c3de9-0ed1-4f2b-ba1d-f317ceeb0ceb@group-20BE3FF63202-LeaderElection151] INFO  impl.RoleInfo (RoleInfo.java:updateAndGet(143)) - c52c3de9-0ed1-4f2b-ba1d-f317ceeb0ceb: start FollowerState
2019-10-18 07:14:32,731 [Thread-1418] INFO  impl.FollowerState (FollowerState.java:run(108)) - c52c3de9-0ed1-4f2b-ba1d-f317ceeb0ceb@group-20BE3FF63202-FollowerState: change to CANDIDATE, lastRpcTime:126ms, electionTimeout:126ms
2019-10-18 07:14:32,731 [Thread-1418] INFO  impl.RoleInfo (RoleInfo.java:shutdownFollowerState(121)) - c52c3de9-0ed1-4f2b-ba1d-f317ceeb0ceb: shutdown FollowerState
2019-10-18 07:14:32,731 [Thread-1418] INFO  impl.RaftServerImpl (RaftServerImpl.java:setRole(184)) - c52c3de9-0ed1-4f2b-ba1d-f317ceeb0ceb@group-20BE3FF63202: changes role from  FOLLOWER to CANDIDATE at term 174 for changeToCandidate
2019-10-18 07:14:32,731 [Thread-1418] INFO  impl.RoleInfo (RoleInfo.java:updateAndGet(143)) - c52c3de9-0ed1-4f2b-ba1d-f317ceeb0ceb: start LeaderElection
2019-10-18 07:14:32,799 [c52c3de9-0ed1-4f2b-ba1d-f317ceeb0ceb@group-20BE3FF63202-LeaderElection152] INFO  impl.LeaderElection (LeaderElection.java:askForVotes(178)) - c52c3de9-0ed1-4f2b-ba1d-f317ceeb0ceb@group-20BE3FF63202-LeaderElection152: begin an election at term 175 for -1: [24274e9f-e41f-4654-9afc-a783ca44e44b:192.168.69.67:35902, 988115cd-21c9-4558-b198-f2cedd98ccf3:192.168.69.67:44208, c52c3de9-0ed1-4f2b-ba1d-f317ceeb0ceb:192.168.69.67:37615], old=null
2019-10-18 07:14:32,802 [grpc-default-executor-1] INFO  impl.RaftServerImpl (RaftServerImpl.java:setRole(184)) - 24274e9f-e41f-4654-9afc-a783ca44e44b@group-20BE3FF63202: changes role from  FOLLOWER to FOLLOWER at term 175 for recognizeCandidate:c52c3de9-0ed1-4f2b-ba1d-f317ceeb0ceb
2019-10-18 07:14:32,802 [grpc-default-executor-1] INFO  impl.RoleInfo (RoleInfo.java:shutdownFollowerState(121)) - 24274e9f-e41f-4654-9afc-a783ca44e44b: shutdown FollowerState
2019-10-18 07:14:32,802 [grpc-default-executor-1] INFO  impl.RoleInfo (RoleInfo.java:updateAndGet(143)) - 24274e9f-e41f-4654-9afc-a783ca44e44b: start FollowerState
2019-10-18 07:14:32,802 [Thread-1416] INFO  impl.FollowerState (FollowerState.java:run(117)) - 24274e9f-e41f-4654-9afc-a783ca44e44b@group-20BE3FF63202-FollowerState was interrupted: java.lang.InterruptedException: sleep interrupted
2019-10-18 07:14:32,802 [grpc-default-executor-0] INFO  impl.RaftServerImpl (RaftServerImpl.java:setRole(184)) - 988115cd-21c9-4558-b198-f2cedd98ccf3@group-20BE3FF63202: changes role from  FOLLOWER to FOLLOWER at term 175 for recognizeCandidate:c52c3de9-0ed1-4f2b-ba1d-f317ceeb0ceb
2019-10-18 07:14:32,803 [grpc-default-executor-0] INFO  impl.RoleInfo (RoleInfo.java:shutdownFollowerState(121)) - 988115cd-21c9-4558-b198-f2cedd98ccf3: shutdown FollowerState
2019-10-18 07:14:32,803 [grpc-default-executor-0] INFO  impl.RoleInfo (RoleInfo.java:updateAndGet(143)) - 988115cd-21c9-4558-b198-f2cedd98ccf3: start FollowerState
2019-10-18 07:14:32,803 [Thread-1417] INFO  impl.FollowerState (FollowerState.java:run(117)) - 988115cd-21c9-4558-b198-f2cedd98ccf3@group-20BE3FF63202-FollowerState was interrupted: java.lang.InterruptedException: sleep interrupted
2019-10-18 07:14:32,839 [c52c3de9-0ed1-4f2b-ba1d-f317ceeb0ceb@group-20BE3FF63202-LeaderElection152] INFO  impl.LeaderElection (LeaderElection.java:logAndReturn(56)) - c52c3de9-0ed1-4f2b-ba1d-f317ceeb0ceb@group-20BE3FF63202-LeaderElection152: Election REJECTED; received 2 response(s) [c52c3de9-0ed1-4f2b-ba1d-f317ceeb0ceb<-24274e9f-e41f-4654-9afc-a783ca44e44b#0:FAIL-t175, c52c3de9-0ed1-4f2b-ba1d-f317ceeb0ceb<-988115cd-21c9-4558-b198-f2cedd98ccf3#0:FAIL-t175] and 0 exception(s); c52c3de9-0ed1-4f2b-ba1d-f317ceeb0ceb@group-20BE3FF63202:t175, leader=null, voted=c52c3de9-0ed1-4f2b-ba1d-f317ceeb0ceb, raftlog=c52c3de9-0ed1-4f2b-ba1d-f317ceeb0ceb@group-20BE3FF63202-SegmentedRaftLog:OPENED:c-1,f-1,i0, conf=-1: [24274e9f-e41f-4654-9afc-a783ca44e44b:192.168.69.67:35902, 988115cd-21c9-4558-b198-f2cedd98ccf3:192.168.69.67:44208, c52c3de9-0ed1-4f2b-ba1d-f317ceeb0ceb:192.168.69.67:37615], old=null
2019-10-18 07:14:32,839 [c52c3de9-0ed1-4f2b-ba1d-f317ceeb0ceb@group-20BE3FF63202-LeaderElection152] INFO  impl.RaftServerImpl (RaftServerImpl.java:setRole(184)) - c52c3de9-0ed1-4f2b-ba1d-f317ceeb0ceb@group-20BE3FF63202: changes role from CANDIDATE to FOLLOWER at term 175 for DISCOVERED_A_NEW_TERM
2019-10-18 07:14:32,839 [c52c3de9-0ed1-4f2b-ba1d-f317ceeb0ceb@group-20BE3FF63202-LeaderElection152] INFO  impl.RoleInfo (RoleInfo.java:shutdownLeaderElection(134)) - c52c3de9-0ed1-4f2b-ba1d-f317ceeb0ceb: shutdown LeaderElection
2019-10-18 07:14:32,839 [c52c3de9-0ed1-4f2b-ba1d-f317ceeb0ceb@group-20BE3FF63202-LeaderElection152] INFO  impl.RoleInfo (RoleInfo.java:updateAndGet(143)) - c52c3de9-0ed1-4f2b-ba1d-f317ceeb0ceb: start FollowerState
2019-10-18 07:14:33,035 [Thread-1426] INFO  impl.FollowerState (FollowerState.java:run(108)) - c52c3de9-0ed1-4f2b-ba1d-f317ceeb0ceb@group-20BE3FF63202-FollowerState: change to CANDIDATE, lastRpcTime:195ms, electionTimeout:195ms
2019-10-18 07:14:33,035 [Thread-1426] INFO  impl.RoleInfo (RoleInfo.java:shutdownFollowerState(121)) - c52c3de9-0ed1-4f2b-ba1d-f317ceeb0ceb: shutdown FollowerState
2019-10-18 07:14:33,035 [Thread-1426] INFO  impl.RaftServerImpl (RaftServerImpl.java:setRole(184)) - c52c3de9-0ed1-4f2b-ba1d-f317ceeb0ceb@group-20BE3FF63202: changes role from  FOLLOWER to CANDIDATE at term 175 for changeToCandidate
2019-10-18 07:14:33,036 [Thread-1426] INFO  impl.RoleInfo (RoleInfo.java:updateAndGet(143)) - c52c3de9-0ed1-4f2b-ba1d-f317ceeb0ceb: start LeaderElection
2019-10-18 07:14:33,097 [c52c3de9-0ed1-4f2b-ba1d-f317ceeb0ceb@group-20BE3FF63202-LeaderElection153] INFO  impl.LeaderElection (LeaderElection.java:askForVotes(178)) - c52c3de9-0ed1-4f2b-ba1d-f317ceeb0ceb@group-20BE3FF63202-LeaderElection153: begin an election at term 176 for -1: [24274e9f-e41f-4654-9afc-a783ca44e44b:192.168.69.67:35902, 988115cd-21c9-4558-b198-f2cedd98ccf3:192.168.69.67:44208, c52c3de9-0ed1-4f2b-ba1d-f317ceeb0ceb:192.168.69.67:37615], old=null
2019-10-18 07:14:33,100 [grpc-default-executor-0] INFO  impl.RaftServerImpl (RaftServerImpl.java:setRole(184)) - 24274e9f-e41f-4654-9afc-a783ca44e44b@group-20BE3FF63202: changes role from  FOLLOWER to FOLLOWER at term 176 for recognizeCandidate:c52c3de9-0ed1-4f2b-ba1d-f317ceeb0ceb
2019-10-18 07:14:33,100 [grpc-default-executor-0] INFO  impl.RoleInfo (RoleInfo.java:shutdownFollowerState(121)) - 24274e9f-e41f-4654-9afc-a783ca44e44b: shutdown FollowerState
2019-10-18 07:14:33,100 [grpc-default-executor-1] INFO  impl.RaftServerImpl (RaftServerImpl.java:setRole(184)) - 988115cd-21c9-4558-b198-f2cedd98ccf3@group-20BE3FF63202: changes role from  FOLLOWER to FOLLOWER at term 176 for recognizeCandidate:c52c3de9-0ed1-4f2b-ba1d-f317ceeb0ceb
2019-10-18 07:14:33,101 [Thread-1424] INFO  impl.FollowerState (FollowerState.java:run(117)) - 24274e9f-e41f-4654-9afc-a783ca44e44b@group-20BE3FF63202-FollowerState was interrupted: java.lang.InterruptedException: sleep interrupted
2019-10-18 07:14:33,101 [grpc-default-executor-0] INFO  impl.RoleInfo (RoleInfo.java:updateAndGet(143)) - 24274e9f-e41f-4654-9afc-a783ca44e44b: start FollowerState
2019-10-18 07:14:33,101 [grpc-default-executor-1] INFO  impl.RoleInfo (RoleInfo.java:shutdownFollowerState(121)) - 988115cd-21c9-4558-b198-f2cedd98ccf3: shutdown FollowerState
2019-10-18 07:14:33,101 [grpc-default-executor-1] INFO  impl.RoleInfo (RoleInfo.java:updateAndGet(143)) - 988115cd-21c9-4558-b198-f2cedd98ccf3: start FollowerState
2019-10-18 07:14:33,102 [Thread-1425] INFO  impl.FollowerState (FollowerState.java:run(117)) - 988115cd-21c9-4558-b198-f2cedd98ccf3@group-20BE3FF63202-FollowerState was interrupted: java.lang.InterruptedException: sleep interrupted
2019-10-18 07:14:33,186 [c52c3de9-0ed1-4f2b-ba1d-f317ceeb0ceb@group-20BE3FF63202-LeaderElection153] INFO  impl.LeaderElection (LeaderElection.java:logAndReturn(56)) - c52c3de9-0ed1-4f2b-ba1d-f317ceeb0ceb@group-20BE3FF63202-LeaderElection153: Election REJECTED; received 2 response(s) [c52c3de9-0ed1-4f2b-ba1d-f317ceeb0ceb<-24274e9f-e41f-4654-9afc-a783ca44e44b#0:FAIL-t176, c52c3de9-0ed1-4f2b-ba1d-f317ceeb0ceb<-988115cd-21c9-4558-b198-f2cedd98ccf3#0:FAIL-t176] and 0 exception(s); c52c3de9-0ed1-4f2b-ba1d-f317ceeb0ceb@group-20BE3FF63202:t176, leader=null, voted=c52c3de9-0ed1-4f2b-ba1d-f317ceeb0ceb, raftlog=c52c3de9-0ed1-4f2b-ba1d-f317ceeb0ceb@group-20BE3FF63202-SegmentedRaftLog:OPENED:c-1,f-1,i0, conf=-1: [24274e9f-e41f-4654-9afc-a783ca44e44b:192.168.69.67:35902, 988115cd-21c9-4558-b198-f2cedd98ccf3:192.168.69.67:44208, c52c3de9-0ed1-4f2b-ba1d-f317ceeb0ceb:192.168.69.67:37615], old=null
2019-10-18 07:14:33,186 [c52c3de9-0ed1-4f2b-ba1d-f317ceeb0ceb@group-20BE3FF63202-LeaderElection153] INFO  impl.RaftServerImpl (RaftServerImpl.java:setRole(184)) - c52c3de9-0ed1-4f2b-ba1d-f317ceeb0ceb@group-20BE3FF63202: changes role from CANDIDATE to FOLLOWER at term 176 for DISCOVERED_A_NEW_TERM
2019-10-18 07:14:33,186 [c52c3de9-0ed1-4f2b-ba1d-f317ceeb0ceb@group-20BE3FF63202-LeaderElection153] INFO  impl.RoleInfo (RoleInfo.java:shutdownLeaderElection(134)) - c52c3de9-0ed1-4f2b-ba1d-f317ceeb0ceb: shutdown LeaderElection
2019-10-18 07:14:33,187 [c52c3de9-0ed1-4f2b-ba1d-f317ceeb0ceb@group-20BE3FF63202-LeaderElection153] INFO  impl.RoleInfo (RoleInfo.java:updateAndGet(143)) - c52c3de9-0ed1-4f2b-ba1d-f317ceeb0ceb: start FollowerState
2019-10-18 07:14:33,313 [Thread-1432] INFO  impl.FollowerState (FollowerState.java:run(108)) - c52c3de9-0ed1-4f2b-ba1d-f317ceeb0ceb@group-20BE3FF63202-FollowerState: change to CANDIDATE, lastRpcTime:126ms, electionTimeout:126ms
2019-10-18 07:14:33,314 [Thread-1432] INFO  impl.RoleInfo (RoleInfo.java:shutdownFollowerState(121)) - c52c3de9-0ed1-4f2b-ba1d-f317ceeb0ceb: shutdown FollowerState
2019-10-18 07:14:33,314 [Thread-1432] INFO  impl.RaftServerImpl (RaftServerImpl.java:setRole(184)) - c52c3de9-0ed1-4f2b-ba1d-f317ceeb0ceb@group-20BE3FF63202: changes role from  FOLLOWER to CANDIDATE at term 176 for changeToCandidate
2019-10-18 07:14:33,314 [Thread-1432] INFO  impl.RoleInfo (RoleInfo.java:updateAndGet(143)) - c52c3de9-0ed1-4f2b-ba1d-f317ceeb0ceb: start LeaderElection
2019-10-18 07:14:33,369 [c52c3de9-0ed1-4f2b-ba1d-f317ceeb0ceb@group-20BE3FF63202-LeaderElection154] INFO  impl.LeaderElection (LeaderElection.java:askForVotes(178)) - c52c3de9-0ed1-4f2b-ba1d-f317ceeb0ceb@group-20BE3FF63202-LeaderElection154: begin an election at term 177 for -1: [24274e9f-e41f-4654-9afc-a783ca44e44b:192.168.69.67:35902, 988115cd-21c9-4558-b198-f2cedd98ccf3:192.168.69.67:44208, c52c3de9-0ed1-4f2b-ba1d-f317ceeb0ceb:192.168.69.67:37615], old=null
2019-10-18 07:14:33,372 [grpc-default-executor-0] INFO  impl.RaftServerImpl (RaftServerImpl.java:setRole(184)) - 24274e9f-e41f-4654-9afc-a783ca44e44b@group-20BE3FF63202: changes role from  FOLLOWER to FOLLOWER at term 177 for recognizeCandidate:c52c3de9-0ed1-4f2b-ba1d-f317ceeb0ceb
2019-10-18 07:14:33,372 [grpc-default-executor-1] INFO  impl.RaftServerImpl (RaftServerImpl.java:setRole(184)) - 988115cd-21c9-4558-b198-f2cedd98ccf3@group-20BE3FF63202: changes role from  FOLLOWER to FOLLOWER at term 177 for recognizeCandidate:c52c3de9-0ed1-4f2b-ba1d-f317ceeb0ceb
2019-10-18 07:14:33,372 [grpc-default-executor-0] INFO  impl.RoleInfo (RoleInfo.java:shutdownFollowerState(121)) - 24274e9f-e41f-4654-9afc-a783ca44e44b: shutdown FollowerState
2019-10-18 07:14:33,372 [grpc-default-executor-1] INFO  impl.RoleInfo (RoleInfo.java:shutdownFollowerState(121)) - 988115cd-21c9-4558-b198-f2cedd98ccf3: shutdown FollowerState
2019-10-18 07:14:33,373 [Thread-1430] INFO  impl.FollowerState (FollowerState.java:run(117)) - 24274e9f-e41f-4654-9afc-a783ca44e44b@group-20BE3FF63202-FollowerState was interrupted: java.lang.InterruptedException: sleep interrupted
2019-10-18 07:14:33,373 [grpc-default-executor-0] INFO  impl.RoleInfo (RoleInfo.java:updateAndGet(143)) - 24274e9f-e41f-4654-9afc-a783ca44e44b: start FollowerState
2019-10-18 07:14:33,373 [grpc-default-executor-1] INFO  impl.RoleInfo (RoleInfo.java:updateAndGet(143)) - 988115cd-21c9-4558-b198-f2cedd98ccf3: start FollowerState
2019-10-18 07:14:33,373 [Thread-1431] INFO  impl.FollowerState (FollowerState.java:run(117)) - 988115cd-21c9-4558-b198-f2cedd98ccf3@group-20BE3FF63202-FollowerState was interrupted: java.lang.InterruptedException: sleep interrupted
2019-10-18 07:14:33,413 [c52c3de9-0ed1-4f2b-ba1d-f317ceeb0ceb@group-20BE3FF63202-LeaderElection154] INFO  impl.LeaderElection (LeaderElection.java:logAndReturn(56)) - c52c3de9-0ed1-4f2b-ba1d-f317ceeb0ceb@group-20BE3FF63202-LeaderElection154: Election REJECTED; received 2 response(s) [c52c3de9-0ed1-4f2b-ba1d-f317ceeb0ceb<-24274e9f-e41f-4654-9afc-a783ca44e44b#0:FAIL-t177, c52c3de9-0ed1-4f2b-ba1d-f317ceeb0ceb<-988115cd-21c9-4558-b198-f2cedd98ccf3#0:FAIL-t177] and 0 exception(s); c52c3de9-0ed1-4f2b-ba1d-f317ceeb0ceb@group-20BE3FF63202:t177, leader=null, voted=c52c3de9-0ed1-4f2b-ba1d-f317ceeb0ceb, raftlog=c52c3de9-0ed1-4f2b-ba1d-f317ceeb0ceb@group-20BE3FF63202-SegmentedRaftLog:OPENED:c-1,f-1,i0, conf=-1: [24274e9f-e41f-4654-9afc-a783ca44e44b:192.168.69.67:35902, 988115cd-21c9-4558-b198-f2cedd98ccf3:192.168.69.67:44208, c52c3de9-0ed1-4f2b-ba1d-f317ceeb0ceb:192.168.69.67:37615], old=null
2019-10-18 07:14:33,413 [c52c3de9-0ed1-4f2b-ba1d-f317ceeb0ceb@group-20BE3FF63202-LeaderElection154] INFO  impl.RaftServerImpl (RaftServerImpl.java:setRole(184)) - c52c3de9-0ed1-4f2b-ba1d-f317ceeb0ceb@group-20BE3FF63202: changes role from CANDIDATE to FOLLOWER at term 177 for DISCOVERED_A_NEW_TERM
2019-10-18 07:14:33,413 [c52c3de9-0ed1-4f2b-ba1d-f317ceeb0ceb@group-20BE3FF63202-LeaderElection154] INFO  impl.RoleInfo (RoleInfo.java:shutdownLeaderElection(134)) - c52c3de9-0ed1-4f2b-ba1d-f317ceeb0ceb: shutdown LeaderElection
2019-10-18 07:14:33,413 [c52c3de9-0ed1-4f2b-ba1d-f317ceeb0ceb@group-20BE3FF63202-LeaderElection154] INFO  impl.RoleInfo (RoleInfo.java:updateAndGet(143)) - c52c3de9-0ed1-4f2b-ba1d-f317ceeb0ceb: start FollowerState
2019-10-18 07:14:33,427 [Thread-1438] INFO  impl.FollowerState (FollowerState.java:run(108)) - c52c3de9-0ed1-4f2b-ba1d-f317ceeb0ceb@group-20BE3FF63202-FollowerState: change to CANDIDATE, lastRpcTime:13ms, electionTimeout:13ms
2019-10-18 07:14:33,427 [Thread-1438] INFO  impl.RoleInfo (RoleInfo.java:shutdownFollowerState(121)) - c52c3de9-0ed1-4f2b-ba1d-f317ceeb0ceb: shutdown FollowerState
2019-10-18 07:14:33,427 [Thread-1438] INFO  impl.RaftServerImpl (RaftServerImpl.java:setRole(184)) - c52c3de9-0ed1-4f2b-ba1d-f317ceeb0ceb@group-20BE3FF63202: changes role from  FOLLOWER to CANDIDATE at term 177 for changeToCandidate
2019-10-18 07:14:33,427 [Thread-1438] INFO  impl.RoleInfo (RoleInfo.java:updateAndGet(143)) - c52c3de9-0ed1-4f2b-ba1d-f317ceeb0ceb: start LeaderElection
2019-10-18 07:14:33,470 [c52c3de9-0ed1-4f2b-ba1d-f317ceeb0ceb@group-20BE3FF63202-LeaderElection155] INFO  impl.LeaderElection (LeaderElection.java:askForVotes(178)) - c52c3de9-0ed1-4f2b-ba1d-f317ceeb0ceb@group-20BE3FF63202-LeaderElection155: begin an election at term 178 for -1: [24274e9f-e41f-4654-9afc-a783ca44e44b:192.168.69.67:35902, 988115cd-21c9-4558-b198-f2cedd98ccf3:192.168.69.67:44208, c52c3de9-0ed1-4f2b-ba1d-f317ceeb0ceb:192.168.69.67:37615], old=null
2019-10-18 07:14:33,473 [grpc-default-executor-0] INFO  impl.RaftServerImpl (RaftServerImpl.java:setRole(184)) - 24274e9f-e41f-4654-9afc-a783ca44e44b@group-20BE3FF63202: changes role from  FOLLOWER to FOLLOWER at term 178 for recognizeCandidate:c52c3de9-0ed1-4f2b-ba1d-f317ceeb0ceb
2019-10-18 07:14:33,473 [grpc-default-executor-0] INFO  impl.RoleInfo (RoleInfo.java:shutdownFollowerState(121)) - 24274e9f-e41f-4654-9afc-a783ca44e44b: shutdown FollowerState
2019-10-18 07:14:33,473 [grpc-default-executor-1] INFO  impl.RaftServerImpl (RaftServerImpl.java:setRole(184)) - 988115cd-21c9-4558-b198-f2cedd98ccf3@group-20BE3FF63202: changes role from  FOLLOWER to FOLLOWER at term 178 for recognizeCandidate:c52c3de9-0ed1-4f2b-ba1d-f317ceeb0ceb
2019-10-18 07:14:33,474 [Thread-1436] INFO  impl.FollowerState (FollowerState.java:run(117)) - 24274e9f-e41f-4654-9afc-a783ca44e44b@group-20BE3FF63202-FollowerState was interrupted: java.lang.InterruptedException: sleep interrupted
2019-10-18 07:14:33,473 [grpc-default-executor-0] INFO  impl.RoleInfo (RoleInfo.java:updateAndGet(143)) - 24274e9f-e41f-4654-9afc-a783ca44e44b: start FollowerState
2019-10-18 07:14:33,474 [grpc-default-executor-1] INFO  impl.RoleInfo (RoleInfo.java:shutdownFollowerState(121)) - 988115cd-21c9-4558-b198-f2cedd98ccf3: shutdown FollowerState
2019-10-18 07:14:33,474 [grpc-default-executor-1] INFO  impl.RoleInfo (RoleInfo.java:updateAndGet(143)) - 988115cd-21c9-4558-b198-f2cedd98ccf3: start FollowerState
2019-10-18 07:14:33,474 [Thread-1437] INFO  impl.FollowerState (FollowerState.java:run(117)) - 988115cd-21c9-4558-b198-f2cedd98ccf3@group-20BE3FF63202-FollowerState was interrupted: java.lang.InterruptedException: sleep interrupted
2019-10-18 07:14:33,477 [main] INFO  ozone.MiniOzoneClusterImpl (MiniOzoneClusterImpl.java:lambda$waitForClusterToBeReady$2(164)) - Waiting for 1 number of pipelines out of 9, to report a leader.
2019-10-18 07:14:33,493 [c52c3de9-0ed1-4f2b-ba1d-f317ceeb0ceb@group-20BE3FF63202-LeaderElection155] INFO  impl.LeaderElection (LeaderElection.java:logAndReturn(56)) - c52c3de9-0ed1-4f2b-ba1d-f317ceeb0ceb@group-20BE3FF63202-LeaderElection155: Election TIMEOUT; received 0 response(s) [] and 0 exception(s); c52c3de9-0ed1-4f2b-ba1d-f317ceeb0ceb@group-20BE3FF63202:t178, leader=null, voted=c52c3de9-0ed1-4f2b-ba1d-f317ceeb0ceb, raftlog=c52c3de9-0ed1-4f2b-ba1d-f317ceeb0ceb@group-20BE3FF63202-SegmentedRaftLog:OPENED:c-1,f-1,i0, conf=-1: [24274e9f-e41f-4654-9afc-a783ca44e44b:192.168.69.67:35902, 988115cd-21c9-4558-b198-f2cedd98ccf3:192.168.69.67:44208, c52c3de9-0ed1-4f2b-ba1d-f317ceeb0ceb:192.168.69.67:37615], old=null
2019-10-18 07:14:33,527 [c52c3de9-0ed1-4f2b-ba1d-f317ceeb0ceb@group-20BE3FF63202-LeaderElection155] INFO  impl.LeaderElection (LeaderElection.java:askForVotes(178)) - c52c3de9-0ed1-4f2b-ba1d-f317ceeb0ceb@group-20BE3FF63202-LeaderElection155: begin an election at term 179 for -1: [24274e9f-e41f-4654-9afc-a783ca44e44b:192.168.69.67:35902, 988115cd-21c9-4558-b198-f2cedd98ccf3:192.168.69.67:44208, c52c3de9-0ed1-4f2b-ba1d-f317ceeb0ceb:192.168.69.67:37615], old=null
2019-10-18 07:14:33,530 [grpc-default-executor-0] INFO  impl.RaftServerImpl (RaftServerImpl.java:setRole(184)) - 24274e9f-e41f-4654-9afc-a783ca44e44b@group-20BE3FF63202: changes role from  FOLLOWER to FOLLOWER at term 179 for recognizeCandidate:c52c3de9-0ed1-4f2b-ba1d-f317ceeb0ceb
2019-10-18 07:14:33,530 [grpc-default-executor-0] INFO  impl.RoleInfo (RoleInfo.java:shutdownFollowerState(121)) - 24274e9f-e41f-4654-9afc-a783ca44e44b: shutdown FollowerState
2019-10-18 07:14:33,530 [grpc-default-executor-1] INFO  impl.RaftServerImpl (RaftServerImpl.java:setRole(184)) - 988115cd-21c9-4558-b198-f2cedd98ccf3@group-20BE3FF63202: changes role from  FOLLOWER to FOLLOWER at term 179 for recognizeCandidate:c52c3de9-0ed1-4f2b-ba1d-f317ceeb0ceb
2019-10-18 07:14:33,530 [Thread-1442] INFO  impl.FollowerState (FollowerState.java:run(117)) - 24274e9f-e41f-4654-9afc-a783ca44e44b@group-20BE3FF63202-FollowerState was interrupted: java.lang.InterruptedException: sleep interrupted
2019-10-18 07:14:33,530 [grpc-default-executor-0] INFO  impl.RoleInfo (RoleInfo.java:updateAndGet(143)) - 24274e9f-e41f-4654-9afc-a783ca44e44b: start FollowerState
2019-10-18 07:14:33,530 [grpc-default-executor-1] INFO  impl.RoleInfo (RoleInfo.java:shutdownFollowerState(121)) - 988115cd-21c9-4558-b198-f2cedd98ccf3: shutdown FollowerState
2019-10-18 07:14:33,531 [grpc-default-executor-1] INFO  impl.RoleInfo (RoleInfo.java:updateAndGet(143)) - 988115cd-21c9-4558-b198-f2cedd98ccf3: start FollowerState
2019-10-18 07:14:33,531 [Thread-1443] INFO  impl.FollowerState (FollowerState.java:run(117)) - 988115cd-21c9-4558-b198-f2cedd98ccf3@group-20BE3FF63202-FollowerState was interrupted: java.lang.InterruptedException: sleep interrupted
2019-10-18 07:14:33,544 [c52c3de9-0ed1-4f2b-ba1d-f317ceeb0ceb@group-20BE3FF63202-LeaderElection155] INFO  impl.LeaderElection (LeaderElection.java:logAndReturn(56)) - c52c3de9-0ed1-4f2b-ba1d-f317ceeb0ceb@group-20BE3FF63202-LeaderElection155: Election TIMEOUT; received 0 response(s) [] and 0 exception(s); c52c3de9-0ed1-4f2b-ba1d-f317ceeb0ceb@group-20BE3FF63202:t179, leader=null, voted=c52c3de9-0ed1-4f2b-ba1d-f317ceeb0ceb, raftlog=c52c3de9-0ed1-4f2b-ba1d-f317ceeb0ceb@group-20BE3FF63202-SegmentedRaftLog:OPENED:c-1,f-1,i0, conf=-1: [24274e9f-e41f-4654-9afc-a783ca44e44b:192.168.69.67:35902, 988115cd-21c9-4558-b198-f2cedd98ccf3:192.168.69.67:44208, c52c3de9-0ed1-4f2b-ba1d-f317ceeb0ceb:192.168.69.67:37615], old=null
2019-10-18 07:14:33,564 [c52c3de9-0ed1-4f2b-ba1d-f317ceeb0ceb@group-20BE3FF63202-LeaderElection155] INFO  impl.LeaderElection (LeaderElection.java:askForVotes(178)) - c52c3de9-0ed1-4f2b-ba1d-f317ceeb0ceb@group-20BE3FF63202-LeaderElection155: begin an election at term 180 for -1: [24274e9f-e41f-4654-9afc-a783ca44e44b:192.168.69.67:35902, 988115cd-21c9-4558-b198-f2cedd98ccf3:192.168.69.67:44208, c52c3de9-0ed1-4f2b-ba1d-f317ceeb0ceb:192.168.69.67:37615], old=null
2019-10-18 07:14:33,567 [grpc-default-executor-1] INFO  impl.RaftServerImpl (RaftServerImpl.java:setRole(184)) - 24274e9f-e41f-4654-9afc-a783ca44e44b@group-20BE3FF63202: changes role from  FOLLOWER to FOLLOWER at term 180 for recognizeCandidate:c52c3de9-0ed1-4f2b-ba1d-f317ceeb0ceb
2019-10-18 07:14:33,567 [grpc-default-executor-1] INFO  impl.RoleInfo (RoleInfo.java:shutdownFollowerState(121)) - 24274e9f-e41f-4654-9afc-a783ca44e44b: shutdown FollowerState
2019-10-18 07:14:33,567 [grpc-default-executor-1] INFO  impl.RoleInfo (RoleInfo.java:updateAndGet(143)) - 24274e9f-e41f-4654-9afc-a783ca44e44b: start FollowerState
2019-10-18 07:14:33,567 [Thread-1446] INFO  impl.FollowerState (FollowerState.java:run(117)) - 24274e9f-e41f-4654-9afc-a783ca44e44b@group-20BE3FF63202-FollowerState was interrupted: java.lang.InterruptedException: sleep interrupted
2019-10-18 07:14:33,568 [grpc-default-executor-0] INFO  impl.RaftServerImpl (RaftServerImpl.java:setRole(184)) - 988115cd-21c9-4558-b198-f2cedd98ccf3@group-20BE3FF63202: changes role from  FOLLOWER to FOLLOWER at term 180 for recognizeCandidate:c52c3de9-0ed1-4f2b-ba1d-f317ceeb0ceb
2019-10-18 07:14:33,568 [grpc-default-executor-0] INFO  impl.RoleInfo (RoleInfo.java:shutdownFollowerState(121)) - 988115cd-21c9-4558-b198-f2cedd98ccf3: shutdown FollowerState
2019-10-18 07:14:33,568 [grpc-default-executor-0] INFO  impl.RoleInfo (RoleInfo.java:updateAndGet(143)) - 988115cd-21c9-4558-b198-f2cedd98ccf3: start FollowerState
2019-10-18 07:14:33,568 [Thread-1447] INFO  impl.FollowerState (FollowerState.java:run(117)) - 988115cd-21c9-4558-b198-f2cedd98ccf3@group-20BE3FF63202-FollowerState was interrupted: java.lang.InterruptedException: sleep interrupted
2019-10-18 07:14:33,580 [c52c3de9-0ed1-4f2b-ba1d-f317ceeb0ceb@group-20BE3FF63202-LeaderElection155] INFO  impl.LeaderElection (LeaderElection.java:logAndReturn(56)) - c52c3de9-0ed1-4f2b-ba1d-f317ceeb0ceb@group-20BE3FF63202-LeaderElection155: Election TIMEOUT; received 0 response(s) [] and 0 exception(s); c52c3de9-0ed1-4f2b-ba1d-f317ceeb0ceb@group-20BE3FF63202:t180, leader=null, voted=c52c3de9-0ed1-4f2b-ba1d-f317ceeb0ceb, raftlog=c52c3de9-0ed1-4f2b-ba1d-f317ceeb0ceb@group-20BE3FF63202-SegmentedRaftLog:OPENED:c-1,f-1,i0, conf=-1: [24274e9f-e41f-4654-9afc-a783ca44e44b:192.168.69.67:35902, 988115cd-21c9-4558-b198-f2cedd98ccf3:192.168.69.67:44208, c52c3de9-0ed1-4f2b-ba1d-f317ceeb0ceb:192.168.69.67:37615], old=null
2019-10-18 07:14:33,635 [c52c3de9-0ed1-4f2b-ba1d-f317ceeb0ceb@group-20BE3FF63202-LeaderElection155] INFO  impl.LeaderElection (LeaderElection.java:askForVotes(178)) - c52c3de9-0ed1-4f2b-ba1d-f317ceeb0ceb@group-20BE3FF63202-LeaderElection155: begin an election at term 181 for -1: [24274e9f-e41f-4654-9afc-a783ca44e44b:192.168.69.67:35902, 988115cd-21c9-4558-b198-f2cedd98ccf3:192.168.69.67:44208, c52c3de9-0ed1-4f2b-ba1d-f317ceeb0ceb:192.168.69.67:37615], old=null
2019-10-18 07:14:33,637 [grpc-default-executor-0] INFO  impl.RaftServerImpl (RaftServerImpl.java:setRole(184)) - 24274e9f-e41f-4654-9afc-a783ca44e44b@group-20BE3FF63202: changes role from  FOLLOWER to FOLLOWER at term 181 for recognizeCandidate:c52c3de9-0ed1-4f2b-ba1d-f317ceeb0ceb
2019-10-18 07:14:33,637 [grpc-default-executor-0] INFO  impl.RoleInfo (RoleInfo.java:shutdownFollowerState(121)) - 24274e9f-e41f-4654-9afc-a783ca44e44b: shutdown FollowerState
2019-10-18 07:14:33,637 [grpc-default-executor-0] INFO  impl.RoleInfo (RoleInfo.java:updateAndGet(143)) - 24274e9f-e41f-4654-9afc-a783ca44e44b: start FollowerState
2019-10-18 07:14:33,638 [grpc-default-executor-1] INFO  impl.RaftServerImpl (RaftServerImpl.java:setRole(184)) - 988115cd-21c9-4558-b198-f2cedd98ccf3@group-20BE3FF63202: changes role from  FOLLOWER to FOLLOWER at term 181 for recognizeCandidate:c52c3de9-0ed1-4f2b-ba1d-f317ceeb0ceb
2019-10-18 07:14:33,638 [Thread-1450] INFO  impl.FollowerState (FollowerState.java:run(117)) - 24274e9f-e41f-4654-9afc-a783ca44e44b@group-20BE3FF63202-FollowerState was interrupted: java.lang.InterruptedException: sleep interrupted
2019-10-18 07:14:33,638 [grpc-default-executor-1] INFO  impl.RoleInfo (RoleInfo.java:shutdownFollowerState(121)) - 988115cd-21c9-4558-b198-f2cedd98ccf3: shutdown FollowerState
2019-10-18 07:14:33,638 [grpc-default-executor-1] INFO  impl.RoleInfo (RoleInfo.java:updateAndGet(143)) - 988115cd-21c9-4558-b198-f2cedd98ccf3: start FollowerState
2019-10-18 07:14:33,638 [Thread-1451] INFO  impl.FollowerState (FollowerState.java:run(117)) - 988115cd-21c9-4558-b198-f2cedd98ccf3@group-20BE3FF63202-FollowerState was interrupted: java.lang.InterruptedException: sleep interrupted
2019-10-18 07:14:33,684 [c52c3de9-0ed1-4f2b-ba1d-f317ceeb0ceb@group-20BE3FF63202-LeaderElection155] INFO  impl.LeaderElection (LeaderElection.java:logAndReturn(56)) - c52c3de9-0ed1-4f2b-ba1d-f317ceeb0ceb@group-20BE3FF63202-LeaderElection155: Election REJECTED; received 2 response(s) [c52c3de9-0ed1-4f2b-ba1d-f317ceeb0ceb<-24274e9f-e41f-4654-9afc-a783ca44e44b#0:FAIL-t181, c52c3de9-0ed1-4f2b-ba1d-f317ceeb0ceb<-988115cd-21c9-4558-b198-f2cedd98ccf3#0:FAIL-t181] and 0 exception(s); c52c3de9-0ed1-4f2b-ba1d-f317ceeb0ceb@group-20BE3FF63202:t181, leader=null, voted=c52c3de9-0ed1-4f2b-ba1d-f317ceeb0ceb, raftlog=c52c3de9-0ed1-4f2b-ba1d-f317ceeb0ceb@group-20BE3FF63202-SegmentedRaftLog:OPENED:c-1,f-1,i0, conf=-1: [24274e9f-e41f-4654-9afc-a783ca44e44b:192.168.69.67:35902, 988115cd-21c9-4558-b198-f2cedd98ccf3:192.168.69.67:44208, c52c3de9-0ed1-4f2b-ba1d-f317ceeb0ceb:192.168.69.67:37615], old=null
2019-10-18 07:14:33,684 [c52c3de9-0ed1-4f2b-ba1d-f317ceeb0ceb@group-20BE3FF63202-LeaderElection155] INFO  impl.RaftServerImpl (RaftServerImpl.java:setRole(184)) - c52c3de9-0ed1-4f2b-ba1d-f317ceeb0ceb@group-20BE3FF63202: changes role from CANDIDATE to FOLLOWER at term 181 for DISCOVERED_A_NEW_TERM
2019-10-18 07:14:33,684 [c52c3de9-0ed1-4f2b-ba1d-f317ceeb0ceb@group-20BE3FF63202-LeaderElection155] INFO  impl.RoleInfo (RoleInfo.java:shutdownLeaderElection(134)) - c52c3de9-0ed1-4f2b-ba1d-f317ceeb0ceb: shutdown LeaderElection
2019-10-18 07:14:33,684 [c52c3de9-0ed1-4f2b-ba1d-f317ceeb0ceb@group-20BE3FF63202-LeaderElection155] INFO  impl.RoleInfo (RoleInfo.java:updateAndGet(143)) - c52c3de9-0ed1-4f2b-ba1d-f317ceeb0ceb: start FollowerState
2019-10-18 07:14:33,777 [Thread-1456] INFO  impl.FollowerState (FollowerState.java:run(108)) - c52c3de9-0ed1-4f2b-ba1d-f317ceeb0ceb@group-20BE3FF63202-FollowerState: change to CANDIDATE, lastRpcTime:92ms, electionTimeout:92ms
2019-10-18 07:14:33,777 [Thread-1456] INFO  impl.RoleInfo (RoleInfo.java:shutdownFollowerState(121)) - c52c3de9-0ed1-4f2b-ba1d-f317ceeb0ceb: shutdown FollowerState
2019-10-18 07:14:33,777 [Thread-1456] INFO  impl.RaftServerImpl (RaftServerImpl.java:setRole(184)) - c52c3de9-0ed1-4f2b-ba1d-f317ceeb0ceb@group-20BE3FF63202: changes role from  FOLLOWER to CANDIDATE at term 181 for changeToCandidate
2019-10-18 07:14:33,777 [Thread-1456] INFO  impl.RoleInfo (RoleInfo.java:updateAndGet(143)) - c52c3de9-0ed1-4f2b-ba1d-f317ceeb0ceb: start LeaderElection
2019-10-18 07:14:33,844 [c52c3de9-0ed1-4f2b-ba1d-f317ceeb0ceb@group-20BE3FF63202-LeaderElection156] INFO  impl.LeaderElection (LeaderElection.java:askForVotes(178)) - c52c3de9-0ed1-4f2b-ba1d-f317ceeb0ceb@group-20BE3FF63202-LeaderElection156: begin an election at term 182 for -1: [24274e9f-e41f-4654-9afc-a783ca44e44b:192.168.69.67:35902, 988115cd-21c9-4558-b198-f2cedd98ccf3:192.168.69.67:44208, c52c3de9-0ed1-4f2b-ba1d-f317ceeb0ceb:192.168.69.67:37615], old=null
2019-10-18 07:14:33,847 [grpc-default-executor-0] INFO  impl.RaftServerImpl (RaftServerImpl.java:setRole(184)) - 988115cd-21c9-4558-b198-f2cedd98ccf3@group-20BE3FF63202: changes role from  FOLLOWER to FOLLOWER at term 182 for recognizeCandidate:c52c3de9-0ed1-4f2b-ba1d-f317ceeb0ceb
2019-10-18 07:14:33,847 [grpc-default-executor-0] INFO  impl.RoleInfo (RoleInfo.java:shutdownFollowerState(121)) - 988115cd-21c9-4558-b198-f2cedd98ccf3: shutdown FollowerState
2019-10-18 07:14:33,847 [grpc-default-executor-0] INFO  impl.RoleInfo (RoleInfo.java:updateAndGet(143)) - 988115cd-21c9-4558-b198-f2cedd98ccf3: start FollowerState
2019-10-18 07:14:33,847 [grpc-default-executor-1] INFO  impl.RaftServerImpl (RaftServerImpl.java:setRole(184)) - 24274e9f-e41f-4654-9afc-a783ca44e44b@group-20BE3FF63202: changes role from  FOLLOWER to FOLLOWER at term 182 for recognizeCandidate:c52c3de9-0ed1-4f2b-ba1d-f317ceeb0ceb
2019-10-18 07:14:33,847 [grpc-default-executor-1] INFO  impl.RoleInfo (RoleInfo.java:shutdownFollowerState(121)) - 24274e9f-e41f-4654-9afc-a783ca44e44b: shutdown FollowerState
2019-10-18 07:14:33,847 [Thread-1455] INFO  impl.FollowerState (FollowerState.java:run(117)) - 988115cd-21c9-4558-b198-f2cedd98ccf3@group-20BE3FF63202-FollowerState was interrupted: java.lang.InterruptedException: sleep interrupted
2019-10-18 07:14:33,848 [Thread-1454] INFO  impl.FollowerState (FollowerState.java:run(117)) - 24274e9f-e41f-4654-9afc-a783ca44e44b@group-20BE3FF63202-FollowerState was interrupted: java.lang.InterruptedException: sleep interrupted
2019-10-18 07:14:33,848 [grpc-default-executor-1] INFO  impl.RoleInfo (RoleInfo.java:updateAndGet(143)) - 24274e9f-e41f-4654-9afc-a783ca44e44b: start FollowerState
2019-10-18 07:14:33,873 [c52c3de9-0ed1-4f2b-ba1d-f317ceeb0ceb@group-20BE3FF63202-LeaderElection156] INFO  impl.LeaderElection (LeaderElection.java:logAndReturn(56)) - c52c3de9-0ed1-4f2b-ba1d-f317ceeb0ceb@group-20BE3FF63202-LeaderElection156: Election TIMEOUT; received 0 response(s) [] and 0 exception(s); c52c3de9-0ed1-4f2b-ba1d-f317ceeb0ceb@group-20BE3FF63202:t182, leader=null, voted=c52c3de9-0ed1-4f2b-ba1d-f317ceeb0ceb, raftlog=c52c3de9-0ed1-4f2b-ba1d-f317ceeb0ceb@group-20BE3FF63202-SegmentedRaftLog:OPENED:c-1,f-1,i0, conf=-1: [24274e9f-e41f-4654-9afc-a783ca44e44b:192.168.69.67:35902, 988115cd-21c9-4558-b198-f2cedd98ccf3:192.168.69.67:44208, c52c3de9-0ed1-4f2b-ba1d-f317ceeb0ceb:192.168.69.67:37615], old=null
2019-10-18 07:14:33,923 [c52c3de9-0ed1-4f2b-ba1d-f317ceeb0ceb@group-20BE3FF63202-LeaderElection156] INFO  impl.LeaderElection (LeaderElection.java:askForVotes(178)) - c52c3de9-0ed1-4f2b-ba1d-f317ceeb0ceb@group-20BE3FF63202-LeaderElection156: begin an election at term 183 for -1: [24274e9f-e41f-4654-9afc-a783ca44e44b:192.168.69.67:35902, 988115cd-21c9-4558-b198-f2cedd98ccf3:192.168.69.67:44208, c52c3de9-0ed1-4f2b-ba1d-f317ceeb0ceb:192.168.69.67:37615], old=null
2019-10-18 07:14:33,926 [grpc-default-executor-0] INFO  impl.RaftServerImpl (RaftServerImpl.java:setRole(184)) - 24274e9f-e41f-4654-9afc-a783ca44e44b@group-20BE3FF63202: changes role from  FOLLOWER to FOLLOWER at term 183 for recognizeCandidate:c52c3de9-0ed1-4f2b-ba1d-f317ceeb0ceb
2019-10-18 07:14:33,926 [grpc-default-executor-0] INFO  impl.RoleInfo (RoleInfo.java:shutdownFollowerState(121)) - 24274e9f-e41f-4654-9afc-a783ca44e44b: shutdown FollowerState
2019-10-18 07:14:33,926 [grpc-default-executor-1] INFO  impl.RaftServerImpl (RaftServerImpl.java:setRole(184)) - 988115cd-21c9-4558-b198-f2cedd98ccf3@group-20BE3FF63202: changes role from  FOLLOWER to FOLLOWER at term 183 for recognizeCandidate:c52c3de9-0ed1-4f2b-ba1d-f317ceeb0ceb
2019-10-18 07:14:33,926 [Thread-1461] INFO  impl.FollowerState (FollowerState.java:run(117)) - 24274e9f-e41f-4654-9afc-a783ca44e44b@group-20BE3FF63202-FollowerState was interrupted: java.lang.InterruptedException: sleep interrupted
2019-10-18 07:14:33,926 [grpc-default-executor-0] INFO  impl.RoleInfo (RoleInfo.java:updateAndGet(143)) - 24274e9f-e41f-4654-9afc-a783ca44e44b: start FollowerState
2019-10-18 07:14:33,926 [grpc-default-executor-1] INFO  impl.RoleInfo (RoleInfo.java:shutdownFollowerState(121)) - 988115cd-21c9-4558-b198-f2cedd98ccf3: shutdown FollowerState
2019-10-18 07:14:33,927 [grpc-default-executor-1] INFO  impl.RoleInfo (RoleInfo.java:updateAndGet(143)) - 988115cd-21c9-4558-b198-f2cedd98ccf3: start FollowerState
2019-10-18 07:14:33,927 [Thread-1460] INFO  impl.FollowerState (FollowerState.java:run(117)) - 988115cd-21c9-4558-b198-f2cedd98ccf3@group-20BE3FF63202-FollowerState was interrupted: java.lang.InterruptedException: sleep interrupted
2019-10-18 07:14:33,964 [c52c3de9-0ed1-4f2b-ba1d-f317ceeb0ceb@group-20BE3FF63202-LeaderElection156] INFO  impl.LeaderElection (LeaderElection.java:logAndReturn(56)) - c52c3de9-0ed1-4f2b-ba1d-f317ceeb0ceb@group-20BE3FF63202-LeaderElection156: Election REJECTED; received 2 response(s) [c52c3de9-0ed1-4f2b-ba1d-f317ceeb0ceb<-24274e9f-e41f-4654-9afc-a783ca44e44b#0:FAIL-t183, c52c3de9-0ed1-4f2b-ba1d-f317ceeb0ceb<-988115cd-21c9-4558-b198-f2cedd98ccf3#0:FAIL-t183] and 0 exception(s); c52c3de9-0ed1-4f2b-ba1d-f317ceeb0ceb@group-20BE3FF63202:t183, leader=null, voted=c52c3de9-0ed1-4f2b-ba1d-f317ceeb0ceb, raftlog=c52c3de9-0ed1-4f2b-ba1d-f317ceeb0ceb@group-20BE3FF63202-SegmentedRaftLog:OPENED:c-1,f-1,i0, conf=-1: [24274e9f-e41f-4654-9afc-a783ca44e44b:192.168.69.67:35902, 988115cd-21c9-4558-b198-f2cedd98ccf3:192.168.69.67:44208, c52c3de9-0ed1-4f2b-ba1d-f317ceeb0ceb:192.168.69.67:37615], old=null
2019-10-18 07:14:33,964 [c52c3de9-0ed1-4f2b-ba1d-f317ceeb0ceb@group-20BE3FF63202-LeaderElection156] INFO  impl.RaftServerImpl (RaftServerImpl.java:setRole(184)) - c52c3de9-0ed1-4f2b-ba1d-f317ceeb0ceb@group-20BE3FF63202: changes role from CANDIDATE to FOLLOWER at term 183 for DISCOVERED_A_NEW_TERM
2019-10-18 07:14:33,964 [c52c3de9-0ed1-4f2b-ba1d-f317ceeb0ceb@group-20BE3FF63202-LeaderElection156] INFO  impl.RoleInfo (RoleInfo.java:shutdownLeaderElection(134)) - c52c3de9-0ed1-4f2b-ba1d-f317ceeb0ceb: shutdown LeaderElection
2019-10-18 07:14:33,964 [c52c3de9-0ed1-4f2b-ba1d-f317ceeb0ceb@group-20BE3FF63202-LeaderElection156] INFO  impl.RoleInfo (RoleInfo.java:updateAndGet(143)) - c52c3de9-0ed1-4f2b-ba1d-f317ceeb0ceb: start FollowerState
2019-10-18 07:14:34,012 [Thread-1466] INFO  impl.FollowerState (FollowerState.java:run(108)) - c52c3de9-0ed1-4f2b-ba1d-f317ceeb0ceb@group-20BE3FF63202-FollowerState: change to CANDIDATE, lastRpcTime:47ms, electionTimeout:47ms
2019-10-18 07:14:34,012 [Thread-1466] INFO  impl.RoleInfo (RoleInfo.java:shutdownFollowerState(121)) - c52c3de9-0ed1-4f2b-ba1d-f317ceeb0ceb: shutdown FollowerState
2019-10-18 07:14:34,012 [Thread-1466] INFO  impl.RaftServerImpl (RaftServerImpl.java:setRole(184)) - c52c3de9-0ed1-4f2b-ba1d-f317ceeb0ceb@group-20BE3FF63202: changes role from  FOLLOWER to CANDIDATE at term 183 for changeToCandidate
2019-10-18 07:14:34,012 [Thread-1466] INFO  impl.RoleInfo (RoleInfo.java:updateAndGet(143)) - c52c3de9-0ed1-4f2b-ba1d-f317ceeb0ceb: start LeaderElection
2019-10-18 07:14:34,074 [c52c3de9-0ed1-4f2b-ba1d-f317ceeb0ceb@group-20BE3FF63202-LeaderElection157] INFO  impl.LeaderElection (LeaderElection.java:askForVotes(178)) - c52c3de9-0ed1-4f2b-ba1d-f317ceeb0ceb@group-20BE3FF63202-LeaderElection157: begin an election at term 184 for -1: [24274e9f-e41f-4654-9afc-a783ca44e44b:192.168.69.67:35902, 988115cd-21c9-4558-b198-f2cedd98ccf3:192.168.69.67:44208, c52c3de9-0ed1-4f2b-ba1d-f317ceeb0ceb:192.168.69.67:37615], old=null
2019-10-18 07:14:34,076 [grpc-default-executor-0] INFO  impl.RaftServerImpl (RaftServerImpl.java:setRole(184)) - 24274e9f-e41f-4654-9afc-a783ca44e44b@group-20BE3FF63202: changes role from  FOLLOWER to FOLLOWER at term 184 for recognizeCandidate:c52c3de9-0ed1-4f2b-ba1d-f317ceeb0ceb
2019-10-18 07:14:34,077 [grpc-default-executor-1] INFO  impl.RaftServerImpl (RaftServerImpl.java:setRole(184)) - 988115cd-21c9-4558-b198-f2cedd98ccf3@group-20BE3FF63202: changes role from  FOLLOWER to FOLLOWER at term 184 for recognizeCandidate:c52c3de9-0ed1-4f2b-ba1d-f317ceeb0ceb
2019-10-18 07:14:34,077 [grpc-default-executor-0] INFO  impl.RoleInfo (RoleInfo.java:shutdownFollowerState(121)) - 24274e9f-e41f-4654-9afc-a783ca44e44b: shutdown FollowerState
2019-10-18 07:14:34,077 [grpc-default-executor-1] INFO  impl.RoleInfo (RoleInfo.java:shutdownFollowerState(121)) - 988115cd-21c9-4558-b198-f2cedd98ccf3: shutdown FollowerState
2019-10-18 07:14:34,077 [Thread-1464] INFO  impl.FollowerState (FollowerState.java:run(117)) - 24274e9f-e41f-4654-9afc-a783ca44e44b@group-20BE3FF63202-FollowerState was interrupted: java.lang.InterruptedException: sleep interrupted
2019-10-18 07:14:34,077 [grpc-default-executor-0] INFO  impl.RoleInfo (RoleInfo.java:updateAndGet(143)) - 24274e9f-e41f-4654-9afc-a783ca44e44b: start FollowerState
2019-10-18 07:14:34,077 [Thread-1465] INFO  impl.FollowerState (FollowerState.java:run(117)) - 988115cd-21c9-4558-b198-f2cedd98ccf3@group-20BE3FF63202-FollowerState was interrupted: java.lang.InterruptedException: sleep interrupted
2019-10-18 07:14:34,077 [grpc-default-executor-1] INFO  impl.RoleInfo (RoleInfo.java:updateAndGet(143)) - 988115cd-21c9-4558-b198-f2cedd98ccf3: start FollowerState
2019-10-18 07:14:34,129 [c52c3de9-0ed1-4f2b-ba1d-f317ceeb0ceb@group-20BE3FF63202-LeaderElection157] INFO  impl.LeaderElection (LeaderElection.java:logAndReturn(56)) - c52c3de9-0ed1-4f2b-ba1d-f317ceeb0ceb@group-20BE3FF63202-LeaderElection157: Election REJECTED; received 2 response(s) [c52c3de9-0ed1-4f2b-ba1d-f317ceeb0ceb<-24274e9f-e41f-4654-9afc-a783ca44e44b#0:FAIL-t184, c52c3de9-0ed1-4f2b-ba1d-f317ceeb0ceb<-988115cd-21c9-4558-b198-f2cedd98ccf3#0:FAIL-t184] and 0 exception(s); c52c3de9-0ed1-4f2b-ba1d-f317ceeb0ceb@group-20BE3FF63202:t184, leader=null, voted=c52c3de9-0ed1-4f2b-ba1d-f317ceeb0ceb, raftlog=c52c3de9-0ed1-4f2b-ba1d-f317ceeb0ceb@group-20BE3FF63202-SegmentedRaftLog:OPENED:c-1,f-1,i0, conf=-1: [24274e9f-e41f-4654-9afc-a783ca44e44b:192.168.69.67:35902, 988115cd-21c9-4558-b198-f2cedd98ccf3:192.168.69.67:44208, c52c3de9-0ed1-4f2b-ba1d-f317ceeb0ceb:192.168.69.67:37615], old=null
2019-10-18 07:14:34,129 [c52c3de9-0ed1-4f2b-ba1d-f317ceeb0ceb@group-20BE3FF63202-LeaderElection157] INFO  impl.RaftServerImpl (RaftServerImpl.java:setRole(184)) - c52c3de9-0ed1-4f2b-ba1d-f317ceeb0ceb@group-20BE3FF63202: changes role from CANDIDATE to FOLLOWER at term 184 for DISCOVERED_A_NEW_TERM
2019-10-18 07:14:34,129 [c52c3de9-0ed1-4f2b-ba1d-f317ceeb0ceb@group-20BE3FF63202-LeaderElection157] INFO  impl.RoleInfo (RoleInfo.java:shutdownLeaderElection(134)) - c52c3de9-0ed1-4f2b-ba1d-f317ceeb0ceb: shutdown LeaderElection
2019-10-18 07:14:34,130 [c52c3de9-0ed1-4f2b-ba1d-f317ceeb0ceb@group-20BE3FF63202-LeaderElection157] INFO  impl.RoleInfo (RoleInfo.java:updateAndGet(143)) - c52c3de9-0ed1-4f2b-ba1d-f317ceeb0ceb: start FollowerState
2019-10-18 07:14:34,192 [Thread-1472] INFO  impl.FollowerState (FollowerState.java:run(108)) - c52c3de9-0ed1-4f2b-ba1d-f317ceeb0ceb@group-20BE3FF63202-FollowerState: change to CANDIDATE, lastRpcTime:62ms, electionTimeout:62ms
2019-10-18 07:14:34,192 [Thread-1472] INFO  impl.RoleInfo (RoleInfo.java:shutdownFollowerState(121)) - c52c3de9-0ed1-4f2b-ba1d-f317ceeb0ceb: shutdown FollowerState
2019-10-18 07:14:34,192 [Thread-1472] INFO  impl.RaftServerImpl (RaftServerImpl.java:setRole(184)) - c52c3de9-0ed1-4f2b-ba1d-f317ceeb0ceb@group-20BE3FF63202: changes role from  FOLLOWER to CANDIDATE at term 184 for changeToCandidate
2019-10-18 07:14:34,192 [Thread-1472] INFO  impl.RoleInfo (RoleInfo.java:updateAndGet(143)) - c52c3de9-0ed1-4f2b-ba1d-f317ceeb0ceb: start LeaderElection
2019-10-18 07:14:34,239 [c52c3de9-0ed1-4f2b-ba1d-f317ceeb0ceb@group-20BE3FF63202-LeaderElection158] INFO  impl.LeaderElection (LeaderElection.java:askForVotes(178)) - c52c3de9-0ed1-4f2b-ba1d-f317ceeb0ceb@group-20BE3FF63202-LeaderElection158: begin an election at term 185 for -1: [24274e9f-e41f-4654-9afc-a783ca44e44b:192.168.69.67:35902, 988115cd-21c9-4558-b198-f2cedd98ccf3:192.168.69.67:44208, c52c3de9-0ed1-4f2b-ba1d-f317ceeb0ceb:192.168.69.67:37615], old=null
2019-10-18 07:14:34,242 [grpc-default-executor-0] INFO  impl.RaftServerImpl (RaftServerImpl.java:setRole(184)) - 988115cd-21c9-4558-b198-f2cedd98ccf3@group-20BE3FF63202: changes role from  FOLLOWER to FOLLOWER at term 185 for recognizeCandidate:c52c3de9-0ed1-4f2b-ba1d-f317ceeb0ceb
2019-10-18 07:14:34,242 [grpc-default-executor-0] INFO  impl.RoleInfo (RoleInfo.java:shutdownFollowerState(121)) - 988115cd-21c9-4558-b198-f2cedd98ccf3: shutdown FollowerState
2019-10-18 07:14:34,242 [grpc-default-executor-1] INFO  impl.RaftServerImpl (RaftServerImpl.java:setRole(184)) - 24274e9f-e41f-4654-9afc-a783ca44e44b@group-20BE3FF63202: changes role from  FOLLOWER to FOLLOWER at term 185 for recognizeCandidate:c52c3de9-0ed1-4f2b-ba1d-f317ceeb0ceb
2019-10-18 07:14:34,242 [Thread-1471] INFO  impl.FollowerState (FollowerState.java:run(117)) - 988115cd-21c9-4558-b198-f2cedd98ccf3@group-20BE3FF63202-FollowerState was interrupted: java.lang.InterruptedException: sleep interrupted
2019-10-18 07:14:34,242 [grpc-default-executor-0] INFO  impl.RoleInfo (RoleInfo.java:updateAndGet(143)) - 988115cd-21c9-4558-b198-f2cedd98ccf3: start FollowerState
2019-10-18 07:14:34,243 [grpc-default-executor-1] INFO  impl.RoleInfo (RoleInfo.java:shutdownFollowerState(121)) - 24274e9f-e41f-4654-9afc-a783ca44e44b: shutdown FollowerState
2019-10-18 07:14:34,243 [grpc-default-executor-1] INFO  impl.RoleInfo (RoleInfo.java:updateAndGet(143)) - 24274e9f-e41f-4654-9afc-a783ca44e44b: start FollowerState
2019-10-18 07:14:34,243 [Thread-1470] INFO  impl.FollowerState (FollowerState.java:run(117)) - 24274e9f-e41f-4654-9afc-a783ca44e44b@group-20BE3FF63202-FollowerState was interrupted: java.lang.InterruptedException: sleep interrupted
2019-10-18 07:14:34,287 [c52c3de9-0ed1-4f2b-ba1d-f317ceeb0ceb@group-20BE3FF63202-LeaderElection158] INFO  impl.LeaderElection (LeaderElection.java:logAndReturn(56)) - c52c3de9-0ed1-4f2b-ba1d-f317ceeb0ceb@group-20BE3FF63202-LeaderElection158: Election REJECTED; received 2 response(s) [c52c3de9-0ed1-4f2b-ba1d-f317ceeb0ceb<-24274e9f-e41f-4654-9afc-a783ca44e44b#0:FAIL-t185, c52c3de9-0ed1-4f2b-ba1d-f317ceeb0ceb<-988115cd-21c9-4558-b198-f2cedd98ccf3#0:FAIL-t185] and 0 exception(s); c52c3de9-0ed1-4f2b-ba1d-f317ceeb0ceb@group-20BE3FF63202:t185, leader=null, voted=c52c3de9-0ed1-4f2b-ba1d-f317ceeb0ceb, raftlog=c52c3de9-0ed1-4f2b-ba1d-f317ceeb0ceb@group-20BE3FF63202-SegmentedRaftLog:OPENED:c-1,f-1,i0, conf=-1: [24274e9f-e41f-4654-9afc-a783ca44e44b:192.168.69.67:35902, 988115cd-21c9-4558-b198-f2cedd98ccf3:192.168.69.67:44208, c52c3de9-0ed1-4f2b-ba1d-f317ceeb0ceb:192.168.69.67:37615], old=null
2019-10-18 07:14:34,287 [c52c3de9-0ed1-4f2b-ba1d-f317ceeb0ceb@group-20BE3FF63202-LeaderElection158] INFO  impl.RaftServerImpl (RaftServerImpl.java:setRole(184)) - c52c3de9-0ed1-4f2b-ba1d-f317ceeb0ceb@group-20BE3FF63202: changes role from CANDIDATE to FOLLOWER at term 185 for DISCOVERED_A_NEW_TERM
2019-10-18 07:14:34,287 [c52c3de9-0ed1-4f2b-ba1d-f317ceeb0ceb@group-20BE3FF63202-LeaderElection158] INFO  impl.RoleInfo (RoleInfo.java:shutdownLeaderElection(134)) - c52c3de9-0ed1-4f2b-ba1d-f317ceeb0ceb: shutdown LeaderElection
2019-10-18 07:14:34,287 [c52c3de9-0ed1-4f2b-ba1d-f317ceeb0ceb@group-20BE3FF63202-LeaderElection158] INFO  impl.RoleInfo (RoleInfo.java:updateAndGet(143)) - c52c3de9-0ed1-4f2b-ba1d-f317ceeb0ceb: start FollowerState
2019-10-18 07:14:34,367 [Thread-1478] INFO  impl.FollowerState (FollowerState.java:run(108)) - c52c3de9-0ed1-4f2b-ba1d-f317ceeb0ceb@group-20BE3FF63202-FollowerState: change to CANDIDATE, lastRpcTime:79ms, electionTimeout:79ms
2019-10-18 07:14:34,367 [Thread-1478] INFO  impl.RoleInfo (RoleInfo.java:shutdownFollowerState(121)) - c52c3de9-0ed1-4f2b-ba1d-f317ceeb0ceb: shutdown FollowerState
2019-10-18 07:14:34,367 [Thread-1478] INFO  impl.RaftServerImpl (RaftServerImpl.java:setRole(184)) - c52c3de9-0ed1-4f2b-ba1d-f317ceeb0ceb@group-20BE3FF63202: changes role from  FOLLOWER to CANDIDATE at term 185 for changeToCandidate
2019-10-18 07:14:34,368 [Thread-1478] INFO  impl.RoleInfo (RoleInfo.java:updateAndGet(143)) - c52c3de9-0ed1-4f2b-ba1d-f317ceeb0ceb: start LeaderElection
2019-10-18 07:14:34,404 [c52c3de9-0ed1-4f2b-ba1d-f317ceeb0ceb@group-20BE3FF63202-LeaderElection159] INFO  impl.LeaderElection (LeaderElection.java:askForVotes(178)) - c52c3de9-0ed1-4f2b-ba1d-f317ceeb0ceb@group-20BE3FF63202-LeaderElection159: begin an election at term 186 for -1: [24274e9f-e41f-4654-9afc-a783ca44e44b:192.168.69.67:35902, 988115cd-21c9-4558-b198-f2cedd98ccf3:192.168.69.67:44208, c52c3de9-0ed1-4f2b-ba1d-f317ceeb0ceb:192.168.69.67:37615], old=null
2019-10-18 07:14:34,407 [grpc-default-executor-1] INFO  impl.RaftServerImpl (RaftServerImpl.java:setRole(184)) - 24274e9f-e41f-4654-9afc-a783ca44e44b@group-20BE3FF63202: changes role from  FOLLOWER to FOLLOWER at term 186 for recognizeCandidate:c52c3de9-0ed1-4f2b-ba1d-f317ceeb0ceb
2019-10-18 07:14:34,407 [grpc-default-executor-0] INFO  impl.RaftServerImpl (RaftServerImpl.java:setRole(184)) - 988115cd-21c9-4558-b198-f2cedd98ccf3@group-20BE3FF63202: changes role from  FOLLOWER to FOLLOWER at term 186 for recognizeCandidate:c52c3de9-0ed1-4f2b-ba1d-f317ceeb0ceb
2019-10-18 07:14:34,408 [grpc-default-executor-0] INFO  impl.RoleInfo (RoleInfo.java:shutdownFollowerState(121)) - 988115cd-21c9-4558-b198-f2cedd98ccf3: shutdown FollowerState
2019-10-18 07:14:34,408 [grpc-default-executor-1] INFO  impl.RoleInfo (RoleInfo.java:shutdownFollowerState(121)) - 24274e9f-e41f-4654-9afc-a783ca44e44b: shutdown FollowerState
2019-10-18 07:14:34,408 [Thread-1476] INFO  impl.FollowerState (FollowerState.java:run(117)) - 988115cd-21c9-4558-b198-f2cedd98ccf3@group-20BE3FF63202-FollowerState was interrupted: java.lang.InterruptedException: sleep interrupted
2019-10-18 07:14:34,408 [grpc-default-executor-0] INFO  impl.RoleInfo (RoleInfo.java:updateAndGet(143)) - 988115cd-21c9-4558-b198-f2cedd98ccf3: start FollowerState
2019-10-18 07:14:34,408 [Thread-1477] INFO  impl.FollowerState (FollowerState.java:run(117)) - 24274e9f-e41f-4654-9afc-a783ca44e44b@group-20BE3FF63202-FollowerState was interrupted: java.lang.InterruptedException: sleep interrupted
2019-10-18 07:14:34,408 [grpc-default-executor-1] INFO  impl.RoleInfo (RoleInfo.java:updateAndGet(143)) - 24274e9f-e41f-4654-9afc-a783ca44e44b: start FollowerState
2019-10-18 07:14:34,452 [c52c3de9-0ed1-4f2b-ba1d-f317ceeb0ceb@group-20BE3FF63202-LeaderElection159] INFO  impl.LeaderElection (LeaderElection.java:logAndReturn(56)) - c52c3de9-0ed1-4f2b-ba1d-f317ceeb0ceb@group-20BE3FF63202-LeaderElection159: Election TIMEOUT; received 0 response(s) [] and 0 exception(s); c52c3de9-0ed1-4f2b-ba1d-f317ceeb0ceb@group-20BE3FF63202:t186, leader=null, voted=c52c3de9-0ed1-4f2b-ba1d-f317ceeb0ceb, raftlog=c52c3de9-0ed1-4f2b-ba1d-f317ceeb0ceb@group-20BE3FF63202-SegmentedRaftLog:OPENED:c-1,f-1,i0, conf=-1: [24274e9f-e41f-4654-9afc-a783ca44e44b:192.168.69.67:35902, 988115cd-21c9-4558-b198-f2cedd98ccf3:192.168.69.67:44208, c52c3de9-0ed1-4f2b-ba1d-f317ceeb0ceb:192.168.69.67:37615], old=null
2019-10-18 07:14:34,478 [main] INFO  ozone.MiniOzoneClusterImpl (MiniOzoneClusterImpl.java:lambda$waitForClusterToBeReady$2(164)) - Waiting for 1 number of pipelines out of 9, to report a leader.
2019-10-18 07:14:34,533 [c52c3de9-0ed1-4f2b-ba1d-f317ceeb0ceb@group-20BE3FF63202-LeaderElection159] INFO  impl.LeaderElection (LeaderElection.java:askForVotes(178)) - c52c3de9-0ed1-4f2b-ba1d-f317ceeb0ceb@group-20BE3FF63202-LeaderElection159: begin an election at term 187 for -1: [24274e9f-e41f-4654-9afc-a783ca44e44b:192.168.69.67:35902, 988115cd-21c9-4558-b198-f2cedd98ccf3:192.168.69.67:44208, c52c3de9-0ed1-4f2b-ba1d-f317ceeb0ceb:192.168.69.67:37615], old=null
2019-10-18 07:14:34,535 [grpc-default-executor-1] INFO  impl.RaftServerImpl (RaftServerImpl.java:setRole(184)) - 24274e9f-e41f-4654-9afc-a783ca44e44b@group-20BE3FF63202: changes role from  FOLLOWER to FOLLOWER at term 187 for recognizeCandidate:c52c3de9-0ed1-4f2b-ba1d-f317ceeb0ceb
2019-10-18 07:14:34,535 [grpc-default-executor-1] INFO  impl.RoleInfo (RoleInfo.java:shutdownFollowerState(121)) - 24274e9f-e41f-4654-9afc-a783ca44e44b: shutdown FollowerState
2019-10-18 07:14:34,536 [grpc-default-executor-1] INFO  impl.RoleInfo (RoleInfo.java:updateAndGet(143)) - 24274e9f-e41f-4654-9afc-a783ca44e44b: start FollowerState
2019-10-18 07:14:34,536 [Thread-1483] INFO  impl.FollowerState (FollowerState.java:run(117)) - 24274e9f-e41f-4654-9afc-a783ca44e44b@group-20BE3FF63202-FollowerState was interrupted: java.lang.InterruptedException: sleep interrupted
2019-10-18 07:14:34,536 [grpc-default-executor-0] INFO  impl.RaftServerImpl (RaftServerImpl.java:setRole(184)) - 988115cd-21c9-4558-b198-f2cedd98ccf3@group-20BE3FF63202: changes role from  FOLLOWER to FOLLOWER at term 187 for recognizeCandidate:c52c3de9-0ed1-4f2b-ba1d-f317ceeb0ceb
2019-10-18 07:14:34,536 [grpc-default-executor-0] INFO  impl.RoleInfo (RoleInfo.java:shutdownFollowerState(121)) - 988115cd-21c9-4558-b198-f2cedd98ccf3: shutdown FollowerState
2019-10-18 07:14:34,536 [grpc-default-executor-0] INFO  impl.RoleInfo (RoleInfo.java:updateAndGet(143)) - 988115cd-21c9-4558-b198-f2cedd98ccf3: start FollowerState
2019-10-18 07:14:34,536 [Thread-1482] INFO  impl.FollowerState (FollowerState.java:run(117)) - 988115cd-21c9-4558-b198-f2cedd98ccf3@group-20BE3FF63202-FollowerState was interrupted: java.lang.InterruptedException: sleep interrupted
2019-10-18 07:14:34,601 [c52c3de9-0ed1-4f2b-ba1d-f317ceeb0ceb@group-20BE3FF63202-LeaderElection159] INFO  impl.LeaderElection (LeaderElection.java:logAndReturn(56)) - c52c3de9-0ed1-4f2b-ba1d-f317ceeb0ceb@group-20BE3FF63202-LeaderElection159: Election REJECTED; received 2 response(s) [c52c3de9-0ed1-4f2b-ba1d-f317ceeb0ceb<-24274e9f-e41f-4654-9afc-a783ca44e44b#0:FAIL-t187, c52c3de9-0ed1-4f2b-ba1d-f317ceeb0ceb<-988115cd-21c9-4558-b198-f2cedd98ccf3#0:FAIL-t187] and 0 exception(s); c52c3de9-0ed1-4f2b-ba1d-f317ceeb0ceb@group-20BE3FF63202:t187, leader=null, voted=c52c3de9-0ed1-4f2b-ba1d-f317ceeb0ceb, raftlog=c52c3de9-0ed1-4f2b-ba1d-f317ceeb0ceb@group-20BE3FF63202-SegmentedRaftLog:OPENED:c-1,f-1,i0, conf=-1: [24274e9f-e41f-4654-9afc-a783ca44e44b:192.168.69.67:35902, 988115cd-21c9-4558-b198-f2cedd98ccf3:192.168.69.67:44208, c52c3de9-0ed1-4f2b-ba1d-f317ceeb0ceb:192.168.69.67:37615], old=null
2019-10-18 07:14:34,601 [c52c3de9-0ed1-4f2b-ba1d-f317ceeb0ceb@group-20BE3FF63202-LeaderElection159] INFO  impl.RaftServerImpl (RaftServerImpl.java:setRole(184)) - c52c3de9-0ed1-4f2b-ba1d-f317ceeb0ceb@group-20BE3FF63202: changes role from CANDIDATE to FOLLOWER at term 187 for DISCOVERED_A_NEW_TERM
2019-10-18 07:14:34,601 [c52c3de9-0ed1-4f2b-ba1d-f317ceeb0ceb@group-20BE3FF63202-LeaderElection159] INFO  impl.RoleInfo (RoleInfo.java:shutdownLeaderElection(134)) - c52c3de9-0ed1-4f2b-ba1d-f317ceeb0ceb: shutdown LeaderElection
2019-10-18 07:14:34,601 [c52c3de9-0ed1-4f2b-ba1d-f317ceeb0ceb@group-20BE3FF63202-LeaderElection159] INFO  impl.RoleInfo (RoleInfo.java:updateAndGet(143)) - c52c3de9-0ed1-4f2b-ba1d-f317ceeb0ceb: start FollowerState
2019-10-18 07:14:34,801 [Thread-1488] INFO  impl.FollowerState (FollowerState.java:run(108)) - c52c3de9-0ed1-4f2b-ba1d-f317ceeb0ceb@group-20BE3FF63202-FollowerState: change to CANDIDATE, lastRpcTime:199ms, electionTimeout:199ms
2019-10-18 07:14:34,801 [Thread-1488] INFO  impl.RoleInfo (RoleInfo.java:shutdownFollowerState(121)) - c52c3de9-0ed1-4f2b-ba1d-f317ceeb0ceb: shutdown FollowerState
2019-10-18 07:14:34,801 [Thread-1488] INFO  impl.RaftServerImpl (RaftServerImpl.java:setRole(184)) - c52c3de9-0ed1-4f2b-ba1d-f317ceeb0ceb@group-20BE3FF63202: changes role from  FOLLOWER to CANDIDATE at term 187 for changeToCandidate
2019-10-18 07:14:34,801 [Thread-1488] INFO  impl.RoleInfo (RoleInfo.java:updateAndGet(143)) - c52c3de9-0ed1-4f2b-ba1d-f317ceeb0ceb: start LeaderElection
2019-10-18 07:14:34,884 [c52c3de9-0ed1-4f2b-ba1d-f317ceeb0ceb@group-20BE3FF63202-LeaderElection160] INFO  impl.LeaderElection (LeaderElection.java:askForVotes(178)) - c52c3de9-0ed1-4f2b-ba1d-f317ceeb0ceb@group-20BE3FF63202-LeaderElection160: begin an election at term 188 for -1: [24274e9f-e41f-4654-9afc-a783ca44e44b:192.168.69.67:35902, 988115cd-21c9-4558-b198-f2cedd98ccf3:192.168.69.67:44208, c52c3de9-0ed1-4f2b-ba1d-f317ceeb0ceb:192.168.69.67:37615], old=null
2019-10-18 07:14:34,887 [grpc-default-executor-1] INFO  impl.RaftServerImpl (RaftServerImpl.java:setRole(184)) - 24274e9f-e41f-4654-9afc-a783ca44e44b@group-20BE3FF63202: changes role from  FOLLOWER to FOLLOWER at term 188 for recognizeCandidate:c52c3de9-0ed1-4f2b-ba1d-f317ceeb0ceb
2019-10-18 07:14:34,887 [grpc-default-executor-1] INFO  impl.RoleInfo (RoleInfo.java:shutdownFollowerState(121)) - 24274e9f-e41f-4654-9afc-a783ca44e44b: shutdown FollowerState
2019-10-18 07:14:34,887 [grpc-default-executor-0] INFO  impl.RaftServerImpl (RaftServerImpl.java:setRole(184)) - 988115cd-21c9-4558-b198-f2cedd98ccf3@group-20BE3FF63202: changes role from  FOLLOWER to FOLLOWER at term 188 for recognizeCandidate:c52c3de9-0ed1-4f2b-ba1d-f317ceeb0ceb
2019-10-18 07:14:34,888 [Thread-1486] INFO  impl.FollowerState (FollowerState.java:run(117)) - 24274e9f-e41f-4654-9afc-a783ca44e44b@group-20BE3FF63202-FollowerState was interrupted: java.lang.InterruptedException: sleep interrupted
2019-10-18 07:14:34,888 [grpc-default-executor-1] INFO  impl.RoleInfo (RoleInfo.java:updateAndGet(143)) - 24274e9f-e41f-4654-9afc-a783ca44e44b: start FollowerState
2019-10-18 07:14:34,888 [grpc-default-executor-0] INFO  impl.RoleInfo (RoleInfo.java:shutdownFollowerState(121)) - 988115cd-21c9-4558-b198-f2cedd98ccf3: shutdown FollowerState
2019-10-18 07:14:34,888 [grpc-default-executor-0] INFO  impl.RoleInfo (RoleInfo.java:updateAndGet(143)) - 988115cd-21c9-4558-b198-f2cedd98ccf3: start FollowerState
2019-10-18 07:14:34,888 [Thread-1487] INFO  impl.FollowerState (FollowerState.java:run(117)) - 988115cd-21c9-4558-b198-f2cedd98ccf3@group-20BE3FF63202-FollowerState was interrupted: java.lang.InterruptedException: sleep interrupted
2019-10-18 07:14:34,920 [c52c3de9-0ed1-4f2b-ba1d-f317ceeb0ceb@group-20BE3FF63202-LeaderElection160] INFO  impl.LeaderElection (LeaderElection.java:logAndReturn(56)) - c52c3de9-0ed1-4f2b-ba1d-f317ceeb0ceb@group-20BE3FF63202-LeaderElection160: Election REJECTED; received 2 response(s) [c52c3de9-0ed1-4f2b-ba1d-f317ceeb0ceb<-24274e9f-e41f-4654-9afc-a783ca44e44b#0:FAIL-t188, c52c3de9-0ed1-4f2b-ba1d-f317ceeb0ceb<-988115cd-21c9-4558-b198-f2cedd98ccf3#0:FAIL-t188] and 0 exception(s); c52c3de9-0ed1-4f2b-ba1d-f317ceeb0ceb@group-20BE3FF63202:t188, leader=null, voted=c52c3de9-0ed1-4f2b-ba1d-f317ceeb0ceb, raftlog=c52c3de9-0ed1-4f2b-ba1d-f317ceeb0ceb@group-20BE3FF63202-SegmentedRaftLog:OPENED:c-1,f-1,i0, conf=-1: [24274e9f-e41f-4654-9afc-a783ca44e44b:192.168.69.67:35902, 988115cd-21c9-4558-b198-f2cedd98ccf3:192.168.69.67:44208, c52c3de9-0ed1-4f2b-ba1d-f317ceeb0ceb:192.168.69.67:37615], old=null
2019-10-18 07:14:34,920 [c52c3de9-0ed1-4f2b-ba1d-f317ceeb0ceb@group-20BE3FF63202-LeaderElection160] INFO  impl.RaftServerImpl (RaftServerImpl.java:setRole(184)) - c52c3de9-0ed1-4f2b-ba1d-f317ceeb0ceb@group-20BE3FF63202: changes role from CANDIDATE to FOLLOWER at term 188 for DISCOVERED_A_NEW_TERM
2019-10-18 07:14:34,920 [c52c3de9-0ed1-4f2b-ba1d-f317ceeb0ceb@group-20BE3FF63202-LeaderElection160] INFO  impl.RoleInfo (RoleInfo.java:shutdownLeaderElection(134)) - c52c3de9-0ed1-4f2b-ba1d-f317ceeb0ceb: shutdown LeaderElection
2019-10-18 07:14:34,920 [c52c3de9-0ed1-4f2b-ba1d-f317ceeb0ceb@group-20BE3FF63202-LeaderElection160] INFO  impl.RoleInfo (RoleInfo.java:updateAndGet(143)) - c52c3de9-0ed1-4f2b-ba1d-f317ceeb0ceb: start FollowerState
2019-10-18 07:14:35,058 [Thread-1494] INFO  impl.FollowerState (FollowerState.java:run(108)) - c52c3de9-0ed1-4f2b-ba1d-f317ceeb0ceb@group-20BE3FF63202-FollowerState: change to CANDIDATE, lastRpcTime:137ms, electionTimeout:137ms
2019-10-18 07:14:35,058 [Thread-1494] INFO  impl.RoleInfo (RoleInfo.java:shutdownFollowerState(121)) - c52c3de9-0ed1-4f2b-ba1d-f317ceeb0ceb: shutdown FollowerState
2019-10-18 07:14:35,058 [Thread-1494] INFO  impl.RaftServerImpl (RaftServerImpl.java:setRole(184)) - c52c3de9-0ed1-4f2b-ba1d-f317ceeb0ceb@group-20BE3FF63202: changes role from  FOLLOWER to CANDIDATE at term 188 for changeToCandidate
2019-10-18 07:14:35,058 [Thread-1494] INFO  impl.RoleInfo (RoleInfo.java:updateAndGet(143)) - c52c3de9-0ed1-4f2b-ba1d-f317ceeb0ceb: start LeaderElection
2019-10-18 07:14:35,109 [c52c3de9-0ed1-4f2b-ba1d-f317ceeb0ceb@group-20BE3FF63202-LeaderElection161] INFO  impl.LeaderElection (LeaderElection.java:askForVotes(178)) - c52c3de9-0ed1-4f2b-ba1d-f317ceeb0ceb@group-20BE3FF63202-LeaderElection161: begin an election at term 189 for -1: [24274e9f-e41f-4654-9afc-a783ca44e44b:192.168.69.67:35902, 988115cd-21c9-4558-b198-f2cedd98ccf3:192.168.69.67:44208, c52c3de9-0ed1-4f2b-ba1d-f317ceeb0ceb:192.168.69.67:37615], old=null
2019-10-18 07:14:35,111 [grpc-default-executor-0] INFO  impl.RaftServerImpl (RaftServerImpl.java:setRole(184)) - 24274e9f-e41f-4654-9afc-a783ca44e44b@group-20BE3FF63202: changes role from  FOLLOWER to FOLLOWER at term 189 for recognizeCandidate:c52c3de9-0ed1-4f2b-ba1d-f317ceeb0ceb
2019-10-18 07:14:35,112 [grpc-default-executor-0] INFO  impl.RoleInfo (RoleInfo.java:shutdownFollowerState(121)) - 24274e9f-e41f-4654-9afc-a783ca44e44b: shutdown FollowerState
2019-10-18 07:14:35,112 [grpc-default-executor-1] INFO  impl.RaftServerImpl (RaftServerImpl.java:setRole(184)) - 988115cd-21c9-4558-b198-f2cedd98ccf3@group-20BE3FF63202: changes role from  FOLLOWER to FOLLOWER at term 189 for recognizeCandidate:c52c3de9-0ed1-4f2b-ba1d-f317ceeb0ceb
2019-10-18 07:14:35,112 [Thread-1492] INFO  impl.FollowerState (FollowerState.java:run(117)) - 24274e9f-e41f-4654-9afc-a783ca44e44b@group-20BE3FF63202-FollowerState was interrupted: java.lang.InterruptedException: sleep interrupted
2019-10-18 07:14:35,112 [grpc-default-executor-0] INFO  impl.RoleInfo (RoleInfo.java:updateAndGet(143)) - 24274e9f-e41f-4654-9afc-a783ca44e44b: start FollowerState
2019-10-18 07:14:35,112 [grpc-default-executor-1] INFO  impl.RoleInfo (RoleInfo.java:shutdownFollowerState(121)) - 988115cd-21c9-4558-b198-f2cedd98ccf3: shutdown FollowerState
2019-10-18 07:14:35,112 [grpc-default-executor-1] INFO  impl.RoleInfo (RoleInfo.java:updateAndGet(143)) - 988115cd-21c9-4558-b198-f2cedd98ccf3: start FollowerState
2019-10-18 07:14:35,112 [Thread-1493] INFO  impl.FollowerState (FollowerState.java:run(117)) - 988115cd-21c9-4558-b198-f2cedd98ccf3@group-20BE3FF63202-FollowerState was interrupted: java.lang.InterruptedException: sleep interrupted
2019-10-18 07:14:35,191 [c52c3de9-0ed1-4f2b-ba1d-f317ceeb0ceb@group-20BE3FF63202-LeaderElection161] INFO  impl.LeaderElection (LeaderElection.java:logAndReturn(56)) - c52c3de9-0ed1-4f2b-ba1d-f317ceeb0ceb@group-20BE3FF63202-LeaderElection161: Election REJECTED; received 2 response(s) [c52c3de9-0ed1-4f2b-ba1d-f317ceeb0ceb<-24274e9f-e41f-4654-9afc-a783ca44e44b#0:FAIL-t189, c52c3de9-0ed1-4f2b-ba1d-f317ceeb0ceb<-988115cd-21c9-4558-b198-f2cedd98ccf3#0:FAIL-t189] and 0 exception(s); c52c3de9-0ed1-4f2b-ba1d-f317ceeb0ceb@group-20BE3FF63202:t189, leader=null, voted=c52c3de9-0ed1-4f2b-ba1d-f317ceeb0ceb, raftlog=c52c3de9-0ed1-4f2b-ba1d-f317ceeb0ceb@group-20BE3FF63202-SegmentedRaftLog:OPENED:c-1,f-1,i0, conf=-1: [24274e9f-e41f-4654-9afc-a783ca44e44b:192.168.69.67:35902, 988115cd-21c9-4558-b198-f2cedd98ccf3:192.168.69.67:44208, c52c3de9-0ed1-4f2b-ba1d-f317ceeb0ceb:192.168.69.67:37615], old=null
2019-10-18 07:14:35,192 [c52c3de9-0ed1-4f2b-ba1d-f317ceeb0ceb@group-20BE3FF63202-LeaderElection161] INFO  impl.RaftServerImpl (RaftServerImpl.java:setRole(184)) - c52c3de9-0ed1-4f2b-ba1d-f317ceeb0ceb@group-20BE3FF63202: changes role from CANDIDATE to FOLLOWER at term 189 for DISCOVERED_A_NEW_TERM
2019-10-18 07:14:35,192 [c52c3de9-0ed1-4f2b-ba1d-f317ceeb0ceb@group-20BE3FF63202-LeaderElection161] INFO  impl.RoleInfo (RoleInfo.java:shutdownLeaderElection(134)) - c52c3de9-0ed1-4f2b-ba1d-f317ceeb0ceb: shutdown LeaderElection
2019-10-18 07:14:35,192 [c52c3de9-0ed1-4f2b-ba1d-f317ceeb0ceb@group-20BE3FF63202-LeaderElection161] INFO  impl.RoleInfo (RoleInfo.java:updateAndGet(143)) - c52c3de9-0ed1-4f2b-ba1d-f317ceeb0ceb: start FollowerState
2019-10-18 07:14:35,193 [Thread-1500] INFO  impl.FollowerState (FollowerState.java:run(108)) - c52c3de9-0ed1-4f2b-ba1d-f317ceeb0ceb@group-20BE3FF63202-FollowerState: change to CANDIDATE, lastRpcTime:1ms, electionTimeout:1ms
2019-10-18 07:14:35,194 [Thread-1500] INFO  impl.RoleInfo (RoleInfo.java:shutdownFollowerState(121)) - c52c3de9-0ed1-4f2b-ba1d-f317ceeb0ceb: shutdown FollowerState
2019-10-18 07:14:35,194 [Thread-1500] INFO  impl.RaftServerImpl (RaftServerImpl.java:setRole(184)) - c52c3de9-0ed1-4f2b-ba1d-f317ceeb0ceb@group-20BE3FF63202: changes role from  FOLLOWER to CANDIDATE at term 189 for changeToCandidate
2019-10-18 07:14:35,194 [Thread-1500] INFO  impl.RoleInfo (RoleInfo.java:updateAndGet(143)) - c52c3de9-0ed1-4f2b-ba1d-f317ceeb0ceb: start LeaderElection
2019-10-18 07:14:35,235 [c52c3de9-0ed1-4f2b-ba1d-f317ceeb0ceb@group-20BE3FF63202-LeaderElection162] INFO  impl.LeaderElection (LeaderElection.java:askForVotes(178)) - c52c3de9-0ed1-4f2b-ba1d-f317ceeb0ceb@group-20BE3FF63202-LeaderElection162: begin an election at term 190 for -1: [24274e9f-e41f-4654-9afc-a783ca44e44b:192.168.69.67:35902, 988115cd-21c9-4558-b198-f2cedd98ccf3:192.168.69.67:44208, c52c3de9-0ed1-4f2b-ba1d-f317ceeb0ceb:192.168.69.67:37615], old=null
2019-10-18 07:14:35,237 [grpc-default-executor-0] INFO  impl.RaftServerImpl (RaftServerImpl.java:setRole(184)) - 24274e9f-e41f-4654-9afc-a783ca44e44b@group-20BE3FF63202: changes role from  FOLLOWER to FOLLOWER at term 190 for recognizeCandidate:c52c3de9-0ed1-4f2b-ba1d-f317ceeb0ceb
2019-10-18 07:14:35,237 [grpc-default-executor-1] INFO  impl.RaftServerImpl (RaftServerImpl.java:setRole(184)) - 988115cd-21c9-4558-b198-f2cedd98ccf3@group-20BE3FF63202: changes role from  FOLLOWER to FOLLOWER at term 190 for recognizeCandidate:c52c3de9-0ed1-4f2b-ba1d-f317ceeb0ceb
2019-10-18 07:14:35,237 [grpc-default-executor-0] INFO  impl.RoleInfo (RoleInfo.java:shutdownFollowerState(121)) - 24274e9f-e41f-4654-9afc-a783ca44e44b: shutdown FollowerState
2019-10-18 07:14:35,237 [grpc-default-executor-1] INFO  impl.RoleInfo (RoleInfo.java:shutdownFollowerState(121)) - 988115cd-21c9-4558-b198-f2cedd98ccf3: shutdown FollowerState
2019-10-18 07:14:35,238 [grpc-default-executor-0] INFO  impl.RoleInfo (RoleInfo.java:updateAndGet(143)) - 24274e9f-e41f-4654-9afc-a783ca44e44b: start FollowerState
2019-10-18 07:14:35,238 [Thread-1498] INFO  impl.FollowerState (FollowerState.java:run(117)) - 24274e9f-e41f-4654-9afc-a783ca44e44b@group-20BE3FF63202-FollowerState was interrupted: java.lang.InterruptedException: sleep interrupted
2019-10-18 07:14:35,238 [Thread-1499] INFO  impl.FollowerState (FollowerState.java:run(117)) - 988115cd-21c9-4558-b198-f2cedd98ccf3@group-20BE3FF63202-FollowerState was interrupted: java.lang.InterruptedException: sleep interrupted
2019-10-18 07:14:35,238 [grpc-default-executor-1] INFO  impl.RoleInfo (RoleInfo.java:updateAndGet(143)) - 988115cd-21c9-4558-b198-f2cedd98ccf3: start FollowerState
2019-10-18 07:14:35,313 [c52c3de9-0ed1-4f2b-ba1d-f317ceeb0ceb@group-20BE3FF63202-LeaderElection162] INFO  impl.LeaderElection (LeaderElection.java:logAndReturn(56)) - c52c3de9-0ed1-4f2b-ba1d-f317ceeb0ceb@group-20BE3FF63202-LeaderElection162: Election REJECTED; received 2 response(s) [c52c3de9-0ed1-4f2b-ba1d-f317ceeb0ceb<-24274e9f-e41f-4654-9afc-a783ca44e44b#0:FAIL-t190, c52c3de9-0ed1-4f2b-ba1d-f317ceeb0ceb<-988115cd-21c9-4558-b198-f2cedd98ccf3#0:FAIL-t190] and 0 exception(s); c52c3de9-0ed1-4f2b-ba1d-f317ceeb0ceb@group-20BE3FF63202:t190, leader=null, voted=c52c3de9-0ed1-4f2b-ba1d-f317ceeb0ceb, raftlog=c52c3de9-0ed1-4f2b-ba1d-f317ceeb0ceb@group-20BE3FF63202-SegmentedRaftLog:OPENED:c-1,f-1,i0, conf=-1: [24274e9f-e41f-4654-9afc-a783ca44e44b:192.168.69.67:35902, 988115cd-21c9-4558-b198-f2cedd98ccf3:192.168.69.67:44208, c52c3de9-0ed1-4f2b-ba1d-f317ceeb0ceb:192.168.69.67:37615], old=null
2019-10-18 07:14:35,313 [c52c3de9-0ed1-4f2b-ba1d-f317ceeb0ceb@group-20BE3FF63202-LeaderElection162] INFO  impl.RaftServerImpl (RaftServerImpl.java:setRole(184)) - c52c3de9-0ed1-4f2b-ba1d-f317ceeb0ceb@group-20BE3FF63202: changes role from CANDIDATE to FOLLOWER at term 190 for DISCOVERED_A_NEW_TERM
2019-10-18 07:14:35,313 [c52c3de9-0ed1-4f2b-ba1d-f317ceeb0ceb@group-20BE3FF63202-LeaderElection162] INFO  impl.RoleInfo (RoleInfo.java:shutdownLeaderElection(134)) - c52c3de9-0ed1-4f2b-ba1d-f317ceeb0ceb: shutdown LeaderElection
2019-10-18 07:14:35,313 [c52c3de9-0ed1-4f2b-ba1d-f317ceeb0ceb@group-20BE3FF63202-LeaderElection162] INFO  impl.RoleInfo (RoleInfo.java:updateAndGet(143)) - c52c3de9-0ed1-4f2b-ba1d-f317ceeb0ceb: start FollowerState
2019-10-18 07:14:35,352 [Thread-1508] INFO  impl.FollowerState (FollowerState.java:run(108)) - c52c3de9-0ed1-4f2b-ba1d-f317ceeb0ceb@group-20BE3FF63202-FollowerState: change to CANDIDATE, lastRpcTime:38ms, electionTimeout:36ms
2019-10-18 07:14:35,352 [Thread-1508] INFO  impl.RoleInfo (RoleInfo.java:shutdownFollowerState(121)) - c52c3de9-0ed1-4f2b-ba1d-f317ceeb0ceb: shutdown FollowerState
2019-10-18 07:14:35,352 [Thread-1508] INFO  impl.RaftServerImpl (RaftServerImpl.java:setRole(184)) - c52c3de9-0ed1-4f2b-ba1d-f317ceeb0ceb@group-20BE3FF63202: changes role from  FOLLOWER to CANDIDATE at term 190 for changeToCandidate
2019-10-18 07:14:35,352 [Thread-1508] INFO  impl.RoleInfo (RoleInfo.java:updateAndGet(143)) - c52c3de9-0ed1-4f2b-ba1d-f317ceeb0ceb: start LeaderElection
2019-10-18 07:14:35,389 [c52c3de9-0ed1-4f2b-ba1d-f317ceeb0ceb@group-20BE3FF63202-LeaderElection163] INFO  impl.LeaderElection (LeaderElection.java:askForVotes(178)) - c52c3de9-0ed1-4f2b-ba1d-f317ceeb0ceb@group-20BE3FF63202-LeaderElection163: begin an election at term 191 for -1: [24274e9f-e41f-4654-9afc-a783ca44e44b:192.168.69.67:35902, 988115cd-21c9-4558-b198-f2cedd98ccf3:192.168.69.67:44208, c52c3de9-0ed1-4f2b-ba1d-f317ceeb0ceb:192.168.69.67:37615], old=null
2019-10-18 07:14:35,391 [grpc-default-executor-0] INFO  impl.RaftServerImpl (RaftServerImpl.java:setRole(184)) - 988115cd-21c9-4558-b198-f2cedd98ccf3@group-20BE3FF63202: changes role from  FOLLOWER to FOLLOWER at term 191 for recognizeCandidate:c52c3de9-0ed1-4f2b-ba1d-f317ceeb0ceb
2019-10-18 07:14:35,391 [grpc-default-executor-1] INFO  impl.RaftServerImpl (RaftServerImpl.java:setRole(184)) - 24274e9f-e41f-4654-9afc-a783ca44e44b@group-20BE3FF63202: changes role from  FOLLOWER to FOLLOWER at term 191 for recognizeCandidate:c52c3de9-0ed1-4f2b-ba1d-f317ceeb0ceb
2019-10-18 07:14:35,392 [grpc-default-executor-0] INFO  impl.RoleInfo (RoleInfo.java:shutdownFollowerState(121)) - 988115cd-21c9-4558-b198-f2cedd98ccf3: shutdown FollowerState
2019-10-18 07:14:35,392 [grpc-default-executor-1] INFO  impl.RoleInfo (RoleInfo.java:shutdownFollowerState(121)) - 24274e9f-e41f-4654-9afc-a783ca44e44b: shutdown FollowerState
2019-10-18 07:14:35,392 [Thread-1505] INFO  impl.FollowerState (FollowerState.java:run(117)) - 988115cd-21c9-4558-b198-f2cedd98ccf3@group-20BE3FF63202-FollowerState was interrupted: java.lang.InterruptedException: sleep interrupted
2019-10-18 07:14:35,392 [grpc-default-executor-0] INFO  impl.RoleInfo (RoleInfo.java:updateAndGet(143)) - 988115cd-21c9-4558-b198-f2cedd98ccf3: start FollowerState
2019-10-18 07:14:35,392 [Thread-1504] INFO  impl.FollowerState (FollowerState.java:run(117)) - 24274e9f-e41f-4654-9afc-a783ca44e44b@group-20BE3FF63202-FollowerState was interrupted: java.lang.InterruptedException: sleep interrupted
2019-10-18 07:14:35,392 [grpc-default-executor-1] INFO  impl.RoleInfo (RoleInfo.java:updateAndGet(143)) - 24274e9f-e41f-4654-9afc-a783ca44e44b: start FollowerState
2019-10-18 07:14:35,463 [c52c3de9-0ed1-4f2b-ba1d-f317ceeb0ceb@group-20BE3FF63202-LeaderElection163] INFO  impl.LeaderElection (LeaderElection.java:logAndReturn(56)) - c52c3de9-0ed1-4f2b-ba1d-f317ceeb0ceb@group-20BE3FF63202-LeaderElection163: Election REJECTED; received 2 response(s) [c52c3de9-0ed1-4f2b-ba1d-f317ceeb0ceb<-24274e9f-e41f-4654-9afc-a783ca44e44b#0:FAIL-t191, c52c3de9-0ed1-4f2b-ba1d-f317ceeb0ceb<-988115cd-21c9-4558-b198-f2cedd98ccf3#0:FAIL-t191] and 0 exception(s); c52c3de9-0ed1-4f2b-ba1d-f317ceeb0ceb@group-20BE3FF63202:t191, leader=null, voted=c52c3de9-0ed1-4f2b-ba1d-f317ceeb0ceb, raftlog=c52c3de9-0ed1-4f2b-ba1d-f317ceeb0ceb@group-20BE3FF63202-SegmentedRaftLog:OPENED:c-1,f-1,i0, conf=-1: [24274e9f-e41f-4654-9afc-a783ca44e44b:192.168.69.67:35902, 988115cd-21c9-4558-b198-f2cedd98ccf3:192.168.69.67:44208, c52c3de9-0ed1-4f2b-ba1d-f317ceeb0ceb:192.168.69.67:37615], old=null
2019-10-18 07:14:35,463 [c52c3de9-0ed1-4f2b-ba1d-f317ceeb0ceb@group-20BE3FF63202-LeaderElection163] INFO  impl.RaftServerImpl (RaftServerImpl.java:setRole(184)) - c52c3de9-0ed1-4f2b-ba1d-f317ceeb0ceb@group-20BE3FF63202: changes role from CANDIDATE to FOLLOWER at term 191 for DISCOVERED_A_NEW_TERM
2019-10-18 07:14:35,463 [c52c3de9-0ed1-4f2b-ba1d-f317ceeb0ceb@group-20BE3FF63202-LeaderElection163] INFO  impl.RoleInfo (RoleInfo.java:shutdownLeaderElection(134)) - c52c3de9-0ed1-4f2b-ba1d-f317ceeb0ceb: shutdown LeaderElection
2019-10-18 07:14:35,463 [c52c3de9-0ed1-4f2b-ba1d-f317ceeb0ceb@group-20BE3FF63202-LeaderElection163] INFO  impl.RoleInfo (RoleInfo.java:updateAndGet(143)) - c52c3de9-0ed1-4f2b-ba1d-f317ceeb0ceb: start FollowerState
2019-10-18 07:14:35,478 [main] INFO  ozone.MiniOzoneClusterImpl (MiniOzoneClusterImpl.java:lambda$waitForClusterToBeReady$2(164)) - Waiting for 1 number of pipelines out of 9, to report a leader.
2019-10-18 07:14:35,633 [Thread-1514] INFO  impl.FollowerState (FollowerState.java:run(108)) - c52c3de9-0ed1-4f2b-ba1d-f317ceeb0ceb@group-20BE3FF63202-FollowerState: change to CANDIDATE, lastRpcTime:170ms, electionTimeout:170ms
2019-10-18 07:14:35,634 [Thread-1514] INFO  impl.RoleInfo (RoleInfo.java:shutdownFollowerState(121)) - c52c3de9-0ed1-4f2b-ba1d-f317ceeb0ceb: shutdown FollowerState
2019-10-18 07:14:35,634 [Thread-1514] INFO  impl.RaftServerImpl (RaftServerImpl.java:setRole(184)) - c52c3de9-0ed1-4f2b-ba1d-f317ceeb0ceb@group-20BE3FF63202: changes role from  FOLLOWER to CANDIDATE at term 191 for changeToCandidate
2019-10-18 07:14:35,634 [Thread-1514] INFO  impl.RoleInfo (RoleInfo.java:updateAndGet(143)) - c52c3de9-0ed1-4f2b-ba1d-f317ceeb0ceb: start LeaderElection
2019-10-18 07:14:35,714 [c52c3de9-0ed1-4f2b-ba1d-f317ceeb0ceb@group-20BE3FF63202-LeaderElection164] INFO  impl.LeaderElection (LeaderElection.java:askForVotes(178)) - c52c3de9-0ed1-4f2b-ba1d-f317ceeb0ceb@group-20BE3FF63202-LeaderElection164: begin an election at term 192 for -1: [24274e9f-e41f-4654-9afc-a783ca44e44b:192.168.69.67:35902, 988115cd-21c9-4558-b198-f2cedd98ccf3:192.168.69.67:44208, c52c3de9-0ed1-4f2b-ba1d-f317ceeb0ceb:192.168.69.67:37615], old=null
2019-10-18 07:14:35,717 [grpc-default-executor-0] INFO  impl.RaftServerImpl (RaftServerImpl.java:setRole(184)) - 24274e9f-e41f-4654-9afc-a783ca44e44b@group-20BE3FF63202: changes role from  FOLLOWER to FOLLOWER at term 192 for recognizeCandidate:c52c3de9-0ed1-4f2b-ba1d-f317ceeb0ceb
2019-10-18 07:14:35,717 [grpc-default-executor-0] INFO  impl.RoleInfo (RoleInfo.java:shutdownFollowerState(121)) - 24274e9f-e41f-4654-9afc-a783ca44e44b: shutdown FollowerState
2019-10-18 07:14:35,717 [grpc-default-executor-1] INFO  impl.RaftServerImpl (RaftServerImpl.java:setRole(184)) - 988115cd-21c9-4558-b198-f2cedd98ccf3@group-20BE3FF63202: changes role from  FOLLOWER to FOLLOWER at term 192 for recognizeCandidate:c52c3de9-0ed1-4f2b-ba1d-f317ceeb0ceb
2019-10-18 07:14:35,717 [grpc-default-executor-1] INFO  impl.RoleInfo (RoleInfo.java:shutdownFollowerState(121)) - 988115cd-21c9-4558-b198-f2cedd98ccf3: shutdown FollowerState
2019-10-18 07:14:35,717 [Thread-1513] INFO  impl.FollowerState (FollowerState.java:run(117)) - 24274e9f-e41f-4654-9afc-a783ca44e44b@group-20BE3FF63202-FollowerState was interrupted: java.lang.InterruptedException: sleep interrupted
2019-10-18 07:14:35,717 [grpc-default-executor-0] INFO  impl.RoleInfo (RoleInfo.java:updateAndGet(143)) - 24274e9f-e41f-4654-9afc-a783ca44e44b: start FollowerState
2019-10-18 07:14:35,718 [Thread-1512] INFO  impl.FollowerState (FollowerState.java:run(117)) - 988115cd-21c9-4558-b198-f2cedd98ccf3@group-20BE3FF63202-FollowerState was interrupted: java.lang.InterruptedException: sleep interrupted
2019-10-18 07:14:35,718 [grpc-default-executor-1] INFO  impl.RoleInfo (RoleInfo.java:updateAndGet(143)) - 988115cd-21c9-4558-b198-f2cedd98ccf3: start FollowerState
2019-10-18 07:14:35,766 [c52c3de9-0ed1-4f2b-ba1d-f317ceeb0ceb@group-20BE3FF63202-LeaderElection164] INFO  impl.LeaderElection (LeaderElection.java:logAndReturn(56)) - c52c3de9-0ed1-4f2b-ba1d-f317ceeb0ceb@group-20BE3FF63202-LeaderElection164: Election REJECTED; received 2 response(s) [c52c3de9-0ed1-4f2b-ba1d-f317ceeb0ceb<-24274e9f-e41f-4654-9afc-a783ca44e44b#0:FAIL-t192, c52c3de9-0ed1-4f2b-ba1d-f317ceeb0ceb<-988115cd-21c9-4558-b198-f2cedd98ccf3#0:FAIL-t192] and 0 exception(s); c52c3de9-0ed1-4f2b-ba1d-f317ceeb0ceb@group-20BE3FF63202:t192, leader=null, voted=c52c3de9-0ed1-4f2b-ba1d-f317ceeb0ceb, raftlog=c52c3de9-0ed1-4f2b-ba1d-f317ceeb0ceb@group-20BE3FF63202-SegmentedRaftLog:OPENED:c-1,f-1,i0, conf=-1: [24274e9f-e41f-4654-9afc-a783ca44e44b:192.168.69.67:35902, 988115cd-21c9-4558-b198-f2cedd98ccf3:192.168.69.67:44208, c52c3de9-0ed1-4f2b-ba1d-f317ceeb0ceb:192.168.69.67:37615], old=null
2019-10-18 07:14:35,766 [c52c3de9-0ed1-4f2b-ba1d-f317ceeb0ceb@group-20BE3FF63202-LeaderElection164] INFO  impl.RaftServerImpl (RaftServerImpl.java:setRole(184)) - c52c3de9-0ed1-4f2b-ba1d-f317ceeb0ceb@group-20BE3FF63202: changes role from CANDIDATE to FOLLOWER at term 192 for DISCOVERED_A_NEW_TERM
2019-10-18 07:14:35,766 [c52c3de9-0ed1-4f2b-ba1d-f317ceeb0ceb@group-20BE3FF63202-LeaderElection164] INFO  impl.RoleInfo (RoleInfo.java:shutdownLeaderElection(134)) - c52c3de9-0ed1-4f2b-ba1d-f317ceeb0ceb: shutdown LeaderElection
2019-10-18 07:14:35,766 [c52c3de9-0ed1-4f2b-ba1d-f317ceeb0ceb@group-20BE3FF63202-LeaderElection164] INFO  impl.RoleInfo (RoleInfo.java:updateAndGet(143)) - c52c3de9-0ed1-4f2b-ba1d-f317ceeb0ceb: start FollowerState
2019-10-18 07:14:35,857 [Thread-1520] INFO  impl.FollowerState (FollowerState.java:run(108)) - c52c3de9-0ed1-4f2b-ba1d-f317ceeb0ceb@group-20BE3FF63202-FollowerState: change to CANDIDATE, lastRpcTime:90ms, electionTimeout:90ms
2019-10-18 07:14:35,857 [Thread-1520] INFO  impl.RoleInfo (RoleInfo.java:shutdownFollowerState(121)) - c52c3de9-0ed1-4f2b-ba1d-f317ceeb0ceb: shutdown FollowerState
2019-10-18 07:14:35,857 [Thread-1520] INFO  impl.RaftServerImpl (RaftServerImpl.java:setRole(184)) - c52c3de9-0ed1-4f2b-ba1d-f317ceeb0ceb@group-20BE3FF63202: changes role from  FOLLOWER to CANDIDATE at term 192 for changeToCandidate
2019-10-18 07:14:35,858 [Thread-1520] INFO  impl.RoleInfo (RoleInfo.java:updateAndGet(143)) - c52c3de9-0ed1-4f2b-ba1d-f317ceeb0ceb: start LeaderElection
2019-10-18 07:14:35,931 [c52c3de9-0ed1-4f2b-ba1d-f317ceeb0ceb@group-20BE3FF63202-LeaderElection165] INFO  impl.LeaderElection (LeaderElection.java:askForVotes(178)) - c52c3de9-0ed1-4f2b-ba1d-f317ceeb0ceb@group-20BE3FF63202-LeaderElection165: begin an election at term 193 for -1: [24274e9f-e41f-4654-9afc-a783ca44e44b:192.168.69.67:35902, 988115cd-21c9-4558-b198-f2cedd98ccf3:192.168.69.67:44208, c52c3de9-0ed1-4f2b-ba1d-f317ceeb0ceb:192.168.69.67:37615], old=null
2019-10-18 07:14:35,935 [grpc-default-executor-0] INFO  impl.RaftServerImpl (RaftServerImpl.java:setRole(184)) - 24274e9f-e41f-4654-9afc-a783ca44e44b@group-20BE3FF63202: changes role from  FOLLOWER to FOLLOWER at term 193 for recognizeCandidate:c52c3de9-0ed1-4f2b-ba1d-f317ceeb0ceb
2019-10-18 07:14:35,935 [grpc-default-executor-1] INFO  impl.RaftServerImpl (RaftServerImpl.java:setRole(184)) - 988115cd-21c9-4558-b198-f2cedd98ccf3@group-20BE3FF63202: changes role from  FOLLOWER to FOLLOWER at term 193 for recognizeCandidate:c52c3de9-0ed1-4f2b-ba1d-f317ceeb0ceb
2019-10-18 07:14:35,936 [grpc-default-executor-1] INFO  impl.RoleInfo (RoleInfo.java:shutdownFollowerState(121)) - 988115cd-21c9-4558-b198-f2cedd98ccf3: shutdown FollowerState
2019-10-18 07:14:35,935 [grpc-default-executor-0] INFO  impl.RoleInfo (RoleInfo.java:shutdownFollowerState(121)) - 24274e9f-e41f-4654-9afc-a783ca44e44b: shutdown FollowerState
2019-10-18 07:14:35,936 [Thread-1519] INFO  impl.FollowerState (FollowerState.java:run(117)) - 988115cd-21c9-4558-b198-f2cedd98ccf3@group-20BE3FF63202-FollowerState was interrupted: java.lang.InterruptedException: sleep interrupted
2019-10-18 07:14:35,936 [grpc-default-executor-1] INFO  impl.RoleInfo (RoleInfo.java:updateAndGet(143)) - 988115cd-21c9-4558-b198-f2cedd98ccf3: start FollowerState
2019-10-18 07:14:35,936 [Thread-1518] INFO  impl.FollowerState (FollowerState.java:run(117)) - 24274e9f-e41f-4654-9afc-a783ca44e44b@group-20BE3FF63202-FollowerState was interrupted: java.lang.InterruptedException: sleep interrupted
2019-10-18 07:14:35,936 [grpc-default-executor-0] INFO  impl.RoleInfo (RoleInfo.java:updateAndGet(143)) - 24274e9f-e41f-4654-9afc-a783ca44e44b: start FollowerState
2019-10-18 07:14:35,969 [c52c3de9-0ed1-4f2b-ba1d-f317ceeb0ceb@group-20BE3FF63202-LeaderElection165] INFO  impl.LeaderElection (LeaderElection.java:logAndReturn(56)) - c52c3de9-0ed1-4f2b-ba1d-f317ceeb0ceb@group-20BE3FF63202-LeaderElection165: Election REJECTED; received 2 response(s) [c52c3de9-0ed1-4f2b-ba1d-f317ceeb0ceb<-24274e9f-e41f-4654-9afc-a783ca44e44b#0:FAIL-t193, c52c3de9-0ed1-4f2b-ba1d-f317ceeb0ceb<-988115cd-21c9-4558-b198-f2cedd98ccf3#0:FAIL-t193] and 0 exception(s); c52c3de9-0ed1-4f2b-ba1d-f317ceeb0ceb@group-20BE3FF63202:t193, leader=null, voted=c52c3de9-0ed1-4f2b-ba1d-f317ceeb0ceb, raftlog=c52c3de9-0ed1-4f2b-ba1d-f317ceeb0ceb@group-20BE3FF63202-SegmentedRaftLog:OPENED:c-1,f-1,i0, conf=-1: [24274e9f-e41f-4654-9afc-a783ca44e44b:192.168.69.67:35902, 988115cd-21c9-4558-b198-f2cedd98ccf3:192.168.69.67:44208, c52c3de9-0ed1-4f2b-ba1d-f317ceeb0ceb:192.168.69.67:37615], old=null
2019-10-18 07:14:35,969 [c52c3de9-0ed1-4f2b-ba1d-f317ceeb0ceb@group-20BE3FF63202-LeaderElection165] INFO  impl.RaftServerImpl (RaftServerImpl.java:setRole(184)) - c52c3de9-0ed1-4f2b-ba1d-f317ceeb0ceb@group-20BE3FF63202: changes role from CANDIDATE to FOLLOWER at term 193 for DISCOVERED_A_NEW_TERM
2019-10-18 07:14:35,970 [c52c3de9-0ed1-4f2b-ba1d-f317ceeb0ceb@group-20BE3FF63202-LeaderElection165] INFO  impl.RoleInfo (RoleInfo.java:shutdownLeaderElection(134)) - c52c3de9-0ed1-4f2b-ba1d-f317ceeb0ceb: shutdown LeaderElection
2019-10-18 07:14:35,970 [c52c3de9-0ed1-4f2b-ba1d-f317ceeb0ceb@group-20BE3FF63202-LeaderElection165] INFO  impl.RoleInfo (RoleInfo.java:updateAndGet(143)) - c52c3de9-0ed1-4f2b-ba1d-f317ceeb0ceb: start FollowerState
2019-10-18 07:14:36,142 [Thread-1526] INFO  impl.FollowerState (FollowerState.java:run(108)) - c52c3de9-0ed1-4f2b-ba1d-f317ceeb0ceb@group-20BE3FF63202-FollowerState: change to CANDIDATE, lastRpcTime:172ms, electionTimeout:172ms
2019-10-18 07:14:36,143 [Thread-1526] INFO  impl.RoleInfo (RoleInfo.java:shutdownFollowerState(121)) - c52c3de9-0ed1-4f2b-ba1d-f317ceeb0ceb: shutdown FollowerState
2019-10-18 07:14:36,143 [Thread-1526] INFO  impl.RaftServerImpl (RaftServerImpl.java:setRole(184)) - c52c3de9-0ed1-4f2b-ba1d-f317ceeb0ceb@group-20BE3FF63202: changes role from  FOLLOWER to CANDIDATE at term 193 for changeToCandidate
2019-10-18 07:14:36,143 [Thread-1526] INFO  impl.RoleInfo (RoleInfo.java:updateAndGet(143)) - c52c3de9-0ed1-4f2b-ba1d-f317ceeb0ceb: start LeaderElection
2019-10-18 07:14:36,202 [c52c3de9-0ed1-4f2b-ba1d-f317ceeb0ceb@group-20BE3FF63202-LeaderElection166] INFO  impl.LeaderElection (LeaderElection.java:askForVotes(178)) - c52c3de9-0ed1-4f2b-ba1d-f317ceeb0ceb@group-20BE3FF63202-LeaderElection166: begin an election at term 194 for -1: [24274e9f-e41f-4654-9afc-a783ca44e44b:192.168.69.67:35902, 988115cd-21c9-4558-b198-f2cedd98ccf3:192.168.69.67:44208, c52c3de9-0ed1-4f2b-ba1d-f317ceeb0ceb:192.168.69.67:37615], old=null
2019-10-18 07:14:36,205 [grpc-default-executor-0] INFO  impl.RaftServerImpl (RaftServerImpl.java:setRole(184)) - 24274e9f-e41f-4654-9afc-a783ca44e44b@group-20BE3FF63202: changes role from  FOLLOWER to FOLLOWER at term 194 for recognizeCandidate:c52c3de9-0ed1-4f2b-ba1d-f317ceeb0ceb
2019-10-18 07:14:36,205 [grpc-default-executor-1] INFO  impl.RaftServerImpl (RaftServerImpl.java:setRole(184)) - 988115cd-21c9-4558-b198-f2cedd98ccf3@group-20BE3FF63202: changes role from  FOLLOWER to FOLLOWER at term 194 for recognizeCandidate:c52c3de9-0ed1-4f2b-ba1d-f317ceeb0ceb
2019-10-18 07:14:36,206 [grpc-default-executor-1] INFO  impl.RoleInfo (RoleInfo.java:shutdownFollowerState(121)) - 988115cd-21c9-4558-b198-f2cedd98ccf3: shutdown FollowerState
2019-10-18 07:14:36,205 [grpc-default-executor-0] INFO  impl.RoleInfo (RoleInfo.java:shutdownFollowerState(121)) - 24274e9f-e41f-4654-9afc-a783ca44e44b: shutdown FollowerState
2019-10-18 07:14:36,206 [Thread-1524] INFO  impl.FollowerState (FollowerState.java:run(117)) - 988115cd-21c9-4558-b198-f2cedd98ccf3@group-20BE3FF63202-FollowerState was interrupted: java.lang.InterruptedException: sleep interrupted
2019-10-18 07:14:36,206 [grpc-default-executor-1] INFO  impl.RoleInfo (RoleInfo.java:updateAndGet(143)) - 988115cd-21c9-4558-b198-f2cedd98ccf3: start FollowerState
2019-10-18 07:14:36,206 [Thread-1525] INFO  impl.FollowerState (FollowerState.java:run(117)) - 24274e9f-e41f-4654-9afc-a783ca44e44b@group-20BE3FF63202-FollowerState was interrupted: java.lang.InterruptedException: sleep interrupted
2019-10-18 07:14:36,206 [grpc-default-executor-0] INFO  impl.RoleInfo (RoleInfo.java:updateAndGet(143)) - 24274e9f-e41f-4654-9afc-a783ca44e44b: start FollowerState
2019-10-18 07:14:36,225 [c52c3de9-0ed1-4f2b-ba1d-f317ceeb0ceb@group-20BE3FF63202-LeaderElection166] INFO  impl.LeaderElection (LeaderElection.java:logAndReturn(56)) - c52c3de9-0ed1-4f2b-ba1d-f317ceeb0ceb@group-20BE3FF63202-LeaderElection166: Election TIMEOUT; received 0 response(s) [] and 0 exception(s); c52c3de9-0ed1-4f2b-ba1d-f317ceeb0ceb@group-20BE3FF63202:t194, leader=null, voted=c52c3de9-0ed1-4f2b-ba1d-f317ceeb0ceb, raftlog=c52c3de9-0ed1-4f2b-ba1d-f317ceeb0ceb@group-20BE3FF63202-SegmentedRaftLog:OPENED:c-1,f-1,i0, conf=-1: [24274e9f-e41f-4654-9afc-a783ca44e44b:192.168.69.67:35902, 988115cd-21c9-4558-b198-f2cedd98ccf3:192.168.69.67:44208, c52c3de9-0ed1-4f2b-ba1d-f317ceeb0ceb:192.168.69.67:37615], old=null
2019-10-18 07:14:36,250 [c52c3de9-0ed1-4f2b-ba1d-f317ceeb0ceb@group-20BE3FF63202-LeaderElection166] INFO  impl.LeaderElection (LeaderElection.java:askForVotes(178)) - c52c3de9-0ed1-4f2b-ba1d-f317ceeb0ceb@group-20BE3FF63202-LeaderElection166: begin an election at term 195 for -1: [24274e9f-e41f-4654-9afc-a783ca44e44b:192.168.69.67:35902, 988115cd-21c9-4558-b198-f2cedd98ccf3:192.168.69.67:44208, c52c3de9-0ed1-4f2b-ba1d-f317ceeb0ceb:192.168.69.67:37615], old=null
2019-10-18 07:14:36,253 [grpc-default-executor-0] INFO  impl.RaftServerImpl (RaftServerImpl.java:setRole(184)) - 24274e9f-e41f-4654-9afc-a783ca44e44b@group-20BE3FF63202: changes role from  FOLLOWER to FOLLOWER at term 195 for recognizeCandidate:c52c3de9-0ed1-4f2b-ba1d-f317ceeb0ceb
2019-10-18 07:14:36,253 [grpc-default-executor-0] INFO  impl.RoleInfo (RoleInfo.java:shutdownFollowerState(121)) - 24274e9f-e41f-4654-9afc-a783ca44e44b: shutdown FollowerState
2019-10-18 07:14:36,253 [grpc-default-executor-0] INFO  impl.RoleInfo (RoleInfo.java:updateAndGet(143)) - 24274e9f-e41f-4654-9afc-a783ca44e44b: start FollowerState
2019-10-18 07:14:36,253 [Thread-1531] INFO  impl.FollowerState (FollowerState.java:run(117)) - 24274e9f-e41f-4654-9afc-a783ca44e44b@group-20BE3FF63202-FollowerState was interrupted: java.lang.InterruptedException: sleep interrupted
2019-10-18 07:14:36,253 [grpc-default-executor-1] INFO  impl.RaftServerImpl (RaftServerImpl.java:setRole(184)) - 988115cd-21c9-4558-b198-f2cedd98ccf3@group-20BE3FF63202: changes role from  FOLLOWER to FOLLOWER at term 195 for recognizeCandidate:c52c3de9-0ed1-4f2b-ba1d-f317ceeb0ceb
2019-10-18 07:14:36,254 [grpc-default-executor-1] INFO  impl.RoleInfo (RoleInfo.java:shutdownFollowerState(121)) - 988115cd-21c9-4558-b198-f2cedd98ccf3: shutdown FollowerState
2019-10-18 07:14:36,254 [grpc-default-executor-1] INFO  impl.RoleInfo (RoleInfo.java:updateAndGet(143)) - 988115cd-21c9-4558-b198-f2cedd98ccf3: start FollowerState
2019-10-18 07:14:36,254 [Thread-1530] INFO  impl.FollowerState (FollowerState.java:run(117)) - 988115cd-21c9-4558-b198-f2cedd98ccf3@group-20BE3FF63202-FollowerState was interrupted: java.lang.InterruptedException: sleep interrupted
2019-10-18 07:14:36,259 [c52c3de9-0ed1-4f2b-ba1d-f317ceeb0ceb@group-20BE3FF63202-LeaderElection166] INFO  impl.LeaderElection (LeaderElection.java:logAndReturn(56)) - c52c3de9-0ed1-4f2b-ba1d-f317ceeb0ceb@group-20BE3FF63202-LeaderElection166: Election TIMEOUT; received 0 response(s) [] and 0 exception(s); c52c3de9-0ed1-4f2b-ba1d-f317ceeb0ceb@group-20BE3FF63202:t195, leader=null, voted=c52c3de9-0ed1-4f2b-ba1d-f317ceeb0ceb, raftlog=c52c3de9-0ed1-4f2b-ba1d-f317ceeb0ceb@group-20BE3FF63202-SegmentedRaftLog:OPENED:c-1,f-1,i0, conf=-1: [24274e9f-e41f-4654-9afc-a783ca44e44b:192.168.69.67:35902, 988115cd-21c9-4558-b198-f2cedd98ccf3:192.168.69.67:44208, c52c3de9-0ed1-4f2b-ba1d-f317ceeb0ceb:192.168.69.67:37615], old=null
2019-10-18 07:14:36,294 [c52c3de9-0ed1-4f2b-ba1d-f317ceeb0ceb@group-20BE3FF63202-LeaderElection166] INFO  impl.LeaderElection (LeaderElection.java:askForVotes(178)) - c52c3de9-0ed1-4f2b-ba1d-f317ceeb0ceb@group-20BE3FF63202-LeaderElection166: begin an election at term 196 for -1: [24274e9f-e41f-4654-9afc-a783ca44e44b:192.168.69.67:35902, 988115cd-21c9-4558-b198-f2cedd98ccf3:192.168.69.67:44208, c52c3de9-0ed1-4f2b-ba1d-f317ceeb0ceb:192.168.69.67:37615], old=null
2019-10-18 07:14:36,297 [grpc-default-executor-0] INFO  impl.RaftServerImpl (RaftServerImpl.java:setRole(184)) - 24274e9f-e41f-4654-9afc-a783ca44e44b@group-20BE3FF63202: changes role from  FOLLOWER to FOLLOWER at term 196 for recognizeCandidate:c52c3de9-0ed1-4f2b-ba1d-f317ceeb0ceb
2019-10-18 07:14:36,297 [grpc-default-executor-1] INFO  impl.RaftServerImpl (RaftServerImpl.java:setRole(184)) - 988115cd-21c9-4558-b198-f2cedd98ccf3@group-20BE3FF63202: changes role from  FOLLOWER to FOLLOWER at term 196 for recognizeCandidate:c52c3de9-0ed1-4f2b-ba1d-f317ceeb0ceb
2019-10-18 07:14:36,297 [grpc-default-executor-0] INFO  impl.RoleInfo (RoleInfo.java:shutdownFollowerState(121)) - 24274e9f-e41f-4654-9afc-a783ca44e44b: shutdown FollowerState
2019-10-18 07:14:36,297 [grpc-default-executor-1] INFO  impl.RoleInfo (RoleInfo.java:shutdownFollowerState(121)) - 988115cd-21c9-4558-b198-f2cedd98ccf3: shutdown FollowerState
2019-10-18 07:14:36,297 [Thread-1534] INFO  impl.FollowerState (FollowerState.java:run(117)) - 24274e9f-e41f-4654-9afc-a783ca44e44b@group-20BE3FF63202-FollowerState was interrupted: java.lang.InterruptedException: sleep interrupted
2019-10-18 07:14:36,297 [Thread-1535] INFO  impl.FollowerState (FollowerState.java:run(117)) - 988115cd-21c9-4558-b198-f2cedd98ccf3@group-20BE3FF63202-FollowerState was interrupted: java.lang.InterruptedException: sleep interrupted
2019-10-18 07:14:36,297 [grpc-default-executor-0] INFO  impl.RoleInfo (RoleInfo.java:updateAndGet(143)) - 24274e9f-e41f-4654-9afc-a783ca44e44b: start FollowerState
2019-10-18 07:14:36,297 [grpc-default-executor-1] INFO  impl.RoleInfo (RoleInfo.java:updateAndGet(143)) - 988115cd-21c9-4558-b198-f2cedd98ccf3: start FollowerState
2019-10-18 07:14:36,352 [c52c3de9-0ed1-4f2b-ba1d-f317ceeb0ceb@group-20BE3FF63202-LeaderElection166] INFO  impl.LeaderElection (LeaderElection.java:logAndReturn(56)) - c52c3de9-0ed1-4f2b-ba1d-f317ceeb0ceb@group-20BE3FF63202-LeaderElection166: Election TIMEOUT; received 0 response(s) [] and 0 exception(s); c52c3de9-0ed1-4f2b-ba1d-f317ceeb0ceb@group-20BE3FF63202:t196, leader=null, voted=c52c3de9-0ed1-4f2b-ba1d-f317ceeb0ceb, raftlog=c52c3de9-0ed1-4f2b-ba1d-f317ceeb0ceb@group-20BE3FF63202-SegmentedRaftLog:OPENED:c-1,f-1,i0, conf=-1: [24274e9f-e41f-4654-9afc-a783ca44e44b:192.168.69.67:35902, 988115cd-21c9-4558-b198-f2cedd98ccf3:192.168.69.67:44208, c52c3de9-0ed1-4f2b-ba1d-f317ceeb0ceb:192.168.69.67:37615], old=null
2019-10-18 07:14:36,391 [c52c3de9-0ed1-4f2b-ba1d-f317ceeb0ceb@group-20BE3FF63202-LeaderElection166] INFO  impl.LeaderElection (LeaderElection.java:askForVotes(178)) - c52c3de9-0ed1-4f2b-ba1d-f317ceeb0ceb@group-20BE3FF63202-LeaderElection166: begin an election at term 197 for -1: [24274e9f-e41f-4654-9afc-a783ca44e44b:192.168.69.67:35902, 988115cd-21c9-4558-b198-f2cedd98ccf3:192.168.69.67:44208, c52c3de9-0ed1-4f2b-ba1d-f317ceeb0ceb:192.168.69.67:37615], old=null
2019-10-18 07:14:36,392 [c52c3de9-0ed1-4f2b-ba1d-f317ceeb0ceb@group-20BE3FF63202-LeaderElection166] INFO  impl.LeaderElection (LeaderElection.java:logAndReturn(56)) - c52c3de9-0ed1-4f2b-ba1d-f317ceeb0ceb@group-20BE3FF63202-LeaderElection166: Election TIMEOUT; received 0 response(s) [] and 0 exception(s); c52c3de9-0ed1-4f2b-ba1d-f317ceeb0ceb@group-20BE3FF63202:t197, leader=null, voted=c52c3de9-0ed1-4f2b-ba1d-f317ceeb0ceb, raftlog=c52c3de9-0ed1-4f2b-ba1d-f317ceeb0ceb@group-20BE3FF63202-SegmentedRaftLog:OPENED:c-1,f-1,i0, conf=-1: [24274e9f-e41f-4654-9afc-a783ca44e44b:192.168.69.67:35902, 988115cd-21c9-4558-b198-f2cedd98ccf3:192.168.69.67:44208, c52c3de9-0ed1-4f2b-ba1d-f317ceeb0ceb:192.168.69.67:37615], old=null
2019-10-18 07:14:36,393 [grpc-default-executor-1] INFO  impl.RaftServerImpl (RaftServerImpl.java:setRole(184)) - 24274e9f-e41f-4654-9afc-a783ca44e44b@group-20BE3FF63202: changes role from  FOLLOWER to FOLLOWER at term 197 for recognizeCandidate:c52c3de9-0ed1-4f2b-ba1d-f317ceeb0ceb
2019-10-18 07:14:36,394 [grpc-default-executor-1] INFO  impl.RoleInfo (RoleInfo.java:shutdownFollowerState(121)) - 24274e9f-e41f-4654-9afc-a783ca44e44b: shutdown FollowerState
2019-10-18 07:14:36,394 [grpc-default-executor-1] INFO  impl.RoleInfo (RoleInfo.java:updateAndGet(143)) - 24274e9f-e41f-4654-9afc-a783ca44e44b: start FollowerState
2019-10-18 07:14:36,394 [grpc-default-executor-0] INFO  impl.RaftServerImpl (RaftServerImpl.java:setRole(184)) - 988115cd-21c9-4558-b198-f2cedd98ccf3@group-20BE3FF63202: changes role from  FOLLOWER to FOLLOWER at term 197 for recognizeCandidate:c52c3de9-0ed1-4f2b-ba1d-f317ceeb0ceb
2019-10-18 07:14:36,394 [grpc-default-executor-0] INFO  impl.RoleInfo (RoleInfo.java:shutdownFollowerState(121)) - 988115cd-21c9-4558-b198-f2cedd98ccf3: shutdown FollowerState
2019-10-18 07:14:36,394 [Thread-1538] INFO  impl.FollowerState (FollowerState.java:run(117)) - 24274e9f-e41f-4654-9afc-a783ca44e44b@group-20BE3FF63202-FollowerState was interrupted: java.lang.InterruptedException: sleep interrupted
2019-10-18 07:14:36,395 [Thread-1539] INFO  impl.FollowerState (FollowerState.java:run(117)) - 988115cd-21c9-4558-b198-f2cedd98ccf3@group-20BE3FF63202-FollowerState was interrupted: java.lang.InterruptedException: sleep interrupted
2019-10-18 07:14:36,395 [grpc-default-executor-0] INFO  impl.RoleInfo (RoleInfo.java:updateAndGet(143)) - 988115cd-21c9-4558-b198-f2cedd98ccf3: start FollowerState
2019-10-18 07:14:36,428 [c52c3de9-0ed1-4f2b-ba1d-f317ceeb0ceb@group-20BE3FF63202-LeaderElection166] INFO  impl.LeaderElection (LeaderElection.java:askForVotes(178)) - c52c3de9-0ed1-4f2b-ba1d-f317ceeb0ceb@group-20BE3FF63202-LeaderElection166: begin an election at term 198 for -1: [24274e9f-e41f-4654-9afc-a783ca44e44b:192.168.69.67:35902, 988115cd-21c9-4558-b198-f2cedd98ccf3:192.168.69.67:44208, c52c3de9-0ed1-4f2b-ba1d-f317ceeb0ceb:192.168.69.67:37615], old=null
2019-10-18 07:14:36,431 [grpc-default-executor-1] INFO  impl.RaftServerImpl (RaftServerImpl.java:setRole(184)) - 24274e9f-e41f-4654-9afc-a783ca44e44b@group-20BE3FF63202: changes role from  FOLLOWER to FOLLOWER at term 198 for recognizeCandidate:c52c3de9-0ed1-4f2b-ba1d-f317ceeb0ceb
2019-10-18 07:14:36,431 [grpc-default-executor-1] INFO  impl.RoleInfo (RoleInfo.java:shutdownFollowerState(121)) - 24274e9f-e41f-4654-9afc-a783ca44e44b: shutdown FollowerState
2019-10-18 07:14:36,432 [grpc-default-executor-1] INFO  impl.RoleInfo (RoleInfo.java:updateAndGet(143)) - 24274e9f-e41f-4654-9afc-a783ca44e44b: start FollowerState
2019-10-18 07:14:36,432 [Thread-1542] INFO  impl.FollowerState (FollowerState.java:run(117)) - 24274e9f-e41f-4654-9afc-a783ca44e44b@group-20BE3FF63202-FollowerState was interrupted: java.lang.InterruptedException: sleep interrupted
2019-10-18 07:14:36,432 [grpc-default-executor-0] INFO  impl.RaftServerImpl (RaftServerImpl.java:setRole(184)) - 988115cd-21c9-4558-b198-f2cedd98ccf3@group-20BE3FF63202: changes role from  FOLLOWER to FOLLOWER at term 198 for recognizeCandidate:c52c3de9-0ed1-4f2b-ba1d-f317ceeb0ceb
2019-10-18 07:14:36,432 [grpc-default-executor-0] INFO  impl.RoleInfo (RoleInfo.java:shutdownFollowerState(121)) - 988115cd-21c9-4558-b198-f2cedd98ccf3: shutdown FollowerState
2019-10-18 07:14:36,432 [grpc-default-executor-0] INFO  impl.RoleInfo (RoleInfo.java:updateAndGet(143)) - 988115cd-21c9-4558-b198-f2cedd98ccf3: start FollowerState
2019-10-18 07:14:36,432 [Thread-1543] INFO  impl.FollowerState (FollowerState.java:run(117)) - 988115cd-21c9-4558-b198-f2cedd98ccf3@group-20BE3FF63202-FollowerState was interrupted: java.lang.InterruptedException: sleep interrupted
2019-10-18 07:14:36,470 [c52c3de9-0ed1-4f2b-ba1d-f317ceeb0ceb@group-20BE3FF63202-LeaderElection166] INFO  impl.LeaderElection (LeaderElection.java:logAndReturn(56)) - c52c3de9-0ed1-4f2b-ba1d-f317ceeb0ceb@group-20BE3FF63202-LeaderElection166: Election TIMEOUT; received 0 response(s) [] and 0 exception(s); c52c3de9-0ed1-4f2b-ba1d-f317ceeb0ceb@group-20BE3FF63202:t198, leader=null, voted=c52c3de9-0ed1-4f2b-ba1d-f317ceeb0ceb, raftlog=c52c3de9-0ed1-4f2b-ba1d-f317ceeb0ceb@group-20BE3FF63202-SegmentedRaftLog:OPENED:c-1,f-1,i0, conf=-1: [24274e9f-e41f-4654-9afc-a783ca44e44b:192.168.69.67:35902, 988115cd-21c9-4558-b198-f2cedd98ccf3:192.168.69.67:44208, c52c3de9-0ed1-4f2b-ba1d-f317ceeb0ceb:192.168.69.67:37615], old=null
2019-10-18 07:14:36,479 [main] INFO  ozone.MiniOzoneClusterImpl (MiniOzoneClusterImpl.java:lambda$waitForClusterToBeReady$2(164)) - Waiting for 1 number of pipelines out of 9, to report a leader.
2019-10-18 07:14:36,513 [c52c3de9-0ed1-4f2b-ba1d-f317ceeb0ceb@group-20BE3FF63202-LeaderElection166] INFO  impl.LeaderElection (LeaderElection.java:askForVotes(178)) - c52c3de9-0ed1-4f2b-ba1d-f317ceeb0ceb@group-20BE3FF63202-LeaderElection166: begin an election at term 199 for -1: [24274e9f-e41f-4654-9afc-a783ca44e44b:192.168.69.67:35902, 988115cd-21c9-4558-b198-f2cedd98ccf3:192.168.69.67:44208, c52c3de9-0ed1-4f2b-ba1d-f317ceeb0ceb:192.168.69.67:37615], old=null
2019-10-18 07:14:36,515 [grpc-default-executor-1] INFO  impl.RaftServerImpl (RaftServerImpl.java:setRole(184)) - 24274e9f-e41f-4654-9afc-a783ca44e44b@group-20BE3FF63202: changes role from  FOLLOWER to FOLLOWER at term 199 for recognizeCandidate:c52c3de9-0ed1-4f2b-ba1d-f317ceeb0ceb
2019-10-18 07:14:36,515 [grpc-default-executor-1] INFO  impl.RoleInfo (RoleInfo.java:shutdownFollowerState(121)) - 24274e9f-e41f-4654-9afc-a783ca44e44b: shutdown FollowerState
2019-10-18 07:14:36,515 [grpc-default-executor-1] INFO  impl.RoleInfo (RoleInfo.java:updateAndGet(143)) - 24274e9f-e41f-4654-9afc-a783ca44e44b: start FollowerState
2019-10-18 07:14:36,515 [Thread-1546] INFO  impl.FollowerState (FollowerState.java:run(117)) - 24274e9f-e41f-4654-9afc-a783ca44e44b@group-20BE3FF63202-FollowerState was interrupted: java.lang.InterruptedException: sleep interrupted
2019-10-18 07:14:36,516 [grpc-default-executor-0] INFO  impl.RaftServerImpl (RaftServerImpl.java:setRole(184)) - 988115cd-21c9-4558-b198-f2cedd98ccf3@group-20BE3FF63202: changes role from  FOLLOWER to FOLLOWER at term 199 for recognizeCandidate:c52c3de9-0ed1-4f2b-ba1d-f317ceeb0ceb
2019-10-18 07:14:36,516 [grpc-default-executor-0] INFO  impl.RoleInfo (RoleInfo.java:shutdownFollowerState(121)) - 988115cd-21c9-4558-b198-f2cedd98ccf3: shutdown FollowerState
2019-10-18 07:14:36,516 [grpc-default-executor-0] INFO  impl.RoleInfo (RoleInfo.java:updateAndGet(143)) - 988115cd-21c9-4558-b198-f2cedd98ccf3: start FollowerState
2019-10-18 07:14:36,516 [Thread-1547] INFO  impl.FollowerState (FollowerState.java:run(117)) - 988115cd-21c9-4558-b198-f2cedd98ccf3@group-20BE3FF63202-FollowerState was interrupted: java.lang.InterruptedException: sleep interrupted
2019-10-18 07:14:36,559 [c52c3de9-0ed1-4f2b-ba1d-f317ceeb0ceb@group-20BE3FF63202-LeaderElection166] INFO  impl.LeaderElection (LeaderElection.java:logAndReturn(56)) - c52c3de9-0ed1-4f2b-ba1d-f317ceeb0ceb@group-20BE3FF63202-LeaderElection166: Election REJECTED; received 2 response(s) [c52c3de9-0ed1-4f2b-ba1d-f317ceeb0ceb<-24274e9f-e41f-4654-9afc-a783ca44e44b#0:FAIL-t199, c52c3de9-0ed1-4f2b-ba1d-f317ceeb0ceb<-988115cd-21c9-4558-b198-f2cedd98ccf3#0:FAIL-t199] and 0 exception(s); c52c3de9-0ed1-4f2b-ba1d-f317ceeb0ceb@group-20BE3FF63202:t199, leader=null, voted=c52c3de9-0ed1-4f2b-ba1d-f317ceeb0ceb, raftlog=c52c3de9-0ed1-4f2b-ba1d-f317ceeb0ceb@group-20BE3FF63202-SegmentedRaftLog:OPENED:c-1,f-1,i0, conf=-1: [24274e9f-e41f-4654-9afc-a783ca44e44b:192.168.69.67:35902, 988115cd-21c9-4558-b198-f2cedd98ccf3:192.168.69.67:44208, c52c3de9-0ed1-4f2b-ba1d-f317ceeb0ceb:192.168.69.67:37615], old=null
2019-10-18 07:14:36,559 [c52c3de9-0ed1-4f2b-ba1d-f317ceeb0ceb@group-20BE3FF63202-LeaderElection166] INFO  impl.RaftServerImpl (RaftServerImpl.java:setRole(184)) - c52c3de9-0ed1-4f2b-ba1d-f317ceeb0ceb@group-20BE3FF63202: changes role from CANDIDATE to FOLLOWER at term 199 for DISCOVERED_A_NEW_TERM
2019-10-18 07:14:36,559 [c52c3de9-0ed1-4f2b-ba1d-f317ceeb0ceb@group-20BE3FF63202-LeaderElection166] INFO  impl.RoleInfo (RoleInfo.java:shutdownLeaderElection(134)) - c52c3de9-0ed1-4f2b-ba1d-f317ceeb0ceb: shutdown LeaderElection
2019-10-18 07:14:36,559 [c52c3de9-0ed1-4f2b-ba1d-f317ceeb0ceb@group-20BE3FF63202-LeaderElection166] INFO  impl.RoleInfo (RoleInfo.java:updateAndGet(143)) - c52c3de9-0ed1-4f2b-ba1d-f317ceeb0ceb: start FollowerState
2019-10-18 07:14:36,571 [Thread-1552] INFO  impl.FollowerState (FollowerState.java:run(108)) - c52c3de9-0ed1-4f2b-ba1d-f317ceeb0ceb@group-20BE3FF63202-FollowerState: change to CANDIDATE, lastRpcTime:11ms, electionTimeout:11ms
2019-10-18 07:14:36,571 [Thread-1552] INFO  impl.RoleInfo (RoleInfo.java:shutdownFollowerState(121)) - c52c3de9-0ed1-4f2b-ba1d-f317ceeb0ceb: shutdown FollowerState
2019-10-18 07:14:36,571 [Thread-1552] INFO  impl.RaftServerImpl (RaftServerImpl.java:setRole(184)) - c52c3de9-0ed1-4f2b-ba1d-f317ceeb0ceb@group-20BE3FF63202: changes role from  FOLLOWER to CANDIDATE at term 199 for changeToCandidate
2019-10-18 07:14:36,571 [Thread-1552] INFO  impl.RoleInfo (RoleInfo.java:updateAndGet(143)) - c52c3de9-0ed1-4f2b-ba1d-f317ceeb0ceb: start LeaderElection
2019-10-18 07:14:36,608 [c52c3de9-0ed1-4f2b-ba1d-f317ceeb0ceb@group-20BE3FF63202-LeaderElection167] INFO  impl.LeaderElection (LeaderElection.java:askForVotes(178)) - c52c3de9-0ed1-4f2b-ba1d-f317ceeb0ceb@group-20BE3FF63202-LeaderElection167: begin an election at term 200 for -1: [24274e9f-e41f-4654-9afc-a783ca44e44b:192.168.69.67:35902, 988115cd-21c9-4558-b198-f2cedd98ccf3:192.168.69.67:44208, c52c3de9-0ed1-4f2b-ba1d-f317ceeb0ceb:192.168.69.67:37615], old=null
2019-10-18 07:14:36,611 [grpc-default-executor-1] INFO  impl.RaftServerImpl (RaftServerImpl.java:setRole(184)) - 24274e9f-e41f-4654-9afc-a783ca44e44b@group-20BE3FF63202: changes role from  FOLLOWER to FOLLOWER at term 200 for recognizeCandidate:c52c3de9-0ed1-4f2b-ba1d-f317ceeb0ceb
2019-10-18 07:14:36,611 [grpc-default-executor-1] INFO  impl.RoleInfo (RoleInfo.java:shutdownFollowerState(121)) - 24274e9f-e41f-4654-9afc-a783ca44e44b: shutdown FollowerState
2019-10-18 07:14:36,611 [grpc-default-executor-0] INFO  impl.RaftServerImpl (RaftServerImpl.java:setRole(184)) - 988115cd-21c9-4558-b198-f2cedd98ccf3@group-20BE3FF63202: changes role from  FOLLOWER to FOLLOWER at term 200 for recognizeCandidate:c52c3de9-0ed1-4f2b-ba1d-f317ceeb0ceb
2019-10-18 07:14:36,611 [grpc-default-executor-0] INFO  impl.RoleInfo (RoleInfo.java:shutdownFollowerState(121)) - 988115cd-21c9-4558-b198-f2cedd98ccf3: shutdown FollowerState
2019-10-18 07:14:36,611 [Thread-1550] INFO  impl.FollowerState (FollowerState.java:run(117)) - 24274e9f-e41f-4654-9afc-a783ca44e44b@group-20BE3FF63202-FollowerState was interrupted: java.lang.InterruptedException: sleep interrupted
2019-10-18 07:14:36,611 [grpc-default-executor-1] INFO  impl.RoleInfo (RoleInfo.java:updateAndGet(143)) - 24274e9f-e41f-4654-9afc-a783ca44e44b: start FollowerState
2019-10-18 07:14:36,611 [grpc-default-executor-0] INFO  impl.RoleInfo (RoleInfo.java:updateAndGet(143)) - 988115cd-21c9-4558-b198-f2cedd98ccf3: start FollowerState
2019-10-18 07:14:36,611 [Thread-1551] INFO  impl.FollowerState (FollowerState.java:run(117)) - 988115cd-21c9-4558-b198-f2cedd98ccf3@group-20BE3FF63202-FollowerState was interrupted: java.lang.InterruptedException: sleep interrupted
2019-10-18 07:14:36,661 [c52c3de9-0ed1-4f2b-ba1d-f317ceeb0ceb@group-20BE3FF63202-LeaderElection167] INFO  impl.LeaderElection (LeaderElection.java:logAndReturn(56)) - c52c3de9-0ed1-4f2b-ba1d-f317ceeb0ceb@group-20BE3FF63202-LeaderElection167: Election REJECTED; received 2 response(s) [c52c3de9-0ed1-4f2b-ba1d-f317ceeb0ceb<-24274e9f-e41f-4654-9afc-a783ca44e44b#0:FAIL-t200, c52c3de9-0ed1-4f2b-ba1d-f317ceeb0ceb<-988115cd-21c9-4558-b198-f2cedd98ccf3#0:FAIL-t200] and 0 exception(s); c52c3de9-0ed1-4f2b-ba1d-f317ceeb0ceb@group-20BE3FF63202:t200, leader=null, voted=c52c3de9-0ed1-4f2b-ba1d-f317ceeb0ceb, raftlog=c52c3de9-0ed1-4f2b-ba1d-f317ceeb0ceb@group-20BE3FF63202-SegmentedRaftLog:OPENED:c-1,f-1,i0, conf=-1: [24274e9f-e41f-4654-9afc-a783ca44e44b:192.168.69.67:35902, 988115cd-21c9-4558-b198-f2cedd98ccf3:192.168.69.67:44208, c52c3de9-0ed1-4f2b-ba1d-f317ceeb0ceb:192.168.69.67:37615], old=null
2019-10-18 07:14:36,662 [c52c3de9-0ed1-4f2b-ba1d-f317ceeb0ceb@group-20BE3FF63202-LeaderElection167] INFO  impl.RaftServerImpl (RaftServerImpl.java:setRole(184)) - c52c3de9-0ed1-4f2b-ba1d-f317ceeb0ceb@group-20BE3FF63202: changes role from CANDIDATE to FOLLOWER at term 200 for DISCOVERED_A_NEW_TERM
2019-10-18 07:14:36,662 [c52c3de9-0ed1-4f2b-ba1d-f317ceeb0ceb@group-20BE3FF63202-LeaderElection167] INFO  impl.RoleInfo (RoleInfo.java:shutdownLeaderElection(134)) - c52c3de9-0ed1-4f2b-ba1d-f317ceeb0ceb: shutdown LeaderElection
2019-10-18 07:14:36,662 [c52c3de9-0ed1-4f2b-ba1d-f317ceeb0ceb@group-20BE3FF63202-LeaderElection167] INFO  impl.RoleInfo (RoleInfo.java:updateAndGet(143)) - c52c3de9-0ed1-4f2b-ba1d-f317ceeb0ceb: start FollowerState
2019-10-18 07:14:36,784 [Thread-1558] INFO  impl.FollowerState (FollowerState.java:run(108)) - c52c3de9-0ed1-4f2b-ba1d-f317ceeb0ceb@group-20BE3FF63202-FollowerState: change to CANDIDATE, lastRpcTime:122ms, electionTimeout:122ms
2019-10-18 07:14:36,785 [Thread-1558] INFO  impl.RoleInfo (RoleInfo.java:shutdownFollowerState(121)) - c52c3de9-0ed1-4f2b-ba1d-f317ceeb0ceb: shutdown FollowerState
2019-10-18 07:14:36,785 [Thread-1558] INFO  impl.RaftServerImpl (RaftServerImpl.java:setRole(184)) - c52c3de9-0ed1-4f2b-ba1d-f317ceeb0ceb@group-20BE3FF63202: changes role from  FOLLOWER to CANDIDATE at term 200 for changeToCandidate
2019-10-18 07:14:36,785 [Thread-1558] INFO  impl.RoleInfo (RoleInfo.java:updateAndGet(143)) - c52c3de9-0ed1-4f2b-ba1d-f317ceeb0ceb: start LeaderElection
2019-10-18 07:14:36,831 [c52c3de9-0ed1-4f2b-ba1d-f317ceeb0ceb@group-20BE3FF63202-LeaderElection168] INFO  impl.LeaderElection (LeaderElection.java:askForVotes(178)) - c52c3de9-0ed1-4f2b-ba1d-f317ceeb0ceb@group-20BE3FF63202-LeaderElection168: begin an election at term 201 for -1: [24274e9f-e41f-4654-9afc-a783ca44e44b:192.168.69.67:35902, 988115cd-21c9-4558-b198-f2cedd98ccf3:192.168.69.67:44208, c52c3de9-0ed1-4f2b-ba1d-f317ceeb0ceb:192.168.69.67:37615], old=null
2019-10-18 07:14:36,834 [grpc-default-executor-1] INFO  impl.RaftServerImpl (RaftServerImpl.java:setRole(184)) - 24274e9f-e41f-4654-9afc-a783ca44e44b@group-20BE3FF63202: changes role from  FOLLOWER to FOLLOWER at term 201 for recognizeCandidate:c52c3de9-0ed1-4f2b-ba1d-f317ceeb0ceb
2019-10-18 07:14:36,835 [grpc-default-executor-1] INFO  impl.RoleInfo (RoleInfo.java:shutdownFollowerState(121)) - 24274e9f-e41f-4654-9afc-a783ca44e44b: shutdown FollowerState
2019-10-18 07:14:36,835 [grpc-default-executor-1] INFO  impl.RoleInfo (RoleInfo.java:updateAndGet(143)) - 24274e9f-e41f-4654-9afc-a783ca44e44b: start FollowerState
2019-10-18 07:14:36,835 [grpc-default-executor-0] INFO  impl.RaftServerImpl (RaftServerImpl.java:setRole(184)) - 988115cd-21c9-4558-b198-f2cedd98ccf3@group-20BE3FF63202: changes role from  FOLLOWER to FOLLOWER at term 201 for recognizeCandidate:c52c3de9-0ed1-4f2b-ba1d-f317ceeb0ceb
2019-10-18 07:14:36,835 [grpc-default-executor-0] INFO  impl.RoleInfo (RoleInfo.java:shutdownFollowerState(121)) - 988115cd-21c9-4558-b198-f2cedd98ccf3: shutdown FollowerState
2019-10-18 07:14:36,835 [Thread-1556] INFO  impl.FollowerState (FollowerState.java:run(117)) - 24274e9f-e41f-4654-9afc-a783ca44e44b@group-20BE3FF63202-FollowerState was interrupted: java.lang.InterruptedException: sleep interrupted
2019-10-18 07:14:36,835 [grpc-default-executor-0] INFO  impl.RoleInfo (RoleInfo.java:updateAndGet(143)) - 988115cd-21c9-4558-b198-f2cedd98ccf3: start FollowerState
2019-10-18 07:14:36,835 [Thread-1557] INFO  impl.FollowerState (FollowerState.java:run(117)) - 988115cd-21c9-4558-b198-f2cedd98ccf3@group-20BE3FF63202-FollowerState was interrupted: java.lang.InterruptedException: sleep interrupted
2019-10-18 07:14:36,872 [c52c3de9-0ed1-4f2b-ba1d-f317ceeb0ceb@group-20BE3FF63202-LeaderElection168] INFO  impl.LeaderElection (LeaderElection.java:logAndReturn(56)) - c52c3de9-0ed1-4f2b-ba1d-f317ceeb0ceb@group-20BE3FF63202-LeaderElection168: Election TIMEOUT; received 0 response(s) [] and 0 exception(s); c52c3de9-0ed1-4f2b-ba1d-f317ceeb0ceb@group-20BE3FF63202:t201, leader=null, voted=c52c3de9-0ed1-4f2b-ba1d-f317ceeb0ceb, raftlog=c52c3de9-0ed1-4f2b-ba1d-f317ceeb0ceb@group-20BE3FF63202-SegmentedRaftLog:OPENED:c-1,f-1,i0, conf=-1: [24274e9f-e41f-4654-9afc-a783ca44e44b:192.168.69.67:35902, 988115cd-21c9-4558-b198-f2cedd98ccf3:192.168.69.67:44208, c52c3de9-0ed1-4f2b-ba1d-f317ceeb0ceb:192.168.69.67:37615], old=null
2019-10-18 07:14:36,908 [c52c3de9-0ed1-4f2b-ba1d-f317ceeb0ceb@group-20BE3FF63202-LeaderElection168] INFO  impl.LeaderElection (LeaderElection.java:askForVotes(178)) - c52c3de9-0ed1-4f2b-ba1d-f317ceeb0ceb@group-20BE3FF63202-LeaderElection168: begin an election at term 202 for -1: [24274e9f-e41f-4654-9afc-a783ca44e44b:192.168.69.67:35902, 988115cd-21c9-4558-b198-f2cedd98ccf3:192.168.69.67:44208, c52c3de9-0ed1-4f2b-ba1d-f317ceeb0ceb:192.168.69.67:37615], old=null
2019-10-18 07:14:36,910 [grpc-default-executor-0] INFO  impl.RaftServerImpl (RaftServerImpl.java:setRole(184)) - 24274e9f-e41f-4654-9afc-a783ca44e44b@group-20BE3FF63202: changes role from  FOLLOWER to FOLLOWER at term 202 for recognizeCandidate:c52c3de9-0ed1-4f2b-ba1d-f317ceeb0ceb
2019-10-18 07:14:36,910 [grpc-default-executor-0] INFO  impl.RoleInfo (RoleInfo.java:shutdownFollowerState(121)) - 24274e9f-e41f-4654-9afc-a783ca44e44b: shutdown FollowerState
2019-10-18 07:14:36,910 [grpc-default-executor-1] INFO  impl.RaftServerImpl (RaftServerImpl.java:setRole(184)) - 988115cd-21c9-4558-b198-f2cedd98ccf3@group-20BE3FF63202: changes role from  FOLLOWER to FOLLOWER at term 202 for recognizeCandidate:c52c3de9-0ed1-4f2b-ba1d-f317ceeb0ceb
2019-10-18 07:14:36,910 [Thread-1562] INFO  impl.FollowerState (FollowerState.java:run(117)) - 24274e9f-e41f-4654-9afc-a783ca44e44b@group-20BE3FF63202-FollowerState was interrupted: java.lang.InterruptedException: sleep interrupted
2019-10-18 07:14:36,910 [grpc-default-executor-0] INFO  impl.RoleInfo (RoleInfo.java:updateAndGet(143)) - 24274e9f-e41f-4654-9afc-a783ca44e44b: start FollowerState
2019-10-18 07:14:36,910 [grpc-default-executor-1] INFO  impl.RoleInfo (RoleInfo.java:shutdownFollowerState(121)) - 988115cd-21c9-4558-b198-f2cedd98ccf3: shutdown FollowerState
2019-10-18 07:14:36,911 [grpc-default-executor-1] INFO  impl.RoleInfo (RoleInfo.java:updateAndGet(143)) - 988115cd-21c9-4558-b198-f2cedd98ccf3: start FollowerState
2019-10-18 07:14:36,911 [Thread-1563] INFO  impl.FollowerState (FollowerState.java:run(117)) - 988115cd-21c9-4558-b198-f2cedd98ccf3@group-20BE3FF63202-FollowerState was interrupted: java.lang.InterruptedException: sleep interrupted
2019-10-18 07:14:36,947 [c52c3de9-0ed1-4f2b-ba1d-f317ceeb0ceb@group-20BE3FF63202-LeaderElection168] INFO  impl.LeaderElection (LeaderElection.java:logAndReturn(56)) - c52c3de9-0ed1-4f2b-ba1d-f317ceeb0ceb@group-20BE3FF63202-LeaderElection168: Election REJECTED; received 2 response(s) [c52c3de9-0ed1-4f2b-ba1d-f317ceeb0ceb<-24274e9f-e41f-4654-9afc-a783ca44e44b#0:FAIL-t202, c52c3de9-0ed1-4f2b-ba1d-f317ceeb0ceb<-988115cd-21c9-4558-b198-f2cedd98ccf3#0:FAIL-t202] and 0 exception(s); c52c3de9-0ed1-4f2b-ba1d-f317ceeb0ceb@group-20BE3FF63202:t202, leader=null, voted=c52c3de9-0ed1-4f2b-ba1d-f317ceeb0ceb, raftlog=c52c3de9-0ed1-4f2b-ba1d-f317ceeb0ceb@group-20BE3FF63202-SegmentedRaftLog:OPENED:c-1,f-1,i0, conf=-1: [24274e9f-e41f-4654-9afc-a783ca44e44b:192.168.69.67:35902, 988115cd-21c9-4558-b198-f2cedd98ccf3:192.168.69.67:44208, c52c3de9-0ed1-4f2b-ba1d-f317ceeb0ceb:192.168.69.67:37615], old=null
2019-10-18 07:14:36,947 [c52c3de9-0ed1-4f2b-ba1d-f317ceeb0ceb@group-20BE3FF63202-LeaderElection168] INFO  impl.RaftServerImpl (RaftServerImpl.java:setRole(184)) - c52c3de9-0ed1-4f2b-ba1d-f317ceeb0ceb@group-20BE3FF63202: changes role from CANDIDATE to FOLLOWER at term 202 for DISCOVERED_A_NEW_TERM
2019-10-18 07:14:36,947 [c52c3de9-0ed1-4f2b-ba1d-f317ceeb0ceb@group-20BE3FF63202-LeaderElection168] INFO  impl.RoleInfo (RoleInfo.java:shutdownLeaderElection(134)) - c52c3de9-0ed1-4f2b-ba1d-f317ceeb0ceb: shutdown LeaderElection
2019-10-18 07:14:36,948 [c52c3de9-0ed1-4f2b-ba1d-f317ceeb0ceb@group-20BE3FF63202-LeaderElection168] INFO  impl.RoleInfo (RoleInfo.java:updateAndGet(143)) - c52c3de9-0ed1-4f2b-ba1d-f317ceeb0ceb: start FollowerState
2019-10-18 07:14:36,991 [Thread-1568] INFO  impl.FollowerState (FollowerState.java:run(108)) - c52c3de9-0ed1-4f2b-ba1d-f317ceeb0ceb@group-20BE3FF63202-FollowerState: change to CANDIDATE, lastRpcTime:43ms, electionTimeout:43ms
2019-10-18 07:14:36,991 [Thread-1568] INFO  impl.RoleInfo (RoleInfo.java:shutdownFollowerState(121)) - c52c3de9-0ed1-4f2b-ba1d-f317ceeb0ceb: shutdown FollowerState
2019-10-18 07:14:36,991 [Thread-1568] INFO  impl.RaftServerImpl (RaftServerImpl.java:setRole(184)) - c52c3de9-0ed1-4f2b-ba1d-f317ceeb0ceb@group-20BE3FF63202: changes role from  FOLLOWER to CANDIDATE at term 202 for changeToCandidate
2019-10-18 07:14:36,992 [Thread-1568] INFO  impl.RoleInfo (RoleInfo.java:updateAndGet(143)) - c52c3de9-0ed1-4f2b-ba1d-f317ceeb0ceb: start LeaderElection
2019-10-18 07:14:37,032 [c52c3de9-0ed1-4f2b-ba1d-f317ceeb0ceb@group-20BE3FF63202-LeaderElection169] INFO  impl.LeaderElection (LeaderElection.java:askForVotes(178)) - c52c3de9-0ed1-4f2b-ba1d-f317ceeb0ceb@group-20BE3FF63202-LeaderElection169: begin an election at term 203 for -1: [24274e9f-e41f-4654-9afc-a783ca44e44b:192.168.69.67:35902, 988115cd-21c9-4558-b198-f2cedd98ccf3:192.168.69.67:44208, c52c3de9-0ed1-4f2b-ba1d-f317ceeb0ceb:192.168.69.67:37615], old=null
2019-10-18 07:14:37,034 [grpc-default-executor-0] INFO  impl.RaftServerImpl (RaftServerImpl.java:setRole(184)) - 24274e9f-e41f-4654-9afc-a783ca44e44b@group-20BE3FF63202: changes role from  FOLLOWER to FOLLOWER at term 203 for recognizeCandidate:c52c3de9-0ed1-4f2b-ba1d-f317ceeb0ceb
2019-10-18 07:14:37,035 [grpc-default-executor-0] INFO  impl.RoleInfo (RoleInfo.java:shutdownFollowerState(121)) - 24274e9f-e41f-4654-9afc-a783ca44e44b: shutdown FollowerState
2019-10-18 07:14:37,035 [grpc-default-executor-1] INFO  impl.RaftServerImpl (RaftServerImpl.java:setRole(184)) - 988115cd-21c9-4558-b198-f2cedd98ccf3@group-20BE3FF63202: changes role from  FOLLOWER to FOLLOWER at term 203 for recognizeCandidate:c52c3de9-0ed1-4f2b-ba1d-f317ceeb0ceb
2019-10-18 07:14:37,035 [Thread-1566] INFO  impl.FollowerState (FollowerState.java:run(117)) - 24274e9f-e41f-4654-9afc-a783ca44e44b@group-20BE3FF63202-FollowerState was interrupted: java.lang.InterruptedException: sleep interrupted
2019-10-18 07:14:37,035 [grpc-default-executor-0] INFO  impl.RoleInfo (RoleInfo.java:updateAndGet(143)) - 24274e9f-e41f-4654-9afc-a783ca44e44b: start FollowerState
2019-10-18 07:14:37,035 [grpc-default-executor-1] INFO  impl.RoleInfo (RoleInfo.java:shutdownFollowerState(121)) - 988115cd-21c9-4558-b198-f2cedd98ccf3: shutdown FollowerState
2019-10-18 07:14:37,036 [grpc-default-executor-1] INFO  impl.RoleInfo (RoleInfo.java:updateAndGet(143)) - 988115cd-21c9-4558-b198-f2cedd98ccf3: start FollowerState
2019-10-18 07:14:37,036 [Thread-1567] INFO  impl.FollowerState (FollowerState.java:run(117)) - 988115cd-21c9-4558-b198-f2cedd98ccf3@group-20BE3FF63202-FollowerState was interrupted: java.lang.InterruptedException: sleep interrupted
2019-10-18 07:14:37,086 [c52c3de9-0ed1-4f2b-ba1d-f317ceeb0ceb@group-20BE3FF63202-LeaderElection169] INFO  impl.LeaderElection (LeaderElection.java:logAndReturn(56)) - c52c3de9-0ed1-4f2b-ba1d-f317ceeb0ceb@group-20BE3FF63202-LeaderElection169: Election REJECTED; received 2 response(s) [c52c3de9-0ed1-4f2b-ba1d-f317ceeb0ceb<-24274e9f-e41f-4654-9afc-a783ca44e44b#0:FAIL-t203, c52c3de9-0ed1-4f2b-ba1d-f317ceeb0ceb<-988115cd-21c9-4558-b198-f2cedd98ccf3#0:FAIL-t203] and 0 exception(s); c52c3de9-0ed1-4f2b-ba1d-f317ceeb0ceb@group-20BE3FF63202:t203, leader=null, voted=c52c3de9-0ed1-4f2b-ba1d-f317ceeb0ceb, raftlog=c52c3de9-0ed1-4f2b-ba1d-f317ceeb0ceb@group-20BE3FF63202-SegmentedRaftLog:OPENED:c-1,f-1,i0, conf=-1: [24274e9f-e41f-4654-9afc-a783ca44e44b:192.168.69.67:35902, 988115cd-21c9-4558-b198-f2cedd98ccf3:192.168.69.67:44208, c52c3de9-0ed1-4f2b-ba1d-f317ceeb0ceb:192.168.69.67:37615], old=null
2019-10-18 07:14:37,086 [c52c3de9-0ed1-4f2b-ba1d-f317ceeb0ceb@group-20BE3FF63202-LeaderElection169] INFO  impl.RaftServerImpl (RaftServerImpl.java:setRole(184)) - c52c3de9-0ed1-4f2b-ba1d-f317ceeb0ceb@group-20BE3FF63202: changes role from CANDIDATE to FOLLOWER at term 203 for DISCOVERED_A_NEW_TERM
2019-10-18 07:14:37,086 [c52c3de9-0ed1-4f2b-ba1d-f317ceeb0ceb@group-20BE3FF63202-LeaderElection169] INFO  impl.RoleInfo (RoleInfo.java:shutdownLeaderElection(134)) - c52c3de9-0ed1-4f2b-ba1d-f317ceeb0ceb: shutdown LeaderElection
2019-10-18 07:14:37,086 [c52c3de9-0ed1-4f2b-ba1d-f317ceeb0ceb@group-20BE3FF63202-LeaderElection169] INFO  impl.RoleInfo (RoleInfo.java:updateAndGet(143)) - c52c3de9-0ed1-4f2b-ba1d-f317ceeb0ceb: start FollowerState
2019-10-18 07:14:37,156 [Thread-1574] INFO  impl.FollowerState (FollowerState.java:run(108)) - c52c3de9-0ed1-4f2b-ba1d-f317ceeb0ceb@group-20BE3FF63202-FollowerState: change to CANDIDATE, lastRpcTime:69ms, electionTimeout:69ms
2019-10-18 07:14:37,156 [Thread-1574] INFO  impl.RoleInfo (RoleInfo.java:shutdownFollowerState(121)) - c52c3de9-0ed1-4f2b-ba1d-f317ceeb0ceb: shutdown FollowerState
2019-10-18 07:14:37,156 [Thread-1574] INFO  impl.RaftServerImpl (RaftServerImpl.java:setRole(184)) - c52c3de9-0ed1-4f2b-ba1d-f317ceeb0ceb@group-20BE3FF63202: changes role from  FOLLOWER to CANDIDATE at term 203 for changeToCandidate
2019-10-18 07:14:37,157 [Thread-1574] INFO  impl.RoleInfo (RoleInfo.java:updateAndGet(143)) - c52c3de9-0ed1-4f2b-ba1d-f317ceeb0ceb: start LeaderElection
2019-10-18 07:14:37,215 [c52c3de9-0ed1-4f2b-ba1d-f317ceeb0ceb@group-20BE3FF63202-LeaderElection170] INFO  impl.LeaderElection (LeaderElection.java:askForVotes(178)) - c52c3de9-0ed1-4f2b-ba1d-f317ceeb0ceb@group-20BE3FF63202-LeaderElection170: begin an election at term 204 for -1: [24274e9f-e41f-4654-9afc-a783ca44e44b:192.168.69.67:35902, 988115cd-21c9-4558-b198-f2cedd98ccf3:192.168.69.67:44208, c52c3de9-0ed1-4f2b-ba1d-f317ceeb0ceb:192.168.69.67:37615], old=null
2019-10-18 07:14:37,217 [grpc-default-executor-0] INFO  impl.RaftServerImpl (RaftServerImpl.java:setRole(184)) - 24274e9f-e41f-4654-9afc-a783ca44e44b@group-20BE3FF63202: changes role from  FOLLOWER to FOLLOWER at term 204 for recognizeCandidate:c52c3de9-0ed1-4f2b-ba1d-f317ceeb0ceb
2019-10-18 07:14:37,217 [grpc-default-executor-0] INFO  impl.RoleInfo (RoleInfo.java:shutdownFollowerState(121)) - 24274e9f-e41f-4654-9afc-a783ca44e44b: shutdown FollowerState
2019-10-18 07:14:37,218 [grpc-default-executor-1] INFO  impl.RaftServerImpl (RaftServerImpl.java:setRole(184)) - 988115cd-21c9-4558-b198-f2cedd98ccf3@group-20BE3FF63202: changes role from  FOLLOWER to FOLLOWER at term 204 for recognizeCandidate:c52c3de9-0ed1-4f2b-ba1d-f317ceeb0ceb
2019-10-18 07:14:37,218 [grpc-default-executor-1] INFO  impl.RoleInfo (RoleInfo.java:shutdownFollowerState(121)) - 988115cd-21c9-4558-b198-f2cedd98ccf3: shutdown FollowerState
2019-10-18 07:14:37,218 [Thread-1572] INFO  impl.FollowerState (FollowerState.java:run(117)) - 24274e9f-e41f-4654-9afc-a783ca44e44b@group-20BE3FF63202-FollowerState was interrupted: java.lang.InterruptedException: sleep interrupted
2019-10-18 07:14:37,218 [grpc-default-executor-0] INFO  impl.RoleInfo (RoleInfo.java:updateAndGet(143)) - 24274e9f-e41f-4654-9afc-a783ca44e44b: start FollowerState
2019-10-18 07:14:37,218 [Thread-1573] INFO  impl.FollowerState (FollowerState.java:run(117)) - 988115cd-21c9-4558-b198-f2cedd98ccf3@group-20BE3FF63202-FollowerState was interrupted: java.lang.InterruptedException: sleep interrupted
2019-10-18 07:14:37,218 [grpc-default-executor-1] INFO  impl.RoleInfo (RoleInfo.java:updateAndGet(143)) - 988115cd-21c9-4558-b198-f2cedd98ccf3: start FollowerState
2019-10-18 07:14:37,256 [c52c3de9-0ed1-4f2b-ba1d-f317ceeb0ceb@group-20BE3FF63202-LeaderElection170] INFO  impl.LeaderElection (LeaderElection.java:logAndReturn(56)) - c52c3de9-0ed1-4f2b-ba1d-f317ceeb0ceb@group-20BE3FF63202-LeaderElection170: Election REJECTED; received 2 response(s) [c52c3de9-0ed1-4f2b-ba1d-f317ceeb0ceb<-24274e9f-e41f-4654-9afc-a783ca44e44b#0:FAIL-t204, c52c3de9-0ed1-4f2b-ba1d-f317ceeb0ceb<-988115cd-21c9-4558-b198-f2cedd98ccf3#0:FAIL-t204] and 0 exception(s); c52c3de9-0ed1-4f2b-ba1d-f317ceeb0ceb@group-20BE3FF63202:t204, leader=null, voted=c52c3de9-0ed1-4f2b-ba1d-f317ceeb0ceb, raftlog=c52c3de9-0ed1-4f2b-ba1d-f317ceeb0ceb@group-20BE3FF63202-SegmentedRaftLog:OPENED:c-1,f-1,i0, conf=-1: [24274e9f-e41f-4654-9afc-a783ca44e44b:192.168.69.67:35902, 988115cd-21c9-4558-b198-f2cedd98ccf3:192.168.69.67:44208, c52c3de9-0ed1-4f2b-ba1d-f317ceeb0ceb:192.168.69.67:37615], old=null
2019-10-18 07:14:37,256 [c52c3de9-0ed1-4f2b-ba1d-f317ceeb0ceb@group-20BE3FF63202-LeaderElection170] INFO  impl.RaftServerImpl (RaftServerImpl.java:setRole(184)) - c52c3de9-0ed1-4f2b-ba1d-f317ceeb0ceb@group-20BE3FF63202: changes role from CANDIDATE to FOLLOWER at term 204 for DISCOVERED_A_NEW_TERM
2019-10-18 07:14:37,256 [c52c3de9-0ed1-4f2b-ba1d-f317ceeb0ceb@group-20BE3FF63202-LeaderElection170] INFO  impl.RoleInfo (RoleInfo.java:shutdownLeaderElection(134)) - c52c3de9-0ed1-4f2b-ba1d-f317ceeb0ceb: shutdown LeaderElection
2019-10-18 07:14:37,257 [c52c3de9-0ed1-4f2b-ba1d-f317ceeb0ceb@group-20BE3FF63202-LeaderElection170] INFO  impl.RoleInfo (RoleInfo.java:updateAndGet(143)) - c52c3de9-0ed1-4f2b-ba1d-f317ceeb0ceb: start FollowerState
2019-10-18 07:14:37,344 [Thread-1580] INFO  impl.FollowerState (FollowerState.java:run(108)) - c52c3de9-0ed1-4f2b-ba1d-f317ceeb0ceb@group-20BE3FF63202-FollowerState: change to CANDIDATE, lastRpcTime:87ms, electionTimeout:87ms
2019-10-18 07:14:37,344 [Thread-1580] INFO  impl.RoleInfo (RoleInfo.java:shutdownFollowerState(121)) - c52c3de9-0ed1-4f2b-ba1d-f317ceeb0ceb: shutdown FollowerState
2019-10-18 07:14:37,344 [Thread-1580] INFO  impl.RaftServerImpl (RaftServerImpl.java:setRole(184)) - c52c3de9-0ed1-4f2b-ba1d-f317ceeb0ceb@group-20BE3FF63202: changes role from  FOLLOWER to CANDIDATE at term 204 for changeToCandidate
2019-10-18 07:14:37,344 [Thread-1580] INFO  impl.RoleInfo (RoleInfo.java:updateAndGet(143)) - c52c3de9-0ed1-4f2b-ba1d-f317ceeb0ceb: start LeaderElection
2019-10-18 07:14:37,420 [c52c3de9-0ed1-4f2b-ba1d-f317ceeb0ceb@group-20BE3FF63202-LeaderElection171] INFO  impl.LeaderElection (LeaderElection.java:askForVotes(178)) - c52c3de9-0ed1-4f2b-ba1d-f317ceeb0ceb@group-20BE3FF63202-LeaderElection171: begin an election at term 205 for -1: [24274e9f-e41f-4654-9afc-a783ca44e44b:192.168.69.67:35902, 988115cd-21c9-4558-b198-f2cedd98ccf3:192.168.69.67:44208, c52c3de9-0ed1-4f2b-ba1d-f317ceeb0ceb:192.168.69.67:37615], old=null
2019-10-18 07:14:37,423 [grpc-default-executor-1] INFO  impl.RaftServerImpl (RaftServerImpl.java:setRole(184)) - 24274e9f-e41f-4654-9afc-a783ca44e44b@group-20BE3FF63202: changes role from  FOLLOWER to FOLLOWER at term 205 for recognizeCandidate:c52c3de9-0ed1-4f2b-ba1d-f317ceeb0ceb
2019-10-18 07:14:37,423 [grpc-default-executor-1] INFO  impl.RoleInfo (RoleInfo.java:shutdownFollowerState(121)) - 24274e9f-e41f-4654-9afc-a783ca44e44b: shutdown FollowerState
2019-10-18 07:14:37,423 [grpc-default-executor-1] INFO  impl.RoleInfo (RoleInfo.java:updateAndGet(143)) - 24274e9f-e41f-4654-9afc-a783ca44e44b: start FollowerState
2019-10-18 07:14:37,423 [grpc-default-executor-0] INFO  impl.RaftServerImpl (RaftServerImpl.java:setRole(184)) - 988115cd-21c9-4558-b198-f2cedd98ccf3@group-20BE3FF63202: changes role from  FOLLOWER to FOLLOWER at term 205 for recognizeCandidate:c52c3de9-0ed1-4f2b-ba1d-f317ceeb0ceb
2019-10-18 07:14:37,424 [grpc-default-executor-0] INFO  impl.RoleInfo (RoleInfo.java:shutdownFollowerState(121)) - 988115cd-21c9-4558-b198-f2cedd98ccf3: shutdown FollowerState
2019-10-18 07:14:37,423 [Thread-1578] INFO  impl.FollowerState (FollowerState.java:run(117)) - 24274e9f-e41f-4654-9afc-a783ca44e44b@group-20BE3FF63202-FollowerState was interrupted: java.lang.InterruptedException: sleep interrupted
2019-10-18 07:14:37,424 [Thread-1579] INFO  impl.FollowerState (FollowerState.java:run(117)) - 988115cd-21c9-4558-b198-f2cedd98ccf3@group-20BE3FF63202-FollowerState was interrupted: java.lang.InterruptedException: sleep interrupted
2019-10-18 07:14:37,424 [grpc-default-executor-0] INFO  impl.RoleInfo (RoleInfo.java:updateAndGet(143)) - 988115cd-21c9-4558-b198-f2cedd98ccf3: start FollowerState
2019-10-18 07:14:37,479 [main] INFO  ozone.MiniOzoneClusterImpl (MiniOzoneClusterImpl.java:lambda$waitForClusterToBeReady$2(164)) - Waiting for 1 number of pipelines out of 9, to report a leader.
2019-10-18 07:14:37,489 [c52c3de9-0ed1-4f2b-ba1d-f317ceeb0ceb@group-20BE3FF63202-LeaderElection171] INFO  impl.LeaderElection (LeaderElection.java:logAndReturn(56)) - c52c3de9-0ed1-4f2b-ba1d-f317ceeb0ceb@group-20BE3FF63202-LeaderElection171: Election REJECTED; received 2 response(s) [c52c3de9-0ed1-4f2b-ba1d-f317ceeb0ceb<-24274e9f-e41f-4654-9afc-a783ca44e44b#0:FAIL-t205, c52c3de9-0ed1-4f2b-ba1d-f317ceeb0ceb<-988115cd-21c9-4558-b198-f2cedd98ccf3#0:FAIL-t205] and 0 exception(s); c52c3de9-0ed1-4f2b-ba1d-f317ceeb0ceb@group-20BE3FF63202:t205, leader=null, voted=c52c3de9-0ed1-4f2b-ba1d-f317ceeb0ceb, raftlog=c52c3de9-0ed1-4f2b-ba1d-f317ceeb0ceb@group-20BE3FF63202-SegmentedRaftLog:OPENED:c-1,f-1,i0, conf=-1: [24274e9f-e41f-4654-9afc-a783ca44e44b:192.168.69.67:35902, 988115cd-21c9-4558-b198-f2cedd98ccf3:192.168.69.67:44208, c52c3de9-0ed1-4f2b-ba1d-f317ceeb0ceb:192.168.69.67:37615], old=null
2019-10-18 07:14:37,489 [c52c3de9-0ed1-4f2b-ba1d-f317ceeb0ceb@group-20BE3FF63202-LeaderElection171] INFO  impl.RaftServerImpl (RaftServerImpl.java:setRole(184)) - c52c3de9-0ed1-4f2b-ba1d-f317ceeb0ceb@group-20BE3FF63202: changes role from CANDIDATE to FOLLOWER at term 205 for DISCOVERED_A_NEW_TERM
2019-10-18 07:14:37,489 [c52c3de9-0ed1-4f2b-ba1d-f317ceeb0ceb@group-20BE3FF63202-LeaderElection171] INFO  impl.RoleInfo (RoleInfo.java:shutdownLeaderElection(134)) - c52c3de9-0ed1-4f2b-ba1d-f317ceeb0ceb: shutdown LeaderElection
2019-10-18 07:14:37,490 [c52c3de9-0ed1-4f2b-ba1d-f317ceeb0ceb@group-20BE3FF63202-LeaderElection171] INFO  impl.RoleInfo (RoleInfo.java:updateAndGet(143)) - c52c3de9-0ed1-4f2b-ba1d-f317ceeb0ceb: start FollowerState
2019-10-18 07:14:37,543 [Thread-1586] INFO  impl.FollowerState (FollowerState.java:run(108)) - c52c3de9-0ed1-4f2b-ba1d-f317ceeb0ceb@group-20BE3FF63202-FollowerState: change to CANDIDATE, lastRpcTime:53ms, electionTimeout:53ms
2019-10-18 07:14:37,543 [Thread-1586] INFO  impl.RoleInfo (RoleInfo.java:shutdownFollowerState(121)) - c52c3de9-0ed1-4f2b-ba1d-f317ceeb0ceb: shutdown FollowerState
2019-10-18 07:14:37,543 [Thread-1586] INFO  impl.RaftServerImpl (RaftServerImpl.java:setRole(184)) - c52c3de9-0ed1-4f2b-ba1d-f317ceeb0ceb@group-20BE3FF63202: changes role from  FOLLOWER to CANDIDATE at term 205 for changeToCandidate
2019-10-18 07:14:37,543 [Thread-1586] INFO  impl.RoleInfo (RoleInfo.java:updateAndGet(143)) - c52c3de9-0ed1-4f2b-ba1d-f317ceeb0ceb: start LeaderElection
2019-10-18 07:14:37,588 [c52c3de9-0ed1-4f2b-ba1d-f317ceeb0ceb@group-20BE3FF63202-LeaderElection172] INFO  impl.LeaderElection (LeaderElection.java:askForVotes(178)) - c52c3de9-0ed1-4f2b-ba1d-f317ceeb0ceb@group-20BE3FF63202-LeaderElection172: begin an election at term 206 for -1: [24274e9f-e41f-4654-9afc-a783ca44e44b:192.168.69.67:35902, 988115cd-21c9-4558-b198-f2cedd98ccf3:192.168.69.67:44208, c52c3de9-0ed1-4f2b-ba1d-f317ceeb0ceb:192.168.69.67:37615], old=null
2019-10-18 07:14:37,591 [grpc-default-executor-0] INFO  impl.RaftServerImpl (RaftServerImpl.java:setRole(184)) - 24274e9f-e41f-4654-9afc-a783ca44e44b@group-20BE3FF63202: changes role from  FOLLOWER to FOLLOWER at term 206 for recognizeCandidate:c52c3de9-0ed1-4f2b-ba1d-f317ceeb0ceb
2019-10-18 07:14:37,591 [grpc-default-executor-1] INFO  impl.RaftServerImpl (RaftServerImpl.java:setRole(184)) - 988115cd-21c9-4558-b198-f2cedd98ccf3@group-20BE3FF63202: changes role from  FOLLOWER to FOLLOWER at term 206 for recognizeCandidate:c52c3de9-0ed1-4f2b-ba1d-f317ceeb0ceb
2019-10-18 07:14:37,591 [grpc-default-executor-0] INFO  impl.RoleInfo (RoleInfo.java:shutdownFollowerState(121)) - 24274e9f-e41f-4654-9afc-a783ca44e44b: shutdown FollowerState
2019-10-18 07:14:37,592 [grpc-default-executor-1] INFO  impl.RoleInfo (RoleInfo.java:shutdownFollowerState(121)) - 988115cd-21c9-4558-b198-f2cedd98ccf3: shutdown FollowerState
2019-10-18 07:14:37,592 [Thread-1584] INFO  impl.FollowerState (FollowerState.java:run(117)) - 24274e9f-e41f-4654-9afc-a783ca44e44b@group-20BE3FF63202-FollowerState was interrupted: java.lang.InterruptedException: sleep interrupted
2019-10-18 07:14:37,592 [grpc-default-executor-0] INFO  impl.RoleInfo (RoleInfo.java:updateAndGet(143)) - 24274e9f-e41f-4654-9afc-a783ca44e44b: start FollowerState
2019-10-18 07:14:37,592 [Thread-1585] INFO  impl.FollowerState (FollowerState.java:run(117)) - 988115cd-21c9-4558-b198-f2cedd98ccf3@group-20BE3FF63202-FollowerState was interrupted: java.lang.InterruptedException: sleep interrupted
2019-10-18 07:14:37,592 [grpc-default-executor-1] INFO  impl.RoleInfo (RoleInfo.java:updateAndGet(143)) - 988115cd-21c9-4558-b198-f2cedd98ccf3: start FollowerState
2019-10-18 07:14:37,634 [c52c3de9-0ed1-4f2b-ba1d-f317ceeb0ceb@group-20BE3FF63202-LeaderElection172] INFO  impl.LeaderElection (LeaderElection.java:logAndReturn(56)) - c52c3de9-0ed1-4f2b-ba1d-f317ceeb0ceb@group-20BE3FF63202-LeaderElection172: Election TIMEOUT; received 0 response(s) [] and 0 exception(s); c52c3de9-0ed1-4f2b-ba1d-f317ceeb0ceb@group-20BE3FF63202:t206, leader=null, voted=c52c3de9-0ed1-4f2b-ba1d-f317ceeb0ceb, raftlog=c52c3de9-0ed1-4f2b-ba1d-f317ceeb0ceb@group-20BE3FF63202-SegmentedRaftLog:OPENED:c-1,f-1,i0, conf=-1: [24274e9f-e41f-4654-9afc-a783ca44e44b:192.168.69.67:35902, 988115cd-21c9-4558-b198-f2cedd98ccf3:192.168.69.67:44208, c52c3de9-0ed1-4f2b-ba1d-f317ceeb0ceb:192.168.69.67:37615], old=null
2019-10-18 07:14:37,691 [c52c3de9-0ed1-4f2b-ba1d-f317ceeb0ceb@group-20BE3FF63202-LeaderElection172] INFO  impl.LeaderElection (LeaderElection.java:askForVotes(178)) - c52c3de9-0ed1-4f2b-ba1d-f317ceeb0ceb@group-20BE3FF63202-LeaderElection172: begin an election at term 207 for -1: [24274e9f-e41f-4654-9afc-a783ca44e44b:192.168.69.67:35902, 988115cd-21c9-4558-b198-f2cedd98ccf3:192.168.69.67:44208, c52c3de9-0ed1-4f2b-ba1d-f317ceeb0ceb:192.168.69.67:37615], old=null
2019-10-18 07:14:37,694 [grpc-default-executor-1] INFO  impl.RaftServerImpl (RaftServerImpl.java:setRole(184)) - 24274e9f-e41f-4654-9afc-a783ca44e44b@group-20BE3FF63202: changes role from  FOLLOWER to FOLLOWER at term 207 for recognizeCandidate:c52c3de9-0ed1-4f2b-ba1d-f317ceeb0ceb
2019-10-18 07:14:37,694 [grpc-default-executor-0] INFO  impl.RaftServerImpl (RaftServerImpl.java:setRole(184)) - 988115cd-21c9-4558-b198-f2cedd98ccf3@group-20BE3FF63202: changes role from  FOLLOWER to FOLLOWER at term 207 for recognizeCandidate:c52c3de9-0ed1-4f2b-ba1d-f317ceeb0ceb
2019-10-18 07:14:37,694 [grpc-default-executor-1] INFO  impl.RoleInfo (RoleInfo.java:shutdownFollowerState(121)) - 24274e9f-e41f-4654-9afc-a783ca44e44b: shutdown FollowerState
2019-10-18 07:14:37,694 [grpc-default-executor-0] INFO  impl.RoleInfo (RoleInfo.java:shutdownFollowerState(121)) - 988115cd-21c9-4558-b198-f2cedd98ccf3: shutdown FollowerState
2019-10-18 07:14:37,694 [Thread-1590] INFO  impl.FollowerState (FollowerState.java:run(117)) - 24274e9f-e41f-4654-9afc-a783ca44e44b@group-20BE3FF63202-FollowerState was interrupted: java.lang.InterruptedException: sleep interrupted
2019-10-18 07:14:37,694 [grpc-default-executor-1] INFO  impl.RoleInfo (RoleInfo.java:updateAndGet(143)) - 24274e9f-e41f-4654-9afc-a783ca44e44b: start FollowerState
2019-10-18 07:14:37,695 [Thread-1591] INFO  impl.FollowerState (FollowerState.java:run(117)) - 988115cd-21c9-4558-b198-f2cedd98ccf3@group-20BE3FF63202-FollowerState was interrupted: java.lang.InterruptedException: sleep interrupted
2019-10-18 07:14:37,695 [grpc-default-executor-0] INFO  impl.RoleInfo (RoleInfo.java:updateAndGet(143)) - 988115cd-21c9-4558-b198-f2cedd98ccf3: start FollowerState
2019-10-18 07:14:37,748 [c52c3de9-0ed1-4f2b-ba1d-f317ceeb0ceb@group-20BE3FF63202-LeaderElection172] INFO  impl.LeaderElection (LeaderElection.java:logAndReturn(56)) - c52c3de9-0ed1-4f2b-ba1d-f317ceeb0ceb@group-20BE3FF63202-LeaderElection172: Election REJECTED; received 2 response(s) [c52c3de9-0ed1-4f2b-ba1d-f317ceeb0ceb<-24274e9f-e41f-4654-9afc-a783ca44e44b#0:FAIL-t207, c52c3de9-0ed1-4f2b-ba1d-f317ceeb0ceb<-988115cd-21c9-4558-b198-f2cedd98ccf3#0:FAIL-t207] and 0 exception(s); c52c3de9-0ed1-4f2b-ba1d-f317ceeb0ceb@group-20BE3FF63202:t207, leader=null, voted=c52c3de9-0ed1-4f2b-ba1d-f317ceeb0ceb, raftlog=c52c3de9-0ed1-4f2b-ba1d-f317ceeb0ceb@group-20BE3FF63202-SegmentedRaftLog:OPENED:c-1,f-1,i0, conf=-1: [24274e9f-e41f-4654-9afc-a783ca44e44b:192.168.69.67:35902, 988115cd-21c9-4558-b198-f2cedd98ccf3:192.168.69.67:44208, c52c3de9-0ed1-4f2b-ba1d-f317ceeb0ceb:192.168.69.67:37615], old=null
2019-10-18 07:14:37,748 [c52c3de9-0ed1-4f2b-ba1d-f317ceeb0ceb@group-20BE3FF63202-LeaderElection172] INFO  impl.RaftServerImpl (RaftServerImpl.java:setRole(184)) - c52c3de9-0ed1-4f2b-ba1d-f317ceeb0ceb@group-20BE3FF63202: changes role from CANDIDATE to FOLLOWER at term 207 for DISCOVERED_A_NEW_TERM
2019-10-18 07:14:37,748 [c52c3de9-0ed1-4f2b-ba1d-f317ceeb0ceb@group-20BE3FF63202-LeaderElection172] INFO  impl.RoleInfo (RoleInfo.java:shutdownLeaderElection(134)) - c52c3de9-0ed1-4f2b-ba1d-f317ceeb0ceb: shutdown LeaderElection
2019-10-18 07:14:37,748 [c52c3de9-0ed1-4f2b-ba1d-f317ceeb0ceb@group-20BE3FF63202-LeaderElection172] INFO  impl.RoleInfo (RoleInfo.java:updateAndGet(143)) - c52c3de9-0ed1-4f2b-ba1d-f317ceeb0ceb: start FollowerState
2019-10-18 07:14:37,880 [Thread-1596] INFO  impl.FollowerState (FollowerState.java:run(108)) - c52c3de9-0ed1-4f2b-ba1d-f317ceeb0ceb@group-20BE3FF63202-FollowerState: change to CANDIDATE, lastRpcTime:131ms, electionTimeout:131ms
2019-10-18 07:14:37,880 [Thread-1596] INFO  impl.RoleInfo (RoleInfo.java:shutdownFollowerState(121)) - c52c3de9-0ed1-4f2b-ba1d-f317ceeb0ceb: shutdown FollowerState
2019-10-18 07:14:37,880 [Thread-1596] INFO  impl.RaftServerImpl (RaftServerImpl.java:setRole(184)) - c52c3de9-0ed1-4f2b-ba1d-f317ceeb0ceb@group-20BE3FF63202: changes role from  FOLLOWER to CANDIDATE at term 207 for changeToCandidate
2019-10-18 07:14:37,880 [Thread-1596] INFO  impl.RoleInfo (RoleInfo.java:updateAndGet(143)) - c52c3de9-0ed1-4f2b-ba1d-f317ceeb0ceb: start LeaderElection
2019-10-18 07:14:37,928 [c52c3de9-0ed1-4f2b-ba1d-f317ceeb0ceb@group-20BE3FF63202-LeaderElection173] INFO  impl.LeaderElection (LeaderElection.java:askForVotes(178)) - c52c3de9-0ed1-4f2b-ba1d-f317ceeb0ceb@group-20BE3FF63202-LeaderElection173: begin an election at term 208 for -1: [24274e9f-e41f-4654-9afc-a783ca44e44b:192.168.69.67:35902, 988115cd-21c9-4558-b198-f2cedd98ccf3:192.168.69.67:44208, c52c3de9-0ed1-4f2b-ba1d-f317ceeb0ceb:192.168.69.67:37615], old=null
2019-10-18 07:14:37,931 [grpc-default-executor-0] INFO  impl.RaftServerImpl (RaftServerImpl.java:setRole(184)) - 24274e9f-e41f-4654-9afc-a783ca44e44b@group-20BE3FF63202: changes role from  FOLLOWER to FOLLOWER at term 208 for recognizeCandidate:c52c3de9-0ed1-4f2b-ba1d-f317ceeb0ceb
2019-10-18 07:14:37,931 [grpc-default-executor-0] INFO  impl.RoleInfo (RoleInfo.java:shutdownFollowerState(121)) - 24274e9f-e41f-4654-9afc-a783ca44e44b: shutdown FollowerState
2019-10-18 07:14:37,931 [grpc-default-executor-1] INFO  impl.RaftServerImpl (RaftServerImpl.java:setRole(184)) - 988115cd-21c9-4558-b198-f2cedd98ccf3@group-20BE3FF63202: changes role from  FOLLOWER to FOLLOWER at term 208 for recognizeCandidate:c52c3de9-0ed1-4f2b-ba1d-f317ceeb0ceb
2019-10-18 07:14:37,931 [Thread-1594] INFO  impl.FollowerState (FollowerState.java:run(117)) - 24274e9f-e41f-4654-9afc-a783ca44e44b@group-20BE3FF63202-FollowerState was interrupted: java.lang.InterruptedException: sleep interrupted
2019-10-18 07:14:37,931 [grpc-default-executor-0] INFO  impl.RoleInfo (RoleInfo.java:updateAndGet(143)) - 24274e9f-e41f-4654-9afc-a783ca44e44b: start FollowerState
2019-10-18 07:14:37,932 [grpc-default-executor-1] INFO  impl.RoleInfo (RoleInfo.java:shutdownFollowerState(121)) - 988115cd-21c9-4558-b198-f2cedd98ccf3: shutdown FollowerState
2019-10-18 07:14:37,932 [grpc-default-executor-1] INFO  impl.RoleInfo (RoleInfo.java:updateAndGet(143)) - 988115cd-21c9-4558-b198-f2cedd98ccf3: start FollowerState
2019-10-18 07:14:37,932 [Thread-1595] INFO  impl.FollowerState (FollowerState.java:run(117)) - 988115cd-21c9-4558-b198-f2cedd98ccf3@group-20BE3FF63202-FollowerState was interrupted: java.lang.InterruptedException: sleep interrupted
2019-10-18 07:14:37,975 [c52c3de9-0ed1-4f2b-ba1d-f317ceeb0ceb@group-20BE3FF63202-LeaderElection173] INFO  impl.LeaderElection (LeaderElection.java:logAndReturn(56)) - c52c3de9-0ed1-4f2b-ba1d-f317ceeb0ceb@group-20BE3FF63202-LeaderElection173: Election REJECTED; received 2 response(s) [c52c3de9-0ed1-4f2b-ba1d-f317ceeb0ceb<-24274e9f-e41f-4654-9afc-a783ca44e44b#0:FAIL-t208, c52c3de9-0ed1-4f2b-ba1d-f317ceeb0ceb<-988115cd-21c9-4558-b198-f2cedd98ccf3#0:FAIL-t208] and 0 exception(s); c52c3de9-0ed1-4f2b-ba1d-f317ceeb0ceb@group-20BE3FF63202:t208, leader=null, voted=c52c3de9-0ed1-4f2b-ba1d-f317ceeb0ceb, raftlog=c52c3de9-0ed1-4f2b-ba1d-f317ceeb0ceb@group-20BE3FF63202-SegmentedRaftLog:OPENED:c-1,f-1,i0, conf=-1: [24274e9f-e41f-4654-9afc-a783ca44e44b:192.168.69.67:35902, 988115cd-21c9-4558-b198-f2cedd98ccf3:192.168.69.67:44208, c52c3de9-0ed1-4f2b-ba1d-f317ceeb0ceb:192.168.69.67:37615], old=null
2019-10-18 07:14:37,976 [c52c3de9-0ed1-4f2b-ba1d-f317ceeb0ceb@group-20BE3FF63202-LeaderElection173] INFO  impl.RaftServerImpl (RaftServerImpl.java:setRole(184)) - c52c3de9-0ed1-4f2b-ba1d-f317ceeb0ceb@group-20BE3FF63202: changes role from CANDIDATE to FOLLOWER at term 208 for DISCOVERED_A_NEW_TERM
2019-10-18 07:14:37,976 [c52c3de9-0ed1-4f2b-ba1d-f317ceeb0ceb@group-20BE3FF63202-LeaderElection173] INFO  impl.RoleInfo (RoleInfo.java:shutdownLeaderElection(134)) - c52c3de9-0ed1-4f2b-ba1d-f317ceeb0ceb: shutdown LeaderElection
2019-10-18 07:14:37,976 [c52c3de9-0ed1-4f2b-ba1d-f317ceeb0ceb@group-20BE3FF63202-LeaderElection173] INFO  impl.RoleInfo (RoleInfo.java:updateAndGet(143)) - c52c3de9-0ed1-4f2b-ba1d-f317ceeb0ceb: start FollowerState
2019-10-18 07:14:38,125 [Thread-1604] INFO  impl.FollowerState (FollowerState.java:run(108)) - c52c3de9-0ed1-4f2b-ba1d-f317ceeb0ceb@group-20BE3FF63202-FollowerState: change to CANDIDATE, lastRpcTime:149ms, electionTimeout:149ms
2019-10-18 07:14:38,126 [Thread-1604] INFO  impl.RoleInfo (RoleInfo.java:shutdownFollowerState(121)) - c52c3de9-0ed1-4f2b-ba1d-f317ceeb0ceb: shutdown FollowerState
2019-10-18 07:14:38,126 [Thread-1604] INFO  impl.RaftServerImpl (RaftServerImpl.java:setRole(184)) - c52c3de9-0ed1-4f2b-ba1d-f317ceeb0ceb@group-20BE3FF63202: changes role from  FOLLOWER to CANDIDATE at term 208 for changeToCandidate
2019-10-18 07:14:38,126 [Thread-1604] INFO  impl.RoleInfo (RoleInfo.java:updateAndGet(143)) - c52c3de9-0ed1-4f2b-ba1d-f317ceeb0ceb: start LeaderElection
2019-10-18 07:14:38,194 [c52c3de9-0ed1-4f2b-ba1d-f317ceeb0ceb@group-20BE3FF63202-LeaderElection174] INFO  impl.LeaderElection (LeaderElection.java:askForVotes(178)) - c52c3de9-0ed1-4f2b-ba1d-f317ceeb0ceb@group-20BE3FF63202-LeaderElection174: begin an election at term 209 for -1: [24274e9f-e41f-4654-9afc-a783ca44e44b:192.168.69.67:35902, 988115cd-21c9-4558-b198-f2cedd98ccf3:192.168.69.67:44208, c52c3de9-0ed1-4f2b-ba1d-f317ceeb0ceb:192.168.69.67:37615], old=null
2019-10-18 07:14:38,196 [grpc-default-executor-1] INFO  impl.RaftServerImpl (RaftServerImpl.java:setRole(184)) - 24274e9f-e41f-4654-9afc-a783ca44e44b@group-20BE3FF63202: changes role from  FOLLOWER to FOLLOWER at term 209 for recognizeCandidate:c52c3de9-0ed1-4f2b-ba1d-f317ceeb0ceb
2019-10-18 07:14:38,197 [grpc-default-executor-0] INFO  impl.RaftServerImpl (RaftServerImpl.java:setRole(184)) - 988115cd-21c9-4558-b198-f2cedd98ccf3@group-20BE3FF63202: changes role from  FOLLOWER to FOLLOWER at term 209 for recognizeCandidate:c52c3de9-0ed1-4f2b-ba1d-f317ceeb0ceb
2019-10-18 07:14:38,197 [grpc-default-executor-1] INFO  impl.RoleInfo (RoleInfo.java:shutdownFollowerState(121)) - 24274e9f-e41f-4654-9afc-a783ca44e44b: shutdown FollowerState
2019-10-18 07:14:38,197 [grpc-default-executor-0] INFO  impl.RoleInfo (RoleInfo.java:shutdownFollowerState(121)) - 988115cd-21c9-4558-b198-f2cedd98ccf3: shutdown FollowerState
2019-10-18 07:14:38,197 [Thread-1602] INFO  impl.FollowerState (FollowerState.java:run(117)) - 24274e9f-e41f-4654-9afc-a783ca44e44b@group-20BE3FF63202-FollowerState was interrupted: java.lang.InterruptedException: sleep interrupted
2019-10-18 07:14:38,197 [grpc-default-executor-1] INFO  impl.RoleInfo (RoleInfo.java:updateAndGet(143)) - 24274e9f-e41f-4654-9afc-a783ca44e44b: start FollowerState
2019-10-18 07:14:38,197 [Thread-1603] INFO  impl.FollowerState (FollowerState.java:run(117)) - 988115cd-21c9-4558-b198-f2cedd98ccf3@group-20BE3FF63202-FollowerState was interrupted: java.lang.InterruptedException: sleep interrupted
2019-10-18 07:14:38,197 [grpc-default-executor-0] INFO  impl.RoleInfo (RoleInfo.java:updateAndGet(143)) - 988115cd-21c9-4558-b198-f2cedd98ccf3: start FollowerState
2019-10-18 07:14:38,251 [c52c3de9-0ed1-4f2b-ba1d-f317ceeb0ceb@group-20BE3FF63202-LeaderElection174] INFO  impl.LeaderElection (LeaderElection.java:logAndReturn(56)) - c52c3de9-0ed1-4f2b-ba1d-f317ceeb0ceb@group-20BE3FF63202-LeaderElection174: Election TIMEOUT; received 0 response(s) [] and 0 exception(s); c52c3de9-0ed1-4f2b-ba1d-f317ceeb0ceb@group-20BE3FF63202:t209, leader=null, voted=c52c3de9-0ed1-4f2b-ba1d-f317ceeb0ceb, raftlog=c52c3de9-0ed1-4f2b-ba1d-f317ceeb0ceb@group-20BE3FF63202-SegmentedRaftLog:OPENED:c-1,f-1,i0, conf=-1: [24274e9f-e41f-4654-9afc-a783ca44e44b:192.168.69.67:35902, 988115cd-21c9-4558-b198-f2cedd98ccf3:192.168.69.67:44208, c52c3de9-0ed1-4f2b-ba1d-f317ceeb0ceb:192.168.69.67:37615], old=null
2019-10-18 07:14:38,271 [c52c3de9-0ed1-4f2b-ba1d-f317ceeb0ceb@group-20BE3FF63202-LeaderElection174] INFO  impl.LeaderElection (LeaderElection.java:askForVotes(178)) - c52c3de9-0ed1-4f2b-ba1d-f317ceeb0ceb@group-20BE3FF63202-LeaderElection174: begin an election at term 210 for -1: [24274e9f-e41f-4654-9afc-a783ca44e44b:192.168.69.67:35902, 988115cd-21c9-4558-b198-f2cedd98ccf3:192.168.69.67:44208, c52c3de9-0ed1-4f2b-ba1d-f317ceeb0ceb:192.168.69.67:37615], old=null
2019-10-18 07:14:38,273 [grpc-default-executor-0] INFO  impl.RaftServerImpl (RaftServerImpl.java:setRole(184)) - 24274e9f-e41f-4654-9afc-a783ca44e44b@group-20BE3FF63202: changes role from  FOLLOWER to FOLLOWER at term 210 for recognizeCandidate:c52c3de9-0ed1-4f2b-ba1d-f317ceeb0ceb
2019-10-18 07:14:38,274 [grpc-default-executor-0] INFO  impl.RoleInfo (RoleInfo.java:shutdownFollowerState(121)) - 24274e9f-e41f-4654-9afc-a783ca44e44b: shutdown FollowerState
2019-10-18 07:14:38,274 [grpc-default-executor-0] INFO  impl.RoleInfo (RoleInfo.java:updateAndGet(143)) - 24274e9f-e41f-4654-9afc-a783ca44e44b: start FollowerState
2019-10-18 07:14:38,274 [grpc-default-executor-1] INFO  impl.RaftServerImpl (RaftServerImpl.java:setRole(184)) - 988115cd-21c9-4558-b198-f2cedd98ccf3@group-20BE3FF63202: changes role from  FOLLOWER to FOLLOWER at term 210 for recognizeCandidate:c52c3de9-0ed1-4f2b-ba1d-f317ceeb0ceb
2019-10-18 07:14:38,274 [grpc-default-executor-1] INFO  impl.RoleInfo (RoleInfo.java:shutdownFollowerState(121)) - 988115cd-21c9-4558-b198-f2cedd98ccf3: shutdown FollowerState
2019-10-18 07:14:38,274 [Thread-1608] INFO  impl.FollowerState (FollowerState.java:run(117)) - 24274e9f-e41f-4654-9afc-a783ca44e44b@group-20BE3FF63202-FollowerState was interrupted: java.lang.InterruptedException: sleep interrupted
2019-10-18 07:14:38,274 [Thread-1609] INFO  impl.FollowerState (FollowerState.java:run(117)) - 988115cd-21c9-4558-b198-f2cedd98ccf3@group-20BE3FF63202-FollowerState was interrupted: java.lang.InterruptedException: sleep interrupted
2019-10-18 07:14:38,274 [grpc-default-executor-1] INFO  impl.RoleInfo (RoleInfo.java:updateAndGet(143)) - 988115cd-21c9-4558-b198-f2cedd98ccf3: start FollowerState
2019-10-18 07:14:38,285 [c52c3de9-0ed1-4f2b-ba1d-f317ceeb0ceb@group-20BE3FF63202-LeaderElection174] INFO  impl.LeaderElection (LeaderElection.java:logAndReturn(56)) - c52c3de9-0ed1-4f2b-ba1d-f317ceeb0ceb@group-20BE3FF63202-LeaderElection174: Election REJECTED; received 2 response(s) [c52c3de9-0ed1-4f2b-ba1d-f317ceeb0ceb<-24274e9f-e41f-4654-9afc-a783ca44e44b#0:FAIL-t210, c52c3de9-0ed1-4f2b-ba1d-f317ceeb0ceb<-988115cd-21c9-4558-b198-f2cedd98ccf3#0:FAIL-t210] and 0 exception(s); c52c3de9-0ed1-4f2b-ba1d-f317ceeb0ceb@group-20BE3FF63202:t210, leader=null, voted=c52c3de9-0ed1-4f2b-ba1d-f317ceeb0ceb, raftlog=c52c3de9-0ed1-4f2b-ba1d-f317ceeb0ceb@group-20BE3FF63202-SegmentedRaftLog:OPENED:c-1,f-1,i0, conf=-1: [24274e9f-e41f-4654-9afc-a783ca44e44b:192.168.69.67:35902, 988115cd-21c9-4558-b198-f2cedd98ccf3:192.168.69.67:44208, c52c3de9-0ed1-4f2b-ba1d-f317ceeb0ceb:192.168.69.67:37615], old=null
2019-10-18 07:14:38,285 [c52c3de9-0ed1-4f2b-ba1d-f317ceeb0ceb@group-20BE3FF63202-LeaderElection174] INFO  impl.RaftServerImpl (RaftServerImpl.java:setRole(184)) - c52c3de9-0ed1-4f2b-ba1d-f317ceeb0ceb@group-20BE3FF63202: changes role from CANDIDATE to FOLLOWER at term 210 for DISCOVERED_A_NEW_TERM
2019-10-18 07:14:38,285 [c52c3de9-0ed1-4f2b-ba1d-f317ceeb0ceb@group-20BE3FF63202-LeaderElection174] INFO  impl.RoleInfo (RoleInfo.java:shutdownLeaderElection(134)) - c52c3de9-0ed1-4f2b-ba1d-f317ceeb0ceb: shutdown LeaderElection
2019-10-18 07:14:38,285 [c52c3de9-0ed1-4f2b-ba1d-f317ceeb0ceb@group-20BE3FF63202-LeaderElection174] INFO  impl.RoleInfo (RoleInfo.java:updateAndGet(143)) - c52c3de9-0ed1-4f2b-ba1d-f317ceeb0ceb: start FollowerState
2019-10-18 07:14:38,366 [Thread-1614] INFO  impl.FollowerState (FollowerState.java:run(108)) - c52c3de9-0ed1-4f2b-ba1d-f317ceeb0ceb@group-20BE3FF63202-FollowerState: change to CANDIDATE, lastRpcTime:80ms, electionTimeout:80ms
2019-10-18 07:14:38,366 [Thread-1614] INFO  impl.RoleInfo (RoleInfo.java:shutdownFollowerState(121)) - c52c3de9-0ed1-4f2b-ba1d-f317ceeb0ceb: shutdown FollowerState
2019-10-18 07:14:38,366 [Thread-1614] INFO  impl.RaftServerImpl (RaftServerImpl.java:setRole(184)) - c52c3de9-0ed1-4f2b-ba1d-f317ceeb0ceb@group-20BE3FF63202: changes role from  FOLLOWER to CANDIDATE at term 210 for changeToCandidate
2019-10-18 07:14:38,367 [Thread-1614] INFO  impl.RoleInfo (RoleInfo.java:updateAndGet(143)) - c52c3de9-0ed1-4f2b-ba1d-f317ceeb0ceb: start LeaderElection
2019-10-18 07:14:38,411 [c52c3de9-0ed1-4f2b-ba1d-f317ceeb0ceb@group-20BE3FF63202-LeaderElection175] INFO  impl.LeaderElection (LeaderElection.java:askForVotes(178)) - c52c3de9-0ed1-4f2b-ba1d-f317ceeb0ceb@group-20BE3FF63202-LeaderElection175: begin an election at term 211 for -1: [24274e9f-e41f-4654-9afc-a783ca44e44b:192.168.69.67:35902, 988115cd-21c9-4558-b198-f2cedd98ccf3:192.168.69.67:44208, c52c3de9-0ed1-4f2b-ba1d-f317ceeb0ceb:192.168.69.67:37615], old=null
2019-10-18 07:14:38,414 [grpc-default-executor-1] INFO  impl.RaftServerImpl (RaftServerImpl.java:setRole(184)) - 24274e9f-e41f-4654-9afc-a783ca44e44b@group-20BE3FF63202: changes role from  FOLLOWER to FOLLOWER at term 211 for recognizeCandidate:c52c3de9-0ed1-4f2b-ba1d-f317ceeb0ceb
2019-10-18 07:14:38,414 [grpc-default-executor-1] INFO  impl.RoleInfo (RoleInfo.java:shutdownFollowerState(121)) - 24274e9f-e41f-4654-9afc-a783ca44e44b: shutdown FollowerState
2019-10-18 07:14:38,415 [grpc-default-executor-1] INFO  impl.RoleInfo (RoleInfo.java:updateAndGet(143)) - 24274e9f-e41f-4654-9afc-a783ca44e44b: start FollowerState
2019-10-18 07:14:38,415 [Thread-1612] INFO  impl.FollowerState (FollowerState.java:run(117)) - 24274e9f-e41f-4654-9afc-a783ca44e44b@group-20BE3FF63202-FollowerState was interrupted: java.lang.InterruptedException: sleep interrupted
2019-10-18 07:14:38,415 [grpc-default-executor-0] INFO  impl.RaftServerImpl (RaftServerImpl.java:setRole(184)) - 988115cd-21c9-4558-b198-f2cedd98ccf3@group-20BE3FF63202: changes role from  FOLLOWER to FOLLOWER at term 211 for recognizeCandidate:c52c3de9-0ed1-4f2b-ba1d-f317ceeb0ceb
2019-10-18 07:14:38,415 [grpc-default-executor-0] INFO  impl.RoleInfo (RoleInfo.java:shutdownFollowerState(121)) - 988115cd-21c9-4558-b198-f2cedd98ccf3: shutdown FollowerState
2019-10-18 07:14:38,415 [grpc-default-executor-0] INFO  impl.RoleInfo (RoleInfo.java:updateAndGet(143)) - 988115cd-21c9-4558-b198-f2cedd98ccf3: start FollowerState
2019-10-18 07:14:38,415 [Thread-1613] INFO  impl.FollowerState (FollowerState.java:run(117)) - 988115cd-21c9-4558-b198-f2cedd98ccf3@group-20BE3FF63202-FollowerState was interrupted: java.lang.InterruptedException: sleep interrupted
2019-10-18 07:14:38,425 [c52c3de9-0ed1-4f2b-ba1d-f317ceeb0ceb@group-20BE3FF63202-LeaderElection175] INFO  impl.LeaderElection (LeaderElection.java:logAndReturn(56)) - c52c3de9-0ed1-4f2b-ba1d-f317ceeb0ceb@group-20BE3FF63202-LeaderElection175: Election REJECTED; received 2 response(s) [c52c3de9-0ed1-4f2b-ba1d-f317ceeb0ceb<-24274e9f-e41f-4654-9afc-a783ca44e44b#0:FAIL-t211, c52c3de9-0ed1-4f2b-ba1d-f317ceeb0ceb<-988115cd-21c9-4558-b198-f2cedd98ccf3#0:FAIL-t211] and 0 exception(s); c52c3de9-0ed1-4f2b-ba1d-f317ceeb0ceb@group-20BE3FF63202:t211, leader=null, voted=c52c3de9-0ed1-4f2b-ba1d-f317ceeb0ceb, raftlog=c52c3de9-0ed1-4f2b-ba1d-f317ceeb0ceb@group-20BE3FF63202-SegmentedRaftLog:OPENED:c-1,f-1,i0, conf=-1: [24274e9f-e41f-4654-9afc-a783ca44e44b:192.168.69.67:35902, 988115cd-21c9-4558-b198-f2cedd98ccf3:192.168.69.67:44208, c52c3de9-0ed1-4f2b-ba1d-f317ceeb0ceb:192.168.69.67:37615], old=null
2019-10-18 07:14:38,425 [c52c3de9-0ed1-4f2b-ba1d-f317ceeb0ceb@group-20BE3FF63202-LeaderElection175] INFO  impl.RaftServerImpl (RaftServerImpl.java:setRole(184)) - c52c3de9-0ed1-4f2b-ba1d-f317ceeb0ceb@group-20BE3FF63202: changes role from CANDIDATE to FOLLOWER at term 211 for DISCOVERED_A_NEW_TERM
2019-10-18 07:14:38,425 [c52c3de9-0ed1-4f2b-ba1d-f317ceeb0ceb@group-20BE3FF63202-LeaderElection175] INFO  impl.RoleInfo (RoleInfo.java:shutdownLeaderElection(134)) - c52c3de9-0ed1-4f2b-ba1d-f317ceeb0ceb: shutdown LeaderElection
2019-10-18 07:14:38,426 [c52c3de9-0ed1-4f2b-ba1d-f317ceeb0ceb@group-20BE3FF63202-LeaderElection175] INFO  impl.RoleInfo (RoleInfo.java:updateAndGet(143)) - c52c3de9-0ed1-4f2b-ba1d-f317ceeb0ceb: start FollowerState
2019-10-18 07:14:38,480 [main] INFO  ozone.MiniOzoneClusterImpl (MiniOzoneClusterImpl.java:lambda$waitForClusterToBeReady$2(164)) - Waiting for 1 number of pipelines out of 9, to report a leader.
2019-10-18 07:14:38,602 [Thread-1620] INFO  impl.FollowerState (FollowerState.java:run(108)) - c52c3de9-0ed1-4f2b-ba1d-f317ceeb0ceb@group-20BE3FF63202-FollowerState: change to CANDIDATE, lastRpcTime:176ms, electionTimeout:176ms
2019-10-18 07:14:38,603 [Thread-1620] INFO  impl.RoleInfo (RoleInfo.java:shutdownFollowerState(121)) - c52c3de9-0ed1-4f2b-ba1d-f317ceeb0ceb: shutdown FollowerState
2019-10-18 07:14:38,603 [Thread-1620] INFO  impl.RaftServerImpl (RaftServerImpl.java:setRole(184)) - c52c3de9-0ed1-4f2b-ba1d-f317ceeb0ceb@group-20BE3FF63202: changes role from  FOLLOWER to CANDIDATE at term 211 for changeToCandidate
2019-10-18 07:14:38,603 [Thread-1620] INFO  impl.RoleInfo (RoleInfo.java:updateAndGet(143)) - c52c3de9-0ed1-4f2b-ba1d-f317ceeb0ceb: start LeaderElection
2019-10-18 07:14:38,676 [c52c3de9-0ed1-4f2b-ba1d-f317ceeb0ceb@group-20BE3FF63202-LeaderElection176] INFO  impl.LeaderElection (LeaderElection.java:askForVotes(178)) - c52c3de9-0ed1-4f2b-ba1d-f317ceeb0ceb@group-20BE3FF63202-LeaderElection176: begin an election at term 212 for -1: [24274e9f-e41f-4654-9afc-a783ca44e44b:192.168.69.67:35902, 988115cd-21c9-4558-b198-f2cedd98ccf3:192.168.69.67:44208, c52c3de9-0ed1-4f2b-ba1d-f317ceeb0ceb:192.168.69.67:37615], old=null
2019-10-18 07:14:38,679 [grpc-default-executor-0] INFO  impl.RaftServerImpl (RaftServerImpl.java:setRole(184)) - 24274e9f-e41f-4654-9afc-a783ca44e44b@group-20BE3FF63202: changes role from  FOLLOWER to FOLLOWER at term 212 for recognizeCandidate:c52c3de9-0ed1-4f2b-ba1d-f317ceeb0ceb
2019-10-18 07:14:38,680 [grpc-default-executor-0] INFO  impl.RoleInfo (RoleInfo.java:shutdownFollowerState(121)) - 24274e9f-e41f-4654-9afc-a783ca44e44b: shutdown FollowerState
2019-10-18 07:14:38,680 [grpc-default-executor-1] INFO  impl.RaftServerImpl (RaftServerImpl.java:setRole(184)) - 988115cd-21c9-4558-b198-f2cedd98ccf3@group-20BE3FF63202: changes role from  FOLLOWER to FOLLOWER at term 212 for recognizeCandidate:c52c3de9-0ed1-4f2b-ba1d-f317ceeb0ceb
2019-10-18 07:14:38,680 [Thread-1618] INFO  impl.FollowerState (FollowerState.java:run(117)) - 24274e9f-e41f-4654-9afc-a783ca44e44b@group-20BE3FF63202-FollowerState was interrupted: java.lang.InterruptedException: sleep interrupted
2019-10-18 07:14:38,680 [grpc-default-executor-0] INFO  impl.RoleInfo (RoleInfo.java:updateAndGet(143)) - 24274e9f-e41f-4654-9afc-a783ca44e44b: start FollowerState
2019-10-18 07:14:38,680 [grpc-default-executor-1] INFO  impl.RoleInfo (RoleInfo.java:shutdownFollowerState(121)) - 988115cd-21c9-4558-b198-f2cedd98ccf3: shutdown FollowerState
2019-10-18 07:14:38,680 [grpc-default-executor-1] INFO  impl.RoleInfo (RoleInfo.java:updateAndGet(143)) - 988115cd-21c9-4558-b198-f2cedd98ccf3: start FollowerState
2019-10-18 07:14:38,680 [Thread-1619] INFO  impl.FollowerState (FollowerState.java:run(117)) - 988115cd-21c9-4558-b198-f2cedd98ccf3@group-20BE3FF63202-FollowerState was interrupted: java.lang.InterruptedException: sleep interrupted
2019-10-18 07:14:38,720 [c52c3de9-0ed1-4f2b-ba1d-f317ceeb0ceb@group-20BE3FF63202-LeaderElection176] INFO  impl.LeaderElection (LeaderElection.java:logAndReturn(56)) - c52c3de9-0ed1-4f2b-ba1d-f317ceeb0ceb@group-20BE3FF63202-LeaderElection176: Election REJECTED; received 2 response(s) [c52c3de9-0ed1-4f2b-ba1d-f317ceeb0ceb<-24274e9f-e41f-4654-9afc-a783ca44e44b#0:FAIL-t212, c52c3de9-0ed1-4f2b-ba1d-f317ceeb0ceb<-988115cd-21c9-4558-b198-f2cedd98ccf3#0:FAIL-t212] and 0 exception(s); c52c3de9-0ed1-4f2b-ba1d-f317ceeb0ceb@group-20BE3FF63202:t212, leader=null, voted=c52c3de9-0ed1-4f2b-ba1d-f317ceeb0ceb, raftlog=c52c3de9-0ed1-4f2b-ba1d-f317ceeb0ceb@group-20BE3FF63202-SegmentedRaftLog:OPENED:c-1,f-1,i0, conf=-1: [24274e9f-e41f-4654-9afc-a783ca44e44b:192.168.69.67:35902, 988115cd-21c9-4558-b198-f2cedd98ccf3:192.168.69.67:44208, c52c3de9-0ed1-4f2b-ba1d-f317ceeb0ceb:192.168.69.67:37615], old=null
2019-10-18 07:14:38,720 [c52c3de9-0ed1-4f2b-ba1d-f317ceeb0ceb@group-20BE3FF63202-LeaderElection176] INFO  impl.RaftServerImpl (RaftServerImpl.java:setRole(184)) - c52c3de9-0ed1-4f2b-ba1d-f317ceeb0ceb@group-20BE3FF63202: changes role from CANDIDATE to FOLLOWER at term 212 for DISCOVERED_A_NEW_TERM
2019-10-18 07:14:38,720 [c52c3de9-0ed1-4f2b-ba1d-f317ceeb0ceb@group-20BE3FF63202-LeaderElection176] INFO  impl.RoleInfo (RoleInfo.java:shutdownLeaderElection(134)) - c52c3de9-0ed1-4f2b-ba1d-f317ceeb0ceb: shutdown LeaderElection
2019-10-18 07:14:38,720 [c52c3de9-0ed1-4f2b-ba1d-f317ceeb0ceb@group-20BE3FF63202-LeaderElection176] INFO  impl.RoleInfo (RoleInfo.java:updateAndGet(143)) - c52c3de9-0ed1-4f2b-ba1d-f317ceeb0ceb: start FollowerState
2019-10-18 07:14:38,867 [Thread-1626] INFO  impl.FollowerState (FollowerState.java:run(108)) - c52c3de9-0ed1-4f2b-ba1d-f317ceeb0ceb@group-20BE3FF63202-FollowerState: change to CANDIDATE, lastRpcTime:146ms, electionTimeout:146ms
2019-10-18 07:14:38,867 [Thread-1626] INFO  impl.RoleInfo (RoleInfo.java:shutdownFollowerState(121)) - c52c3de9-0ed1-4f2b-ba1d-f317ceeb0ceb: shutdown FollowerState
2019-10-18 07:14:38,867 [Thread-1626] INFO  impl.RaftServerImpl (RaftServerImpl.java:setRole(184)) - c52c3de9-0ed1-4f2b-ba1d-f317ceeb0ceb@group-20BE3FF63202: changes role from  FOLLOWER to CANDIDATE at term 212 for changeToCandidate
2019-10-18 07:14:38,867 [Thread-1626] INFO  impl.RoleInfo (RoleInfo.java:updateAndGet(143)) - c52c3de9-0ed1-4f2b-ba1d-f317ceeb0ceb: start LeaderElection
2019-10-18 07:14:38,929 [c52c3de9-0ed1-4f2b-ba1d-f317ceeb0ceb@group-20BE3FF63202-LeaderElection177] INFO  impl.LeaderElection (LeaderElection.java:askForVotes(178)) - c52c3de9-0ed1-4f2b-ba1d-f317ceeb0ceb@group-20BE3FF63202-LeaderElection177: begin an election at term 213 for -1: [24274e9f-e41f-4654-9afc-a783ca44e44b:192.168.69.67:35902, 988115cd-21c9-4558-b198-f2cedd98ccf3:192.168.69.67:44208, c52c3de9-0ed1-4f2b-ba1d-f317ceeb0ceb:192.168.69.67:37615], old=null
2019-10-18 07:14:38,934 [grpc-default-executor-0] INFO  impl.RaftServerImpl (RaftServerImpl.java:setRole(184)) - 24274e9f-e41f-4654-9afc-a783ca44e44b@group-20BE3FF63202: changes role from  FOLLOWER to FOLLOWER at term 213 for recognizeCandidate:c52c3de9-0ed1-4f2b-ba1d-f317ceeb0ceb
2019-10-18 07:14:38,934 [grpc-default-executor-1] INFO  impl.RaftServerImpl (RaftServerImpl.java:setRole(184)) - 988115cd-21c9-4558-b198-f2cedd98ccf3@group-20BE3FF63202: changes role from  FOLLOWER to FOLLOWER at term 213 for recognizeCandidate:c52c3de9-0ed1-4f2b-ba1d-f317ceeb0ceb
2019-10-18 07:14:38,935 [grpc-default-executor-0] INFO  impl.RoleInfo (RoleInfo.java:shutdownFollowerState(121)) - 24274e9f-e41f-4654-9afc-a783ca44e44b: shutdown FollowerState
2019-10-18 07:14:38,935 [grpc-default-executor-1] INFO  impl.RoleInfo (RoleInfo.java:shutdownFollowerState(121)) - 988115cd-21c9-4558-b198-f2cedd98ccf3: shutdown FollowerState
2019-10-18 07:14:38,935 [Thread-1624] INFO  impl.FollowerState (FollowerState.java:run(117)) - 24274e9f-e41f-4654-9afc-a783ca44e44b@group-20BE3FF63202-FollowerState was interrupted: java.lang.InterruptedException: sleep interrupted
2019-10-18 07:14:38,935 [grpc-default-executor-0] INFO  impl.RoleInfo (RoleInfo.java:updateAndGet(143)) - 24274e9f-e41f-4654-9afc-a783ca44e44b: start FollowerState
2019-10-18 07:14:38,935 [Thread-1625] INFO  impl.FollowerState (FollowerState.java:run(117)) - 988115cd-21c9-4558-b198-f2cedd98ccf3@group-20BE3FF63202-FollowerState was interrupted: java.lang.InterruptedException: sleep interrupted
2019-10-18 07:14:38,935 [grpc-default-executor-1] INFO  impl.RoleInfo (RoleInfo.java:updateAndGet(143)) - 988115cd-21c9-4558-b198-f2cedd98ccf3: start FollowerState
2019-10-18 07:14:38,973 [c52c3de9-0ed1-4f2b-ba1d-f317ceeb0ceb@group-20BE3FF63202-LeaderElection177] INFO  impl.LeaderElection (LeaderElection.java:logAndReturn(56)) - c52c3de9-0ed1-4f2b-ba1d-f317ceeb0ceb@group-20BE3FF63202-LeaderElection177: Election REJECTED; received 2 response(s) [c52c3de9-0ed1-4f2b-ba1d-f317ceeb0ceb<-24274e9f-e41f-4654-9afc-a783ca44e44b#0:FAIL-t213, c52c3de9-0ed1-4f2b-ba1d-f317ceeb0ceb<-988115cd-21c9-4558-b198-f2cedd98ccf3#0:FAIL-t213] and 0 exception(s); c52c3de9-0ed1-4f2b-ba1d-f317ceeb0ceb@group-20BE3FF63202:t213, leader=null, voted=c52c3de9-0ed1-4f2b-ba1d-f317ceeb0ceb, raftlog=c52c3de9-0ed1-4f2b-ba1d-f317ceeb0ceb@group-20BE3FF63202-SegmentedRaftLog:OPENED:c-1,f-1,i0, conf=-1: [24274e9f-e41f-4654-9afc-a783ca44e44b:192.168.69.67:35902, 988115cd-21c9-4558-b198-f2cedd98ccf3:192.168.69.67:44208, c52c3de9-0ed1-4f2b-ba1d-f317ceeb0ceb:192.168.69.67:37615], old=null
2019-10-18 07:14:38,973 [c52c3de9-0ed1-4f2b-ba1d-f317ceeb0ceb@group-20BE3FF63202-LeaderElection177] INFO  impl.RaftServerImpl (RaftServerImpl.java:setRole(184)) - c52c3de9-0ed1-4f2b-ba1d-f317ceeb0ceb@group-20BE3FF63202: changes role from CANDIDATE to FOLLOWER at term 213 for DISCOVERED_A_NEW_TERM
2019-10-18 07:14:38,974 [c52c3de9-0ed1-4f2b-ba1d-f317ceeb0ceb@group-20BE3FF63202-LeaderElection177] INFO  impl.RoleInfo (RoleInfo.java:shutdownLeaderElection(134)) - c52c3de9-0ed1-4f2b-ba1d-f317ceeb0ceb: shutdown LeaderElection
2019-10-18 07:14:38,974 [c52c3de9-0ed1-4f2b-ba1d-f317ceeb0ceb@group-20BE3FF63202-LeaderElection177] INFO  impl.RoleInfo (RoleInfo.java:updateAndGet(143)) - c52c3de9-0ed1-4f2b-ba1d-f317ceeb0ceb: start FollowerState
2019-10-18 07:14:38,999 [Thread-1632] INFO  impl.FollowerState (FollowerState.java:run(108)) - c52c3de9-0ed1-4f2b-ba1d-f317ceeb0ceb@group-20BE3FF63202-FollowerState: change to CANDIDATE, lastRpcTime:25ms, electionTimeout:25ms
2019-10-18 07:14:38,999 [Thread-1632] INFO  impl.RoleInfo (RoleInfo.java:shutdownFollowerState(121)) - c52c3de9-0ed1-4f2b-ba1d-f317ceeb0ceb: shutdown FollowerState
2019-10-18 07:14:38,999 [Thread-1632] INFO  impl.RaftServerImpl (RaftServerImpl.java:setRole(184)) - c52c3de9-0ed1-4f2b-ba1d-f317ceeb0ceb@group-20BE3FF63202: changes role from  FOLLOWER to CANDIDATE at term 213 for changeToCandidate
2019-10-18 07:14:39,000 [Thread-1632] INFO  impl.RoleInfo (RoleInfo.java:updateAndGet(143)) - c52c3de9-0ed1-4f2b-ba1d-f317ceeb0ceb: start LeaderElection
2019-10-18 07:14:39,023 [c52c3de9-0ed1-4f2b-ba1d-f317ceeb0ceb@group-20BE3FF63202-LeaderElection178] INFO  impl.LeaderElection (LeaderElection.java:askForVotes(178)) - c52c3de9-0ed1-4f2b-ba1d-f317ceeb0ceb@group-20BE3FF63202-LeaderElection178: begin an election at term 214 for -1: [24274e9f-e41f-4654-9afc-a783ca44e44b:192.168.69.67:35902, 988115cd-21c9-4558-b198-f2cedd98ccf3:192.168.69.67:44208, c52c3de9-0ed1-4f2b-ba1d-f317ceeb0ceb:192.168.69.67:37615], old=null
2019-10-18 07:14:39,026 [grpc-default-executor-0] INFO  impl.RaftServerImpl (RaftServerImpl.java:setRole(184)) - 988115cd-21c9-4558-b198-f2cedd98ccf3@group-20BE3FF63202: changes role from  FOLLOWER to FOLLOWER at term 214 for recognizeCandidate:c52c3de9-0ed1-4f2b-ba1d-f317ceeb0ceb
2019-10-18 07:14:39,026 [grpc-default-executor-0] INFO  impl.RoleInfo (RoleInfo.java:shutdownFollowerState(121)) - 988115cd-21c9-4558-b198-f2cedd98ccf3: shutdown FollowerState
2019-10-18 07:14:39,027 [grpc-default-executor-1] INFO  impl.RaftServerImpl (RaftServerImpl.java:setRole(184)) - 24274e9f-e41f-4654-9afc-a783ca44e44b@group-20BE3FF63202: changes role from  FOLLOWER to FOLLOWER at term 214 for recognizeCandidate:c52c3de9-0ed1-4f2b-ba1d-f317ceeb0ceb
2019-10-18 07:14:39,027 [grpc-default-executor-1] INFO  impl.RoleInfo (RoleInfo.java:shutdownFollowerState(121)) - 24274e9f-e41f-4654-9afc-a783ca44e44b: shutdown FollowerState
2019-10-18 07:14:39,027 [Thread-1631] INFO  impl.FollowerState (FollowerState.java:run(117)) - 988115cd-21c9-4558-b198-f2cedd98ccf3@group-20BE3FF63202-FollowerState was interrupted: java.lang.InterruptedException: sleep interrupted
2019-10-18 07:14:39,027 [grpc-default-executor-0] INFO  impl.RoleInfo (RoleInfo.java:updateAndGet(143)) - 988115cd-21c9-4558-b198-f2cedd98ccf3: start FollowerState
2019-10-18 07:14:39,027 [Thread-1630] INFO  impl.FollowerState (FollowerState.java:run(117)) - 24274e9f-e41f-4654-9afc-a783ca44e44b@group-20BE3FF63202-FollowerState was interrupted: java.lang.InterruptedException: sleep interrupted
2019-10-18 07:14:39,027 [grpc-default-executor-1] INFO  impl.RoleInfo (RoleInfo.java:updateAndGet(143)) - 24274e9f-e41f-4654-9afc-a783ca44e44b: start FollowerState
2019-10-18 07:14:39,049 [c52c3de9-0ed1-4f2b-ba1d-f317ceeb0ceb@group-20BE3FF63202-LeaderElection178] INFO  impl.LeaderElection (LeaderElection.java:logAndReturn(56)) - c52c3de9-0ed1-4f2b-ba1d-f317ceeb0ceb@group-20BE3FF63202-LeaderElection178: Election REJECTED; received 2 response(s) [c52c3de9-0ed1-4f2b-ba1d-f317ceeb0ceb<-24274e9f-e41f-4654-9afc-a783ca44e44b#0:FAIL-t214, c52c3de9-0ed1-4f2b-ba1d-f317ceeb0ceb<-988115cd-21c9-4558-b198-f2cedd98ccf3#0:FAIL-t214] and 0 exception(s); c52c3de9-0ed1-4f2b-ba1d-f317ceeb0ceb@group-20BE3FF63202:t214, leader=null, voted=c52c3de9-0ed1-4f2b-ba1d-f317ceeb0ceb, raftlog=c52c3de9-0ed1-4f2b-ba1d-f317ceeb0ceb@group-20BE3FF63202-SegmentedRaftLog:OPENED:c-1,f-1,i0, conf=-1: [24274e9f-e41f-4654-9afc-a783ca44e44b:192.168.69.67:35902, 988115cd-21c9-4558-b198-f2cedd98ccf3:192.168.69.67:44208, c52c3de9-0ed1-4f2b-ba1d-f317ceeb0ceb:192.168.69.67:37615], old=null
2019-10-18 07:14:39,049 [c52c3de9-0ed1-4f2b-ba1d-f317ceeb0ceb@group-20BE3FF63202-LeaderElection178] INFO  impl.RaftServerImpl (RaftServerImpl.java:setRole(184)) - c52c3de9-0ed1-4f2b-ba1d-f317ceeb0ceb@group-20BE3FF63202: changes role from CANDIDATE to FOLLOWER at term 214 for DISCOVERED_A_NEW_TERM
2019-10-18 07:14:39,049 [c52c3de9-0ed1-4f2b-ba1d-f317ceeb0ceb@group-20BE3FF63202-LeaderElection178] INFO  impl.RoleInfo (RoleInfo.java:shutdownLeaderElection(134)) - c52c3de9-0ed1-4f2b-ba1d-f317ceeb0ceb: shutdown LeaderElection
2019-10-18 07:14:39,050 [c52c3de9-0ed1-4f2b-ba1d-f317ceeb0ceb@group-20BE3FF63202-LeaderElection178] INFO  impl.RoleInfo (RoleInfo.java:updateAndGet(143)) - c52c3de9-0ed1-4f2b-ba1d-f317ceeb0ceb: start FollowerState
2019-10-18 07:14:39,078 [Thread-1638] INFO  impl.FollowerState (FollowerState.java:run(108)) - c52c3de9-0ed1-4f2b-ba1d-f317ceeb0ceb@group-20BE3FF63202-FollowerState: change to CANDIDATE, lastRpcTime:28ms, electionTimeout:28ms
2019-10-18 07:14:39,078 [Thread-1638] INFO  impl.RoleInfo (RoleInfo.java:shutdownFollowerState(121)) - c52c3de9-0ed1-4f2b-ba1d-f317ceeb0ceb: shutdown FollowerState
2019-10-18 07:14:39,079 [Thread-1638] INFO  impl.RaftServerImpl (RaftServerImpl.java:setRole(184)) - c52c3de9-0ed1-4f2b-ba1d-f317ceeb0ceb@group-20BE3FF63202: changes role from  FOLLOWER to CANDIDATE at term 214 for changeToCandidate
2019-10-18 07:14:39,079 [Thread-1638] INFO  impl.RoleInfo (RoleInfo.java:updateAndGet(143)) - c52c3de9-0ed1-4f2b-ba1d-f317ceeb0ceb: start LeaderElection
2019-10-18 07:14:39,151 [c52c3de9-0ed1-4f2b-ba1d-f317ceeb0ceb@group-20BE3FF63202-LeaderElection179] INFO  impl.LeaderElection (LeaderElection.java:askForVotes(178)) - c52c3de9-0ed1-4f2b-ba1d-f317ceeb0ceb@group-20BE3FF63202-LeaderElection179: begin an election at term 215 for -1: [24274e9f-e41f-4654-9afc-a783ca44e44b:192.168.69.67:35902, 988115cd-21c9-4558-b198-f2cedd98ccf3:192.168.69.67:44208, c52c3de9-0ed1-4f2b-ba1d-f317ceeb0ceb:192.168.69.67:37615], old=null
2019-10-18 07:14:39,155 [grpc-default-executor-0] INFO  impl.RaftServerImpl (RaftServerImpl.java:setRole(184)) - 24274e9f-e41f-4654-9afc-a783ca44e44b@group-20BE3FF63202: changes role from  FOLLOWER to FOLLOWER at term 215 for recognizeCandidate:c52c3de9-0ed1-4f2b-ba1d-f317ceeb0ceb
2019-10-18 07:14:39,155 [grpc-default-executor-1] INFO  impl.RaftServerImpl (RaftServerImpl.java:setRole(184)) - 988115cd-21c9-4558-b198-f2cedd98ccf3@group-20BE3FF63202: changes role from  FOLLOWER to FOLLOWER at term 215 for recognizeCandidate:c52c3de9-0ed1-4f2b-ba1d-f317ceeb0ceb
2019-10-18 07:14:39,155 [grpc-default-executor-0] INFO  impl.RoleInfo (RoleInfo.java:shutdownFollowerState(121)) - 24274e9f-e41f-4654-9afc-a783ca44e44b: shutdown FollowerState
2019-10-18 07:14:39,155 [grpc-default-executor-1] INFO  impl.RoleInfo (RoleInfo.java:shutdownFollowerState(121)) - 988115cd-21c9-4558-b198-f2cedd98ccf3: shutdown FollowerState
2019-10-18 07:14:39,155 [Thread-1637] INFO  impl.FollowerState (FollowerState.java:run(117)) - 24274e9f-e41f-4654-9afc-a783ca44e44b@group-20BE3FF63202-FollowerState was interrupted: java.lang.InterruptedException: sleep interrupted
2019-10-18 07:14:39,155 [grpc-default-executor-0] INFO  impl.RoleInfo (RoleInfo.java:updateAndGet(143)) - 24274e9f-e41f-4654-9afc-a783ca44e44b: start FollowerState
2019-10-18 07:14:39,155 [Thread-1636] INFO  impl.FollowerState (FollowerState.java:run(117)) - 988115cd-21c9-4558-b198-f2cedd98ccf3@group-20BE3FF63202-FollowerState was interrupted: java.lang.InterruptedException: sleep interrupted
2019-10-18 07:14:39,155 [grpc-default-executor-1] INFO  impl.RoleInfo (RoleInfo.java:updateAndGet(143)) - 988115cd-21c9-4558-b198-f2cedd98ccf3: start FollowerState
2019-10-18 07:14:39,179 [c52c3de9-0ed1-4f2b-ba1d-f317ceeb0ceb@group-20BE3FF63202-LeaderElection179] INFO  impl.LeaderElection (LeaderElection.java:logAndReturn(56)) - c52c3de9-0ed1-4f2b-ba1d-f317ceeb0ceb@group-20BE3FF63202-LeaderElection179: Election REJECTED; received 2 response(s) [c52c3de9-0ed1-4f2b-ba1d-f317ceeb0ceb<-24274e9f-e41f-4654-9afc-a783ca44e44b#0:FAIL-t215, c52c3de9-0ed1-4f2b-ba1d-f317ceeb0ceb<-988115cd-21c9-4558-b198-f2cedd98ccf3#0:FAIL-t215] and 0 exception(s); c52c3de9-0ed1-4f2b-ba1d-f317ceeb0ceb@group-20BE3FF63202:t215, leader=null, voted=c52c3de9-0ed1-4f2b-ba1d-f317ceeb0ceb, raftlog=c52c3de9-0ed1-4f2b-ba1d-f317ceeb0ceb@group-20BE3FF63202-SegmentedRaftLog:OPENED:c-1,f-1,i0, conf=-1: [24274e9f-e41f-4654-9afc-a783ca44e44b:192.168.69.67:35902, 988115cd-21c9-4558-b198-f2cedd98ccf3:192.168.69.67:44208, c52c3de9-0ed1-4f2b-ba1d-f317ceeb0ceb:192.168.69.67:37615], old=null
2019-10-18 07:14:39,179 [c52c3de9-0ed1-4f2b-ba1d-f317ceeb0ceb@group-20BE3FF63202-LeaderElection179] INFO  impl.RaftServerImpl (RaftServerImpl.java:setRole(184)) - c52c3de9-0ed1-4f2b-ba1d-f317ceeb0ceb@group-20BE3FF63202: changes role from CANDIDATE to FOLLOWER at term 215 for DISCOVERED_A_NEW_TERM
2019-10-18 07:14:39,179 [c52c3de9-0ed1-4f2b-ba1d-f317ceeb0ceb@group-20BE3FF63202-LeaderElection179] INFO  impl.RoleInfo (RoleInfo.java:shutdownLeaderElection(134)) - c52c3de9-0ed1-4f2b-ba1d-f317ceeb0ceb: shutdown LeaderElection
2019-10-18 07:14:39,180 [c52c3de9-0ed1-4f2b-ba1d-f317ceeb0ceb@group-20BE3FF63202-LeaderElection179] INFO  impl.RoleInfo (RoleInfo.java:updateAndGet(143)) - c52c3de9-0ed1-4f2b-ba1d-f317ceeb0ceb: start FollowerState
2019-10-18 07:14:39,226 [Thread-1644] INFO  impl.FollowerState (FollowerState.java:run(108)) - c52c3de9-0ed1-4f2b-ba1d-f317ceeb0ceb@group-20BE3FF63202-FollowerState: change to CANDIDATE, lastRpcTime:46ms, electionTimeout:46ms
2019-10-18 07:14:39,226 [Thread-1644] INFO  impl.RoleInfo (RoleInfo.java:shutdownFollowerState(121)) - c52c3de9-0ed1-4f2b-ba1d-f317ceeb0ceb: shutdown FollowerState
2019-10-18 07:14:39,226 [Thread-1644] INFO  impl.RaftServerImpl (RaftServerImpl.java:setRole(184)) - c52c3de9-0ed1-4f2b-ba1d-f317ceeb0ceb@group-20BE3FF63202: changes role from  FOLLOWER to CANDIDATE at term 215 for changeToCandidate
2019-10-18 07:14:39,227 [Thread-1644] INFO  impl.RoleInfo (RoleInfo.java:updateAndGet(143)) - c52c3de9-0ed1-4f2b-ba1d-f317ceeb0ceb: start LeaderElection
2019-10-18 07:14:39,271 [c52c3de9-0ed1-4f2b-ba1d-f317ceeb0ceb@group-20BE3FF63202-LeaderElection180] INFO  impl.LeaderElection (LeaderElection.java:askForVotes(178)) - c52c3de9-0ed1-4f2b-ba1d-f317ceeb0ceb@group-20BE3FF63202-LeaderElection180: begin an election at term 216 for -1: [24274e9f-e41f-4654-9afc-a783ca44e44b:192.168.69.67:35902, 988115cd-21c9-4558-b198-f2cedd98ccf3:192.168.69.67:44208, c52c3de9-0ed1-4f2b-ba1d-f317ceeb0ceb:192.168.69.67:37615], old=null
2019-10-18 07:14:39,274 [grpc-default-executor-0] INFO  impl.RaftServerImpl (RaftServerImpl.java:setRole(184)) - 24274e9f-e41f-4654-9afc-a783ca44e44b@group-20BE3FF63202: changes role from  FOLLOWER to FOLLOWER at term 216 for recognizeCandidate:c52c3de9-0ed1-4f2b-ba1d-f317ceeb0ceb
2019-10-18 07:14:39,275 [grpc-default-executor-0] INFO  impl.RoleInfo (RoleInfo.java:shutdownFollowerState(121)) - 24274e9f-e41f-4654-9afc-a783ca44e44b: shutdown FollowerState
2019-10-18 07:14:39,274 [grpc-default-executor-1] INFO  impl.RaftServerImpl (RaftServerImpl.java:setRole(184)) - 988115cd-21c9-4558-b198-f2cedd98ccf3@group-20BE3FF63202: changes role from  FOLLOWER to FOLLOWER at term 216 for recognizeCandidate:c52c3de9-0ed1-4f2b-ba1d-f317ceeb0ceb
2019-10-18 07:14:39,275 [Thread-1642] INFO  impl.FollowerState (FollowerState.java:run(117)) - 24274e9f-e41f-4654-9afc-a783ca44e44b@group-20BE3FF63202-FollowerState was interrupted: java.lang.InterruptedException: sleep interrupted
2019-10-18 07:14:39,275 [grpc-default-executor-0] INFO  impl.RoleInfo (RoleInfo.java:updateAndGet(143)) - 24274e9f-e41f-4654-9afc-a783ca44e44b: start FollowerState
2019-10-18 07:14:39,275 [grpc-default-executor-1] INFO  impl.RoleInfo (RoleInfo.java:shutdownFollowerState(121)) - 988115cd-21c9-4558-b198-f2cedd98ccf3: shutdown FollowerState
2019-10-18 07:14:39,275 [Thread-1643] INFO  impl.FollowerState (FollowerState.java:run(117)) - 988115cd-21c9-4558-b198-f2cedd98ccf3@group-20BE3FF63202-FollowerState was interrupted: java.lang.InterruptedException: sleep interrupted
2019-10-18 07:14:39,275 [grpc-default-executor-1] INFO  impl.RoleInfo (RoleInfo.java:updateAndGet(143)) - 988115cd-21c9-4558-b198-f2cedd98ccf3: start FollowerState
2019-10-18 07:14:39,310 [c52c3de9-0ed1-4f2b-ba1d-f317ceeb0ceb@group-20BE3FF63202-LeaderElection180] INFO  impl.LeaderElection (LeaderElection.java:logAndReturn(56)) - c52c3de9-0ed1-4f2b-ba1d-f317ceeb0ceb@group-20BE3FF63202-LeaderElection180: Election TIMEOUT; received 0 response(s) [] and 0 exception(s); c52c3de9-0ed1-4f2b-ba1d-f317ceeb0ceb@group-20BE3FF63202:t216, leader=null, voted=c52c3de9-0ed1-4f2b-ba1d-f317ceeb0ceb, raftlog=c52c3de9-0ed1-4f2b-ba1d-f317ceeb0ceb@group-20BE3FF63202-SegmentedRaftLog:OPENED:c-1,f-1,i0, conf=-1: [24274e9f-e41f-4654-9afc-a783ca44e44b:192.168.69.67:35902, 988115cd-21c9-4558-b198-f2cedd98ccf3:192.168.69.67:44208, c52c3de9-0ed1-4f2b-ba1d-f317ceeb0ceb:192.168.69.67:37615], old=null
2019-10-18 07:14:39,317 [c52c3de9-0ed1-4f2b-ba1d-f317ceeb0ceb@group-20BE3FF63202-LeaderElection180] INFO  impl.LeaderElection (LeaderElection.java:askForVotes(178)) - c52c3de9-0ed1-4f2b-ba1d-f317ceeb0ceb@group-20BE3FF63202-LeaderElection180: begin an election at term 217 for -1: [24274e9f-e41f-4654-9afc-a783ca44e44b:192.168.69.67:35902, 988115cd-21c9-4558-b198-f2cedd98ccf3:192.168.69.67:44208, c52c3de9-0ed1-4f2b-ba1d-f317ceeb0ceb:192.168.69.67:37615], old=null
2019-10-18 07:14:39,320 [grpc-default-executor-1] INFO  impl.RaftServerImpl (RaftServerImpl.java:setRole(184)) - 24274e9f-e41f-4654-9afc-a783ca44e44b@group-20BE3FF63202: changes role from  FOLLOWER to FOLLOWER at term 217 for recognizeCandidate:c52c3de9-0ed1-4f2b-ba1d-f317ceeb0ceb
2019-10-18 07:14:39,320 [grpc-default-executor-0] INFO  impl.RaftServerImpl (RaftServerImpl.java:setRole(184)) - 988115cd-21c9-4558-b198-f2cedd98ccf3@group-20BE3FF63202: changes role from  FOLLOWER to FOLLOWER at term 217 for recognizeCandidate:c52c3de9-0ed1-4f2b-ba1d-f317ceeb0ceb
2019-10-18 07:14:39,320 [grpc-default-executor-1] INFO  impl.RoleInfo (RoleInfo.java:shutdownFollowerState(121)) - 24274e9f-e41f-4654-9afc-a783ca44e44b: shutdown FollowerState
2019-10-18 07:14:39,320 [grpc-default-executor-0] INFO  impl.RoleInfo (RoleInfo.java:shutdownFollowerState(121)) - 988115cd-21c9-4558-b198-f2cedd98ccf3: shutdown FollowerState
2019-10-18 07:14:39,320 [Thread-1648] INFO  impl.FollowerState (FollowerState.java:run(117)) - 24274e9f-e41f-4654-9afc-a783ca44e44b@group-20BE3FF63202-FollowerState was interrupted: java.lang.InterruptedException: sleep interrupted
2019-10-18 07:14:39,320 [grpc-default-executor-1] INFO  impl.RoleInfo (RoleInfo.java:updateAndGet(143)) - 24274e9f-e41f-4654-9afc-a783ca44e44b: start FollowerState
2019-10-18 07:14:39,321 [Thread-1649] INFO  impl.FollowerState (FollowerState.java:run(117)) - 988115cd-21c9-4558-b198-f2cedd98ccf3@group-20BE3FF63202-FollowerState was interrupted: java.lang.InterruptedException: sleep interrupted
2019-10-18 07:14:39,320 [grpc-default-executor-0] INFO  impl.RoleInfo (RoleInfo.java:updateAndGet(143)) - 988115cd-21c9-4558-b198-f2cedd98ccf3: start FollowerState
2019-10-18 07:14:39,330 [c52c3de9-0ed1-4f2b-ba1d-f317ceeb0ceb@group-20BE3FF63202-LeaderElection180] INFO  impl.LeaderElection (LeaderElection.java:logAndReturn(56)) - c52c3de9-0ed1-4f2b-ba1d-f317ceeb0ceb@group-20BE3FF63202-LeaderElection180: Election REJECTED; received 2 response(s) [c52c3de9-0ed1-4f2b-ba1d-f317ceeb0ceb<-24274e9f-e41f-4654-9afc-a783ca44e44b#0:FAIL-t217, c52c3de9-0ed1-4f2b-ba1d-f317ceeb0ceb<-988115cd-21c9-4558-b198-f2cedd98ccf3#0:FAIL-t217] and 0 exception(s); c52c3de9-0ed1-4f2b-ba1d-f317ceeb0ceb@group-20BE3FF63202:t217, leader=null, voted=c52c3de9-0ed1-4f2b-ba1d-f317ceeb0ceb, raftlog=c52c3de9-0ed1-4f2b-ba1d-f317ceeb0ceb@group-20BE3FF63202-SegmentedRaftLog:OPENED:c-1,f-1,i0, conf=-1: [24274e9f-e41f-4654-9afc-a783ca44e44b:192.168.69.67:35902, 988115cd-21c9-4558-b198-f2cedd98ccf3:192.168.69.67:44208, c52c3de9-0ed1-4f2b-ba1d-f317ceeb0ceb:192.168.69.67:37615], old=null
2019-10-18 07:14:39,330 [c52c3de9-0ed1-4f2b-ba1d-f317ceeb0ceb@group-20BE3FF63202-LeaderElection180] INFO  impl.RaftServerImpl (RaftServerImpl.java:setRole(184)) - c52c3de9-0ed1-4f2b-ba1d-f317ceeb0ceb@group-20BE3FF63202: changes role from CANDIDATE to FOLLOWER at term 217 for DISCOVERED_A_NEW_TERM
2019-10-18 07:14:39,330 [c52c3de9-0ed1-4f2b-ba1d-f317ceeb0ceb@group-20BE3FF63202-LeaderElection180] INFO  impl.RoleInfo (RoleInfo.java:shutdownLeaderElection(134)) - c52c3de9-0ed1-4f2b-ba1d-f317ceeb0ceb: shutdown LeaderElection
2019-10-18 07:14:39,331 [c52c3de9-0ed1-4f2b-ba1d-f317ceeb0ceb@group-20BE3FF63202-LeaderElection180] INFO  impl.RoleInfo (RoleInfo.java:updateAndGet(143)) - c52c3de9-0ed1-4f2b-ba1d-f317ceeb0ceb: start FollowerState
2019-10-18 07:14:39,472 [Thread-1654] INFO  impl.FollowerState (FollowerState.java:run(108)) - c52c3de9-0ed1-4f2b-ba1d-f317ceeb0ceb@group-20BE3FF63202-FollowerState: change to CANDIDATE, lastRpcTime:141ms, electionTimeout:141ms
2019-10-18 07:14:39,472 [Thread-1654] INFO  impl.RoleInfo (RoleInfo.java:shutdownFollowerState(121)) - c52c3de9-0ed1-4f2b-ba1d-f317ceeb0ceb: shutdown FollowerState
2019-10-18 07:14:39,472 [Thread-1654] INFO  impl.RaftServerImpl (RaftServerImpl.java:setRole(184)) - c52c3de9-0ed1-4f2b-ba1d-f317ceeb0ceb@group-20BE3FF63202: changes role from  FOLLOWER to CANDIDATE at term 217 for changeToCandidate
2019-10-18 07:14:39,473 [Thread-1654] INFO  impl.RoleInfo (RoleInfo.java:updateAndGet(143)) - c52c3de9-0ed1-4f2b-ba1d-f317ceeb0ceb: start LeaderElection
2019-10-18 07:14:39,480 [main] INFO  ozone.MiniOzoneClusterImpl (MiniOzoneClusterImpl.java:lambda$waitForClusterToBeReady$2(164)) - Waiting for 1 number of pipelines out of 9, to report a leader.
2019-10-18 07:14:39,536 [c52c3de9-0ed1-4f2b-ba1d-f317ceeb0ceb@group-20BE3FF63202-LeaderElection181] INFO  impl.LeaderElection (LeaderElection.java:askForVotes(178)) - c52c3de9-0ed1-4f2b-ba1d-f317ceeb0ceb@group-20BE3FF63202-LeaderElection181: begin an election at term 218 for -1: [24274e9f-e41f-4654-9afc-a783ca44e44b:192.168.69.67:35902, 988115cd-21c9-4558-b198-f2cedd98ccf3:192.168.69.67:44208, c52c3de9-0ed1-4f2b-ba1d-f317ceeb0ceb:192.168.69.67:37615], old=null
2019-10-18 07:14:39,539 [grpc-default-executor-1] INFO  impl.RaftServerImpl (RaftServerImpl.java:setRole(184)) - 24274e9f-e41f-4654-9afc-a783ca44e44b@group-20BE3FF63202: changes role from  FOLLOWER to FOLLOWER at term 218 for recognizeCandidate:c52c3de9-0ed1-4f2b-ba1d-f317ceeb0ceb
2019-10-18 07:14:39,539 [grpc-default-executor-1] INFO  impl.RoleInfo (RoleInfo.java:shutdownFollowerState(121)) - 24274e9f-e41f-4654-9afc-a783ca44e44b: shutdown FollowerState
2019-10-18 07:14:39,539 [grpc-default-executor-0] INFO  impl.RaftServerImpl (RaftServerImpl.java:setRole(184)) - 988115cd-21c9-4558-b198-f2cedd98ccf3@group-20BE3FF63202: changes role from  FOLLOWER to FOLLOWER at term 218 for recognizeCandidate:c52c3de9-0ed1-4f2b-ba1d-f317ceeb0ceb
2019-10-18 07:14:39,539 [Thread-1652] INFO  impl.FollowerState (FollowerState.java:run(117)) - 24274e9f-e41f-4654-9afc-a783ca44e44b@group-20BE3FF63202-FollowerState was interrupted: java.lang.InterruptedException: sleep interrupted
2019-10-18 07:14:39,539 [grpc-default-executor-0] INFO  impl.RoleInfo (RoleInfo.java:shutdownFollowerState(121)) - 988115cd-21c9-4558-b198-f2cedd98ccf3: shutdown FollowerState
2019-10-18 07:14:39,539 [grpc-default-executor-1] INFO  impl.RoleInfo (RoleInfo.java:updateAndGet(143)) - 24274e9f-e41f-4654-9afc-a783ca44e44b: start FollowerState
2019-10-18 07:14:39,540 [Thread-1653] INFO  impl.FollowerState (FollowerState.java:run(117)) - 988115cd-21c9-4558-b198-f2cedd98ccf3@group-20BE3FF63202-FollowerState was interrupted: java.lang.InterruptedException: sleep interrupted
2019-10-18 07:14:39,540 [grpc-default-executor-0] INFO  impl.RoleInfo (RoleInfo.java:updateAndGet(143)) - 988115cd-21c9-4558-b198-f2cedd98ccf3: start FollowerState
2019-10-18 07:14:39,581 [c52c3de9-0ed1-4f2b-ba1d-f317ceeb0ceb@group-20BE3FF63202-LeaderElection181] INFO  impl.LeaderElection (LeaderElection.java:logAndReturn(56)) - c52c3de9-0ed1-4f2b-ba1d-f317ceeb0ceb@group-20BE3FF63202-LeaderElection181: Election REJECTED; received 2 response(s) [c52c3de9-0ed1-4f2b-ba1d-f317ceeb0ceb<-24274e9f-e41f-4654-9afc-a783ca44e44b#0:FAIL-t218, c52c3de9-0ed1-4f2b-ba1d-f317ceeb0ceb<-988115cd-21c9-4558-b198-f2cedd98ccf3#0:FAIL-t218] and 0 exception(s); c52c3de9-0ed1-4f2b-ba1d-f317ceeb0ceb@group-20BE3FF63202:t218, leader=null, voted=c52c3de9-0ed1-4f2b-ba1d-f317ceeb0ceb, raftlog=c52c3de9-0ed1-4f2b-ba1d-f317ceeb0ceb@group-20BE3FF63202-SegmentedRaftLog:OPENED:c-1,f-1,i0, conf=-1: [24274e9f-e41f-4654-9afc-a783ca44e44b:192.168.69.67:35902, 988115cd-21c9-4558-b198-f2cedd98ccf3:192.168.69.67:44208, c52c3de9-0ed1-4f2b-ba1d-f317ceeb0ceb:192.168.69.67:37615], old=null
2019-10-18 07:14:39,581 [c52c3de9-0ed1-4f2b-ba1d-f317ceeb0ceb@group-20BE3FF63202-LeaderElection181] INFO  impl.RaftServerImpl (RaftServerImpl.java:setRole(184)) - c52c3de9-0ed1-4f2b-ba1d-f317ceeb0ceb@group-20BE3FF63202: changes role from CANDIDATE to FOLLOWER at term 218 for DISCOVERED_A_NEW_TERM
2019-10-18 07:14:39,582 [c52c3de9-0ed1-4f2b-ba1d-f317ceeb0ceb@group-20BE3FF63202-LeaderElection181] INFO  impl.RoleInfo (RoleInfo.java:shutdownLeaderElection(134)) - c52c3de9-0ed1-4f2b-ba1d-f317ceeb0ceb: shutdown LeaderElection
2019-10-18 07:14:39,582 [c52c3de9-0ed1-4f2b-ba1d-f317ceeb0ceb@group-20BE3FF63202-LeaderElection181] INFO  impl.RoleInfo (RoleInfo.java:updateAndGet(143)) - c52c3de9-0ed1-4f2b-ba1d-f317ceeb0ceb: start FollowerState
2019-10-18 07:14:39,613 [Thread-1660] INFO  impl.FollowerState (FollowerState.java:run(108)) - c52c3de9-0ed1-4f2b-ba1d-f317ceeb0ceb@group-20BE3FF63202-FollowerState: change to CANDIDATE, lastRpcTime:31ms, electionTimeout:31ms
2019-10-18 07:14:39,614 [Thread-1660] INFO  impl.RoleInfo (RoleInfo.java:shutdownFollowerState(121)) - c52c3de9-0ed1-4f2b-ba1d-f317ceeb0ceb: shutdown FollowerState
2019-10-18 07:14:39,614 [Thread-1660] INFO  impl.RaftServerImpl (RaftServerImpl.java:setRole(184)) - c52c3de9-0ed1-4f2b-ba1d-f317ceeb0ceb@group-20BE3FF63202: changes role from  FOLLOWER to CANDIDATE at term 218 for changeToCandidate
2019-10-18 07:14:39,614 [Thread-1660] INFO  impl.RoleInfo (RoleInfo.java:updateAndGet(143)) - c52c3de9-0ed1-4f2b-ba1d-f317ceeb0ceb: start LeaderElection
2019-10-18 07:14:39,674 [c52c3de9-0ed1-4f2b-ba1d-f317ceeb0ceb@group-20BE3FF63202-LeaderElection182] INFO  impl.LeaderElection (LeaderElection.java:askForVotes(178)) - c52c3de9-0ed1-4f2b-ba1d-f317ceeb0ceb@group-20BE3FF63202-LeaderElection182: begin an election at term 219 for -1: [24274e9f-e41f-4654-9afc-a783ca44e44b:192.168.69.67:35902, 988115cd-21c9-4558-b198-f2cedd98ccf3:192.168.69.67:44208, c52c3de9-0ed1-4f2b-ba1d-f317ceeb0ceb:192.168.69.67:37615], old=null
2019-10-18 07:14:39,677 [grpc-default-executor-1] INFO  impl.RaftServerImpl (RaftServerImpl.java:setRole(184)) - 24274e9f-e41f-4654-9afc-a783ca44e44b@group-20BE3FF63202: changes role from  FOLLOWER to FOLLOWER at term 219 for recognizeCandidate:c52c3de9-0ed1-4f2b-ba1d-f317ceeb0ceb
2019-10-18 07:14:39,678 [grpc-default-executor-1] INFO  impl.RoleInfo (RoleInfo.java:shutdownFollowerState(121)) - 24274e9f-e41f-4654-9afc-a783ca44e44b: shutdown FollowerState
2019-10-18 07:14:39,678 [grpc-default-executor-0] INFO  impl.RaftServerImpl (RaftServerImpl.java:setRole(184)) - 988115cd-21c9-4558-b198-f2cedd98ccf3@group-20BE3FF63202: changes role from  FOLLOWER to FOLLOWER at term 219 for recognizeCandidate:c52c3de9-0ed1-4f2b-ba1d-f317ceeb0ceb
2019-10-18 07:14:39,678 [Thread-1658] INFO  impl.FollowerState (FollowerState.java:run(117)) - 24274e9f-e41f-4654-9afc-a783ca44e44b@group-20BE3FF63202-FollowerState was interrupted: java.lang.InterruptedException: sleep interrupted
2019-10-18 07:14:39,678 [grpc-default-executor-1] INFO  impl.RoleInfo (RoleInfo.java:updateAndGet(143)) - 24274e9f-e41f-4654-9afc-a783ca44e44b: start FollowerState
2019-10-18 07:14:39,678 [grpc-default-executor-0] INFO  impl.RoleInfo (RoleInfo.java:shutdownFollowerState(121)) - 988115cd-21c9-4558-b198-f2cedd98ccf3: shutdown FollowerState
2019-10-18 07:14:39,679 [Thread-1659] INFO  impl.FollowerState (FollowerState.java:run(117)) - 988115cd-21c9-4558-b198-f2cedd98ccf3@group-20BE3FF63202-FollowerState was interrupted: java.lang.InterruptedException: sleep interrupted
2019-10-18 07:14:39,679 [grpc-default-executor-0] INFO  impl.RoleInfo (RoleInfo.java:updateAndGet(143)) - 988115cd-21c9-4558-b198-f2cedd98ccf3: start FollowerState
2019-10-18 07:14:39,821 [c52c3de9-0ed1-4f2b-ba1d-f317ceeb0ceb@group-20BE3FF63202-LeaderElection182] INFO  impl.LeaderElection (LeaderElection.java:logAndReturn(56)) - c52c3de9-0ed1-4f2b-ba1d-f317ceeb0ceb@group-20BE3FF63202-LeaderElection182: Election TIMEOUT; received 0 response(s) [] and 0 exception(s); c52c3de9-0ed1-4f2b-ba1d-f317ceeb0ceb@group-20BE3FF63202:t219, leader=null, voted=c52c3de9-0ed1-4f2b-ba1d-f317ceeb0ceb, raftlog=c52c3de9-0ed1-4f2b-ba1d-f317ceeb0ceb@group-20BE3FF63202-SegmentedRaftLog:OPENED:c-1,f-1,i0, conf=-1: [24274e9f-e41f-4654-9afc-a783ca44e44b:192.168.69.67:35902, 988115cd-21c9-4558-b198-f2cedd98ccf3:192.168.69.67:44208, c52c3de9-0ed1-4f2b-ba1d-f317ceeb0ceb:192.168.69.67:37615], old=null
2019-10-18 07:14:40,480 [main] INFO  ozone.MiniOzoneClusterImpl (MiniOzoneClusterImpl.java:lambda$waitForClusterToBeReady$2(164)) - Waiting for 1 number of pipelines out of 9, to report a leader.
2019-10-18 07:14:41,481 [main] INFO  ozone.MiniOzoneClusterImpl (MiniOzoneClusterImpl.java:lambda$waitForClusterToBeReady$2(164)) - Waiting for 1 number of pipelines out of 9, to report a leader.
2019-10-18 07:14:42,481 [main] INFO  ozone.MiniOzoneClusterImpl (MiniOzoneClusterImpl.java:lambda$waitForClusterToBeReady$2(164)) - Waiting for 1 number of pipelines out of 9, to report a leader.
2019-10-18 07:14:42,837 [c52c3de9-0ed1-4f2b-ba1d-f317ceeb0ceb@group-20BE3FF63202-LeaderElection182] INFO  impl.LeaderElection (LeaderElection.java:askForVotes(178)) - c52c3de9-0ed1-4f2b-ba1d-f317ceeb0ceb@group-20BE3FF63202-LeaderElection182: begin an election at term 220 for -1: [24274e9f-e41f-4654-9afc-a783ca44e44b:192.168.69.67:35902, 988115cd-21c9-4558-b198-f2cedd98ccf3:192.168.69.67:44208, c52c3de9-0ed1-4f2b-ba1d-f317ceeb0ceb:192.168.69.67:37615], old=null
2019-10-18 07:14:42,840 [grpc-default-executor-1] INFO  impl.RaftServerImpl (RaftServerImpl.java:setRole(184)) - 24274e9f-e41f-4654-9afc-a783ca44e44b@group-20BE3FF63202: changes role from  FOLLOWER to FOLLOWER at term 220 for recognizeCandidate:c52c3de9-0ed1-4f2b-ba1d-f317ceeb0ceb
2019-10-18 07:14:42,840 [grpc-default-executor-0] INFO  impl.RaftServerImpl (RaftServerImpl.java:setRole(184)) - 988115cd-21c9-4558-b198-f2cedd98ccf3@group-20BE3FF63202: changes role from  FOLLOWER to FOLLOWER at term 220 for recognizeCandidate:c52c3de9-0ed1-4f2b-ba1d-f317ceeb0ceb
2019-10-18 07:14:42,840 [grpc-default-executor-1] INFO  impl.RoleInfo (RoleInfo.java:shutdownFollowerState(121)) - 24274e9f-e41f-4654-9afc-a783ca44e44b: shutdown FollowerState
2019-10-18 07:14:42,841 [grpc-default-executor-0] INFO  impl.RoleInfo (RoleInfo.java:shutdownFollowerState(121)) - 988115cd-21c9-4558-b198-f2cedd98ccf3: shutdown FollowerState
2019-10-18 07:14:42,841 [grpc-default-executor-1] INFO  impl.RoleInfo (RoleInfo.java:updateAndGet(143)) - 24274e9f-e41f-4654-9afc-a783ca44e44b: start FollowerState
2019-10-18 07:14:42,841 [Thread-1665] INFO  impl.FollowerState (FollowerState.java:run(117)) - 988115cd-21c9-4558-b198-f2cedd98ccf3@group-20BE3FF63202-FollowerState was interrupted: java.lang.InterruptedException: sleep interrupted
2019-10-18 07:14:42,841 [Thread-1664] INFO  impl.FollowerState (FollowerState.java:run(117)) - 24274e9f-e41f-4654-9afc-a783ca44e44b@group-20BE3FF63202-FollowerState was interrupted: java.lang.InterruptedException: sleep interrupted
2019-10-18 07:14:42,841 [grpc-default-executor-0] INFO  impl.RoleInfo (RoleInfo.java:updateAndGet(143)) - 988115cd-21c9-4558-b198-f2cedd98ccf3: start FollowerState
2019-10-18 07:14:43,019 [c52c3de9-0ed1-4f2b-ba1d-f317ceeb0ceb@group-20BE3FF63202-LeaderElection182] INFO  impl.LeaderElection (LeaderElection.java:logAndReturn(56)) - c52c3de9-0ed1-4f2b-ba1d-f317ceeb0ceb@group-20BE3FF63202-LeaderElection182: Election TIMEOUT; received 0 response(s) [] and 0 exception(s); c52c3de9-0ed1-4f2b-ba1d-f317ceeb0ceb@group-20BE3FF63202:t220, leader=null, voted=c52c3de9-0ed1-4f2b-ba1d-f317ceeb0ceb, raftlog=c52c3de9-0ed1-4f2b-ba1d-f317ceeb0ceb@group-20BE3FF63202-SegmentedRaftLog:OPENED:c-1,f-1,i0, conf=-1: [24274e9f-e41f-4654-9afc-a783ca44e44b:192.168.69.67:35902, 988115cd-21c9-4558-b198-f2cedd98ccf3:192.168.69.67:44208, c52c3de9-0ed1-4f2b-ba1d-f317ceeb0ceb:192.168.69.67:37615], old=null
2019-10-18 07:14:43,148 [c52c3de9-0ed1-4f2b-ba1d-f317ceeb0ceb@group-20BE3FF63202-LeaderElection182] INFO  impl.LeaderElection (LeaderElection.java:askForVotes(178)) - c52c3de9-0ed1-4f2b-ba1d-f317ceeb0ceb@group-20BE3FF63202-LeaderElection182: begin an election at term 221 for -1: [24274e9f-e41f-4654-9afc-a783ca44e44b:192.168.69.67:35902, 988115cd-21c9-4558-b198-f2cedd98ccf3:192.168.69.67:44208, c52c3de9-0ed1-4f2b-ba1d-f317ceeb0ceb:192.168.69.67:37615], old=null
2019-10-18 07:14:43,151 [grpc-default-executor-0] INFO  impl.RaftServerImpl (RaftServerImpl.java:setRole(184)) - 24274e9f-e41f-4654-9afc-a783ca44e44b@group-20BE3FF63202: changes role from  FOLLOWER to FOLLOWER at term 221 for recognizeCandidate:c52c3de9-0ed1-4f2b-ba1d-f317ceeb0ceb
2019-10-18 07:14:43,151 [grpc-default-executor-0] INFO  impl.RoleInfo (RoleInfo.java:shutdownFollowerState(121)) - 24274e9f-e41f-4654-9afc-a783ca44e44b: shutdown FollowerState
2019-10-18 07:14:43,152 [grpc-default-executor-0] INFO  impl.RoleInfo (RoleInfo.java:updateAndGet(143)) - 24274e9f-e41f-4654-9afc-a783ca44e44b: start FollowerState
2019-10-18 07:14:43,152 [grpc-default-executor-1] INFO  impl.RaftServerImpl (RaftServerImpl.java:setRole(184)) - 988115cd-21c9-4558-b198-f2cedd98ccf3@group-20BE3FF63202: changes role from  FOLLOWER to FOLLOWER at term 221 for recognizeCandidate:c52c3de9-0ed1-4f2b-ba1d-f317ceeb0ceb
2019-10-18 07:14:43,152 [Thread-1672] INFO  impl.FollowerState (FollowerState.java:run(117)) - 24274e9f-e41f-4654-9afc-a783ca44e44b@group-20BE3FF63202-FollowerState was interrupted: java.lang.InterruptedException: sleep interrupted
2019-10-18 07:14:43,152 [grpc-default-executor-1] INFO  impl.RoleInfo (RoleInfo.java:shutdownFollowerState(121)) - 988115cd-21c9-4558-b198-f2cedd98ccf3: shutdown FollowerState
2019-10-18 07:14:43,152 [grpc-default-executor-1] INFO  impl.RoleInfo (RoleInfo.java:updateAndGet(143)) - 988115cd-21c9-4558-b198-f2cedd98ccf3: start FollowerState
2019-10-18 07:14:43,152 [Thread-1673] INFO  impl.FollowerState (FollowerState.java:run(117)) - 988115cd-21c9-4558-b198-f2cedd98ccf3@group-20BE3FF63202-FollowerState was interrupted: java.lang.InterruptedException: sleep interrupted
2019-10-18 07:14:43,190 [c52c3de9-0ed1-4f2b-ba1d-f317ceeb0ceb@group-20BE3FF63202-LeaderElection182] INFO  impl.LeaderElection (LeaderElection.java:logAndReturn(56)) - c52c3de9-0ed1-4f2b-ba1d-f317ceeb0ceb@group-20BE3FF63202-LeaderElection182: Election REJECTED; received 2 response(s) [c52c3de9-0ed1-4f2b-ba1d-f317ceeb0ceb<-24274e9f-e41f-4654-9afc-a783ca44e44b#0:FAIL-t221, c52c3de9-0ed1-4f2b-ba1d-f317ceeb0ceb<-988115cd-21c9-4558-b198-f2cedd98ccf3#0:FAIL-t221] and 0 exception(s); c52c3de9-0ed1-4f2b-ba1d-f317ceeb0ceb@group-20BE3FF63202:t221, leader=null, voted=c52c3de9-0ed1-4f2b-ba1d-f317ceeb0ceb, raftlog=c52c3de9-0ed1-4f2b-ba1d-f317ceeb0ceb@group-20BE3FF63202-SegmentedRaftLog:OPENED:c-1,f-1,i0, conf=-1: [24274e9f-e41f-4654-9afc-a783ca44e44b:192.168.69.67:35902, 988115cd-21c9-4558-b198-f2cedd98ccf3:192.168.69.67:44208, c52c3de9-0ed1-4f2b-ba1d-f317ceeb0ceb:192.168.69.67:37615], old=null
2019-10-18 07:14:43,190 [c52c3de9-0ed1-4f2b-ba1d-f317ceeb0ceb@group-20BE3FF63202-LeaderElection182] INFO  impl.RaftServerImpl (RaftServerImpl.java:setRole(184)) - c52c3de9-0ed1-4f2b-ba1d-f317ceeb0ceb@group-20BE3FF63202: changes role from CANDIDATE to FOLLOWER at term 221 for DISCOVERED_A_NEW_TERM
2019-10-18 07:14:43,190 [c52c3de9-0ed1-4f2b-ba1d-f317ceeb0ceb@group-20BE3FF63202-LeaderElection182] INFO  impl.RoleInfo (RoleInfo.java:shutdownLeaderElection(134)) - c52c3de9-0ed1-4f2b-ba1d-f317ceeb0ceb: shutdown LeaderElection
2019-10-18 07:14:43,190 [c52c3de9-0ed1-4f2b-ba1d-f317ceeb0ceb@group-20BE3FF63202-LeaderElection182] INFO  impl.RoleInfo (RoleInfo.java:updateAndGet(143)) - c52c3de9-0ed1-4f2b-ba1d-f317ceeb0ceb: start FollowerState
2019-10-18 07:14:43,359 [Thread-1678] INFO  impl.FollowerState (FollowerState.java:run(108)) - c52c3de9-0ed1-4f2b-ba1d-f317ceeb0ceb@group-20BE3FF63202-FollowerState: change to CANDIDATE, lastRpcTime:168ms, electionTimeout:168ms
2019-10-18 07:14:43,359 [Thread-1678] INFO  impl.RoleInfo (RoleInfo.java:shutdownFollowerState(121)) - c52c3de9-0ed1-4f2b-ba1d-f317ceeb0ceb: shutdown FollowerState
2019-10-18 07:14:43,359 [Thread-1678] INFO  impl.RaftServerImpl (RaftServerImpl.java:setRole(184)) - c52c3de9-0ed1-4f2b-ba1d-f317ceeb0ceb@group-20BE3FF63202: changes role from  FOLLOWER to CANDIDATE at term 221 for changeToCandidate
2019-10-18 07:14:43,359 [Thread-1678] INFO  impl.RoleInfo (RoleInfo.java:updateAndGet(143)) - c52c3de9-0ed1-4f2b-ba1d-f317ceeb0ceb: start LeaderElection
2019-10-18 07:14:43,482 [main] INFO  ozone.MiniOzoneClusterImpl (MiniOzoneClusterImpl.java:lambda$waitForClusterToBeReady$2(164)) - Waiting for 1 number of pipelines out of 9, to report a leader.
2019-10-18 07:14:43,483 [c52c3de9-0ed1-4f2b-ba1d-f317ceeb0ceb@group-20BE3FF63202-LeaderElection183] INFO  impl.LeaderElection (LeaderElection.java:askForVotes(178)) - c52c3de9-0ed1-4f2b-ba1d-f317ceeb0ceb@group-20BE3FF63202-LeaderElection183: begin an election at term 222 for -1: [24274e9f-e41f-4654-9afc-a783ca44e44b:192.168.69.67:35902, 988115cd-21c9-4558-b198-f2cedd98ccf3:192.168.69.67:44208, c52c3de9-0ed1-4f2b-ba1d-f317ceeb0ceb:192.168.69.67:37615], old=null
2019-10-18 07:14:43,764 [c52c3de9-0ed1-4f2b-ba1d-f317ceeb0ceb@group-20BE3FF63202-LeaderElection183] INFO  impl.LeaderElection (LeaderElection.java:logAndReturn(56)) - c52c3de9-0ed1-4f2b-ba1d-f317ceeb0ceb@group-20BE3FF63202-LeaderElection183: Election TIMEOUT; received 0 response(s) [] and 0 exception(s); c52c3de9-0ed1-4f2b-ba1d-f317ceeb0ceb@group-20BE3FF63202:t222, leader=null, voted=c52c3de9-0ed1-4f2b-ba1d-f317ceeb0ceb, raftlog=c52c3de9-0ed1-4f2b-ba1d-f317ceeb0ceb@group-20BE3FF63202-SegmentedRaftLog:OPENED:c-1,f-1,i0, conf=-1: [24274e9f-e41f-4654-9afc-a783ca44e44b:192.168.69.67:35902, 988115cd-21c9-4558-b198-f2cedd98ccf3:192.168.69.67:44208, c52c3de9-0ed1-4f2b-ba1d-f317ceeb0ceb:192.168.69.67:37615], old=null
2019-10-18 07:14:43,779 [grpc-default-executor-0] INFO  impl.RaftServerImpl (RaftServerImpl.java:setRole(184)) - 988115cd-21c9-4558-b198-f2cedd98ccf3@group-20BE3FF63202: changes role from  FOLLOWER to FOLLOWER at term 222 for recognizeCandidate:c52c3de9-0ed1-4f2b-ba1d-f317ceeb0ceb
2019-10-18 07:14:43,779 [grpc-default-executor-1] INFO  impl.RaftServerImpl (RaftServerImpl.java:setRole(184)) - 24274e9f-e41f-4654-9afc-a783ca44e44b@group-20BE3FF63202: changes role from  FOLLOWER to FOLLOWER at term 222 for recognizeCandidate:c52c3de9-0ed1-4f2b-ba1d-f317ceeb0ceb
2019-10-18 07:14:43,782 [grpc-default-executor-1] INFO  impl.RoleInfo (RoleInfo.java:shutdownFollowerState(121)) - 24274e9f-e41f-4654-9afc-a783ca44e44b: shutdown FollowerState
2019-10-18 07:14:43,782 [grpc-default-executor-0] INFO  impl.RoleInfo (RoleInfo.java:shutdownFollowerState(121)) - 988115cd-21c9-4558-b198-f2cedd98ccf3: shutdown FollowerState
2019-10-18 07:14:43,783 [Thread-1676] INFO  impl.FollowerState (FollowerState.java:run(117)) - 24274e9f-e41f-4654-9afc-a783ca44e44b@group-20BE3FF63202-FollowerState was interrupted: java.lang.InterruptedException: sleep interrupted
2019-10-18 07:14:43,783 [grpc-default-executor-1] INFO  impl.RoleInfo (RoleInfo.java:updateAndGet(143)) - 24274e9f-e41f-4654-9afc-a783ca44e44b: start FollowerState
2019-10-18 07:14:43,783 [Thread-1677] INFO  impl.FollowerState (FollowerState.java:run(117)) - 988115cd-21c9-4558-b198-f2cedd98ccf3@group-20BE3FF63202-FollowerState was interrupted: java.lang.InterruptedException: sleep interrupted
2019-10-18 07:14:43,783 [grpc-default-executor-0] INFO  impl.RoleInfo (RoleInfo.java:updateAndGet(143)) - 988115cd-21c9-4558-b198-f2cedd98ccf3: start FollowerState
2019-10-18 07:14:43,861 [c52c3de9-0ed1-4f2b-ba1d-f317ceeb0ceb@group-20BE3FF63202-LeaderElection183] INFO  impl.LeaderElection (LeaderElection.java:askForVotes(178)) - c52c3de9-0ed1-4f2b-ba1d-f317ceeb0ceb@group-20BE3FF63202-LeaderElection183: begin an election at term 223 for -1: [24274e9f-e41f-4654-9afc-a783ca44e44b:192.168.69.67:35902, 988115cd-21c9-4558-b198-f2cedd98ccf3:192.168.69.67:44208, c52c3de9-0ed1-4f2b-ba1d-f317ceeb0ceb:192.168.69.67:37615], old=null
2019-10-18 07:14:43,864 [grpc-default-executor-1] INFO  impl.RaftServerImpl (RaftServerImpl.java:setRole(184)) - 988115cd-21c9-4558-b198-f2cedd98ccf3@group-20BE3FF63202: changes role from  FOLLOWER to FOLLOWER at term 223 for recognizeCandidate:c52c3de9-0ed1-4f2b-ba1d-f317ceeb0ceb
2019-10-18 07:14:43,864 [grpc-default-executor-1] INFO  impl.RoleInfo (RoleInfo.java:shutdownFollowerState(121)) - 988115cd-21c9-4558-b198-f2cedd98ccf3: shutdown FollowerState
2019-10-18 07:14:43,864 [grpc-default-executor-0] INFO  impl.RaftServerImpl (RaftServerImpl.java:setRole(184)) - 24274e9f-e41f-4654-9afc-a783ca44e44b@group-20BE3FF63202: changes role from  FOLLOWER to FOLLOWER at term 223 for recognizeCandidate:c52c3de9-0ed1-4f2b-ba1d-f317ceeb0ceb
2019-10-18 07:14:43,864 [grpc-default-executor-1] INFO  impl.RoleInfo (RoleInfo.java:updateAndGet(143)) - 988115cd-21c9-4558-b198-f2cedd98ccf3: start FollowerState
2019-10-18 07:14:43,864 [Thread-1683] INFO  impl.FollowerState (FollowerState.java:run(117)) - 988115cd-21c9-4558-b198-f2cedd98ccf3@group-20BE3FF63202-FollowerState was interrupted: java.lang.InterruptedException: sleep interrupted
2019-10-18 07:14:43,864 [grpc-default-executor-0] INFO  impl.RoleInfo (RoleInfo.java:shutdownFollowerState(121)) - 24274e9f-e41f-4654-9afc-a783ca44e44b: shutdown FollowerState
2019-10-18 07:14:43,865 [grpc-default-executor-0] INFO  impl.RoleInfo (RoleInfo.java:updateAndGet(143)) - 24274e9f-e41f-4654-9afc-a783ca44e44b: start FollowerState
2019-10-18 07:14:43,865 [Thread-1682] INFO  impl.FollowerState (FollowerState.java:run(117)) - 24274e9f-e41f-4654-9afc-a783ca44e44b@group-20BE3FF63202-FollowerState was interrupted: java.lang.InterruptedException: sleep interrupted
2019-10-18 07:14:43,904 [c52c3de9-0ed1-4f2b-ba1d-f317ceeb0ceb@group-20BE3FF63202-LeaderElection183] INFO  impl.LeaderElection (LeaderElection.java:logAndReturn(56)) - c52c3de9-0ed1-4f2b-ba1d-f317ceeb0ceb@group-20BE3FF63202-LeaderElection183: Election REJECTED; received 2 response(s) [c52c3de9-0ed1-4f2b-ba1d-f317ceeb0ceb<-24274e9f-e41f-4654-9afc-a783ca44e44b#0:FAIL-t223, c52c3de9-0ed1-4f2b-ba1d-f317ceeb0ceb<-988115cd-21c9-4558-b198-f2cedd98ccf3#0:FAIL-t223] and 0 exception(s); c52c3de9-0ed1-4f2b-ba1d-f317ceeb0ceb@group-20BE3FF63202:t223, leader=null, voted=c52c3de9-0ed1-4f2b-ba1d-f317ceeb0ceb, raftlog=c52c3de9-0ed1-4f2b-ba1d-f317ceeb0ceb@group-20BE3FF63202-SegmentedRaftLog:OPENED:c-1,f-1,i0, conf=-1: [24274e9f-e41f-4654-9afc-a783ca44e44b:192.168.69.67:35902, 988115cd-21c9-4558-b198-f2cedd98ccf3:192.168.69.67:44208, c52c3de9-0ed1-4f2b-ba1d-f317ceeb0ceb:192.168.69.67:37615], old=null
2019-10-18 07:14:43,904 [c52c3de9-0ed1-4f2b-ba1d-f317ceeb0ceb@group-20BE3FF63202-LeaderElection183] INFO  impl.RaftServerImpl (RaftServerImpl.java:setRole(184)) - c52c3de9-0ed1-4f2b-ba1d-f317ceeb0ceb@group-20BE3FF63202: changes role from CANDIDATE to FOLLOWER at term 223 for DISCOVERED_A_NEW_TERM
2019-10-18 07:14:43,904 [c52c3de9-0ed1-4f2b-ba1d-f317ceeb0ceb@group-20BE3FF63202-LeaderElection183] INFO  impl.RoleInfo (RoleInfo.java:shutdownLeaderElection(134)) - c52c3de9-0ed1-4f2b-ba1d-f317ceeb0ceb: shutdown LeaderElection
2019-10-18 07:14:43,904 [c52c3de9-0ed1-4f2b-ba1d-f317ceeb0ceb@group-20BE3FF63202-LeaderElection183] INFO  impl.RoleInfo (RoleInfo.java:updateAndGet(143)) - c52c3de9-0ed1-4f2b-ba1d-f317ceeb0ceb: start FollowerState
2019-10-18 07:14:43,965 [Thread-1688] INFO  impl.FollowerState (FollowerState.java:run(108)) - c52c3de9-0ed1-4f2b-ba1d-f317ceeb0ceb@group-20BE3FF63202-FollowerState: change to CANDIDATE, lastRpcTime:61ms, electionTimeout:61ms
2019-10-18 07:14:43,966 [Thread-1688] INFO  impl.RoleInfo (RoleInfo.java:shutdownFollowerState(121)) - c52c3de9-0ed1-4f2b-ba1d-f317ceeb0ceb: shutdown FollowerState
2019-10-18 07:14:43,966 [Thread-1688] INFO  impl.RaftServerImpl (RaftServerImpl.java:setRole(184)) - c52c3de9-0ed1-4f2b-ba1d-f317ceeb0ceb@group-20BE3FF63202: changes role from  FOLLOWER to CANDIDATE at term 223 for changeToCandidate
2019-10-18 07:14:43,966 [Thread-1688] INFO  impl.RoleInfo (RoleInfo.java:updateAndGet(143)) - c52c3de9-0ed1-4f2b-ba1d-f317ceeb0ceb: start LeaderElection
2019-10-18 07:14:44,018 [c52c3de9-0ed1-4f2b-ba1d-f317ceeb0ceb@group-20BE3FF63202-LeaderElection184] INFO  impl.LeaderElection (LeaderElection.java:askForVotes(178)) - c52c3de9-0ed1-4f2b-ba1d-f317ceeb0ceb@group-20BE3FF63202-LeaderElection184: begin an election at term 224 for -1: [24274e9f-e41f-4654-9afc-a783ca44e44b:192.168.69.67:35902, 988115cd-21c9-4558-b198-f2cedd98ccf3:192.168.69.67:44208, c52c3de9-0ed1-4f2b-ba1d-f317ceeb0ceb:192.168.69.67:37615], old=null
2019-10-18 07:14:44,020 [grpc-default-executor-1] INFO  impl.RaftServerImpl (RaftServerImpl.java:setRole(184)) - 24274e9f-e41f-4654-9afc-a783ca44e44b@group-20BE3FF63202: changes role from  FOLLOWER to FOLLOWER at term 224 for recognizeCandidate:c52c3de9-0ed1-4f2b-ba1d-f317ceeb0ceb
2019-10-18 07:14:44,020 [grpc-default-executor-1] INFO  impl.RoleInfo (RoleInfo.java:shutdownFollowerState(121)) - 24274e9f-e41f-4654-9afc-a783ca44e44b: shutdown FollowerState
2019-10-18 07:14:44,020 [grpc-default-executor-0] INFO  impl.RaftServerImpl (RaftServerImpl.java:setRole(184)) - 988115cd-21c9-4558-b198-f2cedd98ccf3@group-20BE3FF63202: changes role from  FOLLOWER to FOLLOWER at term 224 for recognizeCandidate:c52c3de9-0ed1-4f2b-ba1d-f317ceeb0ceb
2019-10-18 07:14:44,020 [grpc-default-executor-0] INFO  impl.RoleInfo (RoleInfo.java:shutdownFollowerState(121)) - 988115cd-21c9-4558-b198-f2cedd98ccf3: shutdown FollowerState
2019-10-18 07:14:44,020 [Thread-1687] INFO  impl.FollowerState (FollowerState.java:run(117)) - 24274e9f-e41f-4654-9afc-a783ca44e44b@group-20BE3FF63202-FollowerState was interrupted: java.lang.InterruptedException: sleep interrupted
2019-10-18 07:14:44,020 [grpc-default-executor-1] INFO  impl.RoleInfo (RoleInfo.java:updateAndGet(143)) - 24274e9f-e41f-4654-9afc-a783ca44e44b: start FollowerState
2019-10-18 07:14:44,021 [grpc-default-executor-0] INFO  impl.RoleInfo (RoleInfo.java:updateAndGet(143)) - 988115cd-21c9-4558-b198-f2cedd98ccf3: start FollowerState
2019-10-18 07:14:44,021 [Thread-1686] INFO  impl.FollowerState (FollowerState.java:run(117)) - 988115cd-21c9-4558-b198-f2cedd98ccf3@group-20BE3FF63202-FollowerState was interrupted: java.lang.InterruptedException: sleep interrupted
2019-10-18 07:14:44,058 [c52c3de9-0ed1-4f2b-ba1d-f317ceeb0ceb@group-20BE3FF63202-LeaderElection184] INFO  impl.LeaderElection (LeaderElection.java:logAndReturn(56)) - c52c3de9-0ed1-4f2b-ba1d-f317ceeb0ceb@group-20BE3FF63202-LeaderElection184: Election TIMEOUT; received 0 response(s) [] and 0 exception(s); c52c3de9-0ed1-4f2b-ba1d-f317ceeb0ceb@group-20BE3FF63202:t224, leader=null, voted=c52c3de9-0ed1-4f2b-ba1d-f317ceeb0ceb, raftlog=c52c3de9-0ed1-4f2b-ba1d-f317ceeb0ceb@group-20BE3FF63202-SegmentedRaftLog:OPENED:c-1,f-1,i0, conf=-1: [24274e9f-e41f-4654-9afc-a783ca44e44b:192.168.69.67:35902, 988115cd-21c9-4558-b198-f2cedd98ccf3:192.168.69.67:44208, c52c3de9-0ed1-4f2b-ba1d-f317ceeb0ceb:192.168.69.67:37615], old=null
2019-10-18 07:14:44,073 [c52c3de9-0ed1-4f2b-ba1d-f317ceeb0ceb@group-20BE3FF63202-LeaderElection184] INFO  impl.LeaderElection (LeaderElection.java:askForVotes(178)) - c52c3de9-0ed1-4f2b-ba1d-f317ceeb0ceb@group-20BE3FF63202-LeaderElection184: begin an election at term 225 for -1: [24274e9f-e41f-4654-9afc-a783ca44e44b:192.168.69.67:35902, 988115cd-21c9-4558-b198-f2cedd98ccf3:192.168.69.67:44208, c52c3de9-0ed1-4f2b-ba1d-f317ceeb0ceb:192.168.69.67:37615], old=null
2019-10-18 07:14:44,075 [grpc-default-executor-1] INFO  impl.RaftServerImpl (RaftServerImpl.java:setRole(184)) - 988115cd-21c9-4558-b198-f2cedd98ccf3@group-20BE3FF63202: changes role from  FOLLOWER to FOLLOWER at term 225 for recognizeCandidate:c52c3de9-0ed1-4f2b-ba1d-f317ceeb0ceb
2019-10-18 07:14:44,076 [grpc-default-executor-0] INFO  impl.RaftServerImpl (RaftServerImpl.java:setRole(184)) - 24274e9f-e41f-4654-9afc-a783ca44e44b@group-20BE3FF63202: changes role from  FOLLOWER to FOLLOWER at term 225 for recognizeCandidate:c52c3de9-0ed1-4f2b-ba1d-f317ceeb0ceb
2019-10-18 07:14:44,076 [grpc-default-executor-1] INFO  impl.RoleInfo (RoleInfo.java:shutdownFollowerState(121)) - 988115cd-21c9-4558-b198-f2cedd98ccf3: shutdown FollowerState
2019-10-18 07:14:44,076 [grpc-default-executor-0] INFO  impl.RoleInfo (RoleInfo.java:shutdownFollowerState(121)) - 24274e9f-e41f-4654-9afc-a783ca44e44b: shutdown FollowerState
2019-10-18 07:14:44,076 [Thread-1693] INFO  impl.FollowerState (FollowerState.java:run(117)) - 988115cd-21c9-4558-b198-f2cedd98ccf3@group-20BE3FF63202-FollowerState was interrupted: java.lang.InterruptedException: sleep interrupted
2019-10-18 07:14:44,076 [grpc-default-executor-1] INFO  impl.RoleInfo (RoleInfo.java:updateAndGet(143)) - 988115cd-21c9-4558-b198-f2cedd98ccf3: start FollowerState
2019-10-18 07:14:44,076 [Thread-1692] INFO  impl.FollowerState (FollowerState.java:run(117)) - 24274e9f-e41f-4654-9afc-a783ca44e44b@group-20BE3FF63202-FollowerState was interrupted: java.lang.InterruptedException: sleep interrupted
2019-10-18 07:14:44,076 [grpc-default-executor-0] INFO  impl.RoleInfo (RoleInfo.java:updateAndGet(143)) - 24274e9f-e41f-4654-9afc-a783ca44e44b: start FollowerState
2019-10-18 07:14:44,101 [c52c3de9-0ed1-4f2b-ba1d-f317ceeb0ceb@group-20BE3FF63202-LeaderElection184] INFO  impl.LeaderElection (LeaderElection.java:logAndReturn(56)) - c52c3de9-0ed1-4f2b-ba1d-f317ceeb0ceb@group-20BE3FF63202-LeaderElection184: Election REJECTED; received 2 response(s) [c52c3de9-0ed1-4f2b-ba1d-f317ceeb0ceb<-24274e9f-e41f-4654-9afc-a783ca44e44b#0:FAIL-t225, c52c3de9-0ed1-4f2b-ba1d-f317ceeb0ceb<-988115cd-21c9-4558-b198-f2cedd98ccf3#0:FAIL-t225] and 0 exception(s); c52c3de9-0ed1-4f2b-ba1d-f317ceeb0ceb@group-20BE3FF63202:t225, leader=null, voted=c52c3de9-0ed1-4f2b-ba1d-f317ceeb0ceb, raftlog=c52c3de9-0ed1-4f2b-ba1d-f317ceeb0ceb@group-20BE3FF63202-SegmentedRaftLog:OPENED:c-1,f-1,i0, conf=-1: [24274e9f-e41f-4654-9afc-a783ca44e44b:192.168.69.67:35902, 988115cd-21c9-4558-b198-f2cedd98ccf3:192.168.69.67:44208, c52c3de9-0ed1-4f2b-ba1d-f317ceeb0ceb:192.168.69.67:37615], old=null
2019-10-18 07:14:44,101 [c52c3de9-0ed1-4f2b-ba1d-f317ceeb0ceb@group-20BE3FF63202-LeaderElection184] INFO  impl.RaftServerImpl (RaftServerImpl.java:setRole(184)) - c52c3de9-0ed1-4f2b-ba1d-f317ceeb0ceb@group-20BE3FF63202: changes role from CANDIDATE to FOLLOWER at term 225 for DISCOVERED_A_NEW_TERM
2019-10-18 07:14:44,101 [c52c3de9-0ed1-4f2b-ba1d-f317ceeb0ceb@group-20BE3FF63202-LeaderElection184] INFO  impl.RoleInfo (RoleInfo.java:shutdownLeaderElection(134)) - c52c3de9-0ed1-4f2b-ba1d-f317ceeb0ceb: shutdown LeaderElection
2019-10-18 07:14:44,102 [c52c3de9-0ed1-4f2b-ba1d-f317ceeb0ceb@group-20BE3FF63202-LeaderElection184] INFO  impl.RoleInfo (RoleInfo.java:updateAndGet(143)) - c52c3de9-0ed1-4f2b-ba1d-f317ceeb0ceb: start FollowerState
2019-10-18 07:14:44,153 [Thread-1698] INFO  impl.FollowerState (FollowerState.java:run(108)) - c52c3de9-0ed1-4f2b-ba1d-f317ceeb0ceb@group-20BE3FF63202-FollowerState: change to CANDIDATE, lastRpcTime:51ms, electionTimeout:51ms
2019-10-18 07:14:44,153 [Thread-1698] INFO  impl.RoleInfo (RoleInfo.java:shutdownFollowerState(121)) - c52c3de9-0ed1-4f2b-ba1d-f317ceeb0ceb: shutdown FollowerState
2019-10-18 07:14:44,153 [Thread-1698] INFO  impl.RaftServerImpl (RaftServerImpl.java:setRole(184)) - c52c3de9-0ed1-4f2b-ba1d-f317ceeb0ceb@group-20BE3FF63202: changes role from  FOLLOWER to CANDIDATE at term 225 for changeToCandidate
2019-10-18 07:14:44,153 [Thread-1698] INFO  impl.RoleInfo (RoleInfo.java:updateAndGet(143)) - c52c3de9-0ed1-4f2b-ba1d-f317ceeb0ceb: start LeaderElection
2019-10-18 07:14:44,193 [c52c3de9-0ed1-4f2b-ba1d-f317ceeb0ceb@group-20BE3FF63202-LeaderElection185] INFO  impl.LeaderElection (LeaderElection.java:askForVotes(178)) - c52c3de9-0ed1-4f2b-ba1d-f317ceeb0ceb@group-20BE3FF63202-LeaderElection185: begin an election at term 226 for -1: [24274e9f-e41f-4654-9afc-a783ca44e44b:192.168.69.67:35902, 988115cd-21c9-4558-b198-f2cedd98ccf3:192.168.69.67:44208, c52c3de9-0ed1-4f2b-ba1d-f317ceeb0ceb:192.168.69.67:37615], old=null
2019-10-18 07:14:44,195 [grpc-default-executor-1] INFO  impl.RaftServerImpl (RaftServerImpl.java:setRole(184)) - 24274e9f-e41f-4654-9afc-a783ca44e44b@group-20BE3FF63202: changes role from  FOLLOWER to FOLLOWER at term 226 for recognizeCandidate:c52c3de9-0ed1-4f2b-ba1d-f317ceeb0ceb
2019-10-18 07:14:44,195 [grpc-default-executor-0] INFO  impl.RaftServerImpl (RaftServerImpl.java:setRole(184)) - 988115cd-21c9-4558-b198-f2cedd98ccf3@group-20BE3FF63202: changes role from  FOLLOWER to FOLLOWER at term 226 for recognizeCandidate:c52c3de9-0ed1-4f2b-ba1d-f317ceeb0ceb
2019-10-18 07:14:44,195 [grpc-default-executor-1] INFO  impl.RoleInfo (RoleInfo.java:shutdownFollowerState(121)) - 24274e9f-e41f-4654-9afc-a783ca44e44b: shutdown FollowerState
2019-10-18 07:14:44,196 [grpc-default-executor-0] INFO  impl.RoleInfo (RoleInfo.java:shutdownFollowerState(121)) - 988115cd-21c9-4558-b198-f2cedd98ccf3: shutdown FollowerState
2019-10-18 07:14:44,196 [Thread-1697] INFO  impl.FollowerState (FollowerState.java:run(117)) - 24274e9f-e41f-4654-9afc-a783ca44e44b@group-20BE3FF63202-FollowerState was interrupted: java.lang.InterruptedException: sleep interrupted
2019-10-18 07:14:44,196 [grpc-default-executor-1] INFO  impl.RoleInfo (RoleInfo.java:updateAndGet(143)) - 24274e9f-e41f-4654-9afc-a783ca44e44b: start FollowerState
2019-10-18 07:14:44,197 [grpc-default-executor-0] INFO  impl.RoleInfo (RoleInfo.java:updateAndGet(143)) - 988115cd-21c9-4558-b198-f2cedd98ccf3: start FollowerState
2019-10-18 07:14:44,197 [Thread-1696] INFO  impl.FollowerState (FollowerState.java:run(117)) - 988115cd-21c9-4558-b198-f2cedd98ccf3@group-20BE3FF63202-FollowerState was interrupted: java.lang.InterruptedException: sleep interrupted
2019-10-18 07:14:44,265 [c52c3de9-0ed1-4f2b-ba1d-f317ceeb0ceb@group-20BE3FF63202-LeaderElection185] INFO  impl.LeaderElection (LeaderElection.java:logAndReturn(56)) - c52c3de9-0ed1-4f2b-ba1d-f317ceeb0ceb@group-20BE3FF63202-LeaderElection185: Election REJECTED; received 2 response(s) [c52c3de9-0ed1-4f2b-ba1d-f317ceeb0ceb<-24274e9f-e41f-4654-9afc-a783ca44e44b#0:FAIL-t226, c52c3de9-0ed1-4f2b-ba1d-f317ceeb0ceb<-988115cd-21c9-4558-b198-f2cedd98ccf3#0:FAIL-t226] and 0 exception(s); c52c3de9-0ed1-4f2b-ba1d-f317ceeb0ceb@group-20BE3FF63202:t226, leader=null, voted=c52c3de9-0ed1-4f2b-ba1d-f317ceeb0ceb, raftlog=c52c3de9-0ed1-4f2b-ba1d-f317ceeb0ceb@group-20BE3FF63202-SegmentedRaftLog:OPENED:c-1,f-1,i0, conf=-1: [24274e9f-e41f-4654-9afc-a783ca44e44b:192.168.69.67:35902, 988115cd-21c9-4558-b198-f2cedd98ccf3:192.168.69.67:44208, c52c3de9-0ed1-4f2b-ba1d-f317ceeb0ceb:192.168.69.67:37615], old=null
2019-10-18 07:14:44,265 [c52c3de9-0ed1-4f2b-ba1d-f317ceeb0ceb@group-20BE3FF63202-LeaderElection185] INFO  impl.RaftServerImpl (RaftServerImpl.java:setRole(184)) - c52c3de9-0ed1-4f2b-ba1d-f317ceeb0ceb@group-20BE3FF63202: changes role from CANDIDATE to FOLLOWER at term 226 for DISCOVERED_A_NEW_TERM
2019-10-18 07:14:44,265 [c52c3de9-0ed1-4f2b-ba1d-f317ceeb0ceb@group-20BE3FF63202-LeaderElection185] INFO  impl.RoleInfo (RoleInfo.java:shutdownLeaderElection(134)) - c52c3de9-0ed1-4f2b-ba1d-f317ceeb0ceb: shutdown LeaderElection
2019-10-18 07:14:44,265 [c52c3de9-0ed1-4f2b-ba1d-f317ceeb0ceb@group-20BE3FF63202-LeaderElection185] INFO  impl.RoleInfo (RoleInfo.java:updateAndGet(143)) - c52c3de9-0ed1-4f2b-ba1d-f317ceeb0ceb: start FollowerState
2019-10-18 07:14:44,453 [Thread-1704] INFO  impl.FollowerState (FollowerState.java:run(108)) - c52c3de9-0ed1-4f2b-ba1d-f317ceeb0ceb@group-20BE3FF63202-FollowerState: change to CANDIDATE, lastRpcTime:187ms, electionTimeout:187ms
2019-10-18 07:14:44,453 [Thread-1704] INFO  impl.RoleInfo (RoleInfo.java:shutdownFollowerState(121)) - c52c3de9-0ed1-4f2b-ba1d-f317ceeb0ceb: shutdown FollowerState
2019-10-18 07:14:44,453 [Thread-1704] INFO  impl.RaftServerImpl (RaftServerImpl.java:setRole(184)) - c52c3de9-0ed1-4f2b-ba1d-f317ceeb0ceb@group-20BE3FF63202: changes role from  FOLLOWER to CANDIDATE at term 226 for changeToCandidate
2019-10-18 07:14:44,454 [Thread-1704] INFO  impl.RoleInfo (RoleInfo.java:updateAndGet(143)) - c52c3de9-0ed1-4f2b-ba1d-f317ceeb0ceb: start LeaderElection
2019-10-18 07:14:44,483 [main] INFO  ozone.MiniOzoneClusterImpl (MiniOzoneClusterImpl.java:lambda$waitForClusterToBeReady$2(164)) - Waiting for 1 number of pipelines out of 9, to report a leader.
2019-10-18 07:14:44,549 [c52c3de9-0ed1-4f2b-ba1d-f317ceeb0ceb@group-20BE3FF63202-LeaderElection186] INFO  impl.LeaderElection (LeaderElection.java:askForVotes(178)) - c52c3de9-0ed1-4f2b-ba1d-f317ceeb0ceb@group-20BE3FF63202-LeaderElection186: begin an election at term 227 for -1: [24274e9f-e41f-4654-9afc-a783ca44e44b:192.168.69.67:35902, 988115cd-21c9-4558-b198-f2cedd98ccf3:192.168.69.67:44208, c52c3de9-0ed1-4f2b-ba1d-f317ceeb0ceb:192.168.69.67:37615], old=null
2019-10-18 07:14:44,551 [grpc-default-executor-0] INFO  impl.RaftServerImpl (RaftServerImpl.java:setRole(184)) - 24274e9f-e41f-4654-9afc-a783ca44e44b@group-20BE3FF63202: changes role from  FOLLOWER to FOLLOWER at term 227 for recognizeCandidate:c52c3de9-0ed1-4f2b-ba1d-f317ceeb0ceb
2019-10-18 07:14:44,551 [grpc-default-executor-1] INFO  impl.RaftServerImpl (RaftServerImpl.java:setRole(184)) - 988115cd-21c9-4558-b198-f2cedd98ccf3@group-20BE3FF63202: changes role from  FOLLOWER to FOLLOWER at term 227 for recognizeCandidate:c52c3de9-0ed1-4f2b-ba1d-f317ceeb0ceb
2019-10-18 07:14:44,551 [grpc-default-executor-0] INFO  impl.RoleInfo (RoleInfo.java:shutdownFollowerState(121)) - 24274e9f-e41f-4654-9afc-a783ca44e44b: shutdown FollowerState
2019-10-18 07:14:44,552 [grpc-default-executor-1] INFO  impl.RoleInfo (RoleInfo.java:shutdownFollowerState(121)) - 988115cd-21c9-4558-b198-f2cedd98ccf3: shutdown FollowerState
2019-10-18 07:14:44,552 [grpc-default-executor-0] INFO  impl.RoleInfo (RoleInfo.java:updateAndGet(143)) - 24274e9f-e41f-4654-9afc-a783ca44e44b: start FollowerState
2019-10-18 07:14:44,552 [Thread-1702] INFO  impl.FollowerState (FollowerState.java:run(117)) - 24274e9f-e41f-4654-9afc-a783ca44e44b@group-20BE3FF63202-FollowerState was interrupted: java.lang.InterruptedException: sleep interrupted
2019-10-18 07:14:44,552 [Thread-1703] INFO  impl.FollowerState (FollowerState.java:run(117)) - 988115cd-21c9-4558-b198-f2cedd98ccf3@group-20BE3FF63202-FollowerState was interrupted: java.lang.InterruptedException: sleep interrupted
2019-10-18 07:14:44,552 [grpc-default-executor-1] INFO  impl.RoleInfo (RoleInfo.java:updateAndGet(143)) - 988115cd-21c9-4558-b198-f2cedd98ccf3: start FollowerState
2019-10-18 07:14:44,554 [c52c3de9-0ed1-4f2b-ba1d-f317ceeb0ceb@group-20BE3FF63202-LeaderElection186] INFO  impl.LeaderElection (LeaderElection.java:logAndReturn(56)) - c52c3de9-0ed1-4f2b-ba1d-f317ceeb0ceb@group-20BE3FF63202-LeaderElection186: Election TIMEOUT; received 0 response(s) [] and 0 exception(s); c52c3de9-0ed1-4f2b-ba1d-f317ceeb0ceb@group-20BE3FF63202:t227, leader=null, voted=c52c3de9-0ed1-4f2b-ba1d-f317ceeb0ceb, raftlog=c52c3de9-0ed1-4f2b-ba1d-f317ceeb0ceb@group-20BE3FF63202-SegmentedRaftLog:OPENED:c-1,f-1,i0, conf=-1: [24274e9f-e41f-4654-9afc-a783ca44e44b:192.168.69.67:35902, 988115cd-21c9-4558-b198-f2cedd98ccf3:192.168.69.67:44208, c52c3de9-0ed1-4f2b-ba1d-f317ceeb0ceb:192.168.69.67:37615], old=null
2019-10-18 07:14:44,588 [c52c3de9-0ed1-4f2b-ba1d-f317ceeb0ceb@group-20BE3FF63202-LeaderElection186] INFO  impl.LeaderElection (LeaderElection.java:askForVotes(178)) - c52c3de9-0ed1-4f2b-ba1d-f317ceeb0ceb@group-20BE3FF63202-LeaderElection186: begin an election at term 228 for -1: [24274e9f-e41f-4654-9afc-a783ca44e44b:192.168.69.67:35902, 988115cd-21c9-4558-b198-f2cedd98ccf3:192.168.69.67:44208, c52c3de9-0ed1-4f2b-ba1d-f317ceeb0ceb:192.168.69.67:37615], old=null
2019-10-18 07:14:44,590 [grpc-default-executor-1] INFO  impl.RaftServerImpl (RaftServerImpl.java:setRole(184)) - 988115cd-21c9-4558-b198-f2cedd98ccf3@group-20BE3FF63202: changes role from  FOLLOWER to FOLLOWER at term 228 for recognizeCandidate:c52c3de9-0ed1-4f2b-ba1d-f317ceeb0ceb
2019-10-18 07:14:44,590 [grpc-default-executor-0] INFO  impl.RaftServerImpl (RaftServerImpl.java:setRole(184)) - 24274e9f-e41f-4654-9afc-a783ca44e44b@group-20BE3FF63202: changes role from  FOLLOWER to FOLLOWER at term 228 for recognizeCandidate:c52c3de9-0ed1-4f2b-ba1d-f317ceeb0ceb
2019-10-18 07:14:44,590 [grpc-default-executor-1] INFO  impl.RoleInfo (RoleInfo.java:shutdownFollowerState(121)) - 988115cd-21c9-4558-b198-f2cedd98ccf3: shutdown FollowerState
2019-10-18 07:14:44,591 [grpc-default-executor-0] INFO  impl.RoleInfo (RoleInfo.java:shutdownFollowerState(121)) - 24274e9f-e41f-4654-9afc-a783ca44e44b: shutdown FollowerState
2019-10-18 07:14:44,591 [Thread-1709] INFO  impl.FollowerState (FollowerState.java:run(117)) - 988115cd-21c9-4558-b198-f2cedd98ccf3@group-20BE3FF63202-FollowerState was interrupted: java.lang.InterruptedException: sleep interrupted
2019-10-18 07:14:44,591 [grpc-default-executor-1] INFO  impl.RoleInfo (RoleInfo.java:updateAndGet(143)) - 988115cd-21c9-4558-b198-f2cedd98ccf3: start FollowerState
2019-10-18 07:14:44,591 [grpc-default-executor-0] INFO  impl.RoleInfo (RoleInfo.java:updateAndGet(143)) - 24274e9f-e41f-4654-9afc-a783ca44e44b: start FollowerState
2019-10-18 07:14:44,591 [Thread-1708] INFO  impl.FollowerState (FollowerState.java:run(117)) - 24274e9f-e41f-4654-9afc-a783ca44e44b@group-20BE3FF63202-FollowerState was interrupted: java.lang.InterruptedException: sleep interrupted
2019-10-18 07:14:44,631 [c52c3de9-0ed1-4f2b-ba1d-f317ceeb0ceb@group-20BE3FF63202-LeaderElection186] INFO  impl.LeaderElection (LeaderElection.java:logAndReturn(56)) - c52c3de9-0ed1-4f2b-ba1d-f317ceeb0ceb@group-20BE3FF63202-LeaderElection186: Election REJECTED; received 2 response(s) [c52c3de9-0ed1-4f2b-ba1d-f317ceeb0ceb<-24274e9f-e41f-4654-9afc-a783ca44e44b#0:FAIL-t228, c52c3de9-0ed1-4f2b-ba1d-f317ceeb0ceb<-988115cd-21c9-4558-b198-f2cedd98ccf3#0:FAIL-t228] and 0 exception(s); c52c3de9-0ed1-4f2b-ba1d-f317ceeb0ceb@group-20BE3FF63202:t228, leader=null, voted=c52c3de9-0ed1-4f2b-ba1d-f317ceeb0ceb, raftlog=c52c3de9-0ed1-4f2b-ba1d-f317ceeb0ceb@group-20BE3FF63202-SegmentedRaftLog:OPENED:c-1,f-1,i0, conf=-1: [24274e9f-e41f-4654-9afc-a783ca44e44b:192.168.69.67:35902, 988115cd-21c9-4558-b198-f2cedd98ccf3:192.168.69.67:44208, c52c3de9-0ed1-4f2b-ba1d-f317ceeb0ceb:192.168.69.67:37615], old=null
2019-10-18 07:14:44,631 [c52c3de9-0ed1-4f2b-ba1d-f317ceeb0ceb@group-20BE3FF63202-LeaderElection186] INFO  impl.RaftServerImpl (RaftServerImpl.java:setRole(184)) - c52c3de9-0ed1-4f2b-ba1d-f317ceeb0ceb@group-20BE3FF63202: changes role from CANDIDATE to FOLLOWER at term 228 for DISCOVERED_A_NEW_TERM
2019-10-18 07:14:44,631 [c52c3de9-0ed1-4f2b-ba1d-f317ceeb0ceb@group-20BE3FF63202-LeaderElection186] INFO  impl.RoleInfo (RoleInfo.java:shutdownLeaderElection(134)) - c52c3de9-0ed1-4f2b-ba1d-f317ceeb0ceb: shutdown LeaderElection
2019-10-18 07:14:44,631 [c52c3de9-0ed1-4f2b-ba1d-f317ceeb0ceb@group-20BE3FF63202-LeaderElection186] INFO  impl.RoleInfo (RoleInfo.java:updateAndGet(143)) - c52c3de9-0ed1-4f2b-ba1d-f317ceeb0ceb: start FollowerState
2019-10-18 07:14:44,769 [Thread-1714] INFO  impl.FollowerState (FollowerState.java:run(108)) - c52c3de9-0ed1-4f2b-ba1d-f317ceeb0ceb@group-20BE3FF63202-FollowerState: change to CANDIDATE, lastRpcTime:137ms, electionTimeout:137ms
2019-10-18 07:14:44,769 [Thread-1714] INFO  impl.RoleInfo (RoleInfo.java:shutdownFollowerState(121)) - c52c3de9-0ed1-4f2b-ba1d-f317ceeb0ceb: shutdown FollowerState
2019-10-18 07:14:44,769 [Thread-1714] INFO  impl.RaftServerImpl (RaftServerImpl.java:setRole(184)) - c52c3de9-0ed1-4f2b-ba1d-f317ceeb0ceb@group-20BE3FF63202: changes role from  FOLLOWER to CANDIDATE at term 228 for changeToCandidate
2019-10-18 07:14:44,770 [Thread-1714] INFO  impl.RoleInfo (RoleInfo.java:updateAndGet(143)) - c52c3de9-0ed1-4f2b-ba1d-f317ceeb0ceb: start LeaderElection
2019-10-18 07:14:44,832 [c52c3de9-0ed1-4f2b-ba1d-f317ceeb0ceb@group-20BE3FF63202-LeaderElection187] INFO  impl.LeaderElection (LeaderElection.java:askForVotes(178)) - c52c3de9-0ed1-4f2b-ba1d-f317ceeb0ceb@group-20BE3FF63202-LeaderElection187: begin an election at term 229 for -1: [24274e9f-e41f-4654-9afc-a783ca44e44b:192.168.69.67:35902, 988115cd-21c9-4558-b198-f2cedd98ccf3:192.168.69.67:44208, c52c3de9-0ed1-4f2b-ba1d-f317ceeb0ceb:192.168.69.67:37615], old=null
2019-10-18 07:14:44,835 [grpc-default-executor-1] INFO  impl.RaftServerImpl (RaftServerImpl.java:setRole(184)) - 988115cd-21c9-4558-b198-f2cedd98ccf3@group-20BE3FF63202: changes role from  FOLLOWER to FOLLOWER at term 229 for recognizeCandidate:c52c3de9-0ed1-4f2b-ba1d-f317ceeb0ceb
2019-10-18 07:14:44,835 [grpc-default-executor-1] INFO  impl.RoleInfo (RoleInfo.java:shutdownFollowerState(121)) - 988115cd-21c9-4558-b198-f2cedd98ccf3: shutdown FollowerState
2019-10-18 07:14:44,835 [grpc-default-executor-0] INFO  impl.RaftServerImpl (RaftServerImpl.java:setRole(184)) - 24274e9f-e41f-4654-9afc-a783ca44e44b@group-20BE3FF63202: changes role from  FOLLOWER to FOLLOWER at term 229 for recognizeCandidate:c52c3de9-0ed1-4f2b-ba1d-f317ceeb0ceb
2019-10-18 07:14:44,835 [Thread-1712] INFO  impl.FollowerState (FollowerState.java:run(117)) - 988115cd-21c9-4558-b198-f2cedd98ccf3@group-20BE3FF63202-FollowerState was interrupted: java.lang.InterruptedException: sleep interrupted
2019-10-18 07:14:44,835 [grpc-default-executor-1] INFO  impl.RoleInfo (RoleInfo.java:updateAndGet(143)) - 988115cd-21c9-4558-b198-f2cedd98ccf3: start FollowerState
2019-10-18 07:14:44,835 [grpc-default-executor-0] INFO  impl.RoleInfo (RoleInfo.java:shutdownFollowerState(121)) - 24274e9f-e41f-4654-9afc-a783ca44e44b: shutdown FollowerState
2019-10-18 07:14:44,836 [grpc-default-executor-0] INFO  impl.RoleInfo (RoleInfo.java:updateAndGet(143)) - 24274e9f-e41f-4654-9afc-a783ca44e44b: start FollowerState
2019-10-18 07:14:44,836 [Thread-1713] INFO  impl.FollowerState (FollowerState.java:run(117)) - 24274e9f-e41f-4654-9afc-a783ca44e44b@group-20BE3FF63202-FollowerState was interrupted: java.lang.InterruptedException: sleep interrupted
2019-10-18 07:14:44,867 [c52c3de9-0ed1-4f2b-ba1d-f317ceeb0ceb@group-20BE3FF63202-LeaderElection187] INFO  impl.LeaderElection (LeaderElection.java:logAndReturn(56)) - c52c3de9-0ed1-4f2b-ba1d-f317ceeb0ceb@group-20BE3FF63202-LeaderElection187: Election TIMEOUT; received 0 response(s) [] and 0 exception(s); c52c3de9-0ed1-4f2b-ba1d-f317ceeb0ceb@group-20BE3FF63202:t229, leader=null, voted=c52c3de9-0ed1-4f2b-ba1d-f317ceeb0ceb, raftlog=c52c3de9-0ed1-4f2b-ba1d-f317ceeb0ceb@group-20BE3FF63202-SegmentedRaftLog:OPENED:c-1,f-1,i0, conf=-1: [24274e9f-e41f-4654-9afc-a783ca44e44b:192.168.69.67:35902, 988115cd-21c9-4558-b198-f2cedd98ccf3:192.168.69.67:44208, c52c3de9-0ed1-4f2b-ba1d-f317ceeb0ceb:192.168.69.67:37615], old=null
2019-10-18 07:14:44,927 [c52c3de9-0ed1-4f2b-ba1d-f317ceeb0ceb@group-20BE3FF63202-LeaderElection187] INFO  impl.LeaderElection (LeaderElection.java:askForVotes(178)) - c52c3de9-0ed1-4f2b-ba1d-f317ceeb0ceb@group-20BE3FF63202-LeaderElection187: begin an election at term 230 for -1: [24274e9f-e41f-4654-9afc-a783ca44e44b:192.168.69.67:35902, 988115cd-21c9-4558-b198-f2cedd98ccf3:192.168.69.67:44208, c52c3de9-0ed1-4f2b-ba1d-f317ceeb0ceb:192.168.69.67:37615], old=null
2019-10-18 07:14:44,929 [grpc-default-executor-0] INFO  impl.RaftServerImpl (RaftServerImpl.java:setRole(184)) - 988115cd-21c9-4558-b198-f2cedd98ccf3@group-20BE3FF63202: changes role from  FOLLOWER to FOLLOWER at term 230 for recognizeCandidate:c52c3de9-0ed1-4f2b-ba1d-f317ceeb0ceb
2019-10-18 07:14:44,929 [grpc-default-executor-1] INFO  impl.RaftServerImpl (RaftServerImpl.java:setRole(184)) - 24274e9f-e41f-4654-9afc-a783ca44e44b@group-20BE3FF63202: changes role from  FOLLOWER to FOLLOWER at term 230 for recognizeCandidate:c52c3de9-0ed1-4f2b-ba1d-f317ceeb0ceb
2019-10-18 07:14:44,929 [grpc-default-executor-0] INFO  impl.RoleInfo (RoleInfo.java:shutdownFollowerState(121)) - 988115cd-21c9-4558-b198-f2cedd98ccf3: shutdown FollowerState
2019-10-18 07:14:44,929 [grpc-default-executor-1] INFO  impl.RoleInfo (RoleInfo.java:shutdownFollowerState(121)) - 24274e9f-e41f-4654-9afc-a783ca44e44b: shutdown FollowerState
2019-10-18 07:14:44,930 [Thread-1718] INFO  impl.FollowerState (FollowerState.java:run(117)) - 988115cd-21c9-4558-b198-f2cedd98ccf3@group-20BE3FF63202-FollowerState was interrupted: java.lang.InterruptedException: sleep interrupted
2019-10-18 07:14:44,930 [grpc-default-executor-1] INFO  impl.RoleInfo (RoleInfo.java:updateAndGet(143)) - 24274e9f-e41f-4654-9afc-a783ca44e44b: start FollowerState
2019-10-18 07:14:44,930 [grpc-default-executor-0] INFO  impl.RoleInfo (RoleInfo.java:updateAndGet(143)) - 988115cd-21c9-4558-b198-f2cedd98ccf3: start FollowerState
2019-10-18 07:14:44,930 [Thread-1719] INFO  impl.FollowerState (FollowerState.java:run(117)) - 24274e9f-e41f-4654-9afc-a783ca44e44b@group-20BE3FF63202-FollowerState was interrupted: java.lang.InterruptedException: sleep interrupted
2019-10-18 07:14:44,953 [c52c3de9-0ed1-4f2b-ba1d-f317ceeb0ceb@group-20BE3FF63202-LeaderElection187] INFO  impl.LeaderElection (LeaderElection.java:logAndReturn(56)) - c52c3de9-0ed1-4f2b-ba1d-f317ceeb0ceb@group-20BE3FF63202-LeaderElection187: Election TIMEOUT; received 0 response(s) [] and 0 exception(s); c52c3de9-0ed1-4f2b-ba1d-f317ceeb0ceb@group-20BE3FF63202:t230, leader=null, voted=c52c3de9-0ed1-4f2b-ba1d-f317ceeb0ceb, raftlog=c52c3de9-0ed1-4f2b-ba1d-f317ceeb0ceb@group-20BE3FF63202-SegmentedRaftLog:OPENED:c-1,f-1,i0, conf=-1: [24274e9f-e41f-4654-9afc-a783ca44e44b:192.168.69.67:35902, 988115cd-21c9-4558-b198-f2cedd98ccf3:192.168.69.67:44208, c52c3de9-0ed1-4f2b-ba1d-f317ceeb0ceb:192.168.69.67:37615], old=null
2019-10-18 07:14:44,958 [c52c3de9-0ed1-4f2b-ba1d-f317ceeb0ceb@group-20BE3FF63202-LeaderElection187] INFO  impl.LeaderElection (LeaderElection.java:askForVotes(178)) - c52c3de9-0ed1-4f2b-ba1d-f317ceeb0ceb@group-20BE3FF63202-LeaderElection187: begin an election at term 231 for -1: [24274e9f-e41f-4654-9afc-a783ca44e44b:192.168.69.67:35902, 988115cd-21c9-4558-b198-f2cedd98ccf3:192.168.69.67:44208, c52c3de9-0ed1-4f2b-ba1d-f317ceeb0ceb:192.168.69.67:37615], old=null
2019-10-18 07:14:44,960 [grpc-default-executor-0] INFO  impl.RaftServerImpl (RaftServerImpl.java:setRole(184)) - 988115cd-21c9-4558-b198-f2cedd98ccf3@group-20BE3FF63202: changes role from  FOLLOWER to FOLLOWER at term 231 for recognizeCandidate:c52c3de9-0ed1-4f2b-ba1d-f317ceeb0ceb
2019-10-18 07:14:44,960 [grpc-default-executor-1] INFO  impl.RaftServerImpl (RaftServerImpl.java:setRole(184)) - 24274e9f-e41f-4654-9afc-a783ca44e44b@group-20BE3FF63202: changes role from  FOLLOWER to FOLLOWER at term 231 for recognizeCandidate:c52c3de9-0ed1-4f2b-ba1d-f317ceeb0ceb
2019-10-18 07:14:44,960 [grpc-default-executor-0] INFO  impl.RoleInfo (RoleInfo.java:shutdownFollowerState(121)) - 988115cd-21c9-4558-b198-f2cedd98ccf3: shutdown FollowerState
2019-10-18 07:14:44,960 [grpc-default-executor-1] INFO  impl.RoleInfo (RoleInfo.java:shutdownFollowerState(121)) - 24274e9f-e41f-4654-9afc-a783ca44e44b: shutdown FollowerState
2019-10-18 07:14:44,960 [Thread-1722] INFO  impl.FollowerState (FollowerState.java:run(117)) - 988115cd-21c9-4558-b198-f2cedd98ccf3@group-20BE3FF63202-FollowerState was interrupted: java.lang.InterruptedException: sleep interrupted
2019-10-18 07:14:44,960 [Thread-1723] INFO  impl.FollowerState (FollowerState.java:run(117)) - 24274e9f-e41f-4654-9afc-a783ca44e44b@group-20BE3FF63202-FollowerState was interrupted: java.lang.InterruptedException: sleep interrupted
2019-10-18 07:14:44,960 [grpc-default-executor-0] INFO  impl.RoleInfo (RoleInfo.java:updateAndGet(143)) - 988115cd-21c9-4558-b198-f2cedd98ccf3: start FollowerState
2019-10-18 07:14:44,960 [grpc-default-executor-1] INFO  impl.RoleInfo (RoleInfo.java:updateAndGet(143)) - 24274e9f-e41f-4654-9afc-a783ca44e44b: start FollowerState
2019-10-18 07:14:44,990 [c52c3de9-0ed1-4f2b-ba1d-f317ceeb0ceb@group-20BE3FF63202-LeaderElection187] INFO  impl.LeaderElection (LeaderElection.java:logAndReturn(56)) - c52c3de9-0ed1-4f2b-ba1d-f317ceeb0ceb@group-20BE3FF63202-LeaderElection187: Election REJECTED; received 2 response(s) [c52c3de9-0ed1-4f2b-ba1d-f317ceeb0ceb<-24274e9f-e41f-4654-9afc-a783ca44e44b#0:FAIL-t231, c52c3de9-0ed1-4f2b-ba1d-f317ceeb0ceb<-988115cd-21c9-4558-b198-f2cedd98ccf3#0:FAIL-t231] and 0 exception(s); c52c3de9-0ed1-4f2b-ba1d-f317ceeb0ceb@group-20BE3FF63202:t231, leader=null, voted=c52c3de9-0ed1-4f2b-ba1d-f317ceeb0ceb, raftlog=c52c3de9-0ed1-4f2b-ba1d-f317ceeb0ceb@group-20BE3FF63202-SegmentedRaftLog:OPENED:c-1,f-1,i0, conf=-1: [24274e9f-e41f-4654-9afc-a783ca44e44b:192.168.69.67:35902, 988115cd-21c9-4558-b198-f2cedd98ccf3:192.168.69.67:44208, c52c3de9-0ed1-4f2b-ba1d-f317ceeb0ceb:192.168.69.67:37615], old=null
2019-10-18 07:14:44,991 [c52c3de9-0ed1-4f2b-ba1d-f317ceeb0ceb@group-20BE3FF63202-LeaderElection187] INFO  impl.RaftServerImpl (RaftServerImpl.java:setRole(184)) - c52c3de9-0ed1-4f2b-ba1d-f317ceeb0ceb@group-20BE3FF63202: changes role from CANDIDATE to FOLLOWER at term 231 for DISCOVERED_A_NEW_TERM
2019-10-18 07:14:44,991 [c52c3de9-0ed1-4f2b-ba1d-f317ceeb0ceb@group-20BE3FF63202-LeaderElection187] INFO  impl.RoleInfo (RoleInfo.java:shutdownLeaderElection(134)) - c52c3de9-0ed1-4f2b-ba1d-f317ceeb0ceb: shutdown LeaderElection
2019-10-18 07:14:44,991 [c52c3de9-0ed1-4f2b-ba1d-f317ceeb0ceb@group-20BE3FF63202-LeaderElection187] INFO  impl.RoleInfo (RoleInfo.java:updateAndGet(143)) - c52c3de9-0ed1-4f2b-ba1d-f317ceeb0ceb: start FollowerState
2019-10-18 07:14:45,165 [Thread-1728] INFO  impl.FollowerState (FollowerState.java:run(108)) - c52c3de9-0ed1-4f2b-ba1d-f317ceeb0ceb@group-20BE3FF63202-FollowerState: change to CANDIDATE, lastRpcTime:174ms, electionTimeout:174ms
2019-10-18 07:14:45,166 [Thread-1728] INFO  impl.RoleInfo (RoleInfo.java:shutdownFollowerState(121)) - c52c3de9-0ed1-4f2b-ba1d-f317ceeb0ceb: shutdown FollowerState
2019-10-18 07:14:45,166 [Thread-1728] INFO  impl.RaftServerImpl (RaftServerImpl.java:setRole(184)) - c52c3de9-0ed1-4f2b-ba1d-f317ceeb0ceb@group-20BE3FF63202: changes role from  FOLLOWER to CANDIDATE at term 231 for changeToCandidate
2019-10-18 07:14:45,166 [Thread-1728] INFO  impl.RoleInfo (RoleInfo.java:updateAndGet(143)) - c52c3de9-0ed1-4f2b-ba1d-f317ceeb0ceb: start LeaderElection
2019-10-18 07:14:45,233 [c52c3de9-0ed1-4f2b-ba1d-f317ceeb0ceb@group-20BE3FF63202-LeaderElection188] INFO  impl.LeaderElection (LeaderElection.java:askForVotes(178)) - c52c3de9-0ed1-4f2b-ba1d-f317ceeb0ceb@group-20BE3FF63202-LeaderElection188: begin an election at term 232 for -1: [24274e9f-e41f-4654-9afc-a783ca44e44b:192.168.69.67:35902, 988115cd-21c9-4558-b198-f2cedd98ccf3:192.168.69.67:44208, c52c3de9-0ed1-4f2b-ba1d-f317ceeb0ceb:192.168.69.67:37615], old=null
2019-10-18 07:14:45,235 [grpc-default-executor-0] INFO  impl.RaftServerImpl (RaftServerImpl.java:setRole(184)) - 24274e9f-e41f-4654-9afc-a783ca44e44b@group-20BE3FF63202: changes role from  FOLLOWER to FOLLOWER at term 232 for recognizeCandidate:c52c3de9-0ed1-4f2b-ba1d-f317ceeb0ceb
2019-10-18 07:14:45,235 [grpc-default-executor-1] INFO  impl.RaftServerImpl (RaftServerImpl.java:setRole(184)) - 988115cd-21c9-4558-b198-f2cedd98ccf3@group-20BE3FF63202: changes role from  FOLLOWER to FOLLOWER at term 232 for recognizeCandidate:c52c3de9-0ed1-4f2b-ba1d-f317ceeb0ceb
2019-10-18 07:14:45,236 [grpc-default-executor-0] INFO  impl.RoleInfo (RoleInfo.java:shutdownFollowerState(121)) - 24274e9f-e41f-4654-9afc-a783ca44e44b: shutdown FollowerState
2019-10-18 07:14:45,236 [grpc-default-executor-1] INFO  impl.RoleInfo (RoleInfo.java:shutdownFollowerState(121)) - 988115cd-21c9-4558-b198-f2cedd98ccf3: shutdown FollowerState
2019-10-18 07:14:45,236 [Thread-1727] INFO  impl.FollowerState (FollowerState.java:run(117)) - 24274e9f-e41f-4654-9afc-a783ca44e44b@group-20BE3FF63202-FollowerState was interrupted: java.lang.InterruptedException: sleep interrupted
2019-10-18 07:14:45,236 [Thread-1726] INFO  impl.FollowerState (FollowerState.java:run(117)) - 988115cd-21c9-4558-b198-f2cedd98ccf3@group-20BE3FF63202-FollowerState was interrupted: java.lang.InterruptedException: sleep interrupted
2019-10-18 07:14:45,236 [grpc-default-executor-0] INFO  impl.RoleInfo (RoleInfo.java:updateAndGet(143)) - 24274e9f-e41f-4654-9afc-a783ca44e44b: start FollowerState
2019-10-18 07:14:45,236 [grpc-default-executor-1] INFO  impl.RoleInfo (RoleInfo.java:updateAndGet(143)) - 988115cd-21c9-4558-b198-f2cedd98ccf3: start FollowerState
2019-10-18 07:14:45,264 [c52c3de9-0ed1-4f2b-ba1d-f317ceeb0ceb@group-20BE3FF63202-LeaderElection188] INFO  impl.LeaderElection (LeaderElection.java:logAndReturn(56)) - c52c3de9-0ed1-4f2b-ba1d-f317ceeb0ceb@group-20BE3FF63202-LeaderElection188: Election REJECTED; received 2 response(s) [c52c3de9-0ed1-4f2b-ba1d-f317ceeb0ceb<-24274e9f-e41f-4654-9afc-a783ca44e44b#0:FAIL-t232, c52c3de9-0ed1-4f2b-ba1d-f317ceeb0ceb<-988115cd-21c9-4558-b198-f2cedd98ccf3#0:FAIL-t232] and 0 exception(s); c52c3de9-0ed1-4f2b-ba1d-f317ceeb0ceb@group-20BE3FF63202:t232, leader=null, voted=c52c3de9-0ed1-4f2b-ba1d-f317ceeb0ceb, raftlog=c52c3de9-0ed1-4f2b-ba1d-f317ceeb0ceb@group-20BE3FF63202-SegmentedRaftLog:OPENED:c-1,f-1,i0, conf=-1: [24274e9f-e41f-4654-9afc-a783ca44e44b:192.168.69.67:35902, 988115cd-21c9-4558-b198-f2cedd98ccf3:192.168.69.67:44208, c52c3de9-0ed1-4f2b-ba1d-f317ceeb0ceb:192.168.69.67:37615], old=null
2019-10-18 07:14:45,265 [c52c3de9-0ed1-4f2b-ba1d-f317ceeb0ceb@group-20BE3FF63202-LeaderElection188] INFO  impl.RaftServerImpl (RaftServerImpl.java:setRole(184)) - c52c3de9-0ed1-4f2b-ba1d-f317ceeb0ceb@group-20BE3FF63202: changes role from CANDIDATE to FOLLOWER at term 232 for DISCOVERED_A_NEW_TERM
2019-10-18 07:14:45,265 [c52c3de9-0ed1-4f2b-ba1d-f317ceeb0ceb@group-20BE3FF63202-LeaderElection188] INFO  impl.RoleInfo (RoleInfo.java:shutdownLeaderElection(134)) - c52c3de9-0ed1-4f2b-ba1d-f317ceeb0ceb: shutdown LeaderElection
2019-10-18 07:14:45,265 [c52c3de9-0ed1-4f2b-ba1d-f317ceeb0ceb@group-20BE3FF63202-LeaderElection188] INFO  impl.RoleInfo (RoleInfo.java:updateAndGet(143)) - c52c3de9-0ed1-4f2b-ba1d-f317ceeb0ceb: start FollowerState
2019-10-18 07:14:45,382 [Thread-1734] INFO  impl.FollowerState (FollowerState.java:run(108)) - c52c3de9-0ed1-4f2b-ba1d-f317ceeb0ceb@group-20BE3FF63202-FollowerState: change to CANDIDATE, lastRpcTime:117ms, electionTimeout:117ms
2019-10-18 07:14:45,382 [Thread-1734] INFO  impl.RoleInfo (RoleInfo.java:shutdownFollowerState(121)) - c52c3de9-0ed1-4f2b-ba1d-f317ceeb0ceb: shutdown FollowerState
2019-10-18 07:14:45,383 [Thread-1734] INFO  impl.RaftServerImpl (RaftServerImpl.java:setRole(184)) - c52c3de9-0ed1-4f2b-ba1d-f317ceeb0ceb@group-20BE3FF63202: changes role from  FOLLOWER to CANDIDATE at term 232 for changeToCandidate
2019-10-18 07:14:45,383 [Thread-1734] INFO  impl.RoleInfo (RoleInfo.java:updateAndGet(143)) - c52c3de9-0ed1-4f2b-ba1d-f317ceeb0ceb: start LeaderElection
2019-10-18 07:14:45,446 [c52c3de9-0ed1-4f2b-ba1d-f317ceeb0ceb@group-20BE3FF63202-LeaderElection189] INFO  impl.LeaderElection (LeaderElection.java:askForVotes(178)) - c52c3de9-0ed1-4f2b-ba1d-f317ceeb0ceb@group-20BE3FF63202-LeaderElection189: begin an election at term 233 for -1: [24274e9f-e41f-4654-9afc-a783ca44e44b:192.168.69.67:35902, 988115cd-21c9-4558-b198-f2cedd98ccf3:192.168.69.67:44208, c52c3de9-0ed1-4f2b-ba1d-f317ceeb0ceb:192.168.69.67:37615], old=null
2019-10-18 07:14:45,448 [grpc-default-executor-1] INFO  impl.RaftServerImpl (RaftServerImpl.java:setRole(184)) - 988115cd-21c9-4558-b198-f2cedd98ccf3@group-20BE3FF63202: changes role from  FOLLOWER to FOLLOWER at term 233 for recognizeCandidate:c52c3de9-0ed1-4f2b-ba1d-f317ceeb0ceb
2019-10-18 07:14:45,448 [grpc-default-executor-0] INFO  impl.RaftServerImpl (RaftServerImpl.java:setRole(184)) - 24274e9f-e41f-4654-9afc-a783ca44e44b@group-20BE3FF63202: changes role from  FOLLOWER to FOLLOWER at term 233 for recognizeCandidate:c52c3de9-0ed1-4f2b-ba1d-f317ceeb0ceb
2019-10-18 07:14:45,448 [grpc-default-executor-1] INFO  impl.RoleInfo (RoleInfo.java:shutdownFollowerState(121)) - 988115cd-21c9-4558-b198-f2cedd98ccf3: shutdown FollowerState
2019-10-18 07:14:45,448 [grpc-default-executor-0] INFO  impl.RoleInfo (RoleInfo.java:shutdownFollowerState(121)) - 24274e9f-e41f-4654-9afc-a783ca44e44b: shutdown FollowerState
2019-10-18 07:14:45,448 [Thread-1733] INFO  impl.FollowerState (FollowerState.java:run(117)) - 988115cd-21c9-4558-b198-f2cedd98ccf3@group-20BE3FF63202-FollowerState was interrupted: java.lang.InterruptedException: sleep interrupted
2019-10-18 07:14:45,449 [Thread-1732] INFO  impl.FollowerState (FollowerState.java:run(117)) - 24274e9f-e41f-4654-9afc-a783ca44e44b@group-20BE3FF63202-FollowerState was interrupted: java.lang.InterruptedException: sleep interrupted
2019-10-18 07:14:45,448 [grpc-default-executor-1] INFO  impl.RoleInfo (RoleInfo.java:updateAndGet(143)) - 988115cd-21c9-4558-b198-f2cedd98ccf3: start FollowerState
2019-10-18 07:14:45,449 [grpc-default-executor-0] INFO  impl.RoleInfo (RoleInfo.java:updateAndGet(143)) - 24274e9f-e41f-4654-9afc-a783ca44e44b: start FollowerState
2019-10-18 07:14:45,472 [c52c3de9-0ed1-4f2b-ba1d-f317ceeb0ceb@group-20BE3FF63202-LeaderElection189] INFO  impl.LeaderElection (LeaderElection.java:logAndReturn(56)) - c52c3de9-0ed1-4f2b-ba1d-f317ceeb0ceb@group-20BE3FF63202-LeaderElection189: Election REJECTED; received 2 response(s) [c52c3de9-0ed1-4f2b-ba1d-f317ceeb0ceb<-24274e9f-e41f-4654-9afc-a783ca44e44b#0:FAIL-t233, c52c3de9-0ed1-4f2b-ba1d-f317ceeb0ceb<-988115cd-21c9-4558-b198-f2cedd98ccf3#0:FAIL-t233] and 0 exception(s); c52c3de9-0ed1-4f2b-ba1d-f317ceeb0ceb@group-20BE3FF63202:t233, leader=null, voted=c52c3de9-0ed1-4f2b-ba1d-f317ceeb0ceb, raftlog=c52c3de9-0ed1-4f2b-ba1d-f317ceeb0ceb@group-20BE3FF63202-SegmentedRaftLog:OPENED:c-1,f-1,i0, conf=-1: [24274e9f-e41f-4654-9afc-a783ca44e44b:192.168.69.67:35902, 988115cd-21c9-4558-b198-f2cedd98ccf3:192.168.69.67:44208, c52c3de9-0ed1-4f2b-ba1d-f317ceeb0ceb:192.168.69.67:37615], old=null
2019-10-18 07:14:45,472 [c52c3de9-0ed1-4f2b-ba1d-f317ceeb0ceb@group-20BE3FF63202-LeaderElection189] INFO  impl.RaftServerImpl (RaftServerImpl.java:setRole(184)) - c52c3de9-0ed1-4f2b-ba1d-f317ceeb0ceb@group-20BE3FF63202: changes role from CANDIDATE to FOLLOWER at term 233 for DISCOVERED_A_NEW_TERM
2019-10-18 07:14:45,472 [c52c3de9-0ed1-4f2b-ba1d-f317ceeb0ceb@group-20BE3FF63202-LeaderElection189] INFO  impl.RoleInfo (RoleInfo.java:shutdownLeaderElection(134)) - c52c3de9-0ed1-4f2b-ba1d-f317ceeb0ceb: shutdown LeaderElection
2019-10-18 07:14:45,472 [c52c3de9-0ed1-4f2b-ba1d-f317ceeb0ceb@group-20BE3FF63202-LeaderElection189] INFO  impl.RoleInfo (RoleInfo.java:updateAndGet(143)) - c52c3de9-0ed1-4f2b-ba1d-f317ceeb0ceb: start FollowerState
2019-10-18 07:14:45,483 [main] INFO  ozone.MiniOzoneClusterImpl (MiniOzoneClusterImpl.java:lambda$waitForClusterToBeReady$2(164)) - Waiting for 1 number of pipelines out of 9, to report a leader.
2019-10-18 07:14:45,600 [main] INFO  ozone.MiniOzoneClusterImpl (MiniOzoneClusterImpl.java:shutdown(352)) - Shutting down the Mini Ozone Cluster
2019-10-18 07:14:45,600 [main] INFO  ozone.MiniOzoneClusterImpl (MiniOzoneClusterImpl.java:stop(368)) - Stopping the Mini Ozone Cluster
2019-10-18 07:14:45,600 [main] INFO  ozone.MiniOzoneClusterImpl (MiniOzoneClusterImpl.java:stopOM(438)) - Stopping the OzoneManager
2019-10-18 07:14:45,600 [main] INFO  ipc.Server (Server.java:stop(3082)) - Stopping server on 44783
2019-10-18 07:14:45,603 [IPC Server listener on 44783] INFO  ipc.Server (Server.java:run(1185)) - Stopping IPC Server listener on 44783
2019-10-18 07:14:45,604 [main] INFO  ratis.OzoneManagerDoubleBuffer (OzoneManagerDoubleBuffer.java:stop(250)) - Stopping OMDoubleBuffer flush thread
2019-10-18 07:14:45,604 [IPC Server Responder] INFO  ipc.Server (Server.java:run(1319)) - Stopping IPC Server Responder
2019-10-18 07:14:45,604 [OMDoubleBufferFlushThread] INFO  ratis.OzoneManagerDoubleBuffer (OzoneManagerDoubleBuffer.java:flushTransactions(193)) - OMDoubleBuffer flush thread OMDoubleBufferFlushThread is interrupted and will exit. OMDoubleBufferFlushThread
2019-10-18 07:14:45,606 [main] INFO  utils.BackgroundService (BackgroundService.java:shutdown(151)) - Shutting down service KeyDeletingService
2019-10-18 07:14:45,610 [main] INFO  handler.ContextHandler (ContextHandler.java:doStop(910)) - Stopped o.e.j.w.WebAppContext@38548b19{/,null,UNAVAILABLE}{/ozoneManager}
2019-10-18 07:14:45,615 [main] INFO  server.AbstractConnector (AbstractConnector.java:doStop(318)) - Stopped ServerConnector@41aaedaa{HTTP/1.1,[http/1.1]}{0.0.0.0:0}
2019-10-18 07:14:45,615 [main] INFO  handler.ContextHandler (ContextHandler.java:doStop(910)) - Stopped o.e.j.s.ServletContextHandler@12a160c2{/static,file:///workdir/hadoop-ozone/integration-test/target/test-classes/webapps/static,UNAVAILABLE}
2019-10-18 07:14:45,616 [main] INFO  handler.ContextHandler (ContextHandler.java:doStop(910)) - Stopped o.e.j.s.ServletContextHandler@304a3655{/logs,file:///workdir/hadoop-ozone/integration-test/target/log,UNAVAILABLE}
2019-10-18 07:14:45,618 [Thread-1742] INFO  impl.FollowerState (FollowerState.java:run(108)) - c52c3de9-0ed1-4f2b-ba1d-f317ceeb0ceb@group-20BE3FF63202-FollowerState: change to CANDIDATE, lastRpcTime:146ms, electionTimeout:146ms
2019-10-18 07:14:45,618 [Thread-1742] INFO  impl.RoleInfo (RoleInfo.java:shutdownFollowerState(121)) - c52c3de9-0ed1-4f2b-ba1d-f317ceeb0ceb: shutdown FollowerState
2019-10-18 07:14:45,619 [Thread-1742] INFO  impl.RaftServerImpl (RaftServerImpl.java:setRole(184)) - c52c3de9-0ed1-4f2b-ba1d-f317ceeb0ceb@group-20BE3FF63202: changes role from  FOLLOWER to CANDIDATE at term 233 for changeToCandidate
2019-10-18 07:14:45,619 [Thread-1742] INFO  impl.RoleInfo (RoleInfo.java:updateAndGet(143)) - c52c3de9-0ed1-4f2b-ba1d-f317ceeb0ceb: start LeaderElection
2019-10-18 07:14:45,621 [main] INFO  ozone.MiniOzoneClusterImpl (MiniOzoneClusterImpl.java:stopDatanodes(415)) - Stopping the HddsDatanodes
2019-10-18 07:14:45,705 [c52c3de9-0ed1-4f2b-ba1d-f317ceeb0ceb@group-20BE3FF63202-LeaderElection190] INFO  impl.LeaderElection (LeaderElection.java:askForVotes(178)) - c52c3de9-0ed1-4f2b-ba1d-f317ceeb0ceb@group-20BE3FF63202-LeaderElection190: begin an election at term 234 for -1: [24274e9f-e41f-4654-9afc-a783ca44e44b:192.168.69.67:35902, 988115cd-21c9-4558-b198-f2cedd98ccf3:192.168.69.67:44208, c52c3de9-0ed1-4f2b-ba1d-f317ceeb0ceb:192.168.69.67:37615], old=null
2019-10-18 07:14:45,707 [grpc-default-executor-0] INFO  impl.RaftServerImpl (RaftServerImpl.java:setRole(184)) - 988115cd-21c9-4558-b198-f2cedd98ccf3@group-20BE3FF63202: changes role from  FOLLOWER to FOLLOWER at term 234 for recognizeCandidate:c52c3de9-0ed1-4f2b-ba1d-f317ceeb0ceb
2019-10-18 07:14:45,707 [grpc-default-executor-1] INFO  impl.RaftServerImpl (RaftServerImpl.java:setRole(184)) - 24274e9f-e41f-4654-9afc-a783ca44e44b@group-20BE3FF63202: changes role from  FOLLOWER to FOLLOWER at term 234 for recognizeCandidate:c52c3de9-0ed1-4f2b-ba1d-f317ceeb0ceb
2019-10-18 07:14:45,708 [grpc-default-executor-0] INFO  impl.RoleInfo (RoleInfo.java:shutdownFollowerState(121)) - 988115cd-21c9-4558-b198-f2cedd98ccf3: shutdown FollowerState
2019-10-18 07:14:45,708 [grpc-default-executor-1] INFO  impl.RoleInfo (RoleInfo.java:shutdownFollowerState(121)) - 24274e9f-e41f-4654-9afc-a783ca44e44b: shutdown FollowerState
2019-10-18 07:14:45,708 [Thread-1740] INFO  impl.FollowerState (FollowerState.java:run(117)) - 988115cd-21c9-4558-b198-f2cedd98ccf3@group-20BE3FF63202-FollowerState was interrupted: java.lang.InterruptedException: sleep interrupted
2019-10-18 07:14:45,708 [grpc-default-executor-0] INFO  impl.RoleInfo (RoleInfo.java:updateAndGet(143)) - 988115cd-21c9-4558-b198-f2cedd98ccf3: start FollowerState
2019-10-18 07:14:45,708 [grpc-default-executor-1] INFO  impl.RoleInfo (RoleInfo.java:updateAndGet(143)) - 24274e9f-e41f-4654-9afc-a783ca44e44b: start FollowerState
2019-10-18 07:14:45,708 [Thread-1741] INFO  impl.FollowerState (FollowerState.java:run(117)) - 24274e9f-e41f-4654-9afc-a783ca44e44b@group-20BE3FF63202-FollowerState was interrupted: java.lang.InterruptedException: sleep interrupted
2019-10-18 07:14:45,759 [Datanode State Machine Thread - 0] INFO  statemachine.DatanodeStateMachine (DatanodeStateMachine.java:lambda$startDaemon$0(350)) - Ozone container server started.
2019-10-18 07:14:45,775 [c52c3de9-0ed1-4f2b-ba1d-f317ceeb0ceb@group-20BE3FF63202-LeaderElection190] INFO  impl.LeaderElection (LeaderElection.java:logAndReturn(56)) - c52c3de9-0ed1-4f2b-ba1d-f317ceeb0ceb@group-20BE3FF63202-LeaderElection190: Election REJECTED; received 2 response(s) [c52c3de9-0ed1-4f2b-ba1d-f317ceeb0ceb<-24274e9f-e41f-4654-9afc-a783ca44e44b#0:FAIL-t234, c52c3de9-0ed1-4f2b-ba1d-f317ceeb0ceb<-988115cd-21c9-4558-b198-f2cedd98ccf3#0:FAIL-t234] and 0 exception(s); c52c3de9-0ed1-4f2b-ba1d-f317ceeb0ceb@group-20BE3FF63202:t234, leader=null, voted=c52c3de9-0ed1-4f2b-ba1d-f317ceeb0ceb, raftlog=c52c3de9-0ed1-4f2b-ba1d-f317ceeb0ceb@group-20BE3FF63202-SegmentedRaftLog:OPENED:c-1,f-1,i0, conf=-1: [24274e9f-e41f-4654-9afc-a783ca44e44b:192.168.69.67:35902, 988115cd-21c9-4558-b198-f2cedd98ccf3:192.168.69.67:44208, c52c3de9-0ed1-4f2b-ba1d-f317ceeb0ceb:192.168.69.67:37615], old=null
2019-10-18 07:14:45,776 [c52c3de9-0ed1-4f2b-ba1d-f317ceeb0ceb@group-20BE3FF63202-LeaderElection190] INFO  impl.RaftServerImpl (RaftServerImpl.java:setRole(184)) - c52c3de9-0ed1-4f2b-ba1d-f317ceeb0ceb@group-20BE3FF63202: changes role from CANDIDATE to FOLLOWER at term 234 for DISCOVERED_A_NEW_TERM
2019-10-18 07:14:45,776 [c52c3de9-0ed1-4f2b-ba1d-f317ceeb0ceb@group-20BE3FF63202-LeaderElection190] INFO  impl.RoleInfo (RoleInfo.java:shutdownLeaderElection(134)) - c52c3de9-0ed1-4f2b-ba1d-f317ceeb0ceb: shutdown LeaderElection
2019-10-18 07:14:45,776 [c52c3de9-0ed1-4f2b-ba1d-f317ceeb0ceb@group-20BE3FF63202-LeaderElection190] INFO  impl.RoleInfo (RoleInfo.java:updateAndGet(143)) - c52c3de9-0ed1-4f2b-ba1d-f317ceeb0ceb: start FollowerState
2019-10-18 07:14:45,836 [Thread-1749] INFO  impl.FollowerState (FollowerState.java:run(108)) - c52c3de9-0ed1-4f2b-ba1d-f317ceeb0ceb@group-20BE3FF63202-FollowerState: change to CANDIDATE, lastRpcTime:60ms, electionTimeout:60ms
2019-10-18 07:14:45,837 [Thread-1749] INFO  impl.RoleInfo (RoleInfo.java:shutdownFollowerState(121)) - c52c3de9-0ed1-4f2b-ba1d-f317ceeb0ceb: shutdown FollowerState
2019-10-18 07:14:45,837 [Thread-1749] INFO  impl.RaftServerImpl (RaftServerImpl.java:setRole(184)) - c52c3de9-0ed1-4f2b-ba1d-f317ceeb0ceb@group-20BE3FF63202: changes role from  FOLLOWER to CANDIDATE at term 234 for changeToCandidate
2019-10-18 07:14:45,837 [Thread-1749] INFO  impl.RoleInfo (RoleInfo.java:updateAndGet(143)) - c52c3de9-0ed1-4f2b-ba1d-f317ceeb0ceb: start LeaderElection
2019-10-18 07:14:45,915 [c52c3de9-0ed1-4f2b-ba1d-f317ceeb0ceb@group-20BE3FF63202-LeaderElection191] INFO  impl.LeaderElection (LeaderElection.java:askForVotes(178)) - c52c3de9-0ed1-4f2b-ba1d-f317ceeb0ceb@group-20BE3FF63202-LeaderElection191: begin an election at term 235 for -1: [24274e9f-e41f-4654-9afc-a783ca44e44b:192.168.69.67:35902, 988115cd-21c9-4558-b198-f2cedd98ccf3:192.168.69.67:44208, c52c3de9-0ed1-4f2b-ba1d-f317ceeb0ceb:192.168.69.67:37615], old=null
2019-10-18 07:14:45,917 [grpc-default-executor-1] INFO  impl.RaftServerImpl (RaftServerImpl.java:setRole(184)) - 988115cd-21c9-4558-b198-f2cedd98ccf3@group-20BE3FF63202: changes role from  FOLLOWER to FOLLOWER at term 235 for recognizeCandidate:c52c3de9-0ed1-4f2b-ba1d-f317ceeb0ceb
2019-10-18 07:14:45,917 [grpc-default-executor-0] INFO  impl.RaftServerImpl (RaftServerImpl.java:setRole(184)) - 24274e9f-e41f-4654-9afc-a783ca44e44b@group-20BE3FF63202: changes role from  FOLLOWER to FOLLOWER at term 235 for recognizeCandidate:c52c3de9-0ed1-4f2b-ba1d-f317ceeb0ceb
2019-10-18 07:14:45,918 [grpc-default-executor-0] INFO  impl.RoleInfo (RoleInfo.java:shutdownFollowerState(121)) - 24274e9f-e41f-4654-9afc-a783ca44e44b: shutdown FollowerState
2019-10-18 07:14:45,917 [grpc-default-executor-1] INFO  impl.RoleInfo (RoleInfo.java:shutdownFollowerState(121)) - 988115cd-21c9-4558-b198-f2cedd98ccf3: shutdown FollowerState
2019-10-18 07:14:45,918 [Thread-1747] INFO  impl.FollowerState (FollowerState.java:run(117)) - 24274e9f-e41f-4654-9afc-a783ca44e44b@group-20BE3FF63202-FollowerState was interrupted: java.lang.InterruptedException: sleep interrupted
2019-10-18 07:14:45,918 [grpc-default-executor-0] INFO  impl.RoleInfo (RoleInfo.java:updateAndGet(143)) - 24274e9f-e41f-4654-9afc-a783ca44e44b: start FollowerState
2019-10-18 07:14:45,918 [Thread-1746] INFO  impl.FollowerState (FollowerState.java:run(117)) - 988115cd-21c9-4558-b198-f2cedd98ccf3@group-20BE3FF63202-FollowerState was interrupted: java.lang.InterruptedException: sleep interrupted
2019-10-18 07:14:45,918 [grpc-default-executor-1] INFO  impl.RoleInfo (RoleInfo.java:updateAndGet(143)) - 988115cd-21c9-4558-b198-f2cedd98ccf3: start FollowerState
2019-10-18 07:14:45,931 [c52c3de9-0ed1-4f2b-ba1d-f317ceeb0ceb@group-20BE3FF63202-LeaderElection191] INFO  impl.LeaderElection (LeaderElection.java:logAndReturn(56)) - c52c3de9-0ed1-4f2b-ba1d-f317ceeb0ceb@group-20BE3FF63202-LeaderElection191: Election REJECTED; received 2 response(s) [c52c3de9-0ed1-4f2b-ba1d-f317ceeb0ceb<-24274e9f-e41f-4654-9afc-a783ca44e44b#0:FAIL-t235, c52c3de9-0ed1-4f2b-ba1d-f317ceeb0ceb<-988115cd-21c9-4558-b198-f2cedd98ccf3#0:FAIL-t235] and 0 exception(s); c52c3de9-0ed1-4f2b-ba1d-f317ceeb0ceb@group-20BE3FF63202:t235, leader=null, voted=c52c3de9-0ed1-4f2b-ba1d-f317ceeb0ceb, raftlog=c52c3de9-0ed1-4f2b-ba1d-f317ceeb0ceb@group-20BE3FF63202-SegmentedRaftLog:OPENED:c-1,f-1,i0, conf=-1: [24274e9f-e41f-4654-9afc-a783ca44e44b:192.168.69.67:35902, 988115cd-21c9-4558-b198-f2cedd98ccf3:192.168.69.67:44208, c52c3de9-0ed1-4f2b-ba1d-f317ceeb0ceb:192.168.69.67:37615], old=null
2019-10-18 07:14:45,931 [c52c3de9-0ed1-4f2b-ba1d-f317ceeb0ceb@group-20BE3FF63202-LeaderElection191] INFO  impl.RaftServerImpl (RaftServerImpl.java:setRole(184)) - c52c3de9-0ed1-4f2b-ba1d-f317ceeb0ceb@group-20BE3FF63202: changes role from CANDIDATE to FOLLOWER at term 235 for DISCOVERED_A_NEW_TERM
2019-10-18 07:14:45,931 [c52c3de9-0ed1-4f2b-ba1d-f317ceeb0ceb@group-20BE3FF63202-LeaderElection191] INFO  impl.RoleInfo (RoleInfo.java:shutdownLeaderElection(134)) - c52c3de9-0ed1-4f2b-ba1d-f317ceeb0ceb: shutdown LeaderElection
2019-10-18 07:14:45,931 [c52c3de9-0ed1-4f2b-ba1d-f317ceeb0ceb@group-20BE3FF63202-LeaderElection191] INFO  impl.RoleInfo (RoleInfo.java:updateAndGet(143)) - c52c3de9-0ed1-4f2b-ba1d-f317ceeb0ceb: start FollowerState
2019-10-18 07:14:46,042 [Thread-1755] INFO  impl.FollowerState (FollowerState.java:run(108)) - c52c3de9-0ed1-4f2b-ba1d-f317ceeb0ceb@group-20BE3FF63202-FollowerState: change to CANDIDATE, lastRpcTime:110ms, electionTimeout:110ms
2019-10-18 07:14:46,042 [Thread-1755] INFO  impl.RoleInfo (RoleInfo.java:shutdownFollowerState(121)) - c52c3de9-0ed1-4f2b-ba1d-f317ceeb0ceb: shutdown FollowerState
2019-10-18 07:14:46,043 [Thread-1755] INFO  impl.RaftServerImpl (RaftServerImpl.java:setRole(184)) - c52c3de9-0ed1-4f2b-ba1d-f317ceeb0ceb@group-20BE3FF63202: changes role from  FOLLOWER to CANDIDATE at term 235 for changeToCandidate
2019-10-18 07:14:46,043 [Thread-1755] INFO  impl.RoleInfo (RoleInfo.java:updateAndGet(143)) - c52c3de9-0ed1-4f2b-ba1d-f317ceeb0ceb: start LeaderElection
2019-10-18 07:14:46,069 [c52c3de9-0ed1-4f2b-ba1d-f317ceeb0ceb@group-20BE3FF63202-LeaderElection192] INFO  impl.LeaderElection (LeaderElection.java:askForVotes(178)) - c52c3de9-0ed1-4f2b-ba1d-f317ceeb0ceb@group-20BE3FF63202-LeaderElection192: begin an election at term 236 for -1: [24274e9f-e41f-4654-9afc-a783ca44e44b:192.168.69.67:35902, 988115cd-21c9-4558-b198-f2cedd98ccf3:192.168.69.67:44208, c52c3de9-0ed1-4f2b-ba1d-f317ceeb0ceb:192.168.69.67:37615], old=null
2019-10-18 07:14:46,071 [grpc-default-executor-0] INFO  impl.RaftServerImpl (RaftServerImpl.java:setRole(184)) - 24274e9f-e41f-4654-9afc-a783ca44e44b@group-20BE3FF63202: changes role from  FOLLOWER to FOLLOWER at term 236 for recognizeCandidate:c52c3de9-0ed1-4f2b-ba1d-f317ceeb0ceb
2019-10-18 07:14:46,071 [grpc-default-executor-1] INFO  impl.RaftServerImpl (RaftServerImpl.java:setRole(184)) - 988115cd-21c9-4558-b198-f2cedd98ccf3@group-20BE3FF63202: changes role from  FOLLOWER to FOLLOWER at term 236 for recognizeCandidate:c52c3de9-0ed1-4f2b-ba1d-f317ceeb0ceb
2019-10-18 07:14:46,072 [grpc-default-executor-1] INFO  impl.RoleInfo (RoleInfo.java:shutdownFollowerState(121)) - 988115cd-21c9-4558-b198-f2cedd98ccf3: shutdown FollowerState
2019-10-18 07:14:46,071 [grpc-default-executor-0] INFO  impl.RoleInfo (RoleInfo.java:shutdownFollowerState(121)) - 24274e9f-e41f-4654-9afc-a783ca44e44b: shutdown FollowerState
2019-10-18 07:14:46,072 [Thread-1754] INFO  impl.FollowerState (FollowerState.java:run(117)) - 988115cd-21c9-4558-b198-f2cedd98ccf3@group-20BE3FF63202-FollowerState was interrupted: java.lang.InterruptedException: sleep interrupted
2019-10-18 07:14:46,072 [grpc-default-executor-1] INFO  impl.RoleInfo (RoleInfo.java:updateAndGet(143)) - 988115cd-21c9-4558-b198-f2cedd98ccf3: start FollowerState
2019-10-18 07:14:46,072 [Thread-1753] INFO  impl.FollowerState (FollowerState.java:run(117)) - 24274e9f-e41f-4654-9afc-a783ca44e44b@group-20BE3FF63202-FollowerState was interrupted: java.lang.InterruptedException: sleep interrupted
2019-10-18 07:14:46,072 [grpc-default-executor-0] INFO  impl.RoleInfo (RoleInfo.java:updateAndGet(143)) - 24274e9f-e41f-4654-9afc-a783ca44e44b: start FollowerState
2019-10-18 07:14:46,093 [c52c3de9-0ed1-4f2b-ba1d-f317ceeb0ceb@group-20BE3FF63202-LeaderElection192] INFO  impl.LeaderElection (LeaderElection.java:logAndReturn(56)) - c52c3de9-0ed1-4f2b-ba1d-f317ceeb0ceb@group-20BE3FF63202-LeaderElection192: Election REJECTED; received 2 response(s) [c52c3de9-0ed1-4f2b-ba1d-f317ceeb0ceb<-24274e9f-e41f-4654-9afc-a783ca44e44b#0:FAIL-t236, c52c3de9-0ed1-4f2b-ba1d-f317ceeb0ceb<-988115cd-21c9-4558-b198-f2cedd98ccf3#0:FAIL-t236] and 0 exception(s); c52c3de9-0ed1-4f2b-ba1d-f317ceeb0ceb@group-20BE3FF63202:t236, leader=null, voted=c52c3de9-0ed1-4f2b-ba1d-f317ceeb0ceb, raftlog=c52c3de9-0ed1-4f2b-ba1d-f317ceeb0ceb@group-20BE3FF63202-SegmentedRaftLog:OPENED:c-1,f-1,i0, conf=-1: [24274e9f-e41f-4654-9afc-a783ca44e44b:192.168.69.67:35902, 988115cd-21c9-4558-b198-f2cedd98ccf3:192.168.69.67:44208, c52c3de9-0ed1-4f2b-ba1d-f317ceeb0ceb:192.168.69.67:37615], old=null
2019-10-18 07:14:46,093 [c52c3de9-0ed1-4f2b-ba1d-f317ceeb0ceb@group-20BE3FF63202-LeaderElection192] INFO  impl.RaftServerImpl (RaftServerImpl.java:setRole(184)) - c52c3de9-0ed1-4f2b-ba1d-f317ceeb0ceb@group-20BE3FF63202: changes role from CANDIDATE to FOLLOWER at term 236 for DISCOVERED_A_NEW_TERM
2019-10-18 07:14:46,093 [c52c3de9-0ed1-4f2b-ba1d-f317ceeb0ceb@group-20BE3FF63202-LeaderElection192] INFO  impl.RoleInfo (RoleInfo.java:shutdownLeaderElection(134)) - c52c3de9-0ed1-4f2b-ba1d-f317ceeb0ceb: shutdown LeaderElection
2019-10-18 07:14:46,093 [c52c3de9-0ed1-4f2b-ba1d-f317ceeb0ceb@group-20BE3FF63202-LeaderElection192] INFO  impl.RoleInfo (RoleInfo.java:updateAndGet(143)) - c52c3de9-0ed1-4f2b-ba1d-f317ceeb0ceb: start FollowerState
2019-10-18 07:14:46,116 [Thread-1761] INFO  impl.FollowerState (FollowerState.java:run(108)) - c52c3de9-0ed1-4f2b-ba1d-f317ceeb0ceb@group-20BE3FF63202-FollowerState: change to CANDIDATE, lastRpcTime:22ms, electionTimeout:22ms
2019-10-18 07:14:46,116 [Thread-1761] INFO  impl.RoleInfo (RoleInfo.java:shutdownFollowerState(121)) - c52c3de9-0ed1-4f2b-ba1d-f317ceeb0ceb: shutdown FollowerState
2019-10-18 07:14:46,116 [Thread-1761] INFO  impl.RaftServerImpl (RaftServerImpl.java:setRole(184)) - c52c3de9-0ed1-4f2b-ba1d-f317ceeb0ceb@group-20BE3FF63202: changes role from  FOLLOWER to CANDIDATE at term 236 for changeToCandidate
2019-10-18 07:14:46,116 [Thread-1761] INFO  impl.RoleInfo (RoleInfo.java:updateAndGet(143)) - c52c3de9-0ed1-4f2b-ba1d-f317ceeb0ceb: start LeaderElection
2019-10-18 07:14:46,136 [Datanode State Machine Thread - 0] INFO  statemachine.DatanodeStateMachine (DatanodeStateMachine.java:lambda$startDaemon$0(350)) - Ozone container server started.
2019-10-18 07:14:46,159 [c52c3de9-0ed1-4f2b-ba1d-f317ceeb0ceb@group-20BE3FF63202-LeaderElection193] INFO  impl.LeaderElection (LeaderElection.java:askForVotes(178)) - c52c3de9-0ed1-4f2b-ba1d-f317ceeb0ceb@group-20BE3FF63202-LeaderElection193: begin an election at term 237 for -1: [24274e9f-e41f-4654-9afc-a783ca44e44b:192.168.69.67:35902, 988115cd-21c9-4558-b198-f2cedd98ccf3:192.168.69.67:44208, c52c3de9-0ed1-4f2b-ba1d-f317ceeb0ceb:192.168.69.67:37615], old=null
2019-10-18 07:14:46,161 [grpc-default-executor-0] INFO  impl.RaftServerImpl (RaftServerImpl.java:setRole(184)) - 988115cd-21c9-4558-b198-f2cedd98ccf3@group-20BE3FF63202: changes role from  FOLLOWER to FOLLOWER at term 237 for recognizeCandidate:c52c3de9-0ed1-4f2b-ba1d-f317ceeb0ceb
2019-10-18 07:14:46,161 [grpc-default-executor-5] INFO  impl.RaftServerImpl (RaftServerImpl.java:setRole(184)) - 24274e9f-e41f-4654-9afc-a783ca44e44b@group-20BE3FF63202: changes role from  FOLLOWER to FOLLOWER at term 237 for recognizeCandidate:c52c3de9-0ed1-4f2b-ba1d-f317ceeb0ceb
2019-10-18 07:14:46,162 [grpc-default-executor-0] INFO  impl.RoleInfo (RoleInfo.java:shutdownFollowerState(121)) - 988115cd-21c9-4558-b198-f2cedd98ccf3: shutdown FollowerState
2019-10-18 07:14:46,162 [grpc-default-executor-5] INFO  impl.RoleInfo (RoleInfo.java:shutdownFollowerState(121)) - 24274e9f-e41f-4654-9afc-a783ca44e44b: shutdown FollowerState
2019-10-18 07:14:46,162 [Thread-1759] INFO  impl.FollowerState (FollowerState.java:run(117)) - 988115cd-21c9-4558-b198-f2cedd98ccf3@group-20BE3FF63202-FollowerState was interrupted: java.lang.InterruptedException: sleep interrupted
2019-10-18 07:14:46,162 [grpc-default-executor-0] INFO  impl.RoleInfo (RoleInfo.java:updateAndGet(143)) - 988115cd-21c9-4558-b198-f2cedd98ccf3: start FollowerState
2019-10-18 07:14:46,162 [Thread-1760] INFO  impl.FollowerState (FollowerState.java:run(117)) - 24274e9f-e41f-4654-9afc-a783ca44e44b@group-20BE3FF63202-FollowerState was interrupted: java.lang.InterruptedException: sleep interrupted
2019-10-18 07:14:46,162 [grpc-default-executor-5] INFO  impl.RoleInfo (RoleInfo.java:updateAndGet(143)) - 24274e9f-e41f-4654-9afc-a783ca44e44b: start FollowerState
2019-10-18 07:14:46,195 [c52c3de9-0ed1-4f2b-ba1d-f317ceeb0ceb@group-20BE3FF63202-LeaderElection193] INFO  impl.LeaderElection (LeaderElection.java:logAndReturn(56)) - c52c3de9-0ed1-4f2b-ba1d-f317ceeb0ceb@group-20BE3FF63202-LeaderElection193: Election REJECTED; received 2 response(s) [c52c3de9-0ed1-4f2b-ba1d-f317ceeb0ceb<-24274e9f-e41f-4654-9afc-a783ca44e44b#0:FAIL-t237, c52c3de9-0ed1-4f2b-ba1d-f317ceeb0ceb<-988115cd-21c9-4558-b198-f2cedd98ccf3#0:FAIL-t237] and 0 exception(s); c52c3de9-0ed1-4f2b-ba1d-f317ceeb0ceb@group-20BE3FF63202:t237, leader=null, voted=c52c3de9-0ed1-4f2b-ba1d-f317ceeb0ceb, raftlog=c52c3de9-0ed1-4f2b-ba1d-f317ceeb0ceb@group-20BE3FF63202-SegmentedRaftLog:OPENED:c-1,f-1,i0, conf=-1: [24274e9f-e41f-4654-9afc-a783ca44e44b:192.168.69.67:35902, 988115cd-21c9-4558-b198-f2cedd98ccf3:192.168.69.67:44208, c52c3de9-0ed1-4f2b-ba1d-f317ceeb0ceb:192.168.69.67:37615], old=null
2019-10-18 07:14:46,195 [c52c3de9-0ed1-4f2b-ba1d-f317ceeb0ceb@group-20BE3FF63202-LeaderElection193] INFO  impl.RaftServerImpl (RaftServerImpl.java:setRole(184)) - c52c3de9-0ed1-4f2b-ba1d-f317ceeb0ceb@group-20BE3FF63202: changes role from CANDIDATE to FOLLOWER at term 237 for DISCOVERED_A_NEW_TERM
2019-10-18 07:14:46,195 [c52c3de9-0ed1-4f2b-ba1d-f317ceeb0ceb@group-20BE3FF63202-LeaderElection193] INFO  impl.RoleInfo (RoleInfo.java:shutdownLeaderElection(134)) - c52c3de9-0ed1-4f2b-ba1d-f317ceeb0ceb: shutdown LeaderElection
2019-10-18 07:14:46,195 [c52c3de9-0ed1-4f2b-ba1d-f317ceeb0ceb@group-20BE3FF63202-LeaderElection193] INFO  impl.RoleInfo (RoleInfo.java:updateAndGet(143)) - c52c3de9-0ed1-4f2b-ba1d-f317ceeb0ceb: start FollowerState
2019-10-18 07:14:46,311 [Thread-1767] INFO  impl.FollowerState (FollowerState.java:run(108)) - c52c3de9-0ed1-4f2b-ba1d-f317ceeb0ceb@group-20BE3FF63202-FollowerState: change to CANDIDATE, lastRpcTime:115ms, electionTimeout:115ms
2019-10-18 07:14:46,311 [Thread-1767] INFO  impl.RoleInfo (RoleInfo.java:shutdownFollowerState(121)) - c52c3de9-0ed1-4f2b-ba1d-f317ceeb0ceb: shutdown FollowerState
2019-10-18 07:14:46,311 [Thread-1767] INFO  impl.RaftServerImpl (RaftServerImpl.java:setRole(184)) - c52c3de9-0ed1-4f2b-ba1d-f317ceeb0ceb@group-20BE3FF63202: changes role from  FOLLOWER to CANDIDATE at term 237 for changeToCandidate
2019-10-18 07:14:46,312 [Thread-1767] INFO  impl.RoleInfo (RoleInfo.java:updateAndGet(143)) - c52c3de9-0ed1-4f2b-ba1d-f317ceeb0ceb: start LeaderElection
2019-10-18 07:14:46,337 [c52c3de9-0ed1-4f2b-ba1d-f317ceeb0ceb@group-20BE3FF63202-LeaderElection194] INFO  impl.LeaderElection (LeaderElection.java:askForVotes(178)) - c52c3de9-0ed1-4f2b-ba1d-f317ceeb0ceb@group-20BE3FF63202-LeaderElection194: begin an election at term 238 for -1: [24274e9f-e41f-4654-9afc-a783ca44e44b:192.168.69.67:35902, 988115cd-21c9-4558-b198-f2cedd98ccf3:192.168.69.67:44208, c52c3de9-0ed1-4f2b-ba1d-f317ceeb0ceb:192.168.69.67:37615], old=null
2019-10-18 07:14:46,339 [grpc-default-executor-0] INFO  impl.RaftServerImpl (RaftServerImpl.java:setRole(184)) - 988115cd-21c9-4558-b198-f2cedd98ccf3@group-20BE3FF63202: changes role from  FOLLOWER to FOLLOWER at term 238 for recognizeCandidate:c52c3de9-0ed1-4f2b-ba1d-f317ceeb0ceb
2019-10-18 07:14:46,339 [grpc-default-executor-5] INFO  impl.RaftServerImpl (RaftServerImpl.java:setRole(184)) - 24274e9f-e41f-4654-9afc-a783ca44e44b@group-20BE3FF63202: changes role from  FOLLOWER to FOLLOWER at term 238 for recognizeCandidate:c52c3de9-0ed1-4f2b-ba1d-f317ceeb0ceb
2019-10-18 07:14:46,339 [grpc-default-executor-0] INFO  impl.RoleInfo (RoleInfo.java:shutdownFollowerState(121)) - 988115cd-21c9-4558-b198-f2cedd98ccf3: shutdown FollowerState
2019-10-18 07:14:46,339 [grpc-default-executor-5] INFO  impl.RoleInfo (RoleInfo.java:shutdownFollowerState(121)) - 24274e9f-e41f-4654-9afc-a783ca44e44b: shutdown FollowerState
2019-10-18 07:14:46,340 [Thread-1765] INFO  impl.FollowerState (FollowerState.java:run(117)) - 988115cd-21c9-4558-b198-f2cedd98ccf3@group-20BE3FF63202-FollowerState was interrupted: java.lang.InterruptedException: sleep interrupted
2019-10-18 07:14:46,340 [Thread-1766] INFO  impl.FollowerState (FollowerState.java:run(117)) - 24274e9f-e41f-4654-9afc-a783ca44e44b@group-20BE3FF63202-FollowerState was interrupted: java.lang.InterruptedException: sleep interrupted
2019-10-18 07:14:46,340 [grpc-default-executor-5] INFO  impl.RoleInfo (RoleInfo.java:updateAndGet(143)) - 24274e9f-e41f-4654-9afc-a783ca44e44b: start FollowerState
2019-10-18 07:14:46,340 [grpc-default-executor-0] INFO  impl.RoleInfo (RoleInfo.java:updateAndGet(143)) - 988115cd-21c9-4558-b198-f2cedd98ccf3: start FollowerState
2019-10-18 07:14:46,355 [c52c3de9-0ed1-4f2b-ba1d-f317ceeb0ceb@group-20BE3FF63202-LeaderElection194] INFO  impl.LeaderElection (LeaderElection.java:logAndReturn(56)) - c52c3de9-0ed1-4f2b-ba1d-f317ceeb0ceb@group-20BE3FF63202-LeaderElection194: Election REJECTED; received 2 response(s) [c52c3de9-0ed1-4f2b-ba1d-f317ceeb0ceb<-24274e9f-e41f-4654-9afc-a783ca44e44b#0:FAIL-t238, c52c3de9-0ed1-4f2b-ba1d-f317ceeb0ceb<-988115cd-21c9-4558-b198-f2cedd98ccf3#0:FAIL-t238] and 0 exception(s); c52c3de9-0ed1-4f2b-ba1d-f317ceeb0ceb@group-20BE3FF63202:t238, leader=null, voted=c52c3de9-0ed1-4f2b-ba1d-f317ceeb0ceb, raftlog=c52c3de9-0ed1-4f2b-ba1d-f317ceeb0ceb@group-20BE3FF63202-SegmentedRaftLog:OPENED:c-1,f-1,i0, conf=-1: [24274e9f-e41f-4654-9afc-a783ca44e44b:192.168.69.67:35902, 988115cd-21c9-4558-b198-f2cedd98ccf3:192.168.69.67:44208, c52c3de9-0ed1-4f2b-ba1d-f317ceeb0ceb:192.168.69.67:37615], old=null
2019-10-18 07:14:46,355 [c52c3de9-0ed1-4f2b-ba1d-f317ceeb0ceb@group-20BE3FF63202-LeaderElection194] INFO  impl.RaftServerImpl (RaftServerImpl.java:setRole(184)) - c52c3de9-0ed1-4f2b-ba1d-f317ceeb0ceb@group-20BE3FF63202: changes role from CANDIDATE to FOLLOWER at term 238 for DISCOVERED_A_NEW_TERM
2019-10-18 07:14:46,355 [c52c3de9-0ed1-4f2b-ba1d-f317ceeb0ceb@group-20BE3FF63202-LeaderElection194] INFO  impl.RoleInfo (RoleInfo.java:shutdownLeaderElection(134)) - c52c3de9-0ed1-4f2b-ba1d-f317ceeb0ceb: shutdown LeaderElection
2019-10-18 07:14:46,356 [c52c3de9-0ed1-4f2b-ba1d-f317ceeb0ceb@group-20BE3FF63202-LeaderElection194] INFO  impl.RoleInfo (RoleInfo.java:updateAndGet(143)) - c52c3de9-0ed1-4f2b-ba1d-f317ceeb0ceb: start FollowerState
2019-10-18 07:14:46,502 [Thread-1773] INFO  impl.FollowerState (FollowerState.java:run(108)) - c52c3de9-0ed1-4f2b-ba1d-f317ceeb0ceb@group-20BE3FF63202-FollowerState: change to CANDIDATE, lastRpcTime:146ms, electionTimeout:146ms
2019-10-18 07:14:46,502 [Thread-1773] INFO  impl.RoleInfo (RoleInfo.java:shutdownFollowerState(121)) - c52c3de9-0ed1-4f2b-ba1d-f317ceeb0ceb: shutdown FollowerState
2019-10-18 07:14:46,502 [Thread-1773] INFO  impl.RaftServerImpl (RaftServerImpl.java:setRole(184)) - c52c3de9-0ed1-4f2b-ba1d-f317ceeb0ceb@group-20BE3FF63202: changes role from  FOLLOWER to CANDIDATE at term 238 for changeToCandidate
2019-10-18 07:14:46,503 [Thread-1773] INFO  impl.RoleInfo (RoleInfo.java:updateAndGet(143)) - c52c3de9-0ed1-4f2b-ba1d-f317ceeb0ceb: start LeaderElection
2019-10-18 07:14:46,516 [c52c3de9-0ed1-4f2b-ba1d-f317ceeb0ceb@group-20BE3FF63202-LeaderElection195] INFO  impl.LeaderElection (LeaderElection.java:askForVotes(178)) - c52c3de9-0ed1-4f2b-ba1d-f317ceeb0ceb@group-20BE3FF63202-LeaderElection195: begin an election at term 239 for -1: [24274e9f-e41f-4654-9afc-a783ca44e44b:192.168.69.67:35902, 988115cd-21c9-4558-b198-f2cedd98ccf3:192.168.69.67:44208, c52c3de9-0ed1-4f2b-ba1d-f317ceeb0ceb:192.168.69.67:37615], old=null
2019-10-18 07:14:46,519 [grpc-default-executor-0] INFO  impl.RaftServerImpl (RaftServerImpl.java:setRole(184)) - 988115cd-21c9-4558-b198-f2cedd98ccf3@group-20BE3FF63202: changes role from  FOLLOWER to FOLLOWER at term 239 for recognizeCandidate:c52c3de9-0ed1-4f2b-ba1d-f317ceeb0ceb
2019-10-18 07:14:46,519 [grpc-default-executor-0] INFO  impl.RoleInfo (RoleInfo.java:shutdownFollowerState(121)) - 988115cd-21c9-4558-b198-f2cedd98ccf3: shutdown FollowerState
2019-10-18 07:14:46,519 [grpc-default-executor-5] INFO  impl.RaftServerImpl (RaftServerImpl.java:setRole(184)) - 24274e9f-e41f-4654-9afc-a783ca44e44b@group-20BE3FF63202: changes role from  FOLLOWER to FOLLOWER at term 239 for recognizeCandidate:c52c3de9-0ed1-4f2b-ba1d-f317ceeb0ceb
2019-10-18 07:14:46,519 [grpc-default-executor-0] INFO  impl.RoleInfo (RoleInfo.java:updateAndGet(143)) - 988115cd-21c9-4558-b198-f2cedd98ccf3: start FollowerState
2019-10-18 07:14:46,519 [Thread-1771] INFO  impl.FollowerState (FollowerState.java:run(117)) - 988115cd-21c9-4558-b198-f2cedd98ccf3@group-20BE3FF63202-FollowerState was interrupted: java.lang.InterruptedException: sleep interrupted
2019-10-18 07:14:46,519 [grpc-default-executor-5] INFO  impl.RoleInfo (RoleInfo.java:shutdownFollowerState(121)) - 24274e9f-e41f-4654-9afc-a783ca44e44b: shutdown FollowerState
2019-10-18 07:14:46,520 [grpc-default-executor-5] INFO  impl.RoleInfo (RoleInfo.java:updateAndGet(143)) - 24274e9f-e41f-4654-9afc-a783ca44e44b: start FollowerState
2019-10-18 07:14:46,520 [Thread-1772] INFO  impl.FollowerState (FollowerState.java:run(117)) - 24274e9f-e41f-4654-9afc-a783ca44e44b@group-20BE3FF63202-FollowerState was interrupted: java.lang.InterruptedException: sleep interrupted
2019-10-18 07:14:46,528 [c52c3de9-0ed1-4f2b-ba1d-f317ceeb0ceb@group-20BE3FF63202-LeaderElection195] INFO  impl.LeaderElection (LeaderElection.java:logAndReturn(56)) - c52c3de9-0ed1-4f2b-ba1d-f317ceeb0ceb@group-20BE3FF63202-LeaderElection195: Election REJECTED; received 2 response(s) [c52c3de9-0ed1-4f2b-ba1d-f317ceeb0ceb<-24274e9f-e41f-4654-9afc-a783ca44e44b#0:FAIL-t239, c52c3de9-0ed1-4f2b-ba1d-f317ceeb0ceb<-988115cd-21c9-4558-b198-f2cedd98ccf3#0:FAIL-t239] and 0 exception(s); c52c3de9-0ed1-4f2b-ba1d-f317ceeb0ceb@group-20BE3FF63202:t239, leader=null, voted=c52c3de9-0ed1-4f2b-ba1d-f317ceeb0ceb, raftlog=c52c3de9-0ed1-4f2b-ba1d-f317ceeb0ceb@group-20BE3FF63202-SegmentedRaftLog:OPENED:c-1,f-1,i0, conf=-1: [24274e9f-e41f-4654-9afc-a783ca44e44b:192.168.69.67:35902, 988115cd-21c9-4558-b198-f2cedd98ccf3:192.168.69.67:44208, c52c3de9-0ed1-4f2b-ba1d-f317ceeb0ceb:192.168.69.67:37615], old=null
2019-10-18 07:14:46,528 [c52c3de9-0ed1-4f2b-ba1d-f317ceeb0ceb@group-20BE3FF63202-LeaderElection195] INFO  impl.RaftServerImpl (RaftServerImpl.java:setRole(184)) - c52c3de9-0ed1-4f2b-ba1d-f317ceeb0ceb@group-20BE3FF63202: changes role from CANDIDATE to FOLLOWER at term 239 for DISCOVERED_A_NEW_TERM
2019-10-18 07:14:46,528 [c52c3de9-0ed1-4f2b-ba1d-f317ceeb0ceb@group-20BE3FF63202-LeaderElection195] INFO  impl.RoleInfo (RoleInfo.java:shutdownLeaderElection(134)) - c52c3de9-0ed1-4f2b-ba1d-f317ceeb0ceb: shutdown LeaderElection
2019-10-18 07:14:46,529 [c52c3de9-0ed1-4f2b-ba1d-f317ceeb0ceb@group-20BE3FF63202-LeaderElection195] INFO  impl.RoleInfo (RoleInfo.java:updateAndGet(143)) - c52c3de9-0ed1-4f2b-ba1d-f317ceeb0ceb: start FollowerState
2019-10-18 07:14:46,533 [Thread-1779] INFO  impl.FollowerState (FollowerState.java:run(108)) - c52c3de9-0ed1-4f2b-ba1d-f317ceeb0ceb@group-20BE3FF63202-FollowerState: change to CANDIDATE, lastRpcTime:4ms, electionTimeout:4ms
2019-10-18 07:14:46,533 [Thread-1779] INFO  impl.RoleInfo (RoleInfo.java:shutdownFollowerState(121)) - c52c3de9-0ed1-4f2b-ba1d-f317ceeb0ceb: shutdown FollowerState
2019-10-18 07:14:46,533 [Thread-1779] INFO  impl.RaftServerImpl (RaftServerImpl.java:setRole(184)) - c52c3de9-0ed1-4f2b-ba1d-f317ceeb0ceb@group-20BE3FF63202: changes role from  FOLLOWER to CANDIDATE at term 239 for changeToCandidate
2019-10-18 07:14:46,533 [Thread-1779] INFO  impl.RoleInfo (RoleInfo.java:updateAndGet(143)) - c52c3de9-0ed1-4f2b-ba1d-f317ceeb0ceb: start LeaderElection
2019-10-18 07:14:46,556 [c52c3de9-0ed1-4f2b-ba1d-f317ceeb0ceb@group-20BE3FF63202-LeaderElection196] INFO  impl.LeaderElection (LeaderElection.java:askForVotes(178)) - c52c3de9-0ed1-4f2b-ba1d-f317ceeb0ceb@group-20BE3FF63202-LeaderElection196: begin an election at term 240 for -1: [24274e9f-e41f-4654-9afc-a783ca44e44b:192.168.69.67:35902, 988115cd-21c9-4558-b198-f2cedd98ccf3:192.168.69.67:44208, c52c3de9-0ed1-4f2b-ba1d-f317ceeb0ceb:192.168.69.67:37615], old=null
2019-10-18 07:14:46,558 [grpc-default-executor-5] INFO  impl.RaftServerImpl (RaftServerImpl.java:setRole(184)) - 24274e9f-e41f-4654-9afc-a783ca44e44b@group-20BE3FF63202: changes role from  FOLLOWER to FOLLOWER at term 240 for recognizeCandidate:c52c3de9-0ed1-4f2b-ba1d-f317ceeb0ceb
2019-10-18 07:14:46,558 [grpc-default-executor-5] INFO  impl.RoleInfo (RoleInfo.java:shutdownFollowerState(121)) - 24274e9f-e41f-4654-9afc-a783ca44e44b: shutdown FollowerState
2019-10-18 07:14:46,558 [grpc-default-executor-0] INFO  impl.RaftServerImpl (RaftServerImpl.java:setRole(184)) - 988115cd-21c9-4558-b198-f2cedd98ccf3@group-20BE3FF63202: changes role from  FOLLOWER to FOLLOWER at term 240 for recognizeCandidate:c52c3de9-0ed1-4f2b-ba1d-f317ceeb0ceb
2019-10-18 07:14:46,559 [grpc-default-executor-0] INFO  impl.RoleInfo (RoleInfo.java:shutdownFollowerState(121)) - 988115cd-21c9-4558-b198-f2cedd98ccf3: shutdown FollowerState
2019-10-18 07:14:46,558 [grpc-default-executor-5] INFO  impl.RoleInfo (RoleInfo.java:updateAndGet(143)) - 24274e9f-e41f-4654-9afc-a783ca44e44b: start FollowerState
2019-10-18 07:14:46,558 [Thread-1778] INFO  impl.FollowerState (FollowerState.java:run(117)) - 24274e9f-e41f-4654-9afc-a783ca44e44b@group-20BE3FF63202-FollowerState was interrupted: java.lang.InterruptedException: sleep interrupted
2019-10-18 07:14:46,559 [grpc-default-executor-0] INFO  impl.RoleInfo (RoleInfo.java:updateAndGet(143)) - 988115cd-21c9-4558-b198-f2cedd98ccf3: start FollowerState
2019-10-18 07:14:46,559 [Thread-1777] INFO  impl.FollowerState (FollowerState.java:run(117)) - 988115cd-21c9-4558-b198-f2cedd98ccf3@group-20BE3FF63202-FollowerState was interrupted: java.lang.InterruptedException: sleep interrupted
2019-10-18 07:14:46,566 [c52c3de9-0ed1-4f2b-ba1d-f317ceeb0ceb@group-20BE3FF63202-LeaderElection196] INFO  impl.LeaderElection (LeaderElection.java:logAndReturn(56)) - c52c3de9-0ed1-4f2b-ba1d-f317ceeb0ceb@group-20BE3FF63202-LeaderElection196: Election REJECTED; received 2 response(s) [c52c3de9-0ed1-4f2b-ba1d-f317ceeb0ceb<-24274e9f-e41f-4654-9afc-a783ca44e44b#0:FAIL-t240, c52c3de9-0ed1-4f2b-ba1d-f317ceeb0ceb<-988115cd-21c9-4558-b198-f2cedd98ccf3#0:FAIL-t240] and 0 exception(s); c52c3de9-0ed1-4f2b-ba1d-f317ceeb0ceb@group-20BE3FF63202:t240, leader=null, voted=c52c3de9-0ed1-4f2b-ba1d-f317ceeb0ceb, raftlog=c52c3de9-0ed1-4f2b-ba1d-f317ceeb0ceb@group-20BE3FF63202-SegmentedRaftLog:OPENED:c-1,f-1,i0, conf=-1: [24274e9f-e41f-4654-9afc-a783ca44e44b:192.168.69.67:35902, 988115cd-21c9-4558-b198-f2cedd98ccf3:192.168.69.67:44208, c52c3de9-0ed1-4f2b-ba1d-f317ceeb0ceb:192.168.69.67:37615], old=null
2019-10-18 07:14:46,566 [c52c3de9-0ed1-4f2b-ba1d-f317ceeb0ceb@group-20BE3FF63202-LeaderElection196] INFO  impl.RaftServerImpl (RaftServerImpl.java:setRole(184)) - c52c3de9-0ed1-4f2b-ba1d-f317ceeb0ceb@group-20BE3FF63202: changes role from CANDIDATE to FOLLOWER at term 240 for DISCOVERED_A_NEW_TERM
2019-10-18 07:14:46,566 [c52c3de9-0ed1-4f2b-ba1d-f317ceeb0ceb@group-20BE3FF63202-LeaderElection196] INFO  impl.RoleInfo (RoleInfo.java:shutdownLeaderElection(134)) - c52c3de9-0ed1-4f2b-ba1d-f317ceeb0ceb: shutdown LeaderElection
2019-10-18 07:14:46,566 [c52c3de9-0ed1-4f2b-ba1d-f317ceeb0ceb@group-20BE3FF63202-LeaderElection196] INFO  impl.RoleInfo (RoleInfo.java:updateAndGet(143)) - c52c3de9-0ed1-4f2b-ba1d-f317ceeb0ceb: start FollowerState
2019-10-18 07:14:46,717 [Thread-1785] INFO  impl.FollowerState (FollowerState.java:run(108)) - c52c3de9-0ed1-4f2b-ba1d-f317ceeb0ceb@group-20BE3FF63202-FollowerState: change to CANDIDATE, lastRpcTime:150ms, electionTimeout:150ms
2019-10-18 07:14:46,717 [Thread-1785] INFO  impl.RoleInfo (RoleInfo.java:shutdownFollowerState(121)) - c52c3de9-0ed1-4f2b-ba1d-f317ceeb0ceb: shutdown FollowerState
2019-10-18 07:14:46,717 [Thread-1785] INFO  impl.RaftServerImpl (RaftServerImpl.java:setRole(184)) - c52c3de9-0ed1-4f2b-ba1d-f317ceeb0ceb@group-20BE3FF63202: changes role from  FOLLOWER to CANDIDATE at term 240 for changeToCandidate
2019-10-18 07:14:46,717 [Thread-1785] INFO  impl.RoleInfo (RoleInfo.java:updateAndGet(143)) - c52c3de9-0ed1-4f2b-ba1d-f317ceeb0ceb: start LeaderElection
2019-10-18 07:14:46,735 [c52c3de9-0ed1-4f2b-ba1d-f317ceeb0ceb@group-20BE3FF63202-LeaderElection197] INFO  impl.LeaderElection (LeaderElection.java:askForVotes(178)) - c52c3de9-0ed1-4f2b-ba1d-f317ceeb0ceb@group-20BE3FF63202-LeaderElection197: begin an election at term 241 for -1: [24274e9f-e41f-4654-9afc-a783ca44e44b:192.168.69.67:35902, 988115cd-21c9-4558-b198-f2cedd98ccf3:192.168.69.67:44208, c52c3de9-0ed1-4f2b-ba1d-f317ceeb0ceb:192.168.69.67:37615], old=null
2019-10-18 07:14:46,737 [grpc-default-executor-0] INFO  impl.RaftServerImpl (RaftServerImpl.java:setRole(184)) - 24274e9f-e41f-4654-9afc-a783ca44e44b@group-20BE3FF63202: changes role from  FOLLOWER to FOLLOWER at term 241 for recognizeCandidate:c52c3de9-0ed1-4f2b-ba1d-f317ceeb0ceb
2019-10-18 07:14:46,738 [grpc-default-executor-0] INFO  impl.RoleInfo (RoleInfo.java:shutdownFollowerState(121)) - 24274e9f-e41f-4654-9afc-a783ca44e44b: shutdown FollowerState
2019-10-18 07:14:46,738 [grpc-default-executor-5] INFO  impl.RaftServerImpl (RaftServerImpl.java:setRole(184)) - 988115cd-21c9-4558-b198-f2cedd98ccf3@group-20BE3FF63202: changes role from  FOLLOWER to FOLLOWER at term 241 for recognizeCandidate:c52c3de9-0ed1-4f2b-ba1d-f317ceeb0ceb
2019-10-18 07:14:46,738 [Thread-1783] INFO  impl.FollowerState (FollowerState.java:run(117)) - 24274e9f-e41f-4654-9afc-a783ca44e44b@group-20BE3FF63202-FollowerState was interrupted: java.lang.InterruptedException: sleep interrupted
2019-10-18 07:14:46,738 [grpc-default-executor-0] INFO  impl.RoleInfo (RoleInfo.java:updateAndGet(143)) - 24274e9f-e41f-4654-9afc-a783ca44e44b: start FollowerState
2019-10-18 07:14:46,738 [grpc-default-executor-5] INFO  impl.RoleInfo (RoleInfo.java:shutdownFollowerState(121)) - 988115cd-21c9-4558-b198-f2cedd98ccf3: shutdown FollowerState
2019-10-18 07:14:46,738 [grpc-default-executor-5] INFO  impl.RoleInfo (RoleInfo.java:updateAndGet(143)) - 988115cd-21c9-4558-b198-f2cedd98ccf3: start FollowerState
2019-10-18 07:14:46,738 [Thread-1784] INFO  impl.FollowerState (FollowerState.java:run(117)) - 988115cd-21c9-4558-b198-f2cedd98ccf3@group-20BE3FF63202-FollowerState was interrupted: java.lang.InterruptedException: sleep interrupted
2019-10-18 07:14:46,747 [c52c3de9-0ed1-4f2b-ba1d-f317ceeb0ceb@group-20BE3FF63202-LeaderElection197] INFO  impl.LeaderElection (LeaderElection.java:logAndReturn(56)) - c52c3de9-0ed1-4f2b-ba1d-f317ceeb0ceb@group-20BE3FF63202-LeaderElection197: Election REJECTED; received 2 response(s) [c52c3de9-0ed1-4f2b-ba1d-f317ceeb0ceb<-24274e9f-e41f-4654-9afc-a783ca44e44b#0:FAIL-t241, c52c3de9-0ed1-4f2b-ba1d-f317ceeb0ceb<-988115cd-21c9-4558-b198-f2cedd98ccf3#0:FAIL-t241] and 0 exception(s); c52c3de9-0ed1-4f2b-ba1d-f317ceeb0ceb@group-20BE3FF63202:t241, leader=null, voted=c52c3de9-0ed1-4f2b-ba1d-f317ceeb0ceb, raftlog=c52c3de9-0ed1-4f2b-ba1d-f317ceeb0ceb@group-20BE3FF63202-SegmentedRaftLog:OPENED:c-1,f-1,i0, conf=-1: [24274e9f-e41f-4654-9afc-a783ca44e44b:192.168.69.67:35902, 988115cd-21c9-4558-b198-f2cedd98ccf3:192.168.69.67:44208, c52c3de9-0ed1-4f2b-ba1d-f317ceeb0ceb:192.168.69.67:37615], old=null
2019-10-18 07:14:46,747 [c52c3de9-0ed1-4f2b-ba1d-f317ceeb0ceb@group-20BE3FF63202-LeaderElection197] INFO  impl.RaftServerImpl (RaftServerImpl.java:setRole(184)) - c52c3de9-0ed1-4f2b-ba1d-f317ceeb0ceb@group-20BE3FF63202: changes role from CANDIDATE to FOLLOWER at term 241 for DISCOVERED_A_NEW_TERM
2019-10-18 07:14:46,747 [c52c3de9-0ed1-4f2b-ba1d-f317ceeb0ceb@group-20BE3FF63202-LeaderElection197] INFO  impl.RoleInfo (RoleInfo.java:shutdownLeaderElection(134)) - c52c3de9-0ed1-4f2b-ba1d-f317ceeb0ceb: shutdown LeaderElection
2019-10-18 07:14:46,747 [c52c3de9-0ed1-4f2b-ba1d-f317ceeb0ceb@group-20BE3FF63202-LeaderElection197] INFO  impl.RoleInfo (RoleInfo.java:updateAndGet(143)) - c52c3de9-0ed1-4f2b-ba1d-f317ceeb0ceb: start FollowerState
2019-10-18 07:14:46,797 [Thread-1791] INFO  impl.FollowerState (FollowerState.java:run(108)) - c52c3de9-0ed1-4f2b-ba1d-f317ceeb0ceb@group-20BE3FF63202-FollowerState: change to CANDIDATE, lastRpcTime:49ms, electionTimeout:49ms
2019-10-18 07:14:46,797 [Thread-1791] INFO  impl.RoleInfo (RoleInfo.java:shutdownFollowerState(121)) - c52c3de9-0ed1-4f2b-ba1d-f317ceeb0ceb: shutdown FollowerState
2019-10-18 07:14:46,797 [Thread-1791] INFO  impl.RaftServerImpl (RaftServerImpl.java:setRole(184)) - c52c3de9-0ed1-4f2b-ba1d-f317ceeb0ceb@group-20BE3FF63202: changes role from  FOLLOWER to CANDIDATE at term 241 for changeToCandidate
2019-10-18 07:14:46,797 [Thread-1791] INFO  impl.RoleInfo (RoleInfo.java:updateAndGet(143)) - c52c3de9-0ed1-4f2b-ba1d-f317ceeb0ceb: start LeaderElection
2019-10-18 07:14:46,813 [c52c3de9-0ed1-4f2b-ba1d-f317ceeb0ceb@group-20BE3FF63202-LeaderElection198] INFO  impl.LeaderElection (LeaderElection.java:askForVotes(178)) - c52c3de9-0ed1-4f2b-ba1d-f317ceeb0ceb@group-20BE3FF63202-LeaderElection198: begin an election at term 242 for -1: [24274e9f-e41f-4654-9afc-a783ca44e44b:192.168.69.67:35902, 988115cd-21c9-4558-b198-f2cedd98ccf3:192.168.69.67:44208, c52c3de9-0ed1-4f2b-ba1d-f317ceeb0ceb:192.168.69.67:37615], old=null
2019-10-18 07:14:46,815 [grpc-default-executor-0] INFO  impl.RaftServerImpl (RaftServerImpl.java:setRole(184)) - 24274e9f-e41f-4654-9afc-a783ca44e44b@group-20BE3FF63202: changes role from  FOLLOWER to FOLLOWER at term 242 for recognizeCandidate:c52c3de9-0ed1-4f2b-ba1d-f317ceeb0ceb
2019-10-18 07:14:46,815 [grpc-default-executor-0] INFO  impl.RoleInfo (RoleInfo.java:shutdownFollowerState(121)) - 24274e9f-e41f-4654-9afc-a783ca44e44b: shutdown FollowerState
2019-10-18 07:14:46,816 [grpc-default-executor-0] INFO  impl.RoleInfo (RoleInfo.java:updateAndGet(143)) - 24274e9f-e41f-4654-9afc-a783ca44e44b: start FollowerState
2019-10-18 07:14:46,816 [grpc-default-executor-5] INFO  impl.RaftServerImpl (RaftServerImpl.java:setRole(184)) - 988115cd-21c9-4558-b198-f2cedd98ccf3@group-20BE3FF63202: changes role from  FOLLOWER to FOLLOWER at term 242 for recognizeCandidate:c52c3de9-0ed1-4f2b-ba1d-f317ceeb0ceb
2019-10-18 07:14:46,816 [Thread-1789] INFO  impl.FollowerState (FollowerState.java:run(117)) - 24274e9f-e41f-4654-9afc-a783ca44e44b@group-20BE3FF63202-FollowerState was interrupted: java.lang.InterruptedException: sleep interrupted
2019-10-18 07:14:46,816 [grpc-default-executor-5] INFO  impl.RoleInfo (RoleInfo.java:shutdownFollowerState(121)) - 988115cd-21c9-4558-b198-f2cedd98ccf3: shutdown FollowerState
2019-10-18 07:14:46,816 [grpc-default-executor-5] INFO  impl.RoleInfo (RoleInfo.java:updateAndGet(143)) - 988115cd-21c9-4558-b198-f2cedd98ccf3: start FollowerState
2019-10-18 07:14:46,816 [Thread-1790] INFO  impl.FollowerState (FollowerState.java:run(117)) - 988115cd-21c9-4558-b198-f2cedd98ccf3@group-20BE3FF63202-FollowerState was interrupted: java.lang.InterruptedException: sleep interrupted
2019-10-18 07:14:46,817 [c52c3de9-0ed1-4f2b-ba1d-f317ceeb0ceb@group-20BE3FF63202-LeaderElection198] INFO  impl.LeaderElection (LeaderElection.java:logAndReturn(56)) - c52c3de9-0ed1-4f2b-ba1d-f317ceeb0ceb@group-20BE3FF63202-LeaderElection198: Election TIMEOUT; received 0 response(s) [] and 0 exception(s); c52c3de9-0ed1-4f2b-ba1d-f317ceeb0ceb@group-20BE3FF63202:t242, leader=null, voted=c52c3de9-0ed1-4f2b-ba1d-f317ceeb0ceb, raftlog=c52c3de9-0ed1-4f2b-ba1d-f317ceeb0ceb@group-20BE3FF63202-SegmentedRaftLog:OPENED:c-1,f-1,i0, conf=-1: [24274e9f-e41f-4654-9afc-a783ca44e44b:192.168.69.67:35902, 988115cd-21c9-4558-b198-f2cedd98ccf3:192.168.69.67:44208, c52c3de9-0ed1-4f2b-ba1d-f317ceeb0ceb:192.168.69.67:37615], old=null
2019-10-18 07:14:46,831 [c52c3de9-0ed1-4f2b-ba1d-f317ceeb0ceb@group-20BE3FF63202-LeaderElection198] INFO  impl.LeaderElection (LeaderElection.java:askForVotes(178)) - c52c3de9-0ed1-4f2b-ba1d-f317ceeb0ceb@group-20BE3FF63202-LeaderElection198: begin an election at term 243 for -1: [24274e9f-e41f-4654-9afc-a783ca44e44b:192.168.69.67:35902, 988115cd-21c9-4558-b198-f2cedd98ccf3:192.168.69.67:44208, c52c3de9-0ed1-4f2b-ba1d-f317ceeb0ceb:192.168.69.67:37615], old=null
2019-10-18 07:14:46,833 [grpc-default-executor-5] INFO  impl.RaftServerImpl (RaftServerImpl.java:setRole(184)) - 24274e9f-e41f-4654-9afc-a783ca44e44b@group-20BE3FF63202: changes role from  FOLLOWER to FOLLOWER at term 243 for recognizeCandidate:c52c3de9-0ed1-4f2b-ba1d-f317ceeb0ceb
2019-10-18 07:14:46,833 [grpc-default-executor-5] INFO  impl.RoleInfo (RoleInfo.java:shutdownFollowerState(121)) - 24274e9f-e41f-4654-9afc-a783ca44e44b: shutdown FollowerState
2019-10-18 07:14:46,833 [grpc-default-executor-0] INFO  impl.RaftServerImpl (RaftServerImpl.java:setRole(184)) - 988115cd-21c9-4558-b198-f2cedd98ccf3@group-20BE3FF63202: changes role from  FOLLOWER to FOLLOWER at term 243 for recognizeCandidate:c52c3de9-0ed1-4f2b-ba1d-f317ceeb0ceb
2019-10-18 07:14:46,834 [Thread-1795] INFO  impl.FollowerState (FollowerState.java:run(117)) - 24274e9f-e41f-4654-9afc-a783ca44e44b@group-20BE3FF63202-FollowerState was interrupted: java.lang.InterruptedException: sleep interrupted
2019-10-18 07:14:46,834 [grpc-default-executor-5] INFO  impl.RoleInfo (RoleInfo.java:updateAndGet(143)) - 24274e9f-e41f-4654-9afc-a783ca44e44b: start FollowerState
2019-10-18 07:14:46,834 [grpc-default-executor-0] INFO  impl.RoleInfo (RoleInfo.java:shutdownFollowerState(121)) - 988115cd-21c9-4558-b198-f2cedd98ccf3: shutdown FollowerState
2019-10-18 07:14:46,834 [grpc-default-executor-0] INFO  impl.RoleInfo (RoleInfo.java:updateAndGet(143)) - 988115cd-21c9-4558-b198-f2cedd98ccf3: start FollowerState
2019-10-18 07:14:46,834 [Thread-1796] INFO  impl.FollowerState (FollowerState.java:run(117)) - 988115cd-21c9-4558-b198-f2cedd98ccf3@group-20BE3FF63202-FollowerState was interrupted: java.lang.InterruptedException: sleep interrupted
2019-10-18 07:14:46,846 [c52c3de9-0ed1-4f2b-ba1d-f317ceeb0ceb@group-20BE3FF63202-LeaderElection198] INFO  impl.LeaderElection (LeaderElection.java:logAndReturn(56)) - c52c3de9-0ed1-4f2b-ba1d-f317ceeb0ceb@group-20BE3FF63202-LeaderElection198: Election REJECTED; received 2 response(s) [c52c3de9-0ed1-4f2b-ba1d-f317ceeb0ceb<-24274e9f-e41f-4654-9afc-a783ca44e44b#0:FAIL-t243, c52c3de9-0ed1-4f2b-ba1d-f317ceeb0ceb<-988115cd-21c9-4558-b198-f2cedd98ccf3#0:FAIL-t243] and 0 exception(s); c52c3de9-0ed1-4f2b-ba1d-f317ceeb0ceb@group-20BE3FF63202:t243, leader=null, voted=c52c3de9-0ed1-4f2b-ba1d-f317ceeb0ceb, raftlog=c52c3de9-0ed1-4f2b-ba1d-f317ceeb0ceb@group-20BE3FF63202-SegmentedRaftLog:OPENED:c-1,f-1,i0, conf=-1: [24274e9f-e41f-4654-9afc-a783ca44e44b:192.168.69.67:35902, 988115cd-21c9-4558-b198-f2cedd98ccf3:192.168.69.67:44208, c52c3de9-0ed1-4f2b-ba1d-f317ceeb0ceb:192.168.69.67:37615], old=null
2019-10-18 07:14:46,847 [c52c3de9-0ed1-4f2b-ba1d-f317ceeb0ceb@group-20BE3FF63202-LeaderElection198] INFO  impl.RaftServerImpl (RaftServerImpl.java:setRole(184)) - c52c3de9-0ed1-4f2b-ba1d-f317ceeb0ceb@group-20BE3FF63202: changes role from CANDIDATE to FOLLOWER at term 243 for DISCOVERED_A_NEW_TERM
2019-10-18 07:14:46,847 [c52c3de9-0ed1-4f2b-ba1d-f317ceeb0ceb@group-20BE3FF63202-LeaderElection198] INFO  impl.RoleInfo (RoleInfo.java:shutdownLeaderElection(134)) - c52c3de9-0ed1-4f2b-ba1d-f317ceeb0ceb: shutdown LeaderElection
2019-10-18 07:14:46,847 [c52c3de9-0ed1-4f2b-ba1d-f317ceeb0ceb@group-20BE3FF63202-LeaderElection198] INFO  impl.RoleInfo (RoleInfo.java:updateAndGet(143)) - c52c3de9-0ed1-4f2b-ba1d-f317ceeb0ceb: start FollowerState
2019-10-18 07:14:46,977 [Thread-1801] INFO  impl.FollowerState (FollowerState.java:run(108)) - c52c3de9-0ed1-4f2b-ba1d-f317ceeb0ceb@group-20BE3FF63202-FollowerState: change to CANDIDATE, lastRpcTime:130ms, electionTimeout:130ms
2019-10-18 07:14:46,977 [Thread-1801] INFO  impl.RoleInfo (RoleInfo.java:shutdownFollowerState(121)) - c52c3de9-0ed1-4f2b-ba1d-f317ceeb0ceb: shutdown FollowerState
2019-10-18 07:14:46,978 [Thread-1801] INFO  impl.RaftServerImpl (RaftServerImpl.java:setRole(184)) - c52c3de9-0ed1-4f2b-ba1d-f317ceeb0ceb@group-20BE3FF63202: changes role from  FOLLOWER to CANDIDATE at term 243 for changeToCandidate
2019-10-18 07:14:46,978 [Thread-1801] INFO  impl.RoleInfo (RoleInfo.java:updateAndGet(143)) - c52c3de9-0ed1-4f2b-ba1d-f317ceeb0ceb: start LeaderElection
2019-10-18 07:14:46,992 [c52c3de9-0ed1-4f2b-ba1d-f317ceeb0ceb@group-20BE3FF63202-LeaderElection199] INFO  impl.LeaderElection (LeaderElection.java:askForVotes(178)) - c52c3de9-0ed1-4f2b-ba1d-f317ceeb0ceb@group-20BE3FF63202-LeaderElection199: begin an election at term 244 for -1: [24274e9f-e41f-4654-9afc-a783ca44e44b:192.168.69.67:35902, 988115cd-21c9-4558-b198-f2cedd98ccf3:192.168.69.67:44208, c52c3de9-0ed1-4f2b-ba1d-f317ceeb0ceb:192.168.69.67:37615], old=null
2019-10-18 07:14:46,994 [grpc-default-executor-0] INFO  impl.RaftServerImpl (RaftServerImpl.java:setRole(184)) - 24274e9f-e41f-4654-9afc-a783ca44e44b@group-20BE3FF63202: changes role from  FOLLOWER to FOLLOWER at term 244 for recognizeCandidate:c52c3de9-0ed1-4f2b-ba1d-f317ceeb0ceb
2019-10-18 07:14:46,995 [grpc-default-executor-0] INFO  impl.RoleInfo (RoleInfo.java:shutdownFollowerState(121)) - 24274e9f-e41f-4654-9afc-a783ca44e44b: shutdown FollowerState
2019-10-18 07:14:46,995 [grpc-default-executor-0] INFO  impl.RoleInfo (RoleInfo.java:updateAndGet(143)) - 24274e9f-e41f-4654-9afc-a783ca44e44b: start FollowerState
2019-10-18 07:14:46,995 [grpc-default-executor-5] INFO  impl.RaftServerImpl (RaftServerImpl.java:setRole(184)) - 988115cd-21c9-4558-b198-f2cedd98ccf3@group-20BE3FF63202: changes role from  FOLLOWER to FOLLOWER at term 244 for recognizeCandidate:c52c3de9-0ed1-4f2b-ba1d-f317ceeb0ceb
2019-10-18 07:14:46,995 [Thread-1799] INFO  impl.FollowerState (FollowerState.java:run(117)) - 24274e9f-e41f-4654-9afc-a783ca44e44b@group-20BE3FF63202-FollowerState was interrupted: java.lang.InterruptedException: sleep interrupted
2019-10-18 07:14:46,995 [grpc-default-executor-5] INFO  impl.RoleInfo (RoleInfo.java:shutdownFollowerState(121)) - 988115cd-21c9-4558-b198-f2cedd98ccf3: shutdown FollowerState
2019-10-18 07:14:46,996 [grpc-default-executor-5] INFO  impl.RoleInfo (RoleInfo.java:updateAndGet(143)) - 988115cd-21c9-4558-b198-f2cedd98ccf3: start FollowerState
2019-10-18 07:14:46,996 [Thread-1800] INFO  impl.FollowerState (FollowerState.java:run(117)) - 988115cd-21c9-4558-b198-f2cedd98ccf3@group-20BE3FF63202-FollowerState was interrupted: java.lang.InterruptedException: sleep interrupted
2019-10-18 07:14:47,001 [c52c3de9-0ed1-4f2b-ba1d-f317ceeb0ceb@group-20BE3FF63202-LeaderElection199] INFO  impl.LeaderElection (LeaderElection.java:logAndReturn(56)) - c52c3de9-0ed1-4f2b-ba1d-f317ceeb0ceb@group-20BE3FF63202-LeaderElection199: Election REJECTED; received 2 response(s) [c52c3de9-0ed1-4f2b-ba1d-f317ceeb0ceb<-24274e9f-e41f-4654-9afc-a783ca44e44b#0:FAIL-t244, c52c3de9-0ed1-4f2b-ba1d-f317ceeb0ceb<-988115cd-21c9-4558-b198-f2cedd98ccf3#0:FAIL-t244] and 0 exception(s); c52c3de9-0ed1-4f2b-ba1d-f317ceeb0ceb@group-20BE3FF63202:t244, leader=null, voted=c52c3de9-0ed1-4f2b-ba1d-f317ceeb0ceb, raftlog=c52c3de9-0ed1-4f2b-ba1d-f317ceeb0ceb@group-20BE3FF63202-SegmentedRaftLog:OPENED:c-1,f-1,i0, conf=-1: [24274e9f-e41f-4654-9afc-a783ca44e44b:192.168.69.67:35902, 988115cd-21c9-4558-b198-f2cedd98ccf3:192.168.69.67:44208, c52c3de9-0ed1-4f2b-ba1d-f317ceeb0ceb:192.168.69.67:37615], old=null
2019-10-18 07:14:47,002 [c52c3de9-0ed1-4f2b-ba1d-f317ceeb0ceb@group-20BE3FF63202-LeaderElection199] INFO  impl.RaftServerImpl (RaftServerImpl.java:setRole(184)) - c52c3de9-0ed1-4f2b-ba1d-f317ceeb0ceb@group-20BE3FF63202: changes role from CANDIDATE to FOLLOWER at term 244 for DISCOVERED_A_NEW_TERM
2019-10-18 07:14:47,002 [c52c3de9-0ed1-4f2b-ba1d-f317ceeb0ceb@group-20BE3FF63202-LeaderElection199] INFO  impl.RoleInfo (RoleInfo.java:shutdownLeaderElection(134)) - c52c3de9-0ed1-4f2b-ba1d-f317ceeb0ceb: shutdown LeaderElection
2019-10-18 07:14:47,002 [c52c3de9-0ed1-4f2b-ba1d-f317ceeb0ceb@group-20BE3FF63202-LeaderElection199] INFO  impl.RoleInfo (RoleInfo.java:updateAndGet(143)) - c52c3de9-0ed1-4f2b-ba1d-f317ceeb0ceb: start FollowerState
2019-10-18 07:14:47,066 [Thread-1807] INFO  impl.FollowerState (FollowerState.java:run(108)) - c52c3de9-0ed1-4f2b-ba1d-f317ceeb0ceb@group-20BE3FF63202-FollowerState: change to CANDIDATE, lastRpcTime:64ms, electionTimeout:64ms
2019-10-18 07:14:47,067 [Thread-1807] INFO  impl.RoleInfo (RoleInfo.java:shutdownFollowerState(121)) - c52c3de9-0ed1-4f2b-ba1d-f317ceeb0ceb: shutdown FollowerState
2019-10-18 07:14:47,067 [Thread-1807] INFO  impl.RaftServerImpl (RaftServerImpl.java:setRole(184)) - c52c3de9-0ed1-4f2b-ba1d-f317ceeb0ceb@group-20BE3FF63202: changes role from  FOLLOWER to CANDIDATE at term 244 for changeToCandidate
2019-10-18 07:14:47,067 [Thread-1807] INFO  impl.RoleInfo (RoleInfo.java:updateAndGet(143)) - c52c3de9-0ed1-4f2b-ba1d-f317ceeb0ceb: start LeaderElection
2019-10-18 07:14:47,093 [c52c3de9-0ed1-4f2b-ba1d-f317ceeb0ceb@group-20BE3FF63202-LeaderElection200] INFO  impl.LeaderElection (LeaderElection.java:askForVotes(178)) - c52c3de9-0ed1-4f2b-ba1d-f317ceeb0ceb@group-20BE3FF63202-LeaderElection200: begin an election at term 245 for -1: [24274e9f-e41f-4654-9afc-a783ca44e44b:192.168.69.67:35902, 988115cd-21c9-4558-b198-f2cedd98ccf3:192.168.69.67:44208, c52c3de9-0ed1-4f2b-ba1d-f317ceeb0ceb:192.168.69.67:37615], old=null
2019-10-18 07:14:47,095 [grpc-default-executor-5] INFO  impl.RaftServerImpl (RaftServerImpl.java:setRole(184)) - 24274e9f-e41f-4654-9afc-a783ca44e44b@group-20BE3FF63202: changes role from  FOLLOWER to FOLLOWER at term 245 for recognizeCandidate:c52c3de9-0ed1-4f2b-ba1d-f317ceeb0ceb
2019-10-18 07:14:47,095 [grpc-default-executor-5] INFO  impl.RoleInfo (RoleInfo.java:shutdownFollowerState(121)) - 24274e9f-e41f-4654-9afc-a783ca44e44b: shutdown FollowerState
2019-10-18 07:14:47,095 [grpc-default-executor-0] INFO  impl.RaftServerImpl (RaftServerImpl.java:setRole(184)) - 988115cd-21c9-4558-b198-f2cedd98ccf3@group-20BE3FF63202: changes role from  FOLLOWER to FOLLOWER at term 245 for recognizeCandidate:c52c3de9-0ed1-4f2b-ba1d-f317ceeb0ceb
2019-10-18 07:14:47,096 [grpc-default-executor-0] INFO  impl.RoleInfo (RoleInfo.java:shutdownFollowerState(121)) - 988115cd-21c9-4558-b198-f2cedd98ccf3: shutdown FollowerState
2019-10-18 07:14:47,095 [Thread-1805] INFO  impl.FollowerState (FollowerState.java:run(117)) - 24274e9f-e41f-4654-9afc-a783ca44e44b@group-20BE3FF63202-FollowerState was interrupted: java.lang.InterruptedException: sleep interrupted
2019-10-18 07:14:47,095 [grpc-default-executor-5] INFO  impl.RoleInfo (RoleInfo.java:updateAndGet(143)) - 24274e9f-e41f-4654-9afc-a783ca44e44b: start FollowerState
2019-10-18 07:14:47,096 [Thread-1806] INFO  impl.FollowerState (FollowerState.java:run(117)) - 988115cd-21c9-4558-b198-f2cedd98ccf3@group-20BE3FF63202-FollowerState was interrupted: java.lang.InterruptedException: sleep interrupted
2019-10-18 07:14:47,096 [grpc-default-executor-0] INFO  impl.RoleInfo (RoleInfo.java:updateAndGet(143)) - 988115cd-21c9-4558-b198-f2cedd98ccf3: start FollowerState
2019-10-18 07:14:47,106 [c52c3de9-0ed1-4f2b-ba1d-f317ceeb0ceb@group-20BE3FF63202-LeaderElection200] INFO  impl.LeaderElection (LeaderElection.java:logAndReturn(56)) - c52c3de9-0ed1-4f2b-ba1d-f317ceeb0ceb@group-20BE3FF63202-LeaderElection200: Election REJECTED; received 2 response(s) [c52c3de9-0ed1-4f2b-ba1d-f317ceeb0ceb<-24274e9f-e41f-4654-9afc-a783ca44e44b#0:FAIL-t245, c52c3de9-0ed1-4f2b-ba1d-f317ceeb0ceb<-988115cd-21c9-4558-b198-f2cedd98ccf3#0:FAIL-t245] and 0 exception(s); c52c3de9-0ed1-4f2b-ba1d-f317ceeb0ceb@group-20BE3FF63202:t245, leader=null, voted=c52c3de9-0ed1-4f2b-ba1d-f317ceeb0ceb, raftlog=c52c3de9-0ed1-4f2b-ba1d-f317ceeb0ceb@group-20BE3FF63202-SegmentedRaftLog:OPENED:c-1,f-1,i0, conf=-1: [24274e9f-e41f-4654-9afc-a783ca44e44b:192.168.69.67:35902, 988115cd-21c9-4558-b198-f2cedd98ccf3:192.168.69.67:44208, c52c3de9-0ed1-4f2b-ba1d-f317ceeb0ceb:192.168.69.67:37615], old=null
2019-10-18 07:14:47,106 [c52c3de9-0ed1-4f2b-ba1d-f317ceeb0ceb@group-20BE3FF63202-LeaderElection200] INFO  impl.RaftServerImpl (RaftServerImpl.java:setRole(184)) - c52c3de9-0ed1-4f2b-ba1d-f317ceeb0ceb@group-20BE3FF63202: changes role from CANDIDATE to FOLLOWER at term 245 for DISCOVERED_A_NEW_TERM
2019-10-18 07:14:47,106 [c52c3de9-0ed1-4f2b-ba1d-f317ceeb0ceb@group-20BE3FF63202-LeaderElection200] INFO  impl.RoleInfo (RoleInfo.java:shutdownLeaderElection(134)) - c52c3de9-0ed1-4f2b-ba1d-f317ceeb0ceb: shutdown LeaderElection
2019-10-18 07:14:47,106 [c52c3de9-0ed1-4f2b-ba1d-f317ceeb0ceb@group-20BE3FF63202-LeaderElection200] INFO  impl.RoleInfo (RoleInfo.java:updateAndGet(143)) - c52c3de9-0ed1-4f2b-ba1d-f317ceeb0ceb: start FollowerState
2019-10-18 07:14:47,208 [Thread-1813] INFO  impl.FollowerState (FollowerState.java:run(108)) - c52c3de9-0ed1-4f2b-ba1d-f317ceeb0ceb@group-20BE3FF63202-FollowerState: change to CANDIDATE, lastRpcTime:101ms, electionTimeout:101ms
2019-10-18 07:14:47,208 [Thread-1813] INFO  impl.RoleInfo (RoleInfo.java:shutdownFollowerState(121)) - c52c3de9-0ed1-4f2b-ba1d-f317ceeb0ceb: shutdown FollowerState
2019-10-18 07:14:47,208 [Thread-1813] INFO  impl.RaftServerImpl (RaftServerImpl.java:setRole(184)) - c52c3de9-0ed1-4f2b-ba1d-f317ceeb0ceb@group-20BE3FF63202: changes role from  FOLLOWER to CANDIDATE at term 245 for changeToCandidate
2019-10-18 07:14:47,209 [Thread-1813] INFO  impl.RoleInfo (RoleInfo.java:updateAndGet(143)) - c52c3de9-0ed1-4f2b-ba1d-f317ceeb0ceb: start LeaderElection
2019-10-18 07:14:47,216 [c52c3de9-0ed1-4f2b-ba1d-f317ceeb0ceb@group-20BE3FF63202-LeaderElection201] INFO  impl.LeaderElection (LeaderElection.java:askForVotes(178)) - c52c3de9-0ed1-4f2b-ba1d-f317ceeb0ceb@group-20BE3FF63202-LeaderElection201: begin an election at term 246 for -1: [24274e9f-e41f-4654-9afc-a783ca44e44b:192.168.69.67:35902, 988115cd-21c9-4558-b198-f2cedd98ccf3:192.168.69.67:44208, c52c3de9-0ed1-4f2b-ba1d-f317ceeb0ceb:192.168.69.67:37615], old=null
2019-10-18 07:14:47,219 [grpc-default-executor-0] INFO  impl.RaftServerImpl (RaftServerImpl.java:setRole(184)) - 988115cd-21c9-4558-b198-f2cedd98ccf3@group-20BE3FF63202: changes role from  FOLLOWER to FOLLOWER at term 246 for recognizeCandidate:c52c3de9-0ed1-4f2b-ba1d-f317ceeb0ceb
2019-10-18 07:14:47,219 [grpc-default-executor-0] INFO  impl.RoleInfo (RoleInfo.java:shutdownFollowerState(121)) - 988115cd-21c9-4558-b198-f2cedd98ccf3: shutdown FollowerState
2019-10-18 07:14:47,219 [grpc-default-executor-5] INFO  impl.RaftServerImpl (RaftServerImpl.java:setRole(184)) - 24274e9f-e41f-4654-9afc-a783ca44e44b@group-20BE3FF63202: changes role from  FOLLOWER to FOLLOWER at term 246 for recognizeCandidate:c52c3de9-0ed1-4f2b-ba1d-f317ceeb0ceb
2019-10-18 07:14:47,219 [Thread-1812] INFO  impl.FollowerState (FollowerState.java:run(117)) - 988115cd-21c9-4558-b198-f2cedd98ccf3@group-20BE3FF63202-FollowerState was interrupted: java.lang.InterruptedException: sleep interrupted
2019-10-18 07:14:47,219 [grpc-default-executor-5] INFO  impl.RoleInfo (RoleInfo.java:shutdownFollowerState(121)) - 24274e9f-e41f-4654-9afc-a783ca44e44b: shutdown FollowerState
2019-10-18 07:14:47,219 [grpc-default-executor-0] INFO  impl.RoleInfo (RoleInfo.java:updateAndGet(143)) - 988115cd-21c9-4558-b198-f2cedd98ccf3: start FollowerState
2019-10-18 07:14:47,219 [grpc-default-executor-5] INFO  impl.RoleInfo (RoleInfo.java:updateAndGet(143)) - 24274e9f-e41f-4654-9afc-a783ca44e44b: start FollowerState
2019-10-18 07:14:47,220 [Thread-1811] INFO  impl.FollowerState (FollowerState.java:run(117)) - 24274e9f-e41f-4654-9afc-a783ca44e44b@group-20BE3FF63202-FollowerState was interrupted: java.lang.InterruptedException: sleep interrupted
2019-10-18 07:14:47,232 [c52c3de9-0ed1-4f2b-ba1d-f317ceeb0ceb@group-20BE3FF63202-LeaderElection201] INFO  impl.LeaderElection (LeaderElection.java:logAndReturn(56)) - c52c3de9-0ed1-4f2b-ba1d-f317ceeb0ceb@group-20BE3FF63202-LeaderElection201: Election REJECTED; received 2 response(s) [c52c3de9-0ed1-4f2b-ba1d-f317ceeb0ceb<-24274e9f-e41f-4654-9afc-a783ca44e44b#0:FAIL-t246, c52c3de9-0ed1-4f2b-ba1d-f317ceeb0ceb<-988115cd-21c9-4558-b198-f2cedd98ccf3#0:FAIL-t246] and 0 exception(s); c52c3de9-0ed1-4f2b-ba1d-f317ceeb0ceb@group-20BE3FF63202:t246, leader=null, voted=c52c3de9-0ed1-4f2b-ba1d-f317ceeb0ceb, raftlog=c52c3de9-0ed1-4f2b-ba1d-f317ceeb0ceb@group-20BE3FF63202-SegmentedRaftLog:OPENED:c-1,f-1,i0, conf=-1: [24274e9f-e41f-4654-9afc-a783ca44e44b:192.168.69.67:35902, 988115cd-21c9-4558-b198-f2cedd98ccf3:192.168.69.67:44208, c52c3de9-0ed1-4f2b-ba1d-f317ceeb0ceb:192.168.69.67:37615], old=null
2019-10-18 07:14:47,232 [c52c3de9-0ed1-4f2b-ba1d-f317ceeb0ceb@group-20BE3FF63202-LeaderElection201] INFO  impl.RaftServerImpl (RaftServerImpl.java:setRole(184)) - c52c3de9-0ed1-4f2b-ba1d-f317ceeb0ceb@group-20BE3FF63202: changes role from CANDIDATE to FOLLOWER at term 246 for DISCOVERED_A_NEW_TERM
2019-10-18 07:14:47,232 [c52c3de9-0ed1-4f2b-ba1d-f317ceeb0ceb@group-20BE3FF63202-LeaderElection201] INFO  impl.RoleInfo (RoleInfo.java:shutdownLeaderElection(134)) - c52c3de9-0ed1-4f2b-ba1d-f317ceeb0ceb: shutdown LeaderElection
2019-10-18 07:14:47,232 [c52c3de9-0ed1-4f2b-ba1d-f317ceeb0ceb@group-20BE3FF63202-LeaderElection201] INFO  impl.RoleInfo (RoleInfo.java:updateAndGet(143)) - c52c3de9-0ed1-4f2b-ba1d-f317ceeb0ceb: start FollowerState
2019-10-18 07:14:47,331 [Thread-1819] INFO  impl.FollowerState (FollowerState.java:run(108)) - c52c3de9-0ed1-4f2b-ba1d-f317ceeb0ceb@group-20BE3FF63202-FollowerState: change to CANDIDATE, lastRpcTime:99ms, electionTimeout:99ms
2019-10-18 07:14:47,332 [Thread-1819] INFO  impl.RoleInfo (RoleInfo.java:shutdownFollowerState(121)) - c52c3de9-0ed1-4f2b-ba1d-f317ceeb0ceb: shutdown FollowerState
2019-10-18 07:14:47,332 [Thread-1819] INFO  impl.RaftServerImpl (RaftServerImpl.java:setRole(184)) - c52c3de9-0ed1-4f2b-ba1d-f317ceeb0ceb@group-20BE3FF63202: changes role from  FOLLOWER to CANDIDATE at term 246 for changeToCandidate
2019-10-18 07:14:47,332 [Thread-1819] INFO  impl.RoleInfo (RoleInfo.java:updateAndGet(143)) - c52c3de9-0ed1-4f2b-ba1d-f317ceeb0ceb: start LeaderElection
2019-10-18 07:14:47,343 [c52c3de9-0ed1-4f2b-ba1d-f317ceeb0ceb@group-20BE3FF63202-LeaderElection202] INFO  impl.LeaderElection (LeaderElection.java:askForVotes(178)) - c52c3de9-0ed1-4f2b-ba1d-f317ceeb0ceb@group-20BE3FF63202-LeaderElection202: begin an election at term 247 for -1: [24274e9f-e41f-4654-9afc-a783ca44e44b:192.168.69.67:35902, 988115cd-21c9-4558-b198-f2cedd98ccf3:192.168.69.67:44208, c52c3de9-0ed1-4f2b-ba1d-f317ceeb0ceb:192.168.69.67:37615], old=null
2019-10-18 07:14:47,345 [grpc-default-executor-0] INFO  impl.RaftServerImpl (RaftServerImpl.java:setRole(184)) - 24274e9f-e41f-4654-9afc-a783ca44e44b@group-20BE3FF63202: changes role from  FOLLOWER to FOLLOWER at term 247 for recognizeCandidate:c52c3de9-0ed1-4f2b-ba1d-f317ceeb0ceb
2019-10-18 07:14:47,345 [grpc-default-executor-5] INFO  impl.RaftServerImpl (RaftServerImpl.java:setRole(184)) - 988115cd-21c9-4558-b198-f2cedd98ccf3@group-20BE3FF63202: changes role from  FOLLOWER to FOLLOWER at term 247 for recognizeCandidate:c52c3de9-0ed1-4f2b-ba1d-f317ceeb0ceb
2019-10-18 07:14:47,345 [grpc-default-executor-0] INFO  impl.RoleInfo (RoleInfo.java:shutdownFollowerState(121)) - 24274e9f-e41f-4654-9afc-a783ca44e44b: shutdown FollowerState
2019-10-18 07:14:47,345 [grpc-default-executor-5] INFO  impl.RoleInfo (RoleInfo.java:shutdownFollowerState(121)) - 988115cd-21c9-4558-b198-f2cedd98ccf3: shutdown FollowerState
2019-10-18 07:14:47,345 [Thread-1818] INFO  impl.FollowerState (FollowerState.java:run(117)) - 24274e9f-e41f-4654-9afc-a783ca44e44b@group-20BE3FF63202-FollowerState was interrupted: java.lang.InterruptedException: sleep interrupted
2019-10-18 07:14:47,345 [grpc-default-executor-0] INFO  impl.RoleInfo (RoleInfo.java:updateAndGet(143)) - 24274e9f-e41f-4654-9afc-a783ca44e44b: start FollowerState
2019-10-18 07:14:47,345 [Thread-1817] INFO  impl.FollowerState (FollowerState.java:run(117)) - 988115cd-21c9-4558-b198-f2cedd98ccf3@group-20BE3FF63202-FollowerState was interrupted: java.lang.InterruptedException: sleep interrupted
2019-10-18 07:14:47,345 [grpc-default-executor-5] INFO  impl.RoleInfo (RoleInfo.java:updateAndGet(143)) - 988115cd-21c9-4558-b198-f2cedd98ccf3: start FollowerState
2019-10-18 07:14:47,356 [c52c3de9-0ed1-4f2b-ba1d-f317ceeb0ceb@group-20BE3FF63202-LeaderElection202] INFO  impl.LeaderElection (LeaderElection.java:logAndReturn(56)) - c52c3de9-0ed1-4f2b-ba1d-f317ceeb0ceb@group-20BE3FF63202-LeaderElection202: Election REJECTED; received 2 response(s) [c52c3de9-0ed1-4f2b-ba1d-f317ceeb0ceb<-24274e9f-e41f-4654-9afc-a783ca44e44b#0:FAIL-t247, c52c3de9-0ed1-4f2b-ba1d-f317ceeb0ceb<-988115cd-21c9-4558-b198-f2cedd98ccf3#0:FAIL-t247] and 0 exception(s); c52c3de9-0ed1-4f2b-ba1d-f317ceeb0ceb@group-20BE3FF63202:t247, leader=null, voted=c52c3de9-0ed1-4f2b-ba1d-f317ceeb0ceb, raftlog=c52c3de9-0ed1-4f2b-ba1d-f317ceeb0ceb@group-20BE3FF63202-SegmentedRaftLog:OPENED:c-1,f-1,i0, conf=-1: [24274e9f-e41f-4654-9afc-a783ca44e44b:192.168.69.67:35902, 988115cd-21c9-4558-b198-f2cedd98ccf3:192.168.69.67:44208, c52c3de9-0ed1-4f2b-ba1d-f317ceeb0ceb:192.168.69.67:37615], old=null
2019-10-18 07:14:47,356 [c52c3de9-0ed1-4f2b-ba1d-f317ceeb0ceb@group-20BE3FF63202-LeaderElection202] INFO  impl.RaftServerImpl (RaftServerImpl.java:setRole(184)) - c52c3de9-0ed1-4f2b-ba1d-f317ceeb0ceb@group-20BE3FF63202: changes role from CANDIDATE to FOLLOWER at term 247 for DISCOVERED_A_NEW_TERM
2019-10-18 07:14:47,356 [c52c3de9-0ed1-4f2b-ba1d-f317ceeb0ceb@group-20BE3FF63202-LeaderElection202] INFO  impl.RoleInfo (RoleInfo.java:shutdownLeaderElection(134)) - c52c3de9-0ed1-4f2b-ba1d-f317ceeb0ceb: shutdown LeaderElection
2019-10-18 07:14:47,357 [c52c3de9-0ed1-4f2b-ba1d-f317ceeb0ceb@group-20BE3FF63202-LeaderElection202] INFO  impl.RoleInfo (RoleInfo.java:updateAndGet(143)) - c52c3de9-0ed1-4f2b-ba1d-f317ceeb0ceb: start FollowerState
2019-10-18 07:14:47,390 [Thread-1831] INFO  impl.FollowerState (FollowerState.java:run(108)) - c52c3de9-0ed1-4f2b-ba1d-f317ceeb0ceb@group-20BE3FF63202-FollowerState: change to CANDIDATE, lastRpcTime:33ms, electionTimeout:33ms
2019-10-18 07:14:47,390 [Thread-1831] INFO  impl.RoleInfo (RoleInfo.java:shutdownFollowerState(121)) - c52c3de9-0ed1-4f2b-ba1d-f317ceeb0ceb: shutdown FollowerState
2019-10-18 07:14:47,390 [Thread-1831] INFO  impl.RaftServerImpl (RaftServerImpl.java:setRole(184)) - c52c3de9-0ed1-4f2b-ba1d-f317ceeb0ceb@group-20BE3FF63202: changes role from  FOLLOWER to CANDIDATE at term 247 for changeToCandidate
2019-10-18 07:14:47,391 [Thread-1831] INFO  impl.RoleInfo (RoleInfo.java:updateAndGet(143)) - c52c3de9-0ed1-4f2b-ba1d-f317ceeb0ceb: start LeaderElection
2019-10-18 07:14:47,408 [c52c3de9-0ed1-4f2b-ba1d-f317ceeb0ceb@group-20BE3FF63202-LeaderElection203] INFO  impl.LeaderElection (LeaderElection.java:askForVotes(178)) - c52c3de9-0ed1-4f2b-ba1d-f317ceeb0ceb@group-20BE3FF63202-LeaderElection203: begin an election at term 248 for -1: [24274e9f-e41f-4654-9afc-a783ca44e44b:192.168.69.67:35902, 988115cd-21c9-4558-b198-f2cedd98ccf3:192.168.69.67:44208, c52c3de9-0ed1-4f2b-ba1d-f317ceeb0ceb:192.168.69.67:37615], old=null
2019-10-18 07:14:47,410 [grpc-default-executor-0] INFO  impl.RaftServerImpl (RaftServerImpl.java:setRole(184)) - 988115cd-21c9-4558-b198-f2cedd98ccf3@group-20BE3FF63202: changes role from  FOLLOWER to FOLLOWER at term 248 for recognizeCandidate:c52c3de9-0ed1-4f2b-ba1d-f317ceeb0ceb
2019-10-18 07:14:47,410 [grpc-default-executor-0] INFO  impl.RoleInfo (RoleInfo.java:shutdownFollowerState(121)) - 988115cd-21c9-4558-b198-f2cedd98ccf3: shutdown FollowerState
2019-10-18 07:14:47,410 [grpc-default-executor-5] INFO  impl.RaftServerImpl (RaftServerImpl.java:setRole(184)) - 24274e9f-e41f-4654-9afc-a783ca44e44b@group-20BE3FF63202: changes role from  FOLLOWER to FOLLOWER at term 248 for recognizeCandidate:c52c3de9-0ed1-4f2b-ba1d-f317ceeb0ceb
2019-10-18 07:14:47,410 [grpc-default-executor-0] INFO  impl.RoleInfo (RoleInfo.java:updateAndGet(143)) - 988115cd-21c9-4558-b198-f2cedd98ccf3: start FollowerState
2019-10-18 07:14:47,410 [Thread-1830] INFO  impl.FollowerState (FollowerState.java:run(117)) - 988115cd-21c9-4558-b198-f2cedd98ccf3@group-20BE3FF63202-FollowerState was interrupted: java.lang.InterruptedException: sleep interrupted
2019-10-18 07:14:47,410 [grpc-default-executor-5] INFO  impl.RoleInfo (RoleInfo.java:shutdownFollowerState(121)) - 24274e9f-e41f-4654-9afc-a783ca44e44b: shutdown FollowerState
2019-10-18 07:14:47,410 [grpc-default-executor-5] INFO  impl.RoleInfo (RoleInfo.java:updateAndGet(143)) - 24274e9f-e41f-4654-9afc-a783ca44e44b: start FollowerState
2019-10-18 07:14:47,410 [Thread-1829] INFO  impl.FollowerState (FollowerState.java:run(117)) - 24274e9f-e41f-4654-9afc-a783ca44e44b@group-20BE3FF63202-FollowerState was interrupted: java.lang.InterruptedException: sleep interrupted
2019-10-18 07:14:47,418 [c52c3de9-0ed1-4f2b-ba1d-f317ceeb0ceb@group-20BE3FF63202-LeaderElection203] INFO  impl.LeaderElection (LeaderElection.java:logAndReturn(56)) - c52c3de9-0ed1-4f2b-ba1d-f317ceeb0ceb@group-20BE3FF63202-LeaderElection203: Election REJECTED; received 2 response(s) [c52c3de9-0ed1-4f2b-ba1d-f317ceeb0ceb<-24274e9f-e41f-4654-9afc-a783ca44e44b#0:FAIL-t248, c52c3de9-0ed1-4f2b-ba1d-f317ceeb0ceb<-988115cd-21c9-4558-b198-f2cedd98ccf3#0:FAIL-t248] and 0 exception(s); c52c3de9-0ed1-4f2b-ba1d-f317ceeb0ceb@group-20BE3FF63202:t248, leader=null, voted=c52c3de9-0ed1-4f2b-ba1d-f317ceeb0ceb, raftlog=c52c3de9-0ed1-4f2b-ba1d-f317ceeb0ceb@group-20BE3FF63202-SegmentedRaftLog:OPENED:c-1,f-1,i0, conf=-1: [24274e9f-e41f-4654-9afc-a783ca44e44b:192.168.69.67:35902, 988115cd-21c9-4558-b198-f2cedd98ccf3:192.168.69.67:44208, c52c3de9-0ed1-4f2b-ba1d-f317ceeb0ceb:192.168.69.67:37615], old=null
2019-10-18 07:14:47,418 [c52c3de9-0ed1-4f2b-ba1d-f317ceeb0ceb@group-20BE3FF63202-LeaderElection203] INFO  impl.RaftServerImpl (RaftServerImpl.java:setRole(184)) - c52c3de9-0ed1-4f2b-ba1d-f317ceeb0ceb@group-20BE3FF63202: changes role from CANDIDATE to FOLLOWER at term 248 for DISCOVERED_A_NEW_TERM
2019-10-18 07:14:47,418 [c52c3de9-0ed1-4f2b-ba1d-f317ceeb0ceb@group-20BE3FF63202-LeaderElection203] INFO  impl.RoleInfo (RoleInfo.java:shutdownLeaderElection(134)) - c52c3de9-0ed1-4f2b-ba1d-f317ceeb0ceb: shutdown LeaderElection
2019-10-18 07:14:47,418 [c52c3de9-0ed1-4f2b-ba1d-f317ceeb0ceb@group-20BE3FF63202-LeaderElection203] INFO  impl.RoleInfo (RoleInfo.java:updateAndGet(143)) - c52c3de9-0ed1-4f2b-ba1d-f317ceeb0ceb: start FollowerState
2019-10-18 07:14:47,609 [Thread-1838] INFO  impl.FollowerState (FollowerState.java:run(108)) - c52c3de9-0ed1-4f2b-ba1d-f317ceeb0ceb@group-20BE3FF63202-FollowerState: change to CANDIDATE, lastRpcTime:191ms, electionTimeout:191ms
2019-10-18 07:14:47,610 [Thread-1838] INFO  impl.RoleInfo (RoleInfo.java:shutdownFollowerState(121)) - c52c3de9-0ed1-4f2b-ba1d-f317ceeb0ceb: shutdown FollowerState
2019-10-18 07:14:47,610 [Thread-1838] INFO  impl.RaftServerImpl (RaftServerImpl.java:setRole(184)) - c52c3de9-0ed1-4f2b-ba1d-f317ceeb0ceb@group-20BE3FF63202: changes role from  FOLLOWER to CANDIDATE at term 248 for changeToCandidate
2019-10-18 07:14:47,610 [Thread-1838] INFO  impl.RoleInfo (RoleInfo.java:updateAndGet(143)) - c52c3de9-0ed1-4f2b-ba1d-f317ceeb0ceb: start LeaderElection
2019-10-18 07:14:47,636 [c52c3de9-0ed1-4f2b-ba1d-f317ceeb0ceb@group-20BE3FF63202-LeaderElection204] INFO  impl.LeaderElection (LeaderElection.java:askForVotes(178)) - c52c3de9-0ed1-4f2b-ba1d-f317ceeb0ceb@group-20BE3FF63202-LeaderElection204: begin an election at term 249 for -1: [24274e9f-e41f-4654-9afc-a783ca44e44b:192.168.69.67:35902, 988115cd-21c9-4558-b198-f2cedd98ccf3:192.168.69.67:44208, c52c3de9-0ed1-4f2b-ba1d-f317ceeb0ceb:192.168.69.67:37615], old=null
2019-10-18 07:14:47,639 [grpc-default-executor-5] INFO  impl.RaftServerImpl (RaftServerImpl.java:setRole(184)) - 24274e9f-e41f-4654-9afc-a783ca44e44b@group-20BE3FF63202: changes role from  FOLLOWER to FOLLOWER at term 249 for recognizeCandidate:c52c3de9-0ed1-4f2b-ba1d-f317ceeb0ceb
2019-10-18 07:14:47,639 [grpc-default-executor-0] INFO  impl.RaftServerImpl (RaftServerImpl.java:setRole(184)) - 988115cd-21c9-4558-b198-f2cedd98ccf3@group-20BE3FF63202: changes role from  FOLLOWER to FOLLOWER at term 249 for recognizeCandidate:c52c3de9-0ed1-4f2b-ba1d-f317ceeb0ceb
2019-10-18 07:14:47,639 [grpc-default-executor-5] INFO  impl.RoleInfo (RoleInfo.java:shutdownFollowerState(121)) - 24274e9f-e41f-4654-9afc-a783ca44e44b: shutdown FollowerState
2019-10-18 07:14:47,639 [grpc-default-executor-0] INFO  impl.RoleInfo (RoleInfo.java:shutdownFollowerState(121)) - 988115cd-21c9-4558-b198-f2cedd98ccf3: shutdown FollowerState
2019-10-18 07:14:47,639 [Thread-1837] INFO  impl.FollowerState (FollowerState.java:run(117)) - 24274e9f-e41f-4654-9afc-a783ca44e44b@group-20BE3FF63202-FollowerState was interrupted: java.lang.InterruptedException: sleep interrupted
2019-10-18 07:14:47,639 [grpc-default-executor-5] INFO  impl.RoleInfo (RoleInfo.java:updateAndGet(143)) - 24274e9f-e41f-4654-9afc-a783ca44e44b: start FollowerState
2019-10-18 07:14:47,639 [Thread-1836] INFO  impl.FollowerState (FollowerState.java:run(117)) - 988115cd-21c9-4558-b198-f2cedd98ccf3@group-20BE3FF63202-FollowerState was interrupted: java.lang.InterruptedException: sleep interrupted
2019-10-18 07:14:47,639 [grpc-default-executor-0] INFO  impl.RoleInfo (RoleInfo.java:updateAndGet(143)) - 988115cd-21c9-4558-b198-f2cedd98ccf3: start FollowerState
2019-10-18 07:14:47,661 [c52c3de9-0ed1-4f2b-ba1d-f317ceeb0ceb@group-20BE3FF63202-LeaderElection204] INFO  impl.LeaderElection (LeaderElection.java:logAndReturn(56)) - c52c3de9-0ed1-4f2b-ba1d-f317ceeb0ceb@group-20BE3FF63202-LeaderElection204: Election REJECTED; received 2 response(s) [c52c3de9-0ed1-4f2b-ba1d-f317ceeb0ceb<-24274e9f-e41f-4654-9afc-a783ca44e44b#0:FAIL-t249, c52c3de9-0ed1-4f2b-ba1d-f317ceeb0ceb<-988115cd-21c9-4558-b198-f2cedd98ccf3#0:FAIL-t249] and 0 exception(s); c52c3de9-0ed1-4f2b-ba1d-f317ceeb0ceb@group-20BE3FF63202:t249, leader=null, voted=c52c3de9-0ed1-4f2b-ba1d-f317ceeb0ceb, raftlog=c52c3de9-0ed1-4f2b-ba1d-f317ceeb0ceb@group-20BE3FF63202-SegmentedRaftLog:OPENED:c-1,f-1,i0, conf=-1: [24274e9f-e41f-4654-9afc-a783ca44e44b:192.168.69.67:35902, 988115cd-21c9-4558-b198-f2cedd98ccf3:192.168.69.67:44208, c52c3de9-0ed1-4f2b-ba1d-f317ceeb0ceb:192.168.69.67:37615], old=null
2019-10-18 07:14:47,661 [c52c3de9-0ed1-4f2b-ba1d-f317ceeb0ceb@group-20BE3FF63202-LeaderElection204] INFO  impl.RaftServerImpl (RaftServerImpl.java:setRole(184)) - c52c3de9-0ed1-4f2b-ba1d-f317ceeb0ceb@group-20BE3FF63202: changes role from CANDIDATE to FOLLOWER at term 249 for DISCOVERED_A_NEW_TERM
2019-10-18 07:14:47,661 [c52c3de9-0ed1-4f2b-ba1d-f317ceeb0ceb@group-20BE3FF63202-LeaderElection204] INFO  impl.RoleInfo (RoleInfo.java:shutdownLeaderElection(134)) - c52c3de9-0ed1-4f2b-ba1d-f317ceeb0ceb: shutdown LeaderElection
2019-10-18 07:14:47,662 [c52c3de9-0ed1-4f2b-ba1d-f317ceeb0ceb@group-20BE3FF63202-LeaderElection204] INFO  impl.RoleInfo (RoleInfo.java:updateAndGet(143)) - c52c3de9-0ed1-4f2b-ba1d-f317ceeb0ceb: start FollowerState
2019-10-18 07:14:47,770 [EventQueue-StaleNodeForStaleNodeHandler] INFO  node.StaleNodeHandler (StaleNodeHandler.java:onMessage(58)) - Datanode d2e56473-8267-4871-9849-be2e71e1a2dc{ip: 192.168.69.67, host: pr-hdds-1868-wx8dl-4219780377, networkLocation: /default-rack, certSerialId: null} moved to stale state. Finalizing its pipelines [PipelineID=75f31a0e-c847-499b-9f00-4a5985bbf6fd, PipelineID=1211d451-7dd4-481e-bb6d-afd3e3a39739]
2019-10-18 07:14:47,771 [EventQueue-StaleNodeForStaleNodeHandler] INFO  pipeline.SCMPipelineManager (SCMPipelineManager.java:finalizeAndDestroyPipeline(315)) - destroying pipeline:Pipeline[ Id: 75f31a0e-c847-499b-9f00-4a5985bbf6fd, Nodes: d2e56473-8267-4871-9849-be2e71e1a2dc{ip: 192.168.69.67, host: pr-hdds-1868-wx8dl-4219780377, networkLocation: /default-rack, certSerialId: null}, Type:RATIS, Factor:ONE, State:OPEN]
2019-10-18 07:14:47,773 [EventQueue-StaleNodeForStaleNodeHandler] INFO  pipeline.PipelineStateManager (PipelineStateManager.java:finalizePipeline(121)) - Pipeline Pipeline[ Id: 75f31a0e-c847-499b-9f00-4a5985bbf6fd, Nodes: d2e56473-8267-4871-9849-be2e71e1a2dc{ip: 192.168.69.67, host: pr-hdds-1868-wx8dl-4219780377, networkLocation: /default-rack, certSerialId: null}, Type:RATIS, Factor:ONE, State:CLOSED] moved to CLOSED state
2019-10-18 07:14:47,775 [EventQueue-StaleNodeForStaleNodeHandler] INFO  pipeline.SCMPipelineManager (SCMPipelineManager.java:finalizeAndDestroyPipeline(315)) - destroying pipeline:Pipeline[ Id: 1211d451-7dd4-481e-bb6d-afd3e3a39739, Nodes: f7ab671b-901b-4a48-a9a9-f6c73ab18394{ip: 192.168.69.67, host: pr-hdds-1868-wx8dl-4219780377, networkLocation: /default-rack, certSerialId: null}d2e56473-8267-4871-9849-be2e71e1a2dc{ip: 192.168.69.67, host: pr-hdds-1868-wx8dl-4219780377, networkLocation: /default-rack, certSerialId: null}48796f01-a45e-4e78-98f3-7a8f6b07cc28{ip: 192.168.69.67, host: pr-hdds-1868-wx8dl-4219780377, networkLocation: /default-rack, certSerialId: null}, Type:RATIS, Factor:THREE, State:OPEN]
2019-10-18 07:14:47,775 [EventQueue-StaleNodeForStaleNodeHandler] INFO  pipeline.PipelineStateManager (PipelineStateManager.java:finalizePipeline(121)) - Pipeline Pipeline[ Id: 1211d451-7dd4-481e-bb6d-afd3e3a39739, Nodes: f7ab671b-901b-4a48-a9a9-f6c73ab18394{ip: 192.168.69.67, host: pr-hdds-1868-wx8dl-4219780377, networkLocation: /default-rack, certSerialId: null}d2e56473-8267-4871-9849-be2e71e1a2dc{ip: 192.168.69.67, host: pr-hdds-1868-wx8dl-4219780377, networkLocation: /default-rack, certSerialId: null}48796f01-a45e-4e78-98f3-7a8f6b07cc28{ip: 192.168.69.67, host: pr-hdds-1868-wx8dl-4219780377, networkLocation: /default-rack, certSerialId: null}, Type:RATIS, Factor:THREE, State:CLOSED] moved to CLOSED state
2019-10-18 07:14:47,806 [Thread-1844] INFO  impl.FollowerState (FollowerState.java:run(108)) - c52c3de9-0ed1-4f2b-ba1d-f317ceeb0ceb@group-20BE3FF63202-FollowerState: change to CANDIDATE, lastRpcTime:144ms, electionTimeout:144ms
2019-10-18 07:14:47,806 [Thread-1844] INFO  impl.RoleInfo (RoleInfo.java:shutdownFollowerState(121)) - c52c3de9-0ed1-4f2b-ba1d-f317ceeb0ceb: shutdown FollowerState
2019-10-18 07:14:47,806 [Thread-1844] INFO  impl.RaftServerImpl (RaftServerImpl.java:setRole(184)) - c52c3de9-0ed1-4f2b-ba1d-f317ceeb0ceb@group-20BE3FF63202: changes role from  FOLLOWER to CANDIDATE at term 249 for changeToCandidate
2019-10-18 07:14:47,806 [Thread-1844] INFO  impl.RoleInfo (RoleInfo.java:updateAndGet(143)) - c52c3de9-0ed1-4f2b-ba1d-f317ceeb0ceb: start LeaderElection
2019-10-18 07:14:47,831 [c52c3de9-0ed1-4f2b-ba1d-f317ceeb0ceb@group-20BE3FF63202-LeaderElection205] INFO  impl.LeaderElection (LeaderElection.java:askForVotes(178)) - c52c3de9-0ed1-4f2b-ba1d-f317ceeb0ceb@group-20BE3FF63202-LeaderElection205: begin an election at term 250 for -1: [24274e9f-e41f-4654-9afc-a783ca44e44b:192.168.69.67:35902, 988115cd-21c9-4558-b198-f2cedd98ccf3:192.168.69.67:44208, c52c3de9-0ed1-4f2b-ba1d-f317ceeb0ceb:192.168.69.67:37615], old=null
2019-10-18 07:14:47,833 [grpc-default-executor-0] INFO  impl.RaftServerImpl (RaftServerImpl.java:setRole(184)) - 24274e9f-e41f-4654-9afc-a783ca44e44b@group-20BE3FF63202: changes role from  FOLLOWER to FOLLOWER at term 250 for recognizeCandidate:c52c3de9-0ed1-4f2b-ba1d-f317ceeb0ceb
2019-10-18 07:14:47,833 [grpc-default-executor-5] INFO  impl.RaftServerImpl (RaftServerImpl.java:setRole(184)) - 988115cd-21c9-4558-b198-f2cedd98ccf3@group-20BE3FF63202: changes role from  FOLLOWER to FOLLOWER at term 250 for recognizeCandidate:c52c3de9-0ed1-4f2b-ba1d-f317ceeb0ceb
2019-10-18 07:14:47,833 [grpc-default-executor-5] INFO  impl.RoleInfo (RoleInfo.java:shutdownFollowerState(121)) - 988115cd-21c9-4558-b198-f2cedd98ccf3: shutdown FollowerState
2019-10-18 07:14:47,833 [grpc-default-executor-0] INFO  impl.RoleInfo (RoleInfo.java:shutdownFollowerState(121)) - 24274e9f-e41f-4654-9afc-a783ca44e44b: shutdown FollowerState
2019-10-18 07:14:47,834 [Thread-1843] INFO  impl.FollowerState (FollowerState.java:run(117)) - 988115cd-21c9-4558-b198-f2cedd98ccf3@group-20BE3FF63202-FollowerState was interrupted: java.lang.InterruptedException: sleep interrupted
2019-10-18 07:14:47,834 [grpc-default-executor-5] INFO  impl.RoleInfo (RoleInfo.java:updateAndGet(143)) - 988115cd-21c9-4558-b198-f2cedd98ccf3: start FollowerState
2019-10-18 07:14:47,834 [Thread-1842] INFO  impl.FollowerState (FollowerState.java:run(117)) - 24274e9f-e41f-4654-9afc-a783ca44e44b@group-20BE3FF63202-FollowerState was interrupted: java.lang.InterruptedException: sleep interrupted
2019-10-18 07:14:47,834 [grpc-default-executor-0] INFO  impl.RoleInfo (RoleInfo.java:updateAndGet(143)) - 24274e9f-e41f-4654-9afc-a783ca44e44b: start FollowerState
2019-10-18 07:14:47,853 [c52c3de9-0ed1-4f2b-ba1d-f317ceeb0ceb@group-20BE3FF63202-LeaderElection205] INFO  impl.LeaderElection (LeaderElection.java:logAndReturn(56)) - c52c3de9-0ed1-4f2b-ba1d-f317ceeb0ceb@group-20BE3FF63202-LeaderElection205: Election REJECTED; received 2 response(s) [c52c3de9-0ed1-4f2b-ba1d-f317ceeb0ceb<-24274e9f-e41f-4654-9afc-a783ca44e44b#0:FAIL-t250, c52c3de9-0ed1-4f2b-ba1d-f317ceeb0ceb<-988115cd-21c9-4558-b198-f2cedd98ccf3#0:FAIL-t250] and 0 exception(s); c52c3de9-0ed1-4f2b-ba1d-f317ceeb0ceb@group-20BE3FF63202:t250, leader=null, voted=c52c3de9-0ed1-4f2b-ba1d-f317ceeb0ceb, raftlog=c52c3de9-0ed1-4f2b-ba1d-f317ceeb0ceb@group-20BE3FF63202-SegmentedRaftLog:OPENED:c-1,f-1,i0, conf=-1: [24274e9f-e41f-4654-9afc-a783ca44e44b:192.168.69.67:35902, 988115cd-21c9-4558-b198-f2cedd98ccf3:192.168.69.67:44208, c52c3de9-0ed1-4f2b-ba1d-f317ceeb0ceb:192.168.69.67:37615], old=null
2019-10-18 07:14:47,853 [c52c3de9-0ed1-4f2b-ba1d-f317ceeb0ceb@group-20BE3FF63202-LeaderElection205] INFO  impl.RaftServerImpl (RaftServerImpl.java:setRole(184)) - c52c3de9-0ed1-4f2b-ba1d-f317ceeb0ceb@group-20BE3FF63202: changes role from CANDIDATE to FOLLOWER at term 250 for DISCOVERED_A_NEW_TERM
2019-10-18 07:14:47,853 [c52c3de9-0ed1-4f2b-ba1d-f317ceeb0ceb@group-20BE3FF63202-LeaderElection205] INFO  impl.RoleInfo (RoleInfo.java:shutdownLeaderElection(134)) - c52c3de9-0ed1-4f2b-ba1d-f317ceeb0ceb: shutdown LeaderElection
2019-10-18 07:14:47,853 [c52c3de9-0ed1-4f2b-ba1d-f317ceeb0ceb@group-20BE3FF63202-LeaderElection205] INFO  impl.RoleInfo (RoleInfo.java:updateAndGet(143)) - c52c3de9-0ed1-4f2b-ba1d-f317ceeb0ceb: start FollowerState
2019-10-18 07:14:47,927 [Thread-1853] INFO  impl.FollowerState (FollowerState.java:run(108)) - c52c3de9-0ed1-4f2b-ba1d-f317ceeb0ceb@group-20BE3FF63202-FollowerState: change to CANDIDATE, lastRpcTime:73ms, electionTimeout:73ms
2019-10-18 07:14:47,927 [Thread-1853] INFO  impl.RoleInfo (RoleInfo.java:shutdownFollowerState(121)) - c52c3de9-0ed1-4f2b-ba1d-f317ceeb0ceb: shutdown FollowerState
2019-10-18 07:14:47,927 [Thread-1853] INFO  impl.RaftServerImpl (RaftServerImpl.java:setRole(184)) - c52c3de9-0ed1-4f2b-ba1d-f317ceeb0ceb@group-20BE3FF63202: changes role from  FOLLOWER to CANDIDATE at term 250 for changeToCandidate
2019-10-18 07:14:47,927 [Thread-1853] INFO  impl.RoleInfo (RoleInfo.java:updateAndGet(143)) - c52c3de9-0ed1-4f2b-ba1d-f317ceeb0ceb: start LeaderElection
2019-10-18 07:14:47,945 [c52c3de9-0ed1-4f2b-ba1d-f317ceeb0ceb@group-20BE3FF63202-LeaderElection206] INFO  impl.LeaderElection (LeaderElection.java:askForVotes(178)) - c52c3de9-0ed1-4f2b-ba1d-f317ceeb0ceb@group-20BE3FF63202-LeaderElection206: begin an election at term 251 for -1: [24274e9f-e41f-4654-9afc-a783ca44e44b:192.168.69.67:35902, 988115cd-21c9-4558-b198-f2cedd98ccf3:192.168.69.67:44208, c52c3de9-0ed1-4f2b-ba1d-f317ceeb0ceb:192.168.69.67:37615], old=null
2019-10-18 07:14:47,947 [grpc-default-executor-5] INFO  impl.RaftServerImpl (RaftServerImpl.java:setRole(184)) - 988115cd-21c9-4558-b198-f2cedd98ccf3@group-20BE3FF63202: changes role from  FOLLOWER to FOLLOWER at term 251 for recognizeCandidate:c52c3de9-0ed1-4f2b-ba1d-f317ceeb0ceb
2019-10-18 07:14:47,947 [grpc-default-executor-5] INFO  impl.RoleInfo (RoleInfo.java:shutdownFollowerState(121)) - 988115cd-21c9-4558-b198-f2cedd98ccf3: shutdown FollowerState
2019-10-18 07:14:47,947 [grpc-default-executor-0] INFO  impl.RaftServerImpl (RaftServerImpl.java:setRole(184)) - 24274e9f-e41f-4654-9afc-a783ca44e44b@group-20BE3FF63202: changes role from  FOLLOWER to FOLLOWER at term 251 for recognizeCandidate:c52c3de9-0ed1-4f2b-ba1d-f317ceeb0ceb
2019-10-18 07:14:47,947 [Thread-1851] INFO  impl.FollowerState (FollowerState.java:run(117)) - 988115cd-21c9-4558-b198-f2cedd98ccf3@group-20BE3FF63202-FollowerState was interrupted: java.lang.InterruptedException: sleep interrupted
2019-10-18 07:14:47,947 [grpc-default-executor-5] INFO  impl.RoleInfo (RoleInfo.java:updateAndGet(143)) - 988115cd-21c9-4558-b198-f2cedd98ccf3: start FollowerState
2019-10-18 07:14:47,947 [grpc-default-executor-0] INFO  impl.RoleInfo (RoleInfo.java:shutdownFollowerState(121)) - 24274e9f-e41f-4654-9afc-a783ca44e44b: shutdown FollowerState
2019-10-18 07:14:47,948 [grpc-default-executor-0] INFO  impl.RoleInfo (RoleInfo.java:updateAndGet(143)) - 24274e9f-e41f-4654-9afc-a783ca44e44b: start FollowerState
2019-10-18 07:14:47,948 [Thread-1852] INFO  impl.FollowerState (FollowerState.java:run(117)) - 24274e9f-e41f-4654-9afc-a783ca44e44b@group-20BE3FF63202-FollowerState was interrupted: java.lang.InterruptedException: sleep interrupted
2019-10-18 07:14:47,976 [c52c3de9-0ed1-4f2b-ba1d-f317ceeb0ceb@group-20BE3FF63202-LeaderElection206] INFO  impl.LeaderElection (LeaderElection.java:logAndReturn(56)) - c52c3de9-0ed1-4f2b-ba1d-f317ceeb0ceb@group-20BE3FF63202-LeaderElection206: Election REJECTED; received 2 response(s) [c52c3de9-0ed1-4f2b-ba1d-f317ceeb0ceb<-24274e9f-e41f-4654-9afc-a783ca44e44b#0:FAIL-t251, c52c3de9-0ed1-4f2b-ba1d-f317ceeb0ceb<-988115cd-21c9-4558-b198-f2cedd98ccf3#0:FAIL-t251] and 0 exception(s); c52c3de9-0ed1-4f2b-ba1d-f317ceeb0ceb@group-20BE3FF63202:t251, leader=null, voted=c52c3de9-0ed1-4f2b-ba1d-f317ceeb0ceb, raftlog=c52c3de9-0ed1-4f2b-ba1d-f317ceeb0ceb@group-20BE3FF63202-SegmentedRaftLog:OPENED:c-1,f-1,i0, conf=-1: [24274e9f-e41f-4654-9afc-a783ca44e44b:192.168.69.67:35902, 988115cd-21c9-4558-b198-f2cedd98ccf3:192.168.69.67:44208, c52c3de9-0ed1-4f2b-ba1d-f317ceeb0ceb:192.168.69.67:37615], old=null
2019-10-18 07:14:47,976 [c52c3de9-0ed1-4f2b-ba1d-f317ceeb0ceb@group-20BE3FF63202-LeaderElection206] INFO  impl.RaftServerImpl (RaftServerImpl.java:setRole(184)) - c52c3de9-0ed1-4f2b-ba1d-f317ceeb0ceb@group-20BE3FF63202: changes role from CANDIDATE to FOLLOWER at term 251 for DISCOVERED_A_NEW_TERM
2019-10-18 07:14:47,976 [c52c3de9-0ed1-4f2b-ba1d-f317ceeb0ceb@group-20BE3FF63202-LeaderElection206] INFO  impl.RoleInfo (RoleInfo.java:shutdownLeaderElection(134)) - c52c3de9-0ed1-4f2b-ba1d-f317ceeb0ceb: shutdown LeaderElection
2019-10-18 07:14:47,976 [c52c3de9-0ed1-4f2b-ba1d-f317ceeb0ceb@group-20BE3FF63202-LeaderElection206] INFO  impl.RoleInfo (RoleInfo.java:updateAndGet(143)) - c52c3de9-0ed1-4f2b-ba1d-f317ceeb0ceb: start FollowerState
2019-10-18 07:14:48,109 [Thread-1859] INFO  impl.FollowerState (FollowerState.java:run(108)) - c52c3de9-0ed1-4f2b-ba1d-f317ceeb0ceb@group-20BE3FF63202-FollowerState: change to CANDIDATE, lastRpcTime:132ms, electionTimeout:132ms
2019-10-18 07:14:48,109 [Thread-1859] INFO  impl.RoleInfo (RoleInfo.java:shutdownFollowerState(121)) - c52c3de9-0ed1-4f2b-ba1d-f317ceeb0ceb: shutdown FollowerState
2019-10-18 07:14:48,109 [Thread-1859] INFO  impl.RaftServerImpl (RaftServerImpl.java:setRole(184)) - c52c3de9-0ed1-4f2b-ba1d-f317ceeb0ceb@group-20BE3FF63202: changes role from  FOLLOWER to CANDIDATE at term 251 for changeToCandidate
2019-10-18 07:14:48,109 [Thread-1859] INFO  impl.RoleInfo (RoleInfo.java:updateAndGet(143)) - c52c3de9-0ed1-4f2b-ba1d-f317ceeb0ceb: start LeaderElection
2019-10-18 07:14:48,131 [c52c3de9-0ed1-4f2b-ba1d-f317ceeb0ceb@group-20BE3FF63202-LeaderElection207] INFO  impl.LeaderElection (LeaderElection.java:askForVotes(178)) - c52c3de9-0ed1-4f2b-ba1d-f317ceeb0ceb@group-20BE3FF63202-LeaderElection207: begin an election at term 252 for -1: [24274e9f-e41f-4654-9afc-a783ca44e44b:192.168.69.67:35902, 988115cd-21c9-4558-b198-f2cedd98ccf3:192.168.69.67:44208, c52c3de9-0ed1-4f2b-ba1d-f317ceeb0ceb:192.168.69.67:37615], old=null
2019-10-18 07:14:48,133 [grpc-default-executor-5] INFO  impl.RaftServerImpl (RaftServerImpl.java:setRole(184)) - 24274e9f-e41f-4654-9afc-a783ca44e44b@group-20BE3FF63202: changes role from  FOLLOWER to FOLLOWER at term 252 for recognizeCandidate:c52c3de9-0ed1-4f2b-ba1d-f317ceeb0ceb
2019-10-18 07:14:48,133 [grpc-default-executor-0] INFO  impl.RaftServerImpl (RaftServerImpl.java:setRole(184)) - 988115cd-21c9-4558-b198-f2cedd98ccf3@group-20BE3FF63202: changes role from  FOLLOWER to FOLLOWER at term 252 for recognizeCandidate:c52c3de9-0ed1-4f2b-ba1d-f317ceeb0ceb
2019-10-18 07:14:48,133 [grpc-default-executor-0] INFO  impl.RoleInfo (RoleInfo.java:shutdownFollowerState(121)) - 988115cd-21c9-4558-b198-f2cedd98ccf3: shutdown FollowerState
2019-10-18 07:14:48,133 [grpc-default-executor-5] INFO  impl.RoleInfo (RoleInfo.java:shutdownFollowerState(121)) - 24274e9f-e41f-4654-9afc-a783ca44e44b: shutdown FollowerState
2019-10-18 07:14:48,133 [Thread-1857] INFO  impl.FollowerState (FollowerState.java:run(117)) - 988115cd-21c9-4558-b198-f2cedd98ccf3@group-20BE3FF63202-FollowerState was interrupted: java.lang.InterruptedException: sleep interrupted
2019-10-18 07:14:48,133 [grpc-default-executor-0] INFO  impl.RoleInfo (RoleInfo.java:updateAndGet(143)) - 988115cd-21c9-4558-b198-f2cedd98ccf3: start FollowerState
2019-10-18 07:14:48,133 [Thread-1858] INFO  impl.FollowerState (FollowerState.java:run(117)) - 24274e9f-e41f-4654-9afc-a783ca44e44b@group-20BE3FF63202-FollowerState was interrupted: java.lang.InterruptedException: sleep interrupted
2019-10-18 07:14:48,133 [grpc-default-executor-5] INFO  impl.RoleInfo (RoleInfo.java:updateAndGet(143)) - 24274e9f-e41f-4654-9afc-a783ca44e44b: start FollowerState
2019-10-18 07:14:48,171 [EventQueue-StaleNodeForStaleNodeHandler] INFO  node.StaleNodeHandler (StaleNodeHandler.java:onMessage(58)) - Datanode 5660bff8-81d7-4c91-ad16-c2423c1e0bda{ip: 192.168.69.67, host: pr-hdds-1868-wx8dl-4219780377, networkLocation: /default-rack, certSerialId: null} moved to stale state. Finalizing its pipelines [PipelineID=c64b84c1-00ad-4e4b-bbce-649e1086afd6]
2019-10-18 07:14:48,171 [EventQueue-StaleNodeForStaleNodeHandler] INFO  pipeline.SCMPipelineManager (SCMPipelineManager.java:finalizeAndDestroyPipeline(315)) - destroying pipeline:Pipeline[ Id: c64b84c1-00ad-4e4b-bbce-649e1086afd6, Nodes: 5660bff8-81d7-4c91-ad16-c2423c1e0bda{ip: 192.168.69.67, host: pr-hdds-1868-wx8dl-4219780377, networkLocation: /default-rack, certSerialId: null}, Type:RATIS, Factor:ONE, State:OPEN]
2019-10-18 07:14:48,171 [EventQueue-StaleNodeForStaleNodeHandler] INFO  pipeline.PipelineStateManager (PipelineStateManager.java:finalizePipeline(121)) - Pipeline Pipeline[ Id: c64b84c1-00ad-4e4b-bbce-649e1086afd6, Nodes: 5660bff8-81d7-4c91-ad16-c2423c1e0bda{ip: 192.168.69.67, host: pr-hdds-1868-wx8dl-4219780377, networkLocation: /default-rack, certSerialId: null}, Type:RATIS, Factor:ONE, State:CLOSED] moved to CLOSED state
2019-10-18 07:14:48,174 [c52c3de9-0ed1-4f2b-ba1d-f317ceeb0ceb@group-20BE3FF63202-LeaderElection207] INFO  impl.LeaderElection (LeaderElection.java:logAndReturn(56)) - c52c3de9-0ed1-4f2b-ba1d-f317ceeb0ceb@group-20BE3FF63202-LeaderElection207: Election REJECTED; received 2 response(s) [c52c3de9-0ed1-4f2b-ba1d-f317ceeb0ceb<-24274e9f-e41f-4654-9afc-a783ca44e44b#0:FAIL-t252, c52c3de9-0ed1-4f2b-ba1d-f317ceeb0ceb<-988115cd-21c9-4558-b198-f2cedd98ccf3#0:FAIL-t252] and 0 exception(s); c52c3de9-0ed1-4f2b-ba1d-f317ceeb0ceb@group-20BE3FF63202:t252, leader=null, voted=c52c3de9-0ed1-4f2b-ba1d-f317ceeb0ceb, raftlog=c52c3de9-0ed1-4f2b-ba1d-f317ceeb0ceb@group-20BE3FF63202-SegmentedRaftLog:OPENED:c-1,f-1,i0, conf=-1: [24274e9f-e41f-4654-9afc-a783ca44e44b:192.168.69.67:35902, 988115cd-21c9-4558-b198-f2cedd98ccf3:192.168.69.67:44208, c52c3de9-0ed1-4f2b-ba1d-f317ceeb0ceb:192.168.69.67:37615], old=null
2019-10-18 07:14:48,174 [c52c3de9-0ed1-4f2b-ba1d-f317ceeb0ceb@group-20BE3FF63202-LeaderElection207] INFO  impl.RaftServerImpl (RaftServerImpl.java:setRole(184)) - c52c3de9-0ed1-4f2b-ba1d-f317ceeb0ceb@group-20BE3FF63202: changes role from CANDIDATE to FOLLOWER at term 252 for DISCOVERED_A_NEW_TERM
2019-10-18 07:14:48,174 [c52c3de9-0ed1-4f2b-ba1d-f317ceeb0ceb@group-20BE3FF63202-LeaderElection207] INFO  impl.RoleInfo (RoleInfo.java:shutdownLeaderElection(134)) - c52c3de9-0ed1-4f2b-ba1d-f317ceeb0ceb: shutdown LeaderElection
2019-10-18 07:14:48,174 [c52c3de9-0ed1-4f2b-ba1d-f317ceeb0ceb@group-20BE3FF63202-LeaderElection207] INFO  impl.RoleInfo (RoleInfo.java:updateAndGet(143)) - c52c3de9-0ed1-4f2b-ba1d-f317ceeb0ceb: start FollowerState
2019-10-18 07:14:48,345 [Thread-1865] INFO  impl.FollowerState (FollowerState.java:run(108)) - c52c3de9-0ed1-4f2b-ba1d-f317ceeb0ceb@group-20BE3FF63202-FollowerState: change to CANDIDATE, lastRpcTime:170ms, electionTimeout:170ms
2019-10-18 07:14:48,345 [Thread-1865] INFO  impl.RoleInfo (RoleInfo.java:shutdownFollowerState(121)) - c52c3de9-0ed1-4f2b-ba1d-f317ceeb0ceb: shutdown FollowerState
2019-10-18 07:14:48,345 [Thread-1865] INFO  impl.RaftServerImpl (RaftServerImpl.java:setRole(184)) - c52c3de9-0ed1-4f2b-ba1d-f317ceeb0ceb@group-20BE3FF63202: changes role from  FOLLOWER to CANDIDATE at term 252 for changeToCandidate
2019-10-18 07:14:48,345 [Thread-1865] INFO  impl.RoleInfo (RoleInfo.java:updateAndGet(143)) - c52c3de9-0ed1-4f2b-ba1d-f317ceeb0ceb: start LeaderElection
2019-10-18 07:14:48,371 [c52c3de9-0ed1-4f2b-ba1d-f317ceeb0ceb@group-20BE3FF63202-LeaderElection208] INFO  impl.LeaderElection (LeaderElection.java:askForVotes(178)) - c52c3de9-0ed1-4f2b-ba1d-f317ceeb0ceb@group-20BE3FF63202-LeaderElection208: begin an election at term 253 for -1: [24274e9f-e41f-4654-9afc-a783ca44e44b:192.168.69.67:35902, 988115cd-21c9-4558-b198-f2cedd98ccf3:192.168.69.67:44208, c52c3de9-0ed1-4f2b-ba1d-f317ceeb0ceb:192.168.69.67:37615], old=null
2019-10-18 07:14:48,373 [grpc-default-executor-0] INFO  impl.RaftServerImpl (RaftServerImpl.java:setRole(184)) - 24274e9f-e41f-4654-9afc-a783ca44e44b@group-20BE3FF63202: changes role from  FOLLOWER to FOLLOWER at term 253 for recognizeCandidate:c52c3de9-0ed1-4f2b-ba1d-f317ceeb0ceb
2019-10-18 07:14:48,373 [grpc-default-executor-5] INFO  impl.RaftServerImpl (RaftServerImpl.java:setRole(184)) - 988115cd-21c9-4558-b198-f2cedd98ccf3@group-20BE3FF63202: changes role from  FOLLOWER to FOLLOWER at term 253 for recognizeCandidate:c52c3de9-0ed1-4f2b-ba1d-f317ceeb0ceb
2019-10-18 07:14:48,373 [grpc-default-executor-5] INFO  impl.RoleInfo (RoleInfo.java:shutdownFollowerState(121)) - 988115cd-21c9-4558-b198-f2cedd98ccf3: shutdown FollowerState
2019-10-18 07:14:48,373 [grpc-default-executor-0] INFO  impl.RoleInfo (RoleInfo.java:shutdownFollowerState(121)) - 24274e9f-e41f-4654-9afc-a783ca44e44b: shutdown FollowerState
2019-10-18 07:14:48,374 [Thread-1863] INFO  impl.FollowerState (FollowerState.java:run(117)) - 988115cd-21c9-4558-b198-f2cedd98ccf3@group-20BE3FF63202-FollowerState was interrupted: java.lang.InterruptedException: sleep interrupted
2019-10-18 07:14:48,374 [Thread-1864] INFO  impl.FollowerState (FollowerState.java:run(117)) - 24274e9f-e41f-4654-9afc-a783ca44e44b@group-20BE3FF63202-FollowerState was interrupted: java.lang.InterruptedException: sleep interrupted
2019-10-18 07:14:48,374 [grpc-default-executor-5] INFO  impl.RoleInfo (RoleInfo.java:updateAndGet(143)) - 988115cd-21c9-4558-b198-f2cedd98ccf3: start FollowerState
2019-10-18 07:14:48,374 [grpc-default-executor-0] INFO  impl.RoleInfo (RoleInfo.java:updateAndGet(143)) - 24274e9f-e41f-4654-9afc-a783ca44e44b: start FollowerState
2019-10-18 07:14:48,388 [c52c3de9-0ed1-4f2b-ba1d-f317ceeb0ceb@group-20BE3FF63202-LeaderElection208] INFO  impl.LeaderElection (LeaderElection.java:logAndReturn(56)) - c52c3de9-0ed1-4f2b-ba1d-f317ceeb0ceb@group-20BE3FF63202-LeaderElection208: Election REJECTED; received 2 response(s) [c52c3de9-0ed1-4f2b-ba1d-f317ceeb0ceb<-24274e9f-e41f-4654-9afc-a783ca44e44b#0:FAIL-t253, c52c3de9-0ed1-4f2b-ba1d-f317ceeb0ceb<-988115cd-21c9-4558-b198-f2cedd98ccf3#0:FAIL-t253] and 0 exception(s); c52c3de9-0ed1-4f2b-ba1d-f317ceeb0ceb@group-20BE3FF63202:t253, leader=null, voted=c52c3de9-0ed1-4f2b-ba1d-f317ceeb0ceb, raftlog=c52c3de9-0ed1-4f2b-ba1d-f317ceeb0ceb@group-20BE3FF63202-SegmentedRaftLog:OPENED:c-1,f-1,i0, conf=-1: [24274e9f-e41f-4654-9afc-a783ca44e44b:192.168.69.67:35902, 988115cd-21c9-4558-b198-f2cedd98ccf3:192.168.69.67:44208, c52c3de9-0ed1-4f2b-ba1d-f317ceeb0ceb:192.168.69.67:37615], old=null
2019-10-18 07:14:48,388 [c52c3de9-0ed1-4f2b-ba1d-f317ceeb0ceb@group-20BE3FF63202-LeaderElection208] INFO  impl.RaftServerImpl (RaftServerImpl.java:setRole(184)) - c52c3de9-0ed1-4f2b-ba1d-f317ceeb0ceb@group-20BE3FF63202: changes role from CANDIDATE to FOLLOWER at term 253 for DISCOVERED_A_NEW_TERM
2019-10-18 07:14:48,389 [c52c3de9-0ed1-4f2b-ba1d-f317ceeb0ceb@group-20BE3FF63202-LeaderElection208] INFO  impl.RoleInfo (RoleInfo.java:shutdownLeaderElection(134)) - c52c3de9-0ed1-4f2b-ba1d-f317ceeb0ceb: shutdown LeaderElection
2019-10-18 07:14:48,389 [c52c3de9-0ed1-4f2b-ba1d-f317ceeb0ceb@group-20BE3FF63202-LeaderElection208] INFO  impl.RoleInfo (RoleInfo.java:updateAndGet(143)) - c52c3de9-0ed1-4f2b-ba1d-f317ceeb0ceb: start FollowerState
2019-10-18 07:14:48,408 [Thread-1871] INFO  impl.FollowerState (FollowerState.java:run(108)) - c52c3de9-0ed1-4f2b-ba1d-f317ceeb0ceb@group-20BE3FF63202-FollowerState: change to CANDIDATE, lastRpcTime:19ms, electionTimeout:19ms
2019-10-18 07:14:48,408 [Thread-1871] INFO  impl.RoleInfo (RoleInfo.java:shutdownFollowerState(121)) - c52c3de9-0ed1-4f2b-ba1d-f317ceeb0ceb: shutdown FollowerState
2019-10-18 07:14:48,408 [Thread-1871] INFO  impl.RaftServerImpl (RaftServerImpl.java:setRole(184)) - c52c3de9-0ed1-4f2b-ba1d-f317ceeb0ceb@group-20BE3FF63202: changes role from  FOLLOWER to CANDIDATE at term 253 for changeToCandidate
2019-10-18 07:14:48,408 [Thread-1871] INFO  impl.RoleInfo (RoleInfo.java:updateAndGet(143)) - c52c3de9-0ed1-4f2b-ba1d-f317ceeb0ceb: start LeaderElection
2019-10-18 07:14:48,437 [c52c3de9-0ed1-4f2b-ba1d-f317ceeb0ceb@group-20BE3FF63202-LeaderElection209] INFO  impl.LeaderElection (LeaderElection.java:askForVotes(178)) - c52c3de9-0ed1-4f2b-ba1d-f317ceeb0ceb@group-20BE3FF63202-LeaderElection209: begin an election at term 254 for -1: [24274e9f-e41f-4654-9afc-a783ca44e44b:192.168.69.67:35902, 988115cd-21c9-4558-b198-f2cedd98ccf3:192.168.69.67:44208, c52c3de9-0ed1-4f2b-ba1d-f317ceeb0ceb:192.168.69.67:37615], old=null
2019-10-18 07:14:48,439 [grpc-default-executor-0] INFO  impl.RaftServerImpl (RaftServerImpl.java:setRole(184)) - 24274e9f-e41f-4654-9afc-a783ca44e44b@group-20BE3FF63202: changes role from  FOLLOWER to FOLLOWER at term 254 for recognizeCandidate:c52c3de9-0ed1-4f2b-ba1d-f317ceeb0ceb
2019-10-18 07:14:48,439 [grpc-default-executor-5] INFO  impl.RaftServerImpl (RaftServerImpl.java:setRole(184)) - 988115cd-21c9-4558-b198-f2cedd98ccf3@group-20BE3FF63202: changes role from  FOLLOWER to FOLLOWER at term 254 for recognizeCandidate:c52c3de9-0ed1-4f2b-ba1d-f317ceeb0ceb
2019-10-18 07:14:48,439 [grpc-default-executor-5] INFO  impl.RoleInfo (RoleInfo.java:shutdownFollowerState(121)) - 988115cd-21c9-4558-b198-f2cedd98ccf3: shutdown FollowerState
2019-10-18 07:14:48,439 [grpc-default-executor-0] INFO  impl.RoleInfo (RoleInfo.java:shutdownFollowerState(121)) - 24274e9f-e41f-4654-9afc-a783ca44e44b: shutdown FollowerState
2019-10-18 07:14:48,439 [Thread-1869] INFO  impl.FollowerState (FollowerState.java:run(117)) - 988115cd-21c9-4558-b198-f2cedd98ccf3@group-20BE3FF63202-FollowerState was interrupted: java.lang.InterruptedException: sleep interrupted
2019-10-18 07:14:48,440 [Thread-1870] INFO  impl.FollowerState (FollowerState.java:run(117)) - 24274e9f-e41f-4654-9afc-a783ca44e44b@group-20BE3FF63202-FollowerState was interrupted: java.lang.InterruptedException: sleep interrupted
2019-10-18 07:14:48,439 [grpc-default-executor-5] INFO  impl.RoleInfo (RoleInfo.java:updateAndGet(143)) - 988115cd-21c9-4558-b198-f2cedd98ccf3: start FollowerState
2019-10-18 07:14:48,439 [grpc-default-executor-0] INFO  impl.RoleInfo (RoleInfo.java:updateAndGet(143)) - 24274e9f-e41f-4654-9afc-a783ca44e44b: start FollowerState
2019-10-18 07:14:48,466 [c52c3de9-0ed1-4f2b-ba1d-f317ceeb0ceb@group-20BE3FF63202-LeaderElection209] INFO  impl.LeaderElection (LeaderElection.java:logAndReturn(56)) - c52c3de9-0ed1-4f2b-ba1d-f317ceeb0ceb@group-20BE3FF63202-LeaderElection209: Election REJECTED; received 2 response(s) [c52c3de9-0ed1-4f2b-ba1d-f317ceeb0ceb<-24274e9f-e41f-4654-9afc-a783ca44e44b#0:FAIL-t254, c52c3de9-0ed1-4f2b-ba1d-f317ceeb0ceb<-988115cd-21c9-4558-b198-f2cedd98ccf3#0:FAIL-t254] and 0 exception(s); c52c3de9-0ed1-4f2b-ba1d-f317ceeb0ceb@group-20BE3FF63202:t254, leader=null, voted=c52c3de9-0ed1-4f2b-ba1d-f317ceeb0ceb, raftlog=c52c3de9-0ed1-4f2b-ba1d-f317ceeb0ceb@group-20BE3FF63202-SegmentedRaftLog:OPENED:c-1,f-1,i0, conf=-1: [24274e9f-e41f-4654-9afc-a783ca44e44b:192.168.69.67:35902, 988115cd-21c9-4558-b198-f2cedd98ccf3:192.168.69.67:44208, c52c3de9-0ed1-4f2b-ba1d-f317ceeb0ceb:192.168.69.67:37615], old=null
2019-10-18 07:14:48,466 [c52c3de9-0ed1-4f2b-ba1d-f317ceeb0ceb@group-20BE3FF63202-LeaderElection209] INFO  impl.RaftServerImpl (RaftServerImpl.java:setRole(184)) - c52c3de9-0ed1-4f2b-ba1d-f317ceeb0ceb@group-20BE3FF63202: changes role from CANDIDATE to FOLLOWER at term 254 for DISCOVERED_A_NEW_TERM
2019-10-18 07:14:48,466 [c52c3de9-0ed1-4f2b-ba1d-f317ceeb0ceb@group-20BE3FF63202-LeaderElection209] INFO  impl.RoleInfo (RoleInfo.java:shutdownLeaderElection(134)) - c52c3de9-0ed1-4f2b-ba1d-f317ceeb0ceb: shutdown LeaderElection
2019-10-18 07:14:48,467 [c52c3de9-0ed1-4f2b-ba1d-f317ceeb0ceb@group-20BE3FF63202-LeaderElection209] INFO  impl.RoleInfo (RoleInfo.java:updateAndGet(143)) - c52c3de9-0ed1-4f2b-ba1d-f317ceeb0ceb: start FollowerState
2019-10-18 07:14:48,557 [Thread-1877] INFO  impl.FollowerState (FollowerState.java:run(108)) - c52c3de9-0ed1-4f2b-ba1d-f317ceeb0ceb@group-20BE3FF63202-FollowerState: change to CANDIDATE, lastRpcTime:90ms, electionTimeout:90ms
2019-10-18 07:14:48,557 [Thread-1877] INFO  impl.RoleInfo (RoleInfo.java:shutdownFollowerState(121)) - c52c3de9-0ed1-4f2b-ba1d-f317ceeb0ceb: shutdown FollowerState
2019-10-18 07:14:48,557 [Thread-1877] INFO  impl.RaftServerImpl (RaftServerImpl.java:setRole(184)) - c52c3de9-0ed1-4f2b-ba1d-f317ceeb0ceb@group-20BE3FF63202: changes role from  FOLLOWER to CANDIDATE at term 254 for changeToCandidate
2019-10-18 07:14:48,558 [Thread-1877] INFO  impl.RoleInfo (RoleInfo.java:updateAndGet(143)) - c52c3de9-0ed1-4f2b-ba1d-f317ceeb0ceb: start LeaderElection
2019-10-18 07:14:48,583 [c52c3de9-0ed1-4f2b-ba1d-f317ceeb0ceb@group-20BE3FF63202-LeaderElection210] INFO  impl.LeaderElection (LeaderElection.java:askForVotes(178)) - c52c3de9-0ed1-4f2b-ba1d-f317ceeb0ceb@group-20BE3FF63202-LeaderElection210: begin an election at term 255 for -1: [24274e9f-e41f-4654-9afc-a783ca44e44b:192.168.69.67:35902, 988115cd-21c9-4558-b198-f2cedd98ccf3:192.168.69.67:44208, c52c3de9-0ed1-4f2b-ba1d-f317ceeb0ceb:192.168.69.67:37615], old=null
2019-10-18 07:14:48,585 [grpc-default-executor-5] INFO  impl.RaftServerImpl (RaftServerImpl.java:setRole(184)) - 24274e9f-e41f-4654-9afc-a783ca44e44b@group-20BE3FF63202: changes role from  FOLLOWER to FOLLOWER at term 255 for recognizeCandidate:c52c3de9-0ed1-4f2b-ba1d-f317ceeb0ceb
2019-10-18 07:14:48,586 [grpc-default-executor-5] INFO  impl.RoleInfo (RoleInfo.java:shutdownFollowerState(121)) - 24274e9f-e41f-4654-9afc-a783ca44e44b: shutdown FollowerState
2019-10-18 07:14:48,586 [grpc-default-executor-0] INFO  impl.RaftServerImpl (RaftServerImpl.java:setRole(184)) - 988115cd-21c9-4558-b198-f2cedd98ccf3@group-20BE3FF63202: changes role from  FOLLOWER to FOLLOWER at term 255 for recognizeCandidate:c52c3de9-0ed1-4f2b-ba1d-f317ceeb0ceb
2019-10-18 07:14:48,586 [Thread-1876] INFO  impl.FollowerState (FollowerState.java:run(117)) - 24274e9f-e41f-4654-9afc-a783ca44e44b@group-20BE3FF63202-FollowerState was interrupted: java.lang.InterruptedException: sleep interrupted
2019-10-18 07:14:48,586 [grpc-default-executor-5] INFO  impl.RoleInfo (RoleInfo.java:updateAndGet(143)) - 24274e9f-e41f-4654-9afc-a783ca44e44b: start FollowerState
2019-10-18 07:14:48,586 [grpc-default-executor-0] INFO  impl.RoleInfo (RoleInfo.java:shutdownFollowerState(121)) - 988115cd-21c9-4558-b198-f2cedd98ccf3: shutdown FollowerState
2019-10-18 07:14:48,586 [grpc-default-executor-0] INFO  impl.RoleInfo (RoleInfo.java:updateAndGet(143)) - 988115cd-21c9-4558-b198-f2cedd98ccf3: start FollowerState
2019-10-18 07:14:48,586 [Thread-1875] INFO  impl.FollowerState (FollowerState.java:run(117)) - 988115cd-21c9-4558-b198-f2cedd98ccf3@group-20BE3FF63202-FollowerState was interrupted: java.lang.InterruptedException: sleep interrupted
2019-10-18 07:14:48,612 [c52c3de9-0ed1-4f2b-ba1d-f317ceeb0ceb@group-20BE3FF63202-LeaderElection210] INFO  impl.LeaderElection (LeaderElection.java:logAndReturn(56)) - c52c3de9-0ed1-4f2b-ba1d-f317ceeb0ceb@group-20BE3FF63202-LeaderElection210: Election REJECTED; received 2 response(s) [c52c3de9-0ed1-4f2b-ba1d-f317ceeb0ceb<-24274e9f-e41f-4654-9afc-a783ca44e44b#0:FAIL-t255, c52c3de9-0ed1-4f2b-ba1d-f317ceeb0ceb<-988115cd-21c9-4558-b198-f2cedd98ccf3#0:FAIL-t255] and 0 exception(s); c52c3de9-0ed1-4f2b-ba1d-f317ceeb0ceb@group-20BE3FF63202:t255, leader=null, voted=c52c3de9-0ed1-4f2b-ba1d-f317ceeb0ceb, raftlog=c52c3de9-0ed1-4f2b-ba1d-f317ceeb0ceb@group-20BE3FF63202-SegmentedRaftLog:OPENED:c-1,f-1,i0, conf=-1: [24274e9f-e41f-4654-9afc-a783ca44e44b:192.168.69.67:35902, 988115cd-21c9-4558-b198-f2cedd98ccf3:192.168.69.67:44208, c52c3de9-0ed1-4f2b-ba1d-f317ceeb0ceb:192.168.69.67:37615], old=null
2019-10-18 07:14:48,612 [c52c3de9-0ed1-4f2b-ba1d-f317ceeb0ceb@group-20BE3FF63202-LeaderElection210] INFO  impl.RaftServerImpl (RaftServerImpl.java:setRole(184)) - c52c3de9-0ed1-4f2b-ba1d-f317ceeb0ceb@group-20BE3FF63202: changes role from CANDIDATE to FOLLOWER at term 255 for DISCOVERED_A_NEW_TERM
2019-10-18 07:14:48,612 [c52c3de9-0ed1-4f2b-ba1d-f317ceeb0ceb@group-20BE3FF63202-LeaderElection210] INFO  impl.RoleInfo (RoleInfo.java:shutdownLeaderElection(134)) - c52c3de9-0ed1-4f2b-ba1d-f317ceeb0ceb: shutdown LeaderElection
2019-10-18 07:14:48,613 [c52c3de9-0ed1-4f2b-ba1d-f317ceeb0ceb@group-20BE3FF63202-LeaderElection210] INFO  impl.RoleInfo (RoleInfo.java:updateAndGet(143)) - c52c3de9-0ed1-4f2b-ba1d-f317ceeb0ceb: start FollowerState
2019-10-18 07:14:48,715 [Thread-1883] INFO  impl.FollowerState (FollowerState.java:run(108)) - c52c3de9-0ed1-4f2b-ba1d-f317ceeb0ceb@group-20BE3FF63202-FollowerState: change to CANDIDATE, lastRpcTime:102ms, electionTimeout:102ms
2019-10-18 07:14:48,715 [Thread-1883] INFO  impl.RoleInfo (RoleInfo.java:shutdownFollowerState(121)) - c52c3de9-0ed1-4f2b-ba1d-f317ceeb0ceb: shutdown FollowerState
2019-10-18 07:14:48,715 [Thread-1883] INFO  impl.RaftServerImpl (RaftServerImpl.java:setRole(184)) - c52c3de9-0ed1-4f2b-ba1d-f317ceeb0ceb@group-20BE3FF63202: changes role from  FOLLOWER to CANDIDATE at term 255 for changeToCandidate
2019-10-18 07:14:48,716 [Thread-1883] INFO  impl.RoleInfo (RoleInfo.java:updateAndGet(143)) - c52c3de9-0ed1-4f2b-ba1d-f317ceeb0ceb: start LeaderElection
2019-10-18 07:14:48,755 [c52c3de9-0ed1-4f2b-ba1d-f317ceeb0ceb@group-20BE3FF63202-LeaderElection211] INFO  impl.LeaderElection (LeaderElection.java:askForVotes(178)) - c52c3de9-0ed1-4f2b-ba1d-f317ceeb0ceb@group-20BE3FF63202-LeaderElection211: begin an election at term 256 for -1: [24274e9f-e41f-4654-9afc-a783ca44e44b:192.168.69.67:35902, 988115cd-21c9-4558-b198-f2cedd98ccf3:192.168.69.67:44208, c52c3de9-0ed1-4f2b-ba1d-f317ceeb0ceb:192.168.69.67:37615], old=null
2019-10-18 07:14:48,758 [grpc-default-executor-5] INFO  impl.RaftServerImpl (RaftServerImpl.java:setRole(184)) - 24274e9f-e41f-4654-9afc-a783ca44e44b@group-20BE3FF63202: changes role from  FOLLOWER to FOLLOWER at term 256 for recognizeCandidate:c52c3de9-0ed1-4f2b-ba1d-f317ceeb0ceb
2019-10-18 07:14:48,758 [grpc-default-executor-0] INFO  impl.RaftServerImpl (RaftServerImpl.java:setRole(184)) - 988115cd-21c9-4558-b198-f2cedd98ccf3@group-20BE3FF63202: changes role from  FOLLOWER to FOLLOWER at term 256 for recognizeCandidate:c52c3de9-0ed1-4f2b-ba1d-f317ceeb0ceb
2019-10-18 07:14:48,758 [grpc-default-executor-5] INFO  impl.RoleInfo (RoleInfo.java:shutdownFollowerState(121)) - 24274e9f-e41f-4654-9afc-a783ca44e44b: shutdown FollowerState
2019-10-18 07:14:48,758 [grpc-default-executor-0] INFO  impl.RoleInfo (RoleInfo.java:shutdownFollowerState(121)) - 988115cd-21c9-4558-b198-f2cedd98ccf3: shutdown FollowerState
2019-10-18 07:14:48,759 [Thread-1881] INFO  impl.FollowerState (FollowerState.java:run(117)) - 24274e9f-e41f-4654-9afc-a783ca44e44b@group-20BE3FF63202-FollowerState was interrupted: java.lang.InterruptedException: sleep interrupted
2019-10-18 07:14:48,759 [grpc-default-executor-5] INFO  impl.RoleInfo (RoleInfo.java:updateAndGet(143)) - 24274e9f-e41f-4654-9afc-a783ca44e44b: start FollowerState
2019-10-18 07:14:48,759 [Thread-1882] INFO  impl.FollowerState (FollowerState.java:run(117)) - 988115cd-21c9-4558-b198-f2cedd98ccf3@group-20BE3FF63202-FollowerState was interrupted: java.lang.InterruptedException: sleep interrupted
2019-10-18 07:14:48,759 [grpc-default-executor-0] INFO  impl.RoleInfo (RoleInfo.java:updateAndGet(143)) - 988115cd-21c9-4558-b198-f2cedd98ccf3: start FollowerState
2019-10-18 07:14:48,774 [c52c3de9-0ed1-4f2b-ba1d-f317ceeb0ceb@group-20BE3FF63202-LeaderElection211] INFO  impl.LeaderElection (LeaderElection.java:logAndReturn(56)) - c52c3de9-0ed1-4f2b-ba1d-f317ceeb0ceb@group-20BE3FF63202-LeaderElection211: Election REJECTED; received 2 response(s) [c52c3de9-0ed1-4f2b-ba1d-f317ceeb0ceb<-24274e9f-e41f-4654-9afc-a783ca44e44b#0:FAIL-t256, c52c3de9-0ed1-4f2b-ba1d-f317ceeb0ceb<-988115cd-21c9-4558-b198-f2cedd98ccf3#0:FAIL-t256] and 0 exception(s); c52c3de9-0ed1-4f2b-ba1d-f317ceeb0ceb@group-20BE3FF63202:t256, leader=null, voted=c52c3de9-0ed1-4f2b-ba1d-f317ceeb0ceb, raftlog=c52c3de9-0ed1-4f2b-ba1d-f317ceeb0ceb@group-20BE3FF63202-SegmentedRaftLog:OPENED:c-1,f-1,i0, conf=-1: [24274e9f-e41f-4654-9afc-a783ca44e44b:192.168.69.67:35902, 988115cd-21c9-4558-b198-f2cedd98ccf3:192.168.69.67:44208, c52c3de9-0ed1-4f2b-ba1d-f317ceeb0ceb:192.168.69.67:37615], old=null
2019-10-18 07:14:48,774 [c52c3de9-0ed1-4f2b-ba1d-f317ceeb0ceb@group-20BE3FF63202-LeaderElection211] INFO  impl.RaftServerImpl (RaftServerImpl.java:setRole(184)) - c52c3de9-0ed1-4f2b-ba1d-f317ceeb0ceb@group-20BE3FF63202: changes role from CANDIDATE to FOLLOWER at term 256 for DISCOVERED_A_NEW_TERM
2019-10-18 07:14:48,775 [c52c3de9-0ed1-4f2b-ba1d-f317ceeb0ceb@group-20BE3FF63202-LeaderElection211] INFO  impl.RoleInfo (RoleInfo.java:shutdownLeaderElection(134)) - c52c3de9-0ed1-4f2b-ba1d-f317ceeb0ceb: shutdown LeaderElection
2019-10-18 07:14:48,775 [c52c3de9-0ed1-4f2b-ba1d-f317ceeb0ceb@group-20BE3FF63202-LeaderElection211] INFO  impl.RoleInfo (RoleInfo.java:updateAndGet(143)) - c52c3de9-0ed1-4f2b-ba1d-f317ceeb0ceb: start FollowerState
2019-10-18 07:14:48,863 [Thread-1889] INFO  impl.FollowerState (FollowerState.java:run(108)) - c52c3de9-0ed1-4f2b-ba1d-f317ceeb0ceb@group-20BE3FF63202-FollowerState: change to CANDIDATE, lastRpcTime:88ms, electionTimeout:88ms
2019-10-18 07:14:48,863 [Thread-1889] INFO  impl.RoleInfo (RoleInfo.java:shutdownFollowerState(121)) - c52c3de9-0ed1-4f2b-ba1d-f317ceeb0ceb: shutdown FollowerState
2019-10-18 07:14:48,863 [Thread-1889] INFO  impl.RaftServerImpl (RaftServerImpl.java:setRole(184)) - c52c3de9-0ed1-4f2b-ba1d-f317ceeb0ceb@group-20BE3FF63202: changes role from  FOLLOWER to CANDIDATE at term 256 for changeToCandidate
2019-10-18 07:14:48,864 [Thread-1889] INFO  impl.RoleInfo (RoleInfo.java:updateAndGet(143)) - c52c3de9-0ed1-4f2b-ba1d-f317ceeb0ceb: start LeaderElection
2019-10-18 07:14:48,889 [c52c3de9-0ed1-4f2b-ba1d-f317ceeb0ceb@group-20BE3FF63202-LeaderElection212] INFO  impl.LeaderElection (LeaderElection.java:askForVotes(178)) - c52c3de9-0ed1-4f2b-ba1d-f317ceeb0ceb@group-20BE3FF63202-LeaderElection212: begin an election at term 257 for -1: [24274e9f-e41f-4654-9afc-a783ca44e44b:192.168.69.67:35902, 988115cd-21c9-4558-b198-f2cedd98ccf3:192.168.69.67:44208, c52c3de9-0ed1-4f2b-ba1d-f317ceeb0ceb:192.168.69.67:37615], old=null
2019-10-18 07:14:48,891 [grpc-default-executor-0] INFO  impl.RaftServerImpl (RaftServerImpl.java:setRole(184)) - 24274e9f-e41f-4654-9afc-a783ca44e44b@group-20BE3FF63202: changes role from  FOLLOWER to FOLLOWER at term 257 for recognizeCandidate:c52c3de9-0ed1-4f2b-ba1d-f317ceeb0ceb
2019-10-18 07:14:48,891 [grpc-default-executor-5] INFO  impl.RaftServerImpl (RaftServerImpl.java:setRole(184)) - 988115cd-21c9-4558-b198-f2cedd98ccf3@group-20BE3FF63202: changes role from  FOLLOWER to FOLLOWER at term 257 for recognizeCandidate:c52c3de9-0ed1-4f2b-ba1d-f317ceeb0ceb
2019-10-18 07:14:48,891 [grpc-default-executor-5] INFO  impl.RoleInfo (RoleInfo.java:shutdownFollowerState(121)) - 988115cd-21c9-4558-b198-f2cedd98ccf3: shutdown FollowerState
2019-10-18 07:14:48,891 [grpc-default-executor-0] INFO  impl.RoleInfo (RoleInfo.java:shutdownFollowerState(121)) - 24274e9f-e41f-4654-9afc-a783ca44e44b: shutdown FollowerState
2019-10-18 07:14:48,891 [Thread-1888] INFO  impl.FollowerState (FollowerState.java:run(117)) - 988115cd-21c9-4558-b198-f2cedd98ccf3@group-20BE3FF63202-FollowerState was interrupted: java.lang.InterruptedException: sleep interrupted
2019-10-18 07:14:48,891 [grpc-default-executor-5] INFO  impl.RoleInfo (RoleInfo.java:updateAndGet(143)) - 988115cd-21c9-4558-b198-f2cedd98ccf3: start FollowerState
2019-10-18 07:14:48,892 [Thread-1887] INFO  impl.FollowerState (FollowerState.java:run(117)) - 24274e9f-e41f-4654-9afc-a783ca44e44b@group-20BE3FF63202-FollowerState was interrupted: java.lang.InterruptedException: sleep interrupted
2019-10-18 07:14:48,891 [grpc-default-executor-0] INFO  impl.RoleInfo (RoleInfo.java:updateAndGet(143)) - 24274e9f-e41f-4654-9afc-a783ca44e44b: start FollowerState
2019-10-18 07:14:48,906 [c52c3de9-0ed1-4f2b-ba1d-f317ceeb0ceb@group-20BE3FF63202-LeaderElection212] INFO  impl.LeaderElection (LeaderElection.java:logAndReturn(56)) - c52c3de9-0ed1-4f2b-ba1d-f317ceeb0ceb@group-20BE3FF63202-LeaderElection212: Election REJECTED; received 2 response(s) [c52c3de9-0ed1-4f2b-ba1d-f317ceeb0ceb<-24274e9f-e41f-4654-9afc-a783ca44e44b#0:FAIL-t257, c52c3de9-0ed1-4f2b-ba1d-f317ceeb0ceb<-988115cd-21c9-4558-b198-f2cedd98ccf3#0:FAIL-t257] and 0 exception(s); c52c3de9-0ed1-4f2b-ba1d-f317ceeb0ceb@group-20BE3FF63202:t257, leader=null, voted=c52c3de9-0ed1-4f2b-ba1d-f317ceeb0ceb, raftlog=c52c3de9-0ed1-4f2b-ba1d-f317ceeb0ceb@group-20BE3FF63202-SegmentedRaftLog:OPENED:c-1,f-1,i0, conf=-1: [24274e9f-e41f-4654-9afc-a783ca44e44b:192.168.69.67:35902, 988115cd-21c9-4558-b198-f2cedd98ccf3:192.168.69.67:44208, c52c3de9-0ed1-4f2b-ba1d-f317ceeb0ceb:192.168.69.67:37615], old=null
2019-10-18 07:14:48,906 [c52c3de9-0ed1-4f2b-ba1d-f317ceeb0ceb@group-20BE3FF63202-LeaderElection212] INFO  impl.RaftServerImpl (RaftServerImpl.java:setRole(184)) - c52c3de9-0ed1-4f2b-ba1d-f317ceeb0ceb@group-20BE3FF63202: changes role from CANDIDATE to FOLLOWER at term 257 for DISCOVERED_A_NEW_TERM
2019-10-18 07:14:48,906 [c52c3de9-0ed1-4f2b-ba1d-f317ceeb0ceb@group-20BE3FF63202-LeaderElection212] INFO  impl.RoleInfo (RoleInfo.java:shutdownLeaderElection(134)) - c52c3de9-0ed1-4f2b-ba1d-f317ceeb0ceb: shutdown LeaderElection
2019-10-18 07:14:48,906 [c52c3de9-0ed1-4f2b-ba1d-f317ceeb0ceb@group-20BE3FF63202-LeaderElection212] INFO  impl.RoleInfo (RoleInfo.java:updateAndGet(143)) - c52c3de9-0ed1-4f2b-ba1d-f317ceeb0ceb: start FollowerState
2019-10-18 07:14:49,030 [Thread-1895] INFO  impl.FollowerState (FollowerState.java:run(108)) - c52c3de9-0ed1-4f2b-ba1d-f317ceeb0ceb@group-20BE3FF63202-FollowerState: change to CANDIDATE, lastRpcTime:123ms, electionTimeout:123ms
2019-10-18 07:14:49,030 [Thread-1895] INFO  impl.RoleInfo (RoleInfo.java:shutdownFollowerState(121)) - c52c3de9-0ed1-4f2b-ba1d-f317ceeb0ceb: shutdown FollowerState
2019-10-18 07:14:49,030 [Thread-1895] INFO  impl.RaftServerImpl (RaftServerImpl.java:setRole(184)) - c52c3de9-0ed1-4f2b-ba1d-f317ceeb0ceb@group-20BE3FF63202: changes role from  FOLLOWER to CANDIDATE at term 257 for changeToCandidate
2019-10-18 07:14:49,030 [Thread-1895] INFO  impl.RoleInfo (RoleInfo.java:updateAndGet(143)) - c52c3de9-0ed1-4f2b-ba1d-f317ceeb0ceb: start LeaderElection
2019-10-18 07:14:49,045 [c52c3de9-0ed1-4f2b-ba1d-f317ceeb0ceb@group-20BE3FF63202-LeaderElection213] INFO  impl.LeaderElection (LeaderElection.java:askForVotes(178)) - c52c3de9-0ed1-4f2b-ba1d-f317ceeb0ceb@group-20BE3FF63202-LeaderElection213: begin an election at term 258 for -1: [24274e9f-e41f-4654-9afc-a783ca44e44b:192.168.69.67:35902, 988115cd-21c9-4558-b198-f2cedd98ccf3:192.168.69.67:44208, c52c3de9-0ed1-4f2b-ba1d-f317ceeb0ceb:192.168.69.67:37615], old=null
2019-10-18 07:14:49,047 [grpc-default-executor-5] INFO  impl.RaftServerImpl (RaftServerImpl.java:setRole(184)) - 988115cd-21c9-4558-b198-f2cedd98ccf3@group-20BE3FF63202: changes role from  FOLLOWER to FOLLOWER at term 258 for recognizeCandidate:c52c3de9-0ed1-4f2b-ba1d-f317ceeb0ceb
2019-10-18 07:14:49,048 [grpc-default-executor-5] INFO  impl.RoleInfo (RoleInfo.java:shutdownFollowerState(121)) - 988115cd-21c9-4558-b198-f2cedd98ccf3: shutdown FollowerState
2019-10-18 07:14:49,047 [grpc-default-executor-0] INFO  impl.RaftServerImpl (RaftServerImpl.java:setRole(184)) - 24274e9f-e41f-4654-9afc-a783ca44e44b@group-20BE3FF63202: changes role from  FOLLOWER to FOLLOWER at term 258 for recognizeCandidate:c52c3de9-0ed1-4f2b-ba1d-f317ceeb0ceb
2019-10-18 07:14:49,048 [grpc-default-executor-0] INFO  impl.RoleInfo (RoleInfo.java:shutdownFollowerState(121)) - 24274e9f-e41f-4654-9afc-a783ca44e44b: shutdown FollowerState
2019-10-18 07:14:49,048 [Thread-1893] INFO  impl.FollowerState (FollowerState.java:run(117)) - 988115cd-21c9-4558-b198-f2cedd98ccf3@group-20BE3FF63202-FollowerState was interrupted: java.lang.InterruptedException: sleep interrupted
2019-10-18 07:14:49,048 [grpc-default-executor-5] INFO  impl.RoleInfo (RoleInfo.java:updateAndGet(143)) - 988115cd-21c9-4558-b198-f2cedd98ccf3: start FollowerState
2019-10-18 07:14:49,048 [Thread-1894] INFO  impl.FollowerState (FollowerState.java:run(117)) - 24274e9f-e41f-4654-9afc-a783ca44e44b@group-20BE3FF63202-FollowerState was interrupted: java.lang.InterruptedException: sleep interrupted
2019-10-18 07:14:49,048 [grpc-default-executor-0] INFO  impl.RoleInfo (RoleInfo.java:updateAndGet(143)) - 24274e9f-e41f-4654-9afc-a783ca44e44b: start FollowerState
2019-10-18 07:14:49,075 [c52c3de9-0ed1-4f2b-ba1d-f317ceeb0ceb@group-20BE3FF63202-LeaderElection213] INFO  impl.LeaderElection (LeaderElection.java:logAndReturn(56)) - c52c3de9-0ed1-4f2b-ba1d-f317ceeb0ceb@group-20BE3FF63202-LeaderElection213: Election REJECTED; received 2 response(s) [c52c3de9-0ed1-4f2b-ba1d-f317ceeb0ceb<-24274e9f-e41f-4654-9afc-a783ca44e44b#0:FAIL-t258, c52c3de9-0ed1-4f2b-ba1d-f317ceeb0ceb<-988115cd-21c9-4558-b198-f2cedd98ccf3#0:FAIL-t258] and 0 exception(s); c52c3de9-0ed1-4f2b-ba1d-f317ceeb0ceb@group-20BE3FF63202:t258, leader=null, voted=c52c3de9-0ed1-4f2b-ba1d-f317ceeb0ceb, raftlog=c52c3de9-0ed1-4f2b-ba1d-f317ceeb0ceb@group-20BE3FF63202-SegmentedRaftLog:OPENED:c-1,f-1,i0, conf=-1: [24274e9f-e41f-4654-9afc-a783ca44e44b:192.168.69.67:35902, 988115cd-21c9-4558-b198-f2cedd98ccf3:192.168.69.67:44208, c52c3de9-0ed1-4f2b-ba1d-f317ceeb0ceb:192.168.69.67:37615], old=null
2019-10-18 07:14:49,075 [c52c3de9-0ed1-4f2b-ba1d-f317ceeb0ceb@group-20BE3FF63202-LeaderElection213] INFO  impl.RaftServerImpl (RaftServerImpl.java:setRole(184)) - c52c3de9-0ed1-4f2b-ba1d-f317ceeb0ceb@group-20BE3FF63202: changes role from CANDIDATE to FOLLOWER at term 258 for DISCOVERED_A_NEW_TERM
2019-10-18 07:14:49,075 [c52c3de9-0ed1-4f2b-ba1d-f317ceeb0ceb@group-20BE3FF63202-LeaderElection213] INFO  impl.RoleInfo (RoleInfo.java:shutdownLeaderElection(134)) - c52c3de9-0ed1-4f2b-ba1d-f317ceeb0ceb: shutdown LeaderElection
2019-10-18 07:14:49,075 [c52c3de9-0ed1-4f2b-ba1d-f317ceeb0ceb@group-20BE3FF63202-LeaderElection213] INFO  impl.RoleInfo (RoleInfo.java:updateAndGet(143)) - c52c3de9-0ed1-4f2b-ba1d-f317ceeb0ceb: start FollowerState
2019-10-18 07:14:49,135 [Thread-1901] INFO  impl.FollowerState (FollowerState.java:run(108)) - c52c3de9-0ed1-4f2b-ba1d-f317ceeb0ceb@group-20BE3FF63202-FollowerState: change to CANDIDATE, lastRpcTime:59ms, electionTimeout:59ms
2019-10-18 07:14:49,135 [Thread-1901] INFO  impl.RoleInfo (RoleInfo.java:shutdownFollowerState(121)) - c52c3de9-0ed1-4f2b-ba1d-f317ceeb0ceb: shutdown FollowerState
2019-10-18 07:14:49,135 [Thread-1901] INFO  impl.RaftServerImpl (RaftServerImpl.java:setRole(184)) - c52c3de9-0ed1-4f2b-ba1d-f317ceeb0ceb@group-20BE3FF63202: changes role from  FOLLOWER to CANDIDATE at term 258 for changeToCandidate
2019-10-18 07:14:49,135 [Thread-1901] INFO  impl.RoleInfo (RoleInfo.java:updateAndGet(143)) - c52c3de9-0ed1-4f2b-ba1d-f317ceeb0ceb: start LeaderElection
2019-10-18 07:14:49,150 [c52c3de9-0ed1-4f2b-ba1d-f317ceeb0ceb@group-20BE3FF63202-LeaderElection214] INFO  impl.LeaderElection (LeaderElection.java:askForVotes(178)) - c52c3de9-0ed1-4f2b-ba1d-f317ceeb0ceb@group-20BE3FF63202-LeaderElection214: begin an election at term 259 for -1: [24274e9f-e41f-4654-9afc-a783ca44e44b:192.168.69.67:35902, 988115cd-21c9-4558-b198-f2cedd98ccf3:192.168.69.67:44208, c52c3de9-0ed1-4f2b-ba1d-f317ceeb0ceb:192.168.69.67:37615], old=null
2019-10-18 07:14:49,153 [grpc-default-executor-0] INFO  impl.RaftServerImpl (RaftServerImpl.java:setRole(184)) - 24274e9f-e41f-4654-9afc-a783ca44e44b@group-20BE3FF63202: changes role from  FOLLOWER to FOLLOWER at term 259 for recognizeCandidate:c52c3de9-0ed1-4f2b-ba1d-f317ceeb0ceb
2019-10-18 07:14:49,153 [grpc-default-executor-0] INFO  impl.RoleInfo (RoleInfo.java:shutdownFollowerState(121)) - 24274e9f-e41f-4654-9afc-a783ca44e44b: shutdown FollowerState
2019-10-18 07:14:49,153 [grpc-default-executor-5] INFO  impl.RaftServerImpl (RaftServerImpl.java:setRole(184)) - 988115cd-21c9-4558-b198-f2cedd98ccf3@group-20BE3FF63202: changes role from  FOLLOWER to FOLLOWER at term 259 for recognizeCandidate:c52c3de9-0ed1-4f2b-ba1d-f317ceeb0ceb
2019-10-18 07:14:49,154 [grpc-default-executor-5] INFO  impl.RoleInfo (RoleInfo.java:shutdownFollowerState(121)) - 988115cd-21c9-4558-b198-f2cedd98ccf3: shutdown FollowerState
2019-10-18 07:14:49,153 [Thread-1900] INFO  impl.FollowerState (FollowerState.java:run(117)) - 24274e9f-e41f-4654-9afc-a783ca44e44b@group-20BE3FF63202-FollowerState was interrupted: java.lang.InterruptedException: sleep interrupted
2019-10-18 07:14:49,154 [Thread-1899] INFO  impl.FollowerState (FollowerState.java:run(117)) - 988115cd-21c9-4558-b198-f2cedd98ccf3@group-20BE3FF63202-FollowerState was interrupted: java.lang.InterruptedException: sleep interrupted
2019-10-18 07:14:49,153 [grpc-default-executor-0] INFO  impl.RoleInfo (RoleInfo.java:updateAndGet(143)) - 24274e9f-e41f-4654-9afc-a783ca44e44b: start FollowerState
2019-10-18 07:14:49,154 [grpc-default-executor-5] INFO  impl.RoleInfo (RoleInfo.java:updateAndGet(143)) - 988115cd-21c9-4558-b198-f2cedd98ccf3: start FollowerState
2019-10-18 07:14:49,169 [c52c3de9-0ed1-4f2b-ba1d-f317ceeb0ceb@group-20BE3FF63202-LeaderElection214] INFO  impl.LeaderElection (LeaderElection.java:logAndReturn(56)) - c52c3de9-0ed1-4f2b-ba1d-f317ceeb0ceb@group-20BE3FF63202-LeaderElection214: Election REJECTED; received 2 response(s) [c52c3de9-0ed1-4f2b-ba1d-f317ceeb0ceb<-24274e9f-e41f-4654-9afc-a783ca44e44b#0:FAIL-t259, c52c3de9-0ed1-4f2b-ba1d-f317ceeb0ceb<-988115cd-21c9-4558-b198-f2cedd98ccf3#0:FAIL-t259] and 0 exception(s); c52c3de9-0ed1-4f2b-ba1d-f317ceeb0ceb@group-20BE3FF63202:t259, leader=null, voted=c52c3de9-0ed1-4f2b-ba1d-f317ceeb0ceb, raftlog=c52c3de9-0ed1-4f2b-ba1d-f317ceeb0ceb@group-20BE3FF63202-SegmentedRaftLog:OPENED:c-1,f-1,i0, conf=-1: [24274e9f-e41f-4654-9afc-a783ca44e44b:192.168.69.67:35902, 988115cd-21c9-4558-b198-f2cedd98ccf3:192.168.69.67:44208, c52c3de9-0ed1-4f2b-ba1d-f317ceeb0ceb:192.168.69.67:37615], old=null
2019-10-18 07:14:49,169 [c52c3de9-0ed1-4f2b-ba1d-f317ceeb0ceb@group-20BE3FF63202-LeaderElection214] INFO  impl.RaftServerImpl (RaftServerImpl.java:setRole(184)) - c52c3de9-0ed1-4f2b-ba1d-f317ceeb0ceb@group-20BE3FF63202: changes role from CANDIDATE to FOLLOWER at term 259 for DISCOVERED_A_NEW_TERM
2019-10-18 07:14:49,169 [c52c3de9-0ed1-4f2b-ba1d-f317ceeb0ceb@group-20BE3FF63202-LeaderElection214] INFO  impl.RoleInfo (RoleInfo.java:shutdownLeaderElection(134)) - c52c3de9-0ed1-4f2b-ba1d-f317ceeb0ceb: shutdown LeaderElection
2019-10-18 07:14:49,170 [c52c3de9-0ed1-4f2b-ba1d-f317ceeb0ceb@group-20BE3FF63202-LeaderElection214] INFO  impl.RoleInfo (RoleInfo.java:updateAndGet(143)) - c52c3de9-0ed1-4f2b-ba1d-f317ceeb0ceb: start FollowerState
2019-10-18 07:14:49,236 [Thread-1907] INFO  impl.FollowerState (FollowerState.java:run(108)) - c52c3de9-0ed1-4f2b-ba1d-f317ceeb0ceb@group-20BE3FF63202-FollowerState: change to CANDIDATE, lastRpcTime:66ms, electionTimeout:66ms
2019-10-18 07:14:49,236 [Thread-1907] INFO  impl.RoleInfo (RoleInfo.java:shutdownFollowerState(121)) - c52c3de9-0ed1-4f2b-ba1d-f317ceeb0ceb: shutdown FollowerState
2019-10-18 07:14:49,236 [Thread-1907] INFO  impl.RaftServerImpl (RaftServerImpl.java:setRole(184)) - c52c3de9-0ed1-4f2b-ba1d-f317ceeb0ceb@group-20BE3FF63202: changes role from  FOLLOWER to CANDIDATE at term 259 for changeToCandidate
2019-10-18 07:14:49,237 [Thread-1907] INFO  impl.RoleInfo (RoleInfo.java:updateAndGet(143)) - c52c3de9-0ed1-4f2b-ba1d-f317ceeb0ceb: start LeaderElection
2019-10-18 07:14:49,250 [c52c3de9-0ed1-4f2b-ba1d-f317ceeb0ceb@group-20BE3FF63202-LeaderElection215] INFO  impl.LeaderElection (LeaderElection.java:askForVotes(178)) - c52c3de9-0ed1-4f2b-ba1d-f317ceeb0ceb@group-20BE3FF63202-LeaderElection215: begin an election at term 260 for -1: [24274e9f-e41f-4654-9afc-a783ca44e44b:192.168.69.67:35902, 988115cd-21c9-4558-b198-f2cedd98ccf3:192.168.69.67:44208, c52c3de9-0ed1-4f2b-ba1d-f317ceeb0ceb:192.168.69.67:37615], old=null
2019-10-18 07:14:49,252 [grpc-default-executor-5] INFO  impl.RaftServerImpl (RaftServerImpl.java:setRole(184)) - 988115cd-21c9-4558-b198-f2cedd98ccf3@group-20BE3FF63202: changes role from  FOLLOWER to FOLLOWER at term 260 for recognizeCandidate:c52c3de9-0ed1-4f2b-ba1d-f317ceeb0ceb
2019-10-18 07:14:49,252 [grpc-default-executor-0] INFO  impl.RaftServerImpl (RaftServerImpl.java:setRole(184)) - 24274e9f-e41f-4654-9afc-a783ca44e44b@group-20BE3FF63202: changes role from  FOLLOWER to FOLLOWER at term 260 for recognizeCandidate:c52c3de9-0ed1-4f2b-ba1d-f317ceeb0ceb
2019-10-18 07:14:49,252 [grpc-default-executor-0] INFO  impl.RoleInfo (RoleInfo.java:shutdownFollowerState(121)) - 24274e9f-e41f-4654-9afc-a783ca44e44b: shutdown FollowerState
2019-10-18 07:14:49,252 [grpc-default-executor-5] INFO  impl.RoleInfo (RoleInfo.java:shutdownFollowerState(121)) - 988115cd-21c9-4558-b198-f2cedd98ccf3: shutdown FollowerState
2019-10-18 07:14:49,252 [Thread-1905] INFO  impl.FollowerState (FollowerState.java:run(117)) - 24274e9f-e41f-4654-9afc-a783ca44e44b@group-20BE3FF63202-FollowerState was interrupted: java.lang.InterruptedException: sleep interrupted
2019-10-18 07:14:49,252 [grpc-default-executor-0] INFO  impl.RoleInfo (RoleInfo.java:updateAndGet(143)) - 24274e9f-e41f-4654-9afc-a783ca44e44b: start FollowerState
2019-10-18 07:14:49,252 [Thread-1906] INFO  impl.FollowerState (FollowerState.java:run(117)) - 988115cd-21c9-4558-b198-f2cedd98ccf3@group-20BE3FF63202-FollowerState was interrupted: java.lang.InterruptedException: sleep interrupted
2019-10-18 07:14:49,252 [grpc-default-executor-5] INFO  impl.RoleInfo (RoleInfo.java:updateAndGet(143)) - 988115cd-21c9-4558-b198-f2cedd98ccf3: start FollowerState
2019-10-18 07:14:49,268 [c52c3de9-0ed1-4f2b-ba1d-f317ceeb0ceb@group-20BE3FF63202-LeaderElection215] INFO  impl.LeaderElection (LeaderElection.java:logAndReturn(56)) - c52c3de9-0ed1-4f2b-ba1d-f317ceeb0ceb@group-20BE3FF63202-LeaderElection215: Election REJECTED; received 2 response(s) [c52c3de9-0ed1-4f2b-ba1d-f317ceeb0ceb<-24274e9f-e41f-4654-9afc-a783ca44e44b#0:FAIL-t260, c52c3de9-0ed1-4f2b-ba1d-f317ceeb0ceb<-988115cd-21c9-4558-b198-f2cedd98ccf3#0:FAIL-t260] and 0 exception(s); c52c3de9-0ed1-4f2b-ba1d-f317ceeb0ceb@group-20BE3FF63202:t260, leader=null, voted=c52c3de9-0ed1-4f2b-ba1d-f317ceeb0ceb, raftlog=c52c3de9-0ed1-4f2b-ba1d-f317ceeb0ceb@group-20BE3FF63202-SegmentedRaftLog:OPENED:c-1,f-1,i0, conf=-1: [24274e9f-e41f-4654-9afc-a783ca44e44b:192.168.69.67:35902, 988115cd-21c9-4558-b198-f2cedd98ccf3:192.168.69.67:44208, c52c3de9-0ed1-4f2b-ba1d-f317ceeb0ceb:192.168.69.67:37615], old=null
2019-10-18 07:14:49,268 [c52c3de9-0ed1-4f2b-ba1d-f317ceeb0ceb@group-20BE3FF63202-LeaderElection215] INFO  impl.RaftServerImpl (RaftServerImpl.java:setRole(184)) - c52c3de9-0ed1-4f2b-ba1d-f317ceeb0ceb@group-20BE3FF63202: changes role from CANDIDATE to FOLLOWER at term 260 for DISCOVERED_A_NEW_TERM
2019-10-18 07:14:49,269 [c52c3de9-0ed1-4f2b-ba1d-f317ceeb0ceb@group-20BE3FF63202-LeaderElection215] INFO  impl.RoleInfo (RoleInfo.java:shutdownLeaderElection(134)) - c52c3de9-0ed1-4f2b-ba1d-f317ceeb0ceb: shutdown LeaderElection
2019-10-18 07:14:49,269 [c52c3de9-0ed1-4f2b-ba1d-f317ceeb0ceb@group-20BE3FF63202-LeaderElection215] INFO  impl.RoleInfo (RoleInfo.java:updateAndGet(143)) - c52c3de9-0ed1-4f2b-ba1d-f317ceeb0ceb: start FollowerState
2019-10-18 07:14:49,393 [Thread-1913] INFO  impl.FollowerState (FollowerState.java:run(108)) - c52c3de9-0ed1-4f2b-ba1d-f317ceeb0ceb@group-20BE3FF63202-FollowerState: change to CANDIDATE, lastRpcTime:124ms, electionTimeout:124ms
2019-10-18 07:14:49,393 [Thread-1913] INFO  impl.RoleInfo (RoleInfo.java:shutdownFollowerState(121)) - c52c3de9-0ed1-4f2b-ba1d-f317ceeb0ceb: shutdown FollowerState
2019-10-18 07:14:49,394 [Thread-1913] INFO  impl.RaftServerImpl (RaftServerImpl.java:setRole(184)) - c52c3de9-0ed1-4f2b-ba1d-f317ceeb0ceb@group-20BE3FF63202: changes role from  FOLLOWER to CANDIDATE at term 260 for changeToCandidate
2019-10-18 07:14:49,394 [Thread-1913] INFO  impl.RoleInfo (RoleInfo.java:updateAndGet(143)) - c52c3de9-0ed1-4f2b-ba1d-f317ceeb0ceb: start LeaderElection
2019-10-18 07:14:49,409 [c52c3de9-0ed1-4f2b-ba1d-f317ceeb0ceb@group-20BE3FF63202-LeaderElection216] INFO  impl.LeaderElection (LeaderElection.java:askForVotes(178)) - c52c3de9-0ed1-4f2b-ba1d-f317ceeb0ceb@group-20BE3FF63202-LeaderElection216: begin an election at term 261 for -1: [24274e9f-e41f-4654-9afc-a783ca44e44b:192.168.69.67:35902, 988115cd-21c9-4558-b198-f2cedd98ccf3:192.168.69.67:44208, c52c3de9-0ed1-4f2b-ba1d-f317ceeb0ceb:192.168.69.67:37615], old=null
2019-10-18 07:14:49,411 [grpc-default-executor-5] INFO  impl.RaftServerImpl (RaftServerImpl.java:setRole(184)) - 988115cd-21c9-4558-b198-f2cedd98ccf3@group-20BE3FF63202: changes role from  FOLLOWER to FOLLOWER at term 261 for recognizeCandidate:c52c3de9-0ed1-4f2b-ba1d-f317ceeb0ceb
2019-10-18 07:14:49,411 [grpc-default-executor-5] INFO  impl.RoleInfo (RoleInfo.java:shutdownFollowerState(121)) - 988115cd-21c9-4558-b198-f2cedd98ccf3: shutdown FollowerState
2019-10-18 07:14:49,411 [grpc-default-executor-0] INFO  impl.RaftServerImpl (RaftServerImpl.java:setRole(184)) - 24274e9f-e41f-4654-9afc-a783ca44e44b@group-20BE3FF63202: changes role from  FOLLOWER to FOLLOWER at term 261 for recognizeCandidate:c52c3de9-0ed1-4f2b-ba1d-f317ceeb0ceb
2019-10-18 07:14:49,411 [grpc-default-executor-5] INFO  impl.RoleInfo (RoleInfo.java:updateAndGet(143)) - 988115cd-21c9-4558-b198-f2cedd98ccf3: start FollowerState
2019-10-18 07:14:49,412 [Thread-1912] INFO  impl.FollowerState (FollowerState.java:run(117)) - 988115cd-21c9-4558-b198-f2cedd98ccf3@group-20BE3FF63202-FollowerState was interrupted: java.lang.InterruptedException: sleep interrupted
2019-10-18 07:14:49,412 [grpc-default-executor-0] INFO  impl.RoleInfo (RoleInfo.java:shutdownFollowerState(121)) - 24274e9f-e41f-4654-9afc-a783ca44e44b: shutdown FollowerState
2019-10-18 07:14:49,412 [grpc-default-executor-0] INFO  impl.RoleInfo (RoleInfo.java:updateAndGet(143)) - 24274e9f-e41f-4654-9afc-a783ca44e44b: start FollowerState
2019-10-18 07:14:49,412 [Thread-1911] INFO  impl.FollowerState (FollowerState.java:run(117)) - 24274e9f-e41f-4654-9afc-a783ca44e44b@group-20BE3FF63202-FollowerState was interrupted: java.lang.InterruptedException: sleep interrupted
2019-10-18 07:14:49,438 [c52c3de9-0ed1-4f2b-ba1d-f317ceeb0ceb@group-20BE3FF63202-LeaderElection216] INFO  impl.LeaderElection (LeaderElection.java:logAndReturn(56)) - c52c3de9-0ed1-4f2b-ba1d-f317ceeb0ceb@group-20BE3FF63202-LeaderElection216: Election REJECTED; received 2 response(s) [c52c3de9-0ed1-4f2b-ba1d-f317ceeb0ceb<-24274e9f-e41f-4654-9afc-a783ca44e44b#0:FAIL-t261, c52c3de9-0ed1-4f2b-ba1d-f317ceeb0ceb<-988115cd-21c9-4558-b198-f2cedd98ccf3#0:FAIL-t261] and 0 exception(s); c52c3de9-0ed1-4f2b-ba1d-f317ceeb0ceb@group-20BE3FF63202:t261, leader=null, voted=c52c3de9-0ed1-4f2b-ba1d-f317ceeb0ceb, raftlog=c52c3de9-0ed1-4f2b-ba1d-f317ceeb0ceb@group-20BE3FF63202-SegmentedRaftLog:OPENED:c-1,f-1,i0, conf=-1: [24274e9f-e41f-4654-9afc-a783ca44e44b:192.168.69.67:35902, 988115cd-21c9-4558-b198-f2cedd98ccf3:192.168.69.67:44208, c52c3de9-0ed1-4f2b-ba1d-f317ceeb0ceb:192.168.69.67:37615], old=null
2019-10-18 07:14:49,438 [c52c3de9-0ed1-4f2b-ba1d-f317ceeb0ceb@group-20BE3FF63202-LeaderElection216] INFO  impl.RaftServerImpl (RaftServerImpl.java:setRole(184)) - c52c3de9-0ed1-4f2b-ba1d-f317ceeb0ceb@group-20BE3FF63202: changes role from CANDIDATE to FOLLOWER at term 261 for DISCOVERED_A_NEW_TERM
2019-10-18 07:14:49,438 [c52c3de9-0ed1-4f2b-ba1d-f317ceeb0ceb@group-20BE3FF63202-LeaderElection216] INFO  impl.RoleInfo (RoleInfo.java:shutdownLeaderElection(134)) - c52c3de9-0ed1-4f2b-ba1d-f317ceeb0ceb: shutdown LeaderElection
2019-10-18 07:14:49,439 [c52c3de9-0ed1-4f2b-ba1d-f317ceeb0ceb@group-20BE3FF63202-LeaderElection216] INFO  impl.RoleInfo (RoleInfo.java:updateAndGet(143)) - c52c3de9-0ed1-4f2b-ba1d-f317ceeb0ceb: start FollowerState
2019-10-18 07:14:49,447 [Thread-1919] INFO  impl.FollowerState (FollowerState.java:run(108)) - c52c3de9-0ed1-4f2b-ba1d-f317ceeb0ceb@group-20BE3FF63202-FollowerState: change to CANDIDATE, lastRpcTime:8ms, electionTimeout:8ms
2019-10-18 07:14:49,447 [Thread-1919] INFO  impl.RoleInfo (RoleInfo.java:shutdownFollowerState(121)) - c52c3de9-0ed1-4f2b-ba1d-f317ceeb0ceb: shutdown FollowerState
2019-10-18 07:14:49,447 [Thread-1919] INFO  impl.RaftServerImpl (RaftServerImpl.java:setRole(184)) - c52c3de9-0ed1-4f2b-ba1d-f317ceeb0ceb@group-20BE3FF63202: changes role from  FOLLOWER to CANDIDATE at term 261 for changeToCandidate
2019-10-18 07:14:49,447 [Thread-1919] INFO  impl.RoleInfo (RoleInfo.java:updateAndGet(143)) - c52c3de9-0ed1-4f2b-ba1d-f317ceeb0ceb: start LeaderElection
2019-10-18 07:14:49,461 [c52c3de9-0ed1-4f2b-ba1d-f317ceeb0ceb@group-20BE3FF63202-LeaderElection217] INFO  impl.LeaderElection (LeaderElection.java:askForVotes(178)) - c52c3de9-0ed1-4f2b-ba1d-f317ceeb0ceb@group-20BE3FF63202-LeaderElection217: begin an election at term 262 for -1: [24274e9f-e41f-4654-9afc-a783ca44e44b:192.168.69.67:35902, 988115cd-21c9-4558-b198-f2cedd98ccf3:192.168.69.67:44208, c52c3de9-0ed1-4f2b-ba1d-f317ceeb0ceb:192.168.69.67:37615], old=null
2019-10-18 07:14:49,462 [grpc-default-executor-5] INFO  impl.RaftServerImpl (RaftServerImpl.java:setRole(184)) - 24274e9f-e41f-4654-9afc-a783ca44e44b@group-20BE3FF63202: changes role from  FOLLOWER to FOLLOWER at term 262 for recognizeCandidate:c52c3de9-0ed1-4f2b-ba1d-f317ceeb0ceb
2019-10-18 07:14:49,462 [grpc-default-executor-5] INFO  impl.RoleInfo (RoleInfo.java:shutdownFollowerState(121)) - 24274e9f-e41f-4654-9afc-a783ca44e44b: shutdown FollowerState
2019-10-18 07:14:49,463 [grpc-default-executor-0] INFO  impl.RaftServerImpl (RaftServerImpl.java:setRole(184)) - 988115cd-21c9-4558-b198-f2cedd98ccf3@group-20BE3FF63202: changes role from  FOLLOWER to FOLLOWER at term 262 for recognizeCandidate:c52c3de9-0ed1-4f2b-ba1d-f317ceeb0ceb
2019-10-18 07:14:49,463 [grpc-default-executor-5] INFO  impl.RoleInfo (RoleInfo.java:updateAndGet(143)) - 24274e9f-e41f-4654-9afc-a783ca44e44b: start FollowerState
2019-10-18 07:14:49,463 [Thread-1918] INFO  impl.FollowerState (FollowerState.java:run(117)) - 24274e9f-e41f-4654-9afc-a783ca44e44b@group-20BE3FF63202-FollowerState was interrupted: java.lang.InterruptedException: sleep interrupted
2019-10-18 07:14:49,463 [grpc-default-executor-0] INFO  impl.RoleInfo (RoleInfo.java:shutdownFollowerState(121)) - 988115cd-21c9-4558-b198-f2cedd98ccf3: shutdown FollowerState
2019-10-18 07:14:49,463 [grpc-default-executor-0] INFO  impl.RoleInfo (RoleInfo.java:updateAndGet(143)) - 988115cd-21c9-4558-b198-f2cedd98ccf3: start FollowerState
2019-10-18 07:14:49,463 [Thread-1917] INFO  impl.FollowerState (FollowerState.java:run(117)) - 988115cd-21c9-4558-b198-f2cedd98ccf3@group-20BE3FF63202-FollowerState was interrupted: java.lang.InterruptedException: sleep interrupted
2019-10-18 07:14:49,479 [c52c3de9-0ed1-4f2b-ba1d-f317ceeb0ceb@group-20BE3FF63202-LeaderElection217] INFO  impl.LeaderElection (LeaderElection.java:logAndReturn(56)) - c52c3de9-0ed1-4f2b-ba1d-f317ceeb0ceb@group-20BE3FF63202-LeaderElection217: Election REJECTED; received 2 response(s) [c52c3de9-0ed1-4f2b-ba1d-f317ceeb0ceb<-24274e9f-e41f-4654-9afc-a783ca44e44b#0:FAIL-t262, c52c3de9-0ed1-4f2b-ba1d-f317ceeb0ceb<-988115cd-21c9-4558-b198-f2cedd98ccf3#0:FAIL-t262] and 0 exception(s); c52c3de9-0ed1-4f2b-ba1d-f317ceeb0ceb@group-20BE3FF63202:t262, leader=null, voted=c52c3de9-0ed1-4f2b-ba1d-f317ceeb0ceb, raftlog=c52c3de9-0ed1-4f2b-ba1d-f317ceeb0ceb@group-20BE3FF63202-SegmentedRaftLog:OPENED:c-1,f-1,i0, conf=-1: [24274e9f-e41f-4654-9afc-a783ca44e44b:192.168.69.67:35902, 988115cd-21c9-4558-b198-f2cedd98ccf3:192.168.69.67:44208, c52c3de9-0ed1-4f2b-ba1d-f317ceeb0ceb:192.168.69.67:37615], old=null
2019-10-18 07:14:49,479 [c52c3de9-0ed1-4f2b-ba1d-f317ceeb0ceb@group-20BE3FF63202-LeaderElection217] INFO  impl.RaftServerImpl (RaftServerImpl.java:setRole(184)) - c52c3de9-0ed1-4f2b-ba1d-f317ceeb0ceb@group-20BE3FF63202: changes role from CANDIDATE to FOLLOWER at term 262 for DISCOVERED_A_NEW_TERM
2019-10-18 07:14:49,479 [c52c3de9-0ed1-4f2b-ba1d-f317ceeb0ceb@group-20BE3FF63202-LeaderElection217] INFO  impl.RoleInfo (RoleInfo.java:shutdownLeaderElection(134)) - c52c3de9-0ed1-4f2b-ba1d-f317ceeb0ceb: shutdown LeaderElection
2019-10-18 07:14:49,479 [c52c3de9-0ed1-4f2b-ba1d-f317ceeb0ceb@group-20BE3FF63202-LeaderElection217] INFO  impl.RoleInfo (RoleInfo.java:updateAndGet(143)) - c52c3de9-0ed1-4f2b-ba1d-f317ceeb0ceb: start FollowerState
2019-10-18 07:14:49,630 [Thread-1925] INFO  impl.FollowerState (FollowerState.java:run(108)) - c52c3de9-0ed1-4f2b-ba1d-f317ceeb0ceb@group-20BE3FF63202-FollowerState: change to CANDIDATE, lastRpcTime:150ms, electionTimeout:150ms
2019-10-18 07:14:49,630 [Thread-1925] INFO  impl.RoleInfo (RoleInfo.java:shutdownFollowerState(121)) - c52c3de9-0ed1-4f2b-ba1d-f317ceeb0ceb: shutdown FollowerState
2019-10-18 07:14:49,630 [Thread-1925] INFO  impl.RaftServerImpl (RaftServerImpl.java:setRole(184)) - c52c3de9-0ed1-4f2b-ba1d-f317ceeb0ceb@group-20BE3FF63202: changes role from  FOLLOWER to CANDIDATE at term 262 for changeToCandidate
2019-10-18 07:14:49,630 [Thread-1925] INFO  impl.RoleInfo (RoleInfo.java:updateAndGet(143)) - c52c3de9-0ed1-4f2b-ba1d-f317ceeb0ceb: start LeaderElection
2019-10-18 07:14:49,644 [c52c3de9-0ed1-4f2b-ba1d-f317ceeb0ceb@group-20BE3FF63202-LeaderElection218] INFO  impl.LeaderElection (LeaderElection.java:askForVotes(178)) - c52c3de9-0ed1-4f2b-ba1d-f317ceeb0ceb@group-20BE3FF63202-LeaderElection218: begin an election at term 263 for -1: [24274e9f-e41f-4654-9afc-a783ca44e44b:192.168.69.67:35902, 988115cd-21c9-4558-b198-f2cedd98ccf3:192.168.69.67:44208, c52c3de9-0ed1-4f2b-ba1d-f317ceeb0ceb:192.168.69.67:37615], old=null
2019-10-18 07:14:49,647 [grpc-default-executor-0] INFO  impl.RaftServerImpl (RaftServerImpl.java:setRole(184)) - 24274e9f-e41f-4654-9afc-a783ca44e44b@group-20BE3FF63202: changes role from  FOLLOWER to FOLLOWER at term 263 for recognizeCandidate:c52c3de9-0ed1-4f2b-ba1d-f317ceeb0ceb
2019-10-18 07:14:49,647 [grpc-default-executor-0] INFO  impl.RoleInfo (RoleInfo.java:shutdownFollowerState(121)) - 24274e9f-e41f-4654-9afc-a783ca44e44b: shutdown FollowerState
2019-10-18 07:14:49,647 [grpc-default-executor-5] INFO  impl.RaftServerImpl (RaftServerImpl.java:setRole(184)) - 988115cd-21c9-4558-b198-f2cedd98ccf3@group-20BE3FF63202: changes role from  FOLLOWER to FOLLOWER at term 263 for recognizeCandidate:c52c3de9-0ed1-4f2b-ba1d-f317ceeb0ceb
2019-10-18 07:14:49,648 [Thread-1923] INFO  impl.FollowerState (FollowerState.java:run(117)) - 24274e9f-e41f-4654-9afc-a783ca44e44b@group-20BE3FF63202-FollowerState was interrupted: java.lang.InterruptedException: sleep interrupted
2019-10-18 07:14:49,648 [grpc-default-executor-0] INFO  impl.RoleInfo (RoleInfo.java:updateAndGet(143)) - 24274e9f-e41f-4654-9afc-a783ca44e44b: start FollowerState
2019-10-18 07:14:49,648 [grpc-default-executor-5] INFO  impl.RoleInfo (RoleInfo.java:shutdownFollowerState(121)) - 988115cd-21c9-4558-b198-f2cedd98ccf3: shutdown FollowerState
2019-10-18 07:14:49,648 [grpc-default-executor-5] INFO  impl.RoleInfo (RoleInfo.java:updateAndGet(143)) - 988115cd-21c9-4558-b198-f2cedd98ccf3: start FollowerState
2019-10-18 07:14:49,648 [Thread-1924] INFO  impl.FollowerState (FollowerState.java:run(117)) - 988115cd-21c9-4558-b198-f2cedd98ccf3@group-20BE3FF63202-FollowerState was interrupted: java.lang.InterruptedException: sleep interrupted
2019-10-18 07:14:49,671 [c52c3de9-0ed1-4f2b-ba1d-f317ceeb0ceb@group-20BE3FF63202-LeaderElection218] INFO  impl.LeaderElection (LeaderElection.java:logAndReturn(56)) - c52c3de9-0ed1-4f2b-ba1d-f317ceeb0ceb@group-20BE3FF63202-LeaderElection218: Election TIMEOUT; received 0 response(s) [] and 0 exception(s); c52c3de9-0ed1-4f2b-ba1d-f317ceeb0ceb@group-20BE3FF63202:t263, leader=null, voted=c52c3de9-0ed1-4f2b-ba1d-f317ceeb0ceb, raftlog=c52c3de9-0ed1-4f2b-ba1d-f317ceeb0ceb@group-20BE3FF63202-SegmentedRaftLog:OPENED:c-1,f-1,i0, conf=-1: [24274e9f-e41f-4654-9afc-a783ca44e44b:192.168.69.67:35902, 988115cd-21c9-4558-b198-f2cedd98ccf3:192.168.69.67:44208, c52c3de9-0ed1-4f2b-ba1d-f317ceeb0ceb:192.168.69.67:37615], old=null
2019-10-18 07:14:49,677 [c52c3de9-0ed1-4f2b-ba1d-f317ceeb0ceb@group-20BE3FF63202-LeaderElection218] INFO  impl.LeaderElection (LeaderElection.java:askForVotes(178)) - c52c3de9-0ed1-4f2b-ba1d-f317ceeb0ceb@group-20BE3FF63202-LeaderElection218: begin an election at term 264 for -1: [24274e9f-e41f-4654-9afc-a783ca44e44b:192.168.69.67:35902, 988115cd-21c9-4558-b198-f2cedd98ccf3:192.168.69.67:44208, c52c3de9-0ed1-4f2b-ba1d-f317ceeb0ceb:192.168.69.67:37615], old=null
2019-10-18 07:14:49,679 [grpc-default-executor-5] INFO  impl.RaftServerImpl (RaftServerImpl.java:setRole(184)) - 24274e9f-e41f-4654-9afc-a783ca44e44b@group-20BE3FF63202: changes role from  FOLLOWER to FOLLOWER at term 264 for recognizeCandidate:c52c3de9-0ed1-4f2b-ba1d-f317ceeb0ceb
2019-10-18 07:14:49,679 [grpc-default-executor-5] INFO  impl.RoleInfo (RoleInfo.java:shutdownFollowerState(121)) - 24274e9f-e41f-4654-9afc-a783ca44e44b: shutdown FollowerState
2019-10-18 07:14:49,679 [grpc-default-executor-0] INFO  impl.RaftServerImpl (RaftServerImpl.java:setRole(184)) - 988115cd-21c9-4558-b198-f2cedd98ccf3@group-20BE3FF63202: changes role from  FOLLOWER to FOLLOWER at term 264 for recognizeCandidate:c52c3de9-0ed1-4f2b-ba1d-f317ceeb0ceb
2019-10-18 07:14:49,679 [Thread-1929] INFO  impl.FollowerState (FollowerState.java:run(117)) - 24274e9f-e41f-4654-9afc-a783ca44e44b@group-20BE3FF63202-FollowerState was interrupted: java.lang.InterruptedException: sleep interrupted
2019-10-18 07:14:49,679 [grpc-default-executor-5] INFO  impl.RoleInfo (RoleInfo.java:updateAndGet(143)) - 24274e9f-e41f-4654-9afc-a783ca44e44b: start FollowerState
2019-10-18 07:14:49,679 [grpc-default-executor-0] INFO  impl.RoleInfo (RoleInfo.java:shutdownFollowerState(121)) - 988115cd-21c9-4558-b198-f2cedd98ccf3: shutdown FollowerState
2019-10-18 07:14:49,680 [grpc-default-executor-0] INFO  impl.RoleInfo (RoleInfo.java:updateAndGet(143)) - 988115cd-21c9-4558-b198-f2cedd98ccf3: start FollowerState
2019-10-18 07:14:49,680 [Thread-1930] INFO  impl.FollowerState (FollowerState.java:run(117)) - 988115cd-21c9-4558-b198-f2cedd98ccf3@group-20BE3FF63202-FollowerState was interrupted: java.lang.InterruptedException: sleep interrupted
2019-10-18 07:14:49,705 [c52c3de9-0ed1-4f2b-ba1d-f317ceeb0ceb@group-20BE3FF63202-LeaderElection218] INFO  impl.LeaderElection (LeaderElection.java:logAndReturn(56)) - c52c3de9-0ed1-4f2b-ba1d-f317ceeb0ceb@group-20BE3FF63202-LeaderElection218: Election REJECTED; received 2 response(s) [c52c3de9-0ed1-4f2b-ba1d-f317ceeb0ceb<-24274e9f-e41f-4654-9afc-a783ca44e44b#0:FAIL-t264, c52c3de9-0ed1-4f2b-ba1d-f317ceeb0ceb<-988115cd-21c9-4558-b198-f2cedd98ccf3#0:FAIL-t264] and 0 exception(s); c52c3de9-0ed1-4f2b-ba1d-f317ceeb0ceb@group-20BE3FF63202:t264, leader=null, voted=c52c3de9-0ed1-4f2b-ba1d-f317ceeb0ceb, raftlog=c52c3de9-0ed1-4f2b-ba1d-f317ceeb0ceb@group-20BE3FF63202-SegmentedRaftLog:OPENED:c-1,f-1,i0, conf=-1: [24274e9f-e41f-4654-9afc-a783ca44e44b:192.168.69.67:35902, 988115cd-21c9-4558-b198-f2cedd98ccf3:192.168.69.67:44208, c52c3de9-0ed1-4f2b-ba1d-f317ceeb0ceb:192.168.69.67:37615], old=null
2019-10-18 07:14:49,705 [c52c3de9-0ed1-4f2b-ba1d-f317ceeb0ceb@group-20BE3FF63202-LeaderElection218] INFO  impl.RaftServerImpl (RaftServerImpl.java:setRole(184)) - c52c3de9-0ed1-4f2b-ba1d-f317ceeb0ceb@group-20BE3FF63202: changes role from CANDIDATE to FOLLOWER at term 264 for DISCOVERED_A_NEW_TERM
2019-10-18 07:14:49,705 [c52c3de9-0ed1-4f2b-ba1d-f317ceeb0ceb@group-20BE3FF63202-LeaderElection218] INFO  impl.RoleInfo (RoleInfo.java:shutdownLeaderElection(134)) - c52c3de9-0ed1-4f2b-ba1d-f317ceeb0ceb: shutdown LeaderElection
2019-10-18 07:14:49,705 [c52c3de9-0ed1-4f2b-ba1d-f317ceeb0ceb@group-20BE3FF63202-LeaderElection218] INFO  impl.RoleInfo (RoleInfo.java:updateAndGet(143)) - c52c3de9-0ed1-4f2b-ba1d-f317ceeb0ceb: start FollowerState
2019-10-18 07:14:49,709 [Thread-1935] INFO  impl.FollowerState (FollowerState.java:run(108)) - c52c3de9-0ed1-4f2b-ba1d-f317ceeb0ceb@group-20BE3FF63202-FollowerState: change to CANDIDATE, lastRpcTime:3ms, electionTimeout:3ms
2019-10-18 07:14:49,709 [Thread-1935] INFO  impl.RoleInfo (RoleInfo.java:shutdownFollowerState(121)) - c52c3de9-0ed1-4f2b-ba1d-f317ceeb0ceb: shutdown FollowerState
2019-10-18 07:14:49,709 [Thread-1935] INFO  impl.RaftServerImpl (RaftServerImpl.java:setRole(184)) - c52c3de9-0ed1-4f2b-ba1d-f317ceeb0ceb@group-20BE3FF63202: changes role from  FOLLOWER to CANDIDATE at term 264 for changeToCandidate
2019-10-18 07:14:49,709 [Thread-1935] INFO  impl.RoleInfo (RoleInfo.java:updateAndGet(143)) - c52c3de9-0ed1-4f2b-ba1d-f317ceeb0ceb: start LeaderElection
2019-10-18 07:14:49,724 [c52c3de9-0ed1-4f2b-ba1d-f317ceeb0ceb@group-20BE3FF63202-LeaderElection219] INFO  impl.LeaderElection (LeaderElection.java:askForVotes(178)) - c52c3de9-0ed1-4f2b-ba1d-f317ceeb0ceb@group-20BE3FF63202-LeaderElection219: begin an election at term 265 for -1: [24274e9f-e41f-4654-9afc-a783ca44e44b:192.168.69.67:35902, 988115cd-21c9-4558-b198-f2cedd98ccf3:192.168.69.67:44208, c52c3de9-0ed1-4f2b-ba1d-f317ceeb0ceb:192.168.69.67:37615], old=null
2019-10-18 07:14:49,726 [grpc-default-executor-0] INFO  impl.RaftServerImpl (RaftServerImpl.java:setRole(184)) - 24274e9f-e41f-4654-9afc-a783ca44e44b@group-20BE3FF63202: changes role from  FOLLOWER to FOLLOWER at term 265 for recognizeCandidate:c52c3de9-0ed1-4f2b-ba1d-f317ceeb0ceb
2019-10-18 07:14:49,727 [grpc-default-executor-5] INFO  impl.RaftServerImpl (RaftServerImpl.java:setRole(184)) - 988115cd-21c9-4558-b198-f2cedd98ccf3@group-20BE3FF63202: changes role from  FOLLOWER to FOLLOWER at term 265 for recognizeCandidate:c52c3de9-0ed1-4f2b-ba1d-f317ceeb0ceb
2019-10-18 07:14:49,727 [grpc-default-executor-5] INFO  impl.RoleInfo (RoleInfo.java:shutdownFollowerState(121)) - 988115cd-21c9-4558-b198-f2cedd98ccf3: shutdown FollowerState
2019-10-18 07:14:49,727 [grpc-default-executor-0] INFO  impl.RoleInfo (RoleInfo.java:shutdownFollowerState(121)) - 24274e9f-e41f-4654-9afc-a783ca44e44b: shutdown FollowerState
2019-10-18 07:14:49,727 [Thread-1933] INFO  impl.FollowerState (FollowerState.java:run(117)) - 24274e9f-e41f-4654-9afc-a783ca44e44b@group-20BE3FF63202-FollowerState was interrupted: java.lang.InterruptedException: sleep interrupted
2019-10-18 07:14:49,727 [Thread-1934] INFO  impl.FollowerState (FollowerState.java:run(117)) - 988115cd-21c9-4558-b198-f2cedd98ccf3@group-20BE3FF63202-FollowerState was interrupted: java.lang.InterruptedException: sleep interrupted
2019-10-18 07:14:49,727 [grpc-default-executor-5] INFO  impl.RoleInfo (RoleInfo.java:updateAndGet(143)) - 988115cd-21c9-4558-b198-f2cedd98ccf3: start FollowerState
2019-10-18 07:14:49,727 [grpc-default-executor-0] INFO  impl.RoleInfo (RoleInfo.java:updateAndGet(143)) - 24274e9f-e41f-4654-9afc-a783ca44e44b: start FollowerState
2019-10-18 07:14:49,753 [c52c3de9-0ed1-4f2b-ba1d-f317ceeb0ceb@group-20BE3FF63202-LeaderElection219] INFO  impl.LeaderElection (LeaderElection.java:logAndReturn(56)) - c52c3de9-0ed1-4f2b-ba1d-f317ceeb0ceb@group-20BE3FF63202-LeaderElection219: Election REJECTED; received 2 response(s) [c52c3de9-0ed1-4f2b-ba1d-f317ceeb0ceb<-24274e9f-e41f-4654-9afc-a783ca44e44b#0:FAIL-t265, c52c3de9-0ed1-4f2b-ba1d-f317ceeb0ceb<-988115cd-21c9-4558-b198-f2cedd98ccf3#0:FAIL-t265] and 0 exception(s); c52c3de9-0ed1-4f2b-ba1d-f317ceeb0ceb@group-20BE3FF63202:t265, leader=null, voted=c52c3de9-0ed1-4f2b-ba1d-f317ceeb0ceb, raftlog=c52c3de9-0ed1-4f2b-ba1d-f317ceeb0ceb@group-20BE3FF63202-SegmentedRaftLog:OPENED:c-1,f-1,i0, conf=-1: [24274e9f-e41f-4654-9afc-a783ca44e44b:192.168.69.67:35902, 988115cd-21c9-4558-b198-f2cedd98ccf3:192.168.69.67:44208, c52c3de9-0ed1-4f2b-ba1d-f317ceeb0ceb:192.168.69.67:37615], old=null
2019-10-18 07:14:49,753 [c52c3de9-0ed1-4f2b-ba1d-f317ceeb0ceb@group-20BE3FF63202-LeaderElection219] INFO  impl.RaftServerImpl (RaftServerImpl.java:setRole(184)) - c52c3de9-0ed1-4f2b-ba1d-f317ceeb0ceb@group-20BE3FF63202: changes role from CANDIDATE to FOLLOWER at term 265 for DISCOVERED_A_NEW_TERM
2019-10-18 07:14:49,753 [c52c3de9-0ed1-4f2b-ba1d-f317ceeb0ceb@group-20BE3FF63202-LeaderElection219] INFO  impl.RoleInfo (RoleInfo.java:shutdownLeaderElection(134)) - c52c3de9-0ed1-4f2b-ba1d-f317ceeb0ceb: shutdown LeaderElection
2019-10-18 07:14:49,754 [c52c3de9-0ed1-4f2b-ba1d-f317ceeb0ceb@group-20BE3FF63202-LeaderElection219] INFO  impl.RoleInfo (RoleInfo.java:updateAndGet(143)) - c52c3de9-0ed1-4f2b-ba1d-f317ceeb0ceb: start FollowerState
2019-10-18 07:14:49,864 [Thread-1941] INFO  impl.FollowerState (FollowerState.java:run(108)) - c52c3de9-0ed1-4f2b-ba1d-f317ceeb0ceb@group-20BE3FF63202-FollowerState: change to CANDIDATE, lastRpcTime:110ms, electionTimeout:110ms
2019-10-18 07:14:49,864 [Thread-1941] INFO  impl.RoleInfo (RoleInfo.java:shutdownFollowerState(121)) - c52c3de9-0ed1-4f2b-ba1d-f317ceeb0ceb: shutdown FollowerState
2019-10-18 07:14:49,864 [Thread-1941] INFO  impl.RaftServerImpl (RaftServerImpl.java:setRole(184)) - c52c3de9-0ed1-4f2b-ba1d-f317ceeb0ceb@group-20BE3FF63202: changes role from  FOLLOWER to CANDIDATE at term 265 for changeToCandidate
2019-10-18 07:14:49,865 [Thread-1941] INFO  impl.RoleInfo (RoleInfo.java:updateAndGet(143)) - c52c3de9-0ed1-4f2b-ba1d-f317ceeb0ceb: start LeaderElection
2019-10-18 07:14:49,901 [c52c3de9-0ed1-4f2b-ba1d-f317ceeb0ceb@group-20BE3FF63202-LeaderElection220] INFO  impl.LeaderElection (LeaderElection.java:askForVotes(178)) - c52c3de9-0ed1-4f2b-ba1d-f317ceeb0ceb@group-20BE3FF63202-LeaderElection220: begin an election at term 266 for -1: [24274e9f-e41f-4654-9afc-a783ca44e44b:192.168.69.67:35902, 988115cd-21c9-4558-b198-f2cedd98ccf3:192.168.69.67:44208, c52c3de9-0ed1-4f2b-ba1d-f317ceeb0ceb:192.168.69.67:37615], old=null
2019-10-18 07:14:49,903 [grpc-default-executor-5] INFO  impl.RaftServerImpl (RaftServerImpl.java:setRole(184)) - 24274e9f-e41f-4654-9afc-a783ca44e44b@group-20BE3FF63202: changes role from  FOLLOWER to FOLLOWER at term 266 for recognizeCandidate:c52c3de9-0ed1-4f2b-ba1d-f317ceeb0ceb
2019-10-18 07:14:49,903 [grpc-default-executor-0] INFO  impl.RaftServerImpl (RaftServerImpl.java:setRole(184)) - 988115cd-21c9-4558-b198-f2cedd98ccf3@group-20BE3FF63202: changes role from  FOLLOWER to FOLLOWER at term 266 for recognizeCandidate:c52c3de9-0ed1-4f2b-ba1d-f317ceeb0ceb
2019-10-18 07:14:49,904 [grpc-default-executor-5] INFO  impl.RoleInfo (RoleInfo.java:shutdownFollowerState(121)) - 24274e9f-e41f-4654-9afc-a783ca44e44b: shutdown FollowerState
2019-10-18 07:14:49,904 [grpc-default-executor-0] INFO  impl.RoleInfo (RoleInfo.java:shutdownFollowerState(121)) - 988115cd-21c9-4558-b198-f2cedd98ccf3: shutdown FollowerState
2019-10-18 07:14:49,904 [Thread-1940] INFO  impl.FollowerState (FollowerState.java:run(117)) - 24274e9f-e41f-4654-9afc-a783ca44e44b@group-20BE3FF63202-FollowerState was interrupted: java.lang.InterruptedException: sleep interrupted
2019-10-18 07:14:49,904 [grpc-default-executor-5] INFO  impl.RoleInfo (RoleInfo.java:updateAndGet(143)) - 24274e9f-e41f-4654-9afc-a783ca44e44b: start FollowerState
2019-10-18 07:14:49,904 [Thread-1939] INFO  impl.FollowerState (FollowerState.java:run(117)) - 988115cd-21c9-4558-b198-f2cedd98ccf3@group-20BE3FF63202-FollowerState was interrupted: java.lang.InterruptedException: sleep interrupted
2019-10-18 07:14:49,904 [grpc-default-executor-0] INFO  impl.RoleInfo (RoleInfo.java:updateAndGet(143)) - 988115cd-21c9-4558-b198-f2cedd98ccf3: start FollowerState
2019-10-18 07:14:49,919 [c52c3de9-0ed1-4f2b-ba1d-f317ceeb0ceb@group-20BE3FF63202-LeaderElection220] INFO  impl.LeaderElection (LeaderElection.java:logAndReturn(56)) - c52c3de9-0ed1-4f2b-ba1d-f317ceeb0ceb@group-20BE3FF63202-LeaderElection220: Election REJECTED; received 2 response(s) [c52c3de9-0ed1-4f2b-ba1d-f317ceeb0ceb<-24274e9f-e41f-4654-9afc-a783ca44e44b#0:FAIL-t266, c52c3de9-0ed1-4f2b-ba1d-f317ceeb0ceb<-988115cd-21c9-4558-b198-f2cedd98ccf3#0:FAIL-t266] and 0 exception(s); c52c3de9-0ed1-4f2b-ba1d-f317ceeb0ceb@group-20BE3FF63202:t266, leader=null, voted=c52c3de9-0ed1-4f2b-ba1d-f317ceeb0ceb, raftlog=c52c3de9-0ed1-4f2b-ba1d-f317ceeb0ceb@group-20BE3FF63202-SegmentedRaftLog:OPENED:c-1,f-1,i0, conf=-1: [24274e9f-e41f-4654-9afc-a783ca44e44b:192.168.69.67:35902, 988115cd-21c9-4558-b198-f2cedd98ccf3:192.168.69.67:44208, c52c3de9-0ed1-4f2b-ba1d-f317ceeb0ceb:192.168.69.67:37615], old=null
2019-10-18 07:14:49,919 [c52c3de9-0ed1-4f2b-ba1d-f317ceeb0ceb@group-20BE3FF63202-LeaderElection220] INFO  impl.RaftServerImpl (RaftServerImpl.java:setRole(184)) - c52c3de9-0ed1-4f2b-ba1d-f317ceeb0ceb@group-20BE3FF63202: changes role from CANDIDATE to FOLLOWER at term 266 for DISCOVERED_A_NEW_TERM
2019-10-18 07:14:49,919 [c52c3de9-0ed1-4f2b-ba1d-f317ceeb0ceb@group-20BE3FF63202-LeaderElection220] INFO  impl.RoleInfo (RoleInfo.java:shutdownLeaderElection(134)) - c52c3de9-0ed1-4f2b-ba1d-f317ceeb0ceb: shutdown LeaderElection
2019-10-18 07:14:49,919 [c52c3de9-0ed1-4f2b-ba1d-f317ceeb0ceb@group-20BE3FF63202-LeaderElection220] INFO  impl.RoleInfo (RoleInfo.java:updateAndGet(143)) - c52c3de9-0ed1-4f2b-ba1d-f317ceeb0ceb: start FollowerState
2019-10-18 07:14:50,017 [Thread-1947] INFO  impl.FollowerState (FollowerState.java:run(108)) - c52c3de9-0ed1-4f2b-ba1d-f317ceeb0ceb@group-20BE3FF63202-FollowerState: change to CANDIDATE, lastRpcTime:97ms, electionTimeout:97ms
2019-10-18 07:14:50,017 [Thread-1947] INFO  impl.RoleInfo (RoleInfo.java:shutdownFollowerState(121)) - c52c3de9-0ed1-4f2b-ba1d-f317ceeb0ceb: shutdown FollowerState
2019-10-18 07:14:50,017 [Thread-1947] INFO  impl.RaftServerImpl (RaftServerImpl.java:setRole(184)) - c52c3de9-0ed1-4f2b-ba1d-f317ceeb0ceb@group-20BE3FF63202: changes role from  FOLLOWER to CANDIDATE at term 266 for changeToCandidate
2019-10-18 07:14:50,017 [Thread-1947] INFO  impl.RoleInfo (RoleInfo.java:updateAndGet(143)) - c52c3de9-0ed1-4f2b-ba1d-f317ceeb0ceb: start LeaderElection
2019-10-18 07:14:50,044 [c52c3de9-0ed1-4f2b-ba1d-f317ceeb0ceb@group-20BE3FF63202-LeaderElection221] INFO  impl.LeaderElection (LeaderElection.java:askForVotes(178)) - c52c3de9-0ed1-4f2b-ba1d-f317ceeb0ceb@group-20BE3FF63202-LeaderElection221: begin an election at term 267 for -1: [24274e9f-e41f-4654-9afc-a783ca44e44b:192.168.69.67:35902, 988115cd-21c9-4558-b198-f2cedd98ccf3:192.168.69.67:44208, c52c3de9-0ed1-4f2b-ba1d-f317ceeb0ceb:192.168.69.67:37615], old=null
2019-10-18 07:14:50,047 [grpc-default-executor-5] INFO  impl.RaftServerImpl (RaftServerImpl.java:setRole(184)) - 988115cd-21c9-4558-b198-f2cedd98ccf3@group-20BE3FF63202: changes role from  FOLLOWER to FOLLOWER at term 267 for recognizeCandidate:c52c3de9-0ed1-4f2b-ba1d-f317ceeb0ceb
2019-10-18 07:14:50,047 [grpc-default-executor-5] INFO  impl.RoleInfo (RoleInfo.java:shutdownFollowerState(121)) - 988115cd-21c9-4558-b198-f2cedd98ccf3: shutdown FollowerState
2019-10-18 07:14:50,047 [grpc-default-executor-0] INFO  impl.RaftServerImpl (RaftServerImpl.java:setRole(184)) - 24274e9f-e41f-4654-9afc-a783ca44e44b@group-20BE3FF63202: changes role from  FOLLOWER to FOLLOWER at term 267 for recognizeCandidate:c52c3de9-0ed1-4f2b-ba1d-f317ceeb0ceb
2019-10-18 07:14:50,047 [Thread-1946] INFO  impl.FollowerState (FollowerState.java:run(117)) - 988115cd-21c9-4558-b198-f2cedd98ccf3@group-20BE3FF63202-FollowerState was interrupted: java.lang.InterruptedException: sleep interrupted
2019-10-18 07:14:50,047 [grpc-default-executor-5] INFO  impl.RoleInfo (RoleInfo.java:updateAndGet(143)) - 988115cd-21c9-4558-b198-f2cedd98ccf3: start FollowerState
2019-10-18 07:14:50,047 [grpc-default-executor-0] INFO  impl.RoleInfo (RoleInfo.java:shutdownFollowerState(121)) - 24274e9f-e41f-4654-9afc-a783ca44e44b: shutdown FollowerState
2019-10-18 07:14:50,048 [grpc-default-executor-0] INFO  impl.RoleInfo (RoleInfo.java:updateAndGet(143)) - 24274e9f-e41f-4654-9afc-a783ca44e44b: start FollowerState
2019-10-18 07:14:50,048 [Thread-1945] INFO  impl.FollowerState (FollowerState.java:run(117)) - 24274e9f-e41f-4654-9afc-a783ca44e44b@group-20BE3FF63202-FollowerState was interrupted: java.lang.InterruptedException: sleep interrupted
2019-10-18 07:14:50,074 [c52c3de9-0ed1-4f2b-ba1d-f317ceeb0ceb@group-20BE3FF63202-LeaderElection221] INFO  impl.LeaderElection (LeaderElection.java:logAndReturn(56)) - c52c3de9-0ed1-4f2b-ba1d-f317ceeb0ceb@group-20BE3FF63202-LeaderElection221: Election REJECTED; received 2 response(s) [c52c3de9-0ed1-4f2b-ba1d-f317ceeb0ceb<-24274e9f-e41f-4654-9afc-a783ca44e44b#0:FAIL-t267, c52c3de9-0ed1-4f2b-ba1d-f317ceeb0ceb<-988115cd-21c9-4558-b198-f2cedd98ccf3#0:FAIL-t267] and 0 exception(s); c52c3de9-0ed1-4f2b-ba1d-f317ceeb0ceb@group-20BE3FF63202:t267, leader=null, voted=c52c3de9-0ed1-4f2b-ba1d-f317ceeb0ceb, raftlog=c52c3de9-0ed1-4f2b-ba1d-f317ceeb0ceb@group-20BE3FF63202-SegmentedRaftLog:OPENED:c-1,f-1,i0, conf=-1: [24274e9f-e41f-4654-9afc-a783ca44e44b:192.168.69.67:35902, 988115cd-21c9-4558-b198-f2cedd98ccf3:192.168.69.67:44208, c52c3de9-0ed1-4f2b-ba1d-f317ceeb0ceb:192.168.69.67:37615], old=null
2019-10-18 07:14:50,074 [c52c3de9-0ed1-4f2b-ba1d-f317ceeb0ceb@group-20BE3FF63202-LeaderElection221] INFO  impl.RaftServerImpl (RaftServerImpl.java:setRole(184)) - c52c3de9-0ed1-4f2b-ba1d-f317ceeb0ceb@group-20BE3FF63202: changes role from CANDIDATE to FOLLOWER at term 267 for DISCOVERED_A_NEW_TERM
2019-10-18 07:14:50,074 [c52c3de9-0ed1-4f2b-ba1d-f317ceeb0ceb@group-20BE3FF63202-LeaderElection221] INFO  impl.RoleInfo (RoleInfo.java:shutdownLeaderElection(134)) - c52c3de9-0ed1-4f2b-ba1d-f317ceeb0ceb: shutdown LeaderElection
2019-10-18 07:14:50,074 [c52c3de9-0ed1-4f2b-ba1d-f317ceeb0ceb@group-20BE3FF63202-LeaderElection221] INFO  impl.RoleInfo (RoleInfo.java:updateAndGet(143)) - c52c3de9-0ed1-4f2b-ba1d-f317ceeb0ceb: start FollowerState
2019-10-18 07:14:50,114 [Thread-1953] INFO  impl.FollowerState (FollowerState.java:run(108)) - c52c3de9-0ed1-4f2b-ba1d-f317ceeb0ceb@group-20BE3FF63202-FollowerState: change to CANDIDATE, lastRpcTime:39ms, electionTimeout:39ms
2019-10-18 07:14:50,114 [Thread-1953] INFO  impl.RoleInfo (RoleInfo.java:shutdownFollowerState(121)) - c52c3de9-0ed1-4f2b-ba1d-f317ceeb0ceb: shutdown FollowerState
2019-10-18 07:14:50,114 [Thread-1953] INFO  impl.RaftServerImpl (RaftServerImpl.java:setRole(184)) - c52c3de9-0ed1-4f2b-ba1d-f317ceeb0ceb@group-20BE3FF63202: changes role from  FOLLOWER to CANDIDATE at term 267 for changeToCandidate
2019-10-18 07:14:50,114 [Thread-1953] INFO  impl.RoleInfo (RoleInfo.java:updateAndGet(143)) - c52c3de9-0ed1-4f2b-ba1d-f317ceeb0ceb: start LeaderElection
2019-10-18 07:14:50,139 [c52c3de9-0ed1-4f2b-ba1d-f317ceeb0ceb@group-20BE3FF63202-LeaderElection222] INFO  impl.LeaderElection (LeaderElection.java:askForVotes(178)) - c52c3de9-0ed1-4f2b-ba1d-f317ceeb0ceb@group-20BE3FF63202-LeaderElection222: begin an election at term 268 for -1: [24274e9f-e41f-4654-9afc-a783ca44e44b:192.168.69.67:35902, 988115cd-21c9-4558-b198-f2cedd98ccf3:192.168.69.67:44208, c52c3de9-0ed1-4f2b-ba1d-f317ceeb0ceb:192.168.69.67:37615], old=null
2019-10-18 07:14:50,141 [grpc-default-executor-5] INFO  impl.RaftServerImpl (RaftServerImpl.java:setRole(184)) - 988115cd-21c9-4558-b198-f2cedd98ccf3@group-20BE3FF63202: changes role from  FOLLOWER to FOLLOWER at term 268 for recognizeCandidate:c52c3de9-0ed1-4f2b-ba1d-f317ceeb0ceb
2019-10-18 07:14:50,141 [grpc-default-executor-0] INFO  impl.RaftServerImpl (RaftServerImpl.java:setRole(184)) - 24274e9f-e41f-4654-9afc-a783ca44e44b@group-20BE3FF63202: changes role from  FOLLOWER to FOLLOWER at term 268 for recognizeCandidate:c52c3de9-0ed1-4f2b-ba1d-f317ceeb0ceb
2019-10-18 07:14:50,142 [grpc-default-executor-0] INFO  impl.RoleInfo (RoleInfo.java:shutdownFollowerState(121)) - 24274e9f-e41f-4654-9afc-a783ca44e44b: shutdown FollowerState
2019-10-18 07:14:50,141 [grpc-default-executor-5] INFO  impl.RoleInfo (RoleInfo.java:shutdownFollowerState(121)) - 988115cd-21c9-4558-b198-f2cedd98ccf3: shutdown FollowerState
2019-10-18 07:14:50,142 [Thread-1952] INFO  impl.FollowerState (FollowerState.java:run(117)) - 24274e9f-e41f-4654-9afc-a783ca44e44b@group-20BE3FF63202-FollowerState was interrupted: java.lang.InterruptedException: sleep interrupted
2019-10-18 07:14:50,142 [grpc-default-executor-5] INFO  impl.RoleInfo (RoleInfo.java:updateAndGet(143)) - 988115cd-21c9-4558-b198-f2cedd98ccf3: start FollowerState
2019-10-18 07:14:50,142 [grpc-default-executor-0] INFO  impl.RoleInfo (RoleInfo.java:updateAndGet(143)) - 24274e9f-e41f-4654-9afc-a783ca44e44b: start FollowerState
2019-10-18 07:14:50,142 [Thread-1951] INFO  impl.FollowerState (FollowerState.java:run(117)) - 988115cd-21c9-4558-b198-f2cedd98ccf3@group-20BE3FF63202-FollowerState was interrupted: java.lang.InterruptedException: sleep interrupted
2019-10-18 07:14:50,168 [c52c3de9-0ed1-4f2b-ba1d-f317ceeb0ceb@group-20BE3FF63202-LeaderElection222] INFO  impl.LeaderElection (LeaderElection.java:logAndReturn(56)) - c52c3de9-0ed1-4f2b-ba1d-f317ceeb0ceb@group-20BE3FF63202-LeaderElection222: Election REJECTED; received 2 response(s) [c52c3de9-0ed1-4f2b-ba1d-f317ceeb0ceb<-24274e9f-e41f-4654-9afc-a783ca44e44b#0:FAIL-t268, c52c3de9-0ed1-4f2b-ba1d-f317ceeb0ceb<-988115cd-21c9-4558-b198-f2cedd98ccf3#0:FAIL-t268] and 0 exception(s); c52c3de9-0ed1-4f2b-ba1d-f317ceeb0ceb@group-20BE3FF63202:t268, leader=null, voted=c52c3de9-0ed1-4f2b-ba1d-f317ceeb0ceb, raftlog=c52c3de9-0ed1-4f2b-ba1d-f317ceeb0ceb@group-20BE3FF63202-SegmentedRaftLog:OPENED:c-1,f-1,i0, conf=-1: [24274e9f-e41f-4654-9afc-a783ca44e44b:192.168.69.67:35902, 988115cd-21c9-4558-b198-f2cedd98ccf3:192.168.69.67:44208, c52c3de9-0ed1-4f2b-ba1d-f317ceeb0ceb:192.168.69.67:37615], old=null
2019-10-18 07:14:50,168 [c52c3de9-0ed1-4f2b-ba1d-f317ceeb0ceb@group-20BE3FF63202-LeaderElection222] INFO  impl.RaftServerImpl (RaftServerImpl.java:setRole(184)) - c52c3de9-0ed1-4f2b-ba1d-f317ceeb0ceb@group-20BE3FF63202: changes role from CANDIDATE to FOLLOWER at term 268 for DISCOVERED_A_NEW_TERM
2019-10-18 07:14:50,168 [c52c3de9-0ed1-4f2b-ba1d-f317ceeb0ceb@group-20BE3FF63202-LeaderElection222] INFO  impl.RoleInfo (RoleInfo.java:shutdownLeaderElection(134)) - c52c3de9-0ed1-4f2b-ba1d-f317ceeb0ceb: shutdown LeaderElection
2019-10-18 07:14:50,168 [c52c3de9-0ed1-4f2b-ba1d-f317ceeb0ceb@group-20BE3FF63202-LeaderElection222] INFO  impl.RoleInfo (RoleInfo.java:updateAndGet(143)) - c52c3de9-0ed1-4f2b-ba1d-f317ceeb0ceb: start FollowerState
2019-10-18 07:14:50,261 [Thread-1959] INFO  impl.FollowerState (FollowerState.java:run(108)) - c52c3de9-0ed1-4f2b-ba1d-f317ceeb0ceb@group-20BE3FF63202-FollowerState: change to CANDIDATE, lastRpcTime:93ms, electionTimeout:93ms
2019-10-18 07:14:50,262 [Thread-1959] INFO  impl.RoleInfo (RoleInfo.java:shutdownFollowerState(121)) - c52c3de9-0ed1-4f2b-ba1d-f317ceeb0ceb: shutdown FollowerState
2019-10-18 07:14:50,262 [Thread-1959] INFO  impl.RaftServerImpl (RaftServerImpl.java:setRole(184)) - c52c3de9-0ed1-4f2b-ba1d-f317ceeb0ceb@group-20BE3FF63202: changes role from  FOLLOWER to CANDIDATE at term 268 for changeToCandidate
2019-10-18 07:14:50,262 [Thread-1959] INFO  impl.RoleInfo (RoleInfo.java:updateAndGet(143)) - c52c3de9-0ed1-4f2b-ba1d-f317ceeb0ceb: start LeaderElection
2019-10-18 07:14:50,287 [c52c3de9-0ed1-4f2b-ba1d-f317ceeb0ceb@group-20BE3FF63202-LeaderElection223] INFO  impl.LeaderElection (LeaderElection.java:askForVotes(178)) - c52c3de9-0ed1-4f2b-ba1d-f317ceeb0ceb@group-20BE3FF63202-LeaderElection223: begin an election at term 269 for -1: [24274e9f-e41f-4654-9afc-a783ca44e44b:192.168.69.67:35902, 988115cd-21c9-4558-b198-f2cedd98ccf3:192.168.69.67:44208, c52c3de9-0ed1-4f2b-ba1d-f317ceeb0ceb:192.168.69.67:37615], old=null
2019-10-18 07:14:50,290 [grpc-default-executor-0] INFO  impl.RaftServerImpl (RaftServerImpl.java:setRole(184)) - 24274e9f-e41f-4654-9afc-a783ca44e44b@group-20BE3FF63202: changes role from  FOLLOWER to FOLLOWER at term 269 for recognizeCandidate:c52c3de9-0ed1-4f2b-ba1d-f317ceeb0ceb
2019-10-18 07:14:50,290 [grpc-default-executor-0] INFO  impl.RoleInfo (RoleInfo.java:shutdownFollowerState(121)) - 24274e9f-e41f-4654-9afc-a783ca44e44b: shutdown FollowerState
2019-10-18 07:14:50,290 [grpc-default-executor-5] INFO  impl.RaftServerImpl (RaftServerImpl.java:setRole(184)) - 988115cd-21c9-4558-b198-f2cedd98ccf3@group-20BE3FF63202: changes role from  FOLLOWER to FOLLOWER at term 269 for recognizeCandidate:c52c3de9-0ed1-4f2b-ba1d-f317ceeb0ceb
2019-10-18 07:14:50,290 [Thread-1957] INFO  impl.FollowerState (FollowerState.java:run(117)) - 24274e9f-e41f-4654-9afc-a783ca44e44b@group-20BE3FF63202-FollowerState was interrupted: java.lang.InterruptedException: sleep interrupted
2019-10-18 07:14:50,290 [grpc-default-executor-5] INFO  impl.RoleInfo (RoleInfo.java:shutdownFollowerState(121)) - 988115cd-21c9-4558-b198-f2cedd98ccf3: shutdown FollowerState
2019-10-18 07:14:50,290 [grpc-default-executor-0] INFO  impl.RoleInfo (RoleInfo.java:updateAndGet(143)) - 24274e9f-e41f-4654-9afc-a783ca44e44b: start FollowerState
2019-10-18 07:14:50,291 [Thread-1958] INFO  impl.FollowerState (FollowerState.java:run(117)) - 988115cd-21c9-4558-b198-f2cedd98ccf3@group-20BE3FF63202-FollowerState was interrupted: java.lang.InterruptedException: sleep interrupted
2019-10-18 07:14:50,291 [grpc-default-executor-5] INFO  impl.RoleInfo (RoleInfo.java:updateAndGet(143)) - 988115cd-21c9-4558-b198-f2cedd98ccf3: start FollowerState
2019-10-18 07:14:50,317 [c52c3de9-0ed1-4f2b-ba1d-f317ceeb0ceb@group-20BE3FF63202-LeaderElection223] INFO  impl.LeaderElection (LeaderElection.java:logAndReturn(56)) - c52c3de9-0ed1-4f2b-ba1d-f317ceeb0ceb@group-20BE3FF63202-LeaderElection223: Election REJECTED; received 2 response(s) [c52c3de9-0ed1-4f2b-ba1d-f317ceeb0ceb<-24274e9f-e41f-4654-9afc-a783ca44e44b#0:FAIL-t269, c52c3de9-0ed1-4f2b-ba1d-f317ceeb0ceb<-988115cd-21c9-4558-b198-f2cedd98ccf3#0:FAIL-t269] and 0 exception(s); c52c3de9-0ed1-4f2b-ba1d-f317ceeb0ceb@group-20BE3FF63202:t269, leader=null, voted=c52c3de9-0ed1-4f2b-ba1d-f317ceeb0ceb, raftlog=c52c3de9-0ed1-4f2b-ba1d-f317ceeb0ceb@group-20BE3FF63202-SegmentedRaftLog:OPENED:c-1,f-1,i0, conf=-1: [24274e9f-e41f-4654-9afc-a783ca44e44b:192.168.69.67:35902, 988115cd-21c9-4558-b198-f2cedd98ccf3:192.168.69.67:44208, c52c3de9-0ed1-4f2b-ba1d-f317ceeb0ceb:192.168.69.67:37615], old=null
2019-10-18 07:14:50,317 [c52c3de9-0ed1-4f2b-ba1d-f317ceeb0ceb@group-20BE3FF63202-LeaderElection223] INFO  impl.RaftServerImpl (RaftServerImpl.java:setRole(184)) - c52c3de9-0ed1-4f2b-ba1d-f317ceeb0ceb@group-20BE3FF63202: changes role from CANDIDATE to FOLLOWER at term 269 for DISCOVERED_A_NEW_TERM
2019-10-18 07:14:50,317 [c52c3de9-0ed1-4f2b-ba1d-f317ceeb0ceb@group-20BE3FF63202-LeaderElection223] INFO  impl.RoleInfo (RoleInfo.java:shutdownLeaderElection(134)) - c52c3de9-0ed1-4f2b-ba1d-f317ceeb0ceb: shutdown LeaderElection
2019-10-18 07:14:50,317 [c52c3de9-0ed1-4f2b-ba1d-f317ceeb0ceb@group-20BE3FF63202-LeaderElection223] INFO  impl.RoleInfo (RoleInfo.java:updateAndGet(143)) - c52c3de9-0ed1-4f2b-ba1d-f317ceeb0ceb: start FollowerState
2019-10-18 07:14:50,468 [Thread-1966] INFO  impl.FollowerState (FollowerState.java:run(108)) - c52c3de9-0ed1-4f2b-ba1d-f317ceeb0ceb@group-20BE3FF63202-FollowerState: change to CANDIDATE, lastRpcTime:151ms, electionTimeout:151ms
2019-10-18 07:14:50,469 [Thread-1966] INFO  impl.RoleInfo (RoleInfo.java:shutdownFollowerState(121)) - c52c3de9-0ed1-4f2b-ba1d-f317ceeb0ceb: shutdown FollowerState
2019-10-18 07:14:50,469 [Thread-1966] INFO  impl.RaftServerImpl (RaftServerImpl.java:setRole(184)) - c52c3de9-0ed1-4f2b-ba1d-f317ceeb0ceb@group-20BE3FF63202: changes role from  FOLLOWER to CANDIDATE at term 269 for changeToCandidate
2019-10-18 07:14:50,469 [Thread-1966] INFO  impl.RoleInfo (RoleInfo.java:updateAndGet(143)) - c52c3de9-0ed1-4f2b-ba1d-f317ceeb0ceb: start LeaderElection
2019-10-18 07:14:50,483 [c52c3de9-0ed1-4f2b-ba1d-f317ceeb0ceb@group-20BE3FF63202-LeaderElection224] INFO  impl.LeaderElection (LeaderElection.java:askForVotes(178)) - c52c3de9-0ed1-4f2b-ba1d-f317ceeb0ceb@group-20BE3FF63202-LeaderElection224: begin an election at term 270 for -1: [24274e9f-e41f-4654-9afc-a783ca44e44b:192.168.69.67:35902, 988115cd-21c9-4558-b198-f2cedd98ccf3:192.168.69.67:44208, c52c3de9-0ed1-4f2b-ba1d-f317ceeb0ceb:192.168.69.67:37615], old=null
2019-10-18 07:14:50,486 [grpc-default-executor-0] INFO  impl.RaftServerImpl (RaftServerImpl.java:setRole(184)) - 988115cd-21c9-4558-b198-f2cedd98ccf3@group-20BE3FF63202: changes role from  FOLLOWER to FOLLOWER at term 270 for recognizeCandidate:c52c3de9-0ed1-4f2b-ba1d-f317ceeb0ceb
2019-10-18 07:14:50,486 [grpc-default-executor-5] INFO  impl.RaftServerImpl (RaftServerImpl.java:setRole(184)) - 24274e9f-e41f-4654-9afc-a783ca44e44b@group-20BE3FF63202: changes role from  FOLLOWER to FOLLOWER at term 270 for recognizeCandidate:c52c3de9-0ed1-4f2b-ba1d-f317ceeb0ceb
2019-10-18 07:14:50,486 [grpc-default-executor-5] INFO  impl.RoleInfo (RoleInfo.java:shutdownFollowerState(121)) - 24274e9f-e41f-4654-9afc-a783ca44e44b: shutdown FollowerState
2019-10-18 07:14:50,486 [grpc-default-executor-0] INFO  impl.RoleInfo (RoleInfo.java:shutdownFollowerState(121)) - 988115cd-21c9-4558-b198-f2cedd98ccf3: shutdown FollowerState
2019-10-18 07:14:50,486 [Thread-1964] INFO  impl.FollowerState (FollowerState.java:run(117)) - 24274e9f-e41f-4654-9afc-a783ca44e44b@group-20BE3FF63202-FollowerState was interrupted: java.lang.InterruptedException: sleep interrupted
2019-10-18 07:14:50,486 [grpc-default-executor-5] INFO  impl.RoleInfo (RoleInfo.java:updateAndGet(143)) - 24274e9f-e41f-4654-9afc-a783ca44e44b: start FollowerState
2019-10-18 07:14:50,486 [Thread-1965] INFO  impl.FollowerState (FollowerState.java:run(117)) - 988115cd-21c9-4558-b198-f2cedd98ccf3@group-20BE3FF63202-FollowerState was interrupted: java.lang.InterruptedException: sleep interrupted
2019-10-18 07:14:50,486 [grpc-default-executor-0] INFO  impl.RoleInfo (RoleInfo.java:updateAndGet(143)) - 988115cd-21c9-4558-b198-f2cedd98ccf3: start FollowerState
2019-10-18 07:14:50,501 [c52c3de9-0ed1-4f2b-ba1d-f317ceeb0ceb@group-20BE3FF63202-LeaderElection224] INFO  impl.LeaderElection (LeaderElection.java:logAndReturn(56)) - c52c3de9-0ed1-4f2b-ba1d-f317ceeb0ceb@group-20BE3FF63202-LeaderElection224: Election REJECTED; received 2 response(s) [c52c3de9-0ed1-4f2b-ba1d-f317ceeb0ceb<-24274e9f-e41f-4654-9afc-a783ca44e44b#0:FAIL-t270, c52c3de9-0ed1-4f2b-ba1d-f317ceeb0ceb<-988115cd-21c9-4558-b198-f2cedd98ccf3#0:FAIL-t270] and 0 exception(s); c52c3de9-0ed1-4f2b-ba1d-f317ceeb0ceb@group-20BE3FF63202:t270, leader=null, voted=c52c3de9-0ed1-4f2b-ba1d-f317ceeb0ceb, raftlog=c52c3de9-0ed1-4f2b-ba1d-f317ceeb0ceb@group-20BE3FF63202-SegmentedRaftLog:OPENED:c-1,f-1,i0, conf=-1: [24274e9f-e41f-4654-9afc-a783ca44e44b:192.168.69.67:35902, 988115cd-21c9-4558-b198-f2cedd98ccf3:192.168.69.67:44208, c52c3de9-0ed1-4f2b-ba1d-f317ceeb0ceb:192.168.69.67:37615], old=null
2019-10-18 07:14:50,502 [c52c3de9-0ed1-4f2b-ba1d-f317ceeb0ceb@group-20BE3FF63202-LeaderElection224] INFO  impl.RaftServerImpl (RaftServerImpl.java:setRole(184)) - c52c3de9-0ed1-4f2b-ba1d-f317ceeb0ceb@group-20BE3FF63202: changes role from CANDIDATE to FOLLOWER at term 270 for DISCOVERED_A_NEW_TERM
2019-10-18 07:14:50,502 [c52c3de9-0ed1-4f2b-ba1d-f317ceeb0ceb@group-20BE3FF63202-LeaderElection224] INFO  impl.RoleInfo (RoleInfo.java:shutdownLeaderElection(134)) - c52c3de9-0ed1-4f2b-ba1d-f317ceeb0ceb: shutdown LeaderElection
2019-10-18 07:14:50,502 [c52c3de9-0ed1-4f2b-ba1d-f317ceeb0ceb@group-20BE3FF63202-LeaderElection224] INFO  impl.RoleInfo (RoleInfo.java:updateAndGet(143)) - c52c3de9-0ed1-4f2b-ba1d-f317ceeb0ceb: start FollowerState
2019-10-18 07:14:50,624 [main] INFO  ozoneimpl.OzoneContainer (OzoneContainer.java:stop(227)) - Attempting to stop container services.
2019-10-18 07:14:50,624 [ForkJoinPool.commonPool-worker-0] INFO  ozoneimpl.OzoneContainer (OzoneContainer.java:stop(227)) - Attempting to stop container services.
2019-10-18 07:14:50,626 [ForkJoinPool.commonPool-worker-0] INFO  impl.RaftServerProxy (RaftServerProxy.java:lambda$close$4(314)) - d2e56473-8267-4871-9849-be2e71e1a2dc: close
2019-10-18 07:14:50,626 [main] INFO  impl.RaftServerProxy (RaftServerProxy.java:lambda$close$4(314)) - 5660bff8-81d7-4c91-ad16-c2423c1e0bda: close
2019-10-18 07:14:50,628 [ForkJoinPool.commonPool-worker-0] INFO  impl.RaftServerImpl (RaftServerImpl.java:lambda$shutdown$3(261)) - d2e56473-8267-4871-9849-be2e71e1a2dc@group-4A5985BBF6FD: shutdown
2019-10-18 07:14:50,628 [main] INFO  impl.RaftServerImpl (RaftServerImpl.java:lambda$shutdown$3(261)) - 5660bff8-81d7-4c91-ad16-c2423c1e0bda@group-649E1086AFD6: shutdown
2019-10-18 07:14:50,628 [ForkJoinPool.commonPool-worker-0] INFO  util.JmxRegister (JmxRegister.java:unregister(73)) - Successfully un-registered JMX Bean with object name Ratis:service=RaftServer,group=group-4A5985BBF6FD,id=d2e56473-8267-4871-9849-be2e71e1a2dc
2019-10-18 07:14:50,628 [main] INFO  util.JmxRegister (JmxRegister.java:unregister(73)) - Successfully un-registered JMX Bean with object name Ratis:service=RaftServer,group=group-649E1086AFD6,id=5660bff8-81d7-4c91-ad16-c2423c1e0bda
2019-10-18 07:14:50,628 [ForkJoinPool.commonPool-worker-0] INFO  impl.RoleInfo (RoleInfo.java:shutdownLeaderState(104)) - d2e56473-8267-4871-9849-be2e71e1a2dc: shutdown LeaderState
2019-10-18 07:14:50,629 [main] INFO  impl.RoleInfo (RoleInfo.java:shutdownLeaderState(104)) - 5660bff8-81d7-4c91-ad16-c2423c1e0bda: shutdown LeaderState
2019-10-18 07:14:50,629 [ForkJoinPool.commonPool-worker-0] INFO  impl.PendingRequests (PendingRequests.java:sendNotLeaderResponses(202)) - d2e56473-8267-4871-9849-be2e71e1a2dc@group-4A5985BBF6FD-PendingRequests: sendNotLeaderResponses
2019-10-18 07:14:50,629 [main] INFO  impl.PendingRequests (PendingRequests.java:sendNotLeaderResponses(202)) - 5660bff8-81d7-4c91-ad16-c2423c1e0bda@group-649E1086AFD6-PendingRequests: sendNotLeaderResponses
2019-10-18 07:14:50,630 [ForkJoinPool.commonPool-worker-0] INFO  impl.StateMachineUpdater (StateMachineUpdater.java:stopAndJoin(136)) - d2e56473-8267-4871-9849-be2e71e1a2dc@group-4A5985BBF6FD-StateMachineUpdater: set stopIndex = 0
2019-10-18 07:14:50,630 [main] INFO  impl.StateMachineUpdater (StateMachineUpdater.java:stopAndJoin(136)) - 5660bff8-81d7-4c91-ad16-c2423c1e0bda@group-649E1086AFD6-StateMachineUpdater: set stopIndex = 0
2019-10-18 07:14:50,631 [ForkJoinPool.commonPool-worker-0] INFO  impl.RaftServerImpl (ServerState.java:close(388)) - d2e56473-8267-4871-9849-be2e71e1a2dc@group-4A5985BBF6FD: closes. applyIndex: 0
2019-10-18 07:14:50,631 [main] INFO  impl.RaftServerImpl (ServerState.java:close(388)) - 5660bff8-81d7-4c91-ad16-c2423c1e0bda@group-649E1086AFD6: closes. applyIndex: 0
2019-10-18 07:14:50,631 [d2e56473-8267-4871-9849-be2e71e1a2dc@group-4A5985BBF6FD-SegmentedRaftLogWorker] INFO  segmented.SegmentedRaftLogWorker (SegmentedRaftLogWorker.java:run(316)) - d2e56473-8267-4871-9849-be2e71e1a2dc@group-4A5985BBF6FD-SegmentedRaftLogWorker was interrupted, exiting. There are 0 tasks remaining in the queue.
2019-10-18 07:14:50,635 [5660bff8-81d7-4c91-ad16-c2423c1e0bda@group-649E1086AFD6-SegmentedRaftLogWorker] INFO  segmented.SegmentedRaftLogWorker (SegmentedRaftLogWorker.java:run(316)) - 5660bff8-81d7-4c91-ad16-c2423c1e0bda@group-649E1086AFD6-SegmentedRaftLogWorker was interrupted, exiting. There are 0 tasks remaining in the queue.
2019-10-18 07:14:50,635 [ForkJoinPool.commonPool-worker-0] INFO  segmented.SegmentedRaftLogWorker (SegmentedRaftLogWorker.java:close(224)) - d2e56473-8267-4871-9849-be2e71e1a2dc@group-4A5985BBF6FD-SegmentedRaftLogWorker close()
2019-10-18 07:14:50,637 [main] INFO  segmented.SegmentedRaftLogWorker (SegmentedRaftLogWorker.java:close(224)) - 5660bff8-81d7-4c91-ad16-c2423c1e0bda@group-649E1086AFD6-SegmentedRaftLogWorker close()
2019-10-18 07:14:50,640 [ForkJoinPool.commonPool-worker-0] INFO  impl.RaftServerImpl (RaftServerImpl.java:lambda$shutdown$3(261)) - d2e56473-8267-4871-9849-be2e71e1a2dc@group-AFD3E3A39739: shutdown
2019-10-18 07:14:50,643 [ForkJoinPool.commonPool-worker-0] INFO  util.JmxRegister (JmxRegister.java:unregister(73)) - Successfully un-registered JMX Bean with object name Ratis:service=RaftServer,group=group-AFD3E3A39739,id=d2e56473-8267-4871-9849-be2e71e1a2dc
2019-10-18 07:14:50,643 [ForkJoinPool.commonPool-worker-0] INFO  impl.RoleInfo (RoleInfo.java:shutdownFollowerState(121)) - d2e56473-8267-4871-9849-be2e71e1a2dc: shutdown FollowerState
2019-10-18 07:14:50,643 [main] INFO  server.GrpcService (GrpcService.java:closeImpl(164)) - 5660bff8-81d7-4c91-ad16-c2423c1e0bda: shutdown server with port 36548 now
2019-10-18 07:14:50,644 [Thread-426] INFO  impl.FollowerState (FollowerState.java:run(117)) - d2e56473-8267-4871-9849-be2e71e1a2dc@group-AFD3E3A39739-FollowerState was interrupted: java.lang.InterruptedException: sleep interrupted
2019-10-18 07:14:50,644 [ForkJoinPool.commonPool-worker-0] INFO  impl.StateMachineUpdater (StateMachineUpdater.java:stopAndJoin(136)) - d2e56473-8267-4871-9849-be2e71e1a2dc@group-AFD3E3A39739-StateMachineUpdater: set stopIndex = 0
2019-10-18 07:14:50,645 [ForkJoinPool.commonPool-worker-0] INFO  impl.RaftServerImpl (ServerState.java:close(388)) - d2e56473-8267-4871-9849-be2e71e1a2dc@group-AFD3E3A39739: closes. applyIndex: 0
2019-10-18 07:14:50,645 [d2e56473-8267-4871-9849-be2e71e1a2dc@group-AFD3E3A39739-SegmentedRaftLogWorker] INFO  segmented.SegmentedRaftLogWorker (SegmentedRaftLogWorker.java:run(316)) - d2e56473-8267-4871-9849-be2e71e1a2dc@group-AFD3E3A39739-SegmentedRaftLogWorker was interrupted, exiting. There are 0 tasks remaining in the queue.
2019-10-18 07:14:50,647 [ForkJoinPool.commonPool-worker-0] INFO  segmented.SegmentedRaftLogWorker (SegmentedRaftLogWorker.java:close(224)) - d2e56473-8267-4871-9849-be2e71e1a2dc@group-AFD3E3A39739-SegmentedRaftLogWorker close()
2019-10-18 07:14:50,650 [ForkJoinPool.commonPool-worker-0] INFO  server.GrpcService (GrpcService.java:closeImpl(164)) - d2e56473-8267-4871-9849-be2e71e1a2dc: shutdown server with port 35020 now
2019-10-18 07:14:50,653 [main] INFO  server.GrpcService (GrpcService.java:closeImpl(172)) - 5660bff8-81d7-4c91-ad16-c2423c1e0bda: shutdown server with port 36548 successfully
2019-10-18 07:14:50,656 [refreshUsed-/workdir/hadoop-ozone/integration-test/target/test-dir/MiniOzoneClusterImpl-f68115de-5278-4c94-9b3d-9176cb3c0071/datanode-4/data/containers] WARN  fs.CachingGetSpaceUsed (CachingGetSpaceUsed.java:run(183)) - Thread Interrupted waiting to refresh disk information: sleep interrupted
2019-10-18 07:14:50,656 [Thread-1973] INFO  impl.FollowerState (FollowerState.java:run(108)) - c52c3de9-0ed1-4f2b-ba1d-f317ceeb0ceb@group-20BE3FF63202-FollowerState: change to CANDIDATE, lastRpcTime:154ms, electionTimeout:154ms
2019-10-18 07:14:50,657 [Thread-1973] INFO  impl.RoleInfo (RoleInfo.java:shutdownFollowerState(121)) - c52c3de9-0ed1-4f2b-ba1d-f317ceeb0ceb: shutdown FollowerState
2019-10-18 07:14:50,657 [Thread-1973] INFO  impl.RaftServerImpl (RaftServerImpl.java:setRole(184)) - c52c3de9-0ed1-4f2b-ba1d-f317ceeb0ceb@group-20BE3FF63202: changes role from  FOLLOWER to CANDIDATE at term 270 for changeToCandidate
2019-10-18 07:14:50,657 [Thread-1973] INFO  impl.RoleInfo (RoleInfo.java:updateAndGet(143)) - c52c3de9-0ed1-4f2b-ba1d-f317ceeb0ceb: start LeaderElection
2019-10-18 07:14:50,659 [grpc-default-executor-2] WARN  server.GrpcServerProtocolService (LogUtils.java:warn(134)) - d2e56473-8267-4871-9849-be2e71e1a2dc: installSnapshot onError, lastRequest: f7ab671b-901b-4a48-a9a9-f6c73ab18394->d2e56473-8267-4871-9849-be2e71e1a2dc#24-t1, previous=(t:1, i:0), leaderCommit=0, initializing? false, entries: <empty>: org.apache.ratis.thirdparty.io.grpc.StatusRuntimeException: CANCELLED: cancelled before receiving half close
2019-10-18 07:14:50,666 [ForkJoinPool.commonPool-worker-0] INFO  server.GrpcService (GrpcService.java:closeImpl(172)) - d2e56473-8267-4871-9849-be2e71e1a2dc: shutdown server with port 35020 successfully
2019-10-18 07:14:50,666 [grpc-default-executor-5] WARN  server.GrpcLogAppender (LogUtils.java:warn(134)) - f7ab671b-901b-4a48-a9a9-f6c73ab18394@group-AFD3E3A39739->d2e56473-8267-4871-9849-be2e71e1a2dc-AppendLogResponseHandler: Failed appendEntries: org.apache.ratis.thirdparty.io.grpc.StatusRuntimeException: CANCELLED: HTTP/2 error code: CANCEL
Received Rst Stream
2019-10-18 07:14:50,668 [refreshUsed-/workdir/hadoop-ozone/integration-test/target/test-dir/MiniOzoneClusterImpl-f68115de-5278-4c94-9b3d-9176cb3c0071/datanode-1/data/containers] WARN  fs.CachingGetSpaceUsed (CachingGetSpaceUsed.java:run(183)) - Thread Interrupted waiting to refresh disk information: sleep interrupted
2019-10-18 07:14:50,684 [c52c3de9-0ed1-4f2b-ba1d-f317ceeb0ceb@group-20BE3FF63202-LeaderElection225] INFO  impl.LeaderElection (LeaderElection.java:askForVotes(178)) - c52c3de9-0ed1-4f2b-ba1d-f317ceeb0ceb@group-20BE3FF63202-LeaderElection225: begin an election at term 271 for -1: [24274e9f-e41f-4654-9afc-a783ca44e44b:192.168.69.67:35902, 988115cd-21c9-4558-b198-f2cedd98ccf3:192.168.69.67:44208, c52c3de9-0ed1-4f2b-ba1d-f317ceeb0ceb:192.168.69.67:37615], old=null
2019-10-18 07:14:50,687 [grpc-default-executor-2] INFO  impl.RaftServerImpl (RaftServerImpl.java:setRole(184)) - 24274e9f-e41f-4654-9afc-a783ca44e44b@group-20BE3FF63202: changes role from  FOLLOWER to FOLLOWER at term 271 for recognizeCandidate:c52c3de9-0ed1-4f2b-ba1d-f317ceeb0ceb
2019-10-18 07:14:50,687 [grpc-default-executor-2] INFO  impl.RoleInfo (RoleInfo.java:shutdownFollowerState(121)) - 24274e9f-e41f-4654-9afc-a783ca44e44b: shutdown FollowerState
2019-10-18 07:14:50,687 [grpc-default-executor-5] INFO  impl.RaftServerImpl (RaftServerImpl.java:setRole(184)) - 988115cd-21c9-4558-b198-f2cedd98ccf3@group-20BE3FF63202: changes role from  FOLLOWER to FOLLOWER at term 271 for recognizeCandidate:c52c3de9-0ed1-4f2b-ba1d-f317ceeb0ceb
2019-10-18 07:14:50,687 [grpc-default-executor-5] INFO  impl.RoleInfo (RoleInfo.java:shutdownFollowerState(121)) - 988115cd-21c9-4558-b198-f2cedd98ccf3: shutdown FollowerState
2019-10-18 07:14:50,687 [grpc-default-executor-2] INFO  impl.RoleInfo (RoleInfo.java:updateAndGet(143)) - 24274e9f-e41f-4654-9afc-a783ca44e44b: start FollowerState
2019-10-18 07:14:50,687 [Thread-1971] INFO  impl.FollowerState (FollowerState.java:run(117)) - 24274e9f-e41f-4654-9afc-a783ca44e44b@group-20BE3FF63202-FollowerState was interrupted: java.lang.InterruptedException: sleep interrupted
2019-10-18 07:14:50,688 [grpc-default-executor-5] INFO  impl.RoleInfo (RoleInfo.java:updateAndGet(143)) - 988115cd-21c9-4558-b198-f2cedd98ccf3: start FollowerState
2019-10-18 07:14:50,688 [Thread-1972] INFO  impl.FollowerState (FollowerState.java:run(117)) - 988115cd-21c9-4558-b198-f2cedd98ccf3@group-20BE3FF63202-FollowerState was interrupted: java.lang.InterruptedException: sleep interrupted
2019-10-18 07:14:50,693 [main] INFO  utils.BackgroundService (BackgroundService.java:shutdown(151)) - Shutting down service BlockDeletingService
2019-10-18 07:14:50,694 [ForkJoinPool.commonPool-worker-0] INFO  utils.BackgroundService (BackgroundService.java:shutdown(151)) - Shutting down service BlockDeletingService
2019-10-18 07:14:50,697 [ForkJoinPool.commonPool-worker-0] INFO  statemachine.DatanodeStateMachine (DatanodeStateMachine.java:stopDaemon(395)) - Ozone container server stopped.
2019-10-18 07:14:50,697 [main] INFO  statemachine.DatanodeStateMachine (DatanodeStateMachine.java:stopDaemon(395)) - Ozone container server stopped.
2019-10-18 07:14:50,702 [ForkJoinPool.commonPool-worker-0] INFO  handler.ContextHandler (ContextHandler.java:doStop(910)) - Stopped o.e.j.w.WebAppContext@1b1f5012{/,null,UNAVAILABLE}{/hddsDatanode}
2019-10-18 07:14:50,703 [main] INFO  handler.ContextHandler (ContextHandler.java:doStop(910)) - Stopped o.e.j.w.WebAppContext@10f7c76{/,null,UNAVAILABLE}{/hddsDatanode}
2019-10-18 07:14:50,703 [c52c3de9-0ed1-4f2b-ba1d-f317ceeb0ceb@group-20BE3FF63202-LeaderElection225] INFO  impl.LeaderElection (LeaderElection.java:logAndReturn(56)) - c52c3de9-0ed1-4f2b-ba1d-f317ceeb0ceb@group-20BE3FF63202-LeaderElection225: Election REJECTED; received 2 response(s) [c52c3de9-0ed1-4f2b-ba1d-f317ceeb0ceb<-24274e9f-e41f-4654-9afc-a783ca44e44b#0:FAIL-t271, c52c3de9-0ed1-4f2b-ba1d-f317ceeb0ceb<-988115cd-21c9-4558-b198-f2cedd98ccf3#0:FAIL-t271] and 0 exception(s); c52c3de9-0ed1-4f2b-ba1d-f317ceeb0ceb@group-20BE3FF63202:t271, leader=null, voted=c52c3de9-0ed1-4f2b-ba1d-f317ceeb0ceb, raftlog=c52c3de9-0ed1-4f2b-ba1d-f317ceeb0ceb@group-20BE3FF63202-SegmentedRaftLog:OPENED:c-1,f-1,i0, conf=-1: [24274e9f-e41f-4654-9afc-a783ca44e44b:192.168.69.67:35902, 988115cd-21c9-4558-b198-f2cedd98ccf3:192.168.69.67:44208, c52c3de9-0ed1-4f2b-ba1d-f317ceeb0ceb:192.168.69.67:37615], old=null
2019-10-18 07:14:50,703 [c52c3de9-0ed1-4f2b-ba1d-f317ceeb0ceb@group-20BE3FF63202-LeaderElection225] INFO  impl.RaftServerImpl (RaftServerImpl.java:setRole(184)) - c52c3de9-0ed1-4f2b-ba1d-f317ceeb0ceb@group-20BE3FF63202: changes role from CANDIDATE to FOLLOWER at term 271 for DISCOVERED_A_NEW_TERM
2019-10-18 07:14:50,703 [c52c3de9-0ed1-4f2b-ba1d-f317ceeb0ceb@group-20BE3FF63202-LeaderElection225] INFO  impl.RoleInfo (RoleInfo.java:shutdownLeaderElection(134)) - c52c3de9-0ed1-4f2b-ba1d-f317ceeb0ceb: shutdown LeaderElection
2019-10-18 07:14:50,703 [ForkJoinPool.commonPool-worker-0] INFO  server.AbstractConnector (AbstractConnector.java:doStop(318)) - Stopped ServerConnector@7add323c{HTTP/1.1,[http/1.1]}{0.0.0.0:0}
2019-10-18 07:14:50,704 [c52c3de9-0ed1-4f2b-ba1d-f317ceeb0ceb@group-20BE3FF63202-LeaderElection225] INFO  impl.RoleInfo (RoleInfo.java:updateAndGet(143)) - c52c3de9-0ed1-4f2b-ba1d-f317ceeb0ceb: start FollowerState
2019-10-18 07:14:50,705 [main] INFO  server.AbstractConnector (AbstractConnector.java:doStop(318)) - Stopped ServerConnector@4745e9c{HTTP/1.1,[http/1.1]}{0.0.0.0:0}
2019-10-18 07:14:50,705 [ForkJoinPool.commonPool-worker-0] INFO  handler.ContextHandler (ContextHandler.java:doStop(910)) - Stopped o.e.j.s.ServletContextHandler@2d9dff65{/static,jar:file:/home/user/.m2/repository/org/apache/hadoop/hadoop-hdds-container-service/0.5.0-SNAPSHOT/hadoop-hdds-container-service-0.5.0-SNAPSHOT.jar!/webapps/static,UNAVAILABLE}
2019-10-18 07:14:50,706 [main] INFO  handler.ContextHandler (ContextHandler.java:doStop(910)) - Stopped o.e.j.s.ServletContextHandler@54d8c20d{/static,jar:file:/home/user/.m2/repository/org/apache/hadoop/hadoop-hdds-container-service/0.5.0-SNAPSHOT/hadoop-hdds-container-service-0.5.0-SNAPSHOT.jar!/webapps/static,UNAVAILABLE}
2019-10-18 07:14:50,707 [ForkJoinPool.commonPool-worker-0] INFO  handler.ContextHandler (ContextHandler.java:doStop(910)) - Stopped o.e.j.s.ServletContextHandler@5b3a7ef5{/logs,file:///workdir/hadoop-ozone/integration-test/target/log,UNAVAILABLE}
2019-10-18 07:14:50,707 [main] INFO  handler.ContextHandler (ContextHandler.java:doStop(910)) - Stopped o.e.j.s.ServletContextHandler@799ed4e8{/logs,file:///workdir/hadoop-ozone/integration-test/target/log,UNAVAILABLE}
2019-10-18 07:14:50,747 [Thread-1979] INFO  impl.FollowerState (FollowerState.java:run(108)) - c52c3de9-0ed1-4f2b-ba1d-f317ceeb0ceb@group-20BE3FF63202-FollowerState: change to CANDIDATE, lastRpcTime:43ms, electionTimeout:42ms
2019-10-18 07:14:50,748 [Thread-1979] INFO  impl.RoleInfo (RoleInfo.java:shutdownFollowerState(121)) - c52c3de9-0ed1-4f2b-ba1d-f317ceeb0ceb: shutdown FollowerState
2019-10-18 07:14:50,748 [Thread-1979] INFO  impl.RaftServerImpl (RaftServerImpl.java:setRole(184)) - c52c3de9-0ed1-4f2b-ba1d-f317ceeb0ceb@group-20BE3FF63202: changes role from  FOLLOWER to CANDIDATE at term 271 for changeToCandidate
2019-10-18 07:14:50,748 [Thread-1979] INFO  impl.RoleInfo (RoleInfo.java:updateAndGet(143)) - c52c3de9-0ed1-4f2b-ba1d-f317ceeb0ceb: start LeaderElection
2019-10-18 07:14:50,757 [Datanode State Machine Thread - 0] INFO  statemachine.DatanodeStateMachine (DatanodeStateMachine.java:lambda$startDaemon$0(350)) - Ozone container server started.
2019-10-18 07:14:50,759 [Datanode State Machine Thread - 0] INFO  statemachine.DatanodeStateMachine (DatanodeStateMachine.java:lambda$startDaemon$0(350)) - Ozone container server started.
2019-10-18 07:14:50,774 [c52c3de9-0ed1-4f2b-ba1d-f317ceeb0ceb@group-20BE3FF63202-LeaderElection226] INFO  impl.LeaderElection (LeaderElection.java:askForVotes(178)) - c52c3de9-0ed1-4f2b-ba1d-f317ceeb0ceb@group-20BE3FF63202-LeaderElection226: begin an election at term 272 for -1: [24274e9f-e41f-4654-9afc-a783ca44e44b:192.168.69.67:35902, 988115cd-21c9-4558-b198-f2cedd98ccf3:192.168.69.67:44208, c52c3de9-0ed1-4f2b-ba1d-f317ceeb0ceb:192.168.69.67:37615], old=null
2019-10-18 07:14:50,776 [grpc-default-executor-5] INFO  impl.RaftServerImpl (RaftServerImpl.java:setRole(184)) - 24274e9f-e41f-4654-9afc-a783ca44e44b@group-20BE3FF63202: changes role from  FOLLOWER to FOLLOWER at term 272 for recognizeCandidate:c52c3de9-0ed1-4f2b-ba1d-f317ceeb0ceb
2019-10-18 07:14:50,776 [grpc-default-executor-2] INFO  impl.RaftServerImpl (RaftServerImpl.java:setRole(184)) - 988115cd-21c9-4558-b198-f2cedd98ccf3@group-20BE3FF63202: changes role from  FOLLOWER to FOLLOWER at term 272 for recognizeCandidate:c52c3de9-0ed1-4f2b-ba1d-f317ceeb0ceb
2019-10-18 07:14:50,776 [grpc-default-executor-5] INFO  impl.RoleInfo (RoleInfo.java:shutdownFollowerState(121)) - 24274e9f-e41f-4654-9afc-a783ca44e44b: shutdown FollowerState
2019-10-18 07:14:50,776 [grpc-default-executor-2] INFO  impl.RoleInfo (RoleInfo.java:shutdownFollowerState(121)) - 988115cd-21c9-4558-b198-f2cedd98ccf3: shutdown FollowerState
2019-10-18 07:14:50,777 [Thread-1977] INFO  impl.FollowerState (FollowerState.java:run(117)) - 24274e9f-e41f-4654-9afc-a783ca44e44b@group-20BE3FF63202-FollowerState was interrupted: java.lang.InterruptedException: sleep interrupted
2019-10-18 07:14:50,776 [grpc-default-executor-5] INFO  impl.RoleInfo (RoleInfo.java:updateAndGet(143)) - 24274e9f-e41f-4654-9afc-a783ca44e44b: start FollowerState
2019-10-18 07:14:50,777 [Thread-1978] INFO  impl.FollowerState (FollowerState.java:run(117)) - 988115cd-21c9-4558-b198-f2cedd98ccf3@group-20BE3FF63202-FollowerState was interrupted: java.lang.InterruptedException: sleep interrupted
2019-10-18 07:14:50,777 [grpc-default-executor-2] INFO  impl.RoleInfo (RoleInfo.java:updateAndGet(143)) - 988115cd-21c9-4558-b198-f2cedd98ccf3: start FollowerState
2019-10-18 07:14:50,791 [c52c3de9-0ed1-4f2b-ba1d-f317ceeb0ceb@group-20BE3FF63202-LeaderElection226] INFO  impl.LeaderElection (LeaderElection.java:logAndReturn(56)) - c52c3de9-0ed1-4f2b-ba1d-f317ceeb0ceb@group-20BE3FF63202-LeaderElection226: Election REJECTED; received 2 response(s) [c52c3de9-0ed1-4f2b-ba1d-f317ceeb0ceb<-24274e9f-e41f-4654-9afc-a783ca44e44b#0:FAIL-t272, c52c3de9-0ed1-4f2b-ba1d-f317ceeb0ceb<-988115cd-21c9-4558-b198-f2cedd98ccf3#0:FAIL-t272] and 0 exception(s); c52c3de9-0ed1-4f2b-ba1d-f317ceeb0ceb@group-20BE3FF63202:t272, leader=null, voted=c52c3de9-0ed1-4f2b-ba1d-f317ceeb0ceb, raftlog=c52c3de9-0ed1-4f2b-ba1d-f317ceeb0ceb@group-20BE3FF63202-SegmentedRaftLog:OPENED:c-1,f-1,i0, conf=-1: [24274e9f-e41f-4654-9afc-a783ca44e44b:192.168.69.67:35902, 988115cd-21c9-4558-b198-f2cedd98ccf3:192.168.69.67:44208, c52c3de9-0ed1-4f2b-ba1d-f317ceeb0ceb:192.168.69.67:37615], old=null
2019-10-18 07:14:50,792 [c52c3de9-0ed1-4f2b-ba1d-f317ceeb0ceb@group-20BE3FF63202-LeaderElection226] INFO  impl.RaftServerImpl (RaftServerImpl.java:setRole(184)) - c52c3de9-0ed1-4f2b-ba1d-f317ceeb0ceb@group-20BE3FF63202: changes role from CANDIDATE to FOLLOWER at term 272 for DISCOVERED_A_NEW_TERM
2019-10-18 07:14:50,792 [c52c3de9-0ed1-4f2b-ba1d-f317ceeb0ceb@group-20BE3FF63202-LeaderElection226] INFO  impl.RoleInfo (RoleInfo.java:shutdownLeaderElection(134)) - c52c3de9-0ed1-4f2b-ba1d-f317ceeb0ceb: shutdown LeaderElection
2019-10-18 07:14:50,792 [c52c3de9-0ed1-4f2b-ba1d-f317ceeb0ceb@group-20BE3FF63202-LeaderElection226] INFO  impl.RoleInfo (RoleInfo.java:updateAndGet(143)) - c52c3de9-0ed1-4f2b-ba1d-f317ceeb0ceb: start FollowerState
2019-10-18 07:14:50,936 [Thread-1985] INFO  impl.FollowerState (FollowerState.java:run(108)) - c52c3de9-0ed1-4f2b-ba1d-f317ceeb0ceb@group-20BE3FF63202-FollowerState: change to CANDIDATE, lastRpcTime:144ms, electionTimeout:144ms
2019-10-18 07:14:50,937 [Thread-1985] INFO  impl.RoleInfo (RoleInfo.java:shutdownFollowerState(121)) - c52c3de9-0ed1-4f2b-ba1d-f317ceeb0ceb: shutdown FollowerState
2019-10-18 07:14:50,937 [Thread-1985] INFO  impl.RaftServerImpl (RaftServerImpl.java:setRole(184)) - c52c3de9-0ed1-4f2b-ba1d-f317ceeb0ceb@group-20BE3FF63202: changes role from  FOLLOWER to CANDIDATE at term 272 for changeToCandidate
2019-10-18 07:14:50,937 [Thread-1985] INFO  impl.RoleInfo (RoleInfo.java:updateAndGet(143)) - c52c3de9-0ed1-4f2b-ba1d-f317ceeb0ceb: start LeaderElection
2019-10-18 07:14:50,951 [c52c3de9-0ed1-4f2b-ba1d-f317ceeb0ceb@group-20BE3FF63202-LeaderElection227] INFO  impl.LeaderElection (LeaderElection.java:askForVotes(178)) - c52c3de9-0ed1-4f2b-ba1d-f317ceeb0ceb@group-20BE3FF63202-LeaderElection227: begin an election at term 273 for -1: [24274e9f-e41f-4654-9afc-a783ca44e44b:192.168.69.67:35902, 988115cd-21c9-4558-b198-f2cedd98ccf3:192.168.69.67:44208, c52c3de9-0ed1-4f2b-ba1d-f317ceeb0ceb:192.168.69.67:37615], old=null
2019-10-18 07:14:50,954 [grpc-default-executor-5] INFO  impl.RaftServerImpl (RaftServerImpl.java:setRole(184)) - 988115cd-21c9-4558-b198-f2cedd98ccf3@group-20BE3FF63202: changes role from  FOLLOWER to FOLLOWER at term 273 for recognizeCandidate:c52c3de9-0ed1-4f2b-ba1d-f317ceeb0ceb
2019-10-18 07:14:50,954 [grpc-default-executor-5] INFO  impl.RoleInfo (RoleInfo.java:shutdownFollowerState(121)) - 988115cd-21c9-4558-b198-f2cedd98ccf3: shutdown FollowerState
2019-10-18 07:14:50,955 [grpc-default-executor-5] INFO  impl.RoleInfo (RoleInfo.java:updateAndGet(143)) - 988115cd-21c9-4558-b198-f2cedd98ccf3: start FollowerState
2019-10-18 07:14:50,955 [grpc-default-executor-2] INFO  impl.RaftServerImpl (RaftServerImpl.java:setRole(184)) - 24274e9f-e41f-4654-9afc-a783ca44e44b@group-20BE3FF63202: changes role from  FOLLOWER to FOLLOWER at term 273 for recognizeCandidate:c52c3de9-0ed1-4f2b-ba1d-f317ceeb0ceb
2019-10-18 07:14:50,955 [grpc-default-executor-2] INFO  impl.RoleInfo (RoleInfo.java:shutdownFollowerState(121)) - 24274e9f-e41f-4654-9afc-a783ca44e44b: shutdown FollowerState
2019-10-18 07:14:50,955 [Thread-1984] INFO  impl.FollowerState (FollowerState.java:run(117)) - 988115cd-21c9-4558-b198-f2cedd98ccf3@group-20BE3FF63202-FollowerState was interrupted: java.lang.InterruptedException: sleep interrupted
2019-10-18 07:14:50,955 [grpc-default-executor-2] INFO  impl.RoleInfo (RoleInfo.java:updateAndGet(143)) - 24274e9f-e41f-4654-9afc-a783ca44e44b: start FollowerState
2019-10-18 07:14:50,955 [Thread-1983] INFO  impl.FollowerState (FollowerState.java:run(117)) - 24274e9f-e41f-4654-9afc-a783ca44e44b@group-20BE3FF63202-FollowerState was interrupted: java.lang.InterruptedException: sleep interrupted
2019-10-18 07:14:50,976 [c52c3de9-0ed1-4f2b-ba1d-f317ceeb0ceb@group-20BE3FF63202-LeaderElection227] INFO  impl.LeaderElection (LeaderElection.java:logAndReturn(56)) - c52c3de9-0ed1-4f2b-ba1d-f317ceeb0ceb@group-20BE3FF63202-LeaderElection227: Election REJECTED; received 2 response(s) [c52c3de9-0ed1-4f2b-ba1d-f317ceeb0ceb<-24274e9f-e41f-4654-9afc-a783ca44e44b#0:FAIL-t273, c52c3de9-0ed1-4f2b-ba1d-f317ceeb0ceb<-988115cd-21c9-4558-b198-f2cedd98ccf3#0:FAIL-t273] and 0 exception(s); c52c3de9-0ed1-4f2b-ba1d-f317ceeb0ceb@group-20BE3FF63202:t273, leader=null, voted=c52c3de9-0ed1-4f2b-ba1d-f317ceeb0ceb, raftlog=c52c3de9-0ed1-4f2b-ba1d-f317ceeb0ceb@group-20BE3FF63202-SegmentedRaftLog:OPENED:c-1,f-1,i0, conf=-1: [24274e9f-e41f-4654-9afc-a783ca44e44b:192.168.69.67:35902, 988115cd-21c9-4558-b198-f2cedd98ccf3:192.168.69.67:44208, c52c3de9-0ed1-4f2b-ba1d-f317ceeb0ceb:192.168.69.67:37615], old=null
2019-10-18 07:14:50,976 [c52c3de9-0ed1-4f2b-ba1d-f317ceeb0ceb@group-20BE3FF63202-LeaderElection227] INFO  impl.RaftServerImpl (RaftServerImpl.java:setRole(184)) - c52c3de9-0ed1-4f2b-ba1d-f317ceeb0ceb@group-20BE3FF63202: changes role from CANDIDATE to FOLLOWER at term 273 for DISCOVERED_A_NEW_TERM
2019-10-18 07:14:50,976 [c52c3de9-0ed1-4f2b-ba1d-f317ceeb0ceb@group-20BE3FF63202-LeaderElection227] INFO  impl.RoleInfo (RoleInfo.java:shutdownLeaderElection(134)) - c52c3de9-0ed1-4f2b-ba1d-f317ceeb0ceb: shutdown LeaderElection
2019-10-18 07:14:50,976 [c52c3de9-0ed1-4f2b-ba1d-f317ceeb0ceb@group-20BE3FF63202-LeaderElection227] INFO  impl.RoleInfo (RoleInfo.java:updateAndGet(143)) - c52c3de9-0ed1-4f2b-ba1d-f317ceeb0ceb: start FollowerState
2019-10-18 07:14:51,063 [Thread-1991] INFO  impl.FollowerState (FollowerState.java:run(108)) - c52c3de9-0ed1-4f2b-ba1d-f317ceeb0ceb@group-20BE3FF63202-FollowerState: change to CANDIDATE, lastRpcTime:86ms, electionTimeout:86ms
2019-10-18 07:14:51,063 [Thread-1991] INFO  impl.RoleInfo (RoleInfo.java:shutdownFollowerState(121)) - c52c3de9-0ed1-4f2b-ba1d-f317ceeb0ceb: shutdown FollowerState
2019-10-18 07:14:51,063 [Thread-1991] INFO  impl.RaftServerImpl (RaftServerImpl.java:setRole(184)) - c52c3de9-0ed1-4f2b-ba1d-f317ceeb0ceb@group-20BE3FF63202: changes role from  FOLLOWER to CANDIDATE at term 273 for changeToCandidate
2019-10-18 07:14:51,063 [Thread-1991] INFO  impl.RoleInfo (RoleInfo.java:updateAndGet(143)) - c52c3de9-0ed1-4f2b-ba1d-f317ceeb0ceb: start LeaderElection
2019-10-18 07:14:51,076 [c52c3de9-0ed1-4f2b-ba1d-f317ceeb0ceb@group-20BE3FF63202-LeaderElection228] INFO  impl.LeaderElection (LeaderElection.java:askForVotes(178)) - c52c3de9-0ed1-4f2b-ba1d-f317ceeb0ceb@group-20BE3FF63202-LeaderElection228: begin an election at term 274 for -1: [24274e9f-e41f-4654-9afc-a783ca44e44b:192.168.69.67:35902, 988115cd-21c9-4558-b198-f2cedd98ccf3:192.168.69.67:44208, c52c3de9-0ed1-4f2b-ba1d-f317ceeb0ceb:192.168.69.67:37615], old=null
2019-10-18 07:14:51,079 [grpc-default-executor-5] INFO  impl.RaftServerImpl (RaftServerImpl.java:setRole(184)) - 24274e9f-e41f-4654-9afc-a783ca44e44b@group-20BE3FF63202: changes role from  FOLLOWER to FOLLOWER at term 274 for recognizeCandidate:c52c3de9-0ed1-4f2b-ba1d-f317ceeb0ceb
2019-10-18 07:14:51,079 [grpc-default-executor-5] INFO  impl.RoleInfo (RoleInfo.java:shutdownFollowerState(121)) - 24274e9f-e41f-4654-9afc-a783ca44e44b: shutdown FollowerState
2019-10-18 07:14:51,079 [grpc-default-executor-2] INFO  impl.RaftServerImpl (RaftServerImpl.java:setRole(184)) - 988115cd-21c9-4558-b198-f2cedd98ccf3@group-20BE3FF63202: changes role from  FOLLOWER to FOLLOWER at term 274 for recognizeCandidate:c52c3de9-0ed1-4f2b-ba1d-f317ceeb0ceb
2019-10-18 07:14:51,079 [grpc-default-executor-2] INFO  impl.RoleInfo (RoleInfo.java:shutdownFollowerState(121)) - 988115cd-21c9-4558-b198-f2cedd98ccf3: shutdown FollowerState
2019-10-18 07:14:51,079 [Thread-1990] INFO  impl.FollowerState (FollowerState.java:run(117)) - 24274e9f-e41f-4654-9afc-a783ca44e44b@group-20BE3FF63202-FollowerState was interrupted: java.lang.InterruptedException: sleep interrupted
2019-10-18 07:14:51,079 [grpc-default-executor-5] INFO  impl.RoleInfo (RoleInfo.java:updateAndGet(143)) - 24274e9f-e41f-4654-9afc-a783ca44e44b: start FollowerState
2019-10-18 07:14:51,079 [Thread-1989] INFO  impl.FollowerState (FollowerState.java:run(117)) - 988115cd-21c9-4558-b198-f2cedd98ccf3@group-20BE3FF63202-FollowerState was interrupted: java.lang.InterruptedException: sleep interrupted
2019-10-18 07:14:51,079 [grpc-default-executor-2] INFO  impl.RoleInfo (RoleInfo.java:updateAndGet(143)) - 988115cd-21c9-4558-b198-f2cedd98ccf3: start FollowerState
2019-10-18 07:14:51,095 [c52c3de9-0ed1-4f2b-ba1d-f317ceeb0ceb@group-20BE3FF63202-LeaderElection228] INFO  impl.LeaderElection (LeaderElection.java:logAndReturn(56)) - c52c3de9-0ed1-4f2b-ba1d-f317ceeb0ceb@group-20BE3FF63202-LeaderElection228: Election REJECTED; received 2 response(s) [c52c3de9-0ed1-4f2b-ba1d-f317ceeb0ceb<-24274e9f-e41f-4654-9afc-a783ca44e44b#0:FAIL-t274, c52c3de9-0ed1-4f2b-ba1d-f317ceeb0ceb<-988115cd-21c9-4558-b198-f2cedd98ccf3#0:FAIL-t274] and 0 exception(s); c52c3de9-0ed1-4f2b-ba1d-f317ceeb0ceb@group-20BE3FF63202:t274, leader=null, voted=c52c3de9-0ed1-4f2b-ba1d-f317ceeb0ceb, raftlog=c52c3de9-0ed1-4f2b-ba1d-f317ceeb0ceb@group-20BE3FF63202-SegmentedRaftLog:OPENED:c-1,f-1,i0, conf=-1: [24274e9f-e41f-4654-9afc-a783ca44e44b:192.168.69.67:35902, 988115cd-21c9-4558-b198-f2cedd98ccf3:192.168.69.67:44208, c52c3de9-0ed1-4f2b-ba1d-f317ceeb0ceb:192.168.69.67:37615], old=null
2019-10-18 07:14:51,095 [c52c3de9-0ed1-4f2b-ba1d-f317ceeb0ceb@group-20BE3FF63202-LeaderElection228] INFO  impl.RaftServerImpl (RaftServerImpl.java:setRole(184)) - c52c3de9-0ed1-4f2b-ba1d-f317ceeb0ceb@group-20BE3FF63202: changes role from CANDIDATE to FOLLOWER at term 274 for DISCOVERED_A_NEW_TERM
2019-10-18 07:14:51,096 [c52c3de9-0ed1-4f2b-ba1d-f317ceeb0ceb@group-20BE3FF63202-LeaderElection228] INFO  impl.RoleInfo (RoleInfo.java:shutdownLeaderElection(134)) - c52c3de9-0ed1-4f2b-ba1d-f317ceeb0ceb: shutdown LeaderElection
2019-10-18 07:14:51,096 [c52c3de9-0ed1-4f2b-ba1d-f317ceeb0ceb@group-20BE3FF63202-LeaderElection228] INFO  impl.RoleInfo (RoleInfo.java:updateAndGet(143)) - c52c3de9-0ed1-4f2b-ba1d-f317ceeb0ceb: start FollowerState
2019-10-18 07:14:51,216 [Thread-1997] INFO  impl.FollowerState (FollowerState.java:run(108)) - c52c3de9-0ed1-4f2b-ba1d-f317ceeb0ceb@group-20BE3FF63202-FollowerState: change to CANDIDATE, lastRpcTime:120ms, electionTimeout:120ms
2019-10-18 07:14:51,217 [Thread-1997] INFO  impl.RoleInfo (RoleInfo.java:shutdownFollowerState(121)) - c52c3de9-0ed1-4f2b-ba1d-f317ceeb0ceb: shutdown FollowerState
2019-10-18 07:14:51,217 [Thread-1997] INFO  impl.RaftServerImpl (RaftServerImpl.java:setRole(184)) - c52c3de9-0ed1-4f2b-ba1d-f317ceeb0ceb@group-20BE3FF63202: changes role from  FOLLOWER to CANDIDATE at term 274 for changeToCandidate
2019-10-18 07:14:51,217 [Thread-1997] INFO  impl.RoleInfo (RoleInfo.java:updateAndGet(143)) - c52c3de9-0ed1-4f2b-ba1d-f317ceeb0ceb: start LeaderElection
2019-10-18 07:14:51,231 [c52c3de9-0ed1-4f2b-ba1d-f317ceeb0ceb@group-20BE3FF63202-LeaderElection229] INFO  impl.LeaderElection (LeaderElection.java:askForVotes(178)) - c52c3de9-0ed1-4f2b-ba1d-f317ceeb0ceb@group-20BE3FF63202-LeaderElection229: begin an election at term 275 for -1: [24274e9f-e41f-4654-9afc-a783ca44e44b:192.168.69.67:35902, 988115cd-21c9-4558-b198-f2cedd98ccf3:192.168.69.67:44208, c52c3de9-0ed1-4f2b-ba1d-f317ceeb0ceb:192.168.69.67:37615], old=null
2019-10-18 07:14:51,233 [grpc-default-executor-5] INFO  impl.RaftServerImpl (RaftServerImpl.java:setRole(184)) - 24274e9f-e41f-4654-9afc-a783ca44e44b@group-20BE3FF63202: changes role from  FOLLOWER to FOLLOWER at term 275 for recognizeCandidate:c52c3de9-0ed1-4f2b-ba1d-f317ceeb0ceb
2019-10-18 07:14:51,233 [grpc-default-executor-5] INFO  impl.RoleInfo (RoleInfo.java:shutdownFollowerState(121)) - 24274e9f-e41f-4654-9afc-a783ca44e44b: shutdown FollowerState
2019-10-18 07:14:51,233 [grpc-default-executor-5] INFO  impl.RoleInfo (RoleInfo.java:updateAndGet(143)) - 24274e9f-e41f-4654-9afc-a783ca44e44b: start FollowerState
2019-10-18 07:14:51,233 [grpc-default-executor-2] INFO  impl.RaftServerImpl (RaftServerImpl.java:setRole(184)) - 988115cd-21c9-4558-b198-f2cedd98ccf3@group-20BE3FF63202: changes role from  FOLLOWER to FOLLOWER at term 275 for recognizeCandidate:c52c3de9-0ed1-4f2b-ba1d-f317ceeb0ceb
2019-10-18 07:14:51,234 [grpc-default-executor-2] INFO  impl.RoleInfo (RoleInfo.java:shutdownFollowerState(121)) - 988115cd-21c9-4558-b198-f2cedd98ccf3: shutdown FollowerState
2019-10-18 07:14:51,233 [Thread-1995] INFO  impl.FollowerState (FollowerState.java:run(117)) - 24274e9f-e41f-4654-9afc-a783ca44e44b@group-20BE3FF63202-FollowerState was interrupted: java.lang.InterruptedException: sleep interrupted
2019-10-18 07:14:51,234 [Thread-1996] INFO  impl.FollowerState (FollowerState.java:run(117)) - 988115cd-21c9-4558-b198-f2cedd98ccf3@group-20BE3FF63202-FollowerState was interrupted: java.lang.InterruptedException: sleep interrupted
2019-10-18 07:14:51,234 [grpc-default-executor-2] INFO  impl.RoleInfo (RoleInfo.java:updateAndGet(143)) - 988115cd-21c9-4558-b198-f2cedd98ccf3: start FollowerState
2019-10-18 07:14:51,260 [c52c3de9-0ed1-4f2b-ba1d-f317ceeb0ceb@group-20BE3FF63202-LeaderElection229] INFO  impl.LeaderElection (LeaderElection.java:logAndReturn(56)) - c52c3de9-0ed1-4f2b-ba1d-f317ceeb0ceb@group-20BE3FF63202-LeaderElection229: Election REJECTED; received 2 response(s) [c52c3de9-0ed1-4f2b-ba1d-f317ceeb0ceb<-24274e9f-e41f-4654-9afc-a783ca44e44b#0:FAIL-t275, c52c3de9-0ed1-4f2b-ba1d-f317ceeb0ceb<-988115cd-21c9-4558-b198-f2cedd98ccf3#0:FAIL-t275] and 0 exception(s); c52c3de9-0ed1-4f2b-ba1d-f317ceeb0ceb@group-20BE3FF63202:t275, leader=null, voted=c52c3de9-0ed1-4f2b-ba1d-f317ceeb0ceb, raftlog=c52c3de9-0ed1-4f2b-ba1d-f317ceeb0ceb@group-20BE3FF63202-SegmentedRaftLog:OPENED:c-1,f-1,i0, conf=-1: [24274e9f-e41f-4654-9afc-a783ca44e44b:192.168.69.67:35902, 988115cd-21c9-4558-b198-f2cedd98ccf3:192.168.69.67:44208, c52c3de9-0ed1-4f2b-ba1d-f317ceeb0ceb:192.168.69.67:37615], old=null
2019-10-18 07:14:51,260 [c52c3de9-0ed1-4f2b-ba1d-f317ceeb0ceb@group-20BE3FF63202-LeaderElection229] INFO  impl.RaftServerImpl (RaftServerImpl.java:setRole(184)) - c52c3de9-0ed1-4f2b-ba1d-f317ceeb0ceb@group-20BE3FF63202: changes role from CANDIDATE to FOLLOWER at term 275 for DISCOVERED_A_NEW_TERM
2019-10-18 07:14:51,260 [c52c3de9-0ed1-4f2b-ba1d-f317ceeb0ceb@group-20BE3FF63202-LeaderElection229] INFO  impl.RoleInfo (RoleInfo.java:shutdownLeaderElection(134)) - c52c3de9-0ed1-4f2b-ba1d-f317ceeb0ceb: shutdown LeaderElection
2019-10-18 07:14:51,260 [c52c3de9-0ed1-4f2b-ba1d-f317ceeb0ceb@group-20BE3FF63202-LeaderElection229] INFO  impl.RoleInfo (RoleInfo.java:updateAndGet(143)) - c52c3de9-0ed1-4f2b-ba1d-f317ceeb0ceb: start FollowerState
2019-10-18 07:14:51,271 [Thread-2003] INFO  impl.FollowerState (FollowerState.java:run(108)) - c52c3de9-0ed1-4f2b-ba1d-f317ceeb0ceb@group-20BE3FF63202-FollowerState: change to CANDIDATE, lastRpcTime:10ms, electionTimeout:10ms
2019-10-18 07:14:51,271 [Thread-2003] INFO  impl.RoleInfo (RoleInfo.java:shutdownFollowerState(121)) - c52c3de9-0ed1-4f2b-ba1d-f317ceeb0ceb: shutdown FollowerState
2019-10-18 07:14:51,271 [Thread-2003] INFO  impl.RaftServerImpl (RaftServerImpl.java:setRole(184)) - c52c3de9-0ed1-4f2b-ba1d-f317ceeb0ceb@group-20BE3FF63202: changes role from  FOLLOWER to CANDIDATE at term 275 for changeToCandidate
2019-10-18 07:14:51,271 [Thread-2003] INFO  impl.RoleInfo (RoleInfo.java:updateAndGet(143)) - c52c3de9-0ed1-4f2b-ba1d-f317ceeb0ceb: start LeaderElection
2019-10-18 07:14:51,285 [c52c3de9-0ed1-4f2b-ba1d-f317ceeb0ceb@group-20BE3FF63202-LeaderElection230] INFO  impl.LeaderElection (LeaderElection.java:askForVotes(178)) - c52c3de9-0ed1-4f2b-ba1d-f317ceeb0ceb@group-20BE3FF63202-LeaderElection230: begin an election at term 276 for -1: [24274e9f-e41f-4654-9afc-a783ca44e44b:192.168.69.67:35902, 988115cd-21c9-4558-b198-f2cedd98ccf3:192.168.69.67:44208, c52c3de9-0ed1-4f2b-ba1d-f317ceeb0ceb:192.168.69.67:37615], old=null
2019-10-18 07:14:51,287 [grpc-default-executor-5] INFO  impl.RaftServerImpl (RaftServerImpl.java:setRole(184)) - 988115cd-21c9-4558-b198-f2cedd98ccf3@group-20BE3FF63202: changes role from  FOLLOWER to FOLLOWER at term 276 for recognizeCandidate:c52c3de9-0ed1-4f2b-ba1d-f317ceeb0ceb
2019-10-18 07:14:51,288 [grpc-default-executor-5] INFO  impl.RoleInfo (RoleInfo.java:shutdownFollowerState(121)) - 988115cd-21c9-4558-b198-f2cedd98ccf3: shutdown FollowerState
2019-10-18 07:14:51,287 [grpc-default-executor-2] INFO  impl.RaftServerImpl (RaftServerImpl.java:setRole(184)) - 24274e9f-e41f-4654-9afc-a783ca44e44b@group-20BE3FF63202: changes role from  FOLLOWER to FOLLOWER at term 276 for recognizeCandidate:c52c3de9-0ed1-4f2b-ba1d-f317ceeb0ceb
2019-10-18 07:14:51,288 [Thread-2002] INFO  impl.FollowerState (FollowerState.java:run(117)) - 988115cd-21c9-4558-b198-f2cedd98ccf3@group-20BE3FF63202-FollowerState was interrupted: java.lang.InterruptedException: sleep interrupted
2019-10-18 07:14:51,288 [grpc-default-executor-5] INFO  impl.RoleInfo (RoleInfo.java:updateAndGet(143)) - 988115cd-21c9-4558-b198-f2cedd98ccf3: start FollowerState
2019-10-18 07:14:51,288 [grpc-default-executor-2] INFO  impl.RoleInfo (RoleInfo.java:shutdownFollowerState(121)) - 24274e9f-e41f-4654-9afc-a783ca44e44b: shutdown FollowerState
2019-10-18 07:14:51,289 [grpc-default-executor-2] INFO  impl.RoleInfo (RoleInfo.java:updateAndGet(143)) - 24274e9f-e41f-4654-9afc-a783ca44e44b: start FollowerState
2019-10-18 07:14:51,289 [Thread-2001] INFO  impl.FollowerState (FollowerState.java:run(117)) - 24274e9f-e41f-4654-9afc-a783ca44e44b@group-20BE3FF63202-FollowerState was interrupted: java.lang.InterruptedException: sleep interrupted
2019-10-18 07:14:51,304 [c52c3de9-0ed1-4f2b-ba1d-f317ceeb0ceb@group-20BE3FF63202-LeaderElection230] INFO  impl.LeaderElection (LeaderElection.java:logAndReturn(56)) - c52c3de9-0ed1-4f2b-ba1d-f317ceeb0ceb@group-20BE3FF63202-LeaderElection230: Election REJECTED; received 2 response(s) [c52c3de9-0ed1-4f2b-ba1d-f317ceeb0ceb<-24274e9f-e41f-4654-9afc-a783ca44e44b#0:FAIL-t276, c52c3de9-0ed1-4f2b-ba1d-f317ceeb0ceb<-988115cd-21c9-4558-b198-f2cedd98ccf3#0:FAIL-t276] and 0 exception(s); c52c3de9-0ed1-4f2b-ba1d-f317ceeb0ceb@group-20BE3FF63202:t276, leader=null, voted=c52c3de9-0ed1-4f2b-ba1d-f317ceeb0ceb, raftlog=c52c3de9-0ed1-4f2b-ba1d-f317ceeb0ceb@group-20BE3FF63202-SegmentedRaftLog:OPENED:c-1,f-1,i0, conf=-1: [24274e9f-e41f-4654-9afc-a783ca44e44b:192.168.69.67:35902, 988115cd-21c9-4558-b198-f2cedd98ccf3:192.168.69.67:44208, c52c3de9-0ed1-4f2b-ba1d-f317ceeb0ceb:192.168.69.67:37615], old=null
2019-10-18 07:14:51,305 [c52c3de9-0ed1-4f2b-ba1d-f317ceeb0ceb@group-20BE3FF63202-LeaderElection230] INFO  impl.RaftServerImpl (RaftServerImpl.java:setRole(184)) - c52c3de9-0ed1-4f2b-ba1d-f317ceeb0ceb@group-20BE3FF63202: changes role from CANDIDATE to FOLLOWER at term 276 for DISCOVERED_A_NEW_TERM
2019-10-18 07:14:51,305 [c52c3de9-0ed1-4f2b-ba1d-f317ceeb0ceb@group-20BE3FF63202-LeaderElection230] INFO  impl.RoleInfo (RoleInfo.java:shutdownLeaderElection(134)) - c52c3de9-0ed1-4f2b-ba1d-f317ceeb0ceb: shutdown LeaderElection
2019-10-18 07:14:51,305 [c52c3de9-0ed1-4f2b-ba1d-f317ceeb0ceb@group-20BE3FF63202-LeaderElection230] INFO  impl.RoleInfo (RoleInfo.java:updateAndGet(143)) - c52c3de9-0ed1-4f2b-ba1d-f317ceeb0ceb: start FollowerState
2019-10-18 07:14:51,439 [Thread-2009] INFO  impl.FollowerState (FollowerState.java:run(108)) - c52c3de9-0ed1-4f2b-ba1d-f317ceeb0ceb@group-20BE3FF63202-FollowerState: change to CANDIDATE, lastRpcTime:133ms, electionTimeout:133ms
2019-10-18 07:14:51,439 [Thread-2009] INFO  impl.RoleInfo (RoleInfo.java:shutdownFollowerState(121)) - c52c3de9-0ed1-4f2b-ba1d-f317ceeb0ceb: shutdown FollowerState
2019-10-18 07:14:51,439 [Thread-2009] INFO  impl.RaftServerImpl (RaftServerImpl.java:setRole(184)) - c52c3de9-0ed1-4f2b-ba1d-f317ceeb0ceb@group-20BE3FF63202: changes role from  FOLLOWER to CANDIDATE at term 276 for changeToCandidate
2019-10-18 07:14:51,439 [Thread-2009] INFO  impl.RoleInfo (RoleInfo.java:updateAndGet(143)) - c52c3de9-0ed1-4f2b-ba1d-f317ceeb0ceb: start LeaderElection
2019-10-18 07:14:51,453 [c52c3de9-0ed1-4f2b-ba1d-f317ceeb0ceb@group-20BE3FF63202-LeaderElection231] INFO  impl.LeaderElection (LeaderElection.java:askForVotes(178)) - c52c3de9-0ed1-4f2b-ba1d-f317ceeb0ceb@group-20BE3FF63202-LeaderElection231: begin an election at term 277 for -1: [24274e9f-e41f-4654-9afc-a783ca44e44b:192.168.69.67:35902, 988115cd-21c9-4558-b198-f2cedd98ccf3:192.168.69.67:44208, c52c3de9-0ed1-4f2b-ba1d-f317ceeb0ceb:192.168.69.67:37615], old=null
2019-10-18 07:14:51,454 [grpc-default-executor-2] INFO  impl.RaftServerImpl (RaftServerImpl.java:setRole(184)) - 24274e9f-e41f-4654-9afc-a783ca44e44b@group-20BE3FF63202: changes role from  FOLLOWER to FOLLOWER at term 277 for recognizeCandidate:c52c3de9-0ed1-4f2b-ba1d-f317ceeb0ceb
2019-10-18 07:14:51,454 [grpc-default-executor-5] INFO  impl.RaftServerImpl (RaftServerImpl.java:setRole(184)) - 988115cd-21c9-4558-b198-f2cedd98ccf3@group-20BE3FF63202: changes role from  FOLLOWER to FOLLOWER at term 277 for recognizeCandidate:c52c3de9-0ed1-4f2b-ba1d-f317ceeb0ceb
2019-10-18 07:14:51,455 [grpc-default-executor-2] INFO  impl.RoleInfo (RoleInfo.java:shutdownFollowerState(121)) - 24274e9f-e41f-4654-9afc-a783ca44e44b: shutdown FollowerState
2019-10-18 07:14:51,455 [grpc-default-executor-5] INFO  impl.RoleInfo (RoleInfo.java:shutdownFollowerState(121)) - 988115cd-21c9-4558-b198-f2cedd98ccf3: shutdown FollowerState
2019-10-18 07:14:51,455 [grpc-default-executor-2] INFO  impl.RoleInfo (RoleInfo.java:updateAndGet(143)) - 24274e9f-e41f-4654-9afc-a783ca44e44b: start FollowerState
2019-10-18 07:14:51,455 [Thread-2008] INFO  impl.FollowerState (FollowerState.java:run(117)) - 24274e9f-e41f-4654-9afc-a783ca44e44b@group-20BE3FF63202-FollowerState was interrupted: java.lang.InterruptedException: sleep interrupted
2019-10-18 07:14:51,455 [Thread-2007] INFO  impl.FollowerState (FollowerState.java:run(117)) - 988115cd-21c9-4558-b198-f2cedd98ccf3@group-20BE3FF63202-FollowerState was interrupted: java.lang.InterruptedException: sleep interrupted
2019-10-18 07:14:51,455 [grpc-default-executor-5] INFO  impl.RoleInfo (RoleInfo.java:updateAndGet(143)) - 988115cd-21c9-4558-b198-f2cedd98ccf3: start FollowerState
2019-10-18 07:14:51,470 [c52c3de9-0ed1-4f2b-ba1d-f317ceeb0ceb@group-20BE3FF63202-LeaderElection231] INFO  impl.LeaderElection (LeaderElection.java:logAndReturn(56)) - c52c3de9-0ed1-4f2b-ba1d-f317ceeb0ceb@group-20BE3FF63202-LeaderElection231: Election REJECTED; received 2 response(s) [c52c3de9-0ed1-4f2b-ba1d-f317ceeb0ceb<-24274e9f-e41f-4654-9afc-a783ca44e44b#0:FAIL-t277, c52c3de9-0ed1-4f2b-ba1d-f317ceeb0ceb<-988115cd-21c9-4558-b198-f2cedd98ccf3#0:FAIL-t277] and 0 exception(s); c52c3de9-0ed1-4f2b-ba1d-f317ceeb0ceb@group-20BE3FF63202:t277, leader=null, voted=c52c3de9-0ed1-4f2b-ba1d-f317ceeb0ceb, raftlog=c52c3de9-0ed1-4f2b-ba1d-f317ceeb0ceb@group-20BE3FF63202-SegmentedRaftLog:OPENED:c-1,f-1,i0, conf=-1: [24274e9f-e41f-4654-9afc-a783ca44e44b:192.168.69.67:35902, 988115cd-21c9-4558-b198-f2cedd98ccf3:192.168.69.67:44208, c52c3de9-0ed1-4f2b-ba1d-f317ceeb0ceb:192.168.69.67:37615], old=null
2019-10-18 07:14:51,471 [c52c3de9-0ed1-4f2b-ba1d-f317ceeb0ceb@group-20BE3FF63202-LeaderElection231] INFO  impl.RaftServerImpl (RaftServerImpl.java:setRole(184)) - c52c3de9-0ed1-4f2b-ba1d-f317ceeb0ceb@group-20BE3FF63202: changes role from CANDIDATE to FOLLOWER at term 277 for DISCOVERED_A_NEW_TERM
2019-10-18 07:14:51,471 [c52c3de9-0ed1-4f2b-ba1d-f317ceeb0ceb@group-20BE3FF63202-LeaderElection231] INFO  impl.RoleInfo (RoleInfo.java:shutdownLeaderElection(134)) - c52c3de9-0ed1-4f2b-ba1d-f317ceeb0ceb: shutdown LeaderElection
2019-10-18 07:14:51,471 [c52c3de9-0ed1-4f2b-ba1d-f317ceeb0ceb@group-20BE3FF63202-LeaderElection231] INFO  impl.RoleInfo (RoleInfo.java:updateAndGet(143)) - c52c3de9-0ed1-4f2b-ba1d-f317ceeb0ceb: start FollowerState
2019-10-18 07:14:51,533 [Thread-2015] INFO  impl.FollowerState (FollowerState.java:run(108)) - c52c3de9-0ed1-4f2b-ba1d-f317ceeb0ceb@group-20BE3FF63202-FollowerState: change to CANDIDATE, lastRpcTime:62ms, electionTimeout:62ms
2019-10-18 07:14:51,533 [Thread-2015] INFO  impl.RoleInfo (RoleInfo.java:shutdownFollowerState(121)) - c52c3de9-0ed1-4f2b-ba1d-f317ceeb0ceb: shutdown FollowerState
2019-10-18 07:14:51,533 [Thread-2015] INFO  impl.RaftServerImpl (RaftServerImpl.java:setRole(184)) - c52c3de9-0ed1-4f2b-ba1d-f317ceeb0ceb@group-20BE3FF63202: changes role from  FOLLOWER to CANDIDATE at term 277 for changeToCandidate
2019-10-18 07:14:51,534 [Thread-2015] INFO  impl.RoleInfo (RoleInfo.java:updateAndGet(143)) - c52c3de9-0ed1-4f2b-ba1d-f317ceeb0ceb: start LeaderElection
2019-10-18 07:14:51,547 [c52c3de9-0ed1-4f2b-ba1d-f317ceeb0ceb@group-20BE3FF63202-LeaderElection232] INFO  impl.LeaderElection (LeaderElection.java:askForVotes(178)) - c52c3de9-0ed1-4f2b-ba1d-f317ceeb0ceb@group-20BE3FF63202-LeaderElection232: begin an election at term 278 for -1: [24274e9f-e41f-4654-9afc-a783ca44e44b:192.168.69.67:35902, 988115cd-21c9-4558-b198-f2cedd98ccf3:192.168.69.67:44208, c52c3de9-0ed1-4f2b-ba1d-f317ceeb0ceb:192.168.69.67:37615], old=null
2019-10-18 07:14:51,550 [grpc-default-executor-2] INFO  impl.RaftServerImpl (RaftServerImpl.java:setRole(184)) - 24274e9f-e41f-4654-9afc-a783ca44e44b@group-20BE3FF63202: changes role from  FOLLOWER to FOLLOWER at term 278 for recognizeCandidate:c52c3de9-0ed1-4f2b-ba1d-f317ceeb0ceb
2019-10-18 07:14:51,550 [grpc-default-executor-5] INFO  impl.RaftServerImpl (RaftServerImpl.java:setRole(184)) - 988115cd-21c9-4558-b198-f2cedd98ccf3@group-20BE3FF63202: changes role from  FOLLOWER to FOLLOWER at term 278 for recognizeCandidate:c52c3de9-0ed1-4f2b-ba1d-f317ceeb0ceb
2019-10-18 07:14:51,550 [grpc-default-executor-5] INFO  impl.RoleInfo (RoleInfo.java:shutdownFollowerState(121)) - 988115cd-21c9-4558-b198-f2cedd98ccf3: shutdown FollowerState
2019-10-18 07:14:51,550 [grpc-default-executor-2] INFO  impl.RoleInfo (RoleInfo.java:shutdownFollowerState(121)) - 24274e9f-e41f-4654-9afc-a783ca44e44b: shutdown FollowerState
2019-10-18 07:14:51,550 [Thread-2014] INFO  impl.FollowerState (FollowerState.java:run(117)) - 988115cd-21c9-4558-b198-f2cedd98ccf3@group-20BE3FF63202-FollowerState was interrupted: java.lang.InterruptedException: sleep interrupted
2019-10-18 07:14:51,550 [grpc-default-executor-5] INFO  impl.RoleInfo (RoleInfo.java:updateAndGet(143)) - 988115cd-21c9-4558-b198-f2cedd98ccf3: start FollowerState
2019-10-18 07:14:51,550 [grpc-default-executor-2] INFO  impl.RoleInfo (RoleInfo.java:updateAndGet(143)) - 24274e9f-e41f-4654-9afc-a783ca44e44b: start FollowerState
2019-10-18 07:14:51,550 [Thread-2013] INFO  impl.FollowerState (FollowerState.java:run(117)) - 24274e9f-e41f-4654-9afc-a783ca44e44b@group-20BE3FF63202-FollowerState was interrupted: java.lang.InterruptedException: sleep interrupted
2019-10-18 07:14:51,565 [c52c3de9-0ed1-4f2b-ba1d-f317ceeb0ceb@group-20BE3FF63202-LeaderElection232] INFO  impl.LeaderElection (LeaderElection.java:logAndReturn(56)) - c52c3de9-0ed1-4f2b-ba1d-f317ceeb0ceb@group-20BE3FF63202-LeaderElection232: Election REJECTED; received 2 response(s) [c52c3de9-0ed1-4f2b-ba1d-f317ceeb0ceb<-24274e9f-e41f-4654-9afc-a783ca44e44b#0:FAIL-t278, c52c3de9-0ed1-4f2b-ba1d-f317ceeb0ceb<-988115cd-21c9-4558-b198-f2cedd98ccf3#0:FAIL-t278] and 0 exception(s); c52c3de9-0ed1-4f2b-ba1d-f317ceeb0ceb@group-20BE3FF63202:t278, leader=null, voted=c52c3de9-0ed1-4f2b-ba1d-f317ceeb0ceb, raftlog=c52c3de9-0ed1-4f2b-ba1d-f317ceeb0ceb@group-20BE3FF63202-SegmentedRaftLog:OPENED:c-1,f-1,i0, conf=-1: [24274e9f-e41f-4654-9afc-a783ca44e44b:192.168.69.67:35902, 988115cd-21c9-4558-b198-f2cedd98ccf3:192.168.69.67:44208, c52c3de9-0ed1-4f2b-ba1d-f317ceeb0ceb:192.168.69.67:37615], old=null
2019-10-18 07:14:51,565 [c52c3de9-0ed1-4f2b-ba1d-f317ceeb0ceb@group-20BE3FF63202-LeaderElection232] INFO  impl.RaftServerImpl (RaftServerImpl.java:setRole(184)) - c52c3de9-0ed1-4f2b-ba1d-f317ceeb0ceb@group-20BE3FF63202: changes role from CANDIDATE to FOLLOWER at term 278 for DISCOVERED_A_NEW_TERM
2019-10-18 07:14:51,565 [c52c3de9-0ed1-4f2b-ba1d-f317ceeb0ceb@group-20BE3FF63202-LeaderElection232] INFO  impl.RoleInfo (RoleInfo.java:shutdownLeaderElection(134)) - c52c3de9-0ed1-4f2b-ba1d-f317ceeb0ceb: shutdown LeaderElection
2019-10-18 07:14:51,565 [c52c3de9-0ed1-4f2b-ba1d-f317ceeb0ceb@group-20BE3FF63202-LeaderElection232] INFO  impl.RoleInfo (RoleInfo.java:updateAndGet(143)) - c52c3de9-0ed1-4f2b-ba1d-f317ceeb0ceb: start FollowerState
2019-10-18 07:14:51,661 [Thread-2021] INFO  impl.FollowerState (FollowerState.java:run(108)) - c52c3de9-0ed1-4f2b-ba1d-f317ceeb0ceb@group-20BE3FF63202-FollowerState: change to CANDIDATE, lastRpcTime:95ms, electionTimeout:95ms
2019-10-18 07:14:51,661 [Thread-2021] INFO  impl.RoleInfo (RoleInfo.java:shutdownFollowerState(121)) - c52c3de9-0ed1-4f2b-ba1d-f317ceeb0ceb: shutdown FollowerState
2019-10-18 07:14:51,661 [Thread-2021] INFO  impl.RaftServerImpl (RaftServerImpl.java:setRole(184)) - c52c3de9-0ed1-4f2b-ba1d-f317ceeb0ceb@group-20BE3FF63202: changes role from  FOLLOWER to CANDIDATE at term 278 for changeToCandidate
2019-10-18 07:14:51,661 [Thread-2021] INFO  impl.RoleInfo (RoleInfo.java:updateAndGet(143)) - c52c3de9-0ed1-4f2b-ba1d-f317ceeb0ceb: start LeaderElection
2019-10-18 07:14:51,674 [c52c3de9-0ed1-4f2b-ba1d-f317ceeb0ceb@group-20BE3FF63202-LeaderElection233] INFO  impl.LeaderElection (LeaderElection.java:askForVotes(178)) - c52c3de9-0ed1-4f2b-ba1d-f317ceeb0ceb@group-20BE3FF63202-LeaderElection233: begin an election at term 279 for -1: [24274e9f-e41f-4654-9afc-a783ca44e44b:192.168.69.67:35902, 988115cd-21c9-4558-b198-f2cedd98ccf3:192.168.69.67:44208, c52c3de9-0ed1-4f2b-ba1d-f317ceeb0ceb:192.168.69.67:37615], old=null
2019-10-18 07:14:51,676 [grpc-default-executor-5] INFO  impl.RaftServerImpl (RaftServerImpl.java:setRole(184)) - 24274e9f-e41f-4654-9afc-a783ca44e44b@group-20BE3FF63202: changes role from  FOLLOWER to FOLLOWER at term 279 for recognizeCandidate:c52c3de9-0ed1-4f2b-ba1d-f317ceeb0ceb
2019-10-18 07:14:51,676 [grpc-default-executor-2] INFO  impl.RaftServerImpl (RaftServerImpl.java:setRole(184)) - 988115cd-21c9-4558-b198-f2cedd98ccf3@group-20BE3FF63202: changes role from  FOLLOWER to FOLLOWER at term 279 for recognizeCandidate:c52c3de9-0ed1-4f2b-ba1d-f317ceeb0ceb
2019-10-18 07:14:51,677 [grpc-default-executor-5] INFO  impl.RoleInfo (RoleInfo.java:shutdownFollowerState(121)) - 24274e9f-e41f-4654-9afc-a783ca44e44b: shutdown FollowerState
2019-10-18 07:14:51,677 [grpc-default-executor-2] INFO  impl.RoleInfo (RoleInfo.java:shutdownFollowerState(121)) - 988115cd-21c9-4558-b198-f2cedd98ccf3: shutdown FollowerState
2019-10-18 07:14:51,677 [Thread-2020] INFO  impl.FollowerState (FollowerState.java:run(117)) - 24274e9f-e41f-4654-9afc-a783ca44e44b@group-20BE3FF63202-FollowerState was interrupted: java.lang.InterruptedException: sleep interrupted
2019-10-18 07:14:51,677 [grpc-default-executor-5] INFO  impl.RoleInfo (RoleInfo.java:updateAndGet(143)) - 24274e9f-e41f-4654-9afc-a783ca44e44b: start FollowerState
2019-10-18 07:14:51,677 [Thread-2019] INFO  impl.FollowerState (FollowerState.java:run(117)) - 988115cd-21c9-4558-b198-f2cedd98ccf3@group-20BE3FF63202-FollowerState was interrupted: java.lang.InterruptedException: sleep interrupted
2019-10-18 07:14:51,677 [grpc-default-executor-2] INFO  impl.RoleInfo (RoleInfo.java:updateAndGet(143)) - 988115cd-21c9-4558-b198-f2cedd98ccf3: start FollowerState
2019-10-18 07:14:51,692 [c52c3de9-0ed1-4f2b-ba1d-f317ceeb0ceb@group-20BE3FF63202-LeaderElection233] INFO  impl.LeaderElection (LeaderElection.java:logAndReturn(56)) - c52c3de9-0ed1-4f2b-ba1d-f317ceeb0ceb@group-20BE3FF63202-LeaderElection233: Election REJECTED; received 2 response(s) [c52c3de9-0ed1-4f2b-ba1d-f317ceeb0ceb<-24274e9f-e41f-4654-9afc-a783ca44e44b#0:FAIL-t279, c52c3de9-0ed1-4f2b-ba1d-f317ceeb0ceb<-988115cd-21c9-4558-b198-f2cedd98ccf3#0:FAIL-t279] and 0 exception(s); c52c3de9-0ed1-4f2b-ba1d-f317ceeb0ceb@group-20BE3FF63202:t279, leader=null, voted=c52c3de9-0ed1-4f2b-ba1d-f317ceeb0ceb, raftlog=c52c3de9-0ed1-4f2b-ba1d-f317ceeb0ceb@group-20BE3FF63202-SegmentedRaftLog:OPENED:c-1,f-1,i0, conf=-1: [24274e9f-e41f-4654-9afc-a783ca44e44b:192.168.69.67:35902, 988115cd-21c9-4558-b198-f2cedd98ccf3:192.168.69.67:44208, c52c3de9-0ed1-4f2b-ba1d-f317ceeb0ceb:192.168.69.67:37615], old=null
2019-10-18 07:14:51,692 [c52c3de9-0ed1-4f2b-ba1d-f317ceeb0ceb@group-20BE3FF63202-LeaderElection233] INFO  impl.RaftServerImpl (RaftServerImpl.java:setRole(184)) - c52c3de9-0ed1-4f2b-ba1d-f317ceeb0ceb@group-20BE3FF63202: changes role from CANDIDATE to FOLLOWER at term 279 for DISCOVERED_A_NEW_TERM
2019-10-18 07:14:51,692 [c52c3de9-0ed1-4f2b-ba1d-f317ceeb0ceb@group-20BE3FF63202-LeaderElection233] INFO  impl.RoleInfo (RoleInfo.java:shutdownLeaderElection(134)) - c52c3de9-0ed1-4f2b-ba1d-f317ceeb0ceb: shutdown LeaderElection
2019-10-18 07:14:51,692 [c52c3de9-0ed1-4f2b-ba1d-f317ceeb0ceb@group-20BE3FF63202-LeaderElection233] INFO  impl.RoleInfo (RoleInfo.java:updateAndGet(143)) - c52c3de9-0ed1-4f2b-ba1d-f317ceeb0ceb: start FollowerState
2019-10-18 07:14:51,732 [Thread-2027] INFO  impl.FollowerState (FollowerState.java:run(108)) - c52c3de9-0ed1-4f2b-ba1d-f317ceeb0ceb@group-20BE3FF63202-FollowerState: change to CANDIDATE, lastRpcTime:39ms, electionTimeout:39ms
2019-10-18 07:14:51,732 [Thread-2027] INFO  impl.RoleInfo (RoleInfo.java:shutdownFollowerState(121)) - c52c3de9-0ed1-4f2b-ba1d-f317ceeb0ceb: shutdown FollowerState
2019-10-18 07:14:51,732 [Thread-2027] INFO  impl.RaftServerImpl (RaftServerImpl.java:setRole(184)) - c52c3de9-0ed1-4f2b-ba1d-f317ceeb0ceb@group-20BE3FF63202: changes role from  FOLLOWER to CANDIDATE at term 279 for changeToCandidate
2019-10-18 07:14:51,732 [Thread-2027] INFO  impl.RoleInfo (RoleInfo.java:updateAndGet(143)) - c52c3de9-0ed1-4f2b-ba1d-f317ceeb0ceb: start LeaderElection
2019-10-18 07:14:51,746 [c52c3de9-0ed1-4f2b-ba1d-f317ceeb0ceb@group-20BE3FF63202-LeaderElection234] INFO  impl.LeaderElection (LeaderElection.java:askForVotes(178)) - c52c3de9-0ed1-4f2b-ba1d-f317ceeb0ceb@group-20BE3FF63202-LeaderElection234: begin an election at term 280 for -1: [24274e9f-e41f-4654-9afc-a783ca44e44b:192.168.69.67:35902, 988115cd-21c9-4558-b198-f2cedd98ccf3:192.168.69.67:44208, c52c3de9-0ed1-4f2b-ba1d-f317ceeb0ceb:192.168.69.67:37615], old=null
2019-10-18 07:14:51,747 [grpc-default-executor-5] INFO  impl.RaftServerImpl (RaftServerImpl.java:setRole(184)) - 24274e9f-e41f-4654-9afc-a783ca44e44b@group-20BE3FF63202: changes role from  FOLLOWER to FOLLOWER at term 280 for recognizeCandidate:c52c3de9-0ed1-4f2b-ba1d-f317ceeb0ceb
2019-10-18 07:14:51,748 [grpc-default-executor-2] INFO  impl.RaftServerImpl (RaftServerImpl.java:setRole(184)) - 988115cd-21c9-4558-b198-f2cedd98ccf3@group-20BE3FF63202: changes role from  FOLLOWER to FOLLOWER at term 280 for recognizeCandidate:c52c3de9-0ed1-4f2b-ba1d-f317ceeb0ceb
2019-10-18 07:14:51,748 [grpc-default-executor-5] INFO  impl.RoleInfo (RoleInfo.java:shutdownFollowerState(121)) - 24274e9f-e41f-4654-9afc-a783ca44e44b: shutdown FollowerState
2019-10-18 07:14:51,748 [grpc-default-executor-2] INFO  impl.RoleInfo (RoleInfo.java:shutdownFollowerState(121)) - 988115cd-21c9-4558-b198-f2cedd98ccf3: shutdown FollowerState
2019-10-18 07:14:51,748 [Thread-2025] INFO  impl.FollowerState (FollowerState.java:run(117)) - 24274e9f-e41f-4654-9afc-a783ca44e44b@group-20BE3FF63202-FollowerState was interrupted: java.lang.InterruptedException: sleep interrupted
2019-10-18 07:14:51,748 [grpc-default-executor-5] INFO  impl.RoleInfo (RoleInfo.java:updateAndGet(143)) - 24274e9f-e41f-4654-9afc-a783ca44e44b: start FollowerState
2019-10-18 07:14:51,748 [Thread-2026] INFO  impl.FollowerState (FollowerState.java:run(117)) - 988115cd-21c9-4558-b198-f2cedd98ccf3@group-20BE3FF63202-FollowerState was interrupted: java.lang.InterruptedException: sleep interrupted
2019-10-18 07:14:51,748 [grpc-default-executor-2] INFO  impl.RoleInfo (RoleInfo.java:updateAndGet(143)) - 988115cd-21c9-4558-b198-f2cedd98ccf3: start FollowerState
2019-10-18 07:14:51,774 [c52c3de9-0ed1-4f2b-ba1d-f317ceeb0ceb@group-20BE3FF63202-LeaderElection234] INFO  impl.LeaderElection (LeaderElection.java:logAndReturn(56)) - c52c3de9-0ed1-4f2b-ba1d-f317ceeb0ceb@group-20BE3FF63202-LeaderElection234: Election REJECTED; received 2 response(s) [c52c3de9-0ed1-4f2b-ba1d-f317ceeb0ceb<-24274e9f-e41f-4654-9afc-a783ca44e44b#0:FAIL-t280, c52c3de9-0ed1-4f2b-ba1d-f317ceeb0ceb<-988115cd-21c9-4558-b198-f2cedd98ccf3#0:FAIL-t280] and 0 exception(s); c52c3de9-0ed1-4f2b-ba1d-f317ceeb0ceb@group-20BE3FF63202:t280, leader=null, voted=c52c3de9-0ed1-4f2b-ba1d-f317ceeb0ceb, raftlog=c52c3de9-0ed1-4f2b-ba1d-f317ceeb0ceb@group-20BE3FF63202-SegmentedRaftLog:OPENED:c-1,f-1,i0, conf=-1: [24274e9f-e41f-4654-9afc-a783ca44e44b:192.168.69.67:35902, 988115cd-21c9-4558-b198-f2cedd98ccf3:192.168.69.67:44208, c52c3de9-0ed1-4f2b-ba1d-f317ceeb0ceb:192.168.69.67:37615], old=null
2019-10-18 07:14:51,774 [c52c3de9-0ed1-4f2b-ba1d-f317ceeb0ceb@group-20BE3FF63202-LeaderElection234] INFO  impl.RaftServerImpl (RaftServerImpl.java:setRole(184)) - c52c3de9-0ed1-4f2b-ba1d-f317ceeb0ceb@group-20BE3FF63202: changes role from CANDIDATE to FOLLOWER at term 280 for DISCOVERED_A_NEW_TERM
2019-10-18 07:14:51,774 [c52c3de9-0ed1-4f2b-ba1d-f317ceeb0ceb@group-20BE3FF63202-LeaderElection234] INFO  impl.RoleInfo (RoleInfo.java:shutdownLeaderElection(134)) - c52c3de9-0ed1-4f2b-ba1d-f317ceeb0ceb: shutdown LeaderElection
2019-10-18 07:14:51,775 [c52c3de9-0ed1-4f2b-ba1d-f317ceeb0ceb@group-20BE3FF63202-LeaderElection234] INFO  impl.RoleInfo (RoleInfo.java:updateAndGet(143)) - c52c3de9-0ed1-4f2b-ba1d-f317ceeb0ceb: start FollowerState
2019-10-18 07:14:51,842 [Thread-2033] INFO  impl.FollowerState (FollowerState.java:run(108)) - c52c3de9-0ed1-4f2b-ba1d-f317ceeb0ceb@group-20BE3FF63202-FollowerState: change to CANDIDATE, lastRpcTime:67ms, electionTimeout:67ms
2019-10-18 07:14:51,842 [Thread-2033] INFO  impl.RoleInfo (RoleInfo.java:shutdownFollowerState(121)) - c52c3de9-0ed1-4f2b-ba1d-f317ceeb0ceb: shutdown FollowerState
2019-10-18 07:14:51,842 [Thread-2033] INFO  impl.RaftServerImpl (RaftServerImpl.java:setRole(184)) - c52c3de9-0ed1-4f2b-ba1d-f317ceeb0ceb@group-20BE3FF63202: changes role from  FOLLOWER to CANDIDATE at term 280 for changeToCandidate
2019-10-18 07:14:51,842 [Thread-2033] INFO  impl.RoleInfo (RoleInfo.java:updateAndGet(143)) - c52c3de9-0ed1-4f2b-ba1d-f317ceeb0ceb: start LeaderElection
2019-10-18 07:14:51,856 [c52c3de9-0ed1-4f2b-ba1d-f317ceeb0ceb@group-20BE3FF63202-LeaderElection235] INFO  impl.LeaderElection (LeaderElection.java:askForVotes(178)) - c52c3de9-0ed1-4f2b-ba1d-f317ceeb0ceb@group-20BE3FF63202-LeaderElection235: begin an election at term 281 for -1: [24274e9f-e41f-4654-9afc-a783ca44e44b:192.168.69.67:35902, 988115cd-21c9-4558-b198-f2cedd98ccf3:192.168.69.67:44208, c52c3de9-0ed1-4f2b-ba1d-f317ceeb0ceb:192.168.69.67:37615], old=null
2019-10-18 07:14:51,858 [grpc-default-executor-5] INFO  impl.RaftServerImpl (RaftServerImpl.java:setRole(184)) - 24274e9f-e41f-4654-9afc-a783ca44e44b@group-20BE3FF63202: changes role from  FOLLOWER to FOLLOWER at term 281 for recognizeCandidate:c52c3de9-0ed1-4f2b-ba1d-f317ceeb0ceb
2019-10-18 07:14:51,858 [grpc-default-executor-5] INFO  impl.RoleInfo (RoleInfo.java:shutdownFollowerState(121)) - 24274e9f-e41f-4654-9afc-a783ca44e44b: shutdown FollowerState
2019-10-18 07:14:51,858 [grpc-default-executor-2] INFO  impl.RaftServerImpl (RaftServerImpl.java:setRole(184)) - 988115cd-21c9-4558-b198-f2cedd98ccf3@group-20BE3FF63202: changes role from  FOLLOWER to FOLLOWER at term 281 for recognizeCandidate:c52c3de9-0ed1-4f2b-ba1d-f317ceeb0ceb
2019-10-18 07:14:51,858 [Thread-2031] INFO  impl.FollowerState (FollowerState.java:run(117)) - 24274e9f-e41f-4654-9afc-a783ca44e44b@group-20BE3FF63202-FollowerState was interrupted: java.lang.InterruptedException: sleep interrupted
2019-10-18 07:14:51,858 [grpc-default-executor-5] INFO  impl.RoleInfo (RoleInfo.java:updateAndGet(143)) - 24274e9f-e41f-4654-9afc-a783ca44e44b: start FollowerState
2019-10-18 07:14:51,858 [grpc-default-executor-2] INFO  impl.RoleInfo (RoleInfo.java:shutdownFollowerState(121)) - 988115cd-21c9-4558-b198-f2cedd98ccf3: shutdown FollowerState
2019-10-18 07:14:51,859 [grpc-default-executor-2] INFO  impl.RoleInfo (RoleInfo.java:updateAndGet(143)) - 988115cd-21c9-4558-b198-f2cedd98ccf3: start FollowerState
2019-10-18 07:14:51,859 [Thread-2032] INFO  impl.FollowerState (FollowerState.java:run(117)) - 988115cd-21c9-4558-b198-f2cedd98ccf3@group-20BE3FF63202-FollowerState was interrupted: java.lang.InterruptedException: sleep interrupted
2019-10-18 07:14:51,873 [c52c3de9-0ed1-4f2b-ba1d-f317ceeb0ceb@group-20BE3FF63202-LeaderElection235] INFO  impl.LeaderElection (LeaderElection.java:logAndReturn(56)) - c52c3de9-0ed1-4f2b-ba1d-f317ceeb0ceb@group-20BE3FF63202-LeaderElection235: Election REJECTED; received 2 response(s) [c52c3de9-0ed1-4f2b-ba1d-f317ceeb0ceb<-24274e9f-e41f-4654-9afc-a783ca44e44b#0:FAIL-t281, c52c3de9-0ed1-4f2b-ba1d-f317ceeb0ceb<-988115cd-21c9-4558-b198-f2cedd98ccf3#0:FAIL-t281] and 0 exception(s); c52c3de9-0ed1-4f2b-ba1d-f317ceeb0ceb@group-20BE3FF63202:t281, leader=null, voted=c52c3de9-0ed1-4f2b-ba1d-f317ceeb0ceb, raftlog=c52c3de9-0ed1-4f2b-ba1d-f317ceeb0ceb@group-20BE3FF63202-SegmentedRaftLog:OPENED:c-1,f-1,i0, conf=-1: [24274e9f-e41f-4654-9afc-a783ca44e44b:192.168.69.67:35902, 988115cd-21c9-4558-b198-f2cedd98ccf3:192.168.69.67:44208, c52c3de9-0ed1-4f2b-ba1d-f317ceeb0ceb:192.168.69.67:37615], old=null
2019-10-18 07:14:51,873 [c52c3de9-0ed1-4f2b-ba1d-f317ceeb0ceb@group-20BE3FF63202-LeaderElection235] INFO  impl.RaftServerImpl (RaftServerImpl.java:setRole(184)) - c52c3de9-0ed1-4f2b-ba1d-f317ceeb0ceb@group-20BE3FF63202: changes role from CANDIDATE to FOLLOWER at term 281 for DISCOVERED_A_NEW_TERM
2019-10-18 07:14:51,873 [c52c3de9-0ed1-4f2b-ba1d-f317ceeb0ceb@group-20BE3FF63202-LeaderElection235] INFO  impl.RoleInfo (RoleInfo.java:shutdownLeaderElection(134)) - c52c3de9-0ed1-4f2b-ba1d-f317ceeb0ceb: shutdown LeaderElection
2019-10-18 07:14:51,874 [c52c3de9-0ed1-4f2b-ba1d-f317ceeb0ceb@group-20BE3FF63202-LeaderElection235] INFO  impl.RoleInfo (RoleInfo.java:updateAndGet(143)) - c52c3de9-0ed1-4f2b-ba1d-f317ceeb0ceb: start FollowerState
2019-10-18 07:14:51,914 [Thread-2039] INFO  impl.FollowerState (FollowerState.java:run(108)) - c52c3de9-0ed1-4f2b-ba1d-f317ceeb0ceb@group-20BE3FF63202-FollowerState: change to CANDIDATE, lastRpcTime:40ms, electionTimeout:40ms
2019-10-18 07:14:51,914 [Thread-2039] INFO  impl.RoleInfo (RoleInfo.java:shutdownFollowerState(121)) - c52c3de9-0ed1-4f2b-ba1d-f317ceeb0ceb: shutdown FollowerState
2019-10-18 07:14:51,914 [Thread-2039] INFO  impl.RaftServerImpl (RaftServerImpl.java:setRole(184)) - c52c3de9-0ed1-4f2b-ba1d-f317ceeb0ceb@group-20BE3FF63202: changes role from  FOLLOWER to CANDIDATE at term 281 for changeToCandidate
2019-10-18 07:14:51,914 [Thread-2039] INFO  impl.RoleInfo (RoleInfo.java:updateAndGet(143)) - c52c3de9-0ed1-4f2b-ba1d-f317ceeb0ceb: start LeaderElection
2019-10-18 07:14:51,929 [c52c3de9-0ed1-4f2b-ba1d-f317ceeb0ceb@group-20BE3FF63202-LeaderElection236] INFO  impl.LeaderElection (LeaderElection.java:askForVotes(178)) - c52c3de9-0ed1-4f2b-ba1d-f317ceeb0ceb@group-20BE3FF63202-LeaderElection236: begin an election at term 282 for -1: [24274e9f-e41f-4654-9afc-a783ca44e44b:192.168.69.67:35902, 988115cd-21c9-4558-b198-f2cedd98ccf3:192.168.69.67:44208, c52c3de9-0ed1-4f2b-ba1d-f317ceeb0ceb:192.168.69.67:37615], old=null
2019-10-18 07:14:51,931 [grpc-default-executor-2] INFO  impl.RaftServerImpl (RaftServerImpl.java:setRole(184)) - 988115cd-21c9-4558-b198-f2cedd98ccf3@group-20BE3FF63202: changes role from  FOLLOWER to FOLLOWER at term 282 for recognizeCandidate:c52c3de9-0ed1-4f2b-ba1d-f317ceeb0ceb
2019-10-18 07:14:51,931 [grpc-default-executor-2] INFO  impl.RoleInfo (RoleInfo.java:shutdownFollowerState(121)) - 988115cd-21c9-4558-b198-f2cedd98ccf3: shutdown FollowerState
2019-10-18 07:14:51,931 [grpc-default-executor-5] INFO  impl.RaftServerImpl (RaftServerImpl.java:setRole(184)) - 24274e9f-e41f-4654-9afc-a783ca44e44b@group-20BE3FF63202: changes role from  FOLLOWER to FOLLOWER at term 282 for recognizeCandidate:c52c3de9-0ed1-4f2b-ba1d-f317ceeb0ceb
2019-10-18 07:14:51,931 [Thread-2038] INFO  impl.FollowerState (FollowerState.java:run(117)) - 988115cd-21c9-4558-b198-f2cedd98ccf3@group-20BE3FF63202-FollowerState was interrupted: java.lang.InterruptedException: sleep interrupted
2019-10-18 07:14:51,931 [grpc-default-executor-2] INFO  impl.RoleInfo (RoleInfo.java:updateAndGet(143)) - 988115cd-21c9-4558-b198-f2cedd98ccf3: start FollowerState
2019-10-18 07:14:51,931 [grpc-default-executor-5] INFO  impl.RoleInfo (RoleInfo.java:shutdownFollowerState(121)) - 24274e9f-e41f-4654-9afc-a783ca44e44b: shutdown FollowerState
2019-10-18 07:14:51,932 [grpc-default-executor-5] INFO  impl.RoleInfo (RoleInfo.java:updateAndGet(143)) - 24274e9f-e41f-4654-9afc-a783ca44e44b: start FollowerState
2019-10-18 07:14:51,932 [Thread-2037] INFO  impl.FollowerState (FollowerState.java:run(117)) - 24274e9f-e41f-4654-9afc-a783ca44e44b@group-20BE3FF63202-FollowerState was interrupted: java.lang.InterruptedException: sleep interrupted
2019-10-18 07:14:51,946 [c52c3de9-0ed1-4f2b-ba1d-f317ceeb0ceb@group-20BE3FF63202-LeaderElection236] INFO  impl.LeaderElection (LeaderElection.java:logAndReturn(56)) - c52c3de9-0ed1-4f2b-ba1d-f317ceeb0ceb@group-20BE3FF63202-LeaderElection236: Election REJECTED; received 2 response(s) [c52c3de9-0ed1-4f2b-ba1d-f317ceeb0ceb<-24274e9f-e41f-4654-9afc-a783ca44e44b#0:FAIL-t282, c52c3de9-0ed1-4f2b-ba1d-f317ceeb0ceb<-988115cd-21c9-4558-b198-f2cedd98ccf3#0:FAIL-t282] and 0 exception(s); c52c3de9-0ed1-4f2b-ba1d-f317ceeb0ceb@group-20BE3FF63202:t282, leader=null, voted=c52c3de9-0ed1-4f2b-ba1d-f317ceeb0ceb, raftlog=c52c3de9-0ed1-4f2b-ba1d-f317ceeb0ceb@group-20BE3FF63202-SegmentedRaftLog:OPENED:c-1,f-1,i0, conf=-1: [24274e9f-e41f-4654-9afc-a783ca44e44b:192.168.69.67:35902, 988115cd-21c9-4558-b198-f2cedd98ccf3:192.168.69.67:44208, c52c3de9-0ed1-4f2b-ba1d-f317ceeb0ceb:192.168.69.67:37615], old=null
2019-10-18 07:14:51,947 [c52c3de9-0ed1-4f2b-ba1d-f317ceeb0ceb@group-20BE3FF63202-LeaderElection236] INFO  impl.RaftServerImpl (RaftServerImpl.java:setRole(184)) - c52c3de9-0ed1-4f2b-ba1d-f317ceeb0ceb@group-20BE3FF63202: changes role from CANDIDATE to FOLLOWER at term 282 for DISCOVERED_A_NEW_TERM
2019-10-18 07:14:51,947 [c52c3de9-0ed1-4f2b-ba1d-f317ceeb0ceb@group-20BE3FF63202-LeaderElection236] INFO  impl.RoleInfo (RoleInfo.java:shutdownLeaderElection(134)) - c52c3de9-0ed1-4f2b-ba1d-f317ceeb0ceb: shutdown LeaderElection
2019-10-18 07:14:51,947 [c52c3de9-0ed1-4f2b-ba1d-f317ceeb0ceb@group-20BE3FF63202-LeaderElection236] INFO  impl.RoleInfo (RoleInfo.java:updateAndGet(143)) - c52c3de9-0ed1-4f2b-ba1d-f317ceeb0ceb: start FollowerState
2019-10-18 07:14:52,005 [Thread-2045] INFO  impl.FollowerState (FollowerState.java:run(108)) - c52c3de9-0ed1-4f2b-ba1d-f317ceeb0ceb@group-20BE3FF63202-FollowerState: change to CANDIDATE, lastRpcTime:57ms, electionTimeout:57ms
2019-10-18 07:14:52,005 [Thread-2045] INFO  impl.RoleInfo (RoleInfo.java:shutdownFollowerState(121)) - c52c3de9-0ed1-4f2b-ba1d-f317ceeb0ceb: shutdown FollowerState
2019-10-18 07:14:52,005 [Thread-2045] INFO  impl.RaftServerImpl (RaftServerImpl.java:setRole(184)) - c52c3de9-0ed1-4f2b-ba1d-f317ceeb0ceb@group-20BE3FF63202: changes role from  FOLLOWER to CANDIDATE at term 282 for changeToCandidate
2019-10-18 07:14:52,005 [Thread-2045] INFO  impl.RoleInfo (RoleInfo.java:updateAndGet(143)) - c52c3de9-0ed1-4f2b-ba1d-f317ceeb0ceb: start LeaderElection
2019-10-18 07:14:52,020 [c52c3de9-0ed1-4f2b-ba1d-f317ceeb0ceb@group-20BE3FF63202-LeaderElection237] INFO  impl.LeaderElection (LeaderElection.java:askForVotes(178)) - c52c3de9-0ed1-4f2b-ba1d-f317ceeb0ceb@group-20BE3FF63202-LeaderElection237: begin an election at term 283 for -1: [24274e9f-e41f-4654-9afc-a783ca44e44b:192.168.69.67:35902, 988115cd-21c9-4558-b198-f2cedd98ccf3:192.168.69.67:44208, c52c3de9-0ed1-4f2b-ba1d-f317ceeb0ceb:192.168.69.67:37615], old=null
2019-10-18 07:14:52,021 [grpc-default-executor-5] INFO  impl.RaftServerImpl (RaftServerImpl.java:setRole(184)) - 24274e9f-e41f-4654-9afc-a783ca44e44b@group-20BE3FF63202: changes role from  FOLLOWER to FOLLOWER at term 283 for recognizeCandidate:c52c3de9-0ed1-4f2b-ba1d-f317ceeb0ceb
2019-10-18 07:14:52,022 [grpc-default-executor-5] INFO  impl.RoleInfo (RoleInfo.java:shutdownFollowerState(121)) - 24274e9f-e41f-4654-9afc-a783ca44e44b: shutdown FollowerState
2019-10-18 07:14:52,022 [grpc-default-executor-2] INFO  impl.RaftServerImpl (RaftServerImpl.java:setRole(184)) - 988115cd-21c9-4558-b198-f2cedd98ccf3@group-20BE3FF63202: changes role from  FOLLOWER to FOLLOWER at term 283 for recognizeCandidate:c52c3de9-0ed1-4f2b-ba1d-f317ceeb0ceb
2019-10-18 07:14:52,022 [Thread-2044] INFO  impl.FollowerState (FollowerState.java:run(117)) - 24274e9f-e41f-4654-9afc-a783ca44e44b@group-20BE3FF63202-FollowerState was interrupted: java.lang.InterruptedException: sleep interrupted
2019-10-18 07:14:52,022 [grpc-default-executor-5] INFO  impl.RoleInfo (RoleInfo.java:updateAndGet(143)) - 24274e9f-e41f-4654-9afc-a783ca44e44b: start FollowerState
2019-10-18 07:14:52,022 [grpc-default-executor-2] INFO  impl.RoleInfo (RoleInfo.java:shutdownFollowerState(121)) - 988115cd-21c9-4558-b198-f2cedd98ccf3: shutdown FollowerState
2019-10-18 07:14:52,023 [grpc-default-executor-2] INFO  impl.RoleInfo (RoleInfo.java:updateAndGet(143)) - 988115cd-21c9-4558-b198-f2cedd98ccf3: start FollowerState
2019-10-18 07:14:52,023 [Thread-2043] INFO  impl.FollowerState (FollowerState.java:run(117)) - 988115cd-21c9-4558-b198-f2cedd98ccf3@group-20BE3FF63202-FollowerState was interrupted: java.lang.InterruptedException: sleep interrupted
2019-10-18 07:14:52,041 [c52c3de9-0ed1-4f2b-ba1d-f317ceeb0ceb@group-20BE3FF63202-LeaderElection237] INFO  impl.LeaderElection (LeaderElection.java:logAndReturn(56)) - c52c3de9-0ed1-4f2b-ba1d-f317ceeb0ceb@group-20BE3FF63202-LeaderElection237: Election REJECTED; received 2 response(s) [c52c3de9-0ed1-4f2b-ba1d-f317ceeb0ceb<-24274e9f-e41f-4654-9afc-a783ca44e44b#0:FAIL-t283, c52c3de9-0ed1-4f2b-ba1d-f317ceeb0ceb<-988115cd-21c9-4558-b198-f2cedd98ccf3#0:FAIL-t283] and 0 exception(s); c52c3de9-0ed1-4f2b-ba1d-f317ceeb0ceb@group-20BE3FF63202:t283, leader=null, voted=c52c3de9-0ed1-4f2b-ba1d-f317ceeb0ceb, raftlog=c52c3de9-0ed1-4f2b-ba1d-f317ceeb0ceb@group-20BE3FF63202-SegmentedRaftLog:OPENED:c-1,f-1,i0, conf=-1: [24274e9f-e41f-4654-9afc-a783ca44e44b:192.168.69.67:35902, 988115cd-21c9-4558-b198-f2cedd98ccf3:192.168.69.67:44208, c52c3de9-0ed1-4f2b-ba1d-f317ceeb0ceb:192.168.69.67:37615], old=null
2019-10-18 07:14:52,041 [c52c3de9-0ed1-4f2b-ba1d-f317ceeb0ceb@group-20BE3FF63202-LeaderElection237] INFO  impl.RaftServerImpl (RaftServerImpl.java:setRole(184)) - c52c3de9-0ed1-4f2b-ba1d-f317ceeb0ceb@group-20BE3FF63202: changes role from CANDIDATE to FOLLOWER at term 283 for DISCOVERED_A_NEW_TERM
2019-10-18 07:14:52,041 [c52c3de9-0ed1-4f2b-ba1d-f317ceeb0ceb@group-20BE3FF63202-LeaderElection237] INFO  impl.RoleInfo (RoleInfo.java:shutdownLeaderElection(134)) - c52c3de9-0ed1-4f2b-ba1d-f317ceeb0ceb: shutdown LeaderElection
2019-10-18 07:14:52,041 [c52c3de9-0ed1-4f2b-ba1d-f317ceeb0ceb@group-20BE3FF63202-LeaderElection237] INFO  impl.RoleInfo (RoleInfo.java:updateAndGet(143)) - c52c3de9-0ed1-4f2b-ba1d-f317ceeb0ceb: start FollowerState
2019-10-18 07:14:52,125 [Thread-2051] INFO  impl.FollowerState (FollowerState.java:run(108)) - c52c3de9-0ed1-4f2b-ba1d-f317ceeb0ceb@group-20BE3FF63202-FollowerState: change to CANDIDATE, lastRpcTime:83ms, electionTimeout:83ms
2019-10-18 07:14:52,125 [Thread-2051] INFO  impl.RoleInfo (RoleInfo.java:shutdownFollowerState(121)) - c52c3de9-0ed1-4f2b-ba1d-f317ceeb0ceb: shutdown FollowerState
2019-10-18 07:14:52,125 [Thread-2051] INFO  impl.RaftServerImpl (RaftServerImpl.java:setRole(184)) - c52c3de9-0ed1-4f2b-ba1d-f317ceeb0ceb@group-20BE3FF63202: changes role from  FOLLOWER to CANDIDATE at term 283 for changeToCandidate
2019-10-18 07:14:52,125 [Thread-2051] INFO  impl.RoleInfo (RoleInfo.java:updateAndGet(143)) - c52c3de9-0ed1-4f2b-ba1d-f317ceeb0ceb: start LeaderElection
2019-10-18 07:14:52,151 [c52c3de9-0ed1-4f2b-ba1d-f317ceeb0ceb@group-20BE3FF63202-LeaderElection238] INFO  impl.LeaderElection (LeaderElection.java:askForVotes(178)) - c52c3de9-0ed1-4f2b-ba1d-f317ceeb0ceb@group-20BE3FF63202-LeaderElection238: begin an election at term 284 for -1: [24274e9f-e41f-4654-9afc-a783ca44e44b:192.168.69.67:35902, 988115cd-21c9-4558-b198-f2cedd98ccf3:192.168.69.67:44208, c52c3de9-0ed1-4f2b-ba1d-f317ceeb0ceb:192.168.69.67:37615], old=null
2019-10-18 07:14:52,153 [grpc-default-executor-2] INFO  impl.RaftServerImpl (RaftServerImpl.java:setRole(184)) - 24274e9f-e41f-4654-9afc-a783ca44e44b@group-20BE3FF63202: changes role from  FOLLOWER to FOLLOWER at term 284 for recognizeCandidate:c52c3de9-0ed1-4f2b-ba1d-f317ceeb0ceb
2019-10-18 07:14:52,153 [grpc-default-executor-2] INFO  impl.RoleInfo (RoleInfo.java:shutdownFollowerState(121)) - 24274e9f-e41f-4654-9afc-a783ca44e44b: shutdown FollowerState
2019-10-18 07:14:52,153 [grpc-default-executor-5] INFO  impl.RaftServerImpl (RaftServerImpl.java:setRole(184)) - 988115cd-21c9-4558-b198-f2cedd98ccf3@group-20BE3FF63202: changes role from  FOLLOWER to FOLLOWER at term 284 for recognizeCandidate:c52c3de9-0ed1-4f2b-ba1d-f317ceeb0ceb
2019-10-18 07:14:52,153 [grpc-default-executor-2] INFO  impl.RoleInfo (RoleInfo.java:updateAndGet(143)) - 24274e9f-e41f-4654-9afc-a783ca44e44b: start FollowerState
2019-10-18 07:14:52,153 [Thread-2049] INFO  impl.FollowerState (FollowerState.java:run(117)) - 24274e9f-e41f-4654-9afc-a783ca44e44b@group-20BE3FF63202-FollowerState was interrupted: java.lang.InterruptedException: sleep interrupted
2019-10-18 07:14:52,154 [grpc-default-executor-5] INFO  impl.RoleInfo (RoleInfo.java:shutdownFollowerState(121)) - 988115cd-21c9-4558-b198-f2cedd98ccf3: shutdown FollowerState
2019-10-18 07:14:52,154 [grpc-default-executor-5] INFO  impl.RoleInfo (RoleInfo.java:updateAndGet(143)) - 988115cd-21c9-4558-b198-f2cedd98ccf3: start FollowerState
2019-10-18 07:14:52,154 [Thread-2050] INFO  impl.FollowerState (FollowerState.java:run(117)) - 988115cd-21c9-4558-b198-f2cedd98ccf3@group-20BE3FF63202-FollowerState was interrupted: java.lang.InterruptedException: sleep interrupted
2019-10-18 07:14:52,168 [c52c3de9-0ed1-4f2b-ba1d-f317ceeb0ceb@group-20BE3FF63202-LeaderElection238] INFO  impl.LeaderElection (LeaderElection.java:logAndReturn(56)) - c52c3de9-0ed1-4f2b-ba1d-f317ceeb0ceb@group-20BE3FF63202-LeaderElection238: Election REJECTED; received 2 response(s) [c52c3de9-0ed1-4f2b-ba1d-f317ceeb0ceb<-24274e9f-e41f-4654-9afc-a783ca44e44b#0:FAIL-t284, c52c3de9-0ed1-4f2b-ba1d-f317ceeb0ceb<-988115cd-21c9-4558-b198-f2cedd98ccf3#0:FAIL-t284] and 0 exception(s); c52c3de9-0ed1-4f2b-ba1d-f317ceeb0ceb@group-20BE3FF63202:t284, leader=null, voted=c52c3de9-0ed1-4f2b-ba1d-f317ceeb0ceb, raftlog=c52c3de9-0ed1-4f2b-ba1d-f317ceeb0ceb@group-20BE3FF63202-SegmentedRaftLog:OPENED:c-1,f-1,i0, conf=-1: [24274e9f-e41f-4654-9afc-a783ca44e44b:192.168.69.67:35902, 988115cd-21c9-4558-b198-f2cedd98ccf3:192.168.69.67:44208, c52c3de9-0ed1-4f2b-ba1d-f317ceeb0ceb:192.168.69.67:37615], old=null
2019-10-18 07:14:52,168 [c52c3de9-0ed1-4f2b-ba1d-f317ceeb0ceb@group-20BE3FF63202-LeaderElection238] INFO  impl.RaftServerImpl (RaftServerImpl.java:setRole(184)) - c52c3de9-0ed1-4f2b-ba1d-f317ceeb0ceb@group-20BE3FF63202: changes role from CANDIDATE to FOLLOWER at term 284 for DISCOVERED_A_NEW_TERM
2019-10-18 07:14:52,168 [c52c3de9-0ed1-4f2b-ba1d-f317ceeb0ceb@group-20BE3FF63202-LeaderElection238] INFO  impl.RoleInfo (RoleInfo.java:shutdownLeaderElection(134)) - c52c3de9-0ed1-4f2b-ba1d-f317ceeb0ceb: shutdown LeaderElection
2019-10-18 07:14:52,168 [c52c3de9-0ed1-4f2b-ba1d-f317ceeb0ceb@group-20BE3FF63202-LeaderElection238] INFO  impl.RoleInfo (RoleInfo.java:updateAndGet(143)) - c52c3de9-0ed1-4f2b-ba1d-f317ceeb0ceb: start FollowerState
2019-10-18 07:14:52,222 [Thread-2057] INFO  impl.FollowerState (FollowerState.java:run(108)) - c52c3de9-0ed1-4f2b-ba1d-f317ceeb0ceb@group-20BE3FF63202-FollowerState: change to CANDIDATE, lastRpcTime:53ms, electionTimeout:53ms
2019-10-18 07:14:52,222 [Thread-2057] INFO  impl.RoleInfo (RoleInfo.java:shutdownFollowerState(121)) - c52c3de9-0ed1-4f2b-ba1d-f317ceeb0ceb: shutdown FollowerState
2019-10-18 07:14:52,222 [Thread-2057] INFO  impl.RaftServerImpl (RaftServerImpl.java:setRole(184)) - c52c3de9-0ed1-4f2b-ba1d-f317ceeb0ceb@group-20BE3FF63202: changes role from  FOLLOWER to CANDIDATE at term 284 for changeToCandidate
2019-10-18 07:14:52,222 [Thread-2057] INFO  impl.RoleInfo (RoleInfo.java:updateAndGet(143)) - c52c3de9-0ed1-4f2b-ba1d-f317ceeb0ceb: start LeaderElection
2019-10-18 07:14:52,248 [c52c3de9-0ed1-4f2b-ba1d-f317ceeb0ceb@group-20BE3FF63202-LeaderElection239] INFO  impl.LeaderElection (LeaderElection.java:askForVotes(178)) - c52c3de9-0ed1-4f2b-ba1d-f317ceeb0ceb@group-20BE3FF63202-LeaderElection239: begin an election at term 285 for -1: [24274e9f-e41f-4654-9afc-a783ca44e44b:192.168.69.67:35902, 988115cd-21c9-4558-b198-f2cedd98ccf3:192.168.69.67:44208, c52c3de9-0ed1-4f2b-ba1d-f317ceeb0ceb:192.168.69.67:37615], old=null
2019-10-18 07:14:52,250 [grpc-default-executor-5] INFO  impl.RaftServerImpl (RaftServerImpl.java:setRole(184)) - 24274e9f-e41f-4654-9afc-a783ca44e44b@group-20BE3FF63202: changes role from  FOLLOWER to FOLLOWER at term 285 for recognizeCandidate:c52c3de9-0ed1-4f2b-ba1d-f317ceeb0ceb
2019-10-18 07:14:52,250 [grpc-default-executor-2] INFO  impl.RaftServerImpl (RaftServerImpl.java:setRole(184)) - 988115cd-21c9-4558-b198-f2cedd98ccf3@group-20BE3FF63202: changes role from  FOLLOWER to FOLLOWER at term 285 for recognizeCandidate:c52c3de9-0ed1-4f2b-ba1d-f317ceeb0ceb
2019-10-18 07:14:52,250 [grpc-default-executor-5] INFO  impl.RoleInfo (RoleInfo.java:shutdownFollowerState(121)) - 24274e9f-e41f-4654-9afc-a783ca44e44b: shutdown FollowerState
2019-10-18 07:14:52,250 [grpc-default-executor-2] INFO  impl.RoleInfo (RoleInfo.java:shutdownFollowerState(121)) - 988115cd-21c9-4558-b198-f2cedd98ccf3: shutdown FollowerState
2019-10-18 07:14:52,250 [Thread-2055] INFO  impl.FollowerState (FollowerState.java:run(117)) - 24274e9f-e41f-4654-9afc-a783ca44e44b@group-20BE3FF63202-FollowerState was interrupted: java.lang.InterruptedException: sleep interrupted
2019-10-18 07:14:52,250 [grpc-default-executor-5] INFO  impl.RoleInfo (RoleInfo.java:updateAndGet(143)) - 24274e9f-e41f-4654-9afc-a783ca44e44b: start FollowerState
2019-10-18 07:14:52,250 [Thread-2056] INFO  impl.FollowerState (FollowerState.java:run(117)) - 988115cd-21c9-4558-b198-f2cedd98ccf3@group-20BE3FF63202-FollowerState was interrupted: java.lang.InterruptedException: sleep interrupted
2019-10-18 07:14:52,250 [grpc-default-executor-2] INFO  impl.RoleInfo (RoleInfo.java:updateAndGet(143)) - 988115cd-21c9-4558-b198-f2cedd98ccf3: start FollowerState
2019-10-18 07:14:52,277 [c52c3de9-0ed1-4f2b-ba1d-f317ceeb0ceb@group-20BE3FF63202-LeaderElection239] INFO  impl.LeaderElection (LeaderElection.java:logAndReturn(56)) - c52c3de9-0ed1-4f2b-ba1d-f317ceeb0ceb@group-20BE3FF63202-LeaderElection239: Election REJECTED; received 2 response(s) [c52c3de9-0ed1-4f2b-ba1d-f317ceeb0ceb<-24274e9f-e41f-4654-9afc-a783ca44e44b#0:FAIL-t285, c52c3de9-0ed1-4f2b-ba1d-f317ceeb0ceb<-988115cd-21c9-4558-b198-f2cedd98ccf3#0:FAIL-t285] and 0 exception(s); c52c3de9-0ed1-4f2b-ba1d-f317ceeb0ceb@group-20BE3FF63202:t285, leader=null, voted=c52c3de9-0ed1-4f2b-ba1d-f317ceeb0ceb, raftlog=c52c3de9-0ed1-4f2b-ba1d-f317ceeb0ceb@group-20BE3FF63202-SegmentedRaftLog:OPENED:c-1,f-1,i0, conf=-1: [24274e9f-e41f-4654-9afc-a783ca44e44b:192.168.69.67:35902, 988115cd-21c9-4558-b198-f2cedd98ccf3:192.168.69.67:44208, c52c3de9-0ed1-4f2b-ba1d-f317ceeb0ceb:192.168.69.67:37615], old=null
2019-10-18 07:14:52,277 [c52c3de9-0ed1-4f2b-ba1d-f317ceeb0ceb@group-20BE3FF63202-LeaderElection239] INFO  impl.RaftServerImpl (RaftServerImpl.java:setRole(184)) - c52c3de9-0ed1-4f2b-ba1d-f317ceeb0ceb@group-20BE3FF63202: changes role from CANDIDATE to FOLLOWER at term 285 for DISCOVERED_A_NEW_TERM
2019-10-18 07:14:52,277 [c52c3de9-0ed1-4f2b-ba1d-f317ceeb0ceb@group-20BE3FF63202-LeaderElection239] INFO  impl.RoleInfo (RoleInfo.java:shutdownLeaderElection(134)) - c52c3de9-0ed1-4f2b-ba1d-f317ceeb0ceb: shutdown LeaderElection
2019-10-18 07:14:52,277 [c52c3de9-0ed1-4f2b-ba1d-f317ceeb0ceb@group-20BE3FF63202-LeaderElection239] INFO  impl.RoleInfo (RoleInfo.java:updateAndGet(143)) - c52c3de9-0ed1-4f2b-ba1d-f317ceeb0ceb: start FollowerState
2019-10-18 07:14:52,327 [Thread-2063] INFO  impl.FollowerState (FollowerState.java:run(108)) - c52c3de9-0ed1-4f2b-ba1d-f317ceeb0ceb@group-20BE3FF63202-FollowerState: change to CANDIDATE, lastRpcTime:49ms, electionTimeout:49ms
2019-10-18 07:14:52,327 [Thread-2063] INFO  impl.RoleInfo (RoleInfo.java:shutdownFollowerState(121)) - c52c3de9-0ed1-4f2b-ba1d-f317ceeb0ceb: shutdown FollowerState
2019-10-18 07:14:52,327 [Thread-2063] INFO  impl.RaftServerImpl (RaftServerImpl.java:setRole(184)) - c52c3de9-0ed1-4f2b-ba1d-f317ceeb0ceb@group-20BE3FF63202: changes role from  FOLLOWER to CANDIDATE at term 285 for changeToCandidate
2019-10-18 07:14:52,327 [Thread-2063] INFO  impl.RoleInfo (RoleInfo.java:updateAndGet(143)) - c52c3de9-0ed1-4f2b-ba1d-f317ceeb0ceb: start LeaderElection
2019-10-18 07:14:52,341 [c52c3de9-0ed1-4f2b-ba1d-f317ceeb0ceb@group-20BE3FF63202-LeaderElection240] INFO  impl.LeaderElection (LeaderElection.java:askForVotes(178)) - c52c3de9-0ed1-4f2b-ba1d-f317ceeb0ceb@group-20BE3FF63202-LeaderElection240: begin an election at term 286 for -1: [24274e9f-e41f-4654-9afc-a783ca44e44b:192.168.69.67:35902, 988115cd-21c9-4558-b198-f2cedd98ccf3:192.168.69.67:44208, c52c3de9-0ed1-4f2b-ba1d-f317ceeb0ceb:192.168.69.67:37615], old=null
2019-10-18 07:14:52,343 [grpc-default-executor-5] INFO  impl.RaftServerImpl (RaftServerImpl.java:setRole(184)) - 24274e9f-e41f-4654-9afc-a783ca44e44b@group-20BE3FF63202: changes role from  FOLLOWER to FOLLOWER at term 286 for recognizeCandidate:c52c3de9-0ed1-4f2b-ba1d-f317ceeb0ceb
2019-10-18 07:14:52,343 [grpc-default-executor-5] INFO  impl.RoleInfo (RoleInfo.java:shutdownFollowerState(121)) - 24274e9f-e41f-4654-9afc-a783ca44e44b: shutdown FollowerState
2019-10-18 07:14:52,343 [grpc-default-executor-2] INFO  impl.RaftServerImpl (RaftServerImpl.java:setRole(184)) - 988115cd-21c9-4558-b198-f2cedd98ccf3@group-20BE3FF63202: changes role from  FOLLOWER to FOLLOWER at term 286 for recognizeCandidate:c52c3de9-0ed1-4f2b-ba1d-f317ceeb0ceb
2019-10-18 07:14:52,343 [Thread-2061] INFO  impl.FollowerState (FollowerState.java:run(117)) - 24274e9f-e41f-4654-9afc-a783ca44e44b@group-20BE3FF63202-FollowerState was interrupted: java.lang.InterruptedException: sleep interrupted
2019-10-18 07:14:52,343 [grpc-default-executor-5] INFO  impl.RoleInfo (RoleInfo.java:updateAndGet(143)) - 24274e9f-e41f-4654-9afc-a783ca44e44b: start FollowerState
2019-10-18 07:14:52,343 [grpc-default-executor-2] INFO  impl.RoleInfo (RoleInfo.java:shutdownFollowerState(121)) - 988115cd-21c9-4558-b198-f2cedd98ccf3: shutdown FollowerState
2019-10-18 07:14:52,344 [grpc-default-executor-2] INFO  impl.RoleInfo (RoleInfo.java:updateAndGet(143)) - 988115cd-21c9-4558-b198-f2cedd98ccf3: start FollowerState
2019-10-18 07:14:52,344 [Thread-2062] INFO  impl.FollowerState (FollowerState.java:run(117)) - 988115cd-21c9-4558-b198-f2cedd98ccf3@group-20BE3FF63202-FollowerState was interrupted: java.lang.InterruptedException: sleep interrupted
2019-10-18 07:14:52,359 [c52c3de9-0ed1-4f2b-ba1d-f317ceeb0ceb@group-20BE3FF63202-LeaderElection240] INFO  impl.LeaderElection (LeaderElection.java:logAndReturn(56)) - c52c3de9-0ed1-4f2b-ba1d-f317ceeb0ceb@group-20BE3FF63202-LeaderElection240: Election REJECTED; received 2 response(s) [c52c3de9-0ed1-4f2b-ba1d-f317ceeb0ceb<-24274e9f-e41f-4654-9afc-a783ca44e44b#0:FAIL-t286, c52c3de9-0ed1-4f2b-ba1d-f317ceeb0ceb<-988115cd-21c9-4558-b198-f2cedd98ccf3#0:FAIL-t286] and 0 exception(s); c52c3de9-0ed1-4f2b-ba1d-f317ceeb0ceb@group-20BE3FF63202:t286, leader=null, voted=c52c3de9-0ed1-4f2b-ba1d-f317ceeb0ceb, raftlog=c52c3de9-0ed1-4f2b-ba1d-f317ceeb0ceb@group-20BE3FF63202-SegmentedRaftLog:OPENED:c-1,f-1,i0, conf=-1: [24274e9f-e41f-4654-9afc-a783ca44e44b:192.168.69.67:35902, 988115cd-21c9-4558-b198-f2cedd98ccf3:192.168.69.67:44208, c52c3de9-0ed1-4f2b-ba1d-f317ceeb0ceb:192.168.69.67:37615], old=null
2019-10-18 07:14:52,359 [c52c3de9-0ed1-4f2b-ba1d-f317ceeb0ceb@group-20BE3FF63202-LeaderElection240] INFO  impl.RaftServerImpl (RaftServerImpl.java:setRole(184)) - c52c3de9-0ed1-4f2b-ba1d-f317ceeb0ceb@group-20BE3FF63202: changes role from CANDIDATE to FOLLOWER at term 286 for DISCOVERED_A_NEW_TERM
2019-10-18 07:14:52,359 [c52c3de9-0ed1-4f2b-ba1d-f317ceeb0ceb@group-20BE3FF63202-LeaderElection240] INFO  impl.RoleInfo (RoleInfo.java:shutdownLeaderElection(134)) - c52c3de9-0ed1-4f2b-ba1d-f317ceeb0ceb: shutdown LeaderElection
2019-10-18 07:14:52,359 [c52c3de9-0ed1-4f2b-ba1d-f317ceeb0ceb@group-20BE3FF63202-LeaderElection240] INFO  impl.RoleInfo (RoleInfo.java:updateAndGet(143)) - c52c3de9-0ed1-4f2b-ba1d-f317ceeb0ceb: start FollowerState
2019-10-18 07:14:52,372 [Thread-2069] INFO  impl.FollowerState (FollowerState.java:run(108)) - c52c3de9-0ed1-4f2b-ba1d-f317ceeb0ceb@group-20BE3FF63202-FollowerState: change to CANDIDATE, lastRpcTime:13ms, electionTimeout:13ms
2019-10-18 07:14:52,373 [Thread-2069] INFO  impl.RoleInfo (RoleInfo.java:shutdownFollowerState(121)) - c52c3de9-0ed1-4f2b-ba1d-f317ceeb0ceb: shutdown FollowerState
2019-10-18 07:14:52,373 [Thread-2069] INFO  impl.RaftServerImpl (RaftServerImpl.java:setRole(184)) - c52c3de9-0ed1-4f2b-ba1d-f317ceeb0ceb@group-20BE3FF63202: changes role from  FOLLOWER to CANDIDATE at term 286 for changeToCandidate
2019-10-18 07:14:52,373 [Thread-2069] INFO  impl.RoleInfo (RoleInfo.java:updateAndGet(143)) - c52c3de9-0ed1-4f2b-ba1d-f317ceeb0ceb: start LeaderElection
2019-10-18 07:14:52,386 [c52c3de9-0ed1-4f2b-ba1d-f317ceeb0ceb@group-20BE3FF63202-LeaderElection241] INFO  impl.LeaderElection (LeaderElection.java:askForVotes(178)) - c52c3de9-0ed1-4f2b-ba1d-f317ceeb0ceb@group-20BE3FF63202-LeaderElection241: begin an election at term 287 for -1: [24274e9f-e41f-4654-9afc-a783ca44e44b:192.168.69.67:35902, 988115cd-21c9-4558-b198-f2cedd98ccf3:192.168.69.67:44208, c52c3de9-0ed1-4f2b-ba1d-f317ceeb0ceb:192.168.69.67:37615], old=null
2019-10-18 07:14:52,388 [grpc-default-executor-2] INFO  impl.RaftServerImpl (RaftServerImpl.java:setRole(184)) - 24274e9f-e41f-4654-9afc-a783ca44e44b@group-20BE3FF63202: changes role from  FOLLOWER to FOLLOWER at term 287 for recognizeCandidate:c52c3de9-0ed1-4f2b-ba1d-f317ceeb0ceb
2019-10-18 07:14:52,388 [grpc-default-executor-2] INFO  impl.RoleInfo (RoleInfo.java:shutdownFollowerState(121)) - 24274e9f-e41f-4654-9afc-a783ca44e44b: shutdown FollowerState
2019-10-18 07:14:52,388 [grpc-default-executor-2] INFO  impl.RoleInfo (RoleInfo.java:updateAndGet(143)) - 24274e9f-e41f-4654-9afc-a783ca44e44b: start FollowerState
2019-10-18 07:14:52,388 [Thread-2067] INFO  impl.FollowerState (FollowerState.java:run(117)) - 24274e9f-e41f-4654-9afc-a783ca44e44b@group-20BE3FF63202-FollowerState was interrupted: java.lang.InterruptedException: sleep interrupted
2019-10-18 07:14:52,388 [grpc-default-executor-5] INFO  impl.RaftServerImpl (RaftServerImpl.java:setRole(184)) - 988115cd-21c9-4558-b198-f2cedd98ccf3@group-20BE3FF63202: changes role from  FOLLOWER to FOLLOWER at term 287 for recognizeCandidate:c52c3de9-0ed1-4f2b-ba1d-f317ceeb0ceb
2019-10-18 07:14:52,388 [grpc-default-executor-5] INFO  impl.RoleInfo (RoleInfo.java:shutdownFollowerState(121)) - 988115cd-21c9-4558-b198-f2cedd98ccf3: shutdown FollowerState
2019-10-18 07:14:52,389 [grpc-default-executor-5] INFO  impl.RoleInfo (RoleInfo.java:updateAndGet(143)) - 988115cd-21c9-4558-b198-f2cedd98ccf3: start FollowerState
2019-10-18 07:14:52,389 [Thread-2068] INFO  impl.FollowerState (FollowerState.java:run(117)) - 988115cd-21c9-4558-b198-f2cedd98ccf3@group-20BE3FF63202-FollowerState was interrupted: java.lang.InterruptedException: sleep interrupted
2019-10-18 07:14:52,402 [c52c3de9-0ed1-4f2b-ba1d-f317ceeb0ceb@group-20BE3FF63202-LeaderElection241] INFO  impl.LeaderElection (LeaderElection.java:logAndReturn(56)) - c52c3de9-0ed1-4f2b-ba1d-f317ceeb0ceb@group-20BE3FF63202-LeaderElection241: Election REJECTED; received 2 response(s) [c52c3de9-0ed1-4f2b-ba1d-f317ceeb0ceb<-24274e9f-e41f-4654-9afc-a783ca44e44b#0:FAIL-t287, c52c3de9-0ed1-4f2b-ba1d-f317ceeb0ceb<-988115cd-21c9-4558-b198-f2cedd98ccf3#0:FAIL-t287] and 0 exception(s); c52c3de9-0ed1-4f2b-ba1d-f317ceeb0ceb@group-20BE3FF63202:t287, leader=null, voted=c52c3de9-0ed1-4f2b-ba1d-f317ceeb0ceb, raftlog=c52c3de9-0ed1-4f2b-ba1d-f317ceeb0ceb@group-20BE3FF63202-SegmentedRaftLog:OPENED:c-1,f-1,i0, conf=-1: [24274e9f-e41f-4654-9afc-a783ca44e44b:192.168.69.67:35902, 988115cd-21c9-4558-b198-f2cedd98ccf3:192.168.69.67:44208, c52c3de9-0ed1-4f2b-ba1d-f317ceeb0ceb:192.168.69.67:37615], old=null
2019-10-18 07:14:52,403 [c52c3de9-0ed1-4f2b-ba1d-f317ceeb0ceb@group-20BE3FF63202-LeaderElection241] INFO  impl.RaftServerImpl (RaftServerImpl.java:setRole(184)) - c52c3de9-0ed1-4f2b-ba1d-f317ceeb0ceb@group-20BE3FF63202: changes role from CANDIDATE to FOLLOWER at term 287 for DISCOVERED_A_NEW_TERM
2019-10-18 07:14:52,403 [c52c3de9-0ed1-4f2b-ba1d-f317ceeb0ceb@group-20BE3FF63202-LeaderElection241] INFO  impl.RoleInfo (RoleInfo.java:shutdownLeaderElection(134)) - c52c3de9-0ed1-4f2b-ba1d-f317ceeb0ceb: shutdown LeaderElection
2019-10-18 07:14:52,403 [c52c3de9-0ed1-4f2b-ba1d-f317ceeb0ceb@group-20BE3FF63202-LeaderElection241] INFO  impl.RoleInfo (RoleInfo.java:updateAndGet(143)) - c52c3de9-0ed1-4f2b-ba1d-f317ceeb0ceb: start FollowerState
2019-10-18 07:14:52,547 [Thread-2075] INFO  impl.FollowerState (FollowerState.java:run(108)) - c52c3de9-0ed1-4f2b-ba1d-f317ceeb0ceb@group-20BE3FF63202-FollowerState: change to CANDIDATE, lastRpcTime:144ms, electionTimeout:144ms
2019-10-18 07:14:52,548 [Thread-2075] INFO  impl.RoleInfo (RoleInfo.java:shutdownFollowerState(121)) - c52c3de9-0ed1-4f2b-ba1d-f317ceeb0ceb: shutdown FollowerState
2019-10-18 07:14:52,548 [Thread-2075] INFO  impl.RaftServerImpl (RaftServerImpl.java:setRole(184)) - c52c3de9-0ed1-4f2b-ba1d-f317ceeb0ceb@group-20BE3FF63202: changes role from  FOLLOWER to CANDIDATE at term 287 for changeToCandidate
2019-10-18 07:14:52,548 [Thread-2075] INFO  impl.RoleInfo (RoleInfo.java:updateAndGet(143)) - c52c3de9-0ed1-4f2b-ba1d-f317ceeb0ceb: start LeaderElection
2019-10-18 07:14:52,561 [c52c3de9-0ed1-4f2b-ba1d-f317ceeb0ceb@group-20BE3FF63202-LeaderElection242] INFO  impl.LeaderElection (LeaderElection.java:askForVotes(178)) - c52c3de9-0ed1-4f2b-ba1d-f317ceeb0ceb@group-20BE3FF63202-LeaderElection242: begin an election at term 288 for -1: [24274e9f-e41f-4654-9afc-a783ca44e44b:192.168.69.67:35902, 988115cd-21c9-4558-b198-f2cedd98ccf3:192.168.69.67:44208, c52c3de9-0ed1-4f2b-ba1d-f317ceeb0ceb:192.168.69.67:37615], old=null
2019-10-18 07:14:52,563 [grpc-default-executor-2] INFO  impl.RaftServerImpl (RaftServerImpl.java:setRole(184)) - 24274e9f-e41f-4654-9afc-a783ca44e44b@group-20BE3FF63202: changes role from  FOLLOWER to FOLLOWER at term 288 for recognizeCandidate:c52c3de9-0ed1-4f2b-ba1d-f317ceeb0ceb
2019-10-18 07:14:52,563 [grpc-default-executor-2] INFO  impl.RoleInfo (RoleInfo.java:shutdownFollowerState(121)) - 24274e9f-e41f-4654-9afc-a783ca44e44b: shutdown FollowerState
2019-10-18 07:14:52,564 [grpc-default-executor-2] INFO  impl.RoleInfo (RoleInfo.java:updateAndGet(143)) - 24274e9f-e41f-4654-9afc-a783ca44e44b: start FollowerState
2019-10-18 07:14:52,564 [grpc-default-executor-5] INFO  impl.RaftServerImpl (RaftServerImpl.java:setRole(184)) - 988115cd-21c9-4558-b198-f2cedd98ccf3@group-20BE3FF63202: changes role from  FOLLOWER to FOLLOWER at term 288 for recognizeCandidate:c52c3de9-0ed1-4f2b-ba1d-f317ceeb0ceb
2019-10-18 07:14:52,564 [Thread-2073] INFO  impl.FollowerState (FollowerState.java:run(117)) - 24274e9f-e41f-4654-9afc-a783ca44e44b@group-20BE3FF63202-FollowerState was interrupted: java.lang.InterruptedException: sleep interrupted
2019-10-18 07:14:52,564 [grpc-default-executor-5] INFO  impl.RoleInfo (RoleInfo.java:shutdownFollowerState(121)) - 988115cd-21c9-4558-b198-f2cedd98ccf3: shutdown FollowerState
2019-10-18 07:14:52,564 [grpc-default-executor-5] INFO  impl.RoleInfo (RoleInfo.java:updateAndGet(143)) - 988115cd-21c9-4558-b198-f2cedd98ccf3: start FollowerState
2019-10-18 07:14:52,564 [Thread-2074] INFO  impl.FollowerState (FollowerState.java:run(117)) - 988115cd-21c9-4558-b198-f2cedd98ccf3@group-20BE3FF63202-FollowerState was interrupted: java.lang.InterruptedException: sleep interrupted
2019-10-18 07:14:52,580 [c52c3de9-0ed1-4f2b-ba1d-f317ceeb0ceb@group-20BE3FF63202-LeaderElection242] INFO  impl.LeaderElection (LeaderElection.java:logAndReturn(56)) - c52c3de9-0ed1-4f2b-ba1d-f317ceeb0ceb@group-20BE3FF63202-LeaderElection242: Election REJECTED; received 2 response(s) [c52c3de9-0ed1-4f2b-ba1d-f317ceeb0ceb<-24274e9f-e41f-4654-9afc-a783ca44e44b#0:FAIL-t288, c52c3de9-0ed1-4f2b-ba1d-f317ceeb0ceb<-988115cd-21c9-4558-b198-f2cedd98ccf3#0:FAIL-t288] and 0 exception(s); c52c3de9-0ed1-4f2b-ba1d-f317ceeb0ceb@group-20BE3FF63202:t288, leader=null, voted=c52c3de9-0ed1-4f2b-ba1d-f317ceeb0ceb, raftlog=c52c3de9-0ed1-4f2b-ba1d-f317ceeb0ceb@group-20BE3FF63202-SegmentedRaftLog:OPENED:c-1,f-1,i0, conf=-1: [24274e9f-e41f-4654-9afc-a783ca44e44b:192.168.69.67:35902, 988115cd-21c9-4558-b198-f2cedd98ccf3:192.168.69.67:44208, c52c3de9-0ed1-4f2b-ba1d-f317ceeb0ceb:192.168.69.67:37615], old=null
2019-10-18 07:14:52,580 [c52c3de9-0ed1-4f2b-ba1d-f317ceeb0ceb@group-20BE3FF63202-LeaderElection242] INFO  impl.RaftServerImpl (RaftServerImpl.java:setRole(184)) - c52c3de9-0ed1-4f2b-ba1d-f317ceeb0ceb@group-20BE3FF63202: changes role from CANDIDATE to FOLLOWER at term 288 for DISCOVERED_A_NEW_TERM
2019-10-18 07:14:52,580 [c52c3de9-0ed1-4f2b-ba1d-f317ceeb0ceb@group-20BE3FF63202-LeaderElection242] INFO  impl.RoleInfo (RoleInfo.java:shutdownLeaderElection(134)) - c52c3de9-0ed1-4f2b-ba1d-f317ceeb0ceb: shutdown LeaderElection
2019-10-18 07:14:52,581 [c52c3de9-0ed1-4f2b-ba1d-f317ceeb0ceb@group-20BE3FF63202-LeaderElection242] INFO  impl.RoleInfo (RoleInfo.java:updateAndGet(143)) - c52c3de9-0ed1-4f2b-ba1d-f317ceeb0ceb: start FollowerState
2019-10-18 07:14:52,671 [Thread-2081] INFO  impl.FollowerState (FollowerState.java:run(108)) - c52c3de9-0ed1-4f2b-ba1d-f317ceeb0ceb@group-20BE3FF63202-FollowerState: change to CANDIDATE, lastRpcTime:90ms, electionTimeout:90ms
2019-10-18 07:14:52,671 [Thread-2081] INFO  impl.RoleInfo (RoleInfo.java:shutdownFollowerState(121)) - c52c3de9-0ed1-4f2b-ba1d-f317ceeb0ceb: shutdown FollowerState
2019-10-18 07:14:52,672 [Thread-2081] INFO  impl.RaftServerImpl (RaftServerImpl.java:setRole(184)) - c52c3de9-0ed1-4f2b-ba1d-f317ceeb0ceb@group-20BE3FF63202: changes role from  FOLLOWER to CANDIDATE at term 288 for changeToCandidate
2019-10-18 07:14:52,672 [Thread-2081] INFO  impl.RoleInfo (RoleInfo.java:updateAndGet(143)) - c52c3de9-0ed1-4f2b-ba1d-f317ceeb0ceb: start LeaderElection
2019-10-18 07:14:52,686 [c52c3de9-0ed1-4f2b-ba1d-f317ceeb0ceb@group-20BE3FF63202-LeaderElection243] INFO  impl.LeaderElection (LeaderElection.java:askForVotes(178)) - c52c3de9-0ed1-4f2b-ba1d-f317ceeb0ceb@group-20BE3FF63202-LeaderElection243: begin an election at term 289 for -1: [24274e9f-e41f-4654-9afc-a783ca44e44b:192.168.69.67:35902, 988115cd-21c9-4558-b198-f2cedd98ccf3:192.168.69.67:44208, c52c3de9-0ed1-4f2b-ba1d-f317ceeb0ceb:192.168.69.67:37615], old=null
2019-10-18 07:14:52,689 [grpc-default-executor-2] INFO  impl.RaftServerImpl (RaftServerImpl.java:setRole(184)) - 988115cd-21c9-4558-b198-f2cedd98ccf3@group-20BE3FF63202: changes role from  FOLLOWER to FOLLOWER at term 289 for recognizeCandidate:c52c3de9-0ed1-4f2b-ba1d-f317ceeb0ceb
2019-10-18 07:14:52,689 [grpc-default-executor-2] INFO  impl.RoleInfo (RoleInfo.java:shutdownFollowerState(121)) - 988115cd-21c9-4558-b198-f2cedd98ccf3: shutdown FollowerState
2019-10-18 07:14:52,689 [grpc-default-executor-5] INFO  impl.RaftServerImpl (RaftServerImpl.java:setRole(184)) - 24274e9f-e41f-4654-9afc-a783ca44e44b@group-20BE3FF63202: changes role from  FOLLOWER to FOLLOWER at term 289 for recognizeCandidate:c52c3de9-0ed1-4f2b-ba1d-f317ceeb0ceb
2019-10-18 07:14:52,690 [grpc-default-executor-5] INFO  impl.RoleInfo (RoleInfo.java:shutdownFollowerState(121)) - 24274e9f-e41f-4654-9afc-a783ca44e44b: shutdown FollowerState
2019-10-18 07:14:52,690 [Thread-2080] INFO  impl.FollowerState (FollowerState.java:run(117)) - 988115cd-21c9-4558-b198-f2cedd98ccf3@group-20BE3FF63202-FollowerState was interrupted: java.lang.InterruptedException: sleep interrupted
2019-10-18 07:14:52,689 [grpc-default-executor-2] INFO  impl.RoleInfo (RoleInfo.java:updateAndGet(143)) - 988115cd-21c9-4558-b198-f2cedd98ccf3: start FollowerState
2019-10-18 07:14:52,690 [Thread-2079] INFO  impl.FollowerState (FollowerState.java:run(117)) - 24274e9f-e41f-4654-9afc-a783ca44e44b@group-20BE3FF63202-FollowerState was interrupted: java.lang.InterruptedException: sleep interrupted
2019-10-18 07:14:52,690 [grpc-default-executor-5] INFO  impl.RoleInfo (RoleInfo.java:updateAndGet(143)) - 24274e9f-e41f-4654-9afc-a783ca44e44b: start FollowerState
2019-10-18 07:14:52,694 [c52c3de9-0ed1-4f2b-ba1d-f317ceeb0ceb@group-20BE3FF63202-LeaderElection243] INFO  impl.LeaderElection (LeaderElection.java:logAndReturn(56)) - c52c3de9-0ed1-4f2b-ba1d-f317ceeb0ceb@group-20BE3FF63202-LeaderElection243: Election TIMEOUT; received 0 response(s) [] and 0 exception(s); c52c3de9-0ed1-4f2b-ba1d-f317ceeb0ceb@group-20BE3FF63202:t289, leader=null, voted=c52c3de9-0ed1-4f2b-ba1d-f317ceeb0ceb, raftlog=c52c3de9-0ed1-4f2b-ba1d-f317ceeb0ceb@group-20BE3FF63202-SegmentedRaftLog:OPENED:c-1,f-1,i0, conf=-1: [24274e9f-e41f-4654-9afc-a783ca44e44b:192.168.69.67:35902, 988115cd-21c9-4558-b198-f2cedd98ccf3:192.168.69.67:44208, c52c3de9-0ed1-4f2b-ba1d-f317ceeb0ceb:192.168.69.67:37615], old=null
2019-10-18 07:14:52,704 [c52c3de9-0ed1-4f2b-ba1d-f317ceeb0ceb@group-20BE3FF63202-LeaderElection243] INFO  impl.LeaderElection (LeaderElection.java:askForVotes(178)) - c52c3de9-0ed1-4f2b-ba1d-f317ceeb0ceb@group-20BE3FF63202-LeaderElection243: begin an election at term 290 for -1: [24274e9f-e41f-4654-9afc-a783ca44e44b:192.168.69.67:35902, 988115cd-21c9-4558-b198-f2cedd98ccf3:192.168.69.67:44208, c52c3de9-0ed1-4f2b-ba1d-f317ceeb0ceb:192.168.69.67:37615], old=null
2019-10-18 07:14:52,706 [grpc-default-executor-5] INFO  impl.RaftServerImpl (RaftServerImpl.java:setRole(184)) - 24274e9f-e41f-4654-9afc-a783ca44e44b@group-20BE3FF63202: changes role from  FOLLOWER to FOLLOWER at term 290 for recognizeCandidate:c52c3de9-0ed1-4f2b-ba1d-f317ceeb0ceb
2019-10-18 07:14:52,706 [grpc-default-executor-2] INFO  impl.RaftServerImpl (RaftServerImpl.java:setRole(184)) - 988115cd-21c9-4558-b198-f2cedd98ccf3@group-20BE3FF63202: changes role from  FOLLOWER to FOLLOWER at term 290 for recognizeCandidate:c52c3de9-0ed1-4f2b-ba1d-f317ceeb0ceb
2019-10-18 07:14:52,706 [grpc-default-executor-5] INFO  impl.RoleInfo (RoleInfo.java:shutdownFollowerState(121)) - 24274e9f-e41f-4654-9afc-a783ca44e44b: shutdown FollowerState
2019-10-18 07:14:52,707 [grpc-default-executor-2] INFO  impl.RoleInfo (RoleInfo.java:shutdownFollowerState(121)) - 988115cd-21c9-4558-b198-f2cedd98ccf3: shutdown FollowerState
2019-10-18 07:14:52,707 [Thread-2086] INFO  impl.FollowerState (FollowerState.java:run(117)) - 24274e9f-e41f-4654-9afc-a783ca44e44b@group-20BE3FF63202-FollowerState was interrupted: java.lang.InterruptedException: sleep interrupted
2019-10-18 07:14:52,707 [grpc-default-executor-5] INFO  impl.RoleInfo (RoleInfo.java:updateAndGet(143)) - 24274e9f-e41f-4654-9afc-a783ca44e44b: start FollowerState
2019-10-18 07:14:52,707 [Thread-2085] INFO  impl.FollowerState (FollowerState.java:run(117)) - 988115cd-21c9-4558-b198-f2cedd98ccf3@group-20BE3FF63202-FollowerState was interrupted: java.lang.InterruptedException: sleep interrupted
2019-10-18 07:14:52,707 [grpc-default-executor-2] INFO  impl.RoleInfo (RoleInfo.java:updateAndGet(143)) - 988115cd-21c9-4558-b198-f2cedd98ccf3: start FollowerState
2019-10-18 07:14:52,733 [c52c3de9-0ed1-4f2b-ba1d-f317ceeb0ceb@group-20BE3FF63202-LeaderElection243] INFO  impl.LeaderElection (LeaderElection.java:logAndReturn(56)) - c52c3de9-0ed1-4f2b-ba1d-f317ceeb0ceb@group-20BE3FF63202-LeaderElection243: Election REJECTED; received 2 response(s) [c52c3de9-0ed1-4f2b-ba1d-f317ceeb0ceb<-24274e9f-e41f-4654-9afc-a783ca44e44b#0:FAIL-t290, c52c3de9-0ed1-4f2b-ba1d-f317ceeb0ceb<-988115cd-21c9-4558-b198-f2cedd98ccf3#0:FAIL-t290] and 0 exception(s); c52c3de9-0ed1-4f2b-ba1d-f317ceeb0ceb@group-20BE3FF63202:t290, leader=null, voted=c52c3de9-0ed1-4f2b-ba1d-f317ceeb0ceb, raftlog=c52c3de9-0ed1-4f2b-ba1d-f317ceeb0ceb@group-20BE3FF63202-SegmentedRaftLog:OPENED:c-1,f-1,i0, conf=-1: [24274e9f-e41f-4654-9afc-a783ca44e44b:192.168.69.67:35902, 988115cd-21c9-4558-b198-f2cedd98ccf3:192.168.69.67:44208, c52c3de9-0ed1-4f2b-ba1d-f317ceeb0ceb:192.168.69.67:37615], old=null
2019-10-18 07:14:52,733 [c52c3de9-0ed1-4f2b-ba1d-f317ceeb0ceb@group-20BE3FF63202-LeaderElection243] INFO  impl.RaftServerImpl (RaftServerImpl.java:setRole(184)) - c52c3de9-0ed1-4f2b-ba1d-f317ceeb0ceb@group-20BE3FF63202: changes role from CANDIDATE to FOLLOWER at term 290 for DISCOVERED_A_NEW_TERM
2019-10-18 07:14:52,733 [c52c3de9-0ed1-4f2b-ba1d-f317ceeb0ceb@group-20BE3FF63202-LeaderElection243] INFO  impl.RoleInfo (RoleInfo.java:shutdownLeaderElection(134)) - c52c3de9-0ed1-4f2b-ba1d-f317ceeb0ceb: shutdown LeaderElection
2019-10-18 07:14:52,733 [c52c3de9-0ed1-4f2b-ba1d-f317ceeb0ceb@group-20BE3FF63202-LeaderElection243] INFO  impl.RoleInfo (RoleInfo.java:updateAndGet(143)) - c52c3de9-0ed1-4f2b-ba1d-f317ceeb0ceb: start FollowerState
2019-10-18 07:14:52,741 [Thread-2091] INFO  impl.FollowerState (FollowerState.java:run(108)) - c52c3de9-0ed1-4f2b-ba1d-f317ceeb0ceb@group-20BE3FF63202-FollowerState: change to CANDIDATE, lastRpcTime:8ms, electionTimeout:8ms
2019-10-18 07:14:52,742 [Thread-2091] INFO  impl.RoleInfo (RoleInfo.java:shutdownFollowerState(121)) - c52c3de9-0ed1-4f2b-ba1d-f317ceeb0ceb: shutdown FollowerState
2019-10-18 07:14:52,742 [Thread-2091] INFO  impl.RaftServerImpl (RaftServerImpl.java:setRole(184)) - c52c3de9-0ed1-4f2b-ba1d-f317ceeb0ceb@group-20BE3FF63202: changes role from  FOLLOWER to CANDIDATE at term 290 for changeToCandidate
2019-10-18 07:14:52,742 [Thread-2091] INFO  impl.RoleInfo (RoleInfo.java:updateAndGet(143)) - c52c3de9-0ed1-4f2b-ba1d-f317ceeb0ceb: start LeaderElection
2019-10-18 07:14:52,755 [c52c3de9-0ed1-4f2b-ba1d-f317ceeb0ceb@group-20BE3FF63202-LeaderElection244] INFO  impl.LeaderElection (LeaderElection.java:askForVotes(178)) - c52c3de9-0ed1-4f2b-ba1d-f317ceeb0ceb@group-20BE3FF63202-LeaderElection244: begin an election at term 291 for -1: [24274e9f-e41f-4654-9afc-a783ca44e44b:192.168.69.67:35902, 988115cd-21c9-4558-b198-f2cedd98ccf3:192.168.69.67:44208, c52c3de9-0ed1-4f2b-ba1d-f317ceeb0ceb:192.168.69.67:37615], old=null
2019-10-18 07:14:52,757 [grpc-default-executor-2] INFO  impl.RaftServerImpl (RaftServerImpl.java:setRole(184)) - 24274e9f-e41f-4654-9afc-a783ca44e44b@group-20BE3FF63202: changes role from  FOLLOWER to FOLLOWER at term 291 for recognizeCandidate:c52c3de9-0ed1-4f2b-ba1d-f317ceeb0ceb
2019-10-18 07:14:52,757 [grpc-default-executor-5] INFO  impl.RaftServerImpl (RaftServerImpl.java:setRole(184)) - 988115cd-21c9-4558-b198-f2cedd98ccf3@group-20BE3FF63202: changes role from  FOLLOWER to FOLLOWER at term 291 for recognizeCandidate:c52c3de9-0ed1-4f2b-ba1d-f317ceeb0ceb
2019-10-18 07:14:52,757 [grpc-default-executor-5] INFO  impl.RoleInfo (RoleInfo.java:shutdownFollowerState(121)) - 988115cd-21c9-4558-b198-f2cedd98ccf3: shutdown FollowerState
2019-10-18 07:14:52,757 [grpc-default-executor-2] INFO  impl.RoleInfo (RoleInfo.java:shutdownFollowerState(121)) - 24274e9f-e41f-4654-9afc-a783ca44e44b: shutdown FollowerState
2019-10-18 07:14:52,757 [Thread-2090] INFO  impl.FollowerState (FollowerState.java:run(117)) - 988115cd-21c9-4558-b198-f2cedd98ccf3@group-20BE3FF63202-FollowerState was interrupted: java.lang.InterruptedException: sleep interrupted
2019-10-18 07:14:52,758 [Thread-2089] INFO  impl.FollowerState (FollowerState.java:run(117)) - 24274e9f-e41f-4654-9afc-a783ca44e44b@group-20BE3FF63202-FollowerState was interrupted: java.lang.InterruptedException: sleep interrupted
2019-10-18 07:14:52,757 [grpc-default-executor-5] INFO  impl.RoleInfo (RoleInfo.java:updateAndGet(143)) - 988115cd-21c9-4558-b198-f2cedd98ccf3: start FollowerState
2019-10-18 07:14:52,758 [grpc-default-executor-2] INFO  impl.RoleInfo (RoleInfo.java:updateAndGet(143)) - 24274e9f-e41f-4654-9afc-a783ca44e44b: start FollowerState
2019-10-18 07:14:52,772 [c52c3de9-0ed1-4f2b-ba1d-f317ceeb0ceb@group-20BE3FF63202-LeaderElection244] INFO  impl.LeaderElection (LeaderElection.java:logAndReturn(56)) - c52c3de9-0ed1-4f2b-ba1d-f317ceeb0ceb@group-20BE3FF63202-LeaderElection244: Election REJECTED; received 2 response(s) [c52c3de9-0ed1-4f2b-ba1d-f317ceeb0ceb<-24274e9f-e41f-4654-9afc-a783ca44e44b#0:FAIL-t291, c52c3de9-0ed1-4f2b-ba1d-f317ceeb0ceb<-988115cd-21c9-4558-b198-f2cedd98ccf3#0:FAIL-t291] and 0 exception(s); c52c3de9-0ed1-4f2b-ba1d-f317ceeb0ceb@group-20BE3FF63202:t291, leader=null, voted=c52c3de9-0ed1-4f2b-ba1d-f317ceeb0ceb, raftlog=c52c3de9-0ed1-4f2b-ba1d-f317ceeb0ceb@group-20BE3FF63202-SegmentedRaftLog:OPENED:c-1,f-1,i0, conf=-1: [24274e9f-e41f-4654-9afc-a783ca44e44b:192.168.69.67:35902, 988115cd-21c9-4558-b198-f2cedd98ccf3:192.168.69.67:44208, c52c3de9-0ed1-4f2b-ba1d-f317ceeb0ceb:192.168.69.67:37615], old=null
2019-10-18 07:14:52,773 [c52c3de9-0ed1-4f2b-ba1d-f317ceeb0ceb@group-20BE3FF63202-LeaderElection244] INFO  impl.RaftServerImpl (RaftServerImpl.java:setRole(184)) - c52c3de9-0ed1-4f2b-ba1d-f317ceeb0ceb@group-20BE3FF63202: changes role from CANDIDATE to FOLLOWER at term 291 for DISCOVERED_A_NEW_TERM
2019-10-18 07:14:52,773 [c52c3de9-0ed1-4f2b-ba1d-f317ceeb0ceb@group-20BE3FF63202-LeaderElection244] INFO  impl.RoleInfo (RoleInfo.java:shutdownLeaderElection(134)) - c52c3de9-0ed1-4f2b-ba1d-f317ceeb0ceb: shutdown LeaderElection
2019-10-18 07:14:52,773 [c52c3de9-0ed1-4f2b-ba1d-f317ceeb0ceb@group-20BE3FF63202-LeaderElection244] INFO  impl.RoleInfo (RoleInfo.java:updateAndGet(143)) - c52c3de9-0ed1-4f2b-ba1d-f317ceeb0ceb: start FollowerState
2019-10-18 07:14:52,779 [EventQueue-StaleNodeForStaleNodeHandler] INFO  node.StaleNodeHandler (StaleNodeHandler.java:onMessage(58)) - Datanode 24274e9f-e41f-4654-9afc-a783ca44e44b{ip: 192.168.69.67, host: pr-hdds-1868-wx8dl-4219780377, networkLocation: /default-rack, certSerialId: null} moved to stale state. Finalizing its pipelines [PipelineID=ec1fcde6-a599-4756-a64d-20be3ff63202, PipelineID=c7ff1332-2908-4f2b-97b6-d0dacceeb899]
2019-10-18 07:14:52,779 [EventQueue-StaleNodeForStaleNodeHandler] INFO  pipeline.SCMPipelineManager (SCMPipelineManager.java:finalizeAndDestroyPipeline(315)) - destroying pipeline:Pipeline[ Id: ec1fcde6-a599-4756-a64d-20be3ff63202, Nodes: 988115cd-21c9-4558-b198-f2cedd98ccf3{ip: 192.168.69.67, host: pr-hdds-1868-wx8dl-4219780377, networkLocation: /default-rack, certSerialId: null}24274e9f-e41f-4654-9afc-a783ca44e44b{ip: 192.168.69.67, host: pr-hdds-1868-wx8dl-4219780377, networkLocation: /default-rack, certSerialId: null}c52c3de9-0ed1-4f2b-ba1d-f317ceeb0ceb{ip: 192.168.69.67, host: pr-hdds-1868-wx8dl-4219780377, networkLocation: /default-rack, certSerialId: null}, Type:RATIS, Factor:THREE, State:ALLOCATED]
2019-10-18 07:14:52,779 [EventQueue-StaleNodeForStaleNodeHandler] INFO  pipeline.PipelineStateManager (PipelineStateManager.java:finalizePipeline(121)) - Pipeline Pipeline[ Id: ec1fcde6-a599-4756-a64d-20be3ff63202, Nodes: 988115cd-21c9-4558-b198-f2cedd98ccf3{ip: 192.168.69.67, host: pr-hdds-1868-wx8dl-4219780377, networkLocation: /default-rack, certSerialId: null}24274e9f-e41f-4654-9afc-a783ca44e44b{ip: 192.168.69.67, host: pr-hdds-1868-wx8dl-4219780377, networkLocation: /default-rack, certSerialId: null}c52c3de9-0ed1-4f2b-ba1d-f317ceeb0ceb{ip: 192.168.69.67, host: pr-hdds-1868-wx8dl-4219780377, networkLocation: /default-rack, certSerialId: null}, Type:RATIS, Factor:THREE, State:CLOSED] moved to CLOSED state
2019-10-18 07:14:52,779 [EventQueue-StaleNodeForStaleNodeHandler] INFO  pipeline.SCMPipelineManager (SCMPipelineManager.java:finalizeAndDestroyPipeline(315)) - destroying pipeline:Pipeline[ Id: c7ff1332-2908-4f2b-97b6-d0dacceeb899, Nodes: 24274e9f-e41f-4654-9afc-a783ca44e44b{ip: 192.168.69.67, host: pr-hdds-1868-wx8dl-4219780377, networkLocation: /default-rack, certSerialId: null}, Type:RATIS, Factor:ONE, State:OPEN]
2019-10-18 07:14:52,780 [EventQueue-StaleNodeForStaleNodeHandler] INFO  pipeline.PipelineStateManager (PipelineStateManager.java:finalizePipeline(121)) - Pipeline Pipeline[ Id: c7ff1332-2908-4f2b-97b6-d0dacceeb899, Nodes: 24274e9f-e41f-4654-9afc-a783ca44e44b{ip: 192.168.69.67, host: pr-hdds-1868-wx8dl-4219780377, networkLocation: /default-rack, certSerialId: null}, Type:RATIS, Factor:ONE, State:CLOSED] moved to CLOSED state
2019-10-18 07:14:52,780 [EventQueue-StaleNodeForStaleNodeHandler] INFO  node.StaleNodeHandler (StaleNodeHandler.java:onMessage(58)) - Datanode 48796f01-a45e-4e78-98f3-7a8f6b07cc28{ip: 192.168.69.67, host: pr-hdds-1868-wx8dl-4219780377, networkLocation: /default-rack, certSerialId: null} moved to stale state. Finalizing its pipelines [PipelineID=b0f1b480-d2cf-4121-bb21-7dc3b7510cfe, PipelineID=1211d451-7dd4-481e-bb6d-afd3e3a39739]
2019-10-18 07:14:52,780 [EventQueue-StaleNodeForStaleNodeHandler] INFO  pipeline.SCMPipelineManager (SCMPipelineManager.java:finalizeAndDestroyPipeline(315)) - destroying pipeline:Pipeline[ Id: b0f1b480-d2cf-4121-bb21-7dc3b7510cfe, Nodes: 48796f01-a45e-4e78-98f3-7a8f6b07cc28{ip: 192.168.69.67, host: pr-hdds-1868-wx8dl-4219780377, networkLocation: /default-rack, certSerialId: null}, Type:RATIS, Factor:ONE, State:OPEN]
2019-10-18 07:14:52,780 [EventQueue-StaleNodeForStaleNodeHandler] INFO  pipeline.PipelineStateManager (PipelineStateManager.java:finalizePipeline(121)) - Pipeline Pipeline[ Id: b0f1b480-d2cf-4121-bb21-7dc3b7510cfe, Nodes: 48796f01-a45e-4e78-98f3-7a8f6b07cc28{ip: 192.168.69.67, host: pr-hdds-1868-wx8dl-4219780377, networkLocation: /default-rack, certSerialId: null}, Type:RATIS, Factor:ONE, State:CLOSED] moved to CLOSED state
2019-10-18 07:14:52,780 [EventQueue-StaleNodeForStaleNodeHandler] INFO  pipeline.SCMPipelineManager (SCMPipelineManager.java:finalizeAndDestroyPipeline(315)) - destroying pipeline:Pipeline[ Id: 1211d451-7dd4-481e-bb6d-afd3e3a39739, Nodes: f7ab671b-901b-4a48-a9a9-f6c73ab18394{ip: 192.168.69.67, host: pr-hdds-1868-wx8dl-4219780377, networkLocation: /default-rack, certSerialId: null}d2e56473-8267-4871-9849-be2e71e1a2dc{ip: 192.168.69.67, host: pr-hdds-1868-wx8dl-4219780377, networkLocation: /default-rack, certSerialId: null}48796f01-a45e-4e78-98f3-7a8f6b07cc28{ip: 192.168.69.67, host: pr-hdds-1868-wx8dl-4219780377, networkLocation: /default-rack, certSerialId: null}, Type:RATIS, Factor:THREE, State:CLOSED]
2019-10-18 07:14:52,907 [Thread-2097] INFO  impl.FollowerState (FollowerState.java:run(108)) - c52c3de9-0ed1-4f2b-ba1d-f317ceeb0ceb@group-20BE3FF63202-FollowerState: change to CANDIDATE, lastRpcTime:134ms, electionTimeout:134ms
2019-10-18 07:14:52,908 [Thread-2097] INFO  impl.RoleInfo (RoleInfo.java:shutdownFollowerState(121)) - c52c3de9-0ed1-4f2b-ba1d-f317ceeb0ceb: shutdown FollowerState
2019-10-18 07:14:52,908 [Thread-2097] INFO  impl.RaftServerImpl (RaftServerImpl.java:setRole(184)) - c52c3de9-0ed1-4f2b-ba1d-f317ceeb0ceb@group-20BE3FF63202: changes role from  FOLLOWER to CANDIDATE at term 291 for changeToCandidate
2019-10-18 07:14:52,908 [Thread-2097] INFO  impl.RoleInfo (RoleInfo.java:updateAndGet(143)) - c52c3de9-0ed1-4f2b-ba1d-f317ceeb0ceb: start LeaderElection
2019-10-18 07:14:52,922 [c52c3de9-0ed1-4f2b-ba1d-f317ceeb0ceb@group-20BE3FF63202-LeaderElection245] INFO  impl.LeaderElection (LeaderElection.java:askForVotes(178)) - c52c3de9-0ed1-4f2b-ba1d-f317ceeb0ceb@group-20BE3FF63202-LeaderElection245: begin an election at term 292 for -1: [24274e9f-e41f-4654-9afc-a783ca44e44b:192.168.69.67:35902, 988115cd-21c9-4558-b198-f2cedd98ccf3:192.168.69.67:44208, c52c3de9-0ed1-4f2b-ba1d-f317ceeb0ceb:192.168.69.67:37615], old=null
2019-10-18 07:14:52,924 [grpc-default-executor-2] INFO  impl.RaftServerImpl (RaftServerImpl.java:setRole(184)) - 24274e9f-e41f-4654-9afc-a783ca44e44b@group-20BE3FF63202: changes role from  FOLLOWER to FOLLOWER at term 292 for recognizeCandidate:c52c3de9-0ed1-4f2b-ba1d-f317ceeb0ceb
2019-10-18 07:14:52,924 [grpc-default-executor-2] INFO  impl.RoleInfo (RoleInfo.java:shutdownFollowerState(121)) - 24274e9f-e41f-4654-9afc-a783ca44e44b: shutdown FollowerState
2019-10-18 07:14:52,924 [grpc-default-executor-5] INFO  impl.RaftServerImpl (RaftServerImpl.java:setRole(184)) - 988115cd-21c9-4558-b198-f2cedd98ccf3@group-20BE3FF63202: changes role from  FOLLOWER to FOLLOWER at term 292 for recognizeCandidate:c52c3de9-0ed1-4f2b-ba1d-f317ceeb0ceb
2019-10-18 07:14:52,925 [Thread-2096] INFO  impl.FollowerState (FollowerState.java:run(117)) - 24274e9f-e41f-4654-9afc-a783ca44e44b@group-20BE3FF63202-FollowerState was interrupted: java.lang.InterruptedException: sleep interrupted
2019-10-18 07:14:52,925 [grpc-default-executor-2] INFO  impl.RoleInfo (RoleInfo.java:updateAndGet(143)) - 24274e9f-e41f-4654-9afc-a783ca44e44b: start FollowerState
2019-10-18 07:14:52,925 [grpc-default-executor-5] INFO  impl.RoleInfo (RoleInfo.java:shutdownFollowerState(121)) - 988115cd-21c9-4558-b198-f2cedd98ccf3: shutdown FollowerState
2019-10-18 07:14:52,925 [grpc-default-executor-5] INFO  impl.RoleInfo (RoleInfo.java:updateAndGet(143)) - 988115cd-21c9-4558-b198-f2cedd98ccf3: start FollowerState
2019-10-18 07:14:52,925 [Thread-2095] INFO  impl.FollowerState (FollowerState.java:run(117)) - 988115cd-21c9-4558-b198-f2cedd98ccf3@group-20BE3FF63202-FollowerState was interrupted: java.lang.InterruptedException: sleep interrupted
2019-10-18 07:14:52,940 [c52c3de9-0ed1-4f2b-ba1d-f317ceeb0ceb@group-20BE3FF63202-LeaderElection245] INFO  impl.LeaderElection (LeaderElection.java:logAndReturn(56)) - c52c3de9-0ed1-4f2b-ba1d-f317ceeb0ceb@group-20BE3FF63202-LeaderElection245: Election REJECTED; received 2 response(s) [c52c3de9-0ed1-4f2b-ba1d-f317ceeb0ceb<-24274e9f-e41f-4654-9afc-a783ca44e44b#0:FAIL-t292, c52c3de9-0ed1-4f2b-ba1d-f317ceeb0ceb<-988115cd-21c9-4558-b198-f2cedd98ccf3#0:FAIL-t292] and 0 exception(s); c52c3de9-0ed1-4f2b-ba1d-f317ceeb0ceb@group-20BE3FF63202:t292, leader=null, voted=c52c3de9-0ed1-4f2b-ba1d-f317ceeb0ceb, raftlog=c52c3de9-0ed1-4f2b-ba1d-f317ceeb0ceb@group-20BE3FF63202-SegmentedRaftLog:OPENED:c-1,f-1,i0, conf=-1: [24274e9f-e41f-4654-9afc-a783ca44e44b:192.168.69.67:35902, 988115cd-21c9-4558-b198-f2cedd98ccf3:192.168.69.67:44208, c52c3de9-0ed1-4f2b-ba1d-f317ceeb0ceb:192.168.69.67:37615], old=null
2019-10-18 07:14:52,940 [c52c3de9-0ed1-4f2b-ba1d-f317ceeb0ceb@group-20BE3FF63202-LeaderElection245] INFO  impl.RaftServerImpl (RaftServerImpl.java:setRole(184)) - c52c3de9-0ed1-4f2b-ba1d-f317ceeb0ceb@group-20BE3FF63202: changes role from CANDIDATE to FOLLOWER at term 292 for DISCOVERED_A_NEW_TERM
2019-10-18 07:14:52,940 [c52c3de9-0ed1-4f2b-ba1d-f317ceeb0ceb@group-20BE3FF63202-LeaderElection245] INFO  impl.RoleInfo (RoleInfo.java:shutdownLeaderElection(134)) - c52c3de9-0ed1-4f2b-ba1d-f317ceeb0ceb: shutdown LeaderElection
2019-10-18 07:14:52,941 [c52c3de9-0ed1-4f2b-ba1d-f317ceeb0ceb@group-20BE3FF63202-LeaderElection245] INFO  impl.RoleInfo (RoleInfo.java:updateAndGet(143)) - c52c3de9-0ed1-4f2b-ba1d-f317ceeb0ceb: start FollowerState
2019-10-18 07:14:53,113 [Thread-2104] INFO  impl.FollowerState (FollowerState.java:run(108)) - c52c3de9-0ed1-4f2b-ba1d-f317ceeb0ceb@group-20BE3FF63202-FollowerState: change to CANDIDATE, lastRpcTime:172ms, electionTimeout:172ms
2019-10-18 07:14:53,113 [Thread-2104] INFO  impl.RoleInfo (RoleInfo.java:shutdownFollowerState(121)) - c52c3de9-0ed1-4f2b-ba1d-f317ceeb0ceb: shutdown FollowerState
2019-10-18 07:14:53,114 [Thread-2104] INFO  impl.RaftServerImpl (RaftServerImpl.java:setRole(184)) - c52c3de9-0ed1-4f2b-ba1d-f317ceeb0ceb@group-20BE3FF63202: changes role from  FOLLOWER to CANDIDATE at term 292 for changeToCandidate
2019-10-18 07:14:53,114 [Thread-2104] INFO  impl.RoleInfo (RoleInfo.java:updateAndGet(143)) - c52c3de9-0ed1-4f2b-ba1d-f317ceeb0ceb: start LeaderElection
2019-10-18 07:14:53,133 [c52c3de9-0ed1-4f2b-ba1d-f317ceeb0ceb@group-20BE3FF63202-LeaderElection246] INFO  impl.LeaderElection (LeaderElection.java:askForVotes(178)) - c52c3de9-0ed1-4f2b-ba1d-f317ceeb0ceb@group-20BE3FF63202-LeaderElection246: begin an election at term 293 for -1: [24274e9f-e41f-4654-9afc-a783ca44e44b:192.168.69.67:35902, 988115cd-21c9-4558-b198-f2cedd98ccf3:192.168.69.67:44208, c52c3de9-0ed1-4f2b-ba1d-f317ceeb0ceb:192.168.69.67:37615], old=null
2019-10-18 07:14:53,135 [grpc-default-executor-2] INFO  impl.RaftServerImpl (RaftServerImpl.java:setRole(184)) - 988115cd-21c9-4558-b198-f2cedd98ccf3@group-20BE3FF63202: changes role from  FOLLOWER to FOLLOWER at term 293 for recognizeCandidate:c52c3de9-0ed1-4f2b-ba1d-f317ceeb0ceb
2019-10-18 07:14:53,135 [grpc-default-executor-5] INFO  impl.RaftServerImpl (RaftServerImpl.java:setRole(184)) - 24274e9f-e41f-4654-9afc-a783ca44e44b@group-20BE3FF63202: changes role from  FOLLOWER to FOLLOWER at term 293 for recognizeCandidate:c52c3de9-0ed1-4f2b-ba1d-f317ceeb0ceb
2019-10-18 07:14:53,136 [grpc-default-executor-5] INFO  impl.RoleInfo (RoleInfo.java:shutdownFollowerState(121)) - 24274e9f-e41f-4654-9afc-a783ca44e44b: shutdown FollowerState
2019-10-18 07:14:53,135 [grpc-default-executor-2] INFO  impl.RoleInfo (RoleInfo.java:shutdownFollowerState(121)) - 988115cd-21c9-4558-b198-f2cedd98ccf3: shutdown FollowerState
2019-10-18 07:14:53,136 [Thread-2102] INFO  impl.FollowerState (FollowerState.java:run(117)) - 24274e9f-e41f-4654-9afc-a783ca44e44b@group-20BE3FF63202-FollowerState was interrupted: java.lang.InterruptedException: sleep interrupted
2019-10-18 07:14:53,136 [grpc-default-executor-5] INFO  impl.RoleInfo (RoleInfo.java:updateAndGet(143)) - 24274e9f-e41f-4654-9afc-a783ca44e44b: start FollowerState
2019-10-18 07:14:53,136 [Thread-2103] INFO  impl.FollowerState (FollowerState.java:run(117)) - 988115cd-21c9-4558-b198-f2cedd98ccf3@group-20BE3FF63202-FollowerState was interrupted: java.lang.InterruptedException: sleep interrupted
2019-10-18 07:14:53,136 [grpc-default-executor-2] INFO  impl.RoleInfo (RoleInfo.java:updateAndGet(143)) - 988115cd-21c9-4558-b198-f2cedd98ccf3: start FollowerState
2019-10-18 07:14:53,151 [c52c3de9-0ed1-4f2b-ba1d-f317ceeb0ceb@group-20BE3FF63202-LeaderElection246] INFO  impl.LeaderElection (LeaderElection.java:logAndReturn(56)) - c52c3de9-0ed1-4f2b-ba1d-f317ceeb0ceb@group-20BE3FF63202-LeaderElection246: Election REJECTED; received 2 response(s) [c52c3de9-0ed1-4f2b-ba1d-f317ceeb0ceb<-24274e9f-e41f-4654-9afc-a783ca44e44b#0:FAIL-t293, c52c3de9-0ed1-4f2b-ba1d-f317ceeb0ceb<-988115cd-21c9-4558-b198-f2cedd98ccf3#0:FAIL-t293] and 0 exception(s); c52c3de9-0ed1-4f2b-ba1d-f317ceeb0ceb@group-20BE3FF63202:t293, leader=null, voted=c52c3de9-0ed1-4f2b-ba1d-f317ceeb0ceb, raftlog=c52c3de9-0ed1-4f2b-ba1d-f317ceeb0ceb@group-20BE3FF63202-SegmentedRaftLog:OPENED:c-1,f-1,i0, conf=-1: [24274e9f-e41f-4654-9afc-a783ca44e44b:192.168.69.67:35902, 988115cd-21c9-4558-b198-f2cedd98ccf3:192.168.69.67:44208, c52c3de9-0ed1-4f2b-ba1d-f317ceeb0ceb:192.168.69.67:37615], old=null
2019-10-18 07:14:53,151 [c52c3de9-0ed1-4f2b-ba1d-f317ceeb0ceb@group-20BE3FF63202-LeaderElection246] INFO  impl.RaftServerImpl (RaftServerImpl.java:setRole(184)) - c52c3de9-0ed1-4f2b-ba1d-f317ceeb0ceb@group-20BE3FF63202: changes role from CANDIDATE to FOLLOWER at term 293 for DISCOVERED_A_NEW_TERM
2019-10-18 07:14:53,151 [c52c3de9-0ed1-4f2b-ba1d-f317ceeb0ceb@group-20BE3FF63202-LeaderElection246] INFO  impl.RoleInfo (RoleInfo.java:shutdownLeaderElection(134)) - c52c3de9-0ed1-4f2b-ba1d-f317ceeb0ceb: shutdown LeaderElection
2019-10-18 07:14:53,151 [c52c3de9-0ed1-4f2b-ba1d-f317ceeb0ceb@group-20BE3FF63202-LeaderElection246] INFO  impl.RoleInfo (RoleInfo.java:updateAndGet(143)) - c52c3de9-0ed1-4f2b-ba1d-f317ceeb0ceb: start FollowerState
2019-10-18 07:14:53,337 [Thread-2110] INFO  impl.FollowerState (FollowerState.java:run(108)) - c52c3de9-0ed1-4f2b-ba1d-f317ceeb0ceb@group-20BE3FF63202-FollowerState: change to CANDIDATE, lastRpcTime:185ms, electionTimeout:185ms
2019-10-18 07:14:53,337 [Thread-2110] INFO  impl.RoleInfo (RoleInfo.java:shutdownFollowerState(121)) - c52c3de9-0ed1-4f2b-ba1d-f317ceeb0ceb: shutdown FollowerState
2019-10-18 07:14:53,337 [Thread-2110] INFO  impl.RaftServerImpl (RaftServerImpl.java:setRole(184)) - c52c3de9-0ed1-4f2b-ba1d-f317ceeb0ceb@group-20BE3FF63202: changes role from  FOLLOWER to CANDIDATE at term 293 for changeToCandidate
2019-10-18 07:14:53,338 [Thread-2110] INFO  impl.RoleInfo (RoleInfo.java:updateAndGet(143)) - c52c3de9-0ed1-4f2b-ba1d-f317ceeb0ceb: start LeaderElection
2019-10-18 07:14:53,352 [c52c3de9-0ed1-4f2b-ba1d-f317ceeb0ceb@group-20BE3FF63202-LeaderElection247] INFO  impl.LeaderElection (LeaderElection.java:askForVotes(178)) - c52c3de9-0ed1-4f2b-ba1d-f317ceeb0ceb@group-20BE3FF63202-LeaderElection247: begin an election at term 294 for -1: [24274e9f-e41f-4654-9afc-a783ca44e44b:192.168.69.67:35902, 988115cd-21c9-4558-b198-f2cedd98ccf3:192.168.69.67:44208, c52c3de9-0ed1-4f2b-ba1d-f317ceeb0ceb:192.168.69.67:37615], old=null
2019-10-18 07:14:53,354 [grpc-default-executor-2] INFO  impl.RaftServerImpl (RaftServerImpl.java:setRole(184)) - 24274e9f-e41f-4654-9afc-a783ca44e44b@group-20BE3FF63202: changes role from  FOLLOWER to FOLLOWER at term 294 for recognizeCandidate:c52c3de9-0ed1-4f2b-ba1d-f317ceeb0ceb
2019-10-18 07:14:53,354 [grpc-default-executor-2] INFO  impl.RoleInfo (RoleInfo.java:shutdownFollowerState(121)) - 24274e9f-e41f-4654-9afc-a783ca44e44b: shutdown FollowerState
2019-10-18 07:14:53,354 [grpc-default-executor-5] INFO  impl.RaftServerImpl (RaftServerImpl.java:setRole(184)) - 988115cd-21c9-4558-b198-f2cedd98ccf3@group-20BE3FF63202: changes role from  FOLLOWER to FOLLOWER at term 294 for recognizeCandidate:c52c3de9-0ed1-4f2b-ba1d-f317ceeb0ceb
2019-10-18 07:14:53,355 [Thread-2108] INFO  impl.FollowerState (FollowerState.java:run(117)) - 24274e9f-e41f-4654-9afc-a783ca44e44b@group-20BE3FF63202-FollowerState was interrupted: java.lang.InterruptedException: sleep interrupted
2019-10-18 07:14:53,355 [grpc-default-executor-2] INFO  impl.RoleInfo (RoleInfo.java:updateAndGet(143)) - 24274e9f-e41f-4654-9afc-a783ca44e44b: start FollowerState
2019-10-18 07:14:53,355 [grpc-default-executor-5] INFO  impl.RoleInfo (RoleInfo.java:shutdownFollowerState(121)) - 988115cd-21c9-4558-b198-f2cedd98ccf3: shutdown FollowerState
2019-10-18 07:14:53,355 [grpc-default-executor-5] INFO  impl.RoleInfo (RoleInfo.java:updateAndGet(143)) - 988115cd-21c9-4558-b198-f2cedd98ccf3: start FollowerState
2019-10-18 07:14:53,355 [Thread-2109] INFO  impl.FollowerState (FollowerState.java:run(117)) - 988115cd-21c9-4558-b198-f2cedd98ccf3@group-20BE3FF63202-FollowerState was interrupted: java.lang.InterruptedException: sleep interrupted
2019-10-18 07:14:53,381 [c52c3de9-0ed1-4f2b-ba1d-f317ceeb0ceb@group-20BE3FF63202-LeaderElection247] INFO  impl.LeaderElection (LeaderElection.java:logAndReturn(56)) - c52c3de9-0ed1-4f2b-ba1d-f317ceeb0ceb@group-20BE3FF63202-LeaderElection247: Election REJECTED; received 2 response(s) [c52c3de9-0ed1-4f2b-ba1d-f317ceeb0ceb<-24274e9f-e41f-4654-9afc-a783ca44e44b#0:FAIL-t294, c52c3de9-0ed1-4f2b-ba1d-f317ceeb0ceb<-988115cd-21c9-4558-b198-f2cedd98ccf3#0:FAIL-t294] and 0 exception(s); c52c3de9-0ed1-4f2b-ba1d-f317ceeb0ceb@group-20BE3FF63202:t294, leader=null, voted=c52c3de9-0ed1-4f2b-ba1d-f317ceeb0ceb, raftlog=c52c3de9-0ed1-4f2b-ba1d-f317ceeb0ceb@group-20BE3FF63202-SegmentedRaftLog:OPENED:c-1,f-1,i0, conf=-1: [24274e9f-e41f-4654-9afc-a783ca44e44b:192.168.69.67:35902, 988115cd-21c9-4558-b198-f2cedd98ccf3:192.168.69.67:44208, c52c3de9-0ed1-4f2b-ba1d-f317ceeb0ceb:192.168.69.67:37615], old=null
2019-10-18 07:14:53,382 [c52c3de9-0ed1-4f2b-ba1d-f317ceeb0ceb@group-20BE3FF63202-LeaderElection247] INFO  impl.RaftServerImpl (RaftServerImpl.java:setRole(184)) - c52c3de9-0ed1-4f2b-ba1d-f317ceeb0ceb@group-20BE3FF63202: changes role from CANDIDATE to FOLLOWER at term 294 for DISCOVERED_A_NEW_TERM
2019-10-18 07:14:53,382 [c52c3de9-0ed1-4f2b-ba1d-f317ceeb0ceb@group-20BE3FF63202-LeaderElection247] INFO  impl.RoleInfo (RoleInfo.java:shutdownLeaderElection(134)) - c52c3de9-0ed1-4f2b-ba1d-f317ceeb0ceb: shutdown LeaderElection
2019-10-18 07:14:53,382 [c52c3de9-0ed1-4f2b-ba1d-f317ceeb0ceb@group-20BE3FF63202-LeaderElection247] INFO  impl.RoleInfo (RoleInfo.java:updateAndGet(143)) - c52c3de9-0ed1-4f2b-ba1d-f317ceeb0ceb: start FollowerState
2019-10-18 07:14:53,415 [Thread-2116] INFO  impl.FollowerState (FollowerState.java:run(108)) - c52c3de9-0ed1-4f2b-ba1d-f317ceeb0ceb@group-20BE3FF63202-FollowerState: change to CANDIDATE, lastRpcTime:33ms, electionTimeout:33ms
2019-10-18 07:14:53,416 [Thread-2116] INFO  impl.RoleInfo (RoleInfo.java:shutdownFollowerState(121)) - c52c3de9-0ed1-4f2b-ba1d-f317ceeb0ceb: shutdown FollowerState
2019-10-18 07:14:53,416 [Thread-2116] INFO  impl.RaftServerImpl (RaftServerImpl.java:setRole(184)) - c52c3de9-0ed1-4f2b-ba1d-f317ceeb0ceb@group-20BE3FF63202: changes role from  FOLLOWER to CANDIDATE at term 294 for changeToCandidate
2019-10-18 07:14:53,416 [Thread-2116] INFO  impl.RoleInfo (RoleInfo.java:updateAndGet(143)) - c52c3de9-0ed1-4f2b-ba1d-f317ceeb0ceb: start LeaderElection
2019-10-18 07:14:53,443 [c52c3de9-0ed1-4f2b-ba1d-f317ceeb0ceb@group-20BE3FF63202-LeaderElection248] INFO  impl.LeaderElection (LeaderElection.java:askForVotes(178)) - c52c3de9-0ed1-4f2b-ba1d-f317ceeb0ceb@group-20BE3FF63202-LeaderElection248: begin an election at term 295 for -1: [24274e9f-e41f-4654-9afc-a783ca44e44b:192.168.69.67:35902, 988115cd-21c9-4558-b198-f2cedd98ccf3:192.168.69.67:44208, c52c3de9-0ed1-4f2b-ba1d-f317ceeb0ceb:192.168.69.67:37615], old=null
2019-10-18 07:14:53,445 [grpc-default-executor-2] INFO  impl.RaftServerImpl (RaftServerImpl.java:setRole(184)) - 24274e9f-e41f-4654-9afc-a783ca44e44b@group-20BE3FF63202: changes role from  FOLLOWER to FOLLOWER at term 295 for recognizeCandidate:c52c3de9-0ed1-4f2b-ba1d-f317ceeb0ceb
2019-10-18 07:14:53,445 [grpc-default-executor-5] INFO  impl.RaftServerImpl (RaftServerImpl.java:setRole(184)) - 988115cd-21c9-4558-b198-f2cedd98ccf3@group-20BE3FF63202: changes role from  FOLLOWER to FOLLOWER at term 295 for recognizeCandidate:c52c3de9-0ed1-4f2b-ba1d-f317ceeb0ceb
2019-10-18 07:14:53,445 [grpc-default-executor-2] INFO  impl.RoleInfo (RoleInfo.java:shutdownFollowerState(121)) - 24274e9f-e41f-4654-9afc-a783ca44e44b: shutdown FollowerState
2019-10-18 07:14:53,445 [grpc-default-executor-5] INFO  impl.RoleInfo (RoleInfo.java:shutdownFollowerState(121)) - 988115cd-21c9-4558-b198-f2cedd98ccf3: shutdown FollowerState
2019-10-18 07:14:53,446 [Thread-2114] INFO  impl.FollowerState (FollowerState.java:run(117)) - 24274e9f-e41f-4654-9afc-a783ca44e44b@group-20BE3FF63202-FollowerState was interrupted: java.lang.InterruptedException: sleep interrupted
2019-10-18 07:14:53,446 [Thread-2115] INFO  impl.FollowerState (FollowerState.java:run(117)) - 988115cd-21c9-4558-b198-f2cedd98ccf3@group-20BE3FF63202-FollowerState was interrupted: java.lang.InterruptedException: sleep interrupted
2019-10-18 07:14:53,445 [grpc-default-executor-2] INFO  impl.RoleInfo (RoleInfo.java:updateAndGet(143)) - 24274e9f-e41f-4654-9afc-a783ca44e44b: start FollowerState
2019-10-18 07:14:53,446 [grpc-default-executor-5] INFO  impl.RoleInfo (RoleInfo.java:updateAndGet(143)) - 988115cd-21c9-4558-b198-f2cedd98ccf3: start FollowerState
2019-10-18 07:14:53,461 [c52c3de9-0ed1-4f2b-ba1d-f317ceeb0ceb@group-20BE3FF63202-LeaderElection248] INFO  impl.LeaderElection (LeaderElection.java:logAndReturn(56)) - c52c3de9-0ed1-4f2b-ba1d-f317ceeb0ceb@group-20BE3FF63202-LeaderElection248: Election REJECTED; received 2 response(s) [c52c3de9-0ed1-4f2b-ba1d-f317ceeb0ceb<-24274e9f-e41f-4654-9afc-a783ca44e44b#0:FAIL-t295, c52c3de9-0ed1-4f2b-ba1d-f317ceeb0ceb<-988115cd-21c9-4558-b198-f2cedd98ccf3#0:FAIL-t295] and 0 exception(s); c52c3de9-0ed1-4f2b-ba1d-f317ceeb0ceb@group-20BE3FF63202:t295, leader=null, voted=c52c3de9-0ed1-4f2b-ba1d-f317ceeb0ceb, raftlog=c52c3de9-0ed1-4f2b-ba1d-f317ceeb0ceb@group-20BE3FF63202-SegmentedRaftLog:OPENED:c-1,f-1,i0, conf=-1: [24274e9f-e41f-4654-9afc-a783ca44e44b:192.168.69.67:35902, 988115cd-21c9-4558-b198-f2cedd98ccf3:192.168.69.67:44208, c52c3de9-0ed1-4f2b-ba1d-f317ceeb0ceb:192.168.69.67:37615], old=null
2019-10-18 07:14:53,461 [c52c3de9-0ed1-4f2b-ba1d-f317ceeb0ceb@group-20BE3FF63202-LeaderElection248] INFO  impl.RaftServerImpl (RaftServerImpl.java:setRole(184)) - c52c3de9-0ed1-4f2b-ba1d-f317ceeb0ceb@group-20BE3FF63202: changes role from CANDIDATE to FOLLOWER at term 295 for DISCOVERED_A_NEW_TERM
2019-10-18 07:14:53,461 [c52c3de9-0ed1-4f2b-ba1d-f317ceeb0ceb@group-20BE3FF63202-LeaderElection248] INFO  impl.RoleInfo (RoleInfo.java:shutdownLeaderElection(134)) - c52c3de9-0ed1-4f2b-ba1d-f317ceeb0ceb: shutdown LeaderElection
2019-10-18 07:14:53,461 [c52c3de9-0ed1-4f2b-ba1d-f317ceeb0ceb@group-20BE3FF63202-LeaderElection248] INFO  impl.RoleInfo (RoleInfo.java:updateAndGet(143)) - c52c3de9-0ed1-4f2b-ba1d-f317ceeb0ceb: start FollowerState
2019-10-18 07:14:53,581 [Thread-2122] INFO  impl.FollowerState (FollowerState.java:run(108)) - c52c3de9-0ed1-4f2b-ba1d-f317ceeb0ceb@group-20BE3FF63202-FollowerState: change to CANDIDATE, lastRpcTime:119ms, electionTimeout:119ms
2019-10-18 07:14:53,581 [Thread-2122] INFO  impl.RoleInfo (RoleInfo.java:shutdownFollowerState(121)) - c52c3de9-0ed1-4f2b-ba1d-f317ceeb0ceb: shutdown FollowerState
2019-10-18 07:14:53,581 [Thread-2122] INFO  impl.RaftServerImpl (RaftServerImpl.java:setRole(184)) - c52c3de9-0ed1-4f2b-ba1d-f317ceeb0ceb@group-20BE3FF63202: changes role from  FOLLOWER to CANDIDATE at term 295 for changeToCandidate
2019-10-18 07:14:53,581 [Thread-2122] INFO  impl.RoleInfo (RoleInfo.java:updateAndGet(143)) - c52c3de9-0ed1-4f2b-ba1d-f317ceeb0ceb: start LeaderElection
2019-10-18 07:14:53,607 [c52c3de9-0ed1-4f2b-ba1d-f317ceeb0ceb@group-20BE3FF63202-LeaderElection249] INFO  impl.LeaderElection (LeaderElection.java:askForVotes(178)) - c52c3de9-0ed1-4f2b-ba1d-f317ceeb0ceb@group-20BE3FF63202-LeaderElection249: begin an election at term 296 for -1: [24274e9f-e41f-4654-9afc-a783ca44e44b:192.168.69.67:35902, 988115cd-21c9-4558-b198-f2cedd98ccf3:192.168.69.67:44208, c52c3de9-0ed1-4f2b-ba1d-f317ceeb0ceb:192.168.69.67:37615], old=null
2019-10-18 07:14:53,610 [grpc-default-executor-2] INFO  impl.RaftServerImpl (RaftServerImpl.java:setRole(184)) - 988115cd-21c9-4558-b198-f2cedd98ccf3@group-20BE3FF63202: changes role from  FOLLOWER to FOLLOWER at term 296 for recognizeCandidate:c52c3de9-0ed1-4f2b-ba1d-f317ceeb0ceb
2019-10-18 07:14:53,610 [grpc-default-executor-5] INFO  impl.RaftServerImpl (RaftServerImpl.java:setRole(184)) - 24274e9f-e41f-4654-9afc-a783ca44e44b@group-20BE3FF63202: changes role from  FOLLOWER to FOLLOWER at term 296 for recognizeCandidate:c52c3de9-0ed1-4f2b-ba1d-f317ceeb0ceb
2019-10-18 07:14:53,610 [grpc-default-executor-2] INFO  impl.RoleInfo (RoleInfo.java:shutdownFollowerState(121)) - 988115cd-21c9-4558-b198-f2cedd98ccf3: shutdown FollowerState
2019-10-18 07:14:53,610 [grpc-default-executor-5] INFO  impl.RoleInfo (RoleInfo.java:shutdownFollowerState(121)) - 24274e9f-e41f-4654-9afc-a783ca44e44b: shutdown FollowerState
2019-10-18 07:14:53,611 [grpc-default-executor-2] INFO  impl.RoleInfo (RoleInfo.java:updateAndGet(143)) - 988115cd-21c9-4558-b198-f2cedd98ccf3: start FollowerState
2019-10-18 07:14:53,611 [Thread-2121] INFO  impl.FollowerState (FollowerState.java:run(117)) - 988115cd-21c9-4558-b198-f2cedd98ccf3@group-20BE3FF63202-FollowerState was interrupted: java.lang.InterruptedException: sleep interrupted
2019-10-18 07:14:53,611 [Thread-2120] INFO  impl.FollowerState (FollowerState.java:run(117)) - 24274e9f-e41f-4654-9afc-a783ca44e44b@group-20BE3FF63202-FollowerState was interrupted: java.lang.InterruptedException: sleep interrupted
2019-10-18 07:14:53,611 [grpc-default-executor-5] INFO  impl.RoleInfo (RoleInfo.java:updateAndGet(143)) - 24274e9f-e41f-4654-9afc-a783ca44e44b: start FollowerState
2019-10-18 07:14:53,637 [c52c3de9-0ed1-4f2b-ba1d-f317ceeb0ceb@group-20BE3FF63202-LeaderElection249] INFO  impl.LeaderElection (LeaderElection.java:logAndReturn(56)) - c52c3de9-0ed1-4f2b-ba1d-f317ceeb0ceb@group-20BE3FF63202-LeaderElection249: Election REJECTED; received 2 response(s) [c52c3de9-0ed1-4f2b-ba1d-f317ceeb0ceb<-24274e9f-e41f-4654-9afc-a783ca44e44b#0:FAIL-t296, c52c3de9-0ed1-4f2b-ba1d-f317ceeb0ceb<-988115cd-21c9-4558-b198-f2cedd98ccf3#0:FAIL-t296] and 0 exception(s); c52c3de9-0ed1-4f2b-ba1d-f317ceeb0ceb@group-20BE3FF63202:t296, leader=null, voted=c52c3de9-0ed1-4f2b-ba1d-f317ceeb0ceb, raftlog=c52c3de9-0ed1-4f2b-ba1d-f317ceeb0ceb@group-20BE3FF63202-SegmentedRaftLog:OPENED:c-1,f-1,i0, conf=-1: [24274e9f-e41f-4654-9afc-a783ca44e44b:192.168.69.67:35902, 988115cd-21c9-4558-b198-f2cedd98ccf3:192.168.69.67:44208, c52c3de9-0ed1-4f2b-ba1d-f317ceeb0ceb:192.168.69.67:37615], old=null
2019-10-18 07:14:53,637 [c52c3de9-0ed1-4f2b-ba1d-f317ceeb0ceb@group-20BE3FF63202-LeaderElection249] INFO  impl.RaftServerImpl (RaftServerImpl.java:setRole(184)) - c52c3de9-0ed1-4f2b-ba1d-f317ceeb0ceb@group-20BE3FF63202: changes role from CANDIDATE to FOLLOWER at term 296 for DISCOVERED_A_NEW_TERM
2019-10-18 07:14:53,637 [c52c3de9-0ed1-4f2b-ba1d-f317ceeb0ceb@group-20BE3FF63202-LeaderElection249] INFO  impl.RoleInfo (RoleInfo.java:shutdownLeaderElection(134)) - c52c3de9-0ed1-4f2b-ba1d-f317ceeb0ceb: shutdown LeaderElection
2019-10-18 07:14:53,637 [c52c3de9-0ed1-4f2b-ba1d-f317ceeb0ceb@group-20BE3FF63202-LeaderElection249] INFO  impl.RoleInfo (RoleInfo.java:updateAndGet(143)) - c52c3de9-0ed1-4f2b-ba1d-f317ceeb0ceb: start FollowerState
2019-10-18 07:14:53,721 [Thread-2128] INFO  impl.FollowerState (FollowerState.java:run(108)) - c52c3de9-0ed1-4f2b-ba1d-f317ceeb0ceb@group-20BE3FF63202-FollowerState: change to CANDIDATE, lastRpcTime:84ms, electionTimeout:84ms
2019-10-18 07:14:53,722 [Thread-2128] INFO  impl.RoleInfo (RoleInfo.java:shutdownFollowerState(121)) - c52c3de9-0ed1-4f2b-ba1d-f317ceeb0ceb: shutdown FollowerState
2019-10-18 07:14:53,722 [Thread-2128] INFO  impl.RaftServerImpl (RaftServerImpl.java:setRole(184)) - c52c3de9-0ed1-4f2b-ba1d-f317ceeb0ceb@group-20BE3FF63202: changes role from  FOLLOWER to CANDIDATE at term 296 for changeToCandidate
2019-10-18 07:14:53,722 [Thread-2128] INFO  impl.RoleInfo (RoleInfo.java:updateAndGet(143)) - c52c3de9-0ed1-4f2b-ba1d-f317ceeb0ceb: start LeaderElection
2019-10-18 07:14:53,748 [c52c3de9-0ed1-4f2b-ba1d-f317ceeb0ceb@group-20BE3FF63202-LeaderElection250] INFO  impl.LeaderElection (LeaderElection.java:askForVotes(178)) - c52c3de9-0ed1-4f2b-ba1d-f317ceeb0ceb@group-20BE3FF63202-LeaderElection250: begin an election at term 297 for -1: [24274e9f-e41f-4654-9afc-a783ca44e44b:192.168.69.67:35902, 988115cd-21c9-4558-b198-f2cedd98ccf3:192.168.69.67:44208, c52c3de9-0ed1-4f2b-ba1d-f317ceeb0ceb:192.168.69.67:37615], old=null
2019-10-18 07:14:53,752 [grpc-default-executor-2] INFO  impl.RaftServerImpl (RaftServerImpl.java:setRole(184)) - 988115cd-21c9-4558-b198-f2cedd98ccf3@group-20BE3FF63202: changes role from  FOLLOWER to FOLLOWER at term 297 for recognizeCandidate:c52c3de9-0ed1-4f2b-ba1d-f317ceeb0ceb
2019-10-18 07:14:53,752 [grpc-default-executor-2] INFO  impl.RoleInfo (RoleInfo.java:shutdownFollowerState(121)) - 988115cd-21c9-4558-b198-f2cedd98ccf3: shutdown FollowerState
2019-10-18 07:14:53,752 [grpc-default-executor-2] INFO  impl.RoleInfo (RoleInfo.java:updateAndGet(143)) - 988115cd-21c9-4558-b198-f2cedd98ccf3: start FollowerState
2019-10-18 07:14:53,752 [Thread-2126] INFO  impl.FollowerState (FollowerState.java:run(117)) - 988115cd-21c9-4558-b198-f2cedd98ccf3@group-20BE3FF63202-FollowerState was interrupted: java.lang.InterruptedException: sleep interrupted
2019-10-18 07:14:53,752 [grpc-default-executor-5] INFO  impl.RaftServerImpl (RaftServerImpl.java:setRole(184)) - 24274e9f-e41f-4654-9afc-a783ca44e44b@group-20BE3FF63202: changes role from  FOLLOWER to FOLLOWER at term 297 for recognizeCandidate:c52c3de9-0ed1-4f2b-ba1d-f317ceeb0ceb
2019-10-18 07:14:53,753 [grpc-default-executor-5] INFO  impl.RoleInfo (RoleInfo.java:shutdownFollowerState(121)) - 24274e9f-e41f-4654-9afc-a783ca44e44b: shutdown FollowerState
2019-10-18 07:14:53,753 [Thread-2127] INFO  impl.FollowerState (FollowerState.java:run(117)) - 24274e9f-e41f-4654-9afc-a783ca44e44b@group-20BE3FF63202-FollowerState was interrupted: java.lang.InterruptedException: sleep interrupted
2019-10-18 07:14:53,753 [grpc-default-executor-5] INFO  impl.RoleInfo (RoleInfo.java:updateAndGet(143)) - 24274e9f-e41f-4654-9afc-a783ca44e44b: start FollowerState
2019-10-18 07:14:53,767 [c52c3de9-0ed1-4f2b-ba1d-f317ceeb0ceb@group-20BE3FF63202-LeaderElection250] INFO  impl.LeaderElection (LeaderElection.java:logAndReturn(56)) - c52c3de9-0ed1-4f2b-ba1d-f317ceeb0ceb@group-20BE3FF63202-LeaderElection250: Election REJECTED; received 2 response(s) [c52c3de9-0ed1-4f2b-ba1d-f317ceeb0ceb<-24274e9f-e41f-4654-9afc-a783ca44e44b#0:FAIL-t297, c52c3de9-0ed1-4f2b-ba1d-f317ceeb0ceb<-988115cd-21c9-4558-b198-f2cedd98ccf3#0:FAIL-t297] and 0 exception(s); c52c3de9-0ed1-4f2b-ba1d-f317ceeb0ceb@group-20BE3FF63202:t297, leader=null, voted=c52c3de9-0ed1-4f2b-ba1d-f317ceeb0ceb, raftlog=c52c3de9-0ed1-4f2b-ba1d-f317ceeb0ceb@group-20BE3FF63202-SegmentedRaftLog:OPENED:c-1,f-1,i0, conf=-1: [24274e9f-e41f-4654-9afc-a783ca44e44b:192.168.69.67:35902, 988115cd-21c9-4558-b198-f2cedd98ccf3:192.168.69.67:44208, c52c3de9-0ed1-4f2b-ba1d-f317ceeb0ceb:192.168.69.67:37615], old=null
2019-10-18 07:14:53,767 [c52c3de9-0ed1-4f2b-ba1d-f317ceeb0ceb@group-20BE3FF63202-LeaderElection250] INFO  impl.RaftServerImpl (RaftServerImpl.java:setRole(184)) - c52c3de9-0ed1-4f2b-ba1d-f317ceeb0ceb@group-20BE3FF63202: changes role from CANDIDATE to FOLLOWER at term 297 for DISCOVERED_A_NEW_TERM
2019-10-18 07:14:53,767 [c52c3de9-0ed1-4f2b-ba1d-f317ceeb0ceb@group-20BE3FF63202-LeaderElection250] INFO  impl.RoleInfo (RoleInfo.java:shutdownLeaderElection(134)) - c52c3de9-0ed1-4f2b-ba1d-f317ceeb0ceb: shutdown LeaderElection
2019-10-18 07:14:53,768 [c52c3de9-0ed1-4f2b-ba1d-f317ceeb0ceb@group-20BE3FF63202-LeaderElection250] INFO  impl.RoleInfo (RoleInfo.java:updateAndGet(143)) - c52c3de9-0ed1-4f2b-ba1d-f317ceeb0ceb: start FollowerState
2019-10-18 07:14:53,861 [Thread-2134] INFO  impl.FollowerState (FollowerState.java:run(108)) - c52c3de9-0ed1-4f2b-ba1d-f317ceeb0ceb@group-20BE3FF63202-FollowerState: change to CANDIDATE, lastRpcTime:93ms, electionTimeout:93ms
2019-10-18 07:14:53,861 [Thread-2134] INFO  impl.RoleInfo (RoleInfo.java:shutdownFollowerState(121)) - c52c3de9-0ed1-4f2b-ba1d-f317ceeb0ceb: shutdown FollowerState
2019-10-18 07:14:53,861 [Thread-2134] INFO  impl.RaftServerImpl (RaftServerImpl.java:setRole(184)) - c52c3de9-0ed1-4f2b-ba1d-f317ceeb0ceb@group-20BE3FF63202: changes role from  FOLLOWER to CANDIDATE at term 297 for changeToCandidate
2019-10-18 07:14:53,862 [Thread-2134] INFO  impl.RoleInfo (RoleInfo.java:updateAndGet(143)) - c52c3de9-0ed1-4f2b-ba1d-f317ceeb0ceb: start LeaderElection
2019-10-18 07:14:53,883 [c52c3de9-0ed1-4f2b-ba1d-f317ceeb0ceb@group-20BE3FF63202-LeaderElection251] INFO  impl.LeaderElection (LeaderElection.java:askForVotes(178)) - c52c3de9-0ed1-4f2b-ba1d-f317ceeb0ceb@group-20BE3FF63202-LeaderElection251: begin an election at term 298 for -1: [24274e9f-e41f-4654-9afc-a783ca44e44b:192.168.69.67:35902, 988115cd-21c9-4558-b198-f2cedd98ccf3:192.168.69.67:44208, c52c3de9-0ed1-4f2b-ba1d-f317ceeb0ceb:192.168.69.67:37615], old=null
2019-10-18 07:14:53,886 [grpc-default-executor-5] INFO  impl.RaftServerImpl (RaftServerImpl.java:setRole(184)) - 988115cd-21c9-4558-b198-f2cedd98ccf3@group-20BE3FF63202: changes role from  FOLLOWER to FOLLOWER at term 298 for recognizeCandidate:c52c3de9-0ed1-4f2b-ba1d-f317ceeb0ceb
2019-10-18 07:14:53,886 [grpc-default-executor-5] INFO  impl.RoleInfo (RoleInfo.java:shutdownFollowerState(121)) - 988115cd-21c9-4558-b198-f2cedd98ccf3: shutdown FollowerState
2019-10-18 07:14:53,886 [grpc-default-executor-2] INFO  impl.RaftServerImpl (RaftServerImpl.java:setRole(184)) - 24274e9f-e41f-4654-9afc-a783ca44e44b@group-20BE3FF63202: changes role from  FOLLOWER to FOLLOWER at term 298 for recognizeCandidate:c52c3de9-0ed1-4f2b-ba1d-f317ceeb0ceb
2019-10-18 07:14:53,887 [Thread-2132] INFO  impl.FollowerState (FollowerState.java:run(117)) - 988115cd-21c9-4558-b198-f2cedd98ccf3@group-20BE3FF63202-FollowerState was interrupted: java.lang.InterruptedException: sleep interrupted
2019-10-18 07:14:53,886 [grpc-default-executor-5] INFO  impl.RoleInfo (RoleInfo.java:updateAndGet(143)) - 988115cd-21c9-4558-b198-f2cedd98ccf3: start FollowerState
2019-10-18 07:14:53,887 [grpc-default-executor-2] INFO  impl.RoleInfo (RoleInfo.java:shutdownFollowerState(121)) - 24274e9f-e41f-4654-9afc-a783ca44e44b: shutdown FollowerState
2019-10-18 07:14:53,887 [grpc-default-executor-2] INFO  impl.RoleInfo (RoleInfo.java:updateAndGet(143)) - 24274e9f-e41f-4654-9afc-a783ca44e44b: start FollowerState
2019-10-18 07:14:53,887 [Thread-2133] INFO  impl.FollowerState (FollowerState.java:run(117)) - 24274e9f-e41f-4654-9afc-a783ca44e44b@group-20BE3FF63202-FollowerState was interrupted: java.lang.InterruptedException: sleep interrupted
2019-10-18 07:14:53,904 [c52c3de9-0ed1-4f2b-ba1d-f317ceeb0ceb@group-20BE3FF63202-LeaderElection251] INFO  impl.LeaderElection (LeaderElection.java:logAndReturn(56)) - c52c3de9-0ed1-4f2b-ba1d-f317ceeb0ceb@group-20BE3FF63202-LeaderElection251: Election REJECTED; received 2 response(s) [c52c3de9-0ed1-4f2b-ba1d-f317ceeb0ceb<-24274e9f-e41f-4654-9afc-a783ca44e44b#0:FAIL-t298, c52c3de9-0ed1-4f2b-ba1d-f317ceeb0ceb<-988115cd-21c9-4558-b198-f2cedd98ccf3#0:FAIL-t298] and 0 exception(s); c52c3de9-0ed1-4f2b-ba1d-f317ceeb0ceb@group-20BE3FF63202:t298, leader=null, voted=c52c3de9-0ed1-4f2b-ba1d-f317ceeb0ceb, raftlog=c52c3de9-0ed1-4f2b-ba1d-f317ceeb0ceb@group-20BE3FF63202-SegmentedRaftLog:OPENED:c-1,f-1,i0, conf=-1: [24274e9f-e41f-4654-9afc-a783ca44e44b:192.168.69.67:35902, 988115cd-21c9-4558-b198-f2cedd98ccf3:192.168.69.67:44208, c52c3de9-0ed1-4f2b-ba1d-f317ceeb0ceb:192.168.69.67:37615], old=null
2019-10-18 07:14:53,904 [c52c3de9-0ed1-4f2b-ba1d-f317ceeb0ceb@group-20BE3FF63202-LeaderElection251] INFO  impl.RaftServerImpl (RaftServerImpl.java:setRole(184)) - c52c3de9-0ed1-4f2b-ba1d-f317ceeb0ceb@group-20BE3FF63202: changes role from CANDIDATE to FOLLOWER at term 298 for DISCOVERED_A_NEW_TERM
2019-10-18 07:14:53,904 [c52c3de9-0ed1-4f2b-ba1d-f317ceeb0ceb@group-20BE3FF63202-LeaderElection251] INFO  impl.RoleInfo (RoleInfo.java:shutdownLeaderElection(134)) - c52c3de9-0ed1-4f2b-ba1d-f317ceeb0ceb: shutdown LeaderElection
2019-10-18 07:14:53,905 [c52c3de9-0ed1-4f2b-ba1d-f317ceeb0ceb@group-20BE3FF63202-LeaderElection251] INFO  impl.RoleInfo (RoleInfo.java:updateAndGet(143)) - c52c3de9-0ed1-4f2b-ba1d-f317ceeb0ceb: start FollowerState
2019-10-18 07:14:54,102 [Thread-2140] INFO  impl.FollowerState (FollowerState.java:run(108)) - c52c3de9-0ed1-4f2b-ba1d-f317ceeb0ceb@group-20BE3FF63202-FollowerState: change to CANDIDATE, lastRpcTime:197ms, electionTimeout:197ms
2019-10-18 07:14:54,102 [Thread-2140] INFO  impl.RoleInfo (RoleInfo.java:shutdownFollowerState(121)) - c52c3de9-0ed1-4f2b-ba1d-f317ceeb0ceb: shutdown FollowerState
2019-10-18 07:14:54,102 [Thread-2140] INFO  impl.RaftServerImpl (RaftServerImpl.java:setRole(184)) - c52c3de9-0ed1-4f2b-ba1d-f317ceeb0ceb@group-20BE3FF63202: changes role from  FOLLOWER to CANDIDATE at term 298 for changeToCandidate
2019-10-18 07:14:54,103 [Thread-2140] INFO  impl.RoleInfo (RoleInfo.java:updateAndGet(143)) - c52c3de9-0ed1-4f2b-ba1d-f317ceeb0ceb: start LeaderElection
2019-10-18 07:14:54,117 [c52c3de9-0ed1-4f2b-ba1d-f317ceeb0ceb@group-20BE3FF63202-LeaderElection252] INFO  impl.LeaderElection (LeaderElection.java:askForVotes(178)) - c52c3de9-0ed1-4f2b-ba1d-f317ceeb0ceb@group-20BE3FF63202-LeaderElection252: begin an election at term 299 for -1: [24274e9f-e41f-4654-9afc-a783ca44e44b:192.168.69.67:35902, 988115cd-21c9-4558-b198-f2cedd98ccf3:192.168.69.67:44208, c52c3de9-0ed1-4f2b-ba1d-f317ceeb0ceb:192.168.69.67:37615], old=null
2019-10-18 07:14:54,120 [grpc-default-executor-2] INFO  impl.RaftServerImpl (RaftServerImpl.java:setRole(184)) - 24274e9f-e41f-4654-9afc-a783ca44e44b@group-20BE3FF63202: changes role from  FOLLOWER to FOLLOWER at term 299 for recognizeCandidate:c52c3de9-0ed1-4f2b-ba1d-f317ceeb0ceb
2019-10-18 07:14:54,120 [grpc-default-executor-5] INFO  impl.RaftServerImpl (RaftServerImpl.java:setRole(184)) - 988115cd-21c9-4558-b198-f2cedd98ccf3@group-20BE3FF63202: changes role from  FOLLOWER to FOLLOWER at term 299 for recognizeCandidate:c52c3de9-0ed1-4f2b-ba1d-f317ceeb0ceb
2019-10-18 07:14:54,120 [grpc-default-executor-5] INFO  impl.RoleInfo (RoleInfo.java:shutdownFollowerState(121)) - 988115cd-21c9-4558-b198-f2cedd98ccf3: shutdown FollowerState
2019-10-18 07:14:54,120 [grpc-default-executor-2] INFO  impl.RoleInfo (RoleInfo.java:shutdownFollowerState(121)) - 24274e9f-e41f-4654-9afc-a783ca44e44b: shutdown FollowerState
2019-10-18 07:14:54,120 [Thread-2138] INFO  impl.FollowerState (FollowerState.java:run(117)) - 988115cd-21c9-4558-b198-f2cedd98ccf3@group-20BE3FF63202-FollowerState was interrupted: java.lang.InterruptedException: sleep interrupted
2019-10-18 07:14:54,120 [grpc-default-executor-5] INFO  impl.RoleInfo (RoleInfo.java:updateAndGet(143)) - 988115cd-21c9-4558-b198-f2cedd98ccf3: start FollowerState
2019-10-18 07:14:54,120 [grpc-default-executor-2] INFO  impl.RoleInfo (RoleInfo.java:updateAndGet(143)) - 24274e9f-e41f-4654-9afc-a783ca44e44b: start FollowerState
2019-10-18 07:14:54,120 [Thread-2139] INFO  impl.FollowerState (FollowerState.java:run(117)) - 24274e9f-e41f-4654-9afc-a783ca44e44b@group-20BE3FF63202-FollowerState was interrupted: java.lang.InterruptedException: sleep interrupted
2019-10-18 07:14:54,136 [c52c3de9-0ed1-4f2b-ba1d-f317ceeb0ceb@group-20BE3FF63202-LeaderElection252] INFO  impl.LeaderElection (LeaderElection.java:logAndReturn(56)) - c52c3de9-0ed1-4f2b-ba1d-f317ceeb0ceb@group-20BE3FF63202-LeaderElection252: Election REJECTED; received 2 response(s) [c52c3de9-0ed1-4f2b-ba1d-f317ceeb0ceb<-24274e9f-e41f-4654-9afc-a783ca44e44b#0:FAIL-t299, c52c3de9-0ed1-4f2b-ba1d-f317ceeb0ceb<-988115cd-21c9-4558-b198-f2cedd98ccf3#0:FAIL-t299] and 0 exception(s); c52c3de9-0ed1-4f2b-ba1d-f317ceeb0ceb@group-20BE3FF63202:t299, leader=null, voted=c52c3de9-0ed1-4f2b-ba1d-f317ceeb0ceb, raftlog=c52c3de9-0ed1-4f2b-ba1d-f317ceeb0ceb@group-20BE3FF63202-SegmentedRaftLog:OPENED:c-1,f-1,i0, conf=-1: [24274e9f-e41f-4654-9afc-a783ca44e44b:192.168.69.67:35902, 988115cd-21c9-4558-b198-f2cedd98ccf3:192.168.69.67:44208, c52c3de9-0ed1-4f2b-ba1d-f317ceeb0ceb:192.168.69.67:37615], old=null
2019-10-18 07:14:54,137 [c52c3de9-0ed1-4f2b-ba1d-f317ceeb0ceb@group-20BE3FF63202-LeaderElection252] INFO  impl.RaftServerImpl (RaftServerImpl.java:setRole(184)) - c52c3de9-0ed1-4f2b-ba1d-f317ceeb0ceb@group-20BE3FF63202: changes role from CANDIDATE to FOLLOWER at term 299 for DISCOVERED_A_NEW_TERM
2019-10-18 07:14:54,137 [c52c3de9-0ed1-4f2b-ba1d-f317ceeb0ceb@group-20BE3FF63202-LeaderElection252] INFO  impl.RoleInfo (RoleInfo.java:shutdownLeaderElection(134)) - c52c3de9-0ed1-4f2b-ba1d-f317ceeb0ceb: shutdown LeaderElection
2019-10-18 07:14:54,137 [c52c3de9-0ed1-4f2b-ba1d-f317ceeb0ceb@group-20BE3FF63202-LeaderElection252] INFO  impl.RoleInfo (RoleInfo.java:updateAndGet(143)) - c52c3de9-0ed1-4f2b-ba1d-f317ceeb0ceb: start FollowerState
2019-10-18 07:14:54,324 [Thread-2146] INFO  impl.FollowerState (FollowerState.java:run(108)) - c52c3de9-0ed1-4f2b-ba1d-f317ceeb0ceb@group-20BE3FF63202-FollowerState: change to CANDIDATE, lastRpcTime:187ms, electionTimeout:187ms
2019-10-18 07:14:54,325 [Thread-2146] INFO  impl.RoleInfo (RoleInfo.java:shutdownFollowerState(121)) - c52c3de9-0ed1-4f2b-ba1d-f317ceeb0ceb: shutdown FollowerState
2019-10-18 07:14:54,325 [Thread-2146] INFO  impl.RaftServerImpl (RaftServerImpl.java:setRole(184)) - c52c3de9-0ed1-4f2b-ba1d-f317ceeb0ceb@group-20BE3FF63202: changes role from  FOLLOWER to CANDIDATE at term 299 for changeToCandidate
2019-10-18 07:14:54,325 [Thread-2146] INFO  impl.RoleInfo (RoleInfo.java:updateAndGet(143)) - c52c3de9-0ed1-4f2b-ba1d-f317ceeb0ceb: start LeaderElection
2019-10-18 07:14:54,340 [c52c3de9-0ed1-4f2b-ba1d-f317ceeb0ceb@group-20BE3FF63202-LeaderElection253] INFO  impl.LeaderElection (LeaderElection.java:askForVotes(178)) - c52c3de9-0ed1-4f2b-ba1d-f317ceeb0ceb@group-20BE3FF63202-LeaderElection253: begin an election at term 300 for -1: [24274e9f-e41f-4654-9afc-a783ca44e44b:192.168.69.67:35902, 988115cd-21c9-4558-b198-f2cedd98ccf3:192.168.69.67:44208, c52c3de9-0ed1-4f2b-ba1d-f317ceeb0ceb:192.168.69.67:37615], old=null
2019-10-18 07:14:54,343 [grpc-default-executor-5] INFO  impl.RaftServerImpl (RaftServerImpl.java:setRole(184)) - 24274e9f-e41f-4654-9afc-a783ca44e44b@group-20BE3FF63202: changes role from  FOLLOWER to FOLLOWER at term 300 for recognizeCandidate:c52c3de9-0ed1-4f2b-ba1d-f317ceeb0ceb
2019-10-18 07:14:54,343 [grpc-default-executor-5] INFO  impl.RoleInfo (RoleInfo.java:shutdownFollowerState(121)) - 24274e9f-e41f-4654-9afc-a783ca44e44b: shutdown FollowerState
2019-10-18 07:14:54,343 [grpc-default-executor-2] INFO  impl.RaftServerImpl (RaftServerImpl.java:setRole(184)) - 988115cd-21c9-4558-b198-f2cedd98ccf3@group-20BE3FF63202: changes role from  FOLLOWER to FOLLOWER at term 300 for recognizeCandidate:c52c3de9-0ed1-4f2b-ba1d-f317ceeb0ceb
2019-10-18 07:14:54,343 [grpc-default-executor-2] INFO  impl.RoleInfo (RoleInfo.java:shutdownFollowerState(121)) - 988115cd-21c9-4558-b198-f2cedd98ccf3: shutdown FollowerState
2019-10-18 07:14:54,343 [Thread-2145] INFO  impl.FollowerState (FollowerState.java:run(117)) - 24274e9f-e41f-4654-9afc-a783ca44e44b@group-20BE3FF63202-FollowerState was interrupted: java.lang.InterruptedException: sleep interrupted
2019-10-18 07:14:54,343 [grpc-default-executor-5] INFO  impl.RoleInfo (RoleInfo.java:updateAndGet(143)) - 24274e9f-e41f-4654-9afc-a783ca44e44b: start FollowerState
2019-10-18 07:14:54,344 [grpc-default-executor-2] INFO  impl.RoleInfo (RoleInfo.java:updateAndGet(143)) - 988115cd-21c9-4558-b198-f2cedd98ccf3: start FollowerState
2019-10-18 07:14:54,344 [Thread-2144] INFO  impl.FollowerState (FollowerState.java:run(117)) - 988115cd-21c9-4558-b198-f2cedd98ccf3@group-20BE3FF63202-FollowerState was interrupted: java.lang.InterruptedException: sleep interrupted
2019-10-18 07:14:54,358 [c52c3de9-0ed1-4f2b-ba1d-f317ceeb0ceb@group-20BE3FF63202-LeaderElection253] INFO  impl.LeaderElection (LeaderElection.java:logAndReturn(56)) - c52c3de9-0ed1-4f2b-ba1d-f317ceeb0ceb@group-20BE3FF63202-LeaderElection253: Election REJECTED; received 2 response(s) [c52c3de9-0ed1-4f2b-ba1d-f317ceeb0ceb<-24274e9f-e41f-4654-9afc-a783ca44e44b#0:FAIL-t300, c52c3de9-0ed1-4f2b-ba1d-f317ceeb0ceb<-988115cd-21c9-4558-b198-f2cedd98ccf3#0:FAIL-t300] and 0 exception(s); c52c3de9-0ed1-4f2b-ba1d-f317ceeb0ceb@group-20BE3FF63202:t300, leader=null, voted=c52c3de9-0ed1-4f2b-ba1d-f317ceeb0ceb, raftlog=c52c3de9-0ed1-4f2b-ba1d-f317ceeb0ceb@group-20BE3FF63202-SegmentedRaftLog:OPENED:c-1,f-1,i0, conf=-1: [24274e9f-e41f-4654-9afc-a783ca44e44b:192.168.69.67:35902, 988115cd-21c9-4558-b198-f2cedd98ccf3:192.168.69.67:44208, c52c3de9-0ed1-4f2b-ba1d-f317ceeb0ceb:192.168.69.67:37615], old=null
2019-10-18 07:14:54,359 [c52c3de9-0ed1-4f2b-ba1d-f317ceeb0ceb@group-20BE3FF63202-LeaderElection253] INFO  impl.RaftServerImpl (RaftServerImpl.java:setRole(184)) - c52c3de9-0ed1-4f2b-ba1d-f317ceeb0ceb@group-20BE3FF63202: changes role from CANDIDATE to FOLLOWER at term 300 for DISCOVERED_A_NEW_TERM
2019-10-18 07:14:54,359 [c52c3de9-0ed1-4f2b-ba1d-f317ceeb0ceb@group-20BE3FF63202-LeaderElection253] INFO  impl.RoleInfo (RoleInfo.java:shutdownLeaderElection(134)) - c52c3de9-0ed1-4f2b-ba1d-f317ceeb0ceb: shutdown LeaderElection
2019-10-18 07:14:54,359 [c52c3de9-0ed1-4f2b-ba1d-f317ceeb0ceb@group-20BE3FF63202-LeaderElection253] INFO  impl.RoleInfo (RoleInfo.java:updateAndGet(143)) - c52c3de9-0ed1-4f2b-ba1d-f317ceeb0ceb: start FollowerState
2019-10-18 07:14:54,515 [Thread-2152] INFO  impl.FollowerState (FollowerState.java:run(108)) - c52c3de9-0ed1-4f2b-ba1d-f317ceeb0ceb@group-20BE3FF63202-FollowerState: change to CANDIDATE, lastRpcTime:156ms, electionTimeout:156ms
2019-10-18 07:14:54,516 [Thread-2152] INFO  impl.RoleInfo (RoleInfo.java:shutdownFollowerState(121)) - c52c3de9-0ed1-4f2b-ba1d-f317ceeb0ceb: shutdown FollowerState
2019-10-18 07:14:54,516 [Thread-2152] INFO  impl.RaftServerImpl (RaftServerImpl.java:setRole(184)) - c52c3de9-0ed1-4f2b-ba1d-f317ceeb0ceb@group-20BE3FF63202: changes role from  FOLLOWER to CANDIDATE at term 300 for changeToCandidate
2019-10-18 07:14:54,516 [Thread-2152] INFO  impl.RoleInfo (RoleInfo.java:updateAndGet(143)) - c52c3de9-0ed1-4f2b-ba1d-f317ceeb0ceb: start LeaderElection
2019-10-18 07:14:54,530 [c52c3de9-0ed1-4f2b-ba1d-f317ceeb0ceb@group-20BE3FF63202-LeaderElection254] INFO  impl.LeaderElection (LeaderElection.java:askForVotes(178)) - c52c3de9-0ed1-4f2b-ba1d-f317ceeb0ceb@group-20BE3FF63202-LeaderElection254: begin an election at term 301 for -1: [24274e9f-e41f-4654-9afc-a783ca44e44b:192.168.69.67:35902, 988115cd-21c9-4558-b198-f2cedd98ccf3:192.168.69.67:44208, c52c3de9-0ed1-4f2b-ba1d-f317ceeb0ceb:192.168.69.67:37615], old=null
2019-10-18 07:14:54,533 [grpc-default-executor-2] INFO  impl.RaftServerImpl (RaftServerImpl.java:setRole(184)) - 988115cd-21c9-4558-b198-f2cedd98ccf3@group-20BE3FF63202: changes role from  FOLLOWER to FOLLOWER at term 301 for recognizeCandidate:c52c3de9-0ed1-4f2b-ba1d-f317ceeb0ceb
2019-10-18 07:14:54,533 [grpc-default-executor-2] INFO  impl.RoleInfo (RoleInfo.java:shutdownFollowerState(121)) - 988115cd-21c9-4558-b198-f2cedd98ccf3: shutdown FollowerState
2019-10-18 07:14:54,533 [grpc-default-executor-2] INFO  impl.RoleInfo (RoleInfo.java:updateAndGet(143)) - 988115cd-21c9-4558-b198-f2cedd98ccf3: start FollowerState
2019-10-18 07:14:54,533 [Thread-2151] INFO  impl.FollowerState (FollowerState.java:run(117)) - 988115cd-21c9-4558-b198-f2cedd98ccf3@group-20BE3FF63202-FollowerState was interrupted: java.lang.InterruptedException: sleep interrupted
2019-10-18 07:14:54,533 [grpc-default-executor-5] INFO  impl.RaftServerImpl (RaftServerImpl.java:setRole(184)) - 24274e9f-e41f-4654-9afc-a783ca44e44b@group-20BE3FF63202: changes role from  FOLLOWER to FOLLOWER at term 301 for recognizeCandidate:c52c3de9-0ed1-4f2b-ba1d-f317ceeb0ceb
2019-10-18 07:14:54,533 [grpc-default-executor-5] INFO  impl.RoleInfo (RoleInfo.java:shutdownFollowerState(121)) - 24274e9f-e41f-4654-9afc-a783ca44e44b: shutdown FollowerState
2019-10-18 07:14:54,534 [grpc-default-executor-5] INFO  impl.RoleInfo (RoleInfo.java:updateAndGet(143)) - 24274e9f-e41f-4654-9afc-a783ca44e44b: start FollowerState
2019-10-18 07:14:54,534 [Thread-2150] INFO  impl.FollowerState (FollowerState.java:run(117)) - 24274e9f-e41f-4654-9afc-a783ca44e44b@group-20BE3FF63202-FollowerState was interrupted: java.lang.InterruptedException: sleep interrupted
2019-10-18 07:14:54,548 [c52c3de9-0ed1-4f2b-ba1d-f317ceeb0ceb@group-20BE3FF63202-LeaderElection254] INFO  impl.LeaderElection (LeaderElection.java:logAndReturn(56)) - c52c3de9-0ed1-4f2b-ba1d-f317ceeb0ceb@group-20BE3FF63202-LeaderElection254: Election REJECTED; received 2 response(s) [c52c3de9-0ed1-4f2b-ba1d-f317ceeb0ceb<-24274e9f-e41f-4654-9afc-a783ca44e44b#0:FAIL-t301, c52c3de9-0ed1-4f2b-ba1d-f317ceeb0ceb<-988115cd-21c9-4558-b198-f2cedd98ccf3#0:FAIL-t301] and 0 exception(s); c52c3de9-0ed1-4f2b-ba1d-f317ceeb0ceb@group-20BE3FF63202:t301, leader=null, voted=c52c3de9-0ed1-4f2b-ba1d-f317ceeb0ceb, raftlog=c52c3de9-0ed1-4f2b-ba1d-f317ceeb0ceb@group-20BE3FF63202-SegmentedRaftLog:OPENED:c-1,f-1,i0, conf=-1: [24274e9f-e41f-4654-9afc-a783ca44e44b:192.168.69.67:35902, 988115cd-21c9-4558-b198-f2cedd98ccf3:192.168.69.67:44208, c52c3de9-0ed1-4f2b-ba1d-f317ceeb0ceb:192.168.69.67:37615], old=null
2019-10-18 07:14:54,548 [c52c3de9-0ed1-4f2b-ba1d-f317ceeb0ceb@group-20BE3FF63202-LeaderElection254] INFO  impl.RaftServerImpl (RaftServerImpl.java:setRole(184)) - c52c3de9-0ed1-4f2b-ba1d-f317ceeb0ceb@group-20BE3FF63202: changes role from CANDIDATE to FOLLOWER at term 301 for DISCOVERED_A_NEW_TERM
2019-10-18 07:14:54,548 [c52c3de9-0ed1-4f2b-ba1d-f317ceeb0ceb@group-20BE3FF63202-LeaderElection254] INFO  impl.RoleInfo (RoleInfo.java:shutdownLeaderElection(134)) - c52c3de9-0ed1-4f2b-ba1d-f317ceeb0ceb: shutdown LeaderElection
2019-10-18 07:14:54,548 [c52c3de9-0ed1-4f2b-ba1d-f317ceeb0ceb@group-20BE3FF63202-LeaderElection254] INFO  impl.RoleInfo (RoleInfo.java:updateAndGet(143)) - c52c3de9-0ed1-4f2b-ba1d-f317ceeb0ceb: start FollowerState
2019-10-18 07:14:54,567 [Thread-2158] INFO  impl.FollowerState (FollowerState.java:run(108)) - c52c3de9-0ed1-4f2b-ba1d-f317ceeb0ceb@group-20BE3FF63202-FollowerState: change to CANDIDATE, lastRpcTime:18ms, electionTimeout:18ms
2019-10-18 07:14:54,567 [Thread-2158] INFO  impl.RoleInfo (RoleInfo.java:shutdownFollowerState(121)) - c52c3de9-0ed1-4f2b-ba1d-f317ceeb0ceb: shutdown FollowerState
2019-10-18 07:14:54,567 [Thread-2158] INFO  impl.RaftServerImpl (RaftServerImpl.java:setRole(184)) - c52c3de9-0ed1-4f2b-ba1d-f317ceeb0ceb@group-20BE3FF63202: changes role from  FOLLOWER to CANDIDATE at term 301 for changeToCandidate
2019-10-18 07:14:54,567 [Thread-2158] INFO  impl.RoleInfo (RoleInfo.java:updateAndGet(143)) - c52c3de9-0ed1-4f2b-ba1d-f317ceeb0ceb: start LeaderElection
2019-10-18 07:14:54,581 [c52c3de9-0ed1-4f2b-ba1d-f317ceeb0ceb@group-20BE3FF63202-LeaderElection255] INFO  impl.LeaderElection (LeaderElection.java:askForVotes(178)) - c52c3de9-0ed1-4f2b-ba1d-f317ceeb0ceb@group-20BE3FF63202-LeaderElection255: begin an election at term 302 for -1: [24274e9f-e41f-4654-9afc-a783ca44e44b:192.168.69.67:35902, 988115cd-21c9-4558-b198-f2cedd98ccf3:192.168.69.67:44208, c52c3de9-0ed1-4f2b-ba1d-f317ceeb0ceb:192.168.69.67:37615], old=null
2019-10-18 07:14:54,584 [grpc-default-executor-2] INFO  impl.RaftServerImpl (RaftServerImpl.java:setRole(184)) - 24274e9f-e41f-4654-9afc-a783ca44e44b@group-20BE3FF63202: changes role from  FOLLOWER to FOLLOWER at term 302 for recognizeCandidate:c52c3de9-0ed1-4f2b-ba1d-f317ceeb0ceb
2019-10-18 07:14:54,584 [grpc-default-executor-2] INFO  impl.RoleInfo (RoleInfo.java:shutdownFollowerState(121)) - 24274e9f-e41f-4654-9afc-a783ca44e44b: shutdown FollowerState
2019-10-18 07:14:54,584 [grpc-default-executor-5] INFO  impl.RaftServerImpl (RaftServerImpl.java:setRole(184)) - 988115cd-21c9-4558-b198-f2cedd98ccf3@group-20BE3FF63202: changes role from  FOLLOWER to FOLLOWER at term 302 for recognizeCandidate:c52c3de9-0ed1-4f2b-ba1d-f317ceeb0ceb
2019-10-18 07:14:54,584 [Thread-2157] INFO  impl.FollowerState (FollowerState.java:run(117)) - 24274e9f-e41f-4654-9afc-a783ca44e44b@group-20BE3FF63202-FollowerState was interrupted: java.lang.InterruptedException: sleep interrupted
2019-10-18 07:14:54,584 [grpc-default-executor-2] INFO  impl.RoleInfo (RoleInfo.java:updateAndGet(143)) - 24274e9f-e41f-4654-9afc-a783ca44e44b: start FollowerState
2019-10-18 07:14:54,584 [grpc-default-executor-5] INFO  impl.RoleInfo (RoleInfo.java:shutdownFollowerState(121)) - 988115cd-21c9-4558-b198-f2cedd98ccf3: shutdown FollowerState
2019-10-18 07:14:54,585 [Thread-2156] INFO  impl.FollowerState (FollowerState.java:run(117)) - 988115cd-21c9-4558-b198-f2cedd98ccf3@group-20BE3FF63202-FollowerState was interrupted: java.lang.InterruptedException: sleep interrupted
2019-10-18 07:14:54,585 [grpc-default-executor-5] INFO  impl.RoleInfo (RoleInfo.java:updateAndGet(143)) - 988115cd-21c9-4558-b198-f2cedd98ccf3: start FollowerState
2019-10-18 07:14:54,600 [c52c3de9-0ed1-4f2b-ba1d-f317ceeb0ceb@group-20BE3FF63202-LeaderElection255] INFO  impl.LeaderElection (LeaderElection.java:logAndReturn(56)) - c52c3de9-0ed1-4f2b-ba1d-f317ceeb0ceb@group-20BE3FF63202-LeaderElection255: Election REJECTED; received 2 response(s) [c52c3de9-0ed1-4f2b-ba1d-f317ceeb0ceb<-24274e9f-e41f-4654-9afc-a783ca44e44b#0:FAIL-t302, c52c3de9-0ed1-4f2b-ba1d-f317ceeb0ceb<-988115cd-21c9-4558-b198-f2cedd98ccf3#0:FAIL-t302] and 0 exception(s); c52c3de9-0ed1-4f2b-ba1d-f317ceeb0ceb@group-20BE3FF63202:t302, leader=null, voted=c52c3de9-0ed1-4f2b-ba1d-f317ceeb0ceb, raftlog=c52c3de9-0ed1-4f2b-ba1d-f317ceeb0ceb@group-20BE3FF63202-SegmentedRaftLog:OPENED:c-1,f-1,i0, conf=-1: [24274e9f-e41f-4654-9afc-a783ca44e44b:192.168.69.67:35902, 988115cd-21c9-4558-b198-f2cedd98ccf3:192.168.69.67:44208, c52c3de9-0ed1-4f2b-ba1d-f317ceeb0ceb:192.168.69.67:37615], old=null
2019-10-18 07:14:54,600 [c52c3de9-0ed1-4f2b-ba1d-f317ceeb0ceb@group-20BE3FF63202-LeaderElection255] INFO  impl.RaftServerImpl (RaftServerImpl.java:setRole(184)) - c52c3de9-0ed1-4f2b-ba1d-f317ceeb0ceb@group-20BE3FF63202: changes role from CANDIDATE to FOLLOWER at term 302 for DISCOVERED_A_NEW_TERM
2019-10-18 07:14:54,600 [c52c3de9-0ed1-4f2b-ba1d-f317ceeb0ceb@group-20BE3FF63202-LeaderElection255] INFO  impl.RoleInfo (RoleInfo.java:shutdownLeaderElection(134)) - c52c3de9-0ed1-4f2b-ba1d-f317ceeb0ceb: shutdown LeaderElection
2019-10-18 07:14:54,600 [c52c3de9-0ed1-4f2b-ba1d-f317ceeb0ceb@group-20BE3FF63202-LeaderElection255] INFO  impl.RoleInfo (RoleInfo.java:updateAndGet(143)) - c52c3de9-0ed1-4f2b-ba1d-f317ceeb0ceb: start FollowerState
2019-10-18 07:14:54,673 [Thread-2164] INFO  impl.FollowerState (FollowerState.java:run(108)) - c52c3de9-0ed1-4f2b-ba1d-f317ceeb0ceb@group-20BE3FF63202-FollowerState: change to CANDIDATE, lastRpcTime:72ms, electionTimeout:72ms
2019-10-18 07:14:54,673 [Thread-2164] INFO  impl.RoleInfo (RoleInfo.java:shutdownFollowerState(121)) - c52c3de9-0ed1-4f2b-ba1d-f317ceeb0ceb: shutdown FollowerState
2019-10-18 07:14:54,673 [Thread-2164] INFO  impl.RaftServerImpl (RaftServerImpl.java:setRole(184)) - c52c3de9-0ed1-4f2b-ba1d-f317ceeb0ceb@group-20BE3FF63202: changes role from  FOLLOWER to CANDIDATE at term 302 for changeToCandidate
2019-10-18 07:14:54,673 [Thread-2164] INFO  impl.RoleInfo (RoleInfo.java:updateAndGet(143)) - c52c3de9-0ed1-4f2b-ba1d-f317ceeb0ceb: start LeaderElection
2019-10-18 07:14:54,688 [c52c3de9-0ed1-4f2b-ba1d-f317ceeb0ceb@group-20BE3FF63202-LeaderElection256] INFO  impl.LeaderElection (LeaderElection.java:askForVotes(178)) - c52c3de9-0ed1-4f2b-ba1d-f317ceeb0ceb@group-20BE3FF63202-LeaderElection256: begin an election at term 303 for -1: [24274e9f-e41f-4654-9afc-a783ca44e44b:192.168.69.67:35902, 988115cd-21c9-4558-b198-f2cedd98ccf3:192.168.69.67:44208, c52c3de9-0ed1-4f2b-ba1d-f317ceeb0ceb:192.168.69.67:37615], old=null
2019-10-18 07:14:54,691 [grpc-default-executor-5] INFO  impl.RaftServerImpl (RaftServerImpl.java:setRole(184)) - 24274e9f-e41f-4654-9afc-a783ca44e44b@group-20BE3FF63202: changes role from  FOLLOWER to FOLLOWER at term 303 for recognizeCandidate:c52c3de9-0ed1-4f2b-ba1d-f317ceeb0ceb
2019-10-18 07:14:54,691 [grpc-default-executor-5] INFO  impl.RoleInfo (RoleInfo.java:shutdownFollowerState(121)) - 24274e9f-e41f-4654-9afc-a783ca44e44b: shutdown FollowerState
2019-10-18 07:14:54,691 [grpc-default-executor-2] INFO  impl.RaftServerImpl (RaftServerImpl.java:setRole(184)) - 988115cd-21c9-4558-b198-f2cedd98ccf3@group-20BE3FF63202: changes role from  FOLLOWER to FOLLOWER at term 303 for recognizeCandidate:c52c3de9-0ed1-4f2b-ba1d-f317ceeb0ceb
2019-10-18 07:14:54,691 [Thread-2162] INFO  impl.FollowerState (FollowerState.java:run(117)) - 24274e9f-e41f-4654-9afc-a783ca44e44b@group-20BE3FF63202-FollowerState was interrupted: java.lang.InterruptedException: sleep interrupted
2019-10-18 07:14:54,691 [grpc-default-executor-5] INFO  impl.RoleInfo (RoleInfo.java:updateAndGet(143)) - 24274e9f-e41f-4654-9afc-a783ca44e44b: start FollowerState
2019-10-18 07:14:54,691 [grpc-default-executor-2] INFO  impl.RoleInfo (RoleInfo.java:shutdownFollowerState(121)) - 988115cd-21c9-4558-b198-f2cedd98ccf3: shutdown FollowerState
2019-10-18 07:14:54,692 [grpc-default-executor-2] INFO  impl.RoleInfo (RoleInfo.java:updateAndGet(143)) - 988115cd-21c9-4558-b198-f2cedd98ccf3: start FollowerState
2019-10-18 07:14:54,692 [Thread-2163] INFO  impl.FollowerState (FollowerState.java:run(117)) - 988115cd-21c9-4558-b198-f2cedd98ccf3@group-20BE3FF63202-FollowerState was interrupted: java.lang.InterruptedException: sleep interrupted
2019-10-18 07:14:54,704 [c52c3de9-0ed1-4f2b-ba1d-f317ceeb0ceb@group-20BE3FF63202-LeaderElection256] INFO  impl.LeaderElection (LeaderElection.java:logAndReturn(56)) - c52c3de9-0ed1-4f2b-ba1d-f317ceeb0ceb@group-20BE3FF63202-LeaderElection256: Election REJECTED; received 2 response(s) [c52c3de9-0ed1-4f2b-ba1d-f317ceeb0ceb<-24274e9f-e41f-4654-9afc-a783ca44e44b#0:FAIL-t303, c52c3de9-0ed1-4f2b-ba1d-f317ceeb0ceb<-988115cd-21c9-4558-b198-f2cedd98ccf3#0:FAIL-t303] and 0 exception(s); c52c3de9-0ed1-4f2b-ba1d-f317ceeb0ceb@group-20BE3FF63202:t303, leader=null, voted=c52c3de9-0ed1-4f2b-ba1d-f317ceeb0ceb, raftlog=c52c3de9-0ed1-4f2b-ba1d-f317ceeb0ceb@group-20BE3FF63202-SegmentedRaftLog:OPENED:c-1,f-1,i0, conf=-1: [24274e9f-e41f-4654-9afc-a783ca44e44b:192.168.69.67:35902, 988115cd-21c9-4558-b198-f2cedd98ccf3:192.168.69.67:44208, c52c3de9-0ed1-4f2b-ba1d-f317ceeb0ceb:192.168.69.67:37615], old=null
2019-10-18 07:14:54,704 [c52c3de9-0ed1-4f2b-ba1d-f317ceeb0ceb@group-20BE3FF63202-LeaderElection256] INFO  impl.RaftServerImpl (RaftServerImpl.java:setRole(184)) - c52c3de9-0ed1-4f2b-ba1d-f317ceeb0ceb@group-20BE3FF63202: changes role from CANDIDATE to FOLLOWER at term 303 for DISCOVERED_A_NEW_TERM
2019-10-18 07:14:54,704 [c52c3de9-0ed1-4f2b-ba1d-f317ceeb0ceb@group-20BE3FF63202-LeaderElection256] INFO  impl.RoleInfo (RoleInfo.java:shutdownLeaderElection(134)) - c52c3de9-0ed1-4f2b-ba1d-f317ceeb0ceb: shutdown LeaderElection
2019-10-18 07:14:54,705 [c52c3de9-0ed1-4f2b-ba1d-f317ceeb0ceb@group-20BE3FF63202-LeaderElection256] INFO  impl.RoleInfo (RoleInfo.java:updateAndGet(143)) - c52c3de9-0ed1-4f2b-ba1d-f317ceeb0ceb: start FollowerState
2019-10-18 07:14:54,747 [Thread-2170] INFO  impl.FollowerState (FollowerState.java:run(108)) - c52c3de9-0ed1-4f2b-ba1d-f317ceeb0ceb@group-20BE3FF63202-FollowerState: change to CANDIDATE, lastRpcTime:42ms, electionTimeout:42ms
2019-10-18 07:14:54,747 [Thread-2170] INFO  impl.RoleInfo (RoleInfo.java:shutdownFollowerState(121)) - c52c3de9-0ed1-4f2b-ba1d-f317ceeb0ceb: shutdown FollowerState
2019-10-18 07:14:54,747 [Thread-2170] INFO  impl.RaftServerImpl (RaftServerImpl.java:setRole(184)) - c52c3de9-0ed1-4f2b-ba1d-f317ceeb0ceb@group-20BE3FF63202: changes role from  FOLLOWER to CANDIDATE at term 303 for changeToCandidate
2019-10-18 07:14:54,748 [Thread-2170] INFO  impl.RoleInfo (RoleInfo.java:updateAndGet(143)) - c52c3de9-0ed1-4f2b-ba1d-f317ceeb0ceb: start LeaderElection
2019-10-18 07:14:54,761 [c52c3de9-0ed1-4f2b-ba1d-f317ceeb0ceb@group-20BE3FF63202-LeaderElection257] INFO  impl.LeaderElection (LeaderElection.java:askForVotes(178)) - c52c3de9-0ed1-4f2b-ba1d-f317ceeb0ceb@group-20BE3FF63202-LeaderElection257: begin an election at term 304 for -1: [24274e9f-e41f-4654-9afc-a783ca44e44b:192.168.69.67:35902, 988115cd-21c9-4558-b198-f2cedd98ccf3:192.168.69.67:44208, c52c3de9-0ed1-4f2b-ba1d-f317ceeb0ceb:192.168.69.67:37615], old=null
2019-10-18 07:14:54,764 [grpc-default-executor-2] INFO  impl.RaftServerImpl (RaftServerImpl.java:setRole(184)) - 24274e9f-e41f-4654-9afc-a783ca44e44b@group-20BE3FF63202: changes role from  FOLLOWER to FOLLOWER at term 304 for recognizeCandidate:c52c3de9-0ed1-4f2b-ba1d-f317ceeb0ceb
2019-10-18 07:14:54,764 [grpc-default-executor-2] INFO  impl.RoleInfo (RoleInfo.java:shutdownFollowerState(121)) - 24274e9f-e41f-4654-9afc-a783ca44e44b: shutdown FollowerState
2019-10-18 07:14:54,764 [grpc-default-executor-5] INFO  impl.RaftServerImpl (RaftServerImpl.java:setRole(184)) - 988115cd-21c9-4558-b198-f2cedd98ccf3@group-20BE3FF63202: changes role from  FOLLOWER to FOLLOWER at term 304 for recognizeCandidate:c52c3de9-0ed1-4f2b-ba1d-f317ceeb0ceb
2019-10-18 07:14:54,764 [Thread-2168] INFO  impl.FollowerState (FollowerState.java:run(117)) - 24274e9f-e41f-4654-9afc-a783ca44e44b@group-20BE3FF63202-FollowerState was interrupted: java.lang.InterruptedException: sleep interrupted
2019-10-18 07:14:54,764 [grpc-default-executor-5] INFO  impl.RoleInfo (RoleInfo.java:shutdownFollowerState(121)) - 988115cd-21c9-4558-b198-f2cedd98ccf3: shutdown FollowerState
2019-10-18 07:14:54,764 [grpc-default-executor-2] INFO  impl.RoleInfo (RoleInfo.java:updateAndGet(143)) - 24274e9f-e41f-4654-9afc-a783ca44e44b: start FollowerState
2019-10-18 07:14:54,764 [Thread-2169] INFO  impl.FollowerState (FollowerState.java:run(117)) - 988115cd-21c9-4558-b198-f2cedd98ccf3@group-20BE3FF63202-FollowerState was interrupted: java.lang.InterruptedException: sleep interrupted
2019-10-18 07:14:54,764 [grpc-default-executor-5] INFO  impl.RoleInfo (RoleInfo.java:updateAndGet(143)) - 988115cd-21c9-4558-b198-f2cedd98ccf3: start FollowerState
2019-10-18 07:14:54,778 [c52c3de9-0ed1-4f2b-ba1d-f317ceeb0ceb@group-20BE3FF63202-LeaderElection257] INFO  impl.LeaderElection (LeaderElection.java:logAndReturn(56)) - c52c3de9-0ed1-4f2b-ba1d-f317ceeb0ceb@group-20BE3FF63202-LeaderElection257: Election REJECTED; received 2 response(s) [c52c3de9-0ed1-4f2b-ba1d-f317ceeb0ceb<-24274e9f-e41f-4654-9afc-a783ca44e44b#0:FAIL-t304, c52c3de9-0ed1-4f2b-ba1d-f317ceeb0ceb<-988115cd-21c9-4558-b198-f2cedd98ccf3#0:FAIL-t304] and 0 exception(s); c52c3de9-0ed1-4f2b-ba1d-f317ceeb0ceb@group-20BE3FF63202:t304, leader=null, voted=c52c3de9-0ed1-4f2b-ba1d-f317ceeb0ceb, raftlog=c52c3de9-0ed1-4f2b-ba1d-f317ceeb0ceb@group-20BE3FF63202-SegmentedRaftLog:OPENED:c-1,f-1,i0, conf=-1: [24274e9f-e41f-4654-9afc-a783ca44e44b:192.168.69.67:35902, 988115cd-21c9-4558-b198-f2cedd98ccf3:192.168.69.67:44208, c52c3de9-0ed1-4f2b-ba1d-f317ceeb0ceb:192.168.69.67:37615], old=null
2019-10-18 07:14:54,779 [c52c3de9-0ed1-4f2b-ba1d-f317ceeb0ceb@group-20BE3FF63202-LeaderElection257] INFO  impl.RaftServerImpl (RaftServerImpl.java:setRole(184)) - c52c3de9-0ed1-4f2b-ba1d-f317ceeb0ceb@group-20BE3FF63202: changes role from CANDIDATE to FOLLOWER at term 304 for DISCOVERED_A_NEW_TERM
2019-10-18 07:14:54,779 [c52c3de9-0ed1-4f2b-ba1d-f317ceeb0ceb@group-20BE3FF63202-LeaderElection257] INFO  impl.RoleInfo (RoleInfo.java:shutdownLeaderElection(134)) - c52c3de9-0ed1-4f2b-ba1d-f317ceeb0ceb: shutdown LeaderElection
2019-10-18 07:14:54,779 [c52c3de9-0ed1-4f2b-ba1d-f317ceeb0ceb@group-20BE3FF63202-LeaderElection257] INFO  impl.RoleInfo (RoleInfo.java:updateAndGet(143)) - c52c3de9-0ed1-4f2b-ba1d-f317ceeb0ceb: start FollowerState
2019-10-18 07:14:54,915 [Thread-2176] INFO  impl.FollowerState (FollowerState.java:run(108)) - c52c3de9-0ed1-4f2b-ba1d-f317ceeb0ceb@group-20BE3FF63202-FollowerState: change to CANDIDATE, lastRpcTime:136ms, electionTimeout:136ms
2019-10-18 07:14:54,915 [Thread-2176] INFO  impl.RoleInfo (RoleInfo.java:shutdownFollowerState(121)) - c52c3de9-0ed1-4f2b-ba1d-f317ceeb0ceb: shutdown FollowerState
2019-10-18 07:14:54,916 [Thread-2176] INFO  impl.RaftServerImpl (RaftServerImpl.java:setRole(184)) - c52c3de9-0ed1-4f2b-ba1d-f317ceeb0ceb@group-20BE3FF63202: changes role from  FOLLOWER to CANDIDATE at term 304 for changeToCandidate
2019-10-18 07:14:54,916 [Thread-2176] INFO  impl.RoleInfo (RoleInfo.java:updateAndGet(143)) - c52c3de9-0ed1-4f2b-ba1d-f317ceeb0ceb: start LeaderElection
2019-10-18 07:14:54,930 [c52c3de9-0ed1-4f2b-ba1d-f317ceeb0ceb@group-20BE3FF63202-LeaderElection258] INFO  impl.LeaderElection (LeaderElection.java:askForVotes(178)) - c52c3de9-0ed1-4f2b-ba1d-f317ceeb0ceb@group-20BE3FF63202-LeaderElection258: begin an election at term 305 for -1: [24274e9f-e41f-4654-9afc-a783ca44e44b:192.168.69.67:35902, 988115cd-21c9-4558-b198-f2cedd98ccf3:192.168.69.67:44208, c52c3de9-0ed1-4f2b-ba1d-f317ceeb0ceb:192.168.69.67:37615], old=null
2019-10-18 07:14:54,932 [grpc-default-executor-5] INFO  impl.RaftServerImpl (RaftServerImpl.java:setRole(184)) - 24274e9f-e41f-4654-9afc-a783ca44e44b@group-20BE3FF63202: changes role from  FOLLOWER to FOLLOWER at term 305 for recognizeCandidate:c52c3de9-0ed1-4f2b-ba1d-f317ceeb0ceb
2019-10-18 07:14:54,932 [grpc-default-executor-2] INFO  impl.RaftServerImpl (RaftServerImpl.java:setRole(184)) - 988115cd-21c9-4558-b198-f2cedd98ccf3@group-20BE3FF63202: changes role from  FOLLOWER to FOLLOWER at term 305 for recognizeCandidate:c52c3de9-0ed1-4f2b-ba1d-f317ceeb0ceb
2019-10-18 07:14:54,932 [grpc-default-executor-5] INFO  impl.RoleInfo (RoleInfo.java:shutdownFollowerState(121)) - 24274e9f-e41f-4654-9afc-a783ca44e44b: shutdown FollowerState
2019-10-18 07:14:54,932 [grpc-default-executor-2] INFO  impl.RoleInfo (RoleInfo.java:shutdownFollowerState(121)) - 988115cd-21c9-4558-b198-f2cedd98ccf3: shutdown FollowerState
2019-10-18 07:14:54,933 [Thread-2174] INFO  impl.FollowerState (FollowerState.java:run(117)) - 24274e9f-e41f-4654-9afc-a783ca44e44b@group-20BE3FF63202-FollowerState was interrupted: java.lang.InterruptedException: sleep interrupted
2019-10-18 07:14:54,932 [grpc-default-executor-5] INFO  impl.RoleInfo (RoleInfo.java:updateAndGet(143)) - 24274e9f-e41f-4654-9afc-a783ca44e44b: start FollowerState
2019-10-18 07:14:54,933 [Thread-2175] INFO  impl.FollowerState (FollowerState.java:run(117)) - 988115cd-21c9-4558-b198-f2cedd98ccf3@group-20BE3FF63202-FollowerState was interrupted: java.lang.InterruptedException: sleep interrupted
2019-10-18 07:14:54,933 [grpc-default-executor-2] INFO  impl.RoleInfo (RoleInfo.java:updateAndGet(143)) - 988115cd-21c9-4558-b198-f2cedd98ccf3: start FollowerState
2019-10-18 07:14:54,949 [c52c3de9-0ed1-4f2b-ba1d-f317ceeb0ceb@group-20BE3FF63202-LeaderElection258] INFO  impl.LeaderElection (LeaderElection.java:logAndReturn(56)) - c52c3de9-0ed1-4f2b-ba1d-f317ceeb0ceb@group-20BE3FF63202-LeaderElection258: Election REJECTED; received 2 response(s) [c52c3de9-0ed1-4f2b-ba1d-f317ceeb0ceb<-24274e9f-e41f-4654-9afc-a783ca44e44b#0:FAIL-t305, c52c3de9-0ed1-4f2b-ba1d-f317ceeb0ceb<-988115cd-21c9-4558-b198-f2cedd98ccf3#0:FAIL-t305] and 0 exception(s); c52c3de9-0ed1-4f2b-ba1d-f317ceeb0ceb@group-20BE3FF63202:t305, leader=null, voted=c52c3de9-0ed1-4f2b-ba1d-f317ceeb0ceb, raftlog=c52c3de9-0ed1-4f2b-ba1d-f317ceeb0ceb@group-20BE3FF63202-SegmentedRaftLog:OPENED:c-1,f-1,i0, conf=-1: [24274e9f-e41f-4654-9afc-a783ca44e44b:192.168.69.67:35902, 988115cd-21c9-4558-b198-f2cedd98ccf3:192.168.69.67:44208, c52c3de9-0ed1-4f2b-ba1d-f317ceeb0ceb:192.168.69.67:37615], old=null
2019-10-18 07:14:54,949 [c52c3de9-0ed1-4f2b-ba1d-f317ceeb0ceb@group-20BE3FF63202-LeaderElection258] INFO  impl.RaftServerImpl (RaftServerImpl.java:setRole(184)) - c52c3de9-0ed1-4f2b-ba1d-f317ceeb0ceb@group-20BE3FF63202: changes role from CANDIDATE to FOLLOWER at term 305 for DISCOVERED_A_NEW_TERM
2019-10-18 07:14:54,949 [c52c3de9-0ed1-4f2b-ba1d-f317ceeb0ceb@group-20BE3FF63202-LeaderElection258] INFO  impl.RoleInfo (RoleInfo.java:shutdownLeaderElection(134)) - c52c3de9-0ed1-4f2b-ba1d-f317ceeb0ceb: shutdown LeaderElection
2019-10-18 07:14:54,949 [c52c3de9-0ed1-4f2b-ba1d-f317ceeb0ceb@group-20BE3FF63202-LeaderElection258] INFO  impl.RoleInfo (RoleInfo.java:updateAndGet(143)) - c52c3de9-0ed1-4f2b-ba1d-f317ceeb0ceb: start FollowerState
2019-10-18 07:14:55,143 [Thread-2182] INFO  impl.FollowerState (FollowerState.java:run(108)) - c52c3de9-0ed1-4f2b-ba1d-f317ceeb0ceb@group-20BE3FF63202-FollowerState: change to CANDIDATE, lastRpcTime:193ms, electionTimeout:193ms
2019-10-18 07:14:55,143 [Thread-2182] INFO  impl.RoleInfo (RoleInfo.java:shutdownFollowerState(121)) - c52c3de9-0ed1-4f2b-ba1d-f317ceeb0ceb: shutdown FollowerState
2019-10-18 07:14:55,143 [Thread-2182] INFO  impl.RaftServerImpl (RaftServerImpl.java:setRole(184)) - c52c3de9-0ed1-4f2b-ba1d-f317ceeb0ceb@group-20BE3FF63202: changes role from  FOLLOWER to CANDIDATE at term 305 for changeToCandidate
2019-10-18 07:14:55,144 [Thread-2182] INFO  impl.RoleInfo (RoleInfo.java:updateAndGet(143)) - c52c3de9-0ed1-4f2b-ba1d-f317ceeb0ceb: start LeaderElection
2019-10-18 07:14:55,157 [c52c3de9-0ed1-4f2b-ba1d-f317ceeb0ceb@group-20BE3FF63202-LeaderElection259] INFO  impl.LeaderElection (LeaderElection.java:askForVotes(178)) - c52c3de9-0ed1-4f2b-ba1d-f317ceeb0ceb@group-20BE3FF63202-LeaderElection259: begin an election at term 306 for -1: [24274e9f-e41f-4654-9afc-a783ca44e44b:192.168.69.67:35902, 988115cd-21c9-4558-b198-f2cedd98ccf3:192.168.69.67:44208, c52c3de9-0ed1-4f2b-ba1d-f317ceeb0ceb:192.168.69.67:37615], old=null
2019-10-18 07:14:55,160 [grpc-default-executor-5] INFO  impl.RaftServerImpl (RaftServerImpl.java:setRole(184)) - 24274e9f-e41f-4654-9afc-a783ca44e44b@group-20BE3FF63202: changes role from  FOLLOWER to FOLLOWER at term 306 for recognizeCandidate:c52c3de9-0ed1-4f2b-ba1d-f317ceeb0ceb
2019-10-18 07:14:55,160 [grpc-default-executor-2] INFO  impl.RaftServerImpl (RaftServerImpl.java:setRole(184)) - 988115cd-21c9-4558-b198-f2cedd98ccf3@group-20BE3FF63202: changes role from  FOLLOWER to FOLLOWER at term 306 for recognizeCandidate:c52c3de9-0ed1-4f2b-ba1d-f317ceeb0ceb
2019-10-18 07:14:55,160 [grpc-default-executor-5] INFO  impl.RoleInfo (RoleInfo.java:shutdownFollowerState(121)) - 24274e9f-e41f-4654-9afc-a783ca44e44b: shutdown FollowerState
2019-10-18 07:14:55,160 [grpc-default-executor-2] INFO  impl.RoleInfo (RoleInfo.java:shutdownFollowerState(121)) - 988115cd-21c9-4558-b198-f2cedd98ccf3: shutdown FollowerState
2019-10-18 07:14:55,161 [Thread-2180] INFO  impl.FollowerState (FollowerState.java:run(117)) - 24274e9f-e41f-4654-9afc-a783ca44e44b@group-20BE3FF63202-FollowerState was interrupted: java.lang.InterruptedException: sleep interrupted
2019-10-18 07:14:55,161 [grpc-default-executor-5] INFO  impl.RoleInfo (RoleInfo.java:updateAndGet(143)) - 24274e9f-e41f-4654-9afc-a783ca44e44b: start FollowerState
2019-10-18 07:14:55,161 [Thread-2181] INFO  impl.FollowerState (FollowerState.java:run(117)) - 988115cd-21c9-4558-b198-f2cedd98ccf3@group-20BE3FF63202-FollowerState was interrupted: java.lang.InterruptedException: sleep interrupted
2019-10-18 07:14:55,161 [grpc-default-executor-2] INFO  impl.RoleInfo (RoleInfo.java:updateAndGet(143)) - 988115cd-21c9-4558-b198-f2cedd98ccf3: start FollowerState
2019-10-18 07:14:55,177 [c52c3de9-0ed1-4f2b-ba1d-f317ceeb0ceb@group-20BE3FF63202-LeaderElection259] INFO  impl.LeaderElection (LeaderElection.java:logAndReturn(56)) - c52c3de9-0ed1-4f2b-ba1d-f317ceeb0ceb@group-20BE3FF63202-LeaderElection259: Election REJECTED; received 2 response(s) [c52c3de9-0ed1-4f2b-ba1d-f317ceeb0ceb<-24274e9f-e41f-4654-9afc-a783ca44e44b#0:FAIL-t306, c52c3de9-0ed1-4f2b-ba1d-f317ceeb0ceb<-988115cd-21c9-4558-b198-f2cedd98ccf3#0:FAIL-t306] and 0 exception(s); c52c3de9-0ed1-4f2b-ba1d-f317ceeb0ceb@group-20BE3FF63202:t306, leader=null, voted=c52c3de9-0ed1-4f2b-ba1d-f317ceeb0ceb, raftlog=c52c3de9-0ed1-4f2b-ba1d-f317ceeb0ceb@group-20BE3FF63202-SegmentedRaftLog:OPENED:c-1,f-1,i0, conf=-1: [24274e9f-e41f-4654-9afc-a783ca44e44b:192.168.69.67:35902, 988115cd-21c9-4558-b198-f2cedd98ccf3:192.168.69.67:44208, c52c3de9-0ed1-4f2b-ba1d-f317ceeb0ceb:192.168.69.67:37615], old=null
2019-10-18 07:14:55,177 [c52c3de9-0ed1-4f2b-ba1d-f317ceeb0ceb@group-20BE3FF63202-LeaderElection259] INFO  impl.RaftServerImpl (RaftServerImpl.java:setRole(184)) - c52c3de9-0ed1-4f2b-ba1d-f317ceeb0ceb@group-20BE3FF63202: changes role from CANDIDATE to FOLLOWER at term 306 for DISCOVERED_A_NEW_TERM
2019-10-18 07:14:55,177 [c52c3de9-0ed1-4f2b-ba1d-f317ceeb0ceb@group-20BE3FF63202-LeaderElection259] INFO  impl.RoleInfo (RoleInfo.java:shutdownLeaderElection(134)) - c52c3de9-0ed1-4f2b-ba1d-f317ceeb0ceb: shutdown LeaderElection
2019-10-18 07:14:55,177 [c52c3de9-0ed1-4f2b-ba1d-f317ceeb0ceb@group-20BE3FF63202-LeaderElection259] INFO  impl.RoleInfo (RoleInfo.java:updateAndGet(143)) - c52c3de9-0ed1-4f2b-ba1d-f317ceeb0ceb: start FollowerState
2019-10-18 07:14:55,285 [Thread-2188] INFO  impl.FollowerState (FollowerState.java:run(108)) - c52c3de9-0ed1-4f2b-ba1d-f317ceeb0ceb@group-20BE3FF63202-FollowerState: change to CANDIDATE, lastRpcTime:107ms, electionTimeout:107ms
2019-10-18 07:14:55,285 [Thread-2188] INFO  impl.RoleInfo (RoleInfo.java:shutdownFollowerState(121)) - c52c3de9-0ed1-4f2b-ba1d-f317ceeb0ceb: shutdown FollowerState
2019-10-18 07:14:55,285 [Thread-2188] INFO  impl.RaftServerImpl (RaftServerImpl.java:setRole(184)) - c52c3de9-0ed1-4f2b-ba1d-f317ceeb0ceb@group-20BE3FF63202: changes role from  FOLLOWER to CANDIDATE at term 306 for changeToCandidate
2019-10-18 07:14:55,285 [Thread-2188] INFO  impl.RoleInfo (RoleInfo.java:updateAndGet(143)) - c52c3de9-0ed1-4f2b-ba1d-f317ceeb0ceb: start LeaderElection
2019-10-18 07:14:55,299 [c52c3de9-0ed1-4f2b-ba1d-f317ceeb0ceb@group-20BE3FF63202-LeaderElection260] INFO  impl.LeaderElection (LeaderElection.java:askForVotes(178)) - c52c3de9-0ed1-4f2b-ba1d-f317ceeb0ceb@group-20BE3FF63202-LeaderElection260: begin an election at term 307 for -1: [24274e9f-e41f-4654-9afc-a783ca44e44b:192.168.69.67:35902, 988115cd-21c9-4558-b198-f2cedd98ccf3:192.168.69.67:44208, c52c3de9-0ed1-4f2b-ba1d-f317ceeb0ceb:192.168.69.67:37615], old=null
2019-10-18 07:14:55,302 [grpc-default-executor-2] INFO  impl.RaftServerImpl (RaftServerImpl.java:setRole(184)) - 988115cd-21c9-4558-b198-f2cedd98ccf3@group-20BE3FF63202: changes role from  FOLLOWER to FOLLOWER at term 307 for recognizeCandidate:c52c3de9-0ed1-4f2b-ba1d-f317ceeb0ceb
2019-10-18 07:14:55,302 [grpc-default-executor-2] INFO  impl.RoleInfo (RoleInfo.java:shutdownFollowerState(121)) - 988115cd-21c9-4558-b198-f2cedd98ccf3: shutdown FollowerState
2019-10-18 07:14:55,302 [grpc-default-executor-2] INFO  impl.RoleInfo (RoleInfo.java:updateAndGet(143)) - 988115cd-21c9-4558-b198-f2cedd98ccf3: start FollowerState
2019-10-18 07:14:55,302 [Thread-2187] INFO  impl.FollowerState (FollowerState.java:run(117)) - 988115cd-21c9-4558-b198-f2cedd98ccf3@group-20BE3FF63202-FollowerState was interrupted: java.lang.InterruptedException: sleep interrupted
2019-10-18 07:14:55,302 [grpc-default-executor-5] INFO  impl.RaftServerImpl (RaftServerImpl.java:setRole(184)) - 24274e9f-e41f-4654-9afc-a783ca44e44b@group-20BE3FF63202: changes role from  FOLLOWER to FOLLOWER at term 307 for recognizeCandidate:c52c3de9-0ed1-4f2b-ba1d-f317ceeb0ceb
2019-10-18 07:14:55,302 [grpc-default-executor-5] INFO  impl.RoleInfo (RoleInfo.java:shutdownFollowerState(121)) - 24274e9f-e41f-4654-9afc-a783ca44e44b: shutdown FollowerState
2019-10-18 07:14:55,303 [grpc-default-executor-5] INFO  impl.RoleInfo (RoleInfo.java:updateAndGet(143)) - 24274e9f-e41f-4654-9afc-a783ca44e44b: start FollowerState
2019-10-18 07:14:55,303 [Thread-2186] INFO  impl.FollowerState (FollowerState.java:run(117)) - 24274e9f-e41f-4654-9afc-a783ca44e44b@group-20BE3FF63202-FollowerState was interrupted: java.lang.InterruptedException: sleep interrupted
2019-10-18 07:14:55,317 [c52c3de9-0ed1-4f2b-ba1d-f317ceeb0ceb@group-20BE3FF63202-LeaderElection260] INFO  impl.LeaderElection (LeaderElection.java:logAndReturn(56)) - c52c3de9-0ed1-4f2b-ba1d-f317ceeb0ceb@group-20BE3FF63202-LeaderElection260: Election REJECTED; received 2 response(s) [c52c3de9-0ed1-4f2b-ba1d-f317ceeb0ceb<-24274e9f-e41f-4654-9afc-a783ca44e44b#0:FAIL-t307, c52c3de9-0ed1-4f2b-ba1d-f317ceeb0ceb<-988115cd-21c9-4558-b198-f2cedd98ccf3#0:FAIL-t307] and 0 exception(s); c52c3de9-0ed1-4f2b-ba1d-f317ceeb0ceb@group-20BE3FF63202:t307, leader=null, voted=c52c3de9-0ed1-4f2b-ba1d-f317ceeb0ceb, raftlog=c52c3de9-0ed1-4f2b-ba1d-f317ceeb0ceb@group-20BE3FF63202-SegmentedRaftLog:OPENED:c-1,f-1,i0, conf=-1: [24274e9f-e41f-4654-9afc-a783ca44e44b:192.168.69.67:35902, 988115cd-21c9-4558-b198-f2cedd98ccf3:192.168.69.67:44208, c52c3de9-0ed1-4f2b-ba1d-f317ceeb0ceb:192.168.69.67:37615], old=null
2019-10-18 07:14:55,317 [c52c3de9-0ed1-4f2b-ba1d-f317ceeb0ceb@group-20BE3FF63202-LeaderElection260] INFO  impl.RaftServerImpl (RaftServerImpl.java:setRole(184)) - c52c3de9-0ed1-4f2b-ba1d-f317ceeb0ceb@group-20BE3FF63202: changes role from CANDIDATE to FOLLOWER at term 307 for DISCOVERED_A_NEW_TERM
2019-10-18 07:14:55,317 [c52c3de9-0ed1-4f2b-ba1d-f317ceeb0ceb@group-20BE3FF63202-LeaderElection260] INFO  impl.RoleInfo (RoleInfo.java:shutdownLeaderElection(134)) - c52c3de9-0ed1-4f2b-ba1d-f317ceeb0ceb: shutdown LeaderElection
2019-10-18 07:14:55,317 [c52c3de9-0ed1-4f2b-ba1d-f317ceeb0ceb@group-20BE3FF63202-LeaderElection260] INFO  impl.RoleInfo (RoleInfo.java:updateAndGet(143)) - c52c3de9-0ed1-4f2b-ba1d-f317ceeb0ceb: start FollowerState
2019-10-18 07:14:55,391 [Thread-2195] INFO  impl.FollowerState (FollowerState.java:run(108)) - c52c3de9-0ed1-4f2b-ba1d-f317ceeb0ceb@group-20BE3FF63202-FollowerState: change to CANDIDATE, lastRpcTime:74ms, electionTimeout:74ms
2019-10-18 07:14:55,392 [Thread-2195] INFO  impl.RoleInfo (RoleInfo.java:shutdownFollowerState(121)) - c52c3de9-0ed1-4f2b-ba1d-f317ceeb0ceb: shutdown FollowerState
2019-10-18 07:14:55,392 [Thread-2195] INFO  impl.RaftServerImpl (RaftServerImpl.java:setRole(184)) - c52c3de9-0ed1-4f2b-ba1d-f317ceeb0ceb@group-20BE3FF63202: changes role from  FOLLOWER to CANDIDATE at term 307 for changeToCandidate
2019-10-18 07:14:55,392 [Thread-2195] INFO  impl.RoleInfo (RoleInfo.java:updateAndGet(143)) - c52c3de9-0ed1-4f2b-ba1d-f317ceeb0ceb: start LeaderElection
2019-10-18 07:14:55,406 [c52c3de9-0ed1-4f2b-ba1d-f317ceeb0ceb@group-20BE3FF63202-LeaderElection261] INFO  impl.LeaderElection (LeaderElection.java:askForVotes(178)) - c52c3de9-0ed1-4f2b-ba1d-f317ceeb0ceb@group-20BE3FF63202-LeaderElection261: begin an election at term 308 for -1: [24274e9f-e41f-4654-9afc-a783ca44e44b:192.168.69.67:35902, 988115cd-21c9-4558-b198-f2cedd98ccf3:192.168.69.67:44208, c52c3de9-0ed1-4f2b-ba1d-f317ceeb0ceb:192.168.69.67:37615], old=null
2019-10-18 07:14:55,408 [grpc-default-executor-5] INFO  impl.RaftServerImpl (RaftServerImpl.java:setRole(184)) - 24274e9f-e41f-4654-9afc-a783ca44e44b@group-20BE3FF63202: changes role from  FOLLOWER to FOLLOWER at term 308 for recognizeCandidate:c52c3de9-0ed1-4f2b-ba1d-f317ceeb0ceb
2019-10-18 07:14:55,408 [grpc-default-executor-2] INFO  impl.RaftServerImpl (RaftServerImpl.java:setRole(184)) - 988115cd-21c9-4558-b198-f2cedd98ccf3@group-20BE3FF63202: changes role from  FOLLOWER to FOLLOWER at term 308 for recognizeCandidate:c52c3de9-0ed1-4f2b-ba1d-f317ceeb0ceb
2019-10-18 07:14:55,409 [grpc-default-executor-5] INFO  impl.RoleInfo (RoleInfo.java:shutdownFollowerState(121)) - 24274e9f-e41f-4654-9afc-a783ca44e44b: shutdown FollowerState
2019-10-18 07:14:55,409 [grpc-default-executor-2] INFO  impl.RoleInfo (RoleInfo.java:shutdownFollowerState(121)) - 988115cd-21c9-4558-b198-f2cedd98ccf3: shutdown FollowerState
2019-10-18 07:14:55,409 [Thread-2194] INFO  impl.FollowerState (FollowerState.java:run(117)) - 24274e9f-e41f-4654-9afc-a783ca44e44b@group-20BE3FF63202-FollowerState was interrupted: java.lang.InterruptedException: sleep interrupted
2019-10-18 07:14:55,409 [Thread-2193] INFO  impl.FollowerState (FollowerState.java:run(117)) - 988115cd-21c9-4558-b198-f2cedd98ccf3@group-20BE3FF63202-FollowerState was interrupted: java.lang.InterruptedException: sleep interrupted
2019-10-18 07:14:55,409 [grpc-default-executor-5] INFO  impl.RoleInfo (RoleInfo.java:updateAndGet(143)) - 24274e9f-e41f-4654-9afc-a783ca44e44b: start FollowerState
2019-10-18 07:14:55,409 [grpc-default-executor-2] INFO  impl.RoleInfo (RoleInfo.java:updateAndGet(143)) - 988115cd-21c9-4558-b198-f2cedd98ccf3: start FollowerState
2019-10-18 07:14:55,423 [c52c3de9-0ed1-4f2b-ba1d-f317ceeb0ceb@group-20BE3FF63202-LeaderElection261] INFO  impl.LeaderElection (LeaderElection.java:logAndReturn(56)) - c52c3de9-0ed1-4f2b-ba1d-f317ceeb0ceb@group-20BE3FF63202-LeaderElection261: Election REJECTED; received 2 response(s) [c52c3de9-0ed1-4f2b-ba1d-f317ceeb0ceb<-24274e9f-e41f-4654-9afc-a783ca44e44b#0:FAIL-t308, c52c3de9-0ed1-4f2b-ba1d-f317ceeb0ceb<-988115cd-21c9-4558-b198-f2cedd98ccf3#0:FAIL-t308] and 0 exception(s); c52c3de9-0ed1-4f2b-ba1d-f317ceeb0ceb@group-20BE3FF63202:t308, leader=null, voted=c52c3de9-0ed1-4f2b-ba1d-f317ceeb0ceb, raftlog=c52c3de9-0ed1-4f2b-ba1d-f317ceeb0ceb@group-20BE3FF63202-SegmentedRaftLog:OPENED:c-1,f-1,i0, conf=-1: [24274e9f-e41f-4654-9afc-a783ca44e44b:192.168.69.67:35902, 988115cd-21c9-4558-b198-f2cedd98ccf3:192.168.69.67:44208, c52c3de9-0ed1-4f2b-ba1d-f317ceeb0ceb:192.168.69.67:37615], old=null
2019-10-18 07:14:55,423 [c52c3de9-0ed1-4f2b-ba1d-f317ceeb0ceb@group-20BE3FF63202-LeaderElection261] INFO  impl.RaftServerImpl (RaftServerImpl.java:setRole(184)) - c52c3de9-0ed1-4f2b-ba1d-f317ceeb0ceb@group-20BE3FF63202: changes role from CANDIDATE to FOLLOWER at term 308 for DISCOVERED_A_NEW_TERM
2019-10-18 07:14:55,423 [c52c3de9-0ed1-4f2b-ba1d-f317ceeb0ceb@group-20BE3FF63202-LeaderElection261] INFO  impl.RoleInfo (RoleInfo.java:shutdownLeaderElection(134)) - c52c3de9-0ed1-4f2b-ba1d-f317ceeb0ceb: shutdown LeaderElection
2019-10-18 07:14:55,423 [c52c3de9-0ed1-4f2b-ba1d-f317ceeb0ceb@group-20BE3FF63202-LeaderElection261] INFO  impl.RoleInfo (RoleInfo.java:updateAndGet(143)) - c52c3de9-0ed1-4f2b-ba1d-f317ceeb0ceb: start FollowerState
2019-10-18 07:14:55,511 [Thread-2201] INFO  impl.FollowerState (FollowerState.java:run(108)) - c52c3de9-0ed1-4f2b-ba1d-f317ceeb0ceb@group-20BE3FF63202-FollowerState: change to CANDIDATE, lastRpcTime:87ms, electionTimeout:87ms
2019-10-18 07:14:55,511 [Thread-2201] INFO  impl.RoleInfo (RoleInfo.java:shutdownFollowerState(121)) - c52c3de9-0ed1-4f2b-ba1d-f317ceeb0ceb: shutdown FollowerState
2019-10-18 07:14:55,511 [Thread-2201] INFO  impl.RaftServerImpl (RaftServerImpl.java:setRole(184)) - c52c3de9-0ed1-4f2b-ba1d-f317ceeb0ceb@group-20BE3FF63202: changes role from  FOLLOWER to CANDIDATE at term 308 for changeToCandidate
2019-10-18 07:14:55,511 [Thread-2201] INFO  impl.RoleInfo (RoleInfo.java:updateAndGet(143)) - c52c3de9-0ed1-4f2b-ba1d-f317ceeb0ceb: start LeaderElection
2019-10-18 07:14:55,540 [c52c3de9-0ed1-4f2b-ba1d-f317ceeb0ceb@group-20BE3FF63202-LeaderElection262] INFO  impl.LeaderElection (LeaderElection.java:askForVotes(178)) - c52c3de9-0ed1-4f2b-ba1d-f317ceeb0ceb@group-20BE3FF63202-LeaderElection262: begin an election at term 309 for -1: [24274e9f-e41f-4654-9afc-a783ca44e44b:192.168.69.67:35902, 988115cd-21c9-4558-b198-f2cedd98ccf3:192.168.69.67:44208, c52c3de9-0ed1-4f2b-ba1d-f317ceeb0ceb:192.168.69.67:37615], old=null
2019-10-18 07:14:55,542 [grpc-default-executor-5] INFO  impl.RaftServerImpl (RaftServerImpl.java:setRole(184)) - 24274e9f-e41f-4654-9afc-a783ca44e44b@group-20BE3FF63202: changes role from  FOLLOWER to FOLLOWER at term 309 for recognizeCandidate:c52c3de9-0ed1-4f2b-ba1d-f317ceeb0ceb
2019-10-18 07:14:55,542 [grpc-default-executor-2] INFO  impl.RaftServerImpl (RaftServerImpl.java:setRole(184)) - 988115cd-21c9-4558-b198-f2cedd98ccf3@group-20BE3FF63202: changes role from  FOLLOWER to FOLLOWER at term 309 for recognizeCandidate:c52c3de9-0ed1-4f2b-ba1d-f317ceeb0ceb
2019-10-18 07:14:55,542 [grpc-default-executor-5] INFO  impl.RoleInfo (RoleInfo.java:shutdownFollowerState(121)) - 24274e9f-e41f-4654-9afc-a783ca44e44b: shutdown FollowerState
2019-10-18 07:14:55,543 [grpc-default-executor-2] INFO  impl.RoleInfo (RoleInfo.java:shutdownFollowerState(121)) - 988115cd-21c9-4558-b198-f2cedd98ccf3: shutdown FollowerState
2019-10-18 07:14:55,543 [Thread-2199] INFO  impl.FollowerState (FollowerState.java:run(117)) - 24274e9f-e41f-4654-9afc-a783ca44e44b@group-20BE3FF63202-FollowerState was interrupted: java.lang.InterruptedException: sleep interrupted
2019-10-18 07:14:55,543 [grpc-default-executor-5] INFO  impl.RoleInfo (RoleInfo.java:updateAndGet(143)) - 24274e9f-e41f-4654-9afc-a783ca44e44b: start FollowerState
2019-10-18 07:14:55,543 [grpc-default-executor-2] INFO  impl.RoleInfo (RoleInfo.java:updateAndGet(143)) - 988115cd-21c9-4558-b198-f2cedd98ccf3: start FollowerState
2019-10-18 07:14:55,543 [Thread-2200] INFO  impl.FollowerState (FollowerState.java:run(117)) - 988115cd-21c9-4558-b198-f2cedd98ccf3@group-20BE3FF63202-FollowerState was interrupted: java.lang.InterruptedException: sleep interrupted
2019-10-18 07:14:55,581 [c52c3de9-0ed1-4f2b-ba1d-f317ceeb0ceb@group-20BE3FF63202-LeaderElection262] INFO  impl.LeaderElection (LeaderElection.java:logAndReturn(56)) - c52c3de9-0ed1-4f2b-ba1d-f317ceeb0ceb@group-20BE3FF63202-LeaderElection262: Election REJECTED; received 2 response(s) [c52c3de9-0ed1-4f2b-ba1d-f317ceeb0ceb<-24274e9f-e41f-4654-9afc-a783ca44e44b#0:FAIL-t309, c52c3de9-0ed1-4f2b-ba1d-f317ceeb0ceb<-988115cd-21c9-4558-b198-f2cedd98ccf3#0:FAIL-t309] and 0 exception(s); c52c3de9-0ed1-4f2b-ba1d-f317ceeb0ceb@group-20BE3FF63202:t309, leader=null, voted=c52c3de9-0ed1-4f2b-ba1d-f317ceeb0ceb, raftlog=c52c3de9-0ed1-4f2b-ba1d-f317ceeb0ceb@group-20BE3FF63202-SegmentedRaftLog:OPENED:c-1,f-1,i0, conf=-1: [24274e9f-e41f-4654-9afc-a783ca44e44b:192.168.69.67:35902, 988115cd-21c9-4558-b198-f2cedd98ccf3:192.168.69.67:44208, c52c3de9-0ed1-4f2b-ba1d-f317ceeb0ceb:192.168.69.67:37615], old=null
2019-10-18 07:14:55,582 [c52c3de9-0ed1-4f2b-ba1d-f317ceeb0ceb@group-20BE3FF63202-LeaderElection262] INFO  impl.RaftServerImpl (RaftServerImpl.java:setRole(184)) - c52c3de9-0ed1-4f2b-ba1d-f317ceeb0ceb@group-20BE3FF63202: changes role from CANDIDATE to FOLLOWER at term 309 for DISCOVERED_A_NEW_TERM
2019-10-18 07:14:55,582 [c52c3de9-0ed1-4f2b-ba1d-f317ceeb0ceb@group-20BE3FF63202-LeaderElection262] INFO  impl.RoleInfo (RoleInfo.java:shutdownLeaderElection(134)) - c52c3de9-0ed1-4f2b-ba1d-f317ceeb0ceb: shutdown LeaderElection
2019-10-18 07:14:55,582 [c52c3de9-0ed1-4f2b-ba1d-f317ceeb0ceb@group-20BE3FF63202-LeaderElection262] INFO  impl.RoleInfo (RoleInfo.java:updateAndGet(143)) - c52c3de9-0ed1-4f2b-ba1d-f317ceeb0ceb: start FollowerState
2019-10-18 07:14:55,613 [Thread-2207] INFO  impl.FollowerState (FollowerState.java:run(108)) - c52c3de9-0ed1-4f2b-ba1d-f317ceeb0ceb@group-20BE3FF63202-FollowerState: change to CANDIDATE, lastRpcTime:31ms, electionTimeout:31ms
2019-10-18 07:14:55,614 [Thread-2207] INFO  impl.RoleInfo (RoleInfo.java:shutdownFollowerState(121)) - c52c3de9-0ed1-4f2b-ba1d-f317ceeb0ceb: shutdown FollowerState
2019-10-18 07:14:55,614 [Thread-2207] INFO  impl.RaftServerImpl (RaftServerImpl.java:setRole(184)) - c52c3de9-0ed1-4f2b-ba1d-f317ceeb0ceb@group-20BE3FF63202: changes role from  FOLLOWER to CANDIDATE at term 309 for changeToCandidate
2019-10-18 07:14:55,614 [Thread-2207] INFO  impl.RoleInfo (RoleInfo.java:updateAndGet(143)) - c52c3de9-0ed1-4f2b-ba1d-f317ceeb0ceb: start LeaderElection
2019-10-18 07:14:55,627 [c52c3de9-0ed1-4f2b-ba1d-f317ceeb0ceb@group-20BE3FF63202-LeaderElection263] INFO  impl.LeaderElection (LeaderElection.java:askForVotes(178)) - c52c3de9-0ed1-4f2b-ba1d-f317ceeb0ceb@group-20BE3FF63202-LeaderElection263: begin an election at term 310 for -1: [24274e9f-e41f-4654-9afc-a783ca44e44b:192.168.69.67:35902, 988115cd-21c9-4558-b198-f2cedd98ccf3:192.168.69.67:44208, c52c3de9-0ed1-4f2b-ba1d-f317ceeb0ceb:192.168.69.67:37615], old=null
2019-10-18 07:14:55,629 [grpc-default-executor-2] INFO  impl.RaftServerImpl (RaftServerImpl.java:setRole(184)) - 24274e9f-e41f-4654-9afc-a783ca44e44b@group-20BE3FF63202: changes role from  FOLLOWER to FOLLOWER at term 310 for recognizeCandidate:c52c3de9-0ed1-4f2b-ba1d-f317ceeb0ceb
2019-10-18 07:14:55,629 [grpc-default-executor-2] INFO  impl.RoleInfo (RoleInfo.java:shutdownFollowerState(121)) - 24274e9f-e41f-4654-9afc-a783ca44e44b: shutdown FollowerState
2019-10-18 07:14:55,630 [grpc-default-executor-5] INFO  impl.RaftServerImpl (RaftServerImpl.java:setRole(184)) - 988115cd-21c9-4558-b198-f2cedd98ccf3@group-20BE3FF63202: changes role from  FOLLOWER to FOLLOWER at term 310 for recognizeCandidate:c52c3de9-0ed1-4f2b-ba1d-f317ceeb0ceb
2019-10-18 07:14:55,630 [grpc-default-executor-5] INFO  impl.RoleInfo (RoleInfo.java:shutdownFollowerState(121)) - 988115cd-21c9-4558-b198-f2cedd98ccf3: shutdown FollowerState
2019-10-18 07:14:55,630 [Thread-2205] INFO  impl.FollowerState (FollowerState.java:run(117)) - 24274e9f-e41f-4654-9afc-a783ca44e44b@group-20BE3FF63202-FollowerState was interrupted: java.lang.InterruptedException: sleep interrupted
2019-10-18 07:14:55,630 [grpc-default-executor-2] INFO  impl.RoleInfo (RoleInfo.java:updateAndGet(143)) - 24274e9f-e41f-4654-9afc-a783ca44e44b: start FollowerState
2019-10-18 07:14:55,630 [Thread-2206] INFO  impl.FollowerState (FollowerState.java:run(117)) - 988115cd-21c9-4558-b198-f2cedd98ccf3@group-20BE3FF63202-FollowerState was interrupted: java.lang.InterruptedException: sleep interrupted
2019-10-18 07:14:55,630 [grpc-default-executor-5] INFO  impl.RoleInfo (RoleInfo.java:updateAndGet(143)) - 988115cd-21c9-4558-b198-f2cedd98ccf3: start FollowerState
2019-10-18 07:14:55,645 [c52c3de9-0ed1-4f2b-ba1d-f317ceeb0ceb@group-20BE3FF63202-LeaderElection263] INFO  impl.LeaderElection (LeaderElection.java:logAndReturn(56)) - c52c3de9-0ed1-4f2b-ba1d-f317ceeb0ceb@group-20BE3FF63202-LeaderElection263: Election REJECTED; received 2 response(s) [c52c3de9-0ed1-4f2b-ba1d-f317ceeb0ceb<-24274e9f-e41f-4654-9afc-a783ca44e44b#0:FAIL-t310, c52c3de9-0ed1-4f2b-ba1d-f317ceeb0ceb<-988115cd-21c9-4558-b198-f2cedd98ccf3#0:FAIL-t310] and 0 exception(s); c52c3de9-0ed1-4f2b-ba1d-f317ceeb0ceb@group-20BE3FF63202:t310, leader=null, voted=c52c3de9-0ed1-4f2b-ba1d-f317ceeb0ceb, raftlog=c52c3de9-0ed1-4f2b-ba1d-f317ceeb0ceb@group-20BE3FF63202-SegmentedRaftLog:OPENED:c-1,f-1,i0, conf=-1: [24274e9f-e41f-4654-9afc-a783ca44e44b:192.168.69.67:35902, 988115cd-21c9-4558-b198-f2cedd98ccf3:192.168.69.67:44208, c52c3de9-0ed1-4f2b-ba1d-f317ceeb0ceb:192.168.69.67:37615], old=null
2019-10-18 07:14:55,645 [c52c3de9-0ed1-4f2b-ba1d-f317ceeb0ceb@group-20BE3FF63202-LeaderElection263] INFO  impl.RaftServerImpl (RaftServerImpl.java:setRole(184)) - c52c3de9-0ed1-4f2b-ba1d-f317ceeb0ceb@group-20BE3FF63202: changes role from CANDIDATE to FOLLOWER at term 310 for DISCOVERED_A_NEW_TERM
2019-10-18 07:14:55,645 [c52c3de9-0ed1-4f2b-ba1d-f317ceeb0ceb@group-20BE3FF63202-LeaderElection263] INFO  impl.RoleInfo (RoleInfo.java:shutdownLeaderElection(134)) - c52c3de9-0ed1-4f2b-ba1d-f317ceeb0ceb: shutdown LeaderElection
2019-10-18 07:14:55,645 [c52c3de9-0ed1-4f2b-ba1d-f317ceeb0ceb@group-20BE3FF63202-LeaderElection263] INFO  impl.RoleInfo (RoleInfo.java:updateAndGet(143)) - c52c3de9-0ed1-4f2b-ba1d-f317ceeb0ceb: start FollowerState
2019-10-18 07:14:55,709 [main] INFO  ozoneimpl.OzoneContainer (OzoneContainer.java:stop(227)) - Attempting to stop container services.
2019-10-18 07:14:55,709 [ForkJoinPool.commonPool-worker-0] INFO  ozoneimpl.OzoneContainer (OzoneContainer.java:stop(227)) - Attempting to stop container services.
2019-10-18 07:14:55,710 [main] INFO  impl.RaftServerProxy (RaftServerProxy.java:lambda$close$4(314)) - 48796f01-a45e-4e78-98f3-7a8f6b07cc28: close
2019-10-18 07:14:55,710 [ForkJoinPool.commonPool-worker-0] INFO  impl.RaftServerProxy (RaftServerProxy.java:lambda$close$4(314)) - 24274e9f-e41f-4654-9afc-a783ca44e44b: close
2019-10-18 07:14:55,710 [main] INFO  impl.RaftServerImpl (RaftServerImpl.java:lambda$shutdown$3(261)) - 48796f01-a45e-4e78-98f3-7a8f6b07cc28@group-7DC3B7510CFE: shutdown
2019-10-18 07:14:55,710 [ForkJoinPool.commonPool-worker-0] INFO  impl.RaftServerImpl (RaftServerImpl.java:lambda$shutdown$3(261)) - 24274e9f-e41f-4654-9afc-a783ca44e44b@group-20BE3FF63202: shutdown
2019-10-18 07:14:55,711 [main] INFO  util.JmxRegister (JmxRegister.java:unregister(73)) - Successfully un-registered JMX Bean with object name Ratis:service=RaftServer,group=group-7DC3B7510CFE,id=48796f01-a45e-4e78-98f3-7a8f6b07cc28
2019-10-18 07:14:55,711 [ForkJoinPool.commonPool-worker-0] INFO  util.JmxRegister (JmxRegister.java:unregister(73)) - Successfully un-registered JMX Bean with object name Ratis:service=RaftServer,group=group-20BE3FF63202,id=24274e9f-e41f-4654-9afc-a783ca44e44b
2019-10-18 07:14:55,711 [main] INFO  impl.RoleInfo (RoleInfo.java:shutdownLeaderState(104)) - 48796f01-a45e-4e78-98f3-7a8f6b07cc28: shutdown LeaderState
2019-10-18 07:14:55,711 [ForkJoinPool.commonPool-worker-0] INFO  impl.RoleInfo (RoleInfo.java:shutdownFollowerState(121)) - 24274e9f-e41f-4654-9afc-a783ca44e44b: shutdown FollowerState
2019-10-18 07:14:55,712 [main] INFO  impl.PendingRequests (PendingRequests.java:sendNotLeaderResponses(202)) - 48796f01-a45e-4e78-98f3-7a8f6b07cc28@group-7DC3B7510CFE-PendingRequests: sendNotLeaderResponses
2019-10-18 07:14:55,712 [Thread-2211] INFO  impl.FollowerState (FollowerState.java:run(117)) - 24274e9f-e41f-4654-9afc-a783ca44e44b@group-20BE3FF63202-FollowerState was interrupted: java.lang.InterruptedException: sleep interrupted
2019-10-18 07:14:55,713 [main] INFO  impl.StateMachineUpdater (StateMachineUpdater.java:stopAndJoin(136)) - 48796f01-a45e-4e78-98f3-7a8f6b07cc28@group-7DC3B7510CFE-StateMachineUpdater: set stopIndex = 0
2019-10-18 07:14:55,712 [ForkJoinPool.commonPool-worker-0] INFO  impl.StateMachineUpdater (StateMachineUpdater.java:stopAndJoin(136)) - 24274e9f-e41f-4654-9afc-a783ca44e44b@group-20BE3FF63202-StateMachineUpdater: set stopIndex = -1
2019-10-18 07:14:55,713 [main] INFO  impl.RaftServerImpl (ServerState.java:close(388)) - 48796f01-a45e-4e78-98f3-7a8f6b07cc28@group-7DC3B7510CFE: closes. applyIndex: 0
2019-10-18 07:14:55,713 [ForkJoinPool.commonPool-worker-0] INFO  impl.RaftServerImpl (ServerState.java:close(388)) - 24274e9f-e41f-4654-9afc-a783ca44e44b@group-20BE3FF63202: closes. applyIndex: -1
2019-10-18 07:14:55,714 [48796f01-a45e-4e78-98f3-7a8f6b07cc28@group-7DC3B7510CFE-SegmentedRaftLogWorker] INFO  segmented.SegmentedRaftLogWorker (SegmentedRaftLogWorker.java:run(316)) - 48796f01-a45e-4e78-98f3-7a8f6b07cc28@group-7DC3B7510CFE-SegmentedRaftLogWorker was interrupted, exiting. There are 0 tasks remaining in the queue.
2019-10-18 07:14:55,714 [24274e9f-e41f-4654-9afc-a783ca44e44b@group-20BE3FF63202-SegmentedRaftLogWorker] INFO  segmented.SegmentedRaftLogWorker (SegmentedRaftLogWorker.java:run(316)) - 24274e9f-e41f-4654-9afc-a783ca44e44b@group-20BE3FF63202-SegmentedRaftLogWorker was interrupted, exiting. There are 0 tasks remaining in the queue.
2019-10-18 07:14:55,716 [main] INFO  segmented.SegmentedRaftLogWorker (SegmentedRaftLogWorker.java:close(224)) - 48796f01-a45e-4e78-98f3-7a8f6b07cc28@group-7DC3B7510CFE-SegmentedRaftLogWorker close()
2019-10-18 07:14:55,717 [ForkJoinPool.commonPool-worker-0] INFO  segmented.SegmentedRaftLogWorker (SegmentedRaftLogWorker.java:close(224)) - 24274e9f-e41f-4654-9afc-a783ca44e44b@group-20BE3FF63202-SegmentedRaftLogWorker close()
2019-10-18 07:14:55,719 [main] INFO  impl.RaftServerImpl (RaftServerImpl.java:lambda$shutdown$3(261)) - 48796f01-a45e-4e78-98f3-7a8f6b07cc28@group-AFD3E3A39739: shutdown
2019-10-18 07:14:55,726 [ForkJoinPool.commonPool-worker-0] INFO  impl.RaftServerImpl (RaftServerImpl.java:lambda$shutdown$3(261)) - 24274e9f-e41f-4654-9afc-a783ca44e44b@group-D0DACCEEB899: shutdown
2019-10-18 07:14:55,726 [main] INFO  util.JmxRegister (JmxRegister.java:unregister(73)) - Successfully un-registered JMX Bean with object name Ratis:service=RaftServer,group=group-AFD3E3A39739,id=48796f01-a45e-4e78-98f3-7a8f6b07cc28
2019-10-18 07:14:55,726 [ForkJoinPool.commonPool-worker-0] INFO  util.JmxRegister (JmxRegister.java:unregister(73)) - Successfully un-registered JMX Bean with object name Ratis:service=RaftServer,group=group-D0DACCEEB899,id=24274e9f-e41f-4654-9afc-a783ca44e44b
2019-10-18 07:14:55,726 [main] INFO  impl.RoleInfo (RoleInfo.java:shutdownFollowerState(121)) - 48796f01-a45e-4e78-98f3-7a8f6b07cc28: shutdown FollowerState
2019-10-18 07:14:55,727 [ForkJoinPool.commonPool-worker-0] INFO  impl.RoleInfo (RoleInfo.java:shutdownLeaderState(104)) - 24274e9f-e41f-4654-9afc-a783ca44e44b: shutdown LeaderState
2019-10-18 07:14:55,727 [Thread-438] INFO  impl.FollowerState (FollowerState.java:run(117)) - 48796f01-a45e-4e78-98f3-7a8f6b07cc28@group-AFD3E3A39739-FollowerState was interrupted: java.lang.InterruptedException: sleep interrupted
2019-10-18 07:14:55,727 [main] INFO  impl.StateMachineUpdater (StateMachineUpdater.java:stopAndJoin(136)) - 48796f01-a45e-4e78-98f3-7a8f6b07cc28@group-AFD3E3A39739-StateMachineUpdater: set stopIndex = 0
2019-10-18 07:14:55,728 [main] INFO  impl.RaftServerImpl (ServerState.java:close(388)) - 48796f01-a45e-4e78-98f3-7a8f6b07cc28@group-AFD3E3A39739: closes. applyIndex: 0
2019-10-18 07:14:55,727 [ForkJoinPool.commonPool-worker-0] INFO  impl.PendingRequests (PendingRequests.java:sendNotLeaderResponses(202)) - 24274e9f-e41f-4654-9afc-a783ca44e44b@group-D0DACCEEB899-PendingRequests: sendNotLeaderResponses
2019-10-18 07:14:55,728 [48796f01-a45e-4e78-98f3-7a8f6b07cc28@group-AFD3E3A39739-SegmentedRaftLogWorker] INFO  segmented.SegmentedRaftLogWorker (SegmentedRaftLogWorker.java:run(316)) - 48796f01-a45e-4e78-98f3-7a8f6b07cc28@group-AFD3E3A39739-SegmentedRaftLogWorker was interrupted, exiting. There are 0 tasks remaining in the queue.
2019-10-18 07:14:55,728 [ForkJoinPool.commonPool-worker-0] INFO  impl.StateMachineUpdater (StateMachineUpdater.java:stopAndJoin(136)) - 24274e9f-e41f-4654-9afc-a783ca44e44b@group-D0DACCEEB899-StateMachineUpdater: set stopIndex = 0
2019-10-18 07:14:55,728 [main] INFO  segmented.SegmentedRaftLogWorker (SegmentedRaftLogWorker.java:close(224)) - 48796f01-a45e-4e78-98f3-7a8f6b07cc28@group-AFD3E3A39739-SegmentedRaftLogWorker close()
2019-10-18 07:14:55,729 [ForkJoinPool.commonPool-worker-0] INFO  impl.RaftServerImpl (ServerState.java:close(388)) - 24274e9f-e41f-4654-9afc-a783ca44e44b@group-D0DACCEEB899: closes. applyIndex: 0
2019-10-18 07:14:55,730 [main] INFO  server.GrpcService (GrpcService.java:closeImpl(164)) - 48796f01-a45e-4e78-98f3-7a8f6b07cc28: shutdown server with port 44206 now
2019-10-18 07:14:55,730 [24274e9f-e41f-4654-9afc-a783ca44e44b@group-D0DACCEEB899-SegmentedRaftLogWorker] INFO  segmented.SegmentedRaftLogWorker (SegmentedRaftLogWorker.java:run(316)) - 24274e9f-e41f-4654-9afc-a783ca44e44b@group-D0DACCEEB899-SegmentedRaftLogWorker was interrupted, exiting. There are 0 tasks remaining in the queue.
2019-10-18 07:14:55,731 [ForkJoinPool.commonPool-worker-0] INFO  segmented.SegmentedRaftLogWorker (SegmentedRaftLogWorker.java:close(224)) - 24274e9f-e41f-4654-9afc-a783ca44e44b@group-D0DACCEEB899-SegmentedRaftLogWorker close()
2019-10-18 07:14:55,735 [ForkJoinPool.commonPool-worker-0] INFO  server.GrpcService (GrpcService.java:closeImpl(164)) - 24274e9f-e41f-4654-9afc-a783ca44e44b: shutdown server with port 35902 now
2019-10-18 07:14:55,735 [main] INFO  server.GrpcService (GrpcService.java:closeImpl(172)) - 48796f01-a45e-4e78-98f3-7a8f6b07cc28: shutdown server with port 44206 successfully
2019-10-18 07:14:55,735 [grpc-default-executor-5] WARN  server.GrpcLogAppender (LogUtils.java:warn(134)) - f7ab671b-901b-4a48-a9a9-f6c73ab18394@group-AFD3E3A39739->48796f01-a45e-4e78-98f3-7a8f6b07cc28-AppendLogResponseHandler: Failed appendEntries: org.apache.ratis.thirdparty.io.grpc.StatusRuntimeException: CANCELLED: HTTP/2 error code: CANCEL
Received Rst Stream
2019-10-18 07:14:55,735 [grpc-default-executor-2] WARN  server.GrpcServerProtocolService (LogUtils.java:warn(134)) - 48796f01-a45e-4e78-98f3-7a8f6b07cc28: installSnapshot onError, lastRequest: f7ab671b-901b-4a48-a9a9-f6c73ab18394->48796f01-a45e-4e78-98f3-7a8f6b07cc28#26-t1, previous=(t:1, i:0), leaderCommit=0, initializing? false, entries: <empty>: org.apache.ratis.thirdparty.io.grpc.StatusRuntimeException: CANCELLED: cancelled before receiving half close
2019-10-18 07:14:55,738 [ForkJoinPool.commonPool-worker-0] INFO  server.GrpcService (GrpcService.java:closeImpl(172)) - 24274e9f-e41f-4654-9afc-a783ca44e44b: shutdown server with port 35902 successfully
2019-10-18 07:14:55,748 [refreshUsed-/workdir/hadoop-ozone/integration-test/target/test-dir/MiniOzoneClusterImpl-f68115de-5278-4c94-9b3d-9176cb3c0071/datanode-2/data/containers] WARN  fs.CachingGetSpaceUsed (CachingGetSpaceUsed.java:run(183)) - Thread Interrupted waiting to refresh disk information: sleep interrupted
2019-10-18 07:14:55,748 [refreshUsed-/workdir/hadoop-ozone/integration-test/target/test-dir/MiniOzoneClusterImpl-f68115de-5278-4c94-9b3d-9176cb3c0071/datanode-3/data/containers] WARN  fs.CachingGetSpaceUsed (CachingGetSpaceUsed.java:run(183)) - Thread Interrupted waiting to refresh disk information: sleep interrupted
2019-10-18 07:14:55,765 [ForkJoinPool.commonPool-worker-0] INFO  utils.BackgroundService (BackgroundService.java:shutdown(151)) - Shutting down service BlockDeletingService
2019-10-18 07:14:55,765 [main] INFO  utils.BackgroundService (BackgroundService.java:shutdown(151)) - Shutting down service BlockDeletingService
2019-10-18 07:14:55,767 [ForkJoinPool.commonPool-worker-0] INFO  statemachine.DatanodeStateMachine (DatanodeStateMachine.java:stopDaemon(395)) - Ozone container server stopped.
2019-10-18 07:14:55,769 [main] INFO  statemachine.DatanodeStateMachine (DatanodeStateMachine.java:stopDaemon(395)) - Ozone container server stopped.
2019-10-18 07:14:55,770 [ForkJoinPool.commonPool-worker-0] INFO  handler.ContextHandler (ContextHandler.java:doStop(910)) - Stopped o.e.j.w.WebAppContext@3c5dbdf8{/,null,UNAVAILABLE}{/hddsDatanode}
2019-10-18 07:14:55,771 [main] INFO  handler.ContextHandler (ContextHandler.java:doStop(910)) - Stopped o.e.j.w.WebAppContext@7fdab70c{/,null,UNAVAILABLE}{/hddsDatanode}
2019-10-18 07:14:55,771 [ForkJoinPool.commonPool-worker-0] INFO  server.AbstractConnector (AbstractConnector.java:doStop(318)) - Stopped ServerConnector@352c44a8{HTTP/1.1,[http/1.1]}{0.0.0.0:0}
2019-10-18 07:14:55,772 [ForkJoinPool.commonPool-worker-0] INFO  handler.ContextHandler (ContextHandler.java:doStop(910)) - Stopped o.e.j.s.ServletContextHandler@6d1dcdff{/static,jar:file:/home/user/.m2/repository/org/apache/hadoop/hadoop-hdds-container-service/0.5.0-SNAPSHOT/hadoop-hdds-container-service-0.5.0-SNAPSHOT.jar!/webapps/static,UNAVAILABLE}
2019-10-18 07:14:55,772 [main] INFO  server.AbstractConnector (AbstractConnector.java:doStop(318)) - Stopped ServerConnector@25ad4f71{HTTP/1.1,[http/1.1]}{0.0.0.0:0}
2019-10-18 07:14:55,773 [ForkJoinPool.commonPool-worker-0] INFO  handler.ContextHandler (ContextHandler.java:doStop(910)) - Stopped o.e.j.s.ServletContextHandler@558756be{/logs,file:///workdir/hadoop-ozone/integration-test/target/log,UNAVAILABLE}
2019-10-18 07:14:55,773 [main] INFO  handler.ContextHandler (ContextHandler.java:doStop(910)) - Stopped o.e.j.s.ServletContextHandler@26cb5207{/static,jar:file:/home/user/.m2/repository/org/apache/hadoop/hadoop-hdds-container-service/0.5.0-SNAPSHOT/hadoop-hdds-container-service-0.5.0-SNAPSHOT.jar!/webapps/static,UNAVAILABLE}
2019-10-18 07:14:55,773 [main] INFO  handler.ContextHandler (ContextHandler.java:doStop(910)) - Stopped o.e.j.s.ServletContextHandler@561b61ed{/logs,file:///workdir/hadoop-ozone/integration-test/target/log,UNAVAILABLE}
2019-10-18 07:14:55,801 [Thread-2213] INFO  impl.FollowerState (FollowerState.java:run(108)) - c52c3de9-0ed1-4f2b-ba1d-f317ceeb0ceb@group-20BE3FF63202-FollowerState: change to CANDIDATE, lastRpcTime:155ms, electionTimeout:155ms
2019-10-18 07:14:55,801 [Thread-2213] INFO  impl.RoleInfo (RoleInfo.java:shutdownFollowerState(121)) - c52c3de9-0ed1-4f2b-ba1d-f317ceeb0ceb: shutdown FollowerState
2019-10-18 07:14:55,801 [Thread-2213] INFO  impl.RaftServerImpl (RaftServerImpl.java:setRole(184)) - c52c3de9-0ed1-4f2b-ba1d-f317ceeb0ceb@group-20BE3FF63202: changes role from  FOLLOWER to CANDIDATE at term 310 for changeToCandidate
2019-10-18 07:14:55,801 [Thread-2213] INFO  impl.RoleInfo (RoleInfo.java:updateAndGet(143)) - c52c3de9-0ed1-4f2b-ba1d-f317ceeb0ceb: start LeaderElection
2019-10-18 07:14:55,816 [c52c3de9-0ed1-4f2b-ba1d-f317ceeb0ceb@group-20BE3FF63202-LeaderElection264] INFO  impl.LeaderElection (LeaderElection.java:askForVotes(178)) - c52c3de9-0ed1-4f2b-ba1d-f317ceeb0ceb@group-20BE3FF63202-LeaderElection264: begin an election at term 311 for -1: [24274e9f-e41f-4654-9afc-a783ca44e44b:192.168.69.67:35902, 988115cd-21c9-4558-b198-f2cedd98ccf3:192.168.69.67:44208, c52c3de9-0ed1-4f2b-ba1d-f317ceeb0ceb:192.168.69.67:37615], old=null
2019-10-18 07:14:55,818 [grpc-default-executor-2] INFO  impl.RaftServerImpl (RaftServerImpl.java:setRole(184)) - 988115cd-21c9-4558-b198-f2cedd98ccf3@group-20BE3FF63202: changes role from  FOLLOWER to FOLLOWER at term 311 for recognizeCandidate:c52c3de9-0ed1-4f2b-ba1d-f317ceeb0ceb
2019-10-18 07:14:55,819 [grpc-default-executor-2] INFO  impl.RoleInfo (RoleInfo.java:shutdownFollowerState(121)) - 988115cd-21c9-4558-b198-f2cedd98ccf3: shutdown FollowerState
2019-10-18 07:14:55,819 [grpc-default-executor-2] INFO  impl.RoleInfo (RoleInfo.java:updateAndGet(143)) - 988115cd-21c9-4558-b198-f2cedd98ccf3: start FollowerState
2019-10-18 07:14:55,819 [Thread-2212] INFO  impl.FollowerState (FollowerState.java:run(117)) - 988115cd-21c9-4558-b198-f2cedd98ccf3@group-20BE3FF63202-FollowerState was interrupted: java.lang.InterruptedException: sleep interrupted
2019-10-18 07:14:55,824 [java.util.concurrent.ThreadPoolExecutor$Worker@27945d7e[State = -1, empty queue]] WARN  server.GrpcLogAppender (GrpcLogAppender.java:timeoutAppendRequest(209)) - f7ab671b-901b-4a48-a9a9-f6c73ab18394@group-AFD3E3A39739->d2e56473-8267-4871-9849-be2e71e1a2dc-GrpcLogAppender: appendEntries Timeout, request=f7ab671b-901b-4a48-a9a9-f6c73ab18394->d2e56473-8267-4871-9849-be2e71e1a2dc#25-t1, previous=(t:1, i:0), leaderCommit=0, initializing? false, entries: <empty>
2019-10-18 07:14:55,829 [c52c3de9-0ed1-4f2b-ba1d-f317ceeb0ceb@group-20BE3FF63202-LeaderElection264] INFO  impl.LeaderElection (LogUtils.java:infoOrTrace(149)) - c52c3de9-0ed1-4f2b-ba1d-f317ceeb0ceb@group-20BE3FF63202-LeaderElection264 got exception when requesting votes: {}
java.util.concurrent.ExecutionException: org.apache.ratis.thirdparty.io.grpc.StatusRuntimeException: UNAVAILABLE: io exception
	at java.util.concurrent.FutureTask.report(FutureTask.java:122)
	at java.util.concurrent.FutureTask.get(FutureTask.java:192)
	at org.apache.ratis.server.impl.LeaderElection.waitForResults(LeaderElection.java:259)
	at org.apache.ratis.server.impl.LeaderElection.askForVotes(LeaderElection.java:197)
	at org.apache.ratis.server.impl.LeaderElection.run(LeaderElection.java:133)
	at java.lang.Thread.run(Thread.java:748)
Caused by: org.apache.ratis.thirdparty.io.grpc.StatusRuntimeException: UNAVAILABLE: io exception
	at org.apache.ratis.thirdparty.io.grpc.stub.ClientCalls.toStatusRuntimeException(ClientCalls.java:233)
	at org.apache.ratis.thirdparty.io.grpc.stub.ClientCalls.getUnchecked(ClientCalls.java:214)
	at org.apache.ratis.thirdparty.io.grpc.stub.ClientCalls.blockingUnaryCall(ClientCalls.java:139)
	at org.apache.ratis.proto.grpc.RaftServerProtocolServiceGrpc$RaftServerProtocolServiceBlockingStub.requestVote(RaftServerProtocolServiceGrpc.java:265)
	at org.apache.ratis.grpc.server.GrpcServerProtocolClient.requestVote(GrpcServerProtocolClient.java:99)
	at org.apache.ratis.grpc.server.GrpcService.requestVote(GrpcService.java:204)
	at org.apache.ratis.server.impl.LeaderElection.lambda$submitRequests$1(LeaderElection.java:234)
	at java.util.concurrent.FutureTask.run(FutureTask.java:266)
	at java.util.concurrent.Executors$RunnableAdapter.call(Executors.java:511)
	at java.util.concurrent.FutureTask.run(FutureTask.java:266)
	at java.util.concurrent.ThreadPoolExecutor.runWorker(ThreadPoolExecutor.java:1149)
	at java.util.concurrent.ThreadPoolExecutor$Worker.run(ThreadPoolExecutor.java:624)
	... 1 more
Caused by: org.apache.ratis.thirdparty.io.netty.channel.AbstractChannel$AnnotatedConnectException: Connection refused: /192.168.69.67:35902
	at sun.nio.ch.SocketChannelImpl.checkConnect(Native Method)
	at sun.nio.ch.SocketChannelImpl.finishConnect(SocketChannelImpl.java:717)
	at org.apache.ratis.thirdparty.io.netty.channel.socket.nio.NioSocketChannel.doFinishConnect(NioSocketChannel.java:327)
	at org.apache.ratis.thirdparty.io.netty.channel.nio.AbstractNioChannel$AbstractNioUnsafe.finishConnect(AbstractNioChannel.java:340)
	at org.apache.ratis.thirdparty.io.netty.channel.nio.NioEventLoop.processSelectedKey(NioEventLoop.java:632)
	at org.apache.ratis.thirdparty.io.netty.channel.nio.NioEventLoop.processSelectedKeysOptimized(NioEventLoop.java:579)
	at org.apache.ratis.thirdparty.io.netty.channel.nio.NioEventLoop.processSelectedKeys(NioEventLoop.java:496)
	at org.apache.ratis.thirdparty.io.netty.channel.nio.NioEventLoop.run(NioEventLoop.java:458)
	at org.apache.ratis.thirdparty.io.netty.util.concurrent.SingleThreadEventExecutor$5.run(SingleThreadEventExecutor.java:897)
	at org.apache.ratis.thirdparty.io.netty.util.concurrent.FastThreadLocalRunnable.run(FastThreadLocalRunnable.java:30)
	... 1 more
Caused by: java.net.ConnectException: Connection refused
	... 11 more
2019-10-18 07:14:55,831 [c52c3de9-0ed1-4f2b-ba1d-f317ceeb0ceb@group-20BE3FF63202-LeaderElection264] INFO  impl.LeaderElection (LeaderElection.java:logAndReturn(56)) - c52c3de9-0ed1-4f2b-ba1d-f317ceeb0ceb@group-20BE3FF63202-LeaderElection264: Election REJECTED; received 1 response(s) [c52c3de9-0ed1-4f2b-ba1d-f317ceeb0ceb<-988115cd-21c9-4558-b198-f2cedd98ccf3#0:FAIL-t311] and 1 exception(s); c52c3de9-0ed1-4f2b-ba1d-f317ceeb0ceb@group-20BE3FF63202:t311, leader=null, voted=c52c3de9-0ed1-4f2b-ba1d-f317ceeb0ceb, raftlog=c52c3de9-0ed1-4f2b-ba1d-f317ceeb0ceb@group-20BE3FF63202-SegmentedRaftLog:OPENED:c-1,f-1,i0, conf=-1: [24274e9f-e41f-4654-9afc-a783ca44e44b:192.168.69.67:35902, 988115cd-21c9-4558-b198-f2cedd98ccf3:192.168.69.67:44208, c52c3de9-0ed1-4f2b-ba1d-f317ceeb0ceb:192.168.69.67:37615], old=null
2019-10-18 07:14:55,831 [c52c3de9-0ed1-4f2b-ba1d-f317ceeb0ceb@group-20BE3FF63202-LeaderElection264] INFO  impl.LeaderElection (LogUtils.java:infoOrTrace(149)) -   Exception 0: {}
java.util.concurrent.ExecutionException: org.apache.ratis.thirdparty.io.grpc.StatusRuntimeException: UNAVAILABLE: io exception
	at java.util.concurrent.FutureTask.report(FutureTask.java:122)
	at java.util.concurrent.FutureTask.get(FutureTask.java:192)
	at org.apache.ratis.server.impl.LeaderElection.waitForResults(LeaderElection.java:259)
	at org.apache.ratis.server.impl.LeaderElection.askForVotes(LeaderElection.java:197)
	at org.apache.ratis.server.impl.LeaderElection.run(LeaderElection.java:133)
	at java.lang.Thread.run(Thread.java:748)
Caused by: org.apache.ratis.thirdparty.io.grpc.StatusRuntimeException: UNAVAILABLE: io exception
	at org.apache.ratis.thirdparty.io.grpc.stub.ClientCalls.toStatusRuntimeException(ClientCalls.java:233)
	at org.apache.ratis.thirdparty.io.grpc.stub.ClientCalls.getUnchecked(ClientCalls.java:214)
	at org.apache.ratis.thirdparty.io.grpc.stub.ClientCalls.blockingUnaryCall(ClientCalls.java:139)
	at org.apache.ratis.proto.grpc.RaftServerProtocolServiceGrpc$RaftServerProtocolServiceBlockingStub.requestVote(RaftServerProtocolServiceGrpc.java:265)
	at org.apache.ratis.grpc.server.GrpcServerProtocolClient.requestVote(GrpcServerProtocolClient.java:99)
	at org.apache.ratis.grpc.server.GrpcService.requestVote(GrpcService.java:204)
	at org.apache.ratis.server.impl.LeaderElection.lambda$submitRequests$1(LeaderElection.java:234)
	at java.util.concurrent.FutureTask.run(FutureTask.java:266)
	at java.util.concurrent.Executors$RunnableAdapter.call(Executors.java:511)
	at java.util.concurrent.FutureTask.run(FutureTask.java:266)
	at java.util.concurrent.ThreadPoolExecutor.runWorker(ThreadPoolExecutor.java:1149)
	at java.util.concurrent.ThreadPoolExecutor$Worker.run(ThreadPoolExecutor.java:624)
	... 1 more
Caused by: org.apache.ratis.thirdparty.io.netty.channel.AbstractChannel$AnnotatedConnectException: Connection refused: /192.168.69.67:35902
	at sun.nio.ch.SocketChannelImpl.checkConnect(Native Method)
	at sun.nio.ch.SocketChannelImpl.finishConnect(SocketChannelImpl.java:717)
	at org.apache.ratis.thirdparty.io.netty.channel.socket.nio.NioSocketChannel.doFinishConnect(NioSocketChannel.java:327)
	at org.apache.ratis.thirdparty.io.netty.channel.nio.AbstractNioChannel$AbstractNioUnsafe.finishConnect(AbstractNioChannel.java:340)
	at org.apache.ratis.thirdparty.io.netty.channel.nio.NioEventLoop.processSelectedKey(NioEventLoop.java:632)
	at org.apache.ratis.thirdparty.io.netty.channel.nio.NioEventLoop.processSelectedKeysOptimized(NioEventLoop.java:579)
	at org.apache.ratis.thirdparty.io.netty.channel.nio.NioEventLoop.processSelectedKeys(NioEventLoop.java:496)
	at org.apache.ratis.thirdparty.io.netty.channel.nio.NioEventLoop.run(NioEventLoop.java:458)
	at org.apache.ratis.thirdparty.io.netty.util.concurrent.SingleThreadEventExecutor$5.run(SingleThreadEventExecutor.java:897)
	at org.apache.ratis.thirdparty.io.netty.util.concurrent.FastThreadLocalRunnable.run(FastThreadLocalRunnable.java:30)
	... 1 more
Caused by: java.net.ConnectException: Connection refused
	... 11 more
2019-10-18 07:14:55,832 [c52c3de9-0ed1-4f2b-ba1d-f317ceeb0ceb@group-20BE3FF63202-LeaderElection264] INFO  impl.RaftServerImpl (RaftServerImpl.java:setRole(184)) - c52c3de9-0ed1-4f2b-ba1d-f317ceeb0ceb@group-20BE3FF63202: changes role from CANDIDATE to FOLLOWER at term 311 for DISCOVERED_A_NEW_TERM
2019-10-18 07:14:55,832 [c52c3de9-0ed1-4f2b-ba1d-f317ceeb0ceb@group-20BE3FF63202-LeaderElection264] INFO  impl.RoleInfo (RoleInfo.java:shutdownLeaderElection(134)) - c52c3de9-0ed1-4f2b-ba1d-f317ceeb0ceb: shutdown LeaderElection
2019-10-18 07:14:55,832 [c52c3de9-0ed1-4f2b-ba1d-f317ceeb0ceb@group-20BE3FF63202-LeaderElection264] INFO  impl.RoleInfo (RoleInfo.java:updateAndGet(143)) - c52c3de9-0ed1-4f2b-ba1d-f317ceeb0ceb: start FollowerState
2019-10-18 07:14:55,850 [Thread-2218] INFO  impl.FollowerState (FollowerState.java:run(108)) - c52c3de9-0ed1-4f2b-ba1d-f317ceeb0ceb@group-20BE3FF63202-FollowerState: change to CANDIDATE, lastRpcTime:18ms, electionTimeout:18ms
2019-10-18 07:14:55,850 [Thread-2218] INFO  impl.RoleInfo (RoleInfo.java:shutdownFollowerState(121)) - c52c3de9-0ed1-4f2b-ba1d-f317ceeb0ceb: shutdown FollowerState
2019-10-18 07:14:55,851 [Thread-2218] INFO  impl.RaftServerImpl (RaftServerImpl.java:setRole(184)) - c52c3de9-0ed1-4f2b-ba1d-f317ceeb0ceb@group-20BE3FF63202: changes role from  FOLLOWER to CANDIDATE at term 311 for changeToCandidate
2019-10-18 07:14:55,851 [Thread-2218] INFO  impl.RoleInfo (RoleInfo.java:updateAndGet(143)) - c52c3de9-0ed1-4f2b-ba1d-f317ceeb0ceb: start LeaderElection
2019-10-18 07:14:55,857 [Datanode State Machine Thread - 0] INFO  statemachine.DatanodeStateMachine (DatanodeStateMachine.java:lambda$startDaemon$0(350)) - Ozone container server started.
2019-10-18 07:14:55,864 [c52c3de9-0ed1-4f2b-ba1d-f317ceeb0ceb@group-20BE3FF63202-LeaderElection265] INFO  impl.LeaderElection (LeaderElection.java:askForVotes(178)) - c52c3de9-0ed1-4f2b-ba1d-f317ceeb0ceb@group-20BE3FF63202-LeaderElection265: begin an election at term 312 for -1: [24274e9f-e41f-4654-9afc-a783ca44e44b:192.168.69.67:35902, 988115cd-21c9-4558-b198-f2cedd98ccf3:192.168.69.67:44208, c52c3de9-0ed1-4f2b-ba1d-f317ceeb0ceb:192.168.69.67:37615], old=null
2019-10-18 07:14:55,865 [c52c3de9-0ed1-4f2b-ba1d-f317ceeb0ceb@group-20BE3FF63202-LeaderElection265] INFO  impl.LeaderElection (LogUtils.java:infoOrTrace(149)) - c52c3de9-0ed1-4f2b-ba1d-f317ceeb0ceb@group-20BE3FF63202-LeaderElection265 got exception when requesting votes: {}
java.util.concurrent.ExecutionException: org.apache.ratis.thirdparty.io.grpc.StatusRuntimeException: UNAVAILABLE: io exception
	at java.util.concurrent.FutureTask.report(FutureTask.java:122)
	at java.util.concurrent.FutureTask.get(FutureTask.java:192)
	at org.apache.ratis.server.impl.LeaderElection.waitForResults(LeaderElection.java:259)
	at org.apache.ratis.server.impl.LeaderElection.askForVotes(LeaderElection.java:197)
	at org.apache.ratis.server.impl.LeaderElection.run(LeaderElection.java:133)
	at java.lang.Thread.run(Thread.java:748)
Caused by: org.apache.ratis.thirdparty.io.grpc.StatusRuntimeException: UNAVAILABLE: io exception
	at org.apache.ratis.thirdparty.io.grpc.stub.ClientCalls.toStatusRuntimeException(ClientCalls.java:233)
	at org.apache.ratis.thirdparty.io.grpc.stub.ClientCalls.getUnchecked(ClientCalls.java:214)
	at org.apache.ratis.thirdparty.io.grpc.stub.ClientCalls.blockingUnaryCall(ClientCalls.java:139)
	at org.apache.ratis.proto.grpc.RaftServerProtocolServiceGrpc$RaftServerProtocolServiceBlockingStub.requestVote(RaftServerProtocolServiceGrpc.java:265)
	at org.apache.ratis.grpc.server.GrpcServerProtocolClient.requestVote(GrpcServerProtocolClient.java:99)
	at org.apache.ratis.grpc.server.GrpcService.requestVote(GrpcService.java:204)
	at org.apache.ratis.server.impl.LeaderElection.lambda$submitRequests$1(LeaderElection.java:234)
	at java.util.concurrent.FutureTask.run(FutureTask.java:266)
	at java.util.concurrent.Executors$RunnableAdapter.call(Executors.java:511)
	at java.util.concurrent.FutureTask.run(FutureTask.java:266)
	at java.util.concurrent.ThreadPoolExecutor.runWorker(ThreadPoolExecutor.java:1149)
	at java.util.concurrent.ThreadPoolExecutor$Worker.run(ThreadPoolExecutor.java:624)
	... 1 more
Caused by: org.apache.ratis.thirdparty.io.netty.channel.AbstractChannel$AnnotatedConnectException: Connection refused: /192.168.69.67:35902
	at sun.nio.ch.SocketChannelImpl.checkConnect(Native Method)
	at sun.nio.ch.SocketChannelImpl.finishConnect(SocketChannelImpl.java:717)
	at org.apache.ratis.thirdparty.io.netty.channel.socket.nio.NioSocketChannel.doFinishConnect(NioSocketChannel.java:327)
	at org.apache.ratis.thirdparty.io.netty.channel.nio.AbstractNioChannel$AbstractNioUnsafe.finishConnect(AbstractNioChannel.java:340)
	at org.apache.ratis.thirdparty.io.netty.channel.nio.NioEventLoop.processSelectedKey(NioEventLoop.java:632)
	at org.apache.ratis.thirdparty.io.netty.channel.nio.NioEventLoop.processSelectedKeysOptimized(NioEventLoop.java:579)
	at org.apache.ratis.thirdparty.io.netty.channel.nio.NioEventLoop.processSelectedKeys(NioEventLoop.java:496)
	at org.apache.ratis.thirdparty.io.netty.channel.nio.NioEventLoop.run(NioEventLoop.java:458)
	at org.apache.ratis.thirdparty.io.netty.util.concurrent.SingleThreadEventExecutor$5.run(SingleThreadEventExecutor.java:897)
	at org.apache.ratis.thirdparty.io.netty.util.concurrent.FastThreadLocalRunnable.run(FastThreadLocalRunnable.java:30)
	... 1 more
Caused by: java.net.ConnectException: Connection refused
	... 11 more
2019-10-18 07:14:55,867 [grpc-default-executor-2] INFO  impl.RaftServerImpl (RaftServerImpl.java:setRole(184)) - 988115cd-21c9-4558-b198-f2cedd98ccf3@group-20BE3FF63202: changes role from  FOLLOWER to FOLLOWER at term 312 for recognizeCandidate:c52c3de9-0ed1-4f2b-ba1d-f317ceeb0ceb
2019-10-18 07:14:55,867 [grpc-default-executor-2] INFO  impl.RoleInfo (RoleInfo.java:shutdownFollowerState(121)) - 988115cd-21c9-4558-b198-f2cedd98ccf3: shutdown FollowerState
2019-10-18 07:14:55,867 [grpc-default-executor-2] INFO  impl.RoleInfo (RoleInfo.java:updateAndGet(143)) - 988115cd-21c9-4558-b198-f2cedd98ccf3: start FollowerState
2019-10-18 07:14:55,867 [Thread-2217] INFO  impl.FollowerState (FollowerState.java:run(117)) - 988115cd-21c9-4558-b198-f2cedd98ccf3@group-20BE3FF63202-FollowerState was interrupted: java.lang.InterruptedException: sleep interrupted
2019-10-18 07:14:55,881 [c52c3de9-0ed1-4f2b-ba1d-f317ceeb0ceb@group-20BE3FF63202-LeaderElection265] INFO  impl.LeaderElection (LeaderElection.java:logAndReturn(56)) - c52c3de9-0ed1-4f2b-ba1d-f317ceeb0ceb@group-20BE3FF63202-LeaderElection265: Election REJECTED; received 1 response(s) [c52c3de9-0ed1-4f2b-ba1d-f317ceeb0ceb<-988115cd-21c9-4558-b198-f2cedd98ccf3#0:FAIL-t312] and 1 exception(s); c52c3de9-0ed1-4f2b-ba1d-f317ceeb0ceb@group-20BE3FF63202:t312, leader=null, voted=c52c3de9-0ed1-4f2b-ba1d-f317ceeb0ceb, raftlog=c52c3de9-0ed1-4f2b-ba1d-f317ceeb0ceb@group-20BE3FF63202-SegmentedRaftLog:OPENED:c-1,f-1,i0, conf=-1: [24274e9f-e41f-4654-9afc-a783ca44e44b:192.168.69.67:35902, 988115cd-21c9-4558-b198-f2cedd98ccf3:192.168.69.67:44208, c52c3de9-0ed1-4f2b-ba1d-f317ceeb0ceb:192.168.69.67:37615], old=null
2019-10-18 07:14:55,881 [c52c3de9-0ed1-4f2b-ba1d-f317ceeb0ceb@group-20BE3FF63202-LeaderElection265] INFO  impl.LeaderElection (LogUtils.java:infoOrTrace(149)) -   Exception 0: {}
java.util.concurrent.ExecutionException: org.apache.ratis.thirdparty.io.grpc.StatusRuntimeException: UNAVAILABLE: io exception
	at java.util.concurrent.FutureTask.report(FutureTask.java:122)
	at java.util.concurrent.FutureTask.get(FutureTask.java:192)
	at org.apache.ratis.server.impl.LeaderElection.waitForResults(LeaderElection.java:259)
	at org.apache.ratis.server.impl.LeaderElection.askForVotes(LeaderElection.java:197)
	at org.apache.ratis.server.impl.LeaderElection.run(LeaderElection.java:133)
	at java.lang.Thread.run(Thread.java:748)
Caused by: org.apache.ratis.thirdparty.io.grpc.StatusRuntimeException: UNAVAILABLE: io exception
	at org.apache.ratis.thirdparty.io.grpc.stub.ClientCalls.toStatusRuntimeException(ClientCalls.java:233)
	at org.apache.ratis.thirdparty.io.grpc.stub.ClientCalls.getUnchecked(ClientCalls.java:214)
	at org.apache.ratis.thirdparty.io.grpc.stub.ClientCalls.blockingUnaryCall(ClientCalls.java:139)
	at org.apache.ratis.proto.grpc.RaftServerProtocolServiceGrpc$RaftServerProtocolServiceBlockingStub.requestVote(RaftServerProtocolServiceGrpc.java:265)
	at org.apache.ratis.grpc.server.GrpcServerProtocolClient.requestVote(GrpcServerProtocolClient.java:99)
	at org.apache.ratis.grpc.server.GrpcService.requestVote(GrpcService.java:204)
	at org.apache.ratis.server.impl.LeaderElection.lambda$submitRequests$1(LeaderElection.java:234)
	at java.util.concurrent.FutureTask.run(FutureTask.java:266)
	at java.util.concurrent.Executors$RunnableAdapter.call(Executors.java:511)
	at java.util.concurrent.FutureTask.run(FutureTask.java:266)
	at java.util.concurrent.ThreadPoolExecutor.runWorker(ThreadPoolExecutor.java:1149)
	at java.util.concurrent.ThreadPoolExecutor$Worker.run(ThreadPoolExecutor.java:624)
	... 1 more
Caused by: org.apache.ratis.thirdparty.io.netty.channel.AbstractChannel$AnnotatedConnectException: Connection refused: /192.168.69.67:35902
	at sun.nio.ch.SocketChannelImpl.checkConnect(Native Method)
	at sun.nio.ch.SocketChannelImpl.finishConnect(SocketChannelImpl.java:717)
	at org.apache.ratis.thirdparty.io.netty.channel.socket.nio.NioSocketChannel.doFinishConnect(NioSocketChannel.java:327)
	at org.apache.ratis.thirdparty.io.netty.channel.nio.AbstractNioChannel$AbstractNioUnsafe.finishConnect(AbstractNioChannel.java:340)
	at org.apache.ratis.thirdparty.io.netty.channel.nio.NioEventLoop.processSelectedKey(NioEventLoop.java:632)
	at org.apache.ratis.thirdparty.io.netty.channel.nio.NioEventLoop.processSelectedKeysOptimized(NioEventLoop.java:579)
	at org.apache.ratis.thirdparty.io.netty.channel.nio.NioEventLoop.processSelectedKeys(NioEventLoop.java:496)
	at org.apache.ratis.thirdparty.io.netty.channel.nio.NioEventLoop.run(NioEventLoop.java:458)
	at org.apache.ratis.thirdparty.io.netty.util.concurrent.SingleThreadEventExecutor$5.run(SingleThreadEventExecutor.java:897)
	at org.apache.ratis.thirdparty.io.netty.util.concurrent.FastThreadLocalRunnable.run(FastThreadLocalRunnable.java:30)
	... 1 more
Caused by: java.net.ConnectException: Connection refused
	... 11 more
2019-10-18 07:14:55,882 [c52c3de9-0ed1-4f2b-ba1d-f317ceeb0ceb@group-20BE3FF63202-LeaderElection265] INFO  impl.RaftServerImpl (RaftServerImpl.java:setRole(184)) - c52c3de9-0ed1-4f2b-ba1d-f317ceeb0ceb@group-20BE3FF63202: changes role from CANDIDATE to FOLLOWER at term 312 for DISCOVERED_A_NEW_TERM
2019-10-18 07:14:55,882 [c52c3de9-0ed1-4f2b-ba1d-f317ceeb0ceb@group-20BE3FF63202-LeaderElection265] INFO  impl.RoleInfo (RoleInfo.java:shutdownLeaderElection(134)) - c52c3de9-0ed1-4f2b-ba1d-f317ceeb0ceb: shutdown LeaderElection
2019-10-18 07:14:55,882 [c52c3de9-0ed1-4f2b-ba1d-f317ceeb0ceb@group-20BE3FF63202-LeaderElection265] INFO  impl.RoleInfo (RoleInfo.java:updateAndGet(143)) - c52c3de9-0ed1-4f2b-ba1d-f317ceeb0ceb: start FollowerState
2019-10-18 07:14:55,984 [Thread-2223] INFO  impl.FollowerState (FollowerState.java:run(108)) - c52c3de9-0ed1-4f2b-ba1d-f317ceeb0ceb@group-20BE3FF63202-FollowerState: change to CANDIDATE, lastRpcTime:101ms, electionTimeout:101ms
2019-10-18 07:14:55,984 [Thread-2223] INFO  impl.RoleInfo (RoleInfo.java:shutdownFollowerState(121)) - c52c3de9-0ed1-4f2b-ba1d-f317ceeb0ceb: shutdown FollowerState
2019-10-18 07:14:55,984 [Thread-2223] INFO  impl.RaftServerImpl (RaftServerImpl.java:setRole(184)) - c52c3de9-0ed1-4f2b-ba1d-f317ceeb0ceb@group-20BE3FF63202: changes role from  FOLLOWER to CANDIDATE at term 312 for changeToCandidate
2019-10-18 07:14:55,984 [Thread-2223] INFO  impl.RoleInfo (RoleInfo.java:updateAndGet(143)) - c52c3de9-0ed1-4f2b-ba1d-f317ceeb0ceb: start LeaderElection
2019-10-18 07:14:55,999 [c52c3de9-0ed1-4f2b-ba1d-f317ceeb0ceb@group-20BE3FF63202-LeaderElection266] INFO  impl.LeaderElection (LeaderElection.java:askForVotes(178)) - c52c3de9-0ed1-4f2b-ba1d-f317ceeb0ceb@group-20BE3FF63202-LeaderElection266: begin an election at term 313 for -1: [24274e9f-e41f-4654-9afc-a783ca44e44b:192.168.69.67:35902, 988115cd-21c9-4558-b198-f2cedd98ccf3:192.168.69.67:44208, c52c3de9-0ed1-4f2b-ba1d-f317ceeb0ceb:192.168.69.67:37615], old=null
2019-10-18 07:14:56,000 [c52c3de9-0ed1-4f2b-ba1d-f317ceeb0ceb@group-20BE3FF63202-LeaderElection266] INFO  impl.LeaderElection (LogUtils.java:infoOrTrace(149)) - c52c3de9-0ed1-4f2b-ba1d-f317ceeb0ceb@group-20BE3FF63202-LeaderElection266 got exception when requesting votes: {}
java.util.concurrent.ExecutionException: org.apache.ratis.thirdparty.io.grpc.StatusRuntimeException: UNAVAILABLE: io exception
	at java.util.concurrent.FutureTask.report(FutureTask.java:122)
	at java.util.concurrent.FutureTask.get(FutureTask.java:192)
	at org.apache.ratis.server.impl.LeaderElection.waitForResults(LeaderElection.java:259)
	at org.apache.ratis.server.impl.LeaderElection.askForVotes(LeaderElection.java:197)
	at org.apache.ratis.server.impl.LeaderElection.run(LeaderElection.java:133)
	at java.lang.Thread.run(Thread.java:748)
Caused by: org.apache.ratis.thirdparty.io.grpc.StatusRuntimeException: UNAVAILABLE: io exception
	at org.apache.ratis.thirdparty.io.grpc.stub.ClientCalls.toStatusRuntimeException(ClientCalls.java:233)
	at org.apache.ratis.thirdparty.io.grpc.stub.ClientCalls.getUnchecked(ClientCalls.java:214)
	at org.apache.ratis.thirdparty.io.grpc.stub.ClientCalls.blockingUnaryCall(ClientCalls.java:139)
	at org.apache.ratis.proto.grpc.RaftServerProtocolServiceGrpc$RaftServerProtocolServiceBlockingStub.requestVote(RaftServerProtocolServiceGrpc.java:265)
	at org.apache.ratis.grpc.server.GrpcServerProtocolClient.requestVote(GrpcServerProtocolClient.java:99)
	at org.apache.ratis.grpc.server.GrpcService.requestVote(GrpcService.java:204)
	at org.apache.ratis.server.impl.LeaderElection.lambda$submitRequests$1(LeaderElection.java:234)
	at java.util.concurrent.FutureTask.run(FutureTask.java:266)
	at java.util.concurrent.Executors$RunnableAdapter.call(Executors.java:511)
	at java.util.concurrent.FutureTask.run(FutureTask.java:266)
	at java.util.concurrent.ThreadPoolExecutor.runWorker(ThreadPoolExecutor.java:1149)
	at java.util.concurrent.ThreadPoolExecutor$Worker.run(ThreadPoolExecutor.java:624)
	... 1 more
Caused by: org.apache.ratis.thirdparty.io.netty.channel.AbstractChannel$AnnotatedConnectException: Connection refused: /192.168.69.67:35902
	at sun.nio.ch.SocketChannelImpl.checkConnect(Native Method)
	at sun.nio.ch.SocketChannelImpl.finishConnect(SocketChannelImpl.java:717)
	at org.apache.ratis.thirdparty.io.netty.channel.socket.nio.NioSocketChannel.doFinishConnect(NioSocketChannel.java:327)
	at org.apache.ratis.thirdparty.io.netty.channel.nio.AbstractNioChannel$AbstractNioUnsafe.finishConnect(AbstractNioChannel.java:340)
	at org.apache.ratis.thirdparty.io.netty.channel.nio.NioEventLoop.processSelectedKey(NioEventLoop.java:632)
	at org.apache.ratis.thirdparty.io.netty.channel.nio.NioEventLoop.processSelectedKeysOptimized(NioEventLoop.java:579)
	at org.apache.ratis.thirdparty.io.netty.channel.nio.NioEventLoop.processSelectedKeys(NioEventLoop.java:496)
	at org.apache.ratis.thirdparty.io.netty.channel.nio.NioEventLoop.run(NioEventLoop.java:458)
	at org.apache.ratis.thirdparty.io.netty.util.concurrent.SingleThreadEventExecutor$5.run(SingleThreadEventExecutor.java:897)
	at org.apache.ratis.thirdparty.io.netty.util.concurrent.FastThreadLocalRunnable.run(FastThreadLocalRunnable.java:30)
	... 1 more
Caused by: java.net.ConnectException: Connection refused
	... 11 more
2019-10-18 07:14:56,002 [grpc-default-executor-2] INFO  impl.RaftServerImpl (RaftServerImpl.java:setRole(184)) - 988115cd-21c9-4558-b198-f2cedd98ccf3@group-20BE3FF63202: changes role from  FOLLOWER to FOLLOWER at term 313 for recognizeCandidate:c52c3de9-0ed1-4f2b-ba1d-f317ceeb0ceb
2019-10-18 07:14:56,003 [grpc-default-executor-2] INFO  impl.RoleInfo (RoleInfo.java:shutdownFollowerState(121)) - 988115cd-21c9-4558-b198-f2cedd98ccf3: shutdown FollowerState
2019-10-18 07:14:56,003 [grpc-default-executor-2] INFO  impl.RoleInfo (RoleInfo.java:updateAndGet(143)) - 988115cd-21c9-4558-b198-f2cedd98ccf3: start FollowerState
2019-10-18 07:14:56,003 [Thread-2222] INFO  impl.FollowerState (FollowerState.java:run(117)) - 988115cd-21c9-4558-b198-f2cedd98ccf3@group-20BE3FF63202-FollowerState was interrupted: java.lang.InterruptedException: sleep interrupted
2019-10-18 07:14:56,017 [c52c3de9-0ed1-4f2b-ba1d-f317ceeb0ceb@group-20BE3FF63202-LeaderElection266] INFO  impl.LeaderElection (LeaderElection.java:logAndReturn(56)) - c52c3de9-0ed1-4f2b-ba1d-f317ceeb0ceb@group-20BE3FF63202-LeaderElection266: Election REJECTED; received 1 response(s) [c52c3de9-0ed1-4f2b-ba1d-f317ceeb0ceb<-988115cd-21c9-4558-b198-f2cedd98ccf3#0:FAIL-t313] and 1 exception(s); c52c3de9-0ed1-4f2b-ba1d-f317ceeb0ceb@group-20BE3FF63202:t313, leader=null, voted=c52c3de9-0ed1-4f2b-ba1d-f317ceeb0ceb, raftlog=c52c3de9-0ed1-4f2b-ba1d-f317ceeb0ceb@group-20BE3FF63202-SegmentedRaftLog:OPENED:c-1,f-1,i0, conf=-1: [24274e9f-e41f-4654-9afc-a783ca44e44b:192.168.69.67:35902, 988115cd-21c9-4558-b198-f2cedd98ccf3:192.168.69.67:44208, c52c3de9-0ed1-4f2b-ba1d-f317ceeb0ceb:192.168.69.67:37615], old=null
2019-10-18 07:14:56,017 [c52c3de9-0ed1-4f2b-ba1d-f317ceeb0ceb@group-20BE3FF63202-LeaderElection266] INFO  impl.LeaderElection (LogUtils.java:infoOrTrace(149)) -   Exception 0: {}
java.util.concurrent.ExecutionException: org.apache.ratis.thirdparty.io.grpc.StatusRuntimeException: UNAVAILABLE: io exception
	at java.util.concurrent.FutureTask.report(FutureTask.java:122)
	at java.util.concurrent.FutureTask.get(FutureTask.java:192)
	at org.apache.ratis.server.impl.LeaderElection.waitForResults(LeaderElection.java:259)
	at org.apache.ratis.server.impl.LeaderElection.askForVotes(LeaderElection.java:197)
	at org.apache.ratis.server.impl.LeaderElection.run(LeaderElection.java:133)
	at java.lang.Thread.run(Thread.java:748)
Caused by: org.apache.ratis.thirdparty.io.grpc.StatusRuntimeException: UNAVAILABLE: io exception
	at org.apache.ratis.thirdparty.io.grpc.stub.ClientCalls.toStatusRuntimeException(ClientCalls.java:233)
	at org.apache.ratis.thirdparty.io.grpc.stub.ClientCalls.getUnchecked(ClientCalls.java:214)
	at org.apache.ratis.thirdparty.io.grpc.stub.ClientCalls.blockingUnaryCall(ClientCalls.java:139)
	at org.apache.ratis.proto.grpc.RaftServerProtocolServiceGrpc$RaftServerProtocolServiceBlockingStub.requestVote(RaftServerProtocolServiceGrpc.java:265)
	at org.apache.ratis.grpc.server.GrpcServerProtocolClient.requestVote(GrpcServerProtocolClient.java:99)
	at org.apache.ratis.grpc.server.GrpcService.requestVote(GrpcService.java:204)
	at org.apache.ratis.server.impl.LeaderElection.lambda$submitRequests$1(LeaderElection.java:234)
	at java.util.concurrent.FutureTask.run(FutureTask.java:266)
	at java.util.concurrent.Executors$RunnableAdapter.call(Executors.java:511)
	at java.util.concurrent.FutureTask.run(FutureTask.java:266)
	at java.util.concurrent.ThreadPoolExecutor.runWorker(ThreadPoolExecutor.java:1149)
	at java.util.concurrent.ThreadPoolExecutor$Worker.run(ThreadPoolExecutor.java:624)
	... 1 more
Caused by: org.apache.ratis.thirdparty.io.netty.channel.AbstractChannel$AnnotatedConnectException: Connection refused: /192.168.69.67:35902
	at sun.nio.ch.SocketChannelImpl.checkConnect(Native Method)
	at sun.nio.ch.SocketChannelImpl.finishConnect(SocketChannelImpl.java:717)
	at org.apache.ratis.thirdparty.io.netty.channel.socket.nio.NioSocketChannel.doFinishConnect(NioSocketChannel.java:327)
	at org.apache.ratis.thirdparty.io.netty.channel.nio.AbstractNioChannel$AbstractNioUnsafe.finishConnect(AbstractNioChannel.java:340)
	at org.apache.ratis.thirdparty.io.netty.channel.nio.NioEventLoop.processSelectedKey(NioEventLoop.java:632)
	at org.apache.ratis.thirdparty.io.netty.channel.nio.NioEventLoop.processSelectedKeysOptimized(NioEventLoop.java:579)
	at org.apache.ratis.thirdparty.io.netty.channel.nio.NioEventLoop.processSelectedKeys(NioEventLoop.java:496)
	at org.apache.ratis.thirdparty.io.netty.channel.nio.NioEventLoop.run(NioEventLoop.java:458)
	at org.apache.ratis.thirdparty.io.netty.util.concurrent.SingleThreadEventExecutor$5.run(SingleThreadEventExecutor.java:897)
	at org.apache.ratis.thirdparty.io.netty.util.concurrent.FastThreadLocalRunnable.run(FastThreadLocalRunnable.java:30)
	... 1 more
Caused by: java.net.ConnectException: Connection refused
	... 11 more
2019-10-18 07:14:56,018 [c52c3de9-0ed1-4f2b-ba1d-f317ceeb0ceb@group-20BE3FF63202-LeaderElection266] INFO  impl.RaftServerImpl (RaftServerImpl.java:setRole(184)) - c52c3de9-0ed1-4f2b-ba1d-f317ceeb0ceb@group-20BE3FF63202: changes role from CANDIDATE to FOLLOWER at term 313 for DISCOVERED_A_NEW_TERM
2019-10-18 07:14:56,018 [c52c3de9-0ed1-4f2b-ba1d-f317ceeb0ceb@group-20BE3FF63202-LeaderElection266] INFO  impl.RoleInfo (RoleInfo.java:shutdownLeaderElection(134)) - c52c3de9-0ed1-4f2b-ba1d-f317ceeb0ceb: shutdown LeaderElection
2019-10-18 07:14:56,018 [c52c3de9-0ed1-4f2b-ba1d-f317ceeb0ceb@group-20BE3FF63202-LeaderElection266] INFO  impl.RoleInfo (RoleInfo.java:updateAndGet(143)) - c52c3de9-0ed1-4f2b-ba1d-f317ceeb0ceb: start FollowerState
2019-10-18 07:14:56,066 [Thread-2228] INFO  impl.FollowerState (FollowerState.java:run(108)) - c52c3de9-0ed1-4f2b-ba1d-f317ceeb0ceb@group-20BE3FF63202-FollowerState: change to CANDIDATE, lastRpcTime:48ms, electionTimeout:48ms
2019-10-18 07:14:56,066 [Thread-2228] INFO  impl.RoleInfo (RoleInfo.java:shutdownFollowerState(121)) - c52c3de9-0ed1-4f2b-ba1d-f317ceeb0ceb: shutdown FollowerState
2019-10-18 07:14:56,067 [Thread-2228] INFO  impl.RaftServerImpl (RaftServerImpl.java:setRole(184)) - c52c3de9-0ed1-4f2b-ba1d-f317ceeb0ceb@group-20BE3FF63202: changes role from  FOLLOWER to CANDIDATE at term 313 for changeToCandidate
2019-10-18 07:14:56,067 [Thread-2228] INFO  impl.RoleInfo (RoleInfo.java:updateAndGet(143)) - c52c3de9-0ed1-4f2b-ba1d-f317ceeb0ceb: start LeaderElection
2019-10-18 07:14:56,090 [c52c3de9-0ed1-4f2b-ba1d-f317ceeb0ceb@group-20BE3FF63202-LeaderElection267] INFO  impl.LeaderElection (LeaderElection.java:askForVotes(178)) - c52c3de9-0ed1-4f2b-ba1d-f317ceeb0ceb@group-20BE3FF63202-LeaderElection267: begin an election at term 314 for -1: [24274e9f-e41f-4654-9afc-a783ca44e44b:192.168.69.67:35902, 988115cd-21c9-4558-b198-f2cedd98ccf3:192.168.69.67:44208, c52c3de9-0ed1-4f2b-ba1d-f317ceeb0ceb:192.168.69.67:37615], old=null
2019-10-18 07:14:56,091 [c52c3de9-0ed1-4f2b-ba1d-f317ceeb0ceb@group-20BE3FF63202-LeaderElection267] INFO  impl.LeaderElection (LogUtils.java:infoOrTrace(149)) - c52c3de9-0ed1-4f2b-ba1d-f317ceeb0ceb@group-20BE3FF63202-LeaderElection267 got exception when requesting votes: {}
java.util.concurrent.ExecutionException: org.apache.ratis.thirdparty.io.grpc.StatusRuntimeException: UNAVAILABLE: io exception
	at java.util.concurrent.FutureTask.report(FutureTask.java:122)
	at java.util.concurrent.FutureTask.get(FutureTask.java:192)
	at org.apache.ratis.server.impl.LeaderElection.waitForResults(LeaderElection.java:259)
	at org.apache.ratis.server.impl.LeaderElection.askForVotes(LeaderElection.java:197)
	at org.apache.ratis.server.impl.LeaderElection.run(LeaderElection.java:133)
	at java.lang.Thread.run(Thread.java:748)
Caused by: org.apache.ratis.thirdparty.io.grpc.StatusRuntimeException: UNAVAILABLE: io exception
	at org.apache.ratis.thirdparty.io.grpc.stub.ClientCalls.toStatusRuntimeException(ClientCalls.java:233)
	at org.apache.ratis.thirdparty.io.grpc.stub.ClientCalls.getUnchecked(ClientCalls.java:214)
	at org.apache.ratis.thirdparty.io.grpc.stub.ClientCalls.blockingUnaryCall(ClientCalls.java:139)
	at org.apache.ratis.proto.grpc.RaftServerProtocolServiceGrpc$RaftServerProtocolServiceBlockingStub.requestVote(RaftServerProtocolServiceGrpc.java:265)
	at org.apache.ratis.grpc.server.GrpcServerProtocolClient.requestVote(GrpcServerProtocolClient.java:99)
	at org.apache.ratis.grpc.server.GrpcService.requestVote(GrpcService.java:204)
	at org.apache.ratis.server.impl.LeaderElection.lambda$submitRequests$1(LeaderElection.java:234)
	at java.util.concurrent.FutureTask.run(FutureTask.java:266)
	at java.util.concurrent.Executors$RunnableAdapter.call(Executors.java:511)
	at java.util.concurrent.FutureTask.run(FutureTask.java:266)
	at java.util.concurrent.ThreadPoolExecutor.runWorker(ThreadPoolExecutor.java:1149)
	at java.util.concurrent.ThreadPoolExecutor$Worker.run(ThreadPoolExecutor.java:624)
	... 1 more
Caused by: org.apache.ratis.thirdparty.io.netty.channel.AbstractChannel$AnnotatedConnectException: Connection refused: /192.168.69.67:35902
	at sun.nio.ch.SocketChannelImpl.checkConnect(Native Method)
	at sun.nio.ch.SocketChannelImpl.finishConnect(SocketChannelImpl.java:717)
	at org.apache.ratis.thirdparty.io.netty.channel.socket.nio.NioSocketChannel.doFinishConnect(NioSocketChannel.java:327)
	at org.apache.ratis.thirdparty.io.netty.channel.nio.AbstractNioChannel$AbstractNioUnsafe.finishConnect(AbstractNioChannel.java:340)
	at org.apache.ratis.thirdparty.io.netty.channel.nio.NioEventLoop.processSelectedKey(NioEventLoop.java:632)
	at org.apache.ratis.thirdparty.io.netty.channel.nio.NioEventLoop.processSelectedKeysOptimized(NioEventLoop.java:579)
	at org.apache.ratis.thirdparty.io.netty.channel.nio.NioEventLoop.processSelectedKeys(NioEventLoop.java:496)
	at org.apache.ratis.thirdparty.io.netty.channel.nio.NioEventLoop.run(NioEventLoop.java:458)
	at org.apache.ratis.thirdparty.io.netty.util.concurrent.SingleThreadEventExecutor$5.run(SingleThreadEventExecutor.java:897)
	at org.apache.ratis.thirdparty.io.netty.util.concurrent.FastThreadLocalRunnable.run(FastThreadLocalRunnable.java:30)
	... 1 more
Caused by: java.net.ConnectException: Connection refused
	... 11 more
2019-10-18 07:14:56,094 [grpc-default-executor-2] INFO  impl.RaftServerImpl (RaftServerImpl.java:setRole(184)) - 988115cd-21c9-4558-b198-f2cedd98ccf3@group-20BE3FF63202: changes role from  FOLLOWER to FOLLOWER at term 314 for recognizeCandidate:c52c3de9-0ed1-4f2b-ba1d-f317ceeb0ceb
2019-10-18 07:14:56,094 [grpc-default-executor-2] INFO  impl.RoleInfo (RoleInfo.java:shutdownFollowerState(121)) - 988115cd-21c9-4558-b198-f2cedd98ccf3: shutdown FollowerState
2019-10-18 07:14:56,094 [grpc-default-executor-2] INFO  impl.RoleInfo (RoleInfo.java:updateAndGet(143)) - 988115cd-21c9-4558-b198-f2cedd98ccf3: start FollowerState
2019-10-18 07:14:56,094 [Thread-2227] INFO  impl.FollowerState (FollowerState.java:run(117)) - 988115cd-21c9-4558-b198-f2cedd98ccf3@group-20BE3FF63202-FollowerState was interrupted: java.lang.InterruptedException: sleep interrupted
2019-10-18 07:14:56,109 [c52c3de9-0ed1-4f2b-ba1d-f317ceeb0ceb@group-20BE3FF63202-LeaderElection267] INFO  impl.LeaderElection (LeaderElection.java:logAndReturn(56)) - c52c3de9-0ed1-4f2b-ba1d-f317ceeb0ceb@group-20BE3FF63202-LeaderElection267: Election REJECTED; received 1 response(s) [c52c3de9-0ed1-4f2b-ba1d-f317ceeb0ceb<-988115cd-21c9-4558-b198-f2cedd98ccf3#0:FAIL-t314] and 1 exception(s); c52c3de9-0ed1-4f2b-ba1d-f317ceeb0ceb@group-20BE3FF63202:t314, leader=null, voted=c52c3de9-0ed1-4f2b-ba1d-f317ceeb0ceb, raftlog=c52c3de9-0ed1-4f2b-ba1d-f317ceeb0ceb@group-20BE3FF63202-SegmentedRaftLog:OPENED:c-1,f-1,i0, conf=-1: [24274e9f-e41f-4654-9afc-a783ca44e44b:192.168.69.67:35902, 988115cd-21c9-4558-b198-f2cedd98ccf3:192.168.69.67:44208, c52c3de9-0ed1-4f2b-ba1d-f317ceeb0ceb:192.168.69.67:37615], old=null
2019-10-18 07:14:56,109 [c52c3de9-0ed1-4f2b-ba1d-f317ceeb0ceb@group-20BE3FF63202-LeaderElection267] INFO  impl.LeaderElection (LogUtils.java:infoOrTrace(149)) -   Exception 0: {}
java.util.concurrent.ExecutionException: org.apache.ratis.thirdparty.io.grpc.StatusRuntimeException: UNAVAILABLE: io exception
	at java.util.concurrent.FutureTask.report(FutureTask.java:122)
	at java.util.concurrent.FutureTask.get(FutureTask.java:192)
	at org.apache.ratis.server.impl.LeaderElection.waitForResults(LeaderElection.java:259)
	at org.apache.ratis.server.impl.LeaderElection.askForVotes(LeaderElection.java:197)
	at org.apache.ratis.server.impl.LeaderElection.run(LeaderElection.java:133)
	at java.lang.Thread.run(Thread.java:748)
Caused by: org.apache.ratis.thirdparty.io.grpc.StatusRuntimeException: UNAVAILABLE: io exception
	at org.apache.ratis.thirdparty.io.grpc.stub.ClientCalls.toStatusRuntimeException(ClientCalls.java:233)
	at org.apache.ratis.thirdparty.io.grpc.stub.ClientCalls.getUnchecked(ClientCalls.java:214)
	at org.apache.ratis.thirdparty.io.grpc.stub.ClientCalls.blockingUnaryCall(ClientCalls.java:139)
	at org.apache.ratis.proto.grpc.RaftServerProtocolServiceGrpc$RaftServerProtocolServiceBlockingStub.requestVote(RaftServerProtocolServiceGrpc.java:265)
	at org.apache.ratis.grpc.server.GrpcServerProtocolClient.requestVote(GrpcServerProtocolClient.java:99)
	at org.apache.ratis.grpc.server.GrpcService.requestVote(GrpcService.java:204)
	at org.apache.ratis.server.impl.LeaderElection.lambda$submitRequests$1(LeaderElection.java:234)
	at java.util.concurrent.FutureTask.run(FutureTask.java:266)
	at java.util.concurrent.Executors$RunnableAdapter.call(Executors.java:511)
	at java.util.concurrent.FutureTask.run(FutureTask.java:266)
	at java.util.concurrent.ThreadPoolExecutor.runWorker(ThreadPoolExecutor.java:1149)
	at java.util.concurrent.ThreadPoolExecutor$Worker.run(ThreadPoolExecutor.java:624)
	... 1 more
Caused by: org.apache.ratis.thirdparty.io.netty.channel.AbstractChannel$AnnotatedConnectException: Connection refused: /192.168.69.67:35902
	at sun.nio.ch.SocketChannelImpl.checkConnect(Native Method)
	at sun.nio.ch.SocketChannelImpl.finishConnect(SocketChannelImpl.java:717)
	at org.apache.ratis.thirdparty.io.netty.channel.socket.nio.NioSocketChannel.doFinishConnect(NioSocketChannel.java:327)
	at org.apache.ratis.thirdparty.io.netty.channel.nio.AbstractNioChannel$AbstractNioUnsafe.finishConnect(AbstractNioChannel.java:340)
	at org.apache.ratis.thirdparty.io.netty.channel.nio.NioEventLoop.processSelectedKey(NioEventLoop.java:632)
	at org.apache.ratis.thirdparty.io.netty.channel.nio.NioEventLoop.processSelectedKeysOptimized(NioEventLoop.java:579)
	at org.apache.ratis.thirdparty.io.netty.channel.nio.NioEventLoop.processSelectedKeys(NioEventLoop.java:496)
	at org.apache.ratis.thirdparty.io.netty.channel.nio.NioEventLoop.run(NioEventLoop.java:458)
	at org.apache.ratis.thirdparty.io.netty.util.concurrent.SingleThreadEventExecutor$5.run(SingleThreadEventExecutor.java:897)
	at org.apache.ratis.thirdparty.io.netty.util.concurrent.FastThreadLocalRunnable.run(FastThreadLocalRunnable.java:30)
	... 1 more
Caused by: java.net.ConnectException: Connection refused
	... 11 more
2019-10-18 07:14:56,110 [c52c3de9-0ed1-4f2b-ba1d-f317ceeb0ceb@group-20BE3FF63202-LeaderElection267] INFO  impl.RaftServerImpl (RaftServerImpl.java:setRole(184)) - c52c3de9-0ed1-4f2b-ba1d-f317ceeb0ceb@group-20BE3FF63202: changes role from CANDIDATE to FOLLOWER at term 314 for DISCOVERED_A_NEW_TERM
2019-10-18 07:14:56,110 [c52c3de9-0ed1-4f2b-ba1d-f317ceeb0ceb@group-20BE3FF63202-LeaderElection267] INFO  impl.RoleInfo (RoleInfo.java:shutdownLeaderElection(134)) - c52c3de9-0ed1-4f2b-ba1d-f317ceeb0ceb: shutdown LeaderElection
2019-10-18 07:14:56,110 [c52c3de9-0ed1-4f2b-ba1d-f317ceeb0ceb@group-20BE3FF63202-LeaderElection267] INFO  impl.RoleInfo (RoleInfo.java:updateAndGet(143)) - c52c3de9-0ed1-4f2b-ba1d-f317ceeb0ceb: start FollowerState
2019-10-18 07:14:56,299 [Thread-2233] INFO  impl.FollowerState (FollowerState.java:run(108)) - c52c3de9-0ed1-4f2b-ba1d-f317ceeb0ceb@group-20BE3FF63202-FollowerState: change to CANDIDATE, lastRpcTime:189ms, electionTimeout:189ms
2019-10-18 07:14:56,300 [Thread-2233] INFO  impl.RoleInfo (RoleInfo.java:shutdownFollowerState(121)) - c52c3de9-0ed1-4f2b-ba1d-f317ceeb0ceb: shutdown FollowerState
2019-10-18 07:14:56,300 [Thread-2233] INFO  impl.RaftServerImpl (RaftServerImpl.java:setRole(184)) - c52c3de9-0ed1-4f2b-ba1d-f317ceeb0ceb@group-20BE3FF63202: changes role from  FOLLOWER to CANDIDATE at term 314 for changeToCandidate
2019-10-18 07:14:56,300 [Thread-2233] INFO  impl.RoleInfo (RoleInfo.java:updateAndGet(143)) - c52c3de9-0ed1-4f2b-ba1d-f317ceeb0ceb: start LeaderElection
2019-10-18 07:14:56,314 [c52c3de9-0ed1-4f2b-ba1d-f317ceeb0ceb@group-20BE3FF63202-LeaderElection268] INFO  impl.LeaderElection (LeaderElection.java:askForVotes(178)) - c52c3de9-0ed1-4f2b-ba1d-f317ceeb0ceb@group-20BE3FF63202-LeaderElection268: begin an election at term 315 for -1: [24274e9f-e41f-4654-9afc-a783ca44e44b:192.168.69.67:35902, 988115cd-21c9-4558-b198-f2cedd98ccf3:192.168.69.67:44208, c52c3de9-0ed1-4f2b-ba1d-f317ceeb0ceb:192.168.69.67:37615], old=null
2019-10-18 07:14:56,315 [c52c3de9-0ed1-4f2b-ba1d-f317ceeb0ceb@group-20BE3FF63202-LeaderElection268] INFO  impl.LeaderElection (LogUtils.java:infoOrTrace(149)) - c52c3de9-0ed1-4f2b-ba1d-f317ceeb0ceb@group-20BE3FF63202-LeaderElection268 got exception when requesting votes: {}
java.util.concurrent.ExecutionException: org.apache.ratis.thirdparty.io.grpc.StatusRuntimeException: UNAVAILABLE: io exception
	at java.util.concurrent.FutureTask.report(FutureTask.java:122)
	at java.util.concurrent.FutureTask.get(FutureTask.java:192)
	at org.apache.ratis.server.impl.LeaderElection.waitForResults(LeaderElection.java:259)
	at org.apache.ratis.server.impl.LeaderElection.askForVotes(LeaderElection.java:197)
	at org.apache.ratis.server.impl.LeaderElection.run(LeaderElection.java:133)
	at java.lang.Thread.run(Thread.java:748)
Caused by: org.apache.ratis.thirdparty.io.grpc.StatusRuntimeException: UNAVAILABLE: io exception
	at org.apache.ratis.thirdparty.io.grpc.stub.ClientCalls.toStatusRuntimeException(ClientCalls.java:233)
	at org.apache.ratis.thirdparty.io.grpc.stub.ClientCalls.getUnchecked(ClientCalls.java:214)
	at org.apache.ratis.thirdparty.io.grpc.stub.ClientCalls.blockingUnaryCall(ClientCalls.java:139)
	at org.apache.ratis.proto.grpc.RaftServerProtocolServiceGrpc$RaftServerProtocolServiceBlockingStub.requestVote(RaftServerProtocolServiceGrpc.java:265)
	at org.apache.ratis.grpc.server.GrpcServerProtocolClient.requestVote(GrpcServerProtocolClient.java:99)
	at org.apache.ratis.grpc.server.GrpcService.requestVote(GrpcService.java:204)
	at org.apache.ratis.server.impl.LeaderElection.lambda$submitRequests$1(LeaderElection.java:234)
	at java.util.concurrent.FutureTask.run(FutureTask.java:266)
	at java.util.concurrent.Executors$RunnableAdapter.call(Executors.java:511)
	at java.util.concurrent.FutureTask.run(FutureTask.java:266)
	at java.util.concurrent.ThreadPoolExecutor.runWorker(ThreadPoolExecutor.java:1149)
	at java.util.concurrent.ThreadPoolExecutor$Worker.run(ThreadPoolExecutor.java:624)
	... 1 more
Caused by: org.apache.ratis.thirdparty.io.netty.channel.AbstractChannel$AnnotatedConnectException: Connection refused: /192.168.69.67:35902
	at sun.nio.ch.SocketChannelImpl.checkConnect(Native Method)
	at sun.nio.ch.SocketChannelImpl.finishConnect(SocketChannelImpl.java:717)
	at org.apache.ratis.thirdparty.io.netty.channel.socket.nio.NioSocketChannel.doFinishConnect(NioSocketChannel.java:327)
	at org.apache.ratis.thirdparty.io.netty.channel.nio.AbstractNioChannel$AbstractNioUnsafe.finishConnect(AbstractNioChannel.java:340)
	at org.apache.ratis.thirdparty.io.netty.channel.nio.NioEventLoop.processSelectedKey(NioEventLoop.java:632)
	at org.apache.ratis.thirdparty.io.netty.channel.nio.NioEventLoop.processSelectedKeysOptimized(NioEventLoop.java:579)
	at org.apache.ratis.thirdparty.io.netty.channel.nio.NioEventLoop.processSelectedKeys(NioEventLoop.java:496)
	at org.apache.ratis.thirdparty.io.netty.channel.nio.NioEventLoop.run(NioEventLoop.java:458)
	at org.apache.ratis.thirdparty.io.netty.util.concurrent.SingleThreadEventExecutor$5.run(SingleThreadEventExecutor.java:897)
	at org.apache.ratis.thirdparty.io.netty.util.concurrent.FastThreadLocalRunnable.run(FastThreadLocalRunnable.java:30)
	... 1 more
Caused by: java.net.ConnectException: Connection refused
	... 11 more
2019-10-18 07:14:56,318 [grpc-default-executor-2] INFO  impl.RaftServerImpl (RaftServerImpl.java:setRole(184)) - 988115cd-21c9-4558-b198-f2cedd98ccf3@group-20BE3FF63202: changes role from  FOLLOWER to FOLLOWER at term 315 for recognizeCandidate:c52c3de9-0ed1-4f2b-ba1d-f317ceeb0ceb
2019-10-18 07:14:56,318 [grpc-default-executor-2] INFO  impl.RoleInfo (RoleInfo.java:shutdownFollowerState(121)) - 988115cd-21c9-4558-b198-f2cedd98ccf3: shutdown FollowerState
2019-10-18 07:14:56,318 [grpc-default-executor-2] INFO  impl.RoleInfo (RoleInfo.java:updateAndGet(143)) - 988115cd-21c9-4558-b198-f2cedd98ccf3: start FollowerState
2019-10-18 07:14:56,318 [Thread-2232] INFO  impl.FollowerState (FollowerState.java:run(117)) - 988115cd-21c9-4558-b198-f2cedd98ccf3@group-20BE3FF63202-FollowerState was interrupted: java.lang.InterruptedException: sleep interrupted
2019-10-18 07:14:56,331 [c52c3de9-0ed1-4f2b-ba1d-f317ceeb0ceb@group-20BE3FF63202-LeaderElection268] INFO  impl.LeaderElection (LeaderElection.java:logAndReturn(56)) - c52c3de9-0ed1-4f2b-ba1d-f317ceeb0ceb@group-20BE3FF63202-LeaderElection268: Election REJECTED; received 1 response(s) [c52c3de9-0ed1-4f2b-ba1d-f317ceeb0ceb<-988115cd-21c9-4558-b198-f2cedd98ccf3#0:FAIL-t315] and 1 exception(s); c52c3de9-0ed1-4f2b-ba1d-f317ceeb0ceb@group-20BE3FF63202:t315, leader=null, voted=c52c3de9-0ed1-4f2b-ba1d-f317ceeb0ceb, raftlog=c52c3de9-0ed1-4f2b-ba1d-f317ceeb0ceb@group-20BE3FF63202-SegmentedRaftLog:OPENED:c-1,f-1,i0, conf=-1: [24274e9f-e41f-4654-9afc-a783ca44e44b:192.168.69.67:35902, 988115cd-21c9-4558-b198-f2cedd98ccf3:192.168.69.67:44208, c52c3de9-0ed1-4f2b-ba1d-f317ceeb0ceb:192.168.69.67:37615], old=null
2019-10-18 07:14:56,332 [c52c3de9-0ed1-4f2b-ba1d-f317ceeb0ceb@group-20BE3FF63202-LeaderElection268] INFO  impl.LeaderElection (LogUtils.java:infoOrTrace(149)) -   Exception 0: {}
java.util.concurrent.ExecutionException: org.apache.ratis.thirdparty.io.grpc.StatusRuntimeException: UNAVAILABLE: io exception
	at java.util.concurrent.FutureTask.report(FutureTask.java:122)
	at java.util.concurrent.FutureTask.get(FutureTask.java:192)
	at org.apache.ratis.server.impl.LeaderElection.waitForResults(LeaderElection.java:259)
	at org.apache.ratis.server.impl.LeaderElection.askForVotes(LeaderElection.java:197)
	at org.apache.ratis.server.impl.LeaderElection.run(LeaderElection.java:133)
	at java.lang.Thread.run(Thread.java:748)
Caused by: org.apache.ratis.thirdparty.io.grpc.StatusRuntimeException: UNAVAILABLE: io exception
	at org.apache.ratis.thirdparty.io.grpc.stub.ClientCalls.toStatusRuntimeException(ClientCalls.java:233)
	at org.apache.ratis.thirdparty.io.grpc.stub.ClientCalls.getUnchecked(ClientCalls.java:214)
	at org.apache.ratis.thirdparty.io.grpc.stub.ClientCalls.blockingUnaryCall(ClientCalls.java:139)
	at org.apache.ratis.proto.grpc.RaftServerProtocolServiceGrpc$RaftServerProtocolServiceBlockingStub.requestVote(RaftServerProtocolServiceGrpc.java:265)
	at org.apache.ratis.grpc.server.GrpcServerProtocolClient.requestVote(GrpcServerProtocolClient.java:99)
	at org.apache.ratis.grpc.server.GrpcService.requestVote(GrpcService.java:204)
	at org.apache.ratis.server.impl.LeaderElection.lambda$submitRequests$1(LeaderElection.java:234)
	at java.util.concurrent.FutureTask.run(FutureTask.java:266)
	at java.util.concurrent.Executors$RunnableAdapter.call(Executors.java:511)
	at java.util.concurrent.FutureTask.run(FutureTask.java:266)
	at java.util.concurrent.ThreadPoolExecutor.runWorker(ThreadPoolExecutor.java:1149)
	at java.util.concurrent.ThreadPoolExecutor$Worker.run(ThreadPoolExecutor.java:624)
	... 1 more
Caused by: org.apache.ratis.thirdparty.io.netty.channel.AbstractChannel$AnnotatedConnectException: Connection refused: /192.168.69.67:35902
	at sun.nio.ch.SocketChannelImpl.checkConnect(Native Method)
	at sun.nio.ch.SocketChannelImpl.finishConnect(SocketChannelImpl.java:717)
	at org.apache.ratis.thirdparty.io.netty.channel.socket.nio.NioSocketChannel.doFinishConnect(NioSocketChannel.java:327)
	at org.apache.ratis.thirdparty.io.netty.channel.nio.AbstractNioChannel$AbstractNioUnsafe.finishConnect(AbstractNioChannel.java:340)
	at org.apache.ratis.thirdparty.io.netty.channel.nio.NioEventLoop.processSelectedKey(NioEventLoop.java:632)
	at org.apache.ratis.thirdparty.io.netty.channel.nio.NioEventLoop.processSelectedKeysOptimized(NioEventLoop.java:579)
	at org.apache.ratis.thirdparty.io.netty.channel.nio.NioEventLoop.processSelectedKeys(NioEventLoop.java:496)
	at org.apache.ratis.thirdparty.io.netty.channel.nio.NioEventLoop.run(NioEventLoop.java:458)
	at org.apache.ratis.thirdparty.io.netty.util.concurrent.SingleThreadEventExecutor$5.run(SingleThreadEventExecutor.java:897)
	at org.apache.ratis.thirdparty.io.netty.util.concurrent.FastThreadLocalRunnable.run(FastThreadLocalRunnable.java:30)
	... 1 more
Caused by: java.net.ConnectException: Connection refused
	... 11 more
2019-10-18 07:14:56,332 [c52c3de9-0ed1-4f2b-ba1d-f317ceeb0ceb@group-20BE3FF63202-LeaderElection268] INFO  impl.RaftServerImpl (RaftServerImpl.java:setRole(184)) - c52c3de9-0ed1-4f2b-ba1d-f317ceeb0ceb@group-20BE3FF63202: changes role from CANDIDATE to FOLLOWER at term 315 for DISCOVERED_A_NEW_TERM
2019-10-18 07:14:56,332 [c52c3de9-0ed1-4f2b-ba1d-f317ceeb0ceb@group-20BE3FF63202-LeaderElection268] INFO  impl.RoleInfo (RoleInfo.java:shutdownLeaderElection(134)) - c52c3de9-0ed1-4f2b-ba1d-f317ceeb0ceb: shutdown LeaderElection
2019-10-18 07:14:56,332 [c52c3de9-0ed1-4f2b-ba1d-f317ceeb0ceb@group-20BE3FF63202-LeaderElection268] INFO  impl.RoleInfo (RoleInfo.java:updateAndGet(143)) - c52c3de9-0ed1-4f2b-ba1d-f317ceeb0ceb: start FollowerState
2019-10-18 07:14:56,529 [Thread-2238] INFO  impl.FollowerState (FollowerState.java:run(108)) - c52c3de9-0ed1-4f2b-ba1d-f317ceeb0ceb@group-20BE3FF63202-FollowerState: change to CANDIDATE, lastRpcTime:196ms, electionTimeout:196ms
2019-10-18 07:14:56,529 [Thread-2238] INFO  impl.RoleInfo (RoleInfo.java:shutdownFollowerState(121)) - c52c3de9-0ed1-4f2b-ba1d-f317ceeb0ceb: shutdown FollowerState
2019-10-18 07:14:56,529 [Thread-2238] INFO  impl.RaftServerImpl (RaftServerImpl.java:setRole(184)) - c52c3de9-0ed1-4f2b-ba1d-f317ceeb0ceb@group-20BE3FF63202: changes role from  FOLLOWER to CANDIDATE at term 315 for changeToCandidate
2019-10-18 07:14:56,529 [Thread-2238] INFO  impl.RoleInfo (RoleInfo.java:updateAndGet(143)) - c52c3de9-0ed1-4f2b-ba1d-f317ceeb0ceb: start LeaderElection
2019-10-18 07:14:56,543 [c52c3de9-0ed1-4f2b-ba1d-f317ceeb0ceb@group-20BE3FF63202-LeaderElection269] INFO  impl.LeaderElection (LeaderElection.java:askForVotes(178)) - c52c3de9-0ed1-4f2b-ba1d-f317ceeb0ceb@group-20BE3FF63202-LeaderElection269: begin an election at term 316 for -1: [24274e9f-e41f-4654-9afc-a783ca44e44b:192.168.69.67:35902, 988115cd-21c9-4558-b198-f2cedd98ccf3:192.168.69.67:44208, c52c3de9-0ed1-4f2b-ba1d-f317ceeb0ceb:192.168.69.67:37615], old=null
2019-10-18 07:14:56,544 [c52c3de9-0ed1-4f2b-ba1d-f317ceeb0ceb@group-20BE3FF63202-LeaderElection269] INFO  impl.LeaderElection (LogUtils.java:infoOrTrace(149)) - c52c3de9-0ed1-4f2b-ba1d-f317ceeb0ceb@group-20BE3FF63202-LeaderElection269 got exception when requesting votes: {}
java.util.concurrent.ExecutionException: org.apache.ratis.thirdparty.io.grpc.StatusRuntimeException: UNAVAILABLE: io exception
	at java.util.concurrent.FutureTask.report(FutureTask.java:122)
	at java.util.concurrent.FutureTask.get(FutureTask.java:192)
	at org.apache.ratis.server.impl.LeaderElection.waitForResults(LeaderElection.java:259)
	at org.apache.ratis.server.impl.LeaderElection.askForVotes(LeaderElection.java:197)
	at org.apache.ratis.server.impl.LeaderElection.run(LeaderElection.java:133)
	at java.lang.Thread.run(Thread.java:748)
Caused by: org.apache.ratis.thirdparty.io.grpc.StatusRuntimeException: UNAVAILABLE: io exception
	at org.apache.ratis.thirdparty.io.grpc.stub.ClientCalls.toStatusRuntimeException(ClientCalls.java:233)
	at org.apache.ratis.thirdparty.io.grpc.stub.ClientCalls.getUnchecked(ClientCalls.java:214)
	at org.apache.ratis.thirdparty.io.grpc.stub.ClientCalls.blockingUnaryCall(ClientCalls.java:139)
	at org.apache.ratis.proto.grpc.RaftServerProtocolServiceGrpc$RaftServerProtocolServiceBlockingStub.requestVote(RaftServerProtocolServiceGrpc.java:265)
	at org.apache.ratis.grpc.server.GrpcServerProtocolClient.requestVote(GrpcServerProtocolClient.java:99)
	at org.apache.ratis.grpc.server.GrpcService.requestVote(GrpcService.java:204)
	at org.apache.ratis.server.impl.LeaderElection.lambda$submitRequests$1(LeaderElection.java:234)
	at java.util.concurrent.FutureTask.run(FutureTask.java:266)
	at java.util.concurrent.Executors$RunnableAdapter.call(Executors.java:511)
	at java.util.concurrent.FutureTask.run(FutureTask.java:266)
	at java.util.concurrent.ThreadPoolExecutor.runWorker(ThreadPoolExecutor.java:1149)
	at java.util.concurrent.ThreadPoolExecutor$Worker.run(ThreadPoolExecutor.java:624)
	... 1 more
Caused by: org.apache.ratis.thirdparty.io.netty.channel.AbstractChannel$AnnotatedConnectException: Connection refused: /192.168.69.67:35902
	at sun.nio.ch.SocketChannelImpl.checkConnect(Native Method)
	at sun.nio.ch.SocketChannelImpl.finishConnect(SocketChannelImpl.java:717)
	at org.apache.ratis.thirdparty.io.netty.channel.socket.nio.NioSocketChannel.doFinishConnect(NioSocketChannel.java:327)
	at org.apache.ratis.thirdparty.io.netty.channel.nio.AbstractNioChannel$AbstractNioUnsafe.finishConnect(AbstractNioChannel.java:340)
	at org.apache.ratis.thirdparty.io.netty.channel.nio.NioEventLoop.processSelectedKey(NioEventLoop.java:632)
	at org.apache.ratis.thirdparty.io.netty.channel.nio.NioEventLoop.processSelectedKeysOptimized(NioEventLoop.java:579)
	at org.apache.ratis.thirdparty.io.netty.channel.nio.NioEventLoop.processSelectedKeys(NioEventLoop.java:496)
	at org.apache.ratis.thirdparty.io.netty.channel.nio.NioEventLoop.run(NioEventLoop.java:458)
	at org.apache.ratis.thirdparty.io.netty.util.concurrent.SingleThreadEventExecutor$5.run(SingleThreadEventExecutor.java:897)
	at org.apache.ratis.thirdparty.io.netty.util.concurrent.FastThreadLocalRunnable.run(FastThreadLocalRunnable.java:30)
	... 1 more
Caused by: java.net.ConnectException: Connection refused
	... 11 more
2019-10-18 07:14:56,547 [grpc-default-executor-2] INFO  impl.RaftServerImpl (RaftServerImpl.java:setRole(184)) - 988115cd-21c9-4558-b198-f2cedd98ccf3@group-20BE3FF63202: changes role from  FOLLOWER to FOLLOWER at term 316 for recognizeCandidate:c52c3de9-0ed1-4f2b-ba1d-f317ceeb0ceb
2019-10-18 07:14:56,548 [grpc-default-executor-2] INFO  impl.RoleInfo (RoleInfo.java:shutdownFollowerState(121)) - 988115cd-21c9-4558-b198-f2cedd98ccf3: shutdown FollowerState
2019-10-18 07:14:56,548 [grpc-default-executor-2] INFO  impl.RoleInfo (RoleInfo.java:updateAndGet(143)) - 988115cd-21c9-4558-b198-f2cedd98ccf3: start FollowerState
2019-10-18 07:14:56,548 [Thread-2237] INFO  impl.FollowerState (FollowerState.java:run(117)) - 988115cd-21c9-4558-b198-f2cedd98ccf3@group-20BE3FF63202-FollowerState was interrupted: java.lang.InterruptedException: sleep interrupted
2019-10-18 07:14:56,562 [c52c3de9-0ed1-4f2b-ba1d-f317ceeb0ceb@group-20BE3FF63202-LeaderElection269] INFO  impl.LeaderElection (LeaderElection.java:logAndReturn(56)) - c52c3de9-0ed1-4f2b-ba1d-f317ceeb0ceb@group-20BE3FF63202-LeaderElection269: Election REJECTED; received 1 response(s) [c52c3de9-0ed1-4f2b-ba1d-f317ceeb0ceb<-988115cd-21c9-4558-b198-f2cedd98ccf3#0:FAIL-t316] and 1 exception(s); c52c3de9-0ed1-4f2b-ba1d-f317ceeb0ceb@group-20BE3FF63202:t316, leader=null, voted=c52c3de9-0ed1-4f2b-ba1d-f317ceeb0ceb, raftlog=c52c3de9-0ed1-4f2b-ba1d-f317ceeb0ceb@group-20BE3FF63202-SegmentedRaftLog:OPENED:c-1,f-1,i0, conf=-1: [24274e9f-e41f-4654-9afc-a783ca44e44b:192.168.69.67:35902, 988115cd-21c9-4558-b198-f2cedd98ccf3:192.168.69.67:44208, c52c3de9-0ed1-4f2b-ba1d-f317ceeb0ceb:192.168.69.67:37615], old=null
2019-10-18 07:14:56,562 [c52c3de9-0ed1-4f2b-ba1d-f317ceeb0ceb@group-20BE3FF63202-LeaderElection269] INFO  impl.LeaderElection (LogUtils.java:infoOrTrace(149)) -   Exception 0: {}
java.util.concurrent.ExecutionException: org.apache.ratis.thirdparty.io.grpc.StatusRuntimeException: UNAVAILABLE: io exception
	at java.util.concurrent.FutureTask.report(FutureTask.java:122)
	at java.util.concurrent.FutureTask.get(FutureTask.java:192)
	at org.apache.ratis.server.impl.LeaderElection.waitForResults(LeaderElection.java:259)
	at org.apache.ratis.server.impl.LeaderElection.askForVotes(LeaderElection.java:197)
	at org.apache.ratis.server.impl.LeaderElection.run(LeaderElection.java:133)
	at java.lang.Thread.run(Thread.java:748)
Caused by: org.apache.ratis.thirdparty.io.grpc.StatusRuntimeException: UNAVAILABLE: io exception
	at org.apache.ratis.thirdparty.io.grpc.stub.ClientCalls.toStatusRuntimeException(ClientCalls.java:233)
	at org.apache.ratis.thirdparty.io.grpc.stub.ClientCalls.getUnchecked(ClientCalls.java:214)
	at org.apache.ratis.thirdparty.io.grpc.stub.ClientCalls.blockingUnaryCall(ClientCalls.java:139)
	at org.apache.ratis.proto.grpc.RaftServerProtocolServiceGrpc$RaftServerProtocolServiceBlockingStub.requestVote(RaftServerProtocolServiceGrpc.java:265)
	at org.apache.ratis.grpc.server.GrpcServerProtocolClient.requestVote(GrpcServerProtocolClient.java:99)
	at org.apache.ratis.grpc.server.GrpcService.requestVote(GrpcService.java:204)
	at org.apache.ratis.server.impl.LeaderElection.lambda$submitRequests$1(LeaderElection.java:234)
	at java.util.concurrent.FutureTask.run(FutureTask.java:266)
	at java.util.concurrent.Executors$RunnableAdapter.call(Executors.java:511)
	at java.util.concurrent.FutureTask.run(FutureTask.java:266)
	at java.util.concurrent.ThreadPoolExecutor.runWorker(ThreadPoolExecutor.java:1149)
	at java.util.concurrent.ThreadPoolExecutor$Worker.run(ThreadPoolExecutor.java:624)
	... 1 more
Caused by: org.apache.ratis.thirdparty.io.netty.channel.AbstractChannel$AnnotatedConnectException: Connection refused: /192.168.69.67:35902
	at sun.nio.ch.SocketChannelImpl.checkConnect(Native Method)
	at sun.nio.ch.SocketChannelImpl.finishConnect(SocketChannelImpl.java:717)
	at org.apache.ratis.thirdparty.io.netty.channel.socket.nio.NioSocketChannel.doFinishConnect(NioSocketChannel.java:327)
	at org.apache.ratis.thirdparty.io.netty.channel.nio.AbstractNioChannel$AbstractNioUnsafe.finishConnect(AbstractNioChannel.java:340)
	at org.apache.ratis.thirdparty.io.netty.channel.nio.NioEventLoop.processSelectedKey(NioEventLoop.java:632)
	at org.apache.ratis.thirdparty.io.netty.channel.nio.NioEventLoop.processSelectedKeysOptimized(NioEventLoop.java:579)
	at org.apache.ratis.thirdparty.io.netty.channel.nio.NioEventLoop.processSelectedKeys(NioEventLoop.java:496)
	at org.apache.ratis.thirdparty.io.netty.channel.nio.NioEventLoop.run(NioEventLoop.java:458)
	at org.apache.ratis.thirdparty.io.netty.util.concurrent.SingleThreadEventExecutor$5.run(SingleThreadEventExecutor.java:897)
	at org.apache.ratis.thirdparty.io.netty.util.concurrent.FastThreadLocalRunnable.run(FastThreadLocalRunnable.java:30)
	... 1 more
Caused by: java.net.ConnectException: Connection refused
	... 11 more
2019-10-18 07:14:56,563 [c52c3de9-0ed1-4f2b-ba1d-f317ceeb0ceb@group-20BE3FF63202-LeaderElection269] INFO  impl.RaftServerImpl (RaftServerImpl.java:setRole(184)) - c52c3de9-0ed1-4f2b-ba1d-f317ceeb0ceb@group-20BE3FF63202: changes role from CANDIDATE to FOLLOWER at term 316 for DISCOVERED_A_NEW_TERM
2019-10-18 07:14:56,563 [c52c3de9-0ed1-4f2b-ba1d-f317ceeb0ceb@group-20BE3FF63202-LeaderElection269] INFO  impl.RoleInfo (RoleInfo.java:shutdownLeaderElection(134)) - c52c3de9-0ed1-4f2b-ba1d-f317ceeb0ceb: shutdown LeaderElection
2019-10-18 07:14:56,563 [c52c3de9-0ed1-4f2b-ba1d-f317ceeb0ceb@group-20BE3FF63202-LeaderElection269] INFO  impl.RoleInfo (RoleInfo.java:updateAndGet(143)) - c52c3de9-0ed1-4f2b-ba1d-f317ceeb0ceb: start FollowerState
2019-10-18 07:14:56,593 [Thread-2243] INFO  impl.FollowerState (FollowerState.java:run(108)) - c52c3de9-0ed1-4f2b-ba1d-f317ceeb0ceb@group-20BE3FF63202-FollowerState: change to CANDIDATE, lastRpcTime:29ms, electionTimeout:29ms
2019-10-18 07:14:56,593 [Thread-2243] INFO  impl.RoleInfo (RoleInfo.java:shutdownFollowerState(121)) - c52c3de9-0ed1-4f2b-ba1d-f317ceeb0ceb: shutdown FollowerState
2019-10-18 07:14:56,593 [Thread-2243] INFO  impl.RaftServerImpl (RaftServerImpl.java:setRole(184)) - c52c3de9-0ed1-4f2b-ba1d-f317ceeb0ceb@group-20BE3FF63202: changes role from  FOLLOWER to CANDIDATE at term 316 for changeToCandidate
2019-10-18 07:14:56,593 [Thread-2243] INFO  impl.RoleInfo (RoleInfo.java:updateAndGet(143)) - c52c3de9-0ed1-4f2b-ba1d-f317ceeb0ceb: start LeaderElection
2019-10-18 07:14:56,608 [c52c3de9-0ed1-4f2b-ba1d-f317ceeb0ceb@group-20BE3FF63202-LeaderElection270] INFO  impl.LeaderElection (LeaderElection.java:askForVotes(178)) - c52c3de9-0ed1-4f2b-ba1d-f317ceeb0ceb@group-20BE3FF63202-LeaderElection270: begin an election at term 317 for -1: [24274e9f-e41f-4654-9afc-a783ca44e44b:192.168.69.67:35902, 988115cd-21c9-4558-b198-f2cedd98ccf3:192.168.69.67:44208, c52c3de9-0ed1-4f2b-ba1d-f317ceeb0ceb:192.168.69.67:37615], old=null
2019-10-18 07:14:56,609 [c52c3de9-0ed1-4f2b-ba1d-f317ceeb0ceb@group-20BE3FF63202-LeaderElection270] INFO  impl.LeaderElection (LogUtils.java:infoOrTrace(149)) - c52c3de9-0ed1-4f2b-ba1d-f317ceeb0ceb@group-20BE3FF63202-LeaderElection270 got exception when requesting votes: {}
java.util.concurrent.ExecutionException: org.apache.ratis.thirdparty.io.grpc.StatusRuntimeException: UNAVAILABLE: io exception
	at java.util.concurrent.FutureTask.report(FutureTask.java:122)
	at java.util.concurrent.FutureTask.get(FutureTask.java:192)
	at org.apache.ratis.server.impl.LeaderElection.waitForResults(LeaderElection.java:259)
	at org.apache.ratis.server.impl.LeaderElection.askForVotes(LeaderElection.java:197)
	at org.apache.ratis.server.impl.LeaderElection.run(LeaderElection.java:133)
	at java.lang.Thread.run(Thread.java:748)
Caused by: org.apache.ratis.thirdparty.io.grpc.StatusRuntimeException: UNAVAILABLE: io exception
	at org.apache.ratis.thirdparty.io.grpc.stub.ClientCalls.toStatusRuntimeException(ClientCalls.java:233)
	at org.apache.ratis.thirdparty.io.grpc.stub.ClientCalls.getUnchecked(ClientCalls.java:214)
	at org.apache.ratis.thirdparty.io.grpc.stub.ClientCalls.blockingUnaryCall(ClientCalls.java:139)
	at org.apache.ratis.proto.grpc.RaftServerProtocolServiceGrpc$RaftServerProtocolServiceBlockingStub.requestVote(RaftServerProtocolServiceGrpc.java:265)
	at org.apache.ratis.grpc.server.GrpcServerProtocolClient.requestVote(GrpcServerProtocolClient.java:99)
	at org.apache.ratis.grpc.server.GrpcService.requestVote(GrpcService.java:204)
	at org.apache.ratis.server.impl.LeaderElection.lambda$submitRequests$1(LeaderElection.java:234)
	at java.util.concurrent.FutureTask.run(FutureTask.java:266)
	at java.util.concurrent.Executors$RunnableAdapter.call(Executors.java:511)
	at java.util.concurrent.FutureTask.run(FutureTask.java:266)
	at java.util.concurrent.ThreadPoolExecutor.runWorker(ThreadPoolExecutor.java:1149)
	at java.util.concurrent.ThreadPoolExecutor$Worker.run(ThreadPoolExecutor.java:624)
	... 1 more
Caused by: org.apache.ratis.thirdparty.io.netty.channel.AbstractChannel$AnnotatedConnectException: Connection refused: /192.168.69.67:35902
	at sun.nio.ch.SocketChannelImpl.checkConnect(Native Method)
	at sun.nio.ch.SocketChannelImpl.finishConnect(SocketChannelImpl.java:717)
	at org.apache.ratis.thirdparty.io.netty.channel.socket.nio.NioSocketChannel.doFinishConnect(NioSocketChannel.java:327)
	at org.apache.ratis.thirdparty.io.netty.channel.nio.AbstractNioChannel$AbstractNioUnsafe.finishConnect(AbstractNioChannel.java:340)
	at org.apache.ratis.thirdparty.io.netty.channel.nio.NioEventLoop.processSelectedKey(NioEventLoop.java:632)
	at org.apache.ratis.thirdparty.io.netty.channel.nio.NioEventLoop.processSelectedKeysOptimized(NioEventLoop.java:579)
	at org.apache.ratis.thirdparty.io.netty.channel.nio.NioEventLoop.processSelectedKeys(NioEventLoop.java:496)
	at org.apache.ratis.thirdparty.io.netty.channel.nio.NioEventLoop.run(NioEventLoop.java:458)
	at org.apache.ratis.thirdparty.io.netty.util.concurrent.SingleThreadEventExecutor$5.run(SingleThreadEventExecutor.java:897)
	at org.apache.ratis.thirdparty.io.netty.util.concurrent.FastThreadLocalRunnable.run(FastThreadLocalRunnable.java:30)
	... 1 more
Caused by: java.net.ConnectException: Connection refused
	... 11 more
2019-10-18 07:14:56,611 [grpc-default-executor-2] INFO  impl.RaftServerImpl (RaftServerImpl.java:setRole(184)) - 988115cd-21c9-4558-b198-f2cedd98ccf3@group-20BE3FF63202: changes role from  FOLLOWER to FOLLOWER at term 317 for recognizeCandidate:c52c3de9-0ed1-4f2b-ba1d-f317ceeb0ceb
2019-10-18 07:14:56,612 [grpc-default-executor-2] INFO  impl.RoleInfo (RoleInfo.java:shutdownFollowerState(121)) - 988115cd-21c9-4558-b198-f2cedd98ccf3: shutdown FollowerState
2019-10-18 07:14:56,612 [grpc-default-executor-2] INFO  impl.RoleInfo (RoleInfo.java:updateAndGet(143)) - 988115cd-21c9-4558-b198-f2cedd98ccf3: start FollowerState
2019-10-18 07:14:56,612 [Thread-2242] INFO  impl.FollowerState (FollowerState.java:run(117)) - 988115cd-21c9-4558-b198-f2cedd98ccf3@group-20BE3FF63202-FollowerState was interrupted: java.lang.InterruptedException: sleep interrupted
2019-10-18 07:14:56,624 [c52c3de9-0ed1-4f2b-ba1d-f317ceeb0ceb@group-20BE3FF63202-LeaderElection270] INFO  impl.LeaderElection (LeaderElection.java:logAndReturn(56)) - c52c3de9-0ed1-4f2b-ba1d-f317ceeb0ceb@group-20BE3FF63202-LeaderElection270: Election REJECTED; received 1 response(s) [c52c3de9-0ed1-4f2b-ba1d-f317ceeb0ceb<-988115cd-21c9-4558-b198-f2cedd98ccf3#0:FAIL-t317] and 1 exception(s); c52c3de9-0ed1-4f2b-ba1d-f317ceeb0ceb@group-20BE3FF63202:t317, leader=null, voted=c52c3de9-0ed1-4f2b-ba1d-f317ceeb0ceb, raftlog=c52c3de9-0ed1-4f2b-ba1d-f317ceeb0ceb@group-20BE3FF63202-SegmentedRaftLog:OPENED:c-1,f-1,i0, conf=-1: [24274e9f-e41f-4654-9afc-a783ca44e44b:192.168.69.67:35902, 988115cd-21c9-4558-b198-f2cedd98ccf3:192.168.69.67:44208, c52c3de9-0ed1-4f2b-ba1d-f317ceeb0ceb:192.168.69.67:37615], old=null
2019-10-18 07:14:56,624 [c52c3de9-0ed1-4f2b-ba1d-f317ceeb0ceb@group-20BE3FF63202-LeaderElection270] INFO  impl.LeaderElection (LogUtils.java:infoOrTrace(149)) -   Exception 0: {}
java.util.concurrent.ExecutionException: org.apache.ratis.thirdparty.io.grpc.StatusRuntimeException: UNAVAILABLE: io exception
	at java.util.concurrent.FutureTask.report(FutureTask.java:122)
	at java.util.concurrent.FutureTask.get(FutureTask.java:192)
	at org.apache.ratis.server.impl.LeaderElection.waitForResults(LeaderElection.java:259)
	at org.apache.ratis.server.impl.LeaderElection.askForVotes(LeaderElection.java:197)
	at org.apache.ratis.server.impl.LeaderElection.run(LeaderElection.java:133)
	at java.lang.Thread.run(Thread.java:748)
Caused by: org.apache.ratis.thirdparty.io.grpc.StatusRuntimeException: UNAVAILABLE: io exception
	at org.apache.ratis.thirdparty.io.grpc.stub.ClientCalls.toStatusRuntimeException(ClientCalls.java:233)
	at org.apache.ratis.thirdparty.io.grpc.stub.ClientCalls.getUnchecked(ClientCalls.java:214)
	at org.apache.ratis.thirdparty.io.grpc.stub.ClientCalls.blockingUnaryCall(ClientCalls.java:139)
	at org.apache.ratis.proto.grpc.RaftServerProtocolServiceGrpc$RaftServerProtocolServiceBlockingStub.requestVote(RaftServerProtocolServiceGrpc.java:265)
	at org.apache.ratis.grpc.server.GrpcServerProtocolClient.requestVote(GrpcServerProtocolClient.java:99)
	at org.apache.ratis.grpc.server.GrpcService.requestVote(GrpcService.java:204)
	at org.apache.ratis.server.impl.LeaderElection.lambda$submitRequests$1(LeaderElection.java:234)
	at java.util.concurrent.FutureTask.run(FutureTask.java:266)
	at java.util.concurrent.Executors$RunnableAdapter.call(Executors.java:511)
	at java.util.concurrent.FutureTask.run(FutureTask.java:266)
	at java.util.concurrent.ThreadPoolExecutor.runWorker(ThreadPoolExecutor.java:1149)
	at java.util.concurrent.ThreadPoolExecutor$Worker.run(ThreadPoolExecutor.java:624)
	... 1 more
Caused by: org.apache.ratis.thirdparty.io.netty.channel.AbstractChannel$AnnotatedConnectException: Connection refused: /192.168.69.67:35902
	at sun.nio.ch.SocketChannelImpl.checkConnect(Native Method)
	at sun.nio.ch.SocketChannelImpl.finishConnect(SocketChannelImpl.java:717)
	at org.apache.ratis.thirdparty.io.netty.channel.socket.nio.NioSocketChannel.doFinishConnect(NioSocketChannel.java:327)
	at org.apache.ratis.thirdparty.io.netty.channel.nio.AbstractNioChannel$AbstractNioUnsafe.finishConnect(AbstractNioChannel.java:340)
	at org.apache.ratis.thirdparty.io.netty.channel.nio.NioEventLoop.processSelectedKey(NioEventLoop.java:632)
	at org.apache.ratis.thirdparty.io.netty.channel.nio.NioEventLoop.processSelectedKeysOptimized(NioEventLoop.java:579)
	at org.apache.ratis.thirdparty.io.netty.channel.nio.NioEventLoop.processSelectedKeys(NioEventLoop.java:496)
	at org.apache.ratis.thirdparty.io.netty.channel.nio.NioEventLoop.run(NioEventLoop.java:458)
	at org.apache.ratis.thirdparty.io.netty.util.concurrent.SingleThreadEventExecutor$5.run(SingleThreadEventExecutor.java:897)
	at org.apache.ratis.thirdparty.io.netty.util.concurrent.FastThreadLocalRunnable.run(FastThreadLocalRunnable.java:30)
	... 1 more
Caused by: java.net.ConnectException: Connection refused
	... 11 more
2019-10-18 07:14:56,624 [c52c3de9-0ed1-4f2b-ba1d-f317ceeb0ceb@group-20BE3FF63202-LeaderElection270] INFO  impl.RaftServerImpl (RaftServerImpl.java:setRole(184)) - c52c3de9-0ed1-4f2b-ba1d-f317ceeb0ceb@group-20BE3FF63202: changes role from CANDIDATE to FOLLOWER at term 317 for DISCOVERED_A_NEW_TERM
2019-10-18 07:14:56,624 [c52c3de9-0ed1-4f2b-ba1d-f317ceeb0ceb@group-20BE3FF63202-LeaderElection270] INFO  impl.RoleInfo (RoleInfo.java:shutdownLeaderElection(134)) - c52c3de9-0ed1-4f2b-ba1d-f317ceeb0ceb: shutdown LeaderElection
2019-10-18 07:14:56,624 [c52c3de9-0ed1-4f2b-ba1d-f317ceeb0ceb@group-20BE3FF63202-LeaderElection270] INFO  impl.RoleInfo (RoleInfo.java:updateAndGet(143)) - c52c3de9-0ed1-4f2b-ba1d-f317ceeb0ceb: start FollowerState
2019-10-18 07:14:56,757 [Datanode State Machine Thread - 0] INFO  statemachine.DatanodeStateMachine (DatanodeStateMachine.java:lambda$startDaemon$0(350)) - Ozone container server started.
2019-10-18 07:14:56,799 [Thread-2248] INFO  impl.FollowerState (FollowerState.java:run(108)) - c52c3de9-0ed1-4f2b-ba1d-f317ceeb0ceb@group-20BE3FF63202-FollowerState: change to CANDIDATE, lastRpcTime:174ms, electionTimeout:174ms
2019-10-18 07:14:56,799 [Thread-2248] INFO  impl.RoleInfo (RoleInfo.java:shutdownFollowerState(121)) - c52c3de9-0ed1-4f2b-ba1d-f317ceeb0ceb: shutdown FollowerState
2019-10-18 07:14:56,799 [Thread-2248] INFO  impl.RaftServerImpl (RaftServerImpl.java:setRole(184)) - c52c3de9-0ed1-4f2b-ba1d-f317ceeb0ceb@group-20BE3FF63202: changes role from  FOLLOWER to CANDIDATE at term 317 for changeToCandidate
2019-10-18 07:14:56,800 [Thread-2248] INFO  impl.RoleInfo (RoleInfo.java:updateAndGet(143)) - c52c3de9-0ed1-4f2b-ba1d-f317ceeb0ceb: start LeaderElection
2019-10-18 07:14:56,814 [c52c3de9-0ed1-4f2b-ba1d-f317ceeb0ceb@group-20BE3FF63202-LeaderElection271] INFO  impl.LeaderElection (LeaderElection.java:askForVotes(178)) - c52c3de9-0ed1-4f2b-ba1d-f317ceeb0ceb@group-20BE3FF63202-LeaderElection271: begin an election at term 318 for -1: [24274e9f-e41f-4654-9afc-a783ca44e44b:192.168.69.67:35902, 988115cd-21c9-4558-b198-f2cedd98ccf3:192.168.69.67:44208, c52c3de9-0ed1-4f2b-ba1d-f317ceeb0ceb:192.168.69.67:37615], old=null
2019-10-18 07:14:56,815 [c52c3de9-0ed1-4f2b-ba1d-f317ceeb0ceb@group-20BE3FF63202-LeaderElection271] INFO  impl.LeaderElection (LogUtils.java:infoOrTrace(149)) - c52c3de9-0ed1-4f2b-ba1d-f317ceeb0ceb@group-20BE3FF63202-LeaderElection271 got exception when requesting votes: {}
java.util.concurrent.ExecutionException: org.apache.ratis.thirdparty.io.grpc.StatusRuntimeException: UNAVAILABLE: io exception
	at java.util.concurrent.FutureTask.report(FutureTask.java:122)
	at java.util.concurrent.FutureTask.get(FutureTask.java:192)
	at org.apache.ratis.server.impl.LeaderElection.waitForResults(LeaderElection.java:259)
	at org.apache.ratis.server.impl.LeaderElection.askForVotes(LeaderElection.java:197)
	at org.apache.ratis.server.impl.LeaderElection.run(LeaderElection.java:133)
	at java.lang.Thread.run(Thread.java:748)
Caused by: org.apache.ratis.thirdparty.io.grpc.StatusRuntimeException: UNAVAILABLE: io exception
	at org.apache.ratis.thirdparty.io.grpc.stub.ClientCalls.toStatusRuntimeException(ClientCalls.java:233)
	at org.apache.ratis.thirdparty.io.grpc.stub.ClientCalls.getUnchecked(ClientCalls.java:214)
	at org.apache.ratis.thirdparty.io.grpc.stub.ClientCalls.blockingUnaryCall(ClientCalls.java:139)
	at org.apache.ratis.proto.grpc.RaftServerProtocolServiceGrpc$RaftServerProtocolServiceBlockingStub.requestVote(RaftServerProtocolServiceGrpc.java:265)
	at org.apache.ratis.grpc.server.GrpcServerProtocolClient.requestVote(GrpcServerProtocolClient.java:99)
	at org.apache.ratis.grpc.server.GrpcService.requestVote(GrpcService.java:204)
	at org.apache.ratis.server.impl.LeaderElection.lambda$submitRequests$1(LeaderElection.java:234)
	at java.util.concurrent.FutureTask.run(FutureTask.java:266)
	at java.util.concurrent.Executors$RunnableAdapter.call(Executors.java:511)
	at java.util.concurrent.FutureTask.run(FutureTask.java:266)
	at java.util.concurrent.ThreadPoolExecutor.runWorker(ThreadPoolExecutor.java:1149)
	at java.util.concurrent.ThreadPoolExecutor$Worker.run(ThreadPoolExecutor.java:624)
	... 1 more
Caused by: org.apache.ratis.thirdparty.io.netty.channel.AbstractChannel$AnnotatedConnectException: Connection refused: /192.168.69.67:35902
	at sun.nio.ch.SocketChannelImpl.checkConnect(Native Method)
	at sun.nio.ch.SocketChannelImpl.finishConnect(SocketChannelImpl.java:717)
	at org.apache.ratis.thirdparty.io.netty.channel.socket.nio.NioSocketChannel.doFinishConnect(NioSocketChannel.java:327)
	at org.apache.ratis.thirdparty.io.netty.channel.nio.AbstractNioChannel$AbstractNioUnsafe.finishConnect(AbstractNioChannel.java:340)
	at org.apache.ratis.thirdparty.io.netty.channel.nio.NioEventLoop.processSelectedKey(NioEventLoop.java:632)
	at org.apache.ratis.thirdparty.io.netty.channel.nio.NioEventLoop.processSelectedKeysOptimized(NioEventLoop.java:579)
	at org.apache.ratis.thirdparty.io.netty.channel.nio.NioEventLoop.processSelectedKeys(NioEventLoop.java:496)
	at org.apache.ratis.thirdparty.io.netty.channel.nio.NioEventLoop.run(NioEventLoop.java:458)
	at org.apache.ratis.thirdparty.io.netty.util.concurrent.SingleThreadEventExecutor$5.run(SingleThreadEventExecutor.java:897)
	at org.apache.ratis.thirdparty.io.netty.util.concurrent.FastThreadLocalRunnable.run(FastThreadLocalRunnable.java:30)
	... 1 more
Caused by: java.net.ConnectException: Connection refused
	... 11 more
2019-10-18 07:14:56,819 [grpc-default-executor-2] INFO  impl.RaftServerImpl (RaftServerImpl.java:setRole(184)) - 988115cd-21c9-4558-b198-f2cedd98ccf3@group-20BE3FF63202: changes role from  FOLLOWER to FOLLOWER at term 318 for recognizeCandidate:c52c3de9-0ed1-4f2b-ba1d-f317ceeb0ceb
2019-10-18 07:14:56,819 [grpc-default-executor-2] INFO  impl.RoleInfo (RoleInfo.java:shutdownFollowerState(121)) - 988115cd-21c9-4558-b198-f2cedd98ccf3: shutdown FollowerState
2019-10-18 07:14:56,819 [grpc-default-executor-2] INFO  impl.RoleInfo (RoleInfo.java:updateAndGet(143)) - 988115cd-21c9-4558-b198-f2cedd98ccf3: start FollowerState
2019-10-18 07:14:56,819 [Thread-2247] INFO  impl.FollowerState (FollowerState.java:run(117)) - 988115cd-21c9-4558-b198-f2cedd98ccf3@group-20BE3FF63202-FollowerState was interrupted: java.lang.InterruptedException: sleep interrupted
2019-10-18 07:14:56,833 [c52c3de9-0ed1-4f2b-ba1d-f317ceeb0ceb@group-20BE3FF63202-LeaderElection271] INFO  impl.LeaderElection (LeaderElection.java:logAndReturn(56)) - c52c3de9-0ed1-4f2b-ba1d-f317ceeb0ceb@group-20BE3FF63202-LeaderElection271: Election TIMEOUT; received 0 response(s) [] and 1 exception(s); c52c3de9-0ed1-4f2b-ba1d-f317ceeb0ceb@group-20BE3FF63202:t318, leader=null, voted=c52c3de9-0ed1-4f2b-ba1d-f317ceeb0ceb, raftlog=c52c3de9-0ed1-4f2b-ba1d-f317ceeb0ceb@group-20BE3FF63202-SegmentedRaftLog:OPENED:c-1,f-1,i0, conf=-1: [24274e9f-e41f-4654-9afc-a783ca44e44b:192.168.69.67:35902, 988115cd-21c9-4558-b198-f2cedd98ccf3:192.168.69.67:44208, c52c3de9-0ed1-4f2b-ba1d-f317ceeb0ceb:192.168.69.67:37615], old=null
2019-10-18 07:14:56,833 [c52c3de9-0ed1-4f2b-ba1d-f317ceeb0ceb@group-20BE3FF63202-LeaderElection271] INFO  impl.LeaderElection (LogUtils.java:infoOrTrace(149)) -   Exception 0: {}
java.util.concurrent.ExecutionException: org.apache.ratis.thirdparty.io.grpc.StatusRuntimeException: UNAVAILABLE: io exception
	at java.util.concurrent.FutureTask.report(FutureTask.java:122)
	at java.util.concurrent.FutureTask.get(FutureTask.java:192)
	at org.apache.ratis.server.impl.LeaderElection.waitForResults(LeaderElection.java:259)
	at org.apache.ratis.server.impl.LeaderElection.askForVotes(LeaderElection.java:197)
	at org.apache.ratis.server.impl.LeaderElection.run(LeaderElection.java:133)
	at java.lang.Thread.run(Thread.java:748)
Caused by: org.apache.ratis.thirdparty.io.grpc.StatusRuntimeException: UNAVAILABLE: io exception
	at org.apache.ratis.thirdparty.io.grpc.stub.ClientCalls.toStatusRuntimeException(ClientCalls.java:233)
	at org.apache.ratis.thirdparty.io.grpc.stub.ClientCalls.getUnchecked(ClientCalls.java:214)
	at org.apache.ratis.thirdparty.io.grpc.stub.ClientCalls.blockingUnaryCall(ClientCalls.java:139)
	at org.apache.ratis.proto.grpc.RaftServerProtocolServiceGrpc$RaftServerProtocolServiceBlockingStub.requestVote(RaftServerProtocolServiceGrpc.java:265)
	at org.apache.ratis.grpc.server.GrpcServerProtocolClient.requestVote(GrpcServerProtocolClient.java:99)
	at org.apache.ratis.grpc.server.GrpcService.requestVote(GrpcService.java:204)
	at org.apache.ratis.server.impl.LeaderElection.lambda$submitRequests$1(LeaderElection.java:234)
	at java.util.concurrent.FutureTask.run(FutureTask.java:266)
	at java.util.concurrent.Executors$RunnableAdapter.call(Executors.java:511)
	at java.util.concurrent.FutureTask.run(FutureTask.java:266)
	at java.util.concurrent.ThreadPoolExecutor.runWorker(ThreadPoolExecutor.java:1149)
	at java.util.concurrent.ThreadPoolExecutor$Worker.run(ThreadPoolExecutor.java:624)
	... 1 more
Caused by: org.apache.ratis.thirdparty.io.netty.channel.AbstractChannel$AnnotatedConnectException: Connection refused: /192.168.69.67:35902
	at sun.nio.ch.SocketChannelImpl.checkConnect(Native Method)
	at sun.nio.ch.SocketChannelImpl.finishConnect(SocketChannelImpl.java:717)
	at org.apache.ratis.thirdparty.io.netty.channel.socket.nio.NioSocketChannel.doFinishConnect(NioSocketChannel.java:327)
	at org.apache.ratis.thirdparty.io.netty.channel.nio.AbstractNioChannel$AbstractNioUnsafe.finishConnect(AbstractNioChannel.java:340)
	at org.apache.ratis.thirdparty.io.netty.channel.nio.NioEventLoop.processSelectedKey(NioEventLoop.java:632)
	at org.apache.ratis.thirdparty.io.netty.channel.nio.NioEventLoop.processSelectedKeysOptimized(NioEventLoop.java:579)
	at org.apache.ratis.thirdparty.io.netty.channel.nio.NioEventLoop.processSelectedKeys(NioEventLoop.java:496)
	at org.apache.ratis.thirdparty.io.netty.channel.nio.NioEventLoop.run(NioEventLoop.java:458)
	at org.apache.ratis.thirdparty.io.netty.util.concurrent.SingleThreadEventExecutor$5.run(SingleThreadEventExecutor.java:897)
	at org.apache.ratis.thirdparty.io.netty.util.concurrent.FastThreadLocalRunnable.run(FastThreadLocalRunnable.java:30)
	... 1 more
Caused by: java.net.ConnectException: Connection refused
	... 11 more
2019-10-18 07:14:56,847 [c52c3de9-0ed1-4f2b-ba1d-f317ceeb0ceb@group-20BE3FF63202-LeaderElection271] INFO  impl.LeaderElection (LeaderElection.java:askForVotes(178)) - c52c3de9-0ed1-4f2b-ba1d-f317ceeb0ceb@group-20BE3FF63202-LeaderElection271: begin an election at term 319 for -1: [24274e9f-e41f-4654-9afc-a783ca44e44b:192.168.69.67:35902, 988115cd-21c9-4558-b198-f2cedd98ccf3:192.168.69.67:44208, c52c3de9-0ed1-4f2b-ba1d-f317ceeb0ceb:192.168.69.67:37615], old=null
2019-10-18 07:14:56,848 [c52c3de9-0ed1-4f2b-ba1d-f317ceeb0ceb@group-20BE3FF63202-LeaderElection271] INFO  impl.LeaderElection (LogUtils.java:infoOrTrace(149)) - c52c3de9-0ed1-4f2b-ba1d-f317ceeb0ceb@group-20BE3FF63202-LeaderElection271 got exception when requesting votes: {}
java.util.concurrent.ExecutionException: org.apache.ratis.thirdparty.io.grpc.StatusRuntimeException: UNAVAILABLE: io exception
	at java.util.concurrent.FutureTask.report(FutureTask.java:122)
	at java.util.concurrent.FutureTask.get(FutureTask.java:192)
	at org.apache.ratis.server.impl.LeaderElection.waitForResults(LeaderElection.java:259)
	at org.apache.ratis.server.impl.LeaderElection.askForVotes(LeaderElection.java:197)
	at org.apache.ratis.server.impl.LeaderElection.run(LeaderElection.java:133)
	at java.lang.Thread.run(Thread.java:748)
Caused by: org.apache.ratis.thirdparty.io.grpc.StatusRuntimeException: UNAVAILABLE: io exception
	at org.apache.ratis.thirdparty.io.grpc.stub.ClientCalls.toStatusRuntimeException(ClientCalls.java:233)
	at org.apache.ratis.thirdparty.io.grpc.stub.ClientCalls.getUnchecked(ClientCalls.java:214)
	at org.apache.ratis.thirdparty.io.grpc.stub.ClientCalls.blockingUnaryCall(ClientCalls.java:139)
	at org.apache.ratis.proto.grpc.RaftServerProtocolServiceGrpc$RaftServerProtocolServiceBlockingStub.requestVote(RaftServerProtocolServiceGrpc.java:265)
	at org.apache.ratis.grpc.server.GrpcServerProtocolClient.requestVote(GrpcServerProtocolClient.java:99)
	at org.apache.ratis.grpc.server.GrpcService.requestVote(GrpcService.java:204)
	at org.apache.ratis.server.impl.LeaderElection.lambda$submitRequests$1(LeaderElection.java:234)
	at java.util.concurrent.FutureTask.run(FutureTask.java:266)
	at java.util.concurrent.Executors$RunnableAdapter.call(Executors.java:511)
	at java.util.concurrent.FutureTask.run(FutureTask.java:266)
	at java.util.concurrent.ThreadPoolExecutor.runWorker(ThreadPoolExecutor.java:1149)
	at java.util.concurrent.ThreadPoolExecutor$Worker.run(ThreadPoolExecutor.java:624)
	... 1 more
Caused by: org.apache.ratis.thirdparty.io.netty.channel.AbstractChannel$AnnotatedConnectException: Connection refused: /192.168.69.67:35902
	at sun.nio.ch.SocketChannelImpl.checkConnect(Native Method)
	at sun.nio.ch.SocketChannelImpl.finishConnect(SocketChannelImpl.java:717)
	at org.apache.ratis.thirdparty.io.netty.channel.socket.nio.NioSocketChannel.doFinishConnect(NioSocketChannel.java:327)
	at org.apache.ratis.thirdparty.io.netty.channel.nio.AbstractNioChannel$AbstractNioUnsafe.finishConnect(AbstractNioChannel.java:340)
	at org.apache.ratis.thirdparty.io.netty.channel.nio.NioEventLoop.processSelectedKey(NioEventLoop.java:632)
	at org.apache.ratis.thirdparty.io.netty.channel.nio.NioEventLoop.processSelectedKeysOptimized(NioEventLoop.java:579)
	at org.apache.ratis.thirdparty.io.netty.channel.nio.NioEventLoop.processSelectedKeys(NioEventLoop.java:496)
	at org.apache.ratis.thirdparty.io.netty.channel.nio.NioEventLoop.run(NioEventLoop.java:458)
	at org.apache.ratis.thirdparty.io.netty.util.concurrent.SingleThreadEventExecutor$5.run(SingleThreadEventExecutor.java:897)
	at org.apache.ratis.thirdparty.io.netty.util.concurrent.FastThreadLocalRunnable.run(FastThreadLocalRunnable.java:30)
	... 1 more
Caused by: java.net.ConnectException: Connection refused
	... 11 more
2019-10-18 07:14:56,850 [grpc-default-executor-2] INFO  impl.RaftServerImpl (RaftServerImpl.java:setRole(184)) - 988115cd-21c9-4558-b198-f2cedd98ccf3@group-20BE3FF63202: changes role from  FOLLOWER to FOLLOWER at term 319 for recognizeCandidate:c52c3de9-0ed1-4f2b-ba1d-f317ceeb0ceb
2019-10-18 07:14:56,851 [grpc-default-executor-2] INFO  impl.RoleInfo (RoleInfo.java:shutdownFollowerState(121)) - 988115cd-21c9-4558-b198-f2cedd98ccf3: shutdown FollowerState
2019-10-18 07:14:56,851 [grpc-default-executor-2] INFO  impl.RoleInfo (RoleInfo.java:updateAndGet(143)) - 988115cd-21c9-4558-b198-f2cedd98ccf3: start FollowerState
2019-10-18 07:14:56,851 [Thread-2252] INFO  impl.FollowerState (FollowerState.java:run(117)) - 988115cd-21c9-4558-b198-f2cedd98ccf3@group-20BE3FF63202-FollowerState was interrupted: java.lang.InterruptedException: sleep interrupted
2019-10-18 07:14:56,865 [c52c3de9-0ed1-4f2b-ba1d-f317ceeb0ceb@group-20BE3FF63202-LeaderElection271] INFO  impl.LeaderElection (LeaderElection.java:logAndReturn(56)) - c52c3de9-0ed1-4f2b-ba1d-f317ceeb0ceb@group-20BE3FF63202-LeaderElection271: Election REJECTED; received 1 response(s) [c52c3de9-0ed1-4f2b-ba1d-f317ceeb0ceb<-988115cd-21c9-4558-b198-f2cedd98ccf3#0:FAIL-t319] and 1 exception(s); c52c3de9-0ed1-4f2b-ba1d-f317ceeb0ceb@group-20BE3FF63202:t319, leader=null, voted=c52c3de9-0ed1-4f2b-ba1d-f317ceeb0ceb, raftlog=c52c3de9-0ed1-4f2b-ba1d-f317ceeb0ceb@group-20BE3FF63202-SegmentedRaftLog:OPENED:c-1,f-1,i0, conf=-1: [24274e9f-e41f-4654-9afc-a783ca44e44b:192.168.69.67:35902, 988115cd-21c9-4558-b198-f2cedd98ccf3:192.168.69.67:44208, c52c3de9-0ed1-4f2b-ba1d-f317ceeb0ceb:192.168.69.67:37615], old=null
2019-10-18 07:14:56,865 [c52c3de9-0ed1-4f2b-ba1d-f317ceeb0ceb@group-20BE3FF63202-LeaderElection271] INFO  impl.LeaderElection (LogUtils.java:infoOrTrace(149)) -   Exception 0: {}
java.util.concurrent.ExecutionException: org.apache.ratis.thirdparty.io.grpc.StatusRuntimeException: UNAVAILABLE: io exception
	at java.util.concurrent.FutureTask.report(FutureTask.java:122)
	at java.util.concurrent.FutureTask.get(FutureTask.java:192)
	at org.apache.ratis.server.impl.LeaderElection.waitForResults(LeaderElection.java:259)
	at org.apache.ratis.server.impl.LeaderElection.askForVotes(LeaderElection.java:197)
	at org.apache.ratis.server.impl.LeaderElection.run(LeaderElection.java:133)
	at java.lang.Thread.run(Thread.java:748)
Caused by: org.apache.ratis.thirdparty.io.grpc.StatusRuntimeException: UNAVAILABLE: io exception
	at org.apache.ratis.thirdparty.io.grpc.stub.ClientCalls.toStatusRuntimeException(ClientCalls.java:233)
	at org.apache.ratis.thirdparty.io.grpc.stub.ClientCalls.getUnchecked(ClientCalls.java:214)
	at org.apache.ratis.thirdparty.io.grpc.stub.ClientCalls.blockingUnaryCall(ClientCalls.java:139)
	at org.apache.ratis.proto.grpc.RaftServerProtocolServiceGrpc$RaftServerProtocolServiceBlockingStub.requestVote(RaftServerProtocolServiceGrpc.java:265)
	at org.apache.ratis.grpc.server.GrpcServerProtocolClient.requestVote(GrpcServerProtocolClient.java:99)
	at org.apache.ratis.grpc.server.GrpcService.requestVote(GrpcService.java:204)
	at org.apache.ratis.server.impl.LeaderElection.lambda$submitRequests$1(LeaderElection.java:234)
	at java.util.concurrent.FutureTask.run(FutureTask.java:266)
	at java.util.concurrent.Executors$RunnableAdapter.call(Executors.java:511)
	at java.util.concurrent.FutureTask.run(FutureTask.java:266)
	at java.util.concurrent.ThreadPoolExecutor.runWorker(ThreadPoolExecutor.java:1149)
	at java.util.concurrent.ThreadPoolExecutor$Worker.run(ThreadPoolExecutor.java:624)
	... 1 more
Caused by: org.apache.ratis.thirdparty.io.netty.channel.AbstractChannel$AnnotatedConnectException: Connection refused: /192.168.69.67:35902
	at sun.nio.ch.SocketChannelImpl.checkConnect(Native Method)
	at sun.nio.ch.SocketChannelImpl.finishConnect(SocketChannelImpl.java:717)
	at org.apache.ratis.thirdparty.io.netty.channel.socket.nio.NioSocketChannel.doFinishConnect(NioSocketChannel.java:327)
	at org.apache.ratis.thirdparty.io.netty.channel.nio.AbstractNioChannel$AbstractNioUnsafe.finishConnect(AbstractNioChannel.java:340)
	at org.apache.ratis.thirdparty.io.netty.channel.nio.NioEventLoop.processSelectedKey(NioEventLoop.java:632)
	at org.apache.ratis.thirdparty.io.netty.channel.nio.NioEventLoop.processSelectedKeysOptimized(NioEventLoop.java:579)
	at org.apache.ratis.thirdparty.io.netty.channel.nio.NioEventLoop.processSelectedKeys(NioEventLoop.java:496)
	at org.apache.ratis.thirdparty.io.netty.channel.nio.NioEventLoop.run(NioEventLoop.java:458)
	at org.apache.ratis.thirdparty.io.netty.util.concurrent.SingleThreadEventExecutor$5.run(SingleThreadEventExecutor.java:897)
	at org.apache.ratis.thirdparty.io.netty.util.concurrent.FastThreadLocalRunnable.run(FastThreadLocalRunnable.java:30)
	... 1 more
Caused by: java.net.ConnectException: Connection refused
	... 11 more
2019-10-18 07:14:56,865 [c52c3de9-0ed1-4f2b-ba1d-f317ceeb0ceb@group-20BE3FF63202-LeaderElection271] INFO  impl.RaftServerImpl (RaftServerImpl.java:setRole(184)) - c52c3de9-0ed1-4f2b-ba1d-f317ceeb0ceb@group-20BE3FF63202: changes role from CANDIDATE to FOLLOWER at term 319 for DISCOVERED_A_NEW_TERM
2019-10-18 07:14:56,865 [c52c3de9-0ed1-4f2b-ba1d-f317ceeb0ceb@group-20BE3FF63202-LeaderElection271] INFO  impl.RoleInfo (RoleInfo.java:shutdownLeaderElection(134)) - c52c3de9-0ed1-4f2b-ba1d-f317ceeb0ceb: shutdown LeaderElection
2019-10-18 07:14:56,865 [c52c3de9-0ed1-4f2b-ba1d-f317ceeb0ceb@group-20BE3FF63202-LeaderElection271] INFO  impl.RoleInfo (RoleInfo.java:updateAndGet(143)) - c52c3de9-0ed1-4f2b-ba1d-f317ceeb0ceb: start FollowerState
2019-10-18 07:14:56,972 [Thread-2256] INFO  impl.FollowerState (FollowerState.java:run(108)) - c52c3de9-0ed1-4f2b-ba1d-f317ceeb0ceb@group-20BE3FF63202-FollowerState: change to CANDIDATE, lastRpcTime:106ms, electionTimeout:106ms
2019-10-18 07:14:56,972 [Thread-2256] INFO  impl.RoleInfo (RoleInfo.java:shutdownFollowerState(121)) - c52c3de9-0ed1-4f2b-ba1d-f317ceeb0ceb: shutdown FollowerState
2019-10-18 07:14:56,972 [Thread-2256] INFO  impl.RaftServerImpl (RaftServerImpl.java:setRole(184)) - c52c3de9-0ed1-4f2b-ba1d-f317ceeb0ceb@group-20BE3FF63202: changes role from  FOLLOWER to CANDIDATE at term 319 for changeToCandidate
2019-10-18 07:14:56,972 [Thread-2256] INFO  impl.RoleInfo (RoleInfo.java:updateAndGet(143)) - c52c3de9-0ed1-4f2b-ba1d-f317ceeb0ceb: start LeaderElection
2019-10-18 07:14:56,986 [c52c3de9-0ed1-4f2b-ba1d-f317ceeb0ceb@group-20BE3FF63202-LeaderElection272] INFO  impl.LeaderElection (LeaderElection.java:askForVotes(178)) - c52c3de9-0ed1-4f2b-ba1d-f317ceeb0ceb@group-20BE3FF63202-LeaderElection272: begin an election at term 320 for -1: [24274e9f-e41f-4654-9afc-a783ca44e44b:192.168.69.67:35902, 988115cd-21c9-4558-b198-f2cedd98ccf3:192.168.69.67:44208, c52c3de9-0ed1-4f2b-ba1d-f317ceeb0ceb:192.168.69.67:37615], old=null
2019-10-18 07:14:56,988 [c52c3de9-0ed1-4f2b-ba1d-f317ceeb0ceb@group-20BE3FF63202-LeaderElection272] INFO  impl.LeaderElection (LogUtils.java:infoOrTrace(149)) - c52c3de9-0ed1-4f2b-ba1d-f317ceeb0ceb@group-20BE3FF63202-LeaderElection272 got exception when requesting votes: {}
java.util.concurrent.ExecutionException: org.apache.ratis.thirdparty.io.grpc.StatusRuntimeException: UNAVAILABLE: io exception
	at java.util.concurrent.FutureTask.report(FutureTask.java:122)
	at java.util.concurrent.FutureTask.get(FutureTask.java:192)
	at org.apache.ratis.server.impl.LeaderElection.waitForResults(LeaderElection.java:259)
	at org.apache.ratis.server.impl.LeaderElection.askForVotes(LeaderElection.java:197)
	at org.apache.ratis.server.impl.LeaderElection.run(LeaderElection.java:133)
	at java.lang.Thread.run(Thread.java:748)
Caused by: org.apache.ratis.thirdparty.io.grpc.StatusRuntimeException: UNAVAILABLE: io exception
	at org.apache.ratis.thirdparty.io.grpc.stub.ClientCalls.toStatusRuntimeException(ClientCalls.java:233)
	at org.apache.ratis.thirdparty.io.grpc.stub.ClientCalls.getUnchecked(ClientCalls.java:214)
	at org.apache.ratis.thirdparty.io.grpc.stub.ClientCalls.blockingUnaryCall(ClientCalls.java:139)
	at org.apache.ratis.proto.grpc.RaftServerProtocolServiceGrpc$RaftServerProtocolServiceBlockingStub.requestVote(RaftServerProtocolServiceGrpc.java:265)
	at org.apache.ratis.grpc.server.GrpcServerProtocolClient.requestVote(GrpcServerProtocolClient.java:99)
	at org.apache.ratis.grpc.server.GrpcService.requestVote(GrpcService.java:204)
	at org.apache.ratis.server.impl.LeaderElection.lambda$submitRequests$1(LeaderElection.java:234)
	at java.util.concurrent.FutureTask.run(FutureTask.java:266)
	at java.util.concurrent.Executors$RunnableAdapter.call(Executors.java:511)
	at java.util.concurrent.FutureTask.run(FutureTask.java:266)
	at java.util.concurrent.ThreadPoolExecutor.runWorker(ThreadPoolExecutor.java:1149)
	at java.util.concurrent.ThreadPoolExecutor$Worker.run(ThreadPoolExecutor.java:624)
	... 1 more
Caused by: org.apache.ratis.thirdparty.io.netty.channel.AbstractChannel$AnnotatedConnectException: Connection refused: /192.168.69.67:35902
	at sun.nio.ch.SocketChannelImpl.checkConnect(Native Method)
	at sun.nio.ch.SocketChannelImpl.finishConnect(SocketChannelImpl.java:717)
	at org.apache.ratis.thirdparty.io.netty.channel.socket.nio.NioSocketChannel.doFinishConnect(NioSocketChannel.java:327)
	at org.apache.ratis.thirdparty.io.netty.channel.nio.AbstractNioChannel$AbstractNioUnsafe.finishConnect(AbstractNioChannel.java:340)
	at org.apache.ratis.thirdparty.io.netty.channel.nio.NioEventLoop.processSelectedKey(NioEventLoop.java:632)
	at org.apache.ratis.thirdparty.io.netty.channel.nio.NioEventLoop.processSelectedKeysOptimized(NioEventLoop.java:579)
	at org.apache.ratis.thirdparty.io.netty.channel.nio.NioEventLoop.processSelectedKeys(NioEventLoop.java:496)
	at org.apache.ratis.thirdparty.io.netty.channel.nio.NioEventLoop.run(NioEventLoop.java:458)
	at org.apache.ratis.thirdparty.io.netty.util.concurrent.SingleThreadEventExecutor$5.run(SingleThreadEventExecutor.java:897)
	at org.apache.ratis.thirdparty.io.netty.util.concurrent.FastThreadLocalRunnable.run(FastThreadLocalRunnable.java:30)
	... 1 more
Caused by: java.net.ConnectException: Connection refused
	... 11 more
2019-10-18 07:14:56,991 [grpc-default-executor-2] INFO  impl.RaftServerImpl (RaftServerImpl.java:setRole(184)) - 988115cd-21c9-4558-b198-f2cedd98ccf3@group-20BE3FF63202: changes role from  FOLLOWER to FOLLOWER at term 320 for recognizeCandidate:c52c3de9-0ed1-4f2b-ba1d-f317ceeb0ceb
2019-10-18 07:14:56,991 [grpc-default-executor-2] INFO  impl.RoleInfo (RoleInfo.java:shutdownFollowerState(121)) - 988115cd-21c9-4558-b198-f2cedd98ccf3: shutdown FollowerState
2019-10-18 07:14:56,991 [grpc-default-executor-2] INFO  impl.RoleInfo (RoleInfo.java:updateAndGet(143)) - 988115cd-21c9-4558-b198-f2cedd98ccf3: start FollowerState
2019-10-18 07:14:56,991 [Thread-2255] INFO  impl.FollowerState (FollowerState.java:run(117)) - 988115cd-21c9-4558-b198-f2cedd98ccf3@group-20BE3FF63202-FollowerState was interrupted: java.lang.InterruptedException: sleep interrupted
2019-10-18 07:14:57,040 [c52c3de9-0ed1-4f2b-ba1d-f317ceeb0ceb@group-20BE3FF63202-LeaderElection272] INFO  impl.LeaderElection (LeaderElection.java:logAndReturn(56)) - c52c3de9-0ed1-4f2b-ba1d-f317ceeb0ceb@group-20BE3FF63202-LeaderElection272: Election TIMEOUT; received 0 response(s) [] and 1 exception(s); c52c3de9-0ed1-4f2b-ba1d-f317ceeb0ceb@group-20BE3FF63202:t320, leader=null, voted=c52c3de9-0ed1-4f2b-ba1d-f317ceeb0ceb, raftlog=c52c3de9-0ed1-4f2b-ba1d-f317ceeb0ceb@group-20BE3FF63202-SegmentedRaftLog:OPENED:c-1,f-1,i0, conf=-1: [24274e9f-e41f-4654-9afc-a783ca44e44b:192.168.69.67:35902, 988115cd-21c9-4558-b198-f2cedd98ccf3:192.168.69.67:44208, c52c3de9-0ed1-4f2b-ba1d-f317ceeb0ceb:192.168.69.67:37615], old=null
2019-10-18 07:14:57,040 [c52c3de9-0ed1-4f2b-ba1d-f317ceeb0ceb@group-20BE3FF63202-LeaderElection272] INFO  impl.LeaderElection (LogUtils.java:infoOrTrace(149)) -   Exception 0: {}
java.util.concurrent.ExecutionException: org.apache.ratis.thirdparty.io.grpc.StatusRuntimeException: UNAVAILABLE: io exception
	at java.util.concurrent.FutureTask.report(FutureTask.java:122)
	at java.util.concurrent.FutureTask.get(FutureTask.java:192)
	at org.apache.ratis.server.impl.LeaderElection.waitForResults(LeaderElection.java:259)
	at org.apache.ratis.server.impl.LeaderElection.askForVotes(LeaderElection.java:197)
	at org.apache.ratis.server.impl.LeaderElection.run(LeaderElection.java:133)
	at java.lang.Thread.run(Thread.java:748)
Caused by: org.apache.ratis.thirdparty.io.grpc.StatusRuntimeException: UNAVAILABLE: io exception
	at org.apache.ratis.thirdparty.io.grpc.stub.ClientCalls.toStatusRuntimeException(ClientCalls.java:233)
	at org.apache.ratis.thirdparty.io.grpc.stub.ClientCalls.getUnchecked(ClientCalls.java:214)
	at org.apache.ratis.thirdparty.io.grpc.stub.ClientCalls.blockingUnaryCall(ClientCalls.java:139)
	at org.apache.ratis.proto.grpc.RaftServerProtocolServiceGrpc$RaftServerProtocolServiceBlockingStub.requestVote(RaftServerProtocolServiceGrpc.java:265)
	at org.apache.ratis.grpc.server.GrpcServerProtocolClient.requestVote(GrpcServerProtocolClient.java:99)
	at org.apache.ratis.grpc.server.GrpcService.requestVote(GrpcService.java:204)
	at org.apache.ratis.server.impl.LeaderElection.lambda$submitRequests$1(LeaderElection.java:234)
	at java.util.concurrent.FutureTask.run(FutureTask.java:266)
	at java.util.concurrent.Executors$RunnableAdapter.call(Executors.java:511)
	at java.util.concurrent.FutureTask.run(FutureTask.java:266)
	at java.util.concurrent.ThreadPoolExecutor.runWorker(ThreadPoolExecutor.java:1149)
	at java.util.concurrent.ThreadPoolExecutor$Worker.run(ThreadPoolExecutor.java:624)
	... 1 more
Caused by: org.apache.ratis.thirdparty.io.netty.channel.AbstractChannel$AnnotatedConnectException: Connection refused: /192.168.69.67:35902
	at sun.nio.ch.SocketChannelImpl.checkConnect(Native Method)
	at sun.nio.ch.SocketChannelImpl.finishConnect(SocketChannelImpl.java:717)
	at org.apache.ratis.thirdparty.io.netty.channel.socket.nio.NioSocketChannel.doFinishConnect(NioSocketChannel.java:327)
	at org.apache.ratis.thirdparty.io.netty.channel.nio.AbstractNioChannel$AbstractNioUnsafe.finishConnect(AbstractNioChannel.java:340)
	at org.apache.ratis.thirdparty.io.netty.channel.nio.NioEventLoop.processSelectedKey(NioEventLoop.java:632)
	at org.apache.ratis.thirdparty.io.netty.channel.nio.NioEventLoop.processSelectedKeysOptimized(NioEventLoop.java:579)
	at org.apache.ratis.thirdparty.io.netty.channel.nio.NioEventLoop.processSelectedKeys(NioEventLoop.java:496)
	at org.apache.ratis.thirdparty.io.netty.channel.nio.NioEventLoop.run(NioEventLoop.java:458)
	at org.apache.ratis.thirdparty.io.netty.util.concurrent.SingleThreadEventExecutor$5.run(SingleThreadEventExecutor.java:897)
	at org.apache.ratis.thirdparty.io.netty.util.concurrent.FastThreadLocalRunnable.run(FastThreadLocalRunnable.java:30)
	... 1 more
Caused by: java.net.ConnectException: Connection refused
	... 11 more
2019-10-18 07:14:57,369 [c52c3de9-0ed1-4f2b-ba1d-f317ceeb0ceb@group-20BE3FF63202-LeaderElection272] INFO  impl.LeaderElection (LeaderElection.java:askForVotes(178)) - c52c3de9-0ed1-4f2b-ba1d-f317ceeb0ceb@group-20BE3FF63202-LeaderElection272: begin an election at term 321 for -1: [24274e9f-e41f-4654-9afc-a783ca44e44b:192.168.69.67:35902, 988115cd-21c9-4558-b198-f2cedd98ccf3:192.168.69.67:44208, c52c3de9-0ed1-4f2b-ba1d-f317ceeb0ceb:192.168.69.67:37615], old=null
2019-10-18 07:14:57,370 [c52c3de9-0ed1-4f2b-ba1d-f317ceeb0ceb@group-20BE3FF63202-LeaderElection272] INFO  impl.LeaderElection (LogUtils.java:infoOrTrace(149)) - c52c3de9-0ed1-4f2b-ba1d-f317ceeb0ceb@group-20BE3FF63202-LeaderElection272 got exception when requesting votes: {}
java.util.concurrent.ExecutionException: org.apache.ratis.thirdparty.io.grpc.StatusRuntimeException: UNAVAILABLE: io exception
	at java.util.concurrent.FutureTask.report(FutureTask.java:122)
	at java.util.concurrent.FutureTask.get(FutureTask.java:192)
	at org.apache.ratis.server.impl.LeaderElection.waitForResults(LeaderElection.java:259)
	at org.apache.ratis.server.impl.LeaderElection.askForVotes(LeaderElection.java:197)
	at org.apache.ratis.server.impl.LeaderElection.run(LeaderElection.java:133)
	at java.lang.Thread.run(Thread.java:748)
Caused by: org.apache.ratis.thirdparty.io.grpc.StatusRuntimeException: UNAVAILABLE: io exception
	at org.apache.ratis.thirdparty.io.grpc.stub.ClientCalls.toStatusRuntimeException(ClientCalls.java:233)
	at org.apache.ratis.thirdparty.io.grpc.stub.ClientCalls.getUnchecked(ClientCalls.java:214)
	at org.apache.ratis.thirdparty.io.grpc.stub.ClientCalls.blockingUnaryCall(ClientCalls.java:139)
	at org.apache.ratis.proto.grpc.RaftServerProtocolServiceGrpc$RaftServerProtocolServiceBlockingStub.requestVote(RaftServerProtocolServiceGrpc.java:265)
	at org.apache.ratis.grpc.server.GrpcServerProtocolClient.requestVote(GrpcServerProtocolClient.java:99)
	at org.apache.ratis.grpc.server.GrpcService.requestVote(GrpcService.java:204)
	at org.apache.ratis.server.impl.LeaderElection.lambda$submitRequests$1(LeaderElection.java:234)
	at java.util.concurrent.FutureTask.run(FutureTask.java:266)
	at java.util.concurrent.Executors$RunnableAdapter.call(Executors.java:511)
	at java.util.concurrent.FutureTask.run(FutureTask.java:266)
	at java.util.concurrent.ThreadPoolExecutor.runWorker(ThreadPoolExecutor.java:1149)
	at java.util.concurrent.ThreadPoolExecutor$Worker.run(ThreadPoolExecutor.java:624)
	... 1 more
Caused by: org.apache.ratis.thirdparty.io.netty.channel.AbstractChannel$AnnotatedConnectException: Connection refused: /192.168.69.67:35902
	at sun.nio.ch.SocketChannelImpl.checkConnect(Native Method)
	at sun.nio.ch.SocketChannelImpl.finishConnect(SocketChannelImpl.java:717)
	at org.apache.ratis.thirdparty.io.netty.channel.socket.nio.NioSocketChannel.doFinishConnect(NioSocketChannel.java:327)
	at org.apache.ratis.thirdparty.io.netty.channel.nio.AbstractNioChannel$AbstractNioUnsafe.finishConnect(AbstractNioChannel.java:340)
	at org.apache.ratis.thirdparty.io.netty.channel.nio.NioEventLoop.processSelectedKey(NioEventLoop.java:632)
	at org.apache.ratis.thirdparty.io.netty.channel.nio.NioEventLoop.processSelectedKeysOptimized(NioEventLoop.java:579)
	at org.apache.ratis.thirdparty.io.netty.channel.nio.NioEventLoop.processSelectedKeys(NioEventLoop.java:496)
	at org.apache.ratis.thirdparty.io.netty.channel.nio.NioEventLoop.run(NioEventLoop.java:458)
	at org.apache.ratis.thirdparty.io.netty.util.concurrent.SingleThreadEventExecutor$5.run(SingleThreadEventExecutor.java:897)
	at org.apache.ratis.thirdparty.io.netty.util.concurrent.FastThreadLocalRunnable.run(FastThreadLocalRunnable.java:30)
	... 1 more
Caused by: java.net.ConnectException: Connection refused
	... 11 more
2019-10-18 07:14:57,373 [grpc-default-executor-2] INFO  impl.RaftServerImpl (RaftServerImpl.java:setRole(184)) - 988115cd-21c9-4558-b198-f2cedd98ccf3@group-20BE3FF63202: changes role from  FOLLOWER to FOLLOWER at term 321 for recognizeCandidate:c52c3de9-0ed1-4f2b-ba1d-f317ceeb0ceb
2019-10-18 07:14:57,374 [grpc-default-executor-2] INFO  impl.RoleInfo (RoleInfo.java:shutdownFollowerState(121)) - 988115cd-21c9-4558-b198-f2cedd98ccf3: shutdown FollowerState
2019-10-18 07:14:57,374 [grpc-default-executor-2] INFO  impl.RoleInfo (RoleInfo.java:updateAndGet(143)) - 988115cd-21c9-4558-b198-f2cedd98ccf3: start FollowerState
2019-10-18 07:14:57,374 [Thread-2260] INFO  impl.FollowerState (FollowerState.java:run(117)) - 988115cd-21c9-4558-b198-f2cedd98ccf3@group-20BE3FF63202-FollowerState was interrupted: java.lang.InterruptedException: sleep interrupted
2019-10-18 07:14:57,394 [c52c3de9-0ed1-4f2b-ba1d-f317ceeb0ceb@group-20BE3FF63202-LeaderElection272] INFO  impl.LeaderElection (LeaderElection.java:logAndReturn(56)) - c52c3de9-0ed1-4f2b-ba1d-f317ceeb0ceb@group-20BE3FF63202-LeaderElection272: Election REJECTED; received 1 response(s) [c52c3de9-0ed1-4f2b-ba1d-f317ceeb0ceb<-988115cd-21c9-4558-b198-f2cedd98ccf3#0:FAIL-t321] and 1 exception(s); c52c3de9-0ed1-4f2b-ba1d-f317ceeb0ceb@group-20BE3FF63202:t321, leader=null, voted=c52c3de9-0ed1-4f2b-ba1d-f317ceeb0ceb, raftlog=c52c3de9-0ed1-4f2b-ba1d-f317ceeb0ceb@group-20BE3FF63202-SegmentedRaftLog:OPENED:c-1,f-1,i0, conf=-1: [24274e9f-e41f-4654-9afc-a783ca44e44b:192.168.69.67:35902, 988115cd-21c9-4558-b198-f2cedd98ccf3:192.168.69.67:44208, c52c3de9-0ed1-4f2b-ba1d-f317ceeb0ceb:192.168.69.67:37615], old=null
2019-10-18 07:14:57,394 [c52c3de9-0ed1-4f2b-ba1d-f317ceeb0ceb@group-20BE3FF63202-LeaderElection272] INFO  impl.LeaderElection (LogUtils.java:infoOrTrace(149)) -   Exception 0: {}
java.util.concurrent.ExecutionException: org.apache.ratis.thirdparty.io.grpc.StatusRuntimeException: UNAVAILABLE: io exception
	at java.util.concurrent.FutureTask.report(FutureTask.java:122)
	at java.util.concurrent.FutureTask.get(FutureTask.java:192)
	at org.apache.ratis.server.impl.LeaderElection.waitForResults(LeaderElection.java:259)
	at org.apache.ratis.server.impl.LeaderElection.askForVotes(LeaderElection.java:197)
	at org.apache.ratis.server.impl.LeaderElection.run(LeaderElection.java:133)
	at java.lang.Thread.run(Thread.java:748)
Caused by: org.apache.ratis.thirdparty.io.grpc.StatusRuntimeException: UNAVAILABLE: io exception
	at org.apache.ratis.thirdparty.io.grpc.stub.ClientCalls.toStatusRuntimeException(ClientCalls.java:233)
	at org.apache.ratis.thirdparty.io.grpc.stub.ClientCalls.getUnchecked(ClientCalls.java:214)
	at org.apache.ratis.thirdparty.io.grpc.stub.ClientCalls.blockingUnaryCall(ClientCalls.java:139)
	at org.apache.ratis.proto.grpc.RaftServerProtocolServiceGrpc$RaftServerProtocolServiceBlockingStub.requestVote(RaftServerProtocolServiceGrpc.java:265)
	at org.apache.ratis.grpc.server.GrpcServerProtocolClient.requestVote(GrpcServerProtocolClient.java:99)
	at org.apache.ratis.grpc.server.GrpcService.requestVote(GrpcService.java:204)
	at org.apache.ratis.server.impl.LeaderElection.lambda$submitRequests$1(LeaderElection.java:234)
	at java.util.concurrent.FutureTask.run(FutureTask.java:266)
	at java.util.concurrent.Executors$RunnableAdapter.call(Executors.java:511)
	at java.util.concurrent.FutureTask.run(FutureTask.java:266)
	at java.util.concurrent.ThreadPoolExecutor.runWorker(ThreadPoolExecutor.java:1149)
	at java.util.concurrent.ThreadPoolExecutor$Worker.run(ThreadPoolExecutor.java:624)
	... 1 more
Caused by: org.apache.ratis.thirdparty.io.netty.channel.AbstractChannel$AnnotatedConnectException: Connection refused: /192.168.69.67:35902
	at sun.nio.ch.SocketChannelImpl.checkConnect(Native Method)
	at sun.nio.ch.SocketChannelImpl.finishConnect(SocketChannelImpl.java:717)
	at org.apache.ratis.thirdparty.io.netty.channel.socket.nio.NioSocketChannel.doFinishConnect(NioSocketChannel.java:327)
	at org.apache.ratis.thirdparty.io.netty.channel.nio.AbstractNioChannel$AbstractNioUnsafe.finishConnect(AbstractNioChannel.java:340)
	at org.apache.ratis.thirdparty.io.netty.channel.nio.NioEventLoop.processSelectedKey(NioEventLoop.java:632)
	at org.apache.ratis.thirdparty.io.netty.channel.nio.NioEventLoop.processSelectedKeysOptimized(NioEventLoop.java:579)
	at org.apache.ratis.thirdparty.io.netty.channel.nio.NioEventLoop.processSelectedKeys(NioEventLoop.java:496)
	at org.apache.ratis.thirdparty.io.netty.channel.nio.NioEventLoop.run(NioEventLoop.java:458)
	at org.apache.ratis.thirdparty.io.netty.util.concurrent.SingleThreadEventExecutor$5.run(SingleThreadEventExecutor.java:897)
	at org.apache.ratis.thirdparty.io.netty.util.concurrent.FastThreadLocalRunnable.run(FastThreadLocalRunnable.java:30)
	... 1 more
Caused by: java.net.ConnectException: Connection refused
	... 11 more
2019-10-18 07:14:57,395 [c52c3de9-0ed1-4f2b-ba1d-f317ceeb0ceb@group-20BE3FF63202-LeaderElection272] INFO  impl.RaftServerImpl (RaftServerImpl.java:setRole(184)) - c52c3de9-0ed1-4f2b-ba1d-f317ceeb0ceb@group-20BE3FF63202: changes role from CANDIDATE to FOLLOWER at term 321 for DISCOVERED_A_NEW_TERM
2019-10-18 07:14:57,395 [c52c3de9-0ed1-4f2b-ba1d-f317ceeb0ceb@group-20BE3FF63202-LeaderElection272] INFO  impl.RoleInfo (RoleInfo.java:shutdownLeaderElection(134)) - c52c3de9-0ed1-4f2b-ba1d-f317ceeb0ceb: shutdown LeaderElection
2019-10-18 07:14:57,395 [c52c3de9-0ed1-4f2b-ba1d-f317ceeb0ceb@group-20BE3FF63202-LeaderElection272] INFO  impl.RoleInfo (RoleInfo.java:updateAndGet(143)) - c52c3de9-0ed1-4f2b-ba1d-f317ceeb0ceb: start FollowerState
2019-10-18 07:14:57,511 [Thread-2264] INFO  impl.FollowerState (FollowerState.java:run(108)) - c52c3de9-0ed1-4f2b-ba1d-f317ceeb0ceb@group-20BE3FF63202-FollowerState: change to CANDIDATE, lastRpcTime:115ms, electionTimeout:115ms
2019-10-18 07:14:57,511 [Thread-2264] INFO  impl.RoleInfo (RoleInfo.java:shutdownFollowerState(121)) - c52c3de9-0ed1-4f2b-ba1d-f317ceeb0ceb: shutdown FollowerState
2019-10-18 07:14:57,511 [Thread-2264] INFO  impl.RaftServerImpl (RaftServerImpl.java:setRole(184)) - c52c3de9-0ed1-4f2b-ba1d-f317ceeb0ceb@group-20BE3FF63202: changes role from  FOLLOWER to CANDIDATE at term 321 for changeToCandidate
2019-10-18 07:14:57,512 [Thread-2264] INFO  impl.RoleInfo (RoleInfo.java:updateAndGet(143)) - c52c3de9-0ed1-4f2b-ba1d-f317ceeb0ceb: start LeaderElection
2019-10-18 07:14:57,521 [c52c3de9-0ed1-4f2b-ba1d-f317ceeb0ceb@group-20BE3FF63202-LeaderElection273] INFO  impl.LeaderElection (LeaderElection.java:askForVotes(178)) - c52c3de9-0ed1-4f2b-ba1d-f317ceeb0ceb@group-20BE3FF63202-LeaderElection273: begin an election at term 322 for -1: [24274e9f-e41f-4654-9afc-a783ca44e44b:192.168.69.67:35902, 988115cd-21c9-4558-b198-f2cedd98ccf3:192.168.69.67:44208, c52c3de9-0ed1-4f2b-ba1d-f317ceeb0ceb:192.168.69.67:37615], old=null
2019-10-18 07:14:57,523 [c52c3de9-0ed1-4f2b-ba1d-f317ceeb0ceb@group-20BE3FF63202-LeaderElection273] INFO  impl.LeaderElection (LogUtils.java:infoOrTrace(149)) - c52c3de9-0ed1-4f2b-ba1d-f317ceeb0ceb@group-20BE3FF63202-LeaderElection273 got exception when requesting votes: {}
java.util.concurrent.ExecutionException: org.apache.ratis.thirdparty.io.grpc.StatusRuntimeException: UNAVAILABLE: io exception
	at java.util.concurrent.FutureTask.report(FutureTask.java:122)
	at java.util.concurrent.FutureTask.get(FutureTask.java:192)
	at org.apache.ratis.server.impl.LeaderElection.waitForResults(LeaderElection.java:259)
	at org.apache.ratis.server.impl.LeaderElection.askForVotes(LeaderElection.java:197)
	at org.apache.ratis.server.impl.LeaderElection.run(LeaderElection.java:133)
	at java.lang.Thread.run(Thread.java:748)
Caused by: org.apache.ratis.thirdparty.io.grpc.StatusRuntimeException: UNAVAILABLE: io exception
	at org.apache.ratis.thirdparty.io.grpc.stub.ClientCalls.toStatusRuntimeException(ClientCalls.java:233)
	at org.apache.ratis.thirdparty.io.grpc.stub.ClientCalls.getUnchecked(ClientCalls.java:214)
	at org.apache.ratis.thirdparty.io.grpc.stub.ClientCalls.blockingUnaryCall(ClientCalls.java:139)
	at org.apache.ratis.proto.grpc.RaftServerProtocolServiceGrpc$RaftServerProtocolServiceBlockingStub.requestVote(RaftServerProtocolServiceGrpc.java:265)
	at org.apache.ratis.grpc.server.GrpcServerProtocolClient.requestVote(GrpcServerProtocolClient.java:99)
	at org.apache.ratis.grpc.server.GrpcService.requestVote(GrpcService.java:204)
	at org.apache.ratis.server.impl.LeaderElection.lambda$submitRequests$1(LeaderElection.java:234)
	at java.util.concurrent.FutureTask.run(FutureTask.java:266)
	at java.util.concurrent.Executors$RunnableAdapter.call(Executors.java:511)
	at java.util.concurrent.FutureTask.run(FutureTask.java:266)
	at java.util.concurrent.ThreadPoolExecutor.runWorker(ThreadPoolExecutor.java:1149)
	at java.util.concurrent.ThreadPoolExecutor$Worker.run(ThreadPoolExecutor.java:624)
	... 1 more
Caused by: org.apache.ratis.thirdparty.io.netty.channel.AbstractChannel$AnnotatedConnectException: Connection refused: /192.168.69.67:35902
	at sun.nio.ch.SocketChannelImpl.checkConnect(Native Method)
	at sun.nio.ch.SocketChannelImpl.finishConnect(SocketChannelImpl.java:717)
	at org.apache.ratis.thirdparty.io.netty.channel.socket.nio.NioSocketChannel.doFinishConnect(NioSocketChannel.java:327)
	at org.apache.ratis.thirdparty.io.netty.channel.nio.AbstractNioChannel$AbstractNioUnsafe.finishConnect(AbstractNioChannel.java:340)
	at org.apache.ratis.thirdparty.io.netty.channel.nio.NioEventLoop.processSelectedKey(NioEventLoop.java:632)
	at org.apache.ratis.thirdparty.io.netty.channel.nio.NioEventLoop.processSelectedKeysOptimized(NioEventLoop.java:579)
	at org.apache.ratis.thirdparty.io.netty.channel.nio.NioEventLoop.processSelectedKeys(NioEventLoop.java:496)
	at org.apache.ratis.thirdparty.io.netty.channel.nio.NioEventLoop.run(NioEventLoop.java:458)
	at org.apache.ratis.thirdparty.io.netty.util.concurrent.SingleThreadEventExecutor$5.run(SingleThreadEventExecutor.java:897)
	at org.apache.ratis.thirdparty.io.netty.util.concurrent.FastThreadLocalRunnable.run(FastThreadLocalRunnable.java:30)
	... 1 more
Caused by: java.net.ConnectException: Connection refused
	... 11 more
2019-10-18 07:14:57,527 [grpc-default-executor-2] INFO  impl.RaftServerImpl (RaftServerImpl.java:setRole(184)) - 988115cd-21c9-4558-b198-f2cedd98ccf3@group-20BE3FF63202: changes role from  FOLLOWER to FOLLOWER at term 322 for recognizeCandidate:c52c3de9-0ed1-4f2b-ba1d-f317ceeb0ceb
2019-10-18 07:14:57,527 [grpc-default-executor-2] INFO  impl.RoleInfo (RoleInfo.java:shutdownFollowerState(121)) - 988115cd-21c9-4558-b198-f2cedd98ccf3: shutdown FollowerState
2019-10-18 07:14:57,527 [grpc-default-executor-2] INFO  impl.RoleInfo (RoleInfo.java:updateAndGet(143)) - 988115cd-21c9-4558-b198-f2cedd98ccf3: start FollowerState
2019-10-18 07:14:57,527 [Thread-2263] INFO  impl.FollowerState (FollowerState.java:run(117)) - 988115cd-21c9-4558-b198-f2cedd98ccf3@group-20BE3FF63202-FollowerState was interrupted: java.lang.InterruptedException: sleep interrupted
2019-10-18 07:14:57,536 [c52c3de9-0ed1-4f2b-ba1d-f317ceeb0ceb@group-20BE3FF63202-LeaderElection273] INFO  impl.LeaderElection (LeaderElection.java:logAndReturn(56)) - c52c3de9-0ed1-4f2b-ba1d-f317ceeb0ceb@group-20BE3FF63202-LeaderElection273: Election REJECTED; received 1 response(s) [c52c3de9-0ed1-4f2b-ba1d-f317ceeb0ceb<-988115cd-21c9-4558-b198-f2cedd98ccf3#0:FAIL-t322] and 1 exception(s); c52c3de9-0ed1-4f2b-ba1d-f317ceeb0ceb@group-20BE3FF63202:t322, leader=null, voted=c52c3de9-0ed1-4f2b-ba1d-f317ceeb0ceb, raftlog=c52c3de9-0ed1-4f2b-ba1d-f317ceeb0ceb@group-20BE3FF63202-SegmentedRaftLog:OPENED:c-1,f-1,i0, conf=-1: [24274e9f-e41f-4654-9afc-a783ca44e44b:192.168.69.67:35902, 988115cd-21c9-4558-b198-f2cedd98ccf3:192.168.69.67:44208, c52c3de9-0ed1-4f2b-ba1d-f317ceeb0ceb:192.168.69.67:37615], old=null
2019-10-18 07:14:57,536 [c52c3de9-0ed1-4f2b-ba1d-f317ceeb0ceb@group-20BE3FF63202-LeaderElection273] INFO  impl.LeaderElection (LogUtils.java:infoOrTrace(149)) -   Exception 0: {}
java.util.concurrent.ExecutionException: org.apache.ratis.thirdparty.io.grpc.StatusRuntimeException: UNAVAILABLE: io exception
	at java.util.concurrent.FutureTask.report(FutureTask.java:122)
	at java.util.concurrent.FutureTask.get(FutureTask.java:192)
	at org.apache.ratis.server.impl.LeaderElection.waitForResults(LeaderElection.java:259)
	at org.apache.ratis.server.impl.LeaderElection.askForVotes(LeaderElection.java:197)
	at org.apache.ratis.server.impl.LeaderElection.run(LeaderElection.java:133)
	at java.lang.Thread.run(Thread.java:748)
Caused by: org.apache.ratis.thirdparty.io.grpc.StatusRuntimeException: UNAVAILABLE: io exception
	at org.apache.ratis.thirdparty.io.grpc.stub.ClientCalls.toStatusRuntimeException(ClientCalls.java:233)
	at org.apache.ratis.thirdparty.io.grpc.stub.ClientCalls.getUnchecked(ClientCalls.java:214)
	at org.apache.ratis.thirdparty.io.grpc.stub.ClientCalls.blockingUnaryCall(ClientCalls.java:139)
	at org.apache.ratis.proto.grpc.RaftServerProtocolServiceGrpc$RaftServerProtocolServiceBlockingStub.requestVote(RaftServerProtocolServiceGrpc.java:265)
	at org.apache.ratis.grpc.server.GrpcServerProtocolClient.requestVote(GrpcServerProtocolClient.java:99)
	at org.apache.ratis.grpc.server.GrpcService.requestVote(GrpcService.java:204)
	at org.apache.ratis.server.impl.LeaderElection.lambda$submitRequests$1(LeaderElection.java:234)
	at java.util.concurrent.FutureTask.run(FutureTask.java:266)
	at java.util.concurrent.Executors$RunnableAdapter.call(Executors.java:511)
	at java.util.concurrent.FutureTask.run(FutureTask.java:266)
	at java.util.concurrent.ThreadPoolExecutor.runWorker(ThreadPoolExecutor.java:1149)
	at java.util.concurrent.ThreadPoolExecutor$Worker.run(ThreadPoolExecutor.java:624)
	... 1 more
Caused by: org.apache.ratis.thirdparty.io.netty.channel.AbstractChannel$AnnotatedConnectException: Connection refused: /192.168.69.67:35902
	at sun.nio.ch.SocketChannelImpl.checkConnect(Native Method)
	at sun.nio.ch.SocketChannelImpl.finishConnect(SocketChannelImpl.java:717)
	at org.apache.ratis.thirdparty.io.netty.channel.socket.nio.NioSocketChannel.doFinishConnect(NioSocketChannel.java:327)
	at org.apache.ratis.thirdparty.io.netty.channel.nio.AbstractNioChannel$AbstractNioUnsafe.finishConnect(AbstractNioChannel.java:340)
	at org.apache.ratis.thirdparty.io.netty.channel.nio.NioEventLoop.processSelectedKey(NioEventLoop.java:632)
	at org.apache.ratis.thirdparty.io.netty.channel.nio.NioEventLoop.processSelectedKeysOptimized(NioEventLoop.java:579)
	at org.apache.ratis.thirdparty.io.netty.channel.nio.NioEventLoop.processSelectedKeys(NioEventLoop.java:496)
	at org.apache.ratis.thirdparty.io.netty.channel.nio.NioEventLoop.run(NioEventLoop.java:458)
	at org.apache.ratis.thirdparty.io.netty.util.concurrent.SingleThreadEventExecutor$5.run(SingleThreadEventExecutor.java:897)
	at org.apache.ratis.thirdparty.io.netty.util.concurrent.FastThreadLocalRunnable.run(FastThreadLocalRunnable.java:30)
	... 1 more
Caused by: java.net.ConnectException: Connection refused
	... 11 more
2019-10-18 07:14:57,537 [c52c3de9-0ed1-4f2b-ba1d-f317ceeb0ceb@group-20BE3FF63202-LeaderElection273] INFO  impl.RaftServerImpl (RaftServerImpl.java:setRole(184)) - c52c3de9-0ed1-4f2b-ba1d-f317ceeb0ceb@group-20BE3FF63202: changes role from CANDIDATE to FOLLOWER at term 322 for DISCOVERED_A_NEW_TERM
2019-10-18 07:14:57,537 [c52c3de9-0ed1-4f2b-ba1d-f317ceeb0ceb@group-20BE3FF63202-LeaderElection273] INFO  impl.RoleInfo (RoleInfo.java:shutdownLeaderElection(134)) - c52c3de9-0ed1-4f2b-ba1d-f317ceeb0ceb: shutdown LeaderElection
2019-10-18 07:14:57,537 [c52c3de9-0ed1-4f2b-ba1d-f317ceeb0ceb@group-20BE3FF63202-LeaderElection273] INFO  impl.RoleInfo (RoleInfo.java:updateAndGet(143)) - c52c3de9-0ed1-4f2b-ba1d-f317ceeb0ceb: start FollowerState
2019-10-18 07:14:57,697 [Thread-2269] INFO  impl.FollowerState (FollowerState.java:run(108)) - c52c3de9-0ed1-4f2b-ba1d-f317ceeb0ceb@group-20BE3FF63202-FollowerState: change to CANDIDATE, lastRpcTime:159ms, electionTimeout:159ms
2019-10-18 07:14:57,697 [Thread-2269] INFO  impl.RoleInfo (RoleInfo.java:shutdownFollowerState(121)) - c52c3de9-0ed1-4f2b-ba1d-f317ceeb0ceb: shutdown FollowerState
2019-10-18 07:14:57,697 [Thread-2269] INFO  impl.RaftServerImpl (RaftServerImpl.java:setRole(184)) - c52c3de9-0ed1-4f2b-ba1d-f317ceeb0ceb@group-20BE3FF63202: changes role from  FOLLOWER to CANDIDATE at term 322 for changeToCandidate
2019-10-18 07:14:57,697 [Thread-2269] INFO  impl.RoleInfo (RoleInfo.java:updateAndGet(143)) - c52c3de9-0ed1-4f2b-ba1d-f317ceeb0ceb: start LeaderElection
2019-10-18 07:14:57,713 [c52c3de9-0ed1-4f2b-ba1d-f317ceeb0ceb@group-20BE3FF63202-LeaderElection274] INFO  impl.LeaderElection (LeaderElection.java:askForVotes(178)) - c52c3de9-0ed1-4f2b-ba1d-f317ceeb0ceb@group-20BE3FF63202-LeaderElection274: begin an election at term 323 for -1: [24274e9f-e41f-4654-9afc-a783ca44e44b:192.168.69.67:35902, 988115cd-21c9-4558-b198-f2cedd98ccf3:192.168.69.67:44208, c52c3de9-0ed1-4f2b-ba1d-f317ceeb0ceb:192.168.69.67:37615], old=null
2019-10-18 07:14:57,714 [c52c3de9-0ed1-4f2b-ba1d-f317ceeb0ceb@group-20BE3FF63202-LeaderElection274] INFO  impl.LeaderElection (LogUtils.java:infoOrTrace(149)) - c52c3de9-0ed1-4f2b-ba1d-f317ceeb0ceb@group-20BE3FF63202-LeaderElection274 got exception when requesting votes: {}
java.util.concurrent.ExecutionException: org.apache.ratis.thirdparty.io.grpc.StatusRuntimeException: UNAVAILABLE: io exception
	at java.util.concurrent.FutureTask.report(FutureTask.java:122)
	at java.util.concurrent.FutureTask.get(FutureTask.java:192)
	at org.apache.ratis.server.impl.LeaderElection.waitForResults(LeaderElection.java:259)
	at org.apache.ratis.server.impl.LeaderElection.askForVotes(LeaderElection.java:197)
	at org.apache.ratis.server.impl.LeaderElection.run(LeaderElection.java:133)
	at java.lang.Thread.run(Thread.java:748)
Caused by: org.apache.ratis.thirdparty.io.grpc.StatusRuntimeException: UNAVAILABLE: io exception
	at org.apache.ratis.thirdparty.io.grpc.stub.ClientCalls.toStatusRuntimeException(ClientCalls.java:233)
	at org.apache.ratis.thirdparty.io.grpc.stub.ClientCalls.getUnchecked(ClientCalls.java:214)
	at org.apache.ratis.thirdparty.io.grpc.stub.ClientCalls.blockingUnaryCall(ClientCalls.java:139)
	at org.apache.ratis.proto.grpc.RaftServerProtocolServiceGrpc$RaftServerProtocolServiceBlockingStub.requestVote(RaftServerProtocolServiceGrpc.java:265)
	at org.apache.ratis.grpc.server.GrpcServerProtocolClient.requestVote(GrpcServerProtocolClient.java:99)
	at org.apache.ratis.grpc.server.GrpcService.requestVote(GrpcService.java:204)
	at org.apache.ratis.server.impl.LeaderElection.lambda$submitRequests$1(LeaderElection.java:234)
	at java.util.concurrent.FutureTask.run(FutureTask.java:266)
	at java.util.concurrent.Executors$RunnableAdapter.call(Executors.java:511)
	at java.util.concurrent.FutureTask.run(FutureTask.java:266)
	at java.util.concurrent.ThreadPoolExecutor.runWorker(ThreadPoolExecutor.java:1149)
	at java.util.concurrent.ThreadPoolExecutor$Worker.run(ThreadPoolExecutor.java:624)
	... 1 more
Caused by: org.apache.ratis.thirdparty.io.netty.channel.AbstractChannel$AnnotatedConnectException: Connection refused: /192.168.69.67:35902
	at sun.nio.ch.SocketChannelImpl.checkConnect(Native Method)
	at sun.nio.ch.SocketChannelImpl.finishConnect(SocketChannelImpl.java:717)
	at org.apache.ratis.thirdparty.io.netty.channel.socket.nio.NioSocketChannel.doFinishConnect(NioSocketChannel.java:327)
	at org.apache.ratis.thirdparty.io.netty.channel.nio.AbstractNioChannel$AbstractNioUnsafe.finishConnect(AbstractNioChannel.java:340)
	at org.apache.ratis.thirdparty.io.netty.channel.nio.NioEventLoop.processSelectedKey(NioEventLoop.java:632)
	at org.apache.ratis.thirdparty.io.netty.channel.nio.NioEventLoop.processSelectedKeysOptimized(NioEventLoop.java:579)
	at org.apache.ratis.thirdparty.io.netty.channel.nio.NioEventLoop.processSelectedKeys(NioEventLoop.java:496)
	at org.apache.ratis.thirdparty.io.netty.channel.nio.NioEventLoop.run(NioEventLoop.java:458)
	at org.apache.ratis.thirdparty.io.netty.util.concurrent.SingleThreadEventExecutor$5.run(SingleThreadEventExecutor.java:897)
	at org.apache.ratis.thirdparty.io.netty.util.concurrent.FastThreadLocalRunnable.run(FastThreadLocalRunnable.java:30)
	... 1 more
Caused by: java.net.ConnectException: Connection refused
	... 11 more
2019-10-18 07:14:57,718 [grpc-default-executor-2] INFO  impl.RaftServerImpl (RaftServerImpl.java:setRole(184)) - 988115cd-21c9-4558-b198-f2cedd98ccf3@group-20BE3FF63202: changes role from  FOLLOWER to FOLLOWER at term 323 for recognizeCandidate:c52c3de9-0ed1-4f2b-ba1d-f317ceeb0ceb
2019-10-18 07:14:57,718 [grpc-default-executor-2] INFO  impl.RoleInfo (RoleInfo.java:shutdownFollowerState(121)) - 988115cd-21c9-4558-b198-f2cedd98ccf3: shutdown FollowerState
2019-10-18 07:14:57,718 [grpc-default-executor-2] INFO  impl.RoleInfo (RoleInfo.java:updateAndGet(143)) - 988115cd-21c9-4558-b198-f2cedd98ccf3: start FollowerState
2019-10-18 07:14:57,718 [Thread-2268] INFO  impl.FollowerState (FollowerState.java:run(117)) - 988115cd-21c9-4558-b198-f2cedd98ccf3@group-20BE3FF63202-FollowerState was interrupted: java.lang.InterruptedException: sleep interrupted
2019-10-18 07:14:57,727 [c52c3de9-0ed1-4f2b-ba1d-f317ceeb0ceb@group-20BE3FF63202-LeaderElection274] INFO  impl.LeaderElection (LeaderElection.java:logAndReturn(56)) - c52c3de9-0ed1-4f2b-ba1d-f317ceeb0ceb@group-20BE3FF63202-LeaderElection274: Election REJECTED; received 1 response(s) [c52c3de9-0ed1-4f2b-ba1d-f317ceeb0ceb<-988115cd-21c9-4558-b198-f2cedd98ccf3#0:FAIL-t323] and 1 exception(s); c52c3de9-0ed1-4f2b-ba1d-f317ceeb0ceb@group-20BE3FF63202:t323, leader=null, voted=c52c3de9-0ed1-4f2b-ba1d-f317ceeb0ceb, raftlog=c52c3de9-0ed1-4f2b-ba1d-f317ceeb0ceb@group-20BE3FF63202-SegmentedRaftLog:OPENED:c-1,f-1,i0, conf=-1: [24274e9f-e41f-4654-9afc-a783ca44e44b:192.168.69.67:35902, 988115cd-21c9-4558-b198-f2cedd98ccf3:192.168.69.67:44208, c52c3de9-0ed1-4f2b-ba1d-f317ceeb0ceb:192.168.69.67:37615], old=null
2019-10-18 07:14:57,727 [c52c3de9-0ed1-4f2b-ba1d-f317ceeb0ceb@group-20BE3FF63202-LeaderElection274] INFO  impl.LeaderElection (LogUtils.java:infoOrTrace(149)) -   Exception 0: {}
java.util.concurrent.ExecutionException: org.apache.ratis.thirdparty.io.grpc.StatusRuntimeException: UNAVAILABLE: io exception
	at java.util.concurrent.FutureTask.report(FutureTask.java:122)
	at java.util.concurrent.FutureTask.get(FutureTask.java:192)
	at org.apache.ratis.server.impl.LeaderElection.waitForResults(LeaderElection.java:259)
	at org.apache.ratis.server.impl.LeaderElection.askForVotes(LeaderElection.java:197)
	at org.apache.ratis.server.impl.LeaderElection.run(LeaderElection.java:133)
	at java.lang.Thread.run(Thread.java:748)
Caused by: org.apache.ratis.thirdparty.io.grpc.StatusRuntimeException: UNAVAILABLE: io exception
	at org.apache.ratis.thirdparty.io.grpc.stub.ClientCalls.toStatusRuntimeException(ClientCalls.java:233)
	at org.apache.ratis.thirdparty.io.grpc.stub.ClientCalls.getUnchecked(ClientCalls.java:214)
	at org.apache.ratis.thirdparty.io.grpc.stub.ClientCalls.blockingUnaryCall(ClientCalls.java:139)
	at org.apache.ratis.proto.grpc.RaftServerProtocolServiceGrpc$RaftServerProtocolServiceBlockingStub.requestVote(RaftServerProtocolServiceGrpc.java:265)
	at org.apache.ratis.grpc.server.GrpcServerProtocolClient.requestVote(GrpcServerProtocolClient.java:99)
	at org.apache.ratis.grpc.server.GrpcService.requestVote(GrpcService.java:204)
	at org.apache.ratis.server.impl.LeaderElection.lambda$submitRequests$1(LeaderElection.java:234)
	at java.util.concurrent.FutureTask.run(FutureTask.java:266)
	at java.util.concurrent.Executors$RunnableAdapter.call(Executors.java:511)
	at java.util.concurrent.FutureTask.run(FutureTask.java:266)
	at java.util.concurrent.ThreadPoolExecutor.runWorker(ThreadPoolExecutor.java:1149)
	at java.util.concurrent.ThreadPoolExecutor$Worker.run(ThreadPoolExecutor.java:624)
	... 1 more
Caused by: org.apache.ratis.thirdparty.io.netty.channel.AbstractChannel$AnnotatedConnectException: Connection refused: /192.168.69.67:35902
	at sun.nio.ch.SocketChannelImpl.checkConnect(Native Method)
	at sun.nio.ch.SocketChannelImpl.finishConnect(SocketChannelImpl.java:717)
	at org.apache.ratis.thirdparty.io.netty.channel.socket.nio.NioSocketChannel.doFinishConnect(NioSocketChannel.java:327)
	at org.apache.ratis.thirdparty.io.netty.channel.nio.AbstractNioChannel$AbstractNioUnsafe.finishConnect(AbstractNioChannel.java:340)
	at org.apache.ratis.thirdparty.io.netty.channel.nio.NioEventLoop.processSelectedKey(NioEventLoop.java:632)
	at org.apache.ratis.thirdparty.io.netty.channel.nio.NioEventLoop.processSelectedKeysOptimized(NioEventLoop.java:579)
	at org.apache.ratis.thirdparty.io.netty.channel.nio.NioEventLoop.processSelectedKeys(NioEventLoop.java:496)
	at org.apache.ratis.thirdparty.io.netty.channel.nio.NioEventLoop.run(NioEventLoop.java:458)
	at org.apache.ratis.thirdparty.io.netty.util.concurrent.SingleThreadEventExecutor$5.run(SingleThreadEventExecutor.java:897)
	at org.apache.ratis.thirdparty.io.netty.util.concurrent.FastThreadLocalRunnable.run(FastThreadLocalRunnable.java:30)
	... 1 more
Caused by: java.net.ConnectException: Connection refused
	... 11 more
2019-10-18 07:14:57,728 [c52c3de9-0ed1-4f2b-ba1d-f317ceeb0ceb@group-20BE3FF63202-LeaderElection274] INFO  impl.RaftServerImpl (RaftServerImpl.java:setRole(184)) - c52c3de9-0ed1-4f2b-ba1d-f317ceeb0ceb@group-20BE3FF63202: changes role from CANDIDATE to FOLLOWER at term 323 for DISCOVERED_A_NEW_TERM
2019-10-18 07:14:57,728 [c52c3de9-0ed1-4f2b-ba1d-f317ceeb0ceb@group-20BE3FF63202-LeaderElection274] INFO  impl.RoleInfo (RoleInfo.java:shutdownLeaderElection(134)) - c52c3de9-0ed1-4f2b-ba1d-f317ceeb0ceb: shutdown LeaderElection
2019-10-18 07:14:57,728 [c52c3de9-0ed1-4f2b-ba1d-f317ceeb0ceb@group-20BE3FF63202-LeaderElection274] INFO  impl.RoleInfo (RoleInfo.java:updateAndGet(143)) - c52c3de9-0ed1-4f2b-ba1d-f317ceeb0ceb: start FollowerState
2019-10-18 07:14:57,862 [Thread-2274] INFO  impl.FollowerState (FollowerState.java:run(108)) - c52c3de9-0ed1-4f2b-ba1d-f317ceeb0ceb@group-20BE3FF63202-FollowerState: change to CANDIDATE, lastRpcTime:133ms, electionTimeout:133ms
2019-10-18 07:14:57,862 [Thread-2274] INFO  impl.RoleInfo (RoleInfo.java:shutdownFollowerState(121)) - c52c3de9-0ed1-4f2b-ba1d-f317ceeb0ceb: shutdown FollowerState
2019-10-18 07:14:57,862 [Thread-2274] INFO  impl.RaftServerImpl (RaftServerImpl.java:setRole(184)) - c52c3de9-0ed1-4f2b-ba1d-f317ceeb0ceb@group-20BE3FF63202: changes role from  FOLLOWER to CANDIDATE at term 323 for changeToCandidate
2019-10-18 07:14:57,862 [Thread-2274] INFO  impl.RoleInfo (RoleInfo.java:updateAndGet(143)) - c52c3de9-0ed1-4f2b-ba1d-f317ceeb0ceb: start LeaderElection
2019-10-18 07:14:57,874 [c52c3de9-0ed1-4f2b-ba1d-f317ceeb0ceb@group-20BE3FF63202-LeaderElection275] INFO  impl.LeaderElection (LeaderElection.java:askForVotes(178)) - c52c3de9-0ed1-4f2b-ba1d-f317ceeb0ceb@group-20BE3FF63202-LeaderElection275: begin an election at term 324 for -1: [24274e9f-e41f-4654-9afc-a783ca44e44b:192.168.69.67:35902, 988115cd-21c9-4558-b198-f2cedd98ccf3:192.168.69.67:44208, c52c3de9-0ed1-4f2b-ba1d-f317ceeb0ceb:192.168.69.67:37615], old=null
2019-10-18 07:14:57,875 [c52c3de9-0ed1-4f2b-ba1d-f317ceeb0ceb@group-20BE3FF63202-LeaderElection275] INFO  impl.LeaderElection (LogUtils.java:infoOrTrace(149)) - c52c3de9-0ed1-4f2b-ba1d-f317ceeb0ceb@group-20BE3FF63202-LeaderElection275 got exception when requesting votes: {}
java.util.concurrent.ExecutionException: org.apache.ratis.thirdparty.io.grpc.StatusRuntimeException: UNAVAILABLE: io exception
	at java.util.concurrent.FutureTask.report(FutureTask.java:122)
	at java.util.concurrent.FutureTask.get(FutureTask.java:192)
	at org.apache.ratis.server.impl.LeaderElection.waitForResults(LeaderElection.java:259)
	at org.apache.ratis.server.impl.LeaderElection.askForVotes(LeaderElection.java:197)
	at org.apache.ratis.server.impl.LeaderElection.run(LeaderElection.java:133)
	at java.lang.Thread.run(Thread.java:748)
Caused by: org.apache.ratis.thirdparty.io.grpc.StatusRuntimeException: UNAVAILABLE: io exception
	at org.apache.ratis.thirdparty.io.grpc.stub.ClientCalls.toStatusRuntimeException(ClientCalls.java:233)
	at org.apache.ratis.thirdparty.io.grpc.stub.ClientCalls.getUnchecked(ClientCalls.java:214)
	at org.apache.ratis.thirdparty.io.grpc.stub.ClientCalls.blockingUnaryCall(ClientCalls.java:139)
	at org.apache.ratis.proto.grpc.RaftServerProtocolServiceGrpc$RaftServerProtocolServiceBlockingStub.requestVote(RaftServerProtocolServiceGrpc.java:265)
	at org.apache.ratis.grpc.server.GrpcServerProtocolClient.requestVote(GrpcServerProtocolClient.java:99)
	at org.apache.ratis.grpc.server.GrpcService.requestVote(GrpcService.java:204)
	at org.apache.ratis.server.impl.LeaderElection.lambda$submitRequests$1(LeaderElection.java:234)
	at java.util.concurrent.FutureTask.run(FutureTask.java:266)
	at java.util.concurrent.Executors$RunnableAdapter.call(Executors.java:511)
	at java.util.concurrent.FutureTask.run(FutureTask.java:266)
	at java.util.concurrent.ThreadPoolExecutor.runWorker(ThreadPoolExecutor.java:1149)
	at java.util.concurrent.ThreadPoolExecutor$Worker.run(ThreadPoolExecutor.java:624)
	... 1 more
Caused by: org.apache.ratis.thirdparty.io.netty.channel.AbstractChannel$AnnotatedConnectException: Connection refused: /192.168.69.67:35902
	at sun.nio.ch.SocketChannelImpl.checkConnect(Native Method)
	at sun.nio.ch.SocketChannelImpl.finishConnect(SocketChannelImpl.java:717)
	at org.apache.ratis.thirdparty.io.netty.channel.socket.nio.NioSocketChannel.doFinishConnect(NioSocketChannel.java:327)
	at org.apache.ratis.thirdparty.io.netty.channel.nio.AbstractNioChannel$AbstractNioUnsafe.finishConnect(AbstractNioChannel.java:340)
	at org.apache.ratis.thirdparty.io.netty.channel.nio.NioEventLoop.processSelectedKey(NioEventLoop.java:632)
	at org.apache.ratis.thirdparty.io.netty.channel.nio.NioEventLoop.processSelectedKeysOptimized(NioEventLoop.java:579)
	at org.apache.ratis.thirdparty.io.netty.channel.nio.NioEventLoop.processSelectedKeys(NioEventLoop.java:496)
	at org.apache.ratis.thirdparty.io.netty.channel.nio.NioEventLoop.run(NioEventLoop.java:458)
	at org.apache.ratis.thirdparty.io.netty.util.concurrent.SingleThreadEventExecutor$5.run(SingleThreadEventExecutor.java:897)
	at org.apache.ratis.thirdparty.io.netty.util.concurrent.FastThreadLocalRunnable.run(FastThreadLocalRunnable.java:30)
	... 1 more
Caused by: java.net.ConnectException: Connection refused
	... 11 more
2019-10-18 07:14:57,879 [grpc-default-executor-2] INFO  impl.RaftServerImpl (RaftServerImpl.java:setRole(184)) - 988115cd-21c9-4558-b198-f2cedd98ccf3@group-20BE3FF63202: changes role from  FOLLOWER to FOLLOWER at term 324 for recognizeCandidate:c52c3de9-0ed1-4f2b-ba1d-f317ceeb0ceb
2019-10-18 07:14:57,879 [grpc-default-executor-2] INFO  impl.RoleInfo (RoleInfo.java:shutdownFollowerState(121)) - 988115cd-21c9-4558-b198-f2cedd98ccf3: shutdown FollowerState
2019-10-18 07:14:57,879 [grpc-default-executor-2] INFO  impl.RoleInfo (RoleInfo.java:updateAndGet(143)) - 988115cd-21c9-4558-b198-f2cedd98ccf3: start FollowerState
2019-10-18 07:14:57,879 [Thread-2273] INFO  impl.FollowerState (FollowerState.java:run(117)) - 988115cd-21c9-4558-b198-f2cedd98ccf3@group-20BE3FF63202-FollowerState was interrupted: java.lang.InterruptedException: sleep interrupted
2019-10-18 07:14:57,887 [c52c3de9-0ed1-4f2b-ba1d-f317ceeb0ceb@group-20BE3FF63202-LeaderElection275] INFO  impl.LeaderElection (LeaderElection.java:logAndReturn(56)) - c52c3de9-0ed1-4f2b-ba1d-f317ceeb0ceb@group-20BE3FF63202-LeaderElection275: Election REJECTED; received 1 response(s) [c52c3de9-0ed1-4f2b-ba1d-f317ceeb0ceb<-988115cd-21c9-4558-b198-f2cedd98ccf3#0:FAIL-t324] and 1 exception(s); c52c3de9-0ed1-4f2b-ba1d-f317ceeb0ceb@group-20BE3FF63202:t324, leader=null, voted=c52c3de9-0ed1-4f2b-ba1d-f317ceeb0ceb, raftlog=c52c3de9-0ed1-4f2b-ba1d-f317ceeb0ceb@group-20BE3FF63202-SegmentedRaftLog:OPENED:c-1,f-1,i0, conf=-1: [24274e9f-e41f-4654-9afc-a783ca44e44b:192.168.69.67:35902, 988115cd-21c9-4558-b198-f2cedd98ccf3:192.168.69.67:44208, c52c3de9-0ed1-4f2b-ba1d-f317ceeb0ceb:192.168.69.67:37615], old=null
2019-10-18 07:14:57,887 [c52c3de9-0ed1-4f2b-ba1d-f317ceeb0ceb@group-20BE3FF63202-LeaderElection275] INFO  impl.LeaderElection (LogUtils.java:infoOrTrace(149)) -   Exception 0: {}
java.util.concurrent.ExecutionException: org.apache.ratis.thirdparty.io.grpc.StatusRuntimeException: UNAVAILABLE: io exception
	at java.util.concurrent.FutureTask.report(FutureTask.java:122)
	at java.util.concurrent.FutureTask.get(FutureTask.java:192)
	at org.apache.ratis.server.impl.LeaderElection.waitForResults(LeaderElection.java:259)
	at org.apache.ratis.server.impl.LeaderElection.askForVotes(LeaderElection.java:197)
	at org.apache.ratis.server.impl.LeaderElection.run(LeaderElection.java:133)
	at java.lang.Thread.run(Thread.java:748)
Caused by: org.apache.ratis.thirdparty.io.grpc.StatusRuntimeException: UNAVAILABLE: io exception
	at org.apache.ratis.thirdparty.io.grpc.stub.ClientCalls.toStatusRuntimeException(ClientCalls.java:233)
	at org.apache.ratis.thirdparty.io.grpc.stub.ClientCalls.getUnchecked(ClientCalls.java:214)
	at org.apache.ratis.thirdparty.io.grpc.stub.ClientCalls.blockingUnaryCall(ClientCalls.java:139)
	at org.apache.ratis.proto.grpc.RaftServerProtocolServiceGrpc$RaftServerProtocolServiceBlockingStub.requestVote(RaftServerProtocolServiceGrpc.java:265)
	at org.apache.ratis.grpc.server.GrpcServerProtocolClient.requestVote(GrpcServerProtocolClient.java:99)
	at org.apache.ratis.grpc.server.GrpcService.requestVote(GrpcService.java:204)
	at org.apache.ratis.server.impl.LeaderElection.lambda$submitRequests$1(LeaderElection.java:234)
	at java.util.concurrent.FutureTask.run(FutureTask.java:266)
	at java.util.concurrent.Executors$RunnableAdapter.call(Executors.java:511)
	at java.util.concurrent.FutureTask.run(FutureTask.java:266)
	at java.util.concurrent.ThreadPoolExecutor.runWorker(ThreadPoolExecutor.java:1149)
	at java.util.concurrent.ThreadPoolExecutor$Worker.run(ThreadPoolExecutor.java:624)
	... 1 more
Caused by: org.apache.ratis.thirdparty.io.netty.channel.AbstractChannel$AnnotatedConnectException: Connection refused: /192.168.69.67:35902
	at sun.nio.ch.SocketChannelImpl.checkConnect(Native Method)
	at sun.nio.ch.SocketChannelImpl.finishConnect(SocketChannelImpl.java:717)
	at org.apache.ratis.thirdparty.io.netty.channel.socket.nio.NioSocketChannel.doFinishConnect(NioSocketChannel.java:327)
	at org.apache.ratis.thirdparty.io.netty.channel.nio.AbstractNioChannel$AbstractNioUnsafe.finishConnect(AbstractNioChannel.java:340)
	at org.apache.ratis.thirdparty.io.netty.channel.nio.NioEventLoop.processSelectedKey(NioEventLoop.java:632)
	at org.apache.ratis.thirdparty.io.netty.channel.nio.NioEventLoop.processSelectedKeysOptimized(NioEventLoop.java:579)
	at org.apache.ratis.thirdparty.io.netty.channel.nio.NioEventLoop.processSelectedKeys(NioEventLoop.java:496)
	at org.apache.ratis.thirdparty.io.netty.channel.nio.NioEventLoop.run(NioEventLoop.java:458)
	at org.apache.ratis.thirdparty.io.netty.util.concurrent.SingleThreadEventExecutor$5.run(SingleThreadEventExecutor.java:897)
	at org.apache.ratis.thirdparty.io.netty.util.concurrent.FastThreadLocalRunnable.run(FastThreadLocalRunnable.java:30)
	... 1 more
Caused by: java.net.ConnectException: Connection refused
	... 11 more
2019-10-18 07:14:57,887 [EventQueue-StaleNodeForStaleNodeHandler] INFO  node.StaleNodeHandler (StaleNodeHandler.java:onMessage(58)) - Datanode c52c3de9-0ed1-4f2b-ba1d-f317ceeb0ceb{ip: 192.168.69.67, host: pr-hdds-1868-wx8dl-4219780377, networkLocation: /default-rack, certSerialId: null} moved to stale state. Finalizing its pipelines [PipelineID=ec1fcde6-a599-4756-a64d-20be3ff63202, PipelineID=d7ba286b-3a78-4495-96a5-96b726d5aea2]
2019-10-18 07:14:57,887 [c52c3de9-0ed1-4f2b-ba1d-f317ceeb0ceb@group-20BE3FF63202-LeaderElection275] INFO  impl.RaftServerImpl (RaftServerImpl.java:setRole(184)) - c52c3de9-0ed1-4f2b-ba1d-f317ceeb0ceb@group-20BE3FF63202: changes role from CANDIDATE to FOLLOWER at term 324 for DISCOVERED_A_NEW_TERM
2019-10-18 07:14:57,888 [EventQueue-StaleNodeForStaleNodeHandler] INFO  pipeline.SCMPipelineManager (SCMPipelineManager.java:finalizeAndDestroyPipeline(315)) - destroying pipeline:Pipeline[ Id: ec1fcde6-a599-4756-a64d-20be3ff63202, Nodes: 988115cd-21c9-4558-b198-f2cedd98ccf3{ip: 192.168.69.67, host: pr-hdds-1868-wx8dl-4219780377, networkLocation: /default-rack, certSerialId: null}24274e9f-e41f-4654-9afc-a783ca44e44b{ip: 192.168.69.67, host: pr-hdds-1868-wx8dl-4219780377, networkLocation: /default-rack, certSerialId: null}c52c3de9-0ed1-4f2b-ba1d-f317ceeb0ceb{ip: 192.168.69.67, host: pr-hdds-1868-wx8dl-4219780377, networkLocation: /default-rack, certSerialId: null}, Type:RATIS, Factor:THREE, State:CLOSED]
2019-10-18 07:14:57,888 [c52c3de9-0ed1-4f2b-ba1d-f317ceeb0ceb@group-20BE3FF63202-LeaderElection275] INFO  impl.RoleInfo (RoleInfo.java:shutdownLeaderElection(134)) - c52c3de9-0ed1-4f2b-ba1d-f317ceeb0ceb: shutdown LeaderElection
2019-10-18 07:14:57,888 [c52c3de9-0ed1-4f2b-ba1d-f317ceeb0ceb@group-20BE3FF63202-LeaderElection275] INFO  impl.RoleInfo (RoleInfo.java:updateAndGet(143)) - c52c3de9-0ed1-4f2b-ba1d-f317ceeb0ceb: start FollowerState
2019-10-18 07:14:57,888 [EventQueue-StaleNodeForStaleNodeHandler] INFO  pipeline.SCMPipelineManager (SCMPipelineManager.java:finalizeAndDestroyPipeline(315)) - destroying pipeline:Pipeline[ Id: d7ba286b-3a78-4495-96a5-96b726d5aea2, Nodes: c52c3de9-0ed1-4f2b-ba1d-f317ceeb0ceb{ip: 192.168.69.67, host: pr-hdds-1868-wx8dl-4219780377, networkLocation: /default-rack, certSerialId: null}, Type:RATIS, Factor:ONE, State:OPEN]
2019-10-18 07:14:57,888 [EventQueue-StaleNodeForStaleNodeHandler] INFO  pipeline.PipelineStateManager (PipelineStateManager.java:finalizePipeline(121)) - Pipeline Pipeline[ Id: d7ba286b-3a78-4495-96a5-96b726d5aea2, Nodes: c52c3de9-0ed1-4f2b-ba1d-f317ceeb0ceb{ip: 192.168.69.67, host: pr-hdds-1868-wx8dl-4219780377, networkLocation: /default-rack, certSerialId: null}, Type:RATIS, Factor:ONE, State:CLOSED] moved to CLOSED state
2019-10-18 07:14:58,058 [Thread-2279] INFO  impl.FollowerState (FollowerState.java:run(108)) - c52c3de9-0ed1-4f2b-ba1d-f317ceeb0ceb@group-20BE3FF63202-FollowerState: change to CANDIDATE, lastRpcTime:170ms, electionTimeout:170ms
2019-10-18 07:14:58,059 [Thread-2279] INFO  impl.RoleInfo (RoleInfo.java:shutdownFollowerState(121)) - c52c3de9-0ed1-4f2b-ba1d-f317ceeb0ceb: shutdown FollowerState
2019-10-18 07:14:58,059 [Thread-2279] INFO  impl.RaftServerImpl (RaftServerImpl.java:setRole(184)) - c52c3de9-0ed1-4f2b-ba1d-f317ceeb0ceb@group-20BE3FF63202: changes role from  FOLLOWER to CANDIDATE at term 324 for changeToCandidate
2019-10-18 07:14:58,059 [Thread-2279] INFO  impl.RoleInfo (RoleInfo.java:updateAndGet(143)) - c52c3de9-0ed1-4f2b-ba1d-f317ceeb0ceb: start LeaderElection
2019-10-18 07:14:58,072 [c52c3de9-0ed1-4f2b-ba1d-f317ceeb0ceb@group-20BE3FF63202-LeaderElection276] INFO  impl.LeaderElection (LeaderElection.java:askForVotes(178)) - c52c3de9-0ed1-4f2b-ba1d-f317ceeb0ceb@group-20BE3FF63202-LeaderElection276: begin an election at term 325 for -1: [24274e9f-e41f-4654-9afc-a783ca44e44b:192.168.69.67:35902, 988115cd-21c9-4558-b198-f2cedd98ccf3:192.168.69.67:44208, c52c3de9-0ed1-4f2b-ba1d-f317ceeb0ceb:192.168.69.67:37615], old=null
2019-10-18 07:14:58,073 [c52c3de9-0ed1-4f2b-ba1d-f317ceeb0ceb@group-20BE3FF63202-LeaderElection276] INFO  impl.LeaderElection (LogUtils.java:infoOrTrace(149)) - c52c3de9-0ed1-4f2b-ba1d-f317ceeb0ceb@group-20BE3FF63202-LeaderElection276 got exception when requesting votes: {}
java.util.concurrent.ExecutionException: org.apache.ratis.thirdparty.io.grpc.StatusRuntimeException: UNAVAILABLE: io exception
	at java.util.concurrent.FutureTask.report(FutureTask.java:122)
	at java.util.concurrent.FutureTask.get(FutureTask.java:192)
	at org.apache.ratis.server.impl.LeaderElection.waitForResults(LeaderElection.java:259)
	at org.apache.ratis.server.impl.LeaderElection.askForVotes(LeaderElection.java:197)
	at org.apache.ratis.server.impl.LeaderElection.run(LeaderElection.java:133)
	at java.lang.Thread.run(Thread.java:748)
Caused by: org.apache.ratis.thirdparty.io.grpc.StatusRuntimeException: UNAVAILABLE: io exception
	at org.apache.ratis.thirdparty.io.grpc.stub.ClientCalls.toStatusRuntimeException(ClientCalls.java:233)
	at org.apache.ratis.thirdparty.io.grpc.stub.ClientCalls.getUnchecked(ClientCalls.java:214)
	at org.apache.ratis.thirdparty.io.grpc.stub.ClientCalls.blockingUnaryCall(ClientCalls.java:139)
	at org.apache.ratis.proto.grpc.RaftServerProtocolServiceGrpc$RaftServerProtocolServiceBlockingStub.requestVote(RaftServerProtocolServiceGrpc.java:265)
	at org.apache.ratis.grpc.server.GrpcServerProtocolClient.requestVote(GrpcServerProtocolClient.java:99)
	at org.apache.ratis.grpc.server.GrpcService.requestVote(GrpcService.java:204)
	at org.apache.ratis.server.impl.LeaderElection.lambda$submitRequests$1(LeaderElection.java:234)
	at java.util.concurrent.FutureTask.run(FutureTask.java:266)
	at java.util.concurrent.Executors$RunnableAdapter.call(Executors.java:511)
	at java.util.concurrent.FutureTask.run(FutureTask.java:266)
	at java.util.concurrent.ThreadPoolExecutor.runWorker(ThreadPoolExecutor.java:1149)
	at java.util.concurrent.ThreadPoolExecutor$Worker.run(ThreadPoolExecutor.java:624)
	... 1 more
Caused by: org.apache.ratis.thirdparty.io.netty.channel.AbstractChannel$AnnotatedConnectException: Connection refused: /192.168.69.67:35902
	at sun.nio.ch.SocketChannelImpl.checkConnect(Native Method)
	at sun.nio.ch.SocketChannelImpl.finishConnect(SocketChannelImpl.java:717)
	at org.apache.ratis.thirdparty.io.netty.channel.socket.nio.NioSocketChannel.doFinishConnect(NioSocketChannel.java:327)
	at org.apache.ratis.thirdparty.io.netty.channel.nio.AbstractNioChannel$AbstractNioUnsafe.finishConnect(AbstractNioChannel.java:340)
	at org.apache.ratis.thirdparty.io.netty.channel.nio.NioEventLoop.processSelectedKey(NioEventLoop.java:632)
	at org.apache.ratis.thirdparty.io.netty.channel.nio.NioEventLoop.processSelectedKeysOptimized(NioEventLoop.java:579)
	at org.apache.ratis.thirdparty.io.netty.channel.nio.NioEventLoop.processSelectedKeys(NioEventLoop.java:496)
	at org.apache.ratis.thirdparty.io.netty.channel.nio.NioEventLoop.run(NioEventLoop.java:458)
	at org.apache.ratis.thirdparty.io.netty.util.concurrent.SingleThreadEventExecutor$5.run(SingleThreadEventExecutor.java:897)
	at org.apache.ratis.thirdparty.io.netty.util.concurrent.FastThreadLocalRunnable.run(FastThreadLocalRunnable.java:30)
	... 1 more
Caused by: java.net.ConnectException: Connection refused
	... 11 more
2019-10-18 07:14:58,075 [grpc-default-executor-2] INFO  impl.RaftServerImpl (RaftServerImpl.java:setRole(184)) - 988115cd-21c9-4558-b198-f2cedd98ccf3@group-20BE3FF63202: changes role from  FOLLOWER to FOLLOWER at term 325 for recognizeCandidate:c52c3de9-0ed1-4f2b-ba1d-f317ceeb0ceb
2019-10-18 07:14:58,076 [grpc-default-executor-2] INFO  impl.RoleInfo (RoleInfo.java:shutdownFollowerState(121)) - 988115cd-21c9-4558-b198-f2cedd98ccf3: shutdown FollowerState
2019-10-18 07:14:58,076 [grpc-default-executor-2] INFO  impl.RoleInfo (RoleInfo.java:updateAndGet(143)) - 988115cd-21c9-4558-b198-f2cedd98ccf3: start FollowerState
2019-10-18 07:14:58,076 [Thread-2278] INFO  impl.FollowerState (FollowerState.java:run(117)) - 988115cd-21c9-4558-b198-f2cedd98ccf3@group-20BE3FF63202-FollowerState was interrupted: java.lang.InterruptedException: sleep interrupted
2019-10-18 07:14:58,089 [c52c3de9-0ed1-4f2b-ba1d-f317ceeb0ceb@group-20BE3FF63202-LeaderElection276] INFO  impl.LeaderElection (LeaderElection.java:logAndReturn(56)) - c52c3de9-0ed1-4f2b-ba1d-f317ceeb0ceb@group-20BE3FF63202-LeaderElection276: Election REJECTED; received 1 response(s) [c52c3de9-0ed1-4f2b-ba1d-f317ceeb0ceb<-988115cd-21c9-4558-b198-f2cedd98ccf3#0:FAIL-t325] and 1 exception(s); c52c3de9-0ed1-4f2b-ba1d-f317ceeb0ceb@group-20BE3FF63202:t325, leader=null, voted=c52c3de9-0ed1-4f2b-ba1d-f317ceeb0ceb, raftlog=c52c3de9-0ed1-4f2b-ba1d-f317ceeb0ceb@group-20BE3FF63202-SegmentedRaftLog:OPENED:c-1,f-1,i0, conf=-1: [24274e9f-e41f-4654-9afc-a783ca44e44b:192.168.69.67:35902, 988115cd-21c9-4558-b198-f2cedd98ccf3:192.168.69.67:44208, c52c3de9-0ed1-4f2b-ba1d-f317ceeb0ceb:192.168.69.67:37615], old=null
2019-10-18 07:14:58,089 [c52c3de9-0ed1-4f2b-ba1d-f317ceeb0ceb@group-20BE3FF63202-LeaderElection276] INFO  impl.LeaderElection (LogUtils.java:infoOrTrace(149)) -   Exception 0: {}
java.util.concurrent.ExecutionException: org.apache.ratis.thirdparty.io.grpc.StatusRuntimeException: UNAVAILABLE: io exception
	at java.util.concurrent.FutureTask.report(FutureTask.java:122)
	at java.util.concurrent.FutureTask.get(FutureTask.java:192)
	at org.apache.ratis.server.impl.LeaderElection.waitForResults(LeaderElection.java:259)
	at org.apache.ratis.server.impl.LeaderElection.askForVotes(LeaderElection.java:197)
	at org.apache.ratis.server.impl.LeaderElection.run(LeaderElection.java:133)
	at java.lang.Thread.run(Thread.java:748)
Caused by: org.apache.ratis.thirdparty.io.grpc.StatusRuntimeException: UNAVAILABLE: io exception
	at org.apache.ratis.thirdparty.io.grpc.stub.ClientCalls.toStatusRuntimeException(ClientCalls.java:233)
	at org.apache.ratis.thirdparty.io.grpc.stub.ClientCalls.getUnchecked(ClientCalls.java:214)
	at org.apache.ratis.thirdparty.io.grpc.stub.ClientCalls.blockingUnaryCall(ClientCalls.java:139)
	at org.apache.ratis.proto.grpc.RaftServerProtocolServiceGrpc$RaftServerProtocolServiceBlockingStub.requestVote(RaftServerProtocolServiceGrpc.java:265)
	at org.apache.ratis.grpc.server.GrpcServerProtocolClient.requestVote(GrpcServerProtocolClient.java:99)
	at org.apache.ratis.grpc.server.GrpcService.requestVote(GrpcService.java:204)
	at org.apache.ratis.server.impl.LeaderElection.lambda$submitRequests$1(LeaderElection.java:234)
	at java.util.concurrent.FutureTask.run(FutureTask.java:266)
	at java.util.concurrent.Executors$RunnableAdapter.call(Executors.java:511)
	at java.util.concurrent.FutureTask.run(FutureTask.java:266)
	at java.util.concurrent.ThreadPoolExecutor.runWorker(ThreadPoolExecutor.java:1149)
	at java.util.concurrent.ThreadPoolExecutor$Worker.run(ThreadPoolExecutor.java:624)
	... 1 more
Caused by: org.apache.ratis.thirdparty.io.netty.channel.AbstractChannel$AnnotatedConnectException: Connection refused: /192.168.69.67:35902
	at sun.nio.ch.SocketChannelImpl.checkConnect(Native Method)
	at sun.nio.ch.SocketChannelImpl.finishConnect(SocketChannelImpl.java:717)
	at org.apache.ratis.thirdparty.io.netty.channel.socket.nio.NioSocketChannel.doFinishConnect(NioSocketChannel.java:327)
	at org.apache.ratis.thirdparty.io.netty.channel.nio.AbstractNioChannel$AbstractNioUnsafe.finishConnect(AbstractNioChannel.java:340)
	at org.apache.ratis.thirdparty.io.netty.channel.nio.NioEventLoop.processSelectedKey(NioEventLoop.java:632)
	at org.apache.ratis.thirdparty.io.netty.channel.nio.NioEventLoop.processSelectedKeysOptimized(NioEventLoop.java:579)
	at org.apache.ratis.thirdparty.io.netty.channel.nio.NioEventLoop.processSelectedKeys(NioEventLoop.java:496)
	at org.apache.ratis.thirdparty.io.netty.channel.nio.NioEventLoop.run(NioEventLoop.java:458)
	at org.apache.ratis.thirdparty.io.netty.util.concurrent.SingleThreadEventExecutor$5.run(SingleThreadEventExecutor.java:897)
	at org.apache.ratis.thirdparty.io.netty.util.concurrent.FastThreadLocalRunnable.run(FastThreadLocalRunnable.java:30)
	... 1 more
Caused by: java.net.ConnectException: Connection refused
	... 11 more
2019-10-18 07:14:58,089 [c52c3de9-0ed1-4f2b-ba1d-f317ceeb0ceb@group-20BE3FF63202-LeaderElection276] INFO  impl.RaftServerImpl (RaftServerImpl.java:setRole(184)) - c52c3de9-0ed1-4f2b-ba1d-f317ceeb0ceb@group-20BE3FF63202: changes role from CANDIDATE to FOLLOWER at term 325 for DISCOVERED_A_NEW_TERM
2019-10-18 07:14:58,089 [c52c3de9-0ed1-4f2b-ba1d-f317ceeb0ceb@group-20BE3FF63202-LeaderElection276] INFO  impl.RoleInfo (RoleInfo.java:shutdownLeaderElection(134)) - c52c3de9-0ed1-4f2b-ba1d-f317ceeb0ceb: shutdown LeaderElection
2019-10-18 07:14:58,090 [c52c3de9-0ed1-4f2b-ba1d-f317ceeb0ceb@group-20BE3FF63202-LeaderElection276] INFO  impl.RoleInfo (RoleInfo.java:updateAndGet(143)) - c52c3de9-0ed1-4f2b-ba1d-f317ceeb0ceb: start FollowerState
2019-10-18 07:14:58,092 [Thread-2284] INFO  impl.FollowerState (FollowerState.java:run(108)) - c52c3de9-0ed1-4f2b-ba1d-f317ceeb0ceb@group-20BE3FF63202-FollowerState: change to CANDIDATE, lastRpcTime:2ms, electionTimeout:2ms
2019-10-18 07:14:58,092 [Thread-2284] INFO  impl.RoleInfo (RoleInfo.java:shutdownFollowerState(121)) - c52c3de9-0ed1-4f2b-ba1d-f317ceeb0ceb: shutdown FollowerState
2019-10-18 07:14:58,092 [Thread-2284] INFO  impl.RaftServerImpl (RaftServerImpl.java:setRole(184)) - c52c3de9-0ed1-4f2b-ba1d-f317ceeb0ceb@group-20BE3FF63202: changes role from  FOLLOWER to CANDIDATE at term 325 for changeToCandidate
2019-10-18 07:14:58,092 [Thread-2284] INFO  impl.RoleInfo (RoleInfo.java:updateAndGet(143)) - c52c3de9-0ed1-4f2b-ba1d-f317ceeb0ceb: start LeaderElection
2019-10-18 07:14:58,127 [c52c3de9-0ed1-4f2b-ba1d-f317ceeb0ceb@group-20BE3FF63202-LeaderElection277] INFO  impl.LeaderElection (LeaderElection.java:askForVotes(178)) - c52c3de9-0ed1-4f2b-ba1d-f317ceeb0ceb@group-20BE3FF63202-LeaderElection277: begin an election at term 326 for -1: [24274e9f-e41f-4654-9afc-a783ca44e44b:192.168.69.67:35902, 988115cd-21c9-4558-b198-f2cedd98ccf3:192.168.69.67:44208, c52c3de9-0ed1-4f2b-ba1d-f317ceeb0ceb:192.168.69.67:37615], old=null
2019-10-18 07:14:58,128 [c52c3de9-0ed1-4f2b-ba1d-f317ceeb0ceb@group-20BE3FF63202-LeaderElection277] INFO  impl.LeaderElection (LogUtils.java:infoOrTrace(149)) - c52c3de9-0ed1-4f2b-ba1d-f317ceeb0ceb@group-20BE3FF63202-LeaderElection277 got exception when requesting votes: {}
java.util.concurrent.ExecutionException: org.apache.ratis.thirdparty.io.grpc.StatusRuntimeException: UNAVAILABLE: io exception
	at java.util.concurrent.FutureTask.report(FutureTask.java:122)
	at java.util.concurrent.FutureTask.get(FutureTask.java:192)
	at org.apache.ratis.server.impl.LeaderElection.waitForResults(LeaderElection.java:259)
	at org.apache.ratis.server.impl.LeaderElection.askForVotes(LeaderElection.java:197)
	at org.apache.ratis.server.impl.LeaderElection.run(LeaderElection.java:133)
	at java.lang.Thread.run(Thread.java:748)
Caused by: org.apache.ratis.thirdparty.io.grpc.StatusRuntimeException: UNAVAILABLE: io exception
	at org.apache.ratis.thirdparty.io.grpc.stub.ClientCalls.toStatusRuntimeException(ClientCalls.java:233)
	at org.apache.ratis.thirdparty.io.grpc.stub.ClientCalls.getUnchecked(ClientCalls.java:214)
	at org.apache.ratis.thirdparty.io.grpc.stub.ClientCalls.blockingUnaryCall(ClientCalls.java:139)
	at org.apache.ratis.proto.grpc.RaftServerProtocolServiceGrpc$RaftServerProtocolServiceBlockingStub.requestVote(RaftServerProtocolServiceGrpc.java:265)
	at org.apache.ratis.grpc.server.GrpcServerProtocolClient.requestVote(GrpcServerProtocolClient.java:99)
	at org.apache.ratis.grpc.server.GrpcService.requestVote(GrpcService.java:204)
	at org.apache.ratis.server.impl.LeaderElection.lambda$submitRequests$1(LeaderElection.java:234)
	at java.util.concurrent.FutureTask.run(FutureTask.java:266)
	at java.util.concurrent.Executors$RunnableAdapter.call(Executors.java:511)
	at java.util.concurrent.FutureTask.run(FutureTask.java:266)
	at java.util.concurrent.ThreadPoolExecutor.runWorker(ThreadPoolExecutor.java:1149)
	at java.util.concurrent.ThreadPoolExecutor$Worker.run(ThreadPoolExecutor.java:624)
	... 1 more
Caused by: org.apache.ratis.thirdparty.io.netty.channel.AbstractChannel$AnnotatedConnectException: Connection refused: /192.168.69.67:35902
	at sun.nio.ch.SocketChannelImpl.checkConnect(Native Method)
	at sun.nio.ch.SocketChannelImpl.finishConnect(SocketChannelImpl.java:717)
	at org.apache.ratis.thirdparty.io.netty.channel.socket.nio.NioSocketChannel.doFinishConnect(NioSocketChannel.java:327)
	at org.apache.ratis.thirdparty.io.netty.channel.nio.AbstractNioChannel$AbstractNioUnsafe.finishConnect(AbstractNioChannel.java:340)
	at org.apache.ratis.thirdparty.io.netty.channel.nio.NioEventLoop.processSelectedKey(NioEventLoop.java:632)
	at org.apache.ratis.thirdparty.io.netty.channel.nio.NioEventLoop.processSelectedKeysOptimized(NioEventLoop.java:579)
	at org.apache.ratis.thirdparty.io.netty.channel.nio.NioEventLoop.processSelectedKeys(NioEventLoop.java:496)
	at org.apache.ratis.thirdparty.io.netty.channel.nio.NioEventLoop.run(NioEventLoop.java:458)
	at org.apache.ratis.thirdparty.io.netty.util.concurrent.SingleThreadEventExecutor$5.run(SingleThreadEventExecutor.java:897)
	at org.apache.ratis.thirdparty.io.netty.util.concurrent.FastThreadLocalRunnable.run(FastThreadLocalRunnable.java:30)
	... 1 more
Caused by: java.net.ConnectException: Connection refused
	... 11 more
2019-10-18 07:14:58,130 [grpc-default-executor-2] INFO  impl.RaftServerImpl (RaftServerImpl.java:setRole(184)) - 988115cd-21c9-4558-b198-f2cedd98ccf3@group-20BE3FF63202: changes role from  FOLLOWER to FOLLOWER at term 326 for recognizeCandidate:c52c3de9-0ed1-4f2b-ba1d-f317ceeb0ceb
2019-10-18 07:14:58,130 [grpc-default-executor-2] INFO  impl.RoleInfo (RoleInfo.java:shutdownFollowerState(121)) - 988115cd-21c9-4558-b198-f2cedd98ccf3: shutdown FollowerState
2019-10-18 07:14:58,130 [grpc-default-executor-2] INFO  impl.RoleInfo (RoleInfo.java:updateAndGet(143)) - 988115cd-21c9-4558-b198-f2cedd98ccf3: start FollowerState
2019-10-18 07:14:58,131 [Thread-2283] INFO  impl.FollowerState (FollowerState.java:run(117)) - 988115cd-21c9-4558-b198-f2cedd98ccf3@group-20BE3FF63202-FollowerState was interrupted: java.lang.InterruptedException: sleep interrupted
2019-10-18 07:14:58,159 [c52c3de9-0ed1-4f2b-ba1d-f317ceeb0ceb@group-20BE3FF63202-LeaderElection277] INFO  impl.LeaderElection (LeaderElection.java:logAndReturn(56)) - c52c3de9-0ed1-4f2b-ba1d-f317ceeb0ceb@group-20BE3FF63202-LeaderElection277: Election REJECTED; received 1 response(s) [c52c3de9-0ed1-4f2b-ba1d-f317ceeb0ceb<-988115cd-21c9-4558-b198-f2cedd98ccf3#0:FAIL-t326] and 1 exception(s); c52c3de9-0ed1-4f2b-ba1d-f317ceeb0ceb@group-20BE3FF63202:t326, leader=null, voted=c52c3de9-0ed1-4f2b-ba1d-f317ceeb0ceb, raftlog=c52c3de9-0ed1-4f2b-ba1d-f317ceeb0ceb@group-20BE3FF63202-SegmentedRaftLog:OPENED:c-1,f-1,i0, conf=-1: [24274e9f-e41f-4654-9afc-a783ca44e44b:192.168.69.67:35902, 988115cd-21c9-4558-b198-f2cedd98ccf3:192.168.69.67:44208, c52c3de9-0ed1-4f2b-ba1d-f317ceeb0ceb:192.168.69.67:37615], old=null
2019-10-18 07:14:58,159 [c52c3de9-0ed1-4f2b-ba1d-f317ceeb0ceb@group-20BE3FF63202-LeaderElection277] INFO  impl.LeaderElection (LogUtils.java:infoOrTrace(149)) -   Exception 0: {}
java.util.concurrent.ExecutionException: org.apache.ratis.thirdparty.io.grpc.StatusRuntimeException: UNAVAILABLE: io exception
	at java.util.concurrent.FutureTask.report(FutureTask.java:122)
	at java.util.concurrent.FutureTask.get(FutureTask.java:192)
	at org.apache.ratis.server.impl.LeaderElection.waitForResults(LeaderElection.java:259)
	at org.apache.ratis.server.impl.LeaderElection.askForVotes(LeaderElection.java:197)
	at org.apache.ratis.server.impl.LeaderElection.run(LeaderElection.java:133)
	at java.lang.Thread.run(Thread.java:748)
Caused by: org.apache.ratis.thirdparty.io.grpc.StatusRuntimeException: UNAVAILABLE: io exception
	at org.apache.ratis.thirdparty.io.grpc.stub.ClientCalls.toStatusRuntimeException(ClientCalls.java:233)
	at org.apache.ratis.thirdparty.io.grpc.stub.ClientCalls.getUnchecked(ClientCalls.java:214)
	at org.apache.ratis.thirdparty.io.grpc.stub.ClientCalls.blockingUnaryCall(ClientCalls.java:139)
	at org.apache.ratis.proto.grpc.RaftServerProtocolServiceGrpc$RaftServerProtocolServiceBlockingStub.requestVote(RaftServerProtocolServiceGrpc.java:265)
	at org.apache.ratis.grpc.server.GrpcServerProtocolClient.requestVote(GrpcServerProtocolClient.java:99)
	at org.apache.ratis.grpc.server.GrpcService.requestVote(GrpcService.java:204)
	at org.apache.ratis.server.impl.LeaderElection.lambda$submitRequests$1(LeaderElection.java:234)
	at java.util.concurrent.FutureTask.run(FutureTask.java:266)
	at java.util.concurrent.Executors$RunnableAdapter.call(Executors.java:511)
	at java.util.concurrent.FutureTask.run(FutureTask.java:266)
	at java.util.concurrent.ThreadPoolExecutor.runWorker(ThreadPoolExecutor.java:1149)
	at java.util.concurrent.ThreadPoolExecutor$Worker.run(ThreadPoolExecutor.java:624)
	... 1 more
Caused by: org.apache.ratis.thirdparty.io.netty.channel.AbstractChannel$AnnotatedConnectException: Connection refused: /192.168.69.67:35902
	at sun.nio.ch.SocketChannelImpl.checkConnect(Native Method)
	at sun.nio.ch.SocketChannelImpl.finishConnect(SocketChannelImpl.java:717)
	at org.apache.ratis.thirdparty.io.netty.channel.socket.nio.NioSocketChannel.doFinishConnect(NioSocketChannel.java:327)
	at org.apache.ratis.thirdparty.io.netty.channel.nio.AbstractNioChannel$AbstractNioUnsafe.finishConnect(AbstractNioChannel.java:340)
	at org.apache.ratis.thirdparty.io.netty.channel.nio.NioEventLoop.processSelectedKey(NioEventLoop.java:632)
	at org.apache.ratis.thirdparty.io.netty.channel.nio.NioEventLoop.processSelectedKeysOptimized(NioEventLoop.java:579)
	at org.apache.ratis.thirdparty.io.netty.channel.nio.NioEventLoop.processSelectedKeys(NioEventLoop.java:496)
	at org.apache.ratis.thirdparty.io.netty.channel.nio.NioEventLoop.run(NioEventLoop.java:458)
	at org.apache.ratis.thirdparty.io.netty.util.concurrent.SingleThreadEventExecutor$5.run(SingleThreadEventExecutor.java:897)
	at org.apache.ratis.thirdparty.io.netty.util.concurrent.FastThreadLocalRunnable.run(FastThreadLocalRunnable.java:30)
	... 1 more
Caused by: java.net.ConnectException: Connection refused
	... 11 more
2019-10-18 07:14:58,160 [c52c3de9-0ed1-4f2b-ba1d-f317ceeb0ceb@group-20BE3FF63202-LeaderElection277] INFO  impl.RaftServerImpl (RaftServerImpl.java:setRole(184)) - c52c3de9-0ed1-4f2b-ba1d-f317ceeb0ceb@group-20BE3FF63202: changes role from CANDIDATE to FOLLOWER at term 326 for DISCOVERED_A_NEW_TERM
2019-10-18 07:14:58,160 [c52c3de9-0ed1-4f2b-ba1d-f317ceeb0ceb@group-20BE3FF63202-LeaderElection277] INFO  impl.RoleInfo (RoleInfo.java:shutdownLeaderElection(134)) - c52c3de9-0ed1-4f2b-ba1d-f317ceeb0ceb: shutdown LeaderElection
2019-10-18 07:14:58,160 [c52c3de9-0ed1-4f2b-ba1d-f317ceeb0ceb@group-20BE3FF63202-LeaderElection277] INFO  impl.RoleInfo (RoleInfo.java:updateAndGet(143)) - c52c3de9-0ed1-4f2b-ba1d-f317ceeb0ceb: start FollowerState
2019-10-18 07:14:58,324 [java.util.concurrent.ThreadPoolExecutor$Worker@27945d7e[State = -1, empty queue]] WARN  server.GrpcLogAppender (GrpcLogAppender.java:timeoutAppendRequest(209)) - f7ab671b-901b-4a48-a9a9-f6c73ab18394@group-AFD3E3A39739->d2e56473-8267-4871-9849-be2e71e1a2dc-GrpcLogAppender: appendEntries Timeout, request=f7ab671b-901b-4a48-a9a9-f6c73ab18394->d2e56473-8267-4871-9849-be2e71e1a2dc#26-t1, previous=(t:1, i:0), leaderCommit=0, initializing? false, entries: <empty>
2019-10-18 07:14:58,353 [Thread-2289] INFO  impl.FollowerState (FollowerState.java:run(108)) - c52c3de9-0ed1-4f2b-ba1d-f317ceeb0ceb@group-20BE3FF63202-FollowerState: change to CANDIDATE, lastRpcTime:193ms, electionTimeout:193ms
2019-10-18 07:14:58,354 [Thread-2289] INFO  impl.RoleInfo (RoleInfo.java:shutdownFollowerState(121)) - c52c3de9-0ed1-4f2b-ba1d-f317ceeb0ceb: shutdown FollowerState
2019-10-18 07:14:58,354 [Thread-2289] INFO  impl.RaftServerImpl (RaftServerImpl.java:setRole(184)) - c52c3de9-0ed1-4f2b-ba1d-f317ceeb0ceb@group-20BE3FF63202: changes role from  FOLLOWER to CANDIDATE at term 326 for changeToCandidate
2019-10-18 07:14:58,354 [Thread-2289] INFO  impl.RoleInfo (RoleInfo.java:updateAndGet(143)) - c52c3de9-0ed1-4f2b-ba1d-f317ceeb0ceb: start LeaderElection
2019-10-18 07:14:58,368 [c52c3de9-0ed1-4f2b-ba1d-f317ceeb0ceb@group-20BE3FF63202-LeaderElection278] INFO  impl.LeaderElection (LeaderElection.java:askForVotes(178)) - c52c3de9-0ed1-4f2b-ba1d-f317ceeb0ceb@group-20BE3FF63202-LeaderElection278: begin an election at term 327 for -1: [24274e9f-e41f-4654-9afc-a783ca44e44b:192.168.69.67:35902, 988115cd-21c9-4558-b198-f2cedd98ccf3:192.168.69.67:44208, c52c3de9-0ed1-4f2b-ba1d-f317ceeb0ceb:192.168.69.67:37615], old=null
2019-10-18 07:14:58,369 [c52c3de9-0ed1-4f2b-ba1d-f317ceeb0ceb@group-20BE3FF63202-LeaderElection278] INFO  impl.LeaderElection (LogUtils.java:infoOrTrace(149)) - c52c3de9-0ed1-4f2b-ba1d-f317ceeb0ceb@group-20BE3FF63202-LeaderElection278 got exception when requesting votes: {}
java.util.concurrent.ExecutionException: org.apache.ratis.thirdparty.io.grpc.StatusRuntimeException: UNAVAILABLE: io exception
	at java.util.concurrent.FutureTask.report(FutureTask.java:122)
	at java.util.concurrent.FutureTask.get(FutureTask.java:192)
	at org.apache.ratis.server.impl.LeaderElection.waitForResults(LeaderElection.java:259)
	at org.apache.ratis.server.impl.LeaderElection.askForVotes(LeaderElection.java:197)
	at org.apache.ratis.server.impl.LeaderElection.run(LeaderElection.java:133)
	at java.lang.Thread.run(Thread.java:748)
Caused by: org.apache.ratis.thirdparty.io.grpc.StatusRuntimeException: UNAVAILABLE: io exception
	at org.apache.ratis.thirdparty.io.grpc.stub.ClientCalls.toStatusRuntimeException(ClientCalls.java:233)
	at org.apache.ratis.thirdparty.io.grpc.stub.ClientCalls.getUnchecked(ClientCalls.java:214)
	at org.apache.ratis.thirdparty.io.grpc.stub.ClientCalls.blockingUnaryCall(ClientCalls.java:139)
	at org.apache.ratis.proto.grpc.RaftServerProtocolServiceGrpc$RaftServerProtocolServiceBlockingStub.requestVote(RaftServerProtocolServiceGrpc.java:265)
	at org.apache.ratis.grpc.server.GrpcServerProtocolClient.requestVote(GrpcServerProtocolClient.java:99)
	at org.apache.ratis.grpc.server.GrpcService.requestVote(GrpcService.java:204)
	at org.apache.ratis.server.impl.LeaderElection.lambda$submitRequests$1(LeaderElection.java:234)
	at java.util.concurrent.FutureTask.run(FutureTask.java:266)
	at java.util.concurrent.Executors$RunnableAdapter.call(Executors.java:511)
	at java.util.concurrent.FutureTask.run(FutureTask.java:266)
	at java.util.concurrent.ThreadPoolExecutor.runWorker(ThreadPoolExecutor.java:1149)
	at java.util.concurrent.ThreadPoolExecutor$Worker.run(ThreadPoolExecutor.java:624)
	... 1 more
Caused by: org.apache.ratis.thirdparty.io.netty.channel.AbstractChannel$AnnotatedConnectException: Connection refused: /192.168.69.67:35902
	at sun.nio.ch.SocketChannelImpl.checkConnect(Native Method)
	at sun.nio.ch.SocketChannelImpl.finishConnect(SocketChannelImpl.java:717)
	at org.apache.ratis.thirdparty.io.netty.channel.socket.nio.NioSocketChannel.doFinishConnect(NioSocketChannel.java:327)
	at org.apache.ratis.thirdparty.io.netty.channel.nio.AbstractNioChannel$AbstractNioUnsafe.finishConnect(AbstractNioChannel.java:340)
	at org.apache.ratis.thirdparty.io.netty.channel.nio.NioEventLoop.processSelectedKey(NioEventLoop.java:632)
	at org.apache.ratis.thirdparty.io.netty.channel.nio.NioEventLoop.processSelectedKeysOptimized(NioEventLoop.java:579)
	at org.apache.ratis.thirdparty.io.netty.channel.nio.NioEventLoop.processSelectedKeys(NioEventLoop.java:496)
	at org.apache.ratis.thirdparty.io.netty.channel.nio.NioEventLoop.run(NioEventLoop.java:458)
	at org.apache.ratis.thirdparty.io.netty.util.concurrent.SingleThreadEventExecutor$5.run(SingleThreadEventExecutor.java:897)
	at org.apache.ratis.thirdparty.io.netty.util.concurrent.FastThreadLocalRunnable.run(FastThreadLocalRunnable.java:30)
	... 1 more
Caused by: java.net.ConnectException: Connection refused
	... 11 more
2019-10-18 07:14:58,372 [c52c3de9-0ed1-4f2b-ba1d-f317ceeb0ceb@group-20BE3FF63202-LeaderElection278] INFO  impl.LeaderElection (LeaderElection.java:logAndReturn(56)) - c52c3de9-0ed1-4f2b-ba1d-f317ceeb0ceb@group-20BE3FF63202-LeaderElection278: Election TIMEOUT; received 0 response(s) [] and 1 exception(s); c52c3de9-0ed1-4f2b-ba1d-f317ceeb0ceb@group-20BE3FF63202:t327, leader=null, voted=c52c3de9-0ed1-4f2b-ba1d-f317ceeb0ceb, raftlog=c52c3de9-0ed1-4f2b-ba1d-f317ceeb0ceb@group-20BE3FF63202-SegmentedRaftLog:OPENED:c-1,f-1,i0, conf=-1: [24274e9f-e41f-4654-9afc-a783ca44e44b:192.168.69.67:35902, 988115cd-21c9-4558-b198-f2cedd98ccf3:192.168.69.67:44208, c52c3de9-0ed1-4f2b-ba1d-f317ceeb0ceb:192.168.69.67:37615], old=null
2019-10-18 07:14:58,372 [c52c3de9-0ed1-4f2b-ba1d-f317ceeb0ceb@group-20BE3FF63202-LeaderElection278] INFO  impl.LeaderElection (LogUtils.java:infoOrTrace(149)) -   Exception 0: {}
java.util.concurrent.ExecutionException: org.apache.ratis.thirdparty.io.grpc.StatusRuntimeException: UNAVAILABLE: io exception
	at java.util.concurrent.FutureTask.report(FutureTask.java:122)
	at java.util.concurrent.FutureTask.get(FutureTask.java:192)
	at org.apache.ratis.server.impl.LeaderElection.waitForResults(LeaderElection.java:259)
	at org.apache.ratis.server.impl.LeaderElection.askForVotes(LeaderElection.java:197)
	at org.apache.ratis.server.impl.LeaderElection.run(LeaderElection.java:133)
	at java.lang.Thread.run(Thread.java:748)
Caused by: org.apache.ratis.thirdparty.io.grpc.StatusRuntimeException: UNAVAILABLE: io exception
	at org.apache.ratis.thirdparty.io.grpc.stub.ClientCalls.toStatusRuntimeException(ClientCalls.java:233)
	at org.apache.ratis.thirdparty.io.grpc.stub.ClientCalls.getUnchecked(ClientCalls.java:214)
	at org.apache.ratis.thirdparty.io.grpc.stub.ClientCalls.blockingUnaryCall(ClientCalls.java:139)
	at org.apache.ratis.proto.grpc.RaftServerProtocolServiceGrpc$RaftServerProtocolServiceBlockingStub.requestVote(RaftServerProtocolServiceGrpc.java:265)
	at org.apache.ratis.grpc.server.GrpcServerProtocolClient.requestVote(GrpcServerProtocolClient.java:99)
	at org.apache.ratis.grpc.server.GrpcService.requestVote(GrpcService.java:204)
	at org.apache.ratis.server.impl.LeaderElection.lambda$submitRequests$1(LeaderElection.java:234)
	at java.util.concurrent.FutureTask.run(FutureTask.java:266)
	at java.util.concurrent.Executors$RunnableAdapter.call(Executors.java:511)
	at java.util.concurrent.FutureTask.run(FutureTask.java:266)
	at java.util.concurrent.ThreadPoolExecutor.runWorker(ThreadPoolExecutor.java:1149)
	at java.util.concurrent.ThreadPoolExecutor$Worker.run(ThreadPoolExecutor.java:624)
	... 1 more
Caused by: org.apache.ratis.thirdparty.io.netty.channel.AbstractChannel$AnnotatedConnectException: Connection refused: /192.168.69.67:35902
	at sun.nio.ch.SocketChannelImpl.checkConnect(Native Method)
	at sun.nio.ch.SocketChannelImpl.finishConnect(SocketChannelImpl.java:717)
	at org.apache.ratis.thirdparty.io.netty.channel.socket.nio.NioSocketChannel.doFinishConnect(NioSocketChannel.java:327)
	at org.apache.ratis.thirdparty.io.netty.channel.nio.AbstractNioChannel$AbstractNioUnsafe.finishConnect(AbstractNioChannel.java:340)
	at org.apache.ratis.thirdparty.io.netty.channel.nio.NioEventLoop.processSelectedKey(NioEventLoop.java:632)
	at org.apache.ratis.thirdparty.io.netty.channel.nio.NioEventLoop.processSelectedKeysOptimized(NioEventLoop.java:579)
	at org.apache.ratis.thirdparty.io.netty.channel.nio.NioEventLoop.processSelectedKeys(NioEventLoop.java:496)
	at org.apache.ratis.thirdparty.io.netty.channel.nio.NioEventLoop.run(NioEventLoop.java:458)
	at org.apache.ratis.thirdparty.io.netty.util.concurrent.SingleThreadEventExecutor$5.run(SingleThreadEventExecutor.java:897)
	at org.apache.ratis.thirdparty.io.netty.util.concurrent.FastThreadLocalRunnable.run(FastThreadLocalRunnable.java:30)
	... 1 more
Caused by: java.net.ConnectException: Connection refused
	... 11 more
2019-10-18 07:14:58,373 [grpc-default-executor-2] INFO  impl.RaftServerImpl (RaftServerImpl.java:setRole(184)) - 988115cd-21c9-4558-b198-f2cedd98ccf3@group-20BE3FF63202: changes role from  FOLLOWER to FOLLOWER at term 327 for recognizeCandidate:c52c3de9-0ed1-4f2b-ba1d-f317ceeb0ceb
2019-10-18 07:14:58,373 [grpc-default-executor-2] INFO  impl.RoleInfo (RoleInfo.java:shutdownFollowerState(121)) - 988115cd-21c9-4558-b198-f2cedd98ccf3: shutdown FollowerState
2019-10-18 07:14:58,373 [grpc-default-executor-2] INFO  impl.RoleInfo (RoleInfo.java:updateAndGet(143)) - 988115cd-21c9-4558-b198-f2cedd98ccf3: start FollowerState
2019-10-18 07:14:58,373 [Thread-2288] INFO  impl.FollowerState (FollowerState.java:run(117)) - 988115cd-21c9-4558-b198-f2cedd98ccf3@group-20BE3FF63202-FollowerState was interrupted: java.lang.InterruptedException: sleep interrupted
2019-10-18 07:14:58,386 [c52c3de9-0ed1-4f2b-ba1d-f317ceeb0ceb@group-20BE3FF63202-LeaderElection278] INFO  impl.LeaderElection (LeaderElection.java:askForVotes(178)) - c52c3de9-0ed1-4f2b-ba1d-f317ceeb0ceb@group-20BE3FF63202-LeaderElection278: begin an election at term 328 for -1: [24274e9f-e41f-4654-9afc-a783ca44e44b:192.168.69.67:35902, 988115cd-21c9-4558-b198-f2cedd98ccf3:192.168.69.67:44208, c52c3de9-0ed1-4f2b-ba1d-f317ceeb0ceb:192.168.69.67:37615], old=null
2019-10-18 07:14:58,387 [c52c3de9-0ed1-4f2b-ba1d-f317ceeb0ceb@group-20BE3FF63202-LeaderElection278] INFO  impl.LeaderElection (LogUtils.java:infoOrTrace(149)) - c52c3de9-0ed1-4f2b-ba1d-f317ceeb0ceb@group-20BE3FF63202-LeaderElection278 got exception when requesting votes: {}
java.util.concurrent.ExecutionException: org.apache.ratis.thirdparty.io.grpc.StatusRuntimeException: UNAVAILABLE: io exception
	at java.util.concurrent.FutureTask.report(FutureTask.java:122)
	at java.util.concurrent.FutureTask.get(FutureTask.java:192)
	at org.apache.ratis.server.impl.LeaderElection.waitForResults(LeaderElection.java:259)
	at org.apache.ratis.server.impl.LeaderElection.askForVotes(LeaderElection.java:197)
	at org.apache.ratis.server.impl.LeaderElection.run(LeaderElection.java:133)
	at java.lang.Thread.run(Thread.java:748)
Caused by: org.apache.ratis.thirdparty.io.grpc.StatusRuntimeException: UNAVAILABLE: io exception
	at org.apache.ratis.thirdparty.io.grpc.stub.ClientCalls.toStatusRuntimeException(ClientCalls.java:233)
	at org.apache.ratis.thirdparty.io.grpc.stub.ClientCalls.getUnchecked(ClientCalls.java:214)
	at org.apache.ratis.thirdparty.io.grpc.stub.ClientCalls.blockingUnaryCall(ClientCalls.java:139)
	at org.apache.ratis.proto.grpc.RaftServerProtocolServiceGrpc$RaftServerProtocolServiceBlockingStub.requestVote(RaftServerProtocolServiceGrpc.java:265)
	at org.apache.ratis.grpc.server.GrpcServerProtocolClient.requestVote(GrpcServerProtocolClient.java:99)
	at org.apache.ratis.grpc.server.GrpcService.requestVote(GrpcService.java:204)
	at org.apache.ratis.server.impl.LeaderElection.lambda$submitRequests$1(LeaderElection.java:234)
	at java.util.concurrent.FutureTask.run(FutureTask.java:266)
	at java.util.concurrent.Executors$RunnableAdapter.call(Executors.java:511)
	at java.util.concurrent.FutureTask.run(FutureTask.java:266)
	at java.util.concurrent.ThreadPoolExecutor.runWorker(ThreadPoolExecutor.java:1149)
	at java.util.concurrent.ThreadPoolExecutor$Worker.run(ThreadPoolExecutor.java:624)
	... 1 more
Caused by: org.apache.ratis.thirdparty.io.netty.channel.AbstractChannel$AnnotatedConnectException: Connection refused: /192.168.69.67:35902
	at sun.nio.ch.SocketChannelImpl.checkConnect(Native Method)
	at sun.nio.ch.SocketChannelImpl.finishConnect(SocketChannelImpl.java:717)
	at org.apache.ratis.thirdparty.io.netty.channel.socket.nio.NioSocketChannel.doFinishConnect(NioSocketChannel.java:327)
	at org.apache.ratis.thirdparty.io.netty.channel.nio.AbstractNioChannel$AbstractNioUnsafe.finishConnect(AbstractNioChannel.java:340)
	at org.apache.ratis.thirdparty.io.netty.channel.nio.NioEventLoop.processSelectedKey(NioEventLoop.java:632)
	at org.apache.ratis.thirdparty.io.netty.channel.nio.NioEventLoop.processSelectedKeysOptimized(NioEventLoop.java:579)
	at org.apache.ratis.thirdparty.io.netty.channel.nio.NioEventLoop.processSelectedKeys(NioEventLoop.java:496)
	at org.apache.ratis.thirdparty.io.netty.channel.nio.NioEventLoop.run(NioEventLoop.java:458)
	at org.apache.ratis.thirdparty.io.netty.util.concurrent.SingleThreadEventExecutor$5.run(SingleThreadEventExecutor.java:897)
	at org.apache.ratis.thirdparty.io.netty.util.concurrent.FastThreadLocalRunnable.run(FastThreadLocalRunnable.java:30)
	... 1 more
Caused by: java.net.ConnectException: Connection refused
	... 11 more
2019-10-18 07:14:58,393 [grpc-default-executor-2] INFO  impl.RaftServerImpl (RaftServerImpl.java:setRole(184)) - 988115cd-21c9-4558-b198-f2cedd98ccf3@group-20BE3FF63202: changes role from  FOLLOWER to FOLLOWER at term 328 for recognizeCandidate:c52c3de9-0ed1-4f2b-ba1d-f317ceeb0ceb
2019-10-18 07:14:58,393 [grpc-default-executor-2] INFO  impl.RoleInfo (RoleInfo.java:shutdownFollowerState(121)) - 988115cd-21c9-4558-b198-f2cedd98ccf3: shutdown FollowerState
2019-10-18 07:14:58,394 [grpc-default-executor-2] INFO  impl.RoleInfo (RoleInfo.java:updateAndGet(143)) - 988115cd-21c9-4558-b198-f2cedd98ccf3: start FollowerState
2019-10-18 07:14:58,394 [Thread-2293] INFO  impl.FollowerState (FollowerState.java:run(117)) - 988115cd-21c9-4558-b198-f2cedd98ccf3@group-20BE3FF63202-FollowerState was interrupted: java.lang.InterruptedException: sleep interrupted
2019-10-18 07:14:58,408 [c52c3de9-0ed1-4f2b-ba1d-f317ceeb0ceb@group-20BE3FF63202-LeaderElection278] INFO  impl.LeaderElection (LeaderElection.java:logAndReturn(56)) - c52c3de9-0ed1-4f2b-ba1d-f317ceeb0ceb@group-20BE3FF63202-LeaderElection278: Election REJECTED; received 1 response(s) [c52c3de9-0ed1-4f2b-ba1d-f317ceeb0ceb<-988115cd-21c9-4558-b198-f2cedd98ccf3#0:FAIL-t328] and 1 exception(s); c52c3de9-0ed1-4f2b-ba1d-f317ceeb0ceb@group-20BE3FF63202:t328, leader=null, voted=c52c3de9-0ed1-4f2b-ba1d-f317ceeb0ceb, raftlog=c52c3de9-0ed1-4f2b-ba1d-f317ceeb0ceb@group-20BE3FF63202-SegmentedRaftLog:OPENED:c-1,f-1,i0, conf=-1: [24274e9f-e41f-4654-9afc-a783ca44e44b:192.168.69.67:35902, 988115cd-21c9-4558-b198-f2cedd98ccf3:192.168.69.67:44208, c52c3de9-0ed1-4f2b-ba1d-f317ceeb0ceb:192.168.69.67:37615], old=null
2019-10-18 07:14:58,408 [c52c3de9-0ed1-4f2b-ba1d-f317ceeb0ceb@group-20BE3FF63202-LeaderElection278] INFO  impl.LeaderElection (LogUtils.java:infoOrTrace(149)) -   Exception 0: {}
java.util.concurrent.ExecutionException: org.apache.ratis.thirdparty.io.grpc.StatusRuntimeException: UNAVAILABLE: io exception
	at java.util.concurrent.FutureTask.report(FutureTask.java:122)
	at java.util.concurrent.FutureTask.get(FutureTask.java:192)
	at org.apache.ratis.server.impl.LeaderElection.waitForResults(LeaderElection.java:259)
	at org.apache.ratis.server.impl.LeaderElection.askForVotes(LeaderElection.java:197)
	at org.apache.ratis.server.impl.LeaderElection.run(LeaderElection.java:133)
	at java.lang.Thread.run(Thread.java:748)
Caused by: org.apache.ratis.thirdparty.io.grpc.StatusRuntimeException: UNAVAILABLE: io exception
	at org.apache.ratis.thirdparty.io.grpc.stub.ClientCalls.toStatusRuntimeException(ClientCalls.java:233)
	at org.apache.ratis.thirdparty.io.grpc.stub.ClientCalls.getUnchecked(ClientCalls.java:214)
	at org.apache.ratis.thirdparty.io.grpc.stub.ClientCalls.blockingUnaryCall(ClientCalls.java:139)
	at org.apache.ratis.proto.grpc.RaftServerProtocolServiceGrpc$RaftServerProtocolServiceBlockingStub.requestVote(RaftServerProtocolServiceGrpc.java:265)
	at org.apache.ratis.grpc.server.GrpcServerProtocolClient.requestVote(GrpcServerProtocolClient.java:99)
	at org.apache.ratis.grpc.server.GrpcService.requestVote(GrpcService.java:204)
	at org.apache.ratis.server.impl.LeaderElection.lambda$submitRequests$1(LeaderElection.java:234)
	at java.util.concurrent.FutureTask.run(FutureTask.java:266)
	at java.util.concurrent.Executors$RunnableAdapter.call(Executors.java:511)
	at java.util.concurrent.FutureTask.run(FutureTask.java:266)
	at java.util.concurrent.ThreadPoolExecutor.runWorker(ThreadPoolExecutor.java:1149)
	at java.util.concurrent.ThreadPoolExecutor$Worker.run(ThreadPoolExecutor.java:624)
	... 1 more
Caused by: org.apache.ratis.thirdparty.io.netty.channel.AbstractChannel$AnnotatedConnectException: Connection refused: /192.168.69.67:35902
	at sun.nio.ch.SocketChannelImpl.checkConnect(Native Method)
	at sun.nio.ch.SocketChannelImpl.finishConnect(SocketChannelImpl.java:717)
	at org.apache.ratis.thirdparty.io.netty.channel.socket.nio.NioSocketChannel.doFinishConnect(NioSocketChannel.java:327)
	at org.apache.ratis.thirdparty.io.netty.channel.nio.AbstractNioChannel$AbstractNioUnsafe.finishConnect(AbstractNioChannel.java:340)
	at org.apache.ratis.thirdparty.io.netty.channel.nio.NioEventLoop.processSelectedKey(NioEventLoop.java:632)
	at org.apache.ratis.thirdparty.io.netty.channel.nio.NioEventLoop.processSelectedKeysOptimized(NioEventLoop.java:579)
	at org.apache.ratis.thirdparty.io.netty.channel.nio.NioEventLoop.processSelectedKeys(NioEventLoop.java:496)
	at org.apache.ratis.thirdparty.io.netty.channel.nio.NioEventLoop.run(NioEventLoop.java:458)
	at org.apache.ratis.thirdparty.io.netty.util.concurrent.SingleThreadEventExecutor$5.run(SingleThreadEventExecutor.java:897)
	at org.apache.ratis.thirdparty.io.netty.util.concurrent.FastThreadLocalRunnable.run(FastThreadLocalRunnable.java:30)
	... 1 more
Caused by: java.net.ConnectException: Connection refused
	... 11 more
2019-10-18 07:14:58,408 [c52c3de9-0ed1-4f2b-ba1d-f317ceeb0ceb@group-20BE3FF63202-LeaderElection278] INFO  impl.RaftServerImpl (RaftServerImpl.java:setRole(184)) - c52c3de9-0ed1-4f2b-ba1d-f317ceeb0ceb@group-20BE3FF63202: changes role from CANDIDATE to FOLLOWER at term 328 for DISCOVERED_A_NEW_TERM
2019-10-18 07:14:58,408 [c52c3de9-0ed1-4f2b-ba1d-f317ceeb0ceb@group-20BE3FF63202-LeaderElection278] INFO  impl.RoleInfo (RoleInfo.java:shutdownLeaderElection(134)) - c52c3de9-0ed1-4f2b-ba1d-f317ceeb0ceb: shutdown LeaderElection
2019-10-18 07:14:58,409 [c52c3de9-0ed1-4f2b-ba1d-f317ceeb0ceb@group-20BE3FF63202-LeaderElection278] INFO  impl.RoleInfo (RoleInfo.java:updateAndGet(143)) - c52c3de9-0ed1-4f2b-ba1d-f317ceeb0ceb: start FollowerState
2019-10-18 07:14:58,589 [Thread-2297] INFO  impl.FollowerState (FollowerState.java:run(108)) - c52c3de9-0ed1-4f2b-ba1d-f317ceeb0ceb@group-20BE3FF63202-FollowerState: change to CANDIDATE, lastRpcTime:180ms, electionTimeout:180ms
2019-10-18 07:14:58,589 [Thread-2297] INFO  impl.RoleInfo (RoleInfo.java:shutdownFollowerState(121)) - c52c3de9-0ed1-4f2b-ba1d-f317ceeb0ceb: shutdown FollowerState
2019-10-18 07:14:58,589 [Thread-2297] INFO  impl.RaftServerImpl (RaftServerImpl.java:setRole(184)) - c52c3de9-0ed1-4f2b-ba1d-f317ceeb0ceb@group-20BE3FF63202: changes role from  FOLLOWER to CANDIDATE at term 328 for changeToCandidate
2019-10-18 07:14:58,590 [Thread-2297] INFO  impl.RoleInfo (RoleInfo.java:updateAndGet(143)) - c52c3de9-0ed1-4f2b-ba1d-f317ceeb0ceb: start LeaderElection
2019-10-18 07:14:58,604 [c52c3de9-0ed1-4f2b-ba1d-f317ceeb0ceb@group-20BE3FF63202-LeaderElection279] INFO  impl.LeaderElection (LeaderElection.java:askForVotes(178)) - c52c3de9-0ed1-4f2b-ba1d-f317ceeb0ceb@group-20BE3FF63202-LeaderElection279: begin an election at term 329 for -1: [24274e9f-e41f-4654-9afc-a783ca44e44b:192.168.69.67:35902, 988115cd-21c9-4558-b198-f2cedd98ccf3:192.168.69.67:44208, c52c3de9-0ed1-4f2b-ba1d-f317ceeb0ceb:192.168.69.67:37615], old=null
2019-10-18 07:14:58,605 [c52c3de9-0ed1-4f2b-ba1d-f317ceeb0ceb@group-20BE3FF63202-LeaderElection279] INFO  impl.LeaderElection (LogUtils.java:infoOrTrace(149)) - c52c3de9-0ed1-4f2b-ba1d-f317ceeb0ceb@group-20BE3FF63202-LeaderElection279 got exception when requesting votes: {}
java.util.concurrent.ExecutionException: org.apache.ratis.thirdparty.io.grpc.StatusRuntimeException: UNAVAILABLE: io exception
	at java.util.concurrent.FutureTask.report(FutureTask.java:122)
	at java.util.concurrent.FutureTask.get(FutureTask.java:192)
	at org.apache.ratis.server.impl.LeaderElection.waitForResults(LeaderElection.java:259)
	at org.apache.ratis.server.impl.LeaderElection.askForVotes(LeaderElection.java:197)
	at org.apache.ratis.server.impl.LeaderElection.run(LeaderElection.java:133)
	at java.lang.Thread.run(Thread.java:748)
Caused by: org.apache.ratis.thirdparty.io.grpc.StatusRuntimeException: UNAVAILABLE: io exception
	at org.apache.ratis.thirdparty.io.grpc.stub.ClientCalls.toStatusRuntimeException(ClientCalls.java:233)
	at org.apache.ratis.thirdparty.io.grpc.stub.ClientCalls.getUnchecked(ClientCalls.java:214)
	at org.apache.ratis.thirdparty.io.grpc.stub.ClientCalls.blockingUnaryCall(ClientCalls.java:139)
	at org.apache.ratis.proto.grpc.RaftServerProtocolServiceGrpc$RaftServerProtocolServiceBlockingStub.requestVote(RaftServerProtocolServiceGrpc.java:265)
	at org.apache.ratis.grpc.server.GrpcServerProtocolClient.requestVote(GrpcServerProtocolClient.java:99)
	at org.apache.ratis.grpc.server.GrpcService.requestVote(GrpcService.java:204)
	at org.apache.ratis.server.impl.LeaderElection.lambda$submitRequests$1(LeaderElection.java:234)
	at java.util.concurrent.FutureTask.run(FutureTask.java:266)
	at java.util.concurrent.Executors$RunnableAdapter.call(Executors.java:511)
	at java.util.concurrent.FutureTask.run(FutureTask.java:266)
	at java.util.concurrent.ThreadPoolExecutor.runWorker(ThreadPoolExecutor.java:1149)
	at java.util.concurrent.ThreadPoolExecutor$Worker.run(ThreadPoolExecutor.java:624)
	... 1 more
Caused by: org.apache.ratis.thirdparty.io.netty.channel.AbstractChannel$AnnotatedConnectException: Connection refused: /192.168.69.67:35902
	at sun.nio.ch.SocketChannelImpl.checkConnect(Native Method)
	at sun.nio.ch.SocketChannelImpl.finishConnect(SocketChannelImpl.java:717)
	at org.apache.ratis.thirdparty.io.netty.channel.socket.nio.NioSocketChannel.doFinishConnect(NioSocketChannel.java:327)
	at org.apache.ratis.thirdparty.io.netty.channel.nio.AbstractNioChannel$AbstractNioUnsafe.finishConnect(AbstractNioChannel.java:340)
	at org.apache.ratis.thirdparty.io.netty.channel.nio.NioEventLoop.processSelectedKey(NioEventLoop.java:632)
	at org.apache.ratis.thirdparty.io.netty.channel.nio.NioEventLoop.processSelectedKeysOptimized(NioEventLoop.java:579)
	at org.apache.ratis.thirdparty.io.netty.channel.nio.NioEventLoop.processSelectedKeys(NioEventLoop.java:496)
	at org.apache.ratis.thirdparty.io.netty.channel.nio.NioEventLoop.run(NioEventLoop.java:458)
	at org.apache.ratis.thirdparty.io.netty.util.concurrent.SingleThreadEventExecutor$5.run(SingleThreadEventExecutor.java:897)
	at org.apache.ratis.thirdparty.io.netty.util.concurrent.FastThreadLocalRunnable.run(FastThreadLocalRunnable.java:30)
	... 1 more
Caused by: java.net.ConnectException: Connection refused
	... 11 more
2019-10-18 07:14:58,608 [grpc-default-executor-2] INFO  impl.RaftServerImpl (RaftServerImpl.java:setRole(184)) - 988115cd-21c9-4558-b198-f2cedd98ccf3@group-20BE3FF63202: changes role from  FOLLOWER to FOLLOWER at term 329 for recognizeCandidate:c52c3de9-0ed1-4f2b-ba1d-f317ceeb0ceb
2019-10-18 07:14:58,608 [grpc-default-executor-2] INFO  impl.RoleInfo (RoleInfo.java:shutdownFollowerState(121)) - 988115cd-21c9-4558-b198-f2cedd98ccf3: shutdown FollowerState
2019-10-18 07:14:58,609 [grpc-default-executor-2] INFO  impl.RoleInfo (RoleInfo.java:updateAndGet(143)) - 988115cd-21c9-4558-b198-f2cedd98ccf3: start FollowerState
2019-10-18 07:14:58,609 [Thread-2296] INFO  impl.FollowerState (FollowerState.java:run(117)) - 988115cd-21c9-4558-b198-f2cedd98ccf3@group-20BE3FF63202-FollowerState was interrupted: java.lang.InterruptedException: sleep interrupted
2019-10-18 07:14:58,625 [c52c3de9-0ed1-4f2b-ba1d-f317ceeb0ceb@group-20BE3FF63202-LeaderElection279] INFO  impl.LeaderElection (LeaderElection.java:logAndReturn(56)) - c52c3de9-0ed1-4f2b-ba1d-f317ceeb0ceb@group-20BE3FF63202-LeaderElection279: Election REJECTED; received 1 response(s) [c52c3de9-0ed1-4f2b-ba1d-f317ceeb0ceb<-988115cd-21c9-4558-b198-f2cedd98ccf3#0:FAIL-t329] and 1 exception(s); c52c3de9-0ed1-4f2b-ba1d-f317ceeb0ceb@group-20BE3FF63202:t329, leader=null, voted=c52c3de9-0ed1-4f2b-ba1d-f317ceeb0ceb, raftlog=c52c3de9-0ed1-4f2b-ba1d-f317ceeb0ceb@group-20BE3FF63202-SegmentedRaftLog:OPENED:c-1,f-1,i0, conf=-1: [24274e9f-e41f-4654-9afc-a783ca44e44b:192.168.69.67:35902, 988115cd-21c9-4558-b198-f2cedd98ccf3:192.168.69.67:44208, c52c3de9-0ed1-4f2b-ba1d-f317ceeb0ceb:192.168.69.67:37615], old=null
2019-10-18 07:14:58,625 [c52c3de9-0ed1-4f2b-ba1d-f317ceeb0ceb@group-20BE3FF63202-LeaderElection279] INFO  impl.LeaderElection (LogUtils.java:infoOrTrace(149)) -   Exception 0: {}
java.util.concurrent.ExecutionException: org.apache.ratis.thirdparty.io.grpc.StatusRuntimeException: UNAVAILABLE: io exception
	at java.util.concurrent.FutureTask.report(FutureTask.java:122)
	at java.util.concurrent.FutureTask.get(FutureTask.java:192)
	at org.apache.ratis.server.impl.LeaderElection.waitForResults(LeaderElection.java:259)
	at org.apache.ratis.server.impl.LeaderElection.askForVotes(LeaderElection.java:197)
	at org.apache.ratis.server.impl.LeaderElection.run(LeaderElection.java:133)
	at java.lang.Thread.run(Thread.java:748)
Caused by: org.apache.ratis.thirdparty.io.grpc.StatusRuntimeException: UNAVAILABLE: io exception
	at org.apache.ratis.thirdparty.io.grpc.stub.ClientCalls.toStatusRuntimeException(ClientCalls.java:233)
	at org.apache.ratis.thirdparty.io.grpc.stub.ClientCalls.getUnchecked(ClientCalls.java:214)
	at org.apache.ratis.thirdparty.io.grpc.stub.ClientCalls.blockingUnaryCall(ClientCalls.java:139)
	at org.apache.ratis.proto.grpc.RaftServerProtocolServiceGrpc$RaftServerProtocolServiceBlockingStub.requestVote(RaftServerProtocolServiceGrpc.java:265)
	at org.apache.ratis.grpc.server.GrpcServerProtocolClient.requestVote(GrpcServerProtocolClient.java:99)
	at org.apache.ratis.grpc.server.GrpcService.requestVote(GrpcService.java:204)
	at org.apache.ratis.server.impl.LeaderElection.lambda$submitRequests$1(LeaderElection.java:234)
	at java.util.concurrent.FutureTask.run(FutureTask.java:266)
	at java.util.concurrent.Executors$RunnableAdapter.call(Executors.java:511)
	at java.util.concurrent.FutureTask.run(FutureTask.java:266)
	at java.util.concurrent.ThreadPoolExecutor.runWorker(ThreadPoolExecutor.java:1149)
	at java.util.concurrent.ThreadPoolExecutor$Worker.run(ThreadPoolExecutor.java:624)
	... 1 more
Caused by: org.apache.ratis.thirdparty.io.netty.channel.AbstractChannel$AnnotatedConnectException: Connection refused: /192.168.69.67:35902
	at sun.nio.ch.SocketChannelImpl.checkConnect(Native Method)
	at sun.nio.ch.SocketChannelImpl.finishConnect(SocketChannelImpl.java:717)
	at org.apache.ratis.thirdparty.io.netty.channel.socket.nio.NioSocketChannel.doFinishConnect(NioSocketChannel.java:327)
	at org.apache.ratis.thirdparty.io.netty.channel.nio.AbstractNioChannel$AbstractNioUnsafe.finishConnect(AbstractNioChannel.java:340)
	at org.apache.ratis.thirdparty.io.netty.channel.nio.NioEventLoop.processSelectedKey(NioEventLoop.java:632)
	at org.apache.ratis.thirdparty.io.netty.channel.nio.NioEventLoop.processSelectedKeysOptimized(NioEventLoop.java:579)
	at org.apache.ratis.thirdparty.io.netty.channel.nio.NioEventLoop.processSelectedKeys(NioEventLoop.java:496)
	at org.apache.ratis.thirdparty.io.netty.channel.nio.NioEventLoop.run(NioEventLoop.java:458)
	at org.apache.ratis.thirdparty.io.netty.util.concurrent.SingleThreadEventExecutor$5.run(SingleThreadEventExecutor.java:897)
	at org.apache.ratis.thirdparty.io.netty.util.concurrent.FastThreadLocalRunnable.run(FastThreadLocalRunnable.java:30)
	... 1 more
Caused by: java.net.ConnectException: Connection refused
	... 11 more
2019-10-18 07:14:58,625 [c52c3de9-0ed1-4f2b-ba1d-f317ceeb0ceb@group-20BE3FF63202-LeaderElection279] INFO  impl.RaftServerImpl (RaftServerImpl.java:setRole(184)) - c52c3de9-0ed1-4f2b-ba1d-f317ceeb0ceb@group-20BE3FF63202: changes role from CANDIDATE to FOLLOWER at term 329 for DISCOVERED_A_NEW_TERM
2019-10-18 07:14:58,626 [c52c3de9-0ed1-4f2b-ba1d-f317ceeb0ceb@group-20BE3FF63202-LeaderElection279] INFO  impl.RoleInfo (RoleInfo.java:shutdownLeaderElection(134)) - c52c3de9-0ed1-4f2b-ba1d-f317ceeb0ceb: shutdown LeaderElection
2019-10-18 07:14:58,626 [c52c3de9-0ed1-4f2b-ba1d-f317ceeb0ceb@group-20BE3FF63202-LeaderElection279] INFO  impl.RoleInfo (RoleInfo.java:updateAndGet(143)) - c52c3de9-0ed1-4f2b-ba1d-f317ceeb0ceb: start FollowerState
2019-10-18 07:14:58,793 [EventQueue-StaleNodeForStaleNodeHandler] INFO  node.StaleNodeHandler (StaleNodeHandler.java:onMessage(58)) - Datanode 988115cd-21c9-4558-b198-f2cedd98ccf3{ip: 192.168.69.67, host: pr-hdds-1868-wx8dl-4219780377, networkLocation: /default-rack, certSerialId: null} moved to stale state. Finalizing its pipelines [PipelineID=ec1fcde6-a599-4756-a64d-20be3ff63202, PipelineID=f1ec29f3-863c-45fa-9c11-bf878b4c9d21]
2019-10-18 07:14:58,793 [EventQueue-StaleNodeForStaleNodeHandler] INFO  pipeline.SCMPipelineManager (SCMPipelineManager.java:finalizeAndDestroyPipeline(315)) - destroying pipeline:Pipeline[ Id: ec1fcde6-a599-4756-a64d-20be3ff63202, Nodes: 988115cd-21c9-4558-b198-f2cedd98ccf3{ip: 192.168.69.67, host: pr-hdds-1868-wx8dl-4219780377, networkLocation: /default-rack, certSerialId: null}24274e9f-e41f-4654-9afc-a783ca44e44b{ip: 192.168.69.67, host: pr-hdds-1868-wx8dl-4219780377, networkLocation: /default-rack, certSerialId: null}c52c3de9-0ed1-4f2b-ba1d-f317ceeb0ceb{ip: 192.168.69.67, host: pr-hdds-1868-wx8dl-4219780377, networkLocation: /default-rack, certSerialId: null}, Type:RATIS, Factor:THREE, State:CLOSED]
2019-10-18 07:14:58,794 [EventQueue-StaleNodeForStaleNodeHandler] INFO  pipeline.SCMPipelineManager (SCMPipelineManager.java:finalizeAndDestroyPipeline(315)) - destroying pipeline:Pipeline[ Id: f1ec29f3-863c-45fa-9c11-bf878b4c9d21, Nodes: 988115cd-21c9-4558-b198-f2cedd98ccf3{ip: 192.168.69.67, host: pr-hdds-1868-wx8dl-4219780377, networkLocation: /default-rack, certSerialId: null}, Type:RATIS, Factor:ONE, State:OPEN]
2019-10-18 07:14:58,794 [EventQueue-StaleNodeForStaleNodeHandler] INFO  pipeline.PipelineStateManager (PipelineStateManager.java:finalizePipeline(121)) - Pipeline Pipeline[ Id: f1ec29f3-863c-45fa-9c11-bf878b4c9d21, Nodes: 988115cd-21c9-4558-b198-f2cedd98ccf3{ip: 192.168.69.67, host: pr-hdds-1868-wx8dl-4219780377, networkLocation: /default-rack, certSerialId: null}, Type:RATIS, Factor:ONE, State:CLOSED] moved to CLOSED state
2019-10-18 07:14:58,823 [Thread-2302] INFO  impl.FollowerState (FollowerState.java:run(108)) - c52c3de9-0ed1-4f2b-ba1d-f317ceeb0ceb@group-20BE3FF63202-FollowerState: change to CANDIDATE, lastRpcTime:197ms, electionTimeout:197ms
2019-10-18 07:14:58,824 [Thread-2302] INFO  impl.RoleInfo (RoleInfo.java:shutdownFollowerState(121)) - c52c3de9-0ed1-4f2b-ba1d-f317ceeb0ceb: shutdown FollowerState
2019-10-18 07:14:58,824 [Thread-2302] INFO  impl.RaftServerImpl (RaftServerImpl.java:setRole(184)) - c52c3de9-0ed1-4f2b-ba1d-f317ceeb0ceb@group-20BE3FF63202: changes role from  FOLLOWER to CANDIDATE at term 329 for changeToCandidate
2019-10-18 07:14:58,824 [Thread-2302] INFO  impl.RoleInfo (RoleInfo.java:updateAndGet(143)) - c52c3de9-0ed1-4f2b-ba1d-f317ceeb0ceb: start LeaderElection
2019-10-18 07:14:58,838 [c52c3de9-0ed1-4f2b-ba1d-f317ceeb0ceb@group-20BE3FF63202-LeaderElection280] INFO  impl.LeaderElection (LeaderElection.java:askForVotes(178)) - c52c3de9-0ed1-4f2b-ba1d-f317ceeb0ceb@group-20BE3FF63202-LeaderElection280: begin an election at term 330 for -1: [24274e9f-e41f-4654-9afc-a783ca44e44b:192.168.69.67:35902, 988115cd-21c9-4558-b198-f2cedd98ccf3:192.168.69.67:44208, c52c3de9-0ed1-4f2b-ba1d-f317ceeb0ceb:192.168.69.67:37615], old=null
2019-10-18 07:14:58,839 [c52c3de9-0ed1-4f2b-ba1d-f317ceeb0ceb@group-20BE3FF63202-LeaderElection280] INFO  impl.LeaderElection (LogUtils.java:infoOrTrace(149)) - c52c3de9-0ed1-4f2b-ba1d-f317ceeb0ceb@group-20BE3FF63202-LeaderElection280 got exception when requesting votes: {}
java.util.concurrent.ExecutionException: org.apache.ratis.thirdparty.io.grpc.StatusRuntimeException: UNAVAILABLE: io exception
	at java.util.concurrent.FutureTask.report(FutureTask.java:122)
	at java.util.concurrent.FutureTask.get(FutureTask.java:192)
	at org.apache.ratis.server.impl.LeaderElection.waitForResults(LeaderElection.java:259)
	at org.apache.ratis.server.impl.LeaderElection.askForVotes(LeaderElection.java:197)
	at org.apache.ratis.server.impl.LeaderElection.run(LeaderElection.java:133)
	at java.lang.Thread.run(Thread.java:748)
Caused by: org.apache.ratis.thirdparty.io.grpc.StatusRuntimeException: UNAVAILABLE: io exception
	at org.apache.ratis.thirdparty.io.grpc.stub.ClientCalls.toStatusRuntimeException(ClientCalls.java:233)
	at org.apache.ratis.thirdparty.io.grpc.stub.ClientCalls.getUnchecked(ClientCalls.java:214)
	at org.apache.ratis.thirdparty.io.grpc.stub.ClientCalls.blockingUnaryCall(ClientCalls.java:139)
	at org.apache.ratis.proto.grpc.RaftServerProtocolServiceGrpc$RaftServerProtocolServiceBlockingStub.requestVote(RaftServerProtocolServiceGrpc.java:265)
	at org.apache.ratis.grpc.server.GrpcServerProtocolClient.requestVote(GrpcServerProtocolClient.java:99)
	at org.apache.ratis.grpc.server.GrpcService.requestVote(GrpcService.java:204)
	at org.apache.ratis.server.impl.LeaderElection.lambda$submitRequests$1(LeaderElection.java:234)
	at java.util.concurrent.FutureTask.run(FutureTask.java:266)
	at java.util.concurrent.Executors$RunnableAdapter.call(Executors.java:511)
	at java.util.concurrent.FutureTask.run(FutureTask.java:266)
	at java.util.concurrent.ThreadPoolExecutor.runWorker(ThreadPoolExecutor.java:1149)
	at java.util.concurrent.ThreadPoolExecutor$Worker.run(ThreadPoolExecutor.java:624)
	... 1 more
Caused by: org.apache.ratis.thirdparty.io.netty.channel.AbstractChannel$AnnotatedConnectException: Connection refused: /192.168.69.67:35902
	at sun.nio.ch.SocketChannelImpl.checkConnect(Native Method)
	at sun.nio.ch.SocketChannelImpl.finishConnect(SocketChannelImpl.java:717)
	at org.apache.ratis.thirdparty.io.netty.channel.socket.nio.NioSocketChannel.doFinishConnect(NioSocketChannel.java:327)
	at org.apache.ratis.thirdparty.io.netty.channel.nio.AbstractNioChannel$AbstractNioUnsafe.finishConnect(AbstractNioChannel.java:340)
	at org.apache.ratis.thirdparty.io.netty.channel.nio.NioEventLoop.processSelectedKey(NioEventLoop.java:632)
	at org.apache.ratis.thirdparty.io.netty.channel.nio.NioEventLoop.processSelectedKeysOptimized(NioEventLoop.java:579)
	at org.apache.ratis.thirdparty.io.netty.channel.nio.NioEventLoop.processSelectedKeys(NioEventLoop.java:496)
	at org.apache.ratis.thirdparty.io.netty.channel.nio.NioEventLoop.run(NioEventLoop.java:458)
	at org.apache.ratis.thirdparty.io.netty.util.concurrent.SingleThreadEventExecutor$5.run(SingleThreadEventExecutor.java:897)
	at org.apache.ratis.thirdparty.io.netty.util.concurrent.FastThreadLocalRunnable.run(FastThreadLocalRunnable.java:30)
	... 1 more
Caused by: java.net.ConnectException: Connection refused
	... 11 more
2019-10-18 07:14:58,848 [grpc-default-executor-2] INFO  impl.RaftServerImpl (RaftServerImpl.java:setRole(184)) - 988115cd-21c9-4558-b198-f2cedd98ccf3@group-20BE3FF63202: changes role from  FOLLOWER to FOLLOWER at term 330 for recognizeCandidate:c52c3de9-0ed1-4f2b-ba1d-f317ceeb0ceb
2019-10-18 07:14:58,848 [grpc-default-executor-2] INFO  impl.RoleInfo (RoleInfo.java:shutdownFollowerState(121)) - 988115cd-21c9-4558-b198-f2cedd98ccf3: shutdown FollowerState
2019-10-18 07:14:58,848 [grpc-default-executor-2] INFO  impl.RoleInfo (RoleInfo.java:updateAndGet(143)) - 988115cd-21c9-4558-b198-f2cedd98ccf3: start FollowerState
2019-10-18 07:14:58,848 [Thread-2301] INFO  impl.FollowerState (FollowerState.java:run(117)) - 988115cd-21c9-4558-b198-f2cedd98ccf3@group-20BE3FF63202-FollowerState was interrupted: java.lang.InterruptedException: sleep interrupted
2019-10-18 07:14:58,863 [c52c3de9-0ed1-4f2b-ba1d-f317ceeb0ceb@group-20BE3FF63202-LeaderElection280] INFO  impl.LeaderElection (LeaderElection.java:logAndReturn(56)) - c52c3de9-0ed1-4f2b-ba1d-f317ceeb0ceb@group-20BE3FF63202-LeaderElection280: Election REJECTED; received 1 response(s) [c52c3de9-0ed1-4f2b-ba1d-f317ceeb0ceb<-988115cd-21c9-4558-b198-f2cedd98ccf3#0:FAIL-t330] and 1 exception(s); c52c3de9-0ed1-4f2b-ba1d-f317ceeb0ceb@group-20BE3FF63202:t330, leader=null, voted=c52c3de9-0ed1-4f2b-ba1d-f317ceeb0ceb, raftlog=c52c3de9-0ed1-4f2b-ba1d-f317ceeb0ceb@group-20BE3FF63202-SegmentedRaftLog:OPENED:c-1,f-1,i0, conf=-1: [24274e9f-e41f-4654-9afc-a783ca44e44b:192.168.69.67:35902, 988115cd-21c9-4558-b198-f2cedd98ccf3:192.168.69.67:44208, c52c3de9-0ed1-4f2b-ba1d-f317ceeb0ceb:192.168.69.67:37615], old=null
2019-10-18 07:14:58,863 [c52c3de9-0ed1-4f2b-ba1d-f317ceeb0ceb@group-20BE3FF63202-LeaderElection280] INFO  impl.LeaderElection (LogUtils.java:infoOrTrace(149)) -   Exception 0: {}
java.util.concurrent.ExecutionException: org.apache.ratis.thirdparty.io.grpc.StatusRuntimeException: UNAVAILABLE: io exception
	at java.util.concurrent.FutureTask.report(FutureTask.java:122)
	at java.util.concurrent.FutureTask.get(FutureTask.java:192)
	at org.apache.ratis.server.impl.LeaderElection.waitForResults(LeaderElection.java:259)
	at org.apache.ratis.server.impl.LeaderElection.askForVotes(LeaderElection.java:197)
	at org.apache.ratis.server.impl.LeaderElection.run(LeaderElection.java:133)
	at java.lang.Thread.run(Thread.java:748)
Caused by: org.apache.ratis.thirdparty.io.grpc.StatusRuntimeException: UNAVAILABLE: io exception
	at org.apache.ratis.thirdparty.io.grpc.stub.ClientCalls.toStatusRuntimeException(ClientCalls.java:233)
	at org.apache.ratis.thirdparty.io.grpc.stub.ClientCalls.getUnchecked(ClientCalls.java:214)
	at org.apache.ratis.thirdparty.io.grpc.stub.ClientCalls.blockingUnaryCall(ClientCalls.java:139)
	at org.apache.ratis.proto.grpc.RaftServerProtocolServiceGrpc$RaftServerProtocolServiceBlockingStub.requestVote(RaftServerProtocolServiceGrpc.java:265)
	at org.apache.ratis.grpc.server.GrpcServerProtocolClient.requestVote(GrpcServerProtocolClient.java:99)
	at org.apache.ratis.grpc.server.GrpcService.requestVote(GrpcService.java:204)
	at org.apache.ratis.server.impl.LeaderElection.lambda$submitRequests$1(LeaderElection.java:234)
	at java.util.concurrent.FutureTask.run(FutureTask.java:266)
	at java.util.concurrent.Executors$RunnableAdapter.call(Executors.java:511)
	at java.util.concurrent.FutureTask.run(FutureTask.java:266)
	at java.util.concurrent.ThreadPoolExecutor.runWorker(ThreadPoolExecutor.java:1149)
	at java.util.concurrent.ThreadPoolExecutor$Worker.run(ThreadPoolExecutor.java:624)
	... 1 more
Caused by: org.apache.ratis.thirdparty.io.netty.channel.AbstractChannel$AnnotatedConnectException: Connection refused: /192.168.69.67:35902
	at sun.nio.ch.SocketChannelImpl.checkConnect(Native Method)
	at sun.nio.ch.SocketChannelImpl.finishConnect(SocketChannelImpl.java:717)
	at org.apache.ratis.thirdparty.io.netty.channel.socket.nio.NioSocketChannel.doFinishConnect(NioSocketChannel.java:327)
	at org.apache.ratis.thirdparty.io.netty.channel.nio.AbstractNioChannel$AbstractNioUnsafe.finishConnect(AbstractNioChannel.java:340)
	at org.apache.ratis.thirdparty.io.netty.channel.nio.NioEventLoop.processSelectedKey(NioEventLoop.java:632)
	at org.apache.ratis.thirdparty.io.netty.channel.nio.NioEventLoop.processSelectedKeysOptimized(NioEventLoop.java:579)
	at org.apache.ratis.thirdparty.io.netty.channel.nio.NioEventLoop.processSelectedKeys(NioEventLoop.java:496)
	at org.apache.ratis.thirdparty.io.netty.channel.nio.NioEventLoop.run(NioEventLoop.java:458)
	at org.apache.ratis.thirdparty.io.netty.util.concurrent.SingleThreadEventExecutor$5.run(SingleThreadEventExecutor.java:897)
	at org.apache.ratis.thirdparty.io.netty.util.concurrent.FastThreadLocalRunnable.run(FastThreadLocalRunnable.java:30)
	... 1 more
Caused by: java.net.ConnectException: Connection refused
	... 11 more
2019-10-18 07:14:58,863 [c52c3de9-0ed1-4f2b-ba1d-f317ceeb0ceb@group-20BE3FF63202-LeaderElection280] INFO  impl.RaftServerImpl (RaftServerImpl.java:setRole(184)) - c52c3de9-0ed1-4f2b-ba1d-f317ceeb0ceb@group-20BE3FF63202: changes role from CANDIDATE to FOLLOWER at term 330 for DISCOVERED_A_NEW_TERM
2019-10-18 07:14:58,864 [c52c3de9-0ed1-4f2b-ba1d-f317ceeb0ceb@group-20BE3FF63202-LeaderElection280] INFO  impl.RoleInfo (RoleInfo.java:shutdownLeaderElection(134)) - c52c3de9-0ed1-4f2b-ba1d-f317ceeb0ceb: shutdown LeaderElection
2019-10-18 07:14:58,864 [c52c3de9-0ed1-4f2b-ba1d-f317ceeb0ceb@group-20BE3FF63202-LeaderElection280] INFO  impl.RoleInfo (RoleInfo.java:updateAndGet(143)) - c52c3de9-0ed1-4f2b-ba1d-f317ceeb0ceb: start FollowerState
2019-10-18 07:14:59,053 [Thread-2307] INFO  impl.FollowerState (FollowerState.java:run(108)) - c52c3de9-0ed1-4f2b-ba1d-f317ceeb0ceb@group-20BE3FF63202-FollowerState: change to CANDIDATE, lastRpcTime:189ms, electionTimeout:189ms
2019-10-18 07:14:59,053 [Thread-2307] INFO  impl.RoleInfo (RoleInfo.java:shutdownFollowerState(121)) - c52c3de9-0ed1-4f2b-ba1d-f317ceeb0ceb: shutdown FollowerState
2019-10-18 07:14:59,054 [Thread-2307] INFO  impl.RaftServerImpl (RaftServerImpl.java:setRole(184)) - c52c3de9-0ed1-4f2b-ba1d-f317ceeb0ceb@group-20BE3FF63202: changes role from  FOLLOWER to CANDIDATE at term 330 for changeToCandidate
2019-10-18 07:14:59,054 [Thread-2307] INFO  impl.RoleInfo (RoleInfo.java:updateAndGet(143)) - c52c3de9-0ed1-4f2b-ba1d-f317ceeb0ceb: start LeaderElection
2019-10-18 07:14:59,068 [c52c3de9-0ed1-4f2b-ba1d-f317ceeb0ceb@group-20BE3FF63202-LeaderElection281] INFO  impl.LeaderElection (LeaderElection.java:askForVotes(178)) - c52c3de9-0ed1-4f2b-ba1d-f317ceeb0ceb@group-20BE3FF63202-LeaderElection281: begin an election at term 331 for -1: [24274e9f-e41f-4654-9afc-a783ca44e44b:192.168.69.67:35902, 988115cd-21c9-4558-b198-f2cedd98ccf3:192.168.69.67:44208, c52c3de9-0ed1-4f2b-ba1d-f317ceeb0ceb:192.168.69.67:37615], old=null
2019-10-18 07:14:59,069 [c52c3de9-0ed1-4f2b-ba1d-f317ceeb0ceb@group-20BE3FF63202-LeaderElection281] INFO  impl.LeaderElection (LogUtils.java:infoOrTrace(149)) - c52c3de9-0ed1-4f2b-ba1d-f317ceeb0ceb@group-20BE3FF63202-LeaderElection281 got exception when requesting votes: {}
java.util.concurrent.ExecutionException: org.apache.ratis.thirdparty.io.grpc.StatusRuntimeException: UNAVAILABLE: io exception
	at java.util.concurrent.FutureTask.report(FutureTask.java:122)
	at java.util.concurrent.FutureTask.get(FutureTask.java:192)
	at org.apache.ratis.server.impl.LeaderElection.waitForResults(LeaderElection.java:259)
	at org.apache.ratis.server.impl.LeaderElection.askForVotes(LeaderElection.java:197)
	at org.apache.ratis.server.impl.LeaderElection.run(LeaderElection.java:133)
	at java.lang.Thread.run(Thread.java:748)
Caused by: org.apache.ratis.thirdparty.io.grpc.StatusRuntimeException: UNAVAILABLE: io exception
	at org.apache.ratis.thirdparty.io.grpc.stub.ClientCalls.toStatusRuntimeException(ClientCalls.java:233)
	at org.apache.ratis.thirdparty.io.grpc.stub.ClientCalls.getUnchecked(ClientCalls.java:214)
	at org.apache.ratis.thirdparty.io.grpc.stub.ClientCalls.blockingUnaryCall(ClientCalls.java:139)
	at org.apache.ratis.proto.grpc.RaftServerProtocolServiceGrpc$RaftServerProtocolServiceBlockingStub.requestVote(RaftServerProtocolServiceGrpc.java:265)
	at org.apache.ratis.grpc.server.GrpcServerProtocolClient.requestVote(GrpcServerProtocolClient.java:99)
	at org.apache.ratis.grpc.server.GrpcService.requestVote(GrpcService.java:204)
	at org.apache.ratis.server.impl.LeaderElection.lambda$submitRequests$1(LeaderElection.java:234)
	at java.util.concurrent.FutureTask.run(FutureTask.java:266)
	at java.util.concurrent.Executors$RunnableAdapter.call(Executors.java:511)
	at java.util.concurrent.FutureTask.run(FutureTask.java:266)
	at java.util.concurrent.ThreadPoolExecutor.runWorker(ThreadPoolExecutor.java:1149)
	at java.util.concurrent.ThreadPoolExecutor$Worker.run(ThreadPoolExecutor.java:624)
	... 1 more
Caused by: org.apache.ratis.thirdparty.io.netty.channel.AbstractChannel$AnnotatedConnectException: Connection refused: /192.168.69.67:35902
	at sun.nio.ch.SocketChannelImpl.checkConnect(Native Method)
	at sun.nio.ch.SocketChannelImpl.finishConnect(SocketChannelImpl.java:717)
	at org.apache.ratis.thirdparty.io.netty.channel.socket.nio.NioSocketChannel.doFinishConnect(NioSocketChannel.java:327)
	at org.apache.ratis.thirdparty.io.netty.channel.nio.AbstractNioChannel$AbstractNioUnsafe.finishConnect(AbstractNioChannel.java:340)
	at org.apache.ratis.thirdparty.io.netty.channel.nio.NioEventLoop.processSelectedKey(NioEventLoop.java:632)
	at org.apache.ratis.thirdparty.io.netty.channel.nio.NioEventLoop.processSelectedKeysOptimized(NioEventLoop.java:579)
	at org.apache.ratis.thirdparty.io.netty.channel.nio.NioEventLoop.processSelectedKeys(NioEventLoop.java:496)
	at org.apache.ratis.thirdparty.io.netty.channel.nio.NioEventLoop.run(NioEventLoop.java:458)
	at org.apache.ratis.thirdparty.io.netty.util.concurrent.SingleThreadEventExecutor$5.run(SingleThreadEventExecutor.java:897)
	at org.apache.ratis.thirdparty.io.netty.util.concurrent.FastThreadLocalRunnable.run(FastThreadLocalRunnable.java:30)
	... 1 more
Caused by: java.net.ConnectException: Connection refused
	... 11 more
2019-10-18 07:14:59,072 [grpc-default-executor-2] INFO  impl.RaftServerImpl (RaftServerImpl.java:setRole(184)) - 988115cd-21c9-4558-b198-f2cedd98ccf3@group-20BE3FF63202: changes role from  FOLLOWER to FOLLOWER at term 331 for recognizeCandidate:c52c3de9-0ed1-4f2b-ba1d-f317ceeb0ceb
2019-10-18 07:14:59,072 [grpc-default-executor-2] INFO  impl.RoleInfo (RoleInfo.java:shutdownFollowerState(121)) - 988115cd-21c9-4558-b198-f2cedd98ccf3: shutdown FollowerState
2019-10-18 07:14:59,072 [grpc-default-executor-2] INFO  impl.RoleInfo (RoleInfo.java:updateAndGet(143)) - 988115cd-21c9-4558-b198-f2cedd98ccf3: start FollowerState
2019-10-18 07:14:59,072 [Thread-2306] INFO  impl.FollowerState (FollowerState.java:run(117)) - 988115cd-21c9-4558-b198-f2cedd98ccf3@group-20BE3FF63202-FollowerState was interrupted: java.lang.InterruptedException: sleep interrupted
2019-10-18 07:14:59,087 [c52c3de9-0ed1-4f2b-ba1d-f317ceeb0ceb@group-20BE3FF63202-LeaderElection281] INFO  impl.LeaderElection (LeaderElection.java:logAndReturn(56)) - c52c3de9-0ed1-4f2b-ba1d-f317ceeb0ceb@group-20BE3FF63202-LeaderElection281: Election REJECTED; received 1 response(s) [c52c3de9-0ed1-4f2b-ba1d-f317ceeb0ceb<-988115cd-21c9-4558-b198-f2cedd98ccf3#0:FAIL-t331] and 1 exception(s); c52c3de9-0ed1-4f2b-ba1d-f317ceeb0ceb@group-20BE3FF63202:t331, leader=null, voted=c52c3de9-0ed1-4f2b-ba1d-f317ceeb0ceb, raftlog=c52c3de9-0ed1-4f2b-ba1d-f317ceeb0ceb@group-20BE3FF63202-SegmentedRaftLog:OPENED:c-1,f-1,i0, conf=-1: [24274e9f-e41f-4654-9afc-a783ca44e44b:192.168.69.67:35902, 988115cd-21c9-4558-b198-f2cedd98ccf3:192.168.69.67:44208, c52c3de9-0ed1-4f2b-ba1d-f317ceeb0ceb:192.168.69.67:37615], old=null
2019-10-18 07:14:59,087 [c52c3de9-0ed1-4f2b-ba1d-f317ceeb0ceb@group-20BE3FF63202-LeaderElection281] INFO  impl.LeaderElection (LogUtils.java:infoOrTrace(149)) -   Exception 0: {}
java.util.concurrent.ExecutionException: org.apache.ratis.thirdparty.io.grpc.StatusRuntimeException: UNAVAILABLE: io exception
	at java.util.concurrent.FutureTask.report(FutureTask.java:122)
	at java.util.concurrent.FutureTask.get(FutureTask.java:192)
	at org.apache.ratis.server.impl.LeaderElection.waitForResults(LeaderElection.java:259)
	at org.apache.ratis.server.impl.LeaderElection.askForVotes(LeaderElection.java:197)
	at org.apache.ratis.server.impl.LeaderElection.run(LeaderElection.java:133)
	at java.lang.Thread.run(Thread.java:748)
Caused by: org.apache.ratis.thirdparty.io.grpc.StatusRuntimeException: UNAVAILABLE: io exception
	at org.apache.ratis.thirdparty.io.grpc.stub.ClientCalls.toStatusRuntimeException(ClientCalls.java:233)
	at org.apache.ratis.thirdparty.io.grpc.stub.ClientCalls.getUnchecked(ClientCalls.java:214)
	at org.apache.ratis.thirdparty.io.grpc.stub.ClientCalls.blockingUnaryCall(ClientCalls.java:139)
	at org.apache.ratis.proto.grpc.RaftServerProtocolServiceGrpc$RaftServerProtocolServiceBlockingStub.requestVote(RaftServerProtocolServiceGrpc.java:265)
	at org.apache.ratis.grpc.server.GrpcServerProtocolClient.requestVote(GrpcServerProtocolClient.java:99)
	at org.apache.ratis.grpc.server.GrpcService.requestVote(GrpcService.java:204)
	at org.apache.ratis.server.impl.LeaderElection.lambda$submitRequests$1(LeaderElection.java:234)
	at java.util.concurrent.FutureTask.run(FutureTask.java:266)
	at java.util.concurrent.Executors$RunnableAdapter.call(Executors.java:511)
	at java.util.concurrent.FutureTask.run(FutureTask.java:266)
	at java.util.concurrent.ThreadPoolExecutor.runWorker(ThreadPoolExecutor.java:1149)
	at java.util.concurrent.ThreadPoolExecutor$Worker.run(ThreadPoolExecutor.java:624)
	... 1 more
Caused by: org.apache.ratis.thirdparty.io.netty.channel.AbstractChannel$AnnotatedConnectException: Connection refused: /192.168.69.67:35902
	at sun.nio.ch.SocketChannelImpl.checkConnect(Native Method)
	at sun.nio.ch.SocketChannelImpl.finishConnect(SocketChannelImpl.java:717)
	at org.apache.ratis.thirdparty.io.netty.channel.socket.nio.NioSocketChannel.doFinishConnect(NioSocketChannel.java:327)
	at org.apache.ratis.thirdparty.io.netty.channel.nio.AbstractNioChannel$AbstractNioUnsafe.finishConnect(AbstractNioChannel.java:340)
	at org.apache.ratis.thirdparty.io.netty.channel.nio.NioEventLoop.processSelectedKey(NioEventLoop.java:632)
	at org.apache.ratis.thirdparty.io.netty.channel.nio.NioEventLoop.processSelectedKeysOptimized(NioEventLoop.java:579)
	at org.apache.ratis.thirdparty.io.netty.channel.nio.NioEventLoop.processSelectedKeys(NioEventLoop.java:496)
	at org.apache.ratis.thirdparty.io.netty.channel.nio.NioEventLoop.run(NioEventLoop.java:458)
	at org.apache.ratis.thirdparty.io.netty.util.concurrent.SingleThreadEventExecutor$5.run(SingleThreadEventExecutor.java:897)
	at org.apache.ratis.thirdparty.io.netty.util.concurrent.FastThreadLocalRunnable.run(FastThreadLocalRunnable.java:30)
	... 1 more
Caused by: java.net.ConnectException: Connection refused
	... 11 more
2019-10-18 07:14:59,087 [c52c3de9-0ed1-4f2b-ba1d-f317ceeb0ceb@group-20BE3FF63202-LeaderElection281] INFO  impl.RaftServerImpl (RaftServerImpl.java:setRole(184)) - c52c3de9-0ed1-4f2b-ba1d-f317ceeb0ceb@group-20BE3FF63202: changes role from CANDIDATE to FOLLOWER at term 331 for DISCOVERED_A_NEW_TERM
2019-10-18 07:14:59,088 [c52c3de9-0ed1-4f2b-ba1d-f317ceeb0ceb@group-20BE3FF63202-LeaderElection281] INFO  impl.RoleInfo (RoleInfo.java:shutdownLeaderElection(134)) - c52c3de9-0ed1-4f2b-ba1d-f317ceeb0ceb: shutdown LeaderElection
2019-10-18 07:14:59,088 [c52c3de9-0ed1-4f2b-ba1d-f317ceeb0ceb@group-20BE3FF63202-LeaderElection281] INFO  impl.RoleInfo (RoleInfo.java:updateAndGet(143)) - c52c3de9-0ed1-4f2b-ba1d-f317ceeb0ceb: start FollowerState
2019-10-18 07:14:59,269 [Thread-2312] INFO  impl.FollowerState (FollowerState.java:run(108)) - c52c3de9-0ed1-4f2b-ba1d-f317ceeb0ceb@group-20BE3FF63202-FollowerState: change to CANDIDATE, lastRpcTime:181ms, electionTimeout:181ms
2019-10-18 07:14:59,269 [Thread-2312] INFO  impl.RoleInfo (RoleInfo.java:shutdownFollowerState(121)) - c52c3de9-0ed1-4f2b-ba1d-f317ceeb0ceb: shutdown FollowerState
2019-10-18 07:14:59,269 [Thread-2312] INFO  impl.RaftServerImpl (RaftServerImpl.java:setRole(184)) - c52c3de9-0ed1-4f2b-ba1d-f317ceeb0ceb@group-20BE3FF63202: changes role from  FOLLOWER to CANDIDATE at term 331 for changeToCandidate
2019-10-18 07:14:59,270 [Thread-2312] INFO  impl.RoleInfo (RoleInfo.java:updateAndGet(143)) - c52c3de9-0ed1-4f2b-ba1d-f317ceeb0ceb: start LeaderElection
2019-10-18 07:14:59,284 [c52c3de9-0ed1-4f2b-ba1d-f317ceeb0ceb@group-20BE3FF63202-LeaderElection282] INFO  impl.LeaderElection (LeaderElection.java:askForVotes(178)) - c52c3de9-0ed1-4f2b-ba1d-f317ceeb0ceb@group-20BE3FF63202-LeaderElection282: begin an election at term 332 for -1: [24274e9f-e41f-4654-9afc-a783ca44e44b:192.168.69.67:35902, 988115cd-21c9-4558-b198-f2cedd98ccf3:192.168.69.67:44208, c52c3de9-0ed1-4f2b-ba1d-f317ceeb0ceb:192.168.69.67:37615], old=null
2019-10-18 07:14:59,285 [c52c3de9-0ed1-4f2b-ba1d-f317ceeb0ceb@group-20BE3FF63202-LeaderElection282] INFO  impl.LeaderElection (LogUtils.java:infoOrTrace(149)) - c52c3de9-0ed1-4f2b-ba1d-f317ceeb0ceb@group-20BE3FF63202-LeaderElection282 got exception when requesting votes: {}
java.util.concurrent.ExecutionException: org.apache.ratis.thirdparty.io.grpc.StatusRuntimeException: UNAVAILABLE: io exception
	at java.util.concurrent.FutureTask.report(FutureTask.java:122)
	at java.util.concurrent.FutureTask.get(FutureTask.java:192)
	at org.apache.ratis.server.impl.LeaderElection.waitForResults(LeaderElection.java:259)
	at org.apache.ratis.server.impl.LeaderElection.askForVotes(LeaderElection.java:197)
	at org.apache.ratis.server.impl.LeaderElection.run(LeaderElection.java:133)
	at java.lang.Thread.run(Thread.java:748)
Caused by: org.apache.ratis.thirdparty.io.grpc.StatusRuntimeException: UNAVAILABLE: io exception
	at org.apache.ratis.thirdparty.io.grpc.stub.ClientCalls.toStatusRuntimeException(ClientCalls.java:233)
	at org.apache.ratis.thirdparty.io.grpc.stub.ClientCalls.getUnchecked(ClientCalls.java:214)
	at org.apache.ratis.thirdparty.io.grpc.stub.ClientCalls.blockingUnaryCall(ClientCalls.java:139)
	at org.apache.ratis.proto.grpc.RaftServerProtocolServiceGrpc$RaftServerProtocolServiceBlockingStub.requestVote(RaftServerProtocolServiceGrpc.java:265)
	at org.apache.ratis.grpc.server.GrpcServerProtocolClient.requestVote(GrpcServerProtocolClient.java:99)
	at org.apache.ratis.grpc.server.GrpcService.requestVote(GrpcService.java:204)
	at org.apache.ratis.server.impl.LeaderElection.lambda$submitRequests$1(LeaderElection.java:234)
	at java.util.concurrent.FutureTask.run(FutureTask.java:266)
	at java.util.concurrent.Executors$RunnableAdapter.call(Executors.java:511)
	at java.util.concurrent.FutureTask.run(FutureTask.java:266)
	at java.util.concurrent.ThreadPoolExecutor.runWorker(ThreadPoolExecutor.java:1149)
	at java.util.concurrent.ThreadPoolExecutor$Worker.run(ThreadPoolExecutor.java:624)
	... 1 more
Caused by: org.apache.ratis.thirdparty.io.netty.channel.AbstractChannel$AnnotatedConnectException: Connection refused: /192.168.69.67:35902
	at sun.nio.ch.SocketChannelImpl.checkConnect(Native Method)
	at sun.nio.ch.SocketChannelImpl.finishConnect(SocketChannelImpl.java:717)
	at org.apache.ratis.thirdparty.io.netty.channel.socket.nio.NioSocketChannel.doFinishConnect(NioSocketChannel.java:327)
	at org.apache.ratis.thirdparty.io.netty.channel.nio.AbstractNioChannel$AbstractNioUnsafe.finishConnect(AbstractNioChannel.java:340)
	at org.apache.ratis.thirdparty.io.netty.channel.nio.NioEventLoop.processSelectedKey(NioEventLoop.java:632)
	at org.apache.ratis.thirdparty.io.netty.channel.nio.NioEventLoop.processSelectedKeysOptimized(NioEventLoop.java:579)
	at org.apache.ratis.thirdparty.io.netty.channel.nio.NioEventLoop.processSelectedKeys(NioEventLoop.java:496)
	at org.apache.ratis.thirdparty.io.netty.channel.nio.NioEventLoop.run(NioEventLoop.java:458)
	at org.apache.ratis.thirdparty.io.netty.util.concurrent.SingleThreadEventExecutor$5.run(SingleThreadEventExecutor.java:897)
	at org.apache.ratis.thirdparty.io.netty.util.concurrent.FastThreadLocalRunnable.run(FastThreadLocalRunnable.java:30)
	... 1 more
Caused by: java.net.ConnectException: Connection refused
	... 11 more
2019-10-18 07:14:59,289 [grpc-default-executor-2] INFO  impl.RaftServerImpl (RaftServerImpl.java:setRole(184)) - 988115cd-21c9-4558-b198-f2cedd98ccf3@group-20BE3FF63202: changes role from  FOLLOWER to FOLLOWER at term 332 for recognizeCandidate:c52c3de9-0ed1-4f2b-ba1d-f317ceeb0ceb
2019-10-18 07:14:59,289 [grpc-default-executor-2] INFO  impl.RoleInfo (RoleInfo.java:shutdownFollowerState(121)) - 988115cd-21c9-4558-b198-f2cedd98ccf3: shutdown FollowerState
2019-10-18 07:14:59,289 [grpc-default-executor-2] INFO  impl.RoleInfo (RoleInfo.java:updateAndGet(143)) - 988115cd-21c9-4558-b198-f2cedd98ccf3: start FollowerState
2019-10-18 07:14:59,289 [Thread-2311] INFO  impl.FollowerState (FollowerState.java:run(117)) - 988115cd-21c9-4558-b198-f2cedd98ccf3@group-20BE3FF63202-FollowerState was interrupted: java.lang.InterruptedException: sleep interrupted
2019-10-18 07:14:59,298 [c52c3de9-0ed1-4f2b-ba1d-f317ceeb0ceb@group-20BE3FF63202-LeaderElection282] INFO  impl.LeaderElection (LeaderElection.java:logAndReturn(56)) - c52c3de9-0ed1-4f2b-ba1d-f317ceeb0ceb@group-20BE3FF63202-LeaderElection282: Election REJECTED; received 1 response(s) [c52c3de9-0ed1-4f2b-ba1d-f317ceeb0ceb<-988115cd-21c9-4558-b198-f2cedd98ccf3#0:FAIL-t332] and 1 exception(s); c52c3de9-0ed1-4f2b-ba1d-f317ceeb0ceb@group-20BE3FF63202:t332, leader=null, voted=c52c3de9-0ed1-4f2b-ba1d-f317ceeb0ceb, raftlog=c52c3de9-0ed1-4f2b-ba1d-f317ceeb0ceb@group-20BE3FF63202-SegmentedRaftLog:OPENED:c-1,f-1,i0, conf=-1: [24274e9f-e41f-4654-9afc-a783ca44e44b:192.168.69.67:35902, 988115cd-21c9-4558-b198-f2cedd98ccf3:192.168.69.67:44208, c52c3de9-0ed1-4f2b-ba1d-f317ceeb0ceb:192.168.69.67:37615], old=null
2019-10-18 07:14:59,298 [c52c3de9-0ed1-4f2b-ba1d-f317ceeb0ceb@group-20BE3FF63202-LeaderElection282] INFO  impl.LeaderElection (LogUtils.java:infoOrTrace(149)) -   Exception 0: {}
java.util.concurrent.ExecutionException: org.apache.ratis.thirdparty.io.grpc.StatusRuntimeException: UNAVAILABLE: io exception
	at java.util.concurrent.FutureTask.report(FutureTask.java:122)
	at java.util.concurrent.FutureTask.get(FutureTask.java:192)
	at org.apache.ratis.server.impl.LeaderElection.waitForResults(LeaderElection.java:259)
	at org.apache.ratis.server.impl.LeaderElection.askForVotes(LeaderElection.java:197)
	at org.apache.ratis.server.impl.LeaderElection.run(LeaderElection.java:133)
	at java.lang.Thread.run(Thread.java:748)
Caused by: org.apache.ratis.thirdparty.io.grpc.StatusRuntimeException: UNAVAILABLE: io exception
	at org.apache.ratis.thirdparty.io.grpc.stub.ClientCalls.toStatusRuntimeException(ClientCalls.java:233)
	at org.apache.ratis.thirdparty.io.grpc.stub.ClientCalls.getUnchecked(ClientCalls.java:214)
	at org.apache.ratis.thirdparty.io.grpc.stub.ClientCalls.blockingUnaryCall(ClientCalls.java:139)
	at org.apache.ratis.proto.grpc.RaftServerProtocolServiceGrpc$RaftServerProtocolServiceBlockingStub.requestVote(RaftServerProtocolServiceGrpc.java:265)
	at org.apache.ratis.grpc.server.GrpcServerProtocolClient.requestVote(GrpcServerProtocolClient.java:99)
	at org.apache.ratis.grpc.server.GrpcService.requestVote(GrpcService.java:204)
	at org.apache.ratis.server.impl.LeaderElection.lambda$submitRequests$1(LeaderElection.java:234)
	at java.util.concurrent.FutureTask.run(FutureTask.java:266)
	at java.util.concurrent.Executors$RunnableAdapter.call(Executors.java:511)
	at java.util.concurrent.FutureTask.run(FutureTask.java:266)
	at java.util.concurrent.ThreadPoolExecutor.runWorker(ThreadPoolExecutor.java:1149)
	at java.util.concurrent.ThreadPoolExecutor$Worker.run(ThreadPoolExecutor.java:624)
	... 1 more
Caused by: org.apache.ratis.thirdparty.io.netty.channel.AbstractChannel$AnnotatedConnectException: Connection refused: /192.168.69.67:35902
	at sun.nio.ch.SocketChannelImpl.checkConnect(Native Method)
	at sun.nio.ch.SocketChannelImpl.finishConnect(SocketChannelImpl.java:717)
	at org.apache.ratis.thirdparty.io.netty.channel.socket.nio.NioSocketChannel.doFinishConnect(NioSocketChannel.java:327)
	at org.apache.ratis.thirdparty.io.netty.channel.nio.AbstractNioChannel$AbstractNioUnsafe.finishConnect(AbstractNioChannel.java:340)
	at org.apache.ratis.thirdparty.io.netty.channel.nio.NioEventLoop.processSelectedKey(NioEventLoop.java:632)
	at org.apache.ratis.thirdparty.io.netty.channel.nio.NioEventLoop.processSelectedKeysOptimized(NioEventLoop.java:579)
	at org.apache.ratis.thirdparty.io.netty.channel.nio.NioEventLoop.processSelectedKeys(NioEventLoop.java:496)
	at org.apache.ratis.thirdparty.io.netty.channel.nio.NioEventLoop.run(NioEventLoop.java:458)
	at org.apache.ratis.thirdparty.io.netty.util.concurrent.SingleThreadEventExecutor$5.run(SingleThreadEventExecutor.java:897)
	at org.apache.ratis.thirdparty.io.netty.util.concurrent.FastThreadLocalRunnable.run(FastThreadLocalRunnable.java:30)
	... 1 more
Caused by: java.net.ConnectException: Connection refused
	... 11 more
2019-10-18 07:14:59,298 [c52c3de9-0ed1-4f2b-ba1d-f317ceeb0ceb@group-20BE3FF63202-LeaderElection282] INFO  impl.RaftServerImpl (RaftServerImpl.java:setRole(184)) - c52c3de9-0ed1-4f2b-ba1d-f317ceeb0ceb@group-20BE3FF63202: changes role from CANDIDATE to FOLLOWER at term 332 for DISCOVERED_A_NEW_TERM
2019-10-18 07:14:59,299 [c52c3de9-0ed1-4f2b-ba1d-f317ceeb0ceb@group-20BE3FF63202-LeaderElection282] INFO  impl.RoleInfo (RoleInfo.java:shutdownLeaderElection(134)) - c52c3de9-0ed1-4f2b-ba1d-f317ceeb0ceb: shutdown LeaderElection
2019-10-18 07:14:59,299 [c52c3de9-0ed1-4f2b-ba1d-f317ceeb0ceb@group-20BE3FF63202-LeaderElection282] INFO  impl.RoleInfo (RoleInfo.java:updateAndGet(143)) - c52c3de9-0ed1-4f2b-ba1d-f317ceeb0ceb: start FollowerState
2019-10-18 07:14:59,306 [Thread-2317] INFO  impl.FollowerState (FollowerState.java:run(108)) - c52c3de9-0ed1-4f2b-ba1d-f317ceeb0ceb@group-20BE3FF63202-FollowerState: change to CANDIDATE, lastRpcTime:7ms, electionTimeout:7ms
2019-10-18 07:14:59,306 [Thread-2317] INFO  impl.RoleInfo (RoleInfo.java:shutdownFollowerState(121)) - c52c3de9-0ed1-4f2b-ba1d-f317ceeb0ceb: shutdown FollowerState
2019-10-18 07:14:59,307 [Thread-2317] INFO  impl.RaftServerImpl (RaftServerImpl.java:setRole(184)) - c52c3de9-0ed1-4f2b-ba1d-f317ceeb0ceb@group-20BE3FF63202: changes role from  FOLLOWER to CANDIDATE at term 332 for changeToCandidate
2019-10-18 07:14:59,307 [Thread-2317] INFO  impl.RoleInfo (RoleInfo.java:updateAndGet(143)) - c52c3de9-0ed1-4f2b-ba1d-f317ceeb0ceb: start LeaderElection
2019-10-18 07:14:59,314 [c52c3de9-0ed1-4f2b-ba1d-f317ceeb0ceb@group-20BE3FF63202-LeaderElection283] INFO  impl.LeaderElection (LeaderElection.java:askForVotes(178)) - c52c3de9-0ed1-4f2b-ba1d-f317ceeb0ceb@group-20BE3FF63202-LeaderElection283: begin an election at term 333 for -1: [24274e9f-e41f-4654-9afc-a783ca44e44b:192.168.69.67:35902, 988115cd-21c9-4558-b198-f2cedd98ccf3:192.168.69.67:44208, c52c3de9-0ed1-4f2b-ba1d-f317ceeb0ceb:192.168.69.67:37615], old=null
2019-10-18 07:14:59,315 [c52c3de9-0ed1-4f2b-ba1d-f317ceeb0ceb@group-20BE3FF63202-LeaderElection283] INFO  impl.LeaderElection (LogUtils.java:infoOrTrace(149)) - c52c3de9-0ed1-4f2b-ba1d-f317ceeb0ceb@group-20BE3FF63202-LeaderElection283 got exception when requesting votes: {}
java.util.concurrent.ExecutionException: org.apache.ratis.thirdparty.io.grpc.StatusRuntimeException: UNAVAILABLE: io exception
	at java.util.concurrent.FutureTask.report(FutureTask.java:122)
	at java.util.concurrent.FutureTask.get(FutureTask.java:192)
	at org.apache.ratis.server.impl.LeaderElection.waitForResults(LeaderElection.java:259)
	at org.apache.ratis.server.impl.LeaderElection.askForVotes(LeaderElection.java:197)
	at org.apache.ratis.server.impl.LeaderElection.run(LeaderElection.java:133)
	at java.lang.Thread.run(Thread.java:748)
Caused by: org.apache.ratis.thirdparty.io.grpc.StatusRuntimeException: UNAVAILABLE: io exception
	at org.apache.ratis.thirdparty.io.grpc.stub.ClientCalls.toStatusRuntimeException(ClientCalls.java:233)
	at org.apache.ratis.thirdparty.io.grpc.stub.ClientCalls.getUnchecked(ClientCalls.java:214)
	at org.apache.ratis.thirdparty.io.grpc.stub.ClientCalls.blockingUnaryCall(ClientCalls.java:139)
	at org.apache.ratis.proto.grpc.RaftServerProtocolServiceGrpc$RaftServerProtocolServiceBlockingStub.requestVote(RaftServerProtocolServiceGrpc.java:265)
	at org.apache.ratis.grpc.server.GrpcServerProtocolClient.requestVote(GrpcServerProtocolClient.java:99)
	at org.apache.ratis.grpc.server.GrpcService.requestVote(GrpcService.java:204)
	at org.apache.ratis.server.impl.LeaderElection.lambda$submitRequests$1(LeaderElection.java:234)
	at java.util.concurrent.FutureTask.run(FutureTask.java:266)
	at java.util.concurrent.Executors$RunnableAdapter.call(Executors.java:511)
	at java.util.concurrent.FutureTask.run(FutureTask.java:266)
	at java.util.concurrent.ThreadPoolExecutor.runWorker(ThreadPoolExecutor.java:1149)
	at java.util.concurrent.ThreadPoolExecutor$Worker.run(ThreadPoolExecutor.java:624)
	... 1 more
Caused by: org.apache.ratis.thirdparty.io.netty.channel.AbstractChannel$AnnotatedConnectException: Connection refused: /192.168.69.67:35902
	at sun.nio.ch.SocketChannelImpl.checkConnect(Native Method)
	at sun.nio.ch.SocketChannelImpl.finishConnect(SocketChannelImpl.java:717)
	at org.apache.ratis.thirdparty.io.netty.channel.socket.nio.NioSocketChannel.doFinishConnect(NioSocketChannel.java:327)
	at org.apache.ratis.thirdparty.io.netty.channel.nio.AbstractNioChannel$AbstractNioUnsafe.finishConnect(AbstractNioChannel.java:340)
	at org.apache.ratis.thirdparty.io.netty.channel.nio.NioEventLoop.processSelectedKey(NioEventLoop.java:632)
	at org.apache.ratis.thirdparty.io.netty.channel.nio.NioEventLoop.processSelectedKeysOptimized(NioEventLoop.java:579)
	at org.apache.ratis.thirdparty.io.netty.channel.nio.NioEventLoop.processSelectedKeys(NioEventLoop.java:496)
	at org.apache.ratis.thirdparty.io.netty.channel.nio.NioEventLoop.run(NioEventLoop.java:458)
	at org.apache.ratis.thirdparty.io.netty.util.concurrent.SingleThreadEventExecutor$5.run(SingleThreadEventExecutor.java:897)
	at org.apache.ratis.thirdparty.io.netty.util.concurrent.FastThreadLocalRunnable.run(FastThreadLocalRunnable.java:30)
	... 1 more
Caused by: java.net.ConnectException: Connection refused
	... 11 more
2019-10-18 07:14:59,317 [grpc-default-executor-2] INFO  impl.RaftServerImpl (RaftServerImpl.java:setRole(184)) - 988115cd-21c9-4558-b198-f2cedd98ccf3@group-20BE3FF63202: changes role from  FOLLOWER to FOLLOWER at term 333 for recognizeCandidate:c52c3de9-0ed1-4f2b-ba1d-f317ceeb0ceb
2019-10-18 07:14:59,317 [grpc-default-executor-2] INFO  impl.RoleInfo (RoleInfo.java:shutdownFollowerState(121)) - 988115cd-21c9-4558-b198-f2cedd98ccf3: shutdown FollowerState
2019-10-18 07:14:59,317 [grpc-default-executor-2] INFO  impl.RoleInfo (RoleInfo.java:updateAndGet(143)) - 988115cd-21c9-4558-b198-f2cedd98ccf3: start FollowerState
2019-10-18 07:14:59,317 [Thread-2316] INFO  impl.FollowerState (FollowerState.java:run(117)) - 988115cd-21c9-4558-b198-f2cedd98ccf3@group-20BE3FF63202-FollowerState was interrupted: java.lang.InterruptedException: sleep interrupted
2019-10-18 07:14:59,331 [c52c3de9-0ed1-4f2b-ba1d-f317ceeb0ceb@group-20BE3FF63202-LeaderElection283] INFO  impl.LeaderElection (LeaderElection.java:logAndReturn(56)) - c52c3de9-0ed1-4f2b-ba1d-f317ceeb0ceb@group-20BE3FF63202-LeaderElection283: Election REJECTED; received 1 response(s) [c52c3de9-0ed1-4f2b-ba1d-f317ceeb0ceb<-988115cd-21c9-4558-b198-f2cedd98ccf3#0:FAIL-t333] and 1 exception(s); c52c3de9-0ed1-4f2b-ba1d-f317ceeb0ceb@group-20BE3FF63202:t333, leader=null, voted=c52c3de9-0ed1-4f2b-ba1d-f317ceeb0ceb, raftlog=c52c3de9-0ed1-4f2b-ba1d-f317ceeb0ceb@group-20BE3FF63202-SegmentedRaftLog:OPENED:c-1,f-1,i0, conf=-1: [24274e9f-e41f-4654-9afc-a783ca44e44b:192.168.69.67:35902, 988115cd-21c9-4558-b198-f2cedd98ccf3:192.168.69.67:44208, c52c3de9-0ed1-4f2b-ba1d-f317ceeb0ceb:192.168.69.67:37615], old=null
2019-10-18 07:14:59,332 [c52c3de9-0ed1-4f2b-ba1d-f317ceeb0ceb@group-20BE3FF63202-LeaderElection283] INFO  impl.LeaderElection (LogUtils.java:infoOrTrace(149)) -   Exception 0: {}
java.util.concurrent.ExecutionException: org.apache.ratis.thirdparty.io.grpc.StatusRuntimeException: UNAVAILABLE: io exception
	at java.util.concurrent.FutureTask.report(FutureTask.java:122)
	at java.util.concurrent.FutureTask.get(FutureTask.java:192)
	at org.apache.ratis.server.impl.LeaderElection.waitForResults(LeaderElection.java:259)
	at org.apache.ratis.server.impl.LeaderElection.askForVotes(LeaderElection.java:197)
	at org.apache.ratis.server.impl.LeaderElection.run(LeaderElection.java:133)
	at java.lang.Thread.run(Thread.java:748)
Caused by: org.apache.ratis.thirdparty.io.grpc.StatusRuntimeException: UNAVAILABLE: io exception
	at org.apache.ratis.thirdparty.io.grpc.stub.ClientCalls.toStatusRuntimeException(ClientCalls.java:233)
	at org.apache.ratis.thirdparty.io.grpc.stub.ClientCalls.getUnchecked(ClientCalls.java:214)
	at org.apache.ratis.thirdparty.io.grpc.stub.ClientCalls.blockingUnaryCall(ClientCalls.java:139)
	at org.apache.ratis.proto.grpc.RaftServerProtocolServiceGrpc$RaftServerProtocolServiceBlockingStub.requestVote(RaftServerProtocolServiceGrpc.java:265)
	at org.apache.ratis.grpc.server.GrpcServerProtocolClient.requestVote(GrpcServerProtocolClient.java:99)
	at org.apache.ratis.grpc.server.GrpcService.requestVote(GrpcService.java:204)
	at org.apache.ratis.server.impl.LeaderElection.lambda$submitRequests$1(LeaderElection.java:234)
	at java.util.concurrent.FutureTask.run(FutureTask.java:266)
	at java.util.concurrent.Executors$RunnableAdapter.call(Executors.java:511)
	at java.util.concurrent.FutureTask.run(FutureTask.java:266)
	at java.util.concurrent.ThreadPoolExecutor.runWorker(ThreadPoolExecutor.java:1149)
	at java.util.concurrent.ThreadPoolExecutor$Worker.run(ThreadPoolExecutor.java:624)
	... 1 more
Caused by: org.apache.ratis.thirdparty.io.netty.channel.AbstractChannel$AnnotatedConnectException: Connection refused: /192.168.69.67:35902
	at sun.nio.ch.SocketChannelImpl.checkConnect(Native Method)
	at sun.nio.ch.SocketChannelImpl.finishConnect(SocketChannelImpl.java:717)
	at org.apache.ratis.thirdparty.io.netty.channel.socket.nio.NioSocketChannel.doFinishConnect(NioSocketChannel.java:327)
	at org.apache.ratis.thirdparty.io.netty.channel.nio.AbstractNioChannel$AbstractNioUnsafe.finishConnect(AbstractNioChannel.java:340)
	at org.apache.ratis.thirdparty.io.netty.channel.nio.NioEventLoop.processSelectedKey(NioEventLoop.java:632)
	at org.apache.ratis.thirdparty.io.netty.channel.nio.NioEventLoop.processSelectedKeysOptimized(NioEventLoop.java:579)
	at org.apache.ratis.thirdparty.io.netty.channel.nio.NioEventLoop.processSelectedKeys(NioEventLoop.java:496)
	at org.apache.ratis.thirdparty.io.netty.channel.nio.NioEventLoop.run(NioEventLoop.java:458)
	at org.apache.ratis.thirdparty.io.netty.util.concurrent.SingleThreadEventExecutor$5.run(SingleThreadEventExecutor.java:897)
	at org.apache.ratis.thirdparty.io.netty.util.concurrent.FastThreadLocalRunnable.run(FastThreadLocalRunnable.java:30)
	... 1 more
Caused by: java.net.ConnectException: Connection refused
	... 11 more
2019-10-18 07:14:59,332 [c52c3de9-0ed1-4f2b-ba1d-f317ceeb0ceb@group-20BE3FF63202-LeaderElection283] INFO  impl.RaftServerImpl (RaftServerImpl.java:setRole(184)) - c52c3de9-0ed1-4f2b-ba1d-f317ceeb0ceb@group-20BE3FF63202: changes role from CANDIDATE to FOLLOWER at term 333 for DISCOVERED_A_NEW_TERM
2019-10-18 07:14:59,332 [c52c3de9-0ed1-4f2b-ba1d-f317ceeb0ceb@group-20BE3FF63202-LeaderElection283] INFO  impl.RoleInfo (RoleInfo.java:shutdownLeaderElection(134)) - c52c3de9-0ed1-4f2b-ba1d-f317ceeb0ceb: shutdown LeaderElection
2019-10-18 07:14:59,332 [c52c3de9-0ed1-4f2b-ba1d-f317ceeb0ceb@group-20BE3FF63202-LeaderElection283] INFO  impl.RoleInfo (RoleInfo.java:updateAndGet(143)) - c52c3de9-0ed1-4f2b-ba1d-f317ceeb0ceb: start FollowerState
2019-10-18 07:14:59,449 [Thread-2322] INFO  impl.FollowerState (FollowerState.java:run(108)) - c52c3de9-0ed1-4f2b-ba1d-f317ceeb0ceb@group-20BE3FF63202-FollowerState: change to CANDIDATE, lastRpcTime:116ms, electionTimeout:116ms
2019-10-18 07:14:59,449 [Thread-2322] INFO  impl.RoleInfo (RoleInfo.java:shutdownFollowerState(121)) - c52c3de9-0ed1-4f2b-ba1d-f317ceeb0ceb: shutdown FollowerState
2019-10-18 07:14:59,449 [Thread-2322] INFO  impl.RaftServerImpl (RaftServerImpl.java:setRole(184)) - c52c3de9-0ed1-4f2b-ba1d-f317ceeb0ceb@group-20BE3FF63202: changes role from  FOLLOWER to CANDIDATE at term 333 for changeToCandidate
2019-10-18 07:14:59,449 [Thread-2322] INFO  impl.RoleInfo (RoleInfo.java:updateAndGet(143)) - c52c3de9-0ed1-4f2b-ba1d-f317ceeb0ceb: start LeaderElection
2019-10-18 07:14:59,464 [c52c3de9-0ed1-4f2b-ba1d-f317ceeb0ceb@group-20BE3FF63202-LeaderElection284] INFO  impl.LeaderElection (LeaderElection.java:askForVotes(178)) - c52c3de9-0ed1-4f2b-ba1d-f317ceeb0ceb@group-20BE3FF63202-LeaderElection284: begin an election at term 334 for -1: [24274e9f-e41f-4654-9afc-a783ca44e44b:192.168.69.67:35902, 988115cd-21c9-4558-b198-f2cedd98ccf3:192.168.69.67:44208, c52c3de9-0ed1-4f2b-ba1d-f317ceeb0ceb:192.168.69.67:37615], old=null
2019-10-18 07:14:59,465 [c52c3de9-0ed1-4f2b-ba1d-f317ceeb0ceb@group-20BE3FF63202-LeaderElection284] INFO  impl.LeaderElection (LogUtils.java:infoOrTrace(149)) - c52c3de9-0ed1-4f2b-ba1d-f317ceeb0ceb@group-20BE3FF63202-LeaderElection284 got exception when requesting votes: {}
java.util.concurrent.ExecutionException: org.apache.ratis.thirdparty.io.grpc.StatusRuntimeException: UNAVAILABLE: io exception
	at java.util.concurrent.FutureTask.report(FutureTask.java:122)
	at java.util.concurrent.FutureTask.get(FutureTask.java:192)
	at org.apache.ratis.server.impl.LeaderElection.waitForResults(LeaderElection.java:259)
	at org.apache.ratis.server.impl.LeaderElection.askForVotes(LeaderElection.java:197)
	at org.apache.ratis.server.impl.LeaderElection.run(LeaderElection.java:133)
	at java.lang.Thread.run(Thread.java:748)
Caused by: org.apache.ratis.thirdparty.io.grpc.StatusRuntimeException: UNAVAILABLE: io exception
	at org.apache.ratis.thirdparty.io.grpc.stub.ClientCalls.toStatusRuntimeException(ClientCalls.java:233)
	at org.apache.ratis.thirdparty.io.grpc.stub.ClientCalls.getUnchecked(ClientCalls.java:214)
	at org.apache.ratis.thirdparty.io.grpc.stub.ClientCalls.blockingUnaryCall(ClientCalls.java:139)
	at org.apache.ratis.proto.grpc.RaftServerProtocolServiceGrpc$RaftServerProtocolServiceBlockingStub.requestVote(RaftServerProtocolServiceGrpc.java:265)
	at org.apache.ratis.grpc.server.GrpcServerProtocolClient.requestVote(GrpcServerProtocolClient.java:99)
	at org.apache.ratis.grpc.server.GrpcService.requestVote(GrpcService.java:204)
	at org.apache.ratis.server.impl.LeaderElection.lambda$submitRequests$1(LeaderElection.java:234)
	at java.util.concurrent.FutureTask.run(FutureTask.java:266)
	at java.util.concurrent.Executors$RunnableAdapter.call(Executors.java:511)
	at java.util.concurrent.FutureTask.run(FutureTask.java:266)
	at java.util.concurrent.ThreadPoolExecutor.runWorker(ThreadPoolExecutor.java:1149)
	at java.util.concurrent.ThreadPoolExecutor$Worker.run(ThreadPoolExecutor.java:624)
	... 1 more
Caused by: org.apache.ratis.thirdparty.io.netty.channel.AbstractChannel$AnnotatedConnectException: Connection refused: /192.168.69.67:35902
	at sun.nio.ch.SocketChannelImpl.checkConnect(Native Method)
	at sun.nio.ch.SocketChannelImpl.finishConnect(SocketChannelImpl.java:717)
	at org.apache.ratis.thirdparty.io.netty.channel.socket.nio.NioSocketChannel.doFinishConnect(NioSocketChannel.java:327)
	at org.apache.ratis.thirdparty.io.netty.channel.nio.AbstractNioChannel$AbstractNioUnsafe.finishConnect(AbstractNioChannel.java:340)
	at org.apache.ratis.thirdparty.io.netty.channel.nio.NioEventLoop.processSelectedKey(NioEventLoop.java:632)
	at org.apache.ratis.thirdparty.io.netty.channel.nio.NioEventLoop.processSelectedKeysOptimized(NioEventLoop.java:579)
	at org.apache.ratis.thirdparty.io.netty.channel.nio.NioEventLoop.processSelectedKeys(NioEventLoop.java:496)
	at org.apache.ratis.thirdparty.io.netty.channel.nio.NioEventLoop.run(NioEventLoop.java:458)
	at org.apache.ratis.thirdparty.io.netty.util.concurrent.SingleThreadEventExecutor$5.run(SingleThreadEventExecutor.java:897)
	at org.apache.ratis.thirdparty.io.netty.util.concurrent.FastThreadLocalRunnable.run(FastThreadLocalRunnable.java:30)
	... 1 more
Caused by: java.net.ConnectException: Connection refused
	... 11 more
2019-10-18 07:14:59,468 [grpc-default-executor-2] INFO  impl.RaftServerImpl (RaftServerImpl.java:setRole(184)) - 988115cd-21c9-4558-b198-f2cedd98ccf3@group-20BE3FF63202: changes role from  FOLLOWER to FOLLOWER at term 334 for recognizeCandidate:c52c3de9-0ed1-4f2b-ba1d-f317ceeb0ceb
2019-10-18 07:14:59,468 [grpc-default-executor-2] INFO  impl.RoleInfo (RoleInfo.java:shutdownFollowerState(121)) - 988115cd-21c9-4558-b198-f2cedd98ccf3: shutdown FollowerState
2019-10-18 07:14:59,468 [grpc-default-executor-2] INFO  impl.RoleInfo (RoleInfo.java:updateAndGet(143)) - 988115cd-21c9-4558-b198-f2cedd98ccf3: start FollowerState
2019-10-18 07:14:59,469 [Thread-2321] INFO  impl.FollowerState (FollowerState.java:run(117)) - 988115cd-21c9-4558-b198-f2cedd98ccf3@group-20BE3FF63202-FollowerState was interrupted: java.lang.InterruptedException: sleep interrupted
2019-10-18 07:14:59,483 [c52c3de9-0ed1-4f2b-ba1d-f317ceeb0ceb@group-20BE3FF63202-LeaderElection284] INFO  impl.LeaderElection (LeaderElection.java:logAndReturn(56)) - c52c3de9-0ed1-4f2b-ba1d-f317ceeb0ceb@group-20BE3FF63202-LeaderElection284: Election REJECTED; received 1 response(s) [c52c3de9-0ed1-4f2b-ba1d-f317ceeb0ceb<-988115cd-21c9-4558-b198-f2cedd98ccf3#0:FAIL-t334] and 1 exception(s); c52c3de9-0ed1-4f2b-ba1d-f317ceeb0ceb@group-20BE3FF63202:t334, leader=null, voted=c52c3de9-0ed1-4f2b-ba1d-f317ceeb0ceb, raftlog=c52c3de9-0ed1-4f2b-ba1d-f317ceeb0ceb@group-20BE3FF63202-SegmentedRaftLog:OPENED:c-1,f-1,i0, conf=-1: [24274e9f-e41f-4654-9afc-a783ca44e44b:192.168.69.67:35902, 988115cd-21c9-4558-b198-f2cedd98ccf3:192.168.69.67:44208, c52c3de9-0ed1-4f2b-ba1d-f317ceeb0ceb:192.168.69.67:37615], old=null
2019-10-18 07:14:59,483 [c52c3de9-0ed1-4f2b-ba1d-f317ceeb0ceb@group-20BE3FF63202-LeaderElection284] INFO  impl.LeaderElection (LogUtils.java:infoOrTrace(149)) -   Exception 0: {}
java.util.concurrent.ExecutionException: org.apache.ratis.thirdparty.io.grpc.StatusRuntimeException: UNAVAILABLE: io exception
	at java.util.concurrent.FutureTask.report(FutureTask.java:122)
	at java.util.concurrent.FutureTask.get(FutureTask.java:192)
	at org.apache.ratis.server.impl.LeaderElection.waitForResults(LeaderElection.java:259)
	at org.apache.ratis.server.impl.LeaderElection.askForVotes(LeaderElection.java:197)
	at org.apache.ratis.server.impl.LeaderElection.run(LeaderElection.java:133)
	at java.lang.Thread.run(Thread.java:748)
Caused by: org.apache.ratis.thirdparty.io.grpc.StatusRuntimeException: UNAVAILABLE: io exception
	at org.apache.ratis.thirdparty.io.grpc.stub.ClientCalls.toStatusRuntimeException(ClientCalls.java:233)
	at org.apache.ratis.thirdparty.io.grpc.stub.ClientCalls.getUnchecked(ClientCalls.java:214)
	at org.apache.ratis.thirdparty.io.grpc.stub.ClientCalls.blockingUnaryCall(ClientCalls.java:139)
	at org.apache.ratis.proto.grpc.RaftServerProtocolServiceGrpc$RaftServerProtocolServiceBlockingStub.requestVote(RaftServerProtocolServiceGrpc.java:265)
	at org.apache.ratis.grpc.server.GrpcServerProtocolClient.requestVote(GrpcServerProtocolClient.java:99)
	at org.apache.ratis.grpc.server.GrpcService.requestVote(GrpcService.java:204)
	at org.apache.ratis.server.impl.LeaderElection.lambda$submitRequests$1(LeaderElection.java:234)
	at java.util.concurrent.FutureTask.run(FutureTask.java:266)
	at java.util.concurrent.Executors$RunnableAdapter.call(Executors.java:511)
	at java.util.concurrent.FutureTask.run(FutureTask.java:266)
	at java.util.concurrent.ThreadPoolExecutor.runWorker(ThreadPoolExecutor.java:1149)
	at java.util.concurrent.ThreadPoolExecutor$Worker.run(ThreadPoolExecutor.java:624)
	... 1 more
Caused by: org.apache.ratis.thirdparty.io.netty.channel.AbstractChannel$AnnotatedConnectException: Connection refused: /192.168.69.67:35902
	at sun.nio.ch.SocketChannelImpl.checkConnect(Native Method)
	at sun.nio.ch.SocketChannelImpl.finishConnect(SocketChannelImpl.java:717)
	at org.apache.ratis.thirdparty.io.netty.channel.socket.nio.NioSocketChannel.doFinishConnect(NioSocketChannel.java:327)
	at org.apache.ratis.thirdparty.io.netty.channel.nio.AbstractNioChannel$AbstractNioUnsafe.finishConnect(AbstractNioChannel.java:340)
	at org.apache.ratis.thirdparty.io.netty.channel.nio.NioEventLoop.processSelectedKey(NioEventLoop.java:632)
	at org.apache.ratis.thirdparty.io.netty.channel.nio.NioEventLoop.processSelectedKeysOptimized(NioEventLoop.java:579)
	at org.apache.ratis.thirdparty.io.netty.channel.nio.NioEventLoop.processSelectedKeys(NioEventLoop.java:496)
	at org.apache.ratis.thirdparty.io.netty.channel.nio.NioEventLoop.run(NioEventLoop.java:458)
	at org.apache.ratis.thirdparty.io.netty.util.concurrent.SingleThreadEventExecutor$5.run(SingleThreadEventExecutor.java:897)
	at org.apache.ratis.thirdparty.io.netty.util.concurrent.FastThreadLocalRunnable.run(FastThreadLocalRunnable.java:30)
	... 1 more
Caused by: java.net.ConnectException: Connection refused
	... 11 more
2019-10-18 07:14:59,484 [c52c3de9-0ed1-4f2b-ba1d-f317ceeb0ceb@group-20BE3FF63202-LeaderElection284] INFO  impl.RaftServerImpl (RaftServerImpl.java:setRole(184)) - c52c3de9-0ed1-4f2b-ba1d-f317ceeb0ceb@group-20BE3FF63202: changes role from CANDIDATE to FOLLOWER at term 334 for DISCOVERED_A_NEW_TERM
2019-10-18 07:14:59,484 [c52c3de9-0ed1-4f2b-ba1d-f317ceeb0ceb@group-20BE3FF63202-LeaderElection284] INFO  impl.RoleInfo (RoleInfo.java:shutdownLeaderElection(134)) - c52c3de9-0ed1-4f2b-ba1d-f317ceeb0ceb: shutdown LeaderElection
2019-10-18 07:14:59,484 [c52c3de9-0ed1-4f2b-ba1d-f317ceeb0ceb@group-20BE3FF63202-LeaderElection284] INFO  impl.RoleInfo (RoleInfo.java:updateAndGet(143)) - c52c3de9-0ed1-4f2b-ba1d-f317ceeb0ceb: start FollowerState
2019-10-18 07:14:59,573 [Thread-2327] INFO  impl.FollowerState (FollowerState.java:run(108)) - c52c3de9-0ed1-4f2b-ba1d-f317ceeb0ceb@group-20BE3FF63202-FollowerState: change to CANDIDATE, lastRpcTime:88ms, electionTimeout:88ms
2019-10-18 07:14:59,573 [Thread-2327] INFO  impl.RoleInfo (RoleInfo.java:shutdownFollowerState(121)) - c52c3de9-0ed1-4f2b-ba1d-f317ceeb0ceb: shutdown FollowerState
2019-10-18 07:14:59,573 [Thread-2327] INFO  impl.RaftServerImpl (RaftServerImpl.java:setRole(184)) - c52c3de9-0ed1-4f2b-ba1d-f317ceeb0ceb@group-20BE3FF63202: changes role from  FOLLOWER to CANDIDATE at term 334 for changeToCandidate
2019-10-18 07:14:59,573 [Thread-2327] INFO  impl.RoleInfo (RoleInfo.java:updateAndGet(143)) - c52c3de9-0ed1-4f2b-ba1d-f317ceeb0ceb: start LeaderElection
2019-10-18 07:14:59,588 [c52c3de9-0ed1-4f2b-ba1d-f317ceeb0ceb@group-20BE3FF63202-LeaderElection285] INFO  impl.LeaderElection (LeaderElection.java:askForVotes(178)) - c52c3de9-0ed1-4f2b-ba1d-f317ceeb0ceb@group-20BE3FF63202-LeaderElection285: begin an election at term 335 for -1: [24274e9f-e41f-4654-9afc-a783ca44e44b:192.168.69.67:35902, 988115cd-21c9-4558-b198-f2cedd98ccf3:192.168.69.67:44208, c52c3de9-0ed1-4f2b-ba1d-f317ceeb0ceb:192.168.69.67:37615], old=null
2019-10-18 07:14:59,589 [c52c3de9-0ed1-4f2b-ba1d-f317ceeb0ceb@group-20BE3FF63202-LeaderElection285] INFO  impl.LeaderElection (LogUtils.java:infoOrTrace(149)) - c52c3de9-0ed1-4f2b-ba1d-f317ceeb0ceb@group-20BE3FF63202-LeaderElection285 got exception when requesting votes: {}
java.util.concurrent.ExecutionException: org.apache.ratis.thirdparty.io.grpc.StatusRuntimeException: UNAVAILABLE: io exception
	at java.util.concurrent.FutureTask.report(FutureTask.java:122)
	at java.util.concurrent.FutureTask.get(FutureTask.java:192)
	at org.apache.ratis.server.impl.LeaderElection.waitForResults(LeaderElection.java:259)
	at org.apache.ratis.server.impl.LeaderElection.askForVotes(LeaderElection.java:197)
	at org.apache.ratis.server.impl.LeaderElection.run(LeaderElection.java:133)
	at java.lang.Thread.run(Thread.java:748)
Caused by: org.apache.ratis.thirdparty.io.grpc.StatusRuntimeException: UNAVAILABLE: io exception
	at org.apache.ratis.thirdparty.io.grpc.stub.ClientCalls.toStatusRuntimeException(ClientCalls.java:233)
	at org.apache.ratis.thirdparty.io.grpc.stub.ClientCalls.getUnchecked(ClientCalls.java:214)
	at org.apache.ratis.thirdparty.io.grpc.stub.ClientCalls.blockingUnaryCall(ClientCalls.java:139)
	at org.apache.ratis.proto.grpc.RaftServerProtocolServiceGrpc$RaftServerProtocolServiceBlockingStub.requestVote(RaftServerProtocolServiceGrpc.java:265)
	at org.apache.ratis.grpc.server.GrpcServerProtocolClient.requestVote(GrpcServerProtocolClient.java:99)
	at org.apache.ratis.grpc.server.GrpcService.requestVote(GrpcService.java:204)
	at org.apache.ratis.server.impl.LeaderElection.lambda$submitRequests$1(LeaderElection.java:234)
	at java.util.concurrent.FutureTask.run(FutureTask.java:266)
	at java.util.concurrent.Executors$RunnableAdapter.call(Executors.java:511)
	at java.util.concurrent.FutureTask.run(FutureTask.java:266)
	at java.util.concurrent.ThreadPoolExecutor.runWorker(ThreadPoolExecutor.java:1149)
	at java.util.concurrent.ThreadPoolExecutor$Worker.run(ThreadPoolExecutor.java:624)
	... 1 more
Caused by: org.apache.ratis.thirdparty.io.netty.channel.AbstractChannel$AnnotatedConnectException: Connection refused: /192.168.69.67:35902
	at sun.nio.ch.SocketChannelImpl.checkConnect(Native Method)
	at sun.nio.ch.SocketChannelImpl.finishConnect(SocketChannelImpl.java:717)
	at org.apache.ratis.thirdparty.io.netty.channel.socket.nio.NioSocketChannel.doFinishConnect(NioSocketChannel.java:327)
	at org.apache.ratis.thirdparty.io.netty.channel.nio.AbstractNioChannel$AbstractNioUnsafe.finishConnect(AbstractNioChannel.java:340)
	at org.apache.ratis.thirdparty.io.netty.channel.nio.NioEventLoop.processSelectedKey(NioEventLoop.java:632)
	at org.apache.ratis.thirdparty.io.netty.channel.nio.NioEventLoop.processSelectedKeysOptimized(NioEventLoop.java:579)
	at org.apache.ratis.thirdparty.io.netty.channel.nio.NioEventLoop.processSelectedKeys(NioEventLoop.java:496)
	at org.apache.ratis.thirdparty.io.netty.channel.nio.NioEventLoop.run(NioEventLoop.java:458)
	at org.apache.ratis.thirdparty.io.netty.util.concurrent.SingleThreadEventExecutor$5.run(SingleThreadEventExecutor.java:897)
	at org.apache.ratis.thirdparty.io.netty.util.concurrent.FastThreadLocalRunnable.run(FastThreadLocalRunnable.java:30)
	... 1 more
Caused by: java.net.ConnectException: Connection refused
	... 11 more
2019-10-18 07:14:59,593 [grpc-default-executor-2] INFO  impl.RaftServerImpl (RaftServerImpl.java:setRole(184)) - 988115cd-21c9-4558-b198-f2cedd98ccf3@group-20BE3FF63202: changes role from  FOLLOWER to FOLLOWER at term 335 for recognizeCandidate:c52c3de9-0ed1-4f2b-ba1d-f317ceeb0ceb
2019-10-18 07:14:59,593 [grpc-default-executor-2] INFO  impl.RoleInfo (RoleInfo.java:shutdownFollowerState(121)) - 988115cd-21c9-4558-b198-f2cedd98ccf3: shutdown FollowerState
2019-10-18 07:14:59,593 [grpc-default-executor-2] INFO  impl.RoleInfo (RoleInfo.java:updateAndGet(143)) - 988115cd-21c9-4558-b198-f2cedd98ccf3: start FollowerState
2019-10-18 07:14:59,593 [Thread-2326] INFO  impl.FollowerState (FollowerState.java:run(117)) - 988115cd-21c9-4558-b198-f2cedd98ccf3@group-20BE3FF63202-FollowerState was interrupted: java.lang.InterruptedException: sleep interrupted
2019-10-18 07:14:59,607 [c52c3de9-0ed1-4f2b-ba1d-f317ceeb0ceb@group-20BE3FF63202-LeaderElection285] INFO  impl.LeaderElection (LeaderElection.java:logAndReturn(56)) - c52c3de9-0ed1-4f2b-ba1d-f317ceeb0ceb@group-20BE3FF63202-LeaderElection285: Election REJECTED; received 1 response(s) [c52c3de9-0ed1-4f2b-ba1d-f317ceeb0ceb<-988115cd-21c9-4558-b198-f2cedd98ccf3#0:FAIL-t335] and 1 exception(s); c52c3de9-0ed1-4f2b-ba1d-f317ceeb0ceb@group-20BE3FF63202:t335, leader=null, voted=c52c3de9-0ed1-4f2b-ba1d-f317ceeb0ceb, raftlog=c52c3de9-0ed1-4f2b-ba1d-f317ceeb0ceb@group-20BE3FF63202-SegmentedRaftLog:OPENED:c-1,f-1,i0, conf=-1: [24274e9f-e41f-4654-9afc-a783ca44e44b:192.168.69.67:35902, 988115cd-21c9-4558-b198-f2cedd98ccf3:192.168.69.67:44208, c52c3de9-0ed1-4f2b-ba1d-f317ceeb0ceb:192.168.69.67:37615], old=null
2019-10-18 07:14:59,608 [c52c3de9-0ed1-4f2b-ba1d-f317ceeb0ceb@group-20BE3FF63202-LeaderElection285] INFO  impl.LeaderElection (LogUtils.java:infoOrTrace(149)) -   Exception 0: {}
java.util.concurrent.ExecutionException: org.apache.ratis.thirdparty.io.grpc.StatusRuntimeException: UNAVAILABLE: io exception
	at java.util.concurrent.FutureTask.report(FutureTask.java:122)
	at java.util.concurrent.FutureTask.get(FutureTask.java:192)
	at org.apache.ratis.server.impl.LeaderElection.waitForResults(LeaderElection.java:259)
	at org.apache.ratis.server.impl.LeaderElection.askForVotes(LeaderElection.java:197)
	at org.apache.ratis.server.impl.LeaderElection.run(LeaderElection.java:133)
	at java.lang.Thread.run(Thread.java:748)
Caused by: org.apache.ratis.thirdparty.io.grpc.StatusRuntimeException: UNAVAILABLE: io exception
	at org.apache.ratis.thirdparty.io.grpc.stub.ClientCalls.toStatusRuntimeException(ClientCalls.java:233)
	at org.apache.ratis.thirdparty.io.grpc.stub.ClientCalls.getUnchecked(ClientCalls.java:214)
	at org.apache.ratis.thirdparty.io.grpc.stub.ClientCalls.blockingUnaryCall(ClientCalls.java:139)
	at org.apache.ratis.proto.grpc.RaftServerProtocolServiceGrpc$RaftServerProtocolServiceBlockingStub.requestVote(RaftServerProtocolServiceGrpc.java:265)
	at org.apache.ratis.grpc.server.GrpcServerProtocolClient.requestVote(GrpcServerProtocolClient.java:99)
	at org.apache.ratis.grpc.server.GrpcService.requestVote(GrpcService.java:204)
	at org.apache.ratis.server.impl.LeaderElection.lambda$submitRequests$1(LeaderElection.java:234)
	at java.util.concurrent.FutureTask.run(FutureTask.java:266)
	at java.util.concurrent.Executors$RunnableAdapter.call(Executors.java:511)
	at java.util.concurrent.FutureTask.run(FutureTask.java:266)
	at java.util.concurrent.ThreadPoolExecutor.runWorker(ThreadPoolExecutor.java:1149)
	at java.util.concurrent.ThreadPoolExecutor$Worker.run(ThreadPoolExecutor.java:624)
	... 1 more
Caused by: org.apache.ratis.thirdparty.io.netty.channel.AbstractChannel$AnnotatedConnectException: Connection refused: /192.168.69.67:35902
	at sun.nio.ch.SocketChannelImpl.checkConnect(Native Method)
	at sun.nio.ch.SocketChannelImpl.finishConnect(SocketChannelImpl.java:717)
	at org.apache.ratis.thirdparty.io.netty.channel.socket.nio.NioSocketChannel.doFinishConnect(NioSocketChannel.java:327)
	at org.apache.ratis.thirdparty.io.netty.channel.nio.AbstractNioChannel$AbstractNioUnsafe.finishConnect(AbstractNioChannel.java:340)
	at org.apache.ratis.thirdparty.io.netty.channel.nio.NioEventLoop.processSelectedKey(NioEventLoop.java:632)
	at org.apache.ratis.thirdparty.io.netty.channel.nio.NioEventLoop.processSelectedKeysOptimized(NioEventLoop.java:579)
	at org.apache.ratis.thirdparty.io.netty.channel.nio.NioEventLoop.processSelectedKeys(NioEventLoop.java:496)
	at org.apache.ratis.thirdparty.io.netty.channel.nio.NioEventLoop.run(NioEventLoop.java:458)
	at org.apache.ratis.thirdparty.io.netty.util.concurrent.SingleThreadEventExecutor$5.run(SingleThreadEventExecutor.java:897)
	at org.apache.ratis.thirdparty.io.netty.util.concurrent.FastThreadLocalRunnable.run(FastThreadLocalRunnable.java:30)
	... 1 more
Caused by: java.net.ConnectException: Connection refused
	... 11 more
2019-10-18 07:14:59,608 [c52c3de9-0ed1-4f2b-ba1d-f317ceeb0ceb@group-20BE3FF63202-LeaderElection285] INFO  impl.RaftServerImpl (RaftServerImpl.java:setRole(184)) - c52c3de9-0ed1-4f2b-ba1d-f317ceeb0ceb@group-20BE3FF63202: changes role from CANDIDATE to FOLLOWER at term 335 for DISCOVERED_A_NEW_TERM
2019-10-18 07:14:59,608 [c52c3de9-0ed1-4f2b-ba1d-f317ceeb0ceb@group-20BE3FF63202-LeaderElection285] INFO  impl.RoleInfo (RoleInfo.java:shutdownLeaderElection(134)) - c52c3de9-0ed1-4f2b-ba1d-f317ceeb0ceb: shutdown LeaderElection
2019-10-18 07:14:59,608 [c52c3de9-0ed1-4f2b-ba1d-f317ceeb0ceb@group-20BE3FF63202-LeaderElection285] INFO  impl.RoleInfo (RoleInfo.java:updateAndGet(143)) - c52c3de9-0ed1-4f2b-ba1d-f317ceeb0ceb: start FollowerState
2019-10-18 07:14:59,677 [Thread-2332] INFO  impl.FollowerState (FollowerState.java:run(108)) - c52c3de9-0ed1-4f2b-ba1d-f317ceeb0ceb@group-20BE3FF63202-FollowerState: change to CANDIDATE, lastRpcTime:68ms, electionTimeout:68ms
2019-10-18 07:14:59,677 [Thread-2332] INFO  impl.RoleInfo (RoleInfo.java:shutdownFollowerState(121)) - c52c3de9-0ed1-4f2b-ba1d-f317ceeb0ceb: shutdown FollowerState
2019-10-18 07:14:59,677 [Thread-2332] INFO  impl.RaftServerImpl (RaftServerImpl.java:setRole(184)) - c52c3de9-0ed1-4f2b-ba1d-f317ceeb0ceb@group-20BE3FF63202: changes role from  FOLLOWER to CANDIDATE at term 335 for changeToCandidate
2019-10-18 07:14:59,678 [Thread-2332] INFO  impl.RoleInfo (RoleInfo.java:updateAndGet(143)) - c52c3de9-0ed1-4f2b-ba1d-f317ceeb0ceb: start LeaderElection
2019-10-18 07:14:59,691 [c52c3de9-0ed1-4f2b-ba1d-f317ceeb0ceb@group-20BE3FF63202-LeaderElection286] INFO  impl.LeaderElection (LeaderElection.java:askForVotes(178)) - c52c3de9-0ed1-4f2b-ba1d-f317ceeb0ceb@group-20BE3FF63202-LeaderElection286: begin an election at term 336 for -1: [24274e9f-e41f-4654-9afc-a783ca44e44b:192.168.69.67:35902, 988115cd-21c9-4558-b198-f2cedd98ccf3:192.168.69.67:44208, c52c3de9-0ed1-4f2b-ba1d-f317ceeb0ceb:192.168.69.67:37615], old=null
2019-10-18 07:14:59,692 [c52c3de9-0ed1-4f2b-ba1d-f317ceeb0ceb@group-20BE3FF63202-LeaderElection286] INFO  impl.LeaderElection (LogUtils.java:infoOrTrace(149)) - c52c3de9-0ed1-4f2b-ba1d-f317ceeb0ceb@group-20BE3FF63202-LeaderElection286 got exception when requesting votes: {}
java.util.concurrent.ExecutionException: org.apache.ratis.thirdparty.io.grpc.StatusRuntimeException: UNAVAILABLE: io exception
	at java.util.concurrent.FutureTask.report(FutureTask.java:122)
	at java.util.concurrent.FutureTask.get(FutureTask.java:192)
	at org.apache.ratis.server.impl.LeaderElection.waitForResults(LeaderElection.java:259)
	at org.apache.ratis.server.impl.LeaderElection.askForVotes(LeaderElection.java:197)
	at org.apache.ratis.server.impl.LeaderElection.run(LeaderElection.java:133)
	at java.lang.Thread.run(Thread.java:748)
Caused by: org.apache.ratis.thirdparty.io.grpc.StatusRuntimeException: UNAVAILABLE: io exception
	at org.apache.ratis.thirdparty.io.grpc.stub.ClientCalls.toStatusRuntimeException(ClientCalls.java:233)
	at org.apache.ratis.thirdparty.io.grpc.stub.ClientCalls.getUnchecked(ClientCalls.java:214)
	at org.apache.ratis.thirdparty.io.grpc.stub.ClientCalls.blockingUnaryCall(ClientCalls.java:139)
	at org.apache.ratis.proto.grpc.RaftServerProtocolServiceGrpc$RaftServerProtocolServiceBlockingStub.requestVote(RaftServerProtocolServiceGrpc.java:265)
	at org.apache.ratis.grpc.server.GrpcServerProtocolClient.requestVote(GrpcServerProtocolClient.java:99)
	at org.apache.ratis.grpc.server.GrpcService.requestVote(GrpcService.java:204)
	at org.apache.ratis.server.impl.LeaderElection.lambda$submitRequests$1(LeaderElection.java:234)
	at java.util.concurrent.FutureTask.run(FutureTask.java:266)
	at java.util.concurrent.Executors$RunnableAdapter.call(Executors.java:511)
	at java.util.concurrent.FutureTask.run(FutureTask.java:266)
	at java.util.concurrent.ThreadPoolExecutor.runWorker(ThreadPoolExecutor.java:1149)
	at java.util.concurrent.ThreadPoolExecutor$Worker.run(ThreadPoolExecutor.java:624)
	... 1 more
Caused by: org.apache.ratis.thirdparty.io.netty.channel.AbstractChannel$AnnotatedConnectException: Connection refused: /192.168.69.67:35902
	at sun.nio.ch.SocketChannelImpl.checkConnect(Native Method)
	at sun.nio.ch.SocketChannelImpl.finishConnect(SocketChannelImpl.java:717)
	at org.apache.ratis.thirdparty.io.netty.channel.socket.nio.NioSocketChannel.doFinishConnect(NioSocketChannel.java:327)
	at org.apache.ratis.thirdparty.io.netty.channel.nio.AbstractNioChannel$AbstractNioUnsafe.finishConnect(AbstractNioChannel.java:340)
	at org.apache.ratis.thirdparty.io.netty.channel.nio.NioEventLoop.processSelectedKey(NioEventLoop.java:632)
	at org.apache.ratis.thirdparty.io.netty.channel.nio.NioEventLoop.processSelectedKeysOptimized(NioEventLoop.java:579)
	at org.apache.ratis.thirdparty.io.netty.channel.nio.NioEventLoop.processSelectedKeys(NioEventLoop.java:496)
	at org.apache.ratis.thirdparty.io.netty.channel.nio.NioEventLoop.run(NioEventLoop.java:458)
	at org.apache.ratis.thirdparty.io.netty.util.concurrent.SingleThreadEventExecutor$5.run(SingleThreadEventExecutor.java:897)
	at org.apache.ratis.thirdparty.io.netty.util.concurrent.FastThreadLocalRunnable.run(FastThreadLocalRunnable.java:30)
	... 1 more
Caused by: java.net.ConnectException: Connection refused
	... 11 more
2019-10-18 07:14:59,695 [grpc-default-executor-2] INFO  impl.RaftServerImpl (RaftServerImpl.java:setRole(184)) - 988115cd-21c9-4558-b198-f2cedd98ccf3@group-20BE3FF63202: changes role from  FOLLOWER to FOLLOWER at term 336 for recognizeCandidate:c52c3de9-0ed1-4f2b-ba1d-f317ceeb0ceb
2019-10-18 07:14:59,696 [grpc-default-executor-2] INFO  impl.RoleInfo (RoleInfo.java:shutdownFollowerState(121)) - 988115cd-21c9-4558-b198-f2cedd98ccf3: shutdown FollowerState
2019-10-18 07:14:59,696 [grpc-default-executor-2] INFO  impl.RoleInfo (RoleInfo.java:updateAndGet(143)) - 988115cd-21c9-4558-b198-f2cedd98ccf3: start FollowerState
2019-10-18 07:14:59,696 [Thread-2331] INFO  impl.FollowerState (FollowerState.java:run(117)) - 988115cd-21c9-4558-b198-f2cedd98ccf3@group-20BE3FF63202-FollowerState was interrupted: java.lang.InterruptedException: sleep interrupted
2019-10-18 07:14:59,710 [c52c3de9-0ed1-4f2b-ba1d-f317ceeb0ceb@group-20BE3FF63202-LeaderElection286] INFO  impl.LeaderElection (LeaderElection.java:logAndReturn(56)) - c52c3de9-0ed1-4f2b-ba1d-f317ceeb0ceb@group-20BE3FF63202-LeaderElection286: Election REJECTED; received 1 response(s) [c52c3de9-0ed1-4f2b-ba1d-f317ceeb0ceb<-988115cd-21c9-4558-b198-f2cedd98ccf3#0:FAIL-t336] and 1 exception(s); c52c3de9-0ed1-4f2b-ba1d-f317ceeb0ceb@group-20BE3FF63202:t336, leader=null, voted=c52c3de9-0ed1-4f2b-ba1d-f317ceeb0ceb, raftlog=c52c3de9-0ed1-4f2b-ba1d-f317ceeb0ceb@group-20BE3FF63202-SegmentedRaftLog:OPENED:c-1,f-1,i0, conf=-1: [24274e9f-e41f-4654-9afc-a783ca44e44b:192.168.69.67:35902, 988115cd-21c9-4558-b198-f2cedd98ccf3:192.168.69.67:44208, c52c3de9-0ed1-4f2b-ba1d-f317ceeb0ceb:192.168.69.67:37615], old=null
2019-10-18 07:14:59,710 [c52c3de9-0ed1-4f2b-ba1d-f317ceeb0ceb@group-20BE3FF63202-LeaderElection286] INFO  impl.LeaderElection (LogUtils.java:infoOrTrace(149)) -   Exception 0: {}
java.util.concurrent.ExecutionException: org.apache.ratis.thirdparty.io.grpc.StatusRuntimeException: UNAVAILABLE: io exception
	at java.util.concurrent.FutureTask.report(FutureTask.java:122)
	at java.util.concurrent.FutureTask.get(FutureTask.java:192)
	at org.apache.ratis.server.impl.LeaderElection.waitForResults(LeaderElection.java:259)
	at org.apache.ratis.server.impl.LeaderElection.askForVotes(LeaderElection.java:197)
	at org.apache.ratis.server.impl.LeaderElection.run(LeaderElection.java:133)
	at java.lang.Thread.run(Thread.java:748)
Caused by: org.apache.ratis.thirdparty.io.grpc.StatusRuntimeException: UNAVAILABLE: io exception
	at org.apache.ratis.thirdparty.io.grpc.stub.ClientCalls.toStatusRuntimeException(ClientCalls.java:233)
	at org.apache.ratis.thirdparty.io.grpc.stub.ClientCalls.getUnchecked(ClientCalls.java:214)
	at org.apache.ratis.thirdparty.io.grpc.stub.ClientCalls.blockingUnaryCall(ClientCalls.java:139)
	at org.apache.ratis.proto.grpc.RaftServerProtocolServiceGrpc$RaftServerProtocolServiceBlockingStub.requestVote(RaftServerProtocolServiceGrpc.java:265)
	at org.apache.ratis.grpc.server.GrpcServerProtocolClient.requestVote(GrpcServerProtocolClient.java:99)
	at org.apache.ratis.grpc.server.GrpcService.requestVote(GrpcService.java:204)
	at org.apache.ratis.server.impl.LeaderElection.lambda$submitRequests$1(LeaderElection.java:234)
	at java.util.concurrent.FutureTask.run(FutureTask.java:266)
	at java.util.concurrent.Executors$RunnableAdapter.call(Executors.java:511)
	at java.util.concurrent.FutureTask.run(FutureTask.java:266)
	at java.util.concurrent.ThreadPoolExecutor.runWorker(ThreadPoolExecutor.java:1149)
	at java.util.concurrent.ThreadPoolExecutor$Worker.run(ThreadPoolExecutor.java:624)
	... 1 more
Caused by: org.apache.ratis.thirdparty.io.netty.channel.AbstractChannel$AnnotatedConnectException: Connection refused: /192.168.69.67:35902
	at sun.nio.ch.SocketChannelImpl.checkConnect(Native Method)
	at sun.nio.ch.SocketChannelImpl.finishConnect(SocketChannelImpl.java:717)
	at org.apache.ratis.thirdparty.io.netty.channel.socket.nio.NioSocketChannel.doFinishConnect(NioSocketChannel.java:327)
	at org.apache.ratis.thirdparty.io.netty.channel.nio.AbstractNioChannel$AbstractNioUnsafe.finishConnect(AbstractNioChannel.java:340)
	at org.apache.ratis.thirdparty.io.netty.channel.nio.NioEventLoop.processSelectedKey(NioEventLoop.java:632)
	at org.apache.ratis.thirdparty.io.netty.channel.nio.NioEventLoop.processSelectedKeysOptimized(NioEventLoop.java:579)
	at org.apache.ratis.thirdparty.io.netty.channel.nio.NioEventLoop.processSelectedKeys(NioEventLoop.java:496)
	at org.apache.ratis.thirdparty.io.netty.channel.nio.NioEventLoop.run(NioEventLoop.java:458)
	at org.apache.ratis.thirdparty.io.netty.util.concurrent.SingleThreadEventExecutor$5.run(SingleThreadEventExecutor.java:897)
	at org.apache.ratis.thirdparty.io.netty.util.concurrent.FastThreadLocalRunnable.run(FastThreadLocalRunnable.java:30)
	... 1 more
Caused by: java.net.ConnectException: Connection refused
	... 11 more
2019-10-18 07:14:59,710 [c52c3de9-0ed1-4f2b-ba1d-f317ceeb0ceb@group-20BE3FF63202-LeaderElection286] INFO  impl.RaftServerImpl (RaftServerImpl.java:setRole(184)) - c52c3de9-0ed1-4f2b-ba1d-f317ceeb0ceb@group-20BE3FF63202: changes role from CANDIDATE to FOLLOWER at term 336 for DISCOVERED_A_NEW_TERM
2019-10-18 07:14:59,711 [c52c3de9-0ed1-4f2b-ba1d-f317ceeb0ceb@group-20BE3FF63202-LeaderElection286] INFO  impl.RoleInfo (RoleInfo.java:shutdownLeaderElection(134)) - c52c3de9-0ed1-4f2b-ba1d-f317ceeb0ceb: shutdown LeaderElection
2019-10-18 07:14:59,711 [c52c3de9-0ed1-4f2b-ba1d-f317ceeb0ceb@group-20BE3FF63202-LeaderElection286] INFO  impl.RoleInfo (RoleInfo.java:updateAndGet(143)) - c52c3de9-0ed1-4f2b-ba1d-f317ceeb0ceb: start FollowerState
2019-10-18 07:14:59,847 [Thread-2337] INFO  impl.FollowerState (FollowerState.java:run(108)) - c52c3de9-0ed1-4f2b-ba1d-f317ceeb0ceb@group-20BE3FF63202-FollowerState: change to CANDIDATE, lastRpcTime:136ms, electionTimeout:136ms
2019-10-18 07:14:59,847 [Thread-2337] INFO  impl.RoleInfo (RoleInfo.java:shutdownFollowerState(121)) - c52c3de9-0ed1-4f2b-ba1d-f317ceeb0ceb: shutdown FollowerState
2019-10-18 07:14:59,847 [Thread-2337] INFO  impl.RaftServerImpl (RaftServerImpl.java:setRole(184)) - c52c3de9-0ed1-4f2b-ba1d-f317ceeb0ceb@group-20BE3FF63202: changes role from  FOLLOWER to CANDIDATE at term 336 for changeToCandidate
2019-10-18 07:14:59,848 [Thread-2337] INFO  impl.RoleInfo (RoleInfo.java:updateAndGet(143)) - c52c3de9-0ed1-4f2b-ba1d-f317ceeb0ceb: start LeaderElection
2019-10-18 07:14:59,862 [c52c3de9-0ed1-4f2b-ba1d-f317ceeb0ceb@group-20BE3FF63202-LeaderElection287] INFO  impl.LeaderElection (LeaderElection.java:askForVotes(178)) - c52c3de9-0ed1-4f2b-ba1d-f317ceeb0ceb@group-20BE3FF63202-LeaderElection287: begin an election at term 337 for -1: [24274e9f-e41f-4654-9afc-a783ca44e44b:192.168.69.67:35902, 988115cd-21c9-4558-b198-f2cedd98ccf3:192.168.69.67:44208, c52c3de9-0ed1-4f2b-ba1d-f317ceeb0ceb:192.168.69.67:37615], old=null
2019-10-18 07:14:59,863 [c52c3de9-0ed1-4f2b-ba1d-f317ceeb0ceb@group-20BE3FF63202-LeaderElection287] INFO  impl.LeaderElection (LogUtils.java:infoOrTrace(149)) - c52c3de9-0ed1-4f2b-ba1d-f317ceeb0ceb@group-20BE3FF63202-LeaderElection287 got exception when requesting votes: {}
java.util.concurrent.ExecutionException: org.apache.ratis.thirdparty.io.grpc.StatusRuntimeException: UNAVAILABLE: io exception
	at java.util.concurrent.FutureTask.report(FutureTask.java:122)
	at java.util.concurrent.FutureTask.get(FutureTask.java:192)
	at org.apache.ratis.server.impl.LeaderElection.waitForResults(LeaderElection.java:259)
	at org.apache.ratis.server.impl.LeaderElection.askForVotes(LeaderElection.java:197)
	at org.apache.ratis.server.impl.LeaderElection.run(LeaderElection.java:133)
	at java.lang.Thread.run(Thread.java:748)
Caused by: org.apache.ratis.thirdparty.io.grpc.StatusRuntimeException: UNAVAILABLE: io exception
	at org.apache.ratis.thirdparty.io.grpc.stub.ClientCalls.toStatusRuntimeException(ClientCalls.java:233)
	at org.apache.ratis.thirdparty.io.grpc.stub.ClientCalls.getUnchecked(ClientCalls.java:214)
	at org.apache.ratis.thirdparty.io.grpc.stub.ClientCalls.blockingUnaryCall(ClientCalls.java:139)
	at org.apache.ratis.proto.grpc.RaftServerProtocolServiceGrpc$RaftServerProtocolServiceBlockingStub.requestVote(RaftServerProtocolServiceGrpc.java:265)
	at org.apache.ratis.grpc.server.GrpcServerProtocolClient.requestVote(GrpcServerProtocolClient.java:99)
	at org.apache.ratis.grpc.server.GrpcService.requestVote(GrpcService.java:204)
	at org.apache.ratis.server.impl.LeaderElection.lambda$submitRequests$1(LeaderElection.java:234)
	at java.util.concurrent.FutureTask.run(FutureTask.java:266)
	at java.util.concurrent.Executors$RunnableAdapter.call(Executors.java:511)
	at java.util.concurrent.FutureTask.run(FutureTask.java:266)
	at java.util.concurrent.ThreadPoolExecutor.runWorker(ThreadPoolExecutor.java:1149)
	at java.util.concurrent.ThreadPoolExecutor$Worker.run(ThreadPoolExecutor.java:624)
	... 1 more
Caused by: org.apache.ratis.thirdparty.io.netty.channel.AbstractChannel$AnnotatedConnectException: Connection refused: /192.168.69.67:35902
	at sun.nio.ch.SocketChannelImpl.checkConnect(Native Method)
	at sun.nio.ch.SocketChannelImpl.finishConnect(SocketChannelImpl.java:717)
	at org.apache.ratis.thirdparty.io.netty.channel.socket.nio.NioSocketChannel.doFinishConnect(NioSocketChannel.java:327)
	at org.apache.ratis.thirdparty.io.netty.channel.nio.AbstractNioChannel$AbstractNioUnsafe.finishConnect(AbstractNioChannel.java:340)
	at org.apache.ratis.thirdparty.io.netty.channel.nio.NioEventLoop.processSelectedKey(NioEventLoop.java:632)
	at org.apache.ratis.thirdparty.io.netty.channel.nio.NioEventLoop.processSelectedKeysOptimized(NioEventLoop.java:579)
	at org.apache.ratis.thirdparty.io.netty.channel.nio.NioEventLoop.processSelectedKeys(NioEventLoop.java:496)
	at org.apache.ratis.thirdparty.io.netty.channel.nio.NioEventLoop.run(NioEventLoop.java:458)
	at org.apache.ratis.thirdparty.io.netty.util.concurrent.SingleThreadEventExecutor$5.run(SingleThreadEventExecutor.java:897)
	at org.apache.ratis.thirdparty.io.netty.util.concurrent.FastThreadLocalRunnable.run(FastThreadLocalRunnable.java:30)
	... 1 more
Caused by: java.net.ConnectException: Connection refused
	... 11 more
2019-10-18 07:14:59,865 [grpc-default-executor-2] INFO  impl.RaftServerImpl (RaftServerImpl.java:setRole(184)) - 988115cd-21c9-4558-b198-f2cedd98ccf3@group-20BE3FF63202: changes role from  FOLLOWER to FOLLOWER at term 337 for recognizeCandidate:c52c3de9-0ed1-4f2b-ba1d-f317ceeb0ceb
2019-10-18 07:14:59,866 [grpc-default-executor-2] INFO  impl.RoleInfo (RoleInfo.java:shutdownFollowerState(121)) - 988115cd-21c9-4558-b198-f2cedd98ccf3: shutdown FollowerState
2019-10-18 07:14:59,866 [grpc-default-executor-2] INFO  impl.RoleInfo (RoleInfo.java:updateAndGet(143)) - 988115cd-21c9-4558-b198-f2cedd98ccf3: start FollowerState
2019-10-18 07:14:59,866 [Thread-2336] INFO  impl.FollowerState (FollowerState.java:run(117)) - 988115cd-21c9-4558-b198-f2cedd98ccf3@group-20BE3FF63202-FollowerState was interrupted: java.lang.InterruptedException: sleep interrupted
2019-10-18 07:14:59,878 [c52c3de9-0ed1-4f2b-ba1d-f317ceeb0ceb@group-20BE3FF63202-LeaderElection287] INFO  impl.LeaderElection (LeaderElection.java:logAndReturn(56)) - c52c3de9-0ed1-4f2b-ba1d-f317ceeb0ceb@group-20BE3FF63202-LeaderElection287: Election REJECTED; received 1 response(s) [c52c3de9-0ed1-4f2b-ba1d-f317ceeb0ceb<-988115cd-21c9-4558-b198-f2cedd98ccf3#0:FAIL-t337] and 1 exception(s); c52c3de9-0ed1-4f2b-ba1d-f317ceeb0ceb@group-20BE3FF63202:t337, leader=null, voted=c52c3de9-0ed1-4f2b-ba1d-f317ceeb0ceb, raftlog=c52c3de9-0ed1-4f2b-ba1d-f317ceeb0ceb@group-20BE3FF63202-SegmentedRaftLog:OPENED:c-1,f-1,i0, conf=-1: [24274e9f-e41f-4654-9afc-a783ca44e44b:192.168.69.67:35902, 988115cd-21c9-4558-b198-f2cedd98ccf3:192.168.69.67:44208, c52c3de9-0ed1-4f2b-ba1d-f317ceeb0ceb:192.168.69.67:37615], old=null
2019-10-18 07:14:59,879 [c52c3de9-0ed1-4f2b-ba1d-f317ceeb0ceb@group-20BE3FF63202-LeaderElection287] INFO  impl.LeaderElection (LogUtils.java:infoOrTrace(149)) -   Exception 0: {}
java.util.concurrent.ExecutionException: org.apache.ratis.thirdparty.io.grpc.StatusRuntimeException: UNAVAILABLE: io exception
	at java.util.concurrent.FutureTask.report(FutureTask.java:122)
	at java.util.concurrent.FutureTask.get(FutureTask.java:192)
	at org.apache.ratis.server.impl.LeaderElection.waitForResults(LeaderElection.java:259)
	at org.apache.ratis.server.impl.LeaderElection.askForVotes(LeaderElection.java:197)
	at org.apache.ratis.server.impl.LeaderElection.run(LeaderElection.java:133)
	at java.lang.Thread.run(Thread.java:748)
Caused by: org.apache.ratis.thirdparty.io.grpc.StatusRuntimeException: UNAVAILABLE: io exception
	at org.apache.ratis.thirdparty.io.grpc.stub.ClientCalls.toStatusRuntimeException(ClientCalls.java:233)
	at org.apache.ratis.thirdparty.io.grpc.stub.ClientCalls.getUnchecked(ClientCalls.java:214)
	at org.apache.ratis.thirdparty.io.grpc.stub.ClientCalls.blockingUnaryCall(ClientCalls.java:139)
	at org.apache.ratis.proto.grpc.RaftServerProtocolServiceGrpc$RaftServerProtocolServiceBlockingStub.requestVote(RaftServerProtocolServiceGrpc.java:265)
	at org.apache.ratis.grpc.server.GrpcServerProtocolClient.requestVote(GrpcServerProtocolClient.java:99)
	at org.apache.ratis.grpc.server.GrpcService.requestVote(GrpcService.java:204)
	at org.apache.ratis.server.impl.LeaderElection.lambda$submitRequests$1(LeaderElection.java:234)
	at java.util.concurrent.FutureTask.run(FutureTask.java:266)
	at java.util.concurrent.Executors$RunnableAdapter.call(Executors.java:511)
	at java.util.concurrent.FutureTask.run(FutureTask.java:266)
	at java.util.concurrent.ThreadPoolExecutor.runWorker(ThreadPoolExecutor.java:1149)
	at java.util.concurrent.ThreadPoolExecutor$Worker.run(ThreadPoolExecutor.java:624)
	... 1 more
Caused by: org.apache.ratis.thirdparty.io.netty.channel.AbstractChannel$AnnotatedConnectException: Connection refused: /192.168.69.67:35902
	at sun.nio.ch.SocketChannelImpl.checkConnect(Native Method)
	at sun.nio.ch.SocketChannelImpl.finishConnect(SocketChannelImpl.java:717)
	at org.apache.ratis.thirdparty.io.netty.channel.socket.nio.NioSocketChannel.doFinishConnect(NioSocketChannel.java:327)
	at org.apache.ratis.thirdparty.io.netty.channel.nio.AbstractNioChannel$AbstractNioUnsafe.finishConnect(AbstractNioChannel.java:340)
	at org.apache.ratis.thirdparty.io.netty.channel.nio.NioEventLoop.processSelectedKey(NioEventLoop.java:632)
	at org.apache.ratis.thirdparty.io.netty.channel.nio.NioEventLoop.processSelectedKeysOptimized(NioEventLoop.java:579)
	at org.apache.ratis.thirdparty.io.netty.channel.nio.NioEventLoop.processSelectedKeys(NioEventLoop.java:496)
	at org.apache.ratis.thirdparty.io.netty.channel.nio.NioEventLoop.run(NioEventLoop.java:458)
	at org.apache.ratis.thirdparty.io.netty.util.concurrent.SingleThreadEventExecutor$5.run(SingleThreadEventExecutor.java:897)
	at org.apache.ratis.thirdparty.io.netty.util.concurrent.FastThreadLocalRunnable.run(FastThreadLocalRunnable.java:30)
	... 1 more
Caused by: java.net.ConnectException: Connection refused
	... 11 more
2019-10-18 07:14:59,879 [c52c3de9-0ed1-4f2b-ba1d-f317ceeb0ceb@group-20BE3FF63202-LeaderElection287] INFO  impl.RaftServerImpl (RaftServerImpl.java:setRole(184)) - c52c3de9-0ed1-4f2b-ba1d-f317ceeb0ceb@group-20BE3FF63202: changes role from CANDIDATE to FOLLOWER at term 337 for DISCOVERED_A_NEW_TERM
2019-10-18 07:14:59,879 [c52c3de9-0ed1-4f2b-ba1d-f317ceeb0ceb@group-20BE3FF63202-LeaderElection287] INFO  impl.RoleInfo (RoleInfo.java:shutdownLeaderElection(134)) - c52c3de9-0ed1-4f2b-ba1d-f317ceeb0ceb: shutdown LeaderElection
2019-10-18 07:14:59,879 [c52c3de9-0ed1-4f2b-ba1d-f317ceeb0ceb@group-20BE3FF63202-LeaderElection287] INFO  impl.RoleInfo (RoleInfo.java:updateAndGet(143)) - c52c3de9-0ed1-4f2b-ba1d-f317ceeb0ceb: start FollowerState
2019-10-18 07:14:59,939 [Thread-2342] INFO  impl.FollowerState (FollowerState.java:run(108)) - c52c3de9-0ed1-4f2b-ba1d-f317ceeb0ceb@group-20BE3FF63202-FollowerState: change to CANDIDATE, lastRpcTime:59ms, electionTimeout:59ms
2019-10-18 07:14:59,939 [Thread-2342] INFO  impl.RoleInfo (RoleInfo.java:shutdownFollowerState(121)) - c52c3de9-0ed1-4f2b-ba1d-f317ceeb0ceb: shutdown FollowerState
2019-10-18 07:14:59,939 [Thread-2342] INFO  impl.RaftServerImpl (RaftServerImpl.java:setRole(184)) - c52c3de9-0ed1-4f2b-ba1d-f317ceeb0ceb@group-20BE3FF63202: changes role from  FOLLOWER to CANDIDATE at term 337 for changeToCandidate
2019-10-18 07:14:59,939 [Thread-2342] INFO  impl.RoleInfo (RoleInfo.java:updateAndGet(143)) - c52c3de9-0ed1-4f2b-ba1d-f317ceeb0ceb: start LeaderElection
2019-10-18 07:14:59,952 [c52c3de9-0ed1-4f2b-ba1d-f317ceeb0ceb@group-20BE3FF63202-LeaderElection288] INFO  impl.LeaderElection (LeaderElection.java:askForVotes(178)) - c52c3de9-0ed1-4f2b-ba1d-f317ceeb0ceb@group-20BE3FF63202-LeaderElection288: begin an election at term 338 for -1: [24274e9f-e41f-4654-9afc-a783ca44e44b:192.168.69.67:35902, 988115cd-21c9-4558-b198-f2cedd98ccf3:192.168.69.67:44208, c52c3de9-0ed1-4f2b-ba1d-f317ceeb0ceb:192.168.69.67:37615], old=null
2019-10-18 07:14:59,953 [c52c3de9-0ed1-4f2b-ba1d-f317ceeb0ceb@group-20BE3FF63202-LeaderElection288] INFO  impl.LeaderElection (LogUtils.java:infoOrTrace(149)) - c52c3de9-0ed1-4f2b-ba1d-f317ceeb0ceb@group-20BE3FF63202-LeaderElection288 got exception when requesting votes: {}
java.util.concurrent.ExecutionException: org.apache.ratis.thirdparty.io.grpc.StatusRuntimeException: UNAVAILABLE: io exception
	at java.util.concurrent.FutureTask.report(FutureTask.java:122)
	at java.util.concurrent.FutureTask.get(FutureTask.java:192)
	at org.apache.ratis.server.impl.LeaderElection.waitForResults(LeaderElection.java:259)
	at org.apache.ratis.server.impl.LeaderElection.askForVotes(LeaderElection.java:197)
	at org.apache.ratis.server.impl.LeaderElection.run(LeaderElection.java:133)
	at java.lang.Thread.run(Thread.java:748)
Caused by: org.apache.ratis.thirdparty.io.grpc.StatusRuntimeException: UNAVAILABLE: io exception
	at org.apache.ratis.thirdparty.io.grpc.stub.ClientCalls.toStatusRuntimeException(ClientCalls.java:233)
	at org.apache.ratis.thirdparty.io.grpc.stub.ClientCalls.getUnchecked(ClientCalls.java:214)
	at org.apache.ratis.thirdparty.io.grpc.stub.ClientCalls.blockingUnaryCall(ClientCalls.java:139)
	at org.apache.ratis.proto.grpc.RaftServerProtocolServiceGrpc$RaftServerProtocolServiceBlockingStub.requestVote(RaftServerProtocolServiceGrpc.java:265)
	at org.apache.ratis.grpc.server.GrpcServerProtocolClient.requestVote(GrpcServerProtocolClient.java:99)
	at org.apache.ratis.grpc.server.GrpcService.requestVote(GrpcService.java:204)
	at org.apache.ratis.server.impl.LeaderElection.lambda$submitRequests$1(LeaderElection.java:234)
	at java.util.concurrent.FutureTask.run(FutureTask.java:266)
	at java.util.concurrent.Executors$RunnableAdapter.call(Executors.java:511)
	at java.util.concurrent.FutureTask.run(FutureTask.java:266)
	at java.util.concurrent.ThreadPoolExecutor.runWorker(ThreadPoolExecutor.java:1149)
	at java.util.concurrent.ThreadPoolExecutor$Worker.run(ThreadPoolExecutor.java:624)
	... 1 more
Caused by: org.apache.ratis.thirdparty.io.netty.channel.AbstractChannel$AnnotatedConnectException: Connection refused: /192.168.69.67:35902
	at sun.nio.ch.SocketChannelImpl.checkConnect(Native Method)
	at sun.nio.ch.SocketChannelImpl.finishConnect(SocketChannelImpl.java:717)
	at org.apache.ratis.thirdparty.io.netty.channel.socket.nio.NioSocketChannel.doFinishConnect(NioSocketChannel.java:327)
	at org.apache.ratis.thirdparty.io.netty.channel.nio.AbstractNioChannel$AbstractNioUnsafe.finishConnect(AbstractNioChannel.java:340)
	at org.apache.ratis.thirdparty.io.netty.channel.nio.NioEventLoop.processSelectedKey(NioEventLoop.java:632)
	at org.apache.ratis.thirdparty.io.netty.channel.nio.NioEventLoop.processSelectedKeysOptimized(NioEventLoop.java:579)
	at org.apache.ratis.thirdparty.io.netty.channel.nio.NioEventLoop.processSelectedKeys(NioEventLoop.java:496)
	at org.apache.ratis.thirdparty.io.netty.channel.nio.NioEventLoop.run(NioEventLoop.java:458)
	at org.apache.ratis.thirdparty.io.netty.util.concurrent.SingleThreadEventExecutor$5.run(SingleThreadEventExecutor.java:897)
	at org.apache.ratis.thirdparty.io.netty.util.concurrent.FastThreadLocalRunnable.run(FastThreadLocalRunnable.java:30)
	... 1 more
Caused by: java.net.ConnectException: Connection refused
	... 11 more
2019-10-18 07:14:59,956 [grpc-default-executor-2] INFO  impl.RaftServerImpl (RaftServerImpl.java:setRole(184)) - 988115cd-21c9-4558-b198-f2cedd98ccf3@group-20BE3FF63202: changes role from  FOLLOWER to FOLLOWER at term 338 for recognizeCandidate:c52c3de9-0ed1-4f2b-ba1d-f317ceeb0ceb
2019-10-18 07:14:59,956 [grpc-default-executor-2] INFO  impl.RoleInfo (RoleInfo.java:shutdownFollowerState(121)) - 988115cd-21c9-4558-b198-f2cedd98ccf3: shutdown FollowerState
2019-10-18 07:14:59,957 [grpc-default-executor-2] INFO  impl.RoleInfo (RoleInfo.java:updateAndGet(143)) - 988115cd-21c9-4558-b198-f2cedd98ccf3: start FollowerState
2019-10-18 07:14:59,957 [Thread-2341] INFO  impl.FollowerState (FollowerState.java:run(117)) - 988115cd-21c9-4558-b198-f2cedd98ccf3@group-20BE3FF63202-FollowerState was interrupted: java.lang.InterruptedException: sleep interrupted
2019-10-18 07:14:59,971 [c52c3de9-0ed1-4f2b-ba1d-f317ceeb0ceb@group-20BE3FF63202-LeaderElection288] INFO  impl.LeaderElection (LeaderElection.java:logAndReturn(56)) - c52c3de9-0ed1-4f2b-ba1d-f317ceeb0ceb@group-20BE3FF63202-LeaderElection288: Election REJECTED; received 1 response(s) [c52c3de9-0ed1-4f2b-ba1d-f317ceeb0ceb<-988115cd-21c9-4558-b198-f2cedd98ccf3#0:FAIL-t338] and 1 exception(s); c52c3de9-0ed1-4f2b-ba1d-f317ceeb0ceb@group-20BE3FF63202:t338, leader=null, voted=c52c3de9-0ed1-4f2b-ba1d-f317ceeb0ceb, raftlog=c52c3de9-0ed1-4f2b-ba1d-f317ceeb0ceb@group-20BE3FF63202-SegmentedRaftLog:OPENED:c-1,f-1,i0, conf=-1: [24274e9f-e41f-4654-9afc-a783ca44e44b:192.168.69.67:35902, 988115cd-21c9-4558-b198-f2cedd98ccf3:192.168.69.67:44208, c52c3de9-0ed1-4f2b-ba1d-f317ceeb0ceb:192.168.69.67:37615], old=null
2019-10-18 07:14:59,971 [c52c3de9-0ed1-4f2b-ba1d-f317ceeb0ceb@group-20BE3FF63202-LeaderElection288] INFO  impl.LeaderElection (LogUtils.java:infoOrTrace(149)) -   Exception 0: {}
java.util.concurrent.ExecutionException: org.apache.ratis.thirdparty.io.grpc.StatusRuntimeException: UNAVAILABLE: io exception
	at java.util.concurrent.FutureTask.report(FutureTask.java:122)
	at java.util.concurrent.FutureTask.get(FutureTask.java:192)
	at org.apache.ratis.server.impl.LeaderElection.waitForResults(LeaderElection.java:259)
	at org.apache.ratis.server.impl.LeaderElection.askForVotes(LeaderElection.java:197)
	at org.apache.ratis.server.impl.LeaderElection.run(LeaderElection.java:133)
	at java.lang.Thread.run(Thread.java:748)
Caused by: org.apache.ratis.thirdparty.io.grpc.StatusRuntimeException: UNAVAILABLE: io exception
	at org.apache.ratis.thirdparty.io.grpc.stub.ClientCalls.toStatusRuntimeException(ClientCalls.java:233)
	at org.apache.ratis.thirdparty.io.grpc.stub.ClientCalls.getUnchecked(ClientCalls.java:214)
	at org.apache.ratis.thirdparty.io.grpc.stub.ClientCalls.blockingUnaryCall(ClientCalls.java:139)
	at org.apache.ratis.proto.grpc.RaftServerProtocolServiceGrpc$RaftServerProtocolServiceBlockingStub.requestVote(RaftServerProtocolServiceGrpc.java:265)
	at org.apache.ratis.grpc.server.GrpcServerProtocolClient.requestVote(GrpcServerProtocolClient.java:99)
	at org.apache.ratis.grpc.server.GrpcService.requestVote(GrpcService.java:204)
	at org.apache.ratis.server.impl.LeaderElection.lambda$submitRequests$1(LeaderElection.java:234)
	at java.util.concurrent.FutureTask.run(FutureTask.java:266)
	at java.util.concurrent.Executors$RunnableAdapter.call(Executors.java:511)
	at java.util.concurrent.FutureTask.run(FutureTask.java:266)
	at java.util.concurrent.ThreadPoolExecutor.runWorker(ThreadPoolExecutor.java:1149)
	at java.util.concurrent.ThreadPoolExecutor$Worker.run(ThreadPoolExecutor.java:624)
	... 1 more
Caused by: org.apache.ratis.thirdparty.io.netty.channel.AbstractChannel$AnnotatedConnectException: Connection refused: /192.168.69.67:35902
	at sun.nio.ch.SocketChannelImpl.checkConnect(Native Method)
	at sun.nio.ch.SocketChannelImpl.finishConnect(SocketChannelImpl.java:717)
	at org.apache.ratis.thirdparty.io.netty.channel.socket.nio.NioSocketChannel.doFinishConnect(NioSocketChannel.java:327)
	at org.apache.ratis.thirdparty.io.netty.channel.nio.AbstractNioChannel$AbstractNioUnsafe.finishConnect(AbstractNioChannel.java:340)
	at org.apache.ratis.thirdparty.io.netty.channel.nio.NioEventLoop.processSelectedKey(NioEventLoop.java:632)
	at org.apache.ratis.thirdparty.io.netty.channel.nio.NioEventLoop.processSelectedKeysOptimized(NioEventLoop.java:579)
	at org.apache.ratis.thirdparty.io.netty.channel.nio.NioEventLoop.processSelectedKeys(NioEventLoop.java:496)
	at org.apache.ratis.thirdparty.io.netty.channel.nio.NioEventLoop.run(NioEventLoop.java:458)
	at org.apache.ratis.thirdparty.io.netty.util.concurrent.SingleThreadEventExecutor$5.run(SingleThreadEventExecutor.java:897)
	at org.apache.ratis.thirdparty.io.netty.util.concurrent.FastThreadLocalRunnable.run(FastThreadLocalRunnable.java:30)
	... 1 more
Caused by: java.net.ConnectException: Connection refused
	... 11 more
2019-10-18 07:14:59,972 [c52c3de9-0ed1-4f2b-ba1d-f317ceeb0ceb@group-20BE3FF63202-LeaderElection288] INFO  impl.RaftServerImpl (RaftServerImpl.java:setRole(184)) - c52c3de9-0ed1-4f2b-ba1d-f317ceeb0ceb@group-20BE3FF63202: changes role from CANDIDATE to FOLLOWER at term 338 for DISCOVERED_A_NEW_TERM
2019-10-18 07:14:59,972 [c52c3de9-0ed1-4f2b-ba1d-f317ceeb0ceb@group-20BE3FF63202-LeaderElection288] INFO  impl.RoleInfo (RoleInfo.java:shutdownLeaderElection(134)) - c52c3de9-0ed1-4f2b-ba1d-f317ceeb0ceb: shutdown LeaderElection
2019-10-18 07:14:59,972 [c52c3de9-0ed1-4f2b-ba1d-f317ceeb0ceb@group-20BE3FF63202-LeaderElection288] INFO  impl.RoleInfo (RoleInfo.java:updateAndGet(143)) - c52c3de9-0ed1-4f2b-ba1d-f317ceeb0ceb: start FollowerState
2019-10-18 07:15:00,109 [Thread-2347] INFO  impl.FollowerState (FollowerState.java:run(108)) - c52c3de9-0ed1-4f2b-ba1d-f317ceeb0ceb@group-20BE3FF63202-FollowerState: change to CANDIDATE, lastRpcTime:137ms, electionTimeout:137ms
2019-10-18 07:15:00,110 [Thread-2347] INFO  impl.RoleInfo (RoleInfo.java:shutdownFollowerState(121)) - c52c3de9-0ed1-4f2b-ba1d-f317ceeb0ceb: shutdown FollowerState
2019-10-18 07:15:00,110 [Thread-2347] INFO  impl.RaftServerImpl (RaftServerImpl.java:setRole(184)) - c52c3de9-0ed1-4f2b-ba1d-f317ceeb0ceb@group-20BE3FF63202: changes role from  FOLLOWER to CANDIDATE at term 338 for changeToCandidate
2019-10-18 07:15:00,110 [Thread-2347] INFO  impl.RoleInfo (RoleInfo.java:updateAndGet(143)) - c52c3de9-0ed1-4f2b-ba1d-f317ceeb0ceb: start LeaderElection
2019-10-18 07:15:00,124 [c52c3de9-0ed1-4f2b-ba1d-f317ceeb0ceb@group-20BE3FF63202-LeaderElection289] INFO  impl.LeaderElection (LeaderElection.java:askForVotes(178)) - c52c3de9-0ed1-4f2b-ba1d-f317ceeb0ceb@group-20BE3FF63202-LeaderElection289: begin an election at term 339 for -1: [24274e9f-e41f-4654-9afc-a783ca44e44b:192.168.69.67:35902, 988115cd-21c9-4558-b198-f2cedd98ccf3:192.168.69.67:44208, c52c3de9-0ed1-4f2b-ba1d-f317ceeb0ceb:192.168.69.67:37615], old=null
2019-10-18 07:15:00,125 [c52c3de9-0ed1-4f2b-ba1d-f317ceeb0ceb@group-20BE3FF63202-LeaderElection289] INFO  impl.LeaderElection (LogUtils.java:infoOrTrace(149)) - c52c3de9-0ed1-4f2b-ba1d-f317ceeb0ceb@group-20BE3FF63202-LeaderElection289 got exception when requesting votes: {}
java.util.concurrent.ExecutionException: org.apache.ratis.thirdparty.io.grpc.StatusRuntimeException: UNAVAILABLE: io exception
	at java.util.concurrent.FutureTask.report(FutureTask.java:122)
	at java.util.concurrent.FutureTask.get(FutureTask.java:192)
	at org.apache.ratis.server.impl.LeaderElection.waitForResults(LeaderElection.java:259)
	at org.apache.ratis.server.impl.LeaderElection.askForVotes(LeaderElection.java:197)
	at org.apache.ratis.server.impl.LeaderElection.run(LeaderElection.java:133)
	at java.lang.Thread.run(Thread.java:748)
Caused by: org.apache.ratis.thirdparty.io.grpc.StatusRuntimeException: UNAVAILABLE: io exception
	at org.apache.ratis.thirdparty.io.grpc.stub.ClientCalls.toStatusRuntimeException(ClientCalls.java:233)
	at org.apache.ratis.thirdparty.io.grpc.stub.ClientCalls.getUnchecked(ClientCalls.java:214)
	at org.apache.ratis.thirdparty.io.grpc.stub.ClientCalls.blockingUnaryCall(ClientCalls.java:139)
	at org.apache.ratis.proto.grpc.RaftServerProtocolServiceGrpc$RaftServerProtocolServiceBlockingStub.requestVote(RaftServerProtocolServiceGrpc.java:265)
	at org.apache.ratis.grpc.server.GrpcServerProtocolClient.requestVote(GrpcServerProtocolClient.java:99)
	at org.apache.ratis.grpc.server.GrpcService.requestVote(GrpcService.java:204)
	at org.apache.ratis.server.impl.LeaderElection.lambda$submitRequests$1(LeaderElection.java:234)
	at java.util.concurrent.FutureTask.run(FutureTask.java:266)
	at java.util.concurrent.Executors$RunnableAdapter.call(Executors.java:511)
	at java.util.concurrent.FutureTask.run(FutureTask.java:266)
	at java.util.concurrent.ThreadPoolExecutor.runWorker(ThreadPoolExecutor.java:1149)
	at java.util.concurrent.ThreadPoolExecutor$Worker.run(ThreadPoolExecutor.java:624)
	... 1 more
Caused by: org.apache.ratis.thirdparty.io.netty.channel.AbstractChannel$AnnotatedConnectException: Connection refused: /192.168.69.67:35902
	at sun.nio.ch.SocketChannelImpl.checkConnect(Native Method)
	at sun.nio.ch.SocketChannelImpl.finishConnect(SocketChannelImpl.java:717)
	at org.apache.ratis.thirdparty.io.netty.channel.socket.nio.NioSocketChannel.doFinishConnect(NioSocketChannel.java:327)
	at org.apache.ratis.thirdparty.io.netty.channel.nio.AbstractNioChannel$AbstractNioUnsafe.finishConnect(AbstractNioChannel.java:340)
	at org.apache.ratis.thirdparty.io.netty.channel.nio.NioEventLoop.processSelectedKey(NioEventLoop.java:632)
	at org.apache.ratis.thirdparty.io.netty.channel.nio.NioEventLoop.processSelectedKeysOptimized(NioEventLoop.java:579)
	at org.apache.ratis.thirdparty.io.netty.channel.nio.NioEventLoop.processSelectedKeys(NioEventLoop.java:496)
	at org.apache.ratis.thirdparty.io.netty.channel.nio.NioEventLoop.run(NioEventLoop.java:458)
	at org.apache.ratis.thirdparty.io.netty.util.concurrent.SingleThreadEventExecutor$5.run(SingleThreadEventExecutor.java:897)
	at org.apache.ratis.thirdparty.io.netty.util.concurrent.FastThreadLocalRunnable.run(FastThreadLocalRunnable.java:30)
	... 1 more
Caused by: java.net.ConnectException: Connection refused
	... 11 more
2019-10-18 07:15:00,128 [grpc-default-executor-2] INFO  impl.RaftServerImpl (RaftServerImpl.java:setRole(184)) - 988115cd-21c9-4558-b198-f2cedd98ccf3@group-20BE3FF63202: changes role from  FOLLOWER to FOLLOWER at term 339 for recognizeCandidate:c52c3de9-0ed1-4f2b-ba1d-f317ceeb0ceb
2019-10-18 07:15:00,128 [grpc-default-executor-2] INFO  impl.RoleInfo (RoleInfo.java:shutdownFollowerState(121)) - 988115cd-21c9-4558-b198-f2cedd98ccf3: shutdown FollowerState
2019-10-18 07:15:00,129 [grpc-default-executor-2] INFO  impl.RoleInfo (RoleInfo.java:updateAndGet(143)) - 988115cd-21c9-4558-b198-f2cedd98ccf3: start FollowerState
2019-10-18 07:15:00,129 [Thread-2346] INFO  impl.FollowerState (FollowerState.java:run(117)) - 988115cd-21c9-4558-b198-f2cedd98ccf3@group-20BE3FF63202-FollowerState was interrupted: java.lang.InterruptedException: sleep interrupted
2019-10-18 07:15:00,139 [c52c3de9-0ed1-4f2b-ba1d-f317ceeb0ceb@group-20BE3FF63202-LeaderElection289] INFO  impl.LeaderElection (LeaderElection.java:logAndReturn(56)) - c52c3de9-0ed1-4f2b-ba1d-f317ceeb0ceb@group-20BE3FF63202-LeaderElection289: Election REJECTED; received 1 response(s) [c52c3de9-0ed1-4f2b-ba1d-f317ceeb0ceb<-988115cd-21c9-4558-b198-f2cedd98ccf3#0:FAIL-t339] and 1 exception(s); c52c3de9-0ed1-4f2b-ba1d-f317ceeb0ceb@group-20BE3FF63202:t339, leader=null, voted=c52c3de9-0ed1-4f2b-ba1d-f317ceeb0ceb, raftlog=c52c3de9-0ed1-4f2b-ba1d-f317ceeb0ceb@group-20BE3FF63202-SegmentedRaftLog:OPENED:c-1,f-1,i0, conf=-1: [24274e9f-e41f-4654-9afc-a783ca44e44b:192.168.69.67:35902, 988115cd-21c9-4558-b198-f2cedd98ccf3:192.168.69.67:44208, c52c3de9-0ed1-4f2b-ba1d-f317ceeb0ceb:192.168.69.67:37615], old=null
2019-10-18 07:15:00,139 [c52c3de9-0ed1-4f2b-ba1d-f317ceeb0ceb@group-20BE3FF63202-LeaderElection289] INFO  impl.LeaderElection (LogUtils.java:infoOrTrace(149)) -   Exception 0: {}
java.util.concurrent.ExecutionException: org.apache.ratis.thirdparty.io.grpc.StatusRuntimeException: UNAVAILABLE: io exception
	at java.util.concurrent.FutureTask.report(FutureTask.java:122)
	at java.util.concurrent.FutureTask.get(FutureTask.java:192)
	at org.apache.ratis.server.impl.LeaderElection.waitForResults(LeaderElection.java:259)
	at org.apache.ratis.server.impl.LeaderElection.askForVotes(LeaderElection.java:197)
	at org.apache.ratis.server.impl.LeaderElection.run(LeaderElection.java:133)
	at java.lang.Thread.run(Thread.java:748)
Caused by: org.apache.ratis.thirdparty.io.grpc.StatusRuntimeException: UNAVAILABLE: io exception
	at org.apache.ratis.thirdparty.io.grpc.stub.ClientCalls.toStatusRuntimeException(ClientCalls.java:233)
	at org.apache.ratis.thirdparty.io.grpc.stub.ClientCalls.getUnchecked(ClientCalls.java:214)
	at org.apache.ratis.thirdparty.io.grpc.stub.ClientCalls.blockingUnaryCall(ClientCalls.java:139)
	at org.apache.ratis.proto.grpc.RaftServerProtocolServiceGrpc$RaftServerProtocolServiceBlockingStub.requestVote(RaftServerProtocolServiceGrpc.java:265)
	at org.apache.ratis.grpc.server.GrpcServerProtocolClient.requestVote(GrpcServerProtocolClient.java:99)
	at org.apache.ratis.grpc.server.GrpcService.requestVote(GrpcService.java:204)
	at org.apache.ratis.server.impl.LeaderElection.lambda$submitRequests$1(LeaderElection.java:234)
	at java.util.concurrent.FutureTask.run(FutureTask.java:266)
	at java.util.concurrent.Executors$RunnableAdapter.call(Executors.java:511)
	at java.util.concurrent.FutureTask.run(FutureTask.java:266)
	at java.util.concurrent.ThreadPoolExecutor.runWorker(ThreadPoolExecutor.java:1149)
	at java.util.concurrent.ThreadPoolExecutor$Worker.run(ThreadPoolExecutor.java:624)
	... 1 more
Caused by: org.apache.ratis.thirdparty.io.netty.channel.AbstractChannel$AnnotatedConnectException: Connection refused: /192.168.69.67:35902
	at sun.nio.ch.SocketChannelImpl.checkConnect(Native Method)
	at sun.nio.ch.SocketChannelImpl.finishConnect(SocketChannelImpl.java:717)
	at org.apache.ratis.thirdparty.io.netty.channel.socket.nio.NioSocketChannel.doFinishConnect(NioSocketChannel.java:327)
	at org.apache.ratis.thirdparty.io.netty.channel.nio.AbstractNioChannel$AbstractNioUnsafe.finishConnect(AbstractNioChannel.java:340)
	at org.apache.ratis.thirdparty.io.netty.channel.nio.NioEventLoop.processSelectedKey(NioEventLoop.java:632)
	at org.apache.ratis.thirdparty.io.netty.channel.nio.NioEventLoop.processSelectedKeysOptimized(NioEventLoop.java:579)
	at org.apache.ratis.thirdparty.io.netty.channel.nio.NioEventLoop.processSelectedKeys(NioEventLoop.java:496)
	at org.apache.ratis.thirdparty.io.netty.channel.nio.NioEventLoop.run(NioEventLoop.java:458)
	at org.apache.ratis.thirdparty.io.netty.util.concurrent.SingleThreadEventExecutor$5.run(SingleThreadEventExecutor.java:897)
	at org.apache.ratis.thirdparty.io.netty.util.concurrent.FastThreadLocalRunnable.run(FastThreadLocalRunnable.java:30)
	... 1 more
Caused by: java.net.ConnectException: Connection refused
	... 11 more
2019-10-18 07:15:00,140 [c52c3de9-0ed1-4f2b-ba1d-f317ceeb0ceb@group-20BE3FF63202-LeaderElection289] INFO  impl.RaftServerImpl (RaftServerImpl.java:setRole(184)) - c52c3de9-0ed1-4f2b-ba1d-f317ceeb0ceb@group-20BE3FF63202: changes role from CANDIDATE to FOLLOWER at term 339 for DISCOVERED_A_NEW_TERM
2019-10-18 07:15:00,140 [c52c3de9-0ed1-4f2b-ba1d-f317ceeb0ceb@group-20BE3FF63202-LeaderElection289] INFO  impl.RoleInfo (RoleInfo.java:shutdownLeaderElection(134)) - c52c3de9-0ed1-4f2b-ba1d-f317ceeb0ceb: shutdown LeaderElection
2019-10-18 07:15:00,140 [c52c3de9-0ed1-4f2b-ba1d-f317ceeb0ceb@group-20BE3FF63202-LeaderElection289] INFO  impl.RoleInfo (RoleInfo.java:updateAndGet(143)) - c52c3de9-0ed1-4f2b-ba1d-f317ceeb0ceb: start FollowerState
2019-10-18 07:15:00,341 [Thread-2352] INFO  impl.FollowerState (FollowerState.java:run(108)) - c52c3de9-0ed1-4f2b-ba1d-f317ceeb0ceb@group-20BE3FF63202-FollowerState: change to CANDIDATE, lastRpcTime:200ms, electionTimeout:200ms
2019-10-18 07:15:00,341 [Thread-2352] INFO  impl.RoleInfo (RoleInfo.java:shutdownFollowerState(121)) - c52c3de9-0ed1-4f2b-ba1d-f317ceeb0ceb: shutdown FollowerState
2019-10-18 07:15:00,341 [Thread-2352] INFO  impl.RaftServerImpl (RaftServerImpl.java:setRole(184)) - c52c3de9-0ed1-4f2b-ba1d-f317ceeb0ceb@group-20BE3FF63202: changes role from  FOLLOWER to CANDIDATE at term 339 for changeToCandidate
2019-10-18 07:15:00,341 [Thread-2352] INFO  impl.RoleInfo (RoleInfo.java:updateAndGet(143)) - c52c3de9-0ed1-4f2b-ba1d-f317ceeb0ceb: start LeaderElection
2019-10-18 07:15:00,355 [c52c3de9-0ed1-4f2b-ba1d-f317ceeb0ceb@group-20BE3FF63202-LeaderElection290] INFO  impl.LeaderElection (LeaderElection.java:askForVotes(178)) - c52c3de9-0ed1-4f2b-ba1d-f317ceeb0ceb@group-20BE3FF63202-LeaderElection290: begin an election at term 340 for -1: [24274e9f-e41f-4654-9afc-a783ca44e44b:192.168.69.67:35902, 988115cd-21c9-4558-b198-f2cedd98ccf3:192.168.69.67:44208, c52c3de9-0ed1-4f2b-ba1d-f317ceeb0ceb:192.168.69.67:37615], old=null
2019-10-18 07:15:00,356 [c52c3de9-0ed1-4f2b-ba1d-f317ceeb0ceb@group-20BE3FF63202-LeaderElection290] INFO  impl.LeaderElection (LogUtils.java:infoOrTrace(149)) - c52c3de9-0ed1-4f2b-ba1d-f317ceeb0ceb@group-20BE3FF63202-LeaderElection290 got exception when requesting votes: {}
java.util.concurrent.ExecutionException: org.apache.ratis.thirdparty.io.grpc.StatusRuntimeException: UNAVAILABLE: io exception
	at java.util.concurrent.FutureTask.report(FutureTask.java:122)
	at java.util.concurrent.FutureTask.get(FutureTask.java:192)
	at org.apache.ratis.server.impl.LeaderElection.waitForResults(LeaderElection.java:259)
	at org.apache.ratis.server.impl.LeaderElection.askForVotes(LeaderElection.java:197)
	at org.apache.ratis.server.impl.LeaderElection.run(LeaderElection.java:133)
	at java.lang.Thread.run(Thread.java:748)
Caused by: org.apache.ratis.thirdparty.io.grpc.StatusRuntimeException: UNAVAILABLE: io exception
	at org.apache.ratis.thirdparty.io.grpc.stub.ClientCalls.toStatusRuntimeException(ClientCalls.java:233)
	at org.apache.ratis.thirdparty.io.grpc.stub.ClientCalls.getUnchecked(ClientCalls.java:214)
	at org.apache.ratis.thirdparty.io.grpc.stub.ClientCalls.blockingUnaryCall(ClientCalls.java:139)
	at org.apache.ratis.proto.grpc.RaftServerProtocolServiceGrpc$RaftServerProtocolServiceBlockingStub.requestVote(RaftServerProtocolServiceGrpc.java:265)
	at org.apache.ratis.grpc.server.GrpcServerProtocolClient.requestVote(GrpcServerProtocolClient.java:99)
	at org.apache.ratis.grpc.server.GrpcService.requestVote(GrpcService.java:204)
	at org.apache.ratis.server.impl.LeaderElection.lambda$submitRequests$1(LeaderElection.java:234)
	at java.util.concurrent.FutureTask.run(FutureTask.java:266)
	at java.util.concurrent.Executors$RunnableAdapter.call(Executors.java:511)
	at java.util.concurrent.FutureTask.run(FutureTask.java:266)
	at java.util.concurrent.ThreadPoolExecutor.runWorker(ThreadPoolExecutor.java:1149)
	at java.util.concurrent.ThreadPoolExecutor$Worker.run(ThreadPoolExecutor.java:624)
	... 1 more
Caused by: org.apache.ratis.thirdparty.io.netty.channel.AbstractChannel$AnnotatedConnectException: Connection refused: /192.168.69.67:35902
	at sun.nio.ch.SocketChannelImpl.checkConnect(Native Method)
	at sun.nio.ch.SocketChannelImpl.finishConnect(SocketChannelImpl.java:717)
	at org.apache.ratis.thirdparty.io.netty.channel.socket.nio.NioSocketChannel.doFinishConnect(NioSocketChannel.java:327)
	at org.apache.ratis.thirdparty.io.netty.channel.nio.AbstractNioChannel$AbstractNioUnsafe.finishConnect(AbstractNioChannel.java:340)
	at org.apache.ratis.thirdparty.io.netty.channel.nio.NioEventLoop.processSelectedKey(NioEventLoop.java:632)
	at org.apache.ratis.thirdparty.io.netty.channel.nio.NioEventLoop.processSelectedKeysOptimized(NioEventLoop.java:579)
	at org.apache.ratis.thirdparty.io.netty.channel.nio.NioEventLoop.processSelectedKeys(NioEventLoop.java:496)
	at org.apache.ratis.thirdparty.io.netty.channel.nio.NioEventLoop.run(NioEventLoop.java:458)
	at org.apache.ratis.thirdparty.io.netty.util.concurrent.SingleThreadEventExecutor$5.run(SingleThreadEventExecutor.java:897)
	at org.apache.ratis.thirdparty.io.netty.util.concurrent.FastThreadLocalRunnable.run(FastThreadLocalRunnable.java:30)
	... 1 more
Caused by: java.net.ConnectException: Connection refused
	... 11 more
2019-10-18 07:15:00,360 [grpc-default-executor-2] INFO  impl.RaftServerImpl (RaftServerImpl.java:setRole(184)) - 988115cd-21c9-4558-b198-f2cedd98ccf3@group-20BE3FF63202: changes role from  FOLLOWER to FOLLOWER at term 340 for recognizeCandidate:c52c3de9-0ed1-4f2b-ba1d-f317ceeb0ceb
2019-10-18 07:15:00,360 [grpc-default-executor-2] INFO  impl.RoleInfo (RoleInfo.java:shutdownFollowerState(121)) - 988115cd-21c9-4558-b198-f2cedd98ccf3: shutdown FollowerState
2019-10-18 07:15:00,360 [grpc-default-executor-2] INFO  impl.RoleInfo (RoleInfo.java:updateAndGet(143)) - 988115cd-21c9-4558-b198-f2cedd98ccf3: start FollowerState
2019-10-18 07:15:00,361 [Thread-2351] INFO  impl.FollowerState (FollowerState.java:run(117)) - 988115cd-21c9-4558-b198-f2cedd98ccf3@group-20BE3FF63202-FollowerState was interrupted: java.lang.InterruptedException: sleep interrupted
2019-10-18 07:15:00,375 [c52c3de9-0ed1-4f2b-ba1d-f317ceeb0ceb@group-20BE3FF63202-LeaderElection290] INFO  impl.LeaderElection (LeaderElection.java:logAndReturn(56)) - c52c3de9-0ed1-4f2b-ba1d-f317ceeb0ceb@group-20BE3FF63202-LeaderElection290: Election REJECTED; received 1 response(s) [c52c3de9-0ed1-4f2b-ba1d-f317ceeb0ceb<-988115cd-21c9-4558-b198-f2cedd98ccf3#0:FAIL-t340] and 1 exception(s); c52c3de9-0ed1-4f2b-ba1d-f317ceeb0ceb@group-20BE3FF63202:t340, leader=null, voted=c52c3de9-0ed1-4f2b-ba1d-f317ceeb0ceb, raftlog=c52c3de9-0ed1-4f2b-ba1d-f317ceeb0ceb@group-20BE3FF63202-SegmentedRaftLog:OPENED:c-1,f-1,i0, conf=-1: [24274e9f-e41f-4654-9afc-a783ca44e44b:192.168.69.67:35902, 988115cd-21c9-4558-b198-f2cedd98ccf3:192.168.69.67:44208, c52c3de9-0ed1-4f2b-ba1d-f317ceeb0ceb:192.168.69.67:37615], old=null
2019-10-18 07:15:00,375 [c52c3de9-0ed1-4f2b-ba1d-f317ceeb0ceb@group-20BE3FF63202-LeaderElection290] INFO  impl.LeaderElection (LogUtils.java:infoOrTrace(149)) -   Exception 0: {}
java.util.concurrent.ExecutionException: org.apache.ratis.thirdparty.io.grpc.StatusRuntimeException: UNAVAILABLE: io exception
	at java.util.concurrent.FutureTask.report(FutureTask.java:122)
	at java.util.concurrent.FutureTask.get(FutureTask.java:192)
	at org.apache.ratis.server.impl.LeaderElection.waitForResults(LeaderElection.java:259)
	at org.apache.ratis.server.impl.LeaderElection.askForVotes(LeaderElection.java:197)
	at org.apache.ratis.server.impl.LeaderElection.run(LeaderElection.java:133)
	at java.lang.Thread.run(Thread.java:748)
Caused by: org.apache.ratis.thirdparty.io.grpc.StatusRuntimeException: UNAVAILABLE: io exception
	at org.apache.ratis.thirdparty.io.grpc.stub.ClientCalls.toStatusRuntimeException(ClientCalls.java:233)
	at org.apache.ratis.thirdparty.io.grpc.stub.ClientCalls.getUnchecked(ClientCalls.java:214)
	at org.apache.ratis.thirdparty.io.grpc.stub.ClientCalls.blockingUnaryCall(ClientCalls.java:139)
	at org.apache.ratis.proto.grpc.RaftServerProtocolServiceGrpc$RaftServerProtocolServiceBlockingStub.requestVote(RaftServerProtocolServiceGrpc.java:265)
	at org.apache.ratis.grpc.server.GrpcServerProtocolClient.requestVote(GrpcServerProtocolClient.java:99)
	at org.apache.ratis.grpc.server.GrpcService.requestVote(GrpcService.java:204)
	at org.apache.ratis.server.impl.LeaderElection.lambda$submitRequests$1(LeaderElection.java:234)
	at java.util.concurrent.FutureTask.run(FutureTask.java:266)
	at java.util.concurrent.Executors$RunnableAdapter.call(Executors.java:511)
	at java.util.concurrent.FutureTask.run(FutureTask.java:266)
	at java.util.concurrent.ThreadPoolExecutor.runWorker(ThreadPoolExecutor.java:1149)
	at java.util.concurrent.ThreadPoolExecutor$Worker.run(ThreadPoolExecutor.java:624)
	... 1 more
Caused by: org.apache.ratis.thirdparty.io.netty.channel.AbstractChannel$AnnotatedConnectException: Connection refused: /192.168.69.67:35902
	at sun.nio.ch.SocketChannelImpl.checkConnect(Native Method)
	at sun.nio.ch.SocketChannelImpl.finishConnect(SocketChannelImpl.java:717)
	at org.apache.ratis.thirdparty.io.netty.channel.socket.nio.NioSocketChannel.doFinishConnect(NioSocketChannel.java:327)
	at org.apache.ratis.thirdparty.io.netty.channel.nio.AbstractNioChannel$AbstractNioUnsafe.finishConnect(AbstractNioChannel.java:340)
	at org.apache.ratis.thirdparty.io.netty.channel.nio.NioEventLoop.processSelectedKey(NioEventLoop.java:632)
	at org.apache.ratis.thirdparty.io.netty.channel.nio.NioEventLoop.processSelectedKeysOptimized(NioEventLoop.java:579)
	at org.apache.ratis.thirdparty.io.netty.channel.nio.NioEventLoop.processSelectedKeys(NioEventLoop.java:496)
	at org.apache.ratis.thirdparty.io.netty.channel.nio.NioEventLoop.run(NioEventLoop.java:458)
	at org.apache.ratis.thirdparty.io.netty.util.concurrent.SingleThreadEventExecutor$5.run(SingleThreadEventExecutor.java:897)
	at org.apache.ratis.thirdparty.io.netty.util.concurrent.FastThreadLocalRunnable.run(FastThreadLocalRunnable.java:30)
	... 1 more
Caused by: java.net.ConnectException: Connection refused
	... 11 more
2019-10-18 07:15:00,376 [c52c3de9-0ed1-4f2b-ba1d-f317ceeb0ceb@group-20BE3FF63202-LeaderElection290] INFO  impl.RaftServerImpl (RaftServerImpl.java:setRole(184)) - c52c3de9-0ed1-4f2b-ba1d-f317ceeb0ceb@group-20BE3FF63202: changes role from CANDIDATE to FOLLOWER at term 340 for DISCOVERED_A_NEW_TERM
2019-10-18 07:15:00,376 [c52c3de9-0ed1-4f2b-ba1d-f317ceeb0ceb@group-20BE3FF63202-LeaderElection290] INFO  impl.RoleInfo (RoleInfo.java:shutdownLeaderElection(134)) - c52c3de9-0ed1-4f2b-ba1d-f317ceeb0ceb: shutdown LeaderElection
2019-10-18 07:15:00,376 [c52c3de9-0ed1-4f2b-ba1d-f317ceeb0ceb@group-20BE3FF63202-LeaderElection290] INFO  impl.RoleInfo (RoleInfo.java:updateAndGet(143)) - c52c3de9-0ed1-4f2b-ba1d-f317ceeb0ceb: start FollowerState
2019-10-18 07:15:00,513 [Thread-2357] INFO  impl.FollowerState (FollowerState.java:run(108)) - c52c3de9-0ed1-4f2b-ba1d-f317ceeb0ceb@group-20BE3FF63202-FollowerState: change to CANDIDATE, lastRpcTime:137ms, electionTimeout:137ms
2019-10-18 07:15:00,514 [Thread-2357] INFO  impl.RoleInfo (RoleInfo.java:shutdownFollowerState(121)) - c52c3de9-0ed1-4f2b-ba1d-f317ceeb0ceb: shutdown FollowerState
2019-10-18 07:15:00,514 [Thread-2357] INFO  impl.RaftServerImpl (RaftServerImpl.java:setRole(184)) - c52c3de9-0ed1-4f2b-ba1d-f317ceeb0ceb@group-20BE3FF63202: changes role from  FOLLOWER to CANDIDATE at term 340 for changeToCandidate
2019-10-18 07:15:00,514 [Thread-2357] INFO  impl.RoleInfo (RoleInfo.java:updateAndGet(143)) - c52c3de9-0ed1-4f2b-ba1d-f317ceeb0ceb: start LeaderElection
2019-10-18 07:15:00,529 [c52c3de9-0ed1-4f2b-ba1d-f317ceeb0ceb@group-20BE3FF63202-LeaderElection291] INFO  impl.LeaderElection (LeaderElection.java:askForVotes(178)) - c52c3de9-0ed1-4f2b-ba1d-f317ceeb0ceb@group-20BE3FF63202-LeaderElection291: begin an election at term 341 for -1: [24274e9f-e41f-4654-9afc-a783ca44e44b:192.168.69.67:35902, 988115cd-21c9-4558-b198-f2cedd98ccf3:192.168.69.67:44208, c52c3de9-0ed1-4f2b-ba1d-f317ceeb0ceb:192.168.69.67:37615], old=null
2019-10-18 07:15:00,530 [c52c3de9-0ed1-4f2b-ba1d-f317ceeb0ceb@group-20BE3FF63202-LeaderElection291] INFO  impl.LeaderElection (LogUtils.java:infoOrTrace(149)) - c52c3de9-0ed1-4f2b-ba1d-f317ceeb0ceb@group-20BE3FF63202-LeaderElection291 got exception when requesting votes: {}
java.util.concurrent.ExecutionException: org.apache.ratis.thirdparty.io.grpc.StatusRuntimeException: UNAVAILABLE: io exception
	at java.util.concurrent.FutureTask.report(FutureTask.java:122)
	at java.util.concurrent.FutureTask.get(FutureTask.java:192)
	at org.apache.ratis.server.impl.LeaderElection.waitForResults(LeaderElection.java:259)
	at org.apache.ratis.server.impl.LeaderElection.askForVotes(LeaderElection.java:197)
	at org.apache.ratis.server.impl.LeaderElection.run(LeaderElection.java:133)
	at java.lang.Thread.run(Thread.java:748)
Caused by: org.apache.ratis.thirdparty.io.grpc.StatusRuntimeException: UNAVAILABLE: io exception
	at org.apache.ratis.thirdparty.io.grpc.stub.ClientCalls.toStatusRuntimeException(ClientCalls.java:233)
	at org.apache.ratis.thirdparty.io.grpc.stub.ClientCalls.getUnchecked(ClientCalls.java:214)
	at org.apache.ratis.thirdparty.io.grpc.stub.ClientCalls.blockingUnaryCall(ClientCalls.java:139)
	at org.apache.ratis.proto.grpc.RaftServerProtocolServiceGrpc$RaftServerProtocolServiceBlockingStub.requestVote(RaftServerProtocolServiceGrpc.java:265)
	at org.apache.ratis.grpc.server.GrpcServerProtocolClient.requestVote(GrpcServerProtocolClient.java:99)
	at org.apache.ratis.grpc.server.GrpcService.requestVote(GrpcService.java:204)
	at org.apache.ratis.server.impl.LeaderElection.lambda$submitRequests$1(LeaderElection.java:234)
	at java.util.concurrent.FutureTask.run(FutureTask.java:266)
	at java.util.concurrent.Executors$RunnableAdapter.call(Executors.java:511)
	at java.util.concurrent.FutureTask.run(FutureTask.java:266)
	at java.util.concurrent.ThreadPoolExecutor.runWorker(ThreadPoolExecutor.java:1149)
	at java.util.concurrent.ThreadPoolExecutor$Worker.run(ThreadPoolExecutor.java:624)
	... 1 more
Caused by: org.apache.ratis.thirdparty.io.netty.channel.AbstractChannel$AnnotatedConnectException: Connection refused: /192.168.69.67:35902
	at sun.nio.ch.SocketChannelImpl.checkConnect(Native Method)
	at sun.nio.ch.SocketChannelImpl.finishConnect(SocketChannelImpl.java:717)
	at org.apache.ratis.thirdparty.io.netty.channel.socket.nio.NioSocketChannel.doFinishConnect(NioSocketChannel.java:327)
	at org.apache.ratis.thirdparty.io.netty.channel.nio.AbstractNioChannel$AbstractNioUnsafe.finishConnect(AbstractNioChannel.java:340)
	at org.apache.ratis.thirdparty.io.netty.channel.nio.NioEventLoop.processSelectedKey(NioEventLoop.java:632)
	at org.apache.ratis.thirdparty.io.netty.channel.nio.NioEventLoop.processSelectedKeysOptimized(NioEventLoop.java:579)
	at org.apache.ratis.thirdparty.io.netty.channel.nio.NioEventLoop.processSelectedKeys(NioEventLoop.java:496)
	at org.apache.ratis.thirdparty.io.netty.channel.nio.NioEventLoop.run(NioEventLoop.java:458)
	at org.apache.ratis.thirdparty.io.netty.util.concurrent.SingleThreadEventExecutor$5.run(SingleThreadEventExecutor.java:897)
	at org.apache.ratis.thirdparty.io.netty.util.concurrent.FastThreadLocalRunnable.run(FastThreadLocalRunnable.java:30)
	... 1 more
Caused by: java.net.ConnectException: Connection refused
	... 11 more
2019-10-18 07:15:00,532 [grpc-default-executor-2] INFO  impl.RaftServerImpl (RaftServerImpl.java:setRole(184)) - 988115cd-21c9-4558-b198-f2cedd98ccf3@group-20BE3FF63202: changes role from  FOLLOWER to FOLLOWER at term 341 for recognizeCandidate:c52c3de9-0ed1-4f2b-ba1d-f317ceeb0ceb
2019-10-18 07:15:00,533 [grpc-default-executor-2] INFO  impl.RoleInfo (RoleInfo.java:shutdownFollowerState(121)) - 988115cd-21c9-4558-b198-f2cedd98ccf3: shutdown FollowerState
2019-10-18 07:15:00,533 [grpc-default-executor-2] INFO  impl.RoleInfo (RoleInfo.java:updateAndGet(143)) - 988115cd-21c9-4558-b198-f2cedd98ccf3: start FollowerState
2019-10-18 07:15:00,533 [Thread-2356] INFO  impl.FollowerState (FollowerState.java:run(117)) - 988115cd-21c9-4558-b198-f2cedd98ccf3@group-20BE3FF63202-FollowerState was interrupted: java.lang.InterruptedException: sleep interrupted
2019-10-18 07:15:00,547 [c52c3de9-0ed1-4f2b-ba1d-f317ceeb0ceb@group-20BE3FF63202-LeaderElection291] INFO  impl.LeaderElection (LeaderElection.java:logAndReturn(56)) - c52c3de9-0ed1-4f2b-ba1d-f317ceeb0ceb@group-20BE3FF63202-LeaderElection291: Election REJECTED; received 1 response(s) [c52c3de9-0ed1-4f2b-ba1d-f317ceeb0ceb<-988115cd-21c9-4558-b198-f2cedd98ccf3#0:FAIL-t341] and 1 exception(s); c52c3de9-0ed1-4f2b-ba1d-f317ceeb0ceb@group-20BE3FF63202:t341, leader=null, voted=c52c3de9-0ed1-4f2b-ba1d-f317ceeb0ceb, raftlog=c52c3de9-0ed1-4f2b-ba1d-f317ceeb0ceb@group-20BE3FF63202-SegmentedRaftLog:OPENED:c-1,f-1,i0, conf=-1: [24274e9f-e41f-4654-9afc-a783ca44e44b:192.168.69.67:35902, 988115cd-21c9-4558-b198-f2cedd98ccf3:192.168.69.67:44208, c52c3de9-0ed1-4f2b-ba1d-f317ceeb0ceb:192.168.69.67:37615], old=null
2019-10-18 07:15:00,548 [c52c3de9-0ed1-4f2b-ba1d-f317ceeb0ceb@group-20BE3FF63202-LeaderElection291] INFO  impl.LeaderElection (LogUtils.java:infoOrTrace(149)) -   Exception 0: {}
java.util.concurrent.ExecutionException: org.apache.ratis.thirdparty.io.grpc.StatusRuntimeException: UNAVAILABLE: io exception
	at java.util.concurrent.FutureTask.report(FutureTask.java:122)
	at java.util.concurrent.FutureTask.get(FutureTask.java:192)
	at org.apache.ratis.server.impl.LeaderElection.waitForResults(LeaderElection.java:259)
	at org.apache.ratis.server.impl.LeaderElection.askForVotes(LeaderElection.java:197)
	at org.apache.ratis.server.impl.LeaderElection.run(LeaderElection.java:133)
	at java.lang.Thread.run(Thread.java:748)
Caused by: org.apache.ratis.thirdparty.io.grpc.StatusRuntimeException: UNAVAILABLE: io exception
	at org.apache.ratis.thirdparty.io.grpc.stub.ClientCalls.toStatusRuntimeException(ClientCalls.java:233)
	at org.apache.ratis.thirdparty.io.grpc.stub.ClientCalls.getUnchecked(ClientCalls.java:214)
	at org.apache.ratis.thirdparty.io.grpc.stub.ClientCalls.blockingUnaryCall(ClientCalls.java:139)
	at org.apache.ratis.proto.grpc.RaftServerProtocolServiceGrpc$RaftServerProtocolServiceBlockingStub.requestVote(RaftServerProtocolServiceGrpc.java:265)
	at org.apache.ratis.grpc.server.GrpcServerProtocolClient.requestVote(GrpcServerProtocolClient.java:99)
	at org.apache.ratis.grpc.server.GrpcService.requestVote(GrpcService.java:204)
	at org.apache.ratis.server.impl.LeaderElection.lambda$submitRequests$1(LeaderElection.java:234)
	at java.util.concurrent.FutureTask.run(FutureTask.java:266)
	at java.util.concurrent.Executors$RunnableAdapter.call(Executors.java:511)
	at java.util.concurrent.FutureTask.run(FutureTask.java:266)
	at java.util.concurrent.ThreadPoolExecutor.runWorker(ThreadPoolExecutor.java:1149)
	at java.util.concurrent.ThreadPoolExecutor$Worker.run(ThreadPoolExecutor.java:624)
	... 1 more
Caused by: org.apache.ratis.thirdparty.io.netty.channel.AbstractChannel$AnnotatedConnectException: Connection refused: /192.168.69.67:35902
	at sun.nio.ch.SocketChannelImpl.checkConnect(Native Method)
	at sun.nio.ch.SocketChannelImpl.finishConnect(SocketChannelImpl.java:717)
	at org.apache.ratis.thirdparty.io.netty.channel.socket.nio.NioSocketChannel.doFinishConnect(NioSocketChannel.java:327)
	at org.apache.ratis.thirdparty.io.netty.channel.nio.AbstractNioChannel$AbstractNioUnsafe.finishConnect(AbstractNioChannel.java:340)
	at org.apache.ratis.thirdparty.io.netty.channel.nio.NioEventLoop.processSelectedKey(NioEventLoop.java:632)
	at org.apache.ratis.thirdparty.io.netty.channel.nio.NioEventLoop.processSelectedKeysOptimized(NioEventLoop.java:579)
	at org.apache.ratis.thirdparty.io.netty.channel.nio.NioEventLoop.processSelectedKeys(NioEventLoop.java:496)
	at org.apache.ratis.thirdparty.io.netty.channel.nio.NioEventLoop.run(NioEventLoop.java:458)
	at org.apache.ratis.thirdparty.io.netty.util.concurrent.SingleThreadEventExecutor$5.run(SingleThreadEventExecutor.java:897)
	at org.apache.ratis.thirdparty.io.netty.util.concurrent.FastThreadLocalRunnable.run(FastThreadLocalRunnable.java:30)
	... 1 more
Caused by: java.net.ConnectException: Connection refused
	... 11 more
2019-10-18 07:15:00,548 [c52c3de9-0ed1-4f2b-ba1d-f317ceeb0ceb@group-20BE3FF63202-LeaderElection291] INFO  impl.RaftServerImpl (RaftServerImpl.java:setRole(184)) - c52c3de9-0ed1-4f2b-ba1d-f317ceeb0ceb@group-20BE3FF63202: changes role from CANDIDATE to FOLLOWER at term 341 for DISCOVERED_A_NEW_TERM
2019-10-18 07:15:00,548 [c52c3de9-0ed1-4f2b-ba1d-f317ceeb0ceb@group-20BE3FF63202-LeaderElection291] INFO  impl.RoleInfo (RoleInfo.java:shutdownLeaderElection(134)) - c52c3de9-0ed1-4f2b-ba1d-f317ceeb0ceb: shutdown LeaderElection
2019-10-18 07:15:00,548 [c52c3de9-0ed1-4f2b-ba1d-f317ceeb0ceb@group-20BE3FF63202-LeaderElection291] INFO  impl.RoleInfo (RoleInfo.java:updateAndGet(143)) - c52c3de9-0ed1-4f2b-ba1d-f317ceeb0ceb: start FollowerState
2019-10-18 07:15:00,748 [Thread-2362] INFO  impl.FollowerState (FollowerState.java:run(108)) - c52c3de9-0ed1-4f2b-ba1d-f317ceeb0ceb@group-20BE3FF63202-FollowerState: change to CANDIDATE, lastRpcTime:199ms, electionTimeout:199ms
2019-10-18 07:15:00,748 [Thread-2362] INFO  impl.RoleInfo (RoleInfo.java:shutdownFollowerState(121)) - c52c3de9-0ed1-4f2b-ba1d-f317ceeb0ceb: shutdown FollowerState
2019-10-18 07:15:00,748 [Thread-2362] INFO  impl.RaftServerImpl (RaftServerImpl.java:setRole(184)) - c52c3de9-0ed1-4f2b-ba1d-f317ceeb0ceb@group-20BE3FF63202: changes role from  FOLLOWER to CANDIDATE at term 341 for changeToCandidate
2019-10-18 07:15:00,748 [Thread-2362] INFO  impl.RoleInfo (RoleInfo.java:updateAndGet(143)) - c52c3de9-0ed1-4f2b-ba1d-f317ceeb0ceb: start LeaderElection
2019-10-18 07:15:00,762 [c52c3de9-0ed1-4f2b-ba1d-f317ceeb0ceb@group-20BE3FF63202-LeaderElection292] INFO  impl.LeaderElection (LeaderElection.java:askForVotes(178)) - c52c3de9-0ed1-4f2b-ba1d-f317ceeb0ceb@group-20BE3FF63202-LeaderElection292: begin an election at term 342 for -1: [24274e9f-e41f-4654-9afc-a783ca44e44b:192.168.69.67:35902, 988115cd-21c9-4558-b198-f2cedd98ccf3:192.168.69.67:44208, c52c3de9-0ed1-4f2b-ba1d-f317ceeb0ceb:192.168.69.67:37615], old=null
2019-10-18 07:15:00,763 [c52c3de9-0ed1-4f2b-ba1d-f317ceeb0ceb@group-20BE3FF63202-LeaderElection292] INFO  impl.LeaderElection (LogUtils.java:infoOrTrace(149)) - c52c3de9-0ed1-4f2b-ba1d-f317ceeb0ceb@group-20BE3FF63202-LeaderElection292 got exception when requesting votes: {}
java.util.concurrent.ExecutionException: org.apache.ratis.thirdparty.io.grpc.StatusRuntimeException: UNAVAILABLE: io exception
	at java.util.concurrent.FutureTask.report(FutureTask.java:122)
	at java.util.concurrent.FutureTask.get(FutureTask.java:192)
	at org.apache.ratis.server.impl.LeaderElection.waitForResults(LeaderElection.java:259)
	at org.apache.ratis.server.impl.LeaderElection.askForVotes(LeaderElection.java:197)
	at org.apache.ratis.server.impl.LeaderElection.run(LeaderElection.java:133)
	at java.lang.Thread.run(Thread.java:748)
Caused by: org.apache.ratis.thirdparty.io.grpc.StatusRuntimeException: UNAVAILABLE: io exception
	at org.apache.ratis.thirdparty.io.grpc.stub.ClientCalls.toStatusRuntimeException(ClientCalls.java:233)
	at org.apache.ratis.thirdparty.io.grpc.stub.ClientCalls.getUnchecked(ClientCalls.java:214)
	at org.apache.ratis.thirdparty.io.grpc.stub.ClientCalls.blockingUnaryCall(ClientCalls.java:139)
	at org.apache.ratis.proto.grpc.RaftServerProtocolServiceGrpc$RaftServerProtocolServiceBlockingStub.requestVote(RaftServerProtocolServiceGrpc.java:265)
	at org.apache.ratis.grpc.server.GrpcServerProtocolClient.requestVote(GrpcServerProtocolClient.java:99)
	at org.apache.ratis.grpc.server.GrpcService.requestVote(GrpcService.java:204)
	at org.apache.ratis.server.impl.LeaderElection.lambda$submitRequests$1(LeaderElection.java:234)
	at java.util.concurrent.FutureTask.run(FutureTask.java:266)
	at java.util.concurrent.Executors$RunnableAdapter.call(Executors.java:511)
	at java.util.concurrent.FutureTask.run(FutureTask.java:266)
	at java.util.concurrent.ThreadPoolExecutor.runWorker(ThreadPoolExecutor.java:1149)
	at java.util.concurrent.ThreadPoolExecutor$Worker.run(ThreadPoolExecutor.java:624)
	... 1 more
Caused by: org.apache.ratis.thirdparty.io.netty.channel.AbstractChannel$AnnotatedConnectException: Connection refused: /192.168.69.67:35902
	at sun.nio.ch.SocketChannelImpl.checkConnect(Native Method)
	at sun.nio.ch.SocketChannelImpl.finishConnect(SocketChannelImpl.java:717)
	at org.apache.ratis.thirdparty.io.netty.channel.socket.nio.NioSocketChannel.doFinishConnect(NioSocketChannel.java:327)
	at org.apache.ratis.thirdparty.io.netty.channel.nio.AbstractNioChannel$AbstractNioUnsafe.finishConnect(AbstractNioChannel.java:340)
	at org.apache.ratis.thirdparty.io.netty.channel.nio.NioEventLoop.processSelectedKey(NioEventLoop.java:632)
	at org.apache.ratis.thirdparty.io.netty.channel.nio.NioEventLoop.processSelectedKeysOptimized(NioEventLoop.java:579)
	at org.apache.ratis.thirdparty.io.netty.channel.nio.NioEventLoop.processSelectedKeys(NioEventLoop.java:496)
	at org.apache.ratis.thirdparty.io.netty.channel.nio.NioEventLoop.run(NioEventLoop.java:458)
	at org.apache.ratis.thirdparty.io.netty.util.concurrent.SingleThreadEventExecutor$5.run(SingleThreadEventExecutor.java:897)
	at org.apache.ratis.thirdparty.io.netty.util.concurrent.FastThreadLocalRunnable.run(FastThreadLocalRunnable.java:30)
	... 1 more
Caused by: java.net.ConnectException: Connection refused
	... 11 more
2019-10-18 07:15:00,768 [grpc-default-executor-2] INFO  impl.RaftServerImpl (RaftServerImpl.java:setRole(184)) - 988115cd-21c9-4558-b198-f2cedd98ccf3@group-20BE3FF63202: changes role from  FOLLOWER to FOLLOWER at term 342 for recognizeCandidate:c52c3de9-0ed1-4f2b-ba1d-f317ceeb0ceb
2019-10-18 07:15:00,768 [grpc-default-executor-2] INFO  impl.RoleInfo (RoleInfo.java:shutdownFollowerState(121)) - 988115cd-21c9-4558-b198-f2cedd98ccf3: shutdown FollowerState
2019-10-18 07:15:00,768 [grpc-default-executor-2] INFO  impl.RoleInfo (RoleInfo.java:updateAndGet(143)) - 988115cd-21c9-4558-b198-f2cedd98ccf3: start FollowerState
2019-10-18 07:15:00,768 [Thread-2361] INFO  impl.FollowerState (FollowerState.java:run(117)) - 988115cd-21c9-4558-b198-f2cedd98ccf3@group-20BE3FF63202-FollowerState was interrupted: java.lang.InterruptedException: sleep interrupted
2019-10-18 07:15:00,774 [ForkJoinPool.commonPool-worker-0] INFO  ozoneimpl.OzoneContainer (OzoneContainer.java:stop(227)) - Attempting to stop container services.
2019-10-18 07:15:00,775 [main] INFO  ozoneimpl.OzoneContainer (OzoneContainer.java:stop(227)) - Attempting to stop container services.
2019-10-18 07:15:00,775 [ForkJoinPool.commonPool-worker-0] INFO  impl.RaftServerProxy (RaftServerProxy.java:lambda$close$4(314)) - 988115cd-21c9-4558-b198-f2cedd98ccf3: close
2019-10-18 07:15:00,775 [main] INFO  impl.RaftServerProxy (RaftServerProxy.java:lambda$close$4(314)) - c52c3de9-0ed1-4f2b-ba1d-f317ceeb0ceb: close
2019-10-18 07:15:00,775 [ForkJoinPool.commonPool-worker-0] INFO  impl.RaftServerImpl (RaftServerImpl.java:lambda$shutdown$3(261)) - 988115cd-21c9-4558-b198-f2cedd98ccf3@group-20BE3FF63202: shutdown
2019-10-18 07:15:00,776 [main] INFO  impl.RaftServerImpl (RaftServerImpl.java:lambda$shutdown$3(261)) - c52c3de9-0ed1-4f2b-ba1d-f317ceeb0ceb@group-20BE3FF63202: shutdown
2019-10-18 07:15:00,776 [ForkJoinPool.commonPool-worker-0] INFO  util.JmxRegister (JmxRegister.java:unregister(73)) - Successfully un-registered JMX Bean with object name Ratis:service=RaftServer,group=group-20BE3FF63202,id=988115cd-21c9-4558-b198-f2cedd98ccf3
2019-10-18 07:15:00,776 [ForkJoinPool.commonPool-worker-0] INFO  impl.RoleInfo (RoleInfo.java:shutdownFollowerState(121)) - 988115cd-21c9-4558-b198-f2cedd98ccf3: shutdown FollowerState
2019-10-18 07:15:00,776 [main] INFO  util.JmxRegister (JmxRegister.java:unregister(73)) - Successfully un-registered JMX Bean with object name Ratis:service=RaftServer,group=group-20BE3FF63202,id=c52c3de9-0ed1-4f2b-ba1d-f317ceeb0ceb
2019-10-18 07:15:00,777 [ForkJoinPool.commonPool-worker-0] INFO  impl.StateMachineUpdater (StateMachineUpdater.java:stopAndJoin(136)) - 988115cd-21c9-4558-b198-f2cedd98ccf3@group-20BE3FF63202-StateMachineUpdater: set stopIndex = -1
2019-10-18 07:15:00,777 [ForkJoinPool.commonPool-worker-0] INFO  impl.RaftServerImpl (ServerState.java:close(388)) - 988115cd-21c9-4558-b198-f2cedd98ccf3@group-20BE3FF63202: closes. applyIndex: -1
2019-10-18 07:15:00,777 [Thread-2366] INFO  impl.FollowerState (FollowerState.java:run(117)) - 988115cd-21c9-4558-b198-f2cedd98ccf3@group-20BE3FF63202-FollowerState was interrupted: java.lang.InterruptedException: sleep interrupted
2019-10-18 07:15:00,777 [main] INFO  impl.RoleInfo (RoleInfo.java:shutdownLeaderElection(134)) - c52c3de9-0ed1-4f2b-ba1d-f317ceeb0ceb: shutdown LeaderElection
2019-10-18 07:15:00,778 [988115cd-21c9-4558-b198-f2cedd98ccf3@group-20BE3FF63202-SegmentedRaftLogWorker] INFO  segmented.SegmentedRaftLogWorker (SegmentedRaftLogWorker.java:run(316)) - 988115cd-21c9-4558-b198-f2cedd98ccf3@group-20BE3FF63202-SegmentedRaftLogWorker was interrupted, exiting. There are 0 tasks remaining in the queue.
2019-10-18 07:15:00,778 [main] INFO  impl.StateMachineUpdater (StateMachineUpdater.java:stopAndJoin(136)) - c52c3de9-0ed1-4f2b-ba1d-f317ceeb0ceb@group-20BE3FF63202-StateMachineUpdater: set stopIndex = -1
2019-10-18 07:15:00,778 [ForkJoinPool.commonPool-worker-0] INFO  segmented.SegmentedRaftLogWorker (SegmentedRaftLogWorker.java:close(224)) - 988115cd-21c9-4558-b198-f2cedd98ccf3@group-20BE3FF63202-SegmentedRaftLogWorker close()
2019-10-18 07:15:00,778 [main] INFO  impl.RaftServerImpl (ServerState.java:close(388)) - c52c3de9-0ed1-4f2b-ba1d-f317ceeb0ceb@group-20BE3FF63202: closes. applyIndex: -1
2019-10-18 07:15:00,780 [ForkJoinPool.commonPool-worker-0] INFO  impl.RaftServerImpl (RaftServerImpl.java:lambda$shutdown$3(261)) - 988115cd-21c9-4558-b198-f2cedd98ccf3@group-BF878B4C9D21: shutdown
2019-10-18 07:15:00,781 [c52c3de9-0ed1-4f2b-ba1d-f317ceeb0ceb@group-20BE3FF63202-SegmentedRaftLogWorker] INFO  segmented.SegmentedRaftLogWorker (SegmentedRaftLogWorker.java:run(316)) - c52c3de9-0ed1-4f2b-ba1d-f317ceeb0ceb@group-20BE3FF63202-SegmentedRaftLogWorker was interrupted, exiting. There are 0 tasks remaining in the queue.
2019-10-18 07:15:00,781 [ForkJoinPool.commonPool-worker-0] INFO  util.JmxRegister (JmxRegister.java:unregister(73)) - Successfully un-registered JMX Bean with object name Ratis:service=RaftServer,group=group-BF878B4C9D21,id=988115cd-21c9-4558-b198-f2cedd98ccf3
2019-10-18 07:15:00,781 [main] INFO  segmented.SegmentedRaftLogWorker (SegmentedRaftLogWorker.java:close(224)) - c52c3de9-0ed1-4f2b-ba1d-f317ceeb0ceb@group-20BE3FF63202-SegmentedRaftLogWorker close()
2019-10-18 07:15:00,781 [ForkJoinPool.commonPool-worker-0] INFO  impl.RoleInfo (RoleInfo.java:shutdownLeaderState(104)) - 988115cd-21c9-4558-b198-f2cedd98ccf3: shutdown LeaderState
2019-10-18 07:15:00,783 [main] INFO  impl.RaftServerImpl (RaftServerImpl.java:lambda$shutdown$3(261)) - c52c3de9-0ed1-4f2b-ba1d-f317ceeb0ceb@group-96B726D5AEA2: shutdown
2019-10-18 07:15:00,783 [ForkJoinPool.commonPool-worker-0] INFO  impl.PendingRequests (PendingRequests.java:sendNotLeaderResponses(202)) - 988115cd-21c9-4558-b198-f2cedd98ccf3@group-BF878B4C9D21-PendingRequests: sendNotLeaderResponses
2019-10-18 07:15:00,783 [main] INFO  util.JmxRegister (JmxRegister.java:unregister(73)) - Successfully un-registered JMX Bean with object name Ratis:service=RaftServer,group=group-96B726D5AEA2,id=c52c3de9-0ed1-4f2b-ba1d-f317ceeb0ceb
2019-10-18 07:15:00,783 [ForkJoinPool.commonPool-worker-0] INFO  impl.StateMachineUpdater (StateMachineUpdater.java:stopAndJoin(136)) - 988115cd-21c9-4558-b198-f2cedd98ccf3@group-BF878B4C9D21-StateMachineUpdater: set stopIndex = 0
2019-10-18 07:15:00,783 [c52c3de9-0ed1-4f2b-ba1d-f317ceeb0ceb@group-20BE3FF63202-LeaderElection292] INFO  impl.LeaderElection (LeaderElection.java:logAndReturn(56)) - c52c3de9-0ed1-4f2b-ba1d-f317ceeb0ceb@group-20BE3FF63202-LeaderElection292: Election REJECTED; received 1 response(s) [c52c3de9-0ed1-4f2b-ba1d-f317ceeb0ceb<-988115cd-21c9-4558-b198-f2cedd98ccf3#0:FAIL-t342] and 1 exception(s); c52c3de9-0ed1-4f2b-ba1d-f317ceeb0ceb@group-20BE3FF63202:t342, leader=null, voted=c52c3de9-0ed1-4f2b-ba1d-f317ceeb0ceb, raftlog=c52c3de9-0ed1-4f2b-ba1d-f317ceeb0ceb@group-20BE3FF63202-SegmentedRaftLog:CLOSED:c-1, conf=-1: [24274e9f-e41f-4654-9afc-a783ca44e44b:192.168.69.67:35902, 988115cd-21c9-4558-b198-f2cedd98ccf3:192.168.69.67:44208, c52c3de9-0ed1-4f2b-ba1d-f317ceeb0ceb:192.168.69.67:37615], old=null
2019-10-18 07:15:00,784 [ForkJoinPool.commonPool-worker-0] INFO  impl.RaftServerImpl (ServerState.java:close(388)) - 988115cd-21c9-4558-b198-f2cedd98ccf3@group-BF878B4C9D21: closes. applyIndex: 0
2019-10-18 07:15:00,784 [main] INFO  impl.RoleInfo (RoleInfo.java:shutdownLeaderState(104)) - c52c3de9-0ed1-4f2b-ba1d-f317ceeb0ceb: shutdown LeaderState
2019-10-18 07:15:00,784 [988115cd-21c9-4558-b198-f2cedd98ccf3@group-BF878B4C9D21-SegmentedRaftLogWorker] INFO  segmented.SegmentedRaftLogWorker (SegmentedRaftLogWorker.java:run(316)) - 988115cd-21c9-4558-b198-f2cedd98ccf3@group-BF878B4C9D21-SegmentedRaftLogWorker was interrupted, exiting. There are 0 tasks remaining in the queue.
2019-10-18 07:15:00,784 [c52c3de9-0ed1-4f2b-ba1d-f317ceeb0ceb@group-20BE3FF63202-LeaderElection292] INFO  impl.LeaderElection (LogUtils.java:infoOrTrace(149)) -   Exception 0: {}
java.util.concurrent.ExecutionException: org.apache.ratis.thirdparty.io.grpc.StatusRuntimeException: UNAVAILABLE: io exception
	at java.util.concurrent.FutureTask.report(FutureTask.java:122)
	at java.util.concurrent.FutureTask.get(FutureTask.java:192)
	at org.apache.ratis.server.impl.LeaderElection.waitForResults(LeaderElection.java:259)
	at org.apache.ratis.server.impl.LeaderElection.askForVotes(LeaderElection.java:197)
	at org.apache.ratis.server.impl.LeaderElection.run(LeaderElection.java:133)
	at java.lang.Thread.run(Thread.java:748)
Caused by: org.apache.ratis.thirdparty.io.grpc.StatusRuntimeException: UNAVAILABLE: io exception
	at org.apache.ratis.thirdparty.io.grpc.stub.ClientCalls.toStatusRuntimeException(ClientCalls.java:233)
	at org.apache.ratis.thirdparty.io.grpc.stub.ClientCalls.getUnchecked(ClientCalls.java:214)
	at org.apache.ratis.thirdparty.io.grpc.stub.ClientCalls.blockingUnaryCall(ClientCalls.java:139)
	at org.apache.ratis.proto.grpc.RaftServerProtocolServiceGrpc$RaftServerProtocolServiceBlockingStub.requestVote(RaftServerProtocolServiceGrpc.java:265)
	at org.apache.ratis.grpc.server.GrpcServerProtocolClient.requestVote(GrpcServerProtocolClient.java:99)
	at org.apache.ratis.grpc.server.GrpcService.requestVote(GrpcService.java:204)
	at org.apache.ratis.server.impl.LeaderElection.lambda$submitRequests$1(LeaderElection.java:234)
	at java.util.concurrent.FutureTask.run(FutureTask.java:266)
	at java.util.concurrent.Executors$RunnableAdapter.call(Executors.java:511)
	at java.util.concurrent.FutureTask.run(FutureTask.java:266)
	at java.util.concurrent.ThreadPoolExecutor.runWorker(ThreadPoolExecutor.java:1149)
	at java.util.concurrent.ThreadPoolExecutor$Worker.run(ThreadPoolExecutor.java:624)
	... 1 more
Caused by: org.apache.ratis.thirdparty.io.netty.channel.AbstractChannel$AnnotatedConnectException: Connection refused: /192.168.69.67:35902
	at sun.nio.ch.SocketChannelImpl.checkConnect(Native Method)
	at sun.nio.ch.SocketChannelImpl.finishConnect(SocketChannelImpl.java:717)
	at org.apache.ratis.thirdparty.io.netty.channel.socket.nio.NioSocketChannel.doFinishConnect(NioSocketChannel.java:327)
	at org.apache.ratis.thirdparty.io.netty.channel.nio.AbstractNioChannel$AbstractNioUnsafe.finishConnect(AbstractNioChannel.java:340)
	at org.apache.ratis.thirdparty.io.netty.channel.nio.NioEventLoop.processSelectedKey(NioEventLoop.java:632)
	at org.apache.ratis.thirdparty.io.netty.channel.nio.NioEventLoop.processSelectedKeysOptimized(NioEventLoop.java:579)
	at org.apache.ratis.thirdparty.io.netty.channel.nio.NioEventLoop.processSelectedKeys(NioEventLoop.java:496)
	at org.apache.ratis.thirdparty.io.netty.channel.nio.NioEventLoop.run(NioEventLoop.java:458)
	at org.apache.ratis.thirdparty.io.netty.util.concurrent.SingleThreadEventExecutor$5.run(SingleThreadEventExecutor.java:897)
	at org.apache.ratis.thirdparty.io.netty.util.concurrent.FastThreadLocalRunnable.run(FastThreadLocalRunnable.java:30)
	... 1 more
Caused by: java.net.ConnectException: Connection refused
	... 11 more
2019-10-18 07:15:00,785 [ForkJoinPool.commonPool-worker-0] INFO  segmented.SegmentedRaftLogWorker (SegmentedRaftLogWorker.java:close(224)) - 988115cd-21c9-4558-b198-f2cedd98ccf3@group-BF878B4C9D21-SegmentedRaftLogWorker close()
2019-10-18 07:15:00,785 [main] INFO  impl.PendingRequests (PendingRequests.java:sendNotLeaderResponses(202)) - c52c3de9-0ed1-4f2b-ba1d-f317ceeb0ceb@group-96B726D5AEA2-PendingRequests: sendNotLeaderResponses
2019-10-18 07:15:00,786 [java.util.concurrent.ThreadPoolExecutor$Worker@7238f567[State = -1, empty queue]] WARN  server.GrpcLogAppender (GrpcLogAppender.java:timeoutAppendRequest(209)) - f7ab671b-901b-4a48-a9a9-f6c73ab18394@group-AFD3E3A39739->48796f01-a45e-4e78-98f3-7a8f6b07cc28-GrpcLogAppender: appendEntries Timeout, request=f7ab671b-901b-4a48-a9a9-f6c73ab18394->48796f01-a45e-4e78-98f3-7a8f6b07cc28#27-t1, previous=(t:1, i:0), leaderCommit=0, initializing? false, entries: <empty>
2019-10-18 07:15:00,786 [ForkJoinPool.commonPool-worker-0] INFO  server.GrpcService (GrpcService.java:closeImpl(164)) - 988115cd-21c9-4558-b198-f2cedd98ccf3: shutdown server with port 44208 now
2019-10-18 07:15:00,787 [main] INFO  impl.StateMachineUpdater (StateMachineUpdater.java:stopAndJoin(136)) - c52c3de9-0ed1-4f2b-ba1d-f317ceeb0ceb@group-96B726D5AEA2-StateMachineUpdater: set stopIndex = 0
2019-10-18 07:15:00,788 [main] INFO  impl.RaftServerImpl (ServerState.java:close(388)) - c52c3de9-0ed1-4f2b-ba1d-f317ceeb0ceb@group-96B726D5AEA2: closes. applyIndex: 0
2019-10-18 07:15:00,788 [c52c3de9-0ed1-4f2b-ba1d-f317ceeb0ceb@group-96B726D5AEA2-SegmentedRaftLogWorker] INFO  segmented.SegmentedRaftLogWorker (SegmentedRaftLogWorker.java:run(316)) - c52c3de9-0ed1-4f2b-ba1d-f317ceeb0ceb@group-96B726D5AEA2-SegmentedRaftLogWorker was interrupted, exiting. There are 0 tasks remaining in the queue.
2019-10-18 07:15:00,788 [ForkJoinPool.commonPool-worker-0] INFO  server.GrpcService (GrpcService.java:closeImpl(172)) - 988115cd-21c9-4558-b198-f2cedd98ccf3: shutdown server with port 44208 successfully
2019-10-18 07:15:00,788 [main] INFO  segmented.SegmentedRaftLogWorker (SegmentedRaftLogWorker.java:close(224)) - c52c3de9-0ed1-4f2b-ba1d-f317ceeb0ceb@group-96B726D5AEA2-SegmentedRaftLogWorker close()
2019-10-18 07:15:00,790 [main] INFO  server.GrpcService (GrpcService.java:closeImpl(164)) - c52c3de9-0ed1-4f2b-ba1d-f317ceeb0ceb: shutdown server with port 37615 now
2019-10-18 07:15:00,793 [main] INFO  server.GrpcService (GrpcService.java:closeImpl(172)) - c52c3de9-0ed1-4f2b-ba1d-f317ceeb0ceb: shutdown server with port 37615 successfully
2019-10-18 07:15:00,793 [refreshUsed-/workdir/hadoop-ozone/integration-test/target/test-dir/MiniOzoneClusterImpl-f68115de-5278-4c94-9b3d-9176cb3c0071/datanode-0/data/containers] WARN  fs.CachingGetSpaceUsed (CachingGetSpaceUsed.java:run(183)) - Thread Interrupted waiting to refresh disk information: sleep interrupted
2019-10-18 07:15:00,796 [refreshUsed-/workdir/hadoop-ozone/integration-test/target/test-dir/MiniOzoneClusterImpl-f68115de-5278-4c94-9b3d-9176cb3c0071/datanode-6/data/containers] WARN  fs.CachingGetSpaceUsed (CachingGetSpaceUsed.java:run(183)) - Thread Interrupted waiting to refresh disk information: sleep interrupted
2019-10-18 07:15:00,816 [main] INFO  utils.BackgroundService (BackgroundService.java:shutdown(151)) - Shutting down service BlockDeletingService
2019-10-18 07:15:00,816 [ForkJoinPool.commonPool-worker-0] INFO  utils.BackgroundService (BackgroundService.java:shutdown(151)) - Shutting down service BlockDeletingService
2019-10-18 07:15:00,819 [main] INFO  statemachine.DatanodeStateMachine (DatanodeStateMachine.java:stopDaemon(395)) - Ozone container server stopped.
2019-10-18 07:15:00,820 [ForkJoinPool.commonPool-worker-0] INFO  statemachine.DatanodeStateMachine (DatanodeStateMachine.java:stopDaemon(395)) - Ozone container server stopped.
2019-10-18 07:15:00,824 [ForkJoinPool.commonPool-worker-0] INFO  handler.ContextHandler (ContextHandler.java:doStop(910)) - Stopped o.e.j.w.WebAppContext@1deceb67{/,null,UNAVAILABLE}{/hddsDatanode}
2019-10-18 07:15:00,824 [main] INFO  handler.ContextHandler (ContextHandler.java:doStop(910)) - Stopped o.e.j.w.WebAppContext@291373d3{/,null,UNAVAILABLE}{/hddsDatanode}
2019-10-18 07:15:00,824 [ForkJoinPool.commonPool-worker-0] INFO  server.AbstractConnector (AbstractConnector.java:doStop(318)) - Stopped ServerConnector@582a764a{HTTP/1.1,[http/1.1]}{0.0.0.0:0}
2019-10-18 07:15:00,824 [main] INFO  server.AbstractConnector (AbstractConnector.java:doStop(318)) - Stopped ServerConnector@372ca2d6{HTTP/1.1,[http/1.1]}{0.0.0.0:0}
2019-10-18 07:15:00,825 [java.util.concurrent.ThreadPoolExecutor$Worker@27945d7e[State = -1, empty queue]] WARN  server.GrpcLogAppender (GrpcLogAppender.java:timeoutAppendRequest(209)) - f7ab671b-901b-4a48-a9a9-f6c73ab18394@group-AFD3E3A39739->d2e56473-8267-4871-9849-be2e71e1a2dc-GrpcLogAppender: appendEntries Timeout, request=f7ab671b-901b-4a48-a9a9-f6c73ab18394->d2e56473-8267-4871-9849-be2e71e1a2dc#27-t1, previous=(t:1, i:0), leaderCommit=0, initializing? false, entries: <empty>
2019-10-18 07:15:00,825 [ForkJoinPool.commonPool-worker-0] INFO  handler.ContextHandler (ContextHandler.java:doStop(910)) - Stopped o.e.j.s.ServletContextHandler@fd9ebde{/static,jar:file:/home/user/.m2/repository/org/apache/hadoop/hadoop-hdds-container-service/0.5.0-SNAPSHOT/hadoop-hdds-container-service-0.5.0-SNAPSHOT.jar!/webapps/static,UNAVAILABLE}
2019-10-18 07:15:00,826 [main] INFO  handler.ContextHandler (ContextHandler.java:doStop(910)) - Stopped o.e.j.s.ServletContextHandler@77a074b4{/static,jar:file:/home/user/.m2/repository/org/apache/hadoop/hadoop-hdds-container-service/0.5.0-SNAPSHOT/hadoop-hdds-container-service-0.5.0-SNAPSHOT.jar!/webapps/static,UNAVAILABLE}
2019-10-18 07:15:00,827 [ForkJoinPool.commonPool-worker-0] INFO  handler.ContextHandler (ContextHandler.java:doStop(910)) - Stopped o.e.j.s.ServletContextHandler@1e0895f5{/logs,file:///workdir/hadoop-ozone/integration-test/target/log,UNAVAILABLE}
2019-10-18 07:15:00,827 [main] INFO  handler.ContextHandler (ContextHandler.java:doStop(910)) - Stopped o.e.j.s.ServletContextHandler@7b948f3e{/logs,file:///workdir/hadoop-ozone/integration-test/target/log,UNAVAILABLE}
2019-10-18 07:15:01,760 [Datanode State Machine Thread - 0] INFO  statemachine.DatanodeStateMachine (DatanodeStateMachine.java:lambda$startDaemon$0(350)) - Ozone container server started.
2019-10-18 07:15:03,287 [java.util.concurrent.ThreadPoolExecutor$Worker@7238f567[State = -1, empty queue]] WARN  server.GrpcLogAppender (GrpcLogAppender.java:timeoutAppendRequest(209)) - f7ab671b-901b-4a48-a9a9-f6c73ab18394@group-AFD3E3A39739->48796f01-a45e-4e78-98f3-7a8f6b07cc28-GrpcLogAppender: appendEntries Timeout, request=f7ab671b-901b-4a48-a9a9-f6c73ab18394->48796f01-a45e-4e78-98f3-7a8f6b07cc28#28-t1, previous=(t:1, i:0), leaderCommit=0, initializing? false, entries: <empty>
2019-10-18 07:15:03,325 [java.util.concurrent.ThreadPoolExecutor$Worker@27945d7e[State = -1, empty queue]] WARN  server.GrpcLogAppender (GrpcLogAppender.java:timeoutAppendRequest(209)) - f7ab671b-901b-4a48-a9a9-f6c73ab18394@group-AFD3E3A39739->d2e56473-8267-4871-9849-be2e71e1a2dc-GrpcLogAppender: appendEntries Timeout, request=f7ab671b-901b-4a48-a9a9-f6c73ab18394->d2e56473-8267-4871-9849-be2e71e1a2dc#28-t1, previous=(t:1, i:0), leaderCommit=0, initializing? false, entries: <empty>
2019-10-18 07:15:03,801 [EventQueue-StaleNodeForStaleNodeHandler] INFO  node.StaleNodeHandler (StaleNodeHandler.java:onMessage(58)) - Datanode f7ab671b-901b-4a48-a9a9-f6c73ab18394{ip: 192.168.69.67, host: pr-hdds-1868-wx8dl-4219780377, networkLocation: /default-rack, certSerialId: null} moved to stale state. Finalizing its pipelines [PipelineID=600affbe-933d-4ea0-86ee-f967029850d4, PipelineID=1211d451-7dd4-481e-bb6d-afd3e3a39739]
2019-10-18 07:15:03,801 [EventQueue-StaleNodeForStaleNodeHandler] INFO  pipeline.SCMPipelineManager (SCMPipelineManager.java:finalizeAndDestroyPipeline(315)) - destroying pipeline:Pipeline[ Id: 600affbe-933d-4ea0-86ee-f967029850d4, Nodes: f7ab671b-901b-4a48-a9a9-f6c73ab18394{ip: 192.168.69.67, host: pr-hdds-1868-wx8dl-4219780377, networkLocation: /default-rack, certSerialId: null}, Type:RATIS, Factor:ONE, State:OPEN]
2019-10-18 07:15:03,802 [EventQueue-StaleNodeForStaleNodeHandler] INFO  pipeline.PipelineStateManager (PipelineStateManager.java:finalizePipeline(121)) - Pipeline Pipeline[ Id: 600affbe-933d-4ea0-86ee-f967029850d4, Nodes: f7ab671b-901b-4a48-a9a9-f6c73ab18394{ip: 192.168.69.67, host: pr-hdds-1868-wx8dl-4219780377, networkLocation: /default-rack, certSerialId: null}, Type:RATIS, Factor:ONE, State:CLOSED] moved to CLOSED state
2019-10-18 07:15:03,802 [EventQueue-StaleNodeForStaleNodeHandler] INFO  pipeline.SCMPipelineManager (SCMPipelineManager.java:finalizeAndDestroyPipeline(315)) - destroying pipeline:Pipeline[ Id: 1211d451-7dd4-481e-bb6d-afd3e3a39739, Nodes: f7ab671b-901b-4a48-a9a9-f6c73ab18394{ip: 192.168.69.67, host: pr-hdds-1868-wx8dl-4219780377, networkLocation: /default-rack, certSerialId: null}d2e56473-8267-4871-9849-be2e71e1a2dc{ip: 192.168.69.67, host: pr-hdds-1868-wx8dl-4219780377, networkLocation: /default-rack, certSerialId: null}48796f01-a45e-4e78-98f3-7a8f6b07cc28{ip: 192.168.69.67, host: pr-hdds-1868-wx8dl-4219780377, networkLocation: /default-rack, certSerialId: null}, Type:RATIS, Factor:THREE, State:CLOSED]
2019-10-18 07:15:05,788 [java.util.concurrent.ThreadPoolExecutor$Worker@7238f567[State = -1, empty queue]] WARN  server.GrpcLogAppender (GrpcLogAppender.java:timeoutAppendRequest(209)) - f7ab671b-901b-4a48-a9a9-f6c73ab18394@group-AFD3E3A39739->48796f01-a45e-4e78-98f3-7a8f6b07cc28-GrpcLogAppender: appendEntries Timeout, request=f7ab671b-901b-4a48-a9a9-f6c73ab18394->48796f01-a45e-4e78-98f3-7a8f6b07cc28#29-t1, previous=(t:1, i:0), leaderCommit=0, initializing? false, entries: <empty>
2019-10-18 07:15:05,826 [java.util.concurrent.ThreadPoolExecutor$Worker@27945d7e[State = -1, empty queue]] WARN  server.GrpcLogAppender (GrpcLogAppender.java:timeoutAppendRequest(209)) - f7ab671b-901b-4a48-a9a9-f6c73ab18394@group-AFD3E3A39739->d2e56473-8267-4871-9849-be2e71e1a2dc-GrpcLogAppender: appendEntries Timeout, request=f7ab671b-901b-4a48-a9a9-f6c73ab18394->d2e56473-8267-4871-9849-be2e71e1a2dc#29-t1, previous=(t:1, i:0), leaderCommit=0, initializing? false, entries: <empty>
2019-10-18 07:15:05,832 [ForkJoinPool.commonPool-worker-0] INFO  ozoneimpl.OzoneContainer (OzoneContainer.java:stop(227)) - Attempting to stop container services.
2019-10-18 07:15:05,833 [ForkJoinPool.commonPool-worker-0] INFO  impl.RaftServerProxy (RaftServerProxy.java:lambda$close$4(314)) - f7ab671b-901b-4a48-a9a9-f6c73ab18394: close
2019-10-18 07:15:05,833 [ForkJoinPool.commonPool-worker-0] INFO  impl.RaftServerImpl (RaftServerImpl.java:lambda$shutdown$3(261)) - f7ab671b-901b-4a48-a9a9-f6c73ab18394@group-F967029850D4: shutdown
2019-10-18 07:15:05,834 [ForkJoinPool.commonPool-worker-0] INFO  util.JmxRegister (JmxRegister.java:unregister(73)) - Successfully un-registered JMX Bean with object name Ratis:service=RaftServer,group=group-F967029850D4,id=f7ab671b-901b-4a48-a9a9-f6c73ab18394
2019-10-18 07:15:05,834 [ForkJoinPool.commonPool-worker-0] INFO  impl.RoleInfo (RoleInfo.java:shutdownLeaderState(104)) - f7ab671b-901b-4a48-a9a9-f6c73ab18394: shutdown LeaderState
2019-10-18 07:15:05,834 [ForkJoinPool.commonPool-worker-0] INFO  impl.PendingRequests (PendingRequests.java:sendNotLeaderResponses(202)) - f7ab671b-901b-4a48-a9a9-f6c73ab18394@group-F967029850D4-PendingRequests: sendNotLeaderResponses
2019-10-18 07:15:05,835 [ForkJoinPool.commonPool-worker-0] INFO  impl.StateMachineUpdater (StateMachineUpdater.java:stopAndJoin(136)) - f7ab671b-901b-4a48-a9a9-f6c73ab18394@group-F967029850D4-StateMachineUpdater: set stopIndex = 0
2019-10-18 07:15:05,836 [ForkJoinPool.commonPool-worker-0] INFO  impl.RaftServerImpl (ServerState.java:close(388)) - f7ab671b-901b-4a48-a9a9-f6c73ab18394@group-F967029850D4: closes. applyIndex: 0
2019-10-18 07:15:05,837 [f7ab671b-901b-4a48-a9a9-f6c73ab18394@group-F967029850D4-SegmentedRaftLogWorker] INFO  segmented.SegmentedRaftLogWorker (SegmentedRaftLogWorker.java:run(316)) - f7ab671b-901b-4a48-a9a9-f6c73ab18394@group-F967029850D4-SegmentedRaftLogWorker was interrupted, exiting. There are 0 tasks remaining in the queue.
2019-10-18 07:15:05,837 [ForkJoinPool.commonPool-worker-0] INFO  segmented.SegmentedRaftLogWorker (SegmentedRaftLogWorker.java:close(224)) - f7ab671b-901b-4a48-a9a9-f6c73ab18394@group-F967029850D4-SegmentedRaftLogWorker close()
2019-10-18 07:15:05,838 [ForkJoinPool.commonPool-worker-0] INFO  impl.RaftServerImpl (RaftServerImpl.java:lambda$shutdown$3(261)) - f7ab671b-901b-4a48-a9a9-f6c73ab18394@group-AFD3E3A39739: shutdown
2019-10-18 07:15:05,838 [ForkJoinPool.commonPool-worker-0] INFO  util.JmxRegister (JmxRegister.java:unregister(73)) - Successfully un-registered JMX Bean with object name Ratis:service=RaftServer,group=group-AFD3E3A39739,id=f7ab671b-901b-4a48-a9a9-f6c73ab18394
2019-10-18 07:15:05,839 [ForkJoinPool.commonPool-worker-0] INFO  impl.RoleInfo (RoleInfo.java:shutdownLeaderState(104)) - f7ab671b-901b-4a48-a9a9-f6c73ab18394: shutdown LeaderState
2019-10-18 07:15:05,840 [ForkJoinPool.commonPool-worker-0] INFO  impl.PendingRequests (PendingRequests.java:sendNotLeaderResponses(202)) - f7ab671b-901b-4a48-a9a9-f6c73ab18394@group-AFD3E3A39739-PendingRequests: sendNotLeaderResponses
2019-10-18 07:15:05,840 [org.apache.ratis.server.impl.LogAppender$AppenderDaemon$$Lambda$435/1417897345@6f46f089] WARN  server.GrpcLogAppender (GrpcLogAppender.java:mayWait(149)) - f7ab671b-901b-4a48-a9a9-f6c73ab18394@group-AFD3E3A39739->48796f01-a45e-4e78-98f3-7a8f6b07cc28-GrpcLogAppender: Wait interrupted by java.lang.InterruptedException
2019-10-18 07:15:05,840 [org.apache.ratis.server.impl.LogAppender$AppenderDaemon$$Lambda$435/1417897345@5ee33e23] WARN  server.GrpcLogAppender (GrpcLogAppender.java:mayWait(149)) - f7ab671b-901b-4a48-a9a9-f6c73ab18394@group-AFD3E3A39739->d2e56473-8267-4871-9849-be2e71e1a2dc-GrpcLogAppender: Wait interrupted by java.lang.InterruptedException
2019-10-18 07:15:05,840 [ForkJoinPool.commonPool-worker-0] INFO  impl.StateMachineUpdater (StateMachineUpdater.java:stopAndJoin(136)) - f7ab671b-901b-4a48-a9a9-f6c73ab18394@group-AFD3E3A39739-StateMachineUpdater: set stopIndex = 0
2019-10-18 07:15:05,841 [ForkJoinPool.commonPool-worker-0] INFO  impl.RaftServerImpl (ServerState.java:close(388)) - f7ab671b-901b-4a48-a9a9-f6c73ab18394@group-AFD3E3A39739: closes. applyIndex: 0
2019-10-18 07:15:05,842 [f7ab671b-901b-4a48-a9a9-f6c73ab18394@group-AFD3E3A39739-SegmentedRaftLogWorker] INFO  segmented.SegmentedRaftLogWorker (SegmentedRaftLogWorker.java:run(316)) - f7ab671b-901b-4a48-a9a9-f6c73ab18394@group-AFD3E3A39739-SegmentedRaftLogWorker was interrupted, exiting. There are 0 tasks remaining in the queue.
2019-10-18 07:15:05,849 [ForkJoinPool.commonPool-worker-0] INFO  segmented.SegmentedRaftLogWorker (SegmentedRaftLogWorker.java:close(224)) - f7ab671b-901b-4a48-a9a9-f6c73ab18394@group-AFD3E3A39739-SegmentedRaftLogWorker close()
2019-10-18 07:15:05,850 [ForkJoinPool.commonPool-worker-0] INFO  server.GrpcService (GrpcService.java:closeImpl(164)) - f7ab671b-901b-4a48-a9a9-f6c73ab18394: shutdown server with port 41075 now
2019-10-18 07:15:05,853 [ForkJoinPool.commonPool-worker-0] INFO  server.GrpcService (GrpcService.java:closeImpl(172)) - f7ab671b-901b-4a48-a9a9-f6c73ab18394: shutdown server with port 41075 successfully
2019-10-18 07:15:05,864 [refreshUsed-/workdir/hadoop-ozone/integration-test/target/test-dir/MiniOzoneClusterImpl-f68115de-5278-4c94-9b3d-9176cb3c0071/datanode-5/data/containers] WARN  fs.CachingGetSpaceUsed (CachingGetSpaceUsed.java:run(183)) - Thread Interrupted waiting to refresh disk information: sleep interrupted
2019-10-18 07:15:05,883 [ForkJoinPool.commonPool-worker-0] INFO  utils.BackgroundService (BackgroundService.java:shutdown(151)) - Shutting down service BlockDeletingService
2019-10-18 07:15:05,885 [ForkJoinPool.commonPool-worker-0] INFO  statemachine.DatanodeStateMachine (DatanodeStateMachine.java:stopDaemon(395)) - Ozone container server stopped.
2019-10-18 07:15:05,888 [ForkJoinPool.commonPool-worker-0] INFO  handler.ContextHandler (ContextHandler.java:doStop(910)) - Stopped o.e.j.w.WebAppContext@102c577f{/,null,UNAVAILABLE}{/hddsDatanode}
2019-10-18 07:15:05,890 [ForkJoinPool.commonPool-worker-0] INFO  server.AbstractConnector (AbstractConnector.java:doStop(318)) - Stopped ServerConnector@7d44a19{HTTP/1.1,[http/1.1]}{0.0.0.0:0}
2019-10-18 07:15:05,891 [ForkJoinPool.commonPool-worker-0] INFO  handler.ContextHandler (ContextHandler.java:doStop(910)) - Stopped o.e.j.s.ServletContextHandler@74ecacc3{/static,jar:file:/home/user/.m2/repository/org/apache/hadoop/hadoop-hdds-container-service/0.5.0-SNAPSHOT/hadoop-hdds-container-service-0.5.0-SNAPSHOT.jar!/webapps/static,UNAVAILABLE}
2019-10-18 07:15:05,892 [ForkJoinPool.commonPool-worker-0] INFO  handler.ContextHandler (ContextHandler.java:doStop(910)) - Stopped o.e.j.s.ServletContextHandler@42b84286{/logs,file:///workdir/hadoop-ozone/integration-test/target/log,UNAVAILABLE}
2019-10-18 07:15:05,893 [main] INFO  ozone.MiniOzoneClusterImpl (MiniOzoneClusterImpl.java:stopSCM(430)) - Stopping the StorageContainerManager
2019-10-18 07:15:05,894 [main] INFO  server.StorageContainerManager (StorageContainerManager.java:stop(810)) - Stopping Replication Manager Service.
2019-10-18 07:15:05,894 [main] INFO  container.ReplicationManager (ReplicationManager.java:stop(203)) - Stopping Replication Monitor Thread.
2019-10-18 07:15:05,894 [main] INFO  server.StorageContainerManager (StorageContainerManager.java:stop(817)) - Stopping Lease Manager of the command watchers
2019-10-18 07:15:05,895 [main] INFO  server.StorageContainerManager (StorageContainerManager.java:stop(824)) - Stopping datanode service RPC server
2019-10-18 07:15:05,896 [main] INFO  server.SCMDatanodeProtocolServer (SCMDatanodeProtocolServer.java:stop(346)) - Stopping the RPC server for DataNodes
2019-10-18 07:15:05,896 [main] INFO  ipc.Server (Server.java:stop(3082)) - Stopping server on 36674
2019-10-18 07:15:05,897 [IPC Server listener on 36674] INFO  ipc.Server (Server.java:run(1185)) - Stopping IPC Server listener on 36674
2019-10-18 07:15:05,898 [IPC Server Responder] INFO  ipc.Server (Server.java:run(1319)) - Stopping IPC Server Responder
2019-10-18 07:15:05,904 [SCM Heartbeat Processing Thread - 0] WARN  node.NodeStateManager (NodeStateManager.java:scheduleNextHealthCheck(646)) - Current Thread is interrupted, shutting down HB processing thread for Node Manager.
2019-10-18 07:15:05,905 [main] INFO  server.StorageContainerManager (StorageContainerManager.java:stop(832)) - Stopping block service RPC server
2019-10-18 07:15:05,905 [main] INFO  server.SCMBlockProtocolServer (SCMBlockProtocolServer.java:stop(155)) - Stopping the RPC server for Block Protocol
2019-10-18 07:15:05,905 [main] INFO  ipc.Server (Server.java:stop(3082)) - Stopping server on 45290
2019-10-18 07:15:05,906 [IPC Server listener on 45290] INFO  ipc.Server (Server.java:run(1185)) - Stopping IPC Server listener on 45290
2019-10-18 07:15:05,906 [main] INFO  server.StorageContainerManager (StorageContainerManager.java:stop(839)) - Stopping the StorageContainerLocationProtocol RPC server
2019-10-18 07:15:05,907 [IPC Server Responder] INFO  ipc.Server (Server.java:run(1319)) - Stopping IPC Server Responder
2019-10-18 07:15:05,907 [main] INFO  server.SCMClientProtocolServer (SCMClientProtocolServer.java:stop(168)) - Stopping the RPC server for Client Protocol
2019-10-18 07:15:05,908 [main] INFO  ipc.Server (Server.java:stop(3082)) - Stopping server on 45589
2019-10-18 07:15:05,909 [IPC Server listener on 45589] INFO  ipc.Server (Server.java:run(1185)) - Stopping IPC Server listener on 45589
2019-10-18 07:15:05,909 [main] INFO  server.StorageContainerManager (StorageContainerManager.java:stop(846)) - Stopping Storage Container Manager HTTP server.
2019-10-18 07:15:05,909 [IPC Server Responder] INFO  ipc.Server (Server.java:run(1319)) - Stopping IPC Server Responder
2019-10-18 07:15:05,911 [main] INFO  handler.ContextHandler (ContextHandler.java:doStop(910)) - Stopped o.e.j.w.WebAppContext@58c540cf{/,null,UNAVAILABLE}{/scm}
2019-10-18 07:15:05,912 [main] INFO  server.AbstractConnector (AbstractConnector.java:doStop(318)) - Stopped ServerConnector@1cf2fed4{HTTP/1.1,[http/1.1]}{0.0.0.0:0}
2019-10-18 07:15:05,912 [main] INFO  handler.ContextHandler (ContextHandler.java:doStop(910)) - Stopped o.e.j.s.ServletContextHandler@18bc345{/static,file:///workdir/hadoop-ozone/integration-test/target/test-classes/webapps/static,UNAVAILABLE}
2019-10-18 07:15:05,912 [main] INFO  handler.ContextHandler (ContextHandler.java:doStop(910)) - Stopped o.e.j.s.ServletContextHandler@44040454{/logs,file:///workdir/hadoop-ozone/integration-test/target/log,UNAVAILABLE}
2019-10-18 07:15:05,913 [main] INFO  server.StorageContainerManager (StorageContainerManager.java:stop(857)) - Stopping Block Manager Service.
2019-10-18 07:15:05,914 [main] INFO  utils.BackgroundService (BackgroundService.java:shutdown(151)) - Shutting down service SCMBlockDeletingService
2019-10-18 07:15:05,914 [main] INFO  utils.BackgroundService (BackgroundService.java:shutdown(151)) - Shutting down service SCMBlockDeletingService
2019-10-18 07:15:05,915 [main] INFO  server.StorageContainerManager (StorageContainerManager.java:stop(879)) - Stopping SCM Event Queue.
2019-10-18 07:15:05,926 [main] INFO  impl.MetricsSystemImpl (MetricsSystemImpl.java:stop(210)) - Stopping ratis metrics system...
2019-10-18 07:15:05,939 [prometheus] INFO  impl.MetricsSinkAdapter (MetricsSinkAdapter.java:publishMetricsFromQueue(141)) - prometheus thread interrupted.
2019-10-18 07:15:05,939 [main] INFO  impl.MetricsSystemImpl (MetricsSystemImpl.java:stop(216)) - ratis metrics system stopped.
]]></system-out>
    <system-err><![CDATA[ERROR StatusLogger No Log4j 2 configuration file found. Using default configuration (logging only errors to the console), or user programmatically provided configurations. Set system property 'log4j2.debug' to show Log4j 2 internal initialization logging. See https://logging.apache.org/log4j/2.x/manual/configuration.html for instructions on how to configure Log4j 2
Oct 18, 2019 7:14:50 AM org.apache.ratis.thirdparty.io.grpc.internal.SerializingExecutor run
SEVERE: Exception while executing runnable org.apache.ratis.thirdparty.io.grpc.internal.ServerImpl$JumpToApplicationThreadServerStreamListener$1Closed@350421db
org.apache.ratis.thirdparty.io.grpc.StatusRuntimeException: CANCELLED: call already cancelled
	at org.apache.ratis.thirdparty.io.grpc.Status.asRuntimeException(Status.java:517)
	at org.apache.ratis.thirdparty.io.grpc.stub.ServerCalls$ServerCallStreamObserverImpl.onCompleted(ServerCalls.java:356)
	at org.apache.ratis.grpc.server.GrpcServerProtocolService$ServerRequestStreamObserver.onError(GrpcServerProtocolService.java:121)
	at org.apache.ratis.thirdparty.io.grpc.stub.ServerCalls$StreamingServerCallHandler$StreamingServerCallListener.onCancel(ServerCalls.java:269)
	at org.apache.ratis.thirdparty.io.grpc.internal.ServerCallImpl$ServerStreamListenerImpl.closed(ServerCallImpl.java:293)
	at org.apache.ratis.thirdparty.io.grpc.internal.ServerImpl$JumpToApplicationThreadServerStreamListener$1Closed.runInContext(ServerImpl.java:741)
	at org.apache.ratis.thirdparty.io.grpc.internal.ContextRunnable.run(ContextRunnable.java:37)
	at org.apache.ratis.thirdparty.io.grpc.internal.SerializingExecutor.run(SerializingExecutor.java:123)
	at java.util.concurrent.ThreadPoolExecutor.runWorker(ThreadPoolExecutor.java:1149)
	at java.util.concurrent.ThreadPoolExecutor$Worker.run(ThreadPoolExecutor.java:624)
	at java.lang.Thread.run(Thread.java:748)

Oct 18, 2019 7:14:50 AM org.apache.ratis.thirdparty.io.grpc.internal.SerializingExecutor run
SEVERE: Exception while executing runnable org.apache.ratis.thirdparty.io.grpc.internal.ClientCallImpl$ClientStreamListenerImpl$1StreamClosed@4d8ecdf
java.lang.NullPointerException
	at org.apache.ratis.grpc.server.GrpcLogAppender$AppendLogResponseHandler.onError(GrpcLogAppender.java:303)
	at org.apache.ratis.thirdparty.io.grpc.stub.ClientCalls$StreamObserverToCallListenerAdapter.onClose(ClientCalls.java:434)
	at org.apache.ratis.thirdparty.io.grpc.PartialForwardingClientCallListener.onClose(PartialForwardingClientCallListener.java:39)
	at org.apache.ratis.thirdparty.io.grpc.ForwardingClientCallListener.onClose(ForwardingClientCallListener.java:23)
	at org.apache.ratis.thirdparty.io.grpc.ForwardingClientCallListener$SimpleForwardingClientCallListener.onClose(ForwardingClientCallListener.java:40)
	at org.apache.ratis.thirdparty.io.grpc.internal.CensusStatsModule$StatsClientInterceptor$1$1.onClose(CensusStatsModule.java:678)
	at org.apache.ratis.thirdparty.io.grpc.PartialForwardingClientCallListener.onClose(PartialForwardingClientCallListener.java:39)
	at org.apache.ratis.thirdparty.io.grpc.ForwardingClientCallListener.onClose(ForwardingClientCallListener.java:23)
	at org.apache.ratis.thirdparty.io.grpc.ForwardingClientCallListener$SimpleForwardingClientCallListener.onClose(ForwardingClientCallListener.java:40)
	at org.apache.ratis.thirdparty.io.grpc.internal.CensusTracingModule$TracingClientInterceptor$1$1.onClose(CensusTracingModule.java:397)
	at org.apache.ratis.thirdparty.io.grpc.internal.ClientCallImpl.closeObserver(ClientCallImpl.java:459)
	at org.apache.ratis.thirdparty.io.grpc.internal.ClientCallImpl.access$300(ClientCallImpl.java:63)
	at org.apache.ratis.thirdparty.io.grpc.internal.ClientCallImpl$ClientStreamListenerImpl.close(ClientCallImpl.java:546)
	at org.apache.ratis.thirdparty.io.grpc.internal.ClientCallImpl$ClientStreamListenerImpl.access$600(ClientCallImpl.java:467)
	at org.apache.ratis.thirdparty.io.grpc.internal.ClientCallImpl$ClientStreamListenerImpl$1StreamClosed.runInContext(ClientCallImpl.java:584)
	at org.apache.ratis.thirdparty.io.grpc.internal.ContextRunnable.run(ContextRunnable.java:37)
	at org.apache.ratis.thirdparty.io.grpc.internal.SerializingExecutor.run(SerializingExecutor.java:123)
	at java.util.concurrent.ThreadPoolExecutor.runWorker(ThreadPoolExecutor.java:1149)
	at java.util.concurrent.ThreadPoolExecutor$Worker.run(ThreadPoolExecutor.java:624)
	at java.lang.Thread.run(Thread.java:748)

Oct 18, 2019 7:14:55 AM org.apache.ratis.thirdparty.io.grpc.internal.SerializingExecutor run
SEVERE: Exception while executing runnable org.apache.ratis.thirdparty.io.grpc.internal.ClientCallImpl$ClientStreamListenerImpl$1StreamClosed@7bf132f
java.lang.NullPointerException
	at org.apache.ratis.grpc.server.GrpcLogAppender$AppendLogResponseHandler.onError(GrpcLogAppender.java:303)
	at org.apache.ratis.thirdparty.io.grpc.stub.ClientCalls$StreamObserverToCallListenerAdapter.onClose(ClientCalls.java:434)
	at org.apache.ratis.thirdparty.io.grpc.PartialForwardingClientCallListener.onClose(PartialForwardingClientCallListener.java:39)
	at org.apache.ratis.thirdparty.io.grpc.ForwardingClientCallListener.onClose(ForwardingClientCallListener.java:23)
	at org.apache.ratis.thirdparty.io.grpc.ForwardingClientCallListener$SimpleForwardingClientCallListener.onClose(ForwardingClientCallListener.java:40)
	at org.apache.ratis.thirdparty.io.grpc.internal.CensusStatsModule$StatsClientInterceptor$1$1.onClose(CensusStatsModule.java:678)
	at org.apache.ratis.thirdparty.io.grpc.PartialForwardingClientCallListener.onClose(PartialForwardingClientCallListener.java:39)
	at org.apache.ratis.thirdparty.io.grpc.ForwardingClientCallListener.onClose(ForwardingClientCallListener.java:23)
	at org.apache.ratis.thirdparty.io.grpc.ForwardingClientCallListener$SimpleForwardingClientCallListener.onClose(ForwardingClientCallListener.java:40)
	at org.apache.ratis.thirdparty.io.grpc.internal.CensusTracingModule$TracingClientInterceptor$1$1.onClose(CensusTracingModule.java:397)
	at org.apache.ratis.thirdparty.io.grpc.internal.ClientCallImpl.closeObserver(ClientCallImpl.java:459)
	at org.apache.ratis.thirdparty.io.grpc.internal.ClientCallImpl.access$300(ClientCallImpl.java:63)
	at org.apache.ratis.thirdparty.io.grpc.internal.ClientCallImpl$ClientStreamListenerImpl.close(ClientCallImpl.java:546)
	at org.apache.ratis.thirdparty.io.grpc.internal.ClientCallImpl$ClientStreamListenerImpl.access$600(ClientCallImpl.java:467)
	at org.apache.ratis.thirdparty.io.grpc.internal.ClientCallImpl$ClientStreamListenerImpl$1StreamClosed.runInContext(ClientCallImpl.java:584)
	at org.apache.ratis.thirdparty.io.grpc.internal.ContextRunnable.run(ContextRunnable.java:37)
	at org.apache.ratis.thirdparty.io.grpc.internal.SerializingExecutor.run(SerializingExecutor.java:123)
	at java.util.concurrent.ThreadPoolExecutor.runWorker(ThreadPoolExecutor.java:1149)
	at java.util.concurrent.ThreadPoolExecutor$Worker.run(ThreadPoolExecutor.java:624)
	at java.lang.Thread.run(Thread.java:748)

Oct 18, 2019 7:14:55 AM org.apache.ratis.thirdparty.io.grpc.internal.SerializingExecutor run
SEVERE: Exception while executing runnable org.apache.ratis.thirdparty.io.grpc.internal.ServerImpl$JumpToApplicationThreadServerStreamListener$1Closed@51b7a27f
org.apache.ratis.thirdparty.io.grpc.StatusRuntimeException: CANCELLED: call already cancelled
	at org.apache.ratis.thirdparty.io.grpc.Status.asRuntimeException(Status.java:517)
	at org.apache.ratis.thirdparty.io.grpc.stub.ServerCalls$ServerCallStreamObserverImpl.onCompleted(ServerCalls.java:356)
	at org.apache.ratis.grpc.server.GrpcServerProtocolService$ServerRequestStreamObserver.onError(GrpcServerProtocolService.java:121)
	at org.apache.ratis.thirdparty.io.grpc.stub.ServerCalls$StreamingServerCallHandler$StreamingServerCallListener.onCancel(ServerCalls.java:269)
	at org.apache.ratis.thirdparty.io.grpc.internal.ServerCallImpl$ServerStreamListenerImpl.closed(ServerCallImpl.java:293)
	at org.apache.ratis.thirdparty.io.grpc.internal.ServerImpl$JumpToApplicationThreadServerStreamListener$1Closed.runInContext(ServerImpl.java:741)
	at org.apache.ratis.thirdparty.io.grpc.internal.ContextRunnable.run(ContextRunnable.java:37)
	at org.apache.ratis.thirdparty.io.grpc.internal.SerializingExecutor.run(SerializingExecutor.java:123)
	at java.util.concurrent.ThreadPoolExecutor.runWorker(ThreadPoolExecutor.java:1149)
	at java.util.concurrent.ThreadPoolExecutor$Worker.run(ThreadPoolExecutor.java:624)
	at java.lang.Thread.run(Thread.java:748)

]]></system-err>
  </testcase>
</testsuite>