<?xml version="1.0" encoding="UTF-8"?>
<testsuite xmlns:xsi="http://www.w3.org/2001/XMLSchema-instance" xsi:noNamespaceSchemaLocation="https://maven.apache.org/surefire/maven-surefire-plugin/xsd/surefire-test-report.xsd" name="org.apache.hadoop.hdds.scm.pipeline.TestRatisPipelineCreateAndDestroy" time="106.832" tests="2" errors="1" skipped="0" failures="0">
  <properties>
    <property name="awt.toolkit" value="sun.awt.X11.XToolkit"/>
    <property name="file.encoding.pkg" value="sun.io"/>
    <property name="java.specification.version" value="1.8"/>
    <property name="sun.cpu.isalist" value=""/>
    <property name="sun.jnu.encoding" value="ANSI_X3.4-1968"/>
    <property name="java.class.path" value="/workdir/hadoop-ozone/integration-test/target/test-classes:/workdir/hadoop-ozone/integration-test/target/classes:/home/user/.m2/repository/org/apache/hadoop/hadoop-ozone-common/0.5.0-SNAPSHOT/hadoop-ozone-common-0.5.0-SNAPSHOT.jar:/home/user/.m2/repository/org/apache/commons/commons-compress/1.4.1/commons-compress-1.4.1.jar:/home/user/.m2/repository/org/tukaani/xz/1.0/xz-1.0.jar:/home/user/.m2/repository/org/apache/hadoop/hadoop-common/3.2.0/hadoop-common-3.2.0.jar:/home/user/.m2/repository/org/apache/hadoop/hadoop-hdfs/3.2.0/hadoop-hdfs-3.2.0.jar:/home/user/.m2/repository/org/apache/hadoop/hadoop-hdfs-client/3.2.0/hadoop-hdfs-client-3.2.0.jar:/home/user/.m2/repository/com/fasterxml/jackson/core/jackson-annotations/2.9.9/jackson-annotations-2.9.9.jar:/home/user/.m2/repository/org/apache/hadoop/hadoop-hdds-common/0.5.0-SNAPSHOT/hadoop-hdds-common-0.5.0-SNAPSHOT.jar:/home/user/.m2/repository/javax/annotation/javax.annotation-api/1.2/javax.annotation-api-1.2.jar:/home/user/.m2/repository/org/apache/ratis/ratis-server/0.5.0-3f446aa-SNAPSHOT/ratis-server-0.5.0-3f446aa-SNAPSHOT.jar:/home/user/.m2/repository/org/apache/ratis/ratis-thirdparty-misc/0.2.0/ratis-thirdparty-misc-0.2.0.jar:/home/user/.m2/repository/org/apache/ratis/ratis-proto/0.5.0-3f446aa-SNAPSHOT/ratis-proto-0.5.0-3f446aa-SNAPSHOT.jar:/home/user/.m2/repository/org/apache/ratis/ratis-common/0.5.0-3f446aa-SNAPSHOT/ratis-common-0.5.0-3f446aa-SNAPSHOT.jar:/home/user/.m2/repository/org/apache/ratis/ratis-client/0.5.0-3f446aa-SNAPSHOT/ratis-client-0.5.0-3f446aa-SNAPSHOT.jar:/home/user/.m2/repository/org/apache/ratis/ratis-metrics/0.5.0-3f446aa-SNAPSHOT/ratis-metrics-0.5.0-3f446aa-SNAPSHOT.jar:/home/user/.m2/repository/com/github/joshelser/dropwizard-metrics-hadoop-metrics2-reporter/0.1.2/dropwizard-metrics-hadoop-metrics2-reporter-0.1.2.jar:/home/user/.m2/repository/io/dropwizard/metrics/metrics-jvm/3.2.5/metrics-jvm-3.2.5.jar:/home/user/.m2/repository/io/dropwizard/metrics/metrics-ganglia/3.2.5/metrics-ganglia-3.2.5.jar:/home/user/.m2/repository/info/ganglia/gmetric4j/gmetric4j/1.0.7/gmetric4j-1.0.7.jar:/home/user/.m2/repository/org/apache/ratis/ratis-netty/0.5.0-3f446aa-SNAPSHOT/ratis-netty-0.5.0-3f446aa-SNAPSHOT.jar:/home/user/.m2/repository/org/apache/ratis/ratis-grpc/0.5.0-3f446aa-SNAPSHOT/ratis-grpc-0.5.0-3f446aa-SNAPSHOT.jar:/home/user/.m2/repository/org/rocksdb/rocksdbjni/6.0.1/rocksdbjni-6.0.1.jar:/home/user/.m2/repository/org/apache/logging/log4j/log4j-api/2.11.0/log4j-api-2.11.0.jar:/home/user/.m2/repository/org/apache/logging/log4j/log4j-core/2.11.0/log4j-core-2.11.0.jar:/home/user/.m2/repository/com/lmax/disruptor/3.4.2/disruptor-3.4.2.jar:/home/user/.m2/repository/org/apache/commons/commons-pool2/2.6.0/commons-pool2-2.6.0.jar:/home/user/.m2/repository/org/bouncycastle/bcpkix-jdk15on/1.60/bcpkix-jdk15on-1.60.jar:/home/user/.m2/repository/commons-validator/commons-validator/1.6/commons-validator-1.6.jar:/home/user/.m2/repository/commons-digester/commons-digester/1.8.1/commons-digester-1.8.1.jar:/home/user/.m2/repository/io/jaegertracing/jaeger-client/0.34.0/jaeger-client-0.34.0.jar:/home/user/.m2/repository/io/jaegertracing/jaeger-thrift/0.34.0/jaeger-thrift-0.34.0.jar:/home/user/.m2/repository/org/apache/thrift/libthrift/0.12.0/libthrift-0.12.0.jar:/home/user/.m2/repository/com/squareup/okhttp3/okhttp/3.9.0/okhttp-3.9.0.jar:/home/user/.m2/repository/com/squareup/okio/okio/1.13.0/okio-1.13.0.jar:/home/user/.m2/repository/io/jaegertracing/jaeger-core/0.34.0/jaeger-core-0.34.0.jar:/home/user/.m2/repository/io/jaegertracing/jaeger-tracerresolver/0.34.0/jaeger-tracerresolver-0.34.0.jar:/home/user/.m2/repository/io/opentracing/contrib/opentracing-tracerresolver/0.1.5/opentracing-tracerresolver-0.1.5.jar:/home/user/.m2/repository/io/opentracing/opentracing-util/0.31.0/opentracing-util-0.31.0.jar:/home/user/.m2/repository/io/opentracing/opentracing-api/0.31.0/opentracing-api-0.31.0.jar:/home/user/.m2/repository/io/opentracing/opentracing-noop/0.31.0/opentracing-noop-0.31.0.jar:/home/user/.m2/repository/org/apache/hadoop/hadoop-hdds-server-framework/0.5.0-SNAPSHOT/hadoop-hdds-server-framework-0.5.0-SNAPSHOT.jar:/home/user/.m2/repository/org/apache/hadoop/hadoop-hdds-container-service/0.5.0-SNAPSHOT/hadoop-hdds-container-service-0.5.0-SNAPSHOT.jar:/home/user/.m2/repository/org/apache/hadoop/hadoop-hdds-client/0.5.0-SNAPSHOT/hadoop-hdds-client-0.5.0-SNAPSHOT.jar:/home/user/.m2/repository/org/apache/hadoop/hadoop-hdds-tools/0.5.0-SNAPSHOT/hadoop-hdds-tools-0.5.0-SNAPSHOT.jar:/home/user/.m2/repository/org/apache/hadoop/hadoop-hdds-server-scm/0.5.0-SNAPSHOT/hadoop-hdds-server-scm-0.5.0-SNAPSHOT.jar:/home/user/.m2/repository/org/apache/hadoop/hadoop-hdds-docs/0.5.0-SNAPSHOT/hadoop-hdds-docs-0.5.0-SNAPSHOT.jar:/home/user/.m2/repository/io/dropwizard/metrics/metrics-core/3.2.4/metrics-core-3.2.4.jar:/home/user/.m2/repository/org/hamcrest/hamcrest-all/1.3/hamcrest-all-1.3.jar:/home/user/.m2/repository/org/bouncycastle/bcprov-jdk15on/1.60/bcprov-jdk15on-1.60.jar:/home/user/.m2/repository/info/picocli/picocli/3.9.6/picocli-3.9.6.jar:/home/user/.m2/repository/com/google/protobuf/protobuf-java/2.5.0/protobuf-java-2.5.0.jar:/home/user/.m2/repository/com/google/guava/guava/11.0.2/guava-11.0.2.jar:/home/user/.m2/repository/org/apache/hadoop/hadoop-ozone-ozone-manager/0.5.0-SNAPSHOT/hadoop-ozone-ozone-manager-0.5.0-SNAPSHOT.jar:/home/user/.m2/repository/org/apache/hadoop/hadoop-minikdc/3.2.0/hadoop-minikdc-3.2.0.jar:/home/user/.m2/repository/commons-io/commons-io/2.5/commons-io-2.5.jar:/home/user/.m2/repository/org/apache/kerby/kerb-simplekdc/1.0.1/kerb-simplekdc-1.0.1.jar:/home/user/.m2/repository/org/apache/kerby/kerb-client/1.0.1/kerb-client-1.0.1.jar:/home/user/.m2/repository/org/apache/kerby/kerby-config/1.0.1/kerby-config-1.0.1.jar:/home/user/.m2/repository/org/apache/kerby/kerb-core/1.0.1/kerb-core-1.0.1.jar:/home/user/.m2/repository/org/apache/kerby/kerby-pkix/1.0.1/kerby-pkix-1.0.1.jar:/home/user/.m2/repository/org/apache/kerby/kerby-asn1/1.0.1/kerby-asn1-1.0.1.jar:/home/user/.m2/repository/org/apache/kerby/kerby-util/1.0.1/kerby-util-1.0.1.jar:/home/user/.m2/repository/org/apache/kerby/kerb-common/1.0.1/kerb-common-1.0.1.jar:/home/user/.m2/repository/org/apache/kerby/kerb-crypto/1.0.1/kerb-crypto-1.0.1.jar:/home/user/.m2/repository/org/apache/kerby/kerb-util/1.0.1/kerb-util-1.0.1.jar:/home/user/.m2/repository/org/apache/kerby/token-provider/1.0.1/token-provider-1.0.1.jar:/home/user/.m2/repository/org/apache/kerby/kerb-admin/1.0.1/kerb-admin-1.0.1.jar:/home/user/.m2/repository/org/apache/kerby/kerb-server/1.0.1/kerb-server-1.0.1.jar:/home/user/.m2/repository/org/apache/kerby/kerb-identity/1.0.1/kerb-identity-1.0.1.jar:/home/user/.m2/repository/org/apache/kerby/kerby-xdr/1.0.1/kerby-xdr-1.0.1.jar:/home/user/.m2/repository/org/slf4j/slf4j-log4j12/1.7.25/slf4j-log4j12-1.7.25.jar:/home/user/.m2/repository/org/apache/hadoop/hadoop-ozone-s3gateway/0.5.0-SNAPSHOT/hadoop-ozone-s3gateway-0.5.0-SNAPSHOT.jar:/home/user/.m2/repository/org/jboss/weld/servlet/weld-servlet/2.4.7.Final/weld-servlet-2.4.7.Final.jar:/home/user/.m2/repository/org/glassfish/jersey/containers/jersey-container-servlet-core/2.27/jersey-container-servlet-core-2.27.jar:/home/user/.m2/repository/org/glassfish/hk2/external/javax.inject/2.5.0-b42/javax.inject-2.5.0-b42.jar:/home/user/.m2/repository/org/glassfish/jersey/core/jersey-common/2.27/jersey-common-2.27.jar:/home/user/.m2/repository/org/glassfish/hk2/osgi-resource-locator/1.0.1/osgi-resource-locator-1.0.1.jar:/home/user/.m2/repository/javax/ws/rs/javax.ws.rs-api/2.1/javax.ws.rs-api-2.1.jar:/home/user/.m2/repository/org/glassfish/jersey/ext/cdi/jersey-cdi1x/2.27/jersey-cdi1x-2.27.jar:/home/user/.m2/repository/org/glassfish/jersey/inject/jersey-hk2/2.27/jersey-hk2-2.27.jar:/home/user/.m2/repository/org/glassfish/hk2/hk2-locator/2.5.0-b42/hk2-locator-2.5.0-b42.jar:/home/user/.m2/repository/org/javassist/javassist/3.22.0-CR2/javassist-3.22.0-CR2.jar:/home/user/.m2/repository/org/glassfish/hk2/hk2-api/2.5.0/hk2-api-2.5.0.jar:/home/user/.m2/repository/org/glassfish/hk2/external/jakarta.inject/2.5.0/jakarta.inject-2.5.0.jar:/home/user/.m2/repository/org/glassfish/hk2/hk2-utils/2.5.0/hk2-utils-2.5.0.jar:/home/user/.m2/repository/jakarta/annotation/jakarta.annotation-api/1.3.4/jakarta.annotation-api-1.3.4.jar:/home/user/.m2/repository/org/glassfish/hk2/external/aopalliance-repackaged/2.5.0/aopalliance-repackaged-2.5.0.jar:/home/user/.m2/repository/com/fasterxml/jackson/dataformat/jackson-dataformat-xml/2.9.0/jackson-dataformat-xml-2.9.0.jar:/home/user/.m2/repository/com/fasterxml/jackson/core/jackson-core/2.9.9/jackson-core-2.9.9.jar:/home/user/.m2/repository/com/fasterxml/jackson/module/jackson-module-jaxb-annotations/2.9.9/jackson-module-jaxb-annotations-2.9.9.jar:/home/user/.m2/repository/javax/enterprise/cdi-api/1.2/cdi-api-1.2.jar:/home/user/.m2/repository/javax/el/javax.el-api/3.0.0/javax.el-api-3.0.0.jar:/home/user/.m2/repository/javax/interceptor/javax.interceptor-api/1.2/javax.interceptor-api-1.2.jar:/home/user/.m2/repository/javax/inject/javax.inject/1/javax.inject-1.jar:/home/user/.m2/repository/com/sun/xml/bind/jaxb-impl/2.3.0.1/jaxb-impl-2.3.0.1.jar:/home/user/.m2/repository/com/sun/xml/bind/jaxb-core/2.3.0.1/jaxb-core-2.3.0.1.jar:/home/user/.m2/repository/javax/xml/bind/jaxb-api/2.3.0/jaxb-api-2.3.0.jar:/home/user/.m2/repository/javax/activation/activation/1.1.1/activation-1.1.1.jar:/home/user/.m2/repository/org/apache/hadoop/hadoop-ozone-csi/0.5.0-SNAPSHOT/hadoop-ozone-csi-0.5.0-SNAPSHOT.jar:/home/user/.m2/repository/com/google/protobuf/protobuf-java-util/3.5.1/protobuf-java-util-3.5.1.jar:/home/user/.m2/repository/org/apache/hadoop/hadoop-hdds-config/0.5.0-SNAPSHOT/hadoop-hdds-config-0.5.0-SNAPSHOT.jar:/home/user/.m2/repository/io/grpc/grpc-netty/1.17.1/grpc-netty-1.17.1.jar:/home/user/.m2/repository/io/grpc/grpc-core/1.17.1/grpc-core-1.17.1.jar:/home/user/.m2/repository/io/grpc/grpc-context/1.17.1/grpc-context-1.17.1.jar:/home/user/.m2/repository/com/google/errorprone/error_prone_annotations/2.2.0/error_prone_annotations-2.2.0.jar:/home/user/.m2/repository/org/codehaus/mojo/animal-sniffer-annotations/1.17/animal-sniffer-annotations-1.17.jar:/home/user/.m2/repository/io/opencensus/opencensus-api/0.17.0/opencensus-api-0.17.0.jar:/home/user/.m2/repository/io/opencensus/opencensus-contrib-grpc-metrics/0.17.0/opencensus-contrib-grpc-metrics-0.17.0.jar:/home/user/.m2/repository/io/netty/netty-codec-http2/4.1.30.Final/netty-codec-http2-4.1.30.Final.jar:/home/user/.m2/repository/io/netty/netty-codec-http/4.1.30.Final/netty-codec-http-4.1.30.Final.jar:/home/user/.m2/repository/io/netty/netty-codec/4.1.30.Final/netty-codec-4.1.30.Final.jar:/home/user/.m2/repository/io/netty/netty-handler/4.1.30.Final/netty-handler-4.1.30.Final.jar:/home/user/.m2/repository/io/netty/netty-handler-proxy/4.1.30.Final/netty-handler-proxy-4.1.30.Final.jar:/home/user/.m2/repository/io/netty/netty-codec-socks/4.1.30.Final/netty-codec-socks-4.1.30.Final.jar:/home/user/.m2/repository/io/netty/netty-transport-native-epoll/4.1.30.Final/netty-transport-native-epoll-4.1.30.Final.jar:/home/user/.m2/repository/io/netty/netty-common/4.1.30.Final/netty-common-4.1.30.Final.jar:/home/user/.m2/repository/io/netty/netty-buffer/4.1.30.Final/netty-buffer-4.1.30.Final.jar:/home/user/.m2/repository/io/netty/netty-transport/4.1.30.Final/netty-transport-4.1.30.Final.jar:/home/user/.m2/repository/io/netty/netty-resolver/4.1.30.Final/netty-resolver-4.1.30.Final.jar:/home/user/.m2/repository/io/netty/netty-transport-native-unix-common/4.1.30.Final/netty-transport-native-unix-common-4.1.30.Final.jar:/home/user/.m2/repository/io/grpc/grpc-protobuf/1.17.1/grpc-protobuf-1.17.1.jar:/home/user/.m2/repository/com/google/api/grpc/proto-google-common-protos/1.0.0/proto-google-common-protos-1.0.0.jar:/home/user/.m2/repository/io/grpc/grpc-protobuf-lite/1.17.1/grpc-protobuf-lite-1.17.1.jar:/home/user/.m2/repository/io/grpc/grpc-stub/1.17.1/grpc-stub-1.17.1.jar:/home/user/.m2/repository/org/apache/hadoop/hadoop-ozone-recon/0.5.0-SNAPSHOT/hadoop-ozone-recon-0.5.0-SNAPSHOT.jar:/home/user/.m2/repository/org/apache/hadoop/hadoop-ozone-reconcodegen/0.5.0-SNAPSHOT/hadoop-ozone-reconcodegen-0.5.0-SNAPSHOT.jar:/home/user/.m2/repository/com/google/inject/extensions/guice-multibindings/4.0/guice-multibindings-4.0.jar:/home/user/.m2/repository/com/google/inject/guice/4.0/guice-4.0.jar:/home/user/.m2/repository/aopalliance/aopalliance/1.0/aopalliance-1.0.jar:/home/user/.m2/repository/com/google/inject/extensions/guice-servlet/4.0/guice-servlet-4.0.jar:/home/user/.m2/repository/org/glassfish/jersey/containers/jersey-container-servlet/2.27/jersey-container-servlet-2.27.jar:/home/user/.m2/repository/org/glassfish/hk2/guice-bridge/2.5.0/guice-bridge-2.5.0.jar:/home/user/.m2/repository/org/glassfish/jersey/core/jersey-server/2.27/jersey-server-2.27.jar:/home/user/.m2/repository/org/glassfish/jersey/core/jersey-client/2.27/jersey-client-2.27.jar:/home/user/.m2/repository/org/glassfish/jersey/media/jersey-media-jaxb/2.27/jersey-media-jaxb-2.27.jar:/home/user/.m2/repository/javax/validation/validation-api/1.1.0.Final/validation-api-1.1.0.Final.jar:/home/user/.m2/repository/org/glassfish/jersey/media/jersey-media-json-jackson/2.27/jersey-media-json-jackson-2.27.jar:/home/user/.m2/repository/org/glassfish/jersey/ext/jersey-entity-filtering/2.27/jersey-entity-filtering-2.27.jar:/home/user/.m2/repository/com/google/inject/extensions/guice-assistedinject/4.0/guice-assistedinject-4.0.jar:/home/user/.m2/repository/org/jooq/jooq/3.11.10/jooq-3.11.10.jar:/home/user/.m2/repository/org/jooq/jooq-meta/3.11.10/jooq-meta-3.11.10.jar:/home/user/.m2/repository/org/jooq/jooq-codegen/3.11.10/jooq-codegen-3.11.10.jar:/home/user/.m2/repository/com/jolbox/bonecp/0.8.0.RELEASE/bonecp-0.8.0.RELEASE.jar:/home/user/.m2/repository/org/xerial/sqlite-jdbc/3.25.2/sqlite-jdbc-3.25.2.jar:/home/user/.m2/repository/org/springframework/spring-jdbc/5.1.3.RELEASE/spring-jdbc-5.1.3.RELEASE.jar:/home/user/.m2/repository/org/springframework/spring-beans/5.1.3.RELEASE/spring-beans-5.1.3.RELEASE.jar:/home/user/.m2/repository/org/springframework/spring-core/5.1.3.RELEASE/spring-core-5.1.3.RELEASE.jar:/home/user/.m2/repository/org/springframework/spring-jcl/5.1.3.RELEASE/spring-jcl-5.1.3.RELEASE.jar:/home/user/.m2/repository/org/springframework/spring-tx/5.1.3.RELEASE/spring-tx-5.1.3.RELEASE.jar:/home/user/.m2/repository/org/apache/hadoop/hadoop-ozone-client/0.5.0-SNAPSHOT/hadoop-ozone-client-0.5.0-SNAPSHOT.jar:/home/user/.m2/repository/commons-lang/commons-lang/2.6/commons-lang-2.6.jar:/home/user/.m2/repository/org/apache/hadoop/hadoop-ozone-ozone-manager/0.5.0-SNAPSHOT/hadoop-ozone-ozone-manager-0.5.0-SNAPSHOT-tests.jar:/home/user/.m2/repository/junit/junit/4.11/junit-4.11.jar:/home/user/.m2/repository/org/hamcrest/hamcrest-core/1.3/hamcrest-core-1.3.jar:/home/user/.m2/repository/org/openjdk/jmh/jmh-core/1.19/jmh-core-1.19.jar:/home/user/.m2/repository/net/sf/jopt-simple/jopt-simple/4.6/jopt-simple-4.6.jar:/home/user/.m2/repository/org/apache/commons/commons-math3/3.1.1/commons-math3-3.1.1.jar:/home/user/.m2/repository/org/openjdk/jmh/jmh-generator-annprocess/1.19/jmh-generator-annprocess-1.19.jar:/home/user/.m2/repository/org/mockito/mockito-all/1.8.5/mockito-all-1.8.5.jar:/home/user/.m2/repository/org/apache/hadoop/hadoop-kms/3.2.0/hadoop-kms-3.2.0.jar:/home/user/.m2/repository/org/apache/hadoop/hadoop-auth/3.2.0/hadoop-auth-3.2.0.jar:/home/user/.m2/repository/com/nimbusds/nimbus-jose-jwt/4.41.1/nimbus-jose-jwt-4.41.1.jar:/home/user/.m2/repository/com/github/stephenc/jcip/jcip-annotations/1.0-1/jcip-annotations-1.0-1.jar:/home/user/.m2/repository/net/minidev/json-smart/2.3/json-smart-2.3.jar:/home/user/.m2/repository/net/minidev/accessors-smart/1.2/accessors-smart-1.2.jar:/home/user/.m2/repository/org/ow2/asm/asm/5.0.4/asm-5.0.4.jar:/home/user/.m2/repository/org/apache/curator/curator-framework/2.12.0/curator-framework-2.12.0.jar:/home/user/.m2/repository/com/sun/jersey/jersey-core/1.19/jersey-core-1.19.jar:/home/user/.m2/repository/javax/ws/rs/jsr311-api/1.1.1/jsr311-api-1.1.1.jar:/home/user/.m2/repository/com/sun/jersey/jersey-server/1.19/jersey-server-1.19.jar:/home/user/.m2/repository/javax/servlet/javax.servlet-api/3.1.0/javax.servlet-api-3.1.0.jar:/home/user/.m2/repository/org/eclipse/jetty/jetty-server/9.3.25.v20180904/jetty-server-9.3.25.v20180904.jar:/home/user/.m2/repository/org/eclipse/jetty/jetty-http/9.3.25.v20180904/jetty-http-9.3.25.v20180904.jar:/home/user/.m2/repository/org/eclipse/jetty/jetty-io/9.3.25.v20180904/jetty-io-9.3.25.v20180904.jar:/home/user/.m2/repository/org/eclipse/jetty/jetty-webapp/9.3.25.v20180904/jetty-webapp-9.3.25.v20180904.jar:/home/user/.m2/repository/org/eclipse/jetty/jetty-xml/9.3.25.v20180904/jetty-xml-9.3.25.v20180904.jar:/home/user/.m2/repository/log4j/log4j/1.2.17/log4j-1.2.17.jar:/home/user/.m2/repository/org/slf4j/slf4j-api/1.7.25/slf4j-api-1.7.25.jar:/home/user/.m2/repository/org/slf4j/jul-to-slf4j/1.7.25/jul-to-slf4j-1.7.25.jar:/home/user/.m2/repository/org/eclipse/jetty/jetty-util/9.3.25.v20180904/jetty-util-9.3.25.v20180904.jar:/home/user/.m2/repository/com/fasterxml/jackson/core/jackson-databind/2.9.9/jackson-databind-2.9.9.jar:/home/user/.m2/repository/org/apache/hadoop/hadoop-kms/3.2.0/hadoop-kms-3.2.0-tests.jar:/home/user/.m2/repository/org/apache/hadoop/hadoop-hdds-server-scm/0.5.0-SNAPSHOT/hadoop-hdds-server-scm-0.5.0-SNAPSHOT-tests.jar:/home/user/.m2/repository/org/apache/hadoop/hadoop-hdds-container-service/0.5.0-SNAPSHOT/hadoop-hdds-container-service-0.5.0-SNAPSHOT-tests.jar:/home/user/.m2/repository/org/yaml/snakeyaml/1.16/snakeyaml-1.16.jar:/home/user/.m2/repository/org/apache/hadoop/hadoop-common/3.2.0/hadoop-common-3.2.0-tests.jar:/home/user/.m2/repository/org/apache/hadoop/hadoop-annotations/3.2.0/hadoop-annotations-3.2.0.jar:/usr/lib/jvm/java-1.8.0-openjdk-1.8.0.222.b10-1.el7_7.x86_64/jre/../lib/tools.jar:/home/user/.m2/repository/commons-cli/commons-cli/1.2/commons-cli-1.2.jar:/home/user/.m2/repository/org/apache/httpcomponents/httpclient/4.5.2/httpclient-4.5.2.jar:/home/user/.m2/repository/org/apache/httpcomponents/httpcore/4.4.4/httpcore-4.4.4.jar:/home/user/.m2/repository/commons-codec/commons-codec/1.11/commons-codec-1.11.jar:/home/user/.m2/repository/commons-net/commons-net/3.6/commons-net-3.6.jar:/home/user/.m2/repository/commons-collections/commons-collections/3.2.2/commons-collections-3.2.2.jar:/home/user/.m2/repository/org/eclipse/jetty/jetty-servlet/9.3.25.v20180904/jetty-servlet-9.3.25.v20180904.jar:/home/user/.m2/repository/org/eclipse/jetty/jetty-security/9.3.25.v20180904/jetty-security-9.3.25.v20180904.jar:/home/user/.m2/repository/javax/servlet/jsp/jsp-api/2.1/jsp-api-2.1.jar:/home/user/.m2/repository/com/sun/jersey/jersey-servlet/1.19/jersey-servlet-1.19.jar:/home/user/.m2/repository/com/sun/jersey/jersey-json/1.19/jersey-json-1.19.jar:/home/user/.m2/repository/org/codehaus/jettison/jettison/1.1/jettison-1.1.jar:/home/user/.m2/repository/org/codehaus/jackson/jackson-core-asl/1.9.13/jackson-core-asl-1.9.13.jar:/home/user/.m2/repository/org/codehaus/jackson/jackson-mapper-asl/1.9.13/jackson-mapper-asl-1.9.13.jar:/home/user/.m2/repository/org/codehaus/jackson/jackson-jaxrs/1.9.13/jackson-jaxrs-1.9.13.jar:/home/user/.m2/repository/org/codehaus/jackson/jackson-xc/1.9.13/jackson-xc-1.9.13.jar:/home/user/.m2/repository/commons-logging/commons-logging/1.1.3/commons-logging-1.1.3.jar:/home/user/.m2/repository/commons-beanutils/commons-beanutils/1.9.4/commons-beanutils-1.9.4.jar:/home/user/.m2/repository/org/apache/commons/commons-configuration2/2.1.1/commons-configuration2-2.1.1.jar:/home/user/.m2/repository/org/apache/commons/commons-lang3/3.7/commons-lang3-3.7.jar:/home/user/.m2/repository/org/apache/commons/commons-text/1.4/commons-text-1.4.jar:/home/user/.m2/repository/org/apache/avro/avro/1.7.7/avro-1.7.7.jar:/home/user/.m2/repository/com/thoughtworks/paranamer/paranamer/2.3/paranamer-2.3.jar:/home/user/.m2/repository/org/xerial/snappy/snappy-java/1.0.5/snappy-java-1.0.5.jar:/home/user/.m2/repository/com/google/re2j/re2j/1.1/re2j-1.1.jar:/home/user/.m2/repository/com/google/code/gson/gson/2.2.4/gson-2.2.4.jar:/home/user/.m2/repository/com/jcraft/jsch/0.1.54/jsch-0.1.54.jar:/home/user/.m2/repository/org/apache/curator/curator-client/2.12.0/curator-client-2.12.0.jar:/home/user/.m2/repository/org/apache/curator/curator-recipes/2.12.0/curator-recipes-2.12.0.jar:/home/user/.m2/repository/com/google/code/findbugs/jsr305/3.0.0/jsr305-3.0.0.jar:/home/user/.m2/repository/org/apache/htrace/htrace-core4/4.1.0-incubating/htrace-core4-4.1.0-incubating.jar:/home/user/.m2/repository/org/apache/zookeeper/zookeeper/3.4.13/zookeeper-3.4.13.jar:/home/user/.m2/repository/jline/jline/0.9.94/jline-0.9.94.jar:/home/user/.m2/repository/org/apache/yetus/audience-annotations/0.5.0/audience-annotations-0.5.0.jar:/home/user/.m2/repository/org/codehaus/woodstox/stax2-api/3.1.4/stax2-api-3.1.4.jar:/home/user/.m2/repository/com/fasterxml/woodstox/woodstox-core/5.0.3/woodstox-core-5.0.3.jar:/home/user/.m2/repository/dnsjava/dnsjava/2.1.7/dnsjava-2.1.7.jar:/home/user/.m2/repository/org/apache/hadoop/hadoop-hdfs/3.2.0/hadoop-hdfs-3.2.0-tests.jar:/home/user/.m2/repository/org/eclipse/jetty/jetty-util-ajax/9.3.25.v20180904/jetty-util-ajax-9.3.25.v20180904.jar:/home/user/.m2/repository/commons-daemon/commons-daemon/1.0.13/commons-daemon-1.0.13.jar:/home/user/.m2/repository/io/netty/netty/3.10.5.Final/netty-3.10.5.Final.jar:/home/user/.m2/repository/io/netty/netty-all/4.0.52.Final/netty-all-4.0.52.Final.jar:/home/user/.m2/repository/org/fusesource/leveldbjni/leveldbjni-all/1.8/leveldbjni-all-1.8.jar:"/>
    <property name="java.vm.vendor" value="Oracle Corporation"/>
    <property name="sun.arch.data.model" value="64"/>
    <property name="test.build.dir" value="/workdir/hadoop-ozone/integration-test/target/test-dir"/>
    <property name="test.cache.data" value=""/>
    <property name="java.vendor.url" value="http://java.oracle.com/"/>
    <property name="user.timezone" value=""/>
    <property name="java.vm.specification.version" value="1.8"/>
    <property name="os.name" value="Linux"/>
    <property name="test.build.data" value="/workdir/hadoop-ozone/integration-test/target/test-dir"/>
    <property name="user.country" value="US"/>
    <property name="sun.java.launcher" value="SUN_STANDARD"/>
    <property name="sun.boot.library.path" value="/usr/lib/jvm/java-1.8.0-openjdk-1.8.0.222.b10-1.el7_7.x86_64/jre/lib/amd64"/>
    <property name="sun.java.command" value="/workdir/hadoop-ozone/integration-test/target/surefire/surefirebooter3781875049780679137.jar /workdir/hadoop-ozone/integration-test/target/surefire 2019-10-18T06-32-41_699-jvmRun1 surefire8468173227796846081tmp surefire_744347008617902612138tmp"/>
    <property name="surefire.test.class.path" value="/workdir/hadoop-ozone/integration-test/target/test-classes:/workdir/hadoop-ozone/integration-test/target/classes:/home/user/.m2/repository/org/apache/hadoop/hadoop-ozone-common/0.5.0-SNAPSHOT/hadoop-ozone-common-0.5.0-SNAPSHOT.jar:/home/user/.m2/repository/org/apache/commons/commons-compress/1.4.1/commons-compress-1.4.1.jar:/home/user/.m2/repository/org/tukaani/xz/1.0/xz-1.0.jar:/home/user/.m2/repository/org/apache/hadoop/hadoop-common/3.2.0/hadoop-common-3.2.0.jar:/home/user/.m2/repository/org/apache/hadoop/hadoop-hdfs/3.2.0/hadoop-hdfs-3.2.0.jar:/home/user/.m2/repository/org/apache/hadoop/hadoop-hdfs-client/3.2.0/hadoop-hdfs-client-3.2.0.jar:/home/user/.m2/repository/com/fasterxml/jackson/core/jackson-annotations/2.9.9/jackson-annotations-2.9.9.jar:/home/user/.m2/repository/org/apache/hadoop/hadoop-hdds-common/0.5.0-SNAPSHOT/hadoop-hdds-common-0.5.0-SNAPSHOT.jar:/home/user/.m2/repository/javax/annotation/javax.annotation-api/1.2/javax.annotation-api-1.2.jar:/home/user/.m2/repository/org/apache/ratis/ratis-server/0.5.0-3f446aa-SNAPSHOT/ratis-server-0.5.0-3f446aa-SNAPSHOT.jar:/home/user/.m2/repository/org/apache/ratis/ratis-thirdparty-misc/0.2.0/ratis-thirdparty-misc-0.2.0.jar:/home/user/.m2/repository/org/apache/ratis/ratis-proto/0.5.0-3f446aa-SNAPSHOT/ratis-proto-0.5.0-3f446aa-SNAPSHOT.jar:/home/user/.m2/repository/org/apache/ratis/ratis-common/0.5.0-3f446aa-SNAPSHOT/ratis-common-0.5.0-3f446aa-SNAPSHOT.jar:/home/user/.m2/repository/org/apache/ratis/ratis-client/0.5.0-3f446aa-SNAPSHOT/ratis-client-0.5.0-3f446aa-SNAPSHOT.jar:/home/user/.m2/repository/org/apache/ratis/ratis-metrics/0.5.0-3f446aa-SNAPSHOT/ratis-metrics-0.5.0-3f446aa-SNAPSHOT.jar:/home/user/.m2/repository/com/github/joshelser/dropwizard-metrics-hadoop-metrics2-reporter/0.1.2/dropwizard-metrics-hadoop-metrics2-reporter-0.1.2.jar:/home/user/.m2/repository/io/dropwizard/metrics/metrics-jvm/3.2.5/metrics-jvm-3.2.5.jar:/home/user/.m2/repository/io/dropwizard/metrics/metrics-ganglia/3.2.5/metrics-ganglia-3.2.5.jar:/home/user/.m2/repository/info/ganglia/gmetric4j/gmetric4j/1.0.7/gmetric4j-1.0.7.jar:/home/user/.m2/repository/org/apache/ratis/ratis-netty/0.5.0-3f446aa-SNAPSHOT/ratis-netty-0.5.0-3f446aa-SNAPSHOT.jar:/home/user/.m2/repository/org/apache/ratis/ratis-grpc/0.5.0-3f446aa-SNAPSHOT/ratis-grpc-0.5.0-3f446aa-SNAPSHOT.jar:/home/user/.m2/repository/org/rocksdb/rocksdbjni/6.0.1/rocksdbjni-6.0.1.jar:/home/user/.m2/repository/org/apache/logging/log4j/log4j-api/2.11.0/log4j-api-2.11.0.jar:/home/user/.m2/repository/org/apache/logging/log4j/log4j-core/2.11.0/log4j-core-2.11.0.jar:/home/user/.m2/repository/com/lmax/disruptor/3.4.2/disruptor-3.4.2.jar:/home/user/.m2/repository/org/apache/commons/commons-pool2/2.6.0/commons-pool2-2.6.0.jar:/home/user/.m2/repository/org/bouncycastle/bcpkix-jdk15on/1.60/bcpkix-jdk15on-1.60.jar:/home/user/.m2/repository/commons-validator/commons-validator/1.6/commons-validator-1.6.jar:/home/user/.m2/repository/commons-digester/commons-digester/1.8.1/commons-digester-1.8.1.jar:/home/user/.m2/repository/io/jaegertracing/jaeger-client/0.34.0/jaeger-client-0.34.0.jar:/home/user/.m2/repository/io/jaegertracing/jaeger-thrift/0.34.0/jaeger-thrift-0.34.0.jar:/home/user/.m2/repository/org/apache/thrift/libthrift/0.12.0/libthrift-0.12.0.jar:/home/user/.m2/repository/com/squareup/okhttp3/okhttp/3.9.0/okhttp-3.9.0.jar:/home/user/.m2/repository/com/squareup/okio/okio/1.13.0/okio-1.13.0.jar:/home/user/.m2/repository/io/jaegertracing/jaeger-core/0.34.0/jaeger-core-0.34.0.jar:/home/user/.m2/repository/io/jaegertracing/jaeger-tracerresolver/0.34.0/jaeger-tracerresolver-0.34.0.jar:/home/user/.m2/repository/io/opentracing/contrib/opentracing-tracerresolver/0.1.5/opentracing-tracerresolver-0.1.5.jar:/home/user/.m2/repository/io/opentracing/opentracing-util/0.31.0/opentracing-util-0.31.0.jar:/home/user/.m2/repository/io/opentracing/opentracing-api/0.31.0/opentracing-api-0.31.0.jar:/home/user/.m2/repository/io/opentracing/opentracing-noop/0.31.0/opentracing-noop-0.31.0.jar:/home/user/.m2/repository/org/apache/hadoop/hadoop-hdds-server-framework/0.5.0-SNAPSHOT/hadoop-hdds-server-framework-0.5.0-SNAPSHOT.jar:/home/user/.m2/repository/org/apache/hadoop/hadoop-hdds-container-service/0.5.0-SNAPSHOT/hadoop-hdds-container-service-0.5.0-SNAPSHOT.jar:/home/user/.m2/repository/org/apache/hadoop/hadoop-hdds-client/0.5.0-SNAPSHOT/hadoop-hdds-client-0.5.0-SNAPSHOT.jar:/home/user/.m2/repository/org/apache/hadoop/hadoop-hdds-tools/0.5.0-SNAPSHOT/hadoop-hdds-tools-0.5.0-SNAPSHOT.jar:/home/user/.m2/repository/org/apache/hadoop/hadoop-hdds-server-scm/0.5.0-SNAPSHOT/hadoop-hdds-server-scm-0.5.0-SNAPSHOT.jar:/home/user/.m2/repository/org/apache/hadoop/hadoop-hdds-docs/0.5.0-SNAPSHOT/hadoop-hdds-docs-0.5.0-SNAPSHOT.jar:/home/user/.m2/repository/io/dropwizard/metrics/metrics-core/3.2.4/metrics-core-3.2.4.jar:/home/user/.m2/repository/org/hamcrest/hamcrest-all/1.3/hamcrest-all-1.3.jar:/home/user/.m2/repository/org/bouncycastle/bcprov-jdk15on/1.60/bcprov-jdk15on-1.60.jar:/home/user/.m2/repository/info/picocli/picocli/3.9.6/picocli-3.9.6.jar:/home/user/.m2/repository/com/google/protobuf/protobuf-java/2.5.0/protobuf-java-2.5.0.jar:/home/user/.m2/repository/com/google/guava/guava/11.0.2/guava-11.0.2.jar:/home/user/.m2/repository/org/apache/hadoop/hadoop-ozone-ozone-manager/0.5.0-SNAPSHOT/hadoop-ozone-ozone-manager-0.5.0-SNAPSHOT.jar:/home/user/.m2/repository/org/apache/hadoop/hadoop-minikdc/3.2.0/hadoop-minikdc-3.2.0.jar:/home/user/.m2/repository/commons-io/commons-io/2.5/commons-io-2.5.jar:/home/user/.m2/repository/org/apache/kerby/kerb-simplekdc/1.0.1/kerb-simplekdc-1.0.1.jar:/home/user/.m2/repository/org/apache/kerby/kerb-client/1.0.1/kerb-client-1.0.1.jar:/home/user/.m2/repository/org/apache/kerby/kerby-config/1.0.1/kerby-config-1.0.1.jar:/home/user/.m2/repository/org/apache/kerby/kerb-core/1.0.1/kerb-core-1.0.1.jar:/home/user/.m2/repository/org/apache/kerby/kerby-pkix/1.0.1/kerby-pkix-1.0.1.jar:/home/user/.m2/repository/org/apache/kerby/kerby-asn1/1.0.1/kerby-asn1-1.0.1.jar:/home/user/.m2/repository/org/apache/kerby/kerby-util/1.0.1/kerby-util-1.0.1.jar:/home/user/.m2/repository/org/apache/kerby/kerb-common/1.0.1/kerb-common-1.0.1.jar:/home/user/.m2/repository/org/apache/kerby/kerb-crypto/1.0.1/kerb-crypto-1.0.1.jar:/home/user/.m2/repository/org/apache/kerby/kerb-util/1.0.1/kerb-util-1.0.1.jar:/home/user/.m2/repository/org/apache/kerby/token-provider/1.0.1/token-provider-1.0.1.jar:/home/user/.m2/repository/org/apache/kerby/kerb-admin/1.0.1/kerb-admin-1.0.1.jar:/home/user/.m2/repository/org/apache/kerby/kerb-server/1.0.1/kerb-server-1.0.1.jar:/home/user/.m2/repository/org/apache/kerby/kerb-identity/1.0.1/kerb-identity-1.0.1.jar:/home/user/.m2/repository/org/apache/kerby/kerby-xdr/1.0.1/kerby-xdr-1.0.1.jar:/home/user/.m2/repository/org/slf4j/slf4j-log4j12/1.7.25/slf4j-log4j12-1.7.25.jar:/home/user/.m2/repository/org/apache/hadoop/hadoop-ozone-s3gateway/0.5.0-SNAPSHOT/hadoop-ozone-s3gateway-0.5.0-SNAPSHOT.jar:/home/user/.m2/repository/org/jboss/weld/servlet/weld-servlet/2.4.7.Final/weld-servlet-2.4.7.Final.jar:/home/user/.m2/repository/org/glassfish/jersey/containers/jersey-container-servlet-core/2.27/jersey-container-servlet-core-2.27.jar:/home/user/.m2/repository/org/glassfish/hk2/external/javax.inject/2.5.0-b42/javax.inject-2.5.0-b42.jar:/home/user/.m2/repository/org/glassfish/jersey/core/jersey-common/2.27/jersey-common-2.27.jar:/home/user/.m2/repository/org/glassfish/hk2/osgi-resource-locator/1.0.1/osgi-resource-locator-1.0.1.jar:/home/user/.m2/repository/javax/ws/rs/javax.ws.rs-api/2.1/javax.ws.rs-api-2.1.jar:/home/user/.m2/repository/org/glassfish/jersey/ext/cdi/jersey-cdi1x/2.27/jersey-cdi1x-2.27.jar:/home/user/.m2/repository/org/glassfish/jersey/inject/jersey-hk2/2.27/jersey-hk2-2.27.jar:/home/user/.m2/repository/org/glassfish/hk2/hk2-locator/2.5.0-b42/hk2-locator-2.5.0-b42.jar:/home/user/.m2/repository/org/javassist/javassist/3.22.0-CR2/javassist-3.22.0-CR2.jar:/home/user/.m2/repository/org/glassfish/hk2/hk2-api/2.5.0/hk2-api-2.5.0.jar:/home/user/.m2/repository/org/glassfish/hk2/external/jakarta.inject/2.5.0/jakarta.inject-2.5.0.jar:/home/user/.m2/repository/org/glassfish/hk2/hk2-utils/2.5.0/hk2-utils-2.5.0.jar:/home/user/.m2/repository/jakarta/annotation/jakarta.annotation-api/1.3.4/jakarta.annotation-api-1.3.4.jar:/home/user/.m2/repository/org/glassfish/hk2/external/aopalliance-repackaged/2.5.0/aopalliance-repackaged-2.5.0.jar:/home/user/.m2/repository/com/fasterxml/jackson/dataformat/jackson-dataformat-xml/2.9.0/jackson-dataformat-xml-2.9.0.jar:/home/user/.m2/repository/com/fasterxml/jackson/core/jackson-core/2.9.9/jackson-core-2.9.9.jar:/home/user/.m2/repository/com/fasterxml/jackson/module/jackson-module-jaxb-annotations/2.9.9/jackson-module-jaxb-annotations-2.9.9.jar:/home/user/.m2/repository/javax/enterprise/cdi-api/1.2/cdi-api-1.2.jar:/home/user/.m2/repository/javax/el/javax.el-api/3.0.0/javax.el-api-3.0.0.jar:/home/user/.m2/repository/javax/interceptor/javax.interceptor-api/1.2/javax.interceptor-api-1.2.jar:/home/user/.m2/repository/javax/inject/javax.inject/1/javax.inject-1.jar:/home/user/.m2/repository/com/sun/xml/bind/jaxb-impl/2.3.0.1/jaxb-impl-2.3.0.1.jar:/home/user/.m2/repository/com/sun/xml/bind/jaxb-core/2.3.0.1/jaxb-core-2.3.0.1.jar:/home/user/.m2/repository/javax/xml/bind/jaxb-api/2.3.0/jaxb-api-2.3.0.jar:/home/user/.m2/repository/javax/activation/activation/1.1.1/activation-1.1.1.jar:/home/user/.m2/repository/org/apache/hadoop/hadoop-ozone-csi/0.5.0-SNAPSHOT/hadoop-ozone-csi-0.5.0-SNAPSHOT.jar:/home/user/.m2/repository/com/google/protobuf/protobuf-java-util/3.5.1/protobuf-java-util-3.5.1.jar:/home/user/.m2/repository/org/apache/hadoop/hadoop-hdds-config/0.5.0-SNAPSHOT/hadoop-hdds-config-0.5.0-SNAPSHOT.jar:/home/user/.m2/repository/io/grpc/grpc-netty/1.17.1/grpc-netty-1.17.1.jar:/home/user/.m2/repository/io/grpc/grpc-core/1.17.1/grpc-core-1.17.1.jar:/home/user/.m2/repository/io/grpc/grpc-context/1.17.1/grpc-context-1.17.1.jar:/home/user/.m2/repository/com/google/errorprone/error_prone_annotations/2.2.0/error_prone_annotations-2.2.0.jar:/home/user/.m2/repository/org/codehaus/mojo/animal-sniffer-annotations/1.17/animal-sniffer-annotations-1.17.jar:/home/user/.m2/repository/io/opencensus/opencensus-api/0.17.0/opencensus-api-0.17.0.jar:/home/user/.m2/repository/io/opencensus/opencensus-contrib-grpc-metrics/0.17.0/opencensus-contrib-grpc-metrics-0.17.0.jar:/home/user/.m2/repository/io/netty/netty-codec-http2/4.1.30.Final/netty-codec-http2-4.1.30.Final.jar:/home/user/.m2/repository/io/netty/netty-codec-http/4.1.30.Final/netty-codec-http-4.1.30.Final.jar:/home/user/.m2/repository/io/netty/netty-codec/4.1.30.Final/netty-codec-4.1.30.Final.jar:/home/user/.m2/repository/io/netty/netty-handler/4.1.30.Final/netty-handler-4.1.30.Final.jar:/home/user/.m2/repository/io/netty/netty-handler-proxy/4.1.30.Final/netty-handler-proxy-4.1.30.Final.jar:/home/user/.m2/repository/io/netty/netty-codec-socks/4.1.30.Final/netty-codec-socks-4.1.30.Final.jar:/home/user/.m2/repository/io/netty/netty-transport-native-epoll/4.1.30.Final/netty-transport-native-epoll-4.1.30.Final.jar:/home/user/.m2/repository/io/netty/netty-common/4.1.30.Final/netty-common-4.1.30.Final.jar:/home/user/.m2/repository/io/netty/netty-buffer/4.1.30.Final/netty-buffer-4.1.30.Final.jar:/home/user/.m2/repository/io/netty/netty-transport/4.1.30.Final/netty-transport-4.1.30.Final.jar:/home/user/.m2/repository/io/netty/netty-resolver/4.1.30.Final/netty-resolver-4.1.30.Final.jar:/home/user/.m2/repository/io/netty/netty-transport-native-unix-common/4.1.30.Final/netty-transport-native-unix-common-4.1.30.Final.jar:/home/user/.m2/repository/io/grpc/grpc-protobuf/1.17.1/grpc-protobuf-1.17.1.jar:/home/user/.m2/repository/com/google/api/grpc/proto-google-common-protos/1.0.0/proto-google-common-protos-1.0.0.jar:/home/user/.m2/repository/io/grpc/grpc-protobuf-lite/1.17.1/grpc-protobuf-lite-1.17.1.jar:/home/user/.m2/repository/io/grpc/grpc-stub/1.17.1/grpc-stub-1.17.1.jar:/home/user/.m2/repository/org/apache/hadoop/hadoop-ozone-recon/0.5.0-SNAPSHOT/hadoop-ozone-recon-0.5.0-SNAPSHOT.jar:/home/user/.m2/repository/org/apache/hadoop/hadoop-ozone-reconcodegen/0.5.0-SNAPSHOT/hadoop-ozone-reconcodegen-0.5.0-SNAPSHOT.jar:/home/user/.m2/repository/com/google/inject/extensions/guice-multibindings/4.0/guice-multibindings-4.0.jar:/home/user/.m2/repository/com/google/inject/guice/4.0/guice-4.0.jar:/home/user/.m2/repository/aopalliance/aopalliance/1.0/aopalliance-1.0.jar:/home/user/.m2/repository/com/google/inject/extensions/guice-servlet/4.0/guice-servlet-4.0.jar:/home/user/.m2/repository/org/glassfish/jersey/containers/jersey-container-servlet/2.27/jersey-container-servlet-2.27.jar:/home/user/.m2/repository/org/glassfish/hk2/guice-bridge/2.5.0/guice-bridge-2.5.0.jar:/home/user/.m2/repository/org/glassfish/jersey/core/jersey-server/2.27/jersey-server-2.27.jar:/home/user/.m2/repository/org/glassfish/jersey/core/jersey-client/2.27/jersey-client-2.27.jar:/home/user/.m2/repository/org/glassfish/jersey/media/jersey-media-jaxb/2.27/jersey-media-jaxb-2.27.jar:/home/user/.m2/repository/javax/validation/validation-api/1.1.0.Final/validation-api-1.1.0.Final.jar:/home/user/.m2/repository/org/glassfish/jersey/media/jersey-media-json-jackson/2.27/jersey-media-json-jackson-2.27.jar:/home/user/.m2/repository/org/glassfish/jersey/ext/jersey-entity-filtering/2.27/jersey-entity-filtering-2.27.jar:/home/user/.m2/repository/com/google/inject/extensions/guice-assistedinject/4.0/guice-assistedinject-4.0.jar:/home/user/.m2/repository/org/jooq/jooq/3.11.10/jooq-3.11.10.jar:/home/user/.m2/repository/org/jooq/jooq-meta/3.11.10/jooq-meta-3.11.10.jar:/home/user/.m2/repository/org/jooq/jooq-codegen/3.11.10/jooq-codegen-3.11.10.jar:/home/user/.m2/repository/com/jolbox/bonecp/0.8.0.RELEASE/bonecp-0.8.0.RELEASE.jar:/home/user/.m2/repository/org/xerial/sqlite-jdbc/3.25.2/sqlite-jdbc-3.25.2.jar:/home/user/.m2/repository/org/springframework/spring-jdbc/5.1.3.RELEASE/spring-jdbc-5.1.3.RELEASE.jar:/home/user/.m2/repository/org/springframework/spring-beans/5.1.3.RELEASE/spring-beans-5.1.3.RELEASE.jar:/home/user/.m2/repository/org/springframework/spring-core/5.1.3.RELEASE/spring-core-5.1.3.RELEASE.jar:/home/user/.m2/repository/org/springframework/spring-jcl/5.1.3.RELEASE/spring-jcl-5.1.3.RELEASE.jar:/home/user/.m2/repository/org/springframework/spring-tx/5.1.3.RELEASE/spring-tx-5.1.3.RELEASE.jar:/home/user/.m2/repository/org/apache/hadoop/hadoop-ozone-client/0.5.0-SNAPSHOT/hadoop-ozone-client-0.5.0-SNAPSHOT.jar:/home/user/.m2/repository/commons-lang/commons-lang/2.6/commons-lang-2.6.jar:/home/user/.m2/repository/org/apache/hadoop/hadoop-ozone-ozone-manager/0.5.0-SNAPSHOT/hadoop-ozone-ozone-manager-0.5.0-SNAPSHOT-tests.jar:/home/user/.m2/repository/junit/junit/4.11/junit-4.11.jar:/home/user/.m2/repository/org/hamcrest/hamcrest-core/1.3/hamcrest-core-1.3.jar:/home/user/.m2/repository/org/openjdk/jmh/jmh-core/1.19/jmh-core-1.19.jar:/home/user/.m2/repository/net/sf/jopt-simple/jopt-simple/4.6/jopt-simple-4.6.jar:/home/user/.m2/repository/org/apache/commons/commons-math3/3.1.1/commons-math3-3.1.1.jar:/home/user/.m2/repository/org/openjdk/jmh/jmh-generator-annprocess/1.19/jmh-generator-annprocess-1.19.jar:/home/user/.m2/repository/org/mockito/mockito-all/1.8.5/mockito-all-1.8.5.jar:/home/user/.m2/repository/org/apache/hadoop/hadoop-kms/3.2.0/hadoop-kms-3.2.0.jar:/home/user/.m2/repository/org/apache/hadoop/hadoop-auth/3.2.0/hadoop-auth-3.2.0.jar:/home/user/.m2/repository/com/nimbusds/nimbus-jose-jwt/4.41.1/nimbus-jose-jwt-4.41.1.jar:/home/user/.m2/repository/com/github/stephenc/jcip/jcip-annotations/1.0-1/jcip-annotations-1.0-1.jar:/home/user/.m2/repository/net/minidev/json-smart/2.3/json-smart-2.3.jar:/home/user/.m2/repository/net/minidev/accessors-smart/1.2/accessors-smart-1.2.jar:/home/user/.m2/repository/org/ow2/asm/asm/5.0.4/asm-5.0.4.jar:/home/user/.m2/repository/org/apache/curator/curator-framework/2.12.0/curator-framework-2.12.0.jar:/home/user/.m2/repository/com/sun/jersey/jersey-core/1.19/jersey-core-1.19.jar:/home/user/.m2/repository/javax/ws/rs/jsr311-api/1.1.1/jsr311-api-1.1.1.jar:/home/user/.m2/repository/com/sun/jersey/jersey-server/1.19/jersey-server-1.19.jar:/home/user/.m2/repository/javax/servlet/javax.servlet-api/3.1.0/javax.servlet-api-3.1.0.jar:/home/user/.m2/repository/org/eclipse/jetty/jetty-server/9.3.25.v20180904/jetty-server-9.3.25.v20180904.jar:/home/user/.m2/repository/org/eclipse/jetty/jetty-http/9.3.25.v20180904/jetty-http-9.3.25.v20180904.jar:/home/user/.m2/repository/org/eclipse/jetty/jetty-io/9.3.25.v20180904/jetty-io-9.3.25.v20180904.jar:/home/user/.m2/repository/org/eclipse/jetty/jetty-webapp/9.3.25.v20180904/jetty-webapp-9.3.25.v20180904.jar:/home/user/.m2/repository/org/eclipse/jetty/jetty-xml/9.3.25.v20180904/jetty-xml-9.3.25.v20180904.jar:/home/user/.m2/repository/log4j/log4j/1.2.17/log4j-1.2.17.jar:/home/user/.m2/repository/org/slf4j/slf4j-api/1.7.25/slf4j-api-1.7.25.jar:/home/user/.m2/repository/org/slf4j/jul-to-slf4j/1.7.25/jul-to-slf4j-1.7.25.jar:/home/user/.m2/repository/org/eclipse/jetty/jetty-util/9.3.25.v20180904/jetty-util-9.3.25.v20180904.jar:/home/user/.m2/repository/com/fasterxml/jackson/core/jackson-databind/2.9.9/jackson-databind-2.9.9.jar:/home/user/.m2/repository/org/apache/hadoop/hadoop-kms/3.2.0/hadoop-kms-3.2.0-tests.jar:/home/user/.m2/repository/org/apache/hadoop/hadoop-hdds-server-scm/0.5.0-SNAPSHOT/hadoop-hdds-server-scm-0.5.0-SNAPSHOT-tests.jar:/home/user/.m2/repository/org/apache/hadoop/hadoop-hdds-container-service/0.5.0-SNAPSHOT/hadoop-hdds-container-service-0.5.0-SNAPSHOT-tests.jar:/home/user/.m2/repository/org/yaml/snakeyaml/1.16/snakeyaml-1.16.jar:/home/user/.m2/repository/org/apache/hadoop/hadoop-common/3.2.0/hadoop-common-3.2.0-tests.jar:/home/user/.m2/repository/org/apache/hadoop/hadoop-annotations/3.2.0/hadoop-annotations-3.2.0.jar:/usr/lib/jvm/java-1.8.0-openjdk-1.8.0.222.b10-1.el7_7.x86_64/jre/../lib/tools.jar:/home/user/.m2/repository/commons-cli/commons-cli/1.2/commons-cli-1.2.jar:/home/user/.m2/repository/org/apache/httpcomponents/httpclient/4.5.2/httpclient-4.5.2.jar:/home/user/.m2/repository/org/apache/httpcomponents/httpcore/4.4.4/httpcore-4.4.4.jar:/home/user/.m2/repository/commons-codec/commons-codec/1.11/commons-codec-1.11.jar:/home/user/.m2/repository/commons-net/commons-net/3.6/commons-net-3.6.jar:/home/user/.m2/repository/commons-collections/commons-collections/3.2.2/commons-collections-3.2.2.jar:/home/user/.m2/repository/org/eclipse/jetty/jetty-servlet/9.3.25.v20180904/jetty-servlet-9.3.25.v20180904.jar:/home/user/.m2/repository/org/eclipse/jetty/jetty-security/9.3.25.v20180904/jetty-security-9.3.25.v20180904.jar:/home/user/.m2/repository/javax/servlet/jsp/jsp-api/2.1/jsp-api-2.1.jar:/home/user/.m2/repository/com/sun/jersey/jersey-servlet/1.19/jersey-servlet-1.19.jar:/home/user/.m2/repository/com/sun/jersey/jersey-json/1.19/jersey-json-1.19.jar:/home/user/.m2/repository/org/codehaus/jettison/jettison/1.1/jettison-1.1.jar:/home/user/.m2/repository/org/codehaus/jackson/jackson-core-asl/1.9.13/jackson-core-asl-1.9.13.jar:/home/user/.m2/repository/org/codehaus/jackson/jackson-mapper-asl/1.9.13/jackson-mapper-asl-1.9.13.jar:/home/user/.m2/repository/org/codehaus/jackson/jackson-jaxrs/1.9.13/jackson-jaxrs-1.9.13.jar:/home/user/.m2/repository/org/codehaus/jackson/jackson-xc/1.9.13/jackson-xc-1.9.13.jar:/home/user/.m2/repository/commons-logging/commons-logging/1.1.3/commons-logging-1.1.3.jar:/home/user/.m2/repository/commons-beanutils/commons-beanutils/1.9.4/commons-beanutils-1.9.4.jar:/home/user/.m2/repository/org/apache/commons/commons-configuration2/2.1.1/commons-configuration2-2.1.1.jar:/home/user/.m2/repository/org/apache/commons/commons-lang3/3.7/commons-lang3-3.7.jar:/home/user/.m2/repository/org/apache/commons/commons-text/1.4/commons-text-1.4.jar:/home/user/.m2/repository/org/apache/avro/avro/1.7.7/avro-1.7.7.jar:/home/user/.m2/repository/com/thoughtworks/paranamer/paranamer/2.3/paranamer-2.3.jar:/home/user/.m2/repository/org/xerial/snappy/snappy-java/1.0.5/snappy-java-1.0.5.jar:/home/user/.m2/repository/com/google/re2j/re2j/1.1/re2j-1.1.jar:/home/user/.m2/repository/com/google/code/gson/gson/2.2.4/gson-2.2.4.jar:/home/user/.m2/repository/com/jcraft/jsch/0.1.54/jsch-0.1.54.jar:/home/user/.m2/repository/org/apache/curator/curator-client/2.12.0/curator-client-2.12.0.jar:/home/user/.m2/repository/org/apache/curator/curator-recipes/2.12.0/curator-recipes-2.12.0.jar:/home/user/.m2/repository/com/google/code/findbugs/jsr305/3.0.0/jsr305-3.0.0.jar:/home/user/.m2/repository/org/apache/htrace/htrace-core4/4.1.0-incubating/htrace-core4-4.1.0-incubating.jar:/home/user/.m2/repository/org/apache/zookeeper/zookeeper/3.4.13/zookeeper-3.4.13.jar:/home/user/.m2/repository/jline/jline/0.9.94/jline-0.9.94.jar:/home/user/.m2/repository/org/apache/yetus/audience-annotations/0.5.0/audience-annotations-0.5.0.jar:/home/user/.m2/repository/org/codehaus/woodstox/stax2-api/3.1.4/stax2-api-3.1.4.jar:/home/user/.m2/repository/com/fasterxml/woodstox/woodstox-core/5.0.3/woodstox-core-5.0.3.jar:/home/user/.m2/repository/dnsjava/dnsjava/2.1.7/dnsjava-2.1.7.jar:/home/user/.m2/repository/org/apache/hadoop/hadoop-hdfs/3.2.0/hadoop-hdfs-3.2.0-tests.jar:/home/user/.m2/repository/org/eclipse/jetty/jetty-util-ajax/9.3.25.v20180904/jetty-util-ajax-9.3.25.v20180904.jar:/home/user/.m2/repository/commons-daemon/commons-daemon/1.0.13/commons-daemon-1.0.13.jar:/home/user/.m2/repository/io/netty/netty/3.10.5.Final/netty-3.10.5.Final.jar:/home/user/.m2/repository/io/netty/netty-all/4.0.52.Final/netty-all-4.0.52.Final.jar:/home/user/.m2/repository/org/fusesource/leveldbjni/leveldbjni-all/1.8/leveldbjni-all-1.8.jar:"/>
    <property name="sun.cpu.endian" value="little"/>
    <property name="user.home" value="/home/user"/>
    <property name="user.language" value="en"/>
    <property name="java.specification.vendor" value="Oracle Corporation"/>
    <property name="java.home" value="/usr/lib/jvm/java-1.8.0-openjdk-1.8.0.222.b10-1.el7_7.x86_64/jre"/>
    <property name="surefire.excludesFile" value="/tools/ozone-bad-unit-tests"/>
    <property name="java.security.krb5.conf" value="/workdir/hadoop-ozone/integration-test/target/test-classes/krb5.conf"/>
    <property name="basedir" value="/workdir/hadoop-ozone/integration-test"/>
    <property name="file.separator" value="/"/>
    <property name="line.separator" value="&#10;"/>
    <property name="java.vm.specification.vendor" value="Oracle Corporation"/>
    <property name="java.specification.name" value="Java Platform API Specification"/>
    <property name="java.awt.graphicsenv" value="sun.awt.X11GraphicsEnvironment"/>
    <property name="surefire.real.class.path" value="/workdir/hadoop-ozone/integration-test/target/surefire/surefirebooter3781875049780679137.jar"/>
    <property name="hadoop.log.dir" value="/workdir/hadoop-ozone/integration-test/target/log"/>
    <property name="sun.boot.class.path" value="/usr/lib/jvm/java-1.8.0-openjdk-1.8.0.222.b10-1.el7_7.x86_64/jre/lib/resources.jar:/usr/lib/jvm/java-1.8.0-openjdk-1.8.0.222.b10-1.el7_7.x86_64/jre/lib/rt.jar:/usr/lib/jvm/java-1.8.0-openjdk-1.8.0.222.b10-1.el7_7.x86_64/jre/lib/sunrsasign.jar:/usr/lib/jvm/java-1.8.0-openjdk-1.8.0.222.b10-1.el7_7.x86_64/jre/lib/jsse.jar:/usr/lib/jvm/java-1.8.0-openjdk-1.8.0.222.b10-1.el7_7.x86_64/jre/lib/jce.jar:/usr/lib/jvm/java-1.8.0-openjdk-1.8.0.222.b10-1.el7_7.x86_64/jre/lib/charsets.jar:/usr/lib/jvm/java-1.8.0-openjdk-1.8.0.222.b10-1.el7_7.x86_64/jre/lib/jfr.jar:/usr/lib/jvm/java-1.8.0-openjdk-1.8.0.222.b10-1.el7_7.x86_64/jre/classes"/>
    <property name="sun.management.compiler" value="HotSpot 64-Bit Tiered Compilers"/>
    <property name="java.runtime.version" value="1.8.0_222-b10"/>
    <property name="java.net.preferIPv4Stack" value="true"/>
    <property name="user.name" value="jenkins1000"/>
    <property name="path.separator" value=":"/>
    <property name="java.security.egd" value="file:///dev/urandom"/>
    <property name="os.version" value="3.10.0-957.12.2.el7.x86_64"/>
    <property name="java.endorsed.dirs" value="/usr/lib/jvm/java-1.8.0-openjdk-1.8.0.222.b10-1.el7_7.x86_64/jre/lib/endorsed"/>
    <property name="java.runtime.name" value="OpenJDK Runtime Environment"/>
    <property name="file.encoding" value="ANSI_X3.4-1968"/>
    <property name="java.vm.name" value="OpenJDK 64-Bit Server VM"/>
    <property name="test.build.webapps" value=""/>
    <property name="localRepository" value="/home/user/.m2/repository"/>
    <property name="java.vendor.url.bug" value="http://bugreport.sun.com/bugreport/"/>
    <property name="java.io.tmpdir" value="/tmp"/>
    <property name="require.test.libhadoop" value=""/>
    <property name="java.version" value="1.8.0_222"/>
    <property name="user.dir" value="/workdir/hadoop-ozone/integration-test"/>
    <property name="os.arch" value="amd64"/>
    <property name="java.vm.specification.name" value="Java Virtual Machine Specification"/>
    <property name="test.build.classes" value="/workdir/hadoop-ozone/integration-test/target/test-classes"/>
    <property name="java.awt.printerjob" value="sun.print.PSPrinterJob"/>
    <property name="sun.os.patch.level" value="unknown"/>
    <property name="hadoop.tmp.dir" value="/workdir/hadoop-ozone/integration-test/target/tmp"/>
    <property name="java.library.path" value="/usr/lib:/workdir/hadoop-ozone/integration-test/target/native/target/usr/local/lib:/workdir/hadoop-ozone/integration-test/../../hadoop-common-project/hadoop-common/target/native/target/usr/local/lib:/usr/java/packages/lib/amd64:/usr/lib64:/lib64:/lib:/usr/lib"/>
    <property name="java.vm.info" value="mixed mode"/>
    <property name="java.vendor" value="Oracle Corporation"/>
    <property name="java.vm.version" value="25.222-b10"/>
    <property name="java.ext.dirs" value="/usr/lib/jvm/java-1.8.0-openjdk-1.8.0.222.b10-1.el7_7.x86_64/jre/lib/ext:/usr/java/packages/lib/ext"/>
    <property name="sun.io.unicode.encoding" value="UnicodeLittle"/>
    <property name="java.class.version" value="52.0"/>
  </properties>
  <testcase name="testAutomaticPipelineCreationOnPipelineDestroy" classname="org.apache.hadoop.hdds.scm.pipeline.TestRatisPipelineCreateAndDestroy" time="68.221">
    <error message="Timed out waiting for condition. Thread diagnostics:&#10;Timestamp: 2019-10-18 07:54:39,954&#10;&#10;&quot;pool-46-thread-46&quot;  prio=5 tid=480 in Object.wait()&#10;java.lang.Thread.State: WAITING (on object monitor)&#10;        at sun.misc.Unsafe.park(Native Method)&#10;        at java.util.concurrent.locks.LockSupport.park(LockSupport.java:175)&#10;        at java.util.concurrent.locks.AbstractQueuedSynchronizer$ConditionObject.await(AbstractQueuedSynchronizer.java:2039)&#10;        at java.util.concurrent.ArrayBlockingQueue.take(ArrayBlockingQueue.java:403)&#10;        at java.util.concurrent.ThreadPoolExecutor.getTask(ThreadPoolExecutor.java:1074)&#10;        at java.util.concurrent.ThreadPoolExecutor.runWorker(ThreadPoolExecutor.java:1134)&#10;        at java.util.concurrent.ThreadPoolExecutor$Worker.run(ThreadPoolExecutor.java:624)&#10;        at java.lang.Thread.run(Thread.java:748)&#10;&quot;pool-36-thread-57&quot;  prio=5 tid=426 in Object.wait()&#10;java.lang.Thread.State: WAITING (on object monitor)&#10;        at sun.misc.Unsafe.park(Native Method)&#10;        at java.util.concurrent.locks.LockSupport.park(LockSupport.java:175)&#10;        at java.util.concurrent.locks.AbstractQueuedSynchronizer$ConditionObject.await(AbstractQueuedSynchronizer.java:2039)&#10;        at java.util.concurrent.ArrayBlockingQueue.take(ArrayBlockingQueue.java:403)&#10;        at java.util.concurrent.ThreadPoolExecutor.getTask(ThreadPoolExecutor.java:1074)&#10;        at java.util.concurrent.ThreadPoolExecutor.runWorker(ThreadPoolExecutor.java:1134)&#10;        at java.util.concurrent.ThreadPoolExecutor$Worker.run(ThreadPoolExecutor.java:624)&#10;        at java.lang.Thread.run(Thread.java:748)&#10;&quot;metrics-hadoop-metrics2-reporter-81-thread-1&quot; daemon prio=5 tid=1047 timed_waiting&#10;java.lang.Thread.State: TIMED_WAITING&#10;        at sun.misc.Unsafe.park(Native Method)&#10;        at java.util.concurrent.locks.LockSupport.parkNanos(LockSupport.java:215)&#10;        at java.util.concurrent.locks.AbstractQueuedSynchronizer$ConditionObject.awaitNanos(AbstractQueuedSynchronizer.java:2078)&#10;        at java.util.concurrent.ScheduledThreadPoolExecutor$DelayedWorkQueue.take(ScheduledThreadPoolExecutor.java:1093)&#10;        at java.util.concurrent.ScheduledThreadPoolExecutor$DelayedWorkQueue.take(ScheduledThreadPoolExecutor.java:809)&#10;        at java.util.concurrent.ThreadPoolExecutor.getTask(ThreadPoolExecutor.java:1074)&#10;        at java.util.concurrent.ThreadPoolExecutor.runWorker(ThreadPoolExecutor.java:1134)&#10;        at java.util.concurrent.ThreadPoolExecutor$Worker.run(ThreadPoolExecutor.java:624)&#10;        at java.lang.Thread.run(Thread.java:748)&#10;&quot;org.eclipse.jetty.server.session.HashSessionManager@37e950beTimer&quot; daemon prio=5 tid=98 timed_waiting&#10;java.lang.Thread.State: TIMED_WAITING&#10;        at sun.misc.Unsafe.park(Native Method)&#10;        at java.util.concurrent.locks.LockSupport.parkNanos(LockSupport.java:215)&#10;        at java.util.concurrent.locks.AbstractQueuedSynchronizer$ConditionObject.awaitNanos(AbstractQueuedSynchronizer.java:2078)&#10;        at java.util.concurrent.ScheduledThreadPoolExecutor$DelayedWorkQueue.take(ScheduledThreadPoolExecutor.java:1093)&#10;        at java.util.concurrent.ScheduledThreadPoolExecutor$DelayedWorkQueue.take(ScheduledThreadPoolExecutor.java:809)&#10;        at java.util.concurrent.ThreadPoolExecutor.getTask(ThreadPoolExecutor.java:1074)&#10;        at java.util.concurrent.ThreadPoolExecutor.runWorker(ThreadPoolExecutor.java:1134)&#10;        at java.util.concurrent.ThreadPoolExecutor$Worker.run(ThreadPoolExecutor.java:624)&#10;        at java.lang.Thread.run(Thread.java:748)&#10;&quot;IPC Server handler 3 on 41091&quot; daemon prio=5 tid=118 timed_waiting&#10;java.lang.Thread.State: TIMED_WAITING&#10;        at sun.misc.Unsafe.park(Native Method)&#10;        at java.util.concurrent.locks.LockSupport.parkNanos(LockSupport.java:215)&#10;        at java.util.concurrent.locks.AbstractQueuedSynchronizer$ConditionObject.awaitNanos(AbstractQueuedSynchronizer.java:2078)&#10;        at java.util.concurrent.LinkedBlockingQueue.poll(LinkedBlockingQueue.java:467)&#10;        at org.apache.hadoop.ipc.CallQueueManager.take(CallQueueManager.java:288)&#10;        at org.apache.hadoop.ipc.Server$Handler.run(Server.java:2668)&#10;&quot;pool-26-thread-30&quot;  prio=5 tid=374 in Object.wait()&#10;java.lang.Thread.State: WAITING (on object monitor)&#10;        at sun.misc.Unsafe.park(Native Method)&#10;        at java.util.concurrent.locks.LockSupport.park(LockSupport.java:175)&#10;        at java.util.concurrent.locks.AbstractQueuedSynchronizer$ConditionObject.await(AbstractQueuedSynchronizer.java:2039)&#10;        at java.util.concurrent.ArrayBlockingQueue.take(ArrayBlockingQueue.java:403)&#10;        at java.util.concurrent.ThreadPoolExecutor.getTask(ThreadPoolExecutor.java:1074)&#10;        at java.util.concurrent.ThreadPoolExecutor.runWorker(ThreadPoolExecutor.java:1134)&#10;        at java.util.concurrent.ThreadPoolExecutor$Worker.run(ThreadPoolExecutor.java:624)&#10;        at java.lang.Thread.run(Thread.java:748)&#10;&quot;IPC Server handler 2 on 33888&quot; daemon prio=5 tid=32 timed_waiting&#10;java.lang.Thread.State: TIMED_WAITING&#10;        at sun.misc.Unsafe.park(Native Method)&#10;        at java.util.concurrent.locks.LockSupport.parkNanos(LockSupport.java:215)&#10;        at java.util.concurrent.locks.AbstractQueuedSynchronizer$ConditionObject.awaitNanos(AbstractQueuedSynchronizer.java:2078)&#10;        at java.util.concurrent.LinkedBlockingQueue.poll(LinkedBlockingQueue.java:467)&#10;        at org.apache.hadoop.ipc.CallQueueManager.take(CallQueueManager.java:288)&#10;        at org.apache.hadoop.ipc.Server$Handler.run(Server.java:2668)&#10;&quot;metrics-hadoop-metrics2-reporter-31-thread-1&quot; daemon prio=5 tid=783 timed_waiting&#10;java.lang.Thread.State: TIMED_WAITING&#10;        at sun.misc.Unsafe.park(Native Method)&#10;        at java.util.concurrent.locks.LockSupport.parkNanos(LockSupport.java:215)&#10;        at java.util.concurrent.locks.AbstractQueuedSynchronizer$ConditionObject.awaitNanos(AbstractQueuedSynchronizer.java:2078)&#10;        at java.util.concurrent.ScheduledThreadPoolExecutor$DelayedWorkQueue.take(ScheduledThreadPoolExecutor.java:1093)&#10;        at java.util.concurrent.ScheduledThreadPoolExecutor$DelayedWorkQueue.take(ScheduledThreadPoolExecutor.java:809)&#10;        at java.util.concurrent.ThreadPoolExecutor.getTask(ThreadPoolExecutor.java:1074)&#10;        at java.util.concurrent.ThreadPoolExecutor.runWorker(ThreadPoolExecutor.java:1134)&#10;        at java.util.concurrent.ThreadPoolExecutor$Worker.run(ThreadPoolExecutor.java:624)&#10;        at java.lang.Thread.run(Thread.java:748)&#10;&quot;pool-46-thread-22&quot;  prio=5 tid=456 in Object.wait()&#10;java.lang.Thread.State: WAITING (on object monitor)&#10;        at sun.misc.Unsafe.park(Native Method)&#10;        at java.util.concurrent.locks.LockSupport.park(LockSupport.java:175)&#10;        at java.util.concurrent.locks.AbstractQueuedSynchronizer$ConditionObject.await(AbstractQueuedSynchronizer.java:2039)&#10;        at java.util.concurrent.ArrayBlockingQueue.take(ArrayBlockingQueue.java:403)&#10;        at java.util.concurrent.ThreadPoolExecutor.getTask(ThreadPoolExecutor.java:1074)&#10;        at java.util.concurrent.ThreadPoolExecutor.runWorker(ThreadPoolExecutor.java:1134)&#10;        at java.util.concurrent.ThreadPoolExecutor$Worker.run(ThreadPoolExecutor.java:624)&#10;        at java.lang.Thread.run(Thread.java:748)&#10;&quot;java.util.concurrent.ThreadPoolExecutor$Worker@4de311d6[State = -1, empty queue]&quot; daemon prio=5 tid=1034 timed_waiting&#10;java.lang.Thread.State: TIMED_WAITING&#10;        at sun.misc.Unsafe.park(Native Method)&#10;        at java.util.concurrent.locks.LockSupport.parkNanos(LockSupport.java:215)&#10;        at java.util.concurrent.locks.AbstractQueuedSynchronizer$ConditionObject.awaitNanos(AbstractQueuedSynchronizer.java:2078)&#10;        at java.util.concurrent.ScheduledThreadPoolExecutor$DelayedWorkQueue.take(ScheduledThreadPoolExecutor.java:1093)&#10;        at java.util.concurrent.ScheduledThreadPoolExecutor$DelayedWorkQueue.take(ScheduledThreadPoolExecutor.java:809)&#10;        at java.util.concurrent.ThreadPoolExecutor.getTask(ThreadPoolExecutor.java:1074)&#10;        at java.util.concurrent.ThreadPoolExecutor.runWorker(ThreadPoolExecutor.java:1134)&#10;        at java.util.concurrent.ThreadPoolExecutor$Worker.run(ThreadPoolExecutor.java:624)&#10;        at java.lang.Thread.run(Thread.java:748)&#10;&quot;org.apache.hadoop.util.JvmPauseMonitor$Monitor@6bdf36b4&quot; daemon prio=5 tid=285 timed_waiting&#10;java.lang.Thread.State: TIMED_WAITING&#10;        at java.lang.Thread.sleep(Native Method)&#10;        at org.apache.hadoop.util.JvmPauseMonitor$Monitor.run(JvmPauseMonitor.java:192)&#10;        at java.lang.Thread.run(Thread.java:748)&#10;&quot;pool-56-thread-2&quot;  prio=5 tid=497 in Object.wait()&#10;java.lang.Thread.State: WAITING (on object monitor)&#10;        at sun.misc.Unsafe.park(Native Method)&#10;        at java.util.concurrent.locks.LockSupport.park(LockSupport.java:175)&#10;        at java.util.concurrent.locks.AbstractQueuedSynchronizer$ConditionObject.await(AbstractQueuedSynchronizer.java:2039)&#10;        at java.util.concurrent.ArrayBlockingQueue.take(ArrayBlockingQueue.java:403)&#10;        at java.util.concurrent.ThreadPoolExecutor.getTask(ThreadPoolExecutor.java:1074)&#10;        at java.util.concurrent.ThreadPoolExecutor.runWorker(ThreadPoolExecutor.java:1134)&#10;        at java.util.concurrent.ThreadPoolExecutor$Worker.run(ThreadPoolExecutor.java:624)&#10;        at java.lang.Thread.run(Thread.java:748)&#10;&quot;refreshUsed-/workdir/hadoop-ozone/integration-test/target/test-dir/MiniOzoneClusterImpl-58fc3ecd-0fbd-4e7b-a09c-4106a93dde4d/datanode-1/data/containers&quot; daemon prio=5 tid=182 timed_waiting&#10;java.lang.Thread.State: TIMED_WAITING&#10;        at java.lang.Thread.sleep(Native Method)&#10;        at org.apache.hadoop.fs.CachingGetSpaceUsed$RefreshThread.run(CachingGetSpaceUsed.java:179)&#10;        at java.lang.Thread.run(Thread.java:748)&#10;&quot;qtp64027122-161-acceptor-0@63a2715e-ServerConnector@af153ab{HTTP/1.1,[http/1.1]}{0.0.0.0:40543}&quot; daemon prio=3 tid=161 runnable&#10;java.lang.Thread.State: RUNNABLE&#10;        at sun.nio.ch.ServerSocketChannelImpl.accept0(Native Method)&#10;        at sun.nio.ch.ServerSocketChannelImpl.accept(ServerSocketChannelImpl.java:422)&#10;        at sun.nio.ch.ServerSocketChannelImpl.accept(ServerSocketChannelImpl.java:250)&#10;        at org.eclipse.jetty.server.ServerConnector.accept(ServerConnector.java:397)&#10;        at org.eclipse.jetty.server.AbstractConnector$Acceptor.run(AbstractConnector.java:601)&#10;        at org.eclipse.jetty.util.thread.QueuedThreadPool.runJob(QueuedThreadPool.java:671)&#10;        at org.eclipse.jetty.util.thread.QueuedThreadPool$2.run(QueuedThreadPool.java:589)&#10;        at java.lang.Thread.run(Thread.java:748)&#10;&quot;grpc-default-executor-5&quot; daemon prio=5 tid=990 timed_waiting&#10;java.lang.Thread.State: TIMED_WAITING&#10;        at sun.misc.Unsafe.park(Native Method)&#10;        at java.util.concurrent.locks.LockSupport.parkNanos(LockSupport.java:215)&#10;        at java.util.concurrent.SynchronousQueue$TransferStack.awaitFulfill(SynchronousQueue.java:460)&#10;        at java.util.concurrent.SynchronousQueue$TransferStack.transfer(SynchronousQueue.java:362)&#10;        at java.util.concurrent.SynchronousQueue.poll(SynchronousQueue.java:941)&#10;        at java.util.concurrent.ThreadPoolExecutor.getTask(ThreadPoolExecutor.java:1073)&#10;        at java.util.concurrent.ThreadPoolExecutor.runWorker(ThreadPoolExecutor.java:1134)&#10;        at java.util.concurrent.ThreadPoolExecutor$Worker.run(ThreadPoolExecutor.java:624)&#10;        at java.lang.Thread.run(Thread.java:748)&#10;&quot;metrics-hadoop-metrics2-reporter-23-thread-1&quot; daemon prio=5 tid=755 timed_waiting&#10;java.lang.Thread.State: TIMED_WAITING&#10;        at sun.misc.Unsafe.park(Native Method)&#10;        at java.util.concurrent.locks.LockSupport.parkNanos(LockSupport.java:215)&#10;        at java.util.concurrent.locks.AbstractQueuedSynchronizer$ConditionObject.awaitNanos(AbstractQueuedSynchronizer.java:2078)&#10;        at java.util.concurrent.ScheduledThreadPoolExecutor$DelayedWorkQueue.take(ScheduledThreadPoolExecutor.java:1093)&#10;        at java.util.concurrent.ScheduledThreadPoolExecutor$DelayedWorkQueue.take(ScheduledThreadPoolExecutor.java:809)&#10;        at java.util.concurrent.ThreadPoolExecutor.getTask(ThreadPoolExecutor.java:1074)&#10;        at java.util.concurrent.ThreadPoolExecutor.runWorker(ThreadPoolExecutor.java:1134)&#10;        at java.util.concurrent.ThreadPoolExecutor$Worker.run(ThreadPoolExecutor.java:624)&#10;        at java.lang.Thread.run(Thread.java:748)&#10;&quot;qtp689037899-298&quot; daemon prio=5 tid=298 timed_waiting&#10;java.lang.Thread.State: TIMED_WAITING&#10;        at sun.misc.Unsafe.park(Native Method)&#10;        at java.util.concurrent.locks.LockSupport.parkNanos(LockSupport.java:215)&#10;        at java.util.concurrent.locks.AbstractQueuedSynchronizer$ConditionObject.awaitNanos(AbstractQueuedSynchronizer.java:2078)&#10;        at org.eclipse.jetty.util.BlockingArrayQueue.poll(BlockingArrayQueue.java:392)&#10;        at org.eclipse.jetty.util.thread.QueuedThreadPool.idleJobPoll(QueuedThreadPool.java:563)&#10;        at org.eclipse.jetty.util.thread.QueuedThreadPool.access$800(QueuedThreadPool.java:48)&#10;        at org.eclipse.jetty.util.thread.QueuedThreadPool$2.run(QueuedThreadPool.java:626)&#10;        at java.lang.Thread.run(Thread.java:748)&#10;&quot;IPC Server handler 15 on 35347&quot; daemon prio=5 tid=85 timed_waiting&#10;java.lang.Thread.State: TIMED_WAITING&#10;        at sun.misc.Unsafe.park(Native Method)&#10;        at java.util.concurrent.locks.LockSupport.parkNanos(LockSupport.java:215)&#10;        at java.util.concurrent.locks.AbstractQueuedSynchronizer$ConditionObject.awaitNanos(AbstractQueuedSynchronizer.java:2078)&#10;        at java.util.concurrent.LinkedBlockingQueue.poll(LinkedBlockingQueue.java:467)&#10;        at org.apache.hadoop.ipc.CallQueueManager.take(CallQueueManager.java:288)&#10;        at org.apache.hadoop.ipc.Server$Handler.run(Server.java:2668)&#10;&quot;pool-26-thread-41&quot;  prio=5 tid=396 in Object.wait()&#10;java.lang.Thread.State: WAITING (on object monitor)&#10;        at sun.misc.Unsafe.park(Native Method)&#10;        at java.util.concurrent.locks.LockSupport.park(LockSupport.java:175)&#10;        at java.util.concurrent.locks.AbstractQueuedSynchronizer$ConditionObject.await(AbstractQueuedSynchronizer.java:2039)&#10;        at java.util.concurrent.ArrayBlockingQueue.take(ArrayBlockingQueue.java:403)&#10;        at java.util.concurrent.ThreadPoolExecutor.getTask(ThreadPoolExecutor.java:1074)&#10;        at java.util.concurrent.ThreadPoolExecutor.runWorker(ThreadPoolExecutor.java:1134)&#10;        at java.util.concurrent.ThreadPoolExecutor$Worker.run(ThreadPoolExecutor.java:624)&#10;        at java.lang.Thread.run(Thread.java:748)&#10;&quot;IPC Server handler 2 on 41091&quot; daemon prio=5 tid=117 timed_waiting&#10;java.lang.Thread.State: TIMED_WAITING&#10;        at sun.misc.Unsafe.park(Native Method)&#10;        at java.util.concurrent.locks.LockSupport.parkNanos(LockSupport.java:215)&#10;        at java.util.concurrent.locks.AbstractQueuedSynchronizer$ConditionObject.awaitNanos(AbstractQueuedSynchronizer.java:2078)&#10;        at java.util.concurrent.LinkedBlockingQueue.poll(LinkedBlockingQueue.java:467)&#10;        at org.apache.hadoop.ipc.CallQueueManager.take(CallQueueManager.java:288)&#10;        at org.apache.hadoop.ipc.Server$Handler.run(Server.java:2668)&#10;&quot;qtp92143380-268&quot; daemon prio=5 tid=268 runnable&#10;java.lang.Thread.State: RUNNABLE&#10;        at sun.nio.ch.EPollArrayWrapper.epollWait(Native Method)&#10;        at sun.nio.ch.EPollArrayWrapper.poll(EPollArrayWrapper.java:269)&#10;        at sun.nio.ch.EPollSelectorImpl.doSelect(EPollSelectorImpl.java:93)&#10;        at sun.nio.ch.SelectorImpl.lockAndDoSelect(SelectorImpl.java:86)&#10;        at sun.nio.ch.SelectorImpl.select(SelectorImpl.java:97)&#10;        at sun.nio.ch.SelectorImpl.select(SelectorImpl.java:101)&#10;        at org.eclipse.jetty.io.ManagedSelector$SelectorProducer.select(ManagedSelector.java:243)&#10;        at org.eclipse.jetty.io.ManagedSelector$SelectorProducer.produce(ManagedSelector.java:191)&#10;        at org.eclipse.jetty.util.thread.strategy.ExecuteProduceConsume.executeProduceConsume(ExecuteProduceConsume.java:249)&#10;        at org.eclipse.jetty.util.thread.strategy.ExecuteProduceConsume.produceConsume(ExecuteProduceConsume.java:148)&#10;        at org.eclipse.jetty.util.thread.strategy.ExecuteProduceConsume.execute(ExecuteProduceConsume.java:100)&#10;        at org.eclipse.jetty.io.ManagedSelector.run(ManagedSelector.java:147)&#10;        at org.eclipse.jetty.util.thread.QueuedThreadPool.runJob(QueuedThreadPool.java:671)&#10;        at org.eclipse.jetty.util.thread.QueuedThreadPool$2.run(QueuedThreadPool.java:589)&#10;        at java.lang.Thread.run(Thread.java:748)&#10;&quot;Datanode ReportManager Thread - 1&quot; daemon prio=5 tid=227 timed_waiting&#10;java.lang.Thread.State: TIMED_WAITING&#10;        at sun.misc.Unsafe.park(Native Method)&#10;        at java.util.concurrent.locks.LockSupport.parkNanos(LockSupport.java:215)&#10;        at java.util.concurrent.locks.AbstractQueuedSynchronizer$ConditionObject.awaitNanos(AbstractQueuedSynchronizer.java:2078)&#10;        at java.util.concurrent.ScheduledThreadPoolExecutor$DelayedWorkQueue.take(ScheduledThreadPoolExecutor.java:1093)&#10;        at java.util.concurrent.ScheduledThreadPoolExecutor$DelayedWorkQueue.take(ScheduledThreadPoolExecutor.java:809)&#10;        at java.util.concurrent.ThreadPoolExecutor.getTask(ThreadPoolExecutor.java:1074)&#10;        at java.util.concurrent.ThreadPoolExecutor.runWorker(ThreadPoolExecutor.java:1134)&#10;        at java.util.concurrent.ThreadPoolExecutor$Worker.run(ThreadPoolExecutor.java:624)&#10;        at java.lang.Thread.run(Thread.java:748)&#10;&quot;metrics-hadoop-metrics2-reporter-59-thread-1&quot; daemon prio=5 tid=932 timed_waiting&#10;java.lang.Thread.State: TIMED_WAITING&#10;        at sun.misc.Unsafe.park(Native Method)&#10;        at java.util.concurrent.locks.LockSupport.parkNanos(LockSupport.java:215)&#10;        at java.util.concurrent.locks.AbstractQueuedSynchronizer$ConditionObject.awaitNanos(AbstractQueuedSynchronizer.java:2078)&#10;        at java.util.concurrent.ScheduledThreadPoolExecutor$DelayedWorkQueue.take(ScheduledThreadPoolExecutor.java:1093)&#10;        at java.util.concurrent.ScheduledThreadPoolExecutor$DelayedWorkQueue.take(ScheduledThreadPoolExecutor.java:809)&#10;        at java.util.concurrent.ThreadPoolExecutor.getTask(ThreadPoolExecutor.java:1074)&#10;        at java.util.concurrent.ThreadPoolExecutor.runWorker(ThreadPoolExecutor.java:1134)&#10;        at java.util.concurrent.ThreadPoolExecutor$Worker.run(ThreadPoolExecutor.java:624)&#10;        at java.lang.Thread.run(Thread.java:748)&#10;&quot;Periodic HDDS volume checker&quot;  prio=5 tid=177 timed_waiting&#10;java.lang.Thread.State: TIMED_WAITING&#10;        at sun.misc.Unsafe.park(Native Method)&#10;        at java.util.concurrent.locks.LockSupport.parkNanos(LockSupport.java:215)&#10;        at java.util.concurrent.locks.AbstractQueuedSynchronizer$ConditionObject.awaitNanos(AbstractQueuedSynchronizer.java:2078)&#10;        at java.util.concurrent.ScheduledThreadPoolExecutor$DelayedWorkQueue.take(ScheduledThreadPoolExecutor.java:1093)&#10;        at java.util.concurrent.ScheduledThreadPoolExecutor$DelayedWorkQueue.take(ScheduledThreadPoolExecutor.java:809)&#10;        at java.util.concurrent.ThreadPoolExecutor.getTask(ThreadPoolExecutor.java:1074)&#10;        at java.util.concurrent.ThreadPoolExecutor.runWorker(ThreadPoolExecutor.java:1134)&#10;        at java.util.concurrent.ThreadPoolExecutor$Worker.run(ThreadPoolExecutor.java:624)&#10;        at java.lang.Thread.run(Thread.java:748)&#10;&quot;DataNode DiskChecker thread 0&quot; daemon prio=5 tid=156 timed_waiting&#10;java.lang.Thread.State: TIMED_WAITING&#10;        at sun.misc.Unsafe.park(Native Method)&#10;        at java.util.concurrent.locks.LockSupport.parkNanos(LockSupport.java:215)&#10;        at java.util.concurrent.SynchronousQueue$TransferStack.awaitFulfill(SynchronousQueue.java:460)&#10;        at java.util.concurrent.SynchronousQueue$TransferStack.transfer(SynchronousQueue.java:362)&#10;        at java.util.concurrent.SynchronousQueue.poll(SynchronousQueue.java:941)&#10;        at java.util.concurrent.ThreadPoolExecutor.getTask(ThreadPoolExecutor.java:1073)&#10;        at java.util.concurrent.ThreadPoolExecutor.runWorker(ThreadPoolExecutor.java:1134)&#10;        at java.util.concurrent.ThreadPoolExecutor$Worker.run(ThreadPoolExecutor.java:624)&#10;        at java.lang.Thread.run(Thread.java:748)&#10;&quot;grpc-default-executor-1&quot; daemon prio=5 tid=774 timed_waiting&#10;java.lang.Thread.State: TIMED_WAITING&#10;        at sun.misc.Unsafe.park(Native Method)&#10;        at java.util.concurrent.locks.LockSupport.parkNanos(LockSupport.java:215)&#10;        at java.util.concurrent.SynchronousQueue$TransferStack.awaitFulfill(SynchronousQueue.java:460)&#10;        at java.util.concurrent.SynchronousQueue$TransferStack.transfer(SynchronousQueue.java:362)&#10;        at java.util.concurrent.SynchronousQueue.poll(SynchronousQueue.java:941)&#10;        at java.util.concurrent.ThreadPoolExecutor.getTask(ThreadPoolExecutor.java:1073)&#10;        at java.util.concurrent.ThreadPoolExecutor.runWorker(ThreadPoolExecutor.java:1134)&#10;        at java.util.concurrent.ThreadPoolExecutor$Worker.run(ThreadPoolExecutor.java:624)&#10;        at java.lang.Thread.run(Thread.java:748)&#10;&quot;Datanode State Machine Thread - 0&quot; daemon prio=5 tid=313 timed_waiting&#10;java.lang.Thread.State: TIMED_WAITING&#10;        at sun.misc.Unsafe.park(Native Method)&#10;        at java.util.concurrent.locks.LockSupport.parkNanos(LockSupport.java:215)&#10;        at java.util.concurrent.SynchronousQueue$TransferStack.awaitFulfill(SynchronousQueue.java:460)&#10;        at java.util.concurrent.SynchronousQueue$TransferStack.transfer(SynchronousQueue.java:362)&#10;        at java.util.concurrent.SynchronousQueue.poll(SynchronousQueue.java:941)&#10;        at java.util.concurrent.ThreadPoolExecutor.getTask(ThreadPoolExecutor.java:1073)&#10;        at java.util.concurrent.ThreadPoolExecutor.runWorker(ThreadPoolExecutor.java:1134)&#10;        at java.util.concurrent.ThreadPoolExecutor$Worker.run(ThreadPoolExecutor.java:624)&#10;        at java.lang.Thread.run(Thread.java:748)&#10;&quot;Datanode State Machine Thread - 0&quot; daemon prio=5 tid=279 timed_waiting&#10;java.lang.Thread.State: TIMED_WAITING&#10;        at java.lang.Thread.sleep(Native Method)&#10;        at org.apache.hadoop.ozone.container.common.statemachine.DatanodeStateMachine.start(DatanodeStateMachine.java:191)&#10;        at org.apache.hadoop.ozone.container.common.statemachine.DatanodeStateMachine.lambda$startDaemon$0(DatanodeStateMachine.java:349)&#10;        at org.apache.hadoop.ozone.container.common.statemachine.DatanodeStateMachine$$Lambda$140/532411881.run(Unknown Source)&#10;        at java.lang.Thread.run(Thread.java:748)&#10;&quot;6fa005cd-25d6-4e29-bda6-9462a060c098@group-BAC069DAEF17-SegmentedRaftLogWorker&quot;  prio=5 tid=957 timed_waiting&#10;java.lang.Thread.State: TIMED_WAITING&#10;        at sun.misc.Unsafe.park(Native Method)&#10;        at java.util.concurrent.locks.LockSupport.parkNanos(LockSupport.java:215)&#10;        at java.util.concurrent.locks.AbstractQueuedSynchronizer$ConditionObject.awaitNanos(AbstractQueuedSynchronizer.java:2078)&#10;        at org.apache.ratis.util.DataBlockingQueue.poll(DataBlockingQueue.java:137)&#10;        at org.apache.ratis.server.raftlog.segmented.SegmentedRaftLogWorker.run(SegmentedRaftLogWorker.java:282)&#10;        at java.lang.Thread.run(Thread.java:748)&#10;&quot;pool-56-thread-1&quot;  prio=5 tid=496 in Object.wait()&#10;java.lang.Thread.State: WAITING (on object monitor)&#10;        at sun.misc.Unsafe.park(Native Method)&#10;        at java.util.concurrent.locks.LockSupport.park(LockSupport.java:175)&#10;        at java.util.concurrent.locks.AbstractQueuedSynchronizer$ConditionObject.await(AbstractQueuedSynchronizer.java:2039)&#10;        at java.util.concurrent.ArrayBlockingQueue.take(ArrayBlockingQueue.java:403)&#10;        at java.util.concurrent.ThreadPoolExecutor.getTask(ThreadPoolExecutor.java:1074)&#10;        at java.util.concurrent.ThreadPoolExecutor.runWorker(ThreadPoolExecutor.java:1134)&#10;        at java.util.concurrent.ThreadPoolExecutor$Worker.run(ThreadPoolExecutor.java:624)&#10;        at java.lang.Thread.run(Thread.java:748)&#10;&quot;IPC Server handler 1 on 33888&quot; daemon prio=5 tid=31 timed_waiting&#10;java.lang.Thread.State: TIMED_WAITING&#10;        at sun.misc.Unsafe.park(Native Method)&#10;        at java.util.concurrent.locks.LockSupport.parkNanos(LockSupport.java:215)&#10;        at java.util.concurrent.locks.AbstractQueuedSynchronizer$ConditionObject.awaitNanos(AbstractQueuedSynchronizer.java:2078)&#10;        at java.util.concurrent.LinkedBlockingQueue.poll(LinkedBlockingQueue.java:467)&#10;        at org.apache.hadoop.ipc.CallQueueManager.take(CallQueueManager.java:288)&#10;        at org.apache.hadoop.ipc.Server$Handler.run(Server.java:2668)&#10;&quot;pool-36-thread-8&quot;  prio=5 tid=332 in Object.wait()&#10;java.lang.Thread.State: WAITING (on object monitor)&#10;        at sun.misc.Unsafe.park(Native Method)&#10;        at java.util.concurrent.locks.LockSupport.park(LockSupport.java:175)&#10;        at java.util.concurrent.locks.AbstractQueuedSynchronizer$ConditionObject.await(AbstractQueuedSynchronizer.java:2039)&#10;        at java.util.concurrent.ArrayBlockingQueue.take(ArrayBlockingQueue.java:403)&#10;        at java.util.concurrent.ThreadPoolExecutor.getTask(ThreadPoolExecutor.java:1074)&#10;        at java.util.concurrent.ThreadPoolExecutor.runWorker(ThreadPoolExecutor.java:1134)&#10;        at java.util.concurrent.ThreadPoolExecutor$Worker.run(ThreadPoolExecutor.java:624)&#10;        at java.lang.Thread.run(Thread.java:748)&#10;&quot;IPC Server handler 12 on 33888&quot; daemon prio=5 tid=42 timed_waiting&#10;java.lang.Thread.State: TIMED_WAITING&#10;        at sun.misc.Unsafe.park(Native Method)&#10;        at java.util.concurrent.locks.LockSupport.parkNanos(LockSupport.java:215)&#10;        at java.util.concurrent.locks.AbstractQueuedSynchronizer$ConditionObject.awaitNanos(AbstractQueuedSynchronizer.java:2078)&#10;        at java.util.concurrent.LinkedBlockingQueue.poll(LinkedBlockingQueue.java:467)&#10;        at org.apache.hadoop.ipc.CallQueueManager.take(CallQueueManager.java:288)&#10;        at org.apache.hadoop.ipc.Server$Handler.run(Server.java:2668)&#10;&quot;pool-56-thread-13&quot;  prio=5 tid=511 in Object.wait()&#10;java.lang.Thread.State: WAITING (on object monitor)&#10;        at sun.misc.Unsafe.park(Native Method)&#10;        at java.util.concurrent.locks.LockSupport.park(LockSupport.java:175)&#10;        at java.util.concurrent.locks.AbstractQueuedSynchronizer$ConditionObject.await(AbstractQueuedSynchronizer.java:2039)&#10;        at java.util.concurrent.ArrayBlockingQueue.take(ArrayBlockingQueue.java:403)&#10;        at java.util.concurrent.ThreadPoolExecutor.getTask(ThreadPoolExecutor.java:1074)&#10;        at java.util.concurrent.ThreadPoolExecutor.runWorker(ThreadPoolExecutor.java:1134)&#10;        at java.util.concurrent.ThreadPoolExecutor$Worker.run(ThreadPoolExecutor.java:624)&#10;        at java.lang.Thread.run(Thread.java:748)&#10;&quot;metrics-hadoop-metrics2-reporter-49-thread-1&quot; daemon prio=5 tid=886 timed_waiting&#10;java.lang.Thread.State: TIMED_WAITING&#10;        at sun.misc.Unsafe.park(Native Method)&#10;        at java.util.concurrent.locks.LockSupport.parkNanos(LockSupport.java:215)&#10;        at java.util.concurrent.locks.AbstractQueuedSynchronizer$ConditionObject.awaitNanos(AbstractQueuedSynchronizer.java:2078)&#10;        at java.util.concurrent.ScheduledThreadPoolExecutor$DelayedWorkQueue.take(ScheduledThreadPoolExecutor.java:1093)&#10;        at java.util.concurrent.ScheduledThreadPoolExecutor$DelayedWorkQueue.take(ScheduledThreadPoolExecutor.java:809)&#10;        at java.util.concurrent.ThreadPoolExecutor.getTask(ThreadPoolExecutor.java:1074)&#10;        at java.util.concurrent.ThreadPoolExecutor.runWorker(ThreadPoolExecutor.java:1134)&#10;        at java.util.concurrent.ThreadPoolExecutor$Worker.run(ThreadPoolExecutor.java:624)&#10;        at java.lang.Thread.run(Thread.java:748)&#10;&quot;Datanode ReportManager Thread - 3&quot; daemon prio=5 tid=256 in Object.wait()&#10;java.lang.Thread.State: WAITING (on object monitor)&#10;        at sun.misc.Unsafe.park(Native Method)&#10;        at java.util.concurrent.locks.LockSupport.park(LockSupport.java:175)&#10;        at java.util.concurrent.locks.AbstractQueuedSynchronizer$ConditionObject.await(AbstractQueuedSynchronizer.java:2039)&#10;        at java.util.concurrent.ScheduledThreadPoolExecutor$DelayedWorkQueue.take(ScheduledThreadPoolExecutor.java:1088)&#10;        at java.util.concurrent.ScheduledThreadPoolExecutor$DelayedWorkQueue.take(ScheduledThreadPoolExecutor.java:809)&#10;        at java.util.concurrent.ThreadPoolExecutor.getTask(ThreadPoolExecutor.java:1074)&#10;        at java.util.concurrent.ThreadPoolExecutor.runWorker(ThreadPoolExecutor.java:1134)&#10;        at java.util.concurrent.ThreadPoolExecutor$Worker.run(ThreadPoolExecutor.java:624)&#10;        at java.lang.Thread.run(Thread.java:748)&#10;&quot;IPC Server handler 13 on 35347&quot; daemon prio=5 tid=83 timed_waiting&#10;java.lang.Thread.State: TIMED_WAITING&#10;        at sun.misc.Unsafe.park(Native Method)&#10;        at java.util.concurrent.locks.LockSupport.parkNanos(LockSupport.java:215)&#10;        at java.util.concurrent.locks.AbstractQueuedSynchronizer$ConditionObject.awaitNanos(AbstractQueuedSynchronizer.java:2078)&#10;        at java.util.concurrent.LinkedBlockingQueue.poll(LinkedBlockingQueue.java:467)&#10;        at org.apache.hadoop.ipc.CallQueueManager.take(CallQueueManager.java:288)&#10;        at org.apache.hadoop.ipc.Server$Handler.run(Server.java:2668)&#10;&quot;Datanode ReportManager Thread - 3&quot; daemon prio=5 tid=202 in Object.wait()&#10;java.lang.Thread.State: WAITING (on object monitor)&#10;        at sun.misc.Unsafe.park(Native Method)&#10;        at java.util.concurrent.locks.LockSupport.park(LockSupport.java:175)&#10;        at java.util.concurrent.locks.AbstractQueuedSynchronizer$ConditionObject.await(AbstractQueuedSynchronizer.java:2039)&#10;        at java.util.concurrent.ScheduledThreadPoolExecutor$DelayedWorkQueue.take(ScheduledThreadPoolExecutor.java:1088)&#10;        at java.util.concurrent.ScheduledThreadPoolExecutor$DelayedWorkQueue.take(ScheduledThreadPoolExecutor.java:809)&#10;        at java.util.concurrent.ThreadPoolExecutor.getTask(ThreadPoolExecutor.java:1074)&#10;        at java.util.concurrent.ThreadPoolExecutor.runWorker(ThreadPoolExecutor.java:1134)&#10;        at java.util.concurrent.ThreadPoolExecutor$Worker.run(ThreadPoolExecutor.java:624)&#10;        at java.lang.Thread.run(Thread.java:748)&#10;&quot;qtp689037899-301&quot; daemon prio=5 tid=301 timed_waiting&#10;java.lang.Thread.State: TIMED_WAITING&#10;        at sun.misc.Unsafe.park(Native Method)&#10;        at java.util.concurrent.locks.LockSupport.parkNanos(LockSupport.java:215)&#10;        at java.util.concurrent.locks.AbstractQueuedSynchronizer$ConditionObject.awaitNanos(AbstractQueuedSynchronizer.java:2078)&#10;        at org.eclipse.jetty.util.BlockingArrayQueue.poll(BlockingArrayQueue.java:392)&#10;        at org.eclipse.jetty.util.thread.QueuedThreadPool.idleJobPoll(QueuedThreadPool.java:563)&#10;        at org.eclipse.jetty.util.thread.QueuedThreadPool.access$800(QueuedThreadPool.java:48)&#10;        at org.eclipse.jetty.util.thread.QueuedThreadPool$2.run(QueuedThreadPool.java:626)&#10;        at java.lang.Thread.run(Thread.java:748)&#10;&quot;6fa005cd-25d6-4e29-bda6-9462a060c098@group-B1CC1EDC98E5-StateMachineUpdater&quot; daemon prio=5 tid=705 in Object.wait()&#10;java.lang.Thread.State: WAITING (on object monitor)&#10;        at java.lang.Object.wait(Native Method)&#10;        at java.lang.Object.wait(Object.java:502)&#10;        at org.apache.ratis.server.impl.StateMachineUpdater.waitForCommit(StateMachineUpdater.java:194)&#10;        at org.apache.ratis.server.impl.StateMachineUpdater.run(StateMachineUpdater.java:159)&#10;        at java.lang.Thread.run(Thread.java:748)&#10;&quot;pool-66-thread-41&quot;  prio=5 tid=604 in Object.wait()&#10;java.lang.Thread.State: WAITING (on object monitor)&#10;        at sun.misc.Unsafe.park(Native Method)&#10;        at java.util.concurrent.locks.LockSupport.park(LockSupport.java:175)&#10;        at java.util.concurrent.locks.AbstractQueuedSynchronizer$ConditionObject.await(AbstractQueuedSynchronizer.java:2039)&#10;        at java.util.concurrent.ArrayBlockingQueue.take(ArrayBlockingQueue.java:403)&#10;        at java.util.concurrent.ThreadPoolExecutor.getTask(ThreadPoolExecutor.java:1074)&#10;        at java.util.concurrent.ThreadPoolExecutor.runWorker(ThreadPoolExecutor.java:1134)&#10;        at java.util.concurrent.ThreadPoolExecutor$Worker.run(ThreadPoolExecutor.java:624)&#10;        at java.lang.Thread.run(Thread.java:748)&#10;&quot;IPC Server handler 0 on 33888&quot; daemon prio=5 tid=30 timed_waiting&#10;java.lang.Thread.State: TIMED_WAITING&#10;        at sun.misc.Unsafe.park(Native Method)&#10;        at java.util.concurrent.locks.LockSupport.parkNanos(LockSupport.java:215)&#10;        at java.util.concurrent.locks.AbstractQueuedSynchronizer$ConditionObject.awaitNanos(AbstractQueuedSynchronizer.java:2078)&#10;        at java.util.concurrent.LinkedBlockingQueue.poll(LinkedBlockingQueue.java:467)&#10;        at org.apache.hadoop.ipc.CallQueueManager.take(CallQueueManager.java:288)&#10;        at org.apache.hadoop.ipc.Server$Handler.run(Server.java:2668)&#10;&quot;pool-46-thread-45&quot;  prio=5 tid=479 in Object.wait()&#10;java.lang.Thread.State: WAITING (on object monitor)&#10;        at sun.misc.Unsafe.park(Native Method)&#10;        at java.util.concurrent.locks.LockSupport.park(LockSupport.java:175)&#10;        at java.util.concurrent.locks.AbstractQueuedSynchronizer$ConditionObject.await(AbstractQueuedSynchronizer.java:2039)&#10;        at java.util.concurrent.ArrayBlockingQueue.take(ArrayBlockingQueue.java:403)&#10;        at java.util.concurrent.ThreadPoolExecutor.getTask(ThreadPoolExecutor.java:1074)&#10;        at java.util.concurrent.ThreadPoolExecutor.runWorker(ThreadPoolExecutor.java:1134)&#10;        at java.util.concurrent.ThreadPoolExecutor$Worker.run(ThreadPoolExecutor.java:624)&#10;        at java.lang.Thread.run(Thread.java:748)&#10;&quot;qtp668854338-92&quot; daemon prio=5 tid=92 timed_waiting&#10;java.lang.Thread.State: TIMED_WAITING&#10;        at sun.misc.Unsafe.park(Native Method)&#10;        at java.util.concurrent.locks.LockSupport.parkNanos(LockSupport.java:215)&#10;        at java.util.concurrent.locks.AbstractQueuedSynchronizer$ConditionObject.awaitNanos(AbstractQueuedSynchronizer.java:2078)&#10;        at org.eclipse.jetty.util.BlockingArrayQueue.poll(BlockingArrayQueue.java:392)&#10;        at org.eclipse.jetty.util.thread.QueuedThreadPool.idleJobPoll(QueuedThreadPool.java:563)&#10;        at org.eclipse.jetty.util.thread.QueuedThreadPool.access$800(QueuedThreadPool.java:48)&#10;        at org.eclipse.jetty.util.thread.QueuedThreadPool$2.run(QueuedThreadPool.java:626)&#10;        at java.lang.Thread.run(Thread.java:748)&#10;&quot;metrics-hadoop-metrics2-reporter-43-thread-1&quot; daemon prio=5 tid=834 timed_waiting&#10;java.lang.Thread.State: TIMED_WAITING&#10;        at sun.misc.Unsafe.park(Native Method)&#10;        at java.util.concurrent.locks.LockSupport.parkNanos(LockSupport.java:215)&#10;        at java.util.concurrent.locks.AbstractQueuedSynchronizer$ConditionObject.awaitNanos(AbstractQueuedSynchronizer.java:2078)&#10;        at java.util.concurrent.ScheduledThreadPoolExecutor$DelayedWorkQueue.take(ScheduledThreadPoolExecutor.java:1093)&#10;        at java.util.concurrent.ScheduledThreadPoolExecutor$DelayedWorkQueue.take(ScheduledThreadPoolExecutor.java:809)&#10;        at java.util.concurrent.ThreadPoolExecutor.getTask(ThreadPoolExecutor.java:1074)&#10;        at java.util.concurrent.ThreadPoolExecutor.runWorker(ThreadPoolExecutor.java:1134)&#10;        at java.util.concurrent.ThreadPoolExecutor$Worker.run(ThreadPoolExecutor.java:624)&#10;        at java.lang.Thread.run(Thread.java:748)&#10;&quot;surefire-forkedjvm-ping-30s&quot; daemon prio=5 tid=9 timed_waiting&#10;java.lang.Thread.State: TIMED_WAITING&#10;        at sun.misc.Unsafe.park(Native Method)&#10;        at java.util.concurrent.locks.LockSupport.parkNanos(LockSupport.java:215)&#10;        at java.util.concurrent.locks.AbstractQueuedSynchronizer$ConditionObject.awaitNanos(AbstractQueuedSynchronizer.java:2078)&#10;        at java.util.concurrent.ScheduledThreadPoolExecutor$DelayedWorkQueue.take(ScheduledThreadPoolExecutor.java:1093)&#10;        at java.util.concurrent.ScheduledThreadPoolExecutor$DelayedWorkQueue.take(ScheduledThreadPoolExecutor.java:809)&#10;        at java.util.concurrent.ThreadPoolExecutor.getTask(ThreadPoolExecutor.java:1074)&#10;        at java.util.concurrent.ThreadPoolExecutor.runWorker(ThreadPoolExecutor.java:1134)&#10;        at java.util.concurrent.ThreadPoolExecutor$Worker.run(ThreadPoolExecutor.java:624)&#10;        at java.lang.Thread.run(Thread.java:748)&#10;&quot;pool-37-thread-1&quot;  prio=5 tid=736 in Object.wait()&#10;java.lang.Thread.State: WAITING (on object monitor)&#10;        at sun.misc.Unsafe.park(Native Method)&#10;        at java.util.concurrent.locks.LockSupport.park(LockSupport.java:175)&#10;        at java.util.concurrent.locks.AbstractQueuedSynchronizer$ConditionObject.await(AbstractQueuedSynchronizer.java:2039)&#10;        at java.util.concurrent.LinkedBlockingQueue.take(LinkedBlockingQueue.java:442)&#10;        at java.util.concurrent.ThreadPoolExecutor.getTask(ThreadPoolExecutor.java:1074)&#10;        at java.util.concurrent.ThreadPoolExecutor.runWorker(ThreadPoolExecutor.java:1134)&#10;        at java.util.concurrent.ThreadPoolExecutor$Worker.run(ThreadPoolExecutor.java:624)&#10;        at java.lang.Thread.run(Thread.java:748)&#10;&quot;pool-36-thread-50&quot;  prio=5 tid=413 in Object.wait()&#10;java.lang.Thread.State: WAITING (on object monitor)&#10;        at sun.misc.Unsafe.park(Native Method)&#10;        at java.util.concurrent.locks.LockSupport.park(LockSupport.java:175)&#10;        at java.util.concurrent.locks.AbstractQueuedSynchronizer$ConditionObject.await(AbstractQueuedSynchronizer.java:2039)&#10;        at java.util.concurrent.ArrayBlockingQueue.take(ArrayBlockingQueue.java:403)&#10;        at java.util.concurrent.ThreadPoolExecutor.getTask(ThreadPoolExecutor.java:1074)&#10;        at java.util.concurrent.ThreadPoolExecutor.runWorker(ThreadPoolExecutor.java:1134)&#10;        at java.util.concurrent.ThreadPoolExecutor$Worker.run(ThreadPoolExecutor.java:624)&#10;        at java.lang.Thread.run(Thread.java:748)&#10;&quot;IPC Server handler 10 on 33440&quot; daemon prio=5 tid=60 timed_waiting&#10;java.lang.Thread.State: TIMED_WAITING&#10;        at sun.misc.Unsafe.park(Native Method)&#10;        at java.util.concurrent.locks.LockSupport.parkNanos(LockSupport.java:215)&#10;        at java.util.concurrent.locks.AbstractQueuedSynchronizer$ConditionObject.awaitNanos(AbstractQueuedSynchronizer.java:2078)&#10;        at java.util.concurrent.LinkedBlockingQueue.poll(LinkedBlockingQueue.java:467)&#10;        at org.apache.hadoop.ipc.CallQueueManager.take(CallQueueManager.java:288)&#10;        at org.apache.hadoop.ipc.Server$Handler.run(Server.java:2668)&#10;&quot;Command processor thread&quot; daemon prio=5 tid=284 timed_waiting&#10;java.lang.Thread.State: TIMED_WAITING&#10;        at java.lang.Thread.sleep(Native Method)&#10;        at org.apache.hadoop.ozone.container.common.statemachine.DatanodeStateMachine.lambda$initCommandHandlerThread$1(DatanodeStateMachine.java:439)&#10;        at org.apache.hadoop.ozone.container.common.statemachine.DatanodeStateMachine$$Lambda$141/1433858745.run(Unknown Source)&#10;        at java.lang.Thread.run(Thread.java:748)&#10;&quot;metrics-hadoop-metrics2-reporter-40-thread-1&quot; daemon prio=5 tid=819 timed_waiting&#10;java.lang.Thread.State: TIMED_WAITING&#10;        at sun.misc.Unsafe.park(Native Method)&#10;        at java.util.concurrent.locks.LockSupport.parkNanos(LockSupport.java:215)&#10;        at java.util.concurrent.locks.AbstractQueuedSynchronizer$ConditionObject.awaitNanos(AbstractQueuedSynchronizer.java:2078)&#10;        at java.util.concurrent.ScheduledThreadPoolExecutor$DelayedWorkQueue.take(ScheduledThreadPoolExecutor.java:1093)&#10;        at java.util.concurrent.ScheduledThreadPoolExecutor$DelayedWorkQueue.take(ScheduledThreadPoolExecutor.java:809)&#10;        at java.util.concurrent.ThreadPoolExecutor.getTask(ThreadPoolExecutor.java:1074)&#10;        at java.util.concurrent.ThreadPoolExecutor.runWorker(ThreadPoolExecutor.java:1134)&#10;        at java.util.concurrent.ThreadPoolExecutor$Worker.run(ThreadPoolExecutor.java:624)&#10;        at java.lang.Thread.run(Thread.java:748)&#10;&quot;qtp693544819-243&quot; daemon prio=5 tid=243 timed_waiting&#10;java.lang.Thread.State: TIMED_WAITING&#10;        at sun.misc.Unsafe.park(Native Method)&#10;        at java.util.concurrent.locks.LockSupport.parkNanos(LockSupport.java:215)&#10;        at java.util.concurrent.locks.AbstractQueuedSynchronizer$ConditionObject.awaitNanos(AbstractQueuedSynchronizer.java:2078)&#10;        at org.eclipse.jetty.util.BlockingArrayQueue.poll(BlockingArrayQueue.java:392)&#10;        at org.eclipse.jetty.util.thread.QueuedThreadPool.idleJobPoll(QueuedThreadPool.java:563)&#10;        at org.eclipse.jetty.util.thread.QueuedThreadPool.access$800(QueuedThreadPool.java:48)&#10;        at org.eclipse.jetty.util.thread.QueuedThreadPool$2.run(QueuedThreadPool.java:626)&#10;        at java.lang.Thread.run(Thread.java:748)&#10;&quot;IPC Server handler 5 on 33440&quot; daemon prio=5 tid=55 timed_waiting&#10;java.lang.Thread.State: TIMED_WAITING&#10;        at sun.misc.Unsafe.park(Native Method)&#10;        at java.util.concurrent.locks.LockSupport.parkNanos(LockSupport.java:215)&#10;        at java.util.concurrent.locks.AbstractQueuedSynchronizer$ConditionObject.awaitNanos(AbstractQueuedSynchronizer.java:2078)&#10;        at java.util.concurrent.LinkedBlockingQueue.poll(LinkedBlockingQueue.java:467)&#10;        at org.apache.hadoop.ipc.CallQueueManager.take(CallQueueManager.java:288)&#10;        at org.apache.hadoop.ipc.Server$Handler.run(Server.java:2668)&#10;&quot;6fa005cd-25d6-4e29-bda6-9462a060c098@group-B1CC1EDC98E5-SegmentedRaftLogWorker&quot;  prio=5 tid=704 timed_waiting&#10;java.lang.Thread.State: TIMED_WAITING&#10;        at sun.misc.Unsafe.park(Native Method)&#10;        at java.util.concurrent.locks.LockSupport.parkNanos(LockSupport.java:215)&#10;        at java.util.concurrent.locks.AbstractQueuedSynchronizer$ConditionObject.awaitNanos(AbstractQueuedSynchronizer.java:2078)&#10;        at org.apache.ratis.util.DataBlockingQueue.poll(DataBlockingQueue.java:137)&#10;        at org.apache.ratis.server.raftlog.segmented.SegmentedRaftLogWorker.run(SegmentedRaftLogWorker.java:282)&#10;        at java.lang.Thread.run(Thread.java:748)&#10;&quot;pool-36-thread-27&quot;  prio=5 tid=367 in Object.wait()&#10;java.lang.Thread.State: WAITING (on object monitor)&#10;        at sun.misc.Unsafe.park(Native Method)&#10;        at java.util.concurrent.locks.LockSupport.park(LockSupport.java:175)&#10;        at java.util.concurrent.locks.AbstractQueuedSynchronizer$ConditionObject.await(AbstractQueuedSynchronizer.java:2039)&#10;        at java.util.concurrent.ArrayBlockingQueue.take(ArrayBlockingQueue.java:403)&#10;        at java.util.concurrent.ThreadPoolExecutor.getTask(ThreadPoolExecutor.java:1074)&#10;        at java.util.concurrent.ThreadPoolExecutor.runWorker(ThreadPoolExecutor.java:1134)&#10;        at java.util.concurrent.ThreadPoolExecutor$Worker.run(ThreadPoolExecutor.java:624)&#10;        at java.lang.Thread.run(Thread.java:748)&#10;&quot;pool-36-thread-25&quot;  prio=5 tid=363 in Object.wait()&#10;java.lang.Thread.State: WAITING (on object monitor)&#10;        at sun.misc.Unsafe.park(Native Method)&#10;        at java.util.concurrent.locks.LockSupport.park(LockSupport.java:175)&#10;        at java.util.concurrent.locks.AbstractQueuedSynchronizer$ConditionObject.await(AbstractQueuedSynchronizer.java:2039)&#10;        at java.util.concurrent.ArrayBlockingQueue.take(ArrayBlockingQueue.java:403)&#10;        at java.util.concurrent.ThreadPoolExecutor.getTask(ThreadPoolExecutor.java:1074)&#10;        at java.util.concurrent.ThreadPoolExecutor.runWorker(ThreadPoolExecutor.java:1134)&#10;        at java.util.concurrent.ThreadPoolExecutor$Worker.run(ThreadPoolExecutor.java:624)&#10;        at java.lang.Thread.run(Thread.java:748)&#10;&quot;metrics-hadoop-metrics2-reporter-45-thread-1&quot; daemon prio=5 tid=838 timed_waiting&#10;java.lang.Thread.State: TIMED_WAITING&#10;        at sun.misc.Unsafe.park(Native Method)&#10;        at java.util.concurrent.locks.LockSupport.parkNanos(LockSupport.java:215)&#10;        at java.util.concurrent.locks.AbstractQueuedSynchronizer$ConditionObject.awaitNanos(AbstractQueuedSynchronizer.java:2078)&#10;        at java.util.concurrent.ScheduledThreadPoolExecutor$DelayedWorkQueue.take(ScheduledThreadPoolExecutor.java:1093)&#10;        at java.util.concurrent.ScheduledThreadPoolExecutor$DelayedWorkQueue.take(ScheduledThreadPoolExecutor.java:809)&#10;        at java.util.concurrent.ThreadPoolExecutor.getTask(ThreadPoolExecutor.java:1074)&#10;        at java.util.concurrent.ThreadPoolExecutor.runWorker(ThreadPoolExecutor.java:1134)&#10;        at java.util.concurrent.ThreadPoolExecutor$Worker.run(ThreadPoolExecutor.java:624)&#10;        at java.lang.Thread.run(Thread.java:748)&#10;&quot;metrics-hadoop-metrics2-reporter-29-thread-1&quot; daemon prio=5 tid=773 timed_waiting&#10;java.lang.Thread.State: TIMED_WAITING&#10;        at sun.misc.Unsafe.park(Native Method)&#10;        at java.util.concurrent.locks.LockSupport.parkNanos(LockSupport.java:215)&#10;        at java.util.concurrent.locks.AbstractQueuedSynchronizer$ConditionObject.awaitNanos(AbstractQueuedSynchronizer.java:2078)&#10;        at java.util.concurrent.ScheduledThreadPoolExecutor$DelayedWorkQueue.take(ScheduledThreadPoolExecutor.java:1093)&#10;        at java.util.concurrent.ScheduledThreadPoolExecutor$DelayedWorkQueue.take(ScheduledThreadPoolExecutor.java:809)&#10;        at java.util.concurrent.ThreadPoolExecutor.getTask(ThreadPoolExecutor.java:1074)&#10;        at java.util.concurrent.ThreadPoolExecutor.runWorker(ThreadPoolExecutor.java:1134)&#10;        at java.util.concurrent.ThreadPoolExecutor$Worker.run(ThreadPoolExecutor.java:624)&#10;        at java.lang.Thread.run(Thread.java:748)&#10;&quot;Datanode ReportManager Thread - 3&quot; daemon prio=5 tid=229 in Object.wait()&#10;java.lang.Thread.State: WAITING (on object monitor)&#10;        at sun.misc.Unsafe.park(Native Method)&#10;        at java.util.concurrent.locks.LockSupport.park(LockSupport.java:175)&#10;        at java.util.concurrent.locks.AbstractQueuedSynchronizer$ConditionObject.await(AbstractQueuedSynchronizer.java:2039)&#10;        at java.util.concurrent.ScheduledThreadPoolExecutor$DelayedWorkQueue.take(ScheduledThreadPoolExecutor.java:1088)&#10;        at java.util.concurrent.ScheduledThreadPoolExecutor$DelayedWorkQueue.take(ScheduledThreadPoolExecutor.java:809)&#10;        at java.util.concurrent.ThreadPoolExecutor.getTask(ThreadPoolExecutor.java:1074)&#10;        at java.util.concurrent.ThreadPoolExecutor.runWorker(ThreadPoolExecutor.java:1134)&#10;        at java.util.concurrent.ThreadPoolExecutor$Worker.run(ThreadPoolExecutor.java:624)&#10;        at java.lang.Thread.run(Thread.java:748)&#10;&quot;pool-6-thread-1&quot;  prio=5 tid=27 timed_waiting&#10;java.lang.Thread.State: TIMED_WAITING&#10;        at sun.misc.Unsafe.park(Native Method)&#10;        at java.util.concurrent.locks.LockSupport.parkNanos(LockSupport.java:215)&#10;        at java.util.concurrent.locks.AbstractQueuedSynchronizer$ConditionObject.awaitNanos(AbstractQueuedSynchronizer.java:2078)&#10;        at java.util.concurrent.ScheduledThreadPoolExecutor$DelayedWorkQueue.take(ScheduledThreadPoolExecutor.java:1093)&#10;        at java.util.concurrent.ScheduledThreadPoolExecutor$DelayedWorkQueue.take(ScheduledThreadPoolExecutor.java:809)&#10;        at java.util.concurrent.ThreadPoolExecutor.getTask(ThreadPoolExecutor.java:1074)&#10;        at java.util.concurrent.ThreadPoolExecutor.runWorker(ThreadPoolExecutor.java:1134)&#10;        at java.util.concurrent.ThreadPoolExecutor$Worker.run(ThreadPoolExecutor.java:624)&#10;        at java.lang.Thread.run(Thread.java:748)&#10;&quot;pool-66-thread-46&quot;  prio=5 tid=609 in Object.wait()&#10;java.lang.Thread.State: WAITING (on object monitor)&#10;        at sun.misc.Unsafe.park(Native Method)&#10;        at java.util.concurrent.locks.LockSupport.park(LockSupport.java:175)&#10;        at java.util.concurrent.locks.AbstractQueuedSynchronizer$ConditionObject.await(AbstractQueuedSynchronizer.java:2039)&#10;        at java.util.concurrent.ArrayBlockingQueue.take(ArrayBlockingQueue.java:403)&#10;        at java.util.concurrent.ThreadPoolExecutor.getTask(ThreadPoolExecutor.java:1074)&#10;        at java.util.concurrent.ThreadPoolExecutor.runWorker(ThreadPoolExecutor.java:1134)&#10;        at java.util.concurrent.ThreadPoolExecutor$Worker.run(ThreadPoolExecutor.java:624)&#10;        at java.lang.Thread.run(Thread.java:748)&#10;&quot;metrics-hadoop-metrics2-reporter-74-thread-1&quot; daemon prio=5 tid=1024 timed_waiting&#10;java.lang.Thread.State: TIMED_WAITING&#10;        at sun.misc.Unsafe.park(Native Method)&#10;        at java.util.concurrent.locks.LockSupport.parkNanos(LockSupport.java:215)&#10;        at java.util.concurrent.locks.AbstractQueuedSynchronizer$ConditionObject.awaitNanos(AbstractQueuedSynchronizer.java:2078)&#10;        at java.util.concurrent.ScheduledThreadPoolExecutor$DelayedWorkQueue.take(ScheduledThreadPoolExecutor.java:1093)&#10;        at java.util.concurrent.ScheduledThreadPoolExecutor$DelayedWorkQueue.take(ScheduledThreadPoolExecutor.java:809)&#10;        at java.util.concurrent.ThreadPoolExecutor.getTask(ThreadPoolExecutor.java:1074)&#10;        at java.util.concurrent.ThreadPoolExecutor.runWorker(ThreadPoolExecutor.java:1134)&#10;        at java.util.concurrent.ThreadPoolExecutor$Worker.run(ThreadPoolExecutor.java:624)&#10;        at java.lang.Thread.run(Thread.java:748)&#10;&quot;org.apache.ratis.server.impl.LogAppender$AppenderDaemon$$Lambda$420/1222076953@2ceb8bcc&quot; daemon prio=5 tid=1027 timed_waiting&#10;java.lang.Thread.State: TIMED_WAITING&#10;        at java.lang.Object.wait(Native Method)&#10;        at org.apache.ratis.grpc.server.GrpcLogAppender.mayWait(GrpcLogAppender.java:147)&#10;        at org.apache.ratis.grpc.server.GrpcLogAppender.runAppenderImpl(GrpcLogAppender.java:101)&#10;        at org.apache.ratis.server.impl.LogAppender$AppenderDaemon.run(LogAppender.java:76)&#10;        at org.apache.ratis.server.impl.LogAppender$AppenderDaemon$$Lambda$420/1222076953.run(Unknown Source)&#10;        at java.lang.Thread.run(Thread.java:748)&#10;&quot;4b487190-7547-40c7-b780-43c37a89e8eb@group-E11C942201EC-SegmentedRaftLogWorker&quot;  prio=5 tid=750 timed_waiting&#10;java.lang.Thread.State: TIMED_WAITING&#10;        at sun.misc.Unsafe.park(Native Method)&#10;        at java.util.concurrent.locks.LockSupport.parkNanos(LockSupport.java:215)&#10;        at java.util.concurrent.locks.AbstractQueuedSynchronizer$ConditionObject.awaitNanos(AbstractQueuedSynchronizer.java:2078)&#10;        at org.apache.ratis.util.DataBlockingQueue.poll(DataBlockingQueue.java:137)&#10;        at org.apache.ratis.server.raftlog.segmented.SegmentedRaftLogWorker.run(SegmentedRaftLogWorker.java:282)&#10;        at java.lang.Thread.run(Thread.java:748)&#10;&quot;pool-46-thread-52&quot;  prio=5 tid=486 in Object.wait()&#10;java.lang.Thread.State: WAITING (on object monitor)&#10;        at sun.misc.Unsafe.park(Native Method)&#10;        at java.util.concurrent.locks.LockSupport.park(LockSupport.java:175)&#10;        at java.util.concurrent.locks.AbstractQueuedSynchronizer$ConditionObject.await(AbstractQueuedSynchronizer.java:2039)&#10;        at java.util.concurrent.ArrayBlockingQueue.take(ArrayBlockingQueue.java:403)&#10;        at java.util.concurrent.ThreadPoolExecutor.getTask(ThreadPoolExecutor.java:1074)&#10;        at java.util.concurrent.ThreadPoolExecutor.runWorker(ThreadPoolExecutor.java:1134)&#10;        at java.util.concurrent.ThreadPoolExecutor$Worker.run(ThreadPoolExecutor.java:624)&#10;        at java.lang.Thread.run(Thread.java:748)&#10;&quot;pool-46-thread-5&quot;  prio=5 tid=439 in Object.wait()&#10;java.lang.Thread.State: WAITING (on object monitor)&#10;        at sun.misc.Unsafe.park(Native Method)&#10;        at java.util.concurrent.locks.LockSupport.park(LockSupport.java:175)&#10;        at java.util.concurrent.locks.AbstractQueuedSynchronizer$ConditionObject.await(AbstractQueuedSynchronizer.java:2039)&#10;        at java.util.concurrent.ArrayBlockingQueue.take(ArrayBlockingQueue.java:403)&#10;        at java.util.concurrent.ThreadPoolExecutor.getTask(ThreadPoolExecutor.java:1074)&#10;        at java.util.concurrent.ThreadPoolExecutor.runWorker(ThreadPoolExecutor.java:1134)&#10;        at java.util.concurrent.ThreadPoolExecutor$Worker.run(ThreadPoolExecutor.java:624)&#10;        at java.lang.Thread.run(Thread.java:748)&#10;&quot;IPC Server handler 9 on 41091&quot; daemon prio=5 tid=125 timed_waiting&#10;java.lang.Thread.State: TIMED_WAITING&#10;        at sun.misc.Unsafe.park(Native Method)&#10;        at java.util.concurrent.locks.LockSupport.parkNanos(LockSupport.java:215)&#10;        at java.util.concurrent.locks.AbstractQueuedSynchronizer$ConditionObject.awaitNanos(AbstractQueuedSynchronizer.java:2078)&#10;        at java.util.concurrent.LinkedBlockingQueue.poll(LinkedBlockingQueue.java:467)&#10;        at org.apache.hadoop.ipc.CallQueueManager.take(CallQueueManager.java:288)&#10;        at org.apache.hadoop.ipc.Server$Handler.run(Server.java:2668)&#10;&quot;pool-66-thread-27&quot;  prio=5 tid=590 in Object.wait()&#10;java.lang.Thread.State: WAITING (on object monitor)&#10;        at sun.misc.Unsafe.park(Native Method)&#10;        at java.util.concurrent.locks.LockSupport.park(LockSupport.java:175)&#10;        at java.util.concurrent.locks.AbstractQueuedSynchronizer$ConditionObject.await(AbstractQueuedSynchronizer.java:2039)&#10;        at java.util.concurrent.ArrayBlockingQueue.take(ArrayBlockingQueue.java:403)&#10;        at java.util.concurrent.ThreadPoolExecutor.getTask(ThreadPoolExecutor.java:1074)&#10;        at java.util.concurrent.ThreadPoolExecutor.runWorker(ThreadPoolExecutor.java:1134)&#10;        at java.util.concurrent.ThreadPoolExecutor$Worker.run(ThreadPoolExecutor.java:624)&#10;        at java.lang.Thread.run(Thread.java:748)&#10;&quot;qtp92143380-269-acceptor-0@5faf51c2-ServerConnector@1245f2f6{HTTP/1.1,[http/1.1]}{0.0.0.0:33992}&quot; daemon prio=3 tid=269 runnable&#10;java.lang.Thread.State: RUNNABLE&#10;        at sun.nio.ch.ServerSocketChannelImpl.accept0(Native Method)&#10;        at sun.nio.ch.ServerSocketChannelImpl.accept(ServerSocketChannelImpl.java:422)&#10;        at sun.nio.ch.ServerSocketChannelImpl.accept(ServerSocketChannelImpl.java:250)&#10;        at org.eclipse.jetty.server.ServerConnector.accept(ServerConnector.java:397)&#10;        at org.eclipse.jetty.server.AbstractConnector$Acceptor.run(AbstractConnector.java:601)&#10;        at org.eclipse.jetty.util.thread.QueuedThreadPool.runJob(QueuedThreadPool.java:671)&#10;        at org.eclipse.jetty.util.thread.QueuedThreadPool$2.run(QueuedThreadPool.java:589)&#10;        at java.lang.Thread.run(Thread.java:748)&#10;&quot;metrics-hadoop-metrics2-reporter-25-thread-1&quot; daemon prio=5 tid=761 timed_waiting&#10;java.lang.Thread.State: TIMED_WAITING&#10;        at sun.misc.Unsafe.park(Native Method)&#10;        at java.util.concurrent.locks.LockSupport.parkNanos(LockSupport.java:215)&#10;        at java.util.concurrent.locks.AbstractQueuedSynchronizer$ConditionObject.awaitNanos(AbstractQueuedSynchronizer.java:2078)&#10;        at java.util.concurrent.ScheduledThreadPoolExecutor$DelayedWorkQueue.take(ScheduledThreadPoolExecutor.java:1093)&#10;        at java.util.concurrent.ScheduledThreadPoolExecutor$DelayedWorkQueue.take(ScheduledThreadPoolExecutor.java:809)&#10;        at java.util.concurrent.ThreadPoolExecutor.getTask(ThreadPoolExecutor.java:1074)&#10;        at java.util.concurrent.ThreadPoolExecutor.runWorker(ThreadPoolExecutor.java:1134)&#10;        at java.util.concurrent.ThreadPoolExecutor$Worker.run(ThreadPoolExecutor.java:624)&#10;        at java.lang.Thread.run(Thread.java:748)&#10;&quot;metrics-hadoop-metrics2-reporter-58-thread-1&quot; daemon prio=5 tid=929 timed_waiting&#10;java.lang.Thread.State: TIMED_WAITING&#10;        at sun.misc.Unsafe.park(Native Method)&#10;        at java.util.concurrent.locks.LockSupport.parkNanos(LockSupport.java:215)&#10;        at java.util.concurrent.locks.AbstractQueuedSynchronizer$ConditionObject.awaitNanos(AbstractQueuedSynchronizer.java:2078)&#10;        at java.util.concurrent.ScheduledThreadPoolExecutor$DelayedWorkQueue.take(ScheduledThreadPoolExecutor.java:1093)&#10;        at java.util.concurrent.ScheduledThreadPoolExecutor$DelayedWorkQueue.take(ScheduledThreadPoolExecutor.java:809)&#10;        at java.util.concurrent.ThreadPoolExecutor.getTask(ThreadPoolExecutor.java:1074)&#10;        at java.util.concurrent.ThreadPoolExecutor.runWorker(ThreadPoolExecutor.java:1134)&#10;        at java.util.concurrent.ThreadPoolExecutor$Worker.run(ThreadPoolExecutor.java:624)&#10;        at java.lang.Thread.run(Thread.java:748)&#10;&quot;Periodic HDDS volume checker&quot;  prio=5 tid=288 timed_waiting&#10;java.lang.Thread.State: TIMED_WAITING&#10;        at sun.misc.Unsafe.park(Native Method)&#10;        at java.util.concurrent.locks.LockSupport.parkNanos(LockSupport.java:215)&#10;        at java.util.concurrent.locks.AbstractQueuedSynchronizer$ConditionObject.awaitNanos(AbstractQueuedSynchronizer.java:2078)&#10;        at java.util.concurrent.ScheduledThreadPoolExecutor$DelayedWorkQueue.take(ScheduledThreadPoolExecutor.java:1093)&#10;        at java.util.concurrent.ScheduledThreadPoolExecutor$DelayedWorkQueue.take(ScheduledThreadPoolExecutor.java:809)&#10;        at java.util.concurrent.ThreadPoolExecutor.getTask(ThreadPoolExecutor.java:1074)&#10;        at java.util.concurrent.ThreadPoolExecutor.runWorker(ThreadPoolExecutor.java:1134)&#10;        at java.util.concurrent.ThreadPoolExecutor$Worker.run(ThreadPoolExecutor.java:624)&#10;        at java.lang.Thread.run(Thread.java:748)&#10;&quot;BlockDeletingService#0&quot; daemon prio=5 tid=686 timed_waiting&#10;java.lang.Thread.State: TIMED_WAITING&#10;        at sun.misc.Unsafe.park(Native Method)&#10;        at java.util.concurrent.locks.LockSupport.parkNanos(LockSupport.java:215)&#10;        at java.util.concurrent.locks.AbstractQueuedSynchronizer$ConditionObject.awaitNanos(AbstractQueuedSynchronizer.java:2078)&#10;        at java.util.concurrent.ScheduledThreadPoolExecutor$DelayedWorkQueue.take(ScheduledThreadPoolExecutor.java:1093)&#10;        at java.util.concurrent.ScheduledThreadPoolExecutor$DelayedWorkQueue.take(ScheduledThreadPoolExecutor.java:809)&#10;        at java.util.concurrent.ThreadPoolExecutor.getTask(ThreadPoolExecutor.java:1074)&#10;        at java.util.concurrent.ThreadPoolExecutor.runWorker(ThreadPoolExecutor.java:1134)&#10;        at java.util.concurrent.ThreadPoolExecutor$Worker.run(ThreadPoolExecutor.java:624)&#10;        at java.lang.Thread.run(Thread.java:748)&#10;&quot;DataNode DiskChecker thread 0&quot; daemon prio=5 tid=237 timed_waiting&#10;java.lang.Thread.State: TIMED_WAITING&#10;        at sun.misc.Unsafe.park(Native Method)&#10;        at java.util.concurrent.locks.LockSupport.parkNanos(LockSupport.java:215)&#10;        at java.util.concurrent.SynchronousQueue$TransferStack.awaitFulfill(SynchronousQueue.java:460)&#10;        at java.util.concurrent.SynchronousQueue$TransferStack.transfer(SynchronousQueue.java:362)&#10;        at java.util.concurrent.SynchronousQueue.poll(SynchronousQueue.java:941)&#10;        at java.util.concurrent.ThreadPoolExecutor.getTask(ThreadPoolExecutor.java:1073)&#10;        at java.util.concurrent.ThreadPoolExecutor.runWorker(ThreadPoolExecutor.java:1134)&#10;        at java.util.concurrent.ThreadPoolExecutor$Worker.run(ThreadPoolExecutor.java:624)&#10;        at java.lang.Thread.run(Thread.java:748)&#10;&quot;grpc-default-executor-2&quot; daemon prio=5 tid=775 timed_waiting&#10;java.lang.Thread.State: TIMED_WAITING&#10;        at sun.misc.Unsafe.park(Native Method)&#10;        at java.util.concurrent.locks.LockSupport.parkNanos(LockSupport.java:215)&#10;        at java.util.concurrent.SynchronousQueue$TransferStack.awaitFulfill(SynchronousQueue.java:460)&#10;        at java.util.concurrent.SynchronousQueue$TransferStack.transfer(SynchronousQueue.java:362)&#10;        at java.util.concurrent.SynchronousQueue.poll(SynchronousQueue.java:941)&#10;        at java.util.concurrent.ThreadPoolExecutor.getTask(ThreadPoolExecutor.java:1073)&#10;        at java.util.concurrent.ThreadPoolExecutor.runWorker(ThreadPoolExecutor.java:1134)&#10;        at java.util.concurrent.ThreadPoolExecutor$Worker.run(ThreadPoolExecutor.java:624)&#10;        at java.lang.Thread.run(Thread.java:748)&#10;&quot;pool-27-thread-1&quot;  prio=5 tid=702 in Object.wait()&#10;java.lang.Thread.State: WAITING (on object monitor)&#10;        at sun.misc.Unsafe.park(Native Method)&#10;        at java.util.concurrent.locks.LockSupport.park(LockSupport.java:175)&#10;        at java.util.concurrent.locks.AbstractQueuedSynchronizer$ConditionObject.await(AbstractQueuedSynchronizer.java:2039)&#10;        at java.util.concurrent.LinkedBlockingQueue.take(LinkedBlockingQueue.java:442)&#10;        at java.util.concurrent.ThreadPoolExecutor.getTask(ThreadPoolExecutor.java:1074)&#10;        at java.util.concurrent.ThreadPoolExecutor.runWorker(ThreadPoolExecutor.java:1134)&#10;        at java.util.concurrent.ThreadPoolExecutor$Worker.run(ThreadPoolExecutor.java:624)&#10;        at java.lang.Thread.run(Thread.java:748)&#10;&quot;pool-46-thread-2&quot;  prio=5 tid=436 in Object.wait()&#10;java.lang.Thread.State: WAITING (on object monitor)&#10;        at sun.misc.Unsafe.park(Native Method)&#10;        at java.util.concurrent.locks.LockSupport.park(LockSupport.java:175)&#10;        at java.util.concurrent.locks.AbstractQueuedSynchronizer$ConditionObject.await(AbstractQueuedSynchronizer.java:2039)&#10;        at java.util.concurrent.ArrayBlockingQueue.take(ArrayBlockingQueue.java:403)&#10;        at java.util.concurrent.ThreadPoolExecutor.getTask(ThreadPoolExecutor.java:1074)&#10;        at java.util.concurrent.ThreadPoolExecutor.runWorker(ThreadPoolExecutor.java:1134)&#10;        at java.util.concurrent.ThreadPoolExecutor$Worker.run(ThreadPoolExecutor.java:624)&#10;        at java.lang.Thread.run(Thread.java:748)&#10;&quot;pool-36-thread-49&quot;  prio=5 tid=411 in Object.wait()&#10;java.lang.Thread.State: WAITING (on object monitor)&#10;        at sun.misc.Unsafe.park(Native Method)&#10;        at java.util.concurrent.locks.LockSupport.park(LockSupport.java:175)&#10;        at java.util.concurrent.locks.AbstractQueuedSynchronizer$ConditionObject.await(AbstractQueuedSynchronizer.java:2039)&#10;        at java.util.concurrent.ArrayBlockingQueue.take(ArrayBlockingQueue.java:403)&#10;        at java.util.concurrent.ThreadPoolExecutor.getTask(ThreadPoolExecutor.java:1074)&#10;        at java.util.concurrent.ThreadPoolExecutor.runWorker(ThreadPoolExecutor.java:1134)&#10;        at java.util.concurrent.ThreadPoolExecutor$Worker.run(ThreadPoolExecutor.java:624)&#10;        at java.lang.Thread.run(Thread.java:748)&#10;&quot;Signal Dispatcher&quot; daemon prio=9 tid=4 runnable&#10;java.lang.Thread.State: RUNNABLE&#10;&quot;pool-26-thread-35&quot;  prio=5 tid=383 in Object.wait()&#10;java.lang.Thread.State: WAITING (on object monitor)&#10;        at sun.misc.Unsafe.park(Native Method)&#10;        at java.util.concurrent.locks.LockSupport.park(LockSupport.java:175)&#10;        at java.util.concurrent.locks.AbstractQueuedSynchronizer$ConditionObject.await(AbstractQueuedSynchronizer.java:2039)&#10;        at java.util.concurrent.ArrayBlockingQueue.take(ArrayBlockingQueue.java:403)&#10;        at java.util.concurrent.ThreadPoolExecutor.getTask(ThreadPoolExecutor.java:1074)&#10;        at java.util.concurrent.ThreadPoolExecutor.runWorker(ThreadPoolExecutor.java:1134)&#10;        at java.util.concurrent.ThreadPoolExecutor$Worker.run(ThreadPoolExecutor.java:624)&#10;        at java.lang.Thread.run(Thread.java:748)&#10;&quot;IPC Server handler 15 on 33888&quot; daemon prio=5 tid=45 timed_waiting&#10;java.lang.Thread.State: TIMED_WAITING&#10;        at sun.misc.Unsafe.park(Native Method)&#10;        at java.util.concurrent.locks.LockSupport.parkNanos(LockSupport.java:215)&#10;        at java.util.concurrent.locks.AbstractQueuedSynchronizer$ConditionObject.awaitNanos(AbstractQueuedSynchronizer.java:2078)&#10;        at java.util.concurrent.LinkedBlockingQueue.poll(LinkedBlockingQueue.java:467)&#10;        at org.apache.hadoop.ipc.CallQueueManager.take(CallQueueManager.java:288)&#10;        at org.apache.hadoop.ipc.Server$Handler.run(Server.java:2668)&#10;&quot;pool-76-thread-55&quot;  prio=5 tid=680 in Object.wait()&#10;java.lang.Thread.State: WAITING (on object monitor)&#10;        at sun.misc.Unsafe.park(Native Method)&#10;        at java.util.concurrent.locks.LockSupport.park(LockSupport.java:175)&#10;        at java.util.concurrent.locks.AbstractQueuedSynchronizer$ConditionObject.await(AbstractQueuedSynchronizer.java:2039)&#10;        at java.util.concurrent.ArrayBlockingQueue.take(ArrayBlockingQueue.java:403)&#10;        at java.util.concurrent.ThreadPoolExecutor.getTask(ThreadPoolExecutor.java:1074)&#10;        at java.util.concurrent.ThreadPoolExecutor.runWorker(ThreadPoolExecutor.java:1134)&#10;        at java.util.concurrent.ThreadPoolExecutor$Worker.run(ThreadPoolExecutor.java:624)&#10;        at java.lang.Thread.run(Thread.java:748)&#10;&quot;IPC Server handler 18 on 41091&quot; daemon prio=5 tid=134 timed_waiting&#10;java.lang.Thread.State: TIMED_WAITING&#10;        at sun.misc.Unsafe.park(Native Method)&#10;        at java.util.concurrent.locks.LockSupport.parkNanos(LockSupport.java:215)&#10;        at java.util.concurrent.locks.AbstractQueuedSynchronizer$ConditionObject.awaitNanos(AbstractQueuedSynchronizer.java:2078)&#10;        at java.util.concurrent.LinkedBlockingQueue.poll(LinkedBlockingQueue.java:467)&#10;        at org.apache.hadoop.ipc.CallQueueManager.take(CallQueueManager.java:288)&#10;        at org.apache.hadoop.ipc.Server$Handler.run(Server.java:2668)&#10;&quot;grpc-default-worker-ELG-3-1&quot; daemon prio=5 tid=697 runnable&#10;java.lang.Thread.State: RUNNABLE&#10;        at sun.nio.ch.EPollArrayWrapper.epollWait(Native Method)&#10;        at sun.nio.ch.EPollArrayWrapper.poll(EPollArrayWrapper.java:269)&#10;        at sun.nio.ch.EPollSelectorImpl.doSelect(EPollSelectorImpl.java:93)&#10;        at sun.nio.ch.SelectorImpl.lockAndDoSelect(SelectorImpl.java:86)&#10;        at sun.nio.ch.SelectorImpl.select(SelectorImpl.java:97)&#10;        at org.apache.ratis.thirdparty.io.netty.channel.nio.SelectedSelectionKeySetSelector.select(SelectedSelectionKeySetSelector.java:62)&#10;        at org.apache.ratis.thirdparty.io.netty.channel.nio.NioEventLoop.select(NioEventLoop.java:753)&#10;        at org.apache.ratis.thirdparty.io.netty.channel.nio.NioEventLoop.run(NioEventLoop.java:408)&#10;        at org.apache.ratis.thirdparty.io.netty.util.concurrent.SingleThreadEventExecutor$5.run(SingleThreadEventExecutor.java:897)&#10;        at org.apache.ratis.thirdparty.io.netty.util.concurrent.FastThreadLocalRunnable.run(FastThreadLocalRunnable.java:30)&#10;        at java.lang.Thread.run(Thread.java:748)&#10;&quot;pool-66-thread-29&quot;  prio=5 tid=592 in Object.wait()&#10;java.lang.Thread.State: WAITING (on object monitor)&#10;        at sun.misc.Unsafe.park(Native Method)&#10;        at java.util.concurrent.locks.LockSupport.park(LockSupport.java:175)&#10;        at java.util.concurrent.locks.AbstractQueuedSynchronizer$ConditionObject.await(AbstractQueuedSynchronizer.java:2039)&#10;        at java.util.concurrent.ArrayBlockingQueue.take(ArrayBlockingQueue.java:403)&#10;        at java.util.concurrent.ThreadPoolExecutor.getTask(ThreadPoolExecutor.java:1074)&#10;        at java.util.concurrent.ThreadPoolExecutor.runWorker(ThreadPoolExecutor.java:1134)&#10;        at java.util.concurrent.ThreadPoolExecutor$Worker.run(ThreadPoolExecutor.java:624)&#10;        at java.lang.Thread.run(Thread.java:748)&#10;&quot;pool-66-thread-49&quot;  prio=5 tid=612 in Object.wait()&#10;java.lang.Thread.State: WAITING (on object monitor)&#10;        at sun.misc.Unsafe.park(Native Method)&#10;        at java.util.concurrent.locks.LockSupport.park(LockSupport.java:175)&#10;        at java.util.concurrent.locks.AbstractQueuedSynchronizer$ConditionObject.await(AbstractQueuedSynchronizer.java:2039)&#10;        at java.util.concurrent.ArrayBlockingQueue.take(ArrayBlockingQueue.java:403)&#10;        at java.util.concurrent.ThreadPoolExecutor.getTask(ThreadPoolExecutor.java:1074)&#10;        at java.util.concurrent.ThreadPoolExecutor.runWorker(ThreadPoolExecutor.java:1134)&#10;        at java.util.concurrent.ThreadPoolExecutor$Worker.run(ThreadPoolExecutor.java:624)&#10;        at java.lang.Thread.run(Thread.java:748)&#10;&quot;metrics-hadoop-metrics2-reporter-2-thread-1&quot; daemon prio=5 tid=706 timed_waiting&#10;java.lang.Thread.State: TIMED_WAITING&#10;        at sun.misc.Unsafe.park(Native Method)&#10;        at java.util.concurrent.locks.LockSupport.parkNanos(LockSupport.java:215)&#10;        at java.util.concurrent.locks.AbstractQueuedSynchronizer$ConditionObject.awaitNanos(AbstractQueuedSynchronizer.java:2078)&#10;        at java.util.concurrent.ScheduledThreadPoolExecutor$DelayedWorkQueue.take(ScheduledThreadPoolExecutor.java:1093)&#10;        at java.util.concurrent.ScheduledThreadPoolExecutor$DelayedWorkQueue.take(ScheduledThreadPoolExecutor.java:809)&#10;        at java.util.concurrent.ThreadPoolExecutor.getTask(ThreadPoolExecutor.java:1074)&#10;        at java.util.concurrent.ThreadPoolExecutor.runWorker(ThreadPoolExecutor.java:1134)&#10;        at java.util.concurrent.ThreadPoolExecutor$Worker.run(ThreadPoolExecutor.java:624)&#10;        at java.lang.Thread.run(Thread.java:748)&#10;&quot;Datanode ReportManager Thread - 2&quot; daemon prio=5 tid=309 in Object.wait()&#10;java.lang.Thread.State: WAITING (on object monitor)&#10;        at sun.misc.Unsafe.park(Native Method)&#10;        at java.util.concurrent.locks.LockSupport.park(LockSupport.java:175)&#10;        at java.util.concurrent.locks.AbstractQueuedSynchronizer$ConditionObject.await(AbstractQueuedSynchronizer.java:2039)&#10;        at java.util.concurrent.ScheduledThreadPoolExecutor$DelayedWorkQueue.take(ScheduledThreadPoolExecutor.java:1088)&#10;        at java.util.concurrent.ScheduledThreadPoolExecutor$DelayedWorkQueue.take(ScheduledThreadPoolExecutor.java:809)&#10;        at java.util.concurrent.ThreadPoolExecutor.getTask(ThreadPoolExecutor.java:1074)&#10;        at java.util.concurrent.ThreadPoolExecutor.runWorker(ThreadPoolExecutor.java:1134)&#10;        at java.util.concurrent.ThreadPoolExecutor$Worker.run(ThreadPoolExecutor.java:624)&#10;        at java.lang.Thread.run(Thread.java:748)&#10;&quot;pool-36-thread-7&quot;  prio=5 tid=330 in Object.wait()&#10;java.lang.Thread.State: WAITING (on object monitor)&#10;        at sun.misc.Unsafe.park(Native Method)&#10;        at java.util.concurrent.locks.LockSupport.park(LockSupport.java:175)&#10;        at java.util.concurrent.locks.AbstractQueuedSynchronizer$ConditionObject.await(AbstractQueuedSynchronizer.java:2039)&#10;        at java.util.concurrent.ArrayBlockingQueue.take(ArrayBlockingQueue.java:403)&#10;        at java.util.concurrent.ThreadPoolExecutor.getTask(ThreadPoolExecutor.java:1074)&#10;        at java.util.concurrent.ThreadPoolExecutor.runWorker(ThreadPoolExecutor.java:1134)&#10;        at java.util.concurrent.ThreadPoolExecutor$Worker.run(ThreadPoolExecutor.java:624)&#10;        at java.lang.Thread.run(Thread.java:748)&#10;&quot;metrics-hadoop-metrics2-reporter-55-thread-1&quot; daemon prio=5 tid=911 timed_waiting&#10;java.lang.Thread.State: TIMED_WAITING&#10;        at sun.misc.Unsafe.park(Native Method)&#10;        at java.util.concurrent.locks.LockSupport.parkNanos(LockSupport.java:215)&#10;        at java.util.concurrent.locks.AbstractQueuedSynchronizer$ConditionObject.awaitNanos(AbstractQueuedSynchronizer.java:2078)&#10;        at java.util.concurrent.ScheduledThreadPoolExecutor$DelayedWorkQueue.take(ScheduledThreadPoolExecutor.java:1093)&#10;        at java.util.concurrent.ScheduledThreadPoolExecutor$DelayedWorkQueue.take(ScheduledThreadPoolExecutor.java:809)&#10;        at java.util.concurrent.ThreadPoolExecutor.getTask(ThreadPoolExecutor.java:1074)&#10;        at java.util.concurrent.ThreadPoolExecutor.runWorker(ThreadPoolExecutor.java:1134)&#10;        at java.util.concurrent.ThreadPoolExecutor$Worker.run(ThreadPoolExecutor.java:624)&#10;        at java.lang.Thread.run(Thread.java:748)&#10;&quot;pool-36-thread-36&quot;  prio=5 tid=386 in Object.wait()&#10;java.lang.Thread.State: WAITING (on object monitor)&#10;        at sun.misc.Unsafe.park(Native Method)&#10;        at java.util.concurrent.locks.LockSupport.park(LockSupport.java:175)&#10;        at java.util.concurrent.locks.AbstractQueuedSynchronizer$ConditionObject.await(AbstractQueuedSynchronizer.java:2039)&#10;        at java.util.concurrent.ArrayBlockingQueue.take(ArrayBlockingQueue.java:403)&#10;        at java.util.concurrent.ThreadPoolExecutor.getTask(ThreadPoolExecutor.java:1074)&#10;        at java.util.concurrent.ThreadPoolExecutor.runWorker(ThreadPoolExecutor.java:1134)&#10;        at java.util.concurrent.ThreadPoolExecutor$Worker.run(ThreadPoolExecutor.java:624)&#10;        at java.lang.Thread.run(Thread.java:748)&#10;&quot;IPC Server handler 14 on 33888&quot; daemon prio=5 tid=44 timed_waiting&#10;java.lang.Thread.State: TIMED_WAITING&#10;        at sun.misc.Unsafe.park(Native Method)&#10;        at java.util.concurrent.locks.LockSupport.parkNanos(LockSupport.java:215)&#10;        at java.util.concurrent.locks.AbstractQueuedSynchronizer$ConditionObject.awaitNanos(AbstractQueuedSynchronizer.java:2078)&#10;        at java.util.concurrent.LinkedBlockingQueue.poll(LinkedBlockingQueue.java:467)&#10;        at org.apache.hadoop.ipc.CallQueueManager.take(CallQueueManager.java:288)&#10;        at org.apache.hadoop.ipc.Server$Handler.run(Server.java:2668)&#10;&quot;DataNode DiskChecker thread 0&quot; daemon prio=5 tid=291 timed_waiting&#10;java.lang.Thread.State: TIMED_WAITING&#10;        at sun.misc.Unsafe.park(Native Method)&#10;        at java.util.concurrent.locks.LockSupport.parkNanos(LockSupport.java:215)&#10;        at java.util.concurrent.SynchronousQueue$TransferStack.awaitFulfill(SynchronousQueue.java:460)&#10;        at java.util.concurrent.SynchronousQueue$TransferStack.transfer(SynchronousQueue.java:362)&#10;        at java.util.concurrent.SynchronousQueue.poll(SynchronousQueue.java:941)&#10;        at java.util.concurrent.ThreadPoolExecutor.getTask(ThreadPoolExecutor.java:1073)&#10;        at java.util.concurrent.ThreadPoolExecutor.runWorker(ThreadPoolExecutor.java:1134)&#10;        at java.util.concurrent.ThreadPoolExecutor$Worker.run(ThreadPoolExecutor.java:624)&#10;        at java.lang.Thread.run(Thread.java:748)&#10;&quot;pool-46-thread-7&quot;  prio=5 tid=441 in Object.wait()&#10;java.lang.Thread.State: WAITING (on object monitor)&#10;        at sun.misc.Unsafe.park(Native Method)&#10;        at java.util.concurrent.locks.LockSupport.park(LockSupport.java:175)&#10;        at java.util.concurrent.locks.AbstractQueuedSynchronizer$ConditionObject.await(AbstractQueuedSynchronizer.java:2039)&#10;        at java.util.concurrent.ArrayBlockingQueue.take(ArrayBlockingQueue.java:403)&#10;        at java.util.concurrent.ThreadPoolExecutor.getTask(ThreadPoolExecutor.java:1074)&#10;        at java.util.concurrent.ThreadPoolExecutor.runWorker(ThreadPoolExecutor.java:1134)&#10;        at java.util.concurrent.ThreadPoolExecutor$Worker.run(ThreadPoolExecutor.java:624)&#10;        at java.lang.Thread.run(Thread.java:748)&#10;&quot;metrics-hadoop-metrics2-reporter-4-thread-1&quot; daemon prio=5 tid=709 timed_waiting&#10;java.lang.Thread.State: TIMED_WAITING&#10;        at sun.misc.Unsafe.park(Native Method)&#10;        at java.util.concurrent.locks.LockSupport.parkNanos(LockSupport.java:215)&#10;        at java.util.concurrent.locks.AbstractQueuedSynchronizer$ConditionObject.awaitNanos(AbstractQueuedSynchronizer.java:2078)&#10;        at java.util.concurrent.ScheduledThreadPoolExecutor$DelayedWorkQueue.take(ScheduledThreadPoolExecutor.java:1093)&#10;        at java.util.concurrent.ScheduledThreadPoolExecutor$DelayedWorkQueue.take(ScheduledThreadPoolExecutor.java:809)&#10;        at java.util.concurrent.ThreadPoolExecutor.getTask(ThreadPoolExecutor.java:1074)&#10;        at java.util.concurrent.ThreadPoolExecutor.runWorker(ThreadPoolExecutor.java:1134)&#10;        at java.util.concurrent.ThreadPoolExecutor$Worker.run(ThreadPoolExecutor.java:624)&#10;        at java.lang.Thread.run(Thread.java:748)&#10;&quot;pool-76-thread-42&quot;  prio=5 tid=667 in Object.wait()&#10;java.lang.Thread.State: WAITING (on object monitor)&#10;        at sun.misc.Unsafe.park(Native Method)&#10;        at java.util.concurrent.locks.LockSupport.park(LockSupport.java:175)&#10;        at java.util.concurrent.locks.AbstractQueuedSynchronizer$ConditionObject.await(AbstractQueuedSynchronizer.java:2039)&#10;        at java.util.concurrent.ArrayBlockingQueue.take(ArrayBlockingQueue.java:403)&#10;        at java.util.concurrent.ThreadPoolExecutor.getTask(ThreadPoolExecutor.java:1074)&#10;        at java.util.concurrent.ThreadPoolExecutor.runWorker(ThreadPoolExecutor.java:1134)&#10;        at java.util.concurrent.ThreadPoolExecutor$Worker.run(ThreadPoolExecutor.java:624)&#10;        at java.lang.Thread.run(Thread.java:748)&#10;&quot;grpc-default-executor-0&quot; daemon prio=5 tid=698 runnable&#10;java.lang.Thread.State: RUNNABLE&#10;        at sun.misc.Unsafe.park(Native Method)&#10;        at java.util.concurrent.locks.LockSupport.parkNanos(LockSupport.java:215)&#10;        at java.util.concurrent.SynchronousQueue$TransferStack.awaitFulfill(SynchronousQueue.java:460)&#10;        at java.util.concurrent.SynchronousQueue$TransferStack.transfer(SynchronousQueue.java:362)&#10;        at java.util.concurrent.SynchronousQueue.poll(SynchronousQueue.java:941)&#10;        at java.util.concurrent.ThreadPoolExecutor.getTask(ThreadPoolExecutor.java:1073)&#10;        at java.util.concurrent.ThreadPoolExecutor.runWorker(ThreadPoolExecutor.java:1134)&#10;        at java.util.concurrent.ThreadPoolExecutor$Worker.run(ThreadPoolExecutor.java:624)&#10;        at java.lang.Thread.run(Thread.java:748)&#10;&quot;org.eclipse.jetty.server.session.HashSessionManager@107290eaTimer&quot; daemon prio=5 tid=195 timed_waiting&#10;java.lang.Thread.State: TIMED_WAITING&#10;        at sun.misc.Unsafe.park(Native Method)&#10;        at java.util.concurrent.locks.LockSupport.parkNanos(LockSupport.java:215)&#10;        at java.util.concurrent.locks.AbstractQueuedSynchronizer$ConditionObject.awaitNanos(AbstractQueuedSynchronizer.java:2078)&#10;        at java.util.concurrent.ScheduledThreadPoolExecutor$DelayedWorkQueue.take(ScheduledThreadPoolExecutor.java:1093)&#10;        at java.util.concurrent.ScheduledThreadPoolExecutor$DelayedWorkQueue.take(ScheduledThreadPoolExecutor.java:809)&#10;        at java.util.concurrent.ThreadPoolExecutor.getTask(ThreadPoolExecutor.java:1074)&#10;        at java.util.concurrent.ThreadPoolExecutor.runWorker(ThreadPoolExecutor.java:1134)&#10;        at java.util.concurrent.ThreadPoolExecutor$Worker.run(ThreadPoolExecutor.java:624)&#10;        at java.lang.Thread.run(Thread.java:748)&#10;&quot;BlockDeletingService#1&quot; daemon prio=5 tid=540 in Object.wait()&#10;java.lang.Thread.State: WAITING (on object monitor)&#10;        at sun.misc.Unsafe.park(Native Method)&#10;        at java.util.concurrent.locks.LockSupport.park(LockSupport.java:175)&#10;        at java.util.concurrent.locks.AbstractQueuedSynchronizer$ConditionObject.await(AbstractQueuedSynchronizer.java:2039)&#10;        at java.util.concurrent.ScheduledThreadPoolExecutor$DelayedWorkQueue.take(ScheduledThreadPoolExecutor.java:1088)&#10;        at java.util.concurrent.ScheduledThreadPoolExecutor$DelayedWorkQueue.take(ScheduledThreadPoolExecutor.java:809)&#10;        at java.util.concurrent.ThreadPoolExecutor.getTask(ThreadPoolExecutor.java:1074)&#10;        at java.util.concurrent.ThreadPoolExecutor.runWorker(ThreadPoolExecutor.java:1134)&#10;        at java.util.concurrent.ThreadPoolExecutor$Worker.run(ThreadPoolExecutor.java:624)&#10;        at java.lang.Thread.run(Thread.java:748)&#10;&quot;java.util.concurrent.ThreadPoolExecutor$Worker@46c31dc1[State = -1, empty queue]&quot; daemon prio=5 tid=1035 timed_waiting&#10;java.lang.Thread.State: TIMED_WAITING&#10;        at sun.misc.Unsafe.park(Native Method)&#10;        at java.util.concurrent.locks.LockSupport.parkNanos(LockSupport.java:215)&#10;        at java.util.concurrent.locks.AbstractQueuedSynchronizer$ConditionObject.awaitNanos(AbstractQueuedSynchronizer.java:2078)&#10;        at java.util.concurrent.ScheduledThreadPoolExecutor$DelayedWorkQueue.take(ScheduledThreadPoolExecutor.java:1093)&#10;        at java.util.concurrent.ScheduledThreadPoolExecutor$DelayedWorkQueue.take(ScheduledThreadPoolExecutor.java:809)&#10;        at java.util.concurrent.ThreadPoolExecutor.getTask(ThreadPoolExecutor.java:1074)&#10;        at java.util.concurrent.ThreadPoolExecutor.runWorker(ThreadPoolExecutor.java:1134)&#10;        at java.util.concurrent.ThreadPoolExecutor$Worker.run(ThreadPoolExecutor.java:624)&#10;        at java.lang.Thread.run(Thread.java:748)&#10;&quot;pool-66-thread-53&quot;  prio=5 tid=616 in Object.wait()&#10;java.lang.Thread.State: WAITING (on object monitor)&#10;        at sun.misc.Unsafe.park(Native Method)&#10;        at java.util.concurrent.locks.LockSupport.park(LockSupport.java:175)&#10;        at java.util.concurrent.locks.AbstractQueuedSynchronizer$ConditionObject.await(AbstractQueuedSynchronizer.java:2039)&#10;        at java.util.concurrent.ArrayBlockingQueue.take(ArrayBlockingQueue.java:403)&#10;        at java.util.concurrent.ThreadPoolExecutor.getTask(ThreadPoolExecutor.java:1074)&#10;        at java.util.concurrent.ThreadPoolExecutor.runWorker(ThreadPoolExecutor.java:1134)&#10;        at java.util.concurrent.ThreadPoolExecutor$Worker.run(ThreadPoolExecutor.java:624)&#10;        at java.lang.Thread.run(Thread.java:748)&#10;&quot;pool-76-thread-3&quot;  prio=5 tid=628 in Object.wait()&#10;java.lang.Thread.State: WAITING (on object monitor)&#10;        at sun.misc.Unsafe.park(Native Method)&#10;        at java.util.concurrent.locks.LockSupport.park(LockSupport.java:175)&#10;        at java.util.concurrent.locks.AbstractQueuedSynchronizer$ConditionObject.await(AbstractQueuedSynchronizer.java:2039)&#10;        at java.util.concurrent.ArrayBlockingQueue.take(ArrayBlockingQueue.java:403)&#10;        at java.util.concurrent.ThreadPoolExecutor.getTask(ThreadPoolExecutor.java:1074)&#10;        at java.util.concurrent.ThreadPoolExecutor.runWorker(ThreadPoolExecutor.java:1134)&#10;        at java.util.concurrent.ThreadPoolExecutor$Worker.run(ThreadPoolExecutor.java:624)&#10;        at java.lang.Thread.run(Thread.java:748)&#10;&quot;pool-67-thread-1&quot;  prio=5 tid=746 in Object.wait()&#10;java.lang.Thread.State: WAITING (on object monitor)&#10;        at sun.misc.Unsafe.park(Native Method)&#10;        at java.util.concurrent.locks.LockSupport.park(LockSupport.java:175)&#10;        at java.util.concurrent.locks.AbstractQueuedSynchronizer$ConditionObject.await(AbstractQueuedSynchronizer.java:2039)&#10;        at java.util.concurrent.LinkedBlockingQueue.take(LinkedBlockingQueue.java:442)&#10;        at java.util.concurrent.ThreadPoolExecutor.getTask(ThreadPoolExecutor.java:1074)&#10;        at java.util.concurrent.ThreadPoolExecutor.runWorker(ThreadPoolExecutor.java:1134)&#10;        at java.util.concurrent.ThreadPoolExecutor$Worker.run(ThreadPoolExecutor.java:624)&#10;        at java.lang.Thread.run(Thread.java:748)&#10;&quot;pool-56-thread-36&quot;  prio=5 tid=534 in Object.wait()&#10;java.lang.Thread.State: WAITING (on object monitor)&#10;        at sun.misc.Unsafe.park(Native Method)&#10;        at java.util.concurrent.locks.LockSupport.park(LockSupport.java:175)&#10;        at java.util.concurrent.locks.AbstractQueuedSynchronizer$ConditionObject.await(AbstractQueuedSynchronizer.java:2039)&#10;        at java.util.concurrent.ArrayBlockingQueue.take(ArrayBlockingQueue.java:403)&#10;        at java.util.concurrent.ThreadPoolExecutor.getTask(ThreadPoolExecutor.java:1074)&#10;        at java.util.concurrent.ThreadPoolExecutor.runWorker(ThreadPoolExecutor.java:1134)&#10;        at java.util.concurrent.ThreadPoolExecutor$Worker.run(ThreadPoolExecutor.java:624)&#10;        at java.lang.Thread.run(Thread.java:748)&#10;&quot;IPC Server handler 5 on 33888&quot; daemon prio=5 tid=35 timed_waiting&#10;java.lang.Thread.State: TIMED_WAITING&#10;        at sun.misc.Unsafe.park(Native Method)&#10;        at java.util.concurrent.locks.LockSupport.parkNanos(LockSupport.java:215)&#10;        at java.util.concurrent.locks.AbstractQueuedSynchronizer$ConditionObject.awaitNanos(AbstractQueuedSynchronizer.java:2078)&#10;        at java.util.concurrent.LinkedBlockingQueue.poll(LinkedBlockingQueue.java:467)&#10;        at org.apache.hadoop.ipc.CallQueueManager.take(CallQueueManager.java:288)&#10;        at org.apache.hadoop.ipc.Server$Handler.run(Server.java:2668)&#10;&quot;pool-46-thread-21&quot;  prio=5 tid=455 in Object.wait()&#10;java.lang.Thread.State: WAITING (on object monitor)&#10;        at sun.misc.Unsafe.park(Native Method)&#10;        at java.util.concurrent.locks.LockSupport.park(LockSupport.java:175)&#10;        at java.util.concurrent.locks.AbstractQueuedSynchronizer$ConditionObject.await(AbstractQueuedSynchronizer.java:2039)&#10;        at java.util.concurrent.ArrayBlockingQueue.take(ArrayBlockingQueue.java:403)&#10;        at java.util.concurrent.ThreadPoolExecutor.getTask(ThreadPoolExecutor.java:1074)&#10;        at java.util.concurrent.ThreadPoolExecutor.runWorker(ThreadPoolExecutor.java:1134)&#10;        at java.util.concurrent.ThreadPoolExecutor$Worker.run(ThreadPoolExecutor.java:624)&#10;        at java.lang.Thread.run(Thread.java:748)&#10;&quot;pool-76-thread-10&quot;  prio=5 tid=635 in Object.wait()&#10;java.lang.Thread.State: WAITING (on object monitor)&#10;        at sun.misc.Unsafe.park(Native Method)&#10;        at java.util.concurrent.locks.LockSupport.park(LockSupport.java:175)&#10;        at java.util.concurrent.locks.AbstractQueuedSynchronizer$ConditionObject.await(AbstractQueuedSynchronizer.java:2039)&#10;        at java.util.concurrent.ArrayBlockingQueue.take(ArrayBlockingQueue.java:403)&#10;        at java.util.concurrent.ThreadPoolExecutor.getTask(ThreadPoolExecutor.java:1074)&#10;        at java.util.concurrent.ThreadPoolExecutor.runWorker(ThreadPoolExecutor.java:1134)&#10;        at java.util.concurrent.ThreadPoolExecutor$Worker.run(ThreadPoolExecutor.java:624)&#10;        at java.lang.Thread.run(Thread.java:748)&#10;&quot;IPC Server handler 10 on 35347&quot; daemon prio=5 tid=80 timed_waiting&#10;java.lang.Thread.State: TIMED_WAITING&#10;        at sun.misc.Unsafe.park(Native Method)&#10;        at java.util.concurrent.locks.LockSupport.parkNanos(LockSupport.java:215)&#10;        at java.util.concurrent.locks.AbstractQueuedSynchronizer$ConditionObject.awaitNanos(AbstractQueuedSynchronizer.java:2078)&#10;        at java.util.concurrent.LinkedBlockingQueue.poll(LinkedBlockingQueue.java:467)&#10;        at org.apache.hadoop.ipc.CallQueueManager.take(CallQueueManager.java:288)&#10;        at org.apache.hadoop.ipc.Server$Handler.run(Server.java:2668)&#10;&quot;pool-66-thread-45&quot;  prio=5 tid=608 in Object.wait()&#10;java.lang.Thread.State: WAITING (on object monitor)&#10;        at sun.misc.Unsafe.park(Native Method)&#10;        at java.util.concurrent.locks.LockSupport.park(LockSupport.java:175)&#10;        at java.util.concurrent.locks.AbstractQueuedSynchronizer$ConditionObject.await(AbstractQueuedSynchronizer.java:2039)&#10;        at java.util.concurrent.ArrayBlockingQueue.take(ArrayBlockingQueue.java:403)&#10;        at java.util.concurrent.ThreadPoolExecutor.getTask(ThreadPoolExecutor.java:1074)&#10;        at java.util.concurrent.ThreadPoolExecutor.runWorker(ThreadPoolExecutor.java:1134)&#10;        at java.util.concurrent.ThreadPoolExecutor$Worker.run(ThreadPoolExecutor.java:624)&#10;        at java.lang.Thread.run(Thread.java:748)&#10;&quot;IPC Server handler 11 on 33888&quot; daemon prio=5 tid=41 timed_waiting&#10;java.lang.Thread.State: TIMED_WAITING&#10;        at sun.misc.Unsafe.park(Native Method)&#10;        at java.util.concurrent.locks.LockSupport.parkNanos(LockSupport.java:215)&#10;        at java.util.concurrent.locks.AbstractQueuedSynchronizer$ConditionObject.awaitNanos(AbstractQueuedSynchronizer.java:2078)&#10;        at java.util.concurrent.LinkedBlockingQueue.poll(LinkedBlockingQueue.java:467)&#10;        at org.apache.hadoop.ipc.CallQueueManager.take(CallQueueManager.java:288)&#10;        at org.apache.hadoop.ipc.Server$Handler.run(Server.java:2668)&#10;&quot;pool-36-thread-39&quot;  prio=5 tid=392 in Object.wait()&#10;java.lang.Thread.State: WAITING (on object monitor)&#10;        at sun.misc.Unsafe.park(Native Method)&#10;        at java.util.concurrent.locks.LockSupport.park(LockSupport.java:175)&#10;        at java.util.concurrent.locks.AbstractQueuedSynchronizer$ConditionObject.await(AbstractQueuedSynchronizer.java:2039)&#10;        at java.util.concurrent.ArrayBlockingQueue.take(ArrayBlockingQueue.java:403)&#10;        at java.util.concurrent.ThreadPoolExecutor.getTask(ThreadPoolExecutor.java:1074)&#10;        at java.util.concurrent.ThreadPoolExecutor.runWorker(ThreadPoolExecutor.java:1134)&#10;        at java.util.concurrent.ThreadPoolExecutor$Worker.run(ThreadPoolExecutor.java:624)&#10;        at java.lang.Thread.run(Thread.java:748)&#10;&quot;a3fa570c-ae50-443c-8ab2-043428e82a24@group-99B5C90D06CE-StateMachineUpdater&quot; daemon prio=5 tid=728 in Object.wait()&#10;java.lang.Thread.State: WAITING (on object monitor)&#10;        at java.lang.Object.wait(Native Method)&#10;        at java.lang.Object.wait(Object.java:502)&#10;        at org.apache.ratis.server.impl.StateMachineUpdater.waitForCommit(StateMachineUpdater.java:194)&#10;        at org.apache.ratis.server.impl.StateMachineUpdater.run(StateMachineUpdater.java:159)&#10;        at java.lang.Thread.run(Thread.java:748)&#10;&quot;pool-80-thread-1&quot;  prio=5 tid=294 timed_waiting&#10;java.lang.Thread.State: TIMED_WAITING&#10;        at sun.misc.Unsafe.park(Native Method)&#10;        at java.util.concurrent.locks.LockSupport.parkNanos(LockSupport.java:215)&#10;        at java.util.concurrent.locks.AbstractQueuedSynchronizer$ConditionObject.awaitNanos(AbstractQueuedSynchronizer.java:2078)&#10;        at java.util.concurrent.ScheduledThreadPoolExecutor$DelayedWorkQueue.take(ScheduledThreadPoolExecutor.java:1093)&#10;        at java.util.concurrent.ScheduledThreadPoolExecutor$DelayedWorkQueue.take(ScheduledThreadPoolExecutor.java:809)&#10;        at java.util.concurrent.ThreadPoolExecutor.getTask(ThreadPoolExecutor.java:1074)&#10;        at java.util.concurrent.ThreadPoolExecutor.runWorker(ThreadPoolExecutor.java:1134)&#10;        at java.util.concurrent.ThreadPoolExecutor$Worker.run(ThreadPoolExecutor.java:624)&#10;        at java.lang.Thread.run(Thread.java:748)&#10;&quot;pool-26-thread-10&quot;  prio=5 tid=331 in Object.wait()&#10;java.lang.Thread.State: WAITING (on object monitor)&#10;        at sun.misc.Unsafe.park(Native Method)&#10;        at java.util.concurrent.locks.LockSupport.park(LockSupport.java:175)&#10;        at java.util.concurrent.locks.AbstractQueuedSynchronizer$ConditionObject.await(AbstractQueuedSynchronizer.java:2039)&#10;        at java.util.concurrent.ArrayBlockingQueue.take(ArrayBlockingQueue.java:403)&#10;        at java.util.concurrent.ThreadPoolExecutor.getTask(ThreadPoolExecutor.java:1074)&#10;        at java.util.concurrent.ThreadPoolExecutor.runWorker(ThreadPoolExecutor.java:1134)&#10;        at java.util.concurrent.ThreadPoolExecutor$Worker.run(ThreadPoolExecutor.java:624)&#10;        at java.lang.Thread.run(Thread.java:748)&#10;&quot;pool-66-thread-40&quot;  prio=5 tid=603 in Object.wait()&#10;java.lang.Thread.State: WAITING (on object monitor)&#10;        at sun.misc.Unsafe.park(Native Method)&#10;        at java.util.concurrent.locks.LockSupport.park(LockSupport.java:175)&#10;        at java.util.concurrent.locks.AbstractQueuedSynchronizer$ConditionObject.await(AbstractQueuedSynchronizer.java:2039)&#10;        at java.util.concurrent.ArrayBlockingQueue.take(ArrayBlockingQueue.java:403)&#10;        at java.util.concurrent.ThreadPoolExecutor.getTask(ThreadPoolExecutor.java:1074)&#10;        at java.util.concurrent.ThreadPoolExecutor.runWorker(ThreadPoolExecutor.java:1134)&#10;        at java.util.concurrent.ThreadPoolExecutor$Worker.run(ThreadPoolExecutor.java:624)&#10;        at java.lang.Thread.run(Thread.java:748)&#10;&quot;pool-76-thread-59&quot;  prio=5 tid=684 in Object.wait()&#10;java.lang.Thread.State: WAITING (on object monitor)&#10;        at sun.misc.Unsafe.park(Native Method)&#10;        at java.util.concurrent.locks.LockSupport.park(LockSupport.java:175)&#10;        at java.util.concurrent.locks.AbstractQueuedSynchronizer$ConditionObject.await(AbstractQueuedSynchronizer.java:2039)&#10;        at java.util.concurrent.ArrayBlockingQueue.take(ArrayBlockingQueue.java:403)&#10;        at java.util.concurrent.ThreadPoolExecutor.getTask(ThreadPoolExecutor.java:1074)&#10;        at java.util.concurrent.ThreadPoolExecutor.runWorker(ThreadPoolExecutor.java:1134)&#10;        at java.util.concurrent.ThreadPoolExecutor$Worker.run(ThreadPoolExecutor.java:624)&#10;        at java.lang.Thread.run(Thread.java:748)&#10;&quot;org.eclipse.jetty.server.session.HashSessionManager@33176b57Timer&quot; daemon prio=5 tid=277 timed_waiting&#10;java.lang.Thread.State: TIMED_WAITING&#10;        at sun.misc.Unsafe.park(Native Method)&#10;        at java.util.concurrent.locks.LockSupport.parkNanos(LockSupport.java:215)&#10;        at java.util.concurrent.locks.AbstractQueuedSynchronizer$ConditionObject.awaitNanos(AbstractQueuedSynchronizer.java:2078)&#10;        at java.util.concurrent.ScheduledThreadPoolExecutor$DelayedWorkQueue.take(ScheduledThreadPoolExecutor.java:1093)&#10;        at java.util.concurrent.ScheduledThreadPoolExecutor$DelayedWorkQueue.take(ScheduledThreadPoolExecutor.java:809)&#10;        at java.util.concurrent.ThreadPoolExecutor.getTask(ThreadPoolExecutor.java:1074)&#10;        at java.util.concurrent.ThreadPoolExecutor.runWorker(ThreadPoolExecutor.java:1134)&#10;        at java.util.concurrent.ThreadPoolExecutor$Worker.run(ThreadPoolExecutor.java:624)&#10;        at java.lang.Thread.run(Thread.java:748)&#10;&quot;qtp441384075-137&quot; daemon prio=5 tid=137 runnable&#10;java.lang.Thread.State: RUNNABLE&#10;        at sun.nio.ch.EPollArrayWrapper.epollWait(Native Method)&#10;        at sun.nio.ch.EPollArrayWrapper.poll(EPollArrayWrapper.java:269)&#10;        at sun.nio.ch.EPollSelectorImpl.doSelect(EPollSelectorImpl.java:93)&#10;        at sun.nio.ch.SelectorImpl.lockAndDoSelect(SelectorImpl.java:86)&#10;        at sun.nio.ch.SelectorImpl.select(SelectorImpl.java:97)&#10;        at sun.nio.ch.SelectorImpl.select(SelectorImpl.java:101)&#10;        at org.eclipse.jetty.io.ManagedSelector$SelectorProducer.select(ManagedSelector.java:243)&#10;        at org.eclipse.jetty.io.ManagedSelector$SelectorProducer.produce(ManagedSelector.java:191)&#10;        at org.eclipse.jetty.util.thread.strategy.ExecuteProduceConsume.executeProduceConsume(ExecuteProduceConsume.java:249)&#10;        at org.eclipse.jetty.util.thread.strategy.ExecuteProduceConsume.produceConsume(ExecuteProduceConsume.java:148)&#10;        at org.eclipse.jetty.util.thread.strategy.ExecuteProduceConsume.execute(ExecuteProduceConsume.java:100)&#10;        at org.eclipse.jetty.io.ManagedSelector.run(ManagedSelector.java:147)&#10;        at org.eclipse.jetty.util.thread.QueuedThreadPool.runJob(QueuedThreadPool.java:671)&#10;        at org.eclipse.jetty.util.thread.QueuedThreadPool$2.run(QueuedThreadPool.java:589)&#10;        at java.lang.Thread.run(Thread.java:748)&#10;&quot;a3fa570c-ae50-443c-8ab2-043428e82a24@group-99B5C90D06CE-SegmentedRaftLogWorker&quot;  prio=5 tid=727 timed_waiting&#10;java.lang.Thread.State: TIMED_WAITING&#10;        at sun.misc.Unsafe.park(Native Method)&#10;        at java.util.concurrent.locks.LockSupport.parkNanos(LockSupport.java:215)&#10;        at java.util.concurrent.locks.AbstractQueuedSynchronizer$ConditionObject.awaitNanos(AbstractQueuedSynchronizer.java:2078)&#10;        at org.apache.ratis.util.DataBlockingQueue.poll(DataBlockingQueue.java:137)&#10;        at org.apache.ratis.server.raftlog.segmented.SegmentedRaftLogWorker.run(SegmentedRaftLogWorker.java:282)&#10;        at java.lang.Thread.run(Thread.java:748)&#10;&quot;pool-56-thread-17&quot;  prio=5 tid=515 in Object.wait()&#10;java.lang.Thread.State: WAITING (on object monitor)&#10;        at sun.misc.Unsafe.park(Native Method)&#10;        at java.util.concurrent.locks.LockSupport.park(LockSupport.java:175)&#10;        at java.util.concurrent.locks.AbstractQueuedSynchronizer$ConditionObject.await(AbstractQueuedSynchronizer.java:2039)&#10;        at java.util.concurrent.ArrayBlockingQueue.take(ArrayBlockingQueue.java:403)&#10;        at java.util.concurrent.ThreadPoolExecutor.getTask(ThreadPoolExecutor.java:1074)&#10;        at java.util.concurrent.ThreadPoolExecutor.runWorker(ThreadPoolExecutor.java:1134)&#10;        at java.util.concurrent.ThreadPoolExecutor$Worker.run(ThreadPoolExecutor.java:624)&#10;        at java.lang.Thread.run(Thread.java:748)&#10;&quot;pool-21-thread-1&quot;  prio=5 tid=136 timed_waiting&#10;java.lang.Thread.State: TIMED_WAITING&#10;        at sun.misc.Unsafe.park(Native Method)&#10;        at java.util.concurrent.locks.LockSupport.parkNanos(LockSupport.java:215)&#10;        at java.util.concurrent.locks.AbstractQueuedSynchronizer$ConditionObject.awaitNanos(AbstractQueuedSynchronizer.java:2078)&#10;        at java.util.concurrent.ScheduledThreadPoolExecutor$DelayedWorkQueue.take(ScheduledThreadPoolExecutor.java:1093)&#10;        at java.util.concurrent.ScheduledThreadPoolExecutor$DelayedWorkQueue.take(ScheduledThreadPoolExecutor.java:809)&#10;        at java.util.concurrent.ThreadPoolExecutor.getTask(ThreadPoolExecutor.java:1074)&#10;        at java.util.concurrent.ThreadPoolExecutor.runWorker(ThreadPoolExecutor.java:1134)&#10;        at java.util.concurrent.ThreadPoolExecutor$Worker.run(ThreadPoolExecutor.java:624)&#10;        at java.lang.Thread.run(Thread.java:748)&#10;&quot;Datanode ReportManager Thread - 0&quot; daemon prio=5 tid=226 in Object.wait()&#10;java.lang.Thread.State: WAITING (on object monitor)&#10;        at sun.misc.Unsafe.park(Native Method)&#10;        at java.util.concurrent.locks.LockSupport.park(LockSupport.java:175)&#10;        at java.util.concurrent.locks.AbstractQueuedSynchronizer$ConditionObject.await(AbstractQueuedSynchronizer.java:2039)&#10;        at java.util.concurrent.ScheduledThreadPoolExecutor$DelayedWorkQueue.take(ScheduledThreadPoolExecutor.java:1088)&#10;        at java.util.concurrent.ScheduledThreadPoolExecutor$DelayedWorkQueue.take(ScheduledThreadPoolExecutor.java:809)&#10;        at java.util.concurrent.ThreadPoolExecutor.getTask(ThreadPoolExecutor.java:1074)&#10;        at java.util.concurrent.ThreadPoolExecutor.runWorker(ThreadPoolExecutor.java:1134)&#10;        at java.util.concurrent.ThreadPoolExecutor$Worker.run(ThreadPoolExecutor.java:624)&#10;        at java.lang.Thread.run(Thread.java:748)&#10;&quot;IPC Server handler 13 on 33440&quot; daemon prio=5 tid=63 timed_waiting&#10;java.lang.Thread.State: TIMED_WAITING&#10;        at sun.misc.Unsafe.park(Native Method)&#10;        at java.util.concurrent.locks.LockSupport.parkNanos(LockSupport.java:215)&#10;        at java.util.concurrent.locks.AbstractQueuedSynchronizer$ConditionObject.awaitNanos(AbstractQueuedSynchronizer.java:2078)&#10;        at java.util.concurrent.LinkedBlockingQueue.poll(LinkedBlockingQueue.java:467)&#10;        at org.apache.hadoop.ipc.CallQueueManager.take(CallQueueManager.java:288)&#10;        at org.apache.hadoop.ipc.Server$Handler.run(Server.java:2668)&#10;&quot;pool-56-thread-53&quot;  prio=5 tid=554 in Object.wait()&#10;java.lang.Thread.State: WAITING (on object monitor)&#10;        at sun.misc.Unsafe.park(Native Method)&#10;        at java.util.concurrent.locks.LockSupport.park(LockSupport.java:175)&#10;        at java.util.concurrent.locks.AbstractQueuedSynchronizer$ConditionObject.await(AbstractQueuedSynchronizer.java:2039)&#10;        at java.util.concurrent.ArrayBlockingQueue.take(ArrayBlockingQueue.java:403)&#10;        at java.util.concurrent.ThreadPoolExecutor.getTask(ThreadPoolExecutor.java:1074)&#10;        at java.util.concurrent.ThreadPoolExecutor.runWorker(ThreadPoolExecutor.java:1134)&#10;        at java.util.concurrent.ThreadPoolExecutor$Worker.run(ThreadPoolExecutor.java:624)&#10;        at java.lang.Thread.run(Thread.java:748)&#10;&quot;org.eclipse.jetty.server.session.HashSessionManager@42d8110cTimer&quot; daemon prio=5 tid=305 timed_waiting&#10;java.lang.Thread.State: TIMED_WAITING&#10;        at sun.misc.Unsafe.park(Native Method)&#10;        at java.util.concurrent.locks.LockSupport.parkNanos(LockSupport.java:215)&#10;        at java.util.concurrent.locks.AbstractQueuedSynchronizer$ConditionObject.awaitNanos(AbstractQueuedSynchronizer.java:2078)&#10;        at java.util.concurrent.ScheduledThreadPoolExecutor$DelayedWorkQueue.take(ScheduledThreadPoolExecutor.java:1093)&#10;        at java.util.concurrent.ScheduledThreadPoolExecutor$DelayedWorkQueue.take(ScheduledThreadPoolExecutor.java:809)&#10;        at java.util.concurrent.ThreadPoolExecutor.getTask(ThreadPoolExecutor.java:1074)&#10;        at java.util.concurrent.ThreadPoolExecutor.runWorker(ThreadPoolExecutor.java:1134)&#10;        at java.util.concurrent.ThreadPoolExecutor$Worker.run(ThreadPoolExecutor.java:624)&#10;        at java.lang.Thread.run(Thread.java:748)&#10;&quot;pool-56-thread-24&quot;  prio=5 tid=522 in Object.wait()&#10;java.lang.Thread.State: WAITING (on object monitor)&#10;        at sun.misc.Unsafe.park(Native Method)&#10;        at java.util.concurrent.locks.LockSupport.park(LockSupport.java:175)&#10;        at java.util.concurrent.locks.AbstractQueuedSynchronizer$ConditionObject.await(AbstractQueuedSynchronizer.java:2039)&#10;        at java.util.concurrent.ArrayBlockingQueue.take(ArrayBlockingQueue.java:403)&#10;        at java.util.concurrent.ThreadPoolExecutor.getTask(ThreadPoolExecutor.java:1074)&#10;        at java.util.concurrent.ThreadPoolExecutor.runWorker(ThreadPoolExecutor.java:1134)&#10;        at java.util.concurrent.ThreadPoolExecutor$Worker.run(ThreadPoolExecutor.java:624)&#10;        at java.lang.Thread.run(Thread.java:748)&#10;&quot;BlockDeletingService#0&quot; daemon prio=5 tid=503 timed_waiting&#10;java.lang.Thread.State: TIMED_WAITING&#10;        at sun.misc.Unsafe.park(Native Method)&#10;        at java.util.concurrent.locks.LockSupport.parkNanos(LockSupport.java:215)&#10;        at java.util.concurrent.locks.AbstractQueuedSynchronizer$ConditionObject.awaitNanos(AbstractQueuedSynchronizer.java:2078)&#10;        at java.util.concurrent.ScheduledThreadPoolExecutor$DelayedWorkQueue.take(ScheduledThreadPoolExecutor.java:1093)&#10;        at java.util.concurrent.ScheduledThreadPoolExecutor$DelayedWorkQueue.take(ScheduledThreadPoolExecutor.java:809)&#10;        at java.util.concurrent.ThreadPoolExecutor.getTask(ThreadPoolExecutor.java:1074)&#10;        at java.util.concurrent.ThreadPoolExecutor.runWorker(ThreadPoolExecutor.java:1134)&#10;        at java.util.concurrent.ThreadPoolExecutor$Worker.run(ThreadPoolExecutor.java:624)&#10;        at java.lang.Thread.run(Thread.java:748)&#10;&quot;pool-26-thread-19&quot;  prio=5 tid=350 in Object.wait()&#10;java.lang.Thread.State: WAITING (on object monitor)&#10;        at sun.misc.Unsafe.park(Native Method)&#10;        at java.util.concurrent.locks.LockSupport.park(LockSupport.java:175)&#10;        at java.util.concurrent.locks.AbstractQueuedSynchronizer$ConditionObject.await(AbstractQueuedSynchronizer.java:2039)&#10;        at java.util.concurrent.ArrayBlockingQueue.take(ArrayBlockingQueue.java:403)&#10;        at java.util.concurrent.ThreadPoolExecutor.getTask(ThreadPoolExecutor.java:1074)&#10;        at java.util.concurrent.ThreadPoolExecutor.runWorker(ThreadPoolExecutor.java:1134)&#10;        at java.util.concurrent.ThreadPoolExecutor$Worker.run(ThreadPoolExecutor.java:624)&#10;        at java.lang.Thread.run(Thread.java:748)&#10;&quot;qtp689037899-299&quot; daemon prio=5 tid=299 timed_waiting&#10;java.lang.Thread.State: TIMED_WAITING&#10;        at sun.misc.Unsafe.park(Native Method)&#10;        at java.util.concurrent.locks.LockSupport.parkNanos(LockSupport.java:215)&#10;        at java.util.concurrent.locks.AbstractQueuedSynchronizer$ConditionObject.awaitNanos(AbstractQueuedSynchronizer.java:2078)&#10;        at org.eclipse.jetty.util.BlockingArrayQueue.poll(BlockingArrayQueue.java:392)&#10;        at org.eclipse.jetty.util.thread.QueuedThreadPool.idleJobPoll(QueuedThreadPool.java:563)&#10;        at org.eclipse.jetty.util.thread.QueuedThreadPool.access$800(QueuedThreadPool.java:48)&#10;        at org.eclipse.jetty.util.thread.QueuedThreadPool$2.run(QueuedThreadPool.java:626)&#10;        at java.lang.Thread.run(Thread.java:748)&#10;&quot;qtp2116606463-215-acceptor-0@256029a6-ServerConnector@152986c4{HTTP/1.1,[http/1.1]}{0.0.0.0:46410}&quot; daemon prio=3 tid=215 runnable&#10;java.lang.Thread.State: RUNNABLE&#10;        at sun.nio.ch.ServerSocketChannelImpl.accept0(Native Method)&#10;        at sun.nio.ch.ServerSocketChannelImpl.accept(ServerSocketChannelImpl.java:422)&#10;        at sun.nio.ch.ServerSocketChannelImpl.accept(ServerSocketChannelImpl.java:250)&#10;        at org.eclipse.jetty.server.ServerConnector.accept(ServerConnector.java:397)&#10;        at org.eclipse.jetty.server.AbstractConnector$Acceptor.run(AbstractConnector.java:601)&#10;        at org.eclipse.jetty.util.thread.QueuedThreadPool.runJob(QueuedThreadPool.java:671)&#10;        at org.eclipse.jetty.util.thread.QueuedThreadPool$2.run(QueuedThreadPool.java:589)&#10;        at java.lang.Thread.run(Thread.java:748)&#10;&quot;pool-36-thread-45&quot;  prio=5 tid=403 in Object.wait()&#10;java.lang.Thread.State: WAITING (on object monitor)&#10;        at sun.misc.Unsafe.park(Native Method)&#10;        at java.util.concurrent.locks.LockSupport.park(LockSupport.java:175)&#10;        at java.util.concurrent.locks.AbstractQueuedSynchronizer$ConditionObject.await(AbstractQueuedSynchronizer.java:2039)&#10;        at java.util.concurrent.ArrayBlockingQueue.take(ArrayBlockingQueue.java:403)&#10;        at java.util.concurrent.ThreadPoolExecutor.getTask(ThreadPoolExecutor.java:1074)&#10;        at java.util.concurrent.ThreadPoolExecutor.runWorker(ThreadPoolExecutor.java:1134)&#10;        at java.util.concurrent.ThreadPoolExecutor$Worker.run(ThreadPoolExecutor.java:624)&#10;        at java.lang.Thread.run(Thread.java:748)&#10;&quot;pool-46-thread-11&quot;  prio=5 tid=445 in Object.wait()&#10;java.lang.Thread.State: WAITING (on object monitor)&#10;        at sun.misc.Unsafe.park(Native Method)&#10;        at java.util.concurrent.locks.LockSupport.park(LockSupport.java:175)&#10;        at java.util.concurrent.locks.AbstractQueuedSynchronizer$ConditionObject.await(AbstractQueuedSynchronizer.java:2039)&#10;        at java.util.concurrent.ArrayBlockingQueue.take(ArrayBlockingQueue.java:403)&#10;        at java.util.concurrent.ThreadPoolExecutor.getTask(ThreadPoolExecutor.java:1074)&#10;        at java.util.concurrent.ThreadPoolExecutor.runWorker(ThreadPoolExecutor.java:1134)&#10;        at java.util.concurrent.ThreadPoolExecutor$Worker.run(ThreadPoolExecutor.java:624)&#10;        at java.lang.Thread.run(Thread.java:748)&#10;&quot;pool-66-thread-39&quot;  prio=5 tid=602 in Object.wait()&#10;java.lang.Thread.State: WAITING (on object monitor)&#10;        at sun.misc.Unsafe.park(Native Method)&#10;        at java.util.concurrent.locks.LockSupport.park(LockSupport.java:175)&#10;        at java.util.concurrent.locks.AbstractQueuedSynchronizer$ConditionObject.await(AbstractQueuedSynchronizer.java:2039)&#10;        at java.util.concurrent.ArrayBlockingQueue.take(ArrayBlockingQueue.java:403)&#10;        at java.util.concurrent.ThreadPoolExecutor.getTask(ThreadPoolExecutor.java:1074)&#10;        at java.util.concurrent.ThreadPoolExecutor.runWorker(ThreadPoolExecutor.java:1134)&#10;        at java.util.concurrent.ThreadPoolExecutor$Worker.run(ThreadPoolExecutor.java:624)&#10;        at java.lang.Thread.run(Thread.java:748)&#10;&quot;pool-76-thread-13&quot;  prio=5 tid=638 in Object.wait()&#10;java.lang.Thread.State: WAITING (on object monitor)&#10;        at sun.misc.Unsafe.park(Native Method)&#10;        at java.util.concurrent.locks.LockSupport.park(LockSupport.java:175)&#10;        at java.util.concurrent.locks.AbstractQueuedSynchronizer$ConditionObject.await(AbstractQueuedSynchronizer.java:2039)&#10;        at java.util.concurrent.ArrayBlockingQueue.take(ArrayBlockingQueue.java:403)&#10;        at java.util.concurrent.ThreadPoolExecutor.getTask(ThreadPoolExecutor.java:1074)&#10;        at java.util.concurrent.ThreadPoolExecutor.runWorker(ThreadPoolExecutor.java:1134)&#10;        at java.util.concurrent.ThreadPoolExecutor$Worker.run(ThreadPoolExecutor.java:624)&#10;        at java.lang.Thread.run(Thread.java:748)&#10;&quot;org.eclipse.jetty.server.session.HashSessionManager@3b5bc5eeTimer&quot; daemon prio=5 tid=170 timed_waiting&#10;java.lang.Thread.State: TIMED_WAITING&#10;        at sun.misc.Unsafe.park(Native Method)&#10;        at java.util.concurrent.locks.LockSupport.parkNanos(LockSupport.java:215)&#10;        at java.util.concurrent.locks.AbstractQueuedSynchronizer$ConditionObject.awaitNanos(AbstractQueuedSynchronizer.java:2078)&#10;        at java.util.concurrent.ScheduledThreadPoolExecutor$DelayedWorkQueue.take(ScheduledThreadPoolExecutor.java:1093)&#10;        at java.util.concurrent.ScheduledThreadPoolExecutor$DelayedWorkQueue.take(ScheduledThreadPoolExecutor.java:809)&#10;        at java.util.concurrent.ThreadPoolExecutor.getTask(ThreadPoolExecutor.java:1074)&#10;        at java.util.concurrent.ThreadPoolExecutor.runWorker(ThreadPoolExecutor.java:1134)&#10;        at java.util.concurrent.ThreadPoolExecutor$Worker.run(ThreadPoolExecutor.java:624)&#10;        at java.lang.Thread.run(Thread.java:748)&#10;&quot;IPC Server handler 0 on 33440&quot; daemon prio=5 tid=50 timed_waiting&#10;java.lang.Thread.State: TIMED_WAITING&#10;        at sun.misc.Unsafe.park(Native Method)&#10;        at java.util.concurrent.locks.LockSupport.parkNanos(LockSupport.java:215)&#10;        at java.util.concurrent.locks.AbstractQueuedSynchronizer$ConditionObject.awaitNanos(AbstractQueuedSynchronizer.java:2078)&#10;        at java.util.concurrent.LinkedBlockingQueue.poll(LinkedBlockingQueue.java:467)&#10;        at org.apache.hadoop.ipc.CallQueueManager.take(CallQueueManager.java:288)&#10;        at org.apache.hadoop.ipc.Server$Handler.run(Server.java:2668)&#10;&quot;IPC Server handler 7 on 35347&quot; daemon prio=5 tid=77 timed_waiting&#10;java.lang.Thread.State: TIMED_WAITING&#10;        at sun.misc.Unsafe.park(Native Method)&#10;        at java.util.concurrent.locks.LockSupport.parkNanos(LockSupport.java:215)&#10;        at java.util.concurrent.locks.AbstractQueuedSynchronizer$ConditionObject.awaitNanos(AbstractQueuedSynchronizer.java:2078)&#10;        at java.util.concurrent.LinkedBlockingQueue.poll(LinkedBlockingQueue.java:467)&#10;        at org.apache.hadoop.ipc.CallQueueManager.take(CallQueueManager.java:288)&#10;        at org.apache.hadoop.ipc.Server$Handler.run(Server.java:2668)&#10;&quot;metrics-hadoop-metrics2-reporter-13-thread-1&quot; daemon prio=5 tid=733 timed_waiting&#10;java.lang.Thread.State: TIMED_WAITING&#10;        at sun.misc.Unsafe.park(Native Method)&#10;        at java.util.concurrent.locks.LockSupport.parkNanos(LockSupport.java:215)&#10;        at java.util.concurrent.locks.AbstractQueuedSynchronizer$ConditionObject.awaitNanos(AbstractQueuedSynchronizer.java:2078)&#10;        at java.util.concurrent.ScheduledThreadPoolExecutor$DelayedWorkQueue.take(ScheduledThreadPoolExecutor.java:1093)&#10;        at java.util.concurrent.ScheduledThreadPoolExecutor$DelayedWorkQueue.take(ScheduledThreadPoolExecutor.java:809)&#10;        at java.util.concurrent.ThreadPoolExecutor.getTask(ThreadPoolExecutor.java:1074)&#10;        at java.util.concurrent.ThreadPoolExecutor.runWorker(ThreadPoolExecutor.java:1134)&#10;        at java.util.concurrent.ThreadPoolExecutor$Worker.run(ThreadPoolExecutor.java:624)&#10;        at java.lang.Thread.run(Thread.java:748)&#10;&quot;qtp64027122-165&quot; daemon prio=5 tid=165 timed_waiting&#10;java.lang.Thread.State: TIMED_WAITING&#10;        at sun.misc.Unsafe.park(Native Method)&#10;        at java.util.concurrent.locks.LockSupport.parkNanos(LockSupport.java:215)&#10;        at java.util.concurrent.locks.AbstractQueuedSynchronizer$ConditionObject.awaitNanos(AbstractQueuedSynchronizer.java:2078)&#10;        at org.eclipse.jetty.util.BlockingArrayQueue.poll(BlockingArrayQueue.java:392)&#10;        at org.eclipse.jetty.util.thread.QueuedThreadPool.idleJobPoll(QueuedThreadPool.java:563)&#10;        at org.eclipse.jetty.util.thread.QueuedThreadPool.access$800(QueuedThreadPool.java:48)&#10;        at org.eclipse.jetty.util.thread.QueuedThreadPool$2.run(QueuedThreadPool.java:626)&#10;        at java.lang.Thread.run(Thread.java:748)&#10;&quot;metrics-hadoop-metrics2-reporter-10-thread-1&quot; daemon prio=5 tid=726 timed_waiting&#10;java.lang.Thread.State: TIMED_WAITING&#10;        at sun.misc.Unsafe.park(Native Method)&#10;        at java.util.concurrent.locks.LockSupport.parkNanos(LockSupport.java:215)&#10;        at java.util.concurrent.locks.AbstractQueuedSynchronizer$ConditionObject.awaitNanos(AbstractQueuedSynchronizer.java:2078)&#10;        at java.util.concurrent.ScheduledThreadPoolExecutor$DelayedWorkQueue.take(ScheduledThreadPoolExecutor.java:1093)&#10;        at java.util.concurrent.ScheduledThreadPoolExecutor$DelayedWorkQueue.take(ScheduledThreadPoolExecutor.java:809)&#10;        at java.util.concurrent.ThreadPoolExecutor.getTask(ThreadPoolExecutor.java:1074)&#10;        at java.util.concurrent.ThreadPoolExecutor.runWorker(ThreadPoolExecutor.java:1134)&#10;        at java.util.concurrent.ThreadPoolExecutor$Worker.run(ThreadPoolExecutor.java:624)&#10;        at java.lang.Thread.run(Thread.java:748)&#10;&quot;Datanode State Machine Thread - 0&quot; daemon prio=5 tid=252 timed_waiting&#10;java.lang.Thread.State: TIMED_WAITING&#10;        at java.lang.Thread.sleep(Native Method)&#10;        at org.apache.hadoop.ozone.container.common.statemachine.DatanodeStateMachine.start(DatanodeStateMachine.java:191)&#10;        at org.apache.hadoop.ozone.container.common.statemachine.DatanodeStateMachine.lambda$startDaemon$0(DatanodeStateMachine.java:349)&#10;        at org.apache.hadoop.ozone.container.common.statemachine.DatanodeStateMachine$$Lambda$140/532411881.run(Unknown Source)&#10;        at java.lang.Thread.run(Thread.java:748)&#10;&quot;qtp1051453582-194&quot; daemon prio=5 tid=194 timed_waiting&#10;java.lang.Thread.State: TIMED_WAITING&#10;        at sun.misc.Unsafe.park(Native Method)&#10;        at java.util.concurrent.locks.LockSupport.parkNanos(LockSupport.java:215)&#10;        at java.util.concurrent.locks.AbstractQueuedSynchronizer$ConditionObject.awaitNanos(AbstractQueuedSynchronizer.java:2078)&#10;        at org.eclipse.jetty.util.BlockingArrayQueue.poll(BlockingArrayQueue.java:392)&#10;        at org.eclipse.jetty.util.thread.QueuedThreadPool.idleJobPoll(QueuedThreadPool.java:563)&#10;        at org.eclipse.jetty.util.thread.QueuedThreadPool.access$800(QueuedThreadPool.java:48)&#10;        at org.eclipse.jetty.util.thread.QueuedThreadPool$2.run(QueuedThreadPool.java:626)&#10;        at java.lang.Thread.run(Thread.java:748)&#10;&quot;qtp2116606463-221&quot; daemon prio=5 tid=221 timed_waiting&#10;java.lang.Thread.State: TIMED_WAITING&#10;        at sun.misc.Unsafe.park(Native Method)&#10;        at java.util.concurrent.locks.LockSupport.parkNanos(LockSupport.java:215)&#10;        at java.util.concurrent.locks.AbstractQueuedSynchronizer$ConditionObject.awaitNanos(AbstractQueuedSynchronizer.java:2078)&#10;        at org.eclipse.jetty.util.BlockingArrayQueue.poll(BlockingArrayQueue.java:392)&#10;        at org.eclipse.jetty.util.thread.QueuedThreadPool.idleJobPoll(QueuedThreadPool.java:563)&#10;        at org.eclipse.jetty.util.thread.QueuedThreadPool.access$800(QueuedThreadPool.java:48)&#10;        at org.eclipse.jetty.util.thread.QueuedThreadPool$2.run(QueuedThreadPool.java:626)&#10;        at java.lang.Thread.run(Thread.java:748)&#10;&quot;Periodic HDDS volume checker&quot;  prio=5 tid=207 timed_waiting&#10;java.lang.Thread.State: TIMED_WAITING&#10;        at sun.misc.Unsafe.park(Native Method)&#10;        at java.util.concurrent.locks.LockSupport.parkNanos(LockSupport.java:215)&#10;        at java.util.concurrent.locks.AbstractQueuedSynchronizer$ConditionObject.awaitNanos(AbstractQueuedSynchronizer.java:2078)&#10;        at java.util.concurrent.ScheduledThreadPoolExecutor$DelayedWorkQueue.take(ScheduledThreadPoolExecutor.java:1093)&#10;        at java.util.concurrent.ScheduledThreadPoolExecutor$DelayedWorkQueue.take(ScheduledThreadPoolExecutor.java:809)&#10;        at java.util.concurrent.ThreadPoolExecutor.getTask(ThreadPoolExecutor.java:1074)&#10;        at java.util.concurrent.ThreadPoolExecutor.runWorker(ThreadPoolExecutor.java:1134)&#10;        at java.util.concurrent.ThreadPoolExecutor$Worker.run(ThreadPoolExecutor.java:624)&#10;        at java.lang.Thread.run(Thread.java:748)&#10;&quot;EventQueue-SafemodestatusForSafeModeHandler&quot; daemon prio=5 tid=694 in Object.wait()&#10;java.lang.Thread.State: WAITING (on object monitor)&#10;        at sun.misc.Unsafe.park(Native Method)&#10;        at java.util.concurrent.locks.LockSupport.park(LockSupport.java:175)&#10;        at java.util.concurrent.locks.AbstractQueuedSynchronizer$ConditionObject.await(AbstractQueuedSynchronizer.java:2039)&#10;        at java.util.concurrent.LinkedBlockingQueue.take(LinkedBlockingQueue.java:442)&#10;        at java.util.concurrent.ThreadPoolExecutor.getTask(ThreadPoolExecutor.java:1074)&#10;        at java.util.concurrent.ThreadPoolExecutor.runWorker(ThreadPoolExecutor.java:1134)&#10;        at java.util.concurrent.ThreadPoolExecutor$Worker.run(ThreadPoolExecutor.java:624)&#10;        at java.lang.Thread.run(Thread.java:748)&#10;&quot;BlockDeletingService#0&quot; daemon prio=5 tid=505 timed_waiting&#10;java.lang.Thread.State: TIMED_WAITING&#10;        at sun.misc.Unsafe.park(Native Method)&#10;        at java.util.concurrent.locks.LockSupport.parkNanos(LockSupport.java:215)&#10;        at java.util.concurrent.locks.AbstractQueuedSynchronizer$ConditionObject.awaitNanos(AbstractQueuedSynchronizer.java:2078)&#10;        at java.util.concurrent.ScheduledThreadPoolExecutor$DelayedWorkQueue.take(ScheduledThreadPoolExecutor.java:1093)&#10;        at java.util.concurrent.ScheduledThreadPoolExecutor$DelayedWorkQueue.take(ScheduledThreadPoolExecutor.java:809)&#10;        at java.util.concurrent.ThreadPoolExecutor.getTask(ThreadPoolExecutor.java:1074)&#10;        at java.util.concurrent.ThreadPoolExecutor.runWorker(ThreadPoolExecutor.java:1134)&#10;        at java.util.concurrent.ThreadPoolExecutor$Worker.run(ThreadPoolExecutor.java:624)&#10;        at java.lang.Thread.run(Thread.java:748)&#10;&quot;pool-46-thread-49&quot;  prio=5 tid=483 in Object.wait()&#10;java.lang.Thread.State: WAITING (on object monitor)&#10;        at sun.misc.Unsafe.park(Native Method)&#10;        at java.util.concurrent.locks.LockSupport.park(LockSupport.java:175)&#10;        at java.util.concurrent.locks.AbstractQueuedSynchronizer$ConditionObject.await(AbstractQueuedSynchronizer.java:2039)&#10;        at java.util.concurrent.ArrayBlockingQueue.take(ArrayBlockingQueue.java:403)&#10;        at java.util.concurrent.ThreadPoolExecutor.getTask(ThreadPoolExecutor.java:1074)&#10;        at java.util.concurrent.ThreadPoolExecutor.runWorker(ThreadPoolExecutor.java:1134)&#10;        at java.util.concurrent.ThreadPoolExecutor$Worker.run(ThreadPoolExecutor.java:624)&#10;        at java.lang.Thread.run(Thread.java:748)&#10;&quot;IPC Server idle connection scanner for port 33440&quot; daemon prio=5 tid=21 timed_waiting&#10;java.lang.Thread.State: TIMED_WAITING&#10;        at java.lang.Object.wait(Native Method)&#10;        at java.util.TimerThread.mainLoop(Timer.java:552)&#10;        at java.util.TimerThread.run(Timer.java:505)&#10;&quot;pool-56-thread-37&quot;  prio=5 tid=535 in Object.wait()&#10;java.lang.Thread.State: WAITING (on object monitor)&#10;        at sun.misc.Unsafe.park(Native Method)&#10;        at java.util.concurrent.locks.LockSupport.park(LockSupport.java:175)&#10;        at java.util.concurrent.locks.AbstractQueuedSynchronizer$ConditionObject.await(AbstractQueuedSynchronizer.java:2039)&#10;        at java.util.concurrent.ArrayBlockingQueue.take(ArrayBlockingQueue.java:403)&#10;        at java.util.concurrent.ThreadPoolExecutor.getTask(ThreadPoolExecutor.java:1074)&#10;        at java.util.concurrent.ThreadPoolExecutor.runWorker(ThreadPoolExecutor.java:1134)&#10;        at java.util.concurrent.ThreadPoolExecutor$Worker.run(ThreadPoolExecutor.java:624)&#10;        at java.lang.Thread.run(Thread.java:748)&#10;&quot;pool-66-thread-35&quot;  prio=5 tid=598 in Object.wait()&#10;java.lang.Thread.State: WAITING (on object monitor)&#10;        at sun.misc.Unsafe.park(Native Method)&#10;        at java.util.concurrent.locks.LockSupport.park(LockSupport.java:175)&#10;        at java.util.concurrent.locks.AbstractQueuedSynchronizer$ConditionObject.await(AbstractQueuedSynchronizer.java:2039)&#10;        at java.util.concurrent.ArrayBlockingQueue.take(ArrayBlockingQueue.java:403)&#10;        at java.util.concurrent.ThreadPoolExecutor.getTask(ThreadPoolExecutor.java:1074)&#10;        at java.util.concurrent.ThreadPoolExecutor.runWorker(ThreadPoolExecutor.java:1134)&#10;        at java.util.concurrent.ThreadPoolExecutor$Worker.run(ThreadPoolExecutor.java:624)&#10;        at java.lang.Thread.run(Thread.java:748)&#10;&quot;pool-56-thread-59&quot;  prio=5 tid=560 in Object.wait()&#10;java.lang.Thread.State: WAITING (on object monitor)&#10;        at sun.misc.Unsafe.park(Native Method)&#10;        at java.util.concurrent.locks.LockSupport.park(LockSupport.java:175)&#10;        at java.util.concurrent.locks.AbstractQueuedSynchronizer$ConditionObject.await(AbstractQueuedSynchronizer.java:2039)&#10;        at java.util.concurrent.ArrayBlockingQueue.take(ArrayBlockingQueue.java:403)&#10;        at java.util.concurrent.ThreadPoolExecutor.getTask(ThreadPoolExecutor.java:1074)&#10;        at java.util.concurrent.ThreadPoolExecutor.runWorker(ThreadPoolExecutor.java:1134)&#10;        at java.util.concurrent.ThreadPoolExecutor$Worker.run(ThreadPoolExecutor.java:624)&#10;        at java.lang.Thread.run(Thread.java:748)&#10;&quot;pool-46-thread-40&quot;  prio=5 tid=474 in Object.wait()&#10;java.lang.Thread.State: WAITING (on object monitor)&#10;        at sun.misc.Unsafe.park(Native Method)&#10;        at java.util.concurrent.locks.LockSupport.park(LockSupport.java:175)&#10;        at java.util.concurrent.locks.AbstractQueuedSynchronizer$ConditionObject.await(AbstractQueuedSynchronizer.java:2039)&#10;        at java.util.concurrent.ArrayBlockingQueue.take(ArrayBlockingQueue.java:403)&#10;        at java.util.concurrent.ThreadPoolExecutor.getTask(ThreadPoolExecutor.java:1074)&#10;        at java.util.concurrent.ThreadPoolExecutor.runWorker(ThreadPoolExecutor.java:1134)&#10;        at java.util.concurrent.ThreadPoolExecutor$Worker.run(ThreadPoolExecutor.java:624)&#10;        at java.lang.Thread.run(Thread.java:748)&#10;&quot;qtp693544819-244&quot; daemon prio=5 tid=244 timed_waiting&#10;java.lang.Thread.State: TIMED_WAITING&#10;        at sun.misc.Unsafe.park(Native Method)&#10;        at java.util.concurrent.locks.LockSupport.parkNanos(LockSupport.java:215)&#10;        at java.util.concurrent.locks.AbstractQueuedSynchronizer$ConditionObject.awaitNanos(AbstractQueuedSynchronizer.java:2078)&#10;        at org.eclipse.jetty.util.BlockingArrayQueue.poll(BlockingArrayQueue.java:392)&#10;        at org.eclipse.jetty.util.thread.QueuedThreadPool.idleJobPoll(QueuedThreadPool.java:563)&#10;        at org.eclipse.jetty.util.thread.QueuedThreadPool.access$800(QueuedThreadPool.java:48)&#10;        at org.eclipse.jetty.util.thread.QueuedThreadPool$2.run(QueuedThreadPool.java:626)&#10;        at java.lang.Thread.run(Thread.java:748)&#10;&quot;pool-46-thread-33&quot;  prio=5 tid=467 in Object.wait()&#10;java.lang.Thread.State: WAITING (on object monitor)&#10;        at sun.misc.Unsafe.park(Native Method)&#10;        at java.util.concurrent.locks.LockSupport.park(LockSupport.java:175)&#10;        at java.util.concurrent.locks.AbstractQueuedSynchronizer$ConditionObject.await(AbstractQueuedSynchronizer.java:2039)&#10;        at java.util.concurrent.ArrayBlockingQueue.take(ArrayBlockingQueue.java:403)&#10;        at java.util.concurrent.ThreadPoolExecutor.getTask(ThreadPoolExecutor.java:1074)&#10;        at java.util.concurrent.ThreadPoolExecutor.runWorker(ThreadPoolExecutor.java:1134)&#10;        at java.util.concurrent.ThreadPoolExecutor$Worker.run(ThreadPoolExecutor.java:624)&#10;        at java.lang.Thread.run(Thread.java:748)&#10;&quot;pool-26-thread-28&quot;  prio=5 tid=370 in Object.wait()&#10;java.lang.Thread.State: WAITING (on object monitor)&#10;        at sun.misc.Unsafe.park(Native Method)&#10;        at java.util.concurrent.locks.LockSupport.park(LockSupport.java:175)&#10;        at java.util.concurrent.locks.AbstractQueuedSynchronizer$ConditionObject.await(AbstractQueuedSynchronizer.java:2039)&#10;        at java.util.concurrent.ArrayBlockingQueue.take(ArrayBlockingQueue.java:403)&#10;        at java.util.concurrent.ThreadPoolExecutor.getTask(ThreadPoolExecutor.java:1074)&#10;        at java.util.concurrent.ThreadPoolExecutor.runWorker(ThreadPoolExecutor.java:1134)&#10;        at java.util.concurrent.ThreadPoolExecutor$Worker.run(ThreadPoolExecutor.java:624)&#10;        at java.lang.Thread.run(Thread.java:748)&#10;&quot;pool-26-thread-3&quot;  prio=5 tid=318 in Object.wait()&#10;java.lang.Thread.State: WAITING (on object monitor)&#10;        at sun.misc.Unsafe.park(Native Method)&#10;        at java.util.concurrent.locks.LockSupport.park(LockSupport.java:175)&#10;        at java.util.concurrent.locks.AbstractQueuedSynchronizer$ConditionObject.await(AbstractQueuedSynchronizer.java:2039)&#10;        at java.util.concurrent.ArrayBlockingQueue.take(ArrayBlockingQueue.java:403)&#10;        at java.util.concurrent.ThreadPoolExecutor.getTask(ThreadPoolExecutor.java:1074)&#10;        at java.util.concurrent.ThreadPoolExecutor.runWorker(ThreadPoolExecutor.java:1134)&#10;        at java.util.concurrent.ThreadPoolExecutor$Worker.run(ThreadPoolExecutor.java:624)&#10;        at java.lang.Thread.run(Thread.java:748)&#10;&quot;IPC Server handler 18 on 33440&quot; daemon prio=5 tid=68 timed_waiting&#10;java.lang.Thread.State: TIMED_WAITING&#10;        at sun.misc.Unsafe.park(Native Method)&#10;        at java.util.concurrent.locks.LockSupport.parkNanos(LockSupport.java:215)&#10;        at java.util.concurrent.locks.AbstractQueuedSynchronizer$ConditionObject.awaitNanos(AbstractQueuedSynchronizer.java:2078)&#10;        at java.util.concurrent.LinkedBlockingQueue.poll(LinkedBlockingQueue.java:467)&#10;        at org.apache.hadoop.ipc.CallQueueManager.take(CallQueueManager.java:288)&#10;        at org.apache.hadoop.ipc.Server$Handler.run(Server.java:2668)&#10;&quot;IPC Server idle connection scanner for port 41091&quot; daemon prio=5 tid=110 timed_waiting&#10;java.lang.Thread.State: TIMED_WAITING&#10;        at java.lang.Object.wait(Native Method)&#10;        at java.util.TimerThread.mainLoop(Timer.java:552)&#10;        at java.util.TimerThread.run(Timer.java:505)&#10;&quot;java.util.concurrent.ThreadPoolExecutor$Worker@394ca237[State = -1, empty queue]&quot; daemon prio=5 tid=841 timed_waiting&#10;java.lang.Thread.State: TIMED_WAITING&#10;        at sun.misc.Unsafe.park(Native Method)&#10;        at java.util.concurrent.locks.LockSupport.parkNanos(LockSupport.java:215)&#10;        at java.util.concurrent.locks.AbstractQueuedSynchronizer$ConditionObject.awaitNanos(AbstractQueuedSynchronizer.java:2078)&#10;        at java.util.concurrent.ScheduledThreadPoolExecutor$DelayedWorkQueue.take(ScheduledThreadPoolExecutor.java:1093)&#10;        at java.util.concurrent.ScheduledThreadPoolExecutor$DelayedWorkQueue.take(ScheduledThreadPoolExecutor.java:809)&#10;        at java.util.concurrent.ThreadPoolExecutor.getTask(ThreadPoolExecutor.java:1074)&#10;        at java.util.concurrent.ThreadPoolExecutor.runWorker(ThreadPoolExecutor.java:1134)&#10;        at java.util.concurrent.ThreadPoolExecutor$Worker.run(ThreadPoolExecutor.java:624)&#10;        at java.lang.Thread.run(Thread.java:748)&#10;&quot;pool-56-thread-35&quot;  prio=5 tid=533 in Object.wait()&#10;java.lang.Thread.State: WAITING (on object monitor)&#10;        at sun.misc.Unsafe.park(Native Method)&#10;        at java.util.concurrent.locks.LockSupport.park(LockSupport.java:175)&#10;        at java.util.concurrent.locks.AbstractQueuedSynchronizer$ConditionObject.await(AbstractQueuedSynchronizer.java:2039)&#10;        at java.util.concurrent.ArrayBlockingQueue.take(ArrayBlockingQueue.java:403)&#10;        at java.util.concurrent.ThreadPoolExecutor.getTask(ThreadPoolExecutor.java:1074)&#10;        at java.util.concurrent.ThreadPoolExecutor.runWorker(ThreadPoolExecutor.java:1134)&#10;        at java.util.concurrent.ThreadPoolExecutor$Worker.run(ThreadPoolExecutor.java:624)&#10;        at java.lang.Thread.run(Thread.java:748)&#10;&quot;IPC Server listener on 33440&quot; daemon prio=5 tid=19 runnable&#10;java.lang.Thread.State: RUNNABLE&#10;        at sun.nio.ch.EPollArrayWrapper.epollWait(Native Method)&#10;        at sun.nio.ch.EPollArrayWrapper.poll(EPollArrayWrapper.java:269)&#10;        at sun.nio.ch.EPollSelectorImpl.doSelect(EPollSelectorImpl.java:93)&#10;        at sun.nio.ch.SelectorImpl.lockAndDoSelect(SelectorImpl.java:86)&#10;        at sun.nio.ch.SelectorImpl.select(SelectorImpl.java:97)&#10;        at sun.nio.ch.SelectorImpl.select(SelectorImpl.java:101)&#10;        at org.apache.hadoop.ipc.Server$Listener.run(Server.java:1159)&#10;&quot;IPC Server idle connection scanner for port 35347&quot; daemon prio=5 tid=17 timed_waiting&#10;java.lang.Thread.State: TIMED_WAITING&#10;        at java.lang.Object.wait(Native Method)&#10;        at java.util.TimerThread.mainLoop(Timer.java:552)&#10;        at java.util.TimerThread.run(Timer.java:505)&#10;&quot;pool-76-thread-38&quot;  prio=5 tid=663 in Object.wait()&#10;java.lang.Thread.State: WAITING (on object monitor)&#10;        at sun.misc.Unsafe.park(Native Method)&#10;        at java.util.concurrent.locks.LockSupport.park(LockSupport.java:175)&#10;        at java.util.concurrent.locks.AbstractQueuedSynchronizer$ConditionObject.await(AbstractQueuedSynchronizer.java:2039)&#10;        at java.util.concurrent.ArrayBlockingQueue.take(ArrayBlockingQueue.java:403)&#10;        at java.util.concurrent.ThreadPoolExecutor.getTask(ThreadPoolExecutor.java:1074)&#10;        at java.util.concurrent.ThreadPoolExecutor.runWorker(ThreadPoolExecutor.java:1134)&#10;        at java.util.concurrent.ThreadPoolExecutor$Worker.run(ThreadPoolExecutor.java:624)&#10;        at java.lang.Thread.run(Thread.java:748)&#10;&quot;pool-76-thread-37&quot;  prio=5 tid=662 in Object.wait()&#10;java.lang.Thread.State: WAITING (on object monitor)&#10;        at sun.misc.Unsafe.park(Native Method)&#10;        at java.util.concurrent.locks.LockSupport.park(LockSupport.java:175)&#10;        at java.util.concurrent.locks.AbstractQueuedSynchronizer$ConditionObject.await(AbstractQueuedSynchronizer.java:2039)&#10;        at java.util.concurrent.ArrayBlockingQueue.take(ArrayBlockingQueue.java:403)&#10;        at java.util.concurrent.ThreadPoolExecutor.getTask(ThreadPoolExecutor.java:1074)&#10;        at java.util.concurrent.ThreadPoolExecutor.runWorker(ThreadPoolExecutor.java:1134)&#10;        at java.util.concurrent.ThreadPoolExecutor$Worker.run(ThreadPoolExecutor.java:624)&#10;        at java.lang.Thread.run(Thread.java:748)&#10;&quot;pool-24-thread-1&quot; daemon prio=5 tid=157 timed_waiting&#10;java.lang.Thread.State: TIMED_WAITING&#10;        at sun.misc.Unsafe.park(Native Method)&#10;        at java.util.concurrent.locks.LockSupport.parkNanos(LockSupport.java:215)&#10;        at java.util.concurrent.locks.AbstractQueuedSynchronizer$ConditionObject.awaitNanos(AbstractQueuedSynchronizer.java:2078)&#10;        at java.util.concurrent.ScheduledThreadPoolExecutor$DelayedWorkQueue.take(ScheduledThreadPoolExecutor.java:1093)&#10;        at java.util.concurrent.ScheduledThreadPoolExecutor$DelayedWorkQueue.take(ScheduledThreadPoolExecutor.java:809)&#10;        at java.util.concurrent.ThreadPoolExecutor.getTask(ThreadPoolExecutor.java:1074)&#10;        at java.util.concurrent.ThreadPoolExecutor.runWorker(ThreadPoolExecutor.java:1134)&#10;        at java.util.concurrent.ThreadPoolExecutor$Worker.run(ThreadPoolExecutor.java:624)&#10;        at java.lang.Thread.run(Thread.java:748)&#10;&quot;metrics-hadoop-metrics2-reporter-78-thread-1&quot; daemon prio=5 tid=1033 timed_waiting&#10;java.lang.Thread.State: TIMED_WAITING&#10;        at sun.misc.Unsafe.park(Native Method)&#10;        at java.util.concurrent.locks.LockSupport.parkNanos(LockSupport.java:215)&#10;        at java.util.concurrent.locks.AbstractQueuedSynchronizer$ConditionObject.awaitNanos(AbstractQueuedSynchronizer.java:2078)&#10;        at java.util.concurrent.ScheduledThreadPoolExecutor$DelayedWorkQueue.take(ScheduledThreadPoolExecutor.java:1093)&#10;        at java.util.concurrent.ScheduledThreadPoolExecutor$DelayedWorkQueue.take(ScheduledThreadPoolExecutor.java:809)&#10;        at java.util.concurrent.ThreadPoolExecutor.getTask(ThreadPoolExecutor.java:1074)&#10;        at java.util.concurrent.ThreadPoolExecutor.runWorker(ThreadPoolExecutor.java:1134)&#10;        at java.util.concurrent.ThreadPoolExecutor$Worker.run(ThreadPoolExecutor.java:624)&#10;        at java.lang.Thread.run(Thread.java:748)&#10;&quot;refreshUsed-/workdir/hadoop-ozone/integration-test/target/test-dir/MiniOzoneClusterImpl-58fc3ecd-0fbd-4e7b-a09c-4106a93dde4d/datanode-3/data/containers&quot; daemon prio=5 tid=236 timed_waiting&#10;java.lang.Thread.State: TIMED_WAITING&#10;        at java.lang.Thread.sleep(Native Method)&#10;        at org.apache.hadoop.fs.CachingGetSpaceUsed$RefreshThread.run(CachingGetSpaceUsed.java:179)&#10;        at java.lang.Thread.run(Thread.java:748)&#10;&quot;metrics-hadoop-metrics2-reporter-26-thread-1&quot; daemon prio=5 tid=764 timed_waiting&#10;java.lang.Thread.State: TIMED_WAITING&#10;        at sun.misc.Unsafe.park(Native Method)&#10;        at java.util.concurrent.locks.LockSupport.parkNanos(LockSupport.java:215)&#10;        at java.util.concurrent.locks.AbstractQueuedSynchronizer$ConditionObject.awaitNanos(AbstractQueuedSynchronizer.java:2078)&#10;        at java.util.concurrent.ScheduledThreadPoolExecutor$DelayedWorkQueue.take(ScheduledThreadPoolExecutor.java:1093)&#10;        at java.util.concurrent.ScheduledThreadPoolExecutor$DelayedWorkQueue.take(ScheduledThreadPoolExecutor.java:809)&#10;        at java.util.concurrent.ThreadPoolExecutor.getTask(ThreadPoolExecutor.java:1074)&#10;        at java.util.concurrent.ThreadPoolExecutor.runWorker(ThreadPoolExecutor.java:1134)&#10;        at java.util.concurrent.ThreadPoolExecutor$Worker.run(ThreadPoolExecutor.java:624)&#10;        at java.lang.Thread.run(Thread.java:748)&#10;&quot;pool-26-thread-39&quot;  prio=5 tid=391 in Object.wait()&#10;java.lang.Thread.State: WAITING (on object monitor)&#10;        at sun.misc.Unsafe.park(Native Method)&#10;        at java.util.concurrent.locks.LockSupport.park(LockSupport.java:175)&#10;        at java.util.concurrent.locks.AbstractQueuedSynchronizer$ConditionObject.await(AbstractQueuedSynchronizer.java:2039)&#10;        at java.util.concurrent.ArrayBlockingQueue.take(ArrayBlockingQueue.java:403)&#10;        at java.util.concurrent.ThreadPoolExecutor.getTask(ThreadPoolExecutor.java:1074)&#10;        at java.util.concurrent.ThreadPoolExecutor.runWorker(ThreadPoolExecutor.java:1134)&#10;        at java.util.concurrent.ThreadPoolExecutor$Worker.run(ThreadPoolExecutor.java:624)&#10;        at java.lang.Thread.run(Thread.java:748)&#10;&quot;metrics-hadoop-metrics2-reporter-60-thread-1&quot; daemon prio=5 tid=933 timed_waiting&#10;java.lang.Thread.State: TIMED_WAITING&#10;        at sun.misc.Unsafe.park(Native Method)&#10;        at java.util.concurrent.locks.LockSupport.parkNanos(LockSupport.java:215)&#10;        at java.util.concurrent.locks.AbstractQueuedSynchronizer$ConditionObject.awaitNanos(AbstractQueuedSynchronizer.java:2078)&#10;        at java.util.concurrent.ScheduledThreadPoolExecutor$DelayedWorkQueue.take(ScheduledThreadPoolExecutor.java:1093)&#10;        at java.util.concurrent.ScheduledThreadPoolExecutor$DelayedWorkQueue.take(ScheduledThreadPoolExecutor.java:809)&#10;        at java.util.concurrent.ThreadPoolExecutor.getTask(ThreadPoolExecutor.java:1074)&#10;        at java.util.concurrent.ThreadPoolExecutor.runWorker(ThreadPoolExecutor.java:1134)&#10;        at java.util.concurrent.ThreadPoolExecutor$Worker.run(ThreadPoolExecutor.java:624)&#10;        at java.lang.Thread.run(Thread.java:748)&#10;&quot;pool-76-thread-16&quot;  prio=5 tid=641 in Object.wait()&#10;java.lang.Thread.State: WAITING (on object monitor)&#10;        at sun.misc.Unsafe.park(Native Method)&#10;        at java.util.concurrent.locks.LockSupport.park(LockSupport.java:175)&#10;        at java.util.concurrent.locks.AbstractQueuedSynchronizer$ConditionObject.await(AbstractQueuedSynchronizer.java:2039)&#10;        at java.util.concurrent.ArrayBlockingQueue.take(ArrayBlockingQueue.java:403)&#10;        at java.util.concurrent.ThreadPoolExecutor.getTask(ThreadPoolExecutor.java:1074)&#10;        at java.util.concurrent.ThreadPoolExecutor.runWorker(ThreadPoolExecutor.java:1134)&#10;        at java.util.concurrent.ThreadPoolExecutor$Worker.run(ThreadPoolExecutor.java:624)&#10;        at java.lang.Thread.run(Thread.java:748)&#10;&quot;pool-56-thread-55&quot;  prio=5 tid=556 in Object.wait()&#10;java.lang.Thread.State: WAITING (on object monitor)&#10;        at sun.misc.Unsafe.park(Native Method)&#10;        at java.util.concurrent.locks.LockSupport.park(LockSupport.java:175)&#10;        at java.util.concurrent.locks.AbstractQueuedSynchronizer$ConditionObject.await(AbstractQueuedSynchronizer.java:2039)&#10;        at java.util.concurrent.ArrayBlockingQueue.take(ArrayBlockingQueue.java:403)&#10;        at java.util.concurrent.ThreadPoolExecutor.getTask(ThreadPoolExecutor.java:1074)&#10;        at java.util.concurrent.ThreadPoolExecutor.runWorker(ThreadPoolExecutor.java:1134)&#10;        at java.util.concurrent.ThreadPoolExecutor$Worker.run(ThreadPoolExecutor.java:624)&#10;        at java.lang.Thread.run(Thread.java:748)&#10;&quot;metrics-hadoop-metrics2-reporter-17-thread-1&quot; daemon prio=5 tid=741 timed_waiting&#10;java.lang.Thread.State: TIMED_WAITING&#10;        at sun.misc.Unsafe.park(Native Method)&#10;        at java.util.concurrent.locks.LockSupport.parkNanos(LockSupport.java:215)&#10;        at java.util.concurrent.locks.AbstractQueuedSynchronizer$ConditionObject.awaitNanos(AbstractQueuedSynchronizer.java:2078)&#10;        at java.util.concurrent.ScheduledThreadPoolExecutor$DelayedWorkQueue.take(ScheduledThreadPoolExecutor.java:1093)&#10;        at java.util.concurrent.ScheduledThreadPoolExecutor$DelayedWorkQueue.take(ScheduledThreadPoolExecutor.java:809)&#10;        at java.util.concurrent.ThreadPoolExecutor.getTask(ThreadPoolExecutor.java:1074)&#10;        at java.util.concurrent.ThreadPoolExecutor.runWorker(ThreadPoolExecutor.java:1134)&#10;        at java.util.concurrent.ThreadPoolExecutor$Worker.run(ThreadPoolExecutor.java:624)&#10;        at java.lang.Thread.run(Thread.java:748)&#10;&quot;pool-66-thread-23&quot;  prio=5 tid=586 in Object.wait()&#10;java.lang.Thread.State: WAITING (on object monitor)&#10;        at sun.misc.Unsafe.park(Native Method)&#10;        at java.util.concurrent.locks.LockSupport.park(LockSupport.java:175)&#10;        at java.util.concurrent.locks.AbstractQueuedSynchronizer$ConditionObject.await(AbstractQueuedSynchronizer.java:2039)&#10;        at java.util.concurrent.ArrayBlockingQueue.take(ArrayBlockingQueue.java:403)&#10;        at java.util.concurrent.ThreadPoolExecutor.getTask(ThreadPoolExecutor.java:1074)&#10;        at java.util.concurrent.ThreadPoolExecutor.runWorker(ThreadPoolExecutor.java:1134)&#10;        at java.util.concurrent.ThreadPoolExecutor$Worker.run(ThreadPoolExecutor.java:624)&#10;        at java.lang.Thread.run(Thread.java:748)&#10;&quot;pool-46-thread-10&quot;  prio=5 tid=444 in Object.wait()&#10;java.lang.Thread.State: WAITING (on object monitor)&#10;        at sun.misc.Unsafe.park(Native Method)&#10;        at java.util.concurrent.locks.LockSupport.park(LockSupport.java:175)&#10;        at java.util.concurrent.locks.AbstractQueuedSynchronizer$ConditionObject.await(AbstractQueuedSynchronizer.java:2039)&#10;        at java.util.concurrent.ArrayBlockingQueue.take(ArrayBlockingQueue.java:403)&#10;        at java.util.concurrent.ThreadPoolExecutor.getTask(ThreadPoolExecutor.java:1074)&#10;        at java.util.concurrent.ThreadPoolExecutor.runWorker(ThreadPoolExecutor.java:1134)&#10;        at java.util.concurrent.ThreadPoolExecutor$Worker.run(ThreadPoolExecutor.java:624)&#10;        at java.lang.Thread.run(Thread.java:748)&#10;&quot;pool-26-thread-59&quot;  prio=5 tid=433 in Object.wait()&#10;java.lang.Thread.State: WAITING (on object monitor)&#10;        at sun.misc.Unsafe.park(Native Method)&#10;        at java.util.concurrent.locks.LockSupport.park(LockSupport.java:175)&#10;        at java.util.concurrent.locks.AbstractQueuedSynchronizer$ConditionObject.await(AbstractQueuedSynchronizer.java:2039)&#10;        at java.util.concurrent.ArrayBlockingQueue.take(ArrayBlockingQueue.java:403)&#10;        at java.util.concurrent.ThreadPoolExecutor.getTask(ThreadPoolExecutor.java:1074)&#10;        at java.util.concurrent.ThreadPoolExecutor.runWorker(ThreadPoolExecutor.java:1134)&#10;        at java.util.concurrent.ThreadPoolExecutor$Worker.run(ThreadPoolExecutor.java:624)&#10;        at java.lang.Thread.run(Thread.java:748)&#10;&quot;pool-26-thread-46&quot;  prio=5 tid=406 in Object.wait()&#10;java.lang.Thread.State: WAITING (on object monitor)&#10;        at sun.misc.Unsafe.park(Native Method)&#10;        at java.util.concurrent.locks.LockSupport.park(LockSupport.java:175)&#10;        at java.util.concurrent.locks.AbstractQueuedSynchronizer$ConditionObject.await(AbstractQueuedSynchronizer.java:2039)&#10;        at java.util.concurrent.ArrayBlockingQueue.take(ArrayBlockingQueue.java:403)&#10;        at java.util.concurrent.ThreadPoolExecutor.getTask(ThreadPoolExecutor.java:1074)&#10;        at java.util.concurrent.ThreadPoolExecutor.runWorker(ThreadPoolExecutor.java:1134)&#10;        at java.util.concurrent.ThreadPoolExecutor$Worker.run(ThreadPoolExecutor.java:624)&#10;        at java.lang.Thread.run(Thread.java:748)&#10;&quot;Datanode State Machine Thread - 0&quot; daemon prio=5 tid=181 timed_waiting&#10;java.lang.Thread.State: TIMED_WAITING&#10;        at sun.misc.Unsafe.park(Native Method)&#10;        at java.util.concurrent.locks.LockSupport.parkNanos(LockSupport.java:215)&#10;        at java.util.concurrent.SynchronousQueue$TransferStack.awaitFulfill(SynchronousQueue.java:460)&#10;        at java.util.concurrent.SynchronousQueue$TransferStack.transfer(SynchronousQueue.java:362)&#10;        at java.util.concurrent.SynchronousQueue.poll(SynchronousQueue.java:941)&#10;        at java.util.concurrent.ThreadPoolExecutor.getTask(ThreadPoolExecutor.java:1073)&#10;        at java.util.concurrent.ThreadPoolExecutor.runWorker(ThreadPoolExecutor.java:1134)&#10;        at java.util.concurrent.ThreadPoolExecutor$Worker.run(ThreadPoolExecutor.java:624)&#10;        at java.lang.Thread.run(Thread.java:748)&#10;&quot;IPC Server handler 14 on 41091&quot; daemon prio=5 tid=130 timed_waiting&#10;java.lang.Thread.State: TIMED_WAITING&#10;        at sun.misc.Unsafe.park(Native Method)&#10;        at java.util.concurrent.locks.LockSupport.parkNanos(LockSupport.java:215)&#10;        at java.util.concurrent.locks.AbstractQueuedSynchronizer$ConditionObject.awaitNanos(AbstractQueuedSynchronizer.java:2078)&#10;        at java.util.concurrent.LinkedBlockingQueue.poll(LinkedBlockingQueue.java:467)&#10;        at org.apache.hadoop.ipc.CallQueueManager.take(CallQueueManager.java:288)&#10;        at org.apache.hadoop.ipc.Server$Handler.run(Server.java:2668)&#10;&quot;SCMBlockDeletingService#0&quot; daemon prio=5 tid=102 timed_waiting&#10;java.lang.Thread.State: TIMED_WAITING&#10;        at sun.misc.Unsafe.park(Native Method)&#10;        at java.util.concurrent.locks.LockSupport.parkNanos(LockSupport.java:215)&#10;        at java.util.concurrent.locks.AbstractQueuedSynchronizer$ConditionObject.awaitNanos(AbstractQueuedSynchronizer.java:2078)&#10;        at java.util.concurrent.ScheduledThreadPoolExecutor$DelayedWorkQueue.take(ScheduledThreadPoolExecutor.java:1093)&#10;        at java.util.concurrent.ScheduledThreadPoolExecutor$DelayedWorkQueue.take(ScheduledThreadPoolExecutor.java:809)&#10;        at java.util.concurrent.ThreadPoolExecutor.getTask(ThreadPoolExecutor.java:1074)&#10;        at java.util.concurrent.ThreadPoolExecutor.runWorker(ThreadPoolExecutor.java:1134)&#10;        at java.util.concurrent.ThreadPoolExecutor$Worker.run(ThreadPoolExecutor.java:624)&#10;        at java.lang.Thread.run(Thread.java:748)&#10;&quot;pool-56-thread-41&quot;  prio=5 tid=542 in Object.wait()&#10;java.lang.Thread.State: WAITING (on object monitor)&#10;        at sun.misc.Unsafe.park(Native Method)&#10;        at java.util.concurrent.locks.LockSupport.park(LockSupport.java:175)&#10;        at java.util.concurrent.locks.AbstractQueuedSynchronizer$ConditionObject.await(AbstractQueuedSynchronizer.java:2039)&#10;        at java.util.concurrent.ArrayBlockingQueue.take(ArrayBlockingQueue.java:403)&#10;        at java.util.concurrent.ThreadPoolExecutor.getTask(ThreadPoolExecutor.java:1074)&#10;        at java.util.concurrent.ThreadPoolExecutor.runWorker(ThreadPoolExecutor.java:1134)&#10;        at java.util.concurrent.ThreadPoolExecutor$Worker.run(ThreadPoolExecutor.java:624)&#10;        at java.lang.Thread.run(Thread.java:748)&#10;&quot;grpc-default-worker-ELG-3-3&quot; daemon prio=5 tid=700 runnable&#10;java.lang.Thread.State: RUNNABLE&#10;        at sun.nio.ch.EPollArrayWrapper.epollWait(Native Method)&#10;        at sun.nio.ch.EPollArrayWrapper.poll(EPollArrayWrapper.java:269)&#10;        at sun.nio.ch.EPollSelectorImpl.doSelect(EPollSelectorImpl.java:93)&#10;        at sun.nio.ch.SelectorImpl.lockAndDoSelect(SelectorImpl.java:86)&#10;        at sun.nio.ch.SelectorImpl.select(SelectorImpl.java:97)&#10;        at org.apache.ratis.thirdparty.io.netty.channel.nio.SelectedSelectionKeySetSelector.select(SelectedSelectionKeySetSelector.java:62)&#10;        at org.apache.ratis.thirdparty.io.netty.channel.nio.NioEventLoop.select(NioEventLoop.java:753)&#10;        at org.apache.ratis.thirdparty.io.netty.channel.nio.NioEventLoop.run(NioEventLoop.java:408)&#10;        at org.apache.ratis.thirdparty.io.netty.util.concurrent.SingleThreadEventExecutor$5.run(SingleThreadEventExecutor.java:897)&#10;        at org.apache.ratis.thirdparty.io.netty.util.concurrent.FastThreadLocalRunnable.run(FastThreadLocalRunnable.java:30)&#10;        at java.lang.Thread.run(Thread.java:748)&#10;&quot;pool-76-thread-28&quot;  prio=5 tid=653 in Object.wait()&#10;java.lang.Thread.State: WAITING (on object monitor)&#10;        at sun.misc.Unsafe.park(Native Method)&#10;        at java.util.concurrent.locks.LockSupport.park(LockSupport.java:175)&#10;        at java.util.concurrent.locks.AbstractQueuedSynchronizer$ConditionObject.await(AbstractQueuedSynchronizer.java:2039)&#10;        at java.util.concurrent.ArrayBlockingQueue.take(ArrayBlockingQueue.java:403)&#10;        at java.util.concurrent.ThreadPoolExecutor.getTask(ThreadPoolExecutor.java:1074)&#10;        at java.util.concurrent.ThreadPoolExecutor.runWorker(ThreadPoolExecutor.java:1134)&#10;        at java.util.concurrent.ThreadPoolExecutor$Worker.run(ThreadPoolExecutor.java:624)&#10;        at java.lang.Thread.run(Thread.java:748)&#10;&quot;4b487190-7547-40c7-b780-43c37a89e8eb@group-E11C942201EC-StateMachineUpdater&quot; daemon prio=5 tid=751 in Object.wait()&#10;java.lang.Thread.State: WAITING (on object monitor)&#10;        at java.lang.Object.wait(Native Method)&#10;        at java.lang.Object.wait(Object.java:502)&#10;        at org.apache.ratis.server.impl.StateMachineUpdater.waitForCommit(StateMachineUpdater.java:194)&#10;        at org.apache.ratis.server.impl.StateMachineUpdater.run(StateMachineUpdater.java:159)&#10;        at java.lang.Thread.run(Thread.java:748)&#10;&quot;9334f5f3-1c9b-4a41-9735-40b3bdb856ca@group-69898A346AAC-SegmentedRaftLogWorker&quot;  prio=5 tid=928 timed_waiting&#10;java.lang.Thread.State: TIMED_WAITING&#10;        at sun.misc.Unsafe.park(Native Method)&#10;        at java.util.concurrent.locks.LockSupport.parkNanos(LockSupport.java:215)&#10;        at java.util.concurrent.locks.AbstractQueuedSynchronizer$ConditionObject.awaitNanos(AbstractQueuedSynchronizer.java:2078)&#10;        at org.apache.ratis.util.DataBlockingQueue.poll(DataBlockingQueue.java:137)&#10;        at org.apache.ratis.server.raftlog.segmented.SegmentedRaftLogWorker.run(SegmentedRaftLogWorker.java:282)&#10;        at java.lang.Thread.run(Thread.java:748)&#10;&quot;pool-56-thread-47&quot;  prio=5 tid=548 in Object.wait()&#10;java.lang.Thread.State: WAITING (on object monitor)&#10;        at sun.misc.Unsafe.park(Native Method)&#10;        at java.util.concurrent.locks.LockSupport.park(LockSupport.java:175)&#10;        at java.util.concurrent.locks.AbstractQueuedSynchronizer$ConditionObject.await(AbstractQueuedSynchronizer.java:2039)&#10;        at java.util.concurrent.ArrayBlockingQueue.take(ArrayBlockingQueue.java:403)&#10;        at java.util.concurrent.ThreadPoolExecutor.getTask(ThreadPoolExecutor.java:1074)&#10;        at java.util.concurrent.ThreadPoolExecutor.runWorker(ThreadPoolExecutor.java:1134)&#10;        at java.util.concurrent.ThreadPoolExecutor$Worker.run(ThreadPoolExecutor.java:624)&#10;        at java.lang.Thread.run(Thread.java:748)&#10;&quot;9334f5f3-1c9b-4a41-9735-40b3bdb856ca@group-AD32415A553A-SegmentedRaftLogWorker&quot;  prio=5 tid=738 timed_waiting&#10;java.lang.Thread.State: TIMED_WAITING&#10;        at sun.misc.Unsafe.park(Native Method)&#10;        at java.util.concurrent.locks.LockSupport.parkNanos(LockSupport.java:215)&#10;        at java.util.concurrent.locks.AbstractQueuedSynchronizer$ConditionObject.awaitNanos(AbstractQueuedSynchronizer.java:2078)&#10;        at org.apache.ratis.util.DataBlockingQueue.poll(DataBlockingQueue.java:137)&#10;        at org.apache.ratis.server.raftlog.segmented.SegmentedRaftLogWorker.run(SegmentedRaftLogWorker.java:282)&#10;        at java.lang.Thread.run(Thread.java:748)&#10;&quot;pool-36-thread-43&quot;  prio=5 tid=399 in Object.wait()&#10;java.lang.Thread.State: WAITING (on object monitor)&#10;        at sun.misc.Unsafe.park(Native Method)&#10;        at java.util.concurrent.locks.LockSupport.park(LockSupport.java:175)&#10;        at java.util.concurrent.locks.AbstractQueuedSynchronizer$ConditionObject.await(AbstractQueuedSynchronizer.java:2039)&#10;        at java.util.concurrent.ArrayBlockingQueue.take(ArrayBlockingQueue.java:403)&#10;        at java.util.concurrent.ThreadPoolExecutor.getTask(ThreadPoolExecutor.java:1074)&#10;        at java.util.concurrent.ThreadPoolExecutor.runWorker(ThreadPoolExecutor.java:1134)&#10;        at java.util.concurrent.ThreadPoolExecutor$Worker.run(ThreadPoolExecutor.java:624)&#10;        at java.lang.Thread.run(Thread.java:748)&#10;&quot;IPC Server handler 16 on 35347&quot; daemon prio=5 tid=86 timed_waiting&#10;java.lang.Thread.State: TIMED_WAITING&#10;        at sun.misc.Unsafe.park(Native Method)&#10;        at java.util.concurrent.locks.LockSupport.parkNanos(LockSupport.java:215)&#10;        at java.util.concurrent.locks.AbstractQueuedSynchronizer$ConditionObject.awaitNanos(AbstractQueuedSynchronizer.java:2078)&#10;        at java.util.concurrent.LinkedBlockingQueue.poll(LinkedBlockingQueue.java:467)&#10;        at org.apache.hadoop.ipc.CallQueueManager.take(CallQueueManager.java:288)&#10;        at org.apache.hadoop.ipc.Server$Handler.run(Server.java:2668)&#10;&quot;Datanode State Machine Thread - 0&quot; daemon prio=5 tid=225 timed_waiting&#10;java.lang.Thread.State: TIMED_WAITING&#10;        at java.lang.Thread.sleep(Native Method)&#10;        at org.apache.hadoop.ozone.container.common.statemachine.DatanodeStateMachine.start(DatanodeStateMachine.java:191)&#10;        at org.apache.hadoop.ozone.container.common.statemachine.DatanodeStateMachine.lambda$startDaemon$0(DatanodeStateMachine.java:349)&#10;        at org.apache.hadoop.ozone.container.common.statemachine.DatanodeStateMachine$$Lambda$140/532411881.run(Unknown Source)&#10;        at java.lang.Thread.run(Thread.java:748)&#10;&quot;metrics-hadoop-metrics2-reporter-12-thread-1&quot; daemon prio=5 tid=730 timed_waiting&#10;java.lang.Thread.State: TIMED_WAITING&#10;        at sun.misc.Unsafe.park(Native Method)&#10;        at java.util.concurrent.locks.LockSupport.parkNanos(LockSupport.java:215)&#10;        at java.util.concurrent.locks.AbstractQueuedSynchronizer$ConditionObject.awaitNanos(AbstractQueuedSynchronizer.java:2078)&#10;        at java.util.concurrent.ScheduledThreadPoolExecutor$DelayedWorkQueue.take(ScheduledThreadPoolExecutor.java:1093)&#10;        at java.util.concurrent.ScheduledThreadPoolExecutor$DelayedWorkQueue.take(ScheduledThreadPoolExecutor.java:809)&#10;        at java.util.concurrent.ThreadPoolExecutor.getTask(ThreadPoolExecutor.java:1074)&#10;        at java.util.concurrent.ThreadPoolExecutor.runWorker(ThreadPoolExecutor.java:1134)&#10;        at java.util.concurrent.ThreadPoolExecutor$Worker.run(ThreadPoolExecutor.java:624)&#10;        at java.lang.Thread.run(Thread.java:748)&#10;&quot;pool-66-thread-30&quot;  prio=5 tid=593 in Object.wait()&#10;java.lang.Thread.State: WAITING (on object monitor)&#10;        at sun.misc.Unsafe.park(Native Method)&#10;        at java.util.concurrent.locks.LockSupport.park(LockSupport.java:175)&#10;        at java.util.concurrent.locks.AbstractQueuedSynchronizer$ConditionObject.await(AbstractQueuedSynchronizer.java:2039)&#10;        at java.util.concurrent.ArrayBlockingQueue.take(ArrayBlockingQueue.java:403)&#10;        at java.util.concurrent.ThreadPoolExecutor.getTask(ThreadPoolExecutor.java:1074)&#10;        at java.util.concurrent.ThreadPoolExecutor.runWorker(ThreadPoolExecutor.java:1134)&#10;        at java.util.concurrent.ThreadPoolExecutor$Worker.run(ThreadPoolExecutor.java:624)&#10;        at java.lang.Thread.run(Thread.java:748)&#10;&quot;3d3aac8b-d4d1-454d-bf0c-88a180692893@group-BAC069DAEF17-StateMachineUpdater&quot; daemon prio=5 tid=949 in Object.wait()&#10;java.lang.Thread.State: WAITING (on object monitor)&#10;        at java.lang.Object.wait(Native Method)&#10;        at java.lang.Object.wait(Object.java:502)&#10;        at org.apache.ratis.server.impl.StateMachineUpdater.waitForCommit(StateMachineUpdater.java:194)&#10;        at org.apache.ratis.server.impl.StateMachineUpdater.run(StateMachineUpdater.java:159)&#10;        at java.lang.Thread.run(Thread.java:748)&#10;&quot;IPC Server handler 16 on 33888&quot; daemon prio=5 tid=46 timed_waiting&#10;java.lang.Thread.State: TIMED_WAITING&#10;        at sun.misc.Unsafe.park(Native Method)&#10;        at java.util.concurrent.locks.LockSupport.parkNanos(LockSupport.java:215)&#10;        at java.util.concurrent.locks.AbstractQueuedSynchronizer$ConditionObject.awaitNanos(AbstractQueuedSynchronizer.java:2078)&#10;        at java.util.concurrent.LinkedBlockingQueue.poll(LinkedBlockingQueue.java:467)&#10;        at org.apache.hadoop.ipc.CallQueueManager.take(CallQueueManager.java:288)&#10;        at org.apache.hadoop.ipc.Server$Handler.run(Server.java:2668)&#10;&quot;qtp64027122-166&quot; daemon prio=5 tid=166 timed_waiting&#10;java.lang.Thread.State: TIMED_WAITING&#10;        at sun.misc.Unsafe.park(Native Method)&#10;        at java.util.concurrent.locks.LockSupport.parkNanos(LockSupport.java:215)&#10;        at java.util.concurrent.locks.AbstractQueuedSynchronizer$ConditionObject.awaitNanos(AbstractQueuedSynchronizer.java:2078)&#10;        at org.eclipse.jetty.util.BlockingArrayQueue.poll(BlockingArrayQueue.java:392)&#10;        at org.eclipse.jetty.util.thread.QueuedThreadPool.idleJobPoll(QueuedThreadPool.java:563)&#10;        at org.eclipse.jetty.util.thread.QueuedThreadPool.access$800(QueuedThreadPool.java:48)&#10;        at org.eclipse.jetty.util.thread.QueuedThreadPool$2.run(QueuedThreadPool.java:626)&#10;        at java.lang.Thread.run(Thread.java:748)&#10;&quot;pool-66-thread-48&quot;  prio=5 tid=611 in Object.wait()&#10;java.lang.Thread.State: WAITING (on object monitor)&#10;        at sun.misc.Unsafe.park(Native Method)&#10;        at java.util.concurrent.locks.LockSupport.park(LockSupport.java:175)&#10;        at java.util.concurrent.locks.AbstractQueuedSynchronizer$ConditionObject.await(AbstractQueuedSynchronizer.java:2039)&#10;        at java.util.concurrent.ArrayBlockingQueue.take(ArrayBlockingQueue.java:403)&#10;        at java.util.concurrent.ThreadPoolExecutor.getTask(ThreadPoolExecutor.java:1074)&#10;        at java.util.concurrent.ThreadPoolExecutor.runWorker(ThreadPoolExecutor.java:1134)&#10;        at java.util.concurrent.ThreadPoolExecutor$Worker.run(ThreadPoolExecutor.java:624)&#10;        at java.lang.Thread.run(Thread.java:748)&#10;&quot;metrics-hadoop-metrics2-reporter-68-thread-1&quot; daemon prio=5 tid=961 timed_waiting&#10;java.lang.Thread.State: TIMED_WAITING&#10;        at sun.misc.Unsafe.park(Native Method)&#10;        at java.util.concurrent.locks.LockSupport.parkNanos(LockSupport.java:215)&#10;        at java.util.concurrent.locks.AbstractQueuedSynchronizer$ConditionObject.awaitNanos(AbstractQueuedSynchronizer.java:2078)&#10;        at java.util.concurrent.ScheduledThreadPoolExecutor$DelayedWorkQueue.take(ScheduledThreadPoolExecutor.java:1093)&#10;        at java.util.concurrent.ScheduledThreadPoolExecutor$DelayedWorkQueue.take(ScheduledThreadPoolExecutor.java:809)&#10;        at java.util.concurrent.ThreadPoolExecutor.getTask(ThreadPoolExecutor.java:1074)&#10;        at java.util.concurrent.ThreadPoolExecutor.runWorker(ThreadPoolExecutor.java:1134)&#10;        at java.util.concurrent.ThreadPoolExecutor$Worker.run(ThreadPoolExecutor.java:624)&#10;        at java.lang.Thread.run(Thread.java:748)&#10;&quot;pool-76-thread-54&quot;  prio=5 tid=679 in Object.wait()&#10;java.lang.Thread.State: WAITING (on object monitor)&#10;        at sun.misc.Unsafe.park(Native Method)&#10;        at java.util.concurrent.locks.LockSupport.park(LockSupport.java:175)&#10;        at java.util.concurrent.locks.AbstractQueuedSynchronizer$ConditionObject.await(AbstractQueuedSynchronizer.java:2039)&#10;        at java.util.concurrent.ArrayBlockingQueue.take(ArrayBlockingQueue.java:403)&#10;        at java.util.concurrent.ThreadPoolExecutor.getTask(ThreadPoolExecutor.java:1074)&#10;        at java.util.concurrent.ThreadPoolExecutor.runWorker(ThreadPoolExecutor.java:1134)&#10;        at java.util.concurrent.ThreadPoolExecutor$Worker.run(ThreadPoolExecutor.java:624)&#10;        at java.lang.Thread.run(Thread.java:748)&#10;&quot;qtp693544819-241&quot; daemon prio=5 tid=241 runnable&#10;java.lang.Thread.State: RUNNABLE&#10;        at sun.nio.ch.EPollArrayWrapper.epollWait(Native Method)&#10;        at sun.nio.ch.EPollArrayWrapper.poll(EPollArrayWrapper.java:269)&#10;        at sun.nio.ch.EPollSelectorImpl.doSelect(EPollSelectorImpl.java:93)&#10;        at sun.nio.ch.SelectorImpl.lockAndDoSelect(SelectorImpl.java:86)&#10;        at sun.nio.ch.SelectorImpl.select(SelectorImpl.java:97)&#10;        at sun.nio.ch.SelectorImpl.select(SelectorImpl.java:101)&#10;        at org.eclipse.jetty.io.ManagedSelector$SelectorProducer.select(ManagedSelector.java:243)&#10;        at org.eclipse.jetty.io.ManagedSelector$SelectorProducer.produce(ManagedSelector.java:191)&#10;        at org.eclipse.jetty.util.thread.strategy.ExecuteProduceConsume.executeProduceConsume(ExecuteProduceConsume.java:249)&#10;        at org.eclipse.jetty.util.thread.strategy.ExecuteProduceConsume.produceConsume(ExecuteProduceConsume.java:148)&#10;        at org.eclipse.jetty.util.thread.strategy.ExecuteProduceConsume.execute(ExecuteProduceConsume.java:100)&#10;        at org.eclipse.jetty.io.ManagedSelector.run(ManagedSelector.java:147)&#10;        at org.eclipse.jetty.util.thread.QueuedThreadPool.runJob(QueuedThreadPool.java:671)&#10;        at org.eclipse.jetty.util.thread.QueuedThreadPool$2.run(QueuedThreadPool.java:589)&#10;        at java.lang.Thread.run(Thread.java:748)&#10;&quot;pool-66-thread-7&quot;  prio=5 tid=570 in Object.wait()&#10;java.lang.Thread.State: WAITING (on object monitor)&#10;        at sun.misc.Unsafe.park(Native Method)&#10;        at java.util.concurrent.locks.LockSupport.park(LockSupport.java:175)&#10;        at java.util.concurrent.locks.AbstractQueuedSynchronizer$ConditionObject.await(AbstractQueuedSynchronizer.java:2039)&#10;        at java.util.concurrent.ArrayBlockingQueue.take(ArrayBlockingQueue.java:403)&#10;        at java.util.concurrent.ThreadPoolExecutor.getTask(ThreadPoolExecutor.java:1074)&#10;        at java.util.concurrent.ThreadPoolExecutor.runWorker(ThreadPoolExecutor.java:1134)&#10;        at java.util.concurrent.ThreadPoolExecutor$Worker.run(ThreadPoolExecutor.java:624)&#10;        at java.lang.Thread.run(Thread.java:748)&#10;&quot;pool-26-thread-20&quot;  prio=5 tid=352 in Object.wait()&#10;java.lang.Thread.State: WAITING (on object monitor)&#10;        at sun.misc.Unsafe.park(Native Method)&#10;        at java.util.concurrent.locks.LockSupport.park(LockSupport.java:175)&#10;        at java.util.concurrent.locks.AbstractQueuedSynchronizer$ConditionObject.await(AbstractQueuedSynchronizer.java:2039)&#10;        at java.util.concurrent.ArrayBlockingQueue.take(ArrayBlockingQueue.java:403)&#10;        at java.util.concurrent.ThreadPoolExecutor.getTask(ThreadPoolExecutor.java:1074)&#10;        at java.util.concurrent.ThreadPoolExecutor.runWorker(ThreadPoolExecutor.java:1134)&#10;        at java.util.concurrent.ThreadPoolExecutor$Worker.run(ThreadPoolExecutor.java:624)&#10;        at java.lang.Thread.run(Thread.java:748)&#10;&quot;org.eclipse.jetty.server.session.HashSessionManager@5f33b8ceTimer&quot; daemon prio=5 tid=145 timed_waiting&#10;java.lang.Thread.State: TIMED_WAITING&#10;        at sun.misc.Unsafe.park(Native Method)&#10;        at java.util.concurrent.locks.LockSupport.parkNanos(LockSupport.java:215)&#10;        at java.util.concurrent.locks.AbstractQueuedSynchronizer$ConditionObject.awaitNanos(AbstractQueuedSynchronizer.java:2078)&#10;        at java.util.concurrent.ScheduledThreadPoolExecutor$DelayedWorkQueue.take(ScheduledThreadPoolExecutor.java:1093)&#10;        at java.util.concurrent.ScheduledThreadPoolExecutor$DelayedWorkQueue.take(ScheduledThreadPoolExecutor.java:809)&#10;        at java.util.concurrent.ThreadPoolExecutor.getTask(ThreadPoolExecutor.java:1074)&#10;        at java.util.concurrent.ThreadPoolExecutor.runWorker(ThreadPoolExecutor.java:1134)&#10;        at java.util.concurrent.ThreadPoolExecutor$Worker.run(ThreadPoolExecutor.java:624)&#10;        at java.lang.Thread.run(Thread.java:748)&#10;&quot;refreshUsed-/workdir/hadoop-ozone/integration-test/target/test-dir/MiniOzoneClusterImpl-58fc3ecd-0fbd-4e7b-a09c-4106a93dde4d/datanode-4/data/containers&quot; daemon prio=5 tid=263 timed_waiting&#10;java.lang.Thread.State: TIMED_WAITING&#10;        at java.lang.Thread.sleep(Native Method)&#10;        at org.apache.hadoop.fs.CachingGetSpaceUsed$RefreshThread.run(CachingGetSpaceUsed.java:179)&#10;        at java.lang.Thread.run(Thread.java:748)&#10;&quot;pool-36-thread-59&quot;  prio=5 tid=430 in Object.wait()&#10;java.lang.Thread.State: WAITING (on object monitor)&#10;        at sun.misc.Unsafe.park(Native Method)&#10;        at java.util.concurrent.locks.LockSupport.park(LockSupport.java:175)&#10;        at java.util.concurrent.locks.AbstractQueuedSynchronizer$ConditionObject.await(AbstractQueuedSynchronizer.java:2039)&#10;        at java.util.concurrent.ArrayBlockingQueue.take(ArrayBlockingQueue.java:403)&#10;        at java.util.concurrent.ThreadPoolExecutor.getTask(ThreadPoolExecutor.java:1074)&#10;        at java.util.concurrent.ThreadPoolExecutor.runWorker(ThreadPoolExecutor.java:1134)&#10;        at java.util.concurrent.ThreadPoolExecutor$Worker.run(ThreadPoolExecutor.java:624)&#10;        at java.lang.Thread.run(Thread.java:748)&#10;&quot;pool-76-thread-30&quot;  prio=5 tid=655 in Object.wait()&#10;java.lang.Thread.State: WAITING (on object monitor)&#10;        at sun.misc.Unsafe.park(Native Method)&#10;        at java.util.concurrent.locks.LockSupport.park(LockSupport.java:175)&#10;        at java.util.concurrent.locks.AbstractQueuedSynchronizer$ConditionObject.await(AbstractQueuedSynchronizer.java:2039)&#10;        at java.util.concurrent.ArrayBlockingQueue.take(ArrayBlockingQueue.java:403)&#10;        at java.util.concurrent.ThreadPoolExecutor.getTask(ThreadPoolExecutor.java:1074)&#10;        at java.util.concurrent.ThreadPoolExecutor.runWorker(ThreadPoolExecutor.java:1134)&#10;        at java.util.concurrent.ThreadPoolExecutor$Worker.run(ThreadPoolExecutor.java:624)&#10;        at java.lang.Thread.run(Thread.java:748)&#10;&quot;IPC Server handler 8 on 41091&quot; daemon prio=5 tid=123 timed_waiting&#10;java.lang.Thread.State: TIMED_WAITING&#10;        at sun.misc.Unsafe.park(Native Method)&#10;        at java.util.concurrent.locks.LockSupport.parkNanos(LockSupport.java:215)&#10;        at java.util.concurrent.locks.AbstractQueuedSynchronizer$ConditionObject.awaitNanos(AbstractQueuedSynchronizer.java:2078)&#10;        at java.util.concurrent.LinkedBlockingQueue.poll(LinkedBlockingQueue.java:467)&#10;        at org.apache.hadoop.ipc.CallQueueManager.take(CallQueueManager.java:288)&#10;        at org.apache.hadoop.ipc.Server$Handler.run(Server.java:2668)&#10;&quot;pool-36-thread-48&quot;  prio=5 tid=409 in Object.wait()&#10;java.lang.Thread.State: WAITING (on object monitor)&#10;        at sun.misc.Unsafe.park(Native Method)&#10;        at java.util.concurrent.locks.LockSupport.park(LockSupport.java:175)&#10;        at java.util.concurrent.locks.AbstractQueuedSynchronizer$ConditionObject.await(AbstractQueuedSynchronizer.java:2039)&#10;        at java.util.concurrent.ArrayBlockingQueue.take(ArrayBlockingQueue.java:403)&#10;        at java.util.concurrent.ThreadPoolExecutor.getTask(ThreadPoolExecutor.java:1074)&#10;        at java.util.concurrent.ThreadPoolExecutor.runWorker(ThreadPoolExecutor.java:1134)&#10;        at java.util.concurrent.ThreadPoolExecutor$Worker.run(ThreadPoolExecutor.java:624)&#10;        at java.lang.Thread.run(Thread.java:748)&#10;&quot;IPC Server handler 11 on 33440&quot; daemon prio=5 tid=61 timed_waiting&#10;java.lang.Thread.State: TIMED_WAITING&#10;        at sun.misc.Unsafe.park(Native Method)&#10;        at java.util.concurrent.locks.LockSupport.parkNanos(LockSupport.java:215)&#10;        at java.util.concurrent.locks.AbstractQueuedSynchronizer$ConditionObject.awaitNanos(AbstractQueuedSynchronizer.java:2078)&#10;        at java.util.concurrent.LinkedBlockingQueue.poll(LinkedBlockingQueue.java:467)&#10;        at org.apache.hadoop.ipc.CallQueueManager.take(CallQueueManager.java:288)&#10;        at org.apache.hadoop.ipc.Server$Handler.run(Server.java:2668)&#10;&quot;java.util.concurrent.ThreadPoolExecutor$Worker@785a19e4[State = -1, empty queue]&quot; daemon prio=5 tid=868 timed_waiting&#10;java.lang.Thread.State: TIMED_WAITING&#10;        at sun.misc.Unsafe.park(Native Method)&#10;        at java.util.concurrent.locks.LockSupport.parkNanos(LockSupport.java:215)&#10;        at java.util.concurrent.locks.AbstractQueuedSynchronizer$ConditionObject.awaitNanos(AbstractQueuedSynchronizer.java:2078)&#10;        at java.util.concurrent.ScheduledThreadPoolExecutor$DelayedWorkQueue.take(ScheduledThreadPoolExecutor.java:1093)&#10;        at java.util.concurrent.ScheduledThreadPoolExecutor$DelayedWorkQueue.take(ScheduledThreadPoolExecutor.java:809)&#10;        at java.util.concurrent.ThreadPoolExecutor.getTask(ThreadPoolExecutor.java:1074)&#10;        at java.util.concurrent.ThreadPoolExecutor.runWorker(ThreadPoolExecutor.java:1134)&#10;        at java.util.concurrent.ThreadPoolExecutor$Worker.run(ThreadPoolExecutor.java:624)&#10;        at java.lang.Thread.run(Thread.java:748)&#10;&quot;IPC Server handler 4 on 33888&quot; daemon prio=5 tid=34 timed_waiting&#10;java.lang.Thread.State: TIMED_WAITING&#10;        at sun.misc.Unsafe.park(Native Method)&#10;        at java.util.concurrent.locks.LockSupport.parkNanos(LockSupport.java:215)&#10;        at java.util.concurrent.locks.AbstractQueuedSynchronizer$ConditionObject.awaitNanos(AbstractQueuedSynchronizer.java:2078)&#10;        at java.util.concurrent.LinkedBlockingQueue.poll(LinkedBlockingQueue.java:467)&#10;        at org.apache.hadoop.ipc.CallQueueManager.take(CallQueueManager.java:288)&#10;        at org.apache.hadoop.ipc.Server$Handler.run(Server.java:2668)&#10;&quot;grpc-default-worker-ELG-3-4&quot; daemon prio=5 tid=701 runnable&#10;java.lang.Thread.State: RUNNABLE&#10;        at sun.nio.ch.EPollArrayWrapper.epollWait(Native Method)&#10;        at sun.nio.ch.EPollArrayWrapper.poll(EPollArrayWrapper.java:269)&#10;        at sun.nio.ch.EPollSelectorImpl.doSelect(EPollSelectorImpl.java:93)&#10;        at sun.nio.ch.SelectorImpl.lockAndDoSelect(SelectorImpl.java:86)&#10;        at sun.nio.ch.SelectorImpl.select(SelectorImpl.java:97)&#10;        at org.apache.ratis.thirdparty.io.netty.channel.nio.SelectedSelectionKeySetSelector.select(SelectedSelectionKeySetSelector.java:62)&#10;        at org.apache.ratis.thirdparty.io.netty.channel.nio.NioEventLoop.select(NioEventLoop.java:753)&#10;        at org.apache.ratis.thirdparty.io.netty.channel.nio.NioEventLoop.run(NioEventLoop.java:408)&#10;        at org.apache.ratis.thirdparty.io.netty.util.concurrent.SingleThreadEventExecutor$5.run(SingleThreadEventExecutor.java:897)&#10;        at org.apache.ratis.thirdparty.io.netty.util.concurrent.FastThreadLocalRunnable.run(FastThreadLocalRunnable.java:30)&#10;        at java.lang.Thread.run(Thread.java:748)&#10;&quot;pool-46-thread-47&quot;  prio=5 tid=481 in Object.wait()&#10;java.lang.Thread.State: WAITING (on object monitor)&#10;        at sun.misc.Unsafe.park(Native Method)&#10;        at java.util.concurrent.locks.LockSupport.park(LockSupport.java:175)&#10;        at java.util.concurrent.locks.AbstractQueuedSynchronizer$ConditionObject.await(AbstractQueuedSynchronizer.java:2039)&#10;        at java.util.concurrent.ArrayBlockingQueue.take(ArrayBlockingQueue.java:403)&#10;        at java.util.concurrent.ThreadPoolExecutor.getTask(ThreadPoolExecutor.java:1074)&#10;        at java.util.concurrent.ThreadPoolExecutor.runWorker(ThreadPoolExecutor.java:1134)&#10;        at java.util.concurrent.ThreadPoolExecutor$Worker.run(ThreadPoolExecutor.java:624)&#10;        at java.lang.Thread.run(Thread.java:748)&#10;&quot;metrics-hadoop-metrics2-reporter-33-thread-1&quot; daemon prio=5 tid=786 timed_waiting&#10;java.lang.Thread.State: TIMED_WAITING&#10;        at sun.misc.Unsafe.park(Native Method)&#10;        at java.util.concurrent.locks.LockSupport.parkNanos(LockSupport.java:215)&#10;        at java.util.concurrent.locks.AbstractQueuedSynchronizer$ConditionObject.awaitNanos(AbstractQueuedSynchronizer.java:2078)&#10;        at java.util.concurrent.ScheduledThreadPoolExecutor$DelayedWorkQueue.take(ScheduledThreadPoolExecutor.java:1093)&#10;        at java.util.concurrent.ScheduledThreadPoolExecutor$DelayedWorkQueue.take(ScheduledThreadPoolExecutor.java:809)&#10;        at java.util.concurrent.ThreadPoolExecutor.getTask(ThreadPoolExecutor.java:1074)&#10;        at java.util.concurrent.ThreadPoolExecutor.runWorker(ThreadPoolExecutor.java:1134)&#10;        at java.util.concurrent.ThreadPoolExecutor$Worker.run(ThreadPoolExecutor.java:624)&#10;        at java.lang.Thread.run(Thread.java:748)&#10;&quot;pool-26-thread-8&quot;  prio=5 tid=327 in Object.wait()&#10;java.lang.Thread.State: WAITING (on object monitor)&#10;        at sun.misc.Unsafe.park(Native Method)&#10;        at java.util.concurrent.locks.LockSupport.park(LockSupport.java:175)&#10;        at java.util.concurrent.locks.AbstractQueuedSynchronizer$ConditionObject.await(AbstractQueuedSynchronizer.java:2039)&#10;        at java.util.concurrent.ArrayBlockingQueue.take(ArrayBlockingQueue.java:403)&#10;        at java.util.concurrent.ThreadPoolExecutor.getTask(ThreadPoolExecutor.java:1074)&#10;        at java.util.concurrent.ThreadPoolExecutor.runWorker(ThreadPoolExecutor.java:1134)&#10;        at java.util.concurrent.ThreadPoolExecutor$Worker.run(ThreadPoolExecutor.java:624)&#10;        at java.lang.Thread.run(Thread.java:748)&#10;&quot;IPC Server handler 17 on 33440&quot; daemon prio=5 tid=67 timed_waiting&#10;java.lang.Thread.State: TIMED_WAITING&#10;        at sun.misc.Unsafe.park(Native Method)&#10;        at java.util.concurrent.locks.LockSupport.parkNanos(LockSupport.java:215)&#10;        at java.util.concurrent.locks.AbstractQueuedSynchronizer$ConditionObject.awaitNanos(AbstractQueuedSynchronizer.java:2078)&#10;        at java.util.concurrent.LinkedBlockingQueue.poll(LinkedBlockingQueue.java:467)&#10;        at org.apache.hadoop.ipc.CallQueueManager.take(CallQueueManager.java:288)&#10;        at org.apache.hadoop.ipc.Server$Handler.run(Server.java:2668)&#10;&quot;pool-54-thread-1&quot; daemon prio=5 tid=238 timed_waiting&#10;java.lang.Thread.State: TIMED_WAITING&#10;        at sun.misc.Unsafe.park(Native Method)&#10;        at java.util.concurrent.locks.LockSupport.parkNanos(LockSupport.java:215)&#10;        at java.util.concurrent.locks.AbstractQueuedSynchronizer$ConditionObject.awaitNanos(AbstractQueuedSynchronizer.java:2078)&#10;        at java.util.concurrent.ScheduledThreadPoolExecutor$DelayedWorkQueue.take(ScheduledThreadPoolExecutor.java:1093)&#10;        at java.util.concurrent.ScheduledThreadPoolExecutor$DelayedWorkQueue.take(ScheduledThreadPoolExecutor.java:809)&#10;        at java.util.concurrent.ThreadPoolExecutor.getTask(ThreadPoolExecutor.java:1074)&#10;        at java.util.concurrent.ThreadPoolExecutor.runWorker(ThreadPoolExecutor.java:1134)&#10;        at java.util.concurrent.ThreadPoolExecutor$Worker.run(ThreadPoolExecutor.java:624)&#10;        at java.lang.Thread.run(Thread.java:748)&#10;&quot;pool-66-thread-58&quot;  prio=5 tid=621 in Object.wait()&#10;java.lang.Thread.State: WAITING (on object monitor)&#10;        at sun.misc.Unsafe.park(Native Method)&#10;        at java.util.concurrent.locks.LockSupport.park(LockSupport.java:175)&#10;        at java.util.concurrent.locks.AbstractQueuedSynchronizer$ConditionObject.await(AbstractQueuedSynchronizer.java:2039)&#10;        at java.util.concurrent.ArrayBlockingQueue.take(ArrayBlockingQueue.java:403)&#10;        at java.util.concurrent.ThreadPoolExecutor.getTask(ThreadPoolExecutor.java:1074)&#10;        at java.util.concurrent.ThreadPoolExecutor.runWorker(ThreadPoolExecutor.java:1134)&#10;        at java.util.concurrent.ThreadPoolExecutor$Worker.run(ThreadPoolExecutor.java:624)&#10;        at java.lang.Thread.run(Thread.java:748)&#10;&quot;SCM Heartbeat Processing Thread - 0&quot; daemon prio=5 tid=14 timed_waiting&#10;java.lang.Thread.State: TIMED_WAITING&#10;        at sun.misc.Unsafe.park(Native Method)&#10;        at java.util.concurrent.locks.LockSupport.parkNanos(LockSupport.java:215)&#10;        at java.util.concurrent.locks.AbstractQueuedSynchronizer$ConditionObject.awaitNanos(AbstractQueuedSynchronizer.java:2078)&#10;        at java.util.concurrent.ScheduledThreadPoolExecutor$DelayedWorkQueue.take(ScheduledThreadPoolExecutor.java:1093)&#10;        at java.util.concurrent.ScheduledThreadPoolExecutor$DelayedWorkQueue.take(ScheduledThreadPoolExecutor.java:809)&#10;        at java.util.concurrent.ThreadPoolExecutor.getTask(ThreadPoolExecutor.java:1074)&#10;        at java.util.concurrent.ThreadPoolExecutor.runWorker(ThreadPoolExecutor.java:1134)&#10;        at java.util.concurrent.ThreadPoolExecutor$Worker.run(ThreadPoolExecutor.java:624)&#10;        at java.lang.Thread.run(Thread.java:748)&#10;&quot;Thread-247&quot; daemon prio=5 tid=758 timed_waiting&#10;java.lang.Thread.State: TIMED_WAITING&#10;        at sun.misc.Unsafe.park(Native Method)&#10;        at java.util.concurrent.locks.LockSupport.parkNanos(LockSupport.java:215)&#10;        at java.util.concurrent.locks.AbstractQueuedSynchronizer$ConditionObject.awaitNanos(AbstractQueuedSynchronizer.java:2078)&#10;        at java.util.concurrent.ArrayBlockingQueue.poll(ArrayBlockingQueue.java:418)&#10;        at org.apache.ratis.server.impl.LeaderState$EventQueue.poll(LeaderState.java:115)&#10;        at org.apache.ratis.server.impl.LeaderState$EventProcessor.run(LeaderState.java:467)&#10;&quot;pool-26-thread-56&quot;  prio=5 tid=427 in Object.wait()&#10;java.lang.Thread.State: WAITING (on object monitor)&#10;        at sun.misc.Unsafe.park(Native Method)&#10;        at java.util.concurrent.locks.LockSupport.park(LockSupport.java:175)&#10;        at java.util.concurrent.locks.AbstractQueuedSynchronizer$ConditionObject.await(AbstractQueuedSynchronizer.java:2039)&#10;        at java.util.concurrent.ArrayBlockingQueue.take(ArrayBlockingQueue.java:403)&#10;        at java.util.concurrent.ThreadPoolExecutor.getTask(ThreadPoolExecutor.java:1074)&#10;        at java.util.concurrent.ThreadPoolExecutor.runWorker(ThreadPoolExecutor.java:1134)&#10;        at java.util.concurrent.ThreadPoolExecutor$Worker.run(ThreadPoolExecutor.java:624)&#10;        at java.lang.Thread.run(Thread.java:748)&#10;&quot;IPC Server handler 18 on 33888&quot; daemon prio=5 tid=48 timed_waiting&#10;java.lang.Thread.State: TIMED_WAITING&#10;        at sun.misc.Unsafe.park(Native Method)&#10;        at java.util.concurrent.locks.LockSupport.parkNanos(LockSupport.java:215)&#10;        at java.util.concurrent.locks.AbstractQueuedSynchronizer$ConditionObject.awaitNanos(AbstractQueuedSynchronizer.java:2078)&#10;        at java.util.concurrent.LinkedBlockingQueue.poll(LinkedBlockingQueue.java:467)&#10;        at org.apache.hadoop.ipc.CallQueueManager.take(CallQueueManager.java:288)&#10;        at org.apache.hadoop.ipc.Server$Handler.run(Server.java:2668)&#10;&quot;metrics-hadoop-metrics2-reporter-79-thread-1&quot; daemon prio=5 tid=1041 timed_waiting&#10;java.lang.Thread.State: TIMED_WAITING&#10;        at sun.misc.Unsafe.park(Native Method)&#10;        at java.util.concurrent.locks.LockSupport.parkNanos(LockSupport.java:215)&#10;        at java.util.concurrent.locks.AbstractQueuedSynchronizer$ConditionObject.awaitNanos(AbstractQueuedSynchronizer.java:2078)&#10;        at java.util.concurrent.ScheduledThreadPoolExecutor$DelayedWorkQueue.take(ScheduledThreadPoolExecutor.java:1093)&#10;        at java.util.concurrent.ScheduledThreadPoolExecutor$DelayedWorkQueue.take(ScheduledThreadPoolExecutor.java:809)&#10;        at java.util.concurrent.ThreadPoolExecutor.getTask(ThreadPoolExecutor.java:1074)&#10;        at java.util.concurrent.ThreadPoolExecutor.runWorker(ThreadPoolExecutor.java:1134)&#10;        at java.util.concurrent.ThreadPoolExecutor$Worker.run(ThreadPoolExecutor.java:624)&#10;        at java.lang.Thread.run(Thread.java:748)&#10;&quot;OMDoubleBufferFlushThread&quot; daemon prio=5 tid=107 timed_waiting&#10;java.lang.Thread.State: TIMED_WAITING&#10;        at java.lang.Object.wait(Native Method)&#10;        at org.apache.hadoop.ozone.om.ratis.OzoneManagerDoubleBuffer.canFlush(OzoneManagerDoubleBuffer.java:322)&#10;        at org.apache.hadoop.ozone.om.ratis.OzoneManagerDoubleBuffer.flushTransactions(OzoneManagerDoubleBuffer.java:130)&#10;        at org.apache.hadoop.ozone.om.ratis.OzoneManagerDoubleBuffer$$Lambda$49/1168780822.run(Unknown Source)&#10;        at java.lang.Thread.run(Thread.java:748)&#10;&quot;IPC Server handler 10 on 33888&quot; daemon prio=5 tid=40 timed_waiting&#10;java.lang.Thread.State: TIMED_WAITING&#10;        at sun.misc.Unsafe.park(Native Method)&#10;        at java.util.concurrent.locks.LockSupport.parkNanos(LockSupport.java:215)&#10;        at java.util.concurrent.locks.AbstractQueuedSynchronizer$ConditionObject.awaitNanos(AbstractQueuedSynchronizer.java:2078)&#10;        at java.util.concurrent.LinkedBlockingQueue.poll(LinkedBlockingQueue.java:467)&#10;        at org.apache.hadoop.ipc.CallQueueManager.take(CallQueueManager.java:288)&#10;        at org.apache.hadoop.ipc.Server$Handler.run(Server.java:2668)&#10;&quot;qtp92143380-270&quot; daemon prio=5 tid=270 timed_waiting&#10;java.lang.Thread.State: TIMED_WAITING&#10;        at sun.misc.Unsafe.park(Native Method)&#10;        at java.util.concurrent.locks.LockSupport.parkNanos(LockSupport.java:215)&#10;        at java.util.concurrent.locks.AbstractQueuedSynchronizer$ConditionObject.awaitNanos(AbstractQueuedSynchronizer.java:2078)&#10;        at org.eclipse.jetty.util.BlockingArrayQueue.poll(BlockingArrayQueue.java:392)&#10;        at org.eclipse.jetty.util.thread.QueuedThreadPool.idleJobPoll(QueuedThreadPool.java:563)&#10;        at org.eclipse.jetty.util.thread.QueuedThreadPool.access$800(QueuedThreadPool.java:48)&#10;        at org.eclipse.jetty.util.thread.QueuedThreadPool$2.run(QueuedThreadPool.java:626)&#10;        at java.lang.Thread.run(Thread.java:748)&#10;&quot;EventQueue-ContainerReportForContainerReportHandler&quot; daemon prio=5 tid=690 in Object.wait()&#10;java.lang.Thread.State: WAITING (on object monitor)&#10;        at sun.misc.Unsafe.park(Native Method)&#10;        at java.util.concurrent.locks.LockSupport.park(LockSupport.java:175)&#10;        at java.util.concurrent.locks.AbstractQueuedSynchronizer$ConditionObject.await(AbstractQueuedSynchronizer.java:2039)&#10;        at java.util.concurrent.LinkedBlockingQueue.take(LinkedBlockingQueue.java:442)&#10;        at java.util.concurrent.ThreadPoolExecutor.getTask(ThreadPoolExecutor.java:1074)&#10;        at java.util.concurrent.ThreadPoolExecutor.runWorker(ThreadPoolExecutor.java:1134)&#10;        at java.util.concurrent.ThreadPoolExecutor$Worker.run(ThreadPoolExecutor.java:624)&#10;        at java.lang.Thread.run(Thread.java:748)&#10;&quot;pool-56-thread-57&quot;  prio=5 tid=558 in Object.wait()&#10;java.lang.Thread.State: WAITING (on object monitor)&#10;        at sun.misc.Unsafe.park(Native Method)&#10;        at java.util.concurrent.locks.LockSupport.park(LockSupport.java:175)&#10;        at java.util.concurrent.locks.AbstractQueuedSynchronizer$ConditionObject.await(AbstractQueuedSynchronizer.java:2039)&#10;        at java.util.concurrent.ArrayBlockingQueue.take(ArrayBlockingQueue.java:403)&#10;        at java.util.concurrent.ThreadPoolExecutor.getTask(ThreadPoolExecutor.java:1074)&#10;        at java.util.concurrent.ThreadPoolExecutor.runWorker(ThreadPoolExecutor.java:1134)&#10;        at java.util.concurrent.ThreadPoolExecutor$Worker.run(ThreadPoolExecutor.java:624)&#10;        at java.lang.Thread.run(Thread.java:748)&#10;&quot;DataNode DiskChecker thread 0&quot; daemon prio=5 tid=264 timed_waiting&#10;java.lang.Thread.State: TIMED_WAITING&#10;        at sun.misc.Unsafe.park(Native Method)&#10;        at java.util.concurrent.locks.LockSupport.parkNanos(LockSupport.java:215)&#10;        at java.util.concurrent.SynchronousQueue$TransferStack.awaitFulfill(SynchronousQueue.java:460)&#10;        at java.util.concurrent.SynchronousQueue$TransferStack.transfer(SynchronousQueue.java:362)&#10;        at java.util.concurrent.SynchronousQueue.poll(SynchronousQueue.java:941)&#10;        at java.util.concurrent.ThreadPoolExecutor.getTask(ThreadPoolExecutor.java:1073)&#10;        at java.util.concurrent.ThreadPoolExecutor.runWorker(ThreadPoolExecutor.java:1134)&#10;        at java.util.concurrent.ThreadPoolExecutor$Worker.run(ThreadPoolExecutor.java:624)&#10;        at java.lang.Thread.run(Thread.java:748)&#10;&quot;DataNode DiskChecker thread 0&quot; daemon prio=5 tid=183 timed_waiting&#10;java.lang.Thread.State: TIMED_WAITING&#10;        at sun.misc.Unsafe.park(Native Method)&#10;        at java.util.concurrent.locks.LockSupport.parkNanos(LockSupport.java:215)&#10;        at java.util.concurrent.SynchronousQueue$TransferStack.awaitFulfill(SynchronousQueue.java:460)&#10;        at java.util.concurrent.SynchronousQueue$TransferStack.transfer(SynchronousQueue.java:362)&#10;        at java.util.concurrent.SynchronousQueue.poll(SynchronousQueue.java:941)&#10;        at java.util.concurrent.ThreadPoolExecutor.getTask(ThreadPoolExecutor.java:1073)&#10;        at java.util.concurrent.ThreadPoolExecutor.runWorker(ThreadPoolExecutor.java:1134)&#10;        at java.util.concurrent.ThreadPoolExecutor$Worker.run(ThreadPoolExecutor.java:624)&#10;        at java.lang.Thread.run(Thread.java:748)&#10;&quot;qtp441384075-140&quot; daemon prio=5 tid=140 timed_waiting&#10;java.lang.Thread.State: TIMED_WAITING&#10;        at sun.misc.Unsafe.park(Native Method)&#10;        at java.util.concurrent.locks.LockSupport.parkNanos(LockSupport.java:215)&#10;        at java.util.concurrent.locks.AbstractQueuedSynchronizer$ConditionObject.awaitNanos(AbstractQueuedSynchronizer.java:2078)&#10;        at org.eclipse.jetty.util.BlockingArrayQueue.poll(BlockingArrayQueue.java:392)&#10;        at org.eclipse.jetty.util.thread.QueuedThreadPool.idleJobPoll(QueuedThreadPool.java:563)&#10;        at org.eclipse.jetty.util.thread.QueuedThreadPool.access$800(QueuedThreadPool.java:48)&#10;        at org.eclipse.jetty.util.thread.QueuedThreadPool$2.run(QueuedThreadPool.java:626)&#10;        at java.lang.Thread.run(Thread.java:748)&#10;&quot;pool-76-thread-19&quot;  prio=5 tid=644 in Object.wait()&#10;java.lang.Thread.State: WAITING (on object monitor)&#10;        at sun.misc.Unsafe.park(Native Method)&#10;        at java.util.concurrent.locks.LockSupport.park(LockSupport.java:175)&#10;        at java.util.concurrent.locks.AbstractQueuedSynchronizer$ConditionObject.await(AbstractQueuedSynchronizer.java:2039)&#10;        at java.util.concurrent.ArrayBlockingQueue.take(ArrayBlockingQueue.java:403)&#10;        at java.util.concurrent.ThreadPoolExecutor.getTask(ThreadPoolExecutor.java:1074)&#10;        at java.util.concurrent.ThreadPoolExecutor.runWorker(ThreadPoolExecutor.java:1134)&#10;        at java.util.concurrent.ThreadPoolExecutor$Worker.run(ThreadPoolExecutor.java:624)&#10;        at java.lang.Thread.run(Thread.java:748)&#10;&quot;qtp689037899-295&quot; daemon prio=5 tid=295 runnable&#10;java.lang.Thread.State: RUNNABLE&#10;        at sun.nio.ch.EPollArrayWrapper.epollWait(Native Method)&#10;        at sun.nio.ch.EPollArrayWrapper.poll(EPollArrayWrapper.java:269)&#10;        at sun.nio.ch.EPollSelectorImpl.doSelect(EPollSelectorImpl.java:93)&#10;        at sun.nio.ch.SelectorImpl.lockAndDoSelect(SelectorImpl.java:86)&#10;        at sun.nio.ch.SelectorImpl.select(SelectorImpl.java:97)&#10;        at sun.nio.ch.SelectorImpl.select(SelectorImpl.java:101)&#10;        at org.eclipse.jetty.io.ManagedSelector$SelectorProducer.select(ManagedSelector.java:243)&#10;        at org.eclipse.jetty.io.ManagedSelector$SelectorProducer.produce(ManagedSelector.java:191)&#10;        at org.eclipse.jetty.util.thread.strategy.ExecuteProduceConsume.executeProduceConsume(ExecuteProduceConsume.java:249)&#10;        at org.eclipse.jetty.util.thread.strategy.ExecuteProduceConsume.produceConsume(ExecuteProduceConsume.java:148)&#10;        at org.eclipse.jetty.util.thread.strategy.ExecuteProduceConsume.execute(ExecuteProduceConsume.java:100)&#10;        at org.eclipse.jetty.io.ManagedSelector.run(ManagedSelector.java:147)&#10;        at org.eclipse.jetty.util.thread.QueuedThreadPool.runJob(QueuedThreadPool.java:671)&#10;        at org.eclipse.jetty.util.thread.QueuedThreadPool$2.run(QueuedThreadPool.java:589)&#10;        at java.lang.Thread.run(Thread.java:748)&#10;&quot;metrics-hadoop-metrics2-reporter-6-thread-1&quot; daemon prio=5 tid=716 timed_waiting&#10;java.lang.Thread.State: TIMED_WAITING&#10;        at sun.misc.Unsafe.park(Native Method)&#10;        at java.util.concurrent.locks.LockSupport.parkNanos(LockSupport.java:215)&#10;        at java.util.concurrent.locks.AbstractQueuedSynchronizer$ConditionObject.awaitNanos(AbstractQueuedSynchronizer.java:2078)&#10;        at java.util.concurrent.ScheduledThreadPoolExecutor$DelayedWorkQueue.take(ScheduledThreadPoolExecutor.java:1093)&#10;        at java.util.concurrent.ScheduledThreadPoolExecutor$DelayedWorkQueue.take(ScheduledThreadPoolExecutor.java:809)&#10;        at java.util.concurrent.ThreadPoolExecutor.getTask(ThreadPoolExecutor.java:1074)&#10;        at java.util.concurrent.ThreadPoolExecutor.runWorker(ThreadPoolExecutor.java:1134)&#10;        at java.util.concurrent.ThreadPoolExecutor$Worker.run(ThreadPoolExecutor.java:624)&#10;        at java.lang.Thread.run(Thread.java:748)&#10;&quot;grpc-default-worker-ELG-3-2&quot; daemon prio=5 tid=699 runnable&#10;java.lang.Thread.State: RUNNABLE&#10;        at sun.nio.ch.EPollArrayWrapper.epollWait(Native Method)&#10;        at sun.nio.ch.EPollArrayWrapper.poll(EPollArrayWrapper.java:269)&#10;        at sun.nio.ch.EPollSelectorImpl.doSelect(EPollSelectorImpl.java:93)&#10;        at sun.nio.ch.SelectorImpl.lockAndDoSelect(SelectorImpl.java:86)&#10;        at sun.nio.ch.SelectorImpl.select(SelectorImpl.java:97)&#10;        at org.apache.ratis.thirdparty.io.netty.channel.nio.SelectedSelectionKeySetSelector.select(SelectedSelectionKeySetSelector.java:62)&#10;        at org.apache.ratis.thirdparty.io.netty.channel.nio.NioEventLoop.select(NioEventLoop.java:753)&#10;        at org.apache.ratis.thirdparty.io.netty.channel.nio.NioEventLoop.run(NioEventLoop.java:408)&#10;        at org.apache.ratis.thirdparty.io.netty.util.concurrent.SingleThreadEventExecutor$5.run(SingleThreadEventExecutor.java:897)&#10;        at org.apache.ratis.thirdparty.io.netty.util.concurrent.FastThreadLocalRunnable.run(FastThreadLocalRunnable.java:30)&#10;        at java.lang.Thread.run(Thread.java:748)&#10;&quot;pool-76-thread-11&quot;  prio=5 tid=636 in Object.wait()&#10;java.lang.Thread.State: WAITING (on object monitor)&#10;        at sun.misc.Unsafe.park(Native Method)&#10;        at java.util.concurrent.locks.LockSupport.park(LockSupport.java:175)&#10;        at java.util.concurrent.locks.AbstractQueuedSynchronizer$ConditionObject.await(AbstractQueuedSynchronizer.java:2039)&#10;        at java.util.concurrent.ArrayBlockingQueue.take(ArrayBlockingQueue.java:403)&#10;        at java.util.concurrent.ThreadPoolExecutor.getTask(ThreadPoolExecutor.java:1074)&#10;        at java.util.concurrent.ThreadPoolExecutor.runWorker(ThreadPoolExecutor.java:1134)&#10;        at java.util.concurrent.ThreadPoolExecutor$Worker.run(ThreadPoolExecutor.java:624)&#10;        at java.lang.Thread.run(Thread.java:748)&#10;&quot;pool-26-thread-13&quot;  prio=5 tid=338 in Object.wait()&#10;java.lang.Thread.State: WAITING (on object monitor)&#10;        at sun.misc.Unsafe.park(Native Method)&#10;        at java.util.concurrent.locks.LockSupport.park(LockSupport.java:175)&#10;        at java.util.concurrent.locks.AbstractQueuedSynchronizer$ConditionObject.await(AbstractQueuedSynchronizer.java:2039)&#10;        at java.util.concurrent.ArrayBlockingQueue.take(ArrayBlockingQueue.java:403)&#10;        at java.util.concurrent.ThreadPoolExecutor.getTask(ThreadPoolExecutor.java:1074)&#10;        at java.util.concurrent.ThreadPoolExecutor.runWorker(ThreadPoolExecutor.java:1134)&#10;        at java.util.concurrent.ThreadPoolExecutor$Worker.run(ThreadPoolExecutor.java:624)&#10;        at java.lang.Thread.run(Thread.java:748)&#10;&quot;org.apache.ratis.server.impl.LogAppender$AppenderDaemon$$Lambda$420/1222076953@1d0da3b0&quot; daemon prio=5 tid=1032 timed_waiting&#10;java.lang.Thread.State: TIMED_WAITING&#10;        at java.lang.Object.wait(Native Method)&#10;        at org.apache.ratis.grpc.server.GrpcLogAppender.mayWait(GrpcLogAppender.java:147)&#10;        at org.apache.ratis.grpc.server.GrpcLogAppender.runAppenderImpl(GrpcLogAppender.java:101)&#10;        at org.apache.ratis.server.impl.LogAppender$AppenderDaemon.run(LogAppender.java:76)&#10;        at org.apache.ratis.server.impl.LogAppender$AppenderDaemon$$Lambda$420/1222076953.run(Unknown Source)&#10;        at java.lang.Thread.run(Thread.java:748)&#10;&quot;pool-26-thread-55&quot;  prio=5 tid=425 in Object.wait()&#10;java.lang.Thread.State: WAITING (on object monitor)&#10;        at sun.misc.Unsafe.park(Native Method)&#10;        at java.util.concurrent.locks.LockSupport.park(LockSupport.java:175)&#10;        at java.util.concurrent.locks.AbstractQueuedSynchronizer$ConditionObject.await(AbstractQueuedSynchronizer.java:2039)&#10;        at java.util.concurrent.ArrayBlockingQueue.take(ArrayBlockingQueue.java:403)&#10;        at java.util.concurrent.ThreadPoolExecutor.getTask(ThreadPoolExecutor.java:1074)&#10;        at java.util.concurrent.ThreadPoolExecutor.runWorker(ThreadPoolExecutor.java:1134)&#10;        at java.util.concurrent.ThreadPoolExecutor$Worker.run(ThreadPoolExecutor.java:624)&#10;        at java.lang.Thread.run(Thread.java:748)&#10;&quot;org.eclipse.jetty.server.session.HashSessionManager@2aa40214Timer&quot; daemon prio=5 tid=250 timed_waiting&#10;java.lang.Thread.State: TIMED_WAITING&#10;        at sun.misc.Unsafe.park(Native Method)&#10;        at java.util.concurrent.locks.LockSupport.parkNanos(LockSupport.java:215)&#10;        at java.util.concurrent.locks.AbstractQueuedSynchronizer$ConditionObject.awaitNanos(AbstractQueuedSynchronizer.java:2078)&#10;        at java.util.concurrent.ScheduledThreadPoolExecutor$DelayedWorkQueue.take(ScheduledThreadPoolExecutor.java:1093)&#10;        at java.util.concurrent.ScheduledThreadPoolExecutor$DelayedWorkQueue.take(ScheduledThreadPoolExecutor.java:809)&#10;        at java.util.concurrent.ThreadPoolExecutor.getTask(ThreadPoolExecutor.java:1074)&#10;        at java.util.concurrent.ThreadPoolExecutor.runWorker(ThreadPoolExecutor.java:1134)&#10;        at java.util.concurrent.ThreadPoolExecutor$Worker.run(ThreadPoolExecutor.java:624)&#10;        at java.lang.Thread.run(Thread.java:748)&#10;&quot;IPC Server handler 14 on 35347&quot; daemon prio=5 tid=84 timed_waiting&#10;java.lang.Thread.State: TIMED_WAITING&#10;        at sun.misc.Unsafe.park(Native Method)&#10;        at java.util.concurrent.locks.LockSupport.parkNanos(LockSupport.java:215)&#10;        at java.util.concurrent.locks.AbstractQueuedSynchronizer$ConditionObject.awaitNanos(AbstractQueuedSynchronizer.java:2078)&#10;        at java.util.concurrent.LinkedBlockingQueue.poll(LinkedBlockingQueue.java:467)&#10;        at org.apache.hadoop.ipc.CallQueueManager.take(CallQueueManager.java:288)&#10;        at org.apache.hadoop.ipc.Server$Handler.run(Server.java:2668)&#10;&quot;a3fa570c-ae50-443c-8ab2-043428e82a24@group-69898A346AAC-StateMachineUpdater&quot; daemon prio=5 tid=930 in Object.wait()&#10;java.lang.Thread.State: WAITING (on object monitor)&#10;        at java.lang.Object.wait(Native Method)&#10;        at java.lang.Object.wait(Object.java:502)&#10;        at org.apache.ratis.server.impl.StateMachineUpdater.waitForCommit(StateMachineUpdater.java:194)&#10;        at org.apache.ratis.server.impl.StateMachineUpdater.run(StateMachineUpdater.java:159)&#10;        at java.lang.Thread.run(Thread.java:748)&#10;&quot;metrics-hadoop-metrics2-reporter-18-thread-1&quot; daemon prio=5 tid=743 timed_waiting&#10;java.lang.Thread.State: TIMED_WAITING&#10;        at sun.misc.Unsafe.park(Native Method)&#10;        at java.util.concurrent.locks.LockSupport.parkNanos(LockSupport.java:215)&#10;        at java.util.concurrent.locks.AbstractQueuedSynchronizer$ConditionObject.awaitNanos(AbstractQueuedSynchronizer.java:2078)&#10;        at java.util.concurrent.ScheduledThreadPoolExecutor$DelayedWorkQueue.take(ScheduledThreadPoolExecutor.java:1093)&#10;        at java.util.concurrent.ScheduledThreadPoolExecutor$DelayedWorkQueue.take(ScheduledThreadPoolExecutor.java:809)&#10;        at java.util.concurrent.ThreadPoolExecutor.getTask(ThreadPoolExecutor.java:1074)&#10;        at java.util.concurrent.ThreadPoolExecutor.runWorker(ThreadPoolExecutor.java:1134)&#10;        at java.util.concurrent.ThreadPoolExecutor$Worker.run(ThreadPoolExecutor.java:624)&#10;        at java.lang.Thread.run(Thread.java:748)&#10;&quot;pool-66-thread-19&quot;  prio=5 tid=582 in Object.wait()&#10;java.lang.Thread.State: WAITING (on object monitor)&#10;        at sun.misc.Unsafe.park(Native Method)&#10;        at java.util.concurrent.locks.LockSupport.park(LockSupport.java:175)&#10;        at java.util.concurrent.locks.AbstractQueuedSynchronizer$ConditionObject.await(AbstractQueuedSynchronizer.java:2039)&#10;        at java.util.concurrent.ArrayBlockingQueue.take(ArrayBlockingQueue.java:403)&#10;        at java.util.concurrent.ThreadPoolExecutor.getTask(ThreadPoolExecutor.java:1074)&#10;        at java.util.concurrent.ThreadPoolExecutor.runWorker(ThreadPoolExecutor.java:1134)&#10;        at java.util.concurrent.ThreadPoolExecutor$Worker.run(ThreadPoolExecutor.java:624)&#10;        at java.lang.Thread.run(Thread.java:748)&#10;&quot;pool-46-thread-43&quot;  prio=5 tid=477 in Object.wait()&#10;java.lang.Thread.State: WAITING (on object monitor)&#10;        at sun.misc.Unsafe.park(Native Method)&#10;        at java.util.concurrent.locks.LockSupport.park(LockSupport.java:175)&#10;        at java.util.concurrent.locks.AbstractQueuedSynchronizer$ConditionObject.await(AbstractQueuedSynchronizer.java:2039)&#10;        at java.util.concurrent.ArrayBlockingQueue.take(ArrayBlockingQueue.java:403)&#10;        at java.util.concurrent.ThreadPoolExecutor.getTask(ThreadPoolExecutor.java:1074)&#10;        at java.util.concurrent.ThreadPoolExecutor.runWorker(ThreadPoolExecutor.java:1134)&#10;        at java.util.concurrent.ThreadPoolExecutor$Worker.run(ThreadPoolExecutor.java:624)&#10;        at java.lang.Thread.run(Thread.java:748)&#10;&quot;IPC Server Responder&quot; daemon prio=5 tid=26 runnable&#10;java.lang.Thread.State: RUNNABLE&#10;        at sun.nio.ch.EPollArrayWrapper.epollWait(Native Method)&#10;        at sun.nio.ch.EPollArrayWrapper.poll(EPollArrayWrapper.java:269)&#10;        at sun.nio.ch.EPollSelectorImpl.doSelect(EPollSelectorImpl.java:93)&#10;        at sun.nio.ch.SelectorImpl.lockAndDoSelect(SelectorImpl.java:86)&#10;        at sun.nio.ch.SelectorImpl.select(SelectorImpl.java:97)&#10;        at org.apache.hadoop.ipc.Server$Responder.doRunLoop(Server.java:1334)&#10;        at org.apache.hadoop.ipc.Server$Responder.run(Server.java:1317)&#10;&quot;pool-36-thread-9&quot;  prio=5 tid=333 in Object.wait()&#10;java.lang.Thread.State: WAITING (on object monitor)&#10;        at sun.misc.Unsafe.park(Native Method)&#10;        at java.util.concurrent.locks.LockSupport.park(LockSupport.java:175)&#10;        at java.util.concurrent.locks.AbstractQueuedSynchronizer$ConditionObject.await(AbstractQueuedSynchronizer.java:2039)&#10;        at java.util.concurrent.ArrayBlockingQueue.take(ArrayBlockingQueue.java:403)&#10;        at java.util.concurrent.ThreadPoolExecutor.getTask(ThreadPoolExecutor.java:1074)&#10;        at java.util.concurrent.ThreadPoolExecutor.runWorker(ThreadPoolExecutor.java:1134)&#10;        at java.util.concurrent.ThreadPoolExecutor$Worker.run(ThreadPoolExecutor.java:624)&#10;        at java.lang.Thread.run(Thread.java:748)&#10;&quot;IPC Parameter Sending Thread #0&quot; daemon prio=5 tid=106 timed_waiting&#10;java.lang.Thread.State: TIMED_WAITING&#10;        at sun.misc.Unsafe.park(Native Method)&#10;        at java.util.concurrent.locks.LockSupport.parkNanos(LockSupport.java:215)&#10;        at java.util.concurrent.SynchronousQueue$TransferStack.awaitFulfill(SynchronousQueue.java:460)&#10;        at java.util.concurrent.SynchronousQueue$TransferStack.transfer(SynchronousQueue.java:362)&#10;        at java.util.concurrent.SynchronousQueue.poll(SynchronousQueue.java:941)&#10;        at java.util.concurrent.ThreadPoolExecutor.getTask(ThreadPoolExecutor.java:1073)&#10;        at java.util.concurrent.ThreadPoolExecutor.runWorker(ThreadPoolExecutor.java:1134)&#10;        at java.util.concurrent.ThreadPoolExecutor$Worker.run(ThreadPoolExecutor.java:624)&#10;        at java.lang.Thread.run(Thread.java:748)&#10;&quot;pool-26-thread-33&quot;  prio=5 tid=380 in Object.wait()&#10;java.lang.Thread.State: WAITING (on object monitor)&#10;        at sun.misc.Unsafe.park(Native Method)&#10;        at java.util.concurrent.locks.LockSupport.park(LockSupport.java:175)&#10;        at java.util.concurrent.locks.AbstractQueuedSynchronizer$ConditionObject.await(AbstractQueuedSynchronizer.java:2039)&#10;        at java.util.concurrent.ArrayBlockingQueue.take(ArrayBlockingQueue.java:403)&#10;        at java.util.concurrent.ThreadPoolExecutor.getTask(ThreadPoolExecutor.java:1074)&#10;        at java.util.concurrent.ThreadPoolExecutor.runWorker(ThreadPoolExecutor.java:1134)&#10;        at java.util.concurrent.ThreadPoolExecutor$Worker.run(ThreadPoolExecutor.java:624)&#10;        at java.lang.Thread.run(Thread.java:748)&#10;&quot;pool-46-thread-28&quot;  prio=5 tid=462 in Object.wait()&#10;java.lang.Thread.State: WAITING (on object monitor)&#10;        at sun.misc.Unsafe.park(Native Method)&#10;        at java.util.concurrent.locks.LockSupport.park(LockSupport.java:175)&#10;        at java.util.concurrent.locks.AbstractQueuedSynchronizer$ConditionObject.await(AbstractQueuedSynchronizer.java:2039)&#10;        at java.util.concurrent.ArrayBlockingQueue.take(ArrayBlockingQueue.java:403)&#10;        at java.util.concurrent.ThreadPoolExecutor.getTask(ThreadPoolExecutor.java:1074)&#10;        at java.util.concurrent.ThreadPoolExecutor.runWorker(ThreadPoolExecutor.java:1134)&#10;        at java.util.concurrent.ThreadPoolExecutor$Worker.run(ThreadPoolExecutor.java:624)&#10;        at java.lang.Thread.run(Thread.java:748)&#10;&quot;java.util.concurrent.ThreadPoolExecutor$Worker@28813c0f[State = -1, empty queue]&quot; daemon prio=5 tid=1039 timed_waiting&#10;java.lang.Thread.State: TIMED_WAITING&#10;        at sun.misc.Unsafe.park(Native Method)&#10;        at java.util.concurrent.locks.LockSupport.parkNanos(LockSupport.java:215)&#10;        at java.util.concurrent.locks.AbstractQueuedSynchronizer$ConditionObject.awaitNanos(AbstractQueuedSynchronizer.java:2078)&#10;        at java.util.concurrent.ScheduledThreadPoolExecutor$DelayedWorkQueue.take(ScheduledThreadPoolExecutor.java:1093)&#10;        at java.util.concurrent.ScheduledThreadPoolExecutor$DelayedWorkQueue.take(ScheduledThreadPoolExecutor.java:809)&#10;        at java.util.concurrent.ThreadPoolExecutor.getTask(ThreadPoolExecutor.java:1074)&#10;        at java.util.concurrent.ThreadPoolExecutor.runWorker(ThreadPoolExecutor.java:1134)&#10;        at java.util.concurrent.ThreadPoolExecutor$Worker.run(ThreadPoolExecutor.java:624)&#10;        at java.lang.Thread.run(Thread.java:748)&#10;&quot;Datanode ReportManager Thread - 2&quot; daemon prio=5 tid=255 in Object.wait()&#10;java.lang.Thread.State: WAITING (on object monitor)&#10;        at sun.misc.Unsafe.park(Native Method)&#10;        at java.util.concurrent.locks.LockSupport.park(LockSupport.java:175)&#10;        at java.util.concurrent.locks.AbstractQueuedSynchronizer$ConditionObject.await(AbstractQueuedSynchronizer.java:2039)&#10;        at java.util.concurrent.ScheduledThreadPoolExecutor$DelayedWorkQueue.take(ScheduledThreadPoolExecutor.java:1088)&#10;        at java.util.concurrent.ScheduledThreadPoolExecutor$DelayedWorkQueue.take(ScheduledThreadPoolExecutor.java:809)&#10;        at java.util.concurrent.ThreadPoolExecutor.getTask(ThreadPoolExecutor.java:1074)&#10;        at java.util.concurrent.ThreadPoolExecutor.runWorker(ThreadPoolExecutor.java:1134)&#10;        at java.util.concurrent.ThreadPoolExecutor$Worker.run(ThreadPoolExecutor.java:624)&#10;        at java.lang.Thread.run(Thread.java:748)&#10;&quot;metrics-hadoop-metrics2-reporter-61-thread-1&quot; daemon prio=5 tid=935 timed_waiting&#10;java.lang.Thread.State: TIMED_WAITING&#10;        at sun.misc.Unsafe.park(Native Method)&#10;        at java.util.concurrent.locks.LockSupport.parkNanos(LockSupport.java:215)&#10;        at java.util.concurrent.locks.AbstractQueuedSynchronizer$ConditionObject.awaitNanos(AbstractQueuedSynchronizer.java:2078)&#10;        at java.util.concurrent.ScheduledThreadPoolExecutor$DelayedWorkQueue.take(ScheduledThreadPoolExecutor.java:1093)&#10;        at java.util.concurrent.ScheduledThreadPoolExecutor$DelayedWorkQueue.take(ScheduledThreadPoolExecutor.java:809)&#10;        at java.util.concurrent.ThreadPoolExecutor.getTask(ThreadPoolExecutor.java:1074)&#10;        at java.util.concurrent.ThreadPoolExecutor.runWorker(ThreadPoolExecutor.java:1134)&#10;        at java.util.concurrent.ThreadPoolExecutor$Worker.run(ThreadPoolExecutor.java:624)&#10;        at java.lang.Thread.run(Thread.java:748)&#10;&quot;pool-36-thread-2&quot;  prio=5 tid=320 in Object.wait()&#10;java.lang.Thread.State: WAITING (on object monitor)&#10;        at sun.misc.Unsafe.park(Native Method)&#10;        at java.util.concurrent.locks.LockSupport.park(LockSupport.java:175)&#10;        at java.util.concurrent.locks.AbstractQueuedSynchronizer$ConditionObject.await(AbstractQueuedSynchronizer.java:2039)&#10;        at java.util.concurrent.ArrayBlockingQueue.take(ArrayBlockingQueue.java:403)&#10;        at java.util.concurrent.ThreadPoolExecutor.getTask(ThreadPoolExecutor.java:1074)&#10;        at java.util.concurrent.ThreadPoolExecutor.runWorker(ThreadPoolExecutor.java:1134)&#10;        at java.util.concurrent.ThreadPoolExecutor$Worker.run(ThreadPoolExecutor.java:624)&#10;        at java.lang.Thread.run(Thread.java:748)&#10;&quot;pool-76-thread-32&quot;  prio=5 tid=657 in Object.wait()&#10;java.lang.Thread.State: WAITING (on object monitor)&#10;        at sun.misc.Unsafe.park(Native Method)&#10;        at java.util.concurrent.locks.LockSupport.park(LockSupport.java:175)&#10;        at java.util.concurrent.locks.AbstractQueuedSynchronizer$ConditionObject.await(AbstractQueuedSynchronizer.java:2039)&#10;        at java.util.concurrent.ArrayBlockingQueue.take(ArrayBlockingQueue.java:403)&#10;        at java.util.concurrent.ThreadPoolExecutor.getTask(ThreadPoolExecutor.java:1074)&#10;        at java.util.concurrent.ThreadPoolExecutor.runWorker(ThreadPoolExecutor.java:1134)&#10;        at java.util.concurrent.ThreadPoolExecutor$Worker.run(ThreadPoolExecutor.java:624)&#10;        at java.lang.Thread.run(Thread.java:748)&#10;&quot;pool-76-thread-24&quot;  prio=5 tid=649 in Object.wait()&#10;java.lang.Thread.State: WAITING (on object monitor)&#10;        at sun.misc.Unsafe.park(Native Method)&#10;        at java.util.concurrent.locks.LockSupport.park(LockSupport.java:175)&#10;        at java.util.concurrent.locks.AbstractQueuedSynchronizer$ConditionObject.await(AbstractQueuedSynchronizer.java:2039)&#10;        at java.util.concurrent.ArrayBlockingQueue.take(ArrayBlockingQueue.java:403)&#10;        at java.util.concurrent.ThreadPoolExecutor.getTask(ThreadPoolExecutor.java:1074)&#10;        at java.util.concurrent.ThreadPoolExecutor.runWorker(ThreadPoolExecutor.java:1134)&#10;        at java.util.concurrent.ThreadPoolExecutor$Worker.run(ThreadPoolExecutor.java:624)&#10;        at java.lang.Thread.run(Thread.java:748)&#10;&quot;pool-26-thread-29&quot;  prio=5 tid=372 in Object.wait()&#10;java.lang.Thread.State: WAITING (on object monitor)&#10;        at sun.misc.Unsafe.park(Native Method)&#10;        at java.util.concurrent.locks.LockSupport.park(LockSupport.java:175)&#10;        at java.util.concurrent.locks.AbstractQueuedSynchronizer$ConditionObject.await(AbstractQueuedSynchronizer.java:2039)&#10;        at java.util.concurrent.ArrayBlockingQueue.take(ArrayBlockingQueue.java:403)&#10;        at java.util.concurrent.ThreadPoolExecutor.getTask(ThreadPoolExecutor.java:1074)&#10;        at java.util.concurrent.ThreadPoolExecutor.runWorker(ThreadPoolExecutor.java:1134)&#10;        at java.util.concurrent.ThreadPoolExecutor$Worker.run(ThreadPoolExecutor.java:624)&#10;        at java.lang.Thread.run(Thread.java:748)&#10;&quot;IPC Server listener on 41091&quot; daemon prio=5 tid=108 runnable&#10;java.lang.Thread.State: RUNNABLE&#10;        at sun.nio.ch.EPollArrayWrapper.epollWait(Native Method)&#10;        at sun.nio.ch.EPollArrayWrapper.poll(EPollArrayWrapper.java:269)&#10;        at sun.nio.ch.EPollSelectorImpl.doSelect(EPollSelectorImpl.java:93)&#10;        at sun.nio.ch.SelectorImpl.lockAndDoSelect(SelectorImpl.java:86)&#10;        at sun.nio.ch.SelectorImpl.select(SelectorImpl.java:97)&#10;        at sun.nio.ch.SelectorImpl.select(SelectorImpl.java:101)&#10;        at org.apache.hadoop.ipc.Server$Listener.run(Server.java:1159)&#10;&quot;pool-56-thread-8&quot;  prio=5 tid=504 in Object.wait()&#10;java.lang.Thread.State: WAITING (on object monitor)&#10;        at sun.misc.Unsafe.park(Native Method)&#10;        at java.util.concurrent.locks.LockSupport.park(LockSupport.java:175)&#10;        at java.util.concurrent.locks.AbstractQueuedSynchronizer$ConditionObject.await(AbstractQueuedSynchronizer.java:2039)&#10;        at java.util.concurrent.ArrayBlockingQueue.take(ArrayBlockingQueue.java:403)&#10;        at java.util.concurrent.ThreadPoolExecutor.getTask(ThreadPoolExecutor.java:1074)&#10;        at java.util.concurrent.ThreadPoolExecutor.runWorker(ThreadPoolExecutor.java:1134)&#10;        at java.util.concurrent.ThreadPoolExecutor$Worker.run(ThreadPoolExecutor.java:624)&#10;        at java.lang.Thread.run(Thread.java:748)&#10;&quot;pool-26-thread-43&quot;  prio=5 tid=400 in Object.wait()&#10;java.lang.Thread.State: WAITING (on object monitor)&#10;        at sun.misc.Unsafe.park(Native Method)&#10;        at java.util.concurrent.locks.LockSupport.park(LockSupport.java:175)&#10;        at java.util.concurrent.locks.AbstractQueuedSynchronizer$ConditionObject.await(AbstractQueuedSynchronizer.java:2039)&#10;        at java.util.concurrent.ArrayBlockingQueue.take(ArrayBlockingQueue.java:403)&#10;        at java.util.concurrent.ThreadPoolExecutor.getTask(ThreadPoolExecutor.java:1074)&#10;        at java.util.concurrent.ThreadPoolExecutor.runWorker(ThreadPoolExecutor.java:1134)&#10;        at java.util.concurrent.ThreadPoolExecutor$Worker.run(ThreadPoolExecutor.java:624)&#10;        at java.lang.Thread.run(Thread.java:748)&#10;&quot;org.eclipse.jetty.server.session.HashSessionManager@169612fdTimer&quot; daemon prio=5 tid=223 timed_waiting&#10;java.lang.Thread.State: TIMED_WAITING&#10;        at sun.misc.Unsafe.park(Native Method)&#10;        at java.util.concurrent.locks.LockSupport.parkNanos(LockSupport.java:215)&#10;        at java.util.concurrent.locks.AbstractQueuedSynchronizer$ConditionObject.awaitNanos(AbstractQueuedSynchronizer.java:2078)&#10;        at java.util.concurrent.ScheduledThreadPoolExecutor$DelayedWorkQueue.take(ScheduledThreadPoolExecutor.java:1093)&#10;        at java.util.concurrent.ScheduledThreadPoolExecutor$DelayedWorkQueue.take(ScheduledThreadPoolExecutor.java:809)&#10;        at java.util.concurrent.ThreadPoolExecutor.getTask(ThreadPoolExecutor.java:1074)&#10;        at java.util.concurrent.ThreadPoolExecutor.runWorker(ThreadPoolExecutor.java:1134)&#10;        at java.util.concurrent.ThreadPoolExecutor$Worker.run(ThreadPoolExecutor.java:624)&#10;        at java.lang.Thread.run(Thread.java:748)&#10;&quot;jaeger.RemoteReporter-FlushTimer&quot; daemon prio=5 tid=149 timed_waiting&#10;java.lang.Thread.State: TIMED_WAITING&#10;        at java.lang.Object.wait(Native Method)&#10;        at java.util.TimerThread.mainLoop(Timer.java:552)&#10;        at java.util.TimerThread.run(Timer.java:505)&#10;&quot;ReplicationMonitor&quot; daemon prio=5 tid=900 timed_waiting&#10;java.lang.Thread.State: TIMED_WAITING&#10;        at java.lang.Object.wait(Native Method)&#10;        at org.apache.hadoop.hdds.scm.container.ReplicationManager.run(ReplicationManager.java:229)&#10;        at org.apache.hadoop.hdds.scm.container.ReplicationManager$$Lambda$509/425955290.run(Unknown Source)&#10;        at java.lang.Thread.run(Thread.java:748)&#10;&quot;pool-46-thread-29&quot;  prio=5 tid=463 in Object.wait()&#10;java.lang.Thread.State: WAITING (on object monitor)&#10;        at sun.misc.Unsafe.park(Native Method)&#10;        at java.util.concurrent.locks.LockSupport.park(LockSupport.java:175)&#10;        at java.util.concurrent.locks.AbstractQueuedSynchronizer$ConditionObject.await(AbstractQueuedSynchronizer.java:2039)&#10;        at java.util.concurrent.ArrayBlockingQueue.take(ArrayBlockingQueue.java:403)&#10;        at java.util.concurrent.ThreadPoolExecutor.getTask(ThreadPoolExecutor.java:1074)&#10;        at java.util.concurrent.ThreadPoolExecutor.runWorker(ThreadPoolExecutor.java:1134)&#10;        at java.util.concurrent.ThreadPoolExecutor$Worker.run(ThreadPoolExecutor.java:624)&#10;        at java.lang.Thread.run(Thread.java:748)&#10;&quot;pool-76-thread-14&quot;  prio=5 tid=639 in Object.wait()&#10;java.lang.Thread.State: WAITING (on object monitor)&#10;        at sun.misc.Unsafe.park(Native Method)&#10;        at java.util.concurrent.locks.LockSupport.park(LockSupport.java:175)&#10;        at java.util.concurrent.locks.AbstractQueuedSynchronizer$ConditionObject.await(AbstractQueuedSynchronizer.java:2039)&#10;        at java.util.concurrent.ArrayBlockingQueue.take(ArrayBlockingQueue.java:403)&#10;        at java.util.concurrent.ThreadPoolExecutor.getTask(ThreadPoolExecutor.java:1074)&#10;        at java.util.concurrent.ThreadPoolExecutor.runWorker(ThreadPoolExecutor.java:1134)&#10;        at java.util.concurrent.ThreadPoolExecutor$Worker.run(ThreadPoolExecutor.java:624)&#10;        at java.lang.Thread.run(Thread.java:748)&#10;&quot;pool-36-thread-14&quot;  prio=5 tid=343 in Object.wait()&#10;java.lang.Thread.State: WAITING (on object monitor)&#10;        at sun.misc.Unsafe.park(Native Method)&#10;        at java.util.concurrent.locks.LockSupport.park(LockSupport.java:175)&#10;        at java.util.concurrent.locks.AbstractQueuedSynchronizer$ConditionObject.await(AbstractQueuedSynchronizer.java:2039)&#10;        at java.util.concurrent.ArrayBlockingQueue.take(ArrayBlockingQueue.java:403)&#10;        at java.util.concurrent.ThreadPoolExecutor.getTask(ThreadPoolExecutor.java:1074)&#10;        at java.util.concurrent.ThreadPoolExecutor.runWorker(ThreadPoolExecutor.java:1134)&#10;        at java.util.concurrent.ThreadPoolExecutor$Worker.run(ThreadPoolExecutor.java:624)&#10;        at java.lang.Thread.run(Thread.java:748)&#10;&quot;pool-76-thread-60&quot;  prio=5 tid=685 in Object.wait()&#10;java.lang.Thread.State: WAITING (on object monitor)&#10;        at sun.misc.Unsafe.park(Native Method)&#10;        at java.util.concurrent.locks.LockSupport.park(LockSupport.java:175)&#10;        at java.util.concurrent.locks.AbstractQueuedSynchronizer$ConditionObject.await(AbstractQueuedSynchronizer.java:2039)&#10;        at java.util.concurrent.ArrayBlockingQueue.take(ArrayBlockingQueue.java:403)&#10;        at java.util.concurrent.ThreadPoolExecutor.getTask(ThreadPoolExecutor.java:1074)&#10;        at java.util.concurrent.ThreadPoolExecutor.runWorker(ThreadPoolExecutor.java:1134)&#10;        at java.util.concurrent.ThreadPoolExecutor$Worker.run(ThreadPoolExecutor.java:624)&#10;        at java.lang.Thread.run(Thread.java:748)&#10;&quot;pool-26-thread-38&quot;  prio=5 tid=389 in Object.wait()&#10;java.lang.Thread.State: WAITING (on object monitor)&#10;        at sun.misc.Unsafe.park(Native Method)&#10;        at java.util.concurrent.locks.LockSupport.park(LockSupport.java:175)&#10;        at java.util.concurrent.locks.AbstractQueuedSynchronizer$ConditionObject.await(AbstractQueuedSynchronizer.java:2039)&#10;        at java.util.concurrent.ArrayBlockingQueue.take(ArrayBlockingQueue.java:403)&#10;        at java.util.concurrent.ThreadPoolExecutor.getTask(ThreadPoolExecutor.java:1074)&#10;        at java.util.concurrent.ThreadPoolExecutor.runWorker(ThreadPoolExecutor.java:1134)&#10;        at java.util.concurrent.ThreadPoolExecutor$Worker.run(ThreadPoolExecutor.java:624)&#10;        at java.lang.Thread.run(Thread.java:748)&#10;&quot;pool-66-thread-16&quot;  prio=5 tid=579 in Object.wait()&#10;java.lang.Thread.State: WAITING (on object monitor)&#10;        at sun.misc.Unsafe.park(Native Method)&#10;        at java.util.concurrent.locks.LockSupport.park(LockSupport.java:175)&#10;        at java.util.concurrent.locks.AbstractQueuedSynchronizer$ConditionObject.await(AbstractQueuedSynchronizer.java:2039)&#10;        at java.util.concurrent.ArrayBlockingQueue.take(ArrayBlockingQueue.java:403)&#10;        at java.util.concurrent.ThreadPoolExecutor.getTask(ThreadPoolExecutor.java:1074)&#10;        at java.util.concurrent.ThreadPoolExecutor.runWorker(ThreadPoolExecutor.java:1134)&#10;        at java.util.concurrent.ThreadPoolExecutor$Worker.run(ThreadPoolExecutor.java:624)&#10;        at java.lang.Thread.run(Thread.java:748)&#10;&quot;IPC Server handler 1 on 41091&quot; daemon prio=5 tid=116 timed_waiting&#10;java.lang.Thread.State: TIMED_WAITING&#10;        at sun.misc.Unsafe.park(Native Method)&#10;        at java.util.concurrent.locks.LockSupport.parkNanos(LockSupport.java:215)&#10;        at java.util.concurrent.locks.AbstractQueuedSynchronizer$ConditionObject.awaitNanos(AbstractQueuedSynchronizer.java:2078)&#10;        at java.util.concurrent.LinkedBlockingQueue.poll(LinkedBlockingQueue.java:467)&#10;        at org.apache.hadoop.ipc.CallQueueManager.take(CallQueueManager.java:288)&#10;        at org.apache.hadoop.ipc.Server$Handler.run(Server.java:2668)&#10;&quot;BlockDeletingService#0&quot; daemon prio=5 tid=562 timed_waiting&#10;java.lang.Thread.State: TIMED_WAITING&#10;        at sun.misc.Unsafe.park(Native Method)&#10;        at java.util.concurrent.locks.LockSupport.parkNanos(LockSupport.java:215)&#10;        at java.util.concurrent.locks.AbstractQueuedSynchronizer$ConditionObject.awaitNanos(AbstractQueuedSynchronizer.java:2078)&#10;        at java.util.concurrent.ScheduledThreadPoolExecutor$DelayedWorkQueue.take(ScheduledThreadPoolExecutor.java:1093)&#10;        at java.util.concurrent.ScheduledThreadPoolExecutor$DelayedWorkQueue.take(ScheduledThreadPoolExecutor.java:809)&#10;        at java.util.concurrent.ThreadPoolExecutor.getTask(ThreadPoolExecutor.java:1074)&#10;        at java.util.concurrent.ThreadPoolExecutor.runWorker(ThreadPoolExecutor.java:1134)&#10;        at java.util.concurrent.ThreadPoolExecutor$Worker.run(ThreadPoolExecutor.java:624)&#10;        at java.lang.Thread.run(Thread.java:748)&#10;&quot;pool-26-thread-4&quot;  prio=5 tid=319 in Object.wait()&#10;java.lang.Thread.State: WAITING (on object monitor)&#10;        at sun.misc.Unsafe.park(Native Method)&#10;        at java.util.concurrent.locks.LockSupport.park(LockSupport.java:175)&#10;        at java.util.concurrent.locks.AbstractQueuedSynchronizer$ConditionObject.await(AbstractQueuedSynchronizer.java:2039)&#10;        at java.util.concurrent.ArrayBlockingQueue.take(ArrayBlockingQueue.java:403)&#10;        at java.util.concurrent.ThreadPoolExecutor.getTask(ThreadPoolExecutor.java:1074)&#10;        at java.util.concurrent.ThreadPoolExecutor.runWorker(ThreadPoolExecutor.java:1134)&#10;        at java.util.concurrent.ThreadPoolExecutor$Worker.run(ThreadPoolExecutor.java:624)&#10;        at java.lang.Thread.run(Thread.java:748)&#10;&quot;pool-36-thread-4&quot;  prio=5 tid=324 in Object.wait()&#10;java.lang.Thread.State: WAITING (on object monitor)&#10;        at sun.misc.Unsafe.park(Native Method)&#10;        at java.util.concurrent.locks.LockSupport.park(LockSupport.java:175)&#10;        at java.util.concurrent.locks.AbstractQueuedSynchronizer$ConditionObject.await(AbstractQueuedSynchronizer.java:2039)&#10;        at java.util.concurrent.ArrayBlockingQueue.take(ArrayBlockingQueue.java:403)&#10;        at java.util.concurrent.ThreadPoolExecutor.getTask(ThreadPoolExecutor.java:1074)&#10;        at java.util.concurrent.ThreadPoolExecutor.runWorker(ThreadPoolExecutor.java:1134)&#10;        at java.util.concurrent.ThreadPoolExecutor$Worker.run(ThreadPoolExecutor.java:624)&#10;        at java.lang.Thread.run(Thread.java:748)&#10;&quot;metrics-hadoop-metrics2-reporter-67-thread-1&quot; daemon prio=5 tid=960 timed_waiting&#10;java.lang.Thread.State: TIMED_WAITING&#10;        at sun.misc.Unsafe.park(Native Method)&#10;        at java.util.concurrent.locks.LockSupport.parkNanos(LockSupport.java:215)&#10;        at java.util.concurrent.locks.AbstractQueuedSynchronizer$ConditionObject.awaitNanos(AbstractQueuedSynchronizer.java:2078)&#10;        at java.util.concurrent.ScheduledThreadPoolExecutor$DelayedWorkQueue.take(ScheduledThreadPoolExecutor.java:1093)&#10;        at java.util.concurrent.ScheduledThreadPoolExecutor$DelayedWorkQueue.take(ScheduledThreadPoolExecutor.java:809)&#10;        at java.util.concurrent.ThreadPoolExecutor.getTask(ThreadPoolExecutor.java:1074)&#10;        at java.util.concurrent.ThreadPoolExecutor.runWorker(ThreadPoolExecutor.java:1134)&#10;        at java.util.concurrent.ThreadPoolExecutor$Worker.run(ThreadPoolExecutor.java:624)&#10;        at java.lang.Thread.run(Thread.java:748)&#10;&quot;pool-40-thread-1&quot;  prio=5 tid=186 timed_waiting&#10;java.lang.Thread.State: TIMED_WAITING&#10;        at sun.misc.Unsafe.park(Native Method)&#10;        at java.util.concurrent.locks.LockSupport.parkNanos(LockSupport.java:215)&#10;        at java.util.concurrent.locks.AbstractQueuedSynchronizer$ConditionObject.awaitNanos(AbstractQueuedSynchronizer.java:2078)&#10;        at java.util.concurrent.ScheduledThreadPoolExecutor$DelayedWorkQueue.take(ScheduledThreadPoolExecutor.java:1093)&#10;        at java.util.concurrent.ScheduledThreadPoolExecutor$DelayedWorkQueue.take(ScheduledThreadPoolExecutor.java:809)&#10;        at java.util.concurrent.ThreadPoolExecutor.getTask(ThreadPoolExecutor.java:1074)&#10;        at java.util.concurrent.ThreadPoolExecutor.runWorker(ThreadPoolExecutor.java:1134)&#10;        at java.util.concurrent.ThreadPoolExecutor$Worker.run(ThreadPoolExecutor.java:624)&#10;        at java.lang.Thread.run(Thread.java:748)&#10;&quot;pool-26-thread-57&quot;  prio=5 tid=429 in Object.wait()&#10;java.lang.Thread.State: WAITING (on object monitor)&#10;        at sun.misc.Unsafe.park(Native Method)&#10;        at java.util.concurrent.locks.LockSupport.park(LockSupport.java:175)&#10;        at java.util.concurrent.locks.AbstractQueuedSynchronizer$ConditionObject.await(AbstractQueuedSynchronizer.java:2039)&#10;        at java.util.concurrent.ArrayBlockingQueue.take(ArrayBlockingQueue.java:403)&#10;        at java.util.concurrent.ThreadPoolExecutor.getTask(ThreadPoolExecutor.java:1074)&#10;        at java.util.concurrent.ThreadPoolExecutor.runWorker(ThreadPoolExecutor.java:1134)&#10;        at java.util.concurrent.ThreadPoolExecutor$Worker.run(ThreadPoolExecutor.java:624)&#10;        at java.lang.Thread.run(Thread.java:748)&#10;&quot;pool-66-thread-3&quot;  prio=5 tid=566 in Object.wait()&#10;java.lang.Thread.State: WAITING (on object monitor)&#10;        at sun.misc.Unsafe.park(Native Method)&#10;        at java.util.concurrent.locks.LockSupport.park(LockSupport.java:175)&#10;        at java.util.concurrent.locks.AbstractQueuedSynchronizer$ConditionObject.await(AbstractQueuedSynchronizer.java:2039)&#10;        at java.util.concurrent.ArrayBlockingQueue.take(ArrayBlockingQueue.java:403)&#10;        at java.util.concurrent.ThreadPoolExecutor.getTask(ThreadPoolExecutor.java:1074)&#10;        at java.util.concurrent.ThreadPoolExecutor.runWorker(ThreadPoolExecutor.java:1134)&#10;        at java.util.concurrent.ThreadPoolExecutor$Worker.run(ThreadPoolExecutor.java:624)&#10;        at java.lang.Thread.run(Thread.java:748)&#10;&quot;pool-56-thread-54&quot;  prio=5 tid=555 in Object.wait()&#10;java.lang.Thread.State: WAITING (on object monitor)&#10;        at sun.misc.Unsafe.park(Native Method)&#10;        at java.util.concurrent.locks.LockSupport.park(LockSupport.java:175)&#10;        at java.util.concurrent.locks.AbstractQueuedSynchronizer$ConditionObject.await(AbstractQueuedSynchronizer.java:2039)&#10;        at java.util.concurrent.ArrayBlockingQueue.take(ArrayBlockingQueue.java:403)&#10;        at java.util.concurrent.ThreadPoolExecutor.getTask(ThreadPoolExecutor.java:1074)&#10;        at java.util.concurrent.ThreadPoolExecutor.runWorker(ThreadPoolExecutor.java:1134)&#10;        at java.util.concurrent.ThreadPoolExecutor$Worker.run(ThreadPoolExecutor.java:624)&#10;        at java.lang.Thread.run(Thread.java:748)&#10;&quot;pool-46-thread-58&quot;  prio=5 tid=492 in Object.wait()&#10;java.lang.Thread.State: WAITING (on object monitor)&#10;        at sun.misc.Unsafe.park(Native Method)&#10;        at java.util.concurrent.locks.LockSupport.park(LockSupport.java:175)&#10;        at java.util.concurrent.locks.AbstractQueuedSynchronizer$ConditionObject.await(AbstractQueuedSynchronizer.java:2039)&#10;        at java.util.concurrent.ArrayBlockingQueue.take(ArrayBlockingQueue.java:403)&#10;        at java.util.concurrent.ThreadPoolExecutor.getTask(ThreadPoolExecutor.java:1074)&#10;        at java.util.concurrent.ThreadPoolExecutor.runWorker(ThreadPoolExecutor.java:1134)&#10;        at java.util.concurrent.ThreadPoolExecutor$Worker.run(ThreadPoolExecutor.java:624)&#10;        at java.lang.Thread.run(Thread.java:748)&#10;&quot;SCMBlockDeletingService#1&quot; daemon prio=5 tid=103 in Object.wait()&#10;java.lang.Thread.State: WAITING (on object monitor)&#10;        at sun.misc.Unsafe.park(Native Method)&#10;        at java.util.concurrent.locks.LockSupport.park(LockSupport.java:175)&#10;        at java.util.concurrent.locks.AbstractQueuedSynchronizer$ConditionObject.await(AbstractQueuedSynchronizer.java:2039)&#10;        at java.util.concurrent.ScheduledThreadPoolExecutor$DelayedWorkQueue.take(ScheduledThreadPoolExecutor.java:1088)&#10;        at java.util.concurrent.ScheduledThreadPoolExecutor$DelayedWorkQueue.take(ScheduledThreadPoolExecutor.java:809)&#10;        at java.util.concurrent.ThreadPoolExecutor.getTask(ThreadPoolExecutor.java:1074)&#10;        at java.util.concurrent.ThreadPoolExecutor.runWorker(ThreadPoolExecutor.java:1134)&#10;        at java.util.concurrent.ThreadPoolExecutor$Worker.run(ThreadPoolExecutor.java:624)&#10;        at java.lang.Thread.run(Thread.java:748)&#10;&quot;pool-56-thread-31&quot;  prio=5 tid=529 in Object.wait()&#10;java.lang.Thread.State: WAITING (on object monitor)&#10;        at sun.misc.Unsafe.park(Native Method)&#10;        at java.util.concurrent.locks.LockSupport.park(LockSupport.java:175)&#10;        at java.util.concurrent.locks.AbstractQueuedSynchronizer$ConditionObject.await(AbstractQueuedSynchronizer.java:2039)&#10;        at java.util.concurrent.ArrayBlockingQueue.take(ArrayBlockingQueue.java:403)&#10;        at java.util.concurrent.ThreadPoolExecutor.getTask(ThreadPoolExecutor.java:1074)&#10;        at java.util.concurrent.ThreadPoolExecutor.runWorker(ThreadPoolExecutor.java:1134)&#10;        at java.util.concurrent.ThreadPoolExecutor$Worker.run(ThreadPoolExecutor.java:624)&#10;        at java.lang.Thread.run(Thread.java:748)&#10;&quot;pool-56-thread-6&quot;  prio=5 tid=501 in Object.wait()&#10;java.lang.Thread.State: WAITING (on object monitor)&#10;        at sun.misc.Unsafe.park(Native Method)&#10;        at java.util.concurrent.locks.LockSupport.park(LockSupport.java:175)&#10;        at java.util.concurrent.locks.AbstractQueuedSynchronizer$ConditionObject.await(AbstractQueuedSynchronizer.java:2039)&#10;        at java.util.concurrent.ArrayBlockingQueue.take(ArrayBlockingQueue.java:403)&#10;        at java.util.concurrent.ThreadPoolExecutor.getTask(ThreadPoolExecutor.java:1074)&#10;        at java.util.concurrent.ThreadPoolExecutor.runWorker(ThreadPoolExecutor.java:1134)&#10;        at java.util.concurrent.ThreadPoolExecutor$Worker.run(ThreadPoolExecutor.java:624)&#10;        at java.lang.Thread.run(Thread.java:748)&#10;&quot;qtp1051453582-192&quot; daemon prio=5 tid=192 timed_waiting&#10;java.lang.Thread.State: TIMED_WAITING&#10;        at sun.misc.Unsafe.park(Native Method)&#10;        at java.util.concurrent.locks.LockSupport.parkNanos(LockSupport.java:215)&#10;        at java.util.concurrent.locks.AbstractQueuedSynchronizer$ConditionObject.awaitNanos(AbstractQueuedSynchronizer.java:2078)&#10;        at org.eclipse.jetty.util.BlockingArrayQueue.poll(BlockingArrayQueue.java:392)&#10;        at org.eclipse.jetty.util.thread.QueuedThreadPool.idleJobPoll(QueuedThreadPool.java:563)&#10;        at org.eclipse.jetty.util.thread.QueuedThreadPool.access$800(QueuedThreadPool.java:48)&#10;        at org.eclipse.jetty.util.thread.QueuedThreadPool$2.run(QueuedThreadPool.java:626)&#10;        at java.lang.Thread.run(Thread.java:748)&#10;&quot;metrics-hadoop-metrics2-reporter-76-thread-1&quot; daemon prio=5 tid=1029 timed_waiting&#10;java.lang.Thread.State: TIMED_WAITING&#10;        at sun.misc.Unsafe.park(Native Method)&#10;        at java.util.concurrent.locks.LockSupport.parkNanos(LockSupport.java:215)&#10;        at java.util.concurrent.locks.AbstractQueuedSynchronizer$ConditionObject.awaitNanos(AbstractQueuedSynchronizer.java:2078)&#10;        at java.util.concurrent.ScheduledThreadPoolExecutor$DelayedWorkQueue.take(ScheduledThreadPoolExecutor.java:1093)&#10;        at java.util.concurrent.ScheduledThreadPoolExecutor$DelayedWorkQueue.take(ScheduledThreadPoolExecutor.java:809)&#10;        at java.util.concurrent.ThreadPoolExecutor.getTask(ThreadPoolExecutor.java:1074)&#10;        at java.util.concurrent.ThreadPoolExecutor.runWorker(ThreadPoolExecutor.java:1134)&#10;        at java.util.concurrent.ThreadPoolExecutor$Worker.run(ThreadPoolExecutor.java:624)&#10;        at java.lang.Thread.run(Thread.java:748)&#10;&quot;pool-36-thread-13&quot;  prio=5 tid=341 in Object.wait()&#10;java.lang.Thread.State: WAITING (on object monitor)&#10;        at sun.misc.Unsafe.park(Native Method)&#10;        at java.util.concurrent.locks.LockSupport.park(LockSupport.java:175)&#10;        at java.util.concurrent.locks.AbstractQueuedSynchronizer$ConditionObject.await(AbstractQueuedSynchronizer.java:2039)&#10;        at java.util.concurrent.ArrayBlockingQueue.take(ArrayBlockingQueue.java:403)&#10;        at java.util.concurrent.ThreadPoolExecutor.getTask(ThreadPoolExecutor.java:1074)&#10;        at java.util.concurrent.ThreadPoolExecutor.runWorker(ThreadPoolExecutor.java:1134)&#10;        at java.util.concurrent.ThreadPoolExecutor$Worker.run(ThreadPoolExecutor.java:624)&#10;        at java.lang.Thread.run(Thread.java:748)&#10;&quot;pool-66-thread-10&quot;  prio=5 tid=573 in Object.wait()&#10;java.lang.Thread.State: WAITING (on object monitor)&#10;        at sun.misc.Unsafe.park(Native Method)&#10;        at java.util.concurrent.locks.LockSupport.park(LockSupport.java:175)&#10;        at java.util.concurrent.locks.AbstractQueuedSynchronizer$ConditionObject.await(AbstractQueuedSynchronizer.java:2039)&#10;        at java.util.concurrent.ArrayBlockingQueue.take(ArrayBlockingQueue.java:403)&#10;        at java.util.concurrent.ThreadPoolExecutor.getTask(ThreadPoolExecutor.java:1074)&#10;        at java.util.concurrent.ThreadPoolExecutor.runWorker(ThreadPoolExecutor.java:1134)&#10;        at java.util.concurrent.ThreadPoolExecutor$Worker.run(ThreadPoolExecutor.java:624)&#10;        at java.lang.Thread.run(Thread.java:748)&#10;&quot;pool-66-thread-12&quot;  prio=5 tid=575 in Object.wait()&#10;java.lang.Thread.State: WAITING (on object monitor)&#10;        at sun.misc.Unsafe.park(Native Method)&#10;        at java.util.concurrent.locks.LockSupport.park(LockSupport.java:175)&#10;        at java.util.concurrent.locks.AbstractQueuedSynchronizer$ConditionObject.await(AbstractQueuedSynchronizer.java:2039)&#10;        at java.util.concurrent.ArrayBlockingQueue.take(ArrayBlockingQueue.java:403)&#10;        at java.util.concurrent.ThreadPoolExecutor.getTask(ThreadPoolExecutor.java:1074)&#10;        at java.util.concurrent.ThreadPoolExecutor.runWorker(ThreadPoolExecutor.java:1134)&#10;        at java.util.concurrent.ThreadPoolExecutor$Worker.run(ThreadPoolExecutor.java:624)&#10;        at java.lang.Thread.run(Thread.java:748)&#10;&quot;pool-76-thread-2&quot;  prio=5 tid=627 in Object.wait()&#10;java.lang.Thread.State: WAITING (on object monitor)&#10;        at sun.misc.Unsafe.park(Native Method)&#10;        at java.util.concurrent.locks.LockSupport.park(LockSupport.java:175)&#10;        at java.util.concurrent.locks.AbstractQueuedSynchronizer$ConditionObject.await(AbstractQueuedSynchronizer.java:2039)&#10;        at java.util.concurrent.ArrayBlockingQueue.take(ArrayBlockingQueue.java:403)&#10;        at java.util.concurrent.ThreadPoolExecutor.getTask(ThreadPoolExecutor.java:1074)&#10;        at java.util.concurrent.ThreadPoolExecutor.runWorker(ThreadPoolExecutor.java:1134)&#10;        at java.util.concurrent.ThreadPoolExecutor$Worker.run(ThreadPoolExecutor.java:624)&#10;        at java.lang.Thread.run(Thread.java:748)&#10;&quot;pool-26-thread-21&quot;  prio=5 tid=354 in Object.wait()&#10;java.lang.Thread.State: WAITING (on object monitor)&#10;        at sun.misc.Unsafe.park(Native Method)&#10;        at java.util.concurrent.locks.LockSupport.park(LockSupport.java:175)&#10;        at java.util.concurrent.locks.AbstractQueuedSynchronizer$ConditionObject.await(AbstractQueuedSynchronizer.java:2039)&#10;        at java.util.concurrent.ArrayBlockingQueue.take(ArrayBlockingQueue.java:403)&#10;        at java.util.concurrent.ThreadPoolExecutor.getTask(ThreadPoolExecutor.java:1074)&#10;        at java.util.concurrent.ThreadPoolExecutor.runWorker(ThreadPoolExecutor.java:1134)&#10;        at java.util.concurrent.ThreadPoolExecutor$Worker.run(ThreadPoolExecutor.java:624)&#10;        at java.lang.Thread.run(Thread.java:748)&#10;&quot;metrics-hadoop-metrics2-reporter-3-thread-1&quot; daemon prio=5 tid=707 timed_waiting&#10;java.lang.Thread.State: TIMED_WAITING&#10;        at sun.misc.Unsafe.park(Native Method)&#10;        at java.util.concurrent.locks.LockSupport.parkNanos(LockSupport.java:215)&#10;        at java.util.concurrent.locks.AbstractQueuedSynchronizer$ConditionObject.awaitNanos(AbstractQueuedSynchronizer.java:2078)&#10;        at java.util.concurrent.ScheduledThreadPoolExecutor$DelayedWorkQueue.take(ScheduledThreadPoolExecutor.java:1093)&#10;        at java.util.concurrent.ScheduledThreadPoolExecutor$DelayedWorkQueue.take(ScheduledThreadPoolExecutor.java:809)&#10;        at java.util.concurrent.ThreadPoolExecutor.getTask(ThreadPoolExecutor.java:1074)&#10;        at java.util.concurrent.ThreadPoolExecutor.runWorker(ThreadPoolExecutor.java:1134)&#10;        at java.util.concurrent.ThreadPoolExecutor$Worker.run(ThreadPoolExecutor.java:624)&#10;        at java.lang.Thread.run(Thread.java:748)&#10;&quot;IPC Server handler 18 on 35347&quot; daemon prio=5 tid=88 timed_waiting&#10;java.lang.Thread.State: TIMED_WAITING&#10;        at sun.misc.Unsafe.park(Native Method)&#10;        at java.util.concurrent.locks.LockSupport.parkNanos(LockSupport.java:215)&#10;        at java.util.concurrent.locks.AbstractQueuedSynchronizer$ConditionObject.awaitNanos(AbstractQueuedSynchronizer.java:2078)&#10;        at java.util.concurrent.LinkedBlockingQueue.poll(LinkedBlockingQueue.java:467)&#10;        at org.apache.hadoop.ipc.CallQueueManager.take(CallQueueManager.java:288)&#10;        at org.apache.hadoop.ipc.Server$Handler.run(Server.java:2668)&#10;&quot;pool-56-thread-29&quot;  prio=5 tid=527 in Object.wait()&#10;java.lang.Thread.State: WAITING (on object monitor)&#10;        at sun.misc.Unsafe.park(Native Method)&#10;        at java.util.concurrent.locks.LockSupport.park(LockSupport.java:175)&#10;        at java.util.concurrent.locks.AbstractQueuedSynchronizer$ConditionObject.await(AbstractQueuedSynchronizer.java:2039)&#10;        at java.util.concurrent.ArrayBlockingQueue.take(ArrayBlockingQueue.java:403)&#10;        at java.util.concurrent.ThreadPoolExecutor.getTask(ThreadPoolExecutor.java:1074)&#10;        at java.util.concurrent.ThreadPoolExecutor.runWorker(ThreadPoolExecutor.java:1134)&#10;        at java.util.concurrent.ThreadPoolExecutor$Worker.run(ThreadPoolExecutor.java:624)&#10;        at java.lang.Thread.run(Thread.java:748)&#10;&quot;pool-76-thread-52&quot;  prio=5 tid=677 in Object.wait()&#10;java.lang.Thread.State: WAITING (on object monitor)&#10;        at sun.misc.Unsafe.park(Native Method)&#10;        at java.util.concurrent.locks.LockSupport.park(LockSupport.java:175)&#10;        at java.util.concurrent.locks.AbstractQueuedSynchronizer$ConditionObject.await(AbstractQueuedSynchronizer.java:2039)&#10;        at java.util.concurrent.ArrayBlockingQueue.take(ArrayBlockingQueue.java:403)&#10;        at java.util.concurrent.ThreadPoolExecutor.getTask(ThreadPoolExecutor.java:1074)&#10;        at java.util.concurrent.ThreadPoolExecutor.runWorker(ThreadPoolExecutor.java:1134)&#10;        at java.util.concurrent.ThreadPoolExecutor$Worker.run(ThreadPoolExecutor.java:624)&#10;        at java.lang.Thread.run(Thread.java:748)&#10;&quot;pool-46-thread-59&quot;  prio=5 tid=493 in Object.wait()&#10;java.lang.Thread.State: WAITING (on object monitor)&#10;        at sun.misc.Unsafe.park(Native Method)&#10;        at java.util.concurrent.locks.LockSupport.park(LockSupport.java:175)&#10;        at java.util.concurrent.locks.AbstractQueuedSynchronizer$ConditionObject.await(AbstractQueuedSynchronizer.java:2039)&#10;        at java.util.concurrent.ArrayBlockingQueue.take(ArrayBlockingQueue.java:403)&#10;        at java.util.concurrent.ThreadPoolExecutor.getTask(ThreadPoolExecutor.java:1074)&#10;        at java.util.concurrent.ThreadPoolExecutor.runWorker(ThreadPoolExecutor.java:1134)&#10;        at java.util.concurrent.ThreadPoolExecutor$Worker.run(ThreadPoolExecutor.java:624)&#10;        at java.lang.Thread.run(Thread.java:748)&#10;&quot;Timer for &apos;StorageContainerManager&apos; metrics system&quot; daemon prio=5 tid=28 timed_waiting&#10;java.lang.Thread.State: TIMED_WAITING&#10;        at org.apache.hadoop.metrics2.impl.MetricsSystemImpl.sampleMetrics(MetricsSystemImpl.java:408)&#10;        at org.apache.hadoop.metrics2.impl.MetricsSystemImpl.onTimerEvent(MetricsSystemImpl.java:381)&#10;        at org.apache.hadoop.metrics2.impl.MetricsSystemImpl$4.run(MetricsSystemImpl.java:368)&#10;        at java.util.TimerThread.mainLoop(Timer.java:555)&#10;        at java.util.TimerThread.run(Timer.java:505)&#10;&quot;java.util.concurrent.ThreadPoolExecutor$Worker@4f864425[State = -1, empty queue]&quot; daemon prio=5 tid=867 timed_waiting&#10;java.lang.Thread.State: TIMED_WAITING&#10;        at sun.misc.Unsafe.park(Native Method)&#10;        at java.util.concurrent.locks.LockSupport.parkNanos(LockSupport.java:215)&#10;        at java.util.concurrent.locks.AbstractQueuedSynchronizer$ConditionObject.awaitNanos(AbstractQueuedSynchronizer.java:2078)&#10;        at java.util.concurrent.ScheduledThreadPoolExecutor$DelayedWorkQueue.take(ScheduledThreadPoolExecutor.java:1093)&#10;        at java.util.concurrent.ScheduledThreadPoolExecutor$DelayedWorkQueue.take(ScheduledThreadPoolExecutor.java:809)&#10;        at java.util.concurrent.ThreadPoolExecutor.getTask(ThreadPoolExecutor.java:1074)&#10;        at java.util.concurrent.ThreadPoolExecutor.runWorker(ThreadPoolExecutor.java:1134)&#10;        at java.util.concurrent.ThreadPoolExecutor$Worker.run(ThreadPoolExecutor.java:624)&#10;        at java.lang.Thread.run(Thread.java:748)&#10;&quot;pool-36-thread-22&quot;  prio=5 tid=358 in Object.wait()&#10;java.lang.Thread.State: WAITING (on object monitor)&#10;        at sun.misc.Unsafe.park(Native Method)&#10;        at java.util.concurrent.locks.LockSupport.park(LockSupport.java:175)&#10;        at java.util.concurrent.locks.AbstractQueuedSynchronizer$ConditionObject.await(AbstractQueuedSynchronizer.java:2039)&#10;        at java.util.concurrent.ArrayBlockingQueue.take(ArrayBlockingQueue.java:403)&#10;        at java.util.concurrent.ThreadPoolExecutor.getTask(ThreadPoolExecutor.java:1074)&#10;        at java.util.concurrent.ThreadPoolExecutor.runWorker(ThreadPoolExecutor.java:1134)&#10;        at java.util.concurrent.ThreadPoolExecutor$Worker.run(ThreadPoolExecutor.java:624)&#10;        at java.lang.Thread.run(Thread.java:748)&#10;&quot;pool-46-thread-23&quot;  prio=5 tid=457 in Object.wait()&#10;java.lang.Thread.State: WAITING (on object monitor)&#10;        at sun.misc.Unsafe.park(Native Method)&#10;        at java.util.concurrent.locks.LockSupport.park(LockSupport.java:175)&#10;        at java.util.concurrent.locks.AbstractQueuedSynchronizer$ConditionObject.await(AbstractQueuedSynchronizer.java:2039)&#10;        at java.util.concurrent.ArrayBlockingQueue.take(ArrayBlockingQueue.java:403)&#10;        at java.util.concurrent.ThreadPoolExecutor.getTask(ThreadPoolExecutor.java:1074)&#10;        at java.util.concurrent.ThreadPoolExecutor.runWorker(ThreadPoolExecutor.java:1134)&#10;        at java.util.concurrent.ThreadPoolExecutor$Worker.run(ThreadPoolExecutor.java:624)&#10;        at java.lang.Thread.run(Thread.java:748)&#10;&quot;Thread-263&quot; daemon prio=5 tid=795 timed_waiting&#10;java.lang.Thread.State: TIMED_WAITING&#10;        at sun.misc.Unsafe.park(Native Method)&#10;        at java.util.concurrent.locks.LockSupport.parkNanos(LockSupport.java:215)&#10;        at java.util.concurrent.locks.AbstractQueuedSynchronizer$ConditionObject.awaitNanos(AbstractQueuedSynchronizer.java:2078)&#10;        at java.util.concurrent.ArrayBlockingQueue.poll(ArrayBlockingQueue.java:418)&#10;        at org.apache.ratis.server.impl.LeaderState$EventQueue.poll(LeaderState.java:115)&#10;        at org.apache.ratis.server.impl.LeaderState$EventProcessor.run(LeaderState.java:467)&#10;&quot;pool-46-thread-13&quot;  prio=5 tid=447 in Object.wait()&#10;java.lang.Thread.State: WAITING (on object monitor)&#10;        at sun.misc.Unsafe.park(Native Method)&#10;        at java.util.concurrent.locks.LockSupport.park(LockSupport.java:175)&#10;        at java.util.concurrent.locks.AbstractQueuedSynchronizer$ConditionObject.await(AbstractQueuedSynchronizer.java:2039)&#10;        at java.util.concurrent.ArrayBlockingQueue.take(ArrayBlockingQueue.java:403)&#10;        at java.util.concurrent.ThreadPoolExecutor.getTask(ThreadPoolExecutor.java:1074)&#10;        at java.util.concurrent.ThreadPoolExecutor.runWorker(ThreadPoolExecutor.java:1134)&#10;        at java.util.concurrent.ThreadPoolExecutor$Worker.run(ThreadPoolExecutor.java:624)&#10;        at java.lang.Thread.run(Thread.java:748)&#10;&quot;metrics-hadoop-metrics2-reporter-71-thread-1&quot; daemon prio=5 tid=967 timed_waiting&#10;java.lang.Thread.State: TIMED_WAITING&#10;        at sun.misc.Unsafe.park(Native Method)&#10;        at java.util.concurrent.locks.LockSupport.parkNanos(LockSupport.java:215)&#10;        at java.util.concurrent.locks.AbstractQueuedSynchronizer$ConditionObject.awaitNanos(AbstractQueuedSynchronizer.java:2078)&#10;        at java.util.concurrent.ScheduledThreadPoolExecutor$DelayedWorkQueue.take(ScheduledThreadPoolExecutor.java:1093)&#10;        at java.util.concurrent.ScheduledThreadPoolExecutor$DelayedWorkQueue.take(ScheduledThreadPoolExecutor.java:809)&#10;        at java.util.concurrent.ThreadPoolExecutor.getTask(ThreadPoolExecutor.java:1074)&#10;        at java.util.concurrent.ThreadPoolExecutor.runWorker(ThreadPoolExecutor.java:1134)&#10;        at java.util.concurrent.ThreadPoolExecutor$Worker.run(ThreadPoolExecutor.java:624)&#10;        at java.lang.Thread.run(Thread.java:748)&#10;&quot;Thread-0&quot;  prio=5 tid=11 runnable&#10;java.lang.Thread.State: RUNNABLE&#10;        at java.lang.Thread.dumpThreads(Native Method)&#10;        at java.lang.Thread.getAllStackTraces(Thread.java:1610)&#10;        at org.apache.hadoop.test.TimedOutTestsListener.buildThreadDump(TimedOutTestsListener.java:87)&#10;        at org.apache.hadoop.test.TimedOutTestsListener.buildThreadDiagnosticString(TimedOutTestsListener.java:73)&#10;        at org.apache.hadoop.test.GenericTestUtils.waitFor(GenericTestUtils.java:389)&#10;        at org.apache.hadoop.hdds.scm.pipeline.TestRatisPipelineCreateAndDestroy.waitForPipelines(TestRatisPipelineCreateAndDestroy.java:126)&#10;        at org.apache.hadoop.hdds.scm.pipeline.TestRatisPipelineCreateAndDestroy.testAutomaticPipelineCreationOnPipelineDestroy(TestRatisPipelineCreateAndDestroy.java:79)&#10;        at sun.reflect.NativeMethodAccessorImpl.invoke0(Native Method)&#10;        at sun.reflect.NativeMethodAccessorImpl.invoke(NativeMethodAccessorImpl.java:62)&#10;        at sun.reflect.DelegatingMethodAccessorImpl.invoke(DelegatingMethodAccessorImpl.java:43)&#10;        at java.lang.reflect.Method.invoke(Method.java:498)&#10;        at org.junit.runners.model.FrameworkMethod$1.runReflectiveCall(FrameworkMethod.java:47)&#10;        at org.junit.internal.runners.model.ReflectiveCallable.run(ReflectiveCallable.java:12)&#10;        at org.junit.runners.model.FrameworkMethod.invokeExplosively(FrameworkMethod.java:44)&#10;        at org.junit.internal.runners.statements.InvokeMethod.evaluate(InvokeMethod.java:17)&#10;        at org.junit.internal.runners.statements.FailOnTimeout$StatementThread.run(FailOnTimeout.java:74)&#10;&quot;pool-36-thread-32&quot;  prio=5 tid=377 in Object.wait()&#10;java.lang.Thread.State: WAITING (on object monitor)&#10;        at sun.misc.Unsafe.park(Native Method)&#10;        at java.util.concurrent.locks.LockSupport.park(LockSupport.java:175)&#10;        at java.util.concurrent.locks.AbstractQueuedSynchronizer$ConditionObject.await(AbstractQueuedSynchronizer.java:2039)&#10;        at java.util.concurrent.ArrayBlockingQueue.take(ArrayBlockingQueue.java:403)&#10;        at java.util.concurrent.ThreadPoolExecutor.getTask(ThreadPoolExecutor.java:1074)&#10;        at java.util.concurrent.ThreadPoolExecutor.runWorker(ThreadPoolExecutor.java:1134)&#10;        at java.util.concurrent.ThreadPoolExecutor$Worker.run(ThreadPoolExecutor.java:624)&#10;        at java.lang.Thread.run(Thread.java:748)&#10;&quot;Periodic HDDS volume checker&quot;  prio=5 tid=234 timed_waiting&#10;java.lang.Thread.State: TIMED_WAITING&#10;        at sun.misc.Unsafe.park(Native Method)&#10;        at java.util.concurrent.locks.LockSupport.parkNanos(LockSupport.java:215)&#10;        at java.util.concurrent.locks.AbstractQueuedSynchronizer$ConditionObject.awaitNanos(AbstractQueuedSynchronizer.java:2078)&#10;        at java.util.concurrent.ScheduledThreadPoolExecutor$DelayedWorkQueue.take(ScheduledThreadPoolExecutor.java:1093)&#10;        at java.util.concurrent.ScheduledThreadPoolExecutor$DelayedWorkQueue.take(ScheduledThreadPoolExecutor.java:809)&#10;        at java.util.concurrent.ThreadPoolExecutor.getTask(ThreadPoolExecutor.java:1074)&#10;        at java.util.concurrent.ThreadPoolExecutor.runWorker(ThreadPoolExecutor.java:1134)&#10;        at java.util.concurrent.ThreadPoolExecutor$Worker.run(ThreadPoolExecutor.java:624)&#10;        at java.lang.Thread.run(Thread.java:748)&#10;&quot;IPC Server handler 4 on 35347&quot; daemon prio=5 tid=74 timed_waiting&#10;java.lang.Thread.State: TIMED_WAITING&#10;        at sun.misc.Unsafe.park(Native Method)&#10;        at java.util.concurrent.locks.LockSupport.parkNanos(LockSupport.java:215)&#10;        at java.util.concurrent.locks.AbstractQueuedSynchronizer$ConditionObject.awaitNanos(AbstractQueuedSynchronizer.java:2078)&#10;        at java.util.concurrent.LinkedBlockingQueue.poll(LinkedBlockingQueue.java:467)&#10;        at org.apache.hadoop.ipc.CallQueueManager.take(CallQueueManager.java:288)&#10;        at org.apache.hadoop.ipc.Server$Handler.run(Server.java:2668)&#10;&quot;qtp689037899-297&quot; daemon prio=5 tid=297 timed_waiting&#10;java.lang.Thread.State: TIMED_WAITING&#10;        at sun.misc.Unsafe.park(Native Method)&#10;        at java.util.concurrent.locks.LockSupport.parkNanos(LockSupport.java:215)&#10;        at java.util.concurrent.locks.AbstractQueuedSynchronizer$ConditionObject.awaitNanos(AbstractQueuedSynchronizer.java:2078)&#10;        at org.eclipse.jetty.util.BlockingArrayQueue.poll(BlockingArrayQueue.java:392)&#10;        at org.eclipse.jetty.util.thread.QueuedThreadPool.idleJobPoll(QueuedThreadPool.java:563)&#10;        at org.eclipse.jetty.util.thread.QueuedThreadPool.access$800(QueuedThreadPool.java:48)&#10;        at org.eclipse.jetty.util.thread.QueuedThreadPool$2.run(QueuedThreadPool.java:626)&#10;        at java.lang.Thread.run(Thread.java:748)&#10;&quot;pool-56-thread-3&quot;  prio=5 tid=498 in Object.wait()&#10;java.lang.Thread.State: WAITING (on object monitor)&#10;        at sun.misc.Unsafe.park(Native Method)&#10;        at java.util.concurrent.locks.LockSupport.park(LockSupport.java:175)&#10;        at java.util.concurrent.locks.AbstractQueuedSynchronizer$ConditionObject.await(AbstractQueuedSynchronizer.java:2039)&#10;        at java.util.concurrent.ArrayBlockingQueue.take(ArrayBlockingQueue.java:403)&#10;        at java.util.concurrent.ThreadPoolExecutor.getTask(ThreadPoolExecutor.java:1074)&#10;        at java.util.concurrent.ThreadPoolExecutor.runWorker(ThreadPoolExecutor.java:1134)&#10;        at java.util.concurrent.ThreadPoolExecutor$Worker.run(ThreadPoolExecutor.java:624)&#10;        at java.lang.Thread.run(Thread.java:748)&#10;&quot;pool-66-thread-8&quot;  prio=5 tid=571 in Object.wait()&#10;java.lang.Thread.State: WAITING (on object monitor)&#10;        at sun.misc.Unsafe.park(Native Method)&#10;        at java.util.concurrent.locks.LockSupport.park(LockSupport.java:175)&#10;        at java.util.concurrent.locks.AbstractQueuedSynchronizer$ConditionObject.await(AbstractQueuedSynchronizer.java:2039)&#10;        at java.util.concurrent.ArrayBlockingQueue.take(ArrayBlockingQueue.java:403)&#10;        at java.util.concurrent.ThreadPoolExecutor.getTask(ThreadPoolExecutor.java:1074)&#10;        at java.util.concurrent.ThreadPoolExecutor.runWorker(ThreadPoolExecutor.java:1134)&#10;        at java.util.concurrent.ThreadPoolExecutor$Worker.run(ThreadPoolExecutor.java:624)&#10;        at java.lang.Thread.run(Thread.java:748)&#10;&quot;org.eclipse.jetty.server.session.HashSessionManager@2570ac5dTimer&quot; daemon prio=5 tid=147 timed_waiting&#10;java.lang.Thread.State: TIMED_WAITING&#10;        at sun.misc.Unsafe.park(Native Method)&#10;        at java.util.concurrent.locks.LockSupport.parkNanos(LockSupport.java:215)&#10;        at java.util.concurrent.locks.AbstractQueuedSynchronizer$ConditionObject.awaitNanos(AbstractQueuedSynchronizer.java:2078)&#10;        at java.util.concurrent.ScheduledThreadPoolExecutor$DelayedWorkQueue.take(ScheduledThreadPoolExecutor.java:1093)&#10;        at java.util.concurrent.ScheduledThreadPoolExecutor$DelayedWorkQueue.take(ScheduledThreadPoolExecutor.java:809)&#10;        at java.util.concurrent.ThreadPoolExecutor.getTask(ThreadPoolExecutor.java:1074)&#10;        at java.util.concurrent.ThreadPoolExecutor.runWorker(ThreadPoolExecutor.java:1134)&#10;        at java.util.concurrent.ThreadPoolExecutor$Worker.run(ThreadPoolExecutor.java:624)&#10;        at java.lang.Thread.run(Thread.java:748)&#10;&quot;pool-36-thread-47&quot;  prio=5 tid=407 in Object.wait()&#10;java.lang.Thread.State: WAITING (on object monitor)&#10;        at sun.misc.Unsafe.park(Native Method)&#10;        at java.util.concurrent.locks.LockSupport.park(LockSupport.java:175)&#10;        at java.util.concurrent.locks.AbstractQueuedSynchronizer$ConditionObject.await(AbstractQueuedSynchronizer.java:2039)&#10;        at java.util.concurrent.ArrayBlockingQueue.take(ArrayBlockingQueue.java:403)&#10;        at java.util.concurrent.ThreadPoolExecutor.getTask(ThreadPoolExecutor.java:1074)&#10;        at java.util.concurrent.ThreadPoolExecutor.runWorker(ThreadPoolExecutor.java:1134)&#10;        at java.util.concurrent.ThreadPoolExecutor$Worker.run(ThreadPoolExecutor.java:624)&#10;        at java.lang.Thread.run(Thread.java:748)&#10;&quot;IPC Server handler 11 on 41091&quot; daemon prio=5 tid=127 timed_waiting&#10;java.lang.Thread.State: TIMED_WAITING&#10;        at sun.misc.Unsafe.park(Native Method)&#10;        at java.util.concurrent.locks.LockSupport.parkNanos(LockSupport.java:215)&#10;        at java.util.concurrent.locks.AbstractQueuedSynchronizer$ConditionObject.awaitNanos(AbstractQueuedSynchronizer.java:2078)&#10;        at java.util.concurrent.LinkedBlockingQueue.poll(LinkedBlockingQueue.java:467)&#10;        at org.apache.hadoop.ipc.CallQueueManager.take(CallQueueManager.java:288)&#10;        at org.apache.hadoop.ipc.Server$Handler.run(Server.java:2668)&#10;&quot;pool-56-thread-33&quot;  prio=5 tid=531 in Object.wait()&#10;java.lang.Thread.State: WAITING (on object monitor)&#10;        at sun.misc.Unsafe.park(Native Method)&#10;        at java.util.concurrent.locks.LockSupport.park(LockSupport.java:175)&#10;        at java.util.concurrent.locks.AbstractQueuedSynchronizer$ConditionObject.await(AbstractQueuedSynchronizer.java:2039)&#10;        at java.util.concurrent.ArrayBlockingQueue.take(ArrayBlockingQueue.java:403)&#10;        at java.util.concurrent.ThreadPoolExecutor.getTask(ThreadPoolExecutor.java:1074)&#10;        at java.util.concurrent.ThreadPoolExecutor.runWorker(ThreadPoolExecutor.java:1134)&#10;        at java.util.concurrent.ThreadPoolExecutor$Worker.run(ThreadPoolExecutor.java:624)&#10;        at java.lang.Thread.run(Thread.java:748)&#10;&quot;org.eclipse.jetty.server.session.HashSessionManager@33557a5fTimer&quot; daemon prio=5 tid=99 timed_waiting&#10;java.lang.Thread.State: TIMED_WAITING&#10;        at sun.misc.Unsafe.park(Native Method)&#10;        at java.util.concurrent.locks.LockSupport.parkNanos(LockSupport.java:215)&#10;        at java.util.concurrent.locks.AbstractQueuedSynchronizer$ConditionObject.awaitNanos(AbstractQueuedSynchronizer.java:2078)&#10;        at java.util.concurrent.ScheduledThreadPoolExecutor$DelayedWorkQueue.take(ScheduledThreadPoolExecutor.java:1093)&#10;        at java.util.concurrent.ScheduledThreadPoolExecutor$DelayedWorkQueue.take(ScheduledThreadPoolExecutor.java:809)&#10;        at java.util.concurrent.ThreadPoolExecutor.getTask(ThreadPoolExecutor.java:1074)&#10;        at java.util.concurrent.ThreadPoolExecutor.runWorker(ThreadPoolExecutor.java:1134)&#10;        at java.util.concurrent.ThreadPoolExecutor$Worker.run(ThreadPoolExecutor.java:624)&#10;        at java.lang.Thread.run(Thread.java:748)&#10;&quot;metrics-hadoop-metrics2-reporter-22-thread-1&quot; daemon prio=5 tid=753 timed_waiting&#10;java.lang.Thread.State: TIMED_WAITING&#10;        at sun.misc.Unsafe.park(Native Method)&#10;        at java.util.concurrent.locks.LockSupport.parkNanos(LockSupport.java:215)&#10;        at java.util.concurrent.locks.AbstractQueuedSynchronizer$ConditionObject.awaitNanos(AbstractQueuedSynchronizer.java:2078)&#10;        at java.util.concurrent.ScheduledThreadPoolExecutor$DelayedWorkQueue.take(ScheduledThreadPoolExecutor.java:1093)&#10;        at java.util.concurrent.ScheduledThreadPoolExecutor$DelayedWorkQueue.take(ScheduledThreadPoolExecutor.java:809)&#10;        at java.util.concurrent.ThreadPoolExecutor.getTask(ThreadPoolExecutor.java:1074)&#10;        at java.util.concurrent.ThreadPoolExecutor.runWorker(ThreadPoolExecutor.java:1134)&#10;        at java.util.concurrent.ThreadPoolExecutor$Worker.run(ThreadPoolExecutor.java:624)&#10;        at java.lang.Thread.run(Thread.java:748)&#10;&quot;surefire-forkedjvm-command-thread&quot; daemon prio=5 tid=8 runnable&#10;java.lang.Thread.State: RUNNABLE&#10;        at java.io.FileInputStream.readBytes(Native Method)&#10;        at java.io.FileInputStream.read(FileInputStream.java:255)&#10;        at java.io.BufferedInputStream.fill(BufferedInputStream.java:246)&#10;        at java.io.BufferedInputStream.read(BufferedInputStream.java:265)&#10;        at java.io.DataInputStream.readInt(DataInputStream.java:387)&#10;        at org.apache.maven.surefire.booter.MasterProcessCommand.decode(MasterProcessCommand.java:115)&#10;        at org.apache.maven.surefire.booter.CommandReader$CommandRunnable.run(CommandReader.java:390)&#10;        at java.lang.Thread.run(Thread.java:748)&#10;&quot;Timer-1&quot; daemon prio=5 tid=150 timed_waiting&#10;java.lang.Thread.State: TIMED_WAITING&#10;        at java.lang.Object.wait(Native Method)&#10;        at java.util.TimerThread.mainLoop(Timer.java:552)&#10;        at java.util.TimerThread.run(Timer.java:505)&#10;&quot;metrics-hadoop-metrics2-reporter-75-thread-1&quot; daemon prio=5 tid=1028 timed_waiting&#10;java.lang.Thread.State: TIMED_WAITING&#10;        at sun.misc.Unsafe.park(Native Method)&#10;        at java.util.concurrent.locks.LockSupport.parkNanos(LockSupport.java:215)&#10;        at java.util.concurrent.locks.AbstractQueuedSynchronizer$ConditionObject.awaitNanos(AbstractQueuedSynchronizer.java:2078)&#10;        at java.util.concurrent.ScheduledThreadPoolExecutor$DelayedWorkQueue.take(ScheduledThreadPoolExecutor.java:1093)&#10;        at java.util.concurrent.ScheduledThreadPoolExecutor$DelayedWorkQueue.take(ScheduledThreadPoolExecutor.java:809)&#10;        at java.util.concurrent.ThreadPoolExecutor.getTask(ThreadPoolExecutor.java:1074)&#10;        at java.util.concurrent.ThreadPoolExecutor.runWorker(ThreadPoolExecutor.java:1134)&#10;        at java.util.concurrent.ThreadPoolExecutor$Worker.run(ThreadPoolExecutor.java:624)&#10;        at java.lang.Thread.run(Thread.java:748)&#10;&quot;org.eclipse.jetty.server.session.HashSessionManager@6f721d6cTimer&quot; daemon prio=5 tid=168 timed_waiting&#10;java.lang.Thread.State: TIMED_WAITING&#10;        at sun.misc.Unsafe.park(Native Method)&#10;        at java.util.concurrent.locks.LockSupport.parkNanos(LockSupport.java:215)&#10;        at java.util.concurrent.locks.AbstractQueuedSynchronizer$ConditionObject.awaitNanos(AbstractQueuedSynchronizer.java:2078)&#10;        at java.util.concurrent.ScheduledThreadPoolExecutor$DelayedWorkQueue.take(ScheduledThreadPoolExecutor.java:1093)&#10;        at java.util.concurrent.ScheduledThreadPoolExecutor$DelayedWorkQueue.take(ScheduledThreadPoolExecutor.java:809)&#10;        at java.util.concurrent.ThreadPoolExecutor.getTask(ThreadPoolExecutor.java:1074)&#10;        at java.util.concurrent.ThreadPoolExecutor.runWorker(ThreadPoolExecutor.java:1134)&#10;        at java.util.concurrent.ThreadPoolExecutor$Worker.run(ThreadPoolExecutor.java:624)&#10;        at java.lang.Thread.run(Thread.java:748)&#10;&quot;qtp64027122-163&quot; daemon prio=5 tid=163 timed_waiting&#10;java.lang.Thread.State: TIMED_WAITING&#10;        at sun.misc.Unsafe.park(Native Method)&#10;        at java.util.concurrent.locks.LockSupport.parkNanos(LockSupport.java:215)&#10;        at java.util.concurrent.locks.AbstractQueuedSynchronizer$ConditionObject.awaitNanos(AbstractQueuedSynchronizer.java:2078)&#10;        at org.eclipse.jetty.util.BlockingArrayQueue.poll(BlockingArrayQueue.java:392)&#10;        at org.eclipse.jetty.util.thread.QueuedThreadPool.idleJobPoll(QueuedThreadPool.java:563)&#10;        at org.eclipse.jetty.util.thread.QueuedThreadPool.access$800(QueuedThreadPool.java:48)&#10;        at org.eclipse.jetty.util.thread.QueuedThreadPool$2.run(QueuedThreadPool.java:626)&#10;        at java.lang.Thread.run(Thread.java:748)&#10;&quot;pool-66-thread-34&quot;  prio=5 tid=597 in Object.wait()&#10;java.lang.Thread.State: WAITING (on object monitor)&#10;        at sun.misc.Unsafe.park(Native Method)&#10;        at java.util.concurrent.locks.LockSupport.park(LockSupport.java:175)&#10;        at java.util.concurrent.locks.AbstractQueuedSynchronizer$ConditionObject.await(AbstractQueuedSynchronizer.java:2039)&#10;        at java.util.concurrent.ArrayBlockingQueue.take(ArrayBlockingQueue.java:403)&#10;        at java.util.concurrent.ThreadPoolExecutor.getTask(ThreadPoolExecutor.java:1074)&#10;        at java.util.concurrent.ThreadPoolExecutor.runWorker(ThreadPoolExecutor.java:1134)&#10;        at java.util.concurrent.ThreadPoolExecutor$Worker.run(ThreadPoolExecutor.java:624)&#10;        at java.lang.Thread.run(Thread.java:748)&#10;&quot;metrics-hadoop-metrics2-reporter-72-thread-1&quot; daemon prio=5 tid=969 timed_waiting&#10;java.lang.Thread.State: TIMED_WAITING&#10;        at sun.misc.Unsafe.park(Native Method)&#10;        at java.util.concurrent.locks.LockSupport.parkNanos(LockSupport.java:215)&#10;        at java.util.concurrent.locks.AbstractQueuedSynchronizer$ConditionObject.awaitNanos(AbstractQueuedSynchronizer.java:2078)&#10;        at java.util.concurrent.ScheduledThreadPoolExecutor$DelayedWorkQueue.take(ScheduledThreadPoolExecutor.java:1093)&#10;        at java.util.concurrent.ScheduledThreadPoolExecutor$DelayedWorkQueue.take(ScheduledThreadPoolExecutor.java:809)&#10;        at java.util.concurrent.ThreadPoolExecutor.getTask(ThreadPoolExecutor.java:1074)&#10;        at java.util.concurrent.ThreadPoolExecutor.runWorker(ThreadPoolExecutor.java:1134)&#10;        at java.util.concurrent.ThreadPoolExecutor$Worker.run(ThreadPoolExecutor.java:624)&#10;        at java.lang.Thread.run(Thread.java:748)&#10;&quot;pool-66-thread-43&quot;  prio=5 tid=606 in Object.wait()&#10;java.lang.Thread.State: WAITING (on object monitor)&#10;        at sun.misc.Unsafe.park(Native Method)&#10;        at java.util.concurrent.locks.LockSupport.park(LockSupport.java:175)&#10;        at java.util.concurrent.locks.AbstractQueuedSynchronizer$ConditionObject.await(AbstractQueuedSynchronizer.java:2039)&#10;        at java.util.concurrent.ArrayBlockingQueue.take(ArrayBlockingQueue.java:403)&#10;        at java.util.concurrent.ThreadPoolExecutor.getTask(ThreadPoolExecutor.java:1074)&#10;        at java.util.concurrent.ThreadPoolExecutor.runWorker(ThreadPoolExecutor.java:1134)&#10;        at java.util.concurrent.ThreadPoolExecutor$Worker.run(ThreadPoolExecutor.java:624)&#10;        at java.lang.Thread.run(Thread.java:748)&#10;&quot;pool-66-thread-1&quot;  prio=5 tid=564 in Object.wait()&#10;java.lang.Thread.State: WAITING (on object monitor)&#10;        at sun.misc.Unsafe.park(Native Method)&#10;        at java.util.concurrent.locks.LockSupport.park(LockSupport.java:175)&#10;        at java.util.concurrent.locks.AbstractQueuedSynchronizer$ConditionObject.await(AbstractQueuedSynchronizer.java:2039)&#10;        at java.util.concurrent.ArrayBlockingQueue.take(ArrayBlockingQueue.java:403)&#10;        at java.util.concurrent.ThreadPoolExecutor.getTask(ThreadPoolExecutor.java:1074)&#10;        at java.util.concurrent.ThreadPoolExecutor.runWorker(ThreadPoolExecutor.java:1134)&#10;        at java.util.concurrent.ThreadPoolExecutor$Worker.run(ThreadPoolExecutor.java:624)&#10;        at java.lang.Thread.run(Thread.java:748)&#10;&quot;qtp441384075-139&quot; daemon prio=5 tid=139 timed_waiting&#10;java.lang.Thread.State: TIMED_WAITING&#10;        at sun.misc.Unsafe.park(Native Method)&#10;        at java.util.concurrent.locks.LockSupport.parkNanos(LockSupport.java:215)&#10;        at java.util.concurrent.locks.AbstractQueuedSynchronizer$ConditionObject.awaitNanos(AbstractQueuedSynchronizer.java:2078)&#10;        at org.eclipse.jetty.util.BlockingArrayQueue.poll(BlockingArrayQueue.java:392)&#10;        at org.eclipse.jetty.util.thread.QueuedThreadPool.idleJobPoll(QueuedThreadPool.java:563)&#10;        at org.eclipse.jetty.util.thread.QueuedThreadPool.access$800(QueuedThreadPool.java:48)&#10;        at org.eclipse.jetty.util.thread.QueuedThreadPool$2.run(QueuedThreadPool.java:626)&#10;        at java.lang.Thread.run(Thread.java:748)&#10;&quot;IPC Server handler 17 on 35347&quot; daemon prio=5 tid=87 timed_waiting&#10;java.lang.Thread.State: TIMED_WAITING&#10;        at sun.misc.Unsafe.park(Native Method)&#10;        at java.util.concurrent.locks.LockSupport.parkNanos(LockSupport.java:215)&#10;        at java.util.concurrent.locks.AbstractQueuedSynchronizer$ConditionObject.awaitNanos(AbstractQueuedSynchronizer.java:2078)&#10;        at java.util.concurrent.LinkedBlockingQueue.poll(LinkedBlockingQueue.java:467)&#10;        at org.apache.hadoop.ipc.CallQueueManager.take(CallQueueManager.java:288)&#10;        at org.apache.hadoop.ipc.Server$Handler.run(Server.java:2668)&#10;&quot;IPC Server handler 19 on 33888&quot; daemon prio=5 tid=49 timed_waiting&#10;java.lang.Thread.State: TIMED_WAITING&#10;        at sun.misc.Unsafe.park(Native Method)&#10;        at java.util.concurrent.locks.LockSupport.parkNanos(LockSupport.java:215)&#10;        at java.util.concurrent.locks.AbstractQueuedSynchronizer$ConditionObject.awaitNanos(AbstractQueuedSynchronizer.java:2078)&#10;        at java.util.concurrent.LinkedBlockingQueue.poll(LinkedBlockingQueue.java:467)&#10;        at org.apache.hadoop.ipc.CallQueueManager.take(CallQueueManager.java:288)&#10;        at org.apache.hadoop.ipc.Server$Handler.run(Server.java:2668)&#10;&quot;Thread-242&quot; daemon prio=5 tid=747 timed_waiting&#10;java.lang.Thread.State: TIMED_WAITING&#10;        at sun.misc.Unsafe.park(Native Method)&#10;        at java.util.concurrent.locks.LockSupport.parkNanos(LockSupport.java:215)&#10;        at java.util.concurrent.locks.AbstractQueuedSynchronizer$ConditionObject.awaitNanos(AbstractQueuedSynchronizer.java:2078)&#10;        at java.util.concurrent.ArrayBlockingQueue.poll(ArrayBlockingQueue.java:418)&#10;        at org.apache.ratis.server.impl.LeaderState$EventQueue.poll(LeaderState.java:115)&#10;        at org.apache.ratis.server.impl.LeaderState$EventProcessor.run(LeaderState.java:467)&#10;&quot;pool-26-thread-50&quot;  prio=5 tid=415 in Object.wait()&#10;java.lang.Thread.State: WAITING (on object monitor)&#10;        at sun.misc.Unsafe.park(Native Method)&#10;        at java.util.concurrent.locks.LockSupport.park(LockSupport.java:175)&#10;        at java.util.concurrent.locks.AbstractQueuedSynchronizer$ConditionObject.await(AbstractQueuedSynchronizer.java:2039)&#10;        at java.util.concurrent.ArrayBlockingQueue.take(ArrayBlockingQueue.java:403)&#10;        at java.util.concurrent.ThreadPoolExecutor.getTask(ThreadPoolExecutor.java:1074)&#10;        at java.util.concurrent.ThreadPoolExecutor.runWorker(ThreadPoolExecutor.java:1134)&#10;        at java.util.concurrent.ThreadPoolExecutor$Worker.run(ThreadPoolExecutor.java:624)&#10;        at java.lang.Thread.run(Thread.java:748)&#10;&quot;IPC Server handler 0 on 41091&quot; daemon prio=5 tid=115 timed_waiting&#10;java.lang.Thread.State: TIMED_WAITING&#10;        at sun.misc.Unsafe.park(Native Method)&#10;        at java.util.concurrent.locks.LockSupport.parkNanos(LockSupport.java:215)&#10;        at java.util.concurrent.locks.AbstractQueuedSynchronizer$ConditionObject.awaitNanos(AbstractQueuedSynchronizer.java:2078)&#10;        at java.util.concurrent.LinkedBlockingQueue.poll(LinkedBlockingQueue.java:467)&#10;        at org.apache.hadoop.ipc.CallQueueManager.take(CallQueueManager.java:288)&#10;        at org.apache.hadoop.ipc.Server$Handler.run(Server.java:2668)&#10;&quot;org.eclipse.jetty.server.session.HashSessionManager@ff6f875Timer&quot; daemon prio=5 tid=222 timed_waiting&#10;java.lang.Thread.State: TIMED_WAITING&#10;        at sun.misc.Unsafe.park(Native Method)&#10;        at java.util.concurrent.locks.LockSupport.parkNanos(LockSupport.java:215)&#10;        at java.util.concurrent.locks.AbstractQueuedSynchronizer$ConditionObject.awaitNanos(AbstractQueuedSynchronizer.java:2078)&#10;        at java.util.concurrent.ScheduledThreadPoolExecutor$DelayedWorkQueue.take(ScheduledThreadPoolExecutor.java:1093)&#10;        at java.util.concurrent.ScheduledThreadPoolExecutor$DelayedWorkQueue.take(ScheduledThreadPoolExecutor.java:809)&#10;        at java.util.concurrent.ThreadPoolExecutor.getTask(ThreadPoolExecutor.java:1074)&#10;        at java.util.concurrent.ThreadPoolExecutor.runWorker(ThreadPoolExecutor.java:1134)&#10;        at java.util.concurrent.ThreadPoolExecutor$Worker.run(ThreadPoolExecutor.java:624)&#10;        at java.lang.Thread.run(Thread.java:748)&#10;&quot;pool-66-thread-24&quot;  prio=5 tid=587 in Object.wait()&#10;java.lang.Thread.State: WAITING (on object monitor)&#10;        at sun.misc.Unsafe.park(Native Method)&#10;        at java.util.concurrent.locks.LockSupport.park(LockSupport.java:175)&#10;        at java.util.concurrent.locks.AbstractQueuedSynchronizer$ConditionObject.await(AbstractQueuedSynchronizer.java:2039)&#10;        at java.util.concurrent.ArrayBlockingQueue.take(ArrayBlockingQueue.java:403)&#10;        at java.util.concurrent.ThreadPoolExecutor.getTask(ThreadPoolExecutor.java:1074)&#10;        at java.util.concurrent.ThreadPoolExecutor.runWorker(ThreadPoolExecutor.java:1134)&#10;        at java.util.concurrent.ThreadPoolExecutor$Worker.run(ThreadPoolExecutor.java:624)&#10;        at java.lang.Thread.run(Thread.java:748)&#10;&quot;pool-76-thread-46&quot;  prio=5 tid=671 in Object.wait()&#10;java.lang.Thread.State: WAITING (on object monitor)&#10;        at sun.misc.Unsafe.park(Native Method)&#10;        at java.util.concurrent.locks.LockSupport.park(LockSupport.java:175)&#10;        at java.util.concurrent.locks.AbstractQueuedSynchronizer$ConditionObject.await(AbstractQueuedSynchronizer.java:2039)&#10;        at java.util.concurrent.ArrayBlockingQueue.take(ArrayBlockingQueue.java:403)&#10;        at java.util.concurrent.ThreadPoolExecutor.getTask(ThreadPoolExecutor.java:1074)&#10;        at java.util.concurrent.ThreadPoolExecutor.runWorker(ThreadPoolExecutor.java:1134)&#10;        at java.util.concurrent.ThreadPoolExecutor$Worker.run(ThreadPoolExecutor.java:624)&#10;        at java.lang.Thread.run(Thread.java:748)&#10;&quot;org.eclipse.jetty.server.session.HashSessionManager@6b3e88f4Timer&quot; daemon prio=5 tid=197 timed_waiting&#10;java.lang.Thread.State: TIMED_WAITING&#10;        at sun.misc.Unsafe.park(Native Method)&#10;        at java.util.concurrent.locks.LockSupport.parkNanos(LockSupport.java:215)&#10;        at java.util.concurrent.locks.AbstractQueuedSynchronizer$ConditionObject.awaitNanos(AbstractQueuedSynchronizer.java:2078)&#10;        at java.util.concurrent.ScheduledThreadPoolExecutor$DelayedWorkQueue.take(ScheduledThreadPoolExecutor.java:1093)&#10;        at java.util.concurrent.ScheduledThreadPoolExecutor$DelayedWorkQueue.take(ScheduledThreadPoolExecutor.java:809)&#10;        at java.util.concurrent.ThreadPoolExecutor.getTask(ThreadPoolExecutor.java:1074)&#10;        at java.util.concurrent.ThreadPoolExecutor.runWorker(ThreadPoolExecutor.java:1134)&#10;        at java.util.concurrent.ThreadPoolExecutor$Worker.run(ThreadPoolExecutor.java:624)&#10;        at java.lang.Thread.run(Thread.java:748)&#10;&quot;pool-26-thread-42&quot;  prio=5 tid=398 in Object.wait()&#10;java.lang.Thread.State: WAITING (on object monitor)&#10;        at sun.misc.Unsafe.park(Native Method)&#10;        at java.util.concurrent.locks.LockSupport.park(LockSupport.java:175)&#10;        at java.util.concurrent.locks.AbstractQueuedSynchronizer$ConditionObject.await(AbstractQueuedSynchronizer.java:2039)&#10;        at java.util.concurrent.ArrayBlockingQueue.take(ArrayBlockingQueue.java:403)&#10;        at java.util.concurrent.ThreadPoolExecutor.getTask(ThreadPoolExecutor.java:1074)&#10;        at java.util.concurrent.ThreadPoolExecutor.runWorker(ThreadPoolExecutor.java:1134)&#10;        at java.util.concurrent.ThreadPoolExecutor$Worker.run(ThreadPoolExecutor.java:624)&#10;        at java.lang.Thread.run(Thread.java:748)&#10;&quot;pool-36-thread-44&quot;  prio=5 tid=401 in Object.wait()&#10;java.lang.Thread.State: WAITING (on object monitor)&#10;        at sun.misc.Unsafe.park(Native Method)&#10;        at java.util.concurrent.locks.LockSupport.park(LockSupport.java:175)&#10;        at java.util.concurrent.locks.AbstractQueuedSynchronizer$ConditionObject.await(AbstractQueuedSynchronizer.java:2039)&#10;        at java.util.concurrent.ArrayBlockingQueue.take(ArrayBlockingQueue.java:403)&#10;        at java.util.concurrent.ThreadPoolExecutor.getTask(ThreadPoolExecutor.java:1074)&#10;        at java.util.concurrent.ThreadPoolExecutor.runWorker(ThreadPoolExecutor.java:1134)&#10;        at java.util.concurrent.ThreadPoolExecutor$Worker.run(ThreadPoolExecutor.java:624)&#10;        at java.lang.Thread.run(Thread.java:748)&#10;&quot;IPC Server handler 6 on 33888&quot; daemon prio=5 tid=36 timed_waiting&#10;java.lang.Thread.State: TIMED_WAITING&#10;        at sun.misc.Unsafe.park(Native Method)&#10;        at java.util.concurrent.locks.LockSupport.parkNanos(LockSupport.java:215)&#10;        at java.util.concurrent.locks.AbstractQueuedSynchronizer$ConditionObject.awaitNanos(AbstractQueuedSynchronizer.java:2078)&#10;        at java.util.concurrent.LinkedBlockingQueue.poll(LinkedBlockingQueue.java:467)&#10;        at org.apache.hadoop.ipc.CallQueueManager.take(CallQueueManager.java:288)&#10;        at org.apache.hadoop.ipc.Server$Handler.run(Server.java:2668)&#10;&quot;metrics-hadoop-metrics2-reporter-53-thread-1&quot; daemon prio=5 tid=907 timed_waiting&#10;java.lang.Thread.State: TIMED_WAITING&#10;        at sun.misc.Unsafe.park(Native Method)&#10;        at java.util.concurrent.locks.LockSupport.parkNanos(LockSupport.java:215)&#10;        at java.util.concurrent.locks.AbstractQueuedSynchronizer$ConditionObject.awaitNanos(AbstractQueuedSynchronizer.java:2078)&#10;        at java.util.concurrent.ScheduledThreadPoolExecutor$DelayedWorkQueue.take(ScheduledThreadPoolExecutor.java:1093)&#10;        at java.util.concurrent.ScheduledThreadPoolExecutor$DelayedWorkQueue.take(ScheduledThreadPoolExecutor.java:809)&#10;        at java.util.concurrent.ThreadPoolExecutor.getTask(ThreadPoolExecutor.java:1074)&#10;        at java.util.concurrent.ThreadPoolExecutor.runWorker(ThreadPoolExecutor.java:1134)&#10;        at java.util.concurrent.ThreadPoolExecutor$Worker.run(ThreadPoolExecutor.java:624)&#10;        at java.lang.Thread.run(Thread.java:748)&#10;&quot;pool-36-thread-46&quot;  prio=5 tid=405 in Object.wait()&#10;java.lang.Thread.State: WAITING (on object monitor)&#10;        at sun.misc.Unsafe.park(Native Method)&#10;        at java.util.concurrent.locks.LockSupport.park(LockSupport.java:175)&#10;        at java.util.concurrent.locks.AbstractQueuedSynchronizer$ConditionObject.await(AbstractQueuedSynchronizer.java:2039)&#10;        at java.util.concurrent.ArrayBlockingQueue.take(ArrayBlockingQueue.java:403)&#10;        at java.util.concurrent.ThreadPoolExecutor.getTask(ThreadPoolExecutor.java:1074)&#10;        at java.util.concurrent.ThreadPoolExecutor.runWorker(ThreadPoolExecutor.java:1134)&#10;        at java.util.concurrent.ThreadPoolExecutor$Worker.run(ThreadPoolExecutor.java:624)&#10;        at java.lang.Thread.run(Thread.java:748)&#10;&quot;metrics-hadoop-metrics2-reporter-62-thread-1&quot; daemon prio=5 tid=938 timed_waiting&#10;java.lang.Thread.State: TIMED_WAITING&#10;        at sun.misc.Unsafe.park(Native Method)&#10;        at java.util.concurrent.locks.LockSupport.parkNanos(LockSupport.java:215)&#10;        at java.util.concurrent.locks.AbstractQueuedSynchronizer$ConditionObject.awaitNanos(AbstractQueuedSynchronizer.java:2078)&#10;        at java.util.concurrent.ScheduledThreadPoolExecutor$DelayedWorkQueue.take(ScheduledThreadPoolExecutor.java:1093)&#10;        at java.util.concurrent.ScheduledThreadPoolExecutor$DelayedWorkQueue.take(ScheduledThreadPoolExecutor.java:809)&#10;        at java.util.concurrent.ThreadPoolExecutor.getTask(ThreadPoolExecutor.java:1074)&#10;        at java.util.concurrent.ThreadPoolExecutor.runWorker(ThreadPoolExecutor.java:1134)&#10;        at java.util.concurrent.ThreadPoolExecutor$Worker.run(ThreadPoolExecutor.java:624)&#10;        at java.lang.Thread.run(Thread.java:748)&#10;&quot;pool-36-thread-30&quot;  prio=5 tid=373 in Object.wait()&#10;java.lang.Thread.State: WAITING (on object monitor)&#10;        at sun.misc.Unsafe.park(Native Method)&#10;        at java.util.concurrent.locks.LockSupport.park(LockSupport.java:175)&#10;        at java.util.concurrent.locks.AbstractQueuedSynchronizer$ConditionObject.await(AbstractQueuedSynchronizer.java:2039)&#10;        at java.util.concurrent.ArrayBlockingQueue.take(ArrayBlockingQueue.java:403)&#10;        at java.util.concurrent.ThreadPoolExecutor.getTask(ThreadPoolExecutor.java:1074)&#10;        at java.util.concurrent.ThreadPoolExecutor.runWorker(ThreadPoolExecutor.java:1134)&#10;        at java.util.concurrent.ThreadPoolExecutor$Worker.run(ThreadPoolExecutor.java:624)&#10;        at java.lang.Thread.run(Thread.java:748)&#10;&quot;grpc-default-executor-7&quot; daemon prio=5 tid=1013 timed_waiting&#10;java.lang.Thread.State: TIMED_WAITING&#10;        at sun.misc.Unsafe.park(Native Method)&#10;        at java.util.concurrent.locks.LockSupport.parkNanos(LockSupport.java:215)&#10;        at java.util.concurrent.SynchronousQueue$TransferStack.awaitFulfill(SynchronousQueue.java:460)&#10;        at java.util.concurrent.SynchronousQueue$TransferStack.transfer(SynchronousQueue.java:362)&#10;        at java.util.concurrent.SynchronousQueue.poll(SynchronousQueue.java:941)&#10;        at java.util.concurrent.ThreadPoolExecutor.getTask(ThreadPoolExecutor.java:1073)&#10;        at java.util.concurrent.ThreadPoolExecutor.runWorker(ThreadPoolExecutor.java:1134)&#10;        at java.util.concurrent.ThreadPoolExecutor$Worker.run(ThreadPoolExecutor.java:624)&#10;        at java.lang.Thread.run(Thread.java:748)&#10;&quot;pool-56-thread-5&quot;  prio=5 tid=500 in Object.wait()&#10;java.lang.Thread.State: WAITING (on object monitor)&#10;        at sun.misc.Unsafe.park(Native Method)&#10;        at java.util.concurrent.locks.LockSupport.park(LockSupport.java:175)&#10;        at java.util.concurrent.locks.AbstractQueuedSynchronizer$ConditionObject.await(AbstractQueuedSynchronizer.java:2039)&#10;        at java.util.concurrent.ArrayBlockingQueue.take(ArrayBlockingQueue.java:403)&#10;        at java.util.concurrent.ThreadPoolExecutor.getTask(ThreadPoolExecutor.java:1074)&#10;        at java.util.concurrent.ThreadPoolExecutor.runWorker(ThreadPoolExecutor.java:1134)&#10;        at java.util.concurrent.ThreadPoolExecutor$Worker.run(ThreadPoolExecutor.java:624)&#10;        at java.lang.Thread.run(Thread.java:748)&#10;&quot;pool-36-thread-33&quot;  prio=5 tid=379 in Object.wait()&#10;java.lang.Thread.State: WAITING (on object monitor)&#10;        at sun.misc.Unsafe.park(Native Method)&#10;        at java.util.concurrent.locks.LockSupport.park(LockSupport.java:175)&#10;        at java.util.concurrent.locks.AbstractQueuedSynchronizer$ConditionObject.await(AbstractQueuedSynchronizer.java:2039)&#10;        at java.util.concurrent.ArrayBlockingQueue.take(ArrayBlockingQueue.java:403)&#10;        at java.util.concurrent.ThreadPoolExecutor.getTask(ThreadPoolExecutor.java:1074)&#10;        at java.util.concurrent.ThreadPoolExecutor.runWorker(ThreadPoolExecutor.java:1134)&#10;        at java.util.concurrent.ThreadPoolExecutor$Worker.run(ThreadPoolExecutor.java:624)&#10;        at java.lang.Thread.run(Thread.java:748)&#10;&quot;pool-26-thread-32&quot;  prio=5 tid=378 in Object.wait()&#10;java.lang.Thread.State: WAITING (on object monitor)&#10;        at sun.misc.Unsafe.park(Native Method)&#10;        at java.util.concurrent.locks.LockSupport.park(LockSupport.java:175)&#10;        at java.util.concurrent.locks.AbstractQueuedSynchronizer$ConditionObject.await(AbstractQueuedSynchronizer.java:2039)&#10;        at java.util.concurrent.ArrayBlockingQueue.take(ArrayBlockingQueue.java:403)&#10;        at java.util.concurrent.ThreadPoolExecutor.getTask(ThreadPoolExecutor.java:1074)&#10;        at java.util.concurrent.ThreadPoolExecutor.runWorker(ThreadPoolExecutor.java:1134)&#10;        at java.util.concurrent.ThreadPoolExecutor$Worker.run(ThreadPoolExecutor.java:624)&#10;        at java.lang.Thread.run(Thread.java:748)&#10;&quot;qtp668854338-95&quot; daemon prio=5 tid=95 timed_waiting&#10;java.lang.Thread.State: TIMED_WAITING&#10;        at sun.misc.Unsafe.park(Native Method)&#10;        at java.util.concurrent.locks.LockSupport.parkNanos(LockSupport.java:215)&#10;        at java.util.concurrent.locks.AbstractQueuedSynchronizer$ConditionObject.awaitNanos(AbstractQueuedSynchronizer.java:2078)&#10;        at org.eclipse.jetty.util.BlockingArrayQueue.poll(BlockingArrayQueue.java:392)&#10;        at org.eclipse.jetty.util.thread.QueuedThreadPool.idleJobPoll(QueuedThreadPool.java:563)&#10;        at org.eclipse.jetty.util.thread.QueuedThreadPool.access$800(QueuedThreadPool.java:48)&#10;        at org.eclipse.jetty.util.thread.QueuedThreadPool$2.run(QueuedThreadPool.java:626)&#10;        at java.lang.Thread.run(Thread.java:748)&#10;&quot;IPC Server handler 15 on 33440&quot; daemon prio=5 tid=65 timed_waiting&#10;java.lang.Thread.State: TIMED_WAITING&#10;        at sun.misc.Unsafe.park(Native Method)&#10;        at java.util.concurrent.locks.LockSupport.parkNanos(LockSupport.java:215)&#10;        at java.util.concurrent.locks.AbstractQueuedSynchronizer$ConditionObject.awaitNanos(AbstractQueuedSynchronizer.java:2078)&#10;        at java.util.concurrent.LinkedBlockingQueue.poll(LinkedBlockingQueue.java:467)&#10;        at org.apache.hadoop.ipc.CallQueueManager.take(CallQueueManager.java:288)&#10;        at org.apache.hadoop.ipc.Server$Handler.run(Server.java:2668)&#10;&quot;IPC Server handler 2 on 35347&quot; daemon prio=5 tid=72 timed_waiting&#10;java.lang.Thread.State: TIMED_WAITING&#10;        at sun.misc.Unsafe.park(Native Method)&#10;        at java.util.concurrent.locks.LockSupport.parkNanos(LockSupport.java:215)&#10;        at java.util.concurrent.locks.AbstractQueuedSynchronizer$ConditionObject.awaitNanos(AbstractQueuedSynchronizer.java:2078)&#10;        at java.util.concurrent.LinkedBlockingQueue.poll(LinkedBlockingQueue.java:467)&#10;        at org.apache.hadoop.ipc.CallQueueManager.take(CallQueueManager.java:288)&#10;        at org.apache.hadoop.ipc.Server$Handler.run(Server.java:2668)&#10;&quot;pool-56-thread-23&quot;  prio=5 tid=521 in Object.wait()&#10;java.lang.Thread.State: WAITING (on object monitor)&#10;        at sun.misc.Unsafe.park(Native Method)&#10;        at java.util.concurrent.locks.LockSupport.park(LockSupport.java:175)&#10;        at java.util.concurrent.locks.AbstractQueuedSynchronizer$ConditionObject.await(AbstractQueuedSynchronizer.java:2039)&#10;        at java.util.concurrent.ArrayBlockingQueue.take(ArrayBlockingQueue.java:403)&#10;        at java.util.concurrent.ThreadPoolExecutor.getTask(ThreadPoolExecutor.java:1074)&#10;        at java.util.concurrent.ThreadPoolExecutor.runWorker(ThreadPoolExecutor.java:1134)&#10;        at java.util.concurrent.ThreadPoolExecutor$Worker.run(ThreadPoolExecutor.java:624)&#10;        at java.lang.Thread.run(Thread.java:748)&#10;&quot;refreshUsed-/workdir/hadoop-ozone/integration-test/target/test-dir/MiniOzoneClusterImpl-58fc3ecd-0fbd-4e7b-a09c-4106a93dde4d/datanode-0/data/containers&quot; daemon prio=5 tid=155 timed_waiting&#10;java.lang.Thread.State: TIMED_WAITING&#10;        at java.lang.Thread.sleep(Native Method)&#10;        at org.apache.hadoop.fs.CachingGetSpaceUsed$RefreshThread.run(CachingGetSpaceUsed.java:179)&#10;        at java.lang.Thread.run(Thread.java:748)&#10;&quot;Datanode ReportManager Thread - 3&quot; daemon prio=5 tid=310 in Object.wait()&#10;java.lang.Thread.State: WAITING (on object monitor)&#10;        at sun.misc.Unsafe.park(Native Method)&#10;        at java.util.concurrent.locks.LockSupport.park(LockSupport.java:175)&#10;        at java.util.concurrent.locks.AbstractQueuedSynchronizer$ConditionObject.await(AbstractQueuedSynchronizer.java:2039)&#10;        at java.util.concurrent.ScheduledThreadPoolExecutor$DelayedWorkQueue.take(ScheduledThreadPoolExecutor.java:1088)&#10;        at java.util.concurrent.ScheduledThreadPoolExecutor$DelayedWorkQueue.take(ScheduledThreadPoolExecutor.java:809)&#10;        at java.util.concurrent.ThreadPoolExecutor.getTask(ThreadPoolExecutor.java:1074)&#10;        at java.util.concurrent.ThreadPoolExecutor.runWorker(ThreadPoolExecutor.java:1134)&#10;        at java.util.concurrent.ThreadPoolExecutor$Worker.run(ThreadPoolExecutor.java:624)&#10;        at java.lang.Thread.run(Thread.java:748)&#10;&quot;metrics-hadoop-metrics2-reporter-5-thread-1&quot; daemon prio=5 tid=715 timed_waiting&#10;java.lang.Thread.State: TIMED_WAITING&#10;        at sun.misc.Unsafe.park(Native Method)&#10;        at java.util.concurrent.locks.LockSupport.parkNanos(LockSupport.java:215)&#10;        at java.util.concurrent.locks.AbstractQueuedSynchronizer$ConditionObject.awaitNanos(AbstractQueuedSynchronizer.java:2078)&#10;        at java.util.concurrent.ScheduledThreadPoolExecutor$DelayedWorkQueue.take(ScheduledThreadPoolExecutor.java:1093)&#10;        at java.util.concurrent.ScheduledThreadPoolExecutor$DelayedWorkQueue.take(ScheduledThreadPoolExecutor.java:809)&#10;        at java.util.concurrent.ThreadPoolExecutor.getTask(ThreadPoolExecutor.java:1074)&#10;        at java.util.concurrent.ThreadPoolExecutor.runWorker(ThreadPoolExecutor.java:1134)&#10;        at java.util.concurrent.ThreadPoolExecutor$Worker.run(ThreadPoolExecutor.java:624)&#10;        at java.lang.Thread.run(Thread.java:748)&#10;&quot;BlockDeletingService#1&quot; daemon prio=5 tid=563 in Object.wait()&#10;java.lang.Thread.State: WAITING (on object monitor)&#10;        at sun.misc.Unsafe.park(Native Method)&#10;        at java.util.concurrent.locks.LockSupport.park(LockSupport.java:175)&#10;        at java.util.concurrent.locks.AbstractQueuedSynchronizer$ConditionObject.await(AbstractQueuedSynchronizer.java:2039)&#10;        at java.util.concurrent.ScheduledThreadPoolExecutor$DelayedWorkQueue.take(ScheduledThreadPoolExecutor.java:1088)&#10;        at java.util.concurrent.ScheduledThreadPoolExecutor$DelayedWorkQueue.take(ScheduledThreadPoolExecutor.java:809)&#10;        at java.util.concurrent.ThreadPoolExecutor.getTask(ThreadPoolExecutor.java:1074)&#10;        at java.util.concurrent.ThreadPoolExecutor.runWorker(ThreadPoolExecutor.java:1134)&#10;        at java.util.concurrent.ThreadPoolExecutor$Worker.run(ThreadPoolExecutor.java:624)&#10;        at java.lang.Thread.run(Thread.java:748)&#10;&quot;IPC Client (1035615679) connection to /0.0.0.0:35347 from jenkins1000&quot; daemon prio=5 tid=314 timed_waiting&#10;java.lang.Thread.State: TIMED_WAITING&#10;        at java.lang.Object.wait(Native Method)&#10;        at org.apache.hadoop.ipc.Client$Connection.waitForWork(Client.java:1024)&#10;        at org.apache.hadoop.ipc.Client$Connection.run(Client.java:1068)&#10;&quot;4b487190-7547-40c7-b780-43c37a89e8eb@group-BAC069DAEF17-SegmentedRaftLogWorker&quot;  prio=5 tid=955 timed_waiting&#10;java.lang.Thread.State: TIMED_WAITING&#10;        at sun.misc.Unsafe.park(Native Method)&#10;        at java.util.concurrent.locks.LockSupport.parkNanos(LockSupport.java:215)&#10;        at java.util.concurrent.locks.AbstractQueuedSynchronizer$ConditionObject.awaitNanos(AbstractQueuedSynchronizer.java:2078)&#10;        at org.apache.ratis.util.DataBlockingQueue.poll(DataBlockingQueue.java:137)&#10;        at org.apache.ratis.server.raftlog.segmented.SegmentedRaftLogWorker.run(SegmentedRaftLogWorker.java:282)&#10;        at java.lang.Thread.run(Thread.java:748)&#10;&quot;org.eclipse.jetty.server.session.HashSessionManager@109d5ca9Timer&quot; daemon prio=5 tid=251 timed_waiting&#10;java.lang.Thread.State: TIMED_WAITING&#10;        at sun.misc.Unsafe.park(Native Method)&#10;        at java.util.concurrent.locks.LockSupport.parkNanos(LockSupport.java:215)&#10;        at java.util.concurrent.locks.AbstractQueuedSynchronizer$ConditionObject.awaitNanos(AbstractQueuedSynchronizer.java:2078)&#10;        at java.util.concurrent.ScheduledThreadPoolExecutor$DelayedWorkQueue.take(ScheduledThreadPoolExecutor.java:1093)&#10;        at java.util.concurrent.ScheduledThreadPoolExecutor$DelayedWorkQueue.take(ScheduledThreadPoolExecutor.java:809)&#10;        at java.util.concurrent.ThreadPoolExecutor.getTask(ThreadPoolExecutor.java:1074)&#10;        at java.util.concurrent.ThreadPoolExecutor.runWorker(ThreadPoolExecutor.java:1134)&#10;        at java.util.concurrent.ThreadPoolExecutor$Worker.run(ThreadPoolExecutor.java:624)&#10;        at java.lang.Thread.run(Thread.java:748)&#10;&quot;pool-56-thread-27&quot;  prio=5 tid=525 in Object.wait()&#10;java.lang.Thread.State: WAITING (on object monitor)&#10;        at sun.misc.Unsafe.park(Native Method)&#10;        at java.util.concurrent.locks.LockSupport.park(LockSupport.java:175)&#10;        at java.util.concurrent.locks.AbstractQueuedSynchronizer$ConditionObject.await(AbstractQueuedSynchronizer.java:2039)&#10;        at java.util.concurrent.ArrayBlockingQueue.take(ArrayBlockingQueue.java:403)&#10;        at java.util.concurrent.ThreadPoolExecutor.getTask(ThreadPoolExecutor.java:1074)&#10;        at java.util.concurrent.ThreadPoolExecutor.runWorker(ThreadPoolExecutor.java:1134)&#10;        at java.util.concurrent.ThreadPoolExecutor$Worker.run(ThreadPoolExecutor.java:624)&#10;        at java.lang.Thread.run(Thread.java:748)&#10;&quot;pool-36-thread-38&quot;  prio=5 tid=390 in Object.wait()&#10;java.lang.Thread.State: WAITING (on object monitor)&#10;        at sun.misc.Unsafe.park(Native Method)&#10;        at java.util.concurrent.locks.LockSupport.park(LockSupport.java:175)&#10;        at java.util.concurrent.locks.AbstractQueuedSynchronizer$ConditionObject.await(AbstractQueuedSynchronizer.java:2039)&#10;        at java.util.concurrent.ArrayBlockingQueue.take(ArrayBlockingQueue.java:403)&#10;        at java.util.concurrent.ThreadPoolExecutor.getTask(ThreadPoolExecutor.java:1074)&#10;        at java.util.concurrent.ThreadPoolExecutor.runWorker(ThreadPoolExecutor.java:1134)&#10;        at java.util.concurrent.ThreadPoolExecutor$Worker.run(ThreadPoolExecutor.java:624)&#10;        at java.lang.Thread.run(Thread.java:748)&#10;&quot;qtp1051453582-193&quot; daemon prio=5 tid=193 timed_waiting&#10;java.lang.Thread.State: TIMED_WAITING&#10;        at sun.misc.Unsafe.park(Native Method)&#10;        at java.util.concurrent.locks.LockSupport.parkNanos(LockSupport.java:215)&#10;        at java.util.concurrent.locks.AbstractQueuedSynchronizer$ConditionObject.awaitNanos(AbstractQueuedSynchronizer.java:2078)&#10;        at org.eclipse.jetty.util.BlockingArrayQueue.poll(BlockingArrayQueue.java:392)&#10;        at org.eclipse.jetty.util.thread.QueuedThreadPool.idleJobPoll(QueuedThreadPool.java:563)&#10;        at org.eclipse.jetty.util.thread.QueuedThreadPool.access$800(QueuedThreadPool.java:48)&#10;        at org.eclipse.jetty.util.thread.QueuedThreadPool$2.run(QueuedThreadPool.java:626)&#10;        at java.lang.Thread.run(Thread.java:748)&#10;&quot;java.util.concurrent.ThreadPoolExecutor$Worker@41ac07c9[State = -1, empty queue]&quot; daemon prio=5 tid=1038 timed_waiting&#10;java.lang.Thread.State: TIMED_WAITING&#10;        at sun.misc.Unsafe.park(Native Method)&#10;        at java.util.concurrent.locks.LockSupport.parkNanos(LockSupport.java:215)&#10;        at java.util.concurrent.locks.AbstractQueuedSynchronizer$ConditionObject.awaitNanos(AbstractQueuedSynchronizer.java:2078)&#10;        at java.util.concurrent.ScheduledThreadPoolExecutor$DelayedWorkQueue.take(ScheduledThreadPoolExecutor.java:1093)&#10;        at java.util.concurrent.ScheduledThreadPoolExecutor$DelayedWorkQueue.take(ScheduledThreadPoolExecutor.java:809)&#10;        at java.util.concurrent.ThreadPoolExecutor.getTask(ThreadPoolExecutor.java:1074)&#10;        at java.util.concurrent.ThreadPoolExecutor.runWorker(ThreadPoolExecutor.java:1134)&#10;        at java.util.concurrent.ThreadPoolExecutor$Worker.run(ThreadPoolExecutor.java:624)&#10;        at java.lang.Thread.run(Thread.java:748)&#10;&quot;pool-76-thread-15&quot;  prio=5 tid=640 in Object.wait()&#10;java.lang.Thread.State: WAITING (on object monitor)&#10;        at sun.misc.Unsafe.park(Native Method)&#10;        at java.util.concurrent.locks.LockSupport.park(LockSupport.java:175)&#10;        at java.util.concurrent.locks.AbstractQueuedSynchronizer$ConditionObject.await(AbstractQueuedSynchronizer.java:2039)&#10;        at java.util.concurrent.ArrayBlockingQueue.take(ArrayBlockingQueue.java:403)&#10;        at java.util.concurrent.ThreadPoolExecutor.getTask(ThreadPoolExecutor.java:1074)&#10;        at java.util.concurrent.ThreadPoolExecutor.runWorker(ThreadPoolExecutor.java:1134)&#10;        at java.util.concurrent.ThreadPoolExecutor$Worker.run(ThreadPoolExecutor.java:624)&#10;        at java.lang.Thread.run(Thread.java:748)&#10;&quot;pool-26-thread-27&quot;  prio=5 tid=368 in Object.wait()&#10;java.lang.Thread.State: WAITING (on object monitor)&#10;        at sun.misc.Unsafe.park(Native Method)&#10;        at java.util.concurrent.locks.LockSupport.park(LockSupport.java:175)&#10;        at java.util.concurrent.locks.AbstractQueuedSynchronizer$ConditionObject.await(AbstractQueuedSynchronizer.java:2039)&#10;        at java.util.concurrent.ArrayBlockingQueue.take(ArrayBlockingQueue.java:403)&#10;        at java.util.concurrent.ThreadPoolExecutor.getTask(ThreadPoolExecutor.java:1074)&#10;        at java.util.concurrent.ThreadPoolExecutor.runWorker(ThreadPoolExecutor.java:1134)&#10;        at java.util.concurrent.ThreadPoolExecutor$Worker.run(ThreadPoolExecutor.java:624)&#10;        at java.lang.Thread.run(Thread.java:748)&#10;&quot;pool-26-thread-37&quot;  prio=5 tid=387 in Object.wait()&#10;java.lang.Thread.State: WAITING (on object monitor)&#10;        at sun.misc.Unsafe.park(Native Method)&#10;        at java.util.concurrent.locks.LockSupport.park(LockSupport.java:175)&#10;        at java.util.concurrent.locks.AbstractQueuedSynchronizer$ConditionObject.await(AbstractQueuedSynchronizer.java:2039)&#10;        at java.util.concurrent.ArrayBlockingQueue.take(ArrayBlockingQueue.java:403)&#10;        at java.util.concurrent.ThreadPoolExecutor.getTask(ThreadPoolExecutor.java:1074)&#10;        at java.util.concurrent.ThreadPoolExecutor.runWorker(ThreadPoolExecutor.java:1134)&#10;        at java.util.concurrent.ThreadPoolExecutor$Worker.run(ThreadPoolExecutor.java:624)&#10;        at java.lang.Thread.run(Thread.java:748)&#10;&quot;KeyDeletingService#0&quot; daemon prio=5 tid=114 timed_waiting&#10;java.lang.Thread.State: TIMED_WAITING&#10;        at sun.misc.Unsafe.park(Native Method)&#10;        at java.util.concurrent.locks.LockSupport.parkNanos(LockSupport.java:215)&#10;        at java.util.concurrent.locks.AbstractQueuedSynchronizer$ConditionObject.awaitNanos(AbstractQueuedSynchronizer.java:2078)&#10;        at java.util.concurrent.ScheduledThreadPoolExecutor$DelayedWorkQueue.take(ScheduledThreadPoolExecutor.java:1093)&#10;        at java.util.concurrent.ScheduledThreadPoolExecutor$DelayedWorkQueue.take(ScheduledThreadPoolExecutor.java:809)&#10;        at java.util.concurrent.ThreadPoolExecutor.getTask(ThreadPoolExecutor.java:1074)&#10;        at java.util.concurrent.ThreadPoolExecutor.runWorker(ThreadPoolExecutor.java:1134)&#10;        at java.util.concurrent.ThreadPoolExecutor$Worker.run(ThreadPoolExecutor.java:624)&#10;        at java.lang.Thread.run(Thread.java:748)&#10;&quot;pool-36-thread-16&quot;  prio=5 tid=347 in Object.wait()&#10;java.lang.Thread.State: WAITING (on object monitor)&#10;        at sun.misc.Unsafe.park(Native Method)&#10;        at java.util.concurrent.locks.LockSupport.park(LockSupport.java:175)&#10;        at java.util.concurrent.locks.AbstractQueuedSynchronizer$ConditionObject.await(AbstractQueuedSynchronizer.java:2039)&#10;        at java.util.concurrent.ArrayBlockingQueue.take(ArrayBlockingQueue.java:403)&#10;        at java.util.concurrent.ThreadPoolExecutor.getTask(ThreadPoolExecutor.java:1074)&#10;        at java.util.concurrent.ThreadPoolExecutor.runWorker(ThreadPoolExecutor.java:1134)&#10;        at java.util.concurrent.ThreadPoolExecutor$Worker.run(ThreadPoolExecutor.java:624)&#10;        at java.lang.Thread.run(Thread.java:748)&#10;&quot;pool-46-thread-44&quot;  prio=5 tid=478 in Object.wait()&#10;java.lang.Thread.State: WAITING (on object monitor)&#10;        at sun.misc.Unsafe.park(Native Method)&#10;        at java.util.concurrent.locks.LockSupport.park(LockSupport.java:175)&#10;        at java.util.concurrent.locks.AbstractQueuedSynchronizer$ConditionObject.await(AbstractQueuedSynchronizer.java:2039)&#10;        at java.util.concurrent.ArrayBlockingQueue.take(ArrayBlockingQueue.java:403)&#10;        at java.util.concurrent.ThreadPoolExecutor.getTask(ThreadPoolExecutor.java:1074)&#10;        at java.util.concurrent.ThreadPoolExecutor.runWorker(ThreadPoolExecutor.java:1134)&#10;        at java.util.concurrent.ThreadPoolExecutor$Worker.run(ThreadPoolExecutor.java:624)&#10;        at java.lang.Thread.run(Thread.java:748)&#10;&quot;pool-56-thread-21&quot;  prio=5 tid=519 in Object.wait()&#10;java.lang.Thread.State: WAITING (on object monitor)&#10;        at sun.misc.Unsafe.park(Native Method)&#10;        at java.util.concurrent.locks.LockSupport.park(LockSupport.java:175)&#10;        at java.util.concurrent.locks.AbstractQueuedSynchronizer$ConditionObject.await(AbstractQueuedSynchronizer.java:2039)&#10;        at java.util.concurrent.ArrayBlockingQueue.take(ArrayBlockingQueue.java:403)&#10;        at java.util.concurrent.ThreadPoolExecutor.getTask(ThreadPoolExecutor.java:1074)&#10;        at java.util.concurrent.ThreadPoolExecutor.runWorker(ThreadPoolExecutor.java:1134)&#10;        at java.util.concurrent.ThreadPoolExecutor$Worker.run(ThreadPoolExecutor.java:624)&#10;        at java.lang.Thread.run(Thread.java:748)&#10;&quot;qtp668854338-96&quot; daemon prio=5 tid=96 timed_waiting&#10;java.lang.Thread.State: TIMED_WAITING&#10;        at sun.misc.Unsafe.park(Native Method)&#10;        at java.util.concurrent.locks.LockSupport.parkNanos(LockSupport.java:215)&#10;        at java.util.concurrent.locks.AbstractQueuedSynchronizer$ConditionObject.awaitNanos(AbstractQueuedSynchronizer.java:2078)&#10;        at org.eclipse.jetty.util.BlockingArrayQueue.poll(BlockingArrayQueue.java:392)&#10;        at org.eclipse.jetty.util.thread.QueuedThreadPool.idleJobPoll(QueuedThreadPool.java:563)&#10;        at org.eclipse.jetty.util.thread.QueuedThreadPool.access$800(QueuedThreadPool.java:48)&#10;        at org.eclipse.jetty.util.thread.QueuedThreadPool$2.run(QueuedThreadPool.java:626)&#10;        at java.lang.Thread.run(Thread.java:748)&#10;&quot;pool-66-thread-4&quot;  prio=5 tid=567 in Object.wait()&#10;java.lang.Thread.State: WAITING (on object monitor)&#10;        at sun.misc.Unsafe.park(Native Method)&#10;        at java.util.concurrent.locks.LockSupport.park(LockSupport.java:175)&#10;        at java.util.concurrent.locks.AbstractQueuedSynchronizer$ConditionObject.await(AbstractQueuedSynchronizer.java:2039)&#10;        at java.util.concurrent.ArrayBlockingQueue.take(ArrayBlockingQueue.java:403)&#10;        at java.util.concurrent.ThreadPoolExecutor.getTask(ThreadPoolExecutor.java:1074)&#10;        at java.util.concurrent.ThreadPoolExecutor.runWorker(ThreadPoolExecutor.java:1134)&#10;        at java.util.concurrent.ThreadPoolExecutor$Worker.run(ThreadPoolExecutor.java:624)&#10;        at java.lang.Thread.run(Thread.java:748)&#10;&quot;Command processor thread&quot; daemon prio=5 tid=203 timed_waiting&#10;java.lang.Thread.State: TIMED_WAITING&#10;        at java.lang.Thread.sleep(Native Method)&#10;        at org.apache.hadoop.ozone.container.common.statemachine.DatanodeStateMachine.lambda$initCommandHandlerThread$1(DatanodeStateMachine.java:439)&#10;        at org.apache.hadoop.ozone.container.common.statemachine.DatanodeStateMachine$$Lambda$141/1433858745.run(Unknown Source)&#10;        at java.lang.Thread.run(Thread.java:748)&#10;&quot;Datanode ReportManager Thread - 1&quot; daemon prio=5 tid=200 timed_waiting&#10;java.lang.Thread.State: TIMED_WAITING&#10;        at sun.misc.Unsafe.park(Native Method)&#10;        at java.util.concurrent.locks.LockSupport.parkNanos(LockSupport.java:215)&#10;        at java.util.concurrent.locks.AbstractQueuedSynchronizer$ConditionObject.awaitNanos(AbstractQueuedSynchronizer.java:2078)&#10;        at java.util.concurrent.ScheduledThreadPoolExecutor$DelayedWorkQueue.take(ScheduledThreadPoolExecutor.java:1093)&#10;        at java.util.concurrent.ScheduledThreadPoolExecutor$DelayedWorkQueue.take(ScheduledThreadPoolExecutor.java:809)&#10;        at java.util.concurrent.ThreadPoolExecutor.getTask(ThreadPoolExecutor.java:1074)&#10;        at java.util.concurrent.ThreadPoolExecutor.runWorker(ThreadPoolExecutor.java:1134)&#10;        at java.util.concurrent.ThreadPoolExecutor$Worker.run(ThreadPoolExecutor.java:624)&#10;        at java.lang.Thread.run(Thread.java:748)&#10;&quot;qtp1051453582-188-acceptor-0@7614c775-ServerConnector@3a77700f{HTTP/1.1,[http/1.1]}{0.0.0.0:44444}&quot; daemon prio=3 tid=188 runnable&#10;java.lang.Thread.State: RUNNABLE&#10;        at sun.nio.ch.ServerSocketChannelImpl.accept0(Native Method)&#10;        at sun.nio.ch.ServerSocketChannelImpl.accept(ServerSocketChannelImpl.java:422)&#10;        at sun.nio.ch.ServerSocketChannelImpl.accept(ServerSocketChannelImpl.java:250)&#10;        at org.eclipse.jetty.server.ServerConnector.accept(ServerConnector.java:397)&#10;        at org.eclipse.jetty.server.AbstractConnector$Acceptor.run(AbstractConnector.java:601)&#10;        at org.eclipse.jetty.util.thread.QueuedThreadPool.runJob(QueuedThreadPool.java:671)&#10;        at org.eclipse.jetty.util.thread.QueuedThreadPool$2.run(QueuedThreadPool.java:589)&#10;        at java.lang.Thread.run(Thread.java:748)&#10;&quot;pool-76-thread-45&quot;  prio=5 tid=670 in Object.wait()&#10;java.lang.Thread.State: WAITING (on object monitor)&#10;        at sun.misc.Unsafe.park(Native Method)&#10;        at java.util.concurrent.locks.LockSupport.park(LockSupport.java:175)&#10;        at java.util.concurrent.locks.AbstractQueuedSynchronizer$ConditionObject.await(AbstractQueuedSynchronizer.java:2039)&#10;        at java.util.concurrent.ArrayBlockingQueue.take(ArrayBlockingQueue.java:403)&#10;        at java.util.concurrent.ThreadPoolExecutor.getTask(ThreadPoolExecutor.java:1074)&#10;        at java.util.concurrent.ThreadPoolExecutor.runWorker(ThreadPoolExecutor.java:1134)&#10;        at java.util.concurrent.ThreadPoolExecutor$Worker.run(ThreadPoolExecutor.java:624)&#10;        at java.lang.Thread.run(Thread.java:748)&#10;&quot;pool-66-thread-20&quot;  prio=5 tid=583 in Object.wait()&#10;java.lang.Thread.State: WAITING (on object monitor)&#10;        at sun.misc.Unsafe.park(Native Method)&#10;        at java.util.concurrent.locks.LockSupport.park(LockSupport.java:175)&#10;        at java.util.concurrent.locks.AbstractQueuedSynchronizer$ConditionObject.await(AbstractQueuedSynchronizer.java:2039)&#10;        at java.util.concurrent.ArrayBlockingQueue.take(ArrayBlockingQueue.java:403)&#10;        at java.util.concurrent.ThreadPoolExecutor.getTask(ThreadPoolExecutor.java:1074)&#10;        at java.util.concurrent.ThreadPoolExecutor.runWorker(ThreadPoolExecutor.java:1134)&#10;        at java.util.concurrent.ThreadPoolExecutor$Worker.run(ThreadPoolExecutor.java:624)&#10;        at java.lang.Thread.run(Thread.java:748)&#10;&quot;0fc43408-9179-47bd-a807-e56cc33d805e@group-69898A346AAC-StateMachineUpdater&quot; daemon prio=5 tid=926 in Object.wait()&#10;java.lang.Thread.State: WAITING (on object monitor)&#10;        at java.lang.Object.wait(Native Method)&#10;        at java.lang.Object.wait(Object.java:502)&#10;        at org.apache.ratis.server.impl.StateMachineUpdater.waitForCommit(StateMachineUpdater.java:194)&#10;        at org.apache.ratis.server.impl.StateMachineUpdater.run(StateMachineUpdater.java:159)&#10;        at java.lang.Thread.run(Thread.java:748)&#10;&quot;pool-66-thread-13&quot;  prio=5 tid=576 in Object.wait()&#10;java.lang.Thread.State: WAITING (on object monitor)&#10;        at sun.misc.Unsafe.park(Native Method)&#10;        at java.util.concurrent.locks.LockSupport.park(LockSupport.java:175)&#10;        at java.util.concurrent.locks.AbstractQueuedSynchronizer$ConditionObject.await(AbstractQueuedSynchronizer.java:2039)&#10;        at java.util.concurrent.ArrayBlockingQueue.take(ArrayBlockingQueue.java:403)&#10;        at java.util.concurrent.ThreadPoolExecutor.getTask(ThreadPoolExecutor.java:1074)&#10;        at java.util.concurrent.ThreadPoolExecutor.runWorker(ThreadPoolExecutor.java:1134)&#10;        at java.util.concurrent.ThreadPoolExecutor$Worker.run(ThreadPoolExecutor.java:624)&#10;        at java.lang.Thread.run(Thread.java:748)&#10;&quot;pool-56-thread-43&quot;  prio=5 tid=544 in Object.wait()&#10;java.lang.Thread.State: WAITING (on object monitor)&#10;        at sun.misc.Unsafe.park(Native Method)&#10;        at java.util.concurrent.locks.LockSupport.park(LockSupport.java:175)&#10;        at java.util.concurrent.locks.AbstractQueuedSynchronizer$ConditionObject.await(AbstractQueuedSynchronizer.java:2039)&#10;        at java.util.concurrent.ArrayBlockingQueue.take(ArrayBlockingQueue.java:403)&#10;        at java.util.concurrent.ThreadPoolExecutor.getTask(ThreadPoolExecutor.java:1074)&#10;        at java.util.concurrent.ThreadPoolExecutor.runWorker(ThreadPoolExecutor.java:1134)&#10;        at java.util.concurrent.ThreadPoolExecutor$Worker.run(ThreadPoolExecutor.java:624)&#10;        at java.lang.Thread.run(Thread.java:748)&#10;&quot;org.eclipse.jetty.server.session.HashSessionManager@597fe587Timer&quot; daemon prio=5 tid=249 timed_waiting&#10;java.lang.Thread.State: TIMED_WAITING&#10;        at sun.misc.Unsafe.park(Native Method)&#10;        at java.util.concurrent.locks.LockSupport.parkNanos(LockSupport.java:215)&#10;        at java.util.concurrent.locks.AbstractQueuedSynchronizer$ConditionObject.awaitNanos(AbstractQueuedSynchronizer.java:2078)&#10;        at java.util.concurrent.ScheduledThreadPoolExecutor$DelayedWorkQueue.take(ScheduledThreadPoolExecutor.java:1093)&#10;        at java.util.concurrent.ScheduledThreadPoolExecutor$DelayedWorkQueue.take(ScheduledThreadPoolExecutor.java:809)&#10;        at java.util.concurrent.ThreadPoolExecutor.getTask(ThreadPoolExecutor.java:1074)&#10;        at java.util.concurrent.ThreadPoolExecutor.runWorker(ThreadPoolExecutor.java:1134)&#10;        at java.util.concurrent.ThreadPoolExecutor$Worker.run(ThreadPoolExecutor.java:624)&#10;        at java.lang.Thread.run(Thread.java:748)&#10;&quot;pool-26-thread-58&quot;  prio=5 tid=431 in Object.wait()&#10;java.lang.Thread.State: WAITING (on object monitor)&#10;        at sun.misc.Unsafe.park(Native Method)&#10;        at java.util.concurrent.locks.LockSupport.park(LockSupport.java:175)&#10;        at java.util.concurrent.locks.AbstractQueuedSynchronizer$ConditionObject.await(AbstractQueuedSynchronizer.java:2039)&#10;        at java.util.concurrent.ArrayBlockingQueue.take(ArrayBlockingQueue.java:403)&#10;        at java.util.concurrent.ThreadPoolExecutor.getTask(ThreadPoolExecutor.java:1074)&#10;        at java.util.concurrent.ThreadPoolExecutor.runWorker(ThreadPoolExecutor.java:1134)&#10;        at java.util.concurrent.ThreadPoolExecutor$Worker.run(ThreadPoolExecutor.java:624)&#10;        at java.lang.Thread.run(Thread.java:748)&#10;&quot;pool-76-thread-57&quot;  prio=5 tid=682 in Object.wait()&#10;java.lang.Thread.State: WAITING (on object monitor)&#10;        at sun.misc.Unsafe.park(Native Method)&#10;        at java.util.concurrent.locks.LockSupport.park(LockSupport.java:175)&#10;        at java.util.concurrent.locks.AbstractQueuedSynchronizer$ConditionObject.await(AbstractQueuedSynchronizer.java:2039)&#10;        at java.util.concurrent.ArrayBlockingQueue.take(ArrayBlockingQueue.java:403)&#10;        at java.util.concurrent.ThreadPoolExecutor.getTask(ThreadPoolExecutor.java:1074)&#10;        at java.util.concurrent.ThreadPoolExecutor.runWorker(ThreadPoolExecutor.java:1134)&#10;        at java.util.concurrent.ThreadPoolExecutor$Worker.run(ThreadPoolExecutor.java:624)&#10;        at java.lang.Thread.run(Thread.java:748)&#10;&quot;Datanode ReportManager Thread - 0&quot; daemon prio=5 tid=280 timed_waiting&#10;java.lang.Thread.State: TIMED_WAITING&#10;        at sun.misc.Unsafe.park(Native Method)&#10;        at java.util.concurrent.locks.LockSupport.parkNanos(LockSupport.java:215)&#10;        at java.util.concurrent.locks.AbstractQueuedSynchronizer$ConditionObject.awaitNanos(AbstractQueuedSynchronizer.java:2078)&#10;        at java.util.concurrent.ScheduledThreadPoolExecutor$DelayedWorkQueue.take(ScheduledThreadPoolExecutor.java:1093)&#10;        at java.util.concurrent.ScheduledThreadPoolExecutor$DelayedWorkQueue.take(ScheduledThreadPoolExecutor.java:809)&#10;        at java.util.concurrent.ThreadPoolExecutor.getTask(ThreadPoolExecutor.java:1074)&#10;        at java.util.concurrent.ThreadPoolExecutor.runWorker(ThreadPoolExecutor.java:1134)&#10;        at java.util.concurrent.ThreadPoolExecutor$Worker.run(ThreadPoolExecutor.java:624)&#10;        at java.lang.Thread.run(Thread.java:748)&#10;&quot;pool-56-thread-50&quot;  prio=5 tid=551 in Object.wait()&#10;java.lang.Thread.State: WAITING (on object monitor)&#10;        at sun.misc.Unsafe.park(Native Method)&#10;        at java.util.concurrent.locks.LockSupport.park(LockSupport.java:175)&#10;        at java.util.concurrent.locks.AbstractQueuedSynchronizer$ConditionObject.await(AbstractQueuedSynchronizer.java:2039)&#10;        at java.util.concurrent.ArrayBlockingQueue.take(ArrayBlockingQueue.java:403)&#10;        at java.util.concurrent.ThreadPoolExecutor.getTask(ThreadPoolExecutor.java:1074)&#10;        at java.util.concurrent.ThreadPoolExecutor.runWorker(ThreadPoolExecutor.java:1134)&#10;        at java.util.concurrent.ThreadPoolExecutor$Worker.run(ThreadPoolExecutor.java:624)&#10;        at java.lang.Thread.run(Thread.java:748)&#10;&quot;IPC Server handler 3 on 35347&quot; daemon prio=5 tid=73 timed_waiting&#10;java.lang.Thread.State: TIMED_WAITING&#10;        at sun.misc.Unsafe.park(Native Method)&#10;        at java.util.concurrent.locks.LockSupport.parkNanos(LockSupport.java:215)&#10;        at java.util.concurrent.locks.AbstractQueuedSynchronizer$ConditionObject.awaitNanos(AbstractQueuedSynchronizer.java:2078)&#10;        at java.util.concurrent.LinkedBlockingQueue.poll(LinkedBlockingQueue.java:467)&#10;        at org.apache.hadoop.ipc.CallQueueManager.take(CallQueueManager.java:288)&#10;        at org.apache.hadoop.ipc.Server$Handler.run(Server.java:2668)&#10;&quot;IPC Server handler 7 on 33440&quot; daemon prio=5 tid=57 timed_waiting&#10;java.lang.Thread.State: TIMED_WAITING&#10;        at sun.misc.Unsafe.park(Native Method)&#10;        at java.util.concurrent.locks.LockSupport.parkNanos(LockSupport.java:215)&#10;        at java.util.concurrent.locks.AbstractQueuedSynchronizer$ConditionObject.awaitNanos(AbstractQueuedSynchronizer.java:2078)&#10;        at java.util.concurrent.LinkedBlockingQueue.poll(LinkedBlockingQueue.java:467)&#10;        at org.apache.hadoop.ipc.CallQueueManager.take(CallQueueManager.java:288)&#10;        at org.apache.hadoop.ipc.Server$Handler.run(Server.java:2668)&#10;&quot;pool-26-thread-6&quot;  prio=5 tid=323 in Object.wait()&#10;java.lang.Thread.State: WAITING (on object monitor)&#10;        at sun.misc.Unsafe.park(Native Method)&#10;        at java.util.concurrent.locks.LockSupport.park(LockSupport.java:175)&#10;        at java.util.concurrent.locks.AbstractQueuedSynchronizer$ConditionObject.await(AbstractQueuedSynchronizer.java:2039)&#10;        at java.util.concurrent.ArrayBlockingQueue.take(ArrayBlockingQueue.java:403)&#10;        at java.util.concurrent.ThreadPoolExecutor.getTask(ThreadPoolExecutor.java:1074)&#10;        at java.util.concurrent.ThreadPoolExecutor.runWorker(ThreadPoolExecutor.java:1134)&#10;        at java.util.concurrent.ThreadPoolExecutor$Worker.run(ThreadPoolExecutor.java:624)&#10;        at java.lang.Thread.run(Thread.java:748)&#10;&quot;IPC Server handler 5 on 41091&quot; daemon prio=5 tid=120 timed_waiting&#10;java.lang.Thread.State: TIMED_WAITING&#10;        at sun.misc.Unsafe.park(Native Method)&#10;        at java.util.concurrent.locks.LockSupport.parkNanos(LockSupport.java:215)&#10;        at java.util.concurrent.locks.AbstractQueuedSynchronizer$ConditionObject.awaitNanos(AbstractQueuedSynchronizer.java:2078)&#10;        at java.util.concurrent.LinkedBlockingQueue.poll(LinkedBlockingQueue.java:467)&#10;        at org.apache.hadoop.ipc.CallQueueManager.take(CallQueueManager.java:288)&#10;        at org.apache.hadoop.ipc.Server$Handler.run(Server.java:2668)&#10;&quot;Datanode ReportManager Thread - 2&quot; daemon prio=5 tid=174 in Object.wait()&#10;java.lang.Thread.State: WAITING (on object monitor)&#10;        at sun.misc.Unsafe.park(Native Method)&#10;        at java.util.concurrent.locks.LockSupport.park(LockSupport.java:175)&#10;        at java.util.concurrent.locks.AbstractQueuedSynchronizer$ConditionObject.await(AbstractQueuedSynchronizer.java:2039)&#10;        at java.util.concurrent.ScheduledThreadPoolExecutor$DelayedWorkQueue.take(ScheduledThreadPoolExecutor.java:1088)&#10;        at java.util.concurrent.ScheduledThreadPoolExecutor$DelayedWorkQueue.take(ScheduledThreadPoolExecutor.java:809)&#10;        at java.util.concurrent.ThreadPoolExecutor.getTask(ThreadPoolExecutor.java:1074)&#10;        at java.util.concurrent.ThreadPoolExecutor.runWorker(ThreadPoolExecutor.java:1134)&#10;        at java.util.concurrent.ThreadPoolExecutor$Worker.run(ThreadPoolExecutor.java:624)&#10;        at java.lang.Thread.run(Thread.java:748)&#10;&quot;pool-47-thread-1&quot;  prio=5 tid=760 in Object.wait()&#10;java.lang.Thread.State: WAITING (on object monitor)&#10;        at sun.misc.Unsafe.park(Native Method)&#10;        at java.util.concurrent.locks.LockSupport.park(LockSupport.java:175)&#10;        at java.util.concurrent.locks.AbstractQueuedSynchronizer$ConditionObject.await(AbstractQueuedSynchronizer.java:2039)&#10;        at java.util.concurrent.LinkedBlockingQueue.take(LinkedBlockingQueue.java:442)&#10;        at java.util.concurrent.ThreadPoolExecutor.getTask(ThreadPoolExecutor.java:1074)&#10;        at java.util.concurrent.ThreadPoolExecutor.runWorker(ThreadPoolExecutor.java:1134)&#10;        at java.util.concurrent.ThreadPoolExecutor$Worker.run(ThreadPoolExecutor.java:624)&#10;        at java.lang.Thread.run(Thread.java:748)&#10;&quot;pool-56-thread-42&quot;  prio=5 tid=543 in Object.wait()&#10;java.lang.Thread.State: WAITING (on object monitor)&#10;        at sun.misc.Unsafe.park(Native Method)&#10;        at java.util.concurrent.locks.LockSupport.park(LockSupport.java:175)&#10;        at java.util.concurrent.locks.AbstractQueuedSynchronizer$ConditionObject.await(AbstractQueuedSynchronizer.java:2039)&#10;        at java.util.concurrent.ArrayBlockingQueue.take(ArrayBlockingQueue.java:403)&#10;        at java.util.concurrent.ThreadPoolExecutor.getTask(ThreadPoolExecutor.java:1074)&#10;        at java.util.concurrent.ThreadPoolExecutor.runWorker(ThreadPoolExecutor.java:1134)&#10;        at java.util.concurrent.ThreadPoolExecutor$Worker.run(ThreadPoolExecutor.java:624)&#10;        at java.lang.Thread.run(Thread.java:748)&#10;&quot;java.util.concurrent.ThreadPoolExecutor$Worker@53eefe58[State = -1, empty queue]&quot; daemon prio=5 tid=892 timed_waiting&#10;java.lang.Thread.State: TIMED_WAITING&#10;        at sun.misc.Unsafe.park(Native Method)&#10;        at java.util.concurrent.locks.LockSupport.parkNanos(LockSupport.java:215)&#10;        at java.util.concurrent.locks.AbstractQueuedSynchronizer$ConditionObject.awaitNanos(AbstractQueuedSynchronizer.java:2078)&#10;        at java.util.concurrent.ScheduledThreadPoolExecutor$DelayedWorkQueue.take(ScheduledThreadPoolExecutor.java:1093)&#10;        at java.util.concurrent.ScheduledThreadPoolExecutor$DelayedWorkQueue.take(ScheduledThreadPoolExecutor.java:809)&#10;        at java.util.concurrent.ThreadPoolExecutor.getTask(ThreadPoolExecutor.java:1074)&#10;        at java.util.concurrent.ThreadPoolExecutor.runWorker(ThreadPoolExecutor.java:1134)&#10;        at java.util.concurrent.ThreadPoolExecutor$Worker.run(ThreadPoolExecutor.java:624)&#10;        at java.lang.Thread.run(Thread.java:748)&#10;&quot;pool-66-thread-56&quot;  prio=5 tid=619 in Object.wait()&#10;java.lang.Thread.State: WAITING (on object monitor)&#10;        at sun.misc.Unsafe.park(Native Method)&#10;        at java.util.concurrent.locks.LockSupport.park(LockSupport.java:175)&#10;        at java.util.concurrent.locks.AbstractQueuedSynchronizer$ConditionObject.await(AbstractQueuedSynchronizer.java:2039)&#10;        at java.util.concurrent.ArrayBlockingQueue.take(ArrayBlockingQueue.java:403)&#10;        at java.util.concurrent.ThreadPoolExecutor.getTask(ThreadPoolExecutor.java:1074)&#10;        at java.util.concurrent.ThreadPoolExecutor.runWorker(ThreadPoolExecutor.java:1134)&#10;        at java.util.concurrent.ThreadPoolExecutor$Worker.run(ThreadPoolExecutor.java:624)&#10;        at java.lang.Thread.run(Thread.java:748)&#10;&quot;Socket Reader #1 for port 41091&quot;  prio=5 tid=109 runnable&#10;java.lang.Thread.State: RUNNABLE&#10;        at sun.nio.ch.EPollArrayWrapper.epollWait(Native Method)&#10;        at sun.nio.ch.EPollArrayWrapper.poll(EPollArrayWrapper.java:269)&#10;        at sun.nio.ch.EPollSelectorImpl.doSelect(EPollSelectorImpl.java:93)&#10;        at sun.nio.ch.SelectorImpl.lockAndDoSelect(SelectorImpl.java:86)&#10;        at sun.nio.ch.SelectorImpl.select(SelectorImpl.java:97)&#10;        at sun.nio.ch.SelectorImpl.select(SelectorImpl.java:101)&#10;        at org.apache.hadoop.ipc.Server$Listener$Reader.doRunLoop(Server.java:1097)&#10;        at org.apache.hadoop.ipc.Server$Listener$Reader.run(Server.java:1076)&#10;&quot;pool-36-thread-28&quot;  prio=5 tid=369 in Object.wait()&#10;java.lang.Thread.State: WAITING (on object monitor)&#10;        at sun.misc.Unsafe.park(Native Method)&#10;        at java.util.concurrent.locks.LockSupport.park(LockSupport.java:175)&#10;        at java.util.concurrent.locks.AbstractQueuedSynchronizer$ConditionObject.await(AbstractQueuedSynchronizer.java:2039)&#10;        at java.util.concurrent.ArrayBlockingQueue.take(ArrayBlockingQueue.java:403)&#10;        at java.util.concurrent.ThreadPoolExecutor.getTask(ThreadPoolExecutor.java:1074)&#10;        at java.util.concurrent.ThreadPoolExecutor.runWorker(ThreadPoolExecutor.java:1134)&#10;        at java.util.concurrent.ThreadPoolExecutor$Worker.run(ThreadPoolExecutor.java:624)&#10;        at java.lang.Thread.run(Thread.java:748)&#10;&quot;pool-36-thread-29&quot;  prio=5 tid=371 in Object.wait()&#10;java.lang.Thread.State: WAITING (on object monitor)&#10;        at sun.misc.Unsafe.park(Native Method)&#10;        at java.util.concurrent.locks.LockSupport.park(LockSupport.java:175)&#10;        at java.util.concurrent.locks.AbstractQueuedSynchronizer$ConditionObject.await(AbstractQueuedSynchronizer.java:2039)&#10;        at java.util.concurrent.ArrayBlockingQueue.take(ArrayBlockingQueue.java:403)&#10;        at java.util.concurrent.ThreadPoolExecutor.getTask(ThreadPoolExecutor.java:1074)&#10;        at java.util.concurrent.ThreadPoolExecutor.runWorker(ThreadPoolExecutor.java:1134)&#10;        at java.util.concurrent.ThreadPoolExecutor$Worker.run(ThreadPoolExecutor.java:624)&#10;        at java.lang.Thread.run(Thread.java:748)&#10;&quot;Command processor thread&quot; daemon prio=5 tid=178 timed_waiting&#10;java.lang.Thread.State: TIMED_WAITING&#10;        at java.lang.Thread.sleep(Native Method)&#10;        at org.apache.hadoop.ozone.container.common.statemachine.DatanodeStateMachine.lambda$initCommandHandlerThread$1(DatanodeStateMachine.java:439)&#10;        at org.apache.hadoop.ozone.container.common.statemachine.DatanodeStateMachine$$Lambda$141/1433858745.run(Unknown Source)&#10;        at java.lang.Thread.run(Thread.java:748)&#10;&quot;pool-64-thread-1&quot; daemon prio=5 tid=265 timed_waiting&#10;java.lang.Thread.State: TIMED_WAITING&#10;        at sun.misc.Unsafe.park(Native Method)&#10;        at java.util.concurrent.locks.LockSupport.parkNanos(LockSupport.java:215)&#10;        at java.util.concurrent.locks.AbstractQueuedSynchronizer$ConditionObject.awaitNanos(AbstractQueuedSynchronizer.java:2078)&#10;        at java.util.concurrent.ScheduledThreadPoolExecutor$DelayedWorkQueue.take(ScheduledThreadPoolExecutor.java:1093)&#10;        at java.util.concurrent.ScheduledThreadPoolExecutor$DelayedWorkQueue.take(ScheduledThreadPoolExecutor.java:809)&#10;        at java.util.concurrent.ThreadPoolExecutor.getTask(ThreadPoolExecutor.java:1074)&#10;        at java.util.concurrent.ThreadPoolExecutor.runWorker(ThreadPoolExecutor.java:1134)&#10;        at java.util.concurrent.ThreadPoolExecutor$Worker.run(ThreadPoolExecutor.java:624)&#10;        at java.lang.Thread.run(Thread.java:748)&#10;&quot;Command processor thread&quot; daemon prio=5 tid=230 timed_waiting&#10;java.lang.Thread.State: TIMED_WAITING&#10;        at java.lang.Thread.sleep(Native Method)&#10;        at org.apache.hadoop.ozone.container.common.statemachine.DatanodeStateMachine.lambda$initCommandHandlerThread$1(DatanodeStateMachine.java:439)&#10;        at org.apache.hadoop.ozone.container.common.statemachine.DatanodeStateMachine$$Lambda$141/1433858745.run(Unknown Source)&#10;        at java.lang.Thread.run(Thread.java:748)&#10;&quot;pool-26-thread-51&quot;  prio=5 tid=417 in Object.wait()&#10;java.lang.Thread.State: WAITING (on object monitor)&#10;        at sun.misc.Unsafe.park(Native Method)&#10;        at java.util.concurrent.locks.LockSupport.park(LockSupport.java:175)&#10;        at java.util.concurrent.locks.AbstractQueuedSynchronizer$ConditionObject.await(AbstractQueuedSynchronizer.java:2039)&#10;        at java.util.concurrent.ArrayBlockingQueue.take(ArrayBlockingQueue.java:403)&#10;        at java.util.concurrent.ThreadPoolExecutor.getTask(ThreadPoolExecutor.java:1074)&#10;        at java.util.concurrent.ThreadPoolExecutor.runWorker(ThreadPoolExecutor.java:1134)&#10;        at java.util.concurrent.ThreadPoolExecutor$Worker.run(ThreadPoolExecutor.java:624)&#10;        at java.lang.Thread.run(Thread.java:748)&#10;&quot;metrics-hadoop-metrics2-reporter-51-thread-1&quot; daemon prio=5 tid=890 timed_waiting&#10;java.lang.Thread.State: TIMED_WAITING&#10;        at sun.misc.Unsafe.park(Native Method)&#10;        at java.util.concurrent.locks.LockSupport.parkNanos(LockSupport.java:215)&#10;        at java.util.concurrent.locks.AbstractQueuedSynchronizer$ConditionObject.awaitNanos(AbstractQueuedSynchronizer.java:2078)&#10;        at java.util.concurrent.ScheduledThreadPoolExecutor$DelayedWorkQueue.take(ScheduledThreadPoolExecutor.java:1093)&#10;        at java.util.concurrent.ScheduledThreadPoolExecutor$DelayedWorkQueue.take(ScheduledThreadPoolExecutor.java:809)&#10;        at java.util.concurrent.ThreadPoolExecutor.getTask(ThreadPoolExecutor.java:1074)&#10;        at java.util.concurrent.ThreadPoolExecutor.runWorker(ThreadPoolExecutor.java:1134)&#10;        at java.util.concurrent.ThreadPoolExecutor$Worker.run(ThreadPoolExecutor.java:624)&#10;        at java.lang.Thread.run(Thread.java:748)&#10;&quot;pool-56-thread-14&quot;  prio=5 tid=512 in Object.wait()&#10;java.lang.Thread.State: WAITING (on object monitor)&#10;        at sun.misc.Unsafe.park(Native Method)&#10;        at java.util.concurrent.locks.LockSupport.park(LockSupport.java:175)&#10;        at java.util.concurrent.locks.AbstractQueuedSynchronizer$ConditionObject.await(AbstractQueuedSynchronizer.java:2039)&#10;        at java.util.concurrent.ArrayBlockingQueue.take(ArrayBlockingQueue.java:403)&#10;        at java.util.concurrent.ThreadPoolExecutor.getTask(ThreadPoolExecutor.java:1074)&#10;        at java.util.concurrent.ThreadPoolExecutor.runWorker(ThreadPoolExecutor.java:1134)&#10;        at java.util.concurrent.ThreadPoolExecutor$Worker.run(ThreadPoolExecutor.java:624)&#10;        at java.lang.Thread.run(Thread.java:748)&#10;&quot;pool-76-thread-18&quot;  prio=5 tid=643 in Object.wait()&#10;java.lang.Thread.State: WAITING (on object monitor)&#10;        at sun.misc.Unsafe.park(Native Method)&#10;        at java.util.concurrent.locks.LockSupport.park(LockSupport.java:175)&#10;        at java.util.concurrent.locks.AbstractQueuedSynchronizer$ConditionObject.await(AbstractQueuedSynchronizer.java:2039)&#10;        at java.util.concurrent.ArrayBlockingQueue.take(ArrayBlockingQueue.java:403)&#10;        at java.util.concurrent.ThreadPoolExecutor.getTask(ThreadPoolExecutor.java:1074)&#10;        at java.util.concurrent.ThreadPoolExecutor.runWorker(ThreadPoolExecutor.java:1134)&#10;        at java.util.concurrent.ThreadPoolExecutor$Worker.run(ThreadPoolExecutor.java:624)&#10;        at java.lang.Thread.run(Thread.java:748)&#10;&quot;pool-36-thread-5&quot;  prio=5 tid=326 in Object.wait()&#10;java.lang.Thread.State: WAITING (on object monitor)&#10;        at sun.misc.Unsafe.park(Native Method)&#10;        at java.util.concurrent.locks.LockSupport.park(LockSupport.java:175)&#10;        at java.util.concurrent.locks.AbstractQueuedSynchronizer$ConditionObject.await(AbstractQueuedSynchronizer.java:2039)&#10;        at java.util.concurrent.ArrayBlockingQueue.take(ArrayBlockingQueue.java:403)&#10;        at java.util.concurrent.ThreadPoolExecutor.getTask(ThreadPoolExecutor.java:1074)&#10;        at java.util.concurrent.ThreadPoolExecutor.runWorker(ThreadPoolExecutor.java:1134)&#10;        at java.util.concurrent.ThreadPoolExecutor$Worker.run(ThreadPoolExecutor.java:624)&#10;        at java.lang.Thread.run(Thread.java:748)&#10;&quot;pool-76-thread-27&quot;  prio=5 tid=652 in Object.wait()&#10;java.lang.Thread.State: WAITING (on object monitor)&#10;        at sun.misc.Unsafe.park(Native Method)&#10;        at java.util.concurrent.locks.LockSupport.park(LockSupport.java:175)&#10;        at java.util.concurrent.locks.AbstractQueuedSynchronizer$ConditionObject.await(AbstractQueuedSynchronizer.java:2039)&#10;        at java.util.concurrent.ArrayBlockingQueue.take(ArrayBlockingQueue.java:403)&#10;        at java.util.concurrent.ThreadPoolExecutor.getTask(ThreadPoolExecutor.java:1074)&#10;        at java.util.concurrent.ThreadPoolExecutor.runWorker(ThreadPoolExecutor.java:1134)&#10;        at java.util.concurrent.ThreadPoolExecutor$Worker.run(ThreadPoolExecutor.java:624)&#10;        at java.lang.Thread.run(Thread.java:748)&#10;&quot;pool-66-thread-59&quot;  prio=5 tid=622 in Object.wait()&#10;java.lang.Thread.State: WAITING (on object monitor)&#10;        at sun.misc.Unsafe.park(Native Method)&#10;        at java.util.concurrent.locks.LockSupport.park(LockSupport.java:175)&#10;        at java.util.concurrent.locks.AbstractQueuedSynchronizer$ConditionObject.await(AbstractQueuedSynchronizer.java:2039)&#10;        at java.util.concurrent.ArrayBlockingQueue.take(ArrayBlockingQueue.java:403)&#10;        at java.util.concurrent.ThreadPoolExecutor.getTask(ThreadPoolExecutor.java:1074)&#10;        at java.util.concurrent.ThreadPoolExecutor.runWorker(ThreadPoolExecutor.java:1134)&#10;        at java.util.concurrent.ThreadPoolExecutor$Worker.run(ThreadPoolExecutor.java:624)&#10;        at java.lang.Thread.run(Thread.java:748)&#10;&quot;pool-46-thread-41&quot;  prio=5 tid=475 in Object.wait()&#10;java.lang.Thread.State: WAITING (on object monitor)&#10;        at sun.misc.Unsafe.park(Native Method)&#10;        at java.util.concurrent.locks.LockSupport.park(LockSupport.java:175)&#10;        at java.util.concurrent.locks.AbstractQueuedSynchronizer$ConditionObject.await(AbstractQueuedSynchronizer.java:2039)&#10;        at java.util.concurrent.ArrayBlockingQueue.take(ArrayBlockingQueue.java:403)&#10;        at java.util.concurrent.ThreadPoolExecutor.getTask(ThreadPoolExecutor.java:1074)&#10;        at java.util.concurrent.ThreadPoolExecutor.runWorker(ThreadPoolExecutor.java:1134)&#10;        at java.util.concurrent.ThreadPoolExecutor$Worker.run(ThreadPoolExecutor.java:624)&#10;        at java.lang.Thread.run(Thread.java:748)&#10;&quot;org.eclipse.jetty.server.session.HashSessionManager@309c7edTimer&quot; daemon prio=5 tid=224 timed_waiting&#10;java.lang.Thread.State: TIMED_WAITING&#10;        at sun.misc.Unsafe.park(Native Method)&#10;        at java.util.concurrent.locks.LockSupport.parkNanos(LockSupport.java:215)&#10;        at java.util.concurrent.locks.AbstractQueuedSynchronizer$ConditionObject.awaitNanos(AbstractQueuedSynchronizer.java:2078)&#10;        at java.util.concurrent.ScheduledThreadPoolExecutor$DelayedWorkQueue.take(ScheduledThreadPoolExecutor.java:1093)&#10;        at java.util.concurrent.ScheduledThreadPoolExecutor$DelayedWorkQueue.take(ScheduledThreadPoolExecutor.java:809)&#10;        at java.util.concurrent.ThreadPoolExecutor.getTask(ThreadPoolExecutor.java:1074)&#10;        at java.util.concurrent.ThreadPoolExecutor.runWorker(ThreadPoolExecutor.java:1134)&#10;        at java.util.concurrent.ThreadPoolExecutor$Worker.run(ThreadPoolExecutor.java:624)&#10;        at java.lang.Thread.run(Thread.java:748)&#10;&quot;pool-76-thread-12&quot;  prio=5 tid=637 in Object.wait()&#10;java.lang.Thread.State: WAITING (on object monitor)&#10;        at sun.misc.Unsafe.park(Native Method)&#10;        at java.util.concurrent.locks.LockSupport.park(LockSupport.java:175)&#10;        at java.util.concurrent.locks.AbstractQueuedSynchronizer$ConditionObject.await(AbstractQueuedSynchronizer.java:2039)&#10;        at java.util.concurrent.ArrayBlockingQueue.take(ArrayBlockingQueue.java:403)&#10;        at java.util.concurrent.ThreadPoolExecutor.getTask(ThreadPoolExecutor.java:1074)&#10;        at java.util.concurrent.ThreadPoolExecutor.runWorker(ThreadPoolExecutor.java:1134)&#10;        at java.util.concurrent.ThreadPoolExecutor$Worker.run(ThreadPoolExecutor.java:624)&#10;        at java.lang.Thread.run(Thread.java:748)&#10;&quot;metrics-hadoop-metrics2-reporter-19-thread-1&quot; daemon prio=5 tid=748 timed_waiting&#10;java.lang.Thread.State: TIMED_WAITING&#10;        at sun.misc.Unsafe.park(Native Method)&#10;        at java.util.concurrent.locks.LockSupport.parkNanos(LockSupport.java:215)&#10;        at java.util.concurrent.locks.AbstractQueuedSynchronizer$ConditionObject.awaitNanos(AbstractQueuedSynchronizer.java:2078)&#10;        at java.util.concurrent.ScheduledThreadPoolExecutor$DelayedWorkQueue.take(ScheduledThreadPoolExecutor.java:1093)&#10;        at java.util.concurrent.ScheduledThreadPoolExecutor$DelayedWorkQueue.take(ScheduledThreadPoolExecutor.java:809)&#10;        at java.util.concurrent.ThreadPoolExecutor.getTask(ThreadPoolExecutor.java:1074)&#10;        at java.util.concurrent.ThreadPoolExecutor.runWorker(ThreadPoolExecutor.java:1134)&#10;        at java.util.concurrent.ThreadPoolExecutor$Worker.run(ThreadPoolExecutor.java:624)&#10;        at java.lang.Thread.run(Thread.java:748)&#10;&quot;java.util.concurrent.ThreadPoolExecutor$Worker@5f3ded82[State = -1, empty queue]&quot; daemon prio=5 tid=891 timed_waiting&#10;java.lang.Thread.State: TIMED_WAITING&#10;        at sun.misc.Unsafe.park(Native Method)&#10;        at java.util.concurrent.locks.LockSupport.parkNanos(LockSupport.java:215)&#10;        at java.util.concurrent.locks.AbstractQueuedSynchronizer$ConditionObject.awaitNanos(AbstractQueuedSynchronizer.java:2078)&#10;        at java.util.concurrent.ScheduledThreadPoolExecutor$DelayedWorkQueue.take(ScheduledThreadPoolExecutor.java:1093)&#10;        at java.util.concurrent.ScheduledThreadPoolExecutor$DelayedWorkQueue.take(ScheduledThreadPoolExecutor.java:809)&#10;        at java.util.concurrent.ThreadPoolExecutor.getTask(ThreadPoolExecutor.java:1074)&#10;        at java.util.concurrent.ThreadPoolExecutor.runWorker(ThreadPoolExecutor.java:1134)&#10;        at java.util.concurrent.ThreadPoolExecutor$Worker.run(ThreadPoolExecutor.java:624)&#10;        at java.lang.Thread.run(Thread.java:748)&#10;&quot;pool-76-thread-47&quot;  prio=5 tid=672 in Object.wait()&#10;java.lang.Thread.State: WAITING (on object monitor)&#10;        at sun.misc.Unsafe.park(Native Method)&#10;        at java.util.concurrent.locks.LockSupport.park(LockSupport.java:175)&#10;        at java.util.concurrent.locks.AbstractQueuedSynchronizer$ConditionObject.await(AbstractQueuedSynchronizer.java:2039)&#10;        at java.util.concurrent.ArrayBlockingQueue.take(ArrayBlockingQueue.java:403)&#10;        at java.util.concurrent.ThreadPoolExecutor.getTask(ThreadPoolExecutor.java:1074)&#10;        at java.util.concurrent.ThreadPoolExecutor.runWorker(ThreadPoolExecutor.java:1134)&#10;        at java.util.concurrent.ThreadPoolExecutor$Worker.run(ThreadPoolExecutor.java:624)&#10;        at java.lang.Thread.run(Thread.java:748)&#10;&quot;IPC Server handler 11 on 35347&quot; daemon prio=5 tid=81 timed_waiting&#10;java.lang.Thread.State: TIMED_WAITING&#10;        at sun.misc.Unsafe.park(Native Method)&#10;        at java.util.concurrent.locks.LockSupport.parkNanos(LockSupport.java:215)&#10;        at java.util.concurrent.locks.AbstractQueuedSynchronizer$ConditionObject.awaitNanos(AbstractQueuedSynchronizer.java:2078)&#10;        at java.util.concurrent.LinkedBlockingQueue.poll(LinkedBlockingQueue.java:467)&#10;        at org.apache.hadoop.ipc.CallQueueManager.take(CallQueueManager.java:288)&#10;        at org.apache.hadoop.ipc.Server$Handler.run(Server.java:2668)&#10;&quot;qtp668854338-93&quot; daemon prio=5 tid=93 timed_waiting&#10;java.lang.Thread.State: TIMED_WAITING&#10;        at sun.misc.Unsafe.park(Native Method)&#10;        at java.util.concurrent.locks.LockSupport.parkNanos(LockSupport.java:215)&#10;        at java.util.concurrent.locks.AbstractQueuedSynchronizer$ConditionObject.awaitNanos(AbstractQueuedSynchronizer.java:2078)&#10;        at org.eclipse.jetty.util.BlockingArrayQueue.poll(BlockingArrayQueue.java:392)&#10;        at org.eclipse.jetty.util.thread.QueuedThreadPool.idleJobPoll(QueuedThreadPool.java:563)&#10;        at org.eclipse.jetty.util.thread.QueuedThreadPool.access$800(QueuedThreadPool.java:48)&#10;        at org.eclipse.jetty.util.thread.QueuedThreadPool$2.run(QueuedThreadPool.java:626)&#10;        at java.lang.Thread.run(Thread.java:748)&#10;&quot;pool-76-thread-49&quot;  prio=5 tid=674 in Object.wait()&#10;java.lang.Thread.State: WAITING (on object monitor)&#10;        at sun.misc.Unsafe.park(Native Method)&#10;        at java.util.concurrent.locks.LockSupport.park(LockSupport.java:175)&#10;        at java.util.concurrent.locks.AbstractQueuedSynchronizer$ConditionObject.await(AbstractQueuedSynchronizer.java:2039)&#10;        at java.util.concurrent.ArrayBlockingQueue.take(ArrayBlockingQueue.java:403)&#10;        at java.util.concurrent.ThreadPoolExecutor.getTask(ThreadPoolExecutor.java:1074)&#10;        at java.util.concurrent.ThreadPoolExecutor.runWorker(ThreadPoolExecutor.java:1134)&#10;        at java.util.concurrent.ThreadPoolExecutor$Worker.run(ThreadPoolExecutor.java:624)&#10;        at java.lang.Thread.run(Thread.java:748)&#10;&quot;pool-66-thread-57&quot;  prio=5 tid=620 in Object.wait()&#10;java.lang.Thread.State: WAITING (on object monitor)&#10;        at sun.misc.Unsafe.park(Native Method)&#10;        at java.util.concurrent.locks.LockSupport.park(LockSupport.java:175)&#10;        at java.util.concurrent.locks.AbstractQueuedSynchronizer$ConditionObject.await(AbstractQueuedSynchronizer.java:2039)&#10;        at java.util.concurrent.ArrayBlockingQueue.take(ArrayBlockingQueue.java:403)&#10;        at java.util.concurrent.ThreadPoolExecutor.getTask(ThreadPoolExecutor.java:1074)&#10;        at java.util.concurrent.ThreadPoolExecutor.runWorker(ThreadPoolExecutor.java:1134)&#10;        at java.util.concurrent.ThreadPoolExecutor$Worker.run(ThreadPoolExecutor.java:624)&#10;        at java.lang.Thread.run(Thread.java:748)&#10;&quot;pool-56-thread-45&quot;  prio=5 tid=546 in Object.wait()&#10;java.lang.Thread.State: WAITING (on object monitor)&#10;        at sun.misc.Unsafe.park(Native Method)&#10;        at java.util.concurrent.locks.LockSupport.park(LockSupport.java:175)&#10;        at java.util.concurrent.locks.AbstractQueuedSynchronizer$ConditionObject.await(AbstractQueuedSynchronizer.java:2039)&#10;        at java.util.concurrent.ArrayBlockingQueue.take(ArrayBlockingQueue.java:403)&#10;        at java.util.concurrent.ThreadPoolExecutor.getTask(ThreadPoolExecutor.java:1074)&#10;        at java.util.concurrent.ThreadPoolExecutor.runWorker(ThreadPoolExecutor.java:1134)&#10;        at java.util.concurrent.ThreadPoolExecutor$Worker.run(ThreadPoolExecutor.java:624)&#10;        at java.lang.Thread.run(Thread.java:748)&#10;&quot;IPC Server handler 12 on 35347&quot; daemon prio=5 tid=82 timed_waiting&#10;java.lang.Thread.State: TIMED_WAITING&#10;        at sun.misc.Unsafe.park(Native Method)&#10;        at java.util.concurrent.locks.LockSupport.parkNanos(LockSupport.java:215)&#10;        at java.util.concurrent.locks.AbstractQueuedSynchronizer$ConditionObject.awaitNanos(AbstractQueuedSynchronizer.java:2078)&#10;        at java.util.concurrent.LinkedBlockingQueue.poll(LinkedBlockingQueue.java:467)&#10;        at org.apache.hadoop.ipc.CallQueueManager.take(CallQueueManager.java:288)&#10;        at org.apache.hadoop.ipc.Server$Handler.run(Server.java:2668)&#10;&quot;metrics-hadoop-metrics2-reporter-66-thread-1&quot; daemon prio=5 tid=956 timed_waiting&#10;java.lang.Thread.State: TIMED_WAITING&#10;        at sun.misc.Unsafe.park(Native Method)&#10;        at java.util.concurrent.locks.LockSupport.parkNanos(LockSupport.java:215)&#10;        at java.util.concurrent.locks.AbstractQueuedSynchronizer$ConditionObject.awaitNanos(AbstractQueuedSynchronizer.java:2078)&#10;        at java.util.concurrent.ScheduledThreadPoolExecutor$DelayedWorkQueue.take(ScheduledThreadPoolExecutor.java:1093)&#10;        at java.util.concurrent.ScheduledThreadPoolExecutor$DelayedWorkQueue.take(ScheduledThreadPoolExecutor.java:809)&#10;        at java.util.concurrent.ThreadPoolExecutor.getTask(ThreadPoolExecutor.java:1074)&#10;        at java.util.concurrent.ThreadPoolExecutor.runWorker(ThreadPoolExecutor.java:1134)&#10;        at java.util.concurrent.ThreadPoolExecutor$Worker.run(ThreadPoolExecutor.java:624)&#10;        at java.lang.Thread.run(Thread.java:748)&#10;&quot;pool-66-thread-2&quot;  prio=5 tid=565 in Object.wait()&#10;java.lang.Thread.State: WAITING (on object monitor)&#10;        at sun.misc.Unsafe.park(Native Method)&#10;        at java.util.concurrent.locks.LockSupport.park(LockSupport.java:175)&#10;        at java.util.concurrent.locks.AbstractQueuedSynchronizer$ConditionObject.await(AbstractQueuedSynchronizer.java:2039)&#10;        at java.util.concurrent.ArrayBlockingQueue.take(ArrayBlockingQueue.java:403)&#10;        at java.util.concurrent.ThreadPoolExecutor.getTask(ThreadPoolExecutor.java:1074)&#10;        at java.util.concurrent.ThreadPoolExecutor.runWorker(ThreadPoolExecutor.java:1134)&#10;        at java.util.concurrent.ThreadPoolExecutor$Worker.run(ThreadPoolExecutor.java:624)&#10;        at java.lang.Thread.run(Thread.java:748)&#10;&quot;metrics-hadoop-metrics2-reporter-38-thread-1&quot; daemon prio=5 tid=817 timed_waiting&#10;java.lang.Thread.State: TIMED_WAITING&#10;        at sun.misc.Unsafe.park(Native Method)&#10;        at java.util.concurrent.locks.LockSupport.parkNanos(LockSupport.java:215)&#10;        at java.util.concurrent.locks.AbstractQueuedSynchronizer$ConditionObject.awaitNanos(AbstractQueuedSynchronizer.java:2078)&#10;        at java.util.concurrent.ScheduledThreadPoolExecutor$DelayedWorkQueue.take(ScheduledThreadPoolExecutor.java:1093)&#10;        at java.util.concurrent.ScheduledThreadPoolExecutor$DelayedWorkQueue.take(ScheduledThreadPoolExecutor.java:809)&#10;        at java.util.concurrent.ThreadPoolExecutor.getTask(ThreadPoolExecutor.java:1074)&#10;        at java.util.concurrent.ThreadPoolExecutor.runWorker(ThreadPoolExecutor.java:1134)&#10;        at java.util.concurrent.ThreadPoolExecutor$Worker.run(ThreadPoolExecutor.java:624)&#10;        at java.lang.Thread.run(Thread.java:748)&#10;&quot;pool-77-thread-1&quot;  prio=5 tid=724 in Object.wait()&#10;java.lang.Thread.State: WAITING (on object monitor)&#10;        at sun.misc.Unsafe.park(Native Method)&#10;        at java.util.concurrent.locks.LockSupport.park(LockSupport.java:175)&#10;        at java.util.concurrent.locks.AbstractQueuedSynchronizer$ConditionObject.await(AbstractQueuedSynchronizer.java:2039)&#10;        at java.util.concurrent.LinkedBlockingQueue.take(LinkedBlockingQueue.java:442)&#10;        at java.util.concurrent.ThreadPoolExecutor.getTask(ThreadPoolExecutor.java:1074)&#10;        at java.util.concurrent.ThreadPoolExecutor.runWorker(ThreadPoolExecutor.java:1134)&#10;        at java.util.concurrent.ThreadPoolExecutor$Worker.run(ThreadPoolExecutor.java:624)&#10;        at java.lang.Thread.run(Thread.java:748)&#10;&quot;pool-56-thread-20&quot;  prio=5 tid=518 in Object.wait()&#10;java.lang.Thread.State: WAITING (on object monitor)&#10;        at sun.misc.Unsafe.park(Native Method)&#10;        at java.util.concurrent.locks.LockSupport.park(LockSupport.java:175)&#10;        at java.util.concurrent.locks.AbstractQueuedSynchronizer$ConditionObject.await(AbstractQueuedSynchronizer.java:2039)&#10;        at java.util.concurrent.ArrayBlockingQueue.take(ArrayBlockingQueue.java:403)&#10;        at java.util.concurrent.ThreadPoolExecutor.getTask(ThreadPoolExecutor.java:1074)&#10;        at java.util.concurrent.ThreadPoolExecutor.runWorker(ThreadPoolExecutor.java:1134)&#10;        at java.util.concurrent.ThreadPoolExecutor$Worker.run(ThreadPoolExecutor.java:624)&#10;        at java.lang.Thread.run(Thread.java:748)&#10;&quot;metrics-hadoop-metrics2-reporter-36-thread-1&quot; daemon prio=5 tid=796 timed_waiting&#10;java.lang.Thread.State: TIMED_WAITING&#10;        at sun.misc.Unsafe.park(Native Method)&#10;        at java.util.concurrent.locks.LockSupport.parkNanos(LockSupport.java:215)&#10;        at java.util.concurrent.locks.AbstractQueuedSynchronizer$ConditionObject.awaitNanos(AbstractQueuedSynchronizer.java:2078)&#10;        at java.util.concurrent.ScheduledThreadPoolExecutor$DelayedWorkQueue.take(ScheduledThreadPoolExecutor.java:1093)&#10;        at java.util.concurrent.ScheduledThreadPoolExecutor$DelayedWorkQueue.take(ScheduledThreadPoolExecutor.java:809)&#10;        at java.util.concurrent.ThreadPoolExecutor.getTask(ThreadPoolExecutor.java:1074)&#10;        at java.util.concurrent.ThreadPoolExecutor.runWorker(ThreadPoolExecutor.java:1134)&#10;        at java.util.concurrent.ThreadPoolExecutor$Worker.run(ThreadPoolExecutor.java:624)&#10;        at java.lang.Thread.run(Thread.java:748)&#10;&quot;pool-66-thread-36&quot;  prio=5 tid=599 in Object.wait()&#10;java.lang.Thread.State: WAITING (on object monitor)&#10;        at sun.misc.Unsafe.park(Native Method)&#10;        at java.util.concurrent.locks.LockSupport.park(LockSupport.java:175)&#10;        at java.util.concurrent.locks.AbstractQueuedSynchronizer$ConditionObject.await(AbstractQueuedSynchronizer.java:2039)&#10;        at java.util.concurrent.ArrayBlockingQueue.take(ArrayBlockingQueue.java:403)&#10;        at java.util.concurrent.ThreadPoolExecutor.getTask(ThreadPoolExecutor.java:1074)&#10;        at java.util.concurrent.ThreadPoolExecutor.runWorker(ThreadPoolExecutor.java:1134)&#10;        at java.util.concurrent.ThreadPoolExecutor$Worker.run(ThreadPoolExecutor.java:624)&#10;        at java.lang.Thread.run(Thread.java:748)&#10;&quot;Command processor thread&quot; daemon prio=5 tid=311 timed_waiting&#10;java.lang.Thread.State: TIMED_WAITING&#10;        at java.lang.Thread.sleep(Native Method)&#10;        at org.apache.hadoop.ozone.container.common.statemachine.DatanodeStateMachine.lambda$initCommandHandlerThread$1(DatanodeStateMachine.java:439)&#10;        at org.apache.hadoop.ozone.container.common.statemachine.DatanodeStateMachine$$Lambda$141/1433858745.run(Unknown Source)&#10;        at java.lang.Thread.run(Thread.java:748)&#10;&quot;pool-66-thread-11&quot;  prio=5 tid=574 in Object.wait()&#10;java.lang.Thread.State: WAITING (on object monitor)&#10;        at sun.misc.Unsafe.park(Native Method)&#10;        at java.util.concurrent.locks.LockSupport.park(LockSupport.java:175)&#10;        at java.util.concurrent.locks.AbstractQueuedSynchronizer$ConditionObject.await(AbstractQueuedSynchronizer.java:2039)&#10;        at java.util.concurrent.ArrayBlockingQueue.take(ArrayBlockingQueue.java:403)&#10;        at java.util.concurrent.ThreadPoolExecutor.getTask(ThreadPoolExecutor.java:1074)&#10;        at java.util.concurrent.ThreadPoolExecutor.runWorker(ThreadPoolExecutor.java:1134)&#10;        at java.util.concurrent.ThreadPoolExecutor$Worker.run(ThreadPoolExecutor.java:624)&#10;        at java.lang.Thread.run(Thread.java:748)&#10;&quot;pool-56-thread-28&quot;  prio=5 tid=526 in Object.wait()&#10;java.lang.Thread.State: WAITING (on object monitor)&#10;        at sun.misc.Unsafe.park(Native Method)&#10;        at java.util.concurrent.locks.LockSupport.park(LockSupport.java:175)&#10;        at java.util.concurrent.locks.AbstractQueuedSynchronizer$ConditionObject.await(AbstractQueuedSynchronizer.java:2039)&#10;        at java.util.concurrent.ArrayBlockingQueue.take(ArrayBlockingQueue.java:403)&#10;        at java.util.concurrent.ThreadPoolExecutor.getTask(ThreadPoolExecutor.java:1074)&#10;        at java.util.concurrent.ThreadPoolExecutor.runWorker(ThreadPoolExecutor.java:1134)&#10;        at java.util.concurrent.ThreadPoolExecutor$Worker.run(ThreadPoolExecutor.java:624)&#10;        at java.lang.Thread.run(Thread.java:748)&#10;&quot;Thread-2247&quot; daemon prio=5 tid=2842 terminated&#10;java.lang.Thread.State: TERMINATED&#10;        at java.lang.Thread.sleep(Native Method)&#10;        at org.apache.ratis.util.JavaUtils.sleep(JavaUtils.java:247)&#10;        at org.apache.ratis.server.impl.FollowerState.run(FollowerState.java:97)&#10;&quot;grpc-default-boss-ELG-1-1&quot; daemon prio=5 tid=495 runnable&#10;java.lang.Thread.State: RUNNABLE&#10;        at sun.nio.ch.EPollArrayWrapper.epollWait(Native Method)&#10;        at sun.nio.ch.EPollArrayWrapper.poll(EPollArrayWrapper.java:269)&#10;        at sun.nio.ch.EPollSelectorImpl.doSelect(EPollSelectorImpl.java:93)&#10;        at sun.nio.ch.SelectorImpl.lockAndDoSelect(SelectorImpl.java:86)&#10;        at sun.nio.ch.SelectorImpl.select(SelectorImpl.java:97)&#10;        at org.apache.ratis.thirdparty.io.netty.channel.nio.SelectedSelectionKeySetSelector.select(SelectedSelectionKeySetSelector.java:62)&#10;        at org.apache.ratis.thirdparty.io.netty.channel.nio.NioEventLoop.select(NioEventLoop.java:753)&#10;        at org.apache.ratis.thirdparty.io.netty.channel.nio.NioEventLoop.run(NioEventLoop.java:408)&#10;        at org.apache.ratis.thirdparty.io.netty.util.concurrent.SingleThreadEventExecutor$5.run(SingleThreadEventExecutor.java:897)&#10;        at org.apache.ratis.thirdparty.io.netty.util.concurrent.FastThreadLocalRunnable.run(FastThreadLocalRunnable.java:30)&#10;        at java.lang.Thread.run(Thread.java:748)&#10;&quot;pool-66-thread-5&quot;  prio=5 tid=568 in Object.wait()&#10;java.lang.Thread.State: WAITING (on object monitor)&#10;        at sun.misc.Unsafe.park(Native Method)&#10;        at java.util.concurrent.locks.LockSupport.park(LockSupport.java:175)&#10;        at java.util.concurrent.locks.AbstractQueuedSynchronizer$ConditionObject.await(AbstractQueuedSynchronizer.java:2039)&#10;        at java.util.concurrent.ArrayBlockingQueue.take(ArrayBlockingQueue.java:403)&#10;        at java.util.concurrent.ThreadPoolExecutor.getTask(ThreadPoolExecutor.java:1074)&#10;        at java.util.concurrent.ThreadPoolExecutor.runWorker(ThreadPoolExecutor.java:1134)&#10;        at java.util.concurrent.ThreadPoolExecutor$Worker.run(ThreadPoolExecutor.java:624)&#10;        at java.lang.Thread.run(Thread.java:748)&#10;&quot;org.eclipse.jetty.server.session.HashSessionManager@31a9d7Timer&quot; daemon prio=5 tid=169 timed_waiting&#10;java.lang.Thread.State: TIMED_WAITING&#10;        at sun.misc.Unsafe.park(Native Method)&#10;        at java.util.concurrent.locks.LockSupport.parkNanos(LockSupport.java:215)&#10;        at java.util.concurrent.locks.AbstractQueuedSynchronizer$ConditionObject.awaitNanos(AbstractQueuedSynchronizer.java:2078)&#10;        at java.util.concurrent.ScheduledThreadPoolExecutor$DelayedWorkQueue.take(ScheduledThreadPoolExecutor.java:1093)&#10;        at java.util.concurrent.ScheduledThreadPoolExecutor$DelayedWorkQueue.take(ScheduledThreadPoolExecutor.java:809)&#10;        at java.util.concurrent.ThreadPoolExecutor.getTask(ThreadPoolExecutor.java:1074)&#10;        at java.util.concurrent.ThreadPoolExecutor.runWorker(ThreadPoolExecutor.java:1134)&#10;        at java.util.concurrent.ThreadPoolExecutor$Worker.run(ThreadPoolExecutor.java:624)&#10;        at java.lang.Thread.run(Thread.java:748)&#10;&quot;pool-36-thread-26&quot;  prio=5 tid=365 in Object.wait()&#10;java.lang.Thread.State: WAITING (on object monitor)&#10;        at sun.misc.Unsafe.park(Native Method)&#10;        at java.util.concurrent.locks.LockSupport.park(LockSupport.java:175)&#10;        at java.util.concurrent.locks.AbstractQueuedSynchronizer$ConditionObject.await(AbstractQueuedSynchronizer.java:2039)&#10;        at java.util.concurrent.ArrayBlockingQueue.take(ArrayBlockingQueue.java:403)&#10;        at java.util.concurrent.ThreadPoolExecutor.getTask(ThreadPoolExecutor.java:1074)&#10;        at java.util.concurrent.ThreadPoolExecutor.runWorker(ThreadPoolExecutor.java:1134)&#10;        at java.util.concurrent.ThreadPoolExecutor$Worker.run(ThreadPoolExecutor.java:624)&#10;        at java.lang.Thread.run(Thread.java:748)&#10;&quot;IPC Server handler 15 on 41091&quot; daemon prio=5 tid=131 timed_waiting&#10;java.lang.Thread.State: TIMED_WAITING&#10;        at sun.misc.Unsafe.park(Native Method)&#10;        at java.util.concurrent.locks.LockSupport.parkNanos(LockSupport.java:215)&#10;        at java.util.concurrent.locks.AbstractQueuedSynchronizer$ConditionObject.awaitNanos(AbstractQueuedSynchronizer.java:2078)&#10;        at java.util.concurrent.LinkedBlockingQueue.poll(LinkedBlockingQueue.java:467)&#10;        at org.apache.hadoop.ipc.CallQueueManager.take(CallQueueManager.java:288)&#10;        at org.apache.hadoop.ipc.Server$Handler.run(Server.java:2668)&#10;&quot;pool-46-thread-27&quot;  prio=5 tid=461 in Object.wait()&#10;java.lang.Thread.State: WAITING (on object monitor)&#10;        at sun.misc.Unsafe.park(Native Method)&#10;        at java.util.concurrent.locks.LockSupport.park(LockSupport.java:175)&#10;        at java.util.concurrent.locks.AbstractQueuedSynchronizer$ConditionObject.await(AbstractQueuedSynchronizer.java:2039)&#10;        at java.util.concurrent.ArrayBlockingQueue.take(ArrayBlockingQueue.java:403)&#10;        at java.util.concurrent.ThreadPoolExecutor.getTask(ThreadPoolExecutor.java:1074)&#10;        at java.util.concurrent.ThreadPoolExecutor.runWorker(ThreadPoolExecutor.java:1134)&#10;        at java.util.concurrent.ThreadPoolExecutor$Worker.run(ThreadPoolExecutor.java:624)&#10;        at java.lang.Thread.run(Thread.java:748)&#10;&quot;IPC Server listener on 35347&quot; daemon prio=5 tid=15 runnable&#10;java.lang.Thread.State: RUNNABLE&#10;        at sun.nio.ch.EPollArrayWrapper.epollWait(Native Method)&#10;        at sun.nio.ch.EPollArrayWrapper.poll(EPollArrayWrapper.java:269)&#10;        at sun.nio.ch.EPollSelectorImpl.doSelect(EPollSelectorImpl.java:93)&#10;        at sun.nio.ch.SelectorImpl.lockAndDoSelect(SelectorImpl.java:86)&#10;        at sun.nio.ch.SelectorImpl.select(SelectorImpl.java:97)&#10;        at sun.nio.ch.SelectorImpl.select(SelectorImpl.java:101)&#10;        at org.apache.hadoop.ipc.Server$Listener.run(Server.java:1159)&#10;&quot;pool-26-thread-17&quot;  prio=5 tid=346 in Object.wait()&#10;java.lang.Thread.State: WAITING (on object monitor)&#10;        at sun.misc.Unsafe.park(Native Method)&#10;        at java.util.concurrent.locks.LockSupport.park(LockSupport.java:175)&#10;        at java.util.concurrent.locks.AbstractQueuedSynchronizer$ConditionObject.await(AbstractQueuedSynchronizer.java:2039)&#10;        at java.util.concurrent.ArrayBlockingQueue.take(ArrayBlockingQueue.java:403)&#10;        at java.util.concurrent.ThreadPoolExecutor.getTask(ThreadPoolExecutor.java:1074)&#10;        at java.util.concurrent.ThreadPoolExecutor.runWorker(ThreadPoolExecutor.java:1134)&#10;        at java.util.concurrent.ThreadPoolExecutor$Worker.run(ThreadPoolExecutor.java:624)&#10;        at java.lang.Thread.run(Thread.java:748)&#10;&quot;IPC Server handler 10 on 41091&quot; daemon prio=5 tid=126 timed_waiting&#10;java.lang.Thread.State: TIMED_WAITING&#10;        at sun.misc.Unsafe.park(Native Method)&#10;        at java.util.concurrent.locks.LockSupport.parkNanos(LockSupport.java:215)&#10;        at java.util.concurrent.locks.AbstractQueuedSynchronizer$ConditionObject.awaitNanos(AbstractQueuedSynchronizer.java:2078)&#10;        at java.util.concurrent.LinkedBlockingQueue.poll(LinkedBlockingQueue.java:467)&#10;        at org.apache.hadoop.ipc.CallQueueManager.take(CallQueueManager.java:288)&#10;        at org.apache.hadoop.ipc.Server$Handler.run(Server.java:2668)&#10;&quot;org.eclipse.jetty.server.session.HashSessionManager@53b71fe4Timer&quot; daemon prio=5 tid=278 timed_waiting&#10;java.lang.Thread.State: TIMED_WAITING&#10;        at sun.misc.Unsafe.park(Native Method)&#10;        at java.util.concurrent.locks.LockSupport.parkNanos(LockSupport.java:215)&#10;        at java.util.concurrent.locks.AbstractQueuedSynchronizer$ConditionObject.awaitNanos(AbstractQueuedSynchronizer.java:2078)&#10;        at java.util.concurrent.ScheduledThreadPoolExecutor$DelayedWorkQueue.take(ScheduledThreadPoolExecutor.java:1093)&#10;        at java.util.concurrent.ScheduledThreadPoolExecutor$DelayedWorkQueue.take(ScheduledThreadPoolExecutor.java:809)&#10;        at java.util.concurrent.ThreadPoolExecutor.getTask(ThreadPoolExecutor.java:1074)&#10;        at java.util.concurrent.ThreadPoolExecutor.runWorker(ThreadPoolExecutor.java:1134)&#10;        at java.util.concurrent.ThreadPoolExecutor$Worker.run(ThreadPoolExecutor.java:624)&#10;        at java.lang.Thread.run(Thread.java:748)&#10;&quot;qtp668854338-91-acceptor-0@4e7e7db5-ServerConnector@51849229{HTTP/1.1,[http/1.1]}{0.0.0.0:37757}&quot; daemon prio=3 tid=91 runnable&#10;java.lang.Thread.State: RUNNABLE&#10;        at sun.nio.ch.ServerSocketChannelImpl.accept0(Native Method)&#10;        at sun.nio.ch.ServerSocketChannelImpl.accept(ServerSocketChannelImpl.java:422)&#10;        at sun.nio.ch.ServerSocketChannelImpl.accept(ServerSocketChannelImpl.java:250)&#10;        at org.eclipse.jetty.server.ServerConnector.accept(ServerConnector.java:397)&#10;        at org.eclipse.jetty.server.AbstractConnector$Acceptor.run(AbstractConnector.java:601)&#10;        at org.eclipse.jetty.util.thread.QueuedThreadPool.runJob(QueuedThreadPool.java:671)&#10;        at org.eclipse.jetty.util.thread.QueuedThreadPool$2.run(QueuedThreadPool.java:589)&#10;        at java.lang.Thread.run(Thread.java:748)&#10;&quot;pool-56-thread-39&quot;  prio=5 tid=538 in Object.wait()&#10;java.lang.Thread.State: WAITING (on object monitor)&#10;        at sun.misc.Unsafe.park(Native Method)&#10;        at java.util.concurrent.locks.LockSupport.park(LockSupport.java:175)&#10;        at java.util.concurrent.locks.AbstractQueuedSynchronizer$ConditionObject.await(AbstractQueuedSynchronizer.java:2039)&#10;        at java.util.concurrent.ArrayBlockingQueue.take(ArrayBlockingQueue.java:403)&#10;        at java.util.concurrent.ThreadPoolExecutor.getTask(ThreadPoolExecutor.java:1074)&#10;        at java.util.concurrent.ThreadPoolExecutor.runWorker(ThreadPoolExecutor.java:1134)&#10;        at java.util.concurrent.ThreadPoolExecutor$Worker.run(ThreadPoolExecutor.java:624)&#10;        at java.lang.Thread.run(Thread.java:748)&#10;&quot;IPC Server handler 19 on 35347&quot; daemon prio=5 tid=89 timed_waiting&#10;java.lang.Thread.State: TIMED_WAITING&#10;        at sun.misc.Unsafe.park(Native Method)&#10;        at java.util.concurrent.locks.LockSupport.parkNanos(LockSupport.java:215)&#10;        at java.util.concurrent.locks.AbstractQueuedSynchronizer$ConditionObject.awaitNanos(AbstractQueuedSynchronizer.java:2078)&#10;        at java.util.concurrent.LinkedBlockingQueue.poll(LinkedBlockingQueue.java:467)&#10;        at org.apache.hadoop.ipc.CallQueueManager.take(CallQueueManager.java:288)&#10;        at org.apache.hadoop.ipc.Server$Handler.run(Server.java:2668)&#10;&quot;pool-76-thread-58&quot;  prio=5 tid=683 in Object.wait()&#10;java.lang.Thread.State: WAITING (on object monitor)&#10;        at sun.misc.Unsafe.park(Native Method)&#10;        at java.util.concurrent.locks.LockSupport.park(LockSupport.java:175)&#10;        at java.util.concurrent.locks.AbstractQueuedSynchronizer$ConditionObject.await(AbstractQueuedSynchronizer.java:2039)&#10;        at java.util.concurrent.ArrayBlockingQueue.take(ArrayBlockingQueue.java:403)&#10;        at java.util.concurrent.ThreadPoolExecutor.getTask(ThreadPoolExecutor.java:1074)&#10;        at java.util.concurrent.ThreadPoolExecutor.runWorker(ThreadPoolExecutor.java:1134)&#10;        at java.util.concurrent.ThreadPoolExecutor$Worker.run(ThreadPoolExecutor.java:624)&#10;        at java.lang.Thread.run(Thread.java:748)&#10;&quot;pool-76-thread-40&quot;  prio=5 tid=665 in Object.wait()&#10;java.lang.Thread.State: WAITING (on object monitor)&#10;        at sun.misc.Unsafe.park(Native Method)&#10;        at java.util.concurrent.locks.LockSupport.park(LockSupport.java:175)&#10;        at java.util.concurrent.locks.AbstractQueuedSynchronizer$ConditionObject.await(AbstractQueuedSynchronizer.java:2039)&#10;        at java.util.concurrent.ArrayBlockingQueue.take(ArrayBlockingQueue.java:403)&#10;        at java.util.concurrent.ThreadPoolExecutor.getTask(ThreadPoolExecutor.java:1074)&#10;        at java.util.concurrent.ThreadPoolExecutor.runWorker(ThreadPoolExecutor.java:1134)&#10;        at java.util.concurrent.ThreadPoolExecutor$Worker.run(ThreadPoolExecutor.java:624)&#10;        at java.lang.Thread.run(Thread.java:748)&#10;&quot;IPC Server Responder&quot; daemon prio=5 tid=22 runnable&#10;java.lang.Thread.State: RUNNABLE&#10;        at sun.nio.ch.EPollArrayWrapper.epollWait(Native Method)&#10;        at sun.nio.ch.EPollArrayWrapper.poll(EPollArrayWrapper.java:269)&#10;        at sun.nio.ch.EPollSelectorImpl.doSelect(EPollSelectorImpl.java:93)&#10;        at sun.nio.ch.SelectorImpl.lockAndDoSelect(SelectorImpl.java:86)&#10;        at sun.nio.ch.SelectorImpl.select(SelectorImpl.java:97)&#10;        at org.apache.hadoop.ipc.Server$Responder.doRunLoop(Server.java:1334)&#10;        at org.apache.hadoop.ipc.Server$Responder.run(Server.java:1317)&#10;&quot;pool-76-thread-21&quot;  prio=5 tid=646 in Object.wait()&#10;java.lang.Thread.State: WAITING (on object monitor)&#10;        at sun.misc.Unsafe.park(Native Method)&#10;        at java.util.concurrent.locks.LockSupport.park(LockSupport.java:175)&#10;        at java.util.concurrent.locks.AbstractQueuedSynchronizer$ConditionObject.await(AbstractQueuedSynchronizer.java:2039)&#10;        at java.util.concurrent.ArrayBlockingQueue.take(ArrayBlockingQueue.java:403)&#10;        at java.util.concurrent.ThreadPoolExecutor.getTask(ThreadPoolExecutor.java:1074)&#10;        at java.util.concurrent.ThreadPoolExecutor.runWorker(ThreadPoolExecutor.java:1134)&#10;        at java.util.concurrent.ThreadPoolExecutor$Worker.run(ThreadPoolExecutor.java:624)&#10;        at java.lang.Thread.run(Thread.java:748)&#10;&quot;Thread-229&quot; daemon prio=5 tid=714 timed_waiting&#10;java.lang.Thread.State: TIMED_WAITING&#10;        at sun.misc.Unsafe.park(Native Method)&#10;        at java.util.concurrent.locks.LockSupport.parkNanos(LockSupport.java:215)&#10;        at java.util.concurrent.locks.AbstractQueuedSynchronizer$ConditionObject.awaitNanos(AbstractQueuedSynchronizer.java:2078)&#10;        at java.util.concurrent.ArrayBlockingQueue.poll(ArrayBlockingQueue.java:418)&#10;        at org.apache.ratis.server.impl.LeaderState$EventQueue.poll(LeaderState.java:115)&#10;        at org.apache.ratis.server.impl.LeaderState$EventProcessor.run(LeaderState.java:467)&#10;&quot;qtp2116606463-220&quot; daemon prio=5 tid=220 timed_waiting&#10;java.lang.Thread.State: TIMED_WAITING&#10;        at sun.misc.Unsafe.park(Native Method)&#10;        at java.util.concurrent.locks.LockSupport.parkNanos(LockSupport.java:215)&#10;        at java.util.concurrent.locks.AbstractQueuedSynchronizer$ConditionObject.awaitNanos(AbstractQueuedSynchronizer.java:2078)&#10;        at org.eclipse.jetty.util.BlockingArrayQueue.poll(BlockingArrayQueue.java:392)&#10;        at org.eclipse.jetty.util.thread.QueuedThreadPool.idleJobPoll(QueuedThreadPool.java:563)&#10;        at org.eclipse.jetty.util.thread.QueuedThreadPool.access$800(QueuedThreadPool.java:48)&#10;        at org.eclipse.jetty.util.thread.QueuedThreadPool$2.run(QueuedThreadPool.java:626)&#10;        at java.lang.Thread.run(Thread.java:748)&#10;&quot;pool-56-thread-40&quot;  prio=5 tid=539 in Object.wait()&#10;java.lang.Thread.State: WAITING (on object monitor)&#10;        at sun.misc.Unsafe.park(Native Method)&#10;        at java.util.concurrent.locks.LockSupport.park(LockSupport.java:175)&#10;        at java.util.concurrent.locks.AbstractQueuedSynchronizer$ConditionObject.await(AbstractQueuedSynchronizer.java:2039)&#10;        at java.util.concurrent.ArrayBlockingQueue.take(ArrayBlockingQueue.java:403)&#10;        at java.util.concurrent.ThreadPoolExecutor.getTask(ThreadPoolExecutor.java:1074)&#10;        at java.util.concurrent.ThreadPoolExecutor.runWorker(ThreadPoolExecutor.java:1134)&#10;        at java.util.concurrent.ThreadPoolExecutor$Worker.run(ThreadPoolExecutor.java:624)&#10;        at java.lang.Thread.run(Thread.java:748)&#10;&quot;metrics-hadoop-metrics2-reporter-20-thread-1&quot; daemon prio=5 tid=749 timed_waiting&#10;java.lang.Thread.State: TIMED_WAITING&#10;        at sun.misc.Unsafe.park(Native Method)&#10;        at java.util.concurrent.locks.LockSupport.parkNanos(LockSupport.java:215)&#10;        at java.util.concurrent.locks.AbstractQueuedSynchronizer$ConditionObject.awaitNanos(AbstractQueuedSynchronizer.java:2078)&#10;        at java.util.concurrent.ScheduledThreadPoolExecutor$DelayedWorkQueue.take(ScheduledThreadPoolExecutor.java:1093)&#10;        at java.util.concurrent.ScheduledThreadPoolExecutor$DelayedWorkQueue.take(ScheduledThreadPoolExecutor.java:809)&#10;        at java.util.concurrent.ThreadPoolExecutor.getTask(ThreadPoolExecutor.java:1074)&#10;        at java.util.concurrent.ThreadPoolExecutor.runWorker(ThreadPoolExecutor.java:1134)&#10;        at java.util.concurrent.ThreadPoolExecutor$Worker.run(ThreadPoolExecutor.java:624)&#10;        at java.lang.Thread.run(Thread.java:748)&#10;&quot;pool-66-thread-9&quot;  prio=5 tid=572 in Object.wait()&#10;java.lang.Thread.State: WAITING (on object monitor)&#10;        at sun.misc.Unsafe.park(Native Method)&#10;        at java.util.concurrent.locks.LockSupport.park(LockSupport.java:175)&#10;        at java.util.concurrent.locks.AbstractQueuedSynchronizer$ConditionObject.await(AbstractQueuedSynchronizer.java:2039)&#10;        at java.util.concurrent.ArrayBlockingQueue.take(ArrayBlockingQueue.java:403)&#10;        at java.util.concurrent.ThreadPoolExecutor.getTask(ThreadPoolExecutor.java:1074)&#10;        at java.util.concurrent.ThreadPoolExecutor.runWorker(ThreadPoolExecutor.java:1134)&#10;        at java.util.concurrent.ThreadPoolExecutor$Worker.run(ThreadPoolExecutor.java:624)&#10;        at java.lang.Thread.run(Thread.java:748)&#10;&quot;pool-66-thread-37&quot;  prio=5 tid=600 in Object.wait()&#10;java.lang.Thread.State: WAITING (on object monitor)&#10;        at sun.misc.Unsafe.park(Native Method)&#10;        at java.util.concurrent.locks.LockSupport.park(LockSupport.java:175)&#10;        at java.util.concurrent.locks.AbstractQueuedSynchronizer$ConditionObject.await(AbstractQueuedSynchronizer.java:2039)&#10;        at java.util.concurrent.ArrayBlockingQueue.take(ArrayBlockingQueue.java:403)&#10;        at java.util.concurrent.ThreadPoolExecutor.getTask(ThreadPoolExecutor.java:1074)&#10;        at java.util.concurrent.ThreadPoolExecutor.runWorker(ThreadPoolExecutor.java:1134)&#10;        at java.util.concurrent.ThreadPoolExecutor$Worker.run(ThreadPoolExecutor.java:624)&#10;        at java.lang.Thread.run(Thread.java:748)&#10;&quot;qtp2116606463-218&quot; daemon prio=5 tid=218 timed_waiting&#10;java.lang.Thread.State: TIMED_WAITING&#10;        at sun.misc.Unsafe.park(Native Method)&#10;        at java.util.concurrent.locks.LockSupport.parkNanos(LockSupport.java:215)&#10;        at java.util.concurrent.locks.AbstractQueuedSynchronizer$ConditionObject.awaitNanos(AbstractQueuedSynchronizer.java:2078)&#10;        at org.eclipse.jetty.util.BlockingArrayQueue.poll(BlockingArrayQueue.java:392)&#10;        at org.eclipse.jetty.util.thread.QueuedThreadPool.idleJobPoll(QueuedThreadPool.java:563)&#10;        at org.eclipse.jetty.util.thread.QueuedThreadPool.access$800(QueuedThreadPool.java:48)&#10;        at org.eclipse.jetty.util.thread.QueuedThreadPool$2.run(QueuedThreadPool.java:626)&#10;        at java.lang.Thread.run(Thread.java:748)&#10;&quot;IPC Server handler 3 on 33888&quot; daemon prio=5 tid=33 timed_waiting&#10;java.lang.Thread.State: TIMED_WAITING&#10;        at sun.misc.Unsafe.park(Native Method)&#10;        at java.util.concurrent.locks.LockSupport.parkNanos(LockSupport.java:215)&#10;        at java.util.concurrent.locks.AbstractQueuedSynchronizer$ConditionObject.awaitNanos(AbstractQueuedSynchronizer.java:2078)&#10;        at java.util.concurrent.LinkedBlockingQueue.poll(LinkedBlockingQueue.java:467)&#10;        at org.apache.hadoop.ipc.CallQueueManager.take(CallQueueManager.java:288)&#10;        at org.apache.hadoop.ipc.Server$Handler.run(Server.java:2668)&#10;&quot;IPC Server listener on 33888&quot; daemon prio=5 tid=23 runnable&#10;java.lang.Thread.State: RUNNABLE&#10;        at sun.nio.ch.EPollArrayWrapper.epollWait(Native Method)&#10;        at sun.nio.ch.EPollArrayWrapper.poll(EPollArrayWrapper.java:269)&#10;        at sun.nio.ch.EPollSelectorImpl.doSelect(EPollSelectorImpl.java:93)&#10;        at sun.nio.ch.SelectorImpl.lockAndDoSelect(SelectorImpl.java:86)&#10;        at sun.nio.ch.SelectorImpl.select(SelectorImpl.java:97)&#10;        at sun.nio.ch.SelectorImpl.select(SelectorImpl.java:101)&#10;        at org.apache.hadoop.ipc.Server$Listener.run(Server.java:1159)&#10;&quot;pool-56-thread-56&quot;  prio=5 tid=557 in Object.wait()&#10;java.lang.Thread.State: WAITING (on object monitor)&#10;        at sun.misc.Unsafe.park(Native Method)&#10;        at java.util.concurrent.locks.LockSupport.park(LockSupport.java:175)&#10;        at java.util.concurrent.locks.AbstractQueuedSynchronizer$ConditionObject.await(AbstractQueuedSynchronizer.java:2039)&#10;        at java.util.concurrent.ArrayBlockingQueue.take(ArrayBlockingQueue.java:403)&#10;        at java.util.concurrent.ThreadPoolExecutor.getTask(ThreadPoolExecutor.java:1074)&#10;        at java.util.concurrent.ThreadPoolExecutor.runWorker(ThreadPoolExecutor.java:1134)&#10;        at java.util.concurrent.ThreadPoolExecutor$Worker.run(ThreadPoolExecutor.java:624)&#10;        at java.lang.Thread.run(Thread.java:748)&#10;&quot;metrics-hadoop-metrics2-reporter-30-thread-1&quot; daemon prio=5 tid=778 timed_waiting&#10;java.lang.Thread.State: TIMED_WAITING&#10;        at sun.misc.Unsafe.park(Native Method)&#10;        at java.util.concurrent.locks.LockSupport.parkNanos(LockSupport.java:215)&#10;        at java.util.concurrent.locks.AbstractQueuedSynchronizer$ConditionObject.awaitNanos(AbstractQueuedSynchronizer.java:2078)&#10;        at java.util.concurrent.ScheduledThreadPoolExecutor$DelayedWorkQueue.take(ScheduledThreadPoolExecutor.java:1093)&#10;        at java.util.concurrent.ScheduledThreadPoolExecutor$DelayedWorkQueue.take(ScheduledThreadPoolExecutor.java:809)&#10;        at java.util.concurrent.ThreadPoolExecutor.getTask(ThreadPoolExecutor.java:1074)&#10;        at java.util.concurrent.ThreadPoolExecutor.runWorker(ThreadPoolExecutor.java:1134)&#10;        at java.util.concurrent.ThreadPoolExecutor$Worker.run(ThreadPoolExecutor.java:624)&#10;        at java.lang.Thread.run(Thread.java:748)&#10;&quot;pool-66-thread-51&quot;  prio=5 tid=614 in Object.wait()&#10;java.lang.Thread.State: WAITING (on object monitor)&#10;        at sun.misc.Unsafe.park(Native Method)&#10;        at java.util.concurrent.locks.LockSupport.park(LockSupport.java:175)&#10;        at java.util.concurrent.locks.AbstractQueuedSynchronizer$ConditionObject.await(AbstractQueuedSynchronizer.java:2039)&#10;        at java.util.concurrent.ArrayBlockingQueue.take(ArrayBlockingQueue.java:403)&#10;        at java.util.concurrent.ThreadPoolExecutor.getTask(ThreadPoolExecutor.java:1074)&#10;        at java.util.concurrent.ThreadPoolExecutor.runWorker(ThreadPoolExecutor.java:1134)&#10;        at java.util.concurrent.ThreadPoolExecutor$Worker.run(ThreadPoolExecutor.java:624)&#10;        at java.lang.Thread.run(Thread.java:748)&#10;&quot;Thread-235&quot; daemon prio=5 tid=731 timed_waiting&#10;java.lang.Thread.State: TIMED_WAITING&#10;        at sun.misc.Unsafe.park(Native Method)&#10;        at java.util.concurrent.locks.LockSupport.parkNanos(LockSupport.java:215)&#10;        at java.util.concurrent.locks.AbstractQueuedSynchronizer$ConditionObject.awaitNanos(AbstractQueuedSynchronizer.java:2078)&#10;        at java.util.concurrent.ArrayBlockingQueue.poll(ArrayBlockingQueue.java:418)&#10;        at org.apache.ratis.server.impl.LeaderState$EventQueue.poll(LeaderState.java:115)&#10;        at org.apache.ratis.server.impl.LeaderState$EventProcessor.run(LeaderState.java:467)&#10;&quot;pool-46-thread-31&quot;  prio=5 tid=465 in Object.wait()&#10;java.lang.Thread.State: WAITING (on object monitor)&#10;        at sun.misc.Unsafe.park(Native Method)&#10;        at java.util.concurrent.locks.LockSupport.park(LockSupport.java:175)&#10;        at java.util.concurrent.locks.AbstractQueuedSynchronizer$ConditionObject.await(AbstractQueuedSynchronizer.java:2039)&#10;        at java.util.concurrent.ArrayBlockingQueue.take(ArrayBlockingQueue.java:403)&#10;        at java.util.concurrent.ThreadPoolExecutor.getTask(ThreadPoolExecutor.java:1074)&#10;        at java.util.concurrent.ThreadPoolExecutor.runWorker(ThreadPoolExecutor.java:1134)&#10;        at java.util.concurrent.ThreadPoolExecutor$Worker.run(ThreadPoolExecutor.java:624)&#10;        at java.lang.Thread.run(Thread.java:748)&#10;&quot;pool-26-thread-45&quot;  prio=5 tid=404 in Object.wait()&#10;java.lang.Thread.State: WAITING (on object monitor)&#10;        at sun.misc.Unsafe.park(Native Method)&#10;        at java.util.concurrent.locks.LockSupport.park(LockSupport.java:175)&#10;        at java.util.concurrent.locks.AbstractQueuedSynchronizer$ConditionObject.await(AbstractQueuedSynchronizer.java:2039)&#10;        at java.util.concurrent.ArrayBlockingQueue.take(ArrayBlockingQueue.java:403)&#10;        at java.util.concurrent.ThreadPoolExecutor.getTask(ThreadPoolExecutor.java:1074)&#10;        at java.util.concurrent.ThreadPoolExecutor.runWorker(ThreadPoolExecutor.java:1134)&#10;        at java.util.concurrent.ThreadPoolExecutor$Worker.run(ThreadPoolExecutor.java:624)&#10;        at java.lang.Thread.run(Thread.java:748)&#10;&quot;pool-26-thread-9&quot;  prio=5 tid=329 in Object.wait()&#10;java.lang.Thread.State: WAITING (on object monitor)&#10;        at sun.misc.Unsafe.park(Native Method)&#10;        at java.util.concurrent.locks.LockSupport.park(LockSupport.java:175)&#10;        at java.util.concurrent.locks.AbstractQueuedSynchronizer$ConditionObject.await(AbstractQueuedSynchronizer.java:2039)&#10;        at java.util.concurrent.ArrayBlockingQueue.take(ArrayBlockingQueue.java:403)&#10;        at java.util.concurrent.ThreadPoolExecutor.getTask(ThreadPoolExecutor.java:1074)&#10;        at java.util.concurrent.ThreadPoolExecutor.runWorker(ThreadPoolExecutor.java:1134)&#10;        at java.util.concurrent.ThreadPoolExecutor$Worker.run(ThreadPoolExecutor.java:624)&#10;        at java.lang.Thread.run(Thread.java:748)&#10;&quot;qtp693544819-247&quot; daemon prio=5 tid=247 timed_waiting&#10;java.lang.Thread.State: TIMED_WAITING&#10;        at sun.misc.Unsafe.park(Native Method)&#10;        at java.util.concurrent.locks.LockSupport.parkNanos(LockSupport.java:215)&#10;        at java.util.concurrent.locks.AbstractQueuedSynchronizer$ConditionObject.awaitNanos(AbstractQueuedSynchronizer.java:2078)&#10;        at org.eclipse.jetty.util.BlockingArrayQueue.poll(BlockingArrayQueue.java:392)&#10;        at org.eclipse.jetty.util.thread.QueuedThreadPool.idleJobPoll(QueuedThreadPool.java:563)&#10;        at org.eclipse.jetty.util.thread.QueuedThreadPool.access$800(QueuedThreadPool.java:48)&#10;        at org.eclipse.jetty.util.thread.QueuedThreadPool$2.run(QueuedThreadPool.java:626)&#10;        at java.lang.Thread.run(Thread.java:748)&#10;&quot;pool-56-thread-49&quot;  prio=5 tid=550 in Object.wait()&#10;java.lang.Thread.State: WAITING (on object monitor)&#10;        at sun.misc.Unsafe.park(Native Method)&#10;        at java.util.concurrent.locks.LockSupport.park(LockSupport.java:175)&#10;        at java.util.concurrent.locks.AbstractQueuedSynchronizer$ConditionObject.await(AbstractQueuedSynchronizer.java:2039)&#10;        at java.util.concurrent.ArrayBlockingQueue.take(ArrayBlockingQueue.java:403)&#10;        at java.util.concurrent.ThreadPoolExecutor.getTask(ThreadPoolExecutor.java:1074)&#10;        at java.util.concurrent.ThreadPoolExecutor.runWorker(ThreadPoolExecutor.java:1134)&#10;        at java.util.concurrent.ThreadPoolExecutor$Worker.run(ThreadPoolExecutor.java:624)&#10;        at java.lang.Thread.run(Thread.java:748)&#10;&quot;pool-46-thread-8&quot;  prio=5 tid=442 in Object.wait()&#10;java.lang.Thread.State: WAITING (on object monitor)&#10;        at sun.misc.Unsafe.park(Native Method)&#10;        at java.util.concurrent.locks.LockSupport.park(LockSupport.java:175)&#10;        at java.util.concurrent.locks.AbstractQueuedSynchronizer$ConditionObject.await(AbstractQueuedSynchronizer.java:2039)&#10;        at java.util.concurrent.ArrayBlockingQueue.take(ArrayBlockingQueue.java:403)&#10;        at java.util.concurrent.ThreadPoolExecutor.getTask(ThreadPoolExecutor.java:1074)&#10;        at java.util.concurrent.ThreadPoolExecutor.runWorker(ThreadPoolExecutor.java:1134)&#10;        at java.util.concurrent.ThreadPoolExecutor$Worker.run(ThreadPoolExecutor.java:624)&#10;        at java.lang.Thread.run(Thread.java:748)&#10;&quot;metrics-hadoop-metrics2-reporter-14-thread-1&quot; daemon prio=5 tid=734 timed_waiting&#10;java.lang.Thread.State: TIMED_WAITING&#10;        at sun.misc.Unsafe.park(Native Method)&#10;        at java.util.concurrent.locks.LockSupport.parkNanos(LockSupport.java:215)&#10;        at java.util.concurrent.locks.AbstractQueuedSynchronizer$ConditionObject.awaitNanos(AbstractQueuedSynchronizer.java:2078)&#10;        at java.util.concurrent.ScheduledThreadPoolExecutor$DelayedWorkQueue.take(ScheduledThreadPoolExecutor.java:1093)&#10;        at java.util.concurrent.ScheduledThreadPoolExecutor$DelayedWorkQueue.take(ScheduledThreadPoolExecutor.java:809)&#10;        at java.util.concurrent.ThreadPoolExecutor.getTask(ThreadPoolExecutor.java:1074)&#10;        at java.util.concurrent.ThreadPoolExecutor.runWorker(ThreadPoolExecutor.java:1134)&#10;        at java.util.concurrent.ThreadPoolExecutor$Worker.run(ThreadPoolExecutor.java:624)&#10;        at java.lang.Thread.run(Thread.java:748)&#10;&quot;EventQueue-NodeRegistrationContainerReportForContainerSafeModeRule&quot; daemon prio=5 tid=692 in Object.wait()&#10;java.lang.Thread.State: WAITING (on object monitor)&#10;        at sun.misc.Unsafe.park(Native Method)&#10;        at java.util.concurrent.locks.LockSupport.park(LockSupport.java:175)&#10;        at java.util.concurrent.locks.AbstractQueuedSynchronizer$ConditionObject.await(AbstractQueuedSynchronizer.java:2039)&#10;        at java.util.concurrent.LinkedBlockingQueue.take(LinkedBlockingQueue.java:442)&#10;        at java.util.concurrent.ThreadPoolExecutor.getTask(ThreadPoolExecutor.java:1074)&#10;        at java.util.concurrent.ThreadPoolExecutor.runWorker(ThreadPoolExecutor.java:1134)&#10;        at java.util.concurrent.ThreadPoolExecutor$Worker.run(ThreadPoolExecutor.java:624)&#10;        at java.lang.Thread.run(Thread.java:748)&#10;&quot;pool-46-thread-4&quot;  prio=5 tid=438 in Object.wait()&#10;java.lang.Thread.State: WAITING (on object monitor)&#10;        at sun.misc.Unsafe.park(Native Method)&#10;        at java.util.concurrent.locks.LockSupport.park(LockSupport.java:175)&#10;        at java.util.concurrent.locks.AbstractQueuedSynchronizer$ConditionObject.await(AbstractQueuedSynchronizer.java:2039)&#10;        at java.util.concurrent.ArrayBlockingQueue.take(ArrayBlockingQueue.java:403)&#10;        at java.util.concurrent.ThreadPoolExecutor.getTask(ThreadPoolExecutor.java:1074)&#10;        at java.util.concurrent.ThreadPoolExecutor.runWorker(ThreadPoolExecutor.java:1134)&#10;        at java.util.concurrent.ThreadPoolExecutor$Worker.run(ThreadPoolExecutor.java:624)&#10;        at java.lang.Thread.run(Thread.java:748)&#10;&quot;pool-66-thread-6&quot;  prio=5 tid=569 in Object.wait()&#10;java.lang.Thread.State: WAITING (on object monitor)&#10;        at sun.misc.Unsafe.park(Native Method)&#10;        at java.util.concurrent.locks.LockSupport.park(LockSupport.java:175)&#10;        at java.util.concurrent.locks.AbstractQueuedSynchronizer$ConditionObject.await(AbstractQueuedSynchronizer.java:2039)&#10;        at java.util.concurrent.ArrayBlockingQueue.take(ArrayBlockingQueue.java:403)&#10;        at java.util.concurrent.ThreadPoolExecutor.getTask(ThreadPoolExecutor.java:1074)&#10;        at java.util.concurrent.ThreadPoolExecutor.runWorker(ThreadPoolExecutor.java:1134)&#10;        at java.util.concurrent.ThreadPoolExecutor$Worker.run(ThreadPoolExecutor.java:624)&#10;        at java.lang.Thread.run(Thread.java:748)&#10;&quot;pool-57-thread-1&quot;  prio=5 tid=713 in Object.wait()&#10;java.lang.Thread.State: WAITING (on object monitor)&#10;        at sun.misc.Unsafe.park(Native Method)&#10;        at java.util.concurrent.locks.LockSupport.park(LockSupport.java:175)&#10;        at java.util.concurrent.locks.AbstractQueuedSynchronizer$ConditionObject.await(AbstractQueuedSynchronizer.java:2039)&#10;        at java.util.concurrent.LinkedBlockingQueue.take(LinkedBlockingQueue.java:442)&#10;        at java.util.concurrent.ThreadPoolExecutor.getTask(ThreadPoolExecutor.java:1074)&#10;        at java.util.concurrent.ThreadPoolExecutor.runWorker(ThreadPoolExecutor.java:1134)&#10;        at java.util.concurrent.ThreadPoolExecutor$Worker.run(ThreadPoolExecutor.java:624)&#10;        at java.lang.Thread.run(Thread.java:748)&#10;&quot;pool-56-thread-44&quot;  prio=5 tid=545 in Object.wait()&#10;java.lang.Thread.State: WAITING (on object monitor)&#10;        at sun.misc.Unsafe.park(Native Method)&#10;        at java.util.concurrent.locks.LockSupport.park(LockSupport.java:175)&#10;        at java.util.concurrent.locks.AbstractQueuedSynchronizer$ConditionObject.await(AbstractQueuedSynchronizer.java:2039)&#10;        at java.util.concurrent.ArrayBlockingQueue.take(ArrayBlockingQueue.java:403)&#10;        at java.util.concurrent.ThreadPoolExecutor.getTask(ThreadPoolExecutor.java:1074)&#10;        at java.util.concurrent.ThreadPoolExecutor.runWorker(ThreadPoolExecutor.java:1134)&#10;        at java.util.concurrent.ThreadPoolExecutor$Worker.run(ThreadPoolExecutor.java:624)&#10;        at java.lang.Thread.run(Thread.java:748)&#10;&quot;metrics-hadoop-metrics2-reporter-56-thread-1&quot; daemon prio=5 tid=914 timed_waiting&#10;java.lang.Thread.State: TIMED_WAITING&#10;        at sun.misc.Unsafe.park(Native Method)&#10;        at java.util.concurrent.locks.LockSupport.parkNanos(LockSupport.java:215)&#10;        at java.util.concurrent.locks.AbstractQueuedSynchronizer$ConditionObject.awaitNanos(AbstractQueuedSynchronizer.java:2078)&#10;        at java.util.concurrent.ScheduledThreadPoolExecutor$DelayedWorkQueue.take(ScheduledThreadPoolExecutor.java:1093)&#10;        at java.util.concurrent.ScheduledThreadPoolExecutor$DelayedWorkQueue.take(ScheduledThreadPoolExecutor.java:809)&#10;        at java.util.concurrent.ThreadPoolExecutor.getTask(ThreadPoolExecutor.java:1074)&#10;        at java.util.concurrent.ThreadPoolExecutor.runWorker(ThreadPoolExecutor.java:1134)&#10;        at java.util.concurrent.ThreadPoolExecutor$Worker.run(ThreadPoolExecutor.java:624)&#10;        at java.lang.Thread.run(Thread.java:748)&#10;&quot;pool-66-thread-17&quot;  prio=5 tid=580 in Object.wait()&#10;java.lang.Thread.State: WAITING (on object monitor)&#10;        at sun.misc.Unsafe.park(Native Method)&#10;        at java.util.concurrent.locks.LockSupport.park(LockSupport.java:175)&#10;        at java.util.concurrent.locks.AbstractQueuedSynchronizer$ConditionObject.await(AbstractQueuedSynchronizer.java:2039)&#10;        at java.util.concurrent.ArrayBlockingQueue.take(ArrayBlockingQueue.java:403)&#10;        at java.util.concurrent.ThreadPoolExecutor.getTask(ThreadPoolExecutor.java:1074)&#10;        at java.util.concurrent.ThreadPoolExecutor.runWorker(ThreadPoolExecutor.java:1134)&#10;        at java.util.concurrent.ThreadPoolExecutor$Worker.run(ThreadPoolExecutor.java:624)&#10;        at java.lang.Thread.run(Thread.java:748)&#10;&quot;pool-36-thread-56&quot;  prio=5 tid=424 in Object.wait()&#10;java.lang.Thread.State: WAITING (on object monitor)&#10;        at sun.misc.Unsafe.park(Native Method)&#10;        at java.util.concurrent.locks.LockSupport.park(LockSupport.java:175)&#10;        at java.util.concurrent.locks.AbstractQueuedSynchronizer$ConditionObject.await(AbstractQueuedSynchronizer.java:2039)&#10;        at java.util.concurrent.ArrayBlockingQueue.take(ArrayBlockingQueue.java:403)&#10;        at java.util.concurrent.ThreadPoolExecutor.getTask(ThreadPoolExecutor.java:1074)&#10;        at java.util.concurrent.ThreadPoolExecutor.runWorker(ThreadPoolExecutor.java:1134)&#10;        at java.util.concurrent.ThreadPoolExecutor$Worker.run(ThreadPoolExecutor.java:624)&#10;        at java.lang.Thread.run(Thread.java:748)&#10;&quot;metrics-hadoop-metrics2-reporter-48-thread-1&quot; daemon prio=5 tid=866 timed_waiting&#10;java.lang.Thread.State: TIMED_WAITING&#10;        at sun.misc.Unsafe.park(Native Method)&#10;        at java.util.concurrent.locks.LockSupport.parkNanos(LockSupport.java:215)&#10;        at java.util.concurrent.locks.AbstractQueuedSynchronizer$ConditionObject.awaitNanos(AbstractQueuedSynchronizer.java:2078)&#10;        at java.util.concurrent.ScheduledThreadPoolExecutor$DelayedWorkQueue.take(ScheduledThreadPoolExecutor.java:1093)&#10;        at java.util.concurrent.ScheduledThreadPoolExecutor$DelayedWorkQueue.take(ScheduledThreadPoolExecutor.java:809)&#10;        at java.util.concurrent.ThreadPoolExecutor.getTask(ThreadPoolExecutor.java:1074)&#10;        at java.util.concurrent.ThreadPoolExecutor.runWorker(ThreadPoolExecutor.java:1134)&#10;        at java.util.concurrent.ThreadPoolExecutor$Worker.run(ThreadPoolExecutor.java:624)&#10;        at java.lang.Thread.run(Thread.java:748)&#10;&quot;IPC Server handler 16 on 33440&quot; daemon prio=5 tid=66 timed_waiting&#10;java.lang.Thread.State: TIMED_WAITING&#10;        at sun.misc.Unsafe.park(Native Method)&#10;        at java.util.concurrent.locks.LockSupport.parkNanos(LockSupport.java:215)&#10;        at java.util.concurrent.locks.AbstractQueuedSynchronizer$ConditionObject.awaitNanos(AbstractQueuedSynchronizer.java:2078)&#10;        at java.util.concurrent.LinkedBlockingQueue.poll(LinkedBlockingQueue.java:467)&#10;        at org.apache.hadoop.ipc.CallQueueManager.take(CallQueueManager.java:288)&#10;        at org.apache.hadoop.ipc.Server$Handler.run(Server.java:2668)&#10;&quot;pool-36-thread-6&quot;  prio=5 tid=328 in Object.wait()&#10;java.lang.Thread.State: WAITING (on object monitor)&#10;        at sun.misc.Unsafe.park(Native Method)&#10;        at java.util.concurrent.locks.LockSupport.park(LockSupport.java:175)&#10;        at java.util.concurrent.locks.AbstractQueuedSynchronizer$ConditionObject.await(AbstractQueuedSynchronizer.java:2039)&#10;        at java.util.concurrent.ArrayBlockingQueue.take(ArrayBlockingQueue.java:403)&#10;        at java.util.concurrent.ThreadPoolExecutor.getTask(ThreadPoolExecutor.java:1074)&#10;        at java.util.concurrent.ThreadPoolExecutor.runWorker(ThreadPoolExecutor.java:1134)&#10;        at java.util.concurrent.ThreadPoolExecutor$Worker.run(ThreadPoolExecutor.java:624)&#10;        at java.lang.Thread.run(Thread.java:748)&#10;&quot;Datanode ReportManager Thread - 2&quot; daemon prio=5 tid=282 in Object.wait()&#10;java.lang.Thread.State: WAITING (on object monitor)&#10;        at sun.misc.Unsafe.park(Native Method)&#10;        at java.util.concurrent.locks.LockSupport.park(LockSupport.java:175)&#10;        at java.util.concurrent.locks.AbstractQueuedSynchronizer$ConditionObject.await(AbstractQueuedSynchronizer.java:2039)&#10;        at java.util.concurrent.ScheduledThreadPoolExecutor$DelayedWorkQueue.take(ScheduledThreadPoolExecutor.java:1088)&#10;        at java.util.concurrent.ScheduledThreadPoolExecutor$DelayedWorkQueue.take(ScheduledThreadPoolExecutor.java:809)&#10;        at java.util.concurrent.ThreadPoolExecutor.getTask(ThreadPoolExecutor.java:1074)&#10;        at java.util.concurrent.ThreadPoolExecutor.runWorker(ThreadPoolExecutor.java:1134)&#10;        at java.util.concurrent.ThreadPoolExecutor$Worker.run(ThreadPoolExecutor.java:624)&#10;        at java.lang.Thread.run(Thread.java:748)&#10;&quot;pool-66-thread-50&quot;  prio=5 tid=613 in Object.wait()&#10;java.lang.Thread.State: WAITING (on object monitor)&#10;        at sun.misc.Unsafe.park(Native Method)&#10;        at java.util.concurrent.locks.LockSupport.park(LockSupport.java:175)&#10;        at java.util.concurrent.locks.AbstractQueuedSynchronizer$ConditionObject.await(AbstractQueuedSynchronizer.java:2039)&#10;        at java.util.concurrent.ArrayBlockingQueue.take(ArrayBlockingQueue.java:403)&#10;        at java.util.concurrent.ThreadPoolExecutor.getTask(ThreadPoolExecutor.java:1074)&#10;        at java.util.concurrent.ThreadPoolExecutor.runWorker(ThreadPoolExecutor.java:1134)&#10;        at java.util.concurrent.ThreadPoolExecutor$Worker.run(ThreadPoolExecutor.java:624)&#10;        at java.lang.Thread.run(Thread.java:748)&#10;&quot;pool-56-thread-46&quot;  prio=5 tid=547 in Object.wait()&#10;java.lang.Thread.State: WAITING (on object monitor)&#10;        at sun.misc.Unsafe.park(Native Method)&#10;        at java.util.concurrent.locks.LockSupport.park(LockSupport.java:175)&#10;        at java.util.concurrent.locks.AbstractQueuedSynchronizer$ConditionObject.await(AbstractQueuedSynchronizer.java:2039)&#10;        at java.util.concurrent.ArrayBlockingQueue.take(ArrayBlockingQueue.java:403)&#10;        at java.util.concurrent.ThreadPoolExecutor.getTask(ThreadPoolExecutor.java:1074)&#10;        at java.util.concurrent.ThreadPoolExecutor.runWorker(ThreadPoolExecutor.java:1134)&#10;        at java.util.concurrent.ThreadPoolExecutor$Worker.run(ThreadPoolExecutor.java:624)&#10;        at java.lang.Thread.run(Thread.java:748)&#10;&quot;pool-46-thread-50&quot;  prio=5 tid=484 in Object.wait()&#10;java.lang.Thread.State: WAITING (on object monitor)&#10;        at sun.misc.Unsafe.park(Native Method)&#10;        at java.util.concurrent.locks.LockSupport.park(LockSupport.java:175)&#10;        at java.util.concurrent.locks.AbstractQueuedSynchronizer$ConditionObject.await(AbstractQueuedSynchronizer.java:2039)&#10;        at java.util.concurrent.ArrayBlockingQueue.take(ArrayBlockingQueue.java:403)&#10;        at java.util.concurrent.ThreadPoolExecutor.getTask(ThreadPoolExecutor.java:1074)&#10;        at java.util.concurrent.ThreadPoolExecutor.runWorker(ThreadPoolExecutor.java:1134)&#10;        at java.util.concurrent.ThreadPoolExecutor$Worker.run(ThreadPoolExecutor.java:624)&#10;        at java.lang.Thread.run(Thread.java:748)&#10;&quot;3d3aac8b-d4d1-454d-bf0c-88a180692893@group-D06B23CFB148-SegmentedRaftLogWorker&quot;  prio=5 tid=762 timed_waiting&#10;java.lang.Thread.State: TIMED_WAITING&#10;        at sun.misc.Unsafe.park(Native Method)&#10;        at java.util.concurrent.locks.LockSupport.parkNanos(LockSupport.java:215)&#10;        at java.util.concurrent.locks.AbstractQueuedSynchronizer$ConditionObject.awaitNanos(AbstractQueuedSynchronizer.java:2078)&#10;        at org.apache.ratis.util.DataBlockingQueue.poll(DataBlockingQueue.java:137)&#10;        at org.apache.ratis.server.raftlog.segmented.SegmentedRaftLogWorker.run(SegmentedRaftLogWorker.java:282)&#10;        at java.lang.Thread.run(Thread.java:748)&#10;&quot;3d3aac8b-d4d1-454d-bf0c-88a180692893@group-D06B23CFB148-StateMachineUpdater&quot; daemon prio=5 tid=763 in Object.wait()&#10;java.lang.Thread.State: WAITING (on object monitor)&#10;        at java.lang.Object.wait(Native Method)&#10;        at java.lang.Object.wait(Object.java:502)&#10;        at org.apache.ratis.server.impl.StateMachineUpdater.waitForCommit(StateMachineUpdater.java:194)&#10;        at org.apache.ratis.server.impl.StateMachineUpdater.run(StateMachineUpdater.java:159)&#10;        at java.lang.Thread.run(Thread.java:748)&#10;&quot;pool-46-thread-54&quot;  prio=5 tid=488 in Object.wait()&#10;java.lang.Thread.State: WAITING (on object monitor)&#10;        at sun.misc.Unsafe.park(Native Method)&#10;        at java.util.concurrent.locks.LockSupport.park(LockSupport.java:175)&#10;        at java.util.concurrent.locks.AbstractQueuedSynchronizer$ConditionObject.await(AbstractQueuedSynchronizer.java:2039)&#10;        at java.util.concurrent.ArrayBlockingQueue.take(ArrayBlockingQueue.java:403)&#10;        at java.util.concurrent.ThreadPoolExecutor.getTask(ThreadPoolExecutor.java:1074)&#10;        at java.util.concurrent.ThreadPoolExecutor.runWorker(ThreadPoolExecutor.java:1134)&#10;        at java.util.concurrent.ThreadPoolExecutor$Worker.run(ThreadPoolExecutor.java:624)&#10;        at java.lang.Thread.run(Thread.java:748)&#10;&quot;metrics-hadoop-metrics2-reporter-41-thread-1&quot; daemon prio=5 tid=825 timed_waiting&#10;java.lang.Thread.State: TIMED_WAITING&#10;        at sun.misc.Unsafe.park(Native Method)&#10;        at java.util.concurrent.locks.LockSupport.parkNanos(LockSupport.java:215)&#10;        at java.util.concurrent.locks.AbstractQueuedSynchronizer$ConditionObject.awaitNanos(AbstractQueuedSynchronizer.java:2078)&#10;        at java.util.concurrent.ScheduledThreadPoolExecutor$DelayedWorkQueue.take(ScheduledThreadPoolExecutor.java:1093)&#10;        at java.util.concurrent.ScheduledThreadPoolExecutor$DelayedWorkQueue.take(ScheduledThreadPoolExecutor.java:809)&#10;        at java.util.concurrent.ThreadPoolExecutor.getTask(ThreadPoolExecutor.java:1074)&#10;        at java.util.concurrent.ThreadPoolExecutor.runWorker(ThreadPoolExecutor.java:1134)&#10;        at java.util.concurrent.ThreadPoolExecutor$Worker.run(ThreadPoolExecutor.java:624)&#10;        at java.lang.Thread.run(Thread.java:748)&#10;&quot;BlockDeletingService#0&quot; daemon prio=5 tid=624 timed_waiting&#10;java.lang.Thread.State: TIMED_WAITING&#10;        at sun.misc.Unsafe.park(Native Method)&#10;        at java.util.concurrent.locks.LockSupport.parkNanos(LockSupport.java:215)&#10;        at java.util.concurrent.locks.AbstractQueuedSynchronizer$ConditionObject.awaitNanos(AbstractQueuedSynchronizer.java:2078)&#10;        at java.util.concurrent.ScheduledThreadPoolExecutor$DelayedWorkQueue.take(ScheduledThreadPoolExecutor.java:1093)&#10;        at java.util.concurrent.ScheduledThreadPoolExecutor$DelayedWorkQueue.take(ScheduledThreadPoolExecutor.java:809)&#10;        at java.util.concurrent.ThreadPoolExecutor.getTask(ThreadPoolExecutor.java:1074)&#10;        at java.util.concurrent.ThreadPoolExecutor.runWorker(ThreadPoolExecutor.java:1134)&#10;        at java.util.concurrent.ThreadPoolExecutor$Worker.run(ThreadPoolExecutor.java:624)&#10;        at java.lang.Thread.run(Thread.java:748)&#10;&quot;pool-56-thread-19&quot;  prio=5 tid=517 in Object.wait()&#10;java.lang.Thread.State: WAITING (on object monitor)&#10;        at sun.misc.Unsafe.park(Native Method)&#10;        at java.util.concurrent.locks.LockSupport.park(LockSupport.java:175)&#10;        at java.util.concurrent.locks.AbstractQueuedSynchronizer$ConditionObject.await(AbstractQueuedSynchronizer.java:2039)&#10;        at java.util.concurrent.ArrayBlockingQueue.take(ArrayBlockingQueue.java:403)&#10;        at java.util.concurrent.ThreadPoolExecutor.getTask(ThreadPoolExecutor.java:1074)&#10;        at java.util.concurrent.ThreadPoolExecutor.runWorker(ThreadPoolExecutor.java:1134)&#10;        at java.util.concurrent.ThreadPoolExecutor$Worker.run(ThreadPoolExecutor.java:624)&#10;        at java.lang.Thread.run(Thread.java:748)&#10;&quot;grpc-default-executor-3&quot; daemon prio=5 tid=805 timed_waiting&#10;java.lang.Thread.State: TIMED_WAITING&#10;        at sun.misc.Unsafe.park(Native Method)&#10;        at java.util.concurrent.locks.LockSupport.parkNanos(LockSupport.java:215)&#10;        at java.util.concurrent.SynchronousQueue$TransferStack.awaitFulfill(SynchronousQueue.java:460)&#10;        at java.util.concurrent.SynchronousQueue$TransferStack.transfer(SynchronousQueue.java:362)&#10;        at java.util.concurrent.SynchronousQueue.poll(SynchronousQueue.java:941)&#10;        at java.util.concurrent.ThreadPoolExecutor.getTask(ThreadPoolExecutor.java:1073)&#10;        at java.util.concurrent.ThreadPoolExecutor.runWorker(ThreadPoolExecutor.java:1134)&#10;        at java.util.concurrent.ThreadPoolExecutor$Worker.run(ThreadPoolExecutor.java:624)&#10;        at java.lang.Thread.run(Thread.java:748)&#10;&quot;pool-34-thread-1&quot; daemon prio=5 tid=184 timed_waiting&#10;java.lang.Thread.State: TIMED_WAITING&#10;        at sun.misc.Unsafe.park(Native Method)&#10;        at java.util.concurrent.locks.LockSupport.parkNanos(LockSupport.java:215)&#10;        at java.util.concurrent.locks.AbstractQueuedSynchronizer$ConditionObject.awaitNanos(AbstractQueuedSynchronizer.java:2078)&#10;        at java.util.concurrent.ScheduledThreadPoolExecutor$DelayedWorkQueue.take(ScheduledThreadPoolExecutor.java:1093)&#10;        at java.util.concurrent.ScheduledThreadPoolExecutor$DelayedWorkQueue.take(ScheduledThreadPoolExecutor.java:809)&#10;        at java.util.concurrent.ThreadPoolExecutor.getTask(ThreadPoolExecutor.java:1074)&#10;        at java.util.concurrent.ThreadPoolExecutor.runWorker(ThreadPoolExecutor.java:1134)&#10;        at java.util.concurrent.ThreadPoolExecutor$Worker.run(ThreadPoolExecutor.java:624)&#10;        at java.lang.Thread.run(Thread.java:748)&#10;&quot;pool-76-thread-23&quot;  prio=5 tid=648 in Object.wait()&#10;java.lang.Thread.State: WAITING (on object monitor)&#10;        at sun.misc.Unsafe.park(Native Method)&#10;        at java.util.concurrent.locks.LockSupport.park(LockSupport.java:175)&#10;        at java.util.concurrent.locks.AbstractQueuedSynchronizer$ConditionObject.await(AbstractQueuedSynchronizer.java:2039)&#10;        at java.util.concurrent.ArrayBlockingQueue.take(ArrayBlockingQueue.java:403)&#10;        at java.util.concurrent.ThreadPoolExecutor.getTask(ThreadPoolExecutor.java:1074)&#10;        at java.util.concurrent.ThreadPoolExecutor.runWorker(ThreadPoolExecutor.java:1134)&#10;        at java.util.concurrent.ThreadPoolExecutor$Worker.run(ThreadPoolExecutor.java:624)&#10;        at java.lang.Thread.run(Thread.java:748)&#10;&quot;IPC Server handler 12 on 41091&quot; daemon prio=5 tid=128 timed_waiting&#10;java.lang.Thread.State: TIMED_WAITING&#10;        at sun.misc.Unsafe.park(Native Method)&#10;        at java.util.concurrent.locks.LockSupport.parkNanos(LockSupport.java:215)&#10;        at java.util.concurrent.locks.AbstractQueuedSynchronizer$ConditionObject.awaitNanos(AbstractQueuedSynchronizer.java:2078)&#10;        at java.util.concurrent.LinkedBlockingQueue.poll(LinkedBlockingQueue.java:467)&#10;        at org.apache.hadoop.ipc.CallQueueManager.take(CallQueueManager.java:288)&#10;        at org.apache.hadoop.ipc.Server$Handler.run(Server.java:2668)&#10;&quot;pool-46-thread-6&quot;  prio=5 tid=440 in Object.wait()&#10;java.lang.Thread.State: WAITING (on object monitor)&#10;        at sun.misc.Unsafe.park(Native Method)&#10;        at java.util.concurrent.locks.LockSupport.park(LockSupport.java:175)&#10;        at java.util.concurrent.locks.AbstractQueuedSynchronizer$ConditionObject.await(AbstractQueuedSynchronizer.java:2039)&#10;        at java.util.concurrent.ArrayBlockingQueue.take(ArrayBlockingQueue.java:403)&#10;        at java.util.concurrent.ThreadPoolExecutor.getTask(ThreadPoolExecutor.java:1074)&#10;        at java.util.concurrent.ThreadPoolExecutor.runWorker(ThreadPoolExecutor.java:1134)&#10;        at java.util.concurrent.ThreadPoolExecutor$Worker.run(ThreadPoolExecutor.java:624)&#10;        at java.lang.Thread.run(Thread.java:748)&#10;&quot;pool-76-thread-36&quot;  prio=5 tid=661 in Object.wait()&#10;java.lang.Thread.State: WAITING (on object monitor)&#10;        at sun.misc.Unsafe.park(Native Method)&#10;        at java.util.concurrent.locks.LockSupport.park(LockSupport.java:175)&#10;        at java.util.concurrent.locks.AbstractQueuedSynchronizer$ConditionObject.await(AbstractQueuedSynchronizer.java:2039)&#10;        at java.util.concurrent.ArrayBlockingQueue.take(ArrayBlockingQueue.java:403)&#10;        at java.util.concurrent.ThreadPoolExecutor.getTask(ThreadPoolExecutor.java:1074)&#10;        at java.util.concurrent.ThreadPoolExecutor.runWorker(ThreadPoolExecutor.java:1134)&#10;        at java.util.concurrent.ThreadPoolExecutor$Worker.run(ThreadPoolExecutor.java:624)&#10;        at java.lang.Thread.run(Thread.java:748)&#10;&quot;pool-56-thread-48&quot;  prio=5 tid=549 in Object.wait()&#10;java.lang.Thread.State: WAITING (on object monitor)&#10;        at sun.misc.Unsafe.park(Native Method)&#10;        at java.util.concurrent.locks.LockSupport.park(LockSupport.java:175)&#10;        at java.util.concurrent.locks.AbstractQueuedSynchronizer$ConditionObject.await(AbstractQueuedSynchronizer.java:2039)&#10;        at java.util.concurrent.ArrayBlockingQueue.take(ArrayBlockingQueue.java:403)&#10;        at java.util.concurrent.ThreadPoolExecutor.getTask(ThreadPoolExecutor.java:1074)&#10;        at java.util.concurrent.ThreadPoolExecutor.runWorker(ThreadPoolExecutor.java:1134)&#10;        at java.util.concurrent.ThreadPoolExecutor$Worker.run(ThreadPoolExecutor.java:624)&#10;        at java.lang.Thread.run(Thread.java:748)&#10;&quot;Datanode ReportManager Thread - 2&quot; daemon prio=5 tid=228 in Object.wait()&#10;java.lang.Thread.State: WAITING (on object monitor)&#10;        at sun.misc.Unsafe.park(Native Method)&#10;        at java.util.concurrent.locks.LockSupport.park(LockSupport.java:175)&#10;        at java.util.concurrent.locks.AbstractQueuedSynchronizer$ConditionObject.await(AbstractQueuedSynchronizer.java:2039)&#10;        at java.util.concurrent.ScheduledThreadPoolExecutor$DelayedWorkQueue.take(ScheduledThreadPoolExecutor.java:1088)&#10;        at java.util.concurrent.ScheduledThreadPoolExecutor$DelayedWorkQueue.take(ScheduledThreadPoolExecutor.java:809)&#10;        at java.util.concurrent.ThreadPoolExecutor.getTask(ThreadPoolExecutor.java:1074)&#10;        at java.util.concurrent.ThreadPoolExecutor.runWorker(ThreadPoolExecutor.java:1134)&#10;        at java.util.concurrent.ThreadPoolExecutor$Worker.run(ThreadPoolExecutor.java:624)&#10;        at java.lang.Thread.run(Thread.java:748)&#10;&quot;Datanode ReportManager Thread - 1&quot; daemon prio=5 tid=308 timed_waiting&#10;java.lang.Thread.State: TIMED_WAITING&#10;        at sun.misc.Unsafe.park(Native Method)&#10;        at java.util.concurrent.locks.LockSupport.parkNanos(LockSupport.java:215)&#10;        at java.util.concurrent.locks.AbstractQueuedSynchronizer$ConditionObject.awaitNanos(AbstractQueuedSynchronizer.java:2078)&#10;        at java.util.concurrent.ScheduledThreadPoolExecutor$DelayedWorkQueue.take(ScheduledThreadPoolExecutor.java:1093)&#10;        at java.util.concurrent.ScheduledThreadPoolExecutor$DelayedWorkQueue.take(ScheduledThreadPoolExecutor.java:809)&#10;        at java.util.concurrent.ThreadPoolExecutor.getTask(ThreadPoolExecutor.java:1074)&#10;        at java.util.concurrent.ThreadPoolExecutor.runWorker(ThreadPoolExecutor.java:1134)&#10;        at java.util.concurrent.ThreadPoolExecutor$Worker.run(ThreadPoolExecutor.java:624)&#10;        at java.lang.Thread.run(Thread.java:748)&#10;&quot;metrics-hadoop-metrics2-reporter-15-thread-1&quot; daemon prio=5 tid=737 timed_waiting&#10;java.lang.Thread.State: TIMED_WAITING&#10;        at sun.misc.Unsafe.park(Native Method)&#10;        at java.util.concurrent.locks.LockSupport.parkNanos(LockSupport.java:215)&#10;        at java.util.concurrent.locks.AbstractQueuedSynchronizer$ConditionObject.awaitNanos(AbstractQueuedSynchronizer.java:2078)&#10;        at java.util.concurrent.ScheduledThreadPoolExecutor$DelayedWorkQueue.take(ScheduledThreadPoolExecutor.java:1093)&#10;        at java.util.concurrent.ScheduledThreadPoolExecutor$DelayedWorkQueue.take(ScheduledThreadPoolExecutor.java:809)&#10;        at java.util.concurrent.ThreadPoolExecutor.getTask(ThreadPoolExecutor.java:1074)&#10;        at java.util.concurrent.ThreadPoolExecutor.runWorker(ThreadPoolExecutor.java:1134)&#10;        at java.util.concurrent.ThreadPoolExecutor$Worker.run(ThreadPoolExecutor.java:624)&#10;        at java.lang.Thread.run(Thread.java:748)&#10;&quot;qtp693544819-248&quot; daemon prio=5 tid=248 timed_waiting&#10;java.lang.Thread.State: TIMED_WAITING&#10;        at sun.misc.Unsafe.park(Native Method)&#10;        at java.util.concurrent.locks.LockSupport.parkNanos(LockSupport.java:215)&#10;        at java.util.concurrent.locks.AbstractQueuedSynchronizer$ConditionObject.awaitNanos(AbstractQueuedSynchronizer.java:2078)&#10;        at org.eclipse.jetty.util.BlockingArrayQueue.poll(BlockingArrayQueue.java:392)&#10;        at org.eclipse.jetty.util.thread.QueuedThreadPool.idleJobPoll(QueuedThreadPool.java:563)&#10;        at org.eclipse.jetty.util.thread.QueuedThreadPool.access$800(QueuedThreadPool.java:48)&#10;        at org.eclipse.jetty.util.thread.QueuedThreadPool$2.run(QueuedThreadPool.java:626)&#10;        at java.lang.Thread.run(Thread.java:748)&#10;&quot;pool-46-thread-35&quot;  prio=5 tid=469 in Object.wait()&#10;java.lang.Thread.State: WAITING (on object monitor)&#10;        at sun.misc.Unsafe.park(Native Method)&#10;        at java.util.concurrent.locks.LockSupport.park(LockSupport.java:175)&#10;        at java.util.concurrent.locks.AbstractQueuedSynchronizer$ConditionObject.await(AbstractQueuedSynchronizer.java:2039)&#10;        at java.util.concurrent.ArrayBlockingQueue.take(ArrayBlockingQueue.java:403)&#10;        at java.util.concurrent.ThreadPoolExecutor.getTask(ThreadPoolExecutor.java:1074)&#10;        at java.util.concurrent.ThreadPoolExecutor.runWorker(ThreadPoolExecutor.java:1134)&#10;        at java.util.concurrent.ThreadPoolExecutor$Worker.run(ThreadPoolExecutor.java:624)&#10;        at java.lang.Thread.run(Thread.java:748)&#10;&quot;qtp441384075-138-acceptor-0@21c0b5f4-ServerConnector@10e93f0c{HTTP/1.1,[http/1.1]}{0.0.0.0:46110}&quot; daemon prio=3 tid=138 runnable&#10;java.lang.Thread.State: RUNNABLE&#10;        at sun.nio.ch.ServerSocketChannelImpl.accept0(Native Method)&#10;        at sun.nio.ch.ServerSocketChannelImpl.accept(ServerSocketChannelImpl.java:422)&#10;        at sun.nio.ch.ServerSocketChannelImpl.accept(ServerSocketChannelImpl.java:250)&#10;        at org.eclipse.jetty.server.ServerConnector.accept(ServerConnector.java:397)&#10;        at org.eclipse.jetty.server.AbstractConnector$Acceptor.run(AbstractConnector.java:601)&#10;        at org.eclipse.jetty.util.thread.QueuedThreadPool.runJob(QueuedThreadPool.java:671)&#10;        at org.eclipse.jetty.util.thread.QueuedThreadPool$2.run(QueuedThreadPool.java:589)&#10;        at java.lang.Thread.run(Thread.java:748)&#10;&quot;pool-26-thread-40&quot;  prio=5 tid=394 in Object.wait()&#10;java.lang.Thread.State: WAITING (on object monitor)&#10;        at sun.misc.Unsafe.park(Native Method)&#10;        at java.util.concurrent.locks.LockSupport.park(LockSupport.java:175)&#10;        at java.util.concurrent.locks.AbstractQueuedSynchronizer$ConditionObject.await(AbstractQueuedSynchronizer.java:2039)&#10;        at java.util.concurrent.ArrayBlockingQueue.take(ArrayBlockingQueue.java:403)&#10;        at java.util.concurrent.ThreadPoolExecutor.getTask(ThreadPoolExecutor.java:1074)&#10;        at java.util.concurrent.ThreadPoolExecutor.runWorker(ThreadPoolExecutor.java:1134)&#10;        at java.util.concurrent.ThreadPoolExecutor$Worker.run(ThreadPoolExecutor.java:624)&#10;        at java.lang.Thread.run(Thread.java:748)&#10;&quot;pool-36-thread-18&quot;  prio=5 tid=351 in Object.wait()&#10;java.lang.Thread.State: WAITING (on object monitor)&#10;        at sun.misc.Unsafe.park(Native Method)&#10;        at java.util.concurrent.locks.LockSupport.park(LockSupport.java:175)&#10;        at java.util.concurrent.locks.AbstractQueuedSynchronizer$ConditionObject.await(AbstractQueuedSynchronizer.java:2039)&#10;        at java.util.concurrent.ArrayBlockingQueue.take(ArrayBlockingQueue.java:403)&#10;        at java.util.concurrent.ThreadPoolExecutor.getTask(ThreadPoolExecutor.java:1074)&#10;        at java.util.concurrent.ThreadPoolExecutor.runWorker(ThreadPoolExecutor.java:1134)&#10;        at java.util.concurrent.ThreadPoolExecutor$Worker.run(ThreadPoolExecutor.java:624)&#10;        at java.lang.Thread.run(Thread.java:748)&#10;&quot;pool-36-thread-17&quot;  prio=5 tid=349 in Object.wait()&#10;java.lang.Thread.State: WAITING (on object monitor)&#10;        at sun.misc.Unsafe.park(Native Method)&#10;        at java.util.concurrent.locks.LockSupport.park(LockSupport.java:175)&#10;        at java.util.concurrent.locks.AbstractQueuedSynchronizer$ConditionObject.await(AbstractQueuedSynchronizer.java:2039)&#10;        at java.util.concurrent.ArrayBlockingQueue.take(ArrayBlockingQueue.java:403)&#10;        at java.util.concurrent.ThreadPoolExecutor.getTask(ThreadPoolExecutor.java:1074)&#10;        at java.util.concurrent.ThreadPoolExecutor.runWorker(ThreadPoolExecutor.java:1134)&#10;        at java.util.concurrent.ThreadPoolExecutor$Worker.run(ThreadPoolExecutor.java:624)&#10;        at java.lang.Thread.run(Thread.java:748)&#10;&quot;pool-76-thread-50&quot;  prio=5 tid=675 in Object.wait()&#10;java.lang.Thread.State: WAITING (on object monitor)&#10;        at sun.misc.Unsafe.park(Native Method)&#10;        at java.util.concurrent.locks.LockSupport.park(LockSupport.java:175)&#10;        at java.util.concurrent.locks.AbstractQueuedSynchronizer$ConditionObject.await(AbstractQueuedSynchronizer.java:2039)&#10;        at java.util.concurrent.ArrayBlockingQueue.take(ArrayBlockingQueue.java:403)&#10;        at java.util.concurrent.ThreadPoolExecutor.getTask(ThreadPoolExecutor.java:1074)&#10;        at java.util.concurrent.ThreadPoolExecutor.runWorker(ThreadPoolExecutor.java:1134)&#10;        at java.util.concurrent.ThreadPoolExecutor$Worker.run(ThreadPoolExecutor.java:624)&#10;        at java.lang.Thread.run(Thread.java:748)&#10;&quot;Thread-252&quot; daemon prio=5 tid=770 timed_waiting&#10;java.lang.Thread.State: TIMED_WAITING&#10;        at sun.misc.Unsafe.park(Native Method)&#10;        at java.util.concurrent.locks.LockSupport.parkNanos(LockSupport.java:215)&#10;        at java.util.concurrent.locks.AbstractQueuedSynchronizer$ConditionObject.awaitNanos(AbstractQueuedSynchronizer.java:2078)&#10;        at java.util.concurrent.ArrayBlockingQueue.poll(ArrayBlockingQueue.java:418)&#10;        at org.apache.ratis.server.impl.LeaderState$EventQueue.poll(LeaderState.java:115)&#10;        at org.apache.ratis.server.impl.LeaderState$EventProcessor.run(LeaderState.java:467)&#10;&quot;metrics-hadoop-metrics2-reporter-70-thread-1&quot; daemon prio=5 tid=966 timed_waiting&#10;java.lang.Thread.State: TIMED_WAITING&#10;        at sun.misc.Unsafe.park(Native Method)&#10;        at java.util.concurrent.locks.LockSupport.parkNanos(LockSupport.java:215)&#10;        at java.util.concurrent.locks.AbstractQueuedSynchronizer$ConditionObject.awaitNanos(AbstractQueuedSynchronizer.java:2078)&#10;        at java.util.concurrent.ScheduledThreadPoolExecutor$DelayedWorkQueue.take(ScheduledThreadPoolExecutor.java:1093)&#10;        at java.util.concurrent.ScheduledThreadPoolExecutor$DelayedWorkQueue.take(ScheduledThreadPoolExecutor.java:809)&#10;        at java.util.concurrent.ThreadPoolExecutor.getTask(ThreadPoolExecutor.java:1074)&#10;        at java.util.concurrent.ThreadPoolExecutor.runWorker(ThreadPoolExecutor.java:1134)&#10;        at java.util.concurrent.ThreadPoolExecutor$Worker.run(ThreadPoolExecutor.java:624)&#10;        at java.lang.Thread.run(Thread.java:748)&#10;&quot;pool-36-thread-55&quot;  prio=5 tid=422 in Object.wait()&#10;java.lang.Thread.State: WAITING (on object monitor)&#10;        at sun.misc.Unsafe.park(Native Method)&#10;        at java.util.concurrent.locks.LockSupport.park(LockSupport.java:175)&#10;        at java.util.concurrent.locks.AbstractQueuedSynchronizer$ConditionObject.await(AbstractQueuedSynchronizer.java:2039)&#10;        at java.util.concurrent.ArrayBlockingQueue.take(ArrayBlockingQueue.java:403)&#10;        at java.util.concurrent.ThreadPoolExecutor.getTask(ThreadPoolExecutor.java:1074)&#10;        at java.util.concurrent.ThreadPoolExecutor.runWorker(ThreadPoolExecutor.java:1134)&#10;        at java.util.concurrent.ThreadPoolExecutor$Worker.run(ThreadPoolExecutor.java:624)&#10;        at java.lang.Thread.run(Thread.java:748)&#10;&quot;pool-26-thread-26&quot;  prio=5 tid=366 in Object.wait()&#10;java.lang.Thread.State: WAITING (on object monitor)&#10;        at sun.misc.Unsafe.park(Native Method)&#10;        at java.util.concurrent.locks.LockSupport.park(LockSupport.java:175)&#10;        at java.util.concurrent.locks.AbstractQueuedSynchronizer$ConditionObject.await(AbstractQueuedSynchronizer.java:2039)&#10;        at java.util.concurrent.ArrayBlockingQueue.take(ArrayBlockingQueue.java:403)&#10;        at java.util.concurrent.ThreadPoolExecutor.getTask(ThreadPoolExecutor.java:1074)&#10;        at java.util.concurrent.ThreadPoolExecutor.runWorker(ThreadPoolExecutor.java:1134)&#10;        at java.util.concurrent.ThreadPoolExecutor$Worker.run(ThreadPoolExecutor.java:624)&#10;        at java.lang.Thread.run(Thread.java:748)&#10;&quot;metrics-hadoop-metrics2-reporter-46-thread-1&quot; daemon prio=5 tid=860 timed_waiting&#10;java.lang.Thread.State: TIMED_WAITING&#10;        at sun.misc.Unsafe.park(Native Method)&#10;        at java.util.concurrent.locks.LockSupport.parkNanos(LockSupport.java:215)&#10;        at java.util.concurrent.locks.AbstractQueuedSynchronizer$ConditionObject.awaitNanos(AbstractQueuedSynchronizer.java:2078)&#10;        at java.util.concurrent.ScheduledThreadPoolExecutor$DelayedWorkQueue.take(ScheduledThreadPoolExecutor.java:1093)&#10;        at java.util.concurrent.ScheduledThreadPoolExecutor$DelayedWorkQueue.take(ScheduledThreadPoolExecutor.java:809)&#10;        at java.util.concurrent.ThreadPoolExecutor.getTask(ThreadPoolExecutor.java:1074)&#10;        at java.util.concurrent.ThreadPoolExecutor.runWorker(ThreadPoolExecutor.java:1134)&#10;        at java.util.concurrent.ThreadPoolExecutor$Worker.run(ThreadPoolExecutor.java:624)&#10;        at java.lang.Thread.run(Thread.java:748)&#10;&quot;qtp92143380-273&quot; daemon prio=5 tid=273 timed_waiting&#10;java.lang.Thread.State: TIMED_WAITING&#10;        at sun.misc.Unsafe.park(Native Method)&#10;        at java.util.concurrent.locks.LockSupport.parkNanos(LockSupport.java:215)&#10;        at java.util.concurrent.locks.AbstractQueuedSynchronizer$ConditionObject.awaitNanos(AbstractQueuedSynchronizer.java:2078)&#10;        at org.eclipse.jetty.util.BlockingArrayQueue.poll(BlockingArrayQueue.java:392)&#10;        at org.eclipse.jetty.util.thread.QueuedThreadPool.idleJobPoll(QueuedThreadPool.java:563)&#10;        at org.eclipse.jetty.util.thread.QueuedThreadPool.access$800(QueuedThreadPool.java:48)&#10;        at org.eclipse.jetty.util.thread.QueuedThreadPool$2.run(QueuedThreadPool.java:626)&#10;        at java.lang.Thread.run(Thread.java:748)&#10;&quot;IPC Server handler 19 on 41091&quot; daemon prio=5 tid=135 timed_waiting&#10;java.lang.Thread.State: TIMED_WAITING&#10;        at sun.misc.Unsafe.park(Native Method)&#10;        at java.util.concurrent.locks.LockSupport.parkNanos(LockSupport.java:215)&#10;        at java.util.concurrent.locks.AbstractQueuedSynchronizer$ConditionObject.awaitNanos(AbstractQueuedSynchronizer.java:2078)&#10;        at java.util.concurrent.LinkedBlockingQueue.poll(LinkedBlockingQueue.java:467)&#10;        at org.apache.hadoop.ipc.CallQueueManager.take(CallQueueManager.java:288)&#10;        at org.apache.hadoop.ipc.Server$Handler.run(Server.java:2668)&#10;&quot;metrics-hadoop-metrics2-reporter-64-thread-1&quot; daemon prio=5 tid=950 timed_waiting&#10;java.lang.Thread.State: TIMED_WAITING&#10;        at sun.misc.Unsafe.park(Native Method)&#10;        at java.util.concurrent.locks.LockSupport.parkNanos(LockSupport.java:215)&#10;        at java.util.concurrent.locks.AbstractQueuedSynchronizer$ConditionObject.awaitNanos(AbstractQueuedSynchronizer.java:2078)&#10;        at java.util.concurrent.ScheduledThreadPoolExecutor$DelayedWorkQueue.take(ScheduledThreadPoolExecutor.java:1093)&#10;        at java.util.concurrent.ScheduledThreadPoolExecutor$DelayedWorkQueue.take(ScheduledThreadPoolExecutor.java:809)&#10;        at java.util.concurrent.ThreadPoolExecutor.getTask(ThreadPoolExecutor.java:1074)&#10;        at java.util.concurrent.ThreadPoolExecutor.runWorker(ThreadPoolExecutor.java:1134)&#10;        at java.util.concurrent.ThreadPoolExecutor$Worker.run(ThreadPoolExecutor.java:624)&#10;        at java.lang.Thread.run(Thread.java:748)&#10;&quot;pool-26-thread-11&quot;  prio=5 tid=334 in Object.wait()&#10;java.lang.Thread.State: WAITING (on object monitor)&#10;        at sun.misc.Unsafe.park(Native Method)&#10;        at java.util.concurrent.locks.LockSupport.park(LockSupport.java:175)&#10;        at java.util.concurrent.locks.AbstractQueuedSynchronizer$ConditionObject.await(AbstractQueuedSynchronizer.java:2039)&#10;        at java.util.concurrent.ArrayBlockingQueue.take(ArrayBlockingQueue.java:403)&#10;        at java.util.concurrent.ThreadPoolExecutor.getTask(ThreadPoolExecutor.java:1074)&#10;        at java.util.concurrent.ThreadPoolExecutor.runWorker(ThreadPoolExecutor.java:1134)&#10;        at java.util.concurrent.ThreadPoolExecutor$Worker.run(ThreadPoolExecutor.java:624)&#10;        at java.lang.Thread.run(Thread.java:748)&#10;&quot;pool-36-thread-52&quot;  prio=5 tid=416 in Object.wait()&#10;java.lang.Thread.State: WAITING (on object monitor)&#10;        at sun.misc.Unsafe.park(Native Method)&#10;        at java.util.concurrent.locks.LockSupport.park(LockSupport.java:175)&#10;        at java.util.concurrent.locks.AbstractQueuedSynchronizer$ConditionObject.await(AbstractQueuedSynchronizer.java:2039)&#10;        at java.util.concurrent.ArrayBlockingQueue.take(ArrayBlockingQueue.java:403)&#10;        at java.util.concurrent.ThreadPoolExecutor.getTask(ThreadPoolExecutor.java:1074)&#10;        at java.util.concurrent.ThreadPoolExecutor.runWorker(ThreadPoolExecutor.java:1134)&#10;        at java.util.concurrent.ThreadPoolExecutor$Worker.run(ThreadPoolExecutor.java:624)&#10;        at java.lang.Thread.run(Thread.java:748)&#10;&quot;qtp2116606463-216&quot; daemon prio=5 tid=216 timed_waiting&#10;java.lang.Thread.State: TIMED_WAITING&#10;        at sun.misc.Unsafe.park(Native Method)&#10;        at java.util.concurrent.locks.LockSupport.parkNanos(LockSupport.java:215)&#10;        at java.util.concurrent.locks.AbstractQueuedSynchronizer$ConditionObject.awaitNanos(AbstractQueuedSynchronizer.java:2078)&#10;        at org.eclipse.jetty.util.BlockingArrayQueue.poll(BlockingArrayQueue.java:392)&#10;        at org.eclipse.jetty.util.thread.QueuedThreadPool.idleJobPoll(QueuedThreadPool.java:563)&#10;        at org.eclipse.jetty.util.thread.QueuedThreadPool.access$800(QueuedThreadPool.java:48)&#10;        at org.eclipse.jetty.util.thread.QueuedThreadPool$2.run(QueuedThreadPool.java:626)&#10;        at java.lang.Thread.run(Thread.java:748)&#10;&quot;org.apache.hadoop.util.JvmPauseMonitor$Monitor@21559df0&quot; daemon prio=5 tid=312 timed_waiting&#10;java.lang.Thread.State: TIMED_WAITING&#10;        at java.lang.Thread.sleep(Native Method)&#10;        at org.apache.hadoop.util.JvmPauseMonitor$Monitor.run(JvmPauseMonitor.java:192)&#10;        at java.lang.Thread.run(Thread.java:748)&#10;&quot;pool-46-thread-30&quot;  prio=5 tid=464 in Object.wait()&#10;java.lang.Thread.State: WAITING (on object monitor)&#10;        at sun.misc.Unsafe.park(Native Method)&#10;        at java.util.concurrent.locks.LockSupport.park(LockSupport.java:175)&#10;        at java.util.concurrent.locks.AbstractQueuedSynchronizer$ConditionObject.await(AbstractQueuedSynchronizer.java:2039)&#10;        at java.util.concurrent.ArrayBlockingQueue.take(ArrayBlockingQueue.java:403)&#10;        at java.util.concurrent.ThreadPoolExecutor.getTask(ThreadPoolExecutor.java:1074)&#10;        at java.util.concurrent.ThreadPoolExecutor.runWorker(ThreadPoolExecutor.java:1134)&#10;        at java.util.concurrent.ThreadPoolExecutor$Worker.run(ThreadPoolExecutor.java:624)&#10;        at java.lang.Thread.run(Thread.java:748)&#10;&quot;pool-56-thread-12&quot;  prio=5 tid=510 in Object.wait()&#10;java.lang.Thread.State: WAITING (on object monitor)&#10;        at sun.misc.Unsafe.park(Native Method)&#10;        at java.util.concurrent.locks.LockSupport.park(LockSupport.java:175)&#10;        at java.util.concurrent.locks.AbstractQueuedSynchronizer$ConditionObject.await(AbstractQueuedSynchronizer.java:2039)&#10;        at java.util.concurrent.ArrayBlockingQueue.take(ArrayBlockingQueue.java:403)&#10;        at java.util.concurrent.ThreadPoolExecutor.getTask(ThreadPoolExecutor.java:1074)&#10;        at java.util.concurrent.ThreadPoolExecutor.runWorker(ThreadPoolExecutor.java:1134)&#10;        at java.util.concurrent.ThreadPoolExecutor$Worker.run(ThreadPoolExecutor.java:624)&#10;        at java.lang.Thread.run(Thread.java:748)&#10;&quot;IPC Server handler 17 on 41091&quot; daemon prio=5 tid=133 timed_waiting&#10;java.lang.Thread.State: TIMED_WAITING&#10;        at sun.misc.Unsafe.park(Native Method)&#10;        at java.util.concurrent.locks.LockSupport.parkNanos(LockSupport.java:215)&#10;        at java.util.concurrent.locks.AbstractQueuedSynchronizer$ConditionObject.awaitNanos(AbstractQueuedSynchronizer.java:2078)&#10;        at java.util.concurrent.LinkedBlockingQueue.poll(LinkedBlockingQueue.java:467)&#10;        at org.apache.hadoop.ipc.CallQueueManager.take(CallQueueManager.java:288)&#10;        at org.apache.hadoop.ipc.Server$Handler.run(Server.java:2668)&#10;&quot;IPC Server handler 6 on 35347&quot; daemon prio=5 tid=76 timed_waiting&#10;java.lang.Thread.State: TIMED_WAITING&#10;        at sun.misc.Unsafe.park(Native Method)&#10;        at java.util.concurrent.locks.LockSupport.parkNanos(LockSupport.java:215)&#10;        at java.util.concurrent.locks.AbstractQueuedSynchronizer$ConditionObject.awaitNanos(AbstractQueuedSynchronizer.java:2078)&#10;        at java.util.concurrent.LinkedBlockingQueue.poll(LinkedBlockingQueue.java:467)&#10;        at org.apache.hadoop.ipc.CallQueueManager.take(CallQueueManager.java:288)&#10;        at org.apache.hadoop.ipc.Server$Handler.run(Server.java:2668)&#10;&quot;pool-76-thread-1&quot;  prio=5 tid=626 in Object.wait()&#10;java.lang.Thread.State: WAITING (on object monitor)&#10;        at sun.misc.Unsafe.park(Native Method)&#10;        at java.util.concurrent.locks.LockSupport.park(LockSupport.java:175)&#10;        at java.util.concurrent.locks.AbstractQueuedSynchronizer$ConditionObject.await(AbstractQueuedSynchronizer.java:2039)&#10;        at java.util.concurrent.ArrayBlockingQueue.take(ArrayBlockingQueue.java:403)&#10;        at java.util.concurrent.ThreadPoolExecutor.getTask(ThreadPoolExecutor.java:1074)&#10;        at java.util.concurrent.ThreadPoolExecutor.runWorker(ThreadPoolExecutor.java:1134)&#10;        at java.util.concurrent.ThreadPoolExecutor$Worker.run(ThreadPoolExecutor.java:624)&#10;        at java.lang.Thread.run(Thread.java:748)&#10;&quot;metrics-hadoop-metrics2-reporter-44-thread-1&quot; daemon prio=5 tid=836 timed_waiting&#10;java.lang.Thread.State: TIMED_WAITING&#10;        at sun.misc.Unsafe.park(Native Method)&#10;        at java.util.concurrent.locks.LockSupport.parkNanos(LockSupport.java:215)&#10;        at java.util.concurrent.locks.AbstractQueuedSynchronizer$ConditionObject.awaitNanos(AbstractQueuedSynchronizer.java:2078)&#10;        at java.util.concurrent.ScheduledThreadPoolExecutor$DelayedWorkQueue.take(ScheduledThreadPoolExecutor.java:1093)&#10;        at java.util.concurrent.ScheduledThreadPoolExecutor$DelayedWorkQueue.take(ScheduledThreadPoolExecutor.java:809)&#10;        at java.util.concurrent.ThreadPoolExecutor.getTask(ThreadPoolExecutor.java:1074)&#10;        at java.util.concurrent.ThreadPoolExecutor.runWorker(ThreadPoolExecutor.java:1134)&#10;        at java.util.concurrent.ThreadPoolExecutor$Worker.run(ThreadPoolExecutor.java:624)&#10;        at java.lang.Thread.run(Thread.java:748)&#10;&quot;qtp689037899-302&quot; daemon prio=5 tid=302 timed_waiting&#10;java.lang.Thread.State: TIMED_WAITING&#10;        at sun.misc.Unsafe.park(Native Method)&#10;        at java.util.concurrent.locks.LockSupport.parkNanos(LockSupport.java:215)&#10;        at java.util.concurrent.locks.AbstractQueuedSynchronizer$ConditionObject.awaitNanos(AbstractQueuedSynchronizer.java:2078)&#10;        at org.eclipse.jetty.util.BlockingArrayQueue.poll(BlockingArrayQueue.java:392)&#10;        at org.eclipse.jetty.util.thread.QueuedThreadPool.idleJobPoll(QueuedThreadPool.java:563)&#10;        at org.eclipse.jetty.util.thread.QueuedThreadPool.access$800(QueuedThreadPool.java:48)&#10;        at org.eclipse.jetty.util.thread.QueuedThreadPool$2.run(QueuedThreadPool.java:626)&#10;        at java.lang.Thread.run(Thread.java:748)&#10;&quot;IPC Server Responder&quot; daemon prio=5 tid=18 runnable&#10;java.lang.Thread.State: RUNNABLE&#10;        at sun.nio.ch.EPollArrayWrapper.epollWait(Native Method)&#10;        at sun.nio.ch.EPollArrayWrapper.poll(EPollArrayWrapper.java:269)&#10;        at sun.nio.ch.EPollSelectorImpl.doSelect(EPollSelectorImpl.java:93)&#10;        at sun.nio.ch.SelectorImpl.lockAndDoSelect(SelectorImpl.java:86)&#10;        at sun.nio.ch.SelectorImpl.select(SelectorImpl.java:97)&#10;        at org.apache.hadoop.ipc.Server$Responder.doRunLoop(Server.java:1334)&#10;        at org.apache.hadoop.ipc.Server$Responder.run(Server.java:1317)&#10;&quot;pool-76-thread-8&quot;  prio=5 tid=633 in Object.wait()&#10;java.lang.Thread.State: WAITING (on object monitor)&#10;        at sun.misc.Unsafe.park(Native Method)&#10;        at java.util.concurrent.locks.LockSupport.park(LockSupport.java:175)&#10;        at java.util.concurrent.locks.AbstractQueuedSynchronizer$ConditionObject.await(AbstractQueuedSynchronizer.java:2039)&#10;        at java.util.concurrent.ArrayBlockingQueue.take(ArrayBlockingQueue.java:403)&#10;        at java.util.concurrent.ThreadPoolExecutor.getTask(ThreadPoolExecutor.java:1074)&#10;        at java.util.concurrent.ThreadPoolExecutor.runWorker(ThreadPoolExecutor.java:1134)&#10;        at java.util.concurrent.ThreadPoolExecutor$Worker.run(ThreadPoolExecutor.java:624)&#10;        at java.lang.Thread.run(Thread.java:748)&#10;&quot;pool-56-thread-10&quot;  prio=5 tid=508 in Object.wait()&#10;java.lang.Thread.State: WAITING (on object monitor)&#10;        at sun.misc.Unsafe.park(Native Method)&#10;        at java.util.concurrent.locks.LockSupport.park(LockSupport.java:175)&#10;        at java.util.concurrent.locks.AbstractQueuedSynchronizer$ConditionObject.await(AbstractQueuedSynchronizer.java:2039)&#10;        at java.util.concurrent.ArrayBlockingQueue.take(ArrayBlockingQueue.java:403)&#10;        at java.util.concurrent.ThreadPoolExecutor.getTask(ThreadPoolExecutor.java:1074)&#10;        at java.util.concurrent.ThreadPoolExecutor.runWorker(ThreadPoolExecutor.java:1134)&#10;        at java.util.concurrent.ThreadPoolExecutor$Worker.run(ThreadPoolExecutor.java:624)&#10;        at java.lang.Thread.run(Thread.java:748)&#10;&quot;BlockDeletingService#0&quot; daemon prio=5 tid=507 timed_waiting&#10;java.lang.Thread.State: TIMED_WAITING&#10;        at sun.misc.Unsafe.park(Native Method)&#10;        at java.util.concurrent.locks.LockSupport.parkNanos(LockSupport.java:215)&#10;        at java.util.concurrent.locks.AbstractQueuedSynchronizer$ConditionObject.awaitNanos(AbstractQueuedSynchronizer.java:2078)&#10;        at java.util.concurrent.ScheduledThreadPoolExecutor$DelayedWorkQueue.take(ScheduledThreadPoolExecutor.java:1093)&#10;        at java.util.concurrent.ScheduledThreadPoolExecutor$DelayedWorkQueue.take(ScheduledThreadPoolExecutor.java:809)&#10;        at java.util.concurrent.ThreadPoolExecutor.getTask(ThreadPoolExecutor.java:1074)&#10;        at java.util.concurrent.ThreadPoolExecutor.runWorker(ThreadPoolExecutor.java:1134)&#10;        at java.util.concurrent.ThreadPoolExecutor$Worker.run(ThreadPoolExecutor.java:624)&#10;        at java.lang.Thread.run(Thread.java:748)&#10;&quot;qtp64027122-162&quot; daemon prio=5 tid=162 timed_waiting&#10;java.lang.Thread.State: TIMED_WAITING&#10;        at sun.misc.Unsafe.park(Native Method)&#10;        at java.util.concurrent.locks.LockSupport.parkNanos(LockSupport.java:215)&#10;        at java.util.concurrent.locks.AbstractQueuedSynchronizer$ConditionObject.awaitNanos(AbstractQueuedSynchronizer.java:2078)&#10;        at org.eclipse.jetty.util.BlockingArrayQueue.poll(BlockingArrayQueue.java:392)&#10;        at org.eclipse.jetty.util.thread.QueuedThreadPool.idleJobPoll(QueuedThreadPool.java:563)&#10;        at org.eclipse.jetty.util.thread.QueuedThreadPool.access$800(QueuedThreadPool.java:48)&#10;        at org.eclipse.jetty.util.thread.QueuedThreadPool$2.run(QueuedThreadPool.java:626)&#10;        at java.lang.Thread.run(Thread.java:748)&#10;&quot;qtp92143380-271&quot; daemon prio=5 tid=271 timed_waiting&#10;java.lang.Thread.State: TIMED_WAITING&#10;        at sun.misc.Unsafe.park(Native Method)&#10;        at java.util.concurrent.locks.LockSupport.parkNanos(LockSupport.java:215)&#10;        at java.util.concurrent.locks.AbstractQueuedSynchronizer$ConditionObject.awaitNanos(AbstractQueuedSynchronizer.java:2078)&#10;        at org.eclipse.jetty.util.BlockingArrayQueue.poll(BlockingArrayQueue.java:392)&#10;        at org.eclipse.jetty.util.thread.QueuedThreadPool.idleJobPoll(QueuedThreadPool.java:563)&#10;        at org.eclipse.jetty.util.thread.QueuedThreadPool.access$800(QueuedThreadPool.java:48)&#10;        at org.eclipse.jetty.util.thread.QueuedThreadPool$2.run(QueuedThreadPool.java:626)&#10;        at java.lang.Thread.run(Thread.java:748)&#10;&quot;pool-66-thread-52&quot;  prio=5 tid=615 in Object.wait()&#10;java.lang.Thread.State: WAITING (on object monitor)&#10;        at sun.misc.Unsafe.park(Native Method)&#10;        at java.util.concurrent.locks.LockSupport.park(LockSupport.java:175)&#10;        at java.util.concurrent.locks.AbstractQueuedSynchronizer$ConditionObject.await(AbstractQueuedSynchronizer.java:2039)&#10;        at java.util.concurrent.ArrayBlockingQueue.take(ArrayBlockingQueue.java:403)&#10;        at java.util.concurrent.ThreadPoolExecutor.getTask(ThreadPoolExecutor.java:1074)&#10;        at java.util.concurrent.ThreadPoolExecutor.runWorker(ThreadPoolExecutor.java:1134)&#10;        at java.util.concurrent.ThreadPoolExecutor$Worker.run(ThreadPoolExecutor.java:624)&#10;        at java.lang.Thread.run(Thread.java:748)&#10;&quot;org.eclipse.jetty.server.session.HashSessionManager@14584401Timer&quot; daemon prio=5 tid=304 timed_waiting&#10;java.lang.Thread.State: TIMED_WAITING&#10;        at sun.misc.Unsafe.park(Native Method)&#10;        at java.util.concurrent.locks.LockSupport.parkNanos(LockSupport.java:215)&#10;        at java.util.concurrent.locks.AbstractQueuedSynchronizer$ConditionObject.awaitNanos(AbstractQueuedSynchronizer.java:2078)&#10;        at java.util.concurrent.ScheduledThreadPoolExecutor$DelayedWorkQueue.take(ScheduledThreadPoolExecutor.java:1093)&#10;        at java.util.concurrent.ScheduledThreadPoolExecutor$DelayedWorkQueue.take(ScheduledThreadPoolExecutor.java:809)&#10;        at java.util.concurrent.ThreadPoolExecutor.getTask(ThreadPoolExecutor.java:1074)&#10;        at java.util.concurrent.ThreadPoolExecutor.runWorker(ThreadPoolExecutor.java:1134)&#10;        at java.util.concurrent.ThreadPoolExecutor$Worker.run(ThreadPoolExecutor.java:624)&#10;        at java.lang.Thread.run(Thread.java:748)&#10;&quot;pool-46-thread-32&quot;  prio=5 tid=466 in Object.wait()&#10;java.lang.Thread.State: WAITING (on object monitor)&#10;        at sun.misc.Unsafe.park(Native Method)&#10;        at java.util.concurrent.locks.LockSupport.park(LockSupport.java:175)&#10;        at java.util.concurrent.locks.AbstractQueuedSynchronizer$ConditionObject.await(AbstractQueuedSynchronizer.java:2039)&#10;        at java.util.concurrent.ArrayBlockingQueue.take(ArrayBlockingQueue.java:403)&#10;        at java.util.concurrent.ThreadPoolExecutor.getTask(ThreadPoolExecutor.java:1074)&#10;        at java.util.concurrent.ThreadPoolExecutor.runWorker(ThreadPoolExecutor.java:1134)&#10;        at java.util.concurrent.ThreadPoolExecutor$Worker.run(ThreadPoolExecutor.java:624)&#10;        at java.lang.Thread.run(Thread.java:748)&#10;&quot;Socket Reader #1 for port 33440&quot;  prio=5 tid=20 runnable&#10;java.lang.Thread.State: RUNNABLE&#10;        at sun.nio.ch.EPollArrayWrapper.epollWait(Native Method)&#10;        at sun.nio.ch.EPollArrayWrapper.poll(EPollArrayWrapper.java:269)&#10;        at sun.nio.ch.EPollSelectorImpl.doSelect(EPollSelectorImpl.java:93)&#10;        at sun.nio.ch.SelectorImpl.lockAndDoSelect(SelectorImpl.java:86)&#10;        at sun.nio.ch.SelectorImpl.select(SelectorImpl.java:97)&#10;        at sun.nio.ch.SelectorImpl.select(SelectorImpl.java:101)&#10;        at org.apache.hadoop.ipc.Server$Listener$Reader.doRunLoop(Server.java:1097)&#10;        at org.apache.hadoop.ipc.Server$Listener$Reader.run(Server.java:1076)&#10;&quot;pool-46-thread-19&quot;  prio=5 tid=453 in Object.wait()&#10;java.lang.Thread.State: WAITING (on object monitor)&#10;        at sun.misc.Unsafe.park(Native Method)&#10;        at java.util.concurrent.locks.LockSupport.park(LockSupport.java:175)&#10;        at java.util.concurrent.locks.AbstractQueuedSynchronizer$ConditionObject.await(AbstractQueuedSynchronizer.java:2039)&#10;        at java.util.concurrent.ArrayBlockingQueue.take(ArrayBlockingQueue.java:403)&#10;        at java.util.concurrent.ThreadPoolExecutor.getTask(ThreadPoolExecutor.java:1074)&#10;        at java.util.concurrent.ThreadPoolExecutor.runWorker(ThreadPoolExecutor.java:1134)&#10;        at java.util.concurrent.ThreadPoolExecutor$Worker.run(ThreadPoolExecutor.java:624)&#10;        at java.lang.Thread.run(Thread.java:748)&#10;&quot;metrics-hadoop-metrics2-reporter-8-thread-1&quot; daemon prio=5 tid=720 timed_waiting&#10;java.lang.Thread.State: TIMED_WAITING&#10;        at sun.misc.Unsafe.park(Native Method)&#10;        at java.util.concurrent.locks.LockSupport.parkNanos(LockSupport.java:215)&#10;        at java.util.concurrent.locks.AbstractQueuedSynchronizer$ConditionObject.awaitNanos(AbstractQueuedSynchronizer.java:2078)&#10;        at java.util.concurrent.ScheduledThreadPoolExecutor$DelayedWorkQueue.take(ScheduledThreadPoolExecutor.java:1093)&#10;        at java.util.concurrent.ScheduledThreadPoolExecutor$DelayedWorkQueue.take(ScheduledThreadPoolExecutor.java:809)&#10;        at java.util.concurrent.ThreadPoolExecutor.getTask(ThreadPoolExecutor.java:1074)&#10;        at java.util.concurrent.ThreadPoolExecutor.runWorker(ThreadPoolExecutor.java:1134)&#10;        at java.util.concurrent.ThreadPoolExecutor$Worker.run(ThreadPoolExecutor.java:624)&#10;        at java.lang.Thread.run(Thread.java:748)&#10;&quot;IPC Server handler 8 on 35347&quot; daemon prio=5 tid=78 timed_waiting&#10;java.lang.Thread.State: TIMED_WAITING&#10;        at sun.misc.Unsafe.park(Native Method)&#10;        at java.util.concurrent.locks.LockSupport.parkNanos(LockSupport.java:215)&#10;        at java.util.concurrent.locks.AbstractQueuedSynchronizer$ConditionObject.awaitNanos(AbstractQueuedSynchronizer.java:2078)&#10;        at java.util.concurrent.LinkedBlockingQueue.poll(LinkedBlockingQueue.java:467)&#10;        at org.apache.hadoop.ipc.CallQueueManager.take(CallQueueManager.java:288)&#10;        at org.apache.hadoop.ipc.Server$Handler.run(Server.java:2668)&#10;&quot;qtp668854338-90&quot; daemon prio=5 tid=90 runnable&#10;java.lang.Thread.State: RUNNABLE&#10;        at sun.nio.ch.EPollArrayWrapper.epollWait(Native Method)&#10;        at sun.nio.ch.EPollArrayWrapper.poll(EPollArrayWrapper.java:269)&#10;        at sun.nio.ch.EPollSelectorImpl.doSelect(EPollSelectorImpl.java:93)&#10;        at sun.nio.ch.SelectorImpl.lockAndDoSelect(SelectorImpl.java:86)&#10;        at sun.nio.ch.SelectorImpl.select(SelectorImpl.java:97)&#10;        at sun.nio.ch.SelectorImpl.select(SelectorImpl.java:101)&#10;        at org.eclipse.jetty.io.ManagedSelector$SelectorProducer.select(ManagedSelector.java:243)&#10;        at org.eclipse.jetty.io.ManagedSelector$SelectorProducer.produce(ManagedSelector.java:191)&#10;        at org.eclipse.jetty.util.thread.strategy.ExecuteProduceConsume.executeProduceConsume(ExecuteProduceConsume.java:249)&#10;        at org.eclipse.jetty.util.thread.strategy.ExecuteProduceConsume.produceConsume(ExecuteProduceConsume.java:148)&#10;        at org.eclipse.jetty.util.thread.strategy.ExecuteProduceConsume.execute(ExecuteProduceConsume.java:100)&#10;        at org.eclipse.jetty.io.ManagedSelector.run(ManagedSelector.java:147)&#10;        at org.eclipse.jetty.util.thread.QueuedThreadPool.runJob(QueuedThreadPool.java:671)&#10;        at org.eclipse.jetty.util.thread.QueuedThreadPool$2.run(QueuedThreadPool.java:589)&#10;        at java.lang.Thread.run(Thread.java:748)&#10;&quot;pool-46-thread-15&quot;  prio=5 tid=449 in Object.wait()&#10;java.lang.Thread.State: WAITING (on object monitor)&#10;        at sun.misc.Unsafe.park(Native Method)&#10;        at java.util.concurrent.locks.LockSupport.park(LockSupport.java:175)&#10;        at java.util.concurrent.locks.AbstractQueuedSynchronizer$ConditionObject.await(AbstractQueuedSynchronizer.java:2039)&#10;        at java.util.concurrent.ArrayBlockingQueue.take(ArrayBlockingQueue.java:403)&#10;        at java.util.concurrent.ThreadPoolExecutor.getTask(ThreadPoolExecutor.java:1074)&#10;        at java.util.concurrent.ThreadPoolExecutor.runWorker(ThreadPoolExecutor.java:1134)&#10;        at java.util.concurrent.ThreadPoolExecutor$Worker.run(ThreadPoolExecutor.java:624)&#10;        at java.lang.Thread.run(Thread.java:748)&#10;&quot;org.apache.hadoop.util.JvmPauseMonitor$Monitor@2c735634&quot; daemon prio=5 tid=179 timed_waiting&#10;java.lang.Thread.State: TIMED_WAITING&#10;        at java.lang.Thread.sleep(Native Method)&#10;        at org.apache.hadoop.util.JvmPauseMonitor$Monitor.run(JvmPauseMonitor.java:192)&#10;        at java.lang.Thread.run(Thread.java:748)&#10;&quot;qtp441384075-143&quot; daemon prio=5 tid=143 timed_waiting&#10;java.lang.Thread.State: TIMED_WAITING&#10;        at sun.misc.Unsafe.park(Native Method)&#10;        at java.util.concurrent.locks.LockSupport.parkNanos(LockSupport.java:215)&#10;        at java.util.concurrent.locks.AbstractQueuedSynchronizer$ConditionObject.awaitNanos(AbstractQueuedSynchronizer.java:2078)&#10;        at org.eclipse.jetty.util.BlockingArrayQueue.poll(BlockingArrayQueue.java:392)&#10;        at org.eclipse.jetty.util.thread.QueuedThreadPool.idleJobPoll(QueuedThreadPool.java:563)&#10;        at org.eclipse.jetty.util.thread.QueuedThreadPool.access$800(QueuedThreadPool.java:48)&#10;        at org.eclipse.jetty.util.thread.QueuedThreadPool$2.run(QueuedThreadPool.java:626)&#10;        at java.lang.Thread.run(Thread.java:748)&#10;&quot;org.apache.hadoop.util.JvmPauseMonitor$Monitor@178455e6&quot; daemon prio=5 tid=204 timed_waiting&#10;java.lang.Thread.State: TIMED_WAITING&#10;        at java.lang.Thread.sleep(Native Method)&#10;        at org.apache.hadoop.util.JvmPauseMonitor$Monitor.run(JvmPauseMonitor.java:192)&#10;        at java.lang.Thread.run(Thread.java:748)&#10;&quot;grpc-default-executor-4&quot; daemon prio=5 tid=846 timed_waiting&#10;java.lang.Thread.State: TIMED_WAITING&#10;        at sun.misc.Unsafe.park(Native Method)&#10;        at java.util.concurrent.locks.LockSupport.parkNanos(LockSupport.java:215)&#10;        at java.util.concurrent.SynchronousQueue$TransferStack.awaitFulfill(SynchronousQueue.java:460)&#10;        at java.util.concurrent.SynchronousQueue$TransferStack.transfer(SynchronousQueue.java:362)&#10;        at java.util.concurrent.SynchronousQueue.poll(SynchronousQueue.java:941)&#10;        at java.util.concurrent.ThreadPoolExecutor.getTask(ThreadPoolExecutor.java:1073)&#10;        at java.util.concurrent.ThreadPoolExecutor.runWorker(ThreadPoolExecutor.java:1134)&#10;        at java.util.concurrent.ThreadPoolExecutor$Worker.run(ThreadPoolExecutor.java:624)&#10;        at java.lang.Thread.run(Thread.java:748)&#10;&quot;pool-60-thread-1&quot;  prio=5 tid=240 timed_waiting&#10;java.lang.Thread.State: TIMED_WAITING&#10;        at sun.misc.Unsafe.park(Native Method)&#10;        at java.util.concurrent.locks.LockSupport.parkNanos(LockSupport.java:215)&#10;        at java.util.concurrent.locks.AbstractQueuedSynchronizer$ConditionObject.awaitNanos(AbstractQueuedSynchronizer.java:2078)&#10;        at java.util.concurrent.ScheduledThreadPoolExecutor$DelayedWorkQueue.take(ScheduledThreadPoolExecutor.java:1093)&#10;        at java.util.concurrent.ScheduledThreadPoolExecutor$DelayedWorkQueue.take(ScheduledThreadPoolExecutor.java:809)&#10;        at java.util.concurrent.ThreadPoolExecutor.getTask(ThreadPoolExecutor.java:1074)&#10;        at java.util.concurrent.ThreadPoolExecutor.runWorker(ThreadPoolExecutor.java:1134)&#10;        at java.util.concurrent.ThreadPoolExecutor$Worker.run(ThreadPoolExecutor.java:624)&#10;        at java.lang.Thread.run(Thread.java:748)&#10;&quot;metrics-hadoop-metrics2-reporter-1-thread-1&quot; daemon prio=5 tid=703 timed_waiting&#10;java.lang.Thread.State: TIMED_WAITING&#10;        at sun.misc.Unsafe.park(Native Method)&#10;        at java.util.concurrent.locks.LockSupport.parkNanos(LockSupport.java:215)&#10;        at java.util.concurrent.locks.AbstractQueuedSynchronizer$ConditionObject.awaitNanos(AbstractQueuedSynchronizer.java:2078)&#10;        at java.util.concurrent.ScheduledThreadPoolExecutor$DelayedWorkQueue.take(ScheduledThreadPoolExecutor.java:1093)&#10;        at java.util.concurrent.ScheduledThreadPoolExecutor$DelayedWorkQueue.take(ScheduledThreadPoolExecutor.java:809)&#10;        at java.util.concurrent.ThreadPoolExecutor.getTask(ThreadPoolExecutor.java:1074)&#10;        at java.util.concurrent.ThreadPoolExecutor.runWorker(ThreadPoolExecutor.java:1134)&#10;        at java.util.concurrent.ThreadPoolExecutor$Worker.run(ThreadPoolExecutor.java:624)&#10;        at java.lang.Thread.run(Thread.java:748)&#10;&quot;EventQueue-PipelineReportForPipelineReportHandler&quot; daemon prio=5 tid=693 in Object.wait()&#10;java.lang.Thread.State: WAITING (on object monitor)&#10;        at sun.misc.Unsafe.park(Native Method)&#10;        at java.util.concurrent.locks.LockSupport.park(LockSupport.java:175)&#10;        at java.util.concurrent.locks.AbstractQueuedSynchronizer$ConditionObject.await(AbstractQueuedSynchronizer.java:2039)&#10;        at java.util.concurrent.LinkedBlockingQueue.take(LinkedBlockingQueue.java:442)&#10;        at java.util.concurrent.ThreadPoolExecutor.getTask(ThreadPoolExecutor.java:1074)&#10;        at java.util.concurrent.ThreadPoolExecutor.runWorker(ThreadPoolExecutor.java:1134)&#10;        at java.util.concurrent.ThreadPoolExecutor$Worker.run(ThreadPoolExecutor.java:624)&#10;        at java.lang.Thread.run(Thread.java:748)&#10;&quot;IPC Server handler 9 on 35347&quot; daemon prio=5 tid=79 timed_waiting&#10;java.lang.Thread.State: TIMED_WAITING&#10;        at sun.misc.Unsafe.park(Native Method)&#10;        at java.util.concurrent.locks.LockSupport.parkNanos(LockSupport.java:215)&#10;        at java.util.concurrent.locks.AbstractQueuedSynchronizer$ConditionObject.awaitNanos(AbstractQueuedSynchronizer.java:2078)&#10;        at java.util.concurrent.LinkedBlockingQueue.poll(LinkedBlockingQueue.java:467)&#10;        at org.apache.hadoop.ipc.CallQueueManager.take(CallQueueManager.java:288)&#10;        at org.apache.hadoop.ipc.Server$Handler.run(Server.java:2668)&#10;&quot;pool-26-thread-44&quot;  prio=5 tid=402 in Object.wait()&#10;java.lang.Thread.State: WAITING (on object monitor)&#10;        at sun.misc.Unsafe.park(Native Method)&#10;        at java.util.concurrent.locks.LockSupport.park(LockSupport.java:175)&#10;        at java.util.concurrent.locks.AbstractQueuedSynchronizer$ConditionObject.await(AbstractQueuedSynchronizer.java:2039)&#10;        at java.util.concurrent.ArrayBlockingQueue.take(ArrayBlockingQueue.java:403)&#10;        at java.util.concurrent.ThreadPoolExecutor.getTask(ThreadPoolExecutor.java:1074)&#10;        at java.util.concurrent.ThreadPoolExecutor.runWorker(ThreadPoolExecutor.java:1134)&#10;        at java.util.concurrent.ThreadPoolExecutor$Worker.run(ThreadPoolExecutor.java:624)&#10;        at java.lang.Thread.run(Thread.java:748)&#10;&quot;grpc-default-executor-6&quot; daemon prio=5 tid=991 timed_waiting&#10;java.lang.Thread.State: TIMED_WAITING&#10;        at sun.misc.Unsafe.park(Native Method)&#10;        at java.util.concurrent.locks.LockSupport.parkNanos(LockSupport.java:215)&#10;        at java.util.concurrent.SynchronousQueue$TransferStack.awaitFulfill(SynchronousQueue.java:460)&#10;        at java.util.concurrent.SynchronousQueue$TransferStack.transfer(SynchronousQueue.java:362)&#10;        at java.util.concurrent.SynchronousQueue.poll(SynchronousQueue.java:941)&#10;        at java.util.concurrent.ThreadPoolExecutor.getTask(ThreadPoolExecutor.java:1073)&#10;        at java.util.concurrent.ThreadPoolExecutor.runWorker(ThreadPoolExecutor.java:1134)&#10;        at java.util.concurrent.ThreadPoolExecutor$Worker.run(ThreadPoolExecutor.java:624)&#10;        at java.lang.Thread.run(Thread.java:748)&#10;&quot;pool-66-thread-25&quot;  prio=5 tid=588 in Object.wait()&#10;java.lang.Thread.State: WAITING (on object monitor)&#10;        at sun.misc.Unsafe.park(Native Method)&#10;        at java.util.concurrent.locks.LockSupport.park(LockSupport.java:175)&#10;        at java.util.concurrent.locks.AbstractQueuedSynchronizer$ConditionObject.await(AbstractQueuedSynchronizer.java:2039)&#10;        at java.util.concurrent.ArrayBlockingQueue.take(ArrayBlockingQueue.java:403)&#10;        at java.util.concurrent.ThreadPoolExecutor.getTask(ThreadPoolExecutor.java:1074)&#10;        at java.util.concurrent.ThreadPoolExecutor.runWorker(ThreadPoolExecutor.java:1134)&#10;        at java.util.concurrent.ThreadPoolExecutor$Worker.run(ThreadPoolExecutor.java:624)&#10;        at java.lang.Thread.run(Thread.java:748)&#10;&quot;pool-26-thread-18&quot;  prio=5 tid=348 in Object.wait()&#10;java.lang.Thread.State: WAITING (on object monitor)&#10;        at sun.misc.Unsafe.park(Native Method)&#10;        at java.util.concurrent.locks.LockSupport.park(LockSupport.java:175)&#10;        at java.util.concurrent.locks.AbstractQueuedSynchronizer$ConditionObject.await(AbstractQueuedSynchronizer.java:2039)&#10;        at java.util.concurrent.ArrayBlockingQueue.take(ArrayBlockingQueue.java:403)&#10;        at java.util.concurrent.ThreadPoolExecutor.getTask(ThreadPoolExecutor.java:1074)&#10;        at java.util.concurrent.ThreadPoolExecutor.runWorker(ThreadPoolExecutor.java:1134)&#10;        at java.util.concurrent.ThreadPoolExecutor$Worker.run(ThreadPoolExecutor.java:624)&#10;        at java.lang.Thread.run(Thread.java:748)&#10;&quot;0fc43408-9179-47bd-a807-e56cc33d805e@group-69898A346AAC-SegmentedRaftLogWorker&quot;  prio=5 tid=925 timed_waiting&#10;java.lang.Thread.State: TIMED_WAITING&#10;        at sun.misc.Unsafe.park(Native Method)&#10;        at java.util.concurrent.locks.LockSupport.parkNanos(LockSupport.java:215)&#10;        at java.util.concurrent.locks.AbstractQueuedSynchronizer$ConditionObject.awaitNanos(AbstractQueuedSynchronizer.java:2078)&#10;        at org.apache.ratis.util.DataBlockingQueue.poll(DataBlockingQueue.java:137)&#10;        at org.apache.ratis.server.raftlog.segmented.SegmentedRaftLogWorker.run(SegmentedRaftLogWorker.java:282)&#10;        at java.lang.Thread.run(Thread.java:748)&#10;&quot;pool-56-thread-22&quot;  prio=5 tid=520 in Object.wait()&#10;java.lang.Thread.State: WAITING (on object monitor)&#10;        at sun.misc.Unsafe.park(Native Method)&#10;        at java.util.concurrent.locks.LockSupport.park(LockSupport.java:175)&#10;        at java.util.concurrent.locks.AbstractQueuedSynchronizer$ConditionObject.await(AbstractQueuedSynchronizer.java:2039)&#10;        at java.util.concurrent.ArrayBlockingQueue.take(ArrayBlockingQueue.java:403)&#10;        at java.util.concurrent.ThreadPoolExecutor.getTask(ThreadPoolExecutor.java:1074)&#10;        at java.util.concurrent.ThreadPoolExecutor.runWorker(ThreadPoolExecutor.java:1134)&#10;        at java.util.concurrent.ThreadPoolExecutor$Worker.run(ThreadPoolExecutor.java:624)&#10;        at java.lang.Thread.run(Thread.java:748)&#10;&quot;pool-76-thread-39&quot;  prio=5 tid=664 in Object.wait()&#10;java.lang.Thread.State: WAITING (on object monitor)&#10;        at sun.misc.Unsafe.park(Native Method)&#10;        at java.util.concurrent.locks.LockSupport.park(LockSupport.java:175)&#10;        at java.util.concurrent.locks.AbstractQueuedSynchronizer$ConditionObject.await(AbstractQueuedSynchronizer.java:2039)&#10;        at java.util.concurrent.ArrayBlockingQueue.take(ArrayBlockingQueue.java:403)&#10;        at java.util.concurrent.ThreadPoolExecutor.getTask(ThreadPoolExecutor.java:1074)&#10;        at java.util.concurrent.ThreadPoolExecutor.runWorker(ThreadPoolExecutor.java:1134)&#10;        at java.util.concurrent.ThreadPoolExecutor$Worker.run(ThreadPoolExecutor.java:624)&#10;        at java.lang.Thread.run(Thread.java:748)&#10;&quot;pool-66-thread-18&quot;  prio=5 tid=581 in Object.wait()&#10;java.lang.Thread.State: WAITING (on object monitor)&#10;        at sun.misc.Unsafe.park(Native Method)&#10;        at java.util.concurrent.locks.LockSupport.park(LockSupport.java:175)&#10;        at java.util.concurrent.locks.AbstractQueuedSynchronizer$ConditionObject.await(AbstractQueuedSynchronizer.java:2039)&#10;        at java.util.concurrent.ArrayBlockingQueue.take(ArrayBlockingQueue.java:403)&#10;        at java.util.concurrent.ThreadPoolExecutor.getTask(ThreadPoolExecutor.java:1074)&#10;        at java.util.concurrent.ThreadPoolExecutor.runWorker(ThreadPoolExecutor.java:1134)&#10;        at java.util.concurrent.ThreadPoolExecutor$Worker.run(ThreadPoolExecutor.java:624)&#10;        at java.lang.Thread.run(Thread.java:748)&#10;&quot;pool-26-thread-49&quot;  prio=5 tid=412 in Object.wait()&#10;java.lang.Thread.State: WAITING (on object monitor)&#10;        at sun.misc.Unsafe.park(Native Method)&#10;        at java.util.concurrent.locks.LockSupport.park(LockSupport.java:175)&#10;        at java.util.concurrent.locks.AbstractQueuedSynchronizer$ConditionObject.await(AbstractQueuedSynchronizer.java:2039)&#10;        at java.util.concurrent.ArrayBlockingQueue.take(ArrayBlockingQueue.java:403)&#10;        at java.util.concurrent.ThreadPoolExecutor.getTask(ThreadPoolExecutor.java:1074)&#10;        at java.util.concurrent.ThreadPoolExecutor.runWorker(ThreadPoolExecutor.java:1134)&#10;        at java.util.concurrent.ThreadPoolExecutor$Worker.run(ThreadPoolExecutor.java:624)&#10;        at java.lang.Thread.run(Thread.java:748)&#10;&quot;Datanode ReportManager Thread - 2&quot; daemon prio=5 tid=201 in Object.wait()&#10;java.lang.Thread.State: WAITING (on object monitor)&#10;        at sun.misc.Unsafe.park(Native Method)&#10;        at java.util.concurrent.locks.LockSupport.park(LockSupport.java:175)&#10;        at java.util.concurrent.locks.AbstractQueuedSynchronizer$ConditionObject.await(AbstractQueuedSynchronizer.java:2039)&#10;        at java.util.concurrent.ScheduledThreadPoolExecutor$DelayedWorkQueue.take(ScheduledThreadPoolExecutor.java:1088)&#10;        at java.util.concurrent.ScheduledThreadPoolExecutor$DelayedWorkQueue.take(ScheduledThreadPoolExecutor.java:809)&#10;        at java.util.concurrent.ThreadPoolExecutor.getTask(ThreadPoolExecutor.java:1074)&#10;        at java.util.concurrent.ThreadPoolExecutor.runWorker(ThreadPoolExecutor.java:1134)&#10;        at java.util.concurrent.ThreadPoolExecutor$Worker.run(ThreadPoolExecutor.java:624)&#10;        at java.lang.Thread.run(Thread.java:748)&#10;&quot;metrics-hadoop-metrics2-reporter-37-thread-1&quot; daemon prio=5 tid=809 timed_waiting&#10;java.lang.Thread.State: TIMED_WAITING&#10;        at sun.misc.Unsafe.park(Native Method)&#10;        at java.util.concurrent.locks.LockSupport.parkNanos(LockSupport.java:215)&#10;        at java.util.concurrent.locks.AbstractQueuedSynchronizer$ConditionObject.awaitNanos(AbstractQueuedSynchronizer.java:2078)&#10;        at java.util.concurrent.ScheduledThreadPoolExecutor$DelayedWorkQueue.take(ScheduledThreadPoolExecutor.java:1093)&#10;        at java.util.concurrent.ScheduledThreadPoolExecutor$DelayedWorkQueue.take(ScheduledThreadPoolExecutor.java:809)&#10;        at java.util.concurrent.ThreadPoolExecutor.getTask(ThreadPoolExecutor.java:1074)&#10;        at java.util.concurrent.ThreadPoolExecutor.runWorker(ThreadPoolExecutor.java:1134)&#10;        at java.util.concurrent.ThreadPoolExecutor$Worker.run(ThreadPoolExecutor.java:624)&#10;        at java.lang.Thread.run(Thread.java:748)&#10;&quot;pool-66-thread-26&quot;  prio=5 tid=589 in Object.wait()&#10;java.lang.Thread.State: WAITING (on object monitor)&#10;        at sun.misc.Unsafe.park(Native Method)&#10;        at java.util.concurrent.locks.LockSupport.park(LockSupport.java:175)&#10;        at java.util.concurrent.locks.AbstractQueuedSynchronizer$ConditionObject.await(AbstractQueuedSynchronizer.java:2039)&#10;        at java.util.concurrent.ArrayBlockingQueue.take(ArrayBlockingQueue.java:403)&#10;        at java.util.concurrent.ThreadPoolExecutor.getTask(ThreadPoolExecutor.java:1074)&#10;        at java.util.concurrent.ThreadPoolExecutor.runWorker(ThreadPoolExecutor.java:1134)&#10;        at java.util.concurrent.ThreadPoolExecutor$Worker.run(ThreadPoolExecutor.java:624)&#10;        at java.lang.Thread.run(Thread.java:748)&#10;&quot;pool-36-thread-11&quot;  prio=5 tid=337 in Object.wait()&#10;java.lang.Thread.State: WAITING (on object monitor)&#10;        at sun.misc.Unsafe.park(Native Method)&#10;        at java.util.concurrent.locks.LockSupport.park(LockSupport.java:175)&#10;        at java.util.concurrent.locks.AbstractQueuedSynchronizer$ConditionObject.await(AbstractQueuedSynchronizer.java:2039)&#10;        at java.util.concurrent.ArrayBlockingQueue.take(ArrayBlockingQueue.java:403)&#10;        at java.util.concurrent.ThreadPoolExecutor.getTask(ThreadPoolExecutor.java:1074)&#10;        at java.util.concurrent.ThreadPoolExecutor.runWorker(ThreadPoolExecutor.java:1134)&#10;        at java.util.concurrent.ThreadPoolExecutor$Worker.run(ThreadPoolExecutor.java:624)&#10;        at java.lang.Thread.run(Thread.java:748)&#10;&quot;org.apache.hadoop.util.JvmPauseMonitor$Monitor@6c48b1cf&quot; daemon prio=5 tid=104 timed_waiting&#10;java.lang.Thread.State: TIMED_WAITING&#10;        at java.lang.Thread.sleep(Native Method)&#10;        at org.apache.hadoop.util.JvmPauseMonitor$Monitor.run(JvmPauseMonitor.java:192)&#10;        at java.lang.Thread.run(Thread.java:748)&#10;&quot;IPC Server handler 6 on 33440&quot; daemon prio=5 tid=56 timed_waiting&#10;java.lang.Thread.State: TIMED_WAITING&#10;        at sun.misc.Unsafe.park(Native Method)&#10;        at java.util.concurrent.locks.LockSupport.parkNanos(LockSupport.java:215)&#10;        at java.util.concurrent.locks.AbstractQueuedSynchronizer$ConditionObject.awaitNanos(AbstractQueuedSynchronizer.java:2078)&#10;        at java.util.concurrent.LinkedBlockingQueue.poll(LinkedBlockingQueue.java:467)&#10;        at org.apache.hadoop.ipc.CallQueueManager.take(CallQueueManager.java:288)&#10;        at org.apache.hadoop.ipc.Server$Handler.run(Server.java:2668)&#10;&quot;metrics-hadoop-metrics2-reporter-73-thread-1&quot; daemon prio=5 tid=1025 timed_waiting&#10;java.lang.Thread.State: TIMED_WAITING&#10;        at sun.misc.Unsafe.park(Native Method)&#10;        at java.util.concurrent.locks.LockSupport.parkNanos(LockSupport.java:215)&#10;        at java.util.concurrent.locks.AbstractQueuedSynchronizer$ConditionObject.awaitNanos(AbstractQueuedSynchronizer.java:2078)&#10;        at java.util.concurrent.ScheduledThreadPoolExecutor$DelayedWorkQueue.take(ScheduledThreadPoolExecutor.java:1093)&#10;        at java.util.concurrent.ScheduledThreadPoolExecutor$DelayedWorkQueue.take(ScheduledThreadPoolExecutor.java:809)&#10;        at java.util.concurrent.ThreadPoolExecutor.getTask(ThreadPoolExecutor.java:1074)&#10;        at java.util.concurrent.ThreadPoolExecutor.runWorker(ThreadPoolExecutor.java:1134)&#10;        at java.util.concurrent.ThreadPoolExecutor$Worker.run(ThreadPoolExecutor.java:624)&#10;        at java.lang.Thread.run(Thread.java:748)&#10;&quot;pool-56-thread-11&quot;  prio=5 tid=509 in Object.wait()&#10;java.lang.Thread.State: WAITING (on object monitor)&#10;        at sun.misc.Unsafe.park(Native Method)&#10;        at java.util.concurrent.locks.LockSupport.park(LockSupport.java:175)&#10;        at java.util.concurrent.locks.AbstractQueuedSynchronizer$ConditionObject.await(AbstractQueuedSynchronizer.java:2039)&#10;        at java.util.concurrent.ArrayBlockingQueue.take(ArrayBlockingQueue.java:403)&#10;        at java.util.concurrent.ThreadPoolExecutor.getTask(ThreadPoolExecutor.java:1074)&#10;        at java.util.concurrent.ThreadPoolExecutor.runWorker(ThreadPoolExecutor.java:1134)&#10;        at java.util.concurrent.ThreadPoolExecutor$Worker.run(ThreadPoolExecutor.java:624)&#10;        at java.lang.Thread.run(Thread.java:748)&#10;&quot;pool-56-thread-60&quot;  prio=5 tid=561 in Object.wait()&#10;java.lang.Thread.State: WAITING (on object monitor)&#10;        at sun.misc.Unsafe.park(Native Method)&#10;        at java.util.concurrent.locks.LockSupport.park(LockSupport.java:175)&#10;        at java.util.concurrent.locks.AbstractQueuedSynchronizer$ConditionObject.await(AbstractQueuedSynchronizer.java:2039)&#10;        at java.util.concurrent.ArrayBlockingQueue.take(ArrayBlockingQueue.java:403)&#10;        at java.util.concurrent.ThreadPoolExecutor.getTask(ThreadPoolExecutor.java:1074)&#10;        at java.util.concurrent.ThreadPoolExecutor.runWorker(ThreadPoolExecutor.java:1134)&#10;        at java.util.concurrent.ThreadPoolExecutor$Worker.run(ThreadPoolExecutor.java:624)&#10;        at java.lang.Thread.run(Thread.java:748)&#10;&quot;qtp1051453582-191&quot; daemon prio=5 tid=191 timed_waiting&#10;java.lang.Thread.State: TIMED_WAITING&#10;        at sun.misc.Unsafe.park(Native Method)&#10;        at java.util.concurrent.locks.LockSupport.parkNanos(LockSupport.java:215)&#10;        at java.util.concurrent.locks.AbstractQueuedSynchronizer$ConditionObject.awaitNanos(AbstractQueuedSynchronizer.java:2078)&#10;        at org.eclipse.jetty.util.BlockingArrayQueue.poll(BlockingArrayQueue.java:392)&#10;        at org.eclipse.jetty.util.thread.QueuedThreadPool.idleJobPoll(QueuedThreadPool.java:563)&#10;        at org.eclipse.jetty.util.thread.QueuedThreadPool.access$800(QueuedThreadPool.java:48)&#10;        at org.eclipse.jetty.util.thread.QueuedThreadPool$2.run(QueuedThreadPool.java:626)&#10;        at java.lang.Thread.run(Thread.java:748)&#10;&quot;metrics-hadoop-metrics2-reporter-54-thread-1&quot; daemon prio=5 tid=909 timed_waiting&#10;java.lang.Thread.State: TIMED_WAITING&#10;        at sun.misc.Unsafe.park(Native Method)&#10;        at java.util.concurrent.locks.LockSupport.parkNanos(LockSupport.java:215)&#10;        at java.util.concurrent.locks.AbstractQueuedSynchronizer$ConditionObject.awaitNanos(AbstractQueuedSynchronizer.java:2078)&#10;        at java.util.concurrent.ScheduledThreadPoolExecutor$DelayedWorkQueue.take(ScheduledThreadPoolExecutor.java:1093)&#10;        at java.util.concurrent.ScheduledThreadPoolExecutor$DelayedWorkQueue.take(ScheduledThreadPoolExecutor.java:809)&#10;        at java.util.concurrent.ThreadPoolExecutor.getTask(ThreadPoolExecutor.java:1074)&#10;        at java.util.concurrent.ThreadPoolExecutor.runWorker(ThreadPoolExecutor.java:1134)&#10;        at java.util.concurrent.ThreadPoolExecutor$Worker.run(ThreadPoolExecutor.java:624)&#10;        at java.lang.Thread.run(Thread.java:748)&#10;&quot;Datanode State Machine Thread - 0&quot; daemon prio=5 tid=205 timed_waiting&#10;java.lang.Thread.State: TIMED_WAITING&#10;        at sun.misc.Unsafe.park(Native Method)&#10;        at java.util.concurrent.locks.LockSupport.parkNanos(LockSupport.java:215)&#10;        at java.util.concurrent.SynchronousQueue$TransferStack.awaitFulfill(SynchronousQueue.java:460)&#10;        at java.util.concurrent.SynchronousQueue$TransferStack.transfer(SynchronousQueue.java:362)&#10;        at java.util.concurrent.SynchronousQueue.poll(SynchronousQueue.java:941)&#10;        at java.util.concurrent.ThreadPoolExecutor.getTask(ThreadPoolExecutor.java:1073)&#10;        at java.util.concurrent.ThreadPoolExecutor.runWorker(ThreadPoolExecutor.java:1134)&#10;        at java.util.concurrent.ThreadPoolExecutor$Worker.run(ThreadPoolExecutor.java:624)&#10;        at java.lang.Thread.run(Thread.java:748)&#10;&quot;EventQueue-NodeRegistrationContainerReportForDataNodeSafeModeRule&quot; daemon prio=5 tid=691 in Object.wait()&#10;java.lang.Thread.State: WAITING (on object monitor)&#10;        at sun.misc.Unsafe.park(Native Method)&#10;        at java.util.concurrent.locks.LockSupport.park(LockSupport.java:175)&#10;        at java.util.concurrent.locks.AbstractQueuedSynchronizer$ConditionObject.await(AbstractQueuedSynchronizer.java:2039)&#10;        at java.util.concurrent.LinkedBlockingQueue.take(LinkedBlockingQueue.java:442)&#10;        at java.util.concurrent.ThreadPoolExecutor.getTask(ThreadPoolExecutor.java:1074)&#10;        at java.util.concurrent.ThreadPoolExecutor.runWorker(ThreadPoolExecutor.java:1134)&#10;        at java.util.concurrent.ThreadPoolExecutor$Worker.run(ThreadPoolExecutor.java:624)&#10;        at java.lang.Thread.run(Thread.java:748)&#10;&quot;pool-46-thread-57&quot;  prio=5 tid=491 in Object.wait()&#10;java.lang.Thread.State: WAITING (on object monitor)&#10;        at sun.misc.Unsafe.park(Native Method)&#10;        at java.util.concurrent.locks.LockSupport.park(LockSupport.java:175)&#10;        at java.util.concurrent.locks.AbstractQueuedSynchronizer$ConditionObject.await(AbstractQueuedSynchronizer.java:2039)&#10;        at java.util.concurrent.ArrayBlockingQueue.take(ArrayBlockingQueue.java:403)&#10;        at java.util.concurrent.ThreadPoolExecutor.getTask(ThreadPoolExecutor.java:1074)&#10;        at java.util.concurrent.ThreadPoolExecutor.runWorker(ThreadPoolExecutor.java:1134)&#10;        at java.util.concurrent.ThreadPoolExecutor$Worker.run(ThreadPoolExecutor.java:624)&#10;        at java.lang.Thread.run(Thread.java:748)&#10;&quot;qtp689037899-296-acceptor-0@853ca4f-ServerConnector@53e9a0b8{HTTP/1.1,[http/1.1]}{0.0.0.0:41801}&quot; daemon prio=3 tid=296 runnable&#10;java.lang.Thread.State: RUNNABLE&#10;        at sun.nio.ch.ServerSocketChannelImpl.accept0(Native Method)&#10;        at sun.nio.ch.ServerSocketChannelImpl.accept(ServerSocketChannelImpl.java:422)&#10;        at sun.nio.ch.ServerSocketChannelImpl.accept(ServerSocketChannelImpl.java:250)&#10;        at org.eclipse.jetty.server.ServerConnector.accept(ServerConnector.java:397)&#10;        at org.eclipse.jetty.server.AbstractConnector$Acceptor.run(AbstractConnector.java:601)&#10;        at org.eclipse.jetty.util.thread.QueuedThreadPool.runJob(QueuedThreadPool.java:671)&#10;        at org.eclipse.jetty.util.thread.QueuedThreadPool$2.run(QueuedThreadPool.java:589)&#10;        at java.lang.Thread.run(Thread.java:748)&#10;&quot;BlockDeletingService#1&quot; daemon prio=5 tid=541 in Object.wait()&#10;java.lang.Thread.State: WAITING (on object monitor)&#10;        at sun.misc.Unsafe.park(Native Method)&#10;        at java.util.concurrent.locks.LockSupport.park(LockSupport.java:175)&#10;        at java.util.concurrent.locks.AbstractQueuedSynchronizer$ConditionObject.await(AbstractQueuedSynchronizer.java:2039)&#10;        at java.util.concurrent.ScheduledThreadPoolExecutor$DelayedWorkQueue.take(ScheduledThreadPoolExecutor.java:1088)&#10;        at java.util.concurrent.ScheduledThreadPoolExecutor$DelayedWorkQueue.take(ScheduledThreadPoolExecutor.java:809)&#10;        at java.util.concurrent.ThreadPoolExecutor.getTask(ThreadPoolExecutor.java:1074)&#10;        at java.util.concurrent.ThreadPoolExecutor.runWorker(ThreadPoolExecutor.java:1134)&#10;        at java.util.concurrent.ThreadPoolExecutor$Worker.run(ThreadPoolExecutor.java:624)&#10;        at java.lang.Thread.run(Thread.java:748)&#10;&quot;BlockDeletingService#1&quot; daemon prio=5 tid=625 in Object.wait()&#10;java.lang.Thread.State: WAITING (on object monitor)&#10;        at sun.misc.Unsafe.park(Native Method)&#10;        at java.util.concurrent.locks.LockSupport.park(LockSupport.java:175)&#10;        at java.util.concurrent.locks.AbstractQueuedSynchronizer$ConditionObject.await(AbstractQueuedSynchronizer.java:2039)&#10;        at java.util.concurrent.ScheduledThreadPoolExecutor$DelayedWorkQueue.take(ScheduledThreadPoolExecutor.java:1088)&#10;        at java.util.concurrent.ScheduledThreadPoolExecutor$DelayedWorkQueue.take(ScheduledThreadPoolExecutor.java:809)&#10;        at java.util.concurrent.ThreadPoolExecutor.getTask(ThreadPoolExecutor.java:1074)&#10;        at java.util.concurrent.ThreadPoolExecutor.runWorker(ThreadPoolExecutor.java:1134)&#10;        at java.util.concurrent.ThreadPoolExecutor$Worker.run(ThreadPoolExecutor.java:624)&#10;        at java.lang.Thread.run(Thread.java:748)&#10;&quot;metrics-hadoop-metrics2-reporter-47-thread-1&quot; daemon prio=5 tid=864 timed_waiting&#10;java.lang.Thread.State: TIMED_WAITING&#10;        at sun.misc.Unsafe.park(Native Method)&#10;        at java.util.concurrent.locks.LockSupport.parkNanos(LockSupport.java:215)&#10;        at java.util.concurrent.locks.AbstractQueuedSynchronizer$ConditionObject.awaitNanos(AbstractQueuedSynchronizer.java:2078)&#10;        at java.util.concurrent.ScheduledThreadPoolExecutor$DelayedWorkQueue.take(ScheduledThreadPoolExecutor.java:1093)&#10;        at java.util.concurrent.ScheduledThreadPoolExecutor$DelayedWorkQueue.take(ScheduledThreadPoolExecutor.java:809)&#10;        at java.util.concurrent.ThreadPoolExecutor.getTask(ThreadPoolExecutor.java:1074)&#10;        at java.util.concurrent.ThreadPoolExecutor.runWorker(ThreadPoolExecutor.java:1134)&#10;        at java.util.concurrent.ThreadPoolExecutor$Worker.run(ThreadPoolExecutor.java:624)&#10;        at java.lang.Thread.run(Thread.java:748)&#10;&quot;pool-26-thread-22&quot;  prio=5 tid=356 in Object.wait()&#10;java.lang.Thread.State: WAITING (on object monitor)&#10;        at sun.misc.Unsafe.park(Native Method)&#10;        at java.util.concurrent.locks.LockSupport.park(LockSupport.java:175)&#10;        at java.util.concurrent.locks.AbstractQueuedSynchronizer$ConditionObject.await(AbstractQueuedSynchronizer.java:2039)&#10;        at java.util.concurrent.ArrayBlockingQueue.take(ArrayBlockingQueue.java:403)&#10;        at java.util.concurrent.ThreadPoolExecutor.getTask(ThreadPoolExecutor.java:1074)&#10;        at java.util.concurrent.ThreadPoolExecutor.runWorker(ThreadPoolExecutor.java:1134)&#10;        at java.util.concurrent.ThreadPoolExecutor$Worker.run(ThreadPoolExecutor.java:624)&#10;        at java.lang.Thread.run(Thread.java:748)&#10;&quot;pool-76-thread-26&quot;  prio=5 tid=651 in Object.wait()&#10;java.lang.Thread.State: WAITING (on object monitor)&#10;        at sun.misc.Unsafe.park(Native Method)&#10;        at java.util.concurrent.locks.LockSupport.park(LockSupport.java:175)&#10;        at java.util.concurrent.locks.AbstractQueuedSynchronizer$ConditionObject.await(AbstractQueuedSynchronizer.java:2039)&#10;        at java.util.concurrent.ArrayBlockingQueue.take(ArrayBlockingQueue.java:403)&#10;        at java.util.concurrent.ThreadPoolExecutor.getTask(ThreadPoolExecutor.java:1074)&#10;        at java.util.concurrent.ThreadPoolExecutor.runWorker(ThreadPoolExecutor.java:1134)&#10;        at java.util.concurrent.ThreadPoolExecutor$Worker.run(ThreadPoolExecutor.java:624)&#10;        at java.lang.Thread.run(Thread.java:748)&#10;&quot;pool-66-thread-54&quot;  prio=5 tid=617 in Object.wait()&#10;java.lang.Thread.State: WAITING (on object monitor)&#10;        at sun.misc.Unsafe.park(Native Method)&#10;        at java.util.concurrent.locks.LockSupport.park(LockSupport.java:175)&#10;        at java.util.concurrent.locks.AbstractQueuedSynchronizer$ConditionObject.await(AbstractQueuedSynchronizer.java:2039)&#10;        at java.util.concurrent.ArrayBlockingQueue.take(ArrayBlockingQueue.java:403)&#10;        at java.util.concurrent.ThreadPoolExecutor.getTask(ThreadPoolExecutor.java:1074)&#10;        at java.util.concurrent.ThreadPoolExecutor.runWorker(ThreadPoolExecutor.java:1134)&#10;        at java.util.concurrent.ThreadPoolExecutor$Worker.run(ThreadPoolExecutor.java:624)&#10;        at java.lang.Thread.run(Thread.java:748)&#10;&quot;metrics-hadoop-metrics2-reporter-39-thread-1&quot; daemon prio=5 tid=818 timed_waiting&#10;java.lang.Thread.State: TIMED_WAITING&#10;        at sun.misc.Unsafe.park(Native Method)&#10;        at java.util.concurrent.locks.LockSupport.parkNanos(LockSupport.java:215)&#10;        at java.util.concurrent.locks.AbstractQueuedSynchronizer$ConditionObject.awaitNanos(AbstractQueuedSynchronizer.java:2078)&#10;        at java.util.concurrent.ScheduledThreadPoolExecutor$DelayedWorkQueue.take(ScheduledThreadPoolExecutor.java:1093)&#10;        at java.util.concurrent.ScheduledThreadPoolExecutor$DelayedWorkQueue.take(ScheduledThreadPoolExecutor.java:809)&#10;        at java.util.concurrent.ThreadPoolExecutor.getTask(ThreadPoolExecutor.java:1074)&#10;        at java.util.concurrent.ThreadPoolExecutor.runWorker(ThreadPoolExecutor.java:1134)&#10;        at java.util.concurrent.ThreadPoolExecutor$Worker.run(ThreadPoolExecutor.java:624)&#10;        at java.lang.Thread.run(Thread.java:748)&#10;&quot;Timer-0&quot;  prio=5 tid=113 timed_waiting&#10;java.lang.Thread.State: TIMED_WAITING&#10;        at java.lang.Object.wait(Native Method)&#10;        at java.util.TimerThread.mainLoop(Timer.java:552)&#10;        at java.util.TimerThread.run(Timer.java:505)&#10;&quot;pool-76-thread-35&quot;  prio=5 tid=660 in Object.wait()&#10;java.lang.Thread.State: WAITING (on object monitor)&#10;        at sun.misc.Unsafe.park(Native Method)&#10;        at java.util.concurrent.locks.LockSupport.park(LockSupport.java:175)&#10;        at java.util.concurrent.locks.AbstractQueuedSynchronizer$ConditionObject.await(AbstractQueuedSynchronizer.java:2039)&#10;        at java.util.concurrent.ArrayBlockingQueue.take(ArrayBlockingQueue.java:403)&#10;        at java.util.concurrent.ThreadPoolExecutor.getTask(ThreadPoolExecutor.java:1074)&#10;        at java.util.concurrent.ThreadPoolExecutor.runWorker(ThreadPoolExecutor.java:1134)&#10;        at java.util.concurrent.ThreadPoolExecutor$Worker.run(ThreadPoolExecutor.java:624)&#10;        at java.lang.Thread.run(Thread.java:748)&#10;&quot;6fa005cd-25d6-4e29-bda6-9462a060c098@group-BAC069DAEF17-StateMachineUpdater&quot; daemon prio=5 tid=959 in Object.wait()&#10;java.lang.Thread.State: WAITING (on object monitor)&#10;        at java.lang.Object.wait(Native Method)&#10;        at java.lang.Object.wait(Object.java:502)&#10;        at org.apache.ratis.server.impl.StateMachineUpdater.waitForCommit(StateMachineUpdater.java:194)&#10;        at org.apache.ratis.server.impl.StateMachineUpdater.run(StateMachineUpdater.java:159)&#10;        at java.lang.Thread.run(Thread.java:748)&#10;&quot;qtp92143380-274&quot; daemon prio=5 tid=274 timed_waiting&#10;java.lang.Thread.State: TIMED_WAITING&#10;        at sun.misc.Unsafe.park(Native Method)&#10;        at java.util.concurrent.locks.LockSupport.parkNanos(LockSupport.java:215)&#10;        at java.util.concurrent.locks.AbstractQueuedSynchronizer$ConditionObject.awaitNanos(AbstractQueuedSynchronizer.java:2078)&#10;        at org.eclipse.jetty.util.BlockingArrayQueue.poll(BlockingArrayQueue.java:392)&#10;        at org.eclipse.jetty.util.thread.QueuedThreadPool.idleJobPoll(QueuedThreadPool.java:563)&#10;        at org.eclipse.jetty.util.thread.QueuedThreadPool.access$800(QueuedThreadPool.java:48)&#10;        at org.eclipse.jetty.util.thread.QueuedThreadPool$2.run(QueuedThreadPool.java:626)&#10;        at java.lang.Thread.run(Thread.java:748)&#10;&quot;qtp2116606463-214&quot; daemon prio=5 tid=214 runnable&#10;java.lang.Thread.State: RUNNABLE&#10;        at sun.nio.ch.EPollArrayWrapper.epollWait(Native Method)&#10;        at sun.nio.ch.EPollArrayWrapper.poll(EPollArrayWrapper.java:269)&#10;        at sun.nio.ch.EPollSelectorImpl.doSelect(EPollSelectorImpl.java:93)&#10;        at sun.nio.ch.SelectorImpl.lockAndDoSelect(SelectorImpl.java:86)&#10;        at sun.nio.ch.SelectorImpl.select(SelectorImpl.java:97)&#10;        at sun.nio.ch.SelectorImpl.select(SelectorImpl.java:101)&#10;        at org.eclipse.jetty.io.ManagedSelector$SelectorProducer.select(ManagedSelector.java:243)&#10;        at org.eclipse.jetty.io.ManagedSelector$SelectorProducer.produce(ManagedSelector.java:191)&#10;        at org.eclipse.jetty.util.thread.strategy.ExecuteProduceConsume.executeProduceConsume(ExecuteProduceConsume.java:249)&#10;        at org.eclipse.jetty.util.thread.strategy.ExecuteProduceConsume.produceConsume(ExecuteProduceConsume.java:148)&#10;        at org.eclipse.jetty.util.thread.strategy.ExecuteProduceConsume.execute(ExecuteProduceConsume.java:100)&#10;        at org.eclipse.jetty.io.ManagedSelector.run(ManagedSelector.java:147)&#10;        at org.eclipse.jetty.util.thread.QueuedThreadPool.runJob(QueuedThreadPool.java:671)&#10;        at org.eclipse.jetty.util.thread.QueuedThreadPool$2.run(QueuedThreadPool.java:589)&#10;        at java.lang.Thread.run(Thread.java:748)&#10;&quot;pool-76-thread-25&quot;  prio=5 tid=650 in Object.wait()&#10;java.lang.Thread.State: WAITING (on object monitor)&#10;        at sun.misc.Unsafe.park(Native Method)&#10;        at java.util.concurrent.locks.LockSupport.park(LockSupport.java:175)&#10;        at java.util.concurrent.locks.AbstractQueuedSynchronizer$ConditionObject.await(AbstractQueuedSynchronizer.java:2039)&#10;        at java.util.concurrent.ArrayBlockingQueue.take(ArrayBlockingQueue.java:403)&#10;        at java.util.concurrent.ThreadPoolExecutor.getTask(ThreadPoolExecutor.java:1074)&#10;        at java.util.concurrent.ThreadPoolExecutor.runWorker(ThreadPoolExecutor.java:1134)&#10;        at java.util.concurrent.ThreadPoolExecutor$Worker.run(ThreadPoolExecutor.java:624)&#10;        at java.lang.Thread.run(Thread.java:748)&#10;&quot;pool-26-thread-1&quot;  prio=5 tid=315 in Object.wait()&#10;java.lang.Thread.State: WAITING (on object monitor)&#10;        at sun.misc.Unsafe.park(Native Method)&#10;        at java.util.concurrent.locks.LockSupport.park(LockSupport.java:175)&#10;        at java.util.concurrent.locks.AbstractQueuedSynchronizer$ConditionObject.await(AbstractQueuedSynchronizer.java:2039)&#10;        at java.util.concurrent.ArrayBlockingQueue.take(ArrayBlockingQueue.java:403)&#10;        at java.util.concurrent.ThreadPoolExecutor.getTask(ThreadPoolExecutor.java:1074)&#10;        at java.util.concurrent.ThreadPoolExecutor.runWorker(ThreadPoolExecutor.java:1134)&#10;        at java.util.concurrent.ThreadPoolExecutor$Worker.run(ThreadPoolExecutor.java:624)&#10;        at java.lang.Thread.run(Thread.java:748)&#10;&quot;metrics-hadoop-metrics2-reporter-9-thread-1&quot; daemon prio=5 tid=722 timed_waiting&#10;java.lang.Thread.State: TIMED_WAITING&#10;        at sun.misc.Unsafe.park(Native Method)&#10;        at java.util.concurrent.locks.LockSupport.parkNanos(LockSupport.java:215)&#10;        at java.util.concurrent.locks.AbstractQueuedSynchronizer$ConditionObject.awaitNanos(AbstractQueuedSynchronizer.java:2078)&#10;        at java.util.concurrent.ScheduledThreadPoolExecutor$DelayedWorkQueue.take(ScheduledThreadPoolExecutor.java:1093)&#10;        at java.util.concurrent.ScheduledThreadPoolExecutor$DelayedWorkQueue.take(ScheduledThreadPoolExecutor.java:809)&#10;        at java.util.concurrent.ThreadPoolExecutor.getTask(ThreadPoolExecutor.java:1074)&#10;        at java.util.concurrent.ThreadPoolExecutor.runWorker(ThreadPoolExecutor.java:1134)&#10;        at java.util.concurrent.ThreadPoolExecutor$Worker.run(ThreadPoolExecutor.java:624)&#10;        at java.lang.Thread.run(Thread.java:748)&#10;&quot;pool-76-thread-56&quot;  prio=5 tid=681 in Object.wait()&#10;java.lang.Thread.State: WAITING (on object monitor)&#10;        at sun.misc.Unsafe.park(Native Method)&#10;        at java.util.concurrent.locks.LockSupport.park(LockSupport.java:175)&#10;        at java.util.concurrent.locks.AbstractQueuedSynchronizer$ConditionObject.await(AbstractQueuedSynchronizer.java:2039)&#10;        at java.util.concurrent.ArrayBlockingQueue.take(ArrayBlockingQueue.java:403)&#10;        at java.util.concurrent.ThreadPoolExecutor.getTask(ThreadPoolExecutor.java:1074)&#10;        at java.util.concurrent.ThreadPoolExecutor.runWorker(ThreadPoolExecutor.java:1134)&#10;        at java.util.concurrent.ThreadPoolExecutor$Worker.run(ThreadPoolExecutor.java:624)&#10;        at java.lang.Thread.run(Thread.java:748)&#10;&quot;pool-76-thread-48&quot;  prio=5 tid=673 in Object.wait()&#10;java.lang.Thread.State: WAITING (on object monitor)&#10;        at sun.misc.Unsafe.park(Native Method)&#10;        at java.util.concurrent.locks.LockSupport.park(LockSupport.java:175)&#10;        at java.util.concurrent.locks.AbstractQueuedSynchronizer$ConditionObject.await(AbstractQueuedSynchronizer.java:2039)&#10;        at java.util.concurrent.ArrayBlockingQueue.take(ArrayBlockingQueue.java:403)&#10;        at java.util.concurrent.ThreadPoolExecutor.getTask(ThreadPoolExecutor.java:1074)&#10;        at java.util.concurrent.ThreadPoolExecutor.runWorker(ThreadPoolExecutor.java:1134)&#10;        at java.util.concurrent.ThreadPoolExecutor$Worker.run(ThreadPoolExecutor.java:624)&#10;        at java.lang.Thread.run(Thread.java:748)&#10;&quot;qtp693544819-242-acceptor-0@244e9695-ServerConnector@7165d94f{HTTP/1.1,[http/1.1]}{0.0.0.0:36715}&quot; daemon prio=3 tid=242 runnable&#10;java.lang.Thread.State: RUNNABLE&#10;        at sun.nio.ch.ServerSocketChannelImpl.accept0(Native Method)&#10;        at sun.nio.ch.ServerSocketChannelImpl.accept(ServerSocketChannelImpl.java:422)&#10;        at sun.nio.ch.ServerSocketChannelImpl.accept(ServerSocketChannelImpl.java:250)&#10;        at org.eclipse.jetty.server.ServerConnector.accept(ServerConnector.java:397)&#10;        at org.eclipse.jetty.server.AbstractConnector$Acceptor.run(AbstractConnector.java:601)&#10;        at org.eclipse.jetty.util.thread.QueuedThreadPool.runJob(QueuedThreadPool.java:671)&#10;        at org.eclipse.jetty.util.thread.QueuedThreadPool$2.run(QueuedThreadPool.java:589)&#10;        at java.lang.Thread.run(Thread.java:748)&#10;&quot;java.util.concurrent.ThreadPoolExecutor$Worker@7e1c386e[State = -1, empty queue]&quot; daemon prio=5 tid=972 timed_waiting&#10;java.lang.Thread.State: TIMED_WAITING&#10;        at sun.misc.Unsafe.park(Native Method)&#10;        at java.util.concurrent.locks.LockSupport.parkNanos(LockSupport.java:215)&#10;        at java.util.concurrent.locks.AbstractQueuedSynchronizer$ConditionObject.awaitNanos(AbstractQueuedSynchronizer.java:2078)&#10;        at java.util.concurrent.ScheduledThreadPoolExecutor$DelayedWorkQueue.take(ScheduledThreadPoolExecutor.java:1093)&#10;        at java.util.concurrent.ScheduledThreadPoolExecutor$DelayedWorkQueue.take(ScheduledThreadPoolExecutor.java:809)&#10;        at java.util.concurrent.ThreadPoolExecutor.getTask(ThreadPoolExecutor.java:1074)&#10;        at java.util.concurrent.ThreadPoolExecutor.runWorker(ThreadPoolExecutor.java:1134)&#10;        at java.util.concurrent.ThreadPoolExecutor$Worker.run(ThreadPoolExecutor.java:624)&#10;        at java.lang.Thread.run(Thread.java:748)&#10;&quot;IPC Server handler 8 on 33440&quot; daemon prio=5 tid=58 timed_waiting&#10;java.lang.Thread.State: TIMED_WAITING&#10;        at sun.misc.Unsafe.park(Native Method)&#10;        at java.util.concurrent.locks.LockSupport.parkNanos(LockSupport.java:215)&#10;        at java.util.concurrent.locks.AbstractQueuedSynchronizer$ConditionObject.awaitNanos(AbstractQueuedSynchronizer.java:2078)&#10;        at java.util.concurrent.LinkedBlockingQueue.poll(LinkedBlockingQueue.java:467)&#10;        at org.apache.hadoop.ipc.CallQueueManager.take(CallQueueManager.java:288)&#10;        at org.apache.hadoop.ipc.Server$Handler.run(Server.java:2668)&#10;&quot;Datanode ReportManager Thread - 3&quot; daemon prio=5 tid=283 in Object.wait()&#10;java.lang.Thread.State: WAITING (on object monitor)&#10;        at sun.misc.Unsafe.park(Native Method)&#10;        at java.util.concurrent.locks.LockSupport.park(LockSupport.java:175)&#10;        at java.util.concurrent.locks.AbstractQueuedSynchronizer$ConditionObject.await(AbstractQueuedSynchronizer.java:2039)&#10;        at java.util.concurrent.ScheduledThreadPoolExecutor$DelayedWorkQueue.take(ScheduledThreadPoolExecutor.java:1088)&#10;        at java.util.concurrent.ScheduledThreadPoolExecutor$DelayedWorkQueue.take(ScheduledThreadPoolExecutor.java:809)&#10;        at java.util.concurrent.ThreadPoolExecutor.getTask(ThreadPoolExecutor.java:1074)&#10;        at java.util.concurrent.ThreadPoolExecutor.runWorker(ThreadPoolExecutor.java:1134)&#10;        at java.util.concurrent.ThreadPoolExecutor$Worker.run(ThreadPoolExecutor.java:624)&#10;        at java.lang.Thread.run(Thread.java:748)&#10;&quot;pool-30-thread-1&quot;  prio=5 tid=159 timed_waiting&#10;java.lang.Thread.State: TIMED_WAITING&#10;        at sun.misc.Unsafe.park(Native Method)&#10;        at java.util.concurrent.locks.LockSupport.parkNanos(LockSupport.java:215)&#10;        at java.util.concurrent.locks.AbstractQueuedSynchronizer$ConditionObject.awaitNanos(AbstractQueuedSynchronizer.java:2078)&#10;        at java.util.concurrent.ScheduledThreadPoolExecutor$DelayedWorkQueue.take(ScheduledThreadPoolExecutor.java:1093)&#10;        at java.util.concurrent.ScheduledThreadPoolExecutor$DelayedWorkQueue.take(ScheduledThreadPoolExecutor.java:809)&#10;        at java.util.concurrent.ThreadPoolExecutor.getTask(ThreadPoolExecutor.java:1074)&#10;        at java.util.concurrent.ThreadPoolExecutor.runWorker(ThreadPoolExecutor.java:1134)&#10;        at java.util.concurrent.ThreadPoolExecutor$Worker.run(ThreadPoolExecutor.java:624)&#10;        at java.lang.Thread.run(Thread.java:748)&#10;&quot;Reference Handler&quot; daemon prio=10 tid=2 in Object.wait()&#10;java.lang.Thread.State: WAITING (on object monitor)&#10;        at java.lang.Object.wait(Native Method)&#10;        at java.lang.Object.wait(Object.java:502)&#10;        at java.lang.ref.Reference.tryHandlePending(Reference.java:191)&#10;        at java.lang.ref.Reference$ReferenceHandler.run(Reference.java:153)&#10;&quot;Datanode ReportManager Thread - 0&quot; daemon prio=5 tid=172 timed_waiting&#10;java.lang.Thread.State: TIMED_WAITING&#10;        at sun.misc.Unsafe.park(Native Method)&#10;        at java.util.concurrent.locks.LockSupport.parkNanos(LockSupport.java:215)&#10;        at java.util.concurrent.locks.AbstractQueuedSynchronizer$ConditionObject.awaitNanos(AbstractQueuedSynchronizer.java:2078)&#10;        at java.util.concurrent.ScheduledThreadPoolExecutor$DelayedWorkQueue.take(ScheduledThreadPoolExecutor.java:1093)&#10;        at java.util.concurrent.ScheduledThreadPoolExecutor$DelayedWorkQueue.take(ScheduledThreadPoolExecutor.java:809)&#10;        at java.util.concurrent.ThreadPoolExecutor.getTask(ThreadPoolExecutor.java:1074)&#10;        at java.util.concurrent.ThreadPoolExecutor.runWorker(ThreadPoolExecutor.java:1134)&#10;        at java.util.concurrent.ThreadPoolExecutor$Worker.run(ThreadPoolExecutor.java:624)&#10;        at java.lang.Thread.run(Thread.java:748)&#10;&quot;metrics-hadoop-metrics2-reporter-24-thread-1&quot; daemon prio=5 tid=759 timed_waiting&#10;java.lang.Thread.State: TIMED_WAITING&#10;        at sun.misc.Unsafe.park(Native Method)&#10;        at java.util.concurrent.locks.LockSupport.parkNanos(LockSupport.java:215)&#10;        at java.util.concurrent.locks.AbstractQueuedSynchronizer$ConditionObject.awaitNanos(AbstractQueuedSynchronizer.java:2078)&#10;        at java.util.concurrent.ScheduledThreadPoolExecutor$DelayedWorkQueue.take(ScheduledThreadPoolExecutor.java:1093)&#10;        at java.util.concurrent.ScheduledThreadPoolExecutor$DelayedWorkQueue.take(ScheduledThreadPoolExecutor.java:809)&#10;        at java.util.concurrent.ThreadPoolExecutor.getTask(ThreadPoolExecutor.java:1074)&#10;        at java.util.concurrent.ThreadPoolExecutor.runWorker(ThreadPoolExecutor.java:1134)&#10;        at java.util.concurrent.ThreadPoolExecutor$Worker.run(ThreadPoolExecutor.java:624)&#10;        at java.lang.Thread.run(Thread.java:748)&#10;&quot;pool-66-thread-55&quot;  prio=5 tid=618 in Object.wait()&#10;java.lang.Thread.State: WAITING (on object monitor)&#10;        at sun.misc.Unsafe.park(Native Method)&#10;        at java.util.concurrent.locks.LockSupport.park(LockSupport.java:175)&#10;        at java.util.concurrent.locks.AbstractQueuedSynchronizer$ConditionObject.await(AbstractQueuedSynchronizer.java:2039)&#10;        at java.util.concurrent.ArrayBlockingQueue.take(ArrayBlockingQueue.java:403)&#10;        at java.util.concurrent.ThreadPoolExecutor.getTask(ThreadPoolExecutor.java:1074)&#10;        at java.util.concurrent.ThreadPoolExecutor.runWorker(ThreadPoolExecutor.java:1134)&#10;        at java.util.concurrent.ThreadPoolExecutor$Worker.run(ThreadPoolExecutor.java:624)&#10;        at java.lang.Thread.run(Thread.java:748)&#10;&quot;pool-26-thread-48&quot;  prio=5 tid=410 in Object.wait()&#10;java.lang.Thread.State: WAITING (on object monitor)&#10;        at sun.misc.Unsafe.park(Native Method)&#10;        at java.util.concurrent.locks.LockSupport.park(LockSupport.java:175)&#10;        at java.util.concurrent.locks.AbstractQueuedSynchronizer$ConditionObject.await(AbstractQueuedSynchronizer.java:2039)&#10;        at java.util.concurrent.ArrayBlockingQueue.take(ArrayBlockingQueue.java:403)&#10;        at java.util.concurrent.ThreadPoolExecutor.getTask(ThreadPoolExecutor.java:1074)&#10;        at java.util.concurrent.ThreadPoolExecutor.runWorker(ThreadPoolExecutor.java:1134)&#10;        at java.util.concurrent.ThreadPoolExecutor$Worker.run(ThreadPoolExecutor.java:624)&#10;        at java.lang.Thread.run(Thread.java:748)&#10;&quot;metrics-hadoop-metrics2-reporter-63-thread-1&quot; daemon prio=5 tid=940 timed_waiting&#10;java.lang.Thread.State: TIMED_WAITING&#10;        at sun.misc.Unsafe.park(Native Method)&#10;        at java.util.concurrent.locks.LockSupport.parkNanos(LockSupport.java:215)&#10;        at java.util.concurrent.locks.AbstractQueuedSynchronizer$ConditionObject.awaitNanos(AbstractQueuedSynchronizer.java:2078)&#10;        at java.util.concurrent.ScheduledThreadPoolExecutor$DelayedWorkQueue.take(ScheduledThreadPoolExecutor.java:1093)&#10;        at java.util.concurrent.ScheduledThreadPoolExecutor$DelayedWorkQueue.take(ScheduledThreadPoolExecutor.java:809)&#10;        at java.util.concurrent.ThreadPoolExecutor.getTask(ThreadPoolExecutor.java:1074)&#10;        at java.util.concurrent.ThreadPoolExecutor.runWorker(ThreadPoolExecutor.java:1134)&#10;        at java.util.concurrent.ThreadPoolExecutor$Worker.run(ThreadPoolExecutor.java:624)&#10;        at java.lang.Thread.run(Thread.java:748)&#10;&quot;IPC Server idle connection scanner for port 33888&quot; daemon prio=5 tid=25 timed_waiting&#10;java.lang.Thread.State: TIMED_WAITING&#10;        at java.lang.Object.wait(Native Method)&#10;        at java.util.TimerThread.mainLoop(Timer.java:552)&#10;        at java.util.TimerThread.run(Timer.java:505)&#10;&quot;metrics-hadoop-metrics2-reporter-57-thread-1&quot; daemon prio=5 tid=916 timed_waiting&#10;java.lang.Thread.State: TIMED_WAITING&#10;        at sun.misc.Unsafe.park(Native Method)&#10;        at java.util.concurrent.locks.LockSupport.parkNanos(LockSupport.java:215)&#10;        at java.util.concurrent.locks.AbstractQueuedSynchronizer$ConditionObject.awaitNanos(AbstractQueuedSynchronizer.java:2078)&#10;        at java.util.concurrent.ScheduledThreadPoolExecutor$DelayedWorkQueue.take(ScheduledThreadPoolExecutor.java:1093)&#10;        at java.util.concurrent.ScheduledThreadPoolExecutor$DelayedWorkQueue.take(ScheduledThreadPoolExecutor.java:809)&#10;        at java.util.concurrent.ThreadPoolExecutor.getTask(ThreadPoolExecutor.java:1074)&#10;        at java.util.concurrent.ThreadPoolExecutor.runWorker(ThreadPoolExecutor.java:1134)&#10;        at java.util.concurrent.ThreadPoolExecutor$Worker.run(ThreadPoolExecutor.java:624)&#10;        at java.lang.Thread.run(Thread.java:748)&#10;&quot;metrics-hadoop-metrics2-reporter-52-thread-1&quot; daemon prio=5 tid=906 timed_waiting&#10;java.lang.Thread.State: TIMED_WAITING&#10;        at sun.misc.Unsafe.park(Native Method)&#10;        at java.util.concurrent.locks.LockSupport.parkNanos(LockSupport.java:215)&#10;        at java.util.concurrent.locks.AbstractQueuedSynchronizer$ConditionObject.awaitNanos(AbstractQueuedSynchronizer.java:2078)&#10;        at java.util.concurrent.ScheduledThreadPoolExecutor$DelayedWorkQueue.take(ScheduledThreadPoolExecutor.java:1093)&#10;        at java.util.concurrent.ScheduledThreadPoolExecutor$DelayedWorkQueue.take(ScheduledThreadPoolExecutor.java:809)&#10;        at java.util.concurrent.ThreadPoolExecutor.getTask(ThreadPoolExecutor.java:1074)&#10;        at java.util.concurrent.ThreadPoolExecutor.runWorker(ThreadPoolExecutor.java:1134)&#10;        at java.util.concurrent.ThreadPoolExecutor$Worker.run(ThreadPoolExecutor.java:624)&#10;        at java.lang.Thread.run(Thread.java:748)&#10;&quot;0fc43408-9179-47bd-a807-e56cc33d805e@group-FC7768932425-SegmentedRaftLogWorker&quot;  prio=5 tid=717 timed_waiting&#10;java.lang.Thread.State: TIMED_WAITING&#10;        at sun.misc.Unsafe.park(Native Method)&#10;        at java.util.concurrent.locks.LockSupport.parkNanos(LockSupport.java:215)&#10;        at java.util.concurrent.locks.AbstractQueuedSynchronizer$ConditionObject.awaitNanos(AbstractQueuedSynchronizer.java:2078)&#10;        at org.apache.ratis.util.DataBlockingQueue.poll(DataBlockingQueue.java:137)&#10;        at org.apache.ratis.server.raftlog.segmented.SegmentedRaftLogWorker.run(SegmentedRaftLogWorker.java:282)&#10;        at java.lang.Thread.run(Thread.java:748)&#10;&quot;pool-66-thread-47&quot;  prio=5 tid=610 in Object.wait()&#10;java.lang.Thread.State: WAITING (on object monitor)&#10;        at sun.misc.Unsafe.park(Native Method)&#10;        at java.util.concurrent.locks.LockSupport.park(LockSupport.java:175)&#10;        at java.util.concurrent.locks.AbstractQueuedSynchronizer$ConditionObject.await(AbstractQueuedSynchronizer.java:2039)&#10;        at java.util.concurrent.ArrayBlockingQueue.take(ArrayBlockingQueue.java:403)&#10;        at java.util.concurrent.ThreadPoolExecutor.getTask(ThreadPoolExecutor.java:1074)&#10;        at java.util.concurrent.ThreadPoolExecutor.runWorker(ThreadPoolExecutor.java:1134)&#10;        at java.util.concurrent.ThreadPoolExecutor$Worker.run(ThreadPoolExecutor.java:624)&#10;        at java.lang.Thread.run(Thread.java:748)&#10;&quot;pool-46-thread-25&quot;  prio=5 tid=459 in Object.wait()&#10;java.lang.Thread.State: WAITING (on object monitor)&#10;        at sun.misc.Unsafe.park(Native Method)&#10;        at java.util.concurrent.locks.LockSupport.park(LockSupport.java:175)&#10;        at java.util.concurrent.locks.AbstractQueuedSynchronizer$ConditionObject.await(AbstractQueuedSynchronizer.java:2039)&#10;        at java.util.concurrent.ArrayBlockingQueue.take(ArrayBlockingQueue.java:403)&#10;        at java.util.concurrent.ThreadPoolExecutor.getTask(ThreadPoolExecutor.java:1074)&#10;        at java.util.concurrent.ThreadPoolExecutor.runWorker(ThreadPoolExecutor.java:1134)&#10;        at java.util.concurrent.ThreadPoolExecutor$Worker.run(ThreadPoolExecutor.java:624)&#10;        at java.lang.Thread.run(Thread.java:748)&#10;&quot;IPC Server handler 0 on 35347&quot; daemon prio=5 tid=70 timed_waiting&#10;java.lang.Thread.State: TIMED_WAITING&#10;        at sun.misc.Unsafe.park(Native Method)&#10;        at java.util.concurrent.locks.LockSupport.parkNanos(LockSupport.java:215)&#10;        at java.util.concurrent.locks.AbstractQueuedSynchronizer$ConditionObject.awaitNanos(AbstractQueuedSynchronizer.java:2078)&#10;        at java.util.concurrent.LinkedBlockingQueue.poll(LinkedBlockingQueue.java:467)&#10;        at org.apache.hadoop.ipc.CallQueueManager.take(CallQueueManager.java:288)&#10;        at org.apache.hadoop.ipc.Server$Handler.run(Server.java:2668)&#10;&quot;qtp92143380-275&quot; daemon prio=5 tid=275 timed_waiting&#10;java.lang.Thread.State: TIMED_WAITING&#10;        at sun.misc.Unsafe.park(Native Method)&#10;        at java.util.concurrent.locks.LockSupport.parkNanos(LockSupport.java:215)&#10;        at java.util.concurrent.locks.AbstractQueuedSynchronizer$ConditionObject.awaitNanos(AbstractQueuedSynchronizer.java:2078)&#10;        at org.eclipse.jetty.util.BlockingArrayQueue.poll(BlockingArrayQueue.java:392)&#10;        at org.eclipse.jetty.util.thread.QueuedThreadPool.idleJobPoll(QueuedThreadPool.java:563)&#10;        at org.eclipse.jetty.util.thread.QueuedThreadPool.access$800(QueuedThreadPool.java:48)&#10;        at org.eclipse.jetty.util.thread.QueuedThreadPool$2.run(QueuedThreadPool.java:626)&#10;        at java.lang.Thread.run(Thread.java:748)&#10;&quot;pool-46-thread-1&quot;  prio=5 tid=435 in Object.wait()&#10;java.lang.Thread.State: WAITING (on object monitor)&#10;        at sun.misc.Unsafe.park(Native Method)&#10;        at java.util.concurrent.locks.LockSupport.park(LockSupport.java:175)&#10;        at java.util.concurrent.locks.AbstractQueuedSynchronizer$ConditionObject.await(AbstractQueuedSynchronizer.java:2039)&#10;        at java.util.concurrent.ArrayBlockingQueue.take(ArrayBlockingQueue.java:403)&#10;        at java.util.concurrent.ThreadPoolExecutor.getTask(ThreadPoolExecutor.java:1074)&#10;        at java.util.concurrent.ThreadPoolExecutor.runWorker(ThreadPoolExecutor.java:1134)&#10;        at java.util.concurrent.ThreadPoolExecutor$Worker.run(ThreadPoolExecutor.java:624)&#10;        at java.lang.Thread.run(Thread.java:748)&#10;&quot;refreshUsed-/workdir/hadoop-ozone/integration-test/target/test-dir/MiniOzoneClusterImpl-58fc3ecd-0fbd-4e7b-a09c-4106a93dde4d/datanode-5/data/containers&quot; daemon prio=5 tid=290 timed_waiting&#10;java.lang.Thread.State: TIMED_WAITING&#10;        at java.lang.Thread.sleep(Native Method)&#10;        at org.apache.hadoop.fs.CachingGetSpaceUsed$RefreshThread.run(CachingGetSpaceUsed.java:179)&#10;        at java.lang.Thread.run(Thread.java:748)&#10;&quot;org.apache.hadoop.util.JvmPauseMonitor$Monitor@7d8a1a20&quot; daemon prio=5 tid=258 timed_waiting&#10;java.lang.Thread.State: TIMED_WAITING&#10;        at java.lang.Thread.sleep(Native Method)&#10;        at org.apache.hadoop.util.JvmPauseMonitor$Monitor.run(JvmPauseMonitor.java:192)&#10;        at java.lang.Thread.run(Thread.java:748)&#10;&quot;pool-36-thread-3&quot;  prio=5 tid=322 in Object.wait()&#10;java.lang.Thread.State: WAITING (on object monitor)&#10;        at sun.misc.Unsafe.park(Native Method)&#10;        at java.util.concurrent.locks.LockSupport.park(LockSupport.java:175)&#10;        at java.util.concurrent.locks.AbstractQueuedSynchronizer$ConditionObject.await(AbstractQueuedSynchronizer.java:2039)&#10;        at java.util.concurrent.ArrayBlockingQueue.take(ArrayBlockingQueue.java:403)&#10;        at java.util.concurrent.ThreadPoolExecutor.getTask(ThreadPoolExecutor.java:1074)&#10;        at java.util.concurrent.ThreadPoolExecutor.runWorker(ThreadPoolExecutor.java:1134)&#10;        at java.util.concurrent.ThreadPoolExecutor$Worker.run(ThreadPoolExecutor.java:624)&#10;        at java.lang.Thread.run(Thread.java:748)&#10;&quot;RatisPipelineUtilsThread&quot;  prio=5 tid=689 timed_waiting&#10;java.lang.Thread.State: TIMED_WAITING&#10;        at sun.misc.Unsafe.park(Native Method)&#10;        at java.util.concurrent.locks.LockSupport.parkNanos(LockSupport.java:215)&#10;        at java.util.concurrent.locks.AbstractQueuedSynchronizer$ConditionObject.awaitNanos(AbstractQueuedSynchronizer.java:2078)&#10;        at java.util.concurrent.ScheduledThreadPoolExecutor$DelayedWorkQueue.take(ScheduledThreadPoolExecutor.java:1093)&#10;        at java.util.concurrent.ScheduledThreadPoolExecutor$DelayedWorkQueue.take(ScheduledThreadPoolExecutor.java:809)&#10;        at java.util.concurrent.ThreadPoolExecutor.getTask(ThreadPoolExecutor.java:1074)&#10;        at java.util.concurrent.ThreadPoolExecutor.runWorker(ThreadPoolExecutor.java:1134)&#10;        at java.util.concurrent.ThreadPoolExecutor$Worker.run(ThreadPoolExecutor.java:624)&#10;        at java.lang.Thread.run(Thread.java:748)&#10;&quot;pool-66-thread-14&quot;  prio=5 tid=577 in Object.wait()&#10;java.lang.Thread.State: WAITING (on object monitor)&#10;        at sun.misc.Unsafe.park(Native Method)&#10;        at java.util.concurrent.locks.LockSupport.park(LockSupport.java:175)&#10;        at java.util.concurrent.locks.AbstractQueuedSynchronizer$ConditionObject.await(AbstractQueuedSynchronizer.java:2039)&#10;        at java.util.concurrent.ArrayBlockingQueue.take(ArrayBlockingQueue.java:403)&#10;        at java.util.concurrent.ThreadPoolExecutor.getTask(ThreadPoolExecutor.java:1074)&#10;        at java.util.concurrent.ThreadPoolExecutor.runWorker(ThreadPoolExecutor.java:1134)&#10;        at java.util.concurrent.ThreadPoolExecutor$Worker.run(ThreadPoolExecutor.java:624)&#10;        at java.lang.Thread.run(Thread.java:748)&#10;&quot;EventQueue-NewNodeForNewNodeHandler&quot; daemon prio=5 tid=688 in Object.wait()&#10;java.lang.Thread.State: WAITING (on object monitor)&#10;        at sun.misc.Unsafe.park(Native Method)&#10;        at java.util.concurrent.locks.LockSupport.park(LockSupport.java:175)&#10;        at java.util.concurrent.locks.AbstractQueuedSynchronizer$ConditionObject.await(AbstractQueuedSynchronizer.java:2039)&#10;        at java.util.concurrent.LinkedBlockingQueue.take(LinkedBlockingQueue.java:442)&#10;        at java.util.concurrent.ThreadPoolExecutor.getTask(ThreadPoolExecutor.java:1074)&#10;        at java.util.concurrent.ThreadPoolExecutor.runWorker(ThreadPoolExecutor.java:1134)&#10;        at java.util.concurrent.ThreadPoolExecutor$Worker.run(ThreadPoolExecutor.java:624)&#10;        at java.lang.Thread.run(Thread.java:748)&#10;&quot;pool-76-thread-31&quot;  prio=5 tid=656 in Object.wait()&#10;java.lang.Thread.State: WAITING (on object monitor)&#10;        at sun.misc.Unsafe.park(Native Method)&#10;        at java.util.concurrent.locks.LockSupport.park(LockSupport.java:175)&#10;        at java.util.concurrent.locks.AbstractQueuedSynchronizer$ConditionObject.await(AbstractQueuedSynchronizer.java:2039)&#10;        at java.util.concurrent.ArrayBlockingQueue.take(ArrayBlockingQueue.java:403)&#10;        at java.util.concurrent.ThreadPoolExecutor.getTask(ThreadPoolExecutor.java:1074)&#10;        at java.util.concurrent.ThreadPoolExecutor.runWorker(ThreadPoolExecutor.java:1134)&#10;        at java.util.concurrent.ThreadPoolExecutor$Worker.run(ThreadPoolExecutor.java:624)&#10;        at java.lang.Thread.run(Thread.java:748)&#10;&quot;pool-56-thread-18&quot;  prio=5 tid=516 in Object.wait()&#10;java.lang.Thread.State: WAITING (on object monitor)&#10;        at sun.misc.Unsafe.park(Native Method)&#10;        at java.util.concurrent.locks.LockSupport.park(LockSupport.java:175)&#10;        at java.util.concurrent.locks.AbstractQueuedSynchronizer$ConditionObject.await(AbstractQueuedSynchronizer.java:2039)&#10;        at java.util.concurrent.ArrayBlockingQueue.take(ArrayBlockingQueue.java:403)&#10;        at java.util.concurrent.ThreadPoolExecutor.getTask(ThreadPoolExecutor.java:1074)&#10;        at java.util.concurrent.ThreadPoolExecutor.runWorker(ThreadPoolExecutor.java:1134)&#10;        at java.util.concurrent.ThreadPoolExecutor$Worker.run(ThreadPoolExecutor.java:624)&#10;        at java.lang.Thread.run(Thread.java:748)&#10;&quot;IPC Server handler 14 on 33440&quot; daemon prio=5 tid=64 timed_waiting&#10;java.lang.Thread.State: TIMED_WAITING&#10;        at sun.misc.Unsafe.park(Native Method)&#10;        at java.util.concurrent.locks.LockSupport.parkNanos(LockSupport.java:215)&#10;        at java.util.concurrent.locks.AbstractQueuedSynchronizer$ConditionObject.awaitNanos(AbstractQueuedSynchronizer.java:2078)&#10;        at java.util.concurrent.LinkedBlockingQueue.poll(LinkedBlockingQueue.java:467)&#10;        at org.apache.hadoop.ipc.CallQueueManager.take(CallQueueManager.java:288)&#10;        at org.apache.hadoop.ipc.Server$Handler.run(Server.java:2668)&#10;&quot;pool-76-thread-5&quot;  prio=5 tid=630 in Object.wait()&#10;java.lang.Thread.State: WAITING (on object monitor)&#10;        at sun.misc.Unsafe.park(Native Method)&#10;        at java.util.concurrent.locks.LockSupport.park(LockSupport.java:175)&#10;        at java.util.concurrent.locks.AbstractQueuedSynchronizer$ConditionObject.await(AbstractQueuedSynchronizer.java:2039)&#10;        at java.util.concurrent.ArrayBlockingQueue.take(ArrayBlockingQueue.java:403)&#10;        at java.util.concurrent.ThreadPoolExecutor.getTask(ThreadPoolExecutor.java:1074)&#10;        at java.util.concurrent.ThreadPoolExecutor.runWorker(ThreadPoolExecutor.java:1134)&#10;        at java.util.concurrent.ThreadPoolExecutor$Worker.run(ThreadPoolExecutor.java:624)&#10;        at java.lang.Thread.run(Thread.java:748)&#10;&quot;qtp689037899-300&quot; daemon prio=5 tid=300 timed_waiting&#10;java.lang.Thread.State: TIMED_WAITING&#10;        at sun.misc.Unsafe.park(Native Method)&#10;        at java.util.concurrent.locks.LockSupport.parkNanos(LockSupport.java:215)&#10;        at java.util.concurrent.locks.AbstractQueuedSynchronizer$ConditionObject.awaitNanos(AbstractQueuedSynchronizer.java:2078)&#10;        at org.eclipse.jetty.util.BlockingArrayQueue.poll(BlockingArrayQueue.java:392)&#10;        at org.eclipse.jetty.util.thread.QueuedThreadPool.idleJobPoll(QueuedThreadPool.java:563)&#10;        at org.eclipse.jetty.util.thread.QueuedThreadPool.access$800(QueuedThreadPool.java:48)&#10;        at org.eclipse.jetty.util.thread.QueuedThreadPool$2.run(QueuedThreadPool.java:626)&#10;        at java.lang.Thread.run(Thread.java:748)&#10;&quot;metrics-hadoop-metrics2-reporter-34-thread-1&quot; daemon prio=5 tid=790 timed_waiting&#10;java.lang.Thread.State: TIMED_WAITING&#10;        at sun.misc.Unsafe.park(Native Method)&#10;        at java.util.concurrent.locks.LockSupport.parkNanos(LockSupport.java:215)&#10;        at java.util.concurrent.locks.AbstractQueuedSynchronizer$ConditionObject.awaitNanos(AbstractQueuedSynchronizer.java:2078)&#10;        at java.util.concurrent.ScheduledThreadPoolExecutor$DelayedWorkQueue.take(ScheduledThreadPoolExecutor.java:1093)&#10;        at java.util.concurrent.ScheduledThreadPoolExecutor$DelayedWorkQueue.take(ScheduledThreadPoolExecutor.java:809)&#10;        at java.util.concurrent.ThreadPoolExecutor.getTask(ThreadPoolExecutor.java:1074)&#10;        at java.util.concurrent.ThreadPoolExecutor.runWorker(ThreadPoolExecutor.java:1134)&#10;        at java.util.concurrent.ThreadPoolExecutor$Worker.run(ThreadPoolExecutor.java:624)&#10;        at java.lang.Thread.run(Thread.java:748)&#10;&quot;pool-76-thread-20&quot;  prio=5 tid=645 in Object.wait()&#10;java.lang.Thread.State: WAITING (on object monitor)&#10;        at sun.misc.Unsafe.park(Native Method)&#10;        at java.util.concurrent.locks.LockSupport.park(LockSupport.java:175)&#10;        at java.util.concurrent.locks.AbstractQueuedSynchronizer$ConditionObject.await(AbstractQueuedSynchronizer.java:2039)&#10;        at java.util.concurrent.ArrayBlockingQueue.take(ArrayBlockingQueue.java:403)&#10;        at java.util.concurrent.ThreadPoolExecutor.getTask(ThreadPoolExecutor.java:1074)&#10;        at java.util.concurrent.ThreadPoolExecutor.runWorker(ThreadPoolExecutor.java:1134)&#10;        at java.util.concurrent.ThreadPoolExecutor$Worker.run(ThreadPoolExecutor.java:624)&#10;        at java.lang.Thread.run(Thread.java:748)&#10;&quot;metrics-hadoop-metrics2-reporter-21-thread-1&quot; daemon prio=5 tid=752 timed_waiting&#10;java.lang.Thread.State: TIMED_WAITING&#10;        at sun.misc.Unsafe.park(Native Method)&#10;        at java.util.concurrent.locks.LockSupport.parkNanos(LockSupport.java:215)&#10;        at java.util.concurrent.locks.AbstractQueuedSynchronizer$ConditionObject.awaitNanos(AbstractQueuedSynchronizer.java:2078)&#10;        at java.util.concurrent.ScheduledThreadPoolExecutor$DelayedWorkQueue.take(ScheduledThreadPoolExecutor.java:1093)&#10;        at java.util.concurrent.ScheduledThreadPoolExecutor$DelayedWorkQueue.take(ScheduledThreadPoolExecutor.java:809)&#10;        at java.util.concurrent.ThreadPoolExecutor.getTask(ThreadPoolExecutor.java:1074)&#10;        at java.util.concurrent.ThreadPoolExecutor.runWorker(ThreadPoolExecutor.java:1134)&#10;        at java.util.concurrent.ThreadPoolExecutor$Worker.run(ThreadPoolExecutor.java:624)&#10;        at java.lang.Thread.run(Thread.java:748)&#10;&quot;pool-44-thread-1&quot; daemon prio=5 tid=211 timed_waiting&#10;java.lang.Thread.State: TIMED_WAITING&#10;        at sun.misc.Unsafe.park(Native Method)&#10;        at java.util.concurrent.locks.LockSupport.parkNanos(LockSupport.java:215)&#10;        at java.util.concurrent.locks.AbstractQueuedSynchronizer$ConditionObject.awaitNanos(AbstractQueuedSynchronizer.java:2078)&#10;        at java.util.concurrent.ScheduledThreadPoolExecutor$DelayedWorkQueue.take(ScheduledThreadPoolExecutor.java:1093)&#10;        at java.util.concurrent.ScheduledThreadPoolExecutor$DelayedWorkQueue.take(ScheduledThreadPoolExecutor.java:809)&#10;        at java.util.concurrent.ThreadPoolExecutor.getTask(ThreadPoolExecutor.java:1074)&#10;        at java.util.concurrent.ThreadPoolExecutor.runWorker(ThreadPoolExecutor.java:1134)&#10;        at java.util.concurrent.ThreadPoolExecutor$Worker.run(ThreadPoolExecutor.java:624)&#10;        at java.lang.Thread.run(Thread.java:748)&#10;&quot;Thread-2248&quot; daemon prio=5 tid=2843 terminated&#10;java.lang.Thread.State: TERMINATED&#10;        at java.lang.Thread.sleep(Native Method)&#10;        at org.apache.ratis.util.JavaUtils.sleep(JavaUtils.java:247)&#10;        at org.apache.ratis.server.impl.FollowerState.run(FollowerState.java:97)&#10;&quot;pool-76-thread-43&quot;  prio=5 tid=668 in Object.wait()&#10;java.lang.Thread.State: WAITING (on object monitor)&#10;        at sun.misc.Unsafe.park(Native Method)&#10;        at java.util.concurrent.locks.LockSupport.park(LockSupport.java:175)&#10;        at java.util.concurrent.locks.AbstractQueuedSynchronizer$ConditionObject.await(AbstractQueuedSynchronizer.java:2039)&#10;        at java.util.concurrent.ArrayBlockingQueue.take(ArrayBlockingQueue.java:403)&#10;        at java.util.concurrent.ThreadPoolExecutor.getTask(ThreadPoolExecutor.java:1074)&#10;        at java.util.concurrent.ThreadPoolExecutor.runWorker(ThreadPoolExecutor.java:1134)&#10;        at java.util.concurrent.ThreadPoolExecutor$Worker.run(ThreadPoolExecutor.java:624)&#10;        at java.lang.Thread.run(Thread.java:748)&#10;&quot;Periodic HDDS volume checker&quot;  prio=5 tid=153 timed_waiting&#10;java.lang.Thread.State: TIMED_WAITING&#10;        at sun.misc.Unsafe.park(Native Method)&#10;        at java.util.concurrent.locks.LockSupport.parkNanos(LockSupport.java:215)&#10;        at java.util.concurrent.locks.AbstractQueuedSynchronizer$ConditionObject.awaitNanos(AbstractQueuedSynchronizer.java:2078)&#10;        at java.util.concurrent.ScheduledThreadPoolExecutor$DelayedWorkQueue.take(ScheduledThreadPoolExecutor.java:1093)&#10;        at java.util.concurrent.ScheduledThreadPoolExecutor$DelayedWorkQueue.take(ScheduledThreadPoolExecutor.java:809)&#10;        at java.util.concurrent.ThreadPoolExecutor.getTask(ThreadPoolExecutor.java:1074)&#10;        at java.util.concurrent.ThreadPoolExecutor.runWorker(ThreadPoolExecutor.java:1134)&#10;        at java.util.concurrent.ThreadPoolExecutor$Worker.run(ThreadPoolExecutor.java:624)&#10;        at java.lang.Thread.run(Thread.java:748)&#10;&quot;pool-56-thread-32&quot;  prio=5 tid=530 in Object.wait()&#10;java.lang.Thread.State: WAITING (on object monitor)&#10;        at sun.misc.Unsafe.park(Native Method)&#10;        at java.util.concurrent.locks.LockSupport.park(LockSupport.java:175)&#10;        at java.util.concurrent.locks.AbstractQueuedSynchronizer$ConditionObject.await(AbstractQueuedSynchronizer.java:2039)&#10;        at java.util.concurrent.ArrayBlockingQueue.take(ArrayBlockingQueue.java:403)&#10;        at java.util.concurrent.ThreadPoolExecutor.getTask(ThreadPoolExecutor.java:1074)&#10;        at java.util.concurrent.ThreadPoolExecutor.runWorker(ThreadPoolExecutor.java:1134)&#10;        at java.util.concurrent.ThreadPoolExecutor$Worker.run(ThreadPoolExecutor.java:624)&#10;        at java.lang.Thread.run(Thread.java:748)&#10;&quot;pool-76-thread-34&quot;  prio=5 tid=659 in Object.wait()&#10;java.lang.Thread.State: WAITING (on object monitor)&#10;        at sun.misc.Unsafe.park(Native Method)&#10;        at java.util.concurrent.locks.LockSupport.park(LockSupport.java:175)&#10;        at java.util.concurrent.locks.AbstractQueuedSynchronizer$ConditionObject.await(AbstractQueuedSynchronizer.java:2039)&#10;        at java.util.concurrent.ArrayBlockingQueue.take(ArrayBlockingQueue.java:403)&#10;        at java.util.concurrent.ThreadPoolExecutor.getTask(ThreadPoolExecutor.java:1074)&#10;        at java.util.concurrent.ThreadPoolExecutor.runWorker(ThreadPoolExecutor.java:1134)&#10;        at java.util.concurrent.ThreadPoolExecutor$Worker.run(ThreadPoolExecutor.java:624)&#10;        at java.lang.Thread.run(Thread.java:748)&#10;&quot;metrics-hadoop-metrics2-reporter-35-thread-1&quot; daemon prio=5 tid=791 timed_waiting&#10;java.lang.Thread.State: TIMED_WAITING&#10;        at sun.misc.Unsafe.park(Native Method)&#10;        at java.util.concurrent.locks.LockSupport.parkNanos(LockSupport.java:215)&#10;        at java.util.concurrent.locks.AbstractQueuedSynchronizer$ConditionObject.awaitNanos(AbstractQueuedSynchronizer.java:2078)&#10;        at java.util.concurrent.ScheduledThreadPoolExecutor$DelayedWorkQueue.take(ScheduledThreadPoolExecutor.java:1093)&#10;        at java.util.concurrent.ScheduledThreadPoolExecutor$DelayedWorkQueue.take(ScheduledThreadPoolExecutor.java:809)&#10;        at java.util.concurrent.ThreadPoolExecutor.getTask(ThreadPoolExecutor.java:1074)&#10;        at java.util.concurrent.ThreadPoolExecutor.runWorker(ThreadPoolExecutor.java:1134)&#10;        at java.util.concurrent.ThreadPoolExecutor$Worker.run(ThreadPoolExecutor.java:624)&#10;        at java.lang.Thread.run(Thread.java:748)&#10;&quot;metrics-hadoop-metrics2-reporter-69-thread-1&quot; daemon prio=5 tid=963 timed_waiting&#10;java.lang.Thread.State: TIMED_WAITING&#10;        at sun.misc.Unsafe.park(Native Method)&#10;        at java.util.concurrent.locks.LockSupport.parkNanos(LockSupport.java:215)&#10;        at java.util.concurrent.locks.AbstractQueuedSynchronizer$ConditionObject.awaitNanos(AbstractQueuedSynchronizer.java:2078)&#10;        at java.util.concurrent.ScheduledThreadPoolExecutor$DelayedWorkQueue.take(ScheduledThreadPoolExecutor.java:1093)&#10;        at java.util.concurrent.ScheduledThreadPoolExecutor$DelayedWorkQueue.take(ScheduledThreadPoolExecutor.java:809)&#10;        at java.util.concurrent.ThreadPoolExecutor.getTask(ThreadPoolExecutor.java:1074)&#10;        at java.util.concurrent.ThreadPoolExecutor.runWorker(ThreadPoolExecutor.java:1134)&#10;        at java.util.concurrent.ThreadPoolExecutor$Worker.run(ThreadPoolExecutor.java:624)&#10;        at java.lang.Thread.run(Thread.java:748)&#10;&quot;qtp92143380-272&quot; daemon prio=5 tid=272 timed_waiting&#10;java.lang.Thread.State: TIMED_WAITING&#10;        at sun.misc.Unsafe.park(Native Method)&#10;        at java.util.concurrent.locks.LockSupport.parkNanos(LockSupport.java:215)&#10;        at java.util.concurrent.locks.AbstractQueuedSynchronizer$ConditionObject.awaitNanos(AbstractQueuedSynchronizer.java:2078)&#10;        at org.eclipse.jetty.util.BlockingArrayQueue.poll(BlockingArrayQueue.java:392)&#10;        at org.eclipse.jetty.util.thread.QueuedThreadPool.idleJobPoll(QueuedThreadPool.java:563)&#10;        at org.eclipse.jetty.util.thread.QueuedThreadPool.access$800(QueuedThreadPool.java:48)&#10;        at org.eclipse.jetty.util.thread.QueuedThreadPool$2.run(QueuedThreadPool.java:626)&#10;        at java.lang.Thread.run(Thread.java:748)&#10;&quot;Datanode ReportManager Thread - 3&quot; daemon prio=5 tid=175 in Object.wait()&#10;java.lang.Thread.State: WAITING (on object monitor)&#10;        at sun.misc.Unsafe.park(Native Method)&#10;        at java.util.concurrent.locks.LockSupport.park(LockSupport.java:175)&#10;        at java.util.concurrent.locks.AbstractQueuedSynchronizer$ConditionObject.await(AbstractQueuedSynchronizer.java:2039)&#10;        at java.util.concurrent.ScheduledThreadPoolExecutor$DelayedWorkQueue.take(ScheduledThreadPoolExecutor.java:1088)&#10;        at java.util.concurrent.ScheduledThreadPoolExecutor$DelayedWorkQueue.take(ScheduledThreadPoolExecutor.java:809)&#10;        at java.util.concurrent.ThreadPoolExecutor.getTask(ThreadPoolExecutor.java:1074)&#10;        at java.util.concurrent.ThreadPoolExecutor.runWorker(ThreadPoolExecutor.java:1134)&#10;        at java.util.concurrent.ThreadPoolExecutor$Worker.run(ThreadPoolExecutor.java:624)&#10;        at java.lang.Thread.run(Thread.java:748)&#10;&quot;pool-46-thread-42&quot;  prio=5 tid=476 in Object.wait()&#10;java.lang.Thread.State: WAITING (on object monitor)&#10;        at sun.misc.Unsafe.park(Native Method)&#10;        at java.util.concurrent.locks.LockSupport.park(LockSupport.java:175)&#10;        at java.util.concurrent.locks.AbstractQueuedSynchronizer$ConditionObject.await(AbstractQueuedSynchronizer.java:2039)&#10;        at java.util.concurrent.ArrayBlockingQueue.take(ArrayBlockingQueue.java:403)&#10;        at java.util.concurrent.ThreadPoolExecutor.getTask(ThreadPoolExecutor.java:1074)&#10;        at java.util.concurrent.ThreadPoolExecutor.runWorker(ThreadPoolExecutor.java:1134)&#10;        at java.util.concurrent.ThreadPoolExecutor$Worker.run(ThreadPoolExecutor.java:624)&#10;        at java.lang.Thread.run(Thread.java:748)&#10;&quot;pool-56-thread-15&quot;  prio=5 tid=513 in Object.wait()&#10;java.lang.Thread.State: WAITING (on object monitor)&#10;        at sun.misc.Unsafe.park(Native Method)&#10;        at java.util.concurrent.locks.LockSupport.park(LockSupport.java:175)&#10;        at java.util.concurrent.locks.AbstractQueuedSynchronizer$ConditionObject.await(AbstractQueuedSynchronizer.java:2039)&#10;        at java.util.concurrent.ArrayBlockingQueue.take(ArrayBlockingQueue.java:403)&#10;        at java.util.concurrent.ThreadPoolExecutor.getTask(ThreadPoolExecutor.java:1074)&#10;        at java.util.concurrent.ThreadPoolExecutor.runWorker(ThreadPoolExecutor.java:1134)&#10;        at java.util.concurrent.ThreadPoolExecutor$Worker.run(ThreadPoolExecutor.java:624)&#10;        at java.lang.Thread.run(Thread.java:748)&#10;&quot;qtp2116606463-219&quot; daemon prio=5 tid=219 timed_waiting&#10;java.lang.Thread.State: TIMED_WAITING&#10;        at sun.misc.Unsafe.park(Native Method)&#10;        at java.util.concurrent.locks.LockSupport.parkNanos(LockSupport.java:215)&#10;        at java.util.concurrent.locks.AbstractQueuedSynchronizer$ConditionObject.awaitNanos(AbstractQueuedSynchronizer.java:2078)&#10;        at org.eclipse.jetty.util.BlockingArrayQueue.poll(BlockingArrayQueue.java:392)&#10;        at org.eclipse.jetty.util.thread.QueuedThreadPool.idleJobPoll(QueuedThreadPool.java:563)&#10;        at org.eclipse.jetty.util.thread.QueuedThreadPool.access$800(QueuedThreadPool.java:48)&#10;        at org.eclipse.jetty.util.thread.QueuedThreadPool$2.run(QueuedThreadPool.java:626)&#10;        at java.lang.Thread.run(Thread.java:748)&#10;&quot;pool-76-thread-29&quot;  prio=5 tid=654 in Object.wait()&#10;java.lang.Thread.State: WAITING (on object monitor)&#10;        at sun.misc.Unsafe.park(Native Method)&#10;        at java.util.concurrent.locks.LockSupport.park(LockSupport.java:175)&#10;        at java.util.concurrent.locks.AbstractQueuedSynchronizer$ConditionObject.await(AbstractQueuedSynchronizer.java:2039)&#10;        at java.util.concurrent.ArrayBlockingQueue.take(ArrayBlockingQueue.java:403)&#10;        at java.util.concurrent.ThreadPoolExecutor.getTask(ThreadPoolExecutor.java:1074)&#10;        at java.util.concurrent.ThreadPoolExecutor.runWorker(ThreadPoolExecutor.java:1134)&#10;        at java.util.concurrent.ThreadPoolExecutor$Worker.run(ThreadPoolExecutor.java:624)&#10;        at java.lang.Thread.run(Thread.java:748)&#10;&quot;pool-46-thread-36&quot;  prio=5 tid=470 in Object.wait()&#10;java.lang.Thread.State: WAITING (on object monitor)&#10;        at sun.misc.Unsafe.park(Native Method)&#10;        at java.util.concurrent.locks.LockSupport.park(LockSupport.java:175)&#10;        at java.util.concurrent.locks.AbstractQueuedSynchronizer$ConditionObject.await(AbstractQueuedSynchronizer.java:2039)&#10;        at java.util.concurrent.ArrayBlockingQueue.take(ArrayBlockingQueue.java:403)&#10;        at java.util.concurrent.ThreadPoolExecutor.getTask(ThreadPoolExecutor.java:1074)&#10;        at java.util.concurrent.ThreadPoolExecutor.runWorker(ThreadPoolExecutor.java:1134)&#10;        at java.util.concurrent.ThreadPoolExecutor$Worker.run(ThreadPoolExecutor.java:624)&#10;        at java.lang.Thread.run(Thread.java:748)&#10;&quot;IPC Server handler 19 on 33440&quot; daemon prio=5 tid=69 timed_waiting&#10;java.lang.Thread.State: TIMED_WAITING&#10;        at sun.misc.Unsafe.park(Native Method)&#10;        at java.util.concurrent.locks.LockSupport.parkNanos(LockSupport.java:215)&#10;        at java.util.concurrent.locks.AbstractQueuedSynchronizer$ConditionObject.awaitNanos(AbstractQueuedSynchronizer.java:2078)&#10;        at java.util.concurrent.LinkedBlockingQueue.poll(LinkedBlockingQueue.java:467)&#10;        at org.apache.hadoop.ipc.CallQueueManager.take(CallQueueManager.java:288)&#10;        at org.apache.hadoop.ipc.Server$Handler.run(Server.java:2668)&#10;&quot;pool-26-thread-24&quot;  prio=5 tid=362 in Object.wait()&#10;java.lang.Thread.State: WAITING (on object monitor)&#10;        at sun.misc.Unsafe.park(Native Method)&#10;        at java.util.concurrent.locks.LockSupport.park(LockSupport.java:175)&#10;        at java.util.concurrent.locks.AbstractQueuedSynchronizer$ConditionObject.await(AbstractQueuedSynchronizer.java:2039)&#10;        at java.util.concurrent.ArrayBlockingQueue.take(ArrayBlockingQueue.java:403)&#10;        at java.util.concurrent.ThreadPoolExecutor.getTask(ThreadPoolExecutor.java:1074)&#10;        at java.util.concurrent.ThreadPoolExecutor.runWorker(ThreadPoolExecutor.java:1134)&#10;        at java.util.concurrent.ThreadPoolExecutor$Worker.run(ThreadPoolExecutor.java:624)&#10;        at java.lang.Thread.run(Thread.java:748)&#10;&quot;pool-66-thread-60&quot;  prio=5 tid=623 in Object.wait()&#10;java.lang.Thread.State: WAITING (on object monitor)&#10;        at sun.misc.Unsafe.park(Native Method)&#10;        at java.util.concurrent.locks.LockSupport.park(LockSupport.java:175)&#10;        at java.util.concurrent.locks.AbstractQueuedSynchronizer$ConditionObject.await(AbstractQueuedSynchronizer.java:2039)&#10;        at java.util.concurrent.ArrayBlockingQueue.take(ArrayBlockingQueue.java:403)&#10;        at java.util.concurrent.ThreadPoolExecutor.getTask(ThreadPoolExecutor.java:1074)&#10;        at java.util.concurrent.ThreadPoolExecutor.runWorker(ThreadPoolExecutor.java:1134)&#10;        at java.util.concurrent.ThreadPoolExecutor$Worker.run(ThreadPoolExecutor.java:624)&#10;        at java.lang.Thread.run(Thread.java:748)&#10;&quot;pool-56-thread-16&quot;  prio=5 tid=514 in Object.wait()&#10;java.lang.Thread.State: WAITING (on object monitor)&#10;        at sun.misc.Unsafe.park(Native Method)&#10;        at java.util.concurrent.locks.LockSupport.park(LockSupport.java:175)&#10;        at java.util.concurrent.locks.AbstractQueuedSynchronizer$ConditionObject.await(AbstractQueuedSynchronizer.java:2039)&#10;        at java.util.concurrent.ArrayBlockingQueue.take(ArrayBlockingQueue.java:403)&#10;        at java.util.concurrent.ThreadPoolExecutor.getTask(ThreadPoolExecutor.java:1074)&#10;        at java.util.concurrent.ThreadPoolExecutor.runWorker(ThreadPoolExecutor.java:1134)&#10;        at java.util.concurrent.ThreadPoolExecutor$Worker.run(ThreadPoolExecutor.java:624)&#10;        at java.lang.Thread.run(Thread.java:748)&#10;&quot;Thread-429&quot; daemon prio=5 tid=1015 timed_waiting&#10;java.lang.Thread.State: TIMED_WAITING&#10;        at java.lang.Thread.sleep(Native Method)&#10;        at org.apache.ratis.util.JavaUtils.sleep(JavaUtils.java:247)&#10;        at org.apache.ratis.server.impl.FollowerState.run(FollowerState.java:97)&#10;&quot;pool-56-thread-30&quot;  prio=5 tid=528 in Object.wait()&#10;java.lang.Thread.State: WAITING (on object monitor)&#10;        at sun.misc.Unsafe.park(Native Method)&#10;        at java.util.concurrent.locks.LockSupport.park(LockSupport.java:175)&#10;        at java.util.concurrent.locks.AbstractQueuedSynchronizer$ConditionObject.await(AbstractQueuedSynchronizer.java:2039)&#10;        at java.util.concurrent.ArrayBlockingQueue.take(ArrayBlockingQueue.java:403)&#10;        at java.util.concurrent.ThreadPoolExecutor.getTask(ThreadPoolExecutor.java:1074)&#10;        at java.util.concurrent.ThreadPoolExecutor.runWorker(ThreadPoolExecutor.java:1134)&#10;        at java.util.concurrent.ThreadPoolExecutor$Worker.run(ThreadPoolExecutor.java:624)&#10;        at java.lang.Thread.run(Thread.java:748)&#10;&quot;pool-46-thread-37&quot;  prio=5 tid=471 in Object.wait()&#10;java.lang.Thread.State: WAITING (on object monitor)&#10;        at sun.misc.Unsafe.park(Native Method)&#10;        at java.util.concurrent.locks.LockSupport.park(LockSupport.java:175)&#10;        at java.util.concurrent.locks.AbstractQueuedSynchronizer$ConditionObject.await(AbstractQueuedSynchronizer.java:2039)&#10;        at java.util.concurrent.ArrayBlockingQueue.take(ArrayBlockingQueue.java:403)&#10;        at java.util.concurrent.ThreadPoolExecutor.getTask(ThreadPoolExecutor.java:1074)&#10;        at java.util.concurrent.ThreadPoolExecutor.runWorker(ThreadPoolExecutor.java:1134)&#10;        at java.util.concurrent.ThreadPoolExecutor$Worker.run(ThreadPoolExecutor.java:624)&#10;        at java.lang.Thread.run(Thread.java:748)&#10;&quot;Thread-2246&quot; daemon prio=5 tid=2841 terminated&#10;java.lang.Thread.State: TERMINATED&#10;        at java.lang.Thread.sleep(Native Method)&#10;        at org.apache.ratis.util.JavaUtils.sleep(JavaUtils.java:247)&#10;        at org.apache.ratis.server.impl.FollowerState.run(FollowerState.java:97)&#10;&quot;Datanode ReportManager Thread - 0&quot; daemon prio=5 tid=253 timed_waiting&#10;java.lang.Thread.State: TIMED_WAITING&#10;        at sun.misc.Unsafe.park(Native Method)&#10;        at java.util.concurrent.locks.LockSupport.parkNanos(LockSupport.java:215)&#10;        at java.util.concurrent.locks.AbstractQueuedSynchronizer$ConditionObject.awaitNanos(AbstractQueuedSynchronizer.java:2078)&#10;        at java.util.concurrent.ScheduledThreadPoolExecutor$DelayedWorkQueue.take(ScheduledThreadPoolExecutor.java:1093)&#10;        at java.util.concurrent.ScheduledThreadPoolExecutor$DelayedWorkQueue.take(ScheduledThreadPoolExecutor.java:809)&#10;        at java.util.concurrent.ThreadPoolExecutor.getTask(ThreadPoolExecutor.java:1074)&#10;        at java.util.concurrent.ThreadPoolExecutor.runWorker(ThreadPoolExecutor.java:1134)&#10;        at java.util.concurrent.ThreadPoolExecutor$Worker.run(ThreadPoolExecutor.java:624)&#10;        at java.lang.Thread.run(Thread.java:748)&#10;&quot;Datanode State Machine Thread - 0&quot; daemon prio=5 tid=286 timed_waiting&#10;java.lang.Thread.State: TIMED_WAITING&#10;        at sun.misc.Unsafe.park(Native Method)&#10;        at java.util.concurrent.locks.LockSupport.parkNanos(LockSupport.java:215)&#10;        at java.util.concurrent.SynchronousQueue$TransferStack.awaitFulfill(SynchronousQueue.java:460)&#10;        at java.util.concurrent.SynchronousQueue$TransferStack.transfer(SynchronousQueue.java:362)&#10;        at java.util.concurrent.SynchronousQueue.poll(SynchronousQueue.java:941)&#10;        at java.util.concurrent.ThreadPoolExecutor.getTask(ThreadPoolExecutor.java:1073)&#10;        at java.util.concurrent.ThreadPoolExecutor.runWorker(ThreadPoolExecutor.java:1134)&#10;        at java.util.concurrent.ThreadPoolExecutor$Worker.run(ThreadPoolExecutor.java:624)&#10;        at java.lang.Thread.run(Thread.java:748)&#10;&quot;pool-76-thread-4&quot;  prio=5 tid=629 in Object.wait()&#10;java.lang.Thread.State: WAITING (on object monitor)&#10;        at sun.misc.Unsafe.park(Native Method)&#10;        at java.util.concurrent.locks.LockSupport.park(LockSupport.java:175)&#10;        at java.util.concurrent.locks.AbstractQueuedSynchronizer$ConditionObject.await(AbstractQueuedSynchronizer.java:2039)&#10;        at java.util.concurrent.ArrayBlockingQueue.take(ArrayBlockingQueue.java:403)&#10;        at java.util.concurrent.ThreadPoolExecutor.getTask(ThreadPoolExecutor.java:1074)&#10;        at java.util.concurrent.ThreadPoolExecutor.runWorker(ThreadPoolExecutor.java:1134)&#10;        at java.util.concurrent.ThreadPoolExecutor$Worker.run(ThreadPoolExecutor.java:624)&#10;        at java.lang.Thread.run(Thread.java:748)&#10;&quot;pool-74-thread-1&quot; daemon prio=5 tid=292 timed_waiting&#10;java.lang.Thread.State: TIMED_WAITING&#10;        at sun.misc.Unsafe.park(Native Method)&#10;        at java.util.concurrent.locks.LockSupport.parkNanos(LockSupport.java:215)&#10;        at java.util.concurrent.locks.AbstractQueuedSynchronizer$ConditionObject.awaitNanos(AbstractQueuedSynchronizer.java:2078)&#10;        at java.util.concurrent.ScheduledThreadPoolExecutor$DelayedWorkQueue.take(ScheduledThreadPoolExecutor.java:1093)&#10;        at java.util.concurrent.ScheduledThreadPoolExecutor$DelayedWorkQueue.take(ScheduledThreadPoolExecutor.java:809)&#10;        at java.util.concurrent.ThreadPoolExecutor.getTask(ThreadPoolExecutor.java:1074)&#10;        at java.util.concurrent.ThreadPoolExecutor.runWorker(ThreadPoolExecutor.java:1134)&#10;        at java.util.concurrent.ThreadPoolExecutor$Worker.run(ThreadPoolExecutor.java:624)&#10;        at java.lang.Thread.run(Thread.java:748)&#10;&quot;Datanode State Machine Thread - 0&quot; daemon prio=5 tid=306 timed_waiting&#10;java.lang.Thread.State: TIMED_WAITING&#10;        at java.lang.Thread.sleep(Native Method)&#10;        at org.apache.hadoop.ozone.container.common.statemachine.DatanodeStateMachine.start(DatanodeStateMachine.java:191)&#10;        at org.apache.hadoop.ozone.container.common.statemachine.DatanodeStateMachine.lambda$startDaemon$0(DatanodeStateMachine.java:349)&#10;        at org.apache.hadoop.ozone.container.common.statemachine.DatanodeStateMachine$$Lambda$140/532411881.run(Unknown Source)&#10;        at java.lang.Thread.run(Thread.java:748)&#10;&quot;pool-36-thread-19&quot;  prio=5 tid=353 in Object.wait()&#10;java.lang.Thread.State: WAITING (on object monitor)&#10;        at sun.misc.Unsafe.park(Native Method)&#10;        at java.util.concurrent.locks.LockSupport.park(LockSupport.java:175)&#10;        at java.util.concurrent.locks.AbstractQueuedSynchronizer$ConditionObject.await(AbstractQueuedSynchronizer.java:2039)&#10;        at java.util.concurrent.ArrayBlockingQueue.take(ArrayBlockingQueue.java:403)&#10;        at java.util.concurrent.ThreadPoolExecutor.getTask(ThreadPoolExecutor.java:1074)&#10;        at java.util.concurrent.ThreadPoolExecutor.runWorker(ThreadPoolExecutor.java:1134)&#10;        at java.util.concurrent.ThreadPoolExecutor$Worker.run(ThreadPoolExecutor.java:624)&#10;        at java.lang.Thread.run(Thread.java:748)&#10;&quot;pool-36-thread-20&quot;  prio=5 tid=355 in Object.wait()&#10;java.lang.Thread.State: WAITING (on object monitor)&#10;        at sun.misc.Unsafe.park(Native Method)&#10;        at java.util.concurrent.locks.LockSupport.park(LockSupport.java:175)&#10;        at java.util.concurrent.locks.AbstractQueuedSynchronizer$ConditionObject.await(AbstractQueuedSynchronizer.java:2039)&#10;        at java.util.concurrent.ArrayBlockingQueue.take(ArrayBlockingQueue.java:403)&#10;        at java.util.concurrent.ThreadPoolExecutor.getTask(ThreadPoolExecutor.java:1074)&#10;        at java.util.concurrent.ThreadPoolExecutor.runWorker(ThreadPoolExecutor.java:1134)&#10;        at java.util.concurrent.ThreadPoolExecutor$Worker.run(ThreadPoolExecutor.java:624)&#10;        at java.lang.Thread.run(Thread.java:748)&#10;&quot;pool-36-thread-37&quot;  prio=5 tid=388 in Object.wait()&#10;java.lang.Thread.State: WAITING (on object monitor)&#10;        at sun.misc.Unsafe.park(Native Method)&#10;        at java.util.concurrent.locks.LockSupport.park(LockSupport.java:175)&#10;        at java.util.concurrent.locks.AbstractQueuedSynchronizer$ConditionObject.await(AbstractQueuedSynchronizer.java:2039)&#10;        at java.util.concurrent.ArrayBlockingQueue.take(ArrayBlockingQueue.java:403)&#10;        at java.util.concurrent.ThreadPoolExecutor.getTask(ThreadPoolExecutor.java:1074)&#10;        at java.util.concurrent.ThreadPoolExecutor.runWorker(ThreadPoolExecutor.java:1134)&#10;        at java.util.concurrent.ThreadPoolExecutor$Worker.run(ThreadPoolExecutor.java:624)&#10;        at java.lang.Thread.run(Thread.java:748)&#10;&quot;pool-36-thread-51&quot;  prio=5 tid=414 in Object.wait()&#10;java.lang.Thread.State: WAITING (on object monitor)&#10;        at sun.misc.Unsafe.park(Native Method)&#10;        at java.util.concurrent.locks.LockSupport.park(LockSupport.java:175)&#10;        at java.util.concurrent.locks.AbstractQueuedSynchronizer$ConditionObject.await(AbstractQueuedSynchronizer.java:2039)&#10;        at java.util.concurrent.ArrayBlockingQueue.take(ArrayBlockingQueue.java:403)&#10;        at java.util.concurrent.ThreadPoolExecutor.getTask(ThreadPoolExecutor.java:1074)&#10;        at java.util.concurrent.ThreadPoolExecutor.runWorker(ThreadPoolExecutor.java:1134)&#10;        at java.util.concurrent.ThreadPoolExecutor$Worker.run(ThreadPoolExecutor.java:624)&#10;        at java.lang.Thread.run(Thread.java:748)&#10;&quot;pool-76-thread-9&quot;  prio=5 tid=634 in Object.wait()&#10;java.lang.Thread.State: WAITING (on object monitor)&#10;        at sun.misc.Unsafe.park(Native Method)&#10;        at java.util.concurrent.locks.LockSupport.park(LockSupport.java:175)&#10;        at java.util.concurrent.locks.AbstractQueuedSynchronizer$ConditionObject.await(AbstractQueuedSynchronizer.java:2039)&#10;        at java.util.concurrent.ArrayBlockingQueue.take(ArrayBlockingQueue.java:403)&#10;        at java.util.concurrent.ThreadPoolExecutor.getTask(ThreadPoolExecutor.java:1074)&#10;        at java.util.concurrent.ThreadPoolExecutor.runWorker(ThreadPoolExecutor.java:1134)&#10;        at java.util.concurrent.ThreadPoolExecutor$Worker.run(ThreadPoolExecutor.java:624)&#10;        at java.lang.Thread.run(Thread.java:748)&#10;&quot;pool-66-thread-44&quot;  prio=5 tid=607 in Object.wait()&#10;java.lang.Thread.State: WAITING (on object monitor)&#10;        at sun.misc.Unsafe.park(Native Method)&#10;        at java.util.concurrent.locks.LockSupport.park(LockSupport.java:175)&#10;        at java.util.concurrent.locks.AbstractQueuedSynchronizer$ConditionObject.await(AbstractQueuedSynchronizer.java:2039)&#10;        at java.util.concurrent.ArrayBlockingQueue.take(ArrayBlockingQueue.java:403)&#10;        at java.util.concurrent.ThreadPoolExecutor.getTask(ThreadPoolExecutor.java:1074)&#10;        at java.util.concurrent.ThreadPoolExecutor.runWorker(ThreadPoolExecutor.java:1134)&#10;        at java.util.concurrent.ThreadPoolExecutor$Worker.run(ThreadPoolExecutor.java:624)&#10;        at java.lang.Thread.run(Thread.java:748)&#10;&quot;pool-66-thread-15&quot;  prio=5 tid=578 in Object.wait()&#10;java.lang.Thread.State: WAITING (on object monitor)&#10;        at sun.misc.Unsafe.park(Native Method)&#10;        at java.util.concurrent.locks.LockSupport.park(LockSupport.java:175)&#10;        at java.util.concurrent.locks.AbstractQueuedSynchronizer$ConditionObject.await(AbstractQueuedSynchronizer.java:2039)&#10;        at java.util.concurrent.ArrayBlockingQueue.take(ArrayBlockingQueue.java:403)&#10;        at java.util.concurrent.ThreadPoolExecutor.getTask(ThreadPoolExecutor.java:1074)&#10;        at java.util.concurrent.ThreadPoolExecutor.runWorker(ThreadPoolExecutor.java:1134)&#10;        at java.util.concurrent.ThreadPoolExecutor$Worker.run(ThreadPoolExecutor.java:624)&#10;        at java.lang.Thread.run(Thread.java:748)&#10;&quot;pool-36-thread-21&quot;  prio=5 tid=357 in Object.wait()&#10;java.lang.Thread.State: WAITING (on object monitor)&#10;        at sun.misc.Unsafe.park(Native Method)&#10;        at java.util.concurrent.locks.LockSupport.park(LockSupport.java:175)&#10;        at java.util.concurrent.locks.AbstractQueuedSynchronizer$ConditionObject.await(AbstractQueuedSynchronizer.java:2039)&#10;        at java.util.concurrent.ArrayBlockingQueue.take(ArrayBlockingQueue.java:403)&#10;        at java.util.concurrent.ThreadPoolExecutor.getTask(ThreadPoolExecutor.java:1074)&#10;        at java.util.concurrent.ThreadPoolExecutor.runWorker(ThreadPoolExecutor.java:1134)&#10;        at java.util.concurrent.ThreadPoolExecutor$Worker.run(ThreadPoolExecutor.java:624)&#10;        at java.lang.Thread.run(Thread.java:748)&#10;&quot;qtp64027122-167&quot; daemon prio=5 tid=167 timed_waiting&#10;java.lang.Thread.State: TIMED_WAITING&#10;        at sun.misc.Unsafe.park(Native Method)&#10;        at java.util.concurrent.locks.LockSupport.parkNanos(LockSupport.java:215)&#10;        at java.util.concurrent.locks.AbstractQueuedSynchronizer$ConditionObject.awaitNanos(AbstractQueuedSynchronizer.java:2078)&#10;        at org.eclipse.jetty.util.BlockingArrayQueue.poll(BlockingArrayQueue.java:392)&#10;        at org.eclipse.jetty.util.thread.QueuedThreadPool.idleJobPoll(QueuedThreadPool.java:563)&#10;        at org.eclipse.jetty.util.thread.QueuedThreadPool.access$800(QueuedThreadPool.java:48)&#10;        at org.eclipse.jetty.util.thread.QueuedThreadPool$2.run(QueuedThreadPool.java:626)&#10;        at java.lang.Thread.run(Thread.java:748)&#10;&quot;pool-46-thread-20&quot;  prio=5 tid=454 in Object.wait()&#10;java.lang.Thread.State: WAITING (on object monitor)&#10;        at sun.misc.Unsafe.park(Native Method)&#10;        at java.util.concurrent.locks.LockSupport.park(LockSupport.java:175)&#10;        at java.util.concurrent.locks.AbstractQueuedSynchronizer$ConditionObject.await(AbstractQueuedSynchronizer.java:2039)&#10;        at java.util.concurrent.ArrayBlockingQueue.take(ArrayBlockingQueue.java:403)&#10;        at java.util.concurrent.ThreadPoolExecutor.getTask(ThreadPoolExecutor.java:1074)&#10;        at java.util.concurrent.ThreadPoolExecutor.runWorker(ThreadPoolExecutor.java:1134)&#10;        at java.util.concurrent.ThreadPoolExecutor$Worker.run(ThreadPoolExecutor.java:624)&#10;        at java.lang.Thread.run(Thread.java:748)&#10;&quot;pool-36-thread-1&quot;  prio=5 tid=317 in Object.wait()&#10;java.lang.Thread.State: WAITING (on object monitor)&#10;        at sun.misc.Unsafe.park(Native Method)&#10;        at java.util.concurrent.locks.LockSupport.park(LockSupport.java:175)&#10;        at java.util.concurrent.locks.AbstractQueuedSynchronizer$ConditionObject.await(AbstractQueuedSynchronizer.java:2039)&#10;        at java.util.concurrent.ArrayBlockingQueue.take(ArrayBlockingQueue.java:403)&#10;        at java.util.concurrent.ThreadPoolExecutor.getTask(ThreadPoolExecutor.java:1074)&#10;        at java.util.concurrent.ThreadPoolExecutor.runWorker(ThreadPoolExecutor.java:1134)&#10;        at java.util.concurrent.ThreadPoolExecutor$Worker.run(ThreadPoolExecutor.java:624)&#10;        at java.lang.Thread.run(Thread.java:748)&#10;&quot;pool-66-thread-21&quot;  prio=5 tid=584 in Object.wait()&#10;java.lang.Thread.State: WAITING (on object monitor)&#10;        at sun.misc.Unsafe.park(Native Method)&#10;        at java.util.concurrent.locks.LockSupport.park(LockSupport.java:175)&#10;        at java.util.concurrent.locks.AbstractQueuedSynchronizer$ConditionObject.await(AbstractQueuedSynchronizer.java:2039)&#10;        at java.util.concurrent.ArrayBlockingQueue.take(ArrayBlockingQueue.java:403)&#10;        at java.util.concurrent.ThreadPoolExecutor.getTask(ThreadPoolExecutor.java:1074)&#10;        at java.util.concurrent.ThreadPoolExecutor.runWorker(ThreadPoolExecutor.java:1134)&#10;        at java.util.concurrent.ThreadPoolExecutor$Worker.run(ThreadPoolExecutor.java:624)&#10;        at java.lang.Thread.run(Thread.java:748)&#10;&quot;pool-26-thread-5&quot;  prio=5 tid=321 in Object.wait()&#10;java.lang.Thread.State: WAITING (on object monitor)&#10;        at sun.misc.Unsafe.park(Native Method)&#10;        at java.util.concurrent.locks.LockSupport.park(LockSupport.java:175)&#10;        at java.util.concurrent.locks.AbstractQueuedSynchronizer$ConditionObject.await(AbstractQueuedSynchronizer.java:2039)&#10;        at java.util.concurrent.ArrayBlockingQueue.take(ArrayBlockingQueue.java:403)&#10;        at java.util.concurrent.ThreadPoolExecutor.getTask(ThreadPoolExecutor.java:1074)&#10;        at java.util.concurrent.ThreadPoolExecutor.runWorker(ThreadPoolExecutor.java:1134)&#10;        at java.util.concurrent.ThreadPoolExecutor$Worker.run(ThreadPoolExecutor.java:624)&#10;        at java.lang.Thread.run(Thread.java:748)&#10;&quot;org.eclipse.jetty.server.session.HashSessionManager@1c65b6d1Timer&quot; daemon prio=5 tid=196 timed_waiting&#10;java.lang.Thread.State: TIMED_WAITING&#10;        at sun.misc.Unsafe.park(Native Method)&#10;        at java.util.concurrent.locks.LockSupport.parkNanos(LockSupport.java:215)&#10;        at java.util.concurrent.locks.AbstractQueuedSynchronizer$ConditionObject.awaitNanos(AbstractQueuedSynchronizer.java:2078)&#10;        at java.util.concurrent.ScheduledThreadPoolExecutor$DelayedWorkQueue.take(ScheduledThreadPoolExecutor.java:1093)&#10;        at java.util.concurrent.ScheduledThreadPoolExecutor$DelayedWorkQueue.take(ScheduledThreadPoolExecutor.java:809)&#10;        at java.util.concurrent.ThreadPoolExecutor.getTask(ThreadPoolExecutor.java:1074)&#10;        at java.util.concurrent.ThreadPoolExecutor.runWorker(ThreadPoolExecutor.java:1134)&#10;        at java.util.concurrent.ThreadPoolExecutor$Worker.run(ThreadPoolExecutor.java:624)&#10;        at java.lang.Thread.run(Thread.java:748)&#10;&quot;pool-56-thread-4&quot;  prio=5 tid=499 in Object.wait()&#10;java.lang.Thread.State: WAITING (on object monitor)&#10;        at sun.misc.Unsafe.park(Native Method)&#10;        at java.util.concurrent.locks.LockSupport.park(LockSupport.java:175)&#10;        at java.util.concurrent.locks.AbstractQueuedSynchronizer$ConditionObject.await(AbstractQueuedSynchronizer.java:2039)&#10;        at java.util.concurrent.ArrayBlockingQueue.take(ArrayBlockingQueue.java:403)&#10;        at java.util.concurrent.ThreadPoolExecutor.getTask(ThreadPoolExecutor.java:1074)&#10;        at java.util.concurrent.ThreadPoolExecutor.runWorker(ThreadPoolExecutor.java:1134)&#10;        at java.util.concurrent.ThreadPoolExecutor$Worker.run(ThreadPoolExecutor.java:624)&#10;        at java.lang.Thread.run(Thread.java:748)&#10;&quot;pool-26-thread-14&quot;  prio=5 tid=340 in Object.wait()&#10;java.lang.Thread.State: WAITING (on object monitor)&#10;        at sun.misc.Unsafe.park(Native Method)&#10;        at java.util.concurrent.locks.LockSupport.park(LockSupport.java:175)&#10;        at java.util.concurrent.locks.AbstractQueuedSynchronizer$ConditionObject.await(AbstractQueuedSynchronizer.java:2039)&#10;        at java.util.concurrent.ArrayBlockingQueue.take(ArrayBlockingQueue.java:403)&#10;        at java.util.concurrent.ThreadPoolExecutor.getTask(ThreadPoolExecutor.java:1074)&#10;        at java.util.concurrent.ThreadPoolExecutor.runWorker(ThreadPoolExecutor.java:1134)&#10;        at java.util.concurrent.ThreadPoolExecutor$Worker.run(ThreadPoolExecutor.java:624)&#10;        at java.lang.Thread.run(Thread.java:748)&#10;&quot;pool-36-thread-15&quot;  prio=5 tid=345 in Object.wait()&#10;java.lang.Thread.State: WAITING (on object monitor)&#10;        at sun.misc.Unsafe.park(Native Method)&#10;        at java.util.concurrent.locks.LockSupport.park(LockSupport.java:175)&#10;        at java.util.concurrent.locks.AbstractQueuedSynchronizer$ConditionObject.await(AbstractQueuedSynchronizer.java:2039)&#10;        at java.util.concurrent.ArrayBlockingQueue.take(ArrayBlockingQueue.java:403)&#10;        at java.util.concurrent.ThreadPoolExecutor.getTask(ThreadPoolExecutor.java:1074)&#10;        at java.util.concurrent.ThreadPoolExecutor.runWorker(ThreadPoolExecutor.java:1134)&#10;        at java.util.concurrent.ThreadPoolExecutor$Worker.run(ThreadPoolExecutor.java:624)&#10;        at java.lang.Thread.run(Thread.java:748)&#10;&quot;Datanode ReportManager Thread - 0&quot; daemon prio=5 tid=199 in Object.wait()&#10;java.lang.Thread.State: WAITING (on object monitor)&#10;        at sun.misc.Unsafe.park(Native Method)&#10;        at java.util.concurrent.locks.LockSupport.park(LockSupport.java:175)&#10;        at java.util.concurrent.locks.AbstractQueuedSynchronizer$ConditionObject.await(AbstractQueuedSynchronizer.java:2039)&#10;        at java.util.concurrent.ScheduledThreadPoolExecutor$DelayedWorkQueue.take(ScheduledThreadPoolExecutor.java:1088)&#10;        at java.util.concurrent.ScheduledThreadPoolExecutor$DelayedWorkQueue.take(ScheduledThreadPoolExecutor.java:809)&#10;        at java.util.concurrent.ThreadPoolExecutor.getTask(ThreadPoolExecutor.java:1074)&#10;        at java.util.concurrent.ThreadPoolExecutor.runWorker(ThreadPoolExecutor.java:1134)&#10;        at java.util.concurrent.ThreadPoolExecutor$Worker.run(ThreadPoolExecutor.java:624)&#10;        at java.lang.Thread.run(Thread.java:748)&#10;&quot;Datanode State Machine Thread - 0&quot; daemon prio=5 tid=259 timed_waiting&#10;java.lang.Thread.State: TIMED_WAITING&#10;        at sun.misc.Unsafe.park(Native Method)&#10;        at java.util.concurrent.locks.LockSupport.parkNanos(LockSupport.java:215)&#10;        at java.util.concurrent.SynchronousQueue$TransferStack.awaitFulfill(SynchronousQueue.java:460)&#10;        at java.util.concurrent.SynchronousQueue$TransferStack.transfer(SynchronousQueue.java:362)&#10;        at java.util.concurrent.SynchronousQueue.poll(SynchronousQueue.java:941)&#10;        at java.util.concurrent.ThreadPoolExecutor.getTask(ThreadPoolExecutor.java:1073)&#10;        at java.util.concurrent.ThreadPoolExecutor.runWorker(ThreadPoolExecutor.java:1134)&#10;        at java.util.concurrent.ThreadPoolExecutor$Worker.run(ThreadPoolExecutor.java:624)&#10;        at java.lang.Thread.run(Thread.java:748)&#10;&quot;pool-66-thread-38&quot;  prio=5 tid=601 in Object.wait()&#10;java.lang.Thread.State: WAITING (on object monitor)&#10;        at sun.misc.Unsafe.park(Native Method)&#10;        at java.util.concurrent.locks.LockSupport.park(LockSupport.java:175)&#10;        at java.util.concurrent.locks.AbstractQueuedSynchronizer$ConditionObject.await(AbstractQueuedSynchronizer.java:2039)&#10;        at java.util.concurrent.ArrayBlockingQueue.take(ArrayBlockingQueue.java:403)&#10;        at java.util.concurrent.ThreadPoolExecutor.getTask(ThreadPoolExecutor.java:1074)&#10;        at java.util.concurrent.ThreadPoolExecutor.runWorker(ThreadPoolExecutor.java:1134)&#10;        at java.util.concurrent.ThreadPoolExecutor$Worker.run(ThreadPoolExecutor.java:624)&#10;        at java.lang.Thread.run(Thread.java:748)&#10;&quot;pool-26-thread-12&quot;  prio=5 tid=336 in Object.wait()&#10;java.lang.Thread.State: WAITING (on object monitor)&#10;        at sun.misc.Unsafe.park(Native Method)&#10;        at java.util.concurrent.locks.LockSupport.park(LockSupport.java:175)&#10;        at java.util.concurrent.locks.AbstractQueuedSynchronizer$ConditionObject.await(AbstractQueuedSynchronizer.java:2039)&#10;        at java.util.concurrent.ArrayBlockingQueue.take(ArrayBlockingQueue.java:403)&#10;        at java.util.concurrent.ThreadPoolExecutor.getTask(ThreadPoolExecutor.java:1074)&#10;        at java.util.concurrent.ThreadPoolExecutor.runWorker(ThreadPoolExecutor.java:1134)&#10;        at java.util.concurrent.ThreadPoolExecutor$Worker.run(ThreadPoolExecutor.java:624)&#10;        at java.lang.Thread.run(Thread.java:748)&#10;&quot;qtp64027122-164&quot; daemon prio=5 tid=164 timed_waiting&#10;java.lang.Thread.State: TIMED_WAITING&#10;        at sun.misc.Unsafe.park(Native Method)&#10;        at java.util.concurrent.locks.LockSupport.parkNanos(LockSupport.java:215)&#10;        at java.util.concurrent.locks.AbstractQueuedSynchronizer$ConditionObject.awaitNanos(AbstractQueuedSynchronizer.java:2078)&#10;        at org.eclipse.jetty.util.BlockingArrayQueue.poll(BlockingArrayQueue.java:392)&#10;        at org.eclipse.jetty.util.thread.QueuedThreadPool.idleJobPoll(QueuedThreadPool.java:563)&#10;        at org.eclipse.jetty.util.thread.QueuedThreadPool.access$800(QueuedThreadPool.java:48)&#10;        at org.eclipse.jetty.util.thread.QueuedThreadPool$2.run(QueuedThreadPool.java:626)&#10;        at java.lang.Thread.run(Thread.java:748)&#10;&quot;pool-36-thread-58&quot;  prio=5 tid=428 in Object.wait()&#10;java.lang.Thread.State: WAITING (on object monitor)&#10;        at sun.misc.Unsafe.park(Native Method)&#10;        at java.util.concurrent.locks.LockSupport.park(LockSupport.java:175)&#10;        at java.util.concurrent.locks.AbstractQueuedSynchronizer$ConditionObject.await(AbstractQueuedSynchronizer.java:2039)&#10;        at java.util.concurrent.ArrayBlockingQueue.take(ArrayBlockingQueue.java:403)&#10;        at java.util.concurrent.ThreadPoolExecutor.getTask(ThreadPoolExecutor.java:1074)&#10;        at java.util.concurrent.ThreadPoolExecutor.runWorker(ThreadPoolExecutor.java:1134)&#10;        at java.util.concurrent.ThreadPoolExecutor$Worker.run(ThreadPoolExecutor.java:624)&#10;        at java.lang.Thread.run(Thread.java:748)&#10;&quot;metrics-hadoop-metrics2-reporter-50-thread-1&quot; daemon prio=5 tid=888 timed_waiting&#10;java.lang.Thread.State: TIMED_WAITING&#10;        at sun.misc.Unsafe.park(Native Method)&#10;        at java.util.concurrent.locks.LockSupport.parkNanos(LockSupport.java:215)&#10;        at java.util.concurrent.locks.AbstractQueuedSynchronizer$ConditionObject.awaitNanos(AbstractQueuedSynchronizer.java:2078)&#10;        at java.util.concurrent.ScheduledThreadPoolExecutor$DelayedWorkQueue.take(ScheduledThreadPoolExecutor.java:1093)&#10;        at java.util.concurrent.ScheduledThreadPoolExecutor$DelayedWorkQueue.take(ScheduledThreadPoolExecutor.java:809)&#10;        at java.util.concurrent.ThreadPoolExecutor.getTask(ThreadPoolExecutor.java:1074)&#10;        at java.util.concurrent.ThreadPoolExecutor.runWorker(ThreadPoolExecutor.java:1134)&#10;        at java.util.concurrent.ThreadPoolExecutor$Worker.run(ThreadPoolExecutor.java:624)&#10;        at java.lang.Thread.run(Thread.java:748)&#10;&quot;pool-46-thread-3&quot;  prio=5 tid=437 in Object.wait()&#10;java.lang.Thread.State: WAITING (on object monitor)&#10;        at sun.misc.Unsafe.park(Native Method)&#10;        at java.util.concurrent.locks.LockSupport.park(LockSupport.java:175)&#10;        at java.util.concurrent.locks.AbstractQueuedSynchronizer$ConditionObject.await(AbstractQueuedSynchronizer.java:2039)&#10;        at java.util.concurrent.ArrayBlockingQueue.take(ArrayBlockingQueue.java:403)&#10;        at java.util.concurrent.ThreadPoolExecutor.getTask(ThreadPoolExecutor.java:1074)&#10;        at java.util.concurrent.ThreadPoolExecutor.runWorker(ThreadPoolExecutor.java:1134)&#10;        at java.util.concurrent.ThreadPoolExecutor$Worker.run(ThreadPoolExecutor.java:624)&#10;        at java.lang.Thread.run(Thread.java:748)&#10;&quot;prometheus&quot; daemon prio=5 tid=101 runnable&#10;java.lang.Thread.State: RUNNABLE&#10;        at java.lang.Object.wait(Native Method)&#10;        at java.lang.Object.wait(Object.java:502)&#10;        at org.apache.hadoop.metrics2.impl.SinkQueue.waitForData(SinkQueue.java:114)&#10;        at org.apache.hadoop.metrics2.impl.SinkQueue.consumeAll(SinkQueue.java:83)&#10;        at org.apache.hadoop.metrics2.impl.MetricsSinkAdapter.publishMetricsFromQueue(MetricsSinkAdapter.java:135)&#10;        at org.apache.hadoop.metrics2.impl.MetricsSinkAdapter$1.run(MetricsSinkAdapter.java:89)&#10;&quot;IPC Server handler 4 on 33440&quot; daemon prio=5 tid=54 timed_waiting&#10;java.lang.Thread.State: TIMED_WAITING&#10;        at sun.misc.Unsafe.park(Native Method)&#10;        at java.util.concurrent.locks.LockSupport.parkNanos(LockSupport.java:215)&#10;        at java.util.concurrent.locks.AbstractQueuedSynchronizer$ConditionObject.awaitNanos(AbstractQueuedSynchronizer.java:2078)&#10;        at java.util.concurrent.LinkedBlockingQueue.poll(LinkedBlockingQueue.java:467)&#10;        at org.apache.hadoop.ipc.CallQueueManager.take(CallQueueManager.java:288)&#10;        at org.apache.hadoop.ipc.Server$Handler.run(Server.java:2668)&#10;&quot;pool-76-thread-17&quot;  prio=5 tid=642 in Object.wait()&#10;java.lang.Thread.State: WAITING (on object monitor)&#10;        at sun.misc.Unsafe.park(Native Method)&#10;        at java.util.concurrent.locks.LockSupport.park(LockSupport.java:175)&#10;        at java.util.concurrent.locks.AbstractQueuedSynchronizer$ConditionObject.await(AbstractQueuedSynchronizer.java:2039)&#10;        at java.util.concurrent.ArrayBlockingQueue.take(ArrayBlockingQueue.java:403)&#10;        at java.util.concurrent.ThreadPoolExecutor.getTask(ThreadPoolExecutor.java:1074)&#10;        at java.util.concurrent.ThreadPoolExecutor.runWorker(ThreadPoolExecutor.java:1134)&#10;        at java.util.concurrent.ThreadPoolExecutor$Worker.run(ThreadPoolExecutor.java:624)&#10;        at java.lang.Thread.run(Thread.java:748)&#10;&quot;java.util.concurrent.ThreadPoolExecutor$Worker@3136b9cc[State = -1, empty queue]&quot; daemon prio=5 tid=840 timed_waiting&#10;java.lang.Thread.State: TIMED_WAITING&#10;        at sun.misc.Unsafe.park(Native Method)&#10;        at java.util.concurrent.locks.LockSupport.parkNanos(LockSupport.java:215)&#10;        at java.util.concurrent.locks.AbstractQueuedSynchronizer$ConditionObject.awaitNanos(AbstractQueuedSynchronizer.java:2078)&#10;        at java.util.concurrent.ScheduledThreadPoolExecutor$DelayedWorkQueue.take(ScheduledThreadPoolExecutor.java:1093)&#10;        at java.util.concurrent.ScheduledThreadPoolExecutor$DelayedWorkQueue.take(ScheduledThreadPoolExecutor.java:809)&#10;        at java.util.concurrent.ThreadPoolExecutor.getTask(ThreadPoolExecutor.java:1074)&#10;        at java.util.concurrent.ThreadPoolExecutor.runWorker(ThreadPoolExecutor.java:1134)&#10;        at java.util.concurrent.ThreadPoolExecutor$Worker.run(ThreadPoolExecutor.java:624)&#10;        at java.lang.Thread.run(Thread.java:748)&#10;&quot;pool-56-thread-58&quot;  prio=5 tid=559 in Object.wait()&#10;java.lang.Thread.State: WAITING (on object monitor)&#10;        at sun.misc.Unsafe.park(Native Method)&#10;        at java.util.concurrent.locks.LockSupport.park(LockSupport.java:175)&#10;        at java.util.concurrent.locks.AbstractQueuedSynchronizer$ConditionObject.await(AbstractQueuedSynchronizer.java:2039)&#10;        at java.util.concurrent.ArrayBlockingQueue.take(ArrayBlockingQueue.java:403)&#10;        at java.util.concurrent.ThreadPoolExecutor.getTask(ThreadPoolExecutor.java:1074)&#10;        at java.util.concurrent.ThreadPoolExecutor.runWorker(ThreadPoolExecutor.java:1134)&#10;        at java.util.concurrent.ThreadPoolExecutor$Worker.run(ThreadPoolExecutor.java:624)&#10;        at java.lang.Thread.run(Thread.java:748)&#10;&quot;pool-36-thread-35&quot;  prio=5 tid=384 in Object.wait()&#10;java.lang.Thread.State: WAITING (on object monitor)&#10;        at sun.misc.Unsafe.park(Native Method)&#10;        at java.util.concurrent.locks.LockSupport.park(LockSupport.java:175)&#10;        at java.util.concurrent.locks.AbstractQueuedSynchronizer$ConditionObject.await(AbstractQueuedSynchronizer.java:2039)&#10;        at java.util.concurrent.ArrayBlockingQueue.take(ArrayBlockingQueue.java:403)&#10;        at java.util.concurrent.ThreadPoolExecutor.getTask(ThreadPoolExecutor.java:1074)&#10;        at java.util.concurrent.ThreadPoolExecutor.runWorker(ThreadPoolExecutor.java:1134)&#10;        at java.util.concurrent.ThreadPoolExecutor$Worker.run(ThreadPoolExecutor.java:624)&#10;        at java.lang.Thread.run(Thread.java:748)&#10;&quot;pool-76-thread-41&quot;  prio=5 tid=666 in Object.wait()&#10;java.lang.Thread.State: WAITING (on object monitor)&#10;        at sun.misc.Unsafe.park(Native Method)&#10;        at java.util.concurrent.locks.LockSupport.park(LockSupport.java:175)&#10;        at java.util.concurrent.locks.AbstractQueuedSynchronizer$ConditionObject.await(AbstractQueuedSynchronizer.java:2039)&#10;        at java.util.concurrent.ArrayBlockingQueue.take(ArrayBlockingQueue.java:403)&#10;        at java.util.concurrent.ThreadPoolExecutor.getTask(ThreadPoolExecutor.java:1074)&#10;        at java.util.concurrent.ThreadPoolExecutor.runWorker(ThreadPoolExecutor.java:1134)&#10;        at java.util.concurrent.ThreadPoolExecutor$Worker.run(ThreadPoolExecutor.java:624)&#10;        at java.lang.Thread.run(Thread.java:748)&#10;&quot;metrics-hadoop-metrics2-reporter-77-thread-1&quot; daemon prio=5 tid=1031 timed_waiting&#10;java.lang.Thread.State: TIMED_WAITING&#10;        at sun.misc.Unsafe.park(Native Method)&#10;        at java.util.concurrent.locks.LockSupport.parkNanos(LockSupport.java:215)&#10;        at java.util.concurrent.locks.AbstractQueuedSynchronizer$ConditionObject.awaitNanos(AbstractQueuedSynchronizer.java:2078)&#10;        at java.util.concurrent.ScheduledThreadPoolExecutor$DelayedWorkQueue.take(ScheduledThreadPoolExecutor.java:1093)&#10;        at java.util.concurrent.ScheduledThreadPoolExecutor$DelayedWorkQueue.take(ScheduledThreadPoolExecutor.java:809)&#10;        at java.util.concurrent.ThreadPoolExecutor.getTask(ThreadPoolExecutor.java:1074)&#10;        at java.util.concurrent.ThreadPoolExecutor.runWorker(ThreadPoolExecutor.java:1134)&#10;        at java.util.concurrent.ThreadPoolExecutor$Worker.run(ThreadPoolExecutor.java:624)&#10;        at java.lang.Thread.run(Thread.java:748)&#10;&quot;qtp693544819-245&quot; daemon prio=5 tid=245 timed_waiting&#10;java.lang.Thread.State: TIMED_WAITING&#10;        at sun.misc.Unsafe.park(Native Method)&#10;        at java.util.concurrent.locks.LockSupport.parkNanos(LockSupport.java:215)&#10;        at java.util.concurrent.locks.AbstractQueuedSynchronizer$ConditionObject.awaitNanos(AbstractQueuedSynchronizer.java:2078)&#10;        at org.eclipse.jetty.util.BlockingArrayQueue.poll(BlockingArrayQueue.java:392)&#10;        at org.eclipse.jetty.util.thread.QueuedThreadPool.idleJobPoll(QueuedThreadPool.java:563)&#10;        at org.eclipse.jetty.util.thread.QueuedThreadPool.access$800(QueuedThreadPool.java:48)&#10;        at org.eclipse.jetty.util.thread.QueuedThreadPool$2.run(QueuedThreadPool.java:626)&#10;        at java.lang.Thread.run(Thread.java:748)&#10;&quot;IPC Server handler 12 on 33440&quot; daemon prio=5 tid=62 timed_waiting&#10;java.lang.Thread.State: TIMED_WAITING&#10;        at sun.misc.Unsafe.park(Native Method)&#10;        at java.util.concurrent.locks.LockSupport.parkNanos(LockSupport.java:215)&#10;        at java.util.concurrent.locks.AbstractQueuedSynchronizer$ConditionObject.awaitNanos(AbstractQueuedSynchronizer.java:2078)&#10;        at java.util.concurrent.LinkedBlockingQueue.poll(LinkedBlockingQueue.java:467)&#10;        at org.apache.hadoop.ipc.CallQueueManager.take(CallQueueManager.java:288)&#10;        at org.apache.hadoop.ipc.Server$Handler.run(Server.java:2668)&#10;&quot;pool-50-thread-1&quot;  prio=5 tid=213 timed_waiting&#10;java.lang.Thread.State: TIMED_WAITING&#10;        at sun.misc.Unsafe.park(Native Method)&#10;        at java.util.concurrent.locks.LockSupport.parkNanos(LockSupport.java:215)&#10;        at java.util.concurrent.locks.AbstractQueuedSynchronizer$ConditionObject.awaitNanos(AbstractQueuedSynchronizer.java:2078)&#10;        at java.util.concurrent.ScheduledThreadPoolExecutor$DelayedWorkQueue.take(ScheduledThreadPoolExecutor.java:1093)&#10;        at java.util.concurrent.ScheduledThreadPoolExecutor$DelayedWorkQueue.take(ScheduledThreadPoolExecutor.java:809)&#10;        at java.util.concurrent.ThreadPoolExecutor.getTask(ThreadPoolExecutor.java:1074)&#10;        at java.util.concurrent.ThreadPoolExecutor.runWorker(ThreadPoolExecutor.java:1134)&#10;        at java.util.concurrent.ThreadPoolExecutor$Worker.run(ThreadPoolExecutor.java:624)&#10;        at java.lang.Thread.run(Thread.java:748)&#10;&quot;IPC Server handler 1 on 33440&quot; daemon prio=5 tid=51 timed_waiting&#10;java.lang.Thread.State: TIMED_WAITING&#10;        at sun.misc.Unsafe.park(Native Method)&#10;        at java.util.concurrent.locks.LockSupport.parkNanos(LockSupport.java:215)&#10;        at java.util.concurrent.locks.AbstractQueuedSynchronizer$ConditionObject.awaitNanos(AbstractQueuedSynchronizer.java:2078)&#10;        at java.util.concurrent.LinkedBlockingQueue.poll(LinkedBlockingQueue.java:467)&#10;        at org.apache.hadoop.ipc.CallQueueManager.take(CallQueueManager.java:288)&#10;        at org.apache.hadoop.ipc.Server$Handler.run(Server.java:2668)&#10;&quot;Datanode State Machine Thread - 0&quot; daemon prio=5 tid=171 timed_waiting&#10;java.lang.Thread.State: TIMED_WAITING&#10;        at java.lang.Thread.sleep(Native Method)&#10;        at org.apache.hadoop.ozone.container.common.statemachine.DatanodeStateMachine.start(DatanodeStateMachine.java:191)&#10;        at org.apache.hadoop.ozone.container.common.statemachine.DatanodeStateMachine.lambda$startDaemon$0(DatanodeStateMachine.java:349)&#10;        at org.apache.hadoop.ozone.container.common.statemachine.DatanodeStateMachine$$Lambda$140/532411881.run(Unknown Source)&#10;        at java.lang.Thread.run(Thread.java:748)&#10;&quot;pool-46-thread-39&quot;  prio=5 tid=473 in Object.wait()&#10;java.lang.Thread.State: WAITING (on object monitor)&#10;        at sun.misc.Unsafe.park(Native Method)&#10;        at java.util.concurrent.locks.LockSupport.park(LockSupport.java:175)&#10;        at java.util.concurrent.locks.AbstractQueuedSynchronizer$ConditionObject.await(AbstractQueuedSynchronizer.java:2039)&#10;        at java.util.concurrent.ArrayBlockingQueue.take(ArrayBlockingQueue.java:403)&#10;        at java.util.concurrent.ThreadPoolExecutor.getTask(ThreadPoolExecutor.java:1074)&#10;        at java.util.concurrent.ThreadPoolExecutor.runWorker(ThreadPoolExecutor.java:1134)&#10;        at java.util.concurrent.ThreadPoolExecutor$Worker.run(ThreadPoolExecutor.java:624)&#10;        at java.lang.Thread.run(Thread.java:748)&#10;&quot;java.util.concurrent.ThreadPoolExecutor$Worker@32985810[State = -1, empty queue]&quot; daemon prio=5 tid=1048 timed_waiting&#10;java.lang.Thread.State: TIMED_WAITING&#10;        at sun.misc.Unsafe.park(Native Method)&#10;        at java.util.concurrent.locks.LockSupport.parkNanos(LockSupport.java:215)&#10;        at java.util.concurrent.locks.AbstractQueuedSynchronizer$ConditionObject.awaitNanos(AbstractQueuedSynchronizer.java:2078)&#10;        at java.util.concurrent.ScheduledThreadPoolExecutor$DelayedWorkQueue.take(ScheduledThreadPoolExecutor.java:1093)&#10;        at java.util.concurrent.ScheduledThreadPoolExecutor$DelayedWorkQueue.take(ScheduledThreadPoolExecutor.java:809)&#10;        at java.util.concurrent.ThreadPoolExecutor.getTask(ThreadPoolExecutor.java:1074)&#10;        at java.util.concurrent.ThreadPoolExecutor.runWorker(ThreadPoolExecutor.java:1134)&#10;        at java.util.concurrent.ThreadPoolExecutor$Worker.run(ThreadPoolExecutor.java:624)&#10;        at java.lang.Thread.run(Thread.java:748)&#10;&quot;a3fa570c-ae50-443c-8ab2-043428e82a24@group-69898A346AAC-SegmentedRaftLogWorker&quot;  prio=5 tid=927 timed_waiting&#10;java.lang.Thread.State: TIMED_WAITING&#10;        at sun.misc.Unsafe.park(Native Method)&#10;        at java.util.concurrent.locks.LockSupport.parkNanos(LockSupport.java:215)&#10;        at java.util.concurrent.locks.AbstractQueuedSynchronizer$ConditionObject.awaitNanos(AbstractQueuedSynchronizer.java:2078)&#10;        at org.apache.ratis.util.DataBlockingQueue.poll(DataBlockingQueue.java:137)&#10;        at org.apache.ratis.server.raftlog.segmented.SegmentedRaftLogWorker.run(SegmentedRaftLogWorker.java:282)&#10;        at java.lang.Thread.run(Thread.java:748)&#10;&quot;metrics-hadoop-metrics2-reporter-16-thread-1&quot; daemon prio=5 tid=740 timed_waiting&#10;java.lang.Thread.State: TIMED_WAITING&#10;        at sun.misc.Unsafe.park(Native Method)&#10;        at java.util.concurrent.locks.LockSupport.parkNanos(LockSupport.java:215)&#10;        at java.util.concurrent.locks.AbstractQueuedSynchronizer$ConditionObject.awaitNanos(AbstractQueuedSynchronizer.java:2078)&#10;        at java.util.concurrent.ScheduledThreadPoolExecutor$DelayedWorkQueue.take(ScheduledThreadPoolExecutor.java:1093)&#10;        at java.util.concurrent.ScheduledThreadPoolExecutor$DelayedWorkQueue.take(ScheduledThreadPoolExecutor.java:809)&#10;        at java.util.concurrent.ThreadPoolExecutor.getTask(ThreadPoolExecutor.java:1074)&#10;        at java.util.concurrent.ThreadPoolExecutor.runWorker(ThreadPoolExecutor.java:1134)&#10;        at java.util.concurrent.ThreadPoolExecutor$Worker.run(ThreadPoolExecutor.java:624)&#10;        at java.lang.Thread.run(Thread.java:748)&#10;&quot;pool-36-thread-41&quot;  prio=5 tid=395 in Object.wait()&#10;java.lang.Thread.State: WAITING (on object monitor)&#10;        at sun.misc.Unsafe.park(Native Method)&#10;        at java.util.concurrent.locks.LockSupport.park(LockSupport.java:175)&#10;        at java.util.concurrent.locks.AbstractQueuedSynchronizer$ConditionObject.await(AbstractQueuedSynchronizer.java:2039)&#10;        at java.util.concurrent.ArrayBlockingQueue.take(ArrayBlockingQueue.java:403)&#10;        at java.util.concurrent.ThreadPoolExecutor.getTask(ThreadPoolExecutor.java:1074)&#10;        at java.util.concurrent.ThreadPoolExecutor.runWorker(ThreadPoolExecutor.java:1134)&#10;        at java.util.concurrent.ThreadPoolExecutor$Worker.run(ThreadPoolExecutor.java:624)&#10;        at java.lang.Thread.run(Thread.java:748)&#10;&quot;IPC Server handler 7 on 33888&quot; daemon prio=5 tid=37 timed_waiting&#10;java.lang.Thread.State: TIMED_WAITING&#10;        at sun.misc.Unsafe.park(Native Method)&#10;        at java.util.concurrent.locks.LockSupport.parkNanos(LockSupport.java:215)&#10;        at java.util.concurrent.locks.AbstractQueuedSynchronizer$ConditionObject.awaitNanos(AbstractQueuedSynchronizer.java:2078)&#10;        at java.util.concurrent.LinkedBlockingQueue.poll(LinkedBlockingQueue.java:467)&#10;        at org.apache.hadoop.ipc.CallQueueManager.take(CallQueueManager.java:288)&#10;        at org.apache.hadoop.ipc.Server$Handler.run(Server.java:2668)&#10;&quot;IPC Server handler 4 on 41091&quot; daemon prio=5 tid=119 timed_waiting&#10;java.lang.Thread.State: TIMED_WAITING&#10;        at sun.misc.Unsafe.park(Native Method)&#10;        at java.util.concurrent.locks.LockSupport.parkNanos(LockSupport.java:215)&#10;        at java.util.concurrent.locks.AbstractQueuedSynchronizer$ConditionObject.awaitNanos(AbstractQueuedSynchronizer.java:2078)&#10;        at java.util.concurrent.LinkedBlockingQueue.poll(LinkedBlockingQueue.java:467)&#10;        at org.apache.hadoop.ipc.CallQueueManager.take(CallQueueManager.java:288)&#10;        at org.apache.hadoop.ipc.Server$Handler.run(Server.java:2668)&#10;&quot;pool-46-thread-60&quot;  prio=5 tid=494 in Object.wait()&#10;java.lang.Thread.State: WAITING (on object monitor)&#10;        at sun.misc.Unsafe.park(Native Method)&#10;        at java.util.concurrent.locks.LockSupport.park(LockSupport.java:175)&#10;        at java.util.concurrent.locks.AbstractQueuedSynchronizer$ConditionObject.await(AbstractQueuedSynchronizer.java:2039)&#10;        at java.util.concurrent.ArrayBlockingQueue.take(ArrayBlockingQueue.java:403)&#10;        at java.util.concurrent.ThreadPoolExecutor.getTask(ThreadPoolExecutor.java:1074)&#10;        at java.util.concurrent.ThreadPoolExecutor.runWorker(ThreadPoolExecutor.java:1134)&#10;        at java.util.concurrent.ThreadPoolExecutor$Worker.run(ThreadPoolExecutor.java:624)&#10;        at java.lang.Thread.run(Thread.java:748)&#10;&quot;Thread-433&quot; daemon prio=5 tid=1019 timed_waiting&#10;java.lang.Thread.State: TIMED_WAITING&#10;        at sun.misc.Unsafe.park(Native Method)&#10;        at java.util.concurrent.locks.LockSupport.parkNanos(LockSupport.java:215)&#10;        at java.util.concurrent.locks.AbstractQueuedSynchronizer$ConditionObject.awaitNanos(AbstractQueuedSynchronizer.java:2078)&#10;        at java.util.concurrent.ArrayBlockingQueue.poll(ArrayBlockingQueue.java:418)&#10;        at org.apache.ratis.server.impl.LeaderState$EventQueue.poll(LeaderState.java:115)&#10;        at org.apache.ratis.server.impl.LeaderState$EventProcessor.run(LeaderState.java:467)&#10;&quot;pool-26-thread-2&quot;  prio=5 tid=316 in Object.wait()&#10;java.lang.Thread.State: WAITING (on object monitor)&#10;        at sun.misc.Unsafe.park(Native Method)&#10;        at java.util.concurrent.locks.LockSupport.park(LockSupport.java:175)&#10;        at java.util.concurrent.locks.AbstractQueuedSynchronizer$ConditionObject.await(AbstractQueuedSynchronizer.java:2039)&#10;        at java.util.concurrent.ArrayBlockingQueue.take(ArrayBlockingQueue.java:403)&#10;        at java.util.concurrent.ThreadPoolExecutor.getTask(ThreadPoolExecutor.java:1074)&#10;        at java.util.concurrent.ThreadPoolExecutor.runWorker(ThreadPoolExecutor.java:1134)&#10;        at java.util.concurrent.ThreadPoolExecutor$Worker.run(ThreadPoolExecutor.java:624)&#10;        at java.lang.Thread.run(Thread.java:748)&#10;&quot;metrics-hadoop-metrics2-reporter-80-thread-1&quot; daemon prio=5 tid=1045 timed_waiting&#10;java.lang.Thread.State: TIMED_WAITING&#10;        at sun.misc.Unsafe.park(Native Method)&#10;        at java.util.concurrent.locks.LockSupport.parkNanos(LockSupport.java:215)&#10;        at java.util.concurrent.locks.AbstractQueuedSynchronizer$ConditionObject.awaitNanos(AbstractQueuedSynchronizer.java:2078)&#10;        at java.util.concurrent.ScheduledThreadPoolExecutor$DelayedWorkQueue.take(ScheduledThreadPoolExecutor.java:1093)&#10;        at java.util.concurrent.ScheduledThreadPoolExecutor$DelayedWorkQueue.take(ScheduledThreadPoolExecutor.java:809)&#10;        at java.util.concurrent.ThreadPoolExecutor.getTask(ThreadPoolExecutor.java:1074)&#10;        at java.util.concurrent.ThreadPoolExecutor.runWorker(ThreadPoolExecutor.java:1134)&#10;        at java.util.concurrent.ThreadPoolExecutor$Worker.run(ThreadPoolExecutor.java:624)&#10;        at java.lang.Thread.run(Thread.java:748)&#10;&quot;pool-76-thread-22&quot;  prio=5 tid=647 in Object.wait()&#10;java.lang.Thread.State: WAITING (on object monitor)&#10;        at sun.misc.Unsafe.park(Native Method)&#10;        at java.util.concurrent.locks.LockSupport.park(LockSupport.java:175)&#10;        at java.util.concurrent.locks.AbstractQueuedSynchronizer$ConditionObject.await(AbstractQueuedSynchronizer.java:2039)&#10;        at java.util.concurrent.ArrayBlockingQueue.take(ArrayBlockingQueue.java:403)&#10;        at java.util.concurrent.ThreadPoolExecutor.getTask(ThreadPoolExecutor.java:1074)&#10;        at java.util.concurrent.ThreadPoolExecutor.runWorker(ThreadPoolExecutor.java:1134)&#10;        at java.util.concurrent.ThreadPoolExecutor$Worker.run(ThreadPoolExecutor.java:624)&#10;        at java.lang.Thread.run(Thread.java:748)&#10;&quot;9334f5f3-1c9b-4a41-9735-40b3bdb856ca@group-AD32415A553A-StateMachineUpdater&quot; daemon prio=5 tid=739 in Object.wait()&#10;java.lang.Thread.State: WAITING (on object monitor)&#10;        at java.lang.Object.wait(Native Method)&#10;        at java.lang.Object.wait(Object.java:502)&#10;        at org.apache.ratis.server.impl.StateMachineUpdater.waitForCommit(StateMachineUpdater.java:194)&#10;        at org.apache.ratis.server.impl.StateMachineUpdater.run(StateMachineUpdater.java:159)&#10;        at java.lang.Thread.run(Thread.java:748)&#10;&quot;pool-56-thread-26&quot;  prio=5 tid=524 in Object.wait()&#10;java.lang.Thread.State: WAITING (on object monitor)&#10;        at sun.misc.Unsafe.park(Native Method)&#10;        at java.util.concurrent.locks.LockSupport.park(LockSupport.java:175)&#10;        at java.util.concurrent.locks.AbstractQueuedSynchronizer$ConditionObject.await(AbstractQueuedSynchronizer.java:2039)&#10;        at java.util.concurrent.ArrayBlockingQueue.take(ArrayBlockingQueue.java:403)&#10;        at java.util.concurrent.ThreadPoolExecutor.getTask(ThreadPoolExecutor.java:1074)&#10;        at java.util.concurrent.ThreadPoolExecutor.runWorker(ThreadPoolExecutor.java:1134)&#10;        at java.util.concurrent.ThreadPoolExecutor$Worker.run(ThreadPoolExecutor.java:624)&#10;        at java.lang.Thread.run(Thread.java:748)&#10;&quot;pool-46-thread-26&quot;  prio=5 tid=460 in Object.wait()&#10;java.lang.Thread.State: WAITING (on object monitor)&#10;        at sun.misc.Unsafe.park(Native Method)&#10;        at java.util.concurrent.locks.LockSupport.park(LockSupport.java:175)&#10;        at java.util.concurrent.locks.AbstractQueuedSynchronizer$ConditionObject.await(AbstractQueuedSynchronizer.java:2039)&#10;        at java.util.concurrent.ArrayBlockingQueue.take(ArrayBlockingQueue.java:403)&#10;        at java.util.concurrent.ThreadPoolExecutor.getTask(ThreadPoolExecutor.java:1074)&#10;        at java.util.concurrent.ThreadPoolExecutor.runWorker(ThreadPoolExecutor.java:1134)&#10;        at java.util.concurrent.ThreadPoolExecutor$Worker.run(ThreadPoolExecutor.java:624)&#10;        at java.lang.Thread.run(Thread.java:748)&#10;&quot;pool-36-thread-31&quot;  prio=5 tid=375 in Object.wait()&#10;java.lang.Thread.State: WAITING (on object monitor)&#10;        at sun.misc.Unsafe.park(Native Method)&#10;        at java.util.concurrent.locks.LockSupport.park(LockSupport.java:175)&#10;        at java.util.concurrent.locks.AbstractQueuedSynchronizer$ConditionObject.await(AbstractQueuedSynchronizer.java:2039)&#10;        at java.util.concurrent.ArrayBlockingQueue.take(ArrayBlockingQueue.java:403)&#10;        at java.util.concurrent.ThreadPoolExecutor.getTask(ThreadPoolExecutor.java:1074)&#10;        at java.util.concurrent.ThreadPoolExecutor.runWorker(ThreadPoolExecutor.java:1134)&#10;        at java.util.concurrent.ThreadPoolExecutor$Worker.run(ThreadPoolExecutor.java:624)&#10;        at java.lang.Thread.run(Thread.java:748)&#10;&quot;pool-46-thread-14&quot;  prio=5 tid=448 in Object.wait()&#10;java.lang.Thread.State: WAITING (on object monitor)&#10;        at sun.misc.Unsafe.park(Native Method)&#10;        at java.util.concurrent.locks.LockSupport.park(LockSupport.java:175)&#10;        at java.util.concurrent.locks.AbstractQueuedSynchronizer$ConditionObject.await(AbstractQueuedSynchronizer.java:2039)&#10;        at java.util.concurrent.ArrayBlockingQueue.take(ArrayBlockingQueue.java:403)&#10;        at java.util.concurrent.ThreadPoolExecutor.getTask(ThreadPoolExecutor.java:1074)&#10;        at java.util.concurrent.ThreadPoolExecutor.runWorker(ThreadPoolExecutor.java:1134)&#10;        at java.util.concurrent.ThreadPoolExecutor$Worker.run(ThreadPoolExecutor.java:624)&#10;        at java.lang.Thread.run(Thread.java:748)&#10;&quot;pool-26-thread-53&quot;  prio=5 tid=421 in Object.wait()&#10;java.lang.Thread.State: WAITING (on object monitor)&#10;        at sun.misc.Unsafe.park(Native Method)&#10;        at java.util.concurrent.locks.LockSupport.park(LockSupport.java:175)&#10;        at java.util.concurrent.locks.AbstractQueuedSynchronizer$ConditionObject.await(AbstractQueuedSynchronizer.java:2039)&#10;        at java.util.concurrent.ArrayBlockingQueue.take(ArrayBlockingQueue.java:403)&#10;        at java.util.concurrent.ThreadPoolExecutor.getTask(ThreadPoolExecutor.java:1074)&#10;        at java.util.concurrent.ThreadPoolExecutor.runWorker(ThreadPoolExecutor.java:1134)&#10;        at java.util.concurrent.ThreadPoolExecutor$Worker.run(ThreadPoolExecutor.java:624)&#10;        at java.lang.Thread.run(Thread.java:748)&#10;&quot;pool-76-thread-44&quot;  prio=5 tid=669 in Object.wait()&#10;java.lang.Thread.State: WAITING (on object monitor)&#10;        at sun.misc.Unsafe.park(Native Method)&#10;        at java.util.concurrent.locks.LockSupport.park(LockSupport.java:175)&#10;        at java.util.concurrent.locks.AbstractQueuedSynchronizer$ConditionObject.await(AbstractQueuedSynchronizer.java:2039)&#10;        at java.util.concurrent.ArrayBlockingQueue.take(ArrayBlockingQueue.java:403)&#10;        at java.util.concurrent.ThreadPoolExecutor.getTask(ThreadPoolExecutor.java:1074)&#10;        at java.util.concurrent.ThreadPoolExecutor.runWorker(ThreadPoolExecutor.java:1134)&#10;        at java.util.concurrent.ThreadPoolExecutor$Worker.run(ThreadPoolExecutor.java:624)&#10;        at java.lang.Thread.run(Thread.java:748)&#10;&quot;Thread-428&quot; daemon prio=5 tid=1014 timed_waiting&#10;java.lang.Thread.State: TIMED_WAITING&#10;        at java.lang.Thread.sleep(Native Method)&#10;        at org.apache.ratis.util.JavaUtils.sleep(JavaUtils.java:247)&#10;        at org.apache.ratis.server.impl.FollowerState.run(FollowerState.java:97)&#10;&quot;3d3aac8b-d4d1-454d-bf0c-88a180692893@group-BAC069DAEF17-SegmentedRaftLogWorker&quot;  prio=5 tid=948 timed_waiting&#10;java.lang.Thread.State: TIMED_WAITING&#10;        at sun.misc.Unsafe.park(Native Method)&#10;        at java.util.concurrent.locks.LockSupport.parkNanos(LockSupport.java:215)&#10;        at java.util.concurrent.locks.AbstractQueuedSynchronizer$ConditionObject.awaitNanos(AbstractQueuedSynchronizer.java:2078)&#10;        at org.apache.ratis.util.DataBlockingQueue.poll(DataBlockingQueue.java:137)&#10;        at org.apache.ratis.server.raftlog.segmented.SegmentedRaftLogWorker.run(SegmentedRaftLogWorker.java:282)&#10;        at java.lang.Thread.run(Thread.java:748)&#10;&quot;IPC Server handler 13 on 41091&quot; daemon prio=5 tid=129 timed_waiting&#10;java.lang.Thread.State: TIMED_WAITING&#10;        at sun.misc.Unsafe.park(Native Method)&#10;        at java.util.concurrent.locks.LockSupport.parkNanos(LockSupport.java:215)&#10;        at java.util.concurrent.locks.AbstractQueuedSynchronizer$ConditionObject.awaitNanos(AbstractQueuedSynchronizer.java:2078)&#10;        at java.util.concurrent.LinkedBlockingQueue.poll(LinkedBlockingQueue.java:467)&#10;        at org.apache.hadoop.ipc.CallQueueManager.take(CallQueueManager.java:288)&#10;        at org.apache.hadoop.ipc.Server$Handler.run(Server.java:2668)&#10;&quot;IPC Server handler 3 on 33440&quot; daemon prio=5 tid=53 timed_waiting&#10;java.lang.Thread.State: TIMED_WAITING&#10;        at sun.misc.Unsafe.park(Native Method)&#10;        at java.util.concurrent.locks.LockSupport.parkNanos(LockSupport.java:215)&#10;        at java.util.concurrent.locks.AbstractQueuedSynchronizer$ConditionObject.awaitNanos(AbstractQueuedSynchronizer.java:2078)&#10;        at java.util.concurrent.LinkedBlockingQueue.poll(LinkedBlockingQueue.java:467)&#10;        at org.apache.hadoop.ipc.CallQueueManager.take(CallQueueManager.java:288)&#10;        at org.apache.hadoop.ipc.Server$Handler.run(Server.java:2668)&#10;&quot;metrics-hadoop-metrics2-reporter-42-thread-1&quot; daemon prio=5 tid=826 timed_waiting&#10;java.lang.Thread.State: TIMED_WAITING&#10;        at sun.misc.Unsafe.park(Native Method)&#10;        at java.util.concurrent.locks.LockSupport.parkNanos(LockSupport.java:215)&#10;        at java.util.concurrent.locks.AbstractQueuedSynchronizer$ConditionObject.awaitNanos(AbstractQueuedSynchronizer.java:2078)&#10;        at java.util.concurrent.ScheduledThreadPoolExecutor$DelayedWorkQueue.take(ScheduledThreadPoolExecutor.java:1093)&#10;        at java.util.concurrent.ScheduledThreadPoolExecutor$DelayedWorkQueue.take(ScheduledThreadPoolExecutor.java:809)&#10;        at java.util.concurrent.ThreadPoolExecutor.getTask(ThreadPoolExecutor.java:1074)&#10;        at java.util.concurrent.ThreadPoolExecutor.runWorker(ThreadPoolExecutor.java:1134)&#10;        at java.util.concurrent.ThreadPoolExecutor$Worker.run(ThreadPoolExecutor.java:624)&#10;        at java.lang.Thread.run(Thread.java:748)&#10;&quot;pool-66-thread-28&quot;  prio=5 tid=591 in Object.wait()&#10;java.lang.Thread.State: WAITING (on object monitor)&#10;        at sun.misc.Unsafe.park(Native Method)&#10;        at java.util.concurrent.locks.LockSupport.park(LockSupport.java:175)&#10;        at java.util.concurrent.locks.AbstractQueuedSynchronizer$ConditionObject.await(AbstractQueuedSynchronizer.java:2039)&#10;        at java.util.concurrent.ArrayBlockingQueue.take(ArrayBlockingQueue.java:403)&#10;        at java.util.concurrent.ThreadPoolExecutor.getTask(ThreadPoolExecutor.java:1074)&#10;        at java.util.concurrent.ThreadPoolExecutor.runWorker(ThreadPoolExecutor.java:1134)&#10;        at java.util.concurrent.ThreadPoolExecutor$Worker.run(ThreadPoolExecutor.java:624)&#10;        at java.lang.Thread.run(Thread.java:748)&#10;&quot;qtp1051453582-187&quot; daemon prio=5 tid=187 runnable&#10;java.lang.Thread.State: RUNNABLE&#10;        at sun.nio.ch.EPollArrayWrapper.epollWait(Native Method)&#10;        at sun.nio.ch.EPollArrayWrapper.poll(EPollArrayWrapper.java:269)&#10;        at sun.nio.ch.EPollSelectorImpl.doSelect(EPollSelectorImpl.java:93)&#10;        at sun.nio.ch.SelectorImpl.lockAndDoSelect(SelectorImpl.java:86)&#10;        at sun.nio.ch.SelectorImpl.select(SelectorImpl.java:97)&#10;        at sun.nio.ch.SelectorImpl.select(SelectorImpl.java:101)&#10;        at org.eclipse.jetty.io.ManagedSelector$SelectorProducer.select(ManagedSelector.java:243)&#10;        at org.eclipse.jetty.io.ManagedSelector$SelectorProducer.produce(ManagedSelector.java:191)&#10;        at org.eclipse.jetty.util.thread.strategy.ExecuteProduceConsume.executeProduceConsume(ExecuteProduceConsume.java:249)&#10;        at org.eclipse.jetty.util.thread.strategy.ExecuteProduceConsume.produceConsume(ExecuteProduceConsume.java:148)&#10;        at org.eclipse.jetty.util.thread.strategy.ExecuteProduceConsume.execute(ExecuteProduceConsume.java:100)&#10;        at org.eclipse.jetty.io.ManagedSelector.run(ManagedSelector.java:147)&#10;        at org.eclipse.jetty.util.thread.QueuedThreadPool.runJob(QueuedThreadPool.java:671)&#10;        at org.eclipse.jetty.util.thread.QueuedThreadPool$2.run(QueuedThreadPool.java:589)&#10;        at java.lang.Thread.run(Thread.java:748)&#10;&quot;IPC Server handler 16 on 41091&quot; daemon prio=5 tid=132 timed_waiting&#10;java.lang.Thread.State: TIMED_WAITING&#10;        at sun.misc.Unsafe.park(Native Method)&#10;        at java.util.concurrent.locks.LockSupport.parkNanos(LockSupport.java:215)&#10;        at java.util.concurrent.locks.AbstractQueuedSynchronizer$ConditionObject.awaitNanos(AbstractQueuedSynchronizer.java:2078)&#10;        at java.util.concurrent.LinkedBlockingQueue.poll(LinkedBlockingQueue.java:467)&#10;        at org.apache.hadoop.ipc.CallQueueManager.take(CallQueueManager.java:288)&#10;        at org.apache.hadoop.ipc.Server$Handler.run(Server.java:2668)&#10;&quot;pool-26-thread-52&quot;  prio=5 tid=419 in Object.wait()&#10;java.lang.Thread.State: WAITING (on object monitor)&#10;        at sun.misc.Unsafe.park(Native Method)&#10;        at java.util.concurrent.locks.LockSupport.park(LockSupport.java:175)&#10;        at java.util.concurrent.locks.AbstractQueuedSynchronizer$ConditionObject.await(AbstractQueuedSynchronizer.java:2039)&#10;        at java.util.concurrent.ArrayBlockingQueue.take(ArrayBlockingQueue.java:403)&#10;        at java.util.concurrent.ThreadPoolExecutor.getTask(ThreadPoolExecutor.java:1074)&#10;        at java.util.concurrent.ThreadPoolExecutor.runWorker(ThreadPoolExecutor.java:1134)&#10;        at java.util.concurrent.ThreadPoolExecutor$Worker.run(ThreadPoolExecutor.java:624)&#10;        at java.lang.Thread.run(Thread.java:748)&#10;&quot;pool-76-thread-53&quot;  prio=5 tid=678 in Object.wait()&#10;java.lang.Thread.State: WAITING (on object monitor)&#10;        at sun.misc.Unsafe.park(Native Method)&#10;        at java.util.concurrent.locks.LockSupport.park(LockSupport.java:175)&#10;        at java.util.concurrent.locks.AbstractQueuedSynchronizer$ConditionObject.await(AbstractQueuedSynchronizer.java:2039)&#10;        at java.util.concurrent.ArrayBlockingQueue.take(ArrayBlockingQueue.java:403)&#10;        at java.util.concurrent.ThreadPoolExecutor.getTask(ThreadPoolExecutor.java:1074)&#10;        at java.util.concurrent.ThreadPoolExecutor.runWorker(ThreadPoolExecutor.java:1134)&#10;        at java.util.concurrent.ThreadPoolExecutor$Worker.run(ThreadPoolExecutor.java:624)&#10;        at java.lang.Thread.run(Thread.java:748)&#10;&quot;pool-46-thread-9&quot;  prio=5 tid=443 in Object.wait()&#10;java.lang.Thread.State: WAITING (on object monitor)&#10;        at sun.misc.Unsafe.park(Native Method)&#10;        at java.util.concurrent.locks.LockSupport.park(LockSupport.java:175)&#10;        at java.util.concurrent.locks.AbstractQueuedSynchronizer$ConditionObject.await(AbstractQueuedSynchronizer.java:2039)&#10;        at java.util.concurrent.ArrayBlockingQueue.take(ArrayBlockingQueue.java:403)&#10;        at java.util.concurrent.ThreadPoolExecutor.getTask(ThreadPoolExecutor.java:1074)&#10;        at java.util.concurrent.ThreadPoolExecutor.runWorker(ThreadPoolExecutor.java:1134)&#10;        at java.util.concurrent.ThreadPoolExecutor$Worker.run(ThreadPoolExecutor.java:624)&#10;        at java.lang.Thread.run(Thread.java:748)&#10;&quot;qtp1051453582-190&quot; daemon prio=5 tid=190 timed_waiting&#10;java.lang.Thread.State: TIMED_WAITING&#10;        at sun.misc.Unsafe.park(Native Method)&#10;        at java.util.concurrent.locks.LockSupport.parkNanos(LockSupport.java:215)&#10;        at java.util.concurrent.locks.AbstractQueuedSynchronizer$ConditionObject.awaitNanos(AbstractQueuedSynchronizer.java:2078)&#10;        at org.eclipse.jetty.util.BlockingArrayQueue.poll(BlockingArrayQueue.java:392)&#10;        at org.eclipse.jetty.util.thread.QueuedThreadPool.idleJobPoll(QueuedThreadPool.java:563)&#10;        at org.eclipse.jetty.util.thread.QueuedThreadPool.access$800(QueuedThreadPool.java:48)&#10;        at org.eclipse.jetty.util.thread.QueuedThreadPool$2.run(QueuedThreadPool.java:626)&#10;        at java.lang.Thread.run(Thread.java:748)&#10;&quot;metrics-hadoop-metrics2-reporter-32-thread-1&quot; daemon prio=5 tid=785 timed_waiting&#10;java.lang.Thread.State: TIMED_WAITING&#10;        at sun.misc.Unsafe.park(Native Method)&#10;        at java.util.concurrent.locks.LockSupport.parkNanos(LockSupport.java:215)&#10;        at java.util.concurrent.locks.AbstractQueuedSynchronizer$ConditionObject.awaitNanos(AbstractQueuedSynchronizer.java:2078)&#10;        at java.util.concurrent.ScheduledThreadPoolExecutor$DelayedWorkQueue.take(ScheduledThreadPoolExecutor.java:1093)&#10;        at java.util.concurrent.ScheduledThreadPoolExecutor$DelayedWorkQueue.take(ScheduledThreadPoolExecutor.java:809)&#10;        at java.util.concurrent.ThreadPoolExecutor.getTask(ThreadPoolExecutor.java:1074)&#10;        at java.util.concurrent.ThreadPoolExecutor.runWorker(ThreadPoolExecutor.java:1134)&#10;        at java.util.concurrent.ThreadPoolExecutor$Worker.run(ThreadPoolExecutor.java:624)&#10;        at java.lang.Thread.run(Thread.java:748)&#10;&quot;pool-26-thread-31&quot;  prio=5 tid=376 in Object.wait()&#10;java.lang.Thread.State: WAITING (on object monitor)&#10;        at sun.misc.Unsafe.park(Native Method)&#10;        at java.util.concurrent.locks.LockSupport.park(LockSupport.java:175)&#10;        at java.util.concurrent.locks.AbstractQueuedSynchronizer$ConditionObject.await(AbstractQueuedSynchronizer.java:2039)&#10;        at java.util.concurrent.ArrayBlockingQueue.take(ArrayBlockingQueue.java:403)&#10;        at java.util.concurrent.ThreadPoolExecutor.getTask(ThreadPoolExecutor.java:1074)&#10;        at java.util.concurrent.ThreadPoolExecutor.runWorker(ThreadPoolExecutor.java:1134)&#10;        at java.util.concurrent.ThreadPoolExecutor$Worker.run(ThreadPoolExecutor.java:624)&#10;        at java.lang.Thread.run(Thread.java:748)&#10;&quot;org.eclipse.jetty.server.session.HashSessionManager@6317e921Timer&quot; daemon prio=5 tid=146 timed_waiting&#10;java.lang.Thread.State: TIMED_WAITING&#10;        at sun.misc.Unsafe.park(Native Method)&#10;        at java.util.concurrent.locks.LockSupport.parkNanos(LockSupport.java:215)&#10;        at java.util.concurrent.locks.AbstractQueuedSynchronizer$ConditionObject.awaitNanos(AbstractQueuedSynchronizer.java:2078)&#10;        at java.util.concurrent.ScheduledThreadPoolExecutor$DelayedWorkQueue.take(ScheduledThreadPoolExecutor.java:1093)&#10;        at java.util.concurrent.ScheduledThreadPoolExecutor$DelayedWorkQueue.take(ScheduledThreadPoolExecutor.java:809)&#10;        at java.util.concurrent.ThreadPoolExecutor.getTask(ThreadPoolExecutor.java:1074)&#10;        at java.util.concurrent.ThreadPoolExecutor.runWorker(ThreadPoolExecutor.java:1134)&#10;        at java.util.concurrent.ThreadPoolExecutor$Worker.run(ThreadPoolExecutor.java:624)&#10;        at java.lang.Thread.run(Thread.java:748)&#10;&quot;IPC Server handler 9 on 33440&quot; daemon prio=5 tid=59 timed_waiting&#10;java.lang.Thread.State: TIMED_WAITING&#10;        at sun.misc.Unsafe.park(Native Method)&#10;        at java.util.concurrent.locks.LockSupport.parkNanos(LockSupport.java:215)&#10;        at java.util.concurrent.locks.AbstractQueuedSynchronizer$ConditionObject.awaitNanos(AbstractQueuedSynchronizer.java:2078)&#10;        at java.util.concurrent.LinkedBlockingQueue.poll(LinkedBlockingQueue.java:467)&#10;        at org.apache.hadoop.ipc.CallQueueManager.take(CallQueueManager.java:288)&#10;        at org.apache.hadoop.ipc.Server$Handler.run(Server.java:2668)&#10;&quot;refreshUsed-/workdir/hadoop-ozone/integration-test/target/test-dir/MiniOzoneClusterImpl-58fc3ecd-0fbd-4e7b-a09c-4106a93dde4d/datanode-2/data/containers&quot; daemon prio=5 tid=209 timed_waiting&#10;java.lang.Thread.State: TIMED_WAITING&#10;        at java.lang.Thread.sleep(Native Method)&#10;        at org.apache.hadoop.fs.CachingGetSpaceUsed$RefreshThread.run(CachingGetSpaceUsed.java:179)&#10;        at java.lang.Thread.run(Thread.java:748)&#10;&quot;IPC Server handler 17 on 33888&quot; daemon prio=5 tid=47 timed_waiting&#10;java.lang.Thread.State: TIMED_WAITING&#10;        at sun.misc.Unsafe.park(Native Method)&#10;        at java.util.concurrent.locks.LockSupport.parkNanos(LockSupport.java:215)&#10;        at java.util.concurrent.locks.AbstractQueuedSynchronizer$ConditionObject.awaitNanos(AbstractQueuedSynchronizer.java:2078)&#10;        at java.util.concurrent.LinkedBlockingQueue.poll(LinkedBlockingQueue.java:467)&#10;        at org.apache.hadoop.ipc.CallQueueManager.take(CallQueueManager.java:288)&#10;        at org.apache.hadoop.ipc.Server$Handler.run(Server.java:2668)&#10;&quot;pool-46-thread-17&quot;  prio=5 tid=451 in Object.wait()&#10;java.lang.Thread.State: WAITING (on object monitor)&#10;        at sun.misc.Unsafe.park(Native Method)&#10;        at java.util.concurrent.locks.LockSupport.park(LockSupport.java:175)&#10;        at java.util.concurrent.locks.AbstractQueuedSynchronizer$ConditionObject.await(AbstractQueuedSynchronizer.java:2039)&#10;        at java.util.concurrent.ArrayBlockingQueue.take(ArrayBlockingQueue.java:403)&#10;        at java.util.concurrent.ThreadPoolExecutor.getTask(ThreadPoolExecutor.java:1074)&#10;        at java.util.concurrent.ThreadPoolExecutor.runWorker(ThreadPoolExecutor.java:1134)&#10;        at java.util.concurrent.ThreadPoolExecutor$Worker.run(ThreadPoolExecutor.java:624)&#10;        at java.lang.Thread.run(Thread.java:748)&#10;&quot;IPC Server handler 9 on 33888&quot; daemon prio=5 tid=39 timed_waiting&#10;java.lang.Thread.State: TIMED_WAITING&#10;        at sun.misc.Unsafe.park(Native Method)&#10;        at java.util.concurrent.locks.LockSupport.parkNanos(LockSupport.java:215)&#10;        at java.util.concurrent.locks.AbstractQueuedSynchronizer$ConditionObject.awaitNanos(AbstractQueuedSynchronizer.java:2078)&#10;        at java.util.concurrent.LinkedBlockingQueue.poll(LinkedBlockingQueue.java:467)&#10;        at org.apache.hadoop.ipc.CallQueueManager.take(CallQueueManager.java:288)&#10;        at org.apache.hadoop.ipc.Server$Handler.run(Server.java:2668)&#10;&quot;pool-26-thread-7&quot;  prio=5 tid=325 in Object.wait()&#10;java.lang.Thread.State: WAITING (on object monitor)&#10;        at sun.misc.Unsafe.park(Native Method)&#10;        at java.util.concurrent.locks.LockSupport.park(LockSupport.java:175)&#10;        at java.util.concurrent.locks.AbstractQueuedSynchronizer$ConditionObject.await(AbstractQueuedSynchronizer.java:2039)&#10;        at java.util.concurrent.ArrayBlockingQueue.take(ArrayBlockingQueue.java:403)&#10;        at java.util.concurrent.ThreadPoolExecutor.getTask(ThreadPoolExecutor.java:1074)&#10;        at java.util.concurrent.ThreadPoolExecutor.runWorker(ThreadPoolExecutor.java:1134)&#10;        at java.util.concurrent.ThreadPoolExecutor$Worker.run(ThreadPoolExecutor.java:624)&#10;        at java.lang.Thread.run(Thread.java:748)&#10;&quot;pool-56-thread-25&quot;  prio=5 tid=523 in Object.wait()&#10;java.lang.Thread.State: WAITING (on object monitor)&#10;        at sun.misc.Unsafe.park(Native Method)&#10;        at java.util.concurrent.locks.LockSupport.park(LockSupport.java:175)&#10;        at java.util.concurrent.locks.AbstractQueuedSynchronizer$ConditionObject.await(AbstractQueuedSynchronizer.java:2039)&#10;        at java.util.concurrent.ArrayBlockingQueue.take(ArrayBlockingQueue.java:403)&#10;        at java.util.concurrent.ThreadPoolExecutor.getTask(ThreadPoolExecutor.java:1074)&#10;        at java.util.concurrent.ThreadPoolExecutor.runWorker(ThreadPoolExecutor.java:1134)&#10;        at java.util.concurrent.ThreadPoolExecutor$Worker.run(ThreadPoolExecutor.java:624)&#10;        at java.lang.Thread.run(Thread.java:748)&#10;&quot;4b487190-7547-40c7-b780-43c37a89e8eb@group-BAC069DAEF17-StateMachineUpdater&quot; daemon prio=5 tid=958 in Object.wait()&#10;java.lang.Thread.State: WAITING (on object monitor)&#10;        at java.lang.Object.wait(Native Method)&#10;        at java.lang.Object.wait(Object.java:502)&#10;        at org.apache.ratis.server.impl.StateMachineUpdater.waitForCommit(StateMachineUpdater.java:194)&#10;        at org.apache.ratis.server.impl.StateMachineUpdater.run(StateMachineUpdater.java:159)&#10;        at java.lang.Thread.run(Thread.java:748)&#10;&quot;org.eclipse.jetty.server.session.HashSessionManager@7885eedTimer&quot; daemon prio=5 tid=303 timed_waiting&#10;java.lang.Thread.State: TIMED_WAITING&#10;        at sun.misc.Unsafe.park(Native Method)&#10;        at java.util.concurrent.locks.LockSupport.parkNanos(LockSupport.java:215)&#10;        at java.util.concurrent.locks.AbstractQueuedSynchronizer$ConditionObject.awaitNanos(AbstractQueuedSynchronizer.java:2078)&#10;        at java.util.concurrent.ScheduledThreadPoolExecutor$DelayedWorkQueue.take(ScheduledThreadPoolExecutor.java:1093)&#10;        at java.util.concurrent.ScheduledThreadPoolExecutor$DelayedWorkQueue.take(ScheduledThreadPoolExecutor.java:809)&#10;        at java.util.concurrent.ThreadPoolExecutor.getTask(ThreadPoolExecutor.java:1074)&#10;        at java.util.concurrent.ThreadPoolExecutor.runWorker(ThreadPoolExecutor.java:1134)&#10;        at java.util.concurrent.ThreadPoolExecutor$Worker.run(ThreadPoolExecutor.java:624)&#10;        at java.lang.Thread.run(Thread.java:748)&#10;&quot;Datanode State Machine Thread - 0&quot; daemon prio=5 tid=232 timed_waiting&#10;java.lang.Thread.State: TIMED_WAITING&#10;        at sun.misc.Unsafe.park(Native Method)&#10;        at java.util.concurrent.locks.LockSupport.parkNanos(LockSupport.java:215)&#10;        at java.util.concurrent.SynchronousQueue$TransferStack.awaitFulfill(SynchronousQueue.java:460)&#10;        at java.util.concurrent.SynchronousQueue$TransferStack.transfer(SynchronousQueue.java:362)&#10;        at java.util.concurrent.SynchronousQueue.poll(SynchronousQueue.java:941)&#10;        at java.util.concurrent.ThreadPoolExecutor.getTask(ThreadPoolExecutor.java:1073)&#10;        at java.util.concurrent.ThreadPoolExecutor.runWorker(ThreadPoolExecutor.java:1134)&#10;        at java.util.concurrent.ThreadPoolExecutor$Worker.run(ThreadPoolExecutor.java:624)&#10;        at java.lang.Thread.run(Thread.java:748)&#10;&quot;qtp441384075-141&quot; daemon prio=5 tid=141 timed_waiting&#10;java.lang.Thread.State: TIMED_WAITING&#10;        at sun.misc.Unsafe.park(Native Method)&#10;        at java.util.concurrent.locks.LockSupport.parkNanos(LockSupport.java:215)&#10;        at java.util.concurrent.locks.AbstractQueuedSynchronizer$ConditionObject.awaitNanos(AbstractQueuedSynchronizer.java:2078)&#10;        at org.eclipse.jetty.util.BlockingArrayQueue.poll(BlockingArrayQueue.java:392)&#10;        at org.eclipse.jetty.util.thread.QueuedThreadPool.idleJobPoll(QueuedThreadPool.java:563)&#10;        at org.eclipse.jetty.util.thread.QueuedThreadPool.access$800(QueuedThreadPool.java:48)&#10;        at org.eclipse.jetty.util.thread.QueuedThreadPool$2.run(QueuedThreadPool.java:626)&#10;        at java.lang.Thread.run(Thread.java:748)&#10;&quot;BlockDeletingService#1&quot; daemon prio=5 tid=687 in Object.wait()&#10;java.lang.Thread.State: WAITING (on object monitor)&#10;        at sun.misc.Unsafe.park(Native Method)&#10;        at java.util.concurrent.locks.LockSupport.park(LockSupport.java:175)&#10;        at java.util.concurrent.locks.AbstractQueuedSynchronizer$ConditionObject.await(AbstractQueuedSynchronizer.java:2039)&#10;        at java.util.concurrent.ScheduledThreadPoolExecutor$DelayedWorkQueue.take(ScheduledThreadPoolExecutor.java:1088)&#10;        at java.util.concurrent.ScheduledThreadPoolExecutor$DelayedWorkQueue.take(ScheduledThreadPoolExecutor.java:809)&#10;        at java.util.concurrent.ThreadPoolExecutor.getTask(ThreadPoolExecutor.java:1074)&#10;        at java.util.concurrent.ThreadPoolExecutor.runWorker(ThreadPoolExecutor.java:1134)&#10;        at java.util.concurrent.ThreadPoolExecutor$Worker.run(ThreadPoolExecutor.java:624)&#10;        at java.lang.Thread.run(Thread.java:748)&#10;&quot;DataNode DiskChecker thread 0&quot; daemon prio=5 tid=210 timed_waiting&#10;java.lang.Thread.State: TIMED_WAITING&#10;        at sun.misc.Unsafe.park(Native Method)&#10;        at java.util.concurrent.locks.LockSupport.parkNanos(LockSupport.java:215)&#10;        at java.util.concurrent.SynchronousQueue$TransferStack.awaitFulfill(SynchronousQueue.java:460)&#10;        at java.util.concurrent.SynchronousQueue$TransferStack.transfer(SynchronousQueue.java:362)&#10;        at java.util.concurrent.SynchronousQueue.poll(SynchronousQueue.java:941)&#10;        at java.util.concurrent.ThreadPoolExecutor.getTask(ThreadPoolExecutor.java:1073)&#10;        at java.util.concurrent.ThreadPoolExecutor.runWorker(ThreadPoolExecutor.java:1134)&#10;        at java.util.concurrent.ThreadPoolExecutor$Worker.run(ThreadPoolExecutor.java:624)&#10;        at java.lang.Thread.run(Thread.java:748)&#10;&quot;KeyDeletingService#1&quot; daemon prio=5 tid=124 in Object.wait()&#10;java.lang.Thread.State: WAITING (on object monitor)&#10;        at sun.misc.Unsafe.park(Native Method)&#10;        at java.util.concurrent.locks.LockSupport.park(LockSupport.java:175)&#10;        at java.util.concurrent.locks.AbstractQueuedSynchronizer$ConditionObject.await(AbstractQueuedSynchronizer.java:2039)&#10;        at java.util.concurrent.ScheduledThreadPoolExecutor$DelayedWorkQueue.take(ScheduledThreadPoolExecutor.java:1088)&#10;        at java.util.concurrent.ScheduledThreadPoolExecutor$DelayedWorkQueue.take(ScheduledThreadPoolExecutor.java:809)&#10;        at java.util.concurrent.ThreadPoolExecutor.getTask(ThreadPoolExecutor.java:1074)&#10;        at java.util.concurrent.ThreadPoolExecutor.runWorker(ThreadPoolExecutor.java:1134)&#10;        at java.util.concurrent.ThreadPoolExecutor$Worker.run(ThreadPoolExecutor.java:624)&#10;        at java.lang.Thread.run(Thread.java:748)&#10;&quot;org.eclipse.jetty.server.session.HashSessionManager@31ea0449Timer&quot; daemon prio=5 tid=276 timed_waiting&#10;java.lang.Thread.State: TIMED_WAITING&#10;        at sun.misc.Unsafe.park(Native Method)&#10;        at java.util.concurrent.locks.LockSupport.parkNanos(LockSupport.java:215)&#10;        at java.util.concurrent.locks.AbstractQueuedSynchronizer$ConditionObject.awaitNanos(AbstractQueuedSynchronizer.java:2078)&#10;        at java.util.concurrent.ScheduledThreadPoolExecutor$DelayedWorkQueue.take(ScheduledThreadPoolExecutor.java:1093)&#10;        at java.util.concurrent.ScheduledThreadPoolExecutor$DelayedWorkQueue.take(ScheduledThreadPoolExecutor.java:809)&#10;        at java.util.concurrent.ThreadPoolExecutor.getTask(ThreadPoolExecutor.java:1074)&#10;        at java.util.concurrent.ThreadPoolExecutor.runWorker(ThreadPoolExecutor.java:1134)&#10;        at java.util.concurrent.ThreadPoolExecutor$Worker.run(ThreadPoolExecutor.java:624)&#10;        at java.lang.Thread.run(Thread.java:748)&#10;&quot;Datanode ReportManager Thread - 1&quot; daemon prio=5 tid=281 in Object.wait()&#10;java.lang.Thread.State: WAITING (on object monitor)&#10;        at sun.misc.Unsafe.park(Native Method)&#10;        at java.util.concurrent.locks.LockSupport.park(LockSupport.java:175)&#10;        at java.util.concurrent.locks.AbstractQueuedSynchronizer$ConditionObject.await(AbstractQueuedSynchronizer.java:2039)&#10;        at java.util.concurrent.ScheduledThreadPoolExecutor$DelayedWorkQueue.take(ScheduledThreadPoolExecutor.java:1088)&#10;        at java.util.concurrent.ScheduledThreadPoolExecutor$DelayedWorkQueue.take(ScheduledThreadPoolExecutor.java:809)&#10;        at java.util.concurrent.ThreadPoolExecutor.getTask(ThreadPoolExecutor.java:1074)&#10;        at java.util.concurrent.ThreadPoolExecutor.runWorker(ThreadPoolExecutor.java:1134)&#10;        at java.util.concurrent.ThreadPoolExecutor$Worker.run(ThreadPoolExecutor.java:624)&#10;        at java.lang.Thread.run(Thread.java:748)&#10;&quot;qtp693544819-246&quot; daemon prio=5 tid=246 timed_waiting&#10;java.lang.Thread.State: TIMED_WAITING&#10;        at sun.misc.Unsafe.park(Native Method)&#10;        at java.util.concurrent.locks.LockSupport.parkNanos(LockSupport.java:215)&#10;        at java.util.concurrent.locks.AbstractQueuedSynchronizer$ConditionObject.awaitNanos(AbstractQueuedSynchronizer.java:2078)&#10;        at org.eclipse.jetty.util.BlockingArrayQueue.poll(BlockingArrayQueue.java:392)&#10;        at org.eclipse.jetty.util.thread.QueuedThreadPool.idleJobPoll(QueuedThreadPool.java:563)&#10;        at org.eclipse.jetty.util.thread.QueuedThreadPool.access$800(QueuedThreadPool.java:48)&#10;        at org.eclipse.jetty.util.thread.QueuedThreadPool$2.run(QueuedThreadPool.java:626)&#10;        at java.lang.Thread.run(Thread.java:748)&#10;&quot;pool-76-thread-6&quot;  prio=5 tid=631 in Object.wait()&#10;java.lang.Thread.State: WAITING (on object monitor)&#10;        at sun.misc.Unsafe.park(Native Method)&#10;        at java.util.concurrent.locks.LockSupport.park(LockSupport.java:175)&#10;        at java.util.concurrent.locks.AbstractQueuedSynchronizer$ConditionObject.await(AbstractQueuedSynchronizer.java:2039)&#10;        at java.util.concurrent.ArrayBlockingQueue.take(ArrayBlockingQueue.java:403)&#10;        at java.util.concurrent.ThreadPoolExecutor.getTask(ThreadPoolExecutor.java:1074)&#10;        at java.util.concurrent.ThreadPoolExecutor.runWorker(ThreadPoolExecutor.java:1134)&#10;        at java.util.concurrent.ThreadPoolExecutor$Worker.run(ThreadPoolExecutor.java:624)&#10;        at java.lang.Thread.run(Thread.java:748)&#10;&quot;qtp668854338-94&quot; daemon prio=5 tid=94 timed_waiting&#10;java.lang.Thread.State: TIMED_WAITING&#10;        at sun.misc.Unsafe.park(Native Method)&#10;        at java.util.concurrent.locks.LockSupport.parkNanos(LockSupport.java:215)&#10;        at java.util.concurrent.locks.AbstractQueuedSynchronizer$ConditionObject.awaitNanos(AbstractQueuedSynchronizer.java:2078)&#10;        at org.eclipse.jetty.util.BlockingArrayQueue.poll(BlockingArrayQueue.java:392)&#10;        at org.eclipse.jetty.util.thread.QueuedThreadPool.idleJobPoll(QueuedThreadPool.java:563)&#10;        at org.eclipse.jetty.util.thread.QueuedThreadPool.access$800(QueuedThreadPool.java:48)&#10;        at org.eclipse.jetty.util.thread.QueuedThreadPool$2.run(QueuedThreadPool.java:626)&#10;        at java.lang.Thread.run(Thread.java:748)&#10;&quot;qtp668854338-97&quot; daemon prio=5 tid=97 timed_waiting&#10;java.lang.Thread.State: TIMED_WAITING&#10;        at sun.misc.Unsafe.park(Native Method)&#10;        at java.util.concurrent.locks.LockSupport.parkNanos(LockSupport.java:215)&#10;        at java.util.concurrent.locks.AbstractQueuedSynchronizer$ConditionObject.awaitNanos(AbstractQueuedSynchronizer.java:2078)&#10;        at org.eclipse.jetty.util.BlockingArrayQueue.poll(BlockingArrayQueue.java:392)&#10;        at org.eclipse.jetty.util.thread.QueuedThreadPool.idleJobPoll(QueuedThreadPool.java:563)&#10;        at org.eclipse.jetty.util.thread.QueuedThreadPool.access$800(QueuedThreadPool.java:48)&#10;        at org.eclipse.jetty.util.thread.QueuedThreadPool$2.run(QueuedThreadPool.java:626)&#10;        at java.lang.Thread.run(Thread.java:748)&#10;&quot;Socket Reader #1 for port 33888&quot;  prio=5 tid=24 runnable&#10;java.lang.Thread.State: RUNNABLE&#10;        at sun.nio.ch.EPollArrayWrapper.epollWait(Native Method)&#10;        at sun.nio.ch.EPollArrayWrapper.poll(EPollArrayWrapper.java:269)&#10;        at sun.nio.ch.EPollSelectorImpl.doSelect(EPollSelectorImpl.java:93)&#10;        at sun.nio.ch.SelectorImpl.lockAndDoSelect(SelectorImpl.java:86)&#10;        at sun.nio.ch.SelectorImpl.select(SelectorImpl.java:97)&#10;        at sun.nio.ch.SelectorImpl.select(SelectorImpl.java:101)&#10;        at org.apache.hadoop.ipc.Server$Listener$Reader.doRunLoop(Server.java:1097)&#10;        at org.apache.hadoop.ipc.Server$Listener$Reader.run(Server.java:1076)&#10;&quot;pool-76-thread-51&quot;  prio=5 tid=676 in Object.wait()&#10;java.lang.Thread.State: WAITING (on object monitor)&#10;        at sun.misc.Unsafe.park(Native Method)&#10;        at java.util.concurrent.locks.LockSupport.park(LockSupport.java:175)&#10;        at java.util.concurrent.locks.AbstractQueuedSynchronizer$ConditionObject.await(AbstractQueuedSynchronizer.java:2039)&#10;        at java.util.concurrent.ArrayBlockingQueue.take(ArrayBlockingQueue.java:403)&#10;        at java.util.concurrent.ThreadPoolExecutor.getTask(ThreadPoolExecutor.java:1074)&#10;        at java.util.concurrent.ThreadPoolExecutor.runWorker(ThreadPoolExecutor.java:1134)&#10;        at java.util.concurrent.ThreadPoolExecutor$Worker.run(ThreadPoolExecutor.java:624)&#10;        at java.lang.Thread.run(Thread.java:748)&#10;&quot;pool-46-thread-53&quot;  prio=5 tid=487 in Object.wait()&#10;java.lang.Thread.State: WAITING (on object monitor)&#10;        at sun.misc.Unsafe.park(Native Method)&#10;        at java.util.concurrent.locks.LockSupport.park(LockSupport.java:175)&#10;        at java.util.concurrent.locks.AbstractQueuedSynchronizer$ConditionObject.await(AbstractQueuedSynchronizer.java:2039)&#10;        at java.util.concurrent.ArrayBlockingQueue.take(ArrayBlockingQueue.java:403)&#10;        at java.util.concurrent.ThreadPoolExecutor.getTask(ThreadPoolExecutor.java:1074)&#10;        at java.util.concurrent.ThreadPoolExecutor.runWorker(ThreadPoolExecutor.java:1134)&#10;        at java.util.concurrent.ThreadPoolExecutor$Worker.run(ThreadPoolExecutor.java:624)&#10;        at java.lang.Thread.run(Thread.java:748)&#10;&quot;org.apache.hadoop.util.JvmPauseMonitor$Monitor@d461c7d&quot; daemon prio=5 tid=231 timed_waiting&#10;java.lang.Thread.State: TIMED_WAITING&#10;        at java.lang.Thread.sleep(Native Method)&#10;        at org.apache.hadoop.util.JvmPauseMonitor$Monitor.run(JvmPauseMonitor.java:192)&#10;        at java.lang.Thread.run(Thread.java:748)&#10;&quot;IPC Server handler 13 on 33888&quot; daemon prio=5 tid=43 timed_waiting&#10;java.lang.Thread.State: TIMED_WAITING&#10;        at sun.misc.Unsafe.park(Native Method)&#10;        at java.util.concurrent.locks.LockSupport.parkNanos(LockSupport.java:215)&#10;        at java.util.concurrent.locks.AbstractQueuedSynchronizer$ConditionObject.awaitNanos(AbstractQueuedSynchronizer.java:2078)&#10;        at java.util.concurrent.LinkedBlockingQueue.poll(LinkedBlockingQueue.java:467)&#10;        at org.apache.hadoop.ipc.CallQueueManager.take(CallQueueManager.java:288)&#10;        at org.apache.hadoop.ipc.Server$Handler.run(Server.java:2668)&#10;&quot;pool-26-thread-34&quot;  prio=5 tid=382 in Object.wait()&#10;java.lang.Thread.State: WAITING (on object monitor)&#10;        at sun.misc.Unsafe.park(Native Method)&#10;        at java.util.concurrent.locks.LockSupport.park(LockSupport.java:175)&#10;        at java.util.concurrent.locks.AbstractQueuedSynchronizer$ConditionObject.await(AbstractQueuedSynchronizer.java:2039)&#10;        at java.util.concurrent.ArrayBlockingQueue.take(ArrayBlockingQueue.java:403)&#10;        at java.util.concurrent.ThreadPoolExecutor.getTask(ThreadPoolExecutor.java:1074)&#10;        at java.util.concurrent.ThreadPoolExecutor.runWorker(ThreadPoolExecutor.java:1134)&#10;        at java.util.concurrent.ThreadPoolExecutor$Worker.run(ThreadPoolExecutor.java:624)&#10;        at java.lang.Thread.run(Thread.java:748)&#10;&quot;pool-46-thread-18&quot;  prio=5 tid=452 in Object.wait()&#10;java.lang.Thread.State: WAITING (on object monitor)&#10;        at sun.misc.Unsafe.park(Native Method)&#10;        at java.util.concurrent.locks.LockSupport.park(LockSupport.java:175)&#10;        at java.util.concurrent.locks.AbstractQueuedSynchronizer$ConditionObject.await(AbstractQueuedSynchronizer.java:2039)&#10;        at java.util.concurrent.ArrayBlockingQueue.take(ArrayBlockingQueue.java:403)&#10;        at java.util.concurrent.ThreadPoolExecutor.getTask(ThreadPoolExecutor.java:1074)&#10;        at java.util.concurrent.ThreadPoolExecutor.runWorker(ThreadPoolExecutor.java:1134)&#10;        at java.util.concurrent.ThreadPoolExecutor$Worker.run(ThreadPoolExecutor.java:624)&#10;        at java.lang.Thread.run(Thread.java:748)&#10;&quot;pool-56-thread-7&quot;  prio=5 tid=502 in Object.wait()&#10;java.lang.Thread.State: WAITING (on object monitor)&#10;        at sun.misc.Unsafe.park(Native Method)&#10;        at java.util.concurrent.locks.LockSupport.park(LockSupport.java:175)&#10;        at java.util.concurrent.locks.AbstractQueuedSynchronizer$ConditionObject.await(AbstractQueuedSynchronizer.java:2039)&#10;        at java.util.concurrent.ArrayBlockingQueue.take(ArrayBlockingQueue.java:403)&#10;        at java.util.concurrent.ThreadPoolExecutor.getTask(ThreadPoolExecutor.java:1074)&#10;        at java.util.concurrent.ThreadPoolExecutor.runWorker(ThreadPoolExecutor.java:1134)&#10;        at java.util.concurrent.ThreadPoolExecutor$Worker.run(ThreadPoolExecutor.java:624)&#10;        at java.lang.Thread.run(Thread.java:748)&#10;&quot;org.eclipse.jetty.server.session.HashSessionManager@31164e91Timer&quot; daemon prio=5 tid=100 timed_waiting&#10;java.lang.Thread.State: TIMED_WAITING&#10;        at sun.misc.Unsafe.park(Native Method)&#10;        at java.util.concurrent.locks.LockSupport.parkNanos(LockSupport.java:215)&#10;        at java.util.concurrent.locks.AbstractQueuedSynchronizer$ConditionObject.awaitNanos(AbstractQueuedSynchronizer.java:2078)&#10;        at java.util.concurrent.ScheduledThreadPoolExecutor$DelayedWorkQueue.take(ScheduledThreadPoolExecutor.java:1093)&#10;        at java.util.concurrent.ScheduledThreadPoolExecutor$DelayedWorkQueue.take(ScheduledThreadPoolExecutor.java:809)&#10;        at java.util.concurrent.ThreadPoolExecutor.getTask(ThreadPoolExecutor.java:1074)&#10;        at java.util.concurrent.ThreadPoolExecutor.runWorker(ThreadPoolExecutor.java:1134)&#10;        at java.util.concurrent.ThreadPoolExecutor$Worker.run(ThreadPoolExecutor.java:624)&#10;        at java.lang.Thread.run(Thread.java:748)&#10;&quot;pool-36-thread-23&quot;  prio=5 tid=360 in Object.wait()&#10;java.lang.Thread.State: WAITING (on object monitor)&#10;        at sun.misc.Unsafe.park(Native Method)&#10;        at java.util.concurrent.locks.LockSupport.park(LockSupport.java:175)&#10;        at java.util.concurrent.locks.AbstractQueuedSynchronizer$ConditionObject.await(AbstractQueuedSynchronizer.java:2039)&#10;        at java.util.concurrent.ArrayBlockingQueue.take(ArrayBlockingQueue.java:403)&#10;        at java.util.concurrent.ThreadPoolExecutor.getTask(ThreadPoolExecutor.java:1074)&#10;        at java.util.concurrent.ThreadPoolExecutor.runWorker(ThreadPoolExecutor.java:1134)&#10;        at java.util.concurrent.ThreadPoolExecutor$Worker.run(ThreadPoolExecutor.java:624)&#10;        at java.lang.Thread.run(Thread.java:748)&#10;&quot;Datanode ReportManager Thread - 0&quot; daemon prio=5 tid=307 in Object.wait()&#10;java.lang.Thread.State: WAITING (on object monitor)&#10;        at sun.misc.Unsafe.park(Native Method)&#10;        at java.util.concurrent.locks.LockSupport.park(LockSupport.java:175)&#10;        at java.util.concurrent.locks.AbstractQueuedSynchronizer$ConditionObject.await(AbstractQueuedSynchronizer.java:2039)&#10;        at java.util.concurrent.ScheduledThreadPoolExecutor$DelayedWorkQueue.take(ScheduledThreadPoolExecutor.java:1088)&#10;        at java.util.concurrent.ScheduledThreadPoolExecutor$DelayedWorkQueue.take(ScheduledThreadPoolExecutor.java:809)&#10;        at java.util.concurrent.ThreadPoolExecutor.getTask(ThreadPoolExecutor.java:1074)&#10;        at java.util.concurrent.ThreadPoolExecutor.runWorker(ThreadPoolExecutor.java:1134)&#10;        at java.util.concurrent.ThreadPoolExecutor$Worker.run(ThreadPoolExecutor.java:624)&#10;        at java.lang.Thread.run(Thread.java:748)&#10;&quot;main&quot;  prio=5 tid=1 timed_waiting&#10;java.lang.Thread.State: TIMED_WAITING&#10;        at java.lang.Object.wait(Native Method)&#10;        at java.lang.Thread.join(Thread.java:1260)&#10;        at org.junit.internal.runners.statements.FailOnTimeout.evaluateStatement(FailOnTimeout.java:26)&#10;        at org.junit.internal.runners.statements.FailOnTimeout.evaluate(FailOnTimeout.java:17)&#10;        at org.junit.internal.runners.statements.RunAfters.evaluate(RunAfters.java:27)&#10;        at org.junit.runners.ParentRunner.runLeaf(ParentRunner.java:271)&#10;        at org.junit.runners.BlockJUnit4ClassRunner.runChild(BlockJUnit4ClassRunner.java:70)&#10;        at org.junit.runners.BlockJUnit4ClassRunner.runChild(BlockJUnit4ClassRunner.java:50)&#10;        at org.junit.runners.ParentRunner$3.run(ParentRunner.java:238)&#10;        at org.junit.runners.ParentRunner$1.schedule(ParentRunner.java:63)&#10;        at org.junit.runners.ParentRunner.runChildren(ParentRunner.java:236)&#10;        at org.junit.runners.ParentRunner.access$000(ParentRunner.java:53)&#10;        at org.junit.runners.ParentRunner$2.evaluate(ParentRunner.java:229)&#10;        at org.junit.runners.ParentRunner.run(ParentRunner.java:309)&#10;        at org.apache.maven.surefire.junit4.JUnit4Provider.execute(JUnit4Provider.java:365)&#10;        at org.apache.maven.surefire.junit4.JUnit4Provider.executeWithRerun(JUnit4Provider.java:273)&#10;        at org.apache.maven.surefire.junit4.JUnit4Provider.executeTestSet(JUnit4Provider.java:238)&#10;        at org.apache.maven.surefire.junit4.JUnit4Provider.invoke(JUnit4Provider.java:159)&#10;        at org.apache.maven.surefire.booter.ForkedBooter.invokeProviderInSameClassLoader(ForkedBooter.java:384)&#10;        at org.apache.maven.surefire.booter.ForkedBooter.runSuitesInProcess(ForkedBooter.java:345)&#10;        at org.apache.maven.surefire.booter.ForkedBooter.execute(ForkedBooter.java:126)&#10;        at org.apache.maven.surefire.booter.ForkedBooter.main(ForkedBooter.java:418)&#10;&quot;pool-26-thread-25&quot;  prio=5 tid=364 in Object.wait()&#10;java.lang.Thread.State: WAITING (on object monitor)&#10;        at sun.misc.Unsafe.park(Native Method)&#10;        at java.util.concurrent.locks.LockSupport.park(LockSupport.java:175)&#10;        at java.util.concurrent.locks.AbstractQueuedSynchronizer$ConditionObject.await(AbstractQueuedSynchronizer.java:2039)&#10;        at java.util.concurrent.ArrayBlockingQueue.take(ArrayBlockingQueue.java:403)&#10;        at java.util.concurrent.ThreadPoolExecutor.getTask(ThreadPoolExecutor.java:1074)&#10;        at java.util.concurrent.ThreadPoolExecutor.runWorker(ThreadPoolExecutor.java:1134)&#10;        at java.util.concurrent.ThreadPoolExecutor$Worker.run(ThreadPoolExecutor.java:624)&#10;        at java.lang.Thread.run(Thread.java:748)&#10;&quot;pool-70-thread-1&quot;  prio=5 tid=267 timed_waiting&#10;java.lang.Thread.State: TIMED_WAITING&#10;        at sun.misc.Unsafe.park(Native Method)&#10;        at java.util.concurrent.locks.LockSupport.parkNanos(LockSupport.java:215)&#10;        at java.util.concurrent.locks.AbstractQueuedSynchronizer$ConditionObject.awaitNanos(AbstractQueuedSynchronizer.java:2078)&#10;        at java.util.concurrent.ScheduledThreadPoolExecutor$DelayedWorkQueue.take(ScheduledThreadPoolExecutor.java:1093)&#10;        at java.util.concurrent.ScheduledThreadPoolExecutor$DelayedWorkQueue.take(ScheduledThreadPoolExecutor.java:809)&#10;        at java.util.concurrent.ThreadPoolExecutor.getTask(ThreadPoolExecutor.java:1074)&#10;        at java.util.concurrent.ThreadPoolExecutor.runWorker(ThreadPoolExecutor.java:1134)&#10;        at java.util.concurrent.ThreadPoolExecutor$Worker.run(ThreadPoolExecutor.java:624)&#10;        at java.lang.Thread.run(Thread.java:748)&#10;&quot;pool-36-thread-40&quot;  prio=5 tid=393 in Object.wait()&#10;java.lang.Thread.State: WAITING (on object monitor)&#10;        at sun.misc.Unsafe.park(Native Method)&#10;        at java.util.concurrent.locks.LockSupport.park(LockSupport.java:175)&#10;        at java.util.concurrent.locks.AbstractQueuedSynchronizer$ConditionObject.await(AbstractQueuedSynchronizer.java:2039)&#10;        at java.util.concurrent.ArrayBlockingQueue.take(ArrayBlockingQueue.java:403)&#10;        at java.util.concurrent.ThreadPoolExecutor.getTask(ThreadPoolExecutor.java:1074)&#10;        at java.util.concurrent.ThreadPoolExecutor.runWorker(ThreadPoolExecutor.java:1134)&#10;        at java.util.concurrent.ThreadPoolExecutor$Worker.run(ThreadPoolExecutor.java:624)&#10;        at java.lang.Thread.run(Thread.java:748)&#10;&quot;Socket Reader #1 for port 35347&quot;  prio=5 tid=16 runnable&#10;java.lang.Thread.State: RUNNABLE&#10;        at sun.nio.ch.EPollArrayWrapper.epollWait(Native Method)&#10;        at sun.nio.ch.EPollArrayWrapper.poll(EPollArrayWrapper.java:269)&#10;        at sun.nio.ch.EPollSelectorImpl.doSelect(EPollSelectorImpl.java:93)&#10;        at sun.nio.ch.SelectorImpl.lockAndDoSelect(SelectorImpl.java:86)&#10;        at sun.nio.ch.SelectorImpl.select(SelectorImpl.java:97)&#10;        at sun.nio.ch.SelectorImpl.select(SelectorImpl.java:101)&#10;        at org.apache.hadoop.ipc.Server$Listener$Reader.doRunLoop(Server.java:1097)&#10;        at org.apache.hadoop.ipc.Server$Listener$Reader.run(Server.java:1076)&#10;&quot;9334f5f3-1c9b-4a41-9735-40b3bdb856ca@group-69898A346AAC-StateMachineUpdater&quot; daemon prio=5 tid=931 in Object.wait()&#10;java.lang.Thread.State: WAITING (on object monitor)&#10;        at java.lang.Object.wait(Native Method)&#10;        at java.lang.Object.wait(Object.java:502)&#10;        at org.apache.ratis.server.impl.StateMachineUpdater.waitForCommit(StateMachineUpdater.java:194)&#10;        at org.apache.ratis.server.impl.StateMachineUpdater.run(StateMachineUpdater.java:159)&#10;        at java.lang.Thread.run(Thread.java:748)&#10;&quot;pool-76-thread-33&quot;  prio=5 tid=658 in Object.wait()&#10;java.lang.Thread.State: WAITING (on object monitor)&#10;        at sun.misc.Unsafe.park(Native Method)&#10;        at java.util.concurrent.locks.LockSupport.park(LockSupport.java:175)&#10;        at java.util.concurrent.locks.AbstractQueuedSynchronizer$ConditionObject.await(AbstractQueuedSynchronizer.java:2039)&#10;        at java.util.concurrent.ArrayBlockingQueue.take(ArrayBlockingQueue.java:403)&#10;        at java.util.concurrent.ThreadPoolExecutor.getTask(ThreadPoolExecutor.java:1074)&#10;        at java.util.concurrent.ThreadPoolExecutor.runWorker(ThreadPoolExecutor.java:1134)&#10;        at java.util.concurrent.ThreadPoolExecutor$Worker.run(ThreadPoolExecutor.java:624)&#10;        at java.lang.Thread.run(Thread.java:748)&#10;&quot;java.util.concurrent.ThreadPoolExecutor$Worker@3a2cd623[State = -1, empty queue]&quot; daemon prio=5 tid=973 timed_waiting&#10;java.lang.Thread.State: TIMED_WAITING&#10;        at sun.misc.Unsafe.park(Native Method)&#10;        at java.util.concurrent.locks.LockSupport.parkNanos(LockSupport.java:215)&#10;        at java.util.concurrent.locks.AbstractQueuedSynchronizer$ConditionObject.awaitNanos(AbstractQueuedSynchronizer.java:2078)&#10;        at java.util.concurrent.ScheduledThreadPoolExecutor$DelayedWorkQueue.take(ScheduledThreadPoolExecutor.java:1093)&#10;        at java.util.concurrent.ScheduledThreadPoolExecutor$DelayedWorkQueue.take(ScheduledThreadPoolExecutor.java:809)&#10;        at java.util.concurrent.ThreadPoolExecutor.getTask(ThreadPoolExecutor.java:1074)&#10;        at java.util.concurrent.ThreadPoolExecutor.runWorker(ThreadPoolExecutor.java:1134)&#10;        at java.util.concurrent.ThreadPoolExecutor$Worker.run(ThreadPoolExecutor.java:624)&#10;        at java.lang.Thread.run(Thread.java:748)&#10;&quot;Datanode State Machine Thread - 0&quot; daemon prio=5 tid=198 timed_waiting&#10;java.lang.Thread.State: TIMED_WAITING&#10;        at java.lang.Thread.sleep(Native Method)&#10;        at org.apache.hadoop.ozone.container.common.statemachine.DatanodeStateMachine.start(DatanodeStateMachine.java:191)&#10;        at org.apache.hadoop.ozone.container.common.statemachine.DatanodeStateMachine.lambda$startDaemon$0(DatanodeStateMachine.java:349)&#10;        at org.apache.hadoop.ozone.container.common.statemachine.DatanodeStateMachine$$Lambda$140/532411881.run(Unknown Source)&#10;        at java.lang.Thread.run(Thread.java:748)&#10;&quot;pool-56-thread-38&quot;  prio=5 tid=537 in Object.wait()&#10;java.lang.Thread.State: WAITING (on object monitor)&#10;        at sun.misc.Unsafe.park(Native Method)&#10;        at java.util.concurrent.locks.LockSupport.park(LockSupport.java:175)&#10;        at java.util.concurrent.locks.AbstractQueuedSynchronizer$ConditionObject.await(AbstractQueuedSynchronizer.java:2039)&#10;        at java.util.concurrent.ArrayBlockingQueue.take(ArrayBlockingQueue.java:403)&#10;        at java.util.concurrent.ThreadPoolExecutor.getTask(ThreadPoolExecutor.java:1074)&#10;        at java.util.concurrent.ThreadPoolExecutor.runWorker(ThreadPoolExecutor.java:1134)&#10;        at java.util.concurrent.ThreadPoolExecutor$Worker.run(ThreadPoolExecutor.java:624)&#10;        at java.lang.Thread.run(Thread.java:748)&#10;&quot;metrics-hadoop-metrics2-reporter-7-thread-1&quot; daemon prio=5 tid=719 timed_waiting&#10;java.lang.Thread.State: TIMED_WAITING&#10;        at sun.misc.Unsafe.park(Native Method)&#10;        at java.util.concurrent.locks.LockSupport.parkNanos(LockSupport.java:215)&#10;        at java.util.concurrent.locks.AbstractQueuedSynchronizer$ConditionObject.awaitNanos(AbstractQueuedSynchronizer.java:2078)&#10;        at java.util.concurrent.ScheduledThreadPoolExecutor$DelayedWorkQueue.take(ScheduledThreadPoolExecutor.java:1093)&#10;        at java.util.concurrent.ScheduledThreadPoolExecutor$DelayedWorkQueue.take(ScheduledThreadPoolExecutor.java:809)&#10;        at java.util.concurrent.ThreadPoolExecutor.getTask(ThreadPoolExecutor.java:1074)&#10;        at java.util.concurrent.ThreadPoolExecutor.runWorker(ThreadPoolExecutor.java:1134)&#10;        at java.util.concurrent.ThreadPoolExecutor$Worker.run(ThreadPoolExecutor.java:624)&#10;        at java.lang.Thread.run(Thread.java:748)&#10;&quot;metrics-hadoop-metrics2-reporter-27-thread-1&quot; daemon prio=5 tid=765 timed_waiting&#10;java.lang.Thread.State: TIMED_WAITING&#10;        at sun.misc.Unsafe.park(Native Method)&#10;        at java.util.concurrent.locks.LockSupport.parkNanos(LockSupport.java:215)&#10;        at java.util.concurrent.locks.AbstractQueuedSynchronizer$ConditionObject.awaitNanos(AbstractQueuedSynchronizer.java:2078)&#10;        at java.util.concurrent.ScheduledThreadPoolExecutor$DelayedWorkQueue.take(ScheduledThreadPoolExecutor.java:1093)&#10;        at java.util.concurrent.ScheduledThreadPoolExecutor$DelayedWorkQueue.take(ScheduledThreadPoolExecutor.java:809)&#10;        at java.util.concurrent.ThreadPoolExecutor.getTask(ThreadPoolExecutor.java:1074)&#10;        at java.util.concurrent.ThreadPoolExecutor.runWorker(ThreadPoolExecutor.java:1134)&#10;        at java.util.concurrent.ThreadPoolExecutor$Worker.run(ThreadPoolExecutor.java:624)&#10;        at java.lang.Thread.run(Thread.java:748)&#10;&quot;pool-26-thread-23&quot;  prio=5 tid=359 in Object.wait()&#10;java.lang.Thread.State: WAITING (on object monitor)&#10;        at sun.misc.Unsafe.park(Native Method)&#10;        at java.util.concurrent.locks.LockSupport.park(LockSupport.java:175)&#10;        at java.util.concurrent.locks.AbstractQueuedSynchronizer$ConditionObject.await(AbstractQueuedSynchronizer.java:2039)&#10;        at java.util.concurrent.ArrayBlockingQueue.take(ArrayBlockingQueue.java:403)&#10;        at java.util.concurrent.ThreadPoolExecutor.getTask(ThreadPoolExecutor.java:1074)&#10;        at java.util.concurrent.ThreadPoolExecutor.runWorker(ThreadPoolExecutor.java:1134)&#10;        at java.util.concurrent.ThreadPoolExecutor$Worker.run(ThreadPoolExecutor.java:624)&#10;        at java.lang.Thread.run(Thread.java:748)&#10;&quot;IPC Server handler 6 on 41091&quot; daemon prio=5 tid=121 timed_waiting&#10;java.lang.Thread.State: TIMED_WAITING&#10;        at sun.misc.Unsafe.park(Native Method)&#10;        at java.util.concurrent.locks.LockSupport.parkNanos(LockSupport.java:215)&#10;        at java.util.concurrent.locks.AbstractQueuedSynchronizer$ConditionObject.awaitNanos(AbstractQueuedSynchronizer.java:2078)&#10;        at java.util.concurrent.LinkedBlockingQueue.poll(LinkedBlockingQueue.java:467)&#10;        at org.apache.hadoop.ipc.CallQueueManager.take(CallQueueManager.java:288)&#10;        at org.apache.hadoop.ipc.Server$Handler.run(Server.java:2668)&#10;&quot;metrics-hadoop-metrics2-reporter-28-thread-1&quot; daemon prio=5 tid=768 timed_waiting&#10;java.lang.Thread.State: TIMED_WAITING&#10;        at sun.misc.Unsafe.park(Native Method)&#10;        at java.util.concurrent.locks.LockSupport.parkNanos(LockSupport.java:215)&#10;        at java.util.concurrent.locks.AbstractQueuedSynchronizer$ConditionObject.awaitNanos(AbstractQueuedSynchronizer.java:2078)&#10;        at java.util.concurrent.ScheduledThreadPoolExecutor$DelayedWorkQueue.take(ScheduledThreadPoolExecutor.java:1093)&#10;        at java.util.concurrent.ScheduledThreadPoolExecutor$DelayedWorkQueue.take(ScheduledThreadPoolExecutor.java:809)&#10;        at java.util.concurrent.ThreadPoolExecutor.getTask(ThreadPoolExecutor.java:1074)&#10;        at java.util.concurrent.ThreadPoolExecutor.runWorker(ThreadPoolExecutor.java:1134)&#10;        at java.util.concurrent.ThreadPoolExecutor$Worker.run(ThreadPoolExecutor.java:624)&#10;        at java.lang.Thread.run(Thread.java:748)&#10;&quot;pool-56-thread-9&quot;  prio=5 tid=506 in Object.wait()&#10;java.lang.Thread.State: WAITING (on object monitor)&#10;        at sun.misc.Unsafe.park(Native Method)&#10;        at java.util.concurrent.locks.LockSupport.park(LockSupport.java:175)&#10;        at java.util.concurrent.locks.AbstractQueuedSynchronizer$ConditionObject.await(AbstractQueuedSynchronizer.java:2039)&#10;        at java.util.concurrent.ArrayBlockingQueue.take(ArrayBlockingQueue.java:403)&#10;        at java.util.concurrent.ThreadPoolExecutor.getTask(ThreadPoolExecutor.java:1074)&#10;        at java.util.concurrent.ThreadPoolExecutor.runWorker(ThreadPoolExecutor.java:1134)&#10;        at java.util.concurrent.ThreadPoolExecutor$Worker.run(ThreadPoolExecutor.java:624)&#10;        at java.lang.Thread.run(Thread.java:748)&#10;&quot;IPC Server handler 7 on 41091&quot; daemon prio=5 tid=122 timed_waiting&#10;java.lang.Thread.State: TIMED_WAITING&#10;        at sun.misc.Unsafe.park(Native Method)&#10;        at java.util.concurrent.locks.LockSupport.parkNanos(LockSupport.java:215)&#10;        at java.util.concurrent.locks.AbstractQueuedSynchronizer$ConditionObject.awaitNanos(AbstractQueuedSynchronizer.java:2078)&#10;        at java.util.concurrent.LinkedBlockingQueue.poll(LinkedBlockingQueue.java:467)&#10;        at org.apache.hadoop.ipc.CallQueueManager.take(CallQueueManager.java:288)&#10;        at org.apache.hadoop.ipc.Server$Handler.run(Server.java:2668)&#10;&quot;qtp64027122-160&quot; daemon prio=5 tid=160 runnable&#10;java.lang.Thread.State: RUNNABLE&#10;        at sun.nio.ch.EPollArrayWrapper.epollWait(Native Method)&#10;        at sun.nio.ch.EPollArrayWrapper.poll(EPollArrayWrapper.java:269)&#10;        at sun.nio.ch.EPollSelectorImpl.doSelect(EPollSelectorImpl.java:93)&#10;        at sun.nio.ch.SelectorImpl.lockAndDoSelect(SelectorImpl.java:86)&#10;        at sun.nio.ch.SelectorImpl.select(SelectorImpl.java:97)&#10;        at sun.nio.ch.SelectorImpl.select(SelectorImpl.java:101)&#10;        at org.eclipse.jetty.io.ManagedSelector$SelectorProducer.select(ManagedSelector.java:243)&#10;        at org.eclipse.jetty.io.ManagedSelector$SelectorProducer.produce(ManagedSelector.java:191)&#10;        at org.eclipse.jetty.util.thread.strategy.ExecuteProduceConsume.executeProduceConsume(ExecuteProduceConsume.java:249)&#10;        at org.eclipse.jetty.util.thread.strategy.ExecuteProduceConsume.produceConsume(ExecuteProduceConsume.java:148)&#10;        at org.eclipse.jetty.util.thread.strategy.ExecuteProduceConsume.execute(ExecuteProduceConsume.java:100)&#10;        at org.eclipse.jetty.io.ManagedSelector.run(ManagedSelector.java:147)&#10;        at org.eclipse.jetty.util.thread.QueuedThreadPool.runJob(QueuedThreadPool.java:671)&#10;        at org.eclipse.jetty.util.thread.QueuedThreadPool$2.run(QueuedThreadPool.java:589)&#10;        at java.lang.Thread.run(Thread.java:748)&#10;&quot;pool-26-thread-47&quot;  prio=5 tid=408 in Object.wait()&#10;java.lang.Thread.State: WAITING (on object monitor)&#10;        at sun.misc.Unsafe.park(Native Method)&#10;        at java.util.concurrent.locks.LockSupport.park(LockSupport.java:175)&#10;        at java.util.concurrent.locks.AbstractQueuedSynchronizer$ConditionObject.await(AbstractQueuedSynchronizer.java:2039)&#10;        at java.util.concurrent.ArrayBlockingQueue.take(ArrayBlockingQueue.java:403)&#10;        at java.util.concurrent.ThreadPoolExecutor.getTask(ThreadPoolExecutor.java:1074)&#10;        at java.util.concurrent.ThreadPoolExecutor.runWorker(ThreadPoolExecutor.java:1134)&#10;        at java.util.concurrent.ThreadPoolExecutor$Worker.run(ThreadPoolExecutor.java:624)&#10;        at java.lang.Thread.run(Thread.java:748)&#10;&quot;pool-46-thread-55&quot;  prio=5 tid=489 in Object.wait()&#10;java.lang.Thread.State: WAITING (on object monitor)&#10;        at sun.misc.Unsafe.park(Native Method)&#10;        at java.util.concurrent.locks.LockSupport.park(LockSupport.java:175)&#10;        at java.util.concurrent.locks.AbstractQueuedSynchronizer$ConditionObject.await(AbstractQueuedSynchronizer.java:2039)&#10;        at java.util.concurrent.ArrayBlockingQueue.take(ArrayBlockingQueue.java:403)&#10;        at java.util.concurrent.ThreadPoolExecutor.getTask(ThreadPoolExecutor.java:1074)&#10;        at java.util.concurrent.ThreadPoolExecutor.runWorker(ThreadPoolExecutor.java:1134)&#10;        at java.util.concurrent.ThreadPoolExecutor$Worker.run(ThreadPoolExecutor.java:624)&#10;        at java.lang.Thread.run(Thread.java:748)&#10;&quot;pool-46-thread-48&quot;  prio=5 tid=482 in Object.wait()&#10;java.lang.Thread.State: WAITING (on object monitor)&#10;        at sun.misc.Unsafe.park(Native Method)&#10;        at java.util.concurrent.locks.LockSupport.park(LockSupport.java:175)&#10;        at java.util.concurrent.locks.AbstractQueuedSynchronizer$ConditionObject.await(AbstractQueuedSynchronizer.java:2039)&#10;        at java.util.concurrent.ArrayBlockingQueue.take(ArrayBlockingQueue.java:403)&#10;        at java.util.concurrent.ThreadPoolExecutor.getTask(ThreadPoolExecutor.java:1074)&#10;        at java.util.concurrent.ThreadPoolExecutor.runWorker(ThreadPoolExecutor.java:1134)&#10;        at java.util.concurrent.ThreadPoolExecutor$Worker.run(ThreadPoolExecutor.java:624)&#10;        at java.lang.Thread.run(Thread.java:748)&#10;&quot;pool-36-thread-54&quot;  prio=5 tid=420 in Object.wait()&#10;java.lang.Thread.State: WAITING (on object monitor)&#10;        at sun.misc.Unsafe.park(Native Method)&#10;        at java.util.concurrent.locks.LockSupport.park(LockSupport.java:175)&#10;        at java.util.concurrent.locks.AbstractQueuedSynchronizer$ConditionObject.await(AbstractQueuedSynchronizer.java:2039)&#10;        at java.util.concurrent.ArrayBlockingQueue.take(ArrayBlockingQueue.java:403)&#10;        at java.util.concurrent.ThreadPoolExecutor.getTask(ThreadPoolExecutor.java:1074)&#10;        at java.util.concurrent.ThreadPoolExecutor.runWorker(ThreadPoolExecutor.java:1134)&#10;        at java.util.concurrent.ThreadPoolExecutor$Worker.run(ThreadPoolExecutor.java:624)&#10;        at java.lang.Thread.run(Thread.java:748)&#10;&quot;pool-36-thread-24&quot;  prio=5 tid=361 in Object.wait()&#10;java.lang.Thread.State: WAITING (on object monitor)&#10;        at sun.misc.Unsafe.park(Native Method)&#10;        at java.util.concurrent.locks.LockSupport.park(LockSupport.java:175)&#10;        at java.util.concurrent.locks.AbstractQueuedSynchronizer$ConditionObject.await(AbstractQueuedSynchronizer.java:2039)&#10;        at java.util.concurrent.ArrayBlockingQueue.take(ArrayBlockingQueue.java:403)&#10;        at java.util.concurrent.ThreadPoolExecutor.getTask(ThreadPoolExecutor.java:1074)&#10;        at java.util.concurrent.ThreadPoolExecutor.runWorker(ThreadPoolExecutor.java:1134)&#10;        at java.util.concurrent.ThreadPoolExecutor$Worker.run(ThreadPoolExecutor.java:624)&#10;        at java.lang.Thread.run(Thread.java:748)&#10;&quot;pool-56-thread-52&quot;  prio=5 tid=553 in Object.wait()&#10;java.lang.Thread.State: WAITING (on object monitor)&#10;        at sun.misc.Unsafe.park(Native Method)&#10;        at java.util.concurrent.locks.LockSupport.park(LockSupport.java:175)&#10;        at java.util.concurrent.locks.AbstractQueuedSynchronizer$ConditionObject.await(AbstractQueuedSynchronizer.java:2039)&#10;        at java.util.concurrent.ArrayBlockingQueue.take(ArrayBlockingQueue.java:403)&#10;        at java.util.concurrent.ThreadPoolExecutor.getTask(ThreadPoolExecutor.java:1074)&#10;        at java.util.concurrent.ThreadPoolExecutor.runWorker(ThreadPoolExecutor.java:1134)&#10;        at java.util.concurrent.ThreadPoolExecutor$Worker.run(ThreadPoolExecutor.java:624)&#10;        at java.lang.Thread.run(Thread.java:748)&#10;&quot;pool-56-thread-51&quot;  prio=5 tid=552 in Object.wait()&#10;java.lang.Thread.State: WAITING (on object monitor)&#10;        at sun.misc.Unsafe.park(Native Method)&#10;        at java.util.concurrent.locks.LockSupport.park(LockSupport.java:175)&#10;        at java.util.concurrent.locks.AbstractQueuedSynchronizer$ConditionObject.await(AbstractQueuedSynchronizer.java:2039)&#10;        at java.util.concurrent.ArrayBlockingQueue.take(ArrayBlockingQueue.java:403)&#10;        at java.util.concurrent.ThreadPoolExecutor.getTask(ThreadPoolExecutor.java:1074)&#10;        at java.util.concurrent.ThreadPoolExecutor.runWorker(ThreadPoolExecutor.java:1134)&#10;        at java.util.concurrent.ThreadPoolExecutor$Worker.run(ThreadPoolExecutor.java:624)&#10;        at java.lang.Thread.run(Thread.java:748)&#10;&quot;pool-66-thread-33&quot;  prio=5 tid=596 in Object.wait()&#10;java.lang.Thread.State: WAITING (on object monitor)&#10;        at sun.misc.Unsafe.park(Native Method)&#10;        at java.util.concurrent.locks.LockSupport.park(LockSupport.java:175)&#10;        at java.util.concurrent.locks.AbstractQueuedSynchronizer$ConditionObject.await(AbstractQueuedSynchronizer.java:2039)&#10;        at java.util.concurrent.ArrayBlockingQueue.take(ArrayBlockingQueue.java:403)&#10;        at java.util.concurrent.ThreadPoolExecutor.getTask(ThreadPoolExecutor.java:1074)&#10;        at java.util.concurrent.ThreadPoolExecutor.runWorker(ThreadPoolExecutor.java:1134)&#10;        at java.util.concurrent.ThreadPoolExecutor$Worker.run(ThreadPoolExecutor.java:624)&#10;        at java.lang.Thread.run(Thread.java:748)&#10;&quot;pool-36-thread-42&quot;  prio=5 tid=397 in Object.wait()&#10;java.lang.Thread.State: WAITING (on object monitor)&#10;        at sun.misc.Unsafe.park(Native Method)&#10;        at java.util.concurrent.locks.LockSupport.park(LockSupport.java:175)&#10;        at java.util.concurrent.locks.AbstractQueuedSynchronizer$ConditionObject.await(AbstractQueuedSynchronizer.java:2039)&#10;        at java.util.concurrent.ArrayBlockingQueue.take(ArrayBlockingQueue.java:403)&#10;        at java.util.concurrent.ThreadPoolExecutor.getTask(ThreadPoolExecutor.java:1074)&#10;        at java.util.concurrent.ThreadPoolExecutor.runWorker(ThreadPoolExecutor.java:1134)&#10;        at java.util.concurrent.ThreadPoolExecutor$Worker.run(ThreadPoolExecutor.java:624)&#10;        at java.lang.Thread.run(Thread.java:748)&#10;&quot;pool-46-thread-56&quot;  prio=5 tid=490 in Object.wait()&#10;java.lang.Thread.State: WAITING (on object monitor)&#10;        at sun.misc.Unsafe.park(Native Method)&#10;        at java.util.concurrent.locks.LockSupport.park(LockSupport.java:175)&#10;        at java.util.concurrent.locks.AbstractQueuedSynchronizer$ConditionObject.await(AbstractQueuedSynchronizer.java:2039)&#10;        at java.util.concurrent.ArrayBlockingQueue.take(ArrayBlockingQueue.java:403)&#10;        at java.util.concurrent.ThreadPoolExecutor.getTask(ThreadPoolExecutor.java:1074)&#10;        at java.util.concurrent.ThreadPoolExecutor.runWorker(ThreadPoolExecutor.java:1134)&#10;        at java.util.concurrent.ThreadPoolExecutor$Worker.run(ThreadPoolExecutor.java:624)&#10;        at java.lang.Thread.run(Thread.java:748)&#10;&quot;process reaper&quot; daemon prio=10 tid=10 timed_waiting&#10;java.lang.Thread.State: TIMED_WAITING&#10;        at sun.misc.Unsafe.park(Native Method)&#10;        at java.util.concurrent.locks.LockSupport.parkNanos(LockSupport.java:215)&#10;        at java.util.concurrent.SynchronousQueue$TransferStack.awaitFulfill(SynchronousQueue.java:460)&#10;        at java.util.concurrent.SynchronousQueue$TransferStack.transfer(SynchronousQueue.java:362)&#10;        at java.util.concurrent.SynchronousQueue.poll(SynchronousQueue.java:941)&#10;        at java.util.concurrent.ThreadPoolExecutor.getTask(ThreadPoolExecutor.java:1073)&#10;        at java.util.concurrent.ThreadPoolExecutor.runWorker(ThreadPoolExecutor.java:1134)&#10;        at java.util.concurrent.ThreadPoolExecutor$Worker.run(ThreadPoolExecutor.java:624)&#10;        at java.lang.Thread.run(Thread.java:748)&#10;&quot;pool-76-thread-7&quot;  prio=5 tid=632 in Object.wait()&#10;java.lang.Thread.State: WAITING (on object monitor)&#10;        at sun.misc.Unsafe.park(Native Method)&#10;        at java.util.concurrent.locks.LockSupport.park(LockSupport.java:175)&#10;        at java.util.concurrent.locks.AbstractQueuedSynchronizer$ConditionObject.await(AbstractQueuedSynchronizer.java:2039)&#10;        at java.util.concurrent.ArrayBlockingQueue.take(ArrayBlockingQueue.java:403)&#10;        at java.util.concurrent.ThreadPoolExecutor.getTask(ThreadPoolExecutor.java:1074)&#10;        at java.util.concurrent.ThreadPoolExecutor.runWorker(ThreadPoolExecutor.java:1134)&#10;        at java.util.concurrent.ThreadPoolExecutor$Worker.run(ThreadPoolExecutor.java:624)&#10;        at java.lang.Thread.run(Thread.java:748)&#10;&quot;Datanode ReportManager Thread - 1&quot; daemon prio=5 tid=173 in Object.wait()&#10;java.lang.Thread.State: WAITING (on object monitor)&#10;        at sun.misc.Unsafe.park(Native Method)&#10;        at java.util.concurrent.locks.LockSupport.park(LockSupport.java:175)&#10;        at java.util.concurrent.locks.AbstractQueuedSynchronizer$ConditionObject.await(AbstractQueuedSynchronizer.java:2039)&#10;        at java.util.concurrent.ScheduledThreadPoolExecutor$DelayedWorkQueue.take(ScheduledThreadPoolExecutor.java:1088)&#10;        at java.util.concurrent.ScheduledThreadPoolExecutor$DelayedWorkQueue.take(ScheduledThreadPoolExecutor.java:809)&#10;        at java.util.concurrent.ThreadPoolExecutor.getTask(ThreadPoolExecutor.java:1074)&#10;        at java.util.concurrent.ThreadPoolExecutor.runWorker(ThreadPoolExecutor.java:1134)&#10;        at java.util.concurrent.ThreadPoolExecutor$Worker.run(ThreadPoolExecutor.java:624)&#10;        at java.lang.Thread.run(Thread.java:748)&#10;&quot;Datanode ReportManager Thread - 1&quot; daemon prio=5 tid=254 in Object.wait()&#10;java.lang.Thread.State: WAITING (on object monitor)&#10;        at sun.misc.Unsafe.park(Native Method)&#10;        at java.util.concurrent.locks.LockSupport.park(LockSupport.java:175)&#10;        at java.util.concurrent.locks.AbstractQueuedSynchronizer$ConditionObject.await(AbstractQueuedSynchronizer.java:2039)&#10;        at java.util.concurrent.ScheduledThreadPoolExecutor$DelayedWorkQueue.take(ScheduledThreadPoolExecutor.java:1088)&#10;        at java.util.concurrent.ScheduledThreadPoolExecutor$DelayedWorkQueue.take(ScheduledThreadPoolExecutor.java:809)&#10;        at java.util.concurrent.ThreadPoolExecutor.getTask(ThreadPoolExecutor.java:1074)&#10;        at java.util.concurrent.ThreadPoolExecutor.runWorker(ThreadPoolExecutor.java:1134)&#10;        at java.util.concurrent.ThreadPoolExecutor$Worker.run(ThreadPoolExecutor.java:624)&#10;        at java.lang.Thread.run(Thread.java:748)&#10;&quot;pool-26-thread-16&quot;  prio=5 tid=344 in Object.wait()&#10;java.lang.Thread.State: WAITING (on object monitor)&#10;        at sun.misc.Unsafe.park(Native Method)&#10;        at java.util.concurrent.locks.LockSupport.park(LockSupport.java:175)&#10;        at java.util.concurrent.locks.AbstractQueuedSynchronizer$ConditionObject.await(AbstractQueuedSynchronizer.java:2039)&#10;        at java.util.concurrent.ArrayBlockingQueue.take(ArrayBlockingQueue.java:403)&#10;        at java.util.concurrent.ThreadPoolExecutor.getTask(ThreadPoolExecutor.java:1074)&#10;        at java.util.concurrent.ThreadPoolExecutor.runWorker(ThreadPoolExecutor.java:1134)&#10;        at java.util.concurrent.ThreadPoolExecutor$Worker.run(ThreadPoolExecutor.java:624)&#10;        at java.lang.Thread.run(Thread.java:748)&#10;&quot;IPC Server Responder&quot; daemon prio=5 tid=111 runnable&#10;java.lang.Thread.State: RUNNABLE&#10;        at sun.nio.ch.EPollArrayWrapper.epollWait(Native Method)&#10;        at sun.nio.ch.EPollArrayWrapper.poll(EPollArrayWrapper.java:269)&#10;        at sun.nio.ch.EPollSelectorImpl.doSelect(EPollSelectorImpl.java:93)&#10;        at sun.nio.ch.SelectorImpl.lockAndDoSelect(SelectorImpl.java:86)&#10;        at sun.nio.ch.SelectorImpl.select(SelectorImpl.java:97)&#10;        at org.apache.hadoop.ipc.Server$Responder.doRunLoop(Server.java:1334)&#10;        at org.apache.hadoop.ipc.Server$Responder.run(Server.java:1317)&#10;&quot;IPC Server handler 5 on 35347&quot; daemon prio=5 tid=75 timed_waiting&#10;java.lang.Thread.State: TIMED_WAITING&#10;        at sun.misc.Unsafe.park(Native Method)&#10;        at java.util.concurrent.locks.LockSupport.parkNanos(LockSupport.java:215)&#10;        at java.util.concurrent.locks.AbstractQueuedSynchronizer$ConditionObject.awaitNanos(AbstractQueuedSynchronizer.java:2078)&#10;        at java.util.concurrent.LinkedBlockingQueue.poll(LinkedBlockingQueue.java:467)&#10;        at org.apache.hadoop.ipc.CallQueueManager.take(CallQueueManager.java:288)&#10;        at org.apache.hadoop.ipc.Server$Handler.run(Server.java:2668)&#10;&quot;0fc43408-9179-47bd-a807-e56cc33d805e@group-FC7768932425-StateMachineUpdater&quot; daemon prio=5 tid=718 in Object.wait()&#10;java.lang.Thread.State: WAITING (on object monitor)&#10;        at java.lang.Object.wait(Native Method)&#10;        at java.lang.Object.wait(Object.java:502)&#10;        at org.apache.ratis.server.impl.StateMachineUpdater.waitForCommit(StateMachineUpdater.java:194)&#10;        at org.apache.ratis.server.impl.StateMachineUpdater.run(StateMachineUpdater.java:159)&#10;        at java.lang.Thread.run(Thread.java:748)&#10;&quot;IPC Server handler 8 on 33888&quot; daemon prio=5 tid=38 timed_waiting&#10;java.lang.Thread.State: TIMED_WAITING&#10;        at sun.misc.Unsafe.park(Native Method)&#10;        at java.util.concurrent.locks.LockSupport.parkNanos(LockSupport.java:215)&#10;        at java.util.concurrent.locks.AbstractQueuedSynchronizer$ConditionObject.awaitNanos(AbstractQueuedSynchronizer.java:2078)&#10;        at java.util.concurrent.LinkedBlockingQueue.poll(LinkedBlockingQueue.java:467)&#10;        at org.apache.hadoop.ipc.CallQueueManager.take(CallQueueManager.java:288)&#10;        at org.apache.hadoop.ipc.Server$Handler.run(Server.java:2668)&#10;&quot;pool-26-thread-60&quot;  prio=5 tid=434 in Object.wait()&#10;java.lang.Thread.State: WAITING (on object monitor)&#10;        at sun.misc.Unsafe.park(Native Method)&#10;        at java.util.concurrent.locks.LockSupport.park(LockSupport.java:175)&#10;        at java.util.concurrent.locks.AbstractQueuedSynchronizer$ConditionObject.await(AbstractQueuedSynchronizer.java:2039)&#10;        at java.util.concurrent.ArrayBlockingQueue.take(ArrayBlockingQueue.java:403)&#10;        at java.util.concurrent.ThreadPoolExecutor.getTask(ThreadPoolExecutor.java:1074)&#10;        at java.util.concurrent.ThreadPoolExecutor.runWorker(ThreadPoolExecutor.java:1134)&#10;        at java.util.concurrent.ThreadPoolExecutor$Worker.run(ThreadPoolExecutor.java:624)&#10;        at java.lang.Thread.run(Thread.java:748)&#10;&quot;metrics-hadoop-metrics2-reporter-11-thread-1&quot; daemon prio=5 tid=729 timed_waiting&#10;java.lang.Thread.State: TIMED_WAITING&#10;        at sun.misc.Unsafe.park(Native Method)&#10;        at java.util.concurrent.locks.LockSupport.parkNanos(LockSupport.java:215)&#10;        at java.util.concurrent.locks.AbstractQueuedSynchronizer$ConditionObject.awaitNanos(AbstractQueuedSynchronizer.java:2078)&#10;        at java.util.concurrent.ScheduledThreadPoolExecutor$DelayedWorkQueue.take(ScheduledThreadPoolExecutor.java:1093)&#10;        at java.util.concurrent.ScheduledThreadPoolExecutor$DelayedWorkQueue.take(ScheduledThreadPoolExecutor.java:809)&#10;        at java.util.concurrent.ThreadPoolExecutor.getTask(ThreadPoolExecutor.java:1074)&#10;        at java.util.concurrent.ThreadPoolExecutor.runWorker(ThreadPoolExecutor.java:1134)&#10;        at java.util.concurrent.ThreadPoolExecutor$Worker.run(ThreadPoolExecutor.java:624)&#10;        at java.lang.Thread.run(Thread.java:748)&#10;&quot;qtp441384075-144&quot; daemon prio=5 tid=144 timed_waiting&#10;java.lang.Thread.State: TIMED_WAITING&#10;        at sun.misc.Unsafe.park(Native Method)&#10;        at java.util.concurrent.locks.LockSupport.parkNanos(LockSupport.java:215)&#10;        at java.util.concurrent.locks.AbstractQueuedSynchronizer$ConditionObject.awaitNanos(AbstractQueuedSynchronizer.java:2078)&#10;        at org.eclipse.jetty.util.BlockingArrayQueue.poll(BlockingArrayQueue.java:392)&#10;        at org.eclipse.jetty.util.thread.QueuedThreadPool.idleJobPoll(QueuedThreadPool.java:563)&#10;        at org.eclipse.jetty.util.thread.QueuedThreadPool.access$800(QueuedThreadPool.java:48)&#10;        at org.eclipse.jetty.util.thread.QueuedThreadPool$2.run(QueuedThreadPool.java:626)&#10;        at java.lang.Thread.run(Thread.java:748)&#10;&quot;pool-46-thread-12&quot;  prio=5 tid=446 in Object.wait()&#10;java.lang.Thread.State: WAITING (on object monitor)&#10;        at sun.misc.Unsafe.park(Native Method)&#10;        at java.util.concurrent.locks.LockSupport.park(LockSupport.java:175)&#10;        at java.util.concurrent.locks.AbstractQueuedSynchronizer$ConditionObject.await(AbstractQueuedSynchronizer.java:2039)&#10;        at java.util.concurrent.ArrayBlockingQueue.take(ArrayBlockingQueue.java:403)&#10;        at java.util.concurrent.ThreadPoolExecutor.getTask(ThreadPoolExecutor.java:1074)&#10;        at java.util.concurrent.ThreadPoolExecutor.runWorker(ThreadPoolExecutor.java:1134)&#10;        at java.util.concurrent.ThreadPoolExecutor$Worker.run(ThreadPoolExecutor.java:624)&#10;        at java.lang.Thread.run(Thread.java:748)&#10;&quot;Periodic HDDS volume checker&quot;  prio=5 tid=261 timed_waiting&#10;java.lang.Thread.State: TIMED_WAITING&#10;        at sun.misc.Unsafe.park(Native Method)&#10;        at java.util.concurrent.locks.LockSupport.parkNanos(LockSupport.java:215)&#10;        at java.util.concurrent.locks.AbstractQueuedSynchronizer$ConditionObject.awaitNanos(AbstractQueuedSynchronizer.java:2078)&#10;        at java.util.concurrent.ScheduledThreadPoolExecutor$DelayedWorkQueue.take(ScheduledThreadPoolExecutor.java:1093)&#10;        at java.util.concurrent.ScheduledThreadPoolExecutor$DelayedWorkQueue.take(ScheduledThreadPoolExecutor.java:809)&#10;        at java.util.concurrent.ThreadPoolExecutor.getTask(ThreadPoolExecutor.java:1074)&#10;        at java.util.concurrent.ThreadPoolExecutor.runWorker(ThreadPoolExecutor.java:1134)&#10;        at java.util.concurrent.ThreadPoolExecutor$Worker.run(ThreadPoolExecutor.java:624)&#10;        at java.lang.Thread.run(Thread.java:748)&#10;&quot;pool-36-thread-12&quot;  prio=5 tid=339 in Object.wait()&#10;java.lang.Thread.State: WAITING (on object monitor)&#10;        at sun.misc.Unsafe.park(Native Method)&#10;        at java.util.concurrent.locks.LockSupport.park(LockSupport.java:175)&#10;        at java.util.concurrent.locks.AbstractQueuedSynchronizer$ConditionObject.await(AbstractQueuedSynchronizer.java:2039)&#10;        at java.util.concurrent.ArrayBlockingQueue.take(ArrayBlockingQueue.java:403)&#10;        at java.util.concurrent.ThreadPoolExecutor.getTask(ThreadPoolExecutor.java:1074)&#10;        at java.util.concurrent.ThreadPoolExecutor.runWorker(ThreadPoolExecutor.java:1134)&#10;        at java.util.concurrent.ThreadPoolExecutor$Worker.run(ThreadPoolExecutor.java:624)&#10;        at java.lang.Thread.run(Thread.java:748)&#10;&quot;pool-66-thread-22&quot;  prio=5 tid=585 in Object.wait()&#10;java.lang.Thread.State: WAITING (on object monitor)&#10;        at sun.misc.Unsafe.park(Native Method)&#10;        at java.util.concurrent.locks.LockSupport.park(LockSupport.java:175)&#10;        at java.util.concurrent.locks.AbstractQueuedSynchronizer$ConditionObject.await(AbstractQueuedSynchronizer.java:2039)&#10;        at java.util.concurrent.ArrayBlockingQueue.take(ArrayBlockingQueue.java:403)&#10;        at java.util.concurrent.ThreadPoolExecutor.getTask(ThreadPoolExecutor.java:1074)&#10;        at java.util.concurrent.ThreadPoolExecutor.runWorker(ThreadPoolExecutor.java:1134)&#10;        at java.util.concurrent.ThreadPoolExecutor$Worker.run(ThreadPoolExecutor.java:624)&#10;        at java.lang.Thread.run(Thread.java:748)&#10;&quot;pool-26-thread-36&quot;  prio=5 tid=385 in Object.wait()&#10;java.lang.Thread.State: WAITING (on object monitor)&#10;        at sun.misc.Unsafe.park(Native Method)&#10;        at java.util.concurrent.locks.LockSupport.park(LockSupport.java:175)&#10;        at java.util.concurrent.locks.AbstractQueuedSynchronizer$ConditionObject.await(AbstractQueuedSynchronizer.java:2039)&#10;        at java.util.concurrent.ArrayBlockingQueue.take(ArrayBlockingQueue.java:403)&#10;        at java.util.concurrent.ThreadPoolExecutor.getTask(ThreadPoolExecutor.java:1074)&#10;        at java.util.concurrent.ThreadPoolExecutor.runWorker(ThreadPoolExecutor.java:1134)&#10;        at java.util.concurrent.ThreadPoolExecutor$Worker.run(ThreadPoolExecutor.java:624)&#10;        at java.lang.Thread.run(Thread.java:748)&#10;&quot;pool-66-thread-31&quot;  prio=5 tid=594 in Object.wait()&#10;java.lang.Thread.State: WAITING (on object monitor)&#10;        at sun.misc.Unsafe.park(Native Method)&#10;        at java.util.concurrent.locks.LockSupport.park(LockSupport.java:175)&#10;        at java.util.concurrent.locks.AbstractQueuedSynchronizer$ConditionObject.await(AbstractQueuedSynchronizer.java:2039)&#10;        at java.util.concurrent.ArrayBlockingQueue.take(ArrayBlockingQueue.java:403)&#10;        at java.util.concurrent.ThreadPoolExecutor.getTask(ThreadPoolExecutor.java:1074)&#10;        at java.util.concurrent.ThreadPoolExecutor.runWorker(ThreadPoolExecutor.java:1134)&#10;        at java.util.concurrent.ThreadPoolExecutor$Worker.run(ThreadPoolExecutor.java:624)&#10;        at java.lang.Thread.run(Thread.java:748)&#10;&quot;Command processor thread&quot; daemon prio=5 tid=257 timed_waiting&#10;java.lang.Thread.State: TIMED_WAITING&#10;        at java.lang.Thread.sleep(Native Method)&#10;        at org.apache.hadoop.ozone.container.common.statemachine.DatanodeStateMachine.lambda$initCommandHandlerThread$1(DatanodeStateMachine.java:439)&#10;        at org.apache.hadoop.ozone.container.common.statemachine.DatanodeStateMachine$$Lambda$141/1433858745.run(Unknown Source)&#10;        at java.lang.Thread.run(Thread.java:748)&#10;&quot;metrics-hadoop-metrics2-reporter-65-thread-1&quot; daemon prio=5 tid=952 timed_waiting&#10;java.lang.Thread.State: TIMED_WAITING&#10;        at sun.misc.Unsafe.park(Native Method)&#10;        at java.util.concurrent.locks.LockSupport.parkNanos(LockSupport.java:215)&#10;        at java.util.concurrent.locks.AbstractQueuedSynchronizer$ConditionObject.awaitNanos(AbstractQueuedSynchronizer.java:2078)&#10;        at java.util.concurrent.ScheduledThreadPoolExecutor$DelayedWorkQueue.take(ScheduledThreadPoolExecutor.java:1093)&#10;        at java.util.concurrent.ScheduledThreadPoolExecutor$DelayedWorkQueue.take(ScheduledThreadPoolExecutor.java:809)&#10;        at java.util.concurrent.ThreadPoolExecutor.getTask(ThreadPoolExecutor.java:1074)&#10;        at java.util.concurrent.ThreadPoolExecutor.runWorker(ThreadPoolExecutor.java:1134)&#10;        at java.util.concurrent.ThreadPoolExecutor$Worker.run(ThreadPoolExecutor.java:624)&#10;        at java.lang.Thread.run(Thread.java:748)&#10;&quot;pool-46-thread-38&quot;  prio=5 tid=472 in Object.wait()&#10;java.lang.Thread.State: WAITING (on object monitor)&#10;        at sun.misc.Unsafe.park(Native Method)&#10;        at java.util.concurrent.locks.LockSupport.park(LockSupport.java:175)&#10;        at java.util.concurrent.locks.AbstractQueuedSynchronizer$ConditionObject.await(AbstractQueuedSynchronizer.java:2039)&#10;        at java.util.concurrent.ArrayBlockingQueue.take(ArrayBlockingQueue.java:403)&#10;        at java.util.concurrent.ThreadPoolExecutor.getTask(ThreadPoolExecutor.java:1074)&#10;        at java.util.concurrent.ThreadPoolExecutor.runWorker(ThreadPoolExecutor.java:1134)&#10;        at java.util.concurrent.ThreadPoolExecutor$Worker.run(ThreadPoolExecutor.java:624)&#10;        at java.lang.Thread.run(Thread.java:748)&#10;&quot;pool-46-thread-16&quot;  prio=5 tid=450 in Object.wait()&#10;java.lang.Thread.State: WAITING (on object monitor)&#10;        at sun.misc.Unsafe.park(Native Method)&#10;        at java.util.concurrent.locks.LockSupport.park(LockSupport.java:175)&#10;        at java.util.concurrent.locks.AbstractQueuedSynchronizer$ConditionObject.await(AbstractQueuedSynchronizer.java:2039)&#10;        at java.util.concurrent.ArrayBlockingQueue.take(ArrayBlockingQueue.java:403)&#10;        at java.util.concurrent.ThreadPoolExecutor.getTask(ThreadPoolExecutor.java:1074)&#10;        at java.util.concurrent.ThreadPoolExecutor.runWorker(ThreadPoolExecutor.java:1134)&#10;        at java.util.concurrent.ThreadPoolExecutor$Worker.run(ThreadPoolExecutor.java:624)&#10;        at java.lang.Thread.run(Thread.java:748)&#10;&quot;qtp441384075-142&quot; daemon prio=5 tid=142 timed_waiting&#10;java.lang.Thread.State: TIMED_WAITING&#10;        at sun.misc.Unsafe.park(Native Method)&#10;        at java.util.concurrent.locks.LockSupport.parkNanos(LockSupport.java:215)&#10;        at java.util.concurrent.locks.AbstractQueuedSynchronizer$ConditionObject.awaitNanos(AbstractQueuedSynchronizer.java:2078)&#10;        at org.eclipse.jetty.util.BlockingArrayQueue.poll(BlockingArrayQueue.java:392)&#10;        at org.eclipse.jetty.util.thread.QueuedThreadPool.idleJobPoll(QueuedThreadPool.java:563)&#10;        at org.eclipse.jetty.util.thread.QueuedThreadPool.access$800(QueuedThreadPool.java:48)&#10;        at org.eclipse.jetty.util.thread.QueuedThreadPool$2.run(QueuedThreadPool.java:626)&#10;        at java.lang.Thread.run(Thread.java:748)&#10;&quot;IPC Server handler 2 on 33440&quot; daemon prio=5 tid=52 timed_waiting&#10;java.lang.Thread.State: TIMED_WAITING&#10;        at sun.misc.Unsafe.park(Native Method)&#10;        at java.util.concurrent.locks.LockSupport.parkNanos(LockSupport.java:215)&#10;        at java.util.concurrent.locks.AbstractQueuedSynchronizer$ConditionObject.awaitNanos(AbstractQueuedSynchronizer.java:2078)&#10;        at java.util.concurrent.LinkedBlockingQueue.poll(LinkedBlockingQueue.java:467)&#10;        at org.apache.hadoop.ipc.CallQueueManager.take(CallQueueManager.java:288)&#10;        at org.apache.hadoop.ipc.Server$Handler.run(Server.java:2668)&#10;&quot;qtp2116606463-217&quot; daemon prio=5 tid=217 timed_waiting&#10;java.lang.Thread.State: TIMED_WAITING&#10;        at sun.misc.Unsafe.park(Native Method)&#10;        at java.util.concurrent.locks.LockSupport.parkNanos(LockSupport.java:215)&#10;        at java.util.concurrent.locks.AbstractQueuedSynchronizer$ConditionObject.awaitNanos(AbstractQueuedSynchronizer.java:2078)&#10;        at org.eclipse.jetty.util.BlockingArrayQueue.poll(BlockingArrayQueue.java:392)&#10;        at org.eclipse.jetty.util.thread.QueuedThreadPool.idleJobPoll(QueuedThreadPool.java:563)&#10;        at org.eclipse.jetty.util.thread.QueuedThreadPool.access$800(QueuedThreadPool.java:48)&#10;        at org.eclipse.jetty.util.thread.QueuedThreadPool$2.run(QueuedThreadPool.java:626)&#10;        at java.lang.Thread.run(Thread.java:748)&#10;&quot;pool-56-thread-34&quot;  prio=5 tid=532 in Object.wait()&#10;java.lang.Thread.State: WAITING (on object monitor)&#10;        at sun.misc.Unsafe.park(Native Method)&#10;        at java.util.concurrent.locks.LockSupport.park(LockSupport.java:175)&#10;        at java.util.concurrent.locks.AbstractQueuedSynchronizer$ConditionObject.await(AbstractQueuedSynchronizer.java:2039)&#10;        at java.util.concurrent.ArrayBlockingQueue.take(ArrayBlockingQueue.java:403)&#10;        at java.util.concurrent.ThreadPoolExecutor.getTask(ThreadPoolExecutor.java:1074)&#10;        at java.util.concurrent.ThreadPoolExecutor.runWorker(ThreadPoolExecutor.java:1134)&#10;        at java.util.concurrent.ThreadPoolExecutor$Worker.run(ThreadPoolExecutor.java:624)&#10;        at java.lang.Thread.run(Thread.java:748)&#10;&quot;pool-36-thread-60&quot;  prio=5 tid=432 in Object.wait()&#10;java.lang.Thread.State: WAITING (on object monitor)&#10;        at sun.misc.Unsafe.park(Native Method)&#10;        at java.util.concurrent.locks.LockSupport.park(LockSupport.java:175)&#10;        at java.util.concurrent.locks.AbstractQueuedSynchronizer$ConditionObject.await(AbstractQueuedSynchronizer.java:2039)&#10;        at java.util.concurrent.ArrayBlockingQueue.take(ArrayBlockingQueue.java:403)&#10;        at java.util.concurrent.ThreadPoolExecutor.getTask(ThreadPoolExecutor.java:1074)&#10;        at java.util.concurrent.ThreadPoolExecutor.runWorker(ThreadPoolExecutor.java:1134)&#10;        at java.util.concurrent.ThreadPoolExecutor$Worker.run(ThreadPoolExecutor.java:624)&#10;        at java.lang.Thread.run(Thread.java:748)&#10;&quot;Finalizer&quot; daemon prio=8 tid=3 in Object.wait()&#10;java.lang.Thread.State: WAITING (on object monitor)&#10;        at java.lang.Object.wait(Native Method)&#10;        at java.lang.ref.ReferenceQueue.remove(ReferenceQueue.java:144)&#10;        at java.lang.ref.ReferenceQueue.remove(ReferenceQueue.java:165)&#10;        at java.lang.ref.Finalizer$FinalizerThread.run(Finalizer.java:216)&#10;&quot;pool-46-thread-51&quot;  prio=5 tid=485 in Object.wait()&#10;java.lang.Thread.State: WAITING (on object monitor)&#10;        at sun.misc.Unsafe.park(Native Method)&#10;        at java.util.concurrent.locks.LockSupport.park(LockSupport.java:175)&#10;        at java.util.concurrent.locks.AbstractQueuedSynchronizer$ConditionObject.await(AbstractQueuedSynchronizer.java:2039)&#10;        at java.util.concurrent.ArrayBlockingQueue.take(ArrayBlockingQueue.java:403)&#10;        at java.util.concurrent.ThreadPoolExecutor.getTask(ThreadPoolExecutor.java:1074)&#10;        at java.util.concurrent.ThreadPoolExecutor.runWorker(ThreadPoolExecutor.java:1134)&#10;        at java.util.concurrent.ThreadPoolExecutor$Worker.run(ThreadPoolExecutor.java:624)&#10;        at java.lang.Thread.run(Thread.java:748)&#10;&quot;jaeger.RemoteReporter-QueueProcessor&quot; daemon prio=5 tid=148 in Object.wait()&#10;java.lang.Thread.State: WAITING (on object monitor)&#10;        at sun.misc.Unsafe.park(Native Method)&#10;        at java.util.concurrent.locks.LockSupport.park(LockSupport.java:175)&#10;        at java.util.concurrent.locks.AbstractQueuedSynchronizer$ConditionObject.await(AbstractQueuedSynchronizer.java:2039)&#10;        at java.util.concurrent.ArrayBlockingQueue.take(ArrayBlockingQueue.java:403)&#10;        at io.jaegertracing.internal.reporters.RemoteReporter$QueueProcessor.run(RemoteReporter.java:173)&#10;        at java.lang.Thread.run(Thread.java:748)&#10;&quot;pool-36-thread-10&quot;  prio=5 tid=335 in Object.wait()&#10;java.lang.Thread.State: WAITING (on object monitor)&#10;        at sun.misc.Unsafe.park(Native Method)&#10;        at java.util.concurrent.locks.LockSupport.park(LockSupport.java:175)&#10;        at java.util.concurrent.locks.AbstractQueuedSynchronizer$ConditionObject.await(AbstractQueuedSynchronizer.java:2039)&#10;        at java.util.concurrent.ArrayBlockingQueue.take(ArrayBlockingQueue.java:403)&#10;        at java.util.concurrent.ThreadPoolExecutor.getTask(ThreadPoolExecutor.java:1074)&#10;        at java.util.concurrent.ThreadPoolExecutor.runWorker(ThreadPoolExecutor.java:1134)&#10;        at java.util.concurrent.ThreadPoolExecutor$Worker.run(ThreadPoolExecutor.java:624)&#10;        at java.lang.Thread.run(Thread.java:748)&#10;&quot;pool-36-thread-53&quot;  prio=5 tid=418 in Object.wait()&#10;java.lang.Thread.State: WAITING (on object monitor)&#10;        at sun.misc.Unsafe.park(Native Method)&#10;        at java.util.concurrent.locks.LockSupport.park(LockSupport.java:175)&#10;        at java.util.concurrent.locks.AbstractQueuedSynchronizer$ConditionObject.await(AbstractQueuedSynchronizer.java:2039)&#10;        at java.util.concurrent.ArrayBlockingQueue.take(ArrayBlockingQueue.java:403)&#10;        at java.util.concurrent.ThreadPoolExecutor.getTask(ThreadPoolExecutor.java:1074)&#10;        at java.util.concurrent.ThreadPoolExecutor.runWorker(ThreadPoolExecutor.java:1134)&#10;        at java.util.concurrent.ThreadPoolExecutor$Worker.run(ThreadPoolExecutor.java:624)&#10;        at java.lang.Thread.run(Thread.java:748)&#10;&quot;qtp1051453582-189&quot; daemon prio=5 tid=189 timed_waiting&#10;java.lang.Thread.State: TIMED_WAITING&#10;        at sun.misc.Unsafe.park(Native Method)&#10;        at java.util.concurrent.locks.LockSupport.parkNanos(LockSupport.java:215)&#10;        at java.util.concurrent.locks.AbstractQueuedSynchronizer$ConditionObject.awaitNanos(AbstractQueuedSynchronizer.java:2078)&#10;        at org.eclipse.jetty.util.BlockingArrayQueue.poll(BlockingArrayQueue.java:392)&#10;        at org.eclipse.jetty.util.thread.QueuedThreadPool.idleJobPoll(QueuedThreadPool.java:563)&#10;        at org.eclipse.jetty.util.thread.QueuedThreadPool.access$800(QueuedThreadPool.java:48)&#10;        at org.eclipse.jetty.util.thread.QueuedThreadPool$2.run(QueuedThreadPool.java:626)&#10;        at java.lang.Thread.run(Thread.java:748)&#10;&quot;pool-26-thread-54&quot;  prio=5 tid=423 in Object.wait()&#10;java.lang.Thread.State: WAITING (on object monitor)&#10;        at sun.misc.Unsafe.park(Native Method)&#10;        at java.util.concurrent.locks.LockSupport.park(LockSupport.java:175)&#10;        at java.util.concurrent.locks.AbstractQueuedSynchronizer$ConditionObject.await(AbstractQueuedSynchronizer.java:2039)&#10;        at java.util.concurrent.ArrayBlockingQueue.take(ArrayBlockingQueue.java:403)&#10;        at java.util.concurrent.ThreadPoolExecutor.getTask(ThreadPoolExecutor.java:1074)&#10;        at java.util.concurrent.ThreadPoolExecutor.runWorker(ThreadPoolExecutor.java:1134)&#10;        at java.util.concurrent.ThreadPoolExecutor$Worker.run(ThreadPoolExecutor.java:624)&#10;        at java.lang.Thread.run(Thread.java:748)&#10;&quot;CommandWatcher-LeaseManager#LeaseMonitor&quot; daemon prio=5 tid=29 timed_waiting&#10;java.lang.Thread.State: TIMED_WAITING&#10;        at java.lang.Thread.sleep(Native Method)&#10;        at org.apache.hadoop.ozone.lease.LeaseManager$LeaseMonitor.run(LeaseManager.java:234)&#10;        at java.lang.Thread.run(Thread.java:748)&#10;&quot;pool-46-thread-24&quot;  prio=5 tid=458 in Object.wait()&#10;java.lang.Thread.State: WAITING (on object monitor)&#10;        at sun.misc.Unsafe.park(Native Method)&#10;        at java.util.concurrent.locks.LockSupport.park(LockSupport.java:175)&#10;        at java.util.concurrent.locks.AbstractQueuedSynchronizer$ConditionObject.await(AbstractQueuedSynchronizer.java:2039)&#10;        at java.util.concurrent.ArrayBlockingQueue.take(ArrayBlockingQueue.java:403)&#10;        at java.util.concurrent.ThreadPoolExecutor.getTask(ThreadPoolExecutor.java:1074)&#10;        at java.util.concurrent.ThreadPoolExecutor.runWorker(ThreadPoolExecutor.java:1134)&#10;        at java.util.concurrent.ThreadPoolExecutor$Worker.run(ThreadPoolExecutor.java:624)&#10;        at java.lang.Thread.run(Thread.java:748)&#10;&quot;pool-66-thread-42&quot;  prio=5 tid=605 in Object.wait()&#10;java.lang.Thread.State: WAITING (on object monitor)&#10;        at sun.misc.Unsafe.park(Native Method)&#10;        at java.util.concurrent.locks.LockSupport.park(LockSupport.java:175)&#10;        at java.util.concurrent.locks.AbstractQueuedSynchronizer$ConditionObject.await(AbstractQueuedSynchronizer.java:2039)&#10;        at java.util.concurrent.ArrayBlockingQueue.take(ArrayBlockingQueue.java:403)&#10;        at java.util.concurrent.ThreadPoolExecutor.getTask(ThreadPoolExecutor.java:1074)&#10;        at java.util.concurrent.ThreadPoolExecutor.runWorker(ThreadPoolExecutor.java:1134)&#10;        at java.util.concurrent.ThreadPoolExecutor$Worker.run(ThreadPoolExecutor.java:624)&#10;        at java.lang.Thread.run(Thread.java:748)&#10;&quot;BlockDeletingService#1&quot; daemon prio=5 tid=536 in Object.wait()&#10;java.lang.Thread.State: WAITING (on object monitor)&#10;        at sun.misc.Unsafe.park(Native Method)&#10;        at java.util.concurrent.locks.LockSupport.park(LockSupport.java:175)&#10;        at java.util.concurrent.locks.AbstractQueuedSynchronizer$ConditionObject.await(AbstractQueuedSynchronizer.java:2039)&#10;        at java.util.concurrent.ScheduledThreadPoolExecutor$DelayedWorkQueue.take(ScheduledThreadPoolExecutor.java:1088)&#10;        at java.util.concurrent.ScheduledThreadPoolExecutor$DelayedWorkQueue.take(ScheduledThreadPoolExecutor.java:809)&#10;        at java.util.concurrent.ThreadPoolExecutor.getTask(ThreadPoolExecutor.java:1074)&#10;        at java.util.concurrent.ThreadPoolExecutor.runWorker(ThreadPoolExecutor.java:1134)&#10;        at java.util.concurrent.ThreadPoolExecutor$Worker.run(ThreadPoolExecutor.java:624)&#10;        at java.lang.Thread.run(Thread.java:748)&#10;&quot;pool-36-thread-34&quot;  prio=5 tid=381 in Object.wait()&#10;java.lang.Thread.State: WAITING (on object monitor)&#10;        at sun.misc.Unsafe.park(Native Method)&#10;        at java.util.concurrent.locks.LockSupport.park(LockSupport.java:175)&#10;        at java.util.concurrent.locks.AbstractQueuedSynchronizer$ConditionObject.await(AbstractQueuedSynchronizer.java:2039)&#10;        at java.util.concurrent.ArrayBlockingQueue.take(ArrayBlockingQueue.java:403)&#10;        at java.util.concurrent.ThreadPoolExecutor.getTask(ThreadPoolExecutor.java:1074)&#10;        at java.util.concurrent.ThreadPoolExecutor.runWorker(ThreadPoolExecutor.java:1134)&#10;        at java.util.concurrent.ThreadPoolExecutor$Worker.run(ThreadPoolExecutor.java:624)&#10;        at java.lang.Thread.run(Thread.java:748)&#10;&quot;java.util.concurrent.ThreadPoolExecutor$Worker@515039b0[State = -1, empty queue]&quot; daemon prio=5 tid=1049 timed_waiting&#10;java.lang.Thread.State: TIMED_WAITING&#10;        at sun.misc.Unsafe.park(Native Method)&#10;        at java.util.concurrent.locks.LockSupport.parkNanos(LockSupport.java:215)&#10;        at java.util.concurrent.locks.AbstractQueuedSynchronizer$ConditionObject.awaitNanos(AbstractQueuedSynchronizer.java:2078)&#10;        at java.util.concurrent.ScheduledThreadPoolExecutor$DelayedWorkQueue.take(ScheduledThreadPoolExecutor.java:1093)&#10;        at java.util.concurrent.ScheduledThreadPoolExecutor$DelayedWorkQueue.take(ScheduledThreadPoolExecutor.java:809)&#10;        at java.util.concurrent.ThreadPoolExecutor.getTask(ThreadPoolExecutor.java:1074)&#10;        at java.util.concurrent.ThreadPoolExecutor.runWorker(ThreadPoolExecutor.java:1134)&#10;        at java.util.concurrent.ThreadPoolExecutor$Worker.run(ThreadPoolExecutor.java:624)&#10;        at java.lang.Thread.run(Thread.java:748)&#10;&quot;pool-26-thread-15&quot;  prio=5 tid=342 in Object.wait()&#10;java.lang.Thread.State: WAITING (on object monitor)&#10;        at sun.misc.Unsafe.park(Native Method)&#10;        at java.util.concurrent.locks.LockSupport.park(LockSupport.java:175)&#10;        at java.util.concurrent.locks.AbstractQueuedSynchronizer$ConditionObject.await(AbstractQueuedSynchronizer.java:2039)&#10;        at java.util.concurrent.ArrayBlockingQueue.take(ArrayBlockingQueue.java:403)&#10;        at java.util.concurrent.ThreadPoolExecutor.getTask(ThreadPoolExecutor.java:1074)&#10;        at java.util.concurrent.ThreadPoolExecutor.runWorker(ThreadPoolExecutor.java:1134)&#10;        at java.util.concurrent.ThreadPoolExecutor$Worker.run(ThreadPoolExecutor.java:624)&#10;        at java.lang.Thread.run(Thread.java:748)&#10;&quot;IPC Server handler 1 on 35347&quot; daemon prio=5 tid=71 timed_waiting&#10;java.lang.Thread.State: TIMED_WAITING&#10;        at sun.misc.Unsafe.park(Native Method)&#10;        at java.util.concurrent.locks.LockSupport.parkNanos(LockSupport.java:215)&#10;        at java.util.concurrent.locks.AbstractQueuedSynchronizer$ConditionObject.awaitNanos(AbstractQueuedSynchronizer.java:2078)&#10;        at java.util.concurrent.LinkedBlockingQueue.poll(LinkedBlockingQueue.java:467)&#10;        at org.apache.hadoop.ipc.CallQueueManager.take(CallQueueManager.java:288)&#10;        at org.apache.hadoop.ipc.Server$Handler.run(Server.java:2668)&#10;&quot;pool-66-thread-32&quot;  prio=5 tid=595 in Object.wait()&#10;java.lang.Thread.State: WAITING (on object monitor)&#10;        at sun.misc.Unsafe.park(Native Method)&#10;        at java.util.concurrent.locks.LockSupport.park(LockSupport.java:175)&#10;        at java.util.concurrent.locks.AbstractQueuedSynchronizer$ConditionObject.await(AbstractQueuedSynchronizer.java:2039)&#10;        at java.util.concurrent.ArrayBlockingQueue.take(ArrayBlockingQueue.java:403)&#10;        at java.util.concurrent.ThreadPoolExecutor.getTask(ThreadPoolExecutor.java:1074)&#10;        at java.util.concurrent.ThreadPoolExecutor.runWorker(ThreadPoolExecutor.java:1134)&#10;        at java.util.concurrent.ThreadPoolExecutor$Worker.run(ThreadPoolExecutor.java:624)&#10;        at java.lang.Thread.run(Thread.java:748)&#10;&quot;pool-46-thread-34&quot;  prio=5 tid=468 in Object.wait()&#10;java.lang.Thread.State: WAITING (on object monitor)&#10;        at sun.misc.Unsafe.park(Native Method)&#10;        at java.util.concurrent.locks.LockSupport.park(LockSupport.java:175)&#10;        at java.util.concurrent.locks.AbstractQueuedSynchronizer$ConditionObject.await(AbstractQueuedSynchronizer.java:2039)&#10;        at java.util.concurrent.ArrayBlockingQueue.take(ArrayBlockingQueue.java:403)&#10;        at java.util.concurrent.ThreadPoolExecutor.getTask(ThreadPoolExecutor.java:1074)&#10;        at java.util.concurrent.ThreadPoolExecutor.runWorker(ThreadPoolExecutor.java:1134)&#10;        at java.util.concurrent.ThreadPoolExecutor$Worker.run(ThreadPoolExecutor.java:624)&#10;        at java.lang.Thread.run(Thread.java:748)&#10;&#10;" type="java.util.concurrent.TimeoutException">java.util.concurrent.TimeoutException: 
Timed out waiting for condition. Thread diagnostics:
Timestamp: 2019-10-18 07:54:39,954

"pool-46-thread-46"  prio=5 tid=480 in Object.wait()
java.lang.Thread.State: WAITING (on object monitor)
        at sun.misc.Unsafe.park(Native Method)
        at java.util.concurrent.locks.LockSupport.park(LockSupport.java:175)
        at java.util.concurrent.locks.AbstractQueuedSynchronizer$ConditionObject.await(AbstractQueuedSynchronizer.java:2039)
        at java.util.concurrent.ArrayBlockingQueue.take(ArrayBlockingQueue.java:403)
        at java.util.concurrent.ThreadPoolExecutor.getTask(ThreadPoolExecutor.java:1074)
        at java.util.concurrent.ThreadPoolExecutor.runWorker(ThreadPoolExecutor.java:1134)
        at java.util.concurrent.ThreadPoolExecutor$Worker.run(ThreadPoolExecutor.java:624)
        at java.lang.Thread.run(Thread.java:748)
"pool-36-thread-57"  prio=5 tid=426 in Object.wait()
java.lang.Thread.State: WAITING (on object monitor)
        at sun.misc.Unsafe.park(Native Method)
        at java.util.concurrent.locks.LockSupport.park(LockSupport.java:175)
        at java.util.concurrent.locks.AbstractQueuedSynchronizer$ConditionObject.await(AbstractQueuedSynchronizer.java:2039)
        at java.util.concurrent.ArrayBlockingQueue.take(ArrayBlockingQueue.java:403)
        at java.util.concurrent.ThreadPoolExecutor.getTask(ThreadPoolExecutor.java:1074)
        at java.util.concurrent.ThreadPoolExecutor.runWorker(ThreadPoolExecutor.java:1134)
        at java.util.concurrent.ThreadPoolExecutor$Worker.run(ThreadPoolExecutor.java:624)
        at java.lang.Thread.run(Thread.java:748)
"metrics-hadoop-metrics2-reporter-81-thread-1" daemon prio=5 tid=1047 timed_waiting
java.lang.Thread.State: TIMED_WAITING
        at sun.misc.Unsafe.park(Native Method)
        at java.util.concurrent.locks.LockSupport.parkNanos(LockSupport.java:215)
        at java.util.concurrent.locks.AbstractQueuedSynchronizer$ConditionObject.awaitNanos(AbstractQueuedSynchronizer.java:2078)
        at java.util.concurrent.ScheduledThreadPoolExecutor$DelayedWorkQueue.take(ScheduledThreadPoolExecutor.java:1093)
        at java.util.concurrent.ScheduledThreadPoolExecutor$DelayedWorkQueue.take(ScheduledThreadPoolExecutor.java:809)
        at java.util.concurrent.ThreadPoolExecutor.getTask(ThreadPoolExecutor.java:1074)
        at java.util.concurrent.ThreadPoolExecutor.runWorker(ThreadPoolExecutor.java:1134)
        at java.util.concurrent.ThreadPoolExecutor$Worker.run(ThreadPoolExecutor.java:624)
        at java.lang.Thread.run(Thread.java:748)
"org.eclipse.jetty.server.session.HashSessionManager@37e950beTimer" daemon prio=5 tid=98 timed_waiting
java.lang.Thread.State: TIMED_WAITING
        at sun.misc.Unsafe.park(Native Method)
        at java.util.concurrent.locks.LockSupport.parkNanos(LockSupport.java:215)
        at java.util.concurrent.locks.AbstractQueuedSynchronizer$ConditionObject.awaitNanos(AbstractQueuedSynchronizer.java:2078)
        at java.util.concurrent.ScheduledThreadPoolExecutor$DelayedWorkQueue.take(ScheduledThreadPoolExecutor.java:1093)
        at java.util.concurrent.ScheduledThreadPoolExecutor$DelayedWorkQueue.take(ScheduledThreadPoolExecutor.java:809)
        at java.util.concurrent.ThreadPoolExecutor.getTask(ThreadPoolExecutor.java:1074)
        at java.util.concurrent.ThreadPoolExecutor.runWorker(ThreadPoolExecutor.java:1134)
        at java.util.concurrent.ThreadPoolExecutor$Worker.run(ThreadPoolExecutor.java:624)
        at java.lang.Thread.run(Thread.java:748)
"IPC Server handler 3 on 41091" daemon prio=5 tid=118 timed_waiting
java.lang.Thread.State: TIMED_WAITING
        at sun.misc.Unsafe.park(Native Method)
        at java.util.concurrent.locks.LockSupport.parkNanos(LockSupport.java:215)
        at java.util.concurrent.locks.AbstractQueuedSynchronizer$ConditionObject.awaitNanos(AbstractQueuedSynchronizer.java:2078)
        at java.util.concurrent.LinkedBlockingQueue.poll(LinkedBlockingQueue.java:467)
        at org.apache.hadoop.ipc.CallQueueManager.take(CallQueueManager.java:288)
        at org.apache.hadoop.ipc.Server$Handler.run(Server.java:2668)
"pool-26-thread-30"  prio=5 tid=374 in Object.wait()
java.lang.Thread.State: WAITING (on object monitor)
        at sun.misc.Unsafe.park(Native Method)
        at java.util.concurrent.locks.LockSupport.park(LockSupport.java:175)
        at java.util.concurrent.locks.AbstractQueuedSynchronizer$ConditionObject.await(AbstractQueuedSynchronizer.java:2039)
        at java.util.concurrent.ArrayBlockingQueue.take(ArrayBlockingQueue.java:403)
        at java.util.concurrent.ThreadPoolExecutor.getTask(ThreadPoolExecutor.java:1074)
        at java.util.concurrent.ThreadPoolExecutor.runWorker(ThreadPoolExecutor.java:1134)
        at java.util.concurrent.ThreadPoolExecutor$Worker.run(ThreadPoolExecutor.java:624)
        at java.lang.Thread.run(Thread.java:748)
"IPC Server handler 2 on 33888" daemon prio=5 tid=32 timed_waiting
java.lang.Thread.State: TIMED_WAITING
        at sun.misc.Unsafe.park(Native Method)
        at java.util.concurrent.locks.LockSupport.parkNanos(LockSupport.java:215)
        at java.util.concurrent.locks.AbstractQueuedSynchronizer$ConditionObject.awaitNanos(AbstractQueuedSynchronizer.java:2078)
        at java.util.concurrent.LinkedBlockingQueue.poll(LinkedBlockingQueue.java:467)
        at org.apache.hadoop.ipc.CallQueueManager.take(CallQueueManager.java:288)
        at org.apache.hadoop.ipc.Server$Handler.run(Server.java:2668)
"metrics-hadoop-metrics2-reporter-31-thread-1" daemon prio=5 tid=783 timed_waiting
java.lang.Thread.State: TIMED_WAITING
        at sun.misc.Unsafe.park(Native Method)
        at java.util.concurrent.locks.LockSupport.parkNanos(LockSupport.java:215)
        at java.util.concurrent.locks.AbstractQueuedSynchronizer$ConditionObject.awaitNanos(AbstractQueuedSynchronizer.java:2078)
        at java.util.concurrent.ScheduledThreadPoolExecutor$DelayedWorkQueue.take(ScheduledThreadPoolExecutor.java:1093)
        at java.util.concurrent.ScheduledThreadPoolExecutor$DelayedWorkQueue.take(ScheduledThreadPoolExecutor.java:809)
        at java.util.concurrent.ThreadPoolExecutor.getTask(ThreadPoolExecutor.java:1074)
        at java.util.concurrent.ThreadPoolExecutor.runWorker(ThreadPoolExecutor.java:1134)
        at java.util.concurrent.ThreadPoolExecutor$Worker.run(ThreadPoolExecutor.java:624)
        at java.lang.Thread.run(Thread.java:748)
"pool-46-thread-22"  prio=5 tid=456 in Object.wait()
java.lang.Thread.State: WAITING (on object monitor)
        at sun.misc.Unsafe.park(Native Method)
        at java.util.concurrent.locks.LockSupport.park(LockSupport.java:175)
        at java.util.concurrent.locks.AbstractQueuedSynchronizer$ConditionObject.await(AbstractQueuedSynchronizer.java:2039)
        at java.util.concurrent.ArrayBlockingQueue.take(ArrayBlockingQueue.java:403)
        at java.util.concurrent.ThreadPoolExecutor.getTask(ThreadPoolExecutor.java:1074)
        at java.util.concurrent.ThreadPoolExecutor.runWorker(ThreadPoolExecutor.java:1134)
        at java.util.concurrent.ThreadPoolExecutor$Worker.run(ThreadPoolExecutor.java:624)
        at java.lang.Thread.run(Thread.java:748)
"java.util.concurrent.ThreadPoolExecutor$Worker@4de311d6[State = -1, empty queue]" daemon prio=5 tid=1034 timed_waiting
java.lang.Thread.State: TIMED_WAITING
        at sun.misc.Unsafe.park(Native Method)
        at java.util.concurrent.locks.LockSupport.parkNanos(LockSupport.java:215)
        at java.util.concurrent.locks.AbstractQueuedSynchronizer$ConditionObject.awaitNanos(AbstractQueuedSynchronizer.java:2078)
        at java.util.concurrent.ScheduledThreadPoolExecutor$DelayedWorkQueue.take(ScheduledThreadPoolExecutor.java:1093)
        at java.util.concurrent.ScheduledThreadPoolExecutor$DelayedWorkQueue.take(ScheduledThreadPoolExecutor.java:809)
        at java.util.concurrent.ThreadPoolExecutor.getTask(ThreadPoolExecutor.java:1074)
        at java.util.concurrent.ThreadPoolExecutor.runWorker(ThreadPoolExecutor.java:1134)
        at java.util.concurrent.ThreadPoolExecutor$Worker.run(ThreadPoolExecutor.java:624)
        at java.lang.Thread.run(Thread.java:748)
"org.apache.hadoop.util.JvmPauseMonitor$Monitor@6bdf36b4" daemon prio=5 tid=285 timed_waiting
java.lang.Thread.State: TIMED_WAITING
        at java.lang.Thread.sleep(Native Method)
        at org.apache.hadoop.util.JvmPauseMonitor$Monitor.run(JvmPauseMonitor.java:192)
        at java.lang.Thread.run(Thread.java:748)
"pool-56-thread-2"  prio=5 tid=497 in Object.wait()
java.lang.Thread.State: WAITING (on object monitor)
        at sun.misc.Unsafe.park(Native Method)
        at java.util.concurrent.locks.LockSupport.park(LockSupport.java:175)
        at java.util.concurrent.locks.AbstractQueuedSynchronizer$ConditionObject.await(AbstractQueuedSynchronizer.java:2039)
        at java.util.concurrent.ArrayBlockingQueue.take(ArrayBlockingQueue.java:403)
        at java.util.concurrent.ThreadPoolExecutor.getTask(ThreadPoolExecutor.java:1074)
        at java.util.concurrent.ThreadPoolExecutor.runWorker(ThreadPoolExecutor.java:1134)
        at java.util.concurrent.ThreadPoolExecutor$Worker.run(ThreadPoolExecutor.java:624)
        at java.lang.Thread.run(Thread.java:748)
"refreshUsed-/workdir/hadoop-ozone/integration-test/target/test-dir/MiniOzoneClusterImpl-58fc3ecd-0fbd-4e7b-a09c-4106a93dde4d/datanode-1/data/containers" daemon prio=5 tid=182 timed_waiting
java.lang.Thread.State: TIMED_WAITING
        at java.lang.Thread.sleep(Native Method)
        at org.apache.hadoop.fs.CachingGetSpaceUsed$RefreshThread.run(CachingGetSpaceUsed.java:179)
        at java.lang.Thread.run(Thread.java:748)
"qtp64027122-161-acceptor-0@63a2715e-ServerConnector@af153ab{HTTP/1.1,[http/1.1]}{0.0.0.0:40543}" daemon prio=3 tid=161 runnable
java.lang.Thread.State: RUNNABLE
        at sun.nio.ch.ServerSocketChannelImpl.accept0(Native Method)
        at sun.nio.ch.ServerSocketChannelImpl.accept(ServerSocketChannelImpl.java:422)
        at sun.nio.ch.ServerSocketChannelImpl.accept(ServerSocketChannelImpl.java:250)
        at org.eclipse.jetty.server.ServerConnector.accept(ServerConnector.java:397)
        at org.eclipse.jetty.server.AbstractConnector$Acceptor.run(AbstractConnector.java:601)
        at org.eclipse.jetty.util.thread.QueuedThreadPool.runJob(QueuedThreadPool.java:671)
        at org.eclipse.jetty.util.thread.QueuedThreadPool$2.run(QueuedThreadPool.java:589)
        at java.lang.Thread.run(Thread.java:748)
"grpc-default-executor-5" daemon prio=5 tid=990 timed_waiting
java.lang.Thread.State: TIMED_WAITING
        at sun.misc.Unsafe.park(Native Method)
        at java.util.concurrent.locks.LockSupport.parkNanos(LockSupport.java:215)
        at java.util.concurrent.SynchronousQueue$TransferStack.awaitFulfill(SynchronousQueue.java:460)
        at java.util.concurrent.SynchronousQueue$TransferStack.transfer(SynchronousQueue.java:362)
        at java.util.concurrent.SynchronousQueue.poll(SynchronousQueue.java:941)
        at java.util.concurrent.ThreadPoolExecutor.getTask(ThreadPoolExecutor.java:1073)
        at java.util.concurrent.ThreadPoolExecutor.runWorker(ThreadPoolExecutor.java:1134)
        at java.util.concurrent.ThreadPoolExecutor$Worker.run(ThreadPoolExecutor.java:624)
        at java.lang.Thread.run(Thread.java:748)
"metrics-hadoop-metrics2-reporter-23-thread-1" daemon prio=5 tid=755 timed_waiting
java.lang.Thread.State: TIMED_WAITING
        at sun.misc.Unsafe.park(Native Method)
        at java.util.concurrent.locks.LockSupport.parkNanos(LockSupport.java:215)
        at java.util.concurrent.locks.AbstractQueuedSynchronizer$ConditionObject.awaitNanos(AbstractQueuedSynchronizer.java:2078)
        at java.util.concurrent.ScheduledThreadPoolExecutor$DelayedWorkQueue.take(ScheduledThreadPoolExecutor.java:1093)
        at java.util.concurrent.ScheduledThreadPoolExecutor$DelayedWorkQueue.take(ScheduledThreadPoolExecutor.java:809)
        at java.util.concurrent.ThreadPoolExecutor.getTask(ThreadPoolExecutor.java:1074)
        at java.util.concurrent.ThreadPoolExecutor.runWorker(ThreadPoolExecutor.java:1134)
        at java.util.concurrent.ThreadPoolExecutor$Worker.run(ThreadPoolExecutor.java:624)
        at java.lang.Thread.run(Thread.java:748)
"qtp689037899-298" daemon prio=5 tid=298 timed_waiting
java.lang.Thread.State: TIMED_WAITING
        at sun.misc.Unsafe.park(Native Method)
        at java.util.concurrent.locks.LockSupport.parkNanos(LockSupport.java:215)
        at java.util.concurrent.locks.AbstractQueuedSynchronizer$ConditionObject.awaitNanos(AbstractQueuedSynchronizer.java:2078)
        at org.eclipse.jetty.util.BlockingArrayQueue.poll(BlockingArrayQueue.java:392)
        at org.eclipse.jetty.util.thread.QueuedThreadPool.idleJobPoll(QueuedThreadPool.java:563)
        at org.eclipse.jetty.util.thread.QueuedThreadPool.access$800(QueuedThreadPool.java:48)
        at org.eclipse.jetty.util.thread.QueuedThreadPool$2.run(QueuedThreadPool.java:626)
        at java.lang.Thread.run(Thread.java:748)
"IPC Server handler 15 on 35347" daemon prio=5 tid=85 timed_waiting
java.lang.Thread.State: TIMED_WAITING
        at sun.misc.Unsafe.park(Native Method)
        at java.util.concurrent.locks.LockSupport.parkNanos(LockSupport.java:215)
        at java.util.concurrent.locks.AbstractQueuedSynchronizer$ConditionObject.awaitNanos(AbstractQueuedSynchronizer.java:2078)
        at java.util.concurrent.LinkedBlockingQueue.poll(LinkedBlockingQueue.java:467)
        at org.apache.hadoop.ipc.CallQueueManager.take(CallQueueManager.java:288)
        at org.apache.hadoop.ipc.Server$Handler.run(Server.java:2668)
"pool-26-thread-41"  prio=5 tid=396 in Object.wait()
java.lang.Thread.State: WAITING (on object monitor)
        at sun.misc.Unsafe.park(Native Method)
        at java.util.concurrent.locks.LockSupport.park(LockSupport.java:175)
        at java.util.concurrent.locks.AbstractQueuedSynchronizer$ConditionObject.await(AbstractQueuedSynchronizer.java:2039)
        at java.util.concurrent.ArrayBlockingQueue.take(ArrayBlockingQueue.java:403)
        at java.util.concurrent.ThreadPoolExecutor.getTask(ThreadPoolExecutor.java:1074)
        at java.util.concurrent.ThreadPoolExecutor.runWorker(ThreadPoolExecutor.java:1134)
        at java.util.concurrent.ThreadPoolExecutor$Worker.run(ThreadPoolExecutor.java:624)
        at java.lang.Thread.run(Thread.java:748)
"IPC Server handler 2 on 41091" daemon prio=5 tid=117 timed_waiting
java.lang.Thread.State: TIMED_WAITING
        at sun.misc.Unsafe.park(Native Method)
        at java.util.concurrent.locks.LockSupport.parkNanos(LockSupport.java:215)
        at java.util.concurrent.locks.AbstractQueuedSynchronizer$ConditionObject.awaitNanos(AbstractQueuedSynchronizer.java:2078)
        at java.util.concurrent.LinkedBlockingQueue.poll(LinkedBlockingQueue.java:467)
        at org.apache.hadoop.ipc.CallQueueManager.take(CallQueueManager.java:288)
        at org.apache.hadoop.ipc.Server$Handler.run(Server.java:2668)
"qtp92143380-268" daemon prio=5 tid=268 runnable
java.lang.Thread.State: RUNNABLE
        at sun.nio.ch.EPollArrayWrapper.epollWait(Native Method)
        at sun.nio.ch.EPollArrayWrapper.poll(EPollArrayWrapper.java:269)
        at sun.nio.ch.EPollSelectorImpl.doSelect(EPollSelectorImpl.java:93)
        at sun.nio.ch.SelectorImpl.lockAndDoSelect(SelectorImpl.java:86)
        at sun.nio.ch.SelectorImpl.select(SelectorImpl.java:97)
        at sun.nio.ch.SelectorImpl.select(SelectorImpl.java:101)
        at org.eclipse.jetty.io.ManagedSelector$SelectorProducer.select(ManagedSelector.java:243)
        at org.eclipse.jetty.io.ManagedSelector$SelectorProducer.produce(ManagedSelector.java:191)
        at org.eclipse.jetty.util.thread.strategy.ExecuteProduceConsume.executeProduceConsume(ExecuteProduceConsume.java:249)
        at org.eclipse.jetty.util.thread.strategy.ExecuteProduceConsume.produceConsume(ExecuteProduceConsume.java:148)
        at org.eclipse.jetty.util.thread.strategy.ExecuteProduceConsume.execute(ExecuteProduceConsume.java:100)
        at org.eclipse.jetty.io.ManagedSelector.run(ManagedSelector.java:147)
        at org.eclipse.jetty.util.thread.QueuedThreadPool.runJob(QueuedThreadPool.java:671)
        at org.eclipse.jetty.util.thread.QueuedThreadPool$2.run(QueuedThreadPool.java:589)
        at java.lang.Thread.run(Thread.java:748)
"Datanode ReportManager Thread - 1" daemon prio=5 tid=227 timed_waiting
java.lang.Thread.State: TIMED_WAITING
        at sun.misc.Unsafe.park(Native Method)
        at java.util.concurrent.locks.LockSupport.parkNanos(LockSupport.java:215)
        at java.util.concurrent.locks.AbstractQueuedSynchronizer$ConditionObject.awaitNanos(AbstractQueuedSynchronizer.java:2078)
        at java.util.concurrent.ScheduledThreadPoolExecutor$DelayedWorkQueue.take(ScheduledThreadPoolExecutor.java:1093)
        at java.util.concurrent.ScheduledThreadPoolExecutor$DelayedWorkQueue.take(ScheduledThreadPoolExecutor.java:809)
        at java.util.concurrent.ThreadPoolExecutor.getTask(ThreadPoolExecutor.java:1074)
        at java.util.concurrent.ThreadPoolExecutor.runWorker(ThreadPoolExecutor.java:1134)
        at java.util.concurrent.ThreadPoolExecutor$Worker.run(ThreadPoolExecutor.java:624)
        at java.lang.Thread.run(Thread.java:748)
"metrics-hadoop-metrics2-reporter-59-thread-1" daemon prio=5 tid=932 timed_waiting
java.lang.Thread.State: TIMED_WAITING
        at sun.misc.Unsafe.park(Native Method)
        at java.util.concurrent.locks.LockSupport.parkNanos(LockSupport.java:215)
        at java.util.concurrent.locks.AbstractQueuedSynchronizer$ConditionObject.awaitNanos(AbstractQueuedSynchronizer.java:2078)
        at java.util.concurrent.ScheduledThreadPoolExecutor$DelayedWorkQueue.take(ScheduledThreadPoolExecutor.java:1093)
        at java.util.concurrent.ScheduledThreadPoolExecutor$DelayedWorkQueue.take(ScheduledThreadPoolExecutor.java:809)
        at java.util.concurrent.ThreadPoolExecutor.getTask(ThreadPoolExecutor.java:1074)
        at java.util.concurrent.ThreadPoolExecutor.runWorker(ThreadPoolExecutor.java:1134)
        at java.util.concurrent.ThreadPoolExecutor$Worker.run(ThreadPoolExecutor.java:624)
        at java.lang.Thread.run(Thread.java:748)
"Periodic HDDS volume checker"  prio=5 tid=177 timed_waiting
java.lang.Thread.State: TIMED_WAITING
        at sun.misc.Unsafe.park(Native Method)
        at java.util.concurrent.locks.LockSupport.parkNanos(LockSupport.java:215)
        at java.util.concurrent.locks.AbstractQueuedSynchronizer$ConditionObject.awaitNanos(AbstractQueuedSynchronizer.java:2078)
        at java.util.concurrent.ScheduledThreadPoolExecutor$DelayedWorkQueue.take(ScheduledThreadPoolExecutor.java:1093)
        at java.util.concurrent.ScheduledThreadPoolExecutor$DelayedWorkQueue.take(ScheduledThreadPoolExecutor.java:809)
        at java.util.concurrent.ThreadPoolExecutor.getTask(ThreadPoolExecutor.java:1074)
        at java.util.concurrent.ThreadPoolExecutor.runWorker(ThreadPoolExecutor.java:1134)
        at java.util.concurrent.ThreadPoolExecutor$Worker.run(ThreadPoolExecutor.java:624)
        at java.lang.Thread.run(Thread.java:748)
"DataNode DiskChecker thread 0" daemon prio=5 tid=156 timed_waiting
java.lang.Thread.State: TIMED_WAITING
        at sun.misc.Unsafe.park(Native Method)
        at java.util.concurrent.locks.LockSupport.parkNanos(LockSupport.java:215)
        at java.util.concurrent.SynchronousQueue$TransferStack.awaitFulfill(SynchronousQueue.java:460)
        at java.util.concurrent.SynchronousQueue$TransferStack.transfer(SynchronousQueue.java:362)
        at java.util.concurrent.SynchronousQueue.poll(SynchronousQueue.java:941)
        at java.util.concurrent.ThreadPoolExecutor.getTask(ThreadPoolExecutor.java:1073)
        at java.util.concurrent.ThreadPoolExecutor.runWorker(ThreadPoolExecutor.java:1134)
        at java.util.concurrent.ThreadPoolExecutor$Worker.run(ThreadPoolExecutor.java:624)
        at java.lang.Thread.run(Thread.java:748)
"grpc-default-executor-1" daemon prio=5 tid=774 timed_waiting
java.lang.Thread.State: TIMED_WAITING
        at sun.misc.Unsafe.park(Native Method)
        at java.util.concurrent.locks.LockSupport.parkNanos(LockSupport.java:215)
        at java.util.concurrent.SynchronousQueue$TransferStack.awaitFulfill(SynchronousQueue.java:460)
        at java.util.concurrent.SynchronousQueue$TransferStack.transfer(SynchronousQueue.java:362)
        at java.util.concurrent.SynchronousQueue.poll(SynchronousQueue.java:941)
        at java.util.concurrent.ThreadPoolExecutor.getTask(ThreadPoolExecutor.java:1073)
        at java.util.concurrent.ThreadPoolExecutor.runWorker(ThreadPoolExecutor.java:1134)
        at java.util.concurrent.ThreadPoolExecutor$Worker.run(ThreadPoolExecutor.java:624)
        at java.lang.Thread.run(Thread.java:748)
"Datanode State Machine Thread - 0" daemon prio=5 tid=313 timed_waiting
java.lang.Thread.State: TIMED_WAITING
        at sun.misc.Unsafe.park(Native Method)
        at java.util.concurrent.locks.LockSupport.parkNanos(LockSupport.java:215)
        at java.util.concurrent.SynchronousQueue$TransferStack.awaitFulfill(SynchronousQueue.java:460)
        at java.util.concurrent.SynchronousQueue$TransferStack.transfer(SynchronousQueue.java:362)
        at java.util.concurrent.SynchronousQueue.poll(SynchronousQueue.java:941)
        at java.util.concurrent.ThreadPoolExecutor.getTask(ThreadPoolExecutor.java:1073)
        at java.util.concurrent.ThreadPoolExecutor.runWorker(ThreadPoolExecutor.java:1134)
        at java.util.concurrent.ThreadPoolExecutor$Worker.run(ThreadPoolExecutor.java:624)
        at java.lang.Thread.run(Thread.java:748)
"Datanode State Machine Thread - 0" daemon prio=5 tid=279 timed_waiting
java.lang.Thread.State: TIMED_WAITING
        at java.lang.Thread.sleep(Native Method)
        at org.apache.hadoop.ozone.container.common.statemachine.DatanodeStateMachine.start(DatanodeStateMachine.java:191)
        at org.apache.hadoop.ozone.container.common.statemachine.DatanodeStateMachine.lambda$startDaemon$0(DatanodeStateMachine.java:349)
        at org.apache.hadoop.ozone.container.common.statemachine.DatanodeStateMachine$$Lambda$140/532411881.run(Unknown Source)
        at java.lang.Thread.run(Thread.java:748)
"6fa005cd-25d6-4e29-bda6-9462a060c098@group-BAC069DAEF17-SegmentedRaftLogWorker"  prio=5 tid=957 timed_waiting
java.lang.Thread.State: TIMED_WAITING
        at sun.misc.Unsafe.park(Native Method)
        at java.util.concurrent.locks.LockSupport.parkNanos(LockSupport.java:215)
        at java.util.concurrent.locks.AbstractQueuedSynchronizer$ConditionObject.awaitNanos(AbstractQueuedSynchronizer.java:2078)
        at org.apache.ratis.util.DataBlockingQueue.poll(DataBlockingQueue.java:137)
        at org.apache.ratis.server.raftlog.segmented.SegmentedRaftLogWorker.run(SegmentedRaftLogWorker.java:282)
        at java.lang.Thread.run(Thread.java:748)
"pool-56-thread-1"  prio=5 tid=496 in Object.wait()
java.lang.Thread.State: WAITING (on object monitor)
        at sun.misc.Unsafe.park(Native Method)
        at java.util.concurrent.locks.LockSupport.park(LockSupport.java:175)
        at java.util.concurrent.locks.AbstractQueuedSynchronizer$ConditionObject.await(AbstractQueuedSynchronizer.java:2039)
        at java.util.concurrent.ArrayBlockingQueue.take(ArrayBlockingQueue.java:403)
        at java.util.concurrent.ThreadPoolExecutor.getTask(ThreadPoolExecutor.java:1074)
        at java.util.concurrent.ThreadPoolExecutor.runWorker(ThreadPoolExecutor.java:1134)
        at java.util.concurrent.ThreadPoolExecutor$Worker.run(ThreadPoolExecutor.java:624)
        at java.lang.Thread.run(Thread.java:748)
"IPC Server handler 1 on 33888" daemon prio=5 tid=31 timed_waiting
java.lang.Thread.State: TIMED_WAITING
        at sun.misc.Unsafe.park(Native Method)
        at java.util.concurrent.locks.LockSupport.parkNanos(LockSupport.java:215)
        at java.util.concurrent.locks.AbstractQueuedSynchronizer$ConditionObject.awaitNanos(AbstractQueuedSynchronizer.java:2078)
        at java.util.concurrent.LinkedBlockingQueue.poll(LinkedBlockingQueue.java:467)
        at org.apache.hadoop.ipc.CallQueueManager.take(CallQueueManager.java:288)
        at org.apache.hadoop.ipc.Server$Handler.run(Server.java:2668)
"pool-36-thread-8"  prio=5 tid=332 in Object.wait()
java.lang.Thread.State: WAITING (on object monitor)
        at sun.misc.Unsafe.park(Native Method)
        at java.util.concurrent.locks.LockSupport.park(LockSupport.java:175)
        at java.util.concurrent.locks.AbstractQueuedSynchronizer$ConditionObject.await(AbstractQueuedSynchronizer.java:2039)
        at java.util.concurrent.ArrayBlockingQueue.take(ArrayBlockingQueue.java:403)
        at java.util.concurrent.ThreadPoolExecutor.getTask(ThreadPoolExecutor.java:1074)
        at java.util.concurrent.ThreadPoolExecutor.runWorker(ThreadPoolExecutor.java:1134)
        at java.util.concurrent.ThreadPoolExecutor$Worker.run(ThreadPoolExecutor.java:624)
        at java.lang.Thread.run(Thread.java:748)
"IPC Server handler 12 on 33888" daemon prio=5 tid=42 timed_waiting
java.lang.Thread.State: TIMED_WAITING
        at sun.misc.Unsafe.park(Native Method)
        at java.util.concurrent.locks.LockSupport.parkNanos(LockSupport.java:215)
        at java.util.concurrent.locks.AbstractQueuedSynchronizer$ConditionObject.awaitNanos(AbstractQueuedSynchronizer.java:2078)
        at java.util.concurrent.LinkedBlockingQueue.poll(LinkedBlockingQueue.java:467)
        at org.apache.hadoop.ipc.CallQueueManager.take(CallQueueManager.java:288)
        at org.apache.hadoop.ipc.Server$Handler.run(Server.java:2668)
"pool-56-thread-13"  prio=5 tid=511 in Object.wait()
java.lang.Thread.State: WAITING (on object monitor)
        at sun.misc.Unsafe.park(Native Method)
        at java.util.concurrent.locks.LockSupport.park(LockSupport.java:175)
        at java.util.concurrent.locks.AbstractQueuedSynchronizer$ConditionObject.await(AbstractQueuedSynchronizer.java:2039)
        at java.util.concurrent.ArrayBlockingQueue.take(ArrayBlockingQueue.java:403)
        at java.util.concurrent.ThreadPoolExecutor.getTask(ThreadPoolExecutor.java:1074)
        at java.util.concurrent.ThreadPoolExecutor.runWorker(ThreadPoolExecutor.java:1134)
        at java.util.concurrent.ThreadPoolExecutor$Worker.run(ThreadPoolExecutor.java:624)
        at java.lang.Thread.run(Thread.java:748)
"metrics-hadoop-metrics2-reporter-49-thread-1" daemon prio=5 tid=886 timed_waiting
java.lang.Thread.State: TIMED_WAITING
        at sun.misc.Unsafe.park(Native Method)
        at java.util.concurrent.locks.LockSupport.parkNanos(LockSupport.java:215)
        at java.util.concurrent.locks.AbstractQueuedSynchronizer$ConditionObject.awaitNanos(AbstractQueuedSynchronizer.java:2078)
        at java.util.concurrent.ScheduledThreadPoolExecutor$DelayedWorkQueue.take(ScheduledThreadPoolExecutor.java:1093)
        at java.util.concurrent.ScheduledThreadPoolExecutor$DelayedWorkQueue.take(ScheduledThreadPoolExecutor.java:809)
        at java.util.concurrent.ThreadPoolExecutor.getTask(ThreadPoolExecutor.java:1074)
        at java.util.concurrent.ThreadPoolExecutor.runWorker(ThreadPoolExecutor.java:1134)
        at java.util.concurrent.ThreadPoolExecutor$Worker.run(ThreadPoolExecutor.java:624)
        at java.lang.Thread.run(Thread.java:748)
"Datanode ReportManager Thread - 3" daemon prio=5 tid=256 in Object.wait()
java.lang.Thread.State: WAITING (on object monitor)
        at sun.misc.Unsafe.park(Native Method)
        at java.util.concurrent.locks.LockSupport.park(LockSupport.java:175)
        at java.util.concurrent.locks.AbstractQueuedSynchronizer$ConditionObject.await(AbstractQueuedSynchronizer.java:2039)
        at java.util.concurrent.ScheduledThreadPoolExecutor$DelayedWorkQueue.take(ScheduledThreadPoolExecutor.java:1088)
        at java.util.concurrent.ScheduledThreadPoolExecutor$DelayedWorkQueue.take(ScheduledThreadPoolExecutor.java:809)
        at java.util.concurrent.ThreadPoolExecutor.getTask(ThreadPoolExecutor.java:1074)
        at java.util.concurrent.ThreadPoolExecutor.runWorker(ThreadPoolExecutor.java:1134)
        at java.util.concurrent.ThreadPoolExecutor$Worker.run(ThreadPoolExecutor.java:624)
        at java.lang.Thread.run(Thread.java:748)
"IPC Server handler 13 on 35347" daemon prio=5 tid=83 timed_waiting
java.lang.Thread.State: TIMED_WAITING
        at sun.misc.Unsafe.park(Native Method)
        at java.util.concurrent.locks.LockSupport.parkNanos(LockSupport.java:215)
        at java.util.concurrent.locks.AbstractQueuedSynchronizer$ConditionObject.awaitNanos(AbstractQueuedSynchronizer.java:2078)
        at java.util.concurrent.LinkedBlockingQueue.poll(LinkedBlockingQueue.java:467)
        at org.apache.hadoop.ipc.CallQueueManager.take(CallQueueManager.java:288)
        at org.apache.hadoop.ipc.Server$Handler.run(Server.java:2668)
"Datanode ReportManager Thread - 3" daemon prio=5 tid=202 in Object.wait()
java.lang.Thread.State: WAITING (on object monitor)
        at sun.misc.Unsafe.park(Native Method)
        at java.util.concurrent.locks.LockSupport.park(LockSupport.java:175)
        at java.util.concurrent.locks.AbstractQueuedSynchronizer$ConditionObject.await(AbstractQueuedSynchronizer.java:2039)
        at java.util.concurrent.ScheduledThreadPoolExecutor$DelayedWorkQueue.take(ScheduledThreadPoolExecutor.java:1088)
        at java.util.concurrent.ScheduledThreadPoolExecutor$DelayedWorkQueue.take(ScheduledThreadPoolExecutor.java:809)
        at java.util.concurrent.ThreadPoolExecutor.getTask(ThreadPoolExecutor.java:1074)
        at java.util.concurrent.ThreadPoolExecutor.runWorker(ThreadPoolExecutor.java:1134)
        at java.util.concurrent.ThreadPoolExecutor$Worker.run(ThreadPoolExecutor.java:624)
        at java.lang.Thread.run(Thread.java:748)
"qtp689037899-301" daemon prio=5 tid=301 timed_waiting
java.lang.Thread.State: TIMED_WAITING
        at sun.misc.Unsafe.park(Native Method)
        at java.util.concurrent.locks.LockSupport.parkNanos(LockSupport.java:215)
        at java.util.concurrent.locks.AbstractQueuedSynchronizer$ConditionObject.awaitNanos(AbstractQueuedSynchronizer.java:2078)
        at org.eclipse.jetty.util.BlockingArrayQueue.poll(BlockingArrayQueue.java:392)
        at org.eclipse.jetty.util.thread.QueuedThreadPool.idleJobPoll(QueuedThreadPool.java:563)
        at org.eclipse.jetty.util.thread.QueuedThreadPool.access$800(QueuedThreadPool.java:48)
        at org.eclipse.jetty.util.thread.QueuedThreadPool$2.run(QueuedThreadPool.java:626)
        at java.lang.Thread.run(Thread.java:748)
"6fa005cd-25d6-4e29-bda6-9462a060c098@group-B1CC1EDC98E5-StateMachineUpdater" daemon prio=5 tid=705 in Object.wait()
java.lang.Thread.State: WAITING (on object monitor)
        at java.lang.Object.wait(Native Method)
        at java.lang.Object.wait(Object.java:502)
        at org.apache.ratis.server.impl.StateMachineUpdater.waitForCommit(StateMachineUpdater.java:194)
        at org.apache.ratis.server.impl.StateMachineUpdater.run(StateMachineUpdater.java:159)
        at java.lang.Thread.run(Thread.java:748)
"pool-66-thread-41"  prio=5 tid=604 in Object.wait()
java.lang.Thread.State: WAITING (on object monitor)
        at sun.misc.Unsafe.park(Native Method)
        at java.util.concurrent.locks.LockSupport.park(LockSupport.java:175)
        at java.util.concurrent.locks.AbstractQueuedSynchronizer$ConditionObject.await(AbstractQueuedSynchronizer.java:2039)
        at java.util.concurrent.ArrayBlockingQueue.take(ArrayBlockingQueue.java:403)
        at java.util.concurrent.ThreadPoolExecutor.getTask(ThreadPoolExecutor.java:1074)
        at java.util.concurrent.ThreadPoolExecutor.runWorker(ThreadPoolExecutor.java:1134)
        at java.util.concurrent.ThreadPoolExecutor$Worker.run(ThreadPoolExecutor.java:624)
        at java.lang.Thread.run(Thread.java:748)
"IPC Server handler 0 on 33888" daemon prio=5 tid=30 timed_waiting
java.lang.Thread.State: TIMED_WAITING
        at sun.misc.Unsafe.park(Native Method)
        at java.util.concurrent.locks.LockSupport.parkNanos(LockSupport.java:215)
        at java.util.concurrent.locks.AbstractQueuedSynchronizer$ConditionObject.awaitNanos(AbstractQueuedSynchronizer.java:2078)
        at java.util.concurrent.LinkedBlockingQueue.poll(LinkedBlockingQueue.java:467)
        at org.apache.hadoop.ipc.CallQueueManager.take(CallQueueManager.java:288)
        at org.apache.hadoop.ipc.Server$Handler.run(Server.java:2668)
"pool-46-thread-45"  prio=5 tid=479 in Object.wait()
java.lang.Thread.State: WAITING (on object monitor)
        at sun.misc.Unsafe.park(Native Method)
        at java.util.concurrent.locks.LockSupport.park(LockSupport.java:175)
        at java.util.concurrent.locks.AbstractQueuedSynchronizer$ConditionObject.await(AbstractQueuedSynchronizer.java:2039)
        at java.util.concurrent.ArrayBlockingQueue.take(ArrayBlockingQueue.java:403)
        at java.util.concurrent.ThreadPoolExecutor.getTask(ThreadPoolExecutor.java:1074)
        at java.util.concurrent.ThreadPoolExecutor.runWorker(ThreadPoolExecutor.java:1134)
        at java.util.concurrent.ThreadPoolExecutor$Worker.run(ThreadPoolExecutor.java:624)
        at java.lang.Thread.run(Thread.java:748)
"qtp668854338-92" daemon prio=5 tid=92 timed_waiting
java.lang.Thread.State: TIMED_WAITING
        at sun.misc.Unsafe.park(Native Method)
        at java.util.concurrent.locks.LockSupport.parkNanos(LockSupport.java:215)
        at java.util.concurrent.locks.AbstractQueuedSynchronizer$ConditionObject.awaitNanos(AbstractQueuedSynchronizer.java:2078)
        at org.eclipse.jetty.util.BlockingArrayQueue.poll(BlockingArrayQueue.java:392)
        at org.eclipse.jetty.util.thread.QueuedThreadPool.idleJobPoll(QueuedThreadPool.java:563)
        at org.eclipse.jetty.util.thread.QueuedThreadPool.access$800(QueuedThreadPool.java:48)
        at org.eclipse.jetty.util.thread.QueuedThreadPool$2.run(QueuedThreadPool.java:626)
        at java.lang.Thread.run(Thread.java:748)
"metrics-hadoop-metrics2-reporter-43-thread-1" daemon prio=5 tid=834 timed_waiting
java.lang.Thread.State: TIMED_WAITING
        at sun.misc.Unsafe.park(Native Method)
        at java.util.concurrent.locks.LockSupport.parkNanos(LockSupport.java:215)
        at java.util.concurrent.locks.AbstractQueuedSynchronizer$ConditionObject.awaitNanos(AbstractQueuedSynchronizer.java:2078)
        at java.util.concurrent.ScheduledThreadPoolExecutor$DelayedWorkQueue.take(ScheduledThreadPoolExecutor.java:1093)
        at java.util.concurrent.ScheduledThreadPoolExecutor$DelayedWorkQueue.take(ScheduledThreadPoolExecutor.java:809)
        at java.util.concurrent.ThreadPoolExecutor.getTask(ThreadPoolExecutor.java:1074)
        at java.util.concurrent.ThreadPoolExecutor.runWorker(ThreadPoolExecutor.java:1134)
        at java.util.concurrent.ThreadPoolExecutor$Worker.run(ThreadPoolExecutor.java:624)
        at java.lang.Thread.run(Thread.java:748)
"surefire-forkedjvm-ping-30s" daemon prio=5 tid=9 timed_waiting
java.lang.Thread.State: TIMED_WAITING
        at sun.misc.Unsafe.park(Native Method)
        at java.util.concurrent.locks.LockSupport.parkNanos(LockSupport.java:215)
        at java.util.concurrent.locks.AbstractQueuedSynchronizer$ConditionObject.awaitNanos(AbstractQueuedSynchronizer.java:2078)
        at java.util.concurrent.ScheduledThreadPoolExecutor$DelayedWorkQueue.take(ScheduledThreadPoolExecutor.java:1093)
        at java.util.concurrent.ScheduledThreadPoolExecutor$DelayedWorkQueue.take(ScheduledThreadPoolExecutor.java:809)
        at java.util.concurrent.ThreadPoolExecutor.getTask(ThreadPoolExecutor.java:1074)
        at java.util.concurrent.ThreadPoolExecutor.runWorker(ThreadPoolExecutor.java:1134)
        at java.util.concurrent.ThreadPoolExecutor$Worker.run(ThreadPoolExecutor.java:624)
        at java.lang.Thread.run(Thread.java:748)
"pool-37-thread-1"  prio=5 tid=736 in Object.wait()
java.lang.Thread.State: WAITING (on object monitor)
        at sun.misc.Unsafe.park(Native Method)
        at java.util.concurrent.locks.LockSupport.park(LockSupport.java:175)
        at java.util.concurrent.locks.AbstractQueuedSynchronizer$ConditionObject.await(AbstractQueuedSynchronizer.java:2039)
        at java.util.concurrent.LinkedBlockingQueue.take(LinkedBlockingQueue.java:442)
        at java.util.concurrent.ThreadPoolExecutor.getTask(ThreadPoolExecutor.java:1074)
        at java.util.concurrent.ThreadPoolExecutor.runWorker(ThreadPoolExecutor.java:1134)
        at java.util.concurrent.ThreadPoolExecutor$Worker.run(ThreadPoolExecutor.java:624)
        at java.lang.Thread.run(Thread.java:748)
"pool-36-thread-50"  prio=5 tid=413 in Object.wait()
java.lang.Thread.State: WAITING (on object monitor)
        at sun.misc.Unsafe.park(Native Method)
        at java.util.concurrent.locks.LockSupport.park(LockSupport.java:175)
        at java.util.concurrent.locks.AbstractQueuedSynchronizer$ConditionObject.await(AbstractQueuedSynchronizer.java:2039)
        at java.util.concurrent.ArrayBlockingQueue.take(ArrayBlockingQueue.java:403)
        at java.util.concurrent.ThreadPoolExecutor.getTask(ThreadPoolExecutor.java:1074)
        at java.util.concurrent.ThreadPoolExecutor.runWorker(ThreadPoolExecutor.java:1134)
        at java.util.concurrent.ThreadPoolExecutor$Worker.run(ThreadPoolExecutor.java:624)
        at java.lang.Thread.run(Thread.java:748)
"IPC Server handler 10 on 33440" daemon prio=5 tid=60 timed_waiting
java.lang.Thread.State: TIMED_WAITING
        at sun.misc.Unsafe.park(Native Method)
        at java.util.concurrent.locks.LockSupport.parkNanos(LockSupport.java:215)
        at java.util.concurrent.locks.AbstractQueuedSynchronizer$ConditionObject.awaitNanos(AbstractQueuedSynchronizer.java:2078)
        at java.util.concurrent.LinkedBlockingQueue.poll(LinkedBlockingQueue.java:467)
        at org.apache.hadoop.ipc.CallQueueManager.take(CallQueueManager.java:288)
        at org.apache.hadoop.ipc.Server$Handler.run(Server.java:2668)
"Command processor thread" daemon prio=5 tid=284 timed_waiting
java.lang.Thread.State: TIMED_WAITING
        at java.lang.Thread.sleep(Native Method)
        at org.apache.hadoop.ozone.container.common.statemachine.DatanodeStateMachine.lambda$initCommandHandlerThread$1(DatanodeStateMachine.java:439)
        at org.apache.hadoop.ozone.container.common.statemachine.DatanodeStateMachine$$Lambda$141/1433858745.run(Unknown Source)
        at java.lang.Thread.run(Thread.java:748)
"metrics-hadoop-metrics2-reporter-40-thread-1" daemon prio=5 tid=819 timed_waiting
java.lang.Thread.State: TIMED_WAITING
        at sun.misc.Unsafe.park(Native Method)
        at java.util.concurrent.locks.LockSupport.parkNanos(LockSupport.java:215)
        at java.util.concurrent.locks.AbstractQueuedSynchronizer$ConditionObject.awaitNanos(AbstractQueuedSynchronizer.java:2078)
        at java.util.concurrent.ScheduledThreadPoolExecutor$DelayedWorkQueue.take(ScheduledThreadPoolExecutor.java:1093)
        at java.util.concurrent.ScheduledThreadPoolExecutor$DelayedWorkQueue.take(ScheduledThreadPoolExecutor.java:809)
        at java.util.concurrent.ThreadPoolExecutor.getTask(ThreadPoolExecutor.java:1074)
        at java.util.concurrent.ThreadPoolExecutor.runWorker(ThreadPoolExecutor.java:1134)
        at java.util.concurrent.ThreadPoolExecutor$Worker.run(ThreadPoolExecutor.java:624)
        at java.lang.Thread.run(Thread.java:748)
"qtp693544819-243" daemon prio=5 tid=243 timed_waiting
java.lang.Thread.State: TIMED_WAITING
        at sun.misc.Unsafe.park(Native Method)
        at java.util.concurrent.locks.LockSupport.parkNanos(LockSupport.java:215)
        at java.util.concurrent.locks.AbstractQueuedSynchronizer$ConditionObject.awaitNanos(AbstractQueuedSynchronizer.java:2078)
        at org.eclipse.jetty.util.BlockingArrayQueue.poll(BlockingArrayQueue.java:392)
        at org.eclipse.jetty.util.thread.QueuedThreadPool.idleJobPoll(QueuedThreadPool.java:563)
        at org.eclipse.jetty.util.thread.QueuedThreadPool.access$800(QueuedThreadPool.java:48)
        at org.eclipse.jetty.util.thread.QueuedThreadPool$2.run(QueuedThreadPool.java:626)
        at java.lang.Thread.run(Thread.java:748)
"IPC Server handler 5 on 33440" daemon prio=5 tid=55 timed_waiting
java.lang.Thread.State: TIMED_WAITING
        at sun.misc.Unsafe.park(Native Method)
        at java.util.concurrent.locks.LockSupport.parkNanos(LockSupport.java:215)
        at java.util.concurrent.locks.AbstractQueuedSynchronizer$ConditionObject.awaitNanos(AbstractQueuedSynchronizer.java:2078)
        at java.util.concurrent.LinkedBlockingQueue.poll(LinkedBlockingQueue.java:467)
        at org.apache.hadoop.ipc.CallQueueManager.take(CallQueueManager.java:288)
        at org.apache.hadoop.ipc.Server$Handler.run(Server.java:2668)
"6fa005cd-25d6-4e29-bda6-9462a060c098@group-B1CC1EDC98E5-SegmentedRaftLogWorker"  prio=5 tid=704 timed_waiting
java.lang.Thread.State: TIMED_WAITING
        at sun.misc.Unsafe.park(Native Method)
        at java.util.concurrent.locks.LockSupport.parkNanos(LockSupport.java:215)
        at java.util.concurrent.locks.AbstractQueuedSynchronizer$ConditionObject.awaitNanos(AbstractQueuedSynchronizer.java:2078)
        at org.apache.ratis.util.DataBlockingQueue.poll(DataBlockingQueue.java:137)
        at org.apache.ratis.server.raftlog.segmented.SegmentedRaftLogWorker.run(SegmentedRaftLogWorker.java:282)
        at java.lang.Thread.run(Thread.java:748)
"pool-36-thread-27"  prio=5 tid=367 in Object.wait()
java.lang.Thread.State: WAITING (on object monitor)
        at sun.misc.Unsafe.park(Native Method)
        at java.util.concurrent.locks.LockSupport.park(LockSupport.java:175)
        at java.util.concurrent.locks.AbstractQueuedSynchronizer$ConditionObject.await(AbstractQueuedSynchronizer.java:2039)
        at java.util.concurrent.ArrayBlockingQueue.take(ArrayBlockingQueue.java:403)
        at java.util.concurrent.ThreadPoolExecutor.getTask(ThreadPoolExecutor.java:1074)
        at java.util.concurrent.ThreadPoolExecutor.runWorker(ThreadPoolExecutor.java:1134)
        at java.util.concurrent.ThreadPoolExecutor$Worker.run(ThreadPoolExecutor.java:624)
        at java.lang.Thread.run(Thread.java:748)
"pool-36-thread-25"  prio=5 tid=363 in Object.wait()
java.lang.Thread.State: WAITING (on object monitor)
        at sun.misc.Unsafe.park(Native Method)
        at java.util.concurrent.locks.LockSupport.park(LockSupport.java:175)
        at java.util.concurrent.locks.AbstractQueuedSynchronizer$ConditionObject.await(AbstractQueuedSynchronizer.java:2039)
        at java.util.concurrent.ArrayBlockingQueue.take(ArrayBlockingQueue.java:403)
        at java.util.concurrent.ThreadPoolExecutor.getTask(ThreadPoolExecutor.java:1074)
        at java.util.concurrent.ThreadPoolExecutor.runWorker(ThreadPoolExecutor.java:1134)
        at java.util.concurrent.ThreadPoolExecutor$Worker.run(ThreadPoolExecutor.java:624)
        at java.lang.Thread.run(Thread.java:748)
"metrics-hadoop-metrics2-reporter-45-thread-1" daemon prio=5 tid=838 timed_waiting
java.lang.Thread.State: TIMED_WAITING
        at sun.misc.Unsafe.park(Native Method)
        at java.util.concurrent.locks.LockSupport.parkNanos(LockSupport.java:215)
        at java.util.concurrent.locks.AbstractQueuedSynchronizer$ConditionObject.awaitNanos(AbstractQueuedSynchronizer.java:2078)
        at java.util.concurrent.ScheduledThreadPoolExecutor$DelayedWorkQueue.take(ScheduledThreadPoolExecutor.java:1093)
        at java.util.concurrent.ScheduledThreadPoolExecutor$DelayedWorkQueue.take(ScheduledThreadPoolExecutor.java:809)
        at java.util.concurrent.ThreadPoolExecutor.getTask(ThreadPoolExecutor.java:1074)
        at java.util.concurrent.ThreadPoolExecutor.runWorker(ThreadPoolExecutor.java:1134)
        at java.util.concurrent.ThreadPoolExecutor$Worker.run(ThreadPoolExecutor.java:624)
        at java.lang.Thread.run(Thread.java:748)
"metrics-hadoop-metrics2-reporter-29-thread-1" daemon prio=5 tid=773 timed_waiting
java.lang.Thread.State: TIMED_WAITING
        at sun.misc.Unsafe.park(Native Method)
        at java.util.concurrent.locks.LockSupport.parkNanos(LockSupport.java:215)
        at java.util.concurrent.locks.AbstractQueuedSynchronizer$ConditionObject.awaitNanos(AbstractQueuedSynchronizer.java:2078)
        at java.util.concurrent.ScheduledThreadPoolExecutor$DelayedWorkQueue.take(ScheduledThreadPoolExecutor.java:1093)
        at java.util.concurrent.ScheduledThreadPoolExecutor$DelayedWorkQueue.take(ScheduledThreadPoolExecutor.java:809)
        at java.util.concurrent.ThreadPoolExecutor.getTask(ThreadPoolExecutor.java:1074)
        at java.util.concurrent.ThreadPoolExecutor.runWorker(ThreadPoolExecutor.java:1134)
        at java.util.concurrent.ThreadPoolExecutor$Worker.run(ThreadPoolExecutor.java:624)
        at java.lang.Thread.run(Thread.java:748)
"Datanode ReportManager Thread - 3" daemon prio=5 tid=229 in Object.wait()
java.lang.Thread.State: WAITING (on object monitor)
        at sun.misc.Unsafe.park(Native Method)
        at java.util.concurrent.locks.LockSupport.park(LockSupport.java:175)
        at java.util.concurrent.locks.AbstractQueuedSynchronizer$ConditionObject.await(AbstractQueuedSynchronizer.java:2039)
        at java.util.concurrent.ScheduledThreadPoolExecutor$DelayedWorkQueue.take(ScheduledThreadPoolExecutor.java:1088)
        at java.util.concurrent.ScheduledThreadPoolExecutor$DelayedWorkQueue.take(ScheduledThreadPoolExecutor.java:809)
        at java.util.concurrent.ThreadPoolExecutor.getTask(ThreadPoolExecutor.java:1074)
        at java.util.concurrent.ThreadPoolExecutor.runWorker(ThreadPoolExecutor.java:1134)
        at java.util.concurrent.ThreadPoolExecutor$Worker.run(ThreadPoolExecutor.java:624)
        at java.lang.Thread.run(Thread.java:748)
"pool-6-thread-1"  prio=5 tid=27 timed_waiting
java.lang.Thread.State: TIMED_WAITING
        at sun.misc.Unsafe.park(Native Method)
        at java.util.concurrent.locks.LockSupport.parkNanos(LockSupport.java:215)
        at java.util.concurrent.locks.AbstractQueuedSynchronizer$ConditionObject.awaitNanos(AbstractQueuedSynchronizer.java:2078)
        at java.util.concurrent.ScheduledThreadPoolExecutor$DelayedWorkQueue.take(ScheduledThreadPoolExecutor.java:1093)
        at java.util.concurrent.ScheduledThreadPoolExecutor$DelayedWorkQueue.take(ScheduledThreadPoolExecutor.java:809)
        at java.util.concurrent.ThreadPoolExecutor.getTask(ThreadPoolExecutor.java:1074)
        at java.util.concurrent.ThreadPoolExecutor.runWorker(ThreadPoolExecutor.java:1134)
        at java.util.concurrent.ThreadPoolExecutor$Worker.run(ThreadPoolExecutor.java:624)
        at java.lang.Thread.run(Thread.java:748)
"pool-66-thread-46"  prio=5 tid=609 in Object.wait()
java.lang.Thread.State: WAITING (on object monitor)
        at sun.misc.Unsafe.park(Native Method)
        at java.util.concurrent.locks.LockSupport.park(LockSupport.java:175)
        at java.util.concurrent.locks.AbstractQueuedSynchronizer$ConditionObject.await(AbstractQueuedSynchronizer.java:2039)
        at java.util.concurrent.ArrayBlockingQueue.take(ArrayBlockingQueue.java:403)
        at java.util.concurrent.ThreadPoolExecutor.getTask(ThreadPoolExecutor.java:1074)
        at java.util.concurrent.ThreadPoolExecutor.runWorker(ThreadPoolExecutor.java:1134)
        at java.util.concurrent.ThreadPoolExecutor$Worker.run(ThreadPoolExecutor.java:624)
        at java.lang.Thread.run(Thread.java:748)
"metrics-hadoop-metrics2-reporter-74-thread-1" daemon prio=5 tid=1024 timed_waiting
java.lang.Thread.State: TIMED_WAITING
        at sun.misc.Unsafe.park(Native Method)
        at java.util.concurrent.locks.LockSupport.parkNanos(LockSupport.java:215)
        at java.util.concurrent.locks.AbstractQueuedSynchronizer$ConditionObject.awaitNanos(AbstractQueuedSynchronizer.java:2078)
        at java.util.concurrent.ScheduledThreadPoolExecutor$DelayedWorkQueue.take(ScheduledThreadPoolExecutor.java:1093)
        at java.util.concurrent.ScheduledThreadPoolExecutor$DelayedWorkQueue.take(ScheduledThreadPoolExecutor.java:809)
        at java.util.concurrent.ThreadPoolExecutor.getTask(ThreadPoolExecutor.java:1074)
        at java.util.concurrent.ThreadPoolExecutor.runWorker(ThreadPoolExecutor.java:1134)
        at java.util.concurrent.ThreadPoolExecutor$Worker.run(ThreadPoolExecutor.java:624)
        at java.lang.Thread.run(Thread.java:748)
"org.apache.ratis.server.impl.LogAppender$AppenderDaemon$$Lambda$420/1222076953@2ceb8bcc" daemon prio=5 tid=1027 timed_waiting
java.lang.Thread.State: TIMED_WAITING
        at java.lang.Object.wait(Native Method)
        at org.apache.ratis.grpc.server.GrpcLogAppender.mayWait(GrpcLogAppender.java:147)
        at org.apache.ratis.grpc.server.GrpcLogAppender.runAppenderImpl(GrpcLogAppender.java:101)
        at org.apache.ratis.server.impl.LogAppender$AppenderDaemon.run(LogAppender.java:76)
        at org.apache.ratis.server.impl.LogAppender$AppenderDaemon$$Lambda$420/1222076953.run(Unknown Source)
        at java.lang.Thread.run(Thread.java:748)
"4b487190-7547-40c7-b780-43c37a89e8eb@group-E11C942201EC-SegmentedRaftLogWorker"  prio=5 tid=750 timed_waiting
java.lang.Thread.State: TIMED_WAITING
        at sun.misc.Unsafe.park(Native Method)
        at java.util.concurrent.locks.LockSupport.parkNanos(LockSupport.java:215)
        at java.util.concurrent.locks.AbstractQueuedSynchronizer$ConditionObject.awaitNanos(AbstractQueuedSynchronizer.java:2078)
        at org.apache.ratis.util.DataBlockingQueue.poll(DataBlockingQueue.java:137)
        at org.apache.ratis.server.raftlog.segmented.SegmentedRaftLogWorker.run(SegmentedRaftLogWorker.java:282)
        at java.lang.Thread.run(Thread.java:748)
"pool-46-thread-52"  prio=5 tid=486 in Object.wait()
java.lang.Thread.State: WAITING (on object monitor)
        at sun.misc.Unsafe.park(Native Method)
        at java.util.concurrent.locks.LockSupport.park(LockSupport.java:175)
        at java.util.concurrent.locks.AbstractQueuedSynchronizer$ConditionObject.await(AbstractQueuedSynchronizer.java:2039)
        at java.util.concurrent.ArrayBlockingQueue.take(ArrayBlockingQueue.java:403)
        at java.util.concurrent.ThreadPoolExecutor.getTask(ThreadPoolExecutor.java:1074)
        at java.util.concurrent.ThreadPoolExecutor.runWorker(ThreadPoolExecutor.java:1134)
        at java.util.concurrent.ThreadPoolExecutor$Worker.run(ThreadPoolExecutor.java:624)
        at java.lang.Thread.run(Thread.java:748)
"pool-46-thread-5"  prio=5 tid=439 in Object.wait()
java.lang.Thread.State: WAITING (on object monitor)
        at sun.misc.Unsafe.park(Native Method)
        at java.util.concurrent.locks.LockSupport.park(LockSupport.java:175)
        at java.util.concurrent.locks.AbstractQueuedSynchronizer$ConditionObject.await(AbstractQueuedSynchronizer.java:2039)
        at java.util.concurrent.ArrayBlockingQueue.take(ArrayBlockingQueue.java:403)
        at java.util.concurrent.ThreadPoolExecutor.getTask(ThreadPoolExecutor.java:1074)
        at java.util.concurrent.ThreadPoolExecutor.runWorker(ThreadPoolExecutor.java:1134)
        at java.util.concurrent.ThreadPoolExecutor$Worker.run(ThreadPoolExecutor.java:624)
        at java.lang.Thread.run(Thread.java:748)
"IPC Server handler 9 on 41091" daemon prio=5 tid=125 timed_waiting
java.lang.Thread.State: TIMED_WAITING
        at sun.misc.Unsafe.park(Native Method)
        at java.util.concurrent.locks.LockSupport.parkNanos(LockSupport.java:215)
        at java.util.concurrent.locks.AbstractQueuedSynchronizer$ConditionObject.awaitNanos(AbstractQueuedSynchronizer.java:2078)
        at java.util.concurrent.LinkedBlockingQueue.poll(LinkedBlockingQueue.java:467)
        at org.apache.hadoop.ipc.CallQueueManager.take(CallQueueManager.java:288)
        at org.apache.hadoop.ipc.Server$Handler.run(Server.java:2668)
"pool-66-thread-27"  prio=5 tid=590 in Object.wait()
java.lang.Thread.State: WAITING (on object monitor)
        at sun.misc.Unsafe.park(Native Method)
        at java.util.concurrent.locks.LockSupport.park(LockSupport.java:175)
        at java.util.concurrent.locks.AbstractQueuedSynchronizer$ConditionObject.await(AbstractQueuedSynchronizer.java:2039)
        at java.util.concurrent.ArrayBlockingQueue.take(ArrayBlockingQueue.java:403)
        at java.util.concurrent.ThreadPoolExecutor.getTask(ThreadPoolExecutor.java:1074)
        at java.util.concurrent.ThreadPoolExecutor.runWorker(ThreadPoolExecutor.java:1134)
        at java.util.concurrent.ThreadPoolExecutor$Worker.run(ThreadPoolExecutor.java:624)
        at java.lang.Thread.run(Thread.java:748)
"qtp92143380-269-acceptor-0@5faf51c2-ServerConnector@1245f2f6{HTTP/1.1,[http/1.1]}{0.0.0.0:33992}" daemon prio=3 tid=269 runnable
java.lang.Thread.State: RUNNABLE
        at sun.nio.ch.ServerSocketChannelImpl.accept0(Native Method)
        at sun.nio.ch.ServerSocketChannelImpl.accept(ServerSocketChannelImpl.java:422)
        at sun.nio.ch.ServerSocketChannelImpl.accept(ServerSocketChannelImpl.java:250)
        at org.eclipse.jetty.server.ServerConnector.accept(ServerConnector.java:397)
        at org.eclipse.jetty.server.AbstractConnector$Acceptor.run(AbstractConnector.java:601)
        at org.eclipse.jetty.util.thread.QueuedThreadPool.runJob(QueuedThreadPool.java:671)
        at org.eclipse.jetty.util.thread.QueuedThreadPool$2.run(QueuedThreadPool.java:589)
        at java.lang.Thread.run(Thread.java:748)
"metrics-hadoop-metrics2-reporter-25-thread-1" daemon prio=5 tid=761 timed_waiting
java.lang.Thread.State: TIMED_WAITING
        at sun.misc.Unsafe.park(Native Method)
        at java.util.concurrent.locks.LockSupport.parkNanos(LockSupport.java:215)
        at java.util.concurrent.locks.AbstractQueuedSynchronizer$ConditionObject.awaitNanos(AbstractQueuedSynchronizer.java:2078)
        at java.util.concurrent.ScheduledThreadPoolExecutor$DelayedWorkQueue.take(ScheduledThreadPoolExecutor.java:1093)
        at java.util.concurrent.ScheduledThreadPoolExecutor$DelayedWorkQueue.take(ScheduledThreadPoolExecutor.java:809)
        at java.util.concurrent.ThreadPoolExecutor.getTask(ThreadPoolExecutor.java:1074)
        at java.util.concurrent.ThreadPoolExecutor.runWorker(ThreadPoolExecutor.java:1134)
        at java.util.concurrent.ThreadPoolExecutor$Worker.run(ThreadPoolExecutor.java:624)
        at java.lang.Thread.run(Thread.java:748)
"metrics-hadoop-metrics2-reporter-58-thread-1" daemon prio=5 tid=929 timed_waiting
java.lang.Thread.State: TIMED_WAITING
        at sun.misc.Unsafe.park(Native Method)
        at java.util.concurrent.locks.LockSupport.parkNanos(LockSupport.java:215)
        at java.util.concurrent.locks.AbstractQueuedSynchronizer$ConditionObject.awaitNanos(AbstractQueuedSynchronizer.java:2078)
        at java.util.concurrent.ScheduledThreadPoolExecutor$DelayedWorkQueue.take(ScheduledThreadPoolExecutor.java:1093)
        at java.util.concurrent.ScheduledThreadPoolExecutor$DelayedWorkQueue.take(ScheduledThreadPoolExecutor.java:809)
        at java.util.concurrent.ThreadPoolExecutor.getTask(ThreadPoolExecutor.java:1074)
        at java.util.concurrent.ThreadPoolExecutor.runWorker(ThreadPoolExecutor.java:1134)
        at java.util.concurrent.ThreadPoolExecutor$Worker.run(ThreadPoolExecutor.java:624)
        at java.lang.Thread.run(Thread.java:748)
"Periodic HDDS volume checker"  prio=5 tid=288 timed_waiting
java.lang.Thread.State: TIMED_WAITING
        at sun.misc.Unsafe.park(Native Method)
        at java.util.concurrent.locks.LockSupport.parkNanos(LockSupport.java:215)
        at java.util.concurrent.locks.AbstractQueuedSynchronizer$ConditionObject.awaitNanos(AbstractQueuedSynchronizer.java:2078)
        at java.util.concurrent.ScheduledThreadPoolExecutor$DelayedWorkQueue.take(ScheduledThreadPoolExecutor.java:1093)
        at java.util.concurrent.ScheduledThreadPoolExecutor$DelayedWorkQueue.take(ScheduledThreadPoolExecutor.java:809)
        at java.util.concurrent.ThreadPoolExecutor.getTask(ThreadPoolExecutor.java:1074)
        at java.util.concurrent.ThreadPoolExecutor.runWorker(ThreadPoolExecutor.java:1134)
        at java.util.concurrent.ThreadPoolExecutor$Worker.run(ThreadPoolExecutor.java:624)
        at java.lang.Thread.run(Thread.java:748)
"BlockDeletingService#0" daemon prio=5 tid=686 timed_waiting
java.lang.Thread.State: TIMED_WAITING
        at sun.misc.Unsafe.park(Native Method)
        at java.util.concurrent.locks.LockSupport.parkNanos(LockSupport.java:215)
        at java.util.concurrent.locks.AbstractQueuedSynchronizer$ConditionObject.awaitNanos(AbstractQueuedSynchronizer.java:2078)
        at java.util.concurrent.ScheduledThreadPoolExecutor$DelayedWorkQueue.take(ScheduledThreadPoolExecutor.java:1093)
        at java.util.concurrent.ScheduledThreadPoolExecutor$DelayedWorkQueue.take(ScheduledThreadPoolExecutor.java:809)
        at java.util.concurrent.ThreadPoolExecutor.getTask(ThreadPoolExecutor.java:1074)
        at java.util.concurrent.ThreadPoolExecutor.runWorker(ThreadPoolExecutor.java:1134)
        at java.util.concurrent.ThreadPoolExecutor$Worker.run(ThreadPoolExecutor.java:624)
        at java.lang.Thread.run(Thread.java:748)
"DataNode DiskChecker thread 0" daemon prio=5 tid=237 timed_waiting
java.lang.Thread.State: TIMED_WAITING
        at sun.misc.Unsafe.park(Native Method)
        at java.util.concurrent.locks.LockSupport.parkNanos(LockSupport.java:215)
        at java.util.concurrent.SynchronousQueue$TransferStack.awaitFulfill(SynchronousQueue.java:460)
        at java.util.concurrent.SynchronousQueue$TransferStack.transfer(SynchronousQueue.java:362)
        at java.util.concurrent.SynchronousQueue.poll(SynchronousQueue.java:941)
        at java.util.concurrent.ThreadPoolExecutor.getTask(ThreadPoolExecutor.java:1073)
        at java.util.concurrent.ThreadPoolExecutor.runWorker(ThreadPoolExecutor.java:1134)
        at java.util.concurrent.ThreadPoolExecutor$Worker.run(ThreadPoolExecutor.java:624)
        at java.lang.Thread.run(Thread.java:748)
"grpc-default-executor-2" daemon prio=5 tid=775 timed_waiting
java.lang.Thread.State: TIMED_WAITING
        at sun.misc.Unsafe.park(Native Method)
        at java.util.concurrent.locks.LockSupport.parkNanos(LockSupport.java:215)
        at java.util.concurrent.SynchronousQueue$TransferStack.awaitFulfill(SynchronousQueue.java:460)
        at java.util.concurrent.SynchronousQueue$TransferStack.transfer(SynchronousQueue.java:362)
        at java.util.concurrent.SynchronousQueue.poll(SynchronousQueue.java:941)
        at java.util.concurrent.ThreadPoolExecutor.getTask(ThreadPoolExecutor.java:1073)
        at java.util.concurrent.ThreadPoolExecutor.runWorker(ThreadPoolExecutor.java:1134)
        at java.util.concurrent.ThreadPoolExecutor$Worker.run(ThreadPoolExecutor.java:624)
        at java.lang.Thread.run(Thread.java:748)
"pool-27-thread-1"  prio=5 tid=702 in Object.wait()
java.lang.Thread.State: WAITING (on object monitor)
        at sun.misc.Unsafe.park(Native Method)
        at java.util.concurrent.locks.LockSupport.park(LockSupport.java:175)
        at java.util.concurrent.locks.AbstractQueuedSynchronizer$ConditionObject.await(AbstractQueuedSynchronizer.java:2039)
        at java.util.concurrent.LinkedBlockingQueue.take(LinkedBlockingQueue.java:442)
        at java.util.concurrent.ThreadPoolExecutor.getTask(ThreadPoolExecutor.java:1074)
        at java.util.concurrent.ThreadPoolExecutor.runWorker(ThreadPoolExecutor.java:1134)
        at java.util.concurrent.ThreadPoolExecutor$Worker.run(ThreadPoolExecutor.java:624)
        at java.lang.Thread.run(Thread.java:748)
"pool-46-thread-2"  prio=5 tid=436 in Object.wait()
java.lang.Thread.State: WAITING (on object monitor)
        at sun.misc.Unsafe.park(Native Method)
        at java.util.concurrent.locks.LockSupport.park(LockSupport.java:175)
        at java.util.concurrent.locks.AbstractQueuedSynchronizer$ConditionObject.await(AbstractQueuedSynchronizer.java:2039)
        at java.util.concurrent.ArrayBlockingQueue.take(ArrayBlockingQueue.java:403)
        at java.util.concurrent.ThreadPoolExecutor.getTask(ThreadPoolExecutor.java:1074)
        at java.util.concurrent.ThreadPoolExecutor.runWorker(ThreadPoolExecutor.java:1134)
        at java.util.concurrent.ThreadPoolExecutor$Worker.run(ThreadPoolExecutor.java:624)
        at java.lang.Thread.run(Thread.java:748)
"pool-36-thread-49"  prio=5 tid=411 in Object.wait()
java.lang.Thread.State: WAITING (on object monitor)
        at sun.misc.Unsafe.park(Native Method)
        at java.util.concurrent.locks.LockSupport.park(LockSupport.java:175)
        at java.util.concurrent.locks.AbstractQueuedSynchronizer$ConditionObject.await(AbstractQueuedSynchronizer.java:2039)
        at java.util.concurrent.ArrayBlockingQueue.take(ArrayBlockingQueue.java:403)
        at java.util.concurrent.ThreadPoolExecutor.getTask(ThreadPoolExecutor.java:1074)
        at java.util.concurrent.ThreadPoolExecutor.runWorker(ThreadPoolExecutor.java:1134)
        at java.util.concurrent.ThreadPoolExecutor$Worker.run(ThreadPoolExecutor.java:624)
        at java.lang.Thread.run(Thread.java:748)
"Signal Dispatcher" daemon prio=9 tid=4 runnable
java.lang.Thread.State: RUNNABLE
"pool-26-thread-35"  prio=5 tid=383 in Object.wait()
java.lang.Thread.State: WAITING (on object monitor)
        at sun.misc.Unsafe.park(Native Method)
        at java.util.concurrent.locks.LockSupport.park(LockSupport.java:175)
        at java.util.concurrent.locks.AbstractQueuedSynchronizer$ConditionObject.await(AbstractQueuedSynchronizer.java:2039)
        at java.util.concurrent.ArrayBlockingQueue.take(ArrayBlockingQueue.java:403)
        at java.util.concurrent.ThreadPoolExecutor.getTask(ThreadPoolExecutor.java:1074)
        at java.util.concurrent.ThreadPoolExecutor.runWorker(ThreadPoolExecutor.java:1134)
        at java.util.concurrent.ThreadPoolExecutor$Worker.run(ThreadPoolExecutor.java:624)
        at java.lang.Thread.run(Thread.java:748)
"IPC Server handler 15 on 33888" daemon prio=5 tid=45 timed_waiting
java.lang.Thread.State: TIMED_WAITING
        at sun.misc.Unsafe.park(Native Method)
        at java.util.concurrent.locks.LockSupport.parkNanos(LockSupport.java:215)
        at java.util.concurrent.locks.AbstractQueuedSynchronizer$ConditionObject.awaitNanos(AbstractQueuedSynchronizer.java:2078)
        at java.util.concurrent.LinkedBlockingQueue.poll(LinkedBlockingQueue.java:467)
        at org.apache.hadoop.ipc.CallQueueManager.take(CallQueueManager.java:288)
        at org.apache.hadoop.ipc.Server$Handler.run(Server.java:2668)
"pool-76-thread-55"  prio=5 tid=680 in Object.wait()
java.lang.Thread.State: WAITING (on object monitor)
        at sun.misc.Unsafe.park(Native Method)
        at java.util.concurrent.locks.LockSupport.park(LockSupport.java:175)
        at java.util.concurrent.locks.AbstractQueuedSynchronizer$ConditionObject.await(AbstractQueuedSynchronizer.java:2039)
        at java.util.concurrent.ArrayBlockingQueue.take(ArrayBlockingQueue.java:403)
        at java.util.concurrent.ThreadPoolExecutor.getTask(ThreadPoolExecutor.java:1074)
        at java.util.concurrent.ThreadPoolExecutor.runWorker(ThreadPoolExecutor.java:1134)
        at java.util.concurrent.ThreadPoolExecutor$Worker.run(ThreadPoolExecutor.java:624)
        at java.lang.Thread.run(Thread.java:748)
"IPC Server handler 18 on 41091" daemon prio=5 tid=134 timed_waiting
java.lang.Thread.State: TIMED_WAITING
        at sun.misc.Unsafe.park(Native Method)
        at java.util.concurrent.locks.LockSupport.parkNanos(LockSupport.java:215)
        at java.util.concurrent.locks.AbstractQueuedSynchronizer$ConditionObject.awaitNanos(AbstractQueuedSynchronizer.java:2078)
        at java.util.concurrent.LinkedBlockingQueue.poll(LinkedBlockingQueue.java:467)
        at org.apache.hadoop.ipc.CallQueueManager.take(CallQueueManager.java:288)
        at org.apache.hadoop.ipc.Server$Handler.run(Server.java:2668)
"grpc-default-worker-ELG-3-1" daemon prio=5 tid=697 runnable
java.lang.Thread.State: RUNNABLE
        at sun.nio.ch.EPollArrayWrapper.epollWait(Native Method)
        at sun.nio.ch.EPollArrayWrapper.poll(EPollArrayWrapper.java:269)
        at sun.nio.ch.EPollSelectorImpl.doSelect(EPollSelectorImpl.java:93)
        at sun.nio.ch.SelectorImpl.lockAndDoSelect(SelectorImpl.java:86)
        at sun.nio.ch.SelectorImpl.select(SelectorImpl.java:97)
        at org.apache.ratis.thirdparty.io.netty.channel.nio.SelectedSelectionKeySetSelector.select(SelectedSelectionKeySetSelector.java:62)
        at org.apache.ratis.thirdparty.io.netty.channel.nio.NioEventLoop.select(NioEventLoop.java:753)
        at org.apache.ratis.thirdparty.io.netty.channel.nio.NioEventLoop.run(NioEventLoop.java:408)
        at org.apache.ratis.thirdparty.io.netty.util.concurrent.SingleThreadEventExecutor$5.run(SingleThreadEventExecutor.java:897)
        at org.apache.ratis.thirdparty.io.netty.util.concurrent.FastThreadLocalRunnable.run(FastThreadLocalRunnable.java:30)
        at java.lang.Thread.run(Thread.java:748)
"pool-66-thread-29"  prio=5 tid=592 in Object.wait()
java.lang.Thread.State: WAITING (on object monitor)
        at sun.misc.Unsafe.park(Native Method)
        at java.util.concurrent.locks.LockSupport.park(LockSupport.java:175)
        at java.util.concurrent.locks.AbstractQueuedSynchronizer$ConditionObject.await(AbstractQueuedSynchronizer.java:2039)
        at java.util.concurrent.ArrayBlockingQueue.take(ArrayBlockingQueue.java:403)
        at java.util.concurrent.ThreadPoolExecutor.getTask(ThreadPoolExecutor.java:1074)
        at java.util.concurrent.ThreadPoolExecutor.runWorker(ThreadPoolExecutor.java:1134)
        at java.util.concurrent.ThreadPoolExecutor$Worker.run(ThreadPoolExecutor.java:624)
        at java.lang.Thread.run(Thread.java:748)
"pool-66-thread-49"  prio=5 tid=612 in Object.wait()
java.lang.Thread.State: WAITING (on object monitor)
        at sun.misc.Unsafe.park(Native Method)
        at java.util.concurrent.locks.LockSupport.park(LockSupport.java:175)
        at java.util.concurrent.locks.AbstractQueuedSynchronizer$ConditionObject.await(AbstractQueuedSynchronizer.java:2039)
        at java.util.concurrent.ArrayBlockingQueue.take(ArrayBlockingQueue.java:403)
        at java.util.concurrent.ThreadPoolExecutor.getTask(ThreadPoolExecutor.java:1074)
        at java.util.concurrent.ThreadPoolExecutor.runWorker(ThreadPoolExecutor.java:1134)
        at java.util.concurrent.ThreadPoolExecutor$Worker.run(ThreadPoolExecutor.java:624)
        at java.lang.Thread.run(Thread.java:748)
"metrics-hadoop-metrics2-reporter-2-thread-1" daemon prio=5 tid=706 timed_waiting
java.lang.Thread.State: TIMED_WAITING
        at sun.misc.Unsafe.park(Native Method)
        at java.util.concurrent.locks.LockSupport.parkNanos(LockSupport.java:215)
        at java.util.concurrent.locks.AbstractQueuedSynchronizer$ConditionObject.awaitNanos(AbstractQueuedSynchronizer.java:2078)
        at java.util.concurrent.ScheduledThreadPoolExecutor$DelayedWorkQueue.take(ScheduledThreadPoolExecutor.java:1093)
        at java.util.concurrent.ScheduledThreadPoolExecutor$DelayedWorkQueue.take(ScheduledThreadPoolExecutor.java:809)
        at java.util.concurrent.ThreadPoolExecutor.getTask(ThreadPoolExecutor.java:1074)
        at java.util.concurrent.ThreadPoolExecutor.runWorker(ThreadPoolExecutor.java:1134)
        at java.util.concurrent.ThreadPoolExecutor$Worker.run(ThreadPoolExecutor.java:624)
        at java.lang.Thread.run(Thread.java:748)
"Datanode ReportManager Thread - 2" daemon prio=5 tid=309 in Object.wait()
java.lang.Thread.State: WAITING (on object monitor)
        at sun.misc.Unsafe.park(Native Method)
        at java.util.concurrent.locks.LockSupport.park(LockSupport.java:175)
        at java.util.concurrent.locks.AbstractQueuedSynchronizer$ConditionObject.await(AbstractQueuedSynchronizer.java:2039)
        at java.util.concurrent.ScheduledThreadPoolExecutor$DelayedWorkQueue.take(ScheduledThreadPoolExecutor.java:1088)
        at java.util.concurrent.ScheduledThreadPoolExecutor$DelayedWorkQueue.take(ScheduledThreadPoolExecutor.java:809)
        at java.util.concurrent.ThreadPoolExecutor.getTask(ThreadPoolExecutor.java:1074)
        at java.util.concurrent.ThreadPoolExecutor.runWorker(ThreadPoolExecutor.java:1134)
        at java.util.concurrent.ThreadPoolExecutor$Worker.run(ThreadPoolExecutor.java:624)
        at java.lang.Thread.run(Thread.java:748)
"pool-36-thread-7"  prio=5 tid=330 in Object.wait()
java.lang.Thread.State: WAITING (on object monitor)
        at sun.misc.Unsafe.park(Native Method)
        at java.util.concurrent.locks.LockSupport.park(LockSupport.java:175)
        at java.util.concurrent.locks.AbstractQueuedSynchronizer$ConditionObject.await(AbstractQueuedSynchronizer.java:2039)
        at java.util.concurrent.ArrayBlockingQueue.take(ArrayBlockingQueue.java:403)
        at java.util.concurrent.ThreadPoolExecutor.getTask(ThreadPoolExecutor.java:1074)
        at java.util.concurrent.ThreadPoolExecutor.runWorker(ThreadPoolExecutor.java:1134)
        at java.util.concurrent.ThreadPoolExecutor$Worker.run(ThreadPoolExecutor.java:624)
        at java.lang.Thread.run(Thread.java:748)
"metrics-hadoop-metrics2-reporter-55-thread-1" daemon prio=5 tid=911 timed_waiting
java.lang.Thread.State: TIMED_WAITING
        at sun.misc.Unsafe.park(Native Method)
        at java.util.concurrent.locks.LockSupport.parkNanos(LockSupport.java:215)
        at java.util.concurrent.locks.AbstractQueuedSynchronizer$ConditionObject.awaitNanos(AbstractQueuedSynchronizer.java:2078)
        at java.util.concurrent.ScheduledThreadPoolExecutor$DelayedWorkQueue.take(ScheduledThreadPoolExecutor.java:1093)
        at java.util.concurrent.ScheduledThreadPoolExecutor$DelayedWorkQueue.take(ScheduledThreadPoolExecutor.java:809)
        at java.util.concurrent.ThreadPoolExecutor.getTask(ThreadPoolExecutor.java:1074)
        at java.util.concurrent.ThreadPoolExecutor.runWorker(ThreadPoolExecutor.java:1134)
        at java.util.concurrent.ThreadPoolExecutor$Worker.run(ThreadPoolExecutor.java:624)
        at java.lang.Thread.run(Thread.java:748)
"pool-36-thread-36"  prio=5 tid=386 in Object.wait()
java.lang.Thread.State: WAITING (on object monitor)
        at sun.misc.Unsafe.park(Native Method)
        at java.util.concurrent.locks.LockSupport.park(LockSupport.java:175)
        at java.util.concurrent.locks.AbstractQueuedSynchronizer$ConditionObject.await(AbstractQueuedSynchronizer.java:2039)
        at java.util.concurrent.ArrayBlockingQueue.take(ArrayBlockingQueue.java:403)
        at java.util.concurrent.ThreadPoolExecutor.getTask(ThreadPoolExecutor.java:1074)
        at java.util.concurrent.ThreadPoolExecutor.runWorker(ThreadPoolExecutor.java:1134)
        at java.util.concurrent.ThreadPoolExecutor$Worker.run(ThreadPoolExecutor.java:624)
        at java.lang.Thread.run(Thread.java:748)
"IPC Server handler 14 on 33888" daemon prio=5 tid=44 timed_waiting
java.lang.Thread.State: TIMED_WAITING
        at sun.misc.Unsafe.park(Native Method)
        at java.util.concurrent.locks.LockSupport.parkNanos(LockSupport.java:215)
        at java.util.concurrent.locks.AbstractQueuedSynchronizer$ConditionObject.awaitNanos(AbstractQueuedSynchronizer.java:2078)
        at java.util.concurrent.LinkedBlockingQueue.poll(LinkedBlockingQueue.java:467)
        at org.apache.hadoop.ipc.CallQueueManager.take(CallQueueManager.java:288)
        at org.apache.hadoop.ipc.Server$Handler.run(Server.java:2668)
"DataNode DiskChecker thread 0" daemon prio=5 tid=291 timed_waiting
java.lang.Thread.State: TIMED_WAITING
        at sun.misc.Unsafe.park(Native Method)
        at java.util.concurrent.locks.LockSupport.parkNanos(LockSupport.java:215)
        at java.util.concurrent.SynchronousQueue$TransferStack.awaitFulfill(SynchronousQueue.java:460)
        at java.util.concurrent.SynchronousQueue$TransferStack.transfer(SynchronousQueue.java:362)
        at java.util.concurrent.SynchronousQueue.poll(SynchronousQueue.java:941)
        at java.util.concurrent.ThreadPoolExecutor.getTask(ThreadPoolExecutor.java:1073)
        at java.util.concurrent.ThreadPoolExecutor.runWorker(ThreadPoolExecutor.java:1134)
        at java.util.concurrent.ThreadPoolExecutor$Worker.run(ThreadPoolExecutor.java:624)
        at java.lang.Thread.run(Thread.java:748)
"pool-46-thread-7"  prio=5 tid=441 in Object.wait()
java.lang.Thread.State: WAITING (on object monitor)
        at sun.misc.Unsafe.park(Native Method)
        at java.util.concurrent.locks.LockSupport.park(LockSupport.java:175)
        at java.util.concurrent.locks.AbstractQueuedSynchronizer$ConditionObject.await(AbstractQueuedSynchronizer.java:2039)
        at java.util.concurrent.ArrayBlockingQueue.take(ArrayBlockingQueue.java:403)
        at java.util.concurrent.ThreadPoolExecutor.getTask(ThreadPoolExecutor.java:1074)
        at java.util.concurrent.ThreadPoolExecutor.runWorker(ThreadPoolExecutor.java:1134)
        at java.util.concurrent.ThreadPoolExecutor$Worker.run(ThreadPoolExecutor.java:624)
        at java.lang.Thread.run(Thread.java:748)
"metrics-hadoop-metrics2-reporter-4-thread-1" daemon prio=5 tid=709 timed_waiting
java.lang.Thread.State: TIMED_WAITING
        at sun.misc.Unsafe.park(Native Method)
        at java.util.concurrent.locks.LockSupport.parkNanos(LockSupport.java:215)
        at java.util.concurrent.locks.AbstractQueuedSynchronizer$ConditionObject.awaitNanos(AbstractQueuedSynchronizer.java:2078)
        at java.util.concurrent.ScheduledThreadPoolExecutor$DelayedWorkQueue.take(ScheduledThreadPoolExecutor.java:1093)
        at java.util.concurrent.ScheduledThreadPoolExecutor$DelayedWorkQueue.take(ScheduledThreadPoolExecutor.java:809)
        at java.util.concurrent.ThreadPoolExecutor.getTask(ThreadPoolExecutor.java:1074)
        at java.util.concurrent.ThreadPoolExecutor.runWorker(ThreadPoolExecutor.java:1134)
        at java.util.concurrent.ThreadPoolExecutor$Worker.run(ThreadPoolExecutor.java:624)
        at java.lang.Thread.run(Thread.java:748)
"pool-76-thread-42"  prio=5 tid=667 in Object.wait()
java.lang.Thread.State: WAITING (on object monitor)
        at sun.misc.Unsafe.park(Native Method)
        at java.util.concurrent.locks.LockSupport.park(LockSupport.java:175)
        at java.util.concurrent.locks.AbstractQueuedSynchronizer$ConditionObject.await(AbstractQueuedSynchronizer.java:2039)
        at java.util.concurrent.ArrayBlockingQueue.take(ArrayBlockingQueue.java:403)
        at java.util.concurrent.ThreadPoolExecutor.getTask(ThreadPoolExecutor.java:1074)
        at java.util.concurrent.ThreadPoolExecutor.runWorker(ThreadPoolExecutor.java:1134)
        at java.util.concurrent.ThreadPoolExecutor$Worker.run(ThreadPoolExecutor.java:624)
        at java.lang.Thread.run(Thread.java:748)
"grpc-default-executor-0" daemon prio=5 tid=698 runnable
java.lang.Thread.State: RUNNABLE
        at sun.misc.Unsafe.park(Native Method)
        at java.util.concurrent.locks.LockSupport.parkNanos(LockSupport.java:215)
        at java.util.concurrent.SynchronousQueue$TransferStack.awaitFulfill(SynchronousQueue.java:460)
        at java.util.concurrent.SynchronousQueue$TransferStack.transfer(SynchronousQueue.java:362)
        at java.util.concurrent.SynchronousQueue.poll(SynchronousQueue.java:941)
        at java.util.concurrent.ThreadPoolExecutor.getTask(ThreadPoolExecutor.java:1073)
        at java.util.concurrent.ThreadPoolExecutor.runWorker(ThreadPoolExecutor.java:1134)
        at java.util.concurrent.ThreadPoolExecutor$Worker.run(ThreadPoolExecutor.java:624)
        at java.lang.Thread.run(Thread.java:748)
"org.eclipse.jetty.server.session.HashSessionManager@107290eaTimer" daemon prio=5 tid=195 timed_waiting
java.lang.Thread.State: TIMED_WAITING
        at sun.misc.Unsafe.park(Native Method)
        at java.util.concurrent.locks.LockSupport.parkNanos(LockSupport.java:215)
        at java.util.concurrent.locks.AbstractQueuedSynchronizer$ConditionObject.awaitNanos(AbstractQueuedSynchronizer.java:2078)
        at java.util.concurrent.ScheduledThreadPoolExecutor$DelayedWorkQueue.take(ScheduledThreadPoolExecutor.java:1093)
        at java.util.concurrent.ScheduledThreadPoolExecutor$DelayedWorkQueue.take(ScheduledThreadPoolExecutor.java:809)
        at java.util.concurrent.ThreadPoolExecutor.getTask(ThreadPoolExecutor.java:1074)
        at java.util.concurrent.ThreadPoolExecutor.runWorker(ThreadPoolExecutor.java:1134)
        at java.util.concurrent.ThreadPoolExecutor$Worker.run(ThreadPoolExecutor.java:624)
        at java.lang.Thread.run(Thread.java:748)
"BlockDeletingService#1" daemon prio=5 tid=540 in Object.wait()
java.lang.Thread.State: WAITING (on object monitor)
        at sun.misc.Unsafe.park(Native Method)
        at java.util.concurrent.locks.LockSupport.park(LockSupport.java:175)
        at java.util.concurrent.locks.AbstractQueuedSynchronizer$ConditionObject.await(AbstractQueuedSynchronizer.java:2039)
        at java.util.concurrent.ScheduledThreadPoolExecutor$DelayedWorkQueue.take(ScheduledThreadPoolExecutor.java:1088)
        at java.util.concurrent.ScheduledThreadPoolExecutor$DelayedWorkQueue.take(ScheduledThreadPoolExecutor.java:809)
        at java.util.concurrent.ThreadPoolExecutor.getTask(ThreadPoolExecutor.java:1074)
        at java.util.concurrent.ThreadPoolExecutor.runWorker(ThreadPoolExecutor.java:1134)
        at java.util.concurrent.ThreadPoolExecutor$Worker.run(ThreadPoolExecutor.java:624)
        at java.lang.Thread.run(Thread.java:748)
"java.util.concurrent.ThreadPoolExecutor$Worker@46c31dc1[State = -1, empty queue]" daemon prio=5 tid=1035 timed_waiting
java.lang.Thread.State: TIMED_WAITING
        at sun.misc.Unsafe.park(Native Method)
        at java.util.concurrent.locks.LockSupport.parkNanos(LockSupport.java:215)
        at java.util.concurrent.locks.AbstractQueuedSynchronizer$ConditionObject.awaitNanos(AbstractQueuedSynchronizer.java:2078)
        at java.util.concurrent.ScheduledThreadPoolExecutor$DelayedWorkQueue.take(ScheduledThreadPoolExecutor.java:1093)
        at java.util.concurrent.ScheduledThreadPoolExecutor$DelayedWorkQueue.take(ScheduledThreadPoolExecutor.java:809)
        at java.util.concurrent.ThreadPoolExecutor.getTask(ThreadPoolExecutor.java:1074)
        at java.util.concurrent.ThreadPoolExecutor.runWorker(ThreadPoolExecutor.java:1134)
        at java.util.concurrent.ThreadPoolExecutor$Worker.run(ThreadPoolExecutor.java:624)
        at java.lang.Thread.run(Thread.java:748)
"pool-66-thread-53"  prio=5 tid=616 in Object.wait()
java.lang.Thread.State: WAITING (on object monitor)
        at sun.misc.Unsafe.park(Native Method)
        at java.util.concurrent.locks.LockSupport.park(LockSupport.java:175)
        at java.util.concurrent.locks.AbstractQueuedSynchronizer$ConditionObject.await(AbstractQueuedSynchronizer.java:2039)
        at java.util.concurrent.ArrayBlockingQueue.take(ArrayBlockingQueue.java:403)
        at java.util.concurrent.ThreadPoolExecutor.getTask(ThreadPoolExecutor.java:1074)
        at java.util.concurrent.ThreadPoolExecutor.runWorker(ThreadPoolExecutor.java:1134)
        at java.util.concurrent.ThreadPoolExecutor$Worker.run(ThreadPoolExecutor.java:624)
        at java.lang.Thread.run(Thread.java:748)
"pool-76-thread-3"  prio=5 tid=628 in Object.wait()
java.lang.Thread.State: WAITING (on object monitor)
        at sun.misc.Unsafe.park(Native Method)
        at java.util.concurrent.locks.LockSupport.park(LockSupport.java:175)
        at java.util.concurrent.locks.AbstractQueuedSynchronizer$ConditionObject.await(AbstractQueuedSynchronizer.java:2039)
        at java.util.concurrent.ArrayBlockingQueue.take(ArrayBlockingQueue.java:403)
        at java.util.concurrent.ThreadPoolExecutor.getTask(ThreadPoolExecutor.java:1074)
        at java.util.concurrent.ThreadPoolExecutor.runWorker(ThreadPoolExecutor.java:1134)
        at java.util.concurrent.ThreadPoolExecutor$Worker.run(ThreadPoolExecutor.java:624)
        at java.lang.Thread.run(Thread.java:748)
"pool-67-thread-1"  prio=5 tid=746 in Object.wait()
java.lang.Thread.State: WAITING (on object monitor)
        at sun.misc.Unsafe.park(Native Method)
        at java.util.concurrent.locks.LockSupport.park(LockSupport.java:175)
        at java.util.concurrent.locks.AbstractQueuedSynchronizer$ConditionObject.await(AbstractQueuedSynchronizer.java:2039)
        at java.util.concurrent.LinkedBlockingQueue.take(LinkedBlockingQueue.java:442)
        at java.util.concurrent.ThreadPoolExecutor.getTask(ThreadPoolExecutor.java:1074)
        at java.util.concurrent.ThreadPoolExecutor.runWorker(ThreadPoolExecutor.java:1134)
        at java.util.concurrent.ThreadPoolExecutor$Worker.run(ThreadPoolExecutor.java:624)
        at java.lang.Thread.run(Thread.java:748)
"pool-56-thread-36"  prio=5 tid=534 in Object.wait()
java.lang.Thread.State: WAITING (on object monitor)
        at sun.misc.Unsafe.park(Native Method)
        at java.util.concurrent.locks.LockSupport.park(LockSupport.java:175)
        at java.util.concurrent.locks.AbstractQueuedSynchronizer$ConditionObject.await(AbstractQueuedSynchronizer.java:2039)
        at java.util.concurrent.ArrayBlockingQueue.take(ArrayBlockingQueue.java:403)
        at java.util.concurrent.ThreadPoolExecutor.getTask(ThreadPoolExecutor.java:1074)
        at java.util.concurrent.ThreadPoolExecutor.runWorker(ThreadPoolExecutor.java:1134)
        at java.util.concurrent.ThreadPoolExecutor$Worker.run(ThreadPoolExecutor.java:624)
        at java.lang.Thread.run(Thread.java:748)
"IPC Server handler 5 on 33888" daemon prio=5 tid=35 timed_waiting
java.lang.Thread.State: TIMED_WAITING
        at sun.misc.Unsafe.park(Native Method)
        at java.util.concurrent.locks.LockSupport.parkNanos(LockSupport.java:215)
        at java.util.concurrent.locks.AbstractQueuedSynchronizer$ConditionObject.awaitNanos(AbstractQueuedSynchronizer.java:2078)
        at java.util.concurrent.LinkedBlockingQueue.poll(LinkedBlockingQueue.java:467)
        at org.apache.hadoop.ipc.CallQueueManager.take(CallQueueManager.java:288)
        at org.apache.hadoop.ipc.Server$Handler.run(Server.java:2668)
"pool-46-thread-21"  prio=5 tid=455 in Object.wait()
java.lang.Thread.State: WAITING (on object monitor)
        at sun.misc.Unsafe.park(Native Method)
        at java.util.concurrent.locks.LockSupport.park(LockSupport.java:175)
        at java.util.concurrent.locks.AbstractQueuedSynchronizer$ConditionObject.await(AbstractQueuedSynchronizer.java:2039)
        at java.util.concurrent.ArrayBlockingQueue.take(ArrayBlockingQueue.java:403)
        at java.util.concurrent.ThreadPoolExecutor.getTask(ThreadPoolExecutor.java:1074)
        at java.util.concurrent.ThreadPoolExecutor.runWorker(ThreadPoolExecutor.java:1134)
        at java.util.concurrent.ThreadPoolExecutor$Worker.run(ThreadPoolExecutor.java:624)
        at java.lang.Thread.run(Thread.java:748)
"pool-76-thread-10"  prio=5 tid=635 in Object.wait()
java.lang.Thread.State: WAITING (on object monitor)
        at sun.misc.Unsafe.park(Native Method)
        at java.util.concurrent.locks.LockSupport.park(LockSupport.java:175)
        at java.util.concurrent.locks.AbstractQueuedSynchronizer$ConditionObject.await(AbstractQueuedSynchronizer.java:2039)
        at java.util.concurrent.ArrayBlockingQueue.take(ArrayBlockingQueue.java:403)
        at java.util.concurrent.ThreadPoolExecutor.getTask(ThreadPoolExecutor.java:1074)
        at java.util.concurrent.ThreadPoolExecutor.runWorker(ThreadPoolExecutor.java:1134)
        at java.util.concurrent.ThreadPoolExecutor$Worker.run(ThreadPoolExecutor.java:624)
        at java.lang.Thread.run(Thread.java:748)
"IPC Server handler 10 on 35347" daemon prio=5 tid=80 timed_waiting
java.lang.Thread.State: TIMED_WAITING
        at sun.misc.Unsafe.park(Native Method)
        at java.util.concurrent.locks.LockSupport.parkNanos(LockSupport.java:215)
        at java.util.concurrent.locks.AbstractQueuedSynchronizer$ConditionObject.awaitNanos(AbstractQueuedSynchronizer.java:2078)
        at java.util.concurrent.LinkedBlockingQueue.poll(LinkedBlockingQueue.java:467)
        at org.apache.hadoop.ipc.CallQueueManager.take(CallQueueManager.java:288)
        at org.apache.hadoop.ipc.Server$Handler.run(Server.java:2668)
"pool-66-thread-45"  prio=5 tid=608 in Object.wait()
java.lang.Thread.State: WAITING (on object monitor)
        at sun.misc.Unsafe.park(Native Method)
        at java.util.concurrent.locks.LockSupport.park(LockSupport.java:175)
        at java.util.concurrent.locks.AbstractQueuedSynchronizer$ConditionObject.await(AbstractQueuedSynchronizer.java:2039)
        at java.util.concurrent.ArrayBlockingQueue.take(ArrayBlockingQueue.java:403)
        at java.util.concurrent.ThreadPoolExecutor.getTask(ThreadPoolExecutor.java:1074)
        at java.util.concurrent.ThreadPoolExecutor.runWorker(ThreadPoolExecutor.java:1134)
        at java.util.concurrent.ThreadPoolExecutor$Worker.run(ThreadPoolExecutor.java:624)
        at java.lang.Thread.run(Thread.java:748)
"IPC Server handler 11 on 33888" daemon prio=5 tid=41 timed_waiting
java.lang.Thread.State: TIMED_WAITING
        at sun.misc.Unsafe.park(Native Method)
        at java.util.concurrent.locks.LockSupport.parkNanos(LockSupport.java:215)
        at java.util.concurrent.locks.AbstractQueuedSynchronizer$ConditionObject.awaitNanos(AbstractQueuedSynchronizer.java:2078)
        at java.util.concurrent.LinkedBlockingQueue.poll(LinkedBlockingQueue.java:467)
        at org.apache.hadoop.ipc.CallQueueManager.take(CallQueueManager.java:288)
        at org.apache.hadoop.ipc.Server$Handler.run(Server.java:2668)
"pool-36-thread-39"  prio=5 tid=392 in Object.wait()
java.lang.Thread.State: WAITING (on object monitor)
        at sun.misc.Unsafe.park(Native Method)
        at java.util.concurrent.locks.LockSupport.park(LockSupport.java:175)
        at java.util.concurrent.locks.AbstractQueuedSynchronizer$ConditionObject.await(AbstractQueuedSynchronizer.java:2039)
        at java.util.concurrent.ArrayBlockingQueue.take(ArrayBlockingQueue.java:403)
        at java.util.concurrent.ThreadPoolExecutor.getTask(ThreadPoolExecutor.java:1074)
        at java.util.concurrent.ThreadPoolExecutor.runWorker(ThreadPoolExecutor.java:1134)
        at java.util.concurrent.ThreadPoolExecutor$Worker.run(ThreadPoolExecutor.java:624)
        at java.lang.Thread.run(Thread.java:748)
"a3fa570c-ae50-443c-8ab2-043428e82a24@group-99B5C90D06CE-StateMachineUpdater" daemon prio=5 tid=728 in Object.wait()
java.lang.Thread.State: WAITING (on object monitor)
        at java.lang.Object.wait(Native Method)
        at java.lang.Object.wait(Object.java:502)
        at org.apache.ratis.server.impl.StateMachineUpdater.waitForCommit(StateMachineUpdater.java:194)
        at org.apache.ratis.server.impl.StateMachineUpdater.run(StateMachineUpdater.java:159)
        at java.lang.Thread.run(Thread.java:748)
"pool-80-thread-1"  prio=5 tid=294 timed_waiting
java.lang.Thread.State: TIMED_WAITING
        at sun.misc.Unsafe.park(Native Method)
        at java.util.concurrent.locks.LockSupport.parkNanos(LockSupport.java:215)
        at java.util.concurrent.locks.AbstractQueuedSynchronizer$ConditionObject.awaitNanos(AbstractQueuedSynchronizer.java:2078)
        at java.util.concurrent.ScheduledThreadPoolExecutor$DelayedWorkQueue.take(ScheduledThreadPoolExecutor.java:1093)
        at java.util.concurrent.ScheduledThreadPoolExecutor$DelayedWorkQueue.take(ScheduledThreadPoolExecutor.java:809)
        at java.util.concurrent.ThreadPoolExecutor.getTask(ThreadPoolExecutor.java:1074)
        at java.util.concurrent.ThreadPoolExecutor.runWorker(ThreadPoolExecutor.java:1134)
        at java.util.concurrent.ThreadPoolExecutor$Worker.run(ThreadPoolExecutor.java:624)
        at java.lang.Thread.run(Thread.java:748)
"pool-26-thread-10"  prio=5 tid=331 in Object.wait()
java.lang.Thread.State: WAITING (on object monitor)
        at sun.misc.Unsafe.park(Native Method)
        at java.util.concurrent.locks.LockSupport.park(LockSupport.java:175)
        at java.util.concurrent.locks.AbstractQueuedSynchronizer$ConditionObject.await(AbstractQueuedSynchronizer.java:2039)
        at java.util.concurrent.ArrayBlockingQueue.take(ArrayBlockingQueue.java:403)
        at java.util.concurrent.ThreadPoolExecutor.getTask(ThreadPoolExecutor.java:1074)
        at java.util.concurrent.ThreadPoolExecutor.runWorker(ThreadPoolExecutor.java:1134)
        at java.util.concurrent.ThreadPoolExecutor$Worker.run(ThreadPoolExecutor.java:624)
        at java.lang.Thread.run(Thread.java:748)
"pool-66-thread-40"  prio=5 tid=603 in Object.wait()
java.lang.Thread.State: WAITING (on object monitor)
        at sun.misc.Unsafe.park(Native Method)
        at java.util.concurrent.locks.LockSupport.park(LockSupport.java:175)
        at java.util.concurrent.locks.AbstractQueuedSynchronizer$ConditionObject.await(AbstractQueuedSynchronizer.java:2039)
        at java.util.concurrent.ArrayBlockingQueue.take(ArrayBlockingQueue.java:403)
        at java.util.concurrent.ThreadPoolExecutor.getTask(ThreadPoolExecutor.java:1074)
        at java.util.concurrent.ThreadPoolExecutor.runWorker(ThreadPoolExecutor.java:1134)
        at java.util.concurrent.ThreadPoolExecutor$Worker.run(ThreadPoolExecutor.java:624)
        at java.lang.Thread.run(Thread.java:748)
"pool-76-thread-59"  prio=5 tid=684 in Object.wait()
java.lang.Thread.State: WAITING (on object monitor)
        at sun.misc.Unsafe.park(Native Method)
        at java.util.concurrent.locks.LockSupport.park(LockSupport.java:175)
        at java.util.concurrent.locks.AbstractQueuedSynchronizer$ConditionObject.await(AbstractQueuedSynchronizer.java:2039)
        at java.util.concurrent.ArrayBlockingQueue.take(ArrayBlockingQueue.java:403)
        at java.util.concurrent.ThreadPoolExecutor.getTask(ThreadPoolExecutor.java:1074)
        at java.util.concurrent.ThreadPoolExecutor.runWorker(ThreadPoolExecutor.java:1134)
        at java.util.concurrent.ThreadPoolExecutor$Worker.run(ThreadPoolExecutor.java:624)
        at java.lang.Thread.run(Thread.java:748)
"org.eclipse.jetty.server.session.HashSessionManager@33176b57Timer" daemon prio=5 tid=277 timed_waiting
java.lang.Thread.State: TIMED_WAITING
        at sun.misc.Unsafe.park(Native Method)
        at java.util.concurrent.locks.LockSupport.parkNanos(LockSupport.java:215)
        at java.util.concurrent.locks.AbstractQueuedSynchronizer$ConditionObject.awaitNanos(AbstractQueuedSynchronizer.java:2078)
        at java.util.concurrent.ScheduledThreadPoolExecutor$DelayedWorkQueue.take(ScheduledThreadPoolExecutor.java:1093)
        at java.util.concurrent.ScheduledThreadPoolExecutor$DelayedWorkQueue.take(ScheduledThreadPoolExecutor.java:809)
        at java.util.concurrent.ThreadPoolExecutor.getTask(ThreadPoolExecutor.java:1074)
        at java.util.concurrent.ThreadPoolExecutor.runWorker(ThreadPoolExecutor.java:1134)
        at java.util.concurrent.ThreadPoolExecutor$Worker.run(ThreadPoolExecutor.java:624)
        at java.lang.Thread.run(Thread.java:748)
"qtp441384075-137" daemon prio=5 tid=137 runnable
java.lang.Thread.State: RUNNABLE
        at sun.nio.ch.EPollArrayWrapper.epollWait(Native Method)
        at sun.nio.ch.EPollArrayWrapper.poll(EPollArrayWrapper.java:269)
        at sun.nio.ch.EPollSelectorImpl.doSelect(EPollSelectorImpl.java:93)
        at sun.nio.ch.SelectorImpl.lockAndDoSelect(SelectorImpl.java:86)
        at sun.nio.ch.SelectorImpl.select(SelectorImpl.java:97)
        at sun.nio.ch.SelectorImpl.select(SelectorImpl.java:101)
        at org.eclipse.jetty.io.ManagedSelector$SelectorProducer.select(ManagedSelector.java:243)
        at org.eclipse.jetty.io.ManagedSelector$SelectorProducer.produce(ManagedSelector.java:191)
        at org.eclipse.jetty.util.thread.strategy.ExecuteProduceConsume.executeProduceConsume(ExecuteProduceConsume.java:249)
        at org.eclipse.jetty.util.thread.strategy.ExecuteProduceConsume.produceConsume(ExecuteProduceConsume.java:148)
        at org.eclipse.jetty.util.thread.strategy.ExecuteProduceConsume.execute(ExecuteProduceConsume.java:100)
        at org.eclipse.jetty.io.ManagedSelector.run(ManagedSelector.java:147)
        at org.eclipse.jetty.util.thread.QueuedThreadPool.runJob(QueuedThreadPool.java:671)
        at org.eclipse.jetty.util.thread.QueuedThreadPool$2.run(QueuedThreadPool.java:589)
        at java.lang.Thread.run(Thread.java:748)
"a3fa570c-ae50-443c-8ab2-043428e82a24@group-99B5C90D06CE-SegmentedRaftLogWorker"  prio=5 tid=727 timed_waiting
java.lang.Thread.State: TIMED_WAITING
        at sun.misc.Unsafe.park(Native Method)
        at java.util.concurrent.locks.LockSupport.parkNanos(LockSupport.java:215)
        at java.util.concurrent.locks.AbstractQueuedSynchronizer$ConditionObject.awaitNanos(AbstractQueuedSynchronizer.java:2078)
        at org.apache.ratis.util.DataBlockingQueue.poll(DataBlockingQueue.java:137)
        at org.apache.ratis.server.raftlog.segmented.SegmentedRaftLogWorker.run(SegmentedRaftLogWorker.java:282)
        at java.lang.Thread.run(Thread.java:748)
"pool-56-thread-17"  prio=5 tid=515 in Object.wait()
java.lang.Thread.State: WAITING (on object monitor)
        at sun.misc.Unsafe.park(Native Method)
        at java.util.concurrent.locks.LockSupport.park(LockSupport.java:175)
        at java.util.concurrent.locks.AbstractQueuedSynchronizer$ConditionObject.await(AbstractQueuedSynchronizer.java:2039)
        at java.util.concurrent.ArrayBlockingQueue.take(ArrayBlockingQueue.java:403)
        at java.util.concurrent.ThreadPoolExecutor.getTask(ThreadPoolExecutor.java:1074)
        at java.util.concurrent.ThreadPoolExecutor.runWorker(ThreadPoolExecutor.java:1134)
        at java.util.concurrent.ThreadPoolExecutor$Worker.run(ThreadPoolExecutor.java:624)
        at java.lang.Thread.run(Thread.java:748)
"pool-21-thread-1"  prio=5 tid=136 timed_waiting
java.lang.Thread.State: TIMED_WAITING
        at sun.misc.Unsafe.park(Native Method)
        at java.util.concurrent.locks.LockSupport.parkNanos(LockSupport.java:215)
        at java.util.concurrent.locks.AbstractQueuedSynchronizer$ConditionObject.awaitNanos(AbstractQueuedSynchronizer.java:2078)
        at java.util.concurrent.ScheduledThreadPoolExecutor$DelayedWorkQueue.take(ScheduledThreadPoolExecutor.java:1093)
        at java.util.concurrent.ScheduledThreadPoolExecutor$DelayedWorkQueue.take(ScheduledThreadPoolExecutor.java:809)
        at java.util.concurrent.ThreadPoolExecutor.getTask(ThreadPoolExecutor.java:1074)
        at java.util.concurrent.ThreadPoolExecutor.runWorker(ThreadPoolExecutor.java:1134)
        at java.util.concurrent.ThreadPoolExecutor$Worker.run(ThreadPoolExecutor.java:624)
        at java.lang.Thread.run(Thread.java:748)
"Datanode ReportManager Thread - 0" daemon prio=5 tid=226 in Object.wait()
java.lang.Thread.State: WAITING (on object monitor)
        at sun.misc.Unsafe.park(Native Method)
        at java.util.concurrent.locks.LockSupport.park(LockSupport.java:175)
        at java.util.concurrent.locks.AbstractQueuedSynchronizer$ConditionObject.await(AbstractQueuedSynchronizer.java:2039)
        at java.util.concurrent.ScheduledThreadPoolExecutor$DelayedWorkQueue.take(ScheduledThreadPoolExecutor.java:1088)
        at java.util.concurrent.ScheduledThreadPoolExecutor$DelayedWorkQueue.take(ScheduledThreadPoolExecutor.java:809)
        at java.util.concurrent.ThreadPoolExecutor.getTask(ThreadPoolExecutor.java:1074)
        at java.util.concurrent.ThreadPoolExecutor.runWorker(ThreadPoolExecutor.java:1134)
        at java.util.concurrent.ThreadPoolExecutor$Worker.run(ThreadPoolExecutor.java:624)
        at java.lang.Thread.run(Thread.java:748)
"IPC Server handler 13 on 33440" daemon prio=5 tid=63 timed_waiting
java.lang.Thread.State: TIMED_WAITING
        at sun.misc.Unsafe.park(Native Method)
        at java.util.concurrent.locks.LockSupport.parkNanos(LockSupport.java:215)
        at java.util.concurrent.locks.AbstractQueuedSynchronizer$ConditionObject.awaitNanos(AbstractQueuedSynchronizer.java:2078)
        at java.util.concurrent.LinkedBlockingQueue.poll(LinkedBlockingQueue.java:467)
        at org.apache.hadoop.ipc.CallQueueManager.take(CallQueueManager.java:288)
        at org.apache.hadoop.ipc.Server$Handler.run(Server.java:2668)
"pool-56-thread-53"  prio=5 tid=554 in Object.wait()
java.lang.Thread.State: WAITING (on object monitor)
        at sun.misc.Unsafe.park(Native Method)
        at java.util.concurrent.locks.LockSupport.park(LockSupport.java:175)
        at java.util.concurrent.locks.AbstractQueuedSynchronizer$ConditionObject.await(AbstractQueuedSynchronizer.java:2039)
        at java.util.concurrent.ArrayBlockingQueue.take(ArrayBlockingQueue.java:403)
        at java.util.concurrent.ThreadPoolExecutor.getTask(ThreadPoolExecutor.java:1074)
        at java.util.concurrent.ThreadPoolExecutor.runWorker(ThreadPoolExecutor.java:1134)
        at java.util.concurrent.ThreadPoolExecutor$Worker.run(ThreadPoolExecutor.java:624)
        at java.lang.Thread.run(Thread.java:748)
"org.eclipse.jetty.server.session.HashSessionManager@42d8110cTimer" daemon prio=5 tid=305 timed_waiting
java.lang.Thread.State: TIMED_WAITING
        at sun.misc.Unsafe.park(Native Method)
        at java.util.concurrent.locks.LockSupport.parkNanos(LockSupport.java:215)
        at java.util.concurrent.locks.AbstractQueuedSynchronizer$ConditionObject.awaitNanos(AbstractQueuedSynchronizer.java:2078)
        at java.util.concurrent.ScheduledThreadPoolExecutor$DelayedWorkQueue.take(ScheduledThreadPoolExecutor.java:1093)
        at java.util.concurrent.ScheduledThreadPoolExecutor$DelayedWorkQueue.take(ScheduledThreadPoolExecutor.java:809)
        at java.util.concurrent.ThreadPoolExecutor.getTask(ThreadPoolExecutor.java:1074)
        at java.util.concurrent.ThreadPoolExecutor.runWorker(ThreadPoolExecutor.java:1134)
        at java.util.concurrent.ThreadPoolExecutor$Worker.run(ThreadPoolExecutor.java:624)
        at java.lang.Thread.run(Thread.java:748)
"pool-56-thread-24"  prio=5 tid=522 in Object.wait()
java.lang.Thread.State: WAITING (on object monitor)
        at sun.misc.Unsafe.park(Native Method)
        at java.util.concurrent.locks.LockSupport.park(LockSupport.java:175)
        at java.util.concurrent.locks.AbstractQueuedSynchronizer$ConditionObject.await(AbstractQueuedSynchronizer.java:2039)
        at java.util.concurrent.ArrayBlockingQueue.take(ArrayBlockingQueue.java:403)
        at java.util.concurrent.ThreadPoolExecutor.getTask(ThreadPoolExecutor.java:1074)
        at java.util.concurrent.ThreadPoolExecutor.runWorker(ThreadPoolExecutor.java:1134)
        at java.util.concurrent.ThreadPoolExecutor$Worker.run(ThreadPoolExecutor.java:624)
        at java.lang.Thread.run(Thread.java:748)
"BlockDeletingService#0" daemon prio=5 tid=503 timed_waiting
java.lang.Thread.State: TIMED_WAITING
        at sun.misc.Unsafe.park(Native Method)
        at java.util.concurrent.locks.LockSupport.parkNanos(LockSupport.java:215)
        at java.util.concurrent.locks.AbstractQueuedSynchronizer$ConditionObject.awaitNanos(AbstractQueuedSynchronizer.java:2078)
        at java.util.concurrent.ScheduledThreadPoolExecutor$DelayedWorkQueue.take(ScheduledThreadPoolExecutor.java:1093)
        at java.util.concurrent.ScheduledThreadPoolExecutor$DelayedWorkQueue.take(ScheduledThreadPoolExecutor.java:809)
        at java.util.concurrent.ThreadPoolExecutor.getTask(ThreadPoolExecutor.java:1074)
        at java.util.concurrent.ThreadPoolExecutor.runWorker(ThreadPoolExecutor.java:1134)
        at java.util.concurrent.ThreadPoolExecutor$Worker.run(ThreadPoolExecutor.java:624)
        at java.lang.Thread.run(Thread.java:748)
"pool-26-thread-19"  prio=5 tid=350 in Object.wait()
java.lang.Thread.State: WAITING (on object monitor)
        at sun.misc.Unsafe.park(Native Method)
        at java.util.concurrent.locks.LockSupport.park(LockSupport.java:175)
        at java.util.concurrent.locks.AbstractQueuedSynchronizer$ConditionObject.await(AbstractQueuedSynchronizer.java:2039)
        at java.util.concurrent.ArrayBlockingQueue.take(ArrayBlockingQueue.java:403)
        at java.util.concurrent.ThreadPoolExecutor.getTask(ThreadPoolExecutor.java:1074)
        at java.util.concurrent.ThreadPoolExecutor.runWorker(ThreadPoolExecutor.java:1134)
        at java.util.concurrent.ThreadPoolExecutor$Worker.run(ThreadPoolExecutor.java:624)
        at java.lang.Thread.run(Thread.java:748)
"qtp689037899-299" daemon prio=5 tid=299 timed_waiting
java.lang.Thread.State: TIMED_WAITING
        at sun.misc.Unsafe.park(Native Method)
        at java.util.concurrent.locks.LockSupport.parkNanos(LockSupport.java:215)
        at java.util.concurrent.locks.AbstractQueuedSynchronizer$ConditionObject.awaitNanos(AbstractQueuedSynchronizer.java:2078)
        at org.eclipse.jetty.util.BlockingArrayQueue.poll(BlockingArrayQueue.java:392)
        at org.eclipse.jetty.util.thread.QueuedThreadPool.idleJobPoll(QueuedThreadPool.java:563)
        at org.eclipse.jetty.util.thread.QueuedThreadPool.access$800(QueuedThreadPool.java:48)
        at org.eclipse.jetty.util.thread.QueuedThreadPool$2.run(QueuedThreadPool.java:626)
        at java.lang.Thread.run(Thread.java:748)
"qtp2116606463-215-acceptor-0@256029a6-ServerConnector@152986c4{HTTP/1.1,[http/1.1]}{0.0.0.0:46410}" daemon prio=3 tid=215 runnable
java.lang.Thread.State: RUNNABLE
        at sun.nio.ch.ServerSocketChannelImpl.accept0(Native Method)
        at sun.nio.ch.ServerSocketChannelImpl.accept(ServerSocketChannelImpl.java:422)
        at sun.nio.ch.ServerSocketChannelImpl.accept(ServerSocketChannelImpl.java:250)
        at org.eclipse.jetty.server.ServerConnector.accept(ServerConnector.java:397)
        at org.eclipse.jetty.server.AbstractConnector$Acceptor.run(AbstractConnector.java:601)
        at org.eclipse.jetty.util.thread.QueuedThreadPool.runJob(QueuedThreadPool.java:671)
        at org.eclipse.jetty.util.thread.QueuedThreadPool$2.run(QueuedThreadPool.java:589)
        at java.lang.Thread.run(Thread.java:748)
"pool-36-thread-45"  prio=5 tid=403 in Object.wait()
java.lang.Thread.State: WAITING (on object monitor)
        at sun.misc.Unsafe.park(Native Method)
        at java.util.concurrent.locks.LockSupport.park(LockSupport.java:175)
        at java.util.concurrent.locks.AbstractQueuedSynchronizer$ConditionObject.await(AbstractQueuedSynchronizer.java:2039)
        at java.util.concurrent.ArrayBlockingQueue.take(ArrayBlockingQueue.java:403)
        at java.util.concurrent.ThreadPoolExecutor.getTask(ThreadPoolExecutor.java:1074)
        at java.util.concurrent.ThreadPoolExecutor.runWorker(ThreadPoolExecutor.java:1134)
        at java.util.concurrent.ThreadPoolExecutor$Worker.run(ThreadPoolExecutor.java:624)
        at java.lang.Thread.run(Thread.java:748)
"pool-46-thread-11"  prio=5 tid=445 in Object.wait()
java.lang.Thread.State: WAITING (on object monitor)
        at sun.misc.Unsafe.park(Native Method)
        at java.util.concurrent.locks.LockSupport.park(LockSupport.java:175)
        at java.util.concurrent.locks.AbstractQueuedSynchronizer$ConditionObject.await(AbstractQueuedSynchronizer.java:2039)
        at java.util.concurrent.ArrayBlockingQueue.take(ArrayBlockingQueue.java:403)
        at java.util.concurrent.ThreadPoolExecutor.getTask(ThreadPoolExecutor.java:1074)
        at java.util.concurrent.ThreadPoolExecutor.runWorker(ThreadPoolExecutor.java:1134)
        at java.util.concurrent.ThreadPoolExecutor$Worker.run(ThreadPoolExecutor.java:624)
        at java.lang.Thread.run(Thread.java:748)
"pool-66-thread-39"  prio=5 tid=602 in Object.wait()
java.lang.Thread.State: WAITING (on object monitor)
        at sun.misc.Unsafe.park(Native Method)
        at java.util.concurrent.locks.LockSupport.park(LockSupport.java:175)
        at java.util.concurrent.locks.AbstractQueuedSynchronizer$ConditionObject.await(AbstractQueuedSynchronizer.java:2039)
        at java.util.concurrent.ArrayBlockingQueue.take(ArrayBlockingQueue.java:403)
        at java.util.concurrent.ThreadPoolExecutor.getTask(ThreadPoolExecutor.java:1074)
        at java.util.concurrent.ThreadPoolExecutor.runWorker(ThreadPoolExecutor.java:1134)
        at java.util.concurrent.ThreadPoolExecutor$Worker.run(ThreadPoolExecutor.java:624)
        at java.lang.Thread.run(Thread.java:748)
"pool-76-thread-13"  prio=5 tid=638 in Object.wait()
java.lang.Thread.State: WAITING (on object monitor)
        at sun.misc.Unsafe.park(Native Method)
        at java.util.concurrent.locks.LockSupport.park(LockSupport.java:175)
        at java.util.concurrent.locks.AbstractQueuedSynchronizer$ConditionObject.await(AbstractQueuedSynchronizer.java:2039)
        at java.util.concurrent.ArrayBlockingQueue.take(ArrayBlockingQueue.java:403)
        at java.util.concurrent.ThreadPoolExecutor.getTask(ThreadPoolExecutor.java:1074)
        at java.util.concurrent.ThreadPoolExecutor.runWorker(ThreadPoolExecutor.java:1134)
        at java.util.concurrent.ThreadPoolExecutor$Worker.run(ThreadPoolExecutor.java:624)
        at java.lang.Thread.run(Thread.java:748)
"org.eclipse.jetty.server.session.HashSessionManager@3b5bc5eeTimer" daemon prio=5 tid=170 timed_waiting
java.lang.Thread.State: TIMED_WAITING
        at sun.misc.Unsafe.park(Native Method)
        at java.util.concurrent.locks.LockSupport.parkNanos(LockSupport.java:215)
        at java.util.concurrent.locks.AbstractQueuedSynchronizer$ConditionObject.awaitNanos(AbstractQueuedSynchronizer.java:2078)
        at java.util.concurrent.ScheduledThreadPoolExecutor$DelayedWorkQueue.take(ScheduledThreadPoolExecutor.java:1093)
        at java.util.concurrent.ScheduledThreadPoolExecutor$DelayedWorkQueue.take(ScheduledThreadPoolExecutor.java:809)
        at java.util.concurrent.ThreadPoolExecutor.getTask(ThreadPoolExecutor.java:1074)
        at java.util.concurrent.ThreadPoolExecutor.runWorker(ThreadPoolExecutor.java:1134)
        at java.util.concurrent.ThreadPoolExecutor$Worker.run(ThreadPoolExecutor.java:624)
        at java.lang.Thread.run(Thread.java:748)
"IPC Server handler 0 on 33440" daemon prio=5 tid=50 timed_waiting
java.lang.Thread.State: TIMED_WAITING
        at sun.misc.Unsafe.park(Native Method)
        at java.util.concurrent.locks.LockSupport.parkNanos(LockSupport.java:215)
        at java.util.concurrent.locks.AbstractQueuedSynchronizer$ConditionObject.awaitNanos(AbstractQueuedSynchronizer.java:2078)
        at java.util.concurrent.LinkedBlockingQueue.poll(LinkedBlockingQueue.java:467)
        at org.apache.hadoop.ipc.CallQueueManager.take(CallQueueManager.java:288)
        at org.apache.hadoop.ipc.Server$Handler.run(Server.java:2668)
"IPC Server handler 7 on 35347" daemon prio=5 tid=77 timed_waiting
java.lang.Thread.State: TIMED_WAITING
        at sun.misc.Unsafe.park(Native Method)
        at java.util.concurrent.locks.LockSupport.parkNanos(LockSupport.java:215)
        at java.util.concurrent.locks.AbstractQueuedSynchronizer$ConditionObject.awaitNanos(AbstractQueuedSynchronizer.java:2078)
        at java.util.concurrent.LinkedBlockingQueue.poll(LinkedBlockingQueue.java:467)
        at org.apache.hadoop.ipc.CallQueueManager.take(CallQueueManager.java:288)
        at org.apache.hadoop.ipc.Server$Handler.run(Server.java:2668)
"metrics-hadoop-metrics2-reporter-13-thread-1" daemon prio=5 tid=733 timed_waiting
java.lang.Thread.State: TIMED_WAITING
        at sun.misc.Unsafe.park(Native Method)
        at java.util.concurrent.locks.LockSupport.parkNanos(LockSupport.java:215)
        at java.util.concurrent.locks.AbstractQueuedSynchronizer$ConditionObject.awaitNanos(AbstractQueuedSynchronizer.java:2078)
        at java.util.concurrent.ScheduledThreadPoolExecutor$DelayedWorkQueue.take(ScheduledThreadPoolExecutor.java:1093)
        at java.util.concurrent.ScheduledThreadPoolExecutor$DelayedWorkQueue.take(ScheduledThreadPoolExecutor.java:809)
        at java.util.concurrent.ThreadPoolExecutor.getTask(ThreadPoolExecutor.java:1074)
        at java.util.concurrent.ThreadPoolExecutor.runWorker(ThreadPoolExecutor.java:1134)
        at java.util.concurrent.ThreadPoolExecutor$Worker.run(ThreadPoolExecutor.java:624)
        at java.lang.Thread.run(Thread.java:748)
"qtp64027122-165" daemon prio=5 tid=165 timed_waiting
java.lang.Thread.State: TIMED_WAITING
        at sun.misc.Unsafe.park(Native Method)
        at java.util.concurrent.locks.LockSupport.parkNanos(LockSupport.java:215)
        at java.util.concurrent.locks.AbstractQueuedSynchronizer$ConditionObject.awaitNanos(AbstractQueuedSynchronizer.java:2078)
        at org.eclipse.jetty.util.BlockingArrayQueue.poll(BlockingArrayQueue.java:392)
        at org.eclipse.jetty.util.thread.QueuedThreadPool.idleJobPoll(QueuedThreadPool.java:563)
        at org.eclipse.jetty.util.thread.QueuedThreadPool.access$800(QueuedThreadPool.java:48)
        at org.eclipse.jetty.util.thread.QueuedThreadPool$2.run(QueuedThreadPool.java:626)
        at java.lang.Thread.run(Thread.java:748)
"metrics-hadoop-metrics2-reporter-10-thread-1" daemon prio=5 tid=726 timed_waiting
java.lang.Thread.State: TIMED_WAITING
        at sun.misc.Unsafe.park(Native Method)
        at java.util.concurrent.locks.LockSupport.parkNanos(LockSupport.java:215)
        at java.util.concurrent.locks.AbstractQueuedSynchronizer$ConditionObject.awaitNanos(AbstractQueuedSynchronizer.java:2078)
        at java.util.concurrent.ScheduledThreadPoolExecutor$DelayedWorkQueue.take(ScheduledThreadPoolExecutor.java:1093)
        at java.util.concurrent.ScheduledThreadPoolExecutor$DelayedWorkQueue.take(ScheduledThreadPoolExecutor.java:809)
        at java.util.concurrent.ThreadPoolExecutor.getTask(ThreadPoolExecutor.java:1074)
        at java.util.concurrent.ThreadPoolExecutor.runWorker(ThreadPoolExecutor.java:1134)
        at java.util.concurrent.ThreadPoolExecutor$Worker.run(ThreadPoolExecutor.java:624)
        at java.lang.Thread.run(Thread.java:748)
"Datanode State Machine Thread - 0" daemon prio=5 tid=252 timed_waiting
java.lang.Thread.State: TIMED_WAITING
        at java.lang.Thread.sleep(Native Method)
        at org.apache.hadoop.ozone.container.common.statemachine.DatanodeStateMachine.start(DatanodeStateMachine.java:191)
        at org.apache.hadoop.ozone.container.common.statemachine.DatanodeStateMachine.lambda$startDaemon$0(DatanodeStateMachine.java:349)
        at org.apache.hadoop.ozone.container.common.statemachine.DatanodeStateMachine$$Lambda$140/532411881.run(Unknown Source)
        at java.lang.Thread.run(Thread.java:748)
"qtp1051453582-194" daemon prio=5 tid=194 timed_waiting
java.lang.Thread.State: TIMED_WAITING
        at sun.misc.Unsafe.park(Native Method)
        at java.util.concurrent.locks.LockSupport.parkNanos(LockSupport.java:215)
        at java.util.concurrent.locks.AbstractQueuedSynchronizer$ConditionObject.awaitNanos(AbstractQueuedSynchronizer.java:2078)
        at org.eclipse.jetty.util.BlockingArrayQueue.poll(BlockingArrayQueue.java:392)
        at org.eclipse.jetty.util.thread.QueuedThreadPool.idleJobPoll(QueuedThreadPool.java:563)
        at org.eclipse.jetty.util.thread.QueuedThreadPool.access$800(QueuedThreadPool.java:48)
        at org.eclipse.jetty.util.thread.QueuedThreadPool$2.run(QueuedThreadPool.java:626)
        at java.lang.Thread.run(Thread.java:748)
"qtp2116606463-221" daemon prio=5 tid=221 timed_waiting
java.lang.Thread.State: TIMED_WAITING
        at sun.misc.Unsafe.park(Native Method)
        at java.util.concurrent.locks.LockSupport.parkNanos(LockSupport.java:215)
        at java.util.concurrent.locks.AbstractQueuedSynchronizer$ConditionObject.awaitNanos(AbstractQueuedSynchronizer.java:2078)
        at org.eclipse.jetty.util.BlockingArrayQueue.poll(BlockingArrayQueue.java:392)
        at org.eclipse.jetty.util.thread.QueuedThreadPool.idleJobPoll(QueuedThreadPool.java:563)
        at org.eclipse.jetty.util.thread.QueuedThreadPool.access$800(QueuedThreadPool.java:48)
        at org.eclipse.jetty.util.thread.QueuedThreadPool$2.run(QueuedThreadPool.java:626)
        at java.lang.Thread.run(Thread.java:748)
"Periodic HDDS volume checker"  prio=5 tid=207 timed_waiting
java.lang.Thread.State: TIMED_WAITING
        at sun.misc.Unsafe.park(Native Method)
        at java.util.concurrent.locks.LockSupport.parkNanos(LockSupport.java:215)
        at java.util.concurrent.locks.AbstractQueuedSynchronizer$ConditionObject.awaitNanos(AbstractQueuedSynchronizer.java:2078)
        at java.util.concurrent.ScheduledThreadPoolExecutor$DelayedWorkQueue.take(ScheduledThreadPoolExecutor.java:1093)
        at java.util.concurrent.ScheduledThreadPoolExecutor$DelayedWorkQueue.take(ScheduledThreadPoolExecutor.java:809)
        at java.util.concurrent.ThreadPoolExecutor.getTask(ThreadPoolExecutor.java:1074)
        at java.util.concurrent.ThreadPoolExecutor.runWorker(ThreadPoolExecutor.java:1134)
        at java.util.concurrent.ThreadPoolExecutor$Worker.run(ThreadPoolExecutor.java:624)
        at java.lang.Thread.run(Thread.java:748)
"EventQueue-SafemodestatusForSafeModeHandler" daemon prio=5 tid=694 in Object.wait()
java.lang.Thread.State: WAITING (on object monitor)
        at sun.misc.Unsafe.park(Native Method)
        at java.util.concurrent.locks.LockSupport.park(LockSupport.java:175)
        at java.util.concurrent.locks.AbstractQueuedSynchronizer$ConditionObject.await(AbstractQueuedSynchronizer.java:2039)
        at java.util.concurrent.LinkedBlockingQueue.take(LinkedBlockingQueue.java:442)
        at java.util.concurrent.ThreadPoolExecutor.getTask(ThreadPoolExecutor.java:1074)
        at java.util.concurrent.ThreadPoolExecutor.runWorker(ThreadPoolExecutor.java:1134)
        at java.util.concurrent.ThreadPoolExecutor$Worker.run(ThreadPoolExecutor.java:624)
        at java.lang.Thread.run(Thread.java:748)
"BlockDeletingService#0" daemon prio=5 tid=505 timed_waiting
java.lang.Thread.State: TIMED_WAITING
        at sun.misc.Unsafe.park(Native Method)
        at java.util.concurrent.locks.LockSupport.parkNanos(LockSupport.java:215)
        at java.util.concurrent.locks.AbstractQueuedSynchronizer$ConditionObject.awaitNanos(AbstractQueuedSynchronizer.java:2078)
        at java.util.concurrent.ScheduledThreadPoolExecutor$DelayedWorkQueue.take(ScheduledThreadPoolExecutor.java:1093)
        at java.util.concurrent.ScheduledThreadPoolExecutor$DelayedWorkQueue.take(ScheduledThreadPoolExecutor.java:809)
        at java.util.concurrent.ThreadPoolExecutor.getTask(ThreadPoolExecutor.java:1074)
        at java.util.concurrent.ThreadPoolExecutor.runWorker(ThreadPoolExecutor.java:1134)
        at java.util.concurrent.ThreadPoolExecutor$Worker.run(ThreadPoolExecutor.java:624)
        at java.lang.Thread.run(Thread.java:748)
"pool-46-thread-49"  prio=5 tid=483 in Object.wait()
java.lang.Thread.State: WAITING (on object monitor)
        at sun.misc.Unsafe.park(Native Method)
        at java.util.concurrent.locks.LockSupport.park(LockSupport.java:175)
        at java.util.concurrent.locks.AbstractQueuedSynchronizer$ConditionObject.await(AbstractQueuedSynchronizer.java:2039)
        at java.util.concurrent.ArrayBlockingQueue.take(ArrayBlockingQueue.java:403)
        at java.util.concurrent.ThreadPoolExecutor.getTask(ThreadPoolExecutor.java:1074)
        at java.util.concurrent.ThreadPoolExecutor.runWorker(ThreadPoolExecutor.java:1134)
        at java.util.concurrent.ThreadPoolExecutor$Worker.run(ThreadPoolExecutor.java:624)
        at java.lang.Thread.run(Thread.java:748)
"IPC Server idle connection scanner for port 33440" daemon prio=5 tid=21 timed_waiting
java.lang.Thread.State: TIMED_WAITING
        at java.lang.Object.wait(Native Method)
        at java.util.TimerThread.mainLoop(Timer.java:552)
        at java.util.TimerThread.run(Timer.java:505)
"pool-56-thread-37"  prio=5 tid=535 in Object.wait()
java.lang.Thread.State: WAITING (on object monitor)
        at sun.misc.Unsafe.park(Native Method)
        at java.util.concurrent.locks.LockSupport.park(LockSupport.java:175)
        at java.util.concurrent.locks.AbstractQueuedSynchronizer$ConditionObject.await(AbstractQueuedSynchronizer.java:2039)
        at java.util.concurrent.ArrayBlockingQueue.take(ArrayBlockingQueue.java:403)
        at java.util.concurrent.ThreadPoolExecutor.getTask(ThreadPoolExecutor.java:1074)
        at java.util.concurrent.ThreadPoolExecutor.runWorker(ThreadPoolExecutor.java:1134)
        at java.util.concurrent.ThreadPoolExecutor$Worker.run(ThreadPoolExecutor.java:624)
        at java.lang.Thread.run(Thread.java:748)
"pool-66-thread-35"  prio=5 tid=598 in Object.wait()
java.lang.Thread.State: WAITING (on object monitor)
        at sun.misc.Unsafe.park(Native Method)
        at java.util.concurrent.locks.LockSupport.park(LockSupport.java:175)
        at java.util.concurrent.locks.AbstractQueuedSynchronizer$ConditionObject.await(AbstractQueuedSynchronizer.java:2039)
        at java.util.concurrent.ArrayBlockingQueue.take(ArrayBlockingQueue.java:403)
        at java.util.concurrent.ThreadPoolExecutor.getTask(ThreadPoolExecutor.java:1074)
        at java.util.concurrent.ThreadPoolExecutor.runWorker(ThreadPoolExecutor.java:1134)
        at java.util.concurrent.ThreadPoolExecutor$Worker.run(ThreadPoolExecutor.java:624)
        at java.lang.Thread.run(Thread.java:748)
"pool-56-thread-59"  prio=5 tid=560 in Object.wait()
java.lang.Thread.State: WAITING (on object monitor)
        at sun.misc.Unsafe.park(Native Method)
        at java.util.concurrent.locks.LockSupport.park(LockSupport.java:175)
        at java.util.concurrent.locks.AbstractQueuedSynchronizer$ConditionObject.await(AbstractQueuedSynchronizer.java:2039)
        at java.util.concurrent.ArrayBlockingQueue.take(ArrayBlockingQueue.java:403)
        at java.util.concurrent.ThreadPoolExecutor.getTask(ThreadPoolExecutor.java:1074)
        at java.util.concurrent.ThreadPoolExecutor.runWorker(ThreadPoolExecutor.java:1134)
        at java.util.concurrent.ThreadPoolExecutor$Worker.run(ThreadPoolExecutor.java:624)
        at java.lang.Thread.run(Thread.java:748)
"pool-46-thread-40"  prio=5 tid=474 in Object.wait()
java.lang.Thread.State: WAITING (on object monitor)
        at sun.misc.Unsafe.park(Native Method)
        at java.util.concurrent.locks.LockSupport.park(LockSupport.java:175)
        at java.util.concurrent.locks.AbstractQueuedSynchronizer$ConditionObject.await(AbstractQueuedSynchronizer.java:2039)
        at java.util.concurrent.ArrayBlockingQueue.take(ArrayBlockingQueue.java:403)
        at java.util.concurrent.ThreadPoolExecutor.getTask(ThreadPoolExecutor.java:1074)
        at java.util.concurrent.ThreadPoolExecutor.runWorker(ThreadPoolExecutor.java:1134)
        at java.util.concurrent.ThreadPoolExecutor$Worker.run(ThreadPoolExecutor.java:624)
        at java.lang.Thread.run(Thread.java:748)
"qtp693544819-244" daemon prio=5 tid=244 timed_waiting
java.lang.Thread.State: TIMED_WAITING
        at sun.misc.Unsafe.park(Native Method)
        at java.util.concurrent.locks.LockSupport.parkNanos(LockSupport.java:215)
        at java.util.concurrent.locks.AbstractQueuedSynchronizer$ConditionObject.awaitNanos(AbstractQueuedSynchronizer.java:2078)
        at org.eclipse.jetty.util.BlockingArrayQueue.poll(BlockingArrayQueue.java:392)
        at org.eclipse.jetty.util.thread.QueuedThreadPool.idleJobPoll(QueuedThreadPool.java:563)
        at org.eclipse.jetty.util.thread.QueuedThreadPool.access$800(QueuedThreadPool.java:48)
        at org.eclipse.jetty.util.thread.QueuedThreadPool$2.run(QueuedThreadPool.java:626)
        at java.lang.Thread.run(Thread.java:748)
"pool-46-thread-33"  prio=5 tid=467 in Object.wait()
java.lang.Thread.State: WAITING (on object monitor)
        at sun.misc.Unsafe.park(Native Method)
        at java.util.concurrent.locks.LockSupport.park(LockSupport.java:175)
        at java.util.concurrent.locks.AbstractQueuedSynchronizer$ConditionObject.await(AbstractQueuedSynchronizer.java:2039)
        at java.util.concurrent.ArrayBlockingQueue.take(ArrayBlockingQueue.java:403)
        at java.util.concurrent.ThreadPoolExecutor.getTask(ThreadPoolExecutor.java:1074)
        at java.util.concurrent.ThreadPoolExecutor.runWorker(ThreadPoolExecutor.java:1134)
        at java.util.concurrent.ThreadPoolExecutor$Worker.run(ThreadPoolExecutor.java:624)
        at java.lang.Thread.run(Thread.java:748)
"pool-26-thread-28"  prio=5 tid=370 in Object.wait()
java.lang.Thread.State: WAITING (on object monitor)
        at sun.misc.Unsafe.park(Native Method)
        at java.util.concurrent.locks.LockSupport.park(LockSupport.java:175)
        at java.util.concurrent.locks.AbstractQueuedSynchronizer$ConditionObject.await(AbstractQueuedSynchronizer.java:2039)
        at java.util.concurrent.ArrayBlockingQueue.take(ArrayBlockingQueue.java:403)
        at java.util.concurrent.ThreadPoolExecutor.getTask(ThreadPoolExecutor.java:1074)
        at java.util.concurrent.ThreadPoolExecutor.runWorker(ThreadPoolExecutor.java:1134)
        at java.util.concurrent.ThreadPoolExecutor$Worker.run(ThreadPoolExecutor.java:624)
        at java.lang.Thread.run(Thread.java:748)
"pool-26-thread-3"  prio=5 tid=318 in Object.wait()
java.lang.Thread.State: WAITING (on object monitor)
        at sun.misc.Unsafe.park(Native Method)
        at java.util.concurrent.locks.LockSupport.park(LockSupport.java:175)
        at java.util.concurrent.locks.AbstractQueuedSynchronizer$ConditionObject.await(AbstractQueuedSynchronizer.java:2039)
        at java.util.concurrent.ArrayBlockingQueue.take(ArrayBlockingQueue.java:403)
        at java.util.concurrent.ThreadPoolExecutor.getTask(ThreadPoolExecutor.java:1074)
        at java.util.concurrent.ThreadPoolExecutor.runWorker(ThreadPoolExecutor.java:1134)
        at java.util.concurrent.ThreadPoolExecutor$Worker.run(ThreadPoolExecutor.java:624)
        at java.lang.Thread.run(Thread.java:748)
"IPC Server handler 18 on 33440" daemon prio=5 tid=68 timed_waiting
java.lang.Thread.State: TIMED_WAITING
        at sun.misc.Unsafe.park(Native Method)
        at java.util.concurrent.locks.LockSupport.parkNanos(LockSupport.java:215)
        at java.util.concurrent.locks.AbstractQueuedSynchronizer$ConditionObject.awaitNanos(AbstractQueuedSynchronizer.java:2078)
        at java.util.concurrent.LinkedBlockingQueue.poll(LinkedBlockingQueue.java:467)
        at org.apache.hadoop.ipc.CallQueueManager.take(CallQueueManager.java:288)
        at org.apache.hadoop.ipc.Server$Handler.run(Server.java:2668)
"IPC Server idle connection scanner for port 41091" daemon prio=5 tid=110 timed_waiting
java.lang.Thread.State: TIMED_WAITING
        at java.lang.Object.wait(Native Method)
        at java.util.TimerThread.mainLoop(Timer.java:552)
        at java.util.TimerThread.run(Timer.java:505)
"java.util.concurrent.ThreadPoolExecutor$Worker@394ca237[State = -1, empty queue]" daemon prio=5 tid=841 timed_waiting
java.lang.Thread.State: TIMED_WAITING
        at sun.misc.Unsafe.park(Native Method)
        at java.util.concurrent.locks.LockSupport.parkNanos(LockSupport.java:215)
        at java.util.concurrent.locks.AbstractQueuedSynchronizer$ConditionObject.awaitNanos(AbstractQueuedSynchronizer.java:2078)
        at java.util.concurrent.ScheduledThreadPoolExecutor$DelayedWorkQueue.take(ScheduledThreadPoolExecutor.java:1093)
        at java.util.concurrent.ScheduledThreadPoolExecutor$DelayedWorkQueue.take(ScheduledThreadPoolExecutor.java:809)
        at java.util.concurrent.ThreadPoolExecutor.getTask(ThreadPoolExecutor.java:1074)
        at java.util.concurrent.ThreadPoolExecutor.runWorker(ThreadPoolExecutor.java:1134)
        at java.util.concurrent.ThreadPoolExecutor$Worker.run(ThreadPoolExecutor.java:624)
        at java.lang.Thread.run(Thread.java:748)
"pool-56-thread-35"  prio=5 tid=533 in Object.wait()
java.lang.Thread.State: WAITING (on object monitor)
        at sun.misc.Unsafe.park(Native Method)
        at java.util.concurrent.locks.LockSupport.park(LockSupport.java:175)
        at java.util.concurrent.locks.AbstractQueuedSynchronizer$ConditionObject.await(AbstractQueuedSynchronizer.java:2039)
        at java.util.concurrent.ArrayBlockingQueue.take(ArrayBlockingQueue.java:403)
        at java.util.concurrent.ThreadPoolExecutor.getTask(ThreadPoolExecutor.java:1074)
        at java.util.concurrent.ThreadPoolExecutor.runWorker(ThreadPoolExecutor.java:1134)
        at java.util.concurrent.ThreadPoolExecutor$Worker.run(ThreadPoolExecutor.java:624)
        at java.lang.Thread.run(Thread.java:748)
"IPC Server listener on 33440" daemon prio=5 tid=19 runnable
java.lang.Thread.State: RUNNABLE
        at sun.nio.ch.EPollArrayWrapper.epollWait(Native Method)
        at sun.nio.ch.EPollArrayWrapper.poll(EPollArrayWrapper.java:269)
        at sun.nio.ch.EPollSelectorImpl.doSelect(EPollSelectorImpl.java:93)
        at sun.nio.ch.SelectorImpl.lockAndDoSelect(SelectorImpl.java:86)
        at sun.nio.ch.SelectorImpl.select(SelectorImpl.java:97)
        at sun.nio.ch.SelectorImpl.select(SelectorImpl.java:101)
        at org.apache.hadoop.ipc.Server$Listener.run(Server.java:1159)
"IPC Server idle connection scanner for port 35347" daemon prio=5 tid=17 timed_waiting
java.lang.Thread.State: TIMED_WAITING
        at java.lang.Object.wait(Native Method)
        at java.util.TimerThread.mainLoop(Timer.java:552)
        at java.util.TimerThread.run(Timer.java:505)
"pool-76-thread-38"  prio=5 tid=663 in Object.wait()
java.lang.Thread.State: WAITING (on object monitor)
        at sun.misc.Unsafe.park(Native Method)
        at java.util.concurrent.locks.LockSupport.park(LockSupport.java:175)
        at java.util.concurrent.locks.AbstractQueuedSynchronizer$ConditionObject.await(AbstractQueuedSynchronizer.java:2039)
        at java.util.concurrent.ArrayBlockingQueue.take(ArrayBlockingQueue.java:403)
        at java.util.concurrent.ThreadPoolExecutor.getTask(ThreadPoolExecutor.java:1074)
        at java.util.concurrent.ThreadPoolExecutor.runWorker(ThreadPoolExecutor.java:1134)
        at java.util.concurrent.ThreadPoolExecutor$Worker.run(ThreadPoolExecutor.java:624)
        at java.lang.Thread.run(Thread.java:748)
"pool-76-thread-37"  prio=5 tid=662 in Object.wait()
java.lang.Thread.State: WAITING (on object monitor)
        at sun.misc.Unsafe.park(Native Method)
        at java.util.concurrent.locks.LockSupport.park(LockSupport.java:175)
        at java.util.concurrent.locks.AbstractQueuedSynchronizer$ConditionObject.await(AbstractQueuedSynchronizer.java:2039)
        at java.util.concurrent.ArrayBlockingQueue.take(ArrayBlockingQueue.java:403)
        at java.util.concurrent.ThreadPoolExecutor.getTask(ThreadPoolExecutor.java:1074)
        at java.util.concurrent.ThreadPoolExecutor.runWorker(ThreadPoolExecutor.java:1134)
        at java.util.concurrent.ThreadPoolExecutor$Worker.run(ThreadPoolExecutor.java:624)
        at java.lang.Thread.run(Thread.java:748)
"pool-24-thread-1" daemon prio=5 tid=157 timed_waiting
java.lang.Thread.State: TIMED_WAITING
        at sun.misc.Unsafe.park(Native Method)
        at java.util.concurrent.locks.LockSupport.parkNanos(LockSupport.java:215)
        at java.util.concurrent.locks.AbstractQueuedSynchronizer$ConditionObject.awaitNanos(AbstractQueuedSynchronizer.java:2078)
        at java.util.concurrent.ScheduledThreadPoolExecutor$DelayedWorkQueue.take(ScheduledThreadPoolExecutor.java:1093)
        at java.util.concurrent.ScheduledThreadPoolExecutor$DelayedWorkQueue.take(ScheduledThreadPoolExecutor.java:809)
        at java.util.concurrent.ThreadPoolExecutor.getTask(ThreadPoolExecutor.java:1074)
        at java.util.concurrent.ThreadPoolExecutor.runWorker(ThreadPoolExecutor.java:1134)
        at java.util.concurrent.ThreadPoolExecutor$Worker.run(ThreadPoolExecutor.java:624)
        at java.lang.Thread.run(Thread.java:748)
"metrics-hadoop-metrics2-reporter-78-thread-1" daemon prio=5 tid=1033 timed_waiting
java.lang.Thread.State: TIMED_WAITING
        at sun.misc.Unsafe.park(Native Method)
        at java.util.concurrent.locks.LockSupport.parkNanos(LockSupport.java:215)
        at java.util.concurrent.locks.AbstractQueuedSynchronizer$ConditionObject.awaitNanos(AbstractQueuedSynchronizer.java:2078)
        at java.util.concurrent.ScheduledThreadPoolExecutor$DelayedWorkQueue.take(ScheduledThreadPoolExecutor.java:1093)
        at java.util.concurrent.ScheduledThreadPoolExecutor$DelayedWorkQueue.take(ScheduledThreadPoolExecutor.java:809)
        at java.util.concurrent.ThreadPoolExecutor.getTask(ThreadPoolExecutor.java:1074)
        at java.util.concurrent.ThreadPoolExecutor.runWorker(ThreadPoolExecutor.java:1134)
        at java.util.concurrent.ThreadPoolExecutor$Worker.run(ThreadPoolExecutor.java:624)
        at java.lang.Thread.run(Thread.java:748)
"refreshUsed-/workdir/hadoop-ozone/integration-test/target/test-dir/MiniOzoneClusterImpl-58fc3ecd-0fbd-4e7b-a09c-4106a93dde4d/datanode-3/data/containers" daemon prio=5 tid=236 timed_waiting
java.lang.Thread.State: TIMED_WAITING
        at java.lang.Thread.sleep(Native Method)
        at org.apache.hadoop.fs.CachingGetSpaceUsed$RefreshThread.run(CachingGetSpaceUsed.java:179)
        at java.lang.Thread.run(Thread.java:748)
"metrics-hadoop-metrics2-reporter-26-thread-1" daemon prio=5 tid=764 timed_waiting
java.lang.Thread.State: TIMED_WAITING
        at sun.misc.Unsafe.park(Native Method)
        at java.util.concurrent.locks.LockSupport.parkNanos(LockSupport.java:215)
        at java.util.concurrent.locks.AbstractQueuedSynchronizer$ConditionObject.awaitNanos(AbstractQueuedSynchronizer.java:2078)
        at java.util.concurrent.ScheduledThreadPoolExecutor$DelayedWorkQueue.take(ScheduledThreadPoolExecutor.java:1093)
        at java.util.concurrent.ScheduledThreadPoolExecutor$DelayedWorkQueue.take(ScheduledThreadPoolExecutor.java:809)
        at java.util.concurrent.ThreadPoolExecutor.getTask(ThreadPoolExecutor.java:1074)
        at java.util.concurrent.ThreadPoolExecutor.runWorker(ThreadPoolExecutor.java:1134)
        at java.util.concurrent.ThreadPoolExecutor$Worker.run(ThreadPoolExecutor.java:624)
        at java.lang.Thread.run(Thread.java:748)
"pool-26-thread-39"  prio=5 tid=391 in Object.wait()
java.lang.Thread.State: WAITING (on object monitor)
        at sun.misc.Unsafe.park(Native Method)
        at java.util.concurrent.locks.LockSupport.park(LockSupport.java:175)
        at java.util.concurrent.locks.AbstractQueuedSynchronizer$ConditionObject.await(AbstractQueuedSynchronizer.java:2039)
        at java.util.concurrent.ArrayBlockingQueue.take(ArrayBlockingQueue.java:403)
        at java.util.concurrent.ThreadPoolExecutor.getTask(ThreadPoolExecutor.java:1074)
        at java.util.concurrent.ThreadPoolExecutor.runWorker(ThreadPoolExecutor.java:1134)
        at java.util.concurrent.ThreadPoolExecutor$Worker.run(ThreadPoolExecutor.java:624)
        at java.lang.Thread.run(Thread.java:748)
"metrics-hadoop-metrics2-reporter-60-thread-1" daemon prio=5 tid=933 timed_waiting
java.lang.Thread.State: TIMED_WAITING
        at sun.misc.Unsafe.park(Native Method)
        at java.util.concurrent.locks.LockSupport.parkNanos(LockSupport.java:215)
        at java.util.concurrent.locks.AbstractQueuedSynchronizer$ConditionObject.awaitNanos(AbstractQueuedSynchronizer.java:2078)
        at java.util.concurrent.ScheduledThreadPoolExecutor$DelayedWorkQueue.take(ScheduledThreadPoolExecutor.java:1093)
        at java.util.concurrent.ScheduledThreadPoolExecutor$DelayedWorkQueue.take(ScheduledThreadPoolExecutor.java:809)
        at java.util.concurrent.ThreadPoolExecutor.getTask(ThreadPoolExecutor.java:1074)
        at java.util.concurrent.ThreadPoolExecutor.runWorker(ThreadPoolExecutor.java:1134)
        at java.util.concurrent.ThreadPoolExecutor$Worker.run(ThreadPoolExecutor.java:624)
        at java.lang.Thread.run(Thread.java:748)
"pool-76-thread-16"  prio=5 tid=641 in Object.wait()
java.lang.Thread.State: WAITING (on object monitor)
        at sun.misc.Unsafe.park(Native Method)
        at java.util.concurrent.locks.LockSupport.park(LockSupport.java:175)
        at java.util.concurrent.locks.AbstractQueuedSynchronizer$ConditionObject.await(AbstractQueuedSynchronizer.java:2039)
        at java.util.concurrent.ArrayBlockingQueue.take(ArrayBlockingQueue.java:403)
        at java.util.concurrent.ThreadPoolExecutor.getTask(ThreadPoolExecutor.java:1074)
        at java.util.concurrent.ThreadPoolExecutor.runWorker(ThreadPoolExecutor.java:1134)
        at java.util.concurrent.ThreadPoolExecutor$Worker.run(ThreadPoolExecutor.java:624)
        at java.lang.Thread.run(Thread.java:748)
"pool-56-thread-55"  prio=5 tid=556 in Object.wait()
java.lang.Thread.State: WAITING (on object monitor)
        at sun.misc.Unsafe.park(Native Method)
        at java.util.concurrent.locks.LockSupport.park(LockSupport.java:175)
        at java.util.concurrent.locks.AbstractQueuedSynchronizer$ConditionObject.await(AbstractQueuedSynchronizer.java:2039)
        at java.util.concurrent.ArrayBlockingQueue.take(ArrayBlockingQueue.java:403)
        at java.util.concurrent.ThreadPoolExecutor.getTask(ThreadPoolExecutor.java:1074)
        at java.util.concurrent.ThreadPoolExecutor.runWorker(ThreadPoolExecutor.java:1134)
        at java.util.concurrent.ThreadPoolExecutor$Worker.run(ThreadPoolExecutor.java:624)
        at java.lang.Thread.run(Thread.java:748)
"metrics-hadoop-metrics2-reporter-17-thread-1" daemon prio=5 tid=741 timed_waiting
java.lang.Thread.State: TIMED_WAITING
        at sun.misc.Unsafe.park(Native Method)
        at java.util.concurrent.locks.LockSupport.parkNanos(LockSupport.java:215)
        at java.util.concurrent.locks.AbstractQueuedSynchronizer$ConditionObject.awaitNanos(AbstractQueuedSynchronizer.java:2078)
        at java.util.concurrent.ScheduledThreadPoolExecutor$DelayedWorkQueue.take(ScheduledThreadPoolExecutor.java:1093)
        at java.util.concurrent.ScheduledThreadPoolExecutor$DelayedWorkQueue.take(ScheduledThreadPoolExecutor.java:809)
        at java.util.concurrent.ThreadPoolExecutor.getTask(ThreadPoolExecutor.java:1074)
        at java.util.concurrent.ThreadPoolExecutor.runWorker(ThreadPoolExecutor.java:1134)
        at java.util.concurrent.ThreadPoolExecutor$Worker.run(ThreadPoolExecutor.java:624)
        at java.lang.Thread.run(Thread.java:748)
"pool-66-thread-23"  prio=5 tid=586 in Object.wait()
java.lang.Thread.State: WAITING (on object monitor)
        at sun.misc.Unsafe.park(Native Method)
        at java.util.concurrent.locks.LockSupport.park(LockSupport.java:175)
        at java.util.concurrent.locks.AbstractQueuedSynchronizer$ConditionObject.await(AbstractQueuedSynchronizer.java:2039)
        at java.util.concurrent.ArrayBlockingQueue.take(ArrayBlockingQueue.java:403)
        at java.util.concurrent.ThreadPoolExecutor.getTask(ThreadPoolExecutor.java:1074)
        at java.util.concurrent.ThreadPoolExecutor.runWorker(ThreadPoolExecutor.java:1134)
        at java.util.concurrent.ThreadPoolExecutor$Worker.run(ThreadPoolExecutor.java:624)
        at java.lang.Thread.run(Thread.java:748)
"pool-46-thread-10"  prio=5 tid=444 in Object.wait()
java.lang.Thread.State: WAITING (on object monitor)
        at sun.misc.Unsafe.park(Native Method)
        at java.util.concurrent.locks.LockSupport.park(LockSupport.java:175)
        at java.util.concurrent.locks.AbstractQueuedSynchronizer$ConditionObject.await(AbstractQueuedSynchronizer.java:2039)
        at java.util.concurrent.ArrayBlockingQueue.take(ArrayBlockingQueue.java:403)
        at java.util.concurrent.ThreadPoolExecutor.getTask(ThreadPoolExecutor.java:1074)
        at java.util.concurrent.ThreadPoolExecutor.runWorker(ThreadPoolExecutor.java:1134)
        at java.util.concurrent.ThreadPoolExecutor$Worker.run(ThreadPoolExecutor.java:624)
        at java.lang.Thread.run(Thread.java:748)
"pool-26-thread-59"  prio=5 tid=433 in Object.wait()
java.lang.Thread.State: WAITING (on object monitor)
        at sun.misc.Unsafe.park(Native Method)
        at java.util.concurrent.locks.LockSupport.park(LockSupport.java:175)
        at java.util.concurrent.locks.AbstractQueuedSynchronizer$ConditionObject.await(AbstractQueuedSynchronizer.java:2039)
        at java.util.concurrent.ArrayBlockingQueue.take(ArrayBlockingQueue.java:403)
        at java.util.concurrent.ThreadPoolExecutor.getTask(ThreadPoolExecutor.java:1074)
        at java.util.concurrent.ThreadPoolExecutor.runWorker(ThreadPoolExecutor.java:1134)
        at java.util.concurrent.ThreadPoolExecutor$Worker.run(ThreadPoolExecutor.java:624)
        at java.lang.Thread.run(Thread.java:748)
"pool-26-thread-46"  prio=5 tid=406 in Object.wait()
java.lang.Thread.State: WAITING (on object monitor)
        at sun.misc.Unsafe.park(Native Method)
        at java.util.concurrent.locks.LockSupport.park(LockSupport.java:175)
        at java.util.concurrent.locks.AbstractQueuedSynchronizer$ConditionObject.await(AbstractQueuedSynchronizer.java:2039)
        at java.util.concurrent.ArrayBlockingQueue.take(ArrayBlockingQueue.java:403)
        at java.util.concurrent.ThreadPoolExecutor.getTask(ThreadPoolExecutor.java:1074)
        at java.util.concurrent.ThreadPoolExecutor.runWorker(ThreadPoolExecutor.java:1134)
        at java.util.concurrent.ThreadPoolExecutor$Worker.run(ThreadPoolExecutor.java:624)
        at java.lang.Thread.run(Thread.java:748)
"Datanode State Machine Thread - 0" daemon prio=5 tid=181 timed_waiting
java.lang.Thread.State: TIMED_WAITING
        at sun.misc.Unsafe.park(Native Method)
        at java.util.concurrent.locks.LockSupport.parkNanos(LockSupport.java:215)
        at java.util.concurrent.SynchronousQueue$TransferStack.awaitFulfill(SynchronousQueue.java:460)
        at java.util.concurrent.SynchronousQueue$TransferStack.transfer(SynchronousQueue.java:362)
        at java.util.concurrent.SynchronousQueue.poll(SynchronousQueue.java:941)
        at java.util.concurrent.ThreadPoolExecutor.getTask(ThreadPoolExecutor.java:1073)
        at java.util.concurrent.ThreadPoolExecutor.runWorker(ThreadPoolExecutor.java:1134)
        at java.util.concurrent.ThreadPoolExecutor$Worker.run(ThreadPoolExecutor.java:624)
        at java.lang.Thread.run(Thread.java:748)
"IPC Server handler 14 on 41091" daemon prio=5 tid=130 timed_waiting
java.lang.Thread.State: TIMED_WAITING
        at sun.misc.Unsafe.park(Native Method)
        at java.util.concurrent.locks.LockSupport.parkNanos(LockSupport.java:215)
        at java.util.concurrent.locks.AbstractQueuedSynchronizer$ConditionObject.awaitNanos(AbstractQueuedSynchronizer.java:2078)
        at java.util.concurrent.LinkedBlockingQueue.poll(LinkedBlockingQueue.java:467)
        at org.apache.hadoop.ipc.CallQueueManager.take(CallQueueManager.java:288)
        at org.apache.hadoop.ipc.Server$Handler.run(Server.java:2668)
"SCMBlockDeletingService#0" daemon prio=5 tid=102 timed_waiting
java.lang.Thread.State: TIMED_WAITING
        at sun.misc.Unsafe.park(Native Method)
        at java.util.concurrent.locks.LockSupport.parkNanos(LockSupport.java:215)
        at java.util.concurrent.locks.AbstractQueuedSynchronizer$ConditionObject.awaitNanos(AbstractQueuedSynchronizer.java:2078)
        at java.util.concurrent.ScheduledThreadPoolExecutor$DelayedWorkQueue.take(ScheduledThreadPoolExecutor.java:1093)
        at java.util.concurrent.ScheduledThreadPoolExecutor$DelayedWorkQueue.take(ScheduledThreadPoolExecutor.java:809)
        at java.util.concurrent.ThreadPoolExecutor.getTask(ThreadPoolExecutor.java:1074)
        at java.util.concurrent.ThreadPoolExecutor.runWorker(ThreadPoolExecutor.java:1134)
        at java.util.concurrent.ThreadPoolExecutor$Worker.run(ThreadPoolExecutor.java:624)
        at java.lang.Thread.run(Thread.java:748)
"pool-56-thread-41"  prio=5 tid=542 in Object.wait()
java.lang.Thread.State: WAITING (on object monitor)
        at sun.misc.Unsafe.park(Native Method)
        at java.util.concurrent.locks.LockSupport.park(LockSupport.java:175)
        at java.util.concurrent.locks.AbstractQueuedSynchronizer$ConditionObject.await(AbstractQueuedSynchronizer.java:2039)
        at java.util.concurrent.ArrayBlockingQueue.take(ArrayBlockingQueue.java:403)
        at java.util.concurrent.ThreadPoolExecutor.getTask(ThreadPoolExecutor.java:1074)
        at java.util.concurrent.ThreadPoolExecutor.runWorker(ThreadPoolExecutor.java:1134)
        at java.util.concurrent.ThreadPoolExecutor$Worker.run(ThreadPoolExecutor.java:624)
        at java.lang.Thread.run(Thread.java:748)
"grpc-default-worker-ELG-3-3" daemon prio=5 tid=700 runnable
java.lang.Thread.State: RUNNABLE
        at sun.nio.ch.EPollArrayWrapper.epollWait(Native Method)
        at sun.nio.ch.EPollArrayWrapper.poll(EPollArrayWrapper.java:269)
        at sun.nio.ch.EPollSelectorImpl.doSelect(EPollSelectorImpl.java:93)
        at sun.nio.ch.SelectorImpl.lockAndDoSelect(SelectorImpl.java:86)
        at sun.nio.ch.SelectorImpl.select(SelectorImpl.java:97)
        at org.apache.ratis.thirdparty.io.netty.channel.nio.SelectedSelectionKeySetSelector.select(SelectedSelectionKeySetSelector.java:62)
        at org.apache.ratis.thirdparty.io.netty.channel.nio.NioEventLoop.select(NioEventLoop.java:753)
        at org.apache.ratis.thirdparty.io.netty.channel.nio.NioEventLoop.run(NioEventLoop.java:408)
        at org.apache.ratis.thirdparty.io.netty.util.concurrent.SingleThreadEventExecutor$5.run(SingleThreadEventExecutor.java:897)
        at org.apache.ratis.thirdparty.io.netty.util.concurrent.FastThreadLocalRunnable.run(FastThreadLocalRunnable.java:30)
        at java.lang.Thread.run(Thread.java:748)
"pool-76-thread-28"  prio=5 tid=653 in Object.wait()
java.lang.Thread.State: WAITING (on object monitor)
        at sun.misc.Unsafe.park(Native Method)
        at java.util.concurrent.locks.LockSupport.park(LockSupport.java:175)
        at java.util.concurrent.locks.AbstractQueuedSynchronizer$ConditionObject.await(AbstractQueuedSynchronizer.java:2039)
        at java.util.concurrent.ArrayBlockingQueue.take(ArrayBlockingQueue.java:403)
        at java.util.concurrent.ThreadPoolExecutor.getTask(ThreadPoolExecutor.java:1074)
        at java.util.concurrent.ThreadPoolExecutor.runWorker(ThreadPoolExecutor.java:1134)
        at java.util.concurrent.ThreadPoolExecutor$Worker.run(ThreadPoolExecutor.java:624)
        at java.lang.Thread.run(Thread.java:748)
"4b487190-7547-40c7-b780-43c37a89e8eb@group-E11C942201EC-StateMachineUpdater" daemon prio=5 tid=751 in Object.wait()
java.lang.Thread.State: WAITING (on object monitor)
        at java.lang.Object.wait(Native Method)
        at java.lang.Object.wait(Object.java:502)
        at org.apache.ratis.server.impl.StateMachineUpdater.waitForCommit(StateMachineUpdater.java:194)
        at org.apache.ratis.server.impl.StateMachineUpdater.run(StateMachineUpdater.java:159)
        at java.lang.Thread.run(Thread.java:748)
"9334f5f3-1c9b-4a41-9735-40b3bdb856ca@group-69898A346AAC-SegmentedRaftLogWorker"  prio=5 tid=928 timed_waiting
java.lang.Thread.State: TIMED_WAITING
        at sun.misc.Unsafe.park(Native Method)
        at java.util.concurrent.locks.LockSupport.parkNanos(LockSupport.java:215)
        at java.util.concurrent.locks.AbstractQueuedSynchronizer$ConditionObject.awaitNanos(AbstractQueuedSynchronizer.java:2078)
        at org.apache.ratis.util.DataBlockingQueue.poll(DataBlockingQueue.java:137)
        at org.apache.ratis.server.raftlog.segmented.SegmentedRaftLogWorker.run(SegmentedRaftLogWorker.java:282)
        at java.lang.Thread.run(Thread.java:748)
"pool-56-thread-47"  prio=5 tid=548 in Object.wait()
java.lang.Thread.State: WAITING (on object monitor)
        at sun.misc.Unsafe.park(Native Method)
        at java.util.concurrent.locks.LockSupport.park(LockSupport.java:175)
        at java.util.concurrent.locks.AbstractQueuedSynchronizer$ConditionObject.await(AbstractQueuedSynchronizer.java:2039)
        at java.util.concurrent.ArrayBlockingQueue.take(ArrayBlockingQueue.java:403)
        at java.util.concurrent.ThreadPoolExecutor.getTask(ThreadPoolExecutor.java:1074)
        at java.util.concurrent.ThreadPoolExecutor.runWorker(ThreadPoolExecutor.java:1134)
        at java.util.concurrent.ThreadPoolExecutor$Worker.run(ThreadPoolExecutor.java:624)
        at java.lang.Thread.run(Thread.java:748)
"9334f5f3-1c9b-4a41-9735-40b3bdb856ca@group-AD32415A553A-SegmentedRaftLogWorker"  prio=5 tid=738 timed_waiting
java.lang.Thread.State: TIMED_WAITING
        at sun.misc.Unsafe.park(Native Method)
        at java.util.concurrent.locks.LockSupport.parkNanos(LockSupport.java:215)
        at java.util.concurrent.locks.AbstractQueuedSynchronizer$ConditionObject.awaitNanos(AbstractQueuedSynchronizer.java:2078)
        at org.apache.ratis.util.DataBlockingQueue.poll(DataBlockingQueue.java:137)
        at org.apache.ratis.server.raftlog.segmented.SegmentedRaftLogWorker.run(SegmentedRaftLogWorker.java:282)
        at java.lang.Thread.run(Thread.java:748)
"pool-36-thread-43"  prio=5 tid=399 in Object.wait()
java.lang.Thread.State: WAITING (on object monitor)
        at sun.misc.Unsafe.park(Native Method)
        at java.util.concurrent.locks.LockSupport.park(LockSupport.java:175)
        at java.util.concurrent.locks.AbstractQueuedSynchronizer$ConditionObject.await(AbstractQueuedSynchronizer.java:2039)
        at java.util.concurrent.ArrayBlockingQueue.take(ArrayBlockingQueue.java:403)
        at java.util.concurrent.ThreadPoolExecutor.getTask(ThreadPoolExecutor.java:1074)
        at java.util.concurrent.ThreadPoolExecutor.runWorker(ThreadPoolExecutor.java:1134)
        at java.util.concurrent.ThreadPoolExecutor$Worker.run(ThreadPoolExecutor.java:624)
        at java.lang.Thread.run(Thread.java:748)
"IPC Server handler 16 on 35347" daemon prio=5 tid=86 timed_waiting
java.lang.Thread.State: TIMED_WAITING
        at sun.misc.Unsafe.park(Native Method)
        at java.util.concurrent.locks.LockSupport.parkNanos(LockSupport.java:215)
        at java.util.concurrent.locks.AbstractQueuedSynchronizer$ConditionObject.awaitNanos(AbstractQueuedSynchronizer.java:2078)
        at java.util.concurrent.LinkedBlockingQueue.poll(LinkedBlockingQueue.java:467)
        at org.apache.hadoop.ipc.CallQueueManager.take(CallQueueManager.java:288)
        at org.apache.hadoop.ipc.Server$Handler.run(Server.java:2668)
"Datanode State Machine Thread - 0" daemon prio=5 tid=225 timed_waiting
java.lang.Thread.State: TIMED_WAITING
        at java.lang.Thread.sleep(Native Method)
        at org.apache.hadoop.ozone.container.common.statemachine.DatanodeStateMachine.start(DatanodeStateMachine.java:191)
        at org.apache.hadoop.ozone.container.common.statemachine.DatanodeStateMachine.lambda$startDaemon$0(DatanodeStateMachine.java:349)
        at org.apache.hadoop.ozone.container.common.statemachine.DatanodeStateMachine$$Lambda$140/532411881.run(Unknown Source)
        at java.lang.Thread.run(Thread.java:748)
"metrics-hadoop-metrics2-reporter-12-thread-1" daemon prio=5 tid=730 timed_waiting
java.lang.Thread.State: TIMED_WAITING
        at sun.misc.Unsafe.park(Native Method)
        at java.util.concurrent.locks.LockSupport.parkNanos(LockSupport.java:215)
        at java.util.concurrent.locks.AbstractQueuedSynchronizer$ConditionObject.awaitNanos(AbstractQueuedSynchronizer.java:2078)
        at java.util.concurrent.ScheduledThreadPoolExecutor$DelayedWorkQueue.take(ScheduledThreadPoolExecutor.java:1093)
        at java.util.concurrent.ScheduledThreadPoolExecutor$DelayedWorkQueue.take(ScheduledThreadPoolExecutor.java:809)
        at java.util.concurrent.ThreadPoolExecutor.getTask(ThreadPoolExecutor.java:1074)
        at java.util.concurrent.ThreadPoolExecutor.runWorker(ThreadPoolExecutor.java:1134)
        at java.util.concurrent.ThreadPoolExecutor$Worker.run(ThreadPoolExecutor.java:624)
        at java.lang.Thread.run(Thread.java:748)
"pool-66-thread-30"  prio=5 tid=593 in Object.wait()
java.lang.Thread.State: WAITING (on object monitor)
        at sun.misc.Unsafe.park(Native Method)
        at java.util.concurrent.locks.LockSupport.park(LockSupport.java:175)
        at java.util.concurrent.locks.AbstractQueuedSynchronizer$ConditionObject.await(AbstractQueuedSynchronizer.java:2039)
        at java.util.concurrent.ArrayBlockingQueue.take(ArrayBlockingQueue.java:403)
        at java.util.concurrent.ThreadPoolExecutor.getTask(ThreadPoolExecutor.java:1074)
        at java.util.concurrent.ThreadPoolExecutor.runWorker(ThreadPoolExecutor.java:1134)
        at java.util.concurrent.ThreadPoolExecutor$Worker.run(ThreadPoolExecutor.java:624)
        at java.lang.Thread.run(Thread.java:748)
"3d3aac8b-d4d1-454d-bf0c-88a180692893@group-BAC069DAEF17-StateMachineUpdater" daemon prio=5 tid=949 in Object.wait()
java.lang.Thread.State: WAITING (on object monitor)
        at java.lang.Object.wait(Native Method)
        at java.lang.Object.wait(Object.java:502)
        at org.apache.ratis.server.impl.StateMachineUpdater.waitForCommit(StateMachineUpdater.java:194)
        at org.apache.ratis.server.impl.StateMachineUpdater.run(StateMachineUpdater.java:159)
        at java.lang.Thread.run(Thread.java:748)
"IPC Server handler 16 on 33888" daemon prio=5 tid=46 timed_waiting
java.lang.Thread.State: TIMED_WAITING
        at sun.misc.Unsafe.park(Native Method)
        at java.util.concurrent.locks.LockSupport.parkNanos(LockSupport.java:215)
        at java.util.concurrent.locks.AbstractQueuedSynchronizer$ConditionObject.awaitNanos(AbstractQueuedSynchronizer.java:2078)
        at java.util.concurrent.LinkedBlockingQueue.poll(LinkedBlockingQueue.java:467)
        at org.apache.hadoop.ipc.CallQueueManager.take(CallQueueManager.java:288)
        at org.apache.hadoop.ipc.Server$Handler.run(Server.java:2668)
"qtp64027122-166" daemon prio=5 tid=166 timed_waiting
java.lang.Thread.State: TIMED_WAITING
        at sun.misc.Unsafe.park(Native Method)
        at java.util.concurrent.locks.LockSupport.parkNanos(LockSupport.java:215)
        at java.util.concurrent.locks.AbstractQueuedSynchronizer$ConditionObject.awaitNanos(AbstractQueuedSynchronizer.java:2078)
        at org.eclipse.jetty.util.BlockingArrayQueue.poll(BlockingArrayQueue.java:392)
        at org.eclipse.jetty.util.thread.QueuedThreadPool.idleJobPoll(QueuedThreadPool.java:563)
        at org.eclipse.jetty.util.thread.QueuedThreadPool.access$800(QueuedThreadPool.java:48)
        at org.eclipse.jetty.util.thread.QueuedThreadPool$2.run(QueuedThreadPool.java:626)
        at java.lang.Thread.run(Thread.java:748)
"pool-66-thread-48"  prio=5 tid=611 in Object.wait()
java.lang.Thread.State: WAITING (on object monitor)
        at sun.misc.Unsafe.park(Native Method)
        at java.util.concurrent.locks.LockSupport.park(LockSupport.java:175)
        at java.util.concurrent.locks.AbstractQueuedSynchronizer$ConditionObject.await(AbstractQueuedSynchronizer.java:2039)
        at java.util.concurrent.ArrayBlockingQueue.take(ArrayBlockingQueue.java:403)
        at java.util.concurrent.ThreadPoolExecutor.getTask(ThreadPoolExecutor.java:1074)
        at java.util.concurrent.ThreadPoolExecutor.runWorker(ThreadPoolExecutor.java:1134)
        at java.util.concurrent.ThreadPoolExecutor$Worker.run(ThreadPoolExecutor.java:624)
        at java.lang.Thread.run(Thread.java:748)
"metrics-hadoop-metrics2-reporter-68-thread-1" daemon prio=5 tid=961 timed_waiting
java.lang.Thread.State: TIMED_WAITING
        at sun.misc.Unsafe.park(Native Method)
        at java.util.concurrent.locks.LockSupport.parkNanos(LockSupport.java:215)
        at java.util.concurrent.locks.AbstractQueuedSynchronizer$ConditionObject.awaitNanos(AbstractQueuedSynchronizer.java:2078)
        at java.util.concurrent.ScheduledThreadPoolExecutor$DelayedWorkQueue.take(ScheduledThreadPoolExecutor.java:1093)
        at java.util.concurrent.ScheduledThreadPoolExecutor$DelayedWorkQueue.take(ScheduledThreadPoolExecutor.java:809)
        at java.util.concurrent.ThreadPoolExecutor.getTask(ThreadPoolExecutor.java:1074)
        at java.util.concurrent.ThreadPoolExecutor.runWorker(ThreadPoolExecutor.java:1134)
        at java.util.concurrent.ThreadPoolExecutor$Worker.run(ThreadPoolExecutor.java:624)
        at java.lang.Thread.run(Thread.java:748)
"pool-76-thread-54"  prio=5 tid=679 in Object.wait()
java.lang.Thread.State: WAITING (on object monitor)
        at sun.misc.Unsafe.park(Native Method)
        at java.util.concurrent.locks.LockSupport.park(LockSupport.java:175)
        at java.util.concurrent.locks.AbstractQueuedSynchronizer$ConditionObject.await(AbstractQueuedSynchronizer.java:2039)
        at java.util.concurrent.ArrayBlockingQueue.take(ArrayBlockingQueue.java:403)
        at java.util.concurrent.ThreadPoolExecutor.getTask(ThreadPoolExecutor.java:1074)
        at java.util.concurrent.ThreadPoolExecutor.runWorker(ThreadPoolExecutor.java:1134)
        at java.util.concurrent.ThreadPoolExecutor$Worker.run(ThreadPoolExecutor.java:624)
        at java.lang.Thread.run(Thread.java:748)
"qtp693544819-241" daemon prio=5 tid=241 runnable
java.lang.Thread.State: RUNNABLE
        at sun.nio.ch.EPollArrayWrapper.epollWait(Native Method)
        at sun.nio.ch.EPollArrayWrapper.poll(EPollArrayWrapper.java:269)
        at sun.nio.ch.EPollSelectorImpl.doSelect(EPollSelectorImpl.java:93)
        at sun.nio.ch.SelectorImpl.lockAndDoSelect(SelectorImpl.java:86)
        at sun.nio.ch.SelectorImpl.select(SelectorImpl.java:97)
        at sun.nio.ch.SelectorImpl.select(SelectorImpl.java:101)
        at org.eclipse.jetty.io.ManagedSelector$SelectorProducer.select(ManagedSelector.java:243)
        at org.eclipse.jetty.io.ManagedSelector$SelectorProducer.produce(ManagedSelector.java:191)
        at org.eclipse.jetty.util.thread.strategy.ExecuteProduceConsume.executeProduceConsume(ExecuteProduceConsume.java:249)
        at org.eclipse.jetty.util.thread.strategy.ExecuteProduceConsume.produceConsume(ExecuteProduceConsume.java:148)
        at org.eclipse.jetty.util.thread.strategy.ExecuteProduceConsume.execute(ExecuteProduceConsume.java:100)
        at org.eclipse.jetty.io.ManagedSelector.run(ManagedSelector.java:147)
        at org.eclipse.jetty.util.thread.QueuedThreadPool.runJob(QueuedThreadPool.java:671)
        at org.eclipse.jetty.util.thread.QueuedThreadPool$2.run(QueuedThreadPool.java:589)
        at java.lang.Thread.run(Thread.java:748)
"pool-66-thread-7"  prio=5 tid=570 in Object.wait()
java.lang.Thread.State: WAITING (on object monitor)
        at sun.misc.Unsafe.park(Native Method)
        at java.util.concurrent.locks.LockSupport.park(LockSupport.java:175)
        at java.util.concurrent.locks.AbstractQueuedSynchronizer$ConditionObject.await(AbstractQueuedSynchronizer.java:2039)
        at java.util.concurrent.ArrayBlockingQueue.take(ArrayBlockingQueue.java:403)
        at java.util.concurrent.ThreadPoolExecutor.getTask(ThreadPoolExecutor.java:1074)
        at java.util.concurrent.ThreadPoolExecutor.runWorker(ThreadPoolExecutor.java:1134)
        at java.util.concurrent.ThreadPoolExecutor$Worker.run(ThreadPoolExecutor.java:624)
        at java.lang.Thread.run(Thread.java:748)
"pool-26-thread-20"  prio=5 tid=352 in Object.wait()
java.lang.Thread.State: WAITING (on object monitor)
        at sun.misc.Unsafe.park(Native Method)
        at java.util.concurrent.locks.LockSupport.park(LockSupport.java:175)
        at java.util.concurrent.locks.AbstractQueuedSynchronizer$ConditionObject.await(AbstractQueuedSynchronizer.java:2039)
        at java.util.concurrent.ArrayBlockingQueue.take(ArrayBlockingQueue.java:403)
        at java.util.concurrent.ThreadPoolExecutor.getTask(ThreadPoolExecutor.java:1074)
        at java.util.concurrent.ThreadPoolExecutor.runWorker(ThreadPoolExecutor.java:1134)
        at java.util.concurrent.ThreadPoolExecutor$Worker.run(ThreadPoolExecutor.java:624)
        at java.lang.Thread.run(Thread.java:748)
"org.eclipse.jetty.server.session.HashSessionManager@5f33b8ceTimer" daemon prio=5 tid=145 timed_waiting
java.lang.Thread.State: TIMED_WAITING
        at sun.misc.Unsafe.park(Native Method)
        at java.util.concurrent.locks.LockSupport.parkNanos(LockSupport.java:215)
        at java.util.concurrent.locks.AbstractQueuedSynchronizer$ConditionObject.awaitNanos(AbstractQueuedSynchronizer.java:2078)
        at java.util.concurrent.ScheduledThreadPoolExecutor$DelayedWorkQueue.take(ScheduledThreadPoolExecutor.java:1093)
        at java.util.concurrent.ScheduledThreadPoolExecutor$DelayedWorkQueue.take(ScheduledThreadPoolExecutor.java:809)
        at java.util.concurrent.ThreadPoolExecutor.getTask(ThreadPoolExecutor.java:1074)
        at java.util.concurrent.ThreadPoolExecutor.runWorker(ThreadPoolExecutor.java:1134)
        at java.util.concurrent.ThreadPoolExecutor$Worker.run(ThreadPoolExecutor.java:624)
        at java.lang.Thread.run(Thread.java:748)
"refreshUsed-/workdir/hadoop-ozone/integration-test/target/test-dir/MiniOzoneClusterImpl-58fc3ecd-0fbd-4e7b-a09c-4106a93dde4d/datanode-4/data/containers" daemon prio=5 tid=263 timed_waiting
java.lang.Thread.State: TIMED_WAITING
        at java.lang.Thread.sleep(Native Method)
        at org.apache.hadoop.fs.CachingGetSpaceUsed$RefreshThread.run(CachingGetSpaceUsed.java:179)
        at java.lang.Thread.run(Thread.java:748)
"pool-36-thread-59"  prio=5 tid=430 in Object.wait()
java.lang.Thread.State: WAITING (on object monitor)
        at sun.misc.Unsafe.park(Native Method)
        at java.util.concurrent.locks.LockSupport.park(LockSupport.java:175)
        at java.util.concurrent.locks.AbstractQueuedSynchronizer$ConditionObject.await(AbstractQueuedSynchronizer.java:2039)
        at java.util.concurrent.ArrayBlockingQueue.take(ArrayBlockingQueue.java:403)
        at java.util.concurrent.ThreadPoolExecutor.getTask(ThreadPoolExecutor.java:1074)
        at java.util.concurrent.ThreadPoolExecutor.runWorker(ThreadPoolExecutor.java:1134)
        at java.util.concurrent.ThreadPoolExecutor$Worker.run(ThreadPoolExecutor.java:624)
        at java.lang.Thread.run(Thread.java:748)
"pool-76-thread-30"  prio=5 tid=655 in Object.wait()
java.lang.Thread.State: WAITING (on object monitor)
        at sun.misc.Unsafe.park(Native Method)
        at java.util.concurrent.locks.LockSupport.park(LockSupport.java:175)
        at java.util.concurrent.locks.AbstractQueuedSynchronizer$ConditionObject.await(AbstractQueuedSynchronizer.java:2039)
        at java.util.concurrent.ArrayBlockingQueue.take(ArrayBlockingQueue.java:403)
        at java.util.concurrent.ThreadPoolExecutor.getTask(ThreadPoolExecutor.java:1074)
        at java.util.concurrent.ThreadPoolExecutor.runWorker(ThreadPoolExecutor.java:1134)
        at java.util.concurrent.ThreadPoolExecutor$Worker.run(ThreadPoolExecutor.java:624)
        at java.lang.Thread.run(Thread.java:748)
"IPC Server handler 8 on 41091" daemon prio=5 tid=123 timed_waiting
java.lang.Thread.State: TIMED_WAITING
        at sun.misc.Unsafe.park(Native Method)
        at java.util.concurrent.locks.LockSupport.parkNanos(LockSupport.java:215)
        at java.util.concurrent.locks.AbstractQueuedSynchronizer$ConditionObject.awaitNanos(AbstractQueuedSynchronizer.java:2078)
        at java.util.concurrent.LinkedBlockingQueue.poll(LinkedBlockingQueue.java:467)
        at org.apache.hadoop.ipc.CallQueueManager.take(CallQueueManager.java:288)
        at org.apache.hadoop.ipc.Server$Handler.run(Server.java:2668)
"pool-36-thread-48"  prio=5 tid=409 in Object.wait()
java.lang.Thread.State: WAITING (on object monitor)
        at sun.misc.Unsafe.park(Native Method)
        at java.util.concurrent.locks.LockSupport.park(LockSupport.java:175)
        at java.util.concurrent.locks.AbstractQueuedSynchronizer$ConditionObject.await(AbstractQueuedSynchronizer.java:2039)
        at java.util.concurrent.ArrayBlockingQueue.take(ArrayBlockingQueue.java:403)
        at java.util.concurrent.ThreadPoolExecutor.getTask(ThreadPoolExecutor.java:1074)
        at java.util.concurrent.ThreadPoolExecutor.runWorker(ThreadPoolExecutor.java:1134)
        at java.util.concurrent.ThreadPoolExecutor$Worker.run(ThreadPoolExecutor.java:624)
        at java.lang.Thread.run(Thread.java:748)
"IPC Server handler 11 on 33440" daemon prio=5 tid=61 timed_waiting
java.lang.Thread.State: TIMED_WAITING
        at sun.misc.Unsafe.park(Native Method)
        at java.util.concurrent.locks.LockSupport.parkNanos(LockSupport.java:215)
        at java.util.concurrent.locks.AbstractQueuedSynchronizer$ConditionObject.awaitNanos(AbstractQueuedSynchronizer.java:2078)
        at java.util.concurrent.LinkedBlockingQueue.poll(LinkedBlockingQueue.java:467)
        at org.apache.hadoop.ipc.CallQueueManager.take(CallQueueManager.java:288)
        at org.apache.hadoop.ipc.Server$Handler.run(Server.java:2668)
"java.util.concurrent.ThreadPoolExecutor$Worker@785a19e4[State = -1, empty queue]" daemon prio=5 tid=868 timed_waiting
java.lang.Thread.State: TIMED_WAITING
        at sun.misc.Unsafe.park(Native Method)
        at java.util.concurrent.locks.LockSupport.parkNanos(LockSupport.java:215)
        at java.util.concurrent.locks.AbstractQueuedSynchronizer$ConditionObject.awaitNanos(AbstractQueuedSynchronizer.java:2078)
        at java.util.concurrent.ScheduledThreadPoolExecutor$DelayedWorkQueue.take(ScheduledThreadPoolExecutor.java:1093)
        at java.util.concurrent.ScheduledThreadPoolExecutor$DelayedWorkQueue.take(ScheduledThreadPoolExecutor.java:809)
        at java.util.concurrent.ThreadPoolExecutor.getTask(ThreadPoolExecutor.java:1074)
        at java.util.concurrent.ThreadPoolExecutor.runWorker(ThreadPoolExecutor.java:1134)
        at java.util.concurrent.ThreadPoolExecutor$Worker.run(ThreadPoolExecutor.java:624)
        at java.lang.Thread.run(Thread.java:748)
"IPC Server handler 4 on 33888" daemon prio=5 tid=34 timed_waiting
java.lang.Thread.State: TIMED_WAITING
        at sun.misc.Unsafe.park(Native Method)
        at java.util.concurrent.locks.LockSupport.parkNanos(LockSupport.java:215)
        at java.util.concurrent.locks.AbstractQueuedSynchronizer$ConditionObject.awaitNanos(AbstractQueuedSynchronizer.java:2078)
        at java.util.concurrent.LinkedBlockingQueue.poll(LinkedBlockingQueue.java:467)
        at org.apache.hadoop.ipc.CallQueueManager.take(CallQueueManager.java:288)
        at org.apache.hadoop.ipc.Server$Handler.run(Server.java:2668)
"grpc-default-worker-ELG-3-4" daemon prio=5 tid=701 runnable
java.lang.Thread.State: RUNNABLE
        at sun.nio.ch.EPollArrayWrapper.epollWait(Native Method)
        at sun.nio.ch.EPollArrayWrapper.poll(EPollArrayWrapper.java:269)
        at sun.nio.ch.EPollSelectorImpl.doSelect(EPollSelectorImpl.java:93)
        at sun.nio.ch.SelectorImpl.lockAndDoSelect(SelectorImpl.java:86)
        at sun.nio.ch.SelectorImpl.select(SelectorImpl.java:97)
        at org.apache.ratis.thirdparty.io.netty.channel.nio.SelectedSelectionKeySetSelector.select(SelectedSelectionKeySetSelector.java:62)
        at org.apache.ratis.thirdparty.io.netty.channel.nio.NioEventLoop.select(NioEventLoop.java:753)
        at org.apache.ratis.thirdparty.io.netty.channel.nio.NioEventLoop.run(NioEventLoop.java:408)
        at org.apache.ratis.thirdparty.io.netty.util.concurrent.SingleThreadEventExecutor$5.run(SingleThreadEventExecutor.java:897)
        at org.apache.ratis.thirdparty.io.netty.util.concurrent.FastThreadLocalRunnable.run(FastThreadLocalRunnable.java:30)
        at java.lang.Thread.run(Thread.java:748)
"pool-46-thread-47"  prio=5 tid=481 in Object.wait()
java.lang.Thread.State: WAITING (on object monitor)
        at sun.misc.Unsafe.park(Native Method)
        at java.util.concurrent.locks.LockSupport.park(LockSupport.java:175)
        at java.util.concurrent.locks.AbstractQueuedSynchronizer$ConditionObject.await(AbstractQueuedSynchronizer.java:2039)
        at java.util.concurrent.ArrayBlockingQueue.take(ArrayBlockingQueue.java:403)
        at java.util.concurrent.ThreadPoolExecutor.getTask(ThreadPoolExecutor.java:1074)
        at java.util.concurrent.ThreadPoolExecutor.runWorker(ThreadPoolExecutor.java:1134)
        at java.util.concurrent.ThreadPoolExecutor$Worker.run(ThreadPoolExecutor.java:624)
        at java.lang.Thread.run(Thread.java:748)
"metrics-hadoop-metrics2-reporter-33-thread-1" daemon prio=5 tid=786 timed_waiting
java.lang.Thread.State: TIMED_WAITING
        at sun.misc.Unsafe.park(Native Method)
        at java.util.concurrent.locks.LockSupport.parkNanos(LockSupport.java:215)
        at java.util.concurrent.locks.AbstractQueuedSynchronizer$ConditionObject.awaitNanos(AbstractQueuedSynchronizer.java:2078)
        at java.util.concurrent.ScheduledThreadPoolExecutor$DelayedWorkQueue.take(ScheduledThreadPoolExecutor.java:1093)
        at java.util.concurrent.ScheduledThreadPoolExecutor$DelayedWorkQueue.take(ScheduledThreadPoolExecutor.java:809)
        at java.util.concurrent.ThreadPoolExecutor.getTask(ThreadPoolExecutor.java:1074)
        at java.util.concurrent.ThreadPoolExecutor.runWorker(ThreadPoolExecutor.java:1134)
        at java.util.concurrent.ThreadPoolExecutor$Worker.run(ThreadPoolExecutor.java:624)
        at java.lang.Thread.run(Thread.java:748)
"pool-26-thread-8"  prio=5 tid=327 in Object.wait()
java.lang.Thread.State: WAITING (on object monitor)
        at sun.misc.Unsafe.park(Native Method)
        at java.util.concurrent.locks.LockSupport.park(LockSupport.java:175)
        at java.util.concurrent.locks.AbstractQueuedSynchronizer$ConditionObject.await(AbstractQueuedSynchronizer.java:2039)
        at java.util.concurrent.ArrayBlockingQueue.take(ArrayBlockingQueue.java:403)
        at java.util.concurrent.ThreadPoolExecutor.getTask(ThreadPoolExecutor.java:1074)
        at java.util.concurrent.ThreadPoolExecutor.runWorker(ThreadPoolExecutor.java:1134)
        at java.util.concurrent.ThreadPoolExecutor$Worker.run(ThreadPoolExecutor.java:624)
        at java.lang.Thread.run(Thread.java:748)
"IPC Server handler 17 on 33440" daemon prio=5 tid=67 timed_waiting
java.lang.Thread.State: TIMED_WAITING
        at sun.misc.Unsafe.park(Native Method)
        at java.util.concurrent.locks.LockSupport.parkNanos(LockSupport.java:215)
        at java.util.concurrent.locks.AbstractQueuedSynchronizer$ConditionObject.awaitNanos(AbstractQueuedSynchronizer.java:2078)
        at java.util.concurrent.LinkedBlockingQueue.poll(LinkedBlockingQueue.java:467)
        at org.apache.hadoop.ipc.CallQueueManager.take(CallQueueManager.java:288)
        at org.apache.hadoop.ipc.Server$Handler.run(Server.java:2668)
"pool-54-thread-1" daemon prio=5 tid=238 timed_waiting
java.lang.Thread.State: TIMED_WAITING
        at sun.misc.Unsafe.park(Native Method)
        at java.util.concurrent.locks.LockSupport.parkNanos(LockSupport.java:215)
        at java.util.concurrent.locks.AbstractQueuedSynchronizer$ConditionObject.awaitNanos(AbstractQueuedSynchronizer.java:2078)
        at java.util.concurrent.ScheduledThreadPoolExecutor$DelayedWorkQueue.take(ScheduledThreadPoolExecutor.java:1093)
        at java.util.concurrent.ScheduledThreadPoolExecutor$DelayedWorkQueue.take(ScheduledThreadPoolExecutor.java:809)
        at java.util.concurrent.ThreadPoolExecutor.getTask(ThreadPoolExecutor.java:1074)
        at java.util.concurrent.ThreadPoolExecutor.runWorker(ThreadPoolExecutor.java:1134)
        at java.util.concurrent.ThreadPoolExecutor$Worker.run(ThreadPoolExecutor.java:624)
        at java.lang.Thread.run(Thread.java:748)
"pool-66-thread-58"  prio=5 tid=621 in Object.wait()
java.lang.Thread.State: WAITING (on object monitor)
        at sun.misc.Unsafe.park(Native Method)
        at java.util.concurrent.locks.LockSupport.park(LockSupport.java:175)
        at java.util.concurrent.locks.AbstractQueuedSynchronizer$ConditionObject.await(AbstractQueuedSynchronizer.java:2039)
        at java.util.concurrent.ArrayBlockingQueue.take(ArrayBlockingQueue.java:403)
        at java.util.concurrent.ThreadPoolExecutor.getTask(ThreadPoolExecutor.java:1074)
        at java.util.concurrent.ThreadPoolExecutor.runWorker(ThreadPoolExecutor.java:1134)
        at java.util.concurrent.ThreadPoolExecutor$Worker.run(ThreadPoolExecutor.java:624)
        at java.lang.Thread.run(Thread.java:748)
"SCM Heartbeat Processing Thread - 0" daemon prio=5 tid=14 timed_waiting
java.lang.Thread.State: TIMED_WAITING
        at sun.misc.Unsafe.park(Native Method)
        at java.util.concurrent.locks.LockSupport.parkNanos(LockSupport.java:215)
        at java.util.concurrent.locks.AbstractQueuedSynchronizer$ConditionObject.awaitNanos(AbstractQueuedSynchronizer.java:2078)
        at java.util.concurrent.ScheduledThreadPoolExecutor$DelayedWorkQueue.take(ScheduledThreadPoolExecutor.java:1093)
        at java.util.concurrent.ScheduledThreadPoolExecutor$DelayedWorkQueue.take(ScheduledThreadPoolExecutor.java:809)
        at java.util.concurrent.ThreadPoolExecutor.getTask(ThreadPoolExecutor.java:1074)
        at java.util.concurrent.ThreadPoolExecutor.runWorker(ThreadPoolExecutor.java:1134)
        at java.util.concurrent.ThreadPoolExecutor$Worker.run(ThreadPoolExecutor.java:624)
        at java.lang.Thread.run(Thread.java:748)
"Thread-247" daemon prio=5 tid=758 timed_waiting
java.lang.Thread.State: TIMED_WAITING
        at sun.misc.Unsafe.park(Native Method)
        at java.util.concurrent.locks.LockSupport.parkNanos(LockSupport.java:215)
        at java.util.concurrent.locks.AbstractQueuedSynchronizer$ConditionObject.awaitNanos(AbstractQueuedSynchronizer.java:2078)
        at java.util.concurrent.ArrayBlockingQueue.poll(ArrayBlockingQueue.java:418)
        at org.apache.ratis.server.impl.LeaderState$EventQueue.poll(LeaderState.java:115)
        at org.apache.ratis.server.impl.LeaderState$EventProcessor.run(LeaderState.java:467)
"pool-26-thread-56"  prio=5 tid=427 in Object.wait()
java.lang.Thread.State: WAITING (on object monitor)
        at sun.misc.Unsafe.park(Native Method)
        at java.util.concurrent.locks.LockSupport.park(LockSupport.java:175)
        at java.util.concurrent.locks.AbstractQueuedSynchronizer$ConditionObject.await(AbstractQueuedSynchronizer.java:2039)
        at java.util.concurrent.ArrayBlockingQueue.take(ArrayBlockingQueue.java:403)
        at java.util.concurrent.ThreadPoolExecutor.getTask(ThreadPoolExecutor.java:1074)
        at java.util.concurrent.ThreadPoolExecutor.runWorker(ThreadPoolExecutor.java:1134)
        at java.util.concurrent.ThreadPoolExecutor$Worker.run(ThreadPoolExecutor.java:624)
        at java.lang.Thread.run(Thread.java:748)
"IPC Server handler 18 on 33888" daemon prio=5 tid=48 timed_waiting
java.lang.Thread.State: TIMED_WAITING
        at sun.misc.Unsafe.park(Native Method)
        at java.util.concurrent.locks.LockSupport.parkNanos(LockSupport.java:215)
        at java.util.concurrent.locks.AbstractQueuedSynchronizer$ConditionObject.awaitNanos(AbstractQueuedSynchronizer.java:2078)
        at java.util.concurrent.LinkedBlockingQueue.poll(LinkedBlockingQueue.java:467)
        at org.apache.hadoop.ipc.CallQueueManager.take(CallQueueManager.java:288)
        at org.apache.hadoop.ipc.Server$Handler.run(Server.java:2668)
"metrics-hadoop-metrics2-reporter-79-thread-1" daemon prio=5 tid=1041 timed_waiting
java.lang.Thread.State: TIMED_WAITING
        at sun.misc.Unsafe.park(Native Method)
        at java.util.concurrent.locks.LockSupport.parkNanos(LockSupport.java:215)
        at java.util.concurrent.locks.AbstractQueuedSynchronizer$ConditionObject.awaitNanos(AbstractQueuedSynchronizer.java:2078)
        at java.util.concurrent.ScheduledThreadPoolExecutor$DelayedWorkQueue.take(ScheduledThreadPoolExecutor.java:1093)
        at java.util.concurrent.ScheduledThreadPoolExecutor$DelayedWorkQueue.take(ScheduledThreadPoolExecutor.java:809)
        at java.util.concurrent.ThreadPoolExecutor.getTask(ThreadPoolExecutor.java:1074)
        at java.util.concurrent.ThreadPoolExecutor.runWorker(ThreadPoolExecutor.java:1134)
        at java.util.concurrent.ThreadPoolExecutor$Worker.run(ThreadPoolExecutor.java:624)
        at java.lang.Thread.run(Thread.java:748)
"OMDoubleBufferFlushThread" daemon prio=5 tid=107 timed_waiting
java.lang.Thread.State: TIMED_WAITING
        at java.lang.Object.wait(Native Method)
        at org.apache.hadoop.ozone.om.ratis.OzoneManagerDoubleBuffer.canFlush(OzoneManagerDoubleBuffer.java:322)
        at org.apache.hadoop.ozone.om.ratis.OzoneManagerDoubleBuffer.flushTransactions(OzoneManagerDoubleBuffer.java:130)
        at org.apache.hadoop.ozone.om.ratis.OzoneManagerDoubleBuffer$$Lambda$49/1168780822.run(Unknown Source)
        at java.lang.Thread.run(Thread.java:748)
"IPC Server handler 10 on 33888" daemon prio=5 tid=40 timed_waiting
java.lang.Thread.State: TIMED_WAITING
        at sun.misc.Unsafe.park(Native Method)
        at java.util.concurrent.locks.LockSupport.parkNanos(LockSupport.java:215)
        at java.util.concurrent.locks.AbstractQueuedSynchronizer$ConditionObject.awaitNanos(AbstractQueuedSynchronizer.java:2078)
        at java.util.concurrent.LinkedBlockingQueue.poll(LinkedBlockingQueue.java:467)
        at org.apache.hadoop.ipc.CallQueueManager.take(CallQueueManager.java:288)
        at org.apache.hadoop.ipc.Server$Handler.run(Server.java:2668)
"qtp92143380-270" daemon prio=5 tid=270 timed_waiting
java.lang.Thread.State: TIMED_WAITING
        at sun.misc.Unsafe.park(Native Method)
        at java.util.concurrent.locks.LockSupport.parkNanos(LockSupport.java:215)
        at java.util.concurrent.locks.AbstractQueuedSynchronizer$ConditionObject.awaitNanos(AbstractQueuedSynchronizer.java:2078)
        at org.eclipse.jetty.util.BlockingArrayQueue.poll(BlockingArrayQueue.java:392)
        at org.eclipse.jetty.util.thread.QueuedThreadPool.idleJobPoll(QueuedThreadPool.java:563)
        at org.eclipse.jetty.util.thread.QueuedThreadPool.access$800(QueuedThreadPool.java:48)
        at org.eclipse.jetty.util.thread.QueuedThreadPool$2.run(QueuedThreadPool.java:626)
        at java.lang.Thread.run(Thread.java:748)
"EventQueue-ContainerReportForContainerReportHandler" daemon prio=5 tid=690 in Object.wait()
java.lang.Thread.State: WAITING (on object monitor)
        at sun.misc.Unsafe.park(Native Method)
        at java.util.concurrent.locks.LockSupport.park(LockSupport.java:175)
        at java.util.concurrent.locks.AbstractQueuedSynchronizer$ConditionObject.await(AbstractQueuedSynchronizer.java:2039)
        at java.util.concurrent.LinkedBlockingQueue.take(LinkedBlockingQueue.java:442)
        at java.util.concurrent.ThreadPoolExecutor.getTask(ThreadPoolExecutor.java:1074)
        at java.util.concurrent.ThreadPoolExecutor.runWorker(ThreadPoolExecutor.java:1134)
        at java.util.concurrent.ThreadPoolExecutor$Worker.run(ThreadPoolExecutor.java:624)
        at java.lang.Thread.run(Thread.java:748)
"pool-56-thread-57"  prio=5 tid=558 in Object.wait()
java.lang.Thread.State: WAITING (on object monitor)
        at sun.misc.Unsafe.park(Native Method)
        at java.util.concurrent.locks.LockSupport.park(LockSupport.java:175)
        at java.util.concurrent.locks.AbstractQueuedSynchronizer$ConditionObject.await(AbstractQueuedSynchronizer.java:2039)
        at java.util.concurrent.ArrayBlockingQueue.take(ArrayBlockingQueue.java:403)
        at java.util.concurrent.ThreadPoolExecutor.getTask(ThreadPoolExecutor.java:1074)
        at java.util.concurrent.ThreadPoolExecutor.runWorker(ThreadPoolExecutor.java:1134)
        at java.util.concurrent.ThreadPoolExecutor$Worker.run(ThreadPoolExecutor.java:624)
        at java.lang.Thread.run(Thread.java:748)
"DataNode DiskChecker thread 0" daemon prio=5 tid=264 timed_waiting
java.lang.Thread.State: TIMED_WAITING
        at sun.misc.Unsafe.park(Native Method)
        at java.util.concurrent.locks.LockSupport.parkNanos(LockSupport.java:215)
        at java.util.concurrent.SynchronousQueue$TransferStack.awaitFulfill(SynchronousQueue.java:460)
        at java.util.concurrent.SynchronousQueue$TransferStack.transfer(SynchronousQueue.java:362)
        at java.util.concurrent.SynchronousQueue.poll(SynchronousQueue.java:941)
        at java.util.concurrent.ThreadPoolExecutor.getTask(ThreadPoolExecutor.java:1073)
        at java.util.concurrent.ThreadPoolExecutor.runWorker(ThreadPoolExecutor.java:1134)
        at java.util.concurrent.ThreadPoolExecutor$Worker.run(ThreadPoolExecutor.java:624)
        at java.lang.Thread.run(Thread.java:748)
"DataNode DiskChecker thread 0" daemon prio=5 tid=183 timed_waiting
java.lang.Thread.State: TIMED_WAITING
        at sun.misc.Unsafe.park(Native Method)
        at java.util.concurrent.locks.LockSupport.parkNanos(LockSupport.java:215)
        at java.util.concurrent.SynchronousQueue$TransferStack.awaitFulfill(SynchronousQueue.java:460)
        at java.util.concurrent.SynchronousQueue$TransferStack.transfer(SynchronousQueue.java:362)
        at java.util.concurrent.SynchronousQueue.poll(SynchronousQueue.java:941)
        at java.util.concurrent.ThreadPoolExecutor.getTask(ThreadPoolExecutor.java:1073)
        at java.util.concurrent.ThreadPoolExecutor.runWorker(ThreadPoolExecutor.java:1134)
        at java.util.concurrent.ThreadPoolExecutor$Worker.run(ThreadPoolExecutor.java:624)
        at java.lang.Thread.run(Thread.java:748)
"qtp441384075-140" daemon prio=5 tid=140 timed_waiting
java.lang.Thread.State: TIMED_WAITING
        at sun.misc.Unsafe.park(Native Method)
        at java.util.concurrent.locks.LockSupport.parkNanos(LockSupport.java:215)
        at java.util.concurrent.locks.AbstractQueuedSynchronizer$ConditionObject.awaitNanos(AbstractQueuedSynchronizer.java:2078)
        at org.eclipse.jetty.util.BlockingArrayQueue.poll(BlockingArrayQueue.java:392)
        at org.eclipse.jetty.util.thread.QueuedThreadPool.idleJobPoll(QueuedThreadPool.java:563)
        at org.eclipse.jetty.util.thread.QueuedThreadPool.access$800(QueuedThreadPool.java:48)
        at org.eclipse.jetty.util.thread.QueuedThreadPool$2.run(QueuedThreadPool.java:626)
        at java.lang.Thread.run(Thread.java:748)
"pool-76-thread-19"  prio=5 tid=644 in Object.wait()
java.lang.Thread.State: WAITING (on object monitor)
        at sun.misc.Unsafe.park(Native Method)
        at java.util.concurrent.locks.LockSupport.park(LockSupport.java:175)
        at java.util.concurrent.locks.AbstractQueuedSynchronizer$ConditionObject.await(AbstractQueuedSynchronizer.java:2039)
        at java.util.concurrent.ArrayBlockingQueue.take(ArrayBlockingQueue.java:403)
        at java.util.concurrent.ThreadPoolExecutor.getTask(ThreadPoolExecutor.java:1074)
        at java.util.concurrent.ThreadPoolExecutor.runWorker(ThreadPoolExecutor.java:1134)
        at java.util.concurrent.ThreadPoolExecutor$Worker.run(ThreadPoolExecutor.java:624)
        at java.lang.Thread.run(Thread.java:748)
"qtp689037899-295" daemon prio=5 tid=295 runnable
java.lang.Thread.State: RUNNABLE
        at sun.nio.ch.EPollArrayWrapper.epollWait(Native Method)
        at sun.nio.ch.EPollArrayWrapper.poll(EPollArrayWrapper.java:269)
        at sun.nio.ch.EPollSelectorImpl.doSelect(EPollSelectorImpl.java:93)
        at sun.nio.ch.SelectorImpl.lockAndDoSelect(SelectorImpl.java:86)
        at sun.nio.ch.SelectorImpl.select(SelectorImpl.java:97)
        at sun.nio.ch.SelectorImpl.select(SelectorImpl.java:101)
        at org.eclipse.jetty.io.ManagedSelector$SelectorProducer.select(ManagedSelector.java:243)
        at org.eclipse.jetty.io.ManagedSelector$SelectorProducer.produce(ManagedSelector.java:191)
        at org.eclipse.jetty.util.thread.strategy.ExecuteProduceConsume.executeProduceConsume(ExecuteProduceConsume.java:249)
        at org.eclipse.jetty.util.thread.strategy.ExecuteProduceConsume.produceConsume(ExecuteProduceConsume.java:148)
        at org.eclipse.jetty.util.thread.strategy.ExecuteProduceConsume.execute(ExecuteProduceConsume.java:100)
        at org.eclipse.jetty.io.ManagedSelector.run(ManagedSelector.java:147)
        at org.eclipse.jetty.util.thread.QueuedThreadPool.runJob(QueuedThreadPool.java:671)
        at org.eclipse.jetty.util.thread.QueuedThreadPool$2.run(QueuedThreadPool.java:589)
        at java.lang.Thread.run(Thread.java:748)
"metrics-hadoop-metrics2-reporter-6-thread-1" daemon prio=5 tid=716 timed_waiting
java.lang.Thread.State: TIMED_WAITING
        at sun.misc.Unsafe.park(Native Method)
        at java.util.concurrent.locks.LockSupport.parkNanos(LockSupport.java:215)
        at java.util.concurrent.locks.AbstractQueuedSynchronizer$ConditionObject.awaitNanos(AbstractQueuedSynchronizer.java:2078)
        at java.util.concurrent.ScheduledThreadPoolExecutor$DelayedWorkQueue.take(ScheduledThreadPoolExecutor.java:1093)
        at java.util.concurrent.ScheduledThreadPoolExecutor$DelayedWorkQueue.take(ScheduledThreadPoolExecutor.java:809)
        at java.util.concurrent.ThreadPoolExecutor.getTask(ThreadPoolExecutor.java:1074)
        at java.util.concurrent.ThreadPoolExecutor.runWorker(ThreadPoolExecutor.java:1134)
        at java.util.concurrent.ThreadPoolExecutor$Worker.run(ThreadPoolExecutor.java:624)
        at java.lang.Thread.run(Thread.java:748)
"grpc-default-worker-ELG-3-2" daemon prio=5 tid=699 runnable
java.lang.Thread.State: RUNNABLE
        at sun.nio.ch.EPollArrayWrapper.epollWait(Native Method)
        at sun.nio.ch.EPollArrayWrapper.poll(EPollArrayWrapper.java:269)
        at sun.nio.ch.EPollSelectorImpl.doSelect(EPollSelectorImpl.java:93)
        at sun.nio.ch.SelectorImpl.lockAndDoSelect(SelectorImpl.java:86)
        at sun.nio.ch.SelectorImpl.select(SelectorImpl.java:97)
        at org.apache.ratis.thirdparty.io.netty.channel.nio.SelectedSelectionKeySetSelector.select(SelectedSelectionKeySetSelector.java:62)
        at org.apache.ratis.thirdparty.io.netty.channel.nio.NioEventLoop.select(NioEventLoop.java:753)
        at org.apache.ratis.thirdparty.io.netty.channel.nio.NioEventLoop.run(NioEventLoop.java:408)
        at org.apache.ratis.thirdparty.io.netty.util.concurrent.SingleThreadEventExecutor$5.run(SingleThreadEventExecutor.java:897)
        at org.apache.ratis.thirdparty.io.netty.util.concurrent.FastThreadLocalRunnable.run(FastThreadLocalRunnable.java:30)
        at java.lang.Thread.run(Thread.java:748)
"pool-76-thread-11"  prio=5 tid=636 in Object.wait()
java.lang.Thread.State: WAITING (on object monitor)
        at sun.misc.Unsafe.park(Native Method)
        at java.util.concurrent.locks.LockSupport.park(LockSupport.java:175)
        at java.util.concurrent.locks.AbstractQueuedSynchronizer$ConditionObject.await(AbstractQueuedSynchronizer.java:2039)
        at java.util.concurrent.ArrayBlockingQueue.take(ArrayBlockingQueue.java:403)
        at java.util.concurrent.ThreadPoolExecutor.getTask(ThreadPoolExecutor.java:1074)
        at java.util.concurrent.ThreadPoolExecutor.runWorker(ThreadPoolExecutor.java:1134)
        at java.util.concurrent.ThreadPoolExecutor$Worker.run(ThreadPoolExecutor.java:624)
        at java.lang.Thread.run(Thread.java:748)
"pool-26-thread-13"  prio=5 tid=338 in Object.wait()
java.lang.Thread.State: WAITING (on object monitor)
        at sun.misc.Unsafe.park(Native Method)
        at java.util.concurrent.locks.LockSupport.park(LockSupport.java:175)
        at java.util.concurrent.locks.AbstractQueuedSynchronizer$ConditionObject.await(AbstractQueuedSynchronizer.java:2039)
        at java.util.concurrent.ArrayBlockingQueue.take(ArrayBlockingQueue.java:403)
        at java.util.concurrent.ThreadPoolExecutor.getTask(ThreadPoolExecutor.java:1074)
        at java.util.concurrent.ThreadPoolExecutor.runWorker(ThreadPoolExecutor.java:1134)
        at java.util.concurrent.ThreadPoolExecutor$Worker.run(ThreadPoolExecutor.java:624)
        at java.lang.Thread.run(Thread.java:748)
"org.apache.ratis.server.impl.LogAppender$AppenderDaemon$$Lambda$420/1222076953@1d0da3b0" daemon prio=5 tid=1032 timed_waiting
java.lang.Thread.State: TIMED_WAITING
        at java.lang.Object.wait(Native Method)
        at org.apache.ratis.grpc.server.GrpcLogAppender.mayWait(GrpcLogAppender.java:147)
        at org.apache.ratis.grpc.server.GrpcLogAppender.runAppenderImpl(GrpcLogAppender.java:101)
        at org.apache.ratis.server.impl.LogAppender$AppenderDaemon.run(LogAppender.java:76)
        at org.apache.ratis.server.impl.LogAppender$AppenderDaemon$$Lambda$420/1222076953.run(Unknown Source)
        at java.lang.Thread.run(Thread.java:748)
"pool-26-thread-55"  prio=5 tid=425 in Object.wait()
java.lang.Thread.State: WAITING (on object monitor)
        at sun.misc.Unsafe.park(Native Method)
        at java.util.concurrent.locks.LockSupport.park(LockSupport.java:175)
        at java.util.concurrent.locks.AbstractQueuedSynchronizer$ConditionObject.await(AbstractQueuedSynchronizer.java:2039)
        at java.util.concurrent.ArrayBlockingQueue.take(ArrayBlockingQueue.java:403)
        at java.util.concurrent.ThreadPoolExecutor.getTask(ThreadPoolExecutor.java:1074)
        at java.util.concurrent.ThreadPoolExecutor.runWorker(ThreadPoolExecutor.java:1134)
        at java.util.concurrent.ThreadPoolExecutor$Worker.run(ThreadPoolExecutor.java:624)
        at java.lang.Thread.run(Thread.java:748)
"org.eclipse.jetty.server.session.HashSessionManager@2aa40214Timer" daemon prio=5 tid=250 timed_waiting
java.lang.Thread.State: TIMED_WAITING
        at sun.misc.Unsafe.park(Native Method)
        at java.util.concurrent.locks.LockSupport.parkNanos(LockSupport.java:215)
        at java.util.concurrent.locks.AbstractQueuedSynchronizer$ConditionObject.awaitNanos(AbstractQueuedSynchronizer.java:2078)
        at java.util.concurrent.ScheduledThreadPoolExecutor$DelayedWorkQueue.take(ScheduledThreadPoolExecutor.java:1093)
        at java.util.concurrent.ScheduledThreadPoolExecutor$DelayedWorkQueue.take(ScheduledThreadPoolExecutor.java:809)
        at java.util.concurrent.ThreadPoolExecutor.getTask(ThreadPoolExecutor.java:1074)
        at java.util.concurrent.ThreadPoolExecutor.runWorker(ThreadPoolExecutor.java:1134)
        at java.util.concurrent.ThreadPoolExecutor$Worker.run(ThreadPoolExecutor.java:624)
        at java.lang.Thread.run(Thread.java:748)
"IPC Server handler 14 on 35347" daemon prio=5 tid=84 timed_waiting
java.lang.Thread.State: TIMED_WAITING
        at sun.misc.Unsafe.park(Native Method)
        at java.util.concurrent.locks.LockSupport.parkNanos(LockSupport.java:215)
        at java.util.concurrent.locks.AbstractQueuedSynchronizer$ConditionObject.awaitNanos(AbstractQueuedSynchronizer.java:2078)
        at java.util.concurrent.LinkedBlockingQueue.poll(LinkedBlockingQueue.java:467)
        at org.apache.hadoop.ipc.CallQueueManager.take(CallQueueManager.java:288)
        at org.apache.hadoop.ipc.Server$Handler.run(Server.java:2668)
"a3fa570c-ae50-443c-8ab2-043428e82a24@group-69898A346AAC-StateMachineUpdater" daemon prio=5 tid=930 in Object.wait()
java.lang.Thread.State: WAITING (on object monitor)
        at java.lang.Object.wait(Native Method)
        at java.lang.Object.wait(Object.java:502)
        at org.apache.ratis.server.impl.StateMachineUpdater.waitForCommit(StateMachineUpdater.java:194)
        at org.apache.ratis.server.impl.StateMachineUpdater.run(StateMachineUpdater.java:159)
        at java.lang.Thread.run(Thread.java:748)
"metrics-hadoop-metrics2-reporter-18-thread-1" daemon prio=5 tid=743 timed_waiting
java.lang.Thread.State: TIMED_WAITING
        at sun.misc.Unsafe.park(Native Method)
        at java.util.concurrent.locks.LockSupport.parkNanos(LockSupport.java:215)
        at java.util.concurrent.locks.AbstractQueuedSynchronizer$ConditionObject.awaitNanos(AbstractQueuedSynchronizer.java:2078)
        at java.util.concurrent.ScheduledThreadPoolExecutor$DelayedWorkQueue.take(ScheduledThreadPoolExecutor.java:1093)
        at java.util.concurrent.ScheduledThreadPoolExecutor$DelayedWorkQueue.take(ScheduledThreadPoolExecutor.java:809)
        at java.util.concurrent.ThreadPoolExecutor.getTask(ThreadPoolExecutor.java:1074)
        at java.util.concurrent.ThreadPoolExecutor.runWorker(ThreadPoolExecutor.java:1134)
        at java.util.concurrent.ThreadPoolExecutor$Worker.run(ThreadPoolExecutor.java:624)
        at java.lang.Thread.run(Thread.java:748)
"pool-66-thread-19"  prio=5 tid=582 in Object.wait()
java.lang.Thread.State: WAITING (on object monitor)
        at sun.misc.Unsafe.park(Native Method)
        at java.util.concurrent.locks.LockSupport.park(LockSupport.java:175)
        at java.util.concurrent.locks.AbstractQueuedSynchronizer$ConditionObject.await(AbstractQueuedSynchronizer.java:2039)
        at java.util.concurrent.ArrayBlockingQueue.take(ArrayBlockingQueue.java:403)
        at java.util.concurrent.ThreadPoolExecutor.getTask(ThreadPoolExecutor.java:1074)
        at java.util.concurrent.ThreadPoolExecutor.runWorker(ThreadPoolExecutor.java:1134)
        at java.util.concurrent.ThreadPoolExecutor$Worker.run(ThreadPoolExecutor.java:624)
        at java.lang.Thread.run(Thread.java:748)
"pool-46-thread-43"  prio=5 tid=477 in Object.wait()
java.lang.Thread.State: WAITING (on object monitor)
        at sun.misc.Unsafe.park(Native Method)
        at java.util.concurrent.locks.LockSupport.park(LockSupport.java:175)
        at java.util.concurrent.locks.AbstractQueuedSynchronizer$ConditionObject.await(AbstractQueuedSynchronizer.java:2039)
        at java.util.concurrent.ArrayBlockingQueue.take(ArrayBlockingQueue.java:403)
        at java.util.concurrent.ThreadPoolExecutor.getTask(ThreadPoolExecutor.java:1074)
        at java.util.concurrent.ThreadPoolExecutor.runWorker(ThreadPoolExecutor.java:1134)
        at java.util.concurrent.ThreadPoolExecutor$Worker.run(ThreadPoolExecutor.java:624)
        at java.lang.Thread.run(Thread.java:748)
"IPC Server Responder" daemon prio=5 tid=26 runnable
java.lang.Thread.State: RUNNABLE
        at sun.nio.ch.EPollArrayWrapper.epollWait(Native Method)
        at sun.nio.ch.EPollArrayWrapper.poll(EPollArrayWrapper.java:269)
        at sun.nio.ch.EPollSelectorImpl.doSelect(EPollSelectorImpl.java:93)
        at sun.nio.ch.SelectorImpl.lockAndDoSelect(SelectorImpl.java:86)
        at sun.nio.ch.SelectorImpl.select(SelectorImpl.java:97)
        at org.apache.hadoop.ipc.Server$Responder.doRunLoop(Server.java:1334)
        at org.apache.hadoop.ipc.Server$Responder.run(Server.java:1317)
"pool-36-thread-9"  prio=5 tid=333 in Object.wait()
java.lang.Thread.State: WAITING (on object monitor)
        at sun.misc.Unsafe.park(Native Method)
        at java.util.concurrent.locks.LockSupport.park(LockSupport.java:175)
        at java.util.concurrent.locks.AbstractQueuedSynchronizer$ConditionObject.await(AbstractQueuedSynchronizer.java:2039)
        at java.util.concurrent.ArrayBlockingQueue.take(ArrayBlockingQueue.java:403)
        at java.util.concurrent.ThreadPoolExecutor.getTask(ThreadPoolExecutor.java:1074)
        at java.util.concurrent.ThreadPoolExecutor.runWorker(ThreadPoolExecutor.java:1134)
        at java.util.concurrent.ThreadPoolExecutor$Worker.run(ThreadPoolExecutor.java:624)
        at java.lang.Thread.run(Thread.java:748)
"IPC Parameter Sending Thread #0" daemon prio=5 tid=106 timed_waiting
java.lang.Thread.State: TIMED_WAITING
        at sun.misc.Unsafe.park(Native Method)
        at java.util.concurrent.locks.LockSupport.parkNanos(LockSupport.java:215)
        at java.util.concurrent.SynchronousQueue$TransferStack.awaitFulfill(SynchronousQueue.java:460)
        at java.util.concurrent.SynchronousQueue$TransferStack.transfer(SynchronousQueue.java:362)
        at java.util.concurrent.SynchronousQueue.poll(SynchronousQueue.java:941)
        at java.util.concurrent.ThreadPoolExecutor.getTask(ThreadPoolExecutor.java:1073)
        at java.util.concurrent.ThreadPoolExecutor.runWorker(ThreadPoolExecutor.java:1134)
        at java.util.concurrent.ThreadPoolExecutor$Worker.run(ThreadPoolExecutor.java:624)
        at java.lang.Thread.run(Thread.java:748)
"pool-26-thread-33"  prio=5 tid=380 in Object.wait()
java.lang.Thread.State: WAITING (on object monitor)
        at sun.misc.Unsafe.park(Native Method)
        at java.util.concurrent.locks.LockSupport.park(LockSupport.java:175)
        at java.util.concurrent.locks.AbstractQueuedSynchronizer$ConditionObject.await(AbstractQueuedSynchronizer.java:2039)
        at java.util.concurrent.ArrayBlockingQueue.take(ArrayBlockingQueue.java:403)
        at java.util.concurrent.ThreadPoolExecutor.getTask(ThreadPoolExecutor.java:1074)
        at java.util.concurrent.ThreadPoolExecutor.runWorker(ThreadPoolExecutor.java:1134)
        at java.util.concurrent.ThreadPoolExecutor$Worker.run(ThreadPoolExecutor.java:624)
        at java.lang.Thread.run(Thread.java:748)
"pool-46-thread-28"  prio=5 tid=462 in Object.wait()
java.lang.Thread.State: WAITING (on object monitor)
        at sun.misc.Unsafe.park(Native Method)
        at java.util.concurrent.locks.LockSupport.park(LockSupport.java:175)
        at java.util.concurrent.locks.AbstractQueuedSynchronizer$ConditionObject.await(AbstractQueuedSynchronizer.java:2039)
        at java.util.concurrent.ArrayBlockingQueue.take(ArrayBlockingQueue.java:403)
        at java.util.concurrent.ThreadPoolExecutor.getTask(ThreadPoolExecutor.java:1074)
        at java.util.concurrent.ThreadPoolExecutor.runWorker(ThreadPoolExecutor.java:1134)
        at java.util.concurrent.ThreadPoolExecutor$Worker.run(ThreadPoolExecutor.java:624)
        at java.lang.Thread.run(Thread.java:748)
"java.util.concurrent.ThreadPoolExecutor$Worker@28813c0f[State = -1, empty queue]" daemon prio=5 tid=1039 timed_waiting
java.lang.Thread.State: TIMED_WAITING
        at sun.misc.Unsafe.park(Native Method)
        at java.util.concurrent.locks.LockSupport.parkNanos(LockSupport.java:215)
        at java.util.concurrent.locks.AbstractQueuedSynchronizer$ConditionObject.awaitNanos(AbstractQueuedSynchronizer.java:2078)
        at java.util.concurrent.ScheduledThreadPoolExecutor$DelayedWorkQueue.take(ScheduledThreadPoolExecutor.java:1093)
        at java.util.concurrent.ScheduledThreadPoolExecutor$DelayedWorkQueue.take(ScheduledThreadPoolExecutor.java:809)
        at java.util.concurrent.ThreadPoolExecutor.getTask(ThreadPoolExecutor.java:1074)
        at java.util.concurrent.ThreadPoolExecutor.runWorker(ThreadPoolExecutor.java:1134)
        at java.util.concurrent.ThreadPoolExecutor$Worker.run(ThreadPoolExecutor.java:624)
        at java.lang.Thread.run(Thread.java:748)
"Datanode ReportManager Thread - 2" daemon prio=5 tid=255 in Object.wait()
java.lang.Thread.State: WAITING (on object monitor)
        at sun.misc.Unsafe.park(Native Method)
        at java.util.concurrent.locks.LockSupport.park(LockSupport.java:175)
        at java.util.concurrent.locks.AbstractQueuedSynchronizer$ConditionObject.await(AbstractQueuedSynchronizer.java:2039)
        at java.util.concurrent.ScheduledThreadPoolExecutor$DelayedWorkQueue.take(ScheduledThreadPoolExecutor.java:1088)
        at java.util.concurrent.ScheduledThreadPoolExecutor$DelayedWorkQueue.take(ScheduledThreadPoolExecutor.java:809)
        at java.util.concurrent.ThreadPoolExecutor.getTask(ThreadPoolExecutor.java:1074)
        at java.util.concurrent.ThreadPoolExecutor.runWorker(ThreadPoolExecutor.java:1134)
        at java.util.concurrent.ThreadPoolExecutor$Worker.run(ThreadPoolExecutor.java:624)
        at java.lang.Thread.run(Thread.java:748)
"metrics-hadoop-metrics2-reporter-61-thread-1" daemon prio=5 tid=935 timed_waiting
java.lang.Thread.State: TIMED_WAITING
        at sun.misc.Unsafe.park(Native Method)
        at java.util.concurrent.locks.LockSupport.parkNanos(LockSupport.java:215)
        at java.util.concurrent.locks.AbstractQueuedSynchronizer$ConditionObject.awaitNanos(AbstractQueuedSynchronizer.java:2078)
        at java.util.concurrent.ScheduledThreadPoolExecutor$DelayedWorkQueue.take(ScheduledThreadPoolExecutor.java:1093)
        at java.util.concurrent.ScheduledThreadPoolExecutor$DelayedWorkQueue.take(ScheduledThreadPoolExecutor.java:809)
        at java.util.concurrent.ThreadPoolExecutor.getTask(ThreadPoolExecutor.java:1074)
        at java.util.concurrent.ThreadPoolExecutor.runWorker(ThreadPoolExecutor.java:1134)
        at java.util.concurrent.ThreadPoolExecutor$Worker.run(ThreadPoolExecutor.java:624)
        at java.lang.Thread.run(Thread.java:748)
"pool-36-thread-2"  prio=5 tid=320 in Object.wait()
java.lang.Thread.State: WAITING (on object monitor)
        at sun.misc.Unsafe.park(Native Method)
        at java.util.concurrent.locks.LockSupport.park(LockSupport.java:175)
        at java.util.concurrent.locks.AbstractQueuedSynchronizer$ConditionObject.await(AbstractQueuedSynchronizer.java:2039)
        at java.util.concurrent.ArrayBlockingQueue.take(ArrayBlockingQueue.java:403)
        at java.util.concurrent.ThreadPoolExecutor.getTask(ThreadPoolExecutor.java:1074)
        at java.util.concurrent.ThreadPoolExecutor.runWorker(ThreadPoolExecutor.java:1134)
        at java.util.concurrent.ThreadPoolExecutor$Worker.run(ThreadPoolExecutor.java:624)
        at java.lang.Thread.run(Thread.java:748)
"pool-76-thread-32"  prio=5 tid=657 in Object.wait()
java.lang.Thread.State: WAITING (on object monitor)
        at sun.misc.Unsafe.park(Native Method)
        at java.util.concurrent.locks.LockSupport.park(LockSupport.java:175)
        at java.util.concurrent.locks.AbstractQueuedSynchronizer$ConditionObject.await(AbstractQueuedSynchronizer.java:2039)
        at java.util.concurrent.ArrayBlockingQueue.take(ArrayBlockingQueue.java:403)
        at java.util.concurrent.ThreadPoolExecutor.getTask(ThreadPoolExecutor.java:1074)
        at java.util.concurrent.ThreadPoolExecutor.runWorker(ThreadPoolExecutor.java:1134)
        at java.util.concurrent.ThreadPoolExecutor$Worker.run(ThreadPoolExecutor.java:624)
        at java.lang.Thread.run(Thread.java:748)
"pool-76-thread-24"  prio=5 tid=649 in Object.wait()
java.lang.Thread.State: WAITING (on object monitor)
        at sun.misc.Unsafe.park(Native Method)
        at java.util.concurrent.locks.LockSupport.park(LockSupport.java:175)
        at java.util.concurrent.locks.AbstractQueuedSynchronizer$ConditionObject.await(AbstractQueuedSynchronizer.java:2039)
        at java.util.concurrent.ArrayBlockingQueue.take(ArrayBlockingQueue.java:403)
        at java.util.concurrent.ThreadPoolExecutor.getTask(ThreadPoolExecutor.java:1074)
        at java.util.concurrent.ThreadPoolExecutor.runWorker(ThreadPoolExecutor.java:1134)
        at java.util.concurrent.ThreadPoolExecutor$Worker.run(ThreadPoolExecutor.java:624)
        at java.lang.Thread.run(Thread.java:748)
"pool-26-thread-29"  prio=5 tid=372 in Object.wait()
java.lang.Thread.State: WAITING (on object monitor)
        at sun.misc.Unsafe.park(Native Method)
        at java.util.concurrent.locks.LockSupport.park(LockSupport.java:175)
        at java.util.concurrent.locks.AbstractQueuedSynchronizer$ConditionObject.await(AbstractQueuedSynchronizer.java:2039)
        at java.util.concurrent.ArrayBlockingQueue.take(ArrayBlockingQueue.java:403)
        at java.util.concurrent.ThreadPoolExecutor.getTask(ThreadPoolExecutor.java:1074)
        at java.util.concurrent.ThreadPoolExecutor.runWorker(ThreadPoolExecutor.java:1134)
        at java.util.concurrent.ThreadPoolExecutor$Worker.run(ThreadPoolExecutor.java:624)
        at java.lang.Thread.run(Thread.java:748)
"IPC Server listener on 41091" daemon prio=5 tid=108 runnable
java.lang.Thread.State: RUNNABLE
        at sun.nio.ch.EPollArrayWrapper.epollWait(Native Method)
        at sun.nio.ch.EPollArrayWrapper.poll(EPollArrayWrapper.java:269)
        at sun.nio.ch.EPollSelectorImpl.doSelect(EPollSelectorImpl.java:93)
        at sun.nio.ch.SelectorImpl.lockAndDoSelect(SelectorImpl.java:86)
        at sun.nio.ch.SelectorImpl.select(SelectorImpl.java:97)
        at sun.nio.ch.SelectorImpl.select(SelectorImpl.java:101)
        at org.apache.hadoop.ipc.Server$Listener.run(Server.java:1159)
"pool-56-thread-8"  prio=5 tid=504 in Object.wait()
java.lang.Thread.State: WAITING (on object monitor)
        at sun.misc.Unsafe.park(Native Method)
        at java.util.concurrent.locks.LockSupport.park(LockSupport.java:175)
        at java.util.concurrent.locks.AbstractQueuedSynchronizer$ConditionObject.await(AbstractQueuedSynchronizer.java:2039)
        at java.util.concurrent.ArrayBlockingQueue.take(ArrayBlockingQueue.java:403)
        at java.util.concurrent.ThreadPoolExecutor.getTask(ThreadPoolExecutor.java:1074)
        at java.util.concurrent.ThreadPoolExecutor.runWorker(ThreadPoolExecutor.java:1134)
        at java.util.concurrent.ThreadPoolExecutor$Worker.run(ThreadPoolExecutor.java:624)
        at java.lang.Thread.run(Thread.java:748)
"pool-26-thread-43"  prio=5 tid=400 in Object.wait()
java.lang.Thread.State: WAITING (on object monitor)
        at sun.misc.Unsafe.park(Native Method)
        at java.util.concurrent.locks.LockSupport.park(LockSupport.java:175)
        at java.util.concurrent.locks.AbstractQueuedSynchronizer$ConditionObject.await(AbstractQueuedSynchronizer.java:2039)
        at java.util.concurrent.ArrayBlockingQueue.take(ArrayBlockingQueue.java:403)
        at java.util.concurrent.ThreadPoolExecutor.getTask(ThreadPoolExecutor.java:1074)
        at java.util.concurrent.ThreadPoolExecutor.runWorker(ThreadPoolExecutor.java:1134)
        at java.util.concurrent.ThreadPoolExecutor$Worker.run(ThreadPoolExecutor.java:624)
        at java.lang.Thread.run(Thread.java:748)
"org.eclipse.jetty.server.session.HashSessionManager@169612fdTimer" daemon prio=5 tid=223 timed_waiting
java.lang.Thread.State: TIMED_WAITING
        at sun.misc.Unsafe.park(Native Method)
        at java.util.concurrent.locks.LockSupport.parkNanos(LockSupport.java:215)
        at java.util.concurrent.locks.AbstractQueuedSynchronizer$ConditionObject.awaitNanos(AbstractQueuedSynchronizer.java:2078)
        at java.util.concurrent.ScheduledThreadPoolExecutor$DelayedWorkQueue.take(ScheduledThreadPoolExecutor.java:1093)
        at java.util.concurrent.ScheduledThreadPoolExecutor$DelayedWorkQueue.take(ScheduledThreadPoolExecutor.java:809)
        at java.util.concurrent.ThreadPoolExecutor.getTask(ThreadPoolExecutor.java:1074)
        at java.util.concurrent.ThreadPoolExecutor.runWorker(ThreadPoolExecutor.java:1134)
        at java.util.concurrent.ThreadPoolExecutor$Worker.run(ThreadPoolExecutor.java:624)
        at java.lang.Thread.run(Thread.java:748)
"jaeger.RemoteReporter-FlushTimer" daemon prio=5 tid=149 timed_waiting
java.lang.Thread.State: TIMED_WAITING
        at java.lang.Object.wait(Native Method)
        at java.util.TimerThread.mainLoop(Timer.java:552)
        at java.util.TimerThread.run(Timer.java:505)
"ReplicationMonitor" daemon prio=5 tid=900 timed_waiting
java.lang.Thread.State: TIMED_WAITING
        at java.lang.Object.wait(Native Method)
        at org.apache.hadoop.hdds.scm.container.ReplicationManager.run(ReplicationManager.java:229)
        at org.apache.hadoop.hdds.scm.container.ReplicationManager$$Lambda$509/425955290.run(Unknown Source)
        at java.lang.Thread.run(Thread.java:748)
"pool-46-thread-29"  prio=5 tid=463 in Object.wait()
java.lang.Thread.State: WAITING (on object monitor)
        at sun.misc.Unsafe.park(Native Method)
        at java.util.concurrent.locks.LockSupport.park(LockSupport.java:175)
        at java.util.concurrent.locks.AbstractQueuedSynchronizer$ConditionObject.await(AbstractQueuedSynchronizer.java:2039)
        at java.util.concurrent.ArrayBlockingQueue.take(ArrayBlockingQueue.java:403)
        at java.util.concurrent.ThreadPoolExecutor.getTask(ThreadPoolExecutor.java:1074)
        at java.util.concurrent.ThreadPoolExecutor.runWorker(ThreadPoolExecutor.java:1134)
        at java.util.concurrent.ThreadPoolExecutor$Worker.run(ThreadPoolExecutor.java:624)
        at java.lang.Thread.run(Thread.java:748)
"pool-76-thread-14"  prio=5 tid=639 in Object.wait()
java.lang.Thread.State: WAITING (on object monitor)
        at sun.misc.Unsafe.park(Native Method)
        at java.util.concurrent.locks.LockSupport.park(LockSupport.java:175)
        at java.util.concurrent.locks.AbstractQueuedSynchronizer$ConditionObject.await(AbstractQueuedSynchronizer.java:2039)
        at java.util.concurrent.ArrayBlockingQueue.take(ArrayBlockingQueue.java:403)
        at java.util.concurrent.ThreadPoolExecutor.getTask(ThreadPoolExecutor.java:1074)
        at java.util.concurrent.ThreadPoolExecutor.runWorker(ThreadPoolExecutor.java:1134)
        at java.util.concurrent.ThreadPoolExecutor$Worker.run(ThreadPoolExecutor.java:624)
        at java.lang.Thread.run(Thread.java:748)
"pool-36-thread-14"  prio=5 tid=343 in Object.wait()
java.lang.Thread.State: WAITING (on object monitor)
        at sun.misc.Unsafe.park(Native Method)
        at java.util.concurrent.locks.LockSupport.park(LockSupport.java:175)
        at java.util.concurrent.locks.AbstractQueuedSynchronizer$ConditionObject.await(AbstractQueuedSynchronizer.java:2039)
        at java.util.concurrent.ArrayBlockingQueue.take(ArrayBlockingQueue.java:403)
        at java.util.concurrent.ThreadPoolExecutor.getTask(ThreadPoolExecutor.java:1074)
        at java.util.concurrent.ThreadPoolExecutor.runWorker(ThreadPoolExecutor.java:1134)
        at java.util.concurrent.ThreadPoolExecutor$Worker.run(ThreadPoolExecutor.java:624)
        at java.lang.Thread.run(Thread.java:748)
"pool-76-thread-60"  prio=5 tid=685 in Object.wait()
java.lang.Thread.State: WAITING (on object monitor)
        at sun.misc.Unsafe.park(Native Method)
        at java.util.concurrent.locks.LockSupport.park(LockSupport.java:175)
        at java.util.concurrent.locks.AbstractQueuedSynchronizer$ConditionObject.await(AbstractQueuedSynchronizer.java:2039)
        at java.util.concurrent.ArrayBlockingQueue.take(ArrayBlockingQueue.java:403)
        at java.util.concurrent.ThreadPoolExecutor.getTask(ThreadPoolExecutor.java:1074)
        at java.util.concurrent.ThreadPoolExecutor.runWorker(ThreadPoolExecutor.java:1134)
        at java.util.concurrent.ThreadPoolExecutor$Worker.run(ThreadPoolExecutor.java:624)
        at java.lang.Thread.run(Thread.java:748)
"pool-26-thread-38"  prio=5 tid=389 in Object.wait()
java.lang.Thread.State: WAITING (on object monitor)
        at sun.misc.Unsafe.park(Native Method)
        at java.util.concurrent.locks.LockSupport.park(LockSupport.java:175)
        at java.util.concurrent.locks.AbstractQueuedSynchronizer$ConditionObject.await(AbstractQueuedSynchronizer.java:2039)
        at java.util.concurrent.ArrayBlockingQueue.take(ArrayBlockingQueue.java:403)
        at java.util.concurrent.ThreadPoolExecutor.getTask(ThreadPoolExecutor.java:1074)
        at java.util.concurrent.ThreadPoolExecutor.runWorker(ThreadPoolExecutor.java:1134)
        at java.util.concurrent.ThreadPoolExecutor$Worker.run(ThreadPoolExecutor.java:624)
        at java.lang.Thread.run(Thread.java:748)
"pool-66-thread-16"  prio=5 tid=579 in Object.wait()
java.lang.Thread.State: WAITING (on object monitor)
        at sun.misc.Unsafe.park(Native Method)
        at java.util.concurrent.locks.LockSupport.park(LockSupport.java:175)
        at java.util.concurrent.locks.AbstractQueuedSynchronizer$ConditionObject.await(AbstractQueuedSynchronizer.java:2039)
        at java.util.concurrent.ArrayBlockingQueue.take(ArrayBlockingQueue.java:403)
        at java.util.concurrent.ThreadPoolExecutor.getTask(ThreadPoolExecutor.java:1074)
        at java.util.concurrent.ThreadPoolExecutor.runWorker(ThreadPoolExecutor.java:1134)
        at java.util.concurrent.ThreadPoolExecutor$Worker.run(ThreadPoolExecutor.java:624)
        at java.lang.Thread.run(Thread.java:748)
"IPC Server handler 1 on 41091" daemon prio=5 tid=116 timed_waiting
java.lang.Thread.State: TIMED_WAITING
        at sun.misc.Unsafe.park(Native Method)
        at java.util.concurrent.locks.LockSupport.parkNanos(LockSupport.java:215)
        at java.util.concurrent.locks.AbstractQueuedSynchronizer$ConditionObject.awaitNanos(AbstractQueuedSynchronizer.java:2078)
        at java.util.concurrent.LinkedBlockingQueue.poll(LinkedBlockingQueue.java:467)
        at org.apache.hadoop.ipc.CallQueueManager.take(CallQueueManager.java:288)
        at org.apache.hadoop.ipc.Server$Handler.run(Server.java:2668)
"BlockDeletingService#0" daemon prio=5 tid=562 timed_waiting
java.lang.Thread.State: TIMED_WAITING
        at sun.misc.Unsafe.park(Native Method)
        at java.util.concurrent.locks.LockSupport.parkNanos(LockSupport.java:215)
        at java.util.concurrent.locks.AbstractQueuedSynchronizer$ConditionObject.awaitNanos(AbstractQueuedSynchronizer.java:2078)
        at java.util.concurrent.ScheduledThreadPoolExecutor$DelayedWorkQueue.take(ScheduledThreadPoolExecutor.java:1093)
        at java.util.concurrent.ScheduledThreadPoolExecutor$DelayedWorkQueue.take(ScheduledThreadPoolExecutor.java:809)
        at java.util.concurrent.ThreadPoolExecutor.getTask(ThreadPoolExecutor.java:1074)
        at java.util.concurrent.ThreadPoolExecutor.runWorker(ThreadPoolExecutor.java:1134)
        at java.util.concurrent.ThreadPoolExecutor$Worker.run(ThreadPoolExecutor.java:624)
        at java.lang.Thread.run(Thread.java:748)
"pool-26-thread-4"  prio=5 tid=319 in Object.wait()
java.lang.Thread.State: WAITING (on object monitor)
        at sun.misc.Unsafe.park(Native Method)
        at java.util.concurrent.locks.LockSupport.park(LockSupport.java:175)
        at java.util.concurrent.locks.AbstractQueuedSynchronizer$ConditionObject.await(AbstractQueuedSynchronizer.java:2039)
        at java.util.concurrent.ArrayBlockingQueue.take(ArrayBlockingQueue.java:403)
        at java.util.concurrent.ThreadPoolExecutor.getTask(ThreadPoolExecutor.java:1074)
        at java.util.concurrent.ThreadPoolExecutor.runWorker(ThreadPoolExecutor.java:1134)
        at java.util.concurrent.ThreadPoolExecutor$Worker.run(ThreadPoolExecutor.java:624)
        at java.lang.Thread.run(Thread.java:748)
"pool-36-thread-4"  prio=5 tid=324 in Object.wait()
java.lang.Thread.State: WAITING (on object monitor)
        at sun.misc.Unsafe.park(Native Method)
        at java.util.concurrent.locks.LockSupport.park(LockSupport.java:175)
        at java.util.concurrent.locks.AbstractQueuedSynchronizer$ConditionObject.await(AbstractQueuedSynchronizer.java:2039)
        at java.util.concurrent.ArrayBlockingQueue.take(ArrayBlockingQueue.java:403)
        at java.util.concurrent.ThreadPoolExecutor.getTask(ThreadPoolExecutor.java:1074)
        at java.util.concurrent.ThreadPoolExecutor.runWorker(ThreadPoolExecutor.java:1134)
        at java.util.concurrent.ThreadPoolExecutor$Worker.run(ThreadPoolExecutor.java:624)
        at java.lang.Thread.run(Thread.java:748)
"metrics-hadoop-metrics2-reporter-67-thread-1" daemon prio=5 tid=960 timed_waiting
java.lang.Thread.State: TIMED_WAITING
        at sun.misc.Unsafe.park(Native Method)
        at java.util.concurrent.locks.LockSupport.parkNanos(LockSupport.java:215)
        at java.util.concurrent.locks.AbstractQueuedSynchronizer$ConditionObject.awaitNanos(AbstractQueuedSynchronizer.java:2078)
        at java.util.concurrent.ScheduledThreadPoolExecutor$DelayedWorkQueue.take(ScheduledThreadPoolExecutor.java:1093)
        at java.util.concurrent.ScheduledThreadPoolExecutor$DelayedWorkQueue.take(ScheduledThreadPoolExecutor.java:809)
        at java.util.concurrent.ThreadPoolExecutor.getTask(ThreadPoolExecutor.java:1074)
        at java.util.concurrent.ThreadPoolExecutor.runWorker(ThreadPoolExecutor.java:1134)
        at java.util.concurrent.ThreadPoolExecutor$Worker.run(ThreadPoolExecutor.java:624)
        at java.lang.Thread.run(Thread.java:748)
"pool-40-thread-1"  prio=5 tid=186 timed_waiting
java.lang.Thread.State: TIMED_WAITING
        at sun.misc.Unsafe.park(Native Method)
        at java.util.concurrent.locks.LockSupport.parkNanos(LockSupport.java:215)
        at java.util.concurrent.locks.AbstractQueuedSynchronizer$ConditionObject.awaitNanos(AbstractQueuedSynchronizer.java:2078)
        at java.util.concurrent.ScheduledThreadPoolExecutor$DelayedWorkQueue.take(ScheduledThreadPoolExecutor.java:1093)
        at java.util.concurrent.ScheduledThreadPoolExecutor$DelayedWorkQueue.take(ScheduledThreadPoolExecutor.java:809)
        at java.util.concurrent.ThreadPoolExecutor.getTask(ThreadPoolExecutor.java:1074)
        at java.util.concurrent.ThreadPoolExecutor.runWorker(ThreadPoolExecutor.java:1134)
        at java.util.concurrent.ThreadPoolExecutor$Worker.run(ThreadPoolExecutor.java:624)
        at java.lang.Thread.run(Thread.java:748)
"pool-26-thread-57"  prio=5 tid=429 in Object.wait()
java.lang.Thread.State: WAITING (on object monitor)
        at sun.misc.Unsafe.park(Native Method)
        at java.util.concurrent.locks.LockSupport.park(LockSupport.java:175)
        at java.util.concurrent.locks.AbstractQueuedSynchronizer$ConditionObject.await(AbstractQueuedSynchronizer.java:2039)
        at java.util.concurrent.ArrayBlockingQueue.take(ArrayBlockingQueue.java:403)
        at java.util.concurrent.ThreadPoolExecutor.getTask(ThreadPoolExecutor.java:1074)
        at java.util.concurrent.ThreadPoolExecutor.runWorker(ThreadPoolExecutor.java:1134)
        at java.util.concurrent.ThreadPoolExecutor$Worker.run(ThreadPoolExecutor.java:624)
        at java.lang.Thread.run(Thread.java:748)
"pool-66-thread-3"  prio=5 tid=566 in Object.wait()
java.lang.Thread.State: WAITING (on object monitor)
        at sun.misc.Unsafe.park(Native Method)
        at java.util.concurrent.locks.LockSupport.park(LockSupport.java:175)
        at java.util.concurrent.locks.AbstractQueuedSynchronizer$ConditionObject.await(AbstractQueuedSynchronizer.java:2039)
        at java.util.concurrent.ArrayBlockingQueue.take(ArrayBlockingQueue.java:403)
        at java.util.concurrent.ThreadPoolExecutor.getTask(ThreadPoolExecutor.java:1074)
        at java.util.concurrent.ThreadPoolExecutor.runWorker(ThreadPoolExecutor.java:1134)
        at java.util.concurrent.ThreadPoolExecutor$Worker.run(ThreadPoolExecutor.java:624)
        at java.lang.Thread.run(Thread.java:748)
"pool-56-thread-54"  prio=5 tid=555 in Object.wait()
java.lang.Thread.State: WAITING (on object monitor)
        at sun.misc.Unsafe.park(Native Method)
        at java.util.concurrent.locks.LockSupport.park(LockSupport.java:175)
        at java.util.concurrent.locks.AbstractQueuedSynchronizer$ConditionObject.await(AbstractQueuedSynchronizer.java:2039)
        at java.util.concurrent.ArrayBlockingQueue.take(ArrayBlockingQueue.java:403)
        at java.util.concurrent.ThreadPoolExecutor.getTask(ThreadPoolExecutor.java:1074)
        at java.util.concurrent.ThreadPoolExecutor.runWorker(ThreadPoolExecutor.java:1134)
        at java.util.concurrent.ThreadPoolExecutor$Worker.run(ThreadPoolExecutor.java:624)
        at java.lang.Thread.run(Thread.java:748)
"pool-46-thread-58"  prio=5 tid=492 in Object.wait()
java.lang.Thread.State: WAITING (on object monitor)
        at sun.misc.Unsafe.park(Native Method)
        at java.util.concurrent.locks.LockSupport.park(LockSupport.java:175)
        at java.util.concurrent.locks.AbstractQueuedSynchronizer$ConditionObject.await(AbstractQueuedSynchronizer.java:2039)
        at java.util.concurrent.ArrayBlockingQueue.take(ArrayBlockingQueue.java:403)
        at java.util.concurrent.ThreadPoolExecutor.getTask(ThreadPoolExecutor.java:1074)
        at java.util.concurrent.ThreadPoolExecutor.runWorker(ThreadPoolExecutor.java:1134)
        at java.util.concurrent.ThreadPoolExecutor$Worker.run(ThreadPoolExecutor.java:624)
        at java.lang.Thread.run(Thread.java:748)
"SCMBlockDeletingService#1" daemon prio=5 tid=103 in Object.wait()
java.lang.Thread.State: WAITING (on object monitor)
        at sun.misc.Unsafe.park(Native Method)
        at java.util.concurrent.locks.LockSupport.park(LockSupport.java:175)
        at java.util.concurrent.locks.AbstractQueuedSynchronizer$ConditionObject.await(AbstractQueuedSynchronizer.java:2039)
        at java.util.concurrent.ScheduledThreadPoolExecutor$DelayedWorkQueue.take(ScheduledThreadPoolExecutor.java:1088)
        at java.util.concurrent.ScheduledThreadPoolExecutor$DelayedWorkQueue.take(ScheduledThreadPoolExecutor.java:809)
        at java.util.concurrent.ThreadPoolExecutor.getTask(ThreadPoolExecutor.java:1074)
        at java.util.concurrent.ThreadPoolExecutor.runWorker(ThreadPoolExecutor.java:1134)
        at java.util.concurrent.ThreadPoolExecutor$Worker.run(ThreadPoolExecutor.java:624)
        at java.lang.Thread.run(Thread.java:748)
"pool-56-thread-31"  prio=5 tid=529 in Object.wait()
java.lang.Thread.State: WAITING (on object monitor)
        at sun.misc.Unsafe.park(Native Method)
        at java.util.concurrent.locks.LockSupport.park(LockSupport.java:175)
        at java.util.concurrent.locks.AbstractQueuedSynchronizer$ConditionObject.await(AbstractQueuedSynchronizer.java:2039)
        at java.util.concurrent.ArrayBlockingQueue.take(ArrayBlockingQueue.java:403)
        at java.util.concurrent.ThreadPoolExecutor.getTask(ThreadPoolExecutor.java:1074)
        at java.util.concurrent.ThreadPoolExecutor.runWorker(ThreadPoolExecutor.java:1134)
        at java.util.concurrent.ThreadPoolExecutor$Worker.run(ThreadPoolExecutor.java:624)
        at java.lang.Thread.run(Thread.java:748)
"pool-56-thread-6"  prio=5 tid=501 in Object.wait()
java.lang.Thread.State: WAITING (on object monitor)
        at sun.misc.Unsafe.park(Native Method)
        at java.util.concurrent.locks.LockSupport.park(LockSupport.java:175)
        at java.util.concurrent.locks.AbstractQueuedSynchronizer$ConditionObject.await(AbstractQueuedSynchronizer.java:2039)
        at java.util.concurrent.ArrayBlockingQueue.take(ArrayBlockingQueue.java:403)
        at java.util.concurrent.ThreadPoolExecutor.getTask(ThreadPoolExecutor.java:1074)
        at java.util.concurrent.ThreadPoolExecutor.runWorker(ThreadPoolExecutor.java:1134)
        at java.util.concurrent.ThreadPoolExecutor$Worker.run(ThreadPoolExecutor.java:624)
        at java.lang.Thread.run(Thread.java:748)
"qtp1051453582-192" daemon prio=5 tid=192 timed_waiting
java.lang.Thread.State: TIMED_WAITING
        at sun.misc.Unsafe.park(Native Method)
        at java.util.concurrent.locks.LockSupport.parkNanos(LockSupport.java:215)
        at java.util.concurrent.locks.AbstractQueuedSynchronizer$ConditionObject.awaitNanos(AbstractQueuedSynchronizer.java:2078)
        at org.eclipse.jetty.util.BlockingArrayQueue.poll(BlockingArrayQueue.java:392)
        at org.eclipse.jetty.util.thread.QueuedThreadPool.idleJobPoll(QueuedThreadPool.java:563)
        at org.eclipse.jetty.util.thread.QueuedThreadPool.access$800(QueuedThreadPool.java:48)
        at org.eclipse.jetty.util.thread.QueuedThreadPool$2.run(QueuedThreadPool.java:626)
        at java.lang.Thread.run(Thread.java:748)
"metrics-hadoop-metrics2-reporter-76-thread-1" daemon prio=5 tid=1029 timed_waiting
java.lang.Thread.State: TIMED_WAITING
        at sun.misc.Unsafe.park(Native Method)
        at java.util.concurrent.locks.LockSupport.parkNanos(LockSupport.java:215)
        at java.util.concurrent.locks.AbstractQueuedSynchronizer$ConditionObject.awaitNanos(AbstractQueuedSynchronizer.java:2078)
        at java.util.concurrent.ScheduledThreadPoolExecutor$DelayedWorkQueue.take(ScheduledThreadPoolExecutor.java:1093)
        at java.util.concurrent.ScheduledThreadPoolExecutor$DelayedWorkQueue.take(ScheduledThreadPoolExecutor.java:809)
        at java.util.concurrent.ThreadPoolExecutor.getTask(ThreadPoolExecutor.java:1074)
        at java.util.concurrent.ThreadPoolExecutor.runWorker(ThreadPoolExecutor.java:1134)
        at java.util.concurrent.ThreadPoolExecutor$Worker.run(ThreadPoolExecutor.java:624)
        at java.lang.Thread.run(Thread.java:748)
"pool-36-thread-13"  prio=5 tid=341 in Object.wait()
java.lang.Thread.State: WAITING (on object monitor)
        at sun.misc.Unsafe.park(Native Method)
        at java.util.concurrent.locks.LockSupport.park(LockSupport.java:175)
        at java.util.concurrent.locks.AbstractQueuedSynchronizer$ConditionObject.await(AbstractQueuedSynchronizer.java:2039)
        at java.util.concurrent.ArrayBlockingQueue.take(ArrayBlockingQueue.java:403)
        at java.util.concurrent.ThreadPoolExecutor.getTask(ThreadPoolExecutor.java:1074)
        at java.util.concurrent.ThreadPoolExecutor.runWorker(ThreadPoolExecutor.java:1134)
        at java.util.concurrent.ThreadPoolExecutor$Worker.run(ThreadPoolExecutor.java:624)
        at java.lang.Thread.run(Thread.java:748)
"pool-66-thread-10"  prio=5 tid=573 in Object.wait()
java.lang.Thread.State: WAITING (on object monitor)
        at sun.misc.Unsafe.park(Native Method)
        at java.util.concurrent.locks.LockSupport.park(LockSupport.java:175)
        at java.util.concurrent.locks.AbstractQueuedSynchronizer$ConditionObject.await(AbstractQueuedSynchronizer.java:2039)
        at java.util.concurrent.ArrayBlockingQueue.take(ArrayBlockingQueue.java:403)
        at java.util.concurrent.ThreadPoolExecutor.getTask(ThreadPoolExecutor.java:1074)
        at java.util.concurrent.ThreadPoolExecutor.runWorker(ThreadPoolExecutor.java:1134)
        at java.util.concurrent.ThreadPoolExecutor$Worker.run(ThreadPoolExecutor.java:624)
        at java.lang.Thread.run(Thread.java:748)
"pool-66-thread-12"  prio=5 tid=575 in Object.wait()
java.lang.Thread.State: WAITING (on object monitor)
        at sun.misc.Unsafe.park(Native Method)
        at java.util.concurrent.locks.LockSupport.park(LockSupport.java:175)
        at java.util.concurrent.locks.AbstractQueuedSynchronizer$ConditionObject.await(AbstractQueuedSynchronizer.java:2039)
        at java.util.concurrent.ArrayBlockingQueue.take(ArrayBlockingQueue.java:403)
        at java.util.concurrent.ThreadPoolExecutor.getTask(ThreadPoolExecutor.java:1074)
        at java.util.concurrent.ThreadPoolExecutor.runWorker(ThreadPoolExecutor.java:1134)
        at java.util.concurrent.ThreadPoolExecutor$Worker.run(ThreadPoolExecutor.java:624)
        at java.lang.Thread.run(Thread.java:748)
"pool-76-thread-2"  prio=5 tid=627 in Object.wait()
java.lang.Thread.State: WAITING (on object monitor)
        at sun.misc.Unsafe.park(Native Method)
        at java.util.concurrent.locks.LockSupport.park(LockSupport.java:175)
        at java.util.concurrent.locks.AbstractQueuedSynchronizer$ConditionObject.await(AbstractQueuedSynchronizer.java:2039)
        at java.util.concurrent.ArrayBlockingQueue.take(ArrayBlockingQueue.java:403)
        at java.util.concurrent.ThreadPoolExecutor.getTask(ThreadPoolExecutor.java:1074)
        at java.util.concurrent.ThreadPoolExecutor.runWorker(ThreadPoolExecutor.java:1134)
        at java.util.concurrent.ThreadPoolExecutor$Worker.run(ThreadPoolExecutor.java:624)
        at java.lang.Thread.run(Thread.java:748)
"pool-26-thread-21"  prio=5 tid=354 in Object.wait()
java.lang.Thread.State: WAITING (on object monitor)
        at sun.misc.Unsafe.park(Native Method)
        at java.util.concurrent.locks.LockSupport.park(LockSupport.java:175)
        at java.util.concurrent.locks.AbstractQueuedSynchronizer$ConditionObject.await(AbstractQueuedSynchronizer.java:2039)
        at java.util.concurrent.ArrayBlockingQueue.take(ArrayBlockingQueue.java:403)
        at java.util.concurrent.ThreadPoolExecutor.getTask(ThreadPoolExecutor.java:1074)
        at java.util.concurrent.ThreadPoolExecutor.runWorker(ThreadPoolExecutor.java:1134)
        at java.util.concurrent.ThreadPoolExecutor$Worker.run(ThreadPoolExecutor.java:624)
        at java.lang.Thread.run(Thread.java:748)
"metrics-hadoop-metrics2-reporter-3-thread-1" daemon prio=5 tid=707 timed_waiting
java.lang.Thread.State: TIMED_WAITING
        at sun.misc.Unsafe.park(Native Method)
        at java.util.concurrent.locks.LockSupport.parkNanos(LockSupport.java:215)
        at java.util.concurrent.locks.AbstractQueuedSynchronizer$ConditionObject.awaitNanos(AbstractQueuedSynchronizer.java:2078)
        at java.util.concurrent.ScheduledThreadPoolExecutor$DelayedWorkQueue.take(ScheduledThreadPoolExecutor.java:1093)
        at java.util.concurrent.ScheduledThreadPoolExecutor$DelayedWorkQueue.take(ScheduledThreadPoolExecutor.java:809)
        at java.util.concurrent.ThreadPoolExecutor.getTask(ThreadPoolExecutor.java:1074)
        at java.util.concurrent.ThreadPoolExecutor.runWorker(ThreadPoolExecutor.java:1134)
        at java.util.concurrent.ThreadPoolExecutor$Worker.run(ThreadPoolExecutor.java:624)
        at java.lang.Thread.run(Thread.java:748)
"IPC Server handler 18 on 35347" daemon prio=5 tid=88 timed_waiting
java.lang.Thread.State: TIMED_WAITING
        at sun.misc.Unsafe.park(Native Method)
        at java.util.concurrent.locks.LockSupport.parkNanos(LockSupport.java:215)
        at java.util.concurrent.locks.AbstractQueuedSynchronizer$ConditionObject.awaitNanos(AbstractQueuedSynchronizer.java:2078)
        at java.util.concurrent.LinkedBlockingQueue.poll(LinkedBlockingQueue.java:467)
        at org.apache.hadoop.ipc.CallQueueManager.take(CallQueueManager.java:288)
        at org.apache.hadoop.ipc.Server$Handler.run(Server.java:2668)
"pool-56-thread-29"  prio=5 tid=527 in Object.wait()
java.lang.Thread.State: WAITING (on object monitor)
        at sun.misc.Unsafe.park(Native Method)
        at java.util.concurrent.locks.LockSupport.park(LockSupport.java:175)
        at java.util.concurrent.locks.AbstractQueuedSynchronizer$ConditionObject.await(AbstractQueuedSynchronizer.java:2039)
        at java.util.concurrent.ArrayBlockingQueue.take(ArrayBlockingQueue.java:403)
        at java.util.concurrent.ThreadPoolExecutor.getTask(ThreadPoolExecutor.java:1074)
        at java.util.concurrent.ThreadPoolExecutor.runWorker(ThreadPoolExecutor.java:1134)
        at java.util.concurrent.ThreadPoolExecutor$Worker.run(ThreadPoolExecutor.java:624)
        at java.lang.Thread.run(Thread.java:748)
"pool-76-thread-52"  prio=5 tid=677 in Object.wait()
java.lang.Thread.State: WAITING (on object monitor)
        at sun.misc.Unsafe.park(Native Method)
        at java.util.concurrent.locks.LockSupport.park(LockSupport.java:175)
        at java.util.concurrent.locks.AbstractQueuedSynchronizer$ConditionObject.await(AbstractQueuedSynchronizer.java:2039)
        at java.util.concurrent.ArrayBlockingQueue.take(ArrayBlockingQueue.java:403)
        at java.util.concurrent.ThreadPoolExecutor.getTask(ThreadPoolExecutor.java:1074)
        at java.util.concurrent.ThreadPoolExecutor.runWorker(ThreadPoolExecutor.java:1134)
        at java.util.concurrent.ThreadPoolExecutor$Worker.run(ThreadPoolExecutor.java:624)
        at java.lang.Thread.run(Thread.java:748)
"pool-46-thread-59"  prio=5 tid=493 in Object.wait()
java.lang.Thread.State: WAITING (on object monitor)
        at sun.misc.Unsafe.park(Native Method)
        at java.util.concurrent.locks.LockSupport.park(LockSupport.java:175)
        at java.util.concurrent.locks.AbstractQueuedSynchronizer$ConditionObject.await(AbstractQueuedSynchronizer.java:2039)
        at java.util.concurrent.ArrayBlockingQueue.take(ArrayBlockingQueue.java:403)
        at java.util.concurrent.ThreadPoolExecutor.getTask(ThreadPoolExecutor.java:1074)
        at java.util.concurrent.ThreadPoolExecutor.runWorker(ThreadPoolExecutor.java:1134)
        at java.util.concurrent.ThreadPoolExecutor$Worker.run(ThreadPoolExecutor.java:624)
        at java.lang.Thread.run(Thread.java:748)
"Timer for 'StorageContainerManager' metrics system" daemon prio=5 tid=28 timed_waiting
java.lang.Thread.State: TIMED_WAITING
        at org.apache.hadoop.metrics2.impl.MetricsSystemImpl.sampleMetrics(MetricsSystemImpl.java:408)
        at org.apache.hadoop.metrics2.impl.MetricsSystemImpl.onTimerEvent(MetricsSystemImpl.java:381)
        at org.apache.hadoop.metrics2.impl.MetricsSystemImpl$4.run(MetricsSystemImpl.java:368)
        at java.util.TimerThread.mainLoop(Timer.java:555)
        at java.util.TimerThread.run(Timer.java:505)
"java.util.concurrent.ThreadPoolExecutor$Worker@4f864425[State = -1, empty queue]" daemon prio=5 tid=867 timed_waiting
java.lang.Thread.State: TIMED_WAITING
        at sun.misc.Unsafe.park(Native Method)
        at java.util.concurrent.locks.LockSupport.parkNanos(LockSupport.java:215)
        at java.util.concurrent.locks.AbstractQueuedSynchronizer$ConditionObject.awaitNanos(AbstractQueuedSynchronizer.java:2078)
        at java.util.concurrent.ScheduledThreadPoolExecutor$DelayedWorkQueue.take(ScheduledThreadPoolExecutor.java:1093)
        at java.util.concurrent.ScheduledThreadPoolExecutor$DelayedWorkQueue.take(ScheduledThreadPoolExecutor.java:809)
        at java.util.concurrent.ThreadPoolExecutor.getTask(ThreadPoolExecutor.java:1074)
        at java.util.concurrent.ThreadPoolExecutor.runWorker(ThreadPoolExecutor.java:1134)
        at java.util.concurrent.ThreadPoolExecutor$Worker.run(ThreadPoolExecutor.java:624)
        at java.lang.Thread.run(Thread.java:748)
"pool-36-thread-22"  prio=5 tid=358 in Object.wait()
java.lang.Thread.State: WAITING (on object monitor)
        at sun.misc.Unsafe.park(Native Method)
        at java.util.concurrent.locks.LockSupport.park(LockSupport.java:175)
        at java.util.concurrent.locks.AbstractQueuedSynchronizer$ConditionObject.await(AbstractQueuedSynchronizer.java:2039)
        at java.util.concurrent.ArrayBlockingQueue.take(ArrayBlockingQueue.java:403)
        at java.util.concurrent.ThreadPoolExecutor.getTask(ThreadPoolExecutor.java:1074)
        at java.util.concurrent.ThreadPoolExecutor.runWorker(ThreadPoolExecutor.java:1134)
        at java.util.concurrent.ThreadPoolExecutor$Worker.run(ThreadPoolExecutor.java:624)
        at java.lang.Thread.run(Thread.java:748)
"pool-46-thread-23"  prio=5 tid=457 in Object.wait()
java.lang.Thread.State: WAITING (on object monitor)
        at sun.misc.Unsafe.park(Native Method)
        at java.util.concurrent.locks.LockSupport.park(LockSupport.java:175)
        at java.util.concurrent.locks.AbstractQueuedSynchronizer$ConditionObject.await(AbstractQueuedSynchronizer.java:2039)
        at java.util.concurrent.ArrayBlockingQueue.take(ArrayBlockingQueue.java:403)
        at java.util.concurrent.ThreadPoolExecutor.getTask(ThreadPoolExecutor.java:1074)
        at java.util.concurrent.ThreadPoolExecutor.runWorker(ThreadPoolExecutor.java:1134)
        at java.util.concurrent.ThreadPoolExecutor$Worker.run(ThreadPoolExecutor.java:624)
        at java.lang.Thread.run(Thread.java:748)
"Thread-263" daemon prio=5 tid=795 timed_waiting
java.lang.Thread.State: TIMED_WAITING
        at sun.misc.Unsafe.park(Native Method)
        at java.util.concurrent.locks.LockSupport.parkNanos(LockSupport.java:215)
        at java.util.concurrent.locks.AbstractQueuedSynchronizer$ConditionObject.awaitNanos(AbstractQueuedSynchronizer.java:2078)
        at java.util.concurrent.ArrayBlockingQueue.poll(ArrayBlockingQueue.java:418)
        at org.apache.ratis.server.impl.LeaderState$EventQueue.poll(LeaderState.java:115)
        at org.apache.ratis.server.impl.LeaderState$EventProcessor.run(LeaderState.java:467)
"pool-46-thread-13"  prio=5 tid=447 in Object.wait()
java.lang.Thread.State: WAITING (on object monitor)
        at sun.misc.Unsafe.park(Native Method)
        at java.util.concurrent.locks.LockSupport.park(LockSupport.java:175)
        at java.util.concurrent.locks.AbstractQueuedSynchronizer$ConditionObject.await(AbstractQueuedSynchronizer.java:2039)
        at java.util.concurrent.ArrayBlockingQueue.take(ArrayBlockingQueue.java:403)
        at java.util.concurrent.ThreadPoolExecutor.getTask(ThreadPoolExecutor.java:1074)
        at java.util.concurrent.ThreadPoolExecutor.runWorker(ThreadPoolExecutor.java:1134)
        at java.util.concurrent.ThreadPoolExecutor$Worker.run(ThreadPoolExecutor.java:624)
        at java.lang.Thread.run(Thread.java:748)
"metrics-hadoop-metrics2-reporter-71-thread-1" daemon prio=5 tid=967 timed_waiting
java.lang.Thread.State: TIMED_WAITING
        at sun.misc.Unsafe.park(Native Method)
        at java.util.concurrent.locks.LockSupport.parkNanos(LockSupport.java:215)
        at java.util.concurrent.locks.AbstractQueuedSynchronizer$ConditionObject.awaitNanos(AbstractQueuedSynchronizer.java:2078)
        at java.util.concurrent.ScheduledThreadPoolExecutor$DelayedWorkQueue.take(ScheduledThreadPoolExecutor.java:1093)
        at java.util.concurrent.ScheduledThreadPoolExecutor$DelayedWorkQueue.take(ScheduledThreadPoolExecutor.java:809)
        at java.util.concurrent.ThreadPoolExecutor.getTask(ThreadPoolExecutor.java:1074)
        at java.util.concurrent.ThreadPoolExecutor.runWorker(ThreadPoolExecutor.java:1134)
        at java.util.concurrent.ThreadPoolExecutor$Worker.run(ThreadPoolExecutor.java:624)
        at java.lang.Thread.run(Thread.java:748)
"Thread-0"  prio=5 tid=11 runnable
java.lang.Thread.State: RUNNABLE
        at java.lang.Thread.dumpThreads(Native Method)
        at java.lang.Thread.getAllStackTraces(Thread.java:1610)
        at org.apache.hadoop.test.TimedOutTestsListener.buildThreadDump(TimedOutTestsListener.java:87)
        at org.apache.hadoop.test.TimedOutTestsListener.buildThreadDiagnosticString(TimedOutTestsListener.java:73)
        at org.apache.hadoop.test.GenericTestUtils.waitFor(GenericTestUtils.java:389)
        at org.apache.hadoop.hdds.scm.pipeline.TestRatisPipelineCreateAndDestroy.waitForPipelines(TestRatisPipelineCreateAndDestroy.java:126)
        at org.apache.hadoop.hdds.scm.pipeline.TestRatisPipelineCreateAndDestroy.testAutomaticPipelineCreationOnPipelineDestroy(TestRatisPipelineCreateAndDestroy.java:79)
        at sun.reflect.NativeMethodAccessorImpl.invoke0(Native Method)
        at sun.reflect.NativeMethodAccessorImpl.invoke(NativeMethodAccessorImpl.java:62)
        at sun.reflect.DelegatingMethodAccessorImpl.invoke(DelegatingMethodAccessorImpl.java:43)
        at java.lang.reflect.Method.invoke(Method.java:498)
        at org.junit.runners.model.FrameworkMethod$1.runReflectiveCall(FrameworkMethod.java:47)
        at org.junit.internal.runners.model.ReflectiveCallable.run(ReflectiveCallable.java:12)
        at org.junit.runners.model.FrameworkMethod.invokeExplosively(FrameworkMethod.java:44)
        at org.junit.internal.runners.statements.InvokeMethod.evaluate(InvokeMethod.java:17)
        at org.junit.internal.runners.statements.FailOnTimeout$StatementThread.run(FailOnTimeout.java:74)
"pool-36-thread-32"  prio=5 tid=377 in Object.wait()
java.lang.Thread.State: WAITING (on object monitor)
        at sun.misc.Unsafe.park(Native Method)
        at java.util.concurrent.locks.LockSupport.park(LockSupport.java:175)
        at java.util.concurrent.locks.AbstractQueuedSynchronizer$ConditionObject.await(AbstractQueuedSynchronizer.java:2039)
        at java.util.concurrent.ArrayBlockingQueue.take(ArrayBlockingQueue.java:403)
        at java.util.concurrent.ThreadPoolExecutor.getTask(ThreadPoolExecutor.java:1074)
        at java.util.concurrent.ThreadPoolExecutor.runWorker(ThreadPoolExecutor.java:1134)
        at java.util.concurrent.ThreadPoolExecutor$Worker.run(ThreadPoolExecutor.java:624)
        at java.lang.Thread.run(Thread.java:748)
"Periodic HDDS volume checker"  prio=5 tid=234 timed_waiting
java.lang.Thread.State: TIMED_WAITING
        at sun.misc.Unsafe.park(Native Method)
        at java.util.concurrent.locks.LockSupport.parkNanos(LockSupport.java:215)
        at java.util.concurrent.locks.AbstractQueuedSynchronizer$ConditionObject.awaitNanos(AbstractQueuedSynchronizer.java:2078)
        at java.util.concurrent.ScheduledThreadPoolExecutor$DelayedWorkQueue.take(ScheduledThreadPoolExecutor.java:1093)
        at java.util.concurrent.ScheduledThreadPoolExecutor$DelayedWorkQueue.take(ScheduledThreadPoolExecutor.java:809)
        at java.util.concurrent.ThreadPoolExecutor.getTask(ThreadPoolExecutor.java:1074)
        at java.util.concurrent.ThreadPoolExecutor.runWorker(ThreadPoolExecutor.java:1134)
        at java.util.concurrent.ThreadPoolExecutor$Worker.run(ThreadPoolExecutor.java:624)
        at java.lang.Thread.run(Thread.java:748)
"IPC Server handler 4 on 35347" daemon prio=5 tid=74 timed_waiting
java.lang.Thread.State: TIMED_WAITING
        at sun.misc.Unsafe.park(Native Method)
        at java.util.concurrent.locks.LockSupport.parkNanos(LockSupport.java:215)
        at java.util.concurrent.locks.AbstractQueuedSynchronizer$ConditionObject.awaitNanos(AbstractQueuedSynchronizer.java:2078)
        at java.util.concurrent.LinkedBlockingQueue.poll(LinkedBlockingQueue.java:467)
        at org.apache.hadoop.ipc.CallQueueManager.take(CallQueueManager.java:288)
        at org.apache.hadoop.ipc.Server$Handler.run(Server.java:2668)
"qtp689037899-297" daemon prio=5 tid=297 timed_waiting
java.lang.Thread.State: TIMED_WAITING
        at sun.misc.Unsafe.park(Native Method)
        at java.util.concurrent.locks.LockSupport.parkNanos(LockSupport.java:215)
        at java.util.concurrent.locks.AbstractQueuedSynchronizer$ConditionObject.awaitNanos(AbstractQueuedSynchronizer.java:2078)
        at org.eclipse.jetty.util.BlockingArrayQueue.poll(BlockingArrayQueue.java:392)
        at org.eclipse.jetty.util.thread.QueuedThreadPool.idleJobPoll(QueuedThreadPool.java:563)
        at org.eclipse.jetty.util.thread.QueuedThreadPool.access$800(QueuedThreadPool.java:48)
        at org.eclipse.jetty.util.thread.QueuedThreadPool$2.run(QueuedThreadPool.java:626)
        at java.lang.Thread.run(Thread.java:748)
"pool-56-thread-3"  prio=5 tid=498 in Object.wait()
java.lang.Thread.State: WAITING (on object monitor)
        at sun.misc.Unsafe.park(Native Method)
        at java.util.concurrent.locks.LockSupport.park(LockSupport.java:175)
        at java.util.concurrent.locks.AbstractQueuedSynchronizer$ConditionObject.await(AbstractQueuedSynchronizer.java:2039)
        at java.util.concurrent.ArrayBlockingQueue.take(ArrayBlockingQueue.java:403)
        at java.util.concurrent.ThreadPoolExecutor.getTask(ThreadPoolExecutor.java:1074)
        at java.util.concurrent.ThreadPoolExecutor.runWorker(ThreadPoolExecutor.java:1134)
        at java.util.concurrent.ThreadPoolExecutor$Worker.run(ThreadPoolExecutor.java:624)
        at java.lang.Thread.run(Thread.java:748)
"pool-66-thread-8"  prio=5 tid=571 in Object.wait()
java.lang.Thread.State: WAITING (on object monitor)
        at sun.misc.Unsafe.park(Native Method)
        at java.util.concurrent.locks.LockSupport.park(LockSupport.java:175)
        at java.util.concurrent.locks.AbstractQueuedSynchronizer$ConditionObject.await(AbstractQueuedSynchronizer.java:2039)
        at java.util.concurrent.ArrayBlockingQueue.take(ArrayBlockingQueue.java:403)
        at java.util.concurrent.ThreadPoolExecutor.getTask(ThreadPoolExecutor.java:1074)
        at java.util.concurrent.ThreadPoolExecutor.runWorker(ThreadPoolExecutor.java:1134)
        at java.util.concurrent.ThreadPoolExecutor$Worker.run(ThreadPoolExecutor.java:624)
        at java.lang.Thread.run(Thread.java:748)
"org.eclipse.jetty.server.session.HashSessionManager@2570ac5dTimer" daemon prio=5 tid=147 timed_waiting
java.lang.Thread.State: TIMED_WAITING
        at sun.misc.Unsafe.park(Native Method)
        at java.util.concurrent.locks.LockSupport.parkNanos(LockSupport.java:215)
        at java.util.concurrent.locks.AbstractQueuedSynchronizer$ConditionObject.awaitNanos(AbstractQueuedSynchronizer.java:2078)
        at java.util.concurrent.ScheduledThreadPoolExecutor$DelayedWorkQueue.take(ScheduledThreadPoolExecutor.java:1093)
        at java.util.concurrent.ScheduledThreadPoolExecutor$DelayedWorkQueue.take(ScheduledThreadPoolExecutor.java:809)
        at java.util.concurrent.ThreadPoolExecutor.getTask(ThreadPoolExecutor.java:1074)
        at java.util.concurrent.ThreadPoolExecutor.runWorker(ThreadPoolExecutor.java:1134)
        at java.util.concurrent.ThreadPoolExecutor$Worker.run(ThreadPoolExecutor.java:624)
        at java.lang.Thread.run(Thread.java:748)
"pool-36-thread-47"  prio=5 tid=407 in Object.wait()
java.lang.Thread.State: WAITING (on object monitor)
        at sun.misc.Unsafe.park(Native Method)
        at java.util.concurrent.locks.LockSupport.park(LockSupport.java:175)
        at java.util.concurrent.locks.AbstractQueuedSynchronizer$ConditionObject.await(AbstractQueuedSynchronizer.java:2039)
        at java.util.concurrent.ArrayBlockingQueue.take(ArrayBlockingQueue.java:403)
        at java.util.concurrent.ThreadPoolExecutor.getTask(ThreadPoolExecutor.java:1074)
        at java.util.concurrent.ThreadPoolExecutor.runWorker(ThreadPoolExecutor.java:1134)
        at java.util.concurrent.ThreadPoolExecutor$Worker.run(ThreadPoolExecutor.java:624)
        at java.lang.Thread.run(Thread.java:748)
"IPC Server handler 11 on 41091" daemon prio=5 tid=127 timed_waiting
java.lang.Thread.State: TIMED_WAITING
        at sun.misc.Unsafe.park(Native Method)
        at java.util.concurrent.locks.LockSupport.parkNanos(LockSupport.java:215)
        at java.util.concurrent.locks.AbstractQueuedSynchronizer$ConditionObject.awaitNanos(AbstractQueuedSynchronizer.java:2078)
        at java.util.concurrent.LinkedBlockingQueue.poll(LinkedBlockingQueue.java:467)
        at org.apache.hadoop.ipc.CallQueueManager.take(CallQueueManager.java:288)
        at org.apache.hadoop.ipc.Server$Handler.run(Server.java:2668)
"pool-56-thread-33"  prio=5 tid=531 in Object.wait()
java.lang.Thread.State: WAITING (on object monitor)
        at sun.misc.Unsafe.park(Native Method)
        at java.util.concurrent.locks.LockSupport.park(LockSupport.java:175)
        at java.util.concurrent.locks.AbstractQueuedSynchronizer$ConditionObject.await(AbstractQueuedSynchronizer.java:2039)
        at java.util.concurrent.ArrayBlockingQueue.take(ArrayBlockingQueue.java:403)
        at java.util.concurrent.ThreadPoolExecutor.getTask(ThreadPoolExecutor.java:1074)
        at java.util.concurrent.ThreadPoolExecutor.runWorker(ThreadPoolExecutor.java:1134)
        at java.util.concurrent.ThreadPoolExecutor$Worker.run(ThreadPoolExecutor.java:624)
        at java.lang.Thread.run(Thread.java:748)
"org.eclipse.jetty.server.session.HashSessionManager@33557a5fTimer" daemon prio=5 tid=99 timed_waiting
java.lang.Thread.State: TIMED_WAITING
        at sun.misc.Unsafe.park(Native Method)
        at java.util.concurrent.locks.LockSupport.parkNanos(LockSupport.java:215)
        at java.util.concurrent.locks.AbstractQueuedSynchronizer$ConditionObject.awaitNanos(AbstractQueuedSynchronizer.java:2078)
        at java.util.concurrent.ScheduledThreadPoolExecutor$DelayedWorkQueue.take(ScheduledThreadPoolExecutor.java:1093)
        at java.util.concurrent.ScheduledThreadPoolExecutor$DelayedWorkQueue.take(ScheduledThreadPoolExecutor.java:809)
        at java.util.concurrent.ThreadPoolExecutor.getTask(ThreadPoolExecutor.java:1074)
        at java.util.concurrent.ThreadPoolExecutor.runWorker(ThreadPoolExecutor.java:1134)
        at java.util.concurrent.ThreadPoolExecutor$Worker.run(ThreadPoolExecutor.java:624)
        at java.lang.Thread.run(Thread.java:748)
"metrics-hadoop-metrics2-reporter-22-thread-1" daemon prio=5 tid=753 timed_waiting
java.lang.Thread.State: TIMED_WAITING
        at sun.misc.Unsafe.park(Native Method)
        at java.util.concurrent.locks.LockSupport.parkNanos(LockSupport.java:215)
        at java.util.concurrent.locks.AbstractQueuedSynchronizer$ConditionObject.awaitNanos(AbstractQueuedSynchronizer.java:2078)
        at java.util.concurrent.ScheduledThreadPoolExecutor$DelayedWorkQueue.take(ScheduledThreadPoolExecutor.java:1093)
        at java.util.concurrent.ScheduledThreadPoolExecutor$DelayedWorkQueue.take(ScheduledThreadPoolExecutor.java:809)
        at java.util.concurrent.ThreadPoolExecutor.getTask(ThreadPoolExecutor.java:1074)
        at java.util.concurrent.ThreadPoolExecutor.runWorker(ThreadPoolExecutor.java:1134)
        at java.util.concurrent.ThreadPoolExecutor$Worker.run(ThreadPoolExecutor.java:624)
        at java.lang.Thread.run(Thread.java:748)
"surefire-forkedjvm-command-thread" daemon prio=5 tid=8 runnable
java.lang.Thread.State: RUNNABLE
        at java.io.FileInputStream.readBytes(Native Method)
        at java.io.FileInputStream.read(FileInputStream.java:255)
        at java.io.BufferedInputStream.fill(BufferedInputStream.java:246)
        at java.io.BufferedInputStream.read(BufferedInputStream.java:265)
        at java.io.DataInputStream.readInt(DataInputStream.java:387)
        at org.apache.maven.surefire.booter.MasterProcessCommand.decode(MasterProcessCommand.java:115)
        at org.apache.maven.surefire.booter.CommandReader$CommandRunnable.run(CommandReader.java:390)
        at java.lang.Thread.run(Thread.java:748)
"Timer-1" daemon prio=5 tid=150 timed_waiting
java.lang.Thread.State: TIMED_WAITING
        at java.lang.Object.wait(Native Method)
        at java.util.TimerThread.mainLoop(Timer.java:552)
        at java.util.TimerThread.run(Timer.java:505)
"metrics-hadoop-metrics2-reporter-75-thread-1" daemon prio=5 tid=1028 timed_waiting
java.lang.Thread.State: TIMED_WAITING
        at sun.misc.Unsafe.park(Native Method)
        at java.util.concurrent.locks.LockSupport.parkNanos(LockSupport.java:215)
        at java.util.concurrent.locks.AbstractQueuedSynchronizer$ConditionObject.awaitNanos(AbstractQueuedSynchronizer.java:2078)
        at java.util.concurrent.ScheduledThreadPoolExecutor$DelayedWorkQueue.take(ScheduledThreadPoolExecutor.java:1093)
        at java.util.concurrent.ScheduledThreadPoolExecutor$DelayedWorkQueue.take(ScheduledThreadPoolExecutor.java:809)
        at java.util.concurrent.ThreadPoolExecutor.getTask(ThreadPoolExecutor.java:1074)
        at java.util.concurrent.ThreadPoolExecutor.runWorker(ThreadPoolExecutor.java:1134)
        at java.util.concurrent.ThreadPoolExecutor$Worker.run(ThreadPoolExecutor.java:624)
        at java.lang.Thread.run(Thread.java:748)
"org.eclipse.jetty.server.session.HashSessionManager@6f721d6cTimer" daemon prio=5 tid=168 timed_waiting
java.lang.Thread.State: TIMED_WAITING
        at sun.misc.Unsafe.park(Native Method)
        at java.util.concurrent.locks.LockSupport.parkNanos(LockSupport.java:215)
        at java.util.concurrent.locks.AbstractQueuedSynchronizer$ConditionObject.awaitNanos(AbstractQueuedSynchronizer.java:2078)
        at java.util.concurrent.ScheduledThreadPoolExecutor$DelayedWorkQueue.take(ScheduledThreadPoolExecutor.java:1093)
        at java.util.concurrent.ScheduledThreadPoolExecutor$DelayedWorkQueue.take(ScheduledThreadPoolExecutor.java:809)
        at java.util.concurrent.ThreadPoolExecutor.getTask(ThreadPoolExecutor.java:1074)
        at java.util.concurrent.ThreadPoolExecutor.runWorker(ThreadPoolExecutor.java:1134)
        at java.util.concurrent.ThreadPoolExecutor$Worker.run(ThreadPoolExecutor.java:624)
        at java.lang.Thread.run(Thread.java:748)
"qtp64027122-163" daemon prio=5 tid=163 timed_waiting
java.lang.Thread.State: TIMED_WAITING
        at sun.misc.Unsafe.park(Native Method)
        at java.util.concurrent.locks.LockSupport.parkNanos(LockSupport.java:215)
        at java.util.concurrent.locks.AbstractQueuedSynchronizer$ConditionObject.awaitNanos(AbstractQueuedSynchronizer.java:2078)
        at org.eclipse.jetty.util.BlockingArrayQueue.poll(BlockingArrayQueue.java:392)
        at org.eclipse.jetty.util.thread.QueuedThreadPool.idleJobPoll(QueuedThreadPool.java:563)
        at org.eclipse.jetty.util.thread.QueuedThreadPool.access$800(QueuedThreadPool.java:48)
        at org.eclipse.jetty.util.thread.QueuedThreadPool$2.run(QueuedThreadPool.java:626)
        at java.lang.Thread.run(Thread.java:748)
"pool-66-thread-34"  prio=5 tid=597 in Object.wait()
java.lang.Thread.State: WAITING (on object monitor)
        at sun.misc.Unsafe.park(Native Method)
        at java.util.concurrent.locks.LockSupport.park(LockSupport.java:175)
        at java.util.concurrent.locks.AbstractQueuedSynchronizer$ConditionObject.await(AbstractQueuedSynchronizer.java:2039)
        at java.util.concurrent.ArrayBlockingQueue.take(ArrayBlockingQueue.java:403)
        at java.util.concurrent.ThreadPoolExecutor.getTask(ThreadPoolExecutor.java:1074)
        at java.util.concurrent.ThreadPoolExecutor.runWorker(ThreadPoolExecutor.java:1134)
        at java.util.concurrent.ThreadPoolExecutor$Worker.run(ThreadPoolExecutor.java:624)
        at java.lang.Thread.run(Thread.java:748)
"metrics-hadoop-metrics2-reporter-72-thread-1" daemon prio=5 tid=969 timed_waiting
java.lang.Thread.State: TIMED_WAITING
        at sun.misc.Unsafe.park(Native Method)
        at java.util.concurrent.locks.LockSupport.parkNanos(LockSupport.java:215)
        at java.util.concurrent.locks.AbstractQueuedSynchronizer$ConditionObject.awaitNanos(AbstractQueuedSynchronizer.java:2078)
        at java.util.concurrent.ScheduledThreadPoolExecutor$DelayedWorkQueue.take(ScheduledThreadPoolExecutor.java:1093)
        at java.util.concurrent.ScheduledThreadPoolExecutor$DelayedWorkQueue.take(ScheduledThreadPoolExecutor.java:809)
        at java.util.concurrent.ThreadPoolExecutor.getTask(ThreadPoolExecutor.java:1074)
        at java.util.concurrent.ThreadPoolExecutor.runWorker(ThreadPoolExecutor.java:1134)
        at java.util.concurrent.ThreadPoolExecutor$Worker.run(ThreadPoolExecutor.java:624)
        at java.lang.Thread.run(Thread.java:748)
"pool-66-thread-43"  prio=5 tid=606 in Object.wait()
java.lang.Thread.State: WAITING (on object monitor)
        at sun.misc.Unsafe.park(Native Method)
        at java.util.concurrent.locks.LockSupport.park(LockSupport.java:175)
        at java.util.concurrent.locks.AbstractQueuedSynchronizer$ConditionObject.await(AbstractQueuedSynchronizer.java:2039)
        at java.util.concurrent.ArrayBlockingQueue.take(ArrayBlockingQueue.java:403)
        at java.util.concurrent.ThreadPoolExecutor.getTask(ThreadPoolExecutor.java:1074)
        at java.util.concurrent.ThreadPoolExecutor.runWorker(ThreadPoolExecutor.java:1134)
        at java.util.concurrent.ThreadPoolExecutor$Worker.run(ThreadPoolExecutor.java:624)
        at java.lang.Thread.run(Thread.java:748)
"pool-66-thread-1"  prio=5 tid=564 in Object.wait()
java.lang.Thread.State: WAITING (on object monitor)
        at sun.misc.Unsafe.park(Native Method)
        at java.util.concurrent.locks.LockSupport.park(LockSupport.java:175)
        at java.util.concurrent.locks.AbstractQueuedSynchronizer$ConditionObject.await(AbstractQueuedSynchronizer.java:2039)
        at java.util.concurrent.ArrayBlockingQueue.take(ArrayBlockingQueue.java:403)
        at java.util.concurrent.ThreadPoolExecutor.getTask(ThreadPoolExecutor.java:1074)
        at java.util.concurrent.ThreadPoolExecutor.runWorker(ThreadPoolExecutor.java:1134)
        at java.util.concurrent.ThreadPoolExecutor$Worker.run(ThreadPoolExecutor.java:624)
        at java.lang.Thread.run(Thread.java:748)
"qtp441384075-139" daemon prio=5 tid=139 timed_waiting
java.lang.Thread.State: TIMED_WAITING
        at sun.misc.Unsafe.park(Native Method)
        at java.util.concurrent.locks.LockSupport.parkNanos(LockSupport.java:215)
        at java.util.concurrent.locks.AbstractQueuedSynchronizer$ConditionObject.awaitNanos(AbstractQueuedSynchronizer.java:2078)
        at org.eclipse.jetty.util.BlockingArrayQueue.poll(BlockingArrayQueue.java:392)
        at org.eclipse.jetty.util.thread.QueuedThreadPool.idleJobPoll(QueuedThreadPool.java:563)
        at org.eclipse.jetty.util.thread.QueuedThreadPool.access$800(QueuedThreadPool.java:48)
        at org.eclipse.jetty.util.thread.QueuedThreadPool$2.run(QueuedThreadPool.java:626)
        at java.lang.Thread.run(Thread.java:748)
"IPC Server handler 17 on 35347" daemon prio=5 tid=87 timed_waiting
java.lang.Thread.State: TIMED_WAITING
        at sun.misc.Unsafe.park(Native Method)
        at java.util.concurrent.locks.LockSupport.parkNanos(LockSupport.java:215)
        at java.util.concurrent.locks.AbstractQueuedSynchronizer$ConditionObject.awaitNanos(AbstractQueuedSynchronizer.java:2078)
        at java.util.concurrent.LinkedBlockingQueue.poll(LinkedBlockingQueue.java:467)
        at org.apache.hadoop.ipc.CallQueueManager.take(CallQueueManager.java:288)
        at org.apache.hadoop.ipc.Server$Handler.run(Server.java:2668)
"IPC Server handler 19 on 33888" daemon prio=5 tid=49 timed_waiting
java.lang.Thread.State: TIMED_WAITING
        at sun.misc.Unsafe.park(Native Method)
        at java.util.concurrent.locks.LockSupport.parkNanos(LockSupport.java:215)
        at java.util.concurrent.locks.AbstractQueuedSynchronizer$ConditionObject.awaitNanos(AbstractQueuedSynchronizer.java:2078)
        at java.util.concurrent.LinkedBlockingQueue.poll(LinkedBlockingQueue.java:467)
        at org.apache.hadoop.ipc.CallQueueManager.take(CallQueueManager.java:288)
        at org.apache.hadoop.ipc.Server$Handler.run(Server.java:2668)
"Thread-242" daemon prio=5 tid=747 timed_waiting
java.lang.Thread.State: TIMED_WAITING
        at sun.misc.Unsafe.park(Native Method)
        at java.util.concurrent.locks.LockSupport.parkNanos(LockSupport.java:215)
        at java.util.concurrent.locks.AbstractQueuedSynchronizer$ConditionObject.awaitNanos(AbstractQueuedSynchronizer.java:2078)
        at java.util.concurrent.ArrayBlockingQueue.poll(ArrayBlockingQueue.java:418)
        at org.apache.ratis.server.impl.LeaderState$EventQueue.poll(LeaderState.java:115)
        at org.apache.ratis.server.impl.LeaderState$EventProcessor.run(LeaderState.java:467)
"pool-26-thread-50"  prio=5 tid=415 in Object.wait()
java.lang.Thread.State: WAITING (on object monitor)
        at sun.misc.Unsafe.park(Native Method)
        at java.util.concurrent.locks.LockSupport.park(LockSupport.java:175)
        at java.util.concurrent.locks.AbstractQueuedSynchronizer$ConditionObject.await(AbstractQueuedSynchronizer.java:2039)
        at java.util.concurrent.ArrayBlockingQueue.take(ArrayBlockingQueue.java:403)
        at java.util.concurrent.ThreadPoolExecutor.getTask(ThreadPoolExecutor.java:1074)
        at java.util.concurrent.ThreadPoolExecutor.runWorker(ThreadPoolExecutor.java:1134)
        at java.util.concurrent.ThreadPoolExecutor$Worker.run(ThreadPoolExecutor.java:624)
        at java.lang.Thread.run(Thread.java:748)
"IPC Server handler 0 on 41091" daemon prio=5 tid=115 timed_waiting
java.lang.Thread.State: TIMED_WAITING
        at sun.misc.Unsafe.park(Native Method)
        at java.util.concurrent.locks.LockSupport.parkNanos(LockSupport.java:215)
        at java.util.concurrent.locks.AbstractQueuedSynchronizer$ConditionObject.awaitNanos(AbstractQueuedSynchronizer.java:2078)
        at java.util.concurrent.LinkedBlockingQueue.poll(LinkedBlockingQueue.java:467)
        at org.apache.hadoop.ipc.CallQueueManager.take(CallQueueManager.java:288)
        at org.apache.hadoop.ipc.Server$Handler.run(Server.java:2668)
"org.eclipse.jetty.server.session.HashSessionManager@ff6f875Timer" daemon prio=5 tid=222 timed_waiting
java.lang.Thread.State: TIMED_WAITING
        at sun.misc.Unsafe.park(Native Method)
        at java.util.concurrent.locks.LockSupport.parkNanos(LockSupport.java:215)
        at java.util.concurrent.locks.AbstractQueuedSynchronizer$ConditionObject.awaitNanos(AbstractQueuedSynchronizer.java:2078)
        at java.util.concurrent.ScheduledThreadPoolExecutor$DelayedWorkQueue.take(ScheduledThreadPoolExecutor.java:1093)
        at java.util.concurrent.ScheduledThreadPoolExecutor$DelayedWorkQueue.take(ScheduledThreadPoolExecutor.java:809)
        at java.util.concurrent.ThreadPoolExecutor.getTask(ThreadPoolExecutor.java:1074)
        at java.util.concurrent.ThreadPoolExecutor.runWorker(ThreadPoolExecutor.java:1134)
        at java.util.concurrent.ThreadPoolExecutor$Worker.run(ThreadPoolExecutor.java:624)
        at java.lang.Thread.run(Thread.java:748)
"pool-66-thread-24"  prio=5 tid=587 in Object.wait()
java.lang.Thread.State: WAITING (on object monitor)
        at sun.misc.Unsafe.park(Native Method)
        at java.util.concurrent.locks.LockSupport.park(LockSupport.java:175)
        at java.util.concurrent.locks.AbstractQueuedSynchronizer$ConditionObject.await(AbstractQueuedSynchronizer.java:2039)
        at java.util.concurrent.ArrayBlockingQueue.take(ArrayBlockingQueue.java:403)
        at java.util.concurrent.ThreadPoolExecutor.getTask(ThreadPoolExecutor.java:1074)
        at java.util.concurrent.ThreadPoolExecutor.runWorker(ThreadPoolExecutor.java:1134)
        at java.util.concurrent.ThreadPoolExecutor$Worker.run(ThreadPoolExecutor.java:624)
        at java.lang.Thread.run(Thread.java:748)
"pool-76-thread-46"  prio=5 tid=671 in Object.wait()
java.lang.Thread.State: WAITING (on object monitor)
        at sun.misc.Unsafe.park(Native Method)
        at java.util.concurrent.locks.LockSupport.park(LockSupport.java:175)
        at java.util.concurrent.locks.AbstractQueuedSynchronizer$ConditionObject.await(AbstractQueuedSynchronizer.java:2039)
        at java.util.concurrent.ArrayBlockingQueue.take(ArrayBlockingQueue.java:403)
        at java.util.concurrent.ThreadPoolExecutor.getTask(ThreadPoolExecutor.java:1074)
        at java.util.concurrent.ThreadPoolExecutor.runWorker(ThreadPoolExecutor.java:1134)
        at java.util.concurrent.ThreadPoolExecutor$Worker.run(ThreadPoolExecutor.java:624)
        at java.lang.Thread.run(Thread.java:748)
"org.eclipse.jetty.server.session.HashSessionManager@6b3e88f4Timer" daemon prio=5 tid=197 timed_waiting
java.lang.Thread.State: TIMED_WAITING
        at sun.misc.Unsafe.park(Native Method)
        at java.util.concurrent.locks.LockSupport.parkNanos(LockSupport.java:215)
        at java.util.concurrent.locks.AbstractQueuedSynchronizer$ConditionObject.awaitNanos(AbstractQueuedSynchronizer.java:2078)
        at java.util.concurrent.ScheduledThreadPoolExecutor$DelayedWorkQueue.take(ScheduledThreadPoolExecutor.java:1093)
        at java.util.concurrent.ScheduledThreadPoolExecutor$DelayedWorkQueue.take(ScheduledThreadPoolExecutor.java:809)
        at java.util.concurrent.ThreadPoolExecutor.getTask(ThreadPoolExecutor.java:1074)
        at java.util.concurrent.ThreadPoolExecutor.runWorker(ThreadPoolExecutor.java:1134)
        at java.util.concurrent.ThreadPoolExecutor$Worker.run(ThreadPoolExecutor.java:624)
        at java.lang.Thread.run(Thread.java:748)
"pool-26-thread-42"  prio=5 tid=398 in Object.wait()
java.lang.Thread.State: WAITING (on object monitor)
        at sun.misc.Unsafe.park(Native Method)
        at java.util.concurrent.locks.LockSupport.park(LockSupport.java:175)
        at java.util.concurrent.locks.AbstractQueuedSynchronizer$ConditionObject.await(AbstractQueuedSynchronizer.java:2039)
        at java.util.concurrent.ArrayBlockingQueue.take(ArrayBlockingQueue.java:403)
        at java.util.concurrent.ThreadPoolExecutor.getTask(ThreadPoolExecutor.java:1074)
        at java.util.concurrent.ThreadPoolExecutor.runWorker(ThreadPoolExecutor.java:1134)
        at java.util.concurrent.ThreadPoolExecutor$Worker.run(ThreadPoolExecutor.java:624)
        at java.lang.Thread.run(Thread.java:748)
"pool-36-thread-44"  prio=5 tid=401 in Object.wait()
java.lang.Thread.State: WAITING (on object monitor)
        at sun.misc.Unsafe.park(Native Method)
        at java.util.concurrent.locks.LockSupport.park(LockSupport.java:175)
        at java.util.concurrent.locks.AbstractQueuedSynchronizer$ConditionObject.await(AbstractQueuedSynchronizer.java:2039)
        at java.util.concurrent.ArrayBlockingQueue.take(ArrayBlockingQueue.java:403)
        at java.util.concurrent.ThreadPoolExecutor.getTask(ThreadPoolExecutor.java:1074)
        at java.util.concurrent.ThreadPoolExecutor.runWorker(ThreadPoolExecutor.java:1134)
        at java.util.concurrent.ThreadPoolExecutor$Worker.run(ThreadPoolExecutor.java:624)
        at java.lang.Thread.run(Thread.java:748)
"IPC Server handler 6 on 33888" daemon prio=5 tid=36 timed_waiting
java.lang.Thread.State: TIMED_WAITING
        at sun.misc.Unsafe.park(Native Method)
        at java.util.concurrent.locks.LockSupport.parkNanos(LockSupport.java:215)
        at java.util.concurrent.locks.AbstractQueuedSynchronizer$ConditionObject.awaitNanos(AbstractQueuedSynchronizer.java:2078)
        at java.util.concurrent.LinkedBlockingQueue.poll(LinkedBlockingQueue.java:467)
        at org.apache.hadoop.ipc.CallQueueManager.take(CallQueueManager.java:288)
        at org.apache.hadoop.ipc.Server$Handler.run(Server.java:2668)
"metrics-hadoop-metrics2-reporter-53-thread-1" daemon prio=5 tid=907 timed_waiting
java.lang.Thread.State: TIMED_WAITING
        at sun.misc.Unsafe.park(Native Method)
        at java.util.concurrent.locks.LockSupport.parkNanos(LockSupport.java:215)
        at java.util.concurrent.locks.AbstractQueuedSynchronizer$ConditionObject.awaitNanos(AbstractQueuedSynchronizer.java:2078)
        at java.util.concurrent.ScheduledThreadPoolExecutor$DelayedWorkQueue.take(ScheduledThreadPoolExecutor.java:1093)
        at java.util.concurrent.ScheduledThreadPoolExecutor$DelayedWorkQueue.take(ScheduledThreadPoolExecutor.java:809)
        at java.util.concurrent.ThreadPoolExecutor.getTask(ThreadPoolExecutor.java:1074)
        at java.util.concurrent.ThreadPoolExecutor.runWorker(ThreadPoolExecutor.java:1134)
        at java.util.concurrent.ThreadPoolExecutor$Worker.run(ThreadPoolExecutor.java:624)
        at java.lang.Thread.run(Thread.java:748)
"pool-36-thread-46"  prio=5 tid=405 in Object.wait()
java.lang.Thread.State: WAITING (on object monitor)
        at sun.misc.Unsafe.park(Native Method)
        at java.util.concurrent.locks.LockSupport.park(LockSupport.java:175)
        at java.util.concurrent.locks.AbstractQueuedSynchronizer$ConditionObject.await(AbstractQueuedSynchronizer.java:2039)
        at java.util.concurrent.ArrayBlockingQueue.take(ArrayBlockingQueue.java:403)
        at java.util.concurrent.ThreadPoolExecutor.getTask(ThreadPoolExecutor.java:1074)
        at java.util.concurrent.ThreadPoolExecutor.runWorker(ThreadPoolExecutor.java:1134)
        at java.util.concurrent.ThreadPoolExecutor$Worker.run(ThreadPoolExecutor.java:624)
        at java.lang.Thread.run(Thread.java:748)
"metrics-hadoop-metrics2-reporter-62-thread-1" daemon prio=5 tid=938 timed_waiting
java.lang.Thread.State: TIMED_WAITING
        at sun.misc.Unsafe.park(Native Method)
        at java.util.concurrent.locks.LockSupport.parkNanos(LockSupport.java:215)
        at java.util.concurrent.locks.AbstractQueuedSynchronizer$ConditionObject.awaitNanos(AbstractQueuedSynchronizer.java:2078)
        at java.util.concurrent.ScheduledThreadPoolExecutor$DelayedWorkQueue.take(ScheduledThreadPoolExecutor.java:1093)
        at java.util.concurrent.ScheduledThreadPoolExecutor$DelayedWorkQueue.take(ScheduledThreadPoolExecutor.java:809)
        at java.util.concurrent.ThreadPoolExecutor.getTask(ThreadPoolExecutor.java:1074)
        at java.util.concurrent.ThreadPoolExecutor.runWorker(ThreadPoolExecutor.java:1134)
        at java.util.concurrent.ThreadPoolExecutor$Worker.run(ThreadPoolExecutor.java:624)
        at java.lang.Thread.run(Thread.java:748)
"pool-36-thread-30"  prio=5 tid=373 in Object.wait()
java.lang.Thread.State: WAITING (on object monitor)
        at sun.misc.Unsafe.park(Native Method)
        at java.util.concurrent.locks.LockSupport.park(LockSupport.java:175)
        at java.util.concurrent.locks.AbstractQueuedSynchronizer$ConditionObject.await(AbstractQueuedSynchronizer.java:2039)
        at java.util.concurrent.ArrayBlockingQueue.take(ArrayBlockingQueue.java:403)
        at java.util.concurrent.ThreadPoolExecutor.getTask(ThreadPoolExecutor.java:1074)
        at java.util.concurrent.ThreadPoolExecutor.runWorker(ThreadPoolExecutor.java:1134)
        at java.util.concurrent.ThreadPoolExecutor$Worker.run(ThreadPoolExecutor.java:624)
        at java.lang.Thread.run(Thread.java:748)
"grpc-default-executor-7" daemon prio=5 tid=1013 timed_waiting
java.lang.Thread.State: TIMED_WAITING
        at sun.misc.Unsafe.park(Native Method)
        at java.util.concurrent.locks.LockSupport.parkNanos(LockSupport.java:215)
        at java.util.concurrent.SynchronousQueue$TransferStack.awaitFulfill(SynchronousQueue.java:460)
        at java.util.concurrent.SynchronousQueue$TransferStack.transfer(SynchronousQueue.java:362)
        at java.util.concurrent.SynchronousQueue.poll(SynchronousQueue.java:941)
        at java.util.concurrent.ThreadPoolExecutor.getTask(ThreadPoolExecutor.java:1073)
        at java.util.concurrent.ThreadPoolExecutor.runWorker(ThreadPoolExecutor.java:1134)
        at java.util.concurrent.ThreadPoolExecutor$Worker.run(ThreadPoolExecutor.java:624)
        at java.lang.Thread.run(Thread.java:748)
"pool-56-thread-5"  prio=5 tid=500 in Object.wait()
java.lang.Thread.State: WAITING (on object monitor)
        at sun.misc.Unsafe.park(Native Method)
        at java.util.concurrent.locks.LockSupport.park(LockSupport.java:175)
        at java.util.concurrent.locks.AbstractQueuedSynchronizer$ConditionObject.await(AbstractQueuedSynchronizer.java:2039)
        at java.util.concurrent.ArrayBlockingQueue.take(ArrayBlockingQueue.java:403)
        at java.util.concurrent.ThreadPoolExecutor.getTask(ThreadPoolExecutor.java:1074)
        at java.util.concurrent.ThreadPoolExecutor.runWorker(ThreadPoolExecutor.java:1134)
        at java.util.concurrent.ThreadPoolExecutor$Worker.run(ThreadPoolExecutor.java:624)
        at java.lang.Thread.run(Thread.java:748)
"pool-36-thread-33"  prio=5 tid=379 in Object.wait()
java.lang.Thread.State: WAITING (on object monitor)
        at sun.misc.Unsafe.park(Native Method)
        at java.util.concurrent.locks.LockSupport.park(LockSupport.java:175)
        at java.util.concurrent.locks.AbstractQueuedSynchronizer$ConditionObject.await(AbstractQueuedSynchronizer.java:2039)
        at java.util.concurrent.ArrayBlockingQueue.take(ArrayBlockingQueue.java:403)
        at java.util.concurrent.ThreadPoolExecutor.getTask(ThreadPoolExecutor.java:1074)
        at java.util.concurrent.ThreadPoolExecutor.runWorker(ThreadPoolExecutor.java:1134)
        at java.util.concurrent.ThreadPoolExecutor$Worker.run(ThreadPoolExecutor.java:624)
        at java.lang.Thread.run(Thread.java:748)
"pool-26-thread-32"  prio=5 tid=378 in Object.wait()
java.lang.Thread.State: WAITING (on object monitor)
        at sun.misc.Unsafe.park(Native Method)
        at java.util.concurrent.locks.LockSupport.park(LockSupport.java:175)
        at java.util.concurrent.locks.AbstractQueuedSynchronizer$ConditionObject.await(AbstractQueuedSynchronizer.java:2039)
        at java.util.concurrent.ArrayBlockingQueue.take(ArrayBlockingQueue.java:403)
        at java.util.concurrent.ThreadPoolExecutor.getTask(ThreadPoolExecutor.java:1074)
        at java.util.concurrent.ThreadPoolExecutor.runWorker(ThreadPoolExecutor.java:1134)
        at java.util.concurrent.ThreadPoolExecutor$Worker.run(ThreadPoolExecutor.java:624)
        at java.lang.Thread.run(Thread.java:748)
"qtp668854338-95" daemon prio=5 tid=95 timed_waiting
java.lang.Thread.State: TIMED_WAITING
        at sun.misc.Unsafe.park(Native Method)
        at java.util.concurrent.locks.LockSupport.parkNanos(LockSupport.java:215)
        at java.util.concurrent.locks.AbstractQueuedSynchronizer$ConditionObject.awaitNanos(AbstractQueuedSynchronizer.java:2078)
        at org.eclipse.jetty.util.BlockingArrayQueue.poll(BlockingArrayQueue.java:392)
        at org.eclipse.jetty.util.thread.QueuedThreadPool.idleJobPoll(QueuedThreadPool.java:563)
        at org.eclipse.jetty.util.thread.QueuedThreadPool.access$800(QueuedThreadPool.java:48)
        at org.eclipse.jetty.util.thread.QueuedThreadPool$2.run(QueuedThreadPool.java:626)
        at java.lang.Thread.run(Thread.java:748)
"IPC Server handler 15 on 33440" daemon prio=5 tid=65 timed_waiting
java.lang.Thread.State: TIMED_WAITING
        at sun.misc.Unsafe.park(Native Method)
        at java.util.concurrent.locks.LockSupport.parkNanos(LockSupport.java:215)
        at java.util.concurrent.locks.AbstractQueuedSynchronizer$ConditionObject.awaitNanos(AbstractQueuedSynchronizer.java:2078)
        at java.util.concurrent.LinkedBlockingQueue.poll(LinkedBlockingQueue.java:467)
        at org.apache.hadoop.ipc.CallQueueManager.take(CallQueueManager.java:288)
        at org.apache.hadoop.ipc.Server$Handler.run(Server.java:2668)
"IPC Server handler 2 on 35347" daemon prio=5 tid=72 timed_waiting
java.lang.Thread.State: TIMED_WAITING
        at sun.misc.Unsafe.park(Native Method)
        at java.util.concurrent.locks.LockSupport.parkNanos(LockSupport.java:215)
        at java.util.concurrent.locks.AbstractQueuedSynchronizer$ConditionObject.awaitNanos(AbstractQueuedSynchronizer.java:2078)
        at java.util.concurrent.LinkedBlockingQueue.poll(LinkedBlockingQueue.java:467)
        at org.apache.hadoop.ipc.CallQueueManager.take(CallQueueManager.java:288)
        at org.apache.hadoop.ipc.Server$Handler.run(Server.java:2668)
"pool-56-thread-23"  prio=5 tid=521 in Object.wait()
java.lang.Thread.State: WAITING (on object monitor)
        at sun.misc.Unsafe.park(Native Method)
        at java.util.concurrent.locks.LockSupport.park(LockSupport.java:175)
        at java.util.concurrent.locks.AbstractQueuedSynchronizer$ConditionObject.await(AbstractQueuedSynchronizer.java:2039)
        at java.util.concurrent.ArrayBlockingQueue.take(ArrayBlockingQueue.java:403)
        at java.util.concurrent.ThreadPoolExecutor.getTask(ThreadPoolExecutor.java:1074)
        at java.util.concurrent.ThreadPoolExecutor.runWorker(ThreadPoolExecutor.java:1134)
        at java.util.concurrent.ThreadPoolExecutor$Worker.run(ThreadPoolExecutor.java:624)
        at java.lang.Thread.run(Thread.java:748)
"refreshUsed-/workdir/hadoop-ozone/integration-test/target/test-dir/MiniOzoneClusterImpl-58fc3ecd-0fbd-4e7b-a09c-4106a93dde4d/datanode-0/data/containers" daemon prio=5 tid=155 timed_waiting
java.lang.Thread.State: TIMED_WAITING
        at java.lang.Thread.sleep(Native Method)
        at org.apache.hadoop.fs.CachingGetSpaceUsed$RefreshThread.run(CachingGetSpaceUsed.java:179)
        at java.lang.Thread.run(Thread.java:748)
"Datanode ReportManager Thread - 3" daemon prio=5 tid=310 in Object.wait()
java.lang.Thread.State: WAITING (on object monitor)
        at sun.misc.Unsafe.park(Native Method)
        at java.util.concurrent.locks.LockSupport.park(LockSupport.java:175)
        at java.util.concurrent.locks.AbstractQueuedSynchronizer$ConditionObject.await(AbstractQueuedSynchronizer.java:2039)
        at java.util.concurrent.ScheduledThreadPoolExecutor$DelayedWorkQueue.take(ScheduledThreadPoolExecutor.java:1088)
        at java.util.concurrent.ScheduledThreadPoolExecutor$DelayedWorkQueue.take(ScheduledThreadPoolExecutor.java:809)
        at java.util.concurrent.ThreadPoolExecutor.getTask(ThreadPoolExecutor.java:1074)
        at java.util.concurrent.ThreadPoolExecutor.runWorker(ThreadPoolExecutor.java:1134)
        at java.util.concurrent.ThreadPoolExecutor$Worker.run(ThreadPoolExecutor.java:624)
        at java.lang.Thread.run(Thread.java:748)
"metrics-hadoop-metrics2-reporter-5-thread-1" daemon prio=5 tid=715 timed_waiting
java.lang.Thread.State: TIMED_WAITING
        at sun.misc.Unsafe.park(Native Method)
        at java.util.concurrent.locks.LockSupport.parkNanos(LockSupport.java:215)
        at java.util.concurrent.locks.AbstractQueuedSynchronizer$ConditionObject.awaitNanos(AbstractQueuedSynchronizer.java:2078)
        at java.util.concurrent.ScheduledThreadPoolExecutor$DelayedWorkQueue.take(ScheduledThreadPoolExecutor.java:1093)
        at java.util.concurrent.ScheduledThreadPoolExecutor$DelayedWorkQueue.take(ScheduledThreadPoolExecutor.java:809)
        at java.util.concurrent.ThreadPoolExecutor.getTask(ThreadPoolExecutor.java:1074)
        at java.util.concurrent.ThreadPoolExecutor.runWorker(ThreadPoolExecutor.java:1134)
        at java.util.concurrent.ThreadPoolExecutor$Worker.run(ThreadPoolExecutor.java:624)
        at java.lang.Thread.run(Thread.java:748)
"BlockDeletingService#1" daemon prio=5 tid=563 in Object.wait()
java.lang.Thread.State: WAITING (on object monitor)
        at sun.misc.Unsafe.park(Native Method)
        at java.util.concurrent.locks.LockSupport.park(LockSupport.java:175)
        at java.util.concurrent.locks.AbstractQueuedSynchronizer$ConditionObject.await(AbstractQueuedSynchronizer.java:2039)
        at java.util.concurrent.ScheduledThreadPoolExecutor$DelayedWorkQueue.take(ScheduledThreadPoolExecutor.java:1088)
        at java.util.concurrent.ScheduledThreadPoolExecutor$DelayedWorkQueue.take(ScheduledThreadPoolExecutor.java:809)
        at java.util.concurrent.ThreadPoolExecutor.getTask(ThreadPoolExecutor.java:1074)
        at java.util.concurrent.ThreadPoolExecutor.runWorker(ThreadPoolExecutor.java:1134)
        at java.util.concurrent.ThreadPoolExecutor$Worker.run(ThreadPoolExecutor.java:624)
        at java.lang.Thread.run(Thread.java:748)
"IPC Client (1035615679) connection to /0.0.0.0:35347 from jenkins1000" daemon prio=5 tid=314 timed_waiting
java.lang.Thread.State: TIMED_WAITING
        at java.lang.Object.wait(Native Method)
        at org.apache.hadoop.ipc.Client$Connection.waitForWork(Client.java:1024)
        at org.apache.hadoop.ipc.Client$Connection.run(Client.java:1068)
"4b487190-7547-40c7-b780-43c37a89e8eb@group-BAC069DAEF17-SegmentedRaftLogWorker"  prio=5 tid=955 timed_waiting
java.lang.Thread.State: TIMED_WAITING
        at sun.misc.Unsafe.park(Native Method)
        at java.util.concurrent.locks.LockSupport.parkNanos(LockSupport.java:215)
        at java.util.concurrent.locks.AbstractQueuedSynchronizer$ConditionObject.awaitNanos(AbstractQueuedSynchronizer.java:2078)
        at org.apache.ratis.util.DataBlockingQueue.poll(DataBlockingQueue.java:137)
        at org.apache.ratis.server.raftlog.segmented.SegmentedRaftLogWorker.run(SegmentedRaftLogWorker.java:282)
        at java.lang.Thread.run(Thread.java:748)
"org.eclipse.jetty.server.session.HashSessionManager@109d5ca9Timer" daemon prio=5 tid=251 timed_waiting
java.lang.Thread.State: TIMED_WAITING
        at sun.misc.Unsafe.park(Native Method)
        at java.util.concurrent.locks.LockSupport.parkNanos(LockSupport.java:215)
        at java.util.concurrent.locks.AbstractQueuedSynchronizer$ConditionObject.awaitNanos(AbstractQueuedSynchronizer.java:2078)
        at java.util.concurrent.ScheduledThreadPoolExecutor$DelayedWorkQueue.take(ScheduledThreadPoolExecutor.java:1093)
        at java.util.concurrent.ScheduledThreadPoolExecutor$DelayedWorkQueue.take(ScheduledThreadPoolExecutor.java:809)
        at java.util.concurrent.ThreadPoolExecutor.getTask(ThreadPoolExecutor.java:1074)
        at java.util.concurrent.ThreadPoolExecutor.runWorker(ThreadPoolExecutor.java:1134)
        at java.util.concurrent.ThreadPoolExecutor$Worker.run(ThreadPoolExecutor.java:624)
        at java.lang.Thread.run(Thread.java:748)
"pool-56-thread-27"  prio=5 tid=525 in Object.wait()
java.lang.Thread.State: WAITING (on object monitor)
        at sun.misc.Unsafe.park(Native Method)
        at java.util.concurrent.locks.LockSupport.park(LockSupport.java:175)
        at java.util.concurrent.locks.AbstractQueuedSynchronizer$ConditionObject.await(AbstractQueuedSynchronizer.java:2039)
        at java.util.concurrent.ArrayBlockingQueue.take(ArrayBlockingQueue.java:403)
        at java.util.concurrent.ThreadPoolExecutor.getTask(ThreadPoolExecutor.java:1074)
        at java.util.concurrent.ThreadPoolExecutor.runWorker(ThreadPoolExecutor.java:1134)
        at java.util.concurrent.ThreadPoolExecutor$Worker.run(ThreadPoolExecutor.java:624)
        at java.lang.Thread.run(Thread.java:748)
"pool-36-thread-38"  prio=5 tid=390 in Object.wait()
java.lang.Thread.State: WAITING (on object monitor)
        at sun.misc.Unsafe.park(Native Method)
        at java.util.concurrent.locks.LockSupport.park(LockSupport.java:175)
        at java.util.concurrent.locks.AbstractQueuedSynchronizer$ConditionObject.await(AbstractQueuedSynchronizer.java:2039)
        at java.util.concurrent.ArrayBlockingQueue.take(ArrayBlockingQueue.java:403)
        at java.util.concurrent.ThreadPoolExecutor.getTask(ThreadPoolExecutor.java:1074)
        at java.util.concurrent.ThreadPoolExecutor.runWorker(ThreadPoolExecutor.java:1134)
        at java.util.concurrent.ThreadPoolExecutor$Worker.run(ThreadPoolExecutor.java:624)
        at java.lang.Thread.run(Thread.java:748)
"qtp1051453582-193" daemon prio=5 tid=193 timed_waiting
java.lang.Thread.State: TIMED_WAITING
        at sun.misc.Unsafe.park(Native Method)
        at java.util.concurrent.locks.LockSupport.parkNanos(LockSupport.java:215)
        at java.util.concurrent.locks.AbstractQueuedSynchronizer$ConditionObject.awaitNanos(AbstractQueuedSynchronizer.java:2078)
        at org.eclipse.jetty.util.BlockingArrayQueue.poll(BlockingArrayQueue.java:392)
        at org.eclipse.jetty.util.thread.QueuedThreadPool.idleJobPoll(QueuedThreadPool.java:563)
        at org.eclipse.jetty.util.thread.QueuedThreadPool.access$800(QueuedThreadPool.java:48)
        at org.eclipse.jetty.util.thread.QueuedThreadPool$2.run(QueuedThreadPool.java:626)
        at java.lang.Thread.run(Thread.java:748)
"java.util.concurrent.ThreadPoolExecutor$Worker@41ac07c9[State = -1, empty queue]" daemon prio=5 tid=1038 timed_waiting
java.lang.Thread.State: TIMED_WAITING
        at sun.misc.Unsafe.park(Native Method)
        at java.util.concurrent.locks.LockSupport.parkNanos(LockSupport.java:215)
        at java.util.concurrent.locks.AbstractQueuedSynchronizer$ConditionObject.awaitNanos(AbstractQueuedSynchronizer.java:2078)
        at java.util.concurrent.ScheduledThreadPoolExecutor$DelayedWorkQueue.take(ScheduledThreadPoolExecutor.java:1093)
        at java.util.concurrent.ScheduledThreadPoolExecutor$DelayedWorkQueue.take(ScheduledThreadPoolExecutor.java:809)
        at java.util.concurrent.ThreadPoolExecutor.getTask(ThreadPoolExecutor.java:1074)
        at java.util.concurrent.ThreadPoolExecutor.runWorker(ThreadPoolExecutor.java:1134)
        at java.util.concurrent.ThreadPoolExecutor$Worker.run(ThreadPoolExecutor.java:624)
        at java.lang.Thread.run(Thread.java:748)
"pool-76-thread-15"  prio=5 tid=640 in Object.wait()
java.lang.Thread.State: WAITING (on object monitor)
        at sun.misc.Unsafe.park(Native Method)
        at java.util.concurrent.locks.LockSupport.park(LockSupport.java:175)
        at java.util.concurrent.locks.AbstractQueuedSynchronizer$ConditionObject.await(AbstractQueuedSynchronizer.java:2039)
        at java.util.concurrent.ArrayBlockingQueue.take(ArrayBlockingQueue.java:403)
        at java.util.concurrent.ThreadPoolExecutor.getTask(ThreadPoolExecutor.java:1074)
        at java.util.concurrent.ThreadPoolExecutor.runWorker(ThreadPoolExecutor.java:1134)
        at java.util.concurrent.ThreadPoolExecutor$Worker.run(ThreadPoolExecutor.java:624)
        at java.lang.Thread.run(Thread.java:748)
"pool-26-thread-27"  prio=5 tid=368 in Object.wait()
java.lang.Thread.State: WAITING (on object monitor)
        at sun.misc.Unsafe.park(Native Method)
        at java.util.concurrent.locks.LockSupport.park(LockSupport.java:175)
        at java.util.concurrent.locks.AbstractQueuedSynchronizer$ConditionObject.await(AbstractQueuedSynchronizer.java:2039)
        at java.util.concurrent.ArrayBlockingQueue.take(ArrayBlockingQueue.java:403)
        at java.util.concurrent.ThreadPoolExecutor.getTask(ThreadPoolExecutor.java:1074)
        at java.util.concurrent.ThreadPoolExecutor.runWorker(ThreadPoolExecutor.java:1134)
        at java.util.concurrent.ThreadPoolExecutor$Worker.run(ThreadPoolExecutor.java:624)
        at java.lang.Thread.run(Thread.java:748)
"pool-26-thread-37"  prio=5 tid=387 in Object.wait()
java.lang.Thread.State: WAITING (on object monitor)
        at sun.misc.Unsafe.park(Native Method)
        at java.util.concurrent.locks.LockSupport.park(LockSupport.java:175)
        at java.util.concurrent.locks.AbstractQueuedSynchronizer$ConditionObject.await(AbstractQueuedSynchronizer.java:2039)
        at java.util.concurrent.ArrayBlockingQueue.take(ArrayBlockingQueue.java:403)
        at java.util.concurrent.ThreadPoolExecutor.getTask(ThreadPoolExecutor.java:1074)
        at java.util.concurrent.ThreadPoolExecutor.runWorker(ThreadPoolExecutor.java:1134)
        at java.util.concurrent.ThreadPoolExecutor$Worker.run(ThreadPoolExecutor.java:624)
        at java.lang.Thread.run(Thread.java:748)
"KeyDeletingService#0" daemon prio=5 tid=114 timed_waiting
java.lang.Thread.State: TIMED_WAITING
        at sun.misc.Unsafe.park(Native Method)
        at java.util.concurrent.locks.LockSupport.parkNanos(LockSupport.java:215)
        at java.util.concurrent.locks.AbstractQueuedSynchronizer$ConditionObject.awaitNanos(AbstractQueuedSynchronizer.java:2078)
        at java.util.concurrent.ScheduledThreadPoolExecutor$DelayedWorkQueue.take(ScheduledThreadPoolExecutor.java:1093)
        at java.util.concurrent.ScheduledThreadPoolExecutor$DelayedWorkQueue.take(ScheduledThreadPoolExecutor.java:809)
        at java.util.concurrent.ThreadPoolExecutor.getTask(ThreadPoolExecutor.java:1074)
        at java.util.concurrent.ThreadPoolExecutor.runWorker(ThreadPoolExecutor.java:1134)
        at java.util.concurrent.ThreadPoolExecutor$Worker.run(ThreadPoolExecutor.java:624)
        at java.lang.Thread.run(Thread.java:748)
"pool-36-thread-16"  prio=5 tid=347 in Object.wait()
java.lang.Thread.State: WAITING (on object monitor)
        at sun.misc.Unsafe.park(Native Method)
        at java.util.concurrent.locks.LockSupport.park(LockSupport.java:175)
        at java.util.concurrent.locks.AbstractQueuedSynchronizer$ConditionObject.await(AbstractQueuedSynchronizer.java:2039)
        at java.util.concurrent.ArrayBlockingQueue.take(ArrayBlockingQueue.java:403)
        at java.util.concurrent.ThreadPoolExecutor.getTask(ThreadPoolExecutor.java:1074)
        at java.util.concurrent.ThreadPoolExecutor.runWorker(ThreadPoolExecutor.java:1134)
        at java.util.concurrent.ThreadPoolExecutor$Worker.run(ThreadPoolExecutor.java:624)
        at java.lang.Thread.run(Thread.java:748)
"pool-46-thread-44"  prio=5 tid=478 in Object.wait()
java.lang.Thread.State: WAITING (on object monitor)
        at sun.misc.Unsafe.park(Native Method)
        at java.util.concurrent.locks.LockSupport.park(LockSupport.java:175)
        at java.util.concurrent.locks.AbstractQueuedSynchronizer$ConditionObject.await(AbstractQueuedSynchronizer.java:2039)
        at java.util.concurrent.ArrayBlockingQueue.take(ArrayBlockingQueue.java:403)
        at java.util.concurrent.ThreadPoolExecutor.getTask(ThreadPoolExecutor.java:1074)
        at java.util.concurrent.ThreadPoolExecutor.runWorker(ThreadPoolExecutor.java:1134)
        at java.util.concurrent.ThreadPoolExecutor$Worker.run(ThreadPoolExecutor.java:624)
        at java.lang.Thread.run(Thread.java:748)
"pool-56-thread-21"  prio=5 tid=519 in Object.wait()
java.lang.Thread.State: WAITING (on object monitor)
        at sun.misc.Unsafe.park(Native Method)
        at java.util.concurrent.locks.LockSupport.park(LockSupport.java:175)
        at java.util.concurrent.locks.AbstractQueuedSynchronizer$ConditionObject.await(AbstractQueuedSynchronizer.java:2039)
        at java.util.concurrent.ArrayBlockingQueue.take(ArrayBlockingQueue.java:403)
        at java.util.concurrent.ThreadPoolExecutor.getTask(ThreadPoolExecutor.java:1074)
        at java.util.concurrent.ThreadPoolExecutor.runWorker(ThreadPoolExecutor.java:1134)
        at java.util.concurrent.ThreadPoolExecutor$Worker.run(ThreadPoolExecutor.java:624)
        at java.lang.Thread.run(Thread.java:748)
"qtp668854338-96" daemon prio=5 tid=96 timed_waiting
java.lang.Thread.State: TIMED_WAITING
        at sun.misc.Unsafe.park(Native Method)
        at java.util.concurrent.locks.LockSupport.parkNanos(LockSupport.java:215)
        at java.util.concurrent.locks.AbstractQueuedSynchronizer$ConditionObject.awaitNanos(AbstractQueuedSynchronizer.java:2078)
        at org.eclipse.jetty.util.BlockingArrayQueue.poll(BlockingArrayQueue.java:392)
        at org.eclipse.jetty.util.thread.QueuedThreadPool.idleJobPoll(QueuedThreadPool.java:563)
        at org.eclipse.jetty.util.thread.QueuedThreadPool.access$800(QueuedThreadPool.java:48)
        at org.eclipse.jetty.util.thread.QueuedThreadPool$2.run(QueuedThreadPool.java:626)
        at java.lang.Thread.run(Thread.java:748)
"pool-66-thread-4"  prio=5 tid=567 in Object.wait()
java.lang.Thread.State: WAITING (on object monitor)
        at sun.misc.Unsafe.park(Native Method)
        at java.util.concurrent.locks.LockSupport.park(LockSupport.java:175)
        at java.util.concurrent.locks.AbstractQueuedSynchronizer$ConditionObject.await(AbstractQueuedSynchronizer.java:2039)
        at java.util.concurrent.ArrayBlockingQueue.take(ArrayBlockingQueue.java:403)
        at java.util.concurrent.ThreadPoolExecutor.getTask(ThreadPoolExecutor.java:1074)
        at java.util.concurrent.ThreadPoolExecutor.runWorker(ThreadPoolExecutor.java:1134)
        at java.util.concurrent.ThreadPoolExecutor$Worker.run(ThreadPoolExecutor.java:624)
        at java.lang.Thread.run(Thread.java:748)
"Command processor thread" daemon prio=5 tid=203 timed_waiting
java.lang.Thread.State: TIMED_WAITING
        at java.lang.Thread.sleep(Native Method)
        at org.apache.hadoop.ozone.container.common.statemachine.DatanodeStateMachine.lambda$initCommandHandlerThread$1(DatanodeStateMachine.java:439)
        at org.apache.hadoop.ozone.container.common.statemachine.DatanodeStateMachine$$Lambda$141/1433858745.run(Unknown Source)
        at java.lang.Thread.run(Thread.java:748)
"Datanode ReportManager Thread - 1" daemon prio=5 tid=200 timed_waiting
java.lang.Thread.State: TIMED_WAITING
        at sun.misc.Unsafe.park(Native Method)
        at java.util.concurrent.locks.LockSupport.parkNanos(LockSupport.java:215)
        at java.util.concurrent.locks.AbstractQueuedSynchronizer$ConditionObject.awaitNanos(AbstractQueuedSynchronizer.java:2078)
        at java.util.concurrent.ScheduledThreadPoolExecutor$DelayedWorkQueue.take(ScheduledThreadPoolExecutor.java:1093)
        at java.util.concurrent.ScheduledThreadPoolExecutor$DelayedWorkQueue.take(ScheduledThreadPoolExecutor.java:809)
        at java.util.concurrent.ThreadPoolExecutor.getTask(ThreadPoolExecutor.java:1074)
        at java.util.concurrent.ThreadPoolExecutor.runWorker(ThreadPoolExecutor.java:1134)
        at java.util.concurrent.ThreadPoolExecutor$Worker.run(ThreadPoolExecutor.java:624)
        at java.lang.Thread.run(Thread.java:748)
"qtp1051453582-188-acceptor-0@7614c775-ServerConnector@3a77700f{HTTP/1.1,[http/1.1]}{0.0.0.0:44444}" daemon prio=3 tid=188 runnable
java.lang.Thread.State: RUNNABLE
        at sun.nio.ch.ServerSocketChannelImpl.accept0(Native Method)
        at sun.nio.ch.ServerSocketChannelImpl.accept(ServerSocketChannelImpl.java:422)
        at sun.nio.ch.ServerSocketChannelImpl.accept(ServerSocketChannelImpl.java:250)
        at org.eclipse.jetty.server.ServerConnector.accept(ServerConnector.java:397)
        at org.eclipse.jetty.server.AbstractConnector$Acceptor.run(AbstractConnector.java:601)
        at org.eclipse.jetty.util.thread.QueuedThreadPool.runJob(QueuedThreadPool.java:671)
        at org.eclipse.jetty.util.thread.QueuedThreadPool$2.run(QueuedThreadPool.java:589)
        at java.lang.Thread.run(Thread.java:748)
"pool-76-thread-45"  prio=5 tid=670 in Object.wait()
java.lang.Thread.State: WAITING (on object monitor)
        at sun.misc.Unsafe.park(Native Method)
        at java.util.concurrent.locks.LockSupport.park(LockSupport.java:175)
        at java.util.concurrent.locks.AbstractQueuedSynchronizer$ConditionObject.await(AbstractQueuedSynchronizer.java:2039)
        at java.util.concurrent.ArrayBlockingQueue.take(ArrayBlockingQueue.java:403)
        at java.util.concurrent.ThreadPoolExecutor.getTask(ThreadPoolExecutor.java:1074)
        at java.util.concurrent.ThreadPoolExecutor.runWorker(ThreadPoolExecutor.java:1134)
        at java.util.concurrent.ThreadPoolExecutor$Worker.run(ThreadPoolExecutor.java:624)
        at java.lang.Thread.run(Thread.java:748)
"pool-66-thread-20"  prio=5 tid=583 in Object.wait()
java.lang.Thread.State: WAITING (on object monitor)
        at sun.misc.Unsafe.park(Native Method)
        at java.util.concurrent.locks.LockSupport.park(LockSupport.java:175)
        at java.util.concurrent.locks.AbstractQueuedSynchronizer$ConditionObject.await(AbstractQueuedSynchronizer.java:2039)
        at java.util.concurrent.ArrayBlockingQueue.take(ArrayBlockingQueue.java:403)
        at java.util.concurrent.ThreadPoolExecutor.getTask(ThreadPoolExecutor.java:1074)
        at java.util.concurrent.ThreadPoolExecutor.runWorker(ThreadPoolExecutor.java:1134)
        at java.util.concurrent.ThreadPoolExecutor$Worker.run(ThreadPoolExecutor.java:624)
        at java.lang.Thread.run(Thread.java:748)
"0fc43408-9179-47bd-a807-e56cc33d805e@group-69898A346AAC-StateMachineUpdater" daemon prio=5 tid=926 in Object.wait()
java.lang.Thread.State: WAITING (on object monitor)
        at java.lang.Object.wait(Native Method)
        at java.lang.Object.wait(Object.java:502)
        at org.apache.ratis.server.impl.StateMachineUpdater.waitForCommit(StateMachineUpdater.java:194)
        at org.apache.ratis.server.impl.StateMachineUpdater.run(StateMachineUpdater.java:159)
        at java.lang.Thread.run(Thread.java:748)
"pool-66-thread-13"  prio=5 tid=576 in Object.wait()
java.lang.Thread.State: WAITING (on object monitor)
        at sun.misc.Unsafe.park(Native Method)
        at java.util.concurrent.locks.LockSupport.park(LockSupport.java:175)
        at java.util.concurrent.locks.AbstractQueuedSynchronizer$ConditionObject.await(AbstractQueuedSynchronizer.java:2039)
        at java.util.concurrent.ArrayBlockingQueue.take(ArrayBlockingQueue.java:403)
        at java.util.concurrent.ThreadPoolExecutor.getTask(ThreadPoolExecutor.java:1074)
        at java.util.concurrent.ThreadPoolExecutor.runWorker(ThreadPoolExecutor.java:1134)
        at java.util.concurrent.ThreadPoolExecutor$Worker.run(ThreadPoolExecutor.java:624)
        at java.lang.Thread.run(Thread.java:748)
"pool-56-thread-43"  prio=5 tid=544 in Object.wait()
java.lang.Thread.State: WAITING (on object monitor)
        at sun.misc.Unsafe.park(Native Method)
        at java.util.concurrent.locks.LockSupport.park(LockSupport.java:175)
        at java.util.concurrent.locks.AbstractQueuedSynchronizer$ConditionObject.await(AbstractQueuedSynchronizer.java:2039)
        at java.util.concurrent.ArrayBlockingQueue.take(ArrayBlockingQueue.java:403)
        at java.util.concurrent.ThreadPoolExecutor.getTask(ThreadPoolExecutor.java:1074)
        at java.util.concurrent.ThreadPoolExecutor.runWorker(ThreadPoolExecutor.java:1134)
        at java.util.concurrent.ThreadPoolExecutor$Worker.run(ThreadPoolExecutor.java:624)
        at java.lang.Thread.run(Thread.java:748)
"org.eclipse.jetty.server.session.HashSessionManager@597fe587Timer" daemon prio=5 tid=249 timed_waiting
java.lang.Thread.State: TIMED_WAITING
        at sun.misc.Unsafe.park(Native Method)
        at java.util.concurrent.locks.LockSupport.parkNanos(LockSupport.java:215)
        at java.util.concurrent.locks.AbstractQueuedSynchronizer$ConditionObject.awaitNanos(AbstractQueuedSynchronizer.java:2078)
        at java.util.concurrent.ScheduledThreadPoolExecutor$DelayedWorkQueue.take(ScheduledThreadPoolExecutor.java:1093)
        at java.util.concurrent.ScheduledThreadPoolExecutor$DelayedWorkQueue.take(ScheduledThreadPoolExecutor.java:809)
        at java.util.concurrent.ThreadPoolExecutor.getTask(ThreadPoolExecutor.java:1074)
        at java.util.concurrent.ThreadPoolExecutor.runWorker(ThreadPoolExecutor.java:1134)
        at java.util.concurrent.ThreadPoolExecutor$Worker.run(ThreadPoolExecutor.java:624)
        at java.lang.Thread.run(Thread.java:748)
"pool-26-thread-58"  prio=5 tid=431 in Object.wait()
java.lang.Thread.State: WAITING (on object monitor)
        at sun.misc.Unsafe.park(Native Method)
        at java.util.concurrent.locks.LockSupport.park(LockSupport.java:175)
        at java.util.concurrent.locks.AbstractQueuedSynchronizer$ConditionObject.await(AbstractQueuedSynchronizer.java:2039)
        at java.util.concurrent.ArrayBlockingQueue.take(ArrayBlockingQueue.java:403)
        at java.util.concurrent.ThreadPoolExecutor.getTask(ThreadPoolExecutor.java:1074)
        at java.util.concurrent.ThreadPoolExecutor.runWorker(ThreadPoolExecutor.java:1134)
        at java.util.concurrent.ThreadPoolExecutor$Worker.run(ThreadPoolExecutor.java:624)
        at java.lang.Thread.run(Thread.java:748)
"pool-76-thread-57"  prio=5 tid=682 in Object.wait()
java.lang.Thread.State: WAITING (on object monitor)
        at sun.misc.Unsafe.park(Native Method)
        at java.util.concurrent.locks.LockSupport.park(LockSupport.java:175)
        at java.util.concurrent.locks.AbstractQueuedSynchronizer$ConditionObject.await(AbstractQueuedSynchronizer.java:2039)
        at java.util.concurrent.ArrayBlockingQueue.take(ArrayBlockingQueue.java:403)
        at java.util.concurrent.ThreadPoolExecutor.getTask(ThreadPoolExecutor.java:1074)
        at java.util.concurrent.ThreadPoolExecutor.runWorker(ThreadPoolExecutor.java:1134)
        at java.util.concurrent.ThreadPoolExecutor$Worker.run(ThreadPoolExecutor.java:624)
        at java.lang.Thread.run(Thread.java:748)
"Datanode ReportManager Thread - 0" daemon prio=5 tid=280 timed_waiting
java.lang.Thread.State: TIMED_WAITING
        at sun.misc.Unsafe.park(Native Method)
        at java.util.concurrent.locks.LockSupport.parkNanos(LockSupport.java:215)
        at java.util.concurrent.locks.AbstractQueuedSynchronizer$ConditionObject.awaitNanos(AbstractQueuedSynchronizer.java:2078)
        at java.util.concurrent.ScheduledThreadPoolExecutor$DelayedWorkQueue.take(ScheduledThreadPoolExecutor.java:1093)
        at java.util.concurrent.ScheduledThreadPoolExecutor$DelayedWorkQueue.take(ScheduledThreadPoolExecutor.java:809)
        at java.util.concurrent.ThreadPoolExecutor.getTask(ThreadPoolExecutor.java:1074)
        at java.util.concurrent.ThreadPoolExecutor.runWorker(ThreadPoolExecutor.java:1134)
        at java.util.concurrent.ThreadPoolExecutor$Worker.run(ThreadPoolExecutor.java:624)
        at java.lang.Thread.run(Thread.java:748)
"pool-56-thread-50"  prio=5 tid=551 in Object.wait()
java.lang.Thread.State: WAITING (on object monitor)
        at sun.misc.Unsafe.park(Native Method)
        at java.util.concurrent.locks.LockSupport.park(LockSupport.java:175)
        at java.util.concurrent.locks.AbstractQueuedSynchronizer$ConditionObject.await(AbstractQueuedSynchronizer.java:2039)
        at java.util.concurrent.ArrayBlockingQueue.take(ArrayBlockingQueue.java:403)
        at java.util.concurrent.ThreadPoolExecutor.getTask(ThreadPoolExecutor.java:1074)
        at java.util.concurrent.ThreadPoolExecutor.runWorker(ThreadPoolExecutor.java:1134)
        at java.util.concurrent.ThreadPoolExecutor$Worker.run(ThreadPoolExecutor.java:624)
        at java.lang.Thread.run(Thread.java:748)
"IPC Server handler 3 on 35347" daemon prio=5 tid=73 timed_waiting
java.lang.Thread.State: TIMED_WAITING
        at sun.misc.Unsafe.park(Native Method)
        at java.util.concurrent.locks.LockSupport.parkNanos(LockSupport.java:215)
        at java.util.concurrent.locks.AbstractQueuedSynchronizer$ConditionObject.awaitNanos(AbstractQueuedSynchronizer.java:2078)
        at java.util.concurrent.LinkedBlockingQueue.poll(LinkedBlockingQueue.java:467)
        at org.apache.hadoop.ipc.CallQueueManager.take(CallQueueManager.java:288)
        at org.apache.hadoop.ipc.Server$Handler.run(Server.java:2668)
"IPC Server handler 7 on 33440" daemon prio=5 tid=57 timed_waiting
java.lang.Thread.State: TIMED_WAITING
        at sun.misc.Unsafe.park(Native Method)
        at java.util.concurrent.locks.LockSupport.parkNanos(LockSupport.java:215)
        at java.util.concurrent.locks.AbstractQueuedSynchronizer$ConditionObject.awaitNanos(AbstractQueuedSynchronizer.java:2078)
        at java.util.concurrent.LinkedBlockingQueue.poll(LinkedBlockingQueue.java:467)
        at org.apache.hadoop.ipc.CallQueueManager.take(CallQueueManager.java:288)
        at org.apache.hadoop.ipc.Server$Handler.run(Server.java:2668)
"pool-26-thread-6"  prio=5 tid=323 in Object.wait()
java.lang.Thread.State: WAITING (on object monitor)
        at sun.misc.Unsafe.park(Native Method)
        at java.util.concurrent.locks.LockSupport.park(LockSupport.java:175)
        at java.util.concurrent.locks.AbstractQueuedSynchronizer$ConditionObject.await(AbstractQueuedSynchronizer.java:2039)
        at java.util.concurrent.ArrayBlockingQueue.take(ArrayBlockingQueue.java:403)
        at java.util.concurrent.ThreadPoolExecutor.getTask(ThreadPoolExecutor.java:1074)
        at java.util.concurrent.ThreadPoolExecutor.runWorker(ThreadPoolExecutor.java:1134)
        at java.util.concurrent.ThreadPoolExecutor$Worker.run(ThreadPoolExecutor.java:624)
        at java.lang.Thread.run(Thread.java:748)
"IPC Server handler 5 on 41091" daemon prio=5 tid=120 timed_waiting
java.lang.Thread.State: TIMED_WAITING
        at sun.misc.Unsafe.park(Native Method)
        at java.util.concurrent.locks.LockSupport.parkNanos(LockSupport.java:215)
        at java.util.concurrent.locks.AbstractQueuedSynchronizer$ConditionObject.awaitNanos(AbstractQueuedSynchronizer.java:2078)
        at java.util.concurrent.LinkedBlockingQueue.poll(LinkedBlockingQueue.java:467)
        at org.apache.hadoop.ipc.CallQueueManager.take(CallQueueManager.java:288)
        at org.apache.hadoop.ipc.Server$Handler.run(Server.java:2668)
"Datanode ReportManager Thread - 2" daemon prio=5 tid=174 in Object.wait()
java.lang.Thread.State: WAITING (on object monitor)
        at sun.misc.Unsafe.park(Native Method)
        at java.util.concurrent.locks.LockSupport.park(LockSupport.java:175)
        at java.util.concurrent.locks.AbstractQueuedSynchronizer$ConditionObject.await(AbstractQueuedSynchronizer.java:2039)
        at java.util.concurrent.ScheduledThreadPoolExecutor$DelayedWorkQueue.take(ScheduledThreadPoolExecutor.java:1088)
        at java.util.concurrent.ScheduledThreadPoolExecutor$DelayedWorkQueue.take(ScheduledThreadPoolExecutor.java:809)
        at java.util.concurrent.ThreadPoolExecutor.getTask(ThreadPoolExecutor.java:1074)
        at java.util.concurrent.ThreadPoolExecutor.runWorker(ThreadPoolExecutor.java:1134)
        at java.util.concurrent.ThreadPoolExecutor$Worker.run(ThreadPoolExecutor.java:624)
        at java.lang.Thread.run(Thread.java:748)
"pool-47-thread-1"  prio=5 tid=760 in Object.wait()
java.lang.Thread.State: WAITING (on object monitor)
        at sun.misc.Unsafe.park(Native Method)
        at java.util.concurrent.locks.LockSupport.park(LockSupport.java:175)
        at java.util.concurrent.locks.AbstractQueuedSynchronizer$ConditionObject.await(AbstractQueuedSynchronizer.java:2039)
        at java.util.concurrent.LinkedBlockingQueue.take(LinkedBlockingQueue.java:442)
        at java.util.concurrent.ThreadPoolExecutor.getTask(ThreadPoolExecutor.java:1074)
        at java.util.concurrent.ThreadPoolExecutor.runWorker(ThreadPoolExecutor.java:1134)
        at java.util.concurrent.ThreadPoolExecutor$Worker.run(ThreadPoolExecutor.java:624)
        at java.lang.Thread.run(Thread.java:748)
"pool-56-thread-42"  prio=5 tid=543 in Object.wait()
java.lang.Thread.State: WAITING (on object monitor)
        at sun.misc.Unsafe.park(Native Method)
        at java.util.concurrent.locks.LockSupport.park(LockSupport.java:175)
        at java.util.concurrent.locks.AbstractQueuedSynchronizer$ConditionObject.await(AbstractQueuedSynchronizer.java:2039)
        at java.util.concurrent.ArrayBlockingQueue.take(ArrayBlockingQueue.java:403)
        at java.util.concurrent.ThreadPoolExecutor.getTask(ThreadPoolExecutor.java:1074)
        at java.util.concurrent.ThreadPoolExecutor.runWorker(ThreadPoolExecutor.java:1134)
        at java.util.concurrent.ThreadPoolExecutor$Worker.run(ThreadPoolExecutor.java:624)
        at java.lang.Thread.run(Thread.java:748)
"java.util.concurrent.ThreadPoolExecutor$Worker@53eefe58[State = -1, empty queue]" daemon prio=5 tid=892 timed_waiting
java.lang.Thread.State: TIMED_WAITING
        at sun.misc.Unsafe.park(Native Method)
        at java.util.concurrent.locks.LockSupport.parkNanos(LockSupport.java:215)
        at java.util.concurrent.locks.AbstractQueuedSynchronizer$ConditionObject.awaitNanos(AbstractQueuedSynchronizer.java:2078)
        at java.util.concurrent.ScheduledThreadPoolExecutor$DelayedWorkQueue.take(ScheduledThreadPoolExecutor.java:1093)
        at java.util.concurrent.ScheduledThreadPoolExecutor$DelayedWorkQueue.take(ScheduledThreadPoolExecutor.java:809)
        at java.util.concurrent.ThreadPoolExecutor.getTask(ThreadPoolExecutor.java:1074)
        at java.util.concurrent.ThreadPoolExecutor.runWorker(ThreadPoolExecutor.java:1134)
        at java.util.concurrent.ThreadPoolExecutor$Worker.run(ThreadPoolExecutor.java:624)
        at java.lang.Thread.run(Thread.java:748)
"pool-66-thread-56"  prio=5 tid=619 in Object.wait()
java.lang.Thread.State: WAITING (on object monitor)
        at sun.misc.Unsafe.park(Native Method)
        at java.util.concurrent.locks.LockSupport.park(LockSupport.java:175)
        at java.util.concurrent.locks.AbstractQueuedSynchronizer$ConditionObject.await(AbstractQueuedSynchronizer.java:2039)
        at java.util.concurrent.ArrayBlockingQueue.take(ArrayBlockingQueue.java:403)
        at java.util.concurrent.ThreadPoolExecutor.getTask(ThreadPoolExecutor.java:1074)
        at java.util.concurrent.ThreadPoolExecutor.runWorker(ThreadPoolExecutor.java:1134)
        at java.util.concurrent.ThreadPoolExecutor$Worker.run(ThreadPoolExecutor.java:624)
        at java.lang.Thread.run(Thread.java:748)
"Socket Reader #1 for port 41091"  prio=5 tid=109 runnable
java.lang.Thread.State: RUNNABLE
        at sun.nio.ch.EPollArrayWrapper.epollWait(Native Method)
        at sun.nio.ch.EPollArrayWrapper.poll(EPollArrayWrapper.java:269)
        at sun.nio.ch.EPollSelectorImpl.doSelect(EPollSelectorImpl.java:93)
        at sun.nio.ch.SelectorImpl.lockAndDoSelect(SelectorImpl.java:86)
        at sun.nio.ch.SelectorImpl.select(SelectorImpl.java:97)
        at sun.nio.ch.SelectorImpl.select(SelectorImpl.java:101)
        at org.apache.hadoop.ipc.Server$Listener$Reader.doRunLoop(Server.java:1097)
        at org.apache.hadoop.ipc.Server$Listener$Reader.run(Server.java:1076)
"pool-36-thread-28"  prio=5 tid=369 in Object.wait()
java.lang.Thread.State: WAITING (on object monitor)
        at sun.misc.Unsafe.park(Native Method)
        at java.util.concurrent.locks.LockSupport.park(LockSupport.java:175)
        at java.util.concurrent.locks.AbstractQueuedSynchronizer$ConditionObject.await(AbstractQueuedSynchronizer.java:2039)
        at java.util.concurrent.ArrayBlockingQueue.take(ArrayBlockingQueue.java:403)
        at java.util.concurrent.ThreadPoolExecutor.getTask(ThreadPoolExecutor.java:1074)
        at java.util.concurrent.ThreadPoolExecutor.runWorker(ThreadPoolExecutor.java:1134)
        at java.util.concurrent.ThreadPoolExecutor$Worker.run(ThreadPoolExecutor.java:624)
        at java.lang.Thread.run(Thread.java:748)
"pool-36-thread-29"  prio=5 tid=371 in Object.wait()
java.lang.Thread.State: WAITING (on object monitor)
        at sun.misc.Unsafe.park(Native Method)
        at java.util.concurrent.locks.LockSupport.park(LockSupport.java:175)
        at java.util.concurrent.locks.AbstractQueuedSynchronizer$ConditionObject.await(AbstractQueuedSynchronizer.java:2039)
        at java.util.concurrent.ArrayBlockingQueue.take(ArrayBlockingQueue.java:403)
        at java.util.concurrent.ThreadPoolExecutor.getTask(ThreadPoolExecutor.java:1074)
        at java.util.concurrent.ThreadPoolExecutor.runWorker(ThreadPoolExecutor.java:1134)
        at java.util.concurrent.ThreadPoolExecutor$Worker.run(ThreadPoolExecutor.java:624)
        at java.lang.Thread.run(Thread.java:748)
"Command processor thread" daemon prio=5 tid=178 timed_waiting
java.lang.Thread.State: TIMED_WAITING
        at java.lang.Thread.sleep(Native Method)
        at org.apache.hadoop.ozone.container.common.statemachine.DatanodeStateMachine.lambda$initCommandHandlerThread$1(DatanodeStateMachine.java:439)
        at org.apache.hadoop.ozone.container.common.statemachine.DatanodeStateMachine$$Lambda$141/1433858745.run(Unknown Source)
        at java.lang.Thread.run(Thread.java:748)
"pool-64-thread-1" daemon prio=5 tid=265 timed_waiting
java.lang.Thread.State: TIMED_WAITING
        at sun.misc.Unsafe.park(Native Method)
        at java.util.concurrent.locks.LockSupport.parkNanos(LockSupport.java:215)
        at java.util.concurrent.locks.AbstractQueuedSynchronizer$ConditionObject.awaitNanos(AbstractQueuedSynchronizer.java:2078)
        at java.util.concurrent.ScheduledThreadPoolExecutor$DelayedWorkQueue.take(ScheduledThreadPoolExecutor.java:1093)
        at java.util.concurrent.ScheduledThreadPoolExecutor$DelayedWorkQueue.take(ScheduledThreadPoolExecutor.java:809)
        at java.util.concurrent.ThreadPoolExecutor.getTask(ThreadPoolExecutor.java:1074)
        at java.util.concurrent.ThreadPoolExecutor.runWorker(ThreadPoolExecutor.java:1134)
        at java.util.concurrent.ThreadPoolExecutor$Worker.run(ThreadPoolExecutor.java:624)
        at java.lang.Thread.run(Thread.java:748)
"Command processor thread" daemon prio=5 tid=230 timed_waiting
java.lang.Thread.State: TIMED_WAITING
        at java.lang.Thread.sleep(Native Method)
        at org.apache.hadoop.ozone.container.common.statemachine.DatanodeStateMachine.lambda$initCommandHandlerThread$1(DatanodeStateMachine.java:439)
        at org.apache.hadoop.ozone.container.common.statemachine.DatanodeStateMachine$$Lambda$141/1433858745.run(Unknown Source)
        at java.lang.Thread.run(Thread.java:748)
"pool-26-thread-51"  prio=5 tid=417 in Object.wait()
java.lang.Thread.State: WAITING (on object monitor)
        at sun.misc.Unsafe.park(Native Method)
        at java.util.concurrent.locks.LockSupport.park(LockSupport.java:175)
        at java.util.concurrent.locks.AbstractQueuedSynchronizer$ConditionObject.await(AbstractQueuedSynchronizer.java:2039)
        at java.util.concurrent.ArrayBlockingQueue.take(ArrayBlockingQueue.java:403)
        at java.util.concurrent.ThreadPoolExecutor.getTask(ThreadPoolExecutor.java:1074)
        at java.util.concurrent.ThreadPoolExecutor.runWorker(ThreadPoolExecutor.java:1134)
        at java.util.concurrent.ThreadPoolExecutor$Worker.run(ThreadPoolExecutor.java:624)
        at java.lang.Thread.run(Thread.java:748)
"metrics-hadoop-metrics2-reporter-51-thread-1" daemon prio=5 tid=890 timed_waiting
java.lang.Thread.State: TIMED_WAITING
        at sun.misc.Unsafe.park(Native Method)
        at java.util.concurrent.locks.LockSupport.parkNanos(LockSupport.java:215)
        at java.util.concurrent.locks.AbstractQueuedSynchronizer$ConditionObject.awaitNanos(AbstractQueuedSynchronizer.java:2078)
        at java.util.concurrent.ScheduledThreadPoolExecutor$DelayedWorkQueue.take(ScheduledThreadPoolExecutor.java:1093)
        at java.util.concurrent.ScheduledThreadPoolExecutor$DelayedWorkQueue.take(ScheduledThreadPoolExecutor.java:809)
        at java.util.concurrent.ThreadPoolExecutor.getTask(ThreadPoolExecutor.java:1074)
        at java.util.concurrent.ThreadPoolExecutor.runWorker(ThreadPoolExecutor.java:1134)
        at java.util.concurrent.ThreadPoolExecutor$Worker.run(ThreadPoolExecutor.java:624)
        at java.lang.Thread.run(Thread.java:748)
"pool-56-thread-14"  prio=5 tid=512 in Object.wait()
java.lang.Thread.State: WAITING (on object monitor)
        at sun.misc.Unsafe.park(Native Method)
        at java.util.concurrent.locks.LockSupport.park(LockSupport.java:175)
        at java.util.concurrent.locks.AbstractQueuedSynchronizer$ConditionObject.await(AbstractQueuedSynchronizer.java:2039)
        at java.util.concurrent.ArrayBlockingQueue.take(ArrayBlockingQueue.java:403)
        at java.util.concurrent.ThreadPoolExecutor.getTask(ThreadPoolExecutor.java:1074)
        at java.util.concurrent.ThreadPoolExecutor.runWorker(ThreadPoolExecutor.java:1134)
        at java.util.concurrent.ThreadPoolExecutor$Worker.run(ThreadPoolExecutor.java:624)
        at java.lang.Thread.run(Thread.java:748)
"pool-76-thread-18"  prio=5 tid=643 in Object.wait()
java.lang.Thread.State: WAITING (on object monitor)
        at sun.misc.Unsafe.park(Native Method)
        at java.util.concurrent.locks.LockSupport.park(LockSupport.java:175)
        at java.util.concurrent.locks.AbstractQueuedSynchronizer$ConditionObject.await(AbstractQueuedSynchronizer.java:2039)
        at java.util.concurrent.ArrayBlockingQueue.take(ArrayBlockingQueue.java:403)
        at java.util.concurrent.ThreadPoolExecutor.getTask(ThreadPoolExecutor.java:1074)
        at java.util.concurrent.ThreadPoolExecutor.runWorker(ThreadPoolExecutor.java:1134)
        at java.util.concurrent.ThreadPoolExecutor$Worker.run(ThreadPoolExecutor.java:624)
        at java.lang.Thread.run(Thread.java:748)
"pool-36-thread-5"  prio=5 tid=326 in Object.wait()
java.lang.Thread.State: WAITING (on object monitor)
        at sun.misc.Unsafe.park(Native Method)
        at java.util.concurrent.locks.LockSupport.park(LockSupport.java:175)
        at java.util.concurrent.locks.AbstractQueuedSynchronizer$ConditionObject.await(AbstractQueuedSynchronizer.java:2039)
        at java.util.concurrent.ArrayBlockingQueue.take(ArrayBlockingQueue.java:403)
        at java.util.concurrent.ThreadPoolExecutor.getTask(ThreadPoolExecutor.java:1074)
        at java.util.concurrent.ThreadPoolExecutor.runWorker(ThreadPoolExecutor.java:1134)
        at java.util.concurrent.ThreadPoolExecutor$Worker.run(ThreadPoolExecutor.java:624)
        at java.lang.Thread.run(Thread.java:748)
"pool-76-thread-27"  prio=5 tid=652 in Object.wait()
java.lang.Thread.State: WAITING (on object monitor)
        at sun.misc.Unsafe.park(Native Method)
        at java.util.concurrent.locks.LockSupport.park(LockSupport.java:175)
        at java.util.concurrent.locks.AbstractQueuedSynchronizer$ConditionObject.await(AbstractQueuedSynchronizer.java:2039)
        at java.util.concurrent.ArrayBlockingQueue.take(ArrayBlockingQueue.java:403)
        at java.util.concurrent.ThreadPoolExecutor.getTask(ThreadPoolExecutor.java:1074)
        at java.util.concurrent.ThreadPoolExecutor.runWorker(ThreadPoolExecutor.java:1134)
        at java.util.concurrent.ThreadPoolExecutor$Worker.run(ThreadPoolExecutor.java:624)
        at java.lang.Thread.run(Thread.java:748)
"pool-66-thread-59"  prio=5 tid=622 in Object.wait()
java.lang.Thread.State: WAITING (on object monitor)
        at sun.misc.Unsafe.park(Native Method)
        at java.util.concurrent.locks.LockSupport.park(LockSupport.java:175)
        at java.util.concurrent.locks.AbstractQueuedSynchronizer$ConditionObject.await(AbstractQueuedSynchronizer.java:2039)
        at java.util.concurrent.ArrayBlockingQueue.take(ArrayBlockingQueue.java:403)
        at java.util.concurrent.ThreadPoolExecutor.getTask(ThreadPoolExecutor.java:1074)
        at java.util.concurrent.ThreadPoolExecutor.runWorker(ThreadPoolExecutor.java:1134)
        at java.util.concurrent.ThreadPoolExecutor$Worker.run(ThreadPoolExecutor.java:624)
        at java.lang.Thread.run(Thread.java:748)
"pool-46-thread-41"  prio=5 tid=475 in Object.wait()
java.lang.Thread.State: WAITING (on object monitor)
        at sun.misc.Unsafe.park(Native Method)
        at java.util.concurrent.locks.LockSupport.park(LockSupport.java:175)
        at java.util.concurrent.locks.AbstractQueuedSynchronizer$ConditionObject.await(AbstractQueuedSynchronizer.java:2039)
        at java.util.concurrent.ArrayBlockingQueue.take(ArrayBlockingQueue.java:403)
        at java.util.concurrent.ThreadPoolExecutor.getTask(ThreadPoolExecutor.java:1074)
        at java.util.concurrent.ThreadPoolExecutor.runWorker(ThreadPoolExecutor.java:1134)
        at java.util.concurrent.ThreadPoolExecutor$Worker.run(ThreadPoolExecutor.java:624)
        at java.lang.Thread.run(Thread.java:748)
"org.eclipse.jetty.server.session.HashSessionManager@309c7edTimer" daemon prio=5 tid=224 timed_waiting
java.lang.Thread.State: TIMED_WAITING
        at sun.misc.Unsafe.park(Native Method)
        at java.util.concurrent.locks.LockSupport.parkNanos(LockSupport.java:215)
        at java.util.concurrent.locks.AbstractQueuedSynchronizer$ConditionObject.awaitNanos(AbstractQueuedSynchronizer.java:2078)
        at java.util.concurrent.ScheduledThreadPoolExecutor$DelayedWorkQueue.take(ScheduledThreadPoolExecutor.java:1093)
        at java.util.concurrent.ScheduledThreadPoolExecutor$DelayedWorkQueue.take(ScheduledThreadPoolExecutor.java:809)
        at java.util.concurrent.ThreadPoolExecutor.getTask(ThreadPoolExecutor.java:1074)
        at java.util.concurrent.ThreadPoolExecutor.runWorker(ThreadPoolExecutor.java:1134)
        at java.util.concurrent.ThreadPoolExecutor$Worker.run(ThreadPoolExecutor.java:624)
        at java.lang.Thread.run(Thread.java:748)
"pool-76-thread-12"  prio=5 tid=637 in Object.wait()
java.lang.Thread.State: WAITING (on object monitor)
        at sun.misc.Unsafe.park(Native Method)
        at java.util.concurrent.locks.LockSupport.park(LockSupport.java:175)
        at java.util.concurrent.locks.AbstractQueuedSynchronizer$ConditionObject.await(AbstractQueuedSynchronizer.java:2039)
        at java.util.concurrent.ArrayBlockingQueue.take(ArrayBlockingQueue.java:403)
        at java.util.concurrent.ThreadPoolExecutor.getTask(ThreadPoolExecutor.java:1074)
        at java.util.concurrent.ThreadPoolExecutor.runWorker(ThreadPoolExecutor.java:1134)
        at java.util.concurrent.ThreadPoolExecutor$Worker.run(ThreadPoolExecutor.java:624)
        at java.lang.Thread.run(Thread.java:748)
"metrics-hadoop-metrics2-reporter-19-thread-1" daemon prio=5 tid=748 timed_waiting
java.lang.Thread.State: TIMED_WAITING
        at sun.misc.Unsafe.park(Native Method)
        at java.util.concurrent.locks.LockSupport.parkNanos(LockSupport.java:215)
        at java.util.concurrent.locks.AbstractQueuedSynchronizer$ConditionObject.awaitNanos(AbstractQueuedSynchronizer.java:2078)
        at java.util.concurrent.ScheduledThreadPoolExecutor$DelayedWorkQueue.take(ScheduledThreadPoolExecutor.java:1093)
        at java.util.concurrent.ScheduledThreadPoolExecutor$DelayedWorkQueue.take(ScheduledThreadPoolExecutor.java:809)
        at java.util.concurrent.ThreadPoolExecutor.getTask(ThreadPoolExecutor.java:1074)
        at java.util.concurrent.ThreadPoolExecutor.runWorker(ThreadPoolExecutor.java:1134)
        at java.util.concurrent.ThreadPoolExecutor$Worker.run(ThreadPoolExecutor.java:624)
        at java.lang.Thread.run(Thread.java:748)
"java.util.concurrent.ThreadPoolExecutor$Worker@5f3ded82[State = -1, empty queue]" daemon prio=5 tid=891 timed_waiting
java.lang.Thread.State: TIMED_WAITING
        at sun.misc.Unsafe.park(Native Method)
        at java.util.concurrent.locks.LockSupport.parkNanos(LockSupport.java:215)
        at java.util.concurrent.locks.AbstractQueuedSynchronizer$ConditionObject.awaitNanos(AbstractQueuedSynchronizer.java:2078)
        at java.util.concurrent.ScheduledThreadPoolExecutor$DelayedWorkQueue.take(ScheduledThreadPoolExecutor.java:1093)
        at java.util.concurrent.ScheduledThreadPoolExecutor$DelayedWorkQueue.take(ScheduledThreadPoolExecutor.java:809)
        at java.util.concurrent.ThreadPoolExecutor.getTask(ThreadPoolExecutor.java:1074)
        at java.util.concurrent.ThreadPoolExecutor.runWorker(ThreadPoolExecutor.java:1134)
        at java.util.concurrent.ThreadPoolExecutor$Worker.run(ThreadPoolExecutor.java:624)
        at java.lang.Thread.run(Thread.java:748)
"pool-76-thread-47"  prio=5 tid=672 in Object.wait()
java.lang.Thread.State: WAITING (on object monitor)
        at sun.misc.Unsafe.park(Native Method)
        at java.util.concurrent.locks.LockSupport.park(LockSupport.java:175)
        at java.util.concurrent.locks.AbstractQueuedSynchronizer$ConditionObject.await(AbstractQueuedSynchronizer.java:2039)
        at java.util.concurrent.ArrayBlockingQueue.take(ArrayBlockingQueue.java:403)
        at java.util.concurrent.ThreadPoolExecutor.getTask(ThreadPoolExecutor.java:1074)
        at java.util.concurrent.ThreadPoolExecutor.runWorker(ThreadPoolExecutor.java:1134)
        at java.util.concurrent.ThreadPoolExecutor$Worker.run(ThreadPoolExecutor.java:624)
        at java.lang.Thread.run(Thread.java:748)
"IPC Server handler 11 on 35347" daemon prio=5 tid=81 timed_waiting
java.lang.Thread.State: TIMED_WAITING
        at sun.misc.Unsafe.park(Native Method)
        at java.util.concurrent.locks.LockSupport.parkNanos(LockSupport.java:215)
        at java.util.concurrent.locks.AbstractQueuedSynchronizer$ConditionObject.awaitNanos(AbstractQueuedSynchronizer.java:2078)
        at java.util.concurrent.LinkedBlockingQueue.poll(LinkedBlockingQueue.java:467)
        at org.apache.hadoop.ipc.CallQueueManager.take(CallQueueManager.java:288)
        at org.apache.hadoop.ipc.Server$Handler.run(Server.java:2668)
"qtp668854338-93" daemon prio=5 tid=93 timed_waiting
java.lang.Thread.State: TIMED_WAITING
        at sun.misc.Unsafe.park(Native Method)
        at java.util.concurrent.locks.LockSupport.parkNanos(LockSupport.java:215)
        at java.util.concurrent.locks.AbstractQueuedSynchronizer$ConditionObject.awaitNanos(AbstractQueuedSynchronizer.java:2078)
        at org.eclipse.jetty.util.BlockingArrayQueue.poll(BlockingArrayQueue.java:392)
        at org.eclipse.jetty.util.thread.QueuedThreadPool.idleJobPoll(QueuedThreadPool.java:563)
        at org.eclipse.jetty.util.thread.QueuedThreadPool.access$800(QueuedThreadPool.java:48)
        at org.eclipse.jetty.util.thread.QueuedThreadPool$2.run(QueuedThreadPool.java:626)
        at java.lang.Thread.run(Thread.java:748)
"pool-76-thread-49"  prio=5 tid=674 in Object.wait()
java.lang.Thread.State: WAITING (on object monitor)
        at sun.misc.Unsafe.park(Native Method)
        at java.util.concurrent.locks.LockSupport.park(LockSupport.java:175)
        at java.util.concurrent.locks.AbstractQueuedSynchronizer$ConditionObject.await(AbstractQueuedSynchronizer.java:2039)
        at java.util.concurrent.ArrayBlockingQueue.take(ArrayBlockingQueue.java:403)
        at java.util.concurrent.ThreadPoolExecutor.getTask(ThreadPoolExecutor.java:1074)
        at java.util.concurrent.ThreadPoolExecutor.runWorker(ThreadPoolExecutor.java:1134)
        at java.util.concurrent.ThreadPoolExecutor$Worker.run(ThreadPoolExecutor.java:624)
        at java.lang.Thread.run(Thread.java:748)
"pool-66-thread-57"  prio=5 tid=620 in Object.wait()
java.lang.Thread.State: WAITING (on object monitor)
        at sun.misc.Unsafe.park(Native Method)
        at java.util.concurrent.locks.LockSupport.park(LockSupport.java:175)
        at java.util.concurrent.locks.AbstractQueuedSynchronizer$ConditionObject.await(AbstractQueuedSynchronizer.java:2039)
        at java.util.concurrent.ArrayBlockingQueue.take(ArrayBlockingQueue.java:403)
        at java.util.concurrent.ThreadPoolExecutor.getTask(ThreadPoolExecutor.java:1074)
        at java.util.concurrent.ThreadPoolExecutor.runWorker(ThreadPoolExecutor.java:1134)
        at java.util.concurrent.ThreadPoolExecutor$Worker.run(ThreadPoolExecutor.java:624)
        at java.lang.Thread.run(Thread.java:748)
"pool-56-thread-45"  prio=5 tid=546 in Object.wait()
java.lang.Thread.State: WAITING (on object monitor)
        at sun.misc.Unsafe.park(Native Method)
        at java.util.concurrent.locks.LockSupport.park(LockSupport.java:175)
        at java.util.concurrent.locks.AbstractQueuedSynchronizer$ConditionObject.await(AbstractQueuedSynchronizer.java:2039)
        at java.util.concurrent.ArrayBlockingQueue.take(ArrayBlockingQueue.java:403)
        at java.util.concurrent.ThreadPoolExecutor.getTask(ThreadPoolExecutor.java:1074)
        at java.util.concurrent.ThreadPoolExecutor.runWorker(ThreadPoolExecutor.java:1134)
        at java.util.concurrent.ThreadPoolExecutor$Worker.run(ThreadPoolExecutor.java:624)
        at java.lang.Thread.run(Thread.java:748)
"IPC Server handler 12 on 35347" daemon prio=5 tid=82 timed_waiting
java.lang.Thread.State: TIMED_WAITING
        at sun.misc.Unsafe.park(Native Method)
        at java.util.concurrent.locks.LockSupport.parkNanos(LockSupport.java:215)
        at java.util.concurrent.locks.AbstractQueuedSynchronizer$ConditionObject.awaitNanos(AbstractQueuedSynchronizer.java:2078)
        at java.util.concurrent.LinkedBlockingQueue.poll(LinkedBlockingQueue.java:467)
        at org.apache.hadoop.ipc.CallQueueManager.take(CallQueueManager.java:288)
        at org.apache.hadoop.ipc.Server$Handler.run(Server.java:2668)
"metrics-hadoop-metrics2-reporter-66-thread-1" daemon prio=5 tid=956 timed_waiting
java.lang.Thread.State: TIMED_WAITING
        at sun.misc.Unsafe.park(Native Method)
        at java.util.concurrent.locks.LockSupport.parkNanos(LockSupport.java:215)
        at java.util.concurrent.locks.AbstractQueuedSynchronizer$ConditionObject.awaitNanos(AbstractQueuedSynchronizer.java:2078)
        at java.util.concurrent.ScheduledThreadPoolExecutor$DelayedWorkQueue.take(ScheduledThreadPoolExecutor.java:1093)
        at java.util.concurrent.ScheduledThreadPoolExecutor$DelayedWorkQueue.take(ScheduledThreadPoolExecutor.java:809)
        at java.util.concurrent.ThreadPoolExecutor.getTask(ThreadPoolExecutor.java:1074)
        at java.util.concurrent.ThreadPoolExecutor.runWorker(ThreadPoolExecutor.java:1134)
        at java.util.concurrent.ThreadPoolExecutor$Worker.run(ThreadPoolExecutor.java:624)
        at java.lang.Thread.run(Thread.java:748)
"pool-66-thread-2"  prio=5 tid=565 in Object.wait()
java.lang.Thread.State: WAITING (on object monitor)
        at sun.misc.Unsafe.park(Native Method)
        at java.util.concurrent.locks.LockSupport.park(LockSupport.java:175)
        at java.util.concurrent.locks.AbstractQueuedSynchronizer$ConditionObject.await(AbstractQueuedSynchronizer.java:2039)
        at java.util.concurrent.ArrayBlockingQueue.take(ArrayBlockingQueue.java:403)
        at java.util.concurrent.ThreadPoolExecutor.getTask(ThreadPoolExecutor.java:1074)
        at java.util.concurrent.ThreadPoolExecutor.runWorker(ThreadPoolExecutor.java:1134)
        at java.util.concurrent.ThreadPoolExecutor$Worker.run(ThreadPoolExecutor.java:624)
        at java.lang.Thread.run(Thread.java:748)
"metrics-hadoop-metrics2-reporter-38-thread-1" daemon prio=5 tid=817 timed_waiting
java.lang.Thread.State: TIMED_WAITING
        at sun.misc.Unsafe.park(Native Method)
        at java.util.concurrent.locks.LockSupport.parkNanos(LockSupport.java:215)
        at java.util.concurrent.locks.AbstractQueuedSynchronizer$ConditionObject.awaitNanos(AbstractQueuedSynchronizer.java:2078)
        at java.util.concurrent.ScheduledThreadPoolExecutor$DelayedWorkQueue.take(ScheduledThreadPoolExecutor.java:1093)
        at java.util.concurrent.ScheduledThreadPoolExecutor$DelayedWorkQueue.take(ScheduledThreadPoolExecutor.java:809)
        at java.util.concurrent.ThreadPoolExecutor.getTask(ThreadPoolExecutor.java:1074)
        at java.util.concurrent.ThreadPoolExecutor.runWorker(ThreadPoolExecutor.java:1134)
        at java.util.concurrent.ThreadPoolExecutor$Worker.run(ThreadPoolExecutor.java:624)
        at java.lang.Thread.run(Thread.java:748)
"pool-77-thread-1"  prio=5 tid=724 in Object.wait()
java.lang.Thread.State: WAITING (on object monitor)
        at sun.misc.Unsafe.park(Native Method)
        at java.util.concurrent.locks.LockSupport.park(LockSupport.java:175)
        at java.util.concurrent.locks.AbstractQueuedSynchronizer$ConditionObject.await(AbstractQueuedSynchronizer.java:2039)
        at java.util.concurrent.LinkedBlockingQueue.take(LinkedBlockingQueue.java:442)
        at java.util.concurrent.ThreadPoolExecutor.getTask(ThreadPoolExecutor.java:1074)
        at java.util.concurrent.ThreadPoolExecutor.runWorker(ThreadPoolExecutor.java:1134)
        at java.util.concurrent.ThreadPoolExecutor$Worker.run(ThreadPoolExecutor.java:624)
        at java.lang.Thread.run(Thread.java:748)
"pool-56-thread-20"  prio=5 tid=518 in Object.wait()
java.lang.Thread.State: WAITING (on object monitor)
        at sun.misc.Unsafe.park(Native Method)
        at java.util.concurrent.locks.LockSupport.park(LockSupport.java:175)
        at java.util.concurrent.locks.AbstractQueuedSynchronizer$ConditionObject.await(AbstractQueuedSynchronizer.java:2039)
        at java.util.concurrent.ArrayBlockingQueue.take(ArrayBlockingQueue.java:403)
        at java.util.concurrent.ThreadPoolExecutor.getTask(ThreadPoolExecutor.java:1074)
        at java.util.concurrent.ThreadPoolExecutor.runWorker(ThreadPoolExecutor.java:1134)
        at java.util.concurrent.ThreadPoolExecutor$Worker.run(ThreadPoolExecutor.java:624)
        at java.lang.Thread.run(Thread.java:748)
"metrics-hadoop-metrics2-reporter-36-thread-1" daemon prio=5 tid=796 timed_waiting
java.lang.Thread.State: TIMED_WAITING
        at sun.misc.Unsafe.park(Native Method)
        at java.util.concurrent.locks.LockSupport.parkNanos(LockSupport.java:215)
        at java.util.concurrent.locks.AbstractQueuedSynchronizer$ConditionObject.awaitNanos(AbstractQueuedSynchronizer.java:2078)
        at java.util.concurrent.ScheduledThreadPoolExecutor$DelayedWorkQueue.take(ScheduledThreadPoolExecutor.java:1093)
        at java.util.concurrent.ScheduledThreadPoolExecutor$DelayedWorkQueue.take(ScheduledThreadPoolExecutor.java:809)
        at java.util.concurrent.ThreadPoolExecutor.getTask(ThreadPoolExecutor.java:1074)
        at java.util.concurrent.ThreadPoolExecutor.runWorker(ThreadPoolExecutor.java:1134)
        at java.util.concurrent.ThreadPoolExecutor$Worker.run(ThreadPoolExecutor.java:624)
        at java.lang.Thread.run(Thread.java:748)
"pool-66-thread-36"  prio=5 tid=599 in Object.wait()
java.lang.Thread.State: WAITING (on object monitor)
        at sun.misc.Unsafe.park(Native Method)
        at java.util.concurrent.locks.LockSupport.park(LockSupport.java:175)
        at java.util.concurrent.locks.AbstractQueuedSynchronizer$ConditionObject.await(AbstractQueuedSynchronizer.java:2039)
        at java.util.concurrent.ArrayBlockingQueue.take(ArrayBlockingQueue.java:403)
        at java.util.concurrent.ThreadPoolExecutor.getTask(ThreadPoolExecutor.java:1074)
        at java.util.concurrent.ThreadPoolExecutor.runWorker(ThreadPoolExecutor.java:1134)
        at java.util.concurrent.ThreadPoolExecutor$Worker.run(ThreadPoolExecutor.java:624)
        at java.lang.Thread.run(Thread.java:748)
"Command processor thread" daemon prio=5 tid=311 timed_waiting
java.lang.Thread.State: TIMED_WAITING
        at java.lang.Thread.sleep(Native Method)
        at org.apache.hadoop.ozone.container.common.statemachine.DatanodeStateMachine.lambda$initCommandHandlerThread$1(DatanodeStateMachine.java:439)
        at org.apache.hadoop.ozone.container.common.statemachine.DatanodeStateMachine$$Lambda$141/1433858745.run(Unknown Source)
        at java.lang.Thread.run(Thread.java:748)
"pool-66-thread-11"  prio=5 tid=574 in Object.wait()
java.lang.Thread.State: WAITING (on object monitor)
        at sun.misc.Unsafe.park(Native Method)
        at java.util.concurrent.locks.LockSupport.park(LockSupport.java:175)
        at java.util.concurrent.locks.AbstractQueuedSynchronizer$ConditionObject.await(AbstractQueuedSynchronizer.java:2039)
        at java.util.concurrent.ArrayBlockingQueue.take(ArrayBlockingQueue.java:403)
        at java.util.concurrent.ThreadPoolExecutor.getTask(ThreadPoolExecutor.java:1074)
        at java.util.concurrent.ThreadPoolExecutor.runWorker(ThreadPoolExecutor.java:1134)
        at java.util.concurrent.ThreadPoolExecutor$Worker.run(ThreadPoolExecutor.java:624)
        at java.lang.Thread.run(Thread.java:748)
"pool-56-thread-28"  prio=5 tid=526 in Object.wait()
java.lang.Thread.State: WAITING (on object monitor)
        at sun.misc.Unsafe.park(Native Method)
        at java.util.concurrent.locks.LockSupport.park(LockSupport.java:175)
        at java.util.concurrent.locks.AbstractQueuedSynchronizer$ConditionObject.await(AbstractQueuedSynchronizer.java:2039)
        at java.util.concurrent.ArrayBlockingQueue.take(ArrayBlockingQueue.java:403)
        at java.util.concurrent.ThreadPoolExecutor.getTask(ThreadPoolExecutor.java:1074)
        at java.util.concurrent.ThreadPoolExecutor.runWorker(ThreadPoolExecutor.java:1134)
        at java.util.concurrent.ThreadPoolExecutor$Worker.run(ThreadPoolExecutor.java:624)
        at java.lang.Thread.run(Thread.java:748)
"Thread-2247" daemon prio=5 tid=2842 terminated
java.lang.Thread.State: TERMINATED
        at java.lang.Thread.sleep(Native Method)
        at org.apache.ratis.util.JavaUtils.sleep(JavaUtils.java:247)
        at org.apache.ratis.server.impl.FollowerState.run(FollowerState.java:97)
"grpc-default-boss-ELG-1-1" daemon prio=5 tid=495 runnable
java.lang.Thread.State: RUNNABLE
        at sun.nio.ch.EPollArrayWrapper.epollWait(Native Method)
        at sun.nio.ch.EPollArrayWrapper.poll(EPollArrayWrapper.java:269)
        at sun.nio.ch.EPollSelectorImpl.doSelect(EPollSelectorImpl.java:93)
        at sun.nio.ch.SelectorImpl.lockAndDoSelect(SelectorImpl.java:86)
        at sun.nio.ch.SelectorImpl.select(SelectorImpl.java:97)
        at org.apache.ratis.thirdparty.io.netty.channel.nio.SelectedSelectionKeySetSelector.select(SelectedSelectionKeySetSelector.java:62)
        at org.apache.ratis.thirdparty.io.netty.channel.nio.NioEventLoop.select(NioEventLoop.java:753)
        at org.apache.ratis.thirdparty.io.netty.channel.nio.NioEventLoop.run(NioEventLoop.java:408)
        at org.apache.ratis.thirdparty.io.netty.util.concurrent.SingleThreadEventExecutor$5.run(SingleThreadEventExecutor.java:897)
        at org.apache.ratis.thirdparty.io.netty.util.concurrent.FastThreadLocalRunnable.run(FastThreadLocalRunnable.java:30)
        at java.lang.Thread.run(Thread.java:748)
"pool-66-thread-5"  prio=5 tid=568 in Object.wait()
java.lang.Thread.State: WAITING (on object monitor)
        at sun.misc.Unsafe.park(Native Method)
        at java.util.concurrent.locks.LockSupport.park(LockSupport.java:175)
        at java.util.concurrent.locks.AbstractQueuedSynchronizer$ConditionObject.await(AbstractQueuedSynchronizer.java:2039)
        at java.util.concurrent.ArrayBlockingQueue.take(ArrayBlockingQueue.java:403)
        at java.util.concurrent.ThreadPoolExecutor.getTask(ThreadPoolExecutor.java:1074)
        at java.util.concurrent.ThreadPoolExecutor.runWorker(ThreadPoolExecutor.java:1134)
        at java.util.concurrent.ThreadPoolExecutor$Worker.run(ThreadPoolExecutor.java:624)
        at java.lang.Thread.run(Thread.java:748)
"org.eclipse.jetty.server.session.HashSessionManager@31a9d7Timer" daemon prio=5 tid=169 timed_waiting
java.lang.Thread.State: TIMED_WAITING
        at sun.misc.Unsafe.park(Native Method)
        at java.util.concurrent.locks.LockSupport.parkNanos(LockSupport.java:215)
        at java.util.concurrent.locks.AbstractQueuedSynchronizer$ConditionObject.awaitNanos(AbstractQueuedSynchronizer.java:2078)
        at java.util.concurrent.ScheduledThreadPoolExecutor$DelayedWorkQueue.take(ScheduledThreadPoolExecutor.java:1093)
        at java.util.concurrent.ScheduledThreadPoolExecutor$DelayedWorkQueue.take(ScheduledThreadPoolExecutor.java:809)
        at java.util.concurrent.ThreadPoolExecutor.getTask(ThreadPoolExecutor.java:1074)
        at java.util.concurrent.ThreadPoolExecutor.runWorker(ThreadPoolExecutor.java:1134)
        at java.util.concurrent.ThreadPoolExecutor$Worker.run(ThreadPoolExecutor.java:624)
        at java.lang.Thread.run(Thread.java:748)
"pool-36-thread-26"  prio=5 tid=365 in Object.wait()
java.lang.Thread.State: WAITING (on object monitor)
        at sun.misc.Unsafe.park(Native Method)
        at java.util.concurrent.locks.LockSupport.park(LockSupport.java:175)
        at java.util.concurrent.locks.AbstractQueuedSynchronizer$ConditionObject.await(AbstractQueuedSynchronizer.java:2039)
        at java.util.concurrent.ArrayBlockingQueue.take(ArrayBlockingQueue.java:403)
        at java.util.concurrent.ThreadPoolExecutor.getTask(ThreadPoolExecutor.java:1074)
        at java.util.concurrent.ThreadPoolExecutor.runWorker(ThreadPoolExecutor.java:1134)
        at java.util.concurrent.ThreadPoolExecutor$Worker.run(ThreadPoolExecutor.java:624)
        at java.lang.Thread.run(Thread.java:748)
"IPC Server handler 15 on 41091" daemon prio=5 tid=131 timed_waiting
java.lang.Thread.State: TIMED_WAITING
        at sun.misc.Unsafe.park(Native Method)
        at java.util.concurrent.locks.LockSupport.parkNanos(LockSupport.java:215)
        at java.util.concurrent.locks.AbstractQueuedSynchronizer$ConditionObject.awaitNanos(AbstractQueuedSynchronizer.java:2078)
        at java.util.concurrent.LinkedBlockingQueue.poll(LinkedBlockingQueue.java:467)
        at org.apache.hadoop.ipc.CallQueueManager.take(CallQueueManager.java:288)
        at org.apache.hadoop.ipc.Server$Handler.run(Server.java:2668)
"pool-46-thread-27"  prio=5 tid=461 in Object.wait()
java.lang.Thread.State: WAITING (on object monitor)
        at sun.misc.Unsafe.park(Native Method)
        at java.util.concurrent.locks.LockSupport.park(LockSupport.java:175)
        at java.util.concurrent.locks.AbstractQueuedSynchronizer$ConditionObject.await(AbstractQueuedSynchronizer.java:2039)
        at java.util.concurrent.ArrayBlockingQueue.take(ArrayBlockingQueue.java:403)
        at java.util.concurrent.ThreadPoolExecutor.getTask(ThreadPoolExecutor.java:1074)
        at java.util.concurrent.ThreadPoolExecutor.runWorker(ThreadPoolExecutor.java:1134)
        at java.util.concurrent.ThreadPoolExecutor$Worker.run(ThreadPoolExecutor.java:624)
        at java.lang.Thread.run(Thread.java:748)
"IPC Server listener on 35347" daemon prio=5 tid=15 runnable
java.lang.Thread.State: RUNNABLE
        at sun.nio.ch.EPollArrayWrapper.epollWait(Native Method)
        at sun.nio.ch.EPollArrayWrapper.poll(EPollArrayWrapper.java:269)
        at sun.nio.ch.EPollSelectorImpl.doSelect(EPollSelectorImpl.java:93)
        at sun.nio.ch.SelectorImpl.lockAndDoSelect(SelectorImpl.java:86)
        at sun.nio.ch.SelectorImpl.select(SelectorImpl.java:97)
        at sun.nio.ch.SelectorImpl.select(SelectorImpl.java:101)
        at org.apache.hadoop.ipc.Server$Listener.run(Server.java:1159)
"pool-26-thread-17"  prio=5 tid=346 in Object.wait()
java.lang.Thread.State: WAITING (on object monitor)
        at sun.misc.Unsafe.park(Native Method)
        at java.util.concurrent.locks.LockSupport.park(LockSupport.java:175)
        at java.util.concurrent.locks.AbstractQueuedSynchronizer$ConditionObject.await(AbstractQueuedSynchronizer.java:2039)
        at java.util.concurrent.ArrayBlockingQueue.take(ArrayBlockingQueue.java:403)
        at java.util.concurrent.ThreadPoolExecutor.getTask(ThreadPoolExecutor.java:1074)
        at java.util.concurrent.ThreadPoolExecutor.runWorker(ThreadPoolExecutor.java:1134)
        at java.util.concurrent.ThreadPoolExecutor$Worker.run(ThreadPoolExecutor.java:624)
        at java.lang.Thread.run(Thread.java:748)
"IPC Server handler 10 on 41091" daemon prio=5 tid=126 timed_waiting
java.lang.Thread.State: TIMED_WAITING
        at sun.misc.Unsafe.park(Native Method)
        at java.util.concurrent.locks.LockSupport.parkNanos(LockSupport.java:215)
        at java.util.concurrent.locks.AbstractQueuedSynchronizer$ConditionObject.awaitNanos(AbstractQueuedSynchronizer.java:2078)
        at java.util.concurrent.LinkedBlockingQueue.poll(LinkedBlockingQueue.java:467)
        at org.apache.hadoop.ipc.CallQueueManager.take(CallQueueManager.java:288)
        at org.apache.hadoop.ipc.Server$Handler.run(Server.java:2668)
"org.eclipse.jetty.server.session.HashSessionManager@53b71fe4Timer" daemon prio=5 tid=278 timed_waiting
java.lang.Thread.State: TIMED_WAITING
        at sun.misc.Unsafe.park(Native Method)
        at java.util.concurrent.locks.LockSupport.parkNanos(LockSupport.java:215)
        at java.util.concurrent.locks.AbstractQueuedSynchronizer$ConditionObject.awaitNanos(AbstractQueuedSynchronizer.java:2078)
        at java.util.concurrent.ScheduledThreadPoolExecutor$DelayedWorkQueue.take(ScheduledThreadPoolExecutor.java:1093)
        at java.util.concurrent.ScheduledThreadPoolExecutor$DelayedWorkQueue.take(ScheduledThreadPoolExecutor.java:809)
        at java.util.concurrent.ThreadPoolExecutor.getTask(ThreadPoolExecutor.java:1074)
        at java.util.concurrent.ThreadPoolExecutor.runWorker(ThreadPoolExecutor.java:1134)
        at java.util.concurrent.ThreadPoolExecutor$Worker.run(ThreadPoolExecutor.java:624)
        at java.lang.Thread.run(Thread.java:748)
"qtp668854338-91-acceptor-0@4e7e7db5-ServerConnector@51849229{HTTP/1.1,[http/1.1]}{0.0.0.0:37757}" daemon prio=3 tid=91 runnable
java.lang.Thread.State: RUNNABLE
        at sun.nio.ch.ServerSocketChannelImpl.accept0(Native Method)
        at sun.nio.ch.ServerSocketChannelImpl.accept(ServerSocketChannelImpl.java:422)
        at sun.nio.ch.ServerSocketChannelImpl.accept(ServerSocketChannelImpl.java:250)
        at org.eclipse.jetty.server.ServerConnector.accept(ServerConnector.java:397)
        at org.eclipse.jetty.server.AbstractConnector$Acceptor.run(AbstractConnector.java:601)
        at org.eclipse.jetty.util.thread.QueuedThreadPool.runJob(QueuedThreadPool.java:671)
        at org.eclipse.jetty.util.thread.QueuedThreadPool$2.run(QueuedThreadPool.java:589)
        at java.lang.Thread.run(Thread.java:748)
"pool-56-thread-39"  prio=5 tid=538 in Object.wait()
java.lang.Thread.State: WAITING (on object monitor)
        at sun.misc.Unsafe.park(Native Method)
        at java.util.concurrent.locks.LockSupport.park(LockSupport.java:175)
        at java.util.concurrent.locks.AbstractQueuedSynchronizer$ConditionObject.await(AbstractQueuedSynchronizer.java:2039)
        at java.util.concurrent.ArrayBlockingQueue.take(ArrayBlockingQueue.java:403)
        at java.util.concurrent.ThreadPoolExecutor.getTask(ThreadPoolExecutor.java:1074)
        at java.util.concurrent.ThreadPoolExecutor.runWorker(ThreadPoolExecutor.java:1134)
        at java.util.concurrent.ThreadPoolExecutor$Worker.run(ThreadPoolExecutor.java:624)
        at java.lang.Thread.run(Thread.java:748)
"IPC Server handler 19 on 35347" daemon prio=5 tid=89 timed_waiting
java.lang.Thread.State: TIMED_WAITING
        at sun.misc.Unsafe.park(Native Method)
        at java.util.concurrent.locks.LockSupport.parkNanos(LockSupport.java:215)
        at java.util.concurrent.locks.AbstractQueuedSynchronizer$ConditionObject.awaitNanos(AbstractQueuedSynchronizer.java:2078)
        at java.util.concurrent.LinkedBlockingQueue.poll(LinkedBlockingQueue.java:467)
        at org.apache.hadoop.ipc.CallQueueManager.take(CallQueueManager.java:288)
        at org.apache.hadoop.ipc.Server$Handler.run(Server.java:2668)
"pool-76-thread-58"  prio=5 tid=683 in Object.wait()
java.lang.Thread.State: WAITING (on object monitor)
        at sun.misc.Unsafe.park(Native Method)
        at java.util.concurrent.locks.LockSupport.park(LockSupport.java:175)
        at java.util.concurrent.locks.AbstractQueuedSynchronizer$ConditionObject.await(AbstractQueuedSynchronizer.java:2039)
        at java.util.concurrent.ArrayBlockingQueue.take(ArrayBlockingQueue.java:403)
        at java.util.concurrent.ThreadPoolExecutor.getTask(ThreadPoolExecutor.java:1074)
        at java.util.concurrent.ThreadPoolExecutor.runWorker(ThreadPoolExecutor.java:1134)
        at java.util.concurrent.ThreadPoolExecutor$Worker.run(ThreadPoolExecutor.java:624)
        at java.lang.Thread.run(Thread.java:748)
"pool-76-thread-40"  prio=5 tid=665 in Object.wait()
java.lang.Thread.State: WAITING (on object monitor)
        at sun.misc.Unsafe.park(Native Method)
        at java.util.concurrent.locks.LockSupport.park(LockSupport.java:175)
        at java.util.concurrent.locks.AbstractQueuedSynchronizer$ConditionObject.await(AbstractQueuedSynchronizer.java:2039)
        at java.util.concurrent.ArrayBlockingQueue.take(ArrayBlockingQueue.java:403)
        at java.util.concurrent.ThreadPoolExecutor.getTask(ThreadPoolExecutor.java:1074)
        at java.util.concurrent.ThreadPoolExecutor.runWorker(ThreadPoolExecutor.java:1134)
        at java.util.concurrent.ThreadPoolExecutor$Worker.run(ThreadPoolExecutor.java:624)
        at java.lang.Thread.run(Thread.java:748)
"IPC Server Responder" daemon prio=5 tid=22 runnable
java.lang.Thread.State: RUNNABLE
        at sun.nio.ch.EPollArrayWrapper.epollWait(Native Method)
        at sun.nio.ch.EPollArrayWrapper.poll(EPollArrayWrapper.java:269)
        at sun.nio.ch.EPollSelectorImpl.doSelect(EPollSelectorImpl.java:93)
        at sun.nio.ch.SelectorImpl.lockAndDoSelect(SelectorImpl.java:86)
        at sun.nio.ch.SelectorImpl.select(SelectorImpl.java:97)
        at org.apache.hadoop.ipc.Server$Responder.doRunLoop(Server.java:1334)
        at org.apache.hadoop.ipc.Server$Responder.run(Server.java:1317)
"pool-76-thread-21"  prio=5 tid=646 in Object.wait()
java.lang.Thread.State: WAITING (on object monitor)
        at sun.misc.Unsafe.park(Native Method)
        at java.util.concurrent.locks.LockSupport.park(LockSupport.java:175)
        at java.util.concurrent.locks.AbstractQueuedSynchronizer$ConditionObject.await(AbstractQueuedSynchronizer.java:2039)
        at java.util.concurrent.ArrayBlockingQueue.take(ArrayBlockingQueue.java:403)
        at java.util.concurrent.ThreadPoolExecutor.getTask(ThreadPoolExecutor.java:1074)
        at java.util.concurrent.ThreadPoolExecutor.runWorker(ThreadPoolExecutor.java:1134)
        at java.util.concurrent.ThreadPoolExecutor$Worker.run(ThreadPoolExecutor.java:624)
        at java.lang.Thread.run(Thread.java:748)
"Thread-229" daemon prio=5 tid=714 timed_waiting
java.lang.Thread.State: TIMED_WAITING
        at sun.misc.Unsafe.park(Native Method)
        at java.util.concurrent.locks.LockSupport.parkNanos(LockSupport.java:215)
        at java.util.concurrent.locks.AbstractQueuedSynchronizer$ConditionObject.awaitNanos(AbstractQueuedSynchronizer.java:2078)
        at java.util.concurrent.ArrayBlockingQueue.poll(ArrayBlockingQueue.java:418)
        at org.apache.ratis.server.impl.LeaderState$EventQueue.poll(LeaderState.java:115)
        at org.apache.ratis.server.impl.LeaderState$EventProcessor.run(LeaderState.java:467)
"qtp2116606463-220" daemon prio=5 tid=220 timed_waiting
java.lang.Thread.State: TIMED_WAITING
        at sun.misc.Unsafe.park(Native Method)
        at java.util.concurrent.locks.LockSupport.parkNanos(LockSupport.java:215)
        at java.util.concurrent.locks.AbstractQueuedSynchronizer$ConditionObject.awaitNanos(AbstractQueuedSynchronizer.java:2078)
        at org.eclipse.jetty.util.BlockingArrayQueue.poll(BlockingArrayQueue.java:392)
        at org.eclipse.jetty.util.thread.QueuedThreadPool.idleJobPoll(QueuedThreadPool.java:563)
        at org.eclipse.jetty.util.thread.QueuedThreadPool.access$800(QueuedThreadPool.java:48)
        at org.eclipse.jetty.util.thread.QueuedThreadPool$2.run(QueuedThreadPool.java:626)
        at java.lang.Thread.run(Thread.java:748)
"pool-56-thread-40"  prio=5 tid=539 in Object.wait()
java.lang.Thread.State: WAITING (on object monitor)
        at sun.misc.Unsafe.park(Native Method)
        at java.util.concurrent.locks.LockSupport.park(LockSupport.java:175)
        at java.util.concurrent.locks.AbstractQueuedSynchronizer$ConditionObject.await(AbstractQueuedSynchronizer.java:2039)
        at java.util.concurrent.ArrayBlockingQueue.take(ArrayBlockingQueue.java:403)
        at java.util.concurrent.ThreadPoolExecutor.getTask(ThreadPoolExecutor.java:1074)
        at java.util.concurrent.ThreadPoolExecutor.runWorker(ThreadPoolExecutor.java:1134)
        at java.util.concurrent.ThreadPoolExecutor$Worker.run(ThreadPoolExecutor.java:624)
        at java.lang.Thread.run(Thread.java:748)
"metrics-hadoop-metrics2-reporter-20-thread-1" daemon prio=5 tid=749 timed_waiting
java.lang.Thread.State: TIMED_WAITING
        at sun.misc.Unsafe.park(Native Method)
        at java.util.concurrent.locks.LockSupport.parkNanos(LockSupport.java:215)
        at java.util.concurrent.locks.AbstractQueuedSynchronizer$ConditionObject.awaitNanos(AbstractQueuedSynchronizer.java:2078)
        at java.util.concurrent.ScheduledThreadPoolExecutor$DelayedWorkQueue.take(ScheduledThreadPoolExecutor.java:1093)
        at java.util.concurrent.ScheduledThreadPoolExecutor$DelayedWorkQueue.take(ScheduledThreadPoolExecutor.java:809)
        at java.util.concurrent.ThreadPoolExecutor.getTask(ThreadPoolExecutor.java:1074)
        at java.util.concurrent.ThreadPoolExecutor.runWorker(ThreadPoolExecutor.java:1134)
        at java.util.concurrent.ThreadPoolExecutor$Worker.run(ThreadPoolExecutor.java:624)
        at java.lang.Thread.run(Thread.java:748)
"pool-66-thread-9"  prio=5 tid=572 in Object.wait()
java.lang.Thread.State: WAITING (on object monitor)
        at sun.misc.Unsafe.park(Native Method)
        at java.util.concurrent.locks.LockSupport.park(LockSupport.java:175)
        at java.util.concurrent.locks.AbstractQueuedSynchronizer$ConditionObject.await(AbstractQueuedSynchronizer.java:2039)
        at java.util.concurrent.ArrayBlockingQueue.take(ArrayBlockingQueue.java:403)
        at java.util.concurrent.ThreadPoolExecutor.getTask(ThreadPoolExecutor.java:1074)
        at java.util.concurrent.ThreadPoolExecutor.runWorker(ThreadPoolExecutor.java:1134)
        at java.util.concurrent.ThreadPoolExecutor$Worker.run(ThreadPoolExecutor.java:624)
        at java.lang.Thread.run(Thread.java:748)
"pool-66-thread-37"  prio=5 tid=600 in Object.wait()
java.lang.Thread.State: WAITING (on object monitor)
        at sun.misc.Unsafe.park(Native Method)
        at java.util.concurrent.locks.LockSupport.park(LockSupport.java:175)
        at java.util.concurrent.locks.AbstractQueuedSynchronizer$ConditionObject.await(AbstractQueuedSynchronizer.java:2039)
        at java.util.concurrent.ArrayBlockingQueue.take(ArrayBlockingQueue.java:403)
        at java.util.concurrent.ThreadPoolExecutor.getTask(ThreadPoolExecutor.java:1074)
        at java.util.concurrent.ThreadPoolExecutor.runWorker(ThreadPoolExecutor.java:1134)
        at java.util.concurrent.ThreadPoolExecutor$Worker.run(ThreadPoolExecutor.java:624)
        at java.lang.Thread.run(Thread.java:748)
"qtp2116606463-218" daemon prio=5 tid=218 timed_waiting
java.lang.Thread.State: TIMED_WAITING
        at sun.misc.Unsafe.park(Native Method)
        at java.util.concurrent.locks.LockSupport.parkNanos(LockSupport.java:215)
        at java.util.concurrent.locks.AbstractQueuedSynchronizer$ConditionObject.awaitNanos(AbstractQueuedSynchronizer.java:2078)
        at org.eclipse.jetty.util.BlockingArrayQueue.poll(BlockingArrayQueue.java:392)
        at org.eclipse.jetty.util.thread.QueuedThreadPool.idleJobPoll(QueuedThreadPool.java:563)
        at org.eclipse.jetty.util.thread.QueuedThreadPool.access$800(QueuedThreadPool.java:48)
        at org.eclipse.jetty.util.thread.QueuedThreadPool$2.run(QueuedThreadPool.java:626)
        at java.lang.Thread.run(Thread.java:748)
"IPC Server handler 3 on 33888" daemon prio=5 tid=33 timed_waiting
java.lang.Thread.State: TIMED_WAITING
        at sun.misc.Unsafe.park(Native Method)
        at java.util.concurrent.locks.LockSupport.parkNanos(LockSupport.java:215)
        at java.util.concurrent.locks.AbstractQueuedSynchronizer$ConditionObject.awaitNanos(AbstractQueuedSynchronizer.java:2078)
        at java.util.concurrent.LinkedBlockingQueue.poll(LinkedBlockingQueue.java:467)
        at org.apache.hadoop.ipc.CallQueueManager.take(CallQueueManager.java:288)
        at org.apache.hadoop.ipc.Server$Handler.run(Server.java:2668)
"IPC Server listener on 33888" daemon prio=5 tid=23 runnable
java.lang.Thread.State: RUNNABLE
        at sun.nio.ch.EPollArrayWrapper.epollWait(Native Method)
        at sun.nio.ch.EPollArrayWrapper.poll(EPollArrayWrapper.java:269)
        at sun.nio.ch.EPollSelectorImpl.doSelect(EPollSelectorImpl.java:93)
        at sun.nio.ch.SelectorImpl.lockAndDoSelect(SelectorImpl.java:86)
        at sun.nio.ch.SelectorImpl.select(SelectorImpl.java:97)
        at sun.nio.ch.SelectorImpl.select(SelectorImpl.java:101)
        at org.apache.hadoop.ipc.Server$Listener.run(Server.java:1159)
"pool-56-thread-56"  prio=5 tid=557 in Object.wait()
java.lang.Thread.State: WAITING (on object monitor)
        at sun.misc.Unsafe.park(Native Method)
        at java.util.concurrent.locks.LockSupport.park(LockSupport.java:175)
        at java.util.concurrent.locks.AbstractQueuedSynchronizer$ConditionObject.await(AbstractQueuedSynchronizer.java:2039)
        at java.util.concurrent.ArrayBlockingQueue.take(ArrayBlockingQueue.java:403)
        at java.util.concurrent.ThreadPoolExecutor.getTask(ThreadPoolExecutor.java:1074)
        at java.util.concurrent.ThreadPoolExecutor.runWorker(ThreadPoolExecutor.java:1134)
        at java.util.concurrent.ThreadPoolExecutor$Worker.run(ThreadPoolExecutor.java:624)
        at java.lang.Thread.run(Thread.java:748)
"metrics-hadoop-metrics2-reporter-30-thread-1" daemon prio=5 tid=778 timed_waiting
java.lang.Thread.State: TIMED_WAITING
        at sun.misc.Unsafe.park(Native Method)
        at java.util.concurrent.locks.LockSupport.parkNanos(LockSupport.java:215)
        at java.util.concurrent.locks.AbstractQueuedSynchronizer$ConditionObject.awaitNanos(AbstractQueuedSynchronizer.java:2078)
        at java.util.concurrent.ScheduledThreadPoolExecutor$DelayedWorkQueue.take(ScheduledThreadPoolExecutor.java:1093)
        at java.util.concurrent.ScheduledThreadPoolExecutor$DelayedWorkQueue.take(ScheduledThreadPoolExecutor.java:809)
        at java.util.concurrent.ThreadPoolExecutor.getTask(ThreadPoolExecutor.java:1074)
        at java.util.concurrent.ThreadPoolExecutor.runWorker(ThreadPoolExecutor.java:1134)
        at java.util.concurrent.ThreadPoolExecutor$Worker.run(ThreadPoolExecutor.java:624)
        at java.lang.Thread.run(Thread.java:748)
"pool-66-thread-51"  prio=5 tid=614 in Object.wait()
java.lang.Thread.State: WAITING (on object monitor)
        at sun.misc.Unsafe.park(Native Method)
        at java.util.concurrent.locks.LockSupport.park(LockSupport.java:175)
        at java.util.concurrent.locks.AbstractQueuedSynchronizer$ConditionObject.await(AbstractQueuedSynchronizer.java:2039)
        at java.util.concurrent.ArrayBlockingQueue.take(ArrayBlockingQueue.java:403)
        at java.util.concurrent.ThreadPoolExecutor.getTask(ThreadPoolExecutor.java:1074)
        at java.util.concurrent.ThreadPoolExecutor.runWorker(ThreadPoolExecutor.java:1134)
        at java.util.concurrent.ThreadPoolExecutor$Worker.run(ThreadPoolExecutor.java:624)
        at java.lang.Thread.run(Thread.java:748)
"Thread-235" daemon prio=5 tid=731 timed_waiting
java.lang.Thread.State: TIMED_WAITING
        at sun.misc.Unsafe.park(Native Method)
        at java.util.concurrent.locks.LockSupport.parkNanos(LockSupport.java:215)
        at java.util.concurrent.locks.AbstractQueuedSynchronizer$ConditionObject.awaitNanos(AbstractQueuedSynchronizer.java:2078)
        at java.util.concurrent.ArrayBlockingQueue.poll(ArrayBlockingQueue.java:418)
        at org.apache.ratis.server.impl.LeaderState$EventQueue.poll(LeaderState.java:115)
        at org.apache.ratis.server.impl.LeaderState$EventProcessor.run(LeaderState.java:467)
"pool-46-thread-31"  prio=5 tid=465 in Object.wait()
java.lang.Thread.State: WAITING (on object monitor)
        at sun.misc.Unsafe.park(Native Method)
        at java.util.concurrent.locks.LockSupport.park(LockSupport.java:175)
        at java.util.concurrent.locks.AbstractQueuedSynchronizer$ConditionObject.await(AbstractQueuedSynchronizer.java:2039)
        at java.util.concurrent.ArrayBlockingQueue.take(ArrayBlockingQueue.java:403)
        at java.util.concurrent.ThreadPoolExecutor.getTask(ThreadPoolExecutor.java:1074)
        at java.util.concurrent.ThreadPoolExecutor.runWorker(ThreadPoolExecutor.java:1134)
        at java.util.concurrent.ThreadPoolExecutor$Worker.run(ThreadPoolExecutor.java:624)
        at java.lang.Thread.run(Thread.java:748)
"pool-26-thread-45"  prio=5 tid=404 in Object.wait()
java.lang.Thread.State: WAITING (on object monitor)
        at sun.misc.Unsafe.park(Native Method)
        at java.util.concurrent.locks.LockSupport.park(LockSupport.java:175)
        at java.util.concurrent.locks.AbstractQueuedSynchronizer$ConditionObject.await(AbstractQueuedSynchronizer.java:2039)
        at java.util.concurrent.ArrayBlockingQueue.take(ArrayBlockingQueue.java:403)
        at java.util.concurrent.ThreadPoolExecutor.getTask(ThreadPoolExecutor.java:1074)
        at java.util.concurrent.ThreadPoolExecutor.runWorker(ThreadPoolExecutor.java:1134)
        at java.util.concurrent.ThreadPoolExecutor$Worker.run(ThreadPoolExecutor.java:624)
        at java.lang.Thread.run(Thread.java:748)
"pool-26-thread-9"  prio=5 tid=329 in Object.wait()
java.lang.Thread.State: WAITING (on object monitor)
        at sun.misc.Unsafe.park(Native Method)
        at java.util.concurrent.locks.LockSupport.park(LockSupport.java:175)
        at java.util.concurrent.locks.AbstractQueuedSynchronizer$ConditionObject.await(AbstractQueuedSynchronizer.java:2039)
        at java.util.concurrent.ArrayBlockingQueue.take(ArrayBlockingQueue.java:403)
        at java.util.concurrent.ThreadPoolExecutor.getTask(ThreadPoolExecutor.java:1074)
        at java.util.concurrent.ThreadPoolExecutor.runWorker(ThreadPoolExecutor.java:1134)
        at java.util.concurrent.ThreadPoolExecutor$Worker.run(ThreadPoolExecutor.java:624)
        at java.lang.Thread.run(Thread.java:748)
"qtp693544819-247" daemon prio=5 tid=247 timed_waiting
java.lang.Thread.State: TIMED_WAITING
        at sun.misc.Unsafe.park(Native Method)
        at java.util.concurrent.locks.LockSupport.parkNanos(LockSupport.java:215)
        at java.util.concurrent.locks.AbstractQueuedSynchronizer$ConditionObject.awaitNanos(AbstractQueuedSynchronizer.java:2078)
        at org.eclipse.jetty.util.BlockingArrayQueue.poll(BlockingArrayQueue.java:392)
        at org.eclipse.jetty.util.thread.QueuedThreadPool.idleJobPoll(QueuedThreadPool.java:563)
        at org.eclipse.jetty.util.thread.QueuedThreadPool.access$800(QueuedThreadPool.java:48)
        at org.eclipse.jetty.util.thread.QueuedThreadPool$2.run(QueuedThreadPool.java:626)
        at java.lang.Thread.run(Thread.java:748)
"pool-56-thread-49"  prio=5 tid=550 in Object.wait()
java.lang.Thread.State: WAITING (on object monitor)
        at sun.misc.Unsafe.park(Native Method)
        at java.util.concurrent.locks.LockSupport.park(LockSupport.java:175)
        at java.util.concurrent.locks.AbstractQueuedSynchronizer$ConditionObject.await(AbstractQueuedSynchronizer.java:2039)
        at java.util.concurrent.ArrayBlockingQueue.take(ArrayBlockingQueue.java:403)
        at java.util.concurrent.ThreadPoolExecutor.getTask(ThreadPoolExecutor.java:1074)
        at java.util.concurrent.ThreadPoolExecutor.runWorker(ThreadPoolExecutor.java:1134)
        at java.util.concurrent.ThreadPoolExecutor$Worker.run(ThreadPoolExecutor.java:624)
        at java.lang.Thread.run(Thread.java:748)
"pool-46-thread-8"  prio=5 tid=442 in Object.wait()
java.lang.Thread.State: WAITING (on object monitor)
        at sun.misc.Unsafe.park(Native Method)
        at java.util.concurrent.locks.LockSupport.park(LockSupport.java:175)
        at java.util.concurrent.locks.AbstractQueuedSynchronizer$ConditionObject.await(AbstractQueuedSynchronizer.java:2039)
        at java.util.concurrent.ArrayBlockingQueue.take(ArrayBlockingQueue.java:403)
        at java.util.concurrent.ThreadPoolExecutor.getTask(ThreadPoolExecutor.java:1074)
        at java.util.concurrent.ThreadPoolExecutor.runWorker(ThreadPoolExecutor.java:1134)
        at java.util.concurrent.ThreadPoolExecutor$Worker.run(ThreadPoolExecutor.java:624)
        at java.lang.Thread.run(Thread.java:748)
"metrics-hadoop-metrics2-reporter-14-thread-1" daemon prio=5 tid=734 timed_waiting
java.lang.Thread.State: TIMED_WAITING
        at sun.misc.Unsafe.park(Native Method)
        at java.util.concurrent.locks.LockSupport.parkNanos(LockSupport.java:215)
        at java.util.concurrent.locks.AbstractQueuedSynchronizer$ConditionObject.awaitNanos(AbstractQueuedSynchronizer.java:2078)
        at java.util.concurrent.ScheduledThreadPoolExecutor$DelayedWorkQueue.take(ScheduledThreadPoolExecutor.java:1093)
        at java.util.concurrent.ScheduledThreadPoolExecutor$DelayedWorkQueue.take(ScheduledThreadPoolExecutor.java:809)
        at java.util.concurrent.ThreadPoolExecutor.getTask(ThreadPoolExecutor.java:1074)
        at java.util.concurrent.ThreadPoolExecutor.runWorker(ThreadPoolExecutor.java:1134)
        at java.util.concurrent.ThreadPoolExecutor$Worker.run(ThreadPoolExecutor.java:624)
        at java.lang.Thread.run(Thread.java:748)
"EventQueue-NodeRegistrationContainerReportForContainerSafeModeRule" daemon prio=5 tid=692 in Object.wait()
java.lang.Thread.State: WAITING (on object monitor)
        at sun.misc.Unsafe.park(Native Method)
        at java.util.concurrent.locks.LockSupport.park(LockSupport.java:175)
        at java.util.concurrent.locks.AbstractQueuedSynchronizer$ConditionObject.await(AbstractQueuedSynchronizer.java:2039)
        at java.util.concurrent.LinkedBlockingQueue.take(LinkedBlockingQueue.java:442)
        at java.util.concurrent.ThreadPoolExecutor.getTask(ThreadPoolExecutor.java:1074)
        at java.util.concurrent.ThreadPoolExecutor.runWorker(ThreadPoolExecutor.java:1134)
        at java.util.concurrent.ThreadPoolExecutor$Worker.run(ThreadPoolExecutor.java:624)
        at java.lang.Thread.run(Thread.java:748)
"pool-46-thread-4"  prio=5 tid=438 in Object.wait()
java.lang.Thread.State: WAITING (on object monitor)
        at sun.misc.Unsafe.park(Native Method)
        at java.util.concurrent.locks.LockSupport.park(LockSupport.java:175)
        at java.util.concurrent.locks.AbstractQueuedSynchronizer$ConditionObject.await(AbstractQueuedSynchronizer.java:2039)
        at java.util.concurrent.ArrayBlockingQueue.take(ArrayBlockingQueue.java:403)
        at java.util.concurrent.ThreadPoolExecutor.getTask(ThreadPoolExecutor.java:1074)
        at java.util.concurrent.ThreadPoolExecutor.runWorker(ThreadPoolExecutor.java:1134)
        at java.util.concurrent.ThreadPoolExecutor$Worker.run(ThreadPoolExecutor.java:624)
        at java.lang.Thread.run(Thread.java:748)
"pool-66-thread-6"  prio=5 tid=569 in Object.wait()
java.lang.Thread.State: WAITING (on object monitor)
        at sun.misc.Unsafe.park(Native Method)
        at java.util.concurrent.locks.LockSupport.park(LockSupport.java:175)
        at java.util.concurrent.locks.AbstractQueuedSynchronizer$ConditionObject.await(AbstractQueuedSynchronizer.java:2039)
        at java.util.concurrent.ArrayBlockingQueue.take(ArrayBlockingQueue.java:403)
        at java.util.concurrent.ThreadPoolExecutor.getTask(ThreadPoolExecutor.java:1074)
        at java.util.concurrent.ThreadPoolExecutor.runWorker(ThreadPoolExecutor.java:1134)
        at java.util.concurrent.ThreadPoolExecutor$Worker.run(ThreadPoolExecutor.java:624)
        at java.lang.Thread.run(Thread.java:748)
"pool-57-thread-1"  prio=5 tid=713 in Object.wait()
java.lang.Thread.State: WAITING (on object monitor)
        at sun.misc.Unsafe.park(Native Method)
        at java.util.concurrent.locks.LockSupport.park(LockSupport.java:175)
        at java.util.concurrent.locks.AbstractQueuedSynchronizer$ConditionObject.await(AbstractQueuedSynchronizer.java:2039)
        at java.util.concurrent.LinkedBlockingQueue.take(LinkedBlockingQueue.java:442)
        at java.util.concurrent.ThreadPoolExecutor.getTask(ThreadPoolExecutor.java:1074)
        at java.util.concurrent.ThreadPoolExecutor.runWorker(ThreadPoolExecutor.java:1134)
        at java.util.concurrent.ThreadPoolExecutor$Worker.run(ThreadPoolExecutor.java:624)
        at java.lang.Thread.run(Thread.java:748)
"pool-56-thread-44"  prio=5 tid=545 in Object.wait()
java.lang.Thread.State: WAITING (on object monitor)
        at sun.misc.Unsafe.park(Native Method)
        at java.util.concurrent.locks.LockSupport.park(LockSupport.java:175)
        at java.util.concurrent.locks.AbstractQueuedSynchronizer$ConditionObject.await(AbstractQueuedSynchronizer.java:2039)
        at java.util.concurrent.ArrayBlockingQueue.take(ArrayBlockingQueue.java:403)
        at java.util.concurrent.ThreadPoolExecutor.getTask(ThreadPoolExecutor.java:1074)
        at java.util.concurrent.ThreadPoolExecutor.runWorker(ThreadPoolExecutor.java:1134)
        at java.util.concurrent.ThreadPoolExecutor$Worker.run(ThreadPoolExecutor.java:624)
        at java.lang.Thread.run(Thread.java:748)
"metrics-hadoop-metrics2-reporter-56-thread-1" daemon prio=5 tid=914 timed_waiting
java.lang.Thread.State: TIMED_WAITING
        at sun.misc.Unsafe.park(Native Method)
        at java.util.concurrent.locks.LockSupport.parkNanos(LockSupport.java:215)
        at java.util.concurrent.locks.AbstractQueuedSynchronizer$ConditionObject.awaitNanos(AbstractQueuedSynchronizer.java:2078)
        at java.util.concurrent.ScheduledThreadPoolExecutor$DelayedWorkQueue.take(ScheduledThreadPoolExecutor.java:1093)
        at java.util.concurrent.ScheduledThreadPoolExecutor$DelayedWorkQueue.take(ScheduledThreadPoolExecutor.java:809)
        at java.util.concurrent.ThreadPoolExecutor.getTask(ThreadPoolExecutor.java:1074)
        at java.util.concurrent.ThreadPoolExecutor.runWorker(ThreadPoolExecutor.java:1134)
        at java.util.concurrent.ThreadPoolExecutor$Worker.run(ThreadPoolExecutor.java:624)
        at java.lang.Thread.run(Thread.java:748)
"pool-66-thread-17"  prio=5 tid=580 in Object.wait()
java.lang.Thread.State: WAITING (on object monitor)
        at sun.misc.Unsafe.park(Native Method)
        at java.util.concurrent.locks.LockSupport.park(LockSupport.java:175)
        at java.util.concurrent.locks.AbstractQueuedSynchronizer$ConditionObject.await(AbstractQueuedSynchronizer.java:2039)
        at java.util.concurrent.ArrayBlockingQueue.take(ArrayBlockingQueue.java:403)
        at java.util.concurrent.ThreadPoolExecutor.getTask(ThreadPoolExecutor.java:1074)
        at java.util.concurrent.ThreadPoolExecutor.runWorker(ThreadPoolExecutor.java:1134)
        at java.util.concurrent.ThreadPoolExecutor$Worker.run(ThreadPoolExecutor.java:624)
        at java.lang.Thread.run(Thread.java:748)
"pool-36-thread-56"  prio=5 tid=424 in Object.wait()
java.lang.Thread.State: WAITING (on object monitor)
        at sun.misc.Unsafe.park(Native Method)
        at java.util.concurrent.locks.LockSupport.park(LockSupport.java:175)
        at java.util.concurrent.locks.AbstractQueuedSynchronizer$ConditionObject.await(AbstractQueuedSynchronizer.java:2039)
        at java.util.concurrent.ArrayBlockingQueue.take(ArrayBlockingQueue.java:403)
        at java.util.concurrent.ThreadPoolExecutor.getTask(ThreadPoolExecutor.java:1074)
        at java.util.concurrent.ThreadPoolExecutor.runWorker(ThreadPoolExecutor.java:1134)
        at java.util.concurrent.ThreadPoolExecutor$Worker.run(ThreadPoolExecutor.java:624)
        at java.lang.Thread.run(Thread.java:748)
"metrics-hadoop-metrics2-reporter-48-thread-1" daemon prio=5 tid=866 timed_waiting
java.lang.Thread.State: TIMED_WAITING
        at sun.misc.Unsafe.park(Native Method)
        at java.util.concurrent.locks.LockSupport.parkNanos(LockSupport.java:215)
        at java.util.concurrent.locks.AbstractQueuedSynchronizer$ConditionObject.awaitNanos(AbstractQueuedSynchronizer.java:2078)
        at java.util.concurrent.ScheduledThreadPoolExecutor$DelayedWorkQueue.take(ScheduledThreadPoolExecutor.java:1093)
        at java.util.concurrent.ScheduledThreadPoolExecutor$DelayedWorkQueue.take(ScheduledThreadPoolExecutor.java:809)
        at java.util.concurrent.ThreadPoolExecutor.getTask(ThreadPoolExecutor.java:1074)
        at java.util.concurrent.ThreadPoolExecutor.runWorker(ThreadPoolExecutor.java:1134)
        at java.util.concurrent.ThreadPoolExecutor$Worker.run(ThreadPoolExecutor.java:624)
        at java.lang.Thread.run(Thread.java:748)
"IPC Server handler 16 on 33440" daemon prio=5 tid=66 timed_waiting
java.lang.Thread.State: TIMED_WAITING
        at sun.misc.Unsafe.park(Native Method)
        at java.util.concurrent.locks.LockSupport.parkNanos(LockSupport.java:215)
        at java.util.concurrent.locks.AbstractQueuedSynchronizer$ConditionObject.awaitNanos(AbstractQueuedSynchronizer.java:2078)
        at java.util.concurrent.LinkedBlockingQueue.poll(LinkedBlockingQueue.java:467)
        at org.apache.hadoop.ipc.CallQueueManager.take(CallQueueManager.java:288)
        at org.apache.hadoop.ipc.Server$Handler.run(Server.java:2668)
"pool-36-thread-6"  prio=5 tid=328 in Object.wait()
java.lang.Thread.State: WAITING (on object monitor)
        at sun.misc.Unsafe.park(Native Method)
        at java.util.concurrent.locks.LockSupport.park(LockSupport.java:175)
        at java.util.concurrent.locks.AbstractQueuedSynchronizer$ConditionObject.await(AbstractQueuedSynchronizer.java:2039)
        at java.util.concurrent.ArrayBlockingQueue.take(ArrayBlockingQueue.java:403)
        at java.util.concurrent.ThreadPoolExecutor.getTask(ThreadPoolExecutor.java:1074)
        at java.util.concurrent.ThreadPoolExecutor.runWorker(ThreadPoolExecutor.java:1134)
        at java.util.concurrent.ThreadPoolExecutor$Worker.run(ThreadPoolExecutor.java:624)
        at java.lang.Thread.run(Thread.java:748)
"Datanode ReportManager Thread - 2" daemon prio=5 tid=282 in Object.wait()
java.lang.Thread.State: WAITING (on object monitor)
        at sun.misc.Unsafe.park(Native Method)
        at java.util.concurrent.locks.LockSupport.park(LockSupport.java:175)
        at java.util.concurrent.locks.AbstractQueuedSynchronizer$ConditionObject.await(AbstractQueuedSynchronizer.java:2039)
        at java.util.concurrent.ScheduledThreadPoolExecutor$DelayedWorkQueue.take(ScheduledThreadPoolExecutor.java:1088)
        at java.util.concurrent.ScheduledThreadPoolExecutor$DelayedWorkQueue.take(ScheduledThreadPoolExecutor.java:809)
        at java.util.concurrent.ThreadPoolExecutor.getTask(ThreadPoolExecutor.java:1074)
        at java.util.concurrent.ThreadPoolExecutor.runWorker(ThreadPoolExecutor.java:1134)
        at java.util.concurrent.ThreadPoolExecutor$Worker.run(ThreadPoolExecutor.java:624)
        at java.lang.Thread.run(Thread.java:748)
"pool-66-thread-50"  prio=5 tid=613 in Object.wait()
java.lang.Thread.State: WAITING (on object monitor)
        at sun.misc.Unsafe.park(Native Method)
        at java.util.concurrent.locks.LockSupport.park(LockSupport.java:175)
        at java.util.concurrent.locks.AbstractQueuedSynchronizer$ConditionObject.await(AbstractQueuedSynchronizer.java:2039)
        at java.util.concurrent.ArrayBlockingQueue.take(ArrayBlockingQueue.java:403)
        at java.util.concurrent.ThreadPoolExecutor.getTask(ThreadPoolExecutor.java:1074)
        at java.util.concurrent.ThreadPoolExecutor.runWorker(ThreadPoolExecutor.java:1134)
        at java.util.concurrent.ThreadPoolExecutor$Worker.run(ThreadPoolExecutor.java:624)
        at java.lang.Thread.run(Thread.java:748)
"pool-56-thread-46"  prio=5 tid=547 in Object.wait()
java.lang.Thread.State: WAITING (on object monitor)
        at sun.misc.Unsafe.park(Native Method)
        at java.util.concurrent.locks.LockSupport.park(LockSupport.java:175)
        at java.util.concurrent.locks.AbstractQueuedSynchronizer$ConditionObject.await(AbstractQueuedSynchronizer.java:2039)
        at java.util.concurrent.ArrayBlockingQueue.take(ArrayBlockingQueue.java:403)
        at java.util.concurrent.ThreadPoolExecutor.getTask(ThreadPoolExecutor.java:1074)
        at java.util.concurrent.ThreadPoolExecutor.runWorker(ThreadPoolExecutor.java:1134)
        at java.util.concurrent.ThreadPoolExecutor$Worker.run(ThreadPoolExecutor.java:624)
        at java.lang.Thread.run(Thread.java:748)
"pool-46-thread-50"  prio=5 tid=484 in Object.wait()
java.lang.Thread.State: WAITING (on object monitor)
        at sun.misc.Unsafe.park(Native Method)
        at java.util.concurrent.locks.LockSupport.park(LockSupport.java:175)
        at java.util.concurrent.locks.AbstractQueuedSynchronizer$ConditionObject.await(AbstractQueuedSynchronizer.java:2039)
        at java.util.concurrent.ArrayBlockingQueue.take(ArrayBlockingQueue.java:403)
        at java.util.concurrent.ThreadPoolExecutor.getTask(ThreadPoolExecutor.java:1074)
        at java.util.concurrent.ThreadPoolExecutor.runWorker(ThreadPoolExecutor.java:1134)
        at java.util.concurrent.ThreadPoolExecutor$Worker.run(ThreadPoolExecutor.java:624)
        at java.lang.Thread.run(Thread.java:748)
"3d3aac8b-d4d1-454d-bf0c-88a180692893@group-D06B23CFB148-SegmentedRaftLogWorker"  prio=5 tid=762 timed_waiting
java.lang.Thread.State: TIMED_WAITING
        at sun.misc.Unsafe.park(Native Method)
        at java.util.concurrent.locks.LockSupport.parkNanos(LockSupport.java:215)
        at java.util.concurrent.locks.AbstractQueuedSynchronizer$ConditionObject.awaitNanos(AbstractQueuedSynchronizer.java:2078)
        at org.apache.ratis.util.DataBlockingQueue.poll(DataBlockingQueue.java:137)
        at org.apache.ratis.server.raftlog.segmented.SegmentedRaftLogWorker.run(SegmentedRaftLogWorker.java:282)
        at java.lang.Thread.run(Thread.java:748)
"3d3aac8b-d4d1-454d-bf0c-88a180692893@group-D06B23CFB148-StateMachineUpdater" daemon prio=5 tid=763 in Object.wait()
java.lang.Thread.State: WAITING (on object monitor)
        at java.lang.Object.wait(Native Method)
        at java.lang.Object.wait(Object.java:502)
        at org.apache.ratis.server.impl.StateMachineUpdater.waitForCommit(StateMachineUpdater.java:194)
        at org.apache.ratis.server.impl.StateMachineUpdater.run(StateMachineUpdater.java:159)
        at java.lang.Thread.run(Thread.java:748)
"pool-46-thread-54"  prio=5 tid=488 in Object.wait()
java.lang.Thread.State: WAITING (on object monitor)
        at sun.misc.Unsafe.park(Native Method)
        at java.util.concurrent.locks.LockSupport.park(LockSupport.java:175)
        at java.util.concurrent.locks.AbstractQueuedSynchronizer$ConditionObject.await(AbstractQueuedSynchronizer.java:2039)
        at java.util.concurrent.ArrayBlockingQueue.take(ArrayBlockingQueue.java:403)
        at java.util.concurrent.ThreadPoolExecutor.getTask(ThreadPoolExecutor.java:1074)
        at java.util.concurrent.ThreadPoolExecutor.runWorker(ThreadPoolExecutor.java:1134)
        at java.util.concurrent.ThreadPoolExecutor$Worker.run(ThreadPoolExecutor.java:624)
        at java.lang.Thread.run(Thread.java:748)
"metrics-hadoop-metrics2-reporter-41-thread-1" daemon prio=5 tid=825 timed_waiting
java.lang.Thread.State: TIMED_WAITING
        at sun.misc.Unsafe.park(Native Method)
        at java.util.concurrent.locks.LockSupport.parkNanos(LockSupport.java:215)
        at java.util.concurrent.locks.AbstractQueuedSynchronizer$ConditionObject.awaitNanos(AbstractQueuedSynchronizer.java:2078)
        at java.util.concurrent.ScheduledThreadPoolExecutor$DelayedWorkQueue.take(ScheduledThreadPoolExecutor.java:1093)
        at java.util.concurrent.ScheduledThreadPoolExecutor$DelayedWorkQueue.take(ScheduledThreadPoolExecutor.java:809)
        at java.util.concurrent.ThreadPoolExecutor.getTask(ThreadPoolExecutor.java:1074)
        at java.util.concurrent.ThreadPoolExecutor.runWorker(ThreadPoolExecutor.java:1134)
        at java.util.concurrent.ThreadPoolExecutor$Worker.run(ThreadPoolExecutor.java:624)
        at java.lang.Thread.run(Thread.java:748)
"BlockDeletingService#0" daemon prio=5 tid=624 timed_waiting
java.lang.Thread.State: TIMED_WAITING
        at sun.misc.Unsafe.park(Native Method)
        at java.util.concurrent.locks.LockSupport.parkNanos(LockSupport.java:215)
        at java.util.concurrent.locks.AbstractQueuedSynchronizer$ConditionObject.awaitNanos(AbstractQueuedSynchronizer.java:2078)
        at java.util.concurrent.ScheduledThreadPoolExecutor$DelayedWorkQueue.take(ScheduledThreadPoolExecutor.java:1093)
        at java.util.concurrent.ScheduledThreadPoolExecutor$DelayedWorkQueue.take(ScheduledThreadPoolExecutor.java:809)
        at java.util.concurrent.ThreadPoolExecutor.getTask(ThreadPoolExecutor.java:1074)
        at java.util.concurrent.ThreadPoolExecutor.runWorker(ThreadPoolExecutor.java:1134)
        at java.util.concurrent.ThreadPoolExecutor$Worker.run(ThreadPoolExecutor.java:624)
        at java.lang.Thread.run(Thread.java:748)
"pool-56-thread-19"  prio=5 tid=517 in Object.wait()
java.lang.Thread.State: WAITING (on object monitor)
        at sun.misc.Unsafe.park(Native Method)
        at java.util.concurrent.locks.LockSupport.park(LockSupport.java:175)
        at java.util.concurrent.locks.AbstractQueuedSynchronizer$ConditionObject.await(AbstractQueuedSynchronizer.java:2039)
        at java.util.concurrent.ArrayBlockingQueue.take(ArrayBlockingQueue.java:403)
        at java.util.concurrent.ThreadPoolExecutor.getTask(ThreadPoolExecutor.java:1074)
        at java.util.concurrent.ThreadPoolExecutor.runWorker(ThreadPoolExecutor.java:1134)
        at java.util.concurrent.ThreadPoolExecutor$Worker.run(ThreadPoolExecutor.java:624)
        at java.lang.Thread.run(Thread.java:748)
"grpc-default-executor-3" daemon prio=5 tid=805 timed_waiting
java.lang.Thread.State: TIMED_WAITING
        at sun.misc.Unsafe.park(Native Method)
        at java.util.concurrent.locks.LockSupport.parkNanos(LockSupport.java:215)
        at java.util.concurrent.SynchronousQueue$TransferStack.awaitFulfill(SynchronousQueue.java:460)
        at java.util.concurrent.SynchronousQueue$TransferStack.transfer(SynchronousQueue.java:362)
        at java.util.concurrent.SynchronousQueue.poll(SynchronousQueue.java:941)
        at java.util.concurrent.ThreadPoolExecutor.getTask(ThreadPoolExecutor.java:1073)
        at java.util.concurrent.ThreadPoolExecutor.runWorker(ThreadPoolExecutor.java:1134)
        at java.util.concurrent.ThreadPoolExecutor$Worker.run(ThreadPoolExecutor.java:624)
        at java.lang.Thread.run(Thread.java:748)
"pool-34-thread-1" daemon prio=5 tid=184 timed_waiting
java.lang.Thread.State: TIMED_WAITING
        at sun.misc.Unsafe.park(Native Method)
        at java.util.concurrent.locks.LockSupport.parkNanos(LockSupport.java:215)
        at java.util.concurrent.locks.AbstractQueuedSynchronizer$ConditionObject.awaitNanos(AbstractQueuedSynchronizer.java:2078)
        at java.util.concurrent.ScheduledThreadPoolExecutor$DelayedWorkQueue.take(ScheduledThreadPoolExecutor.java:1093)
        at java.util.concurrent.ScheduledThreadPoolExecutor$DelayedWorkQueue.take(ScheduledThreadPoolExecutor.java:809)
        at java.util.concurrent.ThreadPoolExecutor.getTask(ThreadPoolExecutor.java:1074)
        at java.util.concurrent.ThreadPoolExecutor.runWorker(ThreadPoolExecutor.java:1134)
        at java.util.concurrent.ThreadPoolExecutor$Worker.run(ThreadPoolExecutor.java:624)
        at java.lang.Thread.run(Thread.java:748)
"pool-76-thread-23"  prio=5 tid=648 in Object.wait()
java.lang.Thread.State: WAITING (on object monitor)
        at sun.misc.Unsafe.park(Native Method)
        at java.util.concurrent.locks.LockSupport.park(LockSupport.java:175)
        at java.util.concurrent.locks.AbstractQueuedSynchronizer$ConditionObject.await(AbstractQueuedSynchronizer.java:2039)
        at java.util.concurrent.ArrayBlockingQueue.take(ArrayBlockingQueue.java:403)
        at java.util.concurrent.ThreadPoolExecutor.getTask(ThreadPoolExecutor.java:1074)
        at java.util.concurrent.ThreadPoolExecutor.runWorker(ThreadPoolExecutor.java:1134)
        at java.util.concurrent.ThreadPoolExecutor$Worker.run(ThreadPoolExecutor.java:624)
        at java.lang.Thread.run(Thread.java:748)
"IPC Server handler 12 on 41091" daemon prio=5 tid=128 timed_waiting
java.lang.Thread.State: TIMED_WAITING
        at sun.misc.Unsafe.park(Native Method)
        at java.util.concurrent.locks.LockSupport.parkNanos(LockSupport.java:215)
        at java.util.concurrent.locks.AbstractQueuedSynchronizer$ConditionObject.awaitNanos(AbstractQueuedSynchronizer.java:2078)
        at java.util.concurrent.LinkedBlockingQueue.poll(LinkedBlockingQueue.java:467)
        at org.apache.hadoop.ipc.CallQueueManager.take(CallQueueManager.java:288)
        at org.apache.hadoop.ipc.Server$Handler.run(Server.java:2668)
"pool-46-thread-6"  prio=5 tid=440 in Object.wait()
java.lang.Thread.State: WAITING (on object monitor)
        at sun.misc.Unsafe.park(Native Method)
        at java.util.concurrent.locks.LockSupport.park(LockSupport.java:175)
        at java.util.concurrent.locks.AbstractQueuedSynchronizer$ConditionObject.await(AbstractQueuedSynchronizer.java:2039)
        at java.util.concurrent.ArrayBlockingQueue.take(ArrayBlockingQueue.java:403)
        at java.util.concurrent.ThreadPoolExecutor.getTask(ThreadPoolExecutor.java:1074)
        at java.util.concurrent.ThreadPoolExecutor.runWorker(ThreadPoolExecutor.java:1134)
        at java.util.concurrent.ThreadPoolExecutor$Worker.run(ThreadPoolExecutor.java:624)
        at java.lang.Thread.run(Thread.java:748)
"pool-76-thread-36"  prio=5 tid=661 in Object.wait()
java.lang.Thread.State: WAITING (on object monitor)
        at sun.misc.Unsafe.park(Native Method)
        at java.util.concurrent.locks.LockSupport.park(LockSupport.java:175)
        at java.util.concurrent.locks.AbstractQueuedSynchronizer$ConditionObject.await(AbstractQueuedSynchronizer.java:2039)
        at java.util.concurrent.ArrayBlockingQueue.take(ArrayBlockingQueue.java:403)
        at java.util.concurrent.ThreadPoolExecutor.getTask(ThreadPoolExecutor.java:1074)
        at java.util.concurrent.ThreadPoolExecutor.runWorker(ThreadPoolExecutor.java:1134)
        at java.util.concurrent.ThreadPoolExecutor$Worker.run(ThreadPoolExecutor.java:624)
        at java.lang.Thread.run(Thread.java:748)
"pool-56-thread-48"  prio=5 tid=549 in Object.wait()
java.lang.Thread.State: WAITING (on object monitor)
        at sun.misc.Unsafe.park(Native Method)
        at java.util.concurrent.locks.LockSupport.park(LockSupport.java:175)
        at java.util.concurrent.locks.AbstractQueuedSynchronizer$ConditionObject.await(AbstractQueuedSynchronizer.java:2039)
        at java.util.concurrent.ArrayBlockingQueue.take(ArrayBlockingQueue.java:403)
        at java.util.concurrent.ThreadPoolExecutor.getTask(ThreadPoolExecutor.java:1074)
        at java.util.concurrent.ThreadPoolExecutor.runWorker(ThreadPoolExecutor.java:1134)
        at java.util.concurrent.ThreadPoolExecutor$Worker.run(ThreadPoolExecutor.java:624)
        at java.lang.Thread.run(Thread.java:748)
"Datanode ReportManager Thread - 2" daemon prio=5 tid=228 in Object.wait()
java.lang.Thread.State: WAITING (on object monitor)
        at sun.misc.Unsafe.park(Native Method)
        at java.util.concurrent.locks.LockSupport.park(LockSupport.java:175)
        at java.util.concurrent.locks.AbstractQueuedSynchronizer$ConditionObject.await(AbstractQueuedSynchronizer.java:2039)
        at java.util.concurrent.ScheduledThreadPoolExecutor$DelayedWorkQueue.take(ScheduledThreadPoolExecutor.java:1088)
        at java.util.concurrent.ScheduledThreadPoolExecutor$DelayedWorkQueue.take(ScheduledThreadPoolExecutor.java:809)
        at java.util.concurrent.ThreadPoolExecutor.getTask(ThreadPoolExecutor.java:1074)
        at java.util.concurrent.ThreadPoolExecutor.runWorker(ThreadPoolExecutor.java:1134)
        at java.util.concurrent.ThreadPoolExecutor$Worker.run(ThreadPoolExecutor.java:624)
        at java.lang.Thread.run(Thread.java:748)
"Datanode ReportManager Thread - 1" daemon prio=5 tid=308 timed_waiting
java.lang.Thread.State: TIMED_WAITING
        at sun.misc.Unsafe.park(Native Method)
        at java.util.concurrent.locks.LockSupport.parkNanos(LockSupport.java:215)
        at java.util.concurrent.locks.AbstractQueuedSynchronizer$ConditionObject.awaitNanos(AbstractQueuedSynchronizer.java:2078)
        at java.util.concurrent.ScheduledThreadPoolExecutor$DelayedWorkQueue.take(ScheduledThreadPoolExecutor.java:1093)
        at java.util.concurrent.ScheduledThreadPoolExecutor$DelayedWorkQueue.take(ScheduledThreadPoolExecutor.java:809)
        at java.util.concurrent.ThreadPoolExecutor.getTask(ThreadPoolExecutor.java:1074)
        at java.util.concurrent.ThreadPoolExecutor.runWorker(ThreadPoolExecutor.java:1134)
        at java.util.concurrent.ThreadPoolExecutor$Worker.run(ThreadPoolExecutor.java:624)
        at java.lang.Thread.run(Thread.java:748)
"metrics-hadoop-metrics2-reporter-15-thread-1" daemon prio=5 tid=737 timed_waiting
java.lang.Thread.State: TIMED_WAITING
        at sun.misc.Unsafe.park(Native Method)
        at java.util.concurrent.locks.LockSupport.parkNanos(LockSupport.java:215)
        at java.util.concurrent.locks.AbstractQueuedSynchronizer$ConditionObject.awaitNanos(AbstractQueuedSynchronizer.java:2078)
        at java.util.concurrent.ScheduledThreadPoolExecutor$DelayedWorkQueue.take(ScheduledThreadPoolExecutor.java:1093)
        at java.util.concurrent.ScheduledThreadPoolExecutor$DelayedWorkQueue.take(ScheduledThreadPoolExecutor.java:809)
        at java.util.concurrent.ThreadPoolExecutor.getTask(ThreadPoolExecutor.java:1074)
        at java.util.concurrent.ThreadPoolExecutor.runWorker(ThreadPoolExecutor.java:1134)
        at java.util.concurrent.ThreadPoolExecutor$Worker.run(ThreadPoolExecutor.java:624)
        at java.lang.Thread.run(Thread.java:748)
"qtp693544819-248" daemon prio=5 tid=248 timed_waiting
java.lang.Thread.State: TIMED_WAITING
        at sun.misc.Unsafe.park(Native Method)
        at java.util.concurrent.locks.LockSupport.parkNanos(LockSupport.java:215)
        at java.util.concurrent.locks.AbstractQueuedSynchronizer$ConditionObject.awaitNanos(AbstractQueuedSynchronizer.java:2078)
        at org.eclipse.jetty.util.BlockingArrayQueue.poll(BlockingArrayQueue.java:392)
        at org.eclipse.jetty.util.thread.QueuedThreadPool.idleJobPoll(QueuedThreadPool.java:563)
        at org.eclipse.jetty.util.thread.QueuedThreadPool.access$800(QueuedThreadPool.java:48)
        at org.eclipse.jetty.util.thread.QueuedThreadPool$2.run(QueuedThreadPool.java:626)
        at java.lang.Thread.run(Thread.java:748)
"pool-46-thread-35"  prio=5 tid=469 in Object.wait()
java.lang.Thread.State: WAITING (on object monitor)
        at sun.misc.Unsafe.park(Native Method)
        at java.util.concurrent.locks.LockSupport.park(LockSupport.java:175)
        at java.util.concurrent.locks.AbstractQueuedSynchronizer$ConditionObject.await(AbstractQueuedSynchronizer.java:2039)
        at java.util.concurrent.ArrayBlockingQueue.take(ArrayBlockingQueue.java:403)
        at java.util.concurrent.ThreadPoolExecutor.getTask(ThreadPoolExecutor.java:1074)
        at java.util.concurrent.ThreadPoolExecutor.runWorker(ThreadPoolExecutor.java:1134)
        at java.util.concurrent.ThreadPoolExecutor$Worker.run(ThreadPoolExecutor.java:624)
        at java.lang.Thread.run(Thread.java:748)
"qtp441384075-138-acceptor-0@21c0b5f4-ServerConnector@10e93f0c{HTTP/1.1,[http/1.1]}{0.0.0.0:46110}" daemon prio=3 tid=138 runnable
java.lang.Thread.State: RUNNABLE
        at sun.nio.ch.ServerSocketChannelImpl.accept0(Native Method)
        at sun.nio.ch.ServerSocketChannelImpl.accept(ServerSocketChannelImpl.java:422)
        at sun.nio.ch.ServerSocketChannelImpl.accept(ServerSocketChannelImpl.java:250)
        at org.eclipse.jetty.server.ServerConnector.accept(ServerConnector.java:397)
        at org.eclipse.jetty.server.AbstractConnector$Acceptor.run(AbstractConnector.java:601)
        at org.eclipse.jetty.util.thread.QueuedThreadPool.runJob(QueuedThreadPool.java:671)
        at org.eclipse.jetty.util.thread.QueuedThreadPool$2.run(QueuedThreadPool.java:589)
        at java.lang.Thread.run(Thread.java:748)
"pool-26-thread-40"  prio=5 tid=394 in Object.wait()
java.lang.Thread.State: WAITING (on object monitor)
        at sun.misc.Unsafe.park(Native Method)
        at java.util.concurrent.locks.LockSupport.park(LockSupport.java:175)
        at java.util.concurrent.locks.AbstractQueuedSynchronizer$ConditionObject.await(AbstractQueuedSynchronizer.java:2039)
        at java.util.concurrent.ArrayBlockingQueue.take(ArrayBlockingQueue.java:403)
        at java.util.concurrent.ThreadPoolExecutor.getTask(ThreadPoolExecutor.java:1074)
        at java.util.concurrent.ThreadPoolExecutor.runWorker(ThreadPoolExecutor.java:1134)
        at java.util.concurrent.ThreadPoolExecutor$Worker.run(ThreadPoolExecutor.java:624)
        at java.lang.Thread.run(Thread.java:748)
"pool-36-thread-18"  prio=5 tid=351 in Object.wait()
java.lang.Thread.State: WAITING (on object monitor)
        at sun.misc.Unsafe.park(Native Method)
        at java.util.concurrent.locks.LockSupport.park(LockSupport.java:175)
        at java.util.concurrent.locks.AbstractQueuedSynchronizer$ConditionObject.await(AbstractQueuedSynchronizer.java:2039)
        at java.util.concurrent.ArrayBlockingQueue.take(ArrayBlockingQueue.java:403)
        at java.util.concurrent.ThreadPoolExecutor.getTask(ThreadPoolExecutor.java:1074)
        at java.util.concurrent.ThreadPoolExecutor.runWorker(ThreadPoolExecutor.java:1134)
        at java.util.concurrent.ThreadPoolExecutor$Worker.run(ThreadPoolExecutor.java:624)
        at java.lang.Thread.run(Thread.java:748)
"pool-36-thread-17"  prio=5 tid=349 in Object.wait()
java.lang.Thread.State: WAITING (on object monitor)
        at sun.misc.Unsafe.park(Native Method)
        at java.util.concurrent.locks.LockSupport.park(LockSupport.java:175)
        at java.util.concurrent.locks.AbstractQueuedSynchronizer$ConditionObject.await(AbstractQueuedSynchronizer.java:2039)
        at java.util.concurrent.ArrayBlockingQueue.take(ArrayBlockingQueue.java:403)
        at java.util.concurrent.ThreadPoolExecutor.getTask(ThreadPoolExecutor.java:1074)
        at java.util.concurrent.ThreadPoolExecutor.runWorker(ThreadPoolExecutor.java:1134)
        at java.util.concurrent.ThreadPoolExecutor$Worker.run(ThreadPoolExecutor.java:624)
        at java.lang.Thread.run(Thread.java:748)
"pool-76-thread-50"  prio=5 tid=675 in Object.wait()
java.lang.Thread.State: WAITING (on object monitor)
        at sun.misc.Unsafe.park(Native Method)
        at java.util.concurrent.locks.LockSupport.park(LockSupport.java:175)
        at java.util.concurrent.locks.AbstractQueuedSynchronizer$ConditionObject.await(AbstractQueuedSynchronizer.java:2039)
        at java.util.concurrent.ArrayBlockingQueue.take(ArrayBlockingQueue.java:403)
        at java.util.concurrent.ThreadPoolExecutor.getTask(ThreadPoolExecutor.java:1074)
        at java.util.concurrent.ThreadPoolExecutor.runWorker(ThreadPoolExecutor.java:1134)
        at java.util.concurrent.ThreadPoolExecutor$Worker.run(ThreadPoolExecutor.java:624)
        at java.lang.Thread.run(Thread.java:748)
"Thread-252" daemon prio=5 tid=770 timed_waiting
java.lang.Thread.State: TIMED_WAITING
        at sun.misc.Unsafe.park(Native Method)
        at java.util.concurrent.locks.LockSupport.parkNanos(LockSupport.java:215)
        at java.util.concurrent.locks.AbstractQueuedSynchronizer$ConditionObject.awaitNanos(AbstractQueuedSynchronizer.java:2078)
        at java.util.concurrent.ArrayBlockingQueue.poll(ArrayBlockingQueue.java:418)
        at org.apache.ratis.server.impl.LeaderState$EventQueue.poll(LeaderState.java:115)
        at org.apache.ratis.server.impl.LeaderState$EventProcessor.run(LeaderState.java:467)
"metrics-hadoop-metrics2-reporter-70-thread-1" daemon prio=5 tid=966 timed_waiting
java.lang.Thread.State: TIMED_WAITING
        at sun.misc.Unsafe.park(Native Method)
        at java.util.concurrent.locks.LockSupport.parkNanos(LockSupport.java:215)
        at java.util.concurrent.locks.AbstractQueuedSynchronizer$ConditionObject.awaitNanos(AbstractQueuedSynchronizer.java:2078)
        at java.util.concurrent.ScheduledThreadPoolExecutor$DelayedWorkQueue.take(ScheduledThreadPoolExecutor.java:1093)
        at java.util.concurrent.ScheduledThreadPoolExecutor$DelayedWorkQueue.take(ScheduledThreadPoolExecutor.java:809)
        at java.util.concurrent.ThreadPoolExecutor.getTask(ThreadPoolExecutor.java:1074)
        at java.util.concurrent.ThreadPoolExecutor.runWorker(ThreadPoolExecutor.java:1134)
        at java.util.concurrent.ThreadPoolExecutor$Worker.run(ThreadPoolExecutor.java:624)
        at java.lang.Thread.run(Thread.java:748)
"pool-36-thread-55"  prio=5 tid=422 in Object.wait()
java.lang.Thread.State: WAITING (on object monitor)
        at sun.misc.Unsafe.park(Native Method)
        at java.util.concurrent.locks.LockSupport.park(LockSupport.java:175)
        at java.util.concurrent.locks.AbstractQueuedSynchronizer$ConditionObject.await(AbstractQueuedSynchronizer.java:2039)
        at java.util.concurrent.ArrayBlockingQueue.take(ArrayBlockingQueue.java:403)
        at java.util.concurrent.ThreadPoolExecutor.getTask(ThreadPoolExecutor.java:1074)
        at java.util.concurrent.ThreadPoolExecutor.runWorker(ThreadPoolExecutor.java:1134)
        at java.util.concurrent.ThreadPoolExecutor$Worker.run(ThreadPoolExecutor.java:624)
        at java.lang.Thread.run(Thread.java:748)
"pool-26-thread-26"  prio=5 tid=366 in Object.wait()
java.lang.Thread.State: WAITING (on object monitor)
        at sun.misc.Unsafe.park(Native Method)
        at java.util.concurrent.locks.LockSupport.park(LockSupport.java:175)
        at java.util.concurrent.locks.AbstractQueuedSynchronizer$ConditionObject.await(AbstractQueuedSynchronizer.java:2039)
        at java.util.concurrent.ArrayBlockingQueue.take(ArrayBlockingQueue.java:403)
        at java.util.concurrent.ThreadPoolExecutor.getTask(ThreadPoolExecutor.java:1074)
        at java.util.concurrent.ThreadPoolExecutor.runWorker(ThreadPoolExecutor.java:1134)
        at java.util.concurrent.ThreadPoolExecutor$Worker.run(ThreadPoolExecutor.java:624)
        at java.lang.Thread.run(Thread.java:748)
"metrics-hadoop-metrics2-reporter-46-thread-1" daemon prio=5 tid=860 timed_waiting
java.lang.Thread.State: TIMED_WAITING
        at sun.misc.Unsafe.park(Native Method)
        at java.util.concurrent.locks.LockSupport.parkNanos(LockSupport.java:215)
        at java.util.concurrent.locks.AbstractQueuedSynchronizer$ConditionObject.awaitNanos(AbstractQueuedSynchronizer.java:2078)
        at java.util.concurrent.ScheduledThreadPoolExecutor$DelayedWorkQueue.take(ScheduledThreadPoolExecutor.java:1093)
        at java.util.concurrent.ScheduledThreadPoolExecutor$DelayedWorkQueue.take(ScheduledThreadPoolExecutor.java:809)
        at java.util.concurrent.ThreadPoolExecutor.getTask(ThreadPoolExecutor.java:1074)
        at java.util.concurrent.ThreadPoolExecutor.runWorker(ThreadPoolExecutor.java:1134)
        at java.util.concurrent.ThreadPoolExecutor$Worker.run(ThreadPoolExecutor.java:624)
        at java.lang.Thread.run(Thread.java:748)
"qtp92143380-273" daemon prio=5 tid=273 timed_waiting
java.lang.Thread.State: TIMED_WAITING
        at sun.misc.Unsafe.park(Native Method)
        at java.util.concurrent.locks.LockSupport.parkNanos(LockSupport.java:215)
        at java.util.concurrent.locks.AbstractQueuedSynchronizer$ConditionObject.awaitNanos(AbstractQueuedSynchronizer.java:2078)
        at org.eclipse.jetty.util.BlockingArrayQueue.poll(BlockingArrayQueue.java:392)
        at org.eclipse.jetty.util.thread.QueuedThreadPool.idleJobPoll(QueuedThreadPool.java:563)
        at org.eclipse.jetty.util.thread.QueuedThreadPool.access$800(QueuedThreadPool.java:48)
        at org.eclipse.jetty.util.thread.QueuedThreadPool$2.run(QueuedThreadPool.java:626)
        at java.lang.Thread.run(Thread.java:748)
"IPC Server handler 19 on 41091" daemon prio=5 tid=135 timed_waiting
java.lang.Thread.State: TIMED_WAITING
        at sun.misc.Unsafe.park(Native Method)
        at java.util.concurrent.locks.LockSupport.parkNanos(LockSupport.java:215)
        at java.util.concurrent.locks.AbstractQueuedSynchronizer$ConditionObject.awaitNanos(AbstractQueuedSynchronizer.java:2078)
        at java.util.concurrent.LinkedBlockingQueue.poll(LinkedBlockingQueue.java:467)
        at org.apache.hadoop.ipc.CallQueueManager.take(CallQueueManager.java:288)
        at org.apache.hadoop.ipc.Server$Handler.run(Server.java:2668)
"metrics-hadoop-metrics2-reporter-64-thread-1" daemon prio=5 tid=950 timed_waiting
java.lang.Thread.State: TIMED_WAITING
        at sun.misc.Unsafe.park(Native Method)
        at java.util.concurrent.locks.LockSupport.parkNanos(LockSupport.java:215)
        at java.util.concurrent.locks.AbstractQueuedSynchronizer$ConditionObject.awaitNanos(AbstractQueuedSynchronizer.java:2078)
        at java.util.concurrent.ScheduledThreadPoolExecutor$DelayedWorkQueue.take(ScheduledThreadPoolExecutor.java:1093)
        at java.util.concurrent.ScheduledThreadPoolExecutor$DelayedWorkQueue.take(ScheduledThreadPoolExecutor.java:809)
        at java.util.concurrent.ThreadPoolExecutor.getTask(ThreadPoolExecutor.java:1074)
        at java.util.concurrent.ThreadPoolExecutor.runWorker(ThreadPoolExecutor.java:1134)
        at java.util.concurrent.ThreadPoolExecutor$Worker.run(ThreadPoolExecutor.java:624)
        at java.lang.Thread.run(Thread.java:748)
"pool-26-thread-11"  prio=5 tid=334 in Object.wait()
java.lang.Thread.State: WAITING (on object monitor)
        at sun.misc.Unsafe.park(Native Method)
        at java.util.concurrent.locks.LockSupport.park(LockSupport.java:175)
        at java.util.concurrent.locks.AbstractQueuedSynchronizer$ConditionObject.await(AbstractQueuedSynchronizer.java:2039)
        at java.util.concurrent.ArrayBlockingQueue.take(ArrayBlockingQueue.java:403)
        at java.util.concurrent.ThreadPoolExecutor.getTask(ThreadPoolExecutor.java:1074)
        at java.util.concurrent.ThreadPoolExecutor.runWorker(ThreadPoolExecutor.java:1134)
        at java.util.concurrent.ThreadPoolExecutor$Worker.run(ThreadPoolExecutor.java:624)
        at java.lang.Thread.run(Thread.java:748)
"pool-36-thread-52"  prio=5 tid=416 in Object.wait()
java.lang.Thread.State: WAITING (on object monitor)
        at sun.misc.Unsafe.park(Native Method)
        at java.util.concurrent.locks.LockSupport.park(LockSupport.java:175)
        at java.util.concurrent.locks.AbstractQueuedSynchronizer$ConditionObject.await(AbstractQueuedSynchronizer.java:2039)
        at java.util.concurrent.ArrayBlockingQueue.take(ArrayBlockingQueue.java:403)
        at java.util.concurrent.ThreadPoolExecutor.getTask(ThreadPoolExecutor.java:1074)
        at java.util.concurrent.ThreadPoolExecutor.runWorker(ThreadPoolExecutor.java:1134)
        at java.util.concurrent.ThreadPoolExecutor$Worker.run(ThreadPoolExecutor.java:624)
        at java.lang.Thread.run(Thread.java:748)
"qtp2116606463-216" daemon prio=5 tid=216 timed_waiting
java.lang.Thread.State: TIMED_WAITING
        at sun.misc.Unsafe.park(Native Method)
        at java.util.concurrent.locks.LockSupport.parkNanos(LockSupport.java:215)
        at java.util.concurrent.locks.AbstractQueuedSynchronizer$ConditionObject.awaitNanos(AbstractQueuedSynchronizer.java:2078)
        at org.eclipse.jetty.util.BlockingArrayQueue.poll(BlockingArrayQueue.java:392)
        at org.eclipse.jetty.util.thread.QueuedThreadPool.idleJobPoll(QueuedThreadPool.java:563)
        at org.eclipse.jetty.util.thread.QueuedThreadPool.access$800(QueuedThreadPool.java:48)
        at org.eclipse.jetty.util.thread.QueuedThreadPool$2.run(QueuedThreadPool.java:626)
        at java.lang.Thread.run(Thread.java:748)
"org.apache.hadoop.util.JvmPauseMonitor$Monitor@21559df0" daemon prio=5 tid=312 timed_waiting
java.lang.Thread.State: TIMED_WAITING
        at java.lang.Thread.sleep(Native Method)
        at org.apache.hadoop.util.JvmPauseMonitor$Monitor.run(JvmPauseMonitor.java:192)
        at java.lang.Thread.run(Thread.java:748)
"pool-46-thread-30"  prio=5 tid=464 in Object.wait()
java.lang.Thread.State: WAITING (on object monitor)
        at sun.misc.Unsafe.park(Native Method)
        at java.util.concurrent.locks.LockSupport.park(LockSupport.java:175)
        at java.util.concurrent.locks.AbstractQueuedSynchronizer$ConditionObject.await(AbstractQueuedSynchronizer.java:2039)
        at java.util.concurrent.ArrayBlockingQueue.take(ArrayBlockingQueue.java:403)
        at java.util.concurrent.ThreadPoolExecutor.getTask(ThreadPoolExecutor.java:1074)
        at java.util.concurrent.ThreadPoolExecutor.runWorker(ThreadPoolExecutor.java:1134)
        at java.util.concurrent.ThreadPoolExecutor$Worker.run(ThreadPoolExecutor.java:624)
        at java.lang.Thread.run(Thread.java:748)
"pool-56-thread-12"  prio=5 tid=510 in Object.wait()
java.lang.Thread.State: WAITING (on object monitor)
        at sun.misc.Unsafe.park(Native Method)
        at java.util.concurrent.locks.LockSupport.park(LockSupport.java:175)
        at java.util.concurrent.locks.AbstractQueuedSynchronizer$ConditionObject.await(AbstractQueuedSynchronizer.java:2039)
        at java.util.concurrent.ArrayBlockingQueue.take(ArrayBlockingQueue.java:403)
        at java.util.concurrent.ThreadPoolExecutor.getTask(ThreadPoolExecutor.java:1074)
        at java.util.concurrent.ThreadPoolExecutor.runWorker(ThreadPoolExecutor.java:1134)
        at java.util.concurrent.ThreadPoolExecutor$Worker.run(ThreadPoolExecutor.java:624)
        at java.lang.Thread.run(Thread.java:748)
"IPC Server handler 17 on 41091" daemon prio=5 tid=133 timed_waiting
java.lang.Thread.State: TIMED_WAITING
        at sun.misc.Unsafe.park(Native Method)
        at java.util.concurrent.locks.LockSupport.parkNanos(LockSupport.java:215)
        at java.util.concurrent.locks.AbstractQueuedSynchronizer$ConditionObject.awaitNanos(AbstractQueuedSynchronizer.java:2078)
        at java.util.concurrent.LinkedBlockingQueue.poll(LinkedBlockingQueue.java:467)
        at org.apache.hadoop.ipc.CallQueueManager.take(CallQueueManager.java:288)
        at org.apache.hadoop.ipc.Server$Handler.run(Server.java:2668)
"IPC Server handler 6 on 35347" daemon prio=5 tid=76 timed_waiting
java.lang.Thread.State: TIMED_WAITING
        at sun.misc.Unsafe.park(Native Method)
        at java.util.concurrent.locks.LockSupport.parkNanos(LockSupport.java:215)
        at java.util.concurrent.locks.AbstractQueuedSynchronizer$ConditionObject.awaitNanos(AbstractQueuedSynchronizer.java:2078)
        at java.util.concurrent.LinkedBlockingQueue.poll(LinkedBlockingQueue.java:467)
        at org.apache.hadoop.ipc.CallQueueManager.take(CallQueueManager.java:288)
        at org.apache.hadoop.ipc.Server$Handler.run(Server.java:2668)
"pool-76-thread-1"  prio=5 tid=626 in Object.wait()
java.lang.Thread.State: WAITING (on object monitor)
        at sun.misc.Unsafe.park(Native Method)
        at java.util.concurrent.locks.LockSupport.park(LockSupport.java:175)
        at java.util.concurrent.locks.AbstractQueuedSynchronizer$ConditionObject.await(AbstractQueuedSynchronizer.java:2039)
        at java.util.concurrent.ArrayBlockingQueue.take(ArrayBlockingQueue.java:403)
        at java.util.concurrent.ThreadPoolExecutor.getTask(ThreadPoolExecutor.java:1074)
        at java.util.concurrent.ThreadPoolExecutor.runWorker(ThreadPoolExecutor.java:1134)
        at java.util.concurrent.ThreadPoolExecutor$Worker.run(ThreadPoolExecutor.java:624)
        at java.lang.Thread.run(Thread.java:748)
"metrics-hadoop-metrics2-reporter-44-thread-1" daemon prio=5 tid=836 timed_waiting
java.lang.Thread.State: TIMED_WAITING
        at sun.misc.Unsafe.park(Native Method)
        at java.util.concurrent.locks.LockSupport.parkNanos(LockSupport.java:215)
        at java.util.concurrent.locks.AbstractQueuedSynchronizer$ConditionObject.awaitNanos(AbstractQueuedSynchronizer.java:2078)
        at java.util.concurrent.ScheduledThreadPoolExecutor$DelayedWorkQueue.take(ScheduledThreadPoolExecutor.java:1093)
        at java.util.concurrent.ScheduledThreadPoolExecutor$DelayedWorkQueue.take(ScheduledThreadPoolExecutor.java:809)
        at java.util.concurrent.ThreadPoolExecutor.getTask(ThreadPoolExecutor.java:1074)
        at java.util.concurrent.ThreadPoolExecutor.runWorker(ThreadPoolExecutor.java:1134)
        at java.util.concurrent.ThreadPoolExecutor$Worker.run(ThreadPoolExecutor.java:624)
        at java.lang.Thread.run(Thread.java:748)
"qtp689037899-302" daemon prio=5 tid=302 timed_waiting
java.lang.Thread.State: TIMED_WAITING
        at sun.misc.Unsafe.park(Native Method)
        at java.util.concurrent.locks.LockSupport.parkNanos(LockSupport.java:215)
        at java.util.concurrent.locks.AbstractQueuedSynchronizer$ConditionObject.awaitNanos(AbstractQueuedSynchronizer.java:2078)
        at org.eclipse.jetty.util.BlockingArrayQueue.poll(BlockingArrayQueue.java:392)
        at org.eclipse.jetty.util.thread.QueuedThreadPool.idleJobPoll(QueuedThreadPool.java:563)
        at org.eclipse.jetty.util.thread.QueuedThreadPool.access$800(QueuedThreadPool.java:48)
        at org.eclipse.jetty.util.thread.QueuedThreadPool$2.run(QueuedThreadPool.java:626)
        at java.lang.Thread.run(Thread.java:748)
"IPC Server Responder" daemon prio=5 tid=18 runnable
java.lang.Thread.State: RUNNABLE
        at sun.nio.ch.EPollArrayWrapper.epollWait(Native Method)
        at sun.nio.ch.EPollArrayWrapper.poll(EPollArrayWrapper.java:269)
        at sun.nio.ch.EPollSelectorImpl.doSelect(EPollSelectorImpl.java:93)
        at sun.nio.ch.SelectorImpl.lockAndDoSelect(SelectorImpl.java:86)
        at sun.nio.ch.SelectorImpl.select(SelectorImpl.java:97)
        at org.apache.hadoop.ipc.Server$Responder.doRunLoop(Server.java:1334)
        at org.apache.hadoop.ipc.Server$Responder.run(Server.java:1317)
"pool-76-thread-8"  prio=5 tid=633 in Object.wait()
java.lang.Thread.State: WAITING (on object monitor)
        at sun.misc.Unsafe.park(Native Method)
        at java.util.concurrent.locks.LockSupport.park(LockSupport.java:175)
        at java.util.concurrent.locks.AbstractQueuedSynchronizer$ConditionObject.await(AbstractQueuedSynchronizer.java:2039)
        at java.util.concurrent.ArrayBlockingQueue.take(ArrayBlockingQueue.java:403)
        at java.util.concurrent.ThreadPoolExecutor.getTask(ThreadPoolExecutor.java:1074)
        at java.util.concurrent.ThreadPoolExecutor.runWorker(ThreadPoolExecutor.java:1134)
        at java.util.concurrent.ThreadPoolExecutor$Worker.run(ThreadPoolExecutor.java:624)
        at java.lang.Thread.run(Thread.java:748)
"pool-56-thread-10"  prio=5 tid=508 in Object.wait()
java.lang.Thread.State: WAITING (on object monitor)
        at sun.misc.Unsafe.park(Native Method)
        at java.util.concurrent.locks.LockSupport.park(LockSupport.java:175)
        at java.util.concurrent.locks.AbstractQueuedSynchronizer$ConditionObject.await(AbstractQueuedSynchronizer.java:2039)
        at java.util.concurrent.ArrayBlockingQueue.take(ArrayBlockingQueue.java:403)
        at java.util.concurrent.ThreadPoolExecutor.getTask(ThreadPoolExecutor.java:1074)
        at java.util.concurrent.ThreadPoolExecutor.runWorker(ThreadPoolExecutor.java:1134)
        at java.util.concurrent.ThreadPoolExecutor$Worker.run(ThreadPoolExecutor.java:624)
        at java.lang.Thread.run(Thread.java:748)
"BlockDeletingService#0" daemon prio=5 tid=507 timed_waiting
java.lang.Thread.State: TIMED_WAITING
        at sun.misc.Unsafe.park(Native Method)
        at java.util.concurrent.locks.LockSupport.parkNanos(LockSupport.java:215)
        at java.util.concurrent.locks.AbstractQueuedSynchronizer$ConditionObject.awaitNanos(AbstractQueuedSynchronizer.java:2078)
        at java.util.concurrent.ScheduledThreadPoolExecutor$DelayedWorkQueue.take(ScheduledThreadPoolExecutor.java:1093)
        at java.util.concurrent.ScheduledThreadPoolExecutor$DelayedWorkQueue.take(ScheduledThreadPoolExecutor.java:809)
        at java.util.concurrent.ThreadPoolExecutor.getTask(ThreadPoolExecutor.java:1074)
        at java.util.concurrent.ThreadPoolExecutor.runWorker(ThreadPoolExecutor.java:1134)
        at java.util.concurrent.ThreadPoolExecutor$Worker.run(ThreadPoolExecutor.java:624)
        at java.lang.Thread.run(Thread.java:748)
"qtp64027122-162" daemon prio=5 tid=162 timed_waiting
java.lang.Thread.State: TIMED_WAITING
        at sun.misc.Unsafe.park(Native Method)
        at java.util.concurrent.locks.LockSupport.parkNanos(LockSupport.java:215)
        at java.util.concurrent.locks.AbstractQueuedSynchronizer$ConditionObject.awaitNanos(AbstractQueuedSynchronizer.java:2078)
        at org.eclipse.jetty.util.BlockingArrayQueue.poll(BlockingArrayQueue.java:392)
        at org.eclipse.jetty.util.thread.QueuedThreadPool.idleJobPoll(QueuedThreadPool.java:563)
        at org.eclipse.jetty.util.thread.QueuedThreadPool.access$800(QueuedThreadPool.java:48)
        at org.eclipse.jetty.util.thread.QueuedThreadPool$2.run(QueuedThreadPool.java:626)
        at java.lang.Thread.run(Thread.java:748)
"qtp92143380-271" daemon prio=5 tid=271 timed_waiting
java.lang.Thread.State: TIMED_WAITING
        at sun.misc.Unsafe.park(Native Method)
        at java.util.concurrent.locks.LockSupport.parkNanos(LockSupport.java:215)
        at java.util.concurrent.locks.AbstractQueuedSynchronizer$ConditionObject.awaitNanos(AbstractQueuedSynchronizer.java:2078)
        at org.eclipse.jetty.util.BlockingArrayQueue.poll(BlockingArrayQueue.java:392)
        at org.eclipse.jetty.util.thread.QueuedThreadPool.idleJobPoll(QueuedThreadPool.java:563)
        at org.eclipse.jetty.util.thread.QueuedThreadPool.access$800(QueuedThreadPool.java:48)
        at org.eclipse.jetty.util.thread.QueuedThreadPool$2.run(QueuedThreadPool.java:626)
        at java.lang.Thread.run(Thread.java:748)
"pool-66-thread-52"  prio=5 tid=615 in Object.wait()
java.lang.Thread.State: WAITING (on object monitor)
        at sun.misc.Unsafe.park(Native Method)
        at java.util.concurrent.locks.LockSupport.park(LockSupport.java:175)
        at java.util.concurrent.locks.AbstractQueuedSynchronizer$ConditionObject.await(AbstractQueuedSynchronizer.java:2039)
        at java.util.concurrent.ArrayBlockingQueue.take(ArrayBlockingQueue.java:403)
        at java.util.concurrent.ThreadPoolExecutor.getTask(ThreadPoolExecutor.java:1074)
        at java.util.concurrent.ThreadPoolExecutor.runWorker(ThreadPoolExecutor.java:1134)
        at java.util.concurrent.ThreadPoolExecutor$Worker.run(ThreadPoolExecutor.java:624)
        at java.lang.Thread.run(Thread.java:748)
"org.eclipse.jetty.server.session.HashSessionManager@14584401Timer" daemon prio=5 tid=304 timed_waiting
java.lang.Thread.State: TIMED_WAITING
        at sun.misc.Unsafe.park(Native Method)
        at java.util.concurrent.locks.LockSupport.parkNanos(LockSupport.java:215)
        at java.util.concurrent.locks.AbstractQueuedSynchronizer$ConditionObject.awaitNanos(AbstractQueuedSynchronizer.java:2078)
        at java.util.concurrent.ScheduledThreadPoolExecutor$DelayedWorkQueue.take(ScheduledThreadPoolExecutor.java:1093)
        at java.util.concurrent.ScheduledThreadPoolExecutor$DelayedWorkQueue.take(ScheduledThreadPoolExecutor.java:809)
        at java.util.concurrent.ThreadPoolExecutor.getTask(ThreadPoolExecutor.java:1074)
        at java.util.concurrent.ThreadPoolExecutor.runWorker(ThreadPoolExecutor.java:1134)
        at java.util.concurrent.ThreadPoolExecutor$Worker.run(ThreadPoolExecutor.java:624)
        at java.lang.Thread.run(Thread.java:748)
"pool-46-thread-32"  prio=5 tid=466 in Object.wait()
java.lang.Thread.State: WAITING (on object monitor)
        at sun.misc.Unsafe.park(Native Method)
        at java.util.concurrent.locks.LockSupport.park(LockSupport.java:175)
        at java.util.concurrent.locks.AbstractQueuedSynchronizer$ConditionObject.await(AbstractQueuedSynchronizer.java:2039)
        at java.util.concurrent.ArrayBlockingQueue.take(ArrayBlockingQueue.java:403)
        at java.util.concurrent.ThreadPoolExecutor.getTask(ThreadPoolExecutor.java:1074)
        at java.util.concurrent.ThreadPoolExecutor.runWorker(ThreadPoolExecutor.java:1134)
        at java.util.concurrent.ThreadPoolExecutor$Worker.run(ThreadPoolExecutor.java:624)
        at java.lang.Thread.run(Thread.java:748)
"Socket Reader #1 for port 33440"  prio=5 tid=20 runnable
java.lang.Thread.State: RUNNABLE
        at sun.nio.ch.EPollArrayWrapper.epollWait(Native Method)
        at sun.nio.ch.EPollArrayWrapper.poll(EPollArrayWrapper.java:269)
        at sun.nio.ch.EPollSelectorImpl.doSelect(EPollSelectorImpl.java:93)
        at sun.nio.ch.SelectorImpl.lockAndDoSelect(SelectorImpl.java:86)
        at sun.nio.ch.SelectorImpl.select(SelectorImpl.java:97)
        at sun.nio.ch.SelectorImpl.select(SelectorImpl.java:101)
        at org.apache.hadoop.ipc.Server$Listener$Reader.doRunLoop(Server.java:1097)
        at org.apache.hadoop.ipc.Server$Listener$Reader.run(Server.java:1076)
"pool-46-thread-19"  prio=5 tid=453 in Object.wait()
java.lang.Thread.State: WAITING (on object monitor)
        at sun.misc.Unsafe.park(Native Method)
        at java.util.concurrent.locks.LockSupport.park(LockSupport.java:175)
        at java.util.concurrent.locks.AbstractQueuedSynchronizer$ConditionObject.await(AbstractQueuedSynchronizer.java:2039)
        at java.util.concurrent.ArrayBlockingQueue.take(ArrayBlockingQueue.java:403)
        at java.util.concurrent.ThreadPoolExecutor.getTask(ThreadPoolExecutor.java:1074)
        at java.util.concurrent.ThreadPoolExecutor.runWorker(ThreadPoolExecutor.java:1134)
        at java.util.concurrent.ThreadPoolExecutor$Worker.run(ThreadPoolExecutor.java:624)
        at java.lang.Thread.run(Thread.java:748)
"metrics-hadoop-metrics2-reporter-8-thread-1" daemon prio=5 tid=720 timed_waiting
java.lang.Thread.State: TIMED_WAITING
        at sun.misc.Unsafe.park(Native Method)
        at java.util.concurrent.locks.LockSupport.parkNanos(LockSupport.java:215)
        at java.util.concurrent.locks.AbstractQueuedSynchronizer$ConditionObject.awaitNanos(AbstractQueuedSynchronizer.java:2078)
        at java.util.concurrent.ScheduledThreadPoolExecutor$DelayedWorkQueue.take(ScheduledThreadPoolExecutor.java:1093)
        at java.util.concurrent.ScheduledThreadPoolExecutor$DelayedWorkQueue.take(ScheduledThreadPoolExecutor.java:809)
        at java.util.concurrent.ThreadPoolExecutor.getTask(ThreadPoolExecutor.java:1074)
        at java.util.concurrent.ThreadPoolExecutor.runWorker(ThreadPoolExecutor.java:1134)
        at java.util.concurrent.ThreadPoolExecutor$Worker.run(ThreadPoolExecutor.java:624)
        at java.lang.Thread.run(Thread.java:748)
"IPC Server handler 8 on 35347" daemon prio=5 tid=78 timed_waiting
java.lang.Thread.State: TIMED_WAITING
        at sun.misc.Unsafe.park(Native Method)
        at java.util.concurrent.locks.LockSupport.parkNanos(LockSupport.java:215)
        at java.util.concurrent.locks.AbstractQueuedSynchronizer$ConditionObject.awaitNanos(AbstractQueuedSynchronizer.java:2078)
        at java.util.concurrent.LinkedBlockingQueue.poll(LinkedBlockingQueue.java:467)
        at org.apache.hadoop.ipc.CallQueueManager.take(CallQueueManager.java:288)
        at org.apache.hadoop.ipc.Server$Handler.run(Server.java:2668)
"qtp668854338-90" daemon prio=5 tid=90 runnable
java.lang.Thread.State: RUNNABLE
        at sun.nio.ch.EPollArrayWrapper.epollWait(Native Method)
        at sun.nio.ch.EPollArrayWrapper.poll(EPollArrayWrapper.java:269)
        at sun.nio.ch.EPollSelectorImpl.doSelect(EPollSelectorImpl.java:93)
        at sun.nio.ch.SelectorImpl.lockAndDoSelect(SelectorImpl.java:86)
        at sun.nio.ch.SelectorImpl.select(SelectorImpl.java:97)
        at sun.nio.ch.SelectorImpl.select(SelectorImpl.java:101)
        at org.eclipse.jetty.io.ManagedSelector$SelectorProducer.select(ManagedSelector.java:243)
        at org.eclipse.jetty.io.ManagedSelector$SelectorProducer.produce(ManagedSelector.java:191)
        at org.eclipse.jetty.util.thread.strategy.ExecuteProduceConsume.executeProduceConsume(ExecuteProduceConsume.java:249)
        at org.eclipse.jetty.util.thread.strategy.ExecuteProduceConsume.produceConsume(ExecuteProduceConsume.java:148)
        at org.eclipse.jetty.util.thread.strategy.ExecuteProduceConsume.execute(ExecuteProduceConsume.java:100)
        at org.eclipse.jetty.io.ManagedSelector.run(ManagedSelector.java:147)
        at org.eclipse.jetty.util.thread.QueuedThreadPool.runJob(QueuedThreadPool.java:671)
        at org.eclipse.jetty.util.thread.QueuedThreadPool$2.run(QueuedThreadPool.java:589)
        at java.lang.Thread.run(Thread.java:748)
"pool-46-thread-15"  prio=5 tid=449 in Object.wait()
java.lang.Thread.State: WAITING (on object monitor)
        at sun.misc.Unsafe.park(Native Method)
        at java.util.concurrent.locks.LockSupport.park(LockSupport.java:175)
        at java.util.concurrent.locks.AbstractQueuedSynchronizer$ConditionObject.await(AbstractQueuedSynchronizer.java:2039)
        at java.util.concurrent.ArrayBlockingQueue.take(ArrayBlockingQueue.java:403)
        at java.util.concurrent.ThreadPoolExecutor.getTask(ThreadPoolExecutor.java:1074)
        at java.util.concurrent.ThreadPoolExecutor.runWorker(ThreadPoolExecutor.java:1134)
        at java.util.concurrent.ThreadPoolExecutor$Worker.run(ThreadPoolExecutor.java:624)
        at java.lang.Thread.run(Thread.java:748)
"org.apache.hadoop.util.JvmPauseMonitor$Monitor@2c735634" daemon prio=5 tid=179 timed_waiting
java.lang.Thread.State: TIMED_WAITING
        at java.lang.Thread.sleep(Native Method)
        at org.apache.hadoop.util.JvmPauseMonitor$Monitor.run(JvmPauseMonitor.java:192)
        at java.lang.Thread.run(Thread.java:748)
"qtp441384075-143" daemon prio=5 tid=143 timed_waiting
java.lang.Thread.State: TIMED_WAITING
        at sun.misc.Unsafe.park(Native Method)
        at java.util.concurrent.locks.LockSupport.parkNanos(LockSupport.java:215)
        at java.util.concurrent.locks.AbstractQueuedSynchronizer$ConditionObject.awaitNanos(AbstractQueuedSynchronizer.java:2078)
        at org.eclipse.jetty.util.BlockingArrayQueue.poll(BlockingArrayQueue.java:392)
        at org.eclipse.jetty.util.thread.QueuedThreadPool.idleJobPoll(QueuedThreadPool.java:563)
        at org.eclipse.jetty.util.thread.QueuedThreadPool.access$800(QueuedThreadPool.java:48)
        at org.eclipse.jetty.util.thread.QueuedThreadPool$2.run(QueuedThreadPool.java:626)
        at java.lang.Thread.run(Thread.java:748)
"org.apache.hadoop.util.JvmPauseMonitor$Monitor@178455e6" daemon prio=5 tid=204 timed_waiting
java.lang.Thread.State: TIMED_WAITING
        at java.lang.Thread.sleep(Native Method)
        at org.apache.hadoop.util.JvmPauseMonitor$Monitor.run(JvmPauseMonitor.java:192)
        at java.lang.Thread.run(Thread.java:748)
"grpc-default-executor-4" daemon prio=5 tid=846 timed_waiting
java.lang.Thread.State: TIMED_WAITING
        at sun.misc.Unsafe.park(Native Method)
        at java.util.concurrent.locks.LockSupport.parkNanos(LockSupport.java:215)
        at java.util.concurrent.SynchronousQueue$TransferStack.awaitFulfill(SynchronousQueue.java:460)
        at java.util.concurrent.SynchronousQueue$TransferStack.transfer(SynchronousQueue.java:362)
        at java.util.concurrent.SynchronousQueue.poll(SynchronousQueue.java:941)
        at java.util.concurrent.ThreadPoolExecutor.getTask(ThreadPoolExecutor.java:1073)
        at java.util.concurrent.ThreadPoolExecutor.runWorker(ThreadPoolExecutor.java:1134)
        at java.util.concurrent.ThreadPoolExecutor$Worker.run(ThreadPoolExecutor.java:624)
        at java.lang.Thread.run(Thread.java:748)
"pool-60-thread-1"  prio=5 tid=240 timed_waiting
java.lang.Thread.State: TIMED_WAITING
        at sun.misc.Unsafe.park(Native Method)
        at java.util.concurrent.locks.LockSupport.parkNanos(LockSupport.java:215)
        at java.util.concurrent.locks.AbstractQueuedSynchronizer$ConditionObject.awaitNanos(AbstractQueuedSynchronizer.java:2078)
        at java.util.concurrent.ScheduledThreadPoolExecutor$DelayedWorkQueue.take(ScheduledThreadPoolExecutor.java:1093)
        at java.util.concurrent.ScheduledThreadPoolExecutor$DelayedWorkQueue.take(ScheduledThreadPoolExecutor.java:809)
        at java.util.concurrent.ThreadPoolExecutor.getTask(ThreadPoolExecutor.java:1074)
        at java.util.concurrent.ThreadPoolExecutor.runWorker(ThreadPoolExecutor.java:1134)
        at java.util.concurrent.ThreadPoolExecutor$Worker.run(ThreadPoolExecutor.java:624)
        at java.lang.Thread.run(Thread.java:748)
"metrics-hadoop-metrics2-reporter-1-thread-1" daemon prio=5 tid=703 timed_waiting
java.lang.Thread.State: TIMED_WAITING
        at sun.misc.Unsafe.park(Native Method)
        at java.util.concurrent.locks.LockSupport.parkNanos(LockSupport.java:215)
        at java.util.concurrent.locks.AbstractQueuedSynchronizer$ConditionObject.awaitNanos(AbstractQueuedSynchronizer.java:2078)
        at java.util.concurrent.ScheduledThreadPoolExecutor$DelayedWorkQueue.take(ScheduledThreadPoolExecutor.java:1093)
        at java.util.concurrent.ScheduledThreadPoolExecutor$DelayedWorkQueue.take(ScheduledThreadPoolExecutor.java:809)
        at java.util.concurrent.ThreadPoolExecutor.getTask(ThreadPoolExecutor.java:1074)
        at java.util.concurrent.ThreadPoolExecutor.runWorker(ThreadPoolExecutor.java:1134)
        at java.util.concurrent.ThreadPoolExecutor$Worker.run(ThreadPoolExecutor.java:624)
        at java.lang.Thread.run(Thread.java:748)
"EventQueue-PipelineReportForPipelineReportHandler" daemon prio=5 tid=693 in Object.wait()
java.lang.Thread.State: WAITING (on object monitor)
        at sun.misc.Unsafe.park(Native Method)
        at java.util.concurrent.locks.LockSupport.park(LockSupport.java:175)
        at java.util.concurrent.locks.AbstractQueuedSynchronizer$ConditionObject.await(AbstractQueuedSynchronizer.java:2039)
        at java.util.concurrent.LinkedBlockingQueue.take(LinkedBlockingQueue.java:442)
        at java.util.concurrent.ThreadPoolExecutor.getTask(ThreadPoolExecutor.java:1074)
        at java.util.concurrent.ThreadPoolExecutor.runWorker(ThreadPoolExecutor.java:1134)
        at java.util.concurrent.ThreadPoolExecutor$Worker.run(ThreadPoolExecutor.java:624)
        at java.lang.Thread.run(Thread.java:748)
"IPC Server handler 9 on 35347" daemon prio=5 tid=79 timed_waiting
java.lang.Thread.State: TIMED_WAITING
        at sun.misc.Unsafe.park(Native Method)
        at java.util.concurrent.locks.LockSupport.parkNanos(LockSupport.java:215)
        at java.util.concurrent.locks.AbstractQueuedSynchronizer$ConditionObject.awaitNanos(AbstractQueuedSynchronizer.java:2078)
        at java.util.concurrent.LinkedBlockingQueue.poll(LinkedBlockingQueue.java:467)
        at org.apache.hadoop.ipc.CallQueueManager.take(CallQueueManager.java:288)
        at org.apache.hadoop.ipc.Server$Handler.run(Server.java:2668)
"pool-26-thread-44"  prio=5 tid=402 in Object.wait()
java.lang.Thread.State: WAITING (on object monitor)
        at sun.misc.Unsafe.park(Native Method)
        at java.util.concurrent.locks.LockSupport.park(LockSupport.java:175)
        at java.util.concurrent.locks.AbstractQueuedSynchronizer$ConditionObject.await(AbstractQueuedSynchronizer.java:2039)
        at java.util.concurrent.ArrayBlockingQueue.take(ArrayBlockingQueue.java:403)
        at java.util.concurrent.ThreadPoolExecutor.getTask(ThreadPoolExecutor.java:1074)
        at java.util.concurrent.ThreadPoolExecutor.runWorker(ThreadPoolExecutor.java:1134)
        at java.util.concurrent.ThreadPoolExecutor$Worker.run(ThreadPoolExecutor.java:624)
        at java.lang.Thread.run(Thread.java:748)
"grpc-default-executor-6" daemon prio=5 tid=991 timed_waiting
java.lang.Thread.State: TIMED_WAITING
        at sun.misc.Unsafe.park(Native Method)
        at java.util.concurrent.locks.LockSupport.parkNanos(LockSupport.java:215)
        at java.util.concurrent.SynchronousQueue$TransferStack.awaitFulfill(SynchronousQueue.java:460)
        at java.util.concurrent.SynchronousQueue$TransferStack.transfer(SynchronousQueue.java:362)
        at java.util.concurrent.SynchronousQueue.poll(SynchronousQueue.java:941)
        at java.util.concurrent.ThreadPoolExecutor.getTask(ThreadPoolExecutor.java:1073)
        at java.util.concurrent.ThreadPoolExecutor.runWorker(ThreadPoolExecutor.java:1134)
        at java.util.concurrent.ThreadPoolExecutor$Worker.run(ThreadPoolExecutor.java:624)
        at java.lang.Thread.run(Thread.java:748)
"pool-66-thread-25"  prio=5 tid=588 in Object.wait()
java.lang.Thread.State: WAITING (on object monitor)
        at sun.misc.Unsafe.park(Native Method)
        at java.util.concurrent.locks.LockSupport.park(LockSupport.java:175)
        at java.util.concurrent.locks.AbstractQueuedSynchronizer$ConditionObject.await(AbstractQueuedSynchronizer.java:2039)
        at java.util.concurrent.ArrayBlockingQueue.take(ArrayBlockingQueue.java:403)
        at java.util.concurrent.ThreadPoolExecutor.getTask(ThreadPoolExecutor.java:1074)
        at java.util.concurrent.ThreadPoolExecutor.runWorker(ThreadPoolExecutor.java:1134)
        at java.util.concurrent.ThreadPoolExecutor$Worker.run(ThreadPoolExecutor.java:624)
        at java.lang.Thread.run(Thread.java:748)
"pool-26-thread-18"  prio=5 tid=348 in Object.wait()
java.lang.Thread.State: WAITING (on object monitor)
        at sun.misc.Unsafe.park(Native Method)
        at java.util.concurrent.locks.LockSupport.park(LockSupport.java:175)
        at java.util.concurrent.locks.AbstractQueuedSynchronizer$ConditionObject.await(AbstractQueuedSynchronizer.java:2039)
        at java.util.concurrent.ArrayBlockingQueue.take(ArrayBlockingQueue.java:403)
        at java.util.concurrent.ThreadPoolExecutor.getTask(ThreadPoolExecutor.java:1074)
        at java.util.concurrent.ThreadPoolExecutor.runWorker(ThreadPoolExecutor.java:1134)
        at java.util.concurrent.ThreadPoolExecutor$Worker.run(ThreadPoolExecutor.java:624)
        at java.lang.Thread.run(Thread.java:748)
"0fc43408-9179-47bd-a807-e56cc33d805e@group-69898A346AAC-SegmentedRaftLogWorker"  prio=5 tid=925 timed_waiting
java.lang.Thread.State: TIMED_WAITING
        at sun.misc.Unsafe.park(Native Method)
        at java.util.concurrent.locks.LockSupport.parkNanos(LockSupport.java:215)
        at java.util.concurrent.locks.AbstractQueuedSynchronizer$ConditionObject.awaitNanos(AbstractQueuedSynchronizer.java:2078)
        at org.apache.ratis.util.DataBlockingQueue.poll(DataBlockingQueue.java:137)
        at org.apache.ratis.server.raftlog.segmented.SegmentedRaftLogWorker.run(SegmentedRaftLogWorker.java:282)
        at java.lang.Thread.run(Thread.java:748)
"pool-56-thread-22"  prio=5 tid=520 in Object.wait()
java.lang.Thread.State: WAITING (on object monitor)
        at sun.misc.Unsafe.park(Native Method)
        at java.util.concurrent.locks.LockSupport.park(LockSupport.java:175)
        at java.util.concurrent.locks.AbstractQueuedSynchronizer$ConditionObject.await(AbstractQueuedSynchronizer.java:2039)
        at java.util.concurrent.ArrayBlockingQueue.take(ArrayBlockingQueue.java:403)
        at java.util.concurrent.ThreadPoolExecutor.getTask(ThreadPoolExecutor.java:1074)
        at java.util.concurrent.ThreadPoolExecutor.runWorker(ThreadPoolExecutor.java:1134)
        at java.util.concurrent.ThreadPoolExecutor$Worker.run(ThreadPoolExecutor.java:624)
        at java.lang.Thread.run(Thread.java:748)
"pool-76-thread-39"  prio=5 tid=664 in Object.wait()
java.lang.Thread.State: WAITING (on object monitor)
        at sun.misc.Unsafe.park(Native Method)
        at java.util.concurrent.locks.LockSupport.park(LockSupport.java:175)
        at java.util.concurrent.locks.AbstractQueuedSynchronizer$ConditionObject.await(AbstractQueuedSynchronizer.java:2039)
        at java.util.concurrent.ArrayBlockingQueue.take(ArrayBlockingQueue.java:403)
        at java.util.concurrent.ThreadPoolExecutor.getTask(ThreadPoolExecutor.java:1074)
        at java.util.concurrent.ThreadPoolExecutor.runWorker(ThreadPoolExecutor.java:1134)
        at java.util.concurrent.ThreadPoolExecutor$Worker.run(ThreadPoolExecutor.java:624)
        at java.lang.Thread.run(Thread.java:748)
"pool-66-thread-18"  prio=5 tid=581 in Object.wait()
java.lang.Thread.State: WAITING (on object monitor)
        at sun.misc.Unsafe.park(Native Method)
        at java.util.concurrent.locks.LockSupport.park(LockSupport.java:175)
        at java.util.concurrent.locks.AbstractQueuedSynchronizer$ConditionObject.await(AbstractQueuedSynchronizer.java:2039)
        at java.util.concurrent.ArrayBlockingQueue.take(ArrayBlockingQueue.java:403)
        at java.util.concurrent.ThreadPoolExecutor.getTask(ThreadPoolExecutor.java:1074)
        at java.util.concurrent.ThreadPoolExecutor.runWorker(ThreadPoolExecutor.java:1134)
        at java.util.concurrent.ThreadPoolExecutor$Worker.run(ThreadPoolExecutor.java:624)
        at java.lang.Thread.run(Thread.java:748)
"pool-26-thread-49"  prio=5 tid=412 in Object.wait()
java.lang.Thread.State: WAITING (on object monitor)
        at sun.misc.Unsafe.park(Native Method)
        at java.util.concurrent.locks.LockSupport.park(LockSupport.java:175)
        at java.util.concurrent.locks.AbstractQueuedSynchronizer$ConditionObject.await(AbstractQueuedSynchronizer.java:2039)
        at java.util.concurrent.ArrayBlockingQueue.take(ArrayBlockingQueue.java:403)
        at java.util.concurrent.ThreadPoolExecutor.getTask(ThreadPoolExecutor.java:1074)
        at java.util.concurrent.ThreadPoolExecutor.runWorker(ThreadPoolExecutor.java:1134)
        at java.util.concurrent.ThreadPoolExecutor$Worker.run(ThreadPoolExecutor.java:624)
        at java.lang.Thread.run(Thread.java:748)
"Datanode ReportManager Thread - 2" daemon prio=5 tid=201 in Object.wait()
java.lang.Thread.State: WAITING (on object monitor)
        at sun.misc.Unsafe.park(Native Method)
        at java.util.concurrent.locks.LockSupport.park(LockSupport.java:175)
        at java.util.concurrent.locks.AbstractQueuedSynchronizer$ConditionObject.await(AbstractQueuedSynchronizer.java:2039)
        at java.util.concurrent.ScheduledThreadPoolExecutor$DelayedWorkQueue.take(ScheduledThreadPoolExecutor.java:1088)
        at java.util.concurrent.ScheduledThreadPoolExecutor$DelayedWorkQueue.take(ScheduledThreadPoolExecutor.java:809)
        at java.util.concurrent.ThreadPoolExecutor.getTask(ThreadPoolExecutor.java:1074)
        at java.util.concurrent.ThreadPoolExecutor.runWorker(ThreadPoolExecutor.java:1134)
        at java.util.concurrent.ThreadPoolExecutor$Worker.run(ThreadPoolExecutor.java:624)
        at java.lang.Thread.run(Thread.java:748)
"metrics-hadoop-metrics2-reporter-37-thread-1" daemon prio=5 tid=809 timed_waiting
java.lang.Thread.State: TIMED_WAITING
        at sun.misc.Unsafe.park(Native Method)
        at java.util.concurrent.locks.LockSupport.parkNanos(LockSupport.java:215)
        at java.util.concurrent.locks.AbstractQueuedSynchronizer$ConditionObject.awaitNanos(AbstractQueuedSynchronizer.java:2078)
        at java.util.concurrent.ScheduledThreadPoolExecutor$DelayedWorkQueue.take(ScheduledThreadPoolExecutor.java:1093)
        at java.util.concurrent.ScheduledThreadPoolExecutor$DelayedWorkQueue.take(ScheduledThreadPoolExecutor.java:809)
        at java.util.concurrent.ThreadPoolExecutor.getTask(ThreadPoolExecutor.java:1074)
        at java.util.concurrent.ThreadPoolExecutor.runWorker(ThreadPoolExecutor.java:1134)
        at java.util.concurrent.ThreadPoolExecutor$Worker.run(ThreadPoolExecutor.java:624)
        at java.lang.Thread.run(Thread.java:748)
"pool-66-thread-26"  prio=5 tid=589 in Object.wait()
java.lang.Thread.State: WAITING (on object monitor)
        at sun.misc.Unsafe.park(Native Method)
        at java.util.concurrent.locks.LockSupport.park(LockSupport.java:175)
        at java.util.concurrent.locks.AbstractQueuedSynchronizer$ConditionObject.await(AbstractQueuedSynchronizer.java:2039)
        at java.util.concurrent.ArrayBlockingQueue.take(ArrayBlockingQueue.java:403)
        at java.util.concurrent.ThreadPoolExecutor.getTask(ThreadPoolExecutor.java:1074)
        at java.util.concurrent.ThreadPoolExecutor.runWorker(ThreadPoolExecutor.java:1134)
        at java.util.concurrent.ThreadPoolExecutor$Worker.run(ThreadPoolExecutor.java:624)
        at java.lang.Thread.run(Thread.java:748)
"pool-36-thread-11"  prio=5 tid=337 in Object.wait()
java.lang.Thread.State: WAITING (on object monitor)
        at sun.misc.Unsafe.park(Native Method)
        at java.util.concurrent.locks.LockSupport.park(LockSupport.java:175)
        at java.util.concurrent.locks.AbstractQueuedSynchronizer$ConditionObject.await(AbstractQueuedSynchronizer.java:2039)
        at java.util.concurrent.ArrayBlockingQueue.take(ArrayBlockingQueue.java:403)
        at java.util.concurrent.ThreadPoolExecutor.getTask(ThreadPoolExecutor.java:1074)
        at java.util.concurrent.ThreadPoolExecutor.runWorker(ThreadPoolExecutor.java:1134)
        at java.util.concurrent.ThreadPoolExecutor$Worker.run(ThreadPoolExecutor.java:624)
        at java.lang.Thread.run(Thread.java:748)
"org.apache.hadoop.util.JvmPauseMonitor$Monitor@6c48b1cf" daemon prio=5 tid=104 timed_waiting
java.lang.Thread.State: TIMED_WAITING
        at java.lang.Thread.sleep(Native Method)
        at org.apache.hadoop.util.JvmPauseMonitor$Monitor.run(JvmPauseMonitor.java:192)
        at java.lang.Thread.run(Thread.java:748)
"IPC Server handler 6 on 33440" daemon prio=5 tid=56 timed_waiting
java.lang.Thread.State: TIMED_WAITING
        at sun.misc.Unsafe.park(Native Method)
        at java.util.concurrent.locks.LockSupport.parkNanos(LockSupport.java:215)
        at java.util.concurrent.locks.AbstractQueuedSynchronizer$ConditionObject.awaitNanos(AbstractQueuedSynchronizer.java:2078)
        at java.util.concurrent.LinkedBlockingQueue.poll(LinkedBlockingQueue.java:467)
        at org.apache.hadoop.ipc.CallQueueManager.take(CallQueueManager.java:288)
        at org.apache.hadoop.ipc.Server$Handler.run(Server.java:2668)
"metrics-hadoop-metrics2-reporter-73-thread-1" daemon prio=5 tid=1025 timed_waiting
java.lang.Thread.State: TIMED_WAITING
        at sun.misc.Unsafe.park(Native Method)
        at java.util.concurrent.locks.LockSupport.parkNanos(LockSupport.java:215)
        at java.util.concurrent.locks.AbstractQueuedSynchronizer$ConditionObject.awaitNanos(AbstractQueuedSynchronizer.java:2078)
        at java.util.concurrent.ScheduledThreadPoolExecutor$DelayedWorkQueue.take(ScheduledThreadPoolExecutor.java:1093)
        at java.util.concurrent.ScheduledThreadPoolExecutor$DelayedWorkQueue.take(ScheduledThreadPoolExecutor.java:809)
        at java.util.concurrent.ThreadPoolExecutor.getTask(ThreadPoolExecutor.java:1074)
        at java.util.concurrent.ThreadPoolExecutor.runWorker(ThreadPoolExecutor.java:1134)
        at java.util.concurrent.ThreadPoolExecutor$Worker.run(ThreadPoolExecutor.java:624)
        at java.lang.Thread.run(Thread.java:748)
"pool-56-thread-11"  prio=5 tid=509 in Object.wait()
java.lang.Thread.State: WAITING (on object monitor)
        at sun.misc.Unsafe.park(Native Method)
        at java.util.concurrent.locks.LockSupport.park(LockSupport.java:175)
        at java.util.concurrent.locks.AbstractQueuedSynchronizer$ConditionObject.await(AbstractQueuedSynchronizer.java:2039)
        at java.util.concurrent.ArrayBlockingQueue.take(ArrayBlockingQueue.java:403)
        at java.util.concurrent.ThreadPoolExecutor.getTask(ThreadPoolExecutor.java:1074)
        at java.util.concurrent.ThreadPoolExecutor.runWorker(ThreadPoolExecutor.java:1134)
        at java.util.concurrent.ThreadPoolExecutor$Worker.run(ThreadPoolExecutor.java:624)
        at java.lang.Thread.run(Thread.java:748)
"pool-56-thread-60"  prio=5 tid=561 in Object.wait()
java.lang.Thread.State: WAITING (on object monitor)
        at sun.misc.Unsafe.park(Native Method)
        at java.util.concurrent.locks.LockSupport.park(LockSupport.java:175)
        at java.util.concurrent.locks.AbstractQueuedSynchronizer$ConditionObject.await(AbstractQueuedSynchronizer.java:2039)
        at java.util.concurrent.ArrayBlockingQueue.take(ArrayBlockingQueue.java:403)
        at java.util.concurrent.ThreadPoolExecutor.getTask(ThreadPoolExecutor.java:1074)
        at java.util.concurrent.ThreadPoolExecutor.runWorker(ThreadPoolExecutor.java:1134)
        at java.util.concurrent.ThreadPoolExecutor$Worker.run(ThreadPoolExecutor.java:624)
        at java.lang.Thread.run(Thread.java:748)
"qtp1051453582-191" daemon prio=5 tid=191 timed_waiting
java.lang.Thread.State: TIMED_WAITING
        at sun.misc.Unsafe.park(Native Method)
        at java.util.concurrent.locks.LockSupport.parkNanos(LockSupport.java:215)
        at java.util.concurrent.locks.AbstractQueuedSynchronizer$ConditionObject.awaitNanos(AbstractQueuedSynchronizer.java:2078)
        at org.eclipse.jetty.util.BlockingArrayQueue.poll(BlockingArrayQueue.java:392)
        at org.eclipse.jetty.util.thread.QueuedThreadPool.idleJobPoll(QueuedThreadPool.java:563)
        at org.eclipse.jetty.util.thread.QueuedThreadPool.access$800(QueuedThreadPool.java:48)
        at org.eclipse.jetty.util.thread.QueuedThreadPool$2.run(QueuedThreadPool.java:626)
        at java.lang.Thread.run(Thread.java:748)
"metrics-hadoop-metrics2-reporter-54-thread-1" daemon prio=5 tid=909 timed_waiting
java.lang.Thread.State: TIMED_WAITING
        at sun.misc.Unsafe.park(Native Method)
        at java.util.concurrent.locks.LockSupport.parkNanos(LockSupport.java:215)
        at java.util.concurrent.locks.AbstractQueuedSynchronizer$ConditionObject.awaitNanos(AbstractQueuedSynchronizer.java:2078)
        at java.util.concurrent.ScheduledThreadPoolExecutor$DelayedWorkQueue.take(ScheduledThreadPoolExecutor.java:1093)
        at java.util.concurrent.ScheduledThreadPoolExecutor$DelayedWorkQueue.take(ScheduledThreadPoolExecutor.java:809)
        at java.util.concurrent.ThreadPoolExecutor.getTask(ThreadPoolExecutor.java:1074)
        at java.util.concurrent.ThreadPoolExecutor.runWorker(ThreadPoolExecutor.java:1134)
        at java.util.concurrent.ThreadPoolExecutor$Worker.run(ThreadPoolExecutor.java:624)
        at java.lang.Thread.run(Thread.java:748)
"Datanode State Machine Thread - 0" daemon prio=5 tid=205 timed_waiting
java.lang.Thread.State: TIMED_WAITING
        at sun.misc.Unsafe.park(Native Method)
        at java.util.concurrent.locks.LockSupport.parkNanos(LockSupport.java:215)
        at java.util.concurrent.SynchronousQueue$TransferStack.awaitFulfill(SynchronousQueue.java:460)
        at java.util.concurrent.SynchronousQueue$TransferStack.transfer(SynchronousQueue.java:362)
        at java.util.concurrent.SynchronousQueue.poll(SynchronousQueue.java:941)
        at java.util.concurrent.ThreadPoolExecutor.getTask(ThreadPoolExecutor.java:1073)
        at java.util.concurrent.ThreadPoolExecutor.runWorker(ThreadPoolExecutor.java:1134)
        at java.util.concurrent.ThreadPoolExecutor$Worker.run(ThreadPoolExecutor.java:624)
        at java.lang.Thread.run(Thread.java:748)
"EventQueue-NodeRegistrationContainerReportForDataNodeSafeModeRule" daemon prio=5 tid=691 in Object.wait()
java.lang.Thread.State: WAITING (on object monitor)
        at sun.misc.Unsafe.park(Native Method)
        at java.util.concurrent.locks.LockSupport.park(LockSupport.java:175)
        at java.util.concurrent.locks.AbstractQueuedSynchronizer$ConditionObject.await(AbstractQueuedSynchronizer.java:2039)
        at java.util.concurrent.LinkedBlockingQueue.take(LinkedBlockingQueue.java:442)
        at java.util.concurrent.ThreadPoolExecutor.getTask(ThreadPoolExecutor.java:1074)
        at java.util.concurrent.ThreadPoolExecutor.runWorker(ThreadPoolExecutor.java:1134)
        at java.util.concurrent.ThreadPoolExecutor$Worker.run(ThreadPoolExecutor.java:624)
        at java.lang.Thread.run(Thread.java:748)
"pool-46-thread-57"  prio=5 tid=491 in Object.wait()
java.lang.Thread.State: WAITING (on object monitor)
        at sun.misc.Unsafe.park(Native Method)
        at java.util.concurrent.locks.LockSupport.park(LockSupport.java:175)
        at java.util.concurrent.locks.AbstractQueuedSynchronizer$ConditionObject.await(AbstractQueuedSynchronizer.java:2039)
        at java.util.concurrent.ArrayBlockingQueue.take(ArrayBlockingQueue.java:403)
        at java.util.concurrent.ThreadPoolExecutor.getTask(ThreadPoolExecutor.java:1074)
        at java.util.concurrent.ThreadPoolExecutor.runWorker(ThreadPoolExecutor.java:1134)
        at java.util.concurrent.ThreadPoolExecutor$Worker.run(ThreadPoolExecutor.java:624)
        at java.lang.Thread.run(Thread.java:748)
"qtp689037899-296-acceptor-0@853ca4f-ServerConnector@53e9a0b8{HTTP/1.1,[http/1.1]}{0.0.0.0:41801}" daemon prio=3 tid=296 runnable
java.lang.Thread.State: RUNNABLE
        at sun.nio.ch.ServerSocketChannelImpl.accept0(Native Method)
        at sun.nio.ch.ServerSocketChannelImpl.accept(ServerSocketChannelImpl.java:422)
        at sun.nio.ch.ServerSocketChannelImpl.accept(ServerSocketChannelImpl.java:250)
        at org.eclipse.jetty.server.ServerConnector.accept(ServerConnector.java:397)
        at org.eclipse.jetty.server.AbstractConnector$Acceptor.run(AbstractConnector.java:601)
        at org.eclipse.jetty.util.thread.QueuedThreadPool.runJob(QueuedThreadPool.java:671)
        at org.eclipse.jetty.util.thread.QueuedThreadPool$2.run(QueuedThreadPool.java:589)
        at java.lang.Thread.run(Thread.java:748)
"BlockDeletingService#1" daemon prio=5 tid=541 in Object.wait()
java.lang.Thread.State: WAITING (on object monitor)
        at sun.misc.Unsafe.park(Native Method)
        at java.util.concurrent.locks.LockSupport.park(LockSupport.java:175)
        at java.util.concurrent.locks.AbstractQueuedSynchronizer$ConditionObject.await(AbstractQueuedSynchronizer.java:2039)
        at java.util.concurrent.ScheduledThreadPoolExecutor$DelayedWorkQueue.take(ScheduledThreadPoolExecutor.java:1088)
        at java.util.concurrent.ScheduledThreadPoolExecutor$DelayedWorkQueue.take(ScheduledThreadPoolExecutor.java:809)
        at java.util.concurrent.ThreadPoolExecutor.getTask(ThreadPoolExecutor.java:1074)
        at java.util.concurrent.ThreadPoolExecutor.runWorker(ThreadPoolExecutor.java:1134)
        at java.util.concurrent.ThreadPoolExecutor$Worker.run(ThreadPoolExecutor.java:624)
        at java.lang.Thread.run(Thread.java:748)
"BlockDeletingService#1" daemon prio=5 tid=625 in Object.wait()
java.lang.Thread.State: WAITING (on object monitor)
        at sun.misc.Unsafe.park(Native Method)
        at java.util.concurrent.locks.LockSupport.park(LockSupport.java:175)
        at java.util.concurrent.locks.AbstractQueuedSynchronizer$ConditionObject.await(AbstractQueuedSynchronizer.java:2039)
        at java.util.concurrent.ScheduledThreadPoolExecutor$DelayedWorkQueue.take(ScheduledThreadPoolExecutor.java:1088)
        at java.util.concurrent.ScheduledThreadPoolExecutor$DelayedWorkQueue.take(ScheduledThreadPoolExecutor.java:809)
        at java.util.concurrent.ThreadPoolExecutor.getTask(ThreadPoolExecutor.java:1074)
        at java.util.concurrent.ThreadPoolExecutor.runWorker(ThreadPoolExecutor.java:1134)
        at java.util.concurrent.ThreadPoolExecutor$Worker.run(ThreadPoolExecutor.java:624)
        at java.lang.Thread.run(Thread.java:748)
"metrics-hadoop-metrics2-reporter-47-thread-1" daemon prio=5 tid=864 timed_waiting
java.lang.Thread.State: TIMED_WAITING
        at sun.misc.Unsafe.park(Native Method)
        at java.util.concurrent.locks.LockSupport.parkNanos(LockSupport.java:215)
        at java.util.concurrent.locks.AbstractQueuedSynchronizer$ConditionObject.awaitNanos(AbstractQueuedSynchronizer.java:2078)
        at java.util.concurrent.ScheduledThreadPoolExecutor$DelayedWorkQueue.take(ScheduledThreadPoolExecutor.java:1093)
        at java.util.concurrent.ScheduledThreadPoolExecutor$DelayedWorkQueue.take(ScheduledThreadPoolExecutor.java:809)
        at java.util.concurrent.ThreadPoolExecutor.getTask(ThreadPoolExecutor.java:1074)
        at java.util.concurrent.ThreadPoolExecutor.runWorker(ThreadPoolExecutor.java:1134)
        at java.util.concurrent.ThreadPoolExecutor$Worker.run(ThreadPoolExecutor.java:624)
        at java.lang.Thread.run(Thread.java:748)
"pool-26-thread-22"  prio=5 tid=356 in Object.wait()
java.lang.Thread.State: WAITING (on object monitor)
        at sun.misc.Unsafe.park(Native Method)
        at java.util.concurrent.locks.LockSupport.park(LockSupport.java:175)
        at java.util.concurrent.locks.AbstractQueuedSynchronizer$ConditionObject.await(AbstractQueuedSynchronizer.java:2039)
        at java.util.concurrent.ArrayBlockingQueue.take(ArrayBlockingQueue.java:403)
        at java.util.concurrent.ThreadPoolExecutor.getTask(ThreadPoolExecutor.java:1074)
        at java.util.concurrent.ThreadPoolExecutor.runWorker(ThreadPoolExecutor.java:1134)
        at java.util.concurrent.ThreadPoolExecutor$Worker.run(ThreadPoolExecutor.java:624)
        at java.lang.Thread.run(Thread.java:748)
"pool-76-thread-26"  prio=5 tid=651 in Object.wait()
java.lang.Thread.State: WAITING (on object monitor)
        at sun.misc.Unsafe.park(Native Method)
        at java.util.concurrent.locks.LockSupport.park(LockSupport.java:175)
        at java.util.concurrent.locks.AbstractQueuedSynchronizer$ConditionObject.await(AbstractQueuedSynchronizer.java:2039)
        at java.util.concurrent.ArrayBlockingQueue.take(ArrayBlockingQueue.java:403)
        at java.util.concurrent.ThreadPoolExecutor.getTask(ThreadPoolExecutor.java:1074)
        at java.util.concurrent.ThreadPoolExecutor.runWorker(ThreadPoolExecutor.java:1134)
        at java.util.concurrent.ThreadPoolExecutor$Worker.run(ThreadPoolExecutor.java:624)
        at java.lang.Thread.run(Thread.java:748)
"pool-66-thread-54"  prio=5 tid=617 in Object.wait()
java.lang.Thread.State: WAITING (on object monitor)
        at sun.misc.Unsafe.park(Native Method)
        at java.util.concurrent.locks.LockSupport.park(LockSupport.java:175)
        at java.util.concurrent.locks.AbstractQueuedSynchronizer$ConditionObject.await(AbstractQueuedSynchronizer.java:2039)
        at java.util.concurrent.ArrayBlockingQueue.take(ArrayBlockingQueue.java:403)
        at java.util.concurrent.ThreadPoolExecutor.getTask(ThreadPoolExecutor.java:1074)
        at java.util.concurrent.ThreadPoolExecutor.runWorker(ThreadPoolExecutor.java:1134)
        at java.util.concurrent.ThreadPoolExecutor$Worker.run(ThreadPoolExecutor.java:624)
        at java.lang.Thread.run(Thread.java:748)
"metrics-hadoop-metrics2-reporter-39-thread-1" daemon prio=5 tid=818 timed_waiting
java.lang.Thread.State: TIMED_WAITING
        at sun.misc.Unsafe.park(Native Method)
        at java.util.concurrent.locks.LockSupport.parkNanos(LockSupport.java:215)
        at java.util.concurrent.locks.AbstractQueuedSynchronizer$ConditionObject.awaitNanos(AbstractQueuedSynchronizer.java:2078)
        at java.util.concurrent.ScheduledThreadPoolExecutor$DelayedWorkQueue.take(ScheduledThreadPoolExecutor.java:1093)
        at java.util.concurrent.ScheduledThreadPoolExecutor$DelayedWorkQueue.take(ScheduledThreadPoolExecutor.java:809)
        at java.util.concurrent.ThreadPoolExecutor.getTask(ThreadPoolExecutor.java:1074)
        at java.util.concurrent.ThreadPoolExecutor.runWorker(ThreadPoolExecutor.java:1134)
        at java.util.concurrent.ThreadPoolExecutor$Worker.run(ThreadPoolExecutor.java:624)
        at java.lang.Thread.run(Thread.java:748)
"Timer-0"  prio=5 tid=113 timed_waiting
java.lang.Thread.State: TIMED_WAITING
        at java.lang.Object.wait(Native Method)
        at java.util.TimerThread.mainLoop(Timer.java:552)
        at java.util.TimerThread.run(Timer.java:505)
"pool-76-thread-35"  prio=5 tid=660 in Object.wait()
java.lang.Thread.State: WAITING (on object monitor)
        at sun.misc.Unsafe.park(Native Method)
        at java.util.concurrent.locks.LockSupport.park(LockSupport.java:175)
        at java.util.concurrent.locks.AbstractQueuedSynchronizer$ConditionObject.await(AbstractQueuedSynchronizer.java:2039)
        at java.util.concurrent.ArrayBlockingQueue.take(ArrayBlockingQueue.java:403)
        at java.util.concurrent.ThreadPoolExecutor.getTask(ThreadPoolExecutor.java:1074)
        at java.util.concurrent.ThreadPoolExecutor.runWorker(ThreadPoolExecutor.java:1134)
        at java.util.concurrent.ThreadPoolExecutor$Worker.run(ThreadPoolExecutor.java:624)
        at java.lang.Thread.run(Thread.java:748)
"6fa005cd-25d6-4e29-bda6-9462a060c098@group-BAC069DAEF17-StateMachineUpdater" daemon prio=5 tid=959 in Object.wait()
java.lang.Thread.State: WAITING (on object monitor)
        at java.lang.Object.wait(Native Method)
        at java.lang.Object.wait(Object.java:502)
        at org.apache.ratis.server.impl.StateMachineUpdater.waitForCommit(StateMachineUpdater.java:194)
        at org.apache.ratis.server.impl.StateMachineUpdater.run(StateMachineUpdater.java:159)
        at java.lang.Thread.run(Thread.java:748)
"qtp92143380-274" daemon prio=5 tid=274 timed_waiting
java.lang.Thread.State: TIMED_WAITING
        at sun.misc.Unsafe.park(Native Method)
        at java.util.concurrent.locks.LockSupport.parkNanos(LockSupport.java:215)
        at java.util.concurrent.locks.AbstractQueuedSynchronizer$ConditionObject.awaitNanos(AbstractQueuedSynchronizer.java:2078)
        at org.eclipse.jetty.util.BlockingArrayQueue.poll(BlockingArrayQueue.java:392)
        at org.eclipse.jetty.util.thread.QueuedThreadPool.idleJobPoll(QueuedThreadPool.java:563)
        at org.eclipse.jetty.util.thread.QueuedThreadPool.access$800(QueuedThreadPool.java:48)
        at org.eclipse.jetty.util.thread.QueuedThreadPool$2.run(QueuedThreadPool.java:626)
        at java.lang.Thread.run(Thread.java:748)
"qtp2116606463-214" daemon prio=5 tid=214 runnable
java.lang.Thread.State: RUNNABLE
        at sun.nio.ch.EPollArrayWrapper.epollWait(Native Method)
        at sun.nio.ch.EPollArrayWrapper.poll(EPollArrayWrapper.java:269)
        at sun.nio.ch.EPollSelectorImpl.doSelect(EPollSelectorImpl.java:93)
        at sun.nio.ch.SelectorImpl.lockAndDoSelect(SelectorImpl.java:86)
        at sun.nio.ch.SelectorImpl.select(SelectorImpl.java:97)
        at sun.nio.ch.SelectorImpl.select(SelectorImpl.java:101)
        at org.eclipse.jetty.io.ManagedSelector$SelectorProducer.select(ManagedSelector.java:243)
        at org.eclipse.jetty.io.ManagedSelector$SelectorProducer.produce(ManagedSelector.java:191)
        at org.eclipse.jetty.util.thread.strategy.ExecuteProduceConsume.executeProduceConsume(ExecuteProduceConsume.java:249)
        at org.eclipse.jetty.util.thread.strategy.ExecuteProduceConsume.produceConsume(ExecuteProduceConsume.java:148)
        at org.eclipse.jetty.util.thread.strategy.ExecuteProduceConsume.execute(ExecuteProduceConsume.java:100)
        at org.eclipse.jetty.io.ManagedSelector.run(ManagedSelector.java:147)
        at org.eclipse.jetty.util.thread.QueuedThreadPool.runJob(QueuedThreadPool.java:671)
        at org.eclipse.jetty.util.thread.QueuedThreadPool$2.run(QueuedThreadPool.java:589)
        at java.lang.Thread.run(Thread.java:748)
"pool-76-thread-25"  prio=5 tid=650 in Object.wait()
java.lang.Thread.State: WAITING (on object monitor)
        at sun.misc.Unsafe.park(Native Method)
        at java.util.concurrent.locks.LockSupport.park(LockSupport.java:175)
        at java.util.concurrent.locks.AbstractQueuedSynchronizer$ConditionObject.await(AbstractQueuedSynchronizer.java:2039)
        at java.util.concurrent.ArrayBlockingQueue.take(ArrayBlockingQueue.java:403)
        at java.util.concurrent.ThreadPoolExecutor.getTask(ThreadPoolExecutor.java:1074)
        at java.util.concurrent.ThreadPoolExecutor.runWorker(ThreadPoolExecutor.java:1134)
        at java.util.concurrent.ThreadPoolExecutor$Worker.run(ThreadPoolExecutor.java:624)
        at java.lang.Thread.run(Thread.java:748)
"pool-26-thread-1"  prio=5 tid=315 in Object.wait()
java.lang.Thread.State: WAITING (on object monitor)
        at sun.misc.Unsafe.park(Native Method)
        at java.util.concurrent.locks.LockSupport.park(LockSupport.java:175)
        at java.util.concurrent.locks.AbstractQueuedSynchronizer$ConditionObject.await(AbstractQueuedSynchronizer.java:2039)
        at java.util.concurrent.ArrayBlockingQueue.take(ArrayBlockingQueue.java:403)
        at java.util.concurrent.ThreadPoolExecutor.getTask(ThreadPoolExecutor.java:1074)
        at java.util.concurrent.ThreadPoolExecutor.runWorker(ThreadPoolExecutor.java:1134)
        at java.util.concurrent.ThreadPoolExecutor$Worker.run(ThreadPoolExecutor.java:624)
        at java.lang.Thread.run(Thread.java:748)
"metrics-hadoop-metrics2-reporter-9-thread-1" daemon prio=5 tid=722 timed_waiting
java.lang.Thread.State: TIMED_WAITING
        at sun.misc.Unsafe.park(Native Method)
        at java.util.concurrent.locks.LockSupport.parkNanos(LockSupport.java:215)
        at java.util.concurrent.locks.AbstractQueuedSynchronizer$ConditionObject.awaitNanos(AbstractQueuedSynchronizer.java:2078)
        at java.util.concurrent.ScheduledThreadPoolExecutor$DelayedWorkQueue.take(ScheduledThreadPoolExecutor.java:1093)
        at java.util.concurrent.ScheduledThreadPoolExecutor$DelayedWorkQueue.take(ScheduledThreadPoolExecutor.java:809)
        at java.util.concurrent.ThreadPoolExecutor.getTask(ThreadPoolExecutor.java:1074)
        at java.util.concurrent.ThreadPoolExecutor.runWorker(ThreadPoolExecutor.java:1134)
        at java.util.concurrent.ThreadPoolExecutor$Worker.run(ThreadPoolExecutor.java:624)
        at java.lang.Thread.run(Thread.java:748)
"pool-76-thread-56"  prio=5 tid=681 in Object.wait()
java.lang.Thread.State: WAITING (on object monitor)
        at sun.misc.Unsafe.park(Native Method)
        at java.util.concurrent.locks.LockSupport.park(LockSupport.java:175)
        at java.util.concurrent.locks.AbstractQueuedSynchronizer$ConditionObject.await(AbstractQueuedSynchronizer.java:2039)
        at java.util.concurrent.ArrayBlockingQueue.take(ArrayBlockingQueue.java:403)
        at java.util.concurrent.ThreadPoolExecutor.getTask(ThreadPoolExecutor.java:1074)
        at java.util.concurrent.ThreadPoolExecutor.runWorker(ThreadPoolExecutor.java:1134)
        at java.util.concurrent.ThreadPoolExecutor$Worker.run(ThreadPoolExecutor.java:624)
        at java.lang.Thread.run(Thread.java:748)
"pool-76-thread-48"  prio=5 tid=673 in Object.wait()
java.lang.Thread.State: WAITING (on object monitor)
        at sun.misc.Unsafe.park(Native Method)
        at java.util.concurrent.locks.LockSupport.park(LockSupport.java:175)
        at java.util.concurrent.locks.AbstractQueuedSynchronizer$ConditionObject.await(AbstractQueuedSynchronizer.java:2039)
        at java.util.concurrent.ArrayBlockingQueue.take(ArrayBlockingQueue.java:403)
        at java.util.concurrent.ThreadPoolExecutor.getTask(ThreadPoolExecutor.java:1074)
        at java.util.concurrent.ThreadPoolExecutor.runWorker(ThreadPoolExecutor.java:1134)
        at java.util.concurrent.ThreadPoolExecutor$Worker.run(ThreadPoolExecutor.java:624)
        at java.lang.Thread.run(Thread.java:748)
"qtp693544819-242-acceptor-0@244e9695-ServerConnector@7165d94f{HTTP/1.1,[http/1.1]}{0.0.0.0:36715}" daemon prio=3 tid=242 runnable
java.lang.Thread.State: RUNNABLE
        at sun.nio.ch.ServerSocketChannelImpl.accept0(Native Method)
        at sun.nio.ch.ServerSocketChannelImpl.accept(ServerSocketChannelImpl.java:422)
        at sun.nio.ch.ServerSocketChannelImpl.accept(ServerSocketChannelImpl.java:250)
        at org.eclipse.jetty.server.ServerConnector.accept(ServerConnector.java:397)
        at org.eclipse.jetty.server.AbstractConnector$Acceptor.run(AbstractConnector.java:601)
        at org.eclipse.jetty.util.thread.QueuedThreadPool.runJob(QueuedThreadPool.java:671)
        at org.eclipse.jetty.util.thread.QueuedThreadPool$2.run(QueuedThreadPool.java:589)
        at java.lang.Thread.run(Thread.java:748)
"java.util.concurrent.ThreadPoolExecutor$Worker@7e1c386e[State = -1, empty queue]" daemon prio=5 tid=972 timed_waiting
java.lang.Thread.State: TIMED_WAITING
        at sun.misc.Unsafe.park(Native Method)
        at java.util.concurrent.locks.LockSupport.parkNanos(LockSupport.java:215)
        at java.util.concurrent.locks.AbstractQueuedSynchronizer$ConditionObject.awaitNanos(AbstractQueuedSynchronizer.java:2078)
        at java.util.concurrent.ScheduledThreadPoolExecutor$DelayedWorkQueue.take(ScheduledThreadPoolExecutor.java:1093)
        at java.util.concurrent.ScheduledThreadPoolExecutor$DelayedWorkQueue.take(ScheduledThreadPoolExecutor.java:809)
        at java.util.concurrent.ThreadPoolExecutor.getTask(ThreadPoolExecutor.java:1074)
        at java.util.concurrent.ThreadPoolExecutor.runWorker(ThreadPoolExecutor.java:1134)
        at java.util.concurrent.ThreadPoolExecutor$Worker.run(ThreadPoolExecutor.java:624)
        at java.lang.Thread.run(Thread.java:748)
"IPC Server handler 8 on 33440" daemon prio=5 tid=58 timed_waiting
java.lang.Thread.State: TIMED_WAITING
        at sun.misc.Unsafe.park(Native Method)
        at java.util.concurrent.locks.LockSupport.parkNanos(LockSupport.java:215)
        at java.util.concurrent.locks.AbstractQueuedSynchronizer$ConditionObject.awaitNanos(AbstractQueuedSynchronizer.java:2078)
        at java.util.concurrent.LinkedBlockingQueue.poll(LinkedBlockingQueue.java:467)
        at org.apache.hadoop.ipc.CallQueueManager.take(CallQueueManager.java:288)
        at org.apache.hadoop.ipc.Server$Handler.run(Server.java:2668)
"Datanode ReportManager Thread - 3" daemon prio=5 tid=283 in Object.wait()
java.lang.Thread.State: WAITING (on object monitor)
        at sun.misc.Unsafe.park(Native Method)
        at java.util.concurrent.locks.LockSupport.park(LockSupport.java:175)
        at java.util.concurrent.locks.AbstractQueuedSynchronizer$ConditionObject.await(AbstractQueuedSynchronizer.java:2039)
        at java.util.concurrent.ScheduledThreadPoolExecutor$DelayedWorkQueue.take(ScheduledThreadPoolExecutor.java:1088)
        at java.util.concurrent.ScheduledThreadPoolExecutor$DelayedWorkQueue.take(ScheduledThreadPoolExecutor.java:809)
        at java.util.concurrent.ThreadPoolExecutor.getTask(ThreadPoolExecutor.java:1074)
        at java.util.concurrent.ThreadPoolExecutor.runWorker(ThreadPoolExecutor.java:1134)
        at java.util.concurrent.ThreadPoolExecutor$Worker.run(ThreadPoolExecutor.java:624)
        at java.lang.Thread.run(Thread.java:748)
"pool-30-thread-1"  prio=5 tid=159 timed_waiting
java.lang.Thread.State: TIMED_WAITING
        at sun.misc.Unsafe.park(Native Method)
        at java.util.concurrent.locks.LockSupport.parkNanos(LockSupport.java:215)
        at java.util.concurrent.locks.AbstractQueuedSynchronizer$ConditionObject.awaitNanos(AbstractQueuedSynchronizer.java:2078)
        at java.util.concurrent.ScheduledThreadPoolExecutor$DelayedWorkQueue.take(ScheduledThreadPoolExecutor.java:1093)
        at java.util.concurrent.ScheduledThreadPoolExecutor$DelayedWorkQueue.take(ScheduledThreadPoolExecutor.java:809)
        at java.util.concurrent.ThreadPoolExecutor.getTask(ThreadPoolExecutor.java:1074)
        at java.util.concurrent.ThreadPoolExecutor.runWorker(ThreadPoolExecutor.java:1134)
        at java.util.concurrent.ThreadPoolExecutor$Worker.run(ThreadPoolExecutor.java:624)
        at java.lang.Thread.run(Thread.java:748)
"Reference Handler" daemon prio=10 tid=2 in Object.wait()
java.lang.Thread.State: WAITING (on object monitor)
        at java.lang.Object.wait(Native Method)
        at java.lang.Object.wait(Object.java:502)
        at java.lang.ref.Reference.tryHandlePending(Reference.java:191)
        at java.lang.ref.Reference$ReferenceHandler.run(Reference.java:153)
"Datanode ReportManager Thread - 0" daemon prio=5 tid=172 timed_waiting
java.lang.Thread.State: TIMED_WAITING
        at sun.misc.Unsafe.park(Native Method)
        at java.util.concurrent.locks.LockSupport.parkNanos(LockSupport.java:215)
        at java.util.concurrent.locks.AbstractQueuedSynchronizer$ConditionObject.awaitNanos(AbstractQueuedSynchronizer.java:2078)
        at java.util.concurrent.ScheduledThreadPoolExecutor$DelayedWorkQueue.take(ScheduledThreadPoolExecutor.java:1093)
        at java.util.concurrent.ScheduledThreadPoolExecutor$DelayedWorkQueue.take(ScheduledThreadPoolExecutor.java:809)
        at java.util.concurrent.ThreadPoolExecutor.getTask(ThreadPoolExecutor.java:1074)
        at java.util.concurrent.ThreadPoolExecutor.runWorker(ThreadPoolExecutor.java:1134)
        at java.util.concurrent.ThreadPoolExecutor$Worker.run(ThreadPoolExecutor.java:624)
        at java.lang.Thread.run(Thread.java:748)
"metrics-hadoop-metrics2-reporter-24-thread-1" daemon prio=5 tid=759 timed_waiting
java.lang.Thread.State: TIMED_WAITING
        at sun.misc.Unsafe.park(Native Method)
        at java.util.concurrent.locks.LockSupport.parkNanos(LockSupport.java:215)
        at java.util.concurrent.locks.AbstractQueuedSynchronizer$ConditionObject.awaitNanos(AbstractQueuedSynchronizer.java:2078)
        at java.util.concurrent.ScheduledThreadPoolExecutor$DelayedWorkQueue.take(ScheduledThreadPoolExecutor.java:1093)
        at java.util.concurrent.ScheduledThreadPoolExecutor$DelayedWorkQueue.take(ScheduledThreadPoolExecutor.java:809)
        at java.util.concurrent.ThreadPoolExecutor.getTask(ThreadPoolExecutor.java:1074)
        at java.util.concurrent.ThreadPoolExecutor.runWorker(ThreadPoolExecutor.java:1134)
        at java.util.concurrent.ThreadPoolExecutor$Worker.run(ThreadPoolExecutor.java:624)
        at java.lang.Thread.run(Thread.java:748)
"pool-66-thread-55"  prio=5 tid=618 in Object.wait()
java.lang.Thread.State: WAITING (on object monitor)
        at sun.misc.Unsafe.park(Native Method)
        at java.util.concurrent.locks.LockSupport.park(LockSupport.java:175)
        at java.util.concurrent.locks.AbstractQueuedSynchronizer$ConditionObject.await(AbstractQueuedSynchronizer.java:2039)
        at java.util.concurrent.ArrayBlockingQueue.take(ArrayBlockingQueue.java:403)
        at java.util.concurrent.ThreadPoolExecutor.getTask(ThreadPoolExecutor.java:1074)
        at java.util.concurrent.ThreadPoolExecutor.runWorker(ThreadPoolExecutor.java:1134)
        at java.util.concurrent.ThreadPoolExecutor$Worker.run(ThreadPoolExecutor.java:624)
        at java.lang.Thread.run(Thread.java:748)
"pool-26-thread-48"  prio=5 tid=410 in Object.wait()
java.lang.Thread.State: WAITING (on object monitor)
        at sun.misc.Unsafe.park(Native Method)
        at java.util.concurrent.locks.LockSupport.park(LockSupport.java:175)
        at java.util.concurrent.locks.AbstractQueuedSynchronizer$ConditionObject.await(AbstractQueuedSynchronizer.java:2039)
        at java.util.concurrent.ArrayBlockingQueue.take(ArrayBlockingQueue.java:403)
        at java.util.concurrent.ThreadPoolExecutor.getTask(ThreadPoolExecutor.java:1074)
        at java.util.concurrent.ThreadPoolExecutor.runWorker(ThreadPoolExecutor.java:1134)
        at java.util.concurrent.ThreadPoolExecutor$Worker.run(ThreadPoolExecutor.java:624)
        at java.lang.Thread.run(Thread.java:748)
"metrics-hadoop-metrics2-reporter-63-thread-1" daemon prio=5 tid=940 timed_waiting
java.lang.Thread.State: TIMED_WAITING
        at sun.misc.Unsafe.park(Native Method)
        at java.util.concurrent.locks.LockSupport.parkNanos(LockSupport.java:215)
        at java.util.concurrent.locks.AbstractQueuedSynchronizer$ConditionObject.awaitNanos(AbstractQueuedSynchronizer.java:2078)
        at java.util.concurrent.ScheduledThreadPoolExecutor$DelayedWorkQueue.take(ScheduledThreadPoolExecutor.java:1093)
        at java.util.concurrent.ScheduledThreadPoolExecutor$DelayedWorkQueue.take(ScheduledThreadPoolExecutor.java:809)
        at java.util.concurrent.ThreadPoolExecutor.getTask(ThreadPoolExecutor.java:1074)
        at java.util.concurrent.ThreadPoolExecutor.runWorker(ThreadPoolExecutor.java:1134)
        at java.util.concurrent.ThreadPoolExecutor$Worker.run(ThreadPoolExecutor.java:624)
        at java.lang.Thread.run(Thread.java:748)
"IPC Server idle connection scanner for port 33888" daemon prio=5 tid=25 timed_waiting
java.lang.Thread.State: TIMED_WAITING
        at java.lang.Object.wait(Native Method)
        at java.util.TimerThread.mainLoop(Timer.java:552)
        at java.util.TimerThread.run(Timer.java:505)
"metrics-hadoop-metrics2-reporter-57-thread-1" daemon prio=5 tid=916 timed_waiting
java.lang.Thread.State: TIMED_WAITING
        at sun.misc.Unsafe.park(Native Method)
        at java.util.concurrent.locks.LockSupport.parkNanos(LockSupport.java:215)
        at java.util.concurrent.locks.AbstractQueuedSynchronizer$ConditionObject.awaitNanos(AbstractQueuedSynchronizer.java:2078)
        at java.util.concurrent.ScheduledThreadPoolExecutor$DelayedWorkQueue.take(ScheduledThreadPoolExecutor.java:1093)
        at java.util.concurrent.ScheduledThreadPoolExecutor$DelayedWorkQueue.take(ScheduledThreadPoolExecutor.java:809)
        at java.util.concurrent.ThreadPoolExecutor.getTask(ThreadPoolExecutor.java:1074)
        at java.util.concurrent.ThreadPoolExecutor.runWorker(ThreadPoolExecutor.java:1134)
        at java.util.concurrent.ThreadPoolExecutor$Worker.run(ThreadPoolExecutor.java:624)
        at java.lang.Thread.run(Thread.java:748)
"metrics-hadoop-metrics2-reporter-52-thread-1" daemon prio=5 tid=906 timed_waiting
java.lang.Thread.State: TIMED_WAITING
        at sun.misc.Unsafe.park(Native Method)
        at java.util.concurrent.locks.LockSupport.parkNanos(LockSupport.java:215)
        at java.util.concurrent.locks.AbstractQueuedSynchronizer$ConditionObject.awaitNanos(AbstractQueuedSynchronizer.java:2078)
        at java.util.concurrent.ScheduledThreadPoolExecutor$DelayedWorkQueue.take(ScheduledThreadPoolExecutor.java:1093)
        at java.util.concurrent.ScheduledThreadPoolExecutor$DelayedWorkQueue.take(ScheduledThreadPoolExecutor.java:809)
        at java.util.concurrent.ThreadPoolExecutor.getTask(ThreadPoolExecutor.java:1074)
        at java.util.concurrent.ThreadPoolExecutor.runWorker(ThreadPoolExecutor.java:1134)
        at java.util.concurrent.ThreadPoolExecutor$Worker.run(ThreadPoolExecutor.java:624)
        at java.lang.Thread.run(Thread.java:748)
"0fc43408-9179-47bd-a807-e56cc33d805e@group-FC7768932425-SegmentedRaftLogWorker"  prio=5 tid=717 timed_waiting
java.lang.Thread.State: TIMED_WAITING
        at sun.misc.Unsafe.park(Native Method)
        at java.util.concurrent.locks.LockSupport.parkNanos(LockSupport.java:215)
        at java.util.concurrent.locks.AbstractQueuedSynchronizer$ConditionObject.awaitNanos(AbstractQueuedSynchronizer.java:2078)
        at org.apache.ratis.util.DataBlockingQueue.poll(DataBlockingQueue.java:137)
        at org.apache.ratis.server.raftlog.segmented.SegmentedRaftLogWorker.run(SegmentedRaftLogWorker.java:282)
        at java.lang.Thread.run(Thread.java:748)
"pool-66-thread-47"  prio=5 tid=610 in Object.wait()
java.lang.Thread.State: WAITING (on object monitor)
        at sun.misc.Unsafe.park(Native Method)
        at java.util.concurrent.locks.LockSupport.park(LockSupport.java:175)
        at java.util.concurrent.locks.AbstractQueuedSynchronizer$ConditionObject.await(AbstractQueuedSynchronizer.java:2039)
        at java.util.concurrent.ArrayBlockingQueue.take(ArrayBlockingQueue.java:403)
        at java.util.concurrent.ThreadPoolExecutor.getTask(ThreadPoolExecutor.java:1074)
        at java.util.concurrent.ThreadPoolExecutor.runWorker(ThreadPoolExecutor.java:1134)
        at java.util.concurrent.ThreadPoolExecutor$Worker.run(ThreadPoolExecutor.java:624)
        at java.lang.Thread.run(Thread.java:748)
"pool-46-thread-25"  prio=5 tid=459 in Object.wait()
java.lang.Thread.State: WAITING (on object monitor)
        at sun.misc.Unsafe.park(Native Method)
        at java.util.concurrent.locks.LockSupport.park(LockSupport.java:175)
        at java.util.concurrent.locks.AbstractQueuedSynchronizer$ConditionObject.await(AbstractQueuedSynchronizer.java:2039)
        at java.util.concurrent.ArrayBlockingQueue.take(ArrayBlockingQueue.java:403)
        at java.util.concurrent.ThreadPoolExecutor.getTask(ThreadPoolExecutor.java:1074)
        at java.util.concurrent.ThreadPoolExecutor.runWorker(ThreadPoolExecutor.java:1134)
        at java.util.concurrent.ThreadPoolExecutor$Worker.run(ThreadPoolExecutor.java:624)
        at java.lang.Thread.run(Thread.java:748)
"IPC Server handler 0 on 35347" daemon prio=5 tid=70 timed_waiting
java.lang.Thread.State: TIMED_WAITING
        at sun.misc.Unsafe.park(Native Method)
        at java.util.concurrent.locks.LockSupport.parkNanos(LockSupport.java:215)
        at java.util.concurrent.locks.AbstractQueuedSynchronizer$ConditionObject.awaitNanos(AbstractQueuedSynchronizer.java:2078)
        at java.util.concurrent.LinkedBlockingQueue.poll(LinkedBlockingQueue.java:467)
        at org.apache.hadoop.ipc.CallQueueManager.take(CallQueueManager.java:288)
        at org.apache.hadoop.ipc.Server$Handler.run(Server.java:2668)
"qtp92143380-275" daemon prio=5 tid=275 timed_waiting
java.lang.Thread.State: TIMED_WAITING
        at sun.misc.Unsafe.park(Native Method)
        at java.util.concurrent.locks.LockSupport.parkNanos(LockSupport.java:215)
        at java.util.concurrent.locks.AbstractQueuedSynchronizer$ConditionObject.awaitNanos(AbstractQueuedSynchronizer.java:2078)
        at org.eclipse.jetty.util.BlockingArrayQueue.poll(BlockingArrayQueue.java:392)
        at org.eclipse.jetty.util.thread.QueuedThreadPool.idleJobPoll(QueuedThreadPool.java:563)
        at org.eclipse.jetty.util.thread.QueuedThreadPool.access$800(QueuedThreadPool.java:48)
        at org.eclipse.jetty.util.thread.QueuedThreadPool$2.run(QueuedThreadPool.java:626)
        at java.lang.Thread.run(Thread.java:748)
"pool-46-thread-1"  prio=5 tid=435 in Object.wait()
java.lang.Thread.State: WAITING (on object monitor)
        at sun.misc.Unsafe.park(Native Method)
        at java.util.concurrent.locks.LockSupport.park(LockSupport.java:175)
        at java.util.concurrent.locks.AbstractQueuedSynchronizer$ConditionObject.await(AbstractQueuedSynchronizer.java:2039)
        at java.util.concurrent.ArrayBlockingQueue.take(ArrayBlockingQueue.java:403)
        at java.util.concurrent.ThreadPoolExecutor.getTask(ThreadPoolExecutor.java:1074)
        at java.util.concurrent.ThreadPoolExecutor.runWorker(ThreadPoolExecutor.java:1134)
        at java.util.concurrent.ThreadPoolExecutor$Worker.run(ThreadPoolExecutor.java:624)
        at java.lang.Thread.run(Thread.java:748)
"refreshUsed-/workdir/hadoop-ozone/integration-test/target/test-dir/MiniOzoneClusterImpl-58fc3ecd-0fbd-4e7b-a09c-4106a93dde4d/datanode-5/data/containers" daemon prio=5 tid=290 timed_waiting
java.lang.Thread.State: TIMED_WAITING
        at java.lang.Thread.sleep(Native Method)
        at org.apache.hadoop.fs.CachingGetSpaceUsed$RefreshThread.run(CachingGetSpaceUsed.java:179)
        at java.lang.Thread.run(Thread.java:748)
"org.apache.hadoop.util.JvmPauseMonitor$Monitor@7d8a1a20" daemon prio=5 tid=258 timed_waiting
java.lang.Thread.State: TIMED_WAITING
        at java.lang.Thread.sleep(Native Method)
        at org.apache.hadoop.util.JvmPauseMonitor$Monitor.run(JvmPauseMonitor.java:192)
        at java.lang.Thread.run(Thread.java:748)
"pool-36-thread-3"  prio=5 tid=322 in Object.wait()
java.lang.Thread.State: WAITING (on object monitor)
        at sun.misc.Unsafe.park(Native Method)
        at java.util.concurrent.locks.LockSupport.park(LockSupport.java:175)
        at java.util.concurrent.locks.AbstractQueuedSynchronizer$ConditionObject.await(AbstractQueuedSynchronizer.java:2039)
        at java.util.concurrent.ArrayBlockingQueue.take(ArrayBlockingQueue.java:403)
        at java.util.concurrent.ThreadPoolExecutor.getTask(ThreadPoolExecutor.java:1074)
        at java.util.concurrent.ThreadPoolExecutor.runWorker(ThreadPoolExecutor.java:1134)
        at java.util.concurrent.ThreadPoolExecutor$Worker.run(ThreadPoolExecutor.java:624)
        at java.lang.Thread.run(Thread.java:748)
"RatisPipelineUtilsThread"  prio=5 tid=689 timed_waiting
java.lang.Thread.State: TIMED_WAITING
        at sun.misc.Unsafe.park(Native Method)
        at java.util.concurrent.locks.LockSupport.parkNanos(LockSupport.java:215)
        at java.util.concurrent.locks.AbstractQueuedSynchronizer$ConditionObject.awaitNanos(AbstractQueuedSynchronizer.java:2078)
        at java.util.concurrent.ScheduledThreadPoolExecutor$DelayedWorkQueue.take(ScheduledThreadPoolExecutor.java:1093)
        at java.util.concurrent.ScheduledThreadPoolExecutor$DelayedWorkQueue.take(ScheduledThreadPoolExecutor.java:809)
        at java.util.concurrent.ThreadPoolExecutor.getTask(ThreadPoolExecutor.java:1074)
        at java.util.concurrent.ThreadPoolExecutor.runWorker(ThreadPoolExecutor.java:1134)
        at java.util.concurrent.ThreadPoolExecutor$Worker.run(ThreadPoolExecutor.java:624)
        at java.lang.Thread.run(Thread.java:748)
"pool-66-thread-14"  prio=5 tid=577 in Object.wait()
java.lang.Thread.State: WAITING (on object monitor)
        at sun.misc.Unsafe.park(Native Method)
        at java.util.concurrent.locks.LockSupport.park(LockSupport.java:175)
        at java.util.concurrent.locks.AbstractQueuedSynchronizer$ConditionObject.await(AbstractQueuedSynchronizer.java:2039)
        at java.util.concurrent.ArrayBlockingQueue.take(ArrayBlockingQueue.java:403)
        at java.util.concurrent.ThreadPoolExecutor.getTask(ThreadPoolExecutor.java:1074)
        at java.util.concurrent.ThreadPoolExecutor.runWorker(ThreadPoolExecutor.java:1134)
        at java.util.concurrent.ThreadPoolExecutor$Worker.run(ThreadPoolExecutor.java:624)
        at java.lang.Thread.run(Thread.java:748)
"EventQueue-NewNodeForNewNodeHandler" daemon prio=5 tid=688 in Object.wait()
java.lang.Thread.State: WAITING (on object monitor)
        at sun.misc.Unsafe.park(Native Method)
        at java.util.concurrent.locks.LockSupport.park(LockSupport.java:175)
        at java.util.concurrent.locks.AbstractQueuedSynchronizer$ConditionObject.await(AbstractQueuedSynchronizer.java:2039)
        at java.util.concurrent.LinkedBlockingQueue.take(LinkedBlockingQueue.java:442)
        at java.util.concurrent.ThreadPoolExecutor.getTask(ThreadPoolExecutor.java:1074)
        at java.util.concurrent.ThreadPoolExecutor.runWorker(ThreadPoolExecutor.java:1134)
        at java.util.concurrent.ThreadPoolExecutor$Worker.run(ThreadPoolExecutor.java:624)
        at java.lang.Thread.run(Thread.java:748)
"pool-76-thread-31"  prio=5 tid=656 in Object.wait()
java.lang.Thread.State: WAITING (on object monitor)
        at sun.misc.Unsafe.park(Native Method)
        at java.util.concurrent.locks.LockSupport.park(LockSupport.java:175)
        at java.util.concurrent.locks.AbstractQueuedSynchronizer$ConditionObject.await(AbstractQueuedSynchronizer.java:2039)
        at java.util.concurrent.ArrayBlockingQueue.take(ArrayBlockingQueue.java:403)
        at java.util.concurrent.ThreadPoolExecutor.getTask(ThreadPoolExecutor.java:1074)
        at java.util.concurrent.ThreadPoolExecutor.runWorker(ThreadPoolExecutor.java:1134)
        at java.util.concurrent.ThreadPoolExecutor$Worker.run(ThreadPoolExecutor.java:624)
        at java.lang.Thread.run(Thread.java:748)
"pool-56-thread-18"  prio=5 tid=516 in Object.wait()
java.lang.Thread.State: WAITING (on object monitor)
        at sun.misc.Unsafe.park(Native Method)
        at java.util.concurrent.locks.LockSupport.park(LockSupport.java:175)
        at java.util.concurrent.locks.AbstractQueuedSynchronizer$ConditionObject.await(AbstractQueuedSynchronizer.java:2039)
        at java.util.concurrent.ArrayBlockingQueue.take(ArrayBlockingQueue.java:403)
        at java.util.concurrent.ThreadPoolExecutor.getTask(ThreadPoolExecutor.java:1074)
        at java.util.concurrent.ThreadPoolExecutor.runWorker(ThreadPoolExecutor.java:1134)
        at java.util.concurrent.ThreadPoolExecutor$Worker.run(ThreadPoolExecutor.java:624)
        at java.lang.Thread.run(Thread.java:748)
"IPC Server handler 14 on 33440" daemon prio=5 tid=64 timed_waiting
java.lang.Thread.State: TIMED_WAITING
        at sun.misc.Unsafe.park(Native Method)
        at java.util.concurrent.locks.LockSupport.parkNanos(LockSupport.java:215)
        at java.util.concurrent.locks.AbstractQueuedSynchronizer$ConditionObject.awaitNanos(AbstractQueuedSynchronizer.java:2078)
        at java.util.concurrent.LinkedBlockingQueue.poll(LinkedBlockingQueue.java:467)
        at org.apache.hadoop.ipc.CallQueueManager.take(CallQueueManager.java:288)
        at org.apache.hadoop.ipc.Server$Handler.run(Server.java:2668)
"pool-76-thread-5"  prio=5 tid=630 in Object.wait()
java.lang.Thread.State: WAITING (on object monitor)
        at sun.misc.Unsafe.park(Native Method)
        at java.util.concurrent.locks.LockSupport.park(LockSupport.java:175)
        at java.util.concurrent.locks.AbstractQueuedSynchronizer$ConditionObject.await(AbstractQueuedSynchronizer.java:2039)
        at java.util.concurrent.ArrayBlockingQueue.take(ArrayBlockingQueue.java:403)
        at java.util.concurrent.ThreadPoolExecutor.getTask(ThreadPoolExecutor.java:1074)
        at java.util.concurrent.ThreadPoolExecutor.runWorker(ThreadPoolExecutor.java:1134)
        at java.util.concurrent.ThreadPoolExecutor$Worker.run(ThreadPoolExecutor.java:624)
        at java.lang.Thread.run(Thread.java:748)
"qtp689037899-300" daemon prio=5 tid=300 timed_waiting
java.lang.Thread.State: TIMED_WAITING
        at sun.misc.Unsafe.park(Native Method)
        at java.util.concurrent.locks.LockSupport.parkNanos(LockSupport.java:215)
        at java.util.concurrent.locks.AbstractQueuedSynchronizer$ConditionObject.awaitNanos(AbstractQueuedSynchronizer.java:2078)
        at org.eclipse.jetty.util.BlockingArrayQueue.poll(BlockingArrayQueue.java:392)
        at org.eclipse.jetty.util.thread.QueuedThreadPool.idleJobPoll(QueuedThreadPool.java:563)
        at org.eclipse.jetty.util.thread.QueuedThreadPool.access$800(QueuedThreadPool.java:48)
        at org.eclipse.jetty.util.thread.QueuedThreadPool$2.run(QueuedThreadPool.java:626)
        at java.lang.Thread.run(Thread.java:748)
"metrics-hadoop-metrics2-reporter-34-thread-1" daemon prio=5 tid=790 timed_waiting
java.lang.Thread.State: TIMED_WAITING
        at sun.misc.Unsafe.park(Native Method)
        at java.util.concurrent.locks.LockSupport.parkNanos(LockSupport.java:215)
        at java.util.concurrent.locks.AbstractQueuedSynchronizer$ConditionObject.awaitNanos(AbstractQueuedSynchronizer.java:2078)
        at java.util.concurrent.ScheduledThreadPoolExecutor$DelayedWorkQueue.take(ScheduledThreadPoolExecutor.java:1093)
        at java.util.concurrent.ScheduledThreadPoolExecutor$DelayedWorkQueue.take(ScheduledThreadPoolExecutor.java:809)
        at java.util.concurrent.ThreadPoolExecutor.getTask(ThreadPoolExecutor.java:1074)
        at java.util.concurrent.ThreadPoolExecutor.runWorker(ThreadPoolExecutor.java:1134)
        at java.util.concurrent.ThreadPoolExecutor$Worker.run(ThreadPoolExecutor.java:624)
        at java.lang.Thread.run(Thread.java:748)
"pool-76-thread-20"  prio=5 tid=645 in Object.wait()
java.lang.Thread.State: WAITING (on object monitor)
        at sun.misc.Unsafe.park(Native Method)
        at java.util.concurrent.locks.LockSupport.park(LockSupport.java:175)
        at java.util.concurrent.locks.AbstractQueuedSynchronizer$ConditionObject.await(AbstractQueuedSynchronizer.java:2039)
        at java.util.concurrent.ArrayBlockingQueue.take(ArrayBlockingQueue.java:403)
        at java.util.concurrent.ThreadPoolExecutor.getTask(ThreadPoolExecutor.java:1074)
        at java.util.concurrent.ThreadPoolExecutor.runWorker(ThreadPoolExecutor.java:1134)
        at java.util.concurrent.ThreadPoolExecutor$Worker.run(ThreadPoolExecutor.java:624)
        at java.lang.Thread.run(Thread.java:748)
"metrics-hadoop-metrics2-reporter-21-thread-1" daemon prio=5 tid=752 timed_waiting
java.lang.Thread.State: TIMED_WAITING
        at sun.misc.Unsafe.park(Native Method)
        at java.util.concurrent.locks.LockSupport.parkNanos(LockSupport.java:215)
        at java.util.concurrent.locks.AbstractQueuedSynchronizer$ConditionObject.awaitNanos(AbstractQueuedSynchronizer.java:2078)
        at java.util.concurrent.ScheduledThreadPoolExecutor$DelayedWorkQueue.take(ScheduledThreadPoolExecutor.java:1093)
        at java.util.concurrent.ScheduledThreadPoolExecutor$DelayedWorkQueue.take(ScheduledThreadPoolExecutor.java:809)
        at java.util.concurrent.ThreadPoolExecutor.getTask(ThreadPoolExecutor.java:1074)
        at java.util.concurrent.ThreadPoolExecutor.runWorker(ThreadPoolExecutor.java:1134)
        at java.util.concurrent.ThreadPoolExecutor$Worker.run(ThreadPoolExecutor.java:624)
        at java.lang.Thread.run(Thread.java:748)
"pool-44-thread-1" daemon prio=5 tid=211 timed_waiting
java.lang.Thread.State: TIMED_WAITING
        at sun.misc.Unsafe.park(Native Method)
        at java.util.concurrent.locks.LockSupport.parkNanos(LockSupport.java:215)
        at java.util.concurrent.locks.AbstractQueuedSynchronizer$ConditionObject.awaitNanos(AbstractQueuedSynchronizer.java:2078)
        at java.util.concurrent.ScheduledThreadPoolExecutor$DelayedWorkQueue.take(ScheduledThreadPoolExecutor.java:1093)
        at java.util.concurrent.ScheduledThreadPoolExecutor$DelayedWorkQueue.take(ScheduledThreadPoolExecutor.java:809)
        at java.util.concurrent.ThreadPoolExecutor.getTask(ThreadPoolExecutor.java:1074)
        at java.util.concurrent.ThreadPoolExecutor.runWorker(ThreadPoolExecutor.java:1134)
        at java.util.concurrent.ThreadPoolExecutor$Worker.run(ThreadPoolExecutor.java:624)
        at java.lang.Thread.run(Thread.java:748)
"Thread-2248" daemon prio=5 tid=2843 terminated
java.lang.Thread.State: TERMINATED
        at java.lang.Thread.sleep(Native Method)
        at org.apache.ratis.util.JavaUtils.sleep(JavaUtils.java:247)
        at org.apache.ratis.server.impl.FollowerState.run(FollowerState.java:97)
"pool-76-thread-43"  prio=5 tid=668 in Object.wait()
java.lang.Thread.State: WAITING (on object monitor)
        at sun.misc.Unsafe.park(Native Method)
        at java.util.concurrent.locks.LockSupport.park(LockSupport.java:175)
        at java.util.concurrent.locks.AbstractQueuedSynchronizer$ConditionObject.await(AbstractQueuedSynchronizer.java:2039)
        at java.util.concurrent.ArrayBlockingQueue.take(ArrayBlockingQueue.java:403)
        at java.util.concurrent.ThreadPoolExecutor.getTask(ThreadPoolExecutor.java:1074)
        at java.util.concurrent.ThreadPoolExecutor.runWorker(ThreadPoolExecutor.java:1134)
        at java.util.concurrent.ThreadPoolExecutor$Worker.run(ThreadPoolExecutor.java:624)
        at java.lang.Thread.run(Thread.java:748)
"Periodic HDDS volume checker"  prio=5 tid=153 timed_waiting
java.lang.Thread.State: TIMED_WAITING
        at sun.misc.Unsafe.park(Native Method)
        at java.util.concurrent.locks.LockSupport.parkNanos(LockSupport.java:215)
        at java.util.concurrent.locks.AbstractQueuedSynchronizer$ConditionObject.awaitNanos(AbstractQueuedSynchronizer.java:2078)
        at java.util.concurrent.ScheduledThreadPoolExecutor$DelayedWorkQueue.take(ScheduledThreadPoolExecutor.java:1093)
        at java.util.concurrent.ScheduledThreadPoolExecutor$DelayedWorkQueue.take(ScheduledThreadPoolExecutor.java:809)
        at java.util.concurrent.ThreadPoolExecutor.getTask(ThreadPoolExecutor.java:1074)
        at java.util.concurrent.ThreadPoolExecutor.runWorker(ThreadPoolExecutor.java:1134)
        at java.util.concurrent.ThreadPoolExecutor$Worker.run(ThreadPoolExecutor.java:624)
        at java.lang.Thread.run(Thread.java:748)
"pool-56-thread-32"  prio=5 tid=530 in Object.wait()
java.lang.Thread.State: WAITING (on object monitor)
        at sun.misc.Unsafe.park(Native Method)
        at java.util.concurrent.locks.LockSupport.park(LockSupport.java:175)
        at java.util.concurrent.locks.AbstractQueuedSynchronizer$ConditionObject.await(AbstractQueuedSynchronizer.java:2039)
        at java.util.concurrent.ArrayBlockingQueue.take(ArrayBlockingQueue.java:403)
        at java.util.concurrent.ThreadPoolExecutor.getTask(ThreadPoolExecutor.java:1074)
        at java.util.concurrent.ThreadPoolExecutor.runWorker(ThreadPoolExecutor.java:1134)
        at java.util.concurrent.ThreadPoolExecutor$Worker.run(ThreadPoolExecutor.java:624)
        at java.lang.Thread.run(Thread.java:748)
"pool-76-thread-34"  prio=5 tid=659 in Object.wait()
java.lang.Thread.State: WAITING (on object monitor)
        at sun.misc.Unsafe.park(Native Method)
        at java.util.concurrent.locks.LockSupport.park(LockSupport.java:175)
        at java.util.concurrent.locks.AbstractQueuedSynchronizer$ConditionObject.await(AbstractQueuedSynchronizer.java:2039)
        at java.util.concurrent.ArrayBlockingQueue.take(ArrayBlockingQueue.java:403)
        at java.util.concurrent.ThreadPoolExecutor.getTask(ThreadPoolExecutor.java:1074)
        at java.util.concurrent.ThreadPoolExecutor.runWorker(ThreadPoolExecutor.java:1134)
        at java.util.concurrent.ThreadPoolExecutor$Worker.run(ThreadPoolExecutor.java:624)
        at java.lang.Thread.run(Thread.java:748)
"metrics-hadoop-metrics2-reporter-35-thread-1" daemon prio=5 tid=791 timed_waiting
java.lang.Thread.State: TIMED_WAITING
        at sun.misc.Unsafe.park(Native Method)
        at java.util.concurrent.locks.LockSupport.parkNanos(LockSupport.java:215)
        at java.util.concurrent.locks.AbstractQueuedSynchronizer$ConditionObject.awaitNanos(AbstractQueuedSynchronizer.java:2078)
        at java.util.concurrent.ScheduledThreadPoolExecutor$DelayedWorkQueue.take(ScheduledThreadPoolExecutor.java:1093)
        at java.util.concurrent.ScheduledThreadPoolExecutor$DelayedWorkQueue.take(ScheduledThreadPoolExecutor.java:809)
        at java.util.concurrent.ThreadPoolExecutor.getTask(ThreadPoolExecutor.java:1074)
        at java.util.concurrent.ThreadPoolExecutor.runWorker(ThreadPoolExecutor.java:1134)
        at java.util.concurrent.ThreadPoolExecutor$Worker.run(ThreadPoolExecutor.java:624)
        at java.lang.Thread.run(Thread.java:748)
"metrics-hadoop-metrics2-reporter-69-thread-1" daemon prio=5 tid=963 timed_waiting
java.lang.Thread.State: TIMED_WAITING
        at sun.misc.Unsafe.park(Native Method)
        at java.util.concurrent.locks.LockSupport.parkNanos(LockSupport.java:215)
        at java.util.concurrent.locks.AbstractQueuedSynchronizer$ConditionObject.awaitNanos(AbstractQueuedSynchronizer.java:2078)
        at java.util.concurrent.ScheduledThreadPoolExecutor$DelayedWorkQueue.take(ScheduledThreadPoolExecutor.java:1093)
        at java.util.concurrent.ScheduledThreadPoolExecutor$DelayedWorkQueue.take(ScheduledThreadPoolExecutor.java:809)
        at java.util.concurrent.ThreadPoolExecutor.getTask(ThreadPoolExecutor.java:1074)
        at java.util.concurrent.ThreadPoolExecutor.runWorker(ThreadPoolExecutor.java:1134)
        at java.util.concurrent.ThreadPoolExecutor$Worker.run(ThreadPoolExecutor.java:624)
        at java.lang.Thread.run(Thread.java:748)
"qtp92143380-272" daemon prio=5 tid=272 timed_waiting
java.lang.Thread.State: TIMED_WAITING
        at sun.misc.Unsafe.park(Native Method)
        at java.util.concurrent.locks.LockSupport.parkNanos(LockSupport.java:215)
        at java.util.concurrent.locks.AbstractQueuedSynchronizer$ConditionObject.awaitNanos(AbstractQueuedSynchronizer.java:2078)
        at org.eclipse.jetty.util.BlockingArrayQueue.poll(BlockingArrayQueue.java:392)
        at org.eclipse.jetty.util.thread.QueuedThreadPool.idleJobPoll(QueuedThreadPool.java:563)
        at org.eclipse.jetty.util.thread.QueuedThreadPool.access$800(QueuedThreadPool.java:48)
        at org.eclipse.jetty.util.thread.QueuedThreadPool$2.run(QueuedThreadPool.java:626)
        at java.lang.Thread.run(Thread.java:748)
"Datanode ReportManager Thread - 3" daemon prio=5 tid=175 in Object.wait()
java.lang.Thread.State: WAITING (on object monitor)
        at sun.misc.Unsafe.park(Native Method)
        at java.util.concurrent.locks.LockSupport.park(LockSupport.java:175)
        at java.util.concurrent.locks.AbstractQueuedSynchronizer$ConditionObject.await(AbstractQueuedSynchronizer.java:2039)
        at java.util.concurrent.ScheduledThreadPoolExecutor$DelayedWorkQueue.take(ScheduledThreadPoolExecutor.java:1088)
        at java.util.concurrent.ScheduledThreadPoolExecutor$DelayedWorkQueue.take(ScheduledThreadPoolExecutor.java:809)
        at java.util.concurrent.ThreadPoolExecutor.getTask(ThreadPoolExecutor.java:1074)
        at java.util.concurrent.ThreadPoolExecutor.runWorker(ThreadPoolExecutor.java:1134)
        at java.util.concurrent.ThreadPoolExecutor$Worker.run(ThreadPoolExecutor.java:624)
        at java.lang.Thread.run(Thread.java:748)
"pool-46-thread-42"  prio=5 tid=476 in Object.wait()
java.lang.Thread.State: WAITING (on object monitor)
        at sun.misc.Unsafe.park(Native Method)
        at java.util.concurrent.locks.LockSupport.park(LockSupport.java:175)
        at java.util.concurrent.locks.AbstractQueuedSynchronizer$ConditionObject.await(AbstractQueuedSynchronizer.java:2039)
        at java.util.concurrent.ArrayBlockingQueue.take(ArrayBlockingQueue.java:403)
        at java.util.concurrent.ThreadPoolExecutor.getTask(ThreadPoolExecutor.java:1074)
        at java.util.concurrent.ThreadPoolExecutor.runWorker(ThreadPoolExecutor.java:1134)
        at java.util.concurrent.ThreadPoolExecutor$Worker.run(ThreadPoolExecutor.java:624)
        at java.lang.Thread.run(Thread.java:748)
"pool-56-thread-15"  prio=5 tid=513 in Object.wait()
java.lang.Thread.State: WAITING (on object monitor)
        at sun.misc.Unsafe.park(Native Method)
        at java.util.concurrent.locks.LockSupport.park(LockSupport.java:175)
        at java.util.concurrent.locks.AbstractQueuedSynchronizer$ConditionObject.await(AbstractQueuedSynchronizer.java:2039)
        at java.util.concurrent.ArrayBlockingQueue.take(ArrayBlockingQueue.java:403)
        at java.util.concurrent.ThreadPoolExecutor.getTask(ThreadPoolExecutor.java:1074)
        at java.util.concurrent.ThreadPoolExecutor.runWorker(ThreadPoolExecutor.java:1134)
        at java.util.concurrent.ThreadPoolExecutor$Worker.run(ThreadPoolExecutor.java:624)
        at java.lang.Thread.run(Thread.java:748)
"qtp2116606463-219" daemon prio=5 tid=219 timed_waiting
java.lang.Thread.State: TIMED_WAITING
        at sun.misc.Unsafe.park(Native Method)
        at java.util.concurrent.locks.LockSupport.parkNanos(LockSupport.java:215)
        at java.util.concurrent.locks.AbstractQueuedSynchronizer$ConditionObject.awaitNanos(AbstractQueuedSynchronizer.java:2078)
        at org.eclipse.jetty.util.BlockingArrayQueue.poll(BlockingArrayQueue.java:392)
        at org.eclipse.jetty.util.thread.QueuedThreadPool.idleJobPoll(QueuedThreadPool.java:563)
        at org.eclipse.jetty.util.thread.QueuedThreadPool.access$800(QueuedThreadPool.java:48)
        at org.eclipse.jetty.util.thread.QueuedThreadPool$2.run(QueuedThreadPool.java:626)
        at java.lang.Thread.run(Thread.java:748)
"pool-76-thread-29"  prio=5 tid=654 in Object.wait()
java.lang.Thread.State: WAITING (on object monitor)
        at sun.misc.Unsafe.park(Native Method)
        at java.util.concurrent.locks.LockSupport.park(LockSupport.java:175)
        at java.util.concurrent.locks.AbstractQueuedSynchronizer$ConditionObject.await(AbstractQueuedSynchronizer.java:2039)
        at java.util.concurrent.ArrayBlockingQueue.take(ArrayBlockingQueue.java:403)
        at java.util.concurrent.ThreadPoolExecutor.getTask(ThreadPoolExecutor.java:1074)
        at java.util.concurrent.ThreadPoolExecutor.runWorker(ThreadPoolExecutor.java:1134)
        at java.util.concurrent.ThreadPoolExecutor$Worker.run(ThreadPoolExecutor.java:624)
        at java.lang.Thread.run(Thread.java:748)
"pool-46-thread-36"  prio=5 tid=470 in Object.wait()
java.lang.Thread.State: WAITING (on object monitor)
        at sun.misc.Unsafe.park(Native Method)
        at java.util.concurrent.locks.LockSupport.park(LockSupport.java:175)
        at java.util.concurrent.locks.AbstractQueuedSynchronizer$ConditionObject.await(AbstractQueuedSynchronizer.java:2039)
        at java.util.concurrent.ArrayBlockingQueue.take(ArrayBlockingQueue.java:403)
        at java.util.concurrent.ThreadPoolExecutor.getTask(ThreadPoolExecutor.java:1074)
        at java.util.concurrent.ThreadPoolExecutor.runWorker(ThreadPoolExecutor.java:1134)
        at java.util.concurrent.ThreadPoolExecutor$Worker.run(ThreadPoolExecutor.java:624)
        at java.lang.Thread.run(Thread.java:748)
"IPC Server handler 19 on 33440" daemon prio=5 tid=69 timed_waiting
java.lang.Thread.State: TIMED_WAITING
        at sun.misc.Unsafe.park(Native Method)
        at java.util.concurrent.locks.LockSupport.parkNanos(LockSupport.java:215)
        at java.util.concurrent.locks.AbstractQueuedSynchronizer$ConditionObject.awaitNanos(AbstractQueuedSynchronizer.java:2078)
        at java.util.concurrent.LinkedBlockingQueue.poll(LinkedBlockingQueue.java:467)
        at org.apache.hadoop.ipc.CallQueueManager.take(CallQueueManager.java:288)
        at org.apache.hadoop.ipc.Server$Handler.run(Server.java:2668)
"pool-26-thread-24"  prio=5 tid=362 in Object.wait()
java.lang.Thread.State: WAITING (on object monitor)
        at sun.misc.Unsafe.park(Native Method)
        at java.util.concurrent.locks.LockSupport.park(LockSupport.java:175)
        at java.util.concurrent.locks.AbstractQueuedSynchronizer$ConditionObject.await(AbstractQueuedSynchronizer.java:2039)
        at java.util.concurrent.ArrayBlockingQueue.take(ArrayBlockingQueue.java:403)
        at java.util.concurrent.ThreadPoolExecutor.getTask(ThreadPoolExecutor.java:1074)
        at java.util.concurrent.ThreadPoolExecutor.runWorker(ThreadPoolExecutor.java:1134)
        at java.util.concurrent.ThreadPoolExecutor$Worker.run(ThreadPoolExecutor.java:624)
        at java.lang.Thread.run(Thread.java:748)
"pool-66-thread-60"  prio=5 tid=623 in Object.wait()
java.lang.Thread.State: WAITING (on object monitor)
        at sun.misc.Unsafe.park(Native Method)
        at java.util.concurrent.locks.LockSupport.park(LockSupport.java:175)
        at java.util.concurrent.locks.AbstractQueuedSynchronizer$ConditionObject.await(AbstractQueuedSynchronizer.java:2039)
        at java.util.concurrent.ArrayBlockingQueue.take(ArrayBlockingQueue.java:403)
        at java.util.concurrent.ThreadPoolExecutor.getTask(ThreadPoolExecutor.java:1074)
        at java.util.concurrent.ThreadPoolExecutor.runWorker(ThreadPoolExecutor.java:1134)
        at java.util.concurrent.ThreadPoolExecutor$Worker.run(ThreadPoolExecutor.java:624)
        at java.lang.Thread.run(Thread.java:748)
"pool-56-thread-16"  prio=5 tid=514 in Object.wait()
java.lang.Thread.State: WAITING (on object monitor)
        at sun.misc.Unsafe.park(Native Method)
        at java.util.concurrent.locks.LockSupport.park(LockSupport.java:175)
        at java.util.concurrent.locks.AbstractQueuedSynchronizer$ConditionObject.await(AbstractQueuedSynchronizer.java:2039)
        at java.util.concurrent.ArrayBlockingQueue.take(ArrayBlockingQueue.java:403)
        at java.util.concurrent.ThreadPoolExecutor.getTask(ThreadPoolExecutor.java:1074)
        at java.util.concurrent.ThreadPoolExecutor.runWorker(ThreadPoolExecutor.java:1134)
        at java.util.concurrent.ThreadPoolExecutor$Worker.run(ThreadPoolExecutor.java:624)
        at java.lang.Thread.run(Thread.java:748)
"Thread-429" daemon prio=5 tid=1015 timed_waiting
java.lang.Thread.State: TIMED_WAITING
        at java.lang.Thread.sleep(Native Method)
        at org.apache.ratis.util.JavaUtils.sleep(JavaUtils.java:247)
        at org.apache.ratis.server.impl.FollowerState.run(FollowerState.java:97)
"pool-56-thread-30"  prio=5 tid=528 in Object.wait()
java.lang.Thread.State: WAITING (on object monitor)
        at sun.misc.Unsafe.park(Native Method)
        at java.util.concurrent.locks.LockSupport.park(LockSupport.java:175)
        at java.util.concurrent.locks.AbstractQueuedSynchronizer$ConditionObject.await(AbstractQueuedSynchronizer.java:2039)
        at java.util.concurrent.ArrayBlockingQueue.take(ArrayBlockingQueue.java:403)
        at java.util.concurrent.ThreadPoolExecutor.getTask(ThreadPoolExecutor.java:1074)
        at java.util.concurrent.ThreadPoolExecutor.runWorker(ThreadPoolExecutor.java:1134)
        at java.util.concurrent.ThreadPoolExecutor$Worker.run(ThreadPoolExecutor.java:624)
        at java.lang.Thread.run(Thread.java:748)
"pool-46-thread-37"  prio=5 tid=471 in Object.wait()
java.lang.Thread.State: WAITING (on object monitor)
        at sun.misc.Unsafe.park(Native Method)
        at java.util.concurrent.locks.LockSupport.park(LockSupport.java:175)
        at java.util.concurrent.locks.AbstractQueuedSynchronizer$ConditionObject.await(AbstractQueuedSynchronizer.java:2039)
        at java.util.concurrent.ArrayBlockingQueue.take(ArrayBlockingQueue.java:403)
        at java.util.concurrent.ThreadPoolExecutor.getTask(ThreadPoolExecutor.java:1074)
        at java.util.concurrent.ThreadPoolExecutor.runWorker(ThreadPoolExecutor.java:1134)
        at java.util.concurrent.ThreadPoolExecutor$Worker.run(ThreadPoolExecutor.java:624)
        at java.lang.Thread.run(Thread.java:748)
"Thread-2246" daemon prio=5 tid=2841 terminated
java.lang.Thread.State: TERMINATED
        at java.lang.Thread.sleep(Native Method)
        at org.apache.ratis.util.JavaUtils.sleep(JavaUtils.java:247)
        at org.apache.ratis.server.impl.FollowerState.run(FollowerState.java:97)
"Datanode ReportManager Thread - 0" daemon prio=5 tid=253 timed_waiting
java.lang.Thread.State: TIMED_WAITING
        at sun.misc.Unsafe.park(Native Method)
        at java.util.concurrent.locks.LockSupport.parkNanos(LockSupport.java:215)
        at java.util.concurrent.locks.AbstractQueuedSynchronizer$ConditionObject.awaitNanos(AbstractQueuedSynchronizer.java:2078)
        at java.util.concurrent.ScheduledThreadPoolExecutor$DelayedWorkQueue.take(ScheduledThreadPoolExecutor.java:1093)
        at java.util.concurrent.ScheduledThreadPoolExecutor$DelayedWorkQueue.take(ScheduledThreadPoolExecutor.java:809)
        at java.util.concurrent.ThreadPoolExecutor.getTask(ThreadPoolExecutor.java:1074)
        at java.util.concurrent.ThreadPoolExecutor.runWorker(ThreadPoolExecutor.java:1134)
        at java.util.concurrent.ThreadPoolExecutor$Worker.run(ThreadPoolExecutor.java:624)
        at java.lang.Thread.run(Thread.java:748)
"Datanode State Machine Thread - 0" daemon prio=5 tid=286 timed_waiting
java.lang.Thread.State: TIMED_WAITING
        at sun.misc.Unsafe.park(Native Method)
        at java.util.concurrent.locks.LockSupport.parkNanos(LockSupport.java:215)
        at java.util.concurrent.SynchronousQueue$TransferStack.awaitFulfill(SynchronousQueue.java:460)
        at java.util.concurrent.SynchronousQueue$TransferStack.transfer(SynchronousQueue.java:362)
        at java.util.concurrent.SynchronousQueue.poll(SynchronousQueue.java:941)
        at java.util.concurrent.ThreadPoolExecutor.getTask(ThreadPoolExecutor.java:1073)
        at java.util.concurrent.ThreadPoolExecutor.runWorker(ThreadPoolExecutor.java:1134)
        at java.util.concurrent.ThreadPoolExecutor$Worker.run(ThreadPoolExecutor.java:624)
        at java.lang.Thread.run(Thread.java:748)
"pool-76-thread-4"  prio=5 tid=629 in Object.wait()
java.lang.Thread.State: WAITING (on object monitor)
        at sun.misc.Unsafe.park(Native Method)
        at java.util.concurrent.locks.LockSupport.park(LockSupport.java:175)
        at java.util.concurrent.locks.AbstractQueuedSynchronizer$ConditionObject.await(AbstractQueuedSynchronizer.java:2039)
        at java.util.concurrent.ArrayBlockingQueue.take(ArrayBlockingQueue.java:403)
        at java.util.concurrent.ThreadPoolExecutor.getTask(ThreadPoolExecutor.java:1074)
        at java.util.concurrent.ThreadPoolExecutor.runWorker(ThreadPoolExecutor.java:1134)
        at java.util.concurrent.ThreadPoolExecutor$Worker.run(ThreadPoolExecutor.java:624)
        at java.lang.Thread.run(Thread.java:748)
"pool-74-thread-1" daemon prio=5 tid=292 timed_waiting
java.lang.Thread.State: TIMED_WAITING
        at sun.misc.Unsafe.park(Native Method)
        at java.util.concurrent.locks.LockSupport.parkNanos(LockSupport.java:215)
        at java.util.concurrent.locks.AbstractQueuedSynchronizer$ConditionObject.awaitNanos(AbstractQueuedSynchronizer.java:2078)
        at java.util.concurrent.ScheduledThreadPoolExecutor$DelayedWorkQueue.take(ScheduledThreadPoolExecutor.java:1093)
        at java.util.concurrent.ScheduledThreadPoolExecutor$DelayedWorkQueue.take(ScheduledThreadPoolExecutor.java:809)
        at java.util.concurrent.ThreadPoolExecutor.getTask(ThreadPoolExecutor.java:1074)
        at java.util.concurrent.ThreadPoolExecutor.runWorker(ThreadPoolExecutor.java:1134)
        at java.util.concurrent.ThreadPoolExecutor$Worker.run(ThreadPoolExecutor.java:624)
        at java.lang.Thread.run(Thread.java:748)
"Datanode State Machine Thread - 0" daemon prio=5 tid=306 timed_waiting
java.lang.Thread.State: TIMED_WAITING
        at java.lang.Thread.sleep(Native Method)
        at org.apache.hadoop.ozone.container.common.statemachine.DatanodeStateMachine.start(DatanodeStateMachine.java:191)
        at org.apache.hadoop.ozone.container.common.statemachine.DatanodeStateMachine.lambda$startDaemon$0(DatanodeStateMachine.java:349)
        at org.apache.hadoop.ozone.container.common.statemachine.DatanodeStateMachine$$Lambda$140/532411881.run(Unknown Source)
        at java.lang.Thread.run(Thread.java:748)
"pool-36-thread-19"  prio=5 tid=353 in Object.wait()
java.lang.Thread.State: WAITING (on object monitor)
        at sun.misc.Unsafe.park(Native Method)
        at java.util.concurrent.locks.LockSupport.park(LockSupport.java:175)
        at java.util.concurrent.locks.AbstractQueuedSynchronizer$ConditionObject.await(AbstractQueuedSynchronizer.java:2039)
        at java.util.concurrent.ArrayBlockingQueue.take(ArrayBlockingQueue.java:403)
        at java.util.concurrent.ThreadPoolExecutor.getTask(ThreadPoolExecutor.java:1074)
        at java.util.concurrent.ThreadPoolExecutor.runWorker(ThreadPoolExecutor.java:1134)
        at java.util.concurrent.ThreadPoolExecutor$Worker.run(ThreadPoolExecutor.java:624)
        at java.lang.Thread.run(Thread.java:748)
"pool-36-thread-20"  prio=5 tid=355 in Object.wait()
java.lang.Thread.State: WAITING (on object monitor)
        at sun.misc.Unsafe.park(Native Method)
        at java.util.concurrent.locks.LockSupport.park(LockSupport.java:175)
        at java.util.concurrent.locks.AbstractQueuedSynchronizer$ConditionObject.await(AbstractQueuedSynchronizer.java:2039)
        at java.util.concurrent.ArrayBlockingQueue.take(ArrayBlockingQueue.java:403)
        at java.util.concurrent.ThreadPoolExecutor.getTask(ThreadPoolExecutor.java:1074)
        at java.util.concurrent.ThreadPoolExecutor.runWorker(ThreadPoolExecutor.java:1134)
        at java.util.concurrent.ThreadPoolExecutor$Worker.run(ThreadPoolExecutor.java:624)
        at java.lang.Thread.run(Thread.java:748)
"pool-36-thread-37"  prio=5 tid=388 in Object.wait()
java.lang.Thread.State: WAITING (on object monitor)
        at sun.misc.Unsafe.park(Native Method)
        at java.util.concurrent.locks.LockSupport.park(LockSupport.java:175)
        at java.util.concurrent.locks.AbstractQueuedSynchronizer$ConditionObject.await(AbstractQueuedSynchronizer.java:2039)
        at java.util.concurrent.ArrayBlockingQueue.take(ArrayBlockingQueue.java:403)
        at java.util.concurrent.ThreadPoolExecutor.getTask(ThreadPoolExecutor.java:1074)
        at java.util.concurrent.ThreadPoolExecutor.runWorker(ThreadPoolExecutor.java:1134)
        at java.util.concurrent.ThreadPoolExecutor$Worker.run(ThreadPoolExecutor.java:624)
        at java.lang.Thread.run(Thread.java:748)
"pool-36-thread-51"  prio=5 tid=414 in Object.wait()
java.lang.Thread.State: WAITING (on object monitor)
        at sun.misc.Unsafe.park(Native Method)
        at java.util.concurrent.locks.LockSupport.park(LockSupport.java:175)
        at java.util.concurrent.locks.AbstractQueuedSynchronizer$ConditionObject.await(AbstractQueuedSynchronizer.java:2039)
        at java.util.concurrent.ArrayBlockingQueue.take(ArrayBlockingQueue.java:403)
        at java.util.concurrent.ThreadPoolExecutor.getTask(ThreadPoolExecutor.java:1074)
        at java.util.concurrent.ThreadPoolExecutor.runWorker(ThreadPoolExecutor.java:1134)
        at java.util.concurrent.ThreadPoolExecutor$Worker.run(ThreadPoolExecutor.java:624)
        at java.lang.Thread.run(Thread.java:748)
"pool-76-thread-9"  prio=5 tid=634 in Object.wait()
java.lang.Thread.State: WAITING (on object monitor)
        at sun.misc.Unsafe.park(Native Method)
        at java.util.concurrent.locks.LockSupport.park(LockSupport.java:175)
        at java.util.concurrent.locks.AbstractQueuedSynchronizer$ConditionObject.await(AbstractQueuedSynchronizer.java:2039)
        at java.util.concurrent.ArrayBlockingQueue.take(ArrayBlockingQueue.java:403)
        at java.util.concurrent.ThreadPoolExecutor.getTask(ThreadPoolExecutor.java:1074)
        at java.util.concurrent.ThreadPoolExecutor.runWorker(ThreadPoolExecutor.java:1134)
        at java.util.concurrent.ThreadPoolExecutor$Worker.run(ThreadPoolExecutor.java:624)
        at java.lang.Thread.run(Thread.java:748)
"pool-66-thread-44"  prio=5 tid=607 in Object.wait()
java.lang.Thread.State: WAITING (on object monitor)
        at sun.misc.Unsafe.park(Native Method)
        at java.util.concurrent.locks.LockSupport.park(LockSupport.java:175)
        at java.util.concurrent.locks.AbstractQueuedSynchronizer$ConditionObject.await(AbstractQueuedSynchronizer.java:2039)
        at java.util.concurrent.ArrayBlockingQueue.take(ArrayBlockingQueue.java:403)
        at java.util.concurrent.ThreadPoolExecutor.getTask(ThreadPoolExecutor.java:1074)
        at java.util.concurrent.ThreadPoolExecutor.runWorker(ThreadPoolExecutor.java:1134)
        at java.util.concurrent.ThreadPoolExecutor$Worker.run(ThreadPoolExecutor.java:624)
        at java.lang.Thread.run(Thread.java:748)
"pool-66-thread-15"  prio=5 tid=578 in Object.wait()
java.lang.Thread.State: WAITING (on object monitor)
        at sun.misc.Unsafe.park(Native Method)
        at java.util.concurrent.locks.LockSupport.park(LockSupport.java:175)
        at java.util.concurrent.locks.AbstractQueuedSynchronizer$ConditionObject.await(AbstractQueuedSynchronizer.java:2039)
        at java.util.concurrent.ArrayBlockingQueue.take(ArrayBlockingQueue.java:403)
        at java.util.concurrent.ThreadPoolExecutor.getTask(ThreadPoolExecutor.java:1074)
        at java.util.concurrent.ThreadPoolExecutor.runWorker(ThreadPoolExecutor.java:1134)
        at java.util.concurrent.ThreadPoolExecutor$Worker.run(ThreadPoolExecutor.java:624)
        at java.lang.Thread.run(Thread.java:748)
"pool-36-thread-21"  prio=5 tid=357 in Object.wait()
java.lang.Thread.State: WAITING (on object monitor)
        at sun.misc.Unsafe.park(Native Method)
        at java.util.concurrent.locks.LockSupport.park(LockSupport.java:175)
        at java.util.concurrent.locks.AbstractQueuedSynchronizer$ConditionObject.await(AbstractQueuedSynchronizer.java:2039)
        at java.util.concurrent.ArrayBlockingQueue.take(ArrayBlockingQueue.java:403)
        at java.util.concurrent.ThreadPoolExecutor.getTask(ThreadPoolExecutor.java:1074)
        at java.util.concurrent.ThreadPoolExecutor.runWorker(ThreadPoolExecutor.java:1134)
        at java.util.concurrent.ThreadPoolExecutor$Worker.run(ThreadPoolExecutor.java:624)
        at java.lang.Thread.run(Thread.java:748)
"qtp64027122-167" daemon prio=5 tid=167 timed_waiting
java.lang.Thread.State: TIMED_WAITING
        at sun.misc.Unsafe.park(Native Method)
        at java.util.concurrent.locks.LockSupport.parkNanos(LockSupport.java:215)
        at java.util.concurrent.locks.AbstractQueuedSynchronizer$ConditionObject.awaitNanos(AbstractQueuedSynchronizer.java:2078)
        at org.eclipse.jetty.util.BlockingArrayQueue.poll(BlockingArrayQueue.java:392)
        at org.eclipse.jetty.util.thread.QueuedThreadPool.idleJobPoll(QueuedThreadPool.java:563)
        at org.eclipse.jetty.util.thread.QueuedThreadPool.access$800(QueuedThreadPool.java:48)
        at org.eclipse.jetty.util.thread.QueuedThreadPool$2.run(QueuedThreadPool.java:626)
        at java.lang.Thread.run(Thread.java:748)
"pool-46-thread-20"  prio=5 tid=454 in Object.wait()
java.lang.Thread.State: WAITING (on object monitor)
        at sun.misc.Unsafe.park(Native Method)
        at java.util.concurrent.locks.LockSupport.park(LockSupport.java:175)
        at java.util.concurrent.locks.AbstractQueuedSynchronizer$ConditionObject.await(AbstractQueuedSynchronizer.java:2039)
        at java.util.concurrent.ArrayBlockingQueue.take(ArrayBlockingQueue.java:403)
        at java.util.concurrent.ThreadPoolExecutor.getTask(ThreadPoolExecutor.java:1074)
        at java.util.concurrent.ThreadPoolExecutor.runWorker(ThreadPoolExecutor.java:1134)
        at java.util.concurrent.ThreadPoolExecutor$Worker.run(ThreadPoolExecutor.java:624)
        at java.lang.Thread.run(Thread.java:748)
"pool-36-thread-1"  prio=5 tid=317 in Object.wait()
java.lang.Thread.State: WAITING (on object monitor)
        at sun.misc.Unsafe.park(Native Method)
        at java.util.concurrent.locks.LockSupport.park(LockSupport.java:175)
        at java.util.concurrent.locks.AbstractQueuedSynchronizer$ConditionObject.await(AbstractQueuedSynchronizer.java:2039)
        at java.util.concurrent.ArrayBlockingQueue.take(ArrayBlockingQueue.java:403)
        at java.util.concurrent.ThreadPoolExecutor.getTask(ThreadPoolExecutor.java:1074)
        at java.util.concurrent.ThreadPoolExecutor.runWorker(ThreadPoolExecutor.java:1134)
        at java.util.concurrent.ThreadPoolExecutor$Worker.run(ThreadPoolExecutor.java:624)
        at java.lang.Thread.run(Thread.java:748)
"pool-66-thread-21"  prio=5 tid=584 in Object.wait()
java.lang.Thread.State: WAITING (on object monitor)
        at sun.misc.Unsafe.park(Native Method)
        at java.util.concurrent.locks.LockSupport.park(LockSupport.java:175)
        at java.util.concurrent.locks.AbstractQueuedSynchronizer$ConditionObject.await(AbstractQueuedSynchronizer.java:2039)
        at java.util.concurrent.ArrayBlockingQueue.take(ArrayBlockingQueue.java:403)
        at java.util.concurrent.ThreadPoolExecutor.getTask(ThreadPoolExecutor.java:1074)
        at java.util.concurrent.ThreadPoolExecutor.runWorker(ThreadPoolExecutor.java:1134)
        at java.util.concurrent.ThreadPoolExecutor$Worker.run(ThreadPoolExecutor.java:624)
        at java.lang.Thread.run(Thread.java:748)
"pool-26-thread-5"  prio=5 tid=321 in Object.wait()
java.lang.Thread.State: WAITING (on object monitor)
        at sun.misc.Unsafe.park(Native Method)
        at java.util.concurrent.locks.LockSupport.park(LockSupport.java:175)
        at java.util.concurrent.locks.AbstractQueuedSynchronizer$ConditionObject.await(AbstractQueuedSynchronizer.java:2039)
        at java.util.concurrent.ArrayBlockingQueue.take(ArrayBlockingQueue.java:403)
        at java.util.concurrent.ThreadPoolExecutor.getTask(ThreadPoolExecutor.java:1074)
        at java.util.concurrent.ThreadPoolExecutor.runWorker(ThreadPoolExecutor.java:1134)
        at java.util.concurrent.ThreadPoolExecutor$Worker.run(ThreadPoolExecutor.java:624)
        at java.lang.Thread.run(Thread.java:748)
"org.eclipse.jetty.server.session.HashSessionManager@1c65b6d1Timer" daemon prio=5 tid=196 timed_waiting
java.lang.Thread.State: TIMED_WAITING
        at sun.misc.Unsafe.park(Native Method)
        at java.util.concurrent.locks.LockSupport.parkNanos(LockSupport.java:215)
        at java.util.concurrent.locks.AbstractQueuedSynchronizer$ConditionObject.awaitNanos(AbstractQueuedSynchronizer.java:2078)
        at java.util.concurrent.ScheduledThreadPoolExecutor$DelayedWorkQueue.take(ScheduledThreadPoolExecutor.java:1093)
        at java.util.concurrent.ScheduledThreadPoolExecutor$DelayedWorkQueue.take(ScheduledThreadPoolExecutor.java:809)
        at java.util.concurrent.ThreadPoolExecutor.getTask(ThreadPoolExecutor.java:1074)
        at java.util.concurrent.ThreadPoolExecutor.runWorker(ThreadPoolExecutor.java:1134)
        at java.util.concurrent.ThreadPoolExecutor$Worker.run(ThreadPoolExecutor.java:624)
        at java.lang.Thread.run(Thread.java:748)
"pool-56-thread-4"  prio=5 tid=499 in Object.wait()
java.lang.Thread.State: WAITING (on object monitor)
        at sun.misc.Unsafe.park(Native Method)
        at java.util.concurrent.locks.LockSupport.park(LockSupport.java:175)
        at java.util.concurrent.locks.AbstractQueuedSynchronizer$ConditionObject.await(AbstractQueuedSynchronizer.java:2039)
        at java.util.concurrent.ArrayBlockingQueue.take(ArrayBlockingQueue.java:403)
        at java.util.concurrent.ThreadPoolExecutor.getTask(ThreadPoolExecutor.java:1074)
        at java.util.concurrent.ThreadPoolExecutor.runWorker(ThreadPoolExecutor.java:1134)
        at java.util.concurrent.ThreadPoolExecutor$Worker.run(ThreadPoolExecutor.java:624)
        at java.lang.Thread.run(Thread.java:748)
"pool-26-thread-14"  prio=5 tid=340 in Object.wait()
java.lang.Thread.State: WAITING (on object monitor)
        at sun.misc.Unsafe.park(Native Method)
        at java.util.concurrent.locks.LockSupport.park(LockSupport.java:175)
        at java.util.concurrent.locks.AbstractQueuedSynchronizer$ConditionObject.await(AbstractQueuedSynchronizer.java:2039)
        at java.util.concurrent.ArrayBlockingQueue.take(ArrayBlockingQueue.java:403)
        at java.util.concurrent.ThreadPoolExecutor.getTask(ThreadPoolExecutor.java:1074)
        at java.util.concurrent.ThreadPoolExecutor.runWorker(ThreadPoolExecutor.java:1134)
        at java.util.concurrent.ThreadPoolExecutor$Worker.run(ThreadPoolExecutor.java:624)
        at java.lang.Thread.run(Thread.java:748)
"pool-36-thread-15"  prio=5 tid=345 in Object.wait()
java.lang.Thread.State: WAITING (on object monitor)
        at sun.misc.Unsafe.park(Native Method)
        at java.util.concurrent.locks.LockSupport.park(LockSupport.java:175)
        at java.util.concurrent.locks.AbstractQueuedSynchronizer$ConditionObject.await(AbstractQueuedSynchronizer.java:2039)
        at java.util.concurrent.ArrayBlockingQueue.take(ArrayBlockingQueue.java:403)
        at java.util.concurrent.ThreadPoolExecutor.getTask(ThreadPoolExecutor.java:1074)
        at java.util.concurrent.ThreadPoolExecutor.runWorker(ThreadPoolExecutor.java:1134)
        at java.util.concurrent.ThreadPoolExecutor$Worker.run(ThreadPoolExecutor.java:624)
        at java.lang.Thread.run(Thread.java:748)
"Datanode ReportManager Thread - 0" daemon prio=5 tid=199 in Object.wait()
java.lang.Thread.State: WAITING (on object monitor)
        at sun.misc.Unsafe.park(Native Method)
        at java.util.concurrent.locks.LockSupport.park(LockSupport.java:175)
        at java.util.concurrent.locks.AbstractQueuedSynchronizer$ConditionObject.await(AbstractQueuedSynchronizer.java:2039)
        at java.util.concurrent.ScheduledThreadPoolExecutor$DelayedWorkQueue.take(ScheduledThreadPoolExecutor.java:1088)
        at java.util.concurrent.ScheduledThreadPoolExecutor$DelayedWorkQueue.take(ScheduledThreadPoolExecutor.java:809)
        at java.util.concurrent.ThreadPoolExecutor.getTask(ThreadPoolExecutor.java:1074)
        at java.util.concurrent.ThreadPoolExecutor.runWorker(ThreadPoolExecutor.java:1134)
        at java.util.concurrent.ThreadPoolExecutor$Worker.run(ThreadPoolExecutor.java:624)
        at java.lang.Thread.run(Thread.java:748)
"Datanode State Machine Thread - 0" daemon prio=5 tid=259 timed_waiting
java.lang.Thread.State: TIMED_WAITING
        at sun.misc.Unsafe.park(Native Method)
        at java.util.concurrent.locks.LockSupport.parkNanos(LockSupport.java:215)
        at java.util.concurrent.SynchronousQueue$TransferStack.awaitFulfill(SynchronousQueue.java:460)
        at java.util.concurrent.SynchronousQueue$TransferStack.transfer(SynchronousQueue.java:362)
        at java.util.concurrent.SynchronousQueue.poll(SynchronousQueue.java:941)
        at java.util.concurrent.ThreadPoolExecutor.getTask(ThreadPoolExecutor.java:1073)
        at java.util.concurrent.ThreadPoolExecutor.runWorker(ThreadPoolExecutor.java:1134)
        at java.util.concurrent.ThreadPoolExecutor$Worker.run(ThreadPoolExecutor.java:624)
        at java.lang.Thread.run(Thread.java:748)
"pool-66-thread-38"  prio=5 tid=601 in Object.wait()
java.lang.Thread.State: WAITING (on object monitor)
        at sun.misc.Unsafe.park(Native Method)
        at java.util.concurrent.locks.LockSupport.park(LockSupport.java:175)
        at java.util.concurrent.locks.AbstractQueuedSynchronizer$ConditionObject.await(AbstractQueuedSynchronizer.java:2039)
        at java.util.concurrent.ArrayBlockingQueue.take(ArrayBlockingQueue.java:403)
        at java.util.concurrent.ThreadPoolExecutor.getTask(ThreadPoolExecutor.java:1074)
        at java.util.concurrent.ThreadPoolExecutor.runWorker(ThreadPoolExecutor.java:1134)
        at java.util.concurrent.ThreadPoolExecutor$Worker.run(ThreadPoolExecutor.java:624)
        at java.lang.Thread.run(Thread.java:748)
"pool-26-thread-12"  prio=5 tid=336 in Object.wait()
java.lang.Thread.State: WAITING (on object monitor)
        at sun.misc.Unsafe.park(Native Method)
        at java.util.concurrent.locks.LockSupport.park(LockSupport.java:175)
        at java.util.concurrent.locks.AbstractQueuedSynchronizer$ConditionObject.await(AbstractQueuedSynchronizer.java:2039)
        at java.util.concurrent.ArrayBlockingQueue.take(ArrayBlockingQueue.java:403)
        at java.util.concurrent.ThreadPoolExecutor.getTask(ThreadPoolExecutor.java:1074)
        at java.util.concurrent.ThreadPoolExecutor.runWorker(ThreadPoolExecutor.java:1134)
        at java.util.concurrent.ThreadPoolExecutor$Worker.run(ThreadPoolExecutor.java:624)
        at java.lang.Thread.run(Thread.java:748)
"qtp64027122-164" daemon prio=5 tid=164 timed_waiting
java.lang.Thread.State: TIMED_WAITING
        at sun.misc.Unsafe.park(Native Method)
        at java.util.concurrent.locks.LockSupport.parkNanos(LockSupport.java:215)
        at java.util.concurrent.locks.AbstractQueuedSynchronizer$ConditionObject.awaitNanos(AbstractQueuedSynchronizer.java:2078)
        at org.eclipse.jetty.util.BlockingArrayQueue.poll(BlockingArrayQueue.java:392)
        at org.eclipse.jetty.util.thread.QueuedThreadPool.idleJobPoll(QueuedThreadPool.java:563)
        at org.eclipse.jetty.util.thread.QueuedThreadPool.access$800(QueuedThreadPool.java:48)
        at org.eclipse.jetty.util.thread.QueuedThreadPool$2.run(QueuedThreadPool.java:626)
        at java.lang.Thread.run(Thread.java:748)
"pool-36-thread-58"  prio=5 tid=428 in Object.wait()
java.lang.Thread.State: WAITING (on object monitor)
        at sun.misc.Unsafe.park(Native Method)
        at java.util.concurrent.locks.LockSupport.park(LockSupport.java:175)
        at java.util.concurrent.locks.AbstractQueuedSynchronizer$ConditionObject.await(AbstractQueuedSynchronizer.java:2039)
        at java.util.concurrent.ArrayBlockingQueue.take(ArrayBlockingQueue.java:403)
        at java.util.concurrent.ThreadPoolExecutor.getTask(ThreadPoolExecutor.java:1074)
        at java.util.concurrent.ThreadPoolExecutor.runWorker(ThreadPoolExecutor.java:1134)
        at java.util.concurrent.ThreadPoolExecutor$Worker.run(ThreadPoolExecutor.java:624)
        at java.lang.Thread.run(Thread.java:748)
"metrics-hadoop-metrics2-reporter-50-thread-1" daemon prio=5 tid=888 timed_waiting
java.lang.Thread.State: TIMED_WAITING
        at sun.misc.Unsafe.park(Native Method)
        at java.util.concurrent.locks.LockSupport.parkNanos(LockSupport.java:215)
        at java.util.concurrent.locks.AbstractQueuedSynchronizer$ConditionObject.awaitNanos(AbstractQueuedSynchronizer.java:2078)
        at java.util.concurrent.ScheduledThreadPoolExecutor$DelayedWorkQueue.take(ScheduledThreadPoolExecutor.java:1093)
        at java.util.concurrent.ScheduledThreadPoolExecutor$DelayedWorkQueue.take(ScheduledThreadPoolExecutor.java:809)
        at java.util.concurrent.ThreadPoolExecutor.getTask(ThreadPoolExecutor.java:1074)
        at java.util.concurrent.ThreadPoolExecutor.runWorker(ThreadPoolExecutor.java:1134)
        at java.util.concurrent.ThreadPoolExecutor$Worker.run(ThreadPoolExecutor.java:624)
        at java.lang.Thread.run(Thread.java:748)
"pool-46-thread-3"  prio=5 tid=437 in Object.wait()
java.lang.Thread.State: WAITING (on object monitor)
        at sun.misc.Unsafe.park(Native Method)
        at java.util.concurrent.locks.LockSupport.park(LockSupport.java:175)
        at java.util.concurrent.locks.AbstractQueuedSynchronizer$ConditionObject.await(AbstractQueuedSynchronizer.java:2039)
        at java.util.concurrent.ArrayBlockingQueue.take(ArrayBlockingQueue.java:403)
        at java.util.concurrent.ThreadPoolExecutor.getTask(ThreadPoolExecutor.java:1074)
        at java.util.concurrent.ThreadPoolExecutor.runWorker(ThreadPoolExecutor.java:1134)
        at java.util.concurrent.ThreadPoolExecutor$Worker.run(ThreadPoolExecutor.java:624)
        at java.lang.Thread.run(Thread.java:748)
"prometheus" daemon prio=5 tid=101 runnable
java.lang.Thread.State: RUNNABLE
        at java.lang.Object.wait(Native Method)
        at java.lang.Object.wait(Object.java:502)
        at org.apache.hadoop.metrics2.impl.SinkQueue.waitForData(SinkQueue.java:114)
        at org.apache.hadoop.metrics2.impl.SinkQueue.consumeAll(SinkQueue.java:83)
        at org.apache.hadoop.metrics2.impl.MetricsSinkAdapter.publishMetricsFromQueue(MetricsSinkAdapter.java:135)
        at org.apache.hadoop.metrics2.impl.MetricsSinkAdapter$1.run(MetricsSinkAdapter.java:89)
"IPC Server handler 4 on 33440" daemon prio=5 tid=54 timed_waiting
java.lang.Thread.State: TIMED_WAITING
        at sun.misc.Unsafe.park(Native Method)
        at java.util.concurrent.locks.LockSupport.parkNanos(LockSupport.java:215)
        at java.util.concurrent.locks.AbstractQueuedSynchronizer$ConditionObject.awaitNanos(AbstractQueuedSynchronizer.java:2078)
        at java.util.concurrent.LinkedBlockingQueue.poll(LinkedBlockingQueue.java:467)
        at org.apache.hadoop.ipc.CallQueueManager.take(CallQueueManager.java:288)
        at org.apache.hadoop.ipc.Server$Handler.run(Server.java:2668)
"pool-76-thread-17"  prio=5 tid=642 in Object.wait()
java.lang.Thread.State: WAITING (on object monitor)
        at sun.misc.Unsafe.park(Native Method)
        at java.util.concurrent.locks.LockSupport.park(LockSupport.java:175)
        at java.util.concurrent.locks.AbstractQueuedSynchronizer$ConditionObject.await(AbstractQueuedSynchronizer.java:2039)
        at java.util.concurrent.ArrayBlockingQueue.take(ArrayBlockingQueue.java:403)
        at java.util.concurrent.ThreadPoolExecutor.getTask(ThreadPoolExecutor.java:1074)
        at java.util.concurrent.ThreadPoolExecutor.runWorker(ThreadPoolExecutor.java:1134)
        at java.util.concurrent.ThreadPoolExecutor$Worker.run(ThreadPoolExecutor.java:624)
        at java.lang.Thread.run(Thread.java:748)
"java.util.concurrent.ThreadPoolExecutor$Worker@3136b9cc[State = -1, empty queue]" daemon prio=5 tid=840 timed_waiting
java.lang.Thread.State: TIMED_WAITING
        at sun.misc.Unsafe.park(Native Method)
        at java.util.concurrent.locks.LockSupport.parkNanos(LockSupport.java:215)
        at java.util.concurrent.locks.AbstractQueuedSynchronizer$ConditionObject.awaitNanos(AbstractQueuedSynchronizer.java:2078)
        at java.util.concurrent.ScheduledThreadPoolExecutor$DelayedWorkQueue.take(ScheduledThreadPoolExecutor.java:1093)
        at java.util.concurrent.ScheduledThreadPoolExecutor$DelayedWorkQueue.take(ScheduledThreadPoolExecutor.java:809)
        at java.util.concurrent.ThreadPoolExecutor.getTask(ThreadPoolExecutor.java:1074)
        at java.util.concurrent.ThreadPoolExecutor.runWorker(ThreadPoolExecutor.java:1134)
        at java.util.concurrent.ThreadPoolExecutor$Worker.run(ThreadPoolExecutor.java:624)
        at java.lang.Thread.run(Thread.java:748)
"pool-56-thread-58"  prio=5 tid=559 in Object.wait()
java.lang.Thread.State: WAITING (on object monitor)
        at sun.misc.Unsafe.park(Native Method)
        at java.util.concurrent.locks.LockSupport.park(LockSupport.java:175)
        at java.util.concurrent.locks.AbstractQueuedSynchronizer$ConditionObject.await(AbstractQueuedSynchronizer.java:2039)
        at java.util.concurrent.ArrayBlockingQueue.take(ArrayBlockingQueue.java:403)
        at java.util.concurrent.ThreadPoolExecutor.getTask(ThreadPoolExecutor.java:1074)
        at java.util.concurrent.ThreadPoolExecutor.runWorker(ThreadPoolExecutor.java:1134)
        at java.util.concurrent.ThreadPoolExecutor$Worker.run(ThreadPoolExecutor.java:624)
        at java.lang.Thread.run(Thread.java:748)
"pool-36-thread-35"  prio=5 tid=384 in Object.wait()
java.lang.Thread.State: WAITING (on object monitor)
        at sun.misc.Unsafe.park(Native Method)
        at java.util.concurrent.locks.LockSupport.park(LockSupport.java:175)
        at java.util.concurrent.locks.AbstractQueuedSynchronizer$ConditionObject.await(AbstractQueuedSynchronizer.java:2039)
        at java.util.concurrent.ArrayBlockingQueue.take(ArrayBlockingQueue.java:403)
        at java.util.concurrent.ThreadPoolExecutor.getTask(ThreadPoolExecutor.java:1074)
        at java.util.concurrent.ThreadPoolExecutor.runWorker(ThreadPoolExecutor.java:1134)
        at java.util.concurrent.ThreadPoolExecutor$Worker.run(ThreadPoolExecutor.java:624)
        at java.lang.Thread.run(Thread.java:748)
"pool-76-thread-41"  prio=5 tid=666 in Object.wait()
java.lang.Thread.State: WAITING (on object monitor)
        at sun.misc.Unsafe.park(Native Method)
        at java.util.concurrent.locks.LockSupport.park(LockSupport.java:175)
        at java.util.concurrent.locks.AbstractQueuedSynchronizer$ConditionObject.await(AbstractQueuedSynchronizer.java:2039)
        at java.util.concurrent.ArrayBlockingQueue.take(ArrayBlockingQueue.java:403)
        at java.util.concurrent.ThreadPoolExecutor.getTask(ThreadPoolExecutor.java:1074)
        at java.util.concurrent.ThreadPoolExecutor.runWorker(ThreadPoolExecutor.java:1134)
        at java.util.concurrent.ThreadPoolExecutor$Worker.run(ThreadPoolExecutor.java:624)
        at java.lang.Thread.run(Thread.java:748)
"metrics-hadoop-metrics2-reporter-77-thread-1" daemon prio=5 tid=1031 timed_waiting
java.lang.Thread.State: TIMED_WAITING
        at sun.misc.Unsafe.park(Native Method)
        at java.util.concurrent.locks.LockSupport.parkNanos(LockSupport.java:215)
        at java.util.concurrent.locks.AbstractQueuedSynchronizer$ConditionObject.awaitNanos(AbstractQueuedSynchronizer.java:2078)
        at java.util.concurrent.ScheduledThreadPoolExecutor$DelayedWorkQueue.take(ScheduledThreadPoolExecutor.java:1093)
        at java.util.concurrent.ScheduledThreadPoolExecutor$DelayedWorkQueue.take(ScheduledThreadPoolExecutor.java:809)
        at java.util.concurrent.ThreadPoolExecutor.getTask(ThreadPoolExecutor.java:1074)
        at java.util.concurrent.ThreadPoolExecutor.runWorker(ThreadPoolExecutor.java:1134)
        at java.util.concurrent.ThreadPoolExecutor$Worker.run(ThreadPoolExecutor.java:624)
        at java.lang.Thread.run(Thread.java:748)
"qtp693544819-245" daemon prio=5 tid=245 timed_waiting
java.lang.Thread.State: TIMED_WAITING
        at sun.misc.Unsafe.park(Native Method)
        at java.util.concurrent.locks.LockSupport.parkNanos(LockSupport.java:215)
        at java.util.concurrent.locks.AbstractQueuedSynchronizer$ConditionObject.awaitNanos(AbstractQueuedSynchronizer.java:2078)
        at org.eclipse.jetty.util.BlockingArrayQueue.poll(BlockingArrayQueue.java:392)
        at org.eclipse.jetty.util.thread.QueuedThreadPool.idleJobPoll(QueuedThreadPool.java:563)
        at org.eclipse.jetty.util.thread.QueuedThreadPool.access$800(QueuedThreadPool.java:48)
        at org.eclipse.jetty.util.thread.QueuedThreadPool$2.run(QueuedThreadPool.java:626)
        at java.lang.Thread.run(Thread.java:748)
"IPC Server handler 12 on 33440" daemon prio=5 tid=62 timed_waiting
java.lang.Thread.State: TIMED_WAITING
        at sun.misc.Unsafe.park(Native Method)
        at java.util.concurrent.locks.LockSupport.parkNanos(LockSupport.java:215)
        at java.util.concurrent.locks.AbstractQueuedSynchronizer$ConditionObject.awaitNanos(AbstractQueuedSynchronizer.java:2078)
        at java.util.concurrent.LinkedBlockingQueue.poll(LinkedBlockingQueue.java:467)
        at org.apache.hadoop.ipc.CallQueueManager.take(CallQueueManager.java:288)
        at org.apache.hadoop.ipc.Server$Handler.run(Server.java:2668)
"pool-50-thread-1"  prio=5 tid=213 timed_waiting
java.lang.Thread.State: TIMED_WAITING
        at sun.misc.Unsafe.park(Native Method)
        at java.util.concurrent.locks.LockSupport.parkNanos(LockSupport.java:215)
        at java.util.concurrent.locks.AbstractQueuedSynchronizer$ConditionObject.awaitNanos(AbstractQueuedSynchronizer.java:2078)
        at java.util.concurrent.ScheduledThreadPoolExecutor$DelayedWorkQueue.take(ScheduledThreadPoolExecutor.java:1093)
        at java.util.concurrent.ScheduledThreadPoolExecutor$DelayedWorkQueue.take(ScheduledThreadPoolExecutor.java:809)
        at java.util.concurrent.ThreadPoolExecutor.getTask(ThreadPoolExecutor.java:1074)
        at java.util.concurrent.ThreadPoolExecutor.runWorker(ThreadPoolExecutor.java:1134)
        at java.util.concurrent.ThreadPoolExecutor$Worker.run(ThreadPoolExecutor.java:624)
        at java.lang.Thread.run(Thread.java:748)
"IPC Server handler 1 on 33440" daemon prio=5 tid=51 timed_waiting
java.lang.Thread.State: TIMED_WAITING
        at sun.misc.Unsafe.park(Native Method)
        at java.util.concurrent.locks.LockSupport.parkNanos(LockSupport.java:215)
        at java.util.concurrent.locks.AbstractQueuedSynchronizer$ConditionObject.awaitNanos(AbstractQueuedSynchronizer.java:2078)
        at java.util.concurrent.LinkedBlockingQueue.poll(LinkedBlockingQueue.java:467)
        at org.apache.hadoop.ipc.CallQueueManager.take(CallQueueManager.java:288)
        at org.apache.hadoop.ipc.Server$Handler.run(Server.java:2668)
"Datanode State Machine Thread - 0" daemon prio=5 tid=171 timed_waiting
java.lang.Thread.State: TIMED_WAITING
        at java.lang.Thread.sleep(Native Method)
        at org.apache.hadoop.ozone.container.common.statemachine.DatanodeStateMachine.start(DatanodeStateMachine.java:191)
        at org.apache.hadoop.ozone.container.common.statemachine.DatanodeStateMachine.lambda$startDaemon$0(DatanodeStateMachine.java:349)
        at org.apache.hadoop.ozone.container.common.statemachine.DatanodeStateMachine$$Lambda$140/532411881.run(Unknown Source)
        at java.lang.Thread.run(Thread.java:748)
"pool-46-thread-39"  prio=5 tid=473 in Object.wait()
java.lang.Thread.State: WAITING (on object monitor)
        at sun.misc.Unsafe.park(Native Method)
        at java.util.concurrent.locks.LockSupport.park(LockSupport.java:175)
        at java.util.concurrent.locks.AbstractQueuedSynchronizer$ConditionObject.await(AbstractQueuedSynchronizer.java:2039)
        at java.util.concurrent.ArrayBlockingQueue.take(ArrayBlockingQueue.java:403)
        at java.util.concurrent.ThreadPoolExecutor.getTask(ThreadPoolExecutor.java:1074)
        at java.util.concurrent.ThreadPoolExecutor.runWorker(ThreadPoolExecutor.java:1134)
        at java.util.concurrent.ThreadPoolExecutor$Worker.run(ThreadPoolExecutor.java:624)
        at java.lang.Thread.run(Thread.java:748)
"java.util.concurrent.ThreadPoolExecutor$Worker@32985810[State = -1, empty queue]" daemon prio=5 tid=1048 timed_waiting
java.lang.Thread.State: TIMED_WAITING
        at sun.misc.Unsafe.park(Native Method)
        at java.util.concurrent.locks.LockSupport.parkNanos(LockSupport.java:215)
        at java.util.concurrent.locks.AbstractQueuedSynchronizer$ConditionObject.awaitNanos(AbstractQueuedSynchronizer.java:2078)
        at java.util.concurrent.ScheduledThreadPoolExecutor$DelayedWorkQueue.take(ScheduledThreadPoolExecutor.java:1093)
        at java.util.concurrent.ScheduledThreadPoolExecutor$DelayedWorkQueue.take(ScheduledThreadPoolExecutor.java:809)
        at java.util.concurrent.ThreadPoolExecutor.getTask(ThreadPoolExecutor.java:1074)
        at java.util.concurrent.ThreadPoolExecutor.runWorker(ThreadPoolExecutor.java:1134)
        at java.util.concurrent.ThreadPoolExecutor$Worker.run(ThreadPoolExecutor.java:624)
        at java.lang.Thread.run(Thread.java:748)
"a3fa570c-ae50-443c-8ab2-043428e82a24@group-69898A346AAC-SegmentedRaftLogWorker"  prio=5 tid=927 timed_waiting
java.lang.Thread.State: TIMED_WAITING
        at sun.misc.Unsafe.park(Native Method)
        at java.util.concurrent.locks.LockSupport.parkNanos(LockSupport.java:215)
        at java.util.concurrent.locks.AbstractQueuedSynchronizer$ConditionObject.awaitNanos(AbstractQueuedSynchronizer.java:2078)
        at org.apache.ratis.util.DataBlockingQueue.poll(DataBlockingQueue.java:137)
        at org.apache.ratis.server.raftlog.segmented.SegmentedRaftLogWorker.run(SegmentedRaftLogWorker.java:282)
        at java.lang.Thread.run(Thread.java:748)
"metrics-hadoop-metrics2-reporter-16-thread-1" daemon prio=5 tid=740 timed_waiting
java.lang.Thread.State: TIMED_WAITING
        at sun.misc.Unsafe.park(Native Method)
        at java.util.concurrent.locks.LockSupport.parkNanos(LockSupport.java:215)
        at java.util.concurrent.locks.AbstractQueuedSynchronizer$ConditionObject.awaitNanos(AbstractQueuedSynchronizer.java:2078)
        at java.util.concurrent.ScheduledThreadPoolExecutor$DelayedWorkQueue.take(ScheduledThreadPoolExecutor.java:1093)
        at java.util.concurrent.ScheduledThreadPoolExecutor$DelayedWorkQueue.take(ScheduledThreadPoolExecutor.java:809)
        at java.util.concurrent.ThreadPoolExecutor.getTask(ThreadPoolExecutor.java:1074)
        at java.util.concurrent.ThreadPoolExecutor.runWorker(ThreadPoolExecutor.java:1134)
        at java.util.concurrent.ThreadPoolExecutor$Worker.run(ThreadPoolExecutor.java:624)
        at java.lang.Thread.run(Thread.java:748)
"pool-36-thread-41"  prio=5 tid=395 in Object.wait()
java.lang.Thread.State: WAITING (on object monitor)
        at sun.misc.Unsafe.park(Native Method)
        at java.util.concurrent.locks.LockSupport.park(LockSupport.java:175)
        at java.util.concurrent.locks.AbstractQueuedSynchronizer$ConditionObject.await(AbstractQueuedSynchronizer.java:2039)
        at java.util.concurrent.ArrayBlockingQueue.take(ArrayBlockingQueue.java:403)
        at java.util.concurrent.ThreadPoolExecutor.getTask(ThreadPoolExecutor.java:1074)
        at java.util.concurrent.ThreadPoolExecutor.runWorker(ThreadPoolExecutor.java:1134)
        at java.util.concurrent.ThreadPoolExecutor$Worker.run(ThreadPoolExecutor.java:624)
        at java.lang.Thread.run(Thread.java:748)
"IPC Server handler 7 on 33888" daemon prio=5 tid=37 timed_waiting
java.lang.Thread.State: TIMED_WAITING
        at sun.misc.Unsafe.park(Native Method)
        at java.util.concurrent.locks.LockSupport.parkNanos(LockSupport.java:215)
        at java.util.concurrent.locks.AbstractQueuedSynchronizer$ConditionObject.awaitNanos(AbstractQueuedSynchronizer.java:2078)
        at java.util.concurrent.LinkedBlockingQueue.poll(LinkedBlockingQueue.java:467)
        at org.apache.hadoop.ipc.CallQueueManager.take(CallQueueManager.java:288)
        at org.apache.hadoop.ipc.Server$Handler.run(Server.java:2668)
"IPC Server handler 4 on 41091" daemon prio=5 tid=119 timed_waiting
java.lang.Thread.State: TIMED_WAITING
        at sun.misc.Unsafe.park(Native Method)
        at java.util.concurrent.locks.LockSupport.parkNanos(LockSupport.java:215)
        at java.util.concurrent.locks.AbstractQueuedSynchronizer$ConditionObject.awaitNanos(AbstractQueuedSynchronizer.java:2078)
        at java.util.concurrent.LinkedBlockingQueue.poll(LinkedBlockingQueue.java:467)
        at org.apache.hadoop.ipc.CallQueueManager.take(CallQueueManager.java:288)
        at org.apache.hadoop.ipc.Server$Handler.run(Server.java:2668)
"pool-46-thread-60"  prio=5 tid=494 in Object.wait()
java.lang.Thread.State: WAITING (on object monitor)
        at sun.misc.Unsafe.park(Native Method)
        at java.util.concurrent.locks.LockSupport.park(LockSupport.java:175)
        at java.util.concurrent.locks.AbstractQueuedSynchronizer$ConditionObject.await(AbstractQueuedSynchronizer.java:2039)
        at java.util.concurrent.ArrayBlockingQueue.take(ArrayBlockingQueue.java:403)
        at java.util.concurrent.ThreadPoolExecutor.getTask(ThreadPoolExecutor.java:1074)
        at java.util.concurrent.ThreadPoolExecutor.runWorker(ThreadPoolExecutor.java:1134)
        at java.util.concurrent.ThreadPoolExecutor$Worker.run(ThreadPoolExecutor.java:624)
        at java.lang.Thread.run(Thread.java:748)
"Thread-433" daemon prio=5 tid=1019 timed_waiting
java.lang.Thread.State: TIMED_WAITING
        at sun.misc.Unsafe.park(Native Method)
        at java.util.concurrent.locks.LockSupport.parkNanos(LockSupport.java:215)
        at java.util.concurrent.locks.AbstractQueuedSynchronizer$ConditionObject.awaitNanos(AbstractQueuedSynchronizer.java:2078)
        at java.util.concurrent.ArrayBlockingQueue.poll(ArrayBlockingQueue.java:418)
        at org.apache.ratis.server.impl.LeaderState$EventQueue.poll(LeaderState.java:115)
        at org.apache.ratis.server.impl.LeaderState$EventProcessor.run(LeaderState.java:467)
"pool-26-thread-2"  prio=5 tid=316 in Object.wait()
java.lang.Thread.State: WAITING (on object monitor)
        at sun.misc.Unsafe.park(Native Method)
        at java.util.concurrent.locks.LockSupport.park(LockSupport.java:175)
        at java.util.concurrent.locks.AbstractQueuedSynchronizer$ConditionObject.await(AbstractQueuedSynchronizer.java:2039)
        at java.util.concurrent.ArrayBlockingQueue.take(ArrayBlockingQueue.java:403)
        at java.util.concurrent.ThreadPoolExecutor.getTask(ThreadPoolExecutor.java:1074)
        at java.util.concurrent.ThreadPoolExecutor.runWorker(ThreadPoolExecutor.java:1134)
        at java.util.concurrent.ThreadPoolExecutor$Worker.run(ThreadPoolExecutor.java:624)
        at java.lang.Thread.run(Thread.java:748)
"metrics-hadoop-metrics2-reporter-80-thread-1" daemon prio=5 tid=1045 timed_waiting
java.lang.Thread.State: TIMED_WAITING
        at sun.misc.Unsafe.park(Native Method)
        at java.util.concurrent.locks.LockSupport.parkNanos(LockSupport.java:215)
        at java.util.concurrent.locks.AbstractQueuedSynchronizer$ConditionObject.awaitNanos(AbstractQueuedSynchronizer.java:2078)
        at java.util.concurrent.ScheduledThreadPoolExecutor$DelayedWorkQueue.take(ScheduledThreadPoolExecutor.java:1093)
        at java.util.concurrent.ScheduledThreadPoolExecutor$DelayedWorkQueue.take(ScheduledThreadPoolExecutor.java:809)
        at java.util.concurrent.ThreadPoolExecutor.getTask(ThreadPoolExecutor.java:1074)
        at java.util.concurrent.ThreadPoolExecutor.runWorker(ThreadPoolExecutor.java:1134)
        at java.util.concurrent.ThreadPoolExecutor$Worker.run(ThreadPoolExecutor.java:624)
        at java.lang.Thread.run(Thread.java:748)
"pool-76-thread-22"  prio=5 tid=647 in Object.wait()
java.lang.Thread.State: WAITING (on object monitor)
        at sun.misc.Unsafe.park(Native Method)
        at java.util.concurrent.locks.LockSupport.park(LockSupport.java:175)
        at java.util.concurrent.locks.AbstractQueuedSynchronizer$ConditionObject.await(AbstractQueuedSynchronizer.java:2039)
        at java.util.concurrent.ArrayBlockingQueue.take(ArrayBlockingQueue.java:403)
        at java.util.concurrent.ThreadPoolExecutor.getTask(ThreadPoolExecutor.java:1074)
        at java.util.concurrent.ThreadPoolExecutor.runWorker(ThreadPoolExecutor.java:1134)
        at java.util.concurrent.ThreadPoolExecutor$Worker.run(ThreadPoolExecutor.java:624)
        at java.lang.Thread.run(Thread.java:748)
"9334f5f3-1c9b-4a41-9735-40b3bdb856ca@group-AD32415A553A-StateMachineUpdater" daemon prio=5 tid=739 in Object.wait()
java.lang.Thread.State: WAITING (on object monitor)
        at java.lang.Object.wait(Native Method)
        at java.lang.Object.wait(Object.java:502)
        at org.apache.ratis.server.impl.StateMachineUpdater.waitForCommit(StateMachineUpdater.java:194)
        at org.apache.ratis.server.impl.StateMachineUpdater.run(StateMachineUpdater.java:159)
        at java.lang.Thread.run(Thread.java:748)
"pool-56-thread-26"  prio=5 tid=524 in Object.wait()
java.lang.Thread.State: WAITING (on object monitor)
        at sun.misc.Unsafe.park(Native Method)
        at java.util.concurrent.locks.LockSupport.park(LockSupport.java:175)
        at java.util.concurrent.locks.AbstractQueuedSynchronizer$ConditionObject.await(AbstractQueuedSynchronizer.java:2039)
        at java.util.concurrent.ArrayBlockingQueue.take(ArrayBlockingQueue.java:403)
        at java.util.concurrent.ThreadPoolExecutor.getTask(ThreadPoolExecutor.java:1074)
        at java.util.concurrent.ThreadPoolExecutor.runWorker(ThreadPoolExecutor.java:1134)
        at java.util.concurrent.ThreadPoolExecutor$Worker.run(ThreadPoolExecutor.java:624)
        at java.lang.Thread.run(Thread.java:748)
"pool-46-thread-26"  prio=5 tid=460 in Object.wait()
java.lang.Thread.State: WAITING (on object monitor)
        at sun.misc.Unsafe.park(Native Method)
        at java.util.concurrent.locks.LockSupport.park(LockSupport.java:175)
        at java.util.concurrent.locks.AbstractQueuedSynchronizer$ConditionObject.await(AbstractQueuedSynchronizer.java:2039)
        at java.util.concurrent.ArrayBlockingQueue.take(ArrayBlockingQueue.java:403)
        at java.util.concurrent.ThreadPoolExecutor.getTask(ThreadPoolExecutor.java:1074)
        at java.util.concurrent.ThreadPoolExecutor.runWorker(ThreadPoolExecutor.java:1134)
        at java.util.concurrent.ThreadPoolExecutor$Worker.run(ThreadPoolExecutor.java:624)
        at java.lang.Thread.run(Thread.java:748)
"pool-36-thread-31"  prio=5 tid=375 in Object.wait()
java.lang.Thread.State: WAITING (on object monitor)
        at sun.misc.Unsafe.park(Native Method)
        at java.util.concurrent.locks.LockSupport.park(LockSupport.java:175)
        at java.util.concurrent.locks.AbstractQueuedSynchronizer$ConditionObject.await(AbstractQueuedSynchronizer.java:2039)
        at java.util.concurrent.ArrayBlockingQueue.take(ArrayBlockingQueue.java:403)
        at java.util.concurrent.ThreadPoolExecutor.getTask(ThreadPoolExecutor.java:1074)
        at java.util.concurrent.ThreadPoolExecutor.runWorker(ThreadPoolExecutor.java:1134)
        at java.util.concurrent.ThreadPoolExecutor$Worker.run(ThreadPoolExecutor.java:624)
        at java.lang.Thread.run(Thread.java:748)
"pool-46-thread-14"  prio=5 tid=448 in Object.wait()
java.lang.Thread.State: WAITING (on object monitor)
        at sun.misc.Unsafe.park(Native Method)
        at java.util.concurrent.locks.LockSupport.park(LockSupport.java:175)
        at java.util.concurrent.locks.AbstractQueuedSynchronizer$ConditionObject.await(AbstractQueuedSynchronizer.java:2039)
        at java.util.concurrent.ArrayBlockingQueue.take(ArrayBlockingQueue.java:403)
        at java.util.concurrent.ThreadPoolExecutor.getTask(ThreadPoolExecutor.java:1074)
        at java.util.concurrent.ThreadPoolExecutor.runWorker(ThreadPoolExecutor.java:1134)
        at java.util.concurrent.ThreadPoolExecutor$Worker.run(ThreadPoolExecutor.java:624)
        at java.lang.Thread.run(Thread.java:748)
"pool-26-thread-53"  prio=5 tid=421 in Object.wait()
java.lang.Thread.State: WAITING (on object monitor)
        at sun.misc.Unsafe.park(Native Method)
        at java.util.concurrent.locks.LockSupport.park(LockSupport.java:175)
        at java.util.concurrent.locks.AbstractQueuedSynchronizer$ConditionObject.await(AbstractQueuedSynchronizer.java:2039)
        at java.util.concurrent.ArrayBlockingQueue.take(ArrayBlockingQueue.java:403)
        at java.util.concurrent.ThreadPoolExecutor.getTask(ThreadPoolExecutor.java:1074)
        at java.util.concurrent.ThreadPoolExecutor.runWorker(ThreadPoolExecutor.java:1134)
        at java.util.concurrent.ThreadPoolExecutor$Worker.run(ThreadPoolExecutor.java:624)
        at java.lang.Thread.run(Thread.java:748)
"pool-76-thread-44"  prio=5 tid=669 in Object.wait()
java.lang.Thread.State: WAITING (on object monitor)
        at sun.misc.Unsafe.park(Native Method)
        at java.util.concurrent.locks.LockSupport.park(LockSupport.java:175)
        at java.util.concurrent.locks.AbstractQueuedSynchronizer$ConditionObject.await(AbstractQueuedSynchronizer.java:2039)
        at java.util.concurrent.ArrayBlockingQueue.take(ArrayBlockingQueue.java:403)
        at java.util.concurrent.ThreadPoolExecutor.getTask(ThreadPoolExecutor.java:1074)
        at java.util.concurrent.ThreadPoolExecutor.runWorker(ThreadPoolExecutor.java:1134)
        at java.util.concurrent.ThreadPoolExecutor$Worker.run(ThreadPoolExecutor.java:624)
        at java.lang.Thread.run(Thread.java:748)
"Thread-428" daemon prio=5 tid=1014 timed_waiting
java.lang.Thread.State: TIMED_WAITING
        at java.lang.Thread.sleep(Native Method)
        at org.apache.ratis.util.JavaUtils.sleep(JavaUtils.java:247)
        at org.apache.ratis.server.impl.FollowerState.run(FollowerState.java:97)
"3d3aac8b-d4d1-454d-bf0c-88a180692893@group-BAC069DAEF17-SegmentedRaftLogWorker"  prio=5 tid=948 timed_waiting
java.lang.Thread.State: TIMED_WAITING
        at sun.misc.Unsafe.park(Native Method)
        at java.util.concurrent.locks.LockSupport.parkNanos(LockSupport.java:215)
        at java.util.concurrent.locks.AbstractQueuedSynchronizer$ConditionObject.awaitNanos(AbstractQueuedSynchronizer.java:2078)
        at org.apache.ratis.util.DataBlockingQueue.poll(DataBlockingQueue.java:137)
        at org.apache.ratis.server.raftlog.segmented.SegmentedRaftLogWorker.run(SegmentedRaftLogWorker.java:282)
        at java.lang.Thread.run(Thread.java:748)
"IPC Server handler 13 on 41091" daemon prio=5 tid=129 timed_waiting
java.lang.Thread.State: TIMED_WAITING
        at sun.misc.Unsafe.park(Native Method)
        at java.util.concurrent.locks.LockSupport.parkNanos(LockSupport.java:215)
        at java.util.concurrent.locks.AbstractQueuedSynchronizer$ConditionObject.awaitNanos(AbstractQueuedSynchronizer.java:2078)
        at java.util.concurrent.LinkedBlockingQueue.poll(LinkedBlockingQueue.java:467)
        at org.apache.hadoop.ipc.CallQueueManager.take(CallQueueManager.java:288)
        at org.apache.hadoop.ipc.Server$Handler.run(Server.java:2668)
"IPC Server handler 3 on 33440" daemon prio=5 tid=53 timed_waiting
java.lang.Thread.State: TIMED_WAITING
        at sun.misc.Unsafe.park(Native Method)
        at java.util.concurrent.locks.LockSupport.parkNanos(LockSupport.java:215)
        at java.util.concurrent.locks.AbstractQueuedSynchronizer$ConditionObject.awaitNanos(AbstractQueuedSynchronizer.java:2078)
        at java.util.concurrent.LinkedBlockingQueue.poll(LinkedBlockingQueue.java:467)
        at org.apache.hadoop.ipc.CallQueueManager.take(CallQueueManager.java:288)
        at org.apache.hadoop.ipc.Server$Handler.run(Server.java:2668)
"metrics-hadoop-metrics2-reporter-42-thread-1" daemon prio=5 tid=826 timed_waiting
java.lang.Thread.State: TIMED_WAITING
        at sun.misc.Unsafe.park(Native Method)
        at java.util.concurrent.locks.LockSupport.parkNanos(LockSupport.java:215)
        at java.util.concurrent.locks.AbstractQueuedSynchronizer$ConditionObject.awaitNanos(AbstractQueuedSynchronizer.java:2078)
        at java.util.concurrent.ScheduledThreadPoolExecutor$DelayedWorkQueue.take(ScheduledThreadPoolExecutor.java:1093)
        at java.util.concurrent.ScheduledThreadPoolExecutor$DelayedWorkQueue.take(ScheduledThreadPoolExecutor.java:809)
        at java.util.concurrent.ThreadPoolExecutor.getTask(ThreadPoolExecutor.java:1074)
        at java.util.concurrent.ThreadPoolExecutor.runWorker(ThreadPoolExecutor.java:1134)
        at java.util.concurrent.ThreadPoolExecutor$Worker.run(ThreadPoolExecutor.java:624)
        at java.lang.Thread.run(Thread.java:748)
"pool-66-thread-28"  prio=5 tid=591 in Object.wait()
java.lang.Thread.State: WAITING (on object monitor)
        at sun.misc.Unsafe.park(Native Method)
        at java.util.concurrent.locks.LockSupport.park(LockSupport.java:175)
        at java.util.concurrent.locks.AbstractQueuedSynchronizer$ConditionObject.await(AbstractQueuedSynchronizer.java:2039)
        at java.util.concurrent.ArrayBlockingQueue.take(ArrayBlockingQueue.java:403)
        at java.util.concurrent.ThreadPoolExecutor.getTask(ThreadPoolExecutor.java:1074)
        at java.util.concurrent.ThreadPoolExecutor.runWorker(ThreadPoolExecutor.java:1134)
        at java.util.concurrent.ThreadPoolExecutor$Worker.run(ThreadPoolExecutor.java:624)
        at java.lang.Thread.run(Thread.java:748)
"qtp1051453582-187" daemon prio=5 tid=187 runnable
java.lang.Thread.State: RUNNABLE
        at sun.nio.ch.EPollArrayWrapper.epollWait(Native Method)
        at sun.nio.ch.EPollArrayWrapper.poll(EPollArrayWrapper.java:269)
        at sun.nio.ch.EPollSelectorImpl.doSelect(EPollSelectorImpl.java:93)
        at sun.nio.ch.SelectorImpl.lockAndDoSelect(SelectorImpl.java:86)
        at sun.nio.ch.SelectorImpl.select(SelectorImpl.java:97)
        at sun.nio.ch.SelectorImpl.select(SelectorImpl.java:101)
        at org.eclipse.jetty.io.ManagedSelector$SelectorProducer.select(ManagedSelector.java:243)
        at org.eclipse.jetty.io.ManagedSelector$SelectorProducer.produce(ManagedSelector.java:191)
        at org.eclipse.jetty.util.thread.strategy.ExecuteProduceConsume.executeProduceConsume(ExecuteProduceConsume.java:249)
        at org.eclipse.jetty.util.thread.strategy.ExecuteProduceConsume.produceConsume(ExecuteProduceConsume.java:148)
        at org.eclipse.jetty.util.thread.strategy.ExecuteProduceConsume.execute(ExecuteProduceConsume.java:100)
        at org.eclipse.jetty.io.ManagedSelector.run(ManagedSelector.java:147)
        at org.eclipse.jetty.util.thread.QueuedThreadPool.runJob(QueuedThreadPool.java:671)
        at org.eclipse.jetty.util.thread.QueuedThreadPool$2.run(QueuedThreadPool.java:589)
        at java.lang.Thread.run(Thread.java:748)
"IPC Server handler 16 on 41091" daemon prio=5 tid=132 timed_waiting
java.lang.Thread.State: TIMED_WAITING
        at sun.misc.Unsafe.park(Native Method)
        at java.util.concurrent.locks.LockSupport.parkNanos(LockSupport.java:215)
        at java.util.concurrent.locks.AbstractQueuedSynchronizer$ConditionObject.awaitNanos(AbstractQueuedSynchronizer.java:2078)
        at java.util.concurrent.LinkedBlockingQueue.poll(LinkedBlockingQueue.java:467)
        at org.apache.hadoop.ipc.CallQueueManager.take(CallQueueManager.java:288)
        at org.apache.hadoop.ipc.Server$Handler.run(Server.java:2668)
"pool-26-thread-52"  prio=5 tid=419 in Object.wait()
java.lang.Thread.State: WAITING (on object monitor)
        at sun.misc.Unsafe.park(Native Method)
        at java.util.concurrent.locks.LockSupport.park(LockSupport.java:175)
        at java.util.concurrent.locks.AbstractQueuedSynchronizer$ConditionObject.await(AbstractQueuedSynchronizer.java:2039)
        at java.util.concurrent.ArrayBlockingQueue.take(ArrayBlockingQueue.java:403)
        at java.util.concurrent.ThreadPoolExecutor.getTask(ThreadPoolExecutor.java:1074)
        at java.util.concurrent.ThreadPoolExecutor.runWorker(ThreadPoolExecutor.java:1134)
        at java.util.concurrent.ThreadPoolExecutor$Worker.run(ThreadPoolExecutor.java:624)
        at java.lang.Thread.run(Thread.java:748)
"pool-76-thread-53"  prio=5 tid=678 in Object.wait()
java.lang.Thread.State: WAITING (on object monitor)
        at sun.misc.Unsafe.park(Native Method)
        at java.util.concurrent.locks.LockSupport.park(LockSupport.java:175)
        at java.util.concurrent.locks.AbstractQueuedSynchronizer$ConditionObject.await(AbstractQueuedSynchronizer.java:2039)
        at java.util.concurrent.ArrayBlockingQueue.take(ArrayBlockingQueue.java:403)
        at java.util.concurrent.ThreadPoolExecutor.getTask(ThreadPoolExecutor.java:1074)
        at java.util.concurrent.ThreadPoolExecutor.runWorker(ThreadPoolExecutor.java:1134)
        at java.util.concurrent.ThreadPoolExecutor$Worker.run(ThreadPoolExecutor.java:624)
        at java.lang.Thread.run(Thread.java:748)
"pool-46-thread-9"  prio=5 tid=443 in Object.wait()
java.lang.Thread.State: WAITING (on object monitor)
        at sun.misc.Unsafe.park(Native Method)
        at java.util.concurrent.locks.LockSupport.park(LockSupport.java:175)
        at java.util.concurrent.locks.AbstractQueuedSynchronizer$ConditionObject.await(AbstractQueuedSynchronizer.java:2039)
        at java.util.concurrent.ArrayBlockingQueue.take(ArrayBlockingQueue.java:403)
        at java.util.concurrent.ThreadPoolExecutor.getTask(ThreadPoolExecutor.java:1074)
        at java.util.concurrent.ThreadPoolExecutor.runWorker(ThreadPoolExecutor.java:1134)
        at java.util.concurrent.ThreadPoolExecutor$Worker.run(ThreadPoolExecutor.java:624)
        at java.lang.Thread.run(Thread.java:748)
"qtp1051453582-190" daemon prio=5 tid=190 timed_waiting
java.lang.Thread.State: TIMED_WAITING
        at sun.misc.Unsafe.park(Native Method)
        at java.util.concurrent.locks.LockSupport.parkNanos(LockSupport.java:215)
        at java.util.concurrent.locks.AbstractQueuedSynchronizer$ConditionObject.awaitNanos(AbstractQueuedSynchronizer.java:2078)
        at org.eclipse.jetty.util.BlockingArrayQueue.poll(BlockingArrayQueue.java:392)
        at org.eclipse.jetty.util.thread.QueuedThreadPool.idleJobPoll(QueuedThreadPool.java:563)
        at org.eclipse.jetty.util.thread.QueuedThreadPool.access$800(QueuedThreadPool.java:48)
        at org.eclipse.jetty.util.thread.QueuedThreadPool$2.run(QueuedThreadPool.java:626)
        at java.lang.Thread.run(Thread.java:748)
"metrics-hadoop-metrics2-reporter-32-thread-1" daemon prio=5 tid=785 timed_waiting
java.lang.Thread.State: TIMED_WAITING
        at sun.misc.Unsafe.park(Native Method)
        at java.util.concurrent.locks.LockSupport.parkNanos(LockSupport.java:215)
        at java.util.concurrent.locks.AbstractQueuedSynchronizer$ConditionObject.awaitNanos(AbstractQueuedSynchronizer.java:2078)
        at java.util.concurrent.ScheduledThreadPoolExecutor$DelayedWorkQueue.take(ScheduledThreadPoolExecutor.java:1093)
        at java.util.concurrent.ScheduledThreadPoolExecutor$DelayedWorkQueue.take(ScheduledThreadPoolExecutor.java:809)
        at java.util.concurrent.ThreadPoolExecutor.getTask(ThreadPoolExecutor.java:1074)
        at java.util.concurrent.ThreadPoolExecutor.runWorker(ThreadPoolExecutor.java:1134)
        at java.util.concurrent.ThreadPoolExecutor$Worker.run(ThreadPoolExecutor.java:624)
        at java.lang.Thread.run(Thread.java:748)
"pool-26-thread-31"  prio=5 tid=376 in Object.wait()
java.lang.Thread.State: WAITING (on object monitor)
        at sun.misc.Unsafe.park(Native Method)
        at java.util.concurrent.locks.LockSupport.park(LockSupport.java:175)
        at java.util.concurrent.locks.AbstractQueuedSynchronizer$ConditionObject.await(AbstractQueuedSynchronizer.java:2039)
        at java.util.concurrent.ArrayBlockingQueue.take(ArrayBlockingQueue.java:403)
        at java.util.concurrent.ThreadPoolExecutor.getTask(ThreadPoolExecutor.java:1074)
        at java.util.concurrent.ThreadPoolExecutor.runWorker(ThreadPoolExecutor.java:1134)
        at java.util.concurrent.ThreadPoolExecutor$Worker.run(ThreadPoolExecutor.java:624)
        at java.lang.Thread.run(Thread.java:748)
"org.eclipse.jetty.server.session.HashSessionManager@6317e921Timer" daemon prio=5 tid=146 timed_waiting
java.lang.Thread.State: TIMED_WAITING
        at sun.misc.Unsafe.park(Native Method)
        at java.util.concurrent.locks.LockSupport.parkNanos(LockSupport.java:215)
        at java.util.concurrent.locks.AbstractQueuedSynchronizer$ConditionObject.awaitNanos(AbstractQueuedSynchronizer.java:2078)
        at java.util.concurrent.ScheduledThreadPoolExecutor$DelayedWorkQueue.take(ScheduledThreadPoolExecutor.java:1093)
        at java.util.concurrent.ScheduledThreadPoolExecutor$DelayedWorkQueue.take(ScheduledThreadPoolExecutor.java:809)
        at java.util.concurrent.ThreadPoolExecutor.getTask(ThreadPoolExecutor.java:1074)
        at java.util.concurrent.ThreadPoolExecutor.runWorker(ThreadPoolExecutor.java:1134)
        at java.util.concurrent.ThreadPoolExecutor$Worker.run(ThreadPoolExecutor.java:624)
        at java.lang.Thread.run(Thread.java:748)
"IPC Server handler 9 on 33440" daemon prio=5 tid=59 timed_waiting
java.lang.Thread.State: TIMED_WAITING
        at sun.misc.Unsafe.park(Native Method)
        at java.util.concurrent.locks.LockSupport.parkNanos(LockSupport.java:215)
        at java.util.concurrent.locks.AbstractQueuedSynchronizer$ConditionObject.awaitNanos(AbstractQueuedSynchronizer.java:2078)
        at java.util.concurrent.LinkedBlockingQueue.poll(LinkedBlockingQueue.java:467)
        at org.apache.hadoop.ipc.CallQueueManager.take(CallQueueManager.java:288)
        at org.apache.hadoop.ipc.Server$Handler.run(Server.java:2668)
"refreshUsed-/workdir/hadoop-ozone/integration-test/target/test-dir/MiniOzoneClusterImpl-58fc3ecd-0fbd-4e7b-a09c-4106a93dde4d/datanode-2/data/containers" daemon prio=5 tid=209 timed_waiting
java.lang.Thread.State: TIMED_WAITING
        at java.lang.Thread.sleep(Native Method)
        at org.apache.hadoop.fs.CachingGetSpaceUsed$RefreshThread.run(CachingGetSpaceUsed.java:179)
        at java.lang.Thread.run(Thread.java:748)
"IPC Server handler 17 on 33888" daemon prio=5 tid=47 timed_waiting
java.lang.Thread.State: TIMED_WAITING
        at sun.misc.Unsafe.park(Native Method)
        at java.util.concurrent.locks.LockSupport.parkNanos(LockSupport.java:215)
        at java.util.concurrent.locks.AbstractQueuedSynchronizer$ConditionObject.awaitNanos(AbstractQueuedSynchronizer.java:2078)
        at java.util.concurrent.LinkedBlockingQueue.poll(LinkedBlockingQueue.java:467)
        at org.apache.hadoop.ipc.CallQueueManager.take(CallQueueManager.java:288)
        at org.apache.hadoop.ipc.Server$Handler.run(Server.java:2668)
"pool-46-thread-17"  prio=5 tid=451 in Object.wait()
java.lang.Thread.State: WAITING (on object monitor)
        at sun.misc.Unsafe.park(Native Method)
        at java.util.concurrent.locks.LockSupport.park(LockSupport.java:175)
        at java.util.concurrent.locks.AbstractQueuedSynchronizer$ConditionObject.await(AbstractQueuedSynchronizer.java:2039)
        at java.util.concurrent.ArrayBlockingQueue.take(ArrayBlockingQueue.java:403)
        at java.util.concurrent.ThreadPoolExecutor.getTask(ThreadPoolExecutor.java:1074)
        at java.util.concurrent.ThreadPoolExecutor.runWorker(ThreadPoolExecutor.java:1134)
        at java.util.concurrent.ThreadPoolExecutor$Worker.run(ThreadPoolExecutor.java:624)
        at java.lang.Thread.run(Thread.java:748)
"IPC Server handler 9 on 33888" daemon prio=5 tid=39 timed_waiting
java.lang.Thread.State: TIMED_WAITING
        at sun.misc.Unsafe.park(Native Method)
        at java.util.concurrent.locks.LockSupport.parkNanos(LockSupport.java:215)
        at java.util.concurrent.locks.AbstractQueuedSynchronizer$ConditionObject.awaitNanos(AbstractQueuedSynchronizer.java:2078)
        at java.util.concurrent.LinkedBlockingQueue.poll(LinkedBlockingQueue.java:467)
        at org.apache.hadoop.ipc.CallQueueManager.take(CallQueueManager.java:288)
        at org.apache.hadoop.ipc.Server$Handler.run(Server.java:2668)
"pool-26-thread-7"  prio=5 tid=325 in Object.wait()
java.lang.Thread.State: WAITING (on object monitor)
        at sun.misc.Unsafe.park(Native Method)
        at java.util.concurrent.locks.LockSupport.park(LockSupport.java:175)
        at java.util.concurrent.locks.AbstractQueuedSynchronizer$ConditionObject.await(AbstractQueuedSynchronizer.java:2039)
        at java.util.concurrent.ArrayBlockingQueue.take(ArrayBlockingQueue.java:403)
        at java.util.concurrent.ThreadPoolExecutor.getTask(ThreadPoolExecutor.java:1074)
        at java.util.concurrent.ThreadPoolExecutor.runWorker(ThreadPoolExecutor.java:1134)
        at java.util.concurrent.ThreadPoolExecutor$Worker.run(ThreadPoolExecutor.java:624)
        at java.lang.Thread.run(Thread.java:748)
"pool-56-thread-25"  prio=5 tid=523 in Object.wait()
java.lang.Thread.State: WAITING (on object monitor)
        at sun.misc.Unsafe.park(Native Method)
        at java.util.concurrent.locks.LockSupport.park(LockSupport.java:175)
        at java.util.concurrent.locks.AbstractQueuedSynchronizer$ConditionObject.await(AbstractQueuedSynchronizer.java:2039)
        at java.util.concurrent.ArrayBlockingQueue.take(ArrayBlockingQueue.java:403)
        at java.util.concurrent.ThreadPoolExecutor.getTask(ThreadPoolExecutor.java:1074)
        at java.util.concurrent.ThreadPoolExecutor.runWorker(ThreadPoolExecutor.java:1134)
        at java.util.concurrent.ThreadPoolExecutor$Worker.run(ThreadPoolExecutor.java:624)
        at java.lang.Thread.run(Thread.java:748)
"4b487190-7547-40c7-b780-43c37a89e8eb@group-BAC069DAEF17-StateMachineUpdater" daemon prio=5 tid=958 in Object.wait()
java.lang.Thread.State: WAITING (on object monitor)
        at java.lang.Object.wait(Native Method)
        at java.lang.Object.wait(Object.java:502)
        at org.apache.ratis.server.impl.StateMachineUpdater.waitForCommit(StateMachineUpdater.java:194)
        at org.apache.ratis.server.impl.StateMachineUpdater.run(StateMachineUpdater.java:159)
        at java.lang.Thread.run(Thread.java:748)
"org.eclipse.jetty.server.session.HashSessionManager@7885eedTimer" daemon prio=5 tid=303 timed_waiting
java.lang.Thread.State: TIMED_WAITING
        at sun.misc.Unsafe.park(Native Method)
        at java.util.concurrent.locks.LockSupport.parkNanos(LockSupport.java:215)
        at java.util.concurrent.locks.AbstractQueuedSynchronizer$ConditionObject.awaitNanos(AbstractQueuedSynchronizer.java:2078)
        at java.util.concurrent.ScheduledThreadPoolExecutor$DelayedWorkQueue.take(ScheduledThreadPoolExecutor.java:1093)
        at java.util.concurrent.ScheduledThreadPoolExecutor$DelayedWorkQueue.take(ScheduledThreadPoolExecutor.java:809)
        at java.util.concurrent.ThreadPoolExecutor.getTask(ThreadPoolExecutor.java:1074)
        at java.util.concurrent.ThreadPoolExecutor.runWorker(ThreadPoolExecutor.java:1134)
        at java.util.concurrent.ThreadPoolExecutor$Worker.run(ThreadPoolExecutor.java:624)
        at java.lang.Thread.run(Thread.java:748)
"Datanode State Machine Thread - 0" daemon prio=5 tid=232 timed_waiting
java.lang.Thread.State: TIMED_WAITING
        at sun.misc.Unsafe.park(Native Method)
        at java.util.concurrent.locks.LockSupport.parkNanos(LockSupport.java:215)
        at java.util.concurrent.SynchronousQueue$TransferStack.awaitFulfill(SynchronousQueue.java:460)
        at java.util.concurrent.SynchronousQueue$TransferStack.transfer(SynchronousQueue.java:362)
        at java.util.concurrent.SynchronousQueue.poll(SynchronousQueue.java:941)
        at java.util.concurrent.ThreadPoolExecutor.getTask(ThreadPoolExecutor.java:1073)
        at java.util.concurrent.ThreadPoolExecutor.runWorker(ThreadPoolExecutor.java:1134)
        at java.util.concurrent.ThreadPoolExecutor$Worker.run(ThreadPoolExecutor.java:624)
        at java.lang.Thread.run(Thread.java:748)
"qtp441384075-141" daemon prio=5 tid=141 timed_waiting
java.lang.Thread.State: TIMED_WAITING
        at sun.misc.Unsafe.park(Native Method)
        at java.util.concurrent.locks.LockSupport.parkNanos(LockSupport.java:215)
        at java.util.concurrent.locks.AbstractQueuedSynchronizer$ConditionObject.awaitNanos(AbstractQueuedSynchronizer.java:2078)
        at org.eclipse.jetty.util.BlockingArrayQueue.poll(BlockingArrayQueue.java:392)
        at org.eclipse.jetty.util.thread.QueuedThreadPool.idleJobPoll(QueuedThreadPool.java:563)
        at org.eclipse.jetty.util.thread.QueuedThreadPool.access$800(QueuedThreadPool.java:48)
        at org.eclipse.jetty.util.thread.QueuedThreadPool$2.run(QueuedThreadPool.java:626)
        at java.lang.Thread.run(Thread.java:748)
"BlockDeletingService#1" daemon prio=5 tid=687 in Object.wait()
java.lang.Thread.State: WAITING (on object monitor)
        at sun.misc.Unsafe.park(Native Method)
        at java.util.concurrent.locks.LockSupport.park(LockSupport.java:175)
        at java.util.concurrent.locks.AbstractQueuedSynchronizer$ConditionObject.await(AbstractQueuedSynchronizer.java:2039)
        at java.util.concurrent.ScheduledThreadPoolExecutor$DelayedWorkQueue.take(ScheduledThreadPoolExecutor.java:1088)
        at java.util.concurrent.ScheduledThreadPoolExecutor$DelayedWorkQueue.take(ScheduledThreadPoolExecutor.java:809)
        at java.util.concurrent.ThreadPoolExecutor.getTask(ThreadPoolExecutor.java:1074)
        at java.util.concurrent.ThreadPoolExecutor.runWorker(ThreadPoolExecutor.java:1134)
        at java.util.concurrent.ThreadPoolExecutor$Worker.run(ThreadPoolExecutor.java:624)
        at java.lang.Thread.run(Thread.java:748)
"DataNode DiskChecker thread 0" daemon prio=5 tid=210 timed_waiting
java.lang.Thread.State: TIMED_WAITING
        at sun.misc.Unsafe.park(Native Method)
        at java.util.concurrent.locks.LockSupport.parkNanos(LockSupport.java:215)
        at java.util.concurrent.SynchronousQueue$TransferStack.awaitFulfill(SynchronousQueue.java:460)
        at java.util.concurrent.SynchronousQueue$TransferStack.transfer(SynchronousQueue.java:362)
        at java.util.concurrent.SynchronousQueue.poll(SynchronousQueue.java:941)
        at java.util.concurrent.ThreadPoolExecutor.getTask(ThreadPoolExecutor.java:1073)
        at java.util.concurrent.ThreadPoolExecutor.runWorker(ThreadPoolExecutor.java:1134)
        at java.util.concurrent.ThreadPoolExecutor$Worker.run(ThreadPoolExecutor.java:624)
        at java.lang.Thread.run(Thread.java:748)
"KeyDeletingService#1" daemon prio=5 tid=124 in Object.wait()
java.lang.Thread.State: WAITING (on object monitor)
        at sun.misc.Unsafe.park(Native Method)
        at java.util.concurrent.locks.LockSupport.park(LockSupport.java:175)
        at java.util.concurrent.locks.AbstractQueuedSynchronizer$ConditionObject.await(AbstractQueuedSynchronizer.java:2039)
        at java.util.concurrent.ScheduledThreadPoolExecutor$DelayedWorkQueue.take(ScheduledThreadPoolExecutor.java:1088)
        at java.util.concurrent.ScheduledThreadPoolExecutor$DelayedWorkQueue.take(ScheduledThreadPoolExecutor.java:809)
        at java.util.concurrent.ThreadPoolExecutor.getTask(ThreadPoolExecutor.java:1074)
        at java.util.concurrent.ThreadPoolExecutor.runWorker(ThreadPoolExecutor.java:1134)
        at java.util.concurrent.ThreadPoolExecutor$Worker.run(ThreadPoolExecutor.java:624)
        at java.lang.Thread.run(Thread.java:748)
"org.eclipse.jetty.server.session.HashSessionManager@31ea0449Timer" daemon prio=5 tid=276 timed_waiting
java.lang.Thread.State: TIMED_WAITING
        at sun.misc.Unsafe.park(Native Method)
        at java.util.concurrent.locks.LockSupport.parkNanos(LockSupport.java:215)
        at java.util.concurrent.locks.AbstractQueuedSynchronizer$ConditionObject.awaitNanos(AbstractQueuedSynchronizer.java:2078)
        at java.util.concurrent.ScheduledThreadPoolExecutor$DelayedWorkQueue.take(ScheduledThreadPoolExecutor.java:1093)
        at java.util.concurrent.ScheduledThreadPoolExecutor$DelayedWorkQueue.take(ScheduledThreadPoolExecutor.java:809)
        at java.util.concurrent.ThreadPoolExecutor.getTask(ThreadPoolExecutor.java:1074)
        at java.util.concurrent.ThreadPoolExecutor.runWorker(ThreadPoolExecutor.java:1134)
        at java.util.concurrent.ThreadPoolExecutor$Worker.run(ThreadPoolExecutor.java:624)
        at java.lang.Thread.run(Thread.java:748)
"Datanode ReportManager Thread - 1" daemon prio=5 tid=281 in Object.wait()
java.lang.Thread.State: WAITING (on object monitor)
        at sun.misc.Unsafe.park(Native Method)
        at java.util.concurrent.locks.LockSupport.park(LockSupport.java:175)
        at java.util.concurrent.locks.AbstractQueuedSynchronizer$ConditionObject.await(AbstractQueuedSynchronizer.java:2039)
        at java.util.concurrent.ScheduledThreadPoolExecutor$DelayedWorkQueue.take(ScheduledThreadPoolExecutor.java:1088)
        at java.util.concurrent.ScheduledThreadPoolExecutor$DelayedWorkQueue.take(ScheduledThreadPoolExecutor.java:809)
        at java.util.concurrent.ThreadPoolExecutor.getTask(ThreadPoolExecutor.java:1074)
        at java.util.concurrent.ThreadPoolExecutor.runWorker(ThreadPoolExecutor.java:1134)
        at java.util.concurrent.ThreadPoolExecutor$Worker.run(ThreadPoolExecutor.java:624)
        at java.lang.Thread.run(Thread.java:748)
"qtp693544819-246" daemon prio=5 tid=246 timed_waiting
java.lang.Thread.State: TIMED_WAITING
        at sun.misc.Unsafe.park(Native Method)
        at java.util.concurrent.locks.LockSupport.parkNanos(LockSupport.java:215)
        at java.util.concurrent.locks.AbstractQueuedSynchronizer$ConditionObject.awaitNanos(AbstractQueuedSynchronizer.java:2078)
        at org.eclipse.jetty.util.BlockingArrayQueue.poll(BlockingArrayQueue.java:392)
        at org.eclipse.jetty.util.thread.QueuedThreadPool.idleJobPoll(QueuedThreadPool.java:563)
        at org.eclipse.jetty.util.thread.QueuedThreadPool.access$800(QueuedThreadPool.java:48)
        at org.eclipse.jetty.util.thread.QueuedThreadPool$2.run(QueuedThreadPool.java:626)
        at java.lang.Thread.run(Thread.java:748)
"pool-76-thread-6"  prio=5 tid=631 in Object.wait()
java.lang.Thread.State: WAITING (on object monitor)
        at sun.misc.Unsafe.park(Native Method)
        at java.util.concurrent.locks.LockSupport.park(LockSupport.java:175)
        at java.util.concurrent.locks.AbstractQueuedSynchronizer$ConditionObject.await(AbstractQueuedSynchronizer.java:2039)
        at java.util.concurrent.ArrayBlockingQueue.take(ArrayBlockingQueue.java:403)
        at java.util.concurrent.ThreadPoolExecutor.getTask(ThreadPoolExecutor.java:1074)
        at java.util.concurrent.ThreadPoolExecutor.runWorker(ThreadPoolExecutor.java:1134)
        at java.util.concurrent.ThreadPoolExecutor$Worker.run(ThreadPoolExecutor.java:624)
        at java.lang.Thread.run(Thread.java:748)
"qtp668854338-94" daemon prio=5 tid=94 timed_waiting
java.lang.Thread.State: TIMED_WAITING
        at sun.misc.Unsafe.park(Native Method)
        at java.util.concurrent.locks.LockSupport.parkNanos(LockSupport.java:215)
        at java.util.concurrent.locks.AbstractQueuedSynchronizer$ConditionObject.awaitNanos(AbstractQueuedSynchronizer.java:2078)
        at org.eclipse.jetty.util.BlockingArrayQueue.poll(BlockingArrayQueue.java:392)
        at org.eclipse.jetty.util.thread.QueuedThreadPool.idleJobPoll(QueuedThreadPool.java:563)
        at org.eclipse.jetty.util.thread.QueuedThreadPool.access$800(QueuedThreadPool.java:48)
        at org.eclipse.jetty.util.thread.QueuedThreadPool$2.run(QueuedThreadPool.java:626)
        at java.lang.Thread.run(Thread.java:748)
"qtp668854338-97" daemon prio=5 tid=97 timed_waiting
java.lang.Thread.State: TIMED_WAITING
        at sun.misc.Unsafe.park(Native Method)
        at java.util.concurrent.locks.LockSupport.parkNanos(LockSupport.java:215)
        at java.util.concurrent.locks.AbstractQueuedSynchronizer$ConditionObject.awaitNanos(AbstractQueuedSynchronizer.java:2078)
        at org.eclipse.jetty.util.BlockingArrayQueue.poll(BlockingArrayQueue.java:392)
        at org.eclipse.jetty.util.thread.QueuedThreadPool.idleJobPoll(QueuedThreadPool.java:563)
        at org.eclipse.jetty.util.thread.QueuedThreadPool.access$800(QueuedThreadPool.java:48)
        at org.eclipse.jetty.util.thread.QueuedThreadPool$2.run(QueuedThreadPool.java:626)
        at java.lang.Thread.run(Thread.java:748)
"Socket Reader #1 for port 33888"  prio=5 tid=24 runnable
java.lang.Thread.State: RUNNABLE
        at sun.nio.ch.EPollArrayWrapper.epollWait(Native Method)
        at sun.nio.ch.EPollArrayWrapper.poll(EPollArrayWrapper.java:269)
        at sun.nio.ch.EPollSelectorImpl.doSelect(EPollSelectorImpl.java:93)
        at sun.nio.ch.SelectorImpl.lockAndDoSelect(SelectorImpl.java:86)
        at sun.nio.ch.SelectorImpl.select(SelectorImpl.java:97)
        at sun.nio.ch.SelectorImpl.select(SelectorImpl.java:101)
        at org.apache.hadoop.ipc.Server$Listener$Reader.doRunLoop(Server.java:1097)
        at org.apache.hadoop.ipc.Server$Listener$Reader.run(Server.java:1076)
"pool-76-thread-51"  prio=5 tid=676 in Object.wait()
java.lang.Thread.State: WAITING (on object monitor)
        at sun.misc.Unsafe.park(Native Method)
        at java.util.concurrent.locks.LockSupport.park(LockSupport.java:175)
        at java.util.concurrent.locks.AbstractQueuedSynchronizer$ConditionObject.await(AbstractQueuedSynchronizer.java:2039)
        at java.util.concurrent.ArrayBlockingQueue.take(ArrayBlockingQueue.java:403)
        at java.util.concurrent.ThreadPoolExecutor.getTask(ThreadPoolExecutor.java:1074)
        at java.util.concurrent.ThreadPoolExecutor.runWorker(ThreadPoolExecutor.java:1134)
        at java.util.concurrent.ThreadPoolExecutor$Worker.run(ThreadPoolExecutor.java:624)
        at java.lang.Thread.run(Thread.java:748)
"pool-46-thread-53"  prio=5 tid=487 in Object.wait()
java.lang.Thread.State: WAITING (on object monitor)
        at sun.misc.Unsafe.park(Native Method)
        at java.util.concurrent.locks.LockSupport.park(LockSupport.java:175)
        at java.util.concurrent.locks.AbstractQueuedSynchronizer$ConditionObject.await(AbstractQueuedSynchronizer.java:2039)
        at java.util.concurrent.ArrayBlockingQueue.take(ArrayBlockingQueue.java:403)
        at java.util.concurrent.ThreadPoolExecutor.getTask(ThreadPoolExecutor.java:1074)
        at java.util.concurrent.ThreadPoolExecutor.runWorker(ThreadPoolExecutor.java:1134)
        at java.util.concurrent.ThreadPoolExecutor$Worker.run(ThreadPoolExecutor.java:624)
        at java.lang.Thread.run(Thread.java:748)
"org.apache.hadoop.util.JvmPauseMonitor$Monitor@d461c7d" daemon prio=5 tid=231 timed_waiting
java.lang.Thread.State: TIMED_WAITING
        at java.lang.Thread.sleep(Native Method)
        at org.apache.hadoop.util.JvmPauseMonitor$Monitor.run(JvmPauseMonitor.java:192)
        at java.lang.Thread.run(Thread.java:748)
"IPC Server handler 13 on 33888" daemon prio=5 tid=43 timed_waiting
java.lang.Thread.State: TIMED_WAITING
        at sun.misc.Unsafe.park(Native Method)
        at java.util.concurrent.locks.LockSupport.parkNanos(LockSupport.java:215)
        at java.util.concurrent.locks.AbstractQueuedSynchronizer$ConditionObject.awaitNanos(AbstractQueuedSynchronizer.java:2078)
        at java.util.concurrent.LinkedBlockingQueue.poll(LinkedBlockingQueue.java:467)
        at org.apache.hadoop.ipc.CallQueueManager.take(CallQueueManager.java:288)
        at org.apache.hadoop.ipc.Server$Handler.run(Server.java:2668)
"pool-26-thread-34"  prio=5 tid=382 in Object.wait()
java.lang.Thread.State: WAITING (on object monitor)
        at sun.misc.Unsafe.park(Native Method)
        at java.util.concurrent.locks.LockSupport.park(LockSupport.java:175)
        at java.util.concurrent.locks.AbstractQueuedSynchronizer$ConditionObject.await(AbstractQueuedSynchronizer.java:2039)
        at java.util.concurrent.ArrayBlockingQueue.take(ArrayBlockingQueue.java:403)
        at java.util.concurrent.ThreadPoolExecutor.getTask(ThreadPoolExecutor.java:1074)
        at java.util.concurrent.ThreadPoolExecutor.runWorker(ThreadPoolExecutor.java:1134)
        at java.util.concurrent.ThreadPoolExecutor$Worker.run(ThreadPoolExecutor.java:624)
        at java.lang.Thread.run(Thread.java:748)
"pool-46-thread-18"  prio=5 tid=452 in Object.wait()
java.lang.Thread.State: WAITING (on object monitor)
        at sun.misc.Unsafe.park(Native Method)
        at java.util.concurrent.locks.LockSupport.park(LockSupport.java:175)
        at java.util.concurrent.locks.AbstractQueuedSynchronizer$ConditionObject.await(AbstractQueuedSynchronizer.java:2039)
        at java.util.concurrent.ArrayBlockingQueue.take(ArrayBlockingQueue.java:403)
        at java.util.concurrent.ThreadPoolExecutor.getTask(ThreadPoolExecutor.java:1074)
        at java.util.concurrent.ThreadPoolExecutor.runWorker(ThreadPoolExecutor.java:1134)
        at java.util.concurrent.ThreadPoolExecutor$Worker.run(ThreadPoolExecutor.java:624)
        at java.lang.Thread.run(Thread.java:748)
"pool-56-thread-7"  prio=5 tid=502 in Object.wait()
java.lang.Thread.State: WAITING (on object monitor)
        at sun.misc.Unsafe.park(Native Method)
        at java.util.concurrent.locks.LockSupport.park(LockSupport.java:175)
        at java.util.concurrent.locks.AbstractQueuedSynchronizer$ConditionObject.await(AbstractQueuedSynchronizer.java:2039)
        at java.util.concurrent.ArrayBlockingQueue.take(ArrayBlockingQueue.java:403)
        at java.util.concurrent.ThreadPoolExecutor.getTask(ThreadPoolExecutor.java:1074)
        at java.util.concurrent.ThreadPoolExecutor.runWorker(ThreadPoolExecutor.java:1134)
        at java.util.concurrent.ThreadPoolExecutor$Worker.run(ThreadPoolExecutor.java:624)
        at java.lang.Thread.run(Thread.java:748)
"org.eclipse.jetty.server.session.HashSessionManager@31164e91Timer" daemon prio=5 tid=100 timed_waiting
java.lang.Thread.State: TIMED_WAITING
        at sun.misc.Unsafe.park(Native Method)
        at java.util.concurrent.locks.LockSupport.parkNanos(LockSupport.java:215)
        at java.util.concurrent.locks.AbstractQueuedSynchronizer$ConditionObject.awaitNanos(AbstractQueuedSynchronizer.java:2078)
        at java.util.concurrent.ScheduledThreadPoolExecutor$DelayedWorkQueue.take(ScheduledThreadPoolExecutor.java:1093)
        at java.util.concurrent.ScheduledThreadPoolExecutor$DelayedWorkQueue.take(ScheduledThreadPoolExecutor.java:809)
        at java.util.concurrent.ThreadPoolExecutor.getTask(ThreadPoolExecutor.java:1074)
        at java.util.concurrent.ThreadPoolExecutor.runWorker(ThreadPoolExecutor.java:1134)
        at java.util.concurrent.ThreadPoolExecutor$Worker.run(ThreadPoolExecutor.java:624)
        at java.lang.Thread.run(Thread.java:748)
"pool-36-thread-23"  prio=5 tid=360 in Object.wait()
java.lang.Thread.State: WAITING (on object monitor)
        at sun.misc.Unsafe.park(Native Method)
        at java.util.concurrent.locks.LockSupport.park(LockSupport.java:175)
        at java.util.concurrent.locks.AbstractQueuedSynchronizer$ConditionObject.await(AbstractQueuedSynchronizer.java:2039)
        at java.util.concurrent.ArrayBlockingQueue.take(ArrayBlockingQueue.java:403)
        at java.util.concurrent.ThreadPoolExecutor.getTask(ThreadPoolExecutor.java:1074)
        at java.util.concurrent.ThreadPoolExecutor.runWorker(ThreadPoolExecutor.java:1134)
        at java.util.concurrent.ThreadPoolExecutor$Worker.run(ThreadPoolExecutor.java:624)
        at java.lang.Thread.run(Thread.java:748)
"Datanode ReportManager Thread - 0" daemon prio=5 tid=307 in Object.wait()
java.lang.Thread.State: WAITING (on object monitor)
        at sun.misc.Unsafe.park(Native Method)
        at java.util.concurrent.locks.LockSupport.park(LockSupport.java:175)
        at java.util.concurrent.locks.AbstractQueuedSynchronizer$ConditionObject.await(AbstractQueuedSynchronizer.java:2039)
        at java.util.concurrent.ScheduledThreadPoolExecutor$DelayedWorkQueue.take(ScheduledThreadPoolExecutor.java:1088)
        at java.util.concurrent.ScheduledThreadPoolExecutor$DelayedWorkQueue.take(ScheduledThreadPoolExecutor.java:809)
        at java.util.concurrent.ThreadPoolExecutor.getTask(ThreadPoolExecutor.java:1074)
        at java.util.concurrent.ThreadPoolExecutor.runWorker(ThreadPoolExecutor.java:1134)
        at java.util.concurrent.ThreadPoolExecutor$Worker.run(ThreadPoolExecutor.java:624)
        at java.lang.Thread.run(Thread.java:748)
"main"  prio=5 tid=1 timed_waiting
java.lang.Thread.State: TIMED_WAITING
        at java.lang.Object.wait(Native Method)
        at java.lang.Thread.join(Thread.java:1260)
        at org.junit.internal.runners.statements.FailOnTimeout.evaluateStatement(FailOnTimeout.java:26)
        at org.junit.internal.runners.statements.FailOnTimeout.evaluate(FailOnTimeout.java:17)
        at org.junit.internal.runners.statements.RunAfters.evaluate(RunAfters.java:27)
        at org.junit.runners.ParentRunner.runLeaf(ParentRunner.java:271)
        at org.junit.runners.BlockJUnit4ClassRunner.runChild(BlockJUnit4ClassRunner.java:70)
        at org.junit.runners.BlockJUnit4ClassRunner.runChild(BlockJUnit4ClassRunner.java:50)
        at org.junit.runners.ParentRunner$3.run(ParentRunner.java:238)
        at org.junit.runners.ParentRunner$1.schedule(ParentRunner.java:63)
        at org.junit.runners.ParentRunner.runChildren(ParentRunner.java:236)
        at org.junit.runners.ParentRunner.access$000(ParentRunner.java:53)
        at org.junit.runners.ParentRunner$2.evaluate(ParentRunner.java:229)
        at org.junit.runners.ParentRunner.run(ParentRunner.java:309)
        at org.apache.maven.surefire.junit4.JUnit4Provider.execute(JUnit4Provider.java:365)
        at org.apache.maven.surefire.junit4.JUnit4Provider.executeWithRerun(JUnit4Provider.java:273)
        at org.apache.maven.surefire.junit4.JUnit4Provider.executeTestSet(JUnit4Provider.java:238)
        at org.apache.maven.surefire.junit4.JUnit4Provider.invoke(JUnit4Provider.java:159)
        at org.apache.maven.surefire.booter.ForkedBooter.invokeProviderInSameClassLoader(ForkedBooter.java:384)
        at org.apache.maven.surefire.booter.ForkedBooter.runSuitesInProcess(ForkedBooter.java:345)
        at org.apache.maven.surefire.booter.ForkedBooter.execute(ForkedBooter.java:126)
        at org.apache.maven.surefire.booter.ForkedBooter.main(ForkedBooter.java:418)
"pool-26-thread-25"  prio=5 tid=364 in Object.wait()
java.lang.Thread.State: WAITING (on object monitor)
        at sun.misc.Unsafe.park(Native Method)
        at java.util.concurrent.locks.LockSupport.park(LockSupport.java:175)
        at java.util.concurrent.locks.AbstractQueuedSynchronizer$ConditionObject.await(AbstractQueuedSynchronizer.java:2039)
        at java.util.concurrent.ArrayBlockingQueue.take(ArrayBlockingQueue.java:403)
        at java.util.concurrent.ThreadPoolExecutor.getTask(ThreadPoolExecutor.java:1074)
        at java.util.concurrent.ThreadPoolExecutor.runWorker(ThreadPoolExecutor.java:1134)
        at java.util.concurrent.ThreadPoolExecutor$Worker.run(ThreadPoolExecutor.java:624)
        at java.lang.Thread.run(Thread.java:748)
"pool-70-thread-1"  prio=5 tid=267 timed_waiting
java.lang.Thread.State: TIMED_WAITING
        at sun.misc.Unsafe.park(Native Method)
        at java.util.concurrent.locks.LockSupport.parkNanos(LockSupport.java:215)
        at java.util.concurrent.locks.AbstractQueuedSynchronizer$ConditionObject.awaitNanos(AbstractQueuedSynchronizer.java:2078)
        at java.util.concurrent.ScheduledThreadPoolExecutor$DelayedWorkQueue.take(ScheduledThreadPoolExecutor.java:1093)
        at java.util.concurrent.ScheduledThreadPoolExecutor$DelayedWorkQueue.take(ScheduledThreadPoolExecutor.java:809)
        at java.util.concurrent.ThreadPoolExecutor.getTask(ThreadPoolExecutor.java:1074)
        at java.util.concurrent.ThreadPoolExecutor.runWorker(ThreadPoolExecutor.java:1134)
        at java.util.concurrent.ThreadPoolExecutor$Worker.run(ThreadPoolExecutor.java:624)
        at java.lang.Thread.run(Thread.java:748)
"pool-36-thread-40"  prio=5 tid=393 in Object.wait()
java.lang.Thread.State: WAITING (on object monitor)
        at sun.misc.Unsafe.park(Native Method)
        at java.util.concurrent.locks.LockSupport.park(LockSupport.java:175)
        at java.util.concurrent.locks.AbstractQueuedSynchronizer$ConditionObject.await(AbstractQueuedSynchronizer.java:2039)
        at java.util.concurrent.ArrayBlockingQueue.take(ArrayBlockingQueue.java:403)
        at java.util.concurrent.ThreadPoolExecutor.getTask(ThreadPoolExecutor.java:1074)
        at java.util.concurrent.ThreadPoolExecutor.runWorker(ThreadPoolExecutor.java:1134)
        at java.util.concurrent.ThreadPoolExecutor$Worker.run(ThreadPoolExecutor.java:624)
        at java.lang.Thread.run(Thread.java:748)
"Socket Reader #1 for port 35347"  prio=5 tid=16 runnable
java.lang.Thread.State: RUNNABLE
        at sun.nio.ch.EPollArrayWrapper.epollWait(Native Method)
        at sun.nio.ch.EPollArrayWrapper.poll(EPollArrayWrapper.java:269)
        at sun.nio.ch.EPollSelectorImpl.doSelect(EPollSelectorImpl.java:93)
        at sun.nio.ch.SelectorImpl.lockAndDoSelect(SelectorImpl.java:86)
        at sun.nio.ch.SelectorImpl.select(SelectorImpl.java:97)
        at sun.nio.ch.SelectorImpl.select(SelectorImpl.java:101)
        at org.apache.hadoop.ipc.Server$Listener$Reader.doRunLoop(Server.java:1097)
        at org.apache.hadoop.ipc.Server$Listener$Reader.run(Server.java:1076)
"9334f5f3-1c9b-4a41-9735-40b3bdb856ca@group-69898A346AAC-StateMachineUpdater" daemon prio=5 tid=931 in Object.wait()
java.lang.Thread.State: WAITING (on object monitor)
        at java.lang.Object.wait(Native Method)
        at java.lang.Object.wait(Object.java:502)
        at org.apache.ratis.server.impl.StateMachineUpdater.waitForCommit(StateMachineUpdater.java:194)
        at org.apache.ratis.server.impl.StateMachineUpdater.run(StateMachineUpdater.java:159)
        at java.lang.Thread.run(Thread.java:748)
"pool-76-thread-33"  prio=5 tid=658 in Object.wait()
java.lang.Thread.State: WAITING (on object monitor)
        at sun.misc.Unsafe.park(Native Method)
        at java.util.concurrent.locks.LockSupport.park(LockSupport.java:175)
        at java.util.concurrent.locks.AbstractQueuedSynchronizer$ConditionObject.await(AbstractQueuedSynchronizer.java:2039)
        at java.util.concurrent.ArrayBlockingQueue.take(ArrayBlockingQueue.java:403)
        at java.util.concurrent.ThreadPoolExecutor.getTask(ThreadPoolExecutor.java:1074)
        at java.util.concurrent.ThreadPoolExecutor.runWorker(ThreadPoolExecutor.java:1134)
        at java.util.concurrent.ThreadPoolExecutor$Worker.run(ThreadPoolExecutor.java:624)
        at java.lang.Thread.run(Thread.java:748)
"java.util.concurrent.ThreadPoolExecutor$Worker@3a2cd623[State = -1, empty queue]" daemon prio=5 tid=973 timed_waiting
java.lang.Thread.State: TIMED_WAITING
        at sun.misc.Unsafe.park(Native Method)
        at java.util.concurrent.locks.LockSupport.parkNanos(LockSupport.java:215)
        at java.util.concurrent.locks.AbstractQueuedSynchronizer$ConditionObject.awaitNanos(AbstractQueuedSynchronizer.java:2078)
        at java.util.concurrent.ScheduledThreadPoolExecutor$DelayedWorkQueue.take(ScheduledThreadPoolExecutor.java:1093)
        at java.util.concurrent.ScheduledThreadPoolExecutor$DelayedWorkQueue.take(ScheduledThreadPoolExecutor.java:809)
        at java.util.concurrent.ThreadPoolExecutor.getTask(ThreadPoolExecutor.java:1074)
        at java.util.concurrent.ThreadPoolExecutor.runWorker(ThreadPoolExecutor.java:1134)
        at java.util.concurrent.ThreadPoolExecutor$Worker.run(ThreadPoolExecutor.java:624)
        at java.lang.Thread.run(Thread.java:748)
"Datanode State Machine Thread - 0" daemon prio=5 tid=198 timed_waiting
java.lang.Thread.State: TIMED_WAITING
        at java.lang.Thread.sleep(Native Method)
        at org.apache.hadoop.ozone.container.common.statemachine.DatanodeStateMachine.start(DatanodeStateMachine.java:191)
        at org.apache.hadoop.ozone.container.common.statemachine.DatanodeStateMachine.lambda$startDaemon$0(DatanodeStateMachine.java:349)
        at org.apache.hadoop.ozone.container.common.statemachine.DatanodeStateMachine$$Lambda$140/532411881.run(Unknown Source)
        at java.lang.Thread.run(Thread.java:748)
"pool-56-thread-38"  prio=5 tid=537 in Object.wait()
java.lang.Thread.State: WAITING (on object monitor)
        at sun.misc.Unsafe.park(Native Method)
        at java.util.concurrent.locks.LockSupport.park(LockSupport.java:175)
        at java.util.concurrent.locks.AbstractQueuedSynchronizer$ConditionObject.await(AbstractQueuedSynchronizer.java:2039)
        at java.util.concurrent.ArrayBlockingQueue.take(ArrayBlockingQueue.java:403)
        at java.util.concurrent.ThreadPoolExecutor.getTask(ThreadPoolExecutor.java:1074)
        at java.util.concurrent.ThreadPoolExecutor.runWorker(ThreadPoolExecutor.java:1134)
        at java.util.concurrent.ThreadPoolExecutor$Worker.run(ThreadPoolExecutor.java:624)
        at java.lang.Thread.run(Thread.java:748)
"metrics-hadoop-metrics2-reporter-7-thread-1" daemon prio=5 tid=719 timed_waiting
java.lang.Thread.State: TIMED_WAITING
        at sun.misc.Unsafe.park(Native Method)
        at java.util.concurrent.locks.LockSupport.parkNanos(LockSupport.java:215)
        at java.util.concurrent.locks.AbstractQueuedSynchronizer$ConditionObject.awaitNanos(AbstractQueuedSynchronizer.java:2078)
        at java.util.concurrent.ScheduledThreadPoolExecutor$DelayedWorkQueue.take(ScheduledThreadPoolExecutor.java:1093)
        at java.util.concurrent.ScheduledThreadPoolExecutor$DelayedWorkQueue.take(ScheduledThreadPoolExecutor.java:809)
        at java.util.concurrent.ThreadPoolExecutor.getTask(ThreadPoolExecutor.java:1074)
        at java.util.concurrent.ThreadPoolExecutor.runWorker(ThreadPoolExecutor.java:1134)
        at java.util.concurrent.ThreadPoolExecutor$Worker.run(ThreadPoolExecutor.java:624)
        at java.lang.Thread.run(Thread.java:748)
"metrics-hadoop-metrics2-reporter-27-thread-1" daemon prio=5 tid=765 timed_waiting
java.lang.Thread.State: TIMED_WAITING
        at sun.misc.Unsafe.park(Native Method)
        at java.util.concurrent.locks.LockSupport.parkNanos(LockSupport.java:215)
        at java.util.concurrent.locks.AbstractQueuedSynchronizer$ConditionObject.awaitNanos(AbstractQueuedSynchronizer.java:2078)
        at java.util.concurrent.ScheduledThreadPoolExecutor$DelayedWorkQueue.take(ScheduledThreadPoolExecutor.java:1093)
        at java.util.concurrent.ScheduledThreadPoolExecutor$DelayedWorkQueue.take(ScheduledThreadPoolExecutor.java:809)
        at java.util.concurrent.ThreadPoolExecutor.getTask(ThreadPoolExecutor.java:1074)
        at java.util.concurrent.ThreadPoolExecutor.runWorker(ThreadPoolExecutor.java:1134)
        at java.util.concurrent.ThreadPoolExecutor$Worker.run(ThreadPoolExecutor.java:624)
        at java.lang.Thread.run(Thread.java:748)
"pool-26-thread-23"  prio=5 tid=359 in Object.wait()
java.lang.Thread.State: WAITING (on object monitor)
        at sun.misc.Unsafe.park(Native Method)
        at java.util.concurrent.locks.LockSupport.park(LockSupport.java:175)
        at java.util.concurrent.locks.AbstractQueuedSynchronizer$ConditionObject.await(AbstractQueuedSynchronizer.java:2039)
        at java.util.concurrent.ArrayBlockingQueue.take(ArrayBlockingQueue.java:403)
        at java.util.concurrent.ThreadPoolExecutor.getTask(ThreadPoolExecutor.java:1074)
        at java.util.concurrent.ThreadPoolExecutor.runWorker(ThreadPoolExecutor.java:1134)
        at java.util.concurrent.ThreadPoolExecutor$Worker.run(ThreadPoolExecutor.java:624)
        at java.lang.Thread.run(Thread.java:748)
"IPC Server handler 6 on 41091" daemon prio=5 tid=121 timed_waiting
java.lang.Thread.State: TIMED_WAITING
        at sun.misc.Unsafe.park(Native Method)
        at java.util.concurrent.locks.LockSupport.parkNanos(LockSupport.java:215)
        at java.util.concurrent.locks.AbstractQueuedSynchronizer$ConditionObject.awaitNanos(AbstractQueuedSynchronizer.java:2078)
        at java.util.concurrent.LinkedBlockingQueue.poll(LinkedBlockingQueue.java:467)
        at org.apache.hadoop.ipc.CallQueueManager.take(CallQueueManager.java:288)
        at org.apache.hadoop.ipc.Server$Handler.run(Server.java:2668)
"metrics-hadoop-metrics2-reporter-28-thread-1" daemon prio=5 tid=768 timed_waiting
java.lang.Thread.State: TIMED_WAITING
        at sun.misc.Unsafe.park(Native Method)
        at java.util.concurrent.locks.LockSupport.parkNanos(LockSupport.java:215)
        at java.util.concurrent.locks.AbstractQueuedSynchronizer$ConditionObject.awaitNanos(AbstractQueuedSynchronizer.java:2078)
        at java.util.concurrent.ScheduledThreadPoolExecutor$DelayedWorkQueue.take(ScheduledThreadPoolExecutor.java:1093)
        at java.util.concurrent.ScheduledThreadPoolExecutor$DelayedWorkQueue.take(ScheduledThreadPoolExecutor.java:809)
        at java.util.concurrent.ThreadPoolExecutor.getTask(ThreadPoolExecutor.java:1074)
        at java.util.concurrent.ThreadPoolExecutor.runWorker(ThreadPoolExecutor.java:1134)
        at java.util.concurrent.ThreadPoolExecutor$Worker.run(ThreadPoolExecutor.java:624)
        at java.lang.Thread.run(Thread.java:748)
"pool-56-thread-9"  prio=5 tid=506 in Object.wait()
java.lang.Thread.State: WAITING (on object monitor)
        at sun.misc.Unsafe.park(Native Method)
        at java.util.concurrent.locks.LockSupport.park(LockSupport.java:175)
        at java.util.concurrent.locks.AbstractQueuedSynchronizer$ConditionObject.await(AbstractQueuedSynchronizer.java:2039)
        at java.util.concurrent.ArrayBlockingQueue.take(ArrayBlockingQueue.java:403)
        at java.util.concurrent.ThreadPoolExecutor.getTask(ThreadPoolExecutor.java:1074)
        at java.util.concurrent.ThreadPoolExecutor.runWorker(ThreadPoolExecutor.java:1134)
        at java.util.concurrent.ThreadPoolExecutor$Worker.run(ThreadPoolExecutor.java:624)
        at java.lang.Thread.run(Thread.java:748)
"IPC Server handler 7 on 41091" daemon prio=5 tid=122 timed_waiting
java.lang.Thread.State: TIMED_WAITING
        at sun.misc.Unsafe.park(Native Method)
        at java.util.concurrent.locks.LockSupport.parkNanos(LockSupport.java:215)
        at java.util.concurrent.locks.AbstractQueuedSynchronizer$ConditionObject.awaitNanos(AbstractQueuedSynchronizer.java:2078)
        at java.util.concurrent.LinkedBlockingQueue.poll(LinkedBlockingQueue.java:467)
        at org.apache.hadoop.ipc.CallQueueManager.take(CallQueueManager.java:288)
        at org.apache.hadoop.ipc.Server$Handler.run(Server.java:2668)
"qtp64027122-160" daemon prio=5 tid=160 runnable
java.lang.Thread.State: RUNNABLE
        at sun.nio.ch.EPollArrayWrapper.epollWait(Native Method)
        at sun.nio.ch.EPollArrayWrapper.poll(EPollArrayWrapper.java:269)
        at sun.nio.ch.EPollSelectorImpl.doSelect(EPollSelectorImpl.java:93)
        at sun.nio.ch.SelectorImpl.lockAndDoSelect(SelectorImpl.java:86)
        at sun.nio.ch.SelectorImpl.select(SelectorImpl.java:97)
        at sun.nio.ch.SelectorImpl.select(SelectorImpl.java:101)
        at org.eclipse.jetty.io.ManagedSelector$SelectorProducer.select(ManagedSelector.java:243)
        at org.eclipse.jetty.io.ManagedSelector$SelectorProducer.produce(ManagedSelector.java:191)
        at org.eclipse.jetty.util.thread.strategy.ExecuteProduceConsume.executeProduceConsume(ExecuteProduceConsume.java:249)
        at org.eclipse.jetty.util.thread.strategy.ExecuteProduceConsume.produceConsume(ExecuteProduceConsume.java:148)
        at org.eclipse.jetty.util.thread.strategy.ExecuteProduceConsume.execute(ExecuteProduceConsume.java:100)
        at org.eclipse.jetty.io.ManagedSelector.run(ManagedSelector.java:147)
        at org.eclipse.jetty.util.thread.QueuedThreadPool.runJob(QueuedThreadPool.java:671)
        at org.eclipse.jetty.util.thread.QueuedThreadPool$2.run(QueuedThreadPool.java:589)
        at java.lang.Thread.run(Thread.java:748)
"pool-26-thread-47"  prio=5 tid=408 in Object.wait()
java.lang.Thread.State: WAITING (on object monitor)
        at sun.misc.Unsafe.park(Native Method)
        at java.util.concurrent.locks.LockSupport.park(LockSupport.java:175)
        at java.util.concurrent.locks.AbstractQueuedSynchronizer$ConditionObject.await(AbstractQueuedSynchronizer.java:2039)
        at java.util.concurrent.ArrayBlockingQueue.take(ArrayBlockingQueue.java:403)
        at java.util.concurrent.ThreadPoolExecutor.getTask(ThreadPoolExecutor.java:1074)
        at java.util.concurrent.ThreadPoolExecutor.runWorker(ThreadPoolExecutor.java:1134)
        at java.util.concurrent.ThreadPoolExecutor$Worker.run(ThreadPoolExecutor.java:624)
        at java.lang.Thread.run(Thread.java:748)
"pool-46-thread-55"  prio=5 tid=489 in Object.wait()
java.lang.Thread.State: WAITING (on object monitor)
        at sun.misc.Unsafe.park(Native Method)
        at java.util.concurrent.locks.LockSupport.park(LockSupport.java:175)
        at java.util.concurrent.locks.AbstractQueuedSynchronizer$ConditionObject.await(AbstractQueuedSynchronizer.java:2039)
        at java.util.concurrent.ArrayBlockingQueue.take(ArrayBlockingQueue.java:403)
        at java.util.concurrent.ThreadPoolExecutor.getTask(ThreadPoolExecutor.java:1074)
        at java.util.concurrent.ThreadPoolExecutor.runWorker(ThreadPoolExecutor.java:1134)
        at java.util.concurrent.ThreadPoolExecutor$Worker.run(ThreadPoolExecutor.java:624)
        at java.lang.Thread.run(Thread.java:748)
"pool-46-thread-48"  prio=5 tid=482 in Object.wait()
java.lang.Thread.State: WAITING (on object monitor)
        at sun.misc.Unsafe.park(Native Method)
        at java.util.concurrent.locks.LockSupport.park(LockSupport.java:175)
        at java.util.concurrent.locks.AbstractQueuedSynchronizer$ConditionObject.await(AbstractQueuedSynchronizer.java:2039)
        at java.util.concurrent.ArrayBlockingQueue.take(ArrayBlockingQueue.java:403)
        at java.util.concurrent.ThreadPoolExecutor.getTask(ThreadPoolExecutor.java:1074)
        at java.util.concurrent.ThreadPoolExecutor.runWorker(ThreadPoolExecutor.java:1134)
        at java.util.concurrent.ThreadPoolExecutor$Worker.run(ThreadPoolExecutor.java:624)
        at java.lang.Thread.run(Thread.java:748)
"pool-36-thread-54"  prio=5 tid=420 in Object.wait()
java.lang.Thread.State: WAITING (on object monitor)
        at sun.misc.Unsafe.park(Native Method)
        at java.util.concurrent.locks.LockSupport.park(LockSupport.java:175)
        at java.util.concurrent.locks.AbstractQueuedSynchronizer$ConditionObject.await(AbstractQueuedSynchronizer.java:2039)
        at java.util.concurrent.ArrayBlockingQueue.take(ArrayBlockingQueue.java:403)
        at java.util.concurrent.ThreadPoolExecutor.getTask(ThreadPoolExecutor.java:1074)
        at java.util.concurrent.ThreadPoolExecutor.runWorker(ThreadPoolExecutor.java:1134)
        at java.util.concurrent.ThreadPoolExecutor$Worker.run(ThreadPoolExecutor.java:624)
        at java.lang.Thread.run(Thread.java:748)
"pool-36-thread-24"  prio=5 tid=361 in Object.wait()
java.lang.Thread.State: WAITING (on object monitor)
        at sun.misc.Unsafe.park(Native Method)
        at java.util.concurrent.locks.LockSupport.park(LockSupport.java:175)
        at java.util.concurrent.locks.AbstractQueuedSynchronizer$ConditionObject.await(AbstractQueuedSynchronizer.java:2039)
        at java.util.concurrent.ArrayBlockingQueue.take(ArrayBlockingQueue.java:403)
        at java.util.concurrent.ThreadPoolExecutor.getTask(ThreadPoolExecutor.java:1074)
        at java.util.concurrent.ThreadPoolExecutor.runWorker(ThreadPoolExecutor.java:1134)
        at java.util.concurrent.ThreadPoolExecutor$Worker.run(ThreadPoolExecutor.java:624)
        at java.lang.Thread.run(Thread.java:748)
"pool-56-thread-52"  prio=5 tid=553 in Object.wait()
java.lang.Thread.State: WAITING (on object monitor)
        at sun.misc.Unsafe.park(Native Method)
        at java.util.concurrent.locks.LockSupport.park(LockSupport.java:175)
        at java.util.concurrent.locks.AbstractQueuedSynchronizer$ConditionObject.await(AbstractQueuedSynchronizer.java:2039)
        at java.util.concurrent.ArrayBlockingQueue.take(ArrayBlockingQueue.java:403)
        at java.util.concurrent.ThreadPoolExecutor.getTask(ThreadPoolExecutor.java:1074)
        at java.util.concurrent.ThreadPoolExecutor.runWorker(ThreadPoolExecutor.java:1134)
        at java.util.concurrent.ThreadPoolExecutor$Worker.run(ThreadPoolExecutor.java:624)
        at java.lang.Thread.run(Thread.java:748)
"pool-56-thread-51"  prio=5 tid=552 in Object.wait()
java.lang.Thread.State: WAITING (on object monitor)
        at sun.misc.Unsafe.park(Native Method)
        at java.util.concurrent.locks.LockSupport.park(LockSupport.java:175)
        at java.util.concurrent.locks.AbstractQueuedSynchronizer$ConditionObject.await(AbstractQueuedSynchronizer.java:2039)
        at java.util.concurrent.ArrayBlockingQueue.take(ArrayBlockingQueue.java:403)
        at java.util.concurrent.ThreadPoolExecutor.getTask(ThreadPoolExecutor.java:1074)
        at java.util.concurrent.ThreadPoolExecutor.runWorker(ThreadPoolExecutor.java:1134)
        at java.util.concurrent.ThreadPoolExecutor$Worker.run(ThreadPoolExecutor.java:624)
        at java.lang.Thread.run(Thread.java:748)
"pool-66-thread-33"  prio=5 tid=596 in Object.wait()
java.lang.Thread.State: WAITING (on object monitor)
        at sun.misc.Unsafe.park(Native Method)
        at java.util.concurrent.locks.LockSupport.park(LockSupport.java:175)
        at java.util.concurrent.locks.AbstractQueuedSynchronizer$ConditionObject.await(AbstractQueuedSynchronizer.java:2039)
        at java.util.concurrent.ArrayBlockingQueue.take(ArrayBlockingQueue.java:403)
        at java.util.concurrent.ThreadPoolExecutor.getTask(ThreadPoolExecutor.java:1074)
        at java.util.concurrent.ThreadPoolExecutor.runWorker(ThreadPoolExecutor.java:1134)
        at java.util.concurrent.ThreadPoolExecutor$Worker.run(ThreadPoolExecutor.java:624)
        at java.lang.Thread.run(Thread.java:748)
"pool-36-thread-42"  prio=5 tid=397 in Object.wait()
java.lang.Thread.State: WAITING (on object monitor)
        at sun.misc.Unsafe.park(Native Method)
        at java.util.concurrent.locks.LockSupport.park(LockSupport.java:175)
        at java.util.concurrent.locks.AbstractQueuedSynchronizer$ConditionObject.await(AbstractQueuedSynchronizer.java:2039)
        at java.util.concurrent.ArrayBlockingQueue.take(ArrayBlockingQueue.java:403)
        at java.util.concurrent.ThreadPoolExecutor.getTask(ThreadPoolExecutor.java:1074)
        at java.util.concurrent.ThreadPoolExecutor.runWorker(ThreadPoolExecutor.java:1134)
        at java.util.concurrent.ThreadPoolExecutor$Worker.run(ThreadPoolExecutor.java:624)
        at java.lang.Thread.run(Thread.java:748)
"pool-46-thread-56"  prio=5 tid=490 in Object.wait()
java.lang.Thread.State: WAITING (on object monitor)
        at sun.misc.Unsafe.park(Native Method)
        at java.util.concurrent.locks.LockSupport.park(LockSupport.java:175)
        at java.util.concurrent.locks.AbstractQueuedSynchronizer$ConditionObject.await(AbstractQueuedSynchronizer.java:2039)
        at java.util.concurrent.ArrayBlockingQueue.take(ArrayBlockingQueue.java:403)
        at java.util.concurrent.ThreadPoolExecutor.getTask(ThreadPoolExecutor.java:1074)
        at java.util.concurrent.ThreadPoolExecutor.runWorker(ThreadPoolExecutor.java:1134)
        at java.util.concurrent.ThreadPoolExecutor$Worker.run(ThreadPoolExecutor.java:624)
        at java.lang.Thread.run(Thread.java:748)
"process reaper" daemon prio=10 tid=10 timed_waiting
java.lang.Thread.State: TIMED_WAITING
        at sun.misc.Unsafe.park(Native Method)
        at java.util.concurrent.locks.LockSupport.parkNanos(LockSupport.java:215)
        at java.util.concurrent.SynchronousQueue$TransferStack.awaitFulfill(SynchronousQueue.java:460)
        at java.util.concurrent.SynchronousQueue$TransferStack.transfer(SynchronousQueue.java:362)
        at java.util.concurrent.SynchronousQueue.poll(SynchronousQueue.java:941)
        at java.util.concurrent.ThreadPoolExecutor.getTask(ThreadPoolExecutor.java:1073)
        at java.util.concurrent.ThreadPoolExecutor.runWorker(ThreadPoolExecutor.java:1134)
        at java.util.concurrent.ThreadPoolExecutor$Worker.run(ThreadPoolExecutor.java:624)
        at java.lang.Thread.run(Thread.java:748)
"pool-76-thread-7"  prio=5 tid=632 in Object.wait()
java.lang.Thread.State: WAITING (on object monitor)
        at sun.misc.Unsafe.park(Native Method)
        at java.util.concurrent.locks.LockSupport.park(LockSupport.java:175)
        at java.util.concurrent.locks.AbstractQueuedSynchronizer$ConditionObject.await(AbstractQueuedSynchronizer.java:2039)
        at java.util.concurrent.ArrayBlockingQueue.take(ArrayBlockingQueue.java:403)
        at java.util.concurrent.ThreadPoolExecutor.getTask(ThreadPoolExecutor.java:1074)
        at java.util.concurrent.ThreadPoolExecutor.runWorker(ThreadPoolExecutor.java:1134)
        at java.util.concurrent.ThreadPoolExecutor$Worker.run(ThreadPoolExecutor.java:624)
        at java.lang.Thread.run(Thread.java:748)
"Datanode ReportManager Thread - 1" daemon prio=5 tid=173 in Object.wait()
java.lang.Thread.State: WAITING (on object monitor)
        at sun.misc.Unsafe.park(Native Method)
        at java.util.concurrent.locks.LockSupport.park(LockSupport.java:175)
        at java.util.concurrent.locks.AbstractQueuedSynchronizer$ConditionObject.await(AbstractQueuedSynchronizer.java:2039)
        at java.util.concurrent.ScheduledThreadPoolExecutor$DelayedWorkQueue.take(ScheduledThreadPoolExecutor.java:1088)
        at java.util.concurrent.ScheduledThreadPoolExecutor$DelayedWorkQueue.take(ScheduledThreadPoolExecutor.java:809)
        at java.util.concurrent.ThreadPoolExecutor.getTask(ThreadPoolExecutor.java:1074)
        at java.util.concurrent.ThreadPoolExecutor.runWorker(ThreadPoolExecutor.java:1134)
        at java.util.concurrent.ThreadPoolExecutor$Worker.run(ThreadPoolExecutor.java:624)
        at java.lang.Thread.run(Thread.java:748)
"Datanode ReportManager Thread - 1" daemon prio=5 tid=254 in Object.wait()
java.lang.Thread.State: WAITING (on object monitor)
        at sun.misc.Unsafe.park(Native Method)
        at java.util.concurrent.locks.LockSupport.park(LockSupport.java:175)
        at java.util.concurrent.locks.AbstractQueuedSynchronizer$ConditionObject.await(AbstractQueuedSynchronizer.java:2039)
        at java.util.concurrent.ScheduledThreadPoolExecutor$DelayedWorkQueue.take(ScheduledThreadPoolExecutor.java:1088)
        at java.util.concurrent.ScheduledThreadPoolExecutor$DelayedWorkQueue.take(ScheduledThreadPoolExecutor.java:809)
        at java.util.concurrent.ThreadPoolExecutor.getTask(ThreadPoolExecutor.java:1074)
        at java.util.concurrent.ThreadPoolExecutor.runWorker(ThreadPoolExecutor.java:1134)
        at java.util.concurrent.ThreadPoolExecutor$Worker.run(ThreadPoolExecutor.java:624)
        at java.lang.Thread.run(Thread.java:748)
"pool-26-thread-16"  prio=5 tid=344 in Object.wait()
java.lang.Thread.State: WAITING (on object monitor)
        at sun.misc.Unsafe.park(Native Method)
        at java.util.concurrent.locks.LockSupport.park(LockSupport.java:175)
        at java.util.concurrent.locks.AbstractQueuedSynchronizer$ConditionObject.await(AbstractQueuedSynchronizer.java:2039)
        at java.util.concurrent.ArrayBlockingQueue.take(ArrayBlockingQueue.java:403)
        at java.util.concurrent.ThreadPoolExecutor.getTask(ThreadPoolExecutor.java:1074)
        at java.util.concurrent.ThreadPoolExecutor.runWorker(ThreadPoolExecutor.java:1134)
        at java.util.concurrent.ThreadPoolExecutor$Worker.run(ThreadPoolExecutor.java:624)
        at java.lang.Thread.run(Thread.java:748)
"IPC Server Responder" daemon prio=5 tid=111 runnable
java.lang.Thread.State: RUNNABLE
        at sun.nio.ch.EPollArrayWrapper.epollWait(Native Method)
        at sun.nio.ch.EPollArrayWrapper.poll(EPollArrayWrapper.java:269)
        at sun.nio.ch.EPollSelectorImpl.doSelect(EPollSelectorImpl.java:93)
        at sun.nio.ch.SelectorImpl.lockAndDoSelect(SelectorImpl.java:86)
        at sun.nio.ch.SelectorImpl.select(SelectorImpl.java:97)
        at org.apache.hadoop.ipc.Server$Responder.doRunLoop(Server.java:1334)
        at org.apache.hadoop.ipc.Server$Responder.run(Server.java:1317)
"IPC Server handler 5 on 35347" daemon prio=5 tid=75 timed_waiting
java.lang.Thread.State: TIMED_WAITING
        at sun.misc.Unsafe.park(Native Method)
        at java.util.concurrent.locks.LockSupport.parkNanos(LockSupport.java:215)
        at java.util.concurrent.locks.AbstractQueuedSynchronizer$ConditionObject.awaitNanos(AbstractQueuedSynchronizer.java:2078)
        at java.util.concurrent.LinkedBlockingQueue.poll(LinkedBlockingQueue.java:467)
        at org.apache.hadoop.ipc.CallQueueManager.take(CallQueueManager.java:288)
        at org.apache.hadoop.ipc.Server$Handler.run(Server.java:2668)
"0fc43408-9179-47bd-a807-e56cc33d805e@group-FC7768932425-StateMachineUpdater" daemon prio=5 tid=718 in Object.wait()
java.lang.Thread.State: WAITING (on object monitor)
        at java.lang.Object.wait(Native Method)
        at java.lang.Object.wait(Object.java:502)
        at org.apache.ratis.server.impl.StateMachineUpdater.waitForCommit(StateMachineUpdater.java:194)
        at org.apache.ratis.server.impl.StateMachineUpdater.run(StateMachineUpdater.java:159)
        at java.lang.Thread.run(Thread.java:748)
"IPC Server handler 8 on 33888" daemon prio=5 tid=38 timed_waiting
java.lang.Thread.State: TIMED_WAITING
        at sun.misc.Unsafe.park(Native Method)
        at java.util.concurrent.locks.LockSupport.parkNanos(LockSupport.java:215)
        at java.util.concurrent.locks.AbstractQueuedSynchronizer$ConditionObject.awaitNanos(AbstractQueuedSynchronizer.java:2078)
        at java.util.concurrent.LinkedBlockingQueue.poll(LinkedBlockingQueue.java:467)
        at org.apache.hadoop.ipc.CallQueueManager.take(CallQueueManager.java:288)
        at org.apache.hadoop.ipc.Server$Handler.run(Server.java:2668)
"pool-26-thread-60"  prio=5 tid=434 in Object.wait()
java.lang.Thread.State: WAITING (on object monitor)
        at sun.misc.Unsafe.park(Native Method)
        at java.util.concurrent.locks.LockSupport.park(LockSupport.java:175)
        at java.util.concurrent.locks.AbstractQueuedSynchronizer$ConditionObject.await(AbstractQueuedSynchronizer.java:2039)
        at java.util.concurrent.ArrayBlockingQueue.take(ArrayBlockingQueue.java:403)
        at java.util.concurrent.ThreadPoolExecutor.getTask(ThreadPoolExecutor.java:1074)
        at java.util.concurrent.ThreadPoolExecutor.runWorker(ThreadPoolExecutor.java:1134)
        at java.util.concurrent.ThreadPoolExecutor$Worker.run(ThreadPoolExecutor.java:624)
        at java.lang.Thread.run(Thread.java:748)
"metrics-hadoop-metrics2-reporter-11-thread-1" daemon prio=5 tid=729 timed_waiting
java.lang.Thread.State: TIMED_WAITING
        at sun.misc.Unsafe.park(Native Method)
        at java.util.concurrent.locks.LockSupport.parkNanos(LockSupport.java:215)
        at java.util.concurrent.locks.AbstractQueuedSynchronizer$ConditionObject.awaitNanos(AbstractQueuedSynchronizer.java:2078)
        at java.util.concurrent.ScheduledThreadPoolExecutor$DelayedWorkQueue.take(ScheduledThreadPoolExecutor.java:1093)
        at java.util.concurrent.ScheduledThreadPoolExecutor$DelayedWorkQueue.take(ScheduledThreadPoolExecutor.java:809)
        at java.util.concurrent.ThreadPoolExecutor.getTask(ThreadPoolExecutor.java:1074)
        at java.util.concurrent.ThreadPoolExecutor.runWorker(ThreadPoolExecutor.java:1134)
        at java.util.concurrent.ThreadPoolExecutor$Worker.run(ThreadPoolExecutor.java:624)
        at java.lang.Thread.run(Thread.java:748)
"qtp441384075-144" daemon prio=5 tid=144 timed_waiting
java.lang.Thread.State: TIMED_WAITING
        at sun.misc.Unsafe.park(Native Method)
        at java.util.concurrent.locks.LockSupport.parkNanos(LockSupport.java:215)
        at java.util.concurrent.locks.AbstractQueuedSynchronizer$ConditionObject.awaitNanos(AbstractQueuedSynchronizer.java:2078)
        at org.eclipse.jetty.util.BlockingArrayQueue.poll(BlockingArrayQueue.java:392)
        at org.eclipse.jetty.util.thread.QueuedThreadPool.idleJobPoll(QueuedThreadPool.java:563)
        at org.eclipse.jetty.util.thread.QueuedThreadPool.access$800(QueuedThreadPool.java:48)
        at org.eclipse.jetty.util.thread.QueuedThreadPool$2.run(QueuedThreadPool.java:626)
        at java.lang.Thread.run(Thread.java:748)
"pool-46-thread-12"  prio=5 tid=446 in Object.wait()
java.lang.Thread.State: WAITING (on object monitor)
        at sun.misc.Unsafe.park(Native Method)
        at java.util.concurrent.locks.LockSupport.park(LockSupport.java:175)
        at java.util.concurrent.locks.AbstractQueuedSynchronizer$ConditionObject.await(AbstractQueuedSynchronizer.java:2039)
        at java.util.concurrent.ArrayBlockingQueue.take(ArrayBlockingQueue.java:403)
        at java.util.concurrent.ThreadPoolExecutor.getTask(ThreadPoolExecutor.java:1074)
        at java.util.concurrent.ThreadPoolExecutor.runWorker(ThreadPoolExecutor.java:1134)
        at java.util.concurrent.ThreadPoolExecutor$Worker.run(ThreadPoolExecutor.java:624)
        at java.lang.Thread.run(Thread.java:748)
"Periodic HDDS volume checker"  prio=5 tid=261 timed_waiting
java.lang.Thread.State: TIMED_WAITING
        at sun.misc.Unsafe.park(Native Method)
        at java.util.concurrent.locks.LockSupport.parkNanos(LockSupport.java:215)
        at java.util.concurrent.locks.AbstractQueuedSynchronizer$ConditionObject.awaitNanos(AbstractQueuedSynchronizer.java:2078)
        at java.util.concurrent.ScheduledThreadPoolExecutor$DelayedWorkQueue.take(ScheduledThreadPoolExecutor.java:1093)
        at java.util.concurrent.ScheduledThreadPoolExecutor$DelayedWorkQueue.take(ScheduledThreadPoolExecutor.java:809)
        at java.util.concurrent.ThreadPoolExecutor.getTask(ThreadPoolExecutor.java:1074)
        at java.util.concurrent.ThreadPoolExecutor.runWorker(ThreadPoolExecutor.java:1134)
        at java.util.concurrent.ThreadPoolExecutor$Worker.run(ThreadPoolExecutor.java:624)
        at java.lang.Thread.run(Thread.java:748)
"pool-36-thread-12"  prio=5 tid=339 in Object.wait()
java.lang.Thread.State: WAITING (on object monitor)
        at sun.misc.Unsafe.park(Native Method)
        at java.util.concurrent.locks.LockSupport.park(LockSupport.java:175)
        at java.util.concurrent.locks.AbstractQueuedSynchronizer$ConditionObject.await(AbstractQueuedSynchronizer.java:2039)
        at java.util.concurrent.ArrayBlockingQueue.take(ArrayBlockingQueue.java:403)
        at java.util.concurrent.ThreadPoolExecutor.getTask(ThreadPoolExecutor.java:1074)
        at java.util.concurrent.ThreadPoolExecutor.runWorker(ThreadPoolExecutor.java:1134)
        at java.util.concurrent.ThreadPoolExecutor$Worker.run(ThreadPoolExecutor.java:624)
        at java.lang.Thread.run(Thread.java:748)
"pool-66-thread-22"  prio=5 tid=585 in Object.wait()
java.lang.Thread.State: WAITING (on object monitor)
        at sun.misc.Unsafe.park(Native Method)
        at java.util.concurrent.locks.LockSupport.park(LockSupport.java:175)
        at java.util.concurrent.locks.AbstractQueuedSynchronizer$ConditionObject.await(AbstractQueuedSynchronizer.java:2039)
        at java.util.concurrent.ArrayBlockingQueue.take(ArrayBlockingQueue.java:403)
        at java.util.concurrent.ThreadPoolExecutor.getTask(ThreadPoolExecutor.java:1074)
        at java.util.concurrent.ThreadPoolExecutor.runWorker(ThreadPoolExecutor.java:1134)
        at java.util.concurrent.ThreadPoolExecutor$Worker.run(ThreadPoolExecutor.java:624)
        at java.lang.Thread.run(Thread.java:748)
"pool-26-thread-36"  prio=5 tid=385 in Object.wait()
java.lang.Thread.State: WAITING (on object monitor)
        at sun.misc.Unsafe.park(Native Method)
        at java.util.concurrent.locks.LockSupport.park(LockSupport.java:175)
        at java.util.concurrent.locks.AbstractQueuedSynchronizer$ConditionObject.await(AbstractQueuedSynchronizer.java:2039)
        at java.util.concurrent.ArrayBlockingQueue.take(ArrayBlockingQueue.java:403)
        at java.util.concurrent.ThreadPoolExecutor.getTask(ThreadPoolExecutor.java:1074)
        at java.util.concurrent.ThreadPoolExecutor.runWorker(ThreadPoolExecutor.java:1134)
        at java.util.concurrent.ThreadPoolExecutor$Worker.run(ThreadPoolExecutor.java:624)
        at java.lang.Thread.run(Thread.java:748)
"pool-66-thread-31"  prio=5 tid=594 in Object.wait()
java.lang.Thread.State: WAITING (on object monitor)
        at sun.misc.Unsafe.park(Native Method)
        at java.util.concurrent.locks.LockSupport.park(LockSupport.java:175)
        at java.util.concurrent.locks.AbstractQueuedSynchronizer$ConditionObject.await(AbstractQueuedSynchronizer.java:2039)
        at java.util.concurrent.ArrayBlockingQueue.take(ArrayBlockingQueue.java:403)
        at java.util.concurrent.ThreadPoolExecutor.getTask(ThreadPoolExecutor.java:1074)
        at java.util.concurrent.ThreadPoolExecutor.runWorker(ThreadPoolExecutor.java:1134)
        at java.util.concurrent.ThreadPoolExecutor$Worker.run(ThreadPoolExecutor.java:624)
        at java.lang.Thread.run(Thread.java:748)
"Command processor thread" daemon prio=5 tid=257 timed_waiting
java.lang.Thread.State: TIMED_WAITING
        at java.lang.Thread.sleep(Native Method)
        at org.apache.hadoop.ozone.container.common.statemachine.DatanodeStateMachine.lambda$initCommandHandlerThread$1(DatanodeStateMachine.java:439)
        at org.apache.hadoop.ozone.container.common.statemachine.DatanodeStateMachine$$Lambda$141/1433858745.run(Unknown Source)
        at java.lang.Thread.run(Thread.java:748)
"metrics-hadoop-metrics2-reporter-65-thread-1" daemon prio=5 tid=952 timed_waiting
java.lang.Thread.State: TIMED_WAITING
        at sun.misc.Unsafe.park(Native Method)
        at java.util.concurrent.locks.LockSupport.parkNanos(LockSupport.java:215)
        at java.util.concurrent.locks.AbstractQueuedSynchronizer$ConditionObject.awaitNanos(AbstractQueuedSynchronizer.java:2078)
        at java.util.concurrent.ScheduledThreadPoolExecutor$DelayedWorkQueue.take(ScheduledThreadPoolExecutor.java:1093)
        at java.util.concurrent.ScheduledThreadPoolExecutor$DelayedWorkQueue.take(ScheduledThreadPoolExecutor.java:809)
        at java.util.concurrent.ThreadPoolExecutor.getTask(ThreadPoolExecutor.java:1074)
        at java.util.concurrent.ThreadPoolExecutor.runWorker(ThreadPoolExecutor.java:1134)
        at java.util.concurrent.ThreadPoolExecutor$Worker.run(ThreadPoolExecutor.java:624)
        at java.lang.Thread.run(Thread.java:748)
"pool-46-thread-38"  prio=5 tid=472 in Object.wait()
java.lang.Thread.State: WAITING (on object monitor)
        at sun.misc.Unsafe.park(Native Method)
        at java.util.concurrent.locks.LockSupport.park(LockSupport.java:175)
        at java.util.concurrent.locks.AbstractQueuedSynchronizer$ConditionObject.await(AbstractQueuedSynchronizer.java:2039)
        at java.util.concurrent.ArrayBlockingQueue.take(ArrayBlockingQueue.java:403)
        at java.util.concurrent.ThreadPoolExecutor.getTask(ThreadPoolExecutor.java:1074)
        at java.util.concurrent.ThreadPoolExecutor.runWorker(ThreadPoolExecutor.java:1134)
        at java.util.concurrent.ThreadPoolExecutor$Worker.run(ThreadPoolExecutor.java:624)
        at java.lang.Thread.run(Thread.java:748)
"pool-46-thread-16"  prio=5 tid=450 in Object.wait()
java.lang.Thread.State: WAITING (on object monitor)
        at sun.misc.Unsafe.park(Native Method)
        at java.util.concurrent.locks.LockSupport.park(LockSupport.java:175)
        at java.util.concurrent.locks.AbstractQueuedSynchronizer$ConditionObject.await(AbstractQueuedSynchronizer.java:2039)
        at java.util.concurrent.ArrayBlockingQueue.take(ArrayBlockingQueue.java:403)
        at java.util.concurrent.ThreadPoolExecutor.getTask(ThreadPoolExecutor.java:1074)
        at java.util.concurrent.ThreadPoolExecutor.runWorker(ThreadPoolExecutor.java:1134)
        at java.util.concurrent.ThreadPoolExecutor$Worker.run(ThreadPoolExecutor.java:624)
        at java.lang.Thread.run(Thread.java:748)
"qtp441384075-142" daemon prio=5 tid=142 timed_waiting
java.lang.Thread.State: TIMED_WAITING
        at sun.misc.Unsafe.park(Native Method)
        at java.util.concurrent.locks.LockSupport.parkNanos(LockSupport.java:215)
        at java.util.concurrent.locks.AbstractQueuedSynchronizer$ConditionObject.awaitNanos(AbstractQueuedSynchronizer.java:2078)
        at org.eclipse.jetty.util.BlockingArrayQueue.poll(BlockingArrayQueue.java:392)
        at org.eclipse.jetty.util.thread.QueuedThreadPool.idleJobPoll(QueuedThreadPool.java:563)
        at org.eclipse.jetty.util.thread.QueuedThreadPool.access$800(QueuedThreadPool.java:48)
        at org.eclipse.jetty.util.thread.QueuedThreadPool$2.run(QueuedThreadPool.java:626)
        at java.lang.Thread.run(Thread.java:748)
"IPC Server handler 2 on 33440" daemon prio=5 tid=52 timed_waiting
java.lang.Thread.State: TIMED_WAITING
        at sun.misc.Unsafe.park(Native Method)
        at java.util.concurrent.locks.LockSupport.parkNanos(LockSupport.java:215)
        at java.util.concurrent.locks.AbstractQueuedSynchronizer$ConditionObject.awaitNanos(AbstractQueuedSynchronizer.java:2078)
        at java.util.concurrent.LinkedBlockingQueue.poll(LinkedBlockingQueue.java:467)
        at org.apache.hadoop.ipc.CallQueueManager.take(CallQueueManager.java:288)
        at org.apache.hadoop.ipc.Server$Handler.run(Server.java:2668)
"qtp2116606463-217" daemon prio=5 tid=217 timed_waiting
java.lang.Thread.State: TIMED_WAITING
        at sun.misc.Unsafe.park(Native Method)
        at java.util.concurrent.locks.LockSupport.parkNanos(LockSupport.java:215)
        at java.util.concurrent.locks.AbstractQueuedSynchronizer$ConditionObject.awaitNanos(AbstractQueuedSynchronizer.java:2078)
        at org.eclipse.jetty.util.BlockingArrayQueue.poll(BlockingArrayQueue.java:392)
        at org.eclipse.jetty.util.thread.QueuedThreadPool.idleJobPoll(QueuedThreadPool.java:563)
        at org.eclipse.jetty.util.thread.QueuedThreadPool.access$800(QueuedThreadPool.java:48)
        at org.eclipse.jetty.util.thread.QueuedThreadPool$2.run(QueuedThreadPool.java:626)
        at java.lang.Thread.run(Thread.java:748)
"pool-56-thread-34"  prio=5 tid=532 in Object.wait()
java.lang.Thread.State: WAITING (on object monitor)
        at sun.misc.Unsafe.park(Native Method)
        at java.util.concurrent.locks.LockSupport.park(LockSupport.java:175)
        at java.util.concurrent.locks.AbstractQueuedSynchronizer$ConditionObject.await(AbstractQueuedSynchronizer.java:2039)
        at java.util.concurrent.ArrayBlockingQueue.take(ArrayBlockingQueue.java:403)
        at java.util.concurrent.ThreadPoolExecutor.getTask(ThreadPoolExecutor.java:1074)
        at java.util.concurrent.ThreadPoolExecutor.runWorker(ThreadPoolExecutor.java:1134)
        at java.util.concurrent.ThreadPoolExecutor$Worker.run(ThreadPoolExecutor.java:624)
        at java.lang.Thread.run(Thread.java:748)
"pool-36-thread-60"  prio=5 tid=432 in Object.wait()
java.lang.Thread.State: WAITING (on object monitor)
        at sun.misc.Unsafe.park(Native Method)
        at java.util.concurrent.locks.LockSupport.park(LockSupport.java:175)
        at java.util.concurrent.locks.AbstractQueuedSynchronizer$ConditionObject.await(AbstractQueuedSynchronizer.java:2039)
        at java.util.concurrent.ArrayBlockingQueue.take(ArrayBlockingQueue.java:403)
        at java.util.concurrent.ThreadPoolExecutor.getTask(ThreadPoolExecutor.java:1074)
        at java.util.concurrent.ThreadPoolExecutor.runWorker(ThreadPoolExecutor.java:1134)
        at java.util.concurrent.ThreadPoolExecutor$Worker.run(ThreadPoolExecutor.java:624)
        at java.lang.Thread.run(Thread.java:748)
"Finalizer" daemon prio=8 tid=3 in Object.wait()
java.lang.Thread.State: WAITING (on object monitor)
        at java.lang.Object.wait(Native Method)
        at java.lang.ref.ReferenceQueue.remove(ReferenceQueue.java:144)
        at java.lang.ref.ReferenceQueue.remove(ReferenceQueue.java:165)
        at java.lang.ref.Finalizer$FinalizerThread.run(Finalizer.java:216)
"pool-46-thread-51"  prio=5 tid=485 in Object.wait()
java.lang.Thread.State: WAITING (on object monitor)
        at sun.misc.Unsafe.park(Native Method)
        at java.util.concurrent.locks.LockSupport.park(LockSupport.java:175)
        at java.util.concurrent.locks.AbstractQueuedSynchronizer$ConditionObject.await(AbstractQueuedSynchronizer.java:2039)
        at java.util.concurrent.ArrayBlockingQueue.take(ArrayBlockingQueue.java:403)
        at java.util.concurrent.ThreadPoolExecutor.getTask(ThreadPoolExecutor.java:1074)
        at java.util.concurrent.ThreadPoolExecutor.runWorker(ThreadPoolExecutor.java:1134)
        at java.util.concurrent.ThreadPoolExecutor$Worker.run(ThreadPoolExecutor.java:624)
        at java.lang.Thread.run(Thread.java:748)
"jaeger.RemoteReporter-QueueProcessor" daemon prio=5 tid=148 in Object.wait()
java.lang.Thread.State: WAITING (on object monitor)
        at sun.misc.Unsafe.park(Native Method)
        at java.util.concurrent.locks.LockSupport.park(LockSupport.java:175)
        at java.util.concurrent.locks.AbstractQueuedSynchronizer$ConditionObject.await(AbstractQueuedSynchronizer.java:2039)
        at java.util.concurrent.ArrayBlockingQueue.take(ArrayBlockingQueue.java:403)
        at io.jaegertracing.internal.reporters.RemoteReporter$QueueProcessor.run(RemoteReporter.java:173)
        at java.lang.Thread.run(Thread.java:748)
"pool-36-thread-10"  prio=5 tid=335 in Object.wait()
java.lang.Thread.State: WAITING (on object monitor)
        at sun.misc.Unsafe.park(Native Method)
        at java.util.concurrent.locks.LockSupport.park(LockSupport.java:175)
        at java.util.concurrent.locks.AbstractQueuedSynchronizer$ConditionObject.await(AbstractQueuedSynchronizer.java:2039)
        at java.util.concurrent.ArrayBlockingQueue.take(ArrayBlockingQueue.java:403)
        at java.util.concurrent.ThreadPoolExecutor.getTask(ThreadPoolExecutor.java:1074)
        at java.util.concurrent.ThreadPoolExecutor.runWorker(ThreadPoolExecutor.java:1134)
        at java.util.concurrent.ThreadPoolExecutor$Worker.run(ThreadPoolExecutor.java:624)
        at java.lang.Thread.run(Thread.java:748)
"pool-36-thread-53"  prio=5 tid=418 in Object.wait()
java.lang.Thread.State: WAITING (on object monitor)
        at sun.misc.Unsafe.park(Native Method)
        at java.util.concurrent.locks.LockSupport.park(LockSupport.java:175)
        at java.util.concurrent.locks.AbstractQueuedSynchronizer$ConditionObject.await(AbstractQueuedSynchronizer.java:2039)
        at java.util.concurrent.ArrayBlockingQueue.take(ArrayBlockingQueue.java:403)
        at java.util.concurrent.ThreadPoolExecutor.getTask(ThreadPoolExecutor.java:1074)
        at java.util.concurrent.ThreadPoolExecutor.runWorker(ThreadPoolExecutor.java:1134)
        at java.util.concurrent.ThreadPoolExecutor$Worker.run(ThreadPoolExecutor.java:624)
        at java.lang.Thread.run(Thread.java:748)
"qtp1051453582-189" daemon prio=5 tid=189 timed_waiting
java.lang.Thread.State: TIMED_WAITING
        at sun.misc.Unsafe.park(Native Method)
        at java.util.concurrent.locks.LockSupport.parkNanos(LockSupport.java:215)
        at java.util.concurrent.locks.AbstractQueuedSynchronizer$ConditionObject.awaitNanos(AbstractQueuedSynchronizer.java:2078)
        at org.eclipse.jetty.util.BlockingArrayQueue.poll(BlockingArrayQueue.java:392)
        at org.eclipse.jetty.util.thread.QueuedThreadPool.idleJobPoll(QueuedThreadPool.java:563)
        at org.eclipse.jetty.util.thread.QueuedThreadPool.access$800(QueuedThreadPool.java:48)
        at org.eclipse.jetty.util.thread.QueuedThreadPool$2.run(QueuedThreadPool.java:626)
        at java.lang.Thread.run(Thread.java:748)
"pool-26-thread-54"  prio=5 tid=423 in Object.wait()
java.lang.Thread.State: WAITING (on object monitor)
        at sun.misc.Unsafe.park(Native Method)
        at java.util.concurrent.locks.LockSupport.park(LockSupport.java:175)
        at java.util.concurrent.locks.AbstractQueuedSynchronizer$ConditionObject.await(AbstractQueuedSynchronizer.java:2039)
        at java.util.concurrent.ArrayBlockingQueue.take(ArrayBlockingQueue.java:403)
        at java.util.concurrent.ThreadPoolExecutor.getTask(ThreadPoolExecutor.java:1074)
        at java.util.concurrent.ThreadPoolExecutor.runWorker(ThreadPoolExecutor.java:1134)
        at java.util.concurrent.ThreadPoolExecutor$Worker.run(ThreadPoolExecutor.java:624)
        at java.lang.Thread.run(Thread.java:748)
"CommandWatcher-LeaseManager#LeaseMonitor" daemon prio=5 tid=29 timed_waiting
java.lang.Thread.State: TIMED_WAITING
        at java.lang.Thread.sleep(Native Method)
        at org.apache.hadoop.ozone.lease.LeaseManager$LeaseMonitor.run(LeaseManager.java:234)
        at java.lang.Thread.run(Thread.java:748)
"pool-46-thread-24"  prio=5 tid=458 in Object.wait()
java.lang.Thread.State: WAITING (on object monitor)
        at sun.misc.Unsafe.park(Native Method)
        at java.util.concurrent.locks.LockSupport.park(LockSupport.java:175)
        at java.util.concurrent.locks.AbstractQueuedSynchronizer$ConditionObject.await(AbstractQueuedSynchronizer.java:2039)
        at java.util.concurrent.ArrayBlockingQueue.take(ArrayBlockingQueue.java:403)
        at java.util.concurrent.ThreadPoolExecutor.getTask(ThreadPoolExecutor.java:1074)
        at java.util.concurrent.ThreadPoolExecutor.runWorker(ThreadPoolExecutor.java:1134)
        at java.util.concurrent.ThreadPoolExecutor$Worker.run(ThreadPoolExecutor.java:624)
        at java.lang.Thread.run(Thread.java:748)
"pool-66-thread-42"  prio=5 tid=605 in Object.wait()
java.lang.Thread.State: WAITING (on object monitor)
        at sun.misc.Unsafe.park(Native Method)
        at java.util.concurrent.locks.LockSupport.park(LockSupport.java:175)
        at java.util.concurrent.locks.AbstractQueuedSynchronizer$ConditionObject.await(AbstractQueuedSynchronizer.java:2039)
        at java.util.concurrent.ArrayBlockingQueue.take(ArrayBlockingQueue.java:403)
        at java.util.concurrent.ThreadPoolExecutor.getTask(ThreadPoolExecutor.java:1074)
        at java.util.concurrent.ThreadPoolExecutor.runWorker(ThreadPoolExecutor.java:1134)
        at java.util.concurrent.ThreadPoolExecutor$Worker.run(ThreadPoolExecutor.java:624)
        at java.lang.Thread.run(Thread.java:748)
"BlockDeletingService#1" daemon prio=5 tid=536 in Object.wait()
java.lang.Thread.State: WAITING (on object monitor)
        at sun.misc.Unsafe.park(Native Method)
        at java.util.concurrent.locks.LockSupport.park(LockSupport.java:175)
        at java.util.concurrent.locks.AbstractQueuedSynchronizer$ConditionObject.await(AbstractQueuedSynchronizer.java:2039)
        at java.util.concurrent.ScheduledThreadPoolExecutor$DelayedWorkQueue.take(ScheduledThreadPoolExecutor.java:1088)
        at java.util.concurrent.ScheduledThreadPoolExecutor$DelayedWorkQueue.take(ScheduledThreadPoolExecutor.java:809)
        at java.util.concurrent.ThreadPoolExecutor.getTask(ThreadPoolExecutor.java:1074)
        at java.util.concurrent.ThreadPoolExecutor.runWorker(ThreadPoolExecutor.java:1134)
        at java.util.concurrent.ThreadPoolExecutor$Worker.run(ThreadPoolExecutor.java:624)
        at java.lang.Thread.run(Thread.java:748)
"pool-36-thread-34"  prio=5 tid=381 in Object.wait()
java.lang.Thread.State: WAITING (on object monitor)
        at sun.misc.Unsafe.park(Native Method)
        at java.util.concurrent.locks.LockSupport.park(LockSupport.java:175)
        at java.util.concurrent.locks.AbstractQueuedSynchronizer$ConditionObject.await(AbstractQueuedSynchronizer.java:2039)
        at java.util.concurrent.ArrayBlockingQueue.take(ArrayBlockingQueue.java:403)
        at java.util.concurrent.ThreadPoolExecutor.getTask(ThreadPoolExecutor.java:1074)
        at java.util.concurrent.ThreadPoolExecutor.runWorker(ThreadPoolExecutor.java:1134)
        at java.util.concurrent.ThreadPoolExecutor$Worker.run(ThreadPoolExecutor.java:624)
        at java.lang.Thread.run(Thread.java:748)
"java.util.concurrent.ThreadPoolExecutor$Worker@515039b0[State = -1, empty queue]" daemon prio=5 tid=1049 timed_waiting
java.lang.Thread.State: TIMED_WAITING
        at sun.misc.Unsafe.park(Native Method)
        at java.util.concurrent.locks.LockSupport.parkNanos(LockSupport.java:215)
        at java.util.concurrent.locks.AbstractQueuedSynchronizer$ConditionObject.awaitNanos(AbstractQueuedSynchronizer.java:2078)
        at java.util.concurrent.ScheduledThreadPoolExecutor$DelayedWorkQueue.take(ScheduledThreadPoolExecutor.java:1093)
        at java.util.concurrent.ScheduledThreadPoolExecutor$DelayedWorkQueue.take(ScheduledThreadPoolExecutor.java:809)
        at java.util.concurrent.ThreadPoolExecutor.getTask(ThreadPoolExecutor.java:1074)
        at java.util.concurrent.ThreadPoolExecutor.runWorker(ThreadPoolExecutor.java:1134)
        at java.util.concurrent.ThreadPoolExecutor$Worker.run(ThreadPoolExecutor.java:624)
        at java.lang.Thread.run(Thread.java:748)
"pool-26-thread-15"  prio=5 tid=342 in Object.wait()
java.lang.Thread.State: WAITING (on object monitor)
        at sun.misc.Unsafe.park(Native Method)
        at java.util.concurrent.locks.LockSupport.park(LockSupport.java:175)
        at java.util.concurrent.locks.AbstractQueuedSynchronizer$ConditionObject.await(AbstractQueuedSynchronizer.java:2039)
        at java.util.concurrent.ArrayBlockingQueue.take(ArrayBlockingQueue.java:403)
        at java.util.concurrent.ThreadPoolExecutor.getTask(ThreadPoolExecutor.java:1074)
        at java.util.concurrent.ThreadPoolExecutor.runWorker(ThreadPoolExecutor.java:1134)
        at java.util.concurrent.ThreadPoolExecutor$Worker.run(ThreadPoolExecutor.java:624)
        at java.lang.Thread.run(Thread.java:748)
"IPC Server handler 1 on 35347" daemon prio=5 tid=71 timed_waiting
java.lang.Thread.State: TIMED_WAITING
        at sun.misc.Unsafe.park(Native Method)
        at java.util.concurrent.locks.LockSupport.parkNanos(LockSupport.java:215)
        at java.util.concurrent.locks.AbstractQueuedSynchronizer$ConditionObject.awaitNanos(AbstractQueuedSynchronizer.java:2078)
        at java.util.concurrent.LinkedBlockingQueue.poll(LinkedBlockingQueue.java:467)
        at org.apache.hadoop.ipc.CallQueueManager.take(CallQueueManager.java:288)
        at org.apache.hadoop.ipc.Server$Handler.run(Server.java:2668)
"pool-66-thread-32"  prio=5 tid=595 in Object.wait()
java.lang.Thread.State: WAITING (on object monitor)
        at sun.misc.Unsafe.park(Native Method)
        at java.util.concurrent.locks.LockSupport.park(LockSupport.java:175)
        at java.util.concurrent.locks.AbstractQueuedSynchronizer$ConditionObject.await(AbstractQueuedSynchronizer.java:2039)
        at java.util.concurrent.ArrayBlockingQueue.take(ArrayBlockingQueue.java:403)
        at java.util.concurrent.ThreadPoolExecutor.getTask(ThreadPoolExecutor.java:1074)
        at java.util.concurrent.ThreadPoolExecutor.runWorker(ThreadPoolExecutor.java:1134)
        at java.util.concurrent.ThreadPoolExecutor$Worker.run(ThreadPoolExecutor.java:624)
        at java.lang.Thread.run(Thread.java:748)
"pool-46-thread-34"  prio=5 tid=468 in Object.wait()
java.lang.Thread.State: WAITING (on object monitor)
        at sun.misc.Unsafe.park(Native Method)
        at java.util.concurrent.locks.LockSupport.park(LockSupport.java:175)
        at java.util.concurrent.locks.AbstractQueuedSynchronizer$ConditionObject.await(AbstractQueuedSynchronizer.java:2039)
        at java.util.concurrent.ArrayBlockingQueue.take(ArrayBlockingQueue.java:403)
        at java.util.concurrent.ThreadPoolExecutor.getTask(ThreadPoolExecutor.java:1074)
        at java.util.concurrent.ThreadPoolExecutor.runWorker(ThreadPoolExecutor.java:1134)
        at java.util.concurrent.ThreadPoolExecutor$Worker.run(ThreadPoolExecutor.java:624)
        at java.lang.Thread.run(Thread.java:748)


	at org.apache.hadoop.test.GenericTestUtils.waitFor(GenericTestUtils.java:389)
	at org.apache.hadoop.hdds.scm.pipeline.TestRatisPipelineCreateAndDestroy.waitForPipelines(TestRatisPipelineCreateAndDestroy.java:126)
	at org.apache.hadoop.hdds.scm.pipeline.TestRatisPipelineCreateAndDestroy.testAutomaticPipelineCreationOnPipelineDestroy(TestRatisPipelineCreateAndDestroy.java:79)
	at sun.reflect.NativeMethodAccessorImpl.invoke0(Native Method)
	at sun.reflect.NativeMethodAccessorImpl.invoke(NativeMethodAccessorImpl.java:62)
	at sun.reflect.DelegatingMethodAccessorImpl.invoke(DelegatingMethodAccessorImpl.java:43)
	at java.lang.reflect.Method.invoke(Method.java:498)
	at org.junit.runners.model.FrameworkMethod$1.runReflectiveCall(FrameworkMethod.java:47)
	at org.junit.internal.runners.model.ReflectiveCallable.run(ReflectiveCallable.java:12)
	at org.junit.runners.model.FrameworkMethod.invokeExplosively(FrameworkMethod.java:44)
	at org.junit.internal.runners.statements.InvokeMethod.evaluate(InvokeMethod.java:17)
	at org.junit.internal.runners.statements.FailOnTimeout$StatementThread.run(FailOnTimeout.java:74)
</error>
    <system-out><![CDATA[2019-10-18 07:53:48,054 [Thread-0] WARN  server.ServerUtils (ServerUtils.java:getScmDbDir(145)) - ozone.scm.db.dirs is not configured. We recommend adding this setting. Falling back to ozone.metadata.dirs instead.
2019-10-18 07:53:48,177 [Thread-0] WARN  server.ServerUtils (ServerUtils.java:getScmDbDir(145)) - ozone.scm.db.dirs is not configured. We recommend adding this setting. Falling back to ozone.metadata.dirs instead.
2019-10-18 07:53:48,181 [Thread-0] WARN  server.ServerUtils (ServerUtils.java:getScmDbDir(145)) - ozone.scm.db.dirs is not configured. We recommend adding this setting. Falling back to ozone.metadata.dirs instead.
2019-10-18 07:53:48,208 [Thread-0] INFO  util.log (Log.java:initialized(192)) - Logging initialized @875ms
2019-10-18 07:53:48,305 [Thread-0] INFO  db.DBStoreBuilder (DBStoreBuilder.java:addTable(117)) - using custom profile for table: deletedBlocks
2019-10-18 07:53:48,306 [Thread-0] INFO  db.DBStoreBuilder (DBStoreBuilder.java:processTables(168)) - Using default column profile:DBProfile.DISK for Table:deletedBlocks
2019-10-18 07:53:48,306 [Thread-0] INFO  db.DBStoreBuilder (DBStoreBuilder.java:addTable(117)) - using custom profile for table: validCerts
2019-10-18 07:53:48,306 [Thread-0] INFO  db.DBStoreBuilder (DBStoreBuilder.java:processTables(168)) - Using default column profile:DBProfile.DISK for Table:validCerts
2019-10-18 07:53:48,307 [Thread-0] INFO  db.DBStoreBuilder (DBStoreBuilder.java:addTable(117)) - using custom profile for table: revokedCerts
2019-10-18 07:53:48,307 [Thread-0] INFO  db.DBStoreBuilder (DBStoreBuilder.java:processTables(168)) - Using default column profile:DBProfile.DISK for Table:revokedCerts
2019-10-18 07:53:48,318 [Thread-0] INFO  db.DBStoreBuilder (DBStoreBuilder.java:addTable(117)) - using custom profile for table: default
2019-10-18 07:53:48,319 [Thread-0] INFO  db.DBStoreBuilder (DBStoreBuilder.java:processTables(174)) - Using default column profile:DBProfile.DISK for Table:default
2019-10-18 07:53:48,320 [Thread-0] INFO  db.DBStoreBuilder (DBStoreBuilder.java:getDbProfile(205)) - Using default options. DBProfile.DISK
2019-10-18 07:53:48,577 [Thread-0] INFO  net.NodeSchemaLoader (NodeSchemaLoader.java:loadSchemaFromFile(125)) - Loading file from sun.misc.CompoundEnumeration@19b735bf
2019-10-18 07:53:48,579 [Thread-0] INFO  net.NodeSchemaLoader (NodeSchemaLoader.java:loadSchema(171)) - Loading network topology layer schema file
2019-10-18 07:53:48,661 [Thread-0] INFO  node.SCMNodeManager (SCMNodeManager.java:<init>(116)) - Entering startup safe mode.
2019-10-18 07:53:48,728 [Thread-0] INFO  algorithms.ContainerPlacementPolicyFactory (ContainerPlacementPolicyFactory.java:getPolicy(57)) - Create container placement policy of type org.apache.hadoop.hdds.scm.container.placement.algorithms.SCMContainerPlacementRandom
2019-10-18 07:53:48,741 [Thread-0] WARN  server.ServerUtils (ServerUtils.java:getScmDbDir(145)) - ozone.scm.db.dirs is not configured. We recommend adding this setting. Falling back to ozone.metadata.dirs instead.
2019-10-18 07:53:48,822 [Thread-0] INFO  pipeline.SCMPipelineManager (SCMPipelineManager.java:initializePipelineState(132)) - No pipeline exists in current db
2019-10-18 07:53:48,825 [Thread-0] WARN  server.ServerUtils (ServerUtils.java:getScmDbDir(145)) - ozone.scm.db.dirs is not configured. We recommend adding this setting. Falling back to ozone.metadata.dirs instead.
2019-10-18 07:53:48,925 [Thread-0] WARN  events.EventQueue (EventQueue.java:fireEvent(183)) - No event handler registered for event TypedEvent{payloadType=SafeModeStatus, name='SafeModeStatus'}
2019-10-18 07:53:49,305 [Thread-0] INFO  ipc.CallQueueManager (CallQueueManager.java:<init>(84)) - Using callQueue: class java.util.concurrent.LinkedBlockingQueue, queueCapacity: 2000, scheduler: class org.apache.hadoop.ipc.DefaultRpcScheduler, ipcBackoff: false.
2019-10-18 07:53:49,445 [Socket Reader #1 for port 35347] INFO  ipc.Server (Server.java:run(1074)) - Starting Socket Reader #1 for port 35347
2019-10-18 07:53:49,482 [Thread-0] INFO  ipc.CallQueueManager (CallQueueManager.java:<init>(84)) - Using callQueue: class java.util.concurrent.LinkedBlockingQueue, queueCapacity: 2000, scheduler: class org.apache.hadoop.ipc.DefaultRpcScheduler, ipcBackoff: false.
2019-10-18 07:53:49,484 [Socket Reader #1 for port 33440] INFO  ipc.Server (Server.java:run(1074)) - Starting Socket Reader #1 for port 33440
2019-10-18 07:53:49,494 [Thread-0] INFO  ipc.CallQueueManager (CallQueueManager.java:<init>(84)) - Using callQueue: class java.util.concurrent.LinkedBlockingQueue, queueCapacity: 2000, scheduler: class org.apache.hadoop.ipc.DefaultRpcScheduler, ipcBackoff: false.
2019-10-18 07:53:49,495 [Socket Reader #1 for port 33888] INFO  ipc.Server (Server.java:run(1074)) - Starting Socket Reader #1 for port 33888
2019-10-18 07:53:49,522 [Thread-0] INFO  hdfs.DFSUtil (DFSUtil.java:httpServerTemplateForNNAndJN(1641)) - Starting Web-server for scm at: http://0.0.0.0:0
2019-10-18 07:53:49,695 [Thread-0] INFO  server.AuthenticationFilter (AuthenticationFilter.java:constructSecretProvider(240)) - Unable to initialize FileSignerSecretProvider, falling back to use random secrets.
2019-10-18 07:53:49,704 [Thread-0] WARN  http.HttpRequestLog (HttpRequestLog.java:getRequestLog(97)) - Jetty request log can only be enabled using Log4j
2019-10-18 07:53:49,711 [Thread-0] INFO  http.HttpServer2 (HttpServer2.java:addGlobalFilter(975)) - Added global filter 'safety' (class=org.apache.hadoop.http.HttpServer2$QuotingInputFilter)
2019-10-18 07:53:49,714 [Thread-0] INFO  http.HttpServer2 (HttpServer2.java:addFilter(948)) - Added filter static_user_filter (class=org.apache.hadoop.http.lib.StaticUserWebFilter$StaticUserFilter) to context scm
2019-10-18 07:53:49,714 [Thread-0] INFO  http.HttpServer2 (HttpServer2.java:addFilter(958)) - Added filter static_user_filter (class=org.apache.hadoop.http.lib.StaticUserWebFilter$StaticUserFilter) to context logs
2019-10-18 07:53:49,714 [Thread-0] INFO  http.HttpServer2 (HttpServer2.java:addFilter(958)) - Added filter static_user_filter (class=org.apache.hadoop.http.lib.StaticUserWebFilter$StaticUserFilter) to context static
2019-10-18 07:53:49,744 [Thread-0] INFO  server.StorageContainerManager (StorageContainerManager.java:start(772)) - StorageContainerLocationProtocol RPC server is listening at /0.0.0.0:33888
2019-10-18 07:53:49,810 [Thread-0] WARN  impl.MetricsConfig (MetricsConfig.java:loadFirst(134)) - Cannot locate configuration: tried hadoop-metrics2-storagecontainermanager.properties,hadoop-metrics2.properties
2019-10-18 07:53:49,824 [Thread-0] INFO  impl.MetricsSystemImpl (MetricsSystemImpl.java:startTimer(374)) - Scheduled Metric snapshot period at 10 second(s).
2019-10-18 07:53:49,825 [Thread-0] INFO  impl.MetricsSystemImpl (MetricsSystemImpl.java:start(191)) - StorageContainerManager metrics system started
2019-10-18 07:53:50,061 [Thread-0] INFO  server.SCMClientProtocolServer (SCMClientProtocolServer.java:start(159)) - RPC server for Client  is listening at /0.0.0.0:33888
2019-10-18 07:53:50,062 [IPC Server Responder] INFO  ipc.Server (Server.java:run(1314)) - IPC Server Responder: starting
2019-10-18 07:53:50,062 [IPC Server listener on 33888] INFO  ipc.Server (Server.java:run(1153)) - IPC Server listener on 33888: starting
2019-10-18 07:53:50,065 [Thread-0] INFO  server.StorageContainerManager (StorageContainerManager.java:start(782)) - ScmBlockLocationProtocol RPC server is listening at /0.0.0.0:33440
2019-10-18 07:53:50,066 [Thread-0] INFO  server.SCMBlockProtocolServer (SCMBlockProtocolServer.java:start(146)) - RPC server for Block Protocol is listening at /0.0.0.0:33440
2019-10-18 07:53:50,066 [IPC Server Responder] INFO  ipc.Server (Server.java:run(1314)) - IPC Server Responder: starting
2019-10-18 07:53:50,066 [IPC Server listener on 33440] INFO  ipc.Server (Server.java:run(1153)) - IPC Server listener on 33440: starting
2019-10-18 07:53:50,068 [Thread-0] INFO  server.StorageContainerManager (StorageContainerManager.java:start(786)) - ScmDatanodeProtocl RPC server is listening at /0.0.0.0:35347
2019-10-18 07:53:50,069 [Thread-0] INFO  server.SCMDatanodeProtocolServer (SCMDatanodeProtocolServer.java:start(169)) - RPC server for DataNodes is listening at /0.0.0.0:35347
2019-10-18 07:53:50,069 [IPC Server Responder] INFO  ipc.Server (Server.java:run(1314)) - IPC Server Responder: starting
2019-10-18 07:53:50,069 [IPC Server listener on 35347] INFO  ipc.Server (Server.java:run(1153)) - IPC Server listener on 35347: starting
2019-10-18 07:53:50,073 [Thread-0] INFO  http.HttpServer2 (HttpServer2.java:bindListener(1191)) - Jetty bound to port 37757
2019-10-18 07:53:50,075 [Thread-0] INFO  server.Server (Server.java:doStart(351)) - jetty-9.3.25.v20180904, build timestamp: 2018-09-04T21:11:46Z, git hash: 3ce520221d0240229c862b122d2b06c12a625732
2019-10-18 07:53:50,111 [Thread-0] INFO  handler.ContextHandler (ContextHandler.java:doStart(781)) - Started o.e.j.s.ServletContextHandler@749468f0{/logs,file:///workdir/hadoop-ozone/integration-test/target/log,AVAILABLE}
2019-10-18 07:53:50,112 [Thread-0] INFO  handler.ContextHandler (ContextHandler.java:doStart(781)) - Started o.e.j.s.ServletContextHandler@3406e2ec{/static,file:///workdir/hadoop-ozone/integration-test/target/test-classes/webapps/static,AVAILABLE}
2019-10-18 07:53:50,144 [Thread-0] INFO  handler.ContextHandler (ContextHandler.java:doStart(781)) - Started o.e.j.w.WebAppContext@7ea1431{/,file:///workdir/hadoop-ozone/integration-test/target/test-classes/webapps/scm/,AVAILABLE}{/scm}
2019-10-18 07:53:50,149 [Thread-0] INFO  server.AbstractConnector (AbstractConnector.java:doStart(278)) - Started ServerConnector@51849229{HTTP/1.1,[http/1.1]}{0.0.0.0:37757}
2019-10-18 07:53:50,150 [Thread-0] INFO  server.Server (Server.java:doStart(419)) - Started @2817ms
2019-10-18 07:53:50,152 [Thread-0] INFO  impl.MetricsSinkAdapter (MetricsSinkAdapter.java:start(204)) - Sink prometheus started
2019-10-18 07:53:50,152 [Thread-0] INFO  impl.MetricsSystemImpl (MetricsSystemImpl.java:registerSink(301)) - Registered sink prometheus
2019-10-18 07:53:50,154 [Thread-0] INFO  server.BaseHttpServer (BaseHttpServer.java:updateConnectorAddress(215)) - HTTP server of SCM is listening at http://0.0.0.0:37757
2019-10-18 07:53:50,162 [org.apache.hadoop.util.JvmPauseMonitor$Monitor@6c48b1cf] INFO  util.JvmPauseMonitor (JvmPauseMonitor.java:run(188)) - Starting JVM pause monitor
2019-10-18 07:53:50,165 [Thread-0] WARN  server.ServerUtils (ServerUtils.java:getDBPath(222)) - ozone.om.db.dirs is not configured. We recommend adding this setting. Falling back to ozone.metadata.dirs instead.
2019-10-18 07:53:50,286 [Thread-0] INFO  ha.OMHANodeDetails (OMHANodeDetails.java:loadOMHAConfig(190)) - Configuration either no ozone.om.address set. Falling back to the default OM address /127.0.0.1:0
2019-10-18 07:53:50,286 [Thread-0] INFO  ha.OMHANodeDetails (OMHANodeDetails.java:getOMNodeDetails(220)) - OM Service ID is not set. Setting it to the default ID: omServiceIdDefault
2019-10-18 07:53:50,288 [Thread-0] WARN  server.ServerUtils (ServerUtils.java:getDBPath(222)) - ozone.om.db.dirs is not configured. We recommend adding this setting. Falling back to ozone.metadata.dirs instead.
2019-10-18 07:53:50,289 [Thread-0] WARN  server.ServerUtils (ServerUtils.java:getDBPath(222)) - ozone.om.db.dirs is not configured. We recommend adding this setting. Falling back to ozone.metadata.dirs instead.
2019-10-18 07:53:50,980 [Thread-0] WARN  server.ServerUtils (ServerUtils.java:getDBPath(222)) - ozone.om.db.dirs is not configured. We recommend adding this setting. Falling back to ozone.metadata.dirs instead.
2019-10-18 07:53:50,989 [Thread-0] INFO  db.DBStoreBuilder (DBStoreBuilder.java:addTable(117)) - using custom profile for table: userTable
2019-10-18 07:53:50,989 [Thread-0] INFO  db.DBStoreBuilder (DBStoreBuilder.java:processTables(168)) - Using default column profile:DBProfile.DISK for Table:userTable
2019-10-18 07:53:50,989 [Thread-0] INFO  db.DBStoreBuilder (DBStoreBuilder.java:addTable(117)) - using custom profile for table: volumeTable
2019-10-18 07:53:50,989 [Thread-0] INFO  db.DBStoreBuilder (DBStoreBuilder.java:processTables(168)) - Using default column profile:DBProfile.DISK for Table:volumeTable
2019-10-18 07:53:50,989 [Thread-0] INFO  db.DBStoreBuilder (DBStoreBuilder.java:addTable(117)) - using custom profile for table: bucketTable
2019-10-18 07:53:50,990 [Thread-0] INFO  db.DBStoreBuilder (DBStoreBuilder.java:processTables(168)) - Using default column profile:DBProfile.DISK for Table:bucketTable
2019-10-18 07:53:50,990 [Thread-0] INFO  db.DBStoreBuilder (DBStoreBuilder.java:addTable(117)) - using custom profile for table: keyTable
2019-10-18 07:53:50,990 [Thread-0] INFO  db.DBStoreBuilder (DBStoreBuilder.java:processTables(168)) - Using default column profile:DBProfile.DISK for Table:keyTable
2019-10-18 07:53:50,990 [Thread-0] INFO  db.DBStoreBuilder (DBStoreBuilder.java:addTable(117)) - using custom profile for table: deletedTable
2019-10-18 07:53:50,990 [Thread-0] INFO  db.DBStoreBuilder (DBStoreBuilder.java:processTables(168)) - Using default column profile:DBProfile.DISK for Table:deletedTable
2019-10-18 07:53:50,991 [Thread-0] INFO  db.DBStoreBuilder (DBStoreBuilder.java:addTable(117)) - using custom profile for table: openKeyTable
2019-10-18 07:53:50,991 [Thread-0] INFO  db.DBStoreBuilder (DBStoreBuilder.java:processTables(168)) - Using default column profile:DBProfile.DISK for Table:openKeyTable
2019-10-18 07:53:50,991 [Thread-0] INFO  db.DBStoreBuilder (DBStoreBuilder.java:addTable(117)) - using custom profile for table: s3Table
2019-10-18 07:53:50,991 [Thread-0] INFO  db.DBStoreBuilder (DBStoreBuilder.java:processTables(168)) - Using default column profile:DBProfile.DISK for Table:s3Table
2019-10-18 07:53:50,992 [Thread-0] INFO  db.DBStoreBuilder (DBStoreBuilder.java:addTable(117)) - using custom profile for table: multipartInfoTable
2019-10-18 07:53:50,992 [Thread-0] INFO  db.DBStoreBuilder (DBStoreBuilder.java:processTables(168)) - Using default column profile:DBProfile.DISK for Table:multipartInfoTable
2019-10-18 07:53:50,992 [Thread-0] INFO  db.DBStoreBuilder (DBStoreBuilder.java:addTable(117)) - using custom profile for table: dTokenTable
2019-10-18 07:53:50,992 [Thread-0] INFO  db.DBStoreBuilder (DBStoreBuilder.java:processTables(168)) - Using default column profile:DBProfile.DISK for Table:dTokenTable
2019-10-18 07:53:50,993 [Thread-0] INFO  db.DBStoreBuilder (DBStoreBuilder.java:addTable(117)) - using custom profile for table: s3SecretTable
2019-10-18 07:53:50,993 [Thread-0] INFO  db.DBStoreBuilder (DBStoreBuilder.java:processTables(168)) - Using default column profile:DBProfile.DISK for Table:s3SecretTable
2019-10-18 07:53:50,993 [Thread-0] INFO  db.DBStoreBuilder (DBStoreBuilder.java:addTable(117)) - using custom profile for table: prefixTable
2019-10-18 07:53:50,993 [Thread-0] INFO  db.DBStoreBuilder (DBStoreBuilder.java:processTables(168)) - Using default column profile:DBProfile.DISK for Table:prefixTable
2019-10-18 07:53:50,994 [Thread-0] INFO  db.DBStoreBuilder (DBStoreBuilder.java:addTable(117)) - using custom profile for table: default
2019-10-18 07:53:50,994 [Thread-0] INFO  db.DBStoreBuilder (DBStoreBuilder.java:processTables(174)) - Using default column profile:DBProfile.DISK for Table:default
2019-10-18 07:53:50,994 [Thread-0] INFO  db.DBStoreBuilder (DBStoreBuilder.java:getDbProfile(205)) - Using default options. DBProfile.DISK
2019-10-18 07:53:51,441 [Thread-0] INFO  ipc.CallQueueManager (CallQueueManager.java:<init>(84)) - Using callQueue: class java.util.concurrent.LinkedBlockingQueue, queueCapacity: 2000, scheduler: class org.apache.hadoop.ipc.DefaultRpcScheduler, ipcBackoff: false.
2019-10-18 07:53:51,442 [Socket Reader #1 for port 41091] INFO  ipc.Server (Server.java:run(1074)) - Starting Socket Reader #1 for port 41091
2019-10-18 07:53:51,462 [Thread-0] INFO  om.OzoneManager (OzoneManager.java:start(1071)) - OzoneManager RPC server is listening at localhost/127.0.0.1:41091
2019-10-18 07:53:51,463 [Thread-0] INFO  impl.MetricsSystemImpl (MetricsSystemImpl.java:init(158)) - OzoneManager metrics system started (again)
2019-10-18 07:53:51,471 [IPC Server Responder] INFO  ipc.Server (Server.java:run(1314)) - IPC Server Responder: starting
2019-10-18 07:53:51,471 [IPC Server listener on 41091] INFO  ipc.Server (Server.java:run(1153)) - IPC Server listener on 41091: starting
2019-10-18 07:53:51,477 [Thread-0] INFO  hdfs.DFSUtil (DFSUtil.java:httpServerTemplateForNNAndJN(1641)) - Starting Web-server for ozoneManager at: http://0.0.0.0:0
2019-10-18 07:53:51,479 [Thread-0] INFO  server.AuthenticationFilter (AuthenticationFilter.java:constructSecretProvider(240)) - Unable to initialize FileSignerSecretProvider, falling back to use random secrets.
2019-10-18 07:53:51,479 [Thread-0] WARN  http.HttpRequestLog (HttpRequestLog.java:getRequestLog(97)) - Jetty request log can only be enabled using Log4j
2019-10-18 07:53:51,481 [Thread-0] INFO  http.HttpServer2 (HttpServer2.java:addGlobalFilter(975)) - Added global filter 'safety' (class=org.apache.hadoop.http.HttpServer2$QuotingInputFilter)
2019-10-18 07:53:51,482 [Thread-0] INFO  http.HttpServer2 (HttpServer2.java:addFilter(948)) - Added filter static_user_filter (class=org.apache.hadoop.http.lib.StaticUserWebFilter$StaticUserFilter) to context ozoneManager
2019-10-18 07:53:51,482 [Thread-0] INFO  http.HttpServer2 (HttpServer2.java:addFilter(958)) - Added filter static_user_filter (class=org.apache.hadoop.http.lib.StaticUserWebFilter$StaticUserFilter) to context logs
2019-10-18 07:53:51,482 [Thread-0] INFO  http.HttpServer2 (HttpServer2.java:addFilter(958)) - Added filter static_user_filter (class=org.apache.hadoop.http.lib.StaticUserWebFilter$StaticUserFilter) to context static
2019-10-18 07:53:51,485 [Thread-0] INFO  http.HttpServer2 (HttpServer2.java:bindListener(1191)) - Jetty bound to port 46110
2019-10-18 07:53:51,485 [Thread-0] INFO  server.Server (Server.java:doStart(351)) - jetty-9.3.25.v20180904, build timestamp: 2018-09-04T21:11:46Z, git hash: 3ce520221d0240229c862b122d2b06c12a625732
2019-10-18 07:53:51,487 [Thread-0] INFO  handler.ContextHandler (ContextHandler.java:doStart(781)) - Started o.e.j.s.ServletContextHandler@6ca3d023{/logs,file:///workdir/hadoop-ozone/integration-test/target/log,AVAILABLE}
2019-10-18 07:53:51,488 [Thread-0] INFO  handler.ContextHandler (ContextHandler.java:doStart(781)) - Started o.e.j.s.ServletContextHandler@117d1b48{/static,file:///workdir/hadoop-ozone/integration-test/target/test-classes/webapps/static,AVAILABLE}
2019-10-18 07:53:51,495 [Thread-0] INFO  handler.ContextHandler (ContextHandler.java:doStart(781)) - Started o.e.j.w.WebAppContext@79972309{/,file:///workdir/hadoop-ozone/integration-test/target/test-classes/webapps/ozoneManager/,AVAILABLE}{/ozoneManager}
2019-10-18 07:53:51,496 [Thread-0] INFO  server.AbstractConnector (AbstractConnector.java:doStart(278)) - Started ServerConnector@10e93f0c{HTTP/1.1,[http/1.1]}{0.0.0.0:46110}
2019-10-18 07:53:51,496 [Thread-0] INFO  server.Server (Server.java:doStart(419)) - Started @4163ms
2019-10-18 07:53:51,497 [Thread-0] WARN  impl.MetricsSystemImpl (MetricsSystemImpl.java:register(276)) - Sink prometheus already exists!
2019-10-18 07:53:51,498 [Thread-0] INFO  server.BaseHttpServer (BaseHttpServer.java:updateConnectorAddress(215)) - HTTP server of OZONEMANAGER is listening at http://0.0.0.0:46110
2019-10-18 07:53:51,783 [Thread-0] INFO  impl.MetricsSystemImpl (MetricsSystemImpl.java:init(158)) - HddsDatanode metrics system started (again)
2019-10-18 07:53:51,831 [Thread-0] INFO  ozone.HddsDatanodeService (HddsDatanodeService.java:start(184)) - HddsDatanodeService host:pr-hdds-1868-wx8dl-4219780377 ip:192.168.69.67
2019-10-18 07:53:51,863 [Thread-0] INFO  volume.HddsVolume (HddsVolume.java:<init>(176)) - Creating Volume: /workdir/hadoop-ozone/integration-test/target/test-dir/MiniOzoneClusterImpl-58fc3ecd-0fbd-4e7b-a09c-4106a93dde4d/datanode-0/data/containers/hdds of  storage type : DISK and capacity : 1482555576320
2019-10-18 07:53:51,866 [Thread-0] INFO  volume.VolumeSet (VolumeSet.java:initializeVolumeSet(170)) - Added Volume : /workdir/hadoop-ozone/integration-test/target/test-dir/MiniOzoneClusterImpl-58fc3ecd-0fbd-4e7b-a09c-4106a93dde4d/datanode-0/data/containers/hdds to VolumeSet
2019-10-18 07:53:51,870 [Thread-0] INFO  volume.ThrottledAsyncChecker (ThrottledAsyncChecker.java:schedule(141)) - Scheduling a check for /workdir/hadoop-ozone/integration-test/target/test-dir/MiniOzoneClusterImpl-58fc3ecd-0fbd-4e7b-a09c-4106a93dde4d/datanode-0/data/containers/hdds
2019-10-18 07:53:51,892 [Thread-0] INFO  volume.HddsVolumeChecker (HddsVolumeChecker.java:checkAllVolumes(204)) - Scheduled health check for volume /workdir/hadoop-ozone/integration-test/target/test-dir/MiniOzoneClusterImpl-58fc3ecd-0fbd-4e7b-a09c-4106a93dde4d/datanode-0/data/containers/hdds
2019-10-18 07:53:52,011 [Thread-0] INFO  impl.RaftServerProxy (ConfUtils.java:logGet(43)) - raft.rpc.type = GRPC (default)
2019-10-18 07:53:52,073 [Thread-0] INFO  grpc.GrpcFactory (GrpcFactory.java:checkPooledByteBufAllocatorUseCacheForAllThreads(45)) - PERFORMANCE WARNING: useCacheForAllThreads is true that may cause Netty to create a lot garbage objects and, as a result, trigger GC.
	It is recommended to disable useCacheForAllThreads by setting -Dorg.apache.ratis.thirdparty.io.netty.allocator.useCacheForAllThreads=false in command line.
2019-10-18 07:53:52,078 [Thread-0] INFO  grpc.GrpcConfigKeys$Server (ConfUtils.java:logGet(43)) - raft.grpc.server.port = 0 (default)
2019-10-18 07:53:52,079 [Thread-0] INFO  server.GrpcService (ConfUtils.java:logGet(43)) - raft.grpc.message.size.max = 33570816 (custom)
2019-10-18 07:53:52,081 [Thread-0] INFO  server.RaftServerConfigKeys (ConfUtils.java:logGet(43)) - raft.server.log.appender.buffer.byte-limit = 33554432 (custom)
2019-10-18 07:53:52,082 [Thread-0] INFO  server.GrpcService (ConfUtils.java:logGet(43)) - raft.grpc.flow.control.window = 1MB (=1048576) (default)
2019-10-18 07:53:52,083 [Thread-0] INFO  server.RaftServerConfigKeys (ConfUtils.java:logGet(43)) - raft.server.rpc.request.timeout = 3000ms (default)
2019-10-18 07:53:52,243 [Thread-0] INFO  server.RaftServerConfigKeys (ConfUtils.java:logGet(43)) - raft.server.storage.dir = [/workdir/hadoop-ozone/integration-test/target/test-dir/MiniOzoneClusterImpl-58fc3ecd-0fbd-4e7b-a09c-4106a93dde4d/datanode-0/data/ratis] (custom)
2019-10-18 07:53:52,309 [Thread-0] INFO  hdfs.DFSUtil (DFSUtil.java:httpServerTemplateForNNAndJN(1641)) - Starting Web-server for hddsDatanode at: http://0.0.0.0:0
2019-10-18 07:53:52,311 [Thread-0] INFO  server.AuthenticationFilter (AuthenticationFilter.java:constructSecretProvider(240)) - Unable to initialize FileSignerSecretProvider, falling back to use random secrets.
2019-10-18 07:53:52,312 [Thread-0] WARN  http.HttpRequestLog (HttpRequestLog.java:getRequestLog(97)) - Jetty request log can only be enabled using Log4j
2019-10-18 07:53:52,314 [Thread-0] INFO  http.HttpServer2 (HttpServer2.java:addGlobalFilter(975)) - Added global filter 'safety' (class=org.apache.hadoop.http.HttpServer2$QuotingInputFilter)
2019-10-18 07:53:52,315 [Thread-0] INFO  http.HttpServer2 (HttpServer2.java:addFilter(948)) - Added filter static_user_filter (class=org.apache.hadoop.http.lib.StaticUserWebFilter$StaticUserFilter) to context hddsDatanode
2019-10-18 07:53:52,315 [Thread-0] INFO  http.HttpServer2 (HttpServer2.java:addFilter(958)) - Added filter static_user_filter (class=org.apache.hadoop.http.lib.StaticUserWebFilter$StaticUserFilter) to context static
2019-10-18 07:53:52,316 [Thread-0] INFO  http.HttpServer2 (HttpServer2.java:addFilter(958)) - Added filter static_user_filter (class=org.apache.hadoop.http.lib.StaticUserWebFilter$StaticUserFilter) to context logs
2019-10-18 07:53:52,317 [Thread-0] INFO  http.HttpServer2 (HttpServer2.java:bindListener(1191)) - Jetty bound to port 40543
2019-10-18 07:53:52,317 [Thread-0] INFO  server.Server (Server.java:doStart(351)) - jetty-9.3.25.v20180904, build timestamp: 2018-09-04T21:11:46Z, git hash: 3ce520221d0240229c862b122d2b06c12a625732
2019-10-18 07:53:52,321 [Thread-0] INFO  handler.ContextHandler (ContextHandler.java:doStart(781)) - Started o.e.j.s.ServletContextHandler@68c1d91a{/logs,file:///workdir/hadoop-ozone/integration-test/target/log,AVAILABLE}
2019-10-18 07:53:52,322 [Thread-0] INFO  handler.ContextHandler (ContextHandler.java:doStart(781)) - Started o.e.j.s.ServletContextHandler@3471bcf4{/static,jar:file:/home/user/.m2/repository/org/apache/hadoop/hadoop-hdds-container-service/0.5.0-SNAPSHOT/hadoop-hdds-container-service-0.5.0-SNAPSHOT.jar!/webapps/static,AVAILABLE}
2019-10-18 07:53:52,369 [Thread-0] INFO  handler.ContextHandler (ContextHandler.java:doStart(781)) - Started o.e.j.w.WebAppContext@6560b153{/,file:///tmp/jetty-0.0.0.0-40543-hddsDatanode-_-any-5544744005884221977.dir/webapp/,AVAILABLE}{/hddsDatanode}
2019-10-18 07:53:52,369 [Thread-0] INFO  server.AbstractConnector (AbstractConnector.java:doStart(278)) - Started ServerConnector@af153ab{HTTP/1.1,[http/1.1]}{0.0.0.0:40543}
2019-10-18 07:53:52,370 [Thread-0] INFO  server.Server (Server.java:doStart(419)) - Started @5037ms
2019-10-18 07:53:52,370 [Thread-0] WARN  impl.MetricsSystemImpl (MetricsSystemImpl.java:register(276)) - Sink prometheus already exists!
2019-10-18 07:53:52,371 [Thread-0] INFO  server.BaseHttpServer (BaseHttpServer.java:updateConnectorAddress(215)) - HTTP server of HDDSDATANODE is listening at http://0.0.0.0:40543
2019-10-18 07:53:52,373 [Thread-0] INFO  impl.MetricsSystemImpl (MetricsSystemImpl.java:init(158)) - HddsDatanode metrics system started (again)
2019-10-18 07:53:52,376 [Thread-0] INFO  ozone.HddsDatanodeService (HddsDatanodeService.java:start(184)) - HddsDatanodeService host:pr-hdds-1868-wx8dl-4219780377 ip:192.168.69.67
2019-10-18 07:53:52,380 [org.apache.hadoop.util.JvmPauseMonitor$Monitor@2c735634] INFO  util.JvmPauseMonitor (JvmPauseMonitor.java:run(188)) - Starting JVM pause monitor
2019-10-18 07:53:52,387 [Thread-0] INFO  volume.HddsVolume (HddsVolume.java:<init>(176)) - Creating Volume: /workdir/hadoop-ozone/integration-test/target/test-dir/MiniOzoneClusterImpl-58fc3ecd-0fbd-4e7b-a09c-4106a93dde4d/datanode-1/data/containers/hdds of  storage type : DISK and capacity : 1482555576320
2019-10-18 07:53:52,388 [Thread-0] INFO  volume.VolumeSet (VolumeSet.java:initializeVolumeSet(170)) - Added Volume : /workdir/hadoop-ozone/integration-test/target/test-dir/MiniOzoneClusterImpl-58fc3ecd-0fbd-4e7b-a09c-4106a93dde4d/datanode-1/data/containers/hdds to VolumeSet
2019-10-18 07:53:52,388 [Thread-0] INFO  volume.ThrottledAsyncChecker (ThrottledAsyncChecker.java:schedule(141)) - Scheduling a check for /workdir/hadoop-ozone/integration-test/target/test-dir/MiniOzoneClusterImpl-58fc3ecd-0fbd-4e7b-a09c-4106a93dde4d/datanode-1/data/containers/hdds
2019-10-18 07:53:52,389 [Thread-0] INFO  volume.HddsVolumeChecker (HddsVolumeChecker.java:checkAllVolumes(204)) - Scheduled health check for volume /workdir/hadoop-ozone/integration-test/target/test-dir/MiniOzoneClusterImpl-58fc3ecd-0fbd-4e7b-a09c-4106a93dde4d/datanode-1/data/containers/hdds
2019-10-18 07:53:52,408 [Thread-0] INFO  impl.RaftServerProxy (ConfUtils.java:logGet(43)) - raft.rpc.type = GRPC (default)
2019-10-18 07:53:52,409 [Thread-0] INFO  grpc.GrpcFactory (GrpcFactory.java:checkPooledByteBufAllocatorUseCacheForAllThreads(45)) - PERFORMANCE WARNING: useCacheForAllThreads is true that may cause Netty to create a lot garbage objects and, as a result, trigger GC.
	It is recommended to disable useCacheForAllThreads by setting -Dorg.apache.ratis.thirdparty.io.netty.allocator.useCacheForAllThreads=false in command line.
2019-10-18 07:53:52,409 [Thread-0] INFO  grpc.GrpcConfigKeys$Server (ConfUtils.java:logGet(43)) - raft.grpc.server.port = 0 (default)
2019-10-18 07:53:52,409 [Thread-0] INFO  server.GrpcService (ConfUtils.java:logGet(43)) - raft.grpc.message.size.max = 33570816 (custom)
2019-10-18 07:53:52,409 [Thread-0] INFO  server.RaftServerConfigKeys (ConfUtils.java:logGet(43)) - raft.server.log.appender.buffer.byte-limit = 33554432 (custom)
2019-10-18 07:53:52,410 [Thread-0] INFO  server.GrpcService (ConfUtils.java:logGet(43)) - raft.grpc.flow.control.window = 1MB (=1048576) (default)
2019-10-18 07:53:52,410 [Thread-0] INFO  server.RaftServerConfigKeys (ConfUtils.java:logGet(43)) - raft.server.rpc.request.timeout = 3000ms (default)
2019-10-18 07:53:52,411 [Thread-0] INFO  server.RaftServerConfigKeys (ConfUtils.java:logGet(43)) - raft.server.storage.dir = [/workdir/hadoop-ozone/integration-test/target/test-dir/MiniOzoneClusterImpl-58fc3ecd-0fbd-4e7b-a09c-4106a93dde4d/datanode-1/data/ratis] (custom)
2019-10-18 07:53:52,413 [Thread-0] INFO  hdfs.DFSUtil (DFSUtil.java:httpServerTemplateForNNAndJN(1641)) - Starting Web-server for hddsDatanode at: http://0.0.0.0:0
2019-10-18 07:53:52,415 [Thread-0] INFO  server.AuthenticationFilter (AuthenticationFilter.java:constructSecretProvider(240)) - Unable to initialize FileSignerSecretProvider, falling back to use random secrets.
2019-10-18 07:53:52,417 [Thread-0] WARN  http.HttpRequestLog (HttpRequestLog.java:getRequestLog(97)) - Jetty request log can only be enabled using Log4j
2019-10-18 07:53:52,420 [Thread-0] INFO  http.HttpServer2 (HttpServer2.java:addGlobalFilter(975)) - Added global filter 'safety' (class=org.apache.hadoop.http.HttpServer2$QuotingInputFilter)
2019-10-18 07:53:52,422 [Thread-0] INFO  http.HttpServer2 (HttpServer2.java:addFilter(948)) - Added filter static_user_filter (class=org.apache.hadoop.http.lib.StaticUserWebFilter$StaticUserFilter) to context hddsDatanode
2019-10-18 07:53:52,422 [Thread-0] INFO  http.HttpServer2 (HttpServer2.java:addFilter(958)) - Added filter static_user_filter (class=org.apache.hadoop.http.lib.StaticUserWebFilter$StaticUserFilter) to context logs
2019-10-18 07:53:52,422 [Thread-0] INFO  http.HttpServer2 (HttpServer2.java:addFilter(958)) - Added filter static_user_filter (class=org.apache.hadoop.http.lib.StaticUserWebFilter$StaticUserFilter) to context static
2019-10-18 07:53:52,424 [Thread-0] INFO  http.HttpServer2 (HttpServer2.java:bindListener(1191)) - Jetty bound to port 44444
2019-10-18 07:53:52,424 [Thread-0] INFO  server.Server (Server.java:doStart(351)) - jetty-9.3.25.v20180904, build timestamp: 2018-09-04T21:11:46Z, git hash: 3ce520221d0240229c862b122d2b06c12a625732
2019-10-18 07:53:52,430 [Thread-0] INFO  handler.ContextHandler (ContextHandler.java:doStart(781)) - Started o.e.j.s.ServletContextHandler@3eca0c8a{/logs,file:///workdir/hadoop-ozone/integration-test/target/log,AVAILABLE}
2019-10-18 07:53:52,431 [Thread-0] INFO  handler.ContextHandler (ContextHandler.java:doStart(781)) - Started o.e.j.s.ServletContextHandler@10b481e6{/static,jar:file:/home/user/.m2/repository/org/apache/hadoop/hadoop-hdds-container-service/0.5.0-SNAPSHOT/hadoop-hdds-container-service-0.5.0-SNAPSHOT.jar!/webapps/static,AVAILABLE}
2019-10-18 07:53:52,480 [Thread-0] INFO  handler.ContextHandler (ContextHandler.java:doStart(781)) - Started o.e.j.w.WebAppContext@3e0a0cd{/,file:///tmp/jetty-0.0.0.0-44444-hddsDatanode-_-any-6999984765502802132.dir/webapp/,AVAILABLE}{/hddsDatanode}
2019-10-18 07:53:52,482 [Thread-0] INFO  server.AbstractConnector (AbstractConnector.java:doStart(278)) - Started ServerConnector@3a77700f{HTTP/1.1,[http/1.1]}{0.0.0.0:44444}
2019-10-18 07:53:52,483 [Thread-0] INFO  server.Server (Server.java:doStart(419)) - Started @5150ms
2019-10-18 07:53:52,483 [Thread-0] WARN  impl.MetricsSystemImpl (MetricsSystemImpl.java:register(276)) - Sink prometheus already exists!
2019-10-18 07:53:52,484 [Thread-0] INFO  server.BaseHttpServer (BaseHttpServer.java:updateConnectorAddress(215)) - HTTP server of HDDSDATANODE is listening at http://0.0.0.0:44444
2019-10-18 07:53:52,485 [Thread-0] INFO  impl.MetricsSystemImpl (MetricsSystemImpl.java:init(158)) - HddsDatanode metrics system started (again)
2019-10-18 07:53:52,488 [org.apache.hadoop.util.JvmPauseMonitor$Monitor@178455e6] INFO  util.JvmPauseMonitor (JvmPauseMonitor.java:run(188)) - Starting JVM pause monitor
2019-10-18 07:53:52,489 [Thread-0] INFO  ozone.HddsDatanodeService (HddsDatanodeService.java:start(184)) - HddsDatanodeService host:pr-hdds-1868-wx8dl-4219780377 ip:192.168.69.67
2019-10-18 07:53:52,499 [Thread-0] INFO  volume.HddsVolume (HddsVolume.java:<init>(176)) - Creating Volume: /workdir/hadoop-ozone/integration-test/target/test-dir/MiniOzoneClusterImpl-58fc3ecd-0fbd-4e7b-a09c-4106a93dde4d/datanode-2/data/containers/hdds of  storage type : DISK and capacity : 1482555576320
2019-10-18 07:53:52,499 [Thread-0] INFO  volume.VolumeSet (VolumeSet.java:initializeVolumeSet(170)) - Added Volume : /workdir/hadoop-ozone/integration-test/target/test-dir/MiniOzoneClusterImpl-58fc3ecd-0fbd-4e7b-a09c-4106a93dde4d/datanode-2/data/containers/hdds to VolumeSet
2019-10-18 07:53:52,499 [Thread-0] INFO  volume.ThrottledAsyncChecker (ThrottledAsyncChecker.java:schedule(141)) - Scheduling a check for /workdir/hadoop-ozone/integration-test/target/test-dir/MiniOzoneClusterImpl-58fc3ecd-0fbd-4e7b-a09c-4106a93dde4d/datanode-2/data/containers/hdds
2019-10-18 07:53:52,500 [Thread-0] INFO  volume.HddsVolumeChecker (HddsVolumeChecker.java:checkAllVolumes(204)) - Scheduled health check for volume /workdir/hadoop-ozone/integration-test/target/test-dir/MiniOzoneClusterImpl-58fc3ecd-0fbd-4e7b-a09c-4106a93dde4d/datanode-2/data/containers/hdds
2019-10-18 07:53:52,508 [Datanode State Machine Thread - 0] INFO  datanode.InitDatanodeState (InitDatanodeState.java:persistContainerDatanodeDetails(140)) - DatanodeDetails is persisted to /workdir/hadoop-ozone/integration-test/target/test-dir/MiniOzoneClusterImpl-58fc3ecd-0fbd-4e7b-a09c-4106a93dde4d/datanode-0/meta/datanode.id
2019-10-18 07:53:52,511 [Datanode State Machine Thread - 0] INFO  datanode.InitDatanodeState (InitDatanodeState.java:persistContainerDatanodeDetails(140)) - DatanodeDetails is persisted to /workdir/hadoop-ozone/integration-test/target/test-dir/MiniOzoneClusterImpl-58fc3ecd-0fbd-4e7b-a09c-4106a93dde4d/datanode-1/meta/datanode.id
2019-10-18 07:53:52,521 [Thread-0] INFO  impl.RaftServerProxy (ConfUtils.java:logGet(43)) - raft.rpc.type = GRPC (default)
2019-10-18 07:53:52,521 [Thread-0] INFO  grpc.GrpcFactory (GrpcFactory.java:checkPooledByteBufAllocatorUseCacheForAllThreads(45)) - PERFORMANCE WARNING: useCacheForAllThreads is true that may cause Netty to create a lot garbage objects and, as a result, trigger GC.
	It is recommended to disable useCacheForAllThreads by setting -Dorg.apache.ratis.thirdparty.io.netty.allocator.useCacheForAllThreads=false in command line.
2019-10-18 07:53:52,521 [Thread-0] INFO  grpc.GrpcConfigKeys$Server (ConfUtils.java:logGet(43)) - raft.grpc.server.port = 0 (default)
2019-10-18 07:53:52,521 [Thread-0] INFO  server.GrpcService (ConfUtils.java:logGet(43)) - raft.grpc.message.size.max = 33570816 (custom)
2019-10-18 07:53:52,522 [Thread-0] INFO  server.RaftServerConfigKeys (ConfUtils.java:logGet(43)) - raft.server.log.appender.buffer.byte-limit = 33554432 (custom)
2019-10-18 07:53:52,522 [Thread-0] INFO  server.GrpcService (ConfUtils.java:logGet(43)) - raft.grpc.flow.control.window = 1MB (=1048576) (default)
2019-10-18 07:53:52,522 [Thread-0] INFO  server.RaftServerConfigKeys (ConfUtils.java:logGet(43)) - raft.server.rpc.request.timeout = 3000ms (default)
2019-10-18 07:53:52,523 [Thread-0] INFO  server.RaftServerConfigKeys (ConfUtils.java:logGet(43)) - raft.server.storage.dir = [/workdir/hadoop-ozone/integration-test/target/test-dir/MiniOzoneClusterImpl-58fc3ecd-0fbd-4e7b-a09c-4106a93dde4d/datanode-2/data/ratis] (custom)
2019-10-18 07:53:52,525 [Thread-0] INFO  hdfs.DFSUtil (DFSUtil.java:httpServerTemplateForNNAndJN(1641)) - Starting Web-server for hddsDatanode at: http://0.0.0.0:0
2019-10-18 07:53:52,526 [Thread-0] INFO  server.AuthenticationFilter (AuthenticationFilter.java:constructSecretProvider(240)) - Unable to initialize FileSignerSecretProvider, falling back to use random secrets.
2019-10-18 07:53:52,527 [Thread-0] WARN  http.HttpRequestLog (HttpRequestLog.java:getRequestLog(97)) - Jetty request log can only be enabled using Log4j
2019-10-18 07:53:52,528 [Thread-0] INFO  http.HttpServer2 (HttpServer2.java:addGlobalFilter(975)) - Added global filter 'safety' (class=org.apache.hadoop.http.HttpServer2$QuotingInputFilter)
2019-10-18 07:53:52,529 [Thread-0] INFO  http.HttpServer2 (HttpServer2.java:addFilter(948)) - Added filter static_user_filter (class=org.apache.hadoop.http.lib.StaticUserWebFilter$StaticUserFilter) to context hddsDatanode
2019-10-18 07:53:52,529 [Thread-0] INFO  http.HttpServer2 (HttpServer2.java:addFilter(958)) - Added filter static_user_filter (class=org.apache.hadoop.http.lib.StaticUserWebFilter$StaticUserFilter) to context logs
2019-10-18 07:53:52,529 [Thread-0] INFO  http.HttpServer2 (HttpServer2.java:addFilter(958)) - Added filter static_user_filter (class=org.apache.hadoop.http.lib.StaticUserWebFilter$StaticUserFilter) to context static
2019-10-18 07:53:52,530 [Thread-0] INFO  http.HttpServer2 (HttpServer2.java:bindListener(1191)) - Jetty bound to port 46410
2019-10-18 07:53:52,530 [Thread-0] INFO  server.Server (Server.java:doStart(351)) - jetty-9.3.25.v20180904, build timestamp: 2018-09-04T21:11:46Z, git hash: 3ce520221d0240229c862b122d2b06c12a625732
2019-10-18 07:53:52,532 [Thread-0] INFO  handler.ContextHandler (ContextHandler.java:doStart(781)) - Started o.e.j.s.ServletContextHandler@2e98f79c{/logs,file:///workdir/hadoop-ozone/integration-test/target/log,AVAILABLE}
2019-10-18 07:53:52,533 [Thread-0] INFO  handler.ContextHandler (ContextHandler.java:doStart(781)) - Started o.e.j.s.ServletContextHandler@778de0a0{/static,jar:file:/home/user/.m2/repository/org/apache/hadoop/hadoop-hdds-container-service/0.5.0-SNAPSHOT/hadoop-hdds-container-service-0.5.0-SNAPSHOT.jar!/webapps/static,AVAILABLE}
2019-10-18 07:53:52,564 [Thread-0] INFO  handler.ContextHandler (ContextHandler.java:doStart(781)) - Started o.e.j.w.WebAppContext@4191a2e9{/,file:///tmp/jetty-0.0.0.0-46410-hddsDatanode-_-any-3276170192647931597.dir/webapp/,AVAILABLE}{/hddsDatanode}
2019-10-18 07:53:52,564 [Thread-0] INFO  server.AbstractConnector (AbstractConnector.java:doStart(278)) - Started ServerConnector@152986c4{HTTP/1.1,[http/1.1]}{0.0.0.0:46410}
2019-10-18 07:53:52,565 [Thread-0] INFO  server.Server (Server.java:doStart(419)) - Started @5232ms
2019-10-18 07:53:52,565 [Thread-0] WARN  impl.MetricsSystemImpl (MetricsSystemImpl.java:register(276)) - Sink prometheus already exists!
2019-10-18 07:53:52,566 [Thread-0] INFO  server.BaseHttpServer (BaseHttpServer.java:updateConnectorAddress(215)) - HTTP server of HDDSDATANODE is listening at http://0.0.0.0:46410
2019-10-18 07:53:52,566 [Thread-0] INFO  impl.MetricsSystemImpl (MetricsSystemImpl.java:init(158)) - HddsDatanode metrics system started (again)
2019-10-18 07:53:52,569 [Thread-0] INFO  ozone.HddsDatanodeService (HddsDatanodeService.java:start(184)) - HddsDatanodeService host:pr-hdds-1868-wx8dl-4219780377 ip:192.168.69.67
2019-10-18 07:53:52,569 [org.apache.hadoop.util.JvmPauseMonitor$Monitor@d461c7d] INFO  util.JvmPauseMonitor (JvmPauseMonitor.java:run(188)) - Starting JVM pause monitor
2019-10-18 07:53:52,572 [Datanode State Machine Thread - 0] INFO  datanode.InitDatanodeState (InitDatanodeState.java:persistContainerDatanodeDetails(140)) - DatanodeDetails is persisted to /workdir/hadoop-ozone/integration-test/target/test-dir/MiniOzoneClusterImpl-58fc3ecd-0fbd-4e7b-a09c-4106a93dde4d/datanode-2/meta/datanode.id
2019-10-18 07:53:52,576 [Thread-0] INFO  volume.HddsVolume (HddsVolume.java:<init>(176)) - Creating Volume: /workdir/hadoop-ozone/integration-test/target/test-dir/MiniOzoneClusterImpl-58fc3ecd-0fbd-4e7b-a09c-4106a93dde4d/datanode-3/data/containers/hdds of  storage type : DISK and capacity : 1482555576320
2019-10-18 07:53:52,577 [Thread-0] INFO  volume.VolumeSet (VolumeSet.java:initializeVolumeSet(170)) - Added Volume : /workdir/hadoop-ozone/integration-test/target/test-dir/MiniOzoneClusterImpl-58fc3ecd-0fbd-4e7b-a09c-4106a93dde4d/datanode-3/data/containers/hdds to VolumeSet
2019-10-18 07:53:52,577 [Thread-0] INFO  volume.ThrottledAsyncChecker (ThrottledAsyncChecker.java:schedule(141)) - Scheduling a check for /workdir/hadoop-ozone/integration-test/target/test-dir/MiniOzoneClusterImpl-58fc3ecd-0fbd-4e7b-a09c-4106a93dde4d/datanode-3/data/containers/hdds
2019-10-18 07:53:52,578 [Thread-0] INFO  volume.HddsVolumeChecker (HddsVolumeChecker.java:checkAllVolumes(204)) - Scheduled health check for volume /workdir/hadoop-ozone/integration-test/target/test-dir/MiniOzoneClusterImpl-58fc3ecd-0fbd-4e7b-a09c-4106a93dde4d/datanode-3/data/containers/hdds
2019-10-18 07:53:52,593 [Thread-0] INFO  impl.RaftServerProxy (ConfUtils.java:logGet(43)) - raft.rpc.type = GRPC (default)
2019-10-18 07:53:52,593 [Thread-0] INFO  grpc.GrpcFactory (GrpcFactory.java:checkPooledByteBufAllocatorUseCacheForAllThreads(45)) - PERFORMANCE WARNING: useCacheForAllThreads is true that may cause Netty to create a lot garbage objects and, as a result, trigger GC.
	It is recommended to disable useCacheForAllThreads by setting -Dorg.apache.ratis.thirdparty.io.netty.allocator.useCacheForAllThreads=false in command line.
2019-10-18 07:53:52,594 [Thread-0] INFO  grpc.GrpcConfigKeys$Server (ConfUtils.java:logGet(43)) - raft.grpc.server.port = 0 (default)
2019-10-18 07:53:52,594 [Thread-0] INFO  server.GrpcService (ConfUtils.java:logGet(43)) - raft.grpc.message.size.max = 33570816 (custom)
2019-10-18 07:53:52,594 [Thread-0] INFO  server.RaftServerConfigKeys (ConfUtils.java:logGet(43)) - raft.server.log.appender.buffer.byte-limit = 33554432 (custom)
2019-10-18 07:53:52,594 [Thread-0] INFO  server.GrpcService (ConfUtils.java:logGet(43)) - raft.grpc.flow.control.window = 1MB (=1048576) (default)
2019-10-18 07:53:52,595 [Thread-0] INFO  server.RaftServerConfigKeys (ConfUtils.java:logGet(43)) - raft.server.rpc.request.timeout = 3000ms (default)
2019-10-18 07:53:52,595 [Thread-0] INFO  server.RaftServerConfigKeys (ConfUtils.java:logGet(43)) - raft.server.storage.dir = [/workdir/hadoop-ozone/integration-test/target/test-dir/MiniOzoneClusterImpl-58fc3ecd-0fbd-4e7b-a09c-4106a93dde4d/datanode-3/data/ratis] (custom)
2019-10-18 07:53:52,598 [Thread-0] INFO  hdfs.DFSUtil (DFSUtil.java:httpServerTemplateForNNAndJN(1641)) - Starting Web-server for hddsDatanode at: http://0.0.0.0:0
2019-10-18 07:53:52,601 [Thread-0] INFO  server.AuthenticationFilter (AuthenticationFilter.java:constructSecretProvider(240)) - Unable to initialize FileSignerSecretProvider, falling back to use random secrets.
2019-10-18 07:53:52,602 [Thread-0] WARN  http.HttpRequestLog (HttpRequestLog.java:getRequestLog(97)) - Jetty request log can only be enabled using Log4j
2019-10-18 07:53:52,604 [Thread-0] INFO  http.HttpServer2 (HttpServer2.java:addGlobalFilter(975)) - Added global filter 'safety' (class=org.apache.hadoop.http.HttpServer2$QuotingInputFilter)
2019-10-18 07:53:52,605 [Thread-0] INFO  http.HttpServer2 (HttpServer2.java:addFilter(948)) - Added filter static_user_filter (class=org.apache.hadoop.http.lib.StaticUserWebFilter$StaticUserFilter) to context hddsDatanode
2019-10-18 07:53:52,605 [Thread-0] INFO  http.HttpServer2 (HttpServer2.java:addFilter(958)) - Added filter static_user_filter (class=org.apache.hadoop.http.lib.StaticUserWebFilter$StaticUserFilter) to context logs
2019-10-18 07:53:52,605 [Thread-0] INFO  http.HttpServer2 (HttpServer2.java:addFilter(958)) - Added filter static_user_filter (class=org.apache.hadoop.http.lib.StaticUserWebFilter$StaticUserFilter) to context static
2019-10-18 07:53:52,607 [Thread-0] INFO  http.HttpServer2 (HttpServer2.java:bindListener(1191)) - Jetty bound to port 36715
2019-10-18 07:53:52,607 [Thread-0] INFO  server.Server (Server.java:doStart(351)) - jetty-9.3.25.v20180904, build timestamp: 2018-09-04T21:11:46Z, git hash: 3ce520221d0240229c862b122d2b06c12a625732
2019-10-18 07:53:52,611 [Thread-0] INFO  handler.ContextHandler (ContextHandler.java:doStart(781)) - Started o.e.j.s.ServletContextHandler@4c8065c2{/logs,file:///workdir/hadoop-ozone/integration-test/target/log,AVAILABLE}
2019-10-18 07:53:52,612 [Thread-0] INFO  handler.ContextHandler (ContextHandler.java:doStart(781)) - Started o.e.j.s.ServletContextHandler@6d51dc8f{/static,jar:file:/home/user/.m2/repository/org/apache/hadoop/hadoop-hdds-container-service/0.5.0-SNAPSHOT/hadoop-hdds-container-service-0.5.0-SNAPSHOT.jar!/webapps/static,AVAILABLE}
2019-10-18 07:53:52,649 [Thread-0] INFO  handler.ContextHandler (ContextHandler.java:doStart(781)) - Started o.e.j.w.WebAppContext@710c3fa4{/,file:///tmp/jetty-0.0.0.0-36715-hddsDatanode-_-any-3567108987636531796.dir/webapp/,AVAILABLE}{/hddsDatanode}
2019-10-18 07:53:52,649 [Thread-0] INFO  server.AbstractConnector (AbstractConnector.java:doStart(278)) - Started ServerConnector@7165d94f{HTTP/1.1,[http/1.1]}{0.0.0.0:36715}
2019-10-18 07:53:52,650 [Thread-0] INFO  server.Server (Server.java:doStart(419)) - Started @5317ms
2019-10-18 07:53:52,651 [Thread-0] WARN  impl.MetricsSystemImpl (MetricsSystemImpl.java:register(276)) - Sink prometheus already exists!
2019-10-18 07:53:52,652 [Thread-0] INFO  server.BaseHttpServer (BaseHttpServer.java:updateConnectorAddress(215)) - HTTP server of HDDSDATANODE is listening at http://0.0.0.0:36715
2019-10-18 07:53:52,652 [Thread-0] INFO  impl.MetricsSystemImpl (MetricsSystemImpl.java:init(158)) - HddsDatanode metrics system started (again)
2019-10-18 07:53:52,655 [Thread-0] INFO  ozone.HddsDatanodeService (HddsDatanodeService.java:start(184)) - HddsDatanodeService host:pr-hdds-1868-wx8dl-4219780377 ip:192.168.69.67
2019-10-18 07:53:52,655 [org.apache.hadoop.util.JvmPauseMonitor$Monitor@7d8a1a20] INFO  util.JvmPauseMonitor (JvmPauseMonitor.java:run(188)) - Starting JVM pause monitor
2019-10-18 07:53:52,658 [Datanode State Machine Thread - 0] INFO  datanode.InitDatanodeState (InitDatanodeState.java:persistContainerDatanodeDetails(140)) - DatanodeDetails is persisted to /workdir/hadoop-ozone/integration-test/target/test-dir/MiniOzoneClusterImpl-58fc3ecd-0fbd-4e7b-a09c-4106a93dde4d/datanode-3/meta/datanode.id
2019-10-18 07:53:52,664 [Thread-0] INFO  volume.HddsVolume (HddsVolume.java:<init>(176)) - Creating Volume: /workdir/hadoop-ozone/integration-test/target/test-dir/MiniOzoneClusterImpl-58fc3ecd-0fbd-4e7b-a09c-4106a93dde4d/datanode-4/data/containers/hdds of  storage type : DISK and capacity : 1482555576320
2019-10-18 07:53:52,664 [Thread-0] INFO  volume.VolumeSet (VolumeSet.java:initializeVolumeSet(170)) - Added Volume : /workdir/hadoop-ozone/integration-test/target/test-dir/MiniOzoneClusterImpl-58fc3ecd-0fbd-4e7b-a09c-4106a93dde4d/datanode-4/data/containers/hdds to VolumeSet
2019-10-18 07:53:52,664 [Thread-0] INFO  volume.ThrottledAsyncChecker (ThrottledAsyncChecker.java:schedule(141)) - Scheduling a check for /workdir/hadoop-ozone/integration-test/target/test-dir/MiniOzoneClusterImpl-58fc3ecd-0fbd-4e7b-a09c-4106a93dde4d/datanode-4/data/containers/hdds
2019-10-18 07:53:52,665 [Thread-0] INFO  volume.HddsVolumeChecker (HddsVolumeChecker.java:checkAllVolumes(204)) - Scheduled health check for volume /workdir/hadoop-ozone/integration-test/target/test-dir/MiniOzoneClusterImpl-58fc3ecd-0fbd-4e7b-a09c-4106a93dde4d/datanode-4/data/containers/hdds
2019-10-18 07:53:52,679 [Thread-0] INFO  impl.RaftServerProxy (ConfUtils.java:logGet(43)) - raft.rpc.type = GRPC (default)
2019-10-18 07:53:52,679 [Thread-0] INFO  grpc.GrpcFactory (GrpcFactory.java:checkPooledByteBufAllocatorUseCacheForAllThreads(45)) - PERFORMANCE WARNING: useCacheForAllThreads is true that may cause Netty to create a lot garbage objects and, as a result, trigger GC.
	It is recommended to disable useCacheForAllThreads by setting -Dorg.apache.ratis.thirdparty.io.netty.allocator.useCacheForAllThreads=false in command line.
2019-10-18 07:53:52,679 [Thread-0] INFO  grpc.GrpcConfigKeys$Server (ConfUtils.java:logGet(43)) - raft.grpc.server.port = 0 (default)
2019-10-18 07:53:52,680 [Thread-0] INFO  server.GrpcService (ConfUtils.java:logGet(43)) - raft.grpc.message.size.max = 33570816 (custom)
2019-10-18 07:53:52,680 [Thread-0] INFO  server.RaftServerConfigKeys (ConfUtils.java:logGet(43)) - raft.server.log.appender.buffer.byte-limit = 33554432 (custom)
2019-10-18 07:53:52,680 [Thread-0] INFO  server.GrpcService (ConfUtils.java:logGet(43)) - raft.grpc.flow.control.window = 1MB (=1048576) (default)
2019-10-18 07:53:52,680 [Thread-0] INFO  server.RaftServerConfigKeys (ConfUtils.java:logGet(43)) - raft.server.rpc.request.timeout = 3000ms (default)
2019-10-18 07:53:52,681 [Thread-0] INFO  server.RaftServerConfigKeys (ConfUtils.java:logGet(43)) - raft.server.storage.dir = [/workdir/hadoop-ozone/integration-test/target/test-dir/MiniOzoneClusterImpl-58fc3ecd-0fbd-4e7b-a09c-4106a93dde4d/datanode-4/data/ratis] (custom)
2019-10-18 07:53:52,683 [Thread-0] INFO  hdfs.DFSUtil (DFSUtil.java:httpServerTemplateForNNAndJN(1641)) - Starting Web-server for hddsDatanode at: http://0.0.0.0:0
2019-10-18 07:53:52,685 [Thread-0] INFO  server.AuthenticationFilter (AuthenticationFilter.java:constructSecretProvider(240)) - Unable to initialize FileSignerSecretProvider, falling back to use random secrets.
2019-10-18 07:53:52,686 [Thread-0] WARN  http.HttpRequestLog (HttpRequestLog.java:getRequestLog(97)) - Jetty request log can only be enabled using Log4j
2019-10-18 07:53:52,688 [Thread-0] INFO  http.HttpServer2 (HttpServer2.java:addGlobalFilter(975)) - Added global filter 'safety' (class=org.apache.hadoop.http.HttpServer2$QuotingInputFilter)
2019-10-18 07:53:52,688 [Thread-0] INFO  http.HttpServer2 (HttpServer2.java:addFilter(948)) - Added filter static_user_filter (class=org.apache.hadoop.http.lib.StaticUserWebFilter$StaticUserFilter) to context hddsDatanode
2019-10-18 07:53:52,688 [Thread-0] INFO  http.HttpServer2 (HttpServer2.java:addFilter(958)) - Added filter static_user_filter (class=org.apache.hadoop.http.lib.StaticUserWebFilter$StaticUserFilter) to context logs
2019-10-18 07:53:52,689 [Thread-0] INFO  http.HttpServer2 (HttpServer2.java:addFilter(958)) - Added filter static_user_filter (class=org.apache.hadoop.http.lib.StaticUserWebFilter$StaticUserFilter) to context static
2019-10-18 07:53:52,690 [Thread-0] INFO  http.HttpServer2 (HttpServer2.java:bindListener(1191)) - Jetty bound to port 33992
2019-10-18 07:53:52,690 [Thread-0] INFO  server.Server (Server.java:doStart(351)) - jetty-9.3.25.v20180904, build timestamp: 2018-09-04T21:11:46Z, git hash: 3ce520221d0240229c862b122d2b06c12a625732
2019-10-18 07:53:52,692 [Thread-0] INFO  handler.ContextHandler (ContextHandler.java:doStart(781)) - Started o.e.j.s.ServletContextHandler@3b75cc58{/logs,file:///workdir/hadoop-ozone/integration-test/target/log,AVAILABLE}
2019-10-18 07:53:52,693 [Thread-0] INFO  handler.ContextHandler (ContextHandler.java:doStart(781)) - Started o.e.j.s.ServletContextHandler@38546e29{/static,jar:file:/home/user/.m2/repository/org/apache/hadoop/hadoop-hdds-container-service/0.5.0-SNAPSHOT/hadoop-hdds-container-service-0.5.0-SNAPSHOT.jar!/webapps/static,AVAILABLE}
2019-10-18 07:53:52,724 [Thread-0] INFO  handler.ContextHandler (ContextHandler.java:doStart(781)) - Started o.e.j.w.WebAppContext@5d28a127{/,file:///tmp/jetty-0.0.0.0-33992-hddsDatanode-_-any-8097951860534355000.dir/webapp/,AVAILABLE}{/hddsDatanode}
2019-10-18 07:53:52,724 [Thread-0] INFO  server.AbstractConnector (AbstractConnector.java:doStart(278)) - Started ServerConnector@1245f2f6{HTTP/1.1,[http/1.1]}{0.0.0.0:33992}
2019-10-18 07:53:52,725 [Thread-0] INFO  server.Server (Server.java:doStart(419)) - Started @5393ms
2019-10-18 07:53:52,725 [Thread-0] WARN  impl.MetricsSystemImpl (MetricsSystemImpl.java:register(276)) - Sink prometheus already exists!
2019-10-18 07:53:52,727 [Thread-0] INFO  server.BaseHttpServer (BaseHttpServer.java:updateConnectorAddress(215)) - HTTP server of HDDSDATANODE is listening at http://0.0.0.0:33992
2019-10-18 07:53:52,727 [Thread-0] INFO  impl.MetricsSystemImpl (MetricsSystemImpl.java:init(158)) - HddsDatanode metrics system started (again)
2019-10-18 07:53:52,730 [org.apache.hadoop.util.JvmPauseMonitor$Monitor@6bdf36b4] INFO  util.JvmPauseMonitor (JvmPauseMonitor.java:run(188)) - Starting JVM pause monitor
2019-10-18 07:53:52,731 [Thread-0] INFO  ozone.HddsDatanodeService (HddsDatanodeService.java:start(184)) - HddsDatanodeService host:pr-hdds-1868-wx8dl-4219780377 ip:192.168.69.67
2019-10-18 07:53:52,733 [Datanode State Machine Thread - 0] INFO  datanode.InitDatanodeState (InitDatanodeState.java:persistContainerDatanodeDetails(140)) - DatanodeDetails is persisted to /workdir/hadoop-ozone/integration-test/target/test-dir/MiniOzoneClusterImpl-58fc3ecd-0fbd-4e7b-a09c-4106a93dde4d/datanode-4/meta/datanode.id
2019-10-18 07:53:52,741 [Thread-0] INFO  volume.HddsVolume (HddsVolume.java:<init>(176)) - Creating Volume: /workdir/hadoop-ozone/integration-test/target/test-dir/MiniOzoneClusterImpl-58fc3ecd-0fbd-4e7b-a09c-4106a93dde4d/datanode-5/data/containers/hdds of  storage type : DISK and capacity : 1482555576320
2019-10-18 07:53:52,741 [Thread-0] INFO  volume.VolumeSet (VolumeSet.java:initializeVolumeSet(170)) - Added Volume : /workdir/hadoop-ozone/integration-test/target/test-dir/MiniOzoneClusterImpl-58fc3ecd-0fbd-4e7b-a09c-4106a93dde4d/datanode-5/data/containers/hdds to VolumeSet
2019-10-18 07:53:52,742 [Thread-0] INFO  volume.ThrottledAsyncChecker (ThrottledAsyncChecker.java:schedule(141)) - Scheduling a check for /workdir/hadoop-ozone/integration-test/target/test-dir/MiniOzoneClusterImpl-58fc3ecd-0fbd-4e7b-a09c-4106a93dde4d/datanode-5/data/containers/hdds
2019-10-18 07:53:52,742 [Thread-0] INFO  volume.HddsVolumeChecker (HddsVolumeChecker.java:checkAllVolumes(204)) - Scheduled health check for volume /workdir/hadoop-ozone/integration-test/target/test-dir/MiniOzoneClusterImpl-58fc3ecd-0fbd-4e7b-a09c-4106a93dde4d/datanode-5/data/containers/hdds
2019-10-18 07:53:52,764 [Thread-0] INFO  impl.RaftServerProxy (ConfUtils.java:logGet(43)) - raft.rpc.type = GRPC (default)
2019-10-18 07:53:52,764 [Thread-0] INFO  grpc.GrpcFactory (GrpcFactory.java:checkPooledByteBufAllocatorUseCacheForAllThreads(45)) - PERFORMANCE WARNING: useCacheForAllThreads is true that may cause Netty to create a lot garbage objects and, as a result, trigger GC.
	It is recommended to disable useCacheForAllThreads by setting -Dorg.apache.ratis.thirdparty.io.netty.allocator.useCacheForAllThreads=false in command line.
2019-10-18 07:53:52,764 [Thread-0] INFO  grpc.GrpcConfigKeys$Server (ConfUtils.java:logGet(43)) - raft.grpc.server.port = 0 (default)
2019-10-18 07:53:52,765 [Thread-0] INFO  server.GrpcService (ConfUtils.java:logGet(43)) - raft.grpc.message.size.max = 33570816 (custom)
2019-10-18 07:53:52,765 [Thread-0] INFO  server.RaftServerConfigKeys (ConfUtils.java:logGet(43)) - raft.server.log.appender.buffer.byte-limit = 33554432 (custom)
2019-10-18 07:53:52,765 [Thread-0] INFO  server.GrpcService (ConfUtils.java:logGet(43)) - raft.grpc.flow.control.window = 1MB (=1048576) (default)
2019-10-18 07:53:52,765 [Thread-0] INFO  server.RaftServerConfigKeys (ConfUtils.java:logGet(43)) - raft.server.rpc.request.timeout = 3000ms (default)
2019-10-18 07:53:52,766 [Thread-0] INFO  server.RaftServerConfigKeys (ConfUtils.java:logGet(43)) - raft.server.storage.dir = [/workdir/hadoop-ozone/integration-test/target/test-dir/MiniOzoneClusterImpl-58fc3ecd-0fbd-4e7b-a09c-4106a93dde4d/datanode-5/data/ratis] (custom)
2019-10-18 07:53:52,770 [Thread-0] INFO  hdfs.DFSUtil (DFSUtil.java:httpServerTemplateForNNAndJN(1641)) - Starting Web-server for hddsDatanode at: http://0.0.0.0:0
2019-10-18 07:53:52,772 [Thread-0] INFO  server.AuthenticationFilter (AuthenticationFilter.java:constructSecretProvider(240)) - Unable to initialize FileSignerSecretProvider, falling back to use random secrets.
2019-10-18 07:53:52,773 [Thread-0] WARN  http.HttpRequestLog (HttpRequestLog.java:getRequestLog(97)) - Jetty request log can only be enabled using Log4j
2019-10-18 07:53:52,775 [Thread-0] INFO  http.HttpServer2 (HttpServer2.java:addGlobalFilter(975)) - Added global filter 'safety' (class=org.apache.hadoop.http.HttpServer2$QuotingInputFilter)
2019-10-18 07:53:52,776 [Thread-0] INFO  http.HttpServer2 (HttpServer2.java:addFilter(948)) - Added filter static_user_filter (class=org.apache.hadoop.http.lib.StaticUserWebFilter$StaticUserFilter) to context hddsDatanode
2019-10-18 07:53:52,776 [Thread-0] INFO  http.HttpServer2 (HttpServer2.java:addFilter(958)) - Added filter static_user_filter (class=org.apache.hadoop.http.lib.StaticUserWebFilter$StaticUserFilter) to context logs
2019-10-18 07:53:52,776 [Thread-0] INFO  http.HttpServer2 (HttpServer2.java:addFilter(958)) - Added filter static_user_filter (class=org.apache.hadoop.http.lib.StaticUserWebFilter$StaticUserFilter) to context static
2019-10-18 07:53:52,777 [Thread-0] INFO  http.HttpServer2 (HttpServer2.java:bindListener(1191)) - Jetty bound to port 41801
2019-10-18 07:53:52,777 [Thread-0] INFO  server.Server (Server.java:doStart(351)) - jetty-9.3.25.v20180904, build timestamp: 2018-09-04T21:11:46Z, git hash: 3ce520221d0240229c862b122d2b06c12a625732
2019-10-18 07:53:52,780 [Thread-0] INFO  handler.ContextHandler (ContextHandler.java:doStart(781)) - Started o.e.j.s.ServletContextHandler@5247f3ce{/logs,file:///workdir/hadoop-ozone/integration-test/target/log,AVAILABLE}
2019-10-18 07:53:52,781 [Thread-0] INFO  handler.ContextHandler (ContextHandler.java:doStart(781)) - Started o.e.j.s.ServletContextHandler@1db4b06b{/static,jar:file:/home/user/.m2/repository/org/apache/hadoop/hadoop-hdds-container-service/0.5.0-SNAPSHOT/hadoop-hdds-container-service-0.5.0-SNAPSHOT.jar!/webapps/static,AVAILABLE}
2019-10-18 07:53:52,827 [Thread-0] INFO  handler.ContextHandler (ContextHandler.java:doStart(781)) - Started o.e.j.w.WebAppContext@513b9be2{/,file:///tmp/jetty-0.0.0.0-41801-hddsDatanode-_-any-1790510838635951714.dir/webapp/,AVAILABLE}{/hddsDatanode}
2019-10-18 07:53:52,828 [Thread-0] INFO  server.AbstractConnector (AbstractConnector.java:doStart(278)) - Started ServerConnector@53e9a0b8{HTTP/1.1,[http/1.1]}{0.0.0.0:41801}
2019-10-18 07:53:52,829 [Thread-0] INFO  server.Server (Server.java:doStart(419)) - Started @5496ms
2019-10-18 07:53:52,829 [Thread-0] WARN  impl.MetricsSystemImpl (MetricsSystemImpl.java:register(276)) - Sink prometheus already exists!
2019-10-18 07:53:52,830 [Thread-0] INFO  server.BaseHttpServer (BaseHttpServer.java:updateConnectorAddress(215)) - HTTP server of HDDSDATANODE is listening at http://0.0.0.0:41801
2019-10-18 07:53:52,832 [Thread-0] INFO  ozone.MiniOzoneClusterImpl (MiniOzoneClusterImpl.java:lambda$waitForClusterToBeReady$2(172)) - Waiting for cluster to be ready. Got 0 of 6 DN Heartbeats.
2019-10-18 07:53:52,833 [org.apache.hadoop.util.JvmPauseMonitor$Monitor@21559df0] INFO  util.JvmPauseMonitor (JvmPauseMonitor.java:run(188)) - Starting JVM pause monitor
2019-10-18 07:53:52,835 [Datanode State Machine Thread - 0] INFO  datanode.InitDatanodeState (InitDatanodeState.java:persistContainerDatanodeDetails(140)) - DatanodeDetails is persisted to /workdir/hadoop-ozone/integration-test/target/test-dir/MiniOzoneClusterImpl-58fc3ecd-0fbd-4e7b-a09c-4106a93dde4d/datanode-5/meta/datanode.id
2019-10-18 07:53:53,833 [Thread-0] INFO  ozone.MiniOzoneClusterImpl (MiniOzoneClusterImpl.java:lambda$waitForClusterToBeReady$2(172)) - Waiting for cluster to be ready. Got 0 of 6 DN Heartbeats.
2019-10-18 07:53:54,494 [Datanode State Machine Thread - 0] INFO  ozoneimpl.OzoneContainer (OzoneContainer.java:start(213)) - Attempting to start container services.
2019-10-18 07:53:54,497 [Datanode State Machine Thread - 0] INFO  ozoneimpl.OzoneContainer (OzoneContainer.java:startContainerScrub(177)) - Background container scanner has been disabled.
2019-10-18 07:53:54,498 [Datanode State Machine Thread - 0] INFO  ozoneimpl.OzoneContainer (OzoneContainer.java:start(213)) - Attempting to start container services.
2019-10-18 07:53:54,498 [Datanode State Machine Thread - 0] INFO  ratis.XceiverServerRatis (XceiverServerRatis.java:start(424)) - Starting XceiverServerRatis 6fa005cd-25d6-4e29-bda6-9462a060c098 at port 0
2019-10-18 07:53:54,503 [Datanode State Machine Thread - 0] INFO  ozoneimpl.OzoneContainer (OzoneContainer.java:startContainerScrub(177)) - Background container scanner has been disabled.
2019-10-18 07:53:54,503 [Datanode State Machine Thread - 0] INFO  ratis.XceiverServerRatis (XceiverServerRatis.java:start(424)) - Starting XceiverServerRatis 9334f5f3-1c9b-4a41-9735-40b3bdb856ca at port 0
2019-10-18 07:53:54,538 [Datanode State Machine Thread - 0] INFO  impl.RaftServerProxy (RaftServerProxy.java:lambda$start$3(299)) - 9334f5f3-1c9b-4a41-9735-40b3bdb856ca: start RPC server
2019-10-18 07:53:54,538 [Datanode State Machine Thread - 0] INFO  impl.RaftServerProxy (RaftServerProxy.java:lambda$start$3(299)) - 6fa005cd-25d6-4e29-bda6-9462a060c098: start RPC server
2019-10-18 07:53:54,584 [Datanode State Machine Thread - 0] INFO  ozoneimpl.OzoneContainer (OzoneContainer.java:start(213)) - Attempting to start container services.
2019-10-18 07:53:54,585 [Datanode State Machine Thread - 0] INFO  ozoneimpl.OzoneContainer (OzoneContainer.java:startContainerScrub(177)) - Background container scanner has been disabled.
2019-10-18 07:53:54,585 [Datanode State Machine Thread - 0] INFO  ratis.XceiverServerRatis (XceiverServerRatis.java:start(424)) - Starting XceiverServerRatis 3d3aac8b-d4d1-454d-bf0c-88a180692893 at port 0
2019-10-18 07:53:54,594 [Datanode State Machine Thread - 0] INFO  impl.RaftServerProxy (RaftServerProxy.java:lambda$start$3(299)) - 3d3aac8b-d4d1-454d-bf0c-88a180692893: start RPC server
2019-10-18 07:53:54,667 [Datanode State Machine Thread - 0] INFO  server.GrpcService (GrpcService.java:startImpl(158)) - 6fa005cd-25d6-4e29-bda6-9462a060c098: GrpcService started, listening on 0.0.0.0/0.0.0.0:36093
2019-10-18 07:53:54,667 [Datanode State Machine Thread - 0] INFO  server.GrpcService (GrpcService.java:startImpl(158)) - 9334f5f3-1c9b-4a41-9735-40b3bdb856ca: GrpcService started, listening on 0.0.0.0/0.0.0.0:35940
2019-10-18 07:53:54,667 [Datanode State Machine Thread - 0] INFO  server.GrpcService (GrpcService.java:startImpl(158)) - 3d3aac8b-d4d1-454d-bf0c-88a180692893: GrpcService started, listening on 0.0.0.0/0.0.0.0:34429
2019-10-18 07:53:54,668 [Datanode State Machine Thread - 0] INFO  ratis.XceiverServerRatis (XceiverServerRatis.java:start(434)) - XceiverServerRatis 9334f5f3-1c9b-4a41-9735-40b3bdb856ca is started using port 35940
2019-10-18 07:53:54,668 [Datanode State Machine Thread - 0] INFO  ratis.XceiverServerRatis (XceiverServerRatis.java:start(434)) - XceiverServerRatis 6fa005cd-25d6-4e29-bda6-9462a060c098 is started using port 36093
2019-10-18 07:53:54,668 [Datanode State Machine Thread - 0] INFO  ratis.XceiverServerRatis (XceiverServerRatis.java:start(434)) - XceiverServerRatis 3d3aac8b-d4d1-454d-bf0c-88a180692893 is started using port 34429
2019-10-18 07:53:54,670 [Datanode State Machine Thread - 0] INFO  ozoneimpl.OzoneContainer (OzoneContainer.java:start(213)) - Attempting to start container services.
2019-10-18 07:53:54,674 [Datanode State Machine Thread - 0] INFO  ozoneimpl.OzoneContainer (OzoneContainer.java:startContainerScrub(177)) - Background container scanner has been disabled.
2019-10-18 07:53:54,674 [Datanode State Machine Thread - 0] INFO  ratis.XceiverServerRatis (XceiverServerRatis.java:start(424)) - Starting XceiverServerRatis 0fc43408-9179-47bd-a807-e56cc33d805e at port 0
2019-10-18 07:53:54,675 [Datanode State Machine Thread - 0] INFO  server.XceiverServerGrpc (XceiverServerGrpc.java:start(149)) - XceiverServerGrpc 3d3aac8b-d4d1-454d-bf0c-88a180692893 is started using port 40295
2019-10-18 07:53:54,675 [Datanode State Machine Thread - 0] INFO  server.XceiverServerGrpc (XceiverServerGrpc.java:start(149)) - XceiverServerGrpc 9334f5f3-1c9b-4a41-9735-40b3bdb856ca is started using port 36232
2019-10-18 07:53:54,675 [Datanode State Machine Thread - 0] INFO  server.XceiverServerGrpc (XceiverServerGrpc.java:start(149)) - XceiverServerGrpc 6fa005cd-25d6-4e29-bda6-9462a060c098 is started using port 42316
2019-10-18 07:53:54,685 [Datanode State Machine Thread - 0] INFO  impl.RaftServerProxy (RaftServerProxy.java:lambda$start$3(299)) - 0fc43408-9179-47bd-a807-e56cc33d805e: start RPC server
2019-10-18 07:53:54,687 [Datanode State Machine Thread - 0] INFO  server.GrpcService (GrpcService.java:startImpl(158)) - 0fc43408-9179-47bd-a807-e56cc33d805e: GrpcService started, listening on 0.0.0.0/0.0.0.0:34615
2019-10-18 07:53:54,687 [Datanode State Machine Thread - 0] INFO  ratis.XceiverServerRatis (XceiverServerRatis.java:start(434)) - XceiverServerRatis 0fc43408-9179-47bd-a807-e56cc33d805e is started using port 34615
2019-10-18 07:53:54,689 [Datanode State Machine Thread - 0] INFO  server.XceiverServerGrpc (XceiverServerGrpc.java:start(149)) - XceiverServerGrpc 0fc43408-9179-47bd-a807-e56cc33d805e is started using port 33838
2019-10-18 07:53:54,746 [Datanode State Machine Thread - 0] INFO  ozoneimpl.OzoneContainer (OzoneContainer.java:start(213)) - Attempting to start container services.
2019-10-18 07:53:54,747 [Datanode State Machine Thread - 0] INFO  ozoneimpl.OzoneContainer (OzoneContainer.java:startContainerScrub(177)) - Background container scanner has been disabled.
2019-10-18 07:53:54,747 [Datanode State Machine Thread - 0] INFO  ratis.XceiverServerRatis (XceiverServerRatis.java:start(424)) - Starting XceiverServerRatis 4b487190-7547-40c7-b780-43c37a89e8eb at port 0
2019-10-18 07:53:54,755 [Datanode State Machine Thread - 0] INFO  impl.RaftServerProxy (RaftServerProxy.java:lambda$start$3(299)) - 4b487190-7547-40c7-b780-43c37a89e8eb: start RPC server
2019-10-18 07:53:54,758 [Datanode State Machine Thread - 0] INFO  server.GrpcService (GrpcService.java:startImpl(158)) - 4b487190-7547-40c7-b780-43c37a89e8eb: GrpcService started, listening on 0.0.0.0/0.0.0.0:39683
2019-10-18 07:53:54,758 [Datanode State Machine Thread - 0] INFO  ratis.XceiverServerRatis (XceiverServerRatis.java:start(434)) - XceiverServerRatis 4b487190-7547-40c7-b780-43c37a89e8eb is started using port 39683
2019-10-18 07:53:54,760 [Datanode State Machine Thread - 0] INFO  server.XceiverServerGrpc (XceiverServerGrpc.java:start(149)) - XceiverServerGrpc 4b487190-7547-40c7-b780-43c37a89e8eb is started using port 43525
2019-10-18 07:53:54,833 [Thread-0] INFO  ozone.MiniOzoneClusterImpl (MiniOzoneClusterImpl.java:lambda$waitForClusterToBeReady$2(172)) - Waiting for cluster to be ready. Got 0 of 6 DN Heartbeats.
2019-10-18 07:53:54,849 [Datanode State Machine Thread - 0] INFO  ozoneimpl.OzoneContainer (OzoneContainer.java:start(213)) - Attempting to start container services.
2019-10-18 07:53:54,849 [Datanode State Machine Thread - 0] INFO  ozoneimpl.OzoneContainer (OzoneContainer.java:startContainerScrub(177)) - Background container scanner has been disabled.
2019-10-18 07:53:54,849 [Datanode State Machine Thread - 0] INFO  ratis.XceiverServerRatis (XceiverServerRatis.java:start(424)) - Starting XceiverServerRatis a3fa570c-ae50-443c-8ab2-043428e82a24 at port 0
2019-10-18 07:53:54,857 [Datanode State Machine Thread - 0] INFO  impl.RaftServerProxy (RaftServerProxy.java:lambda$start$3(299)) - a3fa570c-ae50-443c-8ab2-043428e82a24: start RPC server
2019-10-18 07:53:54,860 [Datanode State Machine Thread - 0] INFO  server.GrpcService (GrpcService.java:startImpl(158)) - a3fa570c-ae50-443c-8ab2-043428e82a24: GrpcService started, listening on 0.0.0.0/0.0.0.0:36282
2019-10-18 07:53:54,860 [Datanode State Machine Thread - 0] INFO  ratis.XceiverServerRatis (XceiverServerRatis.java:start(434)) - XceiverServerRatis a3fa570c-ae50-443c-8ab2-043428e82a24 is started using port 36282
2019-10-18 07:53:54,862 [Datanode State Machine Thread - 0] INFO  server.XceiverServerGrpc (XceiverServerGrpc.java:start(149)) - XceiverServerGrpc a3fa570c-ae50-443c-8ab2-043428e82a24 is started using port 35606
2019-10-18 07:53:55,837 [Thread-0] INFO  ozone.MiniOzoneClusterImpl (MiniOzoneClusterImpl.java:lambda$waitForClusterToBeReady$2(172)) - Waiting for cluster to be ready. Got 0 of 6 DN Heartbeats.
2019-10-18 07:53:56,418 [IPC Server handler 2 on 35347] INFO  net.NetworkTopology (NetworkTopologyImpl.java:add(111)) - Added a new node: /default-rack/6fa005cd-25d6-4e29-bda6-9462a060c098
2019-10-18 07:53:56,419 [IPC Server handler 2 on 35347] INFO  node.SCMNodeManager (SCMNodeManager.java:register(268)) - Registered Data node : 6fa005cd-25d6-4e29-bda6-9462a060c098{ip: 192.168.69.67, host: pr-hdds-1868-wx8dl-4219780377, networkLocation: /default-rack, certSerialId: null}
2019-10-18 07:53:56,422 [EventQueue-NodeRegistrationContainerReportForDataNodeSafeModeRule] INFO  safemode.SCMSafeModeManager (DataNodeSafeModeRule.java:process(71)) - SCM in safe mode. 1 DataNodes registered, 1 required.
2019-10-18 07:53:56,422 [EventQueue-NodeRegistrationContainerReportForDataNodeSafeModeRule] INFO  safemode.SCMSafeModeManager (SCMSafeModeManager.java:validateSafeModeExitRules(177)) - ScmSafeModeManager, all rules are successfully validated
2019-10-18 07:53:56,422 [EventQueue-NodeRegistrationContainerReportForDataNodeSafeModeRule] INFO  safemode.SCMSafeModeManager (SCMSafeModeManager.java:exitSafeMode(193)) - SCM exiting safe mode.
2019-10-18 07:53:56,492 [IPC Server handler 1 on 35347] INFO  net.NetworkTopology (NetworkTopologyImpl.java:add(111)) - Added a new node: /default-rack/9334f5f3-1c9b-4a41-9735-40b3bdb856ca
2019-10-18 07:53:56,493 [IPC Server handler 1 on 35347] INFO  node.SCMNodeManager (SCMNodeManager.java:register(268)) - Registered Data node : 9334f5f3-1c9b-4a41-9735-40b3bdb856ca{ip: 192.168.69.67, host: pr-hdds-1868-wx8dl-4219780377, networkLocation: /default-rack, certSerialId: null}
2019-10-18 07:53:56,573 [IPC Server handler 4 on 35347] INFO  net.NetworkTopology (NetworkTopologyImpl.java:add(111)) - Added a new node: /default-rack/3d3aac8b-d4d1-454d-bf0c-88a180692893
2019-10-18 07:53:56,573 [IPC Server handler 4 on 35347] INFO  node.SCMNodeManager (SCMNodeManager.java:register(268)) - Registered Data node : 3d3aac8b-d4d1-454d-bf0c-88a180692893{ip: 192.168.69.67, host: pr-hdds-1868-wx8dl-4219780377, networkLocation: /default-rack, certSerialId: null}
2019-10-18 07:53:56,658 [IPC Server handler 5 on 35347] INFO  net.NetworkTopology (NetworkTopologyImpl.java:add(111)) - Added a new node: /default-rack/0fc43408-9179-47bd-a807-e56cc33d805e
2019-10-18 07:53:56,659 [IPC Server handler 5 on 35347] INFO  node.SCMNodeManager (SCMNodeManager.java:register(268)) - Registered Data node : 0fc43408-9179-47bd-a807-e56cc33d805e{ip: 192.168.69.67, host: pr-hdds-1868-wx8dl-4219780377, networkLocation: /default-rack, certSerialId: null}
2019-10-18 07:53:56,738 [IPC Server handler 3 on 35347] INFO  net.NetworkTopology (NetworkTopologyImpl.java:add(111)) - Added a new node: /default-rack/4b487190-7547-40c7-b780-43c37a89e8eb
2019-10-18 07:53:56,738 [IPC Server handler 3 on 35347] INFO  node.SCMNodeManager (SCMNodeManager.java:register(268)) - Registered Data node : 4b487190-7547-40c7-b780-43c37a89e8eb{ip: 192.168.69.67, host: pr-hdds-1868-wx8dl-4219780377, networkLocation: /default-rack, certSerialId: null}
2019-10-18 07:53:56,836 [IPC Server handler 6 on 35347] INFO  net.NetworkTopology (NetworkTopologyImpl.java:add(111)) - Added a new node: /default-rack/a3fa570c-ae50-443c-8ab2-043428e82a24
2019-10-18 07:53:56,837 [IPC Server handler 6 on 35347] INFO  node.SCMNodeManager (SCMNodeManager.java:register(268)) - Registered Data node : a3fa570c-ae50-443c-8ab2-043428e82a24{ip: 192.168.69.67, host: pr-hdds-1868-wx8dl-4219780377, networkLocation: /default-rack, certSerialId: null}
2019-10-18 07:53:56,922 [grpc-default-executor-0] INFO  impl.RaftServerProxy (RaftServerProxy.java:addNew(89)) - 6fa005cd-25d6-4e29-bda6-9462a060c098: addNew group-B1CC1EDC98E5:[6fa005cd-25d6-4e29-bda6-9462a060c098:192.168.69.67:36093] returns group-B1CC1EDC98E5:java.util.concurrent.CompletableFuture@37192075[Not completed]
2019-10-18 07:53:56,937 [pool-27-thread-1] INFO  impl.RaftServerImpl (RaftServerImpl.java:<init>(104)) - 6fa005cd-25d6-4e29-bda6-9462a060c098: new RaftServerImpl for group-B1CC1EDC98E5:[6fa005cd-25d6-4e29-bda6-9462a060c098:192.168.69.67:36093] with ContainerStateMachine:uninitialized
2019-10-18 07:53:56,939 [pool-27-thread-1] INFO  server.RaftServerConfigKeys (ConfUtils.java:logGet(43)) - raft.server.rpc.timeout.min = 5s (custom)
2019-10-18 07:53:56,941 [pool-27-thread-1] INFO  server.RaftServerConfigKeys (ConfUtils.java:logGet(43)) - raft.server.rpc.timeout.max = 5200ms (custom)
2019-10-18 07:53:56,941 [pool-27-thread-1] INFO  server.RaftServerConfigKeys (ConfUtils.java:logGet(43)) - raft.server.rpcslowness.timeout = 120s (custom)
2019-10-18 07:53:56,942 [pool-27-thread-1] INFO  server.RaftServerConfigKeys (ConfUtils.java:logGet(43)) - raft.server.sleep.deviation.threshold = 300 (default)
2019-10-18 07:53:56,943 [pool-27-thread-1] INFO  server.RaftServerConfigKeys (ConfUtils.java:logGet(43)) - raft.server.log.appender.install.snapshot.enabled = false (custom)
2019-10-18 07:53:56,954 [pool-27-thread-1] INFO  impl.RaftServerImpl (ServerState.java:<init>(103)) - 6fa005cd-25d6-4e29-bda6-9462a060c098@group-B1CC1EDC98E5: ConfigurationManager, init=-1: [6fa005cd-25d6-4e29-bda6-9462a060c098:192.168.69.67:36093], old=null, confs=<EMPTY_MAP>
2019-10-18 07:53:56,954 [pool-27-thread-1] INFO  server.RaftServerConfigKeys (ConfUtils.java:logGet(43)) - raft.server.storage.dir = [/workdir/hadoop-ozone/integration-test/target/test-dir/MiniOzoneClusterImpl-58fc3ecd-0fbd-4e7b-a09c-4106a93dde4d/datanode-0/data/ratis] (custom)
2019-10-18 07:53:56,963 [pool-27-thread-1] INFO  server.RaftServerConfigKeys (ConfUtils.java:logGet(43)) - raft.server.log.corruption.policy = EXCEPTION (default)
2019-10-18 07:53:56,965 [pool-27-thread-1] INFO  storage.RaftStorageDirectory (RaftStorageDirectory.java:analyzeStorage(246)) - The storage directory /workdir/hadoop-ozone/integration-test/target/test-dir/MiniOzoneClusterImpl-58fc3ecd-0fbd-4e7b-a09c-4106a93dde4d/datanode-0/data/ratis/9b829237-b163-4eb8-af6e-b1cc1edc98e5 does not exist. Creating ...
2019-10-18 07:53:56,983 [pool-27-thread-1] INFO  storage.RaftStorageDirectory (RaftStorageDirectory.java:tryLock(328)) - Lock on /workdir/hadoop-ozone/integration-test/target/test-dir/MiniOzoneClusterImpl-58fc3ecd-0fbd-4e7b-a09c-4106a93dde4d/datanode-0/data/ratis/9b829237-b163-4eb8-af6e-b1cc1edc98e5/in_use.lock acquired by nodename 22103@pr-hdds-1868-wx8dl-4219780377
2019-10-18 07:53:56,998 [pool-27-thread-1] INFO  storage.RaftStorage (RaftStorage.java:format(84)) - Storage directory /workdir/hadoop-ozone/integration-test/target/test-dir/MiniOzoneClusterImpl-58fc3ecd-0fbd-4e7b-a09c-4106a93dde4d/datanode-0/data/ratis/9b829237-b163-4eb8-af6e-b1cc1edc98e5 has been successfully formatted.
2019-10-18 07:53:57,001 [pool-27-thread-1] INFO  ratis.ContainerStateMachine (ContainerStateMachine.java:loadSnapshot(233)) - group-B1CC1EDC98E5: The snapshot info is null. Setting the last applied indexto:(t:0, i:~)
2019-10-18 07:53:57,001 [pool-27-thread-1] INFO  server.RaftServerConfigKeys (ConfUtils.java:logGet(43)) - raft.server.notification.no-leader.timeout = 120s (custom)
2019-10-18 07:53:57,004 [pool-27-thread-1] INFO  server.RaftServerConfigKeys (ConfUtils.java:logGet(43)) - raft.server.log.use.memory = false (default)
2019-10-18 07:53:57,011 [pool-27-thread-1] INFO  server.RaftServerConfigKeys (ConfUtils.java:logGet(43)) - raft.server.log.purge.gap = 1000000 (custom)
2019-10-18 07:53:57,011 [pool-27-thread-1] INFO  server.RaftServerConfigKeys (ConfUtils.java:logGet(43)) - raft.server.log.appender.buffer.byte-limit = 33554432 (custom)
2019-10-18 07:53:57,014 [pool-27-thread-1] INFO  server.RaftServerConfigKeys (ConfUtils.java:logGet(43)) - raft.server.log.segment.size.max = 1048576 (custom)
2019-10-18 07:53:57,015 [pool-27-thread-1] INFO  impl.MetricsSystemImpl (MetricsSystemImpl.java:init(158)) - ratis metrics system started (again)
2019-10-18 07:53:57,020 [pool-27-thread-1] INFO  metrics.MetricRegistries (MetricRegistriesLoader.java:load(64)) - Loaded MetricRegistries class org.apache.ratis.metrics.impl.MetricRegistriesImpl
2019-10-18 07:53:57,073 [pool-27-thread-1] INFO  server.RaftServerConfigKeys (ConfUtils.java:logGet(43)) - raft.server.log.segment.cache.num.max = 2 (custom)
2019-10-18 07:53:57,080 [pool-27-thread-1] INFO  segmented.SegmentedRaftLogWorker (SegmentedRaftLogWorker.java:<init>(173)) - new 6fa005cd-25d6-4e29-bda6-9462a060c098@group-B1CC1EDC98E5-SegmentedRaftLogWorker for RaftStorage:Storage Directory /workdir/hadoop-ozone/integration-test/target/test-dir/MiniOzoneClusterImpl-58fc3ecd-0fbd-4e7b-a09c-4106a93dde4d/datanode-0/data/ratis/9b829237-b163-4eb8-af6e-b1cc1edc98e5
2019-10-18 07:53:57,080 [pool-27-thread-1] INFO  server.RaftServerConfigKeys (ConfUtils.java:logGet(43)) - raft.server.log.queue.byte-limit = 2147483647 (custom)
2019-10-18 07:53:57,081 [pool-27-thread-1] INFO  server.RaftServerConfigKeys (ConfUtils.java:logGet(43)) - raft.server.log.queue.element-limit = 1024 (custom)
2019-10-18 07:53:57,083 [pool-27-thread-1] INFO  server.RaftServerConfigKeys (ConfUtils.java:logGet(43)) - raft.server.log.segment.size.max = 1048576 (custom)
2019-10-18 07:53:57,083 [pool-27-thread-1] INFO  server.RaftServerConfigKeys (ConfUtils.java:logGet(43)) - raft.server.log.preallocated.size = 16384 (custom)
2019-10-18 07:53:57,084 [pool-27-thread-1] INFO  server.RaftServerConfigKeys (ConfUtils.java:logGet(43)) - raft.server.log.write.buffer.size = 33554432 (custom)
2019-10-18 07:53:57,085 [pool-27-thread-1] INFO  server.RaftServerConfigKeys (ConfUtils.java:logGet(43)) - raft.server.log.force.sync.num = 128 (default)
2019-10-18 07:53:57,086 [pool-27-thread-1] INFO  server.RaftServerConfigKeys (ConfUtils.java:logGet(43)) - raft.server.log.statemachine.data.sync = true (default)
2019-10-18 07:53:57,086 [pool-27-thread-1] INFO  server.RaftServerConfigKeys (ConfUtils.java:logGet(43)) - raft.server.log.statemachine.data.sync.timeout = 10s (default)
2019-10-18 07:53:57,087 [pool-27-thread-1] INFO  server.RaftServerConfigKeys (ConfUtils.java:logGet(43)) - raft.server.log.statemachine.data.sync.timeout.retry = -1 (default)
2019-10-18 07:53:57,103 [pool-27-thread-1] INFO  server.RaftServerConfigKeys (ConfUtils.java:logGet(43)) - raft.server.log.statemachine.data.caching.enabled = true (custom)
2019-10-18 07:53:57,111 [pool-27-thread-1] INFO  segmented.SegmentedRaftLogWorker (SegmentedRaftLogWorker.java:lambda$new$0(128)) - 6fa005cd-25d6-4e29-bda6-9462a060c098@group-B1CC1EDC98E5-SegmentedRaftLogWorker: flushIndex: setUnconditionally 0 -> -1
2019-10-18 07:53:57,119 [pool-27-thread-1] INFO  server.RaftServerConfigKeys (ConfUtils.java:logGet(43)) - raft.server.snapshot.auto.trigger.enabled = true (custom)
2019-10-18 07:53:57,121 [pool-27-thread-1] INFO  server.RaftServerConfigKeys (ConfUtils.java:logGet(43)) - raft.server.snapshot.auto.trigger.threshold = 10000 (custom)
2019-10-18 07:53:57,121 [pool-27-thread-1] INFO  server.RaftServerConfigKeys (ConfUtils.java:logGet(43)) - raft.server.snapshot.retention.file.num = 5 (custom)
2019-10-18 07:53:57,122 [pool-27-thread-1] INFO  server.RaftServerConfigKeys (ConfUtils.java:logGet(43)) - raft.server.retrycache.expirytime = 600000ms (custom)
2019-10-18 07:53:57,162 [pool-27-thread-1] INFO  impl.RaftServerImpl (RaftServerImpl.java:start(195)) - 6fa005cd-25d6-4e29-bda6-9462a060c098@group-B1CC1EDC98E5: start as a follower, conf=-1: [6fa005cd-25d6-4e29-bda6-9462a060c098:192.168.69.67:36093], old=null
2019-10-18 07:53:57,163 [pool-27-thread-1] INFO  impl.RaftServerImpl (RaftServerImpl.java:setRole(184)) - 6fa005cd-25d6-4e29-bda6-9462a060c098@group-B1CC1EDC98E5: changes role from      null to FOLLOWER at term 0 for startAsFollower
2019-10-18 07:53:57,164 [pool-27-thread-1] INFO  impl.RoleInfo (RoleInfo.java:updateAndGet(143)) - 6fa005cd-25d6-4e29-bda6-9462a060c098: start FollowerState
2019-10-18 07:53:57,166 [pool-27-thread-1] INFO  util.JmxRegister (JmxRegister.java:tryRegister(44)) - Successfully registered JMX Bean with object name Ratis:service=RaftServer,group=group-B1CC1EDC98E5,id=6fa005cd-25d6-4e29-bda6-9462a060c098
2019-10-18 07:53:57,241 [Thread-226] INFO  impl.FollowerState (FollowerState.java:run(108)) - 6fa005cd-25d6-4e29-bda6-9462a060c098@group-B1CC1EDC98E5-FollowerState: change to CANDIDATE, lastRpcTime:77ms, electionTimeout:76ms
2019-10-18 07:53:57,246 [Thread-226] INFO  impl.RoleInfo (RoleInfo.java:shutdownFollowerState(121)) - 6fa005cd-25d6-4e29-bda6-9462a060c098: shutdown FollowerState
2019-10-18 07:53:57,249 [Thread-226] INFO  impl.RaftServerImpl (RaftServerImpl.java:setRole(184)) - 6fa005cd-25d6-4e29-bda6-9462a060c098@group-B1CC1EDC98E5: changes role from  FOLLOWER to CANDIDATE at term 0 for changeToCandidate
2019-10-18 07:53:57,255 [RatisPipelineUtilsThread] INFO  pipeline.PipelineStateManager (PipelineStateManager.java:addPipeline(55)) - Created pipeline Pipeline[ Id: 9b829237-b163-4eb8-af6e-b1cc1edc98e5, Nodes: 6fa005cd-25d6-4e29-bda6-9462a060c098{ip: 192.168.69.67, host: pr-hdds-1868-wx8dl-4219780377, networkLocation: /default-rack, certSerialId: null}, Type:RATIS, Factor:ONE, State:ALLOCATED]
2019-10-18 07:53:57,255 [Thread-226] INFO  impl.RoleInfo (RoleInfo.java:updateAndGet(143)) - 6fa005cd-25d6-4e29-bda6-9462a060c098: start LeaderElection
2019-10-18 07:53:57,282 [6fa005cd-25d6-4e29-bda6-9462a060c098@group-B1CC1EDC98E5-LeaderElection1] INFO  impl.LeaderElection (LeaderElection.java:askForVotes(178)) - 6fa005cd-25d6-4e29-bda6-9462a060c098@group-B1CC1EDC98E5-LeaderElection1: begin an election at term 1 for -1: [6fa005cd-25d6-4e29-bda6-9462a060c098:192.168.69.67:36093], old=null
2019-10-18 07:53:57,286 [6fa005cd-25d6-4e29-bda6-9462a060c098@group-B1CC1EDC98E5-LeaderElection1] INFO  impl.RoleInfo (RoleInfo.java:shutdownLeaderElection(134)) - 6fa005cd-25d6-4e29-bda6-9462a060c098: shutdown LeaderElection
2019-10-18 07:53:57,287 [grpc-default-executor-0] INFO  impl.RaftServerProxy (RaftServerProxy.java:addNew(89)) - 0fc43408-9179-47bd-a807-e56cc33d805e: addNew group-FC7768932425:[0fc43408-9179-47bd-a807-e56cc33d805e:192.168.69.67:34615] returns group-FC7768932425:java.util.concurrent.CompletableFuture@3be98e15[Not completed]
2019-10-18 07:53:57,287 [6fa005cd-25d6-4e29-bda6-9462a060c098@group-B1CC1EDC98E5-LeaderElection1] INFO  impl.RaftServerImpl (RaftServerImpl.java:setRole(184)) - 6fa005cd-25d6-4e29-bda6-9462a060c098@group-B1CC1EDC98E5: changes role from CANDIDATE to LEADER at term 1 for changeToLeader
2019-10-18 07:53:57,287 [6fa005cd-25d6-4e29-bda6-9462a060c098@group-B1CC1EDC98E5-LeaderElection1] INFO  ratis.XceiverServerRatis (XceiverServerRatis.java:handleLeaderChangedNotification(699)) - Leader change notification received for group: group-B1CC1EDC98E5 with new leaderId: 6fa005cd-25d6-4e29-bda6-9462a060c098
2019-10-18 07:53:57,306 [6fa005cd-25d6-4e29-bda6-9462a060c098@group-B1CC1EDC98E5-LeaderElection1] INFO  impl.RaftServerImpl (ServerState.java:setLeader(256)) - 6fa005cd-25d6-4e29-bda6-9462a060c098@group-B1CC1EDC98E5: change Leader from null to 6fa005cd-25d6-4e29-bda6-9462a060c098 at term 1 for becomeLeader, leader elected after 286ms
2019-10-18 07:53:57,332 [pool-57-thread-1] INFO  impl.RaftServerImpl (RaftServerImpl.java:<init>(104)) - 0fc43408-9179-47bd-a807-e56cc33d805e: new RaftServerImpl for group-FC7768932425:[0fc43408-9179-47bd-a807-e56cc33d805e:192.168.69.67:34615] with ContainerStateMachine:uninitialized
2019-10-18 07:53:57,332 [pool-57-thread-1] INFO  server.RaftServerConfigKeys (ConfUtils.java:logGet(43)) - raft.server.rpc.timeout.min = 5s (custom)
2019-10-18 07:53:57,333 [pool-57-thread-1] INFO  server.RaftServerConfigKeys (ConfUtils.java:logGet(43)) - raft.server.rpc.timeout.max = 5200ms (custom)
2019-10-18 07:53:57,333 [pool-57-thread-1] INFO  server.RaftServerConfigKeys (ConfUtils.java:logGet(43)) - raft.server.rpcslowness.timeout = 120s (custom)
2019-10-18 07:53:57,333 [pool-57-thread-1] INFO  server.RaftServerConfigKeys (ConfUtils.java:logGet(43)) - raft.server.sleep.deviation.threshold = 300 (default)
2019-10-18 07:53:57,333 [pool-57-thread-1] INFO  server.RaftServerConfigKeys (ConfUtils.java:logGet(43)) - raft.server.log.appender.install.snapshot.enabled = false (custom)
2019-10-18 07:53:57,334 [pool-57-thread-1] INFO  impl.RaftServerImpl (ServerState.java:<init>(103)) - 0fc43408-9179-47bd-a807-e56cc33d805e@group-FC7768932425: ConfigurationManager, init=-1: [0fc43408-9179-47bd-a807-e56cc33d805e:192.168.69.67:34615], old=null, confs=<EMPTY_MAP>
2019-10-18 07:53:57,334 [pool-57-thread-1] INFO  server.RaftServerConfigKeys (ConfUtils.java:logGet(43)) - raft.server.storage.dir = [/workdir/hadoop-ozone/integration-test/target/test-dir/MiniOzoneClusterImpl-58fc3ecd-0fbd-4e7b-a09c-4106a93dde4d/datanode-3/data/ratis] (custom)
2019-10-18 07:53:57,335 [pool-57-thread-1] INFO  server.RaftServerConfigKeys (ConfUtils.java:logGet(43)) - raft.server.log.corruption.policy = EXCEPTION (default)
2019-10-18 07:53:57,335 [pool-57-thread-1] INFO  storage.RaftStorageDirectory (RaftStorageDirectory.java:analyzeStorage(246)) - The storage directory /workdir/hadoop-ozone/integration-test/target/test-dir/MiniOzoneClusterImpl-58fc3ecd-0fbd-4e7b-a09c-4106a93dde4d/datanode-3/data/ratis/1d84ff55-8e06-447a-bf15-fc7768932425 does not exist. Creating ...
2019-10-18 07:53:57,341 [6fa005cd-25d6-4e29-bda6-9462a060c098@group-B1CC1EDC98E5-LeaderElection1] INFO  server.RaftServerConfigKeys (ConfUtils.java:logGet(43)) - raft.server.staging.catchup.gap = 1000 (default)
2019-10-18 07:53:57,343 [6fa005cd-25d6-4e29-bda6-9462a060c098@group-B1CC1EDC98E5-LeaderElection1] INFO  server.RaftServerConfigKeys (ConfUtils.java:logGet(43)) - raft.server.rpc.sleep.time = 25ms (default)
2019-10-18 07:53:57,348 [6fa005cd-25d6-4e29-bda6-9462a060c098@group-B1CC1EDC98E5-LeaderElection1] INFO  server.RaftServerConfigKeys (ConfUtils.java:logGet(43)) - raft.server.write.element-limit = 4096 (default)
2019-10-18 07:53:57,352 [6fa005cd-25d6-4e29-bda6-9462a060c098@group-B1CC1EDC98E5-LeaderElection1] INFO  server.RaftServerConfigKeys (ConfUtils.java:logGet(43)) - raft.server.watch.timeout = 10s (default)
2019-10-18 07:53:57,352 [6fa005cd-25d6-4e29-bda6-9462a060c098@group-B1CC1EDC98E5-LeaderElection1] INFO  server.RaftServerConfigKeys (ConfUtils.java:logGet(43)) - raft.server.watch.timeout.denomination = 1s (default)
2019-10-18 07:53:57,353 [6fa005cd-25d6-4e29-bda6-9462a060c098@group-B1CC1EDC98E5-LeaderElection1] INFO  server.RaftServerConfigKeys (ConfUtils.java:logGet(43)) - raft.server.watch.element-limit = 65536 (default)
2019-10-18 07:53:57,355 [pool-57-thread-1] INFO  storage.RaftStorageDirectory (RaftStorageDirectory.java:tryLock(328)) - Lock on /workdir/hadoop-ozone/integration-test/target/test-dir/MiniOzoneClusterImpl-58fc3ecd-0fbd-4e7b-a09c-4106a93dde4d/datanode-3/data/ratis/1d84ff55-8e06-447a-bf15-fc7768932425/in_use.lock acquired by nodename 22103@pr-hdds-1868-wx8dl-4219780377
2019-10-18 07:53:57,368 [pool-57-thread-1] INFO  storage.RaftStorage (RaftStorage.java:format(84)) - Storage directory /workdir/hadoop-ozone/integration-test/target/test-dir/MiniOzoneClusterImpl-58fc3ecd-0fbd-4e7b-a09c-4106a93dde4d/datanode-3/data/ratis/1d84ff55-8e06-447a-bf15-fc7768932425 has been successfully formatted.
2019-10-18 07:53:57,370 [pool-57-thread-1] INFO  ratis.ContainerStateMachine (ContainerStateMachine.java:loadSnapshot(233)) - group-FC7768932425: The snapshot info is null. Setting the last applied indexto:(t:0, i:~)
2019-10-18 07:53:57,371 [pool-57-thread-1] INFO  server.RaftServerConfigKeys (ConfUtils.java:logGet(43)) - raft.server.notification.no-leader.timeout = 120s (custom)
2019-10-18 07:53:57,371 [pool-57-thread-1] INFO  server.RaftServerConfigKeys (ConfUtils.java:logGet(43)) - raft.server.log.use.memory = false (default)
2019-10-18 07:53:57,372 [pool-57-thread-1] INFO  server.RaftServerConfigKeys (ConfUtils.java:logGet(43)) - raft.server.log.purge.gap = 1000000 (custom)
2019-10-18 07:53:57,372 [pool-57-thread-1] INFO  server.RaftServerConfigKeys (ConfUtils.java:logGet(43)) - raft.server.log.appender.buffer.byte-limit = 33554432 (custom)
2019-10-18 07:53:57,372 [pool-57-thread-1] INFO  server.RaftServerConfigKeys (ConfUtils.java:logGet(43)) - raft.server.log.segment.size.max = 1048576 (custom)
2019-10-18 07:53:57,420 [6fa005cd-25d6-4e29-bda6-9462a060c098@group-B1CC1EDC98E5-LeaderElection1] INFO  impl.RoleInfo (RoleInfo.java:updateAndGet(143)) - 6fa005cd-25d6-4e29-bda6-9462a060c098: start LeaderState
2019-10-18 07:53:57,426 [pool-57-thread-1] INFO  server.RaftServerConfigKeys (ConfUtils.java:logGet(43)) - raft.server.log.segment.cache.num.max = 2 (custom)
2019-10-18 07:53:57,426 [pool-57-thread-1] INFO  segmented.SegmentedRaftLogWorker (SegmentedRaftLogWorker.java:<init>(173)) - new 0fc43408-9179-47bd-a807-e56cc33d805e@group-FC7768932425-SegmentedRaftLogWorker for RaftStorage:Storage Directory /workdir/hadoop-ozone/integration-test/target/test-dir/MiniOzoneClusterImpl-58fc3ecd-0fbd-4e7b-a09c-4106a93dde4d/datanode-3/data/ratis/1d84ff55-8e06-447a-bf15-fc7768932425
2019-10-18 07:53:57,427 [pool-57-thread-1] INFO  server.RaftServerConfigKeys (ConfUtils.java:logGet(43)) - raft.server.log.queue.byte-limit = 2147483647 (custom)
2019-10-18 07:53:57,427 [pool-57-thread-1] INFO  server.RaftServerConfigKeys (ConfUtils.java:logGet(43)) - raft.server.log.queue.element-limit = 1024 (custom)
2019-10-18 07:53:57,427 [pool-57-thread-1] INFO  server.RaftServerConfigKeys (ConfUtils.java:logGet(43)) - raft.server.log.segment.size.max = 1048576 (custom)
2019-10-18 07:53:57,427 [pool-57-thread-1] INFO  server.RaftServerConfigKeys (ConfUtils.java:logGet(43)) - raft.server.log.preallocated.size = 16384 (custom)
2019-10-18 07:53:57,428 [pool-57-thread-1] INFO  server.RaftServerConfigKeys (ConfUtils.java:logGet(43)) - raft.server.log.write.buffer.size = 33554432 (custom)
2019-10-18 07:53:57,428 [pool-57-thread-1] INFO  server.RaftServerConfigKeys (ConfUtils.java:logGet(43)) - raft.server.log.force.sync.num = 128 (default)
2019-10-18 07:53:57,428 [pool-57-thread-1] INFO  server.RaftServerConfigKeys (ConfUtils.java:logGet(43)) - raft.server.log.statemachine.data.sync = true (default)
2019-10-18 07:53:57,428 [pool-57-thread-1] INFO  server.RaftServerConfigKeys (ConfUtils.java:logGet(43)) - raft.server.log.statemachine.data.sync.timeout = 10s (default)
2019-10-18 07:53:57,428 [pool-57-thread-1] INFO  server.RaftServerConfigKeys (ConfUtils.java:logGet(43)) - raft.server.log.statemachine.data.sync.timeout.retry = -1 (default)
2019-10-18 07:53:57,429 [pool-57-thread-1] INFO  server.RaftServerConfigKeys (ConfUtils.java:logGet(43)) - raft.server.log.statemachine.data.caching.enabled = true (custom)
2019-10-18 07:53:57,430 [pool-57-thread-1] INFO  segmented.SegmentedRaftLogWorker (SegmentedRaftLogWorker.java:lambda$new$0(128)) - 0fc43408-9179-47bd-a807-e56cc33d805e@group-FC7768932425-SegmentedRaftLogWorker: flushIndex: setUnconditionally 0 -> -1
2019-10-18 07:53:57,430 [pool-57-thread-1] INFO  server.RaftServerConfigKeys (ConfUtils.java:logGet(43)) - raft.server.snapshot.auto.trigger.enabled = true (custom)
2019-10-18 07:53:57,431 [pool-57-thread-1] INFO  server.RaftServerConfigKeys (ConfUtils.java:logGet(43)) - raft.server.snapshot.auto.trigger.threshold = 10000 (custom)
2019-10-18 07:53:57,431 [pool-57-thread-1] INFO  server.RaftServerConfigKeys (ConfUtils.java:logGet(43)) - raft.server.snapshot.retention.file.num = 5 (custom)
2019-10-18 07:53:57,431 [pool-57-thread-1] INFO  server.RaftServerConfigKeys (ConfUtils.java:logGet(43)) - raft.server.retrycache.expirytime = 600000ms (custom)
2019-10-18 07:53:57,444 [pool-57-thread-1] INFO  impl.RaftServerImpl (RaftServerImpl.java:start(195)) - 0fc43408-9179-47bd-a807-e56cc33d805e@group-FC7768932425: start as a follower, conf=-1: [0fc43408-9179-47bd-a807-e56cc33d805e:192.168.69.67:34615], old=null
2019-10-18 07:53:57,444 [pool-57-thread-1] INFO  impl.RaftServerImpl (RaftServerImpl.java:setRole(184)) - 0fc43408-9179-47bd-a807-e56cc33d805e@group-FC7768932425: changes role from      null to FOLLOWER at term 0 for startAsFollower
2019-10-18 07:53:57,444 [pool-57-thread-1] INFO  impl.RoleInfo (RoleInfo.java:updateAndGet(143)) - 0fc43408-9179-47bd-a807-e56cc33d805e: start FollowerState
2019-10-18 07:53:57,445 [pool-57-thread-1] INFO  util.JmxRegister (JmxRegister.java:tryRegister(44)) - Successfully registered JMX Bean with object name Ratis:service=RaftServer,group=group-FC7768932425,id=0fc43408-9179-47bd-a807-e56cc33d805e
2019-10-18 07:53:57,446 [6fa005cd-25d6-4e29-bda6-9462a060c098@group-B1CC1EDC98E5-LeaderElection1] INFO  segmented.SegmentedRaftLogWorker (SegmentedRaftLogWorker.java:startLogSegment(385)) - 6fa005cd-25d6-4e29-bda6-9462a060c098@group-B1CC1EDC98E5-SegmentedRaftLogWorker: Starting segment from index:0
2019-10-18 07:53:57,464 [RatisPipelineUtilsThread] INFO  pipeline.PipelineStateManager (PipelineStateManager.java:addPipeline(55)) - Created pipeline Pipeline[ Id: 1d84ff55-8e06-447a-bf15-fc7768932425, Nodes: 0fc43408-9179-47bd-a807-e56cc33d805e{ip: 192.168.69.67, host: pr-hdds-1868-wx8dl-4219780377, networkLocation: /default-rack, certSerialId: null}, Type:RATIS, Factor:ONE, State:ALLOCATED]
2019-10-18 07:53:57,464 [6fa005cd-25d6-4e29-bda6-9462a060c098@group-B1CC1EDC98E5-LeaderElection1] INFO  impl.RaftServerImpl (ServerState.java:setRaftConf(357)) - 6fa005cd-25d6-4e29-bda6-9462a060c098@group-B1CC1EDC98E5: set configuration 0: [6fa005cd-25d6-4e29-bda6-9462a060c098:192.168.69.67:36093], old=null at 0
2019-10-18 07:53:57,482 [grpc-default-executor-0] INFO  impl.RaftServerProxy (RaftServerProxy.java:addNew(89)) - a3fa570c-ae50-443c-8ab2-043428e82a24: addNew group-99B5C90D06CE:[a3fa570c-ae50-443c-8ab2-043428e82a24:192.168.69.67:36282] returns group-99B5C90D06CE:java.util.concurrent.CompletableFuture@2d5dce9f[Not completed]
2019-10-18 07:53:57,485 [pool-77-thread-1] INFO  impl.RaftServerImpl (RaftServerImpl.java:<init>(104)) - a3fa570c-ae50-443c-8ab2-043428e82a24: new RaftServerImpl for group-99B5C90D06CE:[a3fa570c-ae50-443c-8ab2-043428e82a24:192.168.69.67:36282] with ContainerStateMachine:uninitialized
2019-10-18 07:53:57,485 [pool-77-thread-1] INFO  server.RaftServerConfigKeys (ConfUtils.java:logGet(43)) - raft.server.rpc.timeout.min = 5s (custom)
2019-10-18 07:53:57,486 [pool-77-thread-1] INFO  server.RaftServerConfigKeys (ConfUtils.java:logGet(43)) - raft.server.rpc.timeout.max = 5200ms (custom)
2019-10-18 07:53:57,486 [pool-77-thread-1] INFO  server.RaftServerConfigKeys (ConfUtils.java:logGet(43)) - raft.server.rpcslowness.timeout = 120s (custom)
2019-10-18 07:53:57,486 [pool-77-thread-1] INFO  server.RaftServerConfigKeys (ConfUtils.java:logGet(43)) - raft.server.sleep.deviation.threshold = 300 (default)
2019-10-18 07:53:57,486 [pool-77-thread-1] INFO  server.RaftServerConfigKeys (ConfUtils.java:logGet(43)) - raft.server.log.appender.install.snapshot.enabled = false (custom)
2019-10-18 07:53:57,486 [pool-77-thread-1] INFO  impl.RaftServerImpl (ServerState.java:<init>(103)) - a3fa570c-ae50-443c-8ab2-043428e82a24@group-99B5C90D06CE: ConfigurationManager, init=-1: [a3fa570c-ae50-443c-8ab2-043428e82a24:192.168.69.67:36282], old=null, confs=<EMPTY_MAP>
2019-10-18 07:53:57,486 [pool-77-thread-1] INFO  server.RaftServerConfigKeys (ConfUtils.java:logGet(43)) - raft.server.storage.dir = [/workdir/hadoop-ozone/integration-test/target/test-dir/MiniOzoneClusterImpl-58fc3ecd-0fbd-4e7b-a09c-4106a93dde4d/datanode-5/data/ratis] (custom)
2019-10-18 07:53:57,487 [pool-77-thread-1] INFO  server.RaftServerConfigKeys (ConfUtils.java:logGet(43)) - raft.server.log.corruption.policy = EXCEPTION (default)
2019-10-18 07:53:57,487 [pool-77-thread-1] INFO  storage.RaftStorageDirectory (RaftStorageDirectory.java:analyzeStorage(246)) - The storage directory /workdir/hadoop-ozone/integration-test/target/test-dir/MiniOzoneClusterImpl-58fc3ecd-0fbd-4e7b-a09c-4106a93dde4d/datanode-5/data/ratis/001e8514-a054-4493-a2b1-99b5c90d06ce does not exist. Creating ...
2019-10-18 07:53:57,499 [pool-77-thread-1] INFO  storage.RaftStorageDirectory (RaftStorageDirectory.java:tryLock(328)) - Lock on /workdir/hadoop-ozone/integration-test/target/test-dir/MiniOzoneClusterImpl-58fc3ecd-0fbd-4e7b-a09c-4106a93dde4d/datanode-5/data/ratis/001e8514-a054-4493-a2b1-99b5c90d06ce/in_use.lock acquired by nodename 22103@pr-hdds-1868-wx8dl-4219780377
2019-10-18 07:53:57,515 [Thread-231] INFO  impl.FollowerState (FollowerState.java:run(108)) - 0fc43408-9179-47bd-a807-e56cc33d805e@group-FC7768932425-FollowerState: change to CANDIDATE, lastRpcTime:70ms, electionTimeout:70ms
2019-10-18 07:53:57,516 [Thread-231] INFO  impl.RoleInfo (RoleInfo.java:shutdownFollowerState(121)) - 0fc43408-9179-47bd-a807-e56cc33d805e: shutdown FollowerState
2019-10-18 07:53:57,516 [Thread-231] INFO  impl.RaftServerImpl (RaftServerImpl.java:setRole(184)) - 0fc43408-9179-47bd-a807-e56cc33d805e@group-FC7768932425: changes role from  FOLLOWER to CANDIDATE at term 0 for changeToCandidate
2019-10-18 07:53:57,516 [Thread-231] INFO  impl.RoleInfo (RoleInfo.java:updateAndGet(143)) - 0fc43408-9179-47bd-a807-e56cc33d805e: start LeaderElection
2019-10-18 07:53:57,519 [pool-77-thread-1] INFO  storage.RaftStorage (RaftStorage.java:format(84)) - Storage directory /workdir/hadoop-ozone/integration-test/target/test-dir/MiniOzoneClusterImpl-58fc3ecd-0fbd-4e7b-a09c-4106a93dde4d/datanode-5/data/ratis/001e8514-a054-4493-a2b1-99b5c90d06ce has been successfully formatted.
2019-10-18 07:53:57,519 [pool-77-thread-1] INFO  ratis.ContainerStateMachine (ContainerStateMachine.java:loadSnapshot(233)) - group-99B5C90D06CE: The snapshot info is null. Setting the last applied indexto:(t:0, i:~)
2019-10-18 07:53:57,519 [pool-77-thread-1] INFO  server.RaftServerConfigKeys (ConfUtils.java:logGet(43)) - raft.server.notification.no-leader.timeout = 120s (custom)
2019-10-18 07:53:57,520 [pool-77-thread-1] INFO  server.RaftServerConfigKeys (ConfUtils.java:logGet(43)) - raft.server.log.use.memory = false (default)
2019-10-18 07:53:57,520 [pool-77-thread-1] INFO  server.RaftServerConfigKeys (ConfUtils.java:logGet(43)) - raft.server.log.purge.gap = 1000000 (custom)
2019-10-18 07:53:57,520 [pool-77-thread-1] INFO  server.RaftServerConfigKeys (ConfUtils.java:logGet(43)) - raft.server.log.appender.buffer.byte-limit = 33554432 (custom)
2019-10-18 07:53:57,520 [pool-77-thread-1] INFO  server.RaftServerConfigKeys (ConfUtils.java:logGet(43)) - raft.server.log.segment.size.max = 1048576 (custom)
2019-10-18 07:53:57,524 [pool-77-thread-1] INFO  server.RaftServerConfigKeys (ConfUtils.java:logGet(43)) - raft.server.log.segment.cache.num.max = 2 (custom)
2019-10-18 07:53:57,524 [pool-77-thread-1] INFO  segmented.SegmentedRaftLogWorker (SegmentedRaftLogWorker.java:<init>(173)) - new a3fa570c-ae50-443c-8ab2-043428e82a24@group-99B5C90D06CE-SegmentedRaftLogWorker for RaftStorage:Storage Directory /workdir/hadoop-ozone/integration-test/target/test-dir/MiniOzoneClusterImpl-58fc3ecd-0fbd-4e7b-a09c-4106a93dde4d/datanode-5/data/ratis/001e8514-a054-4493-a2b1-99b5c90d06ce
2019-10-18 07:53:57,524 [pool-77-thread-1] INFO  server.RaftServerConfigKeys (ConfUtils.java:logGet(43)) - raft.server.log.queue.byte-limit = 2147483647 (custom)
2019-10-18 07:53:57,524 [pool-77-thread-1] INFO  server.RaftServerConfigKeys (ConfUtils.java:logGet(43)) - raft.server.log.queue.element-limit = 1024 (custom)
2019-10-18 07:53:57,524 [pool-77-thread-1] INFO  server.RaftServerConfigKeys (ConfUtils.java:logGet(43)) - raft.server.log.segment.size.max = 1048576 (custom)
2019-10-18 07:53:57,524 [pool-77-thread-1] INFO  server.RaftServerConfigKeys (ConfUtils.java:logGet(43)) - raft.server.log.preallocated.size = 16384 (custom)
2019-10-18 07:53:57,524 [pool-77-thread-1] INFO  server.RaftServerConfigKeys (ConfUtils.java:logGet(43)) - raft.server.log.write.buffer.size = 33554432 (custom)
2019-10-18 07:53:57,525 [pool-77-thread-1] INFO  server.RaftServerConfigKeys (ConfUtils.java:logGet(43)) - raft.server.log.force.sync.num = 128 (default)
2019-10-18 07:53:57,525 [pool-77-thread-1] INFO  server.RaftServerConfigKeys (ConfUtils.java:logGet(43)) - raft.server.log.statemachine.data.sync = true (default)
2019-10-18 07:53:57,525 [pool-77-thread-1] INFO  server.RaftServerConfigKeys (ConfUtils.java:logGet(43)) - raft.server.log.statemachine.data.sync.timeout = 10s (default)
2019-10-18 07:53:57,525 [pool-77-thread-1] INFO  server.RaftServerConfigKeys (ConfUtils.java:logGet(43)) - raft.server.log.statemachine.data.sync.timeout.retry = -1 (default)
2019-10-18 07:53:57,526 [pool-77-thread-1] INFO  server.RaftServerConfigKeys (ConfUtils.java:logGet(43)) - raft.server.log.statemachine.data.caching.enabled = true (custom)
2019-10-18 07:53:57,526 [pool-77-thread-1] INFO  segmented.SegmentedRaftLogWorker (SegmentedRaftLogWorker.java:lambda$new$0(128)) - a3fa570c-ae50-443c-8ab2-043428e82a24@group-99B5C90D06CE-SegmentedRaftLogWorker: flushIndex: setUnconditionally 0 -> -1
2019-10-18 07:53:57,526 [pool-77-thread-1] INFO  server.RaftServerConfigKeys (ConfUtils.java:logGet(43)) - raft.server.snapshot.auto.trigger.enabled = true (custom)
2019-10-18 07:53:57,526 [pool-77-thread-1] INFO  server.RaftServerConfigKeys (ConfUtils.java:logGet(43)) - raft.server.snapshot.auto.trigger.threshold = 10000 (custom)
2019-10-18 07:53:57,527 [pool-77-thread-1] INFO  server.RaftServerConfigKeys (ConfUtils.java:logGet(43)) - raft.server.snapshot.retention.file.num = 5 (custom)
2019-10-18 07:53:57,527 [pool-77-thread-1] INFO  server.RaftServerConfigKeys (ConfUtils.java:logGet(43)) - raft.server.retrycache.expirytime = 600000ms (custom)
2019-10-18 07:53:57,530 [0fc43408-9179-47bd-a807-e56cc33d805e@group-FC7768932425-LeaderElection2] INFO  impl.LeaderElection (LeaderElection.java:askForVotes(178)) - 0fc43408-9179-47bd-a807-e56cc33d805e@group-FC7768932425-LeaderElection2: begin an election at term 1 for -1: [0fc43408-9179-47bd-a807-e56cc33d805e:192.168.69.67:34615], old=null
2019-10-18 07:53:57,536 [0fc43408-9179-47bd-a807-e56cc33d805e@group-FC7768932425-LeaderElection2] INFO  impl.RoleInfo (RoleInfo.java:shutdownLeaderElection(134)) - 0fc43408-9179-47bd-a807-e56cc33d805e: shutdown LeaderElection
2019-10-18 07:53:57,536 [0fc43408-9179-47bd-a807-e56cc33d805e@group-FC7768932425-LeaderElection2] INFO  impl.RaftServerImpl (RaftServerImpl.java:setRole(184)) - 0fc43408-9179-47bd-a807-e56cc33d805e@group-FC7768932425: changes role from CANDIDATE to LEADER at term 1 for changeToLeader
2019-10-18 07:53:57,536 [0fc43408-9179-47bd-a807-e56cc33d805e@group-FC7768932425-LeaderElection2] INFO  ratis.XceiverServerRatis (XceiverServerRatis.java:handleLeaderChangedNotification(699)) - Leader change notification received for group: group-FC7768932425 with new leaderId: 0fc43408-9179-47bd-a807-e56cc33d805e
2019-10-18 07:53:57,536 [0fc43408-9179-47bd-a807-e56cc33d805e@group-FC7768932425-LeaderElection2] INFO  impl.RaftServerImpl (ServerState.java:setLeader(256)) - 0fc43408-9179-47bd-a807-e56cc33d805e@group-FC7768932425: change Leader from null to 0fc43408-9179-47bd-a807-e56cc33d805e at term 1 for becomeLeader, leader elected after 165ms
2019-10-18 07:53:57,538 [0fc43408-9179-47bd-a807-e56cc33d805e@group-FC7768932425-LeaderElection2] INFO  server.RaftServerConfigKeys (ConfUtils.java:logGet(43)) - raft.server.staging.catchup.gap = 1000 (default)
2019-10-18 07:53:57,538 [0fc43408-9179-47bd-a807-e56cc33d805e@group-FC7768932425-LeaderElection2] INFO  server.RaftServerConfigKeys (ConfUtils.java:logGet(43)) - raft.server.rpc.sleep.time = 25ms (default)
2019-10-18 07:53:57,539 [0fc43408-9179-47bd-a807-e56cc33d805e@group-FC7768932425-LeaderElection2] INFO  server.RaftServerConfigKeys (ConfUtils.java:logGet(43)) - raft.server.write.element-limit = 4096 (default)
2019-10-18 07:53:57,539 [0fc43408-9179-47bd-a807-e56cc33d805e@group-FC7768932425-LeaderElection2] INFO  server.RaftServerConfigKeys (ConfUtils.java:logGet(43)) - raft.server.watch.timeout = 10s (default)
2019-10-18 07:53:57,540 [0fc43408-9179-47bd-a807-e56cc33d805e@group-FC7768932425-LeaderElection2] INFO  server.RaftServerConfigKeys (ConfUtils.java:logGet(43)) - raft.server.watch.timeout.denomination = 1s (default)
2019-10-18 07:53:57,541 [0fc43408-9179-47bd-a807-e56cc33d805e@group-FC7768932425-LeaderElection2] INFO  server.RaftServerConfigKeys (ConfUtils.java:logGet(43)) - raft.server.watch.element-limit = 65536 (default)
2019-10-18 07:53:57,541 [pool-77-thread-1] INFO  impl.RaftServerImpl (RaftServerImpl.java:start(195)) - a3fa570c-ae50-443c-8ab2-043428e82a24@group-99B5C90D06CE: start as a follower, conf=-1: [a3fa570c-ae50-443c-8ab2-043428e82a24:192.168.69.67:36282], old=null
2019-10-18 07:53:57,541 [pool-77-thread-1] INFO  impl.RaftServerImpl (RaftServerImpl.java:setRole(184)) - a3fa570c-ae50-443c-8ab2-043428e82a24@group-99B5C90D06CE: changes role from      null to FOLLOWER at term 0 for startAsFollower
2019-10-18 07:53:57,541 [pool-77-thread-1] INFO  impl.RoleInfo (RoleInfo.java:updateAndGet(143)) - a3fa570c-ae50-443c-8ab2-043428e82a24: start FollowerState
2019-10-18 07:53:57,542 [pool-77-thread-1] INFO  util.JmxRegister (JmxRegister.java:tryRegister(44)) - Successfully registered JMX Bean with object name Ratis:service=RaftServer,group=group-99B5C90D06CE,id=a3fa570c-ae50-443c-8ab2-043428e82a24
2019-10-18 07:53:57,546 [0fc43408-9179-47bd-a807-e56cc33d805e@group-FC7768932425-LeaderElection2] INFO  impl.RoleInfo (RoleInfo.java:updateAndGet(143)) - 0fc43408-9179-47bd-a807-e56cc33d805e: start LeaderState
2019-10-18 07:53:57,546 [0fc43408-9179-47bd-a807-e56cc33d805e@group-FC7768932425-LeaderElection2] INFO  segmented.SegmentedRaftLogWorker (SegmentedRaftLogWorker.java:startLogSegment(385)) - 0fc43408-9179-47bd-a807-e56cc33d805e@group-FC7768932425-SegmentedRaftLogWorker: Starting segment from index:0
2019-10-18 07:53:57,547 [0fc43408-9179-47bd-a807-e56cc33d805e@group-FC7768932425-LeaderElection2] INFO  impl.RaftServerImpl (ServerState.java:setRaftConf(357)) - 0fc43408-9179-47bd-a807-e56cc33d805e@group-FC7768932425: set configuration 0: [0fc43408-9179-47bd-a807-e56cc33d805e:192.168.69.67:34615], old=null at 0
2019-10-18 07:53:57,557 [RatisPipelineUtilsThread] INFO  pipeline.PipelineStateManager (PipelineStateManager.java:addPipeline(55)) - Created pipeline Pipeline[ Id: 001e8514-a054-4493-a2b1-99b5c90d06ce, Nodes: a3fa570c-ae50-443c-8ab2-043428e82a24{ip: 192.168.69.67, host: pr-hdds-1868-wx8dl-4219780377, networkLocation: /default-rack, certSerialId: null}, Type:RATIS, Factor:ONE, State:ALLOCATED]
2019-10-18 07:53:57,577 [grpc-default-executor-0] INFO  impl.RaftServerProxy (RaftServerProxy.java:addNew(89)) - 9334f5f3-1c9b-4a41-9735-40b3bdb856ca: addNew group-AD32415A553A:[9334f5f3-1c9b-4a41-9735-40b3bdb856ca:192.168.69.67:35940] returns group-AD32415A553A:java.util.concurrent.CompletableFuture@40f79625[Not completed]
2019-10-18 07:53:57,579 [pool-37-thread-1] INFO  impl.RaftServerImpl (RaftServerImpl.java:<init>(104)) - 9334f5f3-1c9b-4a41-9735-40b3bdb856ca: new RaftServerImpl for group-AD32415A553A:[9334f5f3-1c9b-4a41-9735-40b3bdb856ca:192.168.69.67:35940] with ContainerStateMachine:uninitialized
2019-10-18 07:53:57,580 [pool-37-thread-1] INFO  server.RaftServerConfigKeys (ConfUtils.java:logGet(43)) - raft.server.rpc.timeout.min = 5s (custom)
2019-10-18 07:53:57,580 [pool-37-thread-1] INFO  server.RaftServerConfigKeys (ConfUtils.java:logGet(43)) - raft.server.rpc.timeout.max = 5200ms (custom)
2019-10-18 07:53:57,580 [pool-37-thread-1] INFO  server.RaftServerConfigKeys (ConfUtils.java:logGet(43)) - raft.server.rpcslowness.timeout = 120s (custom)
2019-10-18 07:53:57,580 [pool-37-thread-1] INFO  server.RaftServerConfigKeys (ConfUtils.java:logGet(43)) - raft.server.sleep.deviation.threshold = 300 (default)
2019-10-18 07:53:57,580 [pool-37-thread-1] INFO  server.RaftServerConfigKeys (ConfUtils.java:logGet(43)) - raft.server.log.appender.install.snapshot.enabled = false (custom)
2019-10-18 07:53:57,580 [pool-37-thread-1] INFO  impl.RaftServerImpl (ServerState.java:<init>(103)) - 9334f5f3-1c9b-4a41-9735-40b3bdb856ca@group-AD32415A553A: ConfigurationManager, init=-1: [9334f5f3-1c9b-4a41-9735-40b3bdb856ca:192.168.69.67:35940], old=null, confs=<EMPTY_MAP>
2019-10-18 07:53:57,580 [pool-37-thread-1] INFO  server.RaftServerConfigKeys (ConfUtils.java:logGet(43)) - raft.server.storage.dir = [/workdir/hadoop-ozone/integration-test/target/test-dir/MiniOzoneClusterImpl-58fc3ecd-0fbd-4e7b-a09c-4106a93dde4d/datanode-1/data/ratis] (custom)
2019-10-18 07:53:57,581 [pool-37-thread-1] INFO  server.RaftServerConfigKeys (ConfUtils.java:logGet(43)) - raft.server.log.corruption.policy = EXCEPTION (default)
2019-10-18 07:53:57,581 [pool-37-thread-1] INFO  storage.RaftStorageDirectory (RaftStorageDirectory.java:analyzeStorage(246)) - The storage directory /workdir/hadoop-ozone/integration-test/target/test-dir/MiniOzoneClusterImpl-58fc3ecd-0fbd-4e7b-a09c-4106a93dde4d/datanode-1/data/ratis/c9f8b526-bc16-4b19-abc5-ad32415a553a does not exist. Creating ...
2019-10-18 07:53:57,595 [pool-37-thread-1] INFO  storage.RaftStorageDirectory (RaftStorageDirectory.java:tryLock(328)) - Lock on /workdir/hadoop-ozone/integration-test/target/test-dir/MiniOzoneClusterImpl-58fc3ecd-0fbd-4e7b-a09c-4106a93dde4d/datanode-1/data/ratis/c9f8b526-bc16-4b19-abc5-ad32415a553a/in_use.lock acquired by nodename 22103@pr-hdds-1868-wx8dl-4219780377
2019-10-18 07:53:57,626 [pool-37-thread-1] INFO  storage.RaftStorage (RaftStorage.java:format(84)) - Storage directory /workdir/hadoop-ozone/integration-test/target/test-dir/MiniOzoneClusterImpl-58fc3ecd-0fbd-4e7b-a09c-4106a93dde4d/datanode-1/data/ratis/c9f8b526-bc16-4b19-abc5-ad32415a553a has been successfully formatted.
2019-10-18 07:53:57,626 [pool-37-thread-1] INFO  ratis.ContainerStateMachine (ContainerStateMachine.java:loadSnapshot(233)) - group-AD32415A553A: The snapshot info is null. Setting the last applied indexto:(t:0, i:~)
2019-10-18 07:53:57,626 [pool-37-thread-1] INFO  server.RaftServerConfigKeys (ConfUtils.java:logGet(43)) - raft.server.notification.no-leader.timeout = 120s (custom)
2019-10-18 07:53:57,627 [pool-37-thread-1] INFO  server.RaftServerConfigKeys (ConfUtils.java:logGet(43)) - raft.server.log.use.memory = false (default)
2019-10-18 07:53:57,627 [pool-37-thread-1] INFO  server.RaftServerConfigKeys (ConfUtils.java:logGet(43)) - raft.server.log.purge.gap = 1000000 (custom)
2019-10-18 07:53:57,627 [pool-37-thread-1] INFO  server.RaftServerConfigKeys (ConfUtils.java:logGet(43)) - raft.server.log.appender.buffer.byte-limit = 33554432 (custom)
2019-10-18 07:53:57,627 [pool-37-thread-1] INFO  server.RaftServerConfigKeys (ConfUtils.java:logGet(43)) - raft.server.log.segment.size.max = 1048576 (custom)
2019-10-18 07:53:57,630 [pool-37-thread-1] INFO  server.RaftServerConfigKeys (ConfUtils.java:logGet(43)) - raft.server.log.segment.cache.num.max = 2 (custom)
2019-10-18 07:53:57,630 [pool-37-thread-1] INFO  segmented.SegmentedRaftLogWorker (SegmentedRaftLogWorker.java:<init>(173)) - new 9334f5f3-1c9b-4a41-9735-40b3bdb856ca@group-AD32415A553A-SegmentedRaftLogWorker for RaftStorage:Storage Directory /workdir/hadoop-ozone/integration-test/target/test-dir/MiniOzoneClusterImpl-58fc3ecd-0fbd-4e7b-a09c-4106a93dde4d/datanode-1/data/ratis/c9f8b526-bc16-4b19-abc5-ad32415a553a
2019-10-18 07:53:57,630 [pool-37-thread-1] INFO  server.RaftServerConfigKeys (ConfUtils.java:logGet(43)) - raft.server.log.queue.byte-limit = 2147483647 (custom)
2019-10-18 07:53:57,631 [pool-37-thread-1] INFO  server.RaftServerConfigKeys (ConfUtils.java:logGet(43)) - raft.server.log.queue.element-limit = 1024 (custom)
2019-10-18 07:53:57,631 [pool-37-thread-1] INFO  server.RaftServerConfigKeys (ConfUtils.java:logGet(43)) - raft.server.log.segment.size.max = 1048576 (custom)
2019-10-18 07:53:57,631 [pool-37-thread-1] INFO  server.RaftServerConfigKeys (ConfUtils.java:logGet(43)) - raft.server.log.preallocated.size = 16384 (custom)
2019-10-18 07:53:57,631 [pool-37-thread-1] INFO  server.RaftServerConfigKeys (ConfUtils.java:logGet(43)) - raft.server.log.write.buffer.size = 33554432 (custom)
2019-10-18 07:53:57,631 [pool-37-thread-1] INFO  server.RaftServerConfigKeys (ConfUtils.java:logGet(43)) - raft.server.log.force.sync.num = 128 (default)
2019-10-18 07:53:57,631 [pool-37-thread-1] INFO  server.RaftServerConfigKeys (ConfUtils.java:logGet(43)) - raft.server.log.statemachine.data.sync = true (default)
2019-10-18 07:53:57,631 [pool-37-thread-1] INFO  server.RaftServerConfigKeys (ConfUtils.java:logGet(43)) - raft.server.log.statemachine.data.sync.timeout = 10s (default)
2019-10-18 07:53:57,632 [pool-37-thread-1] INFO  server.RaftServerConfigKeys (ConfUtils.java:logGet(43)) - raft.server.log.statemachine.data.sync.timeout.retry = -1 (default)
2019-10-18 07:53:57,632 [pool-37-thread-1] INFO  server.RaftServerConfigKeys (ConfUtils.java:logGet(43)) - raft.server.log.statemachine.data.caching.enabled = true (custom)
2019-10-18 07:53:57,633 [pool-37-thread-1] INFO  segmented.SegmentedRaftLogWorker (SegmentedRaftLogWorker.java:lambda$new$0(128)) - 9334f5f3-1c9b-4a41-9735-40b3bdb856ca@group-AD32415A553A-SegmentedRaftLogWorker: flushIndex: setUnconditionally 0 -> -1
2019-10-18 07:53:57,633 [pool-37-thread-1] INFO  server.RaftServerConfigKeys (ConfUtils.java:logGet(43)) - raft.server.snapshot.auto.trigger.enabled = true (custom)
2019-10-18 07:53:57,633 [pool-37-thread-1] INFO  server.RaftServerConfigKeys (ConfUtils.java:logGet(43)) - raft.server.snapshot.auto.trigger.threshold = 10000 (custom)
2019-10-18 07:53:57,633 [pool-37-thread-1] INFO  server.RaftServerConfigKeys (ConfUtils.java:logGet(43)) - raft.server.snapshot.retention.file.num = 5 (custom)
2019-10-18 07:53:57,634 [pool-37-thread-1] INFO  server.RaftServerConfigKeys (ConfUtils.java:logGet(43)) - raft.server.retrycache.expirytime = 600000ms (custom)
2019-10-18 07:53:57,638 [pool-37-thread-1] INFO  impl.RaftServerImpl (RaftServerImpl.java:start(195)) - 9334f5f3-1c9b-4a41-9735-40b3bdb856ca@group-AD32415A553A: start as a follower, conf=-1: [9334f5f3-1c9b-4a41-9735-40b3bdb856ca:192.168.69.67:35940], old=null
2019-10-18 07:53:57,638 [pool-37-thread-1] INFO  impl.RaftServerImpl (RaftServerImpl.java:setRole(184)) - 9334f5f3-1c9b-4a41-9735-40b3bdb856ca@group-AD32415A553A: changes role from      null to FOLLOWER at term 0 for startAsFollower
2019-10-18 07:53:57,639 [pool-37-thread-1] INFO  impl.RoleInfo (RoleInfo.java:updateAndGet(143)) - 9334f5f3-1c9b-4a41-9735-40b3bdb856ca: start FollowerState
2019-10-18 07:53:57,639 [pool-37-thread-1] INFO  util.JmxRegister (JmxRegister.java:tryRegister(44)) - Successfully registered JMX Bean with object name Ratis:service=RaftServer,group=group-AD32415A553A,id=9334f5f3-1c9b-4a41-9735-40b3bdb856ca
2019-10-18 07:53:57,654 [RatisPipelineUtilsThread] INFO  pipeline.PipelineStateManager (PipelineStateManager.java:addPipeline(55)) - Created pipeline Pipeline[ Id: c9f8b526-bc16-4b19-abc5-ad32415a553a, Nodes: 9334f5f3-1c9b-4a41-9735-40b3bdb856ca{ip: 192.168.69.67, host: pr-hdds-1868-wx8dl-4219780377, networkLocation: /default-rack, certSerialId: null}, Type:RATIS, Factor:ONE, State:ALLOCATED]
2019-10-18 07:53:57,655 [0fc43408-9179-47bd-a807-e56cc33d805e@group-FC7768932425-SegmentedRaftLogWorker] INFO  segmented.SegmentedRaftLogWorker (SegmentedRaftLogWorker.java:execute(576)) - 0fc43408-9179-47bd-a807-e56cc33d805e@group-FC7768932425-SegmentedRaftLogWorker: created new log segment /workdir/hadoop-ozone/integration-test/target/test-dir/MiniOzoneClusterImpl-58fc3ecd-0fbd-4e7b-a09c-4106a93dde4d/datanode-3/data/ratis/1d84ff55-8e06-447a-bf15-fc7768932425/current/log_inprogress_0
2019-10-18 07:53:57,655 [6fa005cd-25d6-4e29-bda6-9462a060c098@group-B1CC1EDC98E5-SegmentedRaftLogWorker] INFO  segmented.SegmentedRaftLogWorker (SegmentedRaftLogWorker.java:execute(576)) - 6fa005cd-25d6-4e29-bda6-9462a060c098@group-B1CC1EDC98E5-SegmentedRaftLogWorker: created new log segment /workdir/hadoop-ozone/integration-test/target/test-dir/MiniOzoneClusterImpl-58fc3ecd-0fbd-4e7b-a09c-4106a93dde4d/datanode-0/data/ratis/9b829237-b163-4eb8-af6e-b1cc1edc98e5/current/log_inprogress_0
2019-10-18 07:53:57,664 [Thread-236] INFO  impl.FollowerState (FollowerState.java:run(108)) - a3fa570c-ae50-443c-8ab2-043428e82a24@group-99B5C90D06CE-FollowerState: change to CANDIDATE, lastRpcTime:123ms, electionTimeout:122ms
2019-10-18 07:53:57,664 [Thread-236] INFO  impl.RoleInfo (RoleInfo.java:shutdownFollowerState(121)) - a3fa570c-ae50-443c-8ab2-043428e82a24: shutdown FollowerState
2019-10-18 07:53:57,664 [Thread-236] INFO  impl.RaftServerImpl (RaftServerImpl.java:setRole(184)) - a3fa570c-ae50-443c-8ab2-043428e82a24@group-99B5C90D06CE: changes role from  FOLLOWER to CANDIDATE at term 0 for changeToCandidate
2019-10-18 07:53:57,664 [Thread-236] INFO  impl.RoleInfo (RoleInfo.java:updateAndGet(143)) - a3fa570c-ae50-443c-8ab2-043428e82a24: start LeaderElection
2019-10-18 07:53:57,680 [grpc-default-executor-0] INFO  impl.RaftServerProxy (RaftServerProxy.java:addNew(89)) - 4b487190-7547-40c7-b780-43c37a89e8eb: addNew group-E11C942201EC:[4b487190-7547-40c7-b780-43c37a89e8eb:192.168.69.67:39683] returns group-E11C942201EC:java.util.concurrent.CompletableFuture@77ec3103[Not completed]
2019-10-18 07:53:57,684 [pool-67-thread-1] INFO  impl.RaftServerImpl (RaftServerImpl.java:<init>(104)) - 4b487190-7547-40c7-b780-43c37a89e8eb: new RaftServerImpl for group-E11C942201EC:[4b487190-7547-40c7-b780-43c37a89e8eb:192.168.69.67:39683] with ContainerStateMachine:uninitialized
2019-10-18 07:53:57,684 [pool-67-thread-1] INFO  server.RaftServerConfigKeys (ConfUtils.java:logGet(43)) - raft.server.rpc.timeout.min = 5s (custom)
2019-10-18 07:53:57,684 [pool-67-thread-1] INFO  server.RaftServerConfigKeys (ConfUtils.java:logGet(43)) - raft.server.rpc.timeout.max = 5200ms (custom)
2019-10-18 07:53:57,684 [pool-67-thread-1] INFO  server.RaftServerConfigKeys (ConfUtils.java:logGet(43)) - raft.server.rpcslowness.timeout = 120s (custom)
2019-10-18 07:53:57,685 [pool-67-thread-1] INFO  server.RaftServerConfigKeys (ConfUtils.java:logGet(43)) - raft.server.sleep.deviation.threshold = 300 (default)
2019-10-18 07:53:57,685 [pool-67-thread-1] INFO  server.RaftServerConfigKeys (ConfUtils.java:logGet(43)) - raft.server.log.appender.install.snapshot.enabled = false (custom)
2019-10-18 07:53:57,685 [pool-67-thread-1] INFO  impl.RaftServerImpl (ServerState.java:<init>(103)) - 4b487190-7547-40c7-b780-43c37a89e8eb@group-E11C942201EC: ConfigurationManager, init=-1: [4b487190-7547-40c7-b780-43c37a89e8eb:192.168.69.67:39683], old=null, confs=<EMPTY_MAP>
2019-10-18 07:53:57,685 [pool-67-thread-1] INFO  server.RaftServerConfigKeys (ConfUtils.java:logGet(43)) - raft.server.storage.dir = [/workdir/hadoop-ozone/integration-test/target/test-dir/MiniOzoneClusterImpl-58fc3ecd-0fbd-4e7b-a09c-4106a93dde4d/datanode-4/data/ratis] (custom)
2019-10-18 07:53:57,685 [pool-67-thread-1] INFO  server.RaftServerConfigKeys (ConfUtils.java:logGet(43)) - raft.server.log.corruption.policy = EXCEPTION (default)
2019-10-18 07:53:57,685 [pool-67-thread-1] INFO  storage.RaftStorageDirectory (RaftStorageDirectory.java:analyzeStorage(246)) - The storage directory /workdir/hadoop-ozone/integration-test/target/test-dir/MiniOzoneClusterImpl-58fc3ecd-0fbd-4e7b-a09c-4106a93dde4d/datanode-4/data/ratis/8d49e90d-26ba-45a0-b698-e11c942201ec does not exist. Creating ...
2019-10-18 07:53:57,686 [a3fa570c-ae50-443c-8ab2-043428e82a24@group-99B5C90D06CE-LeaderElection3] INFO  impl.LeaderElection (LeaderElection.java:askForVotes(178)) - a3fa570c-ae50-443c-8ab2-043428e82a24@group-99B5C90D06CE-LeaderElection3: begin an election at term 1 for -1: [a3fa570c-ae50-443c-8ab2-043428e82a24:192.168.69.67:36282], old=null
2019-10-18 07:53:57,687 [a3fa570c-ae50-443c-8ab2-043428e82a24@group-99B5C90D06CE-LeaderElection3] INFO  impl.RoleInfo (RoleInfo.java:shutdownLeaderElection(134)) - a3fa570c-ae50-443c-8ab2-043428e82a24: shutdown LeaderElection
2019-10-18 07:53:57,687 [a3fa570c-ae50-443c-8ab2-043428e82a24@group-99B5C90D06CE-LeaderElection3] INFO  impl.RaftServerImpl (RaftServerImpl.java:setRole(184)) - a3fa570c-ae50-443c-8ab2-043428e82a24@group-99B5C90D06CE: changes role from CANDIDATE to LEADER at term 1 for changeToLeader
2019-10-18 07:53:57,688 [a3fa570c-ae50-443c-8ab2-043428e82a24@group-99B5C90D06CE-LeaderElection3] INFO  ratis.XceiverServerRatis (XceiverServerRatis.java:handleLeaderChangedNotification(699)) - Leader change notification received for group: group-99B5C90D06CE with new leaderId: a3fa570c-ae50-443c-8ab2-043428e82a24
2019-10-18 07:53:57,688 [a3fa570c-ae50-443c-8ab2-043428e82a24@group-99B5C90D06CE-LeaderElection3] INFO  impl.RaftServerImpl (ServerState.java:setLeader(256)) - a3fa570c-ae50-443c-8ab2-043428e82a24@group-99B5C90D06CE: change Leader from null to a3fa570c-ae50-443c-8ab2-043428e82a24 at term 1 for becomeLeader, leader elected after 168ms
2019-10-18 07:53:57,688 [pool-67-thread-1] INFO  storage.RaftStorageDirectory (RaftStorageDirectory.java:tryLock(328)) - Lock on /workdir/hadoop-ozone/integration-test/target/test-dir/MiniOzoneClusterImpl-58fc3ecd-0fbd-4e7b-a09c-4106a93dde4d/datanode-4/data/ratis/8d49e90d-26ba-45a0-b698-e11c942201ec/in_use.lock acquired by nodename 22103@pr-hdds-1868-wx8dl-4219780377
2019-10-18 07:53:57,689 [a3fa570c-ae50-443c-8ab2-043428e82a24@group-99B5C90D06CE-LeaderElection3] INFO  server.RaftServerConfigKeys (ConfUtils.java:logGet(43)) - raft.server.staging.catchup.gap = 1000 (default)
2019-10-18 07:53:57,690 [a3fa570c-ae50-443c-8ab2-043428e82a24@group-99B5C90D06CE-LeaderElection3] INFO  server.RaftServerConfigKeys (ConfUtils.java:logGet(43)) - raft.server.rpc.sleep.time = 25ms (default)
2019-10-18 07:53:57,690 [a3fa570c-ae50-443c-8ab2-043428e82a24@group-99B5C90D06CE-LeaderElection3] INFO  server.RaftServerConfigKeys (ConfUtils.java:logGet(43)) - raft.server.write.element-limit = 4096 (default)
2019-10-18 07:53:57,691 [a3fa570c-ae50-443c-8ab2-043428e82a24@group-99B5C90D06CE-LeaderElection3] INFO  server.RaftServerConfigKeys (ConfUtils.java:logGet(43)) - raft.server.watch.timeout = 10s (default)
2019-10-18 07:53:57,692 [a3fa570c-ae50-443c-8ab2-043428e82a24@group-99B5C90D06CE-LeaderElection3] INFO  server.RaftServerConfigKeys (ConfUtils.java:logGet(43)) - raft.server.watch.timeout.denomination = 1s (default)
2019-10-18 07:53:57,692 [a3fa570c-ae50-443c-8ab2-043428e82a24@group-99B5C90D06CE-LeaderElection3] INFO  server.RaftServerConfigKeys (ConfUtils.java:logGet(43)) - raft.server.watch.element-limit = 65536 (default)
2019-10-18 07:53:57,695 [a3fa570c-ae50-443c-8ab2-043428e82a24@group-99B5C90D06CE-LeaderElection3] INFO  impl.RoleInfo (RoleInfo.java:updateAndGet(143)) - a3fa570c-ae50-443c-8ab2-043428e82a24: start LeaderState
2019-10-18 07:53:57,695 [a3fa570c-ae50-443c-8ab2-043428e82a24@group-99B5C90D06CE-LeaderElection3] INFO  segmented.SegmentedRaftLogWorker (SegmentedRaftLogWorker.java:startLogSegment(385)) - a3fa570c-ae50-443c-8ab2-043428e82a24@group-99B5C90D06CE-SegmentedRaftLogWorker: Starting segment from index:0
2019-10-18 07:53:57,696 [a3fa570c-ae50-443c-8ab2-043428e82a24@group-99B5C90D06CE-LeaderElection3] INFO  impl.RaftServerImpl (ServerState.java:setRaftConf(357)) - a3fa570c-ae50-443c-8ab2-043428e82a24@group-99B5C90D06CE: set configuration 0: [a3fa570c-ae50-443c-8ab2-043428e82a24:192.168.69.67:36282], old=null at 0
2019-10-18 07:53:57,722 [pool-67-thread-1] INFO  storage.RaftStorage (RaftStorage.java:format(84)) - Storage directory /workdir/hadoop-ozone/integration-test/target/test-dir/MiniOzoneClusterImpl-58fc3ecd-0fbd-4e7b-a09c-4106a93dde4d/datanode-4/data/ratis/8d49e90d-26ba-45a0-b698-e11c942201ec has been successfully formatted.
2019-10-18 07:53:57,722 [pool-67-thread-1] INFO  ratis.ContainerStateMachine (ContainerStateMachine.java:loadSnapshot(233)) - group-E11C942201EC: The snapshot info is null. Setting the last applied indexto:(t:0, i:~)
2019-10-18 07:53:57,723 [pool-67-thread-1] INFO  server.RaftServerConfigKeys (ConfUtils.java:logGet(43)) - raft.server.notification.no-leader.timeout = 120s (custom)
2019-10-18 07:53:57,723 [pool-67-thread-1] INFO  server.RaftServerConfigKeys (ConfUtils.java:logGet(43)) - raft.server.log.use.memory = false (default)
2019-10-18 07:53:57,723 [pool-67-thread-1] INFO  server.RaftServerConfigKeys (ConfUtils.java:logGet(43)) - raft.server.log.purge.gap = 1000000 (custom)
2019-10-18 07:53:57,723 [pool-67-thread-1] INFO  server.RaftServerConfigKeys (ConfUtils.java:logGet(43)) - raft.server.log.appender.buffer.byte-limit = 33554432 (custom)
2019-10-18 07:53:57,723 [pool-67-thread-1] INFO  server.RaftServerConfigKeys (ConfUtils.java:logGet(43)) - raft.server.log.segment.size.max = 1048576 (custom)
2019-10-18 07:53:57,725 [pool-67-thread-1] INFO  server.RaftServerConfigKeys (ConfUtils.java:logGet(43)) - raft.server.log.segment.cache.num.max = 2 (custom)
2019-10-18 07:53:57,726 [pool-67-thread-1] INFO  segmented.SegmentedRaftLogWorker (SegmentedRaftLogWorker.java:<init>(173)) - new 4b487190-7547-40c7-b780-43c37a89e8eb@group-E11C942201EC-SegmentedRaftLogWorker for RaftStorage:Storage Directory /workdir/hadoop-ozone/integration-test/target/test-dir/MiniOzoneClusterImpl-58fc3ecd-0fbd-4e7b-a09c-4106a93dde4d/datanode-4/data/ratis/8d49e90d-26ba-45a0-b698-e11c942201ec
2019-10-18 07:53:57,726 [pool-67-thread-1] INFO  server.RaftServerConfigKeys (ConfUtils.java:logGet(43)) - raft.server.log.queue.byte-limit = 2147483647 (custom)
2019-10-18 07:53:57,726 [pool-67-thread-1] INFO  server.RaftServerConfigKeys (ConfUtils.java:logGet(43)) - raft.server.log.queue.element-limit = 1024 (custom)
2019-10-18 07:53:57,726 [pool-67-thread-1] INFO  server.RaftServerConfigKeys (ConfUtils.java:logGet(43)) - raft.server.log.segment.size.max = 1048576 (custom)
2019-10-18 07:53:57,726 [pool-67-thread-1] INFO  server.RaftServerConfigKeys (ConfUtils.java:logGet(43)) - raft.server.log.preallocated.size = 16384 (custom)
2019-10-18 07:53:57,726 [pool-67-thread-1] INFO  server.RaftServerConfigKeys (ConfUtils.java:logGet(43)) - raft.server.log.write.buffer.size = 33554432 (custom)
2019-10-18 07:53:57,726 [pool-67-thread-1] INFO  server.RaftServerConfigKeys (ConfUtils.java:logGet(43)) - raft.server.log.force.sync.num = 128 (default)
2019-10-18 07:53:57,726 [pool-67-thread-1] INFO  server.RaftServerConfigKeys (ConfUtils.java:logGet(43)) - raft.server.log.statemachine.data.sync = true (default)
2019-10-18 07:53:57,726 [pool-67-thread-1] INFO  server.RaftServerConfigKeys (ConfUtils.java:logGet(43)) - raft.server.log.statemachine.data.sync.timeout = 10s (default)
2019-10-18 07:53:57,726 [pool-67-thread-1] INFO  server.RaftServerConfigKeys (ConfUtils.java:logGet(43)) - raft.server.log.statemachine.data.sync.timeout.retry = -1 (default)
2019-10-18 07:53:57,727 [pool-67-thread-1] INFO  server.RaftServerConfigKeys (ConfUtils.java:logGet(43)) - raft.server.log.statemachine.data.caching.enabled = true (custom)
2019-10-18 07:53:57,727 [pool-67-thread-1] INFO  segmented.SegmentedRaftLogWorker (SegmentedRaftLogWorker.java:lambda$new$0(128)) - 4b487190-7547-40c7-b780-43c37a89e8eb@group-E11C942201EC-SegmentedRaftLogWorker: flushIndex: setUnconditionally 0 -> -1
2019-10-18 07:53:57,727 [pool-67-thread-1] INFO  server.RaftServerConfigKeys (ConfUtils.java:logGet(43)) - raft.server.snapshot.auto.trigger.enabled = true (custom)
2019-10-18 07:53:57,728 [pool-67-thread-1] INFO  server.RaftServerConfigKeys (ConfUtils.java:logGet(43)) - raft.server.snapshot.auto.trigger.threshold = 10000 (custom)
2019-10-18 07:53:57,728 [pool-67-thread-1] INFO  server.RaftServerConfigKeys (ConfUtils.java:logGet(43)) - raft.server.snapshot.retention.file.num = 5 (custom)
2019-10-18 07:53:57,728 [pool-67-thread-1] INFO  server.RaftServerConfigKeys (ConfUtils.java:logGet(43)) - raft.server.retrycache.expirytime = 600000ms (custom)
2019-10-18 07:53:57,731 [pool-67-thread-1] INFO  impl.RaftServerImpl (RaftServerImpl.java:start(195)) - 4b487190-7547-40c7-b780-43c37a89e8eb@group-E11C942201EC: start as a follower, conf=-1: [4b487190-7547-40c7-b780-43c37a89e8eb:192.168.69.67:39683], old=null
2019-10-18 07:53:57,732 [pool-67-thread-1] INFO  impl.RaftServerImpl (RaftServerImpl.java:setRole(184)) - 4b487190-7547-40c7-b780-43c37a89e8eb@group-E11C942201EC: changes role from      null to FOLLOWER at term 0 for startAsFollower
2019-10-18 07:53:57,732 [pool-67-thread-1] INFO  impl.RoleInfo (RoleInfo.java:updateAndGet(143)) - 4b487190-7547-40c7-b780-43c37a89e8eb: start FollowerState
2019-10-18 07:53:57,732 [pool-67-thread-1] INFO  util.JmxRegister (JmxRegister.java:tryRegister(44)) - Successfully registered JMX Bean with object name Ratis:service=RaftServer,group=group-E11C942201EC,id=4b487190-7547-40c7-b780-43c37a89e8eb
2019-10-18 07:53:57,734 [a3fa570c-ae50-443c-8ab2-043428e82a24@group-99B5C90D06CE-SegmentedRaftLogWorker] INFO  segmented.SegmentedRaftLogWorker (SegmentedRaftLogWorker.java:execute(576)) - a3fa570c-ae50-443c-8ab2-043428e82a24@group-99B5C90D06CE-SegmentedRaftLogWorker: created new log segment /workdir/hadoop-ozone/integration-test/target/test-dir/MiniOzoneClusterImpl-58fc3ecd-0fbd-4e7b-a09c-4106a93dde4d/datanode-5/data/ratis/001e8514-a054-4493-a2b1-99b5c90d06ce/current/log_inprogress_0
2019-10-18 07:53:57,744 [Thread-244] INFO  impl.FollowerState (FollowerState.java:run(108)) - 4b487190-7547-40c7-b780-43c37a89e8eb@group-E11C942201EC-FollowerState: change to CANDIDATE, lastRpcTime:12ms, electionTimeout:11ms
2019-10-18 07:53:57,744 [Thread-244] INFO  impl.RoleInfo (RoleInfo.java:shutdownFollowerState(121)) - 4b487190-7547-40c7-b780-43c37a89e8eb: shutdown FollowerState
2019-10-18 07:53:57,744 [Thread-244] INFO  impl.RaftServerImpl (RaftServerImpl.java:setRole(184)) - 4b487190-7547-40c7-b780-43c37a89e8eb@group-E11C942201EC: changes role from  FOLLOWER to CANDIDATE at term 0 for changeToCandidate
2019-10-18 07:53:57,744 [Thread-244] INFO  impl.RoleInfo (RoleInfo.java:updateAndGet(143)) - 4b487190-7547-40c7-b780-43c37a89e8eb: start LeaderElection
2019-10-18 07:53:57,747 [RatisPipelineUtilsThread] INFO  pipeline.PipelineStateManager (PipelineStateManager.java:addPipeline(55)) - Created pipeline Pipeline[ Id: 8d49e90d-26ba-45a0-b698-e11c942201ec, Nodes: 4b487190-7547-40c7-b780-43c37a89e8eb{ip: 192.168.69.67, host: pr-hdds-1868-wx8dl-4219780377, networkLocation: /default-rack, certSerialId: null}, Type:RATIS, Factor:ONE, State:ALLOCATED]
2019-10-18 07:53:57,750 [4b487190-7547-40c7-b780-43c37a89e8eb@group-E11C942201EC-LeaderElection4] INFO  impl.LeaderElection (LeaderElection.java:askForVotes(178)) - 4b487190-7547-40c7-b780-43c37a89e8eb@group-E11C942201EC-LeaderElection4: begin an election at term 1 for -1: [4b487190-7547-40c7-b780-43c37a89e8eb:192.168.69.67:39683], old=null
2019-10-18 07:53:57,751 [4b487190-7547-40c7-b780-43c37a89e8eb@group-E11C942201EC-LeaderElection4] INFO  impl.RoleInfo (RoleInfo.java:shutdownLeaderElection(134)) - 4b487190-7547-40c7-b780-43c37a89e8eb: shutdown LeaderElection
2019-10-18 07:53:57,751 [4b487190-7547-40c7-b780-43c37a89e8eb@group-E11C942201EC-LeaderElection4] INFO  impl.RaftServerImpl (RaftServerImpl.java:setRole(184)) - 4b487190-7547-40c7-b780-43c37a89e8eb@group-E11C942201EC: changes role from CANDIDATE to LEADER at term 1 for changeToLeader
2019-10-18 07:53:57,751 [4b487190-7547-40c7-b780-43c37a89e8eb@group-E11C942201EC-LeaderElection4] INFO  ratis.XceiverServerRatis (XceiverServerRatis.java:handleLeaderChangedNotification(699)) - Leader change notification received for group: group-E11C942201EC with new leaderId: 4b487190-7547-40c7-b780-43c37a89e8eb
2019-10-18 07:53:57,751 [4b487190-7547-40c7-b780-43c37a89e8eb@group-E11C942201EC-LeaderElection4] INFO  impl.RaftServerImpl (ServerState.java:setLeader(256)) - 4b487190-7547-40c7-b780-43c37a89e8eb@group-E11C942201EC: change Leader from null to 4b487190-7547-40c7-b780-43c37a89e8eb at term 1 for becomeLeader, leader elected after 28ms
2019-10-18 07:53:57,752 [4b487190-7547-40c7-b780-43c37a89e8eb@group-E11C942201EC-LeaderElection4] INFO  server.RaftServerConfigKeys (ConfUtils.java:logGet(43)) - raft.server.staging.catchup.gap = 1000 (default)
2019-10-18 07:53:57,752 [4b487190-7547-40c7-b780-43c37a89e8eb@group-E11C942201EC-LeaderElection4] INFO  server.RaftServerConfigKeys (ConfUtils.java:logGet(43)) - raft.server.rpc.sleep.time = 25ms (default)
2019-10-18 07:53:57,754 [4b487190-7547-40c7-b780-43c37a89e8eb@group-E11C942201EC-LeaderElection4] INFO  server.RaftServerConfigKeys (ConfUtils.java:logGet(43)) - raft.server.write.element-limit = 4096 (default)
2019-10-18 07:53:57,754 [4b487190-7547-40c7-b780-43c37a89e8eb@group-E11C942201EC-LeaderElection4] INFO  server.RaftServerConfigKeys (ConfUtils.java:logGet(43)) - raft.server.watch.timeout = 10s (default)
2019-10-18 07:53:57,754 [4b487190-7547-40c7-b780-43c37a89e8eb@group-E11C942201EC-LeaderElection4] INFO  server.RaftServerConfigKeys (ConfUtils.java:logGet(43)) - raft.server.watch.timeout.denomination = 1s (default)
2019-10-18 07:53:57,754 [4b487190-7547-40c7-b780-43c37a89e8eb@group-E11C942201EC-LeaderElection4] INFO  server.RaftServerConfigKeys (ConfUtils.java:logGet(43)) - raft.server.watch.element-limit = 65536 (default)
2019-10-18 07:53:57,760 [4b487190-7547-40c7-b780-43c37a89e8eb@group-E11C942201EC-LeaderElection4] INFO  impl.RoleInfo (RoleInfo.java:updateAndGet(143)) - 4b487190-7547-40c7-b780-43c37a89e8eb: start LeaderState
2019-10-18 07:53:57,760 [4b487190-7547-40c7-b780-43c37a89e8eb@group-E11C942201EC-LeaderElection4] INFO  segmented.SegmentedRaftLogWorker (SegmentedRaftLogWorker.java:startLogSegment(385)) - 4b487190-7547-40c7-b780-43c37a89e8eb@group-E11C942201EC-SegmentedRaftLogWorker: Starting segment from index:0
2019-10-18 07:53:57,767 [4b487190-7547-40c7-b780-43c37a89e8eb@group-E11C942201EC-LeaderElection4] INFO  impl.RaftServerImpl (ServerState.java:setRaftConf(357)) - 4b487190-7547-40c7-b780-43c37a89e8eb@group-E11C942201EC: set configuration 0: [4b487190-7547-40c7-b780-43c37a89e8eb:192.168.69.67:39683], old=null at 0
2019-10-18 07:53:57,802 [grpc-default-executor-0] INFO  impl.RaftServerProxy (RaftServerProxy.java:addNew(89)) - 3d3aac8b-d4d1-454d-bf0c-88a180692893: addNew group-D06B23CFB148:[3d3aac8b-d4d1-454d-bf0c-88a180692893:192.168.69.67:34429] returns group-D06B23CFB148:java.util.concurrent.CompletableFuture@58aefebd[Not completed]
2019-10-18 07:53:57,804 [pool-47-thread-1] INFO  impl.RaftServerImpl (RaftServerImpl.java:<init>(104)) - 3d3aac8b-d4d1-454d-bf0c-88a180692893: new RaftServerImpl for group-D06B23CFB148:[3d3aac8b-d4d1-454d-bf0c-88a180692893:192.168.69.67:34429] with ContainerStateMachine:uninitialized
2019-10-18 07:53:57,804 [pool-47-thread-1] INFO  server.RaftServerConfigKeys (ConfUtils.java:logGet(43)) - raft.server.rpc.timeout.min = 5s (custom)
2019-10-18 07:53:57,804 [pool-47-thread-1] INFO  server.RaftServerConfigKeys (ConfUtils.java:logGet(43)) - raft.server.rpc.timeout.max = 5200ms (custom)
2019-10-18 07:53:57,804 [pool-47-thread-1] INFO  server.RaftServerConfigKeys (ConfUtils.java:logGet(43)) - raft.server.rpcslowness.timeout = 120s (custom)
2019-10-18 07:53:57,804 [pool-47-thread-1] INFO  server.RaftServerConfigKeys (ConfUtils.java:logGet(43)) - raft.server.sleep.deviation.threshold = 300 (default)
2019-10-18 07:53:57,805 [pool-47-thread-1] INFO  server.RaftServerConfigKeys (ConfUtils.java:logGet(43)) - raft.server.log.appender.install.snapshot.enabled = false (custom)
2019-10-18 07:53:57,805 [pool-47-thread-1] INFO  impl.RaftServerImpl (ServerState.java:<init>(103)) - 3d3aac8b-d4d1-454d-bf0c-88a180692893@group-D06B23CFB148: ConfigurationManager, init=-1: [3d3aac8b-d4d1-454d-bf0c-88a180692893:192.168.69.67:34429], old=null, confs=<EMPTY_MAP>
2019-10-18 07:53:57,805 [pool-47-thread-1] INFO  server.RaftServerConfigKeys (ConfUtils.java:logGet(43)) - raft.server.storage.dir = [/workdir/hadoop-ozone/integration-test/target/test-dir/MiniOzoneClusterImpl-58fc3ecd-0fbd-4e7b-a09c-4106a93dde4d/datanode-2/data/ratis] (custom)
2019-10-18 07:53:57,805 [pool-47-thread-1] INFO  server.RaftServerConfigKeys (ConfUtils.java:logGet(43)) - raft.server.log.corruption.policy = EXCEPTION (default)
2019-10-18 07:53:57,805 [pool-47-thread-1] INFO  storage.RaftStorageDirectory (RaftStorageDirectory.java:analyzeStorage(246)) - The storage directory /workdir/hadoop-ozone/integration-test/target/test-dir/MiniOzoneClusterImpl-58fc3ecd-0fbd-4e7b-a09c-4106a93dde4d/datanode-2/data/ratis/bacbf59f-8bc6-447f-b735-d06b23cfb148 does not exist. Creating ...
2019-10-18 07:53:57,812 [pool-47-thread-1] INFO  storage.RaftStorageDirectory (RaftStorageDirectory.java:tryLock(328)) - Lock on /workdir/hadoop-ozone/integration-test/target/test-dir/MiniOzoneClusterImpl-58fc3ecd-0fbd-4e7b-a09c-4106a93dde4d/datanode-2/data/ratis/bacbf59f-8bc6-447f-b735-d06b23cfb148/in_use.lock acquired by nodename 22103@pr-hdds-1868-wx8dl-4219780377
2019-10-18 07:53:57,812 [4b487190-7547-40c7-b780-43c37a89e8eb@group-E11C942201EC-SegmentedRaftLogWorker] INFO  segmented.SegmentedRaftLogWorker (SegmentedRaftLogWorker.java:execute(576)) - 4b487190-7547-40c7-b780-43c37a89e8eb@group-E11C942201EC-SegmentedRaftLogWorker: created new log segment /workdir/hadoop-ozone/integration-test/target/test-dir/MiniOzoneClusterImpl-58fc3ecd-0fbd-4e7b-a09c-4106a93dde4d/datanode-4/data/ratis/8d49e90d-26ba-45a0-b698-e11c942201ec/current/log_inprogress_0
2019-10-18 07:53:57,825 [pool-47-thread-1] INFO  storage.RaftStorage (RaftStorage.java:format(84)) - Storage directory /workdir/hadoop-ozone/integration-test/target/test-dir/MiniOzoneClusterImpl-58fc3ecd-0fbd-4e7b-a09c-4106a93dde4d/datanode-2/data/ratis/bacbf59f-8bc6-447f-b735-d06b23cfb148 has been successfully formatted.
2019-10-18 07:53:57,825 [pool-47-thread-1] INFO  ratis.ContainerStateMachine (ContainerStateMachine.java:loadSnapshot(233)) - group-D06B23CFB148: The snapshot info is null. Setting the last applied indexto:(t:0, i:~)
2019-10-18 07:53:57,825 [pool-47-thread-1] INFO  server.RaftServerConfigKeys (ConfUtils.java:logGet(43)) - raft.server.notification.no-leader.timeout = 120s (custom)
2019-10-18 07:53:57,826 [pool-47-thread-1] INFO  server.RaftServerConfigKeys (ConfUtils.java:logGet(43)) - raft.server.log.use.memory = false (default)
2019-10-18 07:53:57,826 [pool-47-thread-1] INFO  server.RaftServerConfigKeys (ConfUtils.java:logGet(43)) - raft.server.log.purge.gap = 1000000 (custom)
2019-10-18 07:53:57,826 [pool-47-thread-1] INFO  server.RaftServerConfigKeys (ConfUtils.java:logGet(43)) - raft.server.log.appender.buffer.byte-limit = 33554432 (custom)
2019-10-18 07:53:57,826 [pool-47-thread-1] INFO  server.RaftServerConfigKeys (ConfUtils.java:logGet(43)) - raft.server.log.segment.size.max = 1048576 (custom)
2019-10-18 07:53:57,829 [pool-47-thread-1] INFO  server.RaftServerConfigKeys (ConfUtils.java:logGet(43)) - raft.server.log.segment.cache.num.max = 2 (custom)
2019-10-18 07:53:57,830 [pool-47-thread-1] INFO  segmented.SegmentedRaftLogWorker (SegmentedRaftLogWorker.java:<init>(173)) - new 3d3aac8b-d4d1-454d-bf0c-88a180692893@group-D06B23CFB148-SegmentedRaftLogWorker for RaftStorage:Storage Directory /workdir/hadoop-ozone/integration-test/target/test-dir/MiniOzoneClusterImpl-58fc3ecd-0fbd-4e7b-a09c-4106a93dde4d/datanode-2/data/ratis/bacbf59f-8bc6-447f-b735-d06b23cfb148
2019-10-18 07:53:57,830 [pool-47-thread-1] INFO  server.RaftServerConfigKeys (ConfUtils.java:logGet(43)) - raft.server.log.queue.byte-limit = 2147483647 (custom)
2019-10-18 07:53:57,830 [pool-47-thread-1] INFO  server.RaftServerConfigKeys (ConfUtils.java:logGet(43)) - raft.server.log.queue.element-limit = 1024 (custom)
2019-10-18 07:53:57,830 [pool-47-thread-1] INFO  server.RaftServerConfigKeys (ConfUtils.java:logGet(43)) - raft.server.log.segment.size.max = 1048576 (custom)
2019-10-18 07:53:57,830 [pool-47-thread-1] INFO  server.RaftServerConfigKeys (ConfUtils.java:logGet(43)) - raft.server.log.preallocated.size = 16384 (custom)
2019-10-18 07:53:57,830 [pool-47-thread-1] INFO  server.RaftServerConfigKeys (ConfUtils.java:logGet(43)) - raft.server.log.write.buffer.size = 33554432 (custom)
2019-10-18 07:53:57,831 [pool-47-thread-1] INFO  server.RaftServerConfigKeys (ConfUtils.java:logGet(43)) - raft.server.log.force.sync.num = 128 (default)
2019-10-18 07:53:57,831 [pool-47-thread-1] INFO  server.RaftServerConfigKeys (ConfUtils.java:logGet(43)) - raft.server.log.statemachine.data.sync = true (default)
2019-10-18 07:53:57,831 [pool-47-thread-1] INFO  server.RaftServerConfigKeys (ConfUtils.java:logGet(43)) - raft.server.log.statemachine.data.sync.timeout = 10s (default)
2019-10-18 07:53:57,831 [pool-47-thread-1] INFO  server.RaftServerConfigKeys (ConfUtils.java:logGet(43)) - raft.server.log.statemachine.data.sync.timeout.retry = -1 (default)
2019-10-18 07:53:57,832 [pool-47-thread-1] INFO  server.RaftServerConfigKeys (ConfUtils.java:logGet(43)) - raft.server.log.statemachine.data.caching.enabled = true (custom)
2019-10-18 07:53:57,833 [pool-47-thread-1] INFO  segmented.SegmentedRaftLogWorker (SegmentedRaftLogWorker.java:lambda$new$0(128)) - 3d3aac8b-d4d1-454d-bf0c-88a180692893@group-D06B23CFB148-SegmentedRaftLogWorker: flushIndex: setUnconditionally 0 -> -1
2019-10-18 07:53:57,833 [pool-47-thread-1] INFO  server.RaftServerConfigKeys (ConfUtils.java:logGet(43)) - raft.server.snapshot.auto.trigger.enabled = true (custom)
2019-10-18 07:53:57,833 [pool-47-thread-1] INFO  server.RaftServerConfigKeys (ConfUtils.java:logGet(43)) - raft.server.snapshot.auto.trigger.threshold = 10000 (custom)
2019-10-18 07:53:57,833 [pool-47-thread-1] INFO  server.RaftServerConfigKeys (ConfUtils.java:logGet(43)) - raft.server.snapshot.retention.file.num = 5 (custom)
2019-10-18 07:53:57,834 [pool-47-thread-1] INFO  server.RaftServerConfigKeys (ConfUtils.java:logGet(43)) - raft.server.retrycache.expirytime = 600000ms (custom)
2019-10-18 07:53:57,838 [Thread-239] INFO  impl.FollowerState (FollowerState.java:run(108)) - 9334f5f3-1c9b-4a41-9735-40b3bdb856ca@group-AD32415A553A-FollowerState: change to CANDIDATE, lastRpcTime:199ms, electionTimeout:199ms
2019-10-18 07:53:57,838 [Thread-239] INFO  impl.RoleInfo (RoleInfo.java:shutdownFollowerState(121)) - 9334f5f3-1c9b-4a41-9735-40b3bdb856ca: shutdown FollowerState
2019-10-18 07:53:57,839 [Thread-239] INFO  impl.RaftServerImpl (RaftServerImpl.java:setRole(184)) - 9334f5f3-1c9b-4a41-9735-40b3bdb856ca@group-AD32415A553A: changes role from  FOLLOWER to CANDIDATE at term 0 for changeToCandidate
2019-10-18 07:53:57,839 [Thread-239] INFO  impl.RoleInfo (RoleInfo.java:updateAndGet(143)) - 9334f5f3-1c9b-4a41-9735-40b3bdb856ca: start LeaderElection
2019-10-18 07:53:57,843 [pool-47-thread-1] INFO  impl.RaftServerImpl (RaftServerImpl.java:start(195)) - 3d3aac8b-d4d1-454d-bf0c-88a180692893@group-D06B23CFB148: start as a follower, conf=-1: [3d3aac8b-d4d1-454d-bf0c-88a180692893:192.168.69.67:34429], old=null
2019-10-18 07:53:57,843 [pool-47-thread-1] INFO  impl.RaftServerImpl (RaftServerImpl.java:setRole(184)) - 3d3aac8b-d4d1-454d-bf0c-88a180692893@group-D06B23CFB148: changes role from      null to FOLLOWER at term 0 for startAsFollower
2019-10-18 07:53:57,843 [pool-47-thread-1] INFO  impl.RoleInfo (RoleInfo.java:updateAndGet(143)) - 3d3aac8b-d4d1-454d-bf0c-88a180692893: start FollowerState
2019-10-18 07:53:57,844 [pool-47-thread-1] INFO  util.JmxRegister (JmxRegister.java:tryRegister(44)) - Successfully registered JMX Bean with object name Ratis:service=RaftServer,group=group-D06B23CFB148,id=3d3aac8b-d4d1-454d-bf0c-88a180692893
2019-10-18 07:53:57,855 [9334f5f3-1c9b-4a41-9735-40b3bdb856ca@group-AD32415A553A-LeaderElection5] INFO  impl.LeaderElection (LeaderElection.java:askForVotes(178)) - 9334f5f3-1c9b-4a41-9735-40b3bdb856ca@group-AD32415A553A-LeaderElection5: begin an election at term 1 for -1: [9334f5f3-1c9b-4a41-9735-40b3bdb856ca:192.168.69.67:35940], old=null
2019-10-18 07:53:57,855 [9334f5f3-1c9b-4a41-9735-40b3bdb856ca@group-AD32415A553A-LeaderElection5] INFO  impl.RoleInfo (RoleInfo.java:shutdownLeaderElection(134)) - 9334f5f3-1c9b-4a41-9735-40b3bdb856ca: shutdown LeaderElection
2019-10-18 07:53:57,856 [RatisPipelineUtilsThread] INFO  pipeline.PipelineStateManager (PipelineStateManager.java:addPipeline(55)) - Created pipeline Pipeline[ Id: bacbf59f-8bc6-447f-b735-d06b23cfb148, Nodes: 3d3aac8b-d4d1-454d-bf0c-88a180692893{ip: 192.168.69.67, host: pr-hdds-1868-wx8dl-4219780377, networkLocation: /default-rack, certSerialId: null}, Type:RATIS, Factor:ONE, State:ALLOCATED]
2019-10-18 07:53:57,856 [9334f5f3-1c9b-4a41-9735-40b3bdb856ca@group-AD32415A553A-LeaderElection5] INFO  impl.RaftServerImpl (RaftServerImpl.java:setRole(184)) - 9334f5f3-1c9b-4a41-9735-40b3bdb856ca@group-AD32415A553A: changes role from CANDIDATE to LEADER at term 1 for changeToLeader
2019-10-18 07:53:57,856 [9334f5f3-1c9b-4a41-9735-40b3bdb856ca@group-AD32415A553A-LeaderElection5] INFO  ratis.XceiverServerRatis (XceiverServerRatis.java:handleLeaderChangedNotification(699)) - Leader change notification received for group: group-AD32415A553A with new leaderId: 9334f5f3-1c9b-4a41-9735-40b3bdb856ca
2019-10-18 07:53:57,856 [9334f5f3-1c9b-4a41-9735-40b3bdb856ca@group-AD32415A553A-LeaderElection5] INFO  impl.RaftServerImpl (ServerState.java:setLeader(256)) - 9334f5f3-1c9b-4a41-9735-40b3bdb856ca@group-AD32415A553A: change Leader from null to 9334f5f3-1c9b-4a41-9735-40b3bdb856ca at term 1 for becomeLeader, leader elected after 229ms
2019-10-18 07:53:57,857 [9334f5f3-1c9b-4a41-9735-40b3bdb856ca@group-AD32415A553A-LeaderElection5] INFO  server.RaftServerConfigKeys (ConfUtils.java:logGet(43)) - raft.server.staging.catchup.gap = 1000 (default)
2019-10-18 07:53:57,858 [9334f5f3-1c9b-4a41-9735-40b3bdb856ca@group-AD32415A553A-LeaderElection5] INFO  server.RaftServerConfigKeys (ConfUtils.java:logGet(43)) - raft.server.rpc.sleep.time = 25ms (default)
2019-10-18 07:53:57,860 [9334f5f3-1c9b-4a41-9735-40b3bdb856ca@group-AD32415A553A-LeaderElection5] INFO  server.RaftServerConfigKeys (ConfUtils.java:logGet(43)) - raft.server.write.element-limit = 4096 (default)
2019-10-18 07:53:57,860 [9334f5f3-1c9b-4a41-9735-40b3bdb856ca@group-AD32415A553A-LeaderElection5] INFO  server.RaftServerConfigKeys (ConfUtils.java:logGet(43)) - raft.server.watch.timeout = 10s (default)
2019-10-18 07:53:57,860 [9334f5f3-1c9b-4a41-9735-40b3bdb856ca@group-AD32415A553A-LeaderElection5] INFO  server.RaftServerConfigKeys (ConfUtils.java:logGet(43)) - raft.server.watch.timeout.denomination = 1s (default)
2019-10-18 07:53:57,860 [9334f5f3-1c9b-4a41-9735-40b3bdb856ca@group-AD32415A553A-LeaderElection5] INFO  server.RaftServerConfigKeys (ConfUtils.java:logGet(43)) - raft.server.watch.element-limit = 65536 (default)
2019-10-18 07:53:57,882 [9334f5f3-1c9b-4a41-9735-40b3bdb856ca@group-AD32415A553A-LeaderElection5] INFO  impl.RoleInfo (RoleInfo.java:updateAndGet(143)) - 9334f5f3-1c9b-4a41-9735-40b3bdb856ca: start LeaderState
2019-10-18 07:53:57,887 [9334f5f3-1c9b-4a41-9735-40b3bdb856ca@group-AD32415A553A-LeaderElection5] INFO  segmented.SegmentedRaftLogWorker (SegmentedRaftLogWorker.java:startLogSegment(385)) - 9334f5f3-1c9b-4a41-9735-40b3bdb856ca@group-AD32415A553A-SegmentedRaftLogWorker: Starting segment from index:0
2019-10-18 07:53:57,894 [9334f5f3-1c9b-4a41-9735-40b3bdb856ca@group-AD32415A553A-LeaderElection5] INFO  impl.RaftServerImpl (ServerState.java:setRaftConf(357)) - 9334f5f3-1c9b-4a41-9735-40b3bdb856ca@group-AD32415A553A: set configuration 0: [9334f5f3-1c9b-4a41-9735-40b3bdb856ca:192.168.69.67:35940], old=null at 0
2019-10-18 07:53:57,939 [grpc-default-executor-2] INFO  impl.RaftServerProxy (RaftServerProxy.java:addNew(89)) - a3fa570c-ae50-443c-8ab2-043428e82a24: addNew group-44DFB7306C88:[0fc43408-9179-47bd-a807-e56cc33d805e:192.168.69.67:34615, 9334f5f3-1c9b-4a41-9735-40b3bdb856ca:192.168.69.67:35940, a3fa570c-ae50-443c-8ab2-043428e82a24:192.168.69.67:36282] returns group-44DFB7306C88:java.util.concurrent.CompletableFuture@13466607[Not completed]
2019-10-18 07:53:57,940 [9334f5f3-1c9b-4a41-9735-40b3bdb856ca@group-AD32415A553A-SegmentedRaftLogWorker] INFO  segmented.SegmentedRaftLogWorker (SegmentedRaftLogWorker.java:execute(576)) - 9334f5f3-1c9b-4a41-9735-40b3bdb856ca@group-AD32415A553A-SegmentedRaftLogWorker: created new log segment /workdir/hadoop-ozone/integration-test/target/test-dir/MiniOzoneClusterImpl-58fc3ecd-0fbd-4e7b-a09c-4106a93dde4d/datanode-1/data/ratis/c9f8b526-bc16-4b19-abc5-ad32415a553a/current/log_inprogress_0
2019-10-18 07:53:57,940 [grpc-default-executor-1] INFO  impl.RaftServerProxy (RaftServerProxy.java:addNew(89)) - 9334f5f3-1c9b-4a41-9735-40b3bdb856ca: addNew group-44DFB7306C88:[0fc43408-9179-47bd-a807-e56cc33d805e:192.168.69.67:34615, 9334f5f3-1c9b-4a41-9735-40b3bdb856ca:192.168.69.67:35940, a3fa570c-ae50-443c-8ab2-043428e82a24:192.168.69.67:36282] returns group-44DFB7306C88:java.util.concurrent.CompletableFuture@1259efde[Not completed]
2019-10-18 07:53:57,941 [grpc-default-executor-2] INFO  impl.RaftServerProxy (RaftServerProxy.java:addNew(89)) - 0fc43408-9179-47bd-a807-e56cc33d805e: addNew group-44DFB7306C88:[0fc43408-9179-47bd-a807-e56cc33d805e:192.168.69.67:34615, 9334f5f3-1c9b-4a41-9735-40b3bdb856ca:192.168.69.67:35940, a3fa570c-ae50-443c-8ab2-043428e82a24:192.168.69.67:36282] returns group-44DFB7306C88:java.util.concurrent.CompletableFuture@5644fa0b[Not completed]
2019-10-18 07:53:57,942 [pool-77-thread-1] INFO  impl.RaftServerImpl (RaftServerImpl.java:<init>(104)) - a3fa570c-ae50-443c-8ab2-043428e82a24: new RaftServerImpl for group-44DFB7306C88:[0fc43408-9179-47bd-a807-e56cc33d805e:192.168.69.67:34615, 9334f5f3-1c9b-4a41-9735-40b3bdb856ca:192.168.69.67:35940, a3fa570c-ae50-443c-8ab2-043428e82a24:192.168.69.67:36282] with ContainerStateMachine:uninitialized
2019-10-18 07:53:57,942 [pool-77-thread-1] INFO  server.RaftServerConfigKeys (ConfUtils.java:logGet(43)) - raft.server.rpc.timeout.min = 5s (custom)
2019-10-18 07:53:57,943 [pool-77-thread-1] INFO  server.RaftServerConfigKeys (ConfUtils.java:logGet(43)) - raft.server.rpc.timeout.max = 5200ms (custom)
2019-10-18 07:53:57,943 [pool-77-thread-1] INFO  server.RaftServerConfigKeys (ConfUtils.java:logGet(43)) - raft.server.rpcslowness.timeout = 120s (custom)
2019-10-18 07:53:57,943 [pool-77-thread-1] INFO  server.RaftServerConfigKeys (ConfUtils.java:logGet(43)) - raft.server.sleep.deviation.threshold = 300 (default)
2019-10-18 07:53:57,943 [pool-77-thread-1] INFO  server.RaftServerConfigKeys (ConfUtils.java:logGet(43)) - raft.server.log.appender.install.snapshot.enabled = false (custom)
2019-10-18 07:53:57,943 [pool-77-thread-1] INFO  impl.RaftServerImpl (ServerState.java:<init>(103)) - a3fa570c-ae50-443c-8ab2-043428e82a24@group-44DFB7306C88: ConfigurationManager, init=-1: [0fc43408-9179-47bd-a807-e56cc33d805e:192.168.69.67:34615, 9334f5f3-1c9b-4a41-9735-40b3bdb856ca:192.168.69.67:35940, a3fa570c-ae50-443c-8ab2-043428e82a24:192.168.69.67:36282], old=null, confs=<EMPTY_MAP>
2019-10-18 07:53:57,943 [pool-77-thread-1] INFO  server.RaftServerConfigKeys (ConfUtils.java:logGet(43)) - raft.server.storage.dir = [/workdir/hadoop-ozone/integration-test/target/test-dir/MiniOzoneClusterImpl-58fc3ecd-0fbd-4e7b-a09c-4106a93dde4d/datanode-5/data/ratis] (custom)
2019-10-18 07:53:57,944 [pool-37-thread-1] INFO  impl.RaftServerImpl (RaftServerImpl.java:<init>(104)) - 9334f5f3-1c9b-4a41-9735-40b3bdb856ca: new RaftServerImpl for group-44DFB7306C88:[0fc43408-9179-47bd-a807-e56cc33d805e:192.168.69.67:34615, 9334f5f3-1c9b-4a41-9735-40b3bdb856ca:192.168.69.67:35940, a3fa570c-ae50-443c-8ab2-043428e82a24:192.168.69.67:36282] with ContainerStateMachine:uninitialized
2019-10-18 07:53:57,944 [pool-77-thread-1] INFO  server.RaftServerConfigKeys (ConfUtils.java:logGet(43)) - raft.server.log.corruption.policy = EXCEPTION (default)
2019-10-18 07:53:57,944 [pool-37-thread-1] INFO  server.RaftServerConfigKeys (ConfUtils.java:logGet(43)) - raft.server.rpc.timeout.min = 5s (custom)
2019-10-18 07:53:57,944 [pool-77-thread-1] INFO  storage.RaftStorageDirectory (RaftStorageDirectory.java:analyzeStorage(246)) - The storage directory /workdir/hadoop-ozone/integration-test/target/test-dir/MiniOzoneClusterImpl-58fc3ecd-0fbd-4e7b-a09c-4106a93dde4d/datanode-5/data/ratis/91b36e13-0f7f-4f29-a48b-44dfb7306c88 does not exist. Creating ...
2019-10-18 07:53:57,944 [pool-37-thread-1] INFO  server.RaftServerConfigKeys (ConfUtils.java:logGet(43)) - raft.server.rpc.timeout.max = 5200ms (custom)
2019-10-18 07:53:57,944 [pool-57-thread-1] INFO  impl.RaftServerImpl (RaftServerImpl.java:<init>(104)) - 0fc43408-9179-47bd-a807-e56cc33d805e: new RaftServerImpl for group-44DFB7306C88:[0fc43408-9179-47bd-a807-e56cc33d805e:192.168.69.67:34615, 9334f5f3-1c9b-4a41-9735-40b3bdb856ca:192.168.69.67:35940, a3fa570c-ae50-443c-8ab2-043428e82a24:192.168.69.67:36282] with ContainerStateMachine:uninitialized
2019-10-18 07:53:57,944 [pool-37-thread-1] INFO  server.RaftServerConfigKeys (ConfUtils.java:logGet(43)) - raft.server.rpcslowness.timeout = 120s (custom)
2019-10-18 07:53:57,945 [pool-57-thread-1] INFO  server.RaftServerConfigKeys (ConfUtils.java:logGet(43)) - raft.server.rpc.timeout.min = 5s (custom)
2019-10-18 07:53:57,945 [pool-37-thread-1] INFO  server.RaftServerConfigKeys (ConfUtils.java:logGet(43)) - raft.server.sleep.deviation.threshold = 300 (default)
2019-10-18 07:53:57,945 [pool-57-thread-1] INFO  server.RaftServerConfigKeys (ConfUtils.java:logGet(43)) - raft.server.rpc.timeout.max = 5200ms (custom)
2019-10-18 07:53:57,945 [pool-37-thread-1] INFO  server.RaftServerConfigKeys (ConfUtils.java:logGet(43)) - raft.server.log.appender.install.snapshot.enabled = false (custom)
2019-10-18 07:53:57,945 [pool-57-thread-1] INFO  server.RaftServerConfigKeys (ConfUtils.java:logGet(43)) - raft.server.rpcslowness.timeout = 120s (custom)
2019-10-18 07:53:57,945 [pool-37-thread-1] INFO  impl.RaftServerImpl (ServerState.java:<init>(103)) - 9334f5f3-1c9b-4a41-9735-40b3bdb856ca@group-44DFB7306C88: ConfigurationManager, init=-1: [0fc43408-9179-47bd-a807-e56cc33d805e:192.168.69.67:34615, 9334f5f3-1c9b-4a41-9735-40b3bdb856ca:192.168.69.67:35940, a3fa570c-ae50-443c-8ab2-043428e82a24:192.168.69.67:36282], old=null, confs=<EMPTY_MAP>
2019-10-18 07:53:57,945 [pool-57-thread-1] INFO  server.RaftServerConfigKeys (ConfUtils.java:logGet(43)) - raft.server.sleep.deviation.threshold = 300 (default)
2019-10-18 07:53:57,946 [pool-57-thread-1] INFO  server.RaftServerConfigKeys (ConfUtils.java:logGet(43)) - raft.server.log.appender.install.snapshot.enabled = false (custom)
2019-10-18 07:53:57,946 [pool-37-thread-1] INFO  server.RaftServerConfigKeys (ConfUtils.java:logGet(43)) - raft.server.storage.dir = [/workdir/hadoop-ozone/integration-test/target/test-dir/MiniOzoneClusterImpl-58fc3ecd-0fbd-4e7b-a09c-4106a93dde4d/datanode-1/data/ratis] (custom)
2019-10-18 07:53:57,946 [pool-57-thread-1] INFO  impl.RaftServerImpl (ServerState.java:<init>(103)) - 0fc43408-9179-47bd-a807-e56cc33d805e@group-44DFB7306C88: ConfigurationManager, init=-1: [0fc43408-9179-47bd-a807-e56cc33d805e:192.168.69.67:34615, 9334f5f3-1c9b-4a41-9735-40b3bdb856ca:192.168.69.67:35940, a3fa570c-ae50-443c-8ab2-043428e82a24:192.168.69.67:36282], old=null, confs=<EMPTY_MAP>
2019-10-18 07:53:57,946 [pool-57-thread-1] INFO  server.RaftServerConfigKeys (ConfUtils.java:logGet(43)) - raft.server.storage.dir = [/workdir/hadoop-ozone/integration-test/target/test-dir/MiniOzoneClusterImpl-58fc3ecd-0fbd-4e7b-a09c-4106a93dde4d/datanode-3/data/ratis] (custom)
2019-10-18 07:53:57,946 [pool-37-thread-1] INFO  server.RaftServerConfigKeys (ConfUtils.java:logGet(43)) - raft.server.log.corruption.policy = EXCEPTION (default)
2019-10-18 07:53:57,946 [pool-57-thread-1] INFO  server.RaftServerConfigKeys (ConfUtils.java:logGet(43)) - raft.server.log.corruption.policy = EXCEPTION (default)
2019-10-18 07:53:57,946 [pool-37-thread-1] INFO  storage.RaftStorageDirectory (RaftStorageDirectory.java:analyzeStorage(246)) - The storage directory /workdir/hadoop-ozone/integration-test/target/test-dir/MiniOzoneClusterImpl-58fc3ecd-0fbd-4e7b-a09c-4106a93dde4d/datanode-1/data/ratis/91b36e13-0f7f-4f29-a48b-44dfb7306c88 does not exist. Creating ...
2019-10-18 07:53:57,946 [pool-57-thread-1] INFO  storage.RaftStorageDirectory (RaftStorageDirectory.java:analyzeStorage(246)) - The storage directory /workdir/hadoop-ozone/integration-test/target/test-dir/MiniOzoneClusterImpl-58fc3ecd-0fbd-4e7b-a09c-4106a93dde4d/datanode-3/data/ratis/91b36e13-0f7f-4f29-a48b-44dfb7306c88 does not exist. Creating ...
2019-10-18 07:53:57,954 [pool-37-thread-1] INFO  storage.RaftStorageDirectory (RaftStorageDirectory.java:tryLock(328)) - Lock on /workdir/hadoop-ozone/integration-test/target/test-dir/MiniOzoneClusterImpl-58fc3ecd-0fbd-4e7b-a09c-4106a93dde4d/datanode-1/data/ratis/91b36e13-0f7f-4f29-a48b-44dfb7306c88/in_use.lock acquired by nodename 22103@pr-hdds-1868-wx8dl-4219780377
2019-10-18 07:53:57,954 [pool-77-thread-1] INFO  storage.RaftStorageDirectory (RaftStorageDirectory.java:tryLock(328)) - Lock on /workdir/hadoop-ozone/integration-test/target/test-dir/MiniOzoneClusterImpl-58fc3ecd-0fbd-4e7b-a09c-4106a93dde4d/datanode-5/data/ratis/91b36e13-0f7f-4f29-a48b-44dfb7306c88/in_use.lock acquired by nodename 22103@pr-hdds-1868-wx8dl-4219780377
2019-10-18 07:53:57,954 [pool-57-thread-1] INFO  storage.RaftStorageDirectory (RaftStorageDirectory.java:tryLock(328)) - Lock on /workdir/hadoop-ozone/integration-test/target/test-dir/MiniOzoneClusterImpl-58fc3ecd-0fbd-4e7b-a09c-4106a93dde4d/datanode-3/data/ratis/91b36e13-0f7f-4f29-a48b-44dfb7306c88/in_use.lock acquired by nodename 22103@pr-hdds-1868-wx8dl-4219780377
2019-10-18 07:53:57,980 [pool-57-thread-1] INFO  storage.RaftStorage (RaftStorage.java:format(84)) - Storage directory /workdir/hadoop-ozone/integration-test/target/test-dir/MiniOzoneClusterImpl-58fc3ecd-0fbd-4e7b-a09c-4106a93dde4d/datanode-3/data/ratis/91b36e13-0f7f-4f29-a48b-44dfb7306c88 has been successfully formatted.
2019-10-18 07:53:57,980 [pool-77-thread-1] INFO  storage.RaftStorage (RaftStorage.java:format(84)) - Storage directory /workdir/hadoop-ozone/integration-test/target/test-dir/MiniOzoneClusterImpl-58fc3ecd-0fbd-4e7b-a09c-4106a93dde4d/datanode-5/data/ratis/91b36e13-0f7f-4f29-a48b-44dfb7306c88 has been successfully formatted.
2019-10-18 07:53:57,981 [pool-57-thread-1] INFO  ratis.ContainerStateMachine (ContainerStateMachine.java:loadSnapshot(233)) - group-44DFB7306C88: The snapshot info is null. Setting the last applied indexto:(t:0, i:~)
2019-10-18 07:53:57,980 [pool-37-thread-1] INFO  storage.RaftStorage (RaftStorage.java:format(84)) - Storage directory /workdir/hadoop-ozone/integration-test/target/test-dir/MiniOzoneClusterImpl-58fc3ecd-0fbd-4e7b-a09c-4106a93dde4d/datanode-1/data/ratis/91b36e13-0f7f-4f29-a48b-44dfb7306c88 has been successfully formatted.
2019-10-18 07:53:57,981 [pool-77-thread-1] INFO  ratis.ContainerStateMachine (ContainerStateMachine.java:loadSnapshot(233)) - group-44DFB7306C88: The snapshot info is null. Setting the last applied indexto:(t:0, i:~)
2019-10-18 07:53:57,981 [pool-57-thread-1] INFO  server.RaftServerConfigKeys (ConfUtils.java:logGet(43)) - raft.server.notification.no-leader.timeout = 120s (custom)
2019-10-18 07:53:57,981 [pool-77-thread-1] INFO  server.RaftServerConfigKeys (ConfUtils.java:logGet(43)) - raft.server.notification.no-leader.timeout = 120s (custom)
2019-10-18 07:53:57,981 [pool-37-thread-1] INFO  ratis.ContainerStateMachine (ContainerStateMachine.java:loadSnapshot(233)) - group-44DFB7306C88: The snapshot info is null. Setting the last applied indexto:(t:0, i:~)
2019-10-18 07:53:57,981 [pool-77-thread-1] INFO  server.RaftServerConfigKeys (ConfUtils.java:logGet(43)) - raft.server.log.use.memory = false (default)
2019-10-18 07:53:57,981 [pool-57-thread-1] INFO  server.RaftServerConfigKeys (ConfUtils.java:logGet(43)) - raft.server.log.use.memory = false (default)
2019-10-18 07:53:57,982 [pool-77-thread-1] INFO  server.RaftServerConfigKeys (ConfUtils.java:logGet(43)) - raft.server.log.purge.gap = 1000000 (custom)
2019-10-18 07:53:57,981 [pool-37-thread-1] INFO  server.RaftServerConfigKeys (ConfUtils.java:logGet(43)) - raft.server.notification.no-leader.timeout = 120s (custom)
2019-10-18 07:53:57,982 [pool-77-thread-1] INFO  server.RaftServerConfigKeys (ConfUtils.java:logGet(43)) - raft.server.log.appender.buffer.byte-limit = 33554432 (custom)
2019-10-18 07:53:57,982 [pool-57-thread-1] INFO  server.RaftServerConfigKeys (ConfUtils.java:logGet(43)) - raft.server.log.purge.gap = 1000000 (custom)
2019-10-18 07:53:57,982 [pool-77-thread-1] INFO  server.RaftServerConfigKeys (ConfUtils.java:logGet(43)) - raft.server.log.segment.size.max = 1048576 (custom)
2019-10-18 07:53:57,982 [pool-37-thread-1] INFO  server.RaftServerConfigKeys (ConfUtils.java:logGet(43)) - raft.server.log.use.memory = false (default)
2019-10-18 07:53:57,983 [pool-77-thread-1] INFO  server.RaftServerConfigKeys (ConfUtils.java:logGet(43)) - raft.server.log.segment.cache.num.max = 2 (custom)
2019-10-18 07:53:57,982 [pool-57-thread-1] INFO  server.RaftServerConfigKeys (ConfUtils.java:logGet(43)) - raft.server.log.appender.buffer.byte-limit = 33554432 (custom)
2019-10-18 07:53:57,983 [pool-77-thread-1] INFO  segmented.SegmentedRaftLogWorker (SegmentedRaftLogWorker.java:<init>(173)) - new a3fa570c-ae50-443c-8ab2-043428e82a24@group-44DFB7306C88-SegmentedRaftLogWorker for RaftStorage:Storage Directory /workdir/hadoop-ozone/integration-test/target/test-dir/MiniOzoneClusterImpl-58fc3ecd-0fbd-4e7b-a09c-4106a93dde4d/datanode-5/data/ratis/91b36e13-0f7f-4f29-a48b-44dfb7306c88
2019-10-18 07:53:57,983 [pool-37-thread-1] INFO  server.RaftServerConfigKeys (ConfUtils.java:logGet(43)) - raft.server.log.purge.gap = 1000000 (custom)
2019-10-18 07:53:57,983 [pool-77-thread-1] INFO  server.RaftServerConfigKeys (ConfUtils.java:logGet(43)) - raft.server.log.queue.byte-limit = 2147483647 (custom)
2019-10-18 07:53:57,983 [pool-57-thread-1] INFO  server.RaftServerConfigKeys (ConfUtils.java:logGet(43)) - raft.server.log.segment.size.max = 1048576 (custom)
2019-10-18 07:53:57,983 [pool-77-thread-1] INFO  server.RaftServerConfigKeys (ConfUtils.java:logGet(43)) - raft.server.log.queue.element-limit = 1024 (custom)
2019-10-18 07:53:57,983 [pool-37-thread-1] INFO  server.RaftServerConfigKeys (ConfUtils.java:logGet(43)) - raft.server.log.appender.buffer.byte-limit = 33554432 (custom)
2019-10-18 07:53:57,984 [pool-77-thread-1] INFO  server.RaftServerConfigKeys (ConfUtils.java:logGet(43)) - raft.server.log.segment.size.max = 1048576 (custom)
2019-10-18 07:53:57,984 [pool-57-thread-1] INFO  server.RaftServerConfigKeys (ConfUtils.java:logGet(43)) - raft.server.log.segment.cache.num.max = 2 (custom)
2019-10-18 07:53:57,984 [pool-77-thread-1] INFO  server.RaftServerConfigKeys (ConfUtils.java:logGet(43)) - raft.server.log.preallocated.size = 16384 (custom)
2019-10-18 07:53:57,984 [pool-37-thread-1] INFO  server.RaftServerConfigKeys (ConfUtils.java:logGet(43)) - raft.server.log.segment.size.max = 1048576 (custom)
2019-10-18 07:53:57,984 [pool-77-thread-1] INFO  server.RaftServerConfigKeys (ConfUtils.java:logGet(43)) - raft.server.log.write.buffer.size = 33554432 (custom)
2019-10-18 07:53:57,984 [pool-57-thread-1] INFO  segmented.SegmentedRaftLogWorker (SegmentedRaftLogWorker.java:<init>(173)) - new 0fc43408-9179-47bd-a807-e56cc33d805e@group-44DFB7306C88-SegmentedRaftLogWorker for RaftStorage:Storage Directory /workdir/hadoop-ozone/integration-test/target/test-dir/MiniOzoneClusterImpl-58fc3ecd-0fbd-4e7b-a09c-4106a93dde4d/datanode-3/data/ratis/91b36e13-0f7f-4f29-a48b-44dfb7306c88
2019-10-18 07:53:57,985 [pool-77-thread-1] INFO  server.RaftServerConfigKeys (ConfUtils.java:logGet(43)) - raft.server.log.force.sync.num = 128 (default)
2019-10-18 07:53:57,984 [pool-37-thread-1] INFO  server.RaftServerConfigKeys (ConfUtils.java:logGet(43)) - raft.server.log.segment.cache.num.max = 2 (custom)
2019-10-18 07:53:57,985 [pool-77-thread-1] INFO  server.RaftServerConfigKeys (ConfUtils.java:logGet(43)) - raft.server.log.statemachine.data.sync = true (default)
2019-10-18 07:53:57,985 [pool-57-thread-1] INFO  server.RaftServerConfigKeys (ConfUtils.java:logGet(43)) - raft.server.log.queue.byte-limit = 2147483647 (custom)
2019-10-18 07:53:57,985 [pool-77-thread-1] INFO  server.RaftServerConfigKeys (ConfUtils.java:logGet(43)) - raft.server.log.statemachine.data.sync.timeout = 10s (default)
2019-10-18 07:53:57,985 [pool-37-thread-1] INFO  segmented.SegmentedRaftLogWorker (SegmentedRaftLogWorker.java:<init>(173)) - new 9334f5f3-1c9b-4a41-9735-40b3bdb856ca@group-44DFB7306C88-SegmentedRaftLogWorker for RaftStorage:Storage Directory /workdir/hadoop-ozone/integration-test/target/test-dir/MiniOzoneClusterImpl-58fc3ecd-0fbd-4e7b-a09c-4106a93dde4d/datanode-1/data/ratis/91b36e13-0f7f-4f29-a48b-44dfb7306c88
2019-10-18 07:53:57,985 [pool-77-thread-1] INFO  server.RaftServerConfigKeys (ConfUtils.java:logGet(43)) - raft.server.log.statemachine.data.sync.timeout.retry = -1 (default)
2019-10-18 07:53:57,985 [pool-57-thread-1] INFO  server.RaftServerConfigKeys (ConfUtils.java:logGet(43)) - raft.server.log.queue.element-limit = 1024 (custom)
2019-10-18 07:53:57,986 [pool-77-thread-1] INFO  server.RaftServerConfigKeys (ConfUtils.java:logGet(43)) - raft.server.log.statemachine.data.caching.enabled = true (custom)
2019-10-18 07:53:57,986 [pool-37-thread-1] INFO  server.RaftServerConfigKeys (ConfUtils.java:logGet(43)) - raft.server.log.queue.byte-limit = 2147483647 (custom)
2019-10-18 07:53:57,986 [pool-57-thread-1] INFO  server.RaftServerConfigKeys (ConfUtils.java:logGet(43)) - raft.server.log.segment.size.max = 1048576 (custom)
2019-10-18 07:53:57,986 [pool-77-thread-1] INFO  segmented.SegmentedRaftLogWorker (SegmentedRaftLogWorker.java:lambda$new$0(128)) - a3fa570c-ae50-443c-8ab2-043428e82a24@group-44DFB7306C88-SegmentedRaftLogWorker: flushIndex: setUnconditionally 0 -> -1
2019-10-18 07:53:57,986 [pool-37-thread-1] INFO  server.RaftServerConfigKeys (ConfUtils.java:logGet(43)) - raft.server.log.queue.element-limit = 1024 (custom)
2019-10-18 07:53:57,986 [pool-57-thread-1] INFO  server.RaftServerConfigKeys (ConfUtils.java:logGet(43)) - raft.server.log.preallocated.size = 16384 (custom)
2019-10-18 07:53:57,987 [pool-77-thread-1] INFO  server.RaftServerConfigKeys (ConfUtils.java:logGet(43)) - raft.server.snapshot.auto.trigger.enabled = true (custom)
2019-10-18 07:53:57,987 [pool-37-thread-1] INFO  server.RaftServerConfigKeys (ConfUtils.java:logGet(43)) - raft.server.log.segment.size.max = 1048576 (custom)
2019-10-18 07:53:57,987 [pool-77-thread-1] INFO  server.RaftServerConfigKeys (ConfUtils.java:logGet(43)) - raft.server.snapshot.auto.trigger.threshold = 10000 (custom)
2019-10-18 07:53:57,987 [pool-57-thread-1] INFO  server.RaftServerConfigKeys (ConfUtils.java:logGet(43)) - raft.server.log.write.buffer.size = 33554432 (custom)
2019-10-18 07:53:57,987 [pool-77-thread-1] INFO  server.RaftServerConfigKeys (ConfUtils.java:logGet(43)) - raft.server.snapshot.retention.file.num = 5 (custom)
2019-10-18 07:53:57,987 [pool-37-thread-1] INFO  server.RaftServerConfigKeys (ConfUtils.java:logGet(43)) - raft.server.log.preallocated.size = 16384 (custom)
2019-10-18 07:53:57,988 [pool-77-thread-1] INFO  server.RaftServerConfigKeys (ConfUtils.java:logGet(43)) - raft.server.retrycache.expirytime = 600000ms (custom)
2019-10-18 07:53:57,988 [pool-57-thread-1] INFO  server.RaftServerConfigKeys (ConfUtils.java:logGet(43)) - raft.server.log.force.sync.num = 128 (default)
2019-10-18 07:53:57,988 [pool-37-thread-1] INFO  server.RaftServerConfigKeys (ConfUtils.java:logGet(43)) - raft.server.log.write.buffer.size = 33554432 (custom)
2019-10-18 07:53:57,988 [pool-57-thread-1] INFO  server.RaftServerConfigKeys (ConfUtils.java:logGet(43)) - raft.server.log.statemachine.data.sync = true (default)
2019-10-18 07:53:57,988 [pool-37-thread-1] INFO  server.RaftServerConfigKeys (ConfUtils.java:logGet(43)) - raft.server.log.force.sync.num = 128 (default)
2019-10-18 07:53:57,989 [pool-57-thread-1] INFO  server.RaftServerConfigKeys (ConfUtils.java:logGet(43)) - raft.server.log.statemachine.data.sync.timeout = 10s (default)
2019-10-18 07:53:57,989 [pool-37-thread-1] INFO  server.RaftServerConfigKeys (ConfUtils.java:logGet(43)) - raft.server.log.statemachine.data.sync = true (default)
2019-10-18 07:53:57,989 [pool-57-thread-1] INFO  server.RaftServerConfigKeys (ConfUtils.java:logGet(43)) - raft.server.log.statemachine.data.sync.timeout.retry = -1 (default)
2019-10-18 07:53:57,989 [pool-37-thread-1] INFO  server.RaftServerConfigKeys (ConfUtils.java:logGet(43)) - raft.server.log.statemachine.data.sync.timeout = 10s (default)
2019-10-18 07:53:57,989 [pool-57-thread-1] INFO  server.RaftServerConfigKeys (ConfUtils.java:logGet(43)) - raft.server.log.statemachine.data.caching.enabled = true (custom)
2019-10-18 07:53:57,989 [pool-37-thread-1] INFO  server.RaftServerConfigKeys (ConfUtils.java:logGet(43)) - raft.server.log.statemachine.data.sync.timeout.retry = -1 (default)
2019-10-18 07:53:57,990 [pool-57-thread-1] INFO  segmented.SegmentedRaftLogWorker (SegmentedRaftLogWorker.java:lambda$new$0(128)) - 0fc43408-9179-47bd-a807-e56cc33d805e@group-44DFB7306C88-SegmentedRaftLogWorker: flushIndex: setUnconditionally 0 -> -1
2019-10-18 07:53:57,990 [pool-37-thread-1] INFO  server.RaftServerConfigKeys (ConfUtils.java:logGet(43)) - raft.server.log.statemachine.data.caching.enabled = true (custom)
2019-10-18 07:53:57,990 [pool-57-thread-1] INFO  server.RaftServerConfigKeys (ConfUtils.java:logGet(43)) - raft.server.snapshot.auto.trigger.enabled = true (custom)
2019-10-18 07:53:57,990 [pool-57-thread-1] INFO  server.RaftServerConfigKeys (ConfUtils.java:logGet(43)) - raft.server.snapshot.auto.trigger.threshold = 10000 (custom)
2019-10-18 07:53:57,990 [pool-37-thread-1] INFO  segmented.SegmentedRaftLogWorker (SegmentedRaftLogWorker.java:lambda$new$0(128)) - 9334f5f3-1c9b-4a41-9735-40b3bdb856ca@group-44DFB7306C88-SegmentedRaftLogWorker: flushIndex: setUnconditionally 0 -> -1
2019-10-18 07:53:57,990 [pool-57-thread-1] INFO  server.RaftServerConfigKeys (ConfUtils.java:logGet(43)) - raft.server.snapshot.retention.file.num = 5 (custom)
2019-10-18 07:53:57,991 [pool-57-thread-1] INFO  server.RaftServerConfigKeys (ConfUtils.java:logGet(43)) - raft.server.retrycache.expirytime = 600000ms (custom)
2019-10-18 07:53:57,991 [pool-37-thread-1] INFO  server.RaftServerConfigKeys (ConfUtils.java:logGet(43)) - raft.server.snapshot.auto.trigger.enabled = true (custom)
2019-10-18 07:53:57,991 [pool-37-thread-1] INFO  server.RaftServerConfigKeys (ConfUtils.java:logGet(43)) - raft.server.snapshot.auto.trigger.threshold = 10000 (custom)
2019-10-18 07:53:57,991 [pool-37-thread-1] INFO  server.RaftServerConfigKeys (ConfUtils.java:logGet(43)) - raft.server.snapshot.retention.file.num = 5 (custom)
2019-10-18 07:53:57,992 [pool-37-thread-1] INFO  server.RaftServerConfigKeys (ConfUtils.java:logGet(43)) - raft.server.retrycache.expirytime = 600000ms (custom)
2019-10-18 07:53:57,992 [pool-77-thread-1] INFO  impl.RaftServerImpl (RaftServerImpl.java:start(195)) - a3fa570c-ae50-443c-8ab2-043428e82a24@group-44DFB7306C88: start as a follower, conf=-1: [0fc43408-9179-47bd-a807-e56cc33d805e:192.168.69.67:34615, 9334f5f3-1c9b-4a41-9735-40b3bdb856ca:192.168.69.67:35940, a3fa570c-ae50-443c-8ab2-043428e82a24:192.168.69.67:36282], old=null
2019-10-18 07:53:57,992 [pool-77-thread-1] INFO  impl.RaftServerImpl (RaftServerImpl.java:setRole(184)) - a3fa570c-ae50-443c-8ab2-043428e82a24@group-44DFB7306C88: changes role from      null to FOLLOWER at term 0 for startAsFollower
2019-10-18 07:53:57,992 [pool-77-thread-1] INFO  impl.RoleInfo (RoleInfo.java:updateAndGet(143)) - a3fa570c-ae50-443c-8ab2-043428e82a24: start FollowerState
2019-10-18 07:53:57,993 [pool-77-thread-1] INFO  util.JmxRegister (JmxRegister.java:tryRegister(44)) - Successfully registered JMX Bean with object name Ratis:service=RaftServer,group=group-44DFB7306C88,id=a3fa570c-ae50-443c-8ab2-043428e82a24
2019-10-18 07:53:57,997 [pool-57-thread-1] INFO  impl.RaftServerImpl (RaftServerImpl.java:start(195)) - 0fc43408-9179-47bd-a807-e56cc33d805e@group-44DFB7306C88: start as a follower, conf=-1: [0fc43408-9179-47bd-a807-e56cc33d805e:192.168.69.67:34615, 9334f5f3-1c9b-4a41-9735-40b3bdb856ca:192.168.69.67:35940, a3fa570c-ae50-443c-8ab2-043428e82a24:192.168.69.67:36282], old=null
2019-10-18 07:53:57,997 [pool-57-thread-1] INFO  impl.RaftServerImpl (RaftServerImpl.java:setRole(184)) - 0fc43408-9179-47bd-a807-e56cc33d805e@group-44DFB7306C88: changes role from      null to FOLLOWER at term 0 for startAsFollower
2019-10-18 07:53:57,997 [pool-57-thread-1] INFO  impl.RoleInfo (RoleInfo.java:updateAndGet(143)) - 0fc43408-9179-47bd-a807-e56cc33d805e: start FollowerState
2019-10-18 07:53:57,998 [pool-57-thread-1] INFO  util.JmxRegister (JmxRegister.java:tryRegister(44)) - Successfully registered JMX Bean with object name Ratis:service=RaftServer,group=group-44DFB7306C88,id=0fc43408-9179-47bd-a807-e56cc33d805e
2019-10-18 07:53:57,998 [pool-37-thread-1] INFO  impl.RaftServerImpl (RaftServerImpl.java:start(195)) - 9334f5f3-1c9b-4a41-9735-40b3bdb856ca@group-44DFB7306C88: start as a follower, conf=-1: [0fc43408-9179-47bd-a807-e56cc33d805e:192.168.69.67:34615, 9334f5f3-1c9b-4a41-9735-40b3bdb856ca:192.168.69.67:35940, a3fa570c-ae50-443c-8ab2-043428e82a24:192.168.69.67:36282], old=null
2019-10-18 07:53:57,998 [pool-37-thread-1] INFO  impl.RaftServerImpl (RaftServerImpl.java:setRole(184)) - 9334f5f3-1c9b-4a41-9735-40b3bdb856ca@group-44DFB7306C88: changes role from      null to FOLLOWER at term 0 for startAsFollower
2019-10-18 07:53:57,998 [pool-37-thread-1] INFO  impl.RoleInfo (RoleInfo.java:updateAndGet(143)) - 9334f5f3-1c9b-4a41-9735-40b3bdb856ca: start FollowerState
2019-10-18 07:53:57,999 [pool-37-thread-1] INFO  util.JmxRegister (JmxRegister.java:tryRegister(44)) - Successfully registered JMX Bean with object name Ratis:service=RaftServer,group=group-44DFB7306C88,id=9334f5f3-1c9b-4a41-9735-40b3bdb856ca
2019-10-18 07:53:58,015 [Thread-250] INFO  impl.FollowerState (FollowerState.java:run(108)) - 3d3aac8b-d4d1-454d-bf0c-88a180692893@group-D06B23CFB148-FollowerState: change to CANDIDATE, lastRpcTime:172ms, electionTimeout:171ms
2019-10-18 07:53:58,016 [Thread-250] INFO  impl.RoleInfo (RoleInfo.java:shutdownFollowerState(121)) - 3d3aac8b-d4d1-454d-bf0c-88a180692893: shutdown FollowerState
2019-10-18 07:53:58,016 [Thread-250] INFO  impl.RaftServerImpl (RaftServerImpl.java:setRole(184)) - 3d3aac8b-d4d1-454d-bf0c-88a180692893@group-D06B23CFB148: changes role from  FOLLOWER to CANDIDATE at term 0 for changeToCandidate
2019-10-18 07:53:58,016 [Thread-250] INFO  impl.RoleInfo (RoleInfo.java:updateAndGet(143)) - 3d3aac8b-d4d1-454d-bf0c-88a180692893: start LeaderElection
2019-10-18 07:53:58,035 [3d3aac8b-d4d1-454d-bf0c-88a180692893@group-D06B23CFB148-LeaderElection6] INFO  impl.LeaderElection (LeaderElection.java:askForVotes(178)) - 3d3aac8b-d4d1-454d-bf0c-88a180692893@group-D06B23CFB148-LeaderElection6: begin an election at term 1 for -1: [3d3aac8b-d4d1-454d-bf0c-88a180692893:192.168.69.67:34429], old=null
2019-10-18 07:53:58,036 [3d3aac8b-d4d1-454d-bf0c-88a180692893@group-D06B23CFB148-LeaderElection6] INFO  impl.RoleInfo (RoleInfo.java:shutdownLeaderElection(134)) - 3d3aac8b-d4d1-454d-bf0c-88a180692893: shutdown LeaderElection
2019-10-18 07:53:58,037 [3d3aac8b-d4d1-454d-bf0c-88a180692893@group-D06B23CFB148-LeaderElection6] INFO  impl.RaftServerImpl (RaftServerImpl.java:setRole(184)) - 3d3aac8b-d4d1-454d-bf0c-88a180692893@group-D06B23CFB148: changes role from CANDIDATE to LEADER at term 1 for changeToLeader
2019-10-18 07:53:58,037 [3d3aac8b-d4d1-454d-bf0c-88a180692893@group-D06B23CFB148-LeaderElection6] INFO  ratis.XceiverServerRatis (XceiverServerRatis.java:handleLeaderChangedNotification(699)) - Leader change notification received for group: group-D06B23CFB148 with new leaderId: 3d3aac8b-d4d1-454d-bf0c-88a180692893
2019-10-18 07:53:58,038 [3d3aac8b-d4d1-454d-bf0c-88a180692893@group-D06B23CFB148-LeaderElection6] INFO  impl.RaftServerImpl (ServerState.java:setLeader(256)) - 3d3aac8b-d4d1-454d-bf0c-88a180692893@group-D06B23CFB148: change Leader from null to 3d3aac8b-d4d1-454d-bf0c-88a180692893 at term 1 for becomeLeader, leader elected after 211ms
2019-10-18 07:53:58,039 [3d3aac8b-d4d1-454d-bf0c-88a180692893@group-D06B23CFB148-LeaderElection6] INFO  server.RaftServerConfigKeys (ConfUtils.java:logGet(43)) - raft.server.staging.catchup.gap = 1000 (default)
2019-10-18 07:53:58,039 [3d3aac8b-d4d1-454d-bf0c-88a180692893@group-D06B23CFB148-LeaderElection6] INFO  server.RaftServerConfigKeys (ConfUtils.java:logGet(43)) - raft.server.rpc.sleep.time = 25ms (default)
2019-10-18 07:53:58,041 [3d3aac8b-d4d1-454d-bf0c-88a180692893@group-D06B23CFB148-LeaderElection6] INFO  server.RaftServerConfigKeys (ConfUtils.java:logGet(43)) - raft.server.write.element-limit = 4096 (default)
2019-10-18 07:53:58,041 [RatisPipelineUtilsThread] INFO  pipeline.PipelineStateManager (PipelineStateManager.java:addPipeline(55)) - Created pipeline Pipeline[ Id: 91b36e13-0f7f-4f29-a48b-44dfb7306c88, Nodes: 0fc43408-9179-47bd-a807-e56cc33d805e{ip: 192.168.69.67, host: pr-hdds-1868-wx8dl-4219780377, networkLocation: /default-rack, certSerialId: null}a3fa570c-ae50-443c-8ab2-043428e82a24{ip: 192.168.69.67, host: pr-hdds-1868-wx8dl-4219780377, networkLocation: /default-rack, certSerialId: null}9334f5f3-1c9b-4a41-9735-40b3bdb856ca{ip: 192.168.69.67, host: pr-hdds-1868-wx8dl-4219780377, networkLocation: /default-rack, certSerialId: null}, Type:RATIS, Factor:THREE, State:ALLOCATED]
2019-10-18 07:53:58,041 [3d3aac8b-d4d1-454d-bf0c-88a180692893@group-D06B23CFB148-LeaderElection6] INFO  server.RaftServerConfigKeys (ConfUtils.java:logGet(43)) - raft.server.watch.timeout = 10s (default)
2019-10-18 07:53:58,042 [3d3aac8b-d4d1-454d-bf0c-88a180692893@group-D06B23CFB148-LeaderElection6] INFO  server.RaftServerConfigKeys (ConfUtils.java:logGet(43)) - raft.server.watch.timeout.denomination = 1s (default)
2019-10-18 07:53:58,042 [3d3aac8b-d4d1-454d-bf0c-88a180692893@group-D06B23CFB148-LeaderElection6] INFO  server.RaftServerConfigKeys (ConfUtils.java:logGet(43)) - raft.server.watch.element-limit = 65536 (default)
2019-10-18 07:53:58,053 [Thread-257] INFO  impl.FollowerState (FollowerState.java:run(108)) - 0fc43408-9179-47bd-a807-e56cc33d805e@group-44DFB7306C88-FollowerState: change to CANDIDATE, lastRpcTime:55ms, electionTimeout:55ms
2019-10-18 07:53:58,054 [Thread-257] INFO  impl.RoleInfo (RoleInfo.java:shutdownFollowerState(121)) - 0fc43408-9179-47bd-a807-e56cc33d805e: shutdown FollowerState
2019-10-18 07:53:58,054 [Thread-257] INFO  impl.RaftServerImpl (RaftServerImpl.java:setRole(184)) - 0fc43408-9179-47bd-a807-e56cc33d805e@group-44DFB7306C88: changes role from  FOLLOWER to CANDIDATE at term 0 for changeToCandidate
2019-10-18 07:53:58,054 [Thread-257] INFO  impl.RoleInfo (RoleInfo.java:updateAndGet(143)) - 0fc43408-9179-47bd-a807-e56cc33d805e: start LeaderElection
2019-10-18 07:53:58,057 [3d3aac8b-d4d1-454d-bf0c-88a180692893@group-D06B23CFB148-LeaderElection6] INFO  impl.RoleInfo (RoleInfo.java:updateAndGet(143)) - 3d3aac8b-d4d1-454d-bf0c-88a180692893: start LeaderState
2019-10-18 07:53:58,060 [3d3aac8b-d4d1-454d-bf0c-88a180692893@group-D06B23CFB148-LeaderElection6] INFO  segmented.SegmentedRaftLogWorker (SegmentedRaftLogWorker.java:startLogSegment(385)) - 3d3aac8b-d4d1-454d-bf0c-88a180692893@group-D06B23CFB148-SegmentedRaftLogWorker: Starting segment from index:0
2019-10-18 07:53:58,061 [3d3aac8b-d4d1-454d-bf0c-88a180692893@group-D06B23CFB148-LeaderElection6] INFO  impl.RaftServerImpl (ServerState.java:setRaftConf(357)) - 3d3aac8b-d4d1-454d-bf0c-88a180692893@group-D06B23CFB148: set configuration 0: [3d3aac8b-d4d1-454d-bf0c-88a180692893:192.168.69.67:34429], old=null at 0
2019-10-18 07:53:58,104 [0fc43408-9179-47bd-a807-e56cc33d805e@group-44DFB7306C88-LeaderElection7] INFO  impl.LeaderElection (LeaderElection.java:askForVotes(178)) - 0fc43408-9179-47bd-a807-e56cc33d805e@group-44DFB7306C88-LeaderElection7: begin an election at term 1 for -1: [0fc43408-9179-47bd-a807-e56cc33d805e:192.168.69.67:34615, 9334f5f3-1c9b-4a41-9735-40b3bdb856ca:192.168.69.67:35940, a3fa570c-ae50-443c-8ab2-043428e82a24:192.168.69.67:36282], old=null
2019-10-18 07:53:58,116 [3d3aac8b-d4d1-454d-bf0c-88a180692893@group-D06B23CFB148-SegmentedRaftLogWorker] INFO  segmented.SegmentedRaftLogWorker (SegmentedRaftLogWorker.java:execute(576)) - 3d3aac8b-d4d1-454d-bf0c-88a180692893@group-D06B23CFB148-SegmentedRaftLogWorker: created new log segment /workdir/hadoop-ozone/integration-test/target/test-dir/MiniOzoneClusterImpl-58fc3ecd-0fbd-4e7b-a09c-4106a93dde4d/datanode-2/data/ratis/bacbf59f-8bc6-447f-b735-d06b23cfb148/current/log_inprogress_0
2019-10-18 07:53:58,117 [grpc-default-executor-1] INFO  impl.RaftServerProxy (RaftServerProxy.java:addNew(89)) - 6fa005cd-25d6-4e29-bda6-9462a060c098: addNew group-D10ABF48B84E:[6fa005cd-25d6-4e29-bda6-9462a060c098:192.168.69.67:36093, 4b487190-7547-40c7-b780-43c37a89e8eb:192.168.69.67:39683, 3d3aac8b-d4d1-454d-bf0c-88a180692893:192.168.69.67:34429] returns group-D10ABF48B84E:java.util.concurrent.CompletableFuture@43cb1940[Not completed]
2019-10-18 07:53:58,117 [grpc-default-executor-0] INFO  impl.RaftServerProxy (RaftServerProxy.java:addNew(89)) - 4b487190-7547-40c7-b780-43c37a89e8eb: addNew group-D10ABF48B84E:[6fa005cd-25d6-4e29-bda6-9462a060c098:192.168.69.67:36093, 4b487190-7547-40c7-b780-43c37a89e8eb:192.168.69.67:39683, 3d3aac8b-d4d1-454d-bf0c-88a180692893:192.168.69.67:34429] returns group-D10ABF48B84E:java.util.concurrent.CompletableFuture@55361708[Not completed]
2019-10-18 07:53:58,117 [grpc-default-executor-2] INFO  impl.RaftServerProxy (RaftServerProxy.java:addNew(89)) - 3d3aac8b-d4d1-454d-bf0c-88a180692893: addNew group-D10ABF48B84E:[6fa005cd-25d6-4e29-bda6-9462a060c098:192.168.69.67:36093, 4b487190-7547-40c7-b780-43c37a89e8eb:192.168.69.67:39683, 3d3aac8b-d4d1-454d-bf0c-88a180692893:192.168.69.67:34429] returns group-D10ABF48B84E:java.util.concurrent.CompletableFuture@67d80fae[Not completed]
2019-10-18 07:53:58,119 [pool-27-thread-1] INFO  impl.RaftServerImpl (RaftServerImpl.java:<init>(104)) - 6fa005cd-25d6-4e29-bda6-9462a060c098: new RaftServerImpl for group-D10ABF48B84E:[6fa005cd-25d6-4e29-bda6-9462a060c098:192.168.69.67:36093, 4b487190-7547-40c7-b780-43c37a89e8eb:192.168.69.67:39683, 3d3aac8b-d4d1-454d-bf0c-88a180692893:192.168.69.67:34429] with ContainerStateMachine:uninitialized
2019-10-18 07:53:58,119 [pool-27-thread-1] INFO  server.RaftServerConfigKeys (ConfUtils.java:logGet(43)) - raft.server.rpc.timeout.min = 5s (custom)
2019-10-18 07:53:58,119 [pool-27-thread-1] INFO  server.RaftServerConfigKeys (ConfUtils.java:logGet(43)) - raft.server.rpc.timeout.max = 5200ms (custom)
2019-10-18 07:53:58,119 [pool-27-thread-1] INFO  server.RaftServerConfigKeys (ConfUtils.java:logGet(43)) - raft.server.rpcslowness.timeout = 120s (custom)
2019-10-18 07:53:58,119 [pool-27-thread-1] INFO  server.RaftServerConfigKeys (ConfUtils.java:logGet(43)) - raft.server.sleep.deviation.threshold = 300 (default)
2019-10-18 07:53:58,119 [pool-27-thread-1] INFO  server.RaftServerConfigKeys (ConfUtils.java:logGet(43)) - raft.server.log.appender.install.snapshot.enabled = false (custom)
2019-10-18 07:53:58,120 [pool-27-thread-1] INFO  impl.RaftServerImpl (ServerState.java:<init>(103)) - 6fa005cd-25d6-4e29-bda6-9462a060c098@group-D10ABF48B84E: ConfigurationManager, init=-1: [6fa005cd-25d6-4e29-bda6-9462a060c098:192.168.69.67:36093, 4b487190-7547-40c7-b780-43c37a89e8eb:192.168.69.67:39683, 3d3aac8b-d4d1-454d-bf0c-88a180692893:192.168.69.67:34429], old=null, confs=<EMPTY_MAP>
2019-10-18 07:53:58,120 [pool-27-thread-1] INFO  server.RaftServerConfigKeys (ConfUtils.java:logGet(43)) - raft.server.storage.dir = [/workdir/hadoop-ozone/integration-test/target/test-dir/MiniOzoneClusterImpl-58fc3ecd-0fbd-4e7b-a09c-4106a93dde4d/datanode-0/data/ratis] (custom)
2019-10-18 07:53:58,120 [pool-27-thread-1] INFO  server.RaftServerConfigKeys (ConfUtils.java:logGet(43)) - raft.server.log.corruption.policy = EXCEPTION (default)
2019-10-18 07:53:58,120 [pool-67-thread-1] INFO  impl.RaftServerImpl (RaftServerImpl.java:<init>(104)) - 4b487190-7547-40c7-b780-43c37a89e8eb: new RaftServerImpl for group-D10ABF48B84E:[6fa005cd-25d6-4e29-bda6-9462a060c098:192.168.69.67:36093, 4b487190-7547-40c7-b780-43c37a89e8eb:192.168.69.67:39683, 3d3aac8b-d4d1-454d-bf0c-88a180692893:192.168.69.67:34429] with ContainerStateMachine:uninitialized
2019-10-18 07:53:58,122 [pool-67-thread-1] INFO  server.RaftServerConfigKeys (ConfUtils.java:logGet(43)) - raft.server.rpc.timeout.min = 5s (custom)
2019-10-18 07:53:58,122 [pool-27-thread-1] INFO  storage.RaftStorageDirectory (RaftStorageDirectory.java:analyzeStorage(246)) - The storage directory /workdir/hadoop-ozone/integration-test/target/test-dir/MiniOzoneClusterImpl-58fc3ecd-0fbd-4e7b-a09c-4106a93dde4d/datanode-0/data/ratis/6aa9752f-bf34-44df-a863-d10abf48b84e does not exist. Creating ...
2019-10-18 07:53:58,122 [pool-67-thread-1] INFO  server.RaftServerConfigKeys (ConfUtils.java:logGet(43)) - raft.server.rpc.timeout.max = 5200ms (custom)
2019-10-18 07:53:58,123 [pool-67-thread-1] INFO  server.RaftServerConfigKeys (ConfUtils.java:logGet(43)) - raft.server.rpcslowness.timeout = 120s (custom)
2019-10-18 07:53:58,123 [pool-67-thread-1] INFO  server.RaftServerConfigKeys (ConfUtils.java:logGet(43)) - raft.server.sleep.deviation.threshold = 300 (default)
2019-10-18 07:53:58,123 [pool-47-thread-1] INFO  impl.RaftServerImpl (RaftServerImpl.java:<init>(104)) - 3d3aac8b-d4d1-454d-bf0c-88a180692893: new RaftServerImpl for group-D10ABF48B84E:[6fa005cd-25d6-4e29-bda6-9462a060c098:192.168.69.67:36093, 4b487190-7547-40c7-b780-43c37a89e8eb:192.168.69.67:39683, 3d3aac8b-d4d1-454d-bf0c-88a180692893:192.168.69.67:34429] with ContainerStateMachine:uninitialized
2019-10-18 07:53:58,124 [pool-67-thread-1] INFO  server.RaftServerConfigKeys (ConfUtils.java:logGet(43)) - raft.server.log.appender.install.snapshot.enabled = false (custom)
2019-10-18 07:53:58,125 [pool-47-thread-1] INFO  server.RaftServerConfigKeys (ConfUtils.java:logGet(43)) - raft.server.rpc.timeout.min = 5s (custom)
2019-10-18 07:53:58,125 [pool-67-thread-1] INFO  impl.RaftServerImpl (ServerState.java:<init>(103)) - 4b487190-7547-40c7-b780-43c37a89e8eb@group-D10ABF48B84E: ConfigurationManager, init=-1: [6fa005cd-25d6-4e29-bda6-9462a060c098:192.168.69.67:36093, 4b487190-7547-40c7-b780-43c37a89e8eb:192.168.69.67:39683, 3d3aac8b-d4d1-454d-bf0c-88a180692893:192.168.69.67:34429], old=null, confs=<EMPTY_MAP>
2019-10-18 07:53:58,125 [pool-47-thread-1] INFO  server.RaftServerConfigKeys (ConfUtils.java:logGet(43)) - raft.server.rpc.timeout.max = 5200ms (custom)
2019-10-18 07:53:58,126 [pool-47-thread-1] INFO  server.RaftServerConfigKeys (ConfUtils.java:logGet(43)) - raft.server.rpcslowness.timeout = 120s (custom)
2019-10-18 07:53:58,126 [pool-67-thread-1] INFO  server.RaftServerConfigKeys (ConfUtils.java:logGet(43)) - raft.server.storage.dir = [/workdir/hadoop-ozone/integration-test/target/test-dir/MiniOzoneClusterImpl-58fc3ecd-0fbd-4e7b-a09c-4106a93dde4d/datanode-4/data/ratis] (custom)
2019-10-18 07:53:58,126 [pool-47-thread-1] INFO  server.RaftServerConfigKeys (ConfUtils.java:logGet(43)) - raft.server.sleep.deviation.threshold = 300 (default)
2019-10-18 07:53:58,127 [pool-47-thread-1] INFO  server.RaftServerConfigKeys (ConfUtils.java:logGet(43)) - raft.server.log.appender.install.snapshot.enabled = false (custom)
2019-10-18 07:53:58,127 [pool-67-thread-1] INFO  server.RaftServerConfigKeys (ConfUtils.java:logGet(43)) - raft.server.log.corruption.policy = EXCEPTION (default)
2019-10-18 07:53:58,133 [pool-27-thread-1] INFO  storage.RaftStorageDirectory (RaftStorageDirectory.java:tryLock(328)) - Lock on /workdir/hadoop-ozone/integration-test/target/test-dir/MiniOzoneClusterImpl-58fc3ecd-0fbd-4e7b-a09c-4106a93dde4d/datanode-0/data/ratis/6aa9752f-bf34-44df-a863-d10abf48b84e/in_use.lock acquired by nodename 22103@pr-hdds-1868-wx8dl-4219780377
2019-10-18 07:53:58,133 [Thread-258] INFO  impl.FollowerState (FollowerState.java:run(108)) - 9334f5f3-1c9b-4a41-9735-40b3bdb856ca@group-44DFB7306C88-FollowerState: change to CANDIDATE, lastRpcTime:135ms, electionTimeout:134ms
2019-10-18 07:53:58,127 [pool-47-thread-1] INFO  impl.RaftServerImpl (ServerState.java:<init>(103)) - 3d3aac8b-d4d1-454d-bf0c-88a180692893@group-D10ABF48B84E: ConfigurationManager, init=-1: [6fa005cd-25d6-4e29-bda6-9462a060c098:192.168.69.67:36093, 4b487190-7547-40c7-b780-43c37a89e8eb:192.168.69.67:39683, 3d3aac8b-d4d1-454d-bf0c-88a180692893:192.168.69.67:34429], old=null, confs=<EMPTY_MAP>
2019-10-18 07:53:58,136 [Thread-258] INFO  impl.RoleInfo (RoleInfo.java:shutdownFollowerState(121)) - 9334f5f3-1c9b-4a41-9735-40b3bdb856ca: shutdown FollowerState
2019-10-18 07:53:58,136 [pool-67-thread-1] INFO  storage.RaftStorageDirectory (RaftStorageDirectory.java:analyzeStorage(246)) - The storage directory /workdir/hadoop-ozone/integration-test/target/test-dir/MiniOzoneClusterImpl-58fc3ecd-0fbd-4e7b-a09c-4106a93dde4d/datanode-4/data/ratis/6aa9752f-bf34-44df-a863-d10abf48b84e does not exist. Creating ...
2019-10-18 07:53:58,138 [pool-47-thread-1] INFO  server.RaftServerConfigKeys (ConfUtils.java:logGet(43)) - raft.server.storage.dir = [/workdir/hadoop-ozone/integration-test/target/test-dir/MiniOzoneClusterImpl-58fc3ecd-0fbd-4e7b-a09c-4106a93dde4d/datanode-2/data/ratis] (custom)
2019-10-18 07:53:58,138 [Thread-258] INFO  impl.RaftServerImpl (RaftServerImpl.java:setRole(184)) - 9334f5f3-1c9b-4a41-9735-40b3bdb856ca@group-44DFB7306C88: changes role from  FOLLOWER to CANDIDATE at term 0 for changeToCandidate
2019-10-18 07:53:58,139 [pool-47-thread-1] INFO  server.RaftServerConfigKeys (ConfUtils.java:logGet(43)) - raft.server.log.corruption.policy = EXCEPTION (default)
2019-10-18 07:53:58,139 [Thread-258] INFO  impl.RoleInfo (RoleInfo.java:updateAndGet(143)) - 9334f5f3-1c9b-4a41-9735-40b3bdb856ca: start LeaderElection
2019-10-18 07:53:58,139 [pool-47-thread-1] INFO  storage.RaftStorageDirectory (RaftStorageDirectory.java:analyzeStorage(246)) - The storage directory /workdir/hadoop-ozone/integration-test/target/test-dir/MiniOzoneClusterImpl-58fc3ecd-0fbd-4e7b-a09c-4106a93dde4d/datanode-2/data/ratis/6aa9752f-bf34-44df-a863-d10abf48b84e does not exist. Creating ...
2019-10-18 07:53:58,145 [Thread-256] INFO  impl.FollowerState (FollowerState.java:run(108)) - a3fa570c-ae50-443c-8ab2-043428e82a24@group-44DFB7306C88-FollowerState: change to CANDIDATE, lastRpcTime:152ms, electionTimeout:151ms
2019-10-18 07:53:58,146 [Thread-256] INFO  impl.RoleInfo (RoleInfo.java:shutdownFollowerState(121)) - a3fa570c-ae50-443c-8ab2-043428e82a24: shutdown FollowerState
2019-10-18 07:53:58,146 [Thread-256] INFO  impl.RaftServerImpl (RaftServerImpl.java:setRole(184)) - a3fa570c-ae50-443c-8ab2-043428e82a24@group-44DFB7306C88: changes role from  FOLLOWER to CANDIDATE at term 0 for changeToCandidate
2019-10-18 07:53:58,147 [Thread-256] INFO  impl.RoleInfo (RoleInfo.java:updateAndGet(143)) - a3fa570c-ae50-443c-8ab2-043428e82a24: start LeaderElection
2019-10-18 07:53:58,163 [pool-67-thread-1] INFO  storage.RaftStorageDirectory (RaftStorageDirectory.java:tryLock(328)) - Lock on /workdir/hadoop-ozone/integration-test/target/test-dir/MiniOzoneClusterImpl-58fc3ecd-0fbd-4e7b-a09c-4106a93dde4d/datanode-4/data/ratis/6aa9752f-bf34-44df-a863-d10abf48b84e/in_use.lock acquired by nodename 22103@pr-hdds-1868-wx8dl-4219780377
2019-10-18 07:53:58,163 [pool-27-thread-1] INFO  storage.RaftStorage (RaftStorage.java:format(84)) - Storage directory /workdir/hadoop-ozone/integration-test/target/test-dir/MiniOzoneClusterImpl-58fc3ecd-0fbd-4e7b-a09c-4106a93dde4d/datanode-0/data/ratis/6aa9752f-bf34-44df-a863-d10abf48b84e has been successfully formatted.
2019-10-18 07:53:58,163 [9334f5f3-1c9b-4a41-9735-40b3bdb856ca@group-44DFB7306C88-LeaderElection8] INFO  impl.LeaderElection (LeaderElection.java:askForVotes(178)) - 9334f5f3-1c9b-4a41-9735-40b3bdb856ca@group-44DFB7306C88-LeaderElection8: begin an election at term 1 for -1: [0fc43408-9179-47bd-a807-e56cc33d805e:192.168.69.67:34615, 9334f5f3-1c9b-4a41-9735-40b3bdb856ca:192.168.69.67:35940, a3fa570c-ae50-443c-8ab2-043428e82a24:192.168.69.67:36282], old=null
2019-10-18 07:53:58,163 [pool-47-thread-1] INFO  storage.RaftStorageDirectory (RaftStorageDirectory.java:tryLock(328)) - Lock on /workdir/hadoop-ozone/integration-test/target/test-dir/MiniOzoneClusterImpl-58fc3ecd-0fbd-4e7b-a09c-4106a93dde4d/datanode-2/data/ratis/6aa9752f-bf34-44df-a863-d10abf48b84e/in_use.lock acquired by nodename 22103@pr-hdds-1868-wx8dl-4219780377
2019-10-18 07:53:58,163 [pool-27-thread-1] INFO  ratis.ContainerStateMachine (ContainerStateMachine.java:loadSnapshot(233)) - group-D10ABF48B84E: The snapshot info is null. Setting the last applied indexto:(t:0, i:~)
2019-10-18 07:53:58,164 [pool-27-thread-1] INFO  server.RaftServerConfigKeys (ConfUtils.java:logGet(43)) - raft.server.notification.no-leader.timeout = 120s (custom)
2019-10-18 07:53:58,164 [pool-27-thread-1] INFO  server.RaftServerConfigKeys (ConfUtils.java:logGet(43)) - raft.server.log.use.memory = false (default)
2019-10-18 07:53:58,164 [pool-27-thread-1] INFO  server.RaftServerConfigKeys (ConfUtils.java:logGet(43)) - raft.server.log.purge.gap = 1000000 (custom)
2019-10-18 07:53:58,164 [pool-27-thread-1] INFO  server.RaftServerConfigKeys (ConfUtils.java:logGet(43)) - raft.server.log.appender.buffer.byte-limit = 33554432 (custom)
2019-10-18 07:53:58,164 [pool-27-thread-1] INFO  server.RaftServerConfigKeys (ConfUtils.java:logGet(43)) - raft.server.log.segment.size.max = 1048576 (custom)
2019-10-18 07:53:58,165 [pool-27-thread-1] INFO  server.RaftServerConfigKeys (ConfUtils.java:logGet(43)) - raft.server.log.segment.cache.num.max = 2 (custom)
2019-10-18 07:53:58,165 [pool-27-thread-1] INFO  segmented.SegmentedRaftLogWorker (SegmentedRaftLogWorker.java:<init>(173)) - new 6fa005cd-25d6-4e29-bda6-9462a060c098@group-D10ABF48B84E-SegmentedRaftLogWorker for RaftStorage:Storage Directory /workdir/hadoop-ozone/integration-test/target/test-dir/MiniOzoneClusterImpl-58fc3ecd-0fbd-4e7b-a09c-4106a93dde4d/datanode-0/data/ratis/6aa9752f-bf34-44df-a863-d10abf48b84e
2019-10-18 07:53:58,165 [pool-27-thread-1] INFO  server.RaftServerConfigKeys (ConfUtils.java:logGet(43)) - raft.server.log.queue.byte-limit = 2147483647 (custom)
2019-10-18 07:53:58,165 [pool-27-thread-1] INFO  server.RaftServerConfigKeys (ConfUtils.java:logGet(43)) - raft.server.log.queue.element-limit = 1024 (custom)
2019-10-18 07:53:58,165 [pool-27-thread-1] INFO  server.RaftServerConfigKeys (ConfUtils.java:logGet(43)) - raft.server.log.segment.size.max = 1048576 (custom)
2019-10-18 07:53:58,165 [pool-27-thread-1] INFO  server.RaftServerConfigKeys (ConfUtils.java:logGet(43)) - raft.server.log.preallocated.size = 16384 (custom)
2019-10-18 07:53:58,165 [pool-27-thread-1] INFO  server.RaftServerConfigKeys (ConfUtils.java:logGet(43)) - raft.server.log.write.buffer.size = 33554432 (custom)
2019-10-18 07:53:58,166 [pool-27-thread-1] INFO  server.RaftServerConfigKeys (ConfUtils.java:logGet(43)) - raft.server.log.force.sync.num = 128 (default)
2019-10-18 07:53:58,166 [pool-27-thread-1] INFO  server.RaftServerConfigKeys (ConfUtils.java:logGet(43)) - raft.server.log.statemachine.data.sync = true (default)
2019-10-18 07:53:58,166 [pool-27-thread-1] INFO  server.RaftServerConfigKeys (ConfUtils.java:logGet(43)) - raft.server.log.statemachine.data.sync.timeout = 10s (default)
2019-10-18 07:53:58,166 [pool-27-thread-1] INFO  server.RaftServerConfigKeys (ConfUtils.java:logGet(43)) - raft.server.log.statemachine.data.sync.timeout.retry = -1 (default)
2019-10-18 07:53:58,168 [pool-27-thread-1] INFO  server.RaftServerConfigKeys (ConfUtils.java:logGet(43)) - raft.server.log.statemachine.data.caching.enabled = true (custom)
2019-10-18 07:53:58,177 [pool-27-thread-1] INFO  segmented.SegmentedRaftLogWorker (SegmentedRaftLogWorker.java:lambda$new$0(128)) - 6fa005cd-25d6-4e29-bda6-9462a060c098@group-D10ABF48B84E-SegmentedRaftLogWorker: flushIndex: setUnconditionally 0 -> -1
2019-10-18 07:53:58,177 [pool-27-thread-1] INFO  server.RaftServerConfigKeys (ConfUtils.java:logGet(43)) - raft.server.snapshot.auto.trigger.enabled = true (custom)
2019-10-18 07:53:58,177 [pool-47-thread-1] INFO  storage.RaftStorage (RaftStorage.java:format(84)) - Storage directory /workdir/hadoop-ozone/integration-test/target/test-dir/MiniOzoneClusterImpl-58fc3ecd-0fbd-4e7b-a09c-4106a93dde4d/datanode-2/data/ratis/6aa9752f-bf34-44df-a863-d10abf48b84e has been successfully formatted.
2019-10-18 07:53:58,177 [a3fa570c-ae50-443c-8ab2-043428e82a24@group-44DFB7306C88-LeaderElection9] INFO  impl.LeaderElection (LeaderElection.java:askForVotes(178)) - a3fa570c-ae50-443c-8ab2-043428e82a24@group-44DFB7306C88-LeaderElection9: begin an election at term 1 for -1: [0fc43408-9179-47bd-a807-e56cc33d805e:192.168.69.67:34615, 9334f5f3-1c9b-4a41-9735-40b3bdb856ca:192.168.69.67:35940, a3fa570c-ae50-443c-8ab2-043428e82a24:192.168.69.67:36282], old=null
2019-10-18 07:53:58,177 [pool-27-thread-1] INFO  server.RaftServerConfigKeys (ConfUtils.java:logGet(43)) - raft.server.snapshot.auto.trigger.threshold = 10000 (custom)
2019-10-18 07:53:58,177 [pool-67-thread-1] INFO  storage.RaftStorage (RaftStorage.java:format(84)) - Storage directory /workdir/hadoop-ozone/integration-test/target/test-dir/MiniOzoneClusterImpl-58fc3ecd-0fbd-4e7b-a09c-4106a93dde4d/datanode-4/data/ratis/6aa9752f-bf34-44df-a863-d10abf48b84e has been successfully formatted.
2019-10-18 07:53:58,178 [pool-27-thread-1] INFO  server.RaftServerConfigKeys (ConfUtils.java:logGet(43)) - raft.server.snapshot.retention.file.num = 5 (custom)
2019-10-18 07:53:58,178 [pool-47-thread-1] INFO  ratis.ContainerStateMachine (ContainerStateMachine.java:loadSnapshot(233)) - group-D10ABF48B84E: The snapshot info is null. Setting the last applied indexto:(t:0, i:~)
2019-10-18 07:53:58,178 [pool-27-thread-1] INFO  server.RaftServerConfigKeys (ConfUtils.java:logGet(43)) - raft.server.retrycache.expirytime = 600000ms (custom)
2019-10-18 07:53:58,178 [pool-67-thread-1] INFO  ratis.ContainerStateMachine (ContainerStateMachine.java:loadSnapshot(233)) - group-D10ABF48B84E: The snapshot info is null. Setting the last applied indexto:(t:0, i:~)
2019-10-18 07:53:58,178 [pool-47-thread-1] INFO  server.RaftServerConfigKeys (ConfUtils.java:logGet(43)) - raft.server.notification.no-leader.timeout = 120s (custom)
2019-10-18 07:53:58,178 [pool-67-thread-1] INFO  server.RaftServerConfigKeys (ConfUtils.java:logGet(43)) - raft.server.notification.no-leader.timeout = 120s (custom)
2019-10-18 07:53:58,180 [pool-47-thread-1] INFO  server.RaftServerConfigKeys (ConfUtils.java:logGet(43)) - raft.server.log.use.memory = false (default)
2019-10-18 07:53:58,180 [pool-67-thread-1] INFO  server.RaftServerConfigKeys (ConfUtils.java:logGet(43)) - raft.server.log.use.memory = false (default)
2019-10-18 07:53:58,180 [pool-47-thread-1] INFO  server.RaftServerConfigKeys (ConfUtils.java:logGet(43)) - raft.server.log.purge.gap = 1000000 (custom)
2019-10-18 07:53:58,180 [pool-67-thread-1] INFO  server.RaftServerConfigKeys (ConfUtils.java:logGet(43)) - raft.server.log.purge.gap = 1000000 (custom)
2019-10-18 07:53:58,181 [pool-47-thread-1] INFO  server.RaftServerConfigKeys (ConfUtils.java:logGet(43)) - raft.server.log.appender.buffer.byte-limit = 33554432 (custom)
2019-10-18 07:53:58,183 [pool-67-thread-1] INFO  server.RaftServerConfigKeys (ConfUtils.java:logGet(43)) - raft.server.log.appender.buffer.byte-limit = 33554432 (custom)
2019-10-18 07:53:58,183 [pool-47-thread-1] INFO  server.RaftServerConfigKeys (ConfUtils.java:logGet(43)) - raft.server.log.segment.size.max = 1048576 (custom)
2019-10-18 07:53:58,184 [pool-67-thread-1] INFO  server.RaftServerConfigKeys (ConfUtils.java:logGet(43)) - raft.server.log.segment.size.max = 1048576 (custom)
2019-10-18 07:53:58,184 [pool-47-thread-1] INFO  server.RaftServerConfigKeys (ConfUtils.java:logGet(43)) - raft.server.log.segment.cache.num.max = 2 (custom)
2019-10-18 07:53:58,185 [pool-67-thread-1] INFO  server.RaftServerConfigKeys (ConfUtils.java:logGet(43)) - raft.server.log.segment.cache.num.max = 2 (custom)
2019-10-18 07:53:58,187 [pool-47-thread-1] INFO  segmented.SegmentedRaftLogWorker (SegmentedRaftLogWorker.java:<init>(173)) - new 3d3aac8b-d4d1-454d-bf0c-88a180692893@group-D10ABF48B84E-SegmentedRaftLogWorker for RaftStorage:Storage Directory /workdir/hadoop-ozone/integration-test/target/test-dir/MiniOzoneClusterImpl-58fc3ecd-0fbd-4e7b-a09c-4106a93dde4d/datanode-2/data/ratis/6aa9752f-bf34-44df-a863-d10abf48b84e
2019-10-18 07:53:58,188 [pool-67-thread-1] INFO  segmented.SegmentedRaftLogWorker (SegmentedRaftLogWorker.java:<init>(173)) - new 4b487190-7547-40c7-b780-43c37a89e8eb@group-D10ABF48B84E-SegmentedRaftLogWorker for RaftStorage:Storage Directory /workdir/hadoop-ozone/integration-test/target/test-dir/MiniOzoneClusterImpl-58fc3ecd-0fbd-4e7b-a09c-4106a93dde4d/datanode-4/data/ratis/6aa9752f-bf34-44df-a863-d10abf48b84e
2019-10-18 07:53:58,188 [pool-47-thread-1] INFO  server.RaftServerConfigKeys (ConfUtils.java:logGet(43)) - raft.server.log.queue.byte-limit = 2147483647 (custom)
2019-10-18 07:53:58,189 [pool-67-thread-1] INFO  server.RaftServerConfigKeys (ConfUtils.java:logGet(43)) - raft.server.log.queue.byte-limit = 2147483647 (custom)
2019-10-18 07:53:58,189 [pool-47-thread-1] INFO  server.RaftServerConfigKeys (ConfUtils.java:logGet(43)) - raft.server.log.queue.element-limit = 1024 (custom)
2019-10-18 07:53:58,189 [pool-67-thread-1] INFO  server.RaftServerConfigKeys (ConfUtils.java:logGet(43)) - raft.server.log.queue.element-limit = 1024 (custom)
2019-10-18 07:53:58,189 [pool-47-thread-1] INFO  server.RaftServerConfigKeys (ConfUtils.java:logGet(43)) - raft.server.log.segment.size.max = 1048576 (custom)
2019-10-18 07:53:58,190 [pool-67-thread-1] INFO  server.RaftServerConfigKeys (ConfUtils.java:logGet(43)) - raft.server.log.segment.size.max = 1048576 (custom)
2019-10-18 07:53:58,190 [pool-47-thread-1] INFO  server.RaftServerConfigKeys (ConfUtils.java:logGet(43)) - raft.server.log.preallocated.size = 16384 (custom)
2019-10-18 07:53:58,191 [pool-67-thread-1] INFO  server.RaftServerConfigKeys (ConfUtils.java:logGet(43)) - raft.server.log.preallocated.size = 16384 (custom)
2019-10-18 07:53:58,191 [pool-47-thread-1] INFO  server.RaftServerConfigKeys (ConfUtils.java:logGet(43)) - raft.server.log.write.buffer.size = 33554432 (custom)
2019-10-18 07:53:58,191 [pool-67-thread-1] INFO  server.RaftServerConfigKeys (ConfUtils.java:logGet(43)) - raft.server.log.write.buffer.size = 33554432 (custom)
2019-10-18 07:53:58,191 [pool-47-thread-1] INFO  server.RaftServerConfigKeys (ConfUtils.java:logGet(43)) - raft.server.log.force.sync.num = 128 (default)
2019-10-18 07:53:58,191 [pool-67-thread-1] INFO  server.RaftServerConfigKeys (ConfUtils.java:logGet(43)) - raft.server.log.force.sync.num = 128 (default)
2019-10-18 07:53:58,191 [0fc43408-9179-47bd-a807-e56cc33d805e@group-44DFB7306C88-LeaderElection7] INFO  impl.LeaderElection (LeaderElection.java:logAndReturn(56)) - 0fc43408-9179-47bd-a807-e56cc33d805e@group-44DFB7306C88-LeaderElection7: Election REJECTED; received 2 response(s) [0fc43408-9179-47bd-a807-e56cc33d805e<-9334f5f3-1c9b-4a41-9735-40b3bdb856ca#0:FAIL-t1, 0fc43408-9179-47bd-a807-e56cc33d805e<-a3fa570c-ae50-443c-8ab2-043428e82a24#0:FAIL-t1] and 0 exception(s); 0fc43408-9179-47bd-a807-e56cc33d805e@group-44DFB7306C88:t1, leader=null, voted=0fc43408-9179-47bd-a807-e56cc33d805e, raftlog=0fc43408-9179-47bd-a807-e56cc33d805e@group-44DFB7306C88-SegmentedRaftLog:OPENED:c-1,f-1,i0, conf=-1: [0fc43408-9179-47bd-a807-e56cc33d805e:192.168.69.67:34615, 9334f5f3-1c9b-4a41-9735-40b3bdb856ca:192.168.69.67:35940, a3fa570c-ae50-443c-8ab2-043428e82a24:192.168.69.67:36282], old=null
2019-10-18 07:53:58,191 [pool-47-thread-1] INFO  server.RaftServerConfigKeys (ConfUtils.java:logGet(43)) - raft.server.log.statemachine.data.sync = true (default)
2019-10-18 07:53:58,192 [pool-67-thread-1] INFO  server.RaftServerConfigKeys (ConfUtils.java:logGet(43)) - raft.server.log.statemachine.data.sync = true (default)
2019-10-18 07:53:58,194 [pool-47-thread-1] INFO  server.RaftServerConfigKeys (ConfUtils.java:logGet(43)) - raft.server.log.statemachine.data.sync.timeout = 10s (default)
2019-10-18 07:53:58,194 [pool-67-thread-1] INFO  server.RaftServerConfigKeys (ConfUtils.java:logGet(43)) - raft.server.log.statemachine.data.sync.timeout = 10s (default)
2019-10-18 07:53:58,197 [0fc43408-9179-47bd-a807-e56cc33d805e@group-44DFB7306C88-LeaderElection7] INFO  impl.RaftServerImpl (RaftServerImpl.java:setRole(184)) - 0fc43408-9179-47bd-a807-e56cc33d805e@group-44DFB7306C88: changes role from CANDIDATE to FOLLOWER at term 1 for DISCOVERED_A_NEW_TERM
2019-10-18 07:53:58,194 [pool-47-thread-1] INFO  server.RaftServerConfigKeys (ConfUtils.java:logGet(43)) - raft.server.log.statemachine.data.sync.timeout.retry = -1 (default)
2019-10-18 07:53:58,198 [0fc43408-9179-47bd-a807-e56cc33d805e@group-44DFB7306C88-LeaderElection7] INFO  impl.RoleInfo (RoleInfo.java:shutdownLeaderElection(134)) - 0fc43408-9179-47bd-a807-e56cc33d805e: shutdown LeaderElection
2019-10-18 07:53:58,197 [pool-67-thread-1] INFO  server.RaftServerConfigKeys (ConfUtils.java:logGet(43)) - raft.server.log.statemachine.data.sync.timeout.retry = -1 (default)
2019-10-18 07:53:58,198 [0fc43408-9179-47bd-a807-e56cc33d805e@group-44DFB7306C88-LeaderElection7] INFO  impl.RoleInfo (RoleInfo.java:updateAndGet(143)) - 0fc43408-9179-47bd-a807-e56cc33d805e: start FollowerState
2019-10-18 07:53:58,198 [pool-47-thread-1] INFO  server.RaftServerConfigKeys (ConfUtils.java:logGet(43)) - raft.server.log.statemachine.data.caching.enabled = true (custom)
2019-10-18 07:53:58,198 [pool-27-thread-1] INFO  impl.RaftServerImpl (RaftServerImpl.java:start(195)) - 6fa005cd-25d6-4e29-bda6-9462a060c098@group-D10ABF48B84E: start as a follower, conf=-1: [6fa005cd-25d6-4e29-bda6-9462a060c098:192.168.69.67:36093, 4b487190-7547-40c7-b780-43c37a89e8eb:192.168.69.67:39683, 3d3aac8b-d4d1-454d-bf0c-88a180692893:192.168.69.67:34429], old=null
2019-10-18 07:53:58,198 [9334f5f3-1c9b-4a41-9735-40b3bdb856ca@group-44DFB7306C88-LeaderElection8] INFO  impl.LeaderElection (LeaderElection.java:logAndReturn(56)) - 9334f5f3-1c9b-4a41-9735-40b3bdb856ca@group-44DFB7306C88-LeaderElection8: Election REJECTED; received 2 response(s) [9334f5f3-1c9b-4a41-9735-40b3bdb856ca<-0fc43408-9179-47bd-a807-e56cc33d805e#0:FAIL-t1, 9334f5f3-1c9b-4a41-9735-40b3bdb856ca<-a3fa570c-ae50-443c-8ab2-043428e82a24#0:FAIL-t1] and 0 exception(s); 9334f5f3-1c9b-4a41-9735-40b3bdb856ca@group-44DFB7306C88:t1, leader=null, voted=9334f5f3-1c9b-4a41-9735-40b3bdb856ca, raftlog=9334f5f3-1c9b-4a41-9735-40b3bdb856ca@group-44DFB7306C88-SegmentedRaftLog:OPENED:c-1,f-1,i0, conf=-1: [0fc43408-9179-47bd-a807-e56cc33d805e:192.168.69.67:34615, 9334f5f3-1c9b-4a41-9735-40b3bdb856ca:192.168.69.67:35940, a3fa570c-ae50-443c-8ab2-043428e82a24:192.168.69.67:36282], old=null
2019-10-18 07:53:58,200 [pool-27-thread-1] INFO  impl.RaftServerImpl (RaftServerImpl.java:setRole(184)) - 6fa005cd-25d6-4e29-bda6-9462a060c098@group-D10ABF48B84E: changes role from      null to FOLLOWER at term 0 for startAsFollower
2019-10-18 07:53:58,199 [pool-67-thread-1] INFO  server.RaftServerConfigKeys (ConfUtils.java:logGet(43)) - raft.server.log.statemachine.data.caching.enabled = true (custom)
2019-10-18 07:53:58,203 [pool-47-thread-1] INFO  segmented.SegmentedRaftLogWorker (SegmentedRaftLogWorker.java:lambda$new$0(128)) - 3d3aac8b-d4d1-454d-bf0c-88a180692893@group-D10ABF48B84E-SegmentedRaftLogWorker: flushIndex: setUnconditionally 0 -> -1
2019-10-18 07:53:58,201 [9334f5f3-1c9b-4a41-9735-40b3bdb856ca@group-44DFB7306C88-LeaderElection8] INFO  impl.RaftServerImpl (RaftServerImpl.java:setRole(184)) - 9334f5f3-1c9b-4a41-9735-40b3bdb856ca@group-44DFB7306C88: changes role from CANDIDATE to FOLLOWER at term 1 for DISCOVERED_A_NEW_TERM
2019-10-18 07:53:58,204 [pool-67-thread-1] INFO  segmented.SegmentedRaftLogWorker (SegmentedRaftLogWorker.java:lambda$new$0(128)) - 4b487190-7547-40c7-b780-43c37a89e8eb@group-D10ABF48B84E-SegmentedRaftLogWorker: flushIndex: setUnconditionally 0 -> -1
2019-10-18 07:53:58,203 [pool-27-thread-1] INFO  impl.RoleInfo (RoleInfo.java:updateAndGet(143)) - 6fa005cd-25d6-4e29-bda6-9462a060c098: start FollowerState
2019-10-18 07:53:58,204 [pool-47-thread-1] INFO  server.RaftServerConfigKeys (ConfUtils.java:logGet(43)) - raft.server.snapshot.auto.trigger.enabled = true (custom)
2019-10-18 07:53:58,204 [9334f5f3-1c9b-4a41-9735-40b3bdb856ca@group-44DFB7306C88-LeaderElection8] INFO  impl.RoleInfo (RoleInfo.java:shutdownLeaderElection(134)) - 9334f5f3-1c9b-4a41-9735-40b3bdb856ca: shutdown LeaderElection
2019-10-18 07:53:58,204 [pool-47-thread-1] INFO  server.RaftServerConfigKeys (ConfUtils.java:logGet(43)) - raft.server.snapshot.auto.trigger.threshold = 10000 (custom)
2019-10-18 07:53:58,204 [pool-27-thread-1] INFO  util.JmxRegister (JmxRegister.java:tryRegister(44)) - Successfully registered JMX Bean with object name Ratis:service=RaftServer,group=group-D10ABF48B84E,id=6fa005cd-25d6-4e29-bda6-9462a060c098
2019-10-18 07:53:58,204 [pool-67-thread-1] INFO  server.RaftServerConfigKeys (ConfUtils.java:logGet(43)) - raft.server.snapshot.auto.trigger.enabled = true (custom)
2019-10-18 07:53:58,204 [pool-47-thread-1] INFO  server.RaftServerConfigKeys (ConfUtils.java:logGet(43)) - raft.server.snapshot.retention.file.num = 5 (custom)
2019-10-18 07:53:58,204 [9334f5f3-1c9b-4a41-9735-40b3bdb856ca@group-44DFB7306C88-LeaderElection8] INFO  impl.RoleInfo (RoleInfo.java:updateAndGet(143)) - 9334f5f3-1c9b-4a41-9735-40b3bdb856ca: start FollowerState
2019-10-18 07:53:58,204 [pool-67-thread-1] INFO  server.RaftServerConfigKeys (ConfUtils.java:logGet(43)) - raft.server.snapshot.auto.trigger.threshold = 10000 (custom)
2019-10-18 07:53:58,205 [pool-47-thread-1] INFO  server.RaftServerConfigKeys (ConfUtils.java:logGet(43)) - raft.server.retrycache.expirytime = 600000ms (custom)
2019-10-18 07:53:58,205 [pool-67-thread-1] INFO  server.RaftServerConfigKeys (ConfUtils.java:logGet(43)) - raft.server.snapshot.retention.file.num = 5 (custom)
2019-10-18 07:53:58,206 [pool-67-thread-1] INFO  server.RaftServerConfigKeys (ConfUtils.java:logGet(43)) - raft.server.retrycache.expirytime = 600000ms (custom)
2019-10-18 07:53:58,215 [Thread-275] INFO  impl.FollowerState (FollowerState.java:run(108)) - 6fa005cd-25d6-4e29-bda6-9462a060c098@group-D10ABF48B84E-FollowerState: change to CANDIDATE, lastRpcTime:11ms, electionTimeout:10ms
2019-10-18 07:53:58,216 [a3fa570c-ae50-443c-8ab2-043428e82a24@group-44DFB7306C88-LeaderElection9] INFO  impl.LeaderElection (LeaderElection.java:logAndReturn(56)) - a3fa570c-ae50-443c-8ab2-043428e82a24@group-44DFB7306C88-LeaderElection9: Election REJECTED; received 2 response(s) [a3fa570c-ae50-443c-8ab2-043428e82a24<-0fc43408-9179-47bd-a807-e56cc33d805e#0:FAIL-t1, a3fa570c-ae50-443c-8ab2-043428e82a24<-9334f5f3-1c9b-4a41-9735-40b3bdb856ca#0:FAIL-t1] and 0 exception(s); a3fa570c-ae50-443c-8ab2-043428e82a24@group-44DFB7306C88:t1, leader=null, voted=a3fa570c-ae50-443c-8ab2-043428e82a24, raftlog=a3fa570c-ae50-443c-8ab2-043428e82a24@group-44DFB7306C88-SegmentedRaftLog:OPENED:c-1,f-1,i0, conf=-1: [0fc43408-9179-47bd-a807-e56cc33d805e:192.168.69.67:34615, 9334f5f3-1c9b-4a41-9735-40b3bdb856ca:192.168.69.67:35940, a3fa570c-ae50-443c-8ab2-043428e82a24:192.168.69.67:36282], old=null
2019-10-18 07:53:58,216 [Thread-275] INFO  impl.RoleInfo (RoleInfo.java:shutdownFollowerState(121)) - 6fa005cd-25d6-4e29-bda6-9462a060c098: shutdown FollowerState
2019-10-18 07:53:58,216 [a3fa570c-ae50-443c-8ab2-043428e82a24@group-44DFB7306C88-LeaderElection9] INFO  impl.RaftServerImpl (RaftServerImpl.java:setRole(184)) - a3fa570c-ae50-443c-8ab2-043428e82a24@group-44DFB7306C88: changes role from CANDIDATE to FOLLOWER at term 1 for DISCOVERED_A_NEW_TERM
2019-10-18 07:53:58,216 [Thread-275] INFO  impl.RaftServerImpl (RaftServerImpl.java:setRole(184)) - 6fa005cd-25d6-4e29-bda6-9462a060c098@group-D10ABF48B84E: changes role from  FOLLOWER to CANDIDATE at term 0 for changeToCandidate
2019-10-18 07:53:58,218 [a3fa570c-ae50-443c-8ab2-043428e82a24@group-44DFB7306C88-LeaderElection9] INFO  impl.RoleInfo (RoleInfo.java:shutdownLeaderElection(134)) - a3fa570c-ae50-443c-8ab2-043428e82a24: shutdown LeaderElection
2019-10-18 07:53:58,218 [Thread-275] INFO  impl.RoleInfo (RoleInfo.java:updateAndGet(143)) - 6fa005cd-25d6-4e29-bda6-9462a060c098: start LeaderElection
2019-10-18 07:53:58,218 [a3fa570c-ae50-443c-8ab2-043428e82a24@group-44DFB7306C88-LeaderElection9] INFO  impl.RoleInfo (RoleInfo.java:updateAndGet(143)) - a3fa570c-ae50-443c-8ab2-043428e82a24: start FollowerState
2019-10-18 07:53:58,222 [pool-47-thread-1] INFO  impl.RaftServerImpl (RaftServerImpl.java:start(195)) - 3d3aac8b-d4d1-454d-bf0c-88a180692893@group-D10ABF48B84E: start as a follower, conf=-1: [6fa005cd-25d6-4e29-bda6-9462a060c098:192.168.69.67:36093, 4b487190-7547-40c7-b780-43c37a89e8eb:192.168.69.67:39683, 3d3aac8b-d4d1-454d-bf0c-88a180692893:192.168.69.67:34429], old=null
2019-10-18 07:53:58,222 [pool-67-thread-1] INFO  impl.RaftServerImpl (RaftServerImpl.java:start(195)) - 4b487190-7547-40c7-b780-43c37a89e8eb@group-D10ABF48B84E: start as a follower, conf=-1: [6fa005cd-25d6-4e29-bda6-9462a060c098:192.168.69.67:36093, 4b487190-7547-40c7-b780-43c37a89e8eb:192.168.69.67:39683, 3d3aac8b-d4d1-454d-bf0c-88a180692893:192.168.69.67:34429], old=null
2019-10-18 07:53:58,222 [pool-47-thread-1] INFO  impl.RaftServerImpl (RaftServerImpl.java:setRole(184)) - 3d3aac8b-d4d1-454d-bf0c-88a180692893@group-D10ABF48B84E: changes role from      null to FOLLOWER at term 0 for startAsFollower
2019-10-18 07:53:58,223 [pool-67-thread-1] INFO  impl.RaftServerImpl (RaftServerImpl.java:setRole(184)) - 4b487190-7547-40c7-b780-43c37a89e8eb@group-D10ABF48B84E: changes role from      null to FOLLOWER at term 0 for startAsFollower
2019-10-18 07:53:58,223 [pool-47-thread-1] INFO  impl.RoleInfo (RoleInfo.java:updateAndGet(143)) - 3d3aac8b-d4d1-454d-bf0c-88a180692893: start FollowerState
2019-10-18 07:53:58,223 [pool-67-thread-1] INFO  impl.RoleInfo (RoleInfo.java:updateAndGet(143)) - 4b487190-7547-40c7-b780-43c37a89e8eb: start FollowerState
2019-10-18 07:53:58,224 [pool-47-thread-1] INFO  util.JmxRegister (JmxRegister.java:tryRegister(44)) - Successfully registered JMX Bean with object name Ratis:service=RaftServer,group=group-D10ABF48B84E,id=3d3aac8b-d4d1-454d-bf0c-88a180692893
2019-10-18 07:53:58,229 [pool-67-thread-1] INFO  util.JmxRegister (JmxRegister.java:tryRegister(44)) - Successfully registered JMX Bean with object name Ratis:service=RaftServer,group=group-D10ABF48B84E,id=4b487190-7547-40c7-b780-43c37a89e8eb
2019-10-18 07:53:58,234 [6fa005cd-25d6-4e29-bda6-9462a060c098@group-D10ABF48B84E-LeaderElection10] INFO  impl.LeaderElection (LeaderElection.java:askForVotes(178)) - 6fa005cd-25d6-4e29-bda6-9462a060c098@group-D10ABF48B84E-LeaderElection10: begin an election at term 1 for -1: [6fa005cd-25d6-4e29-bda6-9462a060c098:192.168.69.67:36093, 4b487190-7547-40c7-b780-43c37a89e8eb:192.168.69.67:39683, 3d3aac8b-d4d1-454d-bf0c-88a180692893:192.168.69.67:34429], old=null
2019-10-18 07:53:58,254 [grpc-default-executor-0] INFO  impl.RaftServerImpl (RaftServerImpl.java:setRole(184)) - 4b487190-7547-40c7-b780-43c37a89e8eb@group-D10ABF48B84E: changes role from  FOLLOWER to FOLLOWER at term 1 for recognizeCandidate:6fa005cd-25d6-4e29-bda6-9462a060c098
2019-10-18 07:53:58,254 [grpc-default-executor-1] INFO  impl.RaftServerImpl (RaftServerImpl.java:setRole(184)) - 3d3aac8b-d4d1-454d-bf0c-88a180692893@group-D10ABF48B84E: changes role from  FOLLOWER to FOLLOWER at term 1 for recognizeCandidate:6fa005cd-25d6-4e29-bda6-9462a060c098
2019-10-18 07:53:58,254 [grpc-default-executor-0] INFO  impl.RoleInfo (RoleInfo.java:shutdownFollowerState(121)) - 4b487190-7547-40c7-b780-43c37a89e8eb: shutdown FollowerState
2019-10-18 07:53:58,254 [grpc-default-executor-1] INFO  impl.RoleInfo (RoleInfo.java:shutdownFollowerState(121)) - 3d3aac8b-d4d1-454d-bf0c-88a180692893: shutdown FollowerState
2019-10-18 07:53:58,254 [Thread-283] INFO  impl.FollowerState (FollowerState.java:run(117)) - 4b487190-7547-40c7-b780-43c37a89e8eb@group-D10ABF48B84E-FollowerState was interrupted: java.lang.InterruptedException: sleep interrupted
2019-10-18 07:53:58,254 [grpc-default-executor-0] INFO  impl.RoleInfo (RoleInfo.java:updateAndGet(143)) - 4b487190-7547-40c7-b780-43c37a89e8eb: start FollowerState
2019-10-18 07:53:58,254 [Thread-282] INFO  impl.FollowerState (FollowerState.java:run(117)) - 3d3aac8b-d4d1-454d-bf0c-88a180692893@group-D10ABF48B84E-FollowerState was interrupted: java.lang.InterruptedException: sleep interrupted
2019-10-18 07:53:58,254 [grpc-default-executor-1] INFO  impl.RoleInfo (RoleInfo.java:updateAndGet(143)) - 3d3aac8b-d4d1-454d-bf0c-88a180692893: start FollowerState
2019-10-18 07:53:58,256 [RatisPipelineUtilsThread] INFO  pipeline.PipelineStateManager (PipelineStateManager.java:addPipeline(55)) - Created pipeline Pipeline[ Id: 6aa9752f-bf34-44df-a863-d10abf48b84e, Nodes: 4b487190-7547-40c7-b780-43c37a89e8eb{ip: 192.168.69.67, host: pr-hdds-1868-wx8dl-4219780377, networkLocation: /default-rack, certSerialId: null}3d3aac8b-d4d1-454d-bf0c-88a180692893{ip: 192.168.69.67, host: pr-hdds-1868-wx8dl-4219780377, networkLocation: /default-rack, certSerialId: null}6fa005cd-25d6-4e29-bda6-9462a060c098{ip: 192.168.69.67, host: pr-hdds-1868-wx8dl-4219780377, networkLocation: /default-rack, certSerialId: null}, Type:RATIS, Factor:THREE, State:ALLOCATED]
2019-10-18 07:53:58,258 [Thread-0] INFO  ozone.MiniOzoneClusterImpl (MiniOzoneClusterImpl.java:lambda$waitForClusterToBeReady$2(164)) - Waiting for 8 number of pipelines out of 8, to report a leader.
2019-10-18 07:53:58,258 [EventQueue-PipelineReportForPipelineReportHandler] INFO  pipeline.PipelineReportHandler (PipelineReportHandler.java:processPipelineReport(119)) - Pipeline PipelineID=9b829237-b163-4eb8-af6e-b1cc1edc98e5 reported by 6fa005cd-25d6-4e29-bda6-9462a060c098{ip: 192.168.69.67, host: pr-hdds-1868-wx8dl-4219780377, networkLocation: /default-rack, certSerialId: null} with leaderId 6fa005cd-25d6-4e29-bda6-9462a060c098
2019-10-18 07:53:58,264 [EventQueue-PipelineReportForPipelineReportHandler] INFO  pipeline.PipelineStateManager (PipelineStateManager.java:openPipeline(134)) - Pipeline Pipeline[ Id: 9b829237-b163-4eb8-af6e-b1cc1edc98e5, Nodes: 6fa005cd-25d6-4e29-bda6-9462a060c098{ip: 192.168.69.67, host: pr-hdds-1868-wx8dl-4219780377, networkLocation: /default-rack, certSerialId: null}, Type:RATIS, Factor:ONE, State:OPEN] moved to OPEN state
2019-10-18 07:53:58,264 [EventQueue-PipelineReportForPipelineReportHandler] INFO  pipeline.PipelineReportHandler (PipelineReportHandler.java:processPipelineReport(119)) - Pipeline PipelineID=1d84ff55-8e06-447a-bf15-fc7768932425 reported by 0fc43408-9179-47bd-a807-e56cc33d805e{ip: 192.168.69.67, host: pr-hdds-1868-wx8dl-4219780377, networkLocation: /default-rack, certSerialId: null} with leaderId 0fc43408-9179-47bd-a807-e56cc33d805e
2019-10-18 07:53:58,264 [EventQueue-PipelineReportForPipelineReportHandler] INFO  pipeline.PipelineStateManager (PipelineStateManager.java:openPipeline(134)) - Pipeline Pipeline[ Id: 1d84ff55-8e06-447a-bf15-fc7768932425, Nodes: 0fc43408-9179-47bd-a807-e56cc33d805e{ip: 192.168.69.67, host: pr-hdds-1868-wx8dl-4219780377, networkLocation: /default-rack, certSerialId: null}, Type:RATIS, Factor:ONE, State:OPEN] moved to OPEN state
2019-10-18 07:53:58,265 [EventQueue-PipelineReportForPipelineReportHandler] INFO  pipeline.PipelineReportHandler (PipelineReportHandler.java:processPipelineReport(119)) - Pipeline PipelineID=001e8514-a054-4493-a2b1-99b5c90d06ce reported by a3fa570c-ae50-443c-8ab2-043428e82a24{ip: 192.168.69.67, host: pr-hdds-1868-wx8dl-4219780377, networkLocation: /default-rack, certSerialId: null} with leaderId a3fa570c-ae50-443c-8ab2-043428e82a24
2019-10-18 07:53:58,265 [EventQueue-PipelineReportForPipelineReportHandler] INFO  pipeline.PipelineStateManager (PipelineStateManager.java:openPipeline(134)) - Pipeline Pipeline[ Id: 001e8514-a054-4493-a2b1-99b5c90d06ce, Nodes: a3fa570c-ae50-443c-8ab2-043428e82a24{ip: 192.168.69.67, host: pr-hdds-1868-wx8dl-4219780377, networkLocation: /default-rack, certSerialId: null}, Type:RATIS, Factor:ONE, State:OPEN] moved to OPEN state
2019-10-18 07:53:58,265 [EventQueue-PipelineReportForPipelineReportHandler] INFO  pipeline.PipelineReportHandler (PipelineReportHandler.java:processPipelineReport(119)) - Pipeline PipelineID=8d49e90d-26ba-45a0-b698-e11c942201ec reported by 4b487190-7547-40c7-b780-43c37a89e8eb{ip: 192.168.69.67, host: pr-hdds-1868-wx8dl-4219780377, networkLocation: /default-rack, certSerialId: null} with leaderId 4b487190-7547-40c7-b780-43c37a89e8eb
2019-10-18 07:53:58,265 [EventQueue-PipelineReportForPipelineReportHandler] INFO  pipeline.PipelineStateManager (PipelineStateManager.java:openPipeline(134)) - Pipeline Pipeline[ Id: 8d49e90d-26ba-45a0-b698-e11c942201ec, Nodes: 4b487190-7547-40c7-b780-43c37a89e8eb{ip: 192.168.69.67, host: pr-hdds-1868-wx8dl-4219780377, networkLocation: /default-rack, certSerialId: null}, Type:RATIS, Factor:ONE, State:OPEN] moved to OPEN state
2019-10-18 07:53:58,266 [EventQueue-PipelineReportForPipelineReportHandler] INFO  pipeline.PipelineReportHandler (PipelineReportHandler.java:processPipelineReport(119)) - Pipeline PipelineID=c9f8b526-bc16-4b19-abc5-ad32415a553a reported by 9334f5f3-1c9b-4a41-9735-40b3bdb856ca{ip: 192.168.69.67, host: pr-hdds-1868-wx8dl-4219780377, networkLocation: /default-rack, certSerialId: null} with leaderId 9334f5f3-1c9b-4a41-9735-40b3bdb856ca
2019-10-18 07:53:58,266 [EventQueue-PipelineReportForPipelineReportHandler] INFO  pipeline.PipelineStateManager (PipelineStateManager.java:openPipeline(134)) - Pipeline Pipeline[ Id: c9f8b526-bc16-4b19-abc5-ad32415a553a, Nodes: 9334f5f3-1c9b-4a41-9735-40b3bdb856ca{ip: 192.168.69.67, host: pr-hdds-1868-wx8dl-4219780377, networkLocation: /default-rack, certSerialId: null}, Type:RATIS, Factor:ONE, State:OPEN] moved to OPEN state
2019-10-18 07:53:58,266 [EventQueue-PipelineReportForPipelineReportHandler] INFO  pipeline.PipelineReportHandler (PipelineReportHandler.java:processPipelineReport(119)) - Pipeline PipelineID=bacbf59f-8bc6-447f-b735-d06b23cfb148 reported by 3d3aac8b-d4d1-454d-bf0c-88a180692893{ip: 192.168.69.67, host: pr-hdds-1868-wx8dl-4219780377, networkLocation: /default-rack, certSerialId: null} with leaderId 3d3aac8b-d4d1-454d-bf0c-88a180692893
2019-10-18 07:53:58,266 [EventQueue-PipelineReportForPipelineReportHandler] INFO  pipeline.PipelineStateManager (PipelineStateManager.java:openPipeline(134)) - Pipeline Pipeline[ Id: bacbf59f-8bc6-447f-b735-d06b23cfb148, Nodes: 3d3aac8b-d4d1-454d-bf0c-88a180692893{ip: 192.168.69.67, host: pr-hdds-1868-wx8dl-4219780377, networkLocation: /default-rack, certSerialId: null}, Type:RATIS, Factor:ONE, State:OPEN] moved to OPEN state
2019-10-18 07:53:58,280 [6fa005cd-25d6-4e29-bda6-9462a060c098@group-D10ABF48B84E-LeaderElection10] INFO  impl.LeaderElection (LeaderElection.java:logAndReturn(56)) - 6fa005cd-25d6-4e29-bda6-9462a060c098@group-D10ABF48B84E-LeaderElection10: Election PASSED; received 1 response(s) [6fa005cd-25d6-4e29-bda6-9462a060c098<-4b487190-7547-40c7-b780-43c37a89e8eb#0:OK-t1] and 0 exception(s); 6fa005cd-25d6-4e29-bda6-9462a060c098@group-D10ABF48B84E:t1, leader=null, voted=6fa005cd-25d6-4e29-bda6-9462a060c098, raftlog=6fa005cd-25d6-4e29-bda6-9462a060c098@group-D10ABF48B84E-SegmentedRaftLog:OPENED:c-1,f-1,i0, conf=-1: [6fa005cd-25d6-4e29-bda6-9462a060c098:192.168.69.67:36093, 4b487190-7547-40c7-b780-43c37a89e8eb:192.168.69.67:39683, 3d3aac8b-d4d1-454d-bf0c-88a180692893:192.168.69.67:34429], old=null
2019-10-18 07:53:58,280 [6fa005cd-25d6-4e29-bda6-9462a060c098@group-D10ABF48B84E-LeaderElection10] INFO  impl.RoleInfo (RoleInfo.java:shutdownLeaderElection(134)) - 6fa005cd-25d6-4e29-bda6-9462a060c098: shutdown LeaderElection
2019-10-18 07:53:58,282 [6fa005cd-25d6-4e29-bda6-9462a060c098@group-D10ABF48B84E-LeaderElection10] INFO  impl.RaftServerImpl (RaftServerImpl.java:setRole(184)) - 6fa005cd-25d6-4e29-bda6-9462a060c098@group-D10ABF48B84E: changes role from CANDIDATE to LEADER at term 1 for changeToLeader
2019-10-18 07:53:58,282 [6fa005cd-25d6-4e29-bda6-9462a060c098@group-D10ABF48B84E-LeaderElection10] INFO  ratis.XceiverServerRatis (XceiverServerRatis.java:handleLeaderChangedNotification(699)) - Leader change notification received for group: group-D10ABF48B84E with new leaderId: 6fa005cd-25d6-4e29-bda6-9462a060c098
2019-10-18 07:53:58,282 [6fa005cd-25d6-4e29-bda6-9462a060c098@group-D10ABF48B84E-LeaderElection10] INFO  impl.RaftServerImpl (ServerState.java:setLeader(256)) - 6fa005cd-25d6-4e29-bda6-9462a060c098@group-D10ABF48B84E: change Leader from null to 6fa005cd-25d6-4e29-bda6-9462a060c098 at term 1 for becomeLeader, leader elected after 118ms
2019-10-18 07:53:58,282 [6fa005cd-25d6-4e29-bda6-9462a060c098@group-D10ABF48B84E-LeaderElection10] INFO  server.RaftServerConfigKeys (ConfUtils.java:logGet(43)) - raft.server.staging.catchup.gap = 1000 (default)
2019-10-18 07:53:58,282 [6fa005cd-25d6-4e29-bda6-9462a060c098@group-D10ABF48B84E-LeaderElection10] INFO  server.RaftServerConfigKeys (ConfUtils.java:logGet(43)) - raft.server.rpc.sleep.time = 25ms (default)
2019-10-18 07:53:58,283 [6fa005cd-25d6-4e29-bda6-9462a060c098@group-D10ABF48B84E-LeaderElection10] INFO  server.RaftServerConfigKeys (ConfUtils.java:logGet(43)) - raft.server.write.element-limit = 4096 (default)
2019-10-18 07:53:58,283 [6fa005cd-25d6-4e29-bda6-9462a060c098@group-D10ABF48B84E-LeaderElection10] INFO  server.RaftServerConfigKeys (ConfUtils.java:logGet(43)) - raft.server.watch.timeout = 10s (default)
2019-10-18 07:53:58,284 [6fa005cd-25d6-4e29-bda6-9462a060c098@group-D10ABF48B84E-LeaderElection10] INFO  server.RaftServerConfigKeys (ConfUtils.java:logGet(43)) - raft.server.watch.timeout.denomination = 1s (default)
2019-10-18 07:53:58,284 [6fa005cd-25d6-4e29-bda6-9462a060c098@group-D10ABF48B84E-LeaderElection10] INFO  server.RaftServerConfigKeys (ConfUtils.java:logGet(43)) - raft.server.watch.element-limit = 65536 (default)
2019-10-18 07:53:58,285 [EventQueue-PipelineReportForPipelineReportHandler] INFO  pipeline.PipelineReportHandler (PipelineReportHandler.java:processPipelineReport(119)) - Pipeline PipelineID=6aa9752f-bf34-44df-a863-d10abf48b84e reported by 6fa005cd-25d6-4e29-bda6-9462a060c098{ip: 192.168.69.67, host: pr-hdds-1868-wx8dl-4219780377, networkLocation: /default-rack, certSerialId: null} with leaderId 6fa005cd-25d6-4e29-bda6-9462a060c098
2019-10-18 07:53:58,291 [6fa005cd-25d6-4e29-bda6-9462a060c098@group-D10ABF48B84E-LeaderElection10] INFO  server.RaftServerConfigKeys (ConfUtils.java:logGet(43)) - raft.server.log.appender.snapshot.chunk.size.max = 16MB (=16777216) (default)
2019-10-18 07:53:58,291 [6fa005cd-25d6-4e29-bda6-9462a060c098@group-D10ABF48B84E-LeaderElection10] INFO  server.RaftServerConfigKeys (ConfUtils.java:logGet(43)) - raft.server.log.appender.buffer.byte-limit = 33554432 (custom)
2019-10-18 07:53:58,292 [6fa005cd-25d6-4e29-bda6-9462a060c098@group-D10ABF48B84E-LeaderElection10] INFO  server.RaftServerConfigKeys (ConfUtils.java:logGet(43)) - raft.server.log.appender.buffer.element-limit = 1 (custom)
2019-10-18 07:53:58,296 [6fa005cd-25d6-4e29-bda6-9462a060c098@group-D10ABF48B84E-LeaderElection10] INFO  grpc.GrpcConfigKeys$Server (ConfUtils.java:logGet(43)) - raft.grpc.server.leader.outstanding.appends.max = 128 (default)
2019-10-18 07:53:58,296 [6fa005cd-25d6-4e29-bda6-9462a060c098@group-D10ABF48B84E-LeaderElection10] INFO  server.RaftServerConfigKeys (ConfUtils.java:logGet(43)) - raft.server.rpc.request.timeout = 3000ms (default)
2019-10-18 07:53:58,296 [6fa005cd-25d6-4e29-bda6-9462a060c098@group-D10ABF48B84E-LeaderElection10] INFO  server.RaftServerConfigKeys (ConfUtils.java:logGet(43)) - raft.server.log.appender.install.snapshot.enabled = false (custom)
2019-10-18 07:53:58,301 [6fa005cd-25d6-4e29-bda6-9462a060c098@group-D10ABF48B84E-LeaderElection10] INFO  server.RaftServerConfigKeys (ConfUtils.java:logGet(43)) - raft.server.log.appender.snapshot.chunk.size.max = 16MB (=16777216) (default)
2019-10-18 07:53:58,301 [6fa005cd-25d6-4e29-bda6-9462a060c098@group-D10ABF48B84E-LeaderElection10] INFO  server.RaftServerConfigKeys (ConfUtils.java:logGet(43)) - raft.server.log.appender.buffer.byte-limit = 33554432 (custom)
2019-10-18 07:53:58,301 [6fa005cd-25d6-4e29-bda6-9462a060c098@group-D10ABF48B84E-LeaderElection10] INFO  server.RaftServerConfigKeys (ConfUtils.java:logGet(43)) - raft.server.log.appender.buffer.element-limit = 1 (custom)
2019-10-18 07:53:58,301 [6fa005cd-25d6-4e29-bda6-9462a060c098@group-D10ABF48B84E-LeaderElection10] INFO  grpc.GrpcConfigKeys$Server (ConfUtils.java:logGet(43)) - raft.grpc.server.leader.outstanding.appends.max = 128 (default)
2019-10-18 07:53:58,302 [6fa005cd-25d6-4e29-bda6-9462a060c098@group-D10ABF48B84E-LeaderElection10] INFO  server.RaftServerConfigKeys (ConfUtils.java:logGet(43)) - raft.server.rpc.request.timeout = 3000ms (default)
2019-10-18 07:53:58,302 [6fa005cd-25d6-4e29-bda6-9462a060c098@group-D10ABF48B84E-LeaderElection10] INFO  server.RaftServerConfigKeys (ConfUtils.java:logGet(43)) - raft.server.log.appender.install.snapshot.enabled = false (custom)
2019-10-18 07:53:58,307 [6fa005cd-25d6-4e29-bda6-9462a060c098@group-D10ABF48B84E-LeaderElection10] INFO  impl.RoleInfo (RoleInfo.java:updateAndGet(143)) - 6fa005cd-25d6-4e29-bda6-9462a060c098: start LeaderState
2019-10-18 07:53:58,308 [6fa005cd-25d6-4e29-bda6-9462a060c098@group-D10ABF48B84E-LeaderElection10] INFO  segmented.SegmentedRaftLogWorker (SegmentedRaftLogWorker.java:startLogSegment(385)) - 6fa005cd-25d6-4e29-bda6-9462a060c098@group-D10ABF48B84E-SegmentedRaftLogWorker: Starting segment from index:0
2019-10-18 07:53:58,309 [6fa005cd-25d6-4e29-bda6-9462a060c098@group-D10ABF48B84E-LeaderElection10] INFO  impl.RaftServerImpl (ServerState.java:setRaftConf(357)) - 6fa005cd-25d6-4e29-bda6-9462a060c098@group-D10ABF48B84E: set configuration 0: [6fa005cd-25d6-4e29-bda6-9462a060c098:192.168.69.67:36093, 4b487190-7547-40c7-b780-43c37a89e8eb:192.168.69.67:39683, 3d3aac8b-d4d1-454d-bf0c-88a180692893:192.168.69.67:34429], old=null at 0
2019-10-18 07:53:58,353 [Thread-288] INFO  impl.FollowerState (FollowerState.java:run(108)) - 4b487190-7547-40c7-b780-43c37a89e8eb@group-D10ABF48B84E-FollowerState: change to CANDIDATE, lastRpcTime:99ms, electionTimeout:96ms
2019-10-18 07:53:58,354 [Thread-288] INFO  impl.RoleInfo (RoleInfo.java:shutdownFollowerState(121)) - 4b487190-7547-40c7-b780-43c37a89e8eb: shutdown FollowerState
2019-10-18 07:53:58,354 [Thread-288] INFO  impl.RaftServerImpl (RaftServerImpl.java:setRole(184)) - 4b487190-7547-40c7-b780-43c37a89e8eb@group-D10ABF48B84E: changes role from  FOLLOWER to CANDIDATE at term 1 for changeToCandidate
2019-10-18 07:53:58,354 [Thread-288] INFO  impl.RoleInfo (RoleInfo.java:updateAndGet(143)) - 4b487190-7547-40c7-b780-43c37a89e8eb: start LeaderElection
2019-10-18 07:53:58,367 [6fa005cd-25d6-4e29-bda6-9462a060c098@group-D10ABF48B84E-SegmentedRaftLogWorker] INFO  segmented.SegmentedRaftLogWorker (SegmentedRaftLogWorker.java:execute(576)) - 6fa005cd-25d6-4e29-bda6-9462a060c098@group-D10ABF48B84E-SegmentedRaftLogWorker: created new log segment /workdir/hadoop-ozone/integration-test/target/test-dir/MiniOzoneClusterImpl-58fc3ecd-0fbd-4e7b-a09c-4106a93dde4d/datanode-0/data/ratis/6aa9752f-bf34-44df-a863-d10abf48b84e/current/log_inprogress_0
2019-10-18 07:53:58,368 [grpc-default-executor-1] INFO  ratis.XceiverServerRatis (XceiverServerRatis.java:handleLeaderChangedNotification(699)) - Leader change notification received for group: group-D10ABF48B84E with new leaderId: 6fa005cd-25d6-4e29-bda6-9462a060c098
2019-10-18 07:53:58,368 [grpc-default-executor-1] INFO  impl.RaftServerImpl (ServerState.java:setLeader(256)) - 3d3aac8b-d4d1-454d-bf0c-88a180692893@group-D10ABF48B84E: change Leader from null to 6fa005cd-25d6-4e29-bda6-9462a060c098 at term 1 for appendEntries, leader elected after 189ms
2019-10-18 07:53:58,379 [4b487190-7547-40c7-b780-43c37a89e8eb@group-D10ABF48B84E-LeaderElection11] INFO  impl.LeaderElection (LeaderElection.java:askForVotes(178)) - 4b487190-7547-40c7-b780-43c37a89e8eb@group-D10ABF48B84E-LeaderElection11: begin an election at term 2 for -1: [6fa005cd-25d6-4e29-bda6-9462a060c098:192.168.69.67:36093, 4b487190-7547-40c7-b780-43c37a89e8eb:192.168.69.67:39683, 3d3aac8b-d4d1-454d-bf0c-88a180692893:192.168.69.67:34429], old=null
2019-10-18 07:53:58,380 [EventQueue-PipelineReportForPipelineReportHandler] INFO  pipeline.PipelineReportHandler (PipelineReportHandler.java:processPipelineReport(119)) - Pipeline PipelineID=6aa9752f-bf34-44df-a863-d10abf48b84e reported by 3d3aac8b-d4d1-454d-bf0c-88a180692893{ip: 192.168.69.67, host: pr-hdds-1868-wx8dl-4219780377, networkLocation: /default-rack, certSerialId: null} with leaderId 6fa005cd-25d6-4e29-bda6-9462a060c098
2019-10-18 07:53:58,389 [Thread-276] INFO  impl.FollowerState (FollowerState.java:run(108)) - 9334f5f3-1c9b-4a41-9735-40b3bdb856ca@group-44DFB7306C88-FollowerState: change to CANDIDATE, lastRpcTime:184ms, electionTimeout:183ms
2019-10-18 07:53:58,389 [Thread-276] INFO  impl.RoleInfo (RoleInfo.java:shutdownFollowerState(121)) - 9334f5f3-1c9b-4a41-9735-40b3bdb856ca: shutdown FollowerState
2019-10-18 07:53:58,389 [Thread-276] INFO  impl.RaftServerImpl (RaftServerImpl.java:setRole(184)) - 9334f5f3-1c9b-4a41-9735-40b3bdb856ca@group-44DFB7306C88: changes role from  FOLLOWER to CANDIDATE at term 1 for changeToCandidate
2019-10-18 07:53:58,389 [Thread-290] INFO  impl.RaftServerImpl (ServerState.java:setLeader(256)) - 6fa005cd-25d6-4e29-bda6-9462a060c098@group-D10ABF48B84E: change Leader from 6fa005cd-25d6-4e29-bda6-9462a060c098 to null at term 2 for updateCurrentTerm
2019-10-18 07:53:58,389 [Thread-276] INFO  impl.RoleInfo (RoleInfo.java:updateAndGet(143)) - 9334f5f3-1c9b-4a41-9735-40b3bdb856ca: start LeaderElection
2019-10-18 07:53:58,390 [Thread-290] INFO  impl.RaftServerImpl (RaftServerImpl.java:setRole(184)) - 6fa005cd-25d6-4e29-bda6-9462a060c098@group-D10ABF48B84E: changes role from    LEADER to FOLLOWER at term 2 for stepDown
2019-10-18 07:53:58,390 [Thread-290] INFO  impl.RoleInfo (RoleInfo.java:shutdownLeaderState(104)) - 6fa005cd-25d6-4e29-bda6-9462a060c098: shutdown LeaderState
2019-10-18 07:53:58,394 [org.apache.ratis.server.impl.LogAppender$AppenderDaemon$$Lambda$420/1222076953@647d9dca] WARN  server.GrpcLogAppender (GrpcLogAppender.java:mayWait(149)) - 6fa005cd-25d6-4e29-bda6-9462a060c098@group-D10ABF48B84E->3d3aac8b-d4d1-454d-bf0c-88a180692893-GrpcLogAppender: Wait interrupted by java.lang.InterruptedException
2019-10-18 07:53:58,394 [org.apache.ratis.server.impl.LogAppender$AppenderDaemon$$Lambda$420/1222076953@637f2f74] WARN  server.GrpcLogAppender (GrpcLogAppender.java:mayWait(149)) - 6fa005cd-25d6-4e29-bda6-9462a060c098@group-D10ABF48B84E->4b487190-7547-40c7-b780-43c37a89e8eb-GrpcLogAppender: Wait interrupted by java.lang.InterruptedException
2019-10-18 07:53:58,397 [Thread-290] INFO  impl.PendingRequests (PendingRequests.java:sendNotLeaderResponses(202)) - 6fa005cd-25d6-4e29-bda6-9462a060c098@group-D10ABF48B84E-PendingRequests: sendNotLeaderResponses
2019-10-18 07:53:58,403 [Thread-280] INFO  impl.FollowerState (FollowerState.java:run(108)) - a3fa570c-ae50-443c-8ab2-043428e82a24@group-44DFB7306C88-FollowerState: change to CANDIDATE, lastRpcTime:184ms, electionTimeout:182ms
2019-10-18 07:53:58,403 [Thread-274] INFO  impl.FollowerState (FollowerState.java:run(108)) - 0fc43408-9179-47bd-a807-e56cc33d805e@group-44DFB7306C88-FollowerState: change to CANDIDATE, lastRpcTime:204ms, electionTimeout:200ms
2019-10-18 07:53:58,405 [Thread-280] INFO  impl.RoleInfo (RoleInfo.java:shutdownFollowerState(121)) - a3fa570c-ae50-443c-8ab2-043428e82a24: shutdown FollowerState
2019-10-18 07:53:58,405 [Thread-274] INFO  impl.RoleInfo (RoleInfo.java:shutdownFollowerState(121)) - 0fc43408-9179-47bd-a807-e56cc33d805e: shutdown FollowerState
2019-10-18 07:53:58,405 [grpc-default-executor-1] INFO  impl.RaftServerImpl (ServerState.java:setLeader(256)) - 3d3aac8b-d4d1-454d-bf0c-88a180692893@group-D10ABF48B84E: change Leader from 6fa005cd-25d6-4e29-bda6-9462a060c098 to null at term 2 for updateCurrentTerm
2019-10-18 07:53:58,405 [Thread-274] INFO  impl.RaftServerImpl (RaftServerImpl.java:setRole(184)) - 0fc43408-9179-47bd-a807-e56cc33d805e@group-44DFB7306C88: changes role from  FOLLOWER to CANDIDATE at term 1 for changeToCandidate
2019-10-18 07:53:58,405 [Thread-280] INFO  impl.RaftServerImpl (RaftServerImpl.java:setRole(184)) - a3fa570c-ae50-443c-8ab2-043428e82a24@group-44DFB7306C88: changes role from  FOLLOWER to CANDIDATE at term 1 for changeToCandidate
2019-10-18 07:53:58,405 [grpc-default-executor-1] INFO  impl.RaftServerImpl (RaftServerImpl.java:setRole(184)) - 3d3aac8b-d4d1-454d-bf0c-88a180692893@group-D10ABF48B84E: changes role from  FOLLOWER to FOLLOWER at term 2 for recognizeCandidate:4b487190-7547-40c7-b780-43c37a89e8eb
2019-10-18 07:53:58,406 [Thread-280] INFO  impl.RoleInfo (RoleInfo.java:updateAndGet(143)) - a3fa570c-ae50-443c-8ab2-043428e82a24: start LeaderElection
2019-10-18 07:53:58,405 [Thread-274] INFO  impl.RoleInfo (RoleInfo.java:updateAndGet(143)) - 0fc43408-9179-47bd-a807-e56cc33d805e: start LeaderElection
2019-10-18 07:53:58,406 [grpc-default-executor-1] INFO  impl.RoleInfo (RoleInfo.java:shutdownFollowerState(121)) - 3d3aac8b-d4d1-454d-bf0c-88a180692893: shutdown FollowerState
2019-10-18 07:53:58,407 [Thread-290] INFO  impl.RoleInfo (RoleInfo.java:updateAndGet(143)) - 6fa005cd-25d6-4e29-bda6-9462a060c098: start FollowerState
2019-10-18 07:53:58,408 [Thread-289] INFO  impl.FollowerState (FollowerState.java:run(117)) - 3d3aac8b-d4d1-454d-bf0c-88a180692893@group-D10ABF48B84E-FollowerState was interrupted: java.lang.InterruptedException: sleep interrupted
2019-10-18 07:53:58,408 [grpc-default-executor-1] INFO  impl.RoleInfo (RoleInfo.java:updateAndGet(143)) - 3d3aac8b-d4d1-454d-bf0c-88a180692893: start FollowerState
2019-10-18 07:53:58,408 [grpc-default-executor-4] INFO  server.GrpcServerProtocolService (GrpcServerProtocolService.java:onCompleted(113)) - 3d3aac8b-d4d1-454d-bf0c-88a180692893: Completed APPEND_ENTRIES, lastRequest: 6fa005cd-25d6-4e29-bda6-9462a060c098->3d3aac8b-d4d1-454d-bf0c-88a180692893#0-t1, previous=(t:0, i:0), leaderCommit=-1, initializing? false, entries: <empty>
2019-10-18 07:53:58,409 [9334f5f3-1c9b-4a41-9735-40b3bdb856ca@group-44DFB7306C88-LeaderElection12] INFO  impl.LeaderElection (LeaderElection.java:askForVotes(178)) - 9334f5f3-1c9b-4a41-9735-40b3bdb856ca@group-44DFB7306C88-LeaderElection12: begin an election at term 2 for -1: [0fc43408-9179-47bd-a807-e56cc33d805e:192.168.69.67:34615, 9334f5f3-1c9b-4a41-9735-40b3bdb856ca:192.168.69.67:35940, a3fa570c-ae50-443c-8ab2-043428e82a24:192.168.69.67:36282], old=null
2019-10-18 07:53:58,408 [grpc-default-executor-3] INFO  server.GrpcServerProtocolService (GrpcServerProtocolService.java:onCompleted(113)) - 4b487190-7547-40c7-b780-43c37a89e8eb: Completed APPEND_ENTRIES, lastRequest: 6fa005cd-25d6-4e29-bda6-9462a060c098->4b487190-7547-40c7-b780-43c37a89e8eb#0-t1, previous=(t:0, i:0), leaderCommit=-1, initializing? false, entries: <empty>
2019-10-18 07:53:58,412 [grpc-default-executor-4] INFO  server.GrpcLogAppender (GrpcLogAppender.java:onCompleted(308)) - 6fa005cd-25d6-4e29-bda6-9462a060c098@group-D10ABF48B84E->3d3aac8b-d4d1-454d-bf0c-88a180692893-AppendLogResponseHandler: follower responses appendEntries COMPLETED
2019-10-18 07:53:58,412 [grpc-default-executor-3] INFO  server.GrpcLogAppender (GrpcLogAppender.java:onCompleted(308)) - 6fa005cd-25d6-4e29-bda6-9462a060c098@group-D10ABF48B84E->4b487190-7547-40c7-b780-43c37a89e8eb-AppendLogResponseHandler: follower responses appendEntries COMPLETED
2019-10-18 07:53:58,417 [grpc-default-executor-4] INFO  impl.FollowerInfo (FollowerInfo.java:lambda$new$0(51)) - 6fa005cd-25d6-4e29-bda6-9462a060c098@group-D10ABF48B84E->3d3aac8b-d4d1-454d-bf0c-88a180692893: nextIndex: updateUnconditionally 0 -> 0
2019-10-18 07:53:58,417 [grpc-default-executor-3] INFO  impl.FollowerInfo (FollowerInfo.java:lambda$new$0(51)) - 6fa005cd-25d6-4e29-bda6-9462a060c098@group-D10ABF48B84E->4b487190-7547-40c7-b780-43c37a89e8eb: nextIndex: updateUnconditionally 0 -> 0
2019-10-18 07:53:58,435 [a3fa570c-ae50-443c-8ab2-043428e82a24@group-44DFB7306C88-LeaderElection14] INFO  impl.LeaderElection (LeaderElection.java:askForVotes(178)) - a3fa570c-ae50-443c-8ab2-043428e82a24@group-44DFB7306C88-LeaderElection14: begin an election at term 2 for -1: [0fc43408-9179-47bd-a807-e56cc33d805e:192.168.69.67:34615, 9334f5f3-1c9b-4a41-9735-40b3bdb856ca:192.168.69.67:35940, a3fa570c-ae50-443c-8ab2-043428e82a24:192.168.69.67:36282], old=null
2019-10-18 07:53:58,435 [grpc-default-executor-0] INFO  impl.RaftServerImpl (RaftServerImpl.java:setRole(184)) - 6fa005cd-25d6-4e29-bda6-9462a060c098@group-D10ABF48B84E: changes role from  FOLLOWER to FOLLOWER at term 2 for recognizeCandidate:4b487190-7547-40c7-b780-43c37a89e8eb
2019-10-18 07:53:58,435 [0fc43408-9179-47bd-a807-e56cc33d805e@group-44DFB7306C88-LeaderElection13] INFO  impl.LeaderElection (LeaderElection.java:askForVotes(178)) - 0fc43408-9179-47bd-a807-e56cc33d805e@group-44DFB7306C88-LeaderElection13: begin an election at term 2 for -1: [0fc43408-9179-47bd-a807-e56cc33d805e:192.168.69.67:34615, 9334f5f3-1c9b-4a41-9735-40b3bdb856ca:192.168.69.67:35940, a3fa570c-ae50-443c-8ab2-043428e82a24:192.168.69.67:36282], old=null
2019-10-18 07:53:58,436 [grpc-default-executor-0] INFO  impl.RoleInfo (RoleInfo.java:shutdownFollowerState(121)) - 6fa005cd-25d6-4e29-bda6-9462a060c098: shutdown FollowerState
2019-10-18 07:53:58,437 [Thread-302] INFO  impl.FollowerState (FollowerState.java:run(117)) - 6fa005cd-25d6-4e29-bda6-9462a060c098@group-D10ABF48B84E-FollowerState was interrupted: java.lang.InterruptedException: sleep interrupted
2019-10-18 07:53:58,437 [grpc-default-executor-0] INFO  impl.RoleInfo (RoleInfo.java:updateAndGet(143)) - 6fa005cd-25d6-4e29-bda6-9462a060c098: start FollowerState
2019-10-18 07:53:58,442 [4b487190-7547-40c7-b780-43c37a89e8eb@group-D10ABF48B84E-LeaderElection11] INFO  impl.LeaderElection (LeaderElection.java:logAndReturn(56)) - 4b487190-7547-40c7-b780-43c37a89e8eb@group-D10ABF48B84E-LeaderElection11: Election PASSED; received 1 response(s) [4b487190-7547-40c7-b780-43c37a89e8eb<-3d3aac8b-d4d1-454d-bf0c-88a180692893#0:OK-t2] and 0 exception(s); 4b487190-7547-40c7-b780-43c37a89e8eb@group-D10ABF48B84E:t2, leader=null, voted=4b487190-7547-40c7-b780-43c37a89e8eb, raftlog=4b487190-7547-40c7-b780-43c37a89e8eb@group-D10ABF48B84E-SegmentedRaftLog:OPENED:c-1,f-1,i0, conf=-1: [6fa005cd-25d6-4e29-bda6-9462a060c098:192.168.69.67:36093, 4b487190-7547-40c7-b780-43c37a89e8eb:192.168.69.67:39683, 3d3aac8b-d4d1-454d-bf0c-88a180692893:192.168.69.67:34429], old=null
2019-10-18 07:53:58,442 [4b487190-7547-40c7-b780-43c37a89e8eb@group-D10ABF48B84E-LeaderElection11] INFO  impl.RoleInfo (RoleInfo.java:shutdownLeaderElection(134)) - 4b487190-7547-40c7-b780-43c37a89e8eb: shutdown LeaderElection
2019-10-18 07:53:58,442 [4b487190-7547-40c7-b780-43c37a89e8eb@group-D10ABF48B84E-LeaderElection11] INFO  impl.RaftServerImpl (RaftServerImpl.java:setRole(184)) - 4b487190-7547-40c7-b780-43c37a89e8eb@group-D10ABF48B84E: changes role from CANDIDATE to LEADER at term 2 for changeToLeader
2019-10-18 07:53:58,443 [4b487190-7547-40c7-b780-43c37a89e8eb@group-D10ABF48B84E-LeaderElection11] INFO  ratis.XceiverServerRatis (XceiverServerRatis.java:handleLeaderChangedNotification(699)) - Leader change notification received for group: group-D10ABF48B84E with new leaderId: 4b487190-7547-40c7-b780-43c37a89e8eb
2019-10-18 07:53:58,443 [4b487190-7547-40c7-b780-43c37a89e8eb@group-D10ABF48B84E-LeaderElection11] INFO  impl.RaftServerImpl (ServerState.java:setLeader(256)) - 4b487190-7547-40c7-b780-43c37a89e8eb@group-D10ABF48B84E: change Leader from null to 4b487190-7547-40c7-b780-43c37a89e8eb at term 2 for becomeLeader, leader elected after 264ms
2019-10-18 07:53:58,444 [4b487190-7547-40c7-b780-43c37a89e8eb@group-D10ABF48B84E-LeaderElection11] INFO  server.RaftServerConfigKeys (ConfUtils.java:logGet(43)) - raft.server.staging.catchup.gap = 1000 (default)
2019-10-18 07:53:58,444 [4b487190-7547-40c7-b780-43c37a89e8eb@group-D10ABF48B84E-LeaderElection11] INFO  server.RaftServerConfigKeys (ConfUtils.java:logGet(43)) - raft.server.rpc.sleep.time = 25ms (default)
2019-10-18 07:53:58,444 [4b487190-7547-40c7-b780-43c37a89e8eb@group-D10ABF48B84E-LeaderElection11] INFO  server.RaftServerConfigKeys (ConfUtils.java:logGet(43)) - raft.server.write.element-limit = 4096 (default)
2019-10-18 07:53:58,447 [4b487190-7547-40c7-b780-43c37a89e8eb@group-D10ABF48B84E-LeaderElection11] INFO  server.RaftServerConfigKeys (ConfUtils.java:logGet(43)) - raft.server.watch.timeout = 10s (default)
2019-10-18 07:53:58,449 [4b487190-7547-40c7-b780-43c37a89e8eb@group-D10ABF48B84E-LeaderElection11] INFO  server.RaftServerConfigKeys (ConfUtils.java:logGet(43)) - raft.server.watch.timeout.denomination = 1s (default)
2019-10-18 07:53:58,449 [4b487190-7547-40c7-b780-43c37a89e8eb@group-D10ABF48B84E-LeaderElection11] INFO  server.RaftServerConfigKeys (ConfUtils.java:logGet(43)) - raft.server.watch.element-limit = 65536 (default)
2019-10-18 07:53:58,449 [9334f5f3-1c9b-4a41-9735-40b3bdb856ca@group-44DFB7306C88-LeaderElection12] INFO  impl.LeaderElection (LeaderElection.java:logAndReturn(56)) - 9334f5f3-1c9b-4a41-9735-40b3bdb856ca@group-44DFB7306C88-LeaderElection12: Election REJECTED; received 2 response(s) [9334f5f3-1c9b-4a41-9735-40b3bdb856ca<-0fc43408-9179-47bd-a807-e56cc33d805e#0:FAIL-t2, 9334f5f3-1c9b-4a41-9735-40b3bdb856ca<-a3fa570c-ae50-443c-8ab2-043428e82a24#0:FAIL-t2] and 0 exception(s); 9334f5f3-1c9b-4a41-9735-40b3bdb856ca@group-44DFB7306C88:t2, leader=null, voted=9334f5f3-1c9b-4a41-9735-40b3bdb856ca, raftlog=9334f5f3-1c9b-4a41-9735-40b3bdb856ca@group-44DFB7306C88-SegmentedRaftLog:OPENED:c-1,f-1,i0, conf=-1: [0fc43408-9179-47bd-a807-e56cc33d805e:192.168.69.67:34615, 9334f5f3-1c9b-4a41-9735-40b3bdb856ca:192.168.69.67:35940, a3fa570c-ae50-443c-8ab2-043428e82a24:192.168.69.67:36282], old=null
2019-10-18 07:53:58,450 [9334f5f3-1c9b-4a41-9735-40b3bdb856ca@group-44DFB7306C88-LeaderElection12] INFO  impl.RaftServerImpl (RaftServerImpl.java:setRole(184)) - 9334f5f3-1c9b-4a41-9735-40b3bdb856ca@group-44DFB7306C88: changes role from CANDIDATE to FOLLOWER at term 2 for DISCOVERED_A_NEW_TERM
2019-10-18 07:53:58,451 [9334f5f3-1c9b-4a41-9735-40b3bdb856ca@group-44DFB7306C88-LeaderElection12] INFO  impl.RoleInfo (RoleInfo.java:shutdownLeaderElection(134)) - 9334f5f3-1c9b-4a41-9735-40b3bdb856ca: shutdown LeaderElection
2019-10-18 07:53:58,454 [9334f5f3-1c9b-4a41-9735-40b3bdb856ca@group-44DFB7306C88-LeaderElection12] INFO  impl.RoleInfo (RoleInfo.java:updateAndGet(143)) - 9334f5f3-1c9b-4a41-9735-40b3bdb856ca: start FollowerState
2019-10-18 07:53:58,454 [EventQueue-PipelineReportForPipelineReportHandler] INFO  pipeline.PipelineReportHandler (PipelineReportHandler.java:processPipelineReport(119)) - Pipeline PipelineID=6aa9752f-bf34-44df-a863-d10abf48b84e reported by 4b487190-7547-40c7-b780-43c37a89e8eb{ip: 192.168.69.67, host: pr-hdds-1868-wx8dl-4219780377, networkLocation: /default-rack, certSerialId: null} with leaderId 4b487190-7547-40c7-b780-43c37a89e8eb
2019-10-18 07:53:58,458 [0fc43408-9179-47bd-a807-e56cc33d805e@group-44DFB7306C88-LeaderElection13] INFO  impl.LeaderElection (LeaderElection.java:logAndReturn(56)) - 0fc43408-9179-47bd-a807-e56cc33d805e@group-44DFB7306C88-LeaderElection13: Election REJECTED; received 2 response(s) [0fc43408-9179-47bd-a807-e56cc33d805e<-9334f5f3-1c9b-4a41-9735-40b3bdb856ca#0:FAIL-t2, 0fc43408-9179-47bd-a807-e56cc33d805e<-a3fa570c-ae50-443c-8ab2-043428e82a24#0:FAIL-t2] and 0 exception(s); 0fc43408-9179-47bd-a807-e56cc33d805e@group-44DFB7306C88:t2, leader=null, voted=0fc43408-9179-47bd-a807-e56cc33d805e, raftlog=0fc43408-9179-47bd-a807-e56cc33d805e@group-44DFB7306C88-SegmentedRaftLog:OPENED:c-1,f-1,i0, conf=-1: [0fc43408-9179-47bd-a807-e56cc33d805e:192.168.69.67:34615, 9334f5f3-1c9b-4a41-9735-40b3bdb856ca:192.168.69.67:35940, a3fa570c-ae50-443c-8ab2-043428e82a24:192.168.69.67:36282], old=null
2019-10-18 07:53:58,459 [0fc43408-9179-47bd-a807-e56cc33d805e@group-44DFB7306C88-LeaderElection13] INFO  impl.RaftServerImpl (RaftServerImpl.java:setRole(184)) - 0fc43408-9179-47bd-a807-e56cc33d805e@group-44DFB7306C88: changes role from CANDIDATE to FOLLOWER at term 2 for DISCOVERED_A_NEW_TERM
2019-10-18 07:53:58,459 [0fc43408-9179-47bd-a807-e56cc33d805e@group-44DFB7306C88-LeaderElection13] INFO  impl.RoleInfo (RoleInfo.java:shutdownLeaderElection(134)) - 0fc43408-9179-47bd-a807-e56cc33d805e: shutdown LeaderElection
2019-10-18 07:53:58,460 [4b487190-7547-40c7-b780-43c37a89e8eb@group-D10ABF48B84E-LeaderElection11] INFO  server.RaftServerConfigKeys (ConfUtils.java:logGet(43)) - raft.server.log.appender.snapshot.chunk.size.max = 16MB (=16777216) (default)
2019-10-18 07:53:58,462 [0fc43408-9179-47bd-a807-e56cc33d805e@group-44DFB7306C88-LeaderElection13] INFO  impl.RoleInfo (RoleInfo.java:updateAndGet(143)) - 0fc43408-9179-47bd-a807-e56cc33d805e: start FollowerState
2019-10-18 07:53:58,462 [4b487190-7547-40c7-b780-43c37a89e8eb@group-D10ABF48B84E-LeaderElection11] INFO  server.RaftServerConfigKeys (ConfUtils.java:logGet(43)) - raft.server.log.appender.buffer.byte-limit = 33554432 (custom)
2019-10-18 07:53:58,462 [a3fa570c-ae50-443c-8ab2-043428e82a24@group-44DFB7306C88-LeaderElection14] INFO  impl.LeaderElection (LeaderElection.java:logAndReturn(56)) - a3fa570c-ae50-443c-8ab2-043428e82a24@group-44DFB7306C88-LeaderElection14: Election REJECTED; received 2 response(s) [a3fa570c-ae50-443c-8ab2-043428e82a24<-0fc43408-9179-47bd-a807-e56cc33d805e#0:FAIL-t2, a3fa570c-ae50-443c-8ab2-043428e82a24<-9334f5f3-1c9b-4a41-9735-40b3bdb856ca#0:FAIL-t2] and 0 exception(s); a3fa570c-ae50-443c-8ab2-043428e82a24@group-44DFB7306C88:t2, leader=null, voted=a3fa570c-ae50-443c-8ab2-043428e82a24, raftlog=a3fa570c-ae50-443c-8ab2-043428e82a24@group-44DFB7306C88-SegmentedRaftLog:OPENED:c-1,f-1,i0, conf=-1: [0fc43408-9179-47bd-a807-e56cc33d805e:192.168.69.67:34615, 9334f5f3-1c9b-4a41-9735-40b3bdb856ca:192.168.69.67:35940, a3fa570c-ae50-443c-8ab2-043428e82a24:192.168.69.67:36282], old=null
2019-10-18 07:53:58,462 [4b487190-7547-40c7-b780-43c37a89e8eb@group-D10ABF48B84E-LeaderElection11] INFO  server.RaftServerConfigKeys (ConfUtils.java:logGet(43)) - raft.server.log.appender.buffer.element-limit = 1 (custom)
2019-10-18 07:53:58,463 [a3fa570c-ae50-443c-8ab2-043428e82a24@group-44DFB7306C88-LeaderElection14] INFO  impl.RaftServerImpl (RaftServerImpl.java:setRole(184)) - a3fa570c-ae50-443c-8ab2-043428e82a24@group-44DFB7306C88: changes role from CANDIDATE to FOLLOWER at term 2 for DISCOVERED_A_NEW_TERM
2019-10-18 07:53:58,465 [4b487190-7547-40c7-b780-43c37a89e8eb@group-D10ABF48B84E-LeaderElection11] INFO  grpc.GrpcConfigKeys$Server (ConfUtils.java:logGet(43)) - raft.grpc.server.leader.outstanding.appends.max = 128 (default)
2019-10-18 07:53:58,466 [a3fa570c-ae50-443c-8ab2-043428e82a24@group-44DFB7306C88-LeaderElection14] INFO  impl.RoleInfo (RoleInfo.java:shutdownLeaderElection(134)) - a3fa570c-ae50-443c-8ab2-043428e82a24: shutdown LeaderElection
2019-10-18 07:53:58,467 [4b487190-7547-40c7-b780-43c37a89e8eb@group-D10ABF48B84E-LeaderElection11] INFO  server.RaftServerConfigKeys (ConfUtils.java:logGet(43)) - raft.server.rpc.request.timeout = 3000ms (default)
2019-10-18 07:53:58,467 [a3fa570c-ae50-443c-8ab2-043428e82a24@group-44DFB7306C88-LeaderElection14] INFO  impl.RoleInfo (RoleInfo.java:updateAndGet(143)) - a3fa570c-ae50-443c-8ab2-043428e82a24: start FollowerState
2019-10-18 07:53:58,467 [4b487190-7547-40c7-b780-43c37a89e8eb@group-D10ABF48B84E-LeaderElection11] INFO  server.RaftServerConfigKeys (ConfUtils.java:logGet(43)) - raft.server.log.appender.install.snapshot.enabled = false (custom)
2019-10-18 07:53:58,471 [4b487190-7547-40c7-b780-43c37a89e8eb@group-D10ABF48B84E-LeaderElection11] INFO  server.RaftServerConfigKeys (ConfUtils.java:logGet(43)) - raft.server.log.appender.snapshot.chunk.size.max = 16MB (=16777216) (default)
2019-10-18 07:53:58,471 [4b487190-7547-40c7-b780-43c37a89e8eb@group-D10ABF48B84E-LeaderElection11] INFO  server.RaftServerConfigKeys (ConfUtils.java:logGet(43)) - raft.server.log.appender.buffer.byte-limit = 33554432 (custom)
2019-10-18 07:53:58,471 [4b487190-7547-40c7-b780-43c37a89e8eb@group-D10ABF48B84E-LeaderElection11] INFO  server.RaftServerConfigKeys (ConfUtils.java:logGet(43)) - raft.server.log.appender.buffer.element-limit = 1 (custom)
2019-10-18 07:53:58,471 [4b487190-7547-40c7-b780-43c37a89e8eb@group-D10ABF48B84E-LeaderElection11] INFO  grpc.GrpcConfigKeys$Server (ConfUtils.java:logGet(43)) - raft.grpc.server.leader.outstanding.appends.max = 128 (default)
2019-10-18 07:53:58,471 [4b487190-7547-40c7-b780-43c37a89e8eb@group-D10ABF48B84E-LeaderElection11] INFO  server.RaftServerConfigKeys (ConfUtils.java:logGet(43)) - raft.server.rpc.request.timeout = 3000ms (default)
2019-10-18 07:53:58,472 [4b487190-7547-40c7-b780-43c37a89e8eb@group-D10ABF48B84E-LeaderElection11] INFO  server.RaftServerConfigKeys (ConfUtils.java:logGet(43)) - raft.server.log.appender.install.snapshot.enabled = false (custom)
2019-10-18 07:53:58,474 [4b487190-7547-40c7-b780-43c37a89e8eb@group-D10ABF48B84E-LeaderElection11] INFO  impl.RoleInfo (RoleInfo.java:updateAndGet(143)) - 4b487190-7547-40c7-b780-43c37a89e8eb: start LeaderState
2019-10-18 07:53:58,474 [4b487190-7547-40c7-b780-43c37a89e8eb@group-D10ABF48B84E-LeaderElection11] INFO  segmented.SegmentedRaftLogWorker (SegmentedRaftLogWorker.java:startLogSegment(385)) - 4b487190-7547-40c7-b780-43c37a89e8eb@group-D10ABF48B84E-SegmentedRaftLogWorker: Starting segment from index:0
2019-10-18 07:53:58,475 [4b487190-7547-40c7-b780-43c37a89e8eb@group-D10ABF48B84E-LeaderElection11] INFO  impl.RaftServerImpl (ServerState.java:setRaftConf(357)) - 4b487190-7547-40c7-b780-43c37a89e8eb@group-D10ABF48B84E: set configuration 0: [6fa005cd-25d6-4e29-bda6-9462a060c098:192.168.69.67:36093, 4b487190-7547-40c7-b780-43c37a89e8eb:192.168.69.67:39683, 3d3aac8b-d4d1-454d-bf0c-88a180692893:192.168.69.67:34429], old=null at 0
2019-10-18 07:53:58,478 [grpc-default-executor-4] INFO  ratis.XceiverServerRatis (XceiverServerRatis.java:handleLeaderChangedNotification(699)) - Leader change notification received for group: group-D10ABF48B84E with new leaderId: 4b487190-7547-40c7-b780-43c37a89e8eb
2019-10-18 07:53:58,478 [grpc-default-executor-0] INFO  ratis.XceiverServerRatis (XceiverServerRatis.java:handleLeaderChangedNotification(699)) - Leader change notification received for group: group-D10ABF48B84E with new leaderId: 4b487190-7547-40c7-b780-43c37a89e8eb
2019-10-18 07:53:58,478 [grpc-default-executor-4] INFO  impl.RaftServerImpl (ServerState.java:setLeader(256)) - 3d3aac8b-d4d1-454d-bf0c-88a180692893@group-D10ABF48B84E: change Leader from null to 4b487190-7547-40c7-b780-43c37a89e8eb at term 2 for appendEntries, leader elected after 73ms
2019-10-18 07:53:58,478 [grpc-default-executor-0] INFO  impl.RaftServerImpl (ServerState.java:setLeader(256)) - 6fa005cd-25d6-4e29-bda6-9462a060c098@group-D10ABF48B84E: change Leader from null to 4b487190-7547-40c7-b780-43c37a89e8eb at term 2 for appendEntries, leader elected after 88ms
2019-10-18 07:53:58,505 [EventQueue-PipelineReportForPipelineReportHandler] INFO  pipeline.PipelineReportHandler (PipelineReportHandler.java:processPipelineReport(119)) - Pipeline PipelineID=6aa9752f-bf34-44df-a863-d10abf48b84e reported by 3d3aac8b-d4d1-454d-bf0c-88a180692893{ip: 192.168.69.67, host: pr-hdds-1868-wx8dl-4219780377, networkLocation: /default-rack, certSerialId: null} with leaderId 4b487190-7547-40c7-b780-43c37a89e8eb
2019-10-18 07:53:58,505 [EventQueue-PipelineReportForPipelineReportHandler] INFO  pipeline.PipelineReportHandler (PipelineReportHandler.java:processPipelineReport(119)) - Pipeline PipelineID=6aa9752f-bf34-44df-a863-d10abf48b84e reported by 6fa005cd-25d6-4e29-bda6-9462a060c098{ip: 192.168.69.67, host: pr-hdds-1868-wx8dl-4219780377, networkLocation: /default-rack, certSerialId: null} with leaderId 4b487190-7547-40c7-b780-43c37a89e8eb
2019-10-18 07:53:58,505 [EventQueue-PipelineReportForPipelineReportHandler] INFO  pipeline.PipelineStateManager (PipelineStateManager.java:openPipeline(134)) - Pipeline Pipeline[ Id: 6aa9752f-bf34-44df-a863-d10abf48b84e, Nodes: 4b487190-7547-40c7-b780-43c37a89e8eb{ip: 192.168.69.67, host: pr-hdds-1868-wx8dl-4219780377, networkLocation: /default-rack, certSerialId: null}3d3aac8b-d4d1-454d-bf0c-88a180692893{ip: 192.168.69.67, host: pr-hdds-1868-wx8dl-4219780377, networkLocation: /default-rack, certSerialId: null}6fa005cd-25d6-4e29-bda6-9462a060c098{ip: 192.168.69.67, host: pr-hdds-1868-wx8dl-4219780377, networkLocation: /default-rack, certSerialId: null}, Type:RATIS, Factor:THREE, State:OPEN] moved to OPEN state
2019-10-18 07:53:58,514 [grpc-default-executor-4] INFO  impl.RaftServerImpl (ServerState.java:setRaftConf(357)) - 3d3aac8b-d4d1-454d-bf0c-88a180692893@group-D10ABF48B84E: set configuration 0: [6fa005cd-25d6-4e29-bda6-9462a060c098:192.168.69.67:36093, 4b487190-7547-40c7-b780-43c37a89e8eb:192.168.69.67:39683, 3d3aac8b-d4d1-454d-bf0c-88a180692893:192.168.69.67:34429], old=null at 0
2019-10-18 07:53:58,514 [grpc-default-executor-0] INFO  impl.RaftServerImpl (ServerState.java:setRaftConf(357)) - 6fa005cd-25d6-4e29-bda6-9462a060c098@group-D10ABF48B84E: set configuration 0: [6fa005cd-25d6-4e29-bda6-9462a060c098:192.168.69.67:36093, 4b487190-7547-40c7-b780-43c37a89e8eb:192.168.69.67:39683, 3d3aac8b-d4d1-454d-bf0c-88a180692893:192.168.69.67:34429], old=null at 0
2019-10-18 07:53:58,515 [grpc-default-executor-4] INFO  segmented.SegmentedRaftLogWorker (SegmentedRaftLogWorker.java:startLogSegment(385)) - 3d3aac8b-d4d1-454d-bf0c-88a180692893@group-D10ABF48B84E-SegmentedRaftLogWorker: Starting segment from index:0
2019-10-18 07:53:58,518 [grpc-default-executor-0] INFO  segmented.SegmentedRaftLogWorker (SegmentedRaftLogWorker.java:truncate(401)) - 6fa005cd-25d6-4e29-bda6-9462a060c098@group-D10ABF48B84E-SegmentedRaftLogWorker: Truncating segments toTruncate: null
  toDelete: [(0, 0) isOpen? true, length=0, newEndIndex=-1], start index 0
2019-10-18 07:53:58,518 [grpc-default-executor-0] INFO  segmented.SegmentedRaftLogWorker (SegmentedRaftLogWorker.java:startLogSegment(385)) - 6fa005cd-25d6-4e29-bda6-9462a060c098@group-D10ABF48B84E-SegmentedRaftLogWorker: Starting segment from index:0
2019-10-18 07:53:58,519 [6fa005cd-25d6-4e29-bda6-9462a060c098@group-D10ABF48B84E-SegmentedRaftLogWorker] INFO  segmented.SegmentedRaftLogWorker (SegmentedRaftLogWorker.java:execute(640)) - 6fa005cd-25d6-4e29-bda6-9462a060c098@group-D10ABF48B84E-SegmentedRaftLogWorker: Deleted log file /workdir/hadoop-ozone/integration-test/target/test-dir/MiniOzoneClusterImpl-58fc3ecd-0fbd-4e7b-a09c-4106a93dde4d/datanode-0/data/ratis/6aa9752f-bf34-44df-a863-d10abf48b84e/current/log_inprogress_0
2019-10-18 07:53:58,520 [6fa005cd-25d6-4e29-bda6-9462a060c098@group-D10ABF48B84E-SegmentedRaftLogWorker] INFO  segmented.SegmentedRaftLogWorker (SegmentedRaftLogWorker.java:lambda$new$0(128)) - 6fa005cd-25d6-4e29-bda6-9462a060c098@group-D10ABF48B84E-SegmentedRaftLogWorker: flushIndex: setUnconditionally 0 -> -1
2019-10-18 07:53:58,527 [4b487190-7547-40c7-b780-43c37a89e8eb@group-D10ABF48B84E-SegmentedRaftLogWorker] INFO  segmented.SegmentedRaftLogWorker (SegmentedRaftLogWorker.java:execute(576)) - 4b487190-7547-40c7-b780-43c37a89e8eb@group-D10ABF48B84E-SegmentedRaftLogWorker: created new log segment /workdir/hadoop-ozone/integration-test/target/test-dir/MiniOzoneClusterImpl-58fc3ecd-0fbd-4e7b-a09c-4106a93dde4d/datanode-4/data/ratis/6aa9752f-bf34-44df-a863-d10abf48b84e/current/log_inprogress_0
2019-10-18 07:53:58,535 [Thread-315] INFO  impl.FollowerState (FollowerState.java:run(108)) - a3fa570c-ae50-443c-8ab2-043428e82a24@group-44DFB7306C88-FollowerState: change to CANDIDATE, lastRpcTime:68ms, electionTimeout:67ms
2019-10-18 07:53:58,535 [Thread-315] INFO  impl.RoleInfo (RoleInfo.java:shutdownFollowerState(121)) - a3fa570c-ae50-443c-8ab2-043428e82a24: shutdown FollowerState
2019-10-18 07:53:58,536 [Thread-315] INFO  impl.RaftServerImpl (RaftServerImpl.java:setRole(184)) - a3fa570c-ae50-443c-8ab2-043428e82a24@group-44DFB7306C88: changes role from  FOLLOWER to CANDIDATE at term 2 for changeToCandidate
2019-10-18 07:53:58,536 [Thread-315] INFO  impl.RoleInfo (RoleInfo.java:updateAndGet(143)) - a3fa570c-ae50-443c-8ab2-043428e82a24: start LeaderElection
2019-10-18 07:53:58,547 [Thread-312] INFO  impl.FollowerState (FollowerState.java:run(108)) - 9334f5f3-1c9b-4a41-9735-40b3bdb856ca@group-44DFB7306C88-FollowerState: change to CANDIDATE, lastRpcTime:94ms, electionTimeout:82ms
2019-10-18 07:53:58,547 [Thread-312] INFO  impl.RoleInfo (RoleInfo.java:shutdownFollowerState(121)) - 9334f5f3-1c9b-4a41-9735-40b3bdb856ca: shutdown FollowerState
2019-10-18 07:53:58,547 [Thread-312] INFO  impl.RaftServerImpl (RaftServerImpl.java:setRole(184)) - 9334f5f3-1c9b-4a41-9735-40b3bdb856ca@group-44DFB7306C88: changes role from  FOLLOWER to CANDIDATE at term 2 for changeToCandidate
2019-10-18 07:53:58,547 [Thread-312] INFO  impl.RoleInfo (RoleInfo.java:updateAndGet(143)) - 9334f5f3-1c9b-4a41-9735-40b3bdb856ca: start LeaderElection
2019-10-18 07:53:58,554 [3d3aac8b-d4d1-454d-bf0c-88a180692893@group-D10ABF48B84E-SegmentedRaftLogWorker] INFO  segmented.SegmentedRaftLogWorker (SegmentedRaftLogWorker.java:execute(576)) - 3d3aac8b-d4d1-454d-bf0c-88a180692893@group-D10ABF48B84E-SegmentedRaftLogWorker: created new log segment /workdir/hadoop-ozone/integration-test/target/test-dir/MiniOzoneClusterImpl-58fc3ecd-0fbd-4e7b-a09c-4106a93dde4d/datanode-2/data/ratis/6aa9752f-bf34-44df-a863-d10abf48b84e/current/log_inprogress_0
2019-10-18 07:53:58,554 [6fa005cd-25d6-4e29-bda6-9462a060c098@group-D10ABF48B84E-SegmentedRaftLogWorker] INFO  segmented.SegmentedRaftLogWorker (SegmentedRaftLogWorker.java:execute(576)) - 6fa005cd-25d6-4e29-bda6-9462a060c098@group-D10ABF48B84E-SegmentedRaftLogWorker: created new log segment /workdir/hadoop-ozone/integration-test/target/test-dir/MiniOzoneClusterImpl-58fc3ecd-0fbd-4e7b-a09c-4106a93dde4d/datanode-0/data/ratis/6aa9752f-bf34-44df-a863-d10abf48b84e/current/log_inprogress_0
2019-10-18 07:53:58,569 [a3fa570c-ae50-443c-8ab2-043428e82a24@group-44DFB7306C88-LeaderElection15] INFO  impl.LeaderElection (LeaderElection.java:askForVotes(178)) - a3fa570c-ae50-443c-8ab2-043428e82a24@group-44DFB7306C88-LeaderElection15: begin an election at term 3 for -1: [0fc43408-9179-47bd-a807-e56cc33d805e:192.168.69.67:34615, 9334f5f3-1c9b-4a41-9735-40b3bdb856ca:192.168.69.67:35940, a3fa570c-ae50-443c-8ab2-043428e82a24:192.168.69.67:36282], old=null
2019-10-18 07:53:58,569 [9334f5f3-1c9b-4a41-9735-40b3bdb856ca@group-44DFB7306C88-LeaderElection16] INFO  impl.LeaderElection (LeaderElection.java:askForVotes(178)) - 9334f5f3-1c9b-4a41-9735-40b3bdb856ca@group-44DFB7306C88-LeaderElection16: begin an election at term 3 for -1: [0fc43408-9179-47bd-a807-e56cc33d805e:192.168.69.67:34615, 9334f5f3-1c9b-4a41-9735-40b3bdb856ca:192.168.69.67:35940, a3fa570c-ae50-443c-8ab2-043428e82a24:192.168.69.67:36282], old=null
2019-10-18 07:53:58,576 [grpc-default-executor-4] INFO  impl.RaftServerImpl (RaftServerImpl.java:setRole(184)) - 0fc43408-9179-47bd-a807-e56cc33d805e@group-44DFB7306C88: changes role from  FOLLOWER to FOLLOWER at term 3 for recognizeCandidate:9334f5f3-1c9b-4a41-9735-40b3bdb856ca
2019-10-18 07:53:58,576 [grpc-default-executor-4] INFO  impl.RoleInfo (RoleInfo.java:shutdownFollowerState(121)) - 0fc43408-9179-47bd-a807-e56cc33d805e: shutdown FollowerState
2019-10-18 07:53:58,576 [grpc-default-executor-4] INFO  impl.RoleInfo (RoleInfo.java:updateAndGet(143)) - 0fc43408-9179-47bd-a807-e56cc33d805e: start FollowerState
2019-10-18 07:53:58,576 [Thread-313] INFO  impl.FollowerState (FollowerState.java:run(117)) - 0fc43408-9179-47bd-a807-e56cc33d805e@group-44DFB7306C88-FollowerState was interrupted: java.lang.InterruptedException: sleep interrupted
2019-10-18 07:53:58,588 [9334f5f3-1c9b-4a41-9735-40b3bdb856ca@group-44DFB7306C88-LeaderElection16] INFO  impl.LeaderElection (LeaderElection.java:logAndReturn(56)) - 9334f5f3-1c9b-4a41-9735-40b3bdb856ca@group-44DFB7306C88-LeaderElection16: Election TIMEOUT; received 1 response(s) [9334f5f3-1c9b-4a41-9735-40b3bdb856ca<-a3fa570c-ae50-443c-8ab2-043428e82a24#0:FAIL-t3] and 0 exception(s); 9334f5f3-1c9b-4a41-9735-40b3bdb856ca@group-44DFB7306C88:t3, leader=null, voted=9334f5f3-1c9b-4a41-9735-40b3bdb856ca, raftlog=9334f5f3-1c9b-4a41-9735-40b3bdb856ca@group-44DFB7306C88-SegmentedRaftLog:OPENED:c-1,f-1,i0, conf=-1: [0fc43408-9179-47bd-a807-e56cc33d805e:192.168.69.67:34615, 9334f5f3-1c9b-4a41-9735-40b3bdb856ca:192.168.69.67:35940, a3fa570c-ae50-443c-8ab2-043428e82a24:192.168.69.67:36282], old=null
2019-10-18 07:53:58,594 [9334f5f3-1c9b-4a41-9735-40b3bdb856ca@group-44DFB7306C88-LeaderElection16] INFO  impl.LeaderElection (LeaderElection.java:askForVotes(178)) - 9334f5f3-1c9b-4a41-9735-40b3bdb856ca@group-44DFB7306C88-LeaderElection16: begin an election at term 4 for -1: [0fc43408-9179-47bd-a807-e56cc33d805e:192.168.69.67:34615, 9334f5f3-1c9b-4a41-9735-40b3bdb856ca:192.168.69.67:35940, a3fa570c-ae50-443c-8ab2-043428e82a24:192.168.69.67:36282], old=null
2019-10-18 07:53:58,597 [a3fa570c-ae50-443c-8ab2-043428e82a24@group-44DFB7306C88-LeaderElection15] INFO  impl.LeaderElection (LeaderElection.java:logAndReturn(56)) - a3fa570c-ae50-443c-8ab2-043428e82a24@group-44DFB7306C88-LeaderElection15: Election REJECTED; received 2 response(s) [a3fa570c-ae50-443c-8ab2-043428e82a24<-0fc43408-9179-47bd-a807-e56cc33d805e#0:FAIL-t3, a3fa570c-ae50-443c-8ab2-043428e82a24<-9334f5f3-1c9b-4a41-9735-40b3bdb856ca#0:FAIL-t3] and 0 exception(s); a3fa570c-ae50-443c-8ab2-043428e82a24@group-44DFB7306C88:t3, leader=null, voted=a3fa570c-ae50-443c-8ab2-043428e82a24, raftlog=a3fa570c-ae50-443c-8ab2-043428e82a24@group-44DFB7306C88-SegmentedRaftLog:OPENED:c-1,f-1,i0, conf=-1: [0fc43408-9179-47bd-a807-e56cc33d805e:192.168.69.67:34615, 9334f5f3-1c9b-4a41-9735-40b3bdb856ca:192.168.69.67:35940, a3fa570c-ae50-443c-8ab2-043428e82a24:192.168.69.67:36282], old=null
2019-10-18 07:53:58,598 [a3fa570c-ae50-443c-8ab2-043428e82a24@group-44DFB7306C88-LeaderElection15] INFO  impl.RaftServerImpl (RaftServerImpl.java:setRole(184)) - a3fa570c-ae50-443c-8ab2-043428e82a24@group-44DFB7306C88: changes role from CANDIDATE to FOLLOWER at term 3 for DISCOVERED_A_NEW_TERM
2019-10-18 07:53:58,600 [a3fa570c-ae50-443c-8ab2-043428e82a24@group-44DFB7306C88-LeaderElection15] INFO  impl.RoleInfo (RoleInfo.java:shutdownLeaderElection(134)) - a3fa570c-ae50-443c-8ab2-043428e82a24: shutdown LeaderElection
2019-10-18 07:53:58,600 [a3fa570c-ae50-443c-8ab2-043428e82a24@group-44DFB7306C88-LeaderElection15] INFO  impl.RoleInfo (RoleInfo.java:updateAndGet(143)) - a3fa570c-ae50-443c-8ab2-043428e82a24: start FollowerState
2019-10-18 07:53:58,603 [grpc-default-executor-0] INFO  impl.RaftServerImpl (RaftServerImpl.java:setRole(184)) - 0fc43408-9179-47bd-a807-e56cc33d805e@group-44DFB7306C88: changes role from  FOLLOWER to FOLLOWER at term 4 for recognizeCandidate:9334f5f3-1c9b-4a41-9735-40b3bdb856ca
2019-10-18 07:53:58,604 [grpc-default-executor-0] INFO  impl.RoleInfo (RoleInfo.java:shutdownFollowerState(121)) - 0fc43408-9179-47bd-a807-e56cc33d805e: shutdown FollowerState
2019-10-18 07:53:58,605 [Thread-329] INFO  impl.FollowerState (FollowerState.java:run(117)) - 0fc43408-9179-47bd-a807-e56cc33d805e@group-44DFB7306C88-FollowerState was interrupted: java.lang.InterruptedException: sleep interrupted
2019-10-18 07:53:58,605 [grpc-default-executor-0] INFO  impl.RoleInfo (RoleInfo.java:updateAndGet(143)) - 0fc43408-9179-47bd-a807-e56cc33d805e: start FollowerState
2019-10-18 07:53:58,607 [grpc-default-executor-4] INFO  impl.RaftServerImpl (RaftServerImpl.java:setRole(184)) - a3fa570c-ae50-443c-8ab2-043428e82a24@group-44DFB7306C88: changes role from  FOLLOWER to FOLLOWER at term 4 for recognizeCandidate:9334f5f3-1c9b-4a41-9735-40b3bdb856ca
2019-10-18 07:53:58,607 [grpc-default-executor-4] INFO  impl.RoleInfo (RoleInfo.java:shutdownFollowerState(121)) - a3fa570c-ae50-443c-8ab2-043428e82a24: shutdown FollowerState
2019-10-18 07:53:58,607 [grpc-default-executor-4] INFO  impl.RoleInfo (RoleInfo.java:updateAndGet(143)) - a3fa570c-ae50-443c-8ab2-043428e82a24: start FollowerState
2019-10-18 07:53:58,607 [Thread-332] INFO  impl.FollowerState (FollowerState.java:run(117)) - a3fa570c-ae50-443c-8ab2-043428e82a24@group-44DFB7306C88-FollowerState was interrupted: java.lang.InterruptedException: sleep interrupted
2019-10-18 07:53:58,636 [9334f5f3-1c9b-4a41-9735-40b3bdb856ca@group-44DFB7306C88-LeaderElection16] INFO  impl.LeaderElection (LeaderElection.java:logAndReturn(56)) - 9334f5f3-1c9b-4a41-9735-40b3bdb856ca@group-44DFB7306C88-LeaderElection16: Election PASSED; received 1 response(s) [9334f5f3-1c9b-4a41-9735-40b3bdb856ca<-0fc43408-9179-47bd-a807-e56cc33d805e#0:OK-t4] and 0 exception(s); 9334f5f3-1c9b-4a41-9735-40b3bdb856ca@group-44DFB7306C88:t4, leader=null, voted=9334f5f3-1c9b-4a41-9735-40b3bdb856ca, raftlog=9334f5f3-1c9b-4a41-9735-40b3bdb856ca@group-44DFB7306C88-SegmentedRaftLog:OPENED:c-1,f-1,i0, conf=-1: [0fc43408-9179-47bd-a807-e56cc33d805e:192.168.69.67:34615, 9334f5f3-1c9b-4a41-9735-40b3bdb856ca:192.168.69.67:35940, a3fa570c-ae50-443c-8ab2-043428e82a24:192.168.69.67:36282], old=null
2019-10-18 07:53:58,637 [9334f5f3-1c9b-4a41-9735-40b3bdb856ca@group-44DFB7306C88-LeaderElection16] INFO  impl.RoleInfo (RoleInfo.java:shutdownLeaderElection(134)) - 9334f5f3-1c9b-4a41-9735-40b3bdb856ca: shutdown LeaderElection
2019-10-18 07:53:58,638 [9334f5f3-1c9b-4a41-9735-40b3bdb856ca@group-44DFB7306C88-LeaderElection16] INFO  impl.RaftServerImpl (RaftServerImpl.java:setRole(184)) - 9334f5f3-1c9b-4a41-9735-40b3bdb856ca@group-44DFB7306C88: changes role from CANDIDATE to LEADER at term 4 for changeToLeader
2019-10-18 07:53:58,638 [9334f5f3-1c9b-4a41-9735-40b3bdb856ca@group-44DFB7306C88-LeaderElection16] INFO  ratis.XceiverServerRatis (XceiverServerRatis.java:handleLeaderChangedNotification(699)) - Leader change notification received for group: group-44DFB7306C88 with new leaderId: 9334f5f3-1c9b-4a41-9735-40b3bdb856ca
2019-10-18 07:53:58,639 [9334f5f3-1c9b-4a41-9735-40b3bdb856ca@group-44DFB7306C88-LeaderElection16] INFO  impl.RaftServerImpl (ServerState.java:setLeader(256)) - 9334f5f3-1c9b-4a41-9735-40b3bdb856ca@group-44DFB7306C88: change Leader from null to 9334f5f3-1c9b-4a41-9735-40b3bdb856ca at term 4 for becomeLeader, leader elected after 656ms
2019-10-18 07:53:58,639 [9334f5f3-1c9b-4a41-9735-40b3bdb856ca@group-44DFB7306C88-LeaderElection16] INFO  server.RaftServerConfigKeys (ConfUtils.java:logGet(43)) - raft.server.staging.catchup.gap = 1000 (default)
2019-10-18 07:53:58,639 [9334f5f3-1c9b-4a41-9735-40b3bdb856ca@group-44DFB7306C88-LeaderElection16] INFO  server.RaftServerConfigKeys (ConfUtils.java:logGet(43)) - raft.server.rpc.sleep.time = 25ms (default)
2019-10-18 07:53:58,639 [9334f5f3-1c9b-4a41-9735-40b3bdb856ca@group-44DFB7306C88-LeaderElection16] INFO  server.RaftServerConfigKeys (ConfUtils.java:logGet(43)) - raft.server.write.element-limit = 4096 (default)
2019-10-18 07:53:58,641 [9334f5f3-1c9b-4a41-9735-40b3bdb856ca@group-44DFB7306C88-LeaderElection16] INFO  server.RaftServerConfigKeys (ConfUtils.java:logGet(43)) - raft.server.watch.timeout = 10s (default)
2019-10-18 07:53:58,641 [9334f5f3-1c9b-4a41-9735-40b3bdb856ca@group-44DFB7306C88-LeaderElection16] INFO  server.RaftServerConfigKeys (ConfUtils.java:logGet(43)) - raft.server.watch.timeout.denomination = 1s (default)
2019-10-18 07:53:58,641 [9334f5f3-1c9b-4a41-9735-40b3bdb856ca@group-44DFB7306C88-LeaderElection16] INFO  server.RaftServerConfigKeys (ConfUtils.java:logGet(43)) - raft.server.watch.element-limit = 65536 (default)
2019-10-18 07:53:58,642 [EventQueue-PipelineReportForPipelineReportHandler] INFO  pipeline.PipelineReportHandler (PipelineReportHandler.java:processPipelineReport(119)) - Pipeline PipelineID=91b36e13-0f7f-4f29-a48b-44dfb7306c88 reported by 9334f5f3-1c9b-4a41-9735-40b3bdb856ca{ip: 192.168.69.67, host: pr-hdds-1868-wx8dl-4219780377, networkLocation: /default-rack, certSerialId: null} with leaderId 9334f5f3-1c9b-4a41-9735-40b3bdb856ca
2019-10-18 07:53:58,645 [9334f5f3-1c9b-4a41-9735-40b3bdb856ca@group-44DFB7306C88-LeaderElection16] INFO  server.RaftServerConfigKeys (ConfUtils.java:logGet(43)) - raft.server.log.appender.snapshot.chunk.size.max = 16MB (=16777216) (default)
2019-10-18 07:53:58,645 [9334f5f3-1c9b-4a41-9735-40b3bdb856ca@group-44DFB7306C88-LeaderElection16] INFO  server.RaftServerConfigKeys (ConfUtils.java:logGet(43)) - raft.server.log.appender.buffer.byte-limit = 33554432 (custom)
2019-10-18 07:53:58,645 [9334f5f3-1c9b-4a41-9735-40b3bdb856ca@group-44DFB7306C88-LeaderElection16] INFO  server.RaftServerConfigKeys (ConfUtils.java:logGet(43)) - raft.server.log.appender.buffer.element-limit = 1 (custom)
2019-10-18 07:53:58,645 [9334f5f3-1c9b-4a41-9735-40b3bdb856ca@group-44DFB7306C88-LeaderElection16] INFO  grpc.GrpcConfigKeys$Server (ConfUtils.java:logGet(43)) - raft.grpc.server.leader.outstanding.appends.max = 128 (default)
2019-10-18 07:53:58,646 [9334f5f3-1c9b-4a41-9735-40b3bdb856ca@group-44DFB7306C88-LeaderElection16] INFO  server.RaftServerConfigKeys (ConfUtils.java:logGet(43)) - raft.server.rpc.request.timeout = 3000ms (default)
2019-10-18 07:53:58,646 [9334f5f3-1c9b-4a41-9735-40b3bdb856ca@group-44DFB7306C88-LeaderElection16] INFO  server.RaftServerConfigKeys (ConfUtils.java:logGet(43)) - raft.server.log.appender.install.snapshot.enabled = false (custom)
2019-10-18 07:53:58,648 [9334f5f3-1c9b-4a41-9735-40b3bdb856ca@group-44DFB7306C88-LeaderElection16] INFO  server.RaftServerConfigKeys (ConfUtils.java:logGet(43)) - raft.server.log.appender.snapshot.chunk.size.max = 16MB (=16777216) (default)
2019-10-18 07:53:58,648 [9334f5f3-1c9b-4a41-9735-40b3bdb856ca@group-44DFB7306C88-LeaderElection16] INFO  server.RaftServerConfigKeys (ConfUtils.java:logGet(43)) - raft.server.log.appender.buffer.byte-limit = 33554432 (custom)
2019-10-18 07:53:58,648 [9334f5f3-1c9b-4a41-9735-40b3bdb856ca@group-44DFB7306C88-LeaderElection16] INFO  server.RaftServerConfigKeys (ConfUtils.java:logGet(43)) - raft.server.log.appender.buffer.element-limit = 1 (custom)
2019-10-18 07:53:58,648 [9334f5f3-1c9b-4a41-9735-40b3bdb856ca@group-44DFB7306C88-LeaderElection16] INFO  grpc.GrpcConfigKeys$Server (ConfUtils.java:logGet(43)) - raft.grpc.server.leader.outstanding.appends.max = 128 (default)
2019-10-18 07:53:58,648 [9334f5f3-1c9b-4a41-9735-40b3bdb856ca@group-44DFB7306C88-LeaderElection16] INFO  server.RaftServerConfigKeys (ConfUtils.java:logGet(43)) - raft.server.rpc.request.timeout = 3000ms (default)
2019-10-18 07:53:58,649 [9334f5f3-1c9b-4a41-9735-40b3bdb856ca@group-44DFB7306C88-LeaderElection16] INFO  server.RaftServerConfigKeys (ConfUtils.java:logGet(43)) - raft.server.log.appender.install.snapshot.enabled = false (custom)
2019-10-18 07:53:58,651 [9334f5f3-1c9b-4a41-9735-40b3bdb856ca@group-44DFB7306C88-LeaderElection16] INFO  impl.RoleInfo (RoleInfo.java:updateAndGet(143)) - 9334f5f3-1c9b-4a41-9735-40b3bdb856ca: start LeaderState
2019-10-18 07:53:58,651 [9334f5f3-1c9b-4a41-9735-40b3bdb856ca@group-44DFB7306C88-LeaderElection16] INFO  segmented.SegmentedRaftLogWorker (SegmentedRaftLogWorker.java:startLogSegment(385)) - 9334f5f3-1c9b-4a41-9735-40b3bdb856ca@group-44DFB7306C88-SegmentedRaftLogWorker: Starting segment from index:0
2019-10-18 07:53:58,652 [9334f5f3-1c9b-4a41-9735-40b3bdb856ca@group-44DFB7306C88-LeaderElection16] INFO  impl.RaftServerImpl (ServerState.java:setRaftConf(357)) - 9334f5f3-1c9b-4a41-9735-40b3bdb856ca@group-44DFB7306C88: set configuration 0: [0fc43408-9179-47bd-a807-e56cc33d805e:192.168.69.67:34615, 9334f5f3-1c9b-4a41-9735-40b3bdb856ca:192.168.69.67:35940, a3fa570c-ae50-443c-8ab2-043428e82a24:192.168.69.67:36282], old=null at 0
2019-10-18 07:53:58,688 [grpc-default-executor-0] INFO  ratis.XceiverServerRatis (XceiverServerRatis.java:handleLeaderChangedNotification(699)) - Leader change notification received for group: group-44DFB7306C88 with new leaderId: 9334f5f3-1c9b-4a41-9735-40b3bdb856ca
2019-10-18 07:53:58,688 [grpc-default-executor-4] INFO  ratis.XceiverServerRatis (XceiverServerRatis.java:handleLeaderChangedNotification(699)) - Leader change notification received for group: group-44DFB7306C88 with new leaderId: 9334f5f3-1c9b-4a41-9735-40b3bdb856ca
2019-10-18 07:53:58,688 [grpc-default-executor-0] INFO  impl.RaftServerImpl (ServerState.java:setLeader(256)) - a3fa570c-ae50-443c-8ab2-043428e82a24@group-44DFB7306C88: change Leader from null to 9334f5f3-1c9b-4a41-9735-40b3bdb856ca at term 4 for appendEntries, leader elected after 706ms
2019-10-18 07:53:58,689 [grpc-default-executor-4] INFO  impl.RaftServerImpl (ServerState.java:setLeader(256)) - 0fc43408-9179-47bd-a807-e56cc33d805e@group-44DFB7306C88: change Leader from null to 9334f5f3-1c9b-4a41-9735-40b3bdb856ca at term 4 for appendEntries, leader elected after 707ms
2019-10-18 07:53:58,693 [EventQueue-PipelineReportForPipelineReportHandler] INFO  pipeline.PipelineReportHandler (PipelineReportHandler.java:processPipelineReport(119)) - Pipeline PipelineID=91b36e13-0f7f-4f29-a48b-44dfb7306c88 reported by a3fa570c-ae50-443c-8ab2-043428e82a24{ip: 192.168.69.67, host: pr-hdds-1868-wx8dl-4219780377, networkLocation: /default-rack, certSerialId: null} with leaderId 9334f5f3-1c9b-4a41-9735-40b3bdb856ca
2019-10-18 07:53:58,693 [EventQueue-PipelineReportForPipelineReportHandler] INFO  pipeline.PipelineReportHandler (PipelineReportHandler.java:processPipelineReport(119)) - Pipeline PipelineID=91b36e13-0f7f-4f29-a48b-44dfb7306c88 reported by 0fc43408-9179-47bd-a807-e56cc33d805e{ip: 192.168.69.67, host: pr-hdds-1868-wx8dl-4219780377, networkLocation: /default-rack, certSerialId: null} with leaderId 9334f5f3-1c9b-4a41-9735-40b3bdb856ca
2019-10-18 07:53:58,694 [EventQueue-PipelineReportForPipelineReportHandler] INFO  pipeline.PipelineStateManager (PipelineStateManager.java:openPipeline(134)) - Pipeline Pipeline[ Id: 91b36e13-0f7f-4f29-a48b-44dfb7306c88, Nodes: 0fc43408-9179-47bd-a807-e56cc33d805e{ip: 192.168.69.67, host: pr-hdds-1868-wx8dl-4219780377, networkLocation: /default-rack, certSerialId: null}a3fa570c-ae50-443c-8ab2-043428e82a24{ip: 192.168.69.67, host: pr-hdds-1868-wx8dl-4219780377, networkLocation: /default-rack, certSerialId: null}9334f5f3-1c9b-4a41-9735-40b3bdb856ca{ip: 192.168.69.67, host: pr-hdds-1868-wx8dl-4219780377, networkLocation: /default-rack, certSerialId: null}, Type:RATIS, Factor:THREE, State:OPEN] moved to OPEN state
2019-10-18 07:53:58,697 [grpc-default-executor-0] INFO  impl.RaftServerImpl (ServerState.java:setRaftConf(357)) - 0fc43408-9179-47bd-a807-e56cc33d805e@group-44DFB7306C88: set configuration 0: [0fc43408-9179-47bd-a807-e56cc33d805e:192.168.69.67:34615, 9334f5f3-1c9b-4a41-9735-40b3bdb856ca:192.168.69.67:35940, a3fa570c-ae50-443c-8ab2-043428e82a24:192.168.69.67:36282], old=null at 0
2019-10-18 07:53:58,697 [grpc-default-executor-4] INFO  impl.RaftServerImpl (ServerState.java:setRaftConf(357)) - a3fa570c-ae50-443c-8ab2-043428e82a24@group-44DFB7306C88: set configuration 0: [0fc43408-9179-47bd-a807-e56cc33d805e:192.168.69.67:34615, 9334f5f3-1c9b-4a41-9735-40b3bdb856ca:192.168.69.67:35940, a3fa570c-ae50-443c-8ab2-043428e82a24:192.168.69.67:36282], old=null at 0
2019-10-18 07:53:58,697 [9334f5f3-1c9b-4a41-9735-40b3bdb856ca@group-44DFB7306C88-SegmentedRaftLogWorker] INFO  segmented.SegmentedRaftLogWorker (SegmentedRaftLogWorker.java:execute(576)) - 9334f5f3-1c9b-4a41-9735-40b3bdb856ca@group-44DFB7306C88-SegmentedRaftLogWorker: created new log segment /workdir/hadoop-ozone/integration-test/target/test-dir/MiniOzoneClusterImpl-58fc3ecd-0fbd-4e7b-a09c-4106a93dde4d/datanode-1/data/ratis/91b36e13-0f7f-4f29-a48b-44dfb7306c88/current/log_inprogress_0
2019-10-18 07:53:58,699 [grpc-default-executor-4] INFO  segmented.SegmentedRaftLogWorker (SegmentedRaftLogWorker.java:startLogSegment(385)) - a3fa570c-ae50-443c-8ab2-043428e82a24@group-44DFB7306C88-SegmentedRaftLogWorker: Starting segment from index:0
2019-10-18 07:53:58,699 [grpc-default-executor-0] INFO  segmented.SegmentedRaftLogWorker (SegmentedRaftLogWorker.java:startLogSegment(385)) - 0fc43408-9179-47bd-a807-e56cc33d805e@group-44DFB7306C88-SegmentedRaftLogWorker: Starting segment from index:0
2019-10-18 07:53:58,740 [0fc43408-9179-47bd-a807-e56cc33d805e@group-44DFB7306C88-SegmentedRaftLogWorker] INFO  segmented.SegmentedRaftLogWorker (SegmentedRaftLogWorker.java:execute(576)) - 0fc43408-9179-47bd-a807-e56cc33d805e@group-44DFB7306C88-SegmentedRaftLogWorker: created new log segment /workdir/hadoop-ozone/integration-test/target/test-dir/MiniOzoneClusterImpl-58fc3ecd-0fbd-4e7b-a09c-4106a93dde4d/datanode-3/data/ratis/91b36e13-0f7f-4f29-a48b-44dfb7306c88/current/log_inprogress_0
2019-10-18 07:53:58,740 [a3fa570c-ae50-443c-8ab2-043428e82a24@group-44DFB7306C88-SegmentedRaftLogWorker] INFO  segmented.SegmentedRaftLogWorker (SegmentedRaftLogWorker.java:execute(576)) - a3fa570c-ae50-443c-8ab2-043428e82a24@group-44DFB7306C88-SegmentedRaftLogWorker: created new log segment /workdir/hadoop-ozone/integration-test/target/test-dir/MiniOzoneClusterImpl-58fc3ecd-0fbd-4e7b-a09c-4106a93dde4d/datanode-5/data/ratis/91b36e13-0f7f-4f29-a48b-44dfb7306c88/current/log_inprogress_0
2019-10-18 07:53:59,259 [Thread-0] INFO  ozone.MiniOzoneClusterImpl (MiniOzoneClusterImpl.java:lambda$waitForClusterToBeReady$2(172)) - Cluster is ready. Got 6 of 6 DN Heartbeats.
2019-10-18 07:53:59,260 [Thread-0] INFO  pipeline.SCMPipelineManager (SCMPipelineManager.java:finalizeAndDestroyPipeline(315)) - destroying pipeline:Pipeline[ Id: 6aa9752f-bf34-44df-a863-d10abf48b84e, Nodes: 4b487190-7547-40c7-b780-43c37a89e8eb{ip: 192.168.69.67, host: pr-hdds-1868-wx8dl-4219780377, networkLocation: /default-rack, certSerialId: null}3d3aac8b-d4d1-454d-bf0c-88a180692893{ip: 192.168.69.67, host: pr-hdds-1868-wx8dl-4219780377, networkLocation: /default-rack, certSerialId: null}6fa005cd-25d6-4e29-bda6-9462a060c098{ip: 192.168.69.67, host: pr-hdds-1868-wx8dl-4219780377, networkLocation: /default-rack, certSerialId: null}, Type:RATIS, Factor:THREE, State:OPEN]
2019-10-18 07:53:59,260 [Thread-0] INFO  pipeline.PipelineStateManager (PipelineStateManager.java:finalizePipeline(121)) - Pipeline Pipeline[ Id: 6aa9752f-bf34-44df-a863-d10abf48b84e, Nodes: 4b487190-7547-40c7-b780-43c37a89e8eb{ip: 192.168.69.67, host: pr-hdds-1868-wx8dl-4219780377, networkLocation: /default-rack, certSerialId: null}3d3aac8b-d4d1-454d-bf0c-88a180692893{ip: 192.168.69.67, host: pr-hdds-1868-wx8dl-4219780377, networkLocation: /default-rack, certSerialId: null}6fa005cd-25d6-4e29-bda6-9462a060c098{ip: 192.168.69.67, host: pr-hdds-1868-wx8dl-4219780377, networkLocation: /default-rack, certSerialId: null}, Type:RATIS, Factor:THREE, State:CLOSED] moved to CLOSED state
2019-10-18 07:53:59,277 [grpc-default-executor-4] INFO  impl.RaftServerProxy (RaftServerProxy.java:remove(95)) - 4b487190-7547-40c7-b780-43c37a89e8eb: remove    LEADER 4b487190-7547-40c7-b780-43c37a89e8eb@group-D10ABF48B84E:t2, leader=4b487190-7547-40c7-b780-43c37a89e8eb, voted=4b487190-7547-40c7-b780-43c37a89e8eb, raftlog=4b487190-7547-40c7-b780-43c37a89e8eb@group-D10ABF48B84E-SegmentedRaftLog:OPENED:c0,f0,i0, conf=0: [6fa005cd-25d6-4e29-bda6-9462a060c098:192.168.69.67:36093, 4b487190-7547-40c7-b780-43c37a89e8eb:192.168.69.67:39683, 3d3aac8b-d4d1-454d-bf0c-88a180692893:192.168.69.67:34429], old=null RUNNING
2019-10-18 07:53:59,282 [grpc-default-executor-4] INFO  impl.RaftServerImpl (RaftServerImpl.java:lambda$shutdown$3(261)) - 4b487190-7547-40c7-b780-43c37a89e8eb@group-D10ABF48B84E: shutdown
2019-10-18 07:53:59,283 [grpc-default-executor-4] INFO  util.JmxRegister (JmxRegister.java:unregister(73)) - Successfully un-registered JMX Bean with object name Ratis:service=RaftServer,group=group-D10ABF48B84E,id=4b487190-7547-40c7-b780-43c37a89e8eb
2019-10-18 07:53:59,283 [grpc-default-executor-4] INFO  impl.RoleInfo (RoleInfo.java:shutdownLeaderState(104)) - 4b487190-7547-40c7-b780-43c37a89e8eb: shutdown LeaderState
2019-10-18 07:53:59,286 [org.apache.ratis.server.impl.LogAppender$AppenderDaemon$$Lambda$420/1222076953@7798703f] WARN  server.GrpcLogAppender (GrpcLogAppender.java:mayWait(149)) - 4b487190-7547-40c7-b780-43c37a89e8eb@group-D10ABF48B84E->6fa005cd-25d6-4e29-bda6-9462a060c098-GrpcLogAppender: Wait interrupted by java.lang.InterruptedException
2019-10-18 07:53:59,287 [org.apache.ratis.server.impl.LogAppender$AppenderDaemon$$Lambda$420/1222076953@462560d0] WARN  server.GrpcLogAppender (GrpcLogAppender.java:mayWait(149)) - 4b487190-7547-40c7-b780-43c37a89e8eb@group-D10ABF48B84E->3d3aac8b-d4d1-454d-bf0c-88a180692893-GrpcLogAppender: Wait interrupted by java.lang.InterruptedException
2019-10-18 07:53:59,287 [grpc-default-executor-4] INFO  impl.PendingRequests (PendingRequests.java:sendNotLeaderResponses(202)) - 4b487190-7547-40c7-b780-43c37a89e8eb@group-D10ABF48B84E-PendingRequests: sendNotLeaderResponses
2019-10-18 07:53:59,291 [grpc-default-executor-4] INFO  impl.StateMachineUpdater (StateMachineUpdater.java:stopAndJoin(136)) - 4b487190-7547-40c7-b780-43c37a89e8eb@group-D10ABF48B84E-StateMachineUpdater: set stopIndex = 0
2019-10-18 07:53:59,292 [grpc-default-executor-4] INFO  impl.RaftServerImpl (ServerState.java:close(388)) - 4b487190-7547-40c7-b780-43c37a89e8eb@group-D10ABF48B84E: closes. applyIndex: 0
2019-10-18 07:53:59,292 [grpc-default-executor-1] INFO  server.GrpcServerProtocolService (GrpcServerProtocolService.java:onCompleted(113)) - 3d3aac8b-d4d1-454d-bf0c-88a180692893: Completed APPEND_ENTRIES, lastRequest: 4b487190-7547-40c7-b780-43c37a89e8eb->3d3aac8b-d4d1-454d-bf0c-88a180692893#1-t2, previous=(t:0, i:0), leaderCommit=-1, initializing? false, entries: size=1, first=(t:2, i:0), CONFIGURATIONENTRY
2019-10-18 07:53:59,292 [grpc-default-executor-0] INFO  server.GrpcServerProtocolService (GrpcServerProtocolService.java:onCompleted(113)) - 6fa005cd-25d6-4e29-bda6-9462a060c098: Completed APPEND_ENTRIES, lastRequest: 4b487190-7547-40c7-b780-43c37a89e8eb->6fa005cd-25d6-4e29-bda6-9462a060c098#1-t2, previous=(t:0, i:0), leaderCommit=-1, initializing? false, entries: size=1, first=(t:2, i:0), CONFIGURATIONENTRY
2019-10-18 07:53:59,294 [grpc-default-executor-1] INFO  server.GrpcLogAppender (GrpcLogAppender.java:onCompleted(308)) - 4b487190-7547-40c7-b780-43c37a89e8eb@group-D10ABF48B84E->3d3aac8b-d4d1-454d-bf0c-88a180692893-AppendLogResponseHandler: follower responses appendEntries COMPLETED
2019-10-18 07:53:59,294 [grpc-default-executor-0] INFO  server.GrpcLogAppender (GrpcLogAppender.java:onCompleted(308)) - 4b487190-7547-40c7-b780-43c37a89e8eb@group-D10ABF48B84E->6fa005cd-25d6-4e29-bda6-9462a060c098-AppendLogResponseHandler: follower responses appendEntries COMPLETED
2019-10-18 07:53:59,296 [4b487190-7547-40c7-b780-43c37a89e8eb@group-D10ABF48B84E-SegmentedRaftLogWorker] INFO  segmented.SegmentedRaftLogWorker (SegmentedRaftLogWorker.java:run(316)) - 4b487190-7547-40c7-b780-43c37a89e8eb@group-D10ABF48B84E-SegmentedRaftLogWorker was interrupted, exiting. There are 0 tasks remaining in the queue.
2019-10-18 07:53:59,298 [grpc-default-executor-4] INFO  segmented.SegmentedRaftLogWorker (SegmentedRaftLogWorker.java:close(224)) - 4b487190-7547-40c7-b780-43c37a89e8eb@group-D10ABF48B84E-SegmentedRaftLogWorker close()
2019-10-18 07:53:59,298 [grpc-default-executor-1] INFO  impl.FollowerInfo (FollowerInfo.java:lambda$new$0(51)) - 4b487190-7547-40c7-b780-43c37a89e8eb@group-D10ABF48B84E->3d3aac8b-d4d1-454d-bf0c-88a180692893: nextIndex: updateUnconditionally 1 -> 0
2019-10-18 07:53:59,304 [grpc-default-executor-0] INFO  impl.FollowerInfo (FollowerInfo.java:lambda$new$0(51)) - 4b487190-7547-40c7-b780-43c37a89e8eb@group-D10ABF48B84E->6fa005cd-25d6-4e29-bda6-9462a060c098: nextIndex: updateUnconditionally 1 -> 0
2019-10-18 07:53:59,324 [grpc-default-executor-4] INFO  impl.RaftServerProxy (RaftServerProxy.java:remove(95)) - 3d3aac8b-d4d1-454d-bf0c-88a180692893: remove  FOLLOWER 3d3aac8b-d4d1-454d-bf0c-88a180692893@group-D10ABF48B84E:t2, leader=4b487190-7547-40c7-b780-43c37a89e8eb, voted=4b487190-7547-40c7-b780-43c37a89e8eb, raftlog=3d3aac8b-d4d1-454d-bf0c-88a180692893@group-D10ABF48B84E-SegmentedRaftLog:OPENED:c-1,f0,i0, conf=0: [6fa005cd-25d6-4e29-bda6-9462a060c098:192.168.69.67:36093, 4b487190-7547-40c7-b780-43c37a89e8eb:192.168.69.67:39683, 3d3aac8b-d4d1-454d-bf0c-88a180692893:192.168.69.67:34429], old=null RUNNING
2019-10-18 07:53:59,324 [grpc-default-executor-4] INFO  impl.RaftServerImpl (RaftServerImpl.java:lambda$shutdown$3(261)) - 3d3aac8b-d4d1-454d-bf0c-88a180692893@group-D10ABF48B84E: shutdown
2019-10-18 07:53:59,325 [grpc-default-executor-4] INFO  util.JmxRegister (JmxRegister.java:unregister(73)) - Successfully un-registered JMX Bean with object name Ratis:service=RaftServer,group=group-D10ABF48B84E,id=3d3aac8b-d4d1-454d-bf0c-88a180692893
2019-10-18 07:53:59,325 [grpc-default-executor-4] INFO  impl.RoleInfo (RoleInfo.java:shutdownFollowerState(121)) - 3d3aac8b-d4d1-454d-bf0c-88a180692893: shutdown FollowerState
2019-10-18 07:53:59,325 [grpc-default-executor-4] INFO  impl.StateMachineUpdater (StateMachineUpdater.java:stopAndJoin(136)) - 3d3aac8b-d4d1-454d-bf0c-88a180692893@group-D10ABF48B84E-StateMachineUpdater: set stopIndex = -1
2019-10-18 07:53:59,325 [Thread-303] INFO  impl.FollowerState (FollowerState.java:run(117)) - 3d3aac8b-d4d1-454d-bf0c-88a180692893@group-D10ABF48B84E-FollowerState was interrupted: java.lang.InterruptedException: sleep interrupted
2019-10-18 07:53:59,331 [grpc-default-executor-4] INFO  impl.RaftServerImpl (ServerState.java:close(388)) - 3d3aac8b-d4d1-454d-bf0c-88a180692893@group-D10ABF48B84E: closes. applyIndex: -1
2019-10-18 07:53:59,331 [3d3aac8b-d4d1-454d-bf0c-88a180692893@group-D10ABF48B84E-SegmentedRaftLogWorker] INFO  segmented.SegmentedRaftLogWorker (SegmentedRaftLogWorker.java:run(316)) - 3d3aac8b-d4d1-454d-bf0c-88a180692893@group-D10ABF48B84E-SegmentedRaftLogWorker was interrupted, exiting. There are 0 tasks remaining in the queue.
2019-10-18 07:53:59,336 [grpc-default-executor-4] INFO  segmented.SegmentedRaftLogWorker (SegmentedRaftLogWorker.java:close(224)) - 3d3aac8b-d4d1-454d-bf0c-88a180692893@group-D10ABF48B84E-SegmentedRaftLogWorker close()
2019-10-18 07:53:59,359 [grpc-default-executor-4] INFO  impl.RaftServerProxy (RaftServerProxy.java:remove(95)) - 6fa005cd-25d6-4e29-bda6-9462a060c098: remove  FOLLOWER 6fa005cd-25d6-4e29-bda6-9462a060c098@group-D10ABF48B84E:t2, leader=4b487190-7547-40c7-b780-43c37a89e8eb, voted=null, raftlog=6fa005cd-25d6-4e29-bda6-9462a060c098@group-D10ABF48B84E-SegmentedRaftLog:OPENED:c0,f0,i0, conf=0: [6fa005cd-25d6-4e29-bda6-9462a060c098:192.168.69.67:36093, 4b487190-7547-40c7-b780-43c37a89e8eb:192.168.69.67:39683, 3d3aac8b-d4d1-454d-bf0c-88a180692893:192.168.69.67:34429], old=null RUNNING
2019-10-18 07:53:59,360 [grpc-default-executor-4] INFO  impl.RaftServerImpl (RaftServerImpl.java:lambda$shutdown$3(261)) - 6fa005cd-25d6-4e29-bda6-9462a060c098@group-D10ABF48B84E: shutdown
2019-10-18 07:53:59,360 [grpc-default-executor-4] INFO  util.JmxRegister (JmxRegister.java:unregister(73)) - Successfully un-registered JMX Bean with object name Ratis:service=RaftServer,group=group-D10ABF48B84E,id=6fa005cd-25d6-4e29-bda6-9462a060c098
2019-10-18 07:53:59,360 [grpc-default-executor-4] INFO  impl.RoleInfo (RoleInfo.java:shutdownFollowerState(121)) - 6fa005cd-25d6-4e29-bda6-9462a060c098: shutdown FollowerState
2019-10-18 07:53:59,360 [grpc-default-executor-4] INFO  impl.StateMachineUpdater (StateMachineUpdater.java:stopAndJoin(136)) - 6fa005cd-25d6-4e29-bda6-9462a060c098@group-D10ABF48B84E-StateMachineUpdater: set stopIndex = 0
2019-10-18 07:53:59,360 [Thread-309] INFO  impl.FollowerState (FollowerState.java:run(117)) - 6fa005cd-25d6-4e29-bda6-9462a060c098@group-D10ABF48B84E-FollowerState was interrupted: java.lang.InterruptedException: sleep interrupted
2019-10-18 07:53:59,362 [grpc-default-executor-4] INFO  impl.RaftServerImpl (ServerState.java:close(388)) - 6fa005cd-25d6-4e29-bda6-9462a060c098@group-D10ABF48B84E: closes. applyIndex: 0
2019-10-18 07:53:59,362 [6fa005cd-25d6-4e29-bda6-9462a060c098@group-D10ABF48B84E-SegmentedRaftLogWorker] INFO  segmented.SegmentedRaftLogWorker (SegmentedRaftLogWorker.java:run(316)) - 6fa005cd-25d6-4e29-bda6-9462a060c098@group-D10ABF48B84E-SegmentedRaftLogWorker was interrupted, exiting. There are 0 tasks remaining in the queue.
2019-10-18 07:53:59,364 [grpc-default-executor-4] INFO  segmented.SegmentedRaftLogWorker (SegmentedRaftLogWorker.java:close(224)) - 6fa005cd-25d6-4e29-bda6-9462a060c098@group-D10ABF48B84E-SegmentedRaftLogWorker close()
2019-10-18 07:53:59,375 [Thread-0] INFO  pipeline.PipelineStateManager (PipelineStateManager.java:removePipeline(106)) - Pipeline Pipeline[ Id: 6aa9752f-bf34-44df-a863-d10abf48b84e, Nodes: 4b487190-7547-40c7-b780-43c37a89e8eb{ip: 192.168.69.67, host: pr-hdds-1868-wx8dl-4219780377, networkLocation: /default-rack, certSerialId: null}3d3aac8b-d4d1-454d-bf0c-88a180692893{ip: 192.168.69.67, host: pr-hdds-1868-wx8dl-4219780377, networkLocation: /default-rack, certSerialId: null}6fa005cd-25d6-4e29-bda6-9462a060c098{ip: 192.168.69.67, host: pr-hdds-1868-wx8dl-4219780377, networkLocation: /default-rack, certSerialId: null}, Type:RATIS, Factor:THREE, State:CLOSED] removed from db
2019-10-18 07:53:59,376 [Thread-0] INFO  pipeline.SCMPipelineManager (SCMPipelineManager.java:finalizeAndDestroyPipeline(315)) - destroying pipeline:Pipeline[ Id: 91b36e13-0f7f-4f29-a48b-44dfb7306c88, Nodes: 0fc43408-9179-47bd-a807-e56cc33d805e{ip: 192.168.69.67, host: pr-hdds-1868-wx8dl-4219780377, networkLocation: /default-rack, certSerialId: null}a3fa570c-ae50-443c-8ab2-043428e82a24{ip: 192.168.69.67, host: pr-hdds-1868-wx8dl-4219780377, networkLocation: /default-rack, certSerialId: null}9334f5f3-1c9b-4a41-9735-40b3bdb856ca{ip: 192.168.69.67, host: pr-hdds-1868-wx8dl-4219780377, networkLocation: /default-rack, certSerialId: null}, Type:RATIS, Factor:THREE, State:OPEN]
2019-10-18 07:53:59,387 [grpc-default-executor-1] INFO  impl.RaftServerProxy (RaftServerProxy.java:addNew(89)) - 3d3aac8b-d4d1-454d-bf0c-88a180692893: addNew group-FA184079DE45:[6fa005cd-25d6-4e29-bda6-9462a060c098:192.168.69.67:36093, 4b487190-7547-40c7-b780-43c37a89e8eb:192.168.69.67:39683, 3d3aac8b-d4d1-454d-bf0c-88a180692893:192.168.69.67:34429] returns group-FA184079DE45:java.util.concurrent.CompletableFuture@1d221ec6[Not completed]
2019-10-18 07:53:59,393 [grpc-default-executor-4] INFO  impl.RaftServerProxy (RaftServerProxy.java:addNew(89)) - 6fa005cd-25d6-4e29-bda6-9462a060c098: addNew group-FA184079DE45:[6fa005cd-25d6-4e29-bda6-9462a060c098:192.168.69.67:36093, 4b487190-7547-40c7-b780-43c37a89e8eb:192.168.69.67:39683, 3d3aac8b-d4d1-454d-bf0c-88a180692893:192.168.69.67:34429] returns group-FA184079DE45:java.util.concurrent.CompletableFuture@98e9b5e[Not completed]
2019-10-18 07:53:59,393 [grpc-default-executor-0] INFO  impl.RaftServerProxy (RaftServerProxy.java:addNew(89)) - 4b487190-7547-40c7-b780-43c37a89e8eb: addNew group-FA184079DE45:[6fa005cd-25d6-4e29-bda6-9462a060c098:192.168.69.67:36093, 4b487190-7547-40c7-b780-43c37a89e8eb:192.168.69.67:39683, 3d3aac8b-d4d1-454d-bf0c-88a180692893:192.168.69.67:34429] returns group-FA184079DE45:java.util.concurrent.CompletableFuture@2875dc77[Not completed]
2019-10-18 07:53:59,397 [pool-47-thread-1] INFO  impl.RaftServerImpl (RaftServerImpl.java:<init>(104)) - 3d3aac8b-d4d1-454d-bf0c-88a180692893: new RaftServerImpl for group-FA184079DE45:[6fa005cd-25d6-4e29-bda6-9462a060c098:192.168.69.67:36093, 4b487190-7547-40c7-b780-43c37a89e8eb:192.168.69.67:39683, 3d3aac8b-d4d1-454d-bf0c-88a180692893:192.168.69.67:34429] with ContainerStateMachine:uninitialized
2019-10-18 07:53:59,398 [pool-47-thread-1] INFO  server.RaftServerConfigKeys (ConfUtils.java:logGet(43)) - raft.server.rpc.timeout.min = 5s (custom)
2019-10-18 07:53:59,398 [pool-47-thread-1] INFO  server.RaftServerConfigKeys (ConfUtils.java:logGet(43)) - raft.server.rpc.timeout.max = 5200ms (custom)
2019-10-18 07:53:59,398 [pool-47-thread-1] INFO  server.RaftServerConfigKeys (ConfUtils.java:logGet(43)) - raft.server.rpcslowness.timeout = 120s (custom)
2019-10-18 07:53:59,398 [pool-47-thread-1] INFO  server.RaftServerConfigKeys (ConfUtils.java:logGet(43)) - raft.server.sleep.deviation.threshold = 300 (default)
2019-10-18 07:53:59,398 [pool-47-thread-1] INFO  server.RaftServerConfigKeys (ConfUtils.java:logGet(43)) - raft.server.log.appender.install.snapshot.enabled = false (custom)
2019-10-18 07:53:59,398 [pool-47-thread-1] INFO  impl.RaftServerImpl (ServerState.java:<init>(103)) - 3d3aac8b-d4d1-454d-bf0c-88a180692893@group-FA184079DE45: ConfigurationManager, init=-1: [6fa005cd-25d6-4e29-bda6-9462a060c098:192.168.69.67:36093, 4b487190-7547-40c7-b780-43c37a89e8eb:192.168.69.67:39683, 3d3aac8b-d4d1-454d-bf0c-88a180692893:192.168.69.67:34429], old=null, confs=<EMPTY_MAP>
2019-10-18 07:53:59,399 [pool-47-thread-1] INFO  server.RaftServerConfigKeys (ConfUtils.java:logGet(43)) - raft.server.storage.dir = [/workdir/hadoop-ozone/integration-test/target/test-dir/MiniOzoneClusterImpl-58fc3ecd-0fbd-4e7b-a09c-4106a93dde4d/datanode-2/data/ratis] (custom)
2019-10-18 07:53:59,399 [pool-47-thread-1] INFO  server.RaftServerConfigKeys (ConfUtils.java:logGet(43)) - raft.server.log.corruption.policy = EXCEPTION (default)
2019-10-18 07:53:59,399 [pool-47-thread-1] INFO  storage.RaftStorageDirectory (RaftStorageDirectory.java:analyzeStorage(246)) - The storage directory /workdir/hadoop-ozone/integration-test/target/test-dir/MiniOzoneClusterImpl-58fc3ecd-0fbd-4e7b-a09c-4106a93dde4d/datanode-2/data/ratis/ed4be432-50bd-4653-8b57-fa184079de45 does not exist. Creating ...
2019-10-18 07:53:59,399 [pool-27-thread-1] INFO  impl.RaftServerImpl (RaftServerImpl.java:<init>(104)) - 6fa005cd-25d6-4e29-bda6-9462a060c098: new RaftServerImpl for group-FA184079DE45:[6fa005cd-25d6-4e29-bda6-9462a060c098:192.168.69.67:36093, 4b487190-7547-40c7-b780-43c37a89e8eb:192.168.69.67:39683, 3d3aac8b-d4d1-454d-bf0c-88a180692893:192.168.69.67:34429] with ContainerStateMachine:uninitialized
2019-10-18 07:53:59,400 [pool-27-thread-1] INFO  server.RaftServerConfigKeys (ConfUtils.java:logGet(43)) - raft.server.rpc.timeout.min = 5s (custom)
2019-10-18 07:53:59,400 [pool-27-thread-1] INFO  server.RaftServerConfigKeys (ConfUtils.java:logGet(43)) - raft.server.rpc.timeout.max = 5200ms (custom)
2019-10-18 07:53:59,400 [pool-27-thread-1] INFO  server.RaftServerConfigKeys (ConfUtils.java:logGet(43)) - raft.server.rpcslowness.timeout = 120s (custom)
2019-10-18 07:53:59,401 [pool-27-thread-1] INFO  server.RaftServerConfigKeys (ConfUtils.java:logGet(43)) - raft.server.sleep.deviation.threshold = 300 (default)
2019-10-18 07:53:59,401 [pool-67-thread-1] INFO  impl.RaftServerImpl (RaftServerImpl.java:<init>(104)) - 4b487190-7547-40c7-b780-43c37a89e8eb: new RaftServerImpl for group-FA184079DE45:[6fa005cd-25d6-4e29-bda6-9462a060c098:192.168.69.67:36093, 4b487190-7547-40c7-b780-43c37a89e8eb:192.168.69.67:39683, 3d3aac8b-d4d1-454d-bf0c-88a180692893:192.168.69.67:34429] with ContainerStateMachine:uninitialized
2019-10-18 07:53:59,401 [pool-27-thread-1] INFO  server.RaftServerConfigKeys (ConfUtils.java:logGet(43)) - raft.server.log.appender.install.snapshot.enabled = false (custom)
2019-10-18 07:53:59,401 [pool-67-thread-1] INFO  server.RaftServerConfigKeys (ConfUtils.java:logGet(43)) - raft.server.rpc.timeout.min = 5s (custom)
2019-10-18 07:53:59,401 [pool-27-thread-1] INFO  impl.RaftServerImpl (ServerState.java:<init>(103)) - 6fa005cd-25d6-4e29-bda6-9462a060c098@group-FA184079DE45: ConfigurationManager, init=-1: [6fa005cd-25d6-4e29-bda6-9462a060c098:192.168.69.67:36093, 4b487190-7547-40c7-b780-43c37a89e8eb:192.168.69.67:39683, 3d3aac8b-d4d1-454d-bf0c-88a180692893:192.168.69.67:34429], old=null, confs=<EMPTY_MAP>
2019-10-18 07:53:59,401 [pool-67-thread-1] INFO  server.RaftServerConfigKeys (ConfUtils.java:logGet(43)) - raft.server.rpc.timeout.max = 5200ms (custom)
2019-10-18 07:53:59,401 [pool-67-thread-1] INFO  server.RaftServerConfigKeys (ConfUtils.java:logGet(43)) - raft.server.rpcslowness.timeout = 120s (custom)
2019-10-18 07:53:59,401 [pool-27-thread-1] INFO  server.RaftServerConfigKeys (ConfUtils.java:logGet(43)) - raft.server.storage.dir = [/workdir/hadoop-ozone/integration-test/target/test-dir/MiniOzoneClusterImpl-58fc3ecd-0fbd-4e7b-a09c-4106a93dde4d/datanode-0/data/ratis] (custom)
2019-10-18 07:53:59,402 [pool-67-thread-1] INFO  server.RaftServerConfigKeys (ConfUtils.java:logGet(43)) - raft.server.sleep.deviation.threshold = 300 (default)
2019-10-18 07:53:59,402 [pool-67-thread-1] INFO  server.RaftServerConfigKeys (ConfUtils.java:logGet(43)) - raft.server.log.appender.install.snapshot.enabled = false (custom)
2019-10-18 07:53:59,402 [pool-67-thread-1] INFO  impl.RaftServerImpl (ServerState.java:<init>(103)) - 4b487190-7547-40c7-b780-43c37a89e8eb@group-FA184079DE45: ConfigurationManager, init=-1: [6fa005cd-25d6-4e29-bda6-9462a060c098:192.168.69.67:36093, 4b487190-7547-40c7-b780-43c37a89e8eb:192.168.69.67:39683, 3d3aac8b-d4d1-454d-bf0c-88a180692893:192.168.69.67:34429], old=null, confs=<EMPTY_MAP>
2019-10-18 07:53:59,402 [pool-27-thread-1] INFO  server.RaftServerConfigKeys (ConfUtils.java:logGet(43)) - raft.server.log.corruption.policy = EXCEPTION (default)
2019-10-18 07:53:59,402 [pool-67-thread-1] INFO  server.RaftServerConfigKeys (ConfUtils.java:logGet(43)) - raft.server.storage.dir = [/workdir/hadoop-ozone/integration-test/target/test-dir/MiniOzoneClusterImpl-58fc3ecd-0fbd-4e7b-a09c-4106a93dde4d/datanode-4/data/ratis] (custom)
2019-10-18 07:53:59,402 [pool-27-thread-1] INFO  storage.RaftStorageDirectory (RaftStorageDirectory.java:analyzeStorage(246)) - The storage directory /workdir/hadoop-ozone/integration-test/target/test-dir/MiniOzoneClusterImpl-58fc3ecd-0fbd-4e7b-a09c-4106a93dde4d/datanode-0/data/ratis/ed4be432-50bd-4653-8b57-fa184079de45 does not exist. Creating ...
2019-10-18 07:53:59,403 [pool-67-thread-1] INFO  server.RaftServerConfigKeys (ConfUtils.java:logGet(43)) - raft.server.log.corruption.policy = EXCEPTION (default)
2019-10-18 07:53:59,403 [pool-67-thread-1] INFO  storage.RaftStorageDirectory (RaftStorageDirectory.java:analyzeStorage(246)) - The storage directory /workdir/hadoop-ozone/integration-test/target/test-dir/MiniOzoneClusterImpl-58fc3ecd-0fbd-4e7b-a09c-4106a93dde4d/datanode-4/data/ratis/ed4be432-50bd-4653-8b57-fa184079de45 does not exist. Creating ...
2019-10-18 07:53:59,427 [Thread-224] INFO  container.ReplicationManager (ReplicationManager.java:start(162)) - Starting Replication Monitor Thread.
2019-10-18 07:53:59,429 [ReplicationMonitor] INFO  container.ReplicationManager (ReplicationManager.java:run(225)) - Replication Monitor Thread took 0 milliseconds for processing 0 containers.
2019-10-18 07:53:59,490 [pool-67-thread-1] INFO  storage.RaftStorageDirectory (RaftStorageDirectory.java:tryLock(328)) - Lock on /workdir/hadoop-ozone/integration-test/target/test-dir/MiniOzoneClusterImpl-58fc3ecd-0fbd-4e7b-a09c-4106a93dde4d/datanode-4/data/ratis/ed4be432-50bd-4653-8b57-fa184079de45/in_use.lock acquired by nodename 22103@pr-hdds-1868-wx8dl-4219780377
2019-10-18 07:53:59,490 [pool-47-thread-1] INFO  storage.RaftStorageDirectory (RaftStorageDirectory.java:tryLock(328)) - Lock on /workdir/hadoop-ozone/integration-test/target/test-dir/MiniOzoneClusterImpl-58fc3ecd-0fbd-4e7b-a09c-4106a93dde4d/datanode-2/data/ratis/ed4be432-50bd-4653-8b57-fa184079de45/in_use.lock acquired by nodename 22103@pr-hdds-1868-wx8dl-4219780377
2019-10-18 07:53:59,490 [pool-27-thread-1] INFO  storage.RaftStorageDirectory (RaftStorageDirectory.java:tryLock(328)) - Lock on /workdir/hadoop-ozone/integration-test/target/test-dir/MiniOzoneClusterImpl-58fc3ecd-0fbd-4e7b-a09c-4106a93dde4d/datanode-0/data/ratis/ed4be432-50bd-4653-8b57-fa184079de45/in_use.lock acquired by nodename 22103@pr-hdds-1868-wx8dl-4219780377
2019-10-18 07:53:59,504 [pool-67-thread-1] INFO  storage.RaftStorage (RaftStorage.java:format(84)) - Storage directory /workdir/hadoop-ozone/integration-test/target/test-dir/MiniOzoneClusterImpl-58fc3ecd-0fbd-4e7b-a09c-4106a93dde4d/datanode-4/data/ratis/ed4be432-50bd-4653-8b57-fa184079de45 has been successfully formatted.
2019-10-18 07:53:59,504 [pool-27-thread-1] INFO  storage.RaftStorage (RaftStorage.java:format(84)) - Storage directory /workdir/hadoop-ozone/integration-test/target/test-dir/MiniOzoneClusterImpl-58fc3ecd-0fbd-4e7b-a09c-4106a93dde4d/datanode-0/data/ratis/ed4be432-50bd-4653-8b57-fa184079de45 has been successfully formatted.
2019-10-18 07:53:59,504 [pool-47-thread-1] INFO  storage.RaftStorage (RaftStorage.java:format(84)) - Storage directory /workdir/hadoop-ozone/integration-test/target/test-dir/MiniOzoneClusterImpl-58fc3ecd-0fbd-4e7b-a09c-4106a93dde4d/datanode-2/data/ratis/ed4be432-50bd-4653-8b57-fa184079de45 has been successfully formatted.
2019-10-18 07:53:59,505 [pool-67-thread-1] INFO  ratis.ContainerStateMachine (ContainerStateMachine.java:loadSnapshot(233)) - group-FA184079DE45: The snapshot info is null. Setting the last applied indexto:(t:0, i:~)
2019-10-18 07:53:59,505 [pool-27-thread-1] INFO  ratis.ContainerStateMachine (ContainerStateMachine.java:loadSnapshot(233)) - group-FA184079DE45: The snapshot info is null. Setting the last applied indexto:(t:0, i:~)
2019-10-18 07:53:59,505 [pool-67-thread-1] INFO  server.RaftServerConfigKeys (ConfUtils.java:logGet(43)) - raft.server.notification.no-leader.timeout = 120s (custom)
2019-10-18 07:53:59,505 [pool-47-thread-1] INFO  ratis.ContainerStateMachine (ContainerStateMachine.java:loadSnapshot(233)) - group-FA184079DE45: The snapshot info is null. Setting the last applied indexto:(t:0, i:~)
2019-10-18 07:53:59,505 [pool-67-thread-1] INFO  server.RaftServerConfigKeys (ConfUtils.java:logGet(43)) - raft.server.log.use.memory = false (default)
2019-10-18 07:53:59,505 [pool-27-thread-1] INFO  server.RaftServerConfigKeys (ConfUtils.java:logGet(43)) - raft.server.notification.no-leader.timeout = 120s (custom)
2019-10-18 07:53:59,506 [pool-67-thread-1] INFO  server.RaftServerConfigKeys (ConfUtils.java:logGet(43)) - raft.server.log.purge.gap = 1000000 (custom)
2019-10-18 07:53:59,505 [pool-47-thread-1] INFO  server.RaftServerConfigKeys (ConfUtils.java:logGet(43)) - raft.server.notification.no-leader.timeout = 120s (custom)
2019-10-18 07:53:59,506 [pool-67-thread-1] INFO  server.RaftServerConfigKeys (ConfUtils.java:logGet(43)) - raft.server.log.appender.buffer.byte-limit = 33554432 (custom)
2019-10-18 07:53:59,506 [pool-27-thread-1] INFO  server.RaftServerConfigKeys (ConfUtils.java:logGet(43)) - raft.server.log.use.memory = false (default)
2019-10-18 07:53:59,506 [pool-67-thread-1] INFO  server.RaftServerConfigKeys (ConfUtils.java:logGet(43)) - raft.server.log.segment.size.max = 1048576 (custom)
2019-10-18 07:53:59,506 [pool-47-thread-1] INFO  server.RaftServerConfigKeys (ConfUtils.java:logGet(43)) - raft.server.log.use.memory = false (default)
2019-10-18 07:53:59,506 [pool-67-thread-1] INFO  server.RaftServerConfigKeys (ConfUtils.java:logGet(43)) - raft.server.log.segment.cache.num.max = 2 (custom)
2019-10-18 07:53:59,506 [pool-27-thread-1] INFO  server.RaftServerConfigKeys (ConfUtils.java:logGet(43)) - raft.server.log.purge.gap = 1000000 (custom)
2019-10-18 07:53:59,507 [pool-67-thread-1] INFO  segmented.SegmentedRaftLogWorker (SegmentedRaftLogWorker.java:<init>(173)) - new 4b487190-7547-40c7-b780-43c37a89e8eb@group-FA184079DE45-SegmentedRaftLogWorker for RaftStorage:Storage Directory /workdir/hadoop-ozone/integration-test/target/test-dir/MiniOzoneClusterImpl-58fc3ecd-0fbd-4e7b-a09c-4106a93dde4d/datanode-4/data/ratis/ed4be432-50bd-4653-8b57-fa184079de45
2019-10-18 07:53:59,507 [pool-47-thread-1] INFO  server.RaftServerConfigKeys (ConfUtils.java:logGet(43)) - raft.server.log.purge.gap = 1000000 (custom)
2019-10-18 07:53:59,507 [pool-47-thread-1] INFO  server.RaftServerConfigKeys (ConfUtils.java:logGet(43)) - raft.server.log.appender.buffer.byte-limit = 33554432 (custom)
2019-10-18 07:53:59,507 [pool-67-thread-1] INFO  server.RaftServerConfigKeys (ConfUtils.java:logGet(43)) - raft.server.log.queue.byte-limit = 2147483647 (custom)
2019-10-18 07:53:59,507 [pool-27-thread-1] INFO  server.RaftServerConfigKeys (ConfUtils.java:logGet(43)) - raft.server.log.appender.buffer.byte-limit = 33554432 (custom)
2019-10-18 07:53:59,508 [pool-67-thread-1] INFO  server.RaftServerConfigKeys (ConfUtils.java:logGet(43)) - raft.server.log.queue.element-limit = 1024 (custom)
2019-10-18 07:53:59,507 [pool-47-thread-1] INFO  server.RaftServerConfigKeys (ConfUtils.java:logGet(43)) - raft.server.log.segment.size.max = 1048576 (custom)
2019-10-18 07:53:59,508 [pool-67-thread-1] INFO  server.RaftServerConfigKeys (ConfUtils.java:logGet(43)) - raft.server.log.segment.size.max = 1048576 (custom)
2019-10-18 07:53:59,508 [pool-67-thread-1] INFO  server.RaftServerConfigKeys (ConfUtils.java:logGet(43)) - raft.server.log.preallocated.size = 16384 (custom)
2019-10-18 07:53:59,508 [pool-27-thread-1] INFO  server.RaftServerConfigKeys (ConfUtils.java:logGet(43)) - raft.server.log.segment.size.max = 1048576 (custom)
2019-10-18 07:53:59,508 [pool-67-thread-1] INFO  server.RaftServerConfigKeys (ConfUtils.java:logGet(43)) - raft.server.log.write.buffer.size = 33554432 (custom)
2019-10-18 07:53:59,509 [pool-27-thread-1] INFO  server.RaftServerConfigKeys (ConfUtils.java:logGet(43)) - raft.server.log.segment.cache.num.max = 2 (custom)
2019-10-18 07:53:59,508 [pool-47-thread-1] INFO  server.RaftServerConfigKeys (ConfUtils.java:logGet(43)) - raft.server.log.segment.cache.num.max = 2 (custom)
2019-10-18 07:53:59,509 [pool-27-thread-1] INFO  segmented.SegmentedRaftLogWorker (SegmentedRaftLogWorker.java:<init>(173)) - new 6fa005cd-25d6-4e29-bda6-9462a060c098@group-FA184079DE45-SegmentedRaftLogWorker for RaftStorage:Storage Directory /workdir/hadoop-ozone/integration-test/target/test-dir/MiniOzoneClusterImpl-58fc3ecd-0fbd-4e7b-a09c-4106a93dde4d/datanode-0/data/ratis/ed4be432-50bd-4653-8b57-fa184079de45
2019-10-18 07:53:59,509 [pool-67-thread-1] INFO  server.RaftServerConfigKeys (ConfUtils.java:logGet(43)) - raft.server.log.force.sync.num = 128 (default)
2019-10-18 07:53:59,509 [pool-27-thread-1] INFO  server.RaftServerConfigKeys (ConfUtils.java:logGet(43)) - raft.server.log.queue.byte-limit = 2147483647 (custom)
2019-10-18 07:53:59,509 [pool-47-thread-1] INFO  segmented.SegmentedRaftLogWorker (SegmentedRaftLogWorker.java:<init>(173)) - new 3d3aac8b-d4d1-454d-bf0c-88a180692893@group-FA184079DE45-SegmentedRaftLogWorker for RaftStorage:Storage Directory /workdir/hadoop-ozone/integration-test/target/test-dir/MiniOzoneClusterImpl-58fc3ecd-0fbd-4e7b-a09c-4106a93dde4d/datanode-2/data/ratis/ed4be432-50bd-4653-8b57-fa184079de45
2019-10-18 07:53:59,509 [pool-27-thread-1] INFO  server.RaftServerConfigKeys (ConfUtils.java:logGet(43)) - raft.server.log.queue.element-limit = 1024 (custom)
2019-10-18 07:53:59,509 [pool-67-thread-1] INFO  server.RaftServerConfigKeys (ConfUtils.java:logGet(43)) - raft.server.log.statemachine.data.sync = true (default)
2019-10-18 07:53:59,510 [pool-27-thread-1] INFO  server.RaftServerConfigKeys (ConfUtils.java:logGet(43)) - raft.server.log.segment.size.max = 1048576 (custom)
2019-10-18 07:53:59,510 [pool-47-thread-1] INFO  server.RaftServerConfigKeys (ConfUtils.java:logGet(43)) - raft.server.log.queue.byte-limit = 2147483647 (custom)
2019-10-18 07:53:59,510 [pool-27-thread-1] INFO  server.RaftServerConfigKeys (ConfUtils.java:logGet(43)) - raft.server.log.preallocated.size = 16384 (custom)
2019-10-18 07:53:59,510 [pool-67-thread-1] INFO  server.RaftServerConfigKeys (ConfUtils.java:logGet(43)) - raft.server.log.statemachine.data.sync.timeout = 10s (default)
2019-10-18 07:53:59,510 [pool-27-thread-1] INFO  server.RaftServerConfigKeys (ConfUtils.java:logGet(43)) - raft.server.log.write.buffer.size = 33554432 (custom)
2019-10-18 07:53:59,510 [pool-27-thread-1] INFO  server.RaftServerConfigKeys (ConfUtils.java:logGet(43)) - raft.server.log.force.sync.num = 128 (default)
2019-10-18 07:53:59,510 [pool-47-thread-1] INFO  server.RaftServerConfigKeys (ConfUtils.java:logGet(43)) - raft.server.log.queue.element-limit = 1024 (custom)
2019-10-18 07:53:59,511 [pool-27-thread-1] INFO  server.RaftServerConfigKeys (ConfUtils.java:logGet(43)) - raft.server.log.statemachine.data.sync = true (default)
2019-10-18 07:53:59,510 [pool-67-thread-1] INFO  server.RaftServerConfigKeys (ConfUtils.java:logGet(43)) - raft.server.log.statemachine.data.sync.timeout.retry = -1 (default)
2019-10-18 07:53:59,511 [pool-27-thread-1] INFO  server.RaftServerConfigKeys (ConfUtils.java:logGet(43)) - raft.server.log.statemachine.data.sync.timeout = 10s (default)
2019-10-18 07:53:59,511 [pool-27-thread-1] INFO  server.RaftServerConfigKeys (ConfUtils.java:logGet(43)) - raft.server.log.statemachine.data.sync.timeout.retry = -1 (default)
2019-10-18 07:53:59,511 [pool-47-thread-1] INFO  server.RaftServerConfigKeys (ConfUtils.java:logGet(43)) - raft.server.log.segment.size.max = 1048576 (custom)
2019-10-18 07:53:59,511 [pool-27-thread-1] INFO  server.RaftServerConfigKeys (ConfUtils.java:logGet(43)) - raft.server.log.statemachine.data.caching.enabled = true (custom)
2019-10-18 07:53:59,511 [pool-67-thread-1] INFO  server.RaftServerConfigKeys (ConfUtils.java:logGet(43)) - raft.server.log.statemachine.data.caching.enabled = true (custom)
2019-10-18 07:53:59,511 [pool-47-thread-1] INFO  server.RaftServerConfigKeys (ConfUtils.java:logGet(43)) - raft.server.log.preallocated.size = 16384 (custom)
2019-10-18 07:53:59,512 [pool-27-thread-1] INFO  segmented.SegmentedRaftLogWorker (SegmentedRaftLogWorker.java:lambda$new$0(128)) - 6fa005cd-25d6-4e29-bda6-9462a060c098@group-FA184079DE45-SegmentedRaftLogWorker: flushIndex: setUnconditionally 0 -> -1
2019-10-18 07:53:59,512 [pool-47-thread-1] INFO  server.RaftServerConfigKeys (ConfUtils.java:logGet(43)) - raft.server.log.write.buffer.size = 33554432 (custom)
2019-10-18 07:53:59,512 [pool-67-thread-1] INFO  segmented.SegmentedRaftLogWorker (SegmentedRaftLogWorker.java:lambda$new$0(128)) - 4b487190-7547-40c7-b780-43c37a89e8eb@group-FA184079DE45-SegmentedRaftLogWorker: flushIndex: setUnconditionally 0 -> -1
2019-10-18 07:53:59,512 [pool-27-thread-1] INFO  server.RaftServerConfigKeys (ConfUtils.java:logGet(43)) - raft.server.snapshot.auto.trigger.enabled = true (custom)
2019-10-18 07:53:59,512 [pool-47-thread-1] INFO  server.RaftServerConfigKeys (ConfUtils.java:logGet(43)) - raft.server.log.force.sync.num = 128 (default)
2019-10-18 07:53:59,512 [pool-67-thread-1] INFO  server.RaftServerConfigKeys (ConfUtils.java:logGet(43)) - raft.server.snapshot.auto.trigger.enabled = true (custom)
2019-10-18 07:53:59,512 [pool-27-thread-1] INFO  server.RaftServerConfigKeys (ConfUtils.java:logGet(43)) - raft.server.snapshot.auto.trigger.threshold = 10000 (custom)
2019-10-18 07:53:59,513 [pool-67-thread-1] INFO  server.RaftServerConfigKeys (ConfUtils.java:logGet(43)) - raft.server.snapshot.auto.trigger.threshold = 10000 (custom)
2019-10-18 07:53:59,512 [pool-47-thread-1] INFO  server.RaftServerConfigKeys (ConfUtils.java:logGet(43)) - raft.server.log.statemachine.data.sync = true (default)
2019-10-18 07:53:59,513 [pool-67-thread-1] INFO  server.RaftServerConfigKeys (ConfUtils.java:logGet(43)) - raft.server.snapshot.retention.file.num = 5 (custom)
2019-10-18 07:53:59,513 [pool-27-thread-1] INFO  server.RaftServerConfigKeys (ConfUtils.java:logGet(43)) - raft.server.snapshot.retention.file.num = 5 (custom)
2019-10-18 07:53:59,513 [pool-47-thread-1] INFO  server.RaftServerConfigKeys (ConfUtils.java:logGet(43)) - raft.server.log.statemachine.data.sync.timeout = 10s (default)
2019-10-18 07:53:59,513 [pool-27-thread-1] INFO  server.RaftServerConfigKeys (ConfUtils.java:logGet(43)) - raft.server.retrycache.expirytime = 600000ms (custom)
2019-10-18 07:53:59,513 [pool-67-thread-1] INFO  server.RaftServerConfigKeys (ConfUtils.java:logGet(43)) - raft.server.retrycache.expirytime = 600000ms (custom)
2019-10-18 07:53:59,513 [pool-47-thread-1] INFO  server.RaftServerConfigKeys (ConfUtils.java:logGet(43)) - raft.server.log.statemachine.data.sync.timeout.retry = -1 (default)
2019-10-18 07:53:59,514 [pool-47-thread-1] INFO  server.RaftServerConfigKeys (ConfUtils.java:logGet(43)) - raft.server.log.statemachine.data.caching.enabled = true (custom)
2019-10-18 07:53:59,514 [pool-47-thread-1] INFO  segmented.SegmentedRaftLogWorker (SegmentedRaftLogWorker.java:lambda$new$0(128)) - 3d3aac8b-d4d1-454d-bf0c-88a180692893@group-FA184079DE45-SegmentedRaftLogWorker: flushIndex: setUnconditionally 0 -> -1
2019-10-18 07:53:59,514 [pool-47-thread-1] INFO  server.RaftServerConfigKeys (ConfUtils.java:logGet(43)) - raft.server.snapshot.auto.trigger.enabled = true (custom)
2019-10-18 07:53:59,515 [pool-47-thread-1] INFO  server.RaftServerConfigKeys (ConfUtils.java:logGet(43)) - raft.server.snapshot.auto.trigger.threshold = 10000 (custom)
2019-10-18 07:53:59,515 [pool-47-thread-1] INFO  server.RaftServerConfigKeys (ConfUtils.java:logGet(43)) - raft.server.snapshot.retention.file.num = 5 (custom)
2019-10-18 07:53:59,515 [pool-47-thread-1] INFO  server.RaftServerConfigKeys (ConfUtils.java:logGet(43)) - raft.server.retrycache.expirytime = 600000ms (custom)
2019-10-18 07:53:59,517 [pool-27-thread-1] INFO  impl.RaftServerImpl (RaftServerImpl.java:start(195)) - 6fa005cd-25d6-4e29-bda6-9462a060c098@group-FA184079DE45: start as a follower, conf=-1: [6fa005cd-25d6-4e29-bda6-9462a060c098:192.168.69.67:36093, 4b487190-7547-40c7-b780-43c37a89e8eb:192.168.69.67:39683, 3d3aac8b-d4d1-454d-bf0c-88a180692893:192.168.69.67:34429], old=null
2019-10-18 07:53:59,517 [pool-27-thread-1] INFO  impl.RaftServerImpl (RaftServerImpl.java:setRole(184)) - 6fa005cd-25d6-4e29-bda6-9462a060c098@group-FA184079DE45: changes role from      null to FOLLOWER at term 0 for startAsFollower
2019-10-18 07:53:59,517 [pool-27-thread-1] INFO  impl.RoleInfo (RoleInfo.java:updateAndGet(143)) - 6fa005cd-25d6-4e29-bda6-9462a060c098: start FollowerState
2019-10-18 07:53:59,518 [pool-27-thread-1] INFO  util.JmxRegister (JmxRegister.java:tryRegister(44)) - Successfully registered JMX Bean with object name Ratis:service=RaftServer,group=group-FA184079DE45,id=6fa005cd-25d6-4e29-bda6-9462a060c098
2019-10-18 07:53:59,518 [pool-67-thread-1] INFO  impl.RaftServerImpl (RaftServerImpl.java:start(195)) - 4b487190-7547-40c7-b780-43c37a89e8eb@group-FA184079DE45: start as a follower, conf=-1: [6fa005cd-25d6-4e29-bda6-9462a060c098:192.168.69.67:36093, 4b487190-7547-40c7-b780-43c37a89e8eb:192.168.69.67:39683, 3d3aac8b-d4d1-454d-bf0c-88a180692893:192.168.69.67:34429], old=null
2019-10-18 07:53:59,518 [pool-67-thread-1] INFO  impl.RaftServerImpl (RaftServerImpl.java:setRole(184)) - 4b487190-7547-40c7-b780-43c37a89e8eb@group-FA184079DE45: changes role from      null to FOLLOWER at term 0 for startAsFollower
2019-10-18 07:53:59,519 [pool-67-thread-1] INFO  impl.RoleInfo (RoleInfo.java:updateAndGet(143)) - 4b487190-7547-40c7-b780-43c37a89e8eb: start FollowerState
2019-10-18 07:53:59,519 [pool-47-thread-1] INFO  impl.RaftServerImpl (RaftServerImpl.java:start(195)) - 3d3aac8b-d4d1-454d-bf0c-88a180692893@group-FA184079DE45: start as a follower, conf=-1: [6fa005cd-25d6-4e29-bda6-9462a060c098:192.168.69.67:36093, 4b487190-7547-40c7-b780-43c37a89e8eb:192.168.69.67:39683, 3d3aac8b-d4d1-454d-bf0c-88a180692893:192.168.69.67:34429], old=null
2019-10-18 07:53:59,519 [pool-47-thread-1] INFO  impl.RaftServerImpl (RaftServerImpl.java:setRole(184)) - 3d3aac8b-d4d1-454d-bf0c-88a180692893@group-FA184079DE45: changes role from      null to FOLLOWER at term 0 for startAsFollower
2019-10-18 07:53:59,519 [pool-67-thread-1] INFO  util.JmxRegister (JmxRegister.java:tryRegister(44)) - Successfully registered JMX Bean with object name Ratis:service=RaftServer,group=group-FA184079DE45,id=4b487190-7547-40c7-b780-43c37a89e8eb
2019-10-18 07:53:59,519 [pool-47-thread-1] INFO  impl.RoleInfo (RoleInfo.java:updateAndGet(143)) - 3d3aac8b-d4d1-454d-bf0c-88a180692893: start FollowerState
2019-10-18 07:53:59,520 [pool-47-thread-1] INFO  util.JmxRegister (JmxRegister.java:tryRegister(44)) - Successfully registered JMX Bean with object name Ratis:service=RaftServer,group=group-FA184079DE45,id=3d3aac8b-d4d1-454d-bf0c-88a180692893
2019-10-18 07:53:59,532 [RatisPipelineUtilsThread] INFO  pipeline.PipelineStateManager (PipelineStateManager.java:addPipeline(55)) - Created pipeline Pipeline[ Id: ed4be432-50bd-4653-8b57-fa184079de45, Nodes: 4b487190-7547-40c7-b780-43c37a89e8eb{ip: 192.168.69.67, host: pr-hdds-1868-wx8dl-4219780377, networkLocation: /default-rack, certSerialId: null}3d3aac8b-d4d1-454d-bf0c-88a180692893{ip: 192.168.69.67, host: pr-hdds-1868-wx8dl-4219780377, networkLocation: /default-rack, certSerialId: null}6fa005cd-25d6-4e29-bda6-9462a060c098{ip: 192.168.69.67, host: pr-hdds-1868-wx8dl-4219780377, networkLocation: /default-rack, certSerialId: null}, Type:RATIS, Factor:THREE, State:ALLOCATED]
2019-10-18 07:53:59,533 [Thread-0] INFO  pipeline.PipelineStateManager (PipelineStateManager.java:finalizePipeline(121)) - Pipeline Pipeline[ Id: 91b36e13-0f7f-4f29-a48b-44dfb7306c88, Nodes: 0fc43408-9179-47bd-a807-e56cc33d805e{ip: 192.168.69.67, host: pr-hdds-1868-wx8dl-4219780377, networkLocation: /default-rack, certSerialId: null}a3fa570c-ae50-443c-8ab2-043428e82a24{ip: 192.168.69.67, host: pr-hdds-1868-wx8dl-4219780377, networkLocation: /default-rack, certSerialId: null}9334f5f3-1c9b-4a41-9735-40b3bdb856ca{ip: 192.168.69.67, host: pr-hdds-1868-wx8dl-4219780377, networkLocation: /default-rack, certSerialId: null}, Type:RATIS, Factor:THREE, State:CLOSED] moved to CLOSED state
2019-10-18 07:53:59,534 [Thread-224] INFO  pipeline.SCMPipelineManager (SCMPipelineManager.java:finalizeAndDestroyPipeline(315)) - destroying pipeline:Pipeline[ Id: ed4be432-50bd-4653-8b57-fa184079de45, Nodes: 4b487190-7547-40c7-b780-43c37a89e8eb{ip: 192.168.69.67, host: pr-hdds-1868-wx8dl-4219780377, networkLocation: /default-rack, certSerialId: null}3d3aac8b-d4d1-454d-bf0c-88a180692893{ip: 192.168.69.67, host: pr-hdds-1868-wx8dl-4219780377, networkLocation: /default-rack, certSerialId: null}6fa005cd-25d6-4e29-bda6-9462a060c098{ip: 192.168.69.67, host: pr-hdds-1868-wx8dl-4219780377, networkLocation: /default-rack, certSerialId: null}, Type:RATIS, Factor:THREE, State:ALLOCATED]
2019-10-18 07:53:59,535 [Thread-224] INFO  pipeline.PipelineStateManager (PipelineStateManager.java:finalizePipeline(121)) - Pipeline Pipeline[ Id: ed4be432-50bd-4653-8b57-fa184079de45, Nodes: 4b487190-7547-40c7-b780-43c37a89e8eb{ip: 192.168.69.67, host: pr-hdds-1868-wx8dl-4219780377, networkLocation: /default-rack, certSerialId: null}3d3aac8b-d4d1-454d-bf0c-88a180692893{ip: 192.168.69.67, host: pr-hdds-1868-wx8dl-4219780377, networkLocation: /default-rack, certSerialId: null}6fa005cd-25d6-4e29-bda6-9462a060c098{ip: 192.168.69.67, host: pr-hdds-1868-wx8dl-4219780377, networkLocation: /default-rack, certSerialId: null}, Type:RATIS, Factor:THREE, State:CLOSED] moved to CLOSED state
2019-10-18 07:53:59,544 [grpc-default-executor-4] INFO  impl.RaftServerProxy (RaftServerProxy.java:remove(95)) - 0fc43408-9179-47bd-a807-e56cc33d805e: remove  FOLLOWER 0fc43408-9179-47bd-a807-e56cc33d805e@group-44DFB7306C88:t4, leader=9334f5f3-1c9b-4a41-9735-40b3bdb856ca, voted=9334f5f3-1c9b-4a41-9735-40b3bdb856ca, raftlog=0fc43408-9179-47bd-a807-e56cc33d805e@group-44DFB7306C88-SegmentedRaftLog:OPENED:c-1,f0,i0, conf=0: [0fc43408-9179-47bd-a807-e56cc33d805e:192.168.69.67:34615, 9334f5f3-1c9b-4a41-9735-40b3bdb856ca:192.168.69.67:35940, a3fa570c-ae50-443c-8ab2-043428e82a24:192.168.69.67:36282], old=null RUNNING
2019-10-18 07:53:59,546 [grpc-default-executor-0] INFO  impl.RaftServerProxy (RaftServerProxy.java:remove(95)) - 4b487190-7547-40c7-b780-43c37a89e8eb: remove  FOLLOWER 4b487190-7547-40c7-b780-43c37a89e8eb@group-FA184079DE45:t0, leader=null, voted=null, raftlog=4b487190-7547-40c7-b780-43c37a89e8eb@group-FA184079DE45-SegmentedRaftLog:OPENED:c-1,f-1,i0, conf=-1: [6fa005cd-25d6-4e29-bda6-9462a060c098:192.168.69.67:36093, 4b487190-7547-40c7-b780-43c37a89e8eb:192.168.69.67:39683, 3d3aac8b-d4d1-454d-bf0c-88a180692893:192.168.69.67:34429], old=null RUNNING
2019-10-18 07:53:59,548 [grpc-default-executor-0] INFO  impl.RaftServerImpl (RaftServerImpl.java:lambda$shutdown$3(261)) - 4b487190-7547-40c7-b780-43c37a89e8eb@group-FA184079DE45: shutdown
2019-10-18 07:53:59,548 [grpc-default-executor-4] INFO  impl.RaftServerImpl (RaftServerImpl.java:lambda$shutdown$3(261)) - 0fc43408-9179-47bd-a807-e56cc33d805e@group-44DFB7306C88: shutdown
2019-10-18 07:53:59,548 [grpc-default-executor-0] INFO  util.JmxRegister (JmxRegister.java:unregister(73)) - Successfully un-registered JMX Bean with object name Ratis:service=RaftServer,group=group-FA184079DE45,id=4b487190-7547-40c7-b780-43c37a89e8eb
2019-10-18 07:53:59,550 [grpc-default-executor-4] INFO  util.JmxRegister (JmxRegister.java:unregister(73)) - Successfully un-registered JMX Bean with object name Ratis:service=RaftServer,group=group-44DFB7306C88,id=0fc43408-9179-47bd-a807-e56cc33d805e
2019-10-18 07:53:59,550 [grpc-default-executor-0] INFO  impl.RoleInfo (RoleInfo.java:shutdownFollowerState(121)) - 4b487190-7547-40c7-b780-43c37a89e8eb: shutdown FollowerState
2019-10-18 07:53:59,550 [grpc-default-executor-4] INFO  impl.RoleInfo (RoleInfo.java:shutdownFollowerState(121)) - 0fc43408-9179-47bd-a807-e56cc33d805e: shutdown FollowerState
2019-10-18 07:53:59,552 [Thread-352] INFO  impl.FollowerState (FollowerState.java:run(117)) - 4b487190-7547-40c7-b780-43c37a89e8eb@group-FA184079DE45-FollowerState was interrupted: java.lang.InterruptedException: sleep interrupted
2019-10-18 07:53:59,552 [Thread-333] INFO  impl.FollowerState (FollowerState.java:run(117)) - 0fc43408-9179-47bd-a807-e56cc33d805e@group-44DFB7306C88-FollowerState was interrupted: java.lang.InterruptedException: sleep interrupted
2019-10-18 07:53:59,550 [grpc-default-executor-0] INFO  impl.StateMachineUpdater (StateMachineUpdater.java:stopAndJoin(136)) - 4b487190-7547-40c7-b780-43c37a89e8eb@group-FA184079DE45-StateMachineUpdater: set stopIndex = -1
2019-10-18 07:53:59,555 [grpc-default-executor-0] INFO  impl.RaftServerImpl (ServerState.java:close(388)) - 4b487190-7547-40c7-b780-43c37a89e8eb@group-FA184079DE45: closes. applyIndex: -1
2019-10-18 07:53:59,552 [grpc-default-executor-4] INFO  impl.StateMachineUpdater (StateMachineUpdater.java:stopAndJoin(136)) - 0fc43408-9179-47bd-a807-e56cc33d805e@group-44DFB7306C88-StateMachineUpdater: set stopIndex = -1
2019-10-18 07:53:59,555 [4b487190-7547-40c7-b780-43c37a89e8eb@group-FA184079DE45-SegmentedRaftLogWorker] INFO  segmented.SegmentedRaftLogWorker (SegmentedRaftLogWorker.java:run(316)) - 4b487190-7547-40c7-b780-43c37a89e8eb@group-FA184079DE45-SegmentedRaftLogWorker was interrupted, exiting. There are 0 tasks remaining in the queue.
2019-10-18 07:53:59,555 [grpc-default-executor-4] INFO  impl.RaftServerImpl (ServerState.java:close(388)) - 0fc43408-9179-47bd-a807-e56cc33d805e@group-44DFB7306C88: closes. applyIndex: -1
2019-10-18 07:53:59,555 [grpc-default-executor-0] INFO  segmented.SegmentedRaftLogWorker (SegmentedRaftLogWorker.java:close(224)) - 4b487190-7547-40c7-b780-43c37a89e8eb@group-FA184079DE45-SegmentedRaftLogWorker close()
2019-10-18 07:53:59,556 [0fc43408-9179-47bd-a807-e56cc33d805e@group-44DFB7306C88-SegmentedRaftLogWorker] INFO  segmented.SegmentedRaftLogWorker (SegmentedRaftLogWorker.java:run(316)) - 0fc43408-9179-47bd-a807-e56cc33d805e@group-44DFB7306C88-SegmentedRaftLogWorker was interrupted, exiting. There are 0 tasks remaining in the queue.
2019-10-18 07:53:59,562 [grpc-default-executor-4] INFO  segmented.SegmentedRaftLogWorker (SegmentedRaftLogWorker.java:close(224)) - 0fc43408-9179-47bd-a807-e56cc33d805e@group-44DFB7306C88-SegmentedRaftLogWorker close()
2019-10-18 07:53:59,581 [grpc-default-executor-0] INFO  impl.RaftServerProxy (RaftServerProxy.java:remove(95)) - 3d3aac8b-d4d1-454d-bf0c-88a180692893: remove  FOLLOWER 3d3aac8b-d4d1-454d-bf0c-88a180692893@group-FA184079DE45:t0, leader=null, voted=null, raftlog=3d3aac8b-d4d1-454d-bf0c-88a180692893@group-FA184079DE45-SegmentedRaftLog:OPENED:c-1,f-1,i0, conf=-1: [6fa005cd-25d6-4e29-bda6-9462a060c098:192.168.69.67:36093, 4b487190-7547-40c7-b780-43c37a89e8eb:192.168.69.67:39683, 3d3aac8b-d4d1-454d-bf0c-88a180692893:192.168.69.67:34429], old=null RUNNING
2019-10-18 07:53:59,581 [grpc-default-executor-0] INFO  impl.RaftServerImpl (RaftServerImpl.java:lambda$shutdown$3(261)) - 3d3aac8b-d4d1-454d-bf0c-88a180692893@group-FA184079DE45: shutdown
2019-10-18 07:53:59,581 [grpc-default-executor-0] INFO  util.JmxRegister (JmxRegister.java:unregister(73)) - Successfully un-registered JMX Bean with object name Ratis:service=RaftServer,group=group-FA184079DE45,id=3d3aac8b-d4d1-454d-bf0c-88a180692893
2019-10-18 07:53:59,581 [grpc-default-executor-0] INFO  impl.RoleInfo (RoleInfo.java:shutdownFollowerState(121)) - 3d3aac8b-d4d1-454d-bf0c-88a180692893: shutdown FollowerState
2019-10-18 07:53:59,581 [grpc-default-executor-0] INFO  impl.StateMachineUpdater (StateMachineUpdater.java:stopAndJoin(136)) - 3d3aac8b-d4d1-454d-bf0c-88a180692893@group-FA184079DE45-StateMachineUpdater: set stopIndex = -1
2019-10-18 07:53:59,582 [Thread-353] INFO  impl.FollowerState (FollowerState.java:run(117)) - 3d3aac8b-d4d1-454d-bf0c-88a180692893@group-FA184079DE45-FollowerState was interrupted: java.lang.InterruptedException: sleep interrupted
2019-10-18 07:53:59,583 [grpc-default-executor-0] INFO  impl.RaftServerImpl (ServerState.java:close(388)) - 3d3aac8b-d4d1-454d-bf0c-88a180692893@group-FA184079DE45: closes. applyIndex: -1
2019-10-18 07:53:59,584 [3d3aac8b-d4d1-454d-bf0c-88a180692893@group-FA184079DE45-SegmentedRaftLogWorker] INFO  segmented.SegmentedRaftLogWorker (SegmentedRaftLogWorker.java:run(316)) - 3d3aac8b-d4d1-454d-bf0c-88a180692893@group-FA184079DE45-SegmentedRaftLogWorker was interrupted, exiting. There are 0 tasks remaining in the queue.
2019-10-18 07:53:59,584 [grpc-default-executor-0] INFO  segmented.SegmentedRaftLogWorker (SegmentedRaftLogWorker.java:close(224)) - 3d3aac8b-d4d1-454d-bf0c-88a180692893@group-FA184079DE45-SegmentedRaftLogWorker close()
2019-10-18 07:53:59,592 [grpc-default-executor-0] INFO  impl.RaftServerProxy (RaftServerProxy.java:remove(95)) - a3fa570c-ae50-443c-8ab2-043428e82a24: remove  FOLLOWER a3fa570c-ae50-443c-8ab2-043428e82a24@group-44DFB7306C88:t4, leader=9334f5f3-1c9b-4a41-9735-40b3bdb856ca, voted=9334f5f3-1c9b-4a41-9735-40b3bdb856ca, raftlog=a3fa570c-ae50-443c-8ab2-043428e82a24@group-44DFB7306C88-SegmentedRaftLog:OPENED:c-1,f0,i0, conf=0: [0fc43408-9179-47bd-a807-e56cc33d805e:192.168.69.67:34615, 9334f5f3-1c9b-4a41-9735-40b3bdb856ca:192.168.69.67:35940, a3fa570c-ae50-443c-8ab2-043428e82a24:192.168.69.67:36282], old=null RUNNING
2019-10-18 07:53:59,592 [grpc-default-executor-0] INFO  impl.RaftServerImpl (RaftServerImpl.java:lambda$shutdown$3(261)) - a3fa570c-ae50-443c-8ab2-043428e82a24@group-44DFB7306C88: shutdown
2019-10-18 07:53:59,592 [grpc-default-executor-0] INFO  util.JmxRegister (JmxRegister.java:unregister(73)) - Successfully un-registered JMX Bean with object name Ratis:service=RaftServer,group=group-44DFB7306C88,id=a3fa570c-ae50-443c-8ab2-043428e82a24
2019-10-18 07:53:59,592 [grpc-default-executor-0] INFO  impl.RoleInfo (RoleInfo.java:shutdownFollowerState(121)) - a3fa570c-ae50-443c-8ab2-043428e82a24: shutdown FollowerState
2019-10-18 07:53:59,592 [grpc-default-executor-0] INFO  impl.StateMachineUpdater (StateMachineUpdater.java:stopAndJoin(136)) - a3fa570c-ae50-443c-8ab2-043428e82a24@group-44DFB7306C88-StateMachineUpdater: set stopIndex = -1
2019-10-18 07:53:59,592 [Thread-334] INFO  impl.FollowerState (FollowerState.java:run(117)) - a3fa570c-ae50-443c-8ab2-043428e82a24@group-44DFB7306C88-FollowerState was interrupted: java.lang.InterruptedException: sleep interrupted
2019-10-18 07:53:59,594 [grpc-default-executor-0] INFO  impl.RaftServerImpl (ServerState.java:close(388)) - a3fa570c-ae50-443c-8ab2-043428e82a24@group-44DFB7306C88: closes. applyIndex: -1
2019-10-18 07:53:59,595 [a3fa570c-ae50-443c-8ab2-043428e82a24@group-44DFB7306C88-SegmentedRaftLogWorker] INFO  segmented.SegmentedRaftLogWorker (SegmentedRaftLogWorker.java:run(316)) - a3fa570c-ae50-443c-8ab2-043428e82a24@group-44DFB7306C88-SegmentedRaftLogWorker was interrupted, exiting. There are 0 tasks remaining in the queue.
2019-10-18 07:53:59,598 [grpc-default-executor-0] INFO  segmented.SegmentedRaftLogWorker (SegmentedRaftLogWorker.java:close(224)) - a3fa570c-ae50-443c-8ab2-043428e82a24@group-44DFB7306C88-SegmentedRaftLogWorker close()
2019-10-18 07:53:59,610 [grpc-default-executor-4] INFO  impl.RaftServerProxy (RaftServerProxy.java:remove(95)) - 6fa005cd-25d6-4e29-bda6-9462a060c098: remove  FOLLOWER 6fa005cd-25d6-4e29-bda6-9462a060c098@group-FA184079DE45:t0, leader=null, voted=null, raftlog=6fa005cd-25d6-4e29-bda6-9462a060c098@group-FA184079DE45-SegmentedRaftLog:OPENED:c-1,f-1,i0, conf=-1: [6fa005cd-25d6-4e29-bda6-9462a060c098:192.168.69.67:36093, 4b487190-7547-40c7-b780-43c37a89e8eb:192.168.69.67:39683, 3d3aac8b-d4d1-454d-bf0c-88a180692893:192.168.69.67:34429], old=null RUNNING
2019-10-18 07:53:59,610 [grpc-default-executor-4] INFO  impl.RaftServerImpl (RaftServerImpl.java:lambda$shutdown$3(261)) - 6fa005cd-25d6-4e29-bda6-9462a060c098@group-FA184079DE45: shutdown
2019-10-18 07:53:59,611 [grpc-default-executor-4] INFO  util.JmxRegister (JmxRegister.java:unregister(73)) - Successfully un-registered JMX Bean with object name Ratis:service=RaftServer,group=group-FA184079DE45,id=6fa005cd-25d6-4e29-bda6-9462a060c098
2019-10-18 07:53:59,611 [grpc-default-executor-4] INFO  impl.RoleInfo (RoleInfo.java:shutdownFollowerState(121)) - 6fa005cd-25d6-4e29-bda6-9462a060c098: shutdown FollowerState
2019-10-18 07:53:59,611 [grpc-default-executor-4] INFO  impl.StateMachineUpdater (StateMachineUpdater.java:stopAndJoin(136)) - 6fa005cd-25d6-4e29-bda6-9462a060c098@group-FA184079DE45-StateMachineUpdater: set stopIndex = -1
2019-10-18 07:53:59,611 [Thread-351] INFO  impl.FollowerState (FollowerState.java:run(117)) - 6fa005cd-25d6-4e29-bda6-9462a060c098@group-FA184079DE45-FollowerState was interrupted: java.lang.InterruptedException: sleep interrupted
2019-10-18 07:53:59,615 [grpc-default-executor-4] INFO  impl.RaftServerImpl (ServerState.java:close(388)) - 6fa005cd-25d6-4e29-bda6-9462a060c098@group-FA184079DE45: closes. applyIndex: -1
2019-10-18 07:53:59,615 [6fa005cd-25d6-4e29-bda6-9462a060c098@group-FA184079DE45-SegmentedRaftLogWorker] INFO  segmented.SegmentedRaftLogWorker (SegmentedRaftLogWorker.java:run(316)) - 6fa005cd-25d6-4e29-bda6-9462a060c098@group-FA184079DE45-SegmentedRaftLogWorker was interrupted, exiting. There are 0 tasks remaining in the queue.
2019-10-18 07:53:59,615 [grpc-default-executor-4] INFO  segmented.SegmentedRaftLogWorker (SegmentedRaftLogWorker.java:close(224)) - 6fa005cd-25d6-4e29-bda6-9462a060c098@group-FA184079DE45-SegmentedRaftLogWorker close()
2019-10-18 07:53:59,624 [grpc-default-executor-4] INFO  impl.RaftServerProxy (RaftServerProxy.java:remove(95)) - 9334f5f3-1c9b-4a41-9735-40b3bdb856ca: remove    LEADER 9334f5f3-1c9b-4a41-9735-40b3bdb856ca@group-44DFB7306C88:t4, leader=9334f5f3-1c9b-4a41-9735-40b3bdb856ca, voted=9334f5f3-1c9b-4a41-9735-40b3bdb856ca, raftlog=9334f5f3-1c9b-4a41-9735-40b3bdb856ca@group-44DFB7306C88-SegmentedRaftLog:OPENED:c0,f0,i0, conf=0: [0fc43408-9179-47bd-a807-e56cc33d805e:192.168.69.67:34615, 9334f5f3-1c9b-4a41-9735-40b3bdb856ca:192.168.69.67:35940, a3fa570c-ae50-443c-8ab2-043428e82a24:192.168.69.67:36282], old=null RUNNING
2019-10-18 07:53:59,625 [grpc-default-executor-4] INFO  impl.RaftServerImpl (RaftServerImpl.java:lambda$shutdown$3(261)) - 9334f5f3-1c9b-4a41-9735-40b3bdb856ca@group-44DFB7306C88: shutdown
2019-10-18 07:53:59,625 [grpc-default-executor-4] INFO  util.JmxRegister (JmxRegister.java:unregister(73)) - Successfully un-registered JMX Bean with object name Ratis:service=RaftServer,group=group-44DFB7306C88,id=9334f5f3-1c9b-4a41-9735-40b3bdb856ca
2019-10-18 07:53:59,625 [grpc-default-executor-4] INFO  impl.RoleInfo (RoleInfo.java:shutdownLeaderState(104)) - 9334f5f3-1c9b-4a41-9735-40b3bdb856ca: shutdown LeaderState
2019-10-18 07:53:59,625 [Thread-224] INFO  pipeline.PipelineStateManager (PipelineStateManager.java:removePipeline(106)) - Pipeline Pipeline[ Id: ed4be432-50bd-4653-8b57-fa184079de45, Nodes: 4b487190-7547-40c7-b780-43c37a89e8eb{ip: 192.168.69.67, host: pr-hdds-1868-wx8dl-4219780377, networkLocation: /default-rack, certSerialId: null}3d3aac8b-d4d1-454d-bf0c-88a180692893{ip: 192.168.69.67, host: pr-hdds-1868-wx8dl-4219780377, networkLocation: /default-rack, certSerialId: null}6fa005cd-25d6-4e29-bda6-9462a060c098{ip: 192.168.69.67, host: pr-hdds-1868-wx8dl-4219780377, networkLocation: /default-rack, certSerialId: null}, Type:RATIS, Factor:THREE, State:CLOSED] removed from db
2019-10-18 07:53:59,628 [org.apache.ratis.server.impl.LogAppender$AppenderDaemon$$Lambda$420/1222076953@283407b4] WARN  server.GrpcLogAppender (GrpcLogAppender.java:mayWait(149)) - 9334f5f3-1c9b-4a41-9735-40b3bdb856ca@group-44DFB7306C88->0fc43408-9179-47bd-a807-e56cc33d805e-GrpcLogAppender: Wait interrupted by java.lang.InterruptedException
2019-10-18 07:53:59,628 [grpc-default-executor-4] INFO  impl.PendingRequests (PendingRequests.java:sendNotLeaderResponses(202)) - 9334f5f3-1c9b-4a41-9735-40b3bdb856ca@group-44DFB7306C88-PendingRequests: sendNotLeaderResponses
2019-10-18 07:53:59,628 [org.apache.ratis.server.impl.LogAppender$AppenderDaemon$$Lambda$420/1222076953@79c8e110] WARN  server.GrpcLogAppender (GrpcLogAppender.java:mayWait(149)) - 9334f5f3-1c9b-4a41-9735-40b3bdb856ca@group-44DFB7306C88->a3fa570c-ae50-443c-8ab2-043428e82a24-GrpcLogAppender: Wait interrupted by java.lang.InterruptedException
2019-10-18 07:53:59,630 [grpc-default-executor-4] INFO  impl.StateMachineUpdater (StateMachineUpdater.java:stopAndJoin(136)) - 9334f5f3-1c9b-4a41-9735-40b3bdb856ca@group-44DFB7306C88-StateMachineUpdater: set stopIndex = 0
2019-10-18 07:53:59,632 [grpc-default-executor-4] INFO  impl.RaftServerImpl (ServerState.java:close(388)) - 9334f5f3-1c9b-4a41-9735-40b3bdb856ca@group-44DFB7306C88: closes. applyIndex: 0
2019-10-18 07:53:59,632 [grpc-default-executor-1] INFO  server.GrpcServerProtocolService (GrpcServerProtocolService.java:onCompleted(113)) - a3fa570c-ae50-443c-8ab2-043428e82a24: Completed APPEND_ENTRIES, lastRequest: 9334f5f3-1c9b-4a41-9735-40b3bdb856ca->a3fa570c-ae50-443c-8ab2-043428e82a24#1-t4, previous=(t:0, i:0), leaderCommit=-1, initializing? false, entries: size=1, first=(t:4, i:0), CONFIGURATIONENTRY
2019-10-18 07:53:59,632 [9334f5f3-1c9b-4a41-9735-40b3bdb856ca@group-44DFB7306C88-SegmentedRaftLogWorker] INFO  segmented.SegmentedRaftLogWorker (SegmentedRaftLogWorker.java:run(316)) - 9334f5f3-1c9b-4a41-9735-40b3bdb856ca@group-44DFB7306C88-SegmentedRaftLogWorker was interrupted, exiting. There are 0 tasks remaining in the queue.
2019-10-18 07:53:59,632 [grpc-default-executor-0] INFO  server.GrpcServerProtocolService (GrpcServerProtocolService.java:onCompleted(113)) - 0fc43408-9179-47bd-a807-e56cc33d805e: Completed APPEND_ENTRIES, lastRequest: 9334f5f3-1c9b-4a41-9735-40b3bdb856ca->0fc43408-9179-47bd-a807-e56cc33d805e#1-t4, previous=(t:0, i:0), leaderCommit=-1, initializing? false, entries: size=1, first=(t:4, i:0), CONFIGURATIONENTRY
2019-10-18 07:53:59,635 [grpc-default-executor-4] INFO  segmented.SegmentedRaftLogWorker (SegmentedRaftLogWorker.java:close(224)) - 9334f5f3-1c9b-4a41-9735-40b3bdb856ca@group-44DFB7306C88-SegmentedRaftLogWorker close()
2019-10-18 07:53:59,639 [grpc-default-executor-2] INFO  server.GrpcLogAppender (GrpcLogAppender.java:onCompleted(308)) - 9334f5f3-1c9b-4a41-9735-40b3bdb856ca@group-44DFB7306C88->a3fa570c-ae50-443c-8ab2-043428e82a24-AppendLogResponseHandler: follower responses appendEntries COMPLETED
2019-10-18 07:53:59,642 [grpc-default-executor-2] INFO  impl.FollowerInfo (FollowerInfo.java:lambda$new$0(51)) - 9334f5f3-1c9b-4a41-9735-40b3bdb856ca@group-44DFB7306C88->a3fa570c-ae50-443c-8ab2-043428e82a24: nextIndex: updateUnconditionally 1 -> 0
2019-10-18 07:53:59,642 [grpc-default-executor-0] INFO  server.GrpcLogAppender (GrpcLogAppender.java:onCompleted(308)) - 9334f5f3-1c9b-4a41-9735-40b3bdb856ca@group-44DFB7306C88->0fc43408-9179-47bd-a807-e56cc33d805e-AppendLogResponseHandler: follower responses appendEntries COMPLETED
2019-10-18 07:53:59,648 [grpc-default-executor-0] INFO  impl.FollowerInfo (FollowerInfo.java:lambda$new$0(51)) - 9334f5f3-1c9b-4a41-9735-40b3bdb856ca@group-44DFB7306C88->0fc43408-9179-47bd-a807-e56cc33d805e: nextIndex: updateUnconditionally 1 -> 0
2019-10-18 07:53:59,654 [grpc-default-executor-0] INFO  impl.RaftServerProxy (RaftServerProxy.java:addNew(89)) - 9334f5f3-1c9b-4a41-9735-40b3bdb856ca: addNew group-69898A346AAC:[0fc43408-9179-47bd-a807-e56cc33d805e:192.168.69.67:34615, 9334f5f3-1c9b-4a41-9735-40b3bdb856ca:192.168.69.67:35940, a3fa570c-ae50-443c-8ab2-043428e82a24:192.168.69.67:36282] returns group-69898A346AAC:java.util.concurrent.CompletableFuture@61aac3a2[Not completed]
2019-10-18 07:53:59,654 [grpc-default-executor-3] INFO  impl.RaftServerProxy (RaftServerProxy.java:addNew(89)) - 0fc43408-9179-47bd-a807-e56cc33d805e: addNew group-69898A346AAC:[0fc43408-9179-47bd-a807-e56cc33d805e:192.168.69.67:34615, 9334f5f3-1c9b-4a41-9735-40b3bdb856ca:192.168.69.67:35940, a3fa570c-ae50-443c-8ab2-043428e82a24:192.168.69.67:36282] returns group-69898A346AAC:java.util.concurrent.CompletableFuture@5ef0957f[Not completed]
2019-10-18 07:53:59,655 [grpc-default-executor-2] INFO  impl.RaftServerProxy (RaftServerProxy.java:addNew(89)) - a3fa570c-ae50-443c-8ab2-043428e82a24: addNew group-69898A346AAC:[0fc43408-9179-47bd-a807-e56cc33d805e:192.168.69.67:34615, 9334f5f3-1c9b-4a41-9735-40b3bdb856ca:192.168.69.67:35940, a3fa570c-ae50-443c-8ab2-043428e82a24:192.168.69.67:36282] returns group-69898A346AAC:java.util.concurrent.CompletableFuture@3c41f7c1[Not completed]
2019-10-18 07:53:59,656 [pool-37-thread-1] INFO  impl.RaftServerImpl (RaftServerImpl.java:<init>(104)) - 9334f5f3-1c9b-4a41-9735-40b3bdb856ca: new RaftServerImpl for group-69898A346AAC:[0fc43408-9179-47bd-a807-e56cc33d805e:192.168.69.67:34615, 9334f5f3-1c9b-4a41-9735-40b3bdb856ca:192.168.69.67:35940, a3fa570c-ae50-443c-8ab2-043428e82a24:192.168.69.67:36282] with ContainerStateMachine:uninitialized
2019-10-18 07:53:59,656 [pool-37-thread-1] INFO  server.RaftServerConfigKeys (ConfUtils.java:logGet(43)) - raft.server.rpc.timeout.min = 5s (custom)
2019-10-18 07:53:59,657 [pool-37-thread-1] INFO  server.RaftServerConfigKeys (ConfUtils.java:logGet(43)) - raft.server.rpc.timeout.max = 5200ms (custom)
2019-10-18 07:53:59,657 [pool-37-thread-1] INFO  server.RaftServerConfigKeys (ConfUtils.java:logGet(43)) - raft.server.rpcslowness.timeout = 120s (custom)
2019-10-18 07:53:59,657 [pool-37-thread-1] INFO  server.RaftServerConfigKeys (ConfUtils.java:logGet(43)) - raft.server.sleep.deviation.threshold = 300 (default)
2019-10-18 07:53:59,657 [pool-37-thread-1] INFO  server.RaftServerConfigKeys (ConfUtils.java:logGet(43)) - raft.server.log.appender.install.snapshot.enabled = false (custom)
2019-10-18 07:53:59,657 [pool-37-thread-1] INFO  impl.RaftServerImpl (ServerState.java:<init>(103)) - 9334f5f3-1c9b-4a41-9735-40b3bdb856ca@group-69898A346AAC: ConfigurationManager, init=-1: [0fc43408-9179-47bd-a807-e56cc33d805e:192.168.69.67:34615, 9334f5f3-1c9b-4a41-9735-40b3bdb856ca:192.168.69.67:35940, a3fa570c-ae50-443c-8ab2-043428e82a24:192.168.69.67:36282], old=null, confs=<EMPTY_MAP>
2019-10-18 07:53:59,657 [pool-37-thread-1] INFO  server.RaftServerConfigKeys (ConfUtils.java:logGet(43)) - raft.server.storage.dir = [/workdir/hadoop-ozone/integration-test/target/test-dir/MiniOzoneClusterImpl-58fc3ecd-0fbd-4e7b-a09c-4106a93dde4d/datanode-1/data/ratis] (custom)
2019-10-18 07:53:59,657 [pool-77-thread-1] INFO  impl.RaftServerImpl (RaftServerImpl.java:<init>(104)) - a3fa570c-ae50-443c-8ab2-043428e82a24: new RaftServerImpl for group-69898A346AAC:[0fc43408-9179-47bd-a807-e56cc33d805e:192.168.69.67:34615, 9334f5f3-1c9b-4a41-9735-40b3bdb856ca:192.168.69.67:35940, a3fa570c-ae50-443c-8ab2-043428e82a24:192.168.69.67:36282] with ContainerStateMachine:uninitialized
2019-10-18 07:53:59,658 [pool-77-thread-1] INFO  server.RaftServerConfigKeys (ConfUtils.java:logGet(43)) - raft.server.rpc.timeout.min = 5s (custom)
2019-10-18 07:53:59,658 [pool-37-thread-1] INFO  server.RaftServerConfigKeys (ConfUtils.java:logGet(43)) - raft.server.log.corruption.policy = EXCEPTION (default)
2019-10-18 07:53:59,658 [pool-77-thread-1] INFO  server.RaftServerConfigKeys (ConfUtils.java:logGet(43)) - raft.server.rpc.timeout.max = 5200ms (custom)
2019-10-18 07:53:59,658 [pool-37-thread-1] INFO  storage.RaftStorageDirectory (RaftStorageDirectory.java:analyzeStorage(246)) - The storage directory /workdir/hadoop-ozone/integration-test/target/test-dir/MiniOzoneClusterImpl-58fc3ecd-0fbd-4e7b-a09c-4106a93dde4d/datanode-1/data/ratis/e74064ca-a38d-4e98-a5ce-69898a346aac does not exist. Creating ...
2019-10-18 07:53:59,658 [pool-77-thread-1] INFO  server.RaftServerConfigKeys (ConfUtils.java:logGet(43)) - raft.server.rpcslowness.timeout = 120s (custom)
2019-10-18 07:53:59,658 [pool-77-thread-1] INFO  server.RaftServerConfigKeys (ConfUtils.java:logGet(43)) - raft.server.sleep.deviation.threshold = 300 (default)
2019-10-18 07:53:59,659 [pool-77-thread-1] INFO  server.RaftServerConfigKeys (ConfUtils.java:logGet(43)) - raft.server.log.appender.install.snapshot.enabled = false (custom)
2019-10-18 07:53:59,659 [pool-57-thread-1] INFO  impl.RaftServerImpl (RaftServerImpl.java:<init>(104)) - 0fc43408-9179-47bd-a807-e56cc33d805e: new RaftServerImpl for group-69898A346AAC:[0fc43408-9179-47bd-a807-e56cc33d805e:192.168.69.67:34615, 9334f5f3-1c9b-4a41-9735-40b3bdb856ca:192.168.69.67:35940, a3fa570c-ae50-443c-8ab2-043428e82a24:192.168.69.67:36282] with ContainerStateMachine:uninitialized
2019-10-18 07:53:59,659 [pool-77-thread-1] INFO  impl.RaftServerImpl (ServerState.java:<init>(103)) - a3fa570c-ae50-443c-8ab2-043428e82a24@group-69898A346AAC: ConfigurationManager, init=-1: [0fc43408-9179-47bd-a807-e56cc33d805e:192.168.69.67:34615, 9334f5f3-1c9b-4a41-9735-40b3bdb856ca:192.168.69.67:35940, a3fa570c-ae50-443c-8ab2-043428e82a24:192.168.69.67:36282], old=null, confs=<EMPTY_MAP>
2019-10-18 07:53:59,659 [pool-57-thread-1] INFO  server.RaftServerConfigKeys (ConfUtils.java:logGet(43)) - raft.server.rpc.timeout.min = 5s (custom)
2019-10-18 07:53:59,659 [pool-77-thread-1] INFO  server.RaftServerConfigKeys (ConfUtils.java:logGet(43)) - raft.server.storage.dir = [/workdir/hadoop-ozone/integration-test/target/test-dir/MiniOzoneClusterImpl-58fc3ecd-0fbd-4e7b-a09c-4106a93dde4d/datanode-5/data/ratis] (custom)
2019-10-18 07:53:59,659 [pool-57-thread-1] INFO  server.RaftServerConfigKeys (ConfUtils.java:logGet(43)) - raft.server.rpc.timeout.max = 5200ms (custom)
2019-10-18 07:53:59,659 [pool-57-thread-1] INFO  server.RaftServerConfigKeys (ConfUtils.java:logGet(43)) - raft.server.rpcslowness.timeout = 120s (custom)
2019-10-18 07:53:59,659 [pool-77-thread-1] INFO  server.RaftServerConfigKeys (ConfUtils.java:logGet(43)) - raft.server.log.corruption.policy = EXCEPTION (default)
2019-10-18 07:53:59,660 [pool-57-thread-1] INFO  server.RaftServerConfigKeys (ConfUtils.java:logGet(43)) - raft.server.sleep.deviation.threshold = 300 (default)
2019-10-18 07:53:59,660 [pool-57-thread-1] INFO  server.RaftServerConfigKeys (ConfUtils.java:logGet(43)) - raft.server.log.appender.install.snapshot.enabled = false (custom)
2019-10-18 07:53:59,660 [pool-77-thread-1] INFO  storage.RaftStorageDirectory (RaftStorageDirectory.java:analyzeStorage(246)) - The storage directory /workdir/hadoop-ozone/integration-test/target/test-dir/MiniOzoneClusterImpl-58fc3ecd-0fbd-4e7b-a09c-4106a93dde4d/datanode-5/data/ratis/e74064ca-a38d-4e98-a5ce-69898a346aac does not exist. Creating ...
2019-10-18 07:53:59,660 [pool-57-thread-1] INFO  impl.RaftServerImpl (ServerState.java:<init>(103)) - 0fc43408-9179-47bd-a807-e56cc33d805e@group-69898A346AAC: ConfigurationManager, init=-1: [0fc43408-9179-47bd-a807-e56cc33d805e:192.168.69.67:34615, 9334f5f3-1c9b-4a41-9735-40b3bdb856ca:192.168.69.67:35940, a3fa570c-ae50-443c-8ab2-043428e82a24:192.168.69.67:36282], old=null, confs=<EMPTY_MAP>
2019-10-18 07:53:59,660 [pool-57-thread-1] INFO  server.RaftServerConfigKeys (ConfUtils.java:logGet(43)) - raft.server.storage.dir = [/workdir/hadoop-ozone/integration-test/target/test-dir/MiniOzoneClusterImpl-58fc3ecd-0fbd-4e7b-a09c-4106a93dde4d/datanode-3/data/ratis] (custom)
2019-10-18 07:53:59,661 [pool-57-thread-1] INFO  server.RaftServerConfigKeys (ConfUtils.java:logGet(43)) - raft.server.log.corruption.policy = EXCEPTION (default)
2019-10-18 07:53:59,661 [pool-57-thread-1] INFO  storage.RaftStorageDirectory (RaftStorageDirectory.java:analyzeStorage(246)) - The storage directory /workdir/hadoop-ozone/integration-test/target/test-dir/MiniOzoneClusterImpl-58fc3ecd-0fbd-4e7b-a09c-4106a93dde4d/datanode-3/data/ratis/e74064ca-a38d-4e98-a5ce-69898a346aac does not exist. Creating ...
2019-10-18 07:53:59,672 [pool-57-thread-1] INFO  storage.RaftStorageDirectory (RaftStorageDirectory.java:tryLock(328)) - Lock on /workdir/hadoop-ozone/integration-test/target/test-dir/MiniOzoneClusterImpl-58fc3ecd-0fbd-4e7b-a09c-4106a93dde4d/datanode-3/data/ratis/e74064ca-a38d-4e98-a5ce-69898a346aac/in_use.lock acquired by nodename 22103@pr-hdds-1868-wx8dl-4219780377
2019-10-18 07:53:59,672 [pool-37-thread-1] INFO  storage.RaftStorageDirectory (RaftStorageDirectory.java:tryLock(328)) - Lock on /workdir/hadoop-ozone/integration-test/target/test-dir/MiniOzoneClusterImpl-58fc3ecd-0fbd-4e7b-a09c-4106a93dde4d/datanode-1/data/ratis/e74064ca-a38d-4e98-a5ce-69898a346aac/in_use.lock acquired by nodename 22103@pr-hdds-1868-wx8dl-4219780377
2019-10-18 07:53:59,672 [pool-77-thread-1] INFO  storage.RaftStorageDirectory (RaftStorageDirectory.java:tryLock(328)) - Lock on /workdir/hadoop-ozone/integration-test/target/test-dir/MiniOzoneClusterImpl-58fc3ecd-0fbd-4e7b-a09c-4106a93dde4d/datanode-5/data/ratis/e74064ca-a38d-4e98-a5ce-69898a346aac/in_use.lock acquired by nodename 22103@pr-hdds-1868-wx8dl-4219780377
2019-10-18 07:53:59,696 [pool-57-thread-1] INFO  storage.RaftStorage (RaftStorage.java:format(84)) - Storage directory /workdir/hadoop-ozone/integration-test/target/test-dir/MiniOzoneClusterImpl-58fc3ecd-0fbd-4e7b-a09c-4106a93dde4d/datanode-3/data/ratis/e74064ca-a38d-4e98-a5ce-69898a346aac has been successfully formatted.
2019-10-18 07:53:59,696 [pool-37-thread-1] INFO  storage.RaftStorage (RaftStorage.java:format(84)) - Storage directory /workdir/hadoop-ozone/integration-test/target/test-dir/MiniOzoneClusterImpl-58fc3ecd-0fbd-4e7b-a09c-4106a93dde4d/datanode-1/data/ratis/e74064ca-a38d-4e98-a5ce-69898a346aac has been successfully formatted.
2019-10-18 07:53:59,696 [pool-77-thread-1] INFO  storage.RaftStorage (RaftStorage.java:format(84)) - Storage directory /workdir/hadoop-ozone/integration-test/target/test-dir/MiniOzoneClusterImpl-58fc3ecd-0fbd-4e7b-a09c-4106a93dde4d/datanode-5/data/ratis/e74064ca-a38d-4e98-a5ce-69898a346aac has been successfully formatted.
2019-10-18 07:53:59,696 [pool-57-thread-1] INFO  ratis.ContainerStateMachine (ContainerStateMachine.java:loadSnapshot(233)) - group-69898A346AAC: The snapshot info is null. Setting the last applied indexto:(t:0, i:~)
2019-10-18 07:53:59,697 [pool-37-thread-1] INFO  ratis.ContainerStateMachine (ContainerStateMachine.java:loadSnapshot(233)) - group-69898A346AAC: The snapshot info is null. Setting the last applied indexto:(t:0, i:~)
2019-10-18 07:53:59,697 [pool-57-thread-1] INFO  server.RaftServerConfigKeys (ConfUtils.java:logGet(43)) - raft.server.notification.no-leader.timeout = 120s (custom)
2019-10-18 07:53:59,697 [pool-77-thread-1] INFO  ratis.ContainerStateMachine (ContainerStateMachine.java:loadSnapshot(233)) - group-69898A346AAC: The snapshot info is null. Setting the last applied indexto:(t:0, i:~)
2019-10-18 07:53:59,697 [pool-57-thread-1] INFO  server.RaftServerConfigKeys (ConfUtils.java:logGet(43)) - raft.server.log.use.memory = false (default)
2019-10-18 07:53:59,697 [pool-37-thread-1] INFO  server.RaftServerConfigKeys (ConfUtils.java:logGet(43)) - raft.server.notification.no-leader.timeout = 120s (custom)
2019-10-18 07:53:59,697 [pool-57-thread-1] INFO  server.RaftServerConfigKeys (ConfUtils.java:logGet(43)) - raft.server.log.purge.gap = 1000000 (custom)
2019-10-18 07:53:59,697 [pool-77-thread-1] INFO  server.RaftServerConfigKeys (ConfUtils.java:logGet(43)) - raft.server.notification.no-leader.timeout = 120s (custom)
2019-10-18 07:53:59,698 [pool-57-thread-1] INFO  server.RaftServerConfigKeys (ConfUtils.java:logGet(43)) - raft.server.log.appender.buffer.byte-limit = 33554432 (custom)
2019-10-18 07:53:59,698 [pool-37-thread-1] INFO  server.RaftServerConfigKeys (ConfUtils.java:logGet(43)) - raft.server.log.use.memory = false (default)
2019-10-18 07:53:59,698 [pool-57-thread-1] INFO  server.RaftServerConfigKeys (ConfUtils.java:logGet(43)) - raft.server.log.segment.size.max = 1048576 (custom)
2019-10-18 07:53:59,698 [pool-77-thread-1] INFO  server.RaftServerConfigKeys (ConfUtils.java:logGet(43)) - raft.server.log.use.memory = false (default)
2019-10-18 07:53:59,698 [pool-57-thread-1] INFO  server.RaftServerConfigKeys (ConfUtils.java:logGet(43)) - raft.server.log.segment.cache.num.max = 2 (custom)
2019-10-18 07:53:59,698 [pool-37-thread-1] INFO  server.RaftServerConfigKeys (ConfUtils.java:logGet(43)) - raft.server.log.purge.gap = 1000000 (custom)
2019-10-18 07:53:59,699 [pool-57-thread-1] INFO  segmented.SegmentedRaftLogWorker (SegmentedRaftLogWorker.java:<init>(173)) - new 0fc43408-9179-47bd-a807-e56cc33d805e@group-69898A346AAC-SegmentedRaftLogWorker for RaftStorage:Storage Directory /workdir/hadoop-ozone/integration-test/target/test-dir/MiniOzoneClusterImpl-58fc3ecd-0fbd-4e7b-a09c-4106a93dde4d/datanode-3/data/ratis/e74064ca-a38d-4e98-a5ce-69898a346aac
2019-10-18 07:53:59,699 [pool-77-thread-1] INFO  server.RaftServerConfigKeys (ConfUtils.java:logGet(43)) - raft.server.log.purge.gap = 1000000 (custom)
2019-10-18 07:53:59,699 [pool-57-thread-1] INFO  server.RaftServerConfigKeys (ConfUtils.java:logGet(43)) - raft.server.log.queue.byte-limit = 2147483647 (custom)
2019-10-18 07:53:59,699 [pool-37-thread-1] INFO  server.RaftServerConfigKeys (ConfUtils.java:logGet(43)) - raft.server.log.appender.buffer.byte-limit = 33554432 (custom)
2019-10-18 07:53:59,699 [pool-57-thread-1] INFO  server.RaftServerConfigKeys (ConfUtils.java:logGet(43)) - raft.server.log.queue.element-limit = 1024 (custom)
2019-10-18 07:53:59,699 [pool-77-thread-1] INFO  server.RaftServerConfigKeys (ConfUtils.java:logGet(43)) - raft.server.log.appender.buffer.byte-limit = 33554432 (custom)
2019-10-18 07:53:59,699 [pool-57-thread-1] INFO  server.RaftServerConfigKeys (ConfUtils.java:logGet(43)) - raft.server.log.segment.size.max = 1048576 (custom)
2019-10-18 07:53:59,699 [pool-37-thread-1] INFO  server.RaftServerConfigKeys (ConfUtils.java:logGet(43)) - raft.server.log.segment.size.max = 1048576 (custom)
2019-10-18 07:53:59,700 [pool-57-thread-1] INFO  server.RaftServerConfigKeys (ConfUtils.java:logGet(43)) - raft.server.log.preallocated.size = 16384 (custom)
2019-10-18 07:53:59,700 [pool-77-thread-1] INFO  server.RaftServerConfigKeys (ConfUtils.java:logGet(43)) - raft.server.log.segment.size.max = 1048576 (custom)
2019-10-18 07:53:59,700 [pool-57-thread-1] INFO  server.RaftServerConfigKeys (ConfUtils.java:logGet(43)) - raft.server.log.write.buffer.size = 33554432 (custom)
2019-10-18 07:53:59,700 [pool-37-thread-1] INFO  server.RaftServerConfigKeys (ConfUtils.java:logGet(43)) - raft.server.log.segment.cache.num.max = 2 (custom)
2019-10-18 07:53:59,700 [pool-57-thread-1] INFO  server.RaftServerConfigKeys (ConfUtils.java:logGet(43)) - raft.server.log.force.sync.num = 128 (default)
2019-10-18 07:53:59,700 [pool-77-thread-1] INFO  server.RaftServerConfigKeys (ConfUtils.java:logGet(43)) - raft.server.log.segment.cache.num.max = 2 (custom)
2019-10-18 07:53:59,701 [pool-57-thread-1] INFO  server.RaftServerConfigKeys (ConfUtils.java:logGet(43)) - raft.server.log.statemachine.data.sync = true (default)
2019-10-18 07:53:59,701 [pool-37-thread-1] INFO  segmented.SegmentedRaftLogWorker (SegmentedRaftLogWorker.java:<init>(173)) - new 9334f5f3-1c9b-4a41-9735-40b3bdb856ca@group-69898A346AAC-SegmentedRaftLogWorker for RaftStorage:Storage Directory /workdir/hadoop-ozone/integration-test/target/test-dir/MiniOzoneClusterImpl-58fc3ecd-0fbd-4e7b-a09c-4106a93dde4d/datanode-1/data/ratis/e74064ca-a38d-4e98-a5ce-69898a346aac
2019-10-18 07:53:59,701 [pool-57-thread-1] INFO  server.RaftServerConfigKeys (ConfUtils.java:logGet(43)) - raft.server.log.statemachine.data.sync.timeout = 10s (default)
2019-10-18 07:53:59,701 [pool-77-thread-1] INFO  segmented.SegmentedRaftLogWorker (SegmentedRaftLogWorker.java:<init>(173)) - new a3fa570c-ae50-443c-8ab2-043428e82a24@group-69898A346AAC-SegmentedRaftLogWorker for RaftStorage:Storage Directory /workdir/hadoop-ozone/integration-test/target/test-dir/MiniOzoneClusterImpl-58fc3ecd-0fbd-4e7b-a09c-4106a93dde4d/datanode-5/data/ratis/e74064ca-a38d-4e98-a5ce-69898a346aac
2019-10-18 07:53:59,701 [pool-57-thread-1] INFO  server.RaftServerConfigKeys (ConfUtils.java:logGet(43)) - raft.server.log.statemachine.data.sync.timeout.retry = -1 (default)
2019-10-18 07:53:59,701 [pool-37-thread-1] INFO  server.RaftServerConfigKeys (ConfUtils.java:logGet(43)) - raft.server.log.queue.byte-limit = 2147483647 (custom)
2019-10-18 07:53:59,702 [pool-57-thread-1] INFO  server.RaftServerConfigKeys (ConfUtils.java:logGet(43)) - raft.server.log.statemachine.data.caching.enabled = true (custom)
2019-10-18 07:53:59,701 [pool-77-thread-1] INFO  server.RaftServerConfigKeys (ConfUtils.java:logGet(43)) - raft.server.log.queue.byte-limit = 2147483647 (custom)
2019-10-18 07:53:59,702 [pool-37-thread-1] INFO  server.RaftServerConfigKeys (ConfUtils.java:logGet(43)) - raft.server.log.queue.element-limit = 1024 (custom)
2019-10-18 07:53:59,702 [pool-57-thread-1] INFO  segmented.SegmentedRaftLogWorker (SegmentedRaftLogWorker.java:lambda$new$0(128)) - 0fc43408-9179-47bd-a807-e56cc33d805e@group-69898A346AAC-SegmentedRaftLogWorker: flushIndex: setUnconditionally 0 -> -1
2019-10-18 07:53:59,702 [pool-77-thread-1] INFO  server.RaftServerConfigKeys (ConfUtils.java:logGet(43)) - raft.server.log.queue.element-limit = 1024 (custom)
2019-10-18 07:53:59,702 [pool-37-thread-1] INFO  server.RaftServerConfigKeys (ConfUtils.java:logGet(43)) - raft.server.log.segment.size.max = 1048576 (custom)
2019-10-18 07:53:59,702 [pool-77-thread-1] INFO  server.RaftServerConfigKeys (ConfUtils.java:logGet(43)) - raft.server.log.segment.size.max = 1048576 (custom)
2019-10-18 07:53:59,702 [pool-57-thread-1] INFO  server.RaftServerConfigKeys (ConfUtils.java:logGet(43)) - raft.server.snapshot.auto.trigger.enabled = true (custom)
2019-10-18 07:53:59,703 [pool-77-thread-1] INFO  server.RaftServerConfigKeys (ConfUtils.java:logGet(43)) - raft.server.log.preallocated.size = 16384 (custom)
2019-10-18 07:53:59,703 [pool-37-thread-1] INFO  server.RaftServerConfigKeys (ConfUtils.java:logGet(43)) - raft.server.log.preallocated.size = 16384 (custom)
2019-10-18 07:53:59,703 [pool-77-thread-1] INFO  server.RaftServerConfigKeys (ConfUtils.java:logGet(43)) - raft.server.log.write.buffer.size = 33554432 (custom)
2019-10-18 07:53:59,703 [pool-57-thread-1] INFO  server.RaftServerConfigKeys (ConfUtils.java:logGet(43)) - raft.server.snapshot.auto.trigger.threshold = 10000 (custom)
2019-10-18 07:53:59,703 [pool-77-thread-1] INFO  server.RaftServerConfigKeys (ConfUtils.java:logGet(43)) - raft.server.log.force.sync.num = 128 (default)
2019-10-18 07:53:59,703 [pool-37-thread-1] INFO  server.RaftServerConfigKeys (ConfUtils.java:logGet(43)) - raft.server.log.write.buffer.size = 33554432 (custom)
2019-10-18 07:53:59,704 [pool-77-thread-1] INFO  server.RaftServerConfigKeys (ConfUtils.java:logGet(43)) - raft.server.log.statemachine.data.sync = true (default)
2019-10-18 07:53:59,703 [pool-57-thread-1] INFO  server.RaftServerConfigKeys (ConfUtils.java:logGet(43)) - raft.server.snapshot.retention.file.num = 5 (custom)
2019-10-18 07:53:59,704 [pool-77-thread-1] INFO  server.RaftServerConfigKeys (ConfUtils.java:logGet(43)) - raft.server.log.statemachine.data.sync.timeout = 10s (default)
2019-10-18 07:53:59,704 [pool-37-thread-1] INFO  server.RaftServerConfigKeys (ConfUtils.java:logGet(43)) - raft.server.log.force.sync.num = 128 (default)
2019-10-18 07:53:59,704 [pool-77-thread-1] INFO  server.RaftServerConfigKeys (ConfUtils.java:logGet(43)) - raft.server.log.statemachine.data.sync.timeout.retry = -1 (default)
2019-10-18 07:53:59,704 [pool-57-thread-1] INFO  server.RaftServerConfigKeys (ConfUtils.java:logGet(43)) - raft.server.retrycache.expirytime = 600000ms (custom)
2019-10-18 07:53:59,705 [pool-37-thread-1] INFO  server.RaftServerConfigKeys (ConfUtils.java:logGet(43)) - raft.server.log.statemachine.data.sync = true (default)
2019-10-18 07:53:59,705 [pool-77-thread-1] INFO  server.RaftServerConfigKeys (ConfUtils.java:logGet(43)) - raft.server.log.statemachine.data.caching.enabled = true (custom)
2019-10-18 07:53:59,705 [pool-37-thread-1] INFO  server.RaftServerConfigKeys (ConfUtils.java:logGet(43)) - raft.server.log.statemachine.data.sync.timeout = 10s (default)
2019-10-18 07:53:59,705 [pool-37-thread-1] INFO  server.RaftServerConfigKeys (ConfUtils.java:logGet(43)) - raft.server.log.statemachine.data.sync.timeout.retry = -1 (default)
2019-10-18 07:53:59,705 [pool-77-thread-1] INFO  segmented.SegmentedRaftLogWorker (SegmentedRaftLogWorker.java:lambda$new$0(128)) - a3fa570c-ae50-443c-8ab2-043428e82a24@group-69898A346AAC-SegmentedRaftLogWorker: flushIndex: setUnconditionally 0 -> -1
2019-10-18 07:53:59,706 [pool-37-thread-1] INFO  server.RaftServerConfigKeys (ConfUtils.java:logGet(43)) - raft.server.log.statemachine.data.caching.enabled = true (custom)
2019-10-18 07:53:59,706 [pool-77-thread-1] INFO  server.RaftServerConfigKeys (ConfUtils.java:logGet(43)) - raft.server.snapshot.auto.trigger.enabled = true (custom)
2019-10-18 07:53:59,706 [pool-37-thread-1] INFO  segmented.SegmentedRaftLogWorker (SegmentedRaftLogWorker.java:lambda$new$0(128)) - 9334f5f3-1c9b-4a41-9735-40b3bdb856ca@group-69898A346AAC-SegmentedRaftLogWorker: flushIndex: setUnconditionally 0 -> -1
2019-10-18 07:53:59,706 [pool-77-thread-1] INFO  server.RaftServerConfigKeys (ConfUtils.java:logGet(43)) - raft.server.snapshot.auto.trigger.threshold = 10000 (custom)
2019-10-18 07:53:59,706 [pool-77-thread-1] INFO  server.RaftServerConfigKeys (ConfUtils.java:logGet(43)) - raft.server.snapshot.retention.file.num = 5 (custom)
2019-10-18 07:53:59,706 [pool-37-thread-1] INFO  server.RaftServerConfigKeys (ConfUtils.java:logGet(43)) - raft.server.snapshot.auto.trigger.enabled = true (custom)
2019-10-18 07:53:59,707 [pool-77-thread-1] INFO  server.RaftServerConfigKeys (ConfUtils.java:logGet(43)) - raft.server.retrycache.expirytime = 600000ms (custom)
2019-10-18 07:53:59,707 [pool-37-thread-1] INFO  server.RaftServerConfigKeys (ConfUtils.java:logGet(43)) - raft.server.snapshot.auto.trigger.threshold = 10000 (custom)
2019-10-18 07:53:59,707 [pool-37-thread-1] INFO  server.RaftServerConfigKeys (ConfUtils.java:logGet(43)) - raft.server.snapshot.retention.file.num = 5 (custom)
2019-10-18 07:53:59,707 [pool-37-thread-1] INFO  server.RaftServerConfigKeys (ConfUtils.java:logGet(43)) - raft.server.retrycache.expirytime = 600000ms (custom)
2019-10-18 07:53:59,708 [pool-57-thread-1] INFO  impl.RaftServerImpl (RaftServerImpl.java:start(195)) - 0fc43408-9179-47bd-a807-e56cc33d805e@group-69898A346AAC: start as a follower, conf=-1: [0fc43408-9179-47bd-a807-e56cc33d805e:192.168.69.67:34615, 9334f5f3-1c9b-4a41-9735-40b3bdb856ca:192.168.69.67:35940, a3fa570c-ae50-443c-8ab2-043428e82a24:192.168.69.67:36282], old=null
2019-10-18 07:53:59,708 [pool-57-thread-1] INFO  impl.RaftServerImpl (RaftServerImpl.java:setRole(184)) - 0fc43408-9179-47bd-a807-e56cc33d805e@group-69898A346AAC: changes role from      null to FOLLOWER at term 0 for startAsFollower
2019-10-18 07:53:59,708 [pool-57-thread-1] INFO  impl.RoleInfo (RoleInfo.java:updateAndGet(143)) - 0fc43408-9179-47bd-a807-e56cc33d805e: start FollowerState
2019-10-18 07:53:59,709 [pool-57-thread-1] INFO  util.JmxRegister (JmxRegister.java:tryRegister(44)) - Successfully registered JMX Bean with object name Ratis:service=RaftServer,group=group-69898A346AAC,id=0fc43408-9179-47bd-a807-e56cc33d805e
2019-10-18 07:53:59,711 [pool-77-thread-1] INFO  impl.RaftServerImpl (RaftServerImpl.java:start(195)) - a3fa570c-ae50-443c-8ab2-043428e82a24@group-69898A346AAC: start as a follower, conf=-1: [0fc43408-9179-47bd-a807-e56cc33d805e:192.168.69.67:34615, 9334f5f3-1c9b-4a41-9735-40b3bdb856ca:192.168.69.67:35940, a3fa570c-ae50-443c-8ab2-043428e82a24:192.168.69.67:36282], old=null
2019-10-18 07:53:59,711 [pool-77-thread-1] INFO  impl.RaftServerImpl (RaftServerImpl.java:setRole(184)) - a3fa570c-ae50-443c-8ab2-043428e82a24@group-69898A346AAC: changes role from      null to FOLLOWER at term 0 for startAsFollower
2019-10-18 07:53:59,711 [pool-77-thread-1] INFO  impl.RoleInfo (RoleInfo.java:updateAndGet(143)) - a3fa570c-ae50-443c-8ab2-043428e82a24: start FollowerState
2019-10-18 07:53:59,711 [pool-37-thread-1] INFO  impl.RaftServerImpl (RaftServerImpl.java:start(195)) - 9334f5f3-1c9b-4a41-9735-40b3bdb856ca@group-69898A346AAC: start as a follower, conf=-1: [0fc43408-9179-47bd-a807-e56cc33d805e:192.168.69.67:34615, 9334f5f3-1c9b-4a41-9735-40b3bdb856ca:192.168.69.67:35940, a3fa570c-ae50-443c-8ab2-043428e82a24:192.168.69.67:36282], old=null
2019-10-18 07:53:59,712 [pool-37-thread-1] INFO  impl.RaftServerImpl (RaftServerImpl.java:setRole(184)) - 9334f5f3-1c9b-4a41-9735-40b3bdb856ca@group-69898A346AAC: changes role from      null to FOLLOWER at term 0 for startAsFollower
2019-10-18 07:53:59,712 [pool-77-thread-1] INFO  util.JmxRegister (JmxRegister.java:tryRegister(44)) - Successfully registered JMX Bean with object name Ratis:service=RaftServer,group=group-69898A346AAC,id=a3fa570c-ae50-443c-8ab2-043428e82a24
2019-10-18 07:53:59,712 [pool-37-thread-1] INFO  impl.RoleInfo (RoleInfo.java:updateAndGet(143)) - 9334f5f3-1c9b-4a41-9735-40b3bdb856ca: start FollowerState
2019-10-18 07:53:59,712 [pool-37-thread-1] INFO  util.JmxRegister (JmxRegister.java:tryRegister(44)) - Successfully registered JMX Bean with object name Ratis:service=RaftServer,group=group-69898A346AAC,id=9334f5f3-1c9b-4a41-9735-40b3bdb856ca
2019-10-18 07:53:59,724 [RatisPipelineUtilsThread] INFO  pipeline.PipelineStateManager (PipelineStateManager.java:addPipeline(55)) - Created pipeline Pipeline[ Id: e74064ca-a38d-4e98-a5ce-69898a346aac, Nodes: 0fc43408-9179-47bd-a807-e56cc33d805e{ip: 192.168.69.67, host: pr-hdds-1868-wx8dl-4219780377, networkLocation: /default-rack, certSerialId: null}a3fa570c-ae50-443c-8ab2-043428e82a24{ip: 192.168.69.67, host: pr-hdds-1868-wx8dl-4219780377, networkLocation: /default-rack, certSerialId: null}9334f5f3-1c9b-4a41-9735-40b3bdb856ca{ip: 192.168.69.67, host: pr-hdds-1868-wx8dl-4219780377, networkLocation: /default-rack, certSerialId: null}, Type:RATIS, Factor:THREE, State:ALLOCATED]
2019-10-18 07:53:59,726 [Thread-366] INFO  impl.FollowerState (FollowerState.java:run(108)) - 0fc43408-9179-47bd-a807-e56cc33d805e@group-69898A346AAC-FollowerState: change to CANDIDATE, lastRpcTime:17ms, electionTimeout:16ms
2019-10-18 07:53:59,727 [Thread-366] INFO  impl.RoleInfo (RoleInfo.java:shutdownFollowerState(121)) - 0fc43408-9179-47bd-a807-e56cc33d805e: shutdown FollowerState
2019-10-18 07:53:59,727 [Thread-366] INFO  impl.RaftServerImpl (RaftServerImpl.java:setRole(184)) - 0fc43408-9179-47bd-a807-e56cc33d805e@group-69898A346AAC: changes role from  FOLLOWER to CANDIDATE at term 0 for changeToCandidate
2019-10-18 07:53:59,727 [Thread-366] INFO  impl.RoleInfo (RoleInfo.java:updateAndGet(143)) - 0fc43408-9179-47bd-a807-e56cc33d805e: start LeaderElection
2019-10-18 07:53:59,748 [grpc-default-executor-3] INFO  impl.RaftServerProxy (RaftServerProxy.java:addNew(89)) - 3d3aac8b-d4d1-454d-bf0c-88a180692893: addNew group-BAC069DAEF17:[6fa005cd-25d6-4e29-bda6-9462a060c098:192.168.69.67:36093, 4b487190-7547-40c7-b780-43c37a89e8eb:192.168.69.67:39683, 3d3aac8b-d4d1-454d-bf0c-88a180692893:192.168.69.67:34429] returns group-BAC069DAEF17:java.util.concurrent.CompletableFuture@26de82ab[Not completed]
2019-10-18 07:53:59,749 [grpc-default-executor-2] INFO  impl.RaftServerProxy (RaftServerProxy.java:addNew(89)) - 4b487190-7547-40c7-b780-43c37a89e8eb: addNew group-BAC069DAEF17:[6fa005cd-25d6-4e29-bda6-9462a060c098:192.168.69.67:36093, 4b487190-7547-40c7-b780-43c37a89e8eb:192.168.69.67:39683, 3d3aac8b-d4d1-454d-bf0c-88a180692893:192.168.69.67:34429] returns group-BAC069DAEF17:java.util.concurrent.CompletableFuture@2dac742a[Not completed]
2019-10-18 07:53:59,748 [grpc-default-executor-0] INFO  impl.RaftServerProxy (RaftServerProxy.java:addNew(89)) - 6fa005cd-25d6-4e29-bda6-9462a060c098: addNew group-BAC069DAEF17:[6fa005cd-25d6-4e29-bda6-9462a060c098:192.168.69.67:36093, 4b487190-7547-40c7-b780-43c37a89e8eb:192.168.69.67:39683, 3d3aac8b-d4d1-454d-bf0c-88a180692893:192.168.69.67:34429] returns group-BAC069DAEF17:java.util.concurrent.CompletableFuture@276e60c6[Not completed]
2019-10-18 07:53:59,752 [pool-47-thread-1] INFO  impl.RaftServerImpl (RaftServerImpl.java:<init>(104)) - 3d3aac8b-d4d1-454d-bf0c-88a180692893: new RaftServerImpl for group-BAC069DAEF17:[6fa005cd-25d6-4e29-bda6-9462a060c098:192.168.69.67:36093, 4b487190-7547-40c7-b780-43c37a89e8eb:192.168.69.67:39683, 3d3aac8b-d4d1-454d-bf0c-88a180692893:192.168.69.67:34429] with ContainerStateMachine:uninitialized
2019-10-18 07:53:59,752 [pool-47-thread-1] INFO  server.RaftServerConfigKeys (ConfUtils.java:logGet(43)) - raft.server.rpc.timeout.min = 5s (custom)
2019-10-18 07:53:59,752 [pool-47-thread-1] INFO  server.RaftServerConfigKeys (ConfUtils.java:logGet(43)) - raft.server.rpc.timeout.max = 5200ms (custom)
2019-10-18 07:53:59,752 [pool-47-thread-1] INFO  server.RaftServerConfigKeys (ConfUtils.java:logGet(43)) - raft.server.rpcslowness.timeout = 120s (custom)
2019-10-18 07:53:59,753 [pool-47-thread-1] INFO  server.RaftServerConfigKeys (ConfUtils.java:logGet(43)) - raft.server.sleep.deviation.threshold = 300 (default)
2019-10-18 07:53:59,753 [pool-47-thread-1] INFO  server.RaftServerConfigKeys (ConfUtils.java:logGet(43)) - raft.server.log.appender.install.snapshot.enabled = false (custom)
2019-10-18 07:53:59,753 [pool-67-thread-1] INFO  impl.RaftServerImpl (RaftServerImpl.java:<init>(104)) - 4b487190-7547-40c7-b780-43c37a89e8eb: new RaftServerImpl for group-BAC069DAEF17:[6fa005cd-25d6-4e29-bda6-9462a060c098:192.168.69.67:36093, 4b487190-7547-40c7-b780-43c37a89e8eb:192.168.69.67:39683, 3d3aac8b-d4d1-454d-bf0c-88a180692893:192.168.69.67:34429] with ContainerStateMachine:uninitialized
2019-10-18 07:53:59,753 [pool-47-thread-1] INFO  impl.RaftServerImpl (ServerState.java:<init>(103)) - 3d3aac8b-d4d1-454d-bf0c-88a180692893@group-BAC069DAEF17: ConfigurationManager, init=-1: [6fa005cd-25d6-4e29-bda6-9462a060c098:192.168.69.67:36093, 4b487190-7547-40c7-b780-43c37a89e8eb:192.168.69.67:39683, 3d3aac8b-d4d1-454d-bf0c-88a180692893:192.168.69.67:34429], old=null, confs=<EMPTY_MAP>
2019-10-18 07:53:59,753 [pool-67-thread-1] INFO  server.RaftServerConfigKeys (ConfUtils.java:logGet(43)) - raft.server.rpc.timeout.min = 5s (custom)
2019-10-18 07:53:59,753 [pool-47-thread-1] INFO  server.RaftServerConfigKeys (ConfUtils.java:logGet(43)) - raft.server.storage.dir = [/workdir/hadoop-ozone/integration-test/target/test-dir/MiniOzoneClusterImpl-58fc3ecd-0fbd-4e7b-a09c-4106a93dde4d/datanode-2/data/ratis] (custom)
2019-10-18 07:53:59,753 [pool-67-thread-1] INFO  server.RaftServerConfigKeys (ConfUtils.java:logGet(43)) - raft.server.rpc.timeout.max = 5200ms (custom)
2019-10-18 07:53:59,754 [pool-67-thread-1] INFO  server.RaftServerConfigKeys (ConfUtils.java:logGet(43)) - raft.server.rpcslowness.timeout = 120s (custom)
2019-10-18 07:53:59,754 [pool-47-thread-1] INFO  server.RaftServerConfigKeys (ConfUtils.java:logGet(43)) - raft.server.log.corruption.policy = EXCEPTION (default)
2019-10-18 07:53:59,754 [pool-67-thread-1] INFO  server.RaftServerConfigKeys (ConfUtils.java:logGet(43)) - raft.server.sleep.deviation.threshold = 300 (default)
2019-10-18 07:53:59,754 [pool-67-thread-1] INFO  server.RaftServerConfigKeys (ConfUtils.java:logGet(43)) - raft.server.log.appender.install.snapshot.enabled = false (custom)
2019-10-18 07:53:59,754 [pool-27-thread-1] INFO  impl.RaftServerImpl (RaftServerImpl.java:<init>(104)) - 6fa005cd-25d6-4e29-bda6-9462a060c098: new RaftServerImpl for group-BAC069DAEF17:[6fa005cd-25d6-4e29-bda6-9462a060c098:192.168.69.67:36093, 4b487190-7547-40c7-b780-43c37a89e8eb:192.168.69.67:39683, 3d3aac8b-d4d1-454d-bf0c-88a180692893:192.168.69.67:34429] with ContainerStateMachine:uninitialized
2019-10-18 07:53:59,754 [pool-47-thread-1] INFO  storage.RaftStorageDirectory (RaftStorageDirectory.java:analyzeStorage(246)) - The storage directory /workdir/hadoop-ozone/integration-test/target/test-dir/MiniOzoneClusterImpl-58fc3ecd-0fbd-4e7b-a09c-4106a93dde4d/datanode-2/data/ratis/c8dd4d42-e4d1-4ed4-aa64-bac069daef17 does not exist. Creating ...
2019-10-18 07:53:59,754 [pool-27-thread-1] INFO  server.RaftServerConfigKeys (ConfUtils.java:logGet(43)) - raft.server.rpc.timeout.min = 5s (custom)
2019-10-18 07:53:59,754 [pool-67-thread-1] INFO  impl.RaftServerImpl (ServerState.java:<init>(103)) - 4b487190-7547-40c7-b780-43c37a89e8eb@group-BAC069DAEF17: ConfigurationManager, init=-1: [6fa005cd-25d6-4e29-bda6-9462a060c098:192.168.69.67:36093, 4b487190-7547-40c7-b780-43c37a89e8eb:192.168.69.67:39683, 3d3aac8b-d4d1-454d-bf0c-88a180692893:192.168.69.67:34429], old=null, confs=<EMPTY_MAP>
2019-10-18 07:53:59,755 [pool-27-thread-1] INFO  server.RaftServerConfigKeys (ConfUtils.java:logGet(43)) - raft.server.rpc.timeout.max = 5200ms (custom)
2019-10-18 07:53:59,755 [pool-67-thread-1] INFO  server.RaftServerConfigKeys (ConfUtils.java:logGet(43)) - raft.server.storage.dir = [/workdir/hadoop-ozone/integration-test/target/test-dir/MiniOzoneClusterImpl-58fc3ecd-0fbd-4e7b-a09c-4106a93dde4d/datanode-4/data/ratis] (custom)
2019-10-18 07:53:59,755 [pool-27-thread-1] INFO  server.RaftServerConfigKeys (ConfUtils.java:logGet(43)) - raft.server.rpcslowness.timeout = 120s (custom)
2019-10-18 07:53:59,755 [pool-27-thread-1] INFO  server.RaftServerConfigKeys (ConfUtils.java:logGet(43)) - raft.server.sleep.deviation.threshold = 300 (default)
2019-10-18 07:53:59,755 [pool-67-thread-1] INFO  server.RaftServerConfigKeys (ConfUtils.java:logGet(43)) - raft.server.log.corruption.policy = EXCEPTION (default)
2019-10-18 07:53:59,755 [pool-27-thread-1] INFO  server.RaftServerConfigKeys (ConfUtils.java:logGet(43)) - raft.server.log.appender.install.snapshot.enabled = false (custom)
2019-10-18 07:53:59,756 [pool-67-thread-1] INFO  storage.RaftStorageDirectory (RaftStorageDirectory.java:analyzeStorage(246)) - The storage directory /workdir/hadoop-ozone/integration-test/target/test-dir/MiniOzoneClusterImpl-58fc3ecd-0fbd-4e7b-a09c-4106a93dde4d/datanode-4/data/ratis/c8dd4d42-e4d1-4ed4-aa64-bac069daef17 does not exist. Creating ...
2019-10-18 07:53:59,756 [0fc43408-9179-47bd-a807-e56cc33d805e@group-69898A346AAC-LeaderElection17] INFO  impl.LeaderElection (LeaderElection.java:askForVotes(178)) - 0fc43408-9179-47bd-a807-e56cc33d805e@group-69898A346AAC-LeaderElection17: begin an election at term 1 for -1: [0fc43408-9179-47bd-a807-e56cc33d805e:192.168.69.67:34615, 9334f5f3-1c9b-4a41-9735-40b3bdb856ca:192.168.69.67:35940, a3fa570c-ae50-443c-8ab2-043428e82a24:192.168.69.67:36282], old=null
2019-10-18 07:53:59,756 [pool-27-thread-1] INFO  impl.RaftServerImpl (ServerState.java:<init>(103)) - 6fa005cd-25d6-4e29-bda6-9462a060c098@group-BAC069DAEF17: ConfigurationManager, init=-1: [6fa005cd-25d6-4e29-bda6-9462a060c098:192.168.69.67:36093, 4b487190-7547-40c7-b780-43c37a89e8eb:192.168.69.67:39683, 3d3aac8b-d4d1-454d-bf0c-88a180692893:192.168.69.67:34429], old=null, confs=<EMPTY_MAP>
2019-10-18 07:53:59,756 [pool-27-thread-1] INFO  server.RaftServerConfigKeys (ConfUtils.java:logGet(43)) - raft.server.storage.dir = [/workdir/hadoop-ozone/integration-test/target/test-dir/MiniOzoneClusterImpl-58fc3ecd-0fbd-4e7b-a09c-4106a93dde4d/datanode-0/data/ratis] (custom)
2019-10-18 07:53:59,757 [pool-27-thread-1] INFO  server.RaftServerConfigKeys (ConfUtils.java:logGet(43)) - raft.server.log.corruption.policy = EXCEPTION (default)
2019-10-18 07:53:59,757 [pool-27-thread-1] INFO  storage.RaftStorageDirectory (RaftStorageDirectory.java:analyzeStorage(246)) - The storage directory /workdir/hadoop-ozone/integration-test/target/test-dir/MiniOzoneClusterImpl-58fc3ecd-0fbd-4e7b-a09c-4106a93dde4d/datanode-0/data/ratis/c8dd4d42-e4d1-4ed4-aa64-bac069daef17 does not exist. Creating ...
2019-10-18 07:53:59,758 [pool-47-thread-1] INFO  storage.RaftStorageDirectory (RaftStorageDirectory.java:tryLock(328)) - Lock on /workdir/hadoop-ozone/integration-test/target/test-dir/MiniOzoneClusterImpl-58fc3ecd-0fbd-4e7b-a09c-4106a93dde4d/datanode-2/data/ratis/c8dd4d42-e4d1-4ed4-aa64-bac069daef17/in_use.lock acquired by nodename 22103@pr-hdds-1868-wx8dl-4219780377
2019-10-18 07:53:59,760 [grpc-default-executor-0] INFO  impl.RaftServerImpl (RaftServerImpl.java:setRole(184)) - 9334f5f3-1c9b-4a41-9735-40b3bdb856ca@group-69898A346AAC: changes role from  FOLLOWER to FOLLOWER at term 1 for recognizeCandidate:0fc43408-9179-47bd-a807-e56cc33d805e
2019-10-18 07:53:59,760 [grpc-default-executor-0] INFO  impl.RoleInfo (RoleInfo.java:shutdownFollowerState(121)) - 9334f5f3-1c9b-4a41-9735-40b3bdb856ca: shutdown FollowerState
2019-10-18 07:53:59,760 [Thread-368] INFO  impl.FollowerState (FollowerState.java:run(117)) - 9334f5f3-1c9b-4a41-9735-40b3bdb856ca@group-69898A346AAC-FollowerState was interrupted: java.lang.InterruptedException: sleep interrupted
2019-10-18 07:53:59,760 [grpc-default-executor-0] INFO  impl.RoleInfo (RoleInfo.java:updateAndGet(143)) - 9334f5f3-1c9b-4a41-9735-40b3bdb856ca: start FollowerState
2019-10-18 07:53:59,761 [pool-27-thread-1] INFO  storage.RaftStorageDirectory (RaftStorageDirectory.java:tryLock(328)) - Lock on /workdir/hadoop-ozone/integration-test/target/test-dir/MiniOzoneClusterImpl-58fc3ecd-0fbd-4e7b-a09c-4106a93dde4d/datanode-0/data/ratis/c8dd4d42-e4d1-4ed4-aa64-bac069daef17/in_use.lock acquired by nodename 22103@pr-hdds-1868-wx8dl-4219780377
2019-10-18 07:53:59,761 [pool-67-thread-1] INFO  storage.RaftStorageDirectory (RaftStorageDirectory.java:tryLock(328)) - Lock on /workdir/hadoop-ozone/integration-test/target/test-dir/MiniOzoneClusterImpl-58fc3ecd-0fbd-4e7b-a09c-4106a93dde4d/datanode-4/data/ratis/c8dd4d42-e4d1-4ed4-aa64-bac069daef17/in_use.lock acquired by nodename 22103@pr-hdds-1868-wx8dl-4219780377
2019-10-18 07:53:59,763 [pool-47-thread-1] INFO  storage.RaftStorage (RaftStorage.java:format(84)) - Storage directory /workdir/hadoop-ozone/integration-test/target/test-dir/MiniOzoneClusterImpl-58fc3ecd-0fbd-4e7b-a09c-4106a93dde4d/datanode-2/data/ratis/c8dd4d42-e4d1-4ed4-aa64-bac069daef17 has been successfully formatted.
2019-10-18 07:53:59,763 [grpc-default-executor-2] INFO  impl.RaftServerImpl (RaftServerImpl.java:setRole(184)) - a3fa570c-ae50-443c-8ab2-043428e82a24@group-69898A346AAC: changes role from  FOLLOWER to FOLLOWER at term 1 for recognizeCandidate:0fc43408-9179-47bd-a807-e56cc33d805e
2019-10-18 07:53:59,763 [grpc-default-executor-2] INFO  impl.RoleInfo (RoleInfo.java:shutdownFollowerState(121)) - a3fa570c-ae50-443c-8ab2-043428e82a24: shutdown FollowerState
2019-10-18 07:53:59,763 [pool-47-thread-1] INFO  ratis.ContainerStateMachine (ContainerStateMachine.java:loadSnapshot(233)) - group-BAC069DAEF17: The snapshot info is null. Setting the last applied indexto:(t:0, i:~)
2019-10-18 07:53:59,764 [grpc-default-executor-2] INFO  impl.RoleInfo (RoleInfo.java:updateAndGet(143)) - a3fa570c-ae50-443c-8ab2-043428e82a24: start FollowerState
2019-10-18 07:53:59,763 [Thread-367] INFO  impl.FollowerState (FollowerState.java:run(117)) - a3fa570c-ae50-443c-8ab2-043428e82a24@group-69898A346AAC-FollowerState was interrupted: java.lang.InterruptedException: sleep interrupted
2019-10-18 07:53:59,764 [pool-47-thread-1] INFO  server.RaftServerConfigKeys (ConfUtils.java:logGet(43)) - raft.server.notification.no-leader.timeout = 120s (custom)
2019-10-18 07:53:59,765 [pool-47-thread-1] INFO  server.RaftServerConfigKeys (ConfUtils.java:logGet(43)) - raft.server.log.use.memory = false (default)
2019-10-18 07:53:59,765 [pool-47-thread-1] INFO  server.RaftServerConfigKeys (ConfUtils.java:logGet(43)) - raft.server.log.purge.gap = 1000000 (custom)
2019-10-18 07:53:59,765 [pool-47-thread-1] INFO  server.RaftServerConfigKeys (ConfUtils.java:logGet(43)) - raft.server.log.appender.buffer.byte-limit = 33554432 (custom)
2019-10-18 07:53:59,765 [pool-47-thread-1] INFO  server.RaftServerConfigKeys (ConfUtils.java:logGet(43)) - raft.server.log.segment.size.max = 1048576 (custom)
2019-10-18 07:53:59,765 [pool-47-thread-1] INFO  server.RaftServerConfigKeys (ConfUtils.java:logGet(43)) - raft.server.log.segment.cache.num.max = 2 (custom)
2019-10-18 07:53:59,766 [pool-47-thread-1] INFO  segmented.SegmentedRaftLogWorker (SegmentedRaftLogWorker.java:<init>(173)) - new 3d3aac8b-d4d1-454d-bf0c-88a180692893@group-BAC069DAEF17-SegmentedRaftLogWorker for RaftStorage:Storage Directory /workdir/hadoop-ozone/integration-test/target/test-dir/MiniOzoneClusterImpl-58fc3ecd-0fbd-4e7b-a09c-4106a93dde4d/datanode-2/data/ratis/c8dd4d42-e4d1-4ed4-aa64-bac069daef17
2019-10-18 07:53:59,766 [pool-47-thread-1] INFO  server.RaftServerConfigKeys (ConfUtils.java:logGet(43)) - raft.server.log.queue.byte-limit = 2147483647 (custom)
2019-10-18 07:53:59,766 [pool-47-thread-1] INFO  server.RaftServerConfigKeys (ConfUtils.java:logGet(43)) - raft.server.log.queue.element-limit = 1024 (custom)
2019-10-18 07:53:59,766 [pool-47-thread-1] INFO  server.RaftServerConfigKeys (ConfUtils.java:logGet(43)) - raft.server.log.segment.size.max = 1048576 (custom)
2019-10-18 07:53:59,766 [pool-47-thread-1] INFO  server.RaftServerConfigKeys (ConfUtils.java:logGet(43)) - raft.server.log.preallocated.size = 16384 (custom)
2019-10-18 07:53:59,766 [pool-47-thread-1] INFO  server.RaftServerConfigKeys (ConfUtils.java:logGet(43)) - raft.server.log.write.buffer.size = 33554432 (custom)
2019-10-18 07:53:59,766 [pool-47-thread-1] INFO  server.RaftServerConfigKeys (ConfUtils.java:logGet(43)) - raft.server.log.force.sync.num = 128 (default)
2019-10-18 07:53:59,766 [pool-47-thread-1] INFO  server.RaftServerConfigKeys (ConfUtils.java:logGet(43)) - raft.server.log.statemachine.data.sync = true (default)
2019-10-18 07:53:59,767 [pool-47-thread-1] INFO  server.RaftServerConfigKeys (ConfUtils.java:logGet(43)) - raft.server.log.statemachine.data.sync.timeout = 10s (default)
2019-10-18 07:53:59,767 [pool-47-thread-1] INFO  server.RaftServerConfigKeys (ConfUtils.java:logGet(43)) - raft.server.log.statemachine.data.sync.timeout.retry = -1 (default)
2019-10-18 07:53:59,767 [pool-47-thread-1] INFO  server.RaftServerConfigKeys (ConfUtils.java:logGet(43)) - raft.server.log.statemachine.data.caching.enabled = true (custom)
2019-10-18 07:53:59,767 [pool-47-thread-1] INFO  segmented.SegmentedRaftLogWorker (SegmentedRaftLogWorker.java:lambda$new$0(128)) - 3d3aac8b-d4d1-454d-bf0c-88a180692893@group-BAC069DAEF17-SegmentedRaftLogWorker: flushIndex: setUnconditionally 0 -> -1
2019-10-18 07:53:59,768 [pool-47-thread-1] INFO  server.RaftServerConfigKeys (ConfUtils.java:logGet(43)) - raft.server.snapshot.auto.trigger.enabled = true (custom)
2019-10-18 07:53:59,768 [pool-47-thread-1] INFO  server.RaftServerConfigKeys (ConfUtils.java:logGet(43)) - raft.server.snapshot.auto.trigger.threshold = 10000 (custom)
2019-10-18 07:53:59,768 [pool-47-thread-1] INFO  server.RaftServerConfigKeys (ConfUtils.java:logGet(43)) - raft.server.snapshot.retention.file.num = 5 (custom)
2019-10-18 07:53:59,768 [pool-47-thread-1] INFO  server.RaftServerConfigKeys (ConfUtils.java:logGet(43)) - raft.server.retrycache.expirytime = 600000ms (custom)
2019-10-18 07:53:59,771 [pool-47-thread-1] INFO  impl.RaftServerImpl (RaftServerImpl.java:start(195)) - 3d3aac8b-d4d1-454d-bf0c-88a180692893@group-BAC069DAEF17: start as a follower, conf=-1: [6fa005cd-25d6-4e29-bda6-9462a060c098:192.168.69.67:36093, 4b487190-7547-40c7-b780-43c37a89e8eb:192.168.69.67:39683, 3d3aac8b-d4d1-454d-bf0c-88a180692893:192.168.69.67:34429], old=null
2019-10-18 07:53:59,771 [pool-47-thread-1] INFO  impl.RaftServerImpl (RaftServerImpl.java:setRole(184)) - 3d3aac8b-d4d1-454d-bf0c-88a180692893@group-BAC069DAEF17: changes role from      null to FOLLOWER at term 0 for startAsFollower
2019-10-18 07:53:59,771 [pool-47-thread-1] INFO  impl.RoleInfo (RoleInfo.java:updateAndGet(143)) - 3d3aac8b-d4d1-454d-bf0c-88a180692893: start FollowerState
2019-10-18 07:53:59,771 [pool-47-thread-1] INFO  util.JmxRegister (JmxRegister.java:tryRegister(44)) - Successfully registered JMX Bean with object name Ratis:service=RaftServer,group=group-BAC069DAEF17,id=3d3aac8b-d4d1-454d-bf0c-88a180692893
2019-10-18 07:53:59,788 [pool-67-thread-1] INFO  storage.RaftStorage (RaftStorage.java:format(84)) - Storage directory /workdir/hadoop-ozone/integration-test/target/test-dir/MiniOzoneClusterImpl-58fc3ecd-0fbd-4e7b-a09c-4106a93dde4d/datanode-4/data/ratis/c8dd4d42-e4d1-4ed4-aa64-bac069daef17 has been successfully formatted.
2019-10-18 07:53:59,788 [pool-27-thread-1] INFO  storage.RaftStorage (RaftStorage.java:format(84)) - Storage directory /workdir/hadoop-ozone/integration-test/target/test-dir/MiniOzoneClusterImpl-58fc3ecd-0fbd-4e7b-a09c-4106a93dde4d/datanode-0/data/ratis/c8dd4d42-e4d1-4ed4-aa64-bac069daef17 has been successfully formatted.
2019-10-18 07:53:59,789 [pool-67-thread-1] INFO  ratis.ContainerStateMachine (ContainerStateMachine.java:loadSnapshot(233)) - group-BAC069DAEF17: The snapshot info is null. Setting the last applied indexto:(t:0, i:~)
2019-10-18 07:53:59,789 [pool-67-thread-1] INFO  server.RaftServerConfigKeys (ConfUtils.java:logGet(43)) - raft.server.notification.no-leader.timeout = 120s (custom)
2019-10-18 07:53:59,789 [pool-27-thread-1] INFO  ratis.ContainerStateMachine (ContainerStateMachine.java:loadSnapshot(233)) - group-BAC069DAEF17: The snapshot info is null. Setting the last applied indexto:(t:0, i:~)
2019-10-18 07:53:59,789 [pool-67-thread-1] INFO  server.RaftServerConfigKeys (ConfUtils.java:logGet(43)) - raft.server.log.use.memory = false (default)
2019-10-18 07:53:59,789 [pool-27-thread-1] INFO  server.RaftServerConfigKeys (ConfUtils.java:logGet(43)) - raft.server.notification.no-leader.timeout = 120s (custom)
2019-10-18 07:53:59,789 [pool-67-thread-1] INFO  server.RaftServerConfigKeys (ConfUtils.java:logGet(43)) - raft.server.log.purge.gap = 1000000 (custom)
2019-10-18 07:53:59,789 [pool-27-thread-1] INFO  server.RaftServerConfigKeys (ConfUtils.java:logGet(43)) - raft.server.log.use.memory = false (default)
2019-10-18 07:53:59,790 [pool-67-thread-1] INFO  server.RaftServerConfigKeys (ConfUtils.java:logGet(43)) - raft.server.log.appender.buffer.byte-limit = 33554432 (custom)
2019-10-18 07:53:59,790 [pool-27-thread-1] INFO  server.RaftServerConfigKeys (ConfUtils.java:logGet(43)) - raft.server.log.purge.gap = 1000000 (custom)
2019-10-18 07:53:59,790 [pool-67-thread-1] INFO  server.RaftServerConfigKeys (ConfUtils.java:logGet(43)) - raft.server.log.segment.size.max = 1048576 (custom)
2019-10-18 07:53:59,790 [0fc43408-9179-47bd-a807-e56cc33d805e@group-69898A346AAC-LeaderElection17] INFO  impl.LeaderElection (LeaderElection.java:logAndReturn(56)) - 0fc43408-9179-47bd-a807-e56cc33d805e@group-69898A346AAC-LeaderElection17: Election PASSED; received 1 response(s) [0fc43408-9179-47bd-a807-e56cc33d805e<-9334f5f3-1c9b-4a41-9735-40b3bdb856ca#0:OK-t1] and 0 exception(s); 0fc43408-9179-47bd-a807-e56cc33d805e@group-69898A346AAC:t1, leader=null, voted=0fc43408-9179-47bd-a807-e56cc33d805e, raftlog=0fc43408-9179-47bd-a807-e56cc33d805e@group-69898A346AAC-SegmentedRaftLog:OPENED:c-1,f-1,i0, conf=-1: [0fc43408-9179-47bd-a807-e56cc33d805e:192.168.69.67:34615, 9334f5f3-1c9b-4a41-9735-40b3bdb856ca:192.168.69.67:35940, a3fa570c-ae50-443c-8ab2-043428e82a24:192.168.69.67:36282], old=null
2019-10-18 07:53:59,790 [pool-27-thread-1] INFO  server.RaftServerConfigKeys (ConfUtils.java:logGet(43)) - raft.server.log.appender.buffer.byte-limit = 33554432 (custom)
2019-10-18 07:53:59,790 [0fc43408-9179-47bd-a807-e56cc33d805e@group-69898A346AAC-LeaderElection17] INFO  impl.RoleInfo (RoleInfo.java:shutdownLeaderElection(134)) - 0fc43408-9179-47bd-a807-e56cc33d805e: shutdown LeaderElection
2019-10-18 07:53:59,790 [pool-67-thread-1] INFO  server.RaftServerConfigKeys (ConfUtils.java:logGet(43)) - raft.server.log.segment.cache.num.max = 2 (custom)
2019-10-18 07:53:59,792 [0fc43408-9179-47bd-a807-e56cc33d805e@group-69898A346AAC-LeaderElection17] INFO  impl.RaftServerImpl (RaftServerImpl.java:setRole(184)) - 0fc43408-9179-47bd-a807-e56cc33d805e@group-69898A346AAC: changes role from CANDIDATE to LEADER at term 1 for changeToLeader
2019-10-18 07:53:59,790 [pool-27-thread-1] INFO  server.RaftServerConfigKeys (ConfUtils.java:logGet(43)) - raft.server.log.segment.size.max = 1048576 (custom)
2019-10-18 07:53:59,792 [0fc43408-9179-47bd-a807-e56cc33d805e@group-69898A346AAC-LeaderElection17] INFO  ratis.XceiverServerRatis (XceiverServerRatis.java:handleLeaderChangedNotification(699)) - Leader change notification received for group: group-69898A346AAC with new leaderId: 0fc43408-9179-47bd-a807-e56cc33d805e
2019-10-18 07:53:59,792 [pool-67-thread-1] INFO  segmented.SegmentedRaftLogWorker (SegmentedRaftLogWorker.java:<init>(173)) - new 4b487190-7547-40c7-b780-43c37a89e8eb@group-BAC069DAEF17-SegmentedRaftLogWorker for RaftStorage:Storage Directory /workdir/hadoop-ozone/integration-test/target/test-dir/MiniOzoneClusterImpl-58fc3ecd-0fbd-4e7b-a09c-4106a93dde4d/datanode-4/data/ratis/c8dd4d42-e4d1-4ed4-aa64-bac069daef17
2019-10-18 07:53:59,792 [pool-27-thread-1] INFO  server.RaftServerConfigKeys (ConfUtils.java:logGet(43)) - raft.server.log.segment.cache.num.max = 2 (custom)
2019-10-18 07:53:59,793 [0fc43408-9179-47bd-a807-e56cc33d805e@group-69898A346AAC-LeaderElection17] INFO  impl.RaftServerImpl (ServerState.java:setLeader(256)) - 0fc43408-9179-47bd-a807-e56cc33d805e@group-69898A346AAC: change Leader from null to 0fc43408-9179-47bd-a807-e56cc33d805e at term 1 for becomeLeader, leader elected after 95ms
2019-10-18 07:53:59,793 [pool-67-thread-1] INFO  server.RaftServerConfigKeys (ConfUtils.java:logGet(43)) - raft.server.log.queue.byte-limit = 2147483647 (custom)
2019-10-18 07:53:59,793 [0fc43408-9179-47bd-a807-e56cc33d805e@group-69898A346AAC-LeaderElection17] INFO  server.RaftServerConfigKeys (ConfUtils.java:logGet(43)) - raft.server.staging.catchup.gap = 1000 (default)
2019-10-18 07:53:59,793 [pool-27-thread-1] INFO  segmented.SegmentedRaftLogWorker (SegmentedRaftLogWorker.java:<init>(173)) - new 6fa005cd-25d6-4e29-bda6-9462a060c098@group-BAC069DAEF17-SegmentedRaftLogWorker for RaftStorage:Storage Directory /workdir/hadoop-ozone/integration-test/target/test-dir/MiniOzoneClusterImpl-58fc3ecd-0fbd-4e7b-a09c-4106a93dde4d/datanode-0/data/ratis/c8dd4d42-e4d1-4ed4-aa64-bac069daef17
2019-10-18 07:53:59,793 [0fc43408-9179-47bd-a807-e56cc33d805e@group-69898A346AAC-LeaderElection17] INFO  server.RaftServerConfigKeys (ConfUtils.java:logGet(43)) - raft.server.rpc.sleep.time = 25ms (default)
2019-10-18 07:53:59,793 [pool-67-thread-1] INFO  server.RaftServerConfigKeys (ConfUtils.java:logGet(43)) - raft.server.log.queue.element-limit = 1024 (custom)
2019-10-18 07:53:59,793 [pool-27-thread-1] INFO  server.RaftServerConfigKeys (ConfUtils.java:logGet(43)) - raft.server.log.queue.byte-limit = 2147483647 (custom)
2019-10-18 07:53:59,793 [pool-67-thread-1] INFO  server.RaftServerConfigKeys (ConfUtils.java:logGet(43)) - raft.server.log.segment.size.max = 1048576 (custom)
2019-10-18 07:53:59,793 [0fc43408-9179-47bd-a807-e56cc33d805e@group-69898A346AAC-LeaderElection17] INFO  server.RaftServerConfigKeys (ConfUtils.java:logGet(43)) - raft.server.write.element-limit = 4096 (default)
2019-10-18 07:53:59,795 [pool-67-thread-1] INFO  server.RaftServerConfigKeys (ConfUtils.java:logGet(43)) - raft.server.log.preallocated.size = 16384 (custom)
2019-10-18 07:53:59,795 [pool-27-thread-1] INFO  server.RaftServerConfigKeys (ConfUtils.java:logGet(43)) - raft.server.log.queue.element-limit = 1024 (custom)
2019-10-18 07:53:59,795 [pool-67-thread-1] INFO  server.RaftServerConfigKeys (ConfUtils.java:logGet(43)) - raft.server.log.write.buffer.size = 33554432 (custom)
2019-10-18 07:53:59,795 [0fc43408-9179-47bd-a807-e56cc33d805e@group-69898A346AAC-LeaderElection17] INFO  server.RaftServerConfigKeys (ConfUtils.java:logGet(43)) - raft.server.watch.timeout = 10s (default)
2019-10-18 07:53:59,796 [pool-67-thread-1] INFO  server.RaftServerConfigKeys (ConfUtils.java:logGet(43)) - raft.server.log.force.sync.num = 128 (default)
2019-10-18 07:53:59,796 [pool-27-thread-1] INFO  server.RaftServerConfigKeys (ConfUtils.java:logGet(43)) - raft.server.log.segment.size.max = 1048576 (custom)
2019-10-18 07:53:59,796 [pool-67-thread-1] INFO  server.RaftServerConfigKeys (ConfUtils.java:logGet(43)) - raft.server.log.statemachine.data.sync = true (default)
2019-10-18 07:53:59,796 [0fc43408-9179-47bd-a807-e56cc33d805e@group-69898A346AAC-LeaderElection17] INFO  server.RaftServerConfigKeys (ConfUtils.java:logGet(43)) - raft.server.watch.timeout.denomination = 1s (default)
2019-10-18 07:53:59,796 [pool-67-thread-1] INFO  server.RaftServerConfigKeys (ConfUtils.java:logGet(43)) - raft.server.log.statemachine.data.sync.timeout = 10s (default)
2019-10-18 07:53:59,796 [pool-27-thread-1] INFO  server.RaftServerConfigKeys (ConfUtils.java:logGet(43)) - raft.server.log.preallocated.size = 16384 (custom)
2019-10-18 07:53:59,796 [pool-67-thread-1] INFO  server.RaftServerConfigKeys (ConfUtils.java:logGet(43)) - raft.server.log.statemachine.data.sync.timeout.retry = -1 (default)
2019-10-18 07:53:59,796 [0fc43408-9179-47bd-a807-e56cc33d805e@group-69898A346AAC-LeaderElection17] INFO  server.RaftServerConfigKeys (ConfUtils.java:logGet(43)) - raft.server.watch.element-limit = 65536 (default)
2019-10-18 07:53:59,797 [pool-27-thread-1] INFO  server.RaftServerConfigKeys (ConfUtils.java:logGet(43)) - raft.server.log.write.buffer.size = 33554432 (custom)
2019-10-18 07:53:59,797 [pool-67-thread-1] INFO  server.RaftServerConfigKeys (ConfUtils.java:logGet(43)) - raft.server.log.statemachine.data.caching.enabled = true (custom)
2019-10-18 07:53:59,797 [pool-27-thread-1] INFO  server.RaftServerConfigKeys (ConfUtils.java:logGet(43)) - raft.server.log.force.sync.num = 128 (default)
2019-10-18 07:53:59,797 [pool-27-thread-1] INFO  server.RaftServerConfigKeys (ConfUtils.java:logGet(43)) - raft.server.log.statemachine.data.sync = true (default)
2019-10-18 07:53:59,798 [pool-67-thread-1] INFO  segmented.SegmentedRaftLogWorker (SegmentedRaftLogWorker.java:lambda$new$0(128)) - 4b487190-7547-40c7-b780-43c37a89e8eb@group-BAC069DAEF17-SegmentedRaftLogWorker: flushIndex: setUnconditionally 0 -> -1
2019-10-18 07:53:59,798 [pool-27-thread-1] INFO  server.RaftServerConfigKeys (ConfUtils.java:logGet(43)) - raft.server.log.statemachine.data.sync.timeout = 10s (default)
2019-10-18 07:53:59,798 [pool-27-thread-1] INFO  server.RaftServerConfigKeys (ConfUtils.java:logGet(43)) - raft.server.log.statemachine.data.sync.timeout.retry = -1 (default)
2019-10-18 07:53:59,798 [pool-67-thread-1] INFO  server.RaftServerConfigKeys (ConfUtils.java:logGet(43)) - raft.server.snapshot.auto.trigger.enabled = true (custom)
2019-10-18 07:53:59,798 [pool-27-thread-1] INFO  server.RaftServerConfigKeys (ConfUtils.java:logGet(43)) - raft.server.log.statemachine.data.caching.enabled = true (custom)
2019-10-18 07:53:59,798 [pool-67-thread-1] INFO  server.RaftServerConfigKeys (ConfUtils.java:logGet(43)) - raft.server.snapshot.auto.trigger.threshold = 10000 (custom)
2019-10-18 07:53:59,798 [pool-67-thread-1] INFO  server.RaftServerConfigKeys (ConfUtils.java:logGet(43)) - raft.server.snapshot.retention.file.num = 5 (custom)
2019-10-18 07:53:59,799 [pool-27-thread-1] INFO  segmented.SegmentedRaftLogWorker (SegmentedRaftLogWorker.java:lambda$new$0(128)) - 6fa005cd-25d6-4e29-bda6-9462a060c098@group-BAC069DAEF17-SegmentedRaftLogWorker: flushIndex: setUnconditionally 0 -> -1
2019-10-18 07:53:59,799 [pool-67-thread-1] INFO  server.RaftServerConfigKeys (ConfUtils.java:logGet(43)) - raft.server.retrycache.expirytime = 600000ms (custom)
2019-10-18 07:53:59,799 [pool-27-thread-1] INFO  server.RaftServerConfigKeys (ConfUtils.java:logGet(43)) - raft.server.snapshot.auto.trigger.enabled = true (custom)
2019-10-18 07:53:59,799 [pool-27-thread-1] INFO  server.RaftServerConfigKeys (ConfUtils.java:logGet(43)) - raft.server.snapshot.auto.trigger.threshold = 10000 (custom)
2019-10-18 07:53:59,799 [pool-27-thread-1] INFO  server.RaftServerConfigKeys (ConfUtils.java:logGet(43)) - raft.server.snapshot.retention.file.num = 5 (custom)
2019-10-18 07:53:59,800 [pool-27-thread-1] INFO  server.RaftServerConfigKeys (ConfUtils.java:logGet(43)) - raft.server.retrycache.expirytime = 600000ms (custom)
2019-10-18 07:53:59,800 [0fc43408-9179-47bd-a807-e56cc33d805e@group-69898A346AAC-LeaderElection17] INFO  server.RaftServerConfigKeys (ConfUtils.java:logGet(43)) - raft.server.log.appender.snapshot.chunk.size.max = 16MB (=16777216) (default)
2019-10-18 07:53:59,801 [0fc43408-9179-47bd-a807-e56cc33d805e@group-69898A346AAC-LeaderElection17] INFO  server.RaftServerConfigKeys (ConfUtils.java:logGet(43)) - raft.server.log.appender.buffer.byte-limit = 33554432 (custom)
2019-10-18 07:53:59,801 [0fc43408-9179-47bd-a807-e56cc33d805e@group-69898A346AAC-LeaderElection17] INFO  server.RaftServerConfigKeys (ConfUtils.java:logGet(43)) - raft.server.log.appender.buffer.element-limit = 1 (custom)
2019-10-18 07:53:59,801 [0fc43408-9179-47bd-a807-e56cc33d805e@group-69898A346AAC-LeaderElection17] INFO  grpc.GrpcConfigKeys$Server (ConfUtils.java:logGet(43)) - raft.grpc.server.leader.outstanding.appends.max = 128 (default)
2019-10-18 07:53:59,801 [0fc43408-9179-47bd-a807-e56cc33d805e@group-69898A346AAC-LeaderElection17] INFO  server.RaftServerConfigKeys (ConfUtils.java:logGet(43)) - raft.server.rpc.request.timeout = 3000ms (default)
2019-10-18 07:53:59,801 [0fc43408-9179-47bd-a807-e56cc33d805e@group-69898A346AAC-LeaderElection17] INFO  server.RaftServerConfigKeys (ConfUtils.java:logGet(43)) - raft.server.log.appender.install.snapshot.enabled = false (custom)
2019-10-18 07:53:59,802 [pool-67-thread-1] INFO  impl.RaftServerImpl (RaftServerImpl.java:start(195)) - 4b487190-7547-40c7-b780-43c37a89e8eb@group-BAC069DAEF17: start as a follower, conf=-1: [6fa005cd-25d6-4e29-bda6-9462a060c098:192.168.69.67:36093, 4b487190-7547-40c7-b780-43c37a89e8eb:192.168.69.67:39683, 3d3aac8b-d4d1-454d-bf0c-88a180692893:192.168.69.67:34429], old=null
2019-10-18 07:53:59,803 [pool-67-thread-1] INFO  impl.RaftServerImpl (RaftServerImpl.java:setRole(184)) - 4b487190-7547-40c7-b780-43c37a89e8eb@group-BAC069DAEF17: changes role from      null to FOLLOWER at term 0 for startAsFollower
2019-10-18 07:53:59,803 [pool-67-thread-1] INFO  impl.RoleInfo (RoleInfo.java:updateAndGet(143)) - 4b487190-7547-40c7-b780-43c37a89e8eb: start FollowerState
2019-10-18 07:53:59,810 [pool-67-thread-1] INFO  util.JmxRegister (JmxRegister.java:tryRegister(44)) - Successfully registered JMX Bean with object name Ratis:service=RaftServer,group=group-BAC069DAEF17,id=4b487190-7547-40c7-b780-43c37a89e8eb
2019-10-18 07:53:59,810 [pool-27-thread-1] INFO  impl.RaftServerImpl (RaftServerImpl.java:start(195)) - 6fa005cd-25d6-4e29-bda6-9462a060c098@group-BAC069DAEF17: start as a follower, conf=-1: [6fa005cd-25d6-4e29-bda6-9462a060c098:192.168.69.67:36093, 4b487190-7547-40c7-b780-43c37a89e8eb:192.168.69.67:39683, 3d3aac8b-d4d1-454d-bf0c-88a180692893:192.168.69.67:34429], old=null
2019-10-18 07:53:59,810 [pool-27-thread-1] INFO  impl.RaftServerImpl (RaftServerImpl.java:setRole(184)) - 6fa005cd-25d6-4e29-bda6-9462a060c098@group-BAC069DAEF17: changes role from      null to FOLLOWER at term 0 for startAsFollower
2019-10-18 07:53:59,811 [pool-27-thread-1] INFO  impl.RoleInfo (RoleInfo.java:updateAndGet(143)) - 6fa005cd-25d6-4e29-bda6-9462a060c098: start FollowerState
2019-10-18 07:53:59,811 [pool-27-thread-1] INFO  util.JmxRegister (JmxRegister.java:tryRegister(44)) - Successfully registered JMX Bean with object name Ratis:service=RaftServer,group=group-BAC069DAEF17,id=6fa005cd-25d6-4e29-bda6-9462a060c098
2019-10-18 07:53:59,811 [0fc43408-9179-47bd-a807-e56cc33d805e@group-69898A346AAC-LeaderElection17] INFO  server.RaftServerConfigKeys (ConfUtils.java:logGet(43)) - raft.server.log.appender.snapshot.chunk.size.max = 16MB (=16777216) (default)
2019-10-18 07:53:59,811 [0fc43408-9179-47bd-a807-e56cc33d805e@group-69898A346AAC-LeaderElection17] INFO  server.RaftServerConfigKeys (ConfUtils.java:logGet(43)) - raft.server.log.appender.buffer.byte-limit = 33554432 (custom)
2019-10-18 07:53:59,812 [0fc43408-9179-47bd-a807-e56cc33d805e@group-69898A346AAC-LeaderElection17] INFO  server.RaftServerConfigKeys (ConfUtils.java:logGet(43)) - raft.server.log.appender.buffer.element-limit = 1 (custom)
2019-10-18 07:53:59,812 [0fc43408-9179-47bd-a807-e56cc33d805e@group-69898A346AAC-LeaderElection17] INFO  grpc.GrpcConfigKeys$Server (ConfUtils.java:logGet(43)) - raft.grpc.server.leader.outstanding.appends.max = 128 (default)
2019-10-18 07:53:59,812 [0fc43408-9179-47bd-a807-e56cc33d805e@group-69898A346AAC-LeaderElection17] INFO  server.RaftServerConfigKeys (ConfUtils.java:logGet(43)) - raft.server.rpc.request.timeout = 3000ms (default)
2019-10-18 07:53:59,812 [0fc43408-9179-47bd-a807-e56cc33d805e@group-69898A346AAC-LeaderElection17] INFO  server.RaftServerConfigKeys (ConfUtils.java:logGet(43)) - raft.server.log.appender.install.snapshot.enabled = false (custom)
2019-10-18 07:53:59,823 [0fc43408-9179-47bd-a807-e56cc33d805e@group-69898A346AAC-LeaderElection17] INFO  impl.RoleInfo (RoleInfo.java:updateAndGet(143)) - 0fc43408-9179-47bd-a807-e56cc33d805e: start LeaderState
2019-10-18 07:53:59,823 [0fc43408-9179-47bd-a807-e56cc33d805e@group-69898A346AAC-LeaderElection17] INFO  segmented.SegmentedRaftLogWorker (SegmentedRaftLogWorker.java:startLogSegment(385)) - 0fc43408-9179-47bd-a807-e56cc33d805e@group-69898A346AAC-SegmentedRaftLogWorker: Starting segment from index:0
2019-10-18 07:53:59,830 [0fc43408-9179-47bd-a807-e56cc33d805e@group-69898A346AAC-LeaderElection17] INFO  impl.RaftServerImpl (ServerState.java:setRaftConf(357)) - 0fc43408-9179-47bd-a807-e56cc33d805e@group-69898A346AAC: set configuration 0: [0fc43408-9179-47bd-a807-e56cc33d805e:192.168.69.67:34615, 9334f5f3-1c9b-4a41-9735-40b3bdb856ca:192.168.69.67:35940, a3fa570c-ae50-443c-8ab2-043428e82a24:192.168.69.67:36282], old=null at 0
2019-10-18 07:53:59,831 [RatisPipelineUtilsThread] INFO  pipeline.PipelineStateManager (PipelineStateManager.java:addPipeline(55)) - Created pipeline Pipeline[ Id: c8dd4d42-e4d1-4ed4-aa64-bac069daef17, Nodes: 4b487190-7547-40c7-b780-43c37a89e8eb{ip: 192.168.69.67, host: pr-hdds-1868-wx8dl-4219780377, networkLocation: /default-rack, certSerialId: null}3d3aac8b-d4d1-454d-bf0c-88a180692893{ip: 192.168.69.67, host: pr-hdds-1868-wx8dl-4219780377, networkLocation: /default-rack, certSerialId: null}6fa005cd-25d6-4e29-bda6-9462a060c098{ip: 192.168.69.67, host: pr-hdds-1868-wx8dl-4219780377, networkLocation: /default-rack, certSerialId: null}, Type:RATIS, Factor:THREE, State:ALLOCATED]
2019-10-18 07:53:59,871 [Thread-375] INFO  impl.FollowerState (FollowerState.java:run(108)) - 9334f5f3-1c9b-4a41-9735-40b3bdb856ca@group-69898A346AAC-FollowerState: change to CANDIDATE, lastRpcTime:110ms, electionTimeout:76ms
2019-10-18 07:53:59,874 [Thread-384] INFO  impl.FollowerState (FollowerState.java:run(108)) - 4b487190-7547-40c7-b780-43c37a89e8eb@group-BAC069DAEF17-FollowerState: change to CANDIDATE, lastRpcTime:71ms, electionTimeout:70ms
2019-10-18 07:53:59,872 [Thread-376] INFO  impl.FollowerState (FollowerState.java:run(108)) - a3fa570c-ae50-443c-8ab2-043428e82a24@group-69898A346AAC-FollowerState: change to CANDIDATE, lastRpcTime:108ms, electionTimeout:88ms
2019-10-18 07:53:59,886 [Thread-384] INFO  impl.RoleInfo (RoleInfo.java:shutdownFollowerState(121)) - 4b487190-7547-40c7-b780-43c37a89e8eb: shutdown FollowerState
2019-10-18 07:53:59,886 [Thread-375] INFO  impl.RoleInfo (RoleInfo.java:shutdownFollowerState(121)) - 9334f5f3-1c9b-4a41-9735-40b3bdb856ca: shutdown FollowerState
2019-10-18 07:53:59,884 [0fc43408-9179-47bd-a807-e56cc33d805e@group-69898A346AAC-SegmentedRaftLogWorker] INFO  segmented.SegmentedRaftLogWorker (SegmentedRaftLogWorker.java:execute(576)) - 0fc43408-9179-47bd-a807-e56cc33d805e@group-69898A346AAC-SegmentedRaftLogWorker: created new log segment /workdir/hadoop-ozone/integration-test/target/test-dir/MiniOzoneClusterImpl-58fc3ecd-0fbd-4e7b-a09c-4106a93dde4d/datanode-3/data/ratis/e74064ca-a38d-4e98-a5ce-69898a346aac/current/log_inprogress_0
2019-10-18 07:53:59,881 [Thread-0] INFO  pipeline.PipelineStateManager (PipelineStateManager.java:removePipeline(106)) - Pipeline Pipeline[ Id: 91b36e13-0f7f-4f29-a48b-44dfb7306c88, Nodes: 0fc43408-9179-47bd-a807-e56cc33d805e{ip: 192.168.69.67, host: pr-hdds-1868-wx8dl-4219780377, networkLocation: /default-rack, certSerialId: null}a3fa570c-ae50-443c-8ab2-043428e82a24{ip: 192.168.69.67, host: pr-hdds-1868-wx8dl-4219780377, networkLocation: /default-rack, certSerialId: null}9334f5f3-1c9b-4a41-9735-40b3bdb856ca{ip: 192.168.69.67, host: pr-hdds-1868-wx8dl-4219780377, networkLocation: /default-rack, certSerialId: null}, Type:RATIS, Factor:THREE, State:CLOSED] removed from db
2019-10-18 07:53:59,887 [Thread-375] INFO  impl.RaftServerImpl (RaftServerImpl.java:setRole(184)) - 9334f5f3-1c9b-4a41-9735-40b3bdb856ca@group-69898A346AAC: changes role from  FOLLOWER to CANDIDATE at term 1 for changeToCandidate
2019-10-18 07:53:59,886 [Thread-384] INFO  impl.RaftServerImpl (RaftServerImpl.java:setRole(184)) - 4b487190-7547-40c7-b780-43c37a89e8eb@group-BAC069DAEF17: changes role from  FOLLOWER to CANDIDATE at term 0 for changeToCandidate
2019-10-18 07:53:59,886 [Thread-376] INFO  impl.RoleInfo (RoleInfo.java:shutdownFollowerState(121)) - a3fa570c-ae50-443c-8ab2-043428e82a24: shutdown FollowerState
2019-10-18 07:53:59,889 [Thread-384] INFO  impl.RoleInfo (RoleInfo.java:updateAndGet(143)) - 4b487190-7547-40c7-b780-43c37a89e8eb: start LeaderElection
2019-10-18 07:53:59,889 [Thread-375] INFO  impl.RoleInfo (RoleInfo.java:updateAndGet(143)) - 9334f5f3-1c9b-4a41-9735-40b3bdb856ca: start LeaderElection
2019-10-18 07:53:59,887 [EventQueue-PipelineReportForPipelineReportHandler] INFO  pipeline.PipelineReportHandler (PipelineReportHandler.java:processPipelineReport(119)) - Pipeline PipelineID=e74064ca-a38d-4e98-a5ce-69898a346aac reported by 0fc43408-9179-47bd-a807-e56cc33d805e{ip: 192.168.69.67, host: pr-hdds-1868-wx8dl-4219780377, networkLocation: /default-rack, certSerialId: null} with leaderId 0fc43408-9179-47bd-a807-e56cc33d805e
2019-10-18 07:53:59,889 [Thread-376] INFO  impl.RaftServerImpl (RaftServerImpl.java:setRole(184)) - a3fa570c-ae50-443c-8ab2-043428e82a24@group-69898A346AAC: changes role from  FOLLOWER to CANDIDATE at term 1 for changeToCandidate
2019-10-18 07:53:59,891 [Thread-376] INFO  impl.RoleInfo (RoleInfo.java:updateAndGet(143)) - a3fa570c-ae50-443c-8ab2-043428e82a24: start LeaderElection
2019-10-18 07:53:59,893 [grpc-default-executor-2] INFO  impl.RaftServerImpl (RaftServerImpl.java:setRole(184)) - 9334f5f3-1c9b-4a41-9735-40b3bdb856ca@group-69898A346AAC: changes role from CANDIDATE to FOLLOWER at term 1 for appendEntries
2019-10-18 07:53:59,893 [grpc-default-executor-2] INFO  impl.RoleInfo (RoleInfo.java:shutdownLeaderElection(134)) - 9334f5f3-1c9b-4a41-9735-40b3bdb856ca: shutdown LeaderElection
2019-10-18 07:53:59,894 [grpc-default-executor-0] INFO  impl.RaftServerImpl (RaftServerImpl.java:setRole(184)) - a3fa570c-ae50-443c-8ab2-043428e82a24@group-69898A346AAC: changes role from CANDIDATE to FOLLOWER at term 1 for appendEntries
2019-10-18 07:53:59,895 [grpc-default-executor-2] INFO  impl.RoleInfo (RoleInfo.java:updateAndGet(143)) - 9334f5f3-1c9b-4a41-9735-40b3bdb856ca: start FollowerState
2019-10-18 07:53:59,895 [grpc-default-executor-0] INFO  impl.RoleInfo (RoleInfo.java:shutdownLeaderElection(134)) - a3fa570c-ae50-443c-8ab2-043428e82a24: shutdown LeaderElection
2019-10-18 07:53:59,895 [grpc-default-executor-2] INFO  ratis.XceiverServerRatis (XceiverServerRatis.java:handleLeaderChangedNotification(699)) - Leader change notification received for group: group-69898A346AAC with new leaderId: 0fc43408-9179-47bd-a807-e56cc33d805e
2019-10-18 07:53:59,895 [grpc-default-executor-0] INFO  impl.RoleInfo (RoleInfo.java:updateAndGet(143)) - a3fa570c-ae50-443c-8ab2-043428e82a24: start FollowerState
2019-10-18 07:53:59,896 [grpc-default-executor-2] INFO  impl.RaftServerImpl (ServerState.java:setLeader(256)) - 9334f5f3-1c9b-4a41-9735-40b3bdb856ca@group-69898A346AAC: change Leader from null to 0fc43408-9179-47bd-a807-e56cc33d805e at term 1 for appendEntries, leader elected after 198ms
2019-10-18 07:53:59,896 [grpc-default-executor-0] INFO  ratis.XceiverServerRatis (XceiverServerRatis.java:handleLeaderChangedNotification(699)) - Leader change notification received for group: group-69898A346AAC with new leaderId: 0fc43408-9179-47bd-a807-e56cc33d805e
2019-10-18 07:53:59,896 [9334f5f3-1c9b-4a41-9735-40b3bdb856ca@group-69898A346AAC-LeaderElection18] INFO  impl.RaftServerImpl (ServerState.java:setLeader(256)) - 9334f5f3-1c9b-4a41-9735-40b3bdb856ca@group-69898A346AAC: change Leader from 0fc43408-9179-47bd-a807-e56cc33d805e to null at term 1 for initElection
2019-10-18 07:53:59,896 [grpc-default-executor-0] INFO  impl.RaftServerImpl (ServerState.java:setLeader(256)) - a3fa570c-ae50-443c-8ab2-043428e82a24@group-69898A346AAC: change Leader from null to 0fc43408-9179-47bd-a807-e56cc33d805e at term 1 for appendEntries, leader elected after 198ms
2019-10-18 07:53:59,897 [a3fa570c-ae50-443c-8ab2-043428e82a24@group-69898A346AAC-LeaderElection20] INFO  impl.RaftServerImpl (ServerState.java:setLeader(256)) - a3fa570c-ae50-443c-8ab2-043428e82a24@group-69898A346AAC: change Leader from 0fc43408-9179-47bd-a807-e56cc33d805e to null at term 1 for initElection
2019-10-18 07:53:59,901 [EventQueue-PipelineReportForPipelineReportHandler] INFO  pipeline.PipelineReportHandler (PipelineReportHandler.java:processPipelineReport(119)) - Pipeline PipelineID=e74064ca-a38d-4e98-a5ce-69898a346aac reported by 9334f5f3-1c9b-4a41-9735-40b3bdb856ca{ip: 192.168.69.67, host: pr-hdds-1868-wx8dl-4219780377, networkLocation: /default-rack, certSerialId: null} with leaderId 0fc43408-9179-47bd-a807-e56cc33d805e
2019-10-18 07:53:59,901 [EventQueue-PipelineReportForPipelineReportHandler] INFO  pipeline.PipelineReportHandler (PipelineReportHandler.java:processPipelineReport(119)) - Pipeline PipelineID=e74064ca-a38d-4e98-a5ce-69898a346aac reported by a3fa570c-ae50-443c-8ab2-043428e82a24{ip: 192.168.69.67, host: pr-hdds-1868-wx8dl-4219780377, networkLocation: /default-rack, certSerialId: null} with leaderId 0fc43408-9179-47bd-a807-e56cc33d805e
2019-10-18 07:53:59,901 [9334f5f3-1c9b-4a41-9735-40b3bdb856ca@group-69898A346AAC-LeaderElection18] INFO  impl.LeaderElection (LeaderElection.java:askForVotes(178)) - 9334f5f3-1c9b-4a41-9735-40b3bdb856ca@group-69898A346AAC-LeaderElection18: begin an election at term 2 for -1: [0fc43408-9179-47bd-a807-e56cc33d805e:192.168.69.67:34615, 9334f5f3-1c9b-4a41-9735-40b3bdb856ca:192.168.69.67:35940, a3fa570c-ae50-443c-8ab2-043428e82a24:192.168.69.67:36282], old=null
2019-10-18 07:53:59,901 [4b487190-7547-40c7-b780-43c37a89e8eb@group-BAC069DAEF17-LeaderElection19] INFO  impl.LeaderElection (LeaderElection.java:askForVotes(178)) - 4b487190-7547-40c7-b780-43c37a89e8eb@group-BAC069DAEF17-LeaderElection19: begin an election at term 1 for -1: [6fa005cd-25d6-4e29-bda6-9462a060c098:192.168.69.67:36093, 4b487190-7547-40c7-b780-43c37a89e8eb:192.168.69.67:39683, 3d3aac8b-d4d1-454d-bf0c-88a180692893:192.168.69.67:34429], old=null
2019-10-18 07:53:59,902 [EventQueue-PipelineReportForPipelineReportHandler] INFO  pipeline.PipelineStateManager (PipelineStateManager.java:openPipeline(134)) - Pipeline Pipeline[ Id: e74064ca-a38d-4e98-a5ce-69898a346aac, Nodes: 0fc43408-9179-47bd-a807-e56cc33d805e{ip: 192.168.69.67, host: pr-hdds-1868-wx8dl-4219780377, networkLocation: /default-rack, certSerialId: null}a3fa570c-ae50-443c-8ab2-043428e82a24{ip: 192.168.69.67, host: pr-hdds-1868-wx8dl-4219780377, networkLocation: /default-rack, certSerialId: null}9334f5f3-1c9b-4a41-9735-40b3bdb856ca{ip: 192.168.69.67, host: pr-hdds-1868-wx8dl-4219780377, networkLocation: /default-rack, certSerialId: null}, Type:RATIS, Factor:THREE, State:OPEN] moved to OPEN state
2019-10-18 07:53:59,903 [9334f5f3-1c9b-4a41-9735-40b3bdb856ca@group-69898A346AAC-LeaderElection18] INFO  impl.LeaderElection (LeaderElection.java:logAndReturn(56)) - 9334f5f3-1c9b-4a41-9735-40b3bdb856ca@group-69898A346AAC-LeaderElection18: Election REJECTED; received 0 response(s) [] and 0 exception(s); 9334f5f3-1c9b-4a41-9735-40b3bdb856ca@group-69898A346AAC:t2, leader=null, voted=9334f5f3-1c9b-4a41-9735-40b3bdb856ca, raftlog=9334f5f3-1c9b-4a41-9735-40b3bdb856ca@group-69898A346AAC-SegmentedRaftLog:OPENED:c-1,f-1,i0, conf=-1: [0fc43408-9179-47bd-a807-e56cc33d805e:192.168.69.67:34615, 9334f5f3-1c9b-4a41-9735-40b3bdb856ca:192.168.69.67:35940, a3fa570c-ae50-443c-8ab2-043428e82a24:192.168.69.67:36282], old=null
2019-10-18 07:53:59,904 [a3fa570c-ae50-443c-8ab2-043428e82a24@group-69898A346AAC-LeaderElection20] INFO  impl.LeaderElection (LeaderElection.java:askForVotes(178)) - a3fa570c-ae50-443c-8ab2-043428e82a24@group-69898A346AAC-LeaderElection20: begin an election at term 2 for -1: [0fc43408-9179-47bd-a807-e56cc33d805e:192.168.69.67:34615, 9334f5f3-1c9b-4a41-9735-40b3bdb856ca:192.168.69.67:35940, a3fa570c-ae50-443c-8ab2-043428e82a24:192.168.69.67:36282], old=null
2019-10-18 07:53:59,906 [a3fa570c-ae50-443c-8ab2-043428e82a24@group-69898A346AAC-LeaderElection20] INFO  impl.LeaderElection (LeaderElection.java:logAndReturn(56)) - a3fa570c-ae50-443c-8ab2-043428e82a24@group-69898A346AAC-LeaderElection20: Election REJECTED; received 0 response(s) [] and 0 exception(s); a3fa570c-ae50-443c-8ab2-043428e82a24@group-69898A346AAC:t2, leader=null, voted=a3fa570c-ae50-443c-8ab2-043428e82a24, raftlog=a3fa570c-ae50-443c-8ab2-043428e82a24@group-69898A346AAC-SegmentedRaftLog:OPENED:c-1,f-1,i0, conf=-1: [0fc43408-9179-47bd-a807-e56cc33d805e:192.168.69.67:34615, 9334f5f3-1c9b-4a41-9735-40b3bdb856ca:192.168.69.67:35940, a3fa570c-ae50-443c-8ab2-043428e82a24:192.168.69.67:36282], old=null
2019-10-18 07:53:59,911 [grpc-default-executor-4] INFO  impl.RaftServerImpl (ServerState.java:setLeader(256)) - 0fc43408-9179-47bd-a807-e56cc33d805e@group-69898A346AAC: change Leader from 0fc43408-9179-47bd-a807-e56cc33d805e to null at term 2 for updateCurrentTerm
2019-10-18 07:53:59,927 [Thread-385] INFO  impl.FollowerState (FollowerState.java:run(108)) - 6fa005cd-25d6-4e29-bda6-9462a060c098@group-BAC069DAEF17-FollowerState: change to CANDIDATE, lastRpcTime:116ms, electionTimeout:115ms
2019-10-18 07:53:59,918 [4b487190-7547-40c7-b780-43c37a89e8eb@group-BAC069DAEF17-LeaderElection19] INFO  impl.LeaderElection (LeaderElection.java:logAndReturn(56)) - 4b487190-7547-40c7-b780-43c37a89e8eb@group-BAC069DAEF17-LeaderElection19: Election TIMEOUT; received 0 response(s) [] and 0 exception(s); 4b487190-7547-40c7-b780-43c37a89e8eb@group-BAC069DAEF17:t1, leader=null, voted=4b487190-7547-40c7-b780-43c37a89e8eb, raftlog=4b487190-7547-40c7-b780-43c37a89e8eb@group-BAC069DAEF17-SegmentedRaftLog:OPENED:c-1,f-1,i0, conf=-1: [6fa005cd-25d6-4e29-bda6-9462a060c098:192.168.69.67:36093, 4b487190-7547-40c7-b780-43c37a89e8eb:192.168.69.67:39683, 3d3aac8b-d4d1-454d-bf0c-88a180692893:192.168.69.67:34429], old=null
2019-10-18 07:53:59,928 [Thread-385] INFO  impl.RoleInfo (RoleInfo.java:shutdownFollowerState(121)) - 6fa005cd-25d6-4e29-bda6-9462a060c098: shutdown FollowerState
2019-10-18 07:53:59,928 [grpc-default-executor-4] INFO  impl.RaftServerImpl (RaftServerImpl.java:setRole(184)) - 0fc43408-9179-47bd-a807-e56cc33d805e@group-69898A346AAC: changes role from    LEADER to FOLLOWER at term 2 for recognizeCandidate:a3fa570c-ae50-443c-8ab2-043428e82a24
2019-10-18 07:53:59,930 [grpc-default-executor-4] INFO  impl.RoleInfo (RoleInfo.java:shutdownLeaderState(104)) - 0fc43408-9179-47bd-a807-e56cc33d805e: shutdown LeaderState
2019-10-18 07:53:59,930 [Thread-385] INFO  impl.RaftServerImpl (RaftServerImpl.java:setRole(184)) - 6fa005cd-25d6-4e29-bda6-9462a060c098@group-BAC069DAEF17: changes role from  FOLLOWER to CANDIDATE at term 0 for changeToCandidate
2019-10-18 07:53:59,934 [org.apache.ratis.server.impl.LogAppender$AppenderDaemon$$Lambda$420/1222076953@2d52a0cb] WARN  server.GrpcLogAppender (GrpcLogAppender.java:mayWait(149)) - 0fc43408-9179-47bd-a807-e56cc33d805e@group-69898A346AAC->9334f5f3-1c9b-4a41-9735-40b3bdb856ca-GrpcLogAppender: Wait interrupted by java.lang.InterruptedException
2019-10-18 07:53:59,934 [Thread-385] INFO  impl.RoleInfo (RoleInfo.java:updateAndGet(143)) - 6fa005cd-25d6-4e29-bda6-9462a060c098: start LeaderElection
2019-10-18 07:53:59,933 [grpc-default-executor-4] INFO  impl.PendingRequests (PendingRequests.java:sendNotLeaderResponses(202)) - 0fc43408-9179-47bd-a807-e56cc33d805e@group-69898A346AAC-PendingRequests: sendNotLeaderResponses
2019-10-18 07:53:59,934 [org.apache.ratis.server.impl.LogAppender$AppenderDaemon$$Lambda$420/1222076953@1cb5283d] WARN  server.GrpcLogAppender (GrpcLogAppender.java:mayWait(149)) - 0fc43408-9179-47bd-a807-e56cc33d805e@group-69898A346AAC->a3fa570c-ae50-443c-8ab2-043428e82a24-GrpcLogAppender: Wait interrupted by java.lang.InterruptedException
2019-10-18 07:53:59,936 [grpc-default-executor-4] INFO  impl.RoleInfo (RoleInfo.java:updateAndGet(143)) - 0fc43408-9179-47bd-a807-e56cc33d805e: start FollowerState
2019-10-18 07:53:59,952 [4b487190-7547-40c7-b780-43c37a89e8eb@group-BAC069DAEF17-LeaderElection19] INFO  impl.LeaderElection (LeaderElection.java:askForVotes(178)) - 4b487190-7547-40c7-b780-43c37a89e8eb@group-BAC069DAEF17-LeaderElection19: begin an election at term 2 for -1: [6fa005cd-25d6-4e29-bda6-9462a060c098:192.168.69.67:36093, 4b487190-7547-40c7-b780-43c37a89e8eb:192.168.69.67:39683, 3d3aac8b-d4d1-454d-bf0c-88a180692893:192.168.69.67:34429], old=null
2019-10-18 07:53:59,952 [grpc-default-executor-1] INFO  server.GrpcServerProtocolService (GrpcServerProtocolService.java:onCompleted(113)) - 9334f5f3-1c9b-4a41-9735-40b3bdb856ca: Completed APPEND_ENTRIES, lastRequest: 0fc43408-9179-47bd-a807-e56cc33d805e->9334f5f3-1c9b-4a41-9735-40b3bdb856ca#1-t1, previous=(t:0, i:0), leaderCommit=0, initializing? false, entries: size=1, first=(t:1, i:0), CONFIGURATIONENTRY
2019-10-18 07:53:59,957 [grpc-default-executor-1] INFO  impl.RaftServerImpl (RaftServerImpl.java:setRole(184)) - 3d3aac8b-d4d1-454d-bf0c-88a180692893@group-BAC069DAEF17: changes role from  FOLLOWER to FOLLOWER at term 1 for recognizeCandidate:4b487190-7547-40c7-b780-43c37a89e8eb
2019-10-18 07:53:59,957 [grpc-default-executor-1] INFO  impl.RoleInfo (RoleInfo.java:shutdownFollowerState(121)) - 3d3aac8b-d4d1-454d-bf0c-88a180692893: shutdown FollowerState
2019-10-18 07:53:59,957 [grpc-default-executor-3] INFO  server.GrpcServerProtocolService (GrpcServerProtocolService.java:onCompleted(113)) - a3fa570c-ae50-443c-8ab2-043428e82a24: Completed APPEND_ENTRIES, lastRequest: 0fc43408-9179-47bd-a807-e56cc33d805e->a3fa570c-ae50-443c-8ab2-043428e82a24#0-t1, previous=(t:0, i:0), leaderCommit=-1, initializing? false, entries: <empty>
2019-10-18 07:53:59,965 [Thread-378] INFO  impl.FollowerState (FollowerState.java:run(103)) - 3d3aac8b-d4d1-454d-bf0c-88a180692893@group-BAC069DAEF17-FollowerState: Stopping now (isRunning? false, isFollower? true)
2019-10-18 07:53:59,974 [grpc-default-executor-1] INFO  impl.RoleInfo (RoleInfo.java:updateAndGet(143)) - 3d3aac8b-d4d1-454d-bf0c-88a180692893: start FollowerState
2019-10-18 07:53:59,974 [grpc-default-executor-5] INFO  server.GrpcLogAppender (GrpcLogAppender.java:onCompleted(308)) - 0fc43408-9179-47bd-a807-e56cc33d805e@group-69898A346AAC->a3fa570c-ae50-443c-8ab2-043428e82a24-AppendLogResponseHandler: follower responses appendEntries COMPLETED
2019-10-18 07:53:59,976 [grpc-default-executor-5] INFO  impl.FollowerInfo (FollowerInfo.java:lambda$new$0(51)) - 0fc43408-9179-47bd-a807-e56cc33d805e@group-69898A346AAC->a3fa570c-ae50-443c-8ab2-043428e82a24: nextIndex: updateUnconditionally 1 -> 0
2019-10-18 07:53:59,977 [6fa005cd-25d6-4e29-bda6-9462a060c098@group-BAC069DAEF17-LeaderElection21] INFO  impl.LeaderElection (LeaderElection.java:askForVotes(178)) - 6fa005cd-25d6-4e29-bda6-9462a060c098@group-BAC069DAEF17-LeaderElection21: begin an election at term 1 for -1: [6fa005cd-25d6-4e29-bda6-9462a060c098:192.168.69.67:36093, 4b487190-7547-40c7-b780-43c37a89e8eb:192.168.69.67:39683, 3d3aac8b-d4d1-454d-bf0c-88a180692893:192.168.69.67:34429], old=null
2019-10-18 07:53:59,981 [grpc-default-executor-0] INFO  impl.RaftServerImpl (RaftServerImpl.java:setRole(184)) - 0fc43408-9179-47bd-a807-e56cc33d805e@group-69898A346AAC: changes role from  FOLLOWER to FOLLOWER at term 2 for recognizeCandidate:9334f5f3-1c9b-4a41-9735-40b3bdb856ca
2019-10-18 07:54:00,006 [grpc-default-executor-5] INFO  impl.RaftServerImpl (RaftServerImpl.java:setRole(184)) - 6fa005cd-25d6-4e29-bda6-9462a060c098@group-BAC069DAEF17: changes role from CANDIDATE to FOLLOWER at term 2 for recognizeCandidate:4b487190-7547-40c7-b780-43c37a89e8eb
2019-10-18 07:54:00,005 [Thread-408] INFO  impl.FollowerState (FollowerState.java:run(108)) - 3d3aac8b-d4d1-454d-bf0c-88a180692893@group-BAC069DAEF17-FollowerState: change to CANDIDATE, lastRpcTime:31ms, electionTimeout:24ms
2019-10-18 07:54:00,006 [grpc-default-executor-5] INFO  impl.RoleInfo (RoleInfo.java:shutdownLeaderElection(134)) - 6fa005cd-25d6-4e29-bda6-9462a060c098: shutdown LeaderElection
2019-10-18 07:54:00,006 [grpc-default-executor-0] INFO  impl.RoleInfo (RoleInfo.java:shutdownFollowerState(121)) - 0fc43408-9179-47bd-a807-e56cc33d805e: shutdown FollowerState
2019-10-18 07:54:00,006 [Thread-408] INFO  impl.RoleInfo (RoleInfo.java:shutdownFollowerState(121)) - 3d3aac8b-d4d1-454d-bf0c-88a180692893: shutdown FollowerState
2019-10-18 07:54:00,007 [Thread-408] INFO  impl.RaftServerImpl (RaftServerImpl.java:setRole(184)) - 3d3aac8b-d4d1-454d-bf0c-88a180692893@group-BAC069DAEF17: changes role from  FOLLOWER to CANDIDATE at term 1 for changeToCandidate
2019-10-18 07:54:00,022 [Thread-408] INFO  impl.RoleInfo (RoleInfo.java:updateAndGet(143)) - 3d3aac8b-d4d1-454d-bf0c-88a180692893: start LeaderElection
2019-10-18 07:54:00,022 [Thread-405] INFO  impl.FollowerState (FollowerState.java:run(117)) - 0fc43408-9179-47bd-a807-e56cc33d805e@group-69898A346AAC-FollowerState was interrupted: java.lang.InterruptedException: sleep interrupted
2019-10-18 07:54:00,022 [grpc-default-executor-5] INFO  impl.RoleInfo (RoleInfo.java:updateAndGet(143)) - 6fa005cd-25d6-4e29-bda6-9462a060c098: start FollowerState
2019-10-18 07:54:00,022 [grpc-default-executor-0] INFO  impl.RoleInfo (RoleInfo.java:updateAndGet(143)) - 0fc43408-9179-47bd-a807-e56cc33d805e: start FollowerState
2019-10-18 07:54:00,025 [grpc-default-executor-6] INFO  impl.RaftServerImpl (RaftServerImpl.java:setRole(184)) - 3d3aac8b-d4d1-454d-bf0c-88a180692893@group-BAC069DAEF17: changes role from CANDIDATE to FOLLOWER at term 2 for recognizeCandidate:4b487190-7547-40c7-b780-43c37a89e8eb
2019-10-18 07:54:00,026 [grpc-default-executor-6] INFO  impl.RoleInfo (RoleInfo.java:shutdownLeaderElection(134)) - 3d3aac8b-d4d1-454d-bf0c-88a180692893: shutdown LeaderElection
2019-10-18 07:54:00,026 [grpc-default-executor-2] INFO  server.GrpcLogAppender (GrpcLogAppender.java:onCompleted(308)) - 0fc43408-9179-47bd-a807-e56cc33d805e@group-69898A346AAC->9334f5f3-1c9b-4a41-9735-40b3bdb856ca-AppendLogResponseHandler: follower responses appendEntries COMPLETED
2019-10-18 07:54:00,026 [grpc-default-executor-6] INFO  impl.RoleInfo (RoleInfo.java:updateAndGet(143)) - 3d3aac8b-d4d1-454d-bf0c-88a180692893: start FollowerState
2019-10-18 07:54:00,028 [grpc-default-executor-2] INFO  impl.FollowerInfo (FollowerInfo.java:lambda$new$0(51)) - 0fc43408-9179-47bd-a807-e56cc33d805e@group-69898A346AAC->9334f5f3-1c9b-4a41-9735-40b3bdb856ca: nextIndex: updateUnconditionally 1 -> 0
2019-10-18 07:54:00,039 [Thread-412] INFO  impl.FollowerState (FollowerState.java:run(108)) - 3d3aac8b-d4d1-454d-bf0c-88a180692893@group-BAC069DAEF17-FollowerState: change to CANDIDATE, lastRpcTime:13ms, electionTimeout:5ms
2019-10-18 07:54:00,039 [Thread-412] INFO  impl.RoleInfo (RoleInfo.java:shutdownFollowerState(121)) - 3d3aac8b-d4d1-454d-bf0c-88a180692893: shutdown FollowerState
2019-10-18 07:54:00,040 [Thread-412] INFO  impl.RaftServerImpl (RaftServerImpl.java:setRole(184)) - 3d3aac8b-d4d1-454d-bf0c-88a180692893@group-BAC069DAEF17: changes role from  FOLLOWER to CANDIDATE at term 2 for changeToCandidate
2019-10-18 07:54:00,043 [Thread-412] INFO  impl.RoleInfo (RoleInfo.java:updateAndGet(143)) - 3d3aac8b-d4d1-454d-bf0c-88a180692893: start LeaderElection
2019-10-18 07:54:00,043 [4b487190-7547-40c7-b780-43c37a89e8eb@group-BAC069DAEF17-LeaderElection19] INFO  impl.LeaderElection (LeaderElection.java:logAndReturn(56)) - 4b487190-7547-40c7-b780-43c37a89e8eb@group-BAC069DAEF17-LeaderElection19: Election REJECTED; received 2 response(s) [4b487190-7547-40c7-b780-43c37a89e8eb<-6fa005cd-25d6-4e29-bda6-9462a060c098#0:FAIL-t2, 4b487190-7547-40c7-b780-43c37a89e8eb<-3d3aac8b-d4d1-454d-bf0c-88a180692893#0:FAIL-t2] and 0 exception(s); 4b487190-7547-40c7-b780-43c37a89e8eb@group-BAC069DAEF17:t2, leader=null, voted=4b487190-7547-40c7-b780-43c37a89e8eb, raftlog=4b487190-7547-40c7-b780-43c37a89e8eb@group-BAC069DAEF17-SegmentedRaftLog:OPENED:c-1,f-1,i0, conf=-1: [6fa005cd-25d6-4e29-bda6-9462a060c098:192.168.69.67:36093, 4b487190-7547-40c7-b780-43c37a89e8eb:192.168.69.67:39683, 3d3aac8b-d4d1-454d-bf0c-88a180692893:192.168.69.67:34429], old=null
2019-10-18 07:54:00,135 [Thread-395] INFO  impl.FollowerState (FollowerState.java:run(108)) - a3fa570c-ae50-443c-8ab2-043428e82a24@group-69898A346AAC-FollowerState: change to CANDIDATE, lastRpcTime:237ms, electionTimeout:163ms
2019-10-18 07:54:00,135 [6fa005cd-25d6-4e29-bda6-9462a060c098@group-BAC069DAEF17-LeaderElection21] INFO  impl.LeaderElection (LeaderElection.java:logAndReturn(56)) - 6fa005cd-25d6-4e29-bda6-9462a060c098@group-BAC069DAEF17-LeaderElection21: Election REJECTED; received 0 response(s) [] and 0 exception(s); 6fa005cd-25d6-4e29-bda6-9462a060c098@group-BAC069DAEF17:t2, leader=null, voted=null, raftlog=6fa005cd-25d6-4e29-bda6-9462a060c098@group-BAC069DAEF17-SegmentedRaftLog:OPENED:c-1,f-1,i0, conf=-1: [6fa005cd-25d6-4e29-bda6-9462a060c098:192.168.69.67:36093, 4b487190-7547-40c7-b780-43c37a89e8eb:192.168.69.67:39683, 3d3aac8b-d4d1-454d-bf0c-88a180692893:192.168.69.67:34429], old=null
2019-10-18 07:54:00,135 [Thread-395] INFO  impl.RoleInfo (RoleInfo.java:shutdownFollowerState(121)) - a3fa570c-ae50-443c-8ab2-043428e82a24: shutdown FollowerState
2019-10-18 07:54:00,135 [4b487190-7547-40c7-b780-43c37a89e8eb@group-BAC069DAEF17-LeaderElection19] INFO  impl.RaftServerImpl (RaftServerImpl.java:setRole(184)) - 4b487190-7547-40c7-b780-43c37a89e8eb@group-BAC069DAEF17: changes role from CANDIDATE to FOLLOWER at term 2 for DISCOVERED_A_NEW_TERM
2019-10-18 07:54:00,160 [4b487190-7547-40c7-b780-43c37a89e8eb@group-BAC069DAEF17-LeaderElection19] INFO  impl.RoleInfo (RoleInfo.java:shutdownLeaderElection(134)) - 4b487190-7547-40c7-b780-43c37a89e8eb: shutdown LeaderElection
2019-10-18 07:54:00,160 [Thread-395] INFO  impl.RaftServerImpl (RaftServerImpl.java:setRole(184)) - a3fa570c-ae50-443c-8ab2-043428e82a24@group-69898A346AAC: changes role from  FOLLOWER to CANDIDATE at term 2 for changeToCandidate
2019-10-18 07:54:00,160 [4b487190-7547-40c7-b780-43c37a89e8eb@group-BAC069DAEF17-LeaderElection19] INFO  impl.RoleInfo (RoleInfo.java:updateAndGet(143)) - 4b487190-7547-40c7-b780-43c37a89e8eb: start FollowerState
2019-10-18 07:54:00,160 [Thread-395] INFO  impl.RoleInfo (RoleInfo.java:updateAndGet(143)) - a3fa570c-ae50-443c-8ab2-043428e82a24: start LeaderElection
2019-10-18 07:54:00,171 [3d3aac8b-d4d1-454d-bf0c-88a180692893@group-BAC069DAEF17-LeaderElection22] INFO  impl.LeaderElection (LeaderElection.java:askForVotes(178)) - 3d3aac8b-d4d1-454d-bf0c-88a180692893@group-BAC069DAEF17-LeaderElection22: begin an election at term 3 for -1: [6fa005cd-25d6-4e29-bda6-9462a060c098:192.168.69.67:36093, 4b487190-7547-40c7-b780-43c37a89e8eb:192.168.69.67:39683, 3d3aac8b-d4d1-454d-bf0c-88a180692893:192.168.69.67:34429], old=null
2019-10-18 07:54:00,187 [3d3aac8b-d4d1-454d-bf0c-88a180692893@group-BAC069DAEF17-LeaderElection23] INFO  impl.LeaderElection (LeaderElection.java:askForVotes(178)) - 3d3aac8b-d4d1-454d-bf0c-88a180692893@group-BAC069DAEF17-LeaderElection23: begin an election at term 4 for -1: [6fa005cd-25d6-4e29-bda6-9462a060c098:192.168.69.67:36093, 4b487190-7547-40c7-b780-43c37a89e8eb:192.168.69.67:39683, 3d3aac8b-d4d1-454d-bf0c-88a180692893:192.168.69.67:34429], old=null
2019-10-18 07:54:00,187 [3d3aac8b-d4d1-454d-bf0c-88a180692893@group-BAC069DAEF17-LeaderElection22] INFO  impl.LeaderElection (LeaderElection.java:logAndReturn(56)) - 3d3aac8b-d4d1-454d-bf0c-88a180692893@group-BAC069DAEF17-LeaderElection22: Election REJECTED; received 0 response(s) [] and 0 exception(s); 3d3aac8b-d4d1-454d-bf0c-88a180692893@group-BAC069DAEF17:t4, leader=null, voted=3d3aac8b-d4d1-454d-bf0c-88a180692893, raftlog=3d3aac8b-d4d1-454d-bf0c-88a180692893@group-BAC069DAEF17-SegmentedRaftLog:OPENED:c-1,f-1,i0, conf=-1: [6fa005cd-25d6-4e29-bda6-9462a060c098:192.168.69.67:36093, 4b487190-7547-40c7-b780-43c37a89e8eb:192.168.69.67:39683, 3d3aac8b-d4d1-454d-bf0c-88a180692893:192.168.69.67:34429], old=null
2019-10-18 07:54:00,195 [Thread-409] INFO  impl.FollowerState (FollowerState.java:run(108)) - 6fa005cd-25d6-4e29-bda6-9462a060c098@group-BAC069DAEF17-FollowerState: change to CANDIDATE, lastRpcTime:172ms, electionTimeout:169ms
2019-10-18 07:54:00,195 [Thread-409] INFO  impl.RoleInfo (RoleInfo.java:shutdownFollowerState(121)) - 6fa005cd-25d6-4e29-bda6-9462a060c098: shutdown FollowerState
2019-10-18 07:54:00,196 [Thread-409] INFO  impl.RaftServerImpl (RaftServerImpl.java:setRole(184)) - 6fa005cd-25d6-4e29-bda6-9462a060c098@group-BAC069DAEF17: changes role from  FOLLOWER to CANDIDATE at term 2 for changeToCandidate
2019-10-18 07:54:00,197 [Thread-409] INFO  impl.RoleInfo (RoleInfo.java:updateAndGet(143)) - 6fa005cd-25d6-4e29-bda6-9462a060c098: start LeaderElection
2019-10-18 07:54:00,212 [a3fa570c-ae50-443c-8ab2-043428e82a24@group-69898A346AAC-LeaderElection24] INFO  impl.LeaderElection (LeaderElection.java:askForVotes(178)) - a3fa570c-ae50-443c-8ab2-043428e82a24@group-69898A346AAC-LeaderElection24: begin an election at term 3 for -1: [0fc43408-9179-47bd-a807-e56cc33d805e:192.168.69.67:34615, 9334f5f3-1c9b-4a41-9735-40b3bdb856ca:192.168.69.67:35940, a3fa570c-ae50-443c-8ab2-043428e82a24:192.168.69.67:36282], old=null
2019-10-18 07:54:00,228 [6fa005cd-25d6-4e29-bda6-9462a060c098@group-BAC069DAEF17-LeaderElection25] INFO  impl.LeaderElection (LeaderElection.java:askForVotes(178)) - 6fa005cd-25d6-4e29-bda6-9462a060c098@group-BAC069DAEF17-LeaderElection25: begin an election at term 3 for -1: [6fa005cd-25d6-4e29-bda6-9462a060c098:192.168.69.67:36093, 4b487190-7547-40c7-b780-43c37a89e8eb:192.168.69.67:39683, 3d3aac8b-d4d1-454d-bf0c-88a180692893:192.168.69.67:34429], old=null
2019-10-18 07:54:00,235 [grpc-default-executor-2] INFO  impl.RaftServerImpl (RaftServerImpl.java:setRole(184)) - 6fa005cd-25d6-4e29-bda6-9462a060c098@group-BAC069DAEF17: changes role from CANDIDATE to FOLLOWER at term 4 for recognizeCandidate:3d3aac8b-d4d1-454d-bf0c-88a180692893
2019-10-18 07:54:00,236 [grpc-default-executor-2] INFO  impl.RoleInfo (RoleInfo.java:shutdownLeaderElection(134)) - 6fa005cd-25d6-4e29-bda6-9462a060c098: shutdown LeaderElection
2019-10-18 07:54:00,236 [grpc-default-executor-1] INFO  impl.RaftServerImpl (RaftServerImpl.java:setRole(184)) - 4b487190-7547-40c7-b780-43c37a89e8eb@group-BAC069DAEF17: changes role from  FOLLOWER to FOLLOWER at term 3 for recognizeCandidate:3d3aac8b-d4d1-454d-bf0c-88a180692893
2019-10-18 07:54:00,236 [grpc-default-executor-3] INFO  impl.RaftServerImpl (RaftServerImpl.java:setRole(184)) - 9334f5f3-1c9b-4a41-9735-40b3bdb856ca@group-69898A346AAC: changes role from  FOLLOWER to FOLLOWER at term 3 for recognizeCandidate:a3fa570c-ae50-443c-8ab2-043428e82a24
2019-10-18 07:54:00,236 [grpc-default-executor-1] INFO  impl.RoleInfo (RoleInfo.java:shutdownFollowerState(121)) - 4b487190-7547-40c7-b780-43c37a89e8eb: shutdown FollowerState
2019-10-18 07:54:00,236 [grpc-default-executor-3] INFO  impl.RoleInfo (RoleInfo.java:shutdownFollowerState(121)) - 9334f5f3-1c9b-4a41-9735-40b3bdb856ca: shutdown FollowerState
2019-10-18 07:54:00,237 [grpc-default-executor-6] INFO  impl.RaftServerImpl (RaftServerImpl.java:setRole(184)) - 0fc43408-9179-47bd-a807-e56cc33d805e@group-69898A346AAC: changes role from  FOLLOWER to FOLLOWER at term 3 for recognizeCandidate:a3fa570c-ae50-443c-8ab2-043428e82a24
2019-10-18 07:54:00,237 [grpc-default-executor-6] INFO  impl.RoleInfo (RoleInfo.java:shutdownFollowerState(121)) - 0fc43408-9179-47bd-a807-e56cc33d805e: shutdown FollowerState
2019-10-18 07:54:00,252 [Thread-411] INFO  impl.FollowerState (FollowerState.java:run(117)) - 0fc43408-9179-47bd-a807-e56cc33d805e@group-69898A346AAC-FollowerState was interrupted: java.lang.InterruptedException: sleep interrupted
2019-10-18 07:54:00,254 [grpc-default-executor-3] INFO  impl.RoleInfo (RoleInfo.java:updateAndGet(143)) - 9334f5f3-1c9b-4a41-9735-40b3bdb856ca: start FollowerState
2019-10-18 07:54:00,252 [grpc-default-executor-6] INFO  impl.RoleInfo (RoleInfo.java:updateAndGet(143)) - 0fc43408-9179-47bd-a807-e56cc33d805e: start FollowerState
2019-10-18 07:54:00,252 [grpc-default-executor-2] INFO  impl.RoleInfo (RoleInfo.java:updateAndGet(143)) - 6fa005cd-25d6-4e29-bda6-9462a060c098: start FollowerState
2019-10-18 07:54:00,252 [Thread-416] INFO  impl.FollowerState (FollowerState.java:run(117)) - 4b487190-7547-40c7-b780-43c37a89e8eb@group-BAC069DAEF17-FollowerState was interrupted: java.lang.InterruptedException: sleep interrupted
2019-10-18 07:54:00,252 [Thread-394] INFO  impl.FollowerState (FollowerState.java:run(117)) - 9334f5f3-1c9b-4a41-9735-40b3bdb856ca@group-69898A346AAC-FollowerState was interrupted: java.lang.InterruptedException: sleep interrupted
2019-10-18 07:54:00,271 [grpc-default-executor-1] INFO  impl.RoleInfo (RoleInfo.java:updateAndGet(143)) - 4b487190-7547-40c7-b780-43c37a89e8eb: start FollowerState
2019-10-18 07:54:00,274 [6fa005cd-25d6-4e29-bda6-9462a060c098@group-BAC069DAEF17-LeaderElection25] INFO  impl.LeaderElection (LeaderElection.java:logAndReturn(56)) - 6fa005cd-25d6-4e29-bda6-9462a060c098@group-BAC069DAEF17-LeaderElection25: Election DISCOVERED_A_NEW_TERM; received 1 response(s) [6fa005cd-25d6-4e29-bda6-9462a060c098<-3d3aac8b-d4d1-454d-bf0c-88a180692893#0:FAIL-t4] and 0 exception(s); 6fa005cd-25d6-4e29-bda6-9462a060c098@group-BAC069DAEF17:t4, leader=null, voted=null, raftlog=6fa005cd-25d6-4e29-bda6-9462a060c098@group-BAC069DAEF17-SegmentedRaftLog:OPENED:c-1,f-1,i0, conf=-1: [6fa005cd-25d6-4e29-bda6-9462a060c098:192.168.69.67:36093, 4b487190-7547-40c7-b780-43c37a89e8eb:192.168.69.67:39683, 3d3aac8b-d4d1-454d-bf0c-88a180692893:192.168.69.67:34429], old=null
2019-10-18 07:54:00,285 [Thread-427] INFO  impl.FollowerState (FollowerState.java:run(108)) - 6fa005cd-25d6-4e29-bda6-9462a060c098@group-BAC069DAEF17-FollowerState: change to CANDIDATE, lastRpcTime:32ms, electionTimeout:10ms
2019-10-18 07:54:00,285 [grpc-default-executor-0] INFO  impl.RaftServerImpl (RaftServerImpl.java:setRole(184)) - 4b487190-7547-40c7-b780-43c37a89e8eb@group-BAC069DAEF17: changes role from  FOLLOWER to FOLLOWER at term 4 for recognizeCandidate:3d3aac8b-d4d1-454d-bf0c-88a180692893
2019-10-18 07:54:00,285 [Thread-427] INFO  impl.RoleInfo (RoleInfo.java:shutdownFollowerState(121)) - 6fa005cd-25d6-4e29-bda6-9462a060c098: shutdown FollowerState
2019-10-18 07:54:00,285 [grpc-default-executor-0] INFO  impl.RoleInfo (RoleInfo.java:shutdownFollowerState(121)) - 4b487190-7547-40c7-b780-43c37a89e8eb: shutdown FollowerState
2019-10-18 07:54:00,286 [Thread-427] INFO  impl.RaftServerImpl (RaftServerImpl.java:setRole(184)) - 6fa005cd-25d6-4e29-bda6-9462a060c098@group-BAC069DAEF17: changes role from  FOLLOWER to CANDIDATE at term 4 for changeToCandidate
2019-10-18 07:54:00,286 [Thread-430] INFO  impl.FollowerState (FollowerState.java:run(117)) - 4b487190-7547-40c7-b780-43c37a89e8eb@group-BAC069DAEF17-FollowerState was interrupted: java.lang.InterruptedException: sleep interrupted
2019-10-18 07:54:00,289 [grpc-default-executor-0] INFO  impl.RoleInfo (RoleInfo.java:updateAndGet(143)) - 4b487190-7547-40c7-b780-43c37a89e8eb: start FollowerState
2019-10-18 07:54:00,289 [Thread-427] INFO  impl.RoleInfo (RoleInfo.java:updateAndGet(143)) - 6fa005cd-25d6-4e29-bda6-9462a060c098: start LeaderElection
2019-10-18 07:54:00,290 [a3fa570c-ae50-443c-8ab2-043428e82a24@group-69898A346AAC-LeaderElection24] INFO  impl.LeaderElection (LeaderElection.java:logAndReturn(56)) - a3fa570c-ae50-443c-8ab2-043428e82a24@group-69898A346AAC-LeaderElection24: Election PASSED; received 2 response(s) [a3fa570c-ae50-443c-8ab2-043428e82a24<-0fc43408-9179-47bd-a807-e56cc33d805e#0:FAIL-t3, a3fa570c-ae50-443c-8ab2-043428e82a24<-9334f5f3-1c9b-4a41-9735-40b3bdb856ca#0:OK-t3] and 0 exception(s); a3fa570c-ae50-443c-8ab2-043428e82a24@group-69898A346AAC:t3, leader=null, voted=a3fa570c-ae50-443c-8ab2-043428e82a24, raftlog=a3fa570c-ae50-443c-8ab2-043428e82a24@group-69898A346AAC-SegmentedRaftLog:OPENED:c-1,f-1,i0, conf=-1: [0fc43408-9179-47bd-a807-e56cc33d805e:192.168.69.67:34615, 9334f5f3-1c9b-4a41-9735-40b3bdb856ca:192.168.69.67:35940, a3fa570c-ae50-443c-8ab2-043428e82a24:192.168.69.67:36282], old=null
2019-10-18 07:54:00,291 [a3fa570c-ae50-443c-8ab2-043428e82a24@group-69898A346AAC-LeaderElection24] INFO  impl.RoleInfo (RoleInfo.java:shutdownLeaderElection(134)) - a3fa570c-ae50-443c-8ab2-043428e82a24: shutdown LeaderElection
2019-10-18 07:54:00,291 [a3fa570c-ae50-443c-8ab2-043428e82a24@group-69898A346AAC-LeaderElection24] INFO  impl.RaftServerImpl (RaftServerImpl.java:setRole(184)) - a3fa570c-ae50-443c-8ab2-043428e82a24@group-69898A346AAC: changes role from CANDIDATE to LEADER at term 3 for changeToLeader
2019-10-18 07:54:00,291 [a3fa570c-ae50-443c-8ab2-043428e82a24@group-69898A346AAC-LeaderElection24] INFO  ratis.XceiverServerRatis (XceiverServerRatis.java:handleLeaderChangedNotification(699)) - Leader change notification received for group: group-69898A346AAC with new leaderId: a3fa570c-ae50-443c-8ab2-043428e82a24
2019-10-18 07:54:00,291 [a3fa570c-ae50-443c-8ab2-043428e82a24@group-69898A346AAC-LeaderElection24] INFO  impl.RaftServerImpl (ServerState.java:setLeader(256)) - a3fa570c-ae50-443c-8ab2-043428e82a24@group-69898A346AAC: change Leader from null to a3fa570c-ae50-443c-8ab2-043428e82a24 at term 3 for becomeLeader, leader elected after 394ms
2019-10-18 07:54:00,291 [a3fa570c-ae50-443c-8ab2-043428e82a24@group-69898A346AAC-LeaderElection24] INFO  server.RaftServerConfigKeys (ConfUtils.java:logGet(43)) - raft.server.staging.catchup.gap = 1000 (default)
2019-10-18 07:54:00,292 [a3fa570c-ae50-443c-8ab2-043428e82a24@group-69898A346AAC-LeaderElection24] INFO  server.RaftServerConfigKeys (ConfUtils.java:logGet(43)) - raft.server.rpc.sleep.time = 25ms (default)
2019-10-18 07:54:00,292 [a3fa570c-ae50-443c-8ab2-043428e82a24@group-69898A346AAC-LeaderElection24] INFO  server.RaftServerConfigKeys (ConfUtils.java:logGet(43)) - raft.server.write.element-limit = 4096 (default)
2019-10-18 07:54:00,292 [a3fa570c-ae50-443c-8ab2-043428e82a24@group-69898A346AAC-LeaderElection24] INFO  server.RaftServerConfigKeys (ConfUtils.java:logGet(43)) - raft.server.watch.timeout = 10s (default)
2019-10-18 07:54:00,292 [a3fa570c-ae50-443c-8ab2-043428e82a24@group-69898A346AAC-LeaderElection24] INFO  server.RaftServerConfigKeys (ConfUtils.java:logGet(43)) - raft.server.watch.timeout.denomination = 1s (default)
2019-10-18 07:54:00,292 [a3fa570c-ae50-443c-8ab2-043428e82a24@group-69898A346AAC-LeaderElection24] INFO  server.RaftServerConfigKeys (ConfUtils.java:logGet(43)) - raft.server.watch.element-limit = 65536 (default)
2019-10-18 07:54:00,311 [6fa005cd-25d6-4e29-bda6-9462a060c098@group-BAC069DAEF17-LeaderElection26] INFO  impl.LeaderElection (LeaderElection.java:askForVotes(178)) - 6fa005cd-25d6-4e29-bda6-9462a060c098@group-BAC069DAEF17-LeaderElection26: begin an election at term 5 for -1: [6fa005cd-25d6-4e29-bda6-9462a060c098:192.168.69.67:36093, 4b487190-7547-40c7-b780-43c37a89e8eb:192.168.69.67:39683, 3d3aac8b-d4d1-454d-bf0c-88a180692893:192.168.69.67:34429], old=null
2019-10-18 07:54:00,312 [3d3aac8b-d4d1-454d-bf0c-88a180692893@group-BAC069DAEF17-LeaderElection23] INFO  impl.LeaderElection (LeaderElection.java:logAndReturn(56)) - 3d3aac8b-d4d1-454d-bf0c-88a180692893@group-BAC069DAEF17-LeaderElection23: Election PASSED; received 2 response(s) [3d3aac8b-d4d1-454d-bf0c-88a180692893<-6fa005cd-25d6-4e29-bda6-9462a060c098#0:FAIL-t4, 3d3aac8b-d4d1-454d-bf0c-88a180692893<-4b487190-7547-40c7-b780-43c37a89e8eb#0:OK-t4] and 0 exception(s); 3d3aac8b-d4d1-454d-bf0c-88a180692893@group-BAC069DAEF17:t4, leader=null, voted=3d3aac8b-d4d1-454d-bf0c-88a180692893, raftlog=3d3aac8b-d4d1-454d-bf0c-88a180692893@group-BAC069DAEF17-SegmentedRaftLog:OPENED:c-1,f-1,i0, conf=-1: [6fa005cd-25d6-4e29-bda6-9462a060c098:192.168.69.67:36093, 4b487190-7547-40c7-b780-43c37a89e8eb:192.168.69.67:39683, 3d3aac8b-d4d1-454d-bf0c-88a180692893:192.168.69.67:34429], old=null
2019-10-18 07:54:00,313 [3d3aac8b-d4d1-454d-bf0c-88a180692893@group-BAC069DAEF17-LeaderElection23] INFO  impl.RoleInfo (RoleInfo.java:shutdownLeaderElection(134)) - 3d3aac8b-d4d1-454d-bf0c-88a180692893: shutdown LeaderElection
2019-10-18 07:54:00,313 [3d3aac8b-d4d1-454d-bf0c-88a180692893@group-BAC069DAEF17-LeaderElection23] INFO  impl.RaftServerImpl (RaftServerImpl.java:setRole(184)) - 3d3aac8b-d4d1-454d-bf0c-88a180692893@group-BAC069DAEF17: changes role from CANDIDATE to LEADER at term 4 for changeToLeader
2019-10-18 07:54:00,313 [3d3aac8b-d4d1-454d-bf0c-88a180692893@group-BAC069DAEF17-LeaderElection23] INFO  ratis.XceiverServerRatis (XceiverServerRatis.java:handleLeaderChangedNotification(699)) - Leader change notification received for group: group-BAC069DAEF17 with new leaderId: 3d3aac8b-d4d1-454d-bf0c-88a180692893
2019-10-18 07:54:00,313 [3d3aac8b-d4d1-454d-bf0c-88a180692893@group-BAC069DAEF17-LeaderElection23] INFO  impl.RaftServerImpl (ServerState.java:setLeader(256)) - 3d3aac8b-d4d1-454d-bf0c-88a180692893@group-BAC069DAEF17: change Leader from null to 3d3aac8b-d4d1-454d-bf0c-88a180692893 at term 4 for becomeLeader, leader elected after 549ms
2019-10-18 07:54:00,313 [3d3aac8b-d4d1-454d-bf0c-88a180692893@group-BAC069DAEF17-LeaderElection23] INFO  server.RaftServerConfigKeys (ConfUtils.java:logGet(43)) - raft.server.staging.catchup.gap = 1000 (default)
2019-10-18 07:54:00,313 [grpc-default-executor-0] INFO  impl.RaftServerImpl (RaftServerImpl.java:setRole(184)) - 4b487190-7547-40c7-b780-43c37a89e8eb@group-BAC069DAEF17: changes role from  FOLLOWER to FOLLOWER at term 5 for recognizeCandidate:6fa005cd-25d6-4e29-bda6-9462a060c098
2019-10-18 07:54:00,313 [3d3aac8b-d4d1-454d-bf0c-88a180692893@group-BAC069DAEF17-LeaderElection23] INFO  server.RaftServerConfigKeys (ConfUtils.java:logGet(43)) - raft.server.rpc.sleep.time = 25ms (default)
2019-10-18 07:54:00,313 [grpc-default-executor-0] INFO  impl.RoleInfo (RoleInfo.java:shutdownFollowerState(121)) - 4b487190-7547-40c7-b780-43c37a89e8eb: shutdown FollowerState
2019-10-18 07:54:00,314 [3d3aac8b-d4d1-454d-bf0c-88a180692893@group-BAC069DAEF17-LeaderElection23] INFO  server.RaftServerConfigKeys (ConfUtils.java:logGet(43)) - raft.server.write.element-limit = 4096 (default)
2019-10-18 07:54:00,314 [grpc-default-executor-0] INFO  impl.RoleInfo (RoleInfo.java:updateAndGet(143)) - 4b487190-7547-40c7-b780-43c37a89e8eb: start FollowerState
2019-10-18 07:54:00,314 [3d3aac8b-d4d1-454d-bf0c-88a180692893@group-BAC069DAEF17-LeaderElection23] INFO  server.RaftServerConfigKeys (ConfUtils.java:logGet(43)) - raft.server.watch.timeout = 10s (default)
2019-10-18 07:54:00,314 [Thread-431] INFO  impl.FollowerState (FollowerState.java:run(117)) - 4b487190-7547-40c7-b780-43c37a89e8eb@group-BAC069DAEF17-FollowerState was interrupted: java.lang.InterruptedException: sleep interrupted
2019-10-18 07:54:00,315 [3d3aac8b-d4d1-454d-bf0c-88a180692893@group-BAC069DAEF17-LeaderElection23] INFO  server.RaftServerConfigKeys (ConfUtils.java:logGet(43)) - raft.server.watch.timeout.denomination = 1s (default)
2019-10-18 07:54:00,315 [3d3aac8b-d4d1-454d-bf0c-88a180692893@group-BAC069DAEF17-LeaderElection23] INFO  server.RaftServerConfigKeys (ConfUtils.java:logGet(43)) - raft.server.watch.element-limit = 65536 (default)
2019-10-18 07:54:00,316 [EventQueue-PipelineReportForPipelineReportHandler] INFO  pipeline.PipelineReportHandler (PipelineReportHandler.java:processPipelineReport(119)) - Pipeline PipelineID=c8dd4d42-e4d1-4ed4-aa64-bac069daef17 reported by 3d3aac8b-d4d1-454d-bf0c-88a180692893{ip: 192.168.69.67, host: pr-hdds-1868-wx8dl-4219780377, networkLocation: /default-rack, certSerialId: null} with leaderId 3d3aac8b-d4d1-454d-bf0c-88a180692893
2019-10-18 07:54:00,321 [3d3aac8b-d4d1-454d-bf0c-88a180692893@group-BAC069DAEF17-LeaderElection23] INFO  server.RaftServerConfigKeys (ConfUtils.java:logGet(43)) - raft.server.log.appender.snapshot.chunk.size.max = 16MB (=16777216) (default)
2019-10-18 07:54:00,322 [3d3aac8b-d4d1-454d-bf0c-88a180692893@group-BAC069DAEF17-LeaderElection23] INFO  server.RaftServerConfigKeys (ConfUtils.java:logGet(43)) - raft.server.log.appender.buffer.byte-limit = 33554432 (custom)
2019-10-18 07:54:00,322 [3d3aac8b-d4d1-454d-bf0c-88a180692893@group-BAC069DAEF17-LeaderElection23] INFO  server.RaftServerConfigKeys (ConfUtils.java:logGet(43)) - raft.server.log.appender.buffer.element-limit = 1 (custom)
2019-10-18 07:54:00,322 [a3fa570c-ae50-443c-8ab2-043428e82a24@group-69898A346AAC-LeaderElection24] INFO  server.RaftServerConfigKeys (ConfUtils.java:logGet(43)) - raft.server.log.appender.snapshot.chunk.size.max = 16MB (=16777216) (default)
2019-10-18 07:54:00,322 [3d3aac8b-d4d1-454d-bf0c-88a180692893@group-BAC069DAEF17-LeaderElection23] INFO  grpc.GrpcConfigKeys$Server (ConfUtils.java:logGet(43)) - raft.grpc.server.leader.outstanding.appends.max = 128 (default)
2019-10-18 07:54:00,322 [a3fa570c-ae50-443c-8ab2-043428e82a24@group-69898A346AAC-LeaderElection24] INFO  server.RaftServerConfigKeys (ConfUtils.java:logGet(43)) - raft.server.log.appender.buffer.byte-limit = 33554432 (custom)
2019-10-18 07:54:00,322 [3d3aac8b-d4d1-454d-bf0c-88a180692893@group-BAC069DAEF17-LeaderElection23] INFO  server.RaftServerConfigKeys (ConfUtils.java:logGet(43)) - raft.server.rpc.request.timeout = 3000ms (default)
2019-10-18 07:54:00,322 [a3fa570c-ae50-443c-8ab2-043428e82a24@group-69898A346AAC-LeaderElection24] INFO  server.RaftServerConfigKeys (ConfUtils.java:logGet(43)) - raft.server.log.appender.buffer.element-limit = 1 (custom)
2019-10-18 07:54:00,323 [3d3aac8b-d4d1-454d-bf0c-88a180692893@group-BAC069DAEF17-LeaderElection23] INFO  server.RaftServerConfigKeys (ConfUtils.java:logGet(43)) - raft.server.log.appender.install.snapshot.enabled = false (custom)
2019-10-18 07:54:00,323 [a3fa570c-ae50-443c-8ab2-043428e82a24@group-69898A346AAC-LeaderElection24] INFO  grpc.GrpcConfigKeys$Server (ConfUtils.java:logGet(43)) - raft.grpc.server.leader.outstanding.appends.max = 128 (default)
2019-10-18 07:54:00,323 [a3fa570c-ae50-443c-8ab2-043428e82a24@group-69898A346AAC-LeaderElection24] INFO  server.RaftServerConfigKeys (ConfUtils.java:logGet(43)) - raft.server.rpc.request.timeout = 3000ms (default)
2019-10-18 07:54:00,323 [a3fa570c-ae50-443c-8ab2-043428e82a24@group-69898A346AAC-LeaderElection24] INFO  server.RaftServerConfigKeys (ConfUtils.java:logGet(43)) - raft.server.log.appender.install.snapshot.enabled = false (custom)
2019-10-18 07:54:00,325 [3d3aac8b-d4d1-454d-bf0c-88a180692893@group-BAC069DAEF17-LeaderElection23] INFO  server.RaftServerConfigKeys (ConfUtils.java:logGet(43)) - raft.server.log.appender.snapshot.chunk.size.max = 16MB (=16777216) (default)
2019-10-18 07:54:00,325 [3d3aac8b-d4d1-454d-bf0c-88a180692893@group-BAC069DAEF17-LeaderElection23] INFO  server.RaftServerConfigKeys (ConfUtils.java:logGet(43)) - raft.server.log.appender.buffer.byte-limit = 33554432 (custom)
2019-10-18 07:54:00,325 [3d3aac8b-d4d1-454d-bf0c-88a180692893@group-BAC069DAEF17-LeaderElection23] INFO  server.RaftServerConfigKeys (ConfUtils.java:logGet(43)) - raft.server.log.appender.buffer.element-limit = 1 (custom)
2019-10-18 07:54:00,325 [3d3aac8b-d4d1-454d-bf0c-88a180692893@group-BAC069DAEF17-LeaderElection23] INFO  grpc.GrpcConfigKeys$Server (ConfUtils.java:logGet(43)) - raft.grpc.server.leader.outstanding.appends.max = 128 (default)
2019-10-18 07:54:00,326 [3d3aac8b-d4d1-454d-bf0c-88a180692893@group-BAC069DAEF17-LeaderElection23] INFO  server.RaftServerConfigKeys (ConfUtils.java:logGet(43)) - raft.server.rpc.request.timeout = 3000ms (default)
2019-10-18 07:54:00,326 [3d3aac8b-d4d1-454d-bf0c-88a180692893@group-BAC069DAEF17-LeaderElection23] INFO  server.RaftServerConfigKeys (ConfUtils.java:logGet(43)) - raft.server.log.appender.install.snapshot.enabled = false (custom)
2019-10-18 07:54:00,326 [a3fa570c-ae50-443c-8ab2-043428e82a24@group-69898A346AAC-LeaderElection24] INFO  server.RaftServerConfigKeys (ConfUtils.java:logGet(43)) - raft.server.log.appender.snapshot.chunk.size.max = 16MB (=16777216) (default)
2019-10-18 07:54:00,326 [a3fa570c-ae50-443c-8ab2-043428e82a24@group-69898A346AAC-LeaderElection24] INFO  server.RaftServerConfigKeys (ConfUtils.java:logGet(43)) - raft.server.log.appender.buffer.byte-limit = 33554432 (custom)
2019-10-18 07:54:00,326 [a3fa570c-ae50-443c-8ab2-043428e82a24@group-69898A346AAC-LeaderElection24] INFO  server.RaftServerConfigKeys (ConfUtils.java:logGet(43)) - raft.server.log.appender.buffer.element-limit = 1 (custom)
2019-10-18 07:54:00,326 [a3fa570c-ae50-443c-8ab2-043428e82a24@group-69898A346AAC-LeaderElection24] INFO  grpc.GrpcConfigKeys$Server (ConfUtils.java:logGet(43)) - raft.grpc.server.leader.outstanding.appends.max = 128 (default)
2019-10-18 07:54:00,326 [a3fa570c-ae50-443c-8ab2-043428e82a24@group-69898A346AAC-LeaderElection24] INFO  server.RaftServerConfigKeys (ConfUtils.java:logGet(43)) - raft.server.rpc.request.timeout = 3000ms (default)
2019-10-18 07:54:00,326 [a3fa570c-ae50-443c-8ab2-043428e82a24@group-69898A346AAC-LeaderElection24] INFO  server.RaftServerConfigKeys (ConfUtils.java:logGet(43)) - raft.server.log.appender.install.snapshot.enabled = false (custom)
2019-10-18 07:54:00,327 [3d3aac8b-d4d1-454d-bf0c-88a180692893@group-BAC069DAEF17-LeaderElection23] INFO  impl.RoleInfo (RoleInfo.java:updateAndGet(143)) - 3d3aac8b-d4d1-454d-bf0c-88a180692893: start LeaderState
2019-10-18 07:54:00,328 [3d3aac8b-d4d1-454d-bf0c-88a180692893@group-BAC069DAEF17-LeaderElection23] INFO  segmented.SegmentedRaftLogWorker (SegmentedRaftLogWorker.java:startLogSegment(385)) - 3d3aac8b-d4d1-454d-bf0c-88a180692893@group-BAC069DAEF17-SegmentedRaftLogWorker: Starting segment from index:0
2019-10-18 07:54:00,328 [3d3aac8b-d4d1-454d-bf0c-88a180692893@group-BAC069DAEF17-LeaderElection23] INFO  impl.RaftServerImpl (ServerState.java:setRaftConf(357)) - 3d3aac8b-d4d1-454d-bf0c-88a180692893@group-BAC069DAEF17: set configuration 0: [6fa005cd-25d6-4e29-bda6-9462a060c098:192.168.69.67:36093, 4b487190-7547-40c7-b780-43c37a89e8eb:192.168.69.67:39683, 3d3aac8b-d4d1-454d-bf0c-88a180692893:192.168.69.67:34429], old=null at 0
2019-10-18 07:54:00,329 [grpc-default-executor-5] INFO  impl.RaftServerImpl (ServerState.java:setLeader(256)) - 3d3aac8b-d4d1-454d-bf0c-88a180692893@group-BAC069DAEF17: change Leader from 3d3aac8b-d4d1-454d-bf0c-88a180692893 to null at term 5 for updateCurrentTerm
2019-10-18 07:54:00,355 [a3fa570c-ae50-443c-8ab2-043428e82a24@group-69898A346AAC-LeaderElection24] INFO  impl.RoleInfo (RoleInfo.java:updateAndGet(143)) - a3fa570c-ae50-443c-8ab2-043428e82a24: start LeaderState
2019-10-18 07:54:00,355 [grpc-default-executor-5] INFO  impl.RaftServerImpl (RaftServerImpl.java:setRole(184)) - 3d3aac8b-d4d1-454d-bf0c-88a180692893@group-BAC069DAEF17: changes role from    LEADER to FOLLOWER at term 5 for recognizeCandidate:6fa005cd-25d6-4e29-bda6-9462a060c098
2019-10-18 07:54:00,355 [6fa005cd-25d6-4e29-bda6-9462a060c098@group-BAC069DAEF17-LeaderElection26] INFO  impl.LeaderElection (LeaderElection.java:logAndReturn(56)) - 6fa005cd-25d6-4e29-bda6-9462a060c098@group-BAC069DAEF17-LeaderElection26: Election PASSED; received 1 response(s) [6fa005cd-25d6-4e29-bda6-9462a060c098<-4b487190-7547-40c7-b780-43c37a89e8eb#0:OK-t5] and 0 exception(s); 6fa005cd-25d6-4e29-bda6-9462a060c098@group-BAC069DAEF17:t5, leader=null, voted=6fa005cd-25d6-4e29-bda6-9462a060c098, raftlog=6fa005cd-25d6-4e29-bda6-9462a060c098@group-BAC069DAEF17-SegmentedRaftLog:OPENED:c-1,f-1,i0, conf=-1: [6fa005cd-25d6-4e29-bda6-9462a060c098:192.168.69.67:36093, 4b487190-7547-40c7-b780-43c37a89e8eb:192.168.69.67:39683, 3d3aac8b-d4d1-454d-bf0c-88a180692893:192.168.69.67:34429], old=null
2019-10-18 07:54:00,355 [a3fa570c-ae50-443c-8ab2-043428e82a24@group-69898A346AAC-LeaderElection24] INFO  segmented.SegmentedRaftLogWorker (SegmentedRaftLogWorker.java:startLogSegment(385)) - a3fa570c-ae50-443c-8ab2-043428e82a24@group-69898A346AAC-SegmentedRaftLogWorker: Starting segment from index:0
2019-10-18 07:54:00,355 [grpc-default-executor-5] INFO  impl.RoleInfo (RoleInfo.java:shutdownLeaderState(104)) - 3d3aac8b-d4d1-454d-bf0c-88a180692893: shutdown LeaderState
2019-10-18 07:54:00,355 [6fa005cd-25d6-4e29-bda6-9462a060c098@group-BAC069DAEF17-LeaderElection26] INFO  impl.RoleInfo (RoleInfo.java:shutdownLeaderElection(134)) - 6fa005cd-25d6-4e29-bda6-9462a060c098: shutdown LeaderElection
2019-10-18 07:54:00,358 [grpc-default-executor-5] INFO  impl.PendingRequests (PendingRequests.java:sendNotLeaderResponses(202)) - 3d3aac8b-d4d1-454d-bf0c-88a180692893@group-BAC069DAEF17-PendingRequests: sendNotLeaderResponses
2019-10-18 07:54:00,358 [6fa005cd-25d6-4e29-bda6-9462a060c098@group-BAC069DAEF17-LeaderElection26] INFO  impl.RaftServerImpl (RaftServerImpl.java:setRole(184)) - 6fa005cd-25d6-4e29-bda6-9462a060c098@group-BAC069DAEF17: changes role from CANDIDATE to LEADER at term 5 for changeToLeader
2019-10-18 07:54:00,358 [6fa005cd-25d6-4e29-bda6-9462a060c098@group-BAC069DAEF17-LeaderElection26] INFO  ratis.XceiverServerRatis (XceiverServerRatis.java:handleLeaderChangedNotification(699)) - Leader change notification received for group: group-BAC069DAEF17 with new leaderId: 6fa005cd-25d6-4e29-bda6-9462a060c098
2019-10-18 07:54:00,358 [org.apache.ratis.server.impl.LogAppender$AppenderDaemon$$Lambda$420/1222076953@3e2da416] WARN  server.GrpcLogAppender (GrpcLogAppender.java:mayWait(149)) - 3d3aac8b-d4d1-454d-bf0c-88a180692893@group-BAC069DAEF17->4b487190-7547-40c7-b780-43c37a89e8eb-GrpcLogAppender: Wait interrupted by java.lang.InterruptedException
2019-10-18 07:54:00,358 [6fa005cd-25d6-4e29-bda6-9462a060c098@group-BAC069DAEF17-LeaderElection26] INFO  impl.RaftServerImpl (ServerState.java:setLeader(256)) - 6fa005cd-25d6-4e29-bda6-9462a060c098@group-BAC069DAEF17: change Leader from null to 6fa005cd-25d6-4e29-bda6-9462a060c098 at term 5 for becomeLeader, leader elected after 569ms
2019-10-18 07:54:00,359 [org.apache.ratis.server.impl.LogAppender$AppenderDaemon$$Lambda$420/1222076953@f68acda] WARN  server.GrpcLogAppender (GrpcLogAppender.java:mayWait(149)) - 3d3aac8b-d4d1-454d-bf0c-88a180692893@group-BAC069DAEF17->6fa005cd-25d6-4e29-bda6-9462a060c098-GrpcLogAppender: Wait interrupted by java.lang.InterruptedException
2019-10-18 07:54:00,359 [6fa005cd-25d6-4e29-bda6-9462a060c098@group-BAC069DAEF17-LeaderElection26] INFO  server.RaftServerConfigKeys (ConfUtils.java:logGet(43)) - raft.server.staging.catchup.gap = 1000 (default)
2019-10-18 07:54:00,359 [a3fa570c-ae50-443c-8ab2-043428e82a24@group-69898A346AAC-LeaderElection24] INFO  impl.RaftServerImpl (ServerState.java:setRaftConf(357)) - a3fa570c-ae50-443c-8ab2-043428e82a24@group-69898A346AAC: set configuration 0: [0fc43408-9179-47bd-a807-e56cc33d805e:192.168.69.67:34615, 9334f5f3-1c9b-4a41-9735-40b3bdb856ca:192.168.69.67:35940, a3fa570c-ae50-443c-8ab2-043428e82a24:192.168.69.67:36282], old=null at 0
2019-10-18 07:54:00,359 [6fa005cd-25d6-4e29-bda6-9462a060c098@group-BAC069DAEF17-LeaderElection26] INFO  server.RaftServerConfigKeys (ConfUtils.java:logGet(43)) - raft.server.rpc.sleep.time = 25ms (default)
2019-10-18 07:54:00,359 [grpc-default-executor-5] INFO  impl.RoleInfo (RoleInfo.java:updateAndGet(143)) - 3d3aac8b-d4d1-454d-bf0c-88a180692893: start FollowerState
2019-10-18 07:54:00,359 [6fa005cd-25d6-4e29-bda6-9462a060c098@group-BAC069DAEF17-LeaderElection26] INFO  server.RaftServerConfigKeys (ConfUtils.java:logGet(43)) - raft.server.write.element-limit = 4096 (default)
2019-10-18 07:54:00,359 [grpc-default-executor-0] INFO  server.GrpcServerProtocolService (GrpcServerProtocolService.java:onCompleted(113)) - 4b487190-7547-40c7-b780-43c37a89e8eb: Completed APPEND_ENTRIES, lastRequest: 3d3aac8b-d4d1-454d-bf0c-88a180692893->4b487190-7547-40c7-b780-43c37a89e8eb#0-t4, previous=(t:0, i:0), leaderCommit=-1, initializing? false, entries: <empty>
2019-10-18 07:54:00,360 [6fa005cd-25d6-4e29-bda6-9462a060c098@group-BAC069DAEF17-LeaderElection26] INFO  server.RaftServerConfigKeys (ConfUtils.java:logGet(43)) - raft.server.watch.timeout = 10s (default)
2019-10-18 07:54:00,360 [6fa005cd-25d6-4e29-bda6-9462a060c098@group-BAC069DAEF17-LeaderElection26] INFO  server.RaftServerConfigKeys (ConfUtils.java:logGet(43)) - raft.server.watch.timeout.denomination = 1s (default)
2019-10-18 07:54:00,360 [6fa005cd-25d6-4e29-bda6-9462a060c098@group-BAC069DAEF17-LeaderElection26] INFO  server.RaftServerConfigKeys (ConfUtils.java:logGet(43)) - raft.server.watch.element-limit = 65536 (default)
2019-10-18 07:54:00,386 [Thread-437] INFO  impl.FollowerState (FollowerState.java:run(108)) - 4b487190-7547-40c7-b780-43c37a89e8eb@group-BAC069DAEF17-FollowerState: change to CANDIDATE, lastRpcTime:72ms, electionTimeout:59ms
2019-10-18 07:54:00,386 [3d3aac8b-d4d1-454d-bf0c-88a180692893@group-BAC069DAEF17-SegmentedRaftLogWorker] INFO  segmented.SegmentedRaftLogWorker (SegmentedRaftLogWorker.java:execute(576)) - 3d3aac8b-d4d1-454d-bf0c-88a180692893@group-BAC069DAEF17-SegmentedRaftLogWorker: created new log segment /workdir/hadoop-ozone/integration-test/target/test-dir/MiniOzoneClusterImpl-58fc3ecd-0fbd-4e7b-a09c-4106a93dde4d/datanode-2/data/ratis/c8dd4d42-e4d1-4ed4-aa64-bac069daef17/current/log_inprogress_0
2019-10-18 07:54:00,386 [Thread-437] INFO  impl.RoleInfo (RoleInfo.java:shutdownFollowerState(121)) - 4b487190-7547-40c7-b780-43c37a89e8eb: shutdown FollowerState
2019-10-18 07:54:00,386 [Thread-437] INFO  impl.RaftServerImpl (RaftServerImpl.java:setRole(184)) - 4b487190-7547-40c7-b780-43c37a89e8eb@group-BAC069DAEF17: changes role from  FOLLOWER to CANDIDATE at term 5 for changeToCandidate
2019-10-18 07:54:00,386 [grpc-default-executor-0] INFO  server.GrpcLogAppender (GrpcLogAppender.java:onCompleted(308)) - 3d3aac8b-d4d1-454d-bf0c-88a180692893@group-BAC069DAEF17->4b487190-7547-40c7-b780-43c37a89e8eb-AppendLogResponseHandler: follower responses appendEntries COMPLETED
2019-10-18 07:54:00,387 [EventQueue-PipelineReportForPipelineReportHandler] INFO  pipeline.PipelineReportHandler (PipelineReportHandler.java:processPipelineReport(119)) - Pipeline PipelineID=c8dd4d42-e4d1-4ed4-aa64-bac069daef17 reported by 6fa005cd-25d6-4e29-bda6-9462a060c098{ip: 192.168.69.67, host: pr-hdds-1868-wx8dl-4219780377, networkLocation: /default-rack, certSerialId: null} with leaderId 6fa005cd-25d6-4e29-bda6-9462a060c098
2019-10-18 07:54:00,387 [grpc-default-executor-3] INFO  ratis.XceiverServerRatis (XceiverServerRatis.java:handleLeaderChangedNotification(699)) - Leader change notification received for group: group-69898A346AAC with new leaderId: a3fa570c-ae50-443c-8ab2-043428e82a24
2019-10-18 07:54:00,387 [Thread-437] INFO  impl.RoleInfo (RoleInfo.java:updateAndGet(143)) - 4b487190-7547-40c7-b780-43c37a89e8eb: start LeaderElection
2019-10-18 07:54:00,387 [grpc-default-executor-7] INFO  ratis.XceiverServerRatis (XceiverServerRatis.java:handleLeaderChangedNotification(699)) - Leader change notification received for group: group-69898A346AAC with new leaderId: a3fa570c-ae50-443c-8ab2-043428e82a24
2019-10-18 07:54:00,387 [grpc-default-executor-3] INFO  impl.RaftServerImpl (ServerState.java:setLeader(256)) - 9334f5f3-1c9b-4a41-9735-40b3bdb856ca@group-69898A346AAC: change Leader from null to a3fa570c-ae50-443c-8ab2-043428e82a24 at term 3 for appendEntries, leader elected after 490ms
2019-10-18 07:54:00,387 [grpc-default-executor-7] INFO  impl.RaftServerImpl (ServerState.java:setLeader(256)) - 0fc43408-9179-47bd-a807-e56cc33d805e@group-69898A346AAC: change Leader from null to a3fa570c-ae50-443c-8ab2-043428e82a24 at term 3 for appendEntries, leader elected after 475ms
2019-10-18 07:54:00,388 [grpc-default-executor-0] INFO  impl.FollowerInfo (FollowerInfo.java:lambda$new$0(51)) - 3d3aac8b-d4d1-454d-bf0c-88a180692893@group-BAC069DAEF17->4b487190-7547-40c7-b780-43c37a89e8eb: nextIndex: updateUnconditionally 0 -> 0
2019-10-18 07:54:00,388 [6fa005cd-25d6-4e29-bda6-9462a060c098@group-BAC069DAEF17-LeaderElection26] INFO  server.RaftServerConfigKeys (ConfUtils.java:logGet(43)) - raft.server.log.appender.snapshot.chunk.size.max = 16MB (=16777216) (default)
2019-10-18 07:54:00,394 [6fa005cd-25d6-4e29-bda6-9462a060c098@group-BAC069DAEF17-LeaderElection26] INFO  server.RaftServerConfigKeys (ConfUtils.java:logGet(43)) - raft.server.log.appender.buffer.byte-limit = 33554432 (custom)
2019-10-18 07:54:00,398 [6fa005cd-25d6-4e29-bda6-9462a060c098@group-BAC069DAEF17-LeaderElection26] INFO  server.RaftServerConfigKeys (ConfUtils.java:logGet(43)) - raft.server.log.appender.buffer.element-limit = 1 (custom)
2019-10-18 07:54:00,398 [6fa005cd-25d6-4e29-bda6-9462a060c098@group-BAC069DAEF17-LeaderElection26] INFO  grpc.GrpcConfigKeys$Server (ConfUtils.java:logGet(43)) - raft.grpc.server.leader.outstanding.appends.max = 128 (default)
2019-10-18 07:54:00,398 [6fa005cd-25d6-4e29-bda6-9462a060c098@group-BAC069DAEF17-LeaderElection26] INFO  server.RaftServerConfigKeys (ConfUtils.java:logGet(43)) - raft.server.rpc.request.timeout = 3000ms (default)
2019-10-18 07:54:00,398 [6fa005cd-25d6-4e29-bda6-9462a060c098@group-BAC069DAEF17-LeaderElection26] INFO  server.RaftServerConfigKeys (ConfUtils.java:logGet(43)) - raft.server.log.appender.install.snapshot.enabled = false (custom)
2019-10-18 07:54:00,400 [6fa005cd-25d6-4e29-bda6-9462a060c098@group-BAC069DAEF17-LeaderElection26] INFO  server.RaftServerConfigKeys (ConfUtils.java:logGet(43)) - raft.server.log.appender.snapshot.chunk.size.max = 16MB (=16777216) (default)
2019-10-18 07:54:00,400 [6fa005cd-25d6-4e29-bda6-9462a060c098@group-BAC069DAEF17-LeaderElection26] INFO  server.RaftServerConfigKeys (ConfUtils.java:logGet(43)) - raft.server.log.appender.buffer.byte-limit = 33554432 (custom)
2019-10-18 07:54:00,400 [6fa005cd-25d6-4e29-bda6-9462a060c098@group-BAC069DAEF17-LeaderElection26] INFO  server.RaftServerConfigKeys (ConfUtils.java:logGet(43)) - raft.server.log.appender.buffer.element-limit = 1 (custom)
2019-10-18 07:54:00,400 [6fa005cd-25d6-4e29-bda6-9462a060c098@group-BAC069DAEF17-LeaderElection26] INFO  grpc.GrpcConfigKeys$Server (ConfUtils.java:logGet(43)) - raft.grpc.server.leader.outstanding.appends.max = 128 (default)
2019-10-18 07:54:00,400 [grpc-default-executor-3] INFO  impl.RaftServerImpl (ServerState.java:setRaftConf(357)) - 0fc43408-9179-47bd-a807-e56cc33d805e@group-69898A346AAC: set configuration 0: [0fc43408-9179-47bd-a807-e56cc33d805e:192.168.69.67:34615, 9334f5f3-1c9b-4a41-9735-40b3bdb856ca:192.168.69.67:35940, a3fa570c-ae50-443c-8ab2-043428e82a24:192.168.69.67:36282], old=null at 0
2019-10-18 07:54:00,400 [grpc-default-executor-0] INFO  impl.RaftServerImpl (ServerState.java:setRaftConf(357)) - 9334f5f3-1c9b-4a41-9735-40b3bdb856ca@group-69898A346AAC: set configuration 0: [0fc43408-9179-47bd-a807-e56cc33d805e:192.168.69.67:34615, 9334f5f3-1c9b-4a41-9735-40b3bdb856ca:192.168.69.67:35940, a3fa570c-ae50-443c-8ab2-043428e82a24:192.168.69.67:36282], old=null at 0
2019-10-18 07:54:00,401 [grpc-default-executor-3] INFO  segmented.SegmentedRaftLogWorker (SegmentedRaftLogWorker.java:truncate(401)) - 0fc43408-9179-47bd-a807-e56cc33d805e@group-69898A346AAC-SegmentedRaftLogWorker: Truncating segments toTruncate: null
  toDelete: [(0, 0) isOpen? true, length=0, newEndIndex=-1], start index 0
2019-10-18 07:54:00,400 [6fa005cd-25d6-4e29-bda6-9462a060c098@group-BAC069DAEF17-LeaderElection26] INFO  server.RaftServerConfigKeys (ConfUtils.java:logGet(43)) - raft.server.rpc.request.timeout = 3000ms (default)
2019-10-18 07:54:00,401 [grpc-default-executor-3] INFO  segmented.SegmentedRaftLogWorker (SegmentedRaftLogWorker.java:startLogSegment(385)) - 0fc43408-9179-47bd-a807-e56cc33d805e@group-69898A346AAC-SegmentedRaftLogWorker: Starting segment from index:0
2019-10-18 07:54:00,401 [grpc-default-executor-0] INFO  segmented.SegmentedRaftLogWorker (SegmentedRaftLogWorker.java:startLogSegment(385)) - 9334f5f3-1c9b-4a41-9735-40b3bdb856ca@group-69898A346AAC-SegmentedRaftLogWorker: Starting segment from index:0
2019-10-18 07:54:00,401 [6fa005cd-25d6-4e29-bda6-9462a060c098@group-BAC069DAEF17-LeaderElection26] INFO  server.RaftServerConfigKeys (ConfUtils.java:logGet(43)) - raft.server.log.appender.install.snapshot.enabled = false (custom)
2019-10-18 07:54:00,402 [0fc43408-9179-47bd-a807-e56cc33d805e@group-69898A346AAC-SegmentedRaftLogWorker] INFO  segmented.SegmentedRaftLogWorker (SegmentedRaftLogWorker.java:execute(640)) - 0fc43408-9179-47bd-a807-e56cc33d805e@group-69898A346AAC-SegmentedRaftLogWorker: Deleted log file /workdir/hadoop-ozone/integration-test/target/test-dir/MiniOzoneClusterImpl-58fc3ecd-0fbd-4e7b-a09c-4106a93dde4d/datanode-3/data/ratis/e74064ca-a38d-4e98-a5ce-69898a346aac/current/log_inprogress_0
2019-10-18 07:54:00,402 [0fc43408-9179-47bd-a807-e56cc33d805e@group-69898A346AAC-SegmentedRaftLogWorker] INFO  segmented.SegmentedRaftLogWorker (SegmentedRaftLogWorker.java:lambda$new$0(128)) - 0fc43408-9179-47bd-a807-e56cc33d805e@group-69898A346AAC-SegmentedRaftLogWorker: flushIndex: setUnconditionally 0 -> -1
2019-10-18 07:54:00,403 [6fa005cd-25d6-4e29-bda6-9462a060c098@group-BAC069DAEF17-LeaderElection26] INFO  impl.RoleInfo (RoleInfo.java:updateAndGet(143)) - 6fa005cd-25d6-4e29-bda6-9462a060c098: start LeaderState
2019-10-18 07:54:00,403 [6fa005cd-25d6-4e29-bda6-9462a060c098@group-BAC069DAEF17-LeaderElection26] INFO  segmented.SegmentedRaftLogWorker (SegmentedRaftLogWorker.java:startLogSegment(385)) - 6fa005cd-25d6-4e29-bda6-9462a060c098@group-BAC069DAEF17-SegmentedRaftLogWorker: Starting segment from index:0
2019-10-18 07:54:00,404 [6fa005cd-25d6-4e29-bda6-9462a060c098@group-BAC069DAEF17-LeaderElection26] INFO  impl.RaftServerImpl (ServerState.java:setRaftConf(357)) - 6fa005cd-25d6-4e29-bda6-9462a060c098@group-BAC069DAEF17: set configuration 0: [6fa005cd-25d6-4e29-bda6-9462a060c098:192.168.69.67:36093, 4b487190-7547-40c7-b780-43c37a89e8eb:192.168.69.67:39683, 3d3aac8b-d4d1-454d-bf0c-88a180692893:192.168.69.67:34429], old=null at 0
2019-10-18 07:54:00,404 [grpc-default-executor-6] INFO  server.GrpcServerProtocolService (GrpcServerProtocolService.java:onCompleted(113)) - 6fa005cd-25d6-4e29-bda6-9462a060c098: Completed APPEND_ENTRIES, lastRequest: 3d3aac8b-d4d1-454d-bf0c-88a180692893->6fa005cd-25d6-4e29-bda6-9462a060c098#0-t4, previous=(t:0, i:0), leaderCommit=-1, initializing? false, entries: <empty>
2019-10-18 07:54:00,405 [grpc-default-executor-6] INFO  server.GrpcLogAppender (GrpcLogAppender.java:onCompleted(308)) - 3d3aac8b-d4d1-454d-bf0c-88a180692893@group-BAC069DAEF17->6fa005cd-25d6-4e29-bda6-9462a060c098-AppendLogResponseHandler: follower responses appendEntries COMPLETED
2019-10-18 07:54:00,406 [grpc-default-executor-6] INFO  impl.FollowerInfo (FollowerInfo.java:lambda$new$0(51)) - 3d3aac8b-d4d1-454d-bf0c-88a180692893@group-BAC069DAEF17->6fa005cd-25d6-4e29-bda6-9462a060c098: nextIndex: updateUnconditionally 0 -> 0
2019-10-18 07:54:00,406 [grpc-default-executor-0] INFO  ratis.XceiverServerRatis (XceiverServerRatis.java:handleLeaderChangedNotification(699)) - Leader change notification received for group: group-BAC069DAEF17 with new leaderId: 6fa005cd-25d6-4e29-bda6-9462a060c098
2019-10-18 07:54:00,406 [grpc-default-executor-0] INFO  impl.RaftServerImpl (ServerState.java:setLeader(256)) - 3d3aac8b-d4d1-454d-bf0c-88a180692893@group-BAC069DAEF17: change Leader from null to 6fa005cd-25d6-4e29-bda6-9462a060c098 at term 5 for appendEntries, leader elected after 77ms
2019-10-18 07:54:00,408 [EventQueue-PipelineReportForPipelineReportHandler] INFO  pipeline.PipelineReportHandler (PipelineReportHandler.java:processPipelineReport(119)) - Pipeline PipelineID=c8dd4d42-e4d1-4ed4-aa64-bac069daef17 reported by 3d3aac8b-d4d1-454d-bf0c-88a180692893{ip: 192.168.69.67, host: pr-hdds-1868-wx8dl-4219780377, networkLocation: /default-rack, certSerialId: null} with leaderId 6fa005cd-25d6-4e29-bda6-9462a060c098
2019-10-18 07:54:00,409 [grpc-default-executor-0] INFO  impl.RaftServerImpl (ServerState.java:setRaftConf(357)) - 3d3aac8b-d4d1-454d-bf0c-88a180692893@group-BAC069DAEF17: set configuration 0: [6fa005cd-25d6-4e29-bda6-9462a060c098:192.168.69.67:36093, 4b487190-7547-40c7-b780-43c37a89e8eb:192.168.69.67:39683, 3d3aac8b-d4d1-454d-bf0c-88a180692893:192.168.69.67:34429], old=null at 0
2019-10-18 07:54:00,409 [grpc-default-executor-0] INFO  segmented.SegmentedRaftLogWorker (SegmentedRaftLogWorker.java:truncate(401)) - 3d3aac8b-d4d1-454d-bf0c-88a180692893@group-BAC069DAEF17-SegmentedRaftLogWorker: Truncating segments toTruncate: null
  toDelete: [(0, 0) isOpen? true, length=0, newEndIndex=-1], start index 0
2019-10-18 07:54:00,410 [grpc-default-executor-0] INFO  segmented.SegmentedRaftLogWorker (SegmentedRaftLogWorker.java:startLogSegment(385)) - 3d3aac8b-d4d1-454d-bf0c-88a180692893@group-BAC069DAEF17-SegmentedRaftLogWorker: Starting segment from index:0
2019-10-18 07:54:00,410 [3d3aac8b-d4d1-454d-bf0c-88a180692893@group-BAC069DAEF17-SegmentedRaftLogWorker] INFO  segmented.SegmentedRaftLogWorker (SegmentedRaftLogWorker.java:execute(640)) - 3d3aac8b-d4d1-454d-bf0c-88a180692893@group-BAC069DAEF17-SegmentedRaftLogWorker: Deleted log file /workdir/hadoop-ozone/integration-test/target/test-dir/MiniOzoneClusterImpl-58fc3ecd-0fbd-4e7b-a09c-4106a93dde4d/datanode-2/data/ratis/c8dd4d42-e4d1-4ed4-aa64-bac069daef17/current/log_inprogress_0
2019-10-18 07:54:00,410 [3d3aac8b-d4d1-454d-bf0c-88a180692893@group-BAC069DAEF17-SegmentedRaftLogWorker] INFO  segmented.SegmentedRaftLogWorker (SegmentedRaftLogWorker.java:lambda$new$0(128)) - 3d3aac8b-d4d1-454d-bf0c-88a180692893@group-BAC069DAEF17-SegmentedRaftLogWorker: flushIndex: setUnconditionally 0 -> -1
2019-10-18 07:54:00,410 [a3fa570c-ae50-443c-8ab2-043428e82a24@group-69898A346AAC-SegmentedRaftLogWorker] INFO  segmented.SegmentedRaftLogWorker (SegmentedRaftLogWorker.java:execute(576)) - a3fa570c-ae50-443c-8ab2-043428e82a24@group-69898A346AAC-SegmentedRaftLogWorker: created new log segment /workdir/hadoop-ozone/integration-test/target/test-dir/MiniOzoneClusterImpl-58fc3ecd-0fbd-4e7b-a09c-4106a93dde4d/datanode-5/data/ratis/e74064ca-a38d-4e98-a5ce-69898a346aac/current/log_inprogress_0
2019-10-18 07:54:00,413 [4b487190-7547-40c7-b780-43c37a89e8eb@group-BAC069DAEF17-LeaderElection27] INFO  impl.LeaderElection (LeaderElection.java:askForVotes(178)) - 4b487190-7547-40c7-b780-43c37a89e8eb@group-BAC069DAEF17-LeaderElection27: begin an election at term 6 for -1: [6fa005cd-25d6-4e29-bda6-9462a060c098:192.168.69.67:36093, 4b487190-7547-40c7-b780-43c37a89e8eb:192.168.69.67:39683, 3d3aac8b-d4d1-454d-bf0c-88a180692893:192.168.69.67:34429], old=null
2019-10-18 07:54:00,414 [Thread-445] INFO  impl.RaftServerImpl (ServerState.java:setLeader(256)) - 6fa005cd-25d6-4e29-bda6-9462a060c098@group-BAC069DAEF17: change Leader from 6fa005cd-25d6-4e29-bda6-9462a060c098 to null at term 6 for updateCurrentTerm
2019-10-18 07:54:00,415 [Thread-445] INFO  impl.RaftServerImpl (RaftServerImpl.java:setRole(184)) - 6fa005cd-25d6-4e29-bda6-9462a060c098@group-BAC069DAEF17: changes role from    LEADER to FOLLOWER at term 6 for stepDown
2019-10-18 07:54:00,415 [Thread-445] INFO  impl.RoleInfo (RoleInfo.java:shutdownLeaderState(104)) - 6fa005cd-25d6-4e29-bda6-9462a060c098: shutdown LeaderState
2019-10-18 07:54:00,441 [org.apache.ratis.server.impl.LogAppender$AppenderDaemon$$Lambda$420/1222076953@37d3ccd8] WARN  server.GrpcLogAppender (GrpcLogAppender.java:mayWait(149)) - 6fa005cd-25d6-4e29-bda6-9462a060c098@group-BAC069DAEF17->3d3aac8b-d4d1-454d-bf0c-88a180692893-GrpcLogAppender: Wait interrupted by java.lang.InterruptedException
2019-10-18 07:54:00,442 [Thread-445] INFO  impl.PendingRequests (PendingRequests.java:sendNotLeaderResponses(202)) - 6fa005cd-25d6-4e29-bda6-9462a060c098@group-BAC069DAEF17-PendingRequests: sendNotLeaderResponses
2019-10-18 07:54:00,442 [org.apache.ratis.server.impl.LogAppender$AppenderDaemon$$Lambda$420/1222076953@61f2ae4] WARN  server.GrpcLogAppender (GrpcLogAppender.java:mayWait(149)) - 6fa005cd-25d6-4e29-bda6-9462a060c098@group-BAC069DAEF17->4b487190-7547-40c7-b780-43c37a89e8eb-GrpcLogAppender: Wait interrupted by java.lang.InterruptedException
2019-10-18 07:54:00,442 [Thread-445] INFO  impl.RoleInfo (RoleInfo.java:updateAndGet(143)) - 6fa005cd-25d6-4e29-bda6-9462a060c098: start FollowerState
2019-10-18 07:54:00,442 [grpc-default-executor-6] INFO  server.GrpcServerProtocolService (GrpcServerProtocolService.java:onCompleted(113)) - 4b487190-7547-40c7-b780-43c37a89e8eb: Completed APPEND_ENTRIES, lastRequest: 6fa005cd-25d6-4e29-bda6-9462a060c098->4b487190-7547-40c7-b780-43c37a89e8eb#0-t5, previous=(t:0, i:0), leaderCommit=-1, initializing? false, entries: <empty>
2019-10-18 07:54:00,443 [grpc-default-executor-7] INFO  server.GrpcServerProtocolService (GrpcServerProtocolService.java:onCompleted(113)) - 3d3aac8b-d4d1-454d-bf0c-88a180692893: Completed APPEND_ENTRIES, lastRequest: 6fa005cd-25d6-4e29-bda6-9462a060c098->3d3aac8b-d4d1-454d-bf0c-88a180692893#1-t5, previous=(t:0, i:0), leaderCommit=-1, initializing? false, entries: size=1, first=(t:5, i:0), CONFIGURATIONENTRY
2019-10-18 07:54:00,443 [grpc-default-executor-3] INFO  impl.RaftServerImpl (ServerState.java:setLeader(256)) - 3d3aac8b-d4d1-454d-bf0c-88a180692893@group-BAC069DAEF17: change Leader from 6fa005cd-25d6-4e29-bda6-9462a060c098 to null at term 6 for updateCurrentTerm
2019-10-18 07:54:00,443 [grpc-default-executor-3] INFO  impl.RaftServerImpl (RaftServerImpl.java:setRole(184)) - 3d3aac8b-d4d1-454d-bf0c-88a180692893@group-BAC069DAEF17: changes role from  FOLLOWER to FOLLOWER at term 6 for recognizeCandidate:4b487190-7547-40c7-b780-43c37a89e8eb
2019-10-18 07:54:00,443 [grpc-default-executor-7] INFO  server.GrpcLogAppender (GrpcLogAppender.java:onCompleted(308)) - 6fa005cd-25d6-4e29-bda6-9462a060c098@group-BAC069DAEF17->4b487190-7547-40c7-b780-43c37a89e8eb-AppendLogResponseHandler: follower responses appendEntries COMPLETED
2019-10-18 07:54:00,443 [grpc-default-executor-6] INFO  server.GrpcLogAppender (GrpcLogAppender.java:onCompleted(308)) - 6fa005cd-25d6-4e29-bda6-9462a060c098@group-BAC069DAEF17->3d3aac8b-d4d1-454d-bf0c-88a180692893-AppendLogResponseHandler: follower responses appendEntries COMPLETED
2019-10-18 07:54:00,443 [grpc-default-executor-3] INFO  impl.RoleInfo (RoleInfo.java:shutdownFollowerState(121)) - 3d3aac8b-d4d1-454d-bf0c-88a180692893: shutdown FollowerState
2019-10-18 07:54:00,444 [grpc-default-executor-3] INFO  impl.RoleInfo (RoleInfo.java:updateAndGet(143)) - 3d3aac8b-d4d1-454d-bf0c-88a180692893: start FollowerState
2019-10-18 07:54:00,444 [Thread-444] INFO  impl.FollowerState (FollowerState.java:run(117)) - 3d3aac8b-d4d1-454d-bf0c-88a180692893@group-BAC069DAEF17-FollowerState was interrupted: java.lang.InterruptedException: sleep interrupted
2019-10-18 07:54:00,445 [grpc-default-executor-7] INFO  impl.FollowerInfo (FollowerInfo.java:lambda$new$0(51)) - 6fa005cd-25d6-4e29-bda6-9462a060c098@group-BAC069DAEF17->4b487190-7547-40c7-b780-43c37a89e8eb: nextIndex: updateUnconditionally 0 -> 0
2019-10-18 07:54:00,446 [grpc-default-executor-6] INFO  impl.FollowerInfo (FollowerInfo.java:lambda$new$0(51)) - 6fa005cd-25d6-4e29-bda6-9462a060c098@group-BAC069DAEF17->3d3aac8b-d4d1-454d-bf0c-88a180692893: nextIndex: updateUnconditionally 1 -> 0
2019-10-18 07:54:00,477 [9334f5f3-1c9b-4a41-9735-40b3bdb856ca@group-69898A346AAC-SegmentedRaftLogWorker] INFO  segmented.SegmentedRaftLogWorker (SegmentedRaftLogWorker.java:execute(576)) - 9334f5f3-1c9b-4a41-9735-40b3bdb856ca@group-69898A346AAC-SegmentedRaftLogWorker: created new log segment /workdir/hadoop-ozone/integration-test/target/test-dir/MiniOzoneClusterImpl-58fc3ecd-0fbd-4e7b-a09c-4106a93dde4d/datanode-1/data/ratis/e74064ca-a38d-4e98-a5ce-69898a346aac/current/log_inprogress_0
2019-10-18 07:54:00,477 [3d3aac8b-d4d1-454d-bf0c-88a180692893@group-BAC069DAEF17-SegmentedRaftLogWorker] INFO  segmented.SegmentedRaftLogWorker (SegmentedRaftLogWorker.java:execute(576)) - 3d3aac8b-d4d1-454d-bf0c-88a180692893@group-BAC069DAEF17-SegmentedRaftLogWorker: created new log segment /workdir/hadoop-ozone/integration-test/target/test-dir/MiniOzoneClusterImpl-58fc3ecd-0fbd-4e7b-a09c-4106a93dde4d/datanode-2/data/ratis/c8dd4d42-e4d1-4ed4-aa64-bac069daef17/current/log_inprogress_0
2019-10-18 07:54:00,477 [0fc43408-9179-47bd-a807-e56cc33d805e@group-69898A346AAC-SegmentedRaftLogWorker] INFO  segmented.SegmentedRaftLogWorker (SegmentedRaftLogWorker.java:execute(576)) - 0fc43408-9179-47bd-a807-e56cc33d805e@group-69898A346AAC-SegmentedRaftLogWorker: created new log segment /workdir/hadoop-ozone/integration-test/target/test-dir/MiniOzoneClusterImpl-58fc3ecd-0fbd-4e7b-a09c-4106a93dde4d/datanode-3/data/ratis/e74064ca-a38d-4e98-a5ce-69898a346aac/current/log_inprogress_0
2019-10-18 07:54:00,477 [6fa005cd-25d6-4e29-bda6-9462a060c098@group-BAC069DAEF17-SegmentedRaftLogWorker] INFO  segmented.SegmentedRaftLogWorker (SegmentedRaftLogWorker.java:execute(576)) - 6fa005cd-25d6-4e29-bda6-9462a060c098@group-BAC069DAEF17-SegmentedRaftLogWorker: created new log segment /workdir/hadoop-ozone/integration-test/target/test-dir/MiniOzoneClusterImpl-58fc3ecd-0fbd-4e7b-a09c-4106a93dde4d/datanode-0/data/ratis/c8dd4d42-e4d1-4ed4-aa64-bac069daef17/current/log_inprogress_0
2019-10-18 07:54:00,478 [grpc-default-executor-0] INFO  impl.RaftServerImpl (RaftServerImpl.java:setRole(184)) - 6fa005cd-25d6-4e29-bda6-9462a060c098@group-BAC069DAEF17: changes role from  FOLLOWER to FOLLOWER at term 6 for recognizeCandidate:4b487190-7547-40c7-b780-43c37a89e8eb
2019-10-18 07:54:00,479 [grpc-default-executor-0] INFO  impl.RoleInfo (RoleInfo.java:shutdownFollowerState(121)) - 6fa005cd-25d6-4e29-bda6-9462a060c098: shutdown FollowerState
2019-10-18 07:54:00,479 [Thread-458] INFO  impl.FollowerState (FollowerState.java:run(117)) - 6fa005cd-25d6-4e29-bda6-9462a060c098@group-BAC069DAEF17-FollowerState was interrupted: java.lang.InterruptedException: sleep interrupted
2019-10-18 07:54:00,479 [grpc-default-executor-0] INFO  impl.RoleInfo (RoleInfo.java:updateAndGet(143)) - 6fa005cd-25d6-4e29-bda6-9462a060c098: start FollowerState
2019-10-18 07:54:00,481 [4b487190-7547-40c7-b780-43c37a89e8eb@group-BAC069DAEF17-LeaderElection27] INFO  impl.LeaderElection (LeaderElection.java:logAndReturn(56)) - 4b487190-7547-40c7-b780-43c37a89e8eb@group-BAC069DAEF17-LeaderElection27: Election REJECTED; received 2 response(s) [4b487190-7547-40c7-b780-43c37a89e8eb<-6fa005cd-25d6-4e29-bda6-9462a060c098#0:FAIL-t6, 4b487190-7547-40c7-b780-43c37a89e8eb<-3d3aac8b-d4d1-454d-bf0c-88a180692893#0:FAIL-t6] and 0 exception(s); 4b487190-7547-40c7-b780-43c37a89e8eb@group-BAC069DAEF17:t6, leader=null, voted=4b487190-7547-40c7-b780-43c37a89e8eb, raftlog=4b487190-7547-40c7-b780-43c37a89e8eb@group-BAC069DAEF17-SegmentedRaftLog:OPENED:c-1,f-1,i0, conf=-1: [6fa005cd-25d6-4e29-bda6-9462a060c098:192.168.69.67:36093, 4b487190-7547-40c7-b780-43c37a89e8eb:192.168.69.67:39683, 3d3aac8b-d4d1-454d-bf0c-88a180692893:192.168.69.67:34429], old=null
2019-10-18 07:54:00,481 [4b487190-7547-40c7-b780-43c37a89e8eb@group-BAC069DAEF17-LeaderElection27] INFO  impl.RaftServerImpl (RaftServerImpl.java:setRole(184)) - 4b487190-7547-40c7-b780-43c37a89e8eb@group-BAC069DAEF17: changes role from CANDIDATE to FOLLOWER at term 6 for DISCOVERED_A_NEW_TERM
2019-10-18 07:54:00,481 [4b487190-7547-40c7-b780-43c37a89e8eb@group-BAC069DAEF17-LeaderElection27] INFO  impl.RoleInfo (RoleInfo.java:shutdownLeaderElection(134)) - 4b487190-7547-40c7-b780-43c37a89e8eb: shutdown LeaderElection
2019-10-18 07:54:00,481 [4b487190-7547-40c7-b780-43c37a89e8eb@group-BAC069DAEF17-LeaderElection27] INFO  impl.RoleInfo (RoleInfo.java:updateAndGet(143)) - 4b487190-7547-40c7-b780-43c37a89e8eb: start FollowerState
2019-10-18 07:54:00,496 [Thread-461] INFO  impl.FollowerState (FollowerState.java:run(108)) - 4b487190-7547-40c7-b780-43c37a89e8eb@group-BAC069DAEF17-FollowerState: change to CANDIDATE, lastRpcTime:14ms, electionTimeout:14ms
2019-10-18 07:54:00,496 [Thread-461] INFO  impl.RoleInfo (RoleInfo.java:shutdownFollowerState(121)) - 4b487190-7547-40c7-b780-43c37a89e8eb: shutdown FollowerState
2019-10-18 07:54:00,496 [Thread-461] INFO  impl.RaftServerImpl (RaftServerImpl.java:setRole(184)) - 4b487190-7547-40c7-b780-43c37a89e8eb@group-BAC069DAEF17: changes role from  FOLLOWER to CANDIDATE at term 6 for changeToCandidate
2019-10-18 07:54:00,496 [Thread-461] INFO  impl.RoleInfo (RoleInfo.java:updateAndGet(143)) - 4b487190-7547-40c7-b780-43c37a89e8eb: start LeaderElection
2019-10-18 07:54:00,509 [4b487190-7547-40c7-b780-43c37a89e8eb@group-BAC069DAEF17-LeaderElection28] INFO  impl.LeaderElection (LeaderElection.java:askForVotes(178)) - 4b487190-7547-40c7-b780-43c37a89e8eb@group-BAC069DAEF17-LeaderElection28: begin an election at term 7 for -1: [6fa005cd-25d6-4e29-bda6-9462a060c098:192.168.69.67:36093, 4b487190-7547-40c7-b780-43c37a89e8eb:192.168.69.67:39683, 3d3aac8b-d4d1-454d-bf0c-88a180692893:192.168.69.67:34429], old=null
2019-10-18 07:54:00,512 [grpc-default-executor-3] INFO  impl.RaftServerImpl (RaftServerImpl.java:setRole(184)) - 3d3aac8b-d4d1-454d-bf0c-88a180692893@group-BAC069DAEF17: changes role from  FOLLOWER to FOLLOWER at term 7 for recognizeCandidate:4b487190-7547-40c7-b780-43c37a89e8eb
2019-10-18 07:54:00,512 [grpc-default-executor-0] INFO  impl.RaftServerImpl (RaftServerImpl.java:setRole(184)) - 6fa005cd-25d6-4e29-bda6-9462a060c098@group-BAC069DAEF17: changes role from  FOLLOWER to FOLLOWER at term 7 for recognizeCandidate:4b487190-7547-40c7-b780-43c37a89e8eb
2019-10-18 07:54:00,512 [grpc-default-executor-3] INFO  impl.RoleInfo (RoleInfo.java:shutdownFollowerState(121)) - 3d3aac8b-d4d1-454d-bf0c-88a180692893: shutdown FollowerState
2019-10-18 07:54:00,512 [grpc-default-executor-0] INFO  impl.RoleInfo (RoleInfo.java:shutdownFollowerState(121)) - 6fa005cd-25d6-4e29-bda6-9462a060c098: shutdown FollowerState
2019-10-18 07:54:00,512 [Thread-459] INFO  impl.FollowerState (FollowerState.java:run(117)) - 3d3aac8b-d4d1-454d-bf0c-88a180692893@group-BAC069DAEF17-FollowerState was interrupted: java.lang.InterruptedException: sleep interrupted
2019-10-18 07:54:00,512 [grpc-default-executor-0] INFO  impl.RoleInfo (RoleInfo.java:updateAndGet(143)) - 6fa005cd-25d6-4e29-bda6-9462a060c098: start FollowerState
2019-10-18 07:54:00,512 [grpc-default-executor-3] INFO  impl.RoleInfo (RoleInfo.java:updateAndGet(143)) - 3d3aac8b-d4d1-454d-bf0c-88a180692893: start FollowerState
2019-10-18 07:54:00,512 [Thread-460] INFO  impl.FollowerState (FollowerState.java:run(117)) - 6fa005cd-25d6-4e29-bda6-9462a060c098@group-BAC069DAEF17-FollowerState was interrupted: java.lang.InterruptedException: sleep interrupted
2019-10-18 07:54:00,535 [4b487190-7547-40c7-b780-43c37a89e8eb@group-BAC069DAEF17-LeaderElection28] INFO  impl.LeaderElection (LeaderElection.java:logAndReturn(56)) - 4b487190-7547-40c7-b780-43c37a89e8eb@group-BAC069DAEF17-LeaderElection28: Election REJECTED; received 2 response(s) [4b487190-7547-40c7-b780-43c37a89e8eb<-6fa005cd-25d6-4e29-bda6-9462a060c098#0:FAIL-t7, 4b487190-7547-40c7-b780-43c37a89e8eb<-3d3aac8b-d4d1-454d-bf0c-88a180692893#0:FAIL-t7] and 0 exception(s); 4b487190-7547-40c7-b780-43c37a89e8eb@group-BAC069DAEF17:t7, leader=null, voted=4b487190-7547-40c7-b780-43c37a89e8eb, raftlog=4b487190-7547-40c7-b780-43c37a89e8eb@group-BAC069DAEF17-SegmentedRaftLog:OPENED:c-1,f-1,i0, conf=-1: [6fa005cd-25d6-4e29-bda6-9462a060c098:192.168.69.67:36093, 4b487190-7547-40c7-b780-43c37a89e8eb:192.168.69.67:39683, 3d3aac8b-d4d1-454d-bf0c-88a180692893:192.168.69.67:34429], old=null
2019-10-18 07:54:00,535 [4b487190-7547-40c7-b780-43c37a89e8eb@group-BAC069DAEF17-LeaderElection28] INFO  impl.RaftServerImpl (RaftServerImpl.java:setRole(184)) - 4b487190-7547-40c7-b780-43c37a89e8eb@group-BAC069DAEF17: changes role from CANDIDATE to FOLLOWER at term 7 for DISCOVERED_A_NEW_TERM
2019-10-18 07:54:00,535 [4b487190-7547-40c7-b780-43c37a89e8eb@group-BAC069DAEF17-LeaderElection28] INFO  impl.RoleInfo (RoleInfo.java:shutdownLeaderElection(134)) - 4b487190-7547-40c7-b780-43c37a89e8eb: shutdown LeaderElection
2019-10-18 07:54:00,535 [4b487190-7547-40c7-b780-43c37a89e8eb@group-BAC069DAEF17-LeaderElection28] INFO  impl.RoleInfo (RoleInfo.java:updateAndGet(143)) - 4b487190-7547-40c7-b780-43c37a89e8eb: start FollowerState
2019-10-18 07:54:00,536 [Thread-470] INFO  impl.FollowerState (FollowerState.java:run(108)) - 4b487190-7547-40c7-b780-43c37a89e8eb@group-BAC069DAEF17-FollowerState: change to CANDIDATE, lastRpcTime:0ms, electionTimeout:0ms
2019-10-18 07:54:00,536 [Thread-470] INFO  impl.RoleInfo (RoleInfo.java:shutdownFollowerState(121)) - 4b487190-7547-40c7-b780-43c37a89e8eb: shutdown FollowerState
2019-10-18 07:54:00,536 [Thread-470] INFO  impl.RaftServerImpl (RaftServerImpl.java:setRole(184)) - 4b487190-7547-40c7-b780-43c37a89e8eb@group-BAC069DAEF17: changes role from  FOLLOWER to CANDIDATE at term 7 for changeToCandidate
2019-10-18 07:54:00,536 [Thread-470] INFO  impl.RoleInfo (RoleInfo.java:updateAndGet(143)) - 4b487190-7547-40c7-b780-43c37a89e8eb: start LeaderElection
2019-10-18 07:54:00,549 [4b487190-7547-40c7-b780-43c37a89e8eb@group-BAC069DAEF17-LeaderElection29] INFO  impl.LeaderElection (LeaderElection.java:askForVotes(178)) - 4b487190-7547-40c7-b780-43c37a89e8eb@group-BAC069DAEF17-LeaderElection29: begin an election at term 8 for -1: [6fa005cd-25d6-4e29-bda6-9462a060c098:192.168.69.67:36093, 4b487190-7547-40c7-b780-43c37a89e8eb:192.168.69.67:39683, 3d3aac8b-d4d1-454d-bf0c-88a180692893:192.168.69.67:34429], old=null
2019-10-18 07:54:00,551 [grpc-default-executor-3] INFO  impl.RaftServerImpl (RaftServerImpl.java:setRole(184)) - 6fa005cd-25d6-4e29-bda6-9462a060c098@group-BAC069DAEF17: changes role from  FOLLOWER to FOLLOWER at term 8 for recognizeCandidate:4b487190-7547-40c7-b780-43c37a89e8eb
2019-10-18 07:54:00,551 [grpc-default-executor-3] INFO  impl.RoleInfo (RoleInfo.java:shutdownFollowerState(121)) - 6fa005cd-25d6-4e29-bda6-9462a060c098: shutdown FollowerState
2019-10-18 07:54:00,551 [grpc-default-executor-0] INFO  impl.RaftServerImpl (RaftServerImpl.java:setRole(184)) - 3d3aac8b-d4d1-454d-bf0c-88a180692893@group-BAC069DAEF17: changes role from  FOLLOWER to FOLLOWER at term 8 for recognizeCandidate:4b487190-7547-40c7-b780-43c37a89e8eb
2019-10-18 07:54:00,551 [Thread-469] INFO  impl.FollowerState (FollowerState.java:run(117)) - 6fa005cd-25d6-4e29-bda6-9462a060c098@group-BAC069DAEF17-FollowerState was interrupted: java.lang.InterruptedException: sleep interrupted
2019-10-18 07:54:00,551 [grpc-default-executor-3] INFO  impl.RoleInfo (RoleInfo.java:updateAndGet(143)) - 6fa005cd-25d6-4e29-bda6-9462a060c098: start FollowerState
2019-10-18 07:54:00,551 [grpc-default-executor-0] INFO  impl.RoleInfo (RoleInfo.java:shutdownFollowerState(121)) - 3d3aac8b-d4d1-454d-bf0c-88a180692893: shutdown FollowerState
2019-10-18 07:54:00,552 [grpc-default-executor-0] INFO  impl.RoleInfo (RoleInfo.java:updateAndGet(143)) - 3d3aac8b-d4d1-454d-bf0c-88a180692893: start FollowerState
2019-10-18 07:54:00,552 [Thread-468] INFO  impl.FollowerState (FollowerState.java:run(117)) - 3d3aac8b-d4d1-454d-bf0c-88a180692893@group-BAC069DAEF17-FollowerState was interrupted: java.lang.InterruptedException: sleep interrupted
2019-10-18 07:54:00,566 [4b487190-7547-40c7-b780-43c37a89e8eb@group-BAC069DAEF17-LeaderElection29] INFO  impl.LeaderElection (LeaderElection.java:logAndReturn(56)) - 4b487190-7547-40c7-b780-43c37a89e8eb@group-BAC069DAEF17-LeaderElection29: Election REJECTED; received 2 response(s) [4b487190-7547-40c7-b780-43c37a89e8eb<-6fa005cd-25d6-4e29-bda6-9462a060c098#0:FAIL-t8, 4b487190-7547-40c7-b780-43c37a89e8eb<-3d3aac8b-d4d1-454d-bf0c-88a180692893#0:FAIL-t8] and 0 exception(s); 4b487190-7547-40c7-b780-43c37a89e8eb@group-BAC069DAEF17:t8, leader=null, voted=4b487190-7547-40c7-b780-43c37a89e8eb, raftlog=4b487190-7547-40c7-b780-43c37a89e8eb@group-BAC069DAEF17-SegmentedRaftLog:OPENED:c-1,f-1,i0, conf=-1: [6fa005cd-25d6-4e29-bda6-9462a060c098:192.168.69.67:36093, 4b487190-7547-40c7-b780-43c37a89e8eb:192.168.69.67:39683, 3d3aac8b-d4d1-454d-bf0c-88a180692893:192.168.69.67:34429], old=null
2019-10-18 07:54:00,566 [4b487190-7547-40c7-b780-43c37a89e8eb@group-BAC069DAEF17-LeaderElection29] INFO  impl.RaftServerImpl (RaftServerImpl.java:setRole(184)) - 4b487190-7547-40c7-b780-43c37a89e8eb@group-BAC069DAEF17: changes role from CANDIDATE to FOLLOWER at term 8 for DISCOVERED_A_NEW_TERM
2019-10-18 07:54:00,566 [4b487190-7547-40c7-b780-43c37a89e8eb@group-BAC069DAEF17-LeaderElection29] INFO  impl.RoleInfo (RoleInfo.java:shutdownLeaderElection(134)) - 4b487190-7547-40c7-b780-43c37a89e8eb: shutdown LeaderElection
2019-10-18 07:54:00,567 [4b487190-7547-40c7-b780-43c37a89e8eb@group-BAC069DAEF17-LeaderElection29] INFO  impl.RoleInfo (RoleInfo.java:updateAndGet(143)) - 4b487190-7547-40c7-b780-43c37a89e8eb: start FollowerState
2019-10-18 07:54:00,625 [Thread-476] INFO  impl.FollowerState (FollowerState.java:run(108)) - 4b487190-7547-40c7-b780-43c37a89e8eb@group-BAC069DAEF17-FollowerState: change to CANDIDATE, lastRpcTime:58ms, electionTimeout:58ms
2019-10-18 07:54:00,625 [Thread-476] INFO  impl.RoleInfo (RoleInfo.java:shutdownFollowerState(121)) - 4b487190-7547-40c7-b780-43c37a89e8eb: shutdown FollowerState
2019-10-18 07:54:00,625 [Thread-476] INFO  impl.RaftServerImpl (RaftServerImpl.java:setRole(184)) - 4b487190-7547-40c7-b780-43c37a89e8eb@group-BAC069DAEF17: changes role from  FOLLOWER to CANDIDATE at term 8 for changeToCandidate
2019-10-18 07:54:00,626 [Thread-476] INFO  impl.RoleInfo (RoleInfo.java:updateAndGet(143)) - 4b487190-7547-40c7-b780-43c37a89e8eb: start LeaderElection
2019-10-18 07:54:00,639 [4b487190-7547-40c7-b780-43c37a89e8eb@group-BAC069DAEF17-LeaderElection30] INFO  impl.LeaderElection (LeaderElection.java:askForVotes(178)) - 4b487190-7547-40c7-b780-43c37a89e8eb@group-BAC069DAEF17-LeaderElection30: begin an election at term 9 for -1: [6fa005cd-25d6-4e29-bda6-9462a060c098:192.168.69.67:36093, 4b487190-7547-40c7-b780-43c37a89e8eb:192.168.69.67:39683, 3d3aac8b-d4d1-454d-bf0c-88a180692893:192.168.69.67:34429], old=null
2019-10-18 07:54:00,643 [grpc-default-executor-0] INFO  impl.RaftServerImpl (RaftServerImpl.java:setRole(184)) - 6fa005cd-25d6-4e29-bda6-9462a060c098@group-BAC069DAEF17: changes role from  FOLLOWER to FOLLOWER at term 9 for recognizeCandidate:4b487190-7547-40c7-b780-43c37a89e8eb
2019-10-18 07:54:00,643 [grpc-default-executor-0] INFO  impl.RoleInfo (RoleInfo.java:shutdownFollowerState(121)) - 6fa005cd-25d6-4e29-bda6-9462a060c098: shutdown FollowerState
2019-10-18 07:54:00,643 [grpc-default-executor-3] INFO  impl.RaftServerImpl (RaftServerImpl.java:setRole(184)) - 3d3aac8b-d4d1-454d-bf0c-88a180692893@group-BAC069DAEF17: changes role from  FOLLOWER to FOLLOWER at term 9 for recognizeCandidate:4b487190-7547-40c7-b780-43c37a89e8eb
2019-10-18 07:54:00,643 [grpc-default-executor-3] INFO  impl.RoleInfo (RoleInfo.java:shutdownFollowerState(121)) - 3d3aac8b-d4d1-454d-bf0c-88a180692893: shutdown FollowerState
2019-10-18 07:54:00,643 [Thread-474] INFO  impl.FollowerState (FollowerState.java:run(117)) - 6fa005cd-25d6-4e29-bda6-9462a060c098@group-BAC069DAEF17-FollowerState was interrupted: java.lang.InterruptedException: sleep interrupted
2019-10-18 07:54:00,643 [grpc-default-executor-0] INFO  impl.RoleInfo (RoleInfo.java:updateAndGet(143)) - 6fa005cd-25d6-4e29-bda6-9462a060c098: start FollowerState
2019-10-18 07:54:00,644 [Thread-475] INFO  impl.FollowerState (FollowerState.java:run(117)) - 3d3aac8b-d4d1-454d-bf0c-88a180692893@group-BAC069DAEF17-FollowerState was interrupted: java.lang.InterruptedException: sleep interrupted
2019-10-18 07:54:00,644 [grpc-default-executor-3] INFO  impl.RoleInfo (RoleInfo.java:updateAndGet(143)) - 3d3aac8b-d4d1-454d-bf0c-88a180692893: start FollowerState
2019-10-18 07:54:00,647 [4b487190-7547-40c7-b780-43c37a89e8eb@group-BAC069DAEF17-LeaderElection30] INFO  impl.LeaderElection (LeaderElection.java:logAndReturn(56)) - 4b487190-7547-40c7-b780-43c37a89e8eb@group-BAC069DAEF17-LeaderElection30: Election TIMEOUT; received 0 response(s) [] and 0 exception(s); 4b487190-7547-40c7-b780-43c37a89e8eb@group-BAC069DAEF17:t9, leader=null, voted=4b487190-7547-40c7-b780-43c37a89e8eb, raftlog=4b487190-7547-40c7-b780-43c37a89e8eb@group-BAC069DAEF17-SegmentedRaftLog:OPENED:c-1,f-1,i0, conf=-1: [6fa005cd-25d6-4e29-bda6-9462a060c098:192.168.69.67:36093, 4b487190-7547-40c7-b780-43c37a89e8eb:192.168.69.67:39683, 3d3aac8b-d4d1-454d-bf0c-88a180692893:192.168.69.67:34429], old=null
2019-10-18 07:54:00,671 [4b487190-7547-40c7-b780-43c37a89e8eb@group-BAC069DAEF17-LeaderElection30] INFO  impl.LeaderElection (LeaderElection.java:askForVotes(178)) - 4b487190-7547-40c7-b780-43c37a89e8eb@group-BAC069DAEF17-LeaderElection30: begin an election at term 10 for -1: [6fa005cd-25d6-4e29-bda6-9462a060c098:192.168.69.67:36093, 4b487190-7547-40c7-b780-43c37a89e8eb:192.168.69.67:39683, 3d3aac8b-d4d1-454d-bf0c-88a180692893:192.168.69.67:34429], old=null
2019-10-18 07:54:00,675 [grpc-default-executor-3] INFO  impl.RaftServerImpl (RaftServerImpl.java:setRole(184)) - 6fa005cd-25d6-4e29-bda6-9462a060c098@group-BAC069DAEF17: changes role from  FOLLOWER to FOLLOWER at term 10 for recognizeCandidate:4b487190-7547-40c7-b780-43c37a89e8eb
2019-10-18 07:54:00,675 [grpc-default-executor-3] INFO  impl.RoleInfo (RoleInfo.java:shutdownFollowerState(121)) - 6fa005cd-25d6-4e29-bda6-9462a060c098: shutdown FollowerState
2019-10-18 07:54:00,675 [grpc-default-executor-0] INFO  impl.RaftServerImpl (RaftServerImpl.java:setRole(184)) - 3d3aac8b-d4d1-454d-bf0c-88a180692893@group-BAC069DAEF17: changes role from  FOLLOWER to FOLLOWER at term 10 for recognizeCandidate:4b487190-7547-40c7-b780-43c37a89e8eb
2019-10-18 07:54:00,675 [Thread-480] INFO  impl.FollowerState (FollowerState.java:run(117)) - 6fa005cd-25d6-4e29-bda6-9462a060c098@group-BAC069DAEF17-FollowerState was interrupted: java.lang.InterruptedException: sleep interrupted
2019-10-18 07:54:00,675 [grpc-default-executor-3] INFO  impl.RoleInfo (RoleInfo.java:updateAndGet(143)) - 6fa005cd-25d6-4e29-bda6-9462a060c098: start FollowerState
2019-10-18 07:54:00,675 [grpc-default-executor-0] INFO  impl.RoleInfo (RoleInfo.java:shutdownFollowerState(121)) - 3d3aac8b-d4d1-454d-bf0c-88a180692893: shutdown FollowerState
2019-10-18 07:54:00,676 [grpc-default-executor-0] INFO  impl.RoleInfo (RoleInfo.java:updateAndGet(143)) - 3d3aac8b-d4d1-454d-bf0c-88a180692893: start FollowerState
2019-10-18 07:54:00,676 [Thread-481] INFO  impl.FollowerState (FollowerState.java:run(117)) - 3d3aac8b-d4d1-454d-bf0c-88a180692893@group-BAC069DAEF17-FollowerState was interrupted: java.lang.InterruptedException: sleep interrupted
2019-10-18 07:54:00,700 [4b487190-7547-40c7-b780-43c37a89e8eb@group-BAC069DAEF17-LeaderElection30] INFO  impl.LeaderElection (LeaderElection.java:logAndReturn(56)) - 4b487190-7547-40c7-b780-43c37a89e8eb@group-BAC069DAEF17-LeaderElection30: Election TIMEOUT; received 0 response(s) [] and 0 exception(s); 4b487190-7547-40c7-b780-43c37a89e8eb@group-BAC069DAEF17:t10, leader=null, voted=4b487190-7547-40c7-b780-43c37a89e8eb, raftlog=4b487190-7547-40c7-b780-43c37a89e8eb@group-BAC069DAEF17-SegmentedRaftLog:OPENED:c-1,f-1,i0, conf=-1: [6fa005cd-25d6-4e29-bda6-9462a060c098:192.168.69.67:36093, 4b487190-7547-40c7-b780-43c37a89e8eb:192.168.69.67:39683, 3d3aac8b-d4d1-454d-bf0c-88a180692893:192.168.69.67:34429], old=null
2019-10-18 07:54:00,713 [4b487190-7547-40c7-b780-43c37a89e8eb@group-BAC069DAEF17-LeaderElection30] INFO  impl.LeaderElection (LeaderElection.java:askForVotes(178)) - 4b487190-7547-40c7-b780-43c37a89e8eb@group-BAC069DAEF17-LeaderElection30: begin an election at term 11 for -1: [6fa005cd-25d6-4e29-bda6-9462a060c098:192.168.69.67:36093, 4b487190-7547-40c7-b780-43c37a89e8eb:192.168.69.67:39683, 3d3aac8b-d4d1-454d-bf0c-88a180692893:192.168.69.67:34429], old=null
2019-10-18 07:54:00,717 [grpc-default-executor-0] INFO  impl.RaftServerImpl (RaftServerImpl.java:setRole(184)) - 6fa005cd-25d6-4e29-bda6-9462a060c098@group-BAC069DAEF17: changes role from  FOLLOWER to FOLLOWER at term 11 for recognizeCandidate:4b487190-7547-40c7-b780-43c37a89e8eb
2019-10-18 07:54:00,717 [grpc-default-executor-3] INFO  impl.RaftServerImpl (RaftServerImpl.java:setRole(184)) - 3d3aac8b-d4d1-454d-bf0c-88a180692893@group-BAC069DAEF17: changes role from  FOLLOWER to FOLLOWER at term 11 for recognizeCandidate:4b487190-7547-40c7-b780-43c37a89e8eb
2019-10-18 07:54:00,717 [grpc-default-executor-0] INFO  impl.RoleInfo (RoleInfo.java:shutdownFollowerState(121)) - 6fa005cd-25d6-4e29-bda6-9462a060c098: shutdown FollowerState
2019-10-18 07:54:00,717 [grpc-default-executor-3] INFO  impl.RoleInfo (RoleInfo.java:shutdownFollowerState(121)) - 3d3aac8b-d4d1-454d-bf0c-88a180692893: shutdown FollowerState
2019-10-18 07:54:00,717 [Thread-484] INFO  impl.FollowerState (FollowerState.java:run(117)) - 6fa005cd-25d6-4e29-bda6-9462a060c098@group-BAC069DAEF17-FollowerState was interrupted: java.lang.InterruptedException: sleep interrupted
2019-10-18 07:54:00,717 [grpc-default-executor-0] INFO  impl.RoleInfo (RoleInfo.java:updateAndGet(143)) - 6fa005cd-25d6-4e29-bda6-9462a060c098: start FollowerState
2019-10-18 07:54:00,718 [grpc-default-executor-3] INFO  impl.RoleInfo (RoleInfo.java:updateAndGet(143)) - 3d3aac8b-d4d1-454d-bf0c-88a180692893: start FollowerState
2019-10-18 07:54:00,718 [Thread-485] INFO  impl.FollowerState (FollowerState.java:run(117)) - 3d3aac8b-d4d1-454d-bf0c-88a180692893@group-BAC069DAEF17-FollowerState was interrupted: java.lang.InterruptedException: sleep interrupted
2019-10-18 07:54:00,749 [4b487190-7547-40c7-b780-43c37a89e8eb@group-BAC069DAEF17-LeaderElection30] INFO  impl.LeaderElection (LeaderElection.java:logAndReturn(56)) - 4b487190-7547-40c7-b780-43c37a89e8eb@group-BAC069DAEF17-LeaderElection30: Election REJECTED; received 2 response(s) [4b487190-7547-40c7-b780-43c37a89e8eb<-6fa005cd-25d6-4e29-bda6-9462a060c098#0:FAIL-t11, 4b487190-7547-40c7-b780-43c37a89e8eb<-3d3aac8b-d4d1-454d-bf0c-88a180692893#0:FAIL-t11] and 0 exception(s); 4b487190-7547-40c7-b780-43c37a89e8eb@group-BAC069DAEF17:t11, leader=null, voted=4b487190-7547-40c7-b780-43c37a89e8eb, raftlog=4b487190-7547-40c7-b780-43c37a89e8eb@group-BAC069DAEF17-SegmentedRaftLog:OPENED:c-1,f-1,i0, conf=-1: [6fa005cd-25d6-4e29-bda6-9462a060c098:192.168.69.67:36093, 4b487190-7547-40c7-b780-43c37a89e8eb:192.168.69.67:39683, 3d3aac8b-d4d1-454d-bf0c-88a180692893:192.168.69.67:34429], old=null
2019-10-18 07:54:00,749 [4b487190-7547-40c7-b780-43c37a89e8eb@group-BAC069DAEF17-LeaderElection30] INFO  impl.RaftServerImpl (RaftServerImpl.java:setRole(184)) - 4b487190-7547-40c7-b780-43c37a89e8eb@group-BAC069DAEF17: changes role from CANDIDATE to FOLLOWER at term 11 for DISCOVERED_A_NEW_TERM
2019-10-18 07:54:00,749 [4b487190-7547-40c7-b780-43c37a89e8eb@group-BAC069DAEF17-LeaderElection30] INFO  impl.RoleInfo (RoleInfo.java:shutdownLeaderElection(134)) - 4b487190-7547-40c7-b780-43c37a89e8eb: shutdown LeaderElection
2019-10-18 07:54:00,750 [4b487190-7547-40c7-b780-43c37a89e8eb@group-BAC069DAEF17-LeaderElection30] INFO  impl.RoleInfo (RoleInfo.java:updateAndGet(143)) - 4b487190-7547-40c7-b780-43c37a89e8eb: start FollowerState
2019-10-18 07:54:00,766 [Thread-490] INFO  impl.FollowerState (FollowerState.java:run(108)) - 4b487190-7547-40c7-b780-43c37a89e8eb@group-BAC069DAEF17-FollowerState: change to CANDIDATE, lastRpcTime:16ms, electionTimeout:16ms
2019-10-18 07:54:00,766 [Thread-490] INFO  impl.RoleInfo (RoleInfo.java:shutdownFollowerState(121)) - 4b487190-7547-40c7-b780-43c37a89e8eb: shutdown FollowerState
2019-10-18 07:54:00,766 [Thread-490] INFO  impl.RaftServerImpl (RaftServerImpl.java:setRole(184)) - 4b487190-7547-40c7-b780-43c37a89e8eb@group-BAC069DAEF17: changes role from  FOLLOWER to CANDIDATE at term 11 for changeToCandidate
2019-10-18 07:54:00,767 [Thread-490] INFO  impl.RoleInfo (RoleInfo.java:updateAndGet(143)) - 4b487190-7547-40c7-b780-43c37a89e8eb: start LeaderElection
2019-10-18 07:54:00,782 [4b487190-7547-40c7-b780-43c37a89e8eb@group-BAC069DAEF17-LeaderElection31] INFO  impl.LeaderElection (LeaderElection.java:askForVotes(178)) - 4b487190-7547-40c7-b780-43c37a89e8eb@group-BAC069DAEF17-LeaderElection31: begin an election at term 12 for -1: [6fa005cd-25d6-4e29-bda6-9462a060c098:192.168.69.67:36093, 4b487190-7547-40c7-b780-43c37a89e8eb:192.168.69.67:39683, 3d3aac8b-d4d1-454d-bf0c-88a180692893:192.168.69.67:34429], old=null
2019-10-18 07:54:00,785 [grpc-default-executor-0] INFO  impl.RaftServerImpl (RaftServerImpl.java:setRole(184)) - 6fa005cd-25d6-4e29-bda6-9462a060c098@group-BAC069DAEF17: changes role from  FOLLOWER to FOLLOWER at term 12 for recognizeCandidate:4b487190-7547-40c7-b780-43c37a89e8eb
2019-10-18 07:54:00,786 [grpc-default-executor-0] INFO  impl.RoleInfo (RoleInfo.java:shutdownFollowerState(121)) - 6fa005cd-25d6-4e29-bda6-9462a060c098: shutdown FollowerState
2019-10-18 07:54:00,786 [grpc-default-executor-3] INFO  impl.RaftServerImpl (RaftServerImpl.java:setRole(184)) - 3d3aac8b-d4d1-454d-bf0c-88a180692893@group-BAC069DAEF17: changes role from  FOLLOWER to FOLLOWER at term 12 for recognizeCandidate:4b487190-7547-40c7-b780-43c37a89e8eb
2019-10-18 07:54:00,786 [grpc-default-executor-0] INFO  impl.RoleInfo (RoleInfo.java:updateAndGet(143)) - 6fa005cd-25d6-4e29-bda6-9462a060c098: start FollowerState
2019-10-18 07:54:00,786 [Thread-488] INFO  impl.FollowerState (FollowerState.java:run(117)) - 6fa005cd-25d6-4e29-bda6-9462a060c098@group-BAC069DAEF17-FollowerState was interrupted: java.lang.InterruptedException: sleep interrupted
2019-10-18 07:54:00,786 [grpc-default-executor-3] INFO  impl.RoleInfo (RoleInfo.java:shutdownFollowerState(121)) - 3d3aac8b-d4d1-454d-bf0c-88a180692893: shutdown FollowerState
2019-10-18 07:54:00,787 [Thread-489] INFO  impl.FollowerState (FollowerState.java:run(117)) - 3d3aac8b-d4d1-454d-bf0c-88a180692893@group-BAC069DAEF17-FollowerState was interrupted: java.lang.InterruptedException: sleep interrupted
2019-10-18 07:54:00,787 [grpc-default-executor-3] INFO  impl.RoleInfo (RoleInfo.java:updateAndGet(143)) - 3d3aac8b-d4d1-454d-bf0c-88a180692893: start FollowerState
2019-10-18 07:54:00,804 [4b487190-7547-40c7-b780-43c37a89e8eb@group-BAC069DAEF17-LeaderElection31] INFO  impl.LeaderElection (LeaderElection.java:logAndReturn(56)) - 4b487190-7547-40c7-b780-43c37a89e8eb@group-BAC069DAEF17-LeaderElection31: Election REJECTED; received 2 response(s) [4b487190-7547-40c7-b780-43c37a89e8eb<-6fa005cd-25d6-4e29-bda6-9462a060c098#0:FAIL-t12, 4b487190-7547-40c7-b780-43c37a89e8eb<-3d3aac8b-d4d1-454d-bf0c-88a180692893#0:FAIL-t12] and 0 exception(s); 4b487190-7547-40c7-b780-43c37a89e8eb@group-BAC069DAEF17:t12, leader=null, voted=4b487190-7547-40c7-b780-43c37a89e8eb, raftlog=4b487190-7547-40c7-b780-43c37a89e8eb@group-BAC069DAEF17-SegmentedRaftLog:OPENED:c-1,f-1,i0, conf=-1: [6fa005cd-25d6-4e29-bda6-9462a060c098:192.168.69.67:36093, 4b487190-7547-40c7-b780-43c37a89e8eb:192.168.69.67:39683, 3d3aac8b-d4d1-454d-bf0c-88a180692893:192.168.69.67:34429], old=null
2019-10-18 07:54:00,804 [4b487190-7547-40c7-b780-43c37a89e8eb@group-BAC069DAEF17-LeaderElection31] INFO  impl.RaftServerImpl (RaftServerImpl.java:setRole(184)) - 4b487190-7547-40c7-b780-43c37a89e8eb@group-BAC069DAEF17: changes role from CANDIDATE to FOLLOWER at term 12 for DISCOVERED_A_NEW_TERM
2019-10-18 07:54:00,804 [4b487190-7547-40c7-b780-43c37a89e8eb@group-BAC069DAEF17-LeaderElection31] INFO  impl.RoleInfo (RoleInfo.java:shutdownLeaderElection(134)) - 4b487190-7547-40c7-b780-43c37a89e8eb: shutdown LeaderElection
2019-10-18 07:54:00,804 [4b487190-7547-40c7-b780-43c37a89e8eb@group-BAC069DAEF17-LeaderElection31] INFO  impl.RoleInfo (RoleInfo.java:updateAndGet(143)) - 4b487190-7547-40c7-b780-43c37a89e8eb: start FollowerState
2019-10-18 07:54:00,844 [Thread-496] INFO  impl.FollowerState (FollowerState.java:run(108)) - 4b487190-7547-40c7-b780-43c37a89e8eb@group-BAC069DAEF17-FollowerState: change to CANDIDATE, lastRpcTime:39ms, electionTimeout:39ms
2019-10-18 07:54:00,844 [Thread-496] INFO  impl.RoleInfo (RoleInfo.java:shutdownFollowerState(121)) - 4b487190-7547-40c7-b780-43c37a89e8eb: shutdown FollowerState
2019-10-18 07:54:00,844 [Thread-496] INFO  impl.RaftServerImpl (RaftServerImpl.java:setRole(184)) - 4b487190-7547-40c7-b780-43c37a89e8eb@group-BAC069DAEF17: changes role from  FOLLOWER to CANDIDATE at term 12 for changeToCandidate
2019-10-18 07:54:00,844 [Thread-496] INFO  impl.RoleInfo (RoleInfo.java:updateAndGet(143)) - 4b487190-7547-40c7-b780-43c37a89e8eb: start LeaderElection
2019-10-18 07:54:00,859 [4b487190-7547-40c7-b780-43c37a89e8eb@group-BAC069DAEF17-LeaderElection32] INFO  impl.LeaderElection (LeaderElection.java:askForVotes(178)) - 4b487190-7547-40c7-b780-43c37a89e8eb@group-BAC069DAEF17-LeaderElection32: begin an election at term 13 for -1: [6fa005cd-25d6-4e29-bda6-9462a060c098:192.168.69.67:36093, 4b487190-7547-40c7-b780-43c37a89e8eb:192.168.69.67:39683, 3d3aac8b-d4d1-454d-bf0c-88a180692893:192.168.69.67:34429], old=null
2019-10-18 07:54:00,863 [grpc-default-executor-3] INFO  impl.RaftServerImpl (RaftServerImpl.java:setRole(184)) - 6fa005cd-25d6-4e29-bda6-9462a060c098@group-BAC069DAEF17: changes role from  FOLLOWER to FOLLOWER at term 13 for recognizeCandidate:4b487190-7547-40c7-b780-43c37a89e8eb
2019-10-18 07:54:00,863 [grpc-default-executor-0] INFO  impl.RaftServerImpl (RaftServerImpl.java:setRole(184)) - 3d3aac8b-d4d1-454d-bf0c-88a180692893@group-BAC069DAEF17: changes role from  FOLLOWER to FOLLOWER at term 13 for recognizeCandidate:4b487190-7547-40c7-b780-43c37a89e8eb
2019-10-18 07:54:00,864 [grpc-default-executor-0] INFO  impl.RoleInfo (RoleInfo.java:shutdownFollowerState(121)) - 3d3aac8b-d4d1-454d-bf0c-88a180692893: shutdown FollowerState
2019-10-18 07:54:00,863 [grpc-default-executor-3] INFO  impl.RoleInfo (RoleInfo.java:shutdownFollowerState(121)) - 6fa005cd-25d6-4e29-bda6-9462a060c098: shutdown FollowerState
2019-10-18 07:54:00,864 [Thread-495] INFO  impl.FollowerState (FollowerState.java:run(117)) - 3d3aac8b-d4d1-454d-bf0c-88a180692893@group-BAC069DAEF17-FollowerState was interrupted: java.lang.InterruptedException: sleep interrupted
2019-10-18 07:54:00,864 [grpc-default-executor-0] INFO  impl.RoleInfo (RoleInfo.java:updateAndGet(143)) - 3d3aac8b-d4d1-454d-bf0c-88a180692893: start FollowerState
2019-10-18 07:54:00,864 [grpc-default-executor-3] INFO  impl.RoleInfo (RoleInfo.java:updateAndGet(143)) - 6fa005cd-25d6-4e29-bda6-9462a060c098: start FollowerState
2019-10-18 07:54:00,864 [Thread-494] INFO  impl.FollowerState (FollowerState.java:run(117)) - 6fa005cd-25d6-4e29-bda6-9462a060c098@group-BAC069DAEF17-FollowerState was interrupted: java.lang.InterruptedException: sleep interrupted
2019-10-18 07:54:00,881 [4b487190-7547-40c7-b780-43c37a89e8eb@group-BAC069DAEF17-LeaderElection32] INFO  impl.LeaderElection (LeaderElection.java:logAndReturn(56)) - 4b487190-7547-40c7-b780-43c37a89e8eb@group-BAC069DAEF17-LeaderElection32: Election REJECTED; received 2 response(s) [4b487190-7547-40c7-b780-43c37a89e8eb<-6fa005cd-25d6-4e29-bda6-9462a060c098#0:FAIL-t13, 4b487190-7547-40c7-b780-43c37a89e8eb<-3d3aac8b-d4d1-454d-bf0c-88a180692893#0:FAIL-t13] and 0 exception(s); 4b487190-7547-40c7-b780-43c37a89e8eb@group-BAC069DAEF17:t13, leader=null, voted=4b487190-7547-40c7-b780-43c37a89e8eb, raftlog=4b487190-7547-40c7-b780-43c37a89e8eb@group-BAC069DAEF17-SegmentedRaftLog:OPENED:c-1,f-1,i0, conf=-1: [6fa005cd-25d6-4e29-bda6-9462a060c098:192.168.69.67:36093, 4b487190-7547-40c7-b780-43c37a89e8eb:192.168.69.67:39683, 3d3aac8b-d4d1-454d-bf0c-88a180692893:192.168.69.67:34429], old=null
2019-10-18 07:54:00,882 [4b487190-7547-40c7-b780-43c37a89e8eb@group-BAC069DAEF17-LeaderElection32] INFO  impl.RaftServerImpl (RaftServerImpl.java:setRole(184)) - 4b487190-7547-40c7-b780-43c37a89e8eb@group-BAC069DAEF17: changes role from CANDIDATE to FOLLOWER at term 13 for DISCOVERED_A_NEW_TERM
2019-10-18 07:54:00,882 [4b487190-7547-40c7-b780-43c37a89e8eb@group-BAC069DAEF17-LeaderElection32] INFO  impl.RoleInfo (RoleInfo.java:shutdownLeaderElection(134)) - 4b487190-7547-40c7-b780-43c37a89e8eb: shutdown LeaderElection
2019-10-18 07:54:00,882 [4b487190-7547-40c7-b780-43c37a89e8eb@group-BAC069DAEF17-LeaderElection32] INFO  impl.RoleInfo (RoleInfo.java:updateAndGet(143)) - 4b487190-7547-40c7-b780-43c37a89e8eb: start FollowerState
2019-10-18 07:54:00,951 [Thread-502] INFO  impl.FollowerState (FollowerState.java:run(108)) - 4b487190-7547-40c7-b780-43c37a89e8eb@group-BAC069DAEF17-FollowerState: change to CANDIDATE, lastRpcTime:69ms, electionTimeout:69ms
2019-10-18 07:54:00,952 [Thread-502] INFO  impl.RoleInfo (RoleInfo.java:shutdownFollowerState(121)) - 4b487190-7547-40c7-b780-43c37a89e8eb: shutdown FollowerState
2019-10-18 07:54:00,952 [Thread-502] INFO  impl.RaftServerImpl (RaftServerImpl.java:setRole(184)) - 4b487190-7547-40c7-b780-43c37a89e8eb@group-BAC069DAEF17: changes role from  FOLLOWER to CANDIDATE at term 13 for changeToCandidate
2019-10-18 07:54:00,952 [Thread-502] INFO  impl.RoleInfo (RoleInfo.java:updateAndGet(143)) - 4b487190-7547-40c7-b780-43c37a89e8eb: start LeaderElection
2019-10-18 07:54:00,966 [4b487190-7547-40c7-b780-43c37a89e8eb@group-BAC069DAEF17-LeaderElection33] INFO  impl.LeaderElection (LeaderElection.java:askForVotes(178)) - 4b487190-7547-40c7-b780-43c37a89e8eb@group-BAC069DAEF17-LeaderElection33: begin an election at term 14 for -1: [6fa005cd-25d6-4e29-bda6-9462a060c098:192.168.69.67:36093, 4b487190-7547-40c7-b780-43c37a89e8eb:192.168.69.67:39683, 3d3aac8b-d4d1-454d-bf0c-88a180692893:192.168.69.67:34429], old=null
2019-10-18 07:54:00,970 [grpc-default-executor-3] INFO  impl.RaftServerImpl (RaftServerImpl.java:setRole(184)) - 6fa005cd-25d6-4e29-bda6-9462a060c098@group-BAC069DAEF17: changes role from  FOLLOWER to FOLLOWER at term 14 for recognizeCandidate:4b487190-7547-40c7-b780-43c37a89e8eb
2019-10-18 07:54:00,971 [grpc-default-executor-3] INFO  impl.RoleInfo (RoleInfo.java:shutdownFollowerState(121)) - 6fa005cd-25d6-4e29-bda6-9462a060c098: shutdown FollowerState
2019-10-18 07:54:00,971 [grpc-default-executor-3] INFO  impl.RoleInfo (RoleInfo.java:updateAndGet(143)) - 6fa005cd-25d6-4e29-bda6-9462a060c098: start FollowerState
2019-10-18 07:54:00,971 [Thread-501] INFO  impl.FollowerState (FollowerState.java:run(117)) - 6fa005cd-25d6-4e29-bda6-9462a060c098@group-BAC069DAEF17-FollowerState was interrupted: java.lang.InterruptedException: sleep interrupted
2019-10-18 07:54:00,971 [grpc-default-executor-0] INFO  impl.RaftServerImpl (RaftServerImpl.java:setRole(184)) - 3d3aac8b-d4d1-454d-bf0c-88a180692893@group-BAC069DAEF17: changes role from  FOLLOWER to FOLLOWER at term 14 for recognizeCandidate:4b487190-7547-40c7-b780-43c37a89e8eb
2019-10-18 07:54:00,971 [grpc-default-executor-0] INFO  impl.RoleInfo (RoleInfo.java:shutdownFollowerState(121)) - 3d3aac8b-d4d1-454d-bf0c-88a180692893: shutdown FollowerState
2019-10-18 07:54:00,972 [Thread-500] INFO  impl.FollowerState (FollowerState.java:run(117)) - 3d3aac8b-d4d1-454d-bf0c-88a180692893@group-BAC069DAEF17-FollowerState was interrupted: java.lang.InterruptedException: sleep interrupted
2019-10-18 07:54:00,972 [grpc-default-executor-0] INFO  impl.RoleInfo (RoleInfo.java:updateAndGet(143)) - 3d3aac8b-d4d1-454d-bf0c-88a180692893: start FollowerState
2019-10-18 07:54:00,985 [4b487190-7547-40c7-b780-43c37a89e8eb@group-BAC069DAEF17-LeaderElection33] INFO  impl.LeaderElection (LeaderElection.java:logAndReturn(56)) - 4b487190-7547-40c7-b780-43c37a89e8eb@group-BAC069DAEF17-LeaderElection33: Election REJECTED; received 2 response(s) [4b487190-7547-40c7-b780-43c37a89e8eb<-6fa005cd-25d6-4e29-bda6-9462a060c098#0:FAIL-t14, 4b487190-7547-40c7-b780-43c37a89e8eb<-3d3aac8b-d4d1-454d-bf0c-88a180692893#0:FAIL-t14] and 0 exception(s); 4b487190-7547-40c7-b780-43c37a89e8eb@group-BAC069DAEF17:t14, leader=null, voted=4b487190-7547-40c7-b780-43c37a89e8eb, raftlog=4b487190-7547-40c7-b780-43c37a89e8eb@group-BAC069DAEF17-SegmentedRaftLog:OPENED:c-1,f-1,i0, conf=-1: [6fa005cd-25d6-4e29-bda6-9462a060c098:192.168.69.67:36093, 4b487190-7547-40c7-b780-43c37a89e8eb:192.168.69.67:39683, 3d3aac8b-d4d1-454d-bf0c-88a180692893:192.168.69.67:34429], old=null
2019-10-18 07:54:00,985 [4b487190-7547-40c7-b780-43c37a89e8eb@group-BAC069DAEF17-LeaderElection33] INFO  impl.RaftServerImpl (RaftServerImpl.java:setRole(184)) - 4b487190-7547-40c7-b780-43c37a89e8eb@group-BAC069DAEF17: changes role from CANDIDATE to FOLLOWER at term 14 for DISCOVERED_A_NEW_TERM
2019-10-18 07:54:00,985 [4b487190-7547-40c7-b780-43c37a89e8eb@group-BAC069DAEF17-LeaderElection33] INFO  impl.RoleInfo (RoleInfo.java:shutdownLeaderElection(134)) - 4b487190-7547-40c7-b780-43c37a89e8eb: shutdown LeaderElection
2019-10-18 07:54:00,985 [4b487190-7547-40c7-b780-43c37a89e8eb@group-BAC069DAEF17-LeaderElection33] INFO  impl.RoleInfo (RoleInfo.java:updateAndGet(143)) - 4b487190-7547-40c7-b780-43c37a89e8eb: start FollowerState
2019-10-18 07:54:01,117 [Thread-508] INFO  impl.FollowerState (FollowerState.java:run(108)) - 4b487190-7547-40c7-b780-43c37a89e8eb@group-BAC069DAEF17-FollowerState: change to CANDIDATE, lastRpcTime:131ms, electionTimeout:131ms
2019-10-18 07:54:01,117 [Thread-508] INFO  impl.RoleInfo (RoleInfo.java:shutdownFollowerState(121)) - 4b487190-7547-40c7-b780-43c37a89e8eb: shutdown FollowerState
2019-10-18 07:54:01,117 [Thread-508] INFO  impl.RaftServerImpl (RaftServerImpl.java:setRole(184)) - 4b487190-7547-40c7-b780-43c37a89e8eb@group-BAC069DAEF17: changes role from  FOLLOWER to CANDIDATE at term 14 for changeToCandidate
2019-10-18 07:54:01,118 [Thread-508] INFO  impl.RoleInfo (RoleInfo.java:updateAndGet(143)) - 4b487190-7547-40c7-b780-43c37a89e8eb: start LeaderElection
2019-10-18 07:54:01,144 [4b487190-7547-40c7-b780-43c37a89e8eb@group-BAC069DAEF17-LeaderElection34] INFO  impl.LeaderElection (LeaderElection.java:askForVotes(178)) - 4b487190-7547-40c7-b780-43c37a89e8eb@group-BAC069DAEF17-LeaderElection34: begin an election at term 15 for -1: [6fa005cd-25d6-4e29-bda6-9462a060c098:192.168.69.67:36093, 4b487190-7547-40c7-b780-43c37a89e8eb:192.168.69.67:39683, 3d3aac8b-d4d1-454d-bf0c-88a180692893:192.168.69.67:34429], old=null
2019-10-18 07:54:01,148 [grpc-default-executor-0] INFO  impl.RaftServerImpl (RaftServerImpl.java:setRole(184)) - 6fa005cd-25d6-4e29-bda6-9462a060c098@group-BAC069DAEF17: changes role from  FOLLOWER to FOLLOWER at term 15 for recognizeCandidate:4b487190-7547-40c7-b780-43c37a89e8eb
2019-10-18 07:54:01,148 [grpc-default-executor-3] INFO  impl.RaftServerImpl (RaftServerImpl.java:setRole(184)) - 3d3aac8b-d4d1-454d-bf0c-88a180692893@group-BAC069DAEF17: changes role from  FOLLOWER to FOLLOWER at term 15 for recognizeCandidate:4b487190-7547-40c7-b780-43c37a89e8eb
2019-10-18 07:54:01,148 [grpc-default-executor-0] INFO  impl.RoleInfo (RoleInfo.java:shutdownFollowerState(121)) - 6fa005cd-25d6-4e29-bda6-9462a060c098: shutdown FollowerState
2019-10-18 07:54:01,148 [grpc-default-executor-3] INFO  impl.RoleInfo (RoleInfo.java:shutdownFollowerState(121)) - 3d3aac8b-d4d1-454d-bf0c-88a180692893: shutdown FollowerState
2019-10-18 07:54:01,149 [Thread-506] INFO  impl.FollowerState (FollowerState.java:run(117)) - 6fa005cd-25d6-4e29-bda6-9462a060c098@group-BAC069DAEF17-FollowerState was interrupted: java.lang.InterruptedException: sleep interrupted
2019-10-18 07:54:01,149 [grpc-default-executor-0] INFO  impl.RoleInfo (RoleInfo.java:updateAndGet(143)) - 6fa005cd-25d6-4e29-bda6-9462a060c098: start FollowerState
2019-10-18 07:54:01,149 [grpc-default-executor-3] INFO  impl.RoleInfo (RoleInfo.java:updateAndGet(143)) - 3d3aac8b-d4d1-454d-bf0c-88a180692893: start FollowerState
2019-10-18 07:54:01,149 [Thread-507] INFO  impl.FollowerState (FollowerState.java:run(117)) - 3d3aac8b-d4d1-454d-bf0c-88a180692893@group-BAC069DAEF17-FollowerState was interrupted: java.lang.InterruptedException: sleep interrupted
2019-10-18 07:54:01,173 [4b487190-7547-40c7-b780-43c37a89e8eb@group-BAC069DAEF17-LeaderElection34] INFO  impl.LeaderElection (LeaderElection.java:logAndReturn(56)) - 4b487190-7547-40c7-b780-43c37a89e8eb@group-BAC069DAEF17-LeaderElection34: Election REJECTED; received 2 response(s) [4b487190-7547-40c7-b780-43c37a89e8eb<-6fa005cd-25d6-4e29-bda6-9462a060c098#0:FAIL-t15, 4b487190-7547-40c7-b780-43c37a89e8eb<-3d3aac8b-d4d1-454d-bf0c-88a180692893#0:FAIL-t15] and 0 exception(s); 4b487190-7547-40c7-b780-43c37a89e8eb@group-BAC069DAEF17:t15, leader=null, voted=4b487190-7547-40c7-b780-43c37a89e8eb, raftlog=4b487190-7547-40c7-b780-43c37a89e8eb@group-BAC069DAEF17-SegmentedRaftLog:OPENED:c-1,f-1,i0, conf=-1: [6fa005cd-25d6-4e29-bda6-9462a060c098:192.168.69.67:36093, 4b487190-7547-40c7-b780-43c37a89e8eb:192.168.69.67:39683, 3d3aac8b-d4d1-454d-bf0c-88a180692893:192.168.69.67:34429], old=null
2019-10-18 07:54:01,174 [4b487190-7547-40c7-b780-43c37a89e8eb@group-BAC069DAEF17-LeaderElection34] INFO  impl.RaftServerImpl (RaftServerImpl.java:setRole(184)) - 4b487190-7547-40c7-b780-43c37a89e8eb@group-BAC069DAEF17: changes role from CANDIDATE to FOLLOWER at term 15 for DISCOVERED_A_NEW_TERM
2019-10-18 07:54:01,174 [4b487190-7547-40c7-b780-43c37a89e8eb@group-BAC069DAEF17-LeaderElection34] INFO  impl.RoleInfo (RoleInfo.java:shutdownLeaderElection(134)) - 4b487190-7547-40c7-b780-43c37a89e8eb: shutdown LeaderElection
2019-10-18 07:54:01,174 [4b487190-7547-40c7-b780-43c37a89e8eb@group-BAC069DAEF17-LeaderElection34] INFO  impl.RoleInfo (RoleInfo.java:updateAndGet(143)) - 4b487190-7547-40c7-b780-43c37a89e8eb: start FollowerState
2019-10-18 07:54:01,287 [Thread-514] INFO  impl.FollowerState (FollowerState.java:run(108)) - 4b487190-7547-40c7-b780-43c37a89e8eb@group-BAC069DAEF17-FollowerState: change to CANDIDATE, lastRpcTime:112ms, electionTimeout:112ms
2019-10-18 07:54:01,287 [Thread-514] INFO  impl.RoleInfo (RoleInfo.java:shutdownFollowerState(121)) - 4b487190-7547-40c7-b780-43c37a89e8eb: shutdown FollowerState
2019-10-18 07:54:01,287 [Thread-514] INFO  impl.RaftServerImpl (RaftServerImpl.java:setRole(184)) - 4b487190-7547-40c7-b780-43c37a89e8eb@group-BAC069DAEF17: changes role from  FOLLOWER to CANDIDATE at term 15 for changeToCandidate
2019-10-18 07:54:01,287 [Thread-514] INFO  impl.RoleInfo (RoleInfo.java:updateAndGet(143)) - 4b487190-7547-40c7-b780-43c37a89e8eb: start LeaderElection
2019-10-18 07:54:01,303 [4b487190-7547-40c7-b780-43c37a89e8eb@group-BAC069DAEF17-LeaderElection35] INFO  impl.LeaderElection (LeaderElection.java:askForVotes(178)) - 4b487190-7547-40c7-b780-43c37a89e8eb@group-BAC069DAEF17-LeaderElection35: begin an election at term 16 for -1: [6fa005cd-25d6-4e29-bda6-9462a060c098:192.168.69.67:36093, 4b487190-7547-40c7-b780-43c37a89e8eb:192.168.69.67:39683, 3d3aac8b-d4d1-454d-bf0c-88a180692893:192.168.69.67:34429], old=null
2019-10-18 07:54:01,310 [grpc-default-executor-3] INFO  impl.RaftServerImpl (RaftServerImpl.java:setRole(184)) - 3d3aac8b-d4d1-454d-bf0c-88a180692893@group-BAC069DAEF17: changes role from  FOLLOWER to FOLLOWER at term 16 for recognizeCandidate:4b487190-7547-40c7-b780-43c37a89e8eb
2019-10-18 07:54:01,310 [grpc-default-executor-3] INFO  impl.RoleInfo (RoleInfo.java:shutdownFollowerState(121)) - 3d3aac8b-d4d1-454d-bf0c-88a180692893: shutdown FollowerState
2019-10-18 07:54:01,310 [grpc-default-executor-3] INFO  impl.RoleInfo (RoleInfo.java:updateAndGet(143)) - 3d3aac8b-d4d1-454d-bf0c-88a180692893: start FollowerState
2019-10-18 07:54:01,310 [Thread-513] INFO  impl.FollowerState (FollowerState.java:run(117)) - 3d3aac8b-d4d1-454d-bf0c-88a180692893@group-BAC069DAEF17-FollowerState was interrupted: java.lang.InterruptedException: sleep interrupted
2019-10-18 07:54:01,311 [grpc-default-executor-0] INFO  impl.RaftServerImpl (RaftServerImpl.java:setRole(184)) - 6fa005cd-25d6-4e29-bda6-9462a060c098@group-BAC069DAEF17: changes role from  FOLLOWER to FOLLOWER at term 16 for recognizeCandidate:4b487190-7547-40c7-b780-43c37a89e8eb
2019-10-18 07:54:01,311 [grpc-default-executor-0] INFO  impl.RoleInfo (RoleInfo.java:shutdownFollowerState(121)) - 6fa005cd-25d6-4e29-bda6-9462a060c098: shutdown FollowerState
2019-10-18 07:54:01,311 [Thread-512] INFO  impl.FollowerState (FollowerState.java:run(117)) - 6fa005cd-25d6-4e29-bda6-9462a060c098@group-BAC069DAEF17-FollowerState was interrupted: java.lang.InterruptedException: sleep interrupted
2019-10-18 07:54:01,311 [grpc-default-executor-0] INFO  impl.RoleInfo (RoleInfo.java:updateAndGet(143)) - 6fa005cd-25d6-4e29-bda6-9462a060c098: start FollowerState
2019-10-18 07:54:01,326 [4b487190-7547-40c7-b780-43c37a89e8eb@group-BAC069DAEF17-LeaderElection35] INFO  impl.LeaderElection (LeaderElection.java:logAndReturn(56)) - 4b487190-7547-40c7-b780-43c37a89e8eb@group-BAC069DAEF17-LeaderElection35: Election REJECTED; received 2 response(s) [4b487190-7547-40c7-b780-43c37a89e8eb<-6fa005cd-25d6-4e29-bda6-9462a060c098#0:FAIL-t16, 4b487190-7547-40c7-b780-43c37a89e8eb<-3d3aac8b-d4d1-454d-bf0c-88a180692893#0:FAIL-t16] and 0 exception(s); 4b487190-7547-40c7-b780-43c37a89e8eb@group-BAC069DAEF17:t16, leader=null, voted=4b487190-7547-40c7-b780-43c37a89e8eb, raftlog=4b487190-7547-40c7-b780-43c37a89e8eb@group-BAC069DAEF17-SegmentedRaftLog:OPENED:c-1,f-1,i0, conf=-1: [6fa005cd-25d6-4e29-bda6-9462a060c098:192.168.69.67:36093, 4b487190-7547-40c7-b780-43c37a89e8eb:192.168.69.67:39683, 3d3aac8b-d4d1-454d-bf0c-88a180692893:192.168.69.67:34429], old=null
2019-10-18 07:54:01,327 [4b487190-7547-40c7-b780-43c37a89e8eb@group-BAC069DAEF17-LeaderElection35] INFO  impl.RaftServerImpl (RaftServerImpl.java:setRole(184)) - 4b487190-7547-40c7-b780-43c37a89e8eb@group-BAC069DAEF17: changes role from CANDIDATE to FOLLOWER at term 16 for DISCOVERED_A_NEW_TERM
2019-10-18 07:54:01,327 [4b487190-7547-40c7-b780-43c37a89e8eb@group-BAC069DAEF17-LeaderElection35] INFO  impl.RoleInfo (RoleInfo.java:shutdownLeaderElection(134)) - 4b487190-7547-40c7-b780-43c37a89e8eb: shutdown LeaderElection
2019-10-18 07:54:01,327 [4b487190-7547-40c7-b780-43c37a89e8eb@group-BAC069DAEF17-LeaderElection35] INFO  impl.RoleInfo (RoleInfo.java:updateAndGet(143)) - 4b487190-7547-40c7-b780-43c37a89e8eb: start FollowerState
2019-10-18 07:54:01,435 [Thread-520] INFO  impl.FollowerState (FollowerState.java:run(108)) - 4b487190-7547-40c7-b780-43c37a89e8eb@group-BAC069DAEF17-FollowerState: change to CANDIDATE, lastRpcTime:107ms, electionTimeout:107ms
2019-10-18 07:54:01,436 [Thread-520] INFO  impl.RoleInfo (RoleInfo.java:shutdownFollowerState(121)) - 4b487190-7547-40c7-b780-43c37a89e8eb: shutdown FollowerState
2019-10-18 07:54:01,436 [Thread-520] INFO  impl.RaftServerImpl (RaftServerImpl.java:setRole(184)) - 4b487190-7547-40c7-b780-43c37a89e8eb@group-BAC069DAEF17: changes role from  FOLLOWER to CANDIDATE at term 16 for changeToCandidate
2019-10-18 07:54:01,436 [Thread-520] INFO  impl.RoleInfo (RoleInfo.java:updateAndGet(143)) - 4b487190-7547-40c7-b780-43c37a89e8eb: start LeaderElection
2019-10-18 07:54:01,450 [4b487190-7547-40c7-b780-43c37a89e8eb@group-BAC069DAEF17-LeaderElection36] INFO  impl.LeaderElection (LeaderElection.java:askForVotes(178)) - 4b487190-7547-40c7-b780-43c37a89e8eb@group-BAC069DAEF17-LeaderElection36: begin an election at term 17 for -1: [6fa005cd-25d6-4e29-bda6-9462a060c098:192.168.69.67:36093, 4b487190-7547-40c7-b780-43c37a89e8eb:192.168.69.67:39683, 3d3aac8b-d4d1-454d-bf0c-88a180692893:192.168.69.67:34429], old=null
2019-10-18 07:54:01,458 [grpc-default-executor-0] INFO  impl.RaftServerImpl (RaftServerImpl.java:setRole(184)) - 3d3aac8b-d4d1-454d-bf0c-88a180692893@group-BAC069DAEF17: changes role from  FOLLOWER to FOLLOWER at term 17 for recognizeCandidate:4b487190-7547-40c7-b780-43c37a89e8eb
2019-10-18 07:54:01,458 [grpc-default-executor-3] INFO  impl.RaftServerImpl (RaftServerImpl.java:setRole(184)) - 6fa005cd-25d6-4e29-bda6-9462a060c098@group-BAC069DAEF17: changes role from  FOLLOWER to FOLLOWER at term 17 for recognizeCandidate:4b487190-7547-40c7-b780-43c37a89e8eb
2019-10-18 07:54:01,459 [grpc-default-executor-0] INFO  impl.RoleInfo (RoleInfo.java:shutdownFollowerState(121)) - 3d3aac8b-d4d1-454d-bf0c-88a180692893: shutdown FollowerState
2019-10-18 07:54:01,459 [grpc-default-executor-3] INFO  impl.RoleInfo (RoleInfo.java:shutdownFollowerState(121)) - 6fa005cd-25d6-4e29-bda6-9462a060c098: shutdown FollowerState
2019-10-18 07:54:01,459 [grpc-default-executor-0] INFO  impl.RoleInfo (RoleInfo.java:updateAndGet(143)) - 3d3aac8b-d4d1-454d-bf0c-88a180692893: start FollowerState
2019-10-18 07:54:01,459 [grpc-default-executor-3] INFO  impl.RoleInfo (RoleInfo.java:updateAndGet(143)) - 6fa005cd-25d6-4e29-bda6-9462a060c098: start FollowerState
2019-10-18 07:54:01,459 [Thread-519] INFO  impl.FollowerState (FollowerState.java:run(117)) - 6fa005cd-25d6-4e29-bda6-9462a060c098@group-BAC069DAEF17-FollowerState was interrupted: java.lang.InterruptedException: sleep interrupted
2019-10-18 07:54:01,459 [Thread-518] INFO  impl.FollowerState (FollowerState.java:run(117)) - 3d3aac8b-d4d1-454d-bf0c-88a180692893@group-BAC069DAEF17-FollowerState was interrupted: java.lang.InterruptedException: sleep interrupted
2019-10-18 07:54:01,486 [4b487190-7547-40c7-b780-43c37a89e8eb@group-BAC069DAEF17-LeaderElection36] INFO  impl.LeaderElection (LeaderElection.java:logAndReturn(56)) - 4b487190-7547-40c7-b780-43c37a89e8eb@group-BAC069DAEF17-LeaderElection36: Election REJECTED; received 2 response(s) [4b487190-7547-40c7-b780-43c37a89e8eb<-6fa005cd-25d6-4e29-bda6-9462a060c098#0:FAIL-t17, 4b487190-7547-40c7-b780-43c37a89e8eb<-3d3aac8b-d4d1-454d-bf0c-88a180692893#0:FAIL-t17] and 0 exception(s); 4b487190-7547-40c7-b780-43c37a89e8eb@group-BAC069DAEF17:t17, leader=null, voted=4b487190-7547-40c7-b780-43c37a89e8eb, raftlog=4b487190-7547-40c7-b780-43c37a89e8eb@group-BAC069DAEF17-SegmentedRaftLog:OPENED:c-1,f-1,i0, conf=-1: [6fa005cd-25d6-4e29-bda6-9462a060c098:192.168.69.67:36093, 4b487190-7547-40c7-b780-43c37a89e8eb:192.168.69.67:39683, 3d3aac8b-d4d1-454d-bf0c-88a180692893:192.168.69.67:34429], old=null
2019-10-18 07:54:01,486 [4b487190-7547-40c7-b780-43c37a89e8eb@group-BAC069DAEF17-LeaderElection36] INFO  impl.RaftServerImpl (RaftServerImpl.java:setRole(184)) - 4b487190-7547-40c7-b780-43c37a89e8eb@group-BAC069DAEF17: changes role from CANDIDATE to FOLLOWER at term 17 for DISCOVERED_A_NEW_TERM
2019-10-18 07:54:01,486 [4b487190-7547-40c7-b780-43c37a89e8eb@group-BAC069DAEF17-LeaderElection36] INFO  impl.RoleInfo (RoleInfo.java:shutdownLeaderElection(134)) - 4b487190-7547-40c7-b780-43c37a89e8eb: shutdown LeaderElection
2019-10-18 07:54:01,487 [4b487190-7547-40c7-b780-43c37a89e8eb@group-BAC069DAEF17-LeaderElection36] INFO  impl.RoleInfo (RoleInfo.java:updateAndGet(143)) - 4b487190-7547-40c7-b780-43c37a89e8eb: start FollowerState
2019-10-18 07:54:01,501 [Thread-526] INFO  impl.FollowerState (FollowerState.java:run(108)) - 4b487190-7547-40c7-b780-43c37a89e8eb@group-BAC069DAEF17-FollowerState: change to CANDIDATE, lastRpcTime:14ms, electionTimeout:14ms
2019-10-18 07:54:01,501 [Thread-526] INFO  impl.RoleInfo (RoleInfo.java:shutdownFollowerState(121)) - 4b487190-7547-40c7-b780-43c37a89e8eb: shutdown FollowerState
2019-10-18 07:54:01,501 [Thread-526] INFO  impl.RaftServerImpl (RaftServerImpl.java:setRole(184)) - 4b487190-7547-40c7-b780-43c37a89e8eb@group-BAC069DAEF17: changes role from  FOLLOWER to CANDIDATE at term 17 for changeToCandidate
2019-10-18 07:54:01,502 [Thread-526] INFO  impl.RoleInfo (RoleInfo.java:updateAndGet(143)) - 4b487190-7547-40c7-b780-43c37a89e8eb: start LeaderElection
2019-10-18 07:54:01,515 [4b487190-7547-40c7-b780-43c37a89e8eb@group-BAC069DAEF17-LeaderElection37] INFO  impl.LeaderElection (LeaderElection.java:askForVotes(178)) - 4b487190-7547-40c7-b780-43c37a89e8eb@group-BAC069DAEF17-LeaderElection37: begin an election at term 18 for -1: [6fa005cd-25d6-4e29-bda6-9462a060c098:192.168.69.67:36093, 4b487190-7547-40c7-b780-43c37a89e8eb:192.168.69.67:39683, 3d3aac8b-d4d1-454d-bf0c-88a180692893:192.168.69.67:34429], old=null
2019-10-18 07:54:01,520 [grpc-default-executor-3] INFO  impl.RaftServerImpl (RaftServerImpl.java:setRole(184)) - 6fa005cd-25d6-4e29-bda6-9462a060c098@group-BAC069DAEF17: changes role from  FOLLOWER to FOLLOWER at term 18 for recognizeCandidate:4b487190-7547-40c7-b780-43c37a89e8eb
2019-10-18 07:54:01,520 [grpc-default-executor-3] INFO  impl.RoleInfo (RoleInfo.java:shutdownFollowerState(121)) - 6fa005cd-25d6-4e29-bda6-9462a060c098: shutdown FollowerState
2019-10-18 07:54:01,520 [grpc-default-executor-0] INFO  impl.RaftServerImpl (RaftServerImpl.java:setRole(184)) - 3d3aac8b-d4d1-454d-bf0c-88a180692893@group-BAC069DAEF17: changes role from  FOLLOWER to FOLLOWER at term 18 for recognizeCandidate:4b487190-7547-40c7-b780-43c37a89e8eb
2019-10-18 07:54:01,521 [Thread-525] INFO  impl.FollowerState (FollowerState.java:run(117)) - 6fa005cd-25d6-4e29-bda6-9462a060c098@group-BAC069DAEF17-FollowerState was interrupted: java.lang.InterruptedException: sleep interrupted
2019-10-18 07:54:01,521 [grpc-default-executor-3] INFO  impl.RoleInfo (RoleInfo.java:updateAndGet(143)) - 6fa005cd-25d6-4e29-bda6-9462a060c098: start FollowerState
2019-10-18 07:54:01,521 [grpc-default-executor-0] INFO  impl.RoleInfo (RoleInfo.java:shutdownFollowerState(121)) - 3d3aac8b-d4d1-454d-bf0c-88a180692893: shutdown FollowerState
2019-10-18 07:54:01,521 [Thread-524] INFO  impl.FollowerState (FollowerState.java:run(117)) - 3d3aac8b-d4d1-454d-bf0c-88a180692893@group-BAC069DAEF17-FollowerState was interrupted: java.lang.InterruptedException: sleep interrupted
2019-10-18 07:54:01,521 [grpc-default-executor-0] INFO  impl.RoleInfo (RoleInfo.java:updateAndGet(143)) - 3d3aac8b-d4d1-454d-bf0c-88a180692893: start FollowerState
2019-10-18 07:54:01,534 [4b487190-7547-40c7-b780-43c37a89e8eb@group-BAC069DAEF17-LeaderElection37] INFO  impl.LeaderElection (LeaderElection.java:logAndReturn(56)) - 4b487190-7547-40c7-b780-43c37a89e8eb@group-BAC069DAEF17-LeaderElection37: Election REJECTED; received 2 response(s) [4b487190-7547-40c7-b780-43c37a89e8eb<-6fa005cd-25d6-4e29-bda6-9462a060c098#0:FAIL-t18, 4b487190-7547-40c7-b780-43c37a89e8eb<-3d3aac8b-d4d1-454d-bf0c-88a180692893#0:FAIL-t18] and 0 exception(s); 4b487190-7547-40c7-b780-43c37a89e8eb@group-BAC069DAEF17:t18, leader=null, voted=4b487190-7547-40c7-b780-43c37a89e8eb, raftlog=4b487190-7547-40c7-b780-43c37a89e8eb@group-BAC069DAEF17-SegmentedRaftLog:OPENED:c-1,f-1,i0, conf=-1: [6fa005cd-25d6-4e29-bda6-9462a060c098:192.168.69.67:36093, 4b487190-7547-40c7-b780-43c37a89e8eb:192.168.69.67:39683, 3d3aac8b-d4d1-454d-bf0c-88a180692893:192.168.69.67:34429], old=null
2019-10-18 07:54:01,534 [4b487190-7547-40c7-b780-43c37a89e8eb@group-BAC069DAEF17-LeaderElection37] INFO  impl.RaftServerImpl (RaftServerImpl.java:setRole(184)) - 4b487190-7547-40c7-b780-43c37a89e8eb@group-BAC069DAEF17: changes role from CANDIDATE to FOLLOWER at term 18 for DISCOVERED_A_NEW_TERM
2019-10-18 07:54:01,534 [4b487190-7547-40c7-b780-43c37a89e8eb@group-BAC069DAEF17-LeaderElection37] INFO  impl.RoleInfo (RoleInfo.java:shutdownLeaderElection(134)) - 4b487190-7547-40c7-b780-43c37a89e8eb: shutdown LeaderElection
2019-10-18 07:54:01,535 [4b487190-7547-40c7-b780-43c37a89e8eb@group-BAC069DAEF17-LeaderElection37] INFO  impl.RoleInfo (RoleInfo.java:updateAndGet(143)) - 4b487190-7547-40c7-b780-43c37a89e8eb: start FollowerState
2019-10-18 07:54:01,676 [Thread-532] INFO  impl.FollowerState (FollowerState.java:run(108)) - 4b487190-7547-40c7-b780-43c37a89e8eb@group-BAC069DAEF17-FollowerState: change to CANDIDATE, lastRpcTime:141ms, electionTimeout:141ms
2019-10-18 07:54:01,676 [Thread-532] INFO  impl.RoleInfo (RoleInfo.java:shutdownFollowerState(121)) - 4b487190-7547-40c7-b780-43c37a89e8eb: shutdown FollowerState
2019-10-18 07:54:01,676 [Thread-532] INFO  impl.RaftServerImpl (RaftServerImpl.java:setRole(184)) - 4b487190-7547-40c7-b780-43c37a89e8eb@group-BAC069DAEF17: changes role from  FOLLOWER to CANDIDATE at term 18 for changeToCandidate
2019-10-18 07:54:01,676 [Thread-532] INFO  impl.RoleInfo (RoleInfo.java:updateAndGet(143)) - 4b487190-7547-40c7-b780-43c37a89e8eb: start LeaderElection
2019-10-18 07:54:01,692 [4b487190-7547-40c7-b780-43c37a89e8eb@group-BAC069DAEF17-LeaderElection38] INFO  impl.LeaderElection (LeaderElection.java:askForVotes(178)) - 4b487190-7547-40c7-b780-43c37a89e8eb@group-BAC069DAEF17-LeaderElection38: begin an election at term 19 for -1: [6fa005cd-25d6-4e29-bda6-9462a060c098:192.168.69.67:36093, 4b487190-7547-40c7-b780-43c37a89e8eb:192.168.69.67:39683, 3d3aac8b-d4d1-454d-bf0c-88a180692893:192.168.69.67:34429], old=null
2019-10-18 07:54:01,695 [grpc-default-executor-3] INFO  impl.RaftServerImpl (RaftServerImpl.java:setRole(184)) - 6fa005cd-25d6-4e29-bda6-9462a060c098@group-BAC069DAEF17: changes role from  FOLLOWER to FOLLOWER at term 19 for recognizeCandidate:4b487190-7547-40c7-b780-43c37a89e8eb
2019-10-18 07:54:01,695 [grpc-default-executor-0] INFO  impl.RaftServerImpl (RaftServerImpl.java:setRole(184)) - 3d3aac8b-d4d1-454d-bf0c-88a180692893@group-BAC069DAEF17: changes role from  FOLLOWER to FOLLOWER at term 19 for recognizeCandidate:4b487190-7547-40c7-b780-43c37a89e8eb
2019-10-18 07:54:01,695 [grpc-default-executor-3] INFO  impl.RoleInfo (RoleInfo.java:shutdownFollowerState(121)) - 6fa005cd-25d6-4e29-bda6-9462a060c098: shutdown FollowerState
2019-10-18 07:54:01,695 [grpc-default-executor-0] INFO  impl.RoleInfo (RoleInfo.java:shutdownFollowerState(121)) - 3d3aac8b-d4d1-454d-bf0c-88a180692893: shutdown FollowerState
2019-10-18 07:54:01,696 [Thread-530] INFO  impl.FollowerState (FollowerState.java:run(117)) - 6fa005cd-25d6-4e29-bda6-9462a060c098@group-BAC069DAEF17-FollowerState was interrupted: java.lang.InterruptedException: sleep interrupted
2019-10-18 07:54:01,696 [grpc-default-executor-3] INFO  impl.RoleInfo (RoleInfo.java:updateAndGet(143)) - 6fa005cd-25d6-4e29-bda6-9462a060c098: start FollowerState
2019-10-18 07:54:01,696 [Thread-531] INFO  impl.FollowerState (FollowerState.java:run(117)) - 3d3aac8b-d4d1-454d-bf0c-88a180692893@group-BAC069DAEF17-FollowerState was interrupted: java.lang.InterruptedException: sleep interrupted
2019-10-18 07:54:01,696 [grpc-default-executor-0] INFO  impl.RoleInfo (RoleInfo.java:updateAndGet(143)) - 3d3aac8b-d4d1-454d-bf0c-88a180692893: start FollowerState
2019-10-18 07:54:01,711 [4b487190-7547-40c7-b780-43c37a89e8eb@group-BAC069DAEF17-LeaderElection38] INFO  impl.LeaderElection (LeaderElection.java:logAndReturn(56)) - 4b487190-7547-40c7-b780-43c37a89e8eb@group-BAC069DAEF17-LeaderElection38: Election REJECTED; received 2 response(s) [4b487190-7547-40c7-b780-43c37a89e8eb<-6fa005cd-25d6-4e29-bda6-9462a060c098#0:FAIL-t19, 4b487190-7547-40c7-b780-43c37a89e8eb<-3d3aac8b-d4d1-454d-bf0c-88a180692893#0:FAIL-t19] and 0 exception(s); 4b487190-7547-40c7-b780-43c37a89e8eb@group-BAC069DAEF17:t19, leader=null, voted=4b487190-7547-40c7-b780-43c37a89e8eb, raftlog=4b487190-7547-40c7-b780-43c37a89e8eb@group-BAC069DAEF17-SegmentedRaftLog:OPENED:c-1,f-1,i0, conf=-1: [6fa005cd-25d6-4e29-bda6-9462a060c098:192.168.69.67:36093, 4b487190-7547-40c7-b780-43c37a89e8eb:192.168.69.67:39683, 3d3aac8b-d4d1-454d-bf0c-88a180692893:192.168.69.67:34429], old=null
2019-10-18 07:54:01,711 [4b487190-7547-40c7-b780-43c37a89e8eb@group-BAC069DAEF17-LeaderElection38] INFO  impl.RaftServerImpl (RaftServerImpl.java:setRole(184)) - 4b487190-7547-40c7-b780-43c37a89e8eb@group-BAC069DAEF17: changes role from CANDIDATE to FOLLOWER at term 19 for DISCOVERED_A_NEW_TERM
2019-10-18 07:54:01,711 [4b487190-7547-40c7-b780-43c37a89e8eb@group-BAC069DAEF17-LeaderElection38] INFO  impl.RoleInfo (RoleInfo.java:shutdownLeaderElection(134)) - 4b487190-7547-40c7-b780-43c37a89e8eb: shutdown LeaderElection
2019-10-18 07:54:01,712 [4b487190-7547-40c7-b780-43c37a89e8eb@group-BAC069DAEF17-LeaderElection38] INFO  impl.RoleInfo (RoleInfo.java:updateAndGet(143)) - 4b487190-7547-40c7-b780-43c37a89e8eb: start FollowerState
2019-10-18 07:54:01,810 [Thread-538] INFO  impl.FollowerState (FollowerState.java:run(108)) - 4b487190-7547-40c7-b780-43c37a89e8eb@group-BAC069DAEF17-FollowerState: change to CANDIDATE, lastRpcTime:98ms, electionTimeout:98ms
2019-10-18 07:54:01,810 [Thread-538] INFO  impl.RoleInfo (RoleInfo.java:shutdownFollowerState(121)) - 4b487190-7547-40c7-b780-43c37a89e8eb: shutdown FollowerState
2019-10-18 07:54:01,810 [Thread-538] INFO  impl.RaftServerImpl (RaftServerImpl.java:setRole(184)) - 4b487190-7547-40c7-b780-43c37a89e8eb@group-BAC069DAEF17: changes role from  FOLLOWER to CANDIDATE at term 19 for changeToCandidate
2019-10-18 07:54:01,811 [Thread-538] INFO  impl.RoleInfo (RoleInfo.java:updateAndGet(143)) - 4b487190-7547-40c7-b780-43c37a89e8eb: start LeaderElection
2019-10-18 07:54:01,817 [4b487190-7547-40c7-b780-43c37a89e8eb@group-BAC069DAEF17-LeaderElection39] INFO  impl.LeaderElection (LeaderElection.java:askForVotes(178)) - 4b487190-7547-40c7-b780-43c37a89e8eb@group-BAC069DAEF17-LeaderElection39: begin an election at term 20 for -1: [6fa005cd-25d6-4e29-bda6-9462a060c098:192.168.69.67:36093, 4b487190-7547-40c7-b780-43c37a89e8eb:192.168.69.67:39683, 3d3aac8b-d4d1-454d-bf0c-88a180692893:192.168.69.67:34429], old=null
2019-10-18 07:54:01,823 [grpc-default-executor-0] INFO  impl.RaftServerImpl (RaftServerImpl.java:setRole(184)) - 3d3aac8b-d4d1-454d-bf0c-88a180692893@group-BAC069DAEF17: changes role from  FOLLOWER to FOLLOWER at term 20 for recognizeCandidate:4b487190-7547-40c7-b780-43c37a89e8eb
2019-10-18 07:54:01,823 [grpc-default-executor-3] INFO  impl.RaftServerImpl (RaftServerImpl.java:setRole(184)) - 6fa005cd-25d6-4e29-bda6-9462a060c098@group-BAC069DAEF17: changes role from  FOLLOWER to FOLLOWER at term 20 for recognizeCandidate:4b487190-7547-40c7-b780-43c37a89e8eb
2019-10-18 07:54:01,823 [grpc-default-executor-0] INFO  impl.RoleInfo (RoleInfo.java:shutdownFollowerState(121)) - 3d3aac8b-d4d1-454d-bf0c-88a180692893: shutdown FollowerState
2019-10-18 07:54:01,824 [grpc-default-executor-3] INFO  impl.RoleInfo (RoleInfo.java:shutdownFollowerState(121)) - 6fa005cd-25d6-4e29-bda6-9462a060c098: shutdown FollowerState
2019-10-18 07:54:01,824 [Thread-537] INFO  impl.FollowerState (FollowerState.java:run(117)) - 3d3aac8b-d4d1-454d-bf0c-88a180692893@group-BAC069DAEF17-FollowerState was interrupted: java.lang.InterruptedException: sleep interrupted
2019-10-18 07:54:01,824 [Thread-536] INFO  impl.FollowerState (FollowerState.java:run(117)) - 6fa005cd-25d6-4e29-bda6-9462a060c098@group-BAC069DAEF17-FollowerState was interrupted: java.lang.InterruptedException: sleep interrupted
2019-10-18 07:54:01,824 [grpc-default-executor-3] INFO  impl.RoleInfo (RoleInfo.java:updateAndGet(143)) - 6fa005cd-25d6-4e29-bda6-9462a060c098: start FollowerState
2019-10-18 07:54:01,824 [grpc-default-executor-0] INFO  impl.RoleInfo (RoleInfo.java:updateAndGet(143)) - 3d3aac8b-d4d1-454d-bf0c-88a180692893: start FollowerState
2019-10-18 07:54:01,852 [4b487190-7547-40c7-b780-43c37a89e8eb@group-BAC069DAEF17-LeaderElection39] INFO  impl.LeaderElection (LeaderElection.java:logAndReturn(56)) - 4b487190-7547-40c7-b780-43c37a89e8eb@group-BAC069DAEF17-LeaderElection39: Election REJECTED; received 2 response(s) [4b487190-7547-40c7-b780-43c37a89e8eb<-6fa005cd-25d6-4e29-bda6-9462a060c098#0:FAIL-t20, 4b487190-7547-40c7-b780-43c37a89e8eb<-3d3aac8b-d4d1-454d-bf0c-88a180692893#0:FAIL-t20] and 0 exception(s); 4b487190-7547-40c7-b780-43c37a89e8eb@group-BAC069DAEF17:t20, leader=null, voted=4b487190-7547-40c7-b780-43c37a89e8eb, raftlog=4b487190-7547-40c7-b780-43c37a89e8eb@group-BAC069DAEF17-SegmentedRaftLog:OPENED:c-1,f-1,i0, conf=-1: [6fa005cd-25d6-4e29-bda6-9462a060c098:192.168.69.67:36093, 4b487190-7547-40c7-b780-43c37a89e8eb:192.168.69.67:39683, 3d3aac8b-d4d1-454d-bf0c-88a180692893:192.168.69.67:34429], old=null
2019-10-18 07:54:01,852 [4b487190-7547-40c7-b780-43c37a89e8eb@group-BAC069DAEF17-LeaderElection39] INFO  impl.RaftServerImpl (RaftServerImpl.java:setRole(184)) - 4b487190-7547-40c7-b780-43c37a89e8eb@group-BAC069DAEF17: changes role from CANDIDATE to FOLLOWER at term 20 for DISCOVERED_A_NEW_TERM
2019-10-18 07:54:01,853 [4b487190-7547-40c7-b780-43c37a89e8eb@group-BAC069DAEF17-LeaderElection39] INFO  impl.RoleInfo (RoleInfo.java:shutdownLeaderElection(134)) - 4b487190-7547-40c7-b780-43c37a89e8eb: shutdown LeaderElection
2019-10-18 07:54:01,853 [4b487190-7547-40c7-b780-43c37a89e8eb@group-BAC069DAEF17-LeaderElection39] INFO  impl.RoleInfo (RoleInfo.java:updateAndGet(143)) - 4b487190-7547-40c7-b780-43c37a89e8eb: start FollowerState
2019-10-18 07:54:01,941 [Thread-544] INFO  impl.FollowerState (FollowerState.java:run(108)) - 4b487190-7547-40c7-b780-43c37a89e8eb@group-BAC069DAEF17-FollowerState: change to CANDIDATE, lastRpcTime:88ms, electionTimeout:88ms
2019-10-18 07:54:01,942 [Thread-544] INFO  impl.RoleInfo (RoleInfo.java:shutdownFollowerState(121)) - 4b487190-7547-40c7-b780-43c37a89e8eb: shutdown FollowerState
2019-10-18 07:54:01,942 [Thread-544] INFO  impl.RaftServerImpl (RaftServerImpl.java:setRole(184)) - 4b487190-7547-40c7-b780-43c37a89e8eb@group-BAC069DAEF17: changes role from  FOLLOWER to CANDIDATE at term 20 for changeToCandidate
2019-10-18 07:54:01,942 [Thread-544] INFO  impl.RoleInfo (RoleInfo.java:updateAndGet(143)) - 4b487190-7547-40c7-b780-43c37a89e8eb: start LeaderElection
2019-10-18 07:54:01,961 [4b487190-7547-40c7-b780-43c37a89e8eb@group-BAC069DAEF17-LeaderElection40] INFO  impl.LeaderElection (LeaderElection.java:askForVotes(178)) - 4b487190-7547-40c7-b780-43c37a89e8eb@group-BAC069DAEF17-LeaderElection40: begin an election at term 21 for -1: [6fa005cd-25d6-4e29-bda6-9462a060c098:192.168.69.67:36093, 4b487190-7547-40c7-b780-43c37a89e8eb:192.168.69.67:39683, 3d3aac8b-d4d1-454d-bf0c-88a180692893:192.168.69.67:34429], old=null
2019-10-18 07:54:01,966 [grpc-default-executor-0] INFO  impl.RaftServerImpl (RaftServerImpl.java:setRole(184)) - 6fa005cd-25d6-4e29-bda6-9462a060c098@group-BAC069DAEF17: changes role from  FOLLOWER to FOLLOWER at term 21 for recognizeCandidate:4b487190-7547-40c7-b780-43c37a89e8eb
2019-10-18 07:54:01,966 [grpc-default-executor-3] INFO  impl.RaftServerImpl (RaftServerImpl.java:setRole(184)) - 3d3aac8b-d4d1-454d-bf0c-88a180692893@group-BAC069DAEF17: changes role from  FOLLOWER to FOLLOWER at term 21 for recognizeCandidate:4b487190-7547-40c7-b780-43c37a89e8eb
2019-10-18 07:54:01,966 [grpc-default-executor-0] INFO  impl.RoleInfo (RoleInfo.java:shutdownFollowerState(121)) - 6fa005cd-25d6-4e29-bda6-9462a060c098: shutdown FollowerState
2019-10-18 07:54:01,966 [grpc-default-executor-3] INFO  impl.RoleInfo (RoleInfo.java:shutdownFollowerState(121)) - 3d3aac8b-d4d1-454d-bf0c-88a180692893: shutdown FollowerState
2019-10-18 07:54:01,966 [Thread-543] INFO  impl.FollowerState (FollowerState.java:run(117)) - 6fa005cd-25d6-4e29-bda6-9462a060c098@group-BAC069DAEF17-FollowerState was interrupted: java.lang.InterruptedException: sleep interrupted
2019-10-18 07:54:01,966 [grpc-default-executor-0] INFO  impl.RoleInfo (RoleInfo.java:updateAndGet(143)) - 6fa005cd-25d6-4e29-bda6-9462a060c098: start FollowerState
2019-10-18 07:54:01,966 [grpc-default-executor-3] INFO  impl.RoleInfo (RoleInfo.java:updateAndGet(143)) - 3d3aac8b-d4d1-454d-bf0c-88a180692893: start FollowerState
2019-10-18 07:54:01,966 [Thread-542] INFO  impl.FollowerState (FollowerState.java:run(117)) - 3d3aac8b-d4d1-454d-bf0c-88a180692893@group-BAC069DAEF17-FollowerState was interrupted: java.lang.InterruptedException: sleep interrupted
2019-10-18 07:54:01,982 [4b487190-7547-40c7-b780-43c37a89e8eb@group-BAC069DAEF17-LeaderElection40] INFO  impl.LeaderElection (LeaderElection.java:logAndReturn(56)) - 4b487190-7547-40c7-b780-43c37a89e8eb@group-BAC069DAEF17-LeaderElection40: Election REJECTED; received 2 response(s) [4b487190-7547-40c7-b780-43c37a89e8eb<-6fa005cd-25d6-4e29-bda6-9462a060c098#0:FAIL-t21, 4b487190-7547-40c7-b780-43c37a89e8eb<-3d3aac8b-d4d1-454d-bf0c-88a180692893#0:FAIL-t21] and 0 exception(s); 4b487190-7547-40c7-b780-43c37a89e8eb@group-BAC069DAEF17:t21, leader=null, voted=4b487190-7547-40c7-b780-43c37a89e8eb, raftlog=4b487190-7547-40c7-b780-43c37a89e8eb@group-BAC069DAEF17-SegmentedRaftLog:OPENED:c-1,f-1,i0, conf=-1: [6fa005cd-25d6-4e29-bda6-9462a060c098:192.168.69.67:36093, 4b487190-7547-40c7-b780-43c37a89e8eb:192.168.69.67:39683, 3d3aac8b-d4d1-454d-bf0c-88a180692893:192.168.69.67:34429], old=null
2019-10-18 07:54:01,982 [4b487190-7547-40c7-b780-43c37a89e8eb@group-BAC069DAEF17-LeaderElection40] INFO  impl.RaftServerImpl (RaftServerImpl.java:setRole(184)) - 4b487190-7547-40c7-b780-43c37a89e8eb@group-BAC069DAEF17: changes role from CANDIDATE to FOLLOWER at term 21 for DISCOVERED_A_NEW_TERM
2019-10-18 07:54:01,982 [4b487190-7547-40c7-b780-43c37a89e8eb@group-BAC069DAEF17-LeaderElection40] INFO  impl.RoleInfo (RoleInfo.java:shutdownLeaderElection(134)) - 4b487190-7547-40c7-b780-43c37a89e8eb: shutdown LeaderElection
2019-10-18 07:54:01,983 [4b487190-7547-40c7-b780-43c37a89e8eb@group-BAC069DAEF17-LeaderElection40] INFO  impl.RoleInfo (RoleInfo.java:updateAndGet(143)) - 4b487190-7547-40c7-b780-43c37a89e8eb: start FollowerState
2019-10-18 07:54:02,046 [Thread-550] INFO  impl.FollowerState (FollowerState.java:run(108)) - 4b487190-7547-40c7-b780-43c37a89e8eb@group-BAC069DAEF17-FollowerState: change to CANDIDATE, lastRpcTime:63ms, electionTimeout:63ms
2019-10-18 07:54:02,046 [Thread-550] INFO  impl.RoleInfo (RoleInfo.java:shutdownFollowerState(121)) - 4b487190-7547-40c7-b780-43c37a89e8eb: shutdown FollowerState
2019-10-18 07:54:02,047 [Thread-550] INFO  impl.RaftServerImpl (RaftServerImpl.java:setRole(184)) - 4b487190-7547-40c7-b780-43c37a89e8eb@group-BAC069DAEF17: changes role from  FOLLOWER to CANDIDATE at term 21 for changeToCandidate
2019-10-18 07:54:02,047 [Thread-550] INFO  impl.RoleInfo (RoleInfo.java:updateAndGet(143)) - 4b487190-7547-40c7-b780-43c37a89e8eb: start LeaderElection
2019-10-18 07:54:02,061 [4b487190-7547-40c7-b780-43c37a89e8eb@group-BAC069DAEF17-LeaderElection41] INFO  impl.LeaderElection (LeaderElection.java:askForVotes(178)) - 4b487190-7547-40c7-b780-43c37a89e8eb@group-BAC069DAEF17-LeaderElection41: begin an election at term 22 for -1: [6fa005cd-25d6-4e29-bda6-9462a060c098:192.168.69.67:36093, 4b487190-7547-40c7-b780-43c37a89e8eb:192.168.69.67:39683, 3d3aac8b-d4d1-454d-bf0c-88a180692893:192.168.69.67:34429], old=null
2019-10-18 07:54:02,067 [grpc-default-executor-0] INFO  impl.RaftServerImpl (RaftServerImpl.java:setRole(184)) - 6fa005cd-25d6-4e29-bda6-9462a060c098@group-BAC069DAEF17: changes role from  FOLLOWER to FOLLOWER at term 22 for recognizeCandidate:4b487190-7547-40c7-b780-43c37a89e8eb
2019-10-18 07:54:02,067 [grpc-default-executor-0] INFO  impl.RoleInfo (RoleInfo.java:shutdownFollowerState(121)) - 6fa005cd-25d6-4e29-bda6-9462a060c098: shutdown FollowerState
2019-10-18 07:54:02,067 [grpc-default-executor-3] INFO  impl.RaftServerImpl (RaftServerImpl.java:setRole(184)) - 3d3aac8b-d4d1-454d-bf0c-88a180692893@group-BAC069DAEF17: changes role from  FOLLOWER to FOLLOWER at term 22 for recognizeCandidate:4b487190-7547-40c7-b780-43c37a89e8eb
2019-10-18 07:54:02,067 [Thread-548] INFO  impl.FollowerState (FollowerState.java:run(117)) - 6fa005cd-25d6-4e29-bda6-9462a060c098@group-BAC069DAEF17-FollowerState was interrupted: java.lang.InterruptedException: sleep interrupted
2019-10-18 07:54:02,067 [grpc-default-executor-0] INFO  impl.RoleInfo (RoleInfo.java:updateAndGet(143)) - 6fa005cd-25d6-4e29-bda6-9462a060c098: start FollowerState
2019-10-18 07:54:02,067 [grpc-default-executor-3] INFO  impl.RoleInfo (RoleInfo.java:shutdownFollowerState(121)) - 3d3aac8b-d4d1-454d-bf0c-88a180692893: shutdown FollowerState
2019-10-18 07:54:02,068 [Thread-549] INFO  impl.FollowerState (FollowerState.java:run(117)) - 3d3aac8b-d4d1-454d-bf0c-88a180692893@group-BAC069DAEF17-FollowerState was interrupted: java.lang.InterruptedException: sleep interrupted
2019-10-18 07:54:02,068 [grpc-default-executor-3] INFO  impl.RoleInfo (RoleInfo.java:updateAndGet(143)) - 3d3aac8b-d4d1-454d-bf0c-88a180692893: start FollowerState
2019-10-18 07:54:02,081 [4b487190-7547-40c7-b780-43c37a89e8eb@group-BAC069DAEF17-LeaderElection41] INFO  impl.LeaderElection (LeaderElection.java:logAndReturn(56)) - 4b487190-7547-40c7-b780-43c37a89e8eb@group-BAC069DAEF17-LeaderElection41: Election REJECTED; received 2 response(s) [4b487190-7547-40c7-b780-43c37a89e8eb<-6fa005cd-25d6-4e29-bda6-9462a060c098#0:FAIL-t22, 4b487190-7547-40c7-b780-43c37a89e8eb<-3d3aac8b-d4d1-454d-bf0c-88a180692893#0:FAIL-t22] and 0 exception(s); 4b487190-7547-40c7-b780-43c37a89e8eb@group-BAC069DAEF17:t22, leader=null, voted=4b487190-7547-40c7-b780-43c37a89e8eb, raftlog=4b487190-7547-40c7-b780-43c37a89e8eb@group-BAC069DAEF17-SegmentedRaftLog:OPENED:c-1,f-1,i0, conf=-1: [6fa005cd-25d6-4e29-bda6-9462a060c098:192.168.69.67:36093, 4b487190-7547-40c7-b780-43c37a89e8eb:192.168.69.67:39683, 3d3aac8b-d4d1-454d-bf0c-88a180692893:192.168.69.67:34429], old=null
2019-10-18 07:54:02,081 [4b487190-7547-40c7-b780-43c37a89e8eb@group-BAC069DAEF17-LeaderElection41] INFO  impl.RaftServerImpl (RaftServerImpl.java:setRole(184)) - 4b487190-7547-40c7-b780-43c37a89e8eb@group-BAC069DAEF17: changes role from CANDIDATE to FOLLOWER at term 22 for DISCOVERED_A_NEW_TERM
2019-10-18 07:54:02,081 [4b487190-7547-40c7-b780-43c37a89e8eb@group-BAC069DAEF17-LeaderElection41] INFO  impl.RoleInfo (RoleInfo.java:shutdownLeaderElection(134)) - 4b487190-7547-40c7-b780-43c37a89e8eb: shutdown LeaderElection
2019-10-18 07:54:02,081 [4b487190-7547-40c7-b780-43c37a89e8eb@group-BAC069DAEF17-LeaderElection41] INFO  impl.RoleInfo (RoleInfo.java:updateAndGet(143)) - 4b487190-7547-40c7-b780-43c37a89e8eb: start FollowerState
2019-10-18 07:54:02,104 [Thread-556] INFO  impl.FollowerState (FollowerState.java:run(108)) - 4b487190-7547-40c7-b780-43c37a89e8eb@group-BAC069DAEF17-FollowerState: change to CANDIDATE, lastRpcTime:22ms, electionTimeout:22ms
2019-10-18 07:54:02,104 [Thread-556] INFO  impl.RoleInfo (RoleInfo.java:shutdownFollowerState(121)) - 4b487190-7547-40c7-b780-43c37a89e8eb: shutdown FollowerState
2019-10-18 07:54:02,104 [Thread-556] INFO  impl.RaftServerImpl (RaftServerImpl.java:setRole(184)) - 4b487190-7547-40c7-b780-43c37a89e8eb@group-BAC069DAEF17: changes role from  FOLLOWER to CANDIDATE at term 22 for changeToCandidate
2019-10-18 07:54:02,104 [Thread-556] INFO  impl.RoleInfo (RoleInfo.java:updateAndGet(143)) - 4b487190-7547-40c7-b780-43c37a89e8eb: start LeaderElection
2019-10-18 07:54:02,128 [4b487190-7547-40c7-b780-43c37a89e8eb@group-BAC069DAEF17-LeaderElection42] INFO  impl.LeaderElection (LeaderElection.java:askForVotes(178)) - 4b487190-7547-40c7-b780-43c37a89e8eb@group-BAC069DAEF17-LeaderElection42: begin an election at term 23 for -1: [6fa005cd-25d6-4e29-bda6-9462a060c098:192.168.69.67:36093, 4b487190-7547-40c7-b780-43c37a89e8eb:192.168.69.67:39683, 3d3aac8b-d4d1-454d-bf0c-88a180692893:192.168.69.67:34429], old=null
2019-10-18 07:54:02,132 [grpc-default-executor-3] INFO  impl.RaftServerImpl (RaftServerImpl.java:setRole(184)) - 3d3aac8b-d4d1-454d-bf0c-88a180692893@group-BAC069DAEF17: changes role from  FOLLOWER to FOLLOWER at term 23 for recognizeCandidate:4b487190-7547-40c7-b780-43c37a89e8eb
2019-10-18 07:54:02,132 [grpc-default-executor-0] INFO  impl.RaftServerImpl (RaftServerImpl.java:setRole(184)) - 6fa005cd-25d6-4e29-bda6-9462a060c098@group-BAC069DAEF17: changes role from  FOLLOWER to FOLLOWER at term 23 for recognizeCandidate:4b487190-7547-40c7-b780-43c37a89e8eb
2019-10-18 07:54:02,132 [grpc-default-executor-3] INFO  impl.RoleInfo (RoleInfo.java:shutdownFollowerState(121)) - 3d3aac8b-d4d1-454d-bf0c-88a180692893: shutdown FollowerState
2019-10-18 07:54:02,132 [grpc-default-executor-0] INFO  impl.RoleInfo (RoleInfo.java:shutdownFollowerState(121)) - 6fa005cd-25d6-4e29-bda6-9462a060c098: shutdown FollowerState
2019-10-18 07:54:02,132 [Thread-555] INFO  impl.FollowerState (FollowerState.java:run(117)) - 3d3aac8b-d4d1-454d-bf0c-88a180692893@group-BAC069DAEF17-FollowerState was interrupted: java.lang.InterruptedException: sleep interrupted
2019-10-18 07:54:02,133 [grpc-default-executor-0] INFO  impl.RoleInfo (RoleInfo.java:updateAndGet(143)) - 6fa005cd-25d6-4e29-bda6-9462a060c098: start FollowerState
2019-10-18 07:54:02,132 [grpc-default-executor-3] INFO  impl.RoleInfo (RoleInfo.java:updateAndGet(143)) - 3d3aac8b-d4d1-454d-bf0c-88a180692893: start FollowerState
2019-10-18 07:54:02,133 [Thread-554] INFO  impl.FollowerState (FollowerState.java:run(117)) - 6fa005cd-25d6-4e29-bda6-9462a060c098@group-BAC069DAEF17-FollowerState was interrupted: java.lang.InterruptedException: sleep interrupted
2019-10-18 07:54:02,157 [4b487190-7547-40c7-b780-43c37a89e8eb@group-BAC069DAEF17-LeaderElection42] INFO  impl.LeaderElection (LeaderElection.java:logAndReturn(56)) - 4b487190-7547-40c7-b780-43c37a89e8eb@group-BAC069DAEF17-LeaderElection42: Election REJECTED; received 2 response(s) [4b487190-7547-40c7-b780-43c37a89e8eb<-6fa005cd-25d6-4e29-bda6-9462a060c098#0:FAIL-t23, 4b487190-7547-40c7-b780-43c37a89e8eb<-3d3aac8b-d4d1-454d-bf0c-88a180692893#0:FAIL-t23] and 0 exception(s); 4b487190-7547-40c7-b780-43c37a89e8eb@group-BAC069DAEF17:t23, leader=null, voted=4b487190-7547-40c7-b780-43c37a89e8eb, raftlog=4b487190-7547-40c7-b780-43c37a89e8eb@group-BAC069DAEF17-SegmentedRaftLog:OPENED:c-1,f-1,i0, conf=-1: [6fa005cd-25d6-4e29-bda6-9462a060c098:192.168.69.67:36093, 4b487190-7547-40c7-b780-43c37a89e8eb:192.168.69.67:39683, 3d3aac8b-d4d1-454d-bf0c-88a180692893:192.168.69.67:34429], old=null
2019-10-18 07:54:02,157 [4b487190-7547-40c7-b780-43c37a89e8eb@group-BAC069DAEF17-LeaderElection42] INFO  impl.RaftServerImpl (RaftServerImpl.java:setRole(184)) - 4b487190-7547-40c7-b780-43c37a89e8eb@group-BAC069DAEF17: changes role from CANDIDATE to FOLLOWER at term 23 for DISCOVERED_A_NEW_TERM
2019-10-18 07:54:02,158 [4b487190-7547-40c7-b780-43c37a89e8eb@group-BAC069DAEF17-LeaderElection42] INFO  impl.RoleInfo (RoleInfo.java:shutdownLeaderElection(134)) - 4b487190-7547-40c7-b780-43c37a89e8eb: shutdown LeaderElection
2019-10-18 07:54:02,158 [4b487190-7547-40c7-b780-43c37a89e8eb@group-BAC069DAEF17-LeaderElection42] INFO  impl.RoleInfo (RoleInfo.java:updateAndGet(143)) - 4b487190-7547-40c7-b780-43c37a89e8eb: start FollowerState
2019-10-18 07:54:02,280 [Thread-562] INFO  impl.FollowerState (FollowerState.java:run(108)) - 4b487190-7547-40c7-b780-43c37a89e8eb@group-BAC069DAEF17-FollowerState: change to CANDIDATE, lastRpcTime:122ms, electionTimeout:122ms
2019-10-18 07:54:02,280 [Thread-562] INFO  impl.RoleInfo (RoleInfo.java:shutdownFollowerState(121)) - 4b487190-7547-40c7-b780-43c37a89e8eb: shutdown FollowerState
2019-10-18 07:54:02,281 [Thread-562] INFO  impl.RaftServerImpl (RaftServerImpl.java:setRole(184)) - 4b487190-7547-40c7-b780-43c37a89e8eb@group-BAC069DAEF17: changes role from  FOLLOWER to CANDIDATE at term 23 for changeToCandidate
2019-10-18 07:54:02,281 [Thread-562] INFO  impl.RoleInfo (RoleInfo.java:updateAndGet(143)) - 4b487190-7547-40c7-b780-43c37a89e8eb: start LeaderElection
2019-10-18 07:54:02,307 [4b487190-7547-40c7-b780-43c37a89e8eb@group-BAC069DAEF17-LeaderElection43] INFO  impl.LeaderElection (LeaderElection.java:askForVotes(178)) - 4b487190-7547-40c7-b780-43c37a89e8eb@group-BAC069DAEF17-LeaderElection43: begin an election at term 24 for -1: [6fa005cd-25d6-4e29-bda6-9462a060c098:192.168.69.67:36093, 4b487190-7547-40c7-b780-43c37a89e8eb:192.168.69.67:39683, 3d3aac8b-d4d1-454d-bf0c-88a180692893:192.168.69.67:34429], old=null
2019-10-18 07:54:02,322 [grpc-default-executor-0] INFO  impl.RaftServerImpl (RaftServerImpl.java:setRole(184)) - 6fa005cd-25d6-4e29-bda6-9462a060c098@group-BAC069DAEF17: changes role from  FOLLOWER to FOLLOWER at term 24 for recognizeCandidate:4b487190-7547-40c7-b780-43c37a89e8eb
2019-10-18 07:54:02,322 [grpc-default-executor-3] INFO  impl.RaftServerImpl (RaftServerImpl.java:setRole(184)) - 3d3aac8b-d4d1-454d-bf0c-88a180692893@group-BAC069DAEF17: changes role from  FOLLOWER to FOLLOWER at term 24 for recognizeCandidate:4b487190-7547-40c7-b780-43c37a89e8eb
2019-10-18 07:54:02,322 [grpc-default-executor-0] INFO  impl.RoleInfo (RoleInfo.java:shutdownFollowerState(121)) - 6fa005cd-25d6-4e29-bda6-9462a060c098: shutdown FollowerState
2019-10-18 07:54:02,322 [grpc-default-executor-3] INFO  impl.RoleInfo (RoleInfo.java:shutdownFollowerState(121)) - 3d3aac8b-d4d1-454d-bf0c-88a180692893: shutdown FollowerState
2019-10-18 07:54:02,323 [Thread-561] INFO  impl.FollowerState (FollowerState.java:run(117)) - 6fa005cd-25d6-4e29-bda6-9462a060c098@group-BAC069DAEF17-FollowerState was interrupted: java.lang.InterruptedException: sleep interrupted
2019-10-18 07:54:02,323 [Thread-560] INFO  impl.FollowerState (FollowerState.java:run(117)) - 3d3aac8b-d4d1-454d-bf0c-88a180692893@group-BAC069DAEF17-FollowerState was interrupted: java.lang.InterruptedException: sleep interrupted
2019-10-18 07:54:02,323 [grpc-default-executor-0] INFO  impl.RoleInfo (RoleInfo.java:updateAndGet(143)) - 6fa005cd-25d6-4e29-bda6-9462a060c098: start FollowerState
2019-10-18 07:54:02,323 [grpc-default-executor-3] INFO  impl.RoleInfo (RoleInfo.java:updateAndGet(143)) - 3d3aac8b-d4d1-454d-bf0c-88a180692893: start FollowerState
2019-10-18 07:54:02,333 [4b487190-7547-40c7-b780-43c37a89e8eb@group-BAC069DAEF17-LeaderElection43] INFO  impl.LeaderElection (LeaderElection.java:logAndReturn(56)) - 4b487190-7547-40c7-b780-43c37a89e8eb@group-BAC069DAEF17-LeaderElection43: Election REJECTED; received 2 response(s) [4b487190-7547-40c7-b780-43c37a89e8eb<-6fa005cd-25d6-4e29-bda6-9462a060c098#0:FAIL-t24, 4b487190-7547-40c7-b780-43c37a89e8eb<-3d3aac8b-d4d1-454d-bf0c-88a180692893#0:FAIL-t24] and 0 exception(s); 4b487190-7547-40c7-b780-43c37a89e8eb@group-BAC069DAEF17:t24, leader=null, voted=4b487190-7547-40c7-b780-43c37a89e8eb, raftlog=4b487190-7547-40c7-b780-43c37a89e8eb@group-BAC069DAEF17-SegmentedRaftLog:OPENED:c-1,f-1,i0, conf=-1: [6fa005cd-25d6-4e29-bda6-9462a060c098:192.168.69.67:36093, 4b487190-7547-40c7-b780-43c37a89e8eb:192.168.69.67:39683, 3d3aac8b-d4d1-454d-bf0c-88a180692893:192.168.69.67:34429], old=null
2019-10-18 07:54:02,334 [4b487190-7547-40c7-b780-43c37a89e8eb@group-BAC069DAEF17-LeaderElection43] INFO  impl.RaftServerImpl (RaftServerImpl.java:setRole(184)) - 4b487190-7547-40c7-b780-43c37a89e8eb@group-BAC069DAEF17: changes role from CANDIDATE to FOLLOWER at term 24 for DISCOVERED_A_NEW_TERM
2019-10-18 07:54:02,334 [4b487190-7547-40c7-b780-43c37a89e8eb@group-BAC069DAEF17-LeaderElection43] INFO  impl.RoleInfo (RoleInfo.java:shutdownLeaderElection(134)) - 4b487190-7547-40c7-b780-43c37a89e8eb: shutdown LeaderElection
2019-10-18 07:54:02,334 [4b487190-7547-40c7-b780-43c37a89e8eb@group-BAC069DAEF17-LeaderElection43] INFO  impl.RoleInfo (RoleInfo.java:updateAndGet(143)) - 4b487190-7547-40c7-b780-43c37a89e8eb: start FollowerState
2019-10-18 07:54:02,375 [Thread-568] INFO  impl.FollowerState (FollowerState.java:run(108)) - 4b487190-7547-40c7-b780-43c37a89e8eb@group-BAC069DAEF17-FollowerState: change to CANDIDATE, lastRpcTime:40ms, electionTimeout:40ms
2019-10-18 07:54:02,375 [Thread-568] INFO  impl.RoleInfo (RoleInfo.java:shutdownFollowerState(121)) - 4b487190-7547-40c7-b780-43c37a89e8eb: shutdown FollowerState
2019-10-18 07:54:02,375 [Thread-568] INFO  impl.RaftServerImpl (RaftServerImpl.java:setRole(184)) - 4b487190-7547-40c7-b780-43c37a89e8eb@group-BAC069DAEF17: changes role from  FOLLOWER to CANDIDATE at term 24 for changeToCandidate
2019-10-18 07:54:02,375 [Thread-568] INFO  impl.RoleInfo (RoleInfo.java:updateAndGet(143)) - 4b487190-7547-40c7-b780-43c37a89e8eb: start LeaderElection
2019-10-18 07:54:02,392 [4b487190-7547-40c7-b780-43c37a89e8eb@group-BAC069DAEF17-LeaderElection44] INFO  impl.LeaderElection (LeaderElection.java:askForVotes(178)) - 4b487190-7547-40c7-b780-43c37a89e8eb@group-BAC069DAEF17-LeaderElection44: begin an election at term 25 for -1: [6fa005cd-25d6-4e29-bda6-9462a060c098:192.168.69.67:36093, 4b487190-7547-40c7-b780-43c37a89e8eb:192.168.69.67:39683, 3d3aac8b-d4d1-454d-bf0c-88a180692893:192.168.69.67:34429], old=null
2019-10-18 07:54:02,396 [grpc-default-executor-3] INFO  impl.RaftServerImpl (RaftServerImpl.java:setRole(184)) - 6fa005cd-25d6-4e29-bda6-9462a060c098@group-BAC069DAEF17: changes role from  FOLLOWER to FOLLOWER at term 25 for recognizeCandidate:4b487190-7547-40c7-b780-43c37a89e8eb
2019-10-18 07:54:02,396 [grpc-default-executor-3] INFO  impl.RoleInfo (RoleInfo.java:shutdownFollowerState(121)) - 6fa005cd-25d6-4e29-bda6-9462a060c098: shutdown FollowerState
2019-10-18 07:54:02,396 [grpc-default-executor-3] INFO  impl.RoleInfo (RoleInfo.java:updateAndGet(143)) - 6fa005cd-25d6-4e29-bda6-9462a060c098: start FollowerState
2019-10-18 07:54:02,396 [Thread-566] INFO  impl.FollowerState (FollowerState.java:run(117)) - 6fa005cd-25d6-4e29-bda6-9462a060c098@group-BAC069DAEF17-FollowerState was interrupted: java.lang.InterruptedException: sleep interrupted
2019-10-18 07:54:02,396 [grpc-default-executor-0] INFO  impl.RaftServerImpl (RaftServerImpl.java:setRole(184)) - 3d3aac8b-d4d1-454d-bf0c-88a180692893@group-BAC069DAEF17: changes role from  FOLLOWER to FOLLOWER at term 25 for recognizeCandidate:4b487190-7547-40c7-b780-43c37a89e8eb
2019-10-18 07:54:02,397 [grpc-default-executor-0] INFO  impl.RoleInfo (RoleInfo.java:shutdownFollowerState(121)) - 3d3aac8b-d4d1-454d-bf0c-88a180692893: shutdown FollowerState
2019-10-18 07:54:02,397 [grpc-default-executor-0] INFO  impl.RoleInfo (RoleInfo.java:updateAndGet(143)) - 3d3aac8b-d4d1-454d-bf0c-88a180692893: start FollowerState
2019-10-18 07:54:02,397 [Thread-567] INFO  impl.FollowerState (FollowerState.java:run(117)) - 3d3aac8b-d4d1-454d-bf0c-88a180692893@group-BAC069DAEF17-FollowerState was interrupted: java.lang.InterruptedException: sleep interrupted
2019-10-18 07:54:02,412 [4b487190-7547-40c7-b780-43c37a89e8eb@group-BAC069DAEF17-LeaderElection44] INFO  impl.LeaderElection (LeaderElection.java:logAndReturn(56)) - 4b487190-7547-40c7-b780-43c37a89e8eb@group-BAC069DAEF17-LeaderElection44: Election REJECTED; received 2 response(s) [4b487190-7547-40c7-b780-43c37a89e8eb<-6fa005cd-25d6-4e29-bda6-9462a060c098#0:FAIL-t25, 4b487190-7547-40c7-b780-43c37a89e8eb<-3d3aac8b-d4d1-454d-bf0c-88a180692893#0:FAIL-t25] and 0 exception(s); 4b487190-7547-40c7-b780-43c37a89e8eb@group-BAC069DAEF17:t25, leader=null, voted=4b487190-7547-40c7-b780-43c37a89e8eb, raftlog=4b487190-7547-40c7-b780-43c37a89e8eb@group-BAC069DAEF17-SegmentedRaftLog:OPENED:c-1,f-1,i0, conf=-1: [6fa005cd-25d6-4e29-bda6-9462a060c098:192.168.69.67:36093, 4b487190-7547-40c7-b780-43c37a89e8eb:192.168.69.67:39683, 3d3aac8b-d4d1-454d-bf0c-88a180692893:192.168.69.67:34429], old=null
2019-10-18 07:54:02,413 [4b487190-7547-40c7-b780-43c37a89e8eb@group-BAC069DAEF17-LeaderElection44] INFO  impl.RaftServerImpl (RaftServerImpl.java:setRole(184)) - 4b487190-7547-40c7-b780-43c37a89e8eb@group-BAC069DAEF17: changes role from CANDIDATE to FOLLOWER at term 25 for DISCOVERED_A_NEW_TERM
2019-10-18 07:54:02,413 [4b487190-7547-40c7-b780-43c37a89e8eb@group-BAC069DAEF17-LeaderElection44] INFO  impl.RoleInfo (RoleInfo.java:shutdownLeaderElection(134)) - 4b487190-7547-40c7-b780-43c37a89e8eb: shutdown LeaderElection
2019-10-18 07:54:02,413 [4b487190-7547-40c7-b780-43c37a89e8eb@group-BAC069DAEF17-LeaderElection44] INFO  impl.RoleInfo (RoleInfo.java:updateAndGet(143)) - 4b487190-7547-40c7-b780-43c37a89e8eb: start FollowerState
2019-10-18 07:54:02,458 [Thread-574] INFO  impl.FollowerState (FollowerState.java:run(108)) - 4b487190-7547-40c7-b780-43c37a89e8eb@group-BAC069DAEF17-FollowerState: change to CANDIDATE, lastRpcTime:44ms, electionTimeout:44ms
2019-10-18 07:54:02,458 [Thread-574] INFO  impl.RoleInfo (RoleInfo.java:shutdownFollowerState(121)) - 4b487190-7547-40c7-b780-43c37a89e8eb: shutdown FollowerState
2019-10-18 07:54:02,458 [Thread-574] INFO  impl.RaftServerImpl (RaftServerImpl.java:setRole(184)) - 4b487190-7547-40c7-b780-43c37a89e8eb@group-BAC069DAEF17: changes role from  FOLLOWER to CANDIDATE at term 25 for changeToCandidate
2019-10-18 07:54:02,458 [Thread-574] INFO  impl.RoleInfo (RoleInfo.java:updateAndGet(143)) - 4b487190-7547-40c7-b780-43c37a89e8eb: start LeaderElection
2019-10-18 07:54:02,471 [4b487190-7547-40c7-b780-43c37a89e8eb@group-BAC069DAEF17-LeaderElection45] INFO  impl.LeaderElection (LeaderElection.java:askForVotes(178)) - 4b487190-7547-40c7-b780-43c37a89e8eb@group-BAC069DAEF17-LeaderElection45: begin an election at term 26 for -1: [6fa005cd-25d6-4e29-bda6-9462a060c098:192.168.69.67:36093, 4b487190-7547-40c7-b780-43c37a89e8eb:192.168.69.67:39683, 3d3aac8b-d4d1-454d-bf0c-88a180692893:192.168.69.67:34429], old=null
2019-10-18 07:54:02,478 [grpc-default-executor-3] INFO  impl.RaftServerImpl (RaftServerImpl.java:setRole(184)) - 6fa005cd-25d6-4e29-bda6-9462a060c098@group-BAC069DAEF17: changes role from  FOLLOWER to FOLLOWER at term 26 for recognizeCandidate:4b487190-7547-40c7-b780-43c37a89e8eb
2019-10-18 07:54:02,478 [grpc-default-executor-0] INFO  impl.RaftServerImpl (RaftServerImpl.java:setRole(184)) - 3d3aac8b-d4d1-454d-bf0c-88a180692893@group-BAC069DAEF17: changes role from  FOLLOWER to FOLLOWER at term 26 for recognizeCandidate:4b487190-7547-40c7-b780-43c37a89e8eb
2019-10-18 07:54:02,478 [grpc-default-executor-3] INFO  impl.RoleInfo (RoleInfo.java:shutdownFollowerState(121)) - 6fa005cd-25d6-4e29-bda6-9462a060c098: shutdown FollowerState
2019-10-18 07:54:02,478 [grpc-default-executor-0] INFO  impl.RoleInfo (RoleInfo.java:shutdownFollowerState(121)) - 3d3aac8b-d4d1-454d-bf0c-88a180692893: shutdown FollowerState
2019-10-18 07:54:02,479 [Thread-572] INFO  impl.FollowerState (FollowerState.java:run(117)) - 6fa005cd-25d6-4e29-bda6-9462a060c098@group-BAC069DAEF17-FollowerState was interrupted: java.lang.InterruptedException: sleep interrupted
2019-10-18 07:54:02,479 [grpc-default-executor-3] INFO  impl.RoleInfo (RoleInfo.java:updateAndGet(143)) - 6fa005cd-25d6-4e29-bda6-9462a060c098: start FollowerState
2019-10-18 07:54:02,479 [Thread-573] INFO  impl.FollowerState (FollowerState.java:run(117)) - 3d3aac8b-d4d1-454d-bf0c-88a180692893@group-BAC069DAEF17-FollowerState was interrupted: java.lang.InterruptedException: sleep interrupted
2019-10-18 07:54:02,479 [grpc-default-executor-0] INFO  impl.RoleInfo (RoleInfo.java:updateAndGet(143)) - 3d3aac8b-d4d1-454d-bf0c-88a180692893: start FollowerState
2019-10-18 07:54:02,497 [4b487190-7547-40c7-b780-43c37a89e8eb@group-BAC069DAEF17-LeaderElection45] INFO  impl.LeaderElection (LeaderElection.java:logAndReturn(56)) - 4b487190-7547-40c7-b780-43c37a89e8eb@group-BAC069DAEF17-LeaderElection45: Election REJECTED; received 2 response(s) [4b487190-7547-40c7-b780-43c37a89e8eb<-6fa005cd-25d6-4e29-bda6-9462a060c098#0:FAIL-t26, 4b487190-7547-40c7-b780-43c37a89e8eb<-3d3aac8b-d4d1-454d-bf0c-88a180692893#0:FAIL-t26] and 0 exception(s); 4b487190-7547-40c7-b780-43c37a89e8eb@group-BAC069DAEF17:t26, leader=null, voted=4b487190-7547-40c7-b780-43c37a89e8eb, raftlog=4b487190-7547-40c7-b780-43c37a89e8eb@group-BAC069DAEF17-SegmentedRaftLog:OPENED:c-1,f-1,i0, conf=-1: [6fa005cd-25d6-4e29-bda6-9462a060c098:192.168.69.67:36093, 4b487190-7547-40c7-b780-43c37a89e8eb:192.168.69.67:39683, 3d3aac8b-d4d1-454d-bf0c-88a180692893:192.168.69.67:34429], old=null
2019-10-18 07:54:02,498 [4b487190-7547-40c7-b780-43c37a89e8eb@group-BAC069DAEF17-LeaderElection45] INFO  impl.RaftServerImpl (RaftServerImpl.java:setRole(184)) - 4b487190-7547-40c7-b780-43c37a89e8eb@group-BAC069DAEF17: changes role from CANDIDATE to FOLLOWER at term 26 for DISCOVERED_A_NEW_TERM
2019-10-18 07:54:02,498 [4b487190-7547-40c7-b780-43c37a89e8eb@group-BAC069DAEF17-LeaderElection45] INFO  impl.RoleInfo (RoleInfo.java:shutdownLeaderElection(134)) - 4b487190-7547-40c7-b780-43c37a89e8eb: shutdown LeaderElection
2019-10-18 07:54:02,498 [4b487190-7547-40c7-b780-43c37a89e8eb@group-BAC069DAEF17-LeaderElection45] INFO  impl.RoleInfo (RoleInfo.java:updateAndGet(143)) - 4b487190-7547-40c7-b780-43c37a89e8eb: start FollowerState
2019-10-18 07:54:02,572 [Thread-580] INFO  impl.FollowerState (FollowerState.java:run(108)) - 4b487190-7547-40c7-b780-43c37a89e8eb@group-BAC069DAEF17-FollowerState: change to CANDIDATE, lastRpcTime:74ms, electionTimeout:74ms
2019-10-18 07:54:02,573 [Thread-580] INFO  impl.RoleInfo (RoleInfo.java:shutdownFollowerState(121)) - 4b487190-7547-40c7-b780-43c37a89e8eb: shutdown FollowerState
2019-10-18 07:54:02,573 [Thread-580] INFO  impl.RaftServerImpl (RaftServerImpl.java:setRole(184)) - 4b487190-7547-40c7-b780-43c37a89e8eb@group-BAC069DAEF17: changes role from  FOLLOWER to CANDIDATE at term 26 for changeToCandidate
2019-10-18 07:54:02,573 [Thread-580] INFO  impl.RoleInfo (RoleInfo.java:updateAndGet(143)) - 4b487190-7547-40c7-b780-43c37a89e8eb: start LeaderElection
2019-10-18 07:54:02,599 [4b487190-7547-40c7-b780-43c37a89e8eb@group-BAC069DAEF17-LeaderElection46] INFO  impl.LeaderElection (LeaderElection.java:askForVotes(178)) - 4b487190-7547-40c7-b780-43c37a89e8eb@group-BAC069DAEF17-LeaderElection46: begin an election at term 27 for -1: [6fa005cd-25d6-4e29-bda6-9462a060c098:192.168.69.67:36093, 4b487190-7547-40c7-b780-43c37a89e8eb:192.168.69.67:39683, 3d3aac8b-d4d1-454d-bf0c-88a180692893:192.168.69.67:34429], old=null
2019-10-18 07:54:02,603 [grpc-default-executor-0] INFO  impl.RaftServerImpl (RaftServerImpl.java:setRole(184)) - 3d3aac8b-d4d1-454d-bf0c-88a180692893@group-BAC069DAEF17: changes role from  FOLLOWER to FOLLOWER at term 27 for recognizeCandidate:4b487190-7547-40c7-b780-43c37a89e8eb
2019-10-18 07:54:02,603 [grpc-default-executor-3] INFO  impl.RaftServerImpl (RaftServerImpl.java:setRole(184)) - 6fa005cd-25d6-4e29-bda6-9462a060c098@group-BAC069DAEF17: changes role from  FOLLOWER to FOLLOWER at term 27 for recognizeCandidate:4b487190-7547-40c7-b780-43c37a89e8eb
2019-10-18 07:54:02,603 [grpc-default-executor-0] INFO  impl.RoleInfo (RoleInfo.java:shutdownFollowerState(121)) - 3d3aac8b-d4d1-454d-bf0c-88a180692893: shutdown FollowerState
2019-10-18 07:54:02,603 [grpc-default-executor-3] INFO  impl.RoleInfo (RoleInfo.java:shutdownFollowerState(121)) - 6fa005cd-25d6-4e29-bda6-9462a060c098: shutdown FollowerState
2019-10-18 07:54:02,604 [Thread-579] INFO  impl.FollowerState (FollowerState.java:run(117)) - 3d3aac8b-d4d1-454d-bf0c-88a180692893@group-BAC069DAEF17-FollowerState was interrupted: java.lang.InterruptedException: sleep interrupted
2019-10-18 07:54:02,603 [grpc-default-executor-0] INFO  impl.RoleInfo (RoleInfo.java:updateAndGet(143)) - 3d3aac8b-d4d1-454d-bf0c-88a180692893: start FollowerState
2019-10-18 07:54:02,604 [grpc-default-executor-3] INFO  impl.RoleInfo (RoleInfo.java:updateAndGet(143)) - 6fa005cd-25d6-4e29-bda6-9462a060c098: start FollowerState
2019-10-18 07:54:02,604 [Thread-578] INFO  impl.FollowerState (FollowerState.java:run(117)) - 6fa005cd-25d6-4e29-bda6-9462a060c098@group-BAC069DAEF17-FollowerState was interrupted: java.lang.InterruptedException: sleep interrupted
2019-10-18 07:54:02,621 [4b487190-7547-40c7-b780-43c37a89e8eb@group-BAC069DAEF17-LeaderElection46] INFO  impl.LeaderElection (LeaderElection.java:logAndReturn(56)) - 4b487190-7547-40c7-b780-43c37a89e8eb@group-BAC069DAEF17-LeaderElection46: Election REJECTED; received 2 response(s) [4b487190-7547-40c7-b780-43c37a89e8eb<-6fa005cd-25d6-4e29-bda6-9462a060c098#0:FAIL-t27, 4b487190-7547-40c7-b780-43c37a89e8eb<-3d3aac8b-d4d1-454d-bf0c-88a180692893#0:FAIL-t27] and 0 exception(s); 4b487190-7547-40c7-b780-43c37a89e8eb@group-BAC069DAEF17:t27, leader=null, voted=4b487190-7547-40c7-b780-43c37a89e8eb, raftlog=4b487190-7547-40c7-b780-43c37a89e8eb@group-BAC069DAEF17-SegmentedRaftLog:OPENED:c-1,f-1,i0, conf=-1: [6fa005cd-25d6-4e29-bda6-9462a060c098:192.168.69.67:36093, 4b487190-7547-40c7-b780-43c37a89e8eb:192.168.69.67:39683, 3d3aac8b-d4d1-454d-bf0c-88a180692893:192.168.69.67:34429], old=null
2019-10-18 07:54:02,621 [4b487190-7547-40c7-b780-43c37a89e8eb@group-BAC069DAEF17-LeaderElection46] INFO  impl.RaftServerImpl (RaftServerImpl.java:setRole(184)) - 4b487190-7547-40c7-b780-43c37a89e8eb@group-BAC069DAEF17: changes role from CANDIDATE to FOLLOWER at term 27 for DISCOVERED_A_NEW_TERM
2019-10-18 07:54:02,622 [4b487190-7547-40c7-b780-43c37a89e8eb@group-BAC069DAEF17-LeaderElection46] INFO  impl.RoleInfo (RoleInfo.java:shutdownLeaderElection(134)) - 4b487190-7547-40c7-b780-43c37a89e8eb: shutdown LeaderElection
2019-10-18 07:54:02,622 [4b487190-7547-40c7-b780-43c37a89e8eb@group-BAC069DAEF17-LeaderElection46] INFO  impl.RoleInfo (RoleInfo.java:updateAndGet(143)) - 4b487190-7547-40c7-b780-43c37a89e8eb: start FollowerState
2019-10-18 07:54:02,727 [Thread-586] INFO  impl.FollowerState (FollowerState.java:run(108)) - 4b487190-7547-40c7-b780-43c37a89e8eb@group-BAC069DAEF17-FollowerState: change to CANDIDATE, lastRpcTime:105ms, electionTimeout:105ms
2019-10-18 07:54:02,727 [Thread-586] INFO  impl.RoleInfo (RoleInfo.java:shutdownFollowerState(121)) - 4b487190-7547-40c7-b780-43c37a89e8eb: shutdown FollowerState
2019-10-18 07:54:02,728 [Thread-586] INFO  impl.RaftServerImpl (RaftServerImpl.java:setRole(184)) - 4b487190-7547-40c7-b780-43c37a89e8eb@group-BAC069DAEF17: changes role from  FOLLOWER to CANDIDATE at term 27 for changeToCandidate
2019-10-18 07:54:02,728 [Thread-586] INFO  impl.RoleInfo (RoleInfo.java:updateAndGet(143)) - 4b487190-7547-40c7-b780-43c37a89e8eb: start LeaderElection
2019-10-18 07:54:02,741 [4b487190-7547-40c7-b780-43c37a89e8eb@group-BAC069DAEF17-LeaderElection47] INFO  impl.LeaderElection (LeaderElection.java:askForVotes(178)) - 4b487190-7547-40c7-b780-43c37a89e8eb@group-BAC069DAEF17-LeaderElection47: begin an election at term 28 for -1: [6fa005cd-25d6-4e29-bda6-9462a060c098:192.168.69.67:36093, 4b487190-7547-40c7-b780-43c37a89e8eb:192.168.69.67:39683, 3d3aac8b-d4d1-454d-bf0c-88a180692893:192.168.69.67:34429], old=null
2019-10-18 07:54:02,747 [grpc-default-executor-3] INFO  impl.RaftServerImpl (RaftServerImpl.java:setRole(184)) - 3d3aac8b-d4d1-454d-bf0c-88a180692893@group-BAC069DAEF17: changes role from  FOLLOWER to FOLLOWER at term 28 for recognizeCandidate:4b487190-7547-40c7-b780-43c37a89e8eb
2019-10-18 07:54:02,747 [grpc-default-executor-0] INFO  impl.RaftServerImpl (RaftServerImpl.java:setRole(184)) - 6fa005cd-25d6-4e29-bda6-9462a060c098@group-BAC069DAEF17: changes role from  FOLLOWER to FOLLOWER at term 28 for recognizeCandidate:4b487190-7547-40c7-b780-43c37a89e8eb
2019-10-18 07:54:02,747 [grpc-default-executor-3] INFO  impl.RoleInfo (RoleInfo.java:shutdownFollowerState(121)) - 3d3aac8b-d4d1-454d-bf0c-88a180692893: shutdown FollowerState
2019-10-18 07:54:02,748 [grpc-default-executor-0] INFO  impl.RoleInfo (RoleInfo.java:shutdownFollowerState(121)) - 6fa005cd-25d6-4e29-bda6-9462a060c098: shutdown FollowerState
2019-10-18 07:54:02,748 [Thread-584] INFO  impl.FollowerState (FollowerState.java:run(117)) - 3d3aac8b-d4d1-454d-bf0c-88a180692893@group-BAC069DAEF17-FollowerState was interrupted: java.lang.InterruptedException: sleep interrupted
2019-10-18 07:54:02,748 [Thread-585] INFO  impl.FollowerState (FollowerState.java:run(117)) - 6fa005cd-25d6-4e29-bda6-9462a060c098@group-BAC069DAEF17-FollowerState was interrupted: java.lang.InterruptedException: sleep interrupted
2019-10-18 07:54:02,748 [grpc-default-executor-3] INFO  impl.RoleInfo (RoleInfo.java:updateAndGet(143)) - 3d3aac8b-d4d1-454d-bf0c-88a180692893: start FollowerState
2019-10-18 07:54:02,748 [grpc-default-executor-0] INFO  impl.RoleInfo (RoleInfo.java:updateAndGet(143)) - 6fa005cd-25d6-4e29-bda6-9462a060c098: start FollowerState
2019-10-18 07:54:02,756 [4b487190-7547-40c7-b780-43c37a89e8eb@group-BAC069DAEF17-LeaderElection47] INFO  impl.LeaderElection (LeaderElection.java:logAndReturn(56)) - 4b487190-7547-40c7-b780-43c37a89e8eb@group-BAC069DAEF17-LeaderElection47: Election REJECTED; received 2 response(s) [4b487190-7547-40c7-b780-43c37a89e8eb<-6fa005cd-25d6-4e29-bda6-9462a060c098#0:FAIL-t28, 4b487190-7547-40c7-b780-43c37a89e8eb<-3d3aac8b-d4d1-454d-bf0c-88a180692893#0:FAIL-t28] and 0 exception(s); 4b487190-7547-40c7-b780-43c37a89e8eb@group-BAC069DAEF17:t28, leader=null, voted=4b487190-7547-40c7-b780-43c37a89e8eb, raftlog=4b487190-7547-40c7-b780-43c37a89e8eb@group-BAC069DAEF17-SegmentedRaftLog:OPENED:c-1,f-1,i0, conf=-1: [6fa005cd-25d6-4e29-bda6-9462a060c098:192.168.69.67:36093, 4b487190-7547-40c7-b780-43c37a89e8eb:192.168.69.67:39683, 3d3aac8b-d4d1-454d-bf0c-88a180692893:192.168.69.67:34429], old=null
2019-10-18 07:54:02,757 [4b487190-7547-40c7-b780-43c37a89e8eb@group-BAC069DAEF17-LeaderElection47] INFO  impl.RaftServerImpl (RaftServerImpl.java:setRole(184)) - 4b487190-7547-40c7-b780-43c37a89e8eb@group-BAC069DAEF17: changes role from CANDIDATE to FOLLOWER at term 28 for DISCOVERED_A_NEW_TERM
2019-10-18 07:54:02,757 [4b487190-7547-40c7-b780-43c37a89e8eb@group-BAC069DAEF17-LeaderElection47] INFO  impl.RoleInfo (RoleInfo.java:shutdownLeaderElection(134)) - 4b487190-7547-40c7-b780-43c37a89e8eb: shutdown LeaderElection
2019-10-18 07:54:02,757 [4b487190-7547-40c7-b780-43c37a89e8eb@group-BAC069DAEF17-LeaderElection47] INFO  impl.RoleInfo (RoleInfo.java:updateAndGet(143)) - 4b487190-7547-40c7-b780-43c37a89e8eb: start FollowerState
2019-10-18 07:54:02,873 [Thread-592] INFO  impl.FollowerState (FollowerState.java:run(108)) - 4b487190-7547-40c7-b780-43c37a89e8eb@group-BAC069DAEF17-FollowerState: change to CANDIDATE, lastRpcTime:116ms, electionTimeout:116ms
2019-10-18 07:54:02,874 [Thread-592] INFO  impl.RoleInfo (RoleInfo.java:shutdownFollowerState(121)) - 4b487190-7547-40c7-b780-43c37a89e8eb: shutdown FollowerState
2019-10-18 07:54:02,874 [Thread-592] INFO  impl.RaftServerImpl (RaftServerImpl.java:setRole(184)) - 4b487190-7547-40c7-b780-43c37a89e8eb@group-BAC069DAEF17: changes role from  FOLLOWER to CANDIDATE at term 28 for changeToCandidate
2019-10-18 07:54:02,874 [Thread-592] INFO  impl.RoleInfo (RoleInfo.java:updateAndGet(143)) - 4b487190-7547-40c7-b780-43c37a89e8eb: start LeaderElection
2019-10-18 07:54:02,899 [4b487190-7547-40c7-b780-43c37a89e8eb@group-BAC069DAEF17-LeaderElection48] INFO  impl.LeaderElection (LeaderElection.java:askForVotes(178)) - 4b487190-7547-40c7-b780-43c37a89e8eb@group-BAC069DAEF17-LeaderElection48: begin an election at term 29 for -1: [6fa005cd-25d6-4e29-bda6-9462a060c098:192.168.69.67:36093, 4b487190-7547-40c7-b780-43c37a89e8eb:192.168.69.67:39683, 3d3aac8b-d4d1-454d-bf0c-88a180692893:192.168.69.67:34429], old=null
2019-10-18 07:54:02,902 [grpc-default-executor-0] INFO  impl.RaftServerImpl (RaftServerImpl.java:setRole(184)) - 6fa005cd-25d6-4e29-bda6-9462a060c098@group-BAC069DAEF17: changes role from  FOLLOWER to FOLLOWER at term 29 for recognizeCandidate:4b487190-7547-40c7-b780-43c37a89e8eb
2019-10-18 07:54:02,902 [grpc-default-executor-3] INFO  impl.RaftServerImpl (RaftServerImpl.java:setRole(184)) - 3d3aac8b-d4d1-454d-bf0c-88a180692893@group-BAC069DAEF17: changes role from  FOLLOWER to FOLLOWER at term 29 for recognizeCandidate:4b487190-7547-40c7-b780-43c37a89e8eb
2019-10-18 07:54:02,903 [grpc-default-executor-0] INFO  impl.RoleInfo (RoleInfo.java:shutdownFollowerState(121)) - 6fa005cd-25d6-4e29-bda6-9462a060c098: shutdown FollowerState
2019-10-18 07:54:02,903 [grpc-default-executor-3] INFO  impl.RoleInfo (RoleInfo.java:shutdownFollowerState(121)) - 3d3aac8b-d4d1-454d-bf0c-88a180692893: shutdown FollowerState
2019-10-18 07:54:02,903 [Thread-591] INFO  impl.FollowerState (FollowerState.java:run(117)) - 6fa005cd-25d6-4e29-bda6-9462a060c098@group-BAC069DAEF17-FollowerState was interrupted: java.lang.InterruptedException: sleep interrupted
2019-10-18 07:54:02,903 [grpc-default-executor-0] INFO  impl.RoleInfo (RoleInfo.java:updateAndGet(143)) - 6fa005cd-25d6-4e29-bda6-9462a060c098: start FollowerState
2019-10-18 07:54:02,903 [Thread-590] INFO  impl.FollowerState (FollowerState.java:run(117)) - 3d3aac8b-d4d1-454d-bf0c-88a180692893@group-BAC069DAEF17-FollowerState was interrupted: java.lang.InterruptedException: sleep interrupted
2019-10-18 07:54:02,903 [grpc-default-executor-3] INFO  impl.RoleInfo (RoleInfo.java:updateAndGet(143)) - 3d3aac8b-d4d1-454d-bf0c-88a180692893: start FollowerState
2019-10-18 07:54:02,919 [4b487190-7547-40c7-b780-43c37a89e8eb@group-BAC069DAEF17-LeaderElection48] INFO  impl.LeaderElection (LeaderElection.java:logAndReturn(56)) - 4b487190-7547-40c7-b780-43c37a89e8eb@group-BAC069DAEF17-LeaderElection48: Election REJECTED; received 2 response(s) [4b487190-7547-40c7-b780-43c37a89e8eb<-6fa005cd-25d6-4e29-bda6-9462a060c098#0:FAIL-t29, 4b487190-7547-40c7-b780-43c37a89e8eb<-3d3aac8b-d4d1-454d-bf0c-88a180692893#0:FAIL-t29] and 0 exception(s); 4b487190-7547-40c7-b780-43c37a89e8eb@group-BAC069DAEF17:t29, leader=null, voted=4b487190-7547-40c7-b780-43c37a89e8eb, raftlog=4b487190-7547-40c7-b780-43c37a89e8eb@group-BAC069DAEF17-SegmentedRaftLog:OPENED:c-1,f-1,i0, conf=-1: [6fa005cd-25d6-4e29-bda6-9462a060c098:192.168.69.67:36093, 4b487190-7547-40c7-b780-43c37a89e8eb:192.168.69.67:39683, 3d3aac8b-d4d1-454d-bf0c-88a180692893:192.168.69.67:34429], old=null
2019-10-18 07:54:02,920 [4b487190-7547-40c7-b780-43c37a89e8eb@group-BAC069DAEF17-LeaderElection48] INFO  impl.RaftServerImpl (RaftServerImpl.java:setRole(184)) - 4b487190-7547-40c7-b780-43c37a89e8eb@group-BAC069DAEF17: changes role from CANDIDATE to FOLLOWER at term 29 for DISCOVERED_A_NEW_TERM
2019-10-18 07:54:02,920 [4b487190-7547-40c7-b780-43c37a89e8eb@group-BAC069DAEF17-LeaderElection48] INFO  impl.RoleInfo (RoleInfo.java:shutdownLeaderElection(134)) - 4b487190-7547-40c7-b780-43c37a89e8eb: shutdown LeaderElection
2019-10-18 07:54:02,920 [4b487190-7547-40c7-b780-43c37a89e8eb@group-BAC069DAEF17-LeaderElection48] INFO  impl.RoleInfo (RoleInfo.java:updateAndGet(143)) - 4b487190-7547-40c7-b780-43c37a89e8eb: start FollowerState
2019-10-18 07:54:02,931 [Thread-598] INFO  impl.FollowerState (FollowerState.java:run(108)) - 4b487190-7547-40c7-b780-43c37a89e8eb@group-BAC069DAEF17-FollowerState: change to CANDIDATE, lastRpcTime:10ms, electionTimeout:10ms
2019-10-18 07:54:02,931 [Thread-598] INFO  impl.RoleInfo (RoleInfo.java:shutdownFollowerState(121)) - 4b487190-7547-40c7-b780-43c37a89e8eb: shutdown FollowerState
2019-10-18 07:54:02,931 [Thread-598] INFO  impl.RaftServerImpl (RaftServerImpl.java:setRole(184)) - 4b487190-7547-40c7-b780-43c37a89e8eb@group-BAC069DAEF17: changes role from  FOLLOWER to CANDIDATE at term 29 for changeToCandidate
2019-10-18 07:54:02,931 [Thread-598] INFO  impl.RoleInfo (RoleInfo.java:updateAndGet(143)) - 4b487190-7547-40c7-b780-43c37a89e8eb: start LeaderElection
2019-10-18 07:54:02,945 [4b487190-7547-40c7-b780-43c37a89e8eb@group-BAC069DAEF17-LeaderElection49] INFO  impl.LeaderElection (LeaderElection.java:askForVotes(178)) - 4b487190-7547-40c7-b780-43c37a89e8eb@group-BAC069DAEF17-LeaderElection49: begin an election at term 30 for -1: [6fa005cd-25d6-4e29-bda6-9462a060c098:192.168.69.67:36093, 4b487190-7547-40c7-b780-43c37a89e8eb:192.168.69.67:39683, 3d3aac8b-d4d1-454d-bf0c-88a180692893:192.168.69.67:34429], old=null
2019-10-18 07:54:02,950 [grpc-default-executor-3] INFO  impl.RaftServerImpl (RaftServerImpl.java:setRole(184)) - 6fa005cd-25d6-4e29-bda6-9462a060c098@group-BAC069DAEF17: changes role from  FOLLOWER to FOLLOWER at term 30 for recognizeCandidate:4b487190-7547-40c7-b780-43c37a89e8eb
2019-10-18 07:54:02,950 [grpc-default-executor-3] INFO  impl.RoleInfo (RoleInfo.java:shutdownFollowerState(121)) - 6fa005cd-25d6-4e29-bda6-9462a060c098: shutdown FollowerState
2019-10-18 07:54:02,950 [grpc-default-executor-3] INFO  impl.RoleInfo (RoleInfo.java:updateAndGet(143)) - 6fa005cd-25d6-4e29-bda6-9462a060c098: start FollowerState
2019-10-18 07:54:02,950 [Thread-596] INFO  impl.FollowerState (FollowerState.java:run(117)) - 6fa005cd-25d6-4e29-bda6-9462a060c098@group-BAC069DAEF17-FollowerState was interrupted: java.lang.InterruptedException: sleep interrupted
2019-10-18 07:54:02,950 [grpc-default-executor-0] INFO  impl.RaftServerImpl (RaftServerImpl.java:setRole(184)) - 3d3aac8b-d4d1-454d-bf0c-88a180692893@group-BAC069DAEF17: changes role from  FOLLOWER to FOLLOWER at term 30 for recognizeCandidate:4b487190-7547-40c7-b780-43c37a89e8eb
2019-10-18 07:54:02,951 [grpc-default-executor-0] INFO  impl.RoleInfo (RoleInfo.java:shutdownFollowerState(121)) - 3d3aac8b-d4d1-454d-bf0c-88a180692893: shutdown FollowerState
2019-10-18 07:54:02,951 [grpc-default-executor-0] INFO  impl.RoleInfo (RoleInfo.java:updateAndGet(143)) - 3d3aac8b-d4d1-454d-bf0c-88a180692893: start FollowerState
2019-10-18 07:54:02,951 [Thread-597] INFO  impl.FollowerState (FollowerState.java:run(117)) - 3d3aac8b-d4d1-454d-bf0c-88a180692893@group-BAC069DAEF17-FollowerState was interrupted: java.lang.InterruptedException: sleep interrupted
2019-10-18 07:54:02,968 [4b487190-7547-40c7-b780-43c37a89e8eb@group-BAC069DAEF17-LeaderElection49] INFO  impl.LeaderElection (LeaderElection.java:logAndReturn(56)) - 4b487190-7547-40c7-b780-43c37a89e8eb@group-BAC069DAEF17-LeaderElection49: Election REJECTED; received 2 response(s) [4b487190-7547-40c7-b780-43c37a89e8eb<-6fa005cd-25d6-4e29-bda6-9462a060c098#0:FAIL-t30, 4b487190-7547-40c7-b780-43c37a89e8eb<-3d3aac8b-d4d1-454d-bf0c-88a180692893#0:FAIL-t30] and 0 exception(s); 4b487190-7547-40c7-b780-43c37a89e8eb@group-BAC069DAEF17:t30, leader=null, voted=4b487190-7547-40c7-b780-43c37a89e8eb, raftlog=4b487190-7547-40c7-b780-43c37a89e8eb@group-BAC069DAEF17-SegmentedRaftLog:OPENED:c-1,f-1,i0, conf=-1: [6fa005cd-25d6-4e29-bda6-9462a060c098:192.168.69.67:36093, 4b487190-7547-40c7-b780-43c37a89e8eb:192.168.69.67:39683, 3d3aac8b-d4d1-454d-bf0c-88a180692893:192.168.69.67:34429], old=null
2019-10-18 07:54:02,968 [4b487190-7547-40c7-b780-43c37a89e8eb@group-BAC069DAEF17-LeaderElection49] INFO  impl.RaftServerImpl (RaftServerImpl.java:setRole(184)) - 4b487190-7547-40c7-b780-43c37a89e8eb@group-BAC069DAEF17: changes role from CANDIDATE to FOLLOWER at term 30 for DISCOVERED_A_NEW_TERM
2019-10-18 07:54:02,968 [4b487190-7547-40c7-b780-43c37a89e8eb@group-BAC069DAEF17-LeaderElection49] INFO  impl.RoleInfo (RoleInfo.java:shutdownLeaderElection(134)) - 4b487190-7547-40c7-b780-43c37a89e8eb: shutdown LeaderElection
2019-10-18 07:54:02,968 [4b487190-7547-40c7-b780-43c37a89e8eb@group-BAC069DAEF17-LeaderElection49] INFO  impl.RoleInfo (RoleInfo.java:updateAndGet(143)) - 4b487190-7547-40c7-b780-43c37a89e8eb: start FollowerState
2019-10-18 07:54:03,038 [Thread-604] INFO  impl.FollowerState (FollowerState.java:run(108)) - 4b487190-7547-40c7-b780-43c37a89e8eb@group-BAC069DAEF17-FollowerState: change to CANDIDATE, lastRpcTime:69ms, electionTimeout:69ms
2019-10-18 07:54:03,038 [Thread-604] INFO  impl.RoleInfo (RoleInfo.java:shutdownFollowerState(121)) - 4b487190-7547-40c7-b780-43c37a89e8eb: shutdown FollowerState
2019-10-18 07:54:03,038 [Thread-604] INFO  impl.RaftServerImpl (RaftServerImpl.java:setRole(184)) - 4b487190-7547-40c7-b780-43c37a89e8eb@group-BAC069DAEF17: changes role from  FOLLOWER to CANDIDATE at term 30 for changeToCandidate
2019-10-18 07:54:03,039 [Thread-604] INFO  impl.RoleInfo (RoleInfo.java:updateAndGet(143)) - 4b487190-7547-40c7-b780-43c37a89e8eb: start LeaderElection
2019-10-18 07:54:03,054 [4b487190-7547-40c7-b780-43c37a89e8eb@group-BAC069DAEF17-LeaderElection50] INFO  impl.LeaderElection (LeaderElection.java:askForVotes(178)) - 4b487190-7547-40c7-b780-43c37a89e8eb@group-BAC069DAEF17-LeaderElection50: begin an election at term 31 for -1: [6fa005cd-25d6-4e29-bda6-9462a060c098:192.168.69.67:36093, 4b487190-7547-40c7-b780-43c37a89e8eb:192.168.69.67:39683, 3d3aac8b-d4d1-454d-bf0c-88a180692893:192.168.69.67:34429], old=null
2019-10-18 07:54:03,057 [grpc-default-executor-3] INFO  impl.RaftServerImpl (RaftServerImpl.java:setRole(184)) - 6fa005cd-25d6-4e29-bda6-9462a060c098@group-BAC069DAEF17: changes role from  FOLLOWER to FOLLOWER at term 31 for recognizeCandidate:4b487190-7547-40c7-b780-43c37a89e8eb
2019-10-18 07:54:03,058 [grpc-default-executor-3] INFO  impl.RoleInfo (RoleInfo.java:shutdownFollowerState(121)) - 6fa005cd-25d6-4e29-bda6-9462a060c098: shutdown FollowerState
2019-10-18 07:54:03,058 [grpc-default-executor-3] INFO  impl.RoleInfo (RoleInfo.java:updateAndGet(143)) - 6fa005cd-25d6-4e29-bda6-9462a060c098: start FollowerState
2019-10-18 07:54:03,058 [Thread-602] INFO  impl.FollowerState (FollowerState.java:run(117)) - 6fa005cd-25d6-4e29-bda6-9462a060c098@group-BAC069DAEF17-FollowerState was interrupted: java.lang.InterruptedException: sleep interrupted
2019-10-18 07:54:03,058 [grpc-default-executor-0] INFO  impl.RaftServerImpl (RaftServerImpl.java:setRole(184)) - 3d3aac8b-d4d1-454d-bf0c-88a180692893@group-BAC069DAEF17: changes role from  FOLLOWER to FOLLOWER at term 31 for recognizeCandidate:4b487190-7547-40c7-b780-43c37a89e8eb
2019-10-18 07:54:03,058 [grpc-default-executor-0] INFO  impl.RoleInfo (RoleInfo.java:shutdownFollowerState(121)) - 3d3aac8b-d4d1-454d-bf0c-88a180692893: shutdown FollowerState
2019-10-18 07:54:03,059 [grpc-default-executor-0] INFO  impl.RoleInfo (RoleInfo.java:updateAndGet(143)) - 3d3aac8b-d4d1-454d-bf0c-88a180692893: start FollowerState
2019-10-18 07:54:03,059 [Thread-603] INFO  impl.FollowerState (FollowerState.java:run(117)) - 3d3aac8b-d4d1-454d-bf0c-88a180692893@group-BAC069DAEF17-FollowerState was interrupted: java.lang.InterruptedException: sleep interrupted
2019-10-18 07:54:03,074 [4b487190-7547-40c7-b780-43c37a89e8eb@group-BAC069DAEF17-LeaderElection50] INFO  impl.LeaderElection (LeaderElection.java:logAndReturn(56)) - 4b487190-7547-40c7-b780-43c37a89e8eb@group-BAC069DAEF17-LeaderElection50: Election REJECTED; received 2 response(s) [4b487190-7547-40c7-b780-43c37a89e8eb<-6fa005cd-25d6-4e29-bda6-9462a060c098#0:FAIL-t31, 4b487190-7547-40c7-b780-43c37a89e8eb<-3d3aac8b-d4d1-454d-bf0c-88a180692893#0:FAIL-t31] and 0 exception(s); 4b487190-7547-40c7-b780-43c37a89e8eb@group-BAC069DAEF17:t31, leader=null, voted=4b487190-7547-40c7-b780-43c37a89e8eb, raftlog=4b487190-7547-40c7-b780-43c37a89e8eb@group-BAC069DAEF17-SegmentedRaftLog:OPENED:c-1,f-1,i0, conf=-1: [6fa005cd-25d6-4e29-bda6-9462a060c098:192.168.69.67:36093, 4b487190-7547-40c7-b780-43c37a89e8eb:192.168.69.67:39683, 3d3aac8b-d4d1-454d-bf0c-88a180692893:192.168.69.67:34429], old=null
2019-10-18 07:54:03,074 [4b487190-7547-40c7-b780-43c37a89e8eb@group-BAC069DAEF17-LeaderElection50] INFO  impl.RaftServerImpl (RaftServerImpl.java:setRole(184)) - 4b487190-7547-40c7-b780-43c37a89e8eb@group-BAC069DAEF17: changes role from CANDIDATE to FOLLOWER at term 31 for DISCOVERED_A_NEW_TERM
2019-10-18 07:54:03,074 [4b487190-7547-40c7-b780-43c37a89e8eb@group-BAC069DAEF17-LeaderElection50] INFO  impl.RoleInfo (RoleInfo.java:shutdownLeaderElection(134)) - 4b487190-7547-40c7-b780-43c37a89e8eb: shutdown LeaderElection
2019-10-18 07:54:03,074 [4b487190-7547-40c7-b780-43c37a89e8eb@group-BAC069DAEF17-LeaderElection50] INFO  impl.RoleInfo (RoleInfo.java:updateAndGet(143)) - 4b487190-7547-40c7-b780-43c37a89e8eb: start FollowerState
2019-10-18 07:54:03,268 [Thread-612] INFO  impl.FollowerState (FollowerState.java:run(108)) - 4b487190-7547-40c7-b780-43c37a89e8eb@group-BAC069DAEF17-FollowerState: change to CANDIDATE, lastRpcTime:193ms, electionTimeout:193ms
2019-10-18 07:54:03,268 [Thread-612] INFO  impl.RoleInfo (RoleInfo.java:shutdownFollowerState(121)) - 4b487190-7547-40c7-b780-43c37a89e8eb: shutdown FollowerState
2019-10-18 07:54:03,268 [Thread-612] INFO  impl.RaftServerImpl (RaftServerImpl.java:setRole(184)) - 4b487190-7547-40c7-b780-43c37a89e8eb@group-BAC069DAEF17: changes role from  FOLLOWER to CANDIDATE at term 31 for changeToCandidate
2019-10-18 07:54:03,268 [Thread-612] INFO  impl.RoleInfo (RoleInfo.java:updateAndGet(143)) - 4b487190-7547-40c7-b780-43c37a89e8eb: start LeaderElection
2019-10-18 07:54:03,294 [4b487190-7547-40c7-b780-43c37a89e8eb@group-BAC069DAEF17-LeaderElection51] INFO  impl.LeaderElection (LeaderElection.java:askForVotes(178)) - 4b487190-7547-40c7-b780-43c37a89e8eb@group-BAC069DAEF17-LeaderElection51: begin an election at term 32 for -1: [6fa005cd-25d6-4e29-bda6-9462a060c098:192.168.69.67:36093, 4b487190-7547-40c7-b780-43c37a89e8eb:192.168.69.67:39683, 3d3aac8b-d4d1-454d-bf0c-88a180692893:192.168.69.67:34429], old=null
2019-10-18 07:54:03,301 [grpc-default-executor-0] INFO  impl.RaftServerImpl (RaftServerImpl.java:setRole(184)) - 6fa005cd-25d6-4e29-bda6-9462a060c098@group-BAC069DAEF17: changes role from  FOLLOWER to FOLLOWER at term 32 for recognizeCandidate:4b487190-7547-40c7-b780-43c37a89e8eb
2019-10-18 07:54:03,301 [grpc-default-executor-3] INFO  impl.RaftServerImpl (RaftServerImpl.java:setRole(184)) - 3d3aac8b-d4d1-454d-bf0c-88a180692893@group-BAC069DAEF17: changes role from  FOLLOWER to FOLLOWER at term 32 for recognizeCandidate:4b487190-7547-40c7-b780-43c37a89e8eb
2019-10-18 07:54:03,301 [grpc-default-executor-0] INFO  impl.RoleInfo (RoleInfo.java:shutdownFollowerState(121)) - 6fa005cd-25d6-4e29-bda6-9462a060c098: shutdown FollowerState
2019-10-18 07:54:03,301 [grpc-default-executor-3] INFO  impl.RoleInfo (RoleInfo.java:shutdownFollowerState(121)) - 3d3aac8b-d4d1-454d-bf0c-88a180692893: shutdown FollowerState
2019-10-18 07:54:03,301 [grpc-default-executor-0] INFO  impl.RoleInfo (RoleInfo.java:updateAndGet(143)) - 6fa005cd-25d6-4e29-bda6-9462a060c098: start FollowerState
2019-10-18 07:54:03,301 [Thread-610] INFO  impl.FollowerState (FollowerState.java:run(117)) - 6fa005cd-25d6-4e29-bda6-9462a060c098@group-BAC069DAEF17-FollowerState was interrupted: java.lang.InterruptedException: sleep interrupted
2019-10-18 07:54:03,302 [Thread-611] INFO  impl.FollowerState (FollowerState.java:run(117)) - 3d3aac8b-d4d1-454d-bf0c-88a180692893@group-BAC069DAEF17-FollowerState was interrupted: java.lang.InterruptedException: sleep interrupted
2019-10-18 07:54:03,302 [grpc-default-executor-3] INFO  impl.RoleInfo (RoleInfo.java:updateAndGet(143)) - 3d3aac8b-d4d1-454d-bf0c-88a180692893: start FollowerState
2019-10-18 07:54:03,329 [4b487190-7547-40c7-b780-43c37a89e8eb@group-BAC069DAEF17-LeaderElection51] INFO  impl.LeaderElection (LeaderElection.java:logAndReturn(56)) - 4b487190-7547-40c7-b780-43c37a89e8eb@group-BAC069DAEF17-LeaderElection51: Election REJECTED; received 2 response(s) [4b487190-7547-40c7-b780-43c37a89e8eb<-6fa005cd-25d6-4e29-bda6-9462a060c098#0:FAIL-t32, 4b487190-7547-40c7-b780-43c37a89e8eb<-3d3aac8b-d4d1-454d-bf0c-88a180692893#0:FAIL-t32] and 0 exception(s); 4b487190-7547-40c7-b780-43c37a89e8eb@group-BAC069DAEF17:t32, leader=null, voted=4b487190-7547-40c7-b780-43c37a89e8eb, raftlog=4b487190-7547-40c7-b780-43c37a89e8eb@group-BAC069DAEF17-SegmentedRaftLog:OPENED:c-1,f-1,i0, conf=-1: [6fa005cd-25d6-4e29-bda6-9462a060c098:192.168.69.67:36093, 4b487190-7547-40c7-b780-43c37a89e8eb:192.168.69.67:39683, 3d3aac8b-d4d1-454d-bf0c-88a180692893:192.168.69.67:34429], old=null
2019-10-18 07:54:03,329 [4b487190-7547-40c7-b780-43c37a89e8eb@group-BAC069DAEF17-LeaderElection51] INFO  impl.RaftServerImpl (RaftServerImpl.java:setRole(184)) - 4b487190-7547-40c7-b780-43c37a89e8eb@group-BAC069DAEF17: changes role from CANDIDATE to FOLLOWER at term 32 for DISCOVERED_A_NEW_TERM
2019-10-18 07:54:03,329 [4b487190-7547-40c7-b780-43c37a89e8eb@group-BAC069DAEF17-LeaderElection51] INFO  impl.RoleInfo (RoleInfo.java:shutdownLeaderElection(134)) - 4b487190-7547-40c7-b780-43c37a89e8eb: shutdown LeaderElection
2019-10-18 07:54:03,329 [4b487190-7547-40c7-b780-43c37a89e8eb@group-BAC069DAEF17-LeaderElection51] INFO  impl.RoleInfo (RoleInfo.java:updateAndGet(143)) - 4b487190-7547-40c7-b780-43c37a89e8eb: start FollowerState
2019-10-18 07:54:03,409 [Thread-618] INFO  impl.FollowerState (FollowerState.java:run(108)) - 4b487190-7547-40c7-b780-43c37a89e8eb@group-BAC069DAEF17-FollowerState: change to CANDIDATE, lastRpcTime:79ms, electionTimeout:79ms
2019-10-18 07:54:03,409 [Thread-618] INFO  impl.RoleInfo (RoleInfo.java:shutdownFollowerState(121)) - 4b487190-7547-40c7-b780-43c37a89e8eb: shutdown FollowerState
2019-10-18 07:54:03,410 [Thread-618] INFO  impl.RaftServerImpl (RaftServerImpl.java:setRole(184)) - 4b487190-7547-40c7-b780-43c37a89e8eb@group-BAC069DAEF17: changes role from  FOLLOWER to CANDIDATE at term 32 for changeToCandidate
2019-10-18 07:54:03,410 [Thread-618] INFO  impl.RoleInfo (RoleInfo.java:updateAndGet(143)) - 4b487190-7547-40c7-b780-43c37a89e8eb: start LeaderElection
2019-10-18 07:54:03,427 [4b487190-7547-40c7-b780-43c37a89e8eb@group-BAC069DAEF17-LeaderElection52] INFO  impl.LeaderElection (LeaderElection.java:askForVotes(178)) - 4b487190-7547-40c7-b780-43c37a89e8eb@group-BAC069DAEF17-LeaderElection52: begin an election at term 33 for -1: [6fa005cd-25d6-4e29-bda6-9462a060c098:192.168.69.67:36093, 4b487190-7547-40c7-b780-43c37a89e8eb:192.168.69.67:39683, 3d3aac8b-d4d1-454d-bf0c-88a180692893:192.168.69.67:34429], old=null
2019-10-18 07:54:03,431 [grpc-default-executor-3] INFO  impl.RaftServerImpl (RaftServerImpl.java:setRole(184)) - 3d3aac8b-d4d1-454d-bf0c-88a180692893@group-BAC069DAEF17: changes role from  FOLLOWER to FOLLOWER at term 33 for recognizeCandidate:4b487190-7547-40c7-b780-43c37a89e8eb
2019-10-18 07:54:03,431 [grpc-default-executor-0] INFO  impl.RaftServerImpl (RaftServerImpl.java:setRole(184)) - 6fa005cd-25d6-4e29-bda6-9462a060c098@group-BAC069DAEF17: changes role from  FOLLOWER to FOLLOWER at term 33 for recognizeCandidate:4b487190-7547-40c7-b780-43c37a89e8eb
2019-10-18 07:54:03,431 [grpc-default-executor-3] INFO  impl.RoleInfo (RoleInfo.java:shutdownFollowerState(121)) - 3d3aac8b-d4d1-454d-bf0c-88a180692893: shutdown FollowerState
2019-10-18 07:54:03,432 [grpc-default-executor-0] INFO  impl.RoleInfo (RoleInfo.java:shutdownFollowerState(121)) - 6fa005cd-25d6-4e29-bda6-9462a060c098: shutdown FollowerState
2019-10-18 07:54:03,432 [Thread-617] INFO  impl.FollowerState (FollowerState.java:run(117)) - 3d3aac8b-d4d1-454d-bf0c-88a180692893@group-BAC069DAEF17-FollowerState was interrupted: java.lang.InterruptedException: sleep interrupted
2019-10-18 07:54:03,432 [Thread-616] INFO  impl.FollowerState (FollowerState.java:run(117)) - 6fa005cd-25d6-4e29-bda6-9462a060c098@group-BAC069DAEF17-FollowerState was interrupted: java.lang.InterruptedException: sleep interrupted
2019-10-18 07:54:03,432 [grpc-default-executor-0] INFO  impl.RoleInfo (RoleInfo.java:updateAndGet(143)) - 6fa005cd-25d6-4e29-bda6-9462a060c098: start FollowerState
2019-10-18 07:54:03,432 [grpc-default-executor-3] INFO  impl.RoleInfo (RoleInfo.java:updateAndGet(143)) - 3d3aac8b-d4d1-454d-bf0c-88a180692893: start FollowerState
2019-10-18 07:54:03,450 [4b487190-7547-40c7-b780-43c37a89e8eb@group-BAC069DAEF17-LeaderElection52] INFO  impl.LeaderElection (LeaderElection.java:logAndReturn(56)) - 4b487190-7547-40c7-b780-43c37a89e8eb@group-BAC069DAEF17-LeaderElection52: Election REJECTED; received 2 response(s) [4b487190-7547-40c7-b780-43c37a89e8eb<-6fa005cd-25d6-4e29-bda6-9462a060c098#0:FAIL-t33, 4b487190-7547-40c7-b780-43c37a89e8eb<-3d3aac8b-d4d1-454d-bf0c-88a180692893#0:FAIL-t33] and 0 exception(s); 4b487190-7547-40c7-b780-43c37a89e8eb@group-BAC069DAEF17:t33, leader=null, voted=4b487190-7547-40c7-b780-43c37a89e8eb, raftlog=4b487190-7547-40c7-b780-43c37a89e8eb@group-BAC069DAEF17-SegmentedRaftLog:OPENED:c-1,f-1,i0, conf=-1: [6fa005cd-25d6-4e29-bda6-9462a060c098:192.168.69.67:36093, 4b487190-7547-40c7-b780-43c37a89e8eb:192.168.69.67:39683, 3d3aac8b-d4d1-454d-bf0c-88a180692893:192.168.69.67:34429], old=null
2019-10-18 07:54:03,451 [4b487190-7547-40c7-b780-43c37a89e8eb@group-BAC069DAEF17-LeaderElection52] INFO  impl.RaftServerImpl (RaftServerImpl.java:setRole(184)) - 4b487190-7547-40c7-b780-43c37a89e8eb@group-BAC069DAEF17: changes role from CANDIDATE to FOLLOWER at term 33 for DISCOVERED_A_NEW_TERM
2019-10-18 07:54:03,451 [4b487190-7547-40c7-b780-43c37a89e8eb@group-BAC069DAEF17-LeaderElection52] INFO  impl.RoleInfo (RoleInfo.java:shutdownLeaderElection(134)) - 4b487190-7547-40c7-b780-43c37a89e8eb: shutdown LeaderElection
2019-10-18 07:54:03,451 [4b487190-7547-40c7-b780-43c37a89e8eb@group-BAC069DAEF17-LeaderElection52] INFO  impl.RoleInfo (RoleInfo.java:updateAndGet(143)) - 4b487190-7547-40c7-b780-43c37a89e8eb: start FollowerState
2019-10-18 07:54:03,616 [Thread-624] INFO  impl.FollowerState (FollowerState.java:run(108)) - 4b487190-7547-40c7-b780-43c37a89e8eb@group-BAC069DAEF17-FollowerState: change to CANDIDATE, lastRpcTime:165ms, electionTimeout:165ms
2019-10-18 07:54:03,617 [Thread-624] INFO  impl.RoleInfo (RoleInfo.java:shutdownFollowerState(121)) - 4b487190-7547-40c7-b780-43c37a89e8eb: shutdown FollowerState
2019-10-18 07:54:03,617 [Thread-624] INFO  impl.RaftServerImpl (RaftServerImpl.java:setRole(184)) - 4b487190-7547-40c7-b780-43c37a89e8eb@group-BAC069DAEF17: changes role from  FOLLOWER to CANDIDATE at term 33 for changeToCandidate
2019-10-18 07:54:03,617 [Thread-624] INFO  impl.RoleInfo (RoleInfo.java:updateAndGet(143)) - 4b487190-7547-40c7-b780-43c37a89e8eb: start LeaderElection
2019-10-18 07:54:03,644 [4b487190-7547-40c7-b780-43c37a89e8eb@group-BAC069DAEF17-LeaderElection53] INFO  impl.LeaderElection (LeaderElection.java:askForVotes(178)) - 4b487190-7547-40c7-b780-43c37a89e8eb@group-BAC069DAEF17-LeaderElection53: begin an election at term 34 for -1: [6fa005cd-25d6-4e29-bda6-9462a060c098:192.168.69.67:36093, 4b487190-7547-40c7-b780-43c37a89e8eb:192.168.69.67:39683, 3d3aac8b-d4d1-454d-bf0c-88a180692893:192.168.69.67:34429], old=null
2019-10-18 07:54:03,651 [grpc-default-executor-3] INFO  impl.RaftServerImpl (RaftServerImpl.java:setRole(184)) - 3d3aac8b-d4d1-454d-bf0c-88a180692893@group-BAC069DAEF17: changes role from  FOLLOWER to FOLLOWER at term 34 for recognizeCandidate:4b487190-7547-40c7-b780-43c37a89e8eb
2019-10-18 07:54:03,651 [grpc-default-executor-0] INFO  impl.RaftServerImpl (RaftServerImpl.java:setRole(184)) - 6fa005cd-25d6-4e29-bda6-9462a060c098@group-BAC069DAEF17: changes role from  FOLLOWER to FOLLOWER at term 34 for recognizeCandidate:4b487190-7547-40c7-b780-43c37a89e8eb
2019-10-18 07:54:03,651 [grpc-default-executor-3] INFO  impl.RoleInfo (RoleInfo.java:shutdownFollowerState(121)) - 3d3aac8b-d4d1-454d-bf0c-88a180692893: shutdown FollowerState
2019-10-18 07:54:03,651 [grpc-default-executor-0] INFO  impl.RoleInfo (RoleInfo.java:shutdownFollowerState(121)) - 6fa005cd-25d6-4e29-bda6-9462a060c098: shutdown FollowerState
2019-10-18 07:54:03,652 [Thread-622] INFO  impl.FollowerState (FollowerState.java:run(117)) - 3d3aac8b-d4d1-454d-bf0c-88a180692893@group-BAC069DAEF17-FollowerState was interrupted: java.lang.InterruptedException: sleep interrupted
2019-10-18 07:54:03,652 [grpc-default-executor-3] INFO  impl.RoleInfo (RoleInfo.java:updateAndGet(143)) - 3d3aac8b-d4d1-454d-bf0c-88a180692893: start FollowerState
2019-10-18 07:54:03,652 [Thread-623] INFO  impl.FollowerState (FollowerState.java:run(117)) - 6fa005cd-25d6-4e29-bda6-9462a060c098@group-BAC069DAEF17-FollowerState was interrupted: java.lang.InterruptedException: sleep interrupted
2019-10-18 07:54:03,652 [grpc-default-executor-0] INFO  impl.RoleInfo (RoleInfo.java:updateAndGet(143)) - 6fa005cd-25d6-4e29-bda6-9462a060c098: start FollowerState
2019-10-18 07:54:03,676 [4b487190-7547-40c7-b780-43c37a89e8eb@group-BAC069DAEF17-LeaderElection53] INFO  impl.LeaderElection (LeaderElection.java:logAndReturn(56)) - 4b487190-7547-40c7-b780-43c37a89e8eb@group-BAC069DAEF17-LeaderElection53: Election REJECTED; received 2 response(s) [4b487190-7547-40c7-b780-43c37a89e8eb<-6fa005cd-25d6-4e29-bda6-9462a060c098#0:FAIL-t34, 4b487190-7547-40c7-b780-43c37a89e8eb<-3d3aac8b-d4d1-454d-bf0c-88a180692893#0:FAIL-t34] and 0 exception(s); 4b487190-7547-40c7-b780-43c37a89e8eb@group-BAC069DAEF17:t34, leader=null, voted=4b487190-7547-40c7-b780-43c37a89e8eb, raftlog=4b487190-7547-40c7-b780-43c37a89e8eb@group-BAC069DAEF17-SegmentedRaftLog:OPENED:c-1,f-1,i0, conf=-1: [6fa005cd-25d6-4e29-bda6-9462a060c098:192.168.69.67:36093, 4b487190-7547-40c7-b780-43c37a89e8eb:192.168.69.67:39683, 3d3aac8b-d4d1-454d-bf0c-88a180692893:192.168.69.67:34429], old=null
2019-10-18 07:54:03,676 [4b487190-7547-40c7-b780-43c37a89e8eb@group-BAC069DAEF17-LeaderElection53] INFO  impl.RaftServerImpl (RaftServerImpl.java:setRole(184)) - 4b487190-7547-40c7-b780-43c37a89e8eb@group-BAC069DAEF17: changes role from CANDIDATE to FOLLOWER at term 34 for DISCOVERED_A_NEW_TERM
2019-10-18 07:54:03,676 [4b487190-7547-40c7-b780-43c37a89e8eb@group-BAC069DAEF17-LeaderElection53] INFO  impl.RoleInfo (RoleInfo.java:shutdownLeaderElection(134)) - 4b487190-7547-40c7-b780-43c37a89e8eb: shutdown LeaderElection
2019-10-18 07:54:03,677 [4b487190-7547-40c7-b780-43c37a89e8eb@group-BAC069DAEF17-LeaderElection53] INFO  impl.RoleInfo (RoleInfo.java:updateAndGet(143)) - 4b487190-7547-40c7-b780-43c37a89e8eb: start FollowerState
2019-10-18 07:54:03,781 [Thread-630] INFO  impl.FollowerState (FollowerState.java:run(108)) - 4b487190-7547-40c7-b780-43c37a89e8eb@group-BAC069DAEF17-FollowerState: change to CANDIDATE, lastRpcTime:104ms, electionTimeout:104ms
2019-10-18 07:54:03,781 [Thread-630] INFO  impl.RoleInfo (RoleInfo.java:shutdownFollowerState(121)) - 4b487190-7547-40c7-b780-43c37a89e8eb: shutdown FollowerState
2019-10-18 07:54:03,782 [Thread-630] INFO  impl.RaftServerImpl (RaftServerImpl.java:setRole(184)) - 4b487190-7547-40c7-b780-43c37a89e8eb@group-BAC069DAEF17: changes role from  FOLLOWER to CANDIDATE at term 34 for changeToCandidate
2019-10-18 07:54:03,782 [Thread-630] INFO  impl.RoleInfo (RoleInfo.java:updateAndGet(143)) - 4b487190-7547-40c7-b780-43c37a89e8eb: start LeaderElection
2019-10-18 07:54:03,804 [4b487190-7547-40c7-b780-43c37a89e8eb@group-BAC069DAEF17-LeaderElection54] INFO  impl.LeaderElection (LeaderElection.java:askForVotes(178)) - 4b487190-7547-40c7-b780-43c37a89e8eb@group-BAC069DAEF17-LeaderElection54: begin an election at term 35 for -1: [6fa005cd-25d6-4e29-bda6-9462a060c098:192.168.69.67:36093, 4b487190-7547-40c7-b780-43c37a89e8eb:192.168.69.67:39683, 3d3aac8b-d4d1-454d-bf0c-88a180692893:192.168.69.67:34429], old=null
2019-10-18 07:54:03,808 [grpc-default-executor-3] INFO  impl.RaftServerImpl (RaftServerImpl.java:setRole(184)) - 6fa005cd-25d6-4e29-bda6-9462a060c098@group-BAC069DAEF17: changes role from  FOLLOWER to FOLLOWER at term 35 for recognizeCandidate:4b487190-7547-40c7-b780-43c37a89e8eb
2019-10-18 07:54:03,808 [grpc-default-executor-0] INFO  impl.RaftServerImpl (RaftServerImpl.java:setRole(184)) - 3d3aac8b-d4d1-454d-bf0c-88a180692893@group-BAC069DAEF17: changes role from  FOLLOWER to FOLLOWER at term 35 for recognizeCandidate:4b487190-7547-40c7-b780-43c37a89e8eb
2019-10-18 07:54:03,808 [grpc-default-executor-3] INFO  impl.RoleInfo (RoleInfo.java:shutdownFollowerState(121)) - 6fa005cd-25d6-4e29-bda6-9462a060c098: shutdown FollowerState
2019-10-18 07:54:03,808 [grpc-default-executor-0] INFO  impl.RoleInfo (RoleInfo.java:shutdownFollowerState(121)) - 3d3aac8b-d4d1-454d-bf0c-88a180692893: shutdown FollowerState
2019-10-18 07:54:03,809 [Thread-629] INFO  impl.FollowerState (FollowerState.java:run(117)) - 6fa005cd-25d6-4e29-bda6-9462a060c098@group-BAC069DAEF17-FollowerState was interrupted: java.lang.InterruptedException: sleep interrupted
2019-10-18 07:54:03,809 [grpc-default-executor-3] INFO  impl.RoleInfo (RoleInfo.java:updateAndGet(143)) - 6fa005cd-25d6-4e29-bda6-9462a060c098: start FollowerState
2019-10-18 07:54:03,809 [Thread-628] INFO  impl.FollowerState (FollowerState.java:run(117)) - 3d3aac8b-d4d1-454d-bf0c-88a180692893@group-BAC069DAEF17-FollowerState was interrupted: java.lang.InterruptedException: sleep interrupted
2019-10-18 07:54:03,809 [grpc-default-executor-0] INFO  impl.RoleInfo (RoleInfo.java:updateAndGet(143)) - 3d3aac8b-d4d1-454d-bf0c-88a180692893: start FollowerState
2019-10-18 07:54:03,824 [4b487190-7547-40c7-b780-43c37a89e8eb@group-BAC069DAEF17-LeaderElection54] INFO  impl.LeaderElection (LeaderElection.java:logAndReturn(56)) - 4b487190-7547-40c7-b780-43c37a89e8eb@group-BAC069DAEF17-LeaderElection54: Election REJECTED; received 2 response(s) [4b487190-7547-40c7-b780-43c37a89e8eb<-6fa005cd-25d6-4e29-bda6-9462a060c098#0:FAIL-t35, 4b487190-7547-40c7-b780-43c37a89e8eb<-3d3aac8b-d4d1-454d-bf0c-88a180692893#0:FAIL-t35] and 0 exception(s); 4b487190-7547-40c7-b780-43c37a89e8eb@group-BAC069DAEF17:t35, leader=null, voted=4b487190-7547-40c7-b780-43c37a89e8eb, raftlog=4b487190-7547-40c7-b780-43c37a89e8eb@group-BAC069DAEF17-SegmentedRaftLog:OPENED:c-1,f-1,i0, conf=-1: [6fa005cd-25d6-4e29-bda6-9462a060c098:192.168.69.67:36093, 4b487190-7547-40c7-b780-43c37a89e8eb:192.168.69.67:39683, 3d3aac8b-d4d1-454d-bf0c-88a180692893:192.168.69.67:34429], old=null
2019-10-18 07:54:03,825 [4b487190-7547-40c7-b780-43c37a89e8eb@group-BAC069DAEF17-LeaderElection54] INFO  impl.RaftServerImpl (RaftServerImpl.java:setRole(184)) - 4b487190-7547-40c7-b780-43c37a89e8eb@group-BAC069DAEF17: changes role from CANDIDATE to FOLLOWER at term 35 for DISCOVERED_A_NEW_TERM
2019-10-18 07:54:03,825 [4b487190-7547-40c7-b780-43c37a89e8eb@group-BAC069DAEF17-LeaderElection54] INFO  impl.RoleInfo (RoleInfo.java:shutdownLeaderElection(134)) - 4b487190-7547-40c7-b780-43c37a89e8eb: shutdown LeaderElection
2019-10-18 07:54:03,825 [4b487190-7547-40c7-b780-43c37a89e8eb@group-BAC069DAEF17-LeaderElection54] INFO  impl.RoleInfo (RoleInfo.java:updateAndGet(143)) - 4b487190-7547-40c7-b780-43c37a89e8eb: start FollowerState
2019-10-18 07:54:03,849 [Thread-636] INFO  impl.FollowerState (FollowerState.java:run(108)) - 4b487190-7547-40c7-b780-43c37a89e8eb@group-BAC069DAEF17-FollowerState: change to CANDIDATE, lastRpcTime:23ms, electionTimeout:23ms
2019-10-18 07:54:03,849 [Thread-636] INFO  impl.RoleInfo (RoleInfo.java:shutdownFollowerState(121)) - 4b487190-7547-40c7-b780-43c37a89e8eb: shutdown FollowerState
2019-10-18 07:54:03,849 [Thread-636] INFO  impl.RaftServerImpl (RaftServerImpl.java:setRole(184)) - 4b487190-7547-40c7-b780-43c37a89e8eb@group-BAC069DAEF17: changes role from  FOLLOWER to CANDIDATE at term 35 for changeToCandidate
2019-10-18 07:54:03,849 [Thread-636] INFO  impl.RoleInfo (RoleInfo.java:updateAndGet(143)) - 4b487190-7547-40c7-b780-43c37a89e8eb: start LeaderElection
2019-10-18 07:54:03,862 [4b487190-7547-40c7-b780-43c37a89e8eb@group-BAC069DAEF17-LeaderElection55] INFO  impl.LeaderElection (LeaderElection.java:askForVotes(178)) - 4b487190-7547-40c7-b780-43c37a89e8eb@group-BAC069DAEF17-LeaderElection55: begin an election at term 36 for -1: [6fa005cd-25d6-4e29-bda6-9462a060c098:192.168.69.67:36093, 4b487190-7547-40c7-b780-43c37a89e8eb:192.168.69.67:39683, 3d3aac8b-d4d1-454d-bf0c-88a180692893:192.168.69.67:34429], old=null
2019-10-18 07:54:03,866 [grpc-default-executor-3] INFO  impl.RaftServerImpl (RaftServerImpl.java:setRole(184)) - 6fa005cd-25d6-4e29-bda6-9462a060c098@group-BAC069DAEF17: changes role from  FOLLOWER to FOLLOWER at term 36 for recognizeCandidate:4b487190-7547-40c7-b780-43c37a89e8eb
2019-10-18 07:54:03,866 [grpc-default-executor-0] INFO  impl.RaftServerImpl (RaftServerImpl.java:setRole(184)) - 3d3aac8b-d4d1-454d-bf0c-88a180692893@group-BAC069DAEF17: changes role from  FOLLOWER to FOLLOWER at term 36 for recognizeCandidate:4b487190-7547-40c7-b780-43c37a89e8eb
2019-10-18 07:54:03,866 [grpc-default-executor-0] INFO  impl.RoleInfo (RoleInfo.java:shutdownFollowerState(121)) - 3d3aac8b-d4d1-454d-bf0c-88a180692893: shutdown FollowerState
2019-10-18 07:54:03,866 [grpc-default-executor-3] INFO  impl.RoleInfo (RoleInfo.java:shutdownFollowerState(121)) - 6fa005cd-25d6-4e29-bda6-9462a060c098: shutdown FollowerState
2019-10-18 07:54:03,866 [Thread-635] INFO  impl.FollowerState (FollowerState.java:run(117)) - 3d3aac8b-d4d1-454d-bf0c-88a180692893@group-BAC069DAEF17-FollowerState was interrupted: java.lang.InterruptedException: sleep interrupted
2019-10-18 07:54:03,866 [grpc-default-executor-0] INFO  impl.RoleInfo (RoleInfo.java:updateAndGet(143)) - 3d3aac8b-d4d1-454d-bf0c-88a180692893: start FollowerState
2019-10-18 07:54:03,866 [Thread-634] INFO  impl.FollowerState (FollowerState.java:run(117)) - 6fa005cd-25d6-4e29-bda6-9462a060c098@group-BAC069DAEF17-FollowerState was interrupted: java.lang.InterruptedException: sleep interrupted
2019-10-18 07:54:03,866 [grpc-default-executor-3] INFO  impl.RoleInfo (RoleInfo.java:updateAndGet(143)) - 6fa005cd-25d6-4e29-bda6-9462a060c098: start FollowerState
2019-10-18 07:54:03,884 [4b487190-7547-40c7-b780-43c37a89e8eb@group-BAC069DAEF17-LeaderElection55] INFO  impl.LeaderElection (LeaderElection.java:logAndReturn(56)) - 4b487190-7547-40c7-b780-43c37a89e8eb@group-BAC069DAEF17-LeaderElection55: Election REJECTED; received 2 response(s) [4b487190-7547-40c7-b780-43c37a89e8eb<-6fa005cd-25d6-4e29-bda6-9462a060c098#0:FAIL-t36, 4b487190-7547-40c7-b780-43c37a89e8eb<-3d3aac8b-d4d1-454d-bf0c-88a180692893#0:FAIL-t36] and 0 exception(s); 4b487190-7547-40c7-b780-43c37a89e8eb@group-BAC069DAEF17:t36, leader=null, voted=4b487190-7547-40c7-b780-43c37a89e8eb, raftlog=4b487190-7547-40c7-b780-43c37a89e8eb@group-BAC069DAEF17-SegmentedRaftLog:OPENED:c-1,f-1,i0, conf=-1: [6fa005cd-25d6-4e29-bda6-9462a060c098:192.168.69.67:36093, 4b487190-7547-40c7-b780-43c37a89e8eb:192.168.69.67:39683, 3d3aac8b-d4d1-454d-bf0c-88a180692893:192.168.69.67:34429], old=null
2019-10-18 07:54:03,884 [4b487190-7547-40c7-b780-43c37a89e8eb@group-BAC069DAEF17-LeaderElection55] INFO  impl.RaftServerImpl (RaftServerImpl.java:setRole(184)) - 4b487190-7547-40c7-b780-43c37a89e8eb@group-BAC069DAEF17: changes role from CANDIDATE to FOLLOWER at term 36 for DISCOVERED_A_NEW_TERM
2019-10-18 07:54:03,884 [4b487190-7547-40c7-b780-43c37a89e8eb@group-BAC069DAEF17-LeaderElection55] INFO  impl.RoleInfo (RoleInfo.java:shutdownLeaderElection(134)) - 4b487190-7547-40c7-b780-43c37a89e8eb: shutdown LeaderElection
2019-10-18 07:54:03,884 [4b487190-7547-40c7-b780-43c37a89e8eb@group-BAC069DAEF17-LeaderElection55] INFO  impl.RoleInfo (RoleInfo.java:updateAndGet(143)) - 4b487190-7547-40c7-b780-43c37a89e8eb: start FollowerState
2019-10-18 07:54:04,034 [Thread-642] INFO  impl.FollowerState (FollowerState.java:run(108)) - 4b487190-7547-40c7-b780-43c37a89e8eb@group-BAC069DAEF17-FollowerState: change to CANDIDATE, lastRpcTime:149ms, electionTimeout:149ms
2019-10-18 07:54:04,034 [Thread-642] INFO  impl.RoleInfo (RoleInfo.java:shutdownFollowerState(121)) - 4b487190-7547-40c7-b780-43c37a89e8eb: shutdown FollowerState
2019-10-18 07:54:04,034 [Thread-642] INFO  impl.RaftServerImpl (RaftServerImpl.java:setRole(184)) - 4b487190-7547-40c7-b780-43c37a89e8eb@group-BAC069DAEF17: changes role from  FOLLOWER to CANDIDATE at term 36 for changeToCandidate
2019-10-18 07:54:04,034 [Thread-642] INFO  impl.RoleInfo (RoleInfo.java:updateAndGet(143)) - 4b487190-7547-40c7-b780-43c37a89e8eb: start LeaderElection
2019-10-18 07:54:04,048 [4b487190-7547-40c7-b780-43c37a89e8eb@group-BAC069DAEF17-LeaderElection56] INFO  impl.LeaderElection (LeaderElection.java:askForVotes(178)) - 4b487190-7547-40c7-b780-43c37a89e8eb@group-BAC069DAEF17-LeaderElection56: begin an election at term 37 for -1: [6fa005cd-25d6-4e29-bda6-9462a060c098:192.168.69.67:36093, 4b487190-7547-40c7-b780-43c37a89e8eb:192.168.69.67:39683, 3d3aac8b-d4d1-454d-bf0c-88a180692893:192.168.69.67:34429], old=null
2019-10-18 07:54:04,052 [grpc-default-executor-0] INFO  impl.RaftServerImpl (RaftServerImpl.java:setRole(184)) - 3d3aac8b-d4d1-454d-bf0c-88a180692893@group-BAC069DAEF17: changes role from  FOLLOWER to FOLLOWER at term 37 for recognizeCandidate:4b487190-7547-40c7-b780-43c37a89e8eb
2019-10-18 07:54:04,052 [grpc-default-executor-3] INFO  impl.RaftServerImpl (RaftServerImpl.java:setRole(184)) - 6fa005cd-25d6-4e29-bda6-9462a060c098@group-BAC069DAEF17: changes role from  FOLLOWER to FOLLOWER at term 37 for recognizeCandidate:4b487190-7547-40c7-b780-43c37a89e8eb
2019-10-18 07:54:04,052 [grpc-default-executor-0] INFO  impl.RoleInfo (RoleInfo.java:shutdownFollowerState(121)) - 3d3aac8b-d4d1-454d-bf0c-88a180692893: shutdown FollowerState
2019-10-18 07:54:04,052 [grpc-default-executor-3] INFO  impl.RoleInfo (RoleInfo.java:shutdownFollowerState(121)) - 6fa005cd-25d6-4e29-bda6-9462a060c098: shutdown FollowerState
2019-10-18 07:54:04,053 [grpc-default-executor-0] INFO  impl.RoleInfo (RoleInfo.java:updateAndGet(143)) - 3d3aac8b-d4d1-454d-bf0c-88a180692893: start FollowerState
2019-10-18 07:54:04,053 [Thread-641] INFO  impl.FollowerState (FollowerState.java:run(117)) - 6fa005cd-25d6-4e29-bda6-9462a060c098@group-BAC069DAEF17-FollowerState was interrupted: java.lang.InterruptedException: sleep interrupted
2019-10-18 07:54:04,053 [grpc-default-executor-3] INFO  impl.RoleInfo (RoleInfo.java:updateAndGet(143)) - 6fa005cd-25d6-4e29-bda6-9462a060c098: start FollowerState
2019-10-18 07:54:04,053 [Thread-640] INFO  impl.FollowerState (FollowerState.java:run(117)) - 3d3aac8b-d4d1-454d-bf0c-88a180692893@group-BAC069DAEF17-FollowerState was interrupted: java.lang.InterruptedException: sleep interrupted
2019-10-18 07:54:04,068 [4b487190-7547-40c7-b780-43c37a89e8eb@group-BAC069DAEF17-LeaderElection56] INFO  impl.LeaderElection (LeaderElection.java:logAndReturn(56)) - 4b487190-7547-40c7-b780-43c37a89e8eb@group-BAC069DAEF17-LeaderElection56: Election REJECTED; received 2 response(s) [4b487190-7547-40c7-b780-43c37a89e8eb<-6fa005cd-25d6-4e29-bda6-9462a060c098#0:FAIL-t37, 4b487190-7547-40c7-b780-43c37a89e8eb<-3d3aac8b-d4d1-454d-bf0c-88a180692893#0:FAIL-t37] and 0 exception(s); 4b487190-7547-40c7-b780-43c37a89e8eb@group-BAC069DAEF17:t37, leader=null, voted=4b487190-7547-40c7-b780-43c37a89e8eb, raftlog=4b487190-7547-40c7-b780-43c37a89e8eb@group-BAC069DAEF17-SegmentedRaftLog:OPENED:c-1,f-1,i0, conf=-1: [6fa005cd-25d6-4e29-bda6-9462a060c098:192.168.69.67:36093, 4b487190-7547-40c7-b780-43c37a89e8eb:192.168.69.67:39683, 3d3aac8b-d4d1-454d-bf0c-88a180692893:192.168.69.67:34429], old=null
2019-10-18 07:54:04,068 [4b487190-7547-40c7-b780-43c37a89e8eb@group-BAC069DAEF17-LeaderElection56] INFO  impl.RaftServerImpl (RaftServerImpl.java:setRole(184)) - 4b487190-7547-40c7-b780-43c37a89e8eb@group-BAC069DAEF17: changes role from CANDIDATE to FOLLOWER at term 37 for DISCOVERED_A_NEW_TERM
2019-10-18 07:54:04,068 [4b487190-7547-40c7-b780-43c37a89e8eb@group-BAC069DAEF17-LeaderElection56] INFO  impl.RoleInfo (RoleInfo.java:shutdownLeaderElection(134)) - 4b487190-7547-40c7-b780-43c37a89e8eb: shutdown LeaderElection
2019-10-18 07:54:04,069 [4b487190-7547-40c7-b780-43c37a89e8eb@group-BAC069DAEF17-LeaderElection56] INFO  impl.RoleInfo (RoleInfo.java:updateAndGet(143)) - 4b487190-7547-40c7-b780-43c37a89e8eb: start FollowerState
2019-10-18 07:54:04,236 [Thread-648] INFO  impl.FollowerState (FollowerState.java:run(108)) - 4b487190-7547-40c7-b780-43c37a89e8eb@group-BAC069DAEF17-FollowerState: change to CANDIDATE, lastRpcTime:167ms, electionTimeout:167ms
2019-10-18 07:54:04,236 [Thread-648] INFO  impl.RoleInfo (RoleInfo.java:shutdownFollowerState(121)) - 4b487190-7547-40c7-b780-43c37a89e8eb: shutdown FollowerState
2019-10-18 07:54:04,236 [Thread-648] INFO  impl.RaftServerImpl (RaftServerImpl.java:setRole(184)) - 4b487190-7547-40c7-b780-43c37a89e8eb@group-BAC069DAEF17: changes role from  FOLLOWER to CANDIDATE at term 37 for changeToCandidate
2019-10-18 07:54:04,237 [Thread-648] INFO  impl.RoleInfo (RoleInfo.java:updateAndGet(143)) - 4b487190-7547-40c7-b780-43c37a89e8eb: start LeaderElection
2019-10-18 07:54:04,252 [4b487190-7547-40c7-b780-43c37a89e8eb@group-BAC069DAEF17-LeaderElection57] INFO  impl.LeaderElection (LeaderElection.java:askForVotes(178)) - 4b487190-7547-40c7-b780-43c37a89e8eb@group-BAC069DAEF17-LeaderElection57: begin an election at term 38 for -1: [6fa005cd-25d6-4e29-bda6-9462a060c098:192.168.69.67:36093, 4b487190-7547-40c7-b780-43c37a89e8eb:192.168.69.67:39683, 3d3aac8b-d4d1-454d-bf0c-88a180692893:192.168.69.67:34429], old=null
2019-10-18 07:54:04,258 [grpc-default-executor-3] INFO  impl.RaftServerImpl (RaftServerImpl.java:setRole(184)) - 3d3aac8b-d4d1-454d-bf0c-88a180692893@group-BAC069DAEF17: changes role from  FOLLOWER to FOLLOWER at term 38 for recognizeCandidate:4b487190-7547-40c7-b780-43c37a89e8eb
2019-10-18 07:54:04,258 [grpc-default-executor-0] INFO  impl.RaftServerImpl (RaftServerImpl.java:setRole(184)) - 6fa005cd-25d6-4e29-bda6-9462a060c098@group-BAC069DAEF17: changes role from  FOLLOWER to FOLLOWER at term 38 for recognizeCandidate:4b487190-7547-40c7-b780-43c37a89e8eb
2019-10-18 07:54:04,258 [grpc-default-executor-3] INFO  impl.RoleInfo (RoleInfo.java:shutdownFollowerState(121)) - 3d3aac8b-d4d1-454d-bf0c-88a180692893: shutdown FollowerState
2019-10-18 07:54:04,258 [grpc-default-executor-0] INFO  impl.RoleInfo (RoleInfo.java:shutdownFollowerState(121)) - 6fa005cd-25d6-4e29-bda6-9462a060c098: shutdown FollowerState
2019-10-18 07:54:04,258 [Thread-646] INFO  impl.FollowerState (FollowerState.java:run(117)) - 3d3aac8b-d4d1-454d-bf0c-88a180692893@group-BAC069DAEF17-FollowerState was interrupted: java.lang.InterruptedException: sleep interrupted
2019-10-18 07:54:04,258 [grpc-default-executor-3] INFO  impl.RoleInfo (RoleInfo.java:updateAndGet(143)) - 3d3aac8b-d4d1-454d-bf0c-88a180692893: start FollowerState
2019-10-18 07:54:04,259 [Thread-647] INFO  impl.FollowerState (FollowerState.java:run(117)) - 6fa005cd-25d6-4e29-bda6-9462a060c098@group-BAC069DAEF17-FollowerState was interrupted: java.lang.InterruptedException: sleep interrupted
2019-10-18 07:54:04,258 [grpc-default-executor-0] INFO  impl.RoleInfo (RoleInfo.java:updateAndGet(143)) - 6fa005cd-25d6-4e29-bda6-9462a060c098: start FollowerState
2019-10-18 07:54:04,305 [4b487190-7547-40c7-b780-43c37a89e8eb@group-BAC069DAEF17-LeaderElection57] INFO  impl.LeaderElection (LeaderElection.java:logAndReturn(56)) - 4b487190-7547-40c7-b780-43c37a89e8eb@group-BAC069DAEF17-LeaderElection57: Election REJECTED; received 2 response(s) [4b487190-7547-40c7-b780-43c37a89e8eb<-6fa005cd-25d6-4e29-bda6-9462a060c098#0:FAIL-t38, 4b487190-7547-40c7-b780-43c37a89e8eb<-3d3aac8b-d4d1-454d-bf0c-88a180692893#0:FAIL-t38] and 0 exception(s); 4b487190-7547-40c7-b780-43c37a89e8eb@group-BAC069DAEF17:t38, leader=null, voted=4b487190-7547-40c7-b780-43c37a89e8eb, raftlog=4b487190-7547-40c7-b780-43c37a89e8eb@group-BAC069DAEF17-SegmentedRaftLog:OPENED:c-1,f-1,i0, conf=-1: [6fa005cd-25d6-4e29-bda6-9462a060c098:192.168.69.67:36093, 4b487190-7547-40c7-b780-43c37a89e8eb:192.168.69.67:39683, 3d3aac8b-d4d1-454d-bf0c-88a180692893:192.168.69.67:34429], old=null
2019-10-18 07:54:04,305 [4b487190-7547-40c7-b780-43c37a89e8eb@group-BAC069DAEF17-LeaderElection57] INFO  impl.RaftServerImpl (RaftServerImpl.java:setRole(184)) - 4b487190-7547-40c7-b780-43c37a89e8eb@group-BAC069DAEF17: changes role from CANDIDATE to FOLLOWER at term 38 for DISCOVERED_A_NEW_TERM
2019-10-18 07:54:04,305 [4b487190-7547-40c7-b780-43c37a89e8eb@group-BAC069DAEF17-LeaderElection57] INFO  impl.RoleInfo (RoleInfo.java:shutdownLeaderElection(134)) - 4b487190-7547-40c7-b780-43c37a89e8eb: shutdown LeaderElection
2019-10-18 07:54:04,305 [4b487190-7547-40c7-b780-43c37a89e8eb@group-BAC069DAEF17-LeaderElection57] INFO  impl.RoleInfo (RoleInfo.java:updateAndGet(143)) - 4b487190-7547-40c7-b780-43c37a89e8eb: start FollowerState
2019-10-18 07:54:04,377 [Thread-654] INFO  impl.FollowerState (FollowerState.java:run(108)) - 4b487190-7547-40c7-b780-43c37a89e8eb@group-BAC069DAEF17-FollowerState: change to CANDIDATE, lastRpcTime:71ms, electionTimeout:71ms
2019-10-18 07:54:04,377 [Thread-654] INFO  impl.RoleInfo (RoleInfo.java:shutdownFollowerState(121)) - 4b487190-7547-40c7-b780-43c37a89e8eb: shutdown FollowerState
2019-10-18 07:54:04,377 [Thread-654] INFO  impl.RaftServerImpl (RaftServerImpl.java:setRole(184)) - 4b487190-7547-40c7-b780-43c37a89e8eb@group-BAC069DAEF17: changes role from  FOLLOWER to CANDIDATE at term 38 for changeToCandidate
2019-10-18 07:54:04,377 [Thread-654] INFO  impl.RoleInfo (RoleInfo.java:updateAndGet(143)) - 4b487190-7547-40c7-b780-43c37a89e8eb: start LeaderElection
2019-10-18 07:54:04,402 [4b487190-7547-40c7-b780-43c37a89e8eb@group-BAC069DAEF17-LeaderElection58] INFO  impl.LeaderElection (LeaderElection.java:askForVotes(178)) - 4b487190-7547-40c7-b780-43c37a89e8eb@group-BAC069DAEF17-LeaderElection58: begin an election at term 39 for -1: [6fa005cd-25d6-4e29-bda6-9462a060c098:192.168.69.67:36093, 4b487190-7547-40c7-b780-43c37a89e8eb:192.168.69.67:39683, 3d3aac8b-d4d1-454d-bf0c-88a180692893:192.168.69.67:34429], old=null
2019-10-18 07:54:04,405 [grpc-default-executor-0] INFO  impl.RaftServerImpl (RaftServerImpl.java:setRole(184)) - 3d3aac8b-d4d1-454d-bf0c-88a180692893@group-BAC069DAEF17: changes role from  FOLLOWER to FOLLOWER at term 39 for recognizeCandidate:4b487190-7547-40c7-b780-43c37a89e8eb
2019-10-18 07:54:04,405 [grpc-default-executor-3] INFO  impl.RaftServerImpl (RaftServerImpl.java:setRole(184)) - 6fa005cd-25d6-4e29-bda6-9462a060c098@group-BAC069DAEF17: changes role from  FOLLOWER to FOLLOWER at term 39 for recognizeCandidate:4b487190-7547-40c7-b780-43c37a89e8eb
2019-10-18 07:54:04,405 [grpc-default-executor-0] INFO  impl.RoleInfo (RoleInfo.java:shutdownFollowerState(121)) - 3d3aac8b-d4d1-454d-bf0c-88a180692893: shutdown FollowerState
2019-10-18 07:54:04,405 [grpc-default-executor-3] INFO  impl.RoleInfo (RoleInfo.java:shutdownFollowerState(121)) - 6fa005cd-25d6-4e29-bda6-9462a060c098: shutdown FollowerState
2019-10-18 07:54:04,405 [Thread-652] INFO  impl.FollowerState (FollowerState.java:run(117)) - 3d3aac8b-d4d1-454d-bf0c-88a180692893@group-BAC069DAEF17-FollowerState was interrupted: java.lang.InterruptedException: sleep interrupted
2019-10-18 07:54:04,405 [Thread-653] INFO  impl.FollowerState (FollowerState.java:run(117)) - 6fa005cd-25d6-4e29-bda6-9462a060c098@group-BAC069DAEF17-FollowerState was interrupted: java.lang.InterruptedException: sleep interrupted
2019-10-18 07:54:04,405 [grpc-default-executor-3] INFO  impl.RoleInfo (RoleInfo.java:updateAndGet(143)) - 6fa005cd-25d6-4e29-bda6-9462a060c098: start FollowerState
2019-10-18 07:54:04,405 [grpc-default-executor-0] INFO  impl.RoleInfo (RoleInfo.java:updateAndGet(143)) - 3d3aac8b-d4d1-454d-bf0c-88a180692893: start FollowerState
2019-10-18 07:54:04,405 [4b487190-7547-40c7-b780-43c37a89e8eb@group-BAC069DAEF17-LeaderElection58] INFO  impl.LeaderElection (LeaderElection.java:logAndReturn(56)) - 4b487190-7547-40c7-b780-43c37a89e8eb@group-BAC069DAEF17-LeaderElection58: Election TIMEOUT; received 0 response(s) [] and 0 exception(s); 4b487190-7547-40c7-b780-43c37a89e8eb@group-BAC069DAEF17:t39, leader=null, voted=4b487190-7547-40c7-b780-43c37a89e8eb, raftlog=4b487190-7547-40c7-b780-43c37a89e8eb@group-BAC069DAEF17-SegmentedRaftLog:OPENED:c-1,f-1,i0, conf=-1: [6fa005cd-25d6-4e29-bda6-9462a060c098:192.168.69.67:36093, 4b487190-7547-40c7-b780-43c37a89e8eb:192.168.69.67:39683, 3d3aac8b-d4d1-454d-bf0c-88a180692893:192.168.69.67:34429], old=null
2019-10-18 07:54:04,431 [4b487190-7547-40c7-b780-43c37a89e8eb@group-BAC069DAEF17-LeaderElection58] INFO  impl.LeaderElection (LeaderElection.java:askForVotes(178)) - 4b487190-7547-40c7-b780-43c37a89e8eb@group-BAC069DAEF17-LeaderElection58: begin an election at term 40 for -1: [6fa005cd-25d6-4e29-bda6-9462a060c098:192.168.69.67:36093, 4b487190-7547-40c7-b780-43c37a89e8eb:192.168.69.67:39683, 3d3aac8b-d4d1-454d-bf0c-88a180692893:192.168.69.67:34429], old=null
2019-10-18 07:54:04,435 [grpc-default-executor-0] INFO  impl.RaftServerImpl (RaftServerImpl.java:setRole(184)) - 6fa005cd-25d6-4e29-bda6-9462a060c098@group-BAC069DAEF17: changes role from  FOLLOWER to FOLLOWER at term 40 for recognizeCandidate:4b487190-7547-40c7-b780-43c37a89e8eb
2019-10-18 07:54:04,435 [grpc-default-executor-0] INFO  impl.RoleInfo (RoleInfo.java:shutdownFollowerState(121)) - 6fa005cd-25d6-4e29-bda6-9462a060c098: shutdown FollowerState
2019-10-18 07:54:04,435 [grpc-default-executor-0] INFO  impl.RoleInfo (RoleInfo.java:updateAndGet(143)) - 6fa005cd-25d6-4e29-bda6-9462a060c098: start FollowerState
2019-10-18 07:54:04,435 [Thread-659] INFO  impl.FollowerState (FollowerState.java:run(117)) - 6fa005cd-25d6-4e29-bda6-9462a060c098@group-BAC069DAEF17-FollowerState was interrupted: java.lang.InterruptedException: sleep interrupted
2019-10-18 07:54:04,435 [grpc-default-executor-3] INFO  impl.RaftServerImpl (RaftServerImpl.java:setRole(184)) - 3d3aac8b-d4d1-454d-bf0c-88a180692893@group-BAC069DAEF17: changes role from  FOLLOWER to FOLLOWER at term 40 for recognizeCandidate:4b487190-7547-40c7-b780-43c37a89e8eb
2019-10-18 07:54:04,436 [grpc-default-executor-3] INFO  impl.RoleInfo (RoleInfo.java:shutdownFollowerState(121)) - 3d3aac8b-d4d1-454d-bf0c-88a180692893: shutdown FollowerState
2019-10-18 07:54:04,436 [grpc-default-executor-3] INFO  impl.RoleInfo (RoleInfo.java:updateAndGet(143)) - 3d3aac8b-d4d1-454d-bf0c-88a180692893: start FollowerState
2019-10-18 07:54:04,436 [Thread-658] INFO  impl.FollowerState (FollowerState.java:run(117)) - 3d3aac8b-d4d1-454d-bf0c-88a180692893@group-BAC069DAEF17-FollowerState was interrupted: java.lang.InterruptedException: sleep interrupted
2019-10-18 07:54:04,450 [4b487190-7547-40c7-b780-43c37a89e8eb@group-BAC069DAEF17-LeaderElection58] INFO  impl.LeaderElection (LeaderElection.java:logAndReturn(56)) - 4b487190-7547-40c7-b780-43c37a89e8eb@group-BAC069DAEF17-LeaderElection58: Election REJECTED; received 2 response(s) [4b487190-7547-40c7-b780-43c37a89e8eb<-6fa005cd-25d6-4e29-bda6-9462a060c098#0:FAIL-t40, 4b487190-7547-40c7-b780-43c37a89e8eb<-3d3aac8b-d4d1-454d-bf0c-88a180692893#0:FAIL-t40] and 0 exception(s); 4b487190-7547-40c7-b780-43c37a89e8eb@group-BAC069DAEF17:t40, leader=null, voted=4b487190-7547-40c7-b780-43c37a89e8eb, raftlog=4b487190-7547-40c7-b780-43c37a89e8eb@group-BAC069DAEF17-SegmentedRaftLog:OPENED:c-1,f-1,i0, conf=-1: [6fa005cd-25d6-4e29-bda6-9462a060c098:192.168.69.67:36093, 4b487190-7547-40c7-b780-43c37a89e8eb:192.168.69.67:39683, 3d3aac8b-d4d1-454d-bf0c-88a180692893:192.168.69.67:34429], old=null
2019-10-18 07:54:04,450 [4b487190-7547-40c7-b780-43c37a89e8eb@group-BAC069DAEF17-LeaderElection58] INFO  impl.RaftServerImpl (RaftServerImpl.java:setRole(184)) - 4b487190-7547-40c7-b780-43c37a89e8eb@group-BAC069DAEF17: changes role from CANDIDATE to FOLLOWER at term 40 for DISCOVERED_A_NEW_TERM
2019-10-18 07:54:04,450 [4b487190-7547-40c7-b780-43c37a89e8eb@group-BAC069DAEF17-LeaderElection58] INFO  impl.RoleInfo (RoleInfo.java:shutdownLeaderElection(134)) - 4b487190-7547-40c7-b780-43c37a89e8eb: shutdown LeaderElection
2019-10-18 07:54:04,451 [4b487190-7547-40c7-b780-43c37a89e8eb@group-BAC069DAEF17-LeaderElection58] INFO  impl.RoleInfo (RoleInfo.java:updateAndGet(143)) - 4b487190-7547-40c7-b780-43c37a89e8eb: start FollowerState
2019-10-18 07:54:04,523 [Thread-664] INFO  impl.FollowerState (FollowerState.java:run(108)) - 4b487190-7547-40c7-b780-43c37a89e8eb@group-BAC069DAEF17-FollowerState: change to CANDIDATE, lastRpcTime:72ms, electionTimeout:72ms
2019-10-18 07:54:04,523 [Thread-664] INFO  impl.RoleInfo (RoleInfo.java:shutdownFollowerState(121)) - 4b487190-7547-40c7-b780-43c37a89e8eb: shutdown FollowerState
2019-10-18 07:54:04,523 [Thread-664] INFO  impl.RaftServerImpl (RaftServerImpl.java:setRole(184)) - 4b487190-7547-40c7-b780-43c37a89e8eb@group-BAC069DAEF17: changes role from  FOLLOWER to CANDIDATE at term 40 for changeToCandidate
2019-10-18 07:54:04,524 [Thread-664] INFO  impl.RoleInfo (RoleInfo.java:updateAndGet(143)) - 4b487190-7547-40c7-b780-43c37a89e8eb: start LeaderElection
2019-10-18 07:54:04,538 [4b487190-7547-40c7-b780-43c37a89e8eb@group-BAC069DAEF17-LeaderElection59] INFO  impl.LeaderElection (LeaderElection.java:askForVotes(178)) - 4b487190-7547-40c7-b780-43c37a89e8eb@group-BAC069DAEF17-LeaderElection59: begin an election at term 41 for -1: [6fa005cd-25d6-4e29-bda6-9462a060c098:192.168.69.67:36093, 4b487190-7547-40c7-b780-43c37a89e8eb:192.168.69.67:39683, 3d3aac8b-d4d1-454d-bf0c-88a180692893:192.168.69.67:34429], old=null
2019-10-18 07:54:04,541 [grpc-default-executor-3] INFO  impl.RaftServerImpl (RaftServerImpl.java:setRole(184)) - 3d3aac8b-d4d1-454d-bf0c-88a180692893@group-BAC069DAEF17: changes role from  FOLLOWER to FOLLOWER at term 41 for recognizeCandidate:4b487190-7547-40c7-b780-43c37a89e8eb
2019-10-18 07:54:04,541 [grpc-default-executor-0] INFO  impl.RaftServerImpl (RaftServerImpl.java:setRole(184)) - 6fa005cd-25d6-4e29-bda6-9462a060c098@group-BAC069DAEF17: changes role from  FOLLOWER to FOLLOWER at term 41 for recognizeCandidate:4b487190-7547-40c7-b780-43c37a89e8eb
2019-10-18 07:54:04,541 [grpc-default-executor-3] INFO  impl.RoleInfo (RoleInfo.java:shutdownFollowerState(121)) - 3d3aac8b-d4d1-454d-bf0c-88a180692893: shutdown FollowerState
2019-10-18 07:54:04,541 [grpc-default-executor-0] INFO  impl.RoleInfo (RoleInfo.java:shutdownFollowerState(121)) - 6fa005cd-25d6-4e29-bda6-9462a060c098: shutdown FollowerState
2019-10-18 07:54:04,542 [Thread-663] INFO  impl.FollowerState (FollowerState.java:run(117)) - 3d3aac8b-d4d1-454d-bf0c-88a180692893@group-BAC069DAEF17-FollowerState was interrupted: java.lang.InterruptedException: sleep interrupted
2019-10-18 07:54:04,542 [grpc-default-executor-3] INFO  impl.RoleInfo (RoleInfo.java:updateAndGet(143)) - 3d3aac8b-d4d1-454d-bf0c-88a180692893: start FollowerState
2019-10-18 07:54:04,542 [grpc-default-executor-0] INFO  impl.RoleInfo (RoleInfo.java:updateAndGet(143)) - 6fa005cd-25d6-4e29-bda6-9462a060c098: start FollowerState
2019-10-18 07:54:04,542 [Thread-662] INFO  impl.FollowerState (FollowerState.java:run(117)) - 6fa005cd-25d6-4e29-bda6-9462a060c098@group-BAC069DAEF17-FollowerState was interrupted: java.lang.InterruptedException: sleep interrupted
2019-10-18 07:54:04,557 [4b487190-7547-40c7-b780-43c37a89e8eb@group-BAC069DAEF17-LeaderElection59] INFO  impl.LeaderElection (LeaderElection.java:logAndReturn(56)) - 4b487190-7547-40c7-b780-43c37a89e8eb@group-BAC069DAEF17-LeaderElection59: Election REJECTED; received 2 response(s) [4b487190-7547-40c7-b780-43c37a89e8eb<-6fa005cd-25d6-4e29-bda6-9462a060c098#0:FAIL-t41, 4b487190-7547-40c7-b780-43c37a89e8eb<-3d3aac8b-d4d1-454d-bf0c-88a180692893#0:FAIL-t41] and 0 exception(s); 4b487190-7547-40c7-b780-43c37a89e8eb@group-BAC069DAEF17:t41, leader=null, voted=4b487190-7547-40c7-b780-43c37a89e8eb, raftlog=4b487190-7547-40c7-b780-43c37a89e8eb@group-BAC069DAEF17-SegmentedRaftLog:OPENED:c-1,f-1,i0, conf=-1: [6fa005cd-25d6-4e29-bda6-9462a060c098:192.168.69.67:36093, 4b487190-7547-40c7-b780-43c37a89e8eb:192.168.69.67:39683, 3d3aac8b-d4d1-454d-bf0c-88a180692893:192.168.69.67:34429], old=null
2019-10-18 07:54:04,557 [4b487190-7547-40c7-b780-43c37a89e8eb@group-BAC069DAEF17-LeaderElection59] INFO  impl.RaftServerImpl (RaftServerImpl.java:setRole(184)) - 4b487190-7547-40c7-b780-43c37a89e8eb@group-BAC069DAEF17: changes role from CANDIDATE to FOLLOWER at term 41 for DISCOVERED_A_NEW_TERM
2019-10-18 07:54:04,558 [4b487190-7547-40c7-b780-43c37a89e8eb@group-BAC069DAEF17-LeaderElection59] INFO  impl.RoleInfo (RoleInfo.java:shutdownLeaderElection(134)) - 4b487190-7547-40c7-b780-43c37a89e8eb: shutdown LeaderElection
2019-10-18 07:54:04,558 [4b487190-7547-40c7-b780-43c37a89e8eb@group-BAC069DAEF17-LeaderElection59] INFO  impl.RoleInfo (RoleInfo.java:updateAndGet(143)) - 4b487190-7547-40c7-b780-43c37a89e8eb: start FollowerState
2019-10-18 07:54:04,676 [Thread-670] INFO  impl.FollowerState (FollowerState.java:run(108)) - 4b487190-7547-40c7-b780-43c37a89e8eb@group-BAC069DAEF17-FollowerState: change to CANDIDATE, lastRpcTime:118ms, electionTimeout:118ms
2019-10-18 07:54:04,676 [Thread-670] INFO  impl.RoleInfo (RoleInfo.java:shutdownFollowerState(121)) - 4b487190-7547-40c7-b780-43c37a89e8eb: shutdown FollowerState
2019-10-18 07:54:04,677 [Thread-670] INFO  impl.RaftServerImpl (RaftServerImpl.java:setRole(184)) - 4b487190-7547-40c7-b780-43c37a89e8eb@group-BAC069DAEF17: changes role from  FOLLOWER to CANDIDATE at term 41 for changeToCandidate
2019-10-18 07:54:04,677 [Thread-670] INFO  impl.RoleInfo (RoleInfo.java:updateAndGet(143)) - 4b487190-7547-40c7-b780-43c37a89e8eb: start LeaderElection
2019-10-18 07:54:04,690 [4b487190-7547-40c7-b780-43c37a89e8eb@group-BAC069DAEF17-LeaderElection60] INFO  impl.LeaderElection (LeaderElection.java:askForVotes(178)) - 4b487190-7547-40c7-b780-43c37a89e8eb@group-BAC069DAEF17-LeaderElection60: begin an election at term 42 for -1: [6fa005cd-25d6-4e29-bda6-9462a060c098:192.168.69.67:36093, 4b487190-7547-40c7-b780-43c37a89e8eb:192.168.69.67:39683, 3d3aac8b-d4d1-454d-bf0c-88a180692893:192.168.69.67:34429], old=null
2019-10-18 07:54:04,695 [grpc-default-executor-0] INFO  impl.RaftServerImpl (RaftServerImpl.java:setRole(184)) - 3d3aac8b-d4d1-454d-bf0c-88a180692893@group-BAC069DAEF17: changes role from  FOLLOWER to FOLLOWER at term 42 for recognizeCandidate:4b487190-7547-40c7-b780-43c37a89e8eb
2019-10-18 07:54:04,695 [grpc-default-executor-3] INFO  impl.RaftServerImpl (RaftServerImpl.java:setRole(184)) - 6fa005cd-25d6-4e29-bda6-9462a060c098@group-BAC069DAEF17: changes role from  FOLLOWER to FOLLOWER at term 42 for recognizeCandidate:4b487190-7547-40c7-b780-43c37a89e8eb
2019-10-18 07:54:04,695 [grpc-default-executor-0] INFO  impl.RoleInfo (RoleInfo.java:shutdownFollowerState(121)) - 3d3aac8b-d4d1-454d-bf0c-88a180692893: shutdown FollowerState
2019-10-18 07:54:04,696 [grpc-default-executor-3] INFO  impl.RoleInfo (RoleInfo.java:shutdownFollowerState(121)) - 6fa005cd-25d6-4e29-bda6-9462a060c098: shutdown FollowerState
2019-10-18 07:54:04,696 [Thread-668] INFO  impl.FollowerState (FollowerState.java:run(117)) - 3d3aac8b-d4d1-454d-bf0c-88a180692893@group-BAC069DAEF17-FollowerState was interrupted: java.lang.InterruptedException: sleep interrupted
2019-10-18 07:54:04,696 [grpc-default-executor-0] INFO  impl.RoleInfo (RoleInfo.java:updateAndGet(143)) - 3d3aac8b-d4d1-454d-bf0c-88a180692893: start FollowerState
2019-10-18 07:54:04,696 [Thread-669] INFO  impl.FollowerState (FollowerState.java:run(117)) - 6fa005cd-25d6-4e29-bda6-9462a060c098@group-BAC069DAEF17-FollowerState was interrupted: java.lang.InterruptedException: sleep interrupted
2019-10-18 07:54:04,696 [grpc-default-executor-3] INFO  impl.RoleInfo (RoleInfo.java:updateAndGet(143)) - 6fa005cd-25d6-4e29-bda6-9462a060c098: start FollowerState
2019-10-18 07:54:04,703 [4b487190-7547-40c7-b780-43c37a89e8eb@group-BAC069DAEF17-LeaderElection60] INFO  impl.LeaderElection (LeaderElection.java:logAndReturn(56)) - 4b487190-7547-40c7-b780-43c37a89e8eb@group-BAC069DAEF17-LeaderElection60: Election TIMEOUT; received 0 response(s) [] and 0 exception(s); 4b487190-7547-40c7-b780-43c37a89e8eb@group-BAC069DAEF17:t42, leader=null, voted=4b487190-7547-40c7-b780-43c37a89e8eb, raftlog=4b487190-7547-40c7-b780-43c37a89e8eb@group-BAC069DAEF17-SegmentedRaftLog:OPENED:c-1,f-1,i0, conf=-1: [6fa005cd-25d6-4e29-bda6-9462a060c098:192.168.69.67:36093, 4b487190-7547-40c7-b780-43c37a89e8eb:192.168.69.67:39683, 3d3aac8b-d4d1-454d-bf0c-88a180692893:192.168.69.67:34429], old=null
2019-10-18 07:54:04,711 [4b487190-7547-40c7-b780-43c37a89e8eb@group-BAC069DAEF17-LeaderElection60] INFO  impl.LeaderElection (LeaderElection.java:askForVotes(178)) - 4b487190-7547-40c7-b780-43c37a89e8eb@group-BAC069DAEF17-LeaderElection60: begin an election at term 43 for -1: [6fa005cd-25d6-4e29-bda6-9462a060c098:192.168.69.67:36093, 4b487190-7547-40c7-b780-43c37a89e8eb:192.168.69.67:39683, 3d3aac8b-d4d1-454d-bf0c-88a180692893:192.168.69.67:34429], old=null
2019-10-18 07:54:04,713 [grpc-default-executor-0] INFO  impl.RaftServerImpl (RaftServerImpl.java:setRole(184)) - 3d3aac8b-d4d1-454d-bf0c-88a180692893@group-BAC069DAEF17: changes role from  FOLLOWER to FOLLOWER at term 43 for recognizeCandidate:4b487190-7547-40c7-b780-43c37a89e8eb
2019-10-18 07:54:04,713 [grpc-default-executor-0] INFO  impl.RoleInfo (RoleInfo.java:shutdownFollowerState(121)) - 3d3aac8b-d4d1-454d-bf0c-88a180692893: shutdown FollowerState
2019-10-18 07:54:04,713 [grpc-default-executor-3] INFO  impl.RaftServerImpl (RaftServerImpl.java:setRole(184)) - 6fa005cd-25d6-4e29-bda6-9462a060c098@group-BAC069DAEF17: changes role from  FOLLOWER to FOLLOWER at term 43 for recognizeCandidate:4b487190-7547-40c7-b780-43c37a89e8eb
2019-10-18 07:54:04,713 [Thread-674] INFO  impl.FollowerState (FollowerState.java:run(117)) - 3d3aac8b-d4d1-454d-bf0c-88a180692893@group-BAC069DAEF17-FollowerState was interrupted: java.lang.InterruptedException: sleep interrupted
2019-10-18 07:54:04,713 [grpc-default-executor-0] INFO  impl.RoleInfo (RoleInfo.java:updateAndGet(143)) - 3d3aac8b-d4d1-454d-bf0c-88a180692893: start FollowerState
2019-10-18 07:54:04,713 [grpc-default-executor-3] INFO  impl.RoleInfo (RoleInfo.java:shutdownFollowerState(121)) - 6fa005cd-25d6-4e29-bda6-9462a060c098: shutdown FollowerState
2019-10-18 07:54:04,714 [grpc-default-executor-3] INFO  impl.RoleInfo (RoleInfo.java:updateAndGet(143)) - 6fa005cd-25d6-4e29-bda6-9462a060c098: start FollowerState
2019-10-18 07:54:04,714 [Thread-675] INFO  impl.FollowerState (FollowerState.java:run(117)) - 6fa005cd-25d6-4e29-bda6-9462a060c098@group-BAC069DAEF17-FollowerState was interrupted: java.lang.InterruptedException: sleep interrupted
2019-10-18 07:54:04,790 [4b487190-7547-40c7-b780-43c37a89e8eb@group-BAC069DAEF17-LeaderElection60] INFO  impl.LeaderElection (LeaderElection.java:logAndReturn(56)) - 4b487190-7547-40c7-b780-43c37a89e8eb@group-BAC069DAEF17-LeaderElection60: Election TIMEOUT; received 0 response(s) [] and 0 exception(s); 4b487190-7547-40c7-b780-43c37a89e8eb@group-BAC069DAEF17:t43, leader=null, voted=4b487190-7547-40c7-b780-43c37a89e8eb, raftlog=4b487190-7547-40c7-b780-43c37a89e8eb@group-BAC069DAEF17-SegmentedRaftLog:OPENED:c-1,f-1,i0, conf=-1: [6fa005cd-25d6-4e29-bda6-9462a060c098:192.168.69.67:36093, 4b487190-7547-40c7-b780-43c37a89e8eb:192.168.69.67:39683, 3d3aac8b-d4d1-454d-bf0c-88a180692893:192.168.69.67:34429], old=null
2019-10-18 07:54:04,796 [4b487190-7547-40c7-b780-43c37a89e8eb@group-BAC069DAEF17-LeaderElection60] INFO  impl.LeaderElection (LeaderElection.java:askForVotes(178)) - 4b487190-7547-40c7-b780-43c37a89e8eb@group-BAC069DAEF17-LeaderElection60: begin an election at term 44 for -1: [6fa005cd-25d6-4e29-bda6-9462a060c098:192.168.69.67:36093, 4b487190-7547-40c7-b780-43c37a89e8eb:192.168.69.67:39683, 3d3aac8b-d4d1-454d-bf0c-88a180692893:192.168.69.67:34429], old=null
2019-10-18 07:54:04,801 [grpc-default-executor-3] INFO  impl.RaftServerImpl (RaftServerImpl.java:setRole(184)) - 6fa005cd-25d6-4e29-bda6-9462a060c098@group-BAC069DAEF17: changes role from  FOLLOWER to FOLLOWER at term 44 for recognizeCandidate:4b487190-7547-40c7-b780-43c37a89e8eb
2019-10-18 07:54:04,801 [grpc-default-executor-3] INFO  impl.RoleInfo (RoleInfo.java:shutdownFollowerState(121)) - 6fa005cd-25d6-4e29-bda6-9462a060c098: shutdown FollowerState
2019-10-18 07:54:04,801 [grpc-default-executor-0] INFO  impl.RaftServerImpl (RaftServerImpl.java:setRole(184)) - 3d3aac8b-d4d1-454d-bf0c-88a180692893@group-BAC069DAEF17: changes role from  FOLLOWER to FOLLOWER at term 44 for recognizeCandidate:4b487190-7547-40c7-b780-43c37a89e8eb
2019-10-18 07:54:04,801 [Thread-679] INFO  impl.FollowerState (FollowerState.java:run(117)) - 6fa005cd-25d6-4e29-bda6-9462a060c098@group-BAC069DAEF17-FollowerState was interrupted: java.lang.InterruptedException: sleep interrupted
2019-10-18 07:54:04,801 [grpc-default-executor-3] INFO  impl.RoleInfo (RoleInfo.java:updateAndGet(143)) - 6fa005cd-25d6-4e29-bda6-9462a060c098: start FollowerState
2019-10-18 07:54:04,801 [grpc-default-executor-0] INFO  impl.RoleInfo (RoleInfo.java:shutdownFollowerState(121)) - 3d3aac8b-d4d1-454d-bf0c-88a180692893: shutdown FollowerState
2019-10-18 07:54:04,802 [grpc-default-executor-0] INFO  impl.RoleInfo (RoleInfo.java:updateAndGet(143)) - 3d3aac8b-d4d1-454d-bf0c-88a180692893: start FollowerState
2019-10-18 07:54:04,802 [Thread-678] INFO  impl.FollowerState (FollowerState.java:run(117)) - 3d3aac8b-d4d1-454d-bf0c-88a180692893@group-BAC069DAEF17-FollowerState was interrupted: java.lang.InterruptedException: sleep interrupted
2019-10-18 07:54:04,811 [4b487190-7547-40c7-b780-43c37a89e8eb@group-BAC069DAEF17-LeaderElection60] INFO  impl.LeaderElection (LeaderElection.java:logAndReturn(56)) - 4b487190-7547-40c7-b780-43c37a89e8eb@group-BAC069DAEF17-LeaderElection60: Election REJECTED; received 2 response(s) [4b487190-7547-40c7-b780-43c37a89e8eb<-6fa005cd-25d6-4e29-bda6-9462a060c098#0:FAIL-t44, 4b487190-7547-40c7-b780-43c37a89e8eb<-3d3aac8b-d4d1-454d-bf0c-88a180692893#0:FAIL-t44] and 0 exception(s); 4b487190-7547-40c7-b780-43c37a89e8eb@group-BAC069DAEF17:t44, leader=null, voted=4b487190-7547-40c7-b780-43c37a89e8eb, raftlog=4b487190-7547-40c7-b780-43c37a89e8eb@group-BAC069DAEF17-SegmentedRaftLog:OPENED:c-1,f-1,i0, conf=-1: [6fa005cd-25d6-4e29-bda6-9462a060c098:192.168.69.67:36093, 4b487190-7547-40c7-b780-43c37a89e8eb:192.168.69.67:39683, 3d3aac8b-d4d1-454d-bf0c-88a180692893:192.168.69.67:34429], old=null
2019-10-18 07:54:04,812 [4b487190-7547-40c7-b780-43c37a89e8eb@group-BAC069DAEF17-LeaderElection60] INFO  impl.RaftServerImpl (RaftServerImpl.java:setRole(184)) - 4b487190-7547-40c7-b780-43c37a89e8eb@group-BAC069DAEF17: changes role from CANDIDATE to FOLLOWER at term 44 for DISCOVERED_A_NEW_TERM
2019-10-18 07:54:04,812 [4b487190-7547-40c7-b780-43c37a89e8eb@group-BAC069DAEF17-LeaderElection60] INFO  impl.RoleInfo (RoleInfo.java:shutdownLeaderElection(134)) - 4b487190-7547-40c7-b780-43c37a89e8eb: shutdown LeaderElection
2019-10-18 07:54:04,812 [4b487190-7547-40c7-b780-43c37a89e8eb@group-BAC069DAEF17-LeaderElection60] INFO  impl.RoleInfo (RoleInfo.java:updateAndGet(143)) - 4b487190-7547-40c7-b780-43c37a89e8eb: start FollowerState
2019-10-18 07:54:04,947 [Thread-684] INFO  impl.FollowerState (FollowerState.java:run(108)) - 4b487190-7547-40c7-b780-43c37a89e8eb@group-BAC069DAEF17-FollowerState: change to CANDIDATE, lastRpcTime:134ms, electionTimeout:134ms
2019-10-18 07:54:04,947 [Thread-684] INFO  impl.RoleInfo (RoleInfo.java:shutdownFollowerState(121)) - 4b487190-7547-40c7-b780-43c37a89e8eb: shutdown FollowerState
2019-10-18 07:54:04,947 [Thread-684] INFO  impl.RaftServerImpl (RaftServerImpl.java:setRole(184)) - 4b487190-7547-40c7-b780-43c37a89e8eb@group-BAC069DAEF17: changes role from  FOLLOWER to CANDIDATE at term 44 for changeToCandidate
2019-10-18 07:54:04,947 [Thread-684] INFO  impl.RoleInfo (RoleInfo.java:updateAndGet(143)) - 4b487190-7547-40c7-b780-43c37a89e8eb: start LeaderElection
2019-10-18 07:54:04,961 [4b487190-7547-40c7-b780-43c37a89e8eb@group-BAC069DAEF17-LeaderElection61] INFO  impl.LeaderElection (LeaderElection.java:askForVotes(178)) - 4b487190-7547-40c7-b780-43c37a89e8eb@group-BAC069DAEF17-LeaderElection61: begin an election at term 45 for -1: [6fa005cd-25d6-4e29-bda6-9462a060c098:192.168.69.67:36093, 4b487190-7547-40c7-b780-43c37a89e8eb:192.168.69.67:39683, 3d3aac8b-d4d1-454d-bf0c-88a180692893:192.168.69.67:34429], old=null
2019-10-18 07:54:04,965 [grpc-default-executor-0] INFO  impl.RaftServerImpl (RaftServerImpl.java:setRole(184)) - 6fa005cd-25d6-4e29-bda6-9462a060c098@group-BAC069DAEF17: changes role from  FOLLOWER to FOLLOWER at term 45 for recognizeCandidate:4b487190-7547-40c7-b780-43c37a89e8eb
2019-10-18 07:54:04,965 [grpc-default-executor-3] INFO  impl.RaftServerImpl (RaftServerImpl.java:setRole(184)) - 3d3aac8b-d4d1-454d-bf0c-88a180692893@group-BAC069DAEF17: changes role from  FOLLOWER to FOLLOWER at term 45 for recognizeCandidate:4b487190-7547-40c7-b780-43c37a89e8eb
2019-10-18 07:54:04,965 [grpc-default-executor-0] INFO  impl.RoleInfo (RoleInfo.java:shutdownFollowerState(121)) - 6fa005cd-25d6-4e29-bda6-9462a060c098: shutdown FollowerState
2019-10-18 07:54:04,965 [grpc-default-executor-3] INFO  impl.RoleInfo (RoleInfo.java:shutdownFollowerState(121)) - 3d3aac8b-d4d1-454d-bf0c-88a180692893: shutdown FollowerState
2019-10-18 07:54:04,966 [Thread-682] INFO  impl.FollowerState (FollowerState.java:run(117)) - 6fa005cd-25d6-4e29-bda6-9462a060c098@group-BAC069DAEF17-FollowerState was interrupted: java.lang.InterruptedException: sleep interrupted
2019-10-18 07:54:04,966 [grpc-default-executor-0] INFO  impl.RoleInfo (RoleInfo.java:updateAndGet(143)) - 6fa005cd-25d6-4e29-bda6-9462a060c098: start FollowerState
2019-10-18 07:54:04,966 [grpc-default-executor-3] INFO  impl.RoleInfo (RoleInfo.java:updateAndGet(143)) - 3d3aac8b-d4d1-454d-bf0c-88a180692893: start FollowerState
2019-10-18 07:54:04,966 [Thread-683] INFO  impl.FollowerState (FollowerState.java:run(117)) - 3d3aac8b-d4d1-454d-bf0c-88a180692893@group-BAC069DAEF17-FollowerState was interrupted: java.lang.InterruptedException: sleep interrupted
2019-10-18 07:54:04,967 [4b487190-7547-40c7-b780-43c37a89e8eb@group-BAC069DAEF17-LeaderElection61] INFO  impl.LeaderElection (LeaderElection.java:logAndReturn(56)) - 4b487190-7547-40c7-b780-43c37a89e8eb@group-BAC069DAEF17-LeaderElection61: Election TIMEOUT; received 0 response(s) [] and 0 exception(s); 4b487190-7547-40c7-b780-43c37a89e8eb@group-BAC069DAEF17:t45, leader=null, voted=4b487190-7547-40c7-b780-43c37a89e8eb, raftlog=4b487190-7547-40c7-b780-43c37a89e8eb@group-BAC069DAEF17-SegmentedRaftLog:OPENED:c-1,f-1,i0, conf=-1: [6fa005cd-25d6-4e29-bda6-9462a060c098:192.168.69.67:36093, 4b487190-7547-40c7-b780-43c37a89e8eb:192.168.69.67:39683, 3d3aac8b-d4d1-454d-bf0c-88a180692893:192.168.69.67:34429], old=null
2019-10-18 07:54:04,979 [4b487190-7547-40c7-b780-43c37a89e8eb@group-BAC069DAEF17-LeaderElection61] INFO  impl.LeaderElection (LeaderElection.java:askForVotes(178)) - 4b487190-7547-40c7-b780-43c37a89e8eb@group-BAC069DAEF17-LeaderElection61: begin an election at term 46 for -1: [6fa005cd-25d6-4e29-bda6-9462a060c098:192.168.69.67:36093, 4b487190-7547-40c7-b780-43c37a89e8eb:192.168.69.67:39683, 3d3aac8b-d4d1-454d-bf0c-88a180692893:192.168.69.67:34429], old=null
2019-10-18 07:54:04,984 [grpc-default-executor-0] INFO  impl.RaftServerImpl (RaftServerImpl.java:setRole(184)) - 3d3aac8b-d4d1-454d-bf0c-88a180692893@group-BAC069DAEF17: changes role from  FOLLOWER to FOLLOWER at term 46 for recognizeCandidate:4b487190-7547-40c7-b780-43c37a89e8eb
2019-10-18 07:54:04,984 [grpc-default-executor-0] INFO  impl.RoleInfo (RoleInfo.java:shutdownFollowerState(121)) - 3d3aac8b-d4d1-454d-bf0c-88a180692893: shutdown FollowerState
2019-10-18 07:54:04,984 [grpc-default-executor-0] INFO  impl.RoleInfo (RoleInfo.java:updateAndGet(143)) - 3d3aac8b-d4d1-454d-bf0c-88a180692893: start FollowerState
2019-10-18 07:54:04,984 [Thread-689] INFO  impl.FollowerState (FollowerState.java:run(117)) - 3d3aac8b-d4d1-454d-bf0c-88a180692893@group-BAC069DAEF17-FollowerState was interrupted: java.lang.InterruptedException: sleep interrupted
2019-10-18 07:54:04,985 [grpc-default-executor-3] INFO  impl.RaftServerImpl (RaftServerImpl.java:setRole(184)) - 6fa005cd-25d6-4e29-bda6-9462a060c098@group-BAC069DAEF17: changes role from  FOLLOWER to FOLLOWER at term 46 for recognizeCandidate:4b487190-7547-40c7-b780-43c37a89e8eb
2019-10-18 07:54:04,985 [grpc-default-executor-3] INFO  impl.RoleInfo (RoleInfo.java:shutdownFollowerState(121)) - 6fa005cd-25d6-4e29-bda6-9462a060c098: shutdown FollowerState
2019-10-18 07:54:04,985 [grpc-default-executor-3] INFO  impl.RoleInfo (RoleInfo.java:updateAndGet(143)) - 6fa005cd-25d6-4e29-bda6-9462a060c098: start FollowerState
2019-10-18 07:54:04,985 [Thread-688] INFO  impl.FollowerState (FollowerState.java:run(117)) - 6fa005cd-25d6-4e29-bda6-9462a060c098@group-BAC069DAEF17-FollowerState was interrupted: java.lang.InterruptedException: sleep interrupted
2019-10-18 07:54:05,028 [4b487190-7547-40c7-b780-43c37a89e8eb@group-BAC069DAEF17-LeaderElection61] INFO  impl.LeaderElection (LeaderElection.java:logAndReturn(56)) - 4b487190-7547-40c7-b780-43c37a89e8eb@group-BAC069DAEF17-LeaderElection61: Election REJECTED; received 2 response(s) [4b487190-7547-40c7-b780-43c37a89e8eb<-6fa005cd-25d6-4e29-bda6-9462a060c098#0:FAIL-t46, 4b487190-7547-40c7-b780-43c37a89e8eb<-3d3aac8b-d4d1-454d-bf0c-88a180692893#0:FAIL-t46] and 0 exception(s); 4b487190-7547-40c7-b780-43c37a89e8eb@group-BAC069DAEF17:t46, leader=null, voted=4b487190-7547-40c7-b780-43c37a89e8eb, raftlog=4b487190-7547-40c7-b780-43c37a89e8eb@group-BAC069DAEF17-SegmentedRaftLog:OPENED:c-1,f-1,i0, conf=-1: [6fa005cd-25d6-4e29-bda6-9462a060c098:192.168.69.67:36093, 4b487190-7547-40c7-b780-43c37a89e8eb:192.168.69.67:39683, 3d3aac8b-d4d1-454d-bf0c-88a180692893:192.168.69.67:34429], old=null
2019-10-18 07:54:05,028 [4b487190-7547-40c7-b780-43c37a89e8eb@group-BAC069DAEF17-LeaderElection61] INFO  impl.RaftServerImpl (RaftServerImpl.java:setRole(184)) - 4b487190-7547-40c7-b780-43c37a89e8eb@group-BAC069DAEF17: changes role from CANDIDATE to FOLLOWER at term 46 for DISCOVERED_A_NEW_TERM
2019-10-18 07:54:05,028 [4b487190-7547-40c7-b780-43c37a89e8eb@group-BAC069DAEF17-LeaderElection61] INFO  impl.RoleInfo (RoleInfo.java:shutdownLeaderElection(134)) - 4b487190-7547-40c7-b780-43c37a89e8eb: shutdown LeaderElection
2019-10-18 07:54:05,029 [4b487190-7547-40c7-b780-43c37a89e8eb@group-BAC069DAEF17-LeaderElection61] INFO  impl.RoleInfo (RoleInfo.java:updateAndGet(143)) - 4b487190-7547-40c7-b780-43c37a89e8eb: start FollowerState
2019-10-18 07:54:05,068 [Thread-694] INFO  impl.FollowerState (FollowerState.java:run(108)) - 4b487190-7547-40c7-b780-43c37a89e8eb@group-BAC069DAEF17-FollowerState: change to CANDIDATE, lastRpcTime:39ms, electionTimeout:39ms
2019-10-18 07:54:05,068 [Thread-694] INFO  impl.RoleInfo (RoleInfo.java:shutdownFollowerState(121)) - 4b487190-7547-40c7-b780-43c37a89e8eb: shutdown FollowerState
2019-10-18 07:54:05,068 [Thread-694] INFO  impl.RaftServerImpl (RaftServerImpl.java:setRole(184)) - 4b487190-7547-40c7-b780-43c37a89e8eb@group-BAC069DAEF17: changes role from  FOLLOWER to CANDIDATE at term 46 for changeToCandidate
2019-10-18 07:54:05,069 [Thread-694] INFO  impl.RoleInfo (RoleInfo.java:updateAndGet(143)) - 4b487190-7547-40c7-b780-43c37a89e8eb: start LeaderElection
2019-10-18 07:54:05,094 [4b487190-7547-40c7-b780-43c37a89e8eb@group-BAC069DAEF17-LeaderElection62] INFO  impl.LeaderElection (LeaderElection.java:askForVotes(178)) - 4b487190-7547-40c7-b780-43c37a89e8eb@group-BAC069DAEF17-LeaderElection62: begin an election at term 47 for -1: [6fa005cd-25d6-4e29-bda6-9462a060c098:192.168.69.67:36093, 4b487190-7547-40c7-b780-43c37a89e8eb:192.168.69.67:39683, 3d3aac8b-d4d1-454d-bf0c-88a180692893:192.168.69.67:34429], old=null
2019-10-18 07:54:05,100 [grpc-default-executor-0] INFO  impl.RaftServerImpl (RaftServerImpl.java:setRole(184)) - 3d3aac8b-d4d1-454d-bf0c-88a180692893@group-BAC069DAEF17: changes role from  FOLLOWER to FOLLOWER at term 47 for recognizeCandidate:4b487190-7547-40c7-b780-43c37a89e8eb
2019-10-18 07:54:05,100 [grpc-default-executor-3] INFO  impl.RaftServerImpl (RaftServerImpl.java:setRole(184)) - 6fa005cd-25d6-4e29-bda6-9462a060c098@group-BAC069DAEF17: changes role from  FOLLOWER to FOLLOWER at term 47 for recognizeCandidate:4b487190-7547-40c7-b780-43c37a89e8eb
2019-10-18 07:54:05,100 [grpc-default-executor-0] INFO  impl.RoleInfo (RoleInfo.java:shutdownFollowerState(121)) - 3d3aac8b-d4d1-454d-bf0c-88a180692893: shutdown FollowerState
2019-10-18 07:54:05,100 [grpc-default-executor-3] INFO  impl.RoleInfo (RoleInfo.java:shutdownFollowerState(121)) - 6fa005cd-25d6-4e29-bda6-9462a060c098: shutdown FollowerState
2019-10-18 07:54:05,100 [Thread-692] INFO  impl.FollowerState (FollowerState.java:run(117)) - 3d3aac8b-d4d1-454d-bf0c-88a180692893@group-BAC069DAEF17-FollowerState was interrupted: java.lang.InterruptedException: sleep interrupted
2019-10-18 07:54:05,101 [Thread-693] INFO  impl.FollowerState (FollowerState.java:run(117)) - 6fa005cd-25d6-4e29-bda6-9462a060c098@group-BAC069DAEF17-FollowerState was interrupted: java.lang.InterruptedException: sleep interrupted
2019-10-18 07:54:05,100 [grpc-default-executor-0] INFO  impl.RoleInfo (RoleInfo.java:updateAndGet(143)) - 3d3aac8b-d4d1-454d-bf0c-88a180692893: start FollowerState
2019-10-18 07:54:05,102 [4b487190-7547-40c7-b780-43c37a89e8eb@group-BAC069DAEF17-LeaderElection62] INFO  impl.LeaderElection (LeaderElection.java:logAndReturn(56)) - 4b487190-7547-40c7-b780-43c37a89e8eb@group-BAC069DAEF17-LeaderElection62: Election TIMEOUT; received 0 response(s) [] and 0 exception(s); 4b487190-7547-40c7-b780-43c37a89e8eb@group-BAC069DAEF17:t47, leader=null, voted=4b487190-7547-40c7-b780-43c37a89e8eb, raftlog=4b487190-7547-40c7-b780-43c37a89e8eb@group-BAC069DAEF17-SegmentedRaftLog:OPENED:c-1,f-1,i0, conf=-1: [6fa005cd-25d6-4e29-bda6-9462a060c098:192.168.69.67:36093, 4b487190-7547-40c7-b780-43c37a89e8eb:192.168.69.67:39683, 3d3aac8b-d4d1-454d-bf0c-88a180692893:192.168.69.67:34429], old=null
2019-10-18 07:54:05,100 [grpc-default-executor-3] INFO  impl.RoleInfo (RoleInfo.java:updateAndGet(143)) - 6fa005cd-25d6-4e29-bda6-9462a060c098: start FollowerState
2019-10-18 07:54:05,128 [4b487190-7547-40c7-b780-43c37a89e8eb@group-BAC069DAEF17-LeaderElection62] INFO  impl.LeaderElection (LeaderElection.java:askForVotes(178)) - 4b487190-7547-40c7-b780-43c37a89e8eb@group-BAC069DAEF17-LeaderElection62: begin an election at term 48 for -1: [6fa005cd-25d6-4e29-bda6-9462a060c098:192.168.69.67:36093, 4b487190-7547-40c7-b780-43c37a89e8eb:192.168.69.67:39683, 3d3aac8b-d4d1-454d-bf0c-88a180692893:192.168.69.67:34429], old=null
2019-10-18 07:54:05,131 [grpc-default-executor-0] INFO  impl.RaftServerImpl (RaftServerImpl.java:setRole(184)) - 3d3aac8b-d4d1-454d-bf0c-88a180692893@group-BAC069DAEF17: changes role from  FOLLOWER to FOLLOWER at term 48 for recognizeCandidate:4b487190-7547-40c7-b780-43c37a89e8eb
2019-10-18 07:54:05,131 [grpc-default-executor-3] INFO  impl.RaftServerImpl (RaftServerImpl.java:setRole(184)) - 6fa005cd-25d6-4e29-bda6-9462a060c098@group-BAC069DAEF17: changes role from  FOLLOWER to FOLLOWER at term 48 for recognizeCandidate:4b487190-7547-40c7-b780-43c37a89e8eb
2019-10-18 07:54:05,131 [grpc-default-executor-0] INFO  impl.RoleInfo (RoleInfo.java:shutdownFollowerState(121)) - 3d3aac8b-d4d1-454d-bf0c-88a180692893: shutdown FollowerState
2019-10-18 07:54:05,131 [grpc-default-executor-3] INFO  impl.RoleInfo (RoleInfo.java:shutdownFollowerState(121)) - 6fa005cd-25d6-4e29-bda6-9462a060c098: shutdown FollowerState
2019-10-18 07:54:05,131 [grpc-default-executor-0] INFO  impl.RoleInfo (RoleInfo.java:updateAndGet(143)) - 3d3aac8b-d4d1-454d-bf0c-88a180692893: start FollowerState
2019-10-18 07:54:05,131 [Thread-699] INFO  impl.FollowerState (FollowerState.java:run(117)) - 6fa005cd-25d6-4e29-bda6-9462a060c098@group-BAC069DAEF17-FollowerState was interrupted: java.lang.InterruptedException: sleep interrupted
2019-10-18 07:54:05,131 [grpc-default-executor-3] INFO  impl.RoleInfo (RoleInfo.java:updateAndGet(143)) - 6fa005cd-25d6-4e29-bda6-9462a060c098: start FollowerState
2019-10-18 07:54:05,131 [Thread-698] INFO  impl.FollowerState (FollowerState.java:run(117)) - 3d3aac8b-d4d1-454d-bf0c-88a180692893@group-BAC069DAEF17-FollowerState was interrupted: java.lang.InterruptedException: sleep interrupted
2019-10-18 07:54:05,146 [4b487190-7547-40c7-b780-43c37a89e8eb@group-BAC069DAEF17-LeaderElection62] INFO  impl.LeaderElection (LeaderElection.java:logAndReturn(56)) - 4b487190-7547-40c7-b780-43c37a89e8eb@group-BAC069DAEF17-LeaderElection62: Election REJECTED; received 2 response(s) [4b487190-7547-40c7-b780-43c37a89e8eb<-6fa005cd-25d6-4e29-bda6-9462a060c098#0:FAIL-t48, 4b487190-7547-40c7-b780-43c37a89e8eb<-3d3aac8b-d4d1-454d-bf0c-88a180692893#0:FAIL-t48] and 0 exception(s); 4b487190-7547-40c7-b780-43c37a89e8eb@group-BAC069DAEF17:t48, leader=null, voted=4b487190-7547-40c7-b780-43c37a89e8eb, raftlog=4b487190-7547-40c7-b780-43c37a89e8eb@group-BAC069DAEF17-SegmentedRaftLog:OPENED:c-1,f-1,i0, conf=-1: [6fa005cd-25d6-4e29-bda6-9462a060c098:192.168.69.67:36093, 4b487190-7547-40c7-b780-43c37a89e8eb:192.168.69.67:39683, 3d3aac8b-d4d1-454d-bf0c-88a180692893:192.168.69.67:34429], old=null
2019-10-18 07:54:05,146 [4b487190-7547-40c7-b780-43c37a89e8eb@group-BAC069DAEF17-LeaderElection62] INFO  impl.RaftServerImpl (RaftServerImpl.java:setRole(184)) - 4b487190-7547-40c7-b780-43c37a89e8eb@group-BAC069DAEF17: changes role from CANDIDATE to FOLLOWER at term 48 for DISCOVERED_A_NEW_TERM
2019-10-18 07:54:05,146 [4b487190-7547-40c7-b780-43c37a89e8eb@group-BAC069DAEF17-LeaderElection62] INFO  impl.RoleInfo (RoleInfo.java:shutdownLeaderElection(134)) - 4b487190-7547-40c7-b780-43c37a89e8eb: shutdown LeaderElection
2019-10-18 07:54:05,146 [4b487190-7547-40c7-b780-43c37a89e8eb@group-BAC069DAEF17-LeaderElection62] INFO  impl.RoleInfo (RoleInfo.java:updateAndGet(143)) - 4b487190-7547-40c7-b780-43c37a89e8eb: start FollowerState
2019-10-18 07:54:05,330 [Thread-704] INFO  impl.FollowerState (FollowerState.java:run(108)) - 4b487190-7547-40c7-b780-43c37a89e8eb@group-BAC069DAEF17-FollowerState: change to CANDIDATE, lastRpcTime:184ms, electionTimeout:184ms
2019-10-18 07:54:05,331 [Thread-704] INFO  impl.RoleInfo (RoleInfo.java:shutdownFollowerState(121)) - 4b487190-7547-40c7-b780-43c37a89e8eb: shutdown FollowerState
2019-10-18 07:54:05,331 [Thread-704] INFO  impl.RaftServerImpl (RaftServerImpl.java:setRole(184)) - 4b487190-7547-40c7-b780-43c37a89e8eb@group-BAC069DAEF17: changes role from  FOLLOWER to CANDIDATE at term 48 for changeToCandidate
2019-10-18 07:54:05,331 [Thread-704] INFO  impl.RoleInfo (RoleInfo.java:updateAndGet(143)) - 4b487190-7547-40c7-b780-43c37a89e8eb: start LeaderElection
2019-10-18 07:54:05,345 [4b487190-7547-40c7-b780-43c37a89e8eb@group-BAC069DAEF17-LeaderElection63] INFO  impl.LeaderElection (LeaderElection.java:askForVotes(178)) - 4b487190-7547-40c7-b780-43c37a89e8eb@group-BAC069DAEF17-LeaderElection63: begin an election at term 49 for -1: [6fa005cd-25d6-4e29-bda6-9462a060c098:192.168.69.67:36093, 4b487190-7547-40c7-b780-43c37a89e8eb:192.168.69.67:39683, 3d3aac8b-d4d1-454d-bf0c-88a180692893:192.168.69.67:34429], old=null
2019-10-18 07:54:05,348 [grpc-default-executor-3] INFO  impl.RaftServerImpl (RaftServerImpl.java:setRole(184)) - 6fa005cd-25d6-4e29-bda6-9462a060c098@group-BAC069DAEF17: changes role from  FOLLOWER to FOLLOWER at term 49 for recognizeCandidate:4b487190-7547-40c7-b780-43c37a89e8eb
2019-10-18 07:54:05,348 [grpc-default-executor-0] INFO  impl.RaftServerImpl (RaftServerImpl.java:setRole(184)) - 3d3aac8b-d4d1-454d-bf0c-88a180692893@group-BAC069DAEF17: changes role from  FOLLOWER to FOLLOWER at term 49 for recognizeCandidate:4b487190-7547-40c7-b780-43c37a89e8eb
2019-10-18 07:54:05,348 [grpc-default-executor-3] INFO  impl.RoleInfo (RoleInfo.java:shutdownFollowerState(121)) - 6fa005cd-25d6-4e29-bda6-9462a060c098: shutdown FollowerState
2019-10-18 07:54:05,348 [grpc-default-executor-0] INFO  impl.RoleInfo (RoleInfo.java:shutdownFollowerState(121)) - 3d3aac8b-d4d1-454d-bf0c-88a180692893: shutdown FollowerState
2019-10-18 07:54:05,348 [grpc-default-executor-3] INFO  impl.RoleInfo (RoleInfo.java:updateAndGet(143)) - 6fa005cd-25d6-4e29-bda6-9462a060c098: start FollowerState
2019-10-18 07:54:05,348 [Thread-702] INFO  impl.FollowerState (FollowerState.java:run(117)) - 3d3aac8b-d4d1-454d-bf0c-88a180692893@group-BAC069DAEF17-FollowerState was interrupted: java.lang.InterruptedException: sleep interrupted
2019-10-18 07:54:05,348 [grpc-default-executor-0] INFO  impl.RoleInfo (RoleInfo.java:updateAndGet(143)) - 3d3aac8b-d4d1-454d-bf0c-88a180692893: start FollowerState
2019-10-18 07:54:05,348 [Thread-703] INFO  impl.FollowerState (FollowerState.java:run(117)) - 6fa005cd-25d6-4e29-bda6-9462a060c098@group-BAC069DAEF17-FollowerState was interrupted: java.lang.InterruptedException: sleep interrupted
2019-10-18 07:54:05,362 [4b487190-7547-40c7-b780-43c37a89e8eb@group-BAC069DAEF17-LeaderElection63] INFO  impl.LeaderElection (LeaderElection.java:logAndReturn(56)) - 4b487190-7547-40c7-b780-43c37a89e8eb@group-BAC069DAEF17-LeaderElection63: Election TIMEOUT; received 0 response(s) [] and 0 exception(s); 4b487190-7547-40c7-b780-43c37a89e8eb@group-BAC069DAEF17:t49, leader=null, voted=4b487190-7547-40c7-b780-43c37a89e8eb, raftlog=4b487190-7547-40c7-b780-43c37a89e8eb@group-BAC069DAEF17-SegmentedRaftLog:OPENED:c-1,f-1,i0, conf=-1: [6fa005cd-25d6-4e29-bda6-9462a060c098:192.168.69.67:36093, 4b487190-7547-40c7-b780-43c37a89e8eb:192.168.69.67:39683, 3d3aac8b-d4d1-454d-bf0c-88a180692893:192.168.69.67:34429], old=null
2019-10-18 07:54:05,367 [4b487190-7547-40c7-b780-43c37a89e8eb@group-BAC069DAEF17-LeaderElection63] INFO  impl.LeaderElection (LeaderElection.java:askForVotes(178)) - 4b487190-7547-40c7-b780-43c37a89e8eb@group-BAC069DAEF17-LeaderElection63: begin an election at term 50 for -1: [6fa005cd-25d6-4e29-bda6-9462a060c098:192.168.69.67:36093, 4b487190-7547-40c7-b780-43c37a89e8eb:192.168.69.67:39683, 3d3aac8b-d4d1-454d-bf0c-88a180692893:192.168.69.67:34429], old=null
2019-10-18 07:54:05,369 [grpc-default-executor-3] INFO  impl.RaftServerImpl (RaftServerImpl.java:setRole(184)) - 3d3aac8b-d4d1-454d-bf0c-88a180692893@group-BAC069DAEF17: changes role from  FOLLOWER to FOLLOWER at term 50 for recognizeCandidate:4b487190-7547-40c7-b780-43c37a89e8eb
2019-10-18 07:54:05,370 [grpc-default-executor-0] INFO  impl.RaftServerImpl (RaftServerImpl.java:setRole(184)) - 6fa005cd-25d6-4e29-bda6-9462a060c098@group-BAC069DAEF17: changes role from  FOLLOWER to FOLLOWER at term 50 for recognizeCandidate:4b487190-7547-40c7-b780-43c37a89e8eb
2019-10-18 07:54:05,370 [grpc-default-executor-3] INFO  impl.RoleInfo (RoleInfo.java:shutdownFollowerState(121)) - 3d3aac8b-d4d1-454d-bf0c-88a180692893: shutdown FollowerState
2019-10-18 07:54:05,370 [grpc-default-executor-0] INFO  impl.RoleInfo (RoleInfo.java:shutdownFollowerState(121)) - 6fa005cd-25d6-4e29-bda6-9462a060c098: shutdown FollowerState
2019-10-18 07:54:05,370 [Thread-709] INFO  impl.FollowerState (FollowerState.java:run(117)) - 3d3aac8b-d4d1-454d-bf0c-88a180692893@group-BAC069DAEF17-FollowerState was interrupted: java.lang.InterruptedException: sleep interrupted
2019-10-18 07:54:05,370 [Thread-708] INFO  impl.FollowerState (FollowerState.java:run(117)) - 6fa005cd-25d6-4e29-bda6-9462a060c098@group-BAC069DAEF17-FollowerState was interrupted: java.lang.InterruptedException: sleep interrupted
2019-10-18 07:54:05,370 [grpc-default-executor-3] INFO  impl.RoleInfo (RoleInfo.java:updateAndGet(143)) - 3d3aac8b-d4d1-454d-bf0c-88a180692893: start FollowerState
2019-10-18 07:54:05,370 [grpc-default-executor-0] INFO  impl.RoleInfo (RoleInfo.java:updateAndGet(143)) - 6fa005cd-25d6-4e29-bda6-9462a060c098: start FollowerState
2019-10-18 07:54:05,380 [4b487190-7547-40c7-b780-43c37a89e8eb@group-BAC069DAEF17-LeaderElection63] INFO  impl.LeaderElection (LeaderElection.java:logAndReturn(56)) - 4b487190-7547-40c7-b780-43c37a89e8eb@group-BAC069DAEF17-LeaderElection63: Election TIMEOUT; received 0 response(s) [] and 0 exception(s); 4b487190-7547-40c7-b780-43c37a89e8eb@group-BAC069DAEF17:t50, leader=null, voted=4b487190-7547-40c7-b780-43c37a89e8eb, raftlog=4b487190-7547-40c7-b780-43c37a89e8eb@group-BAC069DAEF17-SegmentedRaftLog:OPENED:c-1,f-1,i0, conf=-1: [6fa005cd-25d6-4e29-bda6-9462a060c098:192.168.69.67:36093, 4b487190-7547-40c7-b780-43c37a89e8eb:192.168.69.67:39683, 3d3aac8b-d4d1-454d-bf0c-88a180692893:192.168.69.67:34429], old=null
2019-10-18 07:54:05,384 [4b487190-7547-40c7-b780-43c37a89e8eb@group-BAC069DAEF17-LeaderElection63] INFO  impl.LeaderElection (LeaderElection.java:askForVotes(178)) - 4b487190-7547-40c7-b780-43c37a89e8eb@group-BAC069DAEF17-LeaderElection63: begin an election at term 51 for -1: [6fa005cd-25d6-4e29-bda6-9462a060c098:192.168.69.67:36093, 4b487190-7547-40c7-b780-43c37a89e8eb:192.168.69.67:39683, 3d3aac8b-d4d1-454d-bf0c-88a180692893:192.168.69.67:34429], old=null
2019-10-18 07:54:05,386 [grpc-default-executor-3] INFO  impl.RaftServerImpl (RaftServerImpl.java:setRole(184)) - 6fa005cd-25d6-4e29-bda6-9462a060c098@group-BAC069DAEF17: changes role from  FOLLOWER to FOLLOWER at term 51 for recognizeCandidate:4b487190-7547-40c7-b780-43c37a89e8eb
2019-10-18 07:54:05,386 [grpc-default-executor-3] INFO  impl.RoleInfo (RoleInfo.java:shutdownFollowerState(121)) - 6fa005cd-25d6-4e29-bda6-9462a060c098: shutdown FollowerState
2019-10-18 07:54:05,386 [grpc-default-executor-3] INFO  impl.RoleInfo (RoleInfo.java:updateAndGet(143)) - 6fa005cd-25d6-4e29-bda6-9462a060c098: start FollowerState
2019-10-18 07:54:05,386 [Thread-713] INFO  impl.FollowerState (FollowerState.java:run(117)) - 6fa005cd-25d6-4e29-bda6-9462a060c098@group-BAC069DAEF17-FollowerState was interrupted: java.lang.InterruptedException: sleep interrupted
2019-10-18 07:54:05,386 [grpc-default-executor-0] INFO  impl.RaftServerImpl (RaftServerImpl.java:setRole(184)) - 3d3aac8b-d4d1-454d-bf0c-88a180692893@group-BAC069DAEF17: changes role from  FOLLOWER to FOLLOWER at term 51 for recognizeCandidate:4b487190-7547-40c7-b780-43c37a89e8eb
2019-10-18 07:54:05,387 [grpc-default-executor-0] INFO  impl.RoleInfo (RoleInfo.java:shutdownFollowerState(121)) - 3d3aac8b-d4d1-454d-bf0c-88a180692893: shutdown FollowerState
2019-10-18 07:54:05,387 [grpc-default-executor-0] INFO  impl.RoleInfo (RoleInfo.java:updateAndGet(143)) - 3d3aac8b-d4d1-454d-bf0c-88a180692893: start FollowerState
2019-10-18 07:54:05,387 [Thread-712] INFO  impl.FollowerState (FollowerState.java:run(117)) - 3d3aac8b-d4d1-454d-bf0c-88a180692893@group-BAC069DAEF17-FollowerState was interrupted: java.lang.InterruptedException: sleep interrupted
2019-10-18 07:54:05,401 [4b487190-7547-40c7-b780-43c37a89e8eb@group-BAC069DAEF17-LeaderElection63] INFO  impl.LeaderElection (LeaderElection.java:logAndReturn(56)) - 4b487190-7547-40c7-b780-43c37a89e8eb@group-BAC069DAEF17-LeaderElection63: Election REJECTED; received 2 response(s) [4b487190-7547-40c7-b780-43c37a89e8eb<-6fa005cd-25d6-4e29-bda6-9462a060c098#0:FAIL-t51, 4b487190-7547-40c7-b780-43c37a89e8eb<-3d3aac8b-d4d1-454d-bf0c-88a180692893#0:FAIL-t51] and 0 exception(s); 4b487190-7547-40c7-b780-43c37a89e8eb@group-BAC069DAEF17:t51, leader=null, voted=4b487190-7547-40c7-b780-43c37a89e8eb, raftlog=4b487190-7547-40c7-b780-43c37a89e8eb@group-BAC069DAEF17-SegmentedRaftLog:OPENED:c-1,f-1,i0, conf=-1: [6fa005cd-25d6-4e29-bda6-9462a060c098:192.168.69.67:36093, 4b487190-7547-40c7-b780-43c37a89e8eb:192.168.69.67:39683, 3d3aac8b-d4d1-454d-bf0c-88a180692893:192.168.69.67:34429], old=null
2019-10-18 07:54:05,401 [4b487190-7547-40c7-b780-43c37a89e8eb@group-BAC069DAEF17-LeaderElection63] INFO  impl.RaftServerImpl (RaftServerImpl.java:setRole(184)) - 4b487190-7547-40c7-b780-43c37a89e8eb@group-BAC069DAEF17: changes role from CANDIDATE to FOLLOWER at term 51 for DISCOVERED_A_NEW_TERM
2019-10-18 07:54:05,402 [4b487190-7547-40c7-b780-43c37a89e8eb@group-BAC069DAEF17-LeaderElection63] INFO  impl.RoleInfo (RoleInfo.java:shutdownLeaderElection(134)) - 4b487190-7547-40c7-b780-43c37a89e8eb: shutdown LeaderElection
2019-10-18 07:54:05,402 [4b487190-7547-40c7-b780-43c37a89e8eb@group-BAC069DAEF17-LeaderElection63] INFO  impl.RoleInfo (RoleInfo.java:updateAndGet(143)) - 4b487190-7547-40c7-b780-43c37a89e8eb: start FollowerState
2019-10-18 07:54:05,514 [Thread-718] INFO  impl.FollowerState (FollowerState.java:run(108)) - 4b487190-7547-40c7-b780-43c37a89e8eb@group-BAC069DAEF17-FollowerState: change to CANDIDATE, lastRpcTime:112ms, electionTimeout:112ms
2019-10-18 07:54:05,514 [Thread-718] INFO  impl.RoleInfo (RoleInfo.java:shutdownFollowerState(121)) - 4b487190-7547-40c7-b780-43c37a89e8eb: shutdown FollowerState
2019-10-18 07:54:05,515 [Thread-718] INFO  impl.RaftServerImpl (RaftServerImpl.java:setRole(184)) - 4b487190-7547-40c7-b780-43c37a89e8eb@group-BAC069DAEF17: changes role from  FOLLOWER to CANDIDATE at term 51 for changeToCandidate
2019-10-18 07:54:05,515 [Thread-718] INFO  impl.RoleInfo (RoleInfo.java:updateAndGet(143)) - 4b487190-7547-40c7-b780-43c37a89e8eb: start LeaderElection
2019-10-18 07:54:05,528 [4b487190-7547-40c7-b780-43c37a89e8eb@group-BAC069DAEF17-LeaderElection64] INFO  impl.LeaderElection (LeaderElection.java:askForVotes(178)) - 4b487190-7547-40c7-b780-43c37a89e8eb@group-BAC069DAEF17-LeaderElection64: begin an election at term 52 for -1: [6fa005cd-25d6-4e29-bda6-9462a060c098:192.168.69.67:36093, 4b487190-7547-40c7-b780-43c37a89e8eb:192.168.69.67:39683, 3d3aac8b-d4d1-454d-bf0c-88a180692893:192.168.69.67:34429], old=null
2019-10-18 07:54:05,533 [grpc-default-executor-0] INFO  impl.RaftServerImpl (RaftServerImpl.java:setRole(184)) - 3d3aac8b-d4d1-454d-bf0c-88a180692893@group-BAC069DAEF17: changes role from  FOLLOWER to FOLLOWER at term 52 for recognizeCandidate:4b487190-7547-40c7-b780-43c37a89e8eb
2019-10-18 07:54:05,533 [grpc-default-executor-3] INFO  impl.RaftServerImpl (RaftServerImpl.java:setRole(184)) - 6fa005cd-25d6-4e29-bda6-9462a060c098@group-BAC069DAEF17: changes role from  FOLLOWER to FOLLOWER at term 52 for recognizeCandidate:4b487190-7547-40c7-b780-43c37a89e8eb
2019-10-18 07:54:05,533 [grpc-default-executor-0] INFO  impl.RoleInfo (RoleInfo.java:shutdownFollowerState(121)) - 3d3aac8b-d4d1-454d-bf0c-88a180692893: shutdown FollowerState
2019-10-18 07:54:05,533 [grpc-default-executor-3] INFO  impl.RoleInfo (RoleInfo.java:shutdownFollowerState(121)) - 6fa005cd-25d6-4e29-bda6-9462a060c098: shutdown FollowerState
2019-10-18 07:54:05,533 [Thread-717] INFO  impl.FollowerState (FollowerState.java:run(117)) - 3d3aac8b-d4d1-454d-bf0c-88a180692893@group-BAC069DAEF17-FollowerState was interrupted: java.lang.InterruptedException: sleep interrupted
2019-10-18 07:54:05,534 [Thread-716] INFO  impl.FollowerState (FollowerState.java:run(117)) - 6fa005cd-25d6-4e29-bda6-9462a060c098@group-BAC069DAEF17-FollowerState was interrupted: java.lang.InterruptedException: sleep interrupted
2019-10-18 07:54:05,533 [grpc-default-executor-0] INFO  impl.RoleInfo (RoleInfo.java:updateAndGet(143)) - 3d3aac8b-d4d1-454d-bf0c-88a180692893: start FollowerState
2019-10-18 07:54:05,534 [grpc-default-executor-3] INFO  impl.RoleInfo (RoleInfo.java:updateAndGet(143)) - 6fa005cd-25d6-4e29-bda6-9462a060c098: start FollowerState
2019-10-18 07:54:05,560 [4b487190-7547-40c7-b780-43c37a89e8eb@group-BAC069DAEF17-LeaderElection64] INFO  impl.LeaderElection (LeaderElection.java:logAndReturn(56)) - 4b487190-7547-40c7-b780-43c37a89e8eb@group-BAC069DAEF17-LeaderElection64: Election REJECTED; received 2 response(s) [4b487190-7547-40c7-b780-43c37a89e8eb<-6fa005cd-25d6-4e29-bda6-9462a060c098#0:FAIL-t52, 4b487190-7547-40c7-b780-43c37a89e8eb<-3d3aac8b-d4d1-454d-bf0c-88a180692893#0:FAIL-t52] and 0 exception(s); 4b487190-7547-40c7-b780-43c37a89e8eb@group-BAC069DAEF17:t52, leader=null, voted=4b487190-7547-40c7-b780-43c37a89e8eb, raftlog=4b487190-7547-40c7-b780-43c37a89e8eb@group-BAC069DAEF17-SegmentedRaftLog:OPENED:c-1,f-1,i0, conf=-1: [6fa005cd-25d6-4e29-bda6-9462a060c098:192.168.69.67:36093, 4b487190-7547-40c7-b780-43c37a89e8eb:192.168.69.67:39683, 3d3aac8b-d4d1-454d-bf0c-88a180692893:192.168.69.67:34429], old=null
2019-10-18 07:54:05,561 [4b487190-7547-40c7-b780-43c37a89e8eb@group-BAC069DAEF17-LeaderElection64] INFO  impl.RaftServerImpl (RaftServerImpl.java:setRole(184)) - 4b487190-7547-40c7-b780-43c37a89e8eb@group-BAC069DAEF17: changes role from CANDIDATE to FOLLOWER at term 52 for DISCOVERED_A_NEW_TERM
2019-10-18 07:54:05,561 [4b487190-7547-40c7-b780-43c37a89e8eb@group-BAC069DAEF17-LeaderElection64] INFO  impl.RoleInfo (RoleInfo.java:shutdownLeaderElection(134)) - 4b487190-7547-40c7-b780-43c37a89e8eb: shutdown LeaderElection
2019-10-18 07:54:05,561 [4b487190-7547-40c7-b780-43c37a89e8eb@group-BAC069DAEF17-LeaderElection64] INFO  impl.RoleInfo (RoleInfo.java:updateAndGet(143)) - 4b487190-7547-40c7-b780-43c37a89e8eb: start FollowerState
2019-10-18 07:54:05,714 [Thread-726] INFO  impl.FollowerState (FollowerState.java:run(108)) - 4b487190-7547-40c7-b780-43c37a89e8eb@group-BAC069DAEF17-FollowerState: change to CANDIDATE, lastRpcTime:153ms, electionTimeout:153ms
2019-10-18 07:54:05,715 [Thread-726] INFO  impl.RoleInfo (RoleInfo.java:shutdownFollowerState(121)) - 4b487190-7547-40c7-b780-43c37a89e8eb: shutdown FollowerState
2019-10-18 07:54:05,715 [Thread-726] INFO  impl.RaftServerImpl (RaftServerImpl.java:setRole(184)) - 4b487190-7547-40c7-b780-43c37a89e8eb@group-BAC069DAEF17: changes role from  FOLLOWER to CANDIDATE at term 52 for changeToCandidate
2019-10-18 07:54:05,715 [Thread-726] INFO  impl.RoleInfo (RoleInfo.java:updateAndGet(143)) - 4b487190-7547-40c7-b780-43c37a89e8eb: start LeaderElection
2019-10-18 07:54:05,740 [4b487190-7547-40c7-b780-43c37a89e8eb@group-BAC069DAEF17-LeaderElection65] INFO  impl.LeaderElection (LeaderElection.java:askForVotes(178)) - 4b487190-7547-40c7-b780-43c37a89e8eb@group-BAC069DAEF17-LeaderElection65: begin an election at term 53 for -1: [6fa005cd-25d6-4e29-bda6-9462a060c098:192.168.69.67:36093, 4b487190-7547-40c7-b780-43c37a89e8eb:192.168.69.67:39683, 3d3aac8b-d4d1-454d-bf0c-88a180692893:192.168.69.67:34429], old=null
2019-10-18 07:54:05,743 [grpc-default-executor-0] INFO  impl.RaftServerImpl (RaftServerImpl.java:setRole(184)) - 3d3aac8b-d4d1-454d-bf0c-88a180692893@group-BAC069DAEF17: changes role from  FOLLOWER to FOLLOWER at term 53 for recognizeCandidate:4b487190-7547-40c7-b780-43c37a89e8eb
2019-10-18 07:54:05,743 [grpc-default-executor-3] INFO  impl.RaftServerImpl (RaftServerImpl.java:setRole(184)) - 6fa005cd-25d6-4e29-bda6-9462a060c098@group-BAC069DAEF17: changes role from  FOLLOWER to FOLLOWER at term 53 for recognizeCandidate:4b487190-7547-40c7-b780-43c37a89e8eb
2019-10-18 07:54:05,744 [grpc-default-executor-3] INFO  impl.RoleInfo (RoleInfo.java:shutdownFollowerState(121)) - 6fa005cd-25d6-4e29-bda6-9462a060c098: shutdown FollowerState
2019-10-18 07:54:05,744 [grpc-default-executor-0] INFO  impl.RoleInfo (RoleInfo.java:shutdownFollowerState(121)) - 3d3aac8b-d4d1-454d-bf0c-88a180692893: shutdown FollowerState
2019-10-18 07:54:05,744 [Thread-725] INFO  impl.FollowerState (FollowerState.java:run(117)) - 6fa005cd-25d6-4e29-bda6-9462a060c098@group-BAC069DAEF17-FollowerState was interrupted: java.lang.InterruptedException: sleep interrupted
2019-10-18 07:54:05,744 [grpc-default-executor-3] INFO  impl.RoleInfo (RoleInfo.java:updateAndGet(143)) - 6fa005cd-25d6-4e29-bda6-9462a060c098: start FollowerState
2019-10-18 07:54:05,744 [Thread-724] INFO  impl.FollowerState (FollowerState.java:run(117)) - 3d3aac8b-d4d1-454d-bf0c-88a180692893@group-BAC069DAEF17-FollowerState was interrupted: java.lang.InterruptedException: sleep interrupted
2019-10-18 07:54:05,744 [grpc-default-executor-0] INFO  impl.RoleInfo (RoleInfo.java:updateAndGet(143)) - 3d3aac8b-d4d1-454d-bf0c-88a180692893: start FollowerState
2019-10-18 07:54:05,771 [4b487190-7547-40c7-b780-43c37a89e8eb@group-BAC069DAEF17-LeaderElection65] INFO  impl.LeaderElection (LeaderElection.java:logAndReturn(56)) - 4b487190-7547-40c7-b780-43c37a89e8eb@group-BAC069DAEF17-LeaderElection65: Election REJECTED; received 2 response(s) [4b487190-7547-40c7-b780-43c37a89e8eb<-6fa005cd-25d6-4e29-bda6-9462a060c098#0:FAIL-t53, 4b487190-7547-40c7-b780-43c37a89e8eb<-3d3aac8b-d4d1-454d-bf0c-88a180692893#0:FAIL-t53] and 0 exception(s); 4b487190-7547-40c7-b780-43c37a89e8eb@group-BAC069DAEF17:t53, leader=null, voted=4b487190-7547-40c7-b780-43c37a89e8eb, raftlog=4b487190-7547-40c7-b780-43c37a89e8eb@group-BAC069DAEF17-SegmentedRaftLog:OPENED:c-1,f-1,i0, conf=-1: [6fa005cd-25d6-4e29-bda6-9462a060c098:192.168.69.67:36093, 4b487190-7547-40c7-b780-43c37a89e8eb:192.168.69.67:39683, 3d3aac8b-d4d1-454d-bf0c-88a180692893:192.168.69.67:34429], old=null
2019-10-18 07:54:05,771 [4b487190-7547-40c7-b780-43c37a89e8eb@group-BAC069DAEF17-LeaderElection65] INFO  impl.RaftServerImpl (RaftServerImpl.java:setRole(184)) - 4b487190-7547-40c7-b780-43c37a89e8eb@group-BAC069DAEF17: changes role from CANDIDATE to FOLLOWER at term 53 for DISCOVERED_A_NEW_TERM
2019-10-18 07:54:05,771 [4b487190-7547-40c7-b780-43c37a89e8eb@group-BAC069DAEF17-LeaderElection65] INFO  impl.RoleInfo (RoleInfo.java:shutdownLeaderElection(134)) - 4b487190-7547-40c7-b780-43c37a89e8eb: shutdown LeaderElection
2019-10-18 07:54:05,771 [4b487190-7547-40c7-b780-43c37a89e8eb@group-BAC069DAEF17-LeaderElection65] INFO  impl.RoleInfo (RoleInfo.java:updateAndGet(143)) - 4b487190-7547-40c7-b780-43c37a89e8eb: start FollowerState
2019-10-18 07:54:05,900 [Thread-732] INFO  impl.FollowerState (FollowerState.java:run(108)) - 4b487190-7547-40c7-b780-43c37a89e8eb@group-BAC069DAEF17-FollowerState: change to CANDIDATE, lastRpcTime:129ms, electionTimeout:129ms
2019-10-18 07:54:05,901 [Thread-732] INFO  impl.RoleInfo (RoleInfo.java:shutdownFollowerState(121)) - 4b487190-7547-40c7-b780-43c37a89e8eb: shutdown FollowerState
2019-10-18 07:54:05,901 [Thread-732] INFO  impl.RaftServerImpl (RaftServerImpl.java:setRole(184)) - 4b487190-7547-40c7-b780-43c37a89e8eb@group-BAC069DAEF17: changes role from  FOLLOWER to CANDIDATE at term 53 for changeToCandidate
2019-10-18 07:54:05,901 [Thread-732] INFO  impl.RoleInfo (RoleInfo.java:updateAndGet(143)) - 4b487190-7547-40c7-b780-43c37a89e8eb: start LeaderElection
2019-10-18 07:54:05,923 [4b487190-7547-40c7-b780-43c37a89e8eb@group-BAC069DAEF17-LeaderElection66] INFO  impl.LeaderElection (LeaderElection.java:askForVotes(178)) - 4b487190-7547-40c7-b780-43c37a89e8eb@group-BAC069DAEF17-LeaderElection66: begin an election at term 54 for -1: [6fa005cd-25d6-4e29-bda6-9462a060c098:192.168.69.67:36093, 4b487190-7547-40c7-b780-43c37a89e8eb:192.168.69.67:39683, 3d3aac8b-d4d1-454d-bf0c-88a180692893:192.168.69.67:34429], old=null
2019-10-18 07:54:05,926 [grpc-default-executor-3] INFO  impl.RaftServerImpl (RaftServerImpl.java:setRole(184)) - 6fa005cd-25d6-4e29-bda6-9462a060c098@group-BAC069DAEF17: changes role from  FOLLOWER to FOLLOWER at term 54 for recognizeCandidate:4b487190-7547-40c7-b780-43c37a89e8eb
2019-10-18 07:54:05,926 [grpc-default-executor-0] INFO  impl.RaftServerImpl (RaftServerImpl.java:setRole(184)) - 3d3aac8b-d4d1-454d-bf0c-88a180692893@group-BAC069DAEF17: changes role from  FOLLOWER to FOLLOWER at term 54 for recognizeCandidate:4b487190-7547-40c7-b780-43c37a89e8eb
2019-10-18 07:54:05,926 [grpc-default-executor-3] INFO  impl.RoleInfo (RoleInfo.java:shutdownFollowerState(121)) - 6fa005cd-25d6-4e29-bda6-9462a060c098: shutdown FollowerState
2019-10-18 07:54:05,926 [grpc-default-executor-0] INFO  impl.RoleInfo (RoleInfo.java:shutdownFollowerState(121)) - 3d3aac8b-d4d1-454d-bf0c-88a180692893: shutdown FollowerState
2019-10-18 07:54:05,926 [Thread-731] INFO  impl.FollowerState (FollowerState.java:run(117)) - 3d3aac8b-d4d1-454d-bf0c-88a180692893@group-BAC069DAEF17-FollowerState was interrupted: java.lang.InterruptedException: sleep interrupted
2019-10-18 07:54:05,926 [Thread-730] INFO  impl.FollowerState (FollowerState.java:run(117)) - 6fa005cd-25d6-4e29-bda6-9462a060c098@group-BAC069DAEF17-FollowerState was interrupted: java.lang.InterruptedException: sleep interrupted
2019-10-18 07:54:05,926 [grpc-default-executor-3] INFO  impl.RoleInfo (RoleInfo.java:updateAndGet(143)) - 6fa005cd-25d6-4e29-bda6-9462a060c098: start FollowerState
2019-10-18 07:54:05,926 [grpc-default-executor-0] INFO  impl.RoleInfo (RoleInfo.java:updateAndGet(143)) - 3d3aac8b-d4d1-454d-bf0c-88a180692893: start FollowerState
2019-10-18 07:54:05,944 [4b487190-7547-40c7-b780-43c37a89e8eb@group-BAC069DAEF17-LeaderElection66] INFO  impl.LeaderElection (LeaderElection.java:logAndReturn(56)) - 4b487190-7547-40c7-b780-43c37a89e8eb@group-BAC069DAEF17-LeaderElection66: Election TIMEOUT; received 0 response(s) [] and 0 exception(s); 4b487190-7547-40c7-b780-43c37a89e8eb@group-BAC069DAEF17:t54, leader=null, voted=4b487190-7547-40c7-b780-43c37a89e8eb, raftlog=4b487190-7547-40c7-b780-43c37a89e8eb@group-BAC069DAEF17-SegmentedRaftLog:OPENED:c-1,f-1,i0, conf=-1: [6fa005cd-25d6-4e29-bda6-9462a060c098:192.168.69.67:36093, 4b487190-7547-40c7-b780-43c37a89e8eb:192.168.69.67:39683, 3d3aac8b-d4d1-454d-bf0c-88a180692893:192.168.69.67:34429], old=null
2019-10-18 07:54:05,959 [4b487190-7547-40c7-b780-43c37a89e8eb@group-BAC069DAEF17-LeaderElection66] INFO  impl.LeaderElection (LeaderElection.java:askForVotes(178)) - 4b487190-7547-40c7-b780-43c37a89e8eb@group-BAC069DAEF17-LeaderElection66: begin an election at term 55 for -1: [6fa005cd-25d6-4e29-bda6-9462a060c098:192.168.69.67:36093, 4b487190-7547-40c7-b780-43c37a89e8eb:192.168.69.67:39683, 3d3aac8b-d4d1-454d-bf0c-88a180692893:192.168.69.67:34429], old=null
2019-10-18 07:54:05,961 [grpc-default-executor-3] INFO  impl.RaftServerImpl (RaftServerImpl.java:setRole(184)) - 6fa005cd-25d6-4e29-bda6-9462a060c098@group-BAC069DAEF17: changes role from  FOLLOWER to FOLLOWER at term 55 for recognizeCandidate:4b487190-7547-40c7-b780-43c37a89e8eb
2019-10-18 07:54:05,961 [grpc-default-executor-3] INFO  impl.RoleInfo (RoleInfo.java:shutdownFollowerState(121)) - 6fa005cd-25d6-4e29-bda6-9462a060c098: shutdown FollowerState
2019-10-18 07:54:05,961 [grpc-default-executor-0] INFO  impl.RaftServerImpl (RaftServerImpl.java:setRole(184)) - 3d3aac8b-d4d1-454d-bf0c-88a180692893@group-BAC069DAEF17: changes role from  FOLLOWER to FOLLOWER at term 55 for recognizeCandidate:4b487190-7547-40c7-b780-43c37a89e8eb
2019-10-18 07:54:05,962 [Thread-736] INFO  impl.FollowerState (FollowerState.java:run(117)) - 6fa005cd-25d6-4e29-bda6-9462a060c098@group-BAC069DAEF17-FollowerState was interrupted: java.lang.InterruptedException: sleep interrupted
2019-10-18 07:54:05,962 [grpc-default-executor-3] INFO  impl.RoleInfo (RoleInfo.java:updateAndGet(143)) - 6fa005cd-25d6-4e29-bda6-9462a060c098: start FollowerState
2019-10-18 07:54:05,962 [grpc-default-executor-0] INFO  impl.RoleInfo (RoleInfo.java:shutdownFollowerState(121)) - 3d3aac8b-d4d1-454d-bf0c-88a180692893: shutdown FollowerState
2019-10-18 07:54:05,962 [grpc-default-executor-0] INFO  impl.RoleInfo (RoleInfo.java:updateAndGet(143)) - 3d3aac8b-d4d1-454d-bf0c-88a180692893: start FollowerState
2019-10-18 07:54:05,962 [Thread-737] INFO  impl.FollowerState (FollowerState.java:run(117)) - 3d3aac8b-d4d1-454d-bf0c-88a180692893@group-BAC069DAEF17-FollowerState was interrupted: java.lang.InterruptedException: sleep interrupted
2019-10-18 07:54:05,980 [4b487190-7547-40c7-b780-43c37a89e8eb@group-BAC069DAEF17-LeaderElection66] INFO  impl.LeaderElection (LeaderElection.java:logAndReturn(56)) - 4b487190-7547-40c7-b780-43c37a89e8eb@group-BAC069DAEF17-LeaderElection66: Election REJECTED; received 2 response(s) [4b487190-7547-40c7-b780-43c37a89e8eb<-6fa005cd-25d6-4e29-bda6-9462a060c098#0:FAIL-t55, 4b487190-7547-40c7-b780-43c37a89e8eb<-3d3aac8b-d4d1-454d-bf0c-88a180692893#0:FAIL-t55] and 0 exception(s); 4b487190-7547-40c7-b780-43c37a89e8eb@group-BAC069DAEF17:t55, leader=null, voted=4b487190-7547-40c7-b780-43c37a89e8eb, raftlog=4b487190-7547-40c7-b780-43c37a89e8eb@group-BAC069DAEF17-SegmentedRaftLog:OPENED:c-1,f-1,i0, conf=-1: [6fa005cd-25d6-4e29-bda6-9462a060c098:192.168.69.67:36093, 4b487190-7547-40c7-b780-43c37a89e8eb:192.168.69.67:39683, 3d3aac8b-d4d1-454d-bf0c-88a180692893:192.168.69.67:34429], old=null
2019-10-18 07:54:05,980 [4b487190-7547-40c7-b780-43c37a89e8eb@group-BAC069DAEF17-LeaderElection66] INFO  impl.RaftServerImpl (RaftServerImpl.java:setRole(184)) - 4b487190-7547-40c7-b780-43c37a89e8eb@group-BAC069DAEF17: changes role from CANDIDATE to FOLLOWER at term 55 for DISCOVERED_A_NEW_TERM
2019-10-18 07:54:05,981 [4b487190-7547-40c7-b780-43c37a89e8eb@group-BAC069DAEF17-LeaderElection66] INFO  impl.RoleInfo (RoleInfo.java:shutdownLeaderElection(134)) - 4b487190-7547-40c7-b780-43c37a89e8eb: shutdown LeaderElection
2019-10-18 07:54:05,981 [4b487190-7547-40c7-b780-43c37a89e8eb@group-BAC069DAEF17-LeaderElection66] INFO  impl.RoleInfo (RoleInfo.java:updateAndGet(143)) - 4b487190-7547-40c7-b780-43c37a89e8eb: start FollowerState
2019-10-18 07:54:06,095 [Thread-742] INFO  impl.FollowerState (FollowerState.java:run(108)) - 4b487190-7547-40c7-b780-43c37a89e8eb@group-BAC069DAEF17-FollowerState: change to CANDIDATE, lastRpcTime:114ms, electionTimeout:114ms
2019-10-18 07:54:06,096 [Thread-742] INFO  impl.RoleInfo (RoleInfo.java:shutdownFollowerState(121)) - 4b487190-7547-40c7-b780-43c37a89e8eb: shutdown FollowerState
2019-10-18 07:54:06,096 [Thread-742] INFO  impl.RaftServerImpl (RaftServerImpl.java:setRole(184)) - 4b487190-7547-40c7-b780-43c37a89e8eb@group-BAC069DAEF17: changes role from  FOLLOWER to CANDIDATE at term 55 for changeToCandidate
2019-10-18 07:54:06,096 [Thread-742] INFO  impl.RoleInfo (RoleInfo.java:updateAndGet(143)) - 4b487190-7547-40c7-b780-43c37a89e8eb: start LeaderElection
2019-10-18 07:54:06,109 [4b487190-7547-40c7-b780-43c37a89e8eb@group-BAC069DAEF17-LeaderElection67] INFO  impl.LeaderElection (LeaderElection.java:askForVotes(178)) - 4b487190-7547-40c7-b780-43c37a89e8eb@group-BAC069DAEF17-LeaderElection67: begin an election at term 56 for -1: [6fa005cd-25d6-4e29-bda6-9462a060c098:192.168.69.67:36093, 4b487190-7547-40c7-b780-43c37a89e8eb:192.168.69.67:39683, 3d3aac8b-d4d1-454d-bf0c-88a180692893:192.168.69.67:34429], old=null
2019-10-18 07:54:06,112 [grpc-default-executor-3] INFO  impl.RaftServerImpl (RaftServerImpl.java:setRole(184)) - 6fa005cd-25d6-4e29-bda6-9462a060c098@group-BAC069DAEF17: changes role from  FOLLOWER to FOLLOWER at term 56 for recognizeCandidate:4b487190-7547-40c7-b780-43c37a89e8eb
2019-10-18 07:54:06,112 [grpc-default-executor-0] INFO  impl.RaftServerImpl (RaftServerImpl.java:setRole(184)) - 3d3aac8b-d4d1-454d-bf0c-88a180692893@group-BAC069DAEF17: changes role from  FOLLOWER to FOLLOWER at term 56 for recognizeCandidate:4b487190-7547-40c7-b780-43c37a89e8eb
2019-10-18 07:54:06,113 [grpc-default-executor-3] INFO  impl.RoleInfo (RoleInfo.java:shutdownFollowerState(121)) - 6fa005cd-25d6-4e29-bda6-9462a060c098: shutdown FollowerState
2019-10-18 07:54:06,113 [grpc-default-executor-0] INFO  impl.RoleInfo (RoleInfo.java:shutdownFollowerState(121)) - 3d3aac8b-d4d1-454d-bf0c-88a180692893: shutdown FollowerState
2019-10-18 07:54:06,113 [grpc-default-executor-3] INFO  impl.RoleInfo (RoleInfo.java:updateAndGet(143)) - 6fa005cd-25d6-4e29-bda6-9462a060c098: start FollowerState
2019-10-18 07:54:06,113 [Thread-740] INFO  impl.FollowerState (FollowerState.java:run(117)) - 6fa005cd-25d6-4e29-bda6-9462a060c098@group-BAC069DAEF17-FollowerState was interrupted: java.lang.InterruptedException: sleep interrupted
2019-10-18 07:54:06,113 [Thread-741] INFO  impl.FollowerState (FollowerState.java:run(117)) - 3d3aac8b-d4d1-454d-bf0c-88a180692893@group-BAC069DAEF17-FollowerState was interrupted: java.lang.InterruptedException: sleep interrupted
2019-10-18 07:54:06,113 [grpc-default-executor-0] INFO  impl.RoleInfo (RoleInfo.java:updateAndGet(143)) - 3d3aac8b-d4d1-454d-bf0c-88a180692893: start FollowerState
2019-10-18 07:54:06,129 [4b487190-7547-40c7-b780-43c37a89e8eb@group-BAC069DAEF17-LeaderElection67] INFO  impl.LeaderElection (LeaderElection.java:logAndReturn(56)) - 4b487190-7547-40c7-b780-43c37a89e8eb@group-BAC069DAEF17-LeaderElection67: Election REJECTED; received 2 response(s) [4b487190-7547-40c7-b780-43c37a89e8eb<-6fa005cd-25d6-4e29-bda6-9462a060c098#0:FAIL-t56, 4b487190-7547-40c7-b780-43c37a89e8eb<-3d3aac8b-d4d1-454d-bf0c-88a180692893#0:FAIL-t56] and 0 exception(s); 4b487190-7547-40c7-b780-43c37a89e8eb@group-BAC069DAEF17:t56, leader=null, voted=4b487190-7547-40c7-b780-43c37a89e8eb, raftlog=4b487190-7547-40c7-b780-43c37a89e8eb@group-BAC069DAEF17-SegmentedRaftLog:OPENED:c-1,f-1,i0, conf=-1: [6fa005cd-25d6-4e29-bda6-9462a060c098:192.168.69.67:36093, 4b487190-7547-40c7-b780-43c37a89e8eb:192.168.69.67:39683, 3d3aac8b-d4d1-454d-bf0c-88a180692893:192.168.69.67:34429], old=null
2019-10-18 07:54:06,129 [4b487190-7547-40c7-b780-43c37a89e8eb@group-BAC069DAEF17-LeaderElection67] INFO  impl.RaftServerImpl (RaftServerImpl.java:setRole(184)) - 4b487190-7547-40c7-b780-43c37a89e8eb@group-BAC069DAEF17: changes role from CANDIDATE to FOLLOWER at term 56 for DISCOVERED_A_NEW_TERM
2019-10-18 07:54:06,130 [4b487190-7547-40c7-b780-43c37a89e8eb@group-BAC069DAEF17-LeaderElection67] INFO  impl.RoleInfo (RoleInfo.java:shutdownLeaderElection(134)) - 4b487190-7547-40c7-b780-43c37a89e8eb: shutdown LeaderElection
2019-10-18 07:54:06,130 [4b487190-7547-40c7-b780-43c37a89e8eb@group-BAC069DAEF17-LeaderElection67] INFO  impl.RoleInfo (RoleInfo.java:updateAndGet(143)) - 4b487190-7547-40c7-b780-43c37a89e8eb: start FollowerState
2019-10-18 07:54:06,259 [Thread-748] INFO  impl.FollowerState (FollowerState.java:run(108)) - 4b487190-7547-40c7-b780-43c37a89e8eb@group-BAC069DAEF17-FollowerState: change to CANDIDATE, lastRpcTime:129ms, electionTimeout:129ms
2019-10-18 07:54:06,259 [Thread-748] INFO  impl.RoleInfo (RoleInfo.java:shutdownFollowerState(121)) - 4b487190-7547-40c7-b780-43c37a89e8eb: shutdown FollowerState
2019-10-18 07:54:06,260 [Thread-748] INFO  impl.RaftServerImpl (RaftServerImpl.java:setRole(184)) - 4b487190-7547-40c7-b780-43c37a89e8eb@group-BAC069DAEF17: changes role from  FOLLOWER to CANDIDATE at term 56 for changeToCandidate
2019-10-18 07:54:06,260 [Thread-748] INFO  impl.RoleInfo (RoleInfo.java:updateAndGet(143)) - 4b487190-7547-40c7-b780-43c37a89e8eb: start LeaderElection
2019-10-18 07:54:06,274 [4b487190-7547-40c7-b780-43c37a89e8eb@group-BAC069DAEF17-LeaderElection68] INFO  impl.LeaderElection (LeaderElection.java:askForVotes(178)) - 4b487190-7547-40c7-b780-43c37a89e8eb@group-BAC069DAEF17-LeaderElection68: begin an election at term 57 for -1: [6fa005cd-25d6-4e29-bda6-9462a060c098:192.168.69.67:36093, 4b487190-7547-40c7-b780-43c37a89e8eb:192.168.69.67:39683, 3d3aac8b-d4d1-454d-bf0c-88a180692893:192.168.69.67:34429], old=null
2019-10-18 07:54:06,277 [grpc-default-executor-0] INFO  impl.RaftServerImpl (RaftServerImpl.java:setRole(184)) - 6fa005cd-25d6-4e29-bda6-9462a060c098@group-BAC069DAEF17: changes role from  FOLLOWER to FOLLOWER at term 57 for recognizeCandidate:4b487190-7547-40c7-b780-43c37a89e8eb
2019-10-18 07:54:06,277 [grpc-default-executor-3] INFO  impl.RaftServerImpl (RaftServerImpl.java:setRole(184)) - 3d3aac8b-d4d1-454d-bf0c-88a180692893@group-BAC069DAEF17: changes role from  FOLLOWER to FOLLOWER at term 57 for recognizeCandidate:4b487190-7547-40c7-b780-43c37a89e8eb
2019-10-18 07:54:06,277 [grpc-default-executor-0] INFO  impl.RoleInfo (RoleInfo.java:shutdownFollowerState(121)) - 6fa005cd-25d6-4e29-bda6-9462a060c098: shutdown FollowerState
2019-10-18 07:54:06,277 [grpc-default-executor-3] INFO  impl.RoleInfo (RoleInfo.java:shutdownFollowerState(121)) - 3d3aac8b-d4d1-454d-bf0c-88a180692893: shutdown FollowerState
2019-10-18 07:54:06,277 [Thread-746] INFO  impl.FollowerState (FollowerState.java:run(117)) - 6fa005cd-25d6-4e29-bda6-9462a060c098@group-BAC069DAEF17-FollowerState was interrupted: java.lang.InterruptedException: sleep interrupted
2019-10-18 07:54:06,277 [grpc-default-executor-0] INFO  impl.RoleInfo (RoleInfo.java:updateAndGet(143)) - 6fa005cd-25d6-4e29-bda6-9462a060c098: start FollowerState
2019-10-18 07:54:06,278 [Thread-747] INFO  impl.FollowerState (FollowerState.java:run(117)) - 3d3aac8b-d4d1-454d-bf0c-88a180692893@group-BAC069DAEF17-FollowerState was interrupted: java.lang.InterruptedException: sleep interrupted
2019-10-18 07:54:06,278 [grpc-default-executor-3] INFO  impl.RoleInfo (RoleInfo.java:updateAndGet(143)) - 3d3aac8b-d4d1-454d-bf0c-88a180692893: start FollowerState
2019-10-18 07:54:06,294 [4b487190-7547-40c7-b780-43c37a89e8eb@group-BAC069DAEF17-LeaderElection68] INFO  impl.LeaderElection (LeaderElection.java:logAndReturn(56)) - 4b487190-7547-40c7-b780-43c37a89e8eb@group-BAC069DAEF17-LeaderElection68: Election REJECTED; received 2 response(s) [4b487190-7547-40c7-b780-43c37a89e8eb<-6fa005cd-25d6-4e29-bda6-9462a060c098#0:FAIL-t57, 4b487190-7547-40c7-b780-43c37a89e8eb<-3d3aac8b-d4d1-454d-bf0c-88a180692893#0:FAIL-t57] and 0 exception(s); 4b487190-7547-40c7-b780-43c37a89e8eb@group-BAC069DAEF17:t57, leader=null, voted=4b487190-7547-40c7-b780-43c37a89e8eb, raftlog=4b487190-7547-40c7-b780-43c37a89e8eb@group-BAC069DAEF17-SegmentedRaftLog:OPENED:c-1,f-1,i0, conf=-1: [6fa005cd-25d6-4e29-bda6-9462a060c098:192.168.69.67:36093, 4b487190-7547-40c7-b780-43c37a89e8eb:192.168.69.67:39683, 3d3aac8b-d4d1-454d-bf0c-88a180692893:192.168.69.67:34429], old=null
2019-10-18 07:54:06,294 [4b487190-7547-40c7-b780-43c37a89e8eb@group-BAC069DAEF17-LeaderElection68] INFO  impl.RaftServerImpl (RaftServerImpl.java:setRole(184)) - 4b487190-7547-40c7-b780-43c37a89e8eb@group-BAC069DAEF17: changes role from CANDIDATE to FOLLOWER at term 57 for DISCOVERED_A_NEW_TERM
2019-10-18 07:54:06,295 [4b487190-7547-40c7-b780-43c37a89e8eb@group-BAC069DAEF17-LeaderElection68] INFO  impl.RoleInfo (RoleInfo.java:shutdownLeaderElection(134)) - 4b487190-7547-40c7-b780-43c37a89e8eb: shutdown LeaderElection
2019-10-18 07:54:06,295 [4b487190-7547-40c7-b780-43c37a89e8eb@group-BAC069DAEF17-LeaderElection68] INFO  impl.RoleInfo (RoleInfo.java:updateAndGet(143)) - 4b487190-7547-40c7-b780-43c37a89e8eb: start FollowerState
2019-10-18 07:54:06,445 [Thread-754] INFO  impl.FollowerState (FollowerState.java:run(108)) - 4b487190-7547-40c7-b780-43c37a89e8eb@group-BAC069DAEF17-FollowerState: change to CANDIDATE, lastRpcTime:150ms, electionTimeout:150ms
2019-10-18 07:54:06,445 [Thread-754] INFO  impl.RoleInfo (RoleInfo.java:shutdownFollowerState(121)) - 4b487190-7547-40c7-b780-43c37a89e8eb: shutdown FollowerState
2019-10-18 07:54:06,446 [Thread-754] INFO  impl.RaftServerImpl (RaftServerImpl.java:setRole(184)) - 4b487190-7547-40c7-b780-43c37a89e8eb@group-BAC069DAEF17: changes role from  FOLLOWER to CANDIDATE at term 57 for changeToCandidate
2019-10-18 07:54:06,446 [Thread-754] INFO  impl.RoleInfo (RoleInfo.java:updateAndGet(143)) - 4b487190-7547-40c7-b780-43c37a89e8eb: start LeaderElection
2019-10-18 07:54:06,461 [4b487190-7547-40c7-b780-43c37a89e8eb@group-BAC069DAEF17-LeaderElection69] INFO  impl.LeaderElection (LeaderElection.java:askForVotes(178)) - 4b487190-7547-40c7-b780-43c37a89e8eb@group-BAC069DAEF17-LeaderElection69: begin an election at term 58 for -1: [6fa005cd-25d6-4e29-bda6-9462a060c098:192.168.69.67:36093, 4b487190-7547-40c7-b780-43c37a89e8eb:192.168.69.67:39683, 3d3aac8b-d4d1-454d-bf0c-88a180692893:192.168.69.67:34429], old=null
2019-10-18 07:54:06,464 [grpc-default-executor-0] INFO  impl.RaftServerImpl (RaftServerImpl.java:setRole(184)) - 3d3aac8b-d4d1-454d-bf0c-88a180692893@group-BAC069DAEF17: changes role from  FOLLOWER to FOLLOWER at term 58 for recognizeCandidate:4b487190-7547-40c7-b780-43c37a89e8eb
2019-10-18 07:54:06,464 [grpc-default-executor-3] INFO  impl.RaftServerImpl (RaftServerImpl.java:setRole(184)) - 6fa005cd-25d6-4e29-bda6-9462a060c098@group-BAC069DAEF17: changes role from  FOLLOWER to FOLLOWER at term 58 for recognizeCandidate:4b487190-7547-40c7-b780-43c37a89e8eb
2019-10-18 07:54:06,464 [grpc-default-executor-0] INFO  impl.RoleInfo (RoleInfo.java:shutdownFollowerState(121)) - 3d3aac8b-d4d1-454d-bf0c-88a180692893: shutdown FollowerState
2019-10-18 07:54:06,464 [grpc-default-executor-3] INFO  impl.RoleInfo (RoleInfo.java:shutdownFollowerState(121)) - 6fa005cd-25d6-4e29-bda6-9462a060c098: shutdown FollowerState
2019-10-18 07:54:06,465 [Thread-753] INFO  impl.FollowerState (FollowerState.java:run(117)) - 3d3aac8b-d4d1-454d-bf0c-88a180692893@group-BAC069DAEF17-FollowerState was interrupted: java.lang.InterruptedException: sleep interrupted
2019-10-18 07:54:06,465 [grpc-default-executor-0] INFO  impl.RoleInfo (RoleInfo.java:updateAndGet(143)) - 3d3aac8b-d4d1-454d-bf0c-88a180692893: start FollowerState
2019-10-18 07:54:06,465 [Thread-752] INFO  impl.FollowerState (FollowerState.java:run(117)) - 6fa005cd-25d6-4e29-bda6-9462a060c098@group-BAC069DAEF17-FollowerState was interrupted: java.lang.InterruptedException: sleep interrupted
2019-10-18 07:54:06,465 [grpc-default-executor-3] INFO  impl.RoleInfo (RoleInfo.java:updateAndGet(143)) - 6fa005cd-25d6-4e29-bda6-9462a060c098: start FollowerState
2019-10-18 07:54:06,478 [4b487190-7547-40c7-b780-43c37a89e8eb@group-BAC069DAEF17-LeaderElection69] INFO  impl.LeaderElection (LeaderElection.java:logAndReturn(56)) - 4b487190-7547-40c7-b780-43c37a89e8eb@group-BAC069DAEF17-LeaderElection69: Election REJECTED; received 2 response(s) [4b487190-7547-40c7-b780-43c37a89e8eb<-6fa005cd-25d6-4e29-bda6-9462a060c098#0:FAIL-t58, 4b487190-7547-40c7-b780-43c37a89e8eb<-3d3aac8b-d4d1-454d-bf0c-88a180692893#0:FAIL-t58] and 0 exception(s); 4b487190-7547-40c7-b780-43c37a89e8eb@group-BAC069DAEF17:t58, leader=null, voted=4b487190-7547-40c7-b780-43c37a89e8eb, raftlog=4b487190-7547-40c7-b780-43c37a89e8eb@group-BAC069DAEF17-SegmentedRaftLog:OPENED:c-1,f-1,i0, conf=-1: [6fa005cd-25d6-4e29-bda6-9462a060c098:192.168.69.67:36093, 4b487190-7547-40c7-b780-43c37a89e8eb:192.168.69.67:39683, 3d3aac8b-d4d1-454d-bf0c-88a180692893:192.168.69.67:34429], old=null
2019-10-18 07:54:06,478 [4b487190-7547-40c7-b780-43c37a89e8eb@group-BAC069DAEF17-LeaderElection69] INFO  impl.RaftServerImpl (RaftServerImpl.java:setRole(184)) - 4b487190-7547-40c7-b780-43c37a89e8eb@group-BAC069DAEF17: changes role from CANDIDATE to FOLLOWER at term 58 for DISCOVERED_A_NEW_TERM
2019-10-18 07:54:06,478 [4b487190-7547-40c7-b780-43c37a89e8eb@group-BAC069DAEF17-LeaderElection69] INFO  impl.RoleInfo (RoleInfo.java:shutdownLeaderElection(134)) - 4b487190-7547-40c7-b780-43c37a89e8eb: shutdown LeaderElection
2019-10-18 07:54:06,478 [4b487190-7547-40c7-b780-43c37a89e8eb@group-BAC069DAEF17-LeaderElection69] INFO  impl.RoleInfo (RoleInfo.java:updateAndGet(143)) - 4b487190-7547-40c7-b780-43c37a89e8eb: start FollowerState
2019-10-18 07:54:06,656 [Thread-760] INFO  impl.FollowerState (FollowerState.java:run(108)) - 4b487190-7547-40c7-b780-43c37a89e8eb@group-BAC069DAEF17-FollowerState: change to CANDIDATE, lastRpcTime:177ms, electionTimeout:177ms
2019-10-18 07:54:06,656 [Thread-760] INFO  impl.RoleInfo (RoleInfo.java:shutdownFollowerState(121)) - 4b487190-7547-40c7-b780-43c37a89e8eb: shutdown FollowerState
2019-10-18 07:54:06,656 [Thread-760] INFO  impl.RaftServerImpl (RaftServerImpl.java:setRole(184)) - 4b487190-7547-40c7-b780-43c37a89e8eb@group-BAC069DAEF17: changes role from  FOLLOWER to CANDIDATE at term 58 for changeToCandidate
2019-10-18 07:54:06,656 [Thread-760] INFO  impl.RoleInfo (RoleInfo.java:updateAndGet(143)) - 4b487190-7547-40c7-b780-43c37a89e8eb: start LeaderElection
2019-10-18 07:54:06,670 [4b487190-7547-40c7-b780-43c37a89e8eb@group-BAC069DAEF17-LeaderElection70] INFO  impl.LeaderElection (LeaderElection.java:askForVotes(178)) - 4b487190-7547-40c7-b780-43c37a89e8eb@group-BAC069DAEF17-LeaderElection70: begin an election at term 59 for -1: [6fa005cd-25d6-4e29-bda6-9462a060c098:192.168.69.67:36093, 4b487190-7547-40c7-b780-43c37a89e8eb:192.168.69.67:39683, 3d3aac8b-d4d1-454d-bf0c-88a180692893:192.168.69.67:34429], old=null
2019-10-18 07:54:06,674 [grpc-default-executor-0] INFO  impl.RaftServerImpl (RaftServerImpl.java:setRole(184)) - 6fa005cd-25d6-4e29-bda6-9462a060c098@group-BAC069DAEF17: changes role from  FOLLOWER to FOLLOWER at term 59 for recognizeCandidate:4b487190-7547-40c7-b780-43c37a89e8eb
2019-10-18 07:54:06,674 [grpc-default-executor-3] INFO  impl.RaftServerImpl (RaftServerImpl.java:setRole(184)) - 3d3aac8b-d4d1-454d-bf0c-88a180692893@group-BAC069DAEF17: changes role from  FOLLOWER to FOLLOWER at term 59 for recognizeCandidate:4b487190-7547-40c7-b780-43c37a89e8eb
2019-10-18 07:54:06,674 [grpc-default-executor-0] INFO  impl.RoleInfo (RoleInfo.java:shutdownFollowerState(121)) - 6fa005cd-25d6-4e29-bda6-9462a060c098: shutdown FollowerState
2019-10-18 07:54:06,674 [grpc-default-executor-3] INFO  impl.RoleInfo (RoleInfo.java:shutdownFollowerState(121)) - 3d3aac8b-d4d1-454d-bf0c-88a180692893: shutdown FollowerState
2019-10-18 07:54:06,674 [Thread-759] INFO  impl.FollowerState (FollowerState.java:run(117)) - 6fa005cd-25d6-4e29-bda6-9462a060c098@group-BAC069DAEF17-FollowerState was interrupted: java.lang.InterruptedException: sleep interrupted
2019-10-18 07:54:06,674 [Thread-758] INFO  impl.FollowerState (FollowerState.java:run(117)) - 3d3aac8b-d4d1-454d-bf0c-88a180692893@group-BAC069DAEF17-FollowerState was interrupted: java.lang.InterruptedException: sleep interrupted
2019-10-18 07:54:06,674 [grpc-default-executor-0] INFO  impl.RoleInfo (RoleInfo.java:updateAndGet(143)) - 6fa005cd-25d6-4e29-bda6-9462a060c098: start FollowerState
2019-10-18 07:54:06,674 [grpc-default-executor-3] INFO  impl.RoleInfo (RoleInfo.java:updateAndGet(143)) - 3d3aac8b-d4d1-454d-bf0c-88a180692893: start FollowerState
2019-10-18 07:54:06,690 [4b487190-7547-40c7-b780-43c37a89e8eb@group-BAC069DAEF17-LeaderElection70] INFO  impl.LeaderElection (LeaderElection.java:logAndReturn(56)) - 4b487190-7547-40c7-b780-43c37a89e8eb@group-BAC069DAEF17-LeaderElection70: Election REJECTED; received 2 response(s) [4b487190-7547-40c7-b780-43c37a89e8eb<-6fa005cd-25d6-4e29-bda6-9462a060c098#0:FAIL-t59, 4b487190-7547-40c7-b780-43c37a89e8eb<-3d3aac8b-d4d1-454d-bf0c-88a180692893#0:FAIL-t59] and 0 exception(s); 4b487190-7547-40c7-b780-43c37a89e8eb@group-BAC069DAEF17:t59, leader=null, voted=4b487190-7547-40c7-b780-43c37a89e8eb, raftlog=4b487190-7547-40c7-b780-43c37a89e8eb@group-BAC069DAEF17-SegmentedRaftLog:OPENED:c-1,f-1,i0, conf=-1: [6fa005cd-25d6-4e29-bda6-9462a060c098:192.168.69.67:36093, 4b487190-7547-40c7-b780-43c37a89e8eb:192.168.69.67:39683, 3d3aac8b-d4d1-454d-bf0c-88a180692893:192.168.69.67:34429], old=null
2019-10-18 07:54:06,690 [4b487190-7547-40c7-b780-43c37a89e8eb@group-BAC069DAEF17-LeaderElection70] INFO  impl.RaftServerImpl (RaftServerImpl.java:setRole(184)) - 4b487190-7547-40c7-b780-43c37a89e8eb@group-BAC069DAEF17: changes role from CANDIDATE to FOLLOWER at term 59 for DISCOVERED_A_NEW_TERM
2019-10-18 07:54:06,690 [4b487190-7547-40c7-b780-43c37a89e8eb@group-BAC069DAEF17-LeaderElection70] INFO  impl.RoleInfo (RoleInfo.java:shutdownLeaderElection(134)) - 4b487190-7547-40c7-b780-43c37a89e8eb: shutdown LeaderElection
2019-10-18 07:54:06,690 [4b487190-7547-40c7-b780-43c37a89e8eb@group-BAC069DAEF17-LeaderElection70] INFO  impl.RoleInfo (RoleInfo.java:updateAndGet(143)) - 4b487190-7547-40c7-b780-43c37a89e8eb: start FollowerState
2019-10-18 07:54:06,693 [Thread-766] INFO  impl.FollowerState (FollowerState.java:run(108)) - 4b487190-7547-40c7-b780-43c37a89e8eb@group-BAC069DAEF17-FollowerState: change to CANDIDATE, lastRpcTime:2ms, electionTimeout:2ms
2019-10-18 07:54:06,693 [Thread-766] INFO  impl.RoleInfo (RoleInfo.java:shutdownFollowerState(121)) - 4b487190-7547-40c7-b780-43c37a89e8eb: shutdown FollowerState
2019-10-18 07:54:06,693 [Thread-766] INFO  impl.RaftServerImpl (RaftServerImpl.java:setRole(184)) - 4b487190-7547-40c7-b780-43c37a89e8eb@group-BAC069DAEF17: changes role from  FOLLOWER to CANDIDATE at term 59 for changeToCandidate
2019-10-18 07:54:06,693 [Thread-766] INFO  impl.RoleInfo (RoleInfo.java:updateAndGet(143)) - 4b487190-7547-40c7-b780-43c37a89e8eb: start LeaderElection
2019-10-18 07:54:06,709 [4b487190-7547-40c7-b780-43c37a89e8eb@group-BAC069DAEF17-LeaderElection71] INFO  impl.LeaderElection (LeaderElection.java:askForVotes(178)) - 4b487190-7547-40c7-b780-43c37a89e8eb@group-BAC069DAEF17-LeaderElection71: begin an election at term 60 for -1: [6fa005cd-25d6-4e29-bda6-9462a060c098:192.168.69.67:36093, 4b487190-7547-40c7-b780-43c37a89e8eb:192.168.69.67:39683, 3d3aac8b-d4d1-454d-bf0c-88a180692893:192.168.69.67:34429], old=null
2019-10-18 07:54:06,711 [grpc-default-executor-0] INFO  impl.RaftServerImpl (RaftServerImpl.java:setRole(184)) - 6fa005cd-25d6-4e29-bda6-9462a060c098@group-BAC069DAEF17: changes role from  FOLLOWER to FOLLOWER at term 60 for recognizeCandidate:4b487190-7547-40c7-b780-43c37a89e8eb
2019-10-18 07:54:06,712 [grpc-default-executor-3] INFO  impl.RaftServerImpl (RaftServerImpl.java:setRole(184)) - 3d3aac8b-d4d1-454d-bf0c-88a180692893@group-BAC069DAEF17: changes role from  FOLLOWER to FOLLOWER at term 60 for recognizeCandidate:4b487190-7547-40c7-b780-43c37a89e8eb
2019-10-18 07:54:06,712 [grpc-default-executor-0] INFO  impl.RoleInfo (RoleInfo.java:shutdownFollowerState(121)) - 6fa005cd-25d6-4e29-bda6-9462a060c098: shutdown FollowerState
2019-10-18 07:54:06,712 [grpc-default-executor-3] INFO  impl.RoleInfo (RoleInfo.java:shutdownFollowerState(121)) - 3d3aac8b-d4d1-454d-bf0c-88a180692893: shutdown FollowerState
2019-10-18 07:54:06,712 [Thread-764] INFO  impl.FollowerState (FollowerState.java:run(117)) - 6fa005cd-25d6-4e29-bda6-9462a060c098@group-BAC069DAEF17-FollowerState was interrupted: java.lang.InterruptedException: sleep interrupted
2019-10-18 07:54:06,712 [grpc-default-executor-3] INFO  impl.RoleInfo (RoleInfo.java:updateAndGet(143)) - 3d3aac8b-d4d1-454d-bf0c-88a180692893: start FollowerState
2019-10-18 07:54:06,712 [grpc-default-executor-0] INFO  impl.RoleInfo (RoleInfo.java:updateAndGet(143)) - 6fa005cd-25d6-4e29-bda6-9462a060c098: start FollowerState
2019-10-18 07:54:06,712 [Thread-765] INFO  impl.FollowerState (FollowerState.java:run(117)) - 3d3aac8b-d4d1-454d-bf0c-88a180692893@group-BAC069DAEF17-FollowerState was interrupted: java.lang.InterruptedException: sleep interrupted
2019-10-18 07:54:06,723 [4b487190-7547-40c7-b780-43c37a89e8eb@group-BAC069DAEF17-LeaderElection71] INFO  impl.LeaderElection (LeaderElection.java:logAndReturn(56)) - 4b487190-7547-40c7-b780-43c37a89e8eb@group-BAC069DAEF17-LeaderElection71: Election REJECTED; received 2 response(s) [4b487190-7547-40c7-b780-43c37a89e8eb<-6fa005cd-25d6-4e29-bda6-9462a060c098#0:FAIL-t60, 4b487190-7547-40c7-b780-43c37a89e8eb<-3d3aac8b-d4d1-454d-bf0c-88a180692893#0:FAIL-t60] and 0 exception(s); 4b487190-7547-40c7-b780-43c37a89e8eb@group-BAC069DAEF17:t60, leader=null, voted=4b487190-7547-40c7-b780-43c37a89e8eb, raftlog=4b487190-7547-40c7-b780-43c37a89e8eb@group-BAC069DAEF17-SegmentedRaftLog:OPENED:c-1,f-1,i0, conf=-1: [6fa005cd-25d6-4e29-bda6-9462a060c098:192.168.69.67:36093, 4b487190-7547-40c7-b780-43c37a89e8eb:192.168.69.67:39683, 3d3aac8b-d4d1-454d-bf0c-88a180692893:192.168.69.67:34429], old=null
2019-10-18 07:54:06,723 [4b487190-7547-40c7-b780-43c37a89e8eb@group-BAC069DAEF17-LeaderElection71] INFO  impl.RaftServerImpl (RaftServerImpl.java:setRole(184)) - 4b487190-7547-40c7-b780-43c37a89e8eb@group-BAC069DAEF17: changes role from CANDIDATE to FOLLOWER at term 60 for DISCOVERED_A_NEW_TERM
2019-10-18 07:54:06,723 [4b487190-7547-40c7-b780-43c37a89e8eb@group-BAC069DAEF17-LeaderElection71] INFO  impl.RoleInfo (RoleInfo.java:shutdownLeaderElection(134)) - 4b487190-7547-40c7-b780-43c37a89e8eb: shutdown LeaderElection
2019-10-18 07:54:06,723 [4b487190-7547-40c7-b780-43c37a89e8eb@group-BAC069DAEF17-LeaderElection71] INFO  impl.RoleInfo (RoleInfo.java:updateAndGet(143)) - 4b487190-7547-40c7-b780-43c37a89e8eb: start FollowerState
2019-10-18 07:54:06,823 [Thread-772] INFO  impl.FollowerState (FollowerState.java:run(108)) - 4b487190-7547-40c7-b780-43c37a89e8eb@group-BAC069DAEF17-FollowerState: change to CANDIDATE, lastRpcTime:99ms, electionTimeout:99ms
2019-10-18 07:54:06,823 [Thread-772] INFO  impl.RoleInfo (RoleInfo.java:shutdownFollowerState(121)) - 4b487190-7547-40c7-b780-43c37a89e8eb: shutdown FollowerState
2019-10-18 07:54:06,823 [Thread-772] INFO  impl.RaftServerImpl (RaftServerImpl.java:setRole(184)) - 4b487190-7547-40c7-b780-43c37a89e8eb@group-BAC069DAEF17: changes role from  FOLLOWER to CANDIDATE at term 60 for changeToCandidate
2019-10-18 07:54:06,823 [Thread-772] INFO  impl.RoleInfo (RoleInfo.java:updateAndGet(143)) - 4b487190-7547-40c7-b780-43c37a89e8eb: start LeaderElection
2019-10-18 07:54:06,839 [4b487190-7547-40c7-b780-43c37a89e8eb@group-BAC069DAEF17-LeaderElection72] INFO  impl.LeaderElection (LeaderElection.java:askForVotes(178)) - 4b487190-7547-40c7-b780-43c37a89e8eb@group-BAC069DAEF17-LeaderElection72: begin an election at term 61 for -1: [6fa005cd-25d6-4e29-bda6-9462a060c098:192.168.69.67:36093, 4b487190-7547-40c7-b780-43c37a89e8eb:192.168.69.67:39683, 3d3aac8b-d4d1-454d-bf0c-88a180692893:192.168.69.67:34429], old=null
2019-10-18 07:54:06,843 [grpc-default-executor-0] INFO  impl.RaftServerImpl (RaftServerImpl.java:setRole(184)) - 3d3aac8b-d4d1-454d-bf0c-88a180692893@group-BAC069DAEF17: changes role from  FOLLOWER to FOLLOWER at term 61 for recognizeCandidate:4b487190-7547-40c7-b780-43c37a89e8eb
2019-10-18 07:54:06,843 [grpc-default-executor-0] INFO  impl.RoleInfo (RoleInfo.java:shutdownFollowerState(121)) - 3d3aac8b-d4d1-454d-bf0c-88a180692893: shutdown FollowerState
2019-10-18 07:54:06,843 [grpc-default-executor-0] INFO  impl.RoleInfo (RoleInfo.java:updateAndGet(143)) - 3d3aac8b-d4d1-454d-bf0c-88a180692893: start FollowerState
2019-10-18 07:54:06,843 [Thread-771] INFO  impl.FollowerState (FollowerState.java:run(117)) - 3d3aac8b-d4d1-454d-bf0c-88a180692893@group-BAC069DAEF17-FollowerState was interrupted: java.lang.InterruptedException: sleep interrupted
2019-10-18 07:54:06,845 [grpc-default-executor-3] INFO  impl.RaftServerImpl (RaftServerImpl.java:setRole(184)) - 6fa005cd-25d6-4e29-bda6-9462a060c098@group-BAC069DAEF17: changes role from  FOLLOWER to FOLLOWER at term 61 for recognizeCandidate:4b487190-7547-40c7-b780-43c37a89e8eb
2019-10-18 07:54:06,845 [grpc-default-executor-3] INFO  impl.RoleInfo (RoleInfo.java:shutdownFollowerState(121)) - 6fa005cd-25d6-4e29-bda6-9462a060c098: shutdown FollowerState
2019-10-18 07:54:06,845 [grpc-default-executor-3] INFO  impl.RoleInfo (RoleInfo.java:updateAndGet(143)) - 6fa005cd-25d6-4e29-bda6-9462a060c098: start FollowerState
2019-10-18 07:54:06,845 [Thread-770] INFO  impl.FollowerState (FollowerState.java:run(117)) - 6fa005cd-25d6-4e29-bda6-9462a060c098@group-BAC069DAEF17-FollowerState was interrupted: java.lang.InterruptedException: sleep interrupted
2019-10-18 07:54:06,859 [4b487190-7547-40c7-b780-43c37a89e8eb@group-BAC069DAEF17-LeaderElection72] INFO  impl.LeaderElection (LeaderElection.java:logAndReturn(56)) - 4b487190-7547-40c7-b780-43c37a89e8eb@group-BAC069DAEF17-LeaderElection72: Election REJECTED; received 2 response(s) [4b487190-7547-40c7-b780-43c37a89e8eb<-6fa005cd-25d6-4e29-bda6-9462a060c098#0:FAIL-t61, 4b487190-7547-40c7-b780-43c37a89e8eb<-3d3aac8b-d4d1-454d-bf0c-88a180692893#0:FAIL-t61] and 0 exception(s); 4b487190-7547-40c7-b780-43c37a89e8eb@group-BAC069DAEF17:t61, leader=null, voted=4b487190-7547-40c7-b780-43c37a89e8eb, raftlog=4b487190-7547-40c7-b780-43c37a89e8eb@group-BAC069DAEF17-SegmentedRaftLog:OPENED:c-1,f-1,i0, conf=-1: [6fa005cd-25d6-4e29-bda6-9462a060c098:192.168.69.67:36093, 4b487190-7547-40c7-b780-43c37a89e8eb:192.168.69.67:39683, 3d3aac8b-d4d1-454d-bf0c-88a180692893:192.168.69.67:34429], old=null
2019-10-18 07:54:06,859 [4b487190-7547-40c7-b780-43c37a89e8eb@group-BAC069DAEF17-LeaderElection72] INFO  impl.RaftServerImpl (RaftServerImpl.java:setRole(184)) - 4b487190-7547-40c7-b780-43c37a89e8eb@group-BAC069DAEF17: changes role from CANDIDATE to FOLLOWER at term 61 for DISCOVERED_A_NEW_TERM
2019-10-18 07:54:06,859 [4b487190-7547-40c7-b780-43c37a89e8eb@group-BAC069DAEF17-LeaderElection72] INFO  impl.RoleInfo (RoleInfo.java:shutdownLeaderElection(134)) - 4b487190-7547-40c7-b780-43c37a89e8eb: shutdown LeaderElection
2019-10-18 07:54:06,860 [4b487190-7547-40c7-b780-43c37a89e8eb@group-BAC069DAEF17-LeaderElection72] INFO  impl.RoleInfo (RoleInfo.java:updateAndGet(143)) - 4b487190-7547-40c7-b780-43c37a89e8eb: start FollowerState
2019-10-18 07:54:06,962 [Thread-778] INFO  impl.FollowerState (FollowerState.java:run(108)) - 4b487190-7547-40c7-b780-43c37a89e8eb@group-BAC069DAEF17-FollowerState: change to CANDIDATE, lastRpcTime:102ms, electionTimeout:102ms
2019-10-18 07:54:06,962 [Thread-778] INFO  impl.RoleInfo (RoleInfo.java:shutdownFollowerState(121)) - 4b487190-7547-40c7-b780-43c37a89e8eb: shutdown FollowerState
2019-10-18 07:54:06,963 [Thread-778] INFO  impl.RaftServerImpl (RaftServerImpl.java:setRole(184)) - 4b487190-7547-40c7-b780-43c37a89e8eb@group-BAC069DAEF17: changes role from  FOLLOWER to CANDIDATE at term 61 for changeToCandidate
2019-10-18 07:54:06,963 [Thread-778] INFO  impl.RoleInfo (RoleInfo.java:updateAndGet(143)) - 4b487190-7547-40c7-b780-43c37a89e8eb: start LeaderElection
2019-10-18 07:54:06,988 [4b487190-7547-40c7-b780-43c37a89e8eb@group-BAC069DAEF17-LeaderElection73] INFO  impl.LeaderElection (LeaderElection.java:askForVotes(178)) - 4b487190-7547-40c7-b780-43c37a89e8eb@group-BAC069DAEF17-LeaderElection73: begin an election at term 62 for -1: [6fa005cd-25d6-4e29-bda6-9462a060c098:192.168.69.67:36093, 4b487190-7547-40c7-b780-43c37a89e8eb:192.168.69.67:39683, 3d3aac8b-d4d1-454d-bf0c-88a180692893:192.168.69.67:34429], old=null
2019-10-18 07:54:06,991 [grpc-default-executor-0] INFO  impl.RaftServerImpl (RaftServerImpl.java:setRole(184)) - 3d3aac8b-d4d1-454d-bf0c-88a180692893@group-BAC069DAEF17: changes role from  FOLLOWER to FOLLOWER at term 62 for recognizeCandidate:4b487190-7547-40c7-b780-43c37a89e8eb
2019-10-18 07:54:06,991 [grpc-default-executor-3] INFO  impl.RaftServerImpl (RaftServerImpl.java:setRole(184)) - 6fa005cd-25d6-4e29-bda6-9462a060c098@group-BAC069DAEF17: changes role from  FOLLOWER to FOLLOWER at term 62 for recognizeCandidate:4b487190-7547-40c7-b780-43c37a89e8eb
2019-10-18 07:54:06,991 [grpc-default-executor-0] INFO  impl.RoleInfo (RoleInfo.java:shutdownFollowerState(121)) - 3d3aac8b-d4d1-454d-bf0c-88a180692893: shutdown FollowerState
2019-10-18 07:54:06,992 [grpc-default-executor-3] INFO  impl.RoleInfo (RoleInfo.java:shutdownFollowerState(121)) - 6fa005cd-25d6-4e29-bda6-9462a060c098: shutdown FollowerState
2019-10-18 07:54:06,992 [Thread-776] INFO  impl.FollowerState (FollowerState.java:run(117)) - 3d3aac8b-d4d1-454d-bf0c-88a180692893@group-BAC069DAEF17-FollowerState was interrupted: java.lang.InterruptedException: sleep interrupted
2019-10-18 07:54:06,992 [grpc-default-executor-0] INFO  impl.RoleInfo (RoleInfo.java:updateAndGet(143)) - 3d3aac8b-d4d1-454d-bf0c-88a180692893: start FollowerState
2019-10-18 07:54:06,992 [Thread-777] INFO  impl.FollowerState (FollowerState.java:run(117)) - 6fa005cd-25d6-4e29-bda6-9462a060c098@group-BAC069DAEF17-FollowerState was interrupted: java.lang.InterruptedException: sleep interrupted
2019-10-18 07:54:06,992 [grpc-default-executor-3] INFO  impl.RoleInfo (RoleInfo.java:updateAndGet(143)) - 6fa005cd-25d6-4e29-bda6-9462a060c098: start FollowerState
2019-10-18 07:54:07,006 [4b487190-7547-40c7-b780-43c37a89e8eb@group-BAC069DAEF17-LeaderElection73] INFO  impl.LeaderElection (LeaderElection.java:logAndReturn(56)) - 4b487190-7547-40c7-b780-43c37a89e8eb@group-BAC069DAEF17-LeaderElection73: Election REJECTED; received 2 response(s) [4b487190-7547-40c7-b780-43c37a89e8eb<-6fa005cd-25d6-4e29-bda6-9462a060c098#0:FAIL-t62, 4b487190-7547-40c7-b780-43c37a89e8eb<-3d3aac8b-d4d1-454d-bf0c-88a180692893#0:FAIL-t62] and 0 exception(s); 4b487190-7547-40c7-b780-43c37a89e8eb@group-BAC069DAEF17:t62, leader=null, voted=4b487190-7547-40c7-b780-43c37a89e8eb, raftlog=4b487190-7547-40c7-b780-43c37a89e8eb@group-BAC069DAEF17-SegmentedRaftLog:OPENED:c-1,f-1,i0, conf=-1: [6fa005cd-25d6-4e29-bda6-9462a060c098:192.168.69.67:36093, 4b487190-7547-40c7-b780-43c37a89e8eb:192.168.69.67:39683, 3d3aac8b-d4d1-454d-bf0c-88a180692893:192.168.69.67:34429], old=null
2019-10-18 07:54:07,006 [4b487190-7547-40c7-b780-43c37a89e8eb@group-BAC069DAEF17-LeaderElection73] INFO  impl.RaftServerImpl (RaftServerImpl.java:setRole(184)) - 4b487190-7547-40c7-b780-43c37a89e8eb@group-BAC069DAEF17: changes role from CANDIDATE to FOLLOWER at term 62 for DISCOVERED_A_NEW_TERM
2019-10-18 07:54:07,006 [4b487190-7547-40c7-b780-43c37a89e8eb@group-BAC069DAEF17-LeaderElection73] INFO  impl.RoleInfo (RoleInfo.java:shutdownLeaderElection(134)) - 4b487190-7547-40c7-b780-43c37a89e8eb: shutdown LeaderElection
2019-10-18 07:54:07,006 [4b487190-7547-40c7-b780-43c37a89e8eb@group-BAC069DAEF17-LeaderElection73] INFO  impl.RoleInfo (RoleInfo.java:updateAndGet(143)) - 4b487190-7547-40c7-b780-43c37a89e8eb: start FollowerState
2019-10-18 07:54:07,095 [Thread-784] INFO  impl.FollowerState (FollowerState.java:run(108)) - 4b487190-7547-40c7-b780-43c37a89e8eb@group-BAC069DAEF17-FollowerState: change to CANDIDATE, lastRpcTime:88ms, electionTimeout:88ms
2019-10-18 07:54:07,095 [Thread-784] INFO  impl.RoleInfo (RoleInfo.java:shutdownFollowerState(121)) - 4b487190-7547-40c7-b780-43c37a89e8eb: shutdown FollowerState
2019-10-18 07:54:07,095 [Thread-784] INFO  impl.RaftServerImpl (RaftServerImpl.java:setRole(184)) - 4b487190-7547-40c7-b780-43c37a89e8eb@group-BAC069DAEF17: changes role from  FOLLOWER to CANDIDATE at term 62 for changeToCandidate
2019-10-18 07:54:07,095 [Thread-784] INFO  impl.RoleInfo (RoleInfo.java:updateAndGet(143)) - 4b487190-7547-40c7-b780-43c37a89e8eb: start LeaderElection
2019-10-18 07:54:07,121 [4b487190-7547-40c7-b780-43c37a89e8eb@group-BAC069DAEF17-LeaderElection74] INFO  impl.LeaderElection (LeaderElection.java:askForVotes(178)) - 4b487190-7547-40c7-b780-43c37a89e8eb@group-BAC069DAEF17-LeaderElection74: begin an election at term 63 for -1: [6fa005cd-25d6-4e29-bda6-9462a060c098:192.168.69.67:36093, 4b487190-7547-40c7-b780-43c37a89e8eb:192.168.69.67:39683, 3d3aac8b-d4d1-454d-bf0c-88a180692893:192.168.69.67:34429], old=null
2019-10-18 07:54:07,124 [grpc-default-executor-0] INFO  impl.RaftServerImpl (RaftServerImpl.java:setRole(184)) - 3d3aac8b-d4d1-454d-bf0c-88a180692893@group-BAC069DAEF17: changes role from  FOLLOWER to FOLLOWER at term 63 for recognizeCandidate:4b487190-7547-40c7-b780-43c37a89e8eb
2019-10-18 07:54:07,124 [grpc-default-executor-3] INFO  impl.RaftServerImpl (RaftServerImpl.java:setRole(184)) - 6fa005cd-25d6-4e29-bda6-9462a060c098@group-BAC069DAEF17: changes role from  FOLLOWER to FOLLOWER at term 63 for recognizeCandidate:4b487190-7547-40c7-b780-43c37a89e8eb
2019-10-18 07:54:07,124 [grpc-default-executor-0] INFO  impl.RoleInfo (RoleInfo.java:shutdownFollowerState(121)) - 3d3aac8b-d4d1-454d-bf0c-88a180692893: shutdown FollowerState
2019-10-18 07:54:07,124 [grpc-default-executor-3] INFO  impl.RoleInfo (RoleInfo.java:shutdownFollowerState(121)) - 6fa005cd-25d6-4e29-bda6-9462a060c098: shutdown FollowerState
2019-10-18 07:54:07,124 [Thread-782] INFO  impl.FollowerState (FollowerState.java:run(117)) - 3d3aac8b-d4d1-454d-bf0c-88a180692893@group-BAC069DAEF17-FollowerState was interrupted: java.lang.InterruptedException: sleep interrupted
2019-10-18 07:54:07,124 [grpc-default-executor-0] INFO  impl.RoleInfo (RoleInfo.java:updateAndGet(143)) - 3d3aac8b-d4d1-454d-bf0c-88a180692893: start FollowerState
2019-10-18 07:54:07,125 [Thread-783] INFO  impl.FollowerState (FollowerState.java:run(117)) - 6fa005cd-25d6-4e29-bda6-9462a060c098@group-BAC069DAEF17-FollowerState was interrupted: java.lang.InterruptedException: sleep interrupted
2019-10-18 07:54:07,125 [grpc-default-executor-3] INFO  impl.RoleInfo (RoleInfo.java:updateAndGet(143)) - 6fa005cd-25d6-4e29-bda6-9462a060c098: start FollowerState
2019-10-18 07:54:07,151 [4b487190-7547-40c7-b780-43c37a89e8eb@group-BAC069DAEF17-LeaderElection74] INFO  impl.LeaderElection (LeaderElection.java:logAndReturn(56)) - 4b487190-7547-40c7-b780-43c37a89e8eb@group-BAC069DAEF17-LeaderElection74: Election REJECTED; received 2 response(s) [4b487190-7547-40c7-b780-43c37a89e8eb<-6fa005cd-25d6-4e29-bda6-9462a060c098#0:FAIL-t63, 4b487190-7547-40c7-b780-43c37a89e8eb<-3d3aac8b-d4d1-454d-bf0c-88a180692893#0:FAIL-t63] and 0 exception(s); 4b487190-7547-40c7-b780-43c37a89e8eb@group-BAC069DAEF17:t63, leader=null, voted=4b487190-7547-40c7-b780-43c37a89e8eb, raftlog=4b487190-7547-40c7-b780-43c37a89e8eb@group-BAC069DAEF17-SegmentedRaftLog:OPENED:c-1,f-1,i0, conf=-1: [6fa005cd-25d6-4e29-bda6-9462a060c098:192.168.69.67:36093, 4b487190-7547-40c7-b780-43c37a89e8eb:192.168.69.67:39683, 3d3aac8b-d4d1-454d-bf0c-88a180692893:192.168.69.67:34429], old=null
2019-10-18 07:54:07,151 [4b487190-7547-40c7-b780-43c37a89e8eb@group-BAC069DAEF17-LeaderElection74] INFO  impl.RaftServerImpl (RaftServerImpl.java:setRole(184)) - 4b487190-7547-40c7-b780-43c37a89e8eb@group-BAC069DAEF17: changes role from CANDIDATE to FOLLOWER at term 63 for DISCOVERED_A_NEW_TERM
2019-10-18 07:54:07,152 [4b487190-7547-40c7-b780-43c37a89e8eb@group-BAC069DAEF17-LeaderElection74] INFO  impl.RoleInfo (RoleInfo.java:shutdownLeaderElection(134)) - 4b487190-7547-40c7-b780-43c37a89e8eb: shutdown LeaderElection
2019-10-18 07:54:07,152 [4b487190-7547-40c7-b780-43c37a89e8eb@group-BAC069DAEF17-LeaderElection74] INFO  impl.RoleInfo (RoleInfo.java:updateAndGet(143)) - 4b487190-7547-40c7-b780-43c37a89e8eb: start FollowerState
2019-10-18 07:54:07,306 [Thread-790] INFO  impl.FollowerState (FollowerState.java:run(108)) - 4b487190-7547-40c7-b780-43c37a89e8eb@group-BAC069DAEF17-FollowerState: change to CANDIDATE, lastRpcTime:154ms, electionTimeout:154ms
2019-10-18 07:54:07,307 [Thread-790] INFO  impl.RoleInfo (RoleInfo.java:shutdownFollowerState(121)) - 4b487190-7547-40c7-b780-43c37a89e8eb: shutdown FollowerState
2019-10-18 07:54:07,307 [Thread-790] INFO  impl.RaftServerImpl (RaftServerImpl.java:setRole(184)) - 4b487190-7547-40c7-b780-43c37a89e8eb@group-BAC069DAEF17: changes role from  FOLLOWER to CANDIDATE at term 63 for changeToCandidate
2019-10-18 07:54:07,307 [Thread-790] INFO  impl.RoleInfo (RoleInfo.java:updateAndGet(143)) - 4b487190-7547-40c7-b780-43c37a89e8eb: start LeaderElection
2019-10-18 07:54:07,333 [4b487190-7547-40c7-b780-43c37a89e8eb@group-BAC069DAEF17-LeaderElection75] INFO  impl.LeaderElection (LeaderElection.java:askForVotes(178)) - 4b487190-7547-40c7-b780-43c37a89e8eb@group-BAC069DAEF17-LeaderElection75: begin an election at term 64 for -1: [6fa005cd-25d6-4e29-bda6-9462a060c098:192.168.69.67:36093, 4b487190-7547-40c7-b780-43c37a89e8eb:192.168.69.67:39683, 3d3aac8b-d4d1-454d-bf0c-88a180692893:192.168.69.67:34429], old=null
2019-10-18 07:54:07,335 [4b487190-7547-40c7-b780-43c37a89e8eb@group-BAC069DAEF17-LeaderElection75] INFO  impl.LeaderElection (LeaderElection.java:logAndReturn(56)) - 4b487190-7547-40c7-b780-43c37a89e8eb@group-BAC069DAEF17-LeaderElection75: Election TIMEOUT; received 0 response(s) [] and 0 exception(s); 4b487190-7547-40c7-b780-43c37a89e8eb@group-BAC069DAEF17:t64, leader=null, voted=4b487190-7547-40c7-b780-43c37a89e8eb, raftlog=4b487190-7547-40c7-b780-43c37a89e8eb@group-BAC069DAEF17-SegmentedRaftLog:OPENED:c-1,f-1,i0, conf=-1: [6fa005cd-25d6-4e29-bda6-9462a060c098:192.168.69.67:36093, 4b487190-7547-40c7-b780-43c37a89e8eb:192.168.69.67:39683, 3d3aac8b-d4d1-454d-bf0c-88a180692893:192.168.69.67:34429], old=null
2019-10-18 07:54:07,337 [grpc-default-executor-0] INFO  impl.RaftServerImpl (RaftServerImpl.java:setRole(184)) - 6fa005cd-25d6-4e29-bda6-9462a060c098@group-BAC069DAEF17: changes role from  FOLLOWER to FOLLOWER at term 64 for recognizeCandidate:4b487190-7547-40c7-b780-43c37a89e8eb
2019-10-18 07:54:07,337 [grpc-default-executor-3] INFO  impl.RaftServerImpl (RaftServerImpl.java:setRole(184)) - 3d3aac8b-d4d1-454d-bf0c-88a180692893@group-BAC069DAEF17: changes role from  FOLLOWER to FOLLOWER at term 64 for recognizeCandidate:4b487190-7547-40c7-b780-43c37a89e8eb
2019-10-18 07:54:07,337 [grpc-default-executor-0] INFO  impl.RoleInfo (RoleInfo.java:shutdownFollowerState(121)) - 6fa005cd-25d6-4e29-bda6-9462a060c098: shutdown FollowerState
2019-10-18 07:54:07,337 [grpc-default-executor-3] INFO  impl.RoleInfo (RoleInfo.java:shutdownFollowerState(121)) - 3d3aac8b-d4d1-454d-bf0c-88a180692893: shutdown FollowerState
2019-10-18 07:54:07,337 [Thread-789] INFO  impl.FollowerState (FollowerState.java:run(117)) - 6fa005cd-25d6-4e29-bda6-9462a060c098@group-BAC069DAEF17-FollowerState was interrupted: java.lang.InterruptedException: sleep interrupted
2019-10-18 07:54:07,337 [grpc-default-executor-0] INFO  impl.RoleInfo (RoleInfo.java:updateAndGet(143)) - 6fa005cd-25d6-4e29-bda6-9462a060c098: start FollowerState
2019-10-18 07:54:07,337 [grpc-default-executor-3] INFO  impl.RoleInfo (RoleInfo.java:updateAndGet(143)) - 3d3aac8b-d4d1-454d-bf0c-88a180692893: start FollowerState
2019-10-18 07:54:07,337 [Thread-788] INFO  impl.FollowerState (FollowerState.java:run(117)) - 3d3aac8b-d4d1-454d-bf0c-88a180692893@group-BAC069DAEF17-FollowerState was interrupted: java.lang.InterruptedException: sleep interrupted
2019-10-18 07:54:07,348 [4b487190-7547-40c7-b780-43c37a89e8eb@group-BAC069DAEF17-LeaderElection75] INFO  impl.LeaderElection (LeaderElection.java:askForVotes(178)) - 4b487190-7547-40c7-b780-43c37a89e8eb@group-BAC069DAEF17-LeaderElection75: begin an election at term 65 for -1: [6fa005cd-25d6-4e29-bda6-9462a060c098:192.168.69.67:36093, 4b487190-7547-40c7-b780-43c37a89e8eb:192.168.69.67:39683, 3d3aac8b-d4d1-454d-bf0c-88a180692893:192.168.69.67:34429], old=null
2019-10-18 07:54:07,351 [grpc-default-executor-3] INFO  impl.RaftServerImpl (RaftServerImpl.java:setRole(184)) - 3d3aac8b-d4d1-454d-bf0c-88a180692893@group-BAC069DAEF17: changes role from  FOLLOWER to FOLLOWER at term 65 for recognizeCandidate:4b487190-7547-40c7-b780-43c37a89e8eb
2019-10-18 07:54:07,351 [grpc-default-executor-0] INFO  impl.RaftServerImpl (RaftServerImpl.java:setRole(184)) - 6fa005cd-25d6-4e29-bda6-9462a060c098@group-BAC069DAEF17: changes role from  FOLLOWER to FOLLOWER at term 65 for recognizeCandidate:4b487190-7547-40c7-b780-43c37a89e8eb
2019-10-18 07:54:07,351 [grpc-default-executor-3] INFO  impl.RoleInfo (RoleInfo.java:shutdownFollowerState(121)) - 3d3aac8b-d4d1-454d-bf0c-88a180692893: shutdown FollowerState
2019-10-18 07:54:07,351 [grpc-default-executor-0] INFO  impl.RoleInfo (RoleInfo.java:shutdownFollowerState(121)) - 6fa005cd-25d6-4e29-bda6-9462a060c098: shutdown FollowerState
2019-10-18 07:54:07,351 [Thread-795] INFO  impl.FollowerState (FollowerState.java:run(117)) - 3d3aac8b-d4d1-454d-bf0c-88a180692893@group-BAC069DAEF17-FollowerState was interrupted: java.lang.InterruptedException: sleep interrupted
2019-10-18 07:54:07,351 [Thread-794] INFO  impl.FollowerState (FollowerState.java:run(117)) - 6fa005cd-25d6-4e29-bda6-9462a060c098@group-BAC069DAEF17-FollowerState was interrupted: java.lang.InterruptedException: sleep interrupted
2019-10-18 07:54:07,351 [grpc-default-executor-3] INFO  impl.RoleInfo (RoleInfo.java:updateAndGet(143)) - 3d3aac8b-d4d1-454d-bf0c-88a180692893: start FollowerState
2019-10-18 07:54:07,351 [grpc-default-executor-0] INFO  impl.RoleInfo (RoleInfo.java:updateAndGet(143)) - 6fa005cd-25d6-4e29-bda6-9462a060c098: start FollowerState
2019-10-18 07:54:07,379 [4b487190-7547-40c7-b780-43c37a89e8eb@group-BAC069DAEF17-LeaderElection75] INFO  impl.LeaderElection (LeaderElection.java:logAndReturn(56)) - 4b487190-7547-40c7-b780-43c37a89e8eb@group-BAC069DAEF17-LeaderElection75: Election REJECTED; received 2 response(s) [4b487190-7547-40c7-b780-43c37a89e8eb<-6fa005cd-25d6-4e29-bda6-9462a060c098#0:FAIL-t65, 4b487190-7547-40c7-b780-43c37a89e8eb<-3d3aac8b-d4d1-454d-bf0c-88a180692893#0:FAIL-t65] and 0 exception(s); 4b487190-7547-40c7-b780-43c37a89e8eb@group-BAC069DAEF17:t65, leader=null, voted=4b487190-7547-40c7-b780-43c37a89e8eb, raftlog=4b487190-7547-40c7-b780-43c37a89e8eb@group-BAC069DAEF17-SegmentedRaftLog:OPENED:c-1,f-1,i0, conf=-1: [6fa005cd-25d6-4e29-bda6-9462a060c098:192.168.69.67:36093, 4b487190-7547-40c7-b780-43c37a89e8eb:192.168.69.67:39683, 3d3aac8b-d4d1-454d-bf0c-88a180692893:192.168.69.67:34429], old=null
2019-10-18 07:54:07,379 [4b487190-7547-40c7-b780-43c37a89e8eb@group-BAC069DAEF17-LeaderElection75] INFO  impl.RaftServerImpl (RaftServerImpl.java:setRole(184)) - 4b487190-7547-40c7-b780-43c37a89e8eb@group-BAC069DAEF17: changes role from CANDIDATE to FOLLOWER at term 65 for DISCOVERED_A_NEW_TERM
2019-10-18 07:54:07,380 [4b487190-7547-40c7-b780-43c37a89e8eb@group-BAC069DAEF17-LeaderElection75] INFO  impl.RoleInfo (RoleInfo.java:shutdownLeaderElection(134)) - 4b487190-7547-40c7-b780-43c37a89e8eb: shutdown LeaderElection
2019-10-18 07:54:07,380 [4b487190-7547-40c7-b780-43c37a89e8eb@group-BAC069DAEF17-LeaderElection75] INFO  impl.RoleInfo (RoleInfo.java:updateAndGet(143)) - 4b487190-7547-40c7-b780-43c37a89e8eb: start FollowerState
2019-10-18 07:54:07,468 [Thread-800] INFO  impl.FollowerState (FollowerState.java:run(108)) - 4b487190-7547-40c7-b780-43c37a89e8eb@group-BAC069DAEF17-FollowerState: change to CANDIDATE, lastRpcTime:88ms, electionTimeout:88ms
2019-10-18 07:54:07,468 [Thread-800] INFO  impl.RoleInfo (RoleInfo.java:shutdownFollowerState(121)) - 4b487190-7547-40c7-b780-43c37a89e8eb: shutdown FollowerState
2019-10-18 07:54:07,469 [Thread-800] INFO  impl.RaftServerImpl (RaftServerImpl.java:setRole(184)) - 4b487190-7547-40c7-b780-43c37a89e8eb@group-BAC069DAEF17: changes role from  FOLLOWER to CANDIDATE at term 65 for changeToCandidate
2019-10-18 07:54:07,469 [Thread-800] INFO  impl.RoleInfo (RoleInfo.java:updateAndGet(143)) - 4b487190-7547-40c7-b780-43c37a89e8eb: start LeaderElection
2019-10-18 07:54:07,495 [4b487190-7547-40c7-b780-43c37a89e8eb@group-BAC069DAEF17-LeaderElection76] INFO  impl.LeaderElection (LeaderElection.java:askForVotes(178)) - 4b487190-7547-40c7-b780-43c37a89e8eb@group-BAC069DAEF17-LeaderElection76: begin an election at term 66 for -1: [6fa005cd-25d6-4e29-bda6-9462a060c098:192.168.69.67:36093, 4b487190-7547-40c7-b780-43c37a89e8eb:192.168.69.67:39683, 3d3aac8b-d4d1-454d-bf0c-88a180692893:192.168.69.67:34429], old=null
2019-10-18 07:54:07,501 [grpc-default-executor-3] INFO  impl.RaftServerImpl (RaftServerImpl.java:setRole(184)) - 6fa005cd-25d6-4e29-bda6-9462a060c098@group-BAC069DAEF17: changes role from  FOLLOWER to FOLLOWER at term 66 for recognizeCandidate:4b487190-7547-40c7-b780-43c37a89e8eb
2019-10-18 07:54:07,501 [grpc-default-executor-0] INFO  impl.RaftServerImpl (RaftServerImpl.java:setRole(184)) - 3d3aac8b-d4d1-454d-bf0c-88a180692893@group-BAC069DAEF17: changes role from  FOLLOWER to FOLLOWER at term 66 for recognizeCandidate:4b487190-7547-40c7-b780-43c37a89e8eb
2019-10-18 07:54:07,502 [grpc-default-executor-3] INFO  impl.RoleInfo (RoleInfo.java:shutdownFollowerState(121)) - 6fa005cd-25d6-4e29-bda6-9462a060c098: shutdown FollowerState
2019-10-18 07:54:07,502 [grpc-default-executor-0] INFO  impl.RoleInfo (RoleInfo.java:shutdownFollowerState(121)) - 3d3aac8b-d4d1-454d-bf0c-88a180692893: shutdown FollowerState
2019-10-18 07:54:07,502 [Thread-799] INFO  impl.FollowerState (FollowerState.java:run(117)) - 6fa005cd-25d6-4e29-bda6-9462a060c098@group-BAC069DAEF17-FollowerState was interrupted: java.lang.InterruptedException: sleep interrupted
2019-10-18 07:54:07,502 [grpc-default-executor-3] INFO  impl.RoleInfo (RoleInfo.java:updateAndGet(143)) - 6fa005cd-25d6-4e29-bda6-9462a060c098: start FollowerState
2019-10-18 07:54:07,502 [Thread-798] INFO  impl.FollowerState (FollowerState.java:run(117)) - 3d3aac8b-d4d1-454d-bf0c-88a180692893@group-BAC069DAEF17-FollowerState was interrupted: java.lang.InterruptedException: sleep interrupted
2019-10-18 07:54:07,502 [grpc-default-executor-0] INFO  impl.RoleInfo (RoleInfo.java:updateAndGet(143)) - 3d3aac8b-d4d1-454d-bf0c-88a180692893: start FollowerState
2019-10-18 07:54:07,518 [4b487190-7547-40c7-b780-43c37a89e8eb@group-BAC069DAEF17-LeaderElection76] INFO  impl.LeaderElection (LeaderElection.java:logAndReturn(56)) - 4b487190-7547-40c7-b780-43c37a89e8eb@group-BAC069DAEF17-LeaderElection76: Election REJECTED; received 2 response(s) [4b487190-7547-40c7-b780-43c37a89e8eb<-6fa005cd-25d6-4e29-bda6-9462a060c098#0:FAIL-t66, 4b487190-7547-40c7-b780-43c37a89e8eb<-3d3aac8b-d4d1-454d-bf0c-88a180692893#0:FAIL-t66] and 0 exception(s); 4b487190-7547-40c7-b780-43c37a89e8eb@group-BAC069DAEF17:t66, leader=null, voted=4b487190-7547-40c7-b780-43c37a89e8eb, raftlog=4b487190-7547-40c7-b780-43c37a89e8eb@group-BAC069DAEF17-SegmentedRaftLog:OPENED:c-1,f-1,i0, conf=-1: [6fa005cd-25d6-4e29-bda6-9462a060c098:192.168.69.67:36093, 4b487190-7547-40c7-b780-43c37a89e8eb:192.168.69.67:39683, 3d3aac8b-d4d1-454d-bf0c-88a180692893:192.168.69.67:34429], old=null
2019-10-18 07:54:07,518 [4b487190-7547-40c7-b780-43c37a89e8eb@group-BAC069DAEF17-LeaderElection76] INFO  impl.RaftServerImpl (RaftServerImpl.java:setRole(184)) - 4b487190-7547-40c7-b780-43c37a89e8eb@group-BAC069DAEF17: changes role from CANDIDATE to FOLLOWER at term 66 for DISCOVERED_A_NEW_TERM
2019-10-18 07:54:07,518 [4b487190-7547-40c7-b780-43c37a89e8eb@group-BAC069DAEF17-LeaderElection76] INFO  impl.RoleInfo (RoleInfo.java:shutdownLeaderElection(134)) - 4b487190-7547-40c7-b780-43c37a89e8eb: shutdown LeaderElection
2019-10-18 07:54:07,519 [4b487190-7547-40c7-b780-43c37a89e8eb@group-BAC069DAEF17-LeaderElection76] INFO  impl.RoleInfo (RoleInfo.java:updateAndGet(143)) - 4b487190-7547-40c7-b780-43c37a89e8eb: start FollowerState
2019-10-18 07:54:07,521 [Thread-806] INFO  impl.FollowerState (FollowerState.java:run(108)) - 4b487190-7547-40c7-b780-43c37a89e8eb@group-BAC069DAEF17-FollowerState: change to CANDIDATE, lastRpcTime:1ms, electionTimeout:1ms
2019-10-18 07:54:07,521 [Thread-806] INFO  impl.RoleInfo (RoleInfo.java:shutdownFollowerState(121)) - 4b487190-7547-40c7-b780-43c37a89e8eb: shutdown FollowerState
2019-10-18 07:54:07,521 [Thread-806] INFO  impl.RaftServerImpl (RaftServerImpl.java:setRole(184)) - 4b487190-7547-40c7-b780-43c37a89e8eb@group-BAC069DAEF17: changes role from  FOLLOWER to CANDIDATE at term 66 for changeToCandidate
2019-10-18 07:54:07,521 [Thread-806] INFO  impl.RoleInfo (RoleInfo.java:updateAndGet(143)) - 4b487190-7547-40c7-b780-43c37a89e8eb: start LeaderElection
2019-10-18 07:54:07,540 [4b487190-7547-40c7-b780-43c37a89e8eb@group-BAC069DAEF17-LeaderElection77] INFO  impl.LeaderElection (LeaderElection.java:askForVotes(178)) - 4b487190-7547-40c7-b780-43c37a89e8eb@group-BAC069DAEF17-LeaderElection77: begin an election at term 67 for -1: [6fa005cd-25d6-4e29-bda6-9462a060c098:192.168.69.67:36093, 4b487190-7547-40c7-b780-43c37a89e8eb:192.168.69.67:39683, 3d3aac8b-d4d1-454d-bf0c-88a180692893:192.168.69.67:34429], old=null
2019-10-18 07:54:07,543 [grpc-default-executor-3] INFO  impl.RaftServerImpl (RaftServerImpl.java:setRole(184)) - 6fa005cd-25d6-4e29-bda6-9462a060c098@group-BAC069DAEF17: changes role from  FOLLOWER to FOLLOWER at term 67 for recognizeCandidate:4b487190-7547-40c7-b780-43c37a89e8eb
2019-10-18 07:54:07,544 [grpc-default-executor-0] INFO  impl.RaftServerImpl (RaftServerImpl.java:setRole(184)) - 3d3aac8b-d4d1-454d-bf0c-88a180692893@group-BAC069DAEF17: changes role from  FOLLOWER to FOLLOWER at term 67 for recognizeCandidate:4b487190-7547-40c7-b780-43c37a89e8eb
2019-10-18 07:54:07,544 [grpc-default-executor-3] INFO  impl.RoleInfo (RoleInfo.java:shutdownFollowerState(121)) - 6fa005cd-25d6-4e29-bda6-9462a060c098: shutdown FollowerState
2019-10-18 07:54:07,544 [grpc-default-executor-0] INFO  impl.RoleInfo (RoleInfo.java:shutdownFollowerState(121)) - 3d3aac8b-d4d1-454d-bf0c-88a180692893: shutdown FollowerState
2019-10-18 07:54:07,544 [Thread-804] INFO  impl.FollowerState (FollowerState.java:run(117)) - 6fa005cd-25d6-4e29-bda6-9462a060c098@group-BAC069DAEF17-FollowerState was interrupted: java.lang.InterruptedException: sleep interrupted
2019-10-18 07:54:07,544 [Thread-805] INFO  impl.FollowerState (FollowerState.java:run(117)) - 3d3aac8b-d4d1-454d-bf0c-88a180692893@group-BAC069DAEF17-FollowerState was interrupted: java.lang.InterruptedException: sleep interrupted
2019-10-18 07:54:07,544 [grpc-default-executor-3] INFO  impl.RoleInfo (RoleInfo.java:updateAndGet(143)) - 6fa005cd-25d6-4e29-bda6-9462a060c098: start FollowerState
2019-10-18 07:54:07,544 [grpc-default-executor-0] INFO  impl.RoleInfo (RoleInfo.java:updateAndGet(143)) - 3d3aac8b-d4d1-454d-bf0c-88a180692893: start FollowerState
2019-10-18 07:54:07,571 [4b487190-7547-40c7-b780-43c37a89e8eb@group-BAC069DAEF17-LeaderElection77] INFO  impl.LeaderElection (LeaderElection.java:logAndReturn(56)) - 4b487190-7547-40c7-b780-43c37a89e8eb@group-BAC069DAEF17-LeaderElection77: Election REJECTED; received 2 response(s) [4b487190-7547-40c7-b780-43c37a89e8eb<-6fa005cd-25d6-4e29-bda6-9462a060c098#0:FAIL-t67, 4b487190-7547-40c7-b780-43c37a89e8eb<-3d3aac8b-d4d1-454d-bf0c-88a180692893#0:FAIL-t67] and 0 exception(s); 4b487190-7547-40c7-b780-43c37a89e8eb@group-BAC069DAEF17:t67, leader=null, voted=4b487190-7547-40c7-b780-43c37a89e8eb, raftlog=4b487190-7547-40c7-b780-43c37a89e8eb@group-BAC069DAEF17-SegmentedRaftLog:OPENED:c-1,f-1,i0, conf=-1: [6fa005cd-25d6-4e29-bda6-9462a060c098:192.168.69.67:36093, 4b487190-7547-40c7-b780-43c37a89e8eb:192.168.69.67:39683, 3d3aac8b-d4d1-454d-bf0c-88a180692893:192.168.69.67:34429], old=null
2019-10-18 07:54:07,572 [4b487190-7547-40c7-b780-43c37a89e8eb@group-BAC069DAEF17-LeaderElection77] INFO  impl.RaftServerImpl (RaftServerImpl.java:setRole(184)) - 4b487190-7547-40c7-b780-43c37a89e8eb@group-BAC069DAEF17: changes role from CANDIDATE to FOLLOWER at term 67 for DISCOVERED_A_NEW_TERM
2019-10-18 07:54:07,572 [4b487190-7547-40c7-b780-43c37a89e8eb@group-BAC069DAEF17-LeaderElection77] INFO  impl.RoleInfo (RoleInfo.java:shutdownLeaderElection(134)) - 4b487190-7547-40c7-b780-43c37a89e8eb: shutdown LeaderElection
2019-10-18 07:54:07,572 [4b487190-7547-40c7-b780-43c37a89e8eb@group-BAC069DAEF17-LeaderElection77] INFO  impl.RoleInfo (RoleInfo.java:updateAndGet(143)) - 4b487190-7547-40c7-b780-43c37a89e8eb: start FollowerState
2019-10-18 07:54:07,655 [Thread-812] INFO  impl.FollowerState (FollowerState.java:run(108)) - 4b487190-7547-40c7-b780-43c37a89e8eb@group-BAC069DAEF17-FollowerState: change to CANDIDATE, lastRpcTime:82ms, electionTimeout:82ms
2019-10-18 07:54:07,655 [Thread-812] INFO  impl.RoleInfo (RoleInfo.java:shutdownFollowerState(121)) - 4b487190-7547-40c7-b780-43c37a89e8eb: shutdown FollowerState
2019-10-18 07:54:07,655 [Thread-812] INFO  impl.RaftServerImpl (RaftServerImpl.java:setRole(184)) - 4b487190-7547-40c7-b780-43c37a89e8eb@group-BAC069DAEF17: changes role from  FOLLOWER to CANDIDATE at term 67 for changeToCandidate
2019-10-18 07:54:07,655 [Thread-812] INFO  impl.RoleInfo (RoleInfo.java:updateAndGet(143)) - 4b487190-7547-40c7-b780-43c37a89e8eb: start LeaderElection
2019-10-18 07:54:07,669 [4b487190-7547-40c7-b780-43c37a89e8eb@group-BAC069DAEF17-LeaderElection78] INFO  impl.LeaderElection (LeaderElection.java:askForVotes(178)) - 4b487190-7547-40c7-b780-43c37a89e8eb@group-BAC069DAEF17-LeaderElection78: begin an election at term 68 for -1: [6fa005cd-25d6-4e29-bda6-9462a060c098:192.168.69.67:36093, 4b487190-7547-40c7-b780-43c37a89e8eb:192.168.69.67:39683, 3d3aac8b-d4d1-454d-bf0c-88a180692893:192.168.69.67:34429], old=null
2019-10-18 07:54:07,673 [grpc-default-executor-0] INFO  impl.RaftServerImpl (RaftServerImpl.java:setRole(184)) - 3d3aac8b-d4d1-454d-bf0c-88a180692893@group-BAC069DAEF17: changes role from  FOLLOWER to FOLLOWER at term 68 for recognizeCandidate:4b487190-7547-40c7-b780-43c37a89e8eb
2019-10-18 07:54:07,673 [grpc-default-executor-3] INFO  impl.RaftServerImpl (RaftServerImpl.java:setRole(184)) - 6fa005cd-25d6-4e29-bda6-9462a060c098@group-BAC069DAEF17: changes role from  FOLLOWER to FOLLOWER at term 68 for recognizeCandidate:4b487190-7547-40c7-b780-43c37a89e8eb
2019-10-18 07:54:07,673 [grpc-default-executor-3] INFO  impl.RoleInfo (RoleInfo.java:shutdownFollowerState(121)) - 6fa005cd-25d6-4e29-bda6-9462a060c098: shutdown FollowerState
2019-10-18 07:54:07,673 [grpc-default-executor-0] INFO  impl.RoleInfo (RoleInfo.java:shutdownFollowerState(121)) - 3d3aac8b-d4d1-454d-bf0c-88a180692893: shutdown FollowerState
2019-10-18 07:54:07,673 [Thread-810] INFO  impl.FollowerState (FollowerState.java:run(117)) - 6fa005cd-25d6-4e29-bda6-9462a060c098@group-BAC069DAEF17-FollowerState was interrupted: java.lang.InterruptedException: sleep interrupted
2019-10-18 07:54:07,673 [grpc-default-executor-3] INFO  impl.RoleInfo (RoleInfo.java:updateAndGet(143)) - 6fa005cd-25d6-4e29-bda6-9462a060c098: start FollowerState
2019-10-18 07:54:07,673 [Thread-811] INFO  impl.FollowerState (FollowerState.java:run(117)) - 3d3aac8b-d4d1-454d-bf0c-88a180692893@group-BAC069DAEF17-FollowerState was interrupted: java.lang.InterruptedException: sleep interrupted
2019-10-18 07:54:07,673 [grpc-default-executor-0] INFO  impl.RoleInfo (RoleInfo.java:updateAndGet(143)) - 3d3aac8b-d4d1-454d-bf0c-88a180692893: start FollowerState
2019-10-18 07:54:07,678 [4b487190-7547-40c7-b780-43c37a89e8eb@group-BAC069DAEF17-LeaderElection78] INFO  impl.LeaderElection (LeaderElection.java:logAndReturn(56)) - 4b487190-7547-40c7-b780-43c37a89e8eb@group-BAC069DAEF17-LeaderElection78: Election TIMEOUT; received 0 response(s) [] and 0 exception(s); 4b487190-7547-40c7-b780-43c37a89e8eb@group-BAC069DAEF17:t68, leader=null, voted=4b487190-7547-40c7-b780-43c37a89e8eb, raftlog=4b487190-7547-40c7-b780-43c37a89e8eb@group-BAC069DAEF17-SegmentedRaftLog:OPENED:c-1,f-1,i0, conf=-1: [6fa005cd-25d6-4e29-bda6-9462a060c098:192.168.69.67:36093, 4b487190-7547-40c7-b780-43c37a89e8eb:192.168.69.67:39683, 3d3aac8b-d4d1-454d-bf0c-88a180692893:192.168.69.67:34429], old=null
2019-10-18 07:54:07,701 [4b487190-7547-40c7-b780-43c37a89e8eb@group-BAC069DAEF17-LeaderElection78] INFO  impl.LeaderElection (LeaderElection.java:askForVotes(178)) - 4b487190-7547-40c7-b780-43c37a89e8eb@group-BAC069DAEF17-LeaderElection78: begin an election at term 69 for -1: [6fa005cd-25d6-4e29-bda6-9462a060c098:192.168.69.67:36093, 4b487190-7547-40c7-b780-43c37a89e8eb:192.168.69.67:39683, 3d3aac8b-d4d1-454d-bf0c-88a180692893:192.168.69.67:34429], old=null
2019-10-18 07:54:07,704 [grpc-default-executor-0] INFO  impl.RaftServerImpl (RaftServerImpl.java:setRole(184)) - 6fa005cd-25d6-4e29-bda6-9462a060c098@group-BAC069DAEF17: changes role from  FOLLOWER to FOLLOWER at term 69 for recognizeCandidate:4b487190-7547-40c7-b780-43c37a89e8eb
2019-10-18 07:54:07,704 [grpc-default-executor-3] INFO  impl.RaftServerImpl (RaftServerImpl.java:setRole(184)) - 3d3aac8b-d4d1-454d-bf0c-88a180692893@group-BAC069DAEF17: changes role from  FOLLOWER to FOLLOWER at term 69 for recognizeCandidate:4b487190-7547-40c7-b780-43c37a89e8eb
2019-10-18 07:54:07,704 [grpc-default-executor-0] INFO  impl.RoleInfo (RoleInfo.java:shutdownFollowerState(121)) - 6fa005cd-25d6-4e29-bda6-9462a060c098: shutdown FollowerState
2019-10-18 07:54:07,704 [grpc-default-executor-3] INFO  impl.RoleInfo (RoleInfo.java:shutdownFollowerState(121)) - 3d3aac8b-d4d1-454d-bf0c-88a180692893: shutdown FollowerState
2019-10-18 07:54:07,705 [Thread-816] INFO  impl.FollowerState (FollowerState.java:run(117)) - 6fa005cd-25d6-4e29-bda6-9462a060c098@group-BAC069DAEF17-FollowerState was interrupted: java.lang.InterruptedException: sleep interrupted
2019-10-18 07:54:07,705 [grpc-default-executor-0] INFO  impl.RoleInfo (RoleInfo.java:updateAndGet(143)) - 6fa005cd-25d6-4e29-bda6-9462a060c098: start FollowerState
2019-10-18 07:54:07,705 [Thread-817] INFO  impl.FollowerState (FollowerState.java:run(117)) - 3d3aac8b-d4d1-454d-bf0c-88a180692893@group-BAC069DAEF17-FollowerState was interrupted: java.lang.InterruptedException: sleep interrupted
2019-10-18 07:54:07,705 [grpc-default-executor-3] INFO  impl.RoleInfo (RoleInfo.java:updateAndGet(143)) - 3d3aac8b-d4d1-454d-bf0c-88a180692893: start FollowerState
2019-10-18 07:54:07,732 [4b487190-7547-40c7-b780-43c37a89e8eb@group-BAC069DAEF17-LeaderElection78] INFO  impl.LeaderElection (LeaderElection.java:logAndReturn(56)) - 4b487190-7547-40c7-b780-43c37a89e8eb@group-BAC069DAEF17-LeaderElection78: Election REJECTED; received 2 response(s) [4b487190-7547-40c7-b780-43c37a89e8eb<-6fa005cd-25d6-4e29-bda6-9462a060c098#0:FAIL-t69, 4b487190-7547-40c7-b780-43c37a89e8eb<-3d3aac8b-d4d1-454d-bf0c-88a180692893#0:FAIL-t69] and 0 exception(s); 4b487190-7547-40c7-b780-43c37a89e8eb@group-BAC069DAEF17:t69, leader=null, voted=4b487190-7547-40c7-b780-43c37a89e8eb, raftlog=4b487190-7547-40c7-b780-43c37a89e8eb@group-BAC069DAEF17-SegmentedRaftLog:OPENED:c-1,f-1,i0, conf=-1: [6fa005cd-25d6-4e29-bda6-9462a060c098:192.168.69.67:36093, 4b487190-7547-40c7-b780-43c37a89e8eb:192.168.69.67:39683, 3d3aac8b-d4d1-454d-bf0c-88a180692893:192.168.69.67:34429], old=null
2019-10-18 07:54:07,732 [4b487190-7547-40c7-b780-43c37a89e8eb@group-BAC069DAEF17-LeaderElection78] INFO  impl.RaftServerImpl (RaftServerImpl.java:setRole(184)) - 4b487190-7547-40c7-b780-43c37a89e8eb@group-BAC069DAEF17: changes role from CANDIDATE to FOLLOWER at term 69 for DISCOVERED_A_NEW_TERM
2019-10-18 07:54:07,732 [4b487190-7547-40c7-b780-43c37a89e8eb@group-BAC069DAEF17-LeaderElection78] INFO  impl.RoleInfo (RoleInfo.java:shutdownLeaderElection(134)) - 4b487190-7547-40c7-b780-43c37a89e8eb: shutdown LeaderElection
2019-10-18 07:54:07,732 [4b487190-7547-40c7-b780-43c37a89e8eb@group-BAC069DAEF17-LeaderElection78] INFO  impl.RoleInfo (RoleInfo.java:updateAndGet(143)) - 4b487190-7547-40c7-b780-43c37a89e8eb: start FollowerState
2019-10-18 07:54:07,897 [Thread-822] INFO  impl.FollowerState (FollowerState.java:run(108)) - 4b487190-7547-40c7-b780-43c37a89e8eb@group-BAC069DAEF17-FollowerState: change to CANDIDATE, lastRpcTime:164ms, electionTimeout:164ms
2019-10-18 07:54:07,897 [Thread-822] INFO  impl.RoleInfo (RoleInfo.java:shutdownFollowerState(121)) - 4b487190-7547-40c7-b780-43c37a89e8eb: shutdown FollowerState
2019-10-18 07:54:07,897 [Thread-822] INFO  impl.RaftServerImpl (RaftServerImpl.java:setRole(184)) - 4b487190-7547-40c7-b780-43c37a89e8eb@group-BAC069DAEF17: changes role from  FOLLOWER to CANDIDATE at term 69 for changeToCandidate
2019-10-18 07:54:07,897 [Thread-822] INFO  impl.RoleInfo (RoleInfo.java:updateAndGet(143)) - 4b487190-7547-40c7-b780-43c37a89e8eb: start LeaderElection
2019-10-18 07:54:07,913 [4b487190-7547-40c7-b780-43c37a89e8eb@group-BAC069DAEF17-LeaderElection79] INFO  impl.LeaderElection (LeaderElection.java:askForVotes(178)) - 4b487190-7547-40c7-b780-43c37a89e8eb@group-BAC069DAEF17-LeaderElection79: begin an election at term 70 for -1: [6fa005cd-25d6-4e29-bda6-9462a060c098:192.168.69.67:36093, 4b487190-7547-40c7-b780-43c37a89e8eb:192.168.69.67:39683, 3d3aac8b-d4d1-454d-bf0c-88a180692893:192.168.69.67:34429], old=null
2019-10-18 07:54:07,917 [grpc-default-executor-3] INFO  impl.RaftServerImpl (RaftServerImpl.java:setRole(184)) - 3d3aac8b-d4d1-454d-bf0c-88a180692893@group-BAC069DAEF17: changes role from  FOLLOWER to FOLLOWER at term 70 for recognizeCandidate:4b487190-7547-40c7-b780-43c37a89e8eb
2019-10-18 07:54:07,917 [4b487190-7547-40c7-b780-43c37a89e8eb@group-BAC069DAEF17-LeaderElection79] INFO  impl.LeaderElection (LeaderElection.java:logAndReturn(56)) - 4b487190-7547-40c7-b780-43c37a89e8eb@group-BAC069DAEF17-LeaderElection79: Election TIMEOUT; received 0 response(s) [] and 0 exception(s); 4b487190-7547-40c7-b780-43c37a89e8eb@group-BAC069DAEF17:t70, leader=null, voted=4b487190-7547-40c7-b780-43c37a89e8eb, raftlog=4b487190-7547-40c7-b780-43c37a89e8eb@group-BAC069DAEF17-SegmentedRaftLog:OPENED:c-1,f-1,i0, conf=-1: [6fa005cd-25d6-4e29-bda6-9462a060c098:192.168.69.67:36093, 4b487190-7547-40c7-b780-43c37a89e8eb:192.168.69.67:39683, 3d3aac8b-d4d1-454d-bf0c-88a180692893:192.168.69.67:34429], old=null
2019-10-18 07:54:07,917 [grpc-default-executor-0] INFO  impl.RaftServerImpl (RaftServerImpl.java:setRole(184)) - 6fa005cd-25d6-4e29-bda6-9462a060c098@group-BAC069DAEF17: changes role from  FOLLOWER to FOLLOWER at term 70 for recognizeCandidate:4b487190-7547-40c7-b780-43c37a89e8eb
2019-10-18 07:54:07,918 [grpc-default-executor-3] INFO  impl.RoleInfo (RoleInfo.java:shutdownFollowerState(121)) - 3d3aac8b-d4d1-454d-bf0c-88a180692893: shutdown FollowerState
2019-10-18 07:54:07,918 [grpc-default-executor-0] INFO  impl.RoleInfo (RoleInfo.java:shutdownFollowerState(121)) - 6fa005cd-25d6-4e29-bda6-9462a060c098: shutdown FollowerState
2019-10-18 07:54:07,918 [Thread-821] INFO  impl.FollowerState (FollowerState.java:run(117)) - 3d3aac8b-d4d1-454d-bf0c-88a180692893@group-BAC069DAEF17-FollowerState was interrupted: java.lang.InterruptedException: sleep interrupted
2019-10-18 07:54:07,918 [grpc-default-executor-3] INFO  impl.RoleInfo (RoleInfo.java:updateAndGet(143)) - 3d3aac8b-d4d1-454d-bf0c-88a180692893: start FollowerState
2019-10-18 07:54:07,918 [Thread-820] INFO  impl.FollowerState (FollowerState.java:run(117)) - 6fa005cd-25d6-4e29-bda6-9462a060c098@group-BAC069DAEF17-FollowerState was interrupted: java.lang.InterruptedException: sleep interrupted
2019-10-18 07:54:07,918 [grpc-default-executor-0] INFO  impl.RoleInfo (RoleInfo.java:updateAndGet(143)) - 6fa005cd-25d6-4e29-bda6-9462a060c098: start FollowerState
2019-10-18 07:54:07,943 [4b487190-7547-40c7-b780-43c37a89e8eb@group-BAC069DAEF17-LeaderElection79] INFO  impl.LeaderElection (LeaderElection.java:askForVotes(178)) - 4b487190-7547-40c7-b780-43c37a89e8eb@group-BAC069DAEF17-LeaderElection79: begin an election at term 71 for -1: [6fa005cd-25d6-4e29-bda6-9462a060c098:192.168.69.67:36093, 4b487190-7547-40c7-b780-43c37a89e8eb:192.168.69.67:39683, 3d3aac8b-d4d1-454d-bf0c-88a180692893:192.168.69.67:34429], old=null
2019-10-18 07:54:07,946 [grpc-default-executor-3] INFO  impl.RaftServerImpl (RaftServerImpl.java:setRole(184)) - 6fa005cd-25d6-4e29-bda6-9462a060c098@group-BAC069DAEF17: changes role from  FOLLOWER to FOLLOWER at term 71 for recognizeCandidate:4b487190-7547-40c7-b780-43c37a89e8eb
2019-10-18 07:54:07,946 [grpc-default-executor-3] INFO  impl.RoleInfo (RoleInfo.java:shutdownFollowerState(121)) - 6fa005cd-25d6-4e29-bda6-9462a060c098: shutdown FollowerState
2019-10-18 07:54:07,946 [grpc-default-executor-0] INFO  impl.RaftServerImpl (RaftServerImpl.java:setRole(184)) - 3d3aac8b-d4d1-454d-bf0c-88a180692893@group-BAC069DAEF17: changes role from  FOLLOWER to FOLLOWER at term 71 for recognizeCandidate:4b487190-7547-40c7-b780-43c37a89e8eb
2019-10-18 07:54:07,946 [Thread-827] INFO  impl.FollowerState (FollowerState.java:run(117)) - 6fa005cd-25d6-4e29-bda6-9462a060c098@group-BAC069DAEF17-FollowerState was interrupted: java.lang.InterruptedException: sleep interrupted
2019-10-18 07:54:07,946 [grpc-default-executor-3] INFO  impl.RoleInfo (RoleInfo.java:updateAndGet(143)) - 6fa005cd-25d6-4e29-bda6-9462a060c098: start FollowerState
2019-10-18 07:54:07,946 [grpc-default-executor-0] INFO  impl.RoleInfo (RoleInfo.java:shutdownFollowerState(121)) - 3d3aac8b-d4d1-454d-bf0c-88a180692893: shutdown FollowerState
2019-10-18 07:54:07,947 [grpc-default-executor-0] INFO  impl.RoleInfo (RoleInfo.java:updateAndGet(143)) - 3d3aac8b-d4d1-454d-bf0c-88a180692893: start FollowerState
2019-10-18 07:54:07,947 [Thread-826] INFO  impl.FollowerState (FollowerState.java:run(117)) - 3d3aac8b-d4d1-454d-bf0c-88a180692893@group-BAC069DAEF17-FollowerState was interrupted: java.lang.InterruptedException: sleep interrupted
2019-10-18 07:54:07,964 [4b487190-7547-40c7-b780-43c37a89e8eb@group-BAC069DAEF17-LeaderElection79] INFO  impl.LeaderElection (LeaderElection.java:logAndReturn(56)) - 4b487190-7547-40c7-b780-43c37a89e8eb@group-BAC069DAEF17-LeaderElection79: Election REJECTED; received 2 response(s) [4b487190-7547-40c7-b780-43c37a89e8eb<-6fa005cd-25d6-4e29-bda6-9462a060c098#0:FAIL-t71, 4b487190-7547-40c7-b780-43c37a89e8eb<-3d3aac8b-d4d1-454d-bf0c-88a180692893#0:FAIL-t71] and 0 exception(s); 4b487190-7547-40c7-b780-43c37a89e8eb@group-BAC069DAEF17:t71, leader=null, voted=4b487190-7547-40c7-b780-43c37a89e8eb, raftlog=4b487190-7547-40c7-b780-43c37a89e8eb@group-BAC069DAEF17-SegmentedRaftLog:OPENED:c-1,f-1,i0, conf=-1: [6fa005cd-25d6-4e29-bda6-9462a060c098:192.168.69.67:36093, 4b487190-7547-40c7-b780-43c37a89e8eb:192.168.69.67:39683, 3d3aac8b-d4d1-454d-bf0c-88a180692893:192.168.69.67:34429], old=null
2019-10-18 07:54:07,964 [4b487190-7547-40c7-b780-43c37a89e8eb@group-BAC069DAEF17-LeaderElection79] INFO  impl.RaftServerImpl (RaftServerImpl.java:setRole(184)) - 4b487190-7547-40c7-b780-43c37a89e8eb@group-BAC069DAEF17: changes role from CANDIDATE to FOLLOWER at term 71 for DISCOVERED_A_NEW_TERM
2019-10-18 07:54:07,964 [4b487190-7547-40c7-b780-43c37a89e8eb@group-BAC069DAEF17-LeaderElection79] INFO  impl.RoleInfo (RoleInfo.java:shutdownLeaderElection(134)) - 4b487190-7547-40c7-b780-43c37a89e8eb: shutdown LeaderElection
2019-10-18 07:54:07,964 [4b487190-7547-40c7-b780-43c37a89e8eb@group-BAC069DAEF17-LeaderElection79] INFO  impl.RoleInfo (RoleInfo.java:updateAndGet(143)) - 4b487190-7547-40c7-b780-43c37a89e8eb: start FollowerState
2019-10-18 07:54:08,087 [Thread-832] INFO  impl.FollowerState (FollowerState.java:run(108)) - 4b487190-7547-40c7-b780-43c37a89e8eb@group-BAC069DAEF17-FollowerState: change to CANDIDATE, lastRpcTime:122ms, electionTimeout:122ms
2019-10-18 07:54:08,087 [Thread-832] INFO  impl.RoleInfo (RoleInfo.java:shutdownFollowerState(121)) - 4b487190-7547-40c7-b780-43c37a89e8eb: shutdown FollowerState
2019-10-18 07:54:08,087 [Thread-832] INFO  impl.RaftServerImpl (RaftServerImpl.java:setRole(184)) - 4b487190-7547-40c7-b780-43c37a89e8eb@group-BAC069DAEF17: changes role from  FOLLOWER to CANDIDATE at term 71 for changeToCandidate
2019-10-18 07:54:08,087 [Thread-832] INFO  impl.RoleInfo (RoleInfo.java:updateAndGet(143)) - 4b487190-7547-40c7-b780-43c37a89e8eb: start LeaderElection
2019-10-18 07:54:08,113 [4b487190-7547-40c7-b780-43c37a89e8eb@group-BAC069DAEF17-LeaderElection80] INFO  impl.LeaderElection (LeaderElection.java:askForVotes(178)) - 4b487190-7547-40c7-b780-43c37a89e8eb@group-BAC069DAEF17-LeaderElection80: begin an election at term 72 for -1: [6fa005cd-25d6-4e29-bda6-9462a060c098:192.168.69.67:36093, 4b487190-7547-40c7-b780-43c37a89e8eb:192.168.69.67:39683, 3d3aac8b-d4d1-454d-bf0c-88a180692893:192.168.69.67:34429], old=null
2019-10-18 07:54:08,116 [grpc-default-executor-3] INFO  impl.RaftServerImpl (RaftServerImpl.java:setRole(184)) - 3d3aac8b-d4d1-454d-bf0c-88a180692893@group-BAC069DAEF17: changes role from  FOLLOWER to FOLLOWER at term 72 for recognizeCandidate:4b487190-7547-40c7-b780-43c37a89e8eb
2019-10-18 07:54:08,116 [grpc-default-executor-0] INFO  impl.RaftServerImpl (RaftServerImpl.java:setRole(184)) - 6fa005cd-25d6-4e29-bda6-9462a060c098@group-BAC069DAEF17: changes role from  FOLLOWER to FOLLOWER at term 72 for recognizeCandidate:4b487190-7547-40c7-b780-43c37a89e8eb
2019-10-18 07:54:08,116 [grpc-default-executor-3] INFO  impl.RoleInfo (RoleInfo.java:shutdownFollowerState(121)) - 3d3aac8b-d4d1-454d-bf0c-88a180692893: shutdown FollowerState
2019-10-18 07:54:08,116 [grpc-default-executor-0] INFO  impl.RoleInfo (RoleInfo.java:shutdownFollowerState(121)) - 6fa005cd-25d6-4e29-bda6-9462a060c098: shutdown FollowerState
2019-10-18 07:54:08,116 [Thread-830] INFO  impl.FollowerState (FollowerState.java:run(117)) - 6fa005cd-25d6-4e29-bda6-9462a060c098@group-BAC069DAEF17-FollowerState was interrupted: java.lang.InterruptedException: sleep interrupted
2019-10-18 07:54:08,116 [Thread-831] INFO  impl.FollowerState (FollowerState.java:run(117)) - 3d3aac8b-d4d1-454d-bf0c-88a180692893@group-BAC069DAEF17-FollowerState was interrupted: java.lang.InterruptedException: sleep interrupted
2019-10-18 07:54:08,116 [grpc-default-executor-3] INFO  impl.RoleInfo (RoleInfo.java:updateAndGet(143)) - 3d3aac8b-d4d1-454d-bf0c-88a180692893: start FollowerState
2019-10-18 07:54:08,116 [grpc-default-executor-0] INFO  impl.RoleInfo (RoleInfo.java:updateAndGet(143)) - 6fa005cd-25d6-4e29-bda6-9462a060c098: start FollowerState
2019-10-18 07:54:08,135 [4b487190-7547-40c7-b780-43c37a89e8eb@group-BAC069DAEF17-LeaderElection80] INFO  impl.LeaderElection (LeaderElection.java:logAndReturn(56)) - 4b487190-7547-40c7-b780-43c37a89e8eb@group-BAC069DAEF17-LeaderElection80: Election REJECTED; received 2 response(s) [4b487190-7547-40c7-b780-43c37a89e8eb<-6fa005cd-25d6-4e29-bda6-9462a060c098#0:FAIL-t72, 4b487190-7547-40c7-b780-43c37a89e8eb<-3d3aac8b-d4d1-454d-bf0c-88a180692893#0:FAIL-t72] and 0 exception(s); 4b487190-7547-40c7-b780-43c37a89e8eb@group-BAC069DAEF17:t72, leader=null, voted=4b487190-7547-40c7-b780-43c37a89e8eb, raftlog=4b487190-7547-40c7-b780-43c37a89e8eb@group-BAC069DAEF17-SegmentedRaftLog:OPENED:c-1,f-1,i0, conf=-1: [6fa005cd-25d6-4e29-bda6-9462a060c098:192.168.69.67:36093, 4b487190-7547-40c7-b780-43c37a89e8eb:192.168.69.67:39683, 3d3aac8b-d4d1-454d-bf0c-88a180692893:192.168.69.67:34429], old=null
2019-10-18 07:54:08,135 [4b487190-7547-40c7-b780-43c37a89e8eb@group-BAC069DAEF17-LeaderElection80] INFO  impl.RaftServerImpl (RaftServerImpl.java:setRole(184)) - 4b487190-7547-40c7-b780-43c37a89e8eb@group-BAC069DAEF17: changes role from CANDIDATE to FOLLOWER at term 72 for DISCOVERED_A_NEW_TERM
2019-10-18 07:54:08,135 [4b487190-7547-40c7-b780-43c37a89e8eb@group-BAC069DAEF17-LeaderElection80] INFO  impl.RoleInfo (RoleInfo.java:shutdownLeaderElection(134)) - 4b487190-7547-40c7-b780-43c37a89e8eb: shutdown LeaderElection
2019-10-18 07:54:08,135 [4b487190-7547-40c7-b780-43c37a89e8eb@group-BAC069DAEF17-LeaderElection80] INFO  impl.RoleInfo (RoleInfo.java:updateAndGet(143)) - 4b487190-7547-40c7-b780-43c37a89e8eb: start FollowerState
2019-10-18 07:54:08,256 [Thread-840] INFO  impl.FollowerState (FollowerState.java:run(108)) - 4b487190-7547-40c7-b780-43c37a89e8eb@group-BAC069DAEF17-FollowerState: change to CANDIDATE, lastRpcTime:120ms, electionTimeout:120ms
2019-10-18 07:54:08,256 [Thread-840] INFO  impl.RoleInfo (RoleInfo.java:shutdownFollowerState(121)) - 4b487190-7547-40c7-b780-43c37a89e8eb: shutdown FollowerState
2019-10-18 07:54:08,256 [Thread-840] INFO  impl.RaftServerImpl (RaftServerImpl.java:setRole(184)) - 4b487190-7547-40c7-b780-43c37a89e8eb@group-BAC069DAEF17: changes role from  FOLLOWER to CANDIDATE at term 72 for changeToCandidate
2019-10-18 07:54:08,257 [Thread-840] INFO  impl.RoleInfo (RoleInfo.java:updateAndGet(143)) - 4b487190-7547-40c7-b780-43c37a89e8eb: start LeaderElection
2019-10-18 07:54:08,270 [4b487190-7547-40c7-b780-43c37a89e8eb@group-BAC069DAEF17-LeaderElection81] INFO  impl.LeaderElection (LeaderElection.java:askForVotes(178)) - 4b487190-7547-40c7-b780-43c37a89e8eb@group-BAC069DAEF17-LeaderElection81: begin an election at term 73 for -1: [6fa005cd-25d6-4e29-bda6-9462a060c098:192.168.69.67:36093, 4b487190-7547-40c7-b780-43c37a89e8eb:192.168.69.67:39683, 3d3aac8b-d4d1-454d-bf0c-88a180692893:192.168.69.67:34429], old=null
2019-10-18 07:54:08,274 [grpc-default-executor-0] INFO  impl.RaftServerImpl (RaftServerImpl.java:setRole(184)) - 6fa005cd-25d6-4e29-bda6-9462a060c098@group-BAC069DAEF17: changes role from  FOLLOWER to FOLLOWER at term 73 for recognizeCandidate:4b487190-7547-40c7-b780-43c37a89e8eb
2019-10-18 07:54:08,274 [grpc-default-executor-3] INFO  impl.RaftServerImpl (RaftServerImpl.java:setRole(184)) - 3d3aac8b-d4d1-454d-bf0c-88a180692893@group-BAC069DAEF17: changes role from  FOLLOWER to FOLLOWER at term 73 for recognizeCandidate:4b487190-7547-40c7-b780-43c37a89e8eb
2019-10-18 07:54:08,274 [grpc-default-executor-0] INFO  impl.RoleInfo (RoleInfo.java:shutdownFollowerState(121)) - 6fa005cd-25d6-4e29-bda6-9462a060c098: shutdown FollowerState
2019-10-18 07:54:08,274 [grpc-default-executor-3] INFO  impl.RoleInfo (RoleInfo.java:shutdownFollowerState(121)) - 3d3aac8b-d4d1-454d-bf0c-88a180692893: shutdown FollowerState
2019-10-18 07:54:08,274 [grpc-default-executor-0] INFO  impl.RoleInfo (RoleInfo.java:updateAndGet(143)) - 6fa005cd-25d6-4e29-bda6-9462a060c098: start FollowerState
2019-10-18 07:54:08,274 [Thread-839] INFO  impl.FollowerState (FollowerState.java:run(117)) - 6fa005cd-25d6-4e29-bda6-9462a060c098@group-BAC069DAEF17-FollowerState was interrupted: java.lang.InterruptedException: sleep interrupted
2019-10-18 07:54:08,275 [Thread-838] INFO  impl.FollowerState (FollowerState.java:run(117)) - 3d3aac8b-d4d1-454d-bf0c-88a180692893@group-BAC069DAEF17-FollowerState was interrupted: java.lang.InterruptedException: sleep interrupted
2019-10-18 07:54:08,275 [grpc-default-executor-3] INFO  impl.RoleInfo (RoleInfo.java:updateAndGet(143)) - 3d3aac8b-d4d1-454d-bf0c-88a180692893: start FollowerState
2019-10-18 07:54:08,291 [4b487190-7547-40c7-b780-43c37a89e8eb@group-BAC069DAEF17-LeaderElection81] INFO  impl.LeaderElection (LeaderElection.java:logAndReturn(56)) - 4b487190-7547-40c7-b780-43c37a89e8eb@group-BAC069DAEF17-LeaderElection81: Election REJECTED; received 2 response(s) [4b487190-7547-40c7-b780-43c37a89e8eb<-6fa005cd-25d6-4e29-bda6-9462a060c098#0:FAIL-t73, 4b487190-7547-40c7-b780-43c37a89e8eb<-3d3aac8b-d4d1-454d-bf0c-88a180692893#0:FAIL-t73] and 0 exception(s); 4b487190-7547-40c7-b780-43c37a89e8eb@group-BAC069DAEF17:t73, leader=null, voted=4b487190-7547-40c7-b780-43c37a89e8eb, raftlog=4b487190-7547-40c7-b780-43c37a89e8eb@group-BAC069DAEF17-SegmentedRaftLog:OPENED:c-1,f-1,i0, conf=-1: [6fa005cd-25d6-4e29-bda6-9462a060c098:192.168.69.67:36093, 4b487190-7547-40c7-b780-43c37a89e8eb:192.168.69.67:39683, 3d3aac8b-d4d1-454d-bf0c-88a180692893:192.168.69.67:34429], old=null
2019-10-18 07:54:08,291 [4b487190-7547-40c7-b780-43c37a89e8eb@group-BAC069DAEF17-LeaderElection81] INFO  impl.RaftServerImpl (RaftServerImpl.java:setRole(184)) - 4b487190-7547-40c7-b780-43c37a89e8eb@group-BAC069DAEF17: changes role from CANDIDATE to FOLLOWER at term 73 for DISCOVERED_A_NEW_TERM
2019-10-18 07:54:08,292 [4b487190-7547-40c7-b780-43c37a89e8eb@group-BAC069DAEF17-LeaderElection81] INFO  impl.RoleInfo (RoleInfo.java:shutdownLeaderElection(134)) - 4b487190-7547-40c7-b780-43c37a89e8eb: shutdown LeaderElection
2019-10-18 07:54:08,292 [4b487190-7547-40c7-b780-43c37a89e8eb@group-BAC069DAEF17-LeaderElection81] INFO  impl.RoleInfo (RoleInfo.java:updateAndGet(143)) - 4b487190-7547-40c7-b780-43c37a89e8eb: start FollowerState
2019-10-18 07:54:08,313 [Thread-846] INFO  impl.FollowerState (FollowerState.java:run(108)) - 4b487190-7547-40c7-b780-43c37a89e8eb@group-BAC069DAEF17-FollowerState: change to CANDIDATE, lastRpcTime:21ms, electionTimeout:21ms
2019-10-18 07:54:08,314 [Thread-846] INFO  impl.RoleInfo (RoleInfo.java:shutdownFollowerState(121)) - 4b487190-7547-40c7-b780-43c37a89e8eb: shutdown FollowerState
2019-10-18 07:54:08,314 [Thread-846] INFO  impl.RaftServerImpl (RaftServerImpl.java:setRole(184)) - 4b487190-7547-40c7-b780-43c37a89e8eb@group-BAC069DAEF17: changes role from  FOLLOWER to CANDIDATE at term 73 for changeToCandidate
2019-10-18 07:54:08,314 [Thread-846] INFO  impl.RoleInfo (RoleInfo.java:updateAndGet(143)) - 4b487190-7547-40c7-b780-43c37a89e8eb: start LeaderElection
2019-10-18 07:54:08,327 [4b487190-7547-40c7-b780-43c37a89e8eb@group-BAC069DAEF17-LeaderElection82] INFO  impl.LeaderElection (LeaderElection.java:askForVotes(178)) - 4b487190-7547-40c7-b780-43c37a89e8eb@group-BAC069DAEF17-LeaderElection82: begin an election at term 74 for -1: [6fa005cd-25d6-4e29-bda6-9462a060c098:192.168.69.67:36093, 4b487190-7547-40c7-b780-43c37a89e8eb:192.168.69.67:39683, 3d3aac8b-d4d1-454d-bf0c-88a180692893:192.168.69.67:34429], old=null
2019-10-18 07:54:08,330 [grpc-default-executor-0] INFO  impl.RaftServerImpl (RaftServerImpl.java:setRole(184)) - 6fa005cd-25d6-4e29-bda6-9462a060c098@group-BAC069DAEF17: changes role from  FOLLOWER to FOLLOWER at term 74 for recognizeCandidate:4b487190-7547-40c7-b780-43c37a89e8eb
2019-10-18 07:54:08,330 [grpc-default-executor-0] INFO  impl.RoleInfo (RoleInfo.java:shutdownFollowerState(121)) - 6fa005cd-25d6-4e29-bda6-9462a060c098: shutdown FollowerState
2019-10-18 07:54:08,330 [grpc-default-executor-3] INFO  impl.RaftServerImpl (RaftServerImpl.java:setRole(184)) - 3d3aac8b-d4d1-454d-bf0c-88a180692893@group-BAC069DAEF17: changes role from  FOLLOWER to FOLLOWER at term 74 for recognizeCandidate:4b487190-7547-40c7-b780-43c37a89e8eb
2019-10-18 07:54:08,330 [Thread-844] INFO  impl.FollowerState (FollowerState.java:run(117)) - 6fa005cd-25d6-4e29-bda6-9462a060c098@group-BAC069DAEF17-FollowerState was interrupted: java.lang.InterruptedException: sleep interrupted
2019-10-18 07:54:08,330 [grpc-default-executor-0] INFO  impl.RoleInfo (RoleInfo.java:updateAndGet(143)) - 6fa005cd-25d6-4e29-bda6-9462a060c098: start FollowerState
2019-10-18 07:54:08,330 [grpc-default-executor-3] INFO  impl.RoleInfo (RoleInfo.java:shutdownFollowerState(121)) - 3d3aac8b-d4d1-454d-bf0c-88a180692893: shutdown FollowerState
2019-10-18 07:54:08,331 [grpc-default-executor-3] INFO  impl.RoleInfo (RoleInfo.java:updateAndGet(143)) - 3d3aac8b-d4d1-454d-bf0c-88a180692893: start FollowerState
2019-10-18 07:54:08,331 [Thread-845] INFO  impl.FollowerState (FollowerState.java:run(117)) - 3d3aac8b-d4d1-454d-bf0c-88a180692893@group-BAC069DAEF17-FollowerState was interrupted: java.lang.InterruptedException: sleep interrupted
2019-10-18 07:54:08,347 [4b487190-7547-40c7-b780-43c37a89e8eb@group-BAC069DAEF17-LeaderElection82] INFO  impl.LeaderElection (LeaderElection.java:logAndReturn(56)) - 4b487190-7547-40c7-b780-43c37a89e8eb@group-BAC069DAEF17-LeaderElection82: Election REJECTED; received 2 response(s) [4b487190-7547-40c7-b780-43c37a89e8eb<-6fa005cd-25d6-4e29-bda6-9462a060c098#0:FAIL-t74, 4b487190-7547-40c7-b780-43c37a89e8eb<-3d3aac8b-d4d1-454d-bf0c-88a180692893#0:FAIL-t74] and 0 exception(s); 4b487190-7547-40c7-b780-43c37a89e8eb@group-BAC069DAEF17:t74, leader=null, voted=4b487190-7547-40c7-b780-43c37a89e8eb, raftlog=4b487190-7547-40c7-b780-43c37a89e8eb@group-BAC069DAEF17-SegmentedRaftLog:OPENED:c-1,f-1,i0, conf=-1: [6fa005cd-25d6-4e29-bda6-9462a060c098:192.168.69.67:36093, 4b487190-7547-40c7-b780-43c37a89e8eb:192.168.69.67:39683, 3d3aac8b-d4d1-454d-bf0c-88a180692893:192.168.69.67:34429], old=null
2019-10-18 07:54:08,347 [4b487190-7547-40c7-b780-43c37a89e8eb@group-BAC069DAEF17-LeaderElection82] INFO  impl.RaftServerImpl (RaftServerImpl.java:setRole(184)) - 4b487190-7547-40c7-b780-43c37a89e8eb@group-BAC069DAEF17: changes role from CANDIDATE to FOLLOWER at term 74 for DISCOVERED_A_NEW_TERM
2019-10-18 07:54:08,348 [4b487190-7547-40c7-b780-43c37a89e8eb@group-BAC069DAEF17-LeaderElection82] INFO  impl.RoleInfo (RoleInfo.java:shutdownLeaderElection(134)) - 4b487190-7547-40c7-b780-43c37a89e8eb: shutdown LeaderElection
2019-10-18 07:54:08,348 [4b487190-7547-40c7-b780-43c37a89e8eb@group-BAC069DAEF17-LeaderElection82] INFO  impl.RoleInfo (RoleInfo.java:updateAndGet(143)) - 4b487190-7547-40c7-b780-43c37a89e8eb: start FollowerState
2019-10-18 07:54:08,359 [Thread-852] INFO  impl.FollowerState (FollowerState.java:run(108)) - 4b487190-7547-40c7-b780-43c37a89e8eb@group-BAC069DAEF17-FollowerState: change to CANDIDATE, lastRpcTime:11ms, electionTimeout:11ms
2019-10-18 07:54:08,359 [Thread-852] INFO  impl.RoleInfo (RoleInfo.java:shutdownFollowerState(121)) - 4b487190-7547-40c7-b780-43c37a89e8eb: shutdown FollowerState
2019-10-18 07:54:08,360 [Thread-852] INFO  impl.RaftServerImpl (RaftServerImpl.java:setRole(184)) - 4b487190-7547-40c7-b780-43c37a89e8eb@group-BAC069DAEF17: changes role from  FOLLOWER to CANDIDATE at term 74 for changeToCandidate
2019-10-18 07:54:08,360 [Thread-852] INFO  impl.RoleInfo (RoleInfo.java:updateAndGet(143)) - 4b487190-7547-40c7-b780-43c37a89e8eb: start LeaderElection
2019-10-18 07:54:08,420 [4b487190-7547-40c7-b780-43c37a89e8eb@group-BAC069DAEF17-LeaderElection83] INFO  impl.LeaderElection (LeaderElection.java:askForVotes(178)) - 4b487190-7547-40c7-b780-43c37a89e8eb@group-BAC069DAEF17-LeaderElection83: begin an election at term 75 for -1: [6fa005cd-25d6-4e29-bda6-9462a060c098:192.168.69.67:36093, 4b487190-7547-40c7-b780-43c37a89e8eb:192.168.69.67:39683, 3d3aac8b-d4d1-454d-bf0c-88a180692893:192.168.69.67:34429], old=null
2019-10-18 07:54:08,423 [grpc-default-executor-0] INFO  impl.RaftServerImpl (RaftServerImpl.java:setRole(184)) - 6fa005cd-25d6-4e29-bda6-9462a060c098@group-BAC069DAEF17: changes role from  FOLLOWER to FOLLOWER at term 75 for recognizeCandidate:4b487190-7547-40c7-b780-43c37a89e8eb
2019-10-18 07:54:08,423 [grpc-default-executor-0] INFO  impl.RoleInfo (RoleInfo.java:shutdownFollowerState(121)) - 6fa005cd-25d6-4e29-bda6-9462a060c098: shutdown FollowerState
2019-10-18 07:54:08,423 [grpc-default-executor-0] INFO  impl.RoleInfo (RoleInfo.java:updateAndGet(143)) - 6fa005cd-25d6-4e29-bda6-9462a060c098: start FollowerState
2019-10-18 07:54:08,423 [Thread-850] INFO  impl.FollowerState (FollowerState.java:run(117)) - 6fa005cd-25d6-4e29-bda6-9462a060c098@group-BAC069DAEF17-FollowerState was interrupted: java.lang.InterruptedException: sleep interrupted
2019-10-18 07:54:08,423 [grpc-default-executor-3] INFO  impl.RaftServerImpl (RaftServerImpl.java:setRole(184)) - 3d3aac8b-d4d1-454d-bf0c-88a180692893@group-BAC069DAEF17: changes role from  FOLLOWER to FOLLOWER at term 75 for recognizeCandidate:4b487190-7547-40c7-b780-43c37a89e8eb
2019-10-18 07:54:08,424 [grpc-default-executor-3] INFO  impl.RoleInfo (RoleInfo.java:shutdownFollowerState(121)) - 3d3aac8b-d4d1-454d-bf0c-88a180692893: shutdown FollowerState
2019-10-18 07:54:08,424 [grpc-default-executor-3] INFO  impl.RoleInfo (RoleInfo.java:updateAndGet(143)) - 3d3aac8b-d4d1-454d-bf0c-88a180692893: start FollowerState
2019-10-18 07:54:08,424 [Thread-851] INFO  impl.FollowerState (FollowerState.java:run(117)) - 3d3aac8b-d4d1-454d-bf0c-88a180692893@group-BAC069DAEF17-FollowerState was interrupted: java.lang.InterruptedException: sleep interrupted
2019-10-18 07:54:08,431 [4b487190-7547-40c7-b780-43c37a89e8eb@group-BAC069DAEF17-LeaderElection83] INFO  impl.LeaderElection (LeaderElection.java:logAndReturn(56)) - 4b487190-7547-40c7-b780-43c37a89e8eb@group-BAC069DAEF17-LeaderElection83: Election REJECTED; received 2 response(s) [4b487190-7547-40c7-b780-43c37a89e8eb<-6fa005cd-25d6-4e29-bda6-9462a060c098#0:FAIL-t75, 4b487190-7547-40c7-b780-43c37a89e8eb<-3d3aac8b-d4d1-454d-bf0c-88a180692893#0:FAIL-t75] and 0 exception(s); 4b487190-7547-40c7-b780-43c37a89e8eb@group-BAC069DAEF17:t75, leader=null, voted=4b487190-7547-40c7-b780-43c37a89e8eb, raftlog=4b487190-7547-40c7-b780-43c37a89e8eb@group-BAC069DAEF17-SegmentedRaftLog:OPENED:c-1,f-1,i0, conf=-1: [6fa005cd-25d6-4e29-bda6-9462a060c098:192.168.69.67:36093, 4b487190-7547-40c7-b780-43c37a89e8eb:192.168.69.67:39683, 3d3aac8b-d4d1-454d-bf0c-88a180692893:192.168.69.67:34429], old=null
2019-10-18 07:54:08,431 [4b487190-7547-40c7-b780-43c37a89e8eb@group-BAC069DAEF17-LeaderElection83] INFO  impl.RaftServerImpl (RaftServerImpl.java:setRole(184)) - 4b487190-7547-40c7-b780-43c37a89e8eb@group-BAC069DAEF17: changes role from CANDIDATE to FOLLOWER at term 75 for DISCOVERED_A_NEW_TERM
2019-10-18 07:54:08,432 [4b487190-7547-40c7-b780-43c37a89e8eb@group-BAC069DAEF17-LeaderElection83] INFO  impl.RoleInfo (RoleInfo.java:shutdownLeaderElection(134)) - 4b487190-7547-40c7-b780-43c37a89e8eb: shutdown LeaderElection
2019-10-18 07:54:08,432 [4b487190-7547-40c7-b780-43c37a89e8eb@group-BAC069DAEF17-LeaderElection83] INFO  impl.RoleInfo (RoleInfo.java:updateAndGet(143)) - 4b487190-7547-40c7-b780-43c37a89e8eb: start FollowerState
2019-10-18 07:54:08,515 [Thread-858] INFO  impl.FollowerState (FollowerState.java:run(108)) - 4b487190-7547-40c7-b780-43c37a89e8eb@group-BAC069DAEF17-FollowerState: change to CANDIDATE, lastRpcTime:83ms, electionTimeout:83ms
2019-10-18 07:54:08,516 [Thread-858] INFO  impl.RoleInfo (RoleInfo.java:shutdownFollowerState(121)) - 4b487190-7547-40c7-b780-43c37a89e8eb: shutdown FollowerState
2019-10-18 07:54:08,516 [Thread-858] INFO  impl.RaftServerImpl (RaftServerImpl.java:setRole(184)) - 4b487190-7547-40c7-b780-43c37a89e8eb@group-BAC069DAEF17: changes role from  FOLLOWER to CANDIDATE at term 75 for changeToCandidate
2019-10-18 07:54:08,516 [Thread-858] INFO  impl.RoleInfo (RoleInfo.java:updateAndGet(143)) - 4b487190-7547-40c7-b780-43c37a89e8eb: start LeaderElection
2019-10-18 07:54:08,530 [4b487190-7547-40c7-b780-43c37a89e8eb@group-BAC069DAEF17-LeaderElection84] INFO  impl.LeaderElection (LeaderElection.java:askForVotes(178)) - 4b487190-7547-40c7-b780-43c37a89e8eb@group-BAC069DAEF17-LeaderElection84: begin an election at term 76 for -1: [6fa005cd-25d6-4e29-bda6-9462a060c098:192.168.69.67:36093, 4b487190-7547-40c7-b780-43c37a89e8eb:192.168.69.67:39683, 3d3aac8b-d4d1-454d-bf0c-88a180692893:192.168.69.67:34429], old=null
2019-10-18 07:54:08,534 [grpc-default-executor-3] INFO  impl.RaftServerImpl (RaftServerImpl.java:setRole(184)) - 3d3aac8b-d4d1-454d-bf0c-88a180692893@group-BAC069DAEF17: changes role from  FOLLOWER to FOLLOWER at term 76 for recognizeCandidate:4b487190-7547-40c7-b780-43c37a89e8eb
2019-10-18 07:54:08,534 [grpc-default-executor-0] INFO  impl.RaftServerImpl (RaftServerImpl.java:setRole(184)) - 6fa005cd-25d6-4e29-bda6-9462a060c098@group-BAC069DAEF17: changes role from  FOLLOWER to FOLLOWER at term 76 for recognizeCandidate:4b487190-7547-40c7-b780-43c37a89e8eb
2019-10-18 07:54:08,534 [grpc-default-executor-3] INFO  impl.RoleInfo (RoleInfo.java:shutdownFollowerState(121)) - 3d3aac8b-d4d1-454d-bf0c-88a180692893: shutdown FollowerState
2019-10-18 07:54:08,534 [grpc-default-executor-0] INFO  impl.RoleInfo (RoleInfo.java:shutdownFollowerState(121)) - 6fa005cd-25d6-4e29-bda6-9462a060c098: shutdown FollowerState
2019-10-18 07:54:08,535 [Thread-857] INFO  impl.FollowerState (FollowerState.java:run(117)) - 3d3aac8b-d4d1-454d-bf0c-88a180692893@group-BAC069DAEF17-FollowerState was interrupted: java.lang.InterruptedException: sleep interrupted
2019-10-18 07:54:08,535 [Thread-856] INFO  impl.FollowerState (FollowerState.java:run(117)) - 6fa005cd-25d6-4e29-bda6-9462a060c098@group-BAC069DAEF17-FollowerState was interrupted: java.lang.InterruptedException: sleep interrupted
2019-10-18 07:54:08,535 [grpc-default-executor-0] INFO  impl.RoleInfo (RoleInfo.java:updateAndGet(143)) - 6fa005cd-25d6-4e29-bda6-9462a060c098: start FollowerState
2019-10-18 07:54:08,535 [grpc-default-executor-3] INFO  impl.RoleInfo (RoleInfo.java:updateAndGet(143)) - 3d3aac8b-d4d1-454d-bf0c-88a180692893: start FollowerState
2019-10-18 07:54:08,541 [4b487190-7547-40c7-b780-43c37a89e8eb@group-BAC069DAEF17-LeaderElection84] INFO  impl.LeaderElection (LeaderElection.java:logAndReturn(56)) - 4b487190-7547-40c7-b780-43c37a89e8eb@group-BAC069DAEF17-LeaderElection84: Election TIMEOUT; received 0 response(s) [] and 0 exception(s); 4b487190-7547-40c7-b780-43c37a89e8eb@group-BAC069DAEF17:t76, leader=null, voted=4b487190-7547-40c7-b780-43c37a89e8eb, raftlog=4b487190-7547-40c7-b780-43c37a89e8eb@group-BAC069DAEF17-SegmentedRaftLog:OPENED:c-1,f-1,i0, conf=-1: [6fa005cd-25d6-4e29-bda6-9462a060c098:192.168.69.67:36093, 4b487190-7547-40c7-b780-43c37a89e8eb:192.168.69.67:39683, 3d3aac8b-d4d1-454d-bf0c-88a180692893:192.168.69.67:34429], old=null
2019-10-18 07:54:08,561 [4b487190-7547-40c7-b780-43c37a89e8eb@group-BAC069DAEF17-LeaderElection84] INFO  impl.LeaderElection (LeaderElection.java:askForVotes(178)) - 4b487190-7547-40c7-b780-43c37a89e8eb@group-BAC069DAEF17-LeaderElection84: begin an election at term 77 for -1: [6fa005cd-25d6-4e29-bda6-9462a060c098:192.168.69.67:36093, 4b487190-7547-40c7-b780-43c37a89e8eb:192.168.69.67:39683, 3d3aac8b-d4d1-454d-bf0c-88a180692893:192.168.69.67:34429], old=null
2019-10-18 07:54:08,564 [grpc-default-executor-3] INFO  impl.RaftServerImpl (RaftServerImpl.java:setRole(184)) - 3d3aac8b-d4d1-454d-bf0c-88a180692893@group-BAC069DAEF17: changes role from  FOLLOWER to FOLLOWER at term 77 for recognizeCandidate:4b487190-7547-40c7-b780-43c37a89e8eb
2019-10-18 07:54:08,564 [grpc-default-executor-3] INFO  impl.RoleInfo (RoleInfo.java:shutdownFollowerState(121)) - 3d3aac8b-d4d1-454d-bf0c-88a180692893: shutdown FollowerState
2019-10-18 07:54:08,564 [grpc-default-executor-0] INFO  impl.RaftServerImpl (RaftServerImpl.java:setRole(184)) - 6fa005cd-25d6-4e29-bda6-9462a060c098@group-BAC069DAEF17: changes role from  FOLLOWER to FOLLOWER at term 77 for recognizeCandidate:4b487190-7547-40c7-b780-43c37a89e8eb
2019-10-18 07:54:08,564 [Thread-862] INFO  impl.FollowerState (FollowerState.java:run(117)) - 3d3aac8b-d4d1-454d-bf0c-88a180692893@group-BAC069DAEF17-FollowerState was interrupted: java.lang.InterruptedException: sleep interrupted
2019-10-18 07:54:08,564 [grpc-default-executor-3] INFO  impl.RoleInfo (RoleInfo.java:updateAndGet(143)) - 3d3aac8b-d4d1-454d-bf0c-88a180692893: start FollowerState
2019-10-18 07:54:08,564 [grpc-default-executor-0] INFO  impl.RoleInfo (RoleInfo.java:shutdownFollowerState(121)) - 6fa005cd-25d6-4e29-bda6-9462a060c098: shutdown FollowerState
2019-10-18 07:54:08,565 [grpc-default-executor-0] INFO  impl.RoleInfo (RoleInfo.java:updateAndGet(143)) - 6fa005cd-25d6-4e29-bda6-9462a060c098: start FollowerState
2019-10-18 07:54:08,565 [Thread-863] INFO  impl.FollowerState (FollowerState.java:run(117)) - 6fa005cd-25d6-4e29-bda6-9462a060c098@group-BAC069DAEF17-FollowerState was interrupted: java.lang.InterruptedException: sleep interrupted
2019-10-18 07:54:08,594 [4b487190-7547-40c7-b780-43c37a89e8eb@group-BAC069DAEF17-LeaderElection84] INFO  impl.LeaderElection (LeaderElection.java:logAndReturn(56)) - 4b487190-7547-40c7-b780-43c37a89e8eb@group-BAC069DAEF17-LeaderElection84: Election REJECTED; received 2 response(s) [4b487190-7547-40c7-b780-43c37a89e8eb<-6fa005cd-25d6-4e29-bda6-9462a060c098#0:FAIL-t77, 4b487190-7547-40c7-b780-43c37a89e8eb<-3d3aac8b-d4d1-454d-bf0c-88a180692893#0:FAIL-t77] and 0 exception(s); 4b487190-7547-40c7-b780-43c37a89e8eb@group-BAC069DAEF17:t77, leader=null, voted=4b487190-7547-40c7-b780-43c37a89e8eb, raftlog=4b487190-7547-40c7-b780-43c37a89e8eb@group-BAC069DAEF17-SegmentedRaftLog:OPENED:c-1,f-1,i0, conf=-1: [6fa005cd-25d6-4e29-bda6-9462a060c098:192.168.69.67:36093, 4b487190-7547-40c7-b780-43c37a89e8eb:192.168.69.67:39683, 3d3aac8b-d4d1-454d-bf0c-88a180692893:192.168.69.67:34429], old=null
2019-10-18 07:54:08,594 [4b487190-7547-40c7-b780-43c37a89e8eb@group-BAC069DAEF17-LeaderElection84] INFO  impl.RaftServerImpl (RaftServerImpl.java:setRole(184)) - 4b487190-7547-40c7-b780-43c37a89e8eb@group-BAC069DAEF17: changes role from CANDIDATE to FOLLOWER at term 77 for DISCOVERED_A_NEW_TERM
2019-10-18 07:54:08,595 [4b487190-7547-40c7-b780-43c37a89e8eb@group-BAC069DAEF17-LeaderElection84] INFO  impl.RoleInfo (RoleInfo.java:shutdownLeaderElection(134)) - 4b487190-7547-40c7-b780-43c37a89e8eb: shutdown LeaderElection
2019-10-18 07:54:08,595 [4b487190-7547-40c7-b780-43c37a89e8eb@group-BAC069DAEF17-LeaderElection84] INFO  impl.RoleInfo (RoleInfo.java:updateAndGet(143)) - 4b487190-7547-40c7-b780-43c37a89e8eb: start FollowerState
2019-10-18 07:54:08,792 [Thread-868] INFO  impl.FollowerState (FollowerState.java:run(108)) - 4b487190-7547-40c7-b780-43c37a89e8eb@group-BAC069DAEF17-FollowerState: change to CANDIDATE, lastRpcTime:197ms, electionTimeout:197ms
2019-10-18 07:54:08,793 [Thread-868] INFO  impl.RoleInfo (RoleInfo.java:shutdownFollowerState(121)) - 4b487190-7547-40c7-b780-43c37a89e8eb: shutdown FollowerState
2019-10-18 07:54:08,793 [Thread-868] INFO  impl.RaftServerImpl (RaftServerImpl.java:setRole(184)) - 4b487190-7547-40c7-b780-43c37a89e8eb@group-BAC069DAEF17: changes role from  FOLLOWER to CANDIDATE at term 77 for changeToCandidate
2019-10-18 07:54:08,793 [Thread-868] INFO  impl.RoleInfo (RoleInfo.java:updateAndGet(143)) - 4b487190-7547-40c7-b780-43c37a89e8eb: start LeaderElection
2019-10-18 07:54:08,819 [4b487190-7547-40c7-b780-43c37a89e8eb@group-BAC069DAEF17-LeaderElection85] INFO  impl.LeaderElection (LeaderElection.java:askForVotes(178)) - 4b487190-7547-40c7-b780-43c37a89e8eb@group-BAC069DAEF17-LeaderElection85: begin an election at term 78 for -1: [6fa005cd-25d6-4e29-bda6-9462a060c098:192.168.69.67:36093, 4b487190-7547-40c7-b780-43c37a89e8eb:192.168.69.67:39683, 3d3aac8b-d4d1-454d-bf0c-88a180692893:192.168.69.67:34429], old=null
2019-10-18 07:54:08,822 [grpc-default-executor-3] INFO  impl.RaftServerImpl (RaftServerImpl.java:setRole(184)) - 6fa005cd-25d6-4e29-bda6-9462a060c098@group-BAC069DAEF17: changes role from  FOLLOWER to FOLLOWER at term 78 for recognizeCandidate:4b487190-7547-40c7-b780-43c37a89e8eb
2019-10-18 07:54:08,822 [grpc-default-executor-0] INFO  impl.RaftServerImpl (RaftServerImpl.java:setRole(184)) - 3d3aac8b-d4d1-454d-bf0c-88a180692893@group-BAC069DAEF17: changes role from  FOLLOWER to FOLLOWER at term 78 for recognizeCandidate:4b487190-7547-40c7-b780-43c37a89e8eb
2019-10-18 07:54:08,823 [grpc-default-executor-3] INFO  impl.RoleInfo (RoleInfo.java:shutdownFollowerState(121)) - 6fa005cd-25d6-4e29-bda6-9462a060c098: shutdown FollowerState
2019-10-18 07:54:08,823 [grpc-default-executor-0] INFO  impl.RoleInfo (RoleInfo.java:shutdownFollowerState(121)) - 3d3aac8b-d4d1-454d-bf0c-88a180692893: shutdown FollowerState
2019-10-18 07:54:08,823 [Thread-867] INFO  impl.FollowerState (FollowerState.java:run(117)) - 6fa005cd-25d6-4e29-bda6-9462a060c098@group-BAC069DAEF17-FollowerState was interrupted: java.lang.InterruptedException: sleep interrupted
2019-10-18 07:54:08,823 [grpc-default-executor-3] INFO  impl.RoleInfo (RoleInfo.java:updateAndGet(143)) - 6fa005cd-25d6-4e29-bda6-9462a060c098: start FollowerState
2019-10-18 07:54:08,823 [Thread-866] INFO  impl.FollowerState (FollowerState.java:run(117)) - 3d3aac8b-d4d1-454d-bf0c-88a180692893@group-BAC069DAEF17-FollowerState was interrupted: java.lang.InterruptedException: sleep interrupted
2019-10-18 07:54:08,823 [grpc-default-executor-0] INFO  impl.RoleInfo (RoleInfo.java:updateAndGet(143)) - 3d3aac8b-d4d1-454d-bf0c-88a180692893: start FollowerState
2019-10-18 07:54:08,845 [4b487190-7547-40c7-b780-43c37a89e8eb@group-BAC069DAEF17-LeaderElection85] INFO  impl.LeaderElection (LeaderElection.java:logAndReturn(56)) - 4b487190-7547-40c7-b780-43c37a89e8eb@group-BAC069DAEF17-LeaderElection85: Election REJECTED; received 2 response(s) [4b487190-7547-40c7-b780-43c37a89e8eb<-6fa005cd-25d6-4e29-bda6-9462a060c098#0:FAIL-t78, 4b487190-7547-40c7-b780-43c37a89e8eb<-3d3aac8b-d4d1-454d-bf0c-88a180692893#0:FAIL-t78] and 0 exception(s); 4b487190-7547-40c7-b780-43c37a89e8eb@group-BAC069DAEF17:t78, leader=null, voted=4b487190-7547-40c7-b780-43c37a89e8eb, raftlog=4b487190-7547-40c7-b780-43c37a89e8eb@group-BAC069DAEF17-SegmentedRaftLog:OPENED:c-1,f-1,i0, conf=-1: [6fa005cd-25d6-4e29-bda6-9462a060c098:192.168.69.67:36093, 4b487190-7547-40c7-b780-43c37a89e8eb:192.168.69.67:39683, 3d3aac8b-d4d1-454d-bf0c-88a180692893:192.168.69.67:34429], old=null
2019-10-18 07:54:08,846 [4b487190-7547-40c7-b780-43c37a89e8eb@group-BAC069DAEF17-LeaderElection85] INFO  impl.RaftServerImpl (RaftServerImpl.java:setRole(184)) - 4b487190-7547-40c7-b780-43c37a89e8eb@group-BAC069DAEF17: changes role from CANDIDATE to FOLLOWER at term 78 for DISCOVERED_A_NEW_TERM
2019-10-18 07:54:08,846 [4b487190-7547-40c7-b780-43c37a89e8eb@group-BAC069DAEF17-LeaderElection85] INFO  impl.RoleInfo (RoleInfo.java:shutdownLeaderElection(134)) - 4b487190-7547-40c7-b780-43c37a89e8eb: shutdown LeaderElection
2019-10-18 07:54:08,846 [4b487190-7547-40c7-b780-43c37a89e8eb@group-BAC069DAEF17-LeaderElection85] INFO  impl.RoleInfo (RoleInfo.java:updateAndGet(143)) - 4b487190-7547-40c7-b780-43c37a89e8eb: start FollowerState
2019-10-18 07:54:08,925 [Thread-874] INFO  impl.FollowerState (FollowerState.java:run(108)) - 4b487190-7547-40c7-b780-43c37a89e8eb@group-BAC069DAEF17-FollowerState: change to CANDIDATE, lastRpcTime:78ms, electionTimeout:78ms
2019-10-18 07:54:08,925 [Thread-874] INFO  impl.RoleInfo (RoleInfo.java:shutdownFollowerState(121)) - 4b487190-7547-40c7-b780-43c37a89e8eb: shutdown FollowerState
2019-10-18 07:54:08,925 [Thread-874] INFO  impl.RaftServerImpl (RaftServerImpl.java:setRole(184)) - 4b487190-7547-40c7-b780-43c37a89e8eb@group-BAC069DAEF17: changes role from  FOLLOWER to CANDIDATE at term 78 for changeToCandidate
2019-10-18 07:54:08,925 [Thread-874] INFO  impl.RoleInfo (RoleInfo.java:updateAndGet(143)) - 4b487190-7547-40c7-b780-43c37a89e8eb: start LeaderElection
2019-10-18 07:54:08,951 [4b487190-7547-40c7-b780-43c37a89e8eb@group-BAC069DAEF17-LeaderElection86] INFO  impl.LeaderElection (LeaderElection.java:askForVotes(178)) - 4b487190-7547-40c7-b780-43c37a89e8eb@group-BAC069DAEF17-LeaderElection86: begin an election at term 79 for -1: [6fa005cd-25d6-4e29-bda6-9462a060c098:192.168.69.67:36093, 4b487190-7547-40c7-b780-43c37a89e8eb:192.168.69.67:39683, 3d3aac8b-d4d1-454d-bf0c-88a180692893:192.168.69.67:34429], old=null
2019-10-18 07:54:08,954 [grpc-default-executor-3] INFO  impl.RaftServerImpl (RaftServerImpl.java:setRole(184)) - 6fa005cd-25d6-4e29-bda6-9462a060c098@group-BAC069DAEF17: changes role from  FOLLOWER to FOLLOWER at term 79 for recognizeCandidate:4b487190-7547-40c7-b780-43c37a89e8eb
2019-10-18 07:54:08,954 [grpc-default-executor-0] INFO  impl.RaftServerImpl (RaftServerImpl.java:setRole(184)) - 3d3aac8b-d4d1-454d-bf0c-88a180692893@group-BAC069DAEF17: changes role from  FOLLOWER to FOLLOWER at term 79 for recognizeCandidate:4b487190-7547-40c7-b780-43c37a89e8eb
2019-10-18 07:54:08,954 [grpc-default-executor-3] INFO  impl.RoleInfo (RoleInfo.java:shutdownFollowerState(121)) - 6fa005cd-25d6-4e29-bda6-9462a060c098: shutdown FollowerState
2019-10-18 07:54:08,954 [grpc-default-executor-0] INFO  impl.RoleInfo (RoleInfo.java:shutdownFollowerState(121)) - 3d3aac8b-d4d1-454d-bf0c-88a180692893: shutdown FollowerState
2019-10-18 07:54:08,954 [Thread-872] INFO  impl.FollowerState (FollowerState.java:run(117)) - 6fa005cd-25d6-4e29-bda6-9462a060c098@group-BAC069DAEF17-FollowerState was interrupted: java.lang.InterruptedException: sleep interrupted
2019-10-18 07:54:08,954 [grpc-default-executor-3] INFO  impl.RoleInfo (RoleInfo.java:updateAndGet(143)) - 6fa005cd-25d6-4e29-bda6-9462a060c098: start FollowerState
2019-10-18 07:54:08,955 [Thread-873] INFO  impl.FollowerState (FollowerState.java:run(117)) - 3d3aac8b-d4d1-454d-bf0c-88a180692893@group-BAC069DAEF17-FollowerState was interrupted: java.lang.InterruptedException: sleep interrupted
2019-10-18 07:54:08,954 [grpc-default-executor-0] INFO  impl.RoleInfo (RoleInfo.java:updateAndGet(143)) - 3d3aac8b-d4d1-454d-bf0c-88a180692893: start FollowerState
2019-10-18 07:54:08,981 [4b487190-7547-40c7-b780-43c37a89e8eb@group-BAC069DAEF17-LeaderElection86] INFO  impl.LeaderElection (LeaderElection.java:logAndReturn(56)) - 4b487190-7547-40c7-b780-43c37a89e8eb@group-BAC069DAEF17-LeaderElection86: Election REJECTED; received 2 response(s) [4b487190-7547-40c7-b780-43c37a89e8eb<-6fa005cd-25d6-4e29-bda6-9462a060c098#0:FAIL-t79, 4b487190-7547-40c7-b780-43c37a89e8eb<-3d3aac8b-d4d1-454d-bf0c-88a180692893#0:FAIL-t79] and 0 exception(s); 4b487190-7547-40c7-b780-43c37a89e8eb@group-BAC069DAEF17:t79, leader=null, voted=4b487190-7547-40c7-b780-43c37a89e8eb, raftlog=4b487190-7547-40c7-b780-43c37a89e8eb@group-BAC069DAEF17-SegmentedRaftLog:OPENED:c-1,f-1,i0, conf=-1: [6fa005cd-25d6-4e29-bda6-9462a060c098:192.168.69.67:36093, 4b487190-7547-40c7-b780-43c37a89e8eb:192.168.69.67:39683, 3d3aac8b-d4d1-454d-bf0c-88a180692893:192.168.69.67:34429], old=null
2019-10-18 07:54:08,982 [4b487190-7547-40c7-b780-43c37a89e8eb@group-BAC069DAEF17-LeaderElection86] INFO  impl.RaftServerImpl (RaftServerImpl.java:setRole(184)) - 4b487190-7547-40c7-b780-43c37a89e8eb@group-BAC069DAEF17: changes role from CANDIDATE to FOLLOWER at term 79 for DISCOVERED_A_NEW_TERM
2019-10-18 07:54:08,982 [4b487190-7547-40c7-b780-43c37a89e8eb@group-BAC069DAEF17-LeaderElection86] INFO  impl.RoleInfo (RoleInfo.java:shutdownLeaderElection(134)) - 4b487190-7547-40c7-b780-43c37a89e8eb: shutdown LeaderElection
2019-10-18 07:54:08,982 [4b487190-7547-40c7-b780-43c37a89e8eb@group-BAC069DAEF17-LeaderElection86] INFO  impl.RoleInfo (RoleInfo.java:updateAndGet(143)) - 4b487190-7547-40c7-b780-43c37a89e8eb: start FollowerState
2019-10-18 07:54:09,107 [Thread-880] INFO  impl.FollowerState (FollowerState.java:run(108)) - 4b487190-7547-40c7-b780-43c37a89e8eb@group-BAC069DAEF17-FollowerState: change to CANDIDATE, lastRpcTime:125ms, electionTimeout:125ms
2019-10-18 07:54:09,108 [Thread-880] INFO  impl.RoleInfo (RoleInfo.java:shutdownFollowerState(121)) - 4b487190-7547-40c7-b780-43c37a89e8eb: shutdown FollowerState
2019-10-18 07:54:09,108 [Thread-880] INFO  impl.RaftServerImpl (RaftServerImpl.java:setRole(184)) - 4b487190-7547-40c7-b780-43c37a89e8eb@group-BAC069DAEF17: changes role from  FOLLOWER to CANDIDATE at term 79 for changeToCandidate
2019-10-18 07:54:09,108 [Thread-880] INFO  impl.RoleInfo (RoleInfo.java:updateAndGet(143)) - 4b487190-7547-40c7-b780-43c37a89e8eb: start LeaderElection
2019-10-18 07:54:09,129 [4b487190-7547-40c7-b780-43c37a89e8eb@group-BAC069DAEF17-LeaderElection87] INFO  impl.LeaderElection (LeaderElection.java:askForVotes(178)) - 4b487190-7547-40c7-b780-43c37a89e8eb@group-BAC069DAEF17-LeaderElection87: begin an election at term 80 for -1: [6fa005cd-25d6-4e29-bda6-9462a060c098:192.168.69.67:36093, 4b487190-7547-40c7-b780-43c37a89e8eb:192.168.69.67:39683, 3d3aac8b-d4d1-454d-bf0c-88a180692893:192.168.69.67:34429], old=null
2019-10-18 07:54:09,132 [grpc-default-executor-3] INFO  impl.RaftServerImpl (RaftServerImpl.java:setRole(184)) - 6fa005cd-25d6-4e29-bda6-9462a060c098@group-BAC069DAEF17: changes role from  FOLLOWER to FOLLOWER at term 80 for recognizeCandidate:4b487190-7547-40c7-b780-43c37a89e8eb
2019-10-18 07:54:09,132 [grpc-default-executor-3] INFO  impl.RoleInfo (RoleInfo.java:shutdownFollowerState(121)) - 6fa005cd-25d6-4e29-bda6-9462a060c098: shutdown FollowerState
2019-10-18 07:54:09,132 [grpc-default-executor-0] INFO  impl.RaftServerImpl (RaftServerImpl.java:setRole(184)) - 3d3aac8b-d4d1-454d-bf0c-88a180692893@group-BAC069DAEF17: changes role from  FOLLOWER to FOLLOWER at term 80 for recognizeCandidate:4b487190-7547-40c7-b780-43c37a89e8eb
2019-10-18 07:54:09,132 [Thread-878] INFO  impl.FollowerState (FollowerState.java:run(117)) - 6fa005cd-25d6-4e29-bda6-9462a060c098@group-BAC069DAEF17-FollowerState was interrupted: java.lang.InterruptedException: sleep interrupted
2019-10-18 07:54:09,132 [grpc-default-executor-0] INFO  impl.RoleInfo (RoleInfo.java:shutdownFollowerState(121)) - 3d3aac8b-d4d1-454d-bf0c-88a180692893: shutdown FollowerState
2019-10-18 07:54:09,132 [grpc-default-executor-3] INFO  impl.RoleInfo (RoleInfo.java:updateAndGet(143)) - 6fa005cd-25d6-4e29-bda6-9462a060c098: start FollowerState
2019-10-18 07:54:09,133 [Thread-879] INFO  impl.FollowerState (FollowerState.java:run(117)) - 3d3aac8b-d4d1-454d-bf0c-88a180692893@group-BAC069DAEF17-FollowerState was interrupted: java.lang.InterruptedException: sleep interrupted
2019-10-18 07:54:09,133 [grpc-default-executor-0] INFO  impl.RoleInfo (RoleInfo.java:updateAndGet(143)) - 3d3aac8b-d4d1-454d-bf0c-88a180692893: start FollowerState
2019-10-18 07:54:09,150 [4b487190-7547-40c7-b780-43c37a89e8eb@group-BAC069DAEF17-LeaderElection87] INFO  impl.LeaderElection (LeaderElection.java:logAndReturn(56)) - 4b487190-7547-40c7-b780-43c37a89e8eb@group-BAC069DAEF17-LeaderElection87: Election REJECTED; received 2 response(s) [4b487190-7547-40c7-b780-43c37a89e8eb<-6fa005cd-25d6-4e29-bda6-9462a060c098#0:FAIL-t80, 4b487190-7547-40c7-b780-43c37a89e8eb<-3d3aac8b-d4d1-454d-bf0c-88a180692893#0:FAIL-t80] and 0 exception(s); 4b487190-7547-40c7-b780-43c37a89e8eb@group-BAC069DAEF17:t80, leader=null, voted=4b487190-7547-40c7-b780-43c37a89e8eb, raftlog=4b487190-7547-40c7-b780-43c37a89e8eb@group-BAC069DAEF17-SegmentedRaftLog:OPENED:c-1,f-1,i0, conf=-1: [6fa005cd-25d6-4e29-bda6-9462a060c098:192.168.69.67:36093, 4b487190-7547-40c7-b780-43c37a89e8eb:192.168.69.67:39683, 3d3aac8b-d4d1-454d-bf0c-88a180692893:192.168.69.67:34429], old=null
2019-10-18 07:54:09,150 [4b487190-7547-40c7-b780-43c37a89e8eb@group-BAC069DAEF17-LeaderElection87] INFO  impl.RaftServerImpl (RaftServerImpl.java:setRole(184)) - 4b487190-7547-40c7-b780-43c37a89e8eb@group-BAC069DAEF17: changes role from CANDIDATE to FOLLOWER at term 80 for DISCOVERED_A_NEW_TERM
2019-10-18 07:54:09,151 [4b487190-7547-40c7-b780-43c37a89e8eb@group-BAC069DAEF17-LeaderElection87] INFO  impl.RoleInfo (RoleInfo.java:shutdownLeaderElection(134)) - 4b487190-7547-40c7-b780-43c37a89e8eb: shutdown LeaderElection
2019-10-18 07:54:09,151 [4b487190-7547-40c7-b780-43c37a89e8eb@group-BAC069DAEF17-LeaderElection87] INFO  impl.RoleInfo (RoleInfo.java:updateAndGet(143)) - 4b487190-7547-40c7-b780-43c37a89e8eb: start FollowerState
2019-10-18 07:54:09,320 [Thread-886] INFO  impl.FollowerState (FollowerState.java:run(108)) - 4b487190-7547-40c7-b780-43c37a89e8eb@group-BAC069DAEF17-FollowerState: change to CANDIDATE, lastRpcTime:169ms, electionTimeout:169ms
2019-10-18 07:54:09,320 [Thread-886] INFO  impl.RoleInfo (RoleInfo.java:shutdownFollowerState(121)) - 4b487190-7547-40c7-b780-43c37a89e8eb: shutdown FollowerState
2019-10-18 07:54:09,321 [Thread-886] INFO  impl.RaftServerImpl (RaftServerImpl.java:setRole(184)) - 4b487190-7547-40c7-b780-43c37a89e8eb@group-BAC069DAEF17: changes role from  FOLLOWER to CANDIDATE at term 80 for changeToCandidate
2019-10-18 07:54:09,321 [Thread-886] INFO  impl.RoleInfo (RoleInfo.java:updateAndGet(143)) - 4b487190-7547-40c7-b780-43c37a89e8eb: start LeaderElection
2019-10-18 07:54:09,336 [4b487190-7547-40c7-b780-43c37a89e8eb@group-BAC069DAEF17-LeaderElection88] INFO  impl.LeaderElection (LeaderElection.java:askForVotes(178)) - 4b487190-7547-40c7-b780-43c37a89e8eb@group-BAC069DAEF17-LeaderElection88: begin an election at term 81 for -1: [6fa005cd-25d6-4e29-bda6-9462a060c098:192.168.69.67:36093, 4b487190-7547-40c7-b780-43c37a89e8eb:192.168.69.67:39683, 3d3aac8b-d4d1-454d-bf0c-88a180692893:192.168.69.67:34429], old=null
2019-10-18 07:54:09,340 [grpc-default-executor-3] INFO  impl.RaftServerImpl (RaftServerImpl.java:setRole(184)) - 3d3aac8b-d4d1-454d-bf0c-88a180692893@group-BAC069DAEF17: changes role from  FOLLOWER to FOLLOWER at term 81 for recognizeCandidate:4b487190-7547-40c7-b780-43c37a89e8eb
2019-10-18 07:54:09,340 [grpc-default-executor-3] INFO  impl.RoleInfo (RoleInfo.java:shutdownFollowerState(121)) - 3d3aac8b-d4d1-454d-bf0c-88a180692893: shutdown FollowerState
2019-10-18 07:54:09,340 [grpc-default-executor-0] INFO  impl.RaftServerImpl (RaftServerImpl.java:setRole(184)) - 6fa005cd-25d6-4e29-bda6-9462a060c098@group-BAC069DAEF17: changes role from  FOLLOWER to FOLLOWER at term 81 for recognizeCandidate:4b487190-7547-40c7-b780-43c37a89e8eb
2019-10-18 07:54:09,340 [Thread-885] INFO  impl.FollowerState (FollowerState.java:run(117)) - 3d3aac8b-d4d1-454d-bf0c-88a180692893@group-BAC069DAEF17-FollowerState was interrupted: java.lang.InterruptedException: sleep interrupted
2019-10-18 07:54:09,340 [grpc-default-executor-3] INFO  impl.RoleInfo (RoleInfo.java:updateAndGet(143)) - 3d3aac8b-d4d1-454d-bf0c-88a180692893: start FollowerState
2019-10-18 07:54:09,341 [grpc-default-executor-0] INFO  impl.RoleInfo (RoleInfo.java:shutdownFollowerState(121)) - 6fa005cd-25d6-4e29-bda6-9462a060c098: shutdown FollowerState
2019-10-18 07:54:09,341 [grpc-default-executor-0] INFO  impl.RoleInfo (RoleInfo.java:updateAndGet(143)) - 6fa005cd-25d6-4e29-bda6-9462a060c098: start FollowerState
2019-10-18 07:54:09,341 [Thread-884] INFO  impl.FollowerState (FollowerState.java:run(117)) - 6fa005cd-25d6-4e29-bda6-9462a060c098@group-BAC069DAEF17-FollowerState was interrupted: java.lang.InterruptedException: sleep interrupted
2019-10-18 07:54:09,368 [4b487190-7547-40c7-b780-43c37a89e8eb@group-BAC069DAEF17-LeaderElection88] INFO  impl.LeaderElection (LeaderElection.java:logAndReturn(56)) - 4b487190-7547-40c7-b780-43c37a89e8eb@group-BAC069DAEF17-LeaderElection88: Election REJECTED; received 2 response(s) [4b487190-7547-40c7-b780-43c37a89e8eb<-6fa005cd-25d6-4e29-bda6-9462a060c098#0:FAIL-t81, 4b487190-7547-40c7-b780-43c37a89e8eb<-3d3aac8b-d4d1-454d-bf0c-88a180692893#0:FAIL-t81] and 0 exception(s); 4b487190-7547-40c7-b780-43c37a89e8eb@group-BAC069DAEF17:t81, leader=null, voted=4b487190-7547-40c7-b780-43c37a89e8eb, raftlog=4b487190-7547-40c7-b780-43c37a89e8eb@group-BAC069DAEF17-SegmentedRaftLog:OPENED:c-1,f-1,i0, conf=-1: [6fa005cd-25d6-4e29-bda6-9462a060c098:192.168.69.67:36093, 4b487190-7547-40c7-b780-43c37a89e8eb:192.168.69.67:39683, 3d3aac8b-d4d1-454d-bf0c-88a180692893:192.168.69.67:34429], old=null
2019-10-18 07:54:09,368 [4b487190-7547-40c7-b780-43c37a89e8eb@group-BAC069DAEF17-LeaderElection88] INFO  impl.RaftServerImpl (RaftServerImpl.java:setRole(184)) - 4b487190-7547-40c7-b780-43c37a89e8eb@group-BAC069DAEF17: changes role from CANDIDATE to FOLLOWER at term 81 for DISCOVERED_A_NEW_TERM
2019-10-18 07:54:09,368 [4b487190-7547-40c7-b780-43c37a89e8eb@group-BAC069DAEF17-LeaderElection88] INFO  impl.RoleInfo (RoleInfo.java:shutdownLeaderElection(134)) - 4b487190-7547-40c7-b780-43c37a89e8eb: shutdown LeaderElection
2019-10-18 07:54:09,368 [4b487190-7547-40c7-b780-43c37a89e8eb@group-BAC069DAEF17-LeaderElection88] INFO  impl.RoleInfo (RoleInfo.java:updateAndGet(143)) - 4b487190-7547-40c7-b780-43c37a89e8eb: start FollowerState
2019-10-18 07:54:09,492 [Thread-892] INFO  impl.FollowerState (FollowerState.java:run(108)) - 4b487190-7547-40c7-b780-43c37a89e8eb@group-BAC069DAEF17-FollowerState: change to CANDIDATE, lastRpcTime:123ms, electionTimeout:123ms
2019-10-18 07:54:09,492 [Thread-892] INFO  impl.RoleInfo (RoleInfo.java:shutdownFollowerState(121)) - 4b487190-7547-40c7-b780-43c37a89e8eb: shutdown FollowerState
2019-10-18 07:54:09,492 [Thread-892] INFO  impl.RaftServerImpl (RaftServerImpl.java:setRole(184)) - 4b487190-7547-40c7-b780-43c37a89e8eb@group-BAC069DAEF17: changes role from  FOLLOWER to CANDIDATE at term 81 for changeToCandidate
2019-10-18 07:54:09,493 [Thread-892] INFO  impl.RoleInfo (RoleInfo.java:updateAndGet(143)) - 4b487190-7547-40c7-b780-43c37a89e8eb: start LeaderElection
2019-10-18 07:54:09,506 [4b487190-7547-40c7-b780-43c37a89e8eb@group-BAC069DAEF17-LeaderElection89] INFO  impl.LeaderElection (LeaderElection.java:askForVotes(178)) - 4b487190-7547-40c7-b780-43c37a89e8eb@group-BAC069DAEF17-LeaderElection89: begin an election at term 82 for -1: [6fa005cd-25d6-4e29-bda6-9462a060c098:192.168.69.67:36093, 4b487190-7547-40c7-b780-43c37a89e8eb:192.168.69.67:39683, 3d3aac8b-d4d1-454d-bf0c-88a180692893:192.168.69.67:34429], old=null
2019-10-18 07:54:09,509 [grpc-default-executor-3] INFO  impl.RaftServerImpl (RaftServerImpl.java:setRole(184)) - 3d3aac8b-d4d1-454d-bf0c-88a180692893@group-BAC069DAEF17: changes role from  FOLLOWER to FOLLOWER at term 82 for recognizeCandidate:4b487190-7547-40c7-b780-43c37a89e8eb
2019-10-18 07:54:09,509 [grpc-default-executor-0] INFO  impl.RaftServerImpl (RaftServerImpl.java:setRole(184)) - 6fa005cd-25d6-4e29-bda6-9462a060c098@group-BAC069DAEF17: changes role from  FOLLOWER to FOLLOWER at term 82 for recognizeCandidate:4b487190-7547-40c7-b780-43c37a89e8eb
2019-10-18 07:54:09,510 [grpc-default-executor-0] INFO  impl.RoleInfo (RoleInfo.java:shutdownFollowerState(121)) - 6fa005cd-25d6-4e29-bda6-9462a060c098: shutdown FollowerState
2019-10-18 07:54:09,510 [grpc-default-executor-3] INFO  impl.RoleInfo (RoleInfo.java:shutdownFollowerState(121)) - 3d3aac8b-d4d1-454d-bf0c-88a180692893: shutdown FollowerState
2019-10-18 07:54:09,510 [Thread-891] INFO  impl.FollowerState (FollowerState.java:run(117)) - 6fa005cd-25d6-4e29-bda6-9462a060c098@group-BAC069DAEF17-FollowerState was interrupted: java.lang.InterruptedException: sleep interrupted
2019-10-18 07:54:09,510 [grpc-default-executor-0] INFO  impl.RoleInfo (RoleInfo.java:updateAndGet(143)) - 6fa005cd-25d6-4e29-bda6-9462a060c098: start FollowerState
2019-10-18 07:54:09,510 [grpc-default-executor-3] INFO  impl.RoleInfo (RoleInfo.java:updateAndGet(143)) - 3d3aac8b-d4d1-454d-bf0c-88a180692893: start FollowerState
2019-10-18 07:54:09,510 [Thread-890] INFO  impl.FollowerState (FollowerState.java:run(117)) - 3d3aac8b-d4d1-454d-bf0c-88a180692893@group-BAC069DAEF17-FollowerState was interrupted: java.lang.InterruptedException: sleep interrupted
2019-10-18 07:54:09,516 [4b487190-7547-40c7-b780-43c37a89e8eb@group-BAC069DAEF17-LeaderElection89] INFO  impl.LeaderElection (LeaderElection.java:logAndReturn(56)) - 4b487190-7547-40c7-b780-43c37a89e8eb@group-BAC069DAEF17-LeaderElection89: Election REJECTED; received 2 response(s) [4b487190-7547-40c7-b780-43c37a89e8eb<-6fa005cd-25d6-4e29-bda6-9462a060c098#0:FAIL-t82, 4b487190-7547-40c7-b780-43c37a89e8eb<-3d3aac8b-d4d1-454d-bf0c-88a180692893#0:FAIL-t82] and 0 exception(s); 4b487190-7547-40c7-b780-43c37a89e8eb@group-BAC069DAEF17:t82, leader=null, voted=4b487190-7547-40c7-b780-43c37a89e8eb, raftlog=4b487190-7547-40c7-b780-43c37a89e8eb@group-BAC069DAEF17-SegmentedRaftLog:OPENED:c-1,f-1,i0, conf=-1: [6fa005cd-25d6-4e29-bda6-9462a060c098:192.168.69.67:36093, 4b487190-7547-40c7-b780-43c37a89e8eb:192.168.69.67:39683, 3d3aac8b-d4d1-454d-bf0c-88a180692893:192.168.69.67:34429], old=null
2019-10-18 07:54:09,516 [4b487190-7547-40c7-b780-43c37a89e8eb@group-BAC069DAEF17-LeaderElection89] INFO  impl.RaftServerImpl (RaftServerImpl.java:setRole(184)) - 4b487190-7547-40c7-b780-43c37a89e8eb@group-BAC069DAEF17: changes role from CANDIDATE to FOLLOWER at term 82 for DISCOVERED_A_NEW_TERM
2019-10-18 07:54:09,516 [4b487190-7547-40c7-b780-43c37a89e8eb@group-BAC069DAEF17-LeaderElection89] INFO  impl.RoleInfo (RoleInfo.java:shutdownLeaderElection(134)) - 4b487190-7547-40c7-b780-43c37a89e8eb: shutdown LeaderElection
2019-10-18 07:54:09,516 [4b487190-7547-40c7-b780-43c37a89e8eb@group-BAC069DAEF17-LeaderElection89] INFO  impl.RoleInfo (RoleInfo.java:updateAndGet(143)) - 4b487190-7547-40c7-b780-43c37a89e8eb: start FollowerState
2019-10-18 07:54:09,631 [Thread-898] INFO  impl.FollowerState (FollowerState.java:run(108)) - 4b487190-7547-40c7-b780-43c37a89e8eb@group-BAC069DAEF17-FollowerState: change to CANDIDATE, lastRpcTime:114ms, electionTimeout:114ms
2019-10-18 07:54:09,631 [Thread-898] INFO  impl.RoleInfo (RoleInfo.java:shutdownFollowerState(121)) - 4b487190-7547-40c7-b780-43c37a89e8eb: shutdown FollowerState
2019-10-18 07:54:09,631 [Thread-898] INFO  impl.RaftServerImpl (RaftServerImpl.java:setRole(184)) - 4b487190-7547-40c7-b780-43c37a89e8eb@group-BAC069DAEF17: changes role from  FOLLOWER to CANDIDATE at term 82 for changeToCandidate
2019-10-18 07:54:09,631 [Thread-898] INFO  impl.RoleInfo (RoleInfo.java:updateAndGet(143)) - 4b487190-7547-40c7-b780-43c37a89e8eb: start LeaderElection
2019-10-18 07:54:09,644 [4b487190-7547-40c7-b780-43c37a89e8eb@group-BAC069DAEF17-LeaderElection90] INFO  impl.LeaderElection (LeaderElection.java:askForVotes(178)) - 4b487190-7547-40c7-b780-43c37a89e8eb@group-BAC069DAEF17-LeaderElection90: begin an election at term 83 for -1: [6fa005cd-25d6-4e29-bda6-9462a060c098:192.168.69.67:36093, 4b487190-7547-40c7-b780-43c37a89e8eb:192.168.69.67:39683, 3d3aac8b-d4d1-454d-bf0c-88a180692893:192.168.69.67:34429], old=null
2019-10-18 07:54:09,648 [grpc-default-executor-3] INFO  impl.RaftServerImpl (RaftServerImpl.java:setRole(184)) - 6fa005cd-25d6-4e29-bda6-9462a060c098@group-BAC069DAEF17: changes role from  FOLLOWER to FOLLOWER at term 83 for recognizeCandidate:4b487190-7547-40c7-b780-43c37a89e8eb
2019-10-18 07:54:09,648 [grpc-default-executor-0] INFO  impl.RaftServerImpl (RaftServerImpl.java:setRole(184)) - 3d3aac8b-d4d1-454d-bf0c-88a180692893@group-BAC069DAEF17: changes role from  FOLLOWER to FOLLOWER at term 83 for recognizeCandidate:4b487190-7547-40c7-b780-43c37a89e8eb
2019-10-18 07:54:09,648 [grpc-default-executor-3] INFO  impl.RoleInfo (RoleInfo.java:shutdownFollowerState(121)) - 6fa005cd-25d6-4e29-bda6-9462a060c098: shutdown FollowerState
2019-10-18 07:54:09,648 [grpc-default-executor-0] INFO  impl.RoleInfo (RoleInfo.java:shutdownFollowerState(121)) - 3d3aac8b-d4d1-454d-bf0c-88a180692893: shutdown FollowerState
2019-10-18 07:54:09,648 [Thread-896] INFO  impl.FollowerState (FollowerState.java:run(117)) - 6fa005cd-25d6-4e29-bda6-9462a060c098@group-BAC069DAEF17-FollowerState was interrupted: java.lang.InterruptedException: sleep interrupted
2019-10-18 07:54:09,648 [grpc-default-executor-3] INFO  impl.RoleInfo (RoleInfo.java:updateAndGet(143)) - 6fa005cd-25d6-4e29-bda6-9462a060c098: start FollowerState
2019-10-18 07:54:09,649 [Thread-897] INFO  impl.FollowerState (FollowerState.java:run(117)) - 3d3aac8b-d4d1-454d-bf0c-88a180692893@group-BAC069DAEF17-FollowerState was interrupted: java.lang.InterruptedException: sleep interrupted
2019-10-18 07:54:09,649 [grpc-default-executor-0] INFO  impl.RoleInfo (RoleInfo.java:updateAndGet(143)) - 3d3aac8b-d4d1-454d-bf0c-88a180692893: start FollowerState
2019-10-18 07:54:09,666 [4b487190-7547-40c7-b780-43c37a89e8eb@group-BAC069DAEF17-LeaderElection90] INFO  impl.LeaderElection (LeaderElection.java:logAndReturn(56)) - 4b487190-7547-40c7-b780-43c37a89e8eb@group-BAC069DAEF17-LeaderElection90: Election REJECTED; received 2 response(s) [4b487190-7547-40c7-b780-43c37a89e8eb<-6fa005cd-25d6-4e29-bda6-9462a060c098#0:FAIL-t83, 4b487190-7547-40c7-b780-43c37a89e8eb<-3d3aac8b-d4d1-454d-bf0c-88a180692893#0:FAIL-t83] and 0 exception(s); 4b487190-7547-40c7-b780-43c37a89e8eb@group-BAC069DAEF17:t83, leader=null, voted=4b487190-7547-40c7-b780-43c37a89e8eb, raftlog=4b487190-7547-40c7-b780-43c37a89e8eb@group-BAC069DAEF17-SegmentedRaftLog:OPENED:c-1,f-1,i0, conf=-1: [6fa005cd-25d6-4e29-bda6-9462a060c098:192.168.69.67:36093, 4b487190-7547-40c7-b780-43c37a89e8eb:192.168.69.67:39683, 3d3aac8b-d4d1-454d-bf0c-88a180692893:192.168.69.67:34429], old=null
2019-10-18 07:54:09,666 [4b487190-7547-40c7-b780-43c37a89e8eb@group-BAC069DAEF17-LeaderElection90] INFO  impl.RaftServerImpl (RaftServerImpl.java:setRole(184)) - 4b487190-7547-40c7-b780-43c37a89e8eb@group-BAC069DAEF17: changes role from CANDIDATE to FOLLOWER at term 83 for DISCOVERED_A_NEW_TERM
2019-10-18 07:54:09,666 [4b487190-7547-40c7-b780-43c37a89e8eb@group-BAC069DAEF17-LeaderElection90] INFO  impl.RoleInfo (RoleInfo.java:shutdownLeaderElection(134)) - 4b487190-7547-40c7-b780-43c37a89e8eb: shutdown LeaderElection
2019-10-18 07:54:09,666 [4b487190-7547-40c7-b780-43c37a89e8eb@group-BAC069DAEF17-LeaderElection90] INFO  impl.RoleInfo (RoleInfo.java:updateAndGet(143)) - 4b487190-7547-40c7-b780-43c37a89e8eb: start FollowerState
2019-10-18 07:54:09,835 [Thread-904] INFO  impl.FollowerState (FollowerState.java:run(108)) - 4b487190-7547-40c7-b780-43c37a89e8eb@group-BAC069DAEF17-FollowerState: change to CANDIDATE, lastRpcTime:168ms, electionTimeout:168ms
2019-10-18 07:54:09,835 [Thread-904] INFO  impl.RoleInfo (RoleInfo.java:shutdownFollowerState(121)) - 4b487190-7547-40c7-b780-43c37a89e8eb: shutdown FollowerState
2019-10-18 07:54:09,835 [Thread-904] INFO  impl.RaftServerImpl (RaftServerImpl.java:setRole(184)) - 4b487190-7547-40c7-b780-43c37a89e8eb@group-BAC069DAEF17: changes role from  FOLLOWER to CANDIDATE at term 83 for changeToCandidate
2019-10-18 07:54:09,852 [Thread-904] INFO  impl.RoleInfo (RoleInfo.java:updateAndGet(143)) - 4b487190-7547-40c7-b780-43c37a89e8eb: start LeaderElection
2019-10-18 07:54:09,866 [4b487190-7547-40c7-b780-43c37a89e8eb@group-BAC069DAEF17-LeaderElection91] INFO  impl.LeaderElection (LeaderElection.java:askForVotes(178)) - 4b487190-7547-40c7-b780-43c37a89e8eb@group-BAC069DAEF17-LeaderElection91: begin an election at term 84 for -1: [6fa005cd-25d6-4e29-bda6-9462a060c098:192.168.69.67:36093, 4b487190-7547-40c7-b780-43c37a89e8eb:192.168.69.67:39683, 3d3aac8b-d4d1-454d-bf0c-88a180692893:192.168.69.67:34429], old=null
2019-10-18 07:54:09,872 [grpc-default-executor-0] INFO  impl.RaftServerImpl (RaftServerImpl.java:setRole(184)) - 3d3aac8b-d4d1-454d-bf0c-88a180692893@group-BAC069DAEF17: changes role from  FOLLOWER to FOLLOWER at term 84 for recognizeCandidate:4b487190-7547-40c7-b780-43c37a89e8eb
2019-10-18 07:54:09,872 [grpc-default-executor-0] INFO  impl.RoleInfo (RoleInfo.java:shutdownFollowerState(121)) - 3d3aac8b-d4d1-454d-bf0c-88a180692893: shutdown FollowerState
2019-10-18 07:54:09,883 [grpc-default-executor-0] INFO  impl.RoleInfo (RoleInfo.java:updateAndGet(143)) - 3d3aac8b-d4d1-454d-bf0c-88a180692893: start FollowerState
2019-10-18 07:54:09,883 [Thread-903] INFO  impl.FollowerState (FollowerState.java:run(117)) - 3d3aac8b-d4d1-454d-bf0c-88a180692893@group-BAC069DAEF17-FollowerState was interrupted: java.lang.InterruptedException: sleep interrupted
2019-10-18 07:54:09,884 [grpc-default-executor-3] INFO  impl.RaftServerImpl (RaftServerImpl.java:setRole(184)) - 6fa005cd-25d6-4e29-bda6-9462a060c098@group-BAC069DAEF17: changes role from  FOLLOWER to FOLLOWER at term 84 for recognizeCandidate:4b487190-7547-40c7-b780-43c37a89e8eb
2019-10-18 07:54:09,884 [grpc-default-executor-3] INFO  impl.RoleInfo (RoleInfo.java:shutdownFollowerState(121)) - 6fa005cd-25d6-4e29-bda6-9462a060c098: shutdown FollowerState
2019-10-18 07:54:09,884 [grpc-default-executor-3] INFO  impl.RoleInfo (RoleInfo.java:updateAndGet(143)) - 6fa005cd-25d6-4e29-bda6-9462a060c098: start FollowerState
2019-10-18 07:54:09,884 [Thread-902] INFO  impl.FollowerState (FollowerState.java:run(117)) - 6fa005cd-25d6-4e29-bda6-9462a060c098@group-BAC069DAEF17-FollowerState was interrupted: java.lang.InterruptedException: sleep interrupted
2019-10-18 07:54:09,900 [4b487190-7547-40c7-b780-43c37a89e8eb@group-BAC069DAEF17-LeaderElection91] INFO  impl.LeaderElection (LeaderElection.java:logAndReturn(56)) - 4b487190-7547-40c7-b780-43c37a89e8eb@group-BAC069DAEF17-LeaderElection91: Election REJECTED; received 2 response(s) [4b487190-7547-40c7-b780-43c37a89e8eb<-6fa005cd-25d6-4e29-bda6-9462a060c098#0:FAIL-t84, 4b487190-7547-40c7-b780-43c37a89e8eb<-3d3aac8b-d4d1-454d-bf0c-88a180692893#0:FAIL-t84] and 0 exception(s); 4b487190-7547-40c7-b780-43c37a89e8eb@group-BAC069DAEF17:t84, leader=null, voted=4b487190-7547-40c7-b780-43c37a89e8eb, raftlog=4b487190-7547-40c7-b780-43c37a89e8eb@group-BAC069DAEF17-SegmentedRaftLog:OPENED:c-1,f-1,i0, conf=-1: [6fa005cd-25d6-4e29-bda6-9462a060c098:192.168.69.67:36093, 4b487190-7547-40c7-b780-43c37a89e8eb:192.168.69.67:39683, 3d3aac8b-d4d1-454d-bf0c-88a180692893:192.168.69.67:34429], old=null
2019-10-18 07:54:09,900 [4b487190-7547-40c7-b780-43c37a89e8eb@group-BAC069DAEF17-LeaderElection91] INFO  impl.RaftServerImpl (RaftServerImpl.java:setRole(184)) - 4b487190-7547-40c7-b780-43c37a89e8eb@group-BAC069DAEF17: changes role from CANDIDATE to FOLLOWER at term 84 for DISCOVERED_A_NEW_TERM
2019-10-18 07:54:09,900 [4b487190-7547-40c7-b780-43c37a89e8eb@group-BAC069DAEF17-LeaderElection91] INFO  impl.RoleInfo (RoleInfo.java:shutdownLeaderElection(134)) - 4b487190-7547-40c7-b780-43c37a89e8eb: shutdown LeaderElection
2019-10-18 07:54:09,900 [4b487190-7547-40c7-b780-43c37a89e8eb@group-BAC069DAEF17-LeaderElection91] INFO  impl.RoleInfo (RoleInfo.java:updateAndGet(143)) - 4b487190-7547-40c7-b780-43c37a89e8eb: start FollowerState
2019-10-18 07:54:10,007 [Thread-910] INFO  impl.FollowerState (FollowerState.java:run(108)) - 4b487190-7547-40c7-b780-43c37a89e8eb@group-BAC069DAEF17-FollowerState: change to CANDIDATE, lastRpcTime:106ms, electionTimeout:106ms
2019-10-18 07:54:10,007 [Thread-910] INFO  impl.RoleInfo (RoleInfo.java:shutdownFollowerState(121)) - 4b487190-7547-40c7-b780-43c37a89e8eb: shutdown FollowerState
2019-10-18 07:54:10,007 [Thread-910] INFO  impl.RaftServerImpl (RaftServerImpl.java:setRole(184)) - 4b487190-7547-40c7-b780-43c37a89e8eb@group-BAC069DAEF17: changes role from  FOLLOWER to CANDIDATE at term 84 for changeToCandidate
2019-10-18 07:54:10,007 [Thread-910] INFO  impl.RoleInfo (RoleInfo.java:updateAndGet(143)) - 4b487190-7547-40c7-b780-43c37a89e8eb: start LeaderElection
2019-10-18 07:54:10,033 [4b487190-7547-40c7-b780-43c37a89e8eb@group-BAC069DAEF17-LeaderElection92] INFO  impl.LeaderElection (LeaderElection.java:askForVotes(178)) - 4b487190-7547-40c7-b780-43c37a89e8eb@group-BAC069DAEF17-LeaderElection92: begin an election at term 85 for -1: [6fa005cd-25d6-4e29-bda6-9462a060c098:192.168.69.67:36093, 4b487190-7547-40c7-b780-43c37a89e8eb:192.168.69.67:39683, 3d3aac8b-d4d1-454d-bf0c-88a180692893:192.168.69.67:34429], old=null
2019-10-18 07:54:10,035 [4b487190-7547-40c7-b780-43c37a89e8eb@group-BAC069DAEF17-LeaderElection92] INFO  impl.LeaderElection (LeaderElection.java:logAndReturn(56)) - 4b487190-7547-40c7-b780-43c37a89e8eb@group-BAC069DAEF17-LeaderElection92: Election TIMEOUT; received 0 response(s) [] and 0 exception(s); 4b487190-7547-40c7-b780-43c37a89e8eb@group-BAC069DAEF17:t85, leader=null, voted=4b487190-7547-40c7-b780-43c37a89e8eb, raftlog=4b487190-7547-40c7-b780-43c37a89e8eb@group-BAC069DAEF17-SegmentedRaftLog:OPENED:c-1,f-1,i0, conf=-1: [6fa005cd-25d6-4e29-bda6-9462a060c098:192.168.69.67:36093, 4b487190-7547-40c7-b780-43c37a89e8eb:192.168.69.67:39683, 3d3aac8b-d4d1-454d-bf0c-88a180692893:192.168.69.67:34429], old=null
2019-10-18 07:54:10,036 [grpc-default-executor-3] INFO  impl.RaftServerImpl (RaftServerImpl.java:setRole(184)) - 3d3aac8b-d4d1-454d-bf0c-88a180692893@group-BAC069DAEF17: changes role from  FOLLOWER to FOLLOWER at term 85 for recognizeCandidate:4b487190-7547-40c7-b780-43c37a89e8eb
2019-10-18 07:54:10,036 [grpc-default-executor-0] INFO  impl.RaftServerImpl (RaftServerImpl.java:setRole(184)) - 6fa005cd-25d6-4e29-bda6-9462a060c098@group-BAC069DAEF17: changes role from  FOLLOWER to FOLLOWER at term 85 for recognizeCandidate:4b487190-7547-40c7-b780-43c37a89e8eb
2019-10-18 07:54:10,037 [grpc-default-executor-3] INFO  impl.RoleInfo (RoleInfo.java:shutdownFollowerState(121)) - 3d3aac8b-d4d1-454d-bf0c-88a180692893: shutdown FollowerState
2019-10-18 07:54:10,037 [grpc-default-executor-0] INFO  impl.RoleInfo (RoleInfo.java:shutdownFollowerState(121)) - 6fa005cd-25d6-4e29-bda6-9462a060c098: shutdown FollowerState
2019-10-18 07:54:10,037 [Thread-908] INFO  impl.FollowerState (FollowerState.java:run(117)) - 3d3aac8b-d4d1-454d-bf0c-88a180692893@group-BAC069DAEF17-FollowerState was interrupted: java.lang.InterruptedException: sleep interrupted
2019-10-18 07:54:10,037 [grpc-default-executor-3] INFO  impl.RoleInfo (RoleInfo.java:updateAndGet(143)) - 3d3aac8b-d4d1-454d-bf0c-88a180692893: start FollowerState
2019-10-18 07:54:10,037 [Thread-909] INFO  impl.FollowerState (FollowerState.java:run(117)) - 6fa005cd-25d6-4e29-bda6-9462a060c098@group-BAC069DAEF17-FollowerState was interrupted: java.lang.InterruptedException: sleep interrupted
2019-10-18 07:54:10,037 [grpc-default-executor-0] INFO  impl.RoleInfo (RoleInfo.java:updateAndGet(143)) - 6fa005cd-25d6-4e29-bda6-9462a060c098: start FollowerState
2019-10-18 07:54:10,049 [4b487190-7547-40c7-b780-43c37a89e8eb@group-BAC069DAEF17-LeaderElection92] INFO  impl.LeaderElection (LeaderElection.java:askForVotes(178)) - 4b487190-7547-40c7-b780-43c37a89e8eb@group-BAC069DAEF17-LeaderElection92: begin an election at term 86 for -1: [6fa005cd-25d6-4e29-bda6-9462a060c098:192.168.69.67:36093, 4b487190-7547-40c7-b780-43c37a89e8eb:192.168.69.67:39683, 3d3aac8b-d4d1-454d-bf0c-88a180692893:192.168.69.67:34429], old=null
2019-10-18 07:54:10,051 [grpc-default-executor-0] INFO  impl.RaftServerImpl (RaftServerImpl.java:setRole(184)) - 3d3aac8b-d4d1-454d-bf0c-88a180692893@group-BAC069DAEF17: changes role from  FOLLOWER to FOLLOWER at term 86 for recognizeCandidate:4b487190-7547-40c7-b780-43c37a89e8eb
2019-10-18 07:54:10,051 [grpc-default-executor-3] INFO  impl.RaftServerImpl (RaftServerImpl.java:setRole(184)) - 6fa005cd-25d6-4e29-bda6-9462a060c098@group-BAC069DAEF17: changes role from  FOLLOWER to FOLLOWER at term 86 for recognizeCandidate:4b487190-7547-40c7-b780-43c37a89e8eb
2019-10-18 07:54:10,051 [grpc-default-executor-0] INFO  impl.RoleInfo (RoleInfo.java:shutdownFollowerState(121)) - 3d3aac8b-d4d1-454d-bf0c-88a180692893: shutdown FollowerState
2019-10-18 07:54:10,052 [grpc-default-executor-3] INFO  impl.RoleInfo (RoleInfo.java:shutdownFollowerState(121)) - 6fa005cd-25d6-4e29-bda6-9462a060c098: shutdown FollowerState
2019-10-18 07:54:10,052 [Thread-914] INFO  impl.FollowerState (FollowerState.java:run(117)) - 3d3aac8b-d4d1-454d-bf0c-88a180692893@group-BAC069DAEF17-FollowerState was interrupted: java.lang.InterruptedException: sleep interrupted
2019-10-18 07:54:10,052 [Thread-915] INFO  impl.FollowerState (FollowerState.java:run(117)) - 6fa005cd-25d6-4e29-bda6-9462a060c098@group-BAC069DAEF17-FollowerState was interrupted: java.lang.InterruptedException: sleep interrupted
2019-10-18 07:54:10,052 [grpc-default-executor-0] INFO  impl.RoleInfo (RoleInfo.java:updateAndGet(143)) - 3d3aac8b-d4d1-454d-bf0c-88a180692893: start FollowerState
2019-10-18 07:54:10,052 [grpc-default-executor-3] INFO  impl.RoleInfo (RoleInfo.java:updateAndGet(143)) - 6fa005cd-25d6-4e29-bda6-9462a060c098: start FollowerState
2019-10-18 07:54:10,068 [4b487190-7547-40c7-b780-43c37a89e8eb@group-BAC069DAEF17-LeaderElection92] INFO  impl.LeaderElection (LeaderElection.java:logAndReturn(56)) - 4b487190-7547-40c7-b780-43c37a89e8eb@group-BAC069DAEF17-LeaderElection92: Election REJECTED; received 2 response(s) [4b487190-7547-40c7-b780-43c37a89e8eb<-6fa005cd-25d6-4e29-bda6-9462a060c098#0:FAIL-t86, 4b487190-7547-40c7-b780-43c37a89e8eb<-3d3aac8b-d4d1-454d-bf0c-88a180692893#0:FAIL-t86] and 0 exception(s); 4b487190-7547-40c7-b780-43c37a89e8eb@group-BAC069DAEF17:t86, leader=null, voted=4b487190-7547-40c7-b780-43c37a89e8eb, raftlog=4b487190-7547-40c7-b780-43c37a89e8eb@group-BAC069DAEF17-SegmentedRaftLog:OPENED:c-1,f-1,i0, conf=-1: [6fa005cd-25d6-4e29-bda6-9462a060c098:192.168.69.67:36093, 4b487190-7547-40c7-b780-43c37a89e8eb:192.168.69.67:39683, 3d3aac8b-d4d1-454d-bf0c-88a180692893:192.168.69.67:34429], old=null
2019-10-18 07:54:10,068 [4b487190-7547-40c7-b780-43c37a89e8eb@group-BAC069DAEF17-LeaderElection92] INFO  impl.RaftServerImpl (RaftServerImpl.java:setRole(184)) - 4b487190-7547-40c7-b780-43c37a89e8eb@group-BAC069DAEF17: changes role from CANDIDATE to FOLLOWER at term 86 for DISCOVERED_A_NEW_TERM
2019-10-18 07:54:10,068 [4b487190-7547-40c7-b780-43c37a89e8eb@group-BAC069DAEF17-LeaderElection92] INFO  impl.RoleInfo (RoleInfo.java:shutdownLeaderElection(134)) - 4b487190-7547-40c7-b780-43c37a89e8eb: shutdown LeaderElection
2019-10-18 07:54:10,068 [4b487190-7547-40c7-b780-43c37a89e8eb@group-BAC069DAEF17-LeaderElection92] INFO  impl.RoleInfo (RoleInfo.java:updateAndGet(143)) - 4b487190-7547-40c7-b780-43c37a89e8eb: start FollowerState
2019-10-18 07:54:10,226 [Thread-920] INFO  impl.FollowerState (FollowerState.java:run(108)) - 4b487190-7547-40c7-b780-43c37a89e8eb@group-BAC069DAEF17-FollowerState: change to CANDIDATE, lastRpcTime:157ms, electionTimeout:157ms
2019-10-18 07:54:10,226 [Thread-920] INFO  impl.RoleInfo (RoleInfo.java:shutdownFollowerState(121)) - 4b487190-7547-40c7-b780-43c37a89e8eb: shutdown FollowerState
2019-10-18 07:54:10,226 [Thread-920] INFO  impl.RaftServerImpl (RaftServerImpl.java:setRole(184)) - 4b487190-7547-40c7-b780-43c37a89e8eb@group-BAC069DAEF17: changes role from  FOLLOWER to CANDIDATE at term 86 for changeToCandidate
2019-10-18 07:54:10,226 [Thread-920] INFO  impl.RoleInfo (RoleInfo.java:updateAndGet(143)) - 4b487190-7547-40c7-b780-43c37a89e8eb: start LeaderElection
2019-10-18 07:54:10,252 [4b487190-7547-40c7-b780-43c37a89e8eb@group-BAC069DAEF17-LeaderElection93] INFO  impl.LeaderElection (LeaderElection.java:askForVotes(178)) - 4b487190-7547-40c7-b780-43c37a89e8eb@group-BAC069DAEF17-LeaderElection93: begin an election at term 87 for -1: [6fa005cd-25d6-4e29-bda6-9462a060c098:192.168.69.67:36093, 4b487190-7547-40c7-b780-43c37a89e8eb:192.168.69.67:39683, 3d3aac8b-d4d1-454d-bf0c-88a180692893:192.168.69.67:34429], old=null
2019-10-18 07:54:10,255 [grpc-default-executor-0] INFO  impl.RaftServerImpl (RaftServerImpl.java:setRole(184)) - 6fa005cd-25d6-4e29-bda6-9462a060c098@group-BAC069DAEF17: changes role from  FOLLOWER to FOLLOWER at term 87 for recognizeCandidate:4b487190-7547-40c7-b780-43c37a89e8eb
2019-10-18 07:54:10,255 [grpc-default-executor-3] INFO  impl.RaftServerImpl (RaftServerImpl.java:setRole(184)) - 3d3aac8b-d4d1-454d-bf0c-88a180692893@group-BAC069DAEF17: changes role from  FOLLOWER to FOLLOWER at term 87 for recognizeCandidate:4b487190-7547-40c7-b780-43c37a89e8eb
2019-10-18 07:54:10,255 [grpc-default-executor-3] INFO  impl.RoleInfo (RoleInfo.java:shutdownFollowerState(121)) - 3d3aac8b-d4d1-454d-bf0c-88a180692893: shutdown FollowerState
2019-10-18 07:54:10,255 [grpc-default-executor-0] INFO  impl.RoleInfo (RoleInfo.java:shutdownFollowerState(121)) - 6fa005cd-25d6-4e29-bda6-9462a060c098: shutdown FollowerState
2019-10-18 07:54:10,255 [Thread-918] INFO  impl.FollowerState (FollowerState.java:run(117)) - 3d3aac8b-d4d1-454d-bf0c-88a180692893@group-BAC069DAEF17-FollowerState was interrupted: java.lang.InterruptedException: sleep interrupted
2019-10-18 07:54:10,256 [Thread-919] INFO  impl.FollowerState (FollowerState.java:run(117)) - 6fa005cd-25d6-4e29-bda6-9462a060c098@group-BAC069DAEF17-FollowerState was interrupted: java.lang.InterruptedException: sleep interrupted
2019-10-18 07:54:10,255 [grpc-default-executor-3] INFO  impl.RoleInfo (RoleInfo.java:updateAndGet(143)) - 3d3aac8b-d4d1-454d-bf0c-88a180692893: start FollowerState
2019-10-18 07:54:10,256 [grpc-default-executor-0] INFO  impl.RoleInfo (RoleInfo.java:updateAndGet(143)) - 6fa005cd-25d6-4e29-bda6-9462a060c098: start FollowerState
2019-10-18 07:54:10,278 [4b487190-7547-40c7-b780-43c37a89e8eb@group-BAC069DAEF17-LeaderElection93] INFO  impl.LeaderElection (LeaderElection.java:logAndReturn(56)) - 4b487190-7547-40c7-b780-43c37a89e8eb@group-BAC069DAEF17-LeaderElection93: Election TIMEOUT; received 0 response(s) [] and 0 exception(s); 4b487190-7547-40c7-b780-43c37a89e8eb@group-BAC069DAEF17:t87, leader=null, voted=4b487190-7547-40c7-b780-43c37a89e8eb, raftlog=4b487190-7547-40c7-b780-43c37a89e8eb@group-BAC069DAEF17-SegmentedRaftLog:OPENED:c-1,f-1,i0, conf=-1: [6fa005cd-25d6-4e29-bda6-9462a060c098:192.168.69.67:36093, 4b487190-7547-40c7-b780-43c37a89e8eb:192.168.69.67:39683, 3d3aac8b-d4d1-454d-bf0c-88a180692893:192.168.69.67:34429], old=null
2019-10-18 07:54:10,284 [4b487190-7547-40c7-b780-43c37a89e8eb@group-BAC069DAEF17-LeaderElection93] INFO  impl.LeaderElection (LeaderElection.java:askForVotes(178)) - 4b487190-7547-40c7-b780-43c37a89e8eb@group-BAC069DAEF17-LeaderElection93: begin an election at term 88 for -1: [6fa005cd-25d6-4e29-bda6-9462a060c098:192.168.69.67:36093, 4b487190-7547-40c7-b780-43c37a89e8eb:192.168.69.67:39683, 3d3aac8b-d4d1-454d-bf0c-88a180692893:192.168.69.67:34429], old=null
2019-10-18 07:54:10,287 [grpc-default-executor-0] INFO  impl.RaftServerImpl (RaftServerImpl.java:setRole(184)) - 6fa005cd-25d6-4e29-bda6-9462a060c098@group-BAC069DAEF17: changes role from  FOLLOWER to FOLLOWER at term 88 for recognizeCandidate:4b487190-7547-40c7-b780-43c37a89e8eb
2019-10-18 07:54:10,287 [grpc-default-executor-0] INFO  impl.RoleInfo (RoleInfo.java:shutdownFollowerState(121)) - 6fa005cd-25d6-4e29-bda6-9462a060c098: shutdown FollowerState
2019-10-18 07:54:10,287 [grpc-default-executor-3] INFO  impl.RaftServerImpl (RaftServerImpl.java:setRole(184)) - 3d3aac8b-d4d1-454d-bf0c-88a180692893@group-BAC069DAEF17: changes role from  FOLLOWER to FOLLOWER at term 88 for recognizeCandidate:4b487190-7547-40c7-b780-43c37a89e8eb
2019-10-18 07:54:10,287 [grpc-default-executor-0] INFO  impl.RoleInfo (RoleInfo.java:updateAndGet(143)) - 6fa005cd-25d6-4e29-bda6-9462a060c098: start FollowerState
2019-10-18 07:54:10,287 [Thread-925] INFO  impl.FollowerState (FollowerState.java:run(117)) - 6fa005cd-25d6-4e29-bda6-9462a060c098@group-BAC069DAEF17-FollowerState was interrupted: java.lang.InterruptedException: sleep interrupted
2019-10-18 07:54:10,287 [grpc-default-executor-3] INFO  impl.RoleInfo (RoleInfo.java:shutdownFollowerState(121)) - 3d3aac8b-d4d1-454d-bf0c-88a180692893: shutdown FollowerState
2019-10-18 07:54:10,288 [grpc-default-executor-3] INFO  impl.RoleInfo (RoleInfo.java:updateAndGet(143)) - 3d3aac8b-d4d1-454d-bf0c-88a180692893: start FollowerState
2019-10-18 07:54:10,288 [Thread-924] INFO  impl.FollowerState (FollowerState.java:run(117)) - 3d3aac8b-d4d1-454d-bf0c-88a180692893@group-BAC069DAEF17-FollowerState was interrupted: java.lang.InterruptedException: sleep interrupted
2019-10-18 07:54:10,302 [4b487190-7547-40c7-b780-43c37a89e8eb@group-BAC069DAEF17-LeaderElection93] INFO  impl.LeaderElection (LeaderElection.java:logAndReturn(56)) - 4b487190-7547-40c7-b780-43c37a89e8eb@group-BAC069DAEF17-LeaderElection93: Election REJECTED; received 2 response(s) [4b487190-7547-40c7-b780-43c37a89e8eb<-6fa005cd-25d6-4e29-bda6-9462a060c098#0:FAIL-t88, 4b487190-7547-40c7-b780-43c37a89e8eb<-3d3aac8b-d4d1-454d-bf0c-88a180692893#0:FAIL-t88] and 0 exception(s); 4b487190-7547-40c7-b780-43c37a89e8eb@group-BAC069DAEF17:t88, leader=null, voted=4b487190-7547-40c7-b780-43c37a89e8eb, raftlog=4b487190-7547-40c7-b780-43c37a89e8eb@group-BAC069DAEF17-SegmentedRaftLog:OPENED:c-1,f-1,i0, conf=-1: [6fa005cd-25d6-4e29-bda6-9462a060c098:192.168.69.67:36093, 4b487190-7547-40c7-b780-43c37a89e8eb:192.168.69.67:39683, 3d3aac8b-d4d1-454d-bf0c-88a180692893:192.168.69.67:34429], old=null
2019-10-18 07:54:10,303 [4b487190-7547-40c7-b780-43c37a89e8eb@group-BAC069DAEF17-LeaderElection93] INFO  impl.RaftServerImpl (RaftServerImpl.java:setRole(184)) - 4b487190-7547-40c7-b780-43c37a89e8eb@group-BAC069DAEF17: changes role from CANDIDATE to FOLLOWER at term 88 for DISCOVERED_A_NEW_TERM
2019-10-18 07:54:10,303 [4b487190-7547-40c7-b780-43c37a89e8eb@group-BAC069DAEF17-LeaderElection93] INFO  impl.RoleInfo (RoleInfo.java:shutdownLeaderElection(134)) - 4b487190-7547-40c7-b780-43c37a89e8eb: shutdown LeaderElection
2019-10-18 07:54:10,303 [4b487190-7547-40c7-b780-43c37a89e8eb@group-BAC069DAEF17-LeaderElection93] INFO  impl.RoleInfo (RoleInfo.java:updateAndGet(143)) - 4b487190-7547-40c7-b780-43c37a89e8eb: start FollowerState
2019-10-18 07:54:10,498 [Thread-930] INFO  impl.FollowerState (FollowerState.java:run(108)) - 4b487190-7547-40c7-b780-43c37a89e8eb@group-BAC069DAEF17-FollowerState: change to CANDIDATE, lastRpcTime:195ms, electionTimeout:195ms
2019-10-18 07:54:10,499 [Thread-930] INFO  impl.RoleInfo (RoleInfo.java:shutdownFollowerState(121)) - 4b487190-7547-40c7-b780-43c37a89e8eb: shutdown FollowerState
2019-10-18 07:54:10,499 [Thread-930] INFO  impl.RaftServerImpl (RaftServerImpl.java:setRole(184)) - 4b487190-7547-40c7-b780-43c37a89e8eb@group-BAC069DAEF17: changes role from  FOLLOWER to CANDIDATE at term 88 for changeToCandidate
2019-10-18 07:54:10,499 [Thread-930] INFO  impl.RoleInfo (RoleInfo.java:updateAndGet(143)) - 4b487190-7547-40c7-b780-43c37a89e8eb: start LeaderElection
2019-10-18 07:54:10,525 [4b487190-7547-40c7-b780-43c37a89e8eb@group-BAC069DAEF17-LeaderElection94] INFO  impl.LeaderElection (LeaderElection.java:askForVotes(178)) - 4b487190-7547-40c7-b780-43c37a89e8eb@group-BAC069DAEF17-LeaderElection94: begin an election at term 89 for -1: [6fa005cd-25d6-4e29-bda6-9462a060c098:192.168.69.67:36093, 4b487190-7547-40c7-b780-43c37a89e8eb:192.168.69.67:39683, 3d3aac8b-d4d1-454d-bf0c-88a180692893:192.168.69.67:34429], old=null
2019-10-18 07:54:10,527 [grpc-default-executor-0] INFO  impl.RaftServerImpl (RaftServerImpl.java:setRole(184)) - 3d3aac8b-d4d1-454d-bf0c-88a180692893@group-BAC069DAEF17: changes role from  FOLLOWER to FOLLOWER at term 89 for recognizeCandidate:4b487190-7547-40c7-b780-43c37a89e8eb
2019-10-18 07:54:10,528 [grpc-default-executor-3] INFO  impl.RaftServerImpl (RaftServerImpl.java:setRole(184)) - 6fa005cd-25d6-4e29-bda6-9462a060c098@group-BAC069DAEF17: changes role from  FOLLOWER to FOLLOWER at term 89 for recognizeCandidate:4b487190-7547-40c7-b780-43c37a89e8eb
2019-10-18 07:54:10,528 [grpc-default-executor-0] INFO  impl.RoleInfo (RoleInfo.java:shutdownFollowerState(121)) - 3d3aac8b-d4d1-454d-bf0c-88a180692893: shutdown FollowerState
2019-10-18 07:54:10,528 [grpc-default-executor-3] INFO  impl.RoleInfo (RoleInfo.java:shutdownFollowerState(121)) - 6fa005cd-25d6-4e29-bda6-9462a060c098: shutdown FollowerState
2019-10-18 07:54:10,528 [Thread-929] INFO  impl.FollowerState (FollowerState.java:run(117)) - 3d3aac8b-d4d1-454d-bf0c-88a180692893@group-BAC069DAEF17-FollowerState was interrupted: java.lang.InterruptedException: sleep interrupted
2019-10-18 07:54:10,528 [grpc-default-executor-0] INFO  impl.RoleInfo (RoleInfo.java:updateAndGet(143)) - 3d3aac8b-d4d1-454d-bf0c-88a180692893: start FollowerState
2019-10-18 07:54:10,528 [Thread-928] INFO  impl.FollowerState (FollowerState.java:run(117)) - 6fa005cd-25d6-4e29-bda6-9462a060c098@group-BAC069DAEF17-FollowerState was interrupted: java.lang.InterruptedException: sleep interrupted
2019-10-18 07:54:10,528 [grpc-default-executor-3] INFO  impl.RoleInfo (RoleInfo.java:updateAndGet(143)) - 6fa005cd-25d6-4e29-bda6-9462a060c098: start FollowerState
2019-10-18 07:54:10,555 [4b487190-7547-40c7-b780-43c37a89e8eb@group-BAC069DAEF17-LeaderElection94] INFO  impl.LeaderElection (LeaderElection.java:logAndReturn(56)) - 4b487190-7547-40c7-b780-43c37a89e8eb@group-BAC069DAEF17-LeaderElection94: Election REJECTED; received 2 response(s) [4b487190-7547-40c7-b780-43c37a89e8eb<-6fa005cd-25d6-4e29-bda6-9462a060c098#0:FAIL-t89, 4b487190-7547-40c7-b780-43c37a89e8eb<-3d3aac8b-d4d1-454d-bf0c-88a180692893#0:FAIL-t89] and 0 exception(s); 4b487190-7547-40c7-b780-43c37a89e8eb@group-BAC069DAEF17:t89, leader=null, voted=4b487190-7547-40c7-b780-43c37a89e8eb, raftlog=4b487190-7547-40c7-b780-43c37a89e8eb@group-BAC069DAEF17-SegmentedRaftLog:OPENED:c-1,f-1,i0, conf=-1: [6fa005cd-25d6-4e29-bda6-9462a060c098:192.168.69.67:36093, 4b487190-7547-40c7-b780-43c37a89e8eb:192.168.69.67:39683, 3d3aac8b-d4d1-454d-bf0c-88a180692893:192.168.69.67:34429], old=null
2019-10-18 07:54:10,555 [4b487190-7547-40c7-b780-43c37a89e8eb@group-BAC069DAEF17-LeaderElection94] INFO  impl.RaftServerImpl (RaftServerImpl.java:setRole(184)) - 4b487190-7547-40c7-b780-43c37a89e8eb@group-BAC069DAEF17: changes role from CANDIDATE to FOLLOWER at term 89 for DISCOVERED_A_NEW_TERM
2019-10-18 07:54:10,555 [4b487190-7547-40c7-b780-43c37a89e8eb@group-BAC069DAEF17-LeaderElection94] INFO  impl.RoleInfo (RoleInfo.java:shutdownLeaderElection(134)) - 4b487190-7547-40c7-b780-43c37a89e8eb: shutdown LeaderElection
2019-10-18 07:54:10,555 [4b487190-7547-40c7-b780-43c37a89e8eb@group-BAC069DAEF17-LeaderElection94] INFO  impl.RoleInfo (RoleInfo.java:updateAndGet(143)) - 4b487190-7547-40c7-b780-43c37a89e8eb: start FollowerState
2019-10-18 07:54:10,670 [Thread-938] INFO  impl.FollowerState (FollowerState.java:run(108)) - 4b487190-7547-40c7-b780-43c37a89e8eb@group-BAC069DAEF17-FollowerState: change to CANDIDATE, lastRpcTime:114ms, electionTimeout:114ms
2019-10-18 07:54:10,670 [Thread-938] INFO  impl.RoleInfo (RoleInfo.java:shutdownFollowerState(121)) - 4b487190-7547-40c7-b780-43c37a89e8eb: shutdown FollowerState
2019-10-18 07:54:10,670 [Thread-938] INFO  impl.RaftServerImpl (RaftServerImpl.java:setRole(184)) - 4b487190-7547-40c7-b780-43c37a89e8eb@group-BAC069DAEF17: changes role from  FOLLOWER to CANDIDATE at term 89 for changeToCandidate
2019-10-18 07:54:10,670 [Thread-938] INFO  impl.RoleInfo (RoleInfo.java:updateAndGet(143)) - 4b487190-7547-40c7-b780-43c37a89e8eb: start LeaderElection
2019-10-18 07:54:10,685 [4b487190-7547-40c7-b780-43c37a89e8eb@group-BAC069DAEF17-LeaderElection95] INFO  impl.LeaderElection (LeaderElection.java:askForVotes(178)) - 4b487190-7547-40c7-b780-43c37a89e8eb@group-BAC069DAEF17-LeaderElection95: begin an election at term 90 for -1: [6fa005cd-25d6-4e29-bda6-9462a060c098:192.168.69.67:36093, 4b487190-7547-40c7-b780-43c37a89e8eb:192.168.69.67:39683, 3d3aac8b-d4d1-454d-bf0c-88a180692893:192.168.69.67:34429], old=null
2019-10-18 07:54:10,690 [grpc-default-executor-0] INFO  impl.RaftServerImpl (RaftServerImpl.java:setRole(184)) - 6fa005cd-25d6-4e29-bda6-9462a060c098@group-BAC069DAEF17: changes role from  FOLLOWER to FOLLOWER at term 90 for recognizeCandidate:4b487190-7547-40c7-b780-43c37a89e8eb
2019-10-18 07:54:10,690 [grpc-default-executor-3] INFO  impl.RaftServerImpl (RaftServerImpl.java:setRole(184)) - 3d3aac8b-d4d1-454d-bf0c-88a180692893@group-BAC069DAEF17: changes role from  FOLLOWER to FOLLOWER at term 90 for recognizeCandidate:4b487190-7547-40c7-b780-43c37a89e8eb
2019-10-18 07:54:10,690 [grpc-default-executor-0] INFO  impl.RoleInfo (RoleInfo.java:shutdownFollowerState(121)) - 6fa005cd-25d6-4e29-bda6-9462a060c098: shutdown FollowerState
2019-10-18 07:54:10,690 [grpc-default-executor-3] INFO  impl.RoleInfo (RoleInfo.java:shutdownFollowerState(121)) - 3d3aac8b-d4d1-454d-bf0c-88a180692893: shutdown FollowerState
2019-10-18 07:54:10,691 [Thread-937] INFO  impl.FollowerState (FollowerState.java:run(117)) - 6fa005cd-25d6-4e29-bda6-9462a060c098@group-BAC069DAEF17-FollowerState was interrupted: java.lang.InterruptedException: sleep interrupted
2019-10-18 07:54:10,691 [grpc-default-executor-0] INFO  impl.RoleInfo (RoleInfo.java:updateAndGet(143)) - 6fa005cd-25d6-4e29-bda6-9462a060c098: start FollowerState
2019-10-18 07:54:10,691 [Thread-936] INFO  impl.FollowerState (FollowerState.java:run(117)) - 3d3aac8b-d4d1-454d-bf0c-88a180692893@group-BAC069DAEF17-FollowerState was interrupted: java.lang.InterruptedException: sleep interrupted
2019-10-18 07:54:10,691 [grpc-default-executor-3] INFO  impl.RoleInfo (RoleInfo.java:updateAndGet(143)) - 3d3aac8b-d4d1-454d-bf0c-88a180692893: start FollowerState
2019-10-18 07:54:10,709 [4b487190-7547-40c7-b780-43c37a89e8eb@group-BAC069DAEF17-LeaderElection95] INFO  impl.LeaderElection (LeaderElection.java:logAndReturn(56)) - 4b487190-7547-40c7-b780-43c37a89e8eb@group-BAC069DAEF17-LeaderElection95: Election REJECTED; received 2 response(s) [4b487190-7547-40c7-b780-43c37a89e8eb<-6fa005cd-25d6-4e29-bda6-9462a060c098#0:FAIL-t90, 4b487190-7547-40c7-b780-43c37a89e8eb<-3d3aac8b-d4d1-454d-bf0c-88a180692893#0:FAIL-t90] and 0 exception(s); 4b487190-7547-40c7-b780-43c37a89e8eb@group-BAC069DAEF17:t90, leader=null, voted=4b487190-7547-40c7-b780-43c37a89e8eb, raftlog=4b487190-7547-40c7-b780-43c37a89e8eb@group-BAC069DAEF17-SegmentedRaftLog:OPENED:c-1,f-1,i0, conf=-1: [6fa005cd-25d6-4e29-bda6-9462a060c098:192.168.69.67:36093, 4b487190-7547-40c7-b780-43c37a89e8eb:192.168.69.67:39683, 3d3aac8b-d4d1-454d-bf0c-88a180692893:192.168.69.67:34429], old=null
2019-10-18 07:54:10,709 [4b487190-7547-40c7-b780-43c37a89e8eb@group-BAC069DAEF17-LeaderElection95] INFO  impl.RaftServerImpl (RaftServerImpl.java:setRole(184)) - 4b487190-7547-40c7-b780-43c37a89e8eb@group-BAC069DAEF17: changes role from CANDIDATE to FOLLOWER at term 90 for DISCOVERED_A_NEW_TERM
2019-10-18 07:54:10,709 [4b487190-7547-40c7-b780-43c37a89e8eb@group-BAC069DAEF17-LeaderElection95] INFO  impl.RoleInfo (RoleInfo.java:shutdownLeaderElection(134)) - 4b487190-7547-40c7-b780-43c37a89e8eb: shutdown LeaderElection
2019-10-18 07:54:10,709 [4b487190-7547-40c7-b780-43c37a89e8eb@group-BAC069DAEF17-LeaderElection95] INFO  impl.RoleInfo (RoleInfo.java:updateAndGet(143)) - 4b487190-7547-40c7-b780-43c37a89e8eb: start FollowerState
2019-10-18 07:54:10,889 [Thread-944] INFO  impl.FollowerState (FollowerState.java:run(108)) - 4b487190-7547-40c7-b780-43c37a89e8eb@group-BAC069DAEF17-FollowerState: change to CANDIDATE, lastRpcTime:179ms, electionTimeout:179ms
2019-10-18 07:54:10,889 [Thread-944] INFO  impl.RoleInfo (RoleInfo.java:shutdownFollowerState(121)) - 4b487190-7547-40c7-b780-43c37a89e8eb: shutdown FollowerState
2019-10-18 07:54:10,889 [Thread-944] INFO  impl.RaftServerImpl (RaftServerImpl.java:setRole(184)) - 4b487190-7547-40c7-b780-43c37a89e8eb@group-BAC069DAEF17: changes role from  FOLLOWER to CANDIDATE at term 90 for changeToCandidate
2019-10-18 07:54:10,890 [Thread-944] INFO  impl.RoleInfo (RoleInfo.java:updateAndGet(143)) - 4b487190-7547-40c7-b780-43c37a89e8eb: start LeaderElection
2019-10-18 07:54:10,904 [4b487190-7547-40c7-b780-43c37a89e8eb@group-BAC069DAEF17-LeaderElection96] INFO  impl.LeaderElection (LeaderElection.java:askForVotes(178)) - 4b487190-7547-40c7-b780-43c37a89e8eb@group-BAC069DAEF17-LeaderElection96: begin an election at term 91 for -1: [6fa005cd-25d6-4e29-bda6-9462a060c098:192.168.69.67:36093, 4b487190-7547-40c7-b780-43c37a89e8eb:192.168.69.67:39683, 3d3aac8b-d4d1-454d-bf0c-88a180692893:192.168.69.67:34429], old=null
2019-10-18 07:54:10,908 [grpc-default-executor-3] INFO  impl.RaftServerImpl (RaftServerImpl.java:setRole(184)) - 6fa005cd-25d6-4e29-bda6-9462a060c098@group-BAC069DAEF17: changes role from  FOLLOWER to FOLLOWER at term 91 for recognizeCandidate:4b487190-7547-40c7-b780-43c37a89e8eb
2019-10-18 07:54:10,908 [grpc-default-executor-0] INFO  impl.RaftServerImpl (RaftServerImpl.java:setRole(184)) - 3d3aac8b-d4d1-454d-bf0c-88a180692893@group-BAC069DAEF17: changes role from  FOLLOWER to FOLLOWER at term 91 for recognizeCandidate:4b487190-7547-40c7-b780-43c37a89e8eb
2019-10-18 07:54:10,908 [grpc-default-executor-3] INFO  impl.RoleInfo (RoleInfo.java:shutdownFollowerState(121)) - 6fa005cd-25d6-4e29-bda6-9462a060c098: shutdown FollowerState
2019-10-18 07:54:10,908 [grpc-default-executor-0] INFO  impl.RoleInfo (RoleInfo.java:shutdownFollowerState(121)) - 3d3aac8b-d4d1-454d-bf0c-88a180692893: shutdown FollowerState
2019-10-18 07:54:10,909 [Thread-942] INFO  impl.FollowerState (FollowerState.java:run(117)) - 6fa005cd-25d6-4e29-bda6-9462a060c098@group-BAC069DAEF17-FollowerState was interrupted: java.lang.InterruptedException: sleep interrupted
2019-10-18 07:54:10,909 [grpc-default-executor-3] INFO  impl.RoleInfo (RoleInfo.java:updateAndGet(143)) - 6fa005cd-25d6-4e29-bda6-9462a060c098: start FollowerState
2019-10-18 07:54:10,909 [Thread-943] INFO  impl.FollowerState (FollowerState.java:run(117)) - 3d3aac8b-d4d1-454d-bf0c-88a180692893@group-BAC069DAEF17-FollowerState was interrupted: java.lang.InterruptedException: sleep interrupted
2019-10-18 07:54:10,909 [grpc-default-executor-0] INFO  impl.RoleInfo (RoleInfo.java:updateAndGet(143)) - 3d3aac8b-d4d1-454d-bf0c-88a180692893: start FollowerState
2019-10-18 07:54:10,924 [4b487190-7547-40c7-b780-43c37a89e8eb@group-BAC069DAEF17-LeaderElection96] INFO  impl.LeaderElection (LeaderElection.java:logAndReturn(56)) - 4b487190-7547-40c7-b780-43c37a89e8eb@group-BAC069DAEF17-LeaderElection96: Election REJECTED; received 2 response(s) [4b487190-7547-40c7-b780-43c37a89e8eb<-6fa005cd-25d6-4e29-bda6-9462a060c098#0:FAIL-t91, 4b487190-7547-40c7-b780-43c37a89e8eb<-3d3aac8b-d4d1-454d-bf0c-88a180692893#0:FAIL-t91] and 0 exception(s); 4b487190-7547-40c7-b780-43c37a89e8eb@group-BAC069DAEF17:t91, leader=null, voted=4b487190-7547-40c7-b780-43c37a89e8eb, raftlog=4b487190-7547-40c7-b780-43c37a89e8eb@group-BAC069DAEF17-SegmentedRaftLog:OPENED:c-1,f-1,i0, conf=-1: [6fa005cd-25d6-4e29-bda6-9462a060c098:192.168.69.67:36093, 4b487190-7547-40c7-b780-43c37a89e8eb:192.168.69.67:39683, 3d3aac8b-d4d1-454d-bf0c-88a180692893:192.168.69.67:34429], old=null
2019-10-18 07:54:10,924 [4b487190-7547-40c7-b780-43c37a89e8eb@group-BAC069DAEF17-LeaderElection96] INFO  impl.RaftServerImpl (RaftServerImpl.java:setRole(184)) - 4b487190-7547-40c7-b780-43c37a89e8eb@group-BAC069DAEF17: changes role from CANDIDATE to FOLLOWER at term 91 for DISCOVERED_A_NEW_TERM
2019-10-18 07:54:10,924 [4b487190-7547-40c7-b780-43c37a89e8eb@group-BAC069DAEF17-LeaderElection96] INFO  impl.RoleInfo (RoleInfo.java:shutdownLeaderElection(134)) - 4b487190-7547-40c7-b780-43c37a89e8eb: shutdown LeaderElection
2019-10-18 07:54:10,925 [4b487190-7547-40c7-b780-43c37a89e8eb@group-BAC069DAEF17-LeaderElection96] INFO  impl.RoleInfo (RoleInfo.java:updateAndGet(143)) - 4b487190-7547-40c7-b780-43c37a89e8eb: start FollowerState
2019-10-18 07:54:10,981 [Thread-950] INFO  impl.FollowerState (FollowerState.java:run(108)) - 4b487190-7547-40c7-b780-43c37a89e8eb@group-BAC069DAEF17-FollowerState: change to CANDIDATE, lastRpcTime:56ms, electionTimeout:56ms
2019-10-18 07:54:10,981 [Thread-950] INFO  impl.RoleInfo (RoleInfo.java:shutdownFollowerState(121)) - 4b487190-7547-40c7-b780-43c37a89e8eb: shutdown FollowerState
2019-10-18 07:54:10,981 [Thread-950] INFO  impl.RaftServerImpl (RaftServerImpl.java:setRole(184)) - 4b487190-7547-40c7-b780-43c37a89e8eb@group-BAC069DAEF17: changes role from  FOLLOWER to CANDIDATE at term 91 for changeToCandidate
2019-10-18 07:54:10,982 [Thread-950] INFO  impl.RoleInfo (RoleInfo.java:updateAndGet(143)) - 4b487190-7547-40c7-b780-43c37a89e8eb: start LeaderElection
2019-10-18 07:54:11,008 [4b487190-7547-40c7-b780-43c37a89e8eb@group-BAC069DAEF17-LeaderElection97] INFO  impl.LeaderElection (LeaderElection.java:askForVotes(178)) - 4b487190-7547-40c7-b780-43c37a89e8eb@group-BAC069DAEF17-LeaderElection97: begin an election at term 92 for -1: [6fa005cd-25d6-4e29-bda6-9462a060c098:192.168.69.67:36093, 4b487190-7547-40c7-b780-43c37a89e8eb:192.168.69.67:39683, 3d3aac8b-d4d1-454d-bf0c-88a180692893:192.168.69.67:34429], old=null
2019-10-18 07:54:11,011 [grpc-default-executor-3] INFO  impl.RaftServerImpl (RaftServerImpl.java:setRole(184)) - 3d3aac8b-d4d1-454d-bf0c-88a180692893@group-BAC069DAEF17: changes role from  FOLLOWER to FOLLOWER at term 92 for recognizeCandidate:4b487190-7547-40c7-b780-43c37a89e8eb
2019-10-18 07:54:11,011 [grpc-default-executor-3] INFO  impl.RoleInfo (RoleInfo.java:shutdownFollowerState(121)) - 3d3aac8b-d4d1-454d-bf0c-88a180692893: shutdown FollowerState
2019-10-18 07:54:11,011 [grpc-default-executor-3] INFO  impl.RoleInfo (RoleInfo.java:updateAndGet(143)) - 3d3aac8b-d4d1-454d-bf0c-88a180692893: start FollowerState
2019-10-18 07:54:11,011 [Thread-949] INFO  impl.FollowerState (FollowerState.java:run(117)) - 3d3aac8b-d4d1-454d-bf0c-88a180692893@group-BAC069DAEF17-FollowerState was interrupted: java.lang.InterruptedException: sleep interrupted
2019-10-18 07:54:11,011 [grpc-default-executor-0] INFO  impl.RaftServerImpl (RaftServerImpl.java:setRole(184)) - 6fa005cd-25d6-4e29-bda6-9462a060c098@group-BAC069DAEF17: changes role from  FOLLOWER to FOLLOWER at term 92 for recognizeCandidate:4b487190-7547-40c7-b780-43c37a89e8eb
2019-10-18 07:54:11,011 [grpc-default-executor-0] INFO  impl.RoleInfo (RoleInfo.java:shutdownFollowerState(121)) - 6fa005cd-25d6-4e29-bda6-9462a060c098: shutdown FollowerState
2019-10-18 07:54:11,012 [grpc-default-executor-0] INFO  impl.RoleInfo (RoleInfo.java:updateAndGet(143)) - 6fa005cd-25d6-4e29-bda6-9462a060c098: start FollowerState
2019-10-18 07:54:11,012 [Thread-948] INFO  impl.FollowerState (FollowerState.java:run(117)) - 6fa005cd-25d6-4e29-bda6-9462a060c098@group-BAC069DAEF17-FollowerState was interrupted: java.lang.InterruptedException: sleep interrupted
2019-10-18 07:54:11,022 [4b487190-7547-40c7-b780-43c37a89e8eb@group-BAC069DAEF17-LeaderElection97] INFO  impl.LeaderElection (LeaderElection.java:logAndReturn(56)) - 4b487190-7547-40c7-b780-43c37a89e8eb@group-BAC069DAEF17-LeaderElection97: Election REJECTED; received 2 response(s) [4b487190-7547-40c7-b780-43c37a89e8eb<-6fa005cd-25d6-4e29-bda6-9462a060c098#0:FAIL-t92, 4b487190-7547-40c7-b780-43c37a89e8eb<-3d3aac8b-d4d1-454d-bf0c-88a180692893#0:FAIL-t92] and 0 exception(s); 4b487190-7547-40c7-b780-43c37a89e8eb@group-BAC069DAEF17:t92, leader=null, voted=4b487190-7547-40c7-b780-43c37a89e8eb, raftlog=4b487190-7547-40c7-b780-43c37a89e8eb@group-BAC069DAEF17-SegmentedRaftLog:OPENED:c-1,f-1,i0, conf=-1: [6fa005cd-25d6-4e29-bda6-9462a060c098:192.168.69.67:36093, 4b487190-7547-40c7-b780-43c37a89e8eb:192.168.69.67:39683, 3d3aac8b-d4d1-454d-bf0c-88a180692893:192.168.69.67:34429], old=null
2019-10-18 07:54:11,022 [4b487190-7547-40c7-b780-43c37a89e8eb@group-BAC069DAEF17-LeaderElection97] INFO  impl.RaftServerImpl (RaftServerImpl.java:setRole(184)) - 4b487190-7547-40c7-b780-43c37a89e8eb@group-BAC069DAEF17: changes role from CANDIDATE to FOLLOWER at term 92 for DISCOVERED_A_NEW_TERM
2019-10-18 07:54:11,022 [4b487190-7547-40c7-b780-43c37a89e8eb@group-BAC069DAEF17-LeaderElection97] INFO  impl.RoleInfo (RoleInfo.java:shutdownLeaderElection(134)) - 4b487190-7547-40c7-b780-43c37a89e8eb: shutdown LeaderElection
2019-10-18 07:54:11,023 [4b487190-7547-40c7-b780-43c37a89e8eb@group-BAC069DAEF17-LeaderElection97] INFO  impl.RoleInfo (RoleInfo.java:updateAndGet(143)) - 4b487190-7547-40c7-b780-43c37a89e8eb: start FollowerState
2019-10-18 07:54:11,068 [Thread-956] INFO  impl.FollowerState (FollowerState.java:run(108)) - 4b487190-7547-40c7-b780-43c37a89e8eb@group-BAC069DAEF17-FollowerState: change to CANDIDATE, lastRpcTime:45ms, electionTimeout:45ms
2019-10-18 07:54:11,068 [Thread-956] INFO  impl.RoleInfo (RoleInfo.java:shutdownFollowerState(121)) - 4b487190-7547-40c7-b780-43c37a89e8eb: shutdown FollowerState
2019-10-18 07:54:11,068 [Thread-956] INFO  impl.RaftServerImpl (RaftServerImpl.java:setRole(184)) - 4b487190-7547-40c7-b780-43c37a89e8eb@group-BAC069DAEF17: changes role from  FOLLOWER to CANDIDATE at term 92 for changeToCandidate
2019-10-18 07:54:11,069 [Thread-956] INFO  impl.RoleInfo (RoleInfo.java:updateAndGet(143)) - 4b487190-7547-40c7-b780-43c37a89e8eb: start LeaderElection
2019-10-18 07:54:11,083 [4b487190-7547-40c7-b780-43c37a89e8eb@group-BAC069DAEF17-LeaderElection98] INFO  impl.LeaderElection (LeaderElection.java:askForVotes(178)) - 4b487190-7547-40c7-b780-43c37a89e8eb@group-BAC069DAEF17-LeaderElection98: begin an election at term 93 for -1: [6fa005cd-25d6-4e29-bda6-9462a060c098:192.168.69.67:36093, 4b487190-7547-40c7-b780-43c37a89e8eb:192.168.69.67:39683, 3d3aac8b-d4d1-454d-bf0c-88a180692893:192.168.69.67:34429], old=null
2019-10-18 07:54:11,086 [grpc-default-executor-3] INFO  impl.RaftServerImpl (RaftServerImpl.java:setRole(184)) - 3d3aac8b-d4d1-454d-bf0c-88a180692893@group-BAC069DAEF17: changes role from  FOLLOWER to FOLLOWER at term 93 for recognizeCandidate:4b487190-7547-40c7-b780-43c37a89e8eb
2019-10-18 07:54:11,086 [grpc-default-executor-0] INFO  impl.RaftServerImpl (RaftServerImpl.java:setRole(184)) - 6fa005cd-25d6-4e29-bda6-9462a060c098@group-BAC069DAEF17: changes role from  FOLLOWER to FOLLOWER at term 93 for recognizeCandidate:4b487190-7547-40c7-b780-43c37a89e8eb
2019-10-18 07:54:11,086 [grpc-default-executor-3] INFO  impl.RoleInfo (RoleInfo.java:shutdownFollowerState(121)) - 3d3aac8b-d4d1-454d-bf0c-88a180692893: shutdown FollowerState
2019-10-18 07:54:11,086 [grpc-default-executor-0] INFO  impl.RoleInfo (RoleInfo.java:shutdownFollowerState(121)) - 6fa005cd-25d6-4e29-bda6-9462a060c098: shutdown FollowerState
2019-10-18 07:54:11,087 [grpc-default-executor-3] INFO  impl.RoleInfo (RoleInfo.java:updateAndGet(143)) - 3d3aac8b-d4d1-454d-bf0c-88a180692893: start FollowerState
2019-10-18 07:54:11,087 [Thread-954] INFO  impl.FollowerState (FollowerState.java:run(117)) - 3d3aac8b-d4d1-454d-bf0c-88a180692893@group-BAC069DAEF17-FollowerState was interrupted: java.lang.InterruptedException: sleep interrupted
2019-10-18 07:54:11,087 [Thread-955] INFO  impl.FollowerState (FollowerState.java:run(117)) - 6fa005cd-25d6-4e29-bda6-9462a060c098@group-BAC069DAEF17-FollowerState was interrupted: java.lang.InterruptedException: sleep interrupted
2019-10-18 07:54:11,087 [grpc-default-executor-0] INFO  impl.RoleInfo (RoleInfo.java:updateAndGet(143)) - 6fa005cd-25d6-4e29-bda6-9462a060c098: start FollowerState
2019-10-18 07:54:11,103 [4b487190-7547-40c7-b780-43c37a89e8eb@group-BAC069DAEF17-LeaderElection98] INFO  impl.LeaderElection (LeaderElection.java:logAndReturn(56)) - 4b487190-7547-40c7-b780-43c37a89e8eb@group-BAC069DAEF17-LeaderElection98: Election REJECTED; received 2 response(s) [4b487190-7547-40c7-b780-43c37a89e8eb<-6fa005cd-25d6-4e29-bda6-9462a060c098#0:FAIL-t93, 4b487190-7547-40c7-b780-43c37a89e8eb<-3d3aac8b-d4d1-454d-bf0c-88a180692893#0:FAIL-t93] and 0 exception(s); 4b487190-7547-40c7-b780-43c37a89e8eb@group-BAC069DAEF17:t93, leader=null, voted=4b487190-7547-40c7-b780-43c37a89e8eb, raftlog=4b487190-7547-40c7-b780-43c37a89e8eb@group-BAC069DAEF17-SegmentedRaftLog:OPENED:c-1,f-1,i0, conf=-1: [6fa005cd-25d6-4e29-bda6-9462a060c098:192.168.69.67:36093, 4b487190-7547-40c7-b780-43c37a89e8eb:192.168.69.67:39683, 3d3aac8b-d4d1-454d-bf0c-88a180692893:192.168.69.67:34429], old=null
2019-10-18 07:54:11,104 [4b487190-7547-40c7-b780-43c37a89e8eb@group-BAC069DAEF17-LeaderElection98] INFO  impl.RaftServerImpl (RaftServerImpl.java:setRole(184)) - 4b487190-7547-40c7-b780-43c37a89e8eb@group-BAC069DAEF17: changes role from CANDIDATE to FOLLOWER at term 93 for DISCOVERED_A_NEW_TERM
2019-10-18 07:54:11,104 [4b487190-7547-40c7-b780-43c37a89e8eb@group-BAC069DAEF17-LeaderElection98] INFO  impl.RoleInfo (RoleInfo.java:shutdownLeaderElection(134)) - 4b487190-7547-40c7-b780-43c37a89e8eb: shutdown LeaderElection
2019-10-18 07:54:11,104 [4b487190-7547-40c7-b780-43c37a89e8eb@group-BAC069DAEF17-LeaderElection98] INFO  impl.RoleInfo (RoleInfo.java:updateAndGet(143)) - 4b487190-7547-40c7-b780-43c37a89e8eb: start FollowerState
2019-10-18 07:54:11,189 [Thread-962] INFO  impl.FollowerState (FollowerState.java:run(108)) - 4b487190-7547-40c7-b780-43c37a89e8eb@group-BAC069DAEF17-FollowerState: change to CANDIDATE, lastRpcTime:85ms, electionTimeout:85ms
2019-10-18 07:54:11,190 [Thread-962] INFO  impl.RoleInfo (RoleInfo.java:shutdownFollowerState(121)) - 4b487190-7547-40c7-b780-43c37a89e8eb: shutdown FollowerState
2019-10-18 07:54:11,190 [Thread-962] INFO  impl.RaftServerImpl (RaftServerImpl.java:setRole(184)) - 4b487190-7547-40c7-b780-43c37a89e8eb@group-BAC069DAEF17: changes role from  FOLLOWER to CANDIDATE at term 93 for changeToCandidate
2019-10-18 07:54:11,190 [Thread-962] INFO  impl.RoleInfo (RoleInfo.java:updateAndGet(143)) - 4b487190-7547-40c7-b780-43c37a89e8eb: start LeaderElection
2019-10-18 07:54:11,203 [4b487190-7547-40c7-b780-43c37a89e8eb@group-BAC069DAEF17-LeaderElection99] INFO  impl.LeaderElection (LeaderElection.java:askForVotes(178)) - 4b487190-7547-40c7-b780-43c37a89e8eb@group-BAC069DAEF17-LeaderElection99: begin an election at term 94 for -1: [6fa005cd-25d6-4e29-bda6-9462a060c098:192.168.69.67:36093, 4b487190-7547-40c7-b780-43c37a89e8eb:192.168.69.67:39683, 3d3aac8b-d4d1-454d-bf0c-88a180692893:192.168.69.67:34429], old=null
2019-10-18 07:54:11,206 [grpc-default-executor-0] INFO  impl.RaftServerImpl (RaftServerImpl.java:setRole(184)) - 6fa005cd-25d6-4e29-bda6-9462a060c098@group-BAC069DAEF17: changes role from  FOLLOWER to FOLLOWER at term 94 for recognizeCandidate:4b487190-7547-40c7-b780-43c37a89e8eb
2019-10-18 07:54:11,206 [grpc-default-executor-3] INFO  impl.RaftServerImpl (RaftServerImpl.java:setRole(184)) - 3d3aac8b-d4d1-454d-bf0c-88a180692893@group-BAC069DAEF17: changes role from  FOLLOWER to FOLLOWER at term 94 for recognizeCandidate:4b487190-7547-40c7-b780-43c37a89e8eb
2019-10-18 07:54:11,206 [grpc-default-executor-0] INFO  impl.RoleInfo (RoleInfo.java:shutdownFollowerState(121)) - 6fa005cd-25d6-4e29-bda6-9462a060c098: shutdown FollowerState
2019-10-18 07:54:11,207 [grpc-default-executor-3] INFO  impl.RoleInfo (RoleInfo.java:shutdownFollowerState(121)) - 3d3aac8b-d4d1-454d-bf0c-88a180692893: shutdown FollowerState
2019-10-18 07:54:11,207 [Thread-961] INFO  impl.FollowerState (FollowerState.java:run(117)) - 6fa005cd-25d6-4e29-bda6-9462a060c098@group-BAC069DAEF17-FollowerState was interrupted: java.lang.InterruptedException: sleep interrupted
2019-10-18 07:54:11,207 [Thread-960] INFO  impl.FollowerState (FollowerState.java:run(117)) - 3d3aac8b-d4d1-454d-bf0c-88a180692893@group-BAC069DAEF17-FollowerState was interrupted: java.lang.InterruptedException: sleep interrupted
2019-10-18 07:54:11,207 [grpc-default-executor-0] INFO  impl.RoleInfo (RoleInfo.java:updateAndGet(143)) - 6fa005cd-25d6-4e29-bda6-9462a060c098: start FollowerState
2019-10-18 07:54:11,207 [grpc-default-executor-3] INFO  impl.RoleInfo (RoleInfo.java:updateAndGet(143)) - 3d3aac8b-d4d1-454d-bf0c-88a180692893: start FollowerState
2019-10-18 07:54:11,230 [4b487190-7547-40c7-b780-43c37a89e8eb@group-BAC069DAEF17-LeaderElection99] INFO  impl.LeaderElection (LeaderElection.java:logAndReturn(56)) - 4b487190-7547-40c7-b780-43c37a89e8eb@group-BAC069DAEF17-LeaderElection99: Election REJECTED; received 2 response(s) [4b487190-7547-40c7-b780-43c37a89e8eb<-6fa005cd-25d6-4e29-bda6-9462a060c098#0:FAIL-t94, 4b487190-7547-40c7-b780-43c37a89e8eb<-3d3aac8b-d4d1-454d-bf0c-88a180692893#0:FAIL-t94] and 0 exception(s); 4b487190-7547-40c7-b780-43c37a89e8eb@group-BAC069DAEF17:t94, leader=null, voted=4b487190-7547-40c7-b780-43c37a89e8eb, raftlog=4b487190-7547-40c7-b780-43c37a89e8eb@group-BAC069DAEF17-SegmentedRaftLog:OPENED:c-1,f-1,i0, conf=-1: [6fa005cd-25d6-4e29-bda6-9462a060c098:192.168.69.67:36093, 4b487190-7547-40c7-b780-43c37a89e8eb:192.168.69.67:39683, 3d3aac8b-d4d1-454d-bf0c-88a180692893:192.168.69.67:34429], old=null
2019-10-18 07:54:11,231 [4b487190-7547-40c7-b780-43c37a89e8eb@group-BAC069DAEF17-LeaderElection99] INFO  impl.RaftServerImpl (RaftServerImpl.java:setRole(184)) - 4b487190-7547-40c7-b780-43c37a89e8eb@group-BAC069DAEF17: changes role from CANDIDATE to FOLLOWER at term 94 for DISCOVERED_A_NEW_TERM
2019-10-18 07:54:11,231 [4b487190-7547-40c7-b780-43c37a89e8eb@group-BAC069DAEF17-LeaderElection99] INFO  impl.RoleInfo (RoleInfo.java:shutdownLeaderElection(134)) - 4b487190-7547-40c7-b780-43c37a89e8eb: shutdown LeaderElection
2019-10-18 07:54:11,231 [4b487190-7547-40c7-b780-43c37a89e8eb@group-BAC069DAEF17-LeaderElection99] INFO  impl.RoleInfo (RoleInfo.java:updateAndGet(143)) - 4b487190-7547-40c7-b780-43c37a89e8eb: start FollowerState
2019-10-18 07:54:11,395 [Thread-968] INFO  impl.FollowerState (FollowerState.java:run(108)) - 4b487190-7547-40c7-b780-43c37a89e8eb@group-BAC069DAEF17-FollowerState: change to CANDIDATE, lastRpcTime:164ms, electionTimeout:164ms
2019-10-18 07:54:11,396 [Thread-968] INFO  impl.RoleInfo (RoleInfo.java:shutdownFollowerState(121)) - 4b487190-7547-40c7-b780-43c37a89e8eb: shutdown FollowerState
2019-10-18 07:54:11,396 [Thread-968] INFO  impl.RaftServerImpl (RaftServerImpl.java:setRole(184)) - 4b487190-7547-40c7-b780-43c37a89e8eb@group-BAC069DAEF17: changes role from  FOLLOWER to CANDIDATE at term 94 for changeToCandidate
2019-10-18 07:54:11,396 [Thread-968] INFO  impl.RoleInfo (RoleInfo.java:updateAndGet(143)) - 4b487190-7547-40c7-b780-43c37a89e8eb: start LeaderElection
2019-10-18 07:54:11,422 [4b487190-7547-40c7-b780-43c37a89e8eb@group-BAC069DAEF17-LeaderElection100] INFO  impl.LeaderElection (LeaderElection.java:askForVotes(178)) - 4b487190-7547-40c7-b780-43c37a89e8eb@group-BAC069DAEF17-LeaderElection100: begin an election at term 95 for -1: [6fa005cd-25d6-4e29-bda6-9462a060c098:192.168.69.67:36093, 4b487190-7547-40c7-b780-43c37a89e8eb:192.168.69.67:39683, 3d3aac8b-d4d1-454d-bf0c-88a180692893:192.168.69.67:34429], old=null
2019-10-18 07:54:11,426 [grpc-default-executor-0] INFO  impl.RaftServerImpl (RaftServerImpl.java:setRole(184)) - 3d3aac8b-d4d1-454d-bf0c-88a180692893@group-BAC069DAEF17: changes role from  FOLLOWER to FOLLOWER at term 95 for recognizeCandidate:4b487190-7547-40c7-b780-43c37a89e8eb
2019-10-18 07:54:11,426 [grpc-default-executor-3] INFO  impl.RaftServerImpl (RaftServerImpl.java:setRole(184)) - 6fa005cd-25d6-4e29-bda6-9462a060c098@group-BAC069DAEF17: changes role from  FOLLOWER to FOLLOWER at term 95 for recognizeCandidate:4b487190-7547-40c7-b780-43c37a89e8eb
2019-10-18 07:54:11,426 [grpc-default-executor-0] INFO  impl.RoleInfo (RoleInfo.java:shutdownFollowerState(121)) - 3d3aac8b-d4d1-454d-bf0c-88a180692893: shutdown FollowerState
2019-10-18 07:54:11,426 [grpc-default-executor-3] INFO  impl.RoleInfo (RoleInfo.java:shutdownFollowerState(121)) - 6fa005cd-25d6-4e29-bda6-9462a060c098: shutdown FollowerState
2019-10-18 07:54:11,426 [Thread-967] INFO  impl.FollowerState (FollowerState.java:run(117)) - 3d3aac8b-d4d1-454d-bf0c-88a180692893@group-BAC069DAEF17-FollowerState was interrupted: java.lang.InterruptedException: sleep interrupted
2019-10-18 07:54:11,426 [grpc-default-executor-0] INFO  impl.RoleInfo (RoleInfo.java:updateAndGet(143)) - 3d3aac8b-d4d1-454d-bf0c-88a180692893: start FollowerState
2019-10-18 07:54:11,426 [Thread-966] INFO  impl.FollowerState (FollowerState.java:run(117)) - 6fa005cd-25d6-4e29-bda6-9462a060c098@group-BAC069DAEF17-FollowerState was interrupted: java.lang.InterruptedException: sleep interrupted
2019-10-18 07:54:11,426 [grpc-default-executor-3] INFO  impl.RoleInfo (RoleInfo.java:updateAndGet(143)) - 6fa005cd-25d6-4e29-bda6-9462a060c098: start FollowerState
2019-10-18 07:54:11,429 [4b487190-7547-40c7-b780-43c37a89e8eb@group-BAC069DAEF17-LeaderElection100] INFO  impl.LeaderElection (LeaderElection.java:logAndReturn(56)) - 4b487190-7547-40c7-b780-43c37a89e8eb@group-BAC069DAEF17-LeaderElection100: Election TIMEOUT; received 0 response(s) [] and 0 exception(s); 4b487190-7547-40c7-b780-43c37a89e8eb@group-BAC069DAEF17:t95, leader=null, voted=4b487190-7547-40c7-b780-43c37a89e8eb, raftlog=4b487190-7547-40c7-b780-43c37a89e8eb@group-BAC069DAEF17-SegmentedRaftLog:OPENED:c-1,f-1,i0, conf=-1: [6fa005cd-25d6-4e29-bda6-9462a060c098:192.168.69.67:36093, 4b487190-7547-40c7-b780-43c37a89e8eb:192.168.69.67:39683, 3d3aac8b-d4d1-454d-bf0c-88a180692893:192.168.69.67:34429], old=null
2019-10-18 07:54:11,452 [4b487190-7547-40c7-b780-43c37a89e8eb@group-BAC069DAEF17-LeaderElection100] INFO  impl.LeaderElection (LeaderElection.java:askForVotes(178)) - 4b487190-7547-40c7-b780-43c37a89e8eb@group-BAC069DAEF17-LeaderElection100: begin an election at term 96 for -1: [6fa005cd-25d6-4e29-bda6-9462a060c098:192.168.69.67:36093, 4b487190-7547-40c7-b780-43c37a89e8eb:192.168.69.67:39683, 3d3aac8b-d4d1-454d-bf0c-88a180692893:192.168.69.67:34429], old=null
2019-10-18 07:54:11,454 [grpc-default-executor-3] INFO  impl.RaftServerImpl (RaftServerImpl.java:setRole(184)) - 6fa005cd-25d6-4e29-bda6-9462a060c098@group-BAC069DAEF17: changes role from  FOLLOWER to FOLLOWER at term 96 for recognizeCandidate:4b487190-7547-40c7-b780-43c37a89e8eb
2019-10-18 07:54:11,454 [grpc-default-executor-3] INFO  impl.RoleInfo (RoleInfo.java:shutdownFollowerState(121)) - 6fa005cd-25d6-4e29-bda6-9462a060c098: shutdown FollowerState
2019-10-18 07:54:11,455 [grpc-default-executor-3] INFO  impl.RoleInfo (RoleInfo.java:updateAndGet(143)) - 6fa005cd-25d6-4e29-bda6-9462a060c098: start FollowerState
2019-10-18 07:54:11,455 [Thread-973] INFO  impl.FollowerState (FollowerState.java:run(117)) - 6fa005cd-25d6-4e29-bda6-9462a060c098@group-BAC069DAEF17-FollowerState was interrupted: java.lang.InterruptedException: sleep interrupted
2019-10-18 07:54:11,455 [grpc-default-executor-0] INFO  impl.RaftServerImpl (RaftServerImpl.java:setRole(184)) - 3d3aac8b-d4d1-454d-bf0c-88a180692893@group-BAC069DAEF17: changes role from  FOLLOWER to FOLLOWER at term 96 for recognizeCandidate:4b487190-7547-40c7-b780-43c37a89e8eb
2019-10-18 07:54:11,455 [grpc-default-executor-0] INFO  impl.RoleInfo (RoleInfo.java:shutdownFollowerState(121)) - 3d3aac8b-d4d1-454d-bf0c-88a180692893: shutdown FollowerState
2019-10-18 07:54:11,455 [grpc-default-executor-0] INFO  impl.RoleInfo (RoleInfo.java:updateAndGet(143)) - 3d3aac8b-d4d1-454d-bf0c-88a180692893: start FollowerState
2019-10-18 07:54:11,455 [Thread-972] INFO  impl.FollowerState (FollowerState.java:run(117)) - 3d3aac8b-d4d1-454d-bf0c-88a180692893@group-BAC069DAEF17-FollowerState was interrupted: java.lang.InterruptedException: sleep interrupted
2019-10-18 07:54:11,469 [4b487190-7547-40c7-b780-43c37a89e8eb@group-BAC069DAEF17-LeaderElection100] INFO  impl.LeaderElection (LeaderElection.java:logAndReturn(56)) - 4b487190-7547-40c7-b780-43c37a89e8eb@group-BAC069DAEF17-LeaderElection100: Election REJECTED; received 2 response(s) [4b487190-7547-40c7-b780-43c37a89e8eb<-6fa005cd-25d6-4e29-bda6-9462a060c098#0:FAIL-t96, 4b487190-7547-40c7-b780-43c37a89e8eb<-3d3aac8b-d4d1-454d-bf0c-88a180692893#0:FAIL-t96] and 0 exception(s); 4b487190-7547-40c7-b780-43c37a89e8eb@group-BAC069DAEF17:t96, leader=null, voted=4b487190-7547-40c7-b780-43c37a89e8eb, raftlog=4b487190-7547-40c7-b780-43c37a89e8eb@group-BAC069DAEF17-SegmentedRaftLog:OPENED:c-1,f-1,i0, conf=-1: [6fa005cd-25d6-4e29-bda6-9462a060c098:192.168.69.67:36093, 4b487190-7547-40c7-b780-43c37a89e8eb:192.168.69.67:39683, 3d3aac8b-d4d1-454d-bf0c-88a180692893:192.168.69.67:34429], old=null
2019-10-18 07:54:11,469 [4b487190-7547-40c7-b780-43c37a89e8eb@group-BAC069DAEF17-LeaderElection100] INFO  impl.RaftServerImpl (RaftServerImpl.java:setRole(184)) - 4b487190-7547-40c7-b780-43c37a89e8eb@group-BAC069DAEF17: changes role from CANDIDATE to FOLLOWER at term 96 for DISCOVERED_A_NEW_TERM
2019-10-18 07:54:11,469 [4b487190-7547-40c7-b780-43c37a89e8eb@group-BAC069DAEF17-LeaderElection100] INFO  impl.RoleInfo (RoleInfo.java:shutdownLeaderElection(134)) - 4b487190-7547-40c7-b780-43c37a89e8eb: shutdown LeaderElection
2019-10-18 07:54:11,469 [4b487190-7547-40c7-b780-43c37a89e8eb@group-BAC069DAEF17-LeaderElection100] INFO  impl.RoleInfo (RoleInfo.java:updateAndGet(143)) - 4b487190-7547-40c7-b780-43c37a89e8eb: start FollowerState
2019-10-18 07:54:11,503 [Thread-978] INFO  impl.FollowerState (FollowerState.java:run(108)) - 4b487190-7547-40c7-b780-43c37a89e8eb@group-BAC069DAEF17-FollowerState: change to CANDIDATE, lastRpcTime:33ms, electionTimeout:33ms
2019-10-18 07:54:11,503 [Thread-978] INFO  impl.RoleInfo (RoleInfo.java:shutdownFollowerState(121)) - 4b487190-7547-40c7-b780-43c37a89e8eb: shutdown FollowerState
2019-10-18 07:54:11,503 [Thread-978] INFO  impl.RaftServerImpl (RaftServerImpl.java:setRole(184)) - 4b487190-7547-40c7-b780-43c37a89e8eb@group-BAC069DAEF17: changes role from  FOLLOWER to CANDIDATE at term 96 for changeToCandidate
2019-10-18 07:54:11,503 [Thread-978] INFO  impl.RoleInfo (RoleInfo.java:updateAndGet(143)) - 4b487190-7547-40c7-b780-43c37a89e8eb: start LeaderElection
2019-10-18 07:54:11,516 [4b487190-7547-40c7-b780-43c37a89e8eb@group-BAC069DAEF17-LeaderElection101] INFO  impl.LeaderElection (LeaderElection.java:askForVotes(178)) - 4b487190-7547-40c7-b780-43c37a89e8eb@group-BAC069DAEF17-LeaderElection101: begin an election at term 97 for -1: [6fa005cd-25d6-4e29-bda6-9462a060c098:192.168.69.67:36093, 4b487190-7547-40c7-b780-43c37a89e8eb:192.168.69.67:39683, 3d3aac8b-d4d1-454d-bf0c-88a180692893:192.168.69.67:34429], old=null
2019-10-18 07:54:11,519 [grpc-default-executor-0] INFO  impl.RaftServerImpl (RaftServerImpl.java:setRole(184)) - 3d3aac8b-d4d1-454d-bf0c-88a180692893@group-BAC069DAEF17: changes role from  FOLLOWER to FOLLOWER at term 97 for recognizeCandidate:4b487190-7547-40c7-b780-43c37a89e8eb
2019-10-18 07:54:11,519 [grpc-default-executor-3] INFO  impl.RaftServerImpl (RaftServerImpl.java:setRole(184)) - 6fa005cd-25d6-4e29-bda6-9462a060c098@group-BAC069DAEF17: changes role from  FOLLOWER to FOLLOWER at term 97 for recognizeCandidate:4b487190-7547-40c7-b780-43c37a89e8eb
2019-10-18 07:54:11,519 [grpc-default-executor-0] INFO  impl.RoleInfo (RoleInfo.java:shutdownFollowerState(121)) - 3d3aac8b-d4d1-454d-bf0c-88a180692893: shutdown FollowerState
2019-10-18 07:54:11,519 [grpc-default-executor-3] INFO  impl.RoleInfo (RoleInfo.java:shutdownFollowerState(121)) - 6fa005cd-25d6-4e29-bda6-9462a060c098: shutdown FollowerState
2019-10-18 07:54:11,519 [Thread-977] INFO  impl.FollowerState (FollowerState.java:run(117)) - 3d3aac8b-d4d1-454d-bf0c-88a180692893@group-BAC069DAEF17-FollowerState was interrupted: java.lang.InterruptedException: sleep interrupted
2019-10-18 07:54:11,519 [grpc-default-executor-0] INFO  impl.RoleInfo (RoleInfo.java:updateAndGet(143)) - 3d3aac8b-d4d1-454d-bf0c-88a180692893: start FollowerState
2019-10-18 07:54:11,519 [Thread-976] INFO  impl.FollowerState (FollowerState.java:run(117)) - 6fa005cd-25d6-4e29-bda6-9462a060c098@group-BAC069DAEF17-FollowerState was interrupted: java.lang.InterruptedException: sleep interrupted
2019-10-18 07:54:11,519 [grpc-default-executor-3] INFO  impl.RoleInfo (RoleInfo.java:updateAndGet(143)) - 6fa005cd-25d6-4e29-bda6-9462a060c098: start FollowerState
2019-10-18 07:54:11,520 [4b487190-7547-40c7-b780-43c37a89e8eb@group-BAC069DAEF17-LeaderElection101] INFO  impl.LeaderElection (LeaderElection.java:logAndReturn(56)) - 4b487190-7547-40c7-b780-43c37a89e8eb@group-BAC069DAEF17-LeaderElection101: Election TIMEOUT; received 0 response(s) [] and 0 exception(s); 4b487190-7547-40c7-b780-43c37a89e8eb@group-BAC069DAEF17:t97, leader=null, voted=4b487190-7547-40c7-b780-43c37a89e8eb, raftlog=4b487190-7547-40c7-b780-43c37a89e8eb@group-BAC069DAEF17-SegmentedRaftLog:OPENED:c-1,f-1,i0, conf=-1: [6fa005cd-25d6-4e29-bda6-9462a060c098:192.168.69.67:36093, 4b487190-7547-40c7-b780-43c37a89e8eb:192.168.69.67:39683, 3d3aac8b-d4d1-454d-bf0c-88a180692893:192.168.69.67:34429], old=null
2019-10-18 07:54:11,532 [4b487190-7547-40c7-b780-43c37a89e8eb@group-BAC069DAEF17-LeaderElection101] INFO  impl.LeaderElection (LeaderElection.java:askForVotes(178)) - 4b487190-7547-40c7-b780-43c37a89e8eb@group-BAC069DAEF17-LeaderElection101: begin an election at term 98 for -1: [6fa005cd-25d6-4e29-bda6-9462a060c098:192.168.69.67:36093, 4b487190-7547-40c7-b780-43c37a89e8eb:192.168.69.67:39683, 3d3aac8b-d4d1-454d-bf0c-88a180692893:192.168.69.67:34429], old=null
2019-10-18 07:54:11,534 [grpc-default-executor-0] INFO  impl.RaftServerImpl (RaftServerImpl.java:setRole(184)) - 6fa005cd-25d6-4e29-bda6-9462a060c098@group-BAC069DAEF17: changes role from  FOLLOWER to FOLLOWER at term 98 for recognizeCandidate:4b487190-7547-40c7-b780-43c37a89e8eb
2019-10-18 07:54:11,534 [grpc-default-executor-0] INFO  impl.RoleInfo (RoleInfo.java:shutdownFollowerState(121)) - 6fa005cd-25d6-4e29-bda6-9462a060c098: shutdown FollowerState
2019-10-18 07:54:11,534 [grpc-default-executor-0] INFO  impl.RoleInfo (RoleInfo.java:updateAndGet(143)) - 6fa005cd-25d6-4e29-bda6-9462a060c098: start FollowerState
2019-10-18 07:54:11,534 [Thread-983] INFO  impl.FollowerState (FollowerState.java:run(117)) - 6fa005cd-25d6-4e29-bda6-9462a060c098@group-BAC069DAEF17-FollowerState was interrupted: java.lang.InterruptedException: sleep interrupted
2019-10-18 07:54:11,534 [grpc-default-executor-3] INFO  impl.RaftServerImpl (RaftServerImpl.java:setRole(184)) - 3d3aac8b-d4d1-454d-bf0c-88a180692893@group-BAC069DAEF17: changes role from  FOLLOWER to FOLLOWER at term 98 for recognizeCandidate:4b487190-7547-40c7-b780-43c37a89e8eb
2019-10-18 07:54:11,535 [grpc-default-executor-3] INFO  impl.RoleInfo (RoleInfo.java:shutdownFollowerState(121)) - 3d3aac8b-d4d1-454d-bf0c-88a180692893: shutdown FollowerState
2019-10-18 07:54:11,535 [grpc-default-executor-3] INFO  impl.RoleInfo (RoleInfo.java:updateAndGet(143)) - 3d3aac8b-d4d1-454d-bf0c-88a180692893: start FollowerState
2019-10-18 07:54:11,535 [Thread-982] INFO  impl.FollowerState (FollowerState.java:run(117)) - 3d3aac8b-d4d1-454d-bf0c-88a180692893@group-BAC069DAEF17-FollowerState was interrupted: java.lang.InterruptedException: sleep interrupted
2019-10-18 07:54:11,543 [4b487190-7547-40c7-b780-43c37a89e8eb@group-BAC069DAEF17-LeaderElection101] INFO  impl.LeaderElection (LeaderElection.java:logAndReturn(56)) - 4b487190-7547-40c7-b780-43c37a89e8eb@group-BAC069DAEF17-LeaderElection101: Election REJECTED; received 2 response(s) [4b487190-7547-40c7-b780-43c37a89e8eb<-6fa005cd-25d6-4e29-bda6-9462a060c098#0:FAIL-t98, 4b487190-7547-40c7-b780-43c37a89e8eb<-3d3aac8b-d4d1-454d-bf0c-88a180692893#0:FAIL-t98] and 0 exception(s); 4b487190-7547-40c7-b780-43c37a89e8eb@group-BAC069DAEF17:t98, leader=null, voted=4b487190-7547-40c7-b780-43c37a89e8eb, raftlog=4b487190-7547-40c7-b780-43c37a89e8eb@group-BAC069DAEF17-SegmentedRaftLog:OPENED:c-1,f-1,i0, conf=-1: [6fa005cd-25d6-4e29-bda6-9462a060c098:192.168.69.67:36093, 4b487190-7547-40c7-b780-43c37a89e8eb:192.168.69.67:39683, 3d3aac8b-d4d1-454d-bf0c-88a180692893:192.168.69.67:34429], old=null
2019-10-18 07:54:11,543 [4b487190-7547-40c7-b780-43c37a89e8eb@group-BAC069DAEF17-LeaderElection101] INFO  impl.RaftServerImpl (RaftServerImpl.java:setRole(184)) - 4b487190-7547-40c7-b780-43c37a89e8eb@group-BAC069DAEF17: changes role from CANDIDATE to FOLLOWER at term 98 for DISCOVERED_A_NEW_TERM
2019-10-18 07:54:11,543 [4b487190-7547-40c7-b780-43c37a89e8eb@group-BAC069DAEF17-LeaderElection101] INFO  impl.RoleInfo (RoleInfo.java:shutdownLeaderElection(134)) - 4b487190-7547-40c7-b780-43c37a89e8eb: shutdown LeaderElection
2019-10-18 07:54:11,543 [4b487190-7547-40c7-b780-43c37a89e8eb@group-BAC069DAEF17-LeaderElection101] INFO  impl.RoleInfo (RoleInfo.java:updateAndGet(143)) - 4b487190-7547-40c7-b780-43c37a89e8eb: start FollowerState
2019-10-18 07:54:11,643 [Thread-988] INFO  impl.FollowerState (FollowerState.java:run(108)) - 4b487190-7547-40c7-b780-43c37a89e8eb@group-BAC069DAEF17-FollowerState: change to CANDIDATE, lastRpcTime:99ms, electionTimeout:99ms
2019-10-18 07:54:11,643 [Thread-988] INFO  impl.RoleInfo (RoleInfo.java:shutdownFollowerState(121)) - 4b487190-7547-40c7-b780-43c37a89e8eb: shutdown FollowerState
2019-10-18 07:54:11,643 [Thread-988] INFO  impl.RaftServerImpl (RaftServerImpl.java:setRole(184)) - 4b487190-7547-40c7-b780-43c37a89e8eb@group-BAC069DAEF17: changes role from  FOLLOWER to CANDIDATE at term 98 for changeToCandidate
2019-10-18 07:54:11,643 [Thread-988] INFO  impl.RoleInfo (RoleInfo.java:updateAndGet(143)) - 4b487190-7547-40c7-b780-43c37a89e8eb: start LeaderElection
2019-10-18 07:54:11,658 [4b487190-7547-40c7-b780-43c37a89e8eb@group-BAC069DAEF17-LeaderElection102] INFO  impl.LeaderElection (LeaderElection.java:askForVotes(178)) - 4b487190-7547-40c7-b780-43c37a89e8eb@group-BAC069DAEF17-LeaderElection102: begin an election at term 99 for -1: [6fa005cd-25d6-4e29-bda6-9462a060c098:192.168.69.67:36093, 4b487190-7547-40c7-b780-43c37a89e8eb:192.168.69.67:39683, 3d3aac8b-d4d1-454d-bf0c-88a180692893:192.168.69.67:34429], old=null
2019-10-18 07:54:11,662 [grpc-default-executor-3] INFO  impl.RaftServerImpl (RaftServerImpl.java:setRole(184)) - 3d3aac8b-d4d1-454d-bf0c-88a180692893@group-BAC069DAEF17: changes role from  FOLLOWER to FOLLOWER at term 99 for recognizeCandidate:4b487190-7547-40c7-b780-43c37a89e8eb
2019-10-18 07:54:11,662 [grpc-default-executor-0] INFO  impl.RaftServerImpl (RaftServerImpl.java:setRole(184)) - 6fa005cd-25d6-4e29-bda6-9462a060c098@group-BAC069DAEF17: changes role from  FOLLOWER to FOLLOWER at term 99 for recognizeCandidate:4b487190-7547-40c7-b780-43c37a89e8eb
2019-10-18 07:54:11,662 [grpc-default-executor-3] INFO  impl.RoleInfo (RoleInfo.java:shutdownFollowerState(121)) - 3d3aac8b-d4d1-454d-bf0c-88a180692893: shutdown FollowerState
2019-10-18 07:54:11,663 [grpc-default-executor-0] INFO  impl.RoleInfo (RoleInfo.java:shutdownFollowerState(121)) - 6fa005cd-25d6-4e29-bda6-9462a060c098: shutdown FollowerState
2019-10-18 07:54:11,663 [Thread-987] INFO  impl.FollowerState (FollowerState.java:run(117)) - 3d3aac8b-d4d1-454d-bf0c-88a180692893@group-BAC069DAEF17-FollowerState was interrupted: java.lang.InterruptedException: sleep interrupted
2019-10-18 07:54:11,663 [grpc-default-executor-3] INFO  impl.RoleInfo (RoleInfo.java:updateAndGet(143)) - 3d3aac8b-d4d1-454d-bf0c-88a180692893: start FollowerState
2019-10-18 07:54:11,663 [Thread-986] INFO  impl.FollowerState (FollowerState.java:run(117)) - 6fa005cd-25d6-4e29-bda6-9462a060c098@group-BAC069DAEF17-FollowerState was interrupted: java.lang.InterruptedException: sleep interrupted
2019-10-18 07:54:11,663 [grpc-default-executor-0] INFO  impl.RoleInfo (RoleInfo.java:updateAndGet(143)) - 6fa005cd-25d6-4e29-bda6-9462a060c098: start FollowerState
2019-10-18 07:54:11,677 [4b487190-7547-40c7-b780-43c37a89e8eb@group-BAC069DAEF17-LeaderElection102] INFO  impl.LeaderElection (LeaderElection.java:logAndReturn(56)) - 4b487190-7547-40c7-b780-43c37a89e8eb@group-BAC069DAEF17-LeaderElection102: Election REJECTED; received 2 response(s) [4b487190-7547-40c7-b780-43c37a89e8eb<-6fa005cd-25d6-4e29-bda6-9462a060c098#0:FAIL-t99, 4b487190-7547-40c7-b780-43c37a89e8eb<-3d3aac8b-d4d1-454d-bf0c-88a180692893#0:FAIL-t99] and 0 exception(s); 4b487190-7547-40c7-b780-43c37a89e8eb@group-BAC069DAEF17:t99, leader=null, voted=4b487190-7547-40c7-b780-43c37a89e8eb, raftlog=4b487190-7547-40c7-b780-43c37a89e8eb@group-BAC069DAEF17-SegmentedRaftLog:OPENED:c-1,f-1,i0, conf=-1: [6fa005cd-25d6-4e29-bda6-9462a060c098:192.168.69.67:36093, 4b487190-7547-40c7-b780-43c37a89e8eb:192.168.69.67:39683, 3d3aac8b-d4d1-454d-bf0c-88a180692893:192.168.69.67:34429], old=null
2019-10-18 07:54:11,678 [4b487190-7547-40c7-b780-43c37a89e8eb@group-BAC069DAEF17-LeaderElection102] INFO  impl.RaftServerImpl (RaftServerImpl.java:setRole(184)) - 4b487190-7547-40c7-b780-43c37a89e8eb@group-BAC069DAEF17: changes role from CANDIDATE to FOLLOWER at term 99 for DISCOVERED_A_NEW_TERM
2019-10-18 07:54:11,678 [4b487190-7547-40c7-b780-43c37a89e8eb@group-BAC069DAEF17-LeaderElection102] INFO  impl.RoleInfo (RoleInfo.java:shutdownLeaderElection(134)) - 4b487190-7547-40c7-b780-43c37a89e8eb: shutdown LeaderElection
2019-10-18 07:54:11,678 [4b487190-7547-40c7-b780-43c37a89e8eb@group-BAC069DAEF17-LeaderElection102] INFO  impl.RoleInfo (RoleInfo.java:updateAndGet(143)) - 4b487190-7547-40c7-b780-43c37a89e8eb: start FollowerState
2019-10-18 07:54:11,830 [Thread-994] INFO  impl.FollowerState (FollowerState.java:run(108)) - 4b487190-7547-40c7-b780-43c37a89e8eb@group-BAC069DAEF17-FollowerState: change to CANDIDATE, lastRpcTime:152ms, electionTimeout:152ms
2019-10-18 07:54:11,830 [Thread-994] INFO  impl.RoleInfo (RoleInfo.java:shutdownFollowerState(121)) - 4b487190-7547-40c7-b780-43c37a89e8eb: shutdown FollowerState
2019-10-18 07:54:11,831 [Thread-994] INFO  impl.RaftServerImpl (RaftServerImpl.java:setRole(184)) - 4b487190-7547-40c7-b780-43c37a89e8eb@group-BAC069DAEF17: changes role from  FOLLOWER to CANDIDATE at term 99 for changeToCandidate
2019-10-18 07:54:11,831 [Thread-994] INFO  impl.RoleInfo (RoleInfo.java:updateAndGet(143)) - 4b487190-7547-40c7-b780-43c37a89e8eb: start LeaderElection
2019-10-18 07:54:11,859 [4b487190-7547-40c7-b780-43c37a89e8eb@group-BAC069DAEF17-LeaderElection103] INFO  impl.LeaderElection (LeaderElection.java:askForVotes(178)) - 4b487190-7547-40c7-b780-43c37a89e8eb@group-BAC069DAEF17-LeaderElection103: begin an election at term 100 for -1: [6fa005cd-25d6-4e29-bda6-9462a060c098:192.168.69.67:36093, 4b487190-7547-40c7-b780-43c37a89e8eb:192.168.69.67:39683, 3d3aac8b-d4d1-454d-bf0c-88a180692893:192.168.69.67:34429], old=null
2019-10-18 07:54:11,862 [grpc-default-executor-0] INFO  impl.RaftServerImpl (RaftServerImpl.java:setRole(184)) - 3d3aac8b-d4d1-454d-bf0c-88a180692893@group-BAC069DAEF17: changes role from  FOLLOWER to FOLLOWER at term 100 for recognizeCandidate:4b487190-7547-40c7-b780-43c37a89e8eb
2019-10-18 07:54:11,862 [grpc-default-executor-3] INFO  impl.RaftServerImpl (RaftServerImpl.java:setRole(184)) - 6fa005cd-25d6-4e29-bda6-9462a060c098@group-BAC069DAEF17: changes role from  FOLLOWER to FOLLOWER at term 100 for recognizeCandidate:4b487190-7547-40c7-b780-43c37a89e8eb
2019-10-18 07:54:11,863 [grpc-default-executor-0] INFO  impl.RoleInfo (RoleInfo.java:shutdownFollowerState(121)) - 3d3aac8b-d4d1-454d-bf0c-88a180692893: shutdown FollowerState
2019-10-18 07:54:11,863 [grpc-default-executor-3] INFO  impl.RoleInfo (RoleInfo.java:shutdownFollowerState(121)) - 6fa005cd-25d6-4e29-bda6-9462a060c098: shutdown FollowerState
2019-10-18 07:54:11,863 [Thread-992] INFO  impl.FollowerState (FollowerState.java:run(117)) - 3d3aac8b-d4d1-454d-bf0c-88a180692893@group-BAC069DAEF17-FollowerState was interrupted: java.lang.InterruptedException: sleep interrupted
2019-10-18 07:54:11,863 [grpc-default-executor-0] INFO  impl.RoleInfo (RoleInfo.java:updateAndGet(143)) - 3d3aac8b-d4d1-454d-bf0c-88a180692893: start FollowerState
2019-10-18 07:54:11,863 [grpc-default-executor-3] INFO  impl.RoleInfo (RoleInfo.java:updateAndGet(143)) - 6fa005cd-25d6-4e29-bda6-9462a060c098: start FollowerState
2019-10-18 07:54:11,863 [Thread-993] INFO  impl.FollowerState (FollowerState.java:run(117)) - 6fa005cd-25d6-4e29-bda6-9462a060c098@group-BAC069DAEF17-FollowerState was interrupted: java.lang.InterruptedException: sleep interrupted
2019-10-18 07:54:11,880 [4b487190-7547-40c7-b780-43c37a89e8eb@group-BAC069DAEF17-LeaderElection103] INFO  impl.LeaderElection (LeaderElection.java:logAndReturn(56)) - 4b487190-7547-40c7-b780-43c37a89e8eb@group-BAC069DAEF17-LeaderElection103: Election REJECTED; received 2 response(s) [4b487190-7547-40c7-b780-43c37a89e8eb<-6fa005cd-25d6-4e29-bda6-9462a060c098#0:FAIL-t100, 4b487190-7547-40c7-b780-43c37a89e8eb<-3d3aac8b-d4d1-454d-bf0c-88a180692893#0:FAIL-t100] and 0 exception(s); 4b487190-7547-40c7-b780-43c37a89e8eb@group-BAC069DAEF17:t100, leader=null, voted=4b487190-7547-40c7-b780-43c37a89e8eb, raftlog=4b487190-7547-40c7-b780-43c37a89e8eb@group-BAC069DAEF17-SegmentedRaftLog:OPENED:c-1,f-1,i0, conf=-1: [6fa005cd-25d6-4e29-bda6-9462a060c098:192.168.69.67:36093, 4b487190-7547-40c7-b780-43c37a89e8eb:192.168.69.67:39683, 3d3aac8b-d4d1-454d-bf0c-88a180692893:192.168.69.67:34429], old=null
2019-10-18 07:54:11,880 [4b487190-7547-40c7-b780-43c37a89e8eb@group-BAC069DAEF17-LeaderElection103] INFO  impl.RaftServerImpl (RaftServerImpl.java:setRole(184)) - 4b487190-7547-40c7-b780-43c37a89e8eb@group-BAC069DAEF17: changes role from CANDIDATE to FOLLOWER at term 100 for DISCOVERED_A_NEW_TERM
2019-10-18 07:54:11,880 [4b487190-7547-40c7-b780-43c37a89e8eb@group-BAC069DAEF17-LeaderElection103] INFO  impl.RoleInfo (RoleInfo.java:shutdownLeaderElection(134)) - 4b487190-7547-40c7-b780-43c37a89e8eb: shutdown LeaderElection
2019-10-18 07:54:11,881 [4b487190-7547-40c7-b780-43c37a89e8eb@group-BAC069DAEF17-LeaderElection103] INFO  impl.RoleInfo (RoleInfo.java:updateAndGet(143)) - 4b487190-7547-40c7-b780-43c37a89e8eb: start FollowerState
2019-10-18 07:54:11,896 [Thread-1000] INFO  impl.FollowerState (FollowerState.java:run(108)) - 4b487190-7547-40c7-b780-43c37a89e8eb@group-BAC069DAEF17-FollowerState: change to CANDIDATE, lastRpcTime:15ms, electionTimeout:15ms
2019-10-18 07:54:11,896 [Thread-1000] INFO  impl.RoleInfo (RoleInfo.java:shutdownFollowerState(121)) - 4b487190-7547-40c7-b780-43c37a89e8eb: shutdown FollowerState
2019-10-18 07:54:11,897 [Thread-1000] INFO  impl.RaftServerImpl (RaftServerImpl.java:setRole(184)) - 4b487190-7547-40c7-b780-43c37a89e8eb@group-BAC069DAEF17: changes role from  FOLLOWER to CANDIDATE at term 100 for changeToCandidate
2019-10-18 07:54:11,897 [Thread-1000] INFO  impl.RoleInfo (RoleInfo.java:updateAndGet(143)) - 4b487190-7547-40c7-b780-43c37a89e8eb: start LeaderElection
2019-10-18 07:54:11,911 [4b487190-7547-40c7-b780-43c37a89e8eb@group-BAC069DAEF17-LeaderElection104] INFO  impl.LeaderElection (LeaderElection.java:askForVotes(178)) - 4b487190-7547-40c7-b780-43c37a89e8eb@group-BAC069DAEF17-LeaderElection104: begin an election at term 101 for -1: [6fa005cd-25d6-4e29-bda6-9462a060c098:192.168.69.67:36093, 4b487190-7547-40c7-b780-43c37a89e8eb:192.168.69.67:39683, 3d3aac8b-d4d1-454d-bf0c-88a180692893:192.168.69.67:34429], old=null
2019-10-18 07:54:11,914 [grpc-default-executor-3] INFO  impl.RaftServerImpl (RaftServerImpl.java:setRole(184)) - 6fa005cd-25d6-4e29-bda6-9462a060c098@group-BAC069DAEF17: changes role from  FOLLOWER to FOLLOWER at term 101 for recognizeCandidate:4b487190-7547-40c7-b780-43c37a89e8eb
2019-10-18 07:54:11,914 [grpc-default-executor-0] INFO  impl.RaftServerImpl (RaftServerImpl.java:setRole(184)) - 3d3aac8b-d4d1-454d-bf0c-88a180692893@group-BAC069DAEF17: changes role from  FOLLOWER to FOLLOWER at term 101 for recognizeCandidate:4b487190-7547-40c7-b780-43c37a89e8eb
2019-10-18 07:54:11,914 [grpc-default-executor-3] INFO  impl.RoleInfo (RoleInfo.java:shutdownFollowerState(121)) - 6fa005cd-25d6-4e29-bda6-9462a060c098: shutdown FollowerState
2019-10-18 07:54:11,914 [grpc-default-executor-0] INFO  impl.RoleInfo (RoleInfo.java:shutdownFollowerState(121)) - 3d3aac8b-d4d1-454d-bf0c-88a180692893: shutdown FollowerState
2019-10-18 07:54:11,914 [Thread-999] INFO  impl.FollowerState (FollowerState.java:run(117)) - 6fa005cd-25d6-4e29-bda6-9462a060c098@group-BAC069DAEF17-FollowerState was interrupted: java.lang.InterruptedException: sleep interrupted
2019-10-18 07:54:11,914 [grpc-default-executor-3] INFO  impl.RoleInfo (RoleInfo.java:updateAndGet(143)) - 6fa005cd-25d6-4e29-bda6-9462a060c098: start FollowerState
2019-10-18 07:54:11,915 [Thread-998] INFO  impl.FollowerState (FollowerState.java:run(117)) - 3d3aac8b-d4d1-454d-bf0c-88a180692893@group-BAC069DAEF17-FollowerState was interrupted: java.lang.InterruptedException: sleep interrupted
2019-10-18 07:54:11,915 [grpc-default-executor-0] INFO  impl.RoleInfo (RoleInfo.java:updateAndGet(143)) - 3d3aac8b-d4d1-454d-bf0c-88a180692893: start FollowerState
2019-10-18 07:54:11,929 [4b487190-7547-40c7-b780-43c37a89e8eb@group-BAC069DAEF17-LeaderElection104] INFO  impl.LeaderElection (LeaderElection.java:logAndReturn(56)) - 4b487190-7547-40c7-b780-43c37a89e8eb@group-BAC069DAEF17-LeaderElection104: Election REJECTED; received 2 response(s) [4b487190-7547-40c7-b780-43c37a89e8eb<-6fa005cd-25d6-4e29-bda6-9462a060c098#0:FAIL-t101, 4b487190-7547-40c7-b780-43c37a89e8eb<-3d3aac8b-d4d1-454d-bf0c-88a180692893#0:FAIL-t101] and 0 exception(s); 4b487190-7547-40c7-b780-43c37a89e8eb@group-BAC069DAEF17:t101, leader=null, voted=4b487190-7547-40c7-b780-43c37a89e8eb, raftlog=4b487190-7547-40c7-b780-43c37a89e8eb@group-BAC069DAEF17-SegmentedRaftLog:OPENED:c-1,f-1,i0, conf=-1: [6fa005cd-25d6-4e29-bda6-9462a060c098:192.168.69.67:36093, 4b487190-7547-40c7-b780-43c37a89e8eb:192.168.69.67:39683, 3d3aac8b-d4d1-454d-bf0c-88a180692893:192.168.69.67:34429], old=null
2019-10-18 07:54:11,929 [4b487190-7547-40c7-b780-43c37a89e8eb@group-BAC069DAEF17-LeaderElection104] INFO  impl.RaftServerImpl (RaftServerImpl.java:setRole(184)) - 4b487190-7547-40c7-b780-43c37a89e8eb@group-BAC069DAEF17: changes role from CANDIDATE to FOLLOWER at term 101 for DISCOVERED_A_NEW_TERM
2019-10-18 07:54:11,929 [4b487190-7547-40c7-b780-43c37a89e8eb@group-BAC069DAEF17-LeaderElection104] INFO  impl.RoleInfo (RoleInfo.java:shutdownLeaderElection(134)) - 4b487190-7547-40c7-b780-43c37a89e8eb: shutdown LeaderElection
2019-10-18 07:54:11,929 [4b487190-7547-40c7-b780-43c37a89e8eb@group-BAC069DAEF17-LeaderElection104] INFO  impl.RoleInfo (RoleInfo.java:updateAndGet(143)) - 4b487190-7547-40c7-b780-43c37a89e8eb: start FollowerState
2019-10-18 07:54:12,029 [Thread-1006] INFO  impl.FollowerState (FollowerState.java:run(108)) - 4b487190-7547-40c7-b780-43c37a89e8eb@group-BAC069DAEF17-FollowerState: change to CANDIDATE, lastRpcTime:99ms, electionTimeout:99ms
2019-10-18 07:54:12,029 [Thread-1006] INFO  impl.RoleInfo (RoleInfo.java:shutdownFollowerState(121)) - 4b487190-7547-40c7-b780-43c37a89e8eb: shutdown FollowerState
2019-10-18 07:54:12,029 [Thread-1006] INFO  impl.RaftServerImpl (RaftServerImpl.java:setRole(184)) - 4b487190-7547-40c7-b780-43c37a89e8eb@group-BAC069DAEF17: changes role from  FOLLOWER to CANDIDATE at term 101 for changeToCandidate
2019-10-18 07:54:12,030 [Thread-1006] INFO  impl.RoleInfo (RoleInfo.java:updateAndGet(143)) - 4b487190-7547-40c7-b780-43c37a89e8eb: start LeaderElection
2019-10-18 07:54:12,043 [4b487190-7547-40c7-b780-43c37a89e8eb@group-BAC069DAEF17-LeaderElection105] INFO  impl.LeaderElection (LeaderElection.java:askForVotes(178)) - 4b487190-7547-40c7-b780-43c37a89e8eb@group-BAC069DAEF17-LeaderElection105: begin an election at term 102 for -1: [6fa005cd-25d6-4e29-bda6-9462a060c098:192.168.69.67:36093, 4b487190-7547-40c7-b780-43c37a89e8eb:192.168.69.67:39683, 3d3aac8b-d4d1-454d-bf0c-88a180692893:192.168.69.67:34429], old=null
2019-10-18 07:54:12,045 [grpc-default-executor-0] INFO  impl.RaftServerImpl (RaftServerImpl.java:setRole(184)) - 6fa005cd-25d6-4e29-bda6-9462a060c098@group-BAC069DAEF17: changes role from  FOLLOWER to FOLLOWER at term 102 for recognizeCandidate:4b487190-7547-40c7-b780-43c37a89e8eb
2019-10-18 07:54:12,045 [grpc-default-executor-3] INFO  impl.RaftServerImpl (RaftServerImpl.java:setRole(184)) - 3d3aac8b-d4d1-454d-bf0c-88a180692893@group-BAC069DAEF17: changes role from  FOLLOWER to FOLLOWER at term 102 for recognizeCandidate:4b487190-7547-40c7-b780-43c37a89e8eb
2019-10-18 07:54:12,046 [grpc-default-executor-0] INFO  impl.RoleInfo (RoleInfo.java:shutdownFollowerState(121)) - 6fa005cd-25d6-4e29-bda6-9462a060c098: shutdown FollowerState
2019-10-18 07:54:12,046 [grpc-default-executor-3] INFO  impl.RoleInfo (RoleInfo.java:shutdownFollowerState(121)) - 3d3aac8b-d4d1-454d-bf0c-88a180692893: shutdown FollowerState
2019-10-18 07:54:12,046 [Thread-1004] INFO  impl.FollowerState (FollowerState.java:run(117)) - 6fa005cd-25d6-4e29-bda6-9462a060c098@group-BAC069DAEF17-FollowerState was interrupted: java.lang.InterruptedException: sleep interrupted
2019-10-18 07:54:12,046 [grpc-default-executor-0] INFO  impl.RoleInfo (RoleInfo.java:updateAndGet(143)) - 6fa005cd-25d6-4e29-bda6-9462a060c098: start FollowerState
2019-10-18 07:54:12,046 [Thread-1005] INFO  impl.FollowerState (FollowerState.java:run(117)) - 3d3aac8b-d4d1-454d-bf0c-88a180692893@group-BAC069DAEF17-FollowerState was interrupted: java.lang.InterruptedException: sleep interrupted
2019-10-18 07:54:12,046 [grpc-default-executor-3] INFO  impl.RoleInfo (RoleInfo.java:updateAndGet(143)) - 3d3aac8b-d4d1-454d-bf0c-88a180692893: start FollowerState
2019-10-18 07:54:12,067 [4b487190-7547-40c7-b780-43c37a89e8eb@group-BAC069DAEF17-LeaderElection105] INFO  impl.LeaderElection (LeaderElection.java:logAndReturn(56)) - 4b487190-7547-40c7-b780-43c37a89e8eb@group-BAC069DAEF17-LeaderElection105: Election REJECTED; received 2 response(s) [4b487190-7547-40c7-b780-43c37a89e8eb<-6fa005cd-25d6-4e29-bda6-9462a060c098#0:FAIL-t102, 4b487190-7547-40c7-b780-43c37a89e8eb<-3d3aac8b-d4d1-454d-bf0c-88a180692893#0:FAIL-t102] and 0 exception(s); 4b487190-7547-40c7-b780-43c37a89e8eb@group-BAC069DAEF17:t102, leader=null, voted=4b487190-7547-40c7-b780-43c37a89e8eb, raftlog=4b487190-7547-40c7-b780-43c37a89e8eb@group-BAC069DAEF17-SegmentedRaftLog:OPENED:c-1,f-1,i0, conf=-1: [6fa005cd-25d6-4e29-bda6-9462a060c098:192.168.69.67:36093, 4b487190-7547-40c7-b780-43c37a89e8eb:192.168.69.67:39683, 3d3aac8b-d4d1-454d-bf0c-88a180692893:192.168.69.67:34429], old=null
2019-10-18 07:54:12,068 [4b487190-7547-40c7-b780-43c37a89e8eb@group-BAC069DAEF17-LeaderElection105] INFO  impl.RaftServerImpl (RaftServerImpl.java:setRole(184)) - 4b487190-7547-40c7-b780-43c37a89e8eb@group-BAC069DAEF17: changes role from CANDIDATE to FOLLOWER at term 102 for DISCOVERED_A_NEW_TERM
2019-10-18 07:54:12,068 [4b487190-7547-40c7-b780-43c37a89e8eb@group-BAC069DAEF17-LeaderElection105] INFO  impl.RoleInfo (RoleInfo.java:shutdownLeaderElection(134)) - 4b487190-7547-40c7-b780-43c37a89e8eb: shutdown LeaderElection
2019-10-18 07:54:12,068 [4b487190-7547-40c7-b780-43c37a89e8eb@group-BAC069DAEF17-LeaderElection105] INFO  impl.RoleInfo (RoleInfo.java:updateAndGet(143)) - 4b487190-7547-40c7-b780-43c37a89e8eb: start FollowerState
2019-10-18 07:54:12,106 [Thread-1012] INFO  impl.FollowerState (FollowerState.java:run(108)) - 4b487190-7547-40c7-b780-43c37a89e8eb@group-BAC069DAEF17-FollowerState: change to CANDIDATE, lastRpcTime:38ms, electionTimeout:38ms
2019-10-18 07:54:12,107 [Thread-1012] INFO  impl.RoleInfo (RoleInfo.java:shutdownFollowerState(121)) - 4b487190-7547-40c7-b780-43c37a89e8eb: shutdown FollowerState
2019-10-18 07:54:12,107 [Thread-1012] INFO  impl.RaftServerImpl (RaftServerImpl.java:setRole(184)) - 4b487190-7547-40c7-b780-43c37a89e8eb@group-BAC069DAEF17: changes role from  FOLLOWER to CANDIDATE at term 102 for changeToCandidate
2019-10-18 07:54:12,107 [Thread-1012] INFO  impl.RoleInfo (RoleInfo.java:updateAndGet(143)) - 4b487190-7547-40c7-b780-43c37a89e8eb: start LeaderElection
2019-10-18 07:54:12,129 [4b487190-7547-40c7-b780-43c37a89e8eb@group-BAC069DAEF17-LeaderElection106] INFO  impl.LeaderElection (LeaderElection.java:askForVotes(178)) - 4b487190-7547-40c7-b780-43c37a89e8eb@group-BAC069DAEF17-LeaderElection106: begin an election at term 103 for -1: [6fa005cd-25d6-4e29-bda6-9462a060c098:192.168.69.67:36093, 4b487190-7547-40c7-b780-43c37a89e8eb:192.168.69.67:39683, 3d3aac8b-d4d1-454d-bf0c-88a180692893:192.168.69.67:34429], old=null
2019-10-18 07:54:12,131 [grpc-default-executor-3] INFO  impl.RaftServerImpl (RaftServerImpl.java:setRole(184)) - 3d3aac8b-d4d1-454d-bf0c-88a180692893@group-BAC069DAEF17: changes role from  FOLLOWER to FOLLOWER at term 103 for recognizeCandidate:4b487190-7547-40c7-b780-43c37a89e8eb
2019-10-18 07:54:12,131 [grpc-default-executor-3] INFO  impl.RoleInfo (RoleInfo.java:shutdownFollowerState(121)) - 3d3aac8b-d4d1-454d-bf0c-88a180692893: shutdown FollowerState
2019-10-18 07:54:12,132 [grpc-default-executor-3] INFO  impl.RoleInfo (RoleInfo.java:updateAndGet(143)) - 3d3aac8b-d4d1-454d-bf0c-88a180692893: start FollowerState
2019-10-18 07:54:12,132 [grpc-default-executor-0] INFO  impl.RaftServerImpl (RaftServerImpl.java:setRole(184)) - 6fa005cd-25d6-4e29-bda6-9462a060c098@group-BAC069DAEF17: changes role from  FOLLOWER to FOLLOWER at term 103 for recognizeCandidate:4b487190-7547-40c7-b780-43c37a89e8eb
2019-10-18 07:54:12,132 [grpc-default-executor-0] INFO  impl.RoleInfo (RoleInfo.java:shutdownFollowerState(121)) - 6fa005cd-25d6-4e29-bda6-9462a060c098: shutdown FollowerState
2019-10-18 07:54:12,132 [Thread-1011] INFO  impl.FollowerState (FollowerState.java:run(117)) - 3d3aac8b-d4d1-454d-bf0c-88a180692893@group-BAC069DAEF17-FollowerState was interrupted: java.lang.InterruptedException: sleep interrupted
2019-10-18 07:54:12,132 [Thread-1010] INFO  impl.FollowerState (FollowerState.java:run(117)) - 6fa005cd-25d6-4e29-bda6-9462a060c098@group-BAC069DAEF17-FollowerState was interrupted: java.lang.InterruptedException: sleep interrupted
2019-10-18 07:54:12,132 [grpc-default-executor-0] INFO  impl.RoleInfo (RoleInfo.java:updateAndGet(143)) - 6fa005cd-25d6-4e29-bda6-9462a060c098: start FollowerState
2019-10-18 07:54:12,147 [4b487190-7547-40c7-b780-43c37a89e8eb@group-BAC069DAEF17-LeaderElection106] INFO  impl.LeaderElection (LeaderElection.java:logAndReturn(56)) - 4b487190-7547-40c7-b780-43c37a89e8eb@group-BAC069DAEF17-LeaderElection106: Election REJECTED; received 2 response(s) [4b487190-7547-40c7-b780-43c37a89e8eb<-6fa005cd-25d6-4e29-bda6-9462a060c098#0:FAIL-t103, 4b487190-7547-40c7-b780-43c37a89e8eb<-3d3aac8b-d4d1-454d-bf0c-88a180692893#0:FAIL-t103] and 0 exception(s); 4b487190-7547-40c7-b780-43c37a89e8eb@group-BAC069DAEF17:t103, leader=null, voted=4b487190-7547-40c7-b780-43c37a89e8eb, raftlog=4b487190-7547-40c7-b780-43c37a89e8eb@group-BAC069DAEF17-SegmentedRaftLog:OPENED:c-1,f-1,i0, conf=-1: [6fa005cd-25d6-4e29-bda6-9462a060c098:192.168.69.67:36093, 4b487190-7547-40c7-b780-43c37a89e8eb:192.168.69.67:39683, 3d3aac8b-d4d1-454d-bf0c-88a180692893:192.168.69.67:34429], old=null
2019-10-18 07:54:12,147 [4b487190-7547-40c7-b780-43c37a89e8eb@group-BAC069DAEF17-LeaderElection106] INFO  impl.RaftServerImpl (RaftServerImpl.java:setRole(184)) - 4b487190-7547-40c7-b780-43c37a89e8eb@group-BAC069DAEF17: changes role from CANDIDATE to FOLLOWER at term 103 for DISCOVERED_A_NEW_TERM
2019-10-18 07:54:12,147 [4b487190-7547-40c7-b780-43c37a89e8eb@group-BAC069DAEF17-LeaderElection106] INFO  impl.RoleInfo (RoleInfo.java:shutdownLeaderElection(134)) - 4b487190-7547-40c7-b780-43c37a89e8eb: shutdown LeaderElection
2019-10-18 07:54:12,147 [4b487190-7547-40c7-b780-43c37a89e8eb@group-BAC069DAEF17-LeaderElection106] INFO  impl.RoleInfo (RoleInfo.java:updateAndGet(143)) - 4b487190-7547-40c7-b780-43c37a89e8eb: start FollowerState
2019-10-18 07:54:12,316 [Thread-1018] INFO  impl.FollowerState (FollowerState.java:run(108)) - 4b487190-7547-40c7-b780-43c37a89e8eb@group-BAC069DAEF17-FollowerState: change to CANDIDATE, lastRpcTime:168ms, electionTimeout:168ms
2019-10-18 07:54:12,316 [Thread-1018] INFO  impl.RoleInfo (RoleInfo.java:shutdownFollowerState(121)) - 4b487190-7547-40c7-b780-43c37a89e8eb: shutdown FollowerState
2019-10-18 07:54:12,316 [Thread-1018] INFO  impl.RaftServerImpl (RaftServerImpl.java:setRole(184)) - 4b487190-7547-40c7-b780-43c37a89e8eb@group-BAC069DAEF17: changes role from  FOLLOWER to CANDIDATE at term 103 for changeToCandidate
2019-10-18 07:54:12,317 [Thread-1018] INFO  impl.RoleInfo (RoleInfo.java:updateAndGet(143)) - 4b487190-7547-40c7-b780-43c37a89e8eb: start LeaderElection
2019-10-18 07:54:12,330 [4b487190-7547-40c7-b780-43c37a89e8eb@group-BAC069DAEF17-LeaderElection107] INFO  impl.LeaderElection (LeaderElection.java:askForVotes(178)) - 4b487190-7547-40c7-b780-43c37a89e8eb@group-BAC069DAEF17-LeaderElection107: begin an election at term 104 for -1: [6fa005cd-25d6-4e29-bda6-9462a060c098:192.168.69.67:36093, 4b487190-7547-40c7-b780-43c37a89e8eb:192.168.69.67:39683, 3d3aac8b-d4d1-454d-bf0c-88a180692893:192.168.69.67:34429], old=null
2019-10-18 07:54:12,334 [grpc-default-executor-3] INFO  impl.RaftServerImpl (RaftServerImpl.java:setRole(184)) - 3d3aac8b-d4d1-454d-bf0c-88a180692893@group-BAC069DAEF17: changes role from  FOLLOWER to FOLLOWER at term 104 for recognizeCandidate:4b487190-7547-40c7-b780-43c37a89e8eb
2019-10-18 07:54:12,334 [grpc-default-executor-0] INFO  impl.RaftServerImpl (RaftServerImpl.java:setRole(184)) - 6fa005cd-25d6-4e29-bda6-9462a060c098@group-BAC069DAEF17: changes role from  FOLLOWER to FOLLOWER at term 104 for recognizeCandidate:4b487190-7547-40c7-b780-43c37a89e8eb
2019-10-18 07:54:12,334 [grpc-default-executor-3] INFO  impl.RoleInfo (RoleInfo.java:shutdownFollowerState(121)) - 3d3aac8b-d4d1-454d-bf0c-88a180692893: shutdown FollowerState
2019-10-18 07:54:12,334 [grpc-default-executor-0] INFO  impl.RoleInfo (RoleInfo.java:shutdownFollowerState(121)) - 6fa005cd-25d6-4e29-bda6-9462a060c098: shutdown FollowerState
2019-10-18 07:54:12,334 [Thread-1016] INFO  impl.FollowerState (FollowerState.java:run(117)) - 3d3aac8b-d4d1-454d-bf0c-88a180692893@group-BAC069DAEF17-FollowerState was interrupted: java.lang.InterruptedException: sleep interrupted
2019-10-18 07:54:12,334 [Thread-1017] INFO  impl.FollowerState (FollowerState.java:run(117)) - 6fa005cd-25d6-4e29-bda6-9462a060c098@group-BAC069DAEF17-FollowerState was interrupted: java.lang.InterruptedException: sleep interrupted
2019-10-18 07:54:12,334 [grpc-default-executor-3] INFO  impl.RoleInfo (RoleInfo.java:updateAndGet(143)) - 3d3aac8b-d4d1-454d-bf0c-88a180692893: start FollowerState
2019-10-18 07:54:12,334 [grpc-default-executor-0] INFO  impl.RoleInfo (RoleInfo.java:updateAndGet(143)) - 6fa005cd-25d6-4e29-bda6-9462a060c098: start FollowerState
2019-10-18 07:54:12,346 [4b487190-7547-40c7-b780-43c37a89e8eb@group-BAC069DAEF17-LeaderElection107] INFO  impl.LeaderElection (LeaderElection.java:logAndReturn(56)) - 4b487190-7547-40c7-b780-43c37a89e8eb@group-BAC069DAEF17-LeaderElection107: Election REJECTED; received 2 response(s) [4b487190-7547-40c7-b780-43c37a89e8eb<-6fa005cd-25d6-4e29-bda6-9462a060c098#0:FAIL-t104, 4b487190-7547-40c7-b780-43c37a89e8eb<-3d3aac8b-d4d1-454d-bf0c-88a180692893#0:FAIL-t104] and 0 exception(s); 4b487190-7547-40c7-b780-43c37a89e8eb@group-BAC069DAEF17:t104, leader=null, voted=4b487190-7547-40c7-b780-43c37a89e8eb, raftlog=4b487190-7547-40c7-b780-43c37a89e8eb@group-BAC069DAEF17-SegmentedRaftLog:OPENED:c-1,f-1,i0, conf=-1: [6fa005cd-25d6-4e29-bda6-9462a060c098:192.168.69.67:36093, 4b487190-7547-40c7-b780-43c37a89e8eb:192.168.69.67:39683, 3d3aac8b-d4d1-454d-bf0c-88a180692893:192.168.69.67:34429], old=null
2019-10-18 07:54:12,347 [4b487190-7547-40c7-b780-43c37a89e8eb@group-BAC069DAEF17-LeaderElection107] INFO  impl.RaftServerImpl (RaftServerImpl.java:setRole(184)) - 4b487190-7547-40c7-b780-43c37a89e8eb@group-BAC069DAEF17: changes role from CANDIDATE to FOLLOWER at term 104 for DISCOVERED_A_NEW_TERM
2019-10-18 07:54:12,347 [4b487190-7547-40c7-b780-43c37a89e8eb@group-BAC069DAEF17-LeaderElection107] INFO  impl.RoleInfo (RoleInfo.java:shutdownLeaderElection(134)) - 4b487190-7547-40c7-b780-43c37a89e8eb: shutdown LeaderElection
2019-10-18 07:54:12,347 [4b487190-7547-40c7-b780-43c37a89e8eb@group-BAC069DAEF17-LeaderElection107] INFO  impl.RoleInfo (RoleInfo.java:updateAndGet(143)) - 4b487190-7547-40c7-b780-43c37a89e8eb: start FollowerState
2019-10-18 07:54:12,524 [Thread-1024] INFO  impl.FollowerState (FollowerState.java:run(108)) - 4b487190-7547-40c7-b780-43c37a89e8eb@group-BAC069DAEF17-FollowerState: change to CANDIDATE, lastRpcTime:177ms, electionTimeout:177ms
2019-10-18 07:54:12,525 [Thread-1024] INFO  impl.RoleInfo (RoleInfo.java:shutdownFollowerState(121)) - 4b487190-7547-40c7-b780-43c37a89e8eb: shutdown FollowerState
2019-10-18 07:54:12,525 [Thread-1024] INFO  impl.RaftServerImpl (RaftServerImpl.java:setRole(184)) - 4b487190-7547-40c7-b780-43c37a89e8eb@group-BAC069DAEF17: changes role from  FOLLOWER to CANDIDATE at term 104 for changeToCandidate
2019-10-18 07:54:12,525 [Thread-1024] INFO  impl.RoleInfo (RoleInfo.java:updateAndGet(143)) - 4b487190-7547-40c7-b780-43c37a89e8eb: start LeaderElection
2019-10-18 07:54:12,551 [4b487190-7547-40c7-b780-43c37a89e8eb@group-BAC069DAEF17-LeaderElection108] INFO  impl.LeaderElection (LeaderElection.java:askForVotes(178)) - 4b487190-7547-40c7-b780-43c37a89e8eb@group-BAC069DAEF17-LeaderElection108: begin an election at term 105 for -1: [6fa005cd-25d6-4e29-bda6-9462a060c098:192.168.69.67:36093, 4b487190-7547-40c7-b780-43c37a89e8eb:192.168.69.67:39683, 3d3aac8b-d4d1-454d-bf0c-88a180692893:192.168.69.67:34429], old=null
2019-10-18 07:54:12,554 [grpc-default-executor-3] INFO  impl.RaftServerImpl (RaftServerImpl.java:setRole(184)) - 6fa005cd-25d6-4e29-bda6-9462a060c098@group-BAC069DAEF17: changes role from  FOLLOWER to FOLLOWER at term 105 for recognizeCandidate:4b487190-7547-40c7-b780-43c37a89e8eb
2019-10-18 07:54:12,554 [grpc-default-executor-0] INFO  impl.RaftServerImpl (RaftServerImpl.java:setRole(184)) - 3d3aac8b-d4d1-454d-bf0c-88a180692893@group-BAC069DAEF17: changes role from  FOLLOWER to FOLLOWER at term 105 for recognizeCandidate:4b487190-7547-40c7-b780-43c37a89e8eb
2019-10-18 07:54:12,554 [grpc-default-executor-3] INFO  impl.RoleInfo (RoleInfo.java:shutdownFollowerState(121)) - 6fa005cd-25d6-4e29-bda6-9462a060c098: shutdown FollowerState
2019-10-18 07:54:12,554 [grpc-default-executor-0] INFO  impl.RoleInfo (RoleInfo.java:shutdownFollowerState(121)) - 3d3aac8b-d4d1-454d-bf0c-88a180692893: shutdown FollowerState
2019-10-18 07:54:12,555 [grpc-default-executor-3] INFO  impl.RoleInfo (RoleInfo.java:updateAndGet(143)) - 6fa005cd-25d6-4e29-bda6-9462a060c098: start FollowerState
2019-10-18 07:54:12,555 [Thread-1023] INFO  impl.FollowerState (FollowerState.java:run(117)) - 6fa005cd-25d6-4e29-bda6-9462a060c098@group-BAC069DAEF17-FollowerState was interrupted: java.lang.InterruptedException: sleep interrupted
2019-10-18 07:54:12,555 [grpc-default-executor-0] INFO  impl.RoleInfo (RoleInfo.java:updateAndGet(143)) - 3d3aac8b-d4d1-454d-bf0c-88a180692893: start FollowerState
2019-10-18 07:54:12,555 [Thread-1022] INFO  impl.FollowerState (FollowerState.java:run(117)) - 3d3aac8b-d4d1-454d-bf0c-88a180692893@group-BAC069DAEF17-FollowerState was interrupted: java.lang.InterruptedException: sleep interrupted
2019-10-18 07:54:12,581 [4b487190-7547-40c7-b780-43c37a89e8eb@group-BAC069DAEF17-LeaderElection108] INFO  impl.LeaderElection (LeaderElection.java:logAndReturn(56)) - 4b487190-7547-40c7-b780-43c37a89e8eb@group-BAC069DAEF17-LeaderElection108: Election REJECTED; received 2 response(s) [4b487190-7547-40c7-b780-43c37a89e8eb<-6fa005cd-25d6-4e29-bda6-9462a060c098#0:FAIL-t105, 4b487190-7547-40c7-b780-43c37a89e8eb<-3d3aac8b-d4d1-454d-bf0c-88a180692893#0:FAIL-t105] and 0 exception(s); 4b487190-7547-40c7-b780-43c37a89e8eb@group-BAC069DAEF17:t105, leader=null, voted=4b487190-7547-40c7-b780-43c37a89e8eb, raftlog=4b487190-7547-40c7-b780-43c37a89e8eb@group-BAC069DAEF17-SegmentedRaftLog:OPENED:c-1,f-1,i0, conf=-1: [6fa005cd-25d6-4e29-bda6-9462a060c098:192.168.69.67:36093, 4b487190-7547-40c7-b780-43c37a89e8eb:192.168.69.67:39683, 3d3aac8b-d4d1-454d-bf0c-88a180692893:192.168.69.67:34429], old=null
2019-10-18 07:54:12,582 [4b487190-7547-40c7-b780-43c37a89e8eb@group-BAC069DAEF17-LeaderElection108] INFO  impl.RaftServerImpl (RaftServerImpl.java:setRole(184)) - 4b487190-7547-40c7-b780-43c37a89e8eb@group-BAC069DAEF17: changes role from CANDIDATE to FOLLOWER at term 105 for DISCOVERED_A_NEW_TERM
2019-10-18 07:54:12,582 [4b487190-7547-40c7-b780-43c37a89e8eb@group-BAC069DAEF17-LeaderElection108] INFO  impl.RoleInfo (RoleInfo.java:shutdownLeaderElection(134)) - 4b487190-7547-40c7-b780-43c37a89e8eb: shutdown LeaderElection
2019-10-18 07:54:12,582 [4b487190-7547-40c7-b780-43c37a89e8eb@group-BAC069DAEF17-LeaderElection108] INFO  impl.RoleInfo (RoleInfo.java:updateAndGet(143)) - 4b487190-7547-40c7-b780-43c37a89e8eb: start FollowerState
2019-10-18 07:54:12,612 [Thread-1030] INFO  impl.FollowerState (FollowerState.java:run(108)) - 4b487190-7547-40c7-b780-43c37a89e8eb@group-BAC069DAEF17-FollowerState: change to CANDIDATE, lastRpcTime:29ms, electionTimeout:29ms
2019-10-18 07:54:12,612 [Thread-1030] INFO  impl.RoleInfo (RoleInfo.java:shutdownFollowerState(121)) - 4b487190-7547-40c7-b780-43c37a89e8eb: shutdown FollowerState
2019-10-18 07:54:12,612 [Thread-1030] INFO  impl.RaftServerImpl (RaftServerImpl.java:setRole(184)) - 4b487190-7547-40c7-b780-43c37a89e8eb@group-BAC069DAEF17: changes role from  FOLLOWER to CANDIDATE at term 105 for changeToCandidate
2019-10-18 07:54:12,612 [Thread-1030] INFO  impl.RoleInfo (RoleInfo.java:updateAndGet(143)) - 4b487190-7547-40c7-b780-43c37a89e8eb: start LeaderElection
2019-10-18 07:54:12,631 [4b487190-7547-40c7-b780-43c37a89e8eb@group-BAC069DAEF17-LeaderElection109] INFO  impl.LeaderElection (LeaderElection.java:askForVotes(178)) - 4b487190-7547-40c7-b780-43c37a89e8eb@group-BAC069DAEF17-LeaderElection109: begin an election at term 106 for -1: [6fa005cd-25d6-4e29-bda6-9462a060c098:192.168.69.67:36093, 4b487190-7547-40c7-b780-43c37a89e8eb:192.168.69.67:39683, 3d3aac8b-d4d1-454d-bf0c-88a180692893:192.168.69.67:34429], old=null
2019-10-18 07:54:12,634 [grpc-default-executor-0] INFO  impl.RaftServerImpl (RaftServerImpl.java:setRole(184)) - 6fa005cd-25d6-4e29-bda6-9462a060c098@group-BAC069DAEF17: changes role from  FOLLOWER to FOLLOWER at term 106 for recognizeCandidate:4b487190-7547-40c7-b780-43c37a89e8eb
2019-10-18 07:54:12,634 [grpc-default-executor-3] INFO  impl.RaftServerImpl (RaftServerImpl.java:setRole(184)) - 3d3aac8b-d4d1-454d-bf0c-88a180692893@group-BAC069DAEF17: changes role from  FOLLOWER to FOLLOWER at term 106 for recognizeCandidate:4b487190-7547-40c7-b780-43c37a89e8eb
2019-10-18 07:54:12,634 [grpc-default-executor-0] INFO  impl.RoleInfo (RoleInfo.java:shutdownFollowerState(121)) - 6fa005cd-25d6-4e29-bda6-9462a060c098: shutdown FollowerState
2019-10-18 07:54:12,634 [grpc-default-executor-3] INFO  impl.RoleInfo (RoleInfo.java:shutdownFollowerState(121)) - 3d3aac8b-d4d1-454d-bf0c-88a180692893: shutdown FollowerState
2019-10-18 07:54:12,634 [Thread-1028] INFO  impl.FollowerState (FollowerState.java:run(117)) - 6fa005cd-25d6-4e29-bda6-9462a060c098@group-BAC069DAEF17-FollowerState was interrupted: java.lang.InterruptedException: sleep interrupted
2019-10-18 07:54:12,634 [grpc-default-executor-0] INFO  impl.RoleInfo (RoleInfo.java:updateAndGet(143)) - 6fa005cd-25d6-4e29-bda6-9462a060c098: start FollowerState
2019-10-18 07:54:12,635 [Thread-1029] INFO  impl.FollowerState (FollowerState.java:run(117)) - 3d3aac8b-d4d1-454d-bf0c-88a180692893@group-BAC069DAEF17-FollowerState was interrupted: java.lang.InterruptedException: sleep interrupted
2019-10-18 07:54:12,635 [grpc-default-executor-3] INFO  impl.RoleInfo (RoleInfo.java:updateAndGet(143)) - 3d3aac8b-d4d1-454d-bf0c-88a180692893: start FollowerState
2019-10-18 07:54:12,651 [4b487190-7547-40c7-b780-43c37a89e8eb@group-BAC069DAEF17-LeaderElection109] INFO  impl.LeaderElection (LeaderElection.java:logAndReturn(56)) - 4b487190-7547-40c7-b780-43c37a89e8eb@group-BAC069DAEF17-LeaderElection109: Election REJECTED; received 2 response(s) [4b487190-7547-40c7-b780-43c37a89e8eb<-6fa005cd-25d6-4e29-bda6-9462a060c098#0:FAIL-t106, 4b487190-7547-40c7-b780-43c37a89e8eb<-3d3aac8b-d4d1-454d-bf0c-88a180692893#0:FAIL-t106] and 0 exception(s); 4b487190-7547-40c7-b780-43c37a89e8eb@group-BAC069DAEF17:t106, leader=null, voted=4b487190-7547-40c7-b780-43c37a89e8eb, raftlog=4b487190-7547-40c7-b780-43c37a89e8eb@group-BAC069DAEF17-SegmentedRaftLog:OPENED:c-1,f-1,i0, conf=-1: [6fa005cd-25d6-4e29-bda6-9462a060c098:192.168.69.67:36093, 4b487190-7547-40c7-b780-43c37a89e8eb:192.168.69.67:39683, 3d3aac8b-d4d1-454d-bf0c-88a180692893:192.168.69.67:34429], old=null
2019-10-18 07:54:12,651 [4b487190-7547-40c7-b780-43c37a89e8eb@group-BAC069DAEF17-LeaderElection109] INFO  impl.RaftServerImpl (RaftServerImpl.java:setRole(184)) - 4b487190-7547-40c7-b780-43c37a89e8eb@group-BAC069DAEF17: changes role from CANDIDATE to FOLLOWER at term 106 for DISCOVERED_A_NEW_TERM
2019-10-18 07:54:12,652 [4b487190-7547-40c7-b780-43c37a89e8eb@group-BAC069DAEF17-LeaderElection109] INFO  impl.RoleInfo (RoleInfo.java:shutdownLeaderElection(134)) - 4b487190-7547-40c7-b780-43c37a89e8eb: shutdown LeaderElection
2019-10-18 07:54:12,652 [4b487190-7547-40c7-b780-43c37a89e8eb@group-BAC069DAEF17-LeaderElection109] INFO  impl.RoleInfo (RoleInfo.java:updateAndGet(143)) - 4b487190-7547-40c7-b780-43c37a89e8eb: start FollowerState
2019-10-18 07:54:12,751 [Thread-1036] INFO  impl.FollowerState (FollowerState.java:run(108)) - 4b487190-7547-40c7-b780-43c37a89e8eb@group-BAC069DAEF17-FollowerState: change to CANDIDATE, lastRpcTime:99ms, electionTimeout:99ms
2019-10-18 07:54:12,751 [Thread-1036] INFO  impl.RoleInfo (RoleInfo.java:shutdownFollowerState(121)) - 4b487190-7547-40c7-b780-43c37a89e8eb: shutdown FollowerState
2019-10-18 07:54:12,752 [Thread-1036] INFO  impl.RaftServerImpl (RaftServerImpl.java:setRole(184)) - 4b487190-7547-40c7-b780-43c37a89e8eb@group-BAC069DAEF17: changes role from  FOLLOWER to CANDIDATE at term 106 for changeToCandidate
2019-10-18 07:54:12,752 [Thread-1036] INFO  impl.RoleInfo (RoleInfo.java:updateAndGet(143)) - 4b487190-7547-40c7-b780-43c37a89e8eb: start LeaderElection
2019-10-18 07:54:12,777 [4b487190-7547-40c7-b780-43c37a89e8eb@group-BAC069DAEF17-LeaderElection110] INFO  impl.LeaderElection (LeaderElection.java:askForVotes(178)) - 4b487190-7547-40c7-b780-43c37a89e8eb@group-BAC069DAEF17-LeaderElection110: begin an election at term 107 for -1: [6fa005cd-25d6-4e29-bda6-9462a060c098:192.168.69.67:36093, 4b487190-7547-40c7-b780-43c37a89e8eb:192.168.69.67:39683, 3d3aac8b-d4d1-454d-bf0c-88a180692893:192.168.69.67:34429], old=null
2019-10-18 07:54:12,780 [grpc-default-executor-0] INFO  impl.RaftServerImpl (RaftServerImpl.java:setRole(184)) - 6fa005cd-25d6-4e29-bda6-9462a060c098@group-BAC069DAEF17: changes role from  FOLLOWER to FOLLOWER at term 107 for recognizeCandidate:4b487190-7547-40c7-b780-43c37a89e8eb
2019-10-18 07:54:12,780 [grpc-default-executor-3] INFO  impl.RaftServerImpl (RaftServerImpl.java:setRole(184)) - 3d3aac8b-d4d1-454d-bf0c-88a180692893@group-BAC069DAEF17: changes role from  FOLLOWER to FOLLOWER at term 107 for recognizeCandidate:4b487190-7547-40c7-b780-43c37a89e8eb
2019-10-18 07:54:12,780 [grpc-default-executor-0] INFO  impl.RoleInfo (RoleInfo.java:shutdownFollowerState(121)) - 6fa005cd-25d6-4e29-bda6-9462a060c098: shutdown FollowerState
2019-10-18 07:54:12,780 [grpc-default-executor-3] INFO  impl.RoleInfo (RoleInfo.java:shutdownFollowerState(121)) - 3d3aac8b-d4d1-454d-bf0c-88a180692893: shutdown FollowerState
2019-10-18 07:54:12,781 [Thread-1034] INFO  impl.FollowerState (FollowerState.java:run(117)) - 6fa005cd-25d6-4e29-bda6-9462a060c098@group-BAC069DAEF17-FollowerState was interrupted: java.lang.InterruptedException: sleep interrupted
2019-10-18 07:54:12,780 [grpc-default-executor-0] INFO  impl.RoleInfo (RoleInfo.java:updateAndGet(143)) - 6fa005cd-25d6-4e29-bda6-9462a060c098: start FollowerState
2019-10-18 07:54:12,781 [Thread-1035] INFO  impl.FollowerState (FollowerState.java:run(117)) - 3d3aac8b-d4d1-454d-bf0c-88a180692893@group-BAC069DAEF17-FollowerState was interrupted: java.lang.InterruptedException: sleep interrupted
2019-10-18 07:54:12,781 [grpc-default-executor-3] INFO  impl.RoleInfo (RoleInfo.java:updateAndGet(143)) - 3d3aac8b-d4d1-454d-bf0c-88a180692893: start FollowerState
2019-10-18 07:54:12,797 [4b487190-7547-40c7-b780-43c37a89e8eb@group-BAC069DAEF17-LeaderElection110] INFO  impl.LeaderElection (LeaderElection.java:logAndReturn(56)) - 4b487190-7547-40c7-b780-43c37a89e8eb@group-BAC069DAEF17-LeaderElection110: Election REJECTED; received 2 response(s) [4b487190-7547-40c7-b780-43c37a89e8eb<-6fa005cd-25d6-4e29-bda6-9462a060c098#0:FAIL-t107, 4b487190-7547-40c7-b780-43c37a89e8eb<-3d3aac8b-d4d1-454d-bf0c-88a180692893#0:FAIL-t107] and 0 exception(s); 4b487190-7547-40c7-b780-43c37a89e8eb@group-BAC069DAEF17:t107, leader=null, voted=4b487190-7547-40c7-b780-43c37a89e8eb, raftlog=4b487190-7547-40c7-b780-43c37a89e8eb@group-BAC069DAEF17-SegmentedRaftLog:OPENED:c-1,f-1,i0, conf=-1: [6fa005cd-25d6-4e29-bda6-9462a060c098:192.168.69.67:36093, 4b487190-7547-40c7-b780-43c37a89e8eb:192.168.69.67:39683, 3d3aac8b-d4d1-454d-bf0c-88a180692893:192.168.69.67:34429], old=null
2019-10-18 07:54:12,797 [4b487190-7547-40c7-b780-43c37a89e8eb@group-BAC069DAEF17-LeaderElection110] INFO  impl.RaftServerImpl (RaftServerImpl.java:setRole(184)) - 4b487190-7547-40c7-b780-43c37a89e8eb@group-BAC069DAEF17: changes role from CANDIDATE to FOLLOWER at term 107 for DISCOVERED_A_NEW_TERM
2019-10-18 07:54:12,797 [4b487190-7547-40c7-b780-43c37a89e8eb@group-BAC069DAEF17-LeaderElection110] INFO  impl.RoleInfo (RoleInfo.java:shutdownLeaderElection(134)) - 4b487190-7547-40c7-b780-43c37a89e8eb: shutdown LeaderElection
2019-10-18 07:54:12,798 [4b487190-7547-40c7-b780-43c37a89e8eb@group-BAC069DAEF17-LeaderElection110] INFO  impl.RoleInfo (RoleInfo.java:updateAndGet(143)) - 4b487190-7547-40c7-b780-43c37a89e8eb: start FollowerState
2019-10-18 07:54:12,798 [Thread-1042] INFO  impl.FollowerState (FollowerState.java:run(108)) - 4b487190-7547-40c7-b780-43c37a89e8eb@group-BAC069DAEF17-FollowerState: change to CANDIDATE, lastRpcTime:0ms, electionTimeout:0ms
2019-10-18 07:54:12,798 [Thread-1042] INFO  impl.RoleInfo (RoleInfo.java:shutdownFollowerState(121)) - 4b487190-7547-40c7-b780-43c37a89e8eb: shutdown FollowerState
2019-10-18 07:54:12,798 [Thread-1042] INFO  impl.RaftServerImpl (RaftServerImpl.java:setRole(184)) - 4b487190-7547-40c7-b780-43c37a89e8eb@group-BAC069DAEF17: changes role from  FOLLOWER to CANDIDATE at term 107 for changeToCandidate
2019-10-18 07:54:12,798 [Thread-1042] INFO  impl.RoleInfo (RoleInfo.java:updateAndGet(143)) - 4b487190-7547-40c7-b780-43c37a89e8eb: start LeaderElection
2019-10-18 07:54:12,812 [4b487190-7547-40c7-b780-43c37a89e8eb@group-BAC069DAEF17-LeaderElection111] INFO  impl.LeaderElection (LeaderElection.java:askForVotes(178)) - 4b487190-7547-40c7-b780-43c37a89e8eb@group-BAC069DAEF17-LeaderElection111: begin an election at term 108 for -1: [6fa005cd-25d6-4e29-bda6-9462a060c098:192.168.69.67:36093, 4b487190-7547-40c7-b780-43c37a89e8eb:192.168.69.67:39683, 3d3aac8b-d4d1-454d-bf0c-88a180692893:192.168.69.67:34429], old=null
2019-10-18 07:54:12,814 [grpc-default-executor-0] INFO  impl.RaftServerImpl (RaftServerImpl.java:setRole(184)) - 6fa005cd-25d6-4e29-bda6-9462a060c098@group-BAC069DAEF17: changes role from  FOLLOWER to FOLLOWER at term 108 for recognizeCandidate:4b487190-7547-40c7-b780-43c37a89e8eb
2019-10-18 07:54:12,814 [grpc-default-executor-3] INFO  impl.RaftServerImpl (RaftServerImpl.java:setRole(184)) - 3d3aac8b-d4d1-454d-bf0c-88a180692893@group-BAC069DAEF17: changes role from  FOLLOWER to FOLLOWER at term 108 for recognizeCandidate:4b487190-7547-40c7-b780-43c37a89e8eb
2019-10-18 07:54:12,814 [grpc-default-executor-0] INFO  impl.RoleInfo (RoleInfo.java:shutdownFollowerState(121)) - 6fa005cd-25d6-4e29-bda6-9462a060c098: shutdown FollowerState
2019-10-18 07:54:12,814 [grpc-default-executor-3] INFO  impl.RoleInfo (RoleInfo.java:shutdownFollowerState(121)) - 3d3aac8b-d4d1-454d-bf0c-88a180692893: shutdown FollowerState
2019-10-18 07:54:12,815 [grpc-default-executor-3] INFO  impl.RoleInfo (RoleInfo.java:updateAndGet(143)) - 3d3aac8b-d4d1-454d-bf0c-88a180692893: start FollowerState
2019-10-18 07:54:12,815 [Thread-1040] INFO  impl.FollowerState (FollowerState.java:run(117)) - 6fa005cd-25d6-4e29-bda6-9462a060c098@group-BAC069DAEF17-FollowerState was interrupted: java.lang.InterruptedException: sleep interrupted
2019-10-18 07:54:12,815 [grpc-default-executor-0] INFO  impl.RoleInfo (RoleInfo.java:updateAndGet(143)) - 6fa005cd-25d6-4e29-bda6-9462a060c098: start FollowerState
2019-10-18 07:54:12,815 [Thread-1041] INFO  impl.FollowerState (FollowerState.java:run(117)) - 3d3aac8b-d4d1-454d-bf0c-88a180692893@group-BAC069DAEF17-FollowerState was interrupted: java.lang.InterruptedException: sleep interrupted
2019-10-18 07:54:12,830 [4b487190-7547-40c7-b780-43c37a89e8eb@group-BAC069DAEF17-LeaderElection111] INFO  impl.LeaderElection (LeaderElection.java:logAndReturn(56)) - 4b487190-7547-40c7-b780-43c37a89e8eb@group-BAC069DAEF17-LeaderElection111: Election REJECTED; received 2 response(s) [4b487190-7547-40c7-b780-43c37a89e8eb<-6fa005cd-25d6-4e29-bda6-9462a060c098#0:FAIL-t108, 4b487190-7547-40c7-b780-43c37a89e8eb<-3d3aac8b-d4d1-454d-bf0c-88a180692893#0:FAIL-t108] and 0 exception(s); 4b487190-7547-40c7-b780-43c37a89e8eb@group-BAC069DAEF17:t108, leader=null, voted=4b487190-7547-40c7-b780-43c37a89e8eb, raftlog=4b487190-7547-40c7-b780-43c37a89e8eb@group-BAC069DAEF17-SegmentedRaftLog:OPENED:c-1,f-1,i0, conf=-1: [6fa005cd-25d6-4e29-bda6-9462a060c098:192.168.69.67:36093, 4b487190-7547-40c7-b780-43c37a89e8eb:192.168.69.67:39683, 3d3aac8b-d4d1-454d-bf0c-88a180692893:192.168.69.67:34429], old=null
2019-10-18 07:54:12,830 [4b487190-7547-40c7-b780-43c37a89e8eb@group-BAC069DAEF17-LeaderElection111] INFO  impl.RaftServerImpl (RaftServerImpl.java:setRole(184)) - 4b487190-7547-40c7-b780-43c37a89e8eb@group-BAC069DAEF17: changes role from CANDIDATE to FOLLOWER at term 108 for DISCOVERED_A_NEW_TERM
2019-10-18 07:54:12,830 [4b487190-7547-40c7-b780-43c37a89e8eb@group-BAC069DAEF17-LeaderElection111] INFO  impl.RoleInfo (RoleInfo.java:shutdownLeaderElection(134)) - 4b487190-7547-40c7-b780-43c37a89e8eb: shutdown LeaderElection
2019-10-18 07:54:12,830 [4b487190-7547-40c7-b780-43c37a89e8eb@group-BAC069DAEF17-LeaderElection111] INFO  impl.RoleInfo (RoleInfo.java:updateAndGet(143)) - 4b487190-7547-40c7-b780-43c37a89e8eb: start FollowerState
2019-10-18 07:54:12,851 [Thread-1048] INFO  impl.FollowerState (FollowerState.java:run(108)) - 4b487190-7547-40c7-b780-43c37a89e8eb@group-BAC069DAEF17-FollowerState: change to CANDIDATE, lastRpcTime:20ms, electionTimeout:20ms
2019-10-18 07:54:12,851 [Thread-1048] INFO  impl.RoleInfo (RoleInfo.java:shutdownFollowerState(121)) - 4b487190-7547-40c7-b780-43c37a89e8eb: shutdown FollowerState
2019-10-18 07:54:12,851 [Thread-1048] INFO  impl.RaftServerImpl (RaftServerImpl.java:setRole(184)) - 4b487190-7547-40c7-b780-43c37a89e8eb@group-BAC069DAEF17: changes role from  FOLLOWER to CANDIDATE at term 108 for changeToCandidate
2019-10-18 07:54:12,851 [Thread-1048] INFO  impl.RoleInfo (RoleInfo.java:updateAndGet(143)) - 4b487190-7547-40c7-b780-43c37a89e8eb: start LeaderElection
2019-10-18 07:54:12,865 [4b487190-7547-40c7-b780-43c37a89e8eb@group-BAC069DAEF17-LeaderElection112] INFO  impl.LeaderElection (LeaderElection.java:askForVotes(178)) - 4b487190-7547-40c7-b780-43c37a89e8eb@group-BAC069DAEF17-LeaderElection112: begin an election at term 109 for -1: [6fa005cd-25d6-4e29-bda6-9462a060c098:192.168.69.67:36093, 4b487190-7547-40c7-b780-43c37a89e8eb:192.168.69.67:39683, 3d3aac8b-d4d1-454d-bf0c-88a180692893:192.168.69.67:34429], old=null
2019-10-18 07:54:12,867 [grpc-default-executor-0] INFO  impl.RaftServerImpl (RaftServerImpl.java:setRole(184)) - 3d3aac8b-d4d1-454d-bf0c-88a180692893@group-BAC069DAEF17: changes role from  FOLLOWER to FOLLOWER at term 109 for recognizeCandidate:4b487190-7547-40c7-b780-43c37a89e8eb
2019-10-18 07:54:12,867 [grpc-default-executor-3] INFO  impl.RaftServerImpl (RaftServerImpl.java:setRole(184)) - 6fa005cd-25d6-4e29-bda6-9462a060c098@group-BAC069DAEF17: changes role from  FOLLOWER to FOLLOWER at term 109 for recognizeCandidate:4b487190-7547-40c7-b780-43c37a89e8eb
2019-10-18 07:54:12,867 [grpc-default-executor-0] INFO  impl.RoleInfo (RoleInfo.java:shutdownFollowerState(121)) - 3d3aac8b-d4d1-454d-bf0c-88a180692893: shutdown FollowerState
2019-10-18 07:54:12,867 [grpc-default-executor-3] INFO  impl.RoleInfo (RoleInfo.java:shutdownFollowerState(121)) - 6fa005cd-25d6-4e29-bda6-9462a060c098: shutdown FollowerState
2019-10-18 07:54:12,868 [Thread-1047] INFO  impl.FollowerState (FollowerState.java:run(117)) - 3d3aac8b-d4d1-454d-bf0c-88a180692893@group-BAC069DAEF17-FollowerState was interrupted: java.lang.InterruptedException: sleep interrupted
2019-10-18 07:54:12,868 [grpc-default-executor-0] INFO  impl.RoleInfo (RoleInfo.java:updateAndGet(143)) - 3d3aac8b-d4d1-454d-bf0c-88a180692893: start FollowerState
2019-10-18 07:54:12,868 [Thread-1046] INFO  impl.FollowerState (FollowerState.java:run(117)) - 6fa005cd-25d6-4e29-bda6-9462a060c098@group-BAC069DAEF17-FollowerState was interrupted: java.lang.InterruptedException: sleep interrupted
2019-10-18 07:54:12,868 [grpc-default-executor-3] INFO  impl.RoleInfo (RoleInfo.java:updateAndGet(143)) - 6fa005cd-25d6-4e29-bda6-9462a060c098: start FollowerState
2019-10-18 07:54:12,883 [4b487190-7547-40c7-b780-43c37a89e8eb@group-BAC069DAEF17-LeaderElection112] INFO  impl.LeaderElection (LeaderElection.java:logAndReturn(56)) - 4b487190-7547-40c7-b780-43c37a89e8eb@group-BAC069DAEF17-LeaderElection112: Election REJECTED; received 2 response(s) [4b487190-7547-40c7-b780-43c37a89e8eb<-6fa005cd-25d6-4e29-bda6-9462a060c098#0:FAIL-t109, 4b487190-7547-40c7-b780-43c37a89e8eb<-3d3aac8b-d4d1-454d-bf0c-88a180692893#0:FAIL-t109] and 0 exception(s); 4b487190-7547-40c7-b780-43c37a89e8eb@group-BAC069DAEF17:t109, leader=null, voted=4b487190-7547-40c7-b780-43c37a89e8eb, raftlog=4b487190-7547-40c7-b780-43c37a89e8eb@group-BAC069DAEF17-SegmentedRaftLog:OPENED:c-1,f-1,i0, conf=-1: [6fa005cd-25d6-4e29-bda6-9462a060c098:192.168.69.67:36093, 4b487190-7547-40c7-b780-43c37a89e8eb:192.168.69.67:39683, 3d3aac8b-d4d1-454d-bf0c-88a180692893:192.168.69.67:34429], old=null
2019-10-18 07:54:12,883 [4b487190-7547-40c7-b780-43c37a89e8eb@group-BAC069DAEF17-LeaderElection112] INFO  impl.RaftServerImpl (RaftServerImpl.java:setRole(184)) - 4b487190-7547-40c7-b780-43c37a89e8eb@group-BAC069DAEF17: changes role from CANDIDATE to FOLLOWER at term 109 for DISCOVERED_A_NEW_TERM
2019-10-18 07:54:12,883 [4b487190-7547-40c7-b780-43c37a89e8eb@group-BAC069DAEF17-LeaderElection112] INFO  impl.RoleInfo (RoleInfo.java:shutdownLeaderElection(134)) - 4b487190-7547-40c7-b780-43c37a89e8eb: shutdown LeaderElection
2019-10-18 07:54:12,884 [4b487190-7547-40c7-b780-43c37a89e8eb@group-BAC069DAEF17-LeaderElection112] INFO  impl.RoleInfo (RoleInfo.java:updateAndGet(143)) - 4b487190-7547-40c7-b780-43c37a89e8eb: start FollowerState
2019-10-18 07:54:12,893 [Thread-1054] INFO  impl.FollowerState (FollowerState.java:run(108)) - 4b487190-7547-40c7-b780-43c37a89e8eb@group-BAC069DAEF17-FollowerState: change to CANDIDATE, lastRpcTime:9ms, electionTimeout:9ms
2019-10-18 07:54:12,893 [Thread-1054] INFO  impl.RoleInfo (RoleInfo.java:shutdownFollowerState(121)) - 4b487190-7547-40c7-b780-43c37a89e8eb: shutdown FollowerState
2019-10-18 07:54:12,893 [Thread-1054] INFO  impl.RaftServerImpl (RaftServerImpl.java:setRole(184)) - 4b487190-7547-40c7-b780-43c37a89e8eb@group-BAC069DAEF17: changes role from  FOLLOWER to CANDIDATE at term 109 for changeToCandidate
2019-10-18 07:54:12,894 [Thread-1054] INFO  impl.RoleInfo (RoleInfo.java:updateAndGet(143)) - 4b487190-7547-40c7-b780-43c37a89e8eb: start LeaderElection
2019-10-18 07:54:12,919 [4b487190-7547-40c7-b780-43c37a89e8eb@group-BAC069DAEF17-LeaderElection113] INFO  impl.LeaderElection (LeaderElection.java:askForVotes(178)) - 4b487190-7547-40c7-b780-43c37a89e8eb@group-BAC069DAEF17-LeaderElection113: begin an election at term 110 for -1: [6fa005cd-25d6-4e29-bda6-9462a060c098:192.168.69.67:36093, 4b487190-7547-40c7-b780-43c37a89e8eb:192.168.69.67:39683, 3d3aac8b-d4d1-454d-bf0c-88a180692893:192.168.69.67:34429], old=null
2019-10-18 07:54:12,922 [grpc-default-executor-3] INFO  impl.RaftServerImpl (RaftServerImpl.java:setRole(184)) - 6fa005cd-25d6-4e29-bda6-9462a060c098@group-BAC069DAEF17: changes role from  FOLLOWER to FOLLOWER at term 110 for recognizeCandidate:4b487190-7547-40c7-b780-43c37a89e8eb
2019-10-18 07:54:12,922 [grpc-default-executor-3] INFO  impl.RoleInfo (RoleInfo.java:shutdownFollowerState(121)) - 6fa005cd-25d6-4e29-bda6-9462a060c098: shutdown FollowerState
2019-10-18 07:54:12,922 [grpc-default-executor-0] INFO  impl.RaftServerImpl (RaftServerImpl.java:setRole(184)) - 3d3aac8b-d4d1-454d-bf0c-88a180692893@group-BAC069DAEF17: changes role from  FOLLOWER to FOLLOWER at term 110 for recognizeCandidate:4b487190-7547-40c7-b780-43c37a89e8eb
2019-10-18 07:54:12,922 [grpc-default-executor-3] INFO  impl.RoleInfo (RoleInfo.java:updateAndGet(143)) - 6fa005cd-25d6-4e29-bda6-9462a060c098: start FollowerState
2019-10-18 07:54:12,922 [Thread-1053] INFO  impl.FollowerState (FollowerState.java:run(117)) - 6fa005cd-25d6-4e29-bda6-9462a060c098@group-BAC069DAEF17-FollowerState was interrupted: java.lang.InterruptedException: sleep interrupted
2019-10-18 07:54:12,922 [grpc-default-executor-0] INFO  impl.RoleInfo (RoleInfo.java:shutdownFollowerState(121)) - 3d3aac8b-d4d1-454d-bf0c-88a180692893: shutdown FollowerState
2019-10-18 07:54:12,923 [grpc-default-executor-0] INFO  impl.RoleInfo (RoleInfo.java:updateAndGet(143)) - 3d3aac8b-d4d1-454d-bf0c-88a180692893: start FollowerState
2019-10-18 07:54:12,923 [Thread-1052] INFO  impl.FollowerState (FollowerState.java:run(117)) - 3d3aac8b-d4d1-454d-bf0c-88a180692893@group-BAC069DAEF17-FollowerState was interrupted: java.lang.InterruptedException: sleep interrupted
2019-10-18 07:54:12,949 [4b487190-7547-40c7-b780-43c37a89e8eb@group-BAC069DAEF17-LeaderElection113] INFO  impl.LeaderElection (LeaderElection.java:logAndReturn(56)) - 4b487190-7547-40c7-b780-43c37a89e8eb@group-BAC069DAEF17-LeaderElection113: Election REJECTED; received 2 response(s) [4b487190-7547-40c7-b780-43c37a89e8eb<-6fa005cd-25d6-4e29-bda6-9462a060c098#0:FAIL-t110, 4b487190-7547-40c7-b780-43c37a89e8eb<-3d3aac8b-d4d1-454d-bf0c-88a180692893#0:FAIL-t110] and 0 exception(s); 4b487190-7547-40c7-b780-43c37a89e8eb@group-BAC069DAEF17:t110, leader=null, voted=4b487190-7547-40c7-b780-43c37a89e8eb, raftlog=4b487190-7547-40c7-b780-43c37a89e8eb@group-BAC069DAEF17-SegmentedRaftLog:OPENED:c-1,f-1,i0, conf=-1: [6fa005cd-25d6-4e29-bda6-9462a060c098:192.168.69.67:36093, 4b487190-7547-40c7-b780-43c37a89e8eb:192.168.69.67:39683, 3d3aac8b-d4d1-454d-bf0c-88a180692893:192.168.69.67:34429], old=null
2019-10-18 07:54:12,949 [4b487190-7547-40c7-b780-43c37a89e8eb@group-BAC069DAEF17-LeaderElection113] INFO  impl.RaftServerImpl (RaftServerImpl.java:setRole(184)) - 4b487190-7547-40c7-b780-43c37a89e8eb@group-BAC069DAEF17: changes role from CANDIDATE to FOLLOWER at term 110 for DISCOVERED_A_NEW_TERM
2019-10-18 07:54:12,949 [4b487190-7547-40c7-b780-43c37a89e8eb@group-BAC069DAEF17-LeaderElection113] INFO  impl.RoleInfo (RoleInfo.java:shutdownLeaderElection(134)) - 4b487190-7547-40c7-b780-43c37a89e8eb: shutdown LeaderElection
2019-10-18 07:54:12,949 [4b487190-7547-40c7-b780-43c37a89e8eb@group-BAC069DAEF17-LeaderElection113] INFO  impl.RoleInfo (RoleInfo.java:updateAndGet(143)) - 4b487190-7547-40c7-b780-43c37a89e8eb: start FollowerState
2019-10-18 07:54:13,039 [Thread-1060] INFO  impl.FollowerState (FollowerState.java:run(108)) - 4b487190-7547-40c7-b780-43c37a89e8eb@group-BAC069DAEF17-FollowerState: change to CANDIDATE, lastRpcTime:89ms, electionTimeout:89ms
2019-10-18 07:54:13,039 [Thread-1060] INFO  impl.RoleInfo (RoleInfo.java:shutdownFollowerState(121)) - 4b487190-7547-40c7-b780-43c37a89e8eb: shutdown FollowerState
2019-10-18 07:54:13,039 [Thread-1060] INFO  impl.RaftServerImpl (RaftServerImpl.java:setRole(184)) - 4b487190-7547-40c7-b780-43c37a89e8eb@group-BAC069DAEF17: changes role from  FOLLOWER to CANDIDATE at term 110 for changeToCandidate
2019-10-18 07:54:13,039 [Thread-1060] INFO  impl.RoleInfo (RoleInfo.java:updateAndGet(143)) - 4b487190-7547-40c7-b780-43c37a89e8eb: start LeaderElection
2019-10-18 07:54:13,052 [4b487190-7547-40c7-b780-43c37a89e8eb@group-BAC069DAEF17-LeaderElection114] INFO  impl.LeaderElection (LeaderElection.java:askForVotes(178)) - 4b487190-7547-40c7-b780-43c37a89e8eb@group-BAC069DAEF17-LeaderElection114: begin an election at term 111 for -1: [6fa005cd-25d6-4e29-bda6-9462a060c098:192.168.69.67:36093, 4b487190-7547-40c7-b780-43c37a89e8eb:192.168.69.67:39683, 3d3aac8b-d4d1-454d-bf0c-88a180692893:192.168.69.67:34429], old=null
2019-10-18 07:54:13,055 [grpc-default-executor-3] INFO  impl.RaftServerImpl (RaftServerImpl.java:setRole(184)) - 3d3aac8b-d4d1-454d-bf0c-88a180692893@group-BAC069DAEF17: changes role from  FOLLOWER to FOLLOWER at term 111 for recognizeCandidate:4b487190-7547-40c7-b780-43c37a89e8eb
2019-10-18 07:54:13,055 [grpc-default-executor-0] INFO  impl.RaftServerImpl (RaftServerImpl.java:setRole(184)) - 6fa005cd-25d6-4e29-bda6-9462a060c098@group-BAC069DAEF17: changes role from  FOLLOWER to FOLLOWER at term 111 for recognizeCandidate:4b487190-7547-40c7-b780-43c37a89e8eb
2019-10-18 07:54:13,055 [grpc-default-executor-3] INFO  impl.RoleInfo (RoleInfo.java:shutdownFollowerState(121)) - 3d3aac8b-d4d1-454d-bf0c-88a180692893: shutdown FollowerState
2019-10-18 07:54:13,055 [grpc-default-executor-0] INFO  impl.RoleInfo (RoleInfo.java:shutdownFollowerState(121)) - 6fa005cd-25d6-4e29-bda6-9462a060c098: shutdown FollowerState
2019-10-18 07:54:13,055 [Thread-1059] INFO  impl.FollowerState (FollowerState.java:run(117)) - 3d3aac8b-d4d1-454d-bf0c-88a180692893@group-BAC069DAEF17-FollowerState was interrupted: java.lang.InterruptedException: sleep interrupted
2019-10-18 07:54:13,055 [grpc-default-executor-3] INFO  impl.RoleInfo (RoleInfo.java:updateAndGet(143)) - 3d3aac8b-d4d1-454d-bf0c-88a180692893: start FollowerState
2019-10-18 07:54:13,056 [Thread-1058] INFO  impl.FollowerState (FollowerState.java:run(117)) - 6fa005cd-25d6-4e29-bda6-9462a060c098@group-BAC069DAEF17-FollowerState was interrupted: java.lang.InterruptedException: sleep interrupted
2019-10-18 07:54:13,056 [grpc-default-executor-0] INFO  impl.RoleInfo (RoleInfo.java:updateAndGet(143)) - 6fa005cd-25d6-4e29-bda6-9462a060c098: start FollowerState
2019-10-18 07:54:13,070 [4b487190-7547-40c7-b780-43c37a89e8eb@group-BAC069DAEF17-LeaderElection114] INFO  impl.LeaderElection (LeaderElection.java:logAndReturn(56)) - 4b487190-7547-40c7-b780-43c37a89e8eb@group-BAC069DAEF17-LeaderElection114: Election REJECTED; received 2 response(s) [4b487190-7547-40c7-b780-43c37a89e8eb<-6fa005cd-25d6-4e29-bda6-9462a060c098#0:FAIL-t111, 4b487190-7547-40c7-b780-43c37a89e8eb<-3d3aac8b-d4d1-454d-bf0c-88a180692893#0:FAIL-t111] and 0 exception(s); 4b487190-7547-40c7-b780-43c37a89e8eb@group-BAC069DAEF17:t111, leader=null, voted=4b487190-7547-40c7-b780-43c37a89e8eb, raftlog=4b487190-7547-40c7-b780-43c37a89e8eb@group-BAC069DAEF17-SegmentedRaftLog:OPENED:c-1,f-1,i0, conf=-1: [6fa005cd-25d6-4e29-bda6-9462a060c098:192.168.69.67:36093, 4b487190-7547-40c7-b780-43c37a89e8eb:192.168.69.67:39683, 3d3aac8b-d4d1-454d-bf0c-88a180692893:192.168.69.67:34429], old=null
2019-10-18 07:54:13,071 [4b487190-7547-40c7-b780-43c37a89e8eb@group-BAC069DAEF17-LeaderElection114] INFO  impl.RaftServerImpl (RaftServerImpl.java:setRole(184)) - 4b487190-7547-40c7-b780-43c37a89e8eb@group-BAC069DAEF17: changes role from CANDIDATE to FOLLOWER at term 111 for DISCOVERED_A_NEW_TERM
2019-10-18 07:54:13,071 [4b487190-7547-40c7-b780-43c37a89e8eb@group-BAC069DAEF17-LeaderElection114] INFO  impl.RoleInfo (RoleInfo.java:shutdownLeaderElection(134)) - 4b487190-7547-40c7-b780-43c37a89e8eb: shutdown LeaderElection
2019-10-18 07:54:13,071 [4b487190-7547-40c7-b780-43c37a89e8eb@group-BAC069DAEF17-LeaderElection114] INFO  impl.RoleInfo (RoleInfo.java:updateAndGet(143)) - 4b487190-7547-40c7-b780-43c37a89e8eb: start FollowerState
2019-10-18 07:54:13,080 [Thread-1068] INFO  impl.FollowerState (FollowerState.java:run(108)) - 4b487190-7547-40c7-b780-43c37a89e8eb@group-BAC069DAEF17-FollowerState: change to CANDIDATE, lastRpcTime:9ms, electionTimeout:9ms
2019-10-18 07:54:13,080 [Thread-1068] INFO  impl.RoleInfo (RoleInfo.java:shutdownFollowerState(121)) - 4b487190-7547-40c7-b780-43c37a89e8eb: shutdown FollowerState
2019-10-18 07:54:13,081 [Thread-1068] INFO  impl.RaftServerImpl (RaftServerImpl.java:setRole(184)) - 4b487190-7547-40c7-b780-43c37a89e8eb@group-BAC069DAEF17: changes role from  FOLLOWER to CANDIDATE at term 111 for changeToCandidate
2019-10-18 07:54:13,081 [Thread-1068] INFO  impl.RoleInfo (RoleInfo.java:updateAndGet(143)) - 4b487190-7547-40c7-b780-43c37a89e8eb: start LeaderElection
2019-10-18 07:54:13,094 [4b487190-7547-40c7-b780-43c37a89e8eb@group-BAC069DAEF17-LeaderElection115] INFO  impl.LeaderElection (LeaderElection.java:askForVotes(178)) - 4b487190-7547-40c7-b780-43c37a89e8eb@group-BAC069DAEF17-LeaderElection115: begin an election at term 112 for -1: [6fa005cd-25d6-4e29-bda6-9462a060c098:192.168.69.67:36093, 4b487190-7547-40c7-b780-43c37a89e8eb:192.168.69.67:39683, 3d3aac8b-d4d1-454d-bf0c-88a180692893:192.168.69.67:34429], old=null
2019-10-18 07:54:13,096 [grpc-default-executor-3] INFO  impl.RaftServerImpl (RaftServerImpl.java:setRole(184)) - 6fa005cd-25d6-4e29-bda6-9462a060c098@group-BAC069DAEF17: changes role from  FOLLOWER to FOLLOWER at term 112 for recognizeCandidate:4b487190-7547-40c7-b780-43c37a89e8eb
2019-10-18 07:54:13,096 [grpc-default-executor-3] INFO  impl.RoleInfo (RoleInfo.java:shutdownFollowerState(121)) - 6fa005cd-25d6-4e29-bda6-9462a060c098: shutdown FollowerState
2019-10-18 07:54:13,096 [grpc-default-executor-0] INFO  impl.RaftServerImpl (RaftServerImpl.java:setRole(184)) - 3d3aac8b-d4d1-454d-bf0c-88a180692893@group-BAC069DAEF17: changes role from  FOLLOWER to FOLLOWER at term 112 for recognizeCandidate:4b487190-7547-40c7-b780-43c37a89e8eb
2019-10-18 07:54:13,096 [grpc-default-executor-3] INFO  impl.RoleInfo (RoleInfo.java:updateAndGet(143)) - 6fa005cd-25d6-4e29-bda6-9462a060c098: start FollowerState
2019-10-18 07:54:13,096 [Thread-1067] INFO  impl.FollowerState (FollowerState.java:run(117)) - 6fa005cd-25d6-4e29-bda6-9462a060c098@group-BAC069DAEF17-FollowerState was interrupted: java.lang.InterruptedException: sleep interrupted
2019-10-18 07:54:13,096 [grpc-default-executor-0] INFO  impl.RoleInfo (RoleInfo.java:shutdownFollowerState(121)) - 3d3aac8b-d4d1-454d-bf0c-88a180692893: shutdown FollowerState
2019-10-18 07:54:13,097 [grpc-default-executor-0] INFO  impl.RoleInfo (RoleInfo.java:updateAndGet(143)) - 3d3aac8b-d4d1-454d-bf0c-88a180692893: start FollowerState
2019-10-18 07:54:13,097 [Thread-1066] INFO  impl.FollowerState (FollowerState.java:run(117)) - 3d3aac8b-d4d1-454d-bf0c-88a180692893@group-BAC069DAEF17-FollowerState was interrupted: java.lang.InterruptedException: sleep interrupted
2019-10-18 07:54:13,119 [4b487190-7547-40c7-b780-43c37a89e8eb@group-BAC069DAEF17-LeaderElection115] INFO  impl.LeaderElection (LeaderElection.java:logAndReturn(56)) - 4b487190-7547-40c7-b780-43c37a89e8eb@group-BAC069DAEF17-LeaderElection115: Election REJECTED; received 2 response(s) [4b487190-7547-40c7-b780-43c37a89e8eb<-6fa005cd-25d6-4e29-bda6-9462a060c098#0:FAIL-t112, 4b487190-7547-40c7-b780-43c37a89e8eb<-3d3aac8b-d4d1-454d-bf0c-88a180692893#0:FAIL-t112] and 0 exception(s); 4b487190-7547-40c7-b780-43c37a89e8eb@group-BAC069DAEF17:t112, leader=null, voted=4b487190-7547-40c7-b780-43c37a89e8eb, raftlog=4b487190-7547-40c7-b780-43c37a89e8eb@group-BAC069DAEF17-SegmentedRaftLog:OPENED:c-1,f-1,i0, conf=-1: [6fa005cd-25d6-4e29-bda6-9462a060c098:192.168.69.67:36093, 4b487190-7547-40c7-b780-43c37a89e8eb:192.168.69.67:39683, 3d3aac8b-d4d1-454d-bf0c-88a180692893:192.168.69.67:34429], old=null
2019-10-18 07:54:13,120 [4b487190-7547-40c7-b780-43c37a89e8eb@group-BAC069DAEF17-LeaderElection115] INFO  impl.RaftServerImpl (RaftServerImpl.java:setRole(184)) - 4b487190-7547-40c7-b780-43c37a89e8eb@group-BAC069DAEF17: changes role from CANDIDATE to FOLLOWER at term 112 for DISCOVERED_A_NEW_TERM
2019-10-18 07:54:13,120 [4b487190-7547-40c7-b780-43c37a89e8eb@group-BAC069DAEF17-LeaderElection115] INFO  impl.RoleInfo (RoleInfo.java:shutdownLeaderElection(134)) - 4b487190-7547-40c7-b780-43c37a89e8eb: shutdown LeaderElection
2019-10-18 07:54:13,120 [4b487190-7547-40c7-b780-43c37a89e8eb@group-BAC069DAEF17-LeaderElection115] INFO  impl.RoleInfo (RoleInfo.java:updateAndGet(143)) - 4b487190-7547-40c7-b780-43c37a89e8eb: start FollowerState
2019-10-18 07:54:13,177 [Thread-1074] INFO  impl.FollowerState (FollowerState.java:run(108)) - 4b487190-7547-40c7-b780-43c37a89e8eb@group-BAC069DAEF17-FollowerState: change to CANDIDATE, lastRpcTime:56ms, electionTimeout:56ms
2019-10-18 07:54:13,177 [Thread-1074] INFO  impl.RoleInfo (RoleInfo.java:shutdownFollowerState(121)) - 4b487190-7547-40c7-b780-43c37a89e8eb: shutdown FollowerState
2019-10-18 07:54:13,177 [Thread-1074] INFO  impl.RaftServerImpl (RaftServerImpl.java:setRole(184)) - 4b487190-7547-40c7-b780-43c37a89e8eb@group-BAC069DAEF17: changes role from  FOLLOWER to CANDIDATE at term 112 for changeToCandidate
2019-10-18 07:54:13,177 [Thread-1074] INFO  impl.RoleInfo (RoleInfo.java:updateAndGet(143)) - 4b487190-7547-40c7-b780-43c37a89e8eb: start LeaderElection
2019-10-18 07:54:13,191 [4b487190-7547-40c7-b780-43c37a89e8eb@group-BAC069DAEF17-LeaderElection116] INFO  impl.LeaderElection (LeaderElection.java:askForVotes(178)) - 4b487190-7547-40c7-b780-43c37a89e8eb@group-BAC069DAEF17-LeaderElection116: begin an election at term 113 for -1: [6fa005cd-25d6-4e29-bda6-9462a060c098:192.168.69.67:36093, 4b487190-7547-40c7-b780-43c37a89e8eb:192.168.69.67:39683, 3d3aac8b-d4d1-454d-bf0c-88a180692893:192.168.69.67:34429], old=null
2019-10-18 07:54:13,194 [grpc-default-executor-3] INFO  impl.RaftServerImpl (RaftServerImpl.java:setRole(184)) - 6fa005cd-25d6-4e29-bda6-9462a060c098@group-BAC069DAEF17: changes role from  FOLLOWER to FOLLOWER at term 113 for recognizeCandidate:4b487190-7547-40c7-b780-43c37a89e8eb
2019-10-18 07:54:13,194 [grpc-default-executor-0] INFO  impl.RaftServerImpl (RaftServerImpl.java:setRole(184)) - 3d3aac8b-d4d1-454d-bf0c-88a180692893@group-BAC069DAEF17: changes role from  FOLLOWER to FOLLOWER at term 113 for recognizeCandidate:4b487190-7547-40c7-b780-43c37a89e8eb
2019-10-18 07:54:13,194 [grpc-default-executor-3] INFO  impl.RoleInfo (RoleInfo.java:shutdownFollowerState(121)) - 6fa005cd-25d6-4e29-bda6-9462a060c098: shutdown FollowerState
2019-10-18 07:54:13,194 [grpc-default-executor-0] INFO  impl.RoleInfo (RoleInfo.java:shutdownFollowerState(121)) - 3d3aac8b-d4d1-454d-bf0c-88a180692893: shutdown FollowerState
2019-10-18 07:54:13,194 [Thread-1072] INFO  impl.FollowerState (FollowerState.java:run(117)) - 6fa005cd-25d6-4e29-bda6-9462a060c098@group-BAC069DAEF17-FollowerState was interrupted: java.lang.InterruptedException: sleep interrupted
2019-10-18 07:54:13,194 [grpc-default-executor-3] INFO  impl.RoleInfo (RoleInfo.java:updateAndGet(143)) - 6fa005cd-25d6-4e29-bda6-9462a060c098: start FollowerState
2019-10-18 07:54:13,194 [Thread-1073] INFO  impl.FollowerState (FollowerState.java:run(117)) - 3d3aac8b-d4d1-454d-bf0c-88a180692893@group-BAC069DAEF17-FollowerState was interrupted: java.lang.InterruptedException: sleep interrupted
2019-10-18 07:54:13,194 [grpc-default-executor-0] INFO  impl.RoleInfo (RoleInfo.java:updateAndGet(143)) - 3d3aac8b-d4d1-454d-bf0c-88a180692893: start FollowerState
2019-10-18 07:54:13,209 [4b487190-7547-40c7-b780-43c37a89e8eb@group-BAC069DAEF17-LeaderElection116] INFO  impl.LeaderElection (LeaderElection.java:logAndReturn(56)) - 4b487190-7547-40c7-b780-43c37a89e8eb@group-BAC069DAEF17-LeaderElection116: Election REJECTED; received 2 response(s) [4b487190-7547-40c7-b780-43c37a89e8eb<-6fa005cd-25d6-4e29-bda6-9462a060c098#0:FAIL-t113, 4b487190-7547-40c7-b780-43c37a89e8eb<-3d3aac8b-d4d1-454d-bf0c-88a180692893#0:FAIL-t113] and 0 exception(s); 4b487190-7547-40c7-b780-43c37a89e8eb@group-BAC069DAEF17:t113, leader=null, voted=4b487190-7547-40c7-b780-43c37a89e8eb, raftlog=4b487190-7547-40c7-b780-43c37a89e8eb@group-BAC069DAEF17-SegmentedRaftLog:OPENED:c-1,f-1,i0, conf=-1: [6fa005cd-25d6-4e29-bda6-9462a060c098:192.168.69.67:36093, 4b487190-7547-40c7-b780-43c37a89e8eb:192.168.69.67:39683, 3d3aac8b-d4d1-454d-bf0c-88a180692893:192.168.69.67:34429], old=null
2019-10-18 07:54:13,210 [4b487190-7547-40c7-b780-43c37a89e8eb@group-BAC069DAEF17-LeaderElection116] INFO  impl.RaftServerImpl (RaftServerImpl.java:setRole(184)) - 4b487190-7547-40c7-b780-43c37a89e8eb@group-BAC069DAEF17: changes role from CANDIDATE to FOLLOWER at term 113 for DISCOVERED_A_NEW_TERM
2019-10-18 07:54:13,210 [4b487190-7547-40c7-b780-43c37a89e8eb@group-BAC069DAEF17-LeaderElection116] INFO  impl.RoleInfo (RoleInfo.java:shutdownLeaderElection(134)) - 4b487190-7547-40c7-b780-43c37a89e8eb: shutdown LeaderElection
2019-10-18 07:54:13,210 [4b487190-7547-40c7-b780-43c37a89e8eb@group-BAC069DAEF17-LeaderElection116] INFO  impl.RoleInfo (RoleInfo.java:updateAndGet(143)) - 4b487190-7547-40c7-b780-43c37a89e8eb: start FollowerState
2019-10-18 07:54:13,317 [Thread-1080] INFO  impl.FollowerState (FollowerState.java:run(108)) - 4b487190-7547-40c7-b780-43c37a89e8eb@group-BAC069DAEF17-FollowerState: change to CANDIDATE, lastRpcTime:107ms, electionTimeout:107ms
2019-10-18 07:54:13,318 [Thread-1080] INFO  impl.RoleInfo (RoleInfo.java:shutdownFollowerState(121)) - 4b487190-7547-40c7-b780-43c37a89e8eb: shutdown FollowerState
2019-10-18 07:54:13,318 [Thread-1080] INFO  impl.RaftServerImpl (RaftServerImpl.java:setRole(184)) - 4b487190-7547-40c7-b780-43c37a89e8eb@group-BAC069DAEF17: changes role from  FOLLOWER to CANDIDATE at term 113 for changeToCandidate
2019-10-18 07:54:13,318 [Thread-1080] INFO  impl.RoleInfo (RoleInfo.java:updateAndGet(143)) - 4b487190-7547-40c7-b780-43c37a89e8eb: start LeaderElection
2019-10-18 07:54:13,332 [4b487190-7547-40c7-b780-43c37a89e8eb@group-BAC069DAEF17-LeaderElection117] INFO  impl.LeaderElection (LeaderElection.java:askForVotes(178)) - 4b487190-7547-40c7-b780-43c37a89e8eb@group-BAC069DAEF17-LeaderElection117: begin an election at term 114 for -1: [6fa005cd-25d6-4e29-bda6-9462a060c098:192.168.69.67:36093, 4b487190-7547-40c7-b780-43c37a89e8eb:192.168.69.67:39683, 3d3aac8b-d4d1-454d-bf0c-88a180692893:192.168.69.67:34429], old=null
2019-10-18 07:54:13,335 [grpc-default-executor-3] INFO  impl.RaftServerImpl (RaftServerImpl.java:setRole(184)) - 6fa005cd-25d6-4e29-bda6-9462a060c098@group-BAC069DAEF17: changes role from  FOLLOWER to FOLLOWER at term 114 for recognizeCandidate:4b487190-7547-40c7-b780-43c37a89e8eb
2019-10-18 07:54:13,335 [grpc-default-executor-0] INFO  impl.RaftServerImpl (RaftServerImpl.java:setRole(184)) - 3d3aac8b-d4d1-454d-bf0c-88a180692893@group-BAC069DAEF17: changes role from  FOLLOWER to FOLLOWER at term 114 for recognizeCandidate:4b487190-7547-40c7-b780-43c37a89e8eb
2019-10-18 07:54:13,335 [grpc-default-executor-0] INFO  impl.RoleInfo (RoleInfo.java:shutdownFollowerState(121)) - 3d3aac8b-d4d1-454d-bf0c-88a180692893: shutdown FollowerState
2019-10-18 07:54:13,335 [grpc-default-executor-3] INFO  impl.RoleInfo (RoleInfo.java:shutdownFollowerState(121)) - 6fa005cd-25d6-4e29-bda6-9462a060c098: shutdown FollowerState
2019-10-18 07:54:13,335 [Thread-1079] INFO  impl.FollowerState (FollowerState.java:run(117)) - 3d3aac8b-d4d1-454d-bf0c-88a180692893@group-BAC069DAEF17-FollowerState was interrupted: java.lang.InterruptedException: sleep interrupted
2019-10-18 07:54:13,335 [grpc-default-executor-0] INFO  impl.RoleInfo (RoleInfo.java:updateAndGet(143)) - 3d3aac8b-d4d1-454d-bf0c-88a180692893: start FollowerState
2019-10-18 07:54:13,335 [Thread-1078] INFO  impl.FollowerState (FollowerState.java:run(117)) - 6fa005cd-25d6-4e29-bda6-9462a060c098@group-BAC069DAEF17-FollowerState was interrupted: java.lang.InterruptedException: sleep interrupted
2019-10-18 07:54:13,335 [grpc-default-executor-3] INFO  impl.RoleInfo (RoleInfo.java:updateAndGet(143)) - 6fa005cd-25d6-4e29-bda6-9462a060c098: start FollowerState
2019-10-18 07:54:13,355 [4b487190-7547-40c7-b780-43c37a89e8eb@group-BAC069DAEF17-LeaderElection117] INFO  impl.LeaderElection (LeaderElection.java:logAndReturn(56)) - 4b487190-7547-40c7-b780-43c37a89e8eb@group-BAC069DAEF17-LeaderElection117: Election REJECTED; received 2 response(s) [4b487190-7547-40c7-b780-43c37a89e8eb<-6fa005cd-25d6-4e29-bda6-9462a060c098#0:FAIL-t114, 4b487190-7547-40c7-b780-43c37a89e8eb<-3d3aac8b-d4d1-454d-bf0c-88a180692893#0:FAIL-t114] and 0 exception(s); 4b487190-7547-40c7-b780-43c37a89e8eb@group-BAC069DAEF17:t114, leader=null, voted=4b487190-7547-40c7-b780-43c37a89e8eb, raftlog=4b487190-7547-40c7-b780-43c37a89e8eb@group-BAC069DAEF17-SegmentedRaftLog:OPENED:c-1,f-1,i0, conf=-1: [6fa005cd-25d6-4e29-bda6-9462a060c098:192.168.69.67:36093, 4b487190-7547-40c7-b780-43c37a89e8eb:192.168.69.67:39683, 3d3aac8b-d4d1-454d-bf0c-88a180692893:192.168.69.67:34429], old=null
2019-10-18 07:54:13,356 [4b487190-7547-40c7-b780-43c37a89e8eb@group-BAC069DAEF17-LeaderElection117] INFO  impl.RaftServerImpl (RaftServerImpl.java:setRole(184)) - 4b487190-7547-40c7-b780-43c37a89e8eb@group-BAC069DAEF17: changes role from CANDIDATE to FOLLOWER at term 114 for DISCOVERED_A_NEW_TERM
2019-10-18 07:54:13,356 [4b487190-7547-40c7-b780-43c37a89e8eb@group-BAC069DAEF17-LeaderElection117] INFO  impl.RoleInfo (RoleInfo.java:shutdownLeaderElection(134)) - 4b487190-7547-40c7-b780-43c37a89e8eb: shutdown LeaderElection
2019-10-18 07:54:13,356 [4b487190-7547-40c7-b780-43c37a89e8eb@group-BAC069DAEF17-LeaderElection117] INFO  impl.RoleInfo (RoleInfo.java:updateAndGet(143)) - 4b487190-7547-40c7-b780-43c37a89e8eb: start FollowerState
2019-10-18 07:54:13,364 [Thread-1086] INFO  impl.FollowerState (FollowerState.java:run(108)) - 4b487190-7547-40c7-b780-43c37a89e8eb@group-BAC069DAEF17-FollowerState: change to CANDIDATE, lastRpcTime:8ms, electionTimeout:8ms
2019-10-18 07:54:13,364 [Thread-1086] INFO  impl.RoleInfo (RoleInfo.java:shutdownFollowerState(121)) - 4b487190-7547-40c7-b780-43c37a89e8eb: shutdown FollowerState
2019-10-18 07:54:13,364 [Thread-1086] INFO  impl.RaftServerImpl (RaftServerImpl.java:setRole(184)) - 4b487190-7547-40c7-b780-43c37a89e8eb@group-BAC069DAEF17: changes role from  FOLLOWER to CANDIDATE at term 114 for changeToCandidate
2019-10-18 07:54:13,365 [Thread-1086] INFO  impl.RoleInfo (RoleInfo.java:updateAndGet(143)) - 4b487190-7547-40c7-b780-43c37a89e8eb: start LeaderElection
2019-10-18 07:54:13,378 [4b487190-7547-40c7-b780-43c37a89e8eb@group-BAC069DAEF17-LeaderElection118] INFO  impl.LeaderElection (LeaderElection.java:askForVotes(178)) - 4b487190-7547-40c7-b780-43c37a89e8eb@group-BAC069DAEF17-LeaderElection118: begin an election at term 115 for -1: [6fa005cd-25d6-4e29-bda6-9462a060c098:192.168.69.67:36093, 4b487190-7547-40c7-b780-43c37a89e8eb:192.168.69.67:39683, 3d3aac8b-d4d1-454d-bf0c-88a180692893:192.168.69.67:34429], old=null
2019-10-18 07:54:13,381 [grpc-default-executor-0] INFO  impl.RaftServerImpl (RaftServerImpl.java:setRole(184)) - 3d3aac8b-d4d1-454d-bf0c-88a180692893@group-BAC069DAEF17: changes role from  FOLLOWER to FOLLOWER at term 115 for recognizeCandidate:4b487190-7547-40c7-b780-43c37a89e8eb
2019-10-18 07:54:13,381 [grpc-default-executor-3] INFO  impl.RaftServerImpl (RaftServerImpl.java:setRole(184)) - 6fa005cd-25d6-4e29-bda6-9462a060c098@group-BAC069DAEF17: changes role from  FOLLOWER to FOLLOWER at term 115 for recognizeCandidate:4b487190-7547-40c7-b780-43c37a89e8eb
2019-10-18 07:54:13,381 [grpc-default-executor-0] INFO  impl.RoleInfo (RoleInfo.java:shutdownFollowerState(121)) - 3d3aac8b-d4d1-454d-bf0c-88a180692893: shutdown FollowerState
2019-10-18 07:54:13,381 [grpc-default-executor-3] INFO  impl.RoleInfo (RoleInfo.java:shutdownFollowerState(121)) - 6fa005cd-25d6-4e29-bda6-9462a060c098: shutdown FollowerState
2019-10-18 07:54:13,382 [Thread-1084] INFO  impl.FollowerState (FollowerState.java:run(117)) - 3d3aac8b-d4d1-454d-bf0c-88a180692893@group-BAC069DAEF17-FollowerState was interrupted: java.lang.InterruptedException: sleep interrupted
2019-10-18 07:54:13,381 [grpc-default-executor-0] INFO  impl.RoleInfo (RoleInfo.java:updateAndGet(143)) - 3d3aac8b-d4d1-454d-bf0c-88a180692893: start FollowerState
2019-10-18 07:54:13,382 [Thread-1085] INFO  impl.FollowerState (FollowerState.java:run(117)) - 6fa005cd-25d6-4e29-bda6-9462a060c098@group-BAC069DAEF17-FollowerState was interrupted: java.lang.InterruptedException: sleep interrupted
2019-10-18 07:54:13,382 [grpc-default-executor-3] INFO  impl.RoleInfo (RoleInfo.java:updateAndGet(143)) - 6fa005cd-25d6-4e29-bda6-9462a060c098: start FollowerState
2019-10-18 07:54:13,397 [4b487190-7547-40c7-b780-43c37a89e8eb@group-BAC069DAEF17-LeaderElection118] INFO  impl.LeaderElection (LeaderElection.java:logAndReturn(56)) - 4b487190-7547-40c7-b780-43c37a89e8eb@group-BAC069DAEF17-LeaderElection118: Election REJECTED; received 2 response(s) [4b487190-7547-40c7-b780-43c37a89e8eb<-6fa005cd-25d6-4e29-bda6-9462a060c098#0:FAIL-t115, 4b487190-7547-40c7-b780-43c37a89e8eb<-3d3aac8b-d4d1-454d-bf0c-88a180692893#0:FAIL-t115] and 0 exception(s); 4b487190-7547-40c7-b780-43c37a89e8eb@group-BAC069DAEF17:t115, leader=null, voted=4b487190-7547-40c7-b780-43c37a89e8eb, raftlog=4b487190-7547-40c7-b780-43c37a89e8eb@group-BAC069DAEF17-SegmentedRaftLog:OPENED:c-1,f-1,i0, conf=-1: [6fa005cd-25d6-4e29-bda6-9462a060c098:192.168.69.67:36093, 4b487190-7547-40c7-b780-43c37a89e8eb:192.168.69.67:39683, 3d3aac8b-d4d1-454d-bf0c-88a180692893:192.168.69.67:34429], old=null
2019-10-18 07:54:13,397 [4b487190-7547-40c7-b780-43c37a89e8eb@group-BAC069DAEF17-LeaderElection118] INFO  impl.RaftServerImpl (RaftServerImpl.java:setRole(184)) - 4b487190-7547-40c7-b780-43c37a89e8eb@group-BAC069DAEF17: changes role from CANDIDATE to FOLLOWER at term 115 for DISCOVERED_A_NEW_TERM
2019-10-18 07:54:13,397 [4b487190-7547-40c7-b780-43c37a89e8eb@group-BAC069DAEF17-LeaderElection118] INFO  impl.RoleInfo (RoleInfo.java:shutdownLeaderElection(134)) - 4b487190-7547-40c7-b780-43c37a89e8eb: shutdown LeaderElection
2019-10-18 07:54:13,397 [4b487190-7547-40c7-b780-43c37a89e8eb@group-BAC069DAEF17-LeaderElection118] INFO  impl.RoleInfo (RoleInfo.java:updateAndGet(143)) - 4b487190-7547-40c7-b780-43c37a89e8eb: start FollowerState
2019-10-18 07:54:13,565 [Thread-1092] INFO  impl.FollowerState (FollowerState.java:run(108)) - 4b487190-7547-40c7-b780-43c37a89e8eb@group-BAC069DAEF17-FollowerState: change to CANDIDATE, lastRpcTime:167ms, electionTimeout:167ms
2019-10-18 07:54:13,565 [Thread-1092] INFO  impl.RoleInfo (RoleInfo.java:shutdownFollowerState(121)) - 4b487190-7547-40c7-b780-43c37a89e8eb: shutdown FollowerState
2019-10-18 07:54:13,565 [Thread-1092] INFO  impl.RaftServerImpl (RaftServerImpl.java:setRole(184)) - 4b487190-7547-40c7-b780-43c37a89e8eb@group-BAC069DAEF17: changes role from  FOLLOWER to CANDIDATE at term 115 for changeToCandidate
2019-10-18 07:54:13,565 [Thread-1092] INFO  impl.RoleInfo (RoleInfo.java:updateAndGet(143)) - 4b487190-7547-40c7-b780-43c37a89e8eb: start LeaderElection
2019-10-18 07:54:13,590 [4b487190-7547-40c7-b780-43c37a89e8eb@group-BAC069DAEF17-LeaderElection119] INFO  impl.LeaderElection (LeaderElection.java:askForVotes(178)) - 4b487190-7547-40c7-b780-43c37a89e8eb@group-BAC069DAEF17-LeaderElection119: begin an election at term 116 for -1: [6fa005cd-25d6-4e29-bda6-9462a060c098:192.168.69.67:36093, 4b487190-7547-40c7-b780-43c37a89e8eb:192.168.69.67:39683, 3d3aac8b-d4d1-454d-bf0c-88a180692893:192.168.69.67:34429], old=null
2019-10-18 07:54:13,593 [grpc-default-executor-3] INFO  impl.RaftServerImpl (RaftServerImpl.java:setRole(184)) - 6fa005cd-25d6-4e29-bda6-9462a060c098@group-BAC069DAEF17: changes role from  FOLLOWER to FOLLOWER at term 116 for recognizeCandidate:4b487190-7547-40c7-b780-43c37a89e8eb
2019-10-18 07:54:13,593 [grpc-default-executor-0] INFO  impl.RaftServerImpl (RaftServerImpl.java:setRole(184)) - 3d3aac8b-d4d1-454d-bf0c-88a180692893@group-BAC069DAEF17: changes role from  FOLLOWER to FOLLOWER at term 116 for recognizeCandidate:4b487190-7547-40c7-b780-43c37a89e8eb
2019-10-18 07:54:13,593 [grpc-default-executor-3] INFO  impl.RoleInfo (RoleInfo.java:shutdownFollowerState(121)) - 6fa005cd-25d6-4e29-bda6-9462a060c098: shutdown FollowerState
2019-10-18 07:54:13,593 [grpc-default-executor-0] INFO  impl.RoleInfo (RoleInfo.java:shutdownFollowerState(121)) - 3d3aac8b-d4d1-454d-bf0c-88a180692893: shutdown FollowerState
2019-10-18 07:54:13,594 [grpc-default-executor-3] INFO  impl.RoleInfo (RoleInfo.java:updateAndGet(143)) - 6fa005cd-25d6-4e29-bda6-9462a060c098: start FollowerState
2019-10-18 07:54:13,594 [Thread-1090] INFO  impl.FollowerState (FollowerState.java:run(117)) - 3d3aac8b-d4d1-454d-bf0c-88a180692893@group-BAC069DAEF17-FollowerState was interrupted: java.lang.InterruptedException: sleep interrupted
2019-10-18 07:54:13,594 [Thread-1091] INFO  impl.FollowerState (FollowerState.java:run(117)) - 6fa005cd-25d6-4e29-bda6-9462a060c098@group-BAC069DAEF17-FollowerState was interrupted: java.lang.InterruptedException: sleep interrupted
2019-10-18 07:54:13,594 [grpc-default-executor-0] INFO  impl.RoleInfo (RoleInfo.java:updateAndGet(143)) - 3d3aac8b-d4d1-454d-bf0c-88a180692893: start FollowerState
2019-10-18 07:54:13,612 [4b487190-7547-40c7-b780-43c37a89e8eb@group-BAC069DAEF17-LeaderElection119] INFO  impl.LeaderElection (LeaderElection.java:logAndReturn(56)) - 4b487190-7547-40c7-b780-43c37a89e8eb@group-BAC069DAEF17-LeaderElection119: Election REJECTED; received 2 response(s) [4b487190-7547-40c7-b780-43c37a89e8eb<-6fa005cd-25d6-4e29-bda6-9462a060c098#0:FAIL-t116, 4b487190-7547-40c7-b780-43c37a89e8eb<-3d3aac8b-d4d1-454d-bf0c-88a180692893#0:FAIL-t116] and 0 exception(s); 4b487190-7547-40c7-b780-43c37a89e8eb@group-BAC069DAEF17:t116, leader=null, voted=4b487190-7547-40c7-b780-43c37a89e8eb, raftlog=4b487190-7547-40c7-b780-43c37a89e8eb@group-BAC069DAEF17-SegmentedRaftLog:OPENED:c-1,f-1,i0, conf=-1: [6fa005cd-25d6-4e29-bda6-9462a060c098:192.168.69.67:36093, 4b487190-7547-40c7-b780-43c37a89e8eb:192.168.69.67:39683, 3d3aac8b-d4d1-454d-bf0c-88a180692893:192.168.69.67:34429], old=null
2019-10-18 07:54:13,612 [4b487190-7547-40c7-b780-43c37a89e8eb@group-BAC069DAEF17-LeaderElection119] INFO  impl.RaftServerImpl (RaftServerImpl.java:setRole(184)) - 4b487190-7547-40c7-b780-43c37a89e8eb@group-BAC069DAEF17: changes role from CANDIDATE to FOLLOWER at term 116 for DISCOVERED_A_NEW_TERM
2019-10-18 07:54:13,613 [4b487190-7547-40c7-b780-43c37a89e8eb@group-BAC069DAEF17-LeaderElection119] INFO  impl.RoleInfo (RoleInfo.java:shutdownLeaderElection(134)) - 4b487190-7547-40c7-b780-43c37a89e8eb: shutdown LeaderElection
2019-10-18 07:54:13,613 [4b487190-7547-40c7-b780-43c37a89e8eb@group-BAC069DAEF17-LeaderElection119] INFO  impl.RoleInfo (RoleInfo.java:updateAndGet(143)) - 4b487190-7547-40c7-b780-43c37a89e8eb: start FollowerState
2019-10-18 07:54:13,801 [Thread-1098] INFO  impl.FollowerState (FollowerState.java:run(108)) - 4b487190-7547-40c7-b780-43c37a89e8eb@group-BAC069DAEF17-FollowerState: change to CANDIDATE, lastRpcTime:188ms, electionTimeout:188ms
2019-10-18 07:54:13,801 [Thread-1098] INFO  impl.RoleInfo (RoleInfo.java:shutdownFollowerState(121)) - 4b487190-7547-40c7-b780-43c37a89e8eb: shutdown FollowerState
2019-10-18 07:54:13,802 [Thread-1098] INFO  impl.RaftServerImpl (RaftServerImpl.java:setRole(184)) - 4b487190-7547-40c7-b780-43c37a89e8eb@group-BAC069DAEF17: changes role from  FOLLOWER to CANDIDATE at term 116 for changeToCandidate
2019-10-18 07:54:13,802 [Thread-1098] INFO  impl.RoleInfo (RoleInfo.java:updateAndGet(143)) - 4b487190-7547-40c7-b780-43c37a89e8eb: start LeaderElection
2019-10-18 07:54:13,828 [4b487190-7547-40c7-b780-43c37a89e8eb@group-BAC069DAEF17-LeaderElection120] INFO  impl.LeaderElection (LeaderElection.java:askForVotes(178)) - 4b487190-7547-40c7-b780-43c37a89e8eb@group-BAC069DAEF17-LeaderElection120: begin an election at term 117 for -1: [6fa005cd-25d6-4e29-bda6-9462a060c098:192.168.69.67:36093, 4b487190-7547-40c7-b780-43c37a89e8eb:192.168.69.67:39683, 3d3aac8b-d4d1-454d-bf0c-88a180692893:192.168.69.67:34429], old=null
2019-10-18 07:54:13,831 [grpc-default-executor-3] INFO  impl.RaftServerImpl (RaftServerImpl.java:setRole(184)) - 6fa005cd-25d6-4e29-bda6-9462a060c098@group-BAC069DAEF17: changes role from  FOLLOWER to FOLLOWER at term 117 for recognizeCandidate:4b487190-7547-40c7-b780-43c37a89e8eb
2019-10-18 07:54:13,831 [grpc-default-executor-0] INFO  impl.RaftServerImpl (RaftServerImpl.java:setRole(184)) - 3d3aac8b-d4d1-454d-bf0c-88a180692893@group-BAC069DAEF17: changes role from  FOLLOWER to FOLLOWER at term 117 for recognizeCandidate:4b487190-7547-40c7-b780-43c37a89e8eb
2019-10-18 07:54:13,831 [grpc-default-executor-3] INFO  impl.RoleInfo (RoleInfo.java:shutdownFollowerState(121)) - 6fa005cd-25d6-4e29-bda6-9462a060c098: shutdown FollowerState
2019-10-18 07:54:13,832 [grpc-default-executor-0] INFO  impl.RoleInfo (RoleInfo.java:shutdownFollowerState(121)) - 3d3aac8b-d4d1-454d-bf0c-88a180692893: shutdown FollowerState
2019-10-18 07:54:13,832 [Thread-1096] INFO  impl.FollowerState (FollowerState.java:run(117)) - 6fa005cd-25d6-4e29-bda6-9462a060c098@group-BAC069DAEF17-FollowerState was interrupted: java.lang.InterruptedException: sleep interrupted
2019-10-18 07:54:13,832 [grpc-default-executor-3] INFO  impl.RoleInfo (RoleInfo.java:updateAndGet(143)) - 6fa005cd-25d6-4e29-bda6-9462a060c098: start FollowerState
2019-10-18 07:54:13,832 [Thread-1097] INFO  impl.FollowerState (FollowerState.java:run(117)) - 3d3aac8b-d4d1-454d-bf0c-88a180692893@group-BAC069DAEF17-FollowerState was interrupted: java.lang.InterruptedException: sleep interrupted
2019-10-18 07:54:13,832 [grpc-default-executor-0] INFO  impl.RoleInfo (RoleInfo.java:updateAndGet(143)) - 3d3aac8b-d4d1-454d-bf0c-88a180692893: start FollowerState
2019-10-18 07:54:13,859 [4b487190-7547-40c7-b780-43c37a89e8eb@group-BAC069DAEF17-LeaderElection120] INFO  impl.LeaderElection (LeaderElection.java:logAndReturn(56)) - 4b487190-7547-40c7-b780-43c37a89e8eb@group-BAC069DAEF17-LeaderElection120: Election REJECTED; received 2 response(s) [4b487190-7547-40c7-b780-43c37a89e8eb<-6fa005cd-25d6-4e29-bda6-9462a060c098#0:FAIL-t117, 4b487190-7547-40c7-b780-43c37a89e8eb<-3d3aac8b-d4d1-454d-bf0c-88a180692893#0:FAIL-t117] and 0 exception(s); 4b487190-7547-40c7-b780-43c37a89e8eb@group-BAC069DAEF17:t117, leader=null, voted=4b487190-7547-40c7-b780-43c37a89e8eb, raftlog=4b487190-7547-40c7-b780-43c37a89e8eb@group-BAC069DAEF17-SegmentedRaftLog:OPENED:c-1,f-1,i0, conf=-1: [6fa005cd-25d6-4e29-bda6-9462a060c098:192.168.69.67:36093, 4b487190-7547-40c7-b780-43c37a89e8eb:192.168.69.67:39683, 3d3aac8b-d4d1-454d-bf0c-88a180692893:192.168.69.67:34429], old=null
2019-10-18 07:54:13,859 [4b487190-7547-40c7-b780-43c37a89e8eb@group-BAC069DAEF17-LeaderElection120] INFO  impl.RaftServerImpl (RaftServerImpl.java:setRole(184)) - 4b487190-7547-40c7-b780-43c37a89e8eb@group-BAC069DAEF17: changes role from CANDIDATE to FOLLOWER at term 117 for DISCOVERED_A_NEW_TERM
2019-10-18 07:54:13,860 [4b487190-7547-40c7-b780-43c37a89e8eb@group-BAC069DAEF17-LeaderElection120] INFO  impl.RoleInfo (RoleInfo.java:shutdownLeaderElection(134)) - 4b487190-7547-40c7-b780-43c37a89e8eb: shutdown LeaderElection
2019-10-18 07:54:13,860 [4b487190-7547-40c7-b780-43c37a89e8eb@group-BAC069DAEF17-LeaderElection120] INFO  impl.RoleInfo (RoleInfo.java:updateAndGet(143)) - 4b487190-7547-40c7-b780-43c37a89e8eb: start FollowerState
2019-10-18 07:54:13,958 [Thread-1104] INFO  impl.FollowerState (FollowerState.java:run(108)) - 4b487190-7547-40c7-b780-43c37a89e8eb@group-BAC069DAEF17-FollowerState: change to CANDIDATE, lastRpcTime:98ms, electionTimeout:98ms
2019-10-18 07:54:13,958 [Thread-1104] INFO  impl.RoleInfo (RoleInfo.java:shutdownFollowerState(121)) - 4b487190-7547-40c7-b780-43c37a89e8eb: shutdown FollowerState
2019-10-18 07:54:13,959 [Thread-1104] INFO  impl.RaftServerImpl (RaftServerImpl.java:setRole(184)) - 4b487190-7547-40c7-b780-43c37a89e8eb@group-BAC069DAEF17: changes role from  FOLLOWER to CANDIDATE at term 117 for changeToCandidate
2019-10-18 07:54:13,959 [Thread-1104] INFO  impl.RoleInfo (RoleInfo.java:updateAndGet(143)) - 4b487190-7547-40c7-b780-43c37a89e8eb: start LeaderElection
2019-10-18 07:54:13,985 [4b487190-7547-40c7-b780-43c37a89e8eb@group-BAC069DAEF17-LeaderElection121] INFO  impl.LeaderElection (LeaderElection.java:askForVotes(178)) - 4b487190-7547-40c7-b780-43c37a89e8eb@group-BAC069DAEF17-LeaderElection121: begin an election at term 118 for -1: [6fa005cd-25d6-4e29-bda6-9462a060c098:192.168.69.67:36093, 4b487190-7547-40c7-b780-43c37a89e8eb:192.168.69.67:39683, 3d3aac8b-d4d1-454d-bf0c-88a180692893:192.168.69.67:34429], old=null
2019-10-18 07:54:13,987 [grpc-default-executor-0] INFO  impl.RaftServerImpl (RaftServerImpl.java:setRole(184)) - 6fa005cd-25d6-4e29-bda6-9462a060c098@group-BAC069DAEF17: changes role from  FOLLOWER to FOLLOWER at term 118 for recognizeCandidate:4b487190-7547-40c7-b780-43c37a89e8eb
2019-10-18 07:54:13,987 [grpc-default-executor-3] INFO  impl.RaftServerImpl (RaftServerImpl.java:setRole(184)) - 3d3aac8b-d4d1-454d-bf0c-88a180692893@group-BAC069DAEF17: changes role from  FOLLOWER to FOLLOWER at term 118 for recognizeCandidate:4b487190-7547-40c7-b780-43c37a89e8eb
2019-10-18 07:54:13,988 [grpc-default-executor-0] INFO  impl.RoleInfo (RoleInfo.java:shutdownFollowerState(121)) - 6fa005cd-25d6-4e29-bda6-9462a060c098: shutdown FollowerState
2019-10-18 07:54:13,988 [grpc-default-executor-3] INFO  impl.RoleInfo (RoleInfo.java:shutdownFollowerState(121)) - 3d3aac8b-d4d1-454d-bf0c-88a180692893: shutdown FollowerState
2019-10-18 07:54:13,988 [Thread-1102] INFO  impl.FollowerState (FollowerState.java:run(117)) - 6fa005cd-25d6-4e29-bda6-9462a060c098@group-BAC069DAEF17-FollowerState was interrupted: java.lang.InterruptedException: sleep interrupted
2019-10-18 07:54:13,988 [grpc-default-executor-0] INFO  impl.RoleInfo (RoleInfo.java:updateAndGet(143)) - 6fa005cd-25d6-4e29-bda6-9462a060c098: start FollowerState
2019-10-18 07:54:13,988 [Thread-1103] INFO  impl.FollowerState (FollowerState.java:run(117)) - 3d3aac8b-d4d1-454d-bf0c-88a180692893@group-BAC069DAEF17-FollowerState was interrupted: java.lang.InterruptedException: sleep interrupted
2019-10-18 07:54:13,988 [grpc-default-executor-3] INFO  impl.RoleInfo (RoleInfo.java:updateAndGet(143)) - 3d3aac8b-d4d1-454d-bf0c-88a180692893: start FollowerState
2019-10-18 07:54:14,015 [4b487190-7547-40c7-b780-43c37a89e8eb@group-BAC069DAEF17-LeaderElection121] INFO  impl.LeaderElection (LeaderElection.java:logAndReturn(56)) - 4b487190-7547-40c7-b780-43c37a89e8eb@group-BAC069DAEF17-LeaderElection121: Election REJECTED; received 2 response(s) [4b487190-7547-40c7-b780-43c37a89e8eb<-6fa005cd-25d6-4e29-bda6-9462a060c098#0:FAIL-t118, 4b487190-7547-40c7-b780-43c37a89e8eb<-3d3aac8b-d4d1-454d-bf0c-88a180692893#0:FAIL-t118] and 0 exception(s); 4b487190-7547-40c7-b780-43c37a89e8eb@group-BAC069DAEF17:t118, leader=null, voted=4b487190-7547-40c7-b780-43c37a89e8eb, raftlog=4b487190-7547-40c7-b780-43c37a89e8eb@group-BAC069DAEF17-SegmentedRaftLog:OPENED:c-1,f-1,i0, conf=-1: [6fa005cd-25d6-4e29-bda6-9462a060c098:192.168.69.67:36093, 4b487190-7547-40c7-b780-43c37a89e8eb:192.168.69.67:39683, 3d3aac8b-d4d1-454d-bf0c-88a180692893:192.168.69.67:34429], old=null
2019-10-18 07:54:14,015 [4b487190-7547-40c7-b780-43c37a89e8eb@group-BAC069DAEF17-LeaderElection121] INFO  impl.RaftServerImpl (RaftServerImpl.java:setRole(184)) - 4b487190-7547-40c7-b780-43c37a89e8eb@group-BAC069DAEF17: changes role from CANDIDATE to FOLLOWER at term 118 for DISCOVERED_A_NEW_TERM
2019-10-18 07:54:14,015 [4b487190-7547-40c7-b780-43c37a89e8eb@group-BAC069DAEF17-LeaderElection121] INFO  impl.RoleInfo (RoleInfo.java:shutdownLeaderElection(134)) - 4b487190-7547-40c7-b780-43c37a89e8eb: shutdown LeaderElection
2019-10-18 07:54:14,015 [4b487190-7547-40c7-b780-43c37a89e8eb@group-BAC069DAEF17-LeaderElection121] INFO  impl.RoleInfo (RoleInfo.java:updateAndGet(143)) - 4b487190-7547-40c7-b780-43c37a89e8eb: start FollowerState
2019-10-18 07:54:14,084 [Thread-1110] INFO  impl.FollowerState (FollowerState.java:run(108)) - 4b487190-7547-40c7-b780-43c37a89e8eb@group-BAC069DAEF17-FollowerState: change to CANDIDATE, lastRpcTime:68ms, electionTimeout:68ms
2019-10-18 07:54:14,084 [Thread-1110] INFO  impl.RoleInfo (RoleInfo.java:shutdownFollowerState(121)) - 4b487190-7547-40c7-b780-43c37a89e8eb: shutdown FollowerState
2019-10-18 07:54:14,084 [Thread-1110] INFO  impl.RaftServerImpl (RaftServerImpl.java:setRole(184)) - 4b487190-7547-40c7-b780-43c37a89e8eb@group-BAC069DAEF17: changes role from  FOLLOWER to CANDIDATE at term 118 for changeToCandidate
2019-10-18 07:54:14,084 [Thread-1110] INFO  impl.RoleInfo (RoleInfo.java:updateAndGet(143)) - 4b487190-7547-40c7-b780-43c37a89e8eb: start LeaderElection
2019-10-18 07:54:14,097 [4b487190-7547-40c7-b780-43c37a89e8eb@group-BAC069DAEF17-LeaderElection122] INFO  impl.LeaderElection (LeaderElection.java:askForVotes(178)) - 4b487190-7547-40c7-b780-43c37a89e8eb@group-BAC069DAEF17-LeaderElection122: begin an election at term 119 for -1: [6fa005cd-25d6-4e29-bda6-9462a060c098:192.168.69.67:36093, 4b487190-7547-40c7-b780-43c37a89e8eb:192.168.69.67:39683, 3d3aac8b-d4d1-454d-bf0c-88a180692893:192.168.69.67:34429], old=null
2019-10-18 07:54:14,099 [grpc-default-executor-0] INFO  impl.RaftServerImpl (RaftServerImpl.java:setRole(184)) - 6fa005cd-25d6-4e29-bda6-9462a060c098@group-BAC069DAEF17: changes role from  FOLLOWER to FOLLOWER at term 119 for recognizeCandidate:4b487190-7547-40c7-b780-43c37a89e8eb
2019-10-18 07:54:14,100 [grpc-default-executor-3] INFO  impl.RaftServerImpl (RaftServerImpl.java:setRole(184)) - 3d3aac8b-d4d1-454d-bf0c-88a180692893@group-BAC069DAEF17: changes role from  FOLLOWER to FOLLOWER at term 119 for recognizeCandidate:4b487190-7547-40c7-b780-43c37a89e8eb
2019-10-18 07:54:14,100 [grpc-default-executor-0] INFO  impl.RoleInfo (RoleInfo.java:shutdownFollowerState(121)) - 6fa005cd-25d6-4e29-bda6-9462a060c098: shutdown FollowerState
2019-10-18 07:54:14,100 [grpc-default-executor-3] INFO  impl.RoleInfo (RoleInfo.java:shutdownFollowerState(121)) - 3d3aac8b-d4d1-454d-bf0c-88a180692893: shutdown FollowerState
2019-10-18 07:54:14,100 [Thread-1108] INFO  impl.FollowerState (FollowerState.java:run(117)) - 6fa005cd-25d6-4e29-bda6-9462a060c098@group-BAC069DAEF17-FollowerState was interrupted: java.lang.InterruptedException: sleep interrupted
2019-10-18 07:54:14,100 [grpc-default-executor-0] INFO  impl.RoleInfo (RoleInfo.java:updateAndGet(143)) - 6fa005cd-25d6-4e29-bda6-9462a060c098: start FollowerState
2019-10-18 07:54:14,100 [Thread-1109] INFO  impl.FollowerState (FollowerState.java:run(117)) - 3d3aac8b-d4d1-454d-bf0c-88a180692893@group-BAC069DAEF17-FollowerState was interrupted: java.lang.InterruptedException: sleep interrupted
2019-10-18 07:54:14,100 [grpc-default-executor-3] INFO  impl.RoleInfo (RoleInfo.java:updateAndGet(143)) - 3d3aac8b-d4d1-454d-bf0c-88a180692893: start FollowerState
2019-10-18 07:54:14,118 [4b487190-7547-40c7-b780-43c37a89e8eb@group-BAC069DAEF17-LeaderElection122] INFO  impl.LeaderElection (LeaderElection.java:logAndReturn(56)) - 4b487190-7547-40c7-b780-43c37a89e8eb@group-BAC069DAEF17-LeaderElection122: Election REJECTED; received 2 response(s) [4b487190-7547-40c7-b780-43c37a89e8eb<-6fa005cd-25d6-4e29-bda6-9462a060c098#0:FAIL-t119, 4b487190-7547-40c7-b780-43c37a89e8eb<-3d3aac8b-d4d1-454d-bf0c-88a180692893#0:FAIL-t119] and 0 exception(s); 4b487190-7547-40c7-b780-43c37a89e8eb@group-BAC069DAEF17:t119, leader=null, voted=4b487190-7547-40c7-b780-43c37a89e8eb, raftlog=4b487190-7547-40c7-b780-43c37a89e8eb@group-BAC069DAEF17-SegmentedRaftLog:OPENED:c-1,f-1,i0, conf=-1: [6fa005cd-25d6-4e29-bda6-9462a060c098:192.168.69.67:36093, 4b487190-7547-40c7-b780-43c37a89e8eb:192.168.69.67:39683, 3d3aac8b-d4d1-454d-bf0c-88a180692893:192.168.69.67:34429], old=null
2019-10-18 07:54:14,118 [4b487190-7547-40c7-b780-43c37a89e8eb@group-BAC069DAEF17-LeaderElection122] INFO  impl.RaftServerImpl (RaftServerImpl.java:setRole(184)) - 4b487190-7547-40c7-b780-43c37a89e8eb@group-BAC069DAEF17: changes role from CANDIDATE to FOLLOWER at term 119 for DISCOVERED_A_NEW_TERM
2019-10-18 07:54:14,118 [4b487190-7547-40c7-b780-43c37a89e8eb@group-BAC069DAEF17-LeaderElection122] INFO  impl.RoleInfo (RoleInfo.java:shutdownLeaderElection(134)) - 4b487190-7547-40c7-b780-43c37a89e8eb: shutdown LeaderElection
2019-10-18 07:54:14,118 [4b487190-7547-40c7-b780-43c37a89e8eb@group-BAC069DAEF17-LeaderElection122] INFO  impl.RoleInfo (RoleInfo.java:updateAndGet(143)) - 4b487190-7547-40c7-b780-43c37a89e8eb: start FollowerState
2019-10-18 07:54:14,309 [Thread-1116] INFO  impl.FollowerState (FollowerState.java:run(108)) - 4b487190-7547-40c7-b780-43c37a89e8eb@group-BAC069DAEF17-FollowerState: change to CANDIDATE, lastRpcTime:190ms, electionTimeout:190ms
2019-10-18 07:54:14,309 [Thread-1116] INFO  impl.RoleInfo (RoleInfo.java:shutdownFollowerState(121)) - 4b487190-7547-40c7-b780-43c37a89e8eb: shutdown FollowerState
2019-10-18 07:54:14,309 [Thread-1116] INFO  impl.RaftServerImpl (RaftServerImpl.java:setRole(184)) - 4b487190-7547-40c7-b780-43c37a89e8eb@group-BAC069DAEF17: changes role from  FOLLOWER to CANDIDATE at term 119 for changeToCandidate
2019-10-18 07:54:14,309 [Thread-1116] INFO  impl.RoleInfo (RoleInfo.java:updateAndGet(143)) - 4b487190-7547-40c7-b780-43c37a89e8eb: start LeaderElection
2019-10-18 07:54:14,323 [4b487190-7547-40c7-b780-43c37a89e8eb@group-BAC069DAEF17-LeaderElection123] INFO  impl.LeaderElection (LeaderElection.java:askForVotes(178)) - 4b487190-7547-40c7-b780-43c37a89e8eb@group-BAC069DAEF17-LeaderElection123: begin an election at term 120 for -1: [6fa005cd-25d6-4e29-bda6-9462a060c098:192.168.69.67:36093, 4b487190-7547-40c7-b780-43c37a89e8eb:192.168.69.67:39683, 3d3aac8b-d4d1-454d-bf0c-88a180692893:192.168.69.67:34429], old=null
2019-10-18 07:54:14,326 [grpc-default-executor-3] INFO  impl.RaftServerImpl (RaftServerImpl.java:setRole(184)) - 6fa005cd-25d6-4e29-bda6-9462a060c098@group-BAC069DAEF17: changes role from  FOLLOWER to FOLLOWER at term 120 for recognizeCandidate:4b487190-7547-40c7-b780-43c37a89e8eb
2019-10-18 07:54:14,326 [grpc-default-executor-0] INFO  impl.RaftServerImpl (RaftServerImpl.java:setRole(184)) - 3d3aac8b-d4d1-454d-bf0c-88a180692893@group-BAC069DAEF17: changes role from  FOLLOWER to FOLLOWER at term 120 for recognizeCandidate:4b487190-7547-40c7-b780-43c37a89e8eb
2019-10-18 07:54:14,327 [grpc-default-executor-0] INFO  impl.RoleInfo (RoleInfo.java:shutdownFollowerState(121)) - 3d3aac8b-d4d1-454d-bf0c-88a180692893: shutdown FollowerState
2019-10-18 07:54:14,326 [grpc-default-executor-3] INFO  impl.RoleInfo (RoleInfo.java:shutdownFollowerState(121)) - 6fa005cd-25d6-4e29-bda6-9462a060c098: shutdown FollowerState
2019-10-18 07:54:14,327 [Thread-1115] INFO  impl.FollowerState (FollowerState.java:run(117)) - 3d3aac8b-d4d1-454d-bf0c-88a180692893@group-BAC069DAEF17-FollowerState was interrupted: java.lang.InterruptedException: sleep interrupted
2019-10-18 07:54:14,327 [grpc-default-executor-0] INFO  impl.RoleInfo (RoleInfo.java:updateAndGet(143)) - 3d3aac8b-d4d1-454d-bf0c-88a180692893: start FollowerState
2019-10-18 07:54:14,327 [grpc-default-executor-3] INFO  impl.RoleInfo (RoleInfo.java:updateAndGet(143)) - 6fa005cd-25d6-4e29-bda6-9462a060c098: start FollowerState
2019-10-18 07:54:14,327 [Thread-1114] INFO  impl.FollowerState (FollowerState.java:run(117)) - 6fa005cd-25d6-4e29-bda6-9462a060c098@group-BAC069DAEF17-FollowerState was interrupted: java.lang.InterruptedException: sleep interrupted
2019-10-18 07:54:14,343 [4b487190-7547-40c7-b780-43c37a89e8eb@group-BAC069DAEF17-LeaderElection123] INFO  impl.LeaderElection (LeaderElection.java:logAndReturn(56)) - 4b487190-7547-40c7-b780-43c37a89e8eb@group-BAC069DAEF17-LeaderElection123: Election REJECTED; received 2 response(s) [4b487190-7547-40c7-b780-43c37a89e8eb<-6fa005cd-25d6-4e29-bda6-9462a060c098#0:FAIL-t120, 4b487190-7547-40c7-b780-43c37a89e8eb<-3d3aac8b-d4d1-454d-bf0c-88a180692893#0:FAIL-t120] and 0 exception(s); 4b487190-7547-40c7-b780-43c37a89e8eb@group-BAC069DAEF17:t120, leader=null, voted=4b487190-7547-40c7-b780-43c37a89e8eb, raftlog=4b487190-7547-40c7-b780-43c37a89e8eb@group-BAC069DAEF17-SegmentedRaftLog:OPENED:c-1,f-1,i0, conf=-1: [6fa005cd-25d6-4e29-bda6-9462a060c098:192.168.69.67:36093, 4b487190-7547-40c7-b780-43c37a89e8eb:192.168.69.67:39683, 3d3aac8b-d4d1-454d-bf0c-88a180692893:192.168.69.67:34429], old=null
2019-10-18 07:54:14,344 [4b487190-7547-40c7-b780-43c37a89e8eb@group-BAC069DAEF17-LeaderElection123] INFO  impl.RaftServerImpl (RaftServerImpl.java:setRole(184)) - 4b487190-7547-40c7-b780-43c37a89e8eb@group-BAC069DAEF17: changes role from CANDIDATE to FOLLOWER at term 120 for DISCOVERED_A_NEW_TERM
2019-10-18 07:54:14,344 [4b487190-7547-40c7-b780-43c37a89e8eb@group-BAC069DAEF17-LeaderElection123] INFO  impl.RoleInfo (RoleInfo.java:shutdownLeaderElection(134)) - 4b487190-7547-40c7-b780-43c37a89e8eb: shutdown LeaderElection
2019-10-18 07:54:14,344 [4b487190-7547-40c7-b780-43c37a89e8eb@group-BAC069DAEF17-LeaderElection123] INFO  impl.RoleInfo (RoleInfo.java:updateAndGet(143)) - 4b487190-7547-40c7-b780-43c37a89e8eb: start FollowerState
2019-10-18 07:54:14,523 [Thread-1122] INFO  impl.FollowerState (FollowerState.java:run(108)) - 4b487190-7547-40c7-b780-43c37a89e8eb@group-BAC069DAEF17-FollowerState: change to CANDIDATE, lastRpcTime:178ms, electionTimeout:178ms
2019-10-18 07:54:14,523 [Thread-1122] INFO  impl.RoleInfo (RoleInfo.java:shutdownFollowerState(121)) - 4b487190-7547-40c7-b780-43c37a89e8eb: shutdown FollowerState
2019-10-18 07:54:14,523 [Thread-1122] INFO  impl.RaftServerImpl (RaftServerImpl.java:setRole(184)) - 4b487190-7547-40c7-b780-43c37a89e8eb@group-BAC069DAEF17: changes role from  FOLLOWER to CANDIDATE at term 120 for changeToCandidate
2019-10-18 07:54:14,523 [Thread-1122] INFO  impl.RoleInfo (RoleInfo.java:updateAndGet(143)) - 4b487190-7547-40c7-b780-43c37a89e8eb: start LeaderElection
2019-10-18 07:54:14,548 [4b487190-7547-40c7-b780-43c37a89e8eb@group-BAC069DAEF17-LeaderElection124] INFO  impl.LeaderElection (LeaderElection.java:askForVotes(178)) - 4b487190-7547-40c7-b780-43c37a89e8eb@group-BAC069DAEF17-LeaderElection124: begin an election at term 121 for -1: [6fa005cd-25d6-4e29-bda6-9462a060c098:192.168.69.67:36093, 4b487190-7547-40c7-b780-43c37a89e8eb:192.168.69.67:39683, 3d3aac8b-d4d1-454d-bf0c-88a180692893:192.168.69.67:34429], old=null
2019-10-18 07:54:14,551 [grpc-default-executor-3] INFO  impl.RaftServerImpl (RaftServerImpl.java:setRole(184)) - 3d3aac8b-d4d1-454d-bf0c-88a180692893@group-BAC069DAEF17: changes role from  FOLLOWER to FOLLOWER at term 121 for recognizeCandidate:4b487190-7547-40c7-b780-43c37a89e8eb
2019-10-18 07:54:14,551 [grpc-default-executor-0] INFO  impl.RaftServerImpl (RaftServerImpl.java:setRole(184)) - 6fa005cd-25d6-4e29-bda6-9462a060c098@group-BAC069DAEF17: changes role from  FOLLOWER to FOLLOWER at term 121 for recognizeCandidate:4b487190-7547-40c7-b780-43c37a89e8eb
2019-10-18 07:54:14,551 [grpc-default-executor-3] INFO  impl.RoleInfo (RoleInfo.java:shutdownFollowerState(121)) - 3d3aac8b-d4d1-454d-bf0c-88a180692893: shutdown FollowerState
2019-10-18 07:54:14,551 [grpc-default-executor-0] INFO  impl.RoleInfo (RoleInfo.java:shutdownFollowerState(121)) - 6fa005cd-25d6-4e29-bda6-9462a060c098: shutdown FollowerState
2019-10-18 07:54:14,551 [Thread-1120] INFO  impl.FollowerState (FollowerState.java:run(117)) - 3d3aac8b-d4d1-454d-bf0c-88a180692893@group-BAC069DAEF17-FollowerState was interrupted: java.lang.InterruptedException: sleep interrupted
2019-10-18 07:54:14,551 [grpc-default-executor-3] INFO  impl.RoleInfo (RoleInfo.java:updateAndGet(143)) - 3d3aac8b-d4d1-454d-bf0c-88a180692893: start FollowerState
2019-10-18 07:54:14,551 [Thread-1121] INFO  impl.FollowerState (FollowerState.java:run(117)) - 6fa005cd-25d6-4e29-bda6-9462a060c098@group-BAC069DAEF17-FollowerState was interrupted: java.lang.InterruptedException: sleep interrupted
2019-10-18 07:54:14,551 [grpc-default-executor-0] INFO  impl.RoleInfo (RoleInfo.java:updateAndGet(143)) - 6fa005cd-25d6-4e29-bda6-9462a060c098: start FollowerState
2019-10-18 07:54:14,566 [4b487190-7547-40c7-b780-43c37a89e8eb@group-BAC069DAEF17-LeaderElection124] INFO  impl.LeaderElection (LeaderElection.java:logAndReturn(56)) - 4b487190-7547-40c7-b780-43c37a89e8eb@group-BAC069DAEF17-LeaderElection124: Election TIMEOUT; received 0 response(s) [] and 0 exception(s); 4b487190-7547-40c7-b780-43c37a89e8eb@group-BAC069DAEF17:t121, leader=null, voted=4b487190-7547-40c7-b780-43c37a89e8eb, raftlog=4b487190-7547-40c7-b780-43c37a89e8eb@group-BAC069DAEF17-SegmentedRaftLog:OPENED:c-1,f-1,i0, conf=-1: [6fa005cd-25d6-4e29-bda6-9462a060c098:192.168.69.67:36093, 4b487190-7547-40c7-b780-43c37a89e8eb:192.168.69.67:39683, 3d3aac8b-d4d1-454d-bf0c-88a180692893:192.168.69.67:34429], old=null
2019-10-18 07:54:14,581 [4b487190-7547-40c7-b780-43c37a89e8eb@group-BAC069DAEF17-LeaderElection124] INFO  impl.LeaderElection (LeaderElection.java:askForVotes(178)) - 4b487190-7547-40c7-b780-43c37a89e8eb@group-BAC069DAEF17-LeaderElection124: begin an election at term 122 for -1: [6fa005cd-25d6-4e29-bda6-9462a060c098:192.168.69.67:36093, 4b487190-7547-40c7-b780-43c37a89e8eb:192.168.69.67:39683, 3d3aac8b-d4d1-454d-bf0c-88a180692893:192.168.69.67:34429], old=null
2019-10-18 07:54:14,583 [grpc-default-executor-0] INFO  impl.RaftServerImpl (RaftServerImpl.java:setRole(184)) - 6fa005cd-25d6-4e29-bda6-9462a060c098@group-BAC069DAEF17: changes role from  FOLLOWER to FOLLOWER at term 122 for recognizeCandidate:4b487190-7547-40c7-b780-43c37a89e8eb
2019-10-18 07:54:14,583 [grpc-default-executor-0] INFO  impl.RoleInfo (RoleInfo.java:shutdownFollowerState(121)) - 6fa005cd-25d6-4e29-bda6-9462a060c098: shutdown FollowerState
2019-10-18 07:54:14,583 [grpc-default-executor-3] INFO  impl.RaftServerImpl (RaftServerImpl.java:setRole(184)) - 3d3aac8b-d4d1-454d-bf0c-88a180692893@group-BAC069DAEF17: changes role from  FOLLOWER to FOLLOWER at term 122 for recognizeCandidate:4b487190-7547-40c7-b780-43c37a89e8eb
2019-10-18 07:54:14,583 [Thread-1127] INFO  impl.FollowerState (FollowerState.java:run(117)) - 6fa005cd-25d6-4e29-bda6-9462a060c098@group-BAC069DAEF17-FollowerState was interrupted: java.lang.InterruptedException: sleep interrupted
2019-10-18 07:54:14,583 [grpc-default-executor-0] INFO  impl.RoleInfo (RoleInfo.java:updateAndGet(143)) - 6fa005cd-25d6-4e29-bda6-9462a060c098: start FollowerState
2019-10-18 07:54:14,583 [grpc-default-executor-3] INFO  impl.RoleInfo (RoleInfo.java:shutdownFollowerState(121)) - 3d3aac8b-d4d1-454d-bf0c-88a180692893: shutdown FollowerState
2019-10-18 07:54:14,584 [grpc-default-executor-3] INFO  impl.RoleInfo (RoleInfo.java:updateAndGet(143)) - 3d3aac8b-d4d1-454d-bf0c-88a180692893: start FollowerState
2019-10-18 07:54:14,584 [Thread-1126] INFO  impl.FollowerState (FollowerState.java:run(117)) - 3d3aac8b-d4d1-454d-bf0c-88a180692893@group-BAC069DAEF17-FollowerState was interrupted: java.lang.InterruptedException: sleep interrupted
2019-10-18 07:54:14,598 [4b487190-7547-40c7-b780-43c37a89e8eb@group-BAC069DAEF17-LeaderElection124] INFO  impl.LeaderElection (LeaderElection.java:logAndReturn(56)) - 4b487190-7547-40c7-b780-43c37a89e8eb@group-BAC069DAEF17-LeaderElection124: Election REJECTED; received 2 response(s) [4b487190-7547-40c7-b780-43c37a89e8eb<-6fa005cd-25d6-4e29-bda6-9462a060c098#0:FAIL-t122, 4b487190-7547-40c7-b780-43c37a89e8eb<-3d3aac8b-d4d1-454d-bf0c-88a180692893#0:FAIL-t122] and 0 exception(s); 4b487190-7547-40c7-b780-43c37a89e8eb@group-BAC069DAEF17:t122, leader=null, voted=4b487190-7547-40c7-b780-43c37a89e8eb, raftlog=4b487190-7547-40c7-b780-43c37a89e8eb@group-BAC069DAEF17-SegmentedRaftLog:OPENED:c-1,f-1,i0, conf=-1: [6fa005cd-25d6-4e29-bda6-9462a060c098:192.168.69.67:36093, 4b487190-7547-40c7-b780-43c37a89e8eb:192.168.69.67:39683, 3d3aac8b-d4d1-454d-bf0c-88a180692893:192.168.69.67:34429], old=null
2019-10-18 07:54:14,599 [4b487190-7547-40c7-b780-43c37a89e8eb@group-BAC069DAEF17-LeaderElection124] INFO  impl.RaftServerImpl (RaftServerImpl.java:setRole(184)) - 4b487190-7547-40c7-b780-43c37a89e8eb@group-BAC069DAEF17: changes role from CANDIDATE to FOLLOWER at term 122 for DISCOVERED_A_NEW_TERM
2019-10-18 07:54:14,599 [4b487190-7547-40c7-b780-43c37a89e8eb@group-BAC069DAEF17-LeaderElection124] INFO  impl.RoleInfo (RoleInfo.java:shutdownLeaderElection(134)) - 4b487190-7547-40c7-b780-43c37a89e8eb: shutdown LeaderElection
2019-10-18 07:54:14,599 [4b487190-7547-40c7-b780-43c37a89e8eb@group-BAC069DAEF17-LeaderElection124] INFO  impl.RoleInfo (RoleInfo.java:updateAndGet(143)) - 4b487190-7547-40c7-b780-43c37a89e8eb: start FollowerState
2019-10-18 07:54:14,719 [Thread-1132] INFO  impl.FollowerState (FollowerState.java:run(108)) - 4b487190-7547-40c7-b780-43c37a89e8eb@group-BAC069DAEF17-FollowerState: change to CANDIDATE, lastRpcTime:120ms, electionTimeout:120ms
2019-10-18 07:54:14,720 [Thread-1132] INFO  impl.RoleInfo (RoleInfo.java:shutdownFollowerState(121)) - 4b487190-7547-40c7-b780-43c37a89e8eb: shutdown FollowerState
2019-10-18 07:54:14,720 [Thread-1132] INFO  impl.RaftServerImpl (RaftServerImpl.java:setRole(184)) - 4b487190-7547-40c7-b780-43c37a89e8eb@group-BAC069DAEF17: changes role from  FOLLOWER to CANDIDATE at term 122 for changeToCandidate
2019-10-18 07:54:14,720 [Thread-1132] INFO  impl.RoleInfo (RoleInfo.java:updateAndGet(143)) - 4b487190-7547-40c7-b780-43c37a89e8eb: start LeaderElection
2019-10-18 07:54:14,727 [4b487190-7547-40c7-b780-43c37a89e8eb@group-BAC069DAEF17-LeaderElection125] INFO  impl.LeaderElection (LeaderElection.java:askForVotes(178)) - 4b487190-7547-40c7-b780-43c37a89e8eb@group-BAC069DAEF17-LeaderElection125: begin an election at term 123 for -1: [6fa005cd-25d6-4e29-bda6-9462a060c098:192.168.69.67:36093, 4b487190-7547-40c7-b780-43c37a89e8eb:192.168.69.67:39683, 3d3aac8b-d4d1-454d-bf0c-88a180692893:192.168.69.67:34429], old=null
2019-10-18 07:54:14,730 [grpc-default-executor-0] INFO  impl.RaftServerImpl (RaftServerImpl.java:setRole(184)) - 6fa005cd-25d6-4e29-bda6-9462a060c098@group-BAC069DAEF17: changes role from  FOLLOWER to FOLLOWER at term 123 for recognizeCandidate:4b487190-7547-40c7-b780-43c37a89e8eb
2019-10-18 07:54:14,730 [grpc-default-executor-3] INFO  impl.RaftServerImpl (RaftServerImpl.java:setRole(184)) - 3d3aac8b-d4d1-454d-bf0c-88a180692893@group-BAC069DAEF17: changes role from  FOLLOWER to FOLLOWER at term 123 for recognizeCandidate:4b487190-7547-40c7-b780-43c37a89e8eb
2019-10-18 07:54:14,730 [grpc-default-executor-3] INFO  impl.RoleInfo (RoleInfo.java:shutdownFollowerState(121)) - 3d3aac8b-d4d1-454d-bf0c-88a180692893: shutdown FollowerState
2019-10-18 07:54:14,730 [grpc-default-executor-0] INFO  impl.RoleInfo (RoleInfo.java:shutdownFollowerState(121)) - 6fa005cd-25d6-4e29-bda6-9462a060c098: shutdown FollowerState
2019-10-18 07:54:14,731 [grpc-default-executor-0] INFO  impl.RoleInfo (RoleInfo.java:updateAndGet(143)) - 6fa005cd-25d6-4e29-bda6-9462a060c098: start FollowerState
2019-10-18 07:54:14,731 [Thread-1131] INFO  impl.FollowerState (FollowerState.java:run(117)) - 3d3aac8b-d4d1-454d-bf0c-88a180692893@group-BAC069DAEF17-FollowerState was interrupted: java.lang.InterruptedException: sleep interrupted
2019-10-18 07:54:14,731 [grpc-default-executor-3] INFO  impl.RoleInfo (RoleInfo.java:updateAndGet(143)) - 3d3aac8b-d4d1-454d-bf0c-88a180692893: start FollowerState
2019-10-18 07:54:14,731 [Thread-1130] INFO  impl.FollowerState (FollowerState.java:run(117)) - 6fa005cd-25d6-4e29-bda6-9462a060c098@group-BAC069DAEF17-FollowerState was interrupted: java.lang.InterruptedException: sleep interrupted
2019-10-18 07:54:14,746 [4b487190-7547-40c7-b780-43c37a89e8eb@group-BAC069DAEF17-LeaderElection125] INFO  impl.LeaderElection (LeaderElection.java:logAndReturn(56)) - 4b487190-7547-40c7-b780-43c37a89e8eb@group-BAC069DAEF17-LeaderElection125: Election REJECTED; received 2 response(s) [4b487190-7547-40c7-b780-43c37a89e8eb<-6fa005cd-25d6-4e29-bda6-9462a060c098#0:FAIL-t123, 4b487190-7547-40c7-b780-43c37a89e8eb<-3d3aac8b-d4d1-454d-bf0c-88a180692893#0:FAIL-t123] and 0 exception(s); 4b487190-7547-40c7-b780-43c37a89e8eb@group-BAC069DAEF17:t123, leader=null, voted=4b487190-7547-40c7-b780-43c37a89e8eb, raftlog=4b487190-7547-40c7-b780-43c37a89e8eb@group-BAC069DAEF17-SegmentedRaftLog:OPENED:c-1,f-1,i0, conf=-1: [6fa005cd-25d6-4e29-bda6-9462a060c098:192.168.69.67:36093, 4b487190-7547-40c7-b780-43c37a89e8eb:192.168.69.67:39683, 3d3aac8b-d4d1-454d-bf0c-88a180692893:192.168.69.67:34429], old=null
2019-10-18 07:54:14,746 [4b487190-7547-40c7-b780-43c37a89e8eb@group-BAC069DAEF17-LeaderElection125] INFO  impl.RaftServerImpl (RaftServerImpl.java:setRole(184)) - 4b487190-7547-40c7-b780-43c37a89e8eb@group-BAC069DAEF17: changes role from CANDIDATE to FOLLOWER at term 123 for DISCOVERED_A_NEW_TERM
2019-10-18 07:54:14,746 [4b487190-7547-40c7-b780-43c37a89e8eb@group-BAC069DAEF17-LeaderElection125] INFO  impl.RoleInfo (RoleInfo.java:shutdownLeaderElection(134)) - 4b487190-7547-40c7-b780-43c37a89e8eb: shutdown LeaderElection
2019-10-18 07:54:14,746 [4b487190-7547-40c7-b780-43c37a89e8eb@group-BAC069DAEF17-LeaderElection125] INFO  impl.RoleInfo (RoleInfo.java:updateAndGet(143)) - 4b487190-7547-40c7-b780-43c37a89e8eb: start FollowerState
2019-10-18 07:54:14,884 [Thread-1138] INFO  impl.FollowerState (FollowerState.java:run(108)) - 4b487190-7547-40c7-b780-43c37a89e8eb@group-BAC069DAEF17-FollowerState: change to CANDIDATE, lastRpcTime:137ms, electionTimeout:137ms
2019-10-18 07:54:14,884 [Thread-1138] INFO  impl.RoleInfo (RoleInfo.java:shutdownFollowerState(121)) - 4b487190-7547-40c7-b780-43c37a89e8eb: shutdown FollowerState
2019-10-18 07:54:14,884 [Thread-1138] INFO  impl.RaftServerImpl (RaftServerImpl.java:setRole(184)) - 4b487190-7547-40c7-b780-43c37a89e8eb@group-BAC069DAEF17: changes role from  FOLLOWER to CANDIDATE at term 123 for changeToCandidate
2019-10-18 07:54:14,884 [Thread-1138] INFO  impl.RoleInfo (RoleInfo.java:updateAndGet(143)) - 4b487190-7547-40c7-b780-43c37a89e8eb: start LeaderElection
2019-10-18 07:54:14,910 [4b487190-7547-40c7-b780-43c37a89e8eb@group-BAC069DAEF17-LeaderElection126] INFO  impl.LeaderElection (LeaderElection.java:askForVotes(178)) - 4b487190-7547-40c7-b780-43c37a89e8eb@group-BAC069DAEF17-LeaderElection126: begin an election at term 124 for -1: [6fa005cd-25d6-4e29-bda6-9462a060c098:192.168.69.67:36093, 4b487190-7547-40c7-b780-43c37a89e8eb:192.168.69.67:39683, 3d3aac8b-d4d1-454d-bf0c-88a180692893:192.168.69.67:34429], old=null
2019-10-18 07:54:14,913 [grpc-default-executor-3] INFO  impl.RaftServerImpl (RaftServerImpl.java:setRole(184)) - 3d3aac8b-d4d1-454d-bf0c-88a180692893@group-BAC069DAEF17: changes role from  FOLLOWER to FOLLOWER at term 124 for recognizeCandidate:4b487190-7547-40c7-b780-43c37a89e8eb
2019-10-18 07:54:14,913 [grpc-default-executor-0] INFO  impl.RaftServerImpl (RaftServerImpl.java:setRole(184)) - 6fa005cd-25d6-4e29-bda6-9462a060c098@group-BAC069DAEF17: changes role from  FOLLOWER to FOLLOWER at term 124 for recognizeCandidate:4b487190-7547-40c7-b780-43c37a89e8eb
2019-10-18 07:54:14,913 [grpc-default-executor-3] INFO  impl.RoleInfo (RoleInfo.java:shutdownFollowerState(121)) - 3d3aac8b-d4d1-454d-bf0c-88a180692893: shutdown FollowerState
2019-10-18 07:54:14,913 [grpc-default-executor-0] INFO  impl.RoleInfo (RoleInfo.java:shutdownFollowerState(121)) - 6fa005cd-25d6-4e29-bda6-9462a060c098: shutdown FollowerState
2019-10-18 07:54:14,913 [grpc-default-executor-3] INFO  impl.RoleInfo (RoleInfo.java:updateAndGet(143)) - 3d3aac8b-d4d1-454d-bf0c-88a180692893: start FollowerState
2019-10-18 07:54:14,913 [Thread-1136] INFO  impl.FollowerState (FollowerState.java:run(117)) - 3d3aac8b-d4d1-454d-bf0c-88a180692893@group-BAC069DAEF17-FollowerState was interrupted: java.lang.InterruptedException: sleep interrupted
2019-10-18 07:54:14,913 [Thread-1137] INFO  impl.FollowerState (FollowerState.java:run(117)) - 6fa005cd-25d6-4e29-bda6-9462a060c098@group-BAC069DAEF17-FollowerState was interrupted: java.lang.InterruptedException: sleep interrupted
2019-10-18 07:54:14,913 [grpc-default-executor-0] INFO  impl.RoleInfo (RoleInfo.java:updateAndGet(143)) - 6fa005cd-25d6-4e29-bda6-9462a060c098: start FollowerState
2019-10-18 07:54:14,923 [4b487190-7547-40c7-b780-43c37a89e8eb@group-BAC069DAEF17-LeaderElection126] INFO  impl.LeaderElection (LeaderElection.java:logAndReturn(56)) - 4b487190-7547-40c7-b780-43c37a89e8eb@group-BAC069DAEF17-LeaderElection126: Election TIMEOUT; received 0 response(s) [] and 0 exception(s); 4b487190-7547-40c7-b780-43c37a89e8eb@group-BAC069DAEF17:t124, leader=null, voted=4b487190-7547-40c7-b780-43c37a89e8eb, raftlog=4b487190-7547-40c7-b780-43c37a89e8eb@group-BAC069DAEF17-SegmentedRaftLog:OPENED:c-1,f-1,i0, conf=-1: [6fa005cd-25d6-4e29-bda6-9462a060c098:192.168.69.67:36093, 4b487190-7547-40c7-b780-43c37a89e8eb:192.168.69.67:39683, 3d3aac8b-d4d1-454d-bf0c-88a180692893:192.168.69.67:34429], old=null
2019-10-18 07:54:14,928 [4b487190-7547-40c7-b780-43c37a89e8eb@group-BAC069DAEF17-LeaderElection126] INFO  impl.LeaderElection (LeaderElection.java:askForVotes(178)) - 4b487190-7547-40c7-b780-43c37a89e8eb@group-BAC069DAEF17-LeaderElection126: begin an election at term 125 for -1: [6fa005cd-25d6-4e29-bda6-9462a060c098:192.168.69.67:36093, 4b487190-7547-40c7-b780-43c37a89e8eb:192.168.69.67:39683, 3d3aac8b-d4d1-454d-bf0c-88a180692893:192.168.69.67:34429], old=null
2019-10-18 07:54:14,929 [grpc-default-executor-3] INFO  impl.RaftServerImpl (RaftServerImpl.java:setRole(184)) - 6fa005cd-25d6-4e29-bda6-9462a060c098@group-BAC069DAEF17: changes role from  FOLLOWER to FOLLOWER at term 125 for recognizeCandidate:4b487190-7547-40c7-b780-43c37a89e8eb
2019-10-18 07:54:14,929 [grpc-default-executor-3] INFO  impl.RoleInfo (RoleInfo.java:shutdownFollowerState(121)) - 6fa005cd-25d6-4e29-bda6-9462a060c098: shutdown FollowerState
2019-10-18 07:54:14,929 [grpc-default-executor-3] INFO  impl.RoleInfo (RoleInfo.java:updateAndGet(143)) - 6fa005cd-25d6-4e29-bda6-9462a060c098: start FollowerState
2019-10-18 07:54:14,929 [Thread-1143] INFO  impl.FollowerState (FollowerState.java:run(117)) - 6fa005cd-25d6-4e29-bda6-9462a060c098@group-BAC069DAEF17-FollowerState was interrupted: java.lang.InterruptedException: sleep interrupted
2019-10-18 07:54:14,930 [grpc-default-executor-0] INFO  impl.RaftServerImpl (RaftServerImpl.java:setRole(184)) - 3d3aac8b-d4d1-454d-bf0c-88a180692893@group-BAC069DAEF17: changes role from  FOLLOWER to FOLLOWER at term 125 for recognizeCandidate:4b487190-7547-40c7-b780-43c37a89e8eb
2019-10-18 07:54:14,930 [grpc-default-executor-0] INFO  impl.RoleInfo (RoleInfo.java:shutdownFollowerState(121)) - 3d3aac8b-d4d1-454d-bf0c-88a180692893: shutdown FollowerState
2019-10-18 07:54:14,930 [grpc-default-executor-0] INFO  impl.RoleInfo (RoleInfo.java:updateAndGet(143)) - 3d3aac8b-d4d1-454d-bf0c-88a180692893: start FollowerState
2019-10-18 07:54:14,930 [Thread-1142] INFO  impl.FollowerState (FollowerState.java:run(117)) - 3d3aac8b-d4d1-454d-bf0c-88a180692893@group-BAC069DAEF17-FollowerState was interrupted: java.lang.InterruptedException: sleep interrupted
2019-10-18 07:54:14,956 [4b487190-7547-40c7-b780-43c37a89e8eb@group-BAC069DAEF17-LeaderElection126] INFO  impl.LeaderElection (LeaderElection.java:logAndReturn(56)) - 4b487190-7547-40c7-b780-43c37a89e8eb@group-BAC069DAEF17-LeaderElection126: Election REJECTED; received 2 response(s) [4b487190-7547-40c7-b780-43c37a89e8eb<-6fa005cd-25d6-4e29-bda6-9462a060c098#0:FAIL-t125, 4b487190-7547-40c7-b780-43c37a89e8eb<-3d3aac8b-d4d1-454d-bf0c-88a180692893#0:FAIL-t125] and 0 exception(s); 4b487190-7547-40c7-b780-43c37a89e8eb@group-BAC069DAEF17:t125, leader=null, voted=4b487190-7547-40c7-b780-43c37a89e8eb, raftlog=4b487190-7547-40c7-b780-43c37a89e8eb@group-BAC069DAEF17-SegmentedRaftLog:OPENED:c-1,f-1,i0, conf=-1: [6fa005cd-25d6-4e29-bda6-9462a060c098:192.168.69.67:36093, 4b487190-7547-40c7-b780-43c37a89e8eb:192.168.69.67:39683, 3d3aac8b-d4d1-454d-bf0c-88a180692893:192.168.69.67:34429], old=null
2019-10-18 07:54:14,956 [4b487190-7547-40c7-b780-43c37a89e8eb@group-BAC069DAEF17-LeaderElection126] INFO  impl.RaftServerImpl (RaftServerImpl.java:setRole(184)) - 4b487190-7547-40c7-b780-43c37a89e8eb@group-BAC069DAEF17: changes role from CANDIDATE to FOLLOWER at term 125 for DISCOVERED_A_NEW_TERM
2019-10-18 07:54:14,956 [4b487190-7547-40c7-b780-43c37a89e8eb@group-BAC069DAEF17-LeaderElection126] INFO  impl.RoleInfo (RoleInfo.java:shutdownLeaderElection(134)) - 4b487190-7547-40c7-b780-43c37a89e8eb: shutdown LeaderElection
2019-10-18 07:54:14,956 [4b487190-7547-40c7-b780-43c37a89e8eb@group-BAC069DAEF17-LeaderElection126] INFO  impl.RoleInfo (RoleInfo.java:updateAndGet(143)) - 4b487190-7547-40c7-b780-43c37a89e8eb: start FollowerState
2019-10-18 07:54:15,027 [Thread-1148] INFO  impl.FollowerState (FollowerState.java:run(108)) - 4b487190-7547-40c7-b780-43c37a89e8eb@group-BAC069DAEF17-FollowerState: change to CANDIDATE, lastRpcTime:71ms, electionTimeout:71ms
2019-10-18 07:54:15,028 [Thread-1148] INFO  impl.RoleInfo (RoleInfo.java:shutdownFollowerState(121)) - 4b487190-7547-40c7-b780-43c37a89e8eb: shutdown FollowerState
2019-10-18 07:54:15,028 [Thread-1148] INFO  impl.RaftServerImpl (RaftServerImpl.java:setRole(184)) - 4b487190-7547-40c7-b780-43c37a89e8eb@group-BAC069DAEF17: changes role from  FOLLOWER to CANDIDATE at term 125 for changeToCandidate
2019-10-18 07:54:15,028 [Thread-1148] INFO  impl.RoleInfo (RoleInfo.java:updateAndGet(143)) - 4b487190-7547-40c7-b780-43c37a89e8eb: start LeaderElection
2019-10-18 07:54:15,053 [4b487190-7547-40c7-b780-43c37a89e8eb@group-BAC069DAEF17-LeaderElection127] INFO  impl.LeaderElection (LeaderElection.java:askForVotes(178)) - 4b487190-7547-40c7-b780-43c37a89e8eb@group-BAC069DAEF17-LeaderElection127: begin an election at term 126 for -1: [6fa005cd-25d6-4e29-bda6-9462a060c098:192.168.69.67:36093, 4b487190-7547-40c7-b780-43c37a89e8eb:192.168.69.67:39683, 3d3aac8b-d4d1-454d-bf0c-88a180692893:192.168.69.67:34429], old=null
2019-10-18 07:54:15,055 [grpc-default-executor-0] INFO  impl.RaftServerImpl (RaftServerImpl.java:setRole(184)) - 6fa005cd-25d6-4e29-bda6-9462a060c098@group-BAC069DAEF17: changes role from  FOLLOWER to FOLLOWER at term 126 for recognizeCandidate:4b487190-7547-40c7-b780-43c37a89e8eb
2019-10-18 07:54:15,055 [grpc-default-executor-3] INFO  impl.RaftServerImpl (RaftServerImpl.java:setRole(184)) - 3d3aac8b-d4d1-454d-bf0c-88a180692893@group-BAC069DAEF17: changes role from  FOLLOWER to FOLLOWER at term 126 for recognizeCandidate:4b487190-7547-40c7-b780-43c37a89e8eb
2019-10-18 07:54:15,055 [grpc-default-executor-0] INFO  impl.RoleInfo (RoleInfo.java:shutdownFollowerState(121)) - 6fa005cd-25d6-4e29-bda6-9462a060c098: shutdown FollowerState
2019-10-18 07:54:15,055 [grpc-default-executor-3] INFO  impl.RoleInfo (RoleInfo.java:shutdownFollowerState(121)) - 3d3aac8b-d4d1-454d-bf0c-88a180692893: shutdown FollowerState
2019-10-18 07:54:15,056 [Thread-1146] INFO  impl.FollowerState (FollowerState.java:run(117)) - 6fa005cd-25d6-4e29-bda6-9462a060c098@group-BAC069DAEF17-FollowerState was interrupted: java.lang.InterruptedException: sleep interrupted
2019-10-18 07:54:15,056 [grpc-default-executor-0] INFO  impl.RoleInfo (RoleInfo.java:updateAndGet(143)) - 6fa005cd-25d6-4e29-bda6-9462a060c098: start FollowerState
2019-10-18 07:54:15,056 [Thread-1147] INFO  impl.FollowerState (FollowerState.java:run(117)) - 3d3aac8b-d4d1-454d-bf0c-88a180692893@group-BAC069DAEF17-FollowerState was interrupted: java.lang.InterruptedException: sleep interrupted
2019-10-18 07:54:15,056 [grpc-default-executor-3] INFO  impl.RoleInfo (RoleInfo.java:updateAndGet(143)) - 3d3aac8b-d4d1-454d-bf0c-88a180692893: start FollowerState
2019-10-18 07:54:15,064 [4b487190-7547-40c7-b780-43c37a89e8eb@group-BAC069DAEF17-LeaderElection127] INFO  impl.LeaderElection (LeaderElection.java:logAndReturn(56)) - 4b487190-7547-40c7-b780-43c37a89e8eb@group-BAC069DAEF17-LeaderElection127: Election TIMEOUT; received 0 response(s) [] and 0 exception(s); 4b487190-7547-40c7-b780-43c37a89e8eb@group-BAC069DAEF17:t126, leader=null, voted=4b487190-7547-40c7-b780-43c37a89e8eb, raftlog=4b487190-7547-40c7-b780-43c37a89e8eb@group-BAC069DAEF17-SegmentedRaftLog:OPENED:c-1,f-1,i0, conf=-1: [6fa005cd-25d6-4e29-bda6-9462a060c098:192.168.69.67:36093, 4b487190-7547-40c7-b780-43c37a89e8eb:192.168.69.67:39683, 3d3aac8b-d4d1-454d-bf0c-88a180692893:192.168.69.67:34429], old=null
2019-10-18 07:54:15,081 [4b487190-7547-40c7-b780-43c37a89e8eb@group-BAC069DAEF17-LeaderElection127] INFO  impl.LeaderElection (LeaderElection.java:askForVotes(178)) - 4b487190-7547-40c7-b780-43c37a89e8eb@group-BAC069DAEF17-LeaderElection127: begin an election at term 127 for -1: [6fa005cd-25d6-4e29-bda6-9462a060c098:192.168.69.67:36093, 4b487190-7547-40c7-b780-43c37a89e8eb:192.168.69.67:39683, 3d3aac8b-d4d1-454d-bf0c-88a180692893:192.168.69.67:34429], old=null
2019-10-18 07:54:15,083 [grpc-default-executor-0] INFO  impl.RaftServerImpl (RaftServerImpl.java:setRole(184)) - 6fa005cd-25d6-4e29-bda6-9462a060c098@group-BAC069DAEF17: changes role from  FOLLOWER to FOLLOWER at term 127 for recognizeCandidate:4b487190-7547-40c7-b780-43c37a89e8eb
2019-10-18 07:54:15,083 [grpc-default-executor-0] INFO  impl.RoleInfo (RoleInfo.java:shutdownFollowerState(121)) - 6fa005cd-25d6-4e29-bda6-9462a060c098: shutdown FollowerState
2019-10-18 07:54:15,084 [grpc-default-executor-3] INFO  impl.RaftServerImpl (RaftServerImpl.java:setRole(184)) - 3d3aac8b-d4d1-454d-bf0c-88a180692893@group-BAC069DAEF17: changes role from  FOLLOWER to FOLLOWER at term 127 for recognizeCandidate:4b487190-7547-40c7-b780-43c37a89e8eb
2019-10-18 07:54:15,084 [Thread-1152] INFO  impl.FollowerState (FollowerState.java:run(117)) - 6fa005cd-25d6-4e29-bda6-9462a060c098@group-BAC069DAEF17-FollowerState was interrupted: java.lang.InterruptedException: sleep interrupted
2019-10-18 07:54:15,084 [grpc-default-executor-0] INFO  impl.RoleInfo (RoleInfo.java:updateAndGet(143)) - 6fa005cd-25d6-4e29-bda6-9462a060c098: start FollowerState
2019-10-18 07:54:15,084 [grpc-default-executor-3] INFO  impl.RoleInfo (RoleInfo.java:shutdownFollowerState(121)) - 3d3aac8b-d4d1-454d-bf0c-88a180692893: shutdown FollowerState
2019-10-18 07:54:15,084 [grpc-default-executor-3] INFO  impl.RoleInfo (RoleInfo.java:updateAndGet(143)) - 3d3aac8b-d4d1-454d-bf0c-88a180692893: start FollowerState
2019-10-18 07:54:15,084 [Thread-1153] INFO  impl.FollowerState (FollowerState.java:run(117)) - 3d3aac8b-d4d1-454d-bf0c-88a180692893@group-BAC069DAEF17-FollowerState was interrupted: java.lang.InterruptedException: sleep interrupted
2019-10-18 07:54:15,098 [4b487190-7547-40c7-b780-43c37a89e8eb@group-BAC069DAEF17-LeaderElection127] INFO  impl.LeaderElection (LeaderElection.java:logAndReturn(56)) - 4b487190-7547-40c7-b780-43c37a89e8eb@group-BAC069DAEF17-LeaderElection127: Election REJECTED; received 2 response(s) [4b487190-7547-40c7-b780-43c37a89e8eb<-6fa005cd-25d6-4e29-bda6-9462a060c098#0:FAIL-t127, 4b487190-7547-40c7-b780-43c37a89e8eb<-3d3aac8b-d4d1-454d-bf0c-88a180692893#0:FAIL-t127] and 0 exception(s); 4b487190-7547-40c7-b780-43c37a89e8eb@group-BAC069DAEF17:t127, leader=null, voted=4b487190-7547-40c7-b780-43c37a89e8eb, raftlog=4b487190-7547-40c7-b780-43c37a89e8eb@group-BAC069DAEF17-SegmentedRaftLog:OPENED:c-1,f-1,i0, conf=-1: [6fa005cd-25d6-4e29-bda6-9462a060c098:192.168.69.67:36093, 4b487190-7547-40c7-b780-43c37a89e8eb:192.168.69.67:39683, 3d3aac8b-d4d1-454d-bf0c-88a180692893:192.168.69.67:34429], old=null
2019-10-18 07:54:15,099 [4b487190-7547-40c7-b780-43c37a89e8eb@group-BAC069DAEF17-LeaderElection127] INFO  impl.RaftServerImpl (RaftServerImpl.java:setRole(184)) - 4b487190-7547-40c7-b780-43c37a89e8eb@group-BAC069DAEF17: changes role from CANDIDATE to FOLLOWER at term 127 for DISCOVERED_A_NEW_TERM
2019-10-18 07:54:15,099 [4b487190-7547-40c7-b780-43c37a89e8eb@group-BAC069DAEF17-LeaderElection127] INFO  impl.RoleInfo (RoleInfo.java:shutdownLeaderElection(134)) - 4b487190-7547-40c7-b780-43c37a89e8eb: shutdown LeaderElection
2019-10-18 07:54:15,099 [4b487190-7547-40c7-b780-43c37a89e8eb@group-BAC069DAEF17-LeaderElection127] INFO  impl.RoleInfo (RoleInfo.java:updateAndGet(143)) - 4b487190-7547-40c7-b780-43c37a89e8eb: start FollowerState
2019-10-18 07:54:15,193 [Thread-1158] INFO  impl.FollowerState (FollowerState.java:run(108)) - 4b487190-7547-40c7-b780-43c37a89e8eb@group-BAC069DAEF17-FollowerState: change to CANDIDATE, lastRpcTime:94ms, electionTimeout:92ms
2019-10-18 07:54:15,194 [Thread-1158] INFO  impl.RoleInfo (RoleInfo.java:shutdownFollowerState(121)) - 4b487190-7547-40c7-b780-43c37a89e8eb: shutdown FollowerState
2019-10-18 07:54:15,194 [Thread-1158] INFO  impl.RaftServerImpl (RaftServerImpl.java:setRole(184)) - 4b487190-7547-40c7-b780-43c37a89e8eb@group-BAC069DAEF17: changes role from  FOLLOWER to CANDIDATE at term 127 for changeToCandidate
2019-10-18 07:54:15,194 [Thread-1158] INFO  impl.RoleInfo (RoleInfo.java:updateAndGet(143)) - 4b487190-7547-40c7-b780-43c37a89e8eb: start LeaderElection
2019-10-18 07:54:15,207 [4b487190-7547-40c7-b780-43c37a89e8eb@group-BAC069DAEF17-LeaderElection128] INFO  impl.LeaderElection (LeaderElection.java:askForVotes(178)) - 4b487190-7547-40c7-b780-43c37a89e8eb@group-BAC069DAEF17-LeaderElection128: begin an election at term 128 for -1: [6fa005cd-25d6-4e29-bda6-9462a060c098:192.168.69.67:36093, 4b487190-7547-40c7-b780-43c37a89e8eb:192.168.69.67:39683, 3d3aac8b-d4d1-454d-bf0c-88a180692893:192.168.69.67:34429], old=null
2019-10-18 07:54:15,211 [4b487190-7547-40c7-b780-43c37a89e8eb@group-BAC069DAEF17-LeaderElection128] INFO  impl.LeaderElection (LeaderElection.java:logAndReturn(56)) - 4b487190-7547-40c7-b780-43c37a89e8eb@group-BAC069DAEF17-LeaderElection128: Election TIMEOUT; received 0 response(s) [] and 0 exception(s); 4b487190-7547-40c7-b780-43c37a89e8eb@group-BAC069DAEF17:t128, leader=null, voted=4b487190-7547-40c7-b780-43c37a89e8eb, raftlog=4b487190-7547-40c7-b780-43c37a89e8eb@group-BAC069DAEF17-SegmentedRaftLog:OPENED:c-1,f-1,i0, conf=-1: [6fa005cd-25d6-4e29-bda6-9462a060c098:192.168.69.67:36093, 4b487190-7547-40c7-b780-43c37a89e8eb:192.168.69.67:39683, 3d3aac8b-d4d1-454d-bf0c-88a180692893:192.168.69.67:34429], old=null
2019-10-18 07:54:15,213 [grpc-default-executor-0] INFO  impl.RaftServerImpl (RaftServerImpl.java:setRole(184)) - 3d3aac8b-d4d1-454d-bf0c-88a180692893@group-BAC069DAEF17: changes role from  FOLLOWER to FOLLOWER at term 128 for recognizeCandidate:4b487190-7547-40c7-b780-43c37a89e8eb
2019-10-18 07:54:15,213 [grpc-default-executor-0] INFO  impl.RoleInfo (RoleInfo.java:shutdownFollowerState(121)) - 3d3aac8b-d4d1-454d-bf0c-88a180692893: shutdown FollowerState
2019-10-18 07:54:15,213 [grpc-default-executor-3] INFO  impl.RaftServerImpl (RaftServerImpl.java:setRole(184)) - 6fa005cd-25d6-4e29-bda6-9462a060c098@group-BAC069DAEF17: changes role from  FOLLOWER to FOLLOWER at term 128 for recognizeCandidate:4b487190-7547-40c7-b780-43c37a89e8eb
2019-10-18 07:54:15,213 [grpc-default-executor-3] INFO  impl.RoleInfo (RoleInfo.java:shutdownFollowerState(121)) - 6fa005cd-25d6-4e29-bda6-9462a060c098: shutdown FollowerState
2019-10-18 07:54:15,213 [Thread-1157] INFO  impl.FollowerState (FollowerState.java:run(117)) - 3d3aac8b-d4d1-454d-bf0c-88a180692893@group-BAC069DAEF17-FollowerState was interrupted: java.lang.InterruptedException: sleep interrupted
2019-10-18 07:54:15,213 [grpc-default-executor-0] INFO  impl.RoleInfo (RoleInfo.java:updateAndGet(143)) - 3d3aac8b-d4d1-454d-bf0c-88a180692893: start FollowerState
2019-10-18 07:54:15,214 [Thread-1156] INFO  impl.FollowerState (FollowerState.java:run(117)) - 6fa005cd-25d6-4e29-bda6-9462a060c098@group-BAC069DAEF17-FollowerState was interrupted: java.lang.InterruptedException: sleep interrupted
2019-10-18 07:54:15,214 [grpc-default-executor-3] INFO  impl.RoleInfo (RoleInfo.java:updateAndGet(143)) - 6fa005cd-25d6-4e29-bda6-9462a060c098: start FollowerState
2019-10-18 07:54:15,228 [4b487190-7547-40c7-b780-43c37a89e8eb@group-BAC069DAEF17-LeaderElection128] INFO  impl.LeaderElection (LeaderElection.java:askForVotes(178)) - 4b487190-7547-40c7-b780-43c37a89e8eb@group-BAC069DAEF17-LeaderElection128: begin an election at term 129 for -1: [6fa005cd-25d6-4e29-bda6-9462a060c098:192.168.69.67:36093, 4b487190-7547-40c7-b780-43c37a89e8eb:192.168.69.67:39683, 3d3aac8b-d4d1-454d-bf0c-88a180692893:192.168.69.67:34429], old=null
2019-10-18 07:54:15,230 [grpc-default-executor-3] INFO  impl.RaftServerImpl (RaftServerImpl.java:setRole(184)) - 6fa005cd-25d6-4e29-bda6-9462a060c098@group-BAC069DAEF17: changes role from  FOLLOWER to FOLLOWER at term 129 for recognizeCandidate:4b487190-7547-40c7-b780-43c37a89e8eb
2019-10-18 07:54:15,230 [grpc-default-executor-3] INFO  impl.RoleInfo (RoleInfo.java:shutdownFollowerState(121)) - 6fa005cd-25d6-4e29-bda6-9462a060c098: shutdown FollowerState
2019-10-18 07:54:15,230 [grpc-default-executor-6] INFO  impl.RaftServerImpl (RaftServerImpl.java:setRole(184)) - 3d3aac8b-d4d1-454d-bf0c-88a180692893@group-BAC069DAEF17: changes role from  FOLLOWER to FOLLOWER at term 129 for recognizeCandidate:4b487190-7547-40c7-b780-43c37a89e8eb
2019-10-18 07:54:15,230 [Thread-1163] INFO  impl.FollowerState (FollowerState.java:run(117)) - 6fa005cd-25d6-4e29-bda6-9462a060c098@group-BAC069DAEF17-FollowerState was interrupted: java.lang.InterruptedException: sleep interrupted
2019-10-18 07:54:15,230 [grpc-default-executor-3] INFO  impl.RoleInfo (RoleInfo.java:updateAndGet(143)) - 6fa005cd-25d6-4e29-bda6-9462a060c098: start FollowerState
2019-10-18 07:54:15,231 [grpc-default-executor-6] INFO  impl.RoleInfo (RoleInfo.java:shutdownFollowerState(121)) - 3d3aac8b-d4d1-454d-bf0c-88a180692893: shutdown FollowerState
2019-10-18 07:54:15,231 [grpc-default-executor-6] INFO  impl.RoleInfo (RoleInfo.java:updateAndGet(143)) - 3d3aac8b-d4d1-454d-bf0c-88a180692893: start FollowerState
2019-10-18 07:54:15,231 [Thread-1162] INFO  impl.FollowerState (FollowerState.java:run(117)) - 3d3aac8b-d4d1-454d-bf0c-88a180692893@group-BAC069DAEF17-FollowerState was interrupted: java.lang.InterruptedException: sleep interrupted
2019-10-18 07:54:15,240 [4b487190-7547-40c7-b780-43c37a89e8eb@group-BAC069DAEF17-LeaderElection128] INFO  impl.LeaderElection (LeaderElection.java:logAndReturn(56)) - 4b487190-7547-40c7-b780-43c37a89e8eb@group-BAC069DAEF17-LeaderElection128: Election REJECTED; received 2 response(s) [4b487190-7547-40c7-b780-43c37a89e8eb<-6fa005cd-25d6-4e29-bda6-9462a060c098#0:FAIL-t129, 4b487190-7547-40c7-b780-43c37a89e8eb<-3d3aac8b-d4d1-454d-bf0c-88a180692893#0:FAIL-t129] and 0 exception(s); 4b487190-7547-40c7-b780-43c37a89e8eb@group-BAC069DAEF17:t129, leader=null, voted=4b487190-7547-40c7-b780-43c37a89e8eb, raftlog=4b487190-7547-40c7-b780-43c37a89e8eb@group-BAC069DAEF17-SegmentedRaftLog:OPENED:c-1,f-1,i0, conf=-1: [6fa005cd-25d6-4e29-bda6-9462a060c098:192.168.69.67:36093, 4b487190-7547-40c7-b780-43c37a89e8eb:192.168.69.67:39683, 3d3aac8b-d4d1-454d-bf0c-88a180692893:192.168.69.67:34429], old=null
2019-10-18 07:54:15,240 [4b487190-7547-40c7-b780-43c37a89e8eb@group-BAC069DAEF17-LeaderElection128] INFO  impl.RaftServerImpl (RaftServerImpl.java:setRole(184)) - 4b487190-7547-40c7-b780-43c37a89e8eb@group-BAC069DAEF17: changes role from CANDIDATE to FOLLOWER at term 129 for DISCOVERED_A_NEW_TERM
2019-10-18 07:54:15,240 [4b487190-7547-40c7-b780-43c37a89e8eb@group-BAC069DAEF17-LeaderElection128] INFO  impl.RoleInfo (RoleInfo.java:shutdownLeaderElection(134)) - 4b487190-7547-40c7-b780-43c37a89e8eb: shutdown LeaderElection
2019-10-18 07:54:15,240 [4b487190-7547-40c7-b780-43c37a89e8eb@group-BAC069DAEF17-LeaderElection128] INFO  impl.RoleInfo (RoleInfo.java:updateAndGet(143)) - 4b487190-7547-40c7-b780-43c37a89e8eb: start FollowerState
2019-10-18 07:54:15,368 [Thread-1168] INFO  impl.FollowerState (FollowerState.java:run(108)) - 4b487190-7547-40c7-b780-43c37a89e8eb@group-BAC069DAEF17-FollowerState: change to CANDIDATE, lastRpcTime:127ms, electionTimeout:127ms
2019-10-18 07:54:15,368 [Thread-1168] INFO  impl.RoleInfo (RoleInfo.java:shutdownFollowerState(121)) - 4b487190-7547-40c7-b780-43c37a89e8eb: shutdown FollowerState
2019-10-18 07:54:15,368 [Thread-1168] INFO  impl.RaftServerImpl (RaftServerImpl.java:setRole(184)) - 4b487190-7547-40c7-b780-43c37a89e8eb@group-BAC069DAEF17: changes role from  FOLLOWER to CANDIDATE at term 129 for changeToCandidate
2019-10-18 07:54:15,368 [Thread-1168] INFO  impl.RoleInfo (RoleInfo.java:updateAndGet(143)) - 4b487190-7547-40c7-b780-43c37a89e8eb: start LeaderElection
2019-10-18 07:54:15,390 [4b487190-7547-40c7-b780-43c37a89e8eb@group-BAC069DAEF17-LeaderElection129] INFO  impl.LeaderElection (LeaderElection.java:askForVotes(178)) - 4b487190-7547-40c7-b780-43c37a89e8eb@group-BAC069DAEF17-LeaderElection129: begin an election at term 130 for -1: [6fa005cd-25d6-4e29-bda6-9462a060c098:192.168.69.67:36093, 4b487190-7547-40c7-b780-43c37a89e8eb:192.168.69.67:39683, 3d3aac8b-d4d1-454d-bf0c-88a180692893:192.168.69.67:34429], old=null
2019-10-18 07:54:15,392 [grpc-default-executor-6] INFO  impl.RaftServerImpl (RaftServerImpl.java:setRole(184)) - 6fa005cd-25d6-4e29-bda6-9462a060c098@group-BAC069DAEF17: changes role from  FOLLOWER to FOLLOWER at term 130 for recognizeCandidate:4b487190-7547-40c7-b780-43c37a89e8eb
2019-10-18 07:54:15,393 [grpc-default-executor-3] INFO  impl.RaftServerImpl (RaftServerImpl.java:setRole(184)) - 3d3aac8b-d4d1-454d-bf0c-88a180692893@group-BAC069DAEF17: changes role from  FOLLOWER to FOLLOWER at term 130 for recognizeCandidate:4b487190-7547-40c7-b780-43c37a89e8eb
2019-10-18 07:54:15,393 [grpc-default-executor-6] INFO  impl.RoleInfo (RoleInfo.java:shutdownFollowerState(121)) - 6fa005cd-25d6-4e29-bda6-9462a060c098: shutdown FollowerState
2019-10-18 07:54:15,393 [grpc-default-executor-3] INFO  impl.RoleInfo (RoleInfo.java:shutdownFollowerState(121)) - 3d3aac8b-d4d1-454d-bf0c-88a180692893: shutdown FollowerState
2019-10-18 07:54:15,393 [grpc-default-executor-6] INFO  impl.RoleInfo (RoleInfo.java:updateAndGet(143)) - 6fa005cd-25d6-4e29-bda6-9462a060c098: start FollowerState
2019-10-18 07:54:15,393 [Thread-1167] INFO  impl.FollowerState (FollowerState.java:run(117)) - 3d3aac8b-d4d1-454d-bf0c-88a180692893@group-BAC069DAEF17-FollowerState was interrupted: java.lang.InterruptedException: sleep interrupted
2019-10-18 07:54:15,393 [grpc-default-executor-3] INFO  impl.RoleInfo (RoleInfo.java:updateAndGet(143)) - 3d3aac8b-d4d1-454d-bf0c-88a180692893: start FollowerState
2019-10-18 07:54:15,393 [Thread-1166] INFO  impl.FollowerState (FollowerState.java:run(117)) - 6fa005cd-25d6-4e29-bda6-9462a060c098@group-BAC069DAEF17-FollowerState was interrupted: java.lang.InterruptedException: sleep interrupted
2019-10-18 07:54:15,427 [4b487190-7547-40c7-b780-43c37a89e8eb@group-BAC069DAEF17-LeaderElection129] INFO  impl.LeaderElection (LeaderElection.java:logAndReturn(56)) - 4b487190-7547-40c7-b780-43c37a89e8eb@group-BAC069DAEF17-LeaderElection129: Election TIMEOUT; received 0 response(s) [] and 0 exception(s); 4b487190-7547-40c7-b780-43c37a89e8eb@group-BAC069DAEF17:t130, leader=null, voted=4b487190-7547-40c7-b780-43c37a89e8eb, raftlog=4b487190-7547-40c7-b780-43c37a89e8eb@group-BAC069DAEF17-SegmentedRaftLog:OPENED:c-1,f-1,i0, conf=-1: [6fa005cd-25d6-4e29-bda6-9462a060c098:192.168.69.67:36093, 4b487190-7547-40c7-b780-43c37a89e8eb:192.168.69.67:39683, 3d3aac8b-d4d1-454d-bf0c-88a180692893:192.168.69.67:34429], old=null
2019-10-18 07:54:15,509 [4b487190-7547-40c7-b780-43c37a89e8eb@group-BAC069DAEF17-LeaderElection129] INFO  impl.LeaderElection (LeaderElection.java:askForVotes(178)) - 4b487190-7547-40c7-b780-43c37a89e8eb@group-BAC069DAEF17-LeaderElection129: begin an election at term 131 for -1: [6fa005cd-25d6-4e29-bda6-9462a060c098:192.168.69.67:36093, 4b487190-7547-40c7-b780-43c37a89e8eb:192.168.69.67:39683, 3d3aac8b-d4d1-454d-bf0c-88a180692893:192.168.69.67:34429], old=null
2019-10-18 07:54:15,511 [grpc-default-executor-3] INFO  impl.RaftServerImpl (RaftServerImpl.java:setRole(184)) - 6fa005cd-25d6-4e29-bda6-9462a060c098@group-BAC069DAEF17: changes role from  FOLLOWER to FOLLOWER at term 131 for recognizeCandidate:4b487190-7547-40c7-b780-43c37a89e8eb
2019-10-18 07:54:15,512 [grpc-default-executor-6] INFO  impl.RaftServerImpl (RaftServerImpl.java:setRole(184)) - 3d3aac8b-d4d1-454d-bf0c-88a180692893@group-BAC069DAEF17: changes role from  FOLLOWER to FOLLOWER at term 131 for recognizeCandidate:4b487190-7547-40c7-b780-43c37a89e8eb
2019-10-18 07:54:15,512 [grpc-default-executor-3] INFO  impl.RoleInfo (RoleInfo.java:shutdownFollowerState(121)) - 6fa005cd-25d6-4e29-bda6-9462a060c098: shutdown FollowerState
2019-10-18 07:54:15,512 [grpc-default-executor-6] INFO  impl.RoleInfo (RoleInfo.java:shutdownFollowerState(121)) - 3d3aac8b-d4d1-454d-bf0c-88a180692893: shutdown FollowerState
2019-10-18 07:54:15,512 [Thread-1172] INFO  impl.FollowerState (FollowerState.java:run(117)) - 6fa005cd-25d6-4e29-bda6-9462a060c098@group-BAC069DAEF17-FollowerState was interrupted: java.lang.InterruptedException: sleep interrupted
2019-10-18 07:54:15,512 [Thread-1173] INFO  impl.FollowerState (FollowerState.java:run(117)) - 3d3aac8b-d4d1-454d-bf0c-88a180692893@group-BAC069DAEF17-FollowerState was interrupted: java.lang.InterruptedException: sleep interrupted
2019-10-18 07:54:15,512 [grpc-default-executor-3] INFO  impl.RoleInfo (RoleInfo.java:updateAndGet(143)) - 6fa005cd-25d6-4e29-bda6-9462a060c098: start FollowerState
2019-10-18 07:54:15,512 [grpc-default-executor-6] INFO  impl.RoleInfo (RoleInfo.java:updateAndGet(143)) - 3d3aac8b-d4d1-454d-bf0c-88a180692893: start FollowerState
2019-10-18 07:54:15,587 [4b487190-7547-40c7-b780-43c37a89e8eb@group-BAC069DAEF17-LeaderElection129] INFO  impl.LeaderElection (LeaderElection.java:logAndReturn(56)) - 4b487190-7547-40c7-b780-43c37a89e8eb@group-BAC069DAEF17-LeaderElection129: Election TIMEOUT; received 0 response(s) [] and 0 exception(s); 4b487190-7547-40c7-b780-43c37a89e8eb@group-BAC069DAEF17:t131, leader=null, voted=4b487190-7547-40c7-b780-43c37a89e8eb, raftlog=4b487190-7547-40c7-b780-43c37a89e8eb@group-BAC069DAEF17-SegmentedRaftLog:OPENED:c-1,f-1,i0, conf=-1: [6fa005cd-25d6-4e29-bda6-9462a060c098:192.168.69.67:36093, 4b487190-7547-40c7-b780-43c37a89e8eb:192.168.69.67:39683, 3d3aac8b-d4d1-454d-bf0c-88a180692893:192.168.69.67:34429], old=null
2019-10-18 07:54:15,611 [4b487190-7547-40c7-b780-43c37a89e8eb@group-BAC069DAEF17-LeaderElection129] INFO  impl.LeaderElection (LeaderElection.java:askForVotes(178)) - 4b487190-7547-40c7-b780-43c37a89e8eb@group-BAC069DAEF17-LeaderElection129: begin an election at term 132 for -1: [6fa005cd-25d6-4e29-bda6-9462a060c098:192.168.69.67:36093, 4b487190-7547-40c7-b780-43c37a89e8eb:192.168.69.67:39683, 3d3aac8b-d4d1-454d-bf0c-88a180692893:192.168.69.67:34429], old=null
2019-10-18 07:54:15,613 [grpc-default-executor-3] INFO  impl.RaftServerImpl (RaftServerImpl.java:setRole(184)) - 6fa005cd-25d6-4e29-bda6-9462a060c098@group-BAC069DAEF17: changes role from  FOLLOWER to FOLLOWER at term 132 for recognizeCandidate:4b487190-7547-40c7-b780-43c37a89e8eb
2019-10-18 07:54:15,614 [grpc-default-executor-3] INFO  impl.RoleInfo (RoleInfo.java:shutdownFollowerState(121)) - 6fa005cd-25d6-4e29-bda6-9462a060c098: shutdown FollowerState
2019-10-18 07:54:15,614 [grpc-default-executor-3] INFO  impl.RoleInfo (RoleInfo.java:updateAndGet(143)) - 6fa005cd-25d6-4e29-bda6-9462a060c098: start FollowerState
2019-10-18 07:54:15,614 [Thread-1176] INFO  impl.FollowerState (FollowerState.java:run(117)) - 6fa005cd-25d6-4e29-bda6-9462a060c098@group-BAC069DAEF17-FollowerState was interrupted: java.lang.InterruptedException: sleep interrupted
2019-10-18 07:54:15,614 [grpc-default-executor-6] INFO  impl.RaftServerImpl (RaftServerImpl.java:setRole(184)) - 3d3aac8b-d4d1-454d-bf0c-88a180692893@group-BAC069DAEF17: changes role from  FOLLOWER to FOLLOWER at term 132 for recognizeCandidate:4b487190-7547-40c7-b780-43c37a89e8eb
2019-10-18 07:54:15,614 [grpc-default-executor-6] INFO  impl.RoleInfo (RoleInfo.java:shutdownFollowerState(121)) - 3d3aac8b-d4d1-454d-bf0c-88a180692893: shutdown FollowerState
2019-10-18 07:54:15,615 [grpc-default-executor-6] INFO  impl.RoleInfo (RoleInfo.java:updateAndGet(143)) - 3d3aac8b-d4d1-454d-bf0c-88a180692893: start FollowerState
2019-10-18 07:54:15,615 [Thread-1177] INFO  impl.FollowerState (FollowerState.java:run(117)) - 3d3aac8b-d4d1-454d-bf0c-88a180692893@group-BAC069DAEF17-FollowerState was interrupted: java.lang.InterruptedException: sleep interrupted
2019-10-18 07:54:15,655 [4b487190-7547-40c7-b780-43c37a89e8eb@group-BAC069DAEF17-LeaderElection129] INFO  impl.LeaderElection (LeaderElection.java:logAndReturn(56)) - 4b487190-7547-40c7-b780-43c37a89e8eb@group-BAC069DAEF17-LeaderElection129: Election REJECTED; received 2 response(s) [4b487190-7547-40c7-b780-43c37a89e8eb<-6fa005cd-25d6-4e29-bda6-9462a060c098#0:FAIL-t132, 4b487190-7547-40c7-b780-43c37a89e8eb<-3d3aac8b-d4d1-454d-bf0c-88a180692893#0:FAIL-t132] and 0 exception(s); 4b487190-7547-40c7-b780-43c37a89e8eb@group-BAC069DAEF17:t132, leader=null, voted=4b487190-7547-40c7-b780-43c37a89e8eb, raftlog=4b487190-7547-40c7-b780-43c37a89e8eb@group-BAC069DAEF17-SegmentedRaftLog:OPENED:c-1,f-1,i0, conf=-1: [6fa005cd-25d6-4e29-bda6-9462a060c098:192.168.69.67:36093, 4b487190-7547-40c7-b780-43c37a89e8eb:192.168.69.67:39683, 3d3aac8b-d4d1-454d-bf0c-88a180692893:192.168.69.67:34429], old=null
2019-10-18 07:54:15,655 [4b487190-7547-40c7-b780-43c37a89e8eb@group-BAC069DAEF17-LeaderElection129] INFO  impl.RaftServerImpl (RaftServerImpl.java:setRole(184)) - 4b487190-7547-40c7-b780-43c37a89e8eb@group-BAC069DAEF17: changes role from CANDIDATE to FOLLOWER at term 132 for DISCOVERED_A_NEW_TERM
2019-10-18 07:54:15,655 [4b487190-7547-40c7-b780-43c37a89e8eb@group-BAC069DAEF17-LeaderElection129] INFO  impl.RoleInfo (RoleInfo.java:shutdownLeaderElection(134)) - 4b487190-7547-40c7-b780-43c37a89e8eb: shutdown LeaderElection
2019-10-18 07:54:15,655 [4b487190-7547-40c7-b780-43c37a89e8eb@group-BAC069DAEF17-LeaderElection129] INFO  impl.RoleInfo (RoleInfo.java:updateAndGet(143)) - 4b487190-7547-40c7-b780-43c37a89e8eb: start FollowerState
2019-10-18 07:54:15,819 [Thread-1184] INFO  impl.FollowerState (FollowerState.java:run(108)) - 4b487190-7547-40c7-b780-43c37a89e8eb@group-BAC069DAEF17-FollowerState: change to CANDIDATE, lastRpcTime:163ms, electionTimeout:163ms
2019-10-18 07:54:15,819 [Thread-1184] INFO  impl.RoleInfo (RoleInfo.java:shutdownFollowerState(121)) - 4b487190-7547-40c7-b780-43c37a89e8eb: shutdown FollowerState
2019-10-18 07:54:15,819 [Thread-1184] INFO  impl.RaftServerImpl (RaftServerImpl.java:setRole(184)) - 4b487190-7547-40c7-b780-43c37a89e8eb@group-BAC069DAEF17: changes role from  FOLLOWER to CANDIDATE at term 132 for changeToCandidate
2019-10-18 07:54:15,819 [Thread-1184] INFO  impl.RoleInfo (RoleInfo.java:updateAndGet(143)) - 4b487190-7547-40c7-b780-43c37a89e8eb: start LeaderElection
2019-10-18 07:54:15,833 [4b487190-7547-40c7-b780-43c37a89e8eb@group-BAC069DAEF17-LeaderElection130] INFO  impl.LeaderElection (LeaderElection.java:askForVotes(178)) - 4b487190-7547-40c7-b780-43c37a89e8eb@group-BAC069DAEF17-LeaderElection130: begin an election at term 133 for -1: [6fa005cd-25d6-4e29-bda6-9462a060c098:192.168.69.67:36093, 4b487190-7547-40c7-b780-43c37a89e8eb:192.168.69.67:39683, 3d3aac8b-d4d1-454d-bf0c-88a180692893:192.168.69.67:34429], old=null
2019-10-18 07:54:15,836 [grpc-default-executor-3] INFO  impl.RaftServerImpl (RaftServerImpl.java:setRole(184)) - 6fa005cd-25d6-4e29-bda6-9462a060c098@group-BAC069DAEF17: changes role from  FOLLOWER to FOLLOWER at term 133 for recognizeCandidate:4b487190-7547-40c7-b780-43c37a89e8eb
2019-10-18 07:54:15,836 [grpc-default-executor-3] INFO  impl.RoleInfo (RoleInfo.java:shutdownFollowerState(121)) - 6fa005cd-25d6-4e29-bda6-9462a060c098: shutdown FollowerState
2019-10-18 07:54:15,836 [grpc-default-executor-6] INFO  impl.RaftServerImpl (RaftServerImpl.java:setRole(184)) - 3d3aac8b-d4d1-454d-bf0c-88a180692893@group-BAC069DAEF17: changes role from  FOLLOWER to FOLLOWER at term 133 for recognizeCandidate:4b487190-7547-40c7-b780-43c37a89e8eb
2019-10-18 07:54:15,836 [Thread-1182] INFO  impl.FollowerState (FollowerState.java:run(117)) - 6fa005cd-25d6-4e29-bda6-9462a060c098@group-BAC069DAEF17-FollowerState was interrupted: java.lang.InterruptedException: sleep interrupted
2019-10-18 07:54:15,836 [grpc-default-executor-3] INFO  impl.RoleInfo (RoleInfo.java:updateAndGet(143)) - 6fa005cd-25d6-4e29-bda6-9462a060c098: start FollowerState
2019-10-18 07:54:15,836 [grpc-default-executor-6] INFO  impl.RoleInfo (RoleInfo.java:shutdownFollowerState(121)) - 3d3aac8b-d4d1-454d-bf0c-88a180692893: shutdown FollowerState
2019-10-18 07:54:15,837 [grpc-default-executor-6] INFO  impl.RoleInfo (RoleInfo.java:updateAndGet(143)) - 3d3aac8b-d4d1-454d-bf0c-88a180692893: start FollowerState
2019-10-18 07:54:15,837 [Thread-1183] INFO  impl.FollowerState (FollowerState.java:run(117)) - 3d3aac8b-d4d1-454d-bf0c-88a180692893@group-BAC069DAEF17-FollowerState was interrupted: java.lang.InterruptedException: sleep interrupted
2019-10-18 07:54:15,852 [4b487190-7547-40c7-b780-43c37a89e8eb@group-BAC069DAEF17-LeaderElection130] INFO  impl.LeaderElection (LeaderElection.java:logAndReturn(56)) - 4b487190-7547-40c7-b780-43c37a89e8eb@group-BAC069DAEF17-LeaderElection130: Election REJECTED; received 2 response(s) [4b487190-7547-40c7-b780-43c37a89e8eb<-6fa005cd-25d6-4e29-bda6-9462a060c098#0:FAIL-t133, 4b487190-7547-40c7-b780-43c37a89e8eb<-3d3aac8b-d4d1-454d-bf0c-88a180692893#0:FAIL-t133] and 0 exception(s); 4b487190-7547-40c7-b780-43c37a89e8eb@group-BAC069DAEF17:t133, leader=null, voted=4b487190-7547-40c7-b780-43c37a89e8eb, raftlog=4b487190-7547-40c7-b780-43c37a89e8eb@group-BAC069DAEF17-SegmentedRaftLog:OPENED:c-1,f-1,i0, conf=-1: [6fa005cd-25d6-4e29-bda6-9462a060c098:192.168.69.67:36093, 4b487190-7547-40c7-b780-43c37a89e8eb:192.168.69.67:39683, 3d3aac8b-d4d1-454d-bf0c-88a180692893:192.168.69.67:34429], old=null
2019-10-18 07:54:15,852 [4b487190-7547-40c7-b780-43c37a89e8eb@group-BAC069DAEF17-LeaderElection130] INFO  impl.RaftServerImpl (RaftServerImpl.java:setRole(184)) - 4b487190-7547-40c7-b780-43c37a89e8eb@group-BAC069DAEF17: changes role from CANDIDATE to FOLLOWER at term 133 for DISCOVERED_A_NEW_TERM
2019-10-18 07:54:15,852 [4b487190-7547-40c7-b780-43c37a89e8eb@group-BAC069DAEF17-LeaderElection130] INFO  impl.RoleInfo (RoleInfo.java:shutdownLeaderElection(134)) - 4b487190-7547-40c7-b780-43c37a89e8eb: shutdown LeaderElection
2019-10-18 07:54:15,852 [4b487190-7547-40c7-b780-43c37a89e8eb@group-BAC069DAEF17-LeaderElection130] INFO  impl.RoleInfo (RoleInfo.java:updateAndGet(143)) - 4b487190-7547-40c7-b780-43c37a89e8eb: start FollowerState
2019-10-18 07:54:15,950 [Thread-1190] INFO  impl.FollowerState (FollowerState.java:run(108)) - 4b487190-7547-40c7-b780-43c37a89e8eb@group-BAC069DAEF17-FollowerState: change to CANDIDATE, lastRpcTime:97ms, electionTimeout:97ms
2019-10-18 07:54:15,950 [Thread-1190] INFO  impl.RoleInfo (RoleInfo.java:shutdownFollowerState(121)) - 4b487190-7547-40c7-b780-43c37a89e8eb: shutdown FollowerState
2019-10-18 07:54:15,950 [Thread-1190] INFO  impl.RaftServerImpl (RaftServerImpl.java:setRole(184)) - 4b487190-7547-40c7-b780-43c37a89e8eb@group-BAC069DAEF17: changes role from  FOLLOWER to CANDIDATE at term 133 for changeToCandidate
2019-10-18 07:54:15,951 [Thread-1190] INFO  impl.RoleInfo (RoleInfo.java:updateAndGet(143)) - 4b487190-7547-40c7-b780-43c37a89e8eb: start LeaderElection
2019-10-18 07:54:15,972 [4b487190-7547-40c7-b780-43c37a89e8eb@group-BAC069DAEF17-LeaderElection131] INFO  impl.LeaderElection (LeaderElection.java:askForVotes(178)) - 4b487190-7547-40c7-b780-43c37a89e8eb@group-BAC069DAEF17-LeaderElection131: begin an election at term 134 for -1: [6fa005cd-25d6-4e29-bda6-9462a060c098:192.168.69.67:36093, 4b487190-7547-40c7-b780-43c37a89e8eb:192.168.69.67:39683, 3d3aac8b-d4d1-454d-bf0c-88a180692893:192.168.69.67:34429], old=null
2019-10-18 07:54:15,975 [grpc-default-executor-6] INFO  impl.RaftServerImpl (RaftServerImpl.java:setRole(184)) - 3d3aac8b-d4d1-454d-bf0c-88a180692893@group-BAC069DAEF17: changes role from  FOLLOWER to FOLLOWER at term 134 for recognizeCandidate:4b487190-7547-40c7-b780-43c37a89e8eb
2019-10-18 07:54:15,975 [grpc-default-executor-3] INFO  impl.RaftServerImpl (RaftServerImpl.java:setRole(184)) - 6fa005cd-25d6-4e29-bda6-9462a060c098@group-BAC069DAEF17: changes role from  FOLLOWER to FOLLOWER at term 134 for recognizeCandidate:4b487190-7547-40c7-b780-43c37a89e8eb
2019-10-18 07:54:15,975 [grpc-default-executor-6] INFO  impl.RoleInfo (RoleInfo.java:shutdownFollowerState(121)) - 3d3aac8b-d4d1-454d-bf0c-88a180692893: shutdown FollowerState
2019-10-18 07:54:15,975 [grpc-default-executor-3] INFO  impl.RoleInfo (RoleInfo.java:shutdownFollowerState(121)) - 6fa005cd-25d6-4e29-bda6-9462a060c098: shutdown FollowerState
2019-10-18 07:54:15,976 [Thread-1188] INFO  impl.FollowerState (FollowerState.java:run(117)) - 6fa005cd-25d6-4e29-bda6-9462a060c098@group-BAC069DAEF17-FollowerState was interrupted: java.lang.InterruptedException: sleep interrupted
2019-10-18 07:54:15,976 [Thread-1189] INFO  impl.FollowerState (FollowerState.java:run(117)) - 3d3aac8b-d4d1-454d-bf0c-88a180692893@group-BAC069DAEF17-FollowerState was interrupted: java.lang.InterruptedException: sleep interrupted
2019-10-18 07:54:15,976 [grpc-default-executor-6] INFO  impl.RoleInfo (RoleInfo.java:updateAndGet(143)) - 3d3aac8b-d4d1-454d-bf0c-88a180692893: start FollowerState
2019-10-18 07:54:15,976 [grpc-default-executor-3] INFO  impl.RoleInfo (RoleInfo.java:updateAndGet(143)) - 6fa005cd-25d6-4e29-bda6-9462a060c098: start FollowerState
2019-10-18 07:54:15,993 [4b487190-7547-40c7-b780-43c37a89e8eb@group-BAC069DAEF17-LeaderElection131] INFO  impl.LeaderElection (LeaderElection.java:logAndReturn(56)) - 4b487190-7547-40c7-b780-43c37a89e8eb@group-BAC069DAEF17-LeaderElection131: Election REJECTED; received 2 response(s) [4b487190-7547-40c7-b780-43c37a89e8eb<-6fa005cd-25d6-4e29-bda6-9462a060c098#0:FAIL-t134, 4b487190-7547-40c7-b780-43c37a89e8eb<-3d3aac8b-d4d1-454d-bf0c-88a180692893#0:FAIL-t134] and 0 exception(s); 4b487190-7547-40c7-b780-43c37a89e8eb@group-BAC069DAEF17:t134, leader=null, voted=4b487190-7547-40c7-b780-43c37a89e8eb, raftlog=4b487190-7547-40c7-b780-43c37a89e8eb@group-BAC069DAEF17-SegmentedRaftLog:OPENED:c-1,f-1,i0, conf=-1: [6fa005cd-25d6-4e29-bda6-9462a060c098:192.168.69.67:36093, 4b487190-7547-40c7-b780-43c37a89e8eb:192.168.69.67:39683, 3d3aac8b-d4d1-454d-bf0c-88a180692893:192.168.69.67:34429], old=null
2019-10-18 07:54:15,993 [4b487190-7547-40c7-b780-43c37a89e8eb@group-BAC069DAEF17-LeaderElection131] INFO  impl.RaftServerImpl (RaftServerImpl.java:setRole(184)) - 4b487190-7547-40c7-b780-43c37a89e8eb@group-BAC069DAEF17: changes role from CANDIDATE to FOLLOWER at term 134 for DISCOVERED_A_NEW_TERM
2019-10-18 07:54:15,993 [4b487190-7547-40c7-b780-43c37a89e8eb@group-BAC069DAEF17-LeaderElection131] INFO  impl.RoleInfo (RoleInfo.java:shutdownLeaderElection(134)) - 4b487190-7547-40c7-b780-43c37a89e8eb: shutdown LeaderElection
2019-10-18 07:54:15,994 [4b487190-7547-40c7-b780-43c37a89e8eb@group-BAC069DAEF17-LeaderElection131] INFO  impl.RoleInfo (RoleInfo.java:updateAndGet(143)) - 4b487190-7547-40c7-b780-43c37a89e8eb: start FollowerState
2019-10-18 07:54:16,034 [Thread-1196] INFO  impl.FollowerState (FollowerState.java:run(108)) - 4b487190-7547-40c7-b780-43c37a89e8eb@group-BAC069DAEF17-FollowerState: change to CANDIDATE, lastRpcTime:40ms, electionTimeout:40ms
2019-10-18 07:54:16,034 [Thread-1196] INFO  impl.RoleInfo (RoleInfo.java:shutdownFollowerState(121)) - 4b487190-7547-40c7-b780-43c37a89e8eb: shutdown FollowerState
2019-10-18 07:54:16,034 [Thread-1196] INFO  impl.RaftServerImpl (RaftServerImpl.java:setRole(184)) - 4b487190-7547-40c7-b780-43c37a89e8eb@group-BAC069DAEF17: changes role from  FOLLOWER to CANDIDATE at term 134 for changeToCandidate
2019-10-18 07:54:16,035 [Thread-1196] INFO  impl.RoleInfo (RoleInfo.java:updateAndGet(143)) - 4b487190-7547-40c7-b780-43c37a89e8eb: start LeaderElection
2019-10-18 07:54:16,048 [4b487190-7547-40c7-b780-43c37a89e8eb@group-BAC069DAEF17-LeaderElection132] INFO  impl.LeaderElection (LeaderElection.java:askForVotes(178)) - 4b487190-7547-40c7-b780-43c37a89e8eb@group-BAC069DAEF17-LeaderElection132: begin an election at term 135 for -1: [6fa005cd-25d6-4e29-bda6-9462a060c098:192.168.69.67:36093, 4b487190-7547-40c7-b780-43c37a89e8eb:192.168.69.67:39683, 3d3aac8b-d4d1-454d-bf0c-88a180692893:192.168.69.67:34429], old=null
2019-10-18 07:54:16,050 [grpc-default-executor-6] INFO  impl.RaftServerImpl (RaftServerImpl.java:setRole(184)) - 6fa005cd-25d6-4e29-bda6-9462a060c098@group-BAC069DAEF17: changes role from  FOLLOWER to FOLLOWER at term 135 for recognizeCandidate:4b487190-7547-40c7-b780-43c37a89e8eb
2019-10-18 07:54:16,051 [grpc-default-executor-6] INFO  impl.RoleInfo (RoleInfo.java:shutdownFollowerState(121)) - 6fa005cd-25d6-4e29-bda6-9462a060c098: shutdown FollowerState
2019-10-18 07:54:16,051 [grpc-default-executor-3] INFO  impl.RaftServerImpl (RaftServerImpl.java:setRole(184)) - 3d3aac8b-d4d1-454d-bf0c-88a180692893@group-BAC069DAEF17: changes role from  FOLLOWER to FOLLOWER at term 135 for recognizeCandidate:4b487190-7547-40c7-b780-43c37a89e8eb
2019-10-18 07:54:16,051 [grpc-default-executor-3] INFO  impl.RoleInfo (RoleInfo.java:shutdownFollowerState(121)) - 3d3aac8b-d4d1-454d-bf0c-88a180692893: shutdown FollowerState
2019-10-18 07:54:16,051 [Thread-1195] INFO  impl.FollowerState (FollowerState.java:run(117)) - 6fa005cd-25d6-4e29-bda6-9462a060c098@group-BAC069DAEF17-FollowerState was interrupted: java.lang.InterruptedException: sleep interrupted
2019-10-18 07:54:16,051 [grpc-default-executor-6] INFO  impl.RoleInfo (RoleInfo.java:updateAndGet(143)) - 6fa005cd-25d6-4e29-bda6-9462a060c098: start FollowerState
2019-10-18 07:54:16,051 [Thread-1194] INFO  impl.FollowerState (FollowerState.java:run(117)) - 3d3aac8b-d4d1-454d-bf0c-88a180692893@group-BAC069DAEF17-FollowerState was interrupted: java.lang.InterruptedException: sleep interrupted
2019-10-18 07:54:16,051 [grpc-default-executor-3] INFO  impl.RoleInfo (RoleInfo.java:updateAndGet(143)) - 3d3aac8b-d4d1-454d-bf0c-88a180692893: start FollowerState
2019-10-18 07:54:16,071 [4b487190-7547-40c7-b780-43c37a89e8eb@group-BAC069DAEF17-LeaderElection132] INFO  impl.LeaderElection (LeaderElection.java:logAndReturn(56)) - 4b487190-7547-40c7-b780-43c37a89e8eb@group-BAC069DAEF17-LeaderElection132: Election REJECTED; received 2 response(s) [4b487190-7547-40c7-b780-43c37a89e8eb<-6fa005cd-25d6-4e29-bda6-9462a060c098#0:FAIL-t135, 4b487190-7547-40c7-b780-43c37a89e8eb<-3d3aac8b-d4d1-454d-bf0c-88a180692893#0:FAIL-t135] and 0 exception(s); 4b487190-7547-40c7-b780-43c37a89e8eb@group-BAC069DAEF17:t135, leader=null, voted=4b487190-7547-40c7-b780-43c37a89e8eb, raftlog=4b487190-7547-40c7-b780-43c37a89e8eb@group-BAC069DAEF17-SegmentedRaftLog:OPENED:c-1,f-1,i0, conf=-1: [6fa005cd-25d6-4e29-bda6-9462a060c098:192.168.69.67:36093, 4b487190-7547-40c7-b780-43c37a89e8eb:192.168.69.67:39683, 3d3aac8b-d4d1-454d-bf0c-88a180692893:192.168.69.67:34429], old=null
2019-10-18 07:54:16,072 [4b487190-7547-40c7-b780-43c37a89e8eb@group-BAC069DAEF17-LeaderElection132] INFO  impl.RaftServerImpl (RaftServerImpl.java:setRole(184)) - 4b487190-7547-40c7-b780-43c37a89e8eb@group-BAC069DAEF17: changes role from CANDIDATE to FOLLOWER at term 135 for DISCOVERED_A_NEW_TERM
2019-10-18 07:54:16,072 [4b487190-7547-40c7-b780-43c37a89e8eb@group-BAC069DAEF17-LeaderElection132] INFO  impl.RoleInfo (RoleInfo.java:shutdownLeaderElection(134)) - 4b487190-7547-40c7-b780-43c37a89e8eb: shutdown LeaderElection
2019-10-18 07:54:16,072 [4b487190-7547-40c7-b780-43c37a89e8eb@group-BAC069DAEF17-LeaderElection132] INFO  impl.RoleInfo (RoleInfo.java:updateAndGet(143)) - 4b487190-7547-40c7-b780-43c37a89e8eb: start FollowerState
2019-10-18 07:54:16,240 [Thread-1202] INFO  impl.FollowerState (FollowerState.java:run(108)) - 4b487190-7547-40c7-b780-43c37a89e8eb@group-BAC069DAEF17-FollowerState: change to CANDIDATE, lastRpcTime:167ms, electionTimeout:167ms
2019-10-18 07:54:16,240 [Thread-1202] INFO  impl.RoleInfo (RoleInfo.java:shutdownFollowerState(121)) - 4b487190-7547-40c7-b780-43c37a89e8eb: shutdown FollowerState
2019-10-18 07:54:16,240 [Thread-1202] INFO  impl.RaftServerImpl (RaftServerImpl.java:setRole(184)) - 4b487190-7547-40c7-b780-43c37a89e8eb@group-BAC069DAEF17: changes role from  FOLLOWER to CANDIDATE at term 135 for changeToCandidate
2019-10-18 07:54:16,240 [Thread-1202] INFO  impl.RoleInfo (RoleInfo.java:updateAndGet(143)) - 4b487190-7547-40c7-b780-43c37a89e8eb: start LeaderElection
2019-10-18 07:54:16,254 [4b487190-7547-40c7-b780-43c37a89e8eb@group-BAC069DAEF17-LeaderElection133] INFO  impl.LeaderElection (LeaderElection.java:askForVotes(178)) - 4b487190-7547-40c7-b780-43c37a89e8eb@group-BAC069DAEF17-LeaderElection133: begin an election at term 136 for -1: [6fa005cd-25d6-4e29-bda6-9462a060c098:192.168.69.67:36093, 4b487190-7547-40c7-b780-43c37a89e8eb:192.168.69.67:39683, 3d3aac8b-d4d1-454d-bf0c-88a180692893:192.168.69.67:34429], old=null
2019-10-18 07:54:16,257 [grpc-default-executor-3] INFO  impl.RaftServerImpl (RaftServerImpl.java:setRole(184)) - 6fa005cd-25d6-4e29-bda6-9462a060c098@group-BAC069DAEF17: changes role from  FOLLOWER to FOLLOWER at term 136 for recognizeCandidate:4b487190-7547-40c7-b780-43c37a89e8eb
2019-10-18 07:54:16,258 [grpc-default-executor-3] INFO  impl.RoleInfo (RoleInfo.java:shutdownFollowerState(121)) - 6fa005cd-25d6-4e29-bda6-9462a060c098: shutdown FollowerState
2019-10-18 07:54:16,258 [grpc-default-executor-6] INFO  impl.RaftServerImpl (RaftServerImpl.java:setRole(184)) - 3d3aac8b-d4d1-454d-bf0c-88a180692893@group-BAC069DAEF17: changes role from  FOLLOWER to FOLLOWER at term 136 for recognizeCandidate:4b487190-7547-40c7-b780-43c37a89e8eb
2019-10-18 07:54:16,258 [Thread-1200] INFO  impl.FollowerState (FollowerState.java:run(117)) - 6fa005cd-25d6-4e29-bda6-9462a060c098@group-BAC069DAEF17-FollowerState was interrupted: java.lang.InterruptedException: sleep interrupted
2019-10-18 07:54:16,258 [grpc-default-executor-6] INFO  impl.RoleInfo (RoleInfo.java:shutdownFollowerState(121)) - 3d3aac8b-d4d1-454d-bf0c-88a180692893: shutdown FollowerState
2019-10-18 07:54:16,258 [grpc-default-executor-3] INFO  impl.RoleInfo (RoleInfo.java:updateAndGet(143)) - 6fa005cd-25d6-4e29-bda6-9462a060c098: start FollowerState
2019-10-18 07:54:16,258 [Thread-1201] INFO  impl.FollowerState (FollowerState.java:run(117)) - 3d3aac8b-d4d1-454d-bf0c-88a180692893@group-BAC069DAEF17-FollowerState was interrupted: java.lang.InterruptedException: sleep interrupted
2019-10-18 07:54:16,258 [grpc-default-executor-6] INFO  impl.RoleInfo (RoleInfo.java:updateAndGet(143)) - 3d3aac8b-d4d1-454d-bf0c-88a180692893: start FollowerState
2019-10-18 07:54:16,280 [4b487190-7547-40c7-b780-43c37a89e8eb@group-BAC069DAEF17-LeaderElection133] INFO  impl.LeaderElection (LeaderElection.java:logAndReturn(56)) - 4b487190-7547-40c7-b780-43c37a89e8eb@group-BAC069DAEF17-LeaderElection133: Election REJECTED; received 2 response(s) [4b487190-7547-40c7-b780-43c37a89e8eb<-6fa005cd-25d6-4e29-bda6-9462a060c098#0:FAIL-t136, 4b487190-7547-40c7-b780-43c37a89e8eb<-3d3aac8b-d4d1-454d-bf0c-88a180692893#0:FAIL-t136] and 0 exception(s); 4b487190-7547-40c7-b780-43c37a89e8eb@group-BAC069DAEF17:t136, leader=null, voted=4b487190-7547-40c7-b780-43c37a89e8eb, raftlog=4b487190-7547-40c7-b780-43c37a89e8eb@group-BAC069DAEF17-SegmentedRaftLog:OPENED:c-1,f-1,i0, conf=-1: [6fa005cd-25d6-4e29-bda6-9462a060c098:192.168.69.67:36093, 4b487190-7547-40c7-b780-43c37a89e8eb:192.168.69.67:39683, 3d3aac8b-d4d1-454d-bf0c-88a180692893:192.168.69.67:34429], old=null
2019-10-18 07:54:16,281 [4b487190-7547-40c7-b780-43c37a89e8eb@group-BAC069DAEF17-LeaderElection133] INFO  impl.RaftServerImpl (RaftServerImpl.java:setRole(184)) - 4b487190-7547-40c7-b780-43c37a89e8eb@group-BAC069DAEF17: changes role from CANDIDATE to FOLLOWER at term 136 for DISCOVERED_A_NEW_TERM
2019-10-18 07:54:16,281 [4b487190-7547-40c7-b780-43c37a89e8eb@group-BAC069DAEF17-LeaderElection133] INFO  impl.RoleInfo (RoleInfo.java:shutdownLeaderElection(134)) - 4b487190-7547-40c7-b780-43c37a89e8eb: shutdown LeaderElection
2019-10-18 07:54:16,281 [4b487190-7547-40c7-b780-43c37a89e8eb@group-BAC069DAEF17-LeaderElection133] INFO  impl.RoleInfo (RoleInfo.java:updateAndGet(143)) - 4b487190-7547-40c7-b780-43c37a89e8eb: start FollowerState
2019-10-18 07:54:16,478 [Thread-1208] INFO  impl.FollowerState (FollowerState.java:run(108)) - 4b487190-7547-40c7-b780-43c37a89e8eb@group-BAC069DAEF17-FollowerState: change to CANDIDATE, lastRpcTime:197ms, electionTimeout:197ms
2019-10-18 07:54:16,479 [Thread-1208] INFO  impl.RoleInfo (RoleInfo.java:shutdownFollowerState(121)) - 4b487190-7547-40c7-b780-43c37a89e8eb: shutdown FollowerState
2019-10-18 07:54:16,479 [Thread-1208] INFO  impl.RaftServerImpl (RaftServerImpl.java:setRole(184)) - 4b487190-7547-40c7-b780-43c37a89e8eb@group-BAC069DAEF17: changes role from  FOLLOWER to CANDIDATE at term 136 for changeToCandidate
2019-10-18 07:54:16,479 [Thread-1208] INFO  impl.RoleInfo (RoleInfo.java:updateAndGet(143)) - 4b487190-7547-40c7-b780-43c37a89e8eb: start LeaderElection
2019-10-18 07:54:16,493 [4b487190-7547-40c7-b780-43c37a89e8eb@group-BAC069DAEF17-LeaderElection134] INFO  impl.LeaderElection (LeaderElection.java:askForVotes(178)) - 4b487190-7547-40c7-b780-43c37a89e8eb@group-BAC069DAEF17-LeaderElection134: begin an election at term 137 for -1: [6fa005cd-25d6-4e29-bda6-9462a060c098:192.168.69.67:36093, 4b487190-7547-40c7-b780-43c37a89e8eb:192.168.69.67:39683, 3d3aac8b-d4d1-454d-bf0c-88a180692893:192.168.69.67:34429], old=null
2019-10-18 07:54:16,496 [grpc-default-executor-6] INFO  impl.RaftServerImpl (RaftServerImpl.java:setRole(184)) - 6fa005cd-25d6-4e29-bda6-9462a060c098@group-BAC069DAEF17: changes role from  FOLLOWER to FOLLOWER at term 137 for recognizeCandidate:4b487190-7547-40c7-b780-43c37a89e8eb
2019-10-18 07:54:16,496 [grpc-default-executor-6] INFO  impl.RoleInfo (RoleInfo.java:shutdownFollowerState(121)) - 6fa005cd-25d6-4e29-bda6-9462a060c098: shutdown FollowerState
2019-10-18 07:54:16,496 [grpc-default-executor-3] INFO  impl.RaftServerImpl (RaftServerImpl.java:setRole(184)) - 3d3aac8b-d4d1-454d-bf0c-88a180692893@group-BAC069DAEF17: changes role from  FOLLOWER to FOLLOWER at term 137 for recognizeCandidate:4b487190-7547-40c7-b780-43c37a89e8eb
2019-10-18 07:54:16,497 [Thread-1206] INFO  impl.FollowerState (FollowerState.java:run(117)) - 6fa005cd-25d6-4e29-bda6-9462a060c098@group-BAC069DAEF17-FollowerState was interrupted: java.lang.InterruptedException: sleep interrupted
2019-10-18 07:54:16,497 [grpc-default-executor-6] INFO  impl.RoleInfo (RoleInfo.java:updateAndGet(143)) - 6fa005cd-25d6-4e29-bda6-9462a060c098: start FollowerState
2019-10-18 07:54:16,497 [grpc-default-executor-3] INFO  impl.RoleInfo (RoleInfo.java:shutdownFollowerState(121)) - 3d3aac8b-d4d1-454d-bf0c-88a180692893: shutdown FollowerState
2019-10-18 07:54:16,497 [grpc-default-executor-3] INFO  impl.RoleInfo (RoleInfo.java:updateAndGet(143)) - 3d3aac8b-d4d1-454d-bf0c-88a180692893: start FollowerState
2019-10-18 07:54:16,497 [Thread-1207] INFO  impl.FollowerState (FollowerState.java:run(117)) - 3d3aac8b-d4d1-454d-bf0c-88a180692893@group-BAC069DAEF17-FollowerState was interrupted: java.lang.InterruptedException: sleep interrupted
2019-10-18 07:54:16,510 [4b487190-7547-40c7-b780-43c37a89e8eb@group-BAC069DAEF17-LeaderElection134] INFO  impl.LeaderElection (LeaderElection.java:logAndReturn(56)) - 4b487190-7547-40c7-b780-43c37a89e8eb@group-BAC069DAEF17-LeaderElection134: Election REJECTED; received 2 response(s) [4b487190-7547-40c7-b780-43c37a89e8eb<-6fa005cd-25d6-4e29-bda6-9462a060c098#0:FAIL-t137, 4b487190-7547-40c7-b780-43c37a89e8eb<-3d3aac8b-d4d1-454d-bf0c-88a180692893#0:FAIL-t137] and 0 exception(s); 4b487190-7547-40c7-b780-43c37a89e8eb@group-BAC069DAEF17:t137, leader=null, voted=4b487190-7547-40c7-b780-43c37a89e8eb, raftlog=4b487190-7547-40c7-b780-43c37a89e8eb@group-BAC069DAEF17-SegmentedRaftLog:OPENED:c-1,f-1,i0, conf=-1: [6fa005cd-25d6-4e29-bda6-9462a060c098:192.168.69.67:36093, 4b487190-7547-40c7-b780-43c37a89e8eb:192.168.69.67:39683, 3d3aac8b-d4d1-454d-bf0c-88a180692893:192.168.69.67:34429], old=null
2019-10-18 07:54:16,510 [4b487190-7547-40c7-b780-43c37a89e8eb@group-BAC069DAEF17-LeaderElection134] INFO  impl.RaftServerImpl (RaftServerImpl.java:setRole(184)) - 4b487190-7547-40c7-b780-43c37a89e8eb@group-BAC069DAEF17: changes role from CANDIDATE to FOLLOWER at term 137 for DISCOVERED_A_NEW_TERM
2019-10-18 07:54:16,510 [4b487190-7547-40c7-b780-43c37a89e8eb@group-BAC069DAEF17-LeaderElection134] INFO  impl.RoleInfo (RoleInfo.java:shutdownLeaderElection(134)) - 4b487190-7547-40c7-b780-43c37a89e8eb: shutdown LeaderElection
2019-10-18 07:54:16,510 [4b487190-7547-40c7-b780-43c37a89e8eb@group-BAC069DAEF17-LeaderElection134] INFO  impl.RoleInfo (RoleInfo.java:updateAndGet(143)) - 4b487190-7547-40c7-b780-43c37a89e8eb: start FollowerState
2019-10-18 07:54:16,613 [Thread-1214] INFO  impl.FollowerState (FollowerState.java:run(108)) - 4b487190-7547-40c7-b780-43c37a89e8eb@group-BAC069DAEF17-FollowerState: change to CANDIDATE, lastRpcTime:102ms, electionTimeout:102ms
2019-10-18 07:54:16,613 [Thread-1214] INFO  impl.RoleInfo (RoleInfo.java:shutdownFollowerState(121)) - 4b487190-7547-40c7-b780-43c37a89e8eb: shutdown FollowerState
2019-10-18 07:54:16,613 [Thread-1214] INFO  impl.RaftServerImpl (RaftServerImpl.java:setRole(184)) - 4b487190-7547-40c7-b780-43c37a89e8eb@group-BAC069DAEF17: changes role from  FOLLOWER to CANDIDATE at term 137 for changeToCandidate
2019-10-18 07:54:16,613 [Thread-1214] INFO  impl.RoleInfo (RoleInfo.java:updateAndGet(143)) - 4b487190-7547-40c7-b780-43c37a89e8eb: start LeaderElection
2019-10-18 07:54:16,639 [4b487190-7547-40c7-b780-43c37a89e8eb@group-BAC069DAEF17-LeaderElection135] INFO  impl.LeaderElection (LeaderElection.java:askForVotes(178)) - 4b487190-7547-40c7-b780-43c37a89e8eb@group-BAC069DAEF17-LeaderElection135: begin an election at term 138 for -1: [6fa005cd-25d6-4e29-bda6-9462a060c098:192.168.69.67:36093, 4b487190-7547-40c7-b780-43c37a89e8eb:192.168.69.67:39683, 3d3aac8b-d4d1-454d-bf0c-88a180692893:192.168.69.67:34429], old=null
2019-10-18 07:54:16,642 [grpc-default-executor-6] INFO  impl.RaftServerImpl (RaftServerImpl.java:setRole(184)) - 6fa005cd-25d6-4e29-bda6-9462a060c098@group-BAC069DAEF17: changes role from  FOLLOWER to FOLLOWER at term 138 for recognizeCandidate:4b487190-7547-40c7-b780-43c37a89e8eb
2019-10-18 07:54:16,642 [grpc-default-executor-6] INFO  impl.RoleInfo (RoleInfo.java:shutdownFollowerState(121)) - 6fa005cd-25d6-4e29-bda6-9462a060c098: shutdown FollowerState
2019-10-18 07:54:16,642 [grpc-default-executor-6] INFO  impl.RoleInfo (RoleInfo.java:updateAndGet(143)) - 6fa005cd-25d6-4e29-bda6-9462a060c098: start FollowerState
2019-10-18 07:54:16,642 [grpc-default-executor-3] INFO  impl.RaftServerImpl (RaftServerImpl.java:setRole(184)) - 3d3aac8b-d4d1-454d-bf0c-88a180692893@group-BAC069DAEF17: changes role from  FOLLOWER to FOLLOWER at term 138 for recognizeCandidate:4b487190-7547-40c7-b780-43c37a89e8eb
2019-10-18 07:54:16,642 [Thread-1212] INFO  impl.FollowerState (FollowerState.java:run(117)) - 6fa005cd-25d6-4e29-bda6-9462a060c098@group-BAC069DAEF17-FollowerState was interrupted: java.lang.InterruptedException: sleep interrupted
2019-10-18 07:54:16,642 [grpc-default-executor-3] INFO  impl.RoleInfo (RoleInfo.java:shutdownFollowerState(121)) - 3d3aac8b-d4d1-454d-bf0c-88a180692893: shutdown FollowerState
2019-10-18 07:54:16,643 [grpc-default-executor-3] INFO  impl.RoleInfo (RoleInfo.java:updateAndGet(143)) - 3d3aac8b-d4d1-454d-bf0c-88a180692893: start FollowerState
2019-10-18 07:54:16,643 [Thread-1213] INFO  impl.FollowerState (FollowerState.java:run(117)) - 3d3aac8b-d4d1-454d-bf0c-88a180692893@group-BAC069DAEF17-FollowerState was interrupted: java.lang.InterruptedException: sleep interrupted
2019-10-18 07:54:16,668 [4b487190-7547-40c7-b780-43c37a89e8eb@group-BAC069DAEF17-LeaderElection135] INFO  impl.LeaderElection (LeaderElection.java:logAndReturn(56)) - 4b487190-7547-40c7-b780-43c37a89e8eb@group-BAC069DAEF17-LeaderElection135: Election TIMEOUT; received 0 response(s) [] and 0 exception(s); 4b487190-7547-40c7-b780-43c37a89e8eb@group-BAC069DAEF17:t138, leader=null, voted=4b487190-7547-40c7-b780-43c37a89e8eb, raftlog=4b487190-7547-40c7-b780-43c37a89e8eb@group-BAC069DAEF17-SegmentedRaftLog:OPENED:c-1,f-1,i0, conf=-1: [6fa005cd-25d6-4e29-bda6-9462a060c098:192.168.69.67:36093, 4b487190-7547-40c7-b780-43c37a89e8eb:192.168.69.67:39683, 3d3aac8b-d4d1-454d-bf0c-88a180692893:192.168.69.67:34429], old=null
2019-10-18 07:54:16,681 [4b487190-7547-40c7-b780-43c37a89e8eb@group-BAC069DAEF17-LeaderElection135] INFO  impl.LeaderElection (LeaderElection.java:askForVotes(178)) - 4b487190-7547-40c7-b780-43c37a89e8eb@group-BAC069DAEF17-LeaderElection135: begin an election at term 139 for -1: [6fa005cd-25d6-4e29-bda6-9462a060c098:192.168.69.67:36093, 4b487190-7547-40c7-b780-43c37a89e8eb:192.168.69.67:39683, 3d3aac8b-d4d1-454d-bf0c-88a180692893:192.168.69.67:34429], old=null
2019-10-18 07:54:16,683 [grpc-default-executor-6] INFO  impl.RaftServerImpl (RaftServerImpl.java:setRole(184)) - 6fa005cd-25d6-4e29-bda6-9462a060c098@group-BAC069DAEF17: changes role from  FOLLOWER to FOLLOWER at term 139 for recognizeCandidate:4b487190-7547-40c7-b780-43c37a89e8eb
2019-10-18 07:54:16,683 [grpc-default-executor-6] INFO  impl.RoleInfo (RoleInfo.java:shutdownFollowerState(121)) - 6fa005cd-25d6-4e29-bda6-9462a060c098: shutdown FollowerState
2019-10-18 07:54:16,683 [grpc-default-executor-3] INFO  impl.RaftServerImpl (RaftServerImpl.java:setRole(184)) - 3d3aac8b-d4d1-454d-bf0c-88a180692893@group-BAC069DAEF17: changes role from  FOLLOWER to FOLLOWER at term 139 for recognizeCandidate:4b487190-7547-40c7-b780-43c37a89e8eb
2019-10-18 07:54:16,683 [Thread-1218] INFO  impl.FollowerState (FollowerState.java:run(117)) - 6fa005cd-25d6-4e29-bda6-9462a060c098@group-BAC069DAEF17-FollowerState was interrupted: java.lang.InterruptedException: sleep interrupted
2019-10-18 07:54:16,683 [grpc-default-executor-6] INFO  impl.RoleInfo (RoleInfo.java:updateAndGet(143)) - 6fa005cd-25d6-4e29-bda6-9462a060c098: start FollowerState
2019-10-18 07:54:16,683 [grpc-default-executor-3] INFO  impl.RoleInfo (RoleInfo.java:shutdownFollowerState(121)) - 3d3aac8b-d4d1-454d-bf0c-88a180692893: shutdown FollowerState
2019-10-18 07:54:16,684 [grpc-default-executor-3] INFO  impl.RoleInfo (RoleInfo.java:updateAndGet(143)) - 3d3aac8b-d4d1-454d-bf0c-88a180692893: start FollowerState
2019-10-18 07:54:16,684 [Thread-1219] INFO  impl.FollowerState (FollowerState.java:run(117)) - 3d3aac8b-d4d1-454d-bf0c-88a180692893@group-BAC069DAEF17-FollowerState was interrupted: java.lang.InterruptedException: sleep interrupted
2019-10-18 07:54:16,709 [4b487190-7547-40c7-b780-43c37a89e8eb@group-BAC069DAEF17-LeaderElection135] INFO  impl.LeaderElection (LeaderElection.java:logAndReturn(56)) - 4b487190-7547-40c7-b780-43c37a89e8eb@group-BAC069DAEF17-LeaderElection135: Election REJECTED; received 2 response(s) [4b487190-7547-40c7-b780-43c37a89e8eb<-6fa005cd-25d6-4e29-bda6-9462a060c098#0:FAIL-t139, 4b487190-7547-40c7-b780-43c37a89e8eb<-3d3aac8b-d4d1-454d-bf0c-88a180692893#0:FAIL-t139] and 0 exception(s); 4b487190-7547-40c7-b780-43c37a89e8eb@group-BAC069DAEF17:t139, leader=null, voted=4b487190-7547-40c7-b780-43c37a89e8eb, raftlog=4b487190-7547-40c7-b780-43c37a89e8eb@group-BAC069DAEF17-SegmentedRaftLog:OPENED:c-1,f-1,i0, conf=-1: [6fa005cd-25d6-4e29-bda6-9462a060c098:192.168.69.67:36093, 4b487190-7547-40c7-b780-43c37a89e8eb:192.168.69.67:39683, 3d3aac8b-d4d1-454d-bf0c-88a180692893:192.168.69.67:34429], old=null
2019-10-18 07:54:16,709 [4b487190-7547-40c7-b780-43c37a89e8eb@group-BAC069DAEF17-LeaderElection135] INFO  impl.RaftServerImpl (RaftServerImpl.java:setRole(184)) - 4b487190-7547-40c7-b780-43c37a89e8eb@group-BAC069DAEF17: changes role from CANDIDATE to FOLLOWER at term 139 for DISCOVERED_A_NEW_TERM
2019-10-18 07:54:16,709 [4b487190-7547-40c7-b780-43c37a89e8eb@group-BAC069DAEF17-LeaderElection135] INFO  impl.RoleInfo (RoleInfo.java:shutdownLeaderElection(134)) - 4b487190-7547-40c7-b780-43c37a89e8eb: shutdown LeaderElection
2019-10-18 07:54:16,709 [4b487190-7547-40c7-b780-43c37a89e8eb@group-BAC069DAEF17-LeaderElection135] INFO  impl.RoleInfo (RoleInfo.java:updateAndGet(143)) - 4b487190-7547-40c7-b780-43c37a89e8eb: start FollowerState
2019-10-18 07:54:16,755 [Thread-1224] INFO  impl.FollowerState (FollowerState.java:run(108)) - 4b487190-7547-40c7-b780-43c37a89e8eb@group-BAC069DAEF17-FollowerState: change to CANDIDATE, lastRpcTime:45ms, electionTimeout:45ms
2019-10-18 07:54:16,755 [Thread-1224] INFO  impl.RoleInfo (RoleInfo.java:shutdownFollowerState(121)) - 4b487190-7547-40c7-b780-43c37a89e8eb: shutdown FollowerState
2019-10-18 07:54:16,755 [Thread-1224] INFO  impl.RaftServerImpl (RaftServerImpl.java:setRole(184)) - 4b487190-7547-40c7-b780-43c37a89e8eb@group-BAC069DAEF17: changes role from  FOLLOWER to CANDIDATE at term 139 for changeToCandidate
2019-10-18 07:54:16,755 [Thread-1224] INFO  impl.RoleInfo (RoleInfo.java:updateAndGet(143)) - 4b487190-7547-40c7-b780-43c37a89e8eb: start LeaderElection
2019-10-18 07:54:16,769 [4b487190-7547-40c7-b780-43c37a89e8eb@group-BAC069DAEF17-LeaderElection136] INFO  impl.LeaderElection (LeaderElection.java:askForVotes(178)) - 4b487190-7547-40c7-b780-43c37a89e8eb@group-BAC069DAEF17-LeaderElection136: begin an election at term 140 for -1: [6fa005cd-25d6-4e29-bda6-9462a060c098:192.168.69.67:36093, 4b487190-7547-40c7-b780-43c37a89e8eb:192.168.69.67:39683, 3d3aac8b-d4d1-454d-bf0c-88a180692893:192.168.69.67:34429], old=null
2019-10-18 07:54:16,771 [grpc-default-executor-3] INFO  impl.RaftServerImpl (RaftServerImpl.java:setRole(184)) - 3d3aac8b-d4d1-454d-bf0c-88a180692893@group-BAC069DAEF17: changes role from  FOLLOWER to FOLLOWER at term 140 for recognizeCandidate:4b487190-7547-40c7-b780-43c37a89e8eb
2019-10-18 07:54:16,771 [grpc-default-executor-3] INFO  impl.RoleInfo (RoleInfo.java:shutdownFollowerState(121)) - 3d3aac8b-d4d1-454d-bf0c-88a180692893: shutdown FollowerState
2019-10-18 07:54:16,771 [grpc-default-executor-6] INFO  impl.RaftServerImpl (RaftServerImpl.java:setRole(184)) - 6fa005cd-25d6-4e29-bda6-9462a060c098@group-BAC069DAEF17: changes role from  FOLLOWER to FOLLOWER at term 140 for recognizeCandidate:4b487190-7547-40c7-b780-43c37a89e8eb
2019-10-18 07:54:16,771 [grpc-default-executor-6] INFO  impl.RoleInfo (RoleInfo.java:shutdownFollowerState(121)) - 6fa005cd-25d6-4e29-bda6-9462a060c098: shutdown FollowerState
2019-10-18 07:54:16,771 [Thread-1223] INFO  impl.FollowerState (FollowerState.java:run(117)) - 3d3aac8b-d4d1-454d-bf0c-88a180692893@group-BAC069DAEF17-FollowerState was interrupted: java.lang.InterruptedException: sleep interrupted
2019-10-18 07:54:16,771 [grpc-default-executor-3] INFO  impl.RoleInfo (RoleInfo.java:updateAndGet(143)) - 3d3aac8b-d4d1-454d-bf0c-88a180692893: start FollowerState
2019-10-18 07:54:16,772 [Thread-1222] INFO  impl.FollowerState (FollowerState.java:run(117)) - 6fa005cd-25d6-4e29-bda6-9462a060c098@group-BAC069DAEF17-FollowerState was interrupted: java.lang.InterruptedException: sleep interrupted
2019-10-18 07:54:16,772 [grpc-default-executor-6] INFO  impl.RoleInfo (RoleInfo.java:updateAndGet(143)) - 6fa005cd-25d6-4e29-bda6-9462a060c098: start FollowerState
2019-10-18 07:54:16,787 [4b487190-7547-40c7-b780-43c37a89e8eb@group-BAC069DAEF17-LeaderElection136] INFO  impl.LeaderElection (LeaderElection.java:logAndReturn(56)) - 4b487190-7547-40c7-b780-43c37a89e8eb@group-BAC069DAEF17-LeaderElection136: Election REJECTED; received 2 response(s) [4b487190-7547-40c7-b780-43c37a89e8eb<-6fa005cd-25d6-4e29-bda6-9462a060c098#0:FAIL-t140, 4b487190-7547-40c7-b780-43c37a89e8eb<-3d3aac8b-d4d1-454d-bf0c-88a180692893#0:FAIL-t140] and 0 exception(s); 4b487190-7547-40c7-b780-43c37a89e8eb@group-BAC069DAEF17:t140, leader=null, voted=4b487190-7547-40c7-b780-43c37a89e8eb, raftlog=4b487190-7547-40c7-b780-43c37a89e8eb@group-BAC069DAEF17-SegmentedRaftLog:OPENED:c-1,f-1,i0, conf=-1: [6fa005cd-25d6-4e29-bda6-9462a060c098:192.168.69.67:36093, 4b487190-7547-40c7-b780-43c37a89e8eb:192.168.69.67:39683, 3d3aac8b-d4d1-454d-bf0c-88a180692893:192.168.69.67:34429], old=null
2019-10-18 07:54:16,788 [4b487190-7547-40c7-b780-43c37a89e8eb@group-BAC069DAEF17-LeaderElection136] INFO  impl.RaftServerImpl (RaftServerImpl.java:setRole(184)) - 4b487190-7547-40c7-b780-43c37a89e8eb@group-BAC069DAEF17: changes role from CANDIDATE to FOLLOWER at term 140 for DISCOVERED_A_NEW_TERM
2019-10-18 07:54:16,788 [4b487190-7547-40c7-b780-43c37a89e8eb@group-BAC069DAEF17-LeaderElection136] INFO  impl.RoleInfo (RoleInfo.java:shutdownLeaderElection(134)) - 4b487190-7547-40c7-b780-43c37a89e8eb: shutdown LeaderElection
2019-10-18 07:54:16,788 [4b487190-7547-40c7-b780-43c37a89e8eb@group-BAC069DAEF17-LeaderElection136] INFO  impl.RoleInfo (RoleInfo.java:updateAndGet(143)) - 4b487190-7547-40c7-b780-43c37a89e8eb: start FollowerState
2019-10-18 07:54:16,808 [Thread-1230] INFO  impl.FollowerState (FollowerState.java:run(108)) - 4b487190-7547-40c7-b780-43c37a89e8eb@group-BAC069DAEF17-FollowerState: change to CANDIDATE, lastRpcTime:20ms, electionTimeout:20ms
2019-10-18 07:54:16,809 [Thread-1230] INFO  impl.RoleInfo (RoleInfo.java:shutdownFollowerState(121)) - 4b487190-7547-40c7-b780-43c37a89e8eb: shutdown FollowerState
2019-10-18 07:54:16,809 [Thread-1230] INFO  impl.RaftServerImpl (RaftServerImpl.java:setRole(184)) - 4b487190-7547-40c7-b780-43c37a89e8eb@group-BAC069DAEF17: changes role from  FOLLOWER to CANDIDATE at term 140 for changeToCandidate
2019-10-18 07:54:16,809 [Thread-1230] INFO  impl.RoleInfo (RoleInfo.java:updateAndGet(143)) - 4b487190-7547-40c7-b780-43c37a89e8eb: start LeaderElection
2019-10-18 07:54:16,833 [4b487190-7547-40c7-b780-43c37a89e8eb@group-BAC069DAEF17-LeaderElection137] INFO  impl.LeaderElection (LeaderElection.java:askForVotes(178)) - 4b487190-7547-40c7-b780-43c37a89e8eb@group-BAC069DAEF17-LeaderElection137: begin an election at term 141 for -1: [6fa005cd-25d6-4e29-bda6-9462a060c098:192.168.69.67:36093, 4b487190-7547-40c7-b780-43c37a89e8eb:192.168.69.67:39683, 3d3aac8b-d4d1-454d-bf0c-88a180692893:192.168.69.67:34429], old=null
2019-10-18 07:54:16,836 [grpc-default-executor-6] INFO  impl.RaftServerImpl (RaftServerImpl.java:setRole(184)) - 6fa005cd-25d6-4e29-bda6-9462a060c098@group-BAC069DAEF17: changes role from  FOLLOWER to FOLLOWER at term 141 for recognizeCandidate:4b487190-7547-40c7-b780-43c37a89e8eb
2019-10-18 07:54:16,836 [grpc-default-executor-3] INFO  impl.RaftServerImpl (RaftServerImpl.java:setRole(184)) - 3d3aac8b-d4d1-454d-bf0c-88a180692893@group-BAC069DAEF17: changes role from  FOLLOWER to FOLLOWER at term 141 for recognizeCandidate:4b487190-7547-40c7-b780-43c37a89e8eb
2019-10-18 07:54:16,836 [grpc-default-executor-3] INFO  impl.RoleInfo (RoleInfo.java:shutdownFollowerState(121)) - 3d3aac8b-d4d1-454d-bf0c-88a180692893: shutdown FollowerState
2019-10-18 07:54:16,836 [grpc-default-executor-6] INFO  impl.RoleInfo (RoleInfo.java:shutdownFollowerState(121)) - 6fa005cd-25d6-4e29-bda6-9462a060c098: shutdown FollowerState
2019-10-18 07:54:16,836 [Thread-1228] INFO  impl.FollowerState (FollowerState.java:run(117)) - 3d3aac8b-d4d1-454d-bf0c-88a180692893@group-BAC069DAEF17-FollowerState was interrupted: java.lang.InterruptedException: sleep interrupted
2019-10-18 07:54:16,836 [grpc-default-executor-3] INFO  impl.RoleInfo (RoleInfo.java:updateAndGet(143)) - 3d3aac8b-d4d1-454d-bf0c-88a180692893: start FollowerState
2019-10-18 07:54:16,836 [Thread-1229] INFO  impl.FollowerState (FollowerState.java:run(117)) - 6fa005cd-25d6-4e29-bda6-9462a060c098@group-BAC069DAEF17-FollowerState was interrupted: java.lang.InterruptedException: sleep interrupted
2019-10-18 07:54:16,836 [grpc-default-executor-6] INFO  impl.RoleInfo (RoleInfo.java:updateAndGet(143)) - 6fa005cd-25d6-4e29-bda6-9462a060c098: start FollowerState
2019-10-18 07:54:16,863 [4b487190-7547-40c7-b780-43c37a89e8eb@group-BAC069DAEF17-LeaderElection137] INFO  impl.LeaderElection (LeaderElection.java:logAndReturn(56)) - 4b487190-7547-40c7-b780-43c37a89e8eb@group-BAC069DAEF17-LeaderElection137: Election REJECTED; received 2 response(s) [4b487190-7547-40c7-b780-43c37a89e8eb<-6fa005cd-25d6-4e29-bda6-9462a060c098#0:FAIL-t141, 4b487190-7547-40c7-b780-43c37a89e8eb<-3d3aac8b-d4d1-454d-bf0c-88a180692893#0:FAIL-t141] and 0 exception(s); 4b487190-7547-40c7-b780-43c37a89e8eb@group-BAC069DAEF17:t141, leader=null, voted=4b487190-7547-40c7-b780-43c37a89e8eb, raftlog=4b487190-7547-40c7-b780-43c37a89e8eb@group-BAC069DAEF17-SegmentedRaftLog:OPENED:c-1,f-1,i0, conf=-1: [6fa005cd-25d6-4e29-bda6-9462a060c098:192.168.69.67:36093, 4b487190-7547-40c7-b780-43c37a89e8eb:192.168.69.67:39683, 3d3aac8b-d4d1-454d-bf0c-88a180692893:192.168.69.67:34429], old=null
2019-10-18 07:54:16,863 [4b487190-7547-40c7-b780-43c37a89e8eb@group-BAC069DAEF17-LeaderElection137] INFO  impl.RaftServerImpl (RaftServerImpl.java:setRole(184)) - 4b487190-7547-40c7-b780-43c37a89e8eb@group-BAC069DAEF17: changes role from CANDIDATE to FOLLOWER at term 141 for DISCOVERED_A_NEW_TERM
2019-10-18 07:54:16,863 [4b487190-7547-40c7-b780-43c37a89e8eb@group-BAC069DAEF17-LeaderElection137] INFO  impl.RoleInfo (RoleInfo.java:shutdownLeaderElection(134)) - 4b487190-7547-40c7-b780-43c37a89e8eb: shutdown LeaderElection
2019-10-18 07:54:16,863 [4b487190-7547-40c7-b780-43c37a89e8eb@group-BAC069DAEF17-LeaderElection137] INFO  impl.RoleInfo (RoleInfo.java:updateAndGet(143)) - 4b487190-7547-40c7-b780-43c37a89e8eb: start FollowerState
2019-10-18 07:54:17,046 [Thread-1236] INFO  impl.FollowerState (FollowerState.java:run(108)) - 4b487190-7547-40c7-b780-43c37a89e8eb@group-BAC069DAEF17-FollowerState: change to CANDIDATE, lastRpcTime:182ms, electionTimeout:182ms
2019-10-18 07:54:17,046 [Thread-1236] INFO  impl.RoleInfo (RoleInfo.java:shutdownFollowerState(121)) - 4b487190-7547-40c7-b780-43c37a89e8eb: shutdown FollowerState
2019-10-18 07:54:17,046 [Thread-1236] INFO  impl.RaftServerImpl (RaftServerImpl.java:setRole(184)) - 4b487190-7547-40c7-b780-43c37a89e8eb@group-BAC069DAEF17: changes role from  FOLLOWER to CANDIDATE at term 141 for changeToCandidate
2019-10-18 07:54:17,046 [Thread-1236] INFO  impl.RoleInfo (RoleInfo.java:updateAndGet(143)) - 4b487190-7547-40c7-b780-43c37a89e8eb: start LeaderElection
2019-10-18 07:54:17,066 [4b487190-7547-40c7-b780-43c37a89e8eb@group-BAC069DAEF17-LeaderElection138] INFO  impl.LeaderElection (LeaderElection.java:askForVotes(178)) - 4b487190-7547-40c7-b780-43c37a89e8eb@group-BAC069DAEF17-LeaderElection138: begin an election at term 142 for -1: [6fa005cd-25d6-4e29-bda6-9462a060c098:192.168.69.67:36093, 4b487190-7547-40c7-b780-43c37a89e8eb:192.168.69.67:39683, 3d3aac8b-d4d1-454d-bf0c-88a180692893:192.168.69.67:34429], old=null
2019-10-18 07:54:17,069 [grpc-default-executor-3] INFO  impl.RaftServerImpl (RaftServerImpl.java:setRole(184)) - 3d3aac8b-d4d1-454d-bf0c-88a180692893@group-BAC069DAEF17: changes role from  FOLLOWER to FOLLOWER at term 142 for recognizeCandidate:4b487190-7547-40c7-b780-43c37a89e8eb
2019-10-18 07:54:17,069 [grpc-default-executor-3] INFO  impl.RoleInfo (RoleInfo.java:shutdownFollowerState(121)) - 3d3aac8b-d4d1-454d-bf0c-88a180692893: shutdown FollowerState
2019-10-18 07:54:17,069 [grpc-default-executor-6] INFO  impl.RaftServerImpl (RaftServerImpl.java:setRole(184)) - 6fa005cd-25d6-4e29-bda6-9462a060c098@group-BAC069DAEF17: changes role from  FOLLOWER to FOLLOWER at term 142 for recognizeCandidate:4b487190-7547-40c7-b780-43c37a89e8eb
2019-10-18 07:54:17,069 [Thread-1234] INFO  impl.FollowerState (FollowerState.java:run(117)) - 3d3aac8b-d4d1-454d-bf0c-88a180692893@group-BAC069DAEF17-FollowerState was interrupted: java.lang.InterruptedException: sleep interrupted
2019-10-18 07:54:17,069 [grpc-default-executor-3] INFO  impl.RoleInfo (RoleInfo.java:updateAndGet(143)) - 3d3aac8b-d4d1-454d-bf0c-88a180692893: start FollowerState
2019-10-18 07:54:17,070 [grpc-default-executor-6] INFO  impl.RoleInfo (RoleInfo.java:shutdownFollowerState(121)) - 6fa005cd-25d6-4e29-bda6-9462a060c098: shutdown FollowerState
2019-10-18 07:54:17,070 [grpc-default-executor-6] INFO  impl.RoleInfo (RoleInfo.java:updateAndGet(143)) - 6fa005cd-25d6-4e29-bda6-9462a060c098: start FollowerState
2019-10-18 07:54:17,070 [Thread-1235] INFO  impl.FollowerState (FollowerState.java:run(117)) - 6fa005cd-25d6-4e29-bda6-9462a060c098@group-BAC069DAEF17-FollowerState was interrupted: java.lang.InterruptedException: sleep interrupted
2019-10-18 07:54:17,096 [4b487190-7547-40c7-b780-43c37a89e8eb@group-BAC069DAEF17-LeaderElection138] INFO  impl.LeaderElection (LeaderElection.java:logAndReturn(56)) - 4b487190-7547-40c7-b780-43c37a89e8eb@group-BAC069DAEF17-LeaderElection138: Election REJECTED; received 2 response(s) [4b487190-7547-40c7-b780-43c37a89e8eb<-6fa005cd-25d6-4e29-bda6-9462a060c098#0:FAIL-t142, 4b487190-7547-40c7-b780-43c37a89e8eb<-3d3aac8b-d4d1-454d-bf0c-88a180692893#0:FAIL-t142] and 0 exception(s); 4b487190-7547-40c7-b780-43c37a89e8eb@group-BAC069DAEF17:t142, leader=null, voted=4b487190-7547-40c7-b780-43c37a89e8eb, raftlog=4b487190-7547-40c7-b780-43c37a89e8eb@group-BAC069DAEF17-SegmentedRaftLog:OPENED:c-1,f-1,i0, conf=-1: [6fa005cd-25d6-4e29-bda6-9462a060c098:192.168.69.67:36093, 4b487190-7547-40c7-b780-43c37a89e8eb:192.168.69.67:39683, 3d3aac8b-d4d1-454d-bf0c-88a180692893:192.168.69.67:34429], old=null
2019-10-18 07:54:17,096 [4b487190-7547-40c7-b780-43c37a89e8eb@group-BAC069DAEF17-LeaderElection138] INFO  impl.RaftServerImpl (RaftServerImpl.java:setRole(184)) - 4b487190-7547-40c7-b780-43c37a89e8eb@group-BAC069DAEF17: changes role from CANDIDATE to FOLLOWER at term 142 for DISCOVERED_A_NEW_TERM
2019-10-18 07:54:17,096 [4b487190-7547-40c7-b780-43c37a89e8eb@group-BAC069DAEF17-LeaderElection138] INFO  impl.RoleInfo (RoleInfo.java:shutdownLeaderElection(134)) - 4b487190-7547-40c7-b780-43c37a89e8eb: shutdown LeaderElection
2019-10-18 07:54:17,096 [4b487190-7547-40c7-b780-43c37a89e8eb@group-BAC069DAEF17-LeaderElection138] INFO  impl.RoleInfo (RoleInfo.java:updateAndGet(143)) - 4b487190-7547-40c7-b780-43c37a89e8eb: start FollowerState
2019-10-18 07:54:17,196 [Thread-1242] INFO  impl.FollowerState (FollowerState.java:run(108)) - 4b487190-7547-40c7-b780-43c37a89e8eb@group-BAC069DAEF17-FollowerState: change to CANDIDATE, lastRpcTime:99ms, electionTimeout:99ms
2019-10-18 07:54:17,196 [Thread-1242] INFO  impl.RoleInfo (RoleInfo.java:shutdownFollowerState(121)) - 4b487190-7547-40c7-b780-43c37a89e8eb: shutdown FollowerState
2019-10-18 07:54:17,196 [Thread-1242] INFO  impl.RaftServerImpl (RaftServerImpl.java:setRole(184)) - 4b487190-7547-40c7-b780-43c37a89e8eb@group-BAC069DAEF17: changes role from  FOLLOWER to CANDIDATE at term 142 for changeToCandidate
2019-10-18 07:54:17,197 [Thread-1242] INFO  impl.RoleInfo (RoleInfo.java:updateAndGet(143)) - 4b487190-7547-40c7-b780-43c37a89e8eb: start LeaderElection
2019-10-18 07:54:17,218 [4b487190-7547-40c7-b780-43c37a89e8eb@group-BAC069DAEF17-LeaderElection139] INFO  impl.LeaderElection (LeaderElection.java:askForVotes(178)) - 4b487190-7547-40c7-b780-43c37a89e8eb@group-BAC069DAEF17-LeaderElection139: begin an election at term 143 for -1: [6fa005cd-25d6-4e29-bda6-9462a060c098:192.168.69.67:36093, 4b487190-7547-40c7-b780-43c37a89e8eb:192.168.69.67:39683, 3d3aac8b-d4d1-454d-bf0c-88a180692893:192.168.69.67:34429], old=null
2019-10-18 07:54:17,222 [grpc-default-executor-3] INFO  impl.RaftServerImpl (RaftServerImpl.java:setRole(184)) - 6fa005cd-25d6-4e29-bda6-9462a060c098@group-BAC069DAEF17: changes role from  FOLLOWER to FOLLOWER at term 143 for recognizeCandidate:4b487190-7547-40c7-b780-43c37a89e8eb
2019-10-18 07:54:17,222 [grpc-default-executor-3] INFO  impl.RoleInfo (RoleInfo.java:shutdownFollowerState(121)) - 6fa005cd-25d6-4e29-bda6-9462a060c098: shutdown FollowerState
2019-10-18 07:54:17,222 [grpc-default-executor-6] INFO  impl.RaftServerImpl (RaftServerImpl.java:setRole(184)) - 3d3aac8b-d4d1-454d-bf0c-88a180692893@group-BAC069DAEF17: changes role from  FOLLOWER to FOLLOWER at term 143 for recognizeCandidate:4b487190-7547-40c7-b780-43c37a89e8eb
2019-10-18 07:54:17,222 [Thread-1241] INFO  impl.FollowerState (FollowerState.java:run(117)) - 6fa005cd-25d6-4e29-bda6-9462a060c098@group-BAC069DAEF17-FollowerState was interrupted: java.lang.InterruptedException: sleep interrupted
2019-10-18 07:54:17,222 [grpc-default-executor-3] INFO  impl.RoleInfo (RoleInfo.java:updateAndGet(143)) - 6fa005cd-25d6-4e29-bda6-9462a060c098: start FollowerState
2019-10-18 07:54:17,222 [grpc-default-executor-6] INFO  impl.RoleInfo (RoleInfo.java:shutdownFollowerState(121)) - 3d3aac8b-d4d1-454d-bf0c-88a180692893: shutdown FollowerState
2019-10-18 07:54:17,223 [grpc-default-executor-6] INFO  impl.RoleInfo (RoleInfo.java:updateAndGet(143)) - 3d3aac8b-d4d1-454d-bf0c-88a180692893: start FollowerState
2019-10-18 07:54:17,223 [Thread-1240] INFO  impl.FollowerState (FollowerState.java:run(117)) - 3d3aac8b-d4d1-454d-bf0c-88a180692893@group-BAC069DAEF17-FollowerState was interrupted: java.lang.InterruptedException: sleep interrupted
2019-10-18 07:54:17,237 [4b487190-7547-40c7-b780-43c37a89e8eb@group-BAC069DAEF17-LeaderElection139] INFO  impl.LeaderElection (LeaderElection.java:logAndReturn(56)) - 4b487190-7547-40c7-b780-43c37a89e8eb@group-BAC069DAEF17-LeaderElection139: Election REJECTED; received 2 response(s) [4b487190-7547-40c7-b780-43c37a89e8eb<-6fa005cd-25d6-4e29-bda6-9462a060c098#0:FAIL-t143, 4b487190-7547-40c7-b780-43c37a89e8eb<-3d3aac8b-d4d1-454d-bf0c-88a180692893#0:FAIL-t143] and 0 exception(s); 4b487190-7547-40c7-b780-43c37a89e8eb@group-BAC069DAEF17:t143, leader=null, voted=4b487190-7547-40c7-b780-43c37a89e8eb, raftlog=4b487190-7547-40c7-b780-43c37a89e8eb@group-BAC069DAEF17-SegmentedRaftLog:OPENED:c-1,f-1,i0, conf=-1: [6fa005cd-25d6-4e29-bda6-9462a060c098:192.168.69.67:36093, 4b487190-7547-40c7-b780-43c37a89e8eb:192.168.69.67:39683, 3d3aac8b-d4d1-454d-bf0c-88a180692893:192.168.69.67:34429], old=null
2019-10-18 07:54:17,237 [4b487190-7547-40c7-b780-43c37a89e8eb@group-BAC069DAEF17-LeaderElection139] INFO  impl.RaftServerImpl (RaftServerImpl.java:setRole(184)) - 4b487190-7547-40c7-b780-43c37a89e8eb@group-BAC069DAEF17: changes role from CANDIDATE to FOLLOWER at term 143 for DISCOVERED_A_NEW_TERM
2019-10-18 07:54:17,237 [4b487190-7547-40c7-b780-43c37a89e8eb@group-BAC069DAEF17-LeaderElection139] INFO  impl.RoleInfo (RoleInfo.java:shutdownLeaderElection(134)) - 4b487190-7547-40c7-b780-43c37a89e8eb: shutdown LeaderElection
2019-10-18 07:54:17,237 [4b487190-7547-40c7-b780-43c37a89e8eb@group-BAC069DAEF17-LeaderElection139] INFO  impl.RoleInfo (RoleInfo.java:updateAndGet(143)) - 4b487190-7547-40c7-b780-43c37a89e8eb: start FollowerState
2019-10-18 07:54:17,291 [Thread-1248] INFO  impl.FollowerState (FollowerState.java:run(108)) - 4b487190-7547-40c7-b780-43c37a89e8eb@group-BAC069DAEF17-FollowerState: change to CANDIDATE, lastRpcTime:53ms, electionTimeout:53ms
2019-10-18 07:54:17,291 [Thread-1248] INFO  impl.RoleInfo (RoleInfo.java:shutdownFollowerState(121)) - 4b487190-7547-40c7-b780-43c37a89e8eb: shutdown FollowerState
2019-10-18 07:54:17,291 [Thread-1248] INFO  impl.RaftServerImpl (RaftServerImpl.java:setRole(184)) - 4b487190-7547-40c7-b780-43c37a89e8eb@group-BAC069DAEF17: changes role from  FOLLOWER to CANDIDATE at term 143 for changeToCandidate
2019-10-18 07:54:17,291 [Thread-1248] INFO  impl.RoleInfo (RoleInfo.java:updateAndGet(143)) - 4b487190-7547-40c7-b780-43c37a89e8eb: start LeaderElection
2019-10-18 07:54:17,305 [4b487190-7547-40c7-b780-43c37a89e8eb@group-BAC069DAEF17-LeaderElection140] INFO  impl.LeaderElection (LeaderElection.java:askForVotes(178)) - 4b487190-7547-40c7-b780-43c37a89e8eb@group-BAC069DAEF17-LeaderElection140: begin an election at term 144 for -1: [6fa005cd-25d6-4e29-bda6-9462a060c098:192.168.69.67:36093, 4b487190-7547-40c7-b780-43c37a89e8eb:192.168.69.67:39683, 3d3aac8b-d4d1-454d-bf0c-88a180692893:192.168.69.67:34429], old=null
2019-10-18 07:54:17,308 [grpc-default-executor-3] INFO  impl.RaftServerImpl (RaftServerImpl.java:setRole(184)) - 3d3aac8b-d4d1-454d-bf0c-88a180692893@group-BAC069DAEF17: changes role from  FOLLOWER to FOLLOWER at term 144 for recognizeCandidate:4b487190-7547-40c7-b780-43c37a89e8eb
2019-10-18 07:54:17,308 [grpc-default-executor-3] INFO  impl.RoleInfo (RoleInfo.java:shutdownFollowerState(121)) - 3d3aac8b-d4d1-454d-bf0c-88a180692893: shutdown FollowerState
2019-10-18 07:54:17,308 [grpc-default-executor-6] INFO  impl.RaftServerImpl (RaftServerImpl.java:setRole(184)) - 6fa005cd-25d6-4e29-bda6-9462a060c098@group-BAC069DAEF17: changes role from  FOLLOWER to FOLLOWER at term 144 for recognizeCandidate:4b487190-7547-40c7-b780-43c37a89e8eb
2019-10-18 07:54:17,309 [Thread-1247] INFO  impl.FollowerState (FollowerState.java:run(117)) - 3d3aac8b-d4d1-454d-bf0c-88a180692893@group-BAC069DAEF17-FollowerState was interrupted: java.lang.InterruptedException: sleep interrupted
2019-10-18 07:54:17,309 [grpc-default-executor-3] INFO  impl.RoleInfo (RoleInfo.java:updateAndGet(143)) - 3d3aac8b-d4d1-454d-bf0c-88a180692893: start FollowerState
2019-10-18 07:54:17,309 [grpc-default-executor-6] INFO  impl.RoleInfo (RoleInfo.java:shutdownFollowerState(121)) - 6fa005cd-25d6-4e29-bda6-9462a060c098: shutdown FollowerState
2019-10-18 07:54:17,309 [grpc-default-executor-6] INFO  impl.RoleInfo (RoleInfo.java:updateAndGet(143)) - 6fa005cd-25d6-4e29-bda6-9462a060c098: start FollowerState
2019-10-18 07:54:17,309 [Thread-1246] INFO  impl.FollowerState (FollowerState.java:run(117)) - 6fa005cd-25d6-4e29-bda6-9462a060c098@group-BAC069DAEF17-FollowerState was interrupted: java.lang.InterruptedException: sleep interrupted
2019-10-18 07:54:17,326 [4b487190-7547-40c7-b780-43c37a89e8eb@group-BAC069DAEF17-LeaderElection140] INFO  impl.LeaderElection (LeaderElection.java:logAndReturn(56)) - 4b487190-7547-40c7-b780-43c37a89e8eb@group-BAC069DAEF17-LeaderElection140: Election REJECTED; received 2 response(s) [4b487190-7547-40c7-b780-43c37a89e8eb<-6fa005cd-25d6-4e29-bda6-9462a060c098#0:FAIL-t144, 4b487190-7547-40c7-b780-43c37a89e8eb<-3d3aac8b-d4d1-454d-bf0c-88a180692893#0:FAIL-t144] and 0 exception(s); 4b487190-7547-40c7-b780-43c37a89e8eb@group-BAC069DAEF17:t144, leader=null, voted=4b487190-7547-40c7-b780-43c37a89e8eb, raftlog=4b487190-7547-40c7-b780-43c37a89e8eb@group-BAC069DAEF17-SegmentedRaftLog:OPENED:c-1,f-1,i0, conf=-1: [6fa005cd-25d6-4e29-bda6-9462a060c098:192.168.69.67:36093, 4b487190-7547-40c7-b780-43c37a89e8eb:192.168.69.67:39683, 3d3aac8b-d4d1-454d-bf0c-88a180692893:192.168.69.67:34429], old=null
2019-10-18 07:54:17,326 [4b487190-7547-40c7-b780-43c37a89e8eb@group-BAC069DAEF17-LeaderElection140] INFO  impl.RaftServerImpl (RaftServerImpl.java:setRole(184)) - 4b487190-7547-40c7-b780-43c37a89e8eb@group-BAC069DAEF17: changes role from CANDIDATE to FOLLOWER at term 144 for DISCOVERED_A_NEW_TERM
2019-10-18 07:54:17,326 [4b487190-7547-40c7-b780-43c37a89e8eb@group-BAC069DAEF17-LeaderElection140] INFO  impl.RoleInfo (RoleInfo.java:shutdownLeaderElection(134)) - 4b487190-7547-40c7-b780-43c37a89e8eb: shutdown LeaderElection
2019-10-18 07:54:17,326 [4b487190-7547-40c7-b780-43c37a89e8eb@group-BAC069DAEF17-LeaderElection140] INFO  impl.RoleInfo (RoleInfo.java:updateAndGet(143)) - 4b487190-7547-40c7-b780-43c37a89e8eb: start FollowerState
2019-10-18 07:54:17,521 [Thread-1254] INFO  impl.FollowerState (FollowerState.java:run(108)) - 4b487190-7547-40c7-b780-43c37a89e8eb@group-BAC069DAEF17-FollowerState: change to CANDIDATE, lastRpcTime:194ms, electionTimeout:194ms
2019-10-18 07:54:17,521 [Thread-1254] INFO  impl.RoleInfo (RoleInfo.java:shutdownFollowerState(121)) - 4b487190-7547-40c7-b780-43c37a89e8eb: shutdown FollowerState
2019-10-18 07:54:17,521 [Thread-1254] INFO  impl.RaftServerImpl (RaftServerImpl.java:setRole(184)) - 4b487190-7547-40c7-b780-43c37a89e8eb@group-BAC069DAEF17: changes role from  FOLLOWER to CANDIDATE at term 144 for changeToCandidate
2019-10-18 07:54:17,522 [Thread-1254] INFO  impl.RoleInfo (RoleInfo.java:updateAndGet(143)) - 4b487190-7547-40c7-b780-43c37a89e8eb: start LeaderElection
2019-10-18 07:54:17,547 [4b487190-7547-40c7-b780-43c37a89e8eb@group-BAC069DAEF17-LeaderElection141] INFO  impl.LeaderElection (LeaderElection.java:askForVotes(178)) - 4b487190-7547-40c7-b780-43c37a89e8eb@group-BAC069DAEF17-LeaderElection141: begin an election at term 145 for -1: [6fa005cd-25d6-4e29-bda6-9462a060c098:192.168.69.67:36093, 4b487190-7547-40c7-b780-43c37a89e8eb:192.168.69.67:39683, 3d3aac8b-d4d1-454d-bf0c-88a180692893:192.168.69.67:34429], old=null
2019-10-18 07:54:17,551 [grpc-default-executor-3] INFO  impl.RaftServerImpl (RaftServerImpl.java:setRole(184)) - 6fa005cd-25d6-4e29-bda6-9462a060c098@group-BAC069DAEF17: changes role from  FOLLOWER to FOLLOWER at term 145 for recognizeCandidate:4b487190-7547-40c7-b780-43c37a89e8eb
2019-10-18 07:54:17,551 [grpc-default-executor-6] INFO  impl.RaftServerImpl (RaftServerImpl.java:setRole(184)) - 3d3aac8b-d4d1-454d-bf0c-88a180692893@group-BAC069DAEF17: changes role from  FOLLOWER to FOLLOWER at term 145 for recognizeCandidate:4b487190-7547-40c7-b780-43c37a89e8eb
2019-10-18 07:54:17,551 [grpc-default-executor-6] INFO  impl.RoleInfo (RoleInfo.java:shutdownFollowerState(121)) - 3d3aac8b-d4d1-454d-bf0c-88a180692893: shutdown FollowerState
2019-10-18 07:54:17,551 [grpc-default-executor-3] INFO  impl.RoleInfo (RoleInfo.java:shutdownFollowerState(121)) - 6fa005cd-25d6-4e29-bda6-9462a060c098: shutdown FollowerState
2019-10-18 07:54:17,552 [Thread-1252] INFO  impl.FollowerState (FollowerState.java:run(117)) - 3d3aac8b-d4d1-454d-bf0c-88a180692893@group-BAC069DAEF17-FollowerState was interrupted: java.lang.InterruptedException: sleep interrupted
2019-10-18 07:54:17,552 [Thread-1253] INFO  impl.FollowerState (FollowerState.java:run(117)) - 6fa005cd-25d6-4e29-bda6-9462a060c098@group-BAC069DAEF17-FollowerState was interrupted: java.lang.InterruptedException: sleep interrupted
2019-10-18 07:54:17,552 [grpc-default-executor-3] INFO  impl.RoleInfo (RoleInfo.java:updateAndGet(143)) - 6fa005cd-25d6-4e29-bda6-9462a060c098: start FollowerState
2019-10-18 07:54:17,551 [grpc-default-executor-6] INFO  impl.RoleInfo (RoleInfo.java:updateAndGet(143)) - 3d3aac8b-d4d1-454d-bf0c-88a180692893: start FollowerState
2019-10-18 07:54:17,565 [4b487190-7547-40c7-b780-43c37a89e8eb@group-BAC069DAEF17-LeaderElection141] INFO  impl.LeaderElection (LeaderElection.java:logAndReturn(56)) - 4b487190-7547-40c7-b780-43c37a89e8eb@group-BAC069DAEF17-LeaderElection141: Election REJECTED; received 2 response(s) [4b487190-7547-40c7-b780-43c37a89e8eb<-6fa005cd-25d6-4e29-bda6-9462a060c098#0:FAIL-t145, 4b487190-7547-40c7-b780-43c37a89e8eb<-3d3aac8b-d4d1-454d-bf0c-88a180692893#0:FAIL-t145] and 0 exception(s); 4b487190-7547-40c7-b780-43c37a89e8eb@group-BAC069DAEF17:t145, leader=null, voted=4b487190-7547-40c7-b780-43c37a89e8eb, raftlog=4b487190-7547-40c7-b780-43c37a89e8eb@group-BAC069DAEF17-SegmentedRaftLog:OPENED:c-1,f-1,i0, conf=-1: [6fa005cd-25d6-4e29-bda6-9462a060c098:192.168.69.67:36093, 4b487190-7547-40c7-b780-43c37a89e8eb:192.168.69.67:39683, 3d3aac8b-d4d1-454d-bf0c-88a180692893:192.168.69.67:34429], old=null
2019-10-18 07:54:17,565 [4b487190-7547-40c7-b780-43c37a89e8eb@group-BAC069DAEF17-LeaderElection141] INFO  impl.RaftServerImpl (RaftServerImpl.java:setRole(184)) - 4b487190-7547-40c7-b780-43c37a89e8eb@group-BAC069DAEF17: changes role from CANDIDATE to FOLLOWER at term 145 for DISCOVERED_A_NEW_TERM
2019-10-18 07:54:17,565 [4b487190-7547-40c7-b780-43c37a89e8eb@group-BAC069DAEF17-LeaderElection141] INFO  impl.RoleInfo (RoleInfo.java:shutdownLeaderElection(134)) - 4b487190-7547-40c7-b780-43c37a89e8eb: shutdown LeaderElection
2019-10-18 07:54:17,565 [4b487190-7547-40c7-b780-43c37a89e8eb@group-BAC069DAEF17-LeaderElection141] INFO  impl.RoleInfo (RoleInfo.java:updateAndGet(143)) - 4b487190-7547-40c7-b780-43c37a89e8eb: start FollowerState
2019-10-18 07:54:17,644 [Thread-1260] INFO  impl.FollowerState (FollowerState.java:run(108)) - 4b487190-7547-40c7-b780-43c37a89e8eb@group-BAC069DAEF17-FollowerState: change to CANDIDATE, lastRpcTime:78ms, electionTimeout:78ms
2019-10-18 07:54:17,644 [Thread-1260] INFO  impl.RoleInfo (RoleInfo.java:shutdownFollowerState(121)) - 4b487190-7547-40c7-b780-43c37a89e8eb: shutdown FollowerState
2019-10-18 07:54:17,644 [Thread-1260] INFO  impl.RaftServerImpl (RaftServerImpl.java:setRole(184)) - 4b487190-7547-40c7-b780-43c37a89e8eb@group-BAC069DAEF17: changes role from  FOLLOWER to CANDIDATE at term 145 for changeToCandidate
2019-10-18 07:54:17,644 [Thread-1260] INFO  impl.RoleInfo (RoleInfo.java:updateAndGet(143)) - 4b487190-7547-40c7-b780-43c37a89e8eb: start LeaderElection
2019-10-18 07:54:17,679 [4b487190-7547-40c7-b780-43c37a89e8eb@group-BAC069DAEF17-LeaderElection142] INFO  impl.LeaderElection (LeaderElection.java:askForVotes(178)) - 4b487190-7547-40c7-b780-43c37a89e8eb@group-BAC069DAEF17-LeaderElection142: begin an election at term 146 for -1: [6fa005cd-25d6-4e29-bda6-9462a060c098:192.168.69.67:36093, 4b487190-7547-40c7-b780-43c37a89e8eb:192.168.69.67:39683, 3d3aac8b-d4d1-454d-bf0c-88a180692893:192.168.69.67:34429], old=null
2019-10-18 07:54:17,681 [grpc-default-executor-3] INFO  impl.RaftServerImpl (RaftServerImpl.java:setRole(184)) - 6fa005cd-25d6-4e29-bda6-9462a060c098@group-BAC069DAEF17: changes role from  FOLLOWER to FOLLOWER at term 146 for recognizeCandidate:4b487190-7547-40c7-b780-43c37a89e8eb
2019-10-18 07:54:17,682 [grpc-default-executor-3] INFO  impl.RoleInfo (RoleInfo.java:shutdownFollowerState(121)) - 6fa005cd-25d6-4e29-bda6-9462a060c098: shutdown FollowerState
2019-10-18 07:54:17,681 [grpc-default-executor-6] INFO  impl.RaftServerImpl (RaftServerImpl.java:setRole(184)) - 3d3aac8b-d4d1-454d-bf0c-88a180692893@group-BAC069DAEF17: changes role from  FOLLOWER to FOLLOWER at term 146 for recognizeCandidate:4b487190-7547-40c7-b780-43c37a89e8eb
2019-10-18 07:54:17,682 [Thread-1259] INFO  impl.FollowerState (FollowerState.java:run(117)) - 6fa005cd-25d6-4e29-bda6-9462a060c098@group-BAC069DAEF17-FollowerState was interrupted: java.lang.InterruptedException: sleep interrupted
2019-10-18 07:54:17,682 [grpc-default-executor-3] INFO  impl.RoleInfo (RoleInfo.java:updateAndGet(143)) - 6fa005cd-25d6-4e29-bda6-9462a060c098: start FollowerState
2019-10-18 07:54:17,682 [grpc-default-executor-6] INFO  impl.RoleInfo (RoleInfo.java:shutdownFollowerState(121)) - 3d3aac8b-d4d1-454d-bf0c-88a180692893: shutdown FollowerState
2019-10-18 07:54:17,683 [grpc-default-executor-6] INFO  impl.RoleInfo (RoleInfo.java:updateAndGet(143)) - 3d3aac8b-d4d1-454d-bf0c-88a180692893: start FollowerState
2019-10-18 07:54:17,683 [Thread-1258] INFO  impl.FollowerState (FollowerState.java:run(117)) - 3d3aac8b-d4d1-454d-bf0c-88a180692893@group-BAC069DAEF17-FollowerState was interrupted: java.lang.InterruptedException: sleep interrupted
2019-10-18 07:54:17,708 [4b487190-7547-40c7-b780-43c37a89e8eb@group-BAC069DAEF17-LeaderElection142] INFO  impl.LeaderElection (LeaderElection.java:logAndReturn(56)) - 4b487190-7547-40c7-b780-43c37a89e8eb@group-BAC069DAEF17-LeaderElection142: Election REJECTED; received 2 response(s) [4b487190-7547-40c7-b780-43c37a89e8eb<-6fa005cd-25d6-4e29-bda6-9462a060c098#0:FAIL-t146, 4b487190-7547-40c7-b780-43c37a89e8eb<-3d3aac8b-d4d1-454d-bf0c-88a180692893#0:FAIL-t146] and 0 exception(s); 4b487190-7547-40c7-b780-43c37a89e8eb@group-BAC069DAEF17:t146, leader=null, voted=4b487190-7547-40c7-b780-43c37a89e8eb, raftlog=4b487190-7547-40c7-b780-43c37a89e8eb@group-BAC069DAEF17-SegmentedRaftLog:OPENED:c-1,f-1,i0, conf=-1: [6fa005cd-25d6-4e29-bda6-9462a060c098:192.168.69.67:36093, 4b487190-7547-40c7-b780-43c37a89e8eb:192.168.69.67:39683, 3d3aac8b-d4d1-454d-bf0c-88a180692893:192.168.69.67:34429], old=null
2019-10-18 07:54:17,709 [4b487190-7547-40c7-b780-43c37a89e8eb@group-BAC069DAEF17-LeaderElection142] INFO  impl.RaftServerImpl (RaftServerImpl.java:setRole(184)) - 4b487190-7547-40c7-b780-43c37a89e8eb@group-BAC069DAEF17: changes role from CANDIDATE to FOLLOWER at term 146 for DISCOVERED_A_NEW_TERM
2019-10-18 07:54:17,709 [4b487190-7547-40c7-b780-43c37a89e8eb@group-BAC069DAEF17-LeaderElection142] INFO  impl.RoleInfo (RoleInfo.java:shutdownLeaderElection(134)) - 4b487190-7547-40c7-b780-43c37a89e8eb: shutdown LeaderElection
2019-10-18 07:54:17,709 [4b487190-7547-40c7-b780-43c37a89e8eb@group-BAC069DAEF17-LeaderElection142] INFO  impl.RoleInfo (RoleInfo.java:updateAndGet(143)) - 4b487190-7547-40c7-b780-43c37a89e8eb: start FollowerState
2019-10-18 07:54:17,784 [Thread-1266] INFO  impl.FollowerState (FollowerState.java:run(108)) - 4b487190-7547-40c7-b780-43c37a89e8eb@group-BAC069DAEF17-FollowerState: change to CANDIDATE, lastRpcTime:74ms, electionTimeout:74ms
2019-10-18 07:54:17,784 [Thread-1266] INFO  impl.RoleInfo (RoleInfo.java:shutdownFollowerState(121)) - 4b487190-7547-40c7-b780-43c37a89e8eb: shutdown FollowerState
2019-10-18 07:54:17,784 [Thread-1266] INFO  impl.RaftServerImpl (RaftServerImpl.java:setRole(184)) - 4b487190-7547-40c7-b780-43c37a89e8eb@group-BAC069DAEF17: changes role from  FOLLOWER to CANDIDATE at term 146 for changeToCandidate
2019-10-18 07:54:17,784 [Thread-1266] INFO  impl.RoleInfo (RoleInfo.java:updateAndGet(143)) - 4b487190-7547-40c7-b780-43c37a89e8eb: start LeaderElection
2019-10-18 07:54:17,798 [4b487190-7547-40c7-b780-43c37a89e8eb@group-BAC069DAEF17-LeaderElection143] INFO  impl.LeaderElection (LeaderElection.java:askForVotes(178)) - 4b487190-7547-40c7-b780-43c37a89e8eb@group-BAC069DAEF17-LeaderElection143: begin an election at term 147 for -1: [6fa005cd-25d6-4e29-bda6-9462a060c098:192.168.69.67:36093, 4b487190-7547-40c7-b780-43c37a89e8eb:192.168.69.67:39683, 3d3aac8b-d4d1-454d-bf0c-88a180692893:192.168.69.67:34429], old=null
2019-10-18 07:54:17,801 [grpc-default-executor-6] INFO  impl.RaftServerImpl (RaftServerImpl.java:setRole(184)) - 6fa005cd-25d6-4e29-bda6-9462a060c098@group-BAC069DAEF17: changes role from  FOLLOWER to FOLLOWER at term 147 for recognizeCandidate:4b487190-7547-40c7-b780-43c37a89e8eb
2019-10-18 07:54:17,801 [grpc-default-executor-6] INFO  impl.RoleInfo (RoleInfo.java:shutdownFollowerState(121)) - 6fa005cd-25d6-4e29-bda6-9462a060c098: shutdown FollowerState
2019-10-18 07:54:17,801 [grpc-default-executor-6] INFO  impl.RoleInfo (RoleInfo.java:updateAndGet(143)) - 6fa005cd-25d6-4e29-bda6-9462a060c098: start FollowerState
2019-10-18 07:54:17,801 [Thread-1264] INFO  impl.FollowerState (FollowerState.java:run(117)) - 6fa005cd-25d6-4e29-bda6-9462a060c098@group-BAC069DAEF17-FollowerState was interrupted: java.lang.InterruptedException: sleep interrupted
2019-10-18 07:54:17,801 [grpc-default-executor-3] INFO  impl.RaftServerImpl (RaftServerImpl.java:setRole(184)) - 3d3aac8b-d4d1-454d-bf0c-88a180692893@group-BAC069DAEF17: changes role from  FOLLOWER to FOLLOWER at term 147 for recognizeCandidate:4b487190-7547-40c7-b780-43c37a89e8eb
2019-10-18 07:54:17,802 [grpc-default-executor-3] INFO  impl.RoleInfo (RoleInfo.java:shutdownFollowerState(121)) - 3d3aac8b-d4d1-454d-bf0c-88a180692893: shutdown FollowerState
2019-10-18 07:54:17,802 [grpc-default-executor-3] INFO  impl.RoleInfo (RoleInfo.java:updateAndGet(143)) - 3d3aac8b-d4d1-454d-bf0c-88a180692893: start FollowerState
2019-10-18 07:54:17,802 [Thread-1265] INFO  impl.FollowerState (FollowerState.java:run(117)) - 3d3aac8b-d4d1-454d-bf0c-88a180692893@group-BAC069DAEF17-FollowerState was interrupted: java.lang.InterruptedException: sleep interrupted
2019-10-18 07:54:17,831 [4b487190-7547-40c7-b780-43c37a89e8eb@group-BAC069DAEF17-LeaderElection143] INFO  impl.LeaderElection (LeaderElection.java:logAndReturn(56)) - 4b487190-7547-40c7-b780-43c37a89e8eb@group-BAC069DAEF17-LeaderElection143: Election REJECTED; received 2 response(s) [4b487190-7547-40c7-b780-43c37a89e8eb<-6fa005cd-25d6-4e29-bda6-9462a060c098#0:FAIL-t147, 4b487190-7547-40c7-b780-43c37a89e8eb<-3d3aac8b-d4d1-454d-bf0c-88a180692893#0:FAIL-t147] and 0 exception(s); 4b487190-7547-40c7-b780-43c37a89e8eb@group-BAC069DAEF17:t147, leader=null, voted=4b487190-7547-40c7-b780-43c37a89e8eb, raftlog=4b487190-7547-40c7-b780-43c37a89e8eb@group-BAC069DAEF17-SegmentedRaftLog:OPENED:c-1,f-1,i0, conf=-1: [6fa005cd-25d6-4e29-bda6-9462a060c098:192.168.69.67:36093, 4b487190-7547-40c7-b780-43c37a89e8eb:192.168.69.67:39683, 3d3aac8b-d4d1-454d-bf0c-88a180692893:192.168.69.67:34429], old=null
2019-10-18 07:54:17,831 [4b487190-7547-40c7-b780-43c37a89e8eb@group-BAC069DAEF17-LeaderElection143] INFO  impl.RaftServerImpl (RaftServerImpl.java:setRole(184)) - 4b487190-7547-40c7-b780-43c37a89e8eb@group-BAC069DAEF17: changes role from CANDIDATE to FOLLOWER at term 147 for DISCOVERED_A_NEW_TERM
2019-10-18 07:54:17,831 [4b487190-7547-40c7-b780-43c37a89e8eb@group-BAC069DAEF17-LeaderElection143] INFO  impl.RoleInfo (RoleInfo.java:shutdownLeaderElection(134)) - 4b487190-7547-40c7-b780-43c37a89e8eb: shutdown LeaderElection
2019-10-18 07:54:17,831 [4b487190-7547-40c7-b780-43c37a89e8eb@group-BAC069DAEF17-LeaderElection143] INFO  impl.RoleInfo (RoleInfo.java:updateAndGet(143)) - 4b487190-7547-40c7-b780-43c37a89e8eb: start FollowerState
2019-10-18 07:54:17,997 [Thread-1272] INFO  impl.FollowerState (FollowerState.java:run(108)) - 4b487190-7547-40c7-b780-43c37a89e8eb@group-BAC069DAEF17-FollowerState: change to CANDIDATE, lastRpcTime:165ms, electionTimeout:165ms
2019-10-18 07:54:17,997 [Thread-1272] INFO  impl.RoleInfo (RoleInfo.java:shutdownFollowerState(121)) - 4b487190-7547-40c7-b780-43c37a89e8eb: shutdown FollowerState
2019-10-18 07:54:17,997 [Thread-1272] INFO  impl.RaftServerImpl (RaftServerImpl.java:setRole(184)) - 4b487190-7547-40c7-b780-43c37a89e8eb@group-BAC069DAEF17: changes role from  FOLLOWER to CANDIDATE at term 147 for changeToCandidate
2019-10-18 07:54:17,997 [Thread-1272] INFO  impl.RoleInfo (RoleInfo.java:updateAndGet(143)) - 4b487190-7547-40c7-b780-43c37a89e8eb: start LeaderElection
2019-10-18 07:54:18,023 [4b487190-7547-40c7-b780-43c37a89e8eb@group-BAC069DAEF17-LeaderElection144] INFO  impl.LeaderElection (LeaderElection.java:askForVotes(178)) - 4b487190-7547-40c7-b780-43c37a89e8eb@group-BAC069DAEF17-LeaderElection144: begin an election at term 148 for -1: [6fa005cd-25d6-4e29-bda6-9462a060c098:192.168.69.67:36093, 4b487190-7547-40c7-b780-43c37a89e8eb:192.168.69.67:39683, 3d3aac8b-d4d1-454d-bf0c-88a180692893:192.168.69.67:34429], old=null
2019-10-18 07:54:18,026 [grpc-default-executor-6] INFO  impl.RaftServerImpl (RaftServerImpl.java:setRole(184)) - 6fa005cd-25d6-4e29-bda6-9462a060c098@group-BAC069DAEF17: changes role from  FOLLOWER to FOLLOWER at term 148 for recognizeCandidate:4b487190-7547-40c7-b780-43c37a89e8eb
2019-10-18 07:54:18,026 [grpc-default-executor-6] INFO  impl.RoleInfo (RoleInfo.java:shutdownFollowerState(121)) - 6fa005cd-25d6-4e29-bda6-9462a060c098: shutdown FollowerState
2019-10-18 07:54:18,026 [grpc-default-executor-3] INFO  impl.RaftServerImpl (RaftServerImpl.java:setRole(184)) - 3d3aac8b-d4d1-454d-bf0c-88a180692893@group-BAC069DAEF17: changes role from  FOLLOWER to FOLLOWER at term 148 for recognizeCandidate:4b487190-7547-40c7-b780-43c37a89e8eb
2019-10-18 07:54:18,026 [Thread-1270] INFO  impl.FollowerState (FollowerState.java:run(117)) - 6fa005cd-25d6-4e29-bda6-9462a060c098@group-BAC069DAEF17-FollowerState was interrupted: java.lang.InterruptedException: sleep interrupted
2019-10-18 07:54:18,026 [grpc-default-executor-6] INFO  impl.RoleInfo (RoleInfo.java:updateAndGet(143)) - 6fa005cd-25d6-4e29-bda6-9462a060c098: start FollowerState
2019-10-18 07:54:18,026 [grpc-default-executor-3] INFO  impl.RoleInfo (RoleInfo.java:shutdownFollowerState(121)) - 3d3aac8b-d4d1-454d-bf0c-88a180692893: shutdown FollowerState
2019-10-18 07:54:18,027 [grpc-default-executor-3] INFO  impl.RoleInfo (RoleInfo.java:updateAndGet(143)) - 3d3aac8b-d4d1-454d-bf0c-88a180692893: start FollowerState
2019-10-18 07:54:18,027 [Thread-1271] INFO  impl.FollowerState (FollowerState.java:run(117)) - 3d3aac8b-d4d1-454d-bf0c-88a180692893@group-BAC069DAEF17-FollowerState was interrupted: java.lang.InterruptedException: sleep interrupted
2019-10-18 07:54:18,053 [4b487190-7547-40c7-b780-43c37a89e8eb@group-BAC069DAEF17-LeaderElection144] INFO  impl.LeaderElection (LeaderElection.java:logAndReturn(56)) - 4b487190-7547-40c7-b780-43c37a89e8eb@group-BAC069DAEF17-LeaderElection144: Election REJECTED; received 2 response(s) [4b487190-7547-40c7-b780-43c37a89e8eb<-6fa005cd-25d6-4e29-bda6-9462a060c098#0:FAIL-t148, 4b487190-7547-40c7-b780-43c37a89e8eb<-3d3aac8b-d4d1-454d-bf0c-88a180692893#0:FAIL-t148] and 0 exception(s); 4b487190-7547-40c7-b780-43c37a89e8eb@group-BAC069DAEF17:t148, leader=null, voted=4b487190-7547-40c7-b780-43c37a89e8eb, raftlog=4b487190-7547-40c7-b780-43c37a89e8eb@group-BAC069DAEF17-SegmentedRaftLog:OPENED:c-1,f-1,i0, conf=-1: [6fa005cd-25d6-4e29-bda6-9462a060c098:192.168.69.67:36093, 4b487190-7547-40c7-b780-43c37a89e8eb:192.168.69.67:39683, 3d3aac8b-d4d1-454d-bf0c-88a180692893:192.168.69.67:34429], old=null
2019-10-18 07:54:18,053 [4b487190-7547-40c7-b780-43c37a89e8eb@group-BAC069DAEF17-LeaderElection144] INFO  impl.RaftServerImpl (RaftServerImpl.java:setRole(184)) - 4b487190-7547-40c7-b780-43c37a89e8eb@group-BAC069DAEF17: changes role from CANDIDATE to FOLLOWER at term 148 for DISCOVERED_A_NEW_TERM
2019-10-18 07:54:18,053 [4b487190-7547-40c7-b780-43c37a89e8eb@group-BAC069DAEF17-LeaderElection144] INFO  impl.RoleInfo (RoleInfo.java:shutdownLeaderElection(134)) - 4b487190-7547-40c7-b780-43c37a89e8eb: shutdown LeaderElection
2019-10-18 07:54:18,054 [4b487190-7547-40c7-b780-43c37a89e8eb@group-BAC069DAEF17-LeaderElection144] INFO  impl.RoleInfo (RoleInfo.java:updateAndGet(143)) - 4b487190-7547-40c7-b780-43c37a89e8eb: start FollowerState
2019-10-18 07:54:18,115 [Thread-1280] INFO  impl.FollowerState (FollowerState.java:run(108)) - 4b487190-7547-40c7-b780-43c37a89e8eb@group-BAC069DAEF17-FollowerState: change to CANDIDATE, lastRpcTime:61ms, electionTimeout:61ms
2019-10-18 07:54:18,115 [Thread-1280] INFO  impl.RoleInfo (RoleInfo.java:shutdownFollowerState(121)) - 4b487190-7547-40c7-b780-43c37a89e8eb: shutdown FollowerState
2019-10-18 07:54:18,115 [Thread-1280] INFO  impl.RaftServerImpl (RaftServerImpl.java:setRole(184)) - 4b487190-7547-40c7-b780-43c37a89e8eb@group-BAC069DAEF17: changes role from  FOLLOWER to CANDIDATE at term 148 for changeToCandidate
2019-10-18 07:54:18,116 [Thread-1280] INFO  impl.RoleInfo (RoleInfo.java:updateAndGet(143)) - 4b487190-7547-40c7-b780-43c37a89e8eb: start LeaderElection
2019-10-18 07:54:18,129 [4b487190-7547-40c7-b780-43c37a89e8eb@group-BAC069DAEF17-LeaderElection145] INFO  impl.LeaderElection (LeaderElection.java:askForVotes(178)) - 4b487190-7547-40c7-b780-43c37a89e8eb@group-BAC069DAEF17-LeaderElection145: begin an election at term 149 for -1: [6fa005cd-25d6-4e29-bda6-9462a060c098:192.168.69.67:36093, 4b487190-7547-40c7-b780-43c37a89e8eb:192.168.69.67:39683, 3d3aac8b-d4d1-454d-bf0c-88a180692893:192.168.69.67:34429], old=null
2019-10-18 07:54:18,131 [grpc-default-executor-3] INFO  impl.RaftServerImpl (RaftServerImpl.java:setRole(184)) - 6fa005cd-25d6-4e29-bda6-9462a060c098@group-BAC069DAEF17: changes role from  FOLLOWER to FOLLOWER at term 149 for recognizeCandidate:4b487190-7547-40c7-b780-43c37a89e8eb
2019-10-18 07:54:18,132 [grpc-default-executor-3] INFO  impl.RoleInfo (RoleInfo.java:shutdownFollowerState(121)) - 6fa005cd-25d6-4e29-bda6-9462a060c098: shutdown FollowerState
2019-10-18 07:54:18,132 [grpc-default-executor-6] INFO  impl.RaftServerImpl (RaftServerImpl.java:setRole(184)) - 3d3aac8b-d4d1-454d-bf0c-88a180692893@group-BAC069DAEF17: changes role from  FOLLOWER to FOLLOWER at term 149 for recognizeCandidate:4b487190-7547-40c7-b780-43c37a89e8eb
2019-10-18 07:54:18,132 [grpc-default-executor-6] INFO  impl.RoleInfo (RoleInfo.java:shutdownFollowerState(121)) - 3d3aac8b-d4d1-454d-bf0c-88a180692893: shutdown FollowerState
2019-10-18 07:54:18,132 [Thread-1278] INFO  impl.FollowerState (FollowerState.java:run(117)) - 6fa005cd-25d6-4e29-bda6-9462a060c098@group-BAC069DAEF17-FollowerState was interrupted: java.lang.InterruptedException: sleep interrupted
2019-10-18 07:54:18,132 [grpc-default-executor-3] INFO  impl.RoleInfo (RoleInfo.java:updateAndGet(143)) - 6fa005cd-25d6-4e29-bda6-9462a060c098: start FollowerState
2019-10-18 07:54:18,132 [Thread-1279] INFO  impl.FollowerState (FollowerState.java:run(117)) - 3d3aac8b-d4d1-454d-bf0c-88a180692893@group-BAC069DAEF17-FollowerState was interrupted: java.lang.InterruptedException: sleep interrupted
2019-10-18 07:54:18,132 [grpc-default-executor-6] INFO  impl.RoleInfo (RoleInfo.java:updateAndGet(143)) - 3d3aac8b-d4d1-454d-bf0c-88a180692893: start FollowerState
2019-10-18 07:54:18,148 [4b487190-7547-40c7-b780-43c37a89e8eb@group-BAC069DAEF17-LeaderElection145] INFO  impl.LeaderElection (LeaderElection.java:logAndReturn(56)) - 4b487190-7547-40c7-b780-43c37a89e8eb@group-BAC069DAEF17-LeaderElection145: Election REJECTED; received 2 response(s) [4b487190-7547-40c7-b780-43c37a89e8eb<-6fa005cd-25d6-4e29-bda6-9462a060c098#0:FAIL-t149, 4b487190-7547-40c7-b780-43c37a89e8eb<-3d3aac8b-d4d1-454d-bf0c-88a180692893#0:FAIL-t149] and 0 exception(s); 4b487190-7547-40c7-b780-43c37a89e8eb@group-BAC069DAEF17:t149, leader=null, voted=4b487190-7547-40c7-b780-43c37a89e8eb, raftlog=4b487190-7547-40c7-b780-43c37a89e8eb@group-BAC069DAEF17-SegmentedRaftLog:OPENED:c-1,f-1,i0, conf=-1: [6fa005cd-25d6-4e29-bda6-9462a060c098:192.168.69.67:36093, 4b487190-7547-40c7-b780-43c37a89e8eb:192.168.69.67:39683, 3d3aac8b-d4d1-454d-bf0c-88a180692893:192.168.69.67:34429], old=null
2019-10-18 07:54:18,148 [4b487190-7547-40c7-b780-43c37a89e8eb@group-BAC069DAEF17-LeaderElection145] INFO  impl.RaftServerImpl (RaftServerImpl.java:setRole(184)) - 4b487190-7547-40c7-b780-43c37a89e8eb@group-BAC069DAEF17: changes role from CANDIDATE to FOLLOWER at term 149 for DISCOVERED_A_NEW_TERM
2019-10-18 07:54:18,149 [4b487190-7547-40c7-b780-43c37a89e8eb@group-BAC069DAEF17-LeaderElection145] INFO  impl.RoleInfo (RoleInfo.java:shutdownLeaderElection(134)) - 4b487190-7547-40c7-b780-43c37a89e8eb: shutdown LeaderElection
2019-10-18 07:54:18,149 [4b487190-7547-40c7-b780-43c37a89e8eb@group-BAC069DAEF17-LeaderElection145] INFO  impl.RoleInfo (RoleInfo.java:updateAndGet(143)) - 4b487190-7547-40c7-b780-43c37a89e8eb: start FollowerState
2019-10-18 07:54:18,277 [Thread-1286] INFO  impl.FollowerState (FollowerState.java:run(108)) - 4b487190-7547-40c7-b780-43c37a89e8eb@group-BAC069DAEF17-FollowerState: change to CANDIDATE, lastRpcTime:128ms, electionTimeout:128ms
2019-10-18 07:54:18,277 [Thread-1286] INFO  impl.RoleInfo (RoleInfo.java:shutdownFollowerState(121)) - 4b487190-7547-40c7-b780-43c37a89e8eb: shutdown FollowerState
2019-10-18 07:54:18,278 [Thread-1286] INFO  impl.RaftServerImpl (RaftServerImpl.java:setRole(184)) - 4b487190-7547-40c7-b780-43c37a89e8eb@group-BAC069DAEF17: changes role from  FOLLOWER to CANDIDATE at term 149 for changeToCandidate
2019-10-18 07:54:18,278 [Thread-1286] INFO  impl.RoleInfo (RoleInfo.java:updateAndGet(143)) - 4b487190-7547-40c7-b780-43c37a89e8eb: start LeaderElection
2019-10-18 07:54:18,291 [4b487190-7547-40c7-b780-43c37a89e8eb@group-BAC069DAEF17-LeaderElection146] INFO  impl.LeaderElection (LeaderElection.java:askForVotes(178)) - 4b487190-7547-40c7-b780-43c37a89e8eb@group-BAC069DAEF17-LeaderElection146: begin an election at term 150 for -1: [6fa005cd-25d6-4e29-bda6-9462a060c098:192.168.69.67:36093, 4b487190-7547-40c7-b780-43c37a89e8eb:192.168.69.67:39683, 3d3aac8b-d4d1-454d-bf0c-88a180692893:192.168.69.67:34429], old=null
2019-10-18 07:54:18,294 [grpc-default-executor-6] INFO  impl.RaftServerImpl (RaftServerImpl.java:setRole(184)) - 3d3aac8b-d4d1-454d-bf0c-88a180692893@group-BAC069DAEF17: changes role from  FOLLOWER to FOLLOWER at term 150 for recognizeCandidate:4b487190-7547-40c7-b780-43c37a89e8eb
2019-10-18 07:54:18,294 [grpc-default-executor-6] INFO  impl.RoleInfo (RoleInfo.java:shutdownFollowerState(121)) - 3d3aac8b-d4d1-454d-bf0c-88a180692893: shutdown FollowerState
2019-10-18 07:54:18,294 [grpc-default-executor-3] INFO  impl.RaftServerImpl (RaftServerImpl.java:setRole(184)) - 6fa005cd-25d6-4e29-bda6-9462a060c098@group-BAC069DAEF17: changes role from  FOLLOWER to FOLLOWER at term 150 for recognizeCandidate:4b487190-7547-40c7-b780-43c37a89e8eb
2019-10-18 07:54:18,294 [grpc-default-executor-3] INFO  impl.RoleInfo (RoleInfo.java:shutdownFollowerState(121)) - 6fa005cd-25d6-4e29-bda6-9462a060c098: shutdown FollowerState
2019-10-18 07:54:18,294 [grpc-default-executor-6] INFO  impl.RoleInfo (RoleInfo.java:updateAndGet(143)) - 3d3aac8b-d4d1-454d-bf0c-88a180692893: start FollowerState
2019-10-18 07:54:18,294 [Thread-1285] INFO  impl.FollowerState (FollowerState.java:run(117)) - 3d3aac8b-d4d1-454d-bf0c-88a180692893@group-BAC069DAEF17-FollowerState was interrupted: java.lang.InterruptedException: sleep interrupted
2019-10-18 07:54:18,295 [Thread-1284] INFO  impl.FollowerState (FollowerState.java:run(117)) - 6fa005cd-25d6-4e29-bda6-9462a060c098@group-BAC069DAEF17-FollowerState was interrupted: java.lang.InterruptedException: sleep interrupted
2019-10-18 07:54:18,295 [grpc-default-executor-3] INFO  impl.RoleInfo (RoleInfo.java:updateAndGet(143)) - 6fa005cd-25d6-4e29-bda6-9462a060c098: start FollowerState
2019-10-18 07:54:18,310 [4b487190-7547-40c7-b780-43c37a89e8eb@group-BAC069DAEF17-LeaderElection146] INFO  impl.LeaderElection (LeaderElection.java:logAndReturn(56)) - 4b487190-7547-40c7-b780-43c37a89e8eb@group-BAC069DAEF17-LeaderElection146: Election REJECTED; received 2 response(s) [4b487190-7547-40c7-b780-43c37a89e8eb<-6fa005cd-25d6-4e29-bda6-9462a060c098#0:FAIL-t150, 4b487190-7547-40c7-b780-43c37a89e8eb<-3d3aac8b-d4d1-454d-bf0c-88a180692893#0:FAIL-t150] and 0 exception(s); 4b487190-7547-40c7-b780-43c37a89e8eb@group-BAC069DAEF17:t150, leader=null, voted=4b487190-7547-40c7-b780-43c37a89e8eb, raftlog=4b487190-7547-40c7-b780-43c37a89e8eb@group-BAC069DAEF17-SegmentedRaftLog:OPENED:c-1,f-1,i0, conf=-1: [6fa005cd-25d6-4e29-bda6-9462a060c098:192.168.69.67:36093, 4b487190-7547-40c7-b780-43c37a89e8eb:192.168.69.67:39683, 3d3aac8b-d4d1-454d-bf0c-88a180692893:192.168.69.67:34429], old=null
2019-10-18 07:54:18,310 [4b487190-7547-40c7-b780-43c37a89e8eb@group-BAC069DAEF17-LeaderElection146] INFO  impl.RaftServerImpl (RaftServerImpl.java:setRole(184)) - 4b487190-7547-40c7-b780-43c37a89e8eb@group-BAC069DAEF17: changes role from CANDIDATE to FOLLOWER at term 150 for DISCOVERED_A_NEW_TERM
2019-10-18 07:54:18,310 [4b487190-7547-40c7-b780-43c37a89e8eb@group-BAC069DAEF17-LeaderElection146] INFO  impl.RoleInfo (RoleInfo.java:shutdownLeaderElection(134)) - 4b487190-7547-40c7-b780-43c37a89e8eb: shutdown LeaderElection
2019-10-18 07:54:18,310 [4b487190-7547-40c7-b780-43c37a89e8eb@group-BAC069DAEF17-LeaderElection146] INFO  impl.RoleInfo (RoleInfo.java:updateAndGet(143)) - 4b487190-7547-40c7-b780-43c37a89e8eb: start FollowerState
2019-10-18 07:54:18,413 [Thread-1292] INFO  impl.FollowerState (FollowerState.java:run(108)) - 4b487190-7547-40c7-b780-43c37a89e8eb@group-BAC069DAEF17-FollowerState: change to CANDIDATE, lastRpcTime:102ms, electionTimeout:102ms
2019-10-18 07:54:18,413 [Thread-1292] INFO  impl.RoleInfo (RoleInfo.java:shutdownFollowerState(121)) - 4b487190-7547-40c7-b780-43c37a89e8eb: shutdown FollowerState
2019-10-18 07:54:18,413 [Thread-1292] INFO  impl.RaftServerImpl (RaftServerImpl.java:setRole(184)) - 4b487190-7547-40c7-b780-43c37a89e8eb@group-BAC069DAEF17: changes role from  FOLLOWER to CANDIDATE at term 150 for changeToCandidate
2019-10-18 07:54:18,413 [Thread-1292] INFO  impl.RoleInfo (RoleInfo.java:updateAndGet(143)) - 4b487190-7547-40c7-b780-43c37a89e8eb: start LeaderElection
2019-10-18 07:54:18,428 [4b487190-7547-40c7-b780-43c37a89e8eb@group-BAC069DAEF17-LeaderElection147] INFO  impl.LeaderElection (LeaderElection.java:askForVotes(178)) - 4b487190-7547-40c7-b780-43c37a89e8eb@group-BAC069DAEF17-LeaderElection147: begin an election at term 151 for -1: [6fa005cd-25d6-4e29-bda6-9462a060c098:192.168.69.67:36093, 4b487190-7547-40c7-b780-43c37a89e8eb:192.168.69.67:39683, 3d3aac8b-d4d1-454d-bf0c-88a180692893:192.168.69.67:34429], old=null
2019-10-18 07:54:18,431 [grpc-default-executor-3] INFO  impl.RaftServerImpl (RaftServerImpl.java:setRole(184)) - 6fa005cd-25d6-4e29-bda6-9462a060c098@group-BAC069DAEF17: changes role from  FOLLOWER to FOLLOWER at term 151 for recognizeCandidate:4b487190-7547-40c7-b780-43c37a89e8eb
2019-10-18 07:54:18,432 [grpc-default-executor-3] INFO  impl.RoleInfo (RoleInfo.java:shutdownFollowerState(121)) - 6fa005cd-25d6-4e29-bda6-9462a060c098: shutdown FollowerState
2019-10-18 07:54:18,432 [grpc-default-executor-6] INFO  impl.RaftServerImpl (RaftServerImpl.java:setRole(184)) - 3d3aac8b-d4d1-454d-bf0c-88a180692893@group-BAC069DAEF17: changes role from  FOLLOWER to FOLLOWER at term 151 for recognizeCandidate:4b487190-7547-40c7-b780-43c37a89e8eb
2019-10-18 07:54:18,432 [Thread-1291] INFO  impl.FollowerState (FollowerState.java:run(117)) - 6fa005cd-25d6-4e29-bda6-9462a060c098@group-BAC069DAEF17-FollowerState was interrupted: java.lang.InterruptedException: sleep interrupted
2019-10-18 07:54:18,432 [grpc-default-executor-3] INFO  impl.RoleInfo (RoleInfo.java:updateAndGet(143)) - 6fa005cd-25d6-4e29-bda6-9462a060c098: start FollowerState
2019-10-18 07:54:18,432 [grpc-default-executor-6] INFO  impl.RoleInfo (RoleInfo.java:shutdownFollowerState(121)) - 3d3aac8b-d4d1-454d-bf0c-88a180692893: shutdown FollowerState
2019-10-18 07:54:18,433 [grpc-default-executor-6] INFO  impl.RoleInfo (RoleInfo.java:updateAndGet(143)) - 3d3aac8b-d4d1-454d-bf0c-88a180692893: start FollowerState
2019-10-18 07:54:18,433 [Thread-1290] INFO  impl.FollowerState (FollowerState.java:run(117)) - 3d3aac8b-d4d1-454d-bf0c-88a180692893@group-BAC069DAEF17-FollowerState was interrupted: java.lang.InterruptedException: sleep interrupted
2019-10-18 07:54:18,459 [4b487190-7547-40c7-b780-43c37a89e8eb@group-BAC069DAEF17-LeaderElection147] INFO  impl.LeaderElection (LeaderElection.java:logAndReturn(56)) - 4b487190-7547-40c7-b780-43c37a89e8eb@group-BAC069DAEF17-LeaderElection147: Election REJECTED; received 2 response(s) [4b487190-7547-40c7-b780-43c37a89e8eb<-6fa005cd-25d6-4e29-bda6-9462a060c098#0:FAIL-t151, 4b487190-7547-40c7-b780-43c37a89e8eb<-3d3aac8b-d4d1-454d-bf0c-88a180692893#0:FAIL-t151] and 0 exception(s); 4b487190-7547-40c7-b780-43c37a89e8eb@group-BAC069DAEF17:t151, leader=null, voted=4b487190-7547-40c7-b780-43c37a89e8eb, raftlog=4b487190-7547-40c7-b780-43c37a89e8eb@group-BAC069DAEF17-SegmentedRaftLog:OPENED:c-1,f-1,i0, conf=-1: [6fa005cd-25d6-4e29-bda6-9462a060c098:192.168.69.67:36093, 4b487190-7547-40c7-b780-43c37a89e8eb:192.168.69.67:39683, 3d3aac8b-d4d1-454d-bf0c-88a180692893:192.168.69.67:34429], old=null
2019-10-18 07:54:18,460 [4b487190-7547-40c7-b780-43c37a89e8eb@group-BAC069DAEF17-LeaderElection147] INFO  impl.RaftServerImpl (RaftServerImpl.java:setRole(184)) - 4b487190-7547-40c7-b780-43c37a89e8eb@group-BAC069DAEF17: changes role from CANDIDATE to FOLLOWER at term 151 for DISCOVERED_A_NEW_TERM
2019-10-18 07:54:18,460 [4b487190-7547-40c7-b780-43c37a89e8eb@group-BAC069DAEF17-LeaderElection147] INFO  impl.RoleInfo (RoleInfo.java:shutdownLeaderElection(134)) - 4b487190-7547-40c7-b780-43c37a89e8eb: shutdown LeaderElection
2019-10-18 07:54:18,460 [4b487190-7547-40c7-b780-43c37a89e8eb@group-BAC069DAEF17-LeaderElection147] INFO  impl.RoleInfo (RoleInfo.java:updateAndGet(143)) - 4b487190-7547-40c7-b780-43c37a89e8eb: start FollowerState
2019-10-18 07:54:18,635 [Thread-1298] INFO  impl.FollowerState (FollowerState.java:run(108)) - 4b487190-7547-40c7-b780-43c37a89e8eb@group-BAC069DAEF17-FollowerState: change to CANDIDATE, lastRpcTime:175ms, electionTimeout:175ms
2019-10-18 07:54:18,636 [Thread-1298] INFO  impl.RoleInfo (RoleInfo.java:shutdownFollowerState(121)) - 4b487190-7547-40c7-b780-43c37a89e8eb: shutdown FollowerState
2019-10-18 07:54:18,636 [Thread-1298] INFO  impl.RaftServerImpl (RaftServerImpl.java:setRole(184)) - 4b487190-7547-40c7-b780-43c37a89e8eb@group-BAC069DAEF17: changes role from  FOLLOWER to CANDIDATE at term 151 for changeToCandidate
2019-10-18 07:54:18,636 [Thread-1298] INFO  impl.RoleInfo (RoleInfo.java:updateAndGet(143)) - 4b487190-7547-40c7-b780-43c37a89e8eb: start LeaderElection
2019-10-18 07:54:18,650 [4b487190-7547-40c7-b780-43c37a89e8eb@group-BAC069DAEF17-LeaderElection148] INFO  impl.LeaderElection (LeaderElection.java:askForVotes(178)) - 4b487190-7547-40c7-b780-43c37a89e8eb@group-BAC069DAEF17-LeaderElection148: begin an election at term 152 for -1: [6fa005cd-25d6-4e29-bda6-9462a060c098:192.168.69.67:36093, 4b487190-7547-40c7-b780-43c37a89e8eb:192.168.69.67:39683, 3d3aac8b-d4d1-454d-bf0c-88a180692893:192.168.69.67:34429], old=null
2019-10-18 07:54:18,653 [grpc-default-executor-6] INFO  impl.RaftServerImpl (RaftServerImpl.java:setRole(184)) - 6fa005cd-25d6-4e29-bda6-9462a060c098@group-BAC069DAEF17: changes role from  FOLLOWER to FOLLOWER at term 152 for recognizeCandidate:4b487190-7547-40c7-b780-43c37a89e8eb
2019-10-18 07:54:18,654 [grpc-default-executor-6] INFO  impl.RoleInfo (RoleInfo.java:shutdownFollowerState(121)) - 6fa005cd-25d6-4e29-bda6-9462a060c098: shutdown FollowerState
2019-10-18 07:54:18,654 [grpc-default-executor-3] INFO  impl.RaftServerImpl (RaftServerImpl.java:setRole(184)) - 3d3aac8b-d4d1-454d-bf0c-88a180692893@group-BAC069DAEF17: changes role from  FOLLOWER to FOLLOWER at term 152 for recognizeCandidate:4b487190-7547-40c7-b780-43c37a89e8eb
2019-10-18 07:54:18,654 [Thread-1296] INFO  impl.FollowerState (FollowerState.java:run(117)) - 6fa005cd-25d6-4e29-bda6-9462a060c098@group-BAC069DAEF17-FollowerState was interrupted: java.lang.InterruptedException: sleep interrupted
2019-10-18 07:54:18,654 [grpc-default-executor-6] INFO  impl.RoleInfo (RoleInfo.java:updateAndGet(143)) - 6fa005cd-25d6-4e29-bda6-9462a060c098: start FollowerState
2019-10-18 07:54:18,654 [grpc-default-executor-3] INFO  impl.RoleInfo (RoleInfo.java:shutdownFollowerState(121)) - 3d3aac8b-d4d1-454d-bf0c-88a180692893: shutdown FollowerState
2019-10-18 07:54:18,655 [grpc-default-executor-3] INFO  impl.RoleInfo (RoleInfo.java:updateAndGet(143)) - 3d3aac8b-d4d1-454d-bf0c-88a180692893: start FollowerState
2019-10-18 07:54:18,655 [Thread-1297] INFO  impl.FollowerState (FollowerState.java:run(117)) - 3d3aac8b-d4d1-454d-bf0c-88a180692893@group-BAC069DAEF17-FollowerState was interrupted: java.lang.InterruptedException: sleep interrupted
2019-10-18 07:54:18,670 [4b487190-7547-40c7-b780-43c37a89e8eb@group-BAC069DAEF17-LeaderElection148] INFO  impl.LeaderElection (LeaderElection.java:logAndReturn(56)) - 4b487190-7547-40c7-b780-43c37a89e8eb@group-BAC069DAEF17-LeaderElection148: Election REJECTED; received 2 response(s) [4b487190-7547-40c7-b780-43c37a89e8eb<-6fa005cd-25d6-4e29-bda6-9462a060c098#0:FAIL-t152, 4b487190-7547-40c7-b780-43c37a89e8eb<-3d3aac8b-d4d1-454d-bf0c-88a180692893#0:FAIL-t152] and 0 exception(s); 4b487190-7547-40c7-b780-43c37a89e8eb@group-BAC069DAEF17:t152, leader=null, voted=4b487190-7547-40c7-b780-43c37a89e8eb, raftlog=4b487190-7547-40c7-b780-43c37a89e8eb@group-BAC069DAEF17-SegmentedRaftLog:OPENED:c-1,f-1,i0, conf=-1: [6fa005cd-25d6-4e29-bda6-9462a060c098:192.168.69.67:36093, 4b487190-7547-40c7-b780-43c37a89e8eb:192.168.69.67:39683, 3d3aac8b-d4d1-454d-bf0c-88a180692893:192.168.69.67:34429], old=null
2019-10-18 07:54:18,670 [4b487190-7547-40c7-b780-43c37a89e8eb@group-BAC069DAEF17-LeaderElection148] INFO  impl.RaftServerImpl (RaftServerImpl.java:setRole(184)) - 4b487190-7547-40c7-b780-43c37a89e8eb@group-BAC069DAEF17: changes role from CANDIDATE to FOLLOWER at term 152 for DISCOVERED_A_NEW_TERM
2019-10-18 07:54:18,670 [4b487190-7547-40c7-b780-43c37a89e8eb@group-BAC069DAEF17-LeaderElection148] INFO  impl.RoleInfo (RoleInfo.java:shutdownLeaderElection(134)) - 4b487190-7547-40c7-b780-43c37a89e8eb: shutdown LeaderElection
2019-10-18 07:54:18,670 [4b487190-7547-40c7-b780-43c37a89e8eb@group-BAC069DAEF17-LeaderElection148] INFO  impl.RoleInfo (RoleInfo.java:updateAndGet(143)) - 4b487190-7547-40c7-b780-43c37a89e8eb: start FollowerState
2019-10-18 07:54:18,703 [Thread-1304] INFO  impl.FollowerState (FollowerState.java:run(108)) - 4b487190-7547-40c7-b780-43c37a89e8eb@group-BAC069DAEF17-FollowerState: change to CANDIDATE, lastRpcTime:32ms, electionTimeout:32ms
2019-10-18 07:54:18,703 [Thread-1304] INFO  impl.RoleInfo (RoleInfo.java:shutdownFollowerState(121)) - 4b487190-7547-40c7-b780-43c37a89e8eb: shutdown FollowerState
2019-10-18 07:54:18,703 [Thread-1304] INFO  impl.RaftServerImpl (RaftServerImpl.java:setRole(184)) - 4b487190-7547-40c7-b780-43c37a89e8eb@group-BAC069DAEF17: changes role from  FOLLOWER to CANDIDATE at term 152 for changeToCandidate
2019-10-18 07:54:18,703 [Thread-1304] INFO  impl.RoleInfo (RoleInfo.java:updateAndGet(143)) - 4b487190-7547-40c7-b780-43c37a89e8eb: start LeaderElection
2019-10-18 07:54:18,718 [4b487190-7547-40c7-b780-43c37a89e8eb@group-BAC069DAEF17-LeaderElection149] INFO  impl.LeaderElection (LeaderElection.java:askForVotes(178)) - 4b487190-7547-40c7-b780-43c37a89e8eb@group-BAC069DAEF17-LeaderElection149: begin an election at term 153 for -1: [6fa005cd-25d6-4e29-bda6-9462a060c098:192.168.69.67:36093, 4b487190-7547-40c7-b780-43c37a89e8eb:192.168.69.67:39683, 3d3aac8b-d4d1-454d-bf0c-88a180692893:192.168.69.67:34429], old=null
2019-10-18 07:54:18,721 [grpc-default-executor-3] INFO  impl.RaftServerImpl (RaftServerImpl.java:setRole(184)) - 6fa005cd-25d6-4e29-bda6-9462a060c098@group-BAC069DAEF17: changes role from  FOLLOWER to FOLLOWER at term 153 for recognizeCandidate:4b487190-7547-40c7-b780-43c37a89e8eb
2019-10-18 07:54:18,721 [grpc-default-executor-3] INFO  impl.RoleInfo (RoleInfo.java:shutdownFollowerState(121)) - 6fa005cd-25d6-4e29-bda6-9462a060c098: shutdown FollowerState
2019-10-18 07:54:18,721 [grpc-default-executor-6] INFO  impl.RaftServerImpl (RaftServerImpl.java:setRole(184)) - 3d3aac8b-d4d1-454d-bf0c-88a180692893@group-BAC069DAEF17: changes role from  FOLLOWER to FOLLOWER at term 153 for recognizeCandidate:4b487190-7547-40c7-b780-43c37a89e8eb
2019-10-18 07:54:18,721 [Thread-1302] INFO  impl.FollowerState (FollowerState.java:run(117)) - 6fa005cd-25d6-4e29-bda6-9462a060c098@group-BAC069DAEF17-FollowerState was interrupted: java.lang.InterruptedException: sleep interrupted
2019-10-18 07:54:18,721 [grpc-default-executor-3] INFO  impl.RoleInfo (RoleInfo.java:updateAndGet(143)) - 6fa005cd-25d6-4e29-bda6-9462a060c098: start FollowerState
2019-10-18 07:54:18,721 [grpc-default-executor-6] INFO  impl.RoleInfo (RoleInfo.java:shutdownFollowerState(121)) - 3d3aac8b-d4d1-454d-bf0c-88a180692893: shutdown FollowerState
2019-10-18 07:54:18,722 [grpc-default-executor-6] INFO  impl.RoleInfo (RoleInfo.java:updateAndGet(143)) - 3d3aac8b-d4d1-454d-bf0c-88a180692893: start FollowerState
2019-10-18 07:54:18,722 [Thread-1303] INFO  impl.FollowerState (FollowerState.java:run(117)) - 3d3aac8b-d4d1-454d-bf0c-88a180692893@group-BAC069DAEF17-FollowerState was interrupted: java.lang.InterruptedException: sleep interrupted
2019-10-18 07:54:18,736 [4b487190-7547-40c7-b780-43c37a89e8eb@group-BAC069DAEF17-LeaderElection149] INFO  impl.LeaderElection (LeaderElection.java:logAndReturn(56)) - 4b487190-7547-40c7-b780-43c37a89e8eb@group-BAC069DAEF17-LeaderElection149: Election REJECTED; received 2 response(s) [4b487190-7547-40c7-b780-43c37a89e8eb<-6fa005cd-25d6-4e29-bda6-9462a060c098#0:FAIL-t153, 4b487190-7547-40c7-b780-43c37a89e8eb<-3d3aac8b-d4d1-454d-bf0c-88a180692893#0:FAIL-t153] and 0 exception(s); 4b487190-7547-40c7-b780-43c37a89e8eb@group-BAC069DAEF17:t153, leader=null, voted=4b487190-7547-40c7-b780-43c37a89e8eb, raftlog=4b487190-7547-40c7-b780-43c37a89e8eb@group-BAC069DAEF17-SegmentedRaftLog:OPENED:c-1,f-1,i0, conf=-1: [6fa005cd-25d6-4e29-bda6-9462a060c098:192.168.69.67:36093, 4b487190-7547-40c7-b780-43c37a89e8eb:192.168.69.67:39683, 3d3aac8b-d4d1-454d-bf0c-88a180692893:192.168.69.67:34429], old=null
2019-10-18 07:54:18,736 [4b487190-7547-40c7-b780-43c37a89e8eb@group-BAC069DAEF17-LeaderElection149] INFO  impl.RaftServerImpl (RaftServerImpl.java:setRole(184)) - 4b487190-7547-40c7-b780-43c37a89e8eb@group-BAC069DAEF17: changes role from CANDIDATE to FOLLOWER at term 153 for DISCOVERED_A_NEW_TERM
2019-10-18 07:54:18,736 [4b487190-7547-40c7-b780-43c37a89e8eb@group-BAC069DAEF17-LeaderElection149] INFO  impl.RoleInfo (RoleInfo.java:shutdownLeaderElection(134)) - 4b487190-7547-40c7-b780-43c37a89e8eb: shutdown LeaderElection
2019-10-18 07:54:18,736 [4b487190-7547-40c7-b780-43c37a89e8eb@group-BAC069DAEF17-LeaderElection149] INFO  impl.RoleInfo (RoleInfo.java:updateAndGet(143)) - 4b487190-7547-40c7-b780-43c37a89e8eb: start FollowerState
2019-10-18 07:54:18,796 [Thread-1310] INFO  impl.FollowerState (FollowerState.java:run(108)) - 4b487190-7547-40c7-b780-43c37a89e8eb@group-BAC069DAEF17-FollowerState: change to CANDIDATE, lastRpcTime:59ms, electionTimeout:59ms
2019-10-18 07:54:18,796 [Thread-1310] INFO  impl.RoleInfo (RoleInfo.java:shutdownFollowerState(121)) - 4b487190-7547-40c7-b780-43c37a89e8eb: shutdown FollowerState
2019-10-18 07:54:18,796 [Thread-1310] INFO  impl.RaftServerImpl (RaftServerImpl.java:setRole(184)) - 4b487190-7547-40c7-b780-43c37a89e8eb@group-BAC069DAEF17: changes role from  FOLLOWER to CANDIDATE at term 153 for changeToCandidate
2019-10-18 07:54:18,797 [Thread-1310] INFO  impl.RoleInfo (RoleInfo.java:updateAndGet(143)) - 4b487190-7547-40c7-b780-43c37a89e8eb: start LeaderElection
2019-10-18 07:54:18,810 [4b487190-7547-40c7-b780-43c37a89e8eb@group-BAC069DAEF17-LeaderElection150] INFO  impl.LeaderElection (LeaderElection.java:askForVotes(178)) - 4b487190-7547-40c7-b780-43c37a89e8eb@group-BAC069DAEF17-LeaderElection150: begin an election at term 154 for -1: [6fa005cd-25d6-4e29-bda6-9462a060c098:192.168.69.67:36093, 4b487190-7547-40c7-b780-43c37a89e8eb:192.168.69.67:39683, 3d3aac8b-d4d1-454d-bf0c-88a180692893:192.168.69.67:34429], old=null
2019-10-18 07:54:18,813 [grpc-default-executor-6] INFO  impl.RaftServerImpl (RaftServerImpl.java:setRole(184)) - 6fa005cd-25d6-4e29-bda6-9462a060c098@group-BAC069DAEF17: changes role from  FOLLOWER to FOLLOWER at term 154 for recognizeCandidate:4b487190-7547-40c7-b780-43c37a89e8eb
2019-10-18 07:54:18,813 [grpc-default-executor-6] INFO  impl.RoleInfo (RoleInfo.java:shutdownFollowerState(121)) - 6fa005cd-25d6-4e29-bda6-9462a060c098: shutdown FollowerState
2019-10-18 07:54:18,813 [grpc-default-executor-3] INFO  impl.RaftServerImpl (RaftServerImpl.java:setRole(184)) - 3d3aac8b-d4d1-454d-bf0c-88a180692893@group-BAC069DAEF17: changes role from  FOLLOWER to FOLLOWER at term 154 for recognizeCandidate:4b487190-7547-40c7-b780-43c37a89e8eb
2019-10-18 07:54:18,814 [Thread-1308] INFO  impl.FollowerState (FollowerState.java:run(117)) - 6fa005cd-25d6-4e29-bda6-9462a060c098@group-BAC069DAEF17-FollowerState was interrupted: java.lang.InterruptedException: sleep interrupted
2019-10-18 07:54:18,813 [grpc-default-executor-6] INFO  impl.RoleInfo (RoleInfo.java:updateAndGet(143)) - 6fa005cd-25d6-4e29-bda6-9462a060c098: start FollowerState
2019-10-18 07:54:18,814 [grpc-default-executor-3] INFO  impl.RoleInfo (RoleInfo.java:shutdownFollowerState(121)) - 3d3aac8b-d4d1-454d-bf0c-88a180692893: shutdown FollowerState
2019-10-18 07:54:18,814 [grpc-default-executor-3] INFO  impl.RoleInfo (RoleInfo.java:updateAndGet(143)) - 3d3aac8b-d4d1-454d-bf0c-88a180692893: start FollowerState
2019-10-18 07:54:18,814 [Thread-1309] INFO  impl.FollowerState (FollowerState.java:run(117)) - 3d3aac8b-d4d1-454d-bf0c-88a180692893@group-BAC069DAEF17-FollowerState was interrupted: java.lang.InterruptedException: sleep interrupted
2019-10-18 07:54:18,840 [4b487190-7547-40c7-b780-43c37a89e8eb@group-BAC069DAEF17-LeaderElection150] INFO  impl.LeaderElection (LeaderElection.java:logAndReturn(56)) - 4b487190-7547-40c7-b780-43c37a89e8eb@group-BAC069DAEF17-LeaderElection150: Election REJECTED; received 2 response(s) [4b487190-7547-40c7-b780-43c37a89e8eb<-6fa005cd-25d6-4e29-bda6-9462a060c098#0:FAIL-t154, 4b487190-7547-40c7-b780-43c37a89e8eb<-3d3aac8b-d4d1-454d-bf0c-88a180692893#0:FAIL-t154] and 0 exception(s); 4b487190-7547-40c7-b780-43c37a89e8eb@group-BAC069DAEF17:t154, leader=null, voted=4b487190-7547-40c7-b780-43c37a89e8eb, raftlog=4b487190-7547-40c7-b780-43c37a89e8eb@group-BAC069DAEF17-SegmentedRaftLog:OPENED:c-1,f-1,i0, conf=-1: [6fa005cd-25d6-4e29-bda6-9462a060c098:192.168.69.67:36093, 4b487190-7547-40c7-b780-43c37a89e8eb:192.168.69.67:39683, 3d3aac8b-d4d1-454d-bf0c-88a180692893:192.168.69.67:34429], old=null
2019-10-18 07:54:18,840 [4b487190-7547-40c7-b780-43c37a89e8eb@group-BAC069DAEF17-LeaderElection150] INFO  impl.RaftServerImpl (RaftServerImpl.java:setRole(184)) - 4b487190-7547-40c7-b780-43c37a89e8eb@group-BAC069DAEF17: changes role from CANDIDATE to FOLLOWER at term 154 for DISCOVERED_A_NEW_TERM
2019-10-18 07:54:18,840 [4b487190-7547-40c7-b780-43c37a89e8eb@group-BAC069DAEF17-LeaderElection150] INFO  impl.RoleInfo (RoleInfo.java:shutdownLeaderElection(134)) - 4b487190-7547-40c7-b780-43c37a89e8eb: shutdown LeaderElection
2019-10-18 07:54:18,840 [4b487190-7547-40c7-b780-43c37a89e8eb@group-BAC069DAEF17-LeaderElection150] INFO  impl.RoleInfo (RoleInfo.java:updateAndGet(143)) - 4b487190-7547-40c7-b780-43c37a89e8eb: start FollowerState
2019-10-18 07:54:18,886 [Thread-1316] INFO  impl.FollowerState (FollowerState.java:run(108)) - 4b487190-7547-40c7-b780-43c37a89e8eb@group-BAC069DAEF17-FollowerState: change to CANDIDATE, lastRpcTime:45ms, electionTimeout:45ms
2019-10-18 07:54:18,886 [Thread-1316] INFO  impl.RoleInfo (RoleInfo.java:shutdownFollowerState(121)) - 4b487190-7547-40c7-b780-43c37a89e8eb: shutdown FollowerState
2019-10-18 07:54:18,886 [Thread-1316] INFO  impl.RaftServerImpl (RaftServerImpl.java:setRole(184)) - 4b487190-7547-40c7-b780-43c37a89e8eb@group-BAC069DAEF17: changes role from  FOLLOWER to CANDIDATE at term 154 for changeToCandidate
2019-10-18 07:54:18,886 [Thread-1316] INFO  impl.RoleInfo (RoleInfo.java:updateAndGet(143)) - 4b487190-7547-40c7-b780-43c37a89e8eb: start LeaderElection
2019-10-18 07:54:18,899 [4b487190-7547-40c7-b780-43c37a89e8eb@group-BAC069DAEF17-LeaderElection151] INFO  impl.LeaderElection (LeaderElection.java:askForVotes(178)) - 4b487190-7547-40c7-b780-43c37a89e8eb@group-BAC069DAEF17-LeaderElection151: begin an election at term 155 for -1: [6fa005cd-25d6-4e29-bda6-9462a060c098:192.168.69.67:36093, 4b487190-7547-40c7-b780-43c37a89e8eb:192.168.69.67:39683, 3d3aac8b-d4d1-454d-bf0c-88a180692893:192.168.69.67:34429], old=null
2019-10-18 07:54:18,902 [grpc-default-executor-3] INFO  impl.RaftServerImpl (RaftServerImpl.java:setRole(184)) - 6fa005cd-25d6-4e29-bda6-9462a060c098@group-BAC069DAEF17: changes role from  FOLLOWER to FOLLOWER at term 155 for recognizeCandidate:4b487190-7547-40c7-b780-43c37a89e8eb
2019-10-18 07:54:18,902 [grpc-default-executor-3] INFO  impl.RoleInfo (RoleInfo.java:shutdownFollowerState(121)) - 6fa005cd-25d6-4e29-bda6-9462a060c098: shutdown FollowerState
2019-10-18 07:54:18,902 [grpc-default-executor-6] INFO  impl.RaftServerImpl (RaftServerImpl.java:setRole(184)) - 3d3aac8b-d4d1-454d-bf0c-88a180692893@group-BAC069DAEF17: changes role from  FOLLOWER to FOLLOWER at term 155 for recognizeCandidate:4b487190-7547-40c7-b780-43c37a89e8eb
2019-10-18 07:54:18,902 [Thread-1314] INFO  impl.FollowerState (FollowerState.java:run(117)) - 6fa005cd-25d6-4e29-bda6-9462a060c098@group-BAC069DAEF17-FollowerState was interrupted: java.lang.InterruptedException: sleep interrupted
2019-10-18 07:54:18,902 [grpc-default-executor-3] INFO  impl.RoleInfo (RoleInfo.java:updateAndGet(143)) - 6fa005cd-25d6-4e29-bda6-9462a060c098: start FollowerState
2019-10-18 07:54:18,903 [grpc-default-executor-6] INFO  impl.RoleInfo (RoleInfo.java:shutdownFollowerState(121)) - 3d3aac8b-d4d1-454d-bf0c-88a180692893: shutdown FollowerState
2019-10-18 07:54:18,903 [grpc-default-executor-6] INFO  impl.RoleInfo (RoleInfo.java:updateAndGet(143)) - 3d3aac8b-d4d1-454d-bf0c-88a180692893: start FollowerState
2019-10-18 07:54:18,903 [Thread-1315] INFO  impl.FollowerState (FollowerState.java:run(117)) - 3d3aac8b-d4d1-454d-bf0c-88a180692893@group-BAC069DAEF17-FollowerState was interrupted: java.lang.InterruptedException: sleep interrupted
2019-10-18 07:54:18,922 [4b487190-7547-40c7-b780-43c37a89e8eb@group-BAC069DAEF17-LeaderElection151] INFO  impl.LeaderElection (LeaderElection.java:logAndReturn(56)) - 4b487190-7547-40c7-b780-43c37a89e8eb@group-BAC069DAEF17-LeaderElection151: Election REJECTED; received 2 response(s) [4b487190-7547-40c7-b780-43c37a89e8eb<-6fa005cd-25d6-4e29-bda6-9462a060c098#0:FAIL-t155, 4b487190-7547-40c7-b780-43c37a89e8eb<-3d3aac8b-d4d1-454d-bf0c-88a180692893#0:FAIL-t155] and 0 exception(s); 4b487190-7547-40c7-b780-43c37a89e8eb@group-BAC069DAEF17:t155, leader=null, voted=4b487190-7547-40c7-b780-43c37a89e8eb, raftlog=4b487190-7547-40c7-b780-43c37a89e8eb@group-BAC069DAEF17-SegmentedRaftLog:OPENED:c-1,f-1,i0, conf=-1: [6fa005cd-25d6-4e29-bda6-9462a060c098:192.168.69.67:36093, 4b487190-7547-40c7-b780-43c37a89e8eb:192.168.69.67:39683, 3d3aac8b-d4d1-454d-bf0c-88a180692893:192.168.69.67:34429], old=null
2019-10-18 07:54:18,922 [4b487190-7547-40c7-b780-43c37a89e8eb@group-BAC069DAEF17-LeaderElection151] INFO  impl.RaftServerImpl (RaftServerImpl.java:setRole(184)) - 4b487190-7547-40c7-b780-43c37a89e8eb@group-BAC069DAEF17: changes role from CANDIDATE to FOLLOWER at term 155 for DISCOVERED_A_NEW_TERM
2019-10-18 07:54:18,922 [4b487190-7547-40c7-b780-43c37a89e8eb@group-BAC069DAEF17-LeaderElection151] INFO  impl.RoleInfo (RoleInfo.java:shutdownLeaderElection(134)) - 4b487190-7547-40c7-b780-43c37a89e8eb: shutdown LeaderElection
2019-10-18 07:54:18,922 [4b487190-7547-40c7-b780-43c37a89e8eb@group-BAC069DAEF17-LeaderElection151] INFO  impl.RoleInfo (RoleInfo.java:updateAndGet(143)) - 4b487190-7547-40c7-b780-43c37a89e8eb: start FollowerState
2019-10-18 07:54:19,032 [Thread-1322] INFO  impl.FollowerState (FollowerState.java:run(108)) - 4b487190-7547-40c7-b780-43c37a89e8eb@group-BAC069DAEF17-FollowerState: change to CANDIDATE, lastRpcTime:109ms, electionTimeout:109ms
2019-10-18 07:54:19,032 [Thread-1322] INFO  impl.RoleInfo (RoleInfo.java:shutdownFollowerState(121)) - 4b487190-7547-40c7-b780-43c37a89e8eb: shutdown FollowerState
2019-10-18 07:54:19,032 [Thread-1322] INFO  impl.RaftServerImpl (RaftServerImpl.java:setRole(184)) - 4b487190-7547-40c7-b780-43c37a89e8eb@group-BAC069DAEF17: changes role from  FOLLOWER to CANDIDATE at term 155 for changeToCandidate
2019-10-18 07:54:19,032 [Thread-1322] INFO  impl.RoleInfo (RoleInfo.java:updateAndGet(143)) - 4b487190-7547-40c7-b780-43c37a89e8eb: start LeaderElection
2019-10-18 07:54:19,047 [4b487190-7547-40c7-b780-43c37a89e8eb@group-BAC069DAEF17-LeaderElection152] INFO  impl.LeaderElection (LeaderElection.java:askForVotes(178)) - 4b487190-7547-40c7-b780-43c37a89e8eb@group-BAC069DAEF17-LeaderElection152: begin an election at term 156 for -1: [6fa005cd-25d6-4e29-bda6-9462a060c098:192.168.69.67:36093, 4b487190-7547-40c7-b780-43c37a89e8eb:192.168.69.67:39683, 3d3aac8b-d4d1-454d-bf0c-88a180692893:192.168.69.67:34429], old=null
2019-10-18 07:54:19,049 [grpc-default-executor-3] INFO  impl.RaftServerImpl (RaftServerImpl.java:setRole(184)) - 6fa005cd-25d6-4e29-bda6-9462a060c098@group-BAC069DAEF17: changes role from  FOLLOWER to FOLLOWER at term 156 for recognizeCandidate:4b487190-7547-40c7-b780-43c37a89e8eb
2019-10-18 07:54:19,050 [grpc-default-executor-6] INFO  impl.RaftServerImpl (RaftServerImpl.java:setRole(184)) - 3d3aac8b-d4d1-454d-bf0c-88a180692893@group-BAC069DAEF17: changes role from  FOLLOWER to FOLLOWER at term 156 for recognizeCandidate:4b487190-7547-40c7-b780-43c37a89e8eb
2019-10-18 07:54:19,050 [grpc-default-executor-3] INFO  impl.RoleInfo (RoleInfo.java:shutdownFollowerState(121)) - 6fa005cd-25d6-4e29-bda6-9462a060c098: shutdown FollowerState
2019-10-18 07:54:19,050 [grpc-default-executor-6] INFO  impl.RoleInfo (RoleInfo.java:shutdownFollowerState(121)) - 3d3aac8b-d4d1-454d-bf0c-88a180692893: shutdown FollowerState
2019-10-18 07:54:19,050 [Thread-1320] INFO  impl.FollowerState (FollowerState.java:run(117)) - 6fa005cd-25d6-4e29-bda6-9462a060c098@group-BAC069DAEF17-FollowerState was interrupted: java.lang.InterruptedException: sleep interrupted
2019-10-18 07:54:19,050 [grpc-default-executor-3] INFO  impl.RoleInfo (RoleInfo.java:updateAndGet(143)) - 6fa005cd-25d6-4e29-bda6-9462a060c098: start FollowerState
2019-10-18 07:54:19,050 [Thread-1321] INFO  impl.FollowerState (FollowerState.java:run(117)) - 3d3aac8b-d4d1-454d-bf0c-88a180692893@group-BAC069DAEF17-FollowerState was interrupted: java.lang.InterruptedException: sleep interrupted
2019-10-18 07:54:19,050 [grpc-default-executor-6] INFO  impl.RoleInfo (RoleInfo.java:updateAndGet(143)) - 3d3aac8b-d4d1-454d-bf0c-88a180692893: start FollowerState
2019-10-18 07:54:19,064 [4b487190-7547-40c7-b780-43c37a89e8eb@group-BAC069DAEF17-LeaderElection152] INFO  impl.LeaderElection (LeaderElection.java:logAndReturn(56)) - 4b487190-7547-40c7-b780-43c37a89e8eb@group-BAC069DAEF17-LeaderElection152: Election TIMEOUT; received 0 response(s) [] and 0 exception(s); 4b487190-7547-40c7-b780-43c37a89e8eb@group-BAC069DAEF17:t156, leader=null, voted=4b487190-7547-40c7-b780-43c37a89e8eb, raftlog=4b487190-7547-40c7-b780-43c37a89e8eb@group-BAC069DAEF17-SegmentedRaftLog:OPENED:c-1,f-1,i0, conf=-1: [6fa005cd-25d6-4e29-bda6-9462a060c098:192.168.69.67:36093, 4b487190-7547-40c7-b780-43c37a89e8eb:192.168.69.67:39683, 3d3aac8b-d4d1-454d-bf0c-88a180692893:192.168.69.67:34429], old=null
2019-10-18 07:54:19,078 [4b487190-7547-40c7-b780-43c37a89e8eb@group-BAC069DAEF17-LeaderElection152] INFO  impl.LeaderElection (LeaderElection.java:askForVotes(178)) - 4b487190-7547-40c7-b780-43c37a89e8eb@group-BAC069DAEF17-LeaderElection152: begin an election at term 157 for -1: [6fa005cd-25d6-4e29-bda6-9462a060c098:192.168.69.67:36093, 4b487190-7547-40c7-b780-43c37a89e8eb:192.168.69.67:39683, 3d3aac8b-d4d1-454d-bf0c-88a180692893:192.168.69.67:34429], old=null
2019-10-18 07:54:19,080 [grpc-default-executor-6] INFO  impl.RaftServerImpl (RaftServerImpl.java:setRole(184)) - 6fa005cd-25d6-4e29-bda6-9462a060c098@group-BAC069DAEF17: changes role from  FOLLOWER to FOLLOWER at term 157 for recognizeCandidate:4b487190-7547-40c7-b780-43c37a89e8eb
2019-10-18 07:54:19,080 [grpc-default-executor-6] INFO  impl.RoleInfo (RoleInfo.java:shutdownFollowerState(121)) - 6fa005cd-25d6-4e29-bda6-9462a060c098: shutdown FollowerState
2019-10-18 07:54:19,081 [grpc-default-executor-6] INFO  impl.RoleInfo (RoleInfo.java:updateAndGet(143)) - 6fa005cd-25d6-4e29-bda6-9462a060c098: start FollowerState
2019-10-18 07:54:19,081 [grpc-default-executor-3] INFO  impl.RaftServerImpl (RaftServerImpl.java:setRole(184)) - 3d3aac8b-d4d1-454d-bf0c-88a180692893@group-BAC069DAEF17: changes role from  FOLLOWER to FOLLOWER at term 157 for recognizeCandidate:4b487190-7547-40c7-b780-43c37a89e8eb
2019-10-18 07:54:19,081 [grpc-default-executor-3] INFO  impl.RoleInfo (RoleInfo.java:shutdownFollowerState(121)) - 3d3aac8b-d4d1-454d-bf0c-88a180692893: shutdown FollowerState
2019-10-18 07:54:19,081 [Thread-1326] INFO  impl.FollowerState (FollowerState.java:run(117)) - 6fa005cd-25d6-4e29-bda6-9462a060c098@group-BAC069DAEF17-FollowerState was interrupted: java.lang.InterruptedException: sleep interrupted
2019-10-18 07:54:19,081 [Thread-1327] INFO  impl.FollowerState (FollowerState.java:run(117)) - 3d3aac8b-d4d1-454d-bf0c-88a180692893@group-BAC069DAEF17-FollowerState was interrupted: java.lang.InterruptedException: sleep interrupted
2019-10-18 07:54:19,081 [grpc-default-executor-3] INFO  impl.RoleInfo (RoleInfo.java:updateAndGet(143)) - 3d3aac8b-d4d1-454d-bf0c-88a180692893: start FollowerState
2019-10-18 07:54:19,104 [4b487190-7547-40c7-b780-43c37a89e8eb@group-BAC069DAEF17-LeaderElection152] INFO  impl.LeaderElection (LeaderElection.java:logAndReturn(56)) - 4b487190-7547-40c7-b780-43c37a89e8eb@group-BAC069DAEF17-LeaderElection152: Election REJECTED; received 2 response(s) [4b487190-7547-40c7-b780-43c37a89e8eb<-6fa005cd-25d6-4e29-bda6-9462a060c098#0:FAIL-t157, 4b487190-7547-40c7-b780-43c37a89e8eb<-3d3aac8b-d4d1-454d-bf0c-88a180692893#0:FAIL-t157] and 0 exception(s); 4b487190-7547-40c7-b780-43c37a89e8eb@group-BAC069DAEF17:t157, leader=null, voted=4b487190-7547-40c7-b780-43c37a89e8eb, raftlog=4b487190-7547-40c7-b780-43c37a89e8eb@group-BAC069DAEF17-SegmentedRaftLog:OPENED:c-1,f-1,i0, conf=-1: [6fa005cd-25d6-4e29-bda6-9462a060c098:192.168.69.67:36093, 4b487190-7547-40c7-b780-43c37a89e8eb:192.168.69.67:39683, 3d3aac8b-d4d1-454d-bf0c-88a180692893:192.168.69.67:34429], old=null
2019-10-18 07:54:19,104 [4b487190-7547-40c7-b780-43c37a89e8eb@group-BAC069DAEF17-LeaderElection152] INFO  impl.RaftServerImpl (RaftServerImpl.java:setRole(184)) - 4b487190-7547-40c7-b780-43c37a89e8eb@group-BAC069DAEF17: changes role from CANDIDATE to FOLLOWER at term 157 for DISCOVERED_A_NEW_TERM
2019-10-18 07:54:19,104 [4b487190-7547-40c7-b780-43c37a89e8eb@group-BAC069DAEF17-LeaderElection152] INFO  impl.RoleInfo (RoleInfo.java:shutdownLeaderElection(134)) - 4b487190-7547-40c7-b780-43c37a89e8eb: shutdown LeaderElection
2019-10-18 07:54:19,104 [4b487190-7547-40c7-b780-43c37a89e8eb@group-BAC069DAEF17-LeaderElection152] INFO  impl.RoleInfo (RoleInfo.java:updateAndGet(143)) - 4b487190-7547-40c7-b780-43c37a89e8eb: start FollowerState
2019-10-18 07:54:19,303 [Thread-1332] INFO  impl.FollowerState (FollowerState.java:run(108)) - 4b487190-7547-40c7-b780-43c37a89e8eb@group-BAC069DAEF17-FollowerState: change to CANDIDATE, lastRpcTime:198ms, electionTimeout:198ms
2019-10-18 07:54:19,303 [Thread-1332] INFO  impl.RoleInfo (RoleInfo.java:shutdownFollowerState(121)) - 4b487190-7547-40c7-b780-43c37a89e8eb: shutdown FollowerState
2019-10-18 07:54:19,303 [Thread-1332] INFO  impl.RaftServerImpl (RaftServerImpl.java:setRole(184)) - 4b487190-7547-40c7-b780-43c37a89e8eb@group-BAC069DAEF17: changes role from  FOLLOWER to CANDIDATE at term 157 for changeToCandidate
2019-10-18 07:54:19,303 [Thread-1332] INFO  impl.RoleInfo (RoleInfo.java:updateAndGet(143)) - 4b487190-7547-40c7-b780-43c37a89e8eb: start LeaderElection
2019-10-18 07:54:19,329 [4b487190-7547-40c7-b780-43c37a89e8eb@group-BAC069DAEF17-LeaderElection153] INFO  impl.LeaderElection (LeaderElection.java:askForVotes(178)) - 4b487190-7547-40c7-b780-43c37a89e8eb@group-BAC069DAEF17-LeaderElection153: begin an election at term 158 for -1: [6fa005cd-25d6-4e29-bda6-9462a060c098:192.168.69.67:36093, 4b487190-7547-40c7-b780-43c37a89e8eb:192.168.69.67:39683, 3d3aac8b-d4d1-454d-bf0c-88a180692893:192.168.69.67:34429], old=null
2019-10-18 07:54:19,332 [grpc-default-executor-3] INFO  impl.RaftServerImpl (RaftServerImpl.java:setRole(184)) - 6fa005cd-25d6-4e29-bda6-9462a060c098@group-BAC069DAEF17: changes role from  FOLLOWER to FOLLOWER at term 158 for recognizeCandidate:4b487190-7547-40c7-b780-43c37a89e8eb
2019-10-18 07:54:19,332 [grpc-default-executor-6] INFO  impl.RaftServerImpl (RaftServerImpl.java:setRole(184)) - 3d3aac8b-d4d1-454d-bf0c-88a180692893@group-BAC069DAEF17: changes role from  FOLLOWER to FOLLOWER at term 158 for recognizeCandidate:4b487190-7547-40c7-b780-43c37a89e8eb
2019-10-18 07:54:19,333 [grpc-default-executor-6] INFO  impl.RoleInfo (RoleInfo.java:shutdownFollowerState(121)) - 3d3aac8b-d4d1-454d-bf0c-88a180692893: shutdown FollowerState
2019-10-18 07:54:19,332 [grpc-default-executor-3] INFO  impl.RoleInfo (RoleInfo.java:shutdownFollowerState(121)) - 6fa005cd-25d6-4e29-bda6-9462a060c098: shutdown FollowerState
2019-10-18 07:54:19,333 [grpc-default-executor-6] INFO  impl.RoleInfo (RoleInfo.java:updateAndGet(143)) - 3d3aac8b-d4d1-454d-bf0c-88a180692893: start FollowerState
2019-10-18 07:54:19,333 [Thread-1331] INFO  impl.FollowerState (FollowerState.java:run(117)) - 3d3aac8b-d4d1-454d-bf0c-88a180692893@group-BAC069DAEF17-FollowerState was interrupted: java.lang.InterruptedException: sleep interrupted
2019-10-18 07:54:19,333 [grpc-default-executor-3] INFO  impl.RoleInfo (RoleInfo.java:updateAndGet(143)) - 6fa005cd-25d6-4e29-bda6-9462a060c098: start FollowerState
2019-10-18 07:54:19,333 [Thread-1330] INFO  impl.FollowerState (FollowerState.java:run(117)) - 6fa005cd-25d6-4e29-bda6-9462a060c098@group-BAC069DAEF17-FollowerState was interrupted: java.lang.InterruptedException: sleep interrupted
2019-10-18 07:54:19,359 [4b487190-7547-40c7-b780-43c37a89e8eb@group-BAC069DAEF17-LeaderElection153] INFO  impl.LeaderElection (LeaderElection.java:logAndReturn(56)) - 4b487190-7547-40c7-b780-43c37a89e8eb@group-BAC069DAEF17-LeaderElection153: Election REJECTED; received 2 response(s) [4b487190-7547-40c7-b780-43c37a89e8eb<-6fa005cd-25d6-4e29-bda6-9462a060c098#0:FAIL-t158, 4b487190-7547-40c7-b780-43c37a89e8eb<-3d3aac8b-d4d1-454d-bf0c-88a180692893#0:FAIL-t158] and 0 exception(s); 4b487190-7547-40c7-b780-43c37a89e8eb@group-BAC069DAEF17:t158, leader=null, voted=4b487190-7547-40c7-b780-43c37a89e8eb, raftlog=4b487190-7547-40c7-b780-43c37a89e8eb@group-BAC069DAEF17-SegmentedRaftLog:OPENED:c-1,f-1,i0, conf=-1: [6fa005cd-25d6-4e29-bda6-9462a060c098:192.168.69.67:36093, 4b487190-7547-40c7-b780-43c37a89e8eb:192.168.69.67:39683, 3d3aac8b-d4d1-454d-bf0c-88a180692893:192.168.69.67:34429], old=null
2019-10-18 07:54:19,359 [4b487190-7547-40c7-b780-43c37a89e8eb@group-BAC069DAEF17-LeaderElection153] INFO  impl.RaftServerImpl (RaftServerImpl.java:setRole(184)) - 4b487190-7547-40c7-b780-43c37a89e8eb@group-BAC069DAEF17: changes role from CANDIDATE to FOLLOWER at term 158 for DISCOVERED_A_NEW_TERM
2019-10-18 07:54:19,359 [4b487190-7547-40c7-b780-43c37a89e8eb@group-BAC069DAEF17-LeaderElection153] INFO  impl.RoleInfo (RoleInfo.java:shutdownLeaderElection(134)) - 4b487190-7547-40c7-b780-43c37a89e8eb: shutdown LeaderElection
2019-10-18 07:54:19,359 [4b487190-7547-40c7-b780-43c37a89e8eb@group-BAC069DAEF17-LeaderElection153] INFO  impl.RoleInfo (RoleInfo.java:updateAndGet(143)) - 4b487190-7547-40c7-b780-43c37a89e8eb: start FollowerState
2019-10-18 07:54:19,467 [Thread-1338] INFO  impl.FollowerState (FollowerState.java:run(108)) - 4b487190-7547-40c7-b780-43c37a89e8eb@group-BAC069DAEF17-FollowerState: change to CANDIDATE, lastRpcTime:107ms, electionTimeout:107ms
2019-10-18 07:54:19,467 [Thread-1338] INFO  impl.RoleInfo (RoleInfo.java:shutdownFollowerState(121)) - 4b487190-7547-40c7-b780-43c37a89e8eb: shutdown FollowerState
2019-10-18 07:54:19,467 [Thread-1338] INFO  impl.RaftServerImpl (RaftServerImpl.java:setRole(184)) - 4b487190-7547-40c7-b780-43c37a89e8eb@group-BAC069DAEF17: changes role from  FOLLOWER to CANDIDATE at term 158 for changeToCandidate
2019-10-18 07:54:19,467 [Thread-1338] INFO  impl.RoleInfo (RoleInfo.java:updateAndGet(143)) - 4b487190-7547-40c7-b780-43c37a89e8eb: start LeaderElection
2019-10-18 07:54:19,509 [4b487190-7547-40c7-b780-43c37a89e8eb@group-BAC069DAEF17-LeaderElection154] INFO  impl.LeaderElection (LeaderElection.java:askForVotes(178)) - 4b487190-7547-40c7-b780-43c37a89e8eb@group-BAC069DAEF17-LeaderElection154: begin an election at term 159 for -1: [6fa005cd-25d6-4e29-bda6-9462a060c098:192.168.69.67:36093, 4b487190-7547-40c7-b780-43c37a89e8eb:192.168.69.67:39683, 3d3aac8b-d4d1-454d-bf0c-88a180692893:192.168.69.67:34429], old=null
2019-10-18 07:54:19,512 [grpc-default-executor-6] INFO  impl.RaftServerImpl (RaftServerImpl.java:setRole(184)) - 6fa005cd-25d6-4e29-bda6-9462a060c098@group-BAC069DAEF17: changes role from  FOLLOWER to FOLLOWER at term 159 for recognizeCandidate:4b487190-7547-40c7-b780-43c37a89e8eb
2019-10-18 07:54:19,512 [grpc-default-executor-6] INFO  impl.RoleInfo (RoleInfo.java:shutdownFollowerState(121)) - 6fa005cd-25d6-4e29-bda6-9462a060c098: shutdown FollowerState
2019-10-18 07:54:19,512 [grpc-default-executor-3] INFO  impl.RaftServerImpl (RaftServerImpl.java:setRole(184)) - 3d3aac8b-d4d1-454d-bf0c-88a180692893@group-BAC069DAEF17: changes role from  FOLLOWER to FOLLOWER at term 159 for recognizeCandidate:4b487190-7547-40c7-b780-43c37a89e8eb
2019-10-18 07:54:19,513 [Thread-1337] INFO  impl.FollowerState (FollowerState.java:run(117)) - 6fa005cd-25d6-4e29-bda6-9462a060c098@group-BAC069DAEF17-FollowerState was interrupted: java.lang.InterruptedException: sleep interrupted
2019-10-18 07:54:19,513 [grpc-default-executor-6] INFO  impl.RoleInfo (RoleInfo.java:updateAndGet(143)) - 6fa005cd-25d6-4e29-bda6-9462a060c098: start FollowerState
2019-10-18 07:54:19,513 [grpc-default-executor-3] INFO  impl.RoleInfo (RoleInfo.java:shutdownFollowerState(121)) - 3d3aac8b-d4d1-454d-bf0c-88a180692893: shutdown FollowerState
2019-10-18 07:54:19,513 [grpc-default-executor-3] INFO  impl.RoleInfo (RoleInfo.java:updateAndGet(143)) - 3d3aac8b-d4d1-454d-bf0c-88a180692893: start FollowerState
2019-10-18 07:54:19,513 [Thread-1336] INFO  impl.FollowerState (FollowerState.java:run(117)) - 3d3aac8b-d4d1-454d-bf0c-88a180692893@group-BAC069DAEF17-FollowerState was interrupted: java.lang.InterruptedException: sleep interrupted
2019-10-18 07:54:19,519 [4b487190-7547-40c7-b780-43c37a89e8eb@group-BAC069DAEF17-LeaderElection154] INFO  impl.LeaderElection (LeaderElection.java:logAndReturn(56)) - 4b487190-7547-40c7-b780-43c37a89e8eb@group-BAC069DAEF17-LeaderElection154: Election REJECTED; received 2 response(s) [4b487190-7547-40c7-b780-43c37a89e8eb<-6fa005cd-25d6-4e29-bda6-9462a060c098#0:FAIL-t159, 4b487190-7547-40c7-b780-43c37a89e8eb<-3d3aac8b-d4d1-454d-bf0c-88a180692893#0:FAIL-t159] and 0 exception(s); 4b487190-7547-40c7-b780-43c37a89e8eb@group-BAC069DAEF17:t159, leader=null, voted=4b487190-7547-40c7-b780-43c37a89e8eb, raftlog=4b487190-7547-40c7-b780-43c37a89e8eb@group-BAC069DAEF17-SegmentedRaftLog:OPENED:c-1,f-1,i0, conf=-1: [6fa005cd-25d6-4e29-bda6-9462a060c098:192.168.69.67:36093, 4b487190-7547-40c7-b780-43c37a89e8eb:192.168.69.67:39683, 3d3aac8b-d4d1-454d-bf0c-88a180692893:192.168.69.67:34429], old=null
2019-10-18 07:54:19,519 [4b487190-7547-40c7-b780-43c37a89e8eb@group-BAC069DAEF17-LeaderElection154] INFO  impl.RaftServerImpl (RaftServerImpl.java:setRole(184)) - 4b487190-7547-40c7-b780-43c37a89e8eb@group-BAC069DAEF17: changes role from CANDIDATE to FOLLOWER at term 159 for DISCOVERED_A_NEW_TERM
2019-10-18 07:54:19,519 [4b487190-7547-40c7-b780-43c37a89e8eb@group-BAC069DAEF17-LeaderElection154] INFO  impl.RoleInfo (RoleInfo.java:shutdownLeaderElection(134)) - 4b487190-7547-40c7-b780-43c37a89e8eb: shutdown LeaderElection
2019-10-18 07:54:19,519 [4b487190-7547-40c7-b780-43c37a89e8eb@group-BAC069DAEF17-LeaderElection154] INFO  impl.RoleInfo (RoleInfo.java:updateAndGet(143)) - 4b487190-7547-40c7-b780-43c37a89e8eb: start FollowerState
2019-10-18 07:54:19,523 [Thread-1344] INFO  impl.FollowerState (FollowerState.java:run(108)) - 4b487190-7547-40c7-b780-43c37a89e8eb@group-BAC069DAEF17-FollowerState: change to CANDIDATE, lastRpcTime:3ms, electionTimeout:3ms
2019-10-18 07:54:19,523 [Thread-1344] INFO  impl.RoleInfo (RoleInfo.java:shutdownFollowerState(121)) - 4b487190-7547-40c7-b780-43c37a89e8eb: shutdown FollowerState
2019-10-18 07:54:19,523 [Thread-1344] INFO  impl.RaftServerImpl (RaftServerImpl.java:setRole(184)) - 4b487190-7547-40c7-b780-43c37a89e8eb@group-BAC069DAEF17: changes role from  FOLLOWER to CANDIDATE at term 159 for changeToCandidate
2019-10-18 07:54:19,523 [Thread-1344] INFO  impl.RoleInfo (RoleInfo.java:updateAndGet(143)) - 4b487190-7547-40c7-b780-43c37a89e8eb: start LeaderElection
2019-10-18 07:54:19,527 [4b487190-7547-40c7-b780-43c37a89e8eb@group-BAC069DAEF17-LeaderElection155] INFO  impl.LeaderElection (LeaderElection.java:askForVotes(178)) - 4b487190-7547-40c7-b780-43c37a89e8eb@group-BAC069DAEF17-LeaderElection155: begin an election at term 160 for -1: [6fa005cd-25d6-4e29-bda6-9462a060c098:192.168.69.67:36093, 4b487190-7547-40c7-b780-43c37a89e8eb:192.168.69.67:39683, 3d3aac8b-d4d1-454d-bf0c-88a180692893:192.168.69.67:34429], old=null
2019-10-18 07:54:19,529 [grpc-default-executor-3] INFO  impl.RaftServerImpl (RaftServerImpl.java:setRole(184)) - 3d3aac8b-d4d1-454d-bf0c-88a180692893@group-BAC069DAEF17: changes role from  FOLLOWER to FOLLOWER at term 160 for recognizeCandidate:4b487190-7547-40c7-b780-43c37a89e8eb
2019-10-18 07:54:19,529 [grpc-default-executor-6] INFO  impl.RaftServerImpl (RaftServerImpl.java:setRole(184)) - 6fa005cd-25d6-4e29-bda6-9462a060c098@group-BAC069DAEF17: changes role from  FOLLOWER to FOLLOWER at term 160 for recognizeCandidate:4b487190-7547-40c7-b780-43c37a89e8eb
2019-10-18 07:54:19,530 [grpc-default-executor-6] INFO  impl.RoleInfo (RoleInfo.java:shutdownFollowerState(121)) - 6fa005cd-25d6-4e29-bda6-9462a060c098: shutdown FollowerState
2019-10-18 07:54:19,530 [grpc-default-executor-3] INFO  impl.RoleInfo (RoleInfo.java:shutdownFollowerState(121)) - 3d3aac8b-d4d1-454d-bf0c-88a180692893: shutdown FollowerState
2019-10-18 07:54:19,530 [Thread-1342] INFO  impl.FollowerState (FollowerState.java:run(117)) - 6fa005cd-25d6-4e29-bda6-9462a060c098@group-BAC069DAEF17-FollowerState was interrupted: java.lang.InterruptedException: sleep interrupted
2019-10-18 07:54:19,530 [grpc-default-executor-6] INFO  impl.RoleInfo (RoleInfo.java:updateAndGet(143)) - 6fa005cd-25d6-4e29-bda6-9462a060c098: start FollowerState
2019-10-18 07:54:19,530 [Thread-1343] INFO  impl.FollowerState (FollowerState.java:run(117)) - 3d3aac8b-d4d1-454d-bf0c-88a180692893@group-BAC069DAEF17-FollowerState was interrupted: java.lang.InterruptedException: sleep interrupted
2019-10-18 07:54:19,530 [grpc-default-executor-3] INFO  impl.RoleInfo (RoleInfo.java:updateAndGet(143)) - 3d3aac8b-d4d1-454d-bf0c-88a180692893: start FollowerState
2019-10-18 07:54:19,540 [4b487190-7547-40c7-b780-43c37a89e8eb@group-BAC069DAEF17-LeaderElection155] INFO  impl.LeaderElection (LeaderElection.java:logAndReturn(56)) - 4b487190-7547-40c7-b780-43c37a89e8eb@group-BAC069DAEF17-LeaderElection155: Election REJECTED; received 2 response(s) [4b487190-7547-40c7-b780-43c37a89e8eb<-6fa005cd-25d6-4e29-bda6-9462a060c098#0:FAIL-t160, 4b487190-7547-40c7-b780-43c37a89e8eb<-3d3aac8b-d4d1-454d-bf0c-88a180692893#0:FAIL-t160] and 0 exception(s); 4b487190-7547-40c7-b780-43c37a89e8eb@group-BAC069DAEF17:t160, leader=null, voted=4b487190-7547-40c7-b780-43c37a89e8eb, raftlog=4b487190-7547-40c7-b780-43c37a89e8eb@group-BAC069DAEF17-SegmentedRaftLog:OPENED:c-1,f-1,i0, conf=-1: [6fa005cd-25d6-4e29-bda6-9462a060c098:192.168.69.67:36093, 4b487190-7547-40c7-b780-43c37a89e8eb:192.168.69.67:39683, 3d3aac8b-d4d1-454d-bf0c-88a180692893:192.168.69.67:34429], old=null
2019-10-18 07:54:19,540 [4b487190-7547-40c7-b780-43c37a89e8eb@group-BAC069DAEF17-LeaderElection155] INFO  impl.RaftServerImpl (RaftServerImpl.java:setRole(184)) - 4b487190-7547-40c7-b780-43c37a89e8eb@group-BAC069DAEF17: changes role from CANDIDATE to FOLLOWER at term 160 for DISCOVERED_A_NEW_TERM
2019-10-18 07:54:19,540 [4b487190-7547-40c7-b780-43c37a89e8eb@group-BAC069DAEF17-LeaderElection155] INFO  impl.RoleInfo (RoleInfo.java:shutdownLeaderElection(134)) - 4b487190-7547-40c7-b780-43c37a89e8eb: shutdown LeaderElection
2019-10-18 07:54:19,540 [4b487190-7547-40c7-b780-43c37a89e8eb@group-BAC069DAEF17-LeaderElection155] INFO  impl.RoleInfo (RoleInfo.java:updateAndGet(143)) - 4b487190-7547-40c7-b780-43c37a89e8eb: start FollowerState
2019-10-18 07:54:19,688 [Thread-1350] INFO  impl.FollowerState (FollowerState.java:run(108)) - 4b487190-7547-40c7-b780-43c37a89e8eb@group-BAC069DAEF17-FollowerState: change to CANDIDATE, lastRpcTime:147ms, electionTimeout:147ms
2019-10-18 07:54:19,688 [Thread-1350] INFO  impl.RoleInfo (RoleInfo.java:shutdownFollowerState(121)) - 4b487190-7547-40c7-b780-43c37a89e8eb: shutdown FollowerState
2019-10-18 07:54:19,688 [Thread-1350] INFO  impl.RaftServerImpl (RaftServerImpl.java:setRole(184)) - 4b487190-7547-40c7-b780-43c37a89e8eb@group-BAC069DAEF17: changes role from  FOLLOWER to CANDIDATE at term 160 for changeToCandidate
2019-10-18 07:54:19,689 [Thread-1350] INFO  impl.RoleInfo (RoleInfo.java:updateAndGet(143)) - 4b487190-7547-40c7-b780-43c37a89e8eb: start LeaderElection
2019-10-18 07:54:19,701 [4b487190-7547-40c7-b780-43c37a89e8eb@group-BAC069DAEF17-LeaderElection156] INFO  impl.LeaderElection (LeaderElection.java:askForVotes(178)) - 4b487190-7547-40c7-b780-43c37a89e8eb@group-BAC069DAEF17-LeaderElection156: begin an election at term 161 for -1: [6fa005cd-25d6-4e29-bda6-9462a060c098:192.168.69.67:36093, 4b487190-7547-40c7-b780-43c37a89e8eb:192.168.69.67:39683, 3d3aac8b-d4d1-454d-bf0c-88a180692893:192.168.69.67:34429], old=null
2019-10-18 07:54:19,704 [grpc-default-executor-6] INFO  impl.RaftServerImpl (RaftServerImpl.java:setRole(184)) - 6fa005cd-25d6-4e29-bda6-9462a060c098@group-BAC069DAEF17: changes role from  FOLLOWER to FOLLOWER at term 161 for recognizeCandidate:4b487190-7547-40c7-b780-43c37a89e8eb
2019-10-18 07:54:19,704 [grpc-default-executor-3] INFO  impl.RaftServerImpl (RaftServerImpl.java:setRole(184)) - 3d3aac8b-d4d1-454d-bf0c-88a180692893@group-BAC069DAEF17: changes role from  FOLLOWER to FOLLOWER at term 161 for recognizeCandidate:4b487190-7547-40c7-b780-43c37a89e8eb
2019-10-18 07:54:19,704 [grpc-default-executor-6] INFO  impl.RoleInfo (RoleInfo.java:shutdownFollowerState(121)) - 6fa005cd-25d6-4e29-bda6-9462a060c098: shutdown FollowerState
2019-10-18 07:54:19,704 [grpc-default-executor-3] INFO  impl.RoleInfo (RoleInfo.java:shutdownFollowerState(121)) - 3d3aac8b-d4d1-454d-bf0c-88a180692893: shutdown FollowerState
2019-10-18 07:54:19,704 [Thread-1348] INFO  impl.FollowerState (FollowerState.java:run(117)) - 6fa005cd-25d6-4e29-bda6-9462a060c098@group-BAC069DAEF17-FollowerState was interrupted: java.lang.InterruptedException: sleep interrupted
2019-10-18 07:54:19,704 [grpc-default-executor-6] INFO  impl.RoleInfo (RoleInfo.java:updateAndGet(143)) - 6fa005cd-25d6-4e29-bda6-9462a060c098: start FollowerState
2019-10-18 07:54:19,704 [Thread-1349] INFO  impl.FollowerState (FollowerState.java:run(117)) - 3d3aac8b-d4d1-454d-bf0c-88a180692893@group-BAC069DAEF17-FollowerState was interrupted: java.lang.InterruptedException: sleep interrupted
2019-10-18 07:54:19,704 [grpc-default-executor-3] INFO  impl.RoleInfo (RoleInfo.java:updateAndGet(143)) - 3d3aac8b-d4d1-454d-bf0c-88a180692893: start FollowerState
2019-10-18 07:54:19,727 [4b487190-7547-40c7-b780-43c37a89e8eb@group-BAC069DAEF17-LeaderElection156] INFO  impl.LeaderElection (LeaderElection.java:logAndReturn(56)) - 4b487190-7547-40c7-b780-43c37a89e8eb@group-BAC069DAEF17-LeaderElection156: Election REJECTED; received 2 response(s) [4b487190-7547-40c7-b780-43c37a89e8eb<-6fa005cd-25d6-4e29-bda6-9462a060c098#0:FAIL-t161, 4b487190-7547-40c7-b780-43c37a89e8eb<-3d3aac8b-d4d1-454d-bf0c-88a180692893#0:FAIL-t161] and 0 exception(s); 4b487190-7547-40c7-b780-43c37a89e8eb@group-BAC069DAEF17:t161, leader=null, voted=4b487190-7547-40c7-b780-43c37a89e8eb, raftlog=4b487190-7547-40c7-b780-43c37a89e8eb@group-BAC069DAEF17-SegmentedRaftLog:OPENED:c-1,f-1,i0, conf=-1: [6fa005cd-25d6-4e29-bda6-9462a060c098:192.168.69.67:36093, 4b487190-7547-40c7-b780-43c37a89e8eb:192.168.69.67:39683, 3d3aac8b-d4d1-454d-bf0c-88a180692893:192.168.69.67:34429], old=null
2019-10-18 07:54:19,727 [4b487190-7547-40c7-b780-43c37a89e8eb@group-BAC069DAEF17-LeaderElection156] INFO  impl.RaftServerImpl (RaftServerImpl.java:setRole(184)) - 4b487190-7547-40c7-b780-43c37a89e8eb@group-BAC069DAEF17: changes role from CANDIDATE to FOLLOWER at term 161 for DISCOVERED_A_NEW_TERM
2019-10-18 07:54:19,727 [4b487190-7547-40c7-b780-43c37a89e8eb@group-BAC069DAEF17-LeaderElection156] INFO  impl.RoleInfo (RoleInfo.java:shutdownLeaderElection(134)) - 4b487190-7547-40c7-b780-43c37a89e8eb: shutdown LeaderElection
2019-10-18 07:54:19,727 [4b487190-7547-40c7-b780-43c37a89e8eb@group-BAC069DAEF17-LeaderElection156] INFO  impl.RoleInfo (RoleInfo.java:updateAndGet(143)) - 4b487190-7547-40c7-b780-43c37a89e8eb: start FollowerState
2019-10-18 07:54:19,874 [Thread-1356] INFO  impl.FollowerState (FollowerState.java:run(108)) - 4b487190-7547-40c7-b780-43c37a89e8eb@group-BAC069DAEF17-FollowerState: change to CANDIDATE, lastRpcTime:146ms, electionTimeout:146ms
2019-10-18 07:54:19,874 [Thread-1356] INFO  impl.RoleInfo (RoleInfo.java:shutdownFollowerState(121)) - 4b487190-7547-40c7-b780-43c37a89e8eb: shutdown FollowerState
2019-10-18 07:54:19,874 [Thread-1356] INFO  impl.RaftServerImpl (RaftServerImpl.java:setRole(184)) - 4b487190-7547-40c7-b780-43c37a89e8eb@group-BAC069DAEF17: changes role from  FOLLOWER to CANDIDATE at term 161 for changeToCandidate
2019-10-18 07:54:19,884 [Thread-1356] INFO  impl.RoleInfo (RoleInfo.java:updateAndGet(143)) - 4b487190-7547-40c7-b780-43c37a89e8eb: start LeaderElection
2019-10-18 07:54:19,910 [4b487190-7547-40c7-b780-43c37a89e8eb@group-BAC069DAEF17-LeaderElection157] INFO  impl.LeaderElection (LeaderElection.java:askForVotes(178)) - 4b487190-7547-40c7-b780-43c37a89e8eb@group-BAC069DAEF17-LeaderElection157: begin an election at term 162 for -1: [6fa005cd-25d6-4e29-bda6-9462a060c098:192.168.69.67:36093, 4b487190-7547-40c7-b780-43c37a89e8eb:192.168.69.67:39683, 3d3aac8b-d4d1-454d-bf0c-88a180692893:192.168.69.67:34429], old=null
2019-10-18 07:54:19,912 [grpc-default-executor-6] INFO  impl.RaftServerImpl (RaftServerImpl.java:setRole(184)) - 3d3aac8b-d4d1-454d-bf0c-88a180692893@group-BAC069DAEF17: changes role from  FOLLOWER to FOLLOWER at term 162 for recognizeCandidate:4b487190-7547-40c7-b780-43c37a89e8eb
2019-10-18 07:54:19,913 [grpc-default-executor-6] INFO  impl.RoleInfo (RoleInfo.java:shutdownFollowerState(121)) - 3d3aac8b-d4d1-454d-bf0c-88a180692893: shutdown FollowerState
2019-10-18 07:54:19,922 [grpc-default-executor-6] INFO  impl.RoleInfo (RoleInfo.java:updateAndGet(143)) - 3d3aac8b-d4d1-454d-bf0c-88a180692893: start FollowerState
2019-10-18 07:54:19,922 [Thread-1355] INFO  impl.FollowerState (FollowerState.java:run(117)) - 3d3aac8b-d4d1-454d-bf0c-88a180692893@group-BAC069DAEF17-FollowerState was interrupted: java.lang.InterruptedException: sleep interrupted
2019-10-18 07:54:19,923 [grpc-default-executor-3] INFO  impl.RaftServerImpl (RaftServerImpl.java:setRole(184)) - 6fa005cd-25d6-4e29-bda6-9462a060c098@group-BAC069DAEF17: changes role from  FOLLOWER to FOLLOWER at term 162 for recognizeCandidate:4b487190-7547-40c7-b780-43c37a89e8eb
2019-10-18 07:54:19,923 [grpc-default-executor-3] INFO  impl.RoleInfo (RoleInfo.java:shutdownFollowerState(121)) - 6fa005cd-25d6-4e29-bda6-9462a060c098: shutdown FollowerState
2019-10-18 07:54:19,923 [grpc-default-executor-3] INFO  impl.RoleInfo (RoleInfo.java:updateAndGet(143)) - 6fa005cd-25d6-4e29-bda6-9462a060c098: start FollowerState
2019-10-18 07:54:19,923 [Thread-1354] INFO  impl.FollowerState (FollowerState.java:run(117)) - 6fa005cd-25d6-4e29-bda6-9462a060c098@group-BAC069DAEF17-FollowerState was interrupted: java.lang.InterruptedException: sleep interrupted
2019-10-18 07:54:19,939 [4b487190-7547-40c7-b780-43c37a89e8eb@group-BAC069DAEF17-LeaderElection157] INFO  impl.LeaderElection (LeaderElection.java:logAndReturn(56)) - 4b487190-7547-40c7-b780-43c37a89e8eb@group-BAC069DAEF17-LeaderElection157: Election REJECTED; received 2 response(s) [4b487190-7547-40c7-b780-43c37a89e8eb<-6fa005cd-25d6-4e29-bda6-9462a060c098#0:FAIL-t162, 4b487190-7547-40c7-b780-43c37a89e8eb<-3d3aac8b-d4d1-454d-bf0c-88a180692893#0:FAIL-t162] and 0 exception(s); 4b487190-7547-40c7-b780-43c37a89e8eb@group-BAC069DAEF17:t162, leader=null, voted=4b487190-7547-40c7-b780-43c37a89e8eb, raftlog=4b487190-7547-40c7-b780-43c37a89e8eb@group-BAC069DAEF17-SegmentedRaftLog:OPENED:c-1,f-1,i0, conf=-1: [6fa005cd-25d6-4e29-bda6-9462a060c098:192.168.69.67:36093, 4b487190-7547-40c7-b780-43c37a89e8eb:192.168.69.67:39683, 3d3aac8b-d4d1-454d-bf0c-88a180692893:192.168.69.67:34429], old=null
2019-10-18 07:54:19,939 [4b487190-7547-40c7-b780-43c37a89e8eb@group-BAC069DAEF17-LeaderElection157] INFO  impl.RaftServerImpl (RaftServerImpl.java:setRole(184)) - 4b487190-7547-40c7-b780-43c37a89e8eb@group-BAC069DAEF17: changes role from CANDIDATE to FOLLOWER at term 162 for DISCOVERED_A_NEW_TERM
2019-10-18 07:54:19,939 [4b487190-7547-40c7-b780-43c37a89e8eb@group-BAC069DAEF17-LeaderElection157] INFO  impl.RoleInfo (RoleInfo.java:shutdownLeaderElection(134)) - 4b487190-7547-40c7-b780-43c37a89e8eb: shutdown LeaderElection
2019-10-18 07:54:19,939 [4b487190-7547-40c7-b780-43c37a89e8eb@group-BAC069DAEF17-LeaderElection157] INFO  impl.RoleInfo (RoleInfo.java:updateAndGet(143)) - 4b487190-7547-40c7-b780-43c37a89e8eb: start FollowerState
2019-10-18 07:54:20,140 [Thread-1362] INFO  impl.FollowerState (FollowerState.java:run(108)) - 4b487190-7547-40c7-b780-43c37a89e8eb@group-BAC069DAEF17-FollowerState: change to CANDIDATE, lastRpcTime:200ms, electionTimeout:200ms
2019-10-18 07:54:20,140 [Thread-1362] INFO  impl.RoleInfo (RoleInfo.java:shutdownFollowerState(121)) - 4b487190-7547-40c7-b780-43c37a89e8eb: shutdown FollowerState
2019-10-18 07:54:20,140 [Thread-1362] INFO  impl.RaftServerImpl (RaftServerImpl.java:setRole(184)) - 4b487190-7547-40c7-b780-43c37a89e8eb@group-BAC069DAEF17: changes role from  FOLLOWER to CANDIDATE at term 162 for changeToCandidate
2019-10-18 07:54:20,141 [Thread-1362] INFO  impl.RoleInfo (RoleInfo.java:updateAndGet(143)) - 4b487190-7547-40c7-b780-43c37a89e8eb: start LeaderElection
2019-10-18 07:54:20,165 [4b487190-7547-40c7-b780-43c37a89e8eb@group-BAC069DAEF17-LeaderElection158] INFO  impl.LeaderElection (LeaderElection.java:askForVotes(178)) - 4b487190-7547-40c7-b780-43c37a89e8eb@group-BAC069DAEF17-LeaderElection158: begin an election at term 163 for -1: [6fa005cd-25d6-4e29-bda6-9462a060c098:192.168.69.67:36093, 4b487190-7547-40c7-b780-43c37a89e8eb:192.168.69.67:39683, 3d3aac8b-d4d1-454d-bf0c-88a180692893:192.168.69.67:34429], old=null
2019-10-18 07:54:20,168 [grpc-default-executor-3] INFO  impl.RaftServerImpl (RaftServerImpl.java:setRole(184)) - 3d3aac8b-d4d1-454d-bf0c-88a180692893@group-BAC069DAEF17: changes role from  FOLLOWER to FOLLOWER at term 163 for recognizeCandidate:4b487190-7547-40c7-b780-43c37a89e8eb
2019-10-18 07:54:20,169 [grpc-default-executor-3] INFO  impl.RoleInfo (RoleInfo.java:shutdownFollowerState(121)) - 3d3aac8b-d4d1-454d-bf0c-88a180692893: shutdown FollowerState
2019-10-18 07:54:20,168 [grpc-default-executor-6] INFO  impl.RaftServerImpl (RaftServerImpl.java:setRole(184)) - 6fa005cd-25d6-4e29-bda6-9462a060c098@group-BAC069DAEF17: changes role from  FOLLOWER to FOLLOWER at term 163 for recognizeCandidate:4b487190-7547-40c7-b780-43c37a89e8eb
2019-10-18 07:54:20,169 [Thread-1360] INFO  impl.FollowerState (FollowerState.java:run(117)) - 3d3aac8b-d4d1-454d-bf0c-88a180692893@group-BAC069DAEF17-FollowerState was interrupted: java.lang.InterruptedException: sleep interrupted
2019-10-18 07:54:20,169 [grpc-default-executor-3] INFO  impl.RoleInfo (RoleInfo.java:updateAndGet(143)) - 3d3aac8b-d4d1-454d-bf0c-88a180692893: start FollowerState
2019-10-18 07:54:20,169 [grpc-default-executor-6] INFO  impl.RoleInfo (RoleInfo.java:shutdownFollowerState(121)) - 6fa005cd-25d6-4e29-bda6-9462a060c098: shutdown FollowerState
2019-10-18 07:54:20,170 [grpc-default-executor-6] INFO  impl.RoleInfo (RoleInfo.java:updateAndGet(143)) - 6fa005cd-25d6-4e29-bda6-9462a060c098: start FollowerState
2019-10-18 07:54:20,170 [Thread-1361] INFO  impl.FollowerState (FollowerState.java:run(117)) - 6fa005cd-25d6-4e29-bda6-9462a060c098@group-BAC069DAEF17-FollowerState was interrupted: java.lang.InterruptedException: sleep interrupted
2019-10-18 07:54:20,196 [4b487190-7547-40c7-b780-43c37a89e8eb@group-BAC069DAEF17-LeaderElection158] INFO  impl.LeaderElection (LeaderElection.java:logAndReturn(56)) - 4b487190-7547-40c7-b780-43c37a89e8eb@group-BAC069DAEF17-LeaderElection158: Election REJECTED; received 2 response(s) [4b487190-7547-40c7-b780-43c37a89e8eb<-6fa005cd-25d6-4e29-bda6-9462a060c098#0:FAIL-t163, 4b487190-7547-40c7-b780-43c37a89e8eb<-3d3aac8b-d4d1-454d-bf0c-88a180692893#0:FAIL-t163] and 0 exception(s); 4b487190-7547-40c7-b780-43c37a89e8eb@group-BAC069DAEF17:t163, leader=null, voted=4b487190-7547-40c7-b780-43c37a89e8eb, raftlog=4b487190-7547-40c7-b780-43c37a89e8eb@group-BAC069DAEF17-SegmentedRaftLog:OPENED:c-1,f-1,i0, conf=-1: [6fa005cd-25d6-4e29-bda6-9462a060c098:192.168.69.67:36093, 4b487190-7547-40c7-b780-43c37a89e8eb:192.168.69.67:39683, 3d3aac8b-d4d1-454d-bf0c-88a180692893:192.168.69.67:34429], old=null
2019-10-18 07:54:20,196 [4b487190-7547-40c7-b780-43c37a89e8eb@group-BAC069DAEF17-LeaderElection158] INFO  impl.RaftServerImpl (RaftServerImpl.java:setRole(184)) - 4b487190-7547-40c7-b780-43c37a89e8eb@group-BAC069DAEF17: changes role from CANDIDATE to FOLLOWER at term 163 for DISCOVERED_A_NEW_TERM
2019-10-18 07:54:20,196 [4b487190-7547-40c7-b780-43c37a89e8eb@group-BAC069DAEF17-LeaderElection158] INFO  impl.RoleInfo (RoleInfo.java:shutdownLeaderElection(134)) - 4b487190-7547-40c7-b780-43c37a89e8eb: shutdown LeaderElection
2019-10-18 07:54:20,196 [4b487190-7547-40c7-b780-43c37a89e8eb@group-BAC069DAEF17-LeaderElection158] INFO  impl.RoleInfo (RoleInfo.java:updateAndGet(143)) - 4b487190-7547-40c7-b780-43c37a89e8eb: start FollowerState
2019-10-18 07:54:20,372 [Thread-1368] INFO  impl.FollowerState (FollowerState.java:run(108)) - 4b487190-7547-40c7-b780-43c37a89e8eb@group-BAC069DAEF17-FollowerState: change to CANDIDATE, lastRpcTime:175ms, electionTimeout:175ms
2019-10-18 07:54:20,372 [Thread-1368] INFO  impl.RoleInfo (RoleInfo.java:shutdownFollowerState(121)) - 4b487190-7547-40c7-b780-43c37a89e8eb: shutdown FollowerState
2019-10-18 07:54:20,372 [Thread-1368] INFO  impl.RaftServerImpl (RaftServerImpl.java:setRole(184)) - 4b487190-7547-40c7-b780-43c37a89e8eb@group-BAC069DAEF17: changes role from  FOLLOWER to CANDIDATE at term 163 for changeToCandidate
2019-10-18 07:54:20,372 [Thread-1368] INFO  impl.RoleInfo (RoleInfo.java:updateAndGet(143)) - 4b487190-7547-40c7-b780-43c37a89e8eb: start LeaderElection
2019-10-18 07:54:20,394 [4b487190-7547-40c7-b780-43c37a89e8eb@group-BAC069DAEF17-LeaderElection159] INFO  impl.LeaderElection (LeaderElection.java:askForVotes(178)) - 4b487190-7547-40c7-b780-43c37a89e8eb@group-BAC069DAEF17-LeaderElection159: begin an election at term 164 for -1: [6fa005cd-25d6-4e29-bda6-9462a060c098:192.168.69.67:36093, 4b487190-7547-40c7-b780-43c37a89e8eb:192.168.69.67:39683, 3d3aac8b-d4d1-454d-bf0c-88a180692893:192.168.69.67:34429], old=null
2019-10-18 07:54:20,397 [grpc-default-executor-3] INFO  impl.RaftServerImpl (RaftServerImpl.java:setRole(184)) - 3d3aac8b-d4d1-454d-bf0c-88a180692893@group-BAC069DAEF17: changes role from  FOLLOWER to FOLLOWER at term 164 for recognizeCandidate:4b487190-7547-40c7-b780-43c37a89e8eb
2019-10-18 07:54:20,397 [grpc-default-executor-3] INFO  impl.RoleInfo (RoleInfo.java:shutdownFollowerState(121)) - 3d3aac8b-d4d1-454d-bf0c-88a180692893: shutdown FollowerState
2019-10-18 07:54:20,397 [grpc-default-executor-6] INFO  impl.RaftServerImpl (RaftServerImpl.java:setRole(184)) - 6fa005cd-25d6-4e29-bda6-9462a060c098@group-BAC069DAEF17: changes role from  FOLLOWER to FOLLOWER at term 164 for recognizeCandidate:4b487190-7547-40c7-b780-43c37a89e8eb
2019-10-18 07:54:20,398 [grpc-default-executor-6] INFO  impl.RoleInfo (RoleInfo.java:shutdownFollowerState(121)) - 6fa005cd-25d6-4e29-bda6-9462a060c098: shutdown FollowerState
2019-10-18 07:54:20,398 [Thread-1366] INFO  impl.FollowerState (FollowerState.java:run(117)) - 3d3aac8b-d4d1-454d-bf0c-88a180692893@group-BAC069DAEF17-FollowerState was interrupted: java.lang.InterruptedException: sleep interrupted
2019-10-18 07:54:20,398 [grpc-default-executor-3] INFO  impl.RoleInfo (RoleInfo.java:updateAndGet(143)) - 3d3aac8b-d4d1-454d-bf0c-88a180692893: start FollowerState
2019-10-18 07:54:20,398 [Thread-1367] INFO  impl.FollowerState (FollowerState.java:run(117)) - 6fa005cd-25d6-4e29-bda6-9462a060c098@group-BAC069DAEF17-FollowerState was interrupted: java.lang.InterruptedException: sleep interrupted
2019-10-18 07:54:20,398 [grpc-default-executor-6] INFO  impl.RoleInfo (RoleInfo.java:updateAndGet(143)) - 6fa005cd-25d6-4e29-bda6-9462a060c098: start FollowerState
2019-10-18 07:54:20,399 [4b487190-7547-40c7-b780-43c37a89e8eb@group-BAC069DAEF17-LeaderElection159] INFO  impl.LeaderElection (LeaderElection.java:logAndReturn(56)) - 4b487190-7547-40c7-b780-43c37a89e8eb@group-BAC069DAEF17-LeaderElection159: Election TIMEOUT; received 0 response(s) [] and 0 exception(s); 4b487190-7547-40c7-b780-43c37a89e8eb@group-BAC069DAEF17:t164, leader=null, voted=4b487190-7547-40c7-b780-43c37a89e8eb, raftlog=4b487190-7547-40c7-b780-43c37a89e8eb@group-BAC069DAEF17-SegmentedRaftLog:OPENED:c-1,f-1,i0, conf=-1: [6fa005cd-25d6-4e29-bda6-9462a060c098:192.168.69.67:36093, 4b487190-7547-40c7-b780-43c37a89e8eb:192.168.69.67:39683, 3d3aac8b-d4d1-454d-bf0c-88a180692893:192.168.69.67:34429], old=null
2019-10-18 07:54:20,413 [4b487190-7547-40c7-b780-43c37a89e8eb@group-BAC069DAEF17-LeaderElection159] INFO  impl.LeaderElection (LeaderElection.java:askForVotes(178)) - 4b487190-7547-40c7-b780-43c37a89e8eb@group-BAC069DAEF17-LeaderElection159: begin an election at term 165 for -1: [6fa005cd-25d6-4e29-bda6-9462a060c098:192.168.69.67:36093, 4b487190-7547-40c7-b780-43c37a89e8eb:192.168.69.67:39683, 3d3aac8b-d4d1-454d-bf0c-88a180692893:192.168.69.67:34429], old=null
2019-10-18 07:54:20,414 [grpc-default-executor-6] INFO  impl.RaftServerImpl (RaftServerImpl.java:setRole(184)) - 6fa005cd-25d6-4e29-bda6-9462a060c098@group-BAC069DAEF17: changes role from  FOLLOWER to FOLLOWER at term 165 for recognizeCandidate:4b487190-7547-40c7-b780-43c37a89e8eb
2019-10-18 07:54:20,415 [grpc-default-executor-6] INFO  impl.RoleInfo (RoleInfo.java:shutdownFollowerState(121)) - 6fa005cd-25d6-4e29-bda6-9462a060c098: shutdown FollowerState
2019-10-18 07:54:20,415 [grpc-default-executor-6] INFO  impl.RoleInfo (RoleInfo.java:updateAndGet(143)) - 6fa005cd-25d6-4e29-bda6-9462a060c098: start FollowerState
2019-10-18 07:54:20,415 [grpc-default-executor-3] INFO  impl.RaftServerImpl (RaftServerImpl.java:setRole(184)) - 3d3aac8b-d4d1-454d-bf0c-88a180692893@group-BAC069DAEF17: changes role from  FOLLOWER to FOLLOWER at term 165 for recognizeCandidate:4b487190-7547-40c7-b780-43c37a89e8eb
2019-10-18 07:54:20,415 [grpc-default-executor-3] INFO  impl.RoleInfo (RoleInfo.java:shutdownFollowerState(121)) - 3d3aac8b-d4d1-454d-bf0c-88a180692893: shutdown FollowerState
2019-10-18 07:54:20,415 [Thread-1373] INFO  impl.FollowerState (FollowerState.java:run(117)) - 6fa005cd-25d6-4e29-bda6-9462a060c098@group-BAC069DAEF17-FollowerState was interrupted: java.lang.InterruptedException: sleep interrupted
2019-10-18 07:54:20,415 [Thread-1372] INFO  impl.FollowerState (FollowerState.java:run(117)) - 3d3aac8b-d4d1-454d-bf0c-88a180692893@group-BAC069DAEF17-FollowerState was interrupted: java.lang.InterruptedException: sleep interrupted
2019-10-18 07:54:20,415 [grpc-default-executor-3] INFO  impl.RoleInfo (RoleInfo.java:updateAndGet(143)) - 3d3aac8b-d4d1-454d-bf0c-88a180692893: start FollowerState
2019-10-18 07:54:20,441 [4b487190-7547-40c7-b780-43c37a89e8eb@group-BAC069DAEF17-LeaderElection159] INFO  impl.LeaderElection (LeaderElection.java:logAndReturn(56)) - 4b487190-7547-40c7-b780-43c37a89e8eb@group-BAC069DAEF17-LeaderElection159: Election REJECTED; received 2 response(s) [4b487190-7547-40c7-b780-43c37a89e8eb<-6fa005cd-25d6-4e29-bda6-9462a060c098#0:FAIL-t165, 4b487190-7547-40c7-b780-43c37a89e8eb<-3d3aac8b-d4d1-454d-bf0c-88a180692893#0:FAIL-t165] and 0 exception(s); 4b487190-7547-40c7-b780-43c37a89e8eb@group-BAC069DAEF17:t165, leader=null, voted=4b487190-7547-40c7-b780-43c37a89e8eb, raftlog=4b487190-7547-40c7-b780-43c37a89e8eb@group-BAC069DAEF17-SegmentedRaftLog:OPENED:c-1,f-1,i0, conf=-1: [6fa005cd-25d6-4e29-bda6-9462a060c098:192.168.69.67:36093, 4b487190-7547-40c7-b780-43c37a89e8eb:192.168.69.67:39683, 3d3aac8b-d4d1-454d-bf0c-88a180692893:192.168.69.67:34429], old=null
2019-10-18 07:54:20,441 [4b487190-7547-40c7-b780-43c37a89e8eb@group-BAC069DAEF17-LeaderElection159] INFO  impl.RaftServerImpl (RaftServerImpl.java:setRole(184)) - 4b487190-7547-40c7-b780-43c37a89e8eb@group-BAC069DAEF17: changes role from CANDIDATE to FOLLOWER at term 165 for DISCOVERED_A_NEW_TERM
2019-10-18 07:54:20,441 [4b487190-7547-40c7-b780-43c37a89e8eb@group-BAC069DAEF17-LeaderElection159] INFO  impl.RoleInfo (RoleInfo.java:shutdownLeaderElection(134)) - 4b487190-7547-40c7-b780-43c37a89e8eb: shutdown LeaderElection
2019-10-18 07:54:20,441 [4b487190-7547-40c7-b780-43c37a89e8eb@group-BAC069DAEF17-LeaderElection159] INFO  impl.RoleInfo (RoleInfo.java:updateAndGet(143)) - 4b487190-7547-40c7-b780-43c37a89e8eb: start FollowerState
2019-10-18 07:54:20,623 [Thread-1378] INFO  impl.FollowerState (FollowerState.java:run(108)) - 4b487190-7547-40c7-b780-43c37a89e8eb@group-BAC069DAEF17-FollowerState: change to CANDIDATE, lastRpcTime:181ms, electionTimeout:181ms
2019-10-18 07:54:20,623 [Thread-1378] INFO  impl.RoleInfo (RoleInfo.java:shutdownFollowerState(121)) - 4b487190-7547-40c7-b780-43c37a89e8eb: shutdown FollowerState
2019-10-18 07:54:20,623 [Thread-1378] INFO  impl.RaftServerImpl (RaftServerImpl.java:setRole(184)) - 4b487190-7547-40c7-b780-43c37a89e8eb@group-BAC069DAEF17: changes role from  FOLLOWER to CANDIDATE at term 165 for changeToCandidate
2019-10-18 07:54:20,623 [Thread-1378] INFO  impl.RoleInfo (RoleInfo.java:updateAndGet(143)) - 4b487190-7547-40c7-b780-43c37a89e8eb: start LeaderElection
2019-10-18 07:54:20,637 [4b487190-7547-40c7-b780-43c37a89e8eb@group-BAC069DAEF17-LeaderElection160] INFO  impl.LeaderElection (LeaderElection.java:askForVotes(178)) - 4b487190-7547-40c7-b780-43c37a89e8eb@group-BAC069DAEF17-LeaderElection160: begin an election at term 166 for -1: [6fa005cd-25d6-4e29-bda6-9462a060c098:192.168.69.67:36093, 4b487190-7547-40c7-b780-43c37a89e8eb:192.168.69.67:39683, 3d3aac8b-d4d1-454d-bf0c-88a180692893:192.168.69.67:34429], old=null
2019-10-18 07:54:20,640 [grpc-default-executor-6] INFO  impl.RaftServerImpl (RaftServerImpl.java:setRole(184)) - 6fa005cd-25d6-4e29-bda6-9462a060c098@group-BAC069DAEF17: changes role from  FOLLOWER to FOLLOWER at term 166 for recognizeCandidate:4b487190-7547-40c7-b780-43c37a89e8eb
2019-10-18 07:54:20,640 [grpc-default-executor-3] INFO  impl.RaftServerImpl (RaftServerImpl.java:setRole(184)) - 3d3aac8b-d4d1-454d-bf0c-88a180692893@group-BAC069DAEF17: changes role from  FOLLOWER to FOLLOWER at term 166 for recognizeCandidate:4b487190-7547-40c7-b780-43c37a89e8eb
2019-10-18 07:54:20,640 [grpc-default-executor-6] INFO  impl.RoleInfo (RoleInfo.java:shutdownFollowerState(121)) - 6fa005cd-25d6-4e29-bda6-9462a060c098: shutdown FollowerState
2019-10-18 07:54:20,640 [grpc-default-executor-3] INFO  impl.RoleInfo (RoleInfo.java:shutdownFollowerState(121)) - 3d3aac8b-d4d1-454d-bf0c-88a180692893: shutdown FollowerState
2019-10-18 07:54:20,640 [Thread-1376] INFO  impl.FollowerState (FollowerState.java:run(117)) - 6fa005cd-25d6-4e29-bda6-9462a060c098@group-BAC069DAEF17-FollowerState was interrupted: java.lang.InterruptedException: sleep interrupted
2019-10-18 07:54:20,641 [Thread-1377] INFO  impl.FollowerState (FollowerState.java:run(117)) - 3d3aac8b-d4d1-454d-bf0c-88a180692893@group-BAC069DAEF17-FollowerState was interrupted: java.lang.InterruptedException: sleep interrupted
2019-10-18 07:54:20,640 [grpc-default-executor-6] INFO  impl.RoleInfo (RoleInfo.java:updateAndGet(143)) - 6fa005cd-25d6-4e29-bda6-9462a060c098: start FollowerState
2019-10-18 07:54:20,641 [grpc-default-executor-3] INFO  impl.RoleInfo (RoleInfo.java:updateAndGet(143)) - 3d3aac8b-d4d1-454d-bf0c-88a180692893: start FollowerState
2019-10-18 07:54:20,655 [4b487190-7547-40c7-b780-43c37a89e8eb@group-BAC069DAEF17-LeaderElection160] INFO  impl.LeaderElection (LeaderElection.java:logAndReturn(56)) - 4b487190-7547-40c7-b780-43c37a89e8eb@group-BAC069DAEF17-LeaderElection160: Election REJECTED; received 2 response(s) [4b487190-7547-40c7-b780-43c37a89e8eb<-6fa005cd-25d6-4e29-bda6-9462a060c098#0:FAIL-t166, 4b487190-7547-40c7-b780-43c37a89e8eb<-3d3aac8b-d4d1-454d-bf0c-88a180692893#0:FAIL-t166] and 0 exception(s); 4b487190-7547-40c7-b780-43c37a89e8eb@group-BAC069DAEF17:t166, leader=null, voted=4b487190-7547-40c7-b780-43c37a89e8eb, raftlog=4b487190-7547-40c7-b780-43c37a89e8eb@group-BAC069DAEF17-SegmentedRaftLog:OPENED:c-1,f-1,i0, conf=-1: [6fa005cd-25d6-4e29-bda6-9462a060c098:192.168.69.67:36093, 4b487190-7547-40c7-b780-43c37a89e8eb:192.168.69.67:39683, 3d3aac8b-d4d1-454d-bf0c-88a180692893:192.168.69.67:34429], old=null
2019-10-18 07:54:20,656 [4b487190-7547-40c7-b780-43c37a89e8eb@group-BAC069DAEF17-LeaderElection160] INFO  impl.RaftServerImpl (RaftServerImpl.java:setRole(184)) - 4b487190-7547-40c7-b780-43c37a89e8eb@group-BAC069DAEF17: changes role from CANDIDATE to FOLLOWER at term 166 for DISCOVERED_A_NEW_TERM
2019-10-18 07:54:20,656 [4b487190-7547-40c7-b780-43c37a89e8eb@group-BAC069DAEF17-LeaderElection160] INFO  impl.RoleInfo (RoleInfo.java:shutdownLeaderElection(134)) - 4b487190-7547-40c7-b780-43c37a89e8eb: shutdown LeaderElection
2019-10-18 07:54:20,656 [4b487190-7547-40c7-b780-43c37a89e8eb@group-BAC069DAEF17-LeaderElection160] INFO  impl.RoleInfo (RoleInfo.java:updateAndGet(143)) - 4b487190-7547-40c7-b780-43c37a89e8eb: start FollowerState
2019-10-18 07:54:20,758 [Thread-1386] INFO  impl.FollowerState (FollowerState.java:run(108)) - 4b487190-7547-40c7-b780-43c37a89e8eb@group-BAC069DAEF17-FollowerState: change to CANDIDATE, lastRpcTime:102ms, electionTimeout:102ms
2019-10-18 07:54:20,758 [Thread-1386] INFO  impl.RoleInfo (RoleInfo.java:shutdownFollowerState(121)) - 4b487190-7547-40c7-b780-43c37a89e8eb: shutdown FollowerState
2019-10-18 07:54:20,759 [Thread-1386] INFO  impl.RaftServerImpl (RaftServerImpl.java:setRole(184)) - 4b487190-7547-40c7-b780-43c37a89e8eb@group-BAC069DAEF17: changes role from  FOLLOWER to CANDIDATE at term 166 for changeToCandidate
2019-10-18 07:54:20,759 [Thread-1386] INFO  impl.RoleInfo (RoleInfo.java:updateAndGet(143)) - 4b487190-7547-40c7-b780-43c37a89e8eb: start LeaderElection
2019-10-18 07:54:20,774 [4b487190-7547-40c7-b780-43c37a89e8eb@group-BAC069DAEF17-LeaderElection161] INFO  impl.LeaderElection (LeaderElection.java:askForVotes(178)) - 4b487190-7547-40c7-b780-43c37a89e8eb@group-BAC069DAEF17-LeaderElection161: begin an election at term 167 for -1: [6fa005cd-25d6-4e29-bda6-9462a060c098:192.168.69.67:36093, 4b487190-7547-40c7-b780-43c37a89e8eb:192.168.69.67:39683, 3d3aac8b-d4d1-454d-bf0c-88a180692893:192.168.69.67:34429], old=null
2019-10-18 07:54:20,775 [4b487190-7547-40c7-b780-43c37a89e8eb@group-BAC069DAEF17-LeaderElection161] INFO  impl.LeaderElection (LeaderElection.java:logAndReturn(56)) - 4b487190-7547-40c7-b780-43c37a89e8eb@group-BAC069DAEF17-LeaderElection161: Election TIMEOUT; received 0 response(s) [] and 0 exception(s); 4b487190-7547-40c7-b780-43c37a89e8eb@group-BAC069DAEF17:t167, leader=null, voted=4b487190-7547-40c7-b780-43c37a89e8eb, raftlog=4b487190-7547-40c7-b780-43c37a89e8eb@group-BAC069DAEF17-SegmentedRaftLog:OPENED:c-1,f-1,i0, conf=-1: [6fa005cd-25d6-4e29-bda6-9462a060c098:192.168.69.67:36093, 4b487190-7547-40c7-b780-43c37a89e8eb:192.168.69.67:39683, 3d3aac8b-d4d1-454d-bf0c-88a180692893:192.168.69.67:34429], old=null
2019-10-18 07:54:20,776 [grpc-default-executor-6] INFO  impl.RaftServerImpl (RaftServerImpl.java:setRole(184)) - 6fa005cd-25d6-4e29-bda6-9462a060c098@group-BAC069DAEF17: changes role from  FOLLOWER to FOLLOWER at term 167 for recognizeCandidate:4b487190-7547-40c7-b780-43c37a89e8eb
2019-10-18 07:54:20,776 [grpc-default-executor-6] INFO  impl.RoleInfo (RoleInfo.java:shutdownFollowerState(121)) - 6fa005cd-25d6-4e29-bda6-9462a060c098: shutdown FollowerState
2019-10-18 07:54:20,776 [grpc-default-executor-3] INFO  impl.RaftServerImpl (RaftServerImpl.java:setRole(184)) - 3d3aac8b-d4d1-454d-bf0c-88a180692893@group-BAC069DAEF17: changes role from  FOLLOWER to FOLLOWER at term 167 for recognizeCandidate:4b487190-7547-40c7-b780-43c37a89e8eb
2019-10-18 07:54:20,776 [grpc-default-executor-3] INFO  impl.RoleInfo (RoleInfo.java:shutdownFollowerState(121)) - 3d3aac8b-d4d1-454d-bf0c-88a180692893: shutdown FollowerState
2019-10-18 07:54:20,776 [Thread-1384] INFO  impl.FollowerState (FollowerState.java:run(117)) - 6fa005cd-25d6-4e29-bda6-9462a060c098@group-BAC069DAEF17-FollowerState was interrupted: java.lang.InterruptedException: sleep interrupted
2019-10-18 07:54:20,776 [grpc-default-executor-6] INFO  impl.RoleInfo (RoleInfo.java:updateAndGet(143)) - 6fa005cd-25d6-4e29-bda6-9462a060c098: start FollowerState
2019-10-18 07:54:20,777 [Thread-1385] INFO  impl.FollowerState (FollowerState.java:run(117)) - 3d3aac8b-d4d1-454d-bf0c-88a180692893@group-BAC069DAEF17-FollowerState was interrupted: java.lang.InterruptedException: sleep interrupted
2019-10-18 07:54:20,777 [grpc-default-executor-3] INFO  impl.RoleInfo (RoleInfo.java:updateAndGet(143)) - 3d3aac8b-d4d1-454d-bf0c-88a180692893: start FollowerState
2019-10-18 07:54:20,790 [4b487190-7547-40c7-b780-43c37a89e8eb@group-BAC069DAEF17-LeaderElection161] INFO  impl.LeaderElection (LeaderElection.java:askForVotes(178)) - 4b487190-7547-40c7-b780-43c37a89e8eb@group-BAC069DAEF17-LeaderElection161: begin an election at term 168 for -1: [6fa005cd-25d6-4e29-bda6-9462a060c098:192.168.69.67:36093, 4b487190-7547-40c7-b780-43c37a89e8eb:192.168.69.67:39683, 3d3aac8b-d4d1-454d-bf0c-88a180692893:192.168.69.67:34429], old=null
2019-10-18 07:54:20,792 [grpc-default-executor-3] INFO  impl.RaftServerImpl (RaftServerImpl.java:setRole(184)) - 6fa005cd-25d6-4e29-bda6-9462a060c098@group-BAC069DAEF17: changes role from  FOLLOWER to FOLLOWER at term 168 for recognizeCandidate:4b487190-7547-40c7-b780-43c37a89e8eb
2019-10-18 07:54:20,792 [grpc-default-executor-3] INFO  impl.RoleInfo (RoleInfo.java:shutdownFollowerState(121)) - 6fa005cd-25d6-4e29-bda6-9462a060c098: shutdown FollowerState
2019-10-18 07:54:20,792 [grpc-default-executor-6] INFO  impl.RaftServerImpl (RaftServerImpl.java:setRole(184)) - 3d3aac8b-d4d1-454d-bf0c-88a180692893@group-BAC069DAEF17: changes role from  FOLLOWER to FOLLOWER at term 168 for recognizeCandidate:4b487190-7547-40c7-b780-43c37a89e8eb
2019-10-18 07:54:20,792 [grpc-default-executor-6] INFO  impl.RoleInfo (RoleInfo.java:shutdownFollowerState(121)) - 3d3aac8b-d4d1-454d-bf0c-88a180692893: shutdown FollowerState
2019-10-18 07:54:20,792 [Thread-1390] INFO  impl.FollowerState (FollowerState.java:run(117)) - 6fa005cd-25d6-4e29-bda6-9462a060c098@group-BAC069DAEF17-FollowerState was interrupted: java.lang.InterruptedException: sleep interrupted
2019-10-18 07:54:20,792 [grpc-default-executor-3] INFO  impl.RoleInfo (RoleInfo.java:updateAndGet(143)) - 6fa005cd-25d6-4e29-bda6-9462a060c098: start FollowerState
2019-10-18 07:54:20,793 [grpc-default-executor-6] INFO  impl.RoleInfo (RoleInfo.java:updateAndGet(143)) - 3d3aac8b-d4d1-454d-bf0c-88a180692893: start FollowerState
2019-10-18 07:54:20,793 [Thread-1391] INFO  impl.FollowerState (FollowerState.java:run(117)) - 3d3aac8b-d4d1-454d-bf0c-88a180692893@group-BAC069DAEF17-FollowerState was interrupted: java.lang.InterruptedException: sleep interrupted
2019-10-18 07:54:20,808 [4b487190-7547-40c7-b780-43c37a89e8eb@group-BAC069DAEF17-LeaderElection161] INFO  impl.LeaderElection (LeaderElection.java:logAndReturn(56)) - 4b487190-7547-40c7-b780-43c37a89e8eb@group-BAC069DAEF17-LeaderElection161: Election REJECTED; received 2 response(s) [4b487190-7547-40c7-b780-43c37a89e8eb<-6fa005cd-25d6-4e29-bda6-9462a060c098#0:FAIL-t168, 4b487190-7547-40c7-b780-43c37a89e8eb<-3d3aac8b-d4d1-454d-bf0c-88a180692893#0:FAIL-t168] and 0 exception(s); 4b487190-7547-40c7-b780-43c37a89e8eb@group-BAC069DAEF17:t168, leader=null, voted=4b487190-7547-40c7-b780-43c37a89e8eb, raftlog=4b487190-7547-40c7-b780-43c37a89e8eb@group-BAC069DAEF17-SegmentedRaftLog:OPENED:c-1,f-1,i0, conf=-1: [6fa005cd-25d6-4e29-bda6-9462a060c098:192.168.69.67:36093, 4b487190-7547-40c7-b780-43c37a89e8eb:192.168.69.67:39683, 3d3aac8b-d4d1-454d-bf0c-88a180692893:192.168.69.67:34429], old=null
2019-10-18 07:54:20,809 [4b487190-7547-40c7-b780-43c37a89e8eb@group-BAC069DAEF17-LeaderElection161] INFO  impl.RaftServerImpl (RaftServerImpl.java:setRole(184)) - 4b487190-7547-40c7-b780-43c37a89e8eb@group-BAC069DAEF17: changes role from CANDIDATE to FOLLOWER at term 168 for DISCOVERED_A_NEW_TERM
2019-10-18 07:54:20,809 [4b487190-7547-40c7-b780-43c37a89e8eb@group-BAC069DAEF17-LeaderElection161] INFO  impl.RoleInfo (RoleInfo.java:shutdownLeaderElection(134)) - 4b487190-7547-40c7-b780-43c37a89e8eb: shutdown LeaderElection
2019-10-18 07:54:20,809 [4b487190-7547-40c7-b780-43c37a89e8eb@group-BAC069DAEF17-LeaderElection161] INFO  impl.RoleInfo (RoleInfo.java:updateAndGet(143)) - 4b487190-7547-40c7-b780-43c37a89e8eb: start FollowerState
2019-10-18 07:54:20,905 [Thread-1396] INFO  impl.FollowerState (FollowerState.java:run(108)) - 4b487190-7547-40c7-b780-43c37a89e8eb@group-BAC069DAEF17-FollowerState: change to CANDIDATE, lastRpcTime:96ms, electionTimeout:96ms
2019-10-18 07:54:20,906 [Thread-1396] INFO  impl.RoleInfo (RoleInfo.java:shutdownFollowerState(121)) - 4b487190-7547-40c7-b780-43c37a89e8eb: shutdown FollowerState
2019-10-18 07:54:20,906 [Thread-1396] INFO  impl.RaftServerImpl (RaftServerImpl.java:setRole(184)) - 4b487190-7547-40c7-b780-43c37a89e8eb@group-BAC069DAEF17: changes role from  FOLLOWER to CANDIDATE at term 168 for changeToCandidate
2019-10-18 07:54:20,906 [Thread-1396] INFO  impl.RoleInfo (RoleInfo.java:updateAndGet(143)) - 4b487190-7547-40c7-b780-43c37a89e8eb: start LeaderElection
2019-10-18 07:54:20,943 [4b487190-7547-40c7-b780-43c37a89e8eb@group-BAC069DAEF17-LeaderElection162] INFO  impl.LeaderElection (LeaderElection.java:askForVotes(178)) - 4b487190-7547-40c7-b780-43c37a89e8eb@group-BAC069DAEF17-LeaderElection162: begin an election at term 169 for -1: [6fa005cd-25d6-4e29-bda6-9462a060c098:192.168.69.67:36093, 4b487190-7547-40c7-b780-43c37a89e8eb:192.168.69.67:39683, 3d3aac8b-d4d1-454d-bf0c-88a180692893:192.168.69.67:34429], old=null
2019-10-18 07:54:20,945 [grpc-default-executor-6] INFO  impl.RaftServerImpl (RaftServerImpl.java:setRole(184)) - 3d3aac8b-d4d1-454d-bf0c-88a180692893@group-BAC069DAEF17: changes role from  FOLLOWER to FOLLOWER at term 169 for recognizeCandidate:4b487190-7547-40c7-b780-43c37a89e8eb
2019-10-18 07:54:20,945 [grpc-default-executor-6] INFO  impl.RoleInfo (RoleInfo.java:shutdownFollowerState(121)) - 3d3aac8b-d4d1-454d-bf0c-88a180692893: shutdown FollowerState
2019-10-18 07:54:20,945 [grpc-default-executor-6] INFO  impl.RoleInfo (RoleInfo.java:updateAndGet(143)) - 3d3aac8b-d4d1-454d-bf0c-88a180692893: start FollowerState
2019-10-18 07:54:20,945 [grpc-default-executor-3] INFO  impl.RaftServerImpl (RaftServerImpl.java:setRole(184)) - 6fa005cd-25d6-4e29-bda6-9462a060c098@group-BAC069DAEF17: changes role from  FOLLOWER to FOLLOWER at term 169 for recognizeCandidate:4b487190-7547-40c7-b780-43c37a89e8eb
2019-10-18 07:54:20,946 [grpc-default-executor-3] INFO  impl.RoleInfo (RoleInfo.java:shutdownFollowerState(121)) - 6fa005cd-25d6-4e29-bda6-9462a060c098: shutdown FollowerState
2019-10-18 07:54:20,946 [Thread-1395] INFO  impl.FollowerState (FollowerState.java:run(117)) - 3d3aac8b-d4d1-454d-bf0c-88a180692893@group-BAC069DAEF17-FollowerState was interrupted: java.lang.InterruptedException: sleep interrupted
2019-10-18 07:54:20,945 [4b487190-7547-40c7-b780-43c37a89e8eb@group-BAC069DAEF17-LeaderElection162] INFO  impl.LeaderElection (LeaderElection.java:logAndReturn(56)) - 4b487190-7547-40c7-b780-43c37a89e8eb@group-BAC069DAEF17-LeaderElection162: Election TIMEOUT; received 0 response(s) [] and 0 exception(s); 4b487190-7547-40c7-b780-43c37a89e8eb@group-BAC069DAEF17:t169, leader=null, voted=4b487190-7547-40c7-b780-43c37a89e8eb, raftlog=4b487190-7547-40c7-b780-43c37a89e8eb@group-BAC069DAEF17-SegmentedRaftLog:OPENED:c-1,f-1,i0, conf=-1: [6fa005cd-25d6-4e29-bda6-9462a060c098:192.168.69.67:36093, 4b487190-7547-40c7-b780-43c37a89e8eb:192.168.69.67:39683, 3d3aac8b-d4d1-454d-bf0c-88a180692893:192.168.69.67:34429], old=null
2019-10-18 07:54:20,946 [Thread-1394] INFO  impl.FollowerState (FollowerState.java:run(117)) - 6fa005cd-25d6-4e29-bda6-9462a060c098@group-BAC069DAEF17-FollowerState was interrupted: java.lang.InterruptedException: sleep interrupted
2019-10-18 07:54:20,946 [grpc-default-executor-3] INFO  impl.RoleInfo (RoleInfo.java:updateAndGet(143)) - 6fa005cd-25d6-4e29-bda6-9462a060c098: start FollowerState
2019-10-18 07:54:20,959 [4b487190-7547-40c7-b780-43c37a89e8eb@group-BAC069DAEF17-LeaderElection162] INFO  impl.LeaderElection (LeaderElection.java:askForVotes(178)) - 4b487190-7547-40c7-b780-43c37a89e8eb@group-BAC069DAEF17-LeaderElection162: begin an election at term 170 for -1: [6fa005cd-25d6-4e29-bda6-9462a060c098:192.168.69.67:36093, 4b487190-7547-40c7-b780-43c37a89e8eb:192.168.69.67:39683, 3d3aac8b-d4d1-454d-bf0c-88a180692893:192.168.69.67:34429], old=null
2019-10-18 07:54:20,960 [grpc-default-executor-3] INFO  impl.RaftServerImpl (RaftServerImpl.java:setRole(184)) - 6fa005cd-25d6-4e29-bda6-9462a060c098@group-BAC069DAEF17: changes role from  FOLLOWER to FOLLOWER at term 170 for recognizeCandidate:4b487190-7547-40c7-b780-43c37a89e8eb
2019-10-18 07:54:20,961 [grpc-default-executor-3] INFO  impl.RoleInfo (RoleInfo.java:shutdownFollowerState(121)) - 6fa005cd-25d6-4e29-bda6-9462a060c098: shutdown FollowerState
2019-10-18 07:54:20,961 [grpc-default-executor-6] INFO  impl.RaftServerImpl (RaftServerImpl.java:setRole(184)) - 3d3aac8b-d4d1-454d-bf0c-88a180692893@group-BAC069DAEF17: changes role from  FOLLOWER to FOLLOWER at term 170 for recognizeCandidate:4b487190-7547-40c7-b780-43c37a89e8eb
2019-10-18 07:54:20,961 [Thread-1401] INFO  impl.FollowerState (FollowerState.java:run(117)) - 6fa005cd-25d6-4e29-bda6-9462a060c098@group-BAC069DAEF17-FollowerState was interrupted: java.lang.InterruptedException: sleep interrupted
2019-10-18 07:54:20,961 [grpc-default-executor-3] INFO  impl.RoleInfo (RoleInfo.java:updateAndGet(143)) - 6fa005cd-25d6-4e29-bda6-9462a060c098: start FollowerState
2019-10-18 07:54:20,961 [grpc-default-executor-6] INFO  impl.RoleInfo (RoleInfo.java:shutdownFollowerState(121)) - 3d3aac8b-d4d1-454d-bf0c-88a180692893: shutdown FollowerState
2019-10-18 07:54:20,961 [grpc-default-executor-6] INFO  impl.RoleInfo (RoleInfo.java:updateAndGet(143)) - 3d3aac8b-d4d1-454d-bf0c-88a180692893: start FollowerState
2019-10-18 07:54:20,961 [Thread-1400] INFO  impl.FollowerState (FollowerState.java:run(117)) - 3d3aac8b-d4d1-454d-bf0c-88a180692893@group-BAC069DAEF17-FollowerState was interrupted: java.lang.InterruptedException: sleep interrupted
2019-10-18 07:54:20,976 [4b487190-7547-40c7-b780-43c37a89e8eb@group-BAC069DAEF17-LeaderElection162] INFO  impl.LeaderElection (LeaderElection.java:logAndReturn(56)) - 4b487190-7547-40c7-b780-43c37a89e8eb@group-BAC069DAEF17-LeaderElection162: Election REJECTED; received 2 response(s) [4b487190-7547-40c7-b780-43c37a89e8eb<-6fa005cd-25d6-4e29-bda6-9462a060c098#0:FAIL-t170, 4b487190-7547-40c7-b780-43c37a89e8eb<-3d3aac8b-d4d1-454d-bf0c-88a180692893#0:FAIL-t170] and 0 exception(s); 4b487190-7547-40c7-b780-43c37a89e8eb@group-BAC069DAEF17:t170, leader=null, voted=4b487190-7547-40c7-b780-43c37a89e8eb, raftlog=4b487190-7547-40c7-b780-43c37a89e8eb@group-BAC069DAEF17-SegmentedRaftLog:OPENED:c-1,f-1,i0, conf=-1: [6fa005cd-25d6-4e29-bda6-9462a060c098:192.168.69.67:36093, 4b487190-7547-40c7-b780-43c37a89e8eb:192.168.69.67:39683, 3d3aac8b-d4d1-454d-bf0c-88a180692893:192.168.69.67:34429], old=null
2019-10-18 07:54:20,977 [4b487190-7547-40c7-b780-43c37a89e8eb@group-BAC069DAEF17-LeaderElection162] INFO  impl.RaftServerImpl (RaftServerImpl.java:setRole(184)) - 4b487190-7547-40c7-b780-43c37a89e8eb@group-BAC069DAEF17: changes role from CANDIDATE to FOLLOWER at term 170 for DISCOVERED_A_NEW_TERM
2019-10-18 07:54:20,977 [4b487190-7547-40c7-b780-43c37a89e8eb@group-BAC069DAEF17-LeaderElection162] INFO  impl.RoleInfo (RoleInfo.java:shutdownLeaderElection(134)) - 4b487190-7547-40c7-b780-43c37a89e8eb: shutdown LeaderElection
2019-10-18 07:54:20,977 [4b487190-7547-40c7-b780-43c37a89e8eb@group-BAC069DAEF17-LeaderElection162] INFO  impl.RoleInfo (RoleInfo.java:updateAndGet(143)) - 4b487190-7547-40c7-b780-43c37a89e8eb: start FollowerState
2019-10-18 07:54:20,992 [Thread-1406] INFO  impl.FollowerState (FollowerState.java:run(108)) - 4b487190-7547-40c7-b780-43c37a89e8eb@group-BAC069DAEF17-FollowerState: change to CANDIDATE, lastRpcTime:15ms, electionTimeout:15ms
2019-10-18 07:54:20,992 [Thread-1406] INFO  impl.RoleInfo (RoleInfo.java:shutdownFollowerState(121)) - 4b487190-7547-40c7-b780-43c37a89e8eb: shutdown FollowerState
2019-10-18 07:54:20,992 [Thread-1406] INFO  impl.RaftServerImpl (RaftServerImpl.java:setRole(184)) - 4b487190-7547-40c7-b780-43c37a89e8eb@group-BAC069DAEF17: changes role from  FOLLOWER to CANDIDATE at term 170 for changeToCandidate
2019-10-18 07:54:20,993 [Thread-1406] INFO  impl.RoleInfo (RoleInfo.java:updateAndGet(143)) - 4b487190-7547-40c7-b780-43c37a89e8eb: start LeaderElection
2019-10-18 07:54:21,007 [4b487190-7547-40c7-b780-43c37a89e8eb@group-BAC069DAEF17-LeaderElection163] INFO  impl.LeaderElection (LeaderElection.java:askForVotes(178)) - 4b487190-7547-40c7-b780-43c37a89e8eb@group-BAC069DAEF17-LeaderElection163: begin an election at term 171 for -1: [6fa005cd-25d6-4e29-bda6-9462a060c098:192.168.69.67:36093, 4b487190-7547-40c7-b780-43c37a89e8eb:192.168.69.67:39683, 3d3aac8b-d4d1-454d-bf0c-88a180692893:192.168.69.67:34429], old=null
2019-10-18 07:54:21,010 [grpc-default-executor-3] INFO  impl.RaftServerImpl (RaftServerImpl.java:setRole(184)) - 6fa005cd-25d6-4e29-bda6-9462a060c098@group-BAC069DAEF17: changes role from  FOLLOWER to FOLLOWER at term 171 for recognizeCandidate:4b487190-7547-40c7-b780-43c37a89e8eb
2019-10-18 07:54:21,010 [grpc-default-executor-3] INFO  impl.RoleInfo (RoleInfo.java:shutdownFollowerState(121)) - 6fa005cd-25d6-4e29-bda6-9462a060c098: shutdown FollowerState
2019-10-18 07:54:21,010 [grpc-default-executor-3] INFO  impl.RoleInfo (RoleInfo.java:updateAndGet(143)) - 6fa005cd-25d6-4e29-bda6-9462a060c098: start FollowerState
2019-10-18 07:54:21,010 [Thread-1404] INFO  impl.FollowerState (FollowerState.java:run(117)) - 6fa005cd-25d6-4e29-bda6-9462a060c098@group-BAC069DAEF17-FollowerState was interrupted: java.lang.InterruptedException: sleep interrupted
2019-10-18 07:54:21,010 [grpc-default-executor-6] INFO  impl.RaftServerImpl (RaftServerImpl.java:setRole(184)) - 3d3aac8b-d4d1-454d-bf0c-88a180692893@group-BAC069DAEF17: changes role from  FOLLOWER to FOLLOWER at term 171 for recognizeCandidate:4b487190-7547-40c7-b780-43c37a89e8eb
2019-10-18 07:54:21,011 [grpc-default-executor-6] INFO  impl.RoleInfo (RoleInfo.java:shutdownFollowerState(121)) - 3d3aac8b-d4d1-454d-bf0c-88a180692893: shutdown FollowerState
2019-10-18 07:54:21,011 [Thread-1405] INFO  impl.FollowerState (FollowerState.java:run(117)) - 3d3aac8b-d4d1-454d-bf0c-88a180692893@group-BAC069DAEF17-FollowerState was interrupted: java.lang.InterruptedException: sleep interrupted
2019-10-18 07:54:21,011 [grpc-default-executor-6] INFO  impl.RoleInfo (RoleInfo.java:updateAndGet(143)) - 3d3aac8b-d4d1-454d-bf0c-88a180692893: start FollowerState
2019-10-18 07:54:21,027 [4b487190-7547-40c7-b780-43c37a89e8eb@group-BAC069DAEF17-LeaderElection163] INFO  impl.LeaderElection (LeaderElection.java:logAndReturn(56)) - 4b487190-7547-40c7-b780-43c37a89e8eb@group-BAC069DAEF17-LeaderElection163: Election REJECTED; received 2 response(s) [4b487190-7547-40c7-b780-43c37a89e8eb<-6fa005cd-25d6-4e29-bda6-9462a060c098#0:FAIL-t171, 4b487190-7547-40c7-b780-43c37a89e8eb<-3d3aac8b-d4d1-454d-bf0c-88a180692893#0:FAIL-t171] and 0 exception(s); 4b487190-7547-40c7-b780-43c37a89e8eb@group-BAC069DAEF17:t171, leader=null, voted=4b487190-7547-40c7-b780-43c37a89e8eb, raftlog=4b487190-7547-40c7-b780-43c37a89e8eb@group-BAC069DAEF17-SegmentedRaftLog:OPENED:c-1,f-1,i0, conf=-1: [6fa005cd-25d6-4e29-bda6-9462a060c098:192.168.69.67:36093, 4b487190-7547-40c7-b780-43c37a89e8eb:192.168.69.67:39683, 3d3aac8b-d4d1-454d-bf0c-88a180692893:192.168.69.67:34429], old=null
2019-10-18 07:54:21,027 [4b487190-7547-40c7-b780-43c37a89e8eb@group-BAC069DAEF17-LeaderElection163] INFO  impl.RaftServerImpl (RaftServerImpl.java:setRole(184)) - 4b487190-7547-40c7-b780-43c37a89e8eb@group-BAC069DAEF17: changes role from CANDIDATE to FOLLOWER at term 171 for DISCOVERED_A_NEW_TERM
2019-10-18 07:54:21,027 [4b487190-7547-40c7-b780-43c37a89e8eb@group-BAC069DAEF17-LeaderElection163] INFO  impl.RoleInfo (RoleInfo.java:shutdownLeaderElection(134)) - 4b487190-7547-40c7-b780-43c37a89e8eb: shutdown LeaderElection
2019-10-18 07:54:21,027 [4b487190-7547-40c7-b780-43c37a89e8eb@group-BAC069DAEF17-LeaderElection163] INFO  impl.RoleInfo (RoleInfo.java:updateAndGet(143)) - 4b487190-7547-40c7-b780-43c37a89e8eb: start FollowerState
2019-10-18 07:54:21,203 [Thread-1412] INFO  impl.FollowerState (FollowerState.java:run(108)) - 4b487190-7547-40c7-b780-43c37a89e8eb@group-BAC069DAEF17-FollowerState: change to CANDIDATE, lastRpcTime:175ms, electionTimeout:175ms
2019-10-18 07:54:21,203 [Thread-1412] INFO  impl.RoleInfo (RoleInfo.java:shutdownFollowerState(121)) - 4b487190-7547-40c7-b780-43c37a89e8eb: shutdown FollowerState
2019-10-18 07:54:21,203 [Thread-1412] INFO  impl.RaftServerImpl (RaftServerImpl.java:setRole(184)) - 4b487190-7547-40c7-b780-43c37a89e8eb@group-BAC069DAEF17: changes role from  FOLLOWER to CANDIDATE at term 171 for changeToCandidate
2019-10-18 07:54:21,204 [Thread-1412] INFO  impl.RoleInfo (RoleInfo.java:updateAndGet(143)) - 4b487190-7547-40c7-b780-43c37a89e8eb: start LeaderElection
2019-10-18 07:54:21,231 [4b487190-7547-40c7-b780-43c37a89e8eb@group-BAC069DAEF17-LeaderElection164] INFO  impl.LeaderElection (LeaderElection.java:askForVotes(178)) - 4b487190-7547-40c7-b780-43c37a89e8eb@group-BAC069DAEF17-LeaderElection164: begin an election at term 172 for -1: [6fa005cd-25d6-4e29-bda6-9462a060c098:192.168.69.67:36093, 4b487190-7547-40c7-b780-43c37a89e8eb:192.168.69.67:39683, 3d3aac8b-d4d1-454d-bf0c-88a180692893:192.168.69.67:34429], old=null
2019-10-18 07:54:21,233 [grpc-default-executor-6] INFO  impl.RaftServerImpl (RaftServerImpl.java:setRole(184)) - 3d3aac8b-d4d1-454d-bf0c-88a180692893@group-BAC069DAEF17: changes role from  FOLLOWER to FOLLOWER at term 172 for recognizeCandidate:4b487190-7547-40c7-b780-43c37a89e8eb
2019-10-18 07:54:21,234 [grpc-default-executor-3] INFO  impl.RaftServerImpl (RaftServerImpl.java:setRole(184)) - 6fa005cd-25d6-4e29-bda6-9462a060c098@group-BAC069DAEF17: changes role from  FOLLOWER to FOLLOWER at term 172 for recognizeCandidate:4b487190-7547-40c7-b780-43c37a89e8eb
2019-10-18 07:54:21,234 [grpc-default-executor-6] INFO  impl.RoleInfo (RoleInfo.java:shutdownFollowerState(121)) - 3d3aac8b-d4d1-454d-bf0c-88a180692893: shutdown FollowerState
2019-10-18 07:54:21,234 [grpc-default-executor-3] INFO  impl.RoleInfo (RoleInfo.java:shutdownFollowerState(121)) - 6fa005cd-25d6-4e29-bda6-9462a060c098: shutdown FollowerState
2019-10-18 07:54:21,234 [Thread-1411] INFO  impl.FollowerState (FollowerState.java:run(117)) - 3d3aac8b-d4d1-454d-bf0c-88a180692893@group-BAC069DAEF17-FollowerState was interrupted: java.lang.InterruptedException: sleep interrupted
2019-10-18 07:54:21,234 [grpc-default-executor-6] INFO  impl.RoleInfo (RoleInfo.java:updateAndGet(143)) - 3d3aac8b-d4d1-454d-bf0c-88a180692893: start FollowerState
2019-10-18 07:54:21,234 [Thread-1410] INFO  impl.FollowerState (FollowerState.java:run(117)) - 6fa005cd-25d6-4e29-bda6-9462a060c098@group-BAC069DAEF17-FollowerState was interrupted: java.lang.InterruptedException: sleep interrupted
2019-10-18 07:54:21,234 [grpc-default-executor-3] INFO  impl.RoleInfo (RoleInfo.java:updateAndGet(143)) - 6fa005cd-25d6-4e29-bda6-9462a060c098: start FollowerState
2019-10-18 07:54:21,250 [4b487190-7547-40c7-b780-43c37a89e8eb@group-BAC069DAEF17-LeaderElection164] INFO  impl.LeaderElection (LeaderElection.java:logAndReturn(56)) - 4b487190-7547-40c7-b780-43c37a89e8eb@group-BAC069DAEF17-LeaderElection164: Election REJECTED; received 2 response(s) [4b487190-7547-40c7-b780-43c37a89e8eb<-6fa005cd-25d6-4e29-bda6-9462a060c098#0:FAIL-t172, 4b487190-7547-40c7-b780-43c37a89e8eb<-3d3aac8b-d4d1-454d-bf0c-88a180692893#0:FAIL-t172] and 0 exception(s); 4b487190-7547-40c7-b780-43c37a89e8eb@group-BAC069DAEF17:t172, leader=null, voted=4b487190-7547-40c7-b780-43c37a89e8eb, raftlog=4b487190-7547-40c7-b780-43c37a89e8eb@group-BAC069DAEF17-SegmentedRaftLog:OPENED:c-1,f-1,i0, conf=-1: [6fa005cd-25d6-4e29-bda6-9462a060c098:192.168.69.67:36093, 4b487190-7547-40c7-b780-43c37a89e8eb:192.168.69.67:39683, 3d3aac8b-d4d1-454d-bf0c-88a180692893:192.168.69.67:34429], old=null
2019-10-18 07:54:21,250 [4b487190-7547-40c7-b780-43c37a89e8eb@group-BAC069DAEF17-LeaderElection164] INFO  impl.RaftServerImpl (RaftServerImpl.java:setRole(184)) - 4b487190-7547-40c7-b780-43c37a89e8eb@group-BAC069DAEF17: changes role from CANDIDATE to FOLLOWER at term 172 for DISCOVERED_A_NEW_TERM
2019-10-18 07:54:21,250 [4b487190-7547-40c7-b780-43c37a89e8eb@group-BAC069DAEF17-LeaderElection164] INFO  impl.RoleInfo (RoleInfo.java:shutdownLeaderElection(134)) - 4b487190-7547-40c7-b780-43c37a89e8eb: shutdown LeaderElection
2019-10-18 07:54:21,250 [4b487190-7547-40c7-b780-43c37a89e8eb@group-BAC069DAEF17-LeaderElection164] INFO  impl.RoleInfo (RoleInfo.java:updateAndGet(143)) - 4b487190-7547-40c7-b780-43c37a89e8eb: start FollowerState
2019-10-18 07:54:21,284 [Thread-1418] INFO  impl.FollowerState (FollowerState.java:run(108)) - 4b487190-7547-40c7-b780-43c37a89e8eb@group-BAC069DAEF17-FollowerState: change to CANDIDATE, lastRpcTime:33ms, electionTimeout:33ms
2019-10-18 07:54:21,284 [Thread-1418] INFO  impl.RoleInfo (RoleInfo.java:shutdownFollowerState(121)) - 4b487190-7547-40c7-b780-43c37a89e8eb: shutdown FollowerState
2019-10-18 07:54:21,284 [Thread-1418] INFO  impl.RaftServerImpl (RaftServerImpl.java:setRole(184)) - 4b487190-7547-40c7-b780-43c37a89e8eb@group-BAC069DAEF17: changes role from  FOLLOWER to CANDIDATE at term 172 for changeToCandidate
2019-10-18 07:54:21,284 [Thread-1418] INFO  impl.RoleInfo (RoleInfo.java:updateAndGet(143)) - 4b487190-7547-40c7-b780-43c37a89e8eb: start LeaderElection
2019-10-18 07:54:21,298 [4b487190-7547-40c7-b780-43c37a89e8eb@group-BAC069DAEF17-LeaderElection165] INFO  impl.LeaderElection (LeaderElection.java:askForVotes(178)) - 4b487190-7547-40c7-b780-43c37a89e8eb@group-BAC069DAEF17-LeaderElection165: begin an election at term 173 for -1: [6fa005cd-25d6-4e29-bda6-9462a060c098:192.168.69.67:36093, 4b487190-7547-40c7-b780-43c37a89e8eb:192.168.69.67:39683, 3d3aac8b-d4d1-454d-bf0c-88a180692893:192.168.69.67:34429], old=null
2019-10-18 07:54:21,300 [grpc-default-executor-3] INFO  impl.RaftServerImpl (RaftServerImpl.java:setRole(184)) - 6fa005cd-25d6-4e29-bda6-9462a060c098@group-BAC069DAEF17: changes role from  FOLLOWER to FOLLOWER at term 173 for recognizeCandidate:4b487190-7547-40c7-b780-43c37a89e8eb
2019-10-18 07:54:21,301 [grpc-default-executor-3] INFO  impl.RoleInfo (RoleInfo.java:shutdownFollowerState(121)) - 6fa005cd-25d6-4e29-bda6-9462a060c098: shutdown FollowerState
2019-10-18 07:54:21,300 [grpc-default-executor-6] INFO  impl.RaftServerImpl (RaftServerImpl.java:setRole(184)) - 3d3aac8b-d4d1-454d-bf0c-88a180692893@group-BAC069DAEF17: changes role from  FOLLOWER to FOLLOWER at term 173 for recognizeCandidate:4b487190-7547-40c7-b780-43c37a89e8eb
2019-10-18 07:54:21,301 [Thread-1417] INFO  impl.FollowerState (FollowerState.java:run(117)) - 6fa005cd-25d6-4e29-bda6-9462a060c098@group-BAC069DAEF17-FollowerState was interrupted: java.lang.InterruptedException: sleep interrupted
2019-10-18 07:54:21,301 [grpc-default-executor-3] INFO  impl.RoleInfo (RoleInfo.java:updateAndGet(143)) - 6fa005cd-25d6-4e29-bda6-9462a060c098: start FollowerState
2019-10-18 07:54:21,301 [grpc-default-executor-6] INFO  impl.RoleInfo (RoleInfo.java:shutdownFollowerState(121)) - 3d3aac8b-d4d1-454d-bf0c-88a180692893: shutdown FollowerState
2019-10-18 07:54:21,302 [grpc-default-executor-6] INFO  impl.RoleInfo (RoleInfo.java:updateAndGet(143)) - 3d3aac8b-d4d1-454d-bf0c-88a180692893: start FollowerState
2019-10-18 07:54:21,302 [Thread-1416] INFO  impl.FollowerState (FollowerState.java:run(117)) - 3d3aac8b-d4d1-454d-bf0c-88a180692893@group-BAC069DAEF17-FollowerState was interrupted: java.lang.InterruptedException: sleep interrupted
2019-10-18 07:54:21,317 [4b487190-7547-40c7-b780-43c37a89e8eb@group-BAC069DAEF17-LeaderElection165] INFO  impl.LeaderElection (LeaderElection.java:logAndReturn(56)) - 4b487190-7547-40c7-b780-43c37a89e8eb@group-BAC069DAEF17-LeaderElection165: Election REJECTED; received 2 response(s) [4b487190-7547-40c7-b780-43c37a89e8eb<-6fa005cd-25d6-4e29-bda6-9462a060c098#0:FAIL-t173, 4b487190-7547-40c7-b780-43c37a89e8eb<-3d3aac8b-d4d1-454d-bf0c-88a180692893#0:FAIL-t173] and 0 exception(s); 4b487190-7547-40c7-b780-43c37a89e8eb@group-BAC069DAEF17:t173, leader=null, voted=4b487190-7547-40c7-b780-43c37a89e8eb, raftlog=4b487190-7547-40c7-b780-43c37a89e8eb@group-BAC069DAEF17-SegmentedRaftLog:OPENED:c-1,f-1,i0, conf=-1: [6fa005cd-25d6-4e29-bda6-9462a060c098:192.168.69.67:36093, 4b487190-7547-40c7-b780-43c37a89e8eb:192.168.69.67:39683, 3d3aac8b-d4d1-454d-bf0c-88a180692893:192.168.69.67:34429], old=null
2019-10-18 07:54:21,317 [4b487190-7547-40c7-b780-43c37a89e8eb@group-BAC069DAEF17-LeaderElection165] INFO  impl.RaftServerImpl (RaftServerImpl.java:setRole(184)) - 4b487190-7547-40c7-b780-43c37a89e8eb@group-BAC069DAEF17: changes role from CANDIDATE to FOLLOWER at term 173 for DISCOVERED_A_NEW_TERM
2019-10-18 07:54:21,318 [4b487190-7547-40c7-b780-43c37a89e8eb@group-BAC069DAEF17-LeaderElection165] INFO  impl.RoleInfo (RoleInfo.java:shutdownLeaderElection(134)) - 4b487190-7547-40c7-b780-43c37a89e8eb: shutdown LeaderElection
2019-10-18 07:54:21,318 [4b487190-7547-40c7-b780-43c37a89e8eb@group-BAC069DAEF17-LeaderElection165] INFO  impl.RoleInfo (RoleInfo.java:updateAndGet(143)) - 4b487190-7547-40c7-b780-43c37a89e8eb: start FollowerState
2019-10-18 07:54:21,498 [Thread-1424] INFO  impl.FollowerState (FollowerState.java:run(108)) - 4b487190-7547-40c7-b780-43c37a89e8eb@group-BAC069DAEF17-FollowerState: change to CANDIDATE, lastRpcTime:180ms, electionTimeout:180ms
2019-10-18 07:54:21,499 [Thread-1424] INFO  impl.RoleInfo (RoleInfo.java:shutdownFollowerState(121)) - 4b487190-7547-40c7-b780-43c37a89e8eb: shutdown FollowerState
2019-10-18 07:54:21,499 [Thread-1424] INFO  impl.RaftServerImpl (RaftServerImpl.java:setRole(184)) - 4b487190-7547-40c7-b780-43c37a89e8eb@group-BAC069DAEF17: changes role from  FOLLOWER to CANDIDATE at term 173 for changeToCandidate
2019-10-18 07:54:21,499 [Thread-1424] INFO  impl.RoleInfo (RoleInfo.java:updateAndGet(143)) - 4b487190-7547-40c7-b780-43c37a89e8eb: start LeaderElection
2019-10-18 07:54:21,529 [4b487190-7547-40c7-b780-43c37a89e8eb@group-BAC069DAEF17-LeaderElection166] INFO  impl.LeaderElection (LeaderElection.java:askForVotes(178)) - 4b487190-7547-40c7-b780-43c37a89e8eb@group-BAC069DAEF17-LeaderElection166: begin an election at term 174 for -1: [6fa005cd-25d6-4e29-bda6-9462a060c098:192.168.69.67:36093, 4b487190-7547-40c7-b780-43c37a89e8eb:192.168.69.67:39683, 3d3aac8b-d4d1-454d-bf0c-88a180692893:192.168.69.67:34429], old=null
2019-10-18 07:54:21,531 [grpc-default-executor-6] INFO  impl.RaftServerImpl (RaftServerImpl.java:setRole(184)) - 3d3aac8b-d4d1-454d-bf0c-88a180692893@group-BAC069DAEF17: changes role from  FOLLOWER to FOLLOWER at term 174 for recognizeCandidate:4b487190-7547-40c7-b780-43c37a89e8eb
2019-10-18 07:54:21,531 [grpc-default-executor-3] INFO  impl.RaftServerImpl (RaftServerImpl.java:setRole(184)) - 6fa005cd-25d6-4e29-bda6-9462a060c098@group-BAC069DAEF17: changes role from  FOLLOWER to FOLLOWER at term 174 for recognizeCandidate:4b487190-7547-40c7-b780-43c37a89e8eb
2019-10-18 07:54:21,531 [grpc-default-executor-6] INFO  impl.RoleInfo (RoleInfo.java:shutdownFollowerState(121)) - 3d3aac8b-d4d1-454d-bf0c-88a180692893: shutdown FollowerState
2019-10-18 07:54:21,532 [grpc-default-executor-3] INFO  impl.RoleInfo (RoleInfo.java:shutdownFollowerState(121)) - 6fa005cd-25d6-4e29-bda6-9462a060c098: shutdown FollowerState
2019-10-18 07:54:21,532 [Thread-1423] INFO  impl.FollowerState (FollowerState.java:run(117)) - 3d3aac8b-d4d1-454d-bf0c-88a180692893@group-BAC069DAEF17-FollowerState was interrupted: java.lang.InterruptedException: sleep interrupted
2019-10-18 07:54:21,532 [grpc-default-executor-6] INFO  impl.RoleInfo (RoleInfo.java:updateAndGet(143)) - 3d3aac8b-d4d1-454d-bf0c-88a180692893: start FollowerState
2019-10-18 07:54:21,532 [grpc-default-executor-3] INFO  impl.RoleInfo (RoleInfo.java:updateAndGet(143)) - 6fa005cd-25d6-4e29-bda6-9462a060c098: start FollowerState
2019-10-18 07:54:21,532 [Thread-1422] INFO  impl.FollowerState (FollowerState.java:run(117)) - 6fa005cd-25d6-4e29-bda6-9462a060c098@group-BAC069DAEF17-FollowerState was interrupted: java.lang.InterruptedException: sleep interrupted
2019-10-18 07:54:21,547 [4b487190-7547-40c7-b780-43c37a89e8eb@group-BAC069DAEF17-LeaderElection166] INFO  impl.LeaderElection (LeaderElection.java:logAndReturn(56)) - 4b487190-7547-40c7-b780-43c37a89e8eb@group-BAC069DAEF17-LeaderElection166: Election REJECTED; received 2 response(s) [4b487190-7547-40c7-b780-43c37a89e8eb<-6fa005cd-25d6-4e29-bda6-9462a060c098#0:FAIL-t174, 4b487190-7547-40c7-b780-43c37a89e8eb<-3d3aac8b-d4d1-454d-bf0c-88a180692893#0:FAIL-t174] and 0 exception(s); 4b487190-7547-40c7-b780-43c37a89e8eb@group-BAC069DAEF17:t174, leader=null, voted=4b487190-7547-40c7-b780-43c37a89e8eb, raftlog=4b487190-7547-40c7-b780-43c37a89e8eb@group-BAC069DAEF17-SegmentedRaftLog:OPENED:c-1,f-1,i0, conf=-1: [6fa005cd-25d6-4e29-bda6-9462a060c098:192.168.69.67:36093, 4b487190-7547-40c7-b780-43c37a89e8eb:192.168.69.67:39683, 3d3aac8b-d4d1-454d-bf0c-88a180692893:192.168.69.67:34429], old=null
2019-10-18 07:54:21,547 [4b487190-7547-40c7-b780-43c37a89e8eb@group-BAC069DAEF17-LeaderElection166] INFO  impl.RaftServerImpl (RaftServerImpl.java:setRole(184)) - 4b487190-7547-40c7-b780-43c37a89e8eb@group-BAC069DAEF17: changes role from CANDIDATE to FOLLOWER at term 174 for DISCOVERED_A_NEW_TERM
2019-10-18 07:54:21,548 [4b487190-7547-40c7-b780-43c37a89e8eb@group-BAC069DAEF17-LeaderElection166] INFO  impl.RoleInfo (RoleInfo.java:shutdownLeaderElection(134)) - 4b487190-7547-40c7-b780-43c37a89e8eb: shutdown LeaderElection
2019-10-18 07:54:21,548 [4b487190-7547-40c7-b780-43c37a89e8eb@group-BAC069DAEF17-LeaderElection166] INFO  impl.RoleInfo (RoleInfo.java:updateAndGet(143)) - 4b487190-7547-40c7-b780-43c37a89e8eb: start FollowerState
2019-10-18 07:54:21,591 [Thread-1430] INFO  impl.FollowerState (FollowerState.java:run(108)) - 4b487190-7547-40c7-b780-43c37a89e8eb@group-BAC069DAEF17-FollowerState: change to CANDIDATE, lastRpcTime:43ms, electionTimeout:43ms
2019-10-18 07:54:21,591 [Thread-1430] INFO  impl.RoleInfo (RoleInfo.java:shutdownFollowerState(121)) - 4b487190-7547-40c7-b780-43c37a89e8eb: shutdown FollowerState
2019-10-18 07:54:21,592 [Thread-1430] INFO  impl.RaftServerImpl (RaftServerImpl.java:setRole(184)) - 4b487190-7547-40c7-b780-43c37a89e8eb@group-BAC069DAEF17: changes role from  FOLLOWER to CANDIDATE at term 174 for changeToCandidate
2019-10-18 07:54:21,592 [Thread-1430] INFO  impl.RoleInfo (RoleInfo.java:updateAndGet(143)) - 4b487190-7547-40c7-b780-43c37a89e8eb: start LeaderElection
2019-10-18 07:54:21,606 [4b487190-7547-40c7-b780-43c37a89e8eb@group-BAC069DAEF17-LeaderElection167] INFO  impl.LeaderElection (LeaderElection.java:askForVotes(178)) - 4b487190-7547-40c7-b780-43c37a89e8eb@group-BAC069DAEF17-LeaderElection167: begin an election at term 175 for -1: [6fa005cd-25d6-4e29-bda6-9462a060c098:192.168.69.67:36093, 4b487190-7547-40c7-b780-43c37a89e8eb:192.168.69.67:39683, 3d3aac8b-d4d1-454d-bf0c-88a180692893:192.168.69.67:34429], old=null
2019-10-18 07:54:21,610 [grpc-default-executor-3] INFO  impl.RaftServerImpl (RaftServerImpl.java:setRole(184)) - 6fa005cd-25d6-4e29-bda6-9462a060c098@group-BAC069DAEF17: changes role from  FOLLOWER to FOLLOWER at term 175 for recognizeCandidate:4b487190-7547-40c7-b780-43c37a89e8eb
2019-10-18 07:54:21,610 [grpc-default-executor-3] INFO  impl.RoleInfo (RoleInfo.java:shutdownFollowerState(121)) - 6fa005cd-25d6-4e29-bda6-9462a060c098: shutdown FollowerState
2019-10-18 07:54:21,610 [grpc-default-executor-3] INFO  impl.RoleInfo (RoleInfo.java:updateAndGet(143)) - 6fa005cd-25d6-4e29-bda6-9462a060c098: start FollowerState
2019-10-18 07:54:21,610 [Thread-1429] INFO  impl.FollowerState (FollowerState.java:run(117)) - 6fa005cd-25d6-4e29-bda6-9462a060c098@group-BAC069DAEF17-FollowerState was interrupted: java.lang.InterruptedException: sleep interrupted
2019-10-18 07:54:21,611 [grpc-default-executor-6] INFO  impl.RaftServerImpl (RaftServerImpl.java:setRole(184)) - 3d3aac8b-d4d1-454d-bf0c-88a180692893@group-BAC069DAEF17: changes role from  FOLLOWER to FOLLOWER at term 175 for recognizeCandidate:4b487190-7547-40c7-b780-43c37a89e8eb
2019-10-18 07:54:21,611 [grpc-default-executor-6] INFO  impl.RoleInfo (RoleInfo.java:shutdownFollowerState(121)) - 3d3aac8b-d4d1-454d-bf0c-88a180692893: shutdown FollowerState
2019-10-18 07:54:21,611 [grpc-default-executor-6] INFO  impl.RoleInfo (RoleInfo.java:updateAndGet(143)) - 3d3aac8b-d4d1-454d-bf0c-88a180692893: start FollowerState
2019-10-18 07:54:21,611 [Thread-1428] INFO  impl.FollowerState (FollowerState.java:run(117)) - 3d3aac8b-d4d1-454d-bf0c-88a180692893@group-BAC069DAEF17-FollowerState was interrupted: java.lang.InterruptedException: sleep interrupted
2019-10-18 07:54:21,626 [4b487190-7547-40c7-b780-43c37a89e8eb@group-BAC069DAEF17-LeaderElection167] INFO  impl.LeaderElection (LeaderElection.java:logAndReturn(56)) - 4b487190-7547-40c7-b780-43c37a89e8eb@group-BAC069DAEF17-LeaderElection167: Election REJECTED; received 2 response(s) [4b487190-7547-40c7-b780-43c37a89e8eb<-6fa005cd-25d6-4e29-bda6-9462a060c098#0:FAIL-t175, 4b487190-7547-40c7-b780-43c37a89e8eb<-3d3aac8b-d4d1-454d-bf0c-88a180692893#0:FAIL-t175] and 0 exception(s); 4b487190-7547-40c7-b780-43c37a89e8eb@group-BAC069DAEF17:t175, leader=null, voted=4b487190-7547-40c7-b780-43c37a89e8eb, raftlog=4b487190-7547-40c7-b780-43c37a89e8eb@group-BAC069DAEF17-SegmentedRaftLog:OPENED:c-1,f-1,i0, conf=-1: [6fa005cd-25d6-4e29-bda6-9462a060c098:192.168.69.67:36093, 4b487190-7547-40c7-b780-43c37a89e8eb:192.168.69.67:39683, 3d3aac8b-d4d1-454d-bf0c-88a180692893:192.168.69.67:34429], old=null
2019-10-18 07:54:21,627 [4b487190-7547-40c7-b780-43c37a89e8eb@group-BAC069DAEF17-LeaderElection167] INFO  impl.RaftServerImpl (RaftServerImpl.java:setRole(184)) - 4b487190-7547-40c7-b780-43c37a89e8eb@group-BAC069DAEF17: changes role from CANDIDATE to FOLLOWER at term 175 for DISCOVERED_A_NEW_TERM
2019-10-18 07:54:21,627 [4b487190-7547-40c7-b780-43c37a89e8eb@group-BAC069DAEF17-LeaderElection167] INFO  impl.RoleInfo (RoleInfo.java:shutdownLeaderElection(134)) - 4b487190-7547-40c7-b780-43c37a89e8eb: shutdown LeaderElection
2019-10-18 07:54:21,627 [4b487190-7547-40c7-b780-43c37a89e8eb@group-BAC069DAEF17-LeaderElection167] INFO  impl.RoleInfo (RoleInfo.java:updateAndGet(143)) - 4b487190-7547-40c7-b780-43c37a89e8eb: start FollowerState
2019-10-18 07:54:21,792 [Thread-1436] INFO  impl.FollowerState (FollowerState.java:run(108)) - 4b487190-7547-40c7-b780-43c37a89e8eb@group-BAC069DAEF17-FollowerState: change to CANDIDATE, lastRpcTime:165ms, electionTimeout:165ms
2019-10-18 07:54:21,793 [Thread-1436] INFO  impl.RoleInfo (RoleInfo.java:shutdownFollowerState(121)) - 4b487190-7547-40c7-b780-43c37a89e8eb: shutdown FollowerState
2019-10-18 07:54:21,793 [Thread-1436] INFO  impl.RaftServerImpl (RaftServerImpl.java:setRole(184)) - 4b487190-7547-40c7-b780-43c37a89e8eb@group-BAC069DAEF17: changes role from  FOLLOWER to CANDIDATE at term 175 for changeToCandidate
2019-10-18 07:54:21,793 [Thread-1436] INFO  impl.RoleInfo (RoleInfo.java:updateAndGet(143)) - 4b487190-7547-40c7-b780-43c37a89e8eb: start LeaderElection
2019-10-18 07:54:21,813 [4b487190-7547-40c7-b780-43c37a89e8eb@group-BAC069DAEF17-LeaderElection168] INFO  impl.LeaderElection (LeaderElection.java:askForVotes(178)) - 4b487190-7547-40c7-b780-43c37a89e8eb@group-BAC069DAEF17-LeaderElection168: begin an election at term 176 for -1: [6fa005cd-25d6-4e29-bda6-9462a060c098:192.168.69.67:36093, 4b487190-7547-40c7-b780-43c37a89e8eb:192.168.69.67:39683, 3d3aac8b-d4d1-454d-bf0c-88a180692893:192.168.69.67:34429], old=null
2019-10-18 07:54:21,816 [grpc-default-executor-6] INFO  impl.RaftServerImpl (RaftServerImpl.java:setRole(184)) - 3d3aac8b-d4d1-454d-bf0c-88a180692893@group-BAC069DAEF17: changes role from  FOLLOWER to FOLLOWER at term 176 for recognizeCandidate:4b487190-7547-40c7-b780-43c37a89e8eb
2019-10-18 07:54:21,816 [grpc-default-executor-6] INFO  impl.RoleInfo (RoleInfo.java:shutdownFollowerState(121)) - 3d3aac8b-d4d1-454d-bf0c-88a180692893: shutdown FollowerState
2019-10-18 07:54:21,816 [grpc-default-executor-3] INFO  impl.RaftServerImpl (RaftServerImpl.java:setRole(184)) - 6fa005cd-25d6-4e29-bda6-9462a060c098@group-BAC069DAEF17: changes role from  FOLLOWER to FOLLOWER at term 176 for recognizeCandidate:4b487190-7547-40c7-b780-43c37a89e8eb
2019-10-18 07:54:21,816 [grpc-default-executor-3] INFO  impl.RoleInfo (RoleInfo.java:shutdownFollowerState(121)) - 6fa005cd-25d6-4e29-bda6-9462a060c098: shutdown FollowerState
2019-10-18 07:54:21,816 [Thread-1435] INFO  impl.FollowerState (FollowerState.java:run(117)) - 3d3aac8b-d4d1-454d-bf0c-88a180692893@group-BAC069DAEF17-FollowerState was interrupted: java.lang.InterruptedException: sleep interrupted
2019-10-18 07:54:21,816 [grpc-default-executor-6] INFO  impl.RoleInfo (RoleInfo.java:updateAndGet(143)) - 3d3aac8b-d4d1-454d-bf0c-88a180692893: start FollowerState
2019-10-18 07:54:21,817 [Thread-1434] INFO  impl.FollowerState (FollowerState.java:run(117)) - 6fa005cd-25d6-4e29-bda6-9462a060c098@group-BAC069DAEF17-FollowerState was interrupted: java.lang.InterruptedException: sleep interrupted
2019-10-18 07:54:21,817 [grpc-default-executor-3] INFO  impl.RoleInfo (RoleInfo.java:updateAndGet(143)) - 6fa005cd-25d6-4e29-bda6-9462a060c098: start FollowerState
2019-10-18 07:54:21,843 [4b487190-7547-40c7-b780-43c37a89e8eb@group-BAC069DAEF17-LeaderElection168] INFO  impl.LeaderElection (LeaderElection.java:logAndReturn(56)) - 4b487190-7547-40c7-b780-43c37a89e8eb@group-BAC069DAEF17-LeaderElection168: Election REJECTED; received 2 response(s) [4b487190-7547-40c7-b780-43c37a89e8eb<-6fa005cd-25d6-4e29-bda6-9462a060c098#0:FAIL-t176, 4b487190-7547-40c7-b780-43c37a89e8eb<-3d3aac8b-d4d1-454d-bf0c-88a180692893#0:FAIL-t176] and 0 exception(s); 4b487190-7547-40c7-b780-43c37a89e8eb@group-BAC069DAEF17:t176, leader=null, voted=4b487190-7547-40c7-b780-43c37a89e8eb, raftlog=4b487190-7547-40c7-b780-43c37a89e8eb@group-BAC069DAEF17-SegmentedRaftLog:OPENED:c-1,f-1,i0, conf=-1: [6fa005cd-25d6-4e29-bda6-9462a060c098:192.168.69.67:36093, 4b487190-7547-40c7-b780-43c37a89e8eb:192.168.69.67:39683, 3d3aac8b-d4d1-454d-bf0c-88a180692893:192.168.69.67:34429], old=null
2019-10-18 07:54:21,843 [4b487190-7547-40c7-b780-43c37a89e8eb@group-BAC069DAEF17-LeaderElection168] INFO  impl.RaftServerImpl (RaftServerImpl.java:setRole(184)) - 4b487190-7547-40c7-b780-43c37a89e8eb@group-BAC069DAEF17: changes role from CANDIDATE to FOLLOWER at term 176 for DISCOVERED_A_NEW_TERM
2019-10-18 07:54:21,843 [4b487190-7547-40c7-b780-43c37a89e8eb@group-BAC069DAEF17-LeaderElection168] INFO  impl.RoleInfo (RoleInfo.java:shutdownLeaderElection(134)) - 4b487190-7547-40c7-b780-43c37a89e8eb: shutdown LeaderElection
2019-10-18 07:54:21,843 [4b487190-7547-40c7-b780-43c37a89e8eb@group-BAC069DAEF17-LeaderElection168] INFO  impl.RoleInfo (RoleInfo.java:updateAndGet(143)) - 4b487190-7547-40c7-b780-43c37a89e8eb: start FollowerState
2019-10-18 07:54:21,984 [Thread-1442] INFO  impl.FollowerState (FollowerState.java:run(108)) - 4b487190-7547-40c7-b780-43c37a89e8eb@group-BAC069DAEF17-FollowerState: change to CANDIDATE, lastRpcTime:140ms, electionTimeout:140ms
2019-10-18 07:54:21,984 [Thread-1442] INFO  impl.RoleInfo (RoleInfo.java:shutdownFollowerState(121)) - 4b487190-7547-40c7-b780-43c37a89e8eb: shutdown FollowerState
2019-10-18 07:54:21,984 [Thread-1442] INFO  impl.RaftServerImpl (RaftServerImpl.java:setRole(184)) - 4b487190-7547-40c7-b780-43c37a89e8eb@group-BAC069DAEF17: changes role from  FOLLOWER to CANDIDATE at term 176 for changeToCandidate
2019-10-18 07:54:21,984 [Thread-1442] INFO  impl.RoleInfo (RoleInfo.java:updateAndGet(143)) - 4b487190-7547-40c7-b780-43c37a89e8eb: start LeaderElection
2019-10-18 07:54:21,993 [4b487190-7547-40c7-b780-43c37a89e8eb@group-BAC069DAEF17-LeaderElection169] INFO  impl.LeaderElection (LeaderElection.java:askForVotes(178)) - 4b487190-7547-40c7-b780-43c37a89e8eb@group-BAC069DAEF17-LeaderElection169: begin an election at term 177 for -1: [6fa005cd-25d6-4e29-bda6-9462a060c098:192.168.69.67:36093, 4b487190-7547-40c7-b780-43c37a89e8eb:192.168.69.67:39683, 3d3aac8b-d4d1-454d-bf0c-88a180692893:192.168.69.67:34429], old=null
2019-10-18 07:54:21,996 [grpc-default-executor-3] INFO  impl.RaftServerImpl (RaftServerImpl.java:setRole(184)) - 3d3aac8b-d4d1-454d-bf0c-88a180692893@group-BAC069DAEF17: changes role from  FOLLOWER to FOLLOWER at term 177 for recognizeCandidate:4b487190-7547-40c7-b780-43c37a89e8eb
2019-10-18 07:54:21,996 [grpc-default-executor-6] INFO  impl.RaftServerImpl (RaftServerImpl.java:setRole(184)) - 6fa005cd-25d6-4e29-bda6-9462a060c098@group-BAC069DAEF17: changes role from  FOLLOWER to FOLLOWER at term 177 for recognizeCandidate:4b487190-7547-40c7-b780-43c37a89e8eb
2019-10-18 07:54:21,996 [grpc-default-executor-3] INFO  impl.RoleInfo (RoleInfo.java:shutdownFollowerState(121)) - 3d3aac8b-d4d1-454d-bf0c-88a180692893: shutdown FollowerState
2019-10-18 07:54:21,996 [grpc-default-executor-6] INFO  impl.RoleInfo (RoleInfo.java:shutdownFollowerState(121)) - 6fa005cd-25d6-4e29-bda6-9462a060c098: shutdown FollowerState
2019-10-18 07:54:21,997 [Thread-1440] INFO  impl.FollowerState (FollowerState.java:run(117)) - 3d3aac8b-d4d1-454d-bf0c-88a180692893@group-BAC069DAEF17-FollowerState was interrupted: java.lang.InterruptedException: sleep interrupted
2019-10-18 07:54:21,997 [Thread-1441] INFO  impl.FollowerState (FollowerState.java:run(117)) - 6fa005cd-25d6-4e29-bda6-9462a060c098@group-BAC069DAEF17-FollowerState was interrupted: java.lang.InterruptedException: sleep interrupted
2019-10-18 07:54:21,997 [grpc-default-executor-3] INFO  impl.RoleInfo (RoleInfo.java:updateAndGet(143)) - 3d3aac8b-d4d1-454d-bf0c-88a180692893: start FollowerState
2019-10-18 07:54:21,997 [grpc-default-executor-6] INFO  impl.RoleInfo (RoleInfo.java:updateAndGet(143)) - 6fa005cd-25d6-4e29-bda6-9462a060c098: start FollowerState
2019-10-18 07:54:22,014 [4b487190-7547-40c7-b780-43c37a89e8eb@group-BAC069DAEF17-LeaderElection169] INFO  impl.LeaderElection (LeaderElection.java:logAndReturn(56)) - 4b487190-7547-40c7-b780-43c37a89e8eb@group-BAC069DAEF17-LeaderElection169: Election REJECTED; received 2 response(s) [4b487190-7547-40c7-b780-43c37a89e8eb<-6fa005cd-25d6-4e29-bda6-9462a060c098#0:FAIL-t177, 4b487190-7547-40c7-b780-43c37a89e8eb<-3d3aac8b-d4d1-454d-bf0c-88a180692893#0:FAIL-t177] and 0 exception(s); 4b487190-7547-40c7-b780-43c37a89e8eb@group-BAC069DAEF17:t177, leader=null, voted=4b487190-7547-40c7-b780-43c37a89e8eb, raftlog=4b487190-7547-40c7-b780-43c37a89e8eb@group-BAC069DAEF17-SegmentedRaftLog:OPENED:c-1,f-1,i0, conf=-1: [6fa005cd-25d6-4e29-bda6-9462a060c098:192.168.69.67:36093, 4b487190-7547-40c7-b780-43c37a89e8eb:192.168.69.67:39683, 3d3aac8b-d4d1-454d-bf0c-88a180692893:192.168.69.67:34429], old=null
2019-10-18 07:54:22,014 [4b487190-7547-40c7-b780-43c37a89e8eb@group-BAC069DAEF17-LeaderElection169] INFO  impl.RaftServerImpl (RaftServerImpl.java:setRole(184)) - 4b487190-7547-40c7-b780-43c37a89e8eb@group-BAC069DAEF17: changes role from CANDIDATE to FOLLOWER at term 177 for DISCOVERED_A_NEW_TERM
2019-10-18 07:54:22,014 [4b487190-7547-40c7-b780-43c37a89e8eb@group-BAC069DAEF17-LeaderElection169] INFO  impl.RoleInfo (RoleInfo.java:shutdownLeaderElection(134)) - 4b487190-7547-40c7-b780-43c37a89e8eb: shutdown LeaderElection
2019-10-18 07:54:22,014 [4b487190-7547-40c7-b780-43c37a89e8eb@group-BAC069DAEF17-LeaderElection169] INFO  impl.RoleInfo (RoleInfo.java:updateAndGet(143)) - 4b487190-7547-40c7-b780-43c37a89e8eb: start FollowerState
2019-10-18 07:54:22,209 [Thread-1448] INFO  impl.FollowerState (FollowerState.java:run(108)) - 4b487190-7547-40c7-b780-43c37a89e8eb@group-BAC069DAEF17-FollowerState: change to CANDIDATE, lastRpcTime:194ms, electionTimeout:194ms
2019-10-18 07:54:22,209 [Thread-1448] INFO  impl.RoleInfo (RoleInfo.java:shutdownFollowerState(121)) - 4b487190-7547-40c7-b780-43c37a89e8eb: shutdown FollowerState
2019-10-18 07:54:22,209 [Thread-1448] INFO  impl.RaftServerImpl (RaftServerImpl.java:setRole(184)) - 4b487190-7547-40c7-b780-43c37a89e8eb@group-BAC069DAEF17: changes role from  FOLLOWER to CANDIDATE at term 177 for changeToCandidate
2019-10-18 07:54:22,209 [Thread-1448] INFO  impl.RoleInfo (RoleInfo.java:updateAndGet(143)) - 4b487190-7547-40c7-b780-43c37a89e8eb: start LeaderElection
2019-10-18 07:54:22,223 [4b487190-7547-40c7-b780-43c37a89e8eb@group-BAC069DAEF17-LeaderElection170] INFO  impl.LeaderElection (LeaderElection.java:askForVotes(178)) - 4b487190-7547-40c7-b780-43c37a89e8eb@group-BAC069DAEF17-LeaderElection170: begin an election at term 178 for -1: [6fa005cd-25d6-4e29-bda6-9462a060c098:192.168.69.67:36093, 4b487190-7547-40c7-b780-43c37a89e8eb:192.168.69.67:39683, 3d3aac8b-d4d1-454d-bf0c-88a180692893:192.168.69.67:34429], old=null
2019-10-18 07:54:22,226 [grpc-default-executor-6] INFO  impl.RaftServerImpl (RaftServerImpl.java:setRole(184)) - 6fa005cd-25d6-4e29-bda6-9462a060c098@group-BAC069DAEF17: changes role from  FOLLOWER to FOLLOWER at term 178 for recognizeCandidate:4b487190-7547-40c7-b780-43c37a89e8eb
2019-10-18 07:54:22,226 [grpc-default-executor-6] INFO  impl.RoleInfo (RoleInfo.java:shutdownFollowerState(121)) - 6fa005cd-25d6-4e29-bda6-9462a060c098: shutdown FollowerState
2019-10-18 07:54:22,226 [grpc-default-executor-3] INFO  impl.RaftServerImpl (RaftServerImpl.java:setRole(184)) - 3d3aac8b-d4d1-454d-bf0c-88a180692893@group-BAC069DAEF17: changes role from  FOLLOWER to FOLLOWER at term 178 for recognizeCandidate:4b487190-7547-40c7-b780-43c37a89e8eb
2019-10-18 07:54:22,226 [grpc-default-executor-3] INFO  impl.RoleInfo (RoleInfo.java:shutdownFollowerState(121)) - 3d3aac8b-d4d1-454d-bf0c-88a180692893: shutdown FollowerState
2019-10-18 07:54:22,226 [Thread-1447] INFO  impl.FollowerState (FollowerState.java:run(117)) - 6fa005cd-25d6-4e29-bda6-9462a060c098@group-BAC069DAEF17-FollowerState was interrupted: java.lang.InterruptedException: sleep interrupted
2019-10-18 07:54:22,226 [grpc-default-executor-6] INFO  impl.RoleInfo (RoleInfo.java:updateAndGet(143)) - 6fa005cd-25d6-4e29-bda6-9462a060c098: start FollowerState
2019-10-18 07:54:22,227 [Thread-1446] INFO  impl.FollowerState (FollowerState.java:run(117)) - 3d3aac8b-d4d1-454d-bf0c-88a180692893@group-BAC069DAEF17-FollowerState was interrupted: java.lang.InterruptedException: sleep interrupted
2019-10-18 07:54:22,227 [grpc-default-executor-3] INFO  impl.RoleInfo (RoleInfo.java:updateAndGet(143)) - 3d3aac8b-d4d1-454d-bf0c-88a180692893: start FollowerState
2019-10-18 07:54:22,243 [4b487190-7547-40c7-b780-43c37a89e8eb@group-BAC069DAEF17-LeaderElection170] INFO  impl.LeaderElection (LeaderElection.java:logAndReturn(56)) - 4b487190-7547-40c7-b780-43c37a89e8eb@group-BAC069DAEF17-LeaderElection170: Election REJECTED; received 2 response(s) [4b487190-7547-40c7-b780-43c37a89e8eb<-6fa005cd-25d6-4e29-bda6-9462a060c098#0:FAIL-t178, 4b487190-7547-40c7-b780-43c37a89e8eb<-3d3aac8b-d4d1-454d-bf0c-88a180692893#0:FAIL-t178] and 0 exception(s); 4b487190-7547-40c7-b780-43c37a89e8eb@group-BAC069DAEF17:t178, leader=null, voted=4b487190-7547-40c7-b780-43c37a89e8eb, raftlog=4b487190-7547-40c7-b780-43c37a89e8eb@group-BAC069DAEF17-SegmentedRaftLog:OPENED:c-1,f-1,i0, conf=-1: [6fa005cd-25d6-4e29-bda6-9462a060c098:192.168.69.67:36093, 4b487190-7547-40c7-b780-43c37a89e8eb:192.168.69.67:39683, 3d3aac8b-d4d1-454d-bf0c-88a180692893:192.168.69.67:34429], old=null
2019-10-18 07:54:22,243 [4b487190-7547-40c7-b780-43c37a89e8eb@group-BAC069DAEF17-LeaderElection170] INFO  impl.RaftServerImpl (RaftServerImpl.java:setRole(184)) - 4b487190-7547-40c7-b780-43c37a89e8eb@group-BAC069DAEF17: changes role from CANDIDATE to FOLLOWER at term 178 for DISCOVERED_A_NEW_TERM
2019-10-18 07:54:22,243 [4b487190-7547-40c7-b780-43c37a89e8eb@group-BAC069DAEF17-LeaderElection170] INFO  impl.RoleInfo (RoleInfo.java:shutdownLeaderElection(134)) - 4b487190-7547-40c7-b780-43c37a89e8eb: shutdown LeaderElection
2019-10-18 07:54:22,243 [4b487190-7547-40c7-b780-43c37a89e8eb@group-BAC069DAEF17-LeaderElection170] INFO  impl.RoleInfo (RoleInfo.java:updateAndGet(143)) - 4b487190-7547-40c7-b780-43c37a89e8eb: start FollowerState
2019-10-18 07:54:22,317 [Thread-1454] INFO  impl.FollowerState (FollowerState.java:run(108)) - 4b487190-7547-40c7-b780-43c37a89e8eb@group-BAC069DAEF17-FollowerState: change to CANDIDATE, lastRpcTime:73ms, electionTimeout:73ms
2019-10-18 07:54:22,317 [Thread-1454] INFO  impl.RoleInfo (RoleInfo.java:shutdownFollowerState(121)) - 4b487190-7547-40c7-b780-43c37a89e8eb: shutdown FollowerState
2019-10-18 07:54:22,317 [Thread-1454] INFO  impl.RaftServerImpl (RaftServerImpl.java:setRole(184)) - 4b487190-7547-40c7-b780-43c37a89e8eb@group-BAC069DAEF17: changes role from  FOLLOWER to CANDIDATE at term 178 for changeToCandidate
2019-10-18 07:54:22,317 [Thread-1454] INFO  impl.RoleInfo (RoleInfo.java:updateAndGet(143)) - 4b487190-7547-40c7-b780-43c37a89e8eb: start LeaderElection
2019-10-18 07:54:22,331 [4b487190-7547-40c7-b780-43c37a89e8eb@group-BAC069DAEF17-LeaderElection171] INFO  impl.LeaderElection (LeaderElection.java:askForVotes(178)) - 4b487190-7547-40c7-b780-43c37a89e8eb@group-BAC069DAEF17-LeaderElection171: begin an election at term 179 for -1: [6fa005cd-25d6-4e29-bda6-9462a060c098:192.168.69.67:36093, 4b487190-7547-40c7-b780-43c37a89e8eb:192.168.69.67:39683, 3d3aac8b-d4d1-454d-bf0c-88a180692893:192.168.69.67:34429], old=null
2019-10-18 07:54:22,335 [grpc-default-executor-6] INFO  impl.RaftServerImpl (RaftServerImpl.java:setRole(184)) - 6fa005cd-25d6-4e29-bda6-9462a060c098@group-BAC069DAEF17: changes role from  FOLLOWER to FOLLOWER at term 179 for recognizeCandidate:4b487190-7547-40c7-b780-43c37a89e8eb
2019-10-18 07:54:22,335 [grpc-default-executor-3] INFO  impl.RaftServerImpl (RaftServerImpl.java:setRole(184)) - 3d3aac8b-d4d1-454d-bf0c-88a180692893@group-BAC069DAEF17: changes role from  FOLLOWER to FOLLOWER at term 179 for recognizeCandidate:4b487190-7547-40c7-b780-43c37a89e8eb
2019-10-18 07:54:22,335 [grpc-default-executor-6] INFO  impl.RoleInfo (RoleInfo.java:shutdownFollowerState(121)) - 6fa005cd-25d6-4e29-bda6-9462a060c098: shutdown FollowerState
2019-10-18 07:54:22,336 [grpc-default-executor-3] INFO  impl.RoleInfo (RoleInfo.java:shutdownFollowerState(121)) - 3d3aac8b-d4d1-454d-bf0c-88a180692893: shutdown FollowerState
2019-10-18 07:54:22,336 [Thread-1452] INFO  impl.FollowerState (FollowerState.java:run(117)) - 6fa005cd-25d6-4e29-bda6-9462a060c098@group-BAC069DAEF17-FollowerState was interrupted: java.lang.InterruptedException: sleep interrupted
2019-10-18 07:54:22,336 [grpc-default-executor-6] INFO  impl.RoleInfo (RoleInfo.java:updateAndGet(143)) - 6fa005cd-25d6-4e29-bda6-9462a060c098: start FollowerState
2019-10-18 07:54:22,336 [Thread-1453] INFO  impl.FollowerState (FollowerState.java:run(117)) - 3d3aac8b-d4d1-454d-bf0c-88a180692893@group-BAC069DAEF17-FollowerState was interrupted: java.lang.InterruptedException: sleep interrupted
2019-10-18 07:54:22,336 [grpc-default-executor-3] INFO  impl.RoleInfo (RoleInfo.java:updateAndGet(143)) - 3d3aac8b-d4d1-454d-bf0c-88a180692893: start FollowerState
2019-10-18 07:54:22,362 [4b487190-7547-40c7-b780-43c37a89e8eb@group-BAC069DAEF17-LeaderElection171] INFO  impl.LeaderElection (LeaderElection.java:logAndReturn(56)) - 4b487190-7547-40c7-b780-43c37a89e8eb@group-BAC069DAEF17-LeaderElection171: Election REJECTED; received 2 response(s) [4b487190-7547-40c7-b780-43c37a89e8eb<-6fa005cd-25d6-4e29-bda6-9462a060c098#0:FAIL-t179, 4b487190-7547-40c7-b780-43c37a89e8eb<-3d3aac8b-d4d1-454d-bf0c-88a180692893#0:FAIL-t179] and 0 exception(s); 4b487190-7547-40c7-b780-43c37a89e8eb@group-BAC069DAEF17:t179, leader=null, voted=4b487190-7547-40c7-b780-43c37a89e8eb, raftlog=4b487190-7547-40c7-b780-43c37a89e8eb@group-BAC069DAEF17-SegmentedRaftLog:OPENED:c-1,f-1,i0, conf=-1: [6fa005cd-25d6-4e29-bda6-9462a060c098:192.168.69.67:36093, 4b487190-7547-40c7-b780-43c37a89e8eb:192.168.69.67:39683, 3d3aac8b-d4d1-454d-bf0c-88a180692893:192.168.69.67:34429], old=null
2019-10-18 07:54:22,362 [4b487190-7547-40c7-b780-43c37a89e8eb@group-BAC069DAEF17-LeaderElection171] INFO  impl.RaftServerImpl (RaftServerImpl.java:setRole(184)) - 4b487190-7547-40c7-b780-43c37a89e8eb@group-BAC069DAEF17: changes role from CANDIDATE to FOLLOWER at term 179 for DISCOVERED_A_NEW_TERM
2019-10-18 07:54:22,362 [4b487190-7547-40c7-b780-43c37a89e8eb@group-BAC069DAEF17-LeaderElection171] INFO  impl.RoleInfo (RoleInfo.java:shutdownLeaderElection(134)) - 4b487190-7547-40c7-b780-43c37a89e8eb: shutdown LeaderElection
2019-10-18 07:54:22,363 [4b487190-7547-40c7-b780-43c37a89e8eb@group-BAC069DAEF17-LeaderElection171] INFO  impl.RoleInfo (RoleInfo.java:updateAndGet(143)) - 4b487190-7547-40c7-b780-43c37a89e8eb: start FollowerState
2019-10-18 07:54:22,364 [Thread-1460] INFO  impl.FollowerState (FollowerState.java:run(108)) - 4b487190-7547-40c7-b780-43c37a89e8eb@group-BAC069DAEF17-FollowerState: change to CANDIDATE, lastRpcTime:1ms, electionTimeout:1ms
2019-10-18 07:54:22,364 [Thread-1460] INFO  impl.RoleInfo (RoleInfo.java:shutdownFollowerState(121)) - 4b487190-7547-40c7-b780-43c37a89e8eb: shutdown FollowerState
2019-10-18 07:54:22,364 [Thread-1460] INFO  impl.RaftServerImpl (RaftServerImpl.java:setRole(184)) - 4b487190-7547-40c7-b780-43c37a89e8eb@group-BAC069DAEF17: changes role from  FOLLOWER to CANDIDATE at term 179 for changeToCandidate
2019-10-18 07:54:22,364 [Thread-1460] INFO  impl.RoleInfo (RoleInfo.java:updateAndGet(143)) - 4b487190-7547-40c7-b780-43c37a89e8eb: start LeaderElection
2019-10-18 07:54:22,390 [4b487190-7547-40c7-b780-43c37a89e8eb@group-BAC069DAEF17-LeaderElection172] INFO  impl.LeaderElection (LeaderElection.java:askForVotes(178)) - 4b487190-7547-40c7-b780-43c37a89e8eb@group-BAC069DAEF17-LeaderElection172: begin an election at term 180 for -1: [6fa005cd-25d6-4e29-bda6-9462a060c098:192.168.69.67:36093, 4b487190-7547-40c7-b780-43c37a89e8eb:192.168.69.67:39683, 3d3aac8b-d4d1-454d-bf0c-88a180692893:192.168.69.67:34429], old=null
2019-10-18 07:54:22,392 [grpc-default-executor-3] INFO  impl.RaftServerImpl (RaftServerImpl.java:setRole(184)) - 6fa005cd-25d6-4e29-bda6-9462a060c098@group-BAC069DAEF17: changes role from  FOLLOWER to FOLLOWER at term 180 for recognizeCandidate:4b487190-7547-40c7-b780-43c37a89e8eb
2019-10-18 07:54:22,392 [grpc-default-executor-6] INFO  impl.RaftServerImpl (RaftServerImpl.java:setRole(184)) - 3d3aac8b-d4d1-454d-bf0c-88a180692893@group-BAC069DAEF17: changes role from  FOLLOWER to FOLLOWER at term 180 for recognizeCandidate:4b487190-7547-40c7-b780-43c37a89e8eb
2019-10-18 07:54:22,393 [grpc-default-executor-3] INFO  impl.RoleInfo (RoleInfo.java:shutdownFollowerState(121)) - 6fa005cd-25d6-4e29-bda6-9462a060c098: shutdown FollowerState
2019-10-18 07:54:22,393 [grpc-default-executor-6] INFO  impl.RoleInfo (RoleInfo.java:shutdownFollowerState(121)) - 3d3aac8b-d4d1-454d-bf0c-88a180692893: shutdown FollowerState
2019-10-18 07:54:22,393 [Thread-1458] INFO  impl.FollowerState (FollowerState.java:run(117)) - 6fa005cd-25d6-4e29-bda6-9462a060c098@group-BAC069DAEF17-FollowerState was interrupted: java.lang.InterruptedException: sleep interrupted
2019-10-18 07:54:22,393 [grpc-default-executor-3] INFO  impl.RoleInfo (RoleInfo.java:updateAndGet(143)) - 6fa005cd-25d6-4e29-bda6-9462a060c098: start FollowerState
2019-10-18 07:54:22,393 [Thread-1459] INFO  impl.FollowerState (FollowerState.java:run(117)) - 3d3aac8b-d4d1-454d-bf0c-88a180692893@group-BAC069DAEF17-FollowerState was interrupted: java.lang.InterruptedException: sleep interrupted
2019-10-18 07:54:22,393 [grpc-default-executor-6] INFO  impl.RoleInfo (RoleInfo.java:updateAndGet(143)) - 3d3aac8b-d4d1-454d-bf0c-88a180692893: start FollowerState
2019-10-18 07:54:22,411 [4b487190-7547-40c7-b780-43c37a89e8eb@group-BAC069DAEF17-LeaderElection172] INFO  impl.LeaderElection (LeaderElection.java:logAndReturn(56)) - 4b487190-7547-40c7-b780-43c37a89e8eb@group-BAC069DAEF17-LeaderElection172: Election REJECTED; received 2 response(s) [4b487190-7547-40c7-b780-43c37a89e8eb<-6fa005cd-25d6-4e29-bda6-9462a060c098#0:FAIL-t180, 4b487190-7547-40c7-b780-43c37a89e8eb<-3d3aac8b-d4d1-454d-bf0c-88a180692893#0:FAIL-t180] and 0 exception(s); 4b487190-7547-40c7-b780-43c37a89e8eb@group-BAC069DAEF17:t180, leader=null, voted=4b487190-7547-40c7-b780-43c37a89e8eb, raftlog=4b487190-7547-40c7-b780-43c37a89e8eb@group-BAC069DAEF17-SegmentedRaftLog:OPENED:c-1,f-1,i0, conf=-1: [6fa005cd-25d6-4e29-bda6-9462a060c098:192.168.69.67:36093, 4b487190-7547-40c7-b780-43c37a89e8eb:192.168.69.67:39683, 3d3aac8b-d4d1-454d-bf0c-88a180692893:192.168.69.67:34429], old=null
2019-10-18 07:54:22,411 [4b487190-7547-40c7-b780-43c37a89e8eb@group-BAC069DAEF17-LeaderElection172] INFO  impl.RaftServerImpl (RaftServerImpl.java:setRole(184)) - 4b487190-7547-40c7-b780-43c37a89e8eb@group-BAC069DAEF17: changes role from CANDIDATE to FOLLOWER at term 180 for DISCOVERED_A_NEW_TERM
2019-10-18 07:54:22,411 [4b487190-7547-40c7-b780-43c37a89e8eb@group-BAC069DAEF17-LeaderElection172] INFO  impl.RoleInfo (RoleInfo.java:shutdownLeaderElection(134)) - 4b487190-7547-40c7-b780-43c37a89e8eb: shutdown LeaderElection
2019-10-18 07:54:22,411 [4b487190-7547-40c7-b780-43c37a89e8eb@group-BAC069DAEF17-LeaderElection172] INFO  impl.RoleInfo (RoleInfo.java:updateAndGet(143)) - 4b487190-7547-40c7-b780-43c37a89e8eb: start FollowerState
2019-10-18 07:54:22,584 [Thread-1466] INFO  impl.FollowerState (FollowerState.java:run(108)) - 4b487190-7547-40c7-b780-43c37a89e8eb@group-BAC069DAEF17-FollowerState: change to CANDIDATE, lastRpcTime:173ms, electionTimeout:173ms
2019-10-18 07:54:22,585 [Thread-1466] INFO  impl.RoleInfo (RoleInfo.java:shutdownFollowerState(121)) - 4b487190-7547-40c7-b780-43c37a89e8eb: shutdown FollowerState
2019-10-18 07:54:22,585 [Thread-1466] INFO  impl.RaftServerImpl (RaftServerImpl.java:setRole(184)) - 4b487190-7547-40c7-b780-43c37a89e8eb@group-BAC069DAEF17: changes role from  FOLLOWER to CANDIDATE at term 180 for changeToCandidate
2019-10-18 07:54:22,585 [Thread-1466] INFO  impl.RoleInfo (RoleInfo.java:updateAndGet(143)) - 4b487190-7547-40c7-b780-43c37a89e8eb: start LeaderElection
2019-10-18 07:54:22,600 [4b487190-7547-40c7-b780-43c37a89e8eb@group-BAC069DAEF17-LeaderElection173] INFO  impl.LeaderElection (LeaderElection.java:askForVotes(178)) - 4b487190-7547-40c7-b780-43c37a89e8eb@group-BAC069DAEF17-LeaderElection173: begin an election at term 181 for -1: [6fa005cd-25d6-4e29-bda6-9462a060c098:192.168.69.67:36093, 4b487190-7547-40c7-b780-43c37a89e8eb:192.168.69.67:39683, 3d3aac8b-d4d1-454d-bf0c-88a180692893:192.168.69.67:34429], old=null
2019-10-18 07:54:22,603 [grpc-default-executor-3] INFO  impl.RaftServerImpl (RaftServerImpl.java:setRole(184)) - 3d3aac8b-d4d1-454d-bf0c-88a180692893@group-BAC069DAEF17: changes role from  FOLLOWER to FOLLOWER at term 181 for recognizeCandidate:4b487190-7547-40c7-b780-43c37a89e8eb
2019-10-18 07:54:22,603 [grpc-default-executor-6] INFO  impl.RaftServerImpl (RaftServerImpl.java:setRole(184)) - 6fa005cd-25d6-4e29-bda6-9462a060c098@group-BAC069DAEF17: changes role from  FOLLOWER to FOLLOWER at term 181 for recognizeCandidate:4b487190-7547-40c7-b780-43c37a89e8eb
2019-10-18 07:54:22,603 [grpc-default-executor-3] INFO  impl.RoleInfo (RoleInfo.java:shutdownFollowerState(121)) - 3d3aac8b-d4d1-454d-bf0c-88a180692893: shutdown FollowerState
2019-10-18 07:54:22,603 [grpc-default-executor-6] INFO  impl.RoleInfo (RoleInfo.java:shutdownFollowerState(121)) - 6fa005cd-25d6-4e29-bda6-9462a060c098: shutdown FollowerState
2019-10-18 07:54:22,603 [Thread-1465] INFO  impl.FollowerState (FollowerState.java:run(117)) - 3d3aac8b-d4d1-454d-bf0c-88a180692893@group-BAC069DAEF17-FollowerState was interrupted: java.lang.InterruptedException: sleep interrupted
2019-10-18 07:54:22,603 [grpc-default-executor-3] INFO  impl.RoleInfo (RoleInfo.java:updateAndGet(143)) - 3d3aac8b-d4d1-454d-bf0c-88a180692893: start FollowerState
2019-10-18 07:54:22,603 [Thread-1464] INFO  impl.FollowerState (FollowerState.java:run(117)) - 6fa005cd-25d6-4e29-bda6-9462a060c098@group-BAC069DAEF17-FollowerState was interrupted: java.lang.InterruptedException: sleep interrupted
2019-10-18 07:54:22,603 [grpc-default-executor-6] INFO  impl.RoleInfo (RoleInfo.java:updateAndGet(143)) - 6fa005cd-25d6-4e29-bda6-9462a060c098: start FollowerState
2019-10-18 07:54:22,618 [4b487190-7547-40c7-b780-43c37a89e8eb@group-BAC069DAEF17-LeaderElection173] INFO  impl.LeaderElection (LeaderElection.java:logAndReturn(56)) - 4b487190-7547-40c7-b780-43c37a89e8eb@group-BAC069DAEF17-LeaderElection173: Election REJECTED; received 2 response(s) [4b487190-7547-40c7-b780-43c37a89e8eb<-6fa005cd-25d6-4e29-bda6-9462a060c098#0:FAIL-t181, 4b487190-7547-40c7-b780-43c37a89e8eb<-3d3aac8b-d4d1-454d-bf0c-88a180692893#0:FAIL-t181] and 0 exception(s); 4b487190-7547-40c7-b780-43c37a89e8eb@group-BAC069DAEF17:t181, leader=null, voted=4b487190-7547-40c7-b780-43c37a89e8eb, raftlog=4b487190-7547-40c7-b780-43c37a89e8eb@group-BAC069DAEF17-SegmentedRaftLog:OPENED:c-1,f-1,i0, conf=-1: [6fa005cd-25d6-4e29-bda6-9462a060c098:192.168.69.67:36093, 4b487190-7547-40c7-b780-43c37a89e8eb:192.168.69.67:39683, 3d3aac8b-d4d1-454d-bf0c-88a180692893:192.168.69.67:34429], old=null
2019-10-18 07:54:22,618 [4b487190-7547-40c7-b780-43c37a89e8eb@group-BAC069DAEF17-LeaderElection173] INFO  impl.RaftServerImpl (RaftServerImpl.java:setRole(184)) - 4b487190-7547-40c7-b780-43c37a89e8eb@group-BAC069DAEF17: changes role from CANDIDATE to FOLLOWER at term 181 for DISCOVERED_A_NEW_TERM
2019-10-18 07:54:22,619 [4b487190-7547-40c7-b780-43c37a89e8eb@group-BAC069DAEF17-LeaderElection173] INFO  impl.RoleInfo (RoleInfo.java:shutdownLeaderElection(134)) - 4b487190-7547-40c7-b780-43c37a89e8eb: shutdown LeaderElection
2019-10-18 07:54:22,619 [4b487190-7547-40c7-b780-43c37a89e8eb@group-BAC069DAEF17-LeaderElection173] INFO  impl.RoleInfo (RoleInfo.java:updateAndGet(143)) - 4b487190-7547-40c7-b780-43c37a89e8eb: start FollowerState
2019-10-18 07:54:22,630 [Thread-1472] INFO  impl.FollowerState (FollowerState.java:run(108)) - 4b487190-7547-40c7-b780-43c37a89e8eb@group-BAC069DAEF17-FollowerState: change to CANDIDATE, lastRpcTime:11ms, electionTimeout:11ms
2019-10-18 07:54:22,630 [Thread-1472] INFO  impl.RoleInfo (RoleInfo.java:shutdownFollowerState(121)) - 4b487190-7547-40c7-b780-43c37a89e8eb: shutdown FollowerState
2019-10-18 07:54:22,630 [Thread-1472] INFO  impl.RaftServerImpl (RaftServerImpl.java:setRole(184)) - 4b487190-7547-40c7-b780-43c37a89e8eb@group-BAC069DAEF17: changes role from  FOLLOWER to CANDIDATE at term 181 for changeToCandidate
2019-10-18 07:54:22,631 [Thread-1472] INFO  impl.RoleInfo (RoleInfo.java:updateAndGet(143)) - 4b487190-7547-40c7-b780-43c37a89e8eb: start LeaderElection
2019-10-18 07:54:22,657 [4b487190-7547-40c7-b780-43c37a89e8eb@group-BAC069DAEF17-LeaderElection174] INFO  impl.LeaderElection (LeaderElection.java:askForVotes(178)) - 4b487190-7547-40c7-b780-43c37a89e8eb@group-BAC069DAEF17-LeaderElection174: begin an election at term 182 for -1: [6fa005cd-25d6-4e29-bda6-9462a060c098:192.168.69.67:36093, 4b487190-7547-40c7-b780-43c37a89e8eb:192.168.69.67:39683, 3d3aac8b-d4d1-454d-bf0c-88a180692893:192.168.69.67:34429], old=null
2019-10-18 07:54:22,659 [grpc-default-executor-3] INFO  impl.RaftServerImpl (RaftServerImpl.java:setRole(184)) - 3d3aac8b-d4d1-454d-bf0c-88a180692893@group-BAC069DAEF17: changes role from  FOLLOWER to FOLLOWER at term 182 for recognizeCandidate:4b487190-7547-40c7-b780-43c37a89e8eb
2019-10-18 07:54:22,659 [grpc-default-executor-6] INFO  impl.RaftServerImpl (RaftServerImpl.java:setRole(184)) - 6fa005cd-25d6-4e29-bda6-9462a060c098@group-BAC069DAEF17: changes role from  FOLLOWER to FOLLOWER at term 182 for recognizeCandidate:4b487190-7547-40c7-b780-43c37a89e8eb
2019-10-18 07:54:22,659 [grpc-default-executor-3] INFO  impl.RoleInfo (RoleInfo.java:shutdownFollowerState(121)) - 3d3aac8b-d4d1-454d-bf0c-88a180692893: shutdown FollowerState
2019-10-18 07:54:22,659 [grpc-default-executor-6] INFO  impl.RoleInfo (RoleInfo.java:shutdownFollowerState(121)) - 6fa005cd-25d6-4e29-bda6-9462a060c098: shutdown FollowerState
2019-10-18 07:54:22,660 [Thread-1470] INFO  impl.FollowerState (FollowerState.java:run(117)) - 3d3aac8b-d4d1-454d-bf0c-88a180692893@group-BAC069DAEF17-FollowerState was interrupted: java.lang.InterruptedException: sleep interrupted
2019-10-18 07:54:22,660 [grpc-default-executor-3] INFO  impl.RoleInfo (RoleInfo.java:updateAndGet(143)) - 3d3aac8b-d4d1-454d-bf0c-88a180692893: start FollowerState
2019-10-18 07:54:22,660 [Thread-1471] INFO  impl.FollowerState (FollowerState.java:run(117)) - 6fa005cd-25d6-4e29-bda6-9462a060c098@group-BAC069DAEF17-FollowerState was interrupted: java.lang.InterruptedException: sleep interrupted
2019-10-18 07:54:22,660 [grpc-default-executor-6] INFO  impl.RoleInfo (RoleInfo.java:updateAndGet(143)) - 6fa005cd-25d6-4e29-bda6-9462a060c098: start FollowerState
2019-10-18 07:54:22,675 [4b487190-7547-40c7-b780-43c37a89e8eb@group-BAC069DAEF17-LeaderElection174] INFO  impl.LeaderElection (LeaderElection.java:logAndReturn(56)) - 4b487190-7547-40c7-b780-43c37a89e8eb@group-BAC069DAEF17-LeaderElection174: Election REJECTED; received 2 response(s) [4b487190-7547-40c7-b780-43c37a89e8eb<-6fa005cd-25d6-4e29-bda6-9462a060c098#0:FAIL-t182, 4b487190-7547-40c7-b780-43c37a89e8eb<-3d3aac8b-d4d1-454d-bf0c-88a180692893#0:FAIL-t182] and 0 exception(s); 4b487190-7547-40c7-b780-43c37a89e8eb@group-BAC069DAEF17:t182, leader=null, voted=4b487190-7547-40c7-b780-43c37a89e8eb, raftlog=4b487190-7547-40c7-b780-43c37a89e8eb@group-BAC069DAEF17-SegmentedRaftLog:OPENED:c-1,f-1,i0, conf=-1: [6fa005cd-25d6-4e29-bda6-9462a060c098:192.168.69.67:36093, 4b487190-7547-40c7-b780-43c37a89e8eb:192.168.69.67:39683, 3d3aac8b-d4d1-454d-bf0c-88a180692893:192.168.69.67:34429], old=null
2019-10-18 07:54:22,676 [4b487190-7547-40c7-b780-43c37a89e8eb@group-BAC069DAEF17-LeaderElection174] INFO  impl.RaftServerImpl (RaftServerImpl.java:setRole(184)) - 4b487190-7547-40c7-b780-43c37a89e8eb@group-BAC069DAEF17: changes role from CANDIDATE to FOLLOWER at term 182 for DISCOVERED_A_NEW_TERM
2019-10-18 07:54:22,676 [4b487190-7547-40c7-b780-43c37a89e8eb@group-BAC069DAEF17-LeaderElection174] INFO  impl.RoleInfo (RoleInfo.java:shutdownLeaderElection(134)) - 4b487190-7547-40c7-b780-43c37a89e8eb: shutdown LeaderElection
2019-10-18 07:54:22,676 [4b487190-7547-40c7-b780-43c37a89e8eb@group-BAC069DAEF17-LeaderElection174] INFO  impl.RoleInfo (RoleInfo.java:updateAndGet(143)) - 4b487190-7547-40c7-b780-43c37a89e8eb: start FollowerState
2019-10-18 07:54:22,740 [Thread-1478] INFO  impl.FollowerState (FollowerState.java:run(108)) - 4b487190-7547-40c7-b780-43c37a89e8eb@group-BAC069DAEF17-FollowerState: change to CANDIDATE, lastRpcTime:64ms, electionTimeout:64ms
2019-10-18 07:54:22,740 [Thread-1478] INFO  impl.RoleInfo (RoleInfo.java:shutdownFollowerState(121)) - 4b487190-7547-40c7-b780-43c37a89e8eb: shutdown FollowerState
2019-10-18 07:54:22,741 [Thread-1478] INFO  impl.RaftServerImpl (RaftServerImpl.java:setRole(184)) - 4b487190-7547-40c7-b780-43c37a89e8eb@group-BAC069DAEF17: changes role from  FOLLOWER to CANDIDATE at term 182 for changeToCandidate
2019-10-18 07:54:22,741 [Thread-1478] INFO  impl.RoleInfo (RoleInfo.java:updateAndGet(143)) - 4b487190-7547-40c7-b780-43c37a89e8eb: start LeaderElection
2019-10-18 07:54:22,754 [4b487190-7547-40c7-b780-43c37a89e8eb@group-BAC069DAEF17-LeaderElection175] INFO  impl.LeaderElection (LeaderElection.java:askForVotes(178)) - 4b487190-7547-40c7-b780-43c37a89e8eb@group-BAC069DAEF17-LeaderElection175: begin an election at term 183 for -1: [6fa005cd-25d6-4e29-bda6-9462a060c098:192.168.69.67:36093, 4b487190-7547-40c7-b780-43c37a89e8eb:192.168.69.67:39683, 3d3aac8b-d4d1-454d-bf0c-88a180692893:192.168.69.67:34429], old=null
2019-10-18 07:54:22,756 [grpc-default-executor-3] INFO  impl.RaftServerImpl (RaftServerImpl.java:setRole(184)) - 3d3aac8b-d4d1-454d-bf0c-88a180692893@group-BAC069DAEF17: changes role from  FOLLOWER to FOLLOWER at term 183 for recognizeCandidate:4b487190-7547-40c7-b780-43c37a89e8eb
2019-10-18 07:54:22,756 [grpc-default-executor-3] INFO  impl.RoleInfo (RoleInfo.java:shutdownFollowerState(121)) - 3d3aac8b-d4d1-454d-bf0c-88a180692893: shutdown FollowerState
2019-10-18 07:54:22,756 [grpc-default-executor-6] INFO  impl.RaftServerImpl (RaftServerImpl.java:setRole(184)) - 6fa005cd-25d6-4e29-bda6-9462a060c098@group-BAC069DAEF17: changes role from  FOLLOWER to FOLLOWER at term 183 for recognizeCandidate:4b487190-7547-40c7-b780-43c37a89e8eb
2019-10-18 07:54:22,757 [Thread-1476] INFO  impl.FollowerState (FollowerState.java:run(117)) - 3d3aac8b-d4d1-454d-bf0c-88a180692893@group-BAC069DAEF17-FollowerState was interrupted: java.lang.InterruptedException: sleep interrupted
2019-10-18 07:54:22,757 [grpc-default-executor-3] INFO  impl.RoleInfo (RoleInfo.java:updateAndGet(143)) - 3d3aac8b-d4d1-454d-bf0c-88a180692893: start FollowerState
2019-10-18 07:54:22,757 [grpc-default-executor-6] INFO  impl.RoleInfo (RoleInfo.java:shutdownFollowerState(121)) - 6fa005cd-25d6-4e29-bda6-9462a060c098: shutdown FollowerState
2019-10-18 07:54:22,757 [grpc-default-executor-6] INFO  impl.RoleInfo (RoleInfo.java:updateAndGet(143)) - 6fa005cd-25d6-4e29-bda6-9462a060c098: start FollowerState
2019-10-18 07:54:22,757 [Thread-1477] INFO  impl.FollowerState (FollowerState.java:run(117)) - 6fa005cd-25d6-4e29-bda6-9462a060c098@group-BAC069DAEF17-FollowerState was interrupted: java.lang.InterruptedException: sleep interrupted
2019-10-18 07:54:22,772 [4b487190-7547-40c7-b780-43c37a89e8eb@group-BAC069DAEF17-LeaderElection175] INFO  impl.LeaderElection (LeaderElection.java:logAndReturn(56)) - 4b487190-7547-40c7-b780-43c37a89e8eb@group-BAC069DAEF17-LeaderElection175: Election REJECTED; received 2 response(s) [4b487190-7547-40c7-b780-43c37a89e8eb<-6fa005cd-25d6-4e29-bda6-9462a060c098#0:FAIL-t183, 4b487190-7547-40c7-b780-43c37a89e8eb<-3d3aac8b-d4d1-454d-bf0c-88a180692893#0:FAIL-t183] and 0 exception(s); 4b487190-7547-40c7-b780-43c37a89e8eb@group-BAC069DAEF17:t183, leader=null, voted=4b487190-7547-40c7-b780-43c37a89e8eb, raftlog=4b487190-7547-40c7-b780-43c37a89e8eb@group-BAC069DAEF17-SegmentedRaftLog:OPENED:c-1,f-1,i0, conf=-1: [6fa005cd-25d6-4e29-bda6-9462a060c098:192.168.69.67:36093, 4b487190-7547-40c7-b780-43c37a89e8eb:192.168.69.67:39683, 3d3aac8b-d4d1-454d-bf0c-88a180692893:192.168.69.67:34429], old=null
2019-10-18 07:54:22,772 [4b487190-7547-40c7-b780-43c37a89e8eb@group-BAC069DAEF17-LeaderElection175] INFO  impl.RaftServerImpl (RaftServerImpl.java:setRole(184)) - 4b487190-7547-40c7-b780-43c37a89e8eb@group-BAC069DAEF17: changes role from CANDIDATE to FOLLOWER at term 183 for DISCOVERED_A_NEW_TERM
2019-10-18 07:54:22,772 [4b487190-7547-40c7-b780-43c37a89e8eb@group-BAC069DAEF17-LeaderElection175] INFO  impl.RoleInfo (RoleInfo.java:shutdownLeaderElection(134)) - 4b487190-7547-40c7-b780-43c37a89e8eb: shutdown LeaderElection
2019-10-18 07:54:22,772 [4b487190-7547-40c7-b780-43c37a89e8eb@group-BAC069DAEF17-LeaderElection175] INFO  impl.RoleInfo (RoleInfo.java:updateAndGet(143)) - 4b487190-7547-40c7-b780-43c37a89e8eb: start FollowerState
2019-10-18 07:54:22,853 [Thread-1484] INFO  impl.FollowerState (FollowerState.java:run(108)) - 4b487190-7547-40c7-b780-43c37a89e8eb@group-BAC069DAEF17-FollowerState: change to CANDIDATE, lastRpcTime:80ms, electionTimeout:80ms
2019-10-18 07:54:22,853 [Thread-1484] INFO  impl.RoleInfo (RoleInfo.java:shutdownFollowerState(121)) - 4b487190-7547-40c7-b780-43c37a89e8eb: shutdown FollowerState
2019-10-18 07:54:22,853 [Thread-1484] INFO  impl.RaftServerImpl (RaftServerImpl.java:setRole(184)) - 4b487190-7547-40c7-b780-43c37a89e8eb@group-BAC069DAEF17: changes role from  FOLLOWER to CANDIDATE at term 183 for changeToCandidate
2019-10-18 07:54:22,853 [Thread-1484] INFO  impl.RoleInfo (RoleInfo.java:updateAndGet(143)) - 4b487190-7547-40c7-b780-43c37a89e8eb: start LeaderElection
2019-10-18 07:54:22,868 [4b487190-7547-40c7-b780-43c37a89e8eb@group-BAC069DAEF17-LeaderElection176] INFO  impl.LeaderElection (LeaderElection.java:askForVotes(178)) - 4b487190-7547-40c7-b780-43c37a89e8eb@group-BAC069DAEF17-LeaderElection176: begin an election at term 184 for -1: [6fa005cd-25d6-4e29-bda6-9462a060c098:192.168.69.67:36093, 4b487190-7547-40c7-b780-43c37a89e8eb:192.168.69.67:39683, 3d3aac8b-d4d1-454d-bf0c-88a180692893:192.168.69.67:34429], old=null
2019-10-18 07:54:22,870 [grpc-default-executor-6] INFO  impl.RaftServerImpl (RaftServerImpl.java:setRole(184)) - 3d3aac8b-d4d1-454d-bf0c-88a180692893@group-BAC069DAEF17: changes role from  FOLLOWER to FOLLOWER at term 184 for recognizeCandidate:4b487190-7547-40c7-b780-43c37a89e8eb
2019-10-18 07:54:22,870 [grpc-default-executor-3] INFO  impl.RaftServerImpl (RaftServerImpl.java:setRole(184)) - 6fa005cd-25d6-4e29-bda6-9462a060c098@group-BAC069DAEF17: changes role from  FOLLOWER to FOLLOWER at term 184 for recognizeCandidate:4b487190-7547-40c7-b780-43c37a89e8eb
2019-10-18 07:54:22,871 [grpc-default-executor-6] INFO  impl.RoleInfo (RoleInfo.java:shutdownFollowerState(121)) - 3d3aac8b-d4d1-454d-bf0c-88a180692893: shutdown FollowerState
2019-10-18 07:54:22,871 [grpc-default-executor-3] INFO  impl.RoleInfo (RoleInfo.java:shutdownFollowerState(121)) - 6fa005cd-25d6-4e29-bda6-9462a060c098: shutdown FollowerState
2019-10-18 07:54:22,871 [Thread-1482] INFO  impl.FollowerState (FollowerState.java:run(117)) - 3d3aac8b-d4d1-454d-bf0c-88a180692893@group-BAC069DAEF17-FollowerState was interrupted: java.lang.InterruptedException: sleep interrupted
2019-10-18 07:54:22,871 [grpc-default-executor-6] INFO  impl.RoleInfo (RoleInfo.java:updateAndGet(143)) - 3d3aac8b-d4d1-454d-bf0c-88a180692893: start FollowerState
2019-10-18 07:54:22,871 [Thread-1483] INFO  impl.FollowerState (FollowerState.java:run(117)) - 6fa005cd-25d6-4e29-bda6-9462a060c098@group-BAC069DAEF17-FollowerState was interrupted: java.lang.InterruptedException: sleep interrupted
2019-10-18 07:54:22,871 [grpc-default-executor-3] INFO  impl.RoleInfo (RoleInfo.java:updateAndGet(143)) - 6fa005cd-25d6-4e29-bda6-9462a060c098: start FollowerState
2019-10-18 07:54:22,894 [4b487190-7547-40c7-b780-43c37a89e8eb@group-BAC069DAEF17-LeaderElection176] INFO  impl.LeaderElection (LeaderElection.java:logAndReturn(56)) - 4b487190-7547-40c7-b780-43c37a89e8eb@group-BAC069DAEF17-LeaderElection176: Election REJECTED; received 2 response(s) [4b487190-7547-40c7-b780-43c37a89e8eb<-6fa005cd-25d6-4e29-bda6-9462a060c098#0:FAIL-t184, 4b487190-7547-40c7-b780-43c37a89e8eb<-3d3aac8b-d4d1-454d-bf0c-88a180692893#0:FAIL-t184] and 0 exception(s); 4b487190-7547-40c7-b780-43c37a89e8eb@group-BAC069DAEF17:t184, leader=null, voted=4b487190-7547-40c7-b780-43c37a89e8eb, raftlog=4b487190-7547-40c7-b780-43c37a89e8eb@group-BAC069DAEF17-SegmentedRaftLog:OPENED:c-1,f-1,i0, conf=-1: [6fa005cd-25d6-4e29-bda6-9462a060c098:192.168.69.67:36093, 4b487190-7547-40c7-b780-43c37a89e8eb:192.168.69.67:39683, 3d3aac8b-d4d1-454d-bf0c-88a180692893:192.168.69.67:34429], old=null
2019-10-18 07:54:22,894 [4b487190-7547-40c7-b780-43c37a89e8eb@group-BAC069DAEF17-LeaderElection176] INFO  impl.RaftServerImpl (RaftServerImpl.java:setRole(184)) - 4b487190-7547-40c7-b780-43c37a89e8eb@group-BAC069DAEF17: changes role from CANDIDATE to FOLLOWER at term 184 for DISCOVERED_A_NEW_TERM
2019-10-18 07:54:22,894 [4b487190-7547-40c7-b780-43c37a89e8eb@group-BAC069DAEF17-LeaderElection176] INFO  impl.RoleInfo (RoleInfo.java:shutdownLeaderElection(134)) - 4b487190-7547-40c7-b780-43c37a89e8eb: shutdown LeaderElection
2019-10-18 07:54:22,894 [4b487190-7547-40c7-b780-43c37a89e8eb@group-BAC069DAEF17-LeaderElection176] INFO  impl.RoleInfo (RoleInfo.java:updateAndGet(143)) - 4b487190-7547-40c7-b780-43c37a89e8eb: start FollowerState
2019-10-18 07:54:23,089 [Thread-1490] INFO  impl.FollowerState (FollowerState.java:run(108)) - 4b487190-7547-40c7-b780-43c37a89e8eb@group-BAC069DAEF17-FollowerState: change to CANDIDATE, lastRpcTime:194ms, electionTimeout:194ms
2019-10-18 07:54:23,089 [Thread-1490] INFO  impl.RoleInfo (RoleInfo.java:shutdownFollowerState(121)) - 4b487190-7547-40c7-b780-43c37a89e8eb: shutdown FollowerState
2019-10-18 07:54:23,089 [Thread-1490] INFO  impl.RaftServerImpl (RaftServerImpl.java:setRole(184)) - 4b487190-7547-40c7-b780-43c37a89e8eb@group-BAC069DAEF17: changes role from  FOLLOWER to CANDIDATE at term 184 for changeToCandidate
2019-10-18 07:54:23,089 [Thread-1490] INFO  impl.RoleInfo (RoleInfo.java:updateAndGet(143)) - 4b487190-7547-40c7-b780-43c37a89e8eb: start LeaderElection
2019-10-18 07:54:23,103 [4b487190-7547-40c7-b780-43c37a89e8eb@group-BAC069DAEF17-LeaderElection177] INFO  impl.LeaderElection (LeaderElection.java:askForVotes(178)) - 4b487190-7547-40c7-b780-43c37a89e8eb@group-BAC069DAEF17-LeaderElection177: begin an election at term 185 for -1: [6fa005cd-25d6-4e29-bda6-9462a060c098:192.168.69.67:36093, 4b487190-7547-40c7-b780-43c37a89e8eb:192.168.69.67:39683, 3d3aac8b-d4d1-454d-bf0c-88a180692893:192.168.69.67:34429], old=null
2019-10-18 07:54:23,105 [grpc-default-executor-3] INFO  impl.RaftServerImpl (RaftServerImpl.java:setRole(184)) - 6fa005cd-25d6-4e29-bda6-9462a060c098@group-BAC069DAEF17: changes role from  FOLLOWER to FOLLOWER at term 185 for recognizeCandidate:4b487190-7547-40c7-b780-43c37a89e8eb
2019-10-18 07:54:23,105 [grpc-default-executor-6] INFO  impl.RaftServerImpl (RaftServerImpl.java:setRole(184)) - 3d3aac8b-d4d1-454d-bf0c-88a180692893@group-BAC069DAEF17: changes role from  FOLLOWER to FOLLOWER at term 185 for recognizeCandidate:4b487190-7547-40c7-b780-43c37a89e8eb
2019-10-18 07:54:23,105 [grpc-default-executor-3] INFO  impl.RoleInfo (RoleInfo.java:shutdownFollowerState(121)) - 6fa005cd-25d6-4e29-bda6-9462a060c098: shutdown FollowerState
2019-10-18 07:54:23,105 [grpc-default-executor-6] INFO  impl.RoleInfo (RoleInfo.java:shutdownFollowerState(121)) - 3d3aac8b-d4d1-454d-bf0c-88a180692893: shutdown FollowerState
2019-10-18 07:54:23,106 [Thread-1489] INFO  impl.FollowerState (FollowerState.java:run(117)) - 6fa005cd-25d6-4e29-bda6-9462a060c098@group-BAC069DAEF17-FollowerState was interrupted: java.lang.InterruptedException: sleep interrupted
2019-10-18 07:54:23,106 [grpc-default-executor-3] INFO  impl.RoleInfo (RoleInfo.java:updateAndGet(143)) - 6fa005cd-25d6-4e29-bda6-9462a060c098: start FollowerState
2019-10-18 07:54:23,106 [Thread-1488] INFO  impl.FollowerState (FollowerState.java:run(117)) - 3d3aac8b-d4d1-454d-bf0c-88a180692893@group-BAC069DAEF17-FollowerState was interrupted: java.lang.InterruptedException: sleep interrupted
2019-10-18 07:54:23,106 [grpc-default-executor-6] INFO  impl.RoleInfo (RoleInfo.java:updateAndGet(143)) - 3d3aac8b-d4d1-454d-bf0c-88a180692893: start FollowerState
2019-10-18 07:54:23,120 [4b487190-7547-40c7-b780-43c37a89e8eb@group-BAC069DAEF17-LeaderElection177] INFO  impl.LeaderElection (LeaderElection.java:logAndReturn(56)) - 4b487190-7547-40c7-b780-43c37a89e8eb@group-BAC069DAEF17-LeaderElection177: Election REJECTED; received 2 response(s) [4b487190-7547-40c7-b780-43c37a89e8eb<-6fa005cd-25d6-4e29-bda6-9462a060c098#0:FAIL-t185, 4b487190-7547-40c7-b780-43c37a89e8eb<-3d3aac8b-d4d1-454d-bf0c-88a180692893#0:FAIL-t185] and 0 exception(s); 4b487190-7547-40c7-b780-43c37a89e8eb@group-BAC069DAEF17:t185, leader=null, voted=4b487190-7547-40c7-b780-43c37a89e8eb, raftlog=4b487190-7547-40c7-b780-43c37a89e8eb@group-BAC069DAEF17-SegmentedRaftLog:OPENED:c-1,f-1,i0, conf=-1: [6fa005cd-25d6-4e29-bda6-9462a060c098:192.168.69.67:36093, 4b487190-7547-40c7-b780-43c37a89e8eb:192.168.69.67:39683, 3d3aac8b-d4d1-454d-bf0c-88a180692893:192.168.69.67:34429], old=null
2019-10-18 07:54:23,120 [4b487190-7547-40c7-b780-43c37a89e8eb@group-BAC069DAEF17-LeaderElection177] INFO  impl.RaftServerImpl (RaftServerImpl.java:setRole(184)) - 4b487190-7547-40c7-b780-43c37a89e8eb@group-BAC069DAEF17: changes role from CANDIDATE to FOLLOWER at term 185 for DISCOVERED_A_NEW_TERM
2019-10-18 07:54:23,120 [4b487190-7547-40c7-b780-43c37a89e8eb@group-BAC069DAEF17-LeaderElection177] INFO  impl.RoleInfo (RoleInfo.java:shutdownLeaderElection(134)) - 4b487190-7547-40c7-b780-43c37a89e8eb: shutdown LeaderElection
2019-10-18 07:54:23,120 [4b487190-7547-40c7-b780-43c37a89e8eb@group-BAC069DAEF17-LeaderElection177] INFO  impl.RoleInfo (RoleInfo.java:updateAndGet(143)) - 4b487190-7547-40c7-b780-43c37a89e8eb: start FollowerState
2019-10-18 07:54:23,246 [Thread-1498] INFO  impl.FollowerState (FollowerState.java:run(108)) - 4b487190-7547-40c7-b780-43c37a89e8eb@group-BAC069DAEF17-FollowerState: change to CANDIDATE, lastRpcTime:125ms, electionTimeout:125ms
2019-10-18 07:54:23,246 [Thread-1498] INFO  impl.RoleInfo (RoleInfo.java:shutdownFollowerState(121)) - 4b487190-7547-40c7-b780-43c37a89e8eb: shutdown FollowerState
2019-10-18 07:54:23,246 [Thread-1498] INFO  impl.RaftServerImpl (RaftServerImpl.java:setRole(184)) - 4b487190-7547-40c7-b780-43c37a89e8eb@group-BAC069DAEF17: changes role from  FOLLOWER to CANDIDATE at term 185 for changeToCandidate
2019-10-18 07:54:23,246 [Thread-1498] INFO  impl.RoleInfo (RoleInfo.java:updateAndGet(143)) - 4b487190-7547-40c7-b780-43c37a89e8eb: start LeaderElection
2019-10-18 07:54:23,271 [4b487190-7547-40c7-b780-43c37a89e8eb@group-BAC069DAEF17-LeaderElection178] INFO  impl.LeaderElection (LeaderElection.java:askForVotes(178)) - 4b487190-7547-40c7-b780-43c37a89e8eb@group-BAC069DAEF17-LeaderElection178: begin an election at term 186 for -1: [6fa005cd-25d6-4e29-bda6-9462a060c098:192.168.69.67:36093, 4b487190-7547-40c7-b780-43c37a89e8eb:192.168.69.67:39683, 3d3aac8b-d4d1-454d-bf0c-88a180692893:192.168.69.67:34429], old=null
2019-10-18 07:54:23,274 [grpc-default-executor-3] INFO  impl.RaftServerImpl (RaftServerImpl.java:setRole(184)) - 6fa005cd-25d6-4e29-bda6-9462a060c098@group-BAC069DAEF17: changes role from  FOLLOWER to FOLLOWER at term 186 for recognizeCandidate:4b487190-7547-40c7-b780-43c37a89e8eb
2019-10-18 07:54:23,274 [grpc-default-executor-6] INFO  impl.RaftServerImpl (RaftServerImpl.java:setRole(184)) - 3d3aac8b-d4d1-454d-bf0c-88a180692893@group-BAC069DAEF17: changes role from  FOLLOWER to FOLLOWER at term 186 for recognizeCandidate:4b487190-7547-40c7-b780-43c37a89e8eb
2019-10-18 07:54:23,274 [grpc-default-executor-3] INFO  impl.RoleInfo (RoleInfo.java:shutdownFollowerState(121)) - 6fa005cd-25d6-4e29-bda6-9462a060c098: shutdown FollowerState
2019-10-18 07:54:23,274 [grpc-default-executor-6] INFO  impl.RoleInfo (RoleInfo.java:shutdownFollowerState(121)) - 3d3aac8b-d4d1-454d-bf0c-88a180692893: shutdown FollowerState
2019-10-18 07:54:23,274 [Thread-1496] INFO  impl.FollowerState (FollowerState.java:run(117)) - 6fa005cd-25d6-4e29-bda6-9462a060c098@group-BAC069DAEF17-FollowerState was interrupted: java.lang.InterruptedException: sleep interrupted
2019-10-18 07:54:23,274 [grpc-default-executor-3] INFO  impl.RoleInfo (RoleInfo.java:updateAndGet(143)) - 6fa005cd-25d6-4e29-bda6-9462a060c098: start FollowerState
2019-10-18 07:54:23,274 [Thread-1497] INFO  impl.FollowerState (FollowerState.java:run(117)) - 3d3aac8b-d4d1-454d-bf0c-88a180692893@group-BAC069DAEF17-FollowerState was interrupted: java.lang.InterruptedException: sleep interrupted
2019-10-18 07:54:23,274 [grpc-default-executor-6] INFO  impl.RoleInfo (RoleInfo.java:updateAndGet(143)) - 3d3aac8b-d4d1-454d-bf0c-88a180692893: start FollowerState
2019-10-18 07:54:23,300 [4b487190-7547-40c7-b780-43c37a89e8eb@group-BAC069DAEF17-LeaderElection178] INFO  impl.LeaderElection (LeaderElection.java:logAndReturn(56)) - 4b487190-7547-40c7-b780-43c37a89e8eb@group-BAC069DAEF17-LeaderElection178: Election REJECTED; received 2 response(s) [4b487190-7547-40c7-b780-43c37a89e8eb<-6fa005cd-25d6-4e29-bda6-9462a060c098#0:FAIL-t186, 4b487190-7547-40c7-b780-43c37a89e8eb<-3d3aac8b-d4d1-454d-bf0c-88a180692893#0:FAIL-t186] and 0 exception(s); 4b487190-7547-40c7-b780-43c37a89e8eb@group-BAC069DAEF17:t186, leader=null, voted=4b487190-7547-40c7-b780-43c37a89e8eb, raftlog=4b487190-7547-40c7-b780-43c37a89e8eb@group-BAC069DAEF17-SegmentedRaftLog:OPENED:c-1,f-1,i0, conf=-1: [6fa005cd-25d6-4e29-bda6-9462a060c098:192.168.69.67:36093, 4b487190-7547-40c7-b780-43c37a89e8eb:192.168.69.67:39683, 3d3aac8b-d4d1-454d-bf0c-88a180692893:192.168.69.67:34429], old=null
2019-10-18 07:54:23,300 [4b487190-7547-40c7-b780-43c37a89e8eb@group-BAC069DAEF17-LeaderElection178] INFO  impl.RaftServerImpl (RaftServerImpl.java:setRole(184)) - 4b487190-7547-40c7-b780-43c37a89e8eb@group-BAC069DAEF17: changes role from CANDIDATE to FOLLOWER at term 186 for DISCOVERED_A_NEW_TERM
2019-10-18 07:54:23,300 [4b487190-7547-40c7-b780-43c37a89e8eb@group-BAC069DAEF17-LeaderElection178] INFO  impl.RoleInfo (RoleInfo.java:shutdownLeaderElection(134)) - 4b487190-7547-40c7-b780-43c37a89e8eb: shutdown LeaderElection
2019-10-18 07:54:23,301 [4b487190-7547-40c7-b780-43c37a89e8eb@group-BAC069DAEF17-LeaderElection178] INFO  impl.RoleInfo (RoleInfo.java:updateAndGet(143)) - 4b487190-7547-40c7-b780-43c37a89e8eb: start FollowerState
2019-10-18 07:54:23,413 [Thread-1504] INFO  impl.FollowerState (FollowerState.java:run(108)) - 4b487190-7547-40c7-b780-43c37a89e8eb@group-BAC069DAEF17-FollowerState: change to CANDIDATE, lastRpcTime:112ms, electionTimeout:112ms
2019-10-18 07:54:23,413 [Thread-1504] INFO  impl.RoleInfo (RoleInfo.java:shutdownFollowerState(121)) - 4b487190-7547-40c7-b780-43c37a89e8eb: shutdown FollowerState
2019-10-18 07:54:23,413 [Thread-1504] INFO  impl.RaftServerImpl (RaftServerImpl.java:setRole(184)) - 4b487190-7547-40c7-b780-43c37a89e8eb@group-BAC069DAEF17: changes role from  FOLLOWER to CANDIDATE at term 186 for changeToCandidate
2019-10-18 07:54:23,413 [Thread-1504] INFO  impl.RoleInfo (RoleInfo.java:updateAndGet(143)) - 4b487190-7547-40c7-b780-43c37a89e8eb: start LeaderElection
2019-10-18 07:54:23,446 [4b487190-7547-40c7-b780-43c37a89e8eb@group-BAC069DAEF17-LeaderElection179] INFO  impl.LeaderElection (LeaderElection.java:askForVotes(178)) - 4b487190-7547-40c7-b780-43c37a89e8eb@group-BAC069DAEF17-LeaderElection179: begin an election at term 187 for -1: [6fa005cd-25d6-4e29-bda6-9462a060c098:192.168.69.67:36093, 4b487190-7547-40c7-b780-43c37a89e8eb:192.168.69.67:39683, 3d3aac8b-d4d1-454d-bf0c-88a180692893:192.168.69.67:34429], old=null
2019-10-18 07:54:23,448 [grpc-default-executor-3] INFO  impl.RaftServerImpl (RaftServerImpl.java:setRole(184)) - 3d3aac8b-d4d1-454d-bf0c-88a180692893@group-BAC069DAEF17: changes role from  FOLLOWER to FOLLOWER at term 187 for recognizeCandidate:4b487190-7547-40c7-b780-43c37a89e8eb
2019-10-18 07:54:23,448 [grpc-default-executor-6] INFO  impl.RaftServerImpl (RaftServerImpl.java:setRole(184)) - 6fa005cd-25d6-4e29-bda6-9462a060c098@group-BAC069DAEF17: changes role from  FOLLOWER to FOLLOWER at term 187 for recognizeCandidate:4b487190-7547-40c7-b780-43c37a89e8eb
2019-10-18 07:54:23,448 [grpc-default-executor-3] INFO  impl.RoleInfo (RoleInfo.java:shutdownFollowerState(121)) - 3d3aac8b-d4d1-454d-bf0c-88a180692893: shutdown FollowerState
2019-10-18 07:54:23,448 [grpc-default-executor-6] INFO  impl.RoleInfo (RoleInfo.java:shutdownFollowerState(121)) - 6fa005cd-25d6-4e29-bda6-9462a060c098: shutdown FollowerState
2019-10-18 07:54:23,449 [Thread-1503] INFO  impl.FollowerState (FollowerState.java:run(117)) - 3d3aac8b-d4d1-454d-bf0c-88a180692893@group-BAC069DAEF17-FollowerState was interrupted: java.lang.InterruptedException: sleep interrupted
2019-10-18 07:54:23,449 [grpc-default-executor-3] INFO  impl.RoleInfo (RoleInfo.java:updateAndGet(143)) - 3d3aac8b-d4d1-454d-bf0c-88a180692893: start FollowerState
2019-10-18 07:54:23,449 [Thread-1502] INFO  impl.FollowerState (FollowerState.java:run(117)) - 6fa005cd-25d6-4e29-bda6-9462a060c098@group-BAC069DAEF17-FollowerState was interrupted: java.lang.InterruptedException: sleep interrupted
2019-10-18 07:54:23,449 [grpc-default-executor-6] INFO  impl.RoleInfo (RoleInfo.java:updateAndGet(143)) - 6fa005cd-25d6-4e29-bda6-9462a060c098: start FollowerState
2019-10-18 07:54:23,463 [4b487190-7547-40c7-b780-43c37a89e8eb@group-BAC069DAEF17-LeaderElection179] INFO  impl.LeaderElection (LeaderElection.java:logAndReturn(56)) - 4b487190-7547-40c7-b780-43c37a89e8eb@group-BAC069DAEF17-LeaderElection179: Election REJECTED; received 2 response(s) [4b487190-7547-40c7-b780-43c37a89e8eb<-6fa005cd-25d6-4e29-bda6-9462a060c098#0:FAIL-t187, 4b487190-7547-40c7-b780-43c37a89e8eb<-3d3aac8b-d4d1-454d-bf0c-88a180692893#0:FAIL-t187] and 0 exception(s); 4b487190-7547-40c7-b780-43c37a89e8eb@group-BAC069DAEF17:t187, leader=null, voted=4b487190-7547-40c7-b780-43c37a89e8eb, raftlog=4b487190-7547-40c7-b780-43c37a89e8eb@group-BAC069DAEF17-SegmentedRaftLog:OPENED:c-1,f-1,i0, conf=-1: [6fa005cd-25d6-4e29-bda6-9462a060c098:192.168.69.67:36093, 4b487190-7547-40c7-b780-43c37a89e8eb:192.168.69.67:39683, 3d3aac8b-d4d1-454d-bf0c-88a180692893:192.168.69.67:34429], old=null
2019-10-18 07:54:23,463 [4b487190-7547-40c7-b780-43c37a89e8eb@group-BAC069DAEF17-LeaderElection179] INFO  impl.RaftServerImpl (RaftServerImpl.java:setRole(184)) - 4b487190-7547-40c7-b780-43c37a89e8eb@group-BAC069DAEF17: changes role from CANDIDATE to FOLLOWER at term 187 for DISCOVERED_A_NEW_TERM
2019-10-18 07:54:23,463 [4b487190-7547-40c7-b780-43c37a89e8eb@group-BAC069DAEF17-LeaderElection179] INFO  impl.RoleInfo (RoleInfo.java:shutdownLeaderElection(134)) - 4b487190-7547-40c7-b780-43c37a89e8eb: shutdown LeaderElection
2019-10-18 07:54:23,463 [4b487190-7547-40c7-b780-43c37a89e8eb@group-BAC069DAEF17-LeaderElection179] INFO  impl.RoleInfo (RoleInfo.java:updateAndGet(143)) - 4b487190-7547-40c7-b780-43c37a89e8eb: start FollowerState
2019-10-18 07:54:23,581 [Thread-1510] INFO  impl.FollowerState (FollowerState.java:run(108)) - 4b487190-7547-40c7-b780-43c37a89e8eb@group-BAC069DAEF17-FollowerState: change to CANDIDATE, lastRpcTime:117ms, electionTimeout:117ms
2019-10-18 07:54:23,581 [Thread-1510] INFO  impl.RoleInfo (RoleInfo.java:shutdownFollowerState(121)) - 4b487190-7547-40c7-b780-43c37a89e8eb: shutdown FollowerState
2019-10-18 07:54:23,581 [Thread-1510] INFO  impl.RaftServerImpl (RaftServerImpl.java:setRole(184)) - 4b487190-7547-40c7-b780-43c37a89e8eb@group-BAC069DAEF17: changes role from  FOLLOWER to CANDIDATE at term 187 for changeToCandidate
2019-10-18 07:54:23,581 [Thread-1510] INFO  impl.RoleInfo (RoleInfo.java:updateAndGet(143)) - 4b487190-7547-40c7-b780-43c37a89e8eb: start LeaderElection
2019-10-18 07:54:23,596 [4b487190-7547-40c7-b780-43c37a89e8eb@group-BAC069DAEF17-LeaderElection180] INFO  impl.LeaderElection (LeaderElection.java:askForVotes(178)) - 4b487190-7547-40c7-b780-43c37a89e8eb@group-BAC069DAEF17-LeaderElection180: begin an election at term 188 for -1: [6fa005cd-25d6-4e29-bda6-9462a060c098:192.168.69.67:36093, 4b487190-7547-40c7-b780-43c37a89e8eb:192.168.69.67:39683, 3d3aac8b-d4d1-454d-bf0c-88a180692893:192.168.69.67:34429], old=null
2019-10-18 07:54:23,599 [grpc-default-executor-6] INFO  impl.RaftServerImpl (RaftServerImpl.java:setRole(184)) - 3d3aac8b-d4d1-454d-bf0c-88a180692893@group-BAC069DAEF17: changes role from  FOLLOWER to FOLLOWER at term 188 for recognizeCandidate:4b487190-7547-40c7-b780-43c37a89e8eb
2019-10-18 07:54:23,599 [grpc-default-executor-3] INFO  impl.RaftServerImpl (RaftServerImpl.java:setRole(184)) - 6fa005cd-25d6-4e29-bda6-9462a060c098@group-BAC069DAEF17: changes role from  FOLLOWER to FOLLOWER at term 188 for recognizeCandidate:4b487190-7547-40c7-b780-43c37a89e8eb
2019-10-18 07:54:23,599 [grpc-default-executor-3] INFO  impl.RoleInfo (RoleInfo.java:shutdownFollowerState(121)) - 6fa005cd-25d6-4e29-bda6-9462a060c098: shutdown FollowerState
2019-10-18 07:54:23,599 [grpc-default-executor-6] INFO  impl.RoleInfo (RoleInfo.java:shutdownFollowerState(121)) - 3d3aac8b-d4d1-454d-bf0c-88a180692893: shutdown FollowerState
2019-10-18 07:54:23,599 [Thread-1509] INFO  impl.FollowerState (FollowerState.java:run(117)) - 6fa005cd-25d6-4e29-bda6-9462a060c098@group-BAC069DAEF17-FollowerState was interrupted: java.lang.InterruptedException: sleep interrupted
2019-10-18 07:54:23,599 [grpc-default-executor-3] INFO  impl.RoleInfo (RoleInfo.java:updateAndGet(143)) - 6fa005cd-25d6-4e29-bda6-9462a060c098: start FollowerState
2019-10-18 07:54:23,599 [Thread-1508] INFO  impl.FollowerState (FollowerState.java:run(117)) - 3d3aac8b-d4d1-454d-bf0c-88a180692893@group-BAC069DAEF17-FollowerState was interrupted: java.lang.InterruptedException: sleep interrupted
2019-10-18 07:54:23,599 [grpc-default-executor-6] INFO  impl.RoleInfo (RoleInfo.java:updateAndGet(143)) - 3d3aac8b-d4d1-454d-bf0c-88a180692893: start FollowerState
2019-10-18 07:54:23,614 [4b487190-7547-40c7-b780-43c37a89e8eb@group-BAC069DAEF17-LeaderElection180] INFO  impl.LeaderElection (LeaderElection.java:logAndReturn(56)) - 4b487190-7547-40c7-b780-43c37a89e8eb@group-BAC069DAEF17-LeaderElection180: Election REJECTED; received 2 response(s) [4b487190-7547-40c7-b780-43c37a89e8eb<-6fa005cd-25d6-4e29-bda6-9462a060c098#0:FAIL-t188, 4b487190-7547-40c7-b780-43c37a89e8eb<-3d3aac8b-d4d1-454d-bf0c-88a180692893#0:FAIL-t188] and 0 exception(s); 4b487190-7547-40c7-b780-43c37a89e8eb@group-BAC069DAEF17:t188, leader=null, voted=4b487190-7547-40c7-b780-43c37a89e8eb, raftlog=4b487190-7547-40c7-b780-43c37a89e8eb@group-BAC069DAEF17-SegmentedRaftLog:OPENED:c-1,f-1,i0, conf=-1: [6fa005cd-25d6-4e29-bda6-9462a060c098:192.168.69.67:36093, 4b487190-7547-40c7-b780-43c37a89e8eb:192.168.69.67:39683, 3d3aac8b-d4d1-454d-bf0c-88a180692893:192.168.69.67:34429], old=null
2019-10-18 07:54:23,614 [4b487190-7547-40c7-b780-43c37a89e8eb@group-BAC069DAEF17-LeaderElection180] INFO  impl.RaftServerImpl (RaftServerImpl.java:setRole(184)) - 4b487190-7547-40c7-b780-43c37a89e8eb@group-BAC069DAEF17: changes role from CANDIDATE to FOLLOWER at term 188 for DISCOVERED_A_NEW_TERM
2019-10-18 07:54:23,614 [4b487190-7547-40c7-b780-43c37a89e8eb@group-BAC069DAEF17-LeaderElection180] INFO  impl.RoleInfo (RoleInfo.java:shutdownLeaderElection(134)) - 4b487190-7547-40c7-b780-43c37a89e8eb: shutdown LeaderElection
2019-10-18 07:54:23,614 [4b487190-7547-40c7-b780-43c37a89e8eb@group-BAC069DAEF17-LeaderElection180] INFO  impl.RoleInfo (RoleInfo.java:updateAndGet(143)) - 4b487190-7547-40c7-b780-43c37a89e8eb: start FollowerState
2019-10-18 07:54:23,762 [Thread-1516] INFO  impl.FollowerState (FollowerState.java:run(108)) - 4b487190-7547-40c7-b780-43c37a89e8eb@group-BAC069DAEF17-FollowerState: change to CANDIDATE, lastRpcTime:148ms, electionTimeout:148ms
2019-10-18 07:54:23,763 [Thread-1516] INFO  impl.RoleInfo (RoleInfo.java:shutdownFollowerState(121)) - 4b487190-7547-40c7-b780-43c37a89e8eb: shutdown FollowerState
2019-10-18 07:54:23,763 [Thread-1516] INFO  impl.RaftServerImpl (RaftServerImpl.java:setRole(184)) - 4b487190-7547-40c7-b780-43c37a89e8eb@group-BAC069DAEF17: changes role from  FOLLOWER to CANDIDATE at term 188 for changeToCandidate
2019-10-18 07:54:23,763 [Thread-1516] INFO  impl.RoleInfo (RoleInfo.java:updateAndGet(143)) - 4b487190-7547-40c7-b780-43c37a89e8eb: start LeaderElection
2019-10-18 07:54:23,788 [4b487190-7547-40c7-b780-43c37a89e8eb@group-BAC069DAEF17-LeaderElection181] INFO  impl.LeaderElection (LeaderElection.java:askForVotes(178)) - 4b487190-7547-40c7-b780-43c37a89e8eb@group-BAC069DAEF17-LeaderElection181: begin an election at term 189 for -1: [6fa005cd-25d6-4e29-bda6-9462a060c098:192.168.69.67:36093, 4b487190-7547-40c7-b780-43c37a89e8eb:192.168.69.67:39683, 3d3aac8b-d4d1-454d-bf0c-88a180692893:192.168.69.67:34429], old=null
2019-10-18 07:54:23,790 [grpc-default-executor-3] INFO  impl.RaftServerImpl (RaftServerImpl.java:setRole(184)) - 3d3aac8b-d4d1-454d-bf0c-88a180692893@group-BAC069DAEF17: changes role from  FOLLOWER to FOLLOWER at term 189 for recognizeCandidate:4b487190-7547-40c7-b780-43c37a89e8eb
2019-10-18 07:54:23,790 [grpc-default-executor-6] INFO  impl.RaftServerImpl (RaftServerImpl.java:setRole(184)) - 6fa005cd-25d6-4e29-bda6-9462a060c098@group-BAC069DAEF17: changes role from  FOLLOWER to FOLLOWER at term 189 for recognizeCandidate:4b487190-7547-40c7-b780-43c37a89e8eb
2019-10-18 07:54:23,790 [grpc-default-executor-3] INFO  impl.RoleInfo (RoleInfo.java:shutdownFollowerState(121)) - 3d3aac8b-d4d1-454d-bf0c-88a180692893: shutdown FollowerState
2019-10-18 07:54:23,791 [grpc-default-executor-6] INFO  impl.RoleInfo (RoleInfo.java:shutdownFollowerState(121)) - 6fa005cd-25d6-4e29-bda6-9462a060c098: shutdown FollowerState
2019-10-18 07:54:23,791 [Thread-1515] INFO  impl.FollowerState (FollowerState.java:run(117)) - 3d3aac8b-d4d1-454d-bf0c-88a180692893@group-BAC069DAEF17-FollowerState was interrupted: java.lang.InterruptedException: sleep interrupted
2019-10-18 07:54:23,791 [Thread-1514] INFO  impl.FollowerState (FollowerState.java:run(117)) - 6fa005cd-25d6-4e29-bda6-9462a060c098@group-BAC069DAEF17-FollowerState was interrupted: java.lang.InterruptedException: sleep interrupted
2019-10-18 07:54:23,791 [grpc-default-executor-3] INFO  impl.RoleInfo (RoleInfo.java:updateAndGet(143)) - 3d3aac8b-d4d1-454d-bf0c-88a180692893: start FollowerState
2019-10-18 07:54:23,791 [grpc-default-executor-6] INFO  impl.RoleInfo (RoleInfo.java:updateAndGet(143)) - 6fa005cd-25d6-4e29-bda6-9462a060c098: start FollowerState
2019-10-18 07:54:23,805 [4b487190-7547-40c7-b780-43c37a89e8eb@group-BAC069DAEF17-LeaderElection181] INFO  impl.LeaderElection (LeaderElection.java:logAndReturn(56)) - 4b487190-7547-40c7-b780-43c37a89e8eb@group-BAC069DAEF17-LeaderElection181: Election REJECTED; received 2 response(s) [4b487190-7547-40c7-b780-43c37a89e8eb<-6fa005cd-25d6-4e29-bda6-9462a060c098#0:FAIL-t189, 4b487190-7547-40c7-b780-43c37a89e8eb<-3d3aac8b-d4d1-454d-bf0c-88a180692893#0:FAIL-t189] and 0 exception(s); 4b487190-7547-40c7-b780-43c37a89e8eb@group-BAC069DAEF17:t189, leader=null, voted=4b487190-7547-40c7-b780-43c37a89e8eb, raftlog=4b487190-7547-40c7-b780-43c37a89e8eb@group-BAC069DAEF17-SegmentedRaftLog:OPENED:c-1,f-1,i0, conf=-1: [6fa005cd-25d6-4e29-bda6-9462a060c098:192.168.69.67:36093, 4b487190-7547-40c7-b780-43c37a89e8eb:192.168.69.67:39683, 3d3aac8b-d4d1-454d-bf0c-88a180692893:192.168.69.67:34429], old=null
2019-10-18 07:54:23,805 [4b487190-7547-40c7-b780-43c37a89e8eb@group-BAC069DAEF17-LeaderElection181] INFO  impl.RaftServerImpl (RaftServerImpl.java:setRole(184)) - 4b487190-7547-40c7-b780-43c37a89e8eb@group-BAC069DAEF17: changes role from CANDIDATE to FOLLOWER at term 189 for DISCOVERED_A_NEW_TERM
2019-10-18 07:54:23,805 [4b487190-7547-40c7-b780-43c37a89e8eb@group-BAC069DAEF17-LeaderElection181] INFO  impl.RoleInfo (RoleInfo.java:shutdownLeaderElection(134)) - 4b487190-7547-40c7-b780-43c37a89e8eb: shutdown LeaderElection
2019-10-18 07:54:23,806 [4b487190-7547-40c7-b780-43c37a89e8eb@group-BAC069DAEF17-LeaderElection181] INFO  impl.RoleInfo (RoleInfo.java:updateAndGet(143)) - 4b487190-7547-40c7-b780-43c37a89e8eb: start FollowerState
2019-10-18 07:54:23,845 [Thread-1522] INFO  impl.FollowerState (FollowerState.java:run(108)) - 4b487190-7547-40c7-b780-43c37a89e8eb@group-BAC069DAEF17-FollowerState: change to CANDIDATE, lastRpcTime:39ms, electionTimeout:39ms
2019-10-18 07:54:23,845 [Thread-1522] INFO  impl.RoleInfo (RoleInfo.java:shutdownFollowerState(121)) - 4b487190-7547-40c7-b780-43c37a89e8eb: shutdown FollowerState
2019-10-18 07:54:23,845 [Thread-1522] INFO  impl.RaftServerImpl (RaftServerImpl.java:setRole(184)) - 4b487190-7547-40c7-b780-43c37a89e8eb@group-BAC069DAEF17: changes role from  FOLLOWER to CANDIDATE at term 189 for changeToCandidate
2019-10-18 07:54:23,846 [Thread-1522] INFO  impl.RoleInfo (RoleInfo.java:updateAndGet(143)) - 4b487190-7547-40c7-b780-43c37a89e8eb: start LeaderElection
2019-10-18 07:54:23,858 [4b487190-7547-40c7-b780-43c37a89e8eb@group-BAC069DAEF17-LeaderElection182] INFO  impl.LeaderElection (LeaderElection.java:askForVotes(178)) - 4b487190-7547-40c7-b780-43c37a89e8eb@group-BAC069DAEF17-LeaderElection182: begin an election at term 190 for -1: [6fa005cd-25d6-4e29-bda6-9462a060c098:192.168.69.67:36093, 4b487190-7547-40c7-b780-43c37a89e8eb:192.168.69.67:39683, 3d3aac8b-d4d1-454d-bf0c-88a180692893:192.168.69.67:34429], old=null
2019-10-18 07:54:23,860 [grpc-default-executor-6] INFO  impl.RaftServerImpl (RaftServerImpl.java:setRole(184)) - 3d3aac8b-d4d1-454d-bf0c-88a180692893@group-BAC069DAEF17: changes role from  FOLLOWER to FOLLOWER at term 190 for recognizeCandidate:4b487190-7547-40c7-b780-43c37a89e8eb
2019-10-18 07:54:23,860 [grpc-default-executor-3] INFO  impl.RaftServerImpl (RaftServerImpl.java:setRole(184)) - 6fa005cd-25d6-4e29-bda6-9462a060c098@group-BAC069DAEF17: changes role from  FOLLOWER to FOLLOWER at term 190 for recognizeCandidate:4b487190-7547-40c7-b780-43c37a89e8eb
2019-10-18 07:54:23,861 [grpc-default-executor-3] INFO  impl.RoleInfo (RoleInfo.java:shutdownFollowerState(121)) - 6fa005cd-25d6-4e29-bda6-9462a060c098: shutdown FollowerState
2019-10-18 07:54:23,860 [grpc-default-executor-6] INFO  impl.RoleInfo (RoleInfo.java:shutdownFollowerState(121)) - 3d3aac8b-d4d1-454d-bf0c-88a180692893: shutdown FollowerState
2019-10-18 07:54:23,861 [Thread-1521] INFO  impl.FollowerState (FollowerState.java:run(117)) - 6fa005cd-25d6-4e29-bda6-9462a060c098@group-BAC069DAEF17-FollowerState was interrupted: java.lang.InterruptedException: sleep interrupted
2019-10-18 07:54:23,861 [Thread-1520] INFO  impl.FollowerState (FollowerState.java:run(117)) - 3d3aac8b-d4d1-454d-bf0c-88a180692893@group-BAC069DAEF17-FollowerState was interrupted: java.lang.InterruptedException: sleep interrupted
2019-10-18 07:54:23,861 [grpc-default-executor-3] INFO  impl.RoleInfo (RoleInfo.java:updateAndGet(143)) - 6fa005cd-25d6-4e29-bda6-9462a060c098: start FollowerState
2019-10-18 07:54:23,861 [grpc-default-executor-6] INFO  impl.RoleInfo (RoleInfo.java:updateAndGet(143)) - 3d3aac8b-d4d1-454d-bf0c-88a180692893: start FollowerState
2019-10-18 07:54:23,875 [4b487190-7547-40c7-b780-43c37a89e8eb@group-BAC069DAEF17-LeaderElection182] INFO  impl.LeaderElection (LeaderElection.java:logAndReturn(56)) - 4b487190-7547-40c7-b780-43c37a89e8eb@group-BAC069DAEF17-LeaderElection182: Election REJECTED; received 2 response(s) [4b487190-7547-40c7-b780-43c37a89e8eb<-6fa005cd-25d6-4e29-bda6-9462a060c098#0:FAIL-t190, 4b487190-7547-40c7-b780-43c37a89e8eb<-3d3aac8b-d4d1-454d-bf0c-88a180692893#0:FAIL-t190] and 0 exception(s); 4b487190-7547-40c7-b780-43c37a89e8eb@group-BAC069DAEF17:t190, leader=null, voted=4b487190-7547-40c7-b780-43c37a89e8eb, raftlog=4b487190-7547-40c7-b780-43c37a89e8eb@group-BAC069DAEF17-SegmentedRaftLog:OPENED:c-1,f-1,i0, conf=-1: [6fa005cd-25d6-4e29-bda6-9462a060c098:192.168.69.67:36093, 4b487190-7547-40c7-b780-43c37a89e8eb:192.168.69.67:39683, 3d3aac8b-d4d1-454d-bf0c-88a180692893:192.168.69.67:34429], old=null
2019-10-18 07:54:23,875 [4b487190-7547-40c7-b780-43c37a89e8eb@group-BAC069DAEF17-LeaderElection182] INFO  impl.RaftServerImpl (RaftServerImpl.java:setRole(184)) - 4b487190-7547-40c7-b780-43c37a89e8eb@group-BAC069DAEF17: changes role from CANDIDATE to FOLLOWER at term 190 for DISCOVERED_A_NEW_TERM
2019-10-18 07:54:23,875 [4b487190-7547-40c7-b780-43c37a89e8eb@group-BAC069DAEF17-LeaderElection182] INFO  impl.RoleInfo (RoleInfo.java:shutdownLeaderElection(134)) - 4b487190-7547-40c7-b780-43c37a89e8eb: shutdown LeaderElection
2019-10-18 07:54:23,875 [4b487190-7547-40c7-b780-43c37a89e8eb@group-BAC069DAEF17-LeaderElection182] INFO  impl.RoleInfo (RoleInfo.java:updateAndGet(143)) - 4b487190-7547-40c7-b780-43c37a89e8eb: start FollowerState
2019-10-18 07:54:24,015 [Thread-1528] INFO  impl.FollowerState (FollowerState.java:run(108)) - 4b487190-7547-40c7-b780-43c37a89e8eb@group-BAC069DAEF17-FollowerState: change to CANDIDATE, lastRpcTime:139ms, electionTimeout:139ms
2019-10-18 07:54:24,015 [Thread-1528] INFO  impl.RoleInfo (RoleInfo.java:shutdownFollowerState(121)) - 4b487190-7547-40c7-b780-43c37a89e8eb: shutdown FollowerState
2019-10-18 07:54:24,015 [Thread-1528] INFO  impl.RaftServerImpl (RaftServerImpl.java:setRole(184)) - 4b487190-7547-40c7-b780-43c37a89e8eb@group-BAC069DAEF17: changes role from  FOLLOWER to CANDIDATE at term 190 for changeToCandidate
2019-10-18 07:54:24,015 [Thread-1528] INFO  impl.RoleInfo (RoleInfo.java:updateAndGet(143)) - 4b487190-7547-40c7-b780-43c37a89e8eb: start LeaderElection
2019-10-18 07:54:24,031 [4b487190-7547-40c7-b780-43c37a89e8eb@group-BAC069DAEF17-LeaderElection183] INFO  impl.LeaderElection (LeaderElection.java:askForVotes(178)) - 4b487190-7547-40c7-b780-43c37a89e8eb@group-BAC069DAEF17-LeaderElection183: begin an election at term 191 for -1: [6fa005cd-25d6-4e29-bda6-9462a060c098:192.168.69.67:36093, 4b487190-7547-40c7-b780-43c37a89e8eb:192.168.69.67:39683, 3d3aac8b-d4d1-454d-bf0c-88a180692893:192.168.69.67:34429], old=null
2019-10-18 07:54:24,033 [grpc-default-executor-6] INFO  impl.RaftServerImpl (RaftServerImpl.java:setRole(184)) - 6fa005cd-25d6-4e29-bda6-9462a060c098@group-BAC069DAEF17: changes role from  FOLLOWER to FOLLOWER at term 191 for recognizeCandidate:4b487190-7547-40c7-b780-43c37a89e8eb
2019-10-18 07:54:24,033 [grpc-default-executor-3] INFO  impl.RaftServerImpl (RaftServerImpl.java:setRole(184)) - 3d3aac8b-d4d1-454d-bf0c-88a180692893@group-BAC069DAEF17: changes role from  FOLLOWER to FOLLOWER at term 191 for recognizeCandidate:4b487190-7547-40c7-b780-43c37a89e8eb
2019-10-18 07:54:24,033 [grpc-default-executor-6] INFO  impl.RoleInfo (RoleInfo.java:shutdownFollowerState(121)) - 6fa005cd-25d6-4e29-bda6-9462a060c098: shutdown FollowerState
2019-10-18 07:54:24,034 [grpc-default-executor-3] INFO  impl.RoleInfo (RoleInfo.java:shutdownFollowerState(121)) - 3d3aac8b-d4d1-454d-bf0c-88a180692893: shutdown FollowerState
2019-10-18 07:54:24,034 [Thread-1526] INFO  impl.FollowerState (FollowerState.java:run(117)) - 6fa005cd-25d6-4e29-bda6-9462a060c098@group-BAC069DAEF17-FollowerState was interrupted: java.lang.InterruptedException: sleep interrupted
2019-10-18 07:54:24,034 [grpc-default-executor-6] INFO  impl.RoleInfo (RoleInfo.java:updateAndGet(143)) - 6fa005cd-25d6-4e29-bda6-9462a060c098: start FollowerState
2019-10-18 07:54:24,034 [Thread-1527] INFO  impl.FollowerState (FollowerState.java:run(117)) - 3d3aac8b-d4d1-454d-bf0c-88a180692893@group-BAC069DAEF17-FollowerState was interrupted: java.lang.InterruptedException: sleep interrupted
2019-10-18 07:54:24,034 [grpc-default-executor-3] INFO  impl.RoleInfo (RoleInfo.java:updateAndGet(143)) - 3d3aac8b-d4d1-454d-bf0c-88a180692893: start FollowerState
2019-10-18 07:54:24,039 [4b487190-7547-40c7-b780-43c37a89e8eb@group-BAC069DAEF17-LeaderElection183] INFO  impl.LeaderElection (LeaderElection.java:logAndReturn(56)) - 4b487190-7547-40c7-b780-43c37a89e8eb@group-BAC069DAEF17-LeaderElection183: Election TIMEOUT; received 0 response(s) [] and 0 exception(s); 4b487190-7547-40c7-b780-43c37a89e8eb@group-BAC069DAEF17:t191, leader=null, voted=4b487190-7547-40c7-b780-43c37a89e8eb, raftlog=4b487190-7547-40c7-b780-43c37a89e8eb@group-BAC069DAEF17-SegmentedRaftLog:OPENED:c-1,f-1,i0, conf=-1: [6fa005cd-25d6-4e29-bda6-9462a060c098:192.168.69.67:36093, 4b487190-7547-40c7-b780-43c37a89e8eb:192.168.69.67:39683, 3d3aac8b-d4d1-454d-bf0c-88a180692893:192.168.69.67:34429], old=null
2019-10-18 07:54:24,045 [4b487190-7547-40c7-b780-43c37a89e8eb@group-BAC069DAEF17-LeaderElection183] INFO  impl.LeaderElection (LeaderElection.java:askForVotes(178)) - 4b487190-7547-40c7-b780-43c37a89e8eb@group-BAC069DAEF17-LeaderElection183: begin an election at term 192 for -1: [6fa005cd-25d6-4e29-bda6-9462a060c098:192.168.69.67:36093, 4b487190-7547-40c7-b780-43c37a89e8eb:192.168.69.67:39683, 3d3aac8b-d4d1-454d-bf0c-88a180692893:192.168.69.67:34429], old=null
2019-10-18 07:54:24,047 [grpc-default-executor-3] INFO  impl.RaftServerImpl (RaftServerImpl.java:setRole(184)) - 6fa005cd-25d6-4e29-bda6-9462a060c098@group-BAC069DAEF17: changes role from  FOLLOWER to FOLLOWER at term 192 for recognizeCandidate:4b487190-7547-40c7-b780-43c37a89e8eb
2019-10-18 07:54:24,047 [grpc-default-executor-6] INFO  impl.RaftServerImpl (RaftServerImpl.java:setRole(184)) - 3d3aac8b-d4d1-454d-bf0c-88a180692893@group-BAC069DAEF17: changes role from  FOLLOWER to FOLLOWER at term 192 for recognizeCandidate:4b487190-7547-40c7-b780-43c37a89e8eb
2019-10-18 07:54:24,047 [grpc-default-executor-6] INFO  impl.RoleInfo (RoleInfo.java:shutdownFollowerState(121)) - 3d3aac8b-d4d1-454d-bf0c-88a180692893: shutdown FollowerState
2019-10-18 07:54:24,047 [grpc-default-executor-3] INFO  impl.RoleInfo (RoleInfo.java:shutdownFollowerState(121)) - 6fa005cd-25d6-4e29-bda6-9462a060c098: shutdown FollowerState
2019-10-18 07:54:24,047 [Thread-1533] INFO  impl.FollowerState (FollowerState.java:run(117)) - 3d3aac8b-d4d1-454d-bf0c-88a180692893@group-BAC069DAEF17-FollowerState was interrupted: java.lang.InterruptedException: sleep interrupted
2019-10-18 07:54:24,047 [grpc-default-executor-6] INFO  impl.RoleInfo (RoleInfo.java:updateAndGet(143)) - 3d3aac8b-d4d1-454d-bf0c-88a180692893: start FollowerState
2019-10-18 07:54:24,047 [Thread-1532] INFO  impl.FollowerState (FollowerState.java:run(117)) - 6fa005cd-25d6-4e29-bda6-9462a060c098@group-BAC069DAEF17-FollowerState was interrupted: java.lang.InterruptedException: sleep interrupted
2019-10-18 07:54:24,047 [grpc-default-executor-3] INFO  impl.RoleInfo (RoleInfo.java:updateAndGet(143)) - 6fa005cd-25d6-4e29-bda6-9462a060c098: start FollowerState
2019-10-18 07:54:24,070 [4b487190-7547-40c7-b780-43c37a89e8eb@group-BAC069DAEF17-LeaderElection183] INFO  impl.LeaderElection (LeaderElection.java:logAndReturn(56)) - 4b487190-7547-40c7-b780-43c37a89e8eb@group-BAC069DAEF17-LeaderElection183: Election TIMEOUT; received 0 response(s) [] and 0 exception(s); 4b487190-7547-40c7-b780-43c37a89e8eb@group-BAC069DAEF17:t192, leader=null, voted=4b487190-7547-40c7-b780-43c37a89e8eb, raftlog=4b487190-7547-40c7-b780-43c37a89e8eb@group-BAC069DAEF17-SegmentedRaftLog:OPENED:c-1,f-1,i0, conf=-1: [6fa005cd-25d6-4e29-bda6-9462a060c098:192.168.69.67:36093, 4b487190-7547-40c7-b780-43c37a89e8eb:192.168.69.67:39683, 3d3aac8b-d4d1-454d-bf0c-88a180692893:192.168.69.67:34429], old=null
2019-10-18 07:54:24,075 [4b487190-7547-40c7-b780-43c37a89e8eb@group-BAC069DAEF17-LeaderElection183] INFO  impl.LeaderElection (LeaderElection.java:askForVotes(178)) - 4b487190-7547-40c7-b780-43c37a89e8eb@group-BAC069DAEF17-LeaderElection183: begin an election at term 193 for -1: [6fa005cd-25d6-4e29-bda6-9462a060c098:192.168.69.67:36093, 4b487190-7547-40c7-b780-43c37a89e8eb:192.168.69.67:39683, 3d3aac8b-d4d1-454d-bf0c-88a180692893:192.168.69.67:34429], old=null
2019-10-18 07:54:24,076 [grpc-default-executor-3] INFO  impl.RaftServerImpl (RaftServerImpl.java:setRole(184)) - 6fa005cd-25d6-4e29-bda6-9462a060c098@group-BAC069DAEF17: changes role from  FOLLOWER to FOLLOWER at term 193 for recognizeCandidate:4b487190-7547-40c7-b780-43c37a89e8eb
2019-10-18 07:54:24,077 [grpc-default-executor-3] INFO  impl.RoleInfo (RoleInfo.java:shutdownFollowerState(121)) - 6fa005cd-25d6-4e29-bda6-9462a060c098: shutdown FollowerState
2019-10-18 07:54:24,077 [grpc-default-executor-3] INFO  impl.RoleInfo (RoleInfo.java:updateAndGet(143)) - 6fa005cd-25d6-4e29-bda6-9462a060c098: start FollowerState
2019-10-18 07:54:24,077 [Thread-1537] INFO  impl.FollowerState (FollowerState.java:run(117)) - 6fa005cd-25d6-4e29-bda6-9462a060c098@group-BAC069DAEF17-FollowerState was interrupted: java.lang.InterruptedException: sleep interrupted
2019-10-18 07:54:24,077 [grpc-default-executor-6] INFO  impl.RaftServerImpl (RaftServerImpl.java:setRole(184)) - 3d3aac8b-d4d1-454d-bf0c-88a180692893@group-BAC069DAEF17: changes role from  FOLLOWER to FOLLOWER at term 193 for recognizeCandidate:4b487190-7547-40c7-b780-43c37a89e8eb
2019-10-18 07:54:24,077 [grpc-default-executor-6] INFO  impl.RoleInfo (RoleInfo.java:shutdownFollowerState(121)) - 3d3aac8b-d4d1-454d-bf0c-88a180692893: shutdown FollowerState
2019-10-18 07:54:24,077 [grpc-default-executor-6] INFO  impl.RoleInfo (RoleInfo.java:updateAndGet(143)) - 3d3aac8b-d4d1-454d-bf0c-88a180692893: start FollowerState
2019-10-18 07:54:24,078 [Thread-1536] INFO  impl.FollowerState (FollowerState.java:run(117)) - 3d3aac8b-d4d1-454d-bf0c-88a180692893@group-BAC069DAEF17-FollowerState was interrupted: java.lang.InterruptedException: sleep interrupted
2019-10-18 07:54:24,092 [4b487190-7547-40c7-b780-43c37a89e8eb@group-BAC069DAEF17-LeaderElection183] INFO  impl.LeaderElection (LeaderElection.java:logAndReturn(56)) - 4b487190-7547-40c7-b780-43c37a89e8eb@group-BAC069DAEF17-LeaderElection183: Election REJECTED; received 2 response(s) [4b487190-7547-40c7-b780-43c37a89e8eb<-6fa005cd-25d6-4e29-bda6-9462a060c098#0:FAIL-t193, 4b487190-7547-40c7-b780-43c37a89e8eb<-3d3aac8b-d4d1-454d-bf0c-88a180692893#0:FAIL-t193] and 0 exception(s); 4b487190-7547-40c7-b780-43c37a89e8eb@group-BAC069DAEF17:t193, leader=null, voted=4b487190-7547-40c7-b780-43c37a89e8eb, raftlog=4b487190-7547-40c7-b780-43c37a89e8eb@group-BAC069DAEF17-SegmentedRaftLog:OPENED:c-1,f-1,i0, conf=-1: [6fa005cd-25d6-4e29-bda6-9462a060c098:192.168.69.67:36093, 4b487190-7547-40c7-b780-43c37a89e8eb:192.168.69.67:39683, 3d3aac8b-d4d1-454d-bf0c-88a180692893:192.168.69.67:34429], old=null
2019-10-18 07:54:24,092 [4b487190-7547-40c7-b780-43c37a89e8eb@group-BAC069DAEF17-LeaderElection183] INFO  impl.RaftServerImpl (RaftServerImpl.java:setRole(184)) - 4b487190-7547-40c7-b780-43c37a89e8eb@group-BAC069DAEF17: changes role from CANDIDATE to FOLLOWER at term 193 for DISCOVERED_A_NEW_TERM
2019-10-18 07:54:24,092 [4b487190-7547-40c7-b780-43c37a89e8eb@group-BAC069DAEF17-LeaderElection183] INFO  impl.RoleInfo (RoleInfo.java:shutdownLeaderElection(134)) - 4b487190-7547-40c7-b780-43c37a89e8eb: shutdown LeaderElection
2019-10-18 07:54:24,092 [4b487190-7547-40c7-b780-43c37a89e8eb@group-BAC069DAEF17-LeaderElection183] INFO  impl.RoleInfo (RoleInfo.java:updateAndGet(143)) - 4b487190-7547-40c7-b780-43c37a89e8eb: start FollowerState
2019-10-18 07:54:24,213 [Thread-1542] INFO  impl.FollowerState (FollowerState.java:run(108)) - 4b487190-7547-40c7-b780-43c37a89e8eb@group-BAC069DAEF17-FollowerState: change to CANDIDATE, lastRpcTime:120ms, electionTimeout:120ms
2019-10-18 07:54:24,213 [Thread-1542] INFO  impl.RoleInfo (RoleInfo.java:shutdownFollowerState(121)) - 4b487190-7547-40c7-b780-43c37a89e8eb: shutdown FollowerState
2019-10-18 07:54:24,213 [Thread-1542] INFO  impl.RaftServerImpl (RaftServerImpl.java:setRole(184)) - 4b487190-7547-40c7-b780-43c37a89e8eb@group-BAC069DAEF17: changes role from  FOLLOWER to CANDIDATE at term 193 for changeToCandidate
2019-10-18 07:54:24,213 [Thread-1542] INFO  impl.RoleInfo (RoleInfo.java:updateAndGet(143)) - 4b487190-7547-40c7-b780-43c37a89e8eb: start LeaderElection
2019-10-18 07:54:24,228 [4b487190-7547-40c7-b780-43c37a89e8eb@group-BAC069DAEF17-LeaderElection184] INFO  impl.LeaderElection (LeaderElection.java:askForVotes(178)) - 4b487190-7547-40c7-b780-43c37a89e8eb@group-BAC069DAEF17-LeaderElection184: begin an election at term 194 for -1: [6fa005cd-25d6-4e29-bda6-9462a060c098:192.168.69.67:36093, 4b487190-7547-40c7-b780-43c37a89e8eb:192.168.69.67:39683, 3d3aac8b-d4d1-454d-bf0c-88a180692893:192.168.69.67:34429], old=null
2019-10-18 07:54:24,231 [grpc-default-executor-3] INFO  impl.RaftServerImpl (RaftServerImpl.java:setRole(184)) - 6fa005cd-25d6-4e29-bda6-9462a060c098@group-BAC069DAEF17: changes role from  FOLLOWER to FOLLOWER at term 194 for recognizeCandidate:4b487190-7547-40c7-b780-43c37a89e8eb
2019-10-18 07:54:24,231 [grpc-default-executor-6] INFO  impl.RaftServerImpl (RaftServerImpl.java:setRole(184)) - 3d3aac8b-d4d1-454d-bf0c-88a180692893@group-BAC069DAEF17: changes role from  FOLLOWER to FOLLOWER at term 194 for recognizeCandidate:4b487190-7547-40c7-b780-43c37a89e8eb
2019-10-18 07:54:24,231 [grpc-default-executor-3] INFO  impl.RoleInfo (RoleInfo.java:shutdownFollowerState(121)) - 6fa005cd-25d6-4e29-bda6-9462a060c098: shutdown FollowerState
2019-10-18 07:54:24,231 [grpc-default-executor-6] INFO  impl.RoleInfo (RoleInfo.java:shutdownFollowerState(121)) - 3d3aac8b-d4d1-454d-bf0c-88a180692893: shutdown FollowerState
2019-10-18 07:54:24,231 [Thread-1540] INFO  impl.FollowerState (FollowerState.java:run(117)) - 6fa005cd-25d6-4e29-bda6-9462a060c098@group-BAC069DAEF17-FollowerState was interrupted: java.lang.InterruptedException: sleep interrupted
2019-10-18 07:54:24,231 [grpc-default-executor-3] INFO  impl.RoleInfo (RoleInfo.java:updateAndGet(143)) - 6fa005cd-25d6-4e29-bda6-9462a060c098: start FollowerState
2019-10-18 07:54:24,231 [Thread-1541] INFO  impl.FollowerState (FollowerState.java:run(117)) - 3d3aac8b-d4d1-454d-bf0c-88a180692893@group-BAC069DAEF17-FollowerState was interrupted: java.lang.InterruptedException: sleep interrupted
2019-10-18 07:54:24,231 [grpc-default-executor-6] INFO  impl.RoleInfo (RoleInfo.java:updateAndGet(143)) - 3d3aac8b-d4d1-454d-bf0c-88a180692893: start FollowerState
2019-10-18 07:54:24,246 [4b487190-7547-40c7-b780-43c37a89e8eb@group-BAC069DAEF17-LeaderElection184] INFO  impl.LeaderElection (LeaderElection.java:logAndReturn(56)) - 4b487190-7547-40c7-b780-43c37a89e8eb@group-BAC069DAEF17-LeaderElection184: Election REJECTED; received 2 response(s) [4b487190-7547-40c7-b780-43c37a89e8eb<-6fa005cd-25d6-4e29-bda6-9462a060c098#0:FAIL-t194, 4b487190-7547-40c7-b780-43c37a89e8eb<-3d3aac8b-d4d1-454d-bf0c-88a180692893#0:FAIL-t194] and 0 exception(s); 4b487190-7547-40c7-b780-43c37a89e8eb@group-BAC069DAEF17:t194, leader=null, voted=4b487190-7547-40c7-b780-43c37a89e8eb, raftlog=4b487190-7547-40c7-b780-43c37a89e8eb@group-BAC069DAEF17-SegmentedRaftLog:OPENED:c-1,f-1,i0, conf=-1: [6fa005cd-25d6-4e29-bda6-9462a060c098:192.168.69.67:36093, 4b487190-7547-40c7-b780-43c37a89e8eb:192.168.69.67:39683, 3d3aac8b-d4d1-454d-bf0c-88a180692893:192.168.69.67:34429], old=null
2019-10-18 07:54:24,246 [4b487190-7547-40c7-b780-43c37a89e8eb@group-BAC069DAEF17-LeaderElection184] INFO  impl.RaftServerImpl (RaftServerImpl.java:setRole(184)) - 4b487190-7547-40c7-b780-43c37a89e8eb@group-BAC069DAEF17: changes role from CANDIDATE to FOLLOWER at term 194 for DISCOVERED_A_NEW_TERM
2019-10-18 07:54:24,246 [4b487190-7547-40c7-b780-43c37a89e8eb@group-BAC069DAEF17-LeaderElection184] INFO  impl.RoleInfo (RoleInfo.java:shutdownLeaderElection(134)) - 4b487190-7547-40c7-b780-43c37a89e8eb: shutdown LeaderElection
2019-10-18 07:54:24,246 [4b487190-7547-40c7-b780-43c37a89e8eb@group-BAC069DAEF17-LeaderElection184] INFO  impl.RoleInfo (RoleInfo.java:updateAndGet(143)) - 4b487190-7547-40c7-b780-43c37a89e8eb: start FollowerState
2019-10-18 07:54:24,431 [Thread-1548] INFO  impl.FollowerState (FollowerState.java:run(108)) - 4b487190-7547-40c7-b780-43c37a89e8eb@group-BAC069DAEF17-FollowerState: change to CANDIDATE, lastRpcTime:184ms, electionTimeout:184ms
2019-10-18 07:54:24,431 [Thread-1548] INFO  impl.RoleInfo (RoleInfo.java:shutdownFollowerState(121)) - 4b487190-7547-40c7-b780-43c37a89e8eb: shutdown FollowerState
2019-10-18 07:54:24,431 [Thread-1548] INFO  impl.RaftServerImpl (RaftServerImpl.java:setRole(184)) - 4b487190-7547-40c7-b780-43c37a89e8eb@group-BAC069DAEF17: changes role from  FOLLOWER to CANDIDATE at term 194 for changeToCandidate
2019-10-18 07:54:24,431 [Thread-1548] INFO  impl.RoleInfo (RoleInfo.java:updateAndGet(143)) - 4b487190-7547-40c7-b780-43c37a89e8eb: start LeaderElection
2019-10-18 07:54:24,446 [4b487190-7547-40c7-b780-43c37a89e8eb@group-BAC069DAEF17-LeaderElection185] INFO  impl.LeaderElection (LeaderElection.java:askForVotes(178)) - 4b487190-7547-40c7-b780-43c37a89e8eb@group-BAC069DAEF17-LeaderElection185: begin an election at term 195 for -1: [6fa005cd-25d6-4e29-bda6-9462a060c098:192.168.69.67:36093, 4b487190-7547-40c7-b780-43c37a89e8eb:192.168.69.67:39683, 3d3aac8b-d4d1-454d-bf0c-88a180692893:192.168.69.67:34429], old=null
2019-10-18 07:54:24,448 [grpc-default-executor-6] INFO  impl.RaftServerImpl (RaftServerImpl.java:setRole(184)) - 3d3aac8b-d4d1-454d-bf0c-88a180692893@group-BAC069DAEF17: changes role from  FOLLOWER to FOLLOWER at term 195 for recognizeCandidate:4b487190-7547-40c7-b780-43c37a89e8eb
2019-10-18 07:54:24,448 [grpc-default-executor-3] INFO  impl.RaftServerImpl (RaftServerImpl.java:setRole(184)) - 6fa005cd-25d6-4e29-bda6-9462a060c098@group-BAC069DAEF17: changes role from  FOLLOWER to FOLLOWER at term 195 for recognizeCandidate:4b487190-7547-40c7-b780-43c37a89e8eb
2019-10-18 07:54:24,448 [grpc-default-executor-6] INFO  impl.RoleInfo (RoleInfo.java:shutdownFollowerState(121)) - 3d3aac8b-d4d1-454d-bf0c-88a180692893: shutdown FollowerState
2019-10-18 07:54:24,448 [grpc-default-executor-3] INFO  impl.RoleInfo (RoleInfo.java:shutdownFollowerState(121)) - 6fa005cd-25d6-4e29-bda6-9462a060c098: shutdown FollowerState
2019-10-18 07:54:24,448 [grpc-default-executor-6] INFO  impl.RoleInfo (RoleInfo.java:updateAndGet(143)) - 3d3aac8b-d4d1-454d-bf0c-88a180692893: start FollowerState
2019-10-18 07:54:24,448 [Thread-1547] INFO  impl.FollowerState (FollowerState.java:run(117)) - 3d3aac8b-d4d1-454d-bf0c-88a180692893@group-BAC069DAEF17-FollowerState was interrupted: java.lang.InterruptedException: sleep interrupted
2019-10-18 07:54:24,449 [Thread-1546] INFO  impl.FollowerState (FollowerState.java:run(117)) - 6fa005cd-25d6-4e29-bda6-9462a060c098@group-BAC069DAEF17-FollowerState was interrupted: java.lang.InterruptedException: sleep interrupted
2019-10-18 07:54:24,448 [grpc-default-executor-3] INFO  impl.RoleInfo (RoleInfo.java:updateAndGet(143)) - 6fa005cd-25d6-4e29-bda6-9462a060c098: start FollowerState
2019-10-18 07:54:24,463 [4b487190-7547-40c7-b780-43c37a89e8eb@group-BAC069DAEF17-LeaderElection185] INFO  impl.LeaderElection (LeaderElection.java:logAndReturn(56)) - 4b487190-7547-40c7-b780-43c37a89e8eb@group-BAC069DAEF17-LeaderElection185: Election REJECTED; received 2 response(s) [4b487190-7547-40c7-b780-43c37a89e8eb<-6fa005cd-25d6-4e29-bda6-9462a060c098#0:FAIL-t195, 4b487190-7547-40c7-b780-43c37a89e8eb<-3d3aac8b-d4d1-454d-bf0c-88a180692893#0:FAIL-t195] and 0 exception(s); 4b487190-7547-40c7-b780-43c37a89e8eb@group-BAC069DAEF17:t195, leader=null, voted=4b487190-7547-40c7-b780-43c37a89e8eb, raftlog=4b487190-7547-40c7-b780-43c37a89e8eb@group-BAC069DAEF17-SegmentedRaftLog:OPENED:c-1,f-1,i0, conf=-1: [6fa005cd-25d6-4e29-bda6-9462a060c098:192.168.69.67:36093, 4b487190-7547-40c7-b780-43c37a89e8eb:192.168.69.67:39683, 3d3aac8b-d4d1-454d-bf0c-88a180692893:192.168.69.67:34429], old=null
2019-10-18 07:54:24,463 [4b487190-7547-40c7-b780-43c37a89e8eb@group-BAC069DAEF17-LeaderElection185] INFO  impl.RaftServerImpl (RaftServerImpl.java:setRole(184)) - 4b487190-7547-40c7-b780-43c37a89e8eb@group-BAC069DAEF17: changes role from CANDIDATE to FOLLOWER at term 195 for DISCOVERED_A_NEW_TERM
2019-10-18 07:54:24,463 [4b487190-7547-40c7-b780-43c37a89e8eb@group-BAC069DAEF17-LeaderElection185] INFO  impl.RoleInfo (RoleInfo.java:shutdownLeaderElection(134)) - 4b487190-7547-40c7-b780-43c37a89e8eb: shutdown LeaderElection
2019-10-18 07:54:24,463 [4b487190-7547-40c7-b780-43c37a89e8eb@group-BAC069DAEF17-LeaderElection185] INFO  impl.RoleInfo (RoleInfo.java:updateAndGet(143)) - 4b487190-7547-40c7-b780-43c37a89e8eb: start FollowerState
2019-10-18 07:54:24,536 [Thread-1554] INFO  impl.FollowerState (FollowerState.java:run(108)) - 4b487190-7547-40c7-b780-43c37a89e8eb@group-BAC069DAEF17-FollowerState: change to CANDIDATE, lastRpcTime:72ms, electionTimeout:72ms
2019-10-18 07:54:24,536 [Thread-1554] INFO  impl.RoleInfo (RoleInfo.java:shutdownFollowerState(121)) - 4b487190-7547-40c7-b780-43c37a89e8eb: shutdown FollowerState
2019-10-18 07:54:24,536 [Thread-1554] INFO  impl.RaftServerImpl (RaftServerImpl.java:setRole(184)) - 4b487190-7547-40c7-b780-43c37a89e8eb@group-BAC069DAEF17: changes role from  FOLLOWER to CANDIDATE at term 195 for changeToCandidate
2019-10-18 07:54:24,536 [Thread-1554] INFO  impl.RoleInfo (RoleInfo.java:updateAndGet(143)) - 4b487190-7547-40c7-b780-43c37a89e8eb: start LeaderElection
2019-10-18 07:54:24,551 [4b487190-7547-40c7-b780-43c37a89e8eb@group-BAC069DAEF17-LeaderElection186] INFO  impl.LeaderElection (LeaderElection.java:askForVotes(178)) - 4b487190-7547-40c7-b780-43c37a89e8eb@group-BAC069DAEF17-LeaderElection186: begin an election at term 196 for -1: [6fa005cd-25d6-4e29-bda6-9462a060c098:192.168.69.67:36093, 4b487190-7547-40c7-b780-43c37a89e8eb:192.168.69.67:39683, 3d3aac8b-d4d1-454d-bf0c-88a180692893:192.168.69.67:34429], old=null
2019-10-18 07:54:24,553 [grpc-default-executor-6] INFO  impl.RaftServerImpl (RaftServerImpl.java:setRole(184)) - 6fa005cd-25d6-4e29-bda6-9462a060c098@group-BAC069DAEF17: changes role from  FOLLOWER to FOLLOWER at term 196 for recognizeCandidate:4b487190-7547-40c7-b780-43c37a89e8eb
2019-10-18 07:54:24,553 [grpc-default-executor-6] INFO  impl.RoleInfo (RoleInfo.java:shutdownFollowerState(121)) - 6fa005cd-25d6-4e29-bda6-9462a060c098: shutdown FollowerState
2019-10-18 07:54:24,554 [grpc-default-executor-3] INFO  impl.RaftServerImpl (RaftServerImpl.java:setRole(184)) - 3d3aac8b-d4d1-454d-bf0c-88a180692893@group-BAC069DAEF17: changes role from  FOLLOWER to FOLLOWER at term 196 for recognizeCandidate:4b487190-7547-40c7-b780-43c37a89e8eb
2019-10-18 07:54:24,554 [grpc-default-executor-3] INFO  impl.RoleInfo (RoleInfo.java:shutdownFollowerState(121)) - 3d3aac8b-d4d1-454d-bf0c-88a180692893: shutdown FollowerState
2019-10-18 07:54:24,554 [Thread-1553] INFO  impl.FollowerState (FollowerState.java:run(117)) - 6fa005cd-25d6-4e29-bda6-9462a060c098@group-BAC069DAEF17-FollowerState was interrupted: java.lang.InterruptedException: sleep interrupted
2019-10-18 07:54:24,554 [Thread-1552] INFO  impl.FollowerState (FollowerState.java:run(117)) - 3d3aac8b-d4d1-454d-bf0c-88a180692893@group-BAC069DAEF17-FollowerState was interrupted: java.lang.InterruptedException: sleep interrupted
2019-10-18 07:54:24,554 [grpc-default-executor-6] INFO  impl.RoleInfo (RoleInfo.java:updateAndGet(143)) - 6fa005cd-25d6-4e29-bda6-9462a060c098: start FollowerState
2019-10-18 07:54:24,554 [grpc-default-executor-3] INFO  impl.RoleInfo (RoleInfo.java:updateAndGet(143)) - 3d3aac8b-d4d1-454d-bf0c-88a180692893: start FollowerState
2019-10-18 07:54:24,566 [4b487190-7547-40c7-b780-43c37a89e8eb@group-BAC069DAEF17-LeaderElection186] INFO  impl.LeaderElection (LeaderElection.java:logAndReturn(56)) - 4b487190-7547-40c7-b780-43c37a89e8eb@group-BAC069DAEF17-LeaderElection186: Election REJECTED; received 2 response(s) [4b487190-7547-40c7-b780-43c37a89e8eb<-6fa005cd-25d6-4e29-bda6-9462a060c098#0:FAIL-t196, 4b487190-7547-40c7-b780-43c37a89e8eb<-3d3aac8b-d4d1-454d-bf0c-88a180692893#0:FAIL-t196] and 0 exception(s); 4b487190-7547-40c7-b780-43c37a89e8eb@group-BAC069DAEF17:t196, leader=null, voted=4b487190-7547-40c7-b780-43c37a89e8eb, raftlog=4b487190-7547-40c7-b780-43c37a89e8eb@group-BAC069DAEF17-SegmentedRaftLog:OPENED:c-1,f-1,i0, conf=-1: [6fa005cd-25d6-4e29-bda6-9462a060c098:192.168.69.67:36093, 4b487190-7547-40c7-b780-43c37a89e8eb:192.168.69.67:39683, 3d3aac8b-d4d1-454d-bf0c-88a180692893:192.168.69.67:34429], old=null
2019-10-18 07:54:24,566 [4b487190-7547-40c7-b780-43c37a89e8eb@group-BAC069DAEF17-LeaderElection186] INFO  impl.RaftServerImpl (RaftServerImpl.java:setRole(184)) - 4b487190-7547-40c7-b780-43c37a89e8eb@group-BAC069DAEF17: changes role from CANDIDATE to FOLLOWER at term 196 for DISCOVERED_A_NEW_TERM
2019-10-18 07:54:24,566 [4b487190-7547-40c7-b780-43c37a89e8eb@group-BAC069DAEF17-LeaderElection186] INFO  impl.RoleInfo (RoleInfo.java:shutdownLeaderElection(134)) - 4b487190-7547-40c7-b780-43c37a89e8eb: shutdown LeaderElection
2019-10-18 07:54:24,566 [4b487190-7547-40c7-b780-43c37a89e8eb@group-BAC069DAEF17-LeaderElection186] INFO  impl.RoleInfo (RoleInfo.java:updateAndGet(143)) - 4b487190-7547-40c7-b780-43c37a89e8eb: start FollowerState
2019-10-18 07:54:24,671 [Thread-1560] INFO  impl.FollowerState (FollowerState.java:run(108)) - 4b487190-7547-40c7-b780-43c37a89e8eb@group-BAC069DAEF17-FollowerState: change to CANDIDATE, lastRpcTime:104ms, electionTimeout:104ms
2019-10-18 07:54:24,672 [Thread-1560] INFO  impl.RoleInfo (RoleInfo.java:shutdownFollowerState(121)) - 4b487190-7547-40c7-b780-43c37a89e8eb: shutdown FollowerState
2019-10-18 07:54:24,672 [Thread-1560] INFO  impl.RaftServerImpl (RaftServerImpl.java:setRole(184)) - 4b487190-7547-40c7-b780-43c37a89e8eb@group-BAC069DAEF17: changes role from  FOLLOWER to CANDIDATE at term 196 for changeToCandidate
2019-10-18 07:54:24,672 [Thread-1560] INFO  impl.RoleInfo (RoleInfo.java:updateAndGet(143)) - 4b487190-7547-40c7-b780-43c37a89e8eb: start LeaderElection
2019-10-18 07:54:24,686 [4b487190-7547-40c7-b780-43c37a89e8eb@group-BAC069DAEF17-LeaderElection187] INFO  impl.LeaderElection (LeaderElection.java:askForVotes(178)) - 4b487190-7547-40c7-b780-43c37a89e8eb@group-BAC069DAEF17-LeaderElection187: begin an election at term 197 for -1: [6fa005cd-25d6-4e29-bda6-9462a060c098:192.168.69.67:36093, 4b487190-7547-40c7-b780-43c37a89e8eb:192.168.69.67:39683, 3d3aac8b-d4d1-454d-bf0c-88a180692893:192.168.69.67:34429], old=null
2019-10-18 07:54:24,688 [grpc-default-executor-3] INFO  impl.RaftServerImpl (RaftServerImpl.java:setRole(184)) - 6fa005cd-25d6-4e29-bda6-9462a060c098@group-BAC069DAEF17: changes role from  FOLLOWER to FOLLOWER at term 197 for recognizeCandidate:4b487190-7547-40c7-b780-43c37a89e8eb
2019-10-18 07:54:24,688 [grpc-default-executor-6] INFO  impl.RaftServerImpl (RaftServerImpl.java:setRole(184)) - 3d3aac8b-d4d1-454d-bf0c-88a180692893@group-BAC069DAEF17: changes role from  FOLLOWER to FOLLOWER at term 197 for recognizeCandidate:4b487190-7547-40c7-b780-43c37a89e8eb
2019-10-18 07:54:24,689 [grpc-default-executor-6] INFO  impl.RoleInfo (RoleInfo.java:shutdownFollowerState(121)) - 3d3aac8b-d4d1-454d-bf0c-88a180692893: shutdown FollowerState
2019-10-18 07:54:24,689 [grpc-default-executor-3] INFO  impl.RoleInfo (RoleInfo.java:shutdownFollowerState(121)) - 6fa005cd-25d6-4e29-bda6-9462a060c098: shutdown FollowerState
2019-10-18 07:54:24,689 [Thread-1559] INFO  impl.FollowerState (FollowerState.java:run(117)) - 3d3aac8b-d4d1-454d-bf0c-88a180692893@group-BAC069DAEF17-FollowerState was interrupted: java.lang.InterruptedException: sleep interrupted
2019-10-18 07:54:24,689 [grpc-default-executor-6] INFO  impl.RoleInfo (RoleInfo.java:updateAndGet(143)) - 3d3aac8b-d4d1-454d-bf0c-88a180692893: start FollowerState
2019-10-18 07:54:24,689 [Thread-1558] INFO  impl.FollowerState (FollowerState.java:run(117)) - 6fa005cd-25d6-4e29-bda6-9462a060c098@group-BAC069DAEF17-FollowerState was interrupted: java.lang.InterruptedException: sleep interrupted
2019-10-18 07:54:24,689 [grpc-default-executor-3] INFO  impl.RoleInfo (RoleInfo.java:updateAndGet(143)) - 6fa005cd-25d6-4e29-bda6-9462a060c098: start FollowerState
2019-10-18 07:54:24,703 [4b487190-7547-40c7-b780-43c37a89e8eb@group-BAC069DAEF17-LeaderElection187] INFO  impl.LeaderElection (LeaderElection.java:logAndReturn(56)) - 4b487190-7547-40c7-b780-43c37a89e8eb@group-BAC069DAEF17-LeaderElection187: Election REJECTED; received 2 response(s) [4b487190-7547-40c7-b780-43c37a89e8eb<-6fa005cd-25d6-4e29-bda6-9462a060c098#0:FAIL-t197, 4b487190-7547-40c7-b780-43c37a89e8eb<-3d3aac8b-d4d1-454d-bf0c-88a180692893#0:FAIL-t197] and 0 exception(s); 4b487190-7547-40c7-b780-43c37a89e8eb@group-BAC069DAEF17:t197, leader=null, voted=4b487190-7547-40c7-b780-43c37a89e8eb, raftlog=4b487190-7547-40c7-b780-43c37a89e8eb@group-BAC069DAEF17-SegmentedRaftLog:OPENED:c-1,f-1,i0, conf=-1: [6fa005cd-25d6-4e29-bda6-9462a060c098:192.168.69.67:36093, 4b487190-7547-40c7-b780-43c37a89e8eb:192.168.69.67:39683, 3d3aac8b-d4d1-454d-bf0c-88a180692893:192.168.69.67:34429], old=null
2019-10-18 07:54:24,704 [4b487190-7547-40c7-b780-43c37a89e8eb@group-BAC069DAEF17-LeaderElection187] INFO  impl.RaftServerImpl (RaftServerImpl.java:setRole(184)) - 4b487190-7547-40c7-b780-43c37a89e8eb@group-BAC069DAEF17: changes role from CANDIDATE to FOLLOWER at term 197 for DISCOVERED_A_NEW_TERM
2019-10-18 07:54:24,704 [4b487190-7547-40c7-b780-43c37a89e8eb@group-BAC069DAEF17-LeaderElection187] INFO  impl.RoleInfo (RoleInfo.java:shutdownLeaderElection(134)) - 4b487190-7547-40c7-b780-43c37a89e8eb: shutdown LeaderElection
2019-10-18 07:54:24,704 [4b487190-7547-40c7-b780-43c37a89e8eb@group-BAC069DAEF17-LeaderElection187] INFO  impl.RoleInfo (RoleInfo.java:updateAndGet(143)) - 4b487190-7547-40c7-b780-43c37a89e8eb: start FollowerState
2019-10-18 07:54:24,741 [Thread-1566] INFO  impl.FollowerState (FollowerState.java:run(108)) - 4b487190-7547-40c7-b780-43c37a89e8eb@group-BAC069DAEF17-FollowerState: change to CANDIDATE, lastRpcTime:37ms, electionTimeout:37ms
2019-10-18 07:54:24,741 [Thread-1566] INFO  impl.RoleInfo (RoleInfo.java:shutdownFollowerState(121)) - 4b487190-7547-40c7-b780-43c37a89e8eb: shutdown FollowerState
2019-10-18 07:54:24,742 [Thread-1566] INFO  impl.RaftServerImpl (RaftServerImpl.java:setRole(184)) - 4b487190-7547-40c7-b780-43c37a89e8eb@group-BAC069DAEF17: changes role from  FOLLOWER to CANDIDATE at term 197 for changeToCandidate
2019-10-18 07:54:24,742 [Thread-1566] INFO  impl.RoleInfo (RoleInfo.java:updateAndGet(143)) - 4b487190-7547-40c7-b780-43c37a89e8eb: start LeaderElection
2019-10-18 07:54:24,755 [4b487190-7547-40c7-b780-43c37a89e8eb@group-BAC069DAEF17-LeaderElection188] INFO  impl.LeaderElection (LeaderElection.java:askForVotes(178)) - 4b487190-7547-40c7-b780-43c37a89e8eb@group-BAC069DAEF17-LeaderElection188: begin an election at term 198 for -1: [6fa005cd-25d6-4e29-bda6-9462a060c098:192.168.69.67:36093, 4b487190-7547-40c7-b780-43c37a89e8eb:192.168.69.67:39683, 3d3aac8b-d4d1-454d-bf0c-88a180692893:192.168.69.67:34429], old=null
2019-10-18 07:54:24,758 [grpc-default-executor-6] INFO  impl.RaftServerImpl (RaftServerImpl.java:setRole(184)) - 6fa005cd-25d6-4e29-bda6-9462a060c098@group-BAC069DAEF17: changes role from  FOLLOWER to FOLLOWER at term 198 for recognizeCandidate:4b487190-7547-40c7-b780-43c37a89e8eb
2019-10-18 07:54:24,758 [grpc-default-executor-3] INFO  impl.RaftServerImpl (RaftServerImpl.java:setRole(184)) - 3d3aac8b-d4d1-454d-bf0c-88a180692893@group-BAC069DAEF17: changes role from  FOLLOWER to FOLLOWER at term 198 for recognizeCandidate:4b487190-7547-40c7-b780-43c37a89e8eb
2019-10-18 07:54:24,758 [grpc-default-executor-6] INFO  impl.RoleInfo (RoleInfo.java:shutdownFollowerState(121)) - 6fa005cd-25d6-4e29-bda6-9462a060c098: shutdown FollowerState
2019-10-18 07:54:24,758 [grpc-default-executor-3] INFO  impl.RoleInfo (RoleInfo.java:shutdownFollowerState(121)) - 3d3aac8b-d4d1-454d-bf0c-88a180692893: shutdown FollowerState
2019-10-18 07:54:24,758 [Thread-1565] INFO  impl.FollowerState (FollowerState.java:run(117)) - 6fa005cd-25d6-4e29-bda6-9462a060c098@group-BAC069DAEF17-FollowerState was interrupted: java.lang.InterruptedException: sleep interrupted
2019-10-18 07:54:24,758 [grpc-default-executor-6] INFO  impl.RoleInfo (RoleInfo.java:updateAndGet(143)) - 6fa005cd-25d6-4e29-bda6-9462a060c098: start FollowerState
2019-10-18 07:54:24,758 [grpc-default-executor-3] INFO  impl.RoleInfo (RoleInfo.java:updateAndGet(143)) - 3d3aac8b-d4d1-454d-bf0c-88a180692893: start FollowerState
2019-10-18 07:54:24,758 [Thread-1564] INFO  impl.FollowerState (FollowerState.java:run(117)) - 3d3aac8b-d4d1-454d-bf0c-88a180692893@group-BAC069DAEF17-FollowerState was interrupted: java.lang.InterruptedException: sleep interrupted
2019-10-18 07:54:24,773 [4b487190-7547-40c7-b780-43c37a89e8eb@group-BAC069DAEF17-LeaderElection188] INFO  impl.LeaderElection (LeaderElection.java:logAndReturn(56)) - 4b487190-7547-40c7-b780-43c37a89e8eb@group-BAC069DAEF17-LeaderElection188: Election REJECTED; received 2 response(s) [4b487190-7547-40c7-b780-43c37a89e8eb<-6fa005cd-25d6-4e29-bda6-9462a060c098#0:FAIL-t198, 4b487190-7547-40c7-b780-43c37a89e8eb<-3d3aac8b-d4d1-454d-bf0c-88a180692893#0:FAIL-t198] and 0 exception(s); 4b487190-7547-40c7-b780-43c37a89e8eb@group-BAC069DAEF17:t198, leader=null, voted=4b487190-7547-40c7-b780-43c37a89e8eb, raftlog=4b487190-7547-40c7-b780-43c37a89e8eb@group-BAC069DAEF17-SegmentedRaftLog:OPENED:c-1,f-1,i0, conf=-1: [6fa005cd-25d6-4e29-bda6-9462a060c098:192.168.69.67:36093, 4b487190-7547-40c7-b780-43c37a89e8eb:192.168.69.67:39683, 3d3aac8b-d4d1-454d-bf0c-88a180692893:192.168.69.67:34429], old=null
2019-10-18 07:54:24,773 [4b487190-7547-40c7-b780-43c37a89e8eb@group-BAC069DAEF17-LeaderElection188] INFO  impl.RaftServerImpl (RaftServerImpl.java:setRole(184)) - 4b487190-7547-40c7-b780-43c37a89e8eb@group-BAC069DAEF17: changes role from CANDIDATE to FOLLOWER at term 198 for DISCOVERED_A_NEW_TERM
2019-10-18 07:54:24,773 [4b487190-7547-40c7-b780-43c37a89e8eb@group-BAC069DAEF17-LeaderElection188] INFO  impl.RoleInfo (RoleInfo.java:shutdownLeaderElection(134)) - 4b487190-7547-40c7-b780-43c37a89e8eb: shutdown LeaderElection
2019-10-18 07:54:24,773 [4b487190-7547-40c7-b780-43c37a89e8eb@group-BAC069DAEF17-LeaderElection188] INFO  impl.RoleInfo (RoleInfo.java:updateAndGet(143)) - 4b487190-7547-40c7-b780-43c37a89e8eb: start FollowerState
2019-10-18 07:54:24,937 [Thread-1572] INFO  impl.FollowerState (FollowerState.java:run(108)) - 4b487190-7547-40c7-b780-43c37a89e8eb@group-BAC069DAEF17-FollowerState: change to CANDIDATE, lastRpcTime:164ms, electionTimeout:164ms
2019-10-18 07:54:24,938 [Thread-1572] INFO  impl.RoleInfo (RoleInfo.java:shutdownFollowerState(121)) - 4b487190-7547-40c7-b780-43c37a89e8eb: shutdown FollowerState
2019-10-18 07:54:24,938 [Thread-1572] INFO  impl.RaftServerImpl (RaftServerImpl.java:setRole(184)) - 4b487190-7547-40c7-b780-43c37a89e8eb@group-BAC069DAEF17: changes role from  FOLLOWER to CANDIDATE at term 198 for changeToCandidate
2019-10-18 07:54:24,938 [Thread-1572] INFO  impl.RoleInfo (RoleInfo.java:updateAndGet(143)) - 4b487190-7547-40c7-b780-43c37a89e8eb: start LeaderElection
2019-10-18 07:54:24,952 [4b487190-7547-40c7-b780-43c37a89e8eb@group-BAC069DAEF17-LeaderElection189] INFO  impl.LeaderElection (LeaderElection.java:askForVotes(178)) - 4b487190-7547-40c7-b780-43c37a89e8eb@group-BAC069DAEF17-LeaderElection189: begin an election at term 199 for -1: [6fa005cd-25d6-4e29-bda6-9462a060c098:192.168.69.67:36093, 4b487190-7547-40c7-b780-43c37a89e8eb:192.168.69.67:39683, 3d3aac8b-d4d1-454d-bf0c-88a180692893:192.168.69.67:34429], old=null
2019-10-18 07:54:24,954 [grpc-default-executor-6] INFO  impl.RaftServerImpl (RaftServerImpl.java:setRole(184)) - 3d3aac8b-d4d1-454d-bf0c-88a180692893@group-BAC069DAEF17: changes role from  FOLLOWER to FOLLOWER at term 199 for recognizeCandidate:4b487190-7547-40c7-b780-43c37a89e8eb
2019-10-18 07:54:24,954 [grpc-default-executor-6] INFO  impl.RoleInfo (RoleInfo.java:shutdownFollowerState(121)) - 3d3aac8b-d4d1-454d-bf0c-88a180692893: shutdown FollowerState
2019-10-18 07:54:24,954 [grpc-default-executor-3] INFO  impl.RaftServerImpl (RaftServerImpl.java:setRole(184)) - 6fa005cd-25d6-4e29-bda6-9462a060c098@group-BAC069DAEF17: changes role from  FOLLOWER to FOLLOWER at term 199 for recognizeCandidate:4b487190-7547-40c7-b780-43c37a89e8eb
2019-10-18 07:54:24,954 [Thread-1571] INFO  impl.FollowerState (FollowerState.java:run(117)) - 3d3aac8b-d4d1-454d-bf0c-88a180692893@group-BAC069DAEF17-FollowerState was interrupted: java.lang.InterruptedException: sleep interrupted
2019-10-18 07:54:24,954 [grpc-default-executor-6] INFO  impl.RoleInfo (RoleInfo.java:updateAndGet(143)) - 3d3aac8b-d4d1-454d-bf0c-88a180692893: start FollowerState
2019-10-18 07:54:24,954 [grpc-default-executor-3] INFO  impl.RoleInfo (RoleInfo.java:shutdownFollowerState(121)) - 6fa005cd-25d6-4e29-bda6-9462a060c098: shutdown FollowerState
2019-10-18 07:54:24,955 [grpc-default-executor-3] INFO  impl.RoleInfo (RoleInfo.java:updateAndGet(143)) - 6fa005cd-25d6-4e29-bda6-9462a060c098: start FollowerState
2019-10-18 07:54:24,955 [Thread-1570] INFO  impl.FollowerState (FollowerState.java:run(117)) - 6fa005cd-25d6-4e29-bda6-9462a060c098@group-BAC069DAEF17-FollowerState was interrupted: java.lang.InterruptedException: sleep interrupted
2019-10-18 07:54:24,969 [4b487190-7547-40c7-b780-43c37a89e8eb@group-BAC069DAEF17-LeaderElection189] INFO  impl.LeaderElection (LeaderElection.java:logAndReturn(56)) - 4b487190-7547-40c7-b780-43c37a89e8eb@group-BAC069DAEF17-LeaderElection189: Election REJECTED; received 2 response(s) [4b487190-7547-40c7-b780-43c37a89e8eb<-6fa005cd-25d6-4e29-bda6-9462a060c098#0:FAIL-t199, 4b487190-7547-40c7-b780-43c37a89e8eb<-3d3aac8b-d4d1-454d-bf0c-88a180692893#0:FAIL-t199] and 0 exception(s); 4b487190-7547-40c7-b780-43c37a89e8eb@group-BAC069DAEF17:t199, leader=null, voted=4b487190-7547-40c7-b780-43c37a89e8eb, raftlog=4b487190-7547-40c7-b780-43c37a89e8eb@group-BAC069DAEF17-SegmentedRaftLog:OPENED:c-1,f-1,i0, conf=-1: [6fa005cd-25d6-4e29-bda6-9462a060c098:192.168.69.67:36093, 4b487190-7547-40c7-b780-43c37a89e8eb:192.168.69.67:39683, 3d3aac8b-d4d1-454d-bf0c-88a180692893:192.168.69.67:34429], old=null
2019-10-18 07:54:24,969 [4b487190-7547-40c7-b780-43c37a89e8eb@group-BAC069DAEF17-LeaderElection189] INFO  impl.RaftServerImpl (RaftServerImpl.java:setRole(184)) - 4b487190-7547-40c7-b780-43c37a89e8eb@group-BAC069DAEF17: changes role from CANDIDATE to FOLLOWER at term 199 for DISCOVERED_A_NEW_TERM
2019-10-18 07:54:24,969 [4b487190-7547-40c7-b780-43c37a89e8eb@group-BAC069DAEF17-LeaderElection189] INFO  impl.RoleInfo (RoleInfo.java:shutdownLeaderElection(134)) - 4b487190-7547-40c7-b780-43c37a89e8eb: shutdown LeaderElection
2019-10-18 07:54:24,970 [4b487190-7547-40c7-b780-43c37a89e8eb@group-BAC069DAEF17-LeaderElection189] INFO  impl.RoleInfo (RoleInfo.java:updateAndGet(143)) - 4b487190-7547-40c7-b780-43c37a89e8eb: start FollowerState
2019-10-18 07:54:25,140 [Thread-1578] INFO  impl.FollowerState (FollowerState.java:run(108)) - 4b487190-7547-40c7-b780-43c37a89e8eb@group-BAC069DAEF17-FollowerState: change to CANDIDATE, lastRpcTime:170ms, electionTimeout:170ms
2019-10-18 07:54:25,140 [Thread-1578] INFO  impl.RoleInfo (RoleInfo.java:shutdownFollowerState(121)) - 4b487190-7547-40c7-b780-43c37a89e8eb: shutdown FollowerState
2019-10-18 07:54:25,140 [Thread-1578] INFO  impl.RaftServerImpl (RaftServerImpl.java:setRole(184)) - 4b487190-7547-40c7-b780-43c37a89e8eb@group-BAC069DAEF17: changes role from  FOLLOWER to CANDIDATE at term 199 for changeToCandidate
2019-10-18 07:54:25,141 [Thread-1578] INFO  impl.RoleInfo (RoleInfo.java:updateAndGet(143)) - 4b487190-7547-40c7-b780-43c37a89e8eb: start LeaderElection
2019-10-18 07:54:25,154 [4b487190-7547-40c7-b780-43c37a89e8eb@group-BAC069DAEF17-LeaderElection190] INFO  impl.LeaderElection (LeaderElection.java:askForVotes(178)) - 4b487190-7547-40c7-b780-43c37a89e8eb@group-BAC069DAEF17-LeaderElection190: begin an election at term 200 for -1: [6fa005cd-25d6-4e29-bda6-9462a060c098:192.168.69.67:36093, 4b487190-7547-40c7-b780-43c37a89e8eb:192.168.69.67:39683, 3d3aac8b-d4d1-454d-bf0c-88a180692893:192.168.69.67:34429], old=null
2019-10-18 07:54:25,156 [grpc-default-executor-6] INFO  impl.RaftServerImpl (RaftServerImpl.java:setRole(184)) - 3d3aac8b-d4d1-454d-bf0c-88a180692893@group-BAC069DAEF17: changes role from  FOLLOWER to FOLLOWER at term 200 for recognizeCandidate:4b487190-7547-40c7-b780-43c37a89e8eb
2019-10-18 07:54:25,156 [grpc-default-executor-6] INFO  impl.RoleInfo (RoleInfo.java:shutdownFollowerState(121)) - 3d3aac8b-d4d1-454d-bf0c-88a180692893: shutdown FollowerState
2019-10-18 07:54:25,156 [grpc-default-executor-3] INFO  impl.RaftServerImpl (RaftServerImpl.java:setRole(184)) - 6fa005cd-25d6-4e29-bda6-9462a060c098@group-BAC069DAEF17: changes role from  FOLLOWER to FOLLOWER at term 200 for recognizeCandidate:4b487190-7547-40c7-b780-43c37a89e8eb
2019-10-18 07:54:25,157 [grpc-default-executor-3] INFO  impl.RoleInfo (RoleInfo.java:shutdownFollowerState(121)) - 6fa005cd-25d6-4e29-bda6-9462a060c098: shutdown FollowerState
2019-10-18 07:54:25,157 [Thread-1576] INFO  impl.FollowerState (FollowerState.java:run(117)) - 3d3aac8b-d4d1-454d-bf0c-88a180692893@group-BAC069DAEF17-FollowerState was interrupted: java.lang.InterruptedException: sleep interrupted
2019-10-18 07:54:25,157 [grpc-default-executor-6] INFO  impl.RoleInfo (RoleInfo.java:updateAndGet(143)) - 3d3aac8b-d4d1-454d-bf0c-88a180692893: start FollowerState
2019-10-18 07:54:25,157 [Thread-1577] INFO  impl.FollowerState (FollowerState.java:run(117)) - 6fa005cd-25d6-4e29-bda6-9462a060c098@group-BAC069DAEF17-FollowerState was interrupted: java.lang.InterruptedException: sleep interrupted
2019-10-18 07:54:25,157 [grpc-default-executor-3] INFO  impl.RoleInfo (RoleInfo.java:updateAndGet(143)) - 6fa005cd-25d6-4e29-bda6-9462a060c098: start FollowerState
2019-10-18 07:54:25,171 [4b487190-7547-40c7-b780-43c37a89e8eb@group-BAC069DAEF17-LeaderElection190] INFO  impl.LeaderElection (LeaderElection.java:logAndReturn(56)) - 4b487190-7547-40c7-b780-43c37a89e8eb@group-BAC069DAEF17-LeaderElection190: Election REJECTED; received 2 response(s) [4b487190-7547-40c7-b780-43c37a89e8eb<-6fa005cd-25d6-4e29-bda6-9462a060c098#0:FAIL-t200, 4b487190-7547-40c7-b780-43c37a89e8eb<-3d3aac8b-d4d1-454d-bf0c-88a180692893#0:FAIL-t200] and 0 exception(s); 4b487190-7547-40c7-b780-43c37a89e8eb@group-BAC069DAEF17:t200, leader=null, voted=4b487190-7547-40c7-b780-43c37a89e8eb, raftlog=4b487190-7547-40c7-b780-43c37a89e8eb@group-BAC069DAEF17-SegmentedRaftLog:OPENED:c-1,f-1,i0, conf=-1: [6fa005cd-25d6-4e29-bda6-9462a060c098:192.168.69.67:36093, 4b487190-7547-40c7-b780-43c37a89e8eb:192.168.69.67:39683, 3d3aac8b-d4d1-454d-bf0c-88a180692893:192.168.69.67:34429], old=null
2019-10-18 07:54:25,171 [4b487190-7547-40c7-b780-43c37a89e8eb@group-BAC069DAEF17-LeaderElection190] INFO  impl.RaftServerImpl (RaftServerImpl.java:setRole(184)) - 4b487190-7547-40c7-b780-43c37a89e8eb@group-BAC069DAEF17: changes role from CANDIDATE to FOLLOWER at term 200 for DISCOVERED_A_NEW_TERM
2019-10-18 07:54:25,171 [4b487190-7547-40c7-b780-43c37a89e8eb@group-BAC069DAEF17-LeaderElection190] INFO  impl.RoleInfo (RoleInfo.java:shutdownLeaderElection(134)) - 4b487190-7547-40c7-b780-43c37a89e8eb: shutdown LeaderElection
2019-10-18 07:54:25,171 [4b487190-7547-40c7-b780-43c37a89e8eb@group-BAC069DAEF17-LeaderElection190] INFO  impl.RoleInfo (RoleInfo.java:updateAndGet(143)) - 4b487190-7547-40c7-b780-43c37a89e8eb: start FollowerState
2019-10-18 07:54:25,331 [Thread-1584] INFO  impl.FollowerState (FollowerState.java:run(108)) - 4b487190-7547-40c7-b780-43c37a89e8eb@group-BAC069DAEF17-FollowerState: change to CANDIDATE, lastRpcTime:159ms, electionTimeout:159ms
2019-10-18 07:54:25,331 [Thread-1584] INFO  impl.RoleInfo (RoleInfo.java:shutdownFollowerState(121)) - 4b487190-7547-40c7-b780-43c37a89e8eb: shutdown FollowerState
2019-10-18 07:54:25,331 [Thread-1584] INFO  impl.RaftServerImpl (RaftServerImpl.java:setRole(184)) - 4b487190-7547-40c7-b780-43c37a89e8eb@group-BAC069DAEF17: changes role from  FOLLOWER to CANDIDATE at term 200 for changeToCandidate
2019-10-18 07:54:25,331 [Thread-1584] INFO  impl.RoleInfo (RoleInfo.java:updateAndGet(143)) - 4b487190-7547-40c7-b780-43c37a89e8eb: start LeaderElection
2019-10-18 07:54:25,345 [4b487190-7547-40c7-b780-43c37a89e8eb@group-BAC069DAEF17-LeaderElection191] INFO  impl.LeaderElection (LeaderElection.java:askForVotes(178)) - 4b487190-7547-40c7-b780-43c37a89e8eb@group-BAC069DAEF17-LeaderElection191: begin an election at term 201 for -1: [6fa005cd-25d6-4e29-bda6-9462a060c098:192.168.69.67:36093, 4b487190-7547-40c7-b780-43c37a89e8eb:192.168.69.67:39683, 3d3aac8b-d4d1-454d-bf0c-88a180692893:192.168.69.67:34429], old=null
2019-10-18 07:54:25,349 [grpc-default-executor-3] INFO  impl.RaftServerImpl (RaftServerImpl.java:setRole(184)) - 3d3aac8b-d4d1-454d-bf0c-88a180692893@group-BAC069DAEF17: changes role from  FOLLOWER to FOLLOWER at term 201 for recognizeCandidate:4b487190-7547-40c7-b780-43c37a89e8eb
2019-10-18 07:54:25,349 [grpc-default-executor-3] INFO  impl.RoleInfo (RoleInfo.java:shutdownFollowerState(121)) - 3d3aac8b-d4d1-454d-bf0c-88a180692893: shutdown FollowerState
2019-10-18 07:54:25,349 [grpc-default-executor-6] INFO  impl.RaftServerImpl (RaftServerImpl.java:setRole(184)) - 6fa005cd-25d6-4e29-bda6-9462a060c098@group-BAC069DAEF17: changes role from  FOLLOWER to FOLLOWER at term 201 for recognizeCandidate:4b487190-7547-40c7-b780-43c37a89e8eb
2019-10-18 07:54:25,349 [Thread-1582] INFO  impl.FollowerState (FollowerState.java:run(117)) - 3d3aac8b-d4d1-454d-bf0c-88a180692893@group-BAC069DAEF17-FollowerState was interrupted: java.lang.InterruptedException: sleep interrupted
2019-10-18 07:54:25,349 [grpc-default-executor-3] INFO  impl.RoleInfo (RoleInfo.java:updateAndGet(143)) - 3d3aac8b-d4d1-454d-bf0c-88a180692893: start FollowerState
2019-10-18 07:54:25,349 [grpc-default-executor-6] INFO  impl.RoleInfo (RoleInfo.java:shutdownFollowerState(121)) - 6fa005cd-25d6-4e29-bda6-9462a060c098: shutdown FollowerState
2019-10-18 07:54:25,350 [grpc-default-executor-6] INFO  impl.RoleInfo (RoleInfo.java:updateAndGet(143)) - 6fa005cd-25d6-4e29-bda6-9462a060c098: start FollowerState
2019-10-18 07:54:25,350 [Thread-1583] INFO  impl.FollowerState (FollowerState.java:run(117)) - 6fa005cd-25d6-4e29-bda6-9462a060c098@group-BAC069DAEF17-FollowerState was interrupted: java.lang.InterruptedException: sleep interrupted
2019-10-18 07:54:25,372 [4b487190-7547-40c7-b780-43c37a89e8eb@group-BAC069DAEF17-LeaderElection191] INFO  impl.LeaderElection (LeaderElection.java:logAndReturn(56)) - 4b487190-7547-40c7-b780-43c37a89e8eb@group-BAC069DAEF17-LeaderElection191: Election REJECTED; received 2 response(s) [4b487190-7547-40c7-b780-43c37a89e8eb<-6fa005cd-25d6-4e29-bda6-9462a060c098#0:FAIL-t201, 4b487190-7547-40c7-b780-43c37a89e8eb<-3d3aac8b-d4d1-454d-bf0c-88a180692893#0:FAIL-t201] and 0 exception(s); 4b487190-7547-40c7-b780-43c37a89e8eb@group-BAC069DAEF17:t201, leader=null, voted=4b487190-7547-40c7-b780-43c37a89e8eb, raftlog=4b487190-7547-40c7-b780-43c37a89e8eb@group-BAC069DAEF17-SegmentedRaftLog:OPENED:c-1,f-1,i0, conf=-1: [6fa005cd-25d6-4e29-bda6-9462a060c098:192.168.69.67:36093, 4b487190-7547-40c7-b780-43c37a89e8eb:192.168.69.67:39683, 3d3aac8b-d4d1-454d-bf0c-88a180692893:192.168.69.67:34429], old=null
2019-10-18 07:54:25,372 [4b487190-7547-40c7-b780-43c37a89e8eb@group-BAC069DAEF17-LeaderElection191] INFO  impl.RaftServerImpl (RaftServerImpl.java:setRole(184)) - 4b487190-7547-40c7-b780-43c37a89e8eb@group-BAC069DAEF17: changes role from CANDIDATE to FOLLOWER at term 201 for DISCOVERED_A_NEW_TERM
2019-10-18 07:54:25,372 [4b487190-7547-40c7-b780-43c37a89e8eb@group-BAC069DAEF17-LeaderElection191] INFO  impl.RoleInfo (RoleInfo.java:shutdownLeaderElection(134)) - 4b487190-7547-40c7-b780-43c37a89e8eb: shutdown LeaderElection
2019-10-18 07:54:25,373 [4b487190-7547-40c7-b780-43c37a89e8eb@group-BAC069DAEF17-LeaderElection191] INFO  impl.RoleInfo (RoleInfo.java:updateAndGet(143)) - 4b487190-7547-40c7-b780-43c37a89e8eb: start FollowerState
2019-10-18 07:54:25,567 [Thread-1590] INFO  impl.FollowerState (FollowerState.java:run(108)) - 4b487190-7547-40c7-b780-43c37a89e8eb@group-BAC069DAEF17-FollowerState: change to CANDIDATE, lastRpcTime:194ms, electionTimeout:194ms
2019-10-18 07:54:25,567 [Thread-1590] INFO  impl.RoleInfo (RoleInfo.java:shutdownFollowerState(121)) - 4b487190-7547-40c7-b780-43c37a89e8eb: shutdown FollowerState
2019-10-18 07:54:25,567 [Thread-1590] INFO  impl.RaftServerImpl (RaftServerImpl.java:setRole(184)) - 4b487190-7547-40c7-b780-43c37a89e8eb@group-BAC069DAEF17: changes role from  FOLLOWER to CANDIDATE at term 201 for changeToCandidate
2019-10-18 07:54:25,567 [Thread-1590] INFO  impl.RoleInfo (RoleInfo.java:updateAndGet(143)) - 4b487190-7547-40c7-b780-43c37a89e8eb: start LeaderElection
2019-10-18 07:54:25,594 [4b487190-7547-40c7-b780-43c37a89e8eb@group-BAC069DAEF17-LeaderElection192] INFO  impl.LeaderElection (LeaderElection.java:askForVotes(178)) - 4b487190-7547-40c7-b780-43c37a89e8eb@group-BAC069DAEF17-LeaderElection192: begin an election at term 202 for -1: [6fa005cd-25d6-4e29-bda6-9462a060c098:192.168.69.67:36093, 4b487190-7547-40c7-b780-43c37a89e8eb:192.168.69.67:39683, 3d3aac8b-d4d1-454d-bf0c-88a180692893:192.168.69.67:34429], old=null
2019-10-18 07:54:25,596 [grpc-default-executor-3] INFO  impl.RaftServerImpl (RaftServerImpl.java:setRole(184)) - 3d3aac8b-d4d1-454d-bf0c-88a180692893@group-BAC069DAEF17: changes role from  FOLLOWER to FOLLOWER at term 202 for recognizeCandidate:4b487190-7547-40c7-b780-43c37a89e8eb
2019-10-18 07:54:25,596 [grpc-default-executor-6] INFO  impl.RaftServerImpl (RaftServerImpl.java:setRole(184)) - 6fa005cd-25d6-4e29-bda6-9462a060c098@group-BAC069DAEF17: changes role from  FOLLOWER to FOLLOWER at term 202 for recognizeCandidate:4b487190-7547-40c7-b780-43c37a89e8eb
2019-10-18 07:54:25,596 [grpc-default-executor-6] INFO  impl.RoleInfo (RoleInfo.java:shutdownFollowerState(121)) - 6fa005cd-25d6-4e29-bda6-9462a060c098: shutdown FollowerState
2019-10-18 07:54:25,596 [grpc-default-executor-3] INFO  impl.RoleInfo (RoleInfo.java:shutdownFollowerState(121)) - 3d3aac8b-d4d1-454d-bf0c-88a180692893: shutdown FollowerState
2019-10-18 07:54:25,596 [Thread-1589] INFO  impl.FollowerState (FollowerState.java:run(117)) - 6fa005cd-25d6-4e29-bda6-9462a060c098@group-BAC069DAEF17-FollowerState was interrupted: java.lang.InterruptedException: sleep interrupted
2019-10-18 07:54:25,596 [Thread-1588] INFO  impl.FollowerState (FollowerState.java:run(117)) - 3d3aac8b-d4d1-454d-bf0c-88a180692893@group-BAC069DAEF17-FollowerState was interrupted: java.lang.InterruptedException: sleep interrupted
2019-10-18 07:54:25,596 [grpc-default-executor-6] INFO  impl.RoleInfo (RoleInfo.java:updateAndGet(143)) - 6fa005cd-25d6-4e29-bda6-9462a060c098: start FollowerState
2019-10-18 07:54:25,596 [grpc-default-executor-3] INFO  impl.RoleInfo (RoleInfo.java:updateAndGet(143)) - 3d3aac8b-d4d1-454d-bf0c-88a180692893: start FollowerState
2019-10-18 07:54:25,612 [4b487190-7547-40c7-b780-43c37a89e8eb@group-BAC069DAEF17-LeaderElection192] INFO  impl.LeaderElection (LeaderElection.java:logAndReturn(56)) - 4b487190-7547-40c7-b780-43c37a89e8eb@group-BAC069DAEF17-LeaderElection192: Election REJECTED; received 2 response(s) [4b487190-7547-40c7-b780-43c37a89e8eb<-6fa005cd-25d6-4e29-bda6-9462a060c098#0:FAIL-t202, 4b487190-7547-40c7-b780-43c37a89e8eb<-3d3aac8b-d4d1-454d-bf0c-88a180692893#0:FAIL-t202] and 0 exception(s); 4b487190-7547-40c7-b780-43c37a89e8eb@group-BAC069DAEF17:t202, leader=null, voted=4b487190-7547-40c7-b780-43c37a89e8eb, raftlog=4b487190-7547-40c7-b780-43c37a89e8eb@group-BAC069DAEF17-SegmentedRaftLog:OPENED:c-1,f-1,i0, conf=-1: [6fa005cd-25d6-4e29-bda6-9462a060c098:192.168.69.67:36093, 4b487190-7547-40c7-b780-43c37a89e8eb:192.168.69.67:39683, 3d3aac8b-d4d1-454d-bf0c-88a180692893:192.168.69.67:34429], old=null
2019-10-18 07:54:25,613 [4b487190-7547-40c7-b780-43c37a89e8eb@group-BAC069DAEF17-LeaderElection192] INFO  impl.RaftServerImpl (RaftServerImpl.java:setRole(184)) - 4b487190-7547-40c7-b780-43c37a89e8eb@group-BAC069DAEF17: changes role from CANDIDATE to FOLLOWER at term 202 for DISCOVERED_A_NEW_TERM
2019-10-18 07:54:25,613 [4b487190-7547-40c7-b780-43c37a89e8eb@group-BAC069DAEF17-LeaderElection192] INFO  impl.RoleInfo (RoleInfo.java:shutdownLeaderElection(134)) - 4b487190-7547-40c7-b780-43c37a89e8eb: shutdown LeaderElection
2019-10-18 07:54:25,613 [4b487190-7547-40c7-b780-43c37a89e8eb@group-BAC069DAEF17-LeaderElection192] INFO  impl.RoleInfo (RoleInfo.java:updateAndGet(143)) - 4b487190-7547-40c7-b780-43c37a89e8eb: start FollowerState
2019-10-18 07:54:25,777 [Thread-1598] INFO  impl.FollowerState (FollowerState.java:run(108)) - 4b487190-7547-40c7-b780-43c37a89e8eb@group-BAC069DAEF17-FollowerState: change to CANDIDATE, lastRpcTime:164ms, electionTimeout:164ms
2019-10-18 07:54:25,778 [Thread-1598] INFO  impl.RoleInfo (RoleInfo.java:shutdownFollowerState(121)) - 4b487190-7547-40c7-b780-43c37a89e8eb: shutdown FollowerState
2019-10-18 07:54:25,778 [Thread-1598] INFO  impl.RaftServerImpl (RaftServerImpl.java:setRole(184)) - 4b487190-7547-40c7-b780-43c37a89e8eb@group-BAC069DAEF17: changes role from  FOLLOWER to CANDIDATE at term 202 for changeToCandidate
2019-10-18 07:54:25,778 [Thread-1598] INFO  impl.RoleInfo (RoleInfo.java:updateAndGet(143)) - 4b487190-7547-40c7-b780-43c37a89e8eb: start LeaderElection
2019-10-18 07:54:25,804 [4b487190-7547-40c7-b780-43c37a89e8eb@group-BAC069DAEF17-LeaderElection193] INFO  impl.LeaderElection (LeaderElection.java:askForVotes(178)) - 4b487190-7547-40c7-b780-43c37a89e8eb@group-BAC069DAEF17-LeaderElection193: begin an election at term 203 for -1: [6fa005cd-25d6-4e29-bda6-9462a060c098:192.168.69.67:36093, 4b487190-7547-40c7-b780-43c37a89e8eb:192.168.69.67:39683, 3d3aac8b-d4d1-454d-bf0c-88a180692893:192.168.69.67:34429], old=null
2019-10-18 07:54:25,807 [grpc-default-executor-3] INFO  impl.RaftServerImpl (RaftServerImpl.java:setRole(184)) - 6fa005cd-25d6-4e29-bda6-9462a060c098@group-BAC069DAEF17: changes role from  FOLLOWER to FOLLOWER at term 203 for recognizeCandidate:4b487190-7547-40c7-b780-43c37a89e8eb
2019-10-18 07:54:25,807 [grpc-default-executor-3] INFO  impl.RoleInfo (RoleInfo.java:shutdownFollowerState(121)) - 6fa005cd-25d6-4e29-bda6-9462a060c098: shutdown FollowerState
2019-10-18 07:54:25,807 [grpc-default-executor-6] INFO  impl.RaftServerImpl (RaftServerImpl.java:setRole(184)) - 3d3aac8b-d4d1-454d-bf0c-88a180692893@group-BAC069DAEF17: changes role from  FOLLOWER to FOLLOWER at term 203 for recognizeCandidate:4b487190-7547-40c7-b780-43c37a89e8eb
2019-10-18 07:54:25,807 [Thread-1596] INFO  impl.FollowerState (FollowerState.java:run(117)) - 6fa005cd-25d6-4e29-bda6-9462a060c098@group-BAC069DAEF17-FollowerState was interrupted: java.lang.InterruptedException: sleep interrupted
2019-10-18 07:54:25,807 [grpc-default-executor-3] INFO  impl.RoleInfo (RoleInfo.java:updateAndGet(143)) - 6fa005cd-25d6-4e29-bda6-9462a060c098: start FollowerState
2019-10-18 07:54:25,807 [grpc-default-executor-6] INFO  impl.RoleInfo (RoleInfo.java:shutdownFollowerState(121)) - 3d3aac8b-d4d1-454d-bf0c-88a180692893: shutdown FollowerState
2019-10-18 07:54:25,808 [grpc-default-executor-6] INFO  impl.RoleInfo (RoleInfo.java:updateAndGet(143)) - 3d3aac8b-d4d1-454d-bf0c-88a180692893: start FollowerState
2019-10-18 07:54:25,808 [Thread-1597] INFO  impl.FollowerState (FollowerState.java:run(117)) - 3d3aac8b-d4d1-454d-bf0c-88a180692893@group-BAC069DAEF17-FollowerState was interrupted: java.lang.InterruptedException: sleep interrupted
2019-10-18 07:54:25,822 [4b487190-7547-40c7-b780-43c37a89e8eb@group-BAC069DAEF17-LeaderElection193] INFO  impl.LeaderElection (LeaderElection.java:logAndReturn(56)) - 4b487190-7547-40c7-b780-43c37a89e8eb@group-BAC069DAEF17-LeaderElection193: Election REJECTED; received 2 response(s) [4b487190-7547-40c7-b780-43c37a89e8eb<-6fa005cd-25d6-4e29-bda6-9462a060c098#0:FAIL-t203, 4b487190-7547-40c7-b780-43c37a89e8eb<-3d3aac8b-d4d1-454d-bf0c-88a180692893#0:FAIL-t203] and 0 exception(s); 4b487190-7547-40c7-b780-43c37a89e8eb@group-BAC069DAEF17:t203, leader=null, voted=4b487190-7547-40c7-b780-43c37a89e8eb, raftlog=4b487190-7547-40c7-b780-43c37a89e8eb@group-BAC069DAEF17-SegmentedRaftLog:OPENED:c-1,f-1,i0, conf=-1: [6fa005cd-25d6-4e29-bda6-9462a060c098:192.168.69.67:36093, 4b487190-7547-40c7-b780-43c37a89e8eb:192.168.69.67:39683, 3d3aac8b-d4d1-454d-bf0c-88a180692893:192.168.69.67:34429], old=null
2019-10-18 07:54:25,822 [4b487190-7547-40c7-b780-43c37a89e8eb@group-BAC069DAEF17-LeaderElection193] INFO  impl.RaftServerImpl (RaftServerImpl.java:setRole(184)) - 4b487190-7547-40c7-b780-43c37a89e8eb@group-BAC069DAEF17: changes role from CANDIDATE to FOLLOWER at term 203 for DISCOVERED_A_NEW_TERM
2019-10-18 07:54:25,822 [4b487190-7547-40c7-b780-43c37a89e8eb@group-BAC069DAEF17-LeaderElection193] INFO  impl.RoleInfo (RoleInfo.java:shutdownLeaderElection(134)) - 4b487190-7547-40c7-b780-43c37a89e8eb: shutdown LeaderElection
2019-10-18 07:54:25,822 [4b487190-7547-40c7-b780-43c37a89e8eb@group-BAC069DAEF17-LeaderElection193] INFO  impl.RoleInfo (RoleInfo.java:updateAndGet(143)) - 4b487190-7547-40c7-b780-43c37a89e8eb: start FollowerState
2019-10-18 07:54:25,917 [Thread-1604] INFO  impl.FollowerState (FollowerState.java:run(108)) - 4b487190-7547-40c7-b780-43c37a89e8eb@group-BAC069DAEF17-FollowerState: change to CANDIDATE, lastRpcTime:94ms, electionTimeout:94ms
2019-10-18 07:54:25,917 [Thread-1604] INFO  impl.RoleInfo (RoleInfo.java:shutdownFollowerState(121)) - 4b487190-7547-40c7-b780-43c37a89e8eb: shutdown FollowerState
2019-10-18 07:54:25,917 [Thread-1604] INFO  impl.RaftServerImpl (RaftServerImpl.java:setRole(184)) - 4b487190-7547-40c7-b780-43c37a89e8eb@group-BAC069DAEF17: changes role from  FOLLOWER to CANDIDATE at term 203 for changeToCandidate
2019-10-18 07:54:25,917 [Thread-1604] INFO  impl.RoleInfo (RoleInfo.java:updateAndGet(143)) - 4b487190-7547-40c7-b780-43c37a89e8eb: start LeaderElection
2019-10-18 07:54:25,933 [4b487190-7547-40c7-b780-43c37a89e8eb@group-BAC069DAEF17-LeaderElection194] INFO  impl.LeaderElection (LeaderElection.java:askForVotes(178)) - 4b487190-7547-40c7-b780-43c37a89e8eb@group-BAC069DAEF17-LeaderElection194: begin an election at term 204 for -1: [6fa005cd-25d6-4e29-bda6-9462a060c098:192.168.69.67:36093, 4b487190-7547-40c7-b780-43c37a89e8eb:192.168.69.67:39683, 3d3aac8b-d4d1-454d-bf0c-88a180692893:192.168.69.67:34429], old=null
2019-10-18 07:54:25,936 [grpc-default-executor-3] INFO  impl.RaftServerImpl (RaftServerImpl.java:setRole(184)) - 3d3aac8b-d4d1-454d-bf0c-88a180692893@group-BAC069DAEF17: changes role from  FOLLOWER to FOLLOWER at term 204 for recognizeCandidate:4b487190-7547-40c7-b780-43c37a89e8eb
2019-10-18 07:54:25,936 [grpc-default-executor-3] INFO  impl.RoleInfo (RoleInfo.java:shutdownFollowerState(121)) - 3d3aac8b-d4d1-454d-bf0c-88a180692893: shutdown FollowerState
2019-10-18 07:54:25,936 [grpc-default-executor-6] INFO  impl.RaftServerImpl (RaftServerImpl.java:setRole(184)) - 6fa005cd-25d6-4e29-bda6-9462a060c098@group-BAC069DAEF17: changes role from  FOLLOWER to FOLLOWER at term 204 for recognizeCandidate:4b487190-7547-40c7-b780-43c37a89e8eb
2019-10-18 07:54:25,936 [grpc-default-executor-6] INFO  impl.RoleInfo (RoleInfo.java:shutdownFollowerState(121)) - 6fa005cd-25d6-4e29-bda6-9462a060c098: shutdown FollowerState
2019-10-18 07:54:25,936 [Thread-1603] INFO  impl.FollowerState (FollowerState.java:run(117)) - 3d3aac8b-d4d1-454d-bf0c-88a180692893@group-BAC069DAEF17-FollowerState was interrupted: java.lang.InterruptedException: sleep interrupted
2019-10-18 07:54:25,936 [grpc-default-executor-3] INFO  impl.RoleInfo (RoleInfo.java:updateAndGet(143)) - 3d3aac8b-d4d1-454d-bf0c-88a180692893: start FollowerState
2019-10-18 07:54:25,936 [Thread-1602] INFO  impl.FollowerState (FollowerState.java:run(117)) - 6fa005cd-25d6-4e29-bda6-9462a060c098@group-BAC069DAEF17-FollowerState was interrupted: java.lang.InterruptedException: sleep interrupted
2019-10-18 07:54:25,936 [grpc-default-executor-6] INFO  impl.RoleInfo (RoleInfo.java:updateAndGet(143)) - 6fa005cd-25d6-4e29-bda6-9462a060c098: start FollowerState
2019-10-18 07:54:25,951 [4b487190-7547-40c7-b780-43c37a89e8eb@group-BAC069DAEF17-LeaderElection194] INFO  impl.LeaderElection (LeaderElection.java:logAndReturn(56)) - 4b487190-7547-40c7-b780-43c37a89e8eb@group-BAC069DAEF17-LeaderElection194: Election REJECTED; received 2 response(s) [4b487190-7547-40c7-b780-43c37a89e8eb<-6fa005cd-25d6-4e29-bda6-9462a060c098#0:FAIL-t204, 4b487190-7547-40c7-b780-43c37a89e8eb<-3d3aac8b-d4d1-454d-bf0c-88a180692893#0:FAIL-t204] and 0 exception(s); 4b487190-7547-40c7-b780-43c37a89e8eb@group-BAC069DAEF17:t204, leader=null, voted=4b487190-7547-40c7-b780-43c37a89e8eb, raftlog=4b487190-7547-40c7-b780-43c37a89e8eb@group-BAC069DAEF17-SegmentedRaftLog:OPENED:c-1,f-1,i0, conf=-1: [6fa005cd-25d6-4e29-bda6-9462a060c098:192.168.69.67:36093, 4b487190-7547-40c7-b780-43c37a89e8eb:192.168.69.67:39683, 3d3aac8b-d4d1-454d-bf0c-88a180692893:192.168.69.67:34429], old=null
2019-10-18 07:54:25,951 [4b487190-7547-40c7-b780-43c37a89e8eb@group-BAC069DAEF17-LeaderElection194] INFO  impl.RaftServerImpl (RaftServerImpl.java:setRole(184)) - 4b487190-7547-40c7-b780-43c37a89e8eb@group-BAC069DAEF17: changes role from CANDIDATE to FOLLOWER at term 204 for DISCOVERED_A_NEW_TERM
2019-10-18 07:54:25,951 [4b487190-7547-40c7-b780-43c37a89e8eb@group-BAC069DAEF17-LeaderElection194] INFO  impl.RoleInfo (RoleInfo.java:shutdownLeaderElection(134)) - 4b487190-7547-40c7-b780-43c37a89e8eb: shutdown LeaderElection
2019-10-18 07:54:25,952 [4b487190-7547-40c7-b780-43c37a89e8eb@group-BAC069DAEF17-LeaderElection194] INFO  impl.RoleInfo (RoleInfo.java:updateAndGet(143)) - 4b487190-7547-40c7-b780-43c37a89e8eb: start FollowerState
2019-10-18 07:54:26,062 [Thread-1610] INFO  impl.FollowerState (FollowerState.java:run(108)) - 4b487190-7547-40c7-b780-43c37a89e8eb@group-BAC069DAEF17-FollowerState: change to CANDIDATE, lastRpcTime:110ms, electionTimeout:110ms
2019-10-18 07:54:26,062 [Thread-1610] INFO  impl.RoleInfo (RoleInfo.java:shutdownFollowerState(121)) - 4b487190-7547-40c7-b780-43c37a89e8eb: shutdown FollowerState
2019-10-18 07:54:26,063 [Thread-1610] INFO  impl.RaftServerImpl (RaftServerImpl.java:setRole(184)) - 4b487190-7547-40c7-b780-43c37a89e8eb@group-BAC069DAEF17: changes role from  FOLLOWER to CANDIDATE at term 204 for changeToCandidate
2019-10-18 07:54:26,063 [Thread-1610] INFO  impl.RoleInfo (RoleInfo.java:updateAndGet(143)) - 4b487190-7547-40c7-b780-43c37a89e8eb: start LeaderElection
2019-10-18 07:54:26,078 [4b487190-7547-40c7-b780-43c37a89e8eb@group-BAC069DAEF17-LeaderElection195] INFO  impl.LeaderElection (LeaderElection.java:askForVotes(178)) - 4b487190-7547-40c7-b780-43c37a89e8eb@group-BAC069DAEF17-LeaderElection195: begin an election at term 205 for -1: [6fa005cd-25d6-4e29-bda6-9462a060c098:192.168.69.67:36093, 4b487190-7547-40c7-b780-43c37a89e8eb:192.168.69.67:39683, 3d3aac8b-d4d1-454d-bf0c-88a180692893:192.168.69.67:34429], old=null
2019-10-18 07:54:26,081 [grpc-default-executor-3] INFO  impl.RaftServerImpl (RaftServerImpl.java:setRole(184)) - 3d3aac8b-d4d1-454d-bf0c-88a180692893@group-BAC069DAEF17: changes role from  FOLLOWER to FOLLOWER at term 205 for recognizeCandidate:4b487190-7547-40c7-b780-43c37a89e8eb
2019-10-18 07:54:26,081 [grpc-default-executor-6] INFO  impl.RaftServerImpl (RaftServerImpl.java:setRole(184)) - 6fa005cd-25d6-4e29-bda6-9462a060c098@group-BAC069DAEF17: changes role from  FOLLOWER to FOLLOWER at term 205 for recognizeCandidate:4b487190-7547-40c7-b780-43c37a89e8eb
2019-10-18 07:54:26,081 [grpc-default-executor-6] INFO  impl.RoleInfo (RoleInfo.java:shutdownFollowerState(121)) - 6fa005cd-25d6-4e29-bda6-9462a060c098: shutdown FollowerState
2019-10-18 07:54:26,081 [grpc-default-executor-3] INFO  impl.RoleInfo (RoleInfo.java:shutdownFollowerState(121)) - 3d3aac8b-d4d1-454d-bf0c-88a180692893: shutdown FollowerState
2019-10-18 07:54:26,081 [Thread-1609] INFO  impl.FollowerState (FollowerState.java:run(117)) - 6fa005cd-25d6-4e29-bda6-9462a060c098@group-BAC069DAEF17-FollowerState was interrupted: java.lang.InterruptedException: sleep interrupted
2019-10-18 07:54:26,081 [grpc-default-executor-6] INFO  impl.RoleInfo (RoleInfo.java:updateAndGet(143)) - 6fa005cd-25d6-4e29-bda6-9462a060c098: start FollowerState
2019-10-18 07:54:26,082 [Thread-1608] INFO  impl.FollowerState (FollowerState.java:run(117)) - 3d3aac8b-d4d1-454d-bf0c-88a180692893@group-BAC069DAEF17-FollowerState was interrupted: java.lang.InterruptedException: sleep interrupted
2019-10-18 07:54:26,081 [grpc-default-executor-3] INFO  impl.RoleInfo (RoleInfo.java:updateAndGet(143)) - 3d3aac8b-d4d1-454d-bf0c-88a180692893: start FollowerState
2019-10-18 07:54:26,092 [4b487190-7547-40c7-b780-43c37a89e8eb@group-BAC069DAEF17-LeaderElection195] INFO  impl.LeaderElection (LeaderElection.java:logAndReturn(56)) - 4b487190-7547-40c7-b780-43c37a89e8eb@group-BAC069DAEF17-LeaderElection195: Election TIMEOUT; received 0 response(s) [] and 0 exception(s); 4b487190-7547-40c7-b780-43c37a89e8eb@group-BAC069DAEF17:t205, leader=null, voted=4b487190-7547-40c7-b780-43c37a89e8eb, raftlog=4b487190-7547-40c7-b780-43c37a89e8eb@group-BAC069DAEF17-SegmentedRaftLog:OPENED:c-1,f-1,i0, conf=-1: [6fa005cd-25d6-4e29-bda6-9462a060c098:192.168.69.67:36093, 4b487190-7547-40c7-b780-43c37a89e8eb:192.168.69.67:39683, 3d3aac8b-d4d1-454d-bf0c-88a180692893:192.168.69.67:34429], old=null
2019-10-18 07:54:26,097 [4b487190-7547-40c7-b780-43c37a89e8eb@group-BAC069DAEF17-LeaderElection195] INFO  impl.LeaderElection (LeaderElection.java:askForVotes(178)) - 4b487190-7547-40c7-b780-43c37a89e8eb@group-BAC069DAEF17-LeaderElection195: begin an election at term 206 for -1: [6fa005cd-25d6-4e29-bda6-9462a060c098:192.168.69.67:36093, 4b487190-7547-40c7-b780-43c37a89e8eb:192.168.69.67:39683, 3d3aac8b-d4d1-454d-bf0c-88a180692893:192.168.69.67:34429], old=null
2019-10-18 07:54:26,099 [grpc-default-executor-3] INFO  impl.RaftServerImpl (RaftServerImpl.java:setRole(184)) - 6fa005cd-25d6-4e29-bda6-9462a060c098@group-BAC069DAEF17: changes role from  FOLLOWER to FOLLOWER at term 206 for recognizeCandidate:4b487190-7547-40c7-b780-43c37a89e8eb
2019-10-18 07:54:26,099 [grpc-default-executor-3] INFO  impl.RoleInfo (RoleInfo.java:shutdownFollowerState(121)) - 6fa005cd-25d6-4e29-bda6-9462a060c098: shutdown FollowerState
2019-10-18 07:54:26,100 [grpc-default-executor-3] INFO  impl.RoleInfo (RoleInfo.java:updateAndGet(143)) - 6fa005cd-25d6-4e29-bda6-9462a060c098: start FollowerState
2019-10-18 07:54:26,100 [Thread-1614] INFO  impl.FollowerState (FollowerState.java:run(117)) - 6fa005cd-25d6-4e29-bda6-9462a060c098@group-BAC069DAEF17-FollowerState was interrupted: java.lang.InterruptedException: sleep interrupted
2019-10-18 07:54:26,100 [grpc-default-executor-6] INFO  impl.RaftServerImpl (RaftServerImpl.java:setRole(184)) - 3d3aac8b-d4d1-454d-bf0c-88a180692893@group-BAC069DAEF17: changes role from  FOLLOWER to FOLLOWER at term 206 for recognizeCandidate:4b487190-7547-40c7-b780-43c37a89e8eb
2019-10-18 07:54:26,100 [grpc-default-executor-6] INFO  impl.RoleInfo (RoleInfo.java:shutdownFollowerState(121)) - 3d3aac8b-d4d1-454d-bf0c-88a180692893: shutdown FollowerState
2019-10-18 07:54:26,100 [grpc-default-executor-6] INFO  impl.RoleInfo (RoleInfo.java:updateAndGet(143)) - 3d3aac8b-d4d1-454d-bf0c-88a180692893: start FollowerState
2019-10-18 07:54:26,100 [Thread-1615] INFO  impl.FollowerState (FollowerState.java:run(117)) - 3d3aac8b-d4d1-454d-bf0c-88a180692893@group-BAC069DAEF17-FollowerState was interrupted: java.lang.InterruptedException: sleep interrupted
2019-10-18 07:54:26,113 [4b487190-7547-40c7-b780-43c37a89e8eb@group-BAC069DAEF17-LeaderElection195] INFO  impl.LeaderElection (LeaderElection.java:logAndReturn(56)) - 4b487190-7547-40c7-b780-43c37a89e8eb@group-BAC069DAEF17-LeaderElection195: Election REJECTED; received 2 response(s) [4b487190-7547-40c7-b780-43c37a89e8eb<-6fa005cd-25d6-4e29-bda6-9462a060c098#0:FAIL-t206, 4b487190-7547-40c7-b780-43c37a89e8eb<-3d3aac8b-d4d1-454d-bf0c-88a180692893#0:FAIL-t206] and 0 exception(s); 4b487190-7547-40c7-b780-43c37a89e8eb@group-BAC069DAEF17:t206, leader=null, voted=4b487190-7547-40c7-b780-43c37a89e8eb, raftlog=4b487190-7547-40c7-b780-43c37a89e8eb@group-BAC069DAEF17-SegmentedRaftLog:OPENED:c-1,f-1,i0, conf=-1: [6fa005cd-25d6-4e29-bda6-9462a060c098:192.168.69.67:36093, 4b487190-7547-40c7-b780-43c37a89e8eb:192.168.69.67:39683, 3d3aac8b-d4d1-454d-bf0c-88a180692893:192.168.69.67:34429], old=null
2019-10-18 07:54:26,114 [4b487190-7547-40c7-b780-43c37a89e8eb@group-BAC069DAEF17-LeaderElection195] INFO  impl.RaftServerImpl (RaftServerImpl.java:setRole(184)) - 4b487190-7547-40c7-b780-43c37a89e8eb@group-BAC069DAEF17: changes role from CANDIDATE to FOLLOWER at term 206 for DISCOVERED_A_NEW_TERM
2019-10-18 07:54:26,114 [4b487190-7547-40c7-b780-43c37a89e8eb@group-BAC069DAEF17-LeaderElection195] INFO  impl.RoleInfo (RoleInfo.java:shutdownLeaderElection(134)) - 4b487190-7547-40c7-b780-43c37a89e8eb: shutdown LeaderElection
2019-10-18 07:54:26,114 [4b487190-7547-40c7-b780-43c37a89e8eb@group-BAC069DAEF17-LeaderElection195] INFO  impl.RoleInfo (RoleInfo.java:updateAndGet(143)) - 4b487190-7547-40c7-b780-43c37a89e8eb: start FollowerState
2019-10-18 07:54:26,267 [Thread-1620] INFO  impl.FollowerState (FollowerState.java:run(108)) - 4b487190-7547-40c7-b780-43c37a89e8eb@group-BAC069DAEF17-FollowerState: change to CANDIDATE, lastRpcTime:153ms, electionTimeout:153ms
2019-10-18 07:54:26,268 [Thread-1620] INFO  impl.RoleInfo (RoleInfo.java:shutdownFollowerState(121)) - 4b487190-7547-40c7-b780-43c37a89e8eb: shutdown FollowerState
2019-10-18 07:54:26,268 [Thread-1620] INFO  impl.RaftServerImpl (RaftServerImpl.java:setRole(184)) - 4b487190-7547-40c7-b780-43c37a89e8eb@group-BAC069DAEF17: changes role from  FOLLOWER to CANDIDATE at term 206 for changeToCandidate
2019-10-18 07:54:26,268 [Thread-1620] INFO  impl.RoleInfo (RoleInfo.java:updateAndGet(143)) - 4b487190-7547-40c7-b780-43c37a89e8eb: start LeaderElection
2019-10-18 07:54:26,282 [4b487190-7547-40c7-b780-43c37a89e8eb@group-BAC069DAEF17-LeaderElection196] INFO  impl.LeaderElection (LeaderElection.java:askForVotes(178)) - 4b487190-7547-40c7-b780-43c37a89e8eb@group-BAC069DAEF17-LeaderElection196: begin an election at term 207 for -1: [6fa005cd-25d6-4e29-bda6-9462a060c098:192.168.69.67:36093, 4b487190-7547-40c7-b780-43c37a89e8eb:192.168.69.67:39683, 3d3aac8b-d4d1-454d-bf0c-88a180692893:192.168.69.67:34429], old=null
2019-10-18 07:54:26,285 [grpc-default-executor-6] INFO  impl.RaftServerImpl (RaftServerImpl.java:setRole(184)) - 6fa005cd-25d6-4e29-bda6-9462a060c098@group-BAC069DAEF17: changes role from  FOLLOWER to FOLLOWER at term 207 for recognizeCandidate:4b487190-7547-40c7-b780-43c37a89e8eb
2019-10-18 07:54:26,285 [grpc-default-executor-6] INFO  impl.RoleInfo (RoleInfo.java:shutdownFollowerState(121)) - 6fa005cd-25d6-4e29-bda6-9462a060c098: shutdown FollowerState
2019-10-18 07:54:26,285 [grpc-default-executor-6] INFO  impl.RoleInfo (RoleInfo.java:updateAndGet(143)) - 6fa005cd-25d6-4e29-bda6-9462a060c098: start FollowerState
2019-10-18 07:54:26,285 [Thread-1618] INFO  impl.FollowerState (FollowerState.java:run(117)) - 6fa005cd-25d6-4e29-bda6-9462a060c098@group-BAC069DAEF17-FollowerState was interrupted: java.lang.InterruptedException: sleep interrupted
2019-10-18 07:54:26,285 [grpc-default-executor-3] INFO  impl.RaftServerImpl (RaftServerImpl.java:setRole(184)) - 3d3aac8b-d4d1-454d-bf0c-88a180692893@group-BAC069DAEF17: changes role from  FOLLOWER to FOLLOWER at term 207 for recognizeCandidate:4b487190-7547-40c7-b780-43c37a89e8eb
2019-10-18 07:54:26,286 [grpc-default-executor-3] INFO  impl.RoleInfo (RoleInfo.java:shutdownFollowerState(121)) - 3d3aac8b-d4d1-454d-bf0c-88a180692893: shutdown FollowerState
2019-10-18 07:54:26,286 [grpc-default-executor-3] INFO  impl.RoleInfo (RoleInfo.java:updateAndGet(143)) - 3d3aac8b-d4d1-454d-bf0c-88a180692893: start FollowerState
2019-10-18 07:54:26,286 [Thread-1619] INFO  impl.FollowerState (FollowerState.java:run(117)) - 3d3aac8b-d4d1-454d-bf0c-88a180692893@group-BAC069DAEF17-FollowerState was interrupted: java.lang.InterruptedException: sleep interrupted
2019-10-18 07:54:26,300 [4b487190-7547-40c7-b780-43c37a89e8eb@group-BAC069DAEF17-LeaderElection196] INFO  impl.LeaderElection (LeaderElection.java:logAndReturn(56)) - 4b487190-7547-40c7-b780-43c37a89e8eb@group-BAC069DAEF17-LeaderElection196: Election REJECTED; received 2 response(s) [4b487190-7547-40c7-b780-43c37a89e8eb<-6fa005cd-25d6-4e29-bda6-9462a060c098#0:FAIL-t207, 4b487190-7547-40c7-b780-43c37a89e8eb<-3d3aac8b-d4d1-454d-bf0c-88a180692893#0:FAIL-t207] and 0 exception(s); 4b487190-7547-40c7-b780-43c37a89e8eb@group-BAC069DAEF17:t207, leader=null, voted=4b487190-7547-40c7-b780-43c37a89e8eb, raftlog=4b487190-7547-40c7-b780-43c37a89e8eb@group-BAC069DAEF17-SegmentedRaftLog:OPENED:c-1,f-1,i0, conf=-1: [6fa005cd-25d6-4e29-bda6-9462a060c098:192.168.69.67:36093, 4b487190-7547-40c7-b780-43c37a89e8eb:192.168.69.67:39683, 3d3aac8b-d4d1-454d-bf0c-88a180692893:192.168.69.67:34429], old=null
2019-10-18 07:54:26,300 [4b487190-7547-40c7-b780-43c37a89e8eb@group-BAC069DAEF17-LeaderElection196] INFO  impl.RaftServerImpl (RaftServerImpl.java:setRole(184)) - 4b487190-7547-40c7-b780-43c37a89e8eb@group-BAC069DAEF17: changes role from CANDIDATE to FOLLOWER at term 207 for DISCOVERED_A_NEW_TERM
2019-10-18 07:54:26,300 [4b487190-7547-40c7-b780-43c37a89e8eb@group-BAC069DAEF17-LeaderElection196] INFO  impl.RoleInfo (RoleInfo.java:shutdownLeaderElection(134)) - 4b487190-7547-40c7-b780-43c37a89e8eb: shutdown LeaderElection
2019-10-18 07:54:26,300 [4b487190-7547-40c7-b780-43c37a89e8eb@group-BAC069DAEF17-LeaderElection196] INFO  impl.RoleInfo (RoleInfo.java:updateAndGet(143)) - 4b487190-7547-40c7-b780-43c37a89e8eb: start FollowerState
2019-10-18 07:54:26,414 [Thread-1626] INFO  impl.FollowerState (FollowerState.java:run(108)) - 4b487190-7547-40c7-b780-43c37a89e8eb@group-BAC069DAEF17-FollowerState: change to CANDIDATE, lastRpcTime:113ms, electionTimeout:113ms
2019-10-18 07:54:26,414 [Thread-1626] INFO  impl.RoleInfo (RoleInfo.java:shutdownFollowerState(121)) - 4b487190-7547-40c7-b780-43c37a89e8eb: shutdown FollowerState
2019-10-18 07:54:26,414 [Thread-1626] INFO  impl.RaftServerImpl (RaftServerImpl.java:setRole(184)) - 4b487190-7547-40c7-b780-43c37a89e8eb@group-BAC069DAEF17: changes role from  FOLLOWER to CANDIDATE at term 207 for changeToCandidate
2019-10-18 07:54:26,414 [Thread-1626] INFO  impl.RoleInfo (RoleInfo.java:updateAndGet(143)) - 4b487190-7547-40c7-b780-43c37a89e8eb: start LeaderElection
2019-10-18 07:54:26,428 [4b487190-7547-40c7-b780-43c37a89e8eb@group-BAC069DAEF17-LeaderElection197] INFO  impl.LeaderElection (LeaderElection.java:askForVotes(178)) - 4b487190-7547-40c7-b780-43c37a89e8eb@group-BAC069DAEF17-LeaderElection197: begin an election at term 208 for -1: [6fa005cd-25d6-4e29-bda6-9462a060c098:192.168.69.67:36093, 4b487190-7547-40c7-b780-43c37a89e8eb:192.168.69.67:39683, 3d3aac8b-d4d1-454d-bf0c-88a180692893:192.168.69.67:34429], old=null
2019-10-18 07:54:26,430 [grpc-default-executor-3] INFO  impl.RaftServerImpl (RaftServerImpl.java:setRole(184)) - 6fa005cd-25d6-4e29-bda6-9462a060c098@group-BAC069DAEF17: changes role from  FOLLOWER to FOLLOWER at term 208 for recognizeCandidate:4b487190-7547-40c7-b780-43c37a89e8eb
2019-10-18 07:54:26,430 [grpc-default-executor-6] INFO  impl.RaftServerImpl (RaftServerImpl.java:setRole(184)) - 3d3aac8b-d4d1-454d-bf0c-88a180692893@group-BAC069DAEF17: changes role from  FOLLOWER to FOLLOWER at term 208 for recognizeCandidate:4b487190-7547-40c7-b780-43c37a89e8eb
2019-10-18 07:54:26,430 [grpc-default-executor-3] INFO  impl.RoleInfo (RoleInfo.java:shutdownFollowerState(121)) - 6fa005cd-25d6-4e29-bda6-9462a060c098: shutdown FollowerState
2019-10-18 07:54:26,430 [grpc-default-executor-6] INFO  impl.RoleInfo (RoleInfo.java:shutdownFollowerState(121)) - 3d3aac8b-d4d1-454d-bf0c-88a180692893: shutdown FollowerState
2019-10-18 07:54:26,431 [grpc-default-executor-3] INFO  impl.RoleInfo (RoleInfo.java:updateAndGet(143)) - 6fa005cd-25d6-4e29-bda6-9462a060c098: start FollowerState
2019-10-18 07:54:26,431 [Thread-1625] INFO  impl.FollowerState (FollowerState.java:run(117)) - 3d3aac8b-d4d1-454d-bf0c-88a180692893@group-BAC069DAEF17-FollowerState was interrupted: java.lang.InterruptedException: sleep interrupted
2019-10-18 07:54:26,431 [grpc-default-executor-6] INFO  impl.RoleInfo (RoleInfo.java:updateAndGet(143)) - 3d3aac8b-d4d1-454d-bf0c-88a180692893: start FollowerState
2019-10-18 07:54:26,431 [Thread-1624] INFO  impl.FollowerState (FollowerState.java:run(117)) - 6fa005cd-25d6-4e29-bda6-9462a060c098@group-BAC069DAEF17-FollowerState was interrupted: java.lang.InterruptedException: sleep interrupted
2019-10-18 07:54:26,445 [4b487190-7547-40c7-b780-43c37a89e8eb@group-BAC069DAEF17-LeaderElection197] INFO  impl.LeaderElection (LeaderElection.java:logAndReturn(56)) - 4b487190-7547-40c7-b780-43c37a89e8eb@group-BAC069DAEF17-LeaderElection197: Election REJECTED; received 2 response(s) [4b487190-7547-40c7-b780-43c37a89e8eb<-6fa005cd-25d6-4e29-bda6-9462a060c098#0:FAIL-t208, 4b487190-7547-40c7-b780-43c37a89e8eb<-3d3aac8b-d4d1-454d-bf0c-88a180692893#0:FAIL-t208] and 0 exception(s); 4b487190-7547-40c7-b780-43c37a89e8eb@group-BAC069DAEF17:t208, leader=null, voted=4b487190-7547-40c7-b780-43c37a89e8eb, raftlog=4b487190-7547-40c7-b780-43c37a89e8eb@group-BAC069DAEF17-SegmentedRaftLog:OPENED:c-1,f-1,i0, conf=-1: [6fa005cd-25d6-4e29-bda6-9462a060c098:192.168.69.67:36093, 4b487190-7547-40c7-b780-43c37a89e8eb:192.168.69.67:39683, 3d3aac8b-d4d1-454d-bf0c-88a180692893:192.168.69.67:34429], old=null
2019-10-18 07:54:26,446 [4b487190-7547-40c7-b780-43c37a89e8eb@group-BAC069DAEF17-LeaderElection197] INFO  impl.RaftServerImpl (RaftServerImpl.java:setRole(184)) - 4b487190-7547-40c7-b780-43c37a89e8eb@group-BAC069DAEF17: changes role from CANDIDATE to FOLLOWER at term 208 for DISCOVERED_A_NEW_TERM
2019-10-18 07:54:26,446 [4b487190-7547-40c7-b780-43c37a89e8eb@group-BAC069DAEF17-LeaderElection197] INFO  impl.RoleInfo (RoleInfo.java:shutdownLeaderElection(134)) - 4b487190-7547-40c7-b780-43c37a89e8eb: shutdown LeaderElection
2019-10-18 07:54:26,446 [4b487190-7547-40c7-b780-43c37a89e8eb@group-BAC069DAEF17-LeaderElection197] INFO  impl.RoleInfo (RoleInfo.java:updateAndGet(143)) - 4b487190-7547-40c7-b780-43c37a89e8eb: start FollowerState
2019-10-18 07:54:26,559 [Thread-1632] INFO  impl.FollowerState (FollowerState.java:run(108)) - 4b487190-7547-40c7-b780-43c37a89e8eb@group-BAC069DAEF17-FollowerState: change to CANDIDATE, lastRpcTime:113ms, electionTimeout:113ms
2019-10-18 07:54:26,560 [Thread-1632] INFO  impl.RoleInfo (RoleInfo.java:shutdownFollowerState(121)) - 4b487190-7547-40c7-b780-43c37a89e8eb: shutdown FollowerState
2019-10-18 07:54:26,560 [Thread-1632] INFO  impl.RaftServerImpl (RaftServerImpl.java:setRole(184)) - 4b487190-7547-40c7-b780-43c37a89e8eb@group-BAC069DAEF17: changes role from  FOLLOWER to CANDIDATE at term 208 for changeToCandidate
2019-10-18 07:54:26,560 [Thread-1632] INFO  impl.RoleInfo (RoleInfo.java:updateAndGet(143)) - 4b487190-7547-40c7-b780-43c37a89e8eb: start LeaderElection
2019-10-18 07:54:26,574 [4b487190-7547-40c7-b780-43c37a89e8eb@group-BAC069DAEF17-LeaderElection198] INFO  impl.LeaderElection (LeaderElection.java:askForVotes(178)) - 4b487190-7547-40c7-b780-43c37a89e8eb@group-BAC069DAEF17-LeaderElection198: begin an election at term 209 for -1: [6fa005cd-25d6-4e29-bda6-9462a060c098:192.168.69.67:36093, 4b487190-7547-40c7-b780-43c37a89e8eb:192.168.69.67:39683, 3d3aac8b-d4d1-454d-bf0c-88a180692893:192.168.69.67:34429], old=null
2019-10-18 07:54:26,577 [grpc-default-executor-6] INFO  impl.RaftServerImpl (RaftServerImpl.java:setRole(184)) - 3d3aac8b-d4d1-454d-bf0c-88a180692893@group-BAC069DAEF17: changes role from  FOLLOWER to FOLLOWER at term 209 for recognizeCandidate:4b487190-7547-40c7-b780-43c37a89e8eb
2019-10-18 07:54:26,577 [grpc-default-executor-6] INFO  impl.RoleInfo (RoleInfo.java:shutdownFollowerState(121)) - 3d3aac8b-d4d1-454d-bf0c-88a180692893: shutdown FollowerState
2019-10-18 07:54:26,577 [grpc-default-executor-3] INFO  impl.RaftServerImpl (RaftServerImpl.java:setRole(184)) - 6fa005cd-25d6-4e29-bda6-9462a060c098@group-BAC069DAEF17: changes role from  FOLLOWER to FOLLOWER at term 209 for recognizeCandidate:4b487190-7547-40c7-b780-43c37a89e8eb
2019-10-18 07:54:26,577 [Thread-1631] INFO  impl.FollowerState (FollowerState.java:run(117)) - 3d3aac8b-d4d1-454d-bf0c-88a180692893@group-BAC069DAEF17-FollowerState was interrupted: java.lang.InterruptedException: sleep interrupted
2019-10-18 07:54:26,577 [grpc-default-executor-6] INFO  impl.RoleInfo (RoleInfo.java:updateAndGet(143)) - 3d3aac8b-d4d1-454d-bf0c-88a180692893: start FollowerState
2019-10-18 07:54:26,577 [grpc-default-executor-3] INFO  impl.RoleInfo (RoleInfo.java:shutdownFollowerState(121)) - 6fa005cd-25d6-4e29-bda6-9462a060c098: shutdown FollowerState
2019-10-18 07:54:26,578 [grpc-default-executor-3] INFO  impl.RoleInfo (RoleInfo.java:updateAndGet(143)) - 6fa005cd-25d6-4e29-bda6-9462a060c098: start FollowerState
2019-10-18 07:54:26,578 [Thread-1630] INFO  impl.FollowerState (FollowerState.java:run(117)) - 6fa005cd-25d6-4e29-bda6-9462a060c098@group-BAC069DAEF17-FollowerState was interrupted: java.lang.InterruptedException: sleep interrupted
2019-10-18 07:54:26,592 [4b487190-7547-40c7-b780-43c37a89e8eb@group-BAC069DAEF17-LeaderElection198] INFO  impl.LeaderElection (LeaderElection.java:logAndReturn(56)) - 4b487190-7547-40c7-b780-43c37a89e8eb@group-BAC069DAEF17-LeaderElection198: Election REJECTED; received 2 response(s) [4b487190-7547-40c7-b780-43c37a89e8eb<-6fa005cd-25d6-4e29-bda6-9462a060c098#0:FAIL-t209, 4b487190-7547-40c7-b780-43c37a89e8eb<-3d3aac8b-d4d1-454d-bf0c-88a180692893#0:FAIL-t209] and 0 exception(s); 4b487190-7547-40c7-b780-43c37a89e8eb@group-BAC069DAEF17:t209, leader=null, voted=4b487190-7547-40c7-b780-43c37a89e8eb, raftlog=4b487190-7547-40c7-b780-43c37a89e8eb@group-BAC069DAEF17-SegmentedRaftLog:OPENED:c-1,f-1,i0, conf=-1: [6fa005cd-25d6-4e29-bda6-9462a060c098:192.168.69.67:36093, 4b487190-7547-40c7-b780-43c37a89e8eb:192.168.69.67:39683, 3d3aac8b-d4d1-454d-bf0c-88a180692893:192.168.69.67:34429], old=null
2019-10-18 07:54:26,592 [4b487190-7547-40c7-b780-43c37a89e8eb@group-BAC069DAEF17-LeaderElection198] INFO  impl.RaftServerImpl (RaftServerImpl.java:setRole(184)) - 4b487190-7547-40c7-b780-43c37a89e8eb@group-BAC069DAEF17: changes role from CANDIDATE to FOLLOWER at term 209 for DISCOVERED_A_NEW_TERM
2019-10-18 07:54:26,592 [4b487190-7547-40c7-b780-43c37a89e8eb@group-BAC069DAEF17-LeaderElection198] INFO  impl.RoleInfo (RoleInfo.java:shutdownLeaderElection(134)) - 4b487190-7547-40c7-b780-43c37a89e8eb: shutdown LeaderElection
2019-10-18 07:54:26,593 [4b487190-7547-40c7-b780-43c37a89e8eb@group-BAC069DAEF17-LeaderElection198] INFO  impl.RoleInfo (RoleInfo.java:updateAndGet(143)) - 4b487190-7547-40c7-b780-43c37a89e8eb: start FollowerState
2019-10-18 07:54:26,696 [Thread-1638] INFO  impl.FollowerState (FollowerState.java:run(108)) - 4b487190-7547-40c7-b780-43c37a89e8eb@group-BAC069DAEF17-FollowerState: change to CANDIDATE, lastRpcTime:103ms, electionTimeout:103ms
2019-10-18 07:54:26,696 [Thread-1638] INFO  impl.RoleInfo (RoleInfo.java:shutdownFollowerState(121)) - 4b487190-7547-40c7-b780-43c37a89e8eb: shutdown FollowerState
2019-10-18 07:54:26,697 [Thread-1638] INFO  impl.RaftServerImpl (RaftServerImpl.java:setRole(184)) - 4b487190-7547-40c7-b780-43c37a89e8eb@group-BAC069DAEF17: changes role from  FOLLOWER to CANDIDATE at term 209 for changeToCandidate
2019-10-18 07:54:26,697 [Thread-1638] INFO  impl.RoleInfo (RoleInfo.java:updateAndGet(143)) - 4b487190-7547-40c7-b780-43c37a89e8eb: start LeaderElection
2019-10-18 07:54:26,719 [4b487190-7547-40c7-b780-43c37a89e8eb@group-BAC069DAEF17-LeaderElection199] INFO  impl.LeaderElection (LeaderElection.java:askForVotes(178)) - 4b487190-7547-40c7-b780-43c37a89e8eb@group-BAC069DAEF17-LeaderElection199: begin an election at term 210 for -1: [6fa005cd-25d6-4e29-bda6-9462a060c098:192.168.69.67:36093, 4b487190-7547-40c7-b780-43c37a89e8eb:192.168.69.67:39683, 3d3aac8b-d4d1-454d-bf0c-88a180692893:192.168.69.67:34429], old=null
2019-10-18 07:54:26,722 [grpc-default-executor-3] INFO  impl.RaftServerImpl (RaftServerImpl.java:setRole(184)) - 6fa005cd-25d6-4e29-bda6-9462a060c098@group-BAC069DAEF17: changes role from  FOLLOWER to FOLLOWER at term 210 for recognizeCandidate:4b487190-7547-40c7-b780-43c37a89e8eb
2019-10-18 07:54:26,722 [grpc-default-executor-3] INFO  impl.RoleInfo (RoleInfo.java:shutdownFollowerState(121)) - 6fa005cd-25d6-4e29-bda6-9462a060c098: shutdown FollowerState
2019-10-18 07:54:26,722 [grpc-default-executor-3] INFO  impl.RoleInfo (RoleInfo.java:updateAndGet(143)) - 6fa005cd-25d6-4e29-bda6-9462a060c098: start FollowerState
2019-10-18 07:54:26,722 [Thread-1637] INFO  impl.FollowerState (FollowerState.java:run(117)) - 6fa005cd-25d6-4e29-bda6-9462a060c098@group-BAC069DAEF17-FollowerState was interrupted: java.lang.InterruptedException: sleep interrupted
2019-10-18 07:54:26,722 [grpc-default-executor-6] INFO  impl.RaftServerImpl (RaftServerImpl.java:setRole(184)) - 3d3aac8b-d4d1-454d-bf0c-88a180692893@group-BAC069DAEF17: changes role from  FOLLOWER to FOLLOWER at term 210 for recognizeCandidate:4b487190-7547-40c7-b780-43c37a89e8eb
2019-10-18 07:54:26,723 [grpc-default-executor-6] INFO  impl.RoleInfo (RoleInfo.java:shutdownFollowerState(121)) - 3d3aac8b-d4d1-454d-bf0c-88a180692893: shutdown FollowerState
2019-10-18 07:54:26,723 [grpc-default-executor-6] INFO  impl.RoleInfo (RoleInfo.java:updateAndGet(143)) - 3d3aac8b-d4d1-454d-bf0c-88a180692893: start FollowerState
2019-10-18 07:54:26,723 [Thread-1636] INFO  impl.FollowerState (FollowerState.java:run(117)) - 3d3aac8b-d4d1-454d-bf0c-88a180692893@group-BAC069DAEF17-FollowerState was interrupted: java.lang.InterruptedException: sleep interrupted
2019-10-18 07:54:26,738 [4b487190-7547-40c7-b780-43c37a89e8eb@group-BAC069DAEF17-LeaderElection199] INFO  impl.LeaderElection (LeaderElection.java:logAndReturn(56)) - 4b487190-7547-40c7-b780-43c37a89e8eb@group-BAC069DAEF17-LeaderElection199: Election REJECTED; received 2 response(s) [4b487190-7547-40c7-b780-43c37a89e8eb<-6fa005cd-25d6-4e29-bda6-9462a060c098#0:FAIL-t210, 4b487190-7547-40c7-b780-43c37a89e8eb<-3d3aac8b-d4d1-454d-bf0c-88a180692893#0:FAIL-t210] and 0 exception(s); 4b487190-7547-40c7-b780-43c37a89e8eb@group-BAC069DAEF17:t210, leader=null, voted=4b487190-7547-40c7-b780-43c37a89e8eb, raftlog=4b487190-7547-40c7-b780-43c37a89e8eb@group-BAC069DAEF17-SegmentedRaftLog:OPENED:c-1,f-1,i0, conf=-1: [6fa005cd-25d6-4e29-bda6-9462a060c098:192.168.69.67:36093, 4b487190-7547-40c7-b780-43c37a89e8eb:192.168.69.67:39683, 3d3aac8b-d4d1-454d-bf0c-88a180692893:192.168.69.67:34429], old=null
2019-10-18 07:54:26,739 [4b487190-7547-40c7-b780-43c37a89e8eb@group-BAC069DAEF17-LeaderElection199] INFO  impl.RaftServerImpl (RaftServerImpl.java:setRole(184)) - 4b487190-7547-40c7-b780-43c37a89e8eb@group-BAC069DAEF17: changes role from CANDIDATE to FOLLOWER at term 210 for DISCOVERED_A_NEW_TERM
2019-10-18 07:54:26,739 [4b487190-7547-40c7-b780-43c37a89e8eb@group-BAC069DAEF17-LeaderElection199] INFO  impl.RoleInfo (RoleInfo.java:shutdownLeaderElection(134)) - 4b487190-7547-40c7-b780-43c37a89e8eb: shutdown LeaderElection
2019-10-18 07:54:26,739 [4b487190-7547-40c7-b780-43c37a89e8eb@group-BAC069DAEF17-LeaderElection199] INFO  impl.RoleInfo (RoleInfo.java:updateAndGet(143)) - 4b487190-7547-40c7-b780-43c37a89e8eb: start FollowerState
2019-10-18 07:54:26,895 [Thread-1644] INFO  impl.FollowerState (FollowerState.java:run(108)) - 4b487190-7547-40c7-b780-43c37a89e8eb@group-BAC069DAEF17-FollowerState: change to CANDIDATE, lastRpcTime:156ms, electionTimeout:156ms
2019-10-18 07:54:26,896 [Thread-1644] INFO  impl.RoleInfo (RoleInfo.java:shutdownFollowerState(121)) - 4b487190-7547-40c7-b780-43c37a89e8eb: shutdown FollowerState
2019-10-18 07:54:26,896 [Thread-1644] INFO  impl.RaftServerImpl (RaftServerImpl.java:setRole(184)) - 4b487190-7547-40c7-b780-43c37a89e8eb@group-BAC069DAEF17: changes role from  FOLLOWER to CANDIDATE at term 210 for changeToCandidate
2019-10-18 07:54:26,896 [Thread-1644] INFO  impl.RoleInfo (RoleInfo.java:updateAndGet(143)) - 4b487190-7547-40c7-b780-43c37a89e8eb: start LeaderElection
2019-10-18 07:54:26,909 [4b487190-7547-40c7-b780-43c37a89e8eb@group-BAC069DAEF17-LeaderElection200] INFO  impl.LeaderElection (LeaderElection.java:askForVotes(178)) - 4b487190-7547-40c7-b780-43c37a89e8eb@group-BAC069DAEF17-LeaderElection200: begin an election at term 211 for -1: [6fa005cd-25d6-4e29-bda6-9462a060c098:192.168.69.67:36093, 4b487190-7547-40c7-b780-43c37a89e8eb:192.168.69.67:39683, 3d3aac8b-d4d1-454d-bf0c-88a180692893:192.168.69.67:34429], old=null
2019-10-18 07:54:26,912 [grpc-default-executor-6] INFO  impl.RaftServerImpl (RaftServerImpl.java:setRole(184)) - 6fa005cd-25d6-4e29-bda6-9462a060c098@group-BAC069DAEF17: changes role from  FOLLOWER to FOLLOWER at term 211 for recognizeCandidate:4b487190-7547-40c7-b780-43c37a89e8eb
2019-10-18 07:54:26,912 [grpc-default-executor-3] INFO  impl.RaftServerImpl (RaftServerImpl.java:setRole(184)) - 3d3aac8b-d4d1-454d-bf0c-88a180692893@group-BAC069DAEF17: changes role from  FOLLOWER to FOLLOWER at term 211 for recognizeCandidate:4b487190-7547-40c7-b780-43c37a89e8eb
2019-10-18 07:54:26,912 [grpc-default-executor-6] INFO  impl.RoleInfo (RoleInfo.java:shutdownFollowerState(121)) - 6fa005cd-25d6-4e29-bda6-9462a060c098: shutdown FollowerState
2019-10-18 07:54:26,912 [grpc-default-executor-3] INFO  impl.RoleInfo (RoleInfo.java:shutdownFollowerState(121)) - 3d3aac8b-d4d1-454d-bf0c-88a180692893: shutdown FollowerState
2019-10-18 07:54:26,913 [grpc-default-executor-3] INFO  impl.RoleInfo (RoleInfo.java:updateAndGet(143)) - 3d3aac8b-d4d1-454d-bf0c-88a180692893: start FollowerState
2019-10-18 07:54:26,913 [Thread-1642] INFO  impl.FollowerState (FollowerState.java:run(117)) - 6fa005cd-25d6-4e29-bda6-9462a060c098@group-BAC069DAEF17-FollowerState was interrupted: java.lang.InterruptedException: sleep interrupted
2019-10-18 07:54:26,912 [grpc-default-executor-6] INFO  impl.RoleInfo (RoleInfo.java:updateAndGet(143)) - 6fa005cd-25d6-4e29-bda6-9462a060c098: start FollowerState
2019-10-18 07:54:26,913 [Thread-1643] INFO  impl.FollowerState (FollowerState.java:run(117)) - 3d3aac8b-d4d1-454d-bf0c-88a180692893@group-BAC069DAEF17-FollowerState was interrupted: java.lang.InterruptedException: sleep interrupted
2019-10-18 07:54:26,927 [4b487190-7547-40c7-b780-43c37a89e8eb@group-BAC069DAEF17-LeaderElection200] INFO  impl.LeaderElection (LeaderElection.java:logAndReturn(56)) - 4b487190-7547-40c7-b780-43c37a89e8eb@group-BAC069DAEF17-LeaderElection200: Election REJECTED; received 2 response(s) [4b487190-7547-40c7-b780-43c37a89e8eb<-6fa005cd-25d6-4e29-bda6-9462a060c098#0:FAIL-t211, 4b487190-7547-40c7-b780-43c37a89e8eb<-3d3aac8b-d4d1-454d-bf0c-88a180692893#0:FAIL-t211] and 0 exception(s); 4b487190-7547-40c7-b780-43c37a89e8eb@group-BAC069DAEF17:t211, leader=null, voted=4b487190-7547-40c7-b780-43c37a89e8eb, raftlog=4b487190-7547-40c7-b780-43c37a89e8eb@group-BAC069DAEF17-SegmentedRaftLog:OPENED:c-1,f-1,i0, conf=-1: [6fa005cd-25d6-4e29-bda6-9462a060c098:192.168.69.67:36093, 4b487190-7547-40c7-b780-43c37a89e8eb:192.168.69.67:39683, 3d3aac8b-d4d1-454d-bf0c-88a180692893:192.168.69.67:34429], old=null
2019-10-18 07:54:26,927 [4b487190-7547-40c7-b780-43c37a89e8eb@group-BAC069DAEF17-LeaderElection200] INFO  impl.RaftServerImpl (RaftServerImpl.java:setRole(184)) - 4b487190-7547-40c7-b780-43c37a89e8eb@group-BAC069DAEF17: changes role from CANDIDATE to FOLLOWER at term 211 for DISCOVERED_A_NEW_TERM
2019-10-18 07:54:26,928 [4b487190-7547-40c7-b780-43c37a89e8eb@group-BAC069DAEF17-LeaderElection200] INFO  impl.RoleInfo (RoleInfo.java:shutdownLeaderElection(134)) - 4b487190-7547-40c7-b780-43c37a89e8eb: shutdown LeaderElection
2019-10-18 07:54:26,928 [4b487190-7547-40c7-b780-43c37a89e8eb@group-BAC069DAEF17-LeaderElection200] INFO  impl.RoleInfo (RoleInfo.java:updateAndGet(143)) - 4b487190-7547-40c7-b780-43c37a89e8eb: start FollowerState
2019-10-18 07:54:27,010 [Thread-1650] INFO  impl.FollowerState (FollowerState.java:run(108)) - 4b487190-7547-40c7-b780-43c37a89e8eb@group-BAC069DAEF17-FollowerState: change to CANDIDATE, lastRpcTime:82ms, electionTimeout:82ms
2019-10-18 07:54:27,010 [Thread-1650] INFO  impl.RoleInfo (RoleInfo.java:shutdownFollowerState(121)) - 4b487190-7547-40c7-b780-43c37a89e8eb: shutdown FollowerState
2019-10-18 07:54:27,011 [Thread-1650] INFO  impl.RaftServerImpl (RaftServerImpl.java:setRole(184)) - 4b487190-7547-40c7-b780-43c37a89e8eb@group-BAC069DAEF17: changes role from  FOLLOWER to CANDIDATE at term 211 for changeToCandidate
2019-10-18 07:54:27,011 [Thread-1650] INFO  impl.RoleInfo (RoleInfo.java:updateAndGet(143)) - 4b487190-7547-40c7-b780-43c37a89e8eb: start LeaderElection
2019-10-18 07:54:27,018 [4b487190-7547-40c7-b780-43c37a89e8eb@group-BAC069DAEF17-LeaderElection201] INFO  impl.LeaderElection (LeaderElection.java:askForVotes(178)) - 4b487190-7547-40c7-b780-43c37a89e8eb@group-BAC069DAEF17-LeaderElection201: begin an election at term 212 for -1: [6fa005cd-25d6-4e29-bda6-9462a060c098:192.168.69.67:36093, 4b487190-7547-40c7-b780-43c37a89e8eb:192.168.69.67:39683, 3d3aac8b-d4d1-454d-bf0c-88a180692893:192.168.69.67:34429], old=null
2019-10-18 07:54:27,020 [grpc-default-executor-3] INFO  impl.RaftServerImpl (RaftServerImpl.java:setRole(184)) - 6fa005cd-25d6-4e29-bda6-9462a060c098@group-BAC069DAEF17: changes role from  FOLLOWER to FOLLOWER at term 212 for recognizeCandidate:4b487190-7547-40c7-b780-43c37a89e8eb
2019-10-18 07:54:27,021 [grpc-default-executor-3] INFO  impl.RoleInfo (RoleInfo.java:shutdownFollowerState(121)) - 6fa005cd-25d6-4e29-bda6-9462a060c098: shutdown FollowerState
2019-10-18 07:54:27,021 [grpc-default-executor-6] INFO  impl.RaftServerImpl (RaftServerImpl.java:setRole(184)) - 3d3aac8b-d4d1-454d-bf0c-88a180692893@group-BAC069DAEF17: changes role from  FOLLOWER to FOLLOWER at term 212 for recognizeCandidate:4b487190-7547-40c7-b780-43c37a89e8eb
2019-10-18 07:54:27,021 [Thread-1648] INFO  impl.FollowerState (FollowerState.java:run(117)) - 6fa005cd-25d6-4e29-bda6-9462a060c098@group-BAC069DAEF17-FollowerState was interrupted: java.lang.InterruptedException: sleep interrupted
2019-10-18 07:54:27,021 [grpc-default-executor-3] INFO  impl.RoleInfo (RoleInfo.java:updateAndGet(143)) - 6fa005cd-25d6-4e29-bda6-9462a060c098: start FollowerState
2019-10-18 07:54:27,021 [grpc-default-executor-6] INFO  impl.RoleInfo (RoleInfo.java:shutdownFollowerState(121)) - 3d3aac8b-d4d1-454d-bf0c-88a180692893: shutdown FollowerState
2019-10-18 07:54:27,021 [grpc-default-executor-6] INFO  impl.RoleInfo (RoleInfo.java:updateAndGet(143)) - 3d3aac8b-d4d1-454d-bf0c-88a180692893: start FollowerState
2019-10-18 07:54:27,022 [Thread-1649] INFO  impl.FollowerState (FollowerState.java:run(117)) - 3d3aac8b-d4d1-454d-bf0c-88a180692893@group-BAC069DAEF17-FollowerState was interrupted: java.lang.InterruptedException: sleep interrupted
2019-10-18 07:54:27,036 [4b487190-7547-40c7-b780-43c37a89e8eb@group-BAC069DAEF17-LeaderElection201] INFO  impl.LeaderElection (LeaderElection.java:logAndReturn(56)) - 4b487190-7547-40c7-b780-43c37a89e8eb@group-BAC069DAEF17-LeaderElection201: Election REJECTED; received 2 response(s) [4b487190-7547-40c7-b780-43c37a89e8eb<-6fa005cd-25d6-4e29-bda6-9462a060c098#0:FAIL-t212, 4b487190-7547-40c7-b780-43c37a89e8eb<-3d3aac8b-d4d1-454d-bf0c-88a180692893#0:FAIL-t212] and 0 exception(s); 4b487190-7547-40c7-b780-43c37a89e8eb@group-BAC069DAEF17:t212, leader=null, voted=4b487190-7547-40c7-b780-43c37a89e8eb, raftlog=4b487190-7547-40c7-b780-43c37a89e8eb@group-BAC069DAEF17-SegmentedRaftLog:OPENED:c-1,f-1,i0, conf=-1: [6fa005cd-25d6-4e29-bda6-9462a060c098:192.168.69.67:36093, 4b487190-7547-40c7-b780-43c37a89e8eb:192.168.69.67:39683, 3d3aac8b-d4d1-454d-bf0c-88a180692893:192.168.69.67:34429], old=null
2019-10-18 07:54:27,036 [4b487190-7547-40c7-b780-43c37a89e8eb@group-BAC069DAEF17-LeaderElection201] INFO  impl.RaftServerImpl (RaftServerImpl.java:setRole(184)) - 4b487190-7547-40c7-b780-43c37a89e8eb@group-BAC069DAEF17: changes role from CANDIDATE to FOLLOWER at term 212 for DISCOVERED_A_NEW_TERM
2019-10-18 07:54:27,037 [4b487190-7547-40c7-b780-43c37a89e8eb@group-BAC069DAEF17-LeaderElection201] INFO  impl.RoleInfo (RoleInfo.java:shutdownLeaderElection(134)) - 4b487190-7547-40c7-b780-43c37a89e8eb: shutdown LeaderElection
2019-10-18 07:54:27,037 [4b487190-7547-40c7-b780-43c37a89e8eb@group-BAC069DAEF17-LeaderElection201] INFO  impl.RoleInfo (RoleInfo.java:updateAndGet(143)) - 4b487190-7547-40c7-b780-43c37a89e8eb: start FollowerState
2019-10-18 07:54:27,227 [Thread-1656] INFO  impl.FollowerState (FollowerState.java:run(108)) - 4b487190-7547-40c7-b780-43c37a89e8eb@group-BAC069DAEF17-FollowerState: change to CANDIDATE, lastRpcTime:190ms, electionTimeout:190ms
2019-10-18 07:54:27,228 [Thread-1656] INFO  impl.RoleInfo (RoleInfo.java:shutdownFollowerState(121)) - 4b487190-7547-40c7-b780-43c37a89e8eb: shutdown FollowerState
2019-10-18 07:54:27,228 [Thread-1656] INFO  impl.RaftServerImpl (RaftServerImpl.java:setRole(184)) - 4b487190-7547-40c7-b780-43c37a89e8eb@group-BAC069DAEF17: changes role from  FOLLOWER to CANDIDATE at term 212 for changeToCandidate
2019-10-18 07:54:27,228 [Thread-1656] INFO  impl.RoleInfo (RoleInfo.java:updateAndGet(143)) - 4b487190-7547-40c7-b780-43c37a89e8eb: start LeaderElection
2019-10-18 07:54:27,242 [4b487190-7547-40c7-b780-43c37a89e8eb@group-BAC069DAEF17-LeaderElection202] INFO  impl.LeaderElection (LeaderElection.java:askForVotes(178)) - 4b487190-7547-40c7-b780-43c37a89e8eb@group-BAC069DAEF17-LeaderElection202: begin an election at term 213 for -1: [6fa005cd-25d6-4e29-bda6-9462a060c098:192.168.69.67:36093, 4b487190-7547-40c7-b780-43c37a89e8eb:192.168.69.67:39683, 3d3aac8b-d4d1-454d-bf0c-88a180692893:192.168.69.67:34429], old=null
2019-10-18 07:54:27,245 [grpc-default-executor-6] INFO  impl.RaftServerImpl (RaftServerImpl.java:setRole(184)) - 6fa005cd-25d6-4e29-bda6-9462a060c098@group-BAC069DAEF17: changes role from  FOLLOWER to FOLLOWER at term 213 for recognizeCandidate:4b487190-7547-40c7-b780-43c37a89e8eb
2019-10-18 07:54:27,245 [grpc-default-executor-3] INFO  impl.RaftServerImpl (RaftServerImpl.java:setRole(184)) - 3d3aac8b-d4d1-454d-bf0c-88a180692893@group-BAC069DAEF17: changes role from  FOLLOWER to FOLLOWER at term 213 for recognizeCandidate:4b487190-7547-40c7-b780-43c37a89e8eb
2019-10-18 07:54:27,245 [grpc-default-executor-6] INFO  impl.RoleInfo (RoleInfo.java:shutdownFollowerState(121)) - 6fa005cd-25d6-4e29-bda6-9462a060c098: shutdown FollowerState
2019-10-18 07:54:27,245 [grpc-default-executor-3] INFO  impl.RoleInfo (RoleInfo.java:shutdownFollowerState(121)) - 3d3aac8b-d4d1-454d-bf0c-88a180692893: shutdown FollowerState
2019-10-18 07:54:27,245 [grpc-default-executor-6] INFO  impl.RoleInfo (RoleInfo.java:updateAndGet(143)) - 6fa005cd-25d6-4e29-bda6-9462a060c098: start FollowerState
2019-10-18 07:54:27,246 [Thread-1655] INFO  impl.FollowerState (FollowerState.java:run(117)) - 3d3aac8b-d4d1-454d-bf0c-88a180692893@group-BAC069DAEF17-FollowerState was interrupted: java.lang.InterruptedException: sleep interrupted
2019-10-18 07:54:27,246 [grpc-default-executor-3] INFO  impl.RoleInfo (RoleInfo.java:updateAndGet(143)) - 3d3aac8b-d4d1-454d-bf0c-88a180692893: start FollowerState
2019-10-18 07:54:27,246 [Thread-1654] INFO  impl.FollowerState (FollowerState.java:run(117)) - 6fa005cd-25d6-4e29-bda6-9462a060c098@group-BAC069DAEF17-FollowerState was interrupted: java.lang.InterruptedException: sleep interrupted
2019-10-18 07:54:27,260 [4b487190-7547-40c7-b780-43c37a89e8eb@group-BAC069DAEF17-LeaderElection202] INFO  impl.LeaderElection (LeaderElection.java:logAndReturn(56)) - 4b487190-7547-40c7-b780-43c37a89e8eb@group-BAC069DAEF17-LeaderElection202: Election REJECTED; received 2 response(s) [4b487190-7547-40c7-b780-43c37a89e8eb<-6fa005cd-25d6-4e29-bda6-9462a060c098#0:FAIL-t213, 4b487190-7547-40c7-b780-43c37a89e8eb<-3d3aac8b-d4d1-454d-bf0c-88a180692893#0:FAIL-t213] and 0 exception(s); 4b487190-7547-40c7-b780-43c37a89e8eb@group-BAC069DAEF17:t213, leader=null, voted=4b487190-7547-40c7-b780-43c37a89e8eb, raftlog=4b487190-7547-40c7-b780-43c37a89e8eb@group-BAC069DAEF17-SegmentedRaftLog:OPENED:c-1,f-1,i0, conf=-1: [6fa005cd-25d6-4e29-bda6-9462a060c098:192.168.69.67:36093, 4b487190-7547-40c7-b780-43c37a89e8eb:192.168.69.67:39683, 3d3aac8b-d4d1-454d-bf0c-88a180692893:192.168.69.67:34429], old=null
2019-10-18 07:54:27,260 [4b487190-7547-40c7-b780-43c37a89e8eb@group-BAC069DAEF17-LeaderElection202] INFO  impl.RaftServerImpl (RaftServerImpl.java:setRole(184)) - 4b487190-7547-40c7-b780-43c37a89e8eb@group-BAC069DAEF17: changes role from CANDIDATE to FOLLOWER at term 213 for DISCOVERED_A_NEW_TERM
2019-10-18 07:54:27,260 [4b487190-7547-40c7-b780-43c37a89e8eb@group-BAC069DAEF17-LeaderElection202] INFO  impl.RoleInfo (RoleInfo.java:shutdownLeaderElection(134)) - 4b487190-7547-40c7-b780-43c37a89e8eb: shutdown LeaderElection
2019-10-18 07:54:27,261 [4b487190-7547-40c7-b780-43c37a89e8eb@group-BAC069DAEF17-LeaderElection202] INFO  impl.RoleInfo (RoleInfo.java:updateAndGet(143)) - 4b487190-7547-40c7-b780-43c37a89e8eb: start FollowerState
2019-10-18 07:54:27,403 [Thread-1662] INFO  impl.FollowerState (FollowerState.java:run(108)) - 4b487190-7547-40c7-b780-43c37a89e8eb@group-BAC069DAEF17-FollowerState: change to CANDIDATE, lastRpcTime:142ms, electionTimeout:142ms
2019-10-18 07:54:27,403 [Thread-1662] INFO  impl.RoleInfo (RoleInfo.java:shutdownFollowerState(121)) - 4b487190-7547-40c7-b780-43c37a89e8eb: shutdown FollowerState
2019-10-18 07:54:27,404 [Thread-1662] INFO  impl.RaftServerImpl (RaftServerImpl.java:setRole(184)) - 4b487190-7547-40c7-b780-43c37a89e8eb@group-BAC069DAEF17: changes role from  FOLLOWER to CANDIDATE at term 213 for changeToCandidate
2019-10-18 07:54:27,404 [Thread-1662] INFO  impl.RoleInfo (RoleInfo.java:updateAndGet(143)) - 4b487190-7547-40c7-b780-43c37a89e8eb: start LeaderElection
2019-10-18 07:54:27,426 [4b487190-7547-40c7-b780-43c37a89e8eb@group-BAC069DAEF17-LeaderElection203] INFO  impl.LeaderElection (LeaderElection.java:askForVotes(178)) - 4b487190-7547-40c7-b780-43c37a89e8eb@group-BAC069DAEF17-LeaderElection203: begin an election at term 214 for -1: [6fa005cd-25d6-4e29-bda6-9462a060c098:192.168.69.67:36093, 4b487190-7547-40c7-b780-43c37a89e8eb:192.168.69.67:39683, 3d3aac8b-d4d1-454d-bf0c-88a180692893:192.168.69.67:34429], old=null
2019-10-18 07:54:27,429 [grpc-default-executor-3] INFO  impl.RaftServerImpl (RaftServerImpl.java:setRole(184)) - 3d3aac8b-d4d1-454d-bf0c-88a180692893@group-BAC069DAEF17: changes role from  FOLLOWER to FOLLOWER at term 214 for recognizeCandidate:4b487190-7547-40c7-b780-43c37a89e8eb
2019-10-18 07:54:27,429 [grpc-default-executor-3] INFO  impl.RoleInfo (RoleInfo.java:shutdownFollowerState(121)) - 3d3aac8b-d4d1-454d-bf0c-88a180692893: shutdown FollowerState
2019-10-18 07:54:27,429 [grpc-default-executor-3] INFO  impl.RoleInfo (RoleInfo.java:updateAndGet(143)) - 3d3aac8b-d4d1-454d-bf0c-88a180692893: start FollowerState
2019-10-18 07:54:27,429 [Thread-1661] INFO  impl.FollowerState (FollowerState.java:run(117)) - 3d3aac8b-d4d1-454d-bf0c-88a180692893@group-BAC069DAEF17-FollowerState was interrupted: java.lang.InterruptedException: sleep interrupted
2019-10-18 07:54:27,429 [grpc-default-executor-6] INFO  impl.RaftServerImpl (RaftServerImpl.java:setRole(184)) - 6fa005cd-25d6-4e29-bda6-9462a060c098@group-BAC069DAEF17: changes role from  FOLLOWER to FOLLOWER at term 214 for recognizeCandidate:4b487190-7547-40c7-b780-43c37a89e8eb
2019-10-18 07:54:27,429 [grpc-default-executor-6] INFO  impl.RoleInfo (RoleInfo.java:shutdownFollowerState(121)) - 6fa005cd-25d6-4e29-bda6-9462a060c098: shutdown FollowerState
2019-10-18 07:54:27,430 [grpc-default-executor-6] INFO  impl.RoleInfo (RoleInfo.java:updateAndGet(143)) - 6fa005cd-25d6-4e29-bda6-9462a060c098: start FollowerState
2019-10-18 07:54:27,430 [Thread-1660] INFO  impl.FollowerState (FollowerState.java:run(117)) - 6fa005cd-25d6-4e29-bda6-9462a060c098@group-BAC069DAEF17-FollowerState was interrupted: java.lang.InterruptedException: sleep interrupted
2019-10-18 07:54:27,444 [4b487190-7547-40c7-b780-43c37a89e8eb@group-BAC069DAEF17-LeaderElection203] INFO  impl.LeaderElection (LeaderElection.java:logAndReturn(56)) - 4b487190-7547-40c7-b780-43c37a89e8eb@group-BAC069DAEF17-LeaderElection203: Election REJECTED; received 2 response(s) [4b487190-7547-40c7-b780-43c37a89e8eb<-6fa005cd-25d6-4e29-bda6-9462a060c098#0:FAIL-t214, 4b487190-7547-40c7-b780-43c37a89e8eb<-3d3aac8b-d4d1-454d-bf0c-88a180692893#0:FAIL-t214] and 0 exception(s); 4b487190-7547-40c7-b780-43c37a89e8eb@group-BAC069DAEF17:t214, leader=null, voted=4b487190-7547-40c7-b780-43c37a89e8eb, raftlog=4b487190-7547-40c7-b780-43c37a89e8eb@group-BAC069DAEF17-SegmentedRaftLog:OPENED:c-1,f-1,i0, conf=-1: [6fa005cd-25d6-4e29-bda6-9462a060c098:192.168.69.67:36093, 4b487190-7547-40c7-b780-43c37a89e8eb:192.168.69.67:39683, 3d3aac8b-d4d1-454d-bf0c-88a180692893:192.168.69.67:34429], old=null
2019-10-18 07:54:27,444 [4b487190-7547-40c7-b780-43c37a89e8eb@group-BAC069DAEF17-LeaderElection203] INFO  impl.RaftServerImpl (RaftServerImpl.java:setRole(184)) - 4b487190-7547-40c7-b780-43c37a89e8eb@group-BAC069DAEF17: changes role from CANDIDATE to FOLLOWER at term 214 for DISCOVERED_A_NEW_TERM
2019-10-18 07:54:27,444 [4b487190-7547-40c7-b780-43c37a89e8eb@group-BAC069DAEF17-LeaderElection203] INFO  impl.RoleInfo (RoleInfo.java:shutdownLeaderElection(134)) - 4b487190-7547-40c7-b780-43c37a89e8eb: shutdown LeaderElection
2019-10-18 07:54:27,444 [4b487190-7547-40c7-b780-43c37a89e8eb@group-BAC069DAEF17-LeaderElection203] INFO  impl.RoleInfo (RoleInfo.java:updateAndGet(143)) - 4b487190-7547-40c7-b780-43c37a89e8eb: start FollowerState
2019-10-18 07:54:27,520 [Thread-1668] INFO  impl.FollowerState (FollowerState.java:run(108)) - 4b487190-7547-40c7-b780-43c37a89e8eb@group-BAC069DAEF17-FollowerState: change to CANDIDATE, lastRpcTime:75ms, electionTimeout:75ms
2019-10-18 07:54:27,520 [Thread-1668] INFO  impl.RoleInfo (RoleInfo.java:shutdownFollowerState(121)) - 4b487190-7547-40c7-b780-43c37a89e8eb: shutdown FollowerState
2019-10-18 07:54:27,520 [Thread-1668] INFO  impl.RaftServerImpl (RaftServerImpl.java:setRole(184)) - 4b487190-7547-40c7-b780-43c37a89e8eb@group-BAC069DAEF17: changes role from  FOLLOWER to CANDIDATE at term 214 for changeToCandidate
2019-10-18 07:54:27,520 [Thread-1668] INFO  impl.RoleInfo (RoleInfo.java:updateAndGet(143)) - 4b487190-7547-40c7-b780-43c37a89e8eb: start LeaderElection
2019-10-18 07:54:27,535 [4b487190-7547-40c7-b780-43c37a89e8eb@group-BAC069DAEF17-LeaderElection204] INFO  impl.LeaderElection (LeaderElection.java:askForVotes(178)) - 4b487190-7547-40c7-b780-43c37a89e8eb@group-BAC069DAEF17-LeaderElection204: begin an election at term 215 for -1: [6fa005cd-25d6-4e29-bda6-9462a060c098:192.168.69.67:36093, 4b487190-7547-40c7-b780-43c37a89e8eb:192.168.69.67:39683, 3d3aac8b-d4d1-454d-bf0c-88a180692893:192.168.69.67:34429], old=null
2019-10-18 07:54:27,537 [grpc-default-executor-6] INFO  impl.RaftServerImpl (RaftServerImpl.java:setRole(184)) - 6fa005cd-25d6-4e29-bda6-9462a060c098@group-BAC069DAEF17: changes role from  FOLLOWER to FOLLOWER at term 215 for recognizeCandidate:4b487190-7547-40c7-b780-43c37a89e8eb
2019-10-18 07:54:27,538 [grpc-default-executor-6] INFO  impl.RoleInfo (RoleInfo.java:shutdownFollowerState(121)) - 6fa005cd-25d6-4e29-bda6-9462a060c098: shutdown FollowerState
2019-10-18 07:54:27,538 [grpc-default-executor-3] INFO  impl.RaftServerImpl (RaftServerImpl.java:setRole(184)) - 3d3aac8b-d4d1-454d-bf0c-88a180692893@group-BAC069DAEF17: changes role from  FOLLOWER to FOLLOWER at term 215 for recognizeCandidate:4b487190-7547-40c7-b780-43c37a89e8eb
2019-10-18 07:54:27,538 [grpc-default-executor-3] INFO  impl.RoleInfo (RoleInfo.java:shutdownFollowerState(121)) - 3d3aac8b-d4d1-454d-bf0c-88a180692893: shutdown FollowerState
2019-10-18 07:54:27,538 [Thread-1667] INFO  impl.FollowerState (FollowerState.java:run(117)) - 6fa005cd-25d6-4e29-bda6-9462a060c098@group-BAC069DAEF17-FollowerState was interrupted: java.lang.InterruptedException: sleep interrupted
2019-10-18 07:54:27,538 [grpc-default-executor-6] INFO  impl.RoleInfo (RoleInfo.java:updateAndGet(143)) - 6fa005cd-25d6-4e29-bda6-9462a060c098: start FollowerState
2019-10-18 07:54:27,538 [Thread-1666] INFO  impl.FollowerState (FollowerState.java:run(117)) - 3d3aac8b-d4d1-454d-bf0c-88a180692893@group-BAC069DAEF17-FollowerState was interrupted: java.lang.InterruptedException: sleep interrupted
2019-10-18 07:54:27,538 [grpc-default-executor-3] INFO  impl.RoleInfo (RoleInfo.java:updateAndGet(143)) - 3d3aac8b-d4d1-454d-bf0c-88a180692893: start FollowerState
2019-10-18 07:54:27,553 [4b487190-7547-40c7-b780-43c37a89e8eb@group-BAC069DAEF17-LeaderElection204] INFO  impl.LeaderElection (LeaderElection.java:logAndReturn(56)) - 4b487190-7547-40c7-b780-43c37a89e8eb@group-BAC069DAEF17-LeaderElection204: Election REJECTED; received 2 response(s) [4b487190-7547-40c7-b780-43c37a89e8eb<-6fa005cd-25d6-4e29-bda6-9462a060c098#0:FAIL-t215, 4b487190-7547-40c7-b780-43c37a89e8eb<-3d3aac8b-d4d1-454d-bf0c-88a180692893#0:FAIL-t215] and 0 exception(s); 4b487190-7547-40c7-b780-43c37a89e8eb@group-BAC069DAEF17:t215, leader=null, voted=4b487190-7547-40c7-b780-43c37a89e8eb, raftlog=4b487190-7547-40c7-b780-43c37a89e8eb@group-BAC069DAEF17-SegmentedRaftLog:OPENED:c-1,f-1,i0, conf=-1: [6fa005cd-25d6-4e29-bda6-9462a060c098:192.168.69.67:36093, 4b487190-7547-40c7-b780-43c37a89e8eb:192.168.69.67:39683, 3d3aac8b-d4d1-454d-bf0c-88a180692893:192.168.69.67:34429], old=null
2019-10-18 07:54:27,553 [4b487190-7547-40c7-b780-43c37a89e8eb@group-BAC069DAEF17-LeaderElection204] INFO  impl.RaftServerImpl (RaftServerImpl.java:setRole(184)) - 4b487190-7547-40c7-b780-43c37a89e8eb@group-BAC069DAEF17: changes role from CANDIDATE to FOLLOWER at term 215 for DISCOVERED_A_NEW_TERM
2019-10-18 07:54:27,554 [4b487190-7547-40c7-b780-43c37a89e8eb@group-BAC069DAEF17-LeaderElection204] INFO  impl.RoleInfo (RoleInfo.java:shutdownLeaderElection(134)) - 4b487190-7547-40c7-b780-43c37a89e8eb: shutdown LeaderElection
2019-10-18 07:54:27,554 [4b487190-7547-40c7-b780-43c37a89e8eb@group-BAC069DAEF17-LeaderElection204] INFO  impl.RoleInfo (RoleInfo.java:updateAndGet(143)) - 4b487190-7547-40c7-b780-43c37a89e8eb: start FollowerState
2019-10-18 07:54:27,582 [Thread-1674] INFO  impl.FollowerState (FollowerState.java:run(108)) - 4b487190-7547-40c7-b780-43c37a89e8eb@group-BAC069DAEF17-FollowerState: change to CANDIDATE, lastRpcTime:28ms, electionTimeout:28ms
2019-10-18 07:54:27,582 [Thread-1674] INFO  impl.RoleInfo (RoleInfo.java:shutdownFollowerState(121)) - 4b487190-7547-40c7-b780-43c37a89e8eb: shutdown FollowerState
2019-10-18 07:54:27,582 [Thread-1674] INFO  impl.RaftServerImpl (RaftServerImpl.java:setRole(184)) - 4b487190-7547-40c7-b780-43c37a89e8eb@group-BAC069DAEF17: changes role from  FOLLOWER to CANDIDATE at term 215 for changeToCandidate
2019-10-18 07:54:27,583 [Thread-1674] INFO  impl.RoleInfo (RoleInfo.java:updateAndGet(143)) - 4b487190-7547-40c7-b780-43c37a89e8eb: start LeaderElection
2019-10-18 07:54:27,596 [4b487190-7547-40c7-b780-43c37a89e8eb@group-BAC069DAEF17-LeaderElection205] INFO  impl.LeaderElection (LeaderElection.java:askForVotes(178)) - 4b487190-7547-40c7-b780-43c37a89e8eb@group-BAC069DAEF17-LeaderElection205: begin an election at term 216 for -1: [6fa005cd-25d6-4e29-bda6-9462a060c098:192.168.69.67:36093, 4b487190-7547-40c7-b780-43c37a89e8eb:192.168.69.67:39683, 3d3aac8b-d4d1-454d-bf0c-88a180692893:192.168.69.67:34429], old=null
2019-10-18 07:54:27,599 [grpc-default-executor-3] INFO  impl.RaftServerImpl (RaftServerImpl.java:setRole(184)) - 6fa005cd-25d6-4e29-bda6-9462a060c098@group-BAC069DAEF17: changes role from  FOLLOWER to FOLLOWER at term 216 for recognizeCandidate:4b487190-7547-40c7-b780-43c37a89e8eb
2019-10-18 07:54:27,599 [grpc-default-executor-3] INFO  impl.RoleInfo (RoleInfo.java:shutdownFollowerState(121)) - 6fa005cd-25d6-4e29-bda6-9462a060c098: shutdown FollowerState
2019-10-18 07:54:27,599 [Thread-1672] INFO  impl.FollowerState (FollowerState.java:run(117)) - 6fa005cd-25d6-4e29-bda6-9462a060c098@group-BAC069DAEF17-FollowerState was interrupted: java.lang.InterruptedException: sleep interrupted
2019-10-18 07:54:27,599 [grpc-default-executor-3] INFO  impl.RoleInfo (RoleInfo.java:updateAndGet(143)) - 6fa005cd-25d6-4e29-bda6-9462a060c098: start FollowerState
2019-10-18 07:54:27,599 [grpc-default-executor-6] INFO  impl.RaftServerImpl (RaftServerImpl.java:setRole(184)) - 3d3aac8b-d4d1-454d-bf0c-88a180692893@group-BAC069DAEF17: changes role from  FOLLOWER to FOLLOWER at term 216 for recognizeCandidate:4b487190-7547-40c7-b780-43c37a89e8eb
2019-10-18 07:54:27,599 [grpc-default-executor-6] INFO  impl.RoleInfo (RoleInfo.java:shutdownFollowerState(121)) - 3d3aac8b-d4d1-454d-bf0c-88a180692893: shutdown FollowerState
2019-10-18 07:54:27,600 [grpc-default-executor-6] INFO  impl.RoleInfo (RoleInfo.java:updateAndGet(143)) - 3d3aac8b-d4d1-454d-bf0c-88a180692893: start FollowerState
2019-10-18 07:54:27,600 [Thread-1673] INFO  impl.FollowerState (FollowerState.java:run(117)) - 3d3aac8b-d4d1-454d-bf0c-88a180692893@group-BAC069DAEF17-FollowerState was interrupted: java.lang.InterruptedException: sleep interrupted
2019-10-18 07:54:27,613 [4b487190-7547-40c7-b780-43c37a89e8eb@group-BAC069DAEF17-LeaderElection205] INFO  impl.LeaderElection (LeaderElection.java:logAndReturn(56)) - 4b487190-7547-40c7-b780-43c37a89e8eb@group-BAC069DAEF17-LeaderElection205: Election REJECTED; received 2 response(s) [4b487190-7547-40c7-b780-43c37a89e8eb<-6fa005cd-25d6-4e29-bda6-9462a060c098#0:FAIL-t216, 4b487190-7547-40c7-b780-43c37a89e8eb<-3d3aac8b-d4d1-454d-bf0c-88a180692893#0:FAIL-t216] and 0 exception(s); 4b487190-7547-40c7-b780-43c37a89e8eb@group-BAC069DAEF17:t216, leader=null, voted=4b487190-7547-40c7-b780-43c37a89e8eb, raftlog=4b487190-7547-40c7-b780-43c37a89e8eb@group-BAC069DAEF17-SegmentedRaftLog:OPENED:c-1,f-1,i0, conf=-1: [6fa005cd-25d6-4e29-bda6-9462a060c098:192.168.69.67:36093, 4b487190-7547-40c7-b780-43c37a89e8eb:192.168.69.67:39683, 3d3aac8b-d4d1-454d-bf0c-88a180692893:192.168.69.67:34429], old=null
2019-10-18 07:54:27,613 [4b487190-7547-40c7-b780-43c37a89e8eb@group-BAC069DAEF17-LeaderElection205] INFO  impl.RaftServerImpl (RaftServerImpl.java:setRole(184)) - 4b487190-7547-40c7-b780-43c37a89e8eb@group-BAC069DAEF17: changes role from CANDIDATE to FOLLOWER at term 216 for DISCOVERED_A_NEW_TERM
2019-10-18 07:54:27,614 [4b487190-7547-40c7-b780-43c37a89e8eb@group-BAC069DAEF17-LeaderElection205] INFO  impl.RoleInfo (RoleInfo.java:shutdownLeaderElection(134)) - 4b487190-7547-40c7-b780-43c37a89e8eb: shutdown LeaderElection
2019-10-18 07:54:27,614 [4b487190-7547-40c7-b780-43c37a89e8eb@group-BAC069DAEF17-LeaderElection205] INFO  impl.RoleInfo (RoleInfo.java:updateAndGet(143)) - 4b487190-7547-40c7-b780-43c37a89e8eb: start FollowerState
2019-10-18 07:54:27,789 [Thread-1680] INFO  impl.FollowerState (FollowerState.java:run(108)) - 4b487190-7547-40c7-b780-43c37a89e8eb@group-BAC069DAEF17-FollowerState: change to CANDIDATE, lastRpcTime:175ms, electionTimeout:175ms
2019-10-18 07:54:27,789 [Thread-1680] INFO  impl.RoleInfo (RoleInfo.java:shutdownFollowerState(121)) - 4b487190-7547-40c7-b780-43c37a89e8eb: shutdown FollowerState
2019-10-18 07:54:27,790 [Thread-1680] INFO  impl.RaftServerImpl (RaftServerImpl.java:setRole(184)) - 4b487190-7547-40c7-b780-43c37a89e8eb@group-BAC069DAEF17: changes role from  FOLLOWER to CANDIDATE at term 216 for changeToCandidate
2019-10-18 07:54:27,790 [Thread-1680] INFO  impl.RoleInfo (RoleInfo.java:updateAndGet(143)) - 4b487190-7547-40c7-b780-43c37a89e8eb: start LeaderElection
2019-10-18 07:54:27,812 [4b487190-7547-40c7-b780-43c37a89e8eb@group-BAC069DAEF17-LeaderElection206] INFO  impl.LeaderElection (LeaderElection.java:askForVotes(178)) - 4b487190-7547-40c7-b780-43c37a89e8eb@group-BAC069DAEF17-LeaderElection206: begin an election at term 217 for -1: [6fa005cd-25d6-4e29-bda6-9462a060c098:192.168.69.67:36093, 4b487190-7547-40c7-b780-43c37a89e8eb:192.168.69.67:39683, 3d3aac8b-d4d1-454d-bf0c-88a180692893:192.168.69.67:34429], old=null
2019-10-18 07:54:27,814 [grpc-default-executor-6] INFO  impl.RaftServerImpl (RaftServerImpl.java:setRole(184)) - 6fa005cd-25d6-4e29-bda6-9462a060c098@group-BAC069DAEF17: changes role from  FOLLOWER to FOLLOWER at term 217 for recognizeCandidate:4b487190-7547-40c7-b780-43c37a89e8eb
2019-10-18 07:54:27,815 [grpc-default-executor-6] INFO  impl.RoleInfo (RoleInfo.java:shutdownFollowerState(121)) - 6fa005cd-25d6-4e29-bda6-9462a060c098: shutdown FollowerState
2019-10-18 07:54:27,815 [grpc-default-executor-6] INFO  impl.RoleInfo (RoleInfo.java:updateAndGet(143)) - 6fa005cd-25d6-4e29-bda6-9462a060c098: start FollowerState
2019-10-18 07:54:27,815 [grpc-default-executor-3] INFO  impl.RaftServerImpl (RaftServerImpl.java:setRole(184)) - 3d3aac8b-d4d1-454d-bf0c-88a180692893@group-BAC069DAEF17: changes role from  FOLLOWER to FOLLOWER at term 217 for recognizeCandidate:4b487190-7547-40c7-b780-43c37a89e8eb
2019-10-18 07:54:27,815 [grpc-default-executor-3] INFO  impl.RoleInfo (RoleInfo.java:shutdownFollowerState(121)) - 3d3aac8b-d4d1-454d-bf0c-88a180692893: shutdown FollowerState
2019-10-18 07:54:27,815 [Thread-1678] INFO  impl.FollowerState (FollowerState.java:run(117)) - 6fa005cd-25d6-4e29-bda6-9462a060c098@group-BAC069DAEF17-FollowerState was interrupted: java.lang.InterruptedException: sleep interrupted
2019-10-18 07:54:27,815 [Thread-1679] INFO  impl.FollowerState (FollowerState.java:run(117)) - 3d3aac8b-d4d1-454d-bf0c-88a180692893@group-BAC069DAEF17-FollowerState was interrupted: java.lang.InterruptedException: sleep interrupted
2019-10-18 07:54:27,815 [grpc-default-executor-3] INFO  impl.RoleInfo (RoleInfo.java:updateAndGet(143)) - 3d3aac8b-d4d1-454d-bf0c-88a180692893: start FollowerState
2019-10-18 07:54:27,825 [4b487190-7547-40c7-b780-43c37a89e8eb@group-BAC069DAEF17-LeaderElection206] INFO  impl.LeaderElection (LeaderElection.java:logAndReturn(56)) - 4b487190-7547-40c7-b780-43c37a89e8eb@group-BAC069DAEF17-LeaderElection206: Election REJECTED; received 2 response(s) [4b487190-7547-40c7-b780-43c37a89e8eb<-6fa005cd-25d6-4e29-bda6-9462a060c098#0:FAIL-t217, 4b487190-7547-40c7-b780-43c37a89e8eb<-3d3aac8b-d4d1-454d-bf0c-88a180692893#0:FAIL-t217] and 0 exception(s); 4b487190-7547-40c7-b780-43c37a89e8eb@group-BAC069DAEF17:t217, leader=null, voted=4b487190-7547-40c7-b780-43c37a89e8eb, raftlog=4b487190-7547-40c7-b780-43c37a89e8eb@group-BAC069DAEF17-SegmentedRaftLog:OPENED:c-1,f-1,i0, conf=-1: [6fa005cd-25d6-4e29-bda6-9462a060c098:192.168.69.67:36093, 4b487190-7547-40c7-b780-43c37a89e8eb:192.168.69.67:39683, 3d3aac8b-d4d1-454d-bf0c-88a180692893:192.168.69.67:34429], old=null
2019-10-18 07:54:27,825 [4b487190-7547-40c7-b780-43c37a89e8eb@group-BAC069DAEF17-LeaderElection206] INFO  impl.RaftServerImpl (RaftServerImpl.java:setRole(184)) - 4b487190-7547-40c7-b780-43c37a89e8eb@group-BAC069DAEF17: changes role from CANDIDATE to FOLLOWER at term 217 for DISCOVERED_A_NEW_TERM
2019-10-18 07:54:27,826 [4b487190-7547-40c7-b780-43c37a89e8eb@group-BAC069DAEF17-LeaderElection206] INFO  impl.RoleInfo (RoleInfo.java:shutdownLeaderElection(134)) - 4b487190-7547-40c7-b780-43c37a89e8eb: shutdown LeaderElection
2019-10-18 07:54:27,826 [4b487190-7547-40c7-b780-43c37a89e8eb@group-BAC069DAEF17-LeaderElection206] INFO  impl.RoleInfo (RoleInfo.java:updateAndGet(143)) - 4b487190-7547-40c7-b780-43c37a89e8eb: start FollowerState
2019-10-18 07:54:27,829 [Thread-1686] INFO  impl.FollowerState (FollowerState.java:run(108)) - 4b487190-7547-40c7-b780-43c37a89e8eb@group-BAC069DAEF17-FollowerState: change to CANDIDATE, lastRpcTime:3ms, electionTimeout:3ms
2019-10-18 07:54:27,829 [Thread-1686] INFO  impl.RoleInfo (RoleInfo.java:shutdownFollowerState(121)) - 4b487190-7547-40c7-b780-43c37a89e8eb: shutdown FollowerState
2019-10-18 07:54:27,829 [Thread-1686] INFO  impl.RaftServerImpl (RaftServerImpl.java:setRole(184)) - 4b487190-7547-40c7-b780-43c37a89e8eb@group-BAC069DAEF17: changes role from  FOLLOWER to CANDIDATE at term 217 for changeToCandidate
2019-10-18 07:54:27,830 [Thread-1686] INFO  impl.RoleInfo (RoleInfo.java:updateAndGet(143)) - 4b487190-7547-40c7-b780-43c37a89e8eb: start LeaderElection
2019-10-18 07:54:27,843 [4b487190-7547-40c7-b780-43c37a89e8eb@group-BAC069DAEF17-LeaderElection207] INFO  impl.LeaderElection (LeaderElection.java:askForVotes(178)) - 4b487190-7547-40c7-b780-43c37a89e8eb@group-BAC069DAEF17-LeaderElection207: begin an election at term 218 for -1: [6fa005cd-25d6-4e29-bda6-9462a060c098:192.168.69.67:36093, 4b487190-7547-40c7-b780-43c37a89e8eb:192.168.69.67:39683, 3d3aac8b-d4d1-454d-bf0c-88a180692893:192.168.69.67:34429], old=null
2019-10-18 07:54:27,846 [grpc-default-executor-0] INFO  impl.RaftServerImpl (RaftServerImpl.java:setRole(184)) - 6fa005cd-25d6-4e29-bda6-9462a060c098@group-BAC069DAEF17: changes role from  FOLLOWER to FOLLOWER at term 218 for recognizeCandidate:4b487190-7547-40c7-b780-43c37a89e8eb
2019-10-18 07:54:27,846 [grpc-default-executor-0] INFO  impl.RoleInfo (RoleInfo.java:shutdownFollowerState(121)) - 6fa005cd-25d6-4e29-bda6-9462a060c098: shutdown FollowerState
2019-10-18 07:54:27,846 [grpc-default-executor-6] INFO  impl.RaftServerImpl (RaftServerImpl.java:setRole(184)) - 3d3aac8b-d4d1-454d-bf0c-88a180692893@group-BAC069DAEF17: changes role from  FOLLOWER to FOLLOWER at term 218 for recognizeCandidate:4b487190-7547-40c7-b780-43c37a89e8eb
2019-10-18 07:54:27,847 [grpc-default-executor-6] INFO  impl.RoleInfo (RoleInfo.java:shutdownFollowerState(121)) - 3d3aac8b-d4d1-454d-bf0c-88a180692893: shutdown FollowerState
2019-10-18 07:54:27,847 [Thread-1684] INFO  impl.FollowerState (FollowerState.java:run(117)) - 6fa005cd-25d6-4e29-bda6-9462a060c098@group-BAC069DAEF17-FollowerState was interrupted: java.lang.InterruptedException: sleep interrupted
2019-10-18 07:54:27,847 [grpc-default-executor-0] INFO  impl.RoleInfo (RoleInfo.java:updateAndGet(143)) - 6fa005cd-25d6-4e29-bda6-9462a060c098: start FollowerState
2019-10-18 07:54:27,847 [Thread-1685] INFO  impl.FollowerState (FollowerState.java:run(117)) - 3d3aac8b-d4d1-454d-bf0c-88a180692893@group-BAC069DAEF17-FollowerState was interrupted: java.lang.InterruptedException: sleep interrupted
2019-10-18 07:54:27,847 [grpc-default-executor-6] INFO  impl.RoleInfo (RoleInfo.java:updateAndGet(143)) - 3d3aac8b-d4d1-454d-bf0c-88a180692893: start FollowerState
2019-10-18 07:54:27,863 [4b487190-7547-40c7-b780-43c37a89e8eb@group-BAC069DAEF17-LeaderElection207] INFO  impl.LeaderElection (LeaderElection.java:logAndReturn(56)) - 4b487190-7547-40c7-b780-43c37a89e8eb@group-BAC069DAEF17-LeaderElection207: Election REJECTED; received 2 response(s) [4b487190-7547-40c7-b780-43c37a89e8eb<-6fa005cd-25d6-4e29-bda6-9462a060c098#0:FAIL-t218, 4b487190-7547-40c7-b780-43c37a89e8eb<-3d3aac8b-d4d1-454d-bf0c-88a180692893#0:FAIL-t218] and 0 exception(s); 4b487190-7547-40c7-b780-43c37a89e8eb@group-BAC069DAEF17:t218, leader=null, voted=4b487190-7547-40c7-b780-43c37a89e8eb, raftlog=4b487190-7547-40c7-b780-43c37a89e8eb@group-BAC069DAEF17-SegmentedRaftLog:OPENED:c-1,f-1,i0, conf=-1: [6fa005cd-25d6-4e29-bda6-9462a060c098:192.168.69.67:36093, 4b487190-7547-40c7-b780-43c37a89e8eb:192.168.69.67:39683, 3d3aac8b-d4d1-454d-bf0c-88a180692893:192.168.69.67:34429], old=null
2019-10-18 07:54:27,863 [4b487190-7547-40c7-b780-43c37a89e8eb@group-BAC069DAEF17-LeaderElection207] INFO  impl.RaftServerImpl (RaftServerImpl.java:setRole(184)) - 4b487190-7547-40c7-b780-43c37a89e8eb@group-BAC069DAEF17: changes role from CANDIDATE to FOLLOWER at term 218 for DISCOVERED_A_NEW_TERM
2019-10-18 07:54:27,863 [4b487190-7547-40c7-b780-43c37a89e8eb@group-BAC069DAEF17-LeaderElection207] INFO  impl.RoleInfo (RoleInfo.java:shutdownLeaderElection(134)) - 4b487190-7547-40c7-b780-43c37a89e8eb: shutdown LeaderElection
2019-10-18 07:54:27,864 [4b487190-7547-40c7-b780-43c37a89e8eb@group-BAC069DAEF17-LeaderElection207] INFO  impl.RoleInfo (RoleInfo.java:updateAndGet(143)) - 4b487190-7547-40c7-b780-43c37a89e8eb: start FollowerState
2019-10-18 07:54:28,044 [Thread-1692] INFO  impl.FollowerState (FollowerState.java:run(108)) - 4b487190-7547-40c7-b780-43c37a89e8eb@group-BAC069DAEF17-FollowerState: change to CANDIDATE, lastRpcTime:180ms, electionTimeout:180ms
2019-10-18 07:54:28,044 [Thread-1692] INFO  impl.RoleInfo (RoleInfo.java:shutdownFollowerState(121)) - 4b487190-7547-40c7-b780-43c37a89e8eb: shutdown FollowerState
2019-10-18 07:54:28,044 [Thread-1692] INFO  impl.RaftServerImpl (RaftServerImpl.java:setRole(184)) - 4b487190-7547-40c7-b780-43c37a89e8eb@group-BAC069DAEF17: changes role from  FOLLOWER to CANDIDATE at term 218 for changeToCandidate
2019-10-18 07:54:28,045 [Thread-1692] INFO  impl.RoleInfo (RoleInfo.java:updateAndGet(143)) - 4b487190-7547-40c7-b780-43c37a89e8eb: start LeaderElection
2019-10-18 07:54:28,058 [4b487190-7547-40c7-b780-43c37a89e8eb@group-BAC069DAEF17-LeaderElection208] INFO  impl.LeaderElection (LeaderElection.java:askForVotes(178)) - 4b487190-7547-40c7-b780-43c37a89e8eb@group-BAC069DAEF17-LeaderElection208: begin an election at term 219 for -1: [6fa005cd-25d6-4e29-bda6-9462a060c098:192.168.69.67:36093, 4b487190-7547-40c7-b780-43c37a89e8eb:192.168.69.67:39683, 3d3aac8b-d4d1-454d-bf0c-88a180692893:192.168.69.67:34429], old=null
2019-10-18 07:54:28,061 [grpc-default-executor-6] INFO  impl.RaftServerImpl (RaftServerImpl.java:setRole(184)) - 6fa005cd-25d6-4e29-bda6-9462a060c098@group-BAC069DAEF17: changes role from  FOLLOWER to FOLLOWER at term 219 for recognizeCandidate:4b487190-7547-40c7-b780-43c37a89e8eb
2019-10-18 07:54:28,061 [grpc-default-executor-0] INFO  impl.RaftServerImpl (RaftServerImpl.java:setRole(184)) - 3d3aac8b-d4d1-454d-bf0c-88a180692893@group-BAC069DAEF17: changes role from  FOLLOWER to FOLLOWER at term 219 for recognizeCandidate:4b487190-7547-40c7-b780-43c37a89e8eb
2019-10-18 07:54:28,061 [grpc-default-executor-6] INFO  impl.RoleInfo (RoleInfo.java:shutdownFollowerState(121)) - 6fa005cd-25d6-4e29-bda6-9462a060c098: shutdown FollowerState
2019-10-18 07:54:28,061 [grpc-default-executor-0] INFO  impl.RoleInfo (RoleInfo.java:shutdownFollowerState(121)) - 3d3aac8b-d4d1-454d-bf0c-88a180692893: shutdown FollowerState
2019-10-18 07:54:28,062 [Thread-1690] INFO  impl.FollowerState (FollowerState.java:run(117)) - 6fa005cd-25d6-4e29-bda6-9462a060c098@group-BAC069DAEF17-FollowerState was interrupted: java.lang.InterruptedException: sleep interrupted
2019-10-18 07:54:28,062 [grpc-default-executor-6] INFO  impl.RoleInfo (RoleInfo.java:updateAndGet(143)) - 6fa005cd-25d6-4e29-bda6-9462a060c098: start FollowerState
2019-10-18 07:54:28,062 [Thread-1691] INFO  impl.FollowerState (FollowerState.java:run(117)) - 3d3aac8b-d4d1-454d-bf0c-88a180692893@group-BAC069DAEF17-FollowerState was interrupted: java.lang.InterruptedException: sleep interrupted
2019-10-18 07:54:28,062 [grpc-default-executor-0] INFO  impl.RoleInfo (RoleInfo.java:updateAndGet(143)) - 3d3aac8b-d4d1-454d-bf0c-88a180692893: start FollowerState
2019-10-18 07:54:28,081 [4b487190-7547-40c7-b780-43c37a89e8eb@group-BAC069DAEF17-LeaderElection208] INFO  impl.LeaderElection (LeaderElection.java:logAndReturn(56)) - 4b487190-7547-40c7-b780-43c37a89e8eb@group-BAC069DAEF17-LeaderElection208: Election REJECTED; received 2 response(s) [4b487190-7547-40c7-b780-43c37a89e8eb<-6fa005cd-25d6-4e29-bda6-9462a060c098#0:FAIL-t219, 4b487190-7547-40c7-b780-43c37a89e8eb<-3d3aac8b-d4d1-454d-bf0c-88a180692893#0:FAIL-t219] and 0 exception(s); 4b487190-7547-40c7-b780-43c37a89e8eb@group-BAC069DAEF17:t219, leader=null, voted=4b487190-7547-40c7-b780-43c37a89e8eb, raftlog=4b487190-7547-40c7-b780-43c37a89e8eb@group-BAC069DAEF17-SegmentedRaftLog:OPENED:c-1,f-1,i0, conf=-1: [6fa005cd-25d6-4e29-bda6-9462a060c098:192.168.69.67:36093, 4b487190-7547-40c7-b780-43c37a89e8eb:192.168.69.67:39683, 3d3aac8b-d4d1-454d-bf0c-88a180692893:192.168.69.67:34429], old=null
2019-10-18 07:54:28,081 [4b487190-7547-40c7-b780-43c37a89e8eb@group-BAC069DAEF17-LeaderElection208] INFO  impl.RaftServerImpl (RaftServerImpl.java:setRole(184)) - 4b487190-7547-40c7-b780-43c37a89e8eb@group-BAC069DAEF17: changes role from CANDIDATE to FOLLOWER at term 219 for DISCOVERED_A_NEW_TERM
2019-10-18 07:54:28,081 [4b487190-7547-40c7-b780-43c37a89e8eb@group-BAC069DAEF17-LeaderElection208] INFO  impl.RoleInfo (RoleInfo.java:shutdownLeaderElection(134)) - 4b487190-7547-40c7-b780-43c37a89e8eb: shutdown LeaderElection
2019-10-18 07:54:28,081 [4b487190-7547-40c7-b780-43c37a89e8eb@group-BAC069DAEF17-LeaderElection208] INFO  impl.RoleInfo (RoleInfo.java:updateAndGet(143)) - 4b487190-7547-40c7-b780-43c37a89e8eb: start FollowerState
2019-10-18 07:54:28,099 [Thread-1700] INFO  impl.FollowerState (FollowerState.java:run(108)) - 4b487190-7547-40c7-b780-43c37a89e8eb@group-BAC069DAEF17-FollowerState: change to CANDIDATE, lastRpcTime:17ms, electionTimeout:17ms
2019-10-18 07:54:28,099 [Thread-1700] INFO  impl.RoleInfo (RoleInfo.java:shutdownFollowerState(121)) - 4b487190-7547-40c7-b780-43c37a89e8eb: shutdown FollowerState
2019-10-18 07:54:28,099 [Thread-1700] INFO  impl.RaftServerImpl (RaftServerImpl.java:setRole(184)) - 4b487190-7547-40c7-b780-43c37a89e8eb@group-BAC069DAEF17: changes role from  FOLLOWER to CANDIDATE at term 219 for changeToCandidate
2019-10-18 07:54:28,099 [Thread-1700] INFO  impl.RoleInfo (RoleInfo.java:updateAndGet(143)) - 4b487190-7547-40c7-b780-43c37a89e8eb: start LeaderElection
2019-10-18 07:54:28,112 [4b487190-7547-40c7-b780-43c37a89e8eb@group-BAC069DAEF17-LeaderElection209] INFO  impl.LeaderElection (LeaderElection.java:askForVotes(178)) - 4b487190-7547-40c7-b780-43c37a89e8eb@group-BAC069DAEF17-LeaderElection209: begin an election at term 220 for -1: [6fa005cd-25d6-4e29-bda6-9462a060c098:192.168.69.67:36093, 4b487190-7547-40c7-b780-43c37a89e8eb:192.168.69.67:39683, 3d3aac8b-d4d1-454d-bf0c-88a180692893:192.168.69.67:34429], old=null
2019-10-18 07:54:28,115 [grpc-default-executor-6] INFO  impl.RaftServerImpl (RaftServerImpl.java:setRole(184)) - 3d3aac8b-d4d1-454d-bf0c-88a180692893@group-BAC069DAEF17: changes role from  FOLLOWER to FOLLOWER at term 220 for recognizeCandidate:4b487190-7547-40c7-b780-43c37a89e8eb
2019-10-18 07:54:28,115 [grpc-default-executor-6] INFO  impl.RoleInfo (RoleInfo.java:shutdownFollowerState(121)) - 3d3aac8b-d4d1-454d-bf0c-88a180692893: shutdown FollowerState
2019-10-18 07:54:28,115 [grpc-default-executor-0] INFO  impl.RaftServerImpl (RaftServerImpl.java:setRole(184)) - 6fa005cd-25d6-4e29-bda6-9462a060c098@group-BAC069DAEF17: changes role from  FOLLOWER to FOLLOWER at term 220 for recognizeCandidate:4b487190-7547-40c7-b780-43c37a89e8eb
2019-10-18 07:54:28,115 [grpc-default-executor-6] INFO  impl.RoleInfo (RoleInfo.java:updateAndGet(143)) - 3d3aac8b-d4d1-454d-bf0c-88a180692893: start FollowerState
2019-10-18 07:54:28,115 [Thread-1699] INFO  impl.FollowerState (FollowerState.java:run(117)) - 3d3aac8b-d4d1-454d-bf0c-88a180692893@group-BAC069DAEF17-FollowerState was interrupted: java.lang.InterruptedException: sleep interrupted
2019-10-18 07:54:28,115 [grpc-default-executor-0] INFO  impl.RoleInfo (RoleInfo.java:shutdownFollowerState(121)) - 6fa005cd-25d6-4e29-bda6-9462a060c098: shutdown FollowerState
2019-10-18 07:54:28,116 [grpc-default-executor-0] INFO  impl.RoleInfo (RoleInfo.java:updateAndGet(143)) - 6fa005cd-25d6-4e29-bda6-9462a060c098: start FollowerState
2019-10-18 07:54:28,116 [Thread-1698] INFO  impl.FollowerState (FollowerState.java:run(117)) - 6fa005cd-25d6-4e29-bda6-9462a060c098@group-BAC069DAEF17-FollowerState was interrupted: java.lang.InterruptedException: sleep interrupted
2019-10-18 07:54:28,130 [4b487190-7547-40c7-b780-43c37a89e8eb@group-BAC069DAEF17-LeaderElection209] INFO  impl.LeaderElection (LeaderElection.java:logAndReturn(56)) - 4b487190-7547-40c7-b780-43c37a89e8eb@group-BAC069DAEF17-LeaderElection209: Election REJECTED; received 2 response(s) [4b487190-7547-40c7-b780-43c37a89e8eb<-6fa005cd-25d6-4e29-bda6-9462a060c098#0:FAIL-t220, 4b487190-7547-40c7-b780-43c37a89e8eb<-3d3aac8b-d4d1-454d-bf0c-88a180692893#0:FAIL-t220] and 0 exception(s); 4b487190-7547-40c7-b780-43c37a89e8eb@group-BAC069DAEF17:t220, leader=null, voted=4b487190-7547-40c7-b780-43c37a89e8eb, raftlog=4b487190-7547-40c7-b780-43c37a89e8eb@group-BAC069DAEF17-SegmentedRaftLog:OPENED:c-1,f-1,i0, conf=-1: [6fa005cd-25d6-4e29-bda6-9462a060c098:192.168.69.67:36093, 4b487190-7547-40c7-b780-43c37a89e8eb:192.168.69.67:39683, 3d3aac8b-d4d1-454d-bf0c-88a180692893:192.168.69.67:34429], old=null
2019-10-18 07:54:28,130 [4b487190-7547-40c7-b780-43c37a89e8eb@group-BAC069DAEF17-LeaderElection209] INFO  impl.RaftServerImpl (RaftServerImpl.java:setRole(184)) - 4b487190-7547-40c7-b780-43c37a89e8eb@group-BAC069DAEF17: changes role from CANDIDATE to FOLLOWER at term 220 for DISCOVERED_A_NEW_TERM
2019-10-18 07:54:28,130 [4b487190-7547-40c7-b780-43c37a89e8eb@group-BAC069DAEF17-LeaderElection209] INFO  impl.RoleInfo (RoleInfo.java:shutdownLeaderElection(134)) - 4b487190-7547-40c7-b780-43c37a89e8eb: shutdown LeaderElection
2019-10-18 07:54:28,130 [4b487190-7547-40c7-b780-43c37a89e8eb@group-BAC069DAEF17-LeaderElection209] INFO  impl.RoleInfo (RoleInfo.java:updateAndGet(143)) - 4b487190-7547-40c7-b780-43c37a89e8eb: start FollowerState
2019-10-18 07:54:28,212 [Thread-1706] INFO  impl.FollowerState (FollowerState.java:run(108)) - 4b487190-7547-40c7-b780-43c37a89e8eb@group-BAC069DAEF17-FollowerState: change to CANDIDATE, lastRpcTime:82ms, electionTimeout:82ms
2019-10-18 07:54:28,213 [Thread-1706] INFO  impl.RoleInfo (RoleInfo.java:shutdownFollowerState(121)) - 4b487190-7547-40c7-b780-43c37a89e8eb: shutdown FollowerState
2019-10-18 07:54:28,213 [Thread-1706] INFO  impl.RaftServerImpl (RaftServerImpl.java:setRole(184)) - 4b487190-7547-40c7-b780-43c37a89e8eb@group-BAC069DAEF17: changes role from  FOLLOWER to CANDIDATE at term 220 for changeToCandidate
2019-10-18 07:54:28,213 [Thread-1706] INFO  impl.RoleInfo (RoleInfo.java:updateAndGet(143)) - 4b487190-7547-40c7-b780-43c37a89e8eb: start LeaderElection
2019-10-18 07:54:28,238 [4b487190-7547-40c7-b780-43c37a89e8eb@group-BAC069DAEF17-LeaderElection210] INFO  impl.LeaderElection (LeaderElection.java:askForVotes(178)) - 4b487190-7547-40c7-b780-43c37a89e8eb@group-BAC069DAEF17-LeaderElection210: begin an election at term 221 for -1: [6fa005cd-25d6-4e29-bda6-9462a060c098:192.168.69.67:36093, 4b487190-7547-40c7-b780-43c37a89e8eb:192.168.69.67:39683, 3d3aac8b-d4d1-454d-bf0c-88a180692893:192.168.69.67:34429], old=null
2019-10-18 07:54:28,241 [grpc-default-executor-6] INFO  impl.RaftServerImpl (RaftServerImpl.java:setRole(184)) - 6fa005cd-25d6-4e29-bda6-9462a060c098@group-BAC069DAEF17: changes role from  FOLLOWER to FOLLOWER at term 221 for recognizeCandidate:4b487190-7547-40c7-b780-43c37a89e8eb
2019-10-18 07:54:28,241 [grpc-default-executor-0] INFO  impl.RaftServerImpl (RaftServerImpl.java:setRole(184)) - 3d3aac8b-d4d1-454d-bf0c-88a180692893@group-BAC069DAEF17: changes role from  FOLLOWER to FOLLOWER at term 221 for recognizeCandidate:4b487190-7547-40c7-b780-43c37a89e8eb
2019-10-18 07:54:28,241 [grpc-default-executor-6] INFO  impl.RoleInfo (RoleInfo.java:shutdownFollowerState(121)) - 6fa005cd-25d6-4e29-bda6-9462a060c098: shutdown FollowerState
2019-10-18 07:54:28,242 [grpc-default-executor-0] INFO  impl.RoleInfo (RoleInfo.java:shutdownFollowerState(121)) - 3d3aac8b-d4d1-454d-bf0c-88a180692893: shutdown FollowerState
2019-10-18 07:54:28,242 [Thread-1705] INFO  impl.FollowerState (FollowerState.java:run(117)) - 6fa005cd-25d6-4e29-bda6-9462a060c098@group-BAC069DAEF17-FollowerState was interrupted: java.lang.InterruptedException: sleep interrupted
2019-10-18 07:54:28,242 [grpc-default-executor-6] INFO  impl.RoleInfo (RoleInfo.java:updateAndGet(143)) - 6fa005cd-25d6-4e29-bda6-9462a060c098: start FollowerState
2019-10-18 07:54:28,242 [Thread-1704] INFO  impl.FollowerState (FollowerState.java:run(117)) - 3d3aac8b-d4d1-454d-bf0c-88a180692893@group-BAC069DAEF17-FollowerState was interrupted: java.lang.InterruptedException: sleep interrupted
2019-10-18 07:54:28,242 [grpc-default-executor-0] INFO  impl.RoleInfo (RoleInfo.java:updateAndGet(143)) - 3d3aac8b-d4d1-454d-bf0c-88a180692893: start FollowerState
2019-10-18 07:54:28,256 [4b487190-7547-40c7-b780-43c37a89e8eb@group-BAC069DAEF17-LeaderElection210] INFO  impl.LeaderElection (LeaderElection.java:logAndReturn(56)) - 4b487190-7547-40c7-b780-43c37a89e8eb@group-BAC069DAEF17-LeaderElection210: Election REJECTED; received 2 response(s) [4b487190-7547-40c7-b780-43c37a89e8eb<-6fa005cd-25d6-4e29-bda6-9462a060c098#0:FAIL-t221, 4b487190-7547-40c7-b780-43c37a89e8eb<-3d3aac8b-d4d1-454d-bf0c-88a180692893#0:FAIL-t221] and 0 exception(s); 4b487190-7547-40c7-b780-43c37a89e8eb@group-BAC069DAEF17:t221, leader=null, voted=4b487190-7547-40c7-b780-43c37a89e8eb, raftlog=4b487190-7547-40c7-b780-43c37a89e8eb@group-BAC069DAEF17-SegmentedRaftLog:OPENED:c-1,f-1,i0, conf=-1: [6fa005cd-25d6-4e29-bda6-9462a060c098:192.168.69.67:36093, 4b487190-7547-40c7-b780-43c37a89e8eb:192.168.69.67:39683, 3d3aac8b-d4d1-454d-bf0c-88a180692893:192.168.69.67:34429], old=null
2019-10-18 07:54:28,256 [4b487190-7547-40c7-b780-43c37a89e8eb@group-BAC069DAEF17-LeaderElection210] INFO  impl.RaftServerImpl (RaftServerImpl.java:setRole(184)) - 4b487190-7547-40c7-b780-43c37a89e8eb@group-BAC069DAEF17: changes role from CANDIDATE to FOLLOWER at term 221 for DISCOVERED_A_NEW_TERM
2019-10-18 07:54:28,256 [4b487190-7547-40c7-b780-43c37a89e8eb@group-BAC069DAEF17-LeaderElection210] INFO  impl.RoleInfo (RoleInfo.java:shutdownLeaderElection(134)) - 4b487190-7547-40c7-b780-43c37a89e8eb: shutdown LeaderElection
2019-10-18 07:54:28,257 [4b487190-7547-40c7-b780-43c37a89e8eb@group-BAC069DAEF17-LeaderElection210] INFO  impl.RoleInfo (RoleInfo.java:updateAndGet(143)) - 4b487190-7547-40c7-b780-43c37a89e8eb: start FollowerState
2019-10-18 07:54:28,342 [Thread-1712] INFO  impl.FollowerState (FollowerState.java:run(108)) - 4b487190-7547-40c7-b780-43c37a89e8eb@group-BAC069DAEF17-FollowerState: change to CANDIDATE, lastRpcTime:85ms, electionTimeout:85ms
2019-10-18 07:54:28,342 [Thread-1712] INFO  impl.RoleInfo (RoleInfo.java:shutdownFollowerState(121)) - 4b487190-7547-40c7-b780-43c37a89e8eb: shutdown FollowerState
2019-10-18 07:54:28,342 [Thread-1712] INFO  impl.RaftServerImpl (RaftServerImpl.java:setRole(184)) - 4b487190-7547-40c7-b780-43c37a89e8eb@group-BAC069DAEF17: changes role from  FOLLOWER to CANDIDATE at term 221 for changeToCandidate
2019-10-18 07:54:28,342 [Thread-1712] INFO  impl.RoleInfo (RoleInfo.java:updateAndGet(143)) - 4b487190-7547-40c7-b780-43c37a89e8eb: start LeaderElection
2019-10-18 07:54:28,364 [4b487190-7547-40c7-b780-43c37a89e8eb@group-BAC069DAEF17-LeaderElection211] INFO  impl.LeaderElection (LeaderElection.java:askForVotes(178)) - 4b487190-7547-40c7-b780-43c37a89e8eb@group-BAC069DAEF17-LeaderElection211: begin an election at term 222 for -1: [6fa005cd-25d6-4e29-bda6-9462a060c098:192.168.69.67:36093, 4b487190-7547-40c7-b780-43c37a89e8eb:192.168.69.67:39683, 3d3aac8b-d4d1-454d-bf0c-88a180692893:192.168.69.67:34429], old=null
2019-10-18 07:54:28,367 [grpc-default-executor-0] INFO  impl.RaftServerImpl (RaftServerImpl.java:setRole(184)) - 6fa005cd-25d6-4e29-bda6-9462a060c098@group-BAC069DAEF17: changes role from  FOLLOWER to FOLLOWER at term 222 for recognizeCandidate:4b487190-7547-40c7-b780-43c37a89e8eb
2019-10-18 07:54:28,367 [grpc-default-executor-6] INFO  impl.RaftServerImpl (RaftServerImpl.java:setRole(184)) - 3d3aac8b-d4d1-454d-bf0c-88a180692893@group-BAC069DAEF17: changes role from  FOLLOWER to FOLLOWER at term 222 for recognizeCandidate:4b487190-7547-40c7-b780-43c37a89e8eb
2019-10-18 07:54:28,367 [grpc-default-executor-0] INFO  impl.RoleInfo (RoleInfo.java:shutdownFollowerState(121)) - 6fa005cd-25d6-4e29-bda6-9462a060c098: shutdown FollowerState
2019-10-18 07:54:28,367 [grpc-default-executor-6] INFO  impl.RoleInfo (RoleInfo.java:shutdownFollowerState(121)) - 3d3aac8b-d4d1-454d-bf0c-88a180692893: shutdown FollowerState
2019-10-18 07:54:28,367 [Thread-1710] INFO  impl.FollowerState (FollowerState.java:run(117)) - 6fa005cd-25d6-4e29-bda6-9462a060c098@group-BAC069DAEF17-FollowerState was interrupted: java.lang.InterruptedException: sleep interrupted
2019-10-18 07:54:28,367 [grpc-default-executor-0] INFO  impl.RoleInfo (RoleInfo.java:updateAndGet(143)) - 6fa005cd-25d6-4e29-bda6-9462a060c098: start FollowerState
2019-10-18 07:54:28,368 [Thread-1711] INFO  impl.FollowerState (FollowerState.java:run(117)) - 3d3aac8b-d4d1-454d-bf0c-88a180692893@group-BAC069DAEF17-FollowerState was interrupted: java.lang.InterruptedException: sleep interrupted
2019-10-18 07:54:28,367 [grpc-default-executor-6] INFO  impl.RoleInfo (RoleInfo.java:updateAndGet(143)) - 3d3aac8b-d4d1-454d-bf0c-88a180692893: start FollowerState
2019-10-18 07:54:28,382 [4b487190-7547-40c7-b780-43c37a89e8eb@group-BAC069DAEF17-LeaderElection211] INFO  impl.LeaderElection (LeaderElection.java:logAndReturn(56)) - 4b487190-7547-40c7-b780-43c37a89e8eb@group-BAC069DAEF17-LeaderElection211: Election REJECTED; received 2 response(s) [4b487190-7547-40c7-b780-43c37a89e8eb<-6fa005cd-25d6-4e29-bda6-9462a060c098#0:FAIL-t222, 4b487190-7547-40c7-b780-43c37a89e8eb<-3d3aac8b-d4d1-454d-bf0c-88a180692893#0:FAIL-t222] and 0 exception(s); 4b487190-7547-40c7-b780-43c37a89e8eb@group-BAC069DAEF17:t222, leader=null, voted=4b487190-7547-40c7-b780-43c37a89e8eb, raftlog=4b487190-7547-40c7-b780-43c37a89e8eb@group-BAC069DAEF17-SegmentedRaftLog:OPENED:c-1,f-1,i0, conf=-1: [6fa005cd-25d6-4e29-bda6-9462a060c098:192.168.69.67:36093, 4b487190-7547-40c7-b780-43c37a89e8eb:192.168.69.67:39683, 3d3aac8b-d4d1-454d-bf0c-88a180692893:192.168.69.67:34429], old=null
2019-10-18 07:54:28,382 [4b487190-7547-40c7-b780-43c37a89e8eb@group-BAC069DAEF17-LeaderElection211] INFO  impl.RaftServerImpl (RaftServerImpl.java:setRole(184)) - 4b487190-7547-40c7-b780-43c37a89e8eb@group-BAC069DAEF17: changes role from CANDIDATE to FOLLOWER at term 222 for DISCOVERED_A_NEW_TERM
2019-10-18 07:54:28,382 [4b487190-7547-40c7-b780-43c37a89e8eb@group-BAC069DAEF17-LeaderElection211] INFO  impl.RoleInfo (RoleInfo.java:shutdownLeaderElection(134)) - 4b487190-7547-40c7-b780-43c37a89e8eb: shutdown LeaderElection
2019-10-18 07:54:28,382 [4b487190-7547-40c7-b780-43c37a89e8eb@group-BAC069DAEF17-LeaderElection211] INFO  impl.RoleInfo (RoleInfo.java:updateAndGet(143)) - 4b487190-7547-40c7-b780-43c37a89e8eb: start FollowerState
2019-10-18 07:54:28,441 [Thread-1718] INFO  impl.FollowerState (FollowerState.java:run(108)) - 4b487190-7547-40c7-b780-43c37a89e8eb@group-BAC069DAEF17-FollowerState: change to CANDIDATE, lastRpcTime:58ms, electionTimeout:58ms
2019-10-18 07:54:28,441 [Thread-1718] INFO  impl.RoleInfo (RoleInfo.java:shutdownFollowerState(121)) - 4b487190-7547-40c7-b780-43c37a89e8eb: shutdown FollowerState
2019-10-18 07:54:28,441 [Thread-1718] INFO  impl.RaftServerImpl (RaftServerImpl.java:setRole(184)) - 4b487190-7547-40c7-b780-43c37a89e8eb@group-BAC069DAEF17: changes role from  FOLLOWER to CANDIDATE at term 222 for changeToCandidate
2019-10-18 07:54:28,441 [Thread-1718] INFO  impl.RoleInfo (RoleInfo.java:updateAndGet(143)) - 4b487190-7547-40c7-b780-43c37a89e8eb: start LeaderElection
2019-10-18 07:54:28,455 [4b487190-7547-40c7-b780-43c37a89e8eb@group-BAC069DAEF17-LeaderElection212] INFO  impl.LeaderElection (LeaderElection.java:askForVotes(178)) - 4b487190-7547-40c7-b780-43c37a89e8eb@group-BAC069DAEF17-LeaderElection212: begin an election at term 223 for -1: [6fa005cd-25d6-4e29-bda6-9462a060c098:192.168.69.67:36093, 4b487190-7547-40c7-b780-43c37a89e8eb:192.168.69.67:39683, 3d3aac8b-d4d1-454d-bf0c-88a180692893:192.168.69.67:34429], old=null
2019-10-18 07:54:28,457 [grpc-default-executor-6] INFO  impl.RaftServerImpl (RaftServerImpl.java:setRole(184)) - 6fa005cd-25d6-4e29-bda6-9462a060c098@group-BAC069DAEF17: changes role from  FOLLOWER to FOLLOWER at term 223 for recognizeCandidate:4b487190-7547-40c7-b780-43c37a89e8eb
2019-10-18 07:54:28,458 [grpc-default-executor-0] INFO  impl.RaftServerImpl (RaftServerImpl.java:setRole(184)) - 3d3aac8b-d4d1-454d-bf0c-88a180692893@group-BAC069DAEF17: changes role from  FOLLOWER to FOLLOWER at term 223 for recognizeCandidate:4b487190-7547-40c7-b780-43c37a89e8eb
2019-10-18 07:54:28,461 [grpc-default-executor-6] INFO  impl.RoleInfo (RoleInfo.java:shutdownFollowerState(121)) - 6fa005cd-25d6-4e29-bda6-9462a060c098: shutdown FollowerState
2019-10-18 07:54:28,462 [grpc-default-executor-0] INFO  impl.RoleInfo (RoleInfo.java:shutdownFollowerState(121)) - 3d3aac8b-d4d1-454d-bf0c-88a180692893: shutdown FollowerState
2019-10-18 07:54:28,462 [grpc-default-executor-6] INFO  impl.RoleInfo (RoleInfo.java:updateAndGet(143)) - 6fa005cd-25d6-4e29-bda6-9462a060c098: start FollowerState
2019-10-18 07:54:28,462 [Thread-1717] INFO  impl.FollowerState (FollowerState.java:run(117)) - 3d3aac8b-d4d1-454d-bf0c-88a180692893@group-BAC069DAEF17-FollowerState was interrupted: java.lang.InterruptedException: sleep interrupted
2019-10-18 07:54:28,462 [grpc-default-executor-0] INFO  impl.RoleInfo (RoleInfo.java:updateAndGet(143)) - 3d3aac8b-d4d1-454d-bf0c-88a180692893: start FollowerState
2019-10-18 07:54:28,462 [Thread-1716] INFO  impl.FollowerState (FollowerState.java:run(117)) - 6fa005cd-25d6-4e29-bda6-9462a060c098@group-BAC069DAEF17-FollowerState was interrupted: java.lang.InterruptedException: sleep interrupted
2019-10-18 07:54:28,478 [4b487190-7547-40c7-b780-43c37a89e8eb@group-BAC069DAEF17-LeaderElection212] INFO  impl.LeaderElection (LeaderElection.java:logAndReturn(56)) - 4b487190-7547-40c7-b780-43c37a89e8eb@group-BAC069DAEF17-LeaderElection212: Election REJECTED; received 2 response(s) [4b487190-7547-40c7-b780-43c37a89e8eb<-6fa005cd-25d6-4e29-bda6-9462a060c098#0:FAIL-t223, 4b487190-7547-40c7-b780-43c37a89e8eb<-3d3aac8b-d4d1-454d-bf0c-88a180692893#0:FAIL-t223] and 0 exception(s); 4b487190-7547-40c7-b780-43c37a89e8eb@group-BAC069DAEF17:t223, leader=null, voted=4b487190-7547-40c7-b780-43c37a89e8eb, raftlog=4b487190-7547-40c7-b780-43c37a89e8eb@group-BAC069DAEF17-SegmentedRaftLog:OPENED:c-1,f-1,i0, conf=-1: [6fa005cd-25d6-4e29-bda6-9462a060c098:192.168.69.67:36093, 4b487190-7547-40c7-b780-43c37a89e8eb:192.168.69.67:39683, 3d3aac8b-d4d1-454d-bf0c-88a180692893:192.168.69.67:34429], old=null
2019-10-18 07:54:28,478 [4b487190-7547-40c7-b780-43c37a89e8eb@group-BAC069DAEF17-LeaderElection212] INFO  impl.RaftServerImpl (RaftServerImpl.java:setRole(184)) - 4b487190-7547-40c7-b780-43c37a89e8eb@group-BAC069DAEF17: changes role from CANDIDATE to FOLLOWER at term 223 for DISCOVERED_A_NEW_TERM
2019-10-18 07:54:28,478 [4b487190-7547-40c7-b780-43c37a89e8eb@group-BAC069DAEF17-LeaderElection212] INFO  impl.RoleInfo (RoleInfo.java:shutdownLeaderElection(134)) - 4b487190-7547-40c7-b780-43c37a89e8eb: shutdown LeaderElection
2019-10-18 07:54:28,479 [4b487190-7547-40c7-b780-43c37a89e8eb@group-BAC069DAEF17-LeaderElection212] INFO  impl.RoleInfo (RoleInfo.java:updateAndGet(143)) - 4b487190-7547-40c7-b780-43c37a89e8eb: start FollowerState
2019-10-18 07:54:28,618 [Thread-1724] INFO  impl.FollowerState (FollowerState.java:run(108)) - 4b487190-7547-40c7-b780-43c37a89e8eb@group-BAC069DAEF17-FollowerState: change to CANDIDATE, lastRpcTime:139ms, electionTimeout:139ms
2019-10-18 07:54:28,618 [Thread-1724] INFO  impl.RoleInfo (RoleInfo.java:shutdownFollowerState(121)) - 4b487190-7547-40c7-b780-43c37a89e8eb: shutdown FollowerState
2019-10-18 07:54:28,618 [Thread-1724] INFO  impl.RaftServerImpl (RaftServerImpl.java:setRole(184)) - 4b487190-7547-40c7-b780-43c37a89e8eb@group-BAC069DAEF17: changes role from  FOLLOWER to CANDIDATE at term 223 for changeToCandidate
2019-10-18 07:54:28,618 [Thread-1724] INFO  impl.RoleInfo (RoleInfo.java:updateAndGet(143)) - 4b487190-7547-40c7-b780-43c37a89e8eb: start LeaderElection
2019-10-18 07:54:28,632 [4b487190-7547-40c7-b780-43c37a89e8eb@group-BAC069DAEF17-LeaderElection213] INFO  impl.LeaderElection (LeaderElection.java:askForVotes(178)) - 4b487190-7547-40c7-b780-43c37a89e8eb@group-BAC069DAEF17-LeaderElection213: begin an election at term 224 for -1: [6fa005cd-25d6-4e29-bda6-9462a060c098:192.168.69.67:36093, 4b487190-7547-40c7-b780-43c37a89e8eb:192.168.69.67:39683, 3d3aac8b-d4d1-454d-bf0c-88a180692893:192.168.69.67:34429], old=null
2019-10-18 07:54:28,634 [grpc-default-executor-6] INFO  impl.RaftServerImpl (RaftServerImpl.java:setRole(184)) - 6fa005cd-25d6-4e29-bda6-9462a060c098@group-BAC069DAEF17: changes role from  FOLLOWER to FOLLOWER at term 224 for recognizeCandidate:4b487190-7547-40c7-b780-43c37a89e8eb
2019-10-18 07:54:28,635 [grpc-default-executor-6] INFO  impl.RoleInfo (RoleInfo.java:shutdownFollowerState(121)) - 6fa005cd-25d6-4e29-bda6-9462a060c098: shutdown FollowerState
2019-10-18 07:54:28,635 [grpc-default-executor-6] INFO  impl.RoleInfo (RoleInfo.java:updateAndGet(143)) - 6fa005cd-25d6-4e29-bda6-9462a060c098: start FollowerState
2019-10-18 07:54:28,635 [Thread-1722] INFO  impl.FollowerState (FollowerState.java:run(117)) - 6fa005cd-25d6-4e29-bda6-9462a060c098@group-BAC069DAEF17-FollowerState was interrupted: java.lang.InterruptedException: sleep interrupted
2019-10-18 07:54:28,635 [grpc-default-executor-0] INFO  impl.RaftServerImpl (RaftServerImpl.java:setRole(184)) - 3d3aac8b-d4d1-454d-bf0c-88a180692893@group-BAC069DAEF17: changes role from  FOLLOWER to FOLLOWER at term 224 for recognizeCandidate:4b487190-7547-40c7-b780-43c37a89e8eb
2019-10-18 07:54:28,635 [grpc-default-executor-0] INFO  impl.RoleInfo (RoleInfo.java:shutdownFollowerState(121)) - 3d3aac8b-d4d1-454d-bf0c-88a180692893: shutdown FollowerState
2019-10-18 07:54:28,635 [grpc-default-executor-0] INFO  impl.RoleInfo (RoleInfo.java:updateAndGet(143)) - 3d3aac8b-d4d1-454d-bf0c-88a180692893: start FollowerState
2019-10-18 07:54:28,635 [Thread-1723] INFO  impl.FollowerState (FollowerState.java:run(117)) - 3d3aac8b-d4d1-454d-bf0c-88a180692893@group-BAC069DAEF17-FollowerState was interrupted: java.lang.InterruptedException: sleep interrupted
2019-10-18 07:54:28,653 [4b487190-7547-40c7-b780-43c37a89e8eb@group-BAC069DAEF17-LeaderElection213] INFO  impl.LeaderElection (LeaderElection.java:logAndReturn(56)) - 4b487190-7547-40c7-b780-43c37a89e8eb@group-BAC069DAEF17-LeaderElection213: Election REJECTED; received 2 response(s) [4b487190-7547-40c7-b780-43c37a89e8eb<-6fa005cd-25d6-4e29-bda6-9462a060c098#0:FAIL-t224, 4b487190-7547-40c7-b780-43c37a89e8eb<-3d3aac8b-d4d1-454d-bf0c-88a180692893#0:FAIL-t224] and 0 exception(s); 4b487190-7547-40c7-b780-43c37a89e8eb@group-BAC069DAEF17:t224, leader=null, voted=4b487190-7547-40c7-b780-43c37a89e8eb, raftlog=4b487190-7547-40c7-b780-43c37a89e8eb@group-BAC069DAEF17-SegmentedRaftLog:OPENED:c-1,f-1,i0, conf=-1: [6fa005cd-25d6-4e29-bda6-9462a060c098:192.168.69.67:36093, 4b487190-7547-40c7-b780-43c37a89e8eb:192.168.69.67:39683, 3d3aac8b-d4d1-454d-bf0c-88a180692893:192.168.69.67:34429], old=null
2019-10-18 07:54:28,653 [4b487190-7547-40c7-b780-43c37a89e8eb@group-BAC069DAEF17-LeaderElection213] INFO  impl.RaftServerImpl (RaftServerImpl.java:setRole(184)) - 4b487190-7547-40c7-b780-43c37a89e8eb@group-BAC069DAEF17: changes role from CANDIDATE to FOLLOWER at term 224 for DISCOVERED_A_NEW_TERM
2019-10-18 07:54:28,653 [4b487190-7547-40c7-b780-43c37a89e8eb@group-BAC069DAEF17-LeaderElection213] INFO  impl.RoleInfo (RoleInfo.java:shutdownLeaderElection(134)) - 4b487190-7547-40c7-b780-43c37a89e8eb: shutdown LeaderElection
2019-10-18 07:54:28,654 [4b487190-7547-40c7-b780-43c37a89e8eb@group-BAC069DAEF17-LeaderElection213] INFO  impl.RoleInfo (RoleInfo.java:updateAndGet(143)) - 4b487190-7547-40c7-b780-43c37a89e8eb: start FollowerState
2019-10-18 07:54:28,738 [Thread-1730] INFO  impl.FollowerState (FollowerState.java:run(108)) - 4b487190-7547-40c7-b780-43c37a89e8eb@group-BAC069DAEF17-FollowerState: change to CANDIDATE, lastRpcTime:84ms, electionTimeout:84ms
2019-10-18 07:54:28,738 [Thread-1730] INFO  impl.RoleInfo (RoleInfo.java:shutdownFollowerState(121)) - 4b487190-7547-40c7-b780-43c37a89e8eb: shutdown FollowerState
2019-10-18 07:54:28,738 [Thread-1730] INFO  impl.RaftServerImpl (RaftServerImpl.java:setRole(184)) - 4b487190-7547-40c7-b780-43c37a89e8eb@group-BAC069DAEF17: changes role from  FOLLOWER to CANDIDATE at term 224 for changeToCandidate
2019-10-18 07:54:28,738 [Thread-1730] INFO  impl.RoleInfo (RoleInfo.java:updateAndGet(143)) - 4b487190-7547-40c7-b780-43c37a89e8eb: start LeaderElection
2019-10-18 07:54:28,764 [4b487190-7547-40c7-b780-43c37a89e8eb@group-BAC069DAEF17-LeaderElection214] INFO  impl.LeaderElection (LeaderElection.java:askForVotes(178)) - 4b487190-7547-40c7-b780-43c37a89e8eb@group-BAC069DAEF17-LeaderElection214: begin an election at term 225 for -1: [6fa005cd-25d6-4e29-bda6-9462a060c098:192.168.69.67:36093, 4b487190-7547-40c7-b780-43c37a89e8eb:192.168.69.67:39683, 3d3aac8b-d4d1-454d-bf0c-88a180692893:192.168.69.67:34429], old=null
2019-10-18 07:54:28,766 [grpc-default-executor-0] INFO  impl.RaftServerImpl (RaftServerImpl.java:setRole(184)) - 6fa005cd-25d6-4e29-bda6-9462a060c098@group-BAC069DAEF17: changes role from  FOLLOWER to FOLLOWER at term 225 for recognizeCandidate:4b487190-7547-40c7-b780-43c37a89e8eb
2019-10-18 07:54:28,766 [grpc-default-executor-0] INFO  impl.RoleInfo (RoleInfo.java:shutdownFollowerState(121)) - 6fa005cd-25d6-4e29-bda6-9462a060c098: shutdown FollowerState
2019-10-18 07:54:28,766 [grpc-default-executor-6] INFO  impl.RaftServerImpl (RaftServerImpl.java:setRole(184)) - 3d3aac8b-d4d1-454d-bf0c-88a180692893@group-BAC069DAEF17: changes role from  FOLLOWER to FOLLOWER at term 225 for recognizeCandidate:4b487190-7547-40c7-b780-43c37a89e8eb
2019-10-18 07:54:28,766 [grpc-default-executor-0] INFO  impl.RoleInfo (RoleInfo.java:updateAndGet(143)) - 6fa005cd-25d6-4e29-bda6-9462a060c098: start FollowerState
2019-10-18 07:54:28,767 [Thread-1728] INFO  impl.FollowerState (FollowerState.java:run(117)) - 6fa005cd-25d6-4e29-bda6-9462a060c098@group-BAC069DAEF17-FollowerState was interrupted: java.lang.InterruptedException: sleep interrupted
2019-10-18 07:54:28,767 [grpc-default-executor-6] INFO  impl.RoleInfo (RoleInfo.java:shutdownFollowerState(121)) - 3d3aac8b-d4d1-454d-bf0c-88a180692893: shutdown FollowerState
2019-10-18 07:54:28,767 [grpc-default-executor-6] INFO  impl.RoleInfo (RoleInfo.java:updateAndGet(143)) - 3d3aac8b-d4d1-454d-bf0c-88a180692893: start FollowerState
2019-10-18 07:54:28,767 [Thread-1729] INFO  impl.FollowerState (FollowerState.java:run(117)) - 3d3aac8b-d4d1-454d-bf0c-88a180692893@group-BAC069DAEF17-FollowerState was interrupted: java.lang.InterruptedException: sleep interrupted
2019-10-18 07:54:28,781 [4b487190-7547-40c7-b780-43c37a89e8eb@group-BAC069DAEF17-LeaderElection214] INFO  impl.LeaderElection (LeaderElection.java:logAndReturn(56)) - 4b487190-7547-40c7-b780-43c37a89e8eb@group-BAC069DAEF17-LeaderElection214: Election REJECTED; received 2 response(s) [4b487190-7547-40c7-b780-43c37a89e8eb<-6fa005cd-25d6-4e29-bda6-9462a060c098#0:FAIL-t225, 4b487190-7547-40c7-b780-43c37a89e8eb<-3d3aac8b-d4d1-454d-bf0c-88a180692893#0:FAIL-t225] and 0 exception(s); 4b487190-7547-40c7-b780-43c37a89e8eb@group-BAC069DAEF17:t225, leader=null, voted=4b487190-7547-40c7-b780-43c37a89e8eb, raftlog=4b487190-7547-40c7-b780-43c37a89e8eb@group-BAC069DAEF17-SegmentedRaftLog:OPENED:c-1,f-1,i0, conf=-1: [6fa005cd-25d6-4e29-bda6-9462a060c098:192.168.69.67:36093, 4b487190-7547-40c7-b780-43c37a89e8eb:192.168.69.67:39683, 3d3aac8b-d4d1-454d-bf0c-88a180692893:192.168.69.67:34429], old=null
2019-10-18 07:54:28,781 [4b487190-7547-40c7-b780-43c37a89e8eb@group-BAC069DAEF17-LeaderElection214] INFO  impl.RaftServerImpl (RaftServerImpl.java:setRole(184)) - 4b487190-7547-40c7-b780-43c37a89e8eb@group-BAC069DAEF17: changes role from CANDIDATE to FOLLOWER at term 225 for DISCOVERED_A_NEW_TERM
2019-10-18 07:54:28,781 [4b487190-7547-40c7-b780-43c37a89e8eb@group-BAC069DAEF17-LeaderElection214] INFO  impl.RoleInfo (RoleInfo.java:shutdownLeaderElection(134)) - 4b487190-7547-40c7-b780-43c37a89e8eb: shutdown LeaderElection
2019-10-18 07:54:28,781 [4b487190-7547-40c7-b780-43c37a89e8eb@group-BAC069DAEF17-LeaderElection214] INFO  impl.RoleInfo (RoleInfo.java:updateAndGet(143)) - 4b487190-7547-40c7-b780-43c37a89e8eb: start FollowerState
2019-10-18 07:54:28,962 [Thread-1736] INFO  impl.FollowerState (FollowerState.java:run(108)) - 4b487190-7547-40c7-b780-43c37a89e8eb@group-BAC069DAEF17-FollowerState: change to CANDIDATE, lastRpcTime:180ms, electionTimeout:180ms
2019-10-18 07:54:28,962 [Thread-1736] INFO  impl.RoleInfo (RoleInfo.java:shutdownFollowerState(121)) - 4b487190-7547-40c7-b780-43c37a89e8eb: shutdown FollowerState
2019-10-18 07:54:28,962 [Thread-1736] INFO  impl.RaftServerImpl (RaftServerImpl.java:setRole(184)) - 4b487190-7547-40c7-b780-43c37a89e8eb@group-BAC069DAEF17: changes role from  FOLLOWER to CANDIDATE at term 225 for changeToCandidate
2019-10-18 07:54:28,963 [Thread-1736] INFO  impl.RoleInfo (RoleInfo.java:updateAndGet(143)) - 4b487190-7547-40c7-b780-43c37a89e8eb: start LeaderElection
2019-10-18 07:54:28,988 [4b487190-7547-40c7-b780-43c37a89e8eb@group-BAC069DAEF17-LeaderElection215] INFO  impl.LeaderElection (LeaderElection.java:askForVotes(178)) - 4b487190-7547-40c7-b780-43c37a89e8eb@group-BAC069DAEF17-LeaderElection215: begin an election at term 226 for -1: [6fa005cd-25d6-4e29-bda6-9462a060c098:192.168.69.67:36093, 4b487190-7547-40c7-b780-43c37a89e8eb:192.168.69.67:39683, 3d3aac8b-d4d1-454d-bf0c-88a180692893:192.168.69.67:34429], old=null
2019-10-18 07:54:28,991 [grpc-default-executor-6] INFO  impl.RaftServerImpl (RaftServerImpl.java:setRole(184)) - 6fa005cd-25d6-4e29-bda6-9462a060c098@group-BAC069DAEF17: changes role from  FOLLOWER to FOLLOWER at term 226 for recognizeCandidate:4b487190-7547-40c7-b780-43c37a89e8eb
2019-10-18 07:54:28,991 [grpc-default-executor-0] INFO  impl.RaftServerImpl (RaftServerImpl.java:setRole(184)) - 3d3aac8b-d4d1-454d-bf0c-88a180692893@group-BAC069DAEF17: changes role from  FOLLOWER to FOLLOWER at term 226 for recognizeCandidate:4b487190-7547-40c7-b780-43c37a89e8eb
2019-10-18 07:54:28,991 [grpc-default-executor-6] INFO  impl.RoleInfo (RoleInfo.java:shutdownFollowerState(121)) - 6fa005cd-25d6-4e29-bda6-9462a060c098: shutdown FollowerState
2019-10-18 07:54:28,991 [grpc-default-executor-0] INFO  impl.RoleInfo (RoleInfo.java:shutdownFollowerState(121)) - 3d3aac8b-d4d1-454d-bf0c-88a180692893: shutdown FollowerState
2019-10-18 07:54:28,992 [Thread-1734] INFO  impl.FollowerState (FollowerState.java:run(117)) - 6fa005cd-25d6-4e29-bda6-9462a060c098@group-BAC069DAEF17-FollowerState was interrupted: java.lang.InterruptedException: sleep interrupted
2019-10-18 07:54:28,992 [grpc-default-executor-6] INFO  impl.RoleInfo (RoleInfo.java:updateAndGet(143)) - 6fa005cd-25d6-4e29-bda6-9462a060c098: start FollowerState
2019-10-18 07:54:28,992 [Thread-1735] INFO  impl.FollowerState (FollowerState.java:run(117)) - 3d3aac8b-d4d1-454d-bf0c-88a180692893@group-BAC069DAEF17-FollowerState was interrupted: java.lang.InterruptedException: sleep interrupted
2019-10-18 07:54:28,992 [grpc-default-executor-0] INFO  impl.RoleInfo (RoleInfo.java:updateAndGet(143)) - 3d3aac8b-d4d1-454d-bf0c-88a180692893: start FollowerState
2019-10-18 07:54:29,007 [4b487190-7547-40c7-b780-43c37a89e8eb@group-BAC069DAEF17-LeaderElection215] INFO  impl.LeaderElection (LeaderElection.java:logAndReturn(56)) - 4b487190-7547-40c7-b780-43c37a89e8eb@group-BAC069DAEF17-LeaderElection215: Election REJECTED; received 2 response(s) [4b487190-7547-40c7-b780-43c37a89e8eb<-6fa005cd-25d6-4e29-bda6-9462a060c098#0:FAIL-t226, 4b487190-7547-40c7-b780-43c37a89e8eb<-3d3aac8b-d4d1-454d-bf0c-88a180692893#0:FAIL-t226] and 0 exception(s); 4b487190-7547-40c7-b780-43c37a89e8eb@group-BAC069DAEF17:t226, leader=null, voted=4b487190-7547-40c7-b780-43c37a89e8eb, raftlog=4b487190-7547-40c7-b780-43c37a89e8eb@group-BAC069DAEF17-SegmentedRaftLog:OPENED:c-1,f-1,i0, conf=-1: [6fa005cd-25d6-4e29-bda6-9462a060c098:192.168.69.67:36093, 4b487190-7547-40c7-b780-43c37a89e8eb:192.168.69.67:39683, 3d3aac8b-d4d1-454d-bf0c-88a180692893:192.168.69.67:34429], old=null
2019-10-18 07:54:29,007 [4b487190-7547-40c7-b780-43c37a89e8eb@group-BAC069DAEF17-LeaderElection215] INFO  impl.RaftServerImpl (RaftServerImpl.java:setRole(184)) - 4b487190-7547-40c7-b780-43c37a89e8eb@group-BAC069DAEF17: changes role from CANDIDATE to FOLLOWER at term 226 for DISCOVERED_A_NEW_TERM
2019-10-18 07:54:29,007 [4b487190-7547-40c7-b780-43c37a89e8eb@group-BAC069DAEF17-LeaderElection215] INFO  impl.RoleInfo (RoleInfo.java:shutdownLeaderElection(134)) - 4b487190-7547-40c7-b780-43c37a89e8eb: shutdown LeaderElection
2019-10-18 07:54:29,007 [4b487190-7547-40c7-b780-43c37a89e8eb@group-BAC069DAEF17-LeaderElection215] INFO  impl.RoleInfo (RoleInfo.java:updateAndGet(143)) - 4b487190-7547-40c7-b780-43c37a89e8eb: start FollowerState
2019-10-18 07:54:29,064 [Thread-1742] INFO  impl.FollowerState (FollowerState.java:run(108)) - 4b487190-7547-40c7-b780-43c37a89e8eb@group-BAC069DAEF17-FollowerState: change to CANDIDATE, lastRpcTime:56ms, electionTimeout:56ms
2019-10-18 07:54:29,064 [Thread-1742] INFO  impl.RoleInfo (RoleInfo.java:shutdownFollowerState(121)) - 4b487190-7547-40c7-b780-43c37a89e8eb: shutdown FollowerState
2019-10-18 07:54:29,064 [Thread-1742] INFO  impl.RaftServerImpl (RaftServerImpl.java:setRole(184)) - 4b487190-7547-40c7-b780-43c37a89e8eb@group-BAC069DAEF17: changes role from  FOLLOWER to CANDIDATE at term 226 for changeToCandidate
2019-10-18 07:54:29,064 [Thread-1742] INFO  impl.RoleInfo (RoleInfo.java:updateAndGet(143)) - 4b487190-7547-40c7-b780-43c37a89e8eb: start LeaderElection
2019-10-18 07:54:29,078 [4b487190-7547-40c7-b780-43c37a89e8eb@group-BAC069DAEF17-LeaderElection216] INFO  impl.LeaderElection (LeaderElection.java:askForVotes(178)) - 4b487190-7547-40c7-b780-43c37a89e8eb@group-BAC069DAEF17-LeaderElection216: begin an election at term 227 for -1: [6fa005cd-25d6-4e29-bda6-9462a060c098:192.168.69.67:36093, 4b487190-7547-40c7-b780-43c37a89e8eb:192.168.69.67:39683, 3d3aac8b-d4d1-454d-bf0c-88a180692893:192.168.69.67:34429], old=null
2019-10-18 07:54:29,080 [grpc-default-executor-0] INFO  impl.RaftServerImpl (RaftServerImpl.java:setRole(184)) - 6fa005cd-25d6-4e29-bda6-9462a060c098@group-BAC069DAEF17: changes role from  FOLLOWER to FOLLOWER at term 227 for recognizeCandidate:4b487190-7547-40c7-b780-43c37a89e8eb
2019-10-18 07:54:29,080 [grpc-default-executor-0] INFO  impl.RoleInfo (RoleInfo.java:shutdownFollowerState(121)) - 6fa005cd-25d6-4e29-bda6-9462a060c098: shutdown FollowerState
2019-10-18 07:54:29,080 [grpc-default-executor-6] INFO  impl.RaftServerImpl (RaftServerImpl.java:setRole(184)) - 3d3aac8b-d4d1-454d-bf0c-88a180692893@group-BAC069DAEF17: changes role from  FOLLOWER to FOLLOWER at term 227 for recognizeCandidate:4b487190-7547-40c7-b780-43c37a89e8eb
2019-10-18 07:54:29,081 [grpc-default-executor-6] INFO  impl.RoleInfo (RoleInfo.java:shutdownFollowerState(121)) - 3d3aac8b-d4d1-454d-bf0c-88a180692893: shutdown FollowerState
2019-10-18 07:54:29,081 [Thread-1740] INFO  impl.FollowerState (FollowerState.java:run(117)) - 6fa005cd-25d6-4e29-bda6-9462a060c098@group-BAC069DAEF17-FollowerState was interrupted: java.lang.InterruptedException: sleep interrupted
2019-10-18 07:54:29,081 [grpc-default-executor-0] INFO  impl.RoleInfo (RoleInfo.java:updateAndGet(143)) - 6fa005cd-25d6-4e29-bda6-9462a060c098: start FollowerState
2019-10-18 07:54:29,081 [Thread-1741] INFO  impl.FollowerState (FollowerState.java:run(117)) - 3d3aac8b-d4d1-454d-bf0c-88a180692893@group-BAC069DAEF17-FollowerState was interrupted: java.lang.InterruptedException: sleep interrupted
2019-10-18 07:54:29,081 [grpc-default-executor-6] INFO  impl.RoleInfo (RoleInfo.java:updateAndGet(143)) - 3d3aac8b-d4d1-454d-bf0c-88a180692893: start FollowerState
2019-10-18 07:54:29,096 [4b487190-7547-40c7-b780-43c37a89e8eb@group-BAC069DAEF17-LeaderElection216] INFO  impl.LeaderElection (LeaderElection.java:logAndReturn(56)) - 4b487190-7547-40c7-b780-43c37a89e8eb@group-BAC069DAEF17-LeaderElection216: Election REJECTED; received 2 response(s) [4b487190-7547-40c7-b780-43c37a89e8eb<-6fa005cd-25d6-4e29-bda6-9462a060c098#0:FAIL-t227, 4b487190-7547-40c7-b780-43c37a89e8eb<-3d3aac8b-d4d1-454d-bf0c-88a180692893#0:FAIL-t227] and 0 exception(s); 4b487190-7547-40c7-b780-43c37a89e8eb@group-BAC069DAEF17:t227, leader=null, voted=4b487190-7547-40c7-b780-43c37a89e8eb, raftlog=4b487190-7547-40c7-b780-43c37a89e8eb@group-BAC069DAEF17-SegmentedRaftLog:OPENED:c-1,f-1,i0, conf=-1: [6fa005cd-25d6-4e29-bda6-9462a060c098:192.168.69.67:36093, 4b487190-7547-40c7-b780-43c37a89e8eb:192.168.69.67:39683, 3d3aac8b-d4d1-454d-bf0c-88a180692893:192.168.69.67:34429], old=null
2019-10-18 07:54:29,096 [4b487190-7547-40c7-b780-43c37a89e8eb@group-BAC069DAEF17-LeaderElection216] INFO  impl.RaftServerImpl (RaftServerImpl.java:setRole(184)) - 4b487190-7547-40c7-b780-43c37a89e8eb@group-BAC069DAEF17: changes role from CANDIDATE to FOLLOWER at term 227 for DISCOVERED_A_NEW_TERM
2019-10-18 07:54:29,097 [4b487190-7547-40c7-b780-43c37a89e8eb@group-BAC069DAEF17-LeaderElection216] INFO  impl.RoleInfo (RoleInfo.java:shutdownLeaderElection(134)) - 4b487190-7547-40c7-b780-43c37a89e8eb: shutdown LeaderElection
2019-10-18 07:54:29,097 [4b487190-7547-40c7-b780-43c37a89e8eb@group-BAC069DAEF17-LeaderElection216] INFO  impl.RoleInfo (RoleInfo.java:updateAndGet(143)) - 4b487190-7547-40c7-b780-43c37a89e8eb: start FollowerState
2019-10-18 07:54:29,283 [Thread-1748] INFO  impl.FollowerState (FollowerState.java:run(108)) - 4b487190-7547-40c7-b780-43c37a89e8eb@group-BAC069DAEF17-FollowerState: change to CANDIDATE, lastRpcTime:186ms, electionTimeout:186ms
2019-10-18 07:54:29,284 [Thread-1748] INFO  impl.RoleInfo (RoleInfo.java:shutdownFollowerState(121)) - 4b487190-7547-40c7-b780-43c37a89e8eb: shutdown FollowerState
2019-10-18 07:54:29,284 [Thread-1748] INFO  impl.RaftServerImpl (RaftServerImpl.java:setRole(184)) - 4b487190-7547-40c7-b780-43c37a89e8eb@group-BAC069DAEF17: changes role from  FOLLOWER to CANDIDATE at term 227 for changeToCandidate
2019-10-18 07:54:29,284 [Thread-1748] INFO  impl.RoleInfo (RoleInfo.java:updateAndGet(143)) - 4b487190-7547-40c7-b780-43c37a89e8eb: start LeaderElection
2019-10-18 07:54:29,297 [4b487190-7547-40c7-b780-43c37a89e8eb@group-BAC069DAEF17-LeaderElection217] INFO  impl.LeaderElection (LeaderElection.java:askForVotes(178)) - 4b487190-7547-40c7-b780-43c37a89e8eb@group-BAC069DAEF17-LeaderElection217: begin an election at term 228 for -1: [6fa005cd-25d6-4e29-bda6-9462a060c098:192.168.69.67:36093, 4b487190-7547-40c7-b780-43c37a89e8eb:192.168.69.67:39683, 3d3aac8b-d4d1-454d-bf0c-88a180692893:192.168.69.67:34429], old=null
2019-10-18 07:54:29,300 [grpc-default-executor-6] INFO  impl.RaftServerImpl (RaftServerImpl.java:setRole(184)) - 6fa005cd-25d6-4e29-bda6-9462a060c098@group-BAC069DAEF17: changes role from  FOLLOWER to FOLLOWER at term 228 for recognizeCandidate:4b487190-7547-40c7-b780-43c37a89e8eb
2019-10-18 07:54:29,300 [grpc-default-executor-6] INFO  impl.RoleInfo (RoleInfo.java:shutdownFollowerState(121)) - 6fa005cd-25d6-4e29-bda6-9462a060c098: shutdown FollowerState
2019-10-18 07:54:29,300 [grpc-default-executor-0] INFO  impl.RaftServerImpl (RaftServerImpl.java:setRole(184)) - 3d3aac8b-d4d1-454d-bf0c-88a180692893@group-BAC069DAEF17: changes role from  FOLLOWER to FOLLOWER at term 228 for recognizeCandidate:4b487190-7547-40c7-b780-43c37a89e8eb
2019-10-18 07:54:29,300 [grpc-default-executor-6] INFO  impl.RoleInfo (RoleInfo.java:updateAndGet(143)) - 6fa005cd-25d6-4e29-bda6-9462a060c098: start FollowerState
2019-10-18 07:54:29,300 [Thread-1746] INFO  impl.FollowerState (FollowerState.java:run(117)) - 6fa005cd-25d6-4e29-bda6-9462a060c098@group-BAC069DAEF17-FollowerState was interrupted: java.lang.InterruptedException: sleep interrupted
2019-10-18 07:54:29,300 [grpc-default-executor-0] INFO  impl.RoleInfo (RoleInfo.java:shutdownFollowerState(121)) - 3d3aac8b-d4d1-454d-bf0c-88a180692893: shutdown FollowerState
2019-10-18 07:54:29,301 [grpc-default-executor-0] INFO  impl.RoleInfo (RoleInfo.java:updateAndGet(143)) - 3d3aac8b-d4d1-454d-bf0c-88a180692893: start FollowerState
2019-10-18 07:54:29,301 [Thread-1747] INFO  impl.FollowerState (FollowerState.java:run(117)) - 3d3aac8b-d4d1-454d-bf0c-88a180692893@group-BAC069DAEF17-FollowerState was interrupted: java.lang.InterruptedException: sleep interrupted
2019-10-18 07:54:29,315 [4b487190-7547-40c7-b780-43c37a89e8eb@group-BAC069DAEF17-LeaderElection217] INFO  impl.LeaderElection (LeaderElection.java:logAndReturn(56)) - 4b487190-7547-40c7-b780-43c37a89e8eb@group-BAC069DAEF17-LeaderElection217: Election REJECTED; received 2 response(s) [4b487190-7547-40c7-b780-43c37a89e8eb<-6fa005cd-25d6-4e29-bda6-9462a060c098#0:FAIL-t228, 4b487190-7547-40c7-b780-43c37a89e8eb<-3d3aac8b-d4d1-454d-bf0c-88a180692893#0:FAIL-t228] and 0 exception(s); 4b487190-7547-40c7-b780-43c37a89e8eb@group-BAC069DAEF17:t228, leader=null, voted=4b487190-7547-40c7-b780-43c37a89e8eb, raftlog=4b487190-7547-40c7-b780-43c37a89e8eb@group-BAC069DAEF17-SegmentedRaftLog:OPENED:c-1,f-1,i0, conf=-1: [6fa005cd-25d6-4e29-bda6-9462a060c098:192.168.69.67:36093, 4b487190-7547-40c7-b780-43c37a89e8eb:192.168.69.67:39683, 3d3aac8b-d4d1-454d-bf0c-88a180692893:192.168.69.67:34429], old=null
2019-10-18 07:54:29,315 [4b487190-7547-40c7-b780-43c37a89e8eb@group-BAC069DAEF17-LeaderElection217] INFO  impl.RaftServerImpl (RaftServerImpl.java:setRole(184)) - 4b487190-7547-40c7-b780-43c37a89e8eb@group-BAC069DAEF17: changes role from CANDIDATE to FOLLOWER at term 228 for DISCOVERED_A_NEW_TERM
2019-10-18 07:54:29,315 [4b487190-7547-40c7-b780-43c37a89e8eb@group-BAC069DAEF17-LeaderElection217] INFO  impl.RoleInfo (RoleInfo.java:shutdownLeaderElection(134)) - 4b487190-7547-40c7-b780-43c37a89e8eb: shutdown LeaderElection
2019-10-18 07:54:29,316 [4b487190-7547-40c7-b780-43c37a89e8eb@group-BAC069DAEF17-LeaderElection217] INFO  impl.RoleInfo (RoleInfo.java:updateAndGet(143)) - 4b487190-7547-40c7-b780-43c37a89e8eb: start FollowerState
2019-10-18 07:54:29,482 [Thread-1754] INFO  impl.FollowerState (FollowerState.java:run(108)) - 4b487190-7547-40c7-b780-43c37a89e8eb@group-BAC069DAEF17-FollowerState: change to CANDIDATE, lastRpcTime:166ms, electionTimeout:166ms
2019-10-18 07:54:29,482 [Thread-1754] INFO  impl.RoleInfo (RoleInfo.java:shutdownFollowerState(121)) - 4b487190-7547-40c7-b780-43c37a89e8eb: shutdown FollowerState
2019-10-18 07:54:29,482 [Thread-1754] INFO  impl.RaftServerImpl (RaftServerImpl.java:setRole(184)) - 4b487190-7547-40c7-b780-43c37a89e8eb@group-BAC069DAEF17: changes role from  FOLLOWER to CANDIDATE at term 228 for changeToCandidate
2019-10-18 07:54:29,483 [Thread-1754] INFO  impl.RoleInfo (RoleInfo.java:updateAndGet(143)) - 4b487190-7547-40c7-b780-43c37a89e8eb: start LeaderElection
2019-10-18 07:54:29,496 [4b487190-7547-40c7-b780-43c37a89e8eb@group-BAC069DAEF17-LeaderElection218] INFO  impl.LeaderElection (LeaderElection.java:askForVotes(178)) - 4b487190-7547-40c7-b780-43c37a89e8eb@group-BAC069DAEF17-LeaderElection218: begin an election at term 229 for -1: [6fa005cd-25d6-4e29-bda6-9462a060c098:192.168.69.67:36093, 4b487190-7547-40c7-b780-43c37a89e8eb:192.168.69.67:39683, 3d3aac8b-d4d1-454d-bf0c-88a180692893:192.168.69.67:34429], old=null
2019-10-18 07:54:29,499 [grpc-default-executor-6] INFO  impl.RaftServerImpl (RaftServerImpl.java:setRole(184)) - 3d3aac8b-d4d1-454d-bf0c-88a180692893@group-BAC069DAEF17: changes role from  FOLLOWER to FOLLOWER at term 229 for recognizeCandidate:4b487190-7547-40c7-b780-43c37a89e8eb
2019-10-18 07:54:29,499 [grpc-default-executor-0] INFO  impl.RaftServerImpl (RaftServerImpl.java:setRole(184)) - 6fa005cd-25d6-4e29-bda6-9462a060c098@group-BAC069DAEF17: changes role from  FOLLOWER to FOLLOWER at term 229 for recognizeCandidate:4b487190-7547-40c7-b780-43c37a89e8eb
2019-10-18 07:54:29,499 [grpc-default-executor-6] INFO  impl.RoleInfo (RoleInfo.java:shutdownFollowerState(121)) - 3d3aac8b-d4d1-454d-bf0c-88a180692893: shutdown FollowerState
2019-10-18 07:54:29,499 [grpc-default-executor-0] INFO  impl.RoleInfo (RoleInfo.java:shutdownFollowerState(121)) - 6fa005cd-25d6-4e29-bda6-9462a060c098: shutdown FollowerState
2019-10-18 07:54:29,499 [Thread-1753] INFO  impl.FollowerState (FollowerState.java:run(117)) - 3d3aac8b-d4d1-454d-bf0c-88a180692893@group-BAC069DAEF17-FollowerState was interrupted: java.lang.InterruptedException: sleep interrupted
2019-10-18 07:54:29,499 [grpc-default-executor-6] INFO  impl.RoleInfo (RoleInfo.java:updateAndGet(143)) - 3d3aac8b-d4d1-454d-bf0c-88a180692893: start FollowerState
2019-10-18 07:54:29,500 [Thread-1752] INFO  impl.FollowerState (FollowerState.java:run(117)) - 6fa005cd-25d6-4e29-bda6-9462a060c098@group-BAC069DAEF17-FollowerState was interrupted: java.lang.InterruptedException: sleep interrupted
2019-10-18 07:54:29,500 [grpc-default-executor-0] INFO  impl.RoleInfo (RoleInfo.java:updateAndGet(143)) - 6fa005cd-25d6-4e29-bda6-9462a060c098: start FollowerState
2019-10-18 07:54:29,545 [4b487190-7547-40c7-b780-43c37a89e8eb@group-BAC069DAEF17-LeaderElection218] INFO  impl.LeaderElection (LeaderElection.java:logAndReturn(56)) - 4b487190-7547-40c7-b780-43c37a89e8eb@group-BAC069DAEF17-LeaderElection218: Election TIMEOUT; received 0 response(s) [] and 0 exception(s); 4b487190-7547-40c7-b780-43c37a89e8eb@group-BAC069DAEF17:t229, leader=null, voted=4b487190-7547-40c7-b780-43c37a89e8eb, raftlog=4b487190-7547-40c7-b780-43c37a89e8eb@group-BAC069DAEF17-SegmentedRaftLog:OPENED:c-1,f-1,i0, conf=-1: [6fa005cd-25d6-4e29-bda6-9462a060c098:192.168.69.67:36093, 4b487190-7547-40c7-b780-43c37a89e8eb:192.168.69.67:39683, 3d3aac8b-d4d1-454d-bf0c-88a180692893:192.168.69.67:34429], old=null
2019-10-18 07:54:29,553 [4b487190-7547-40c7-b780-43c37a89e8eb@group-BAC069DAEF17-LeaderElection218] INFO  impl.LeaderElection (LeaderElection.java:askForVotes(178)) - 4b487190-7547-40c7-b780-43c37a89e8eb@group-BAC069DAEF17-LeaderElection218: begin an election at term 230 for -1: [6fa005cd-25d6-4e29-bda6-9462a060c098:192.168.69.67:36093, 4b487190-7547-40c7-b780-43c37a89e8eb:192.168.69.67:39683, 3d3aac8b-d4d1-454d-bf0c-88a180692893:192.168.69.67:34429], old=null
2019-10-18 07:54:29,555 [grpc-default-executor-0] INFO  impl.RaftServerImpl (RaftServerImpl.java:setRole(184)) - 6fa005cd-25d6-4e29-bda6-9462a060c098@group-BAC069DAEF17: changes role from  FOLLOWER to FOLLOWER at term 230 for recognizeCandidate:4b487190-7547-40c7-b780-43c37a89e8eb
2019-10-18 07:54:29,555 [grpc-default-executor-0] INFO  impl.RoleInfo (RoleInfo.java:shutdownFollowerState(121)) - 6fa005cd-25d6-4e29-bda6-9462a060c098: shutdown FollowerState
2019-10-18 07:54:29,555 [grpc-default-executor-0] INFO  impl.RoleInfo (RoleInfo.java:updateAndGet(143)) - 6fa005cd-25d6-4e29-bda6-9462a060c098: start FollowerState
2019-10-18 07:54:29,555 [Thread-1759] INFO  impl.FollowerState (FollowerState.java:run(117)) - 6fa005cd-25d6-4e29-bda6-9462a060c098@group-BAC069DAEF17-FollowerState was interrupted: java.lang.InterruptedException: sleep interrupted
2019-10-18 07:54:29,556 [grpc-default-executor-6] INFO  impl.RaftServerImpl (RaftServerImpl.java:setRole(184)) - 3d3aac8b-d4d1-454d-bf0c-88a180692893@group-BAC069DAEF17: changes role from  FOLLOWER to FOLLOWER at term 230 for recognizeCandidate:4b487190-7547-40c7-b780-43c37a89e8eb
2019-10-18 07:54:29,556 [grpc-default-executor-6] INFO  impl.RoleInfo (RoleInfo.java:shutdownFollowerState(121)) - 3d3aac8b-d4d1-454d-bf0c-88a180692893: shutdown FollowerState
2019-10-18 07:54:29,556 [grpc-default-executor-6] INFO  impl.RoleInfo (RoleInfo.java:updateAndGet(143)) - 3d3aac8b-d4d1-454d-bf0c-88a180692893: start FollowerState
2019-10-18 07:54:29,556 [Thread-1758] INFO  impl.FollowerState (FollowerState.java:run(117)) - 3d3aac8b-d4d1-454d-bf0c-88a180692893@group-BAC069DAEF17-FollowerState was interrupted: java.lang.InterruptedException: sleep interrupted
2019-10-18 07:54:29,567 [4b487190-7547-40c7-b780-43c37a89e8eb@group-BAC069DAEF17-LeaderElection218] INFO  impl.LeaderElection (LeaderElection.java:logAndReturn(56)) - 4b487190-7547-40c7-b780-43c37a89e8eb@group-BAC069DAEF17-LeaderElection218: Election REJECTED; received 2 response(s) [4b487190-7547-40c7-b780-43c37a89e8eb<-6fa005cd-25d6-4e29-bda6-9462a060c098#0:FAIL-t230, 4b487190-7547-40c7-b780-43c37a89e8eb<-3d3aac8b-d4d1-454d-bf0c-88a180692893#0:FAIL-t230] and 0 exception(s); 4b487190-7547-40c7-b780-43c37a89e8eb@group-BAC069DAEF17:t230, leader=null, voted=4b487190-7547-40c7-b780-43c37a89e8eb, raftlog=4b487190-7547-40c7-b780-43c37a89e8eb@group-BAC069DAEF17-SegmentedRaftLog:OPENED:c-1,f-1,i0, conf=-1: [6fa005cd-25d6-4e29-bda6-9462a060c098:192.168.69.67:36093, 4b487190-7547-40c7-b780-43c37a89e8eb:192.168.69.67:39683, 3d3aac8b-d4d1-454d-bf0c-88a180692893:192.168.69.67:34429], old=null
2019-10-18 07:54:29,568 [4b487190-7547-40c7-b780-43c37a89e8eb@group-BAC069DAEF17-LeaderElection218] INFO  impl.RaftServerImpl (RaftServerImpl.java:setRole(184)) - 4b487190-7547-40c7-b780-43c37a89e8eb@group-BAC069DAEF17: changes role from CANDIDATE to FOLLOWER at term 230 for DISCOVERED_A_NEW_TERM
2019-10-18 07:54:29,568 [4b487190-7547-40c7-b780-43c37a89e8eb@group-BAC069DAEF17-LeaderElection218] INFO  impl.RoleInfo (RoleInfo.java:shutdownLeaderElection(134)) - 4b487190-7547-40c7-b780-43c37a89e8eb: shutdown LeaderElection
2019-10-18 07:54:29,568 [4b487190-7547-40c7-b780-43c37a89e8eb@group-BAC069DAEF17-LeaderElection218] INFO  impl.RoleInfo (RoleInfo.java:updateAndGet(143)) - 4b487190-7547-40c7-b780-43c37a89e8eb: start FollowerState
2019-10-18 07:54:29,690 [Thread-1764] INFO  impl.FollowerState (FollowerState.java:run(108)) - 4b487190-7547-40c7-b780-43c37a89e8eb@group-BAC069DAEF17-FollowerState: change to CANDIDATE, lastRpcTime:121ms, electionTimeout:121ms
2019-10-18 07:54:29,690 [Thread-1764] INFO  impl.RoleInfo (RoleInfo.java:shutdownFollowerState(121)) - 4b487190-7547-40c7-b780-43c37a89e8eb: shutdown FollowerState
2019-10-18 07:54:29,690 [Thread-1764] INFO  impl.RaftServerImpl (RaftServerImpl.java:setRole(184)) - 4b487190-7547-40c7-b780-43c37a89e8eb@group-BAC069DAEF17: changes role from  FOLLOWER to CANDIDATE at term 230 for changeToCandidate
2019-10-18 07:54:29,690 [Thread-1764] INFO  impl.RoleInfo (RoleInfo.java:updateAndGet(143)) - 4b487190-7547-40c7-b780-43c37a89e8eb: start LeaderElection
2019-10-18 07:54:29,706 [4b487190-7547-40c7-b780-43c37a89e8eb@group-BAC069DAEF17-LeaderElection219] INFO  impl.LeaderElection (LeaderElection.java:askForVotes(178)) - 4b487190-7547-40c7-b780-43c37a89e8eb@group-BAC069DAEF17-LeaderElection219: begin an election at term 231 for -1: [6fa005cd-25d6-4e29-bda6-9462a060c098:192.168.69.67:36093, 4b487190-7547-40c7-b780-43c37a89e8eb:192.168.69.67:39683, 3d3aac8b-d4d1-454d-bf0c-88a180692893:192.168.69.67:34429], old=null
2019-10-18 07:54:29,708 [grpc-default-executor-6] INFO  impl.RaftServerImpl (RaftServerImpl.java:setRole(184)) - 6fa005cd-25d6-4e29-bda6-9462a060c098@group-BAC069DAEF17: changes role from  FOLLOWER to FOLLOWER at term 231 for recognizeCandidate:4b487190-7547-40c7-b780-43c37a89e8eb
2019-10-18 07:54:29,709 [grpc-default-executor-6] INFO  impl.RoleInfo (RoleInfo.java:shutdownFollowerState(121)) - 6fa005cd-25d6-4e29-bda6-9462a060c098: shutdown FollowerState
2019-10-18 07:54:29,709 [grpc-default-executor-0] INFO  impl.RaftServerImpl (RaftServerImpl.java:setRole(184)) - 3d3aac8b-d4d1-454d-bf0c-88a180692893@group-BAC069DAEF17: changes role from  FOLLOWER to FOLLOWER at term 231 for recognizeCandidate:4b487190-7547-40c7-b780-43c37a89e8eb
2019-10-18 07:54:29,709 [grpc-default-executor-0] INFO  impl.RoleInfo (RoleInfo.java:shutdownFollowerState(121)) - 3d3aac8b-d4d1-454d-bf0c-88a180692893: shutdown FollowerState
2019-10-18 07:54:29,709 [Thread-1762] INFO  impl.FollowerState (FollowerState.java:run(117)) - 6fa005cd-25d6-4e29-bda6-9462a060c098@group-BAC069DAEF17-FollowerState was interrupted: java.lang.InterruptedException: sleep interrupted
2019-10-18 07:54:29,709 [grpc-default-executor-6] INFO  impl.RoleInfo (RoleInfo.java:updateAndGet(143)) - 6fa005cd-25d6-4e29-bda6-9462a060c098: start FollowerState
2019-10-18 07:54:29,709 [Thread-1763] INFO  impl.FollowerState (FollowerState.java:run(117)) - 3d3aac8b-d4d1-454d-bf0c-88a180692893@group-BAC069DAEF17-FollowerState was interrupted: java.lang.InterruptedException: sleep interrupted
2019-10-18 07:54:29,709 [grpc-default-executor-0] INFO  impl.RoleInfo (RoleInfo.java:updateAndGet(143)) - 3d3aac8b-d4d1-454d-bf0c-88a180692893: start FollowerState
2019-10-18 07:54:29,725 [4b487190-7547-40c7-b780-43c37a89e8eb@group-BAC069DAEF17-LeaderElection219] INFO  impl.LeaderElection (LeaderElection.java:logAndReturn(56)) - 4b487190-7547-40c7-b780-43c37a89e8eb@group-BAC069DAEF17-LeaderElection219: Election REJECTED; received 2 response(s) [4b487190-7547-40c7-b780-43c37a89e8eb<-6fa005cd-25d6-4e29-bda6-9462a060c098#0:FAIL-t231, 4b487190-7547-40c7-b780-43c37a89e8eb<-3d3aac8b-d4d1-454d-bf0c-88a180692893#0:FAIL-t231] and 0 exception(s); 4b487190-7547-40c7-b780-43c37a89e8eb@group-BAC069DAEF17:t231, leader=null, voted=4b487190-7547-40c7-b780-43c37a89e8eb, raftlog=4b487190-7547-40c7-b780-43c37a89e8eb@group-BAC069DAEF17-SegmentedRaftLog:OPENED:c-1,f-1,i0, conf=-1: [6fa005cd-25d6-4e29-bda6-9462a060c098:192.168.69.67:36093, 4b487190-7547-40c7-b780-43c37a89e8eb:192.168.69.67:39683, 3d3aac8b-d4d1-454d-bf0c-88a180692893:192.168.69.67:34429], old=null
2019-10-18 07:54:29,725 [4b487190-7547-40c7-b780-43c37a89e8eb@group-BAC069DAEF17-LeaderElection219] INFO  impl.RaftServerImpl (RaftServerImpl.java:setRole(184)) - 4b487190-7547-40c7-b780-43c37a89e8eb@group-BAC069DAEF17: changes role from CANDIDATE to FOLLOWER at term 231 for DISCOVERED_A_NEW_TERM
2019-10-18 07:54:29,726 [4b487190-7547-40c7-b780-43c37a89e8eb@group-BAC069DAEF17-LeaderElection219] INFO  impl.RoleInfo (RoleInfo.java:shutdownLeaderElection(134)) - 4b487190-7547-40c7-b780-43c37a89e8eb: shutdown LeaderElection
2019-10-18 07:54:29,726 [4b487190-7547-40c7-b780-43c37a89e8eb@group-BAC069DAEF17-LeaderElection219] INFO  impl.RoleInfo (RoleInfo.java:updateAndGet(143)) - 4b487190-7547-40c7-b780-43c37a89e8eb: start FollowerState
2019-10-18 07:54:29,785 [Thread-1770] INFO  impl.FollowerState (FollowerState.java:run(108)) - 4b487190-7547-40c7-b780-43c37a89e8eb@group-BAC069DAEF17-FollowerState: change to CANDIDATE, lastRpcTime:59ms, electionTimeout:59ms
2019-10-18 07:54:29,786 [Thread-1770] INFO  impl.RoleInfo (RoleInfo.java:shutdownFollowerState(121)) - 4b487190-7547-40c7-b780-43c37a89e8eb: shutdown FollowerState
2019-10-18 07:54:29,786 [Thread-1770] INFO  impl.RaftServerImpl (RaftServerImpl.java:setRole(184)) - 4b487190-7547-40c7-b780-43c37a89e8eb@group-BAC069DAEF17: changes role from  FOLLOWER to CANDIDATE at term 231 for changeToCandidate
2019-10-18 07:54:29,786 [Thread-1770] INFO  impl.RoleInfo (RoleInfo.java:updateAndGet(143)) - 4b487190-7547-40c7-b780-43c37a89e8eb: start LeaderElection
2019-10-18 07:54:29,800 [4b487190-7547-40c7-b780-43c37a89e8eb@group-BAC069DAEF17-LeaderElection220] INFO  impl.LeaderElection (LeaderElection.java:askForVotes(178)) - 4b487190-7547-40c7-b780-43c37a89e8eb@group-BAC069DAEF17-LeaderElection220: begin an election at term 232 for -1: [6fa005cd-25d6-4e29-bda6-9462a060c098:192.168.69.67:36093, 4b487190-7547-40c7-b780-43c37a89e8eb:192.168.69.67:39683, 3d3aac8b-d4d1-454d-bf0c-88a180692893:192.168.69.67:34429], old=null
2019-10-18 07:54:29,804 [grpc-default-executor-0] INFO  impl.RaftServerImpl (RaftServerImpl.java:setRole(184)) - 3d3aac8b-d4d1-454d-bf0c-88a180692893@group-BAC069DAEF17: changes role from  FOLLOWER to FOLLOWER at term 232 for recognizeCandidate:4b487190-7547-40c7-b780-43c37a89e8eb
2019-10-18 07:54:29,804 [grpc-default-executor-6] INFO  impl.RaftServerImpl (RaftServerImpl.java:setRole(184)) - 6fa005cd-25d6-4e29-bda6-9462a060c098@group-BAC069DAEF17: changes role from  FOLLOWER to FOLLOWER at term 232 for recognizeCandidate:4b487190-7547-40c7-b780-43c37a89e8eb
2019-10-18 07:54:29,804 [grpc-default-executor-0] INFO  impl.RoleInfo (RoleInfo.java:shutdownFollowerState(121)) - 3d3aac8b-d4d1-454d-bf0c-88a180692893: shutdown FollowerState
2019-10-18 07:54:29,804 [grpc-default-executor-6] INFO  impl.RoleInfo (RoleInfo.java:shutdownFollowerState(121)) - 6fa005cd-25d6-4e29-bda6-9462a060c098: shutdown FollowerState
2019-10-18 07:54:29,805 [Thread-1769] INFO  impl.FollowerState (FollowerState.java:run(117)) - 3d3aac8b-d4d1-454d-bf0c-88a180692893@group-BAC069DAEF17-FollowerState was interrupted: java.lang.InterruptedException: sleep interrupted
2019-10-18 07:54:29,805 [Thread-1768] INFO  impl.FollowerState (FollowerState.java:run(117)) - 6fa005cd-25d6-4e29-bda6-9462a060c098@group-BAC069DAEF17-FollowerState was interrupted: java.lang.InterruptedException: sleep interrupted
2019-10-18 07:54:29,805 [grpc-default-executor-0] INFO  impl.RoleInfo (RoleInfo.java:updateAndGet(143)) - 3d3aac8b-d4d1-454d-bf0c-88a180692893: start FollowerState
2019-10-18 07:54:29,805 [grpc-default-executor-6] INFO  impl.RoleInfo (RoleInfo.java:updateAndGet(143)) - 6fa005cd-25d6-4e29-bda6-9462a060c098: start FollowerState
2019-10-18 07:54:29,819 [4b487190-7547-40c7-b780-43c37a89e8eb@group-BAC069DAEF17-LeaderElection220] INFO  impl.LeaderElection (LeaderElection.java:logAndReturn(56)) - 4b487190-7547-40c7-b780-43c37a89e8eb@group-BAC069DAEF17-LeaderElection220: Election REJECTED; received 2 response(s) [4b487190-7547-40c7-b780-43c37a89e8eb<-6fa005cd-25d6-4e29-bda6-9462a060c098#0:FAIL-t232, 4b487190-7547-40c7-b780-43c37a89e8eb<-3d3aac8b-d4d1-454d-bf0c-88a180692893#0:FAIL-t232] and 0 exception(s); 4b487190-7547-40c7-b780-43c37a89e8eb@group-BAC069DAEF17:t232, leader=null, voted=4b487190-7547-40c7-b780-43c37a89e8eb, raftlog=4b487190-7547-40c7-b780-43c37a89e8eb@group-BAC069DAEF17-SegmentedRaftLog:OPENED:c-1,f-1,i0, conf=-1: [6fa005cd-25d6-4e29-bda6-9462a060c098:192.168.69.67:36093, 4b487190-7547-40c7-b780-43c37a89e8eb:192.168.69.67:39683, 3d3aac8b-d4d1-454d-bf0c-88a180692893:192.168.69.67:34429], old=null
2019-10-18 07:54:29,820 [4b487190-7547-40c7-b780-43c37a89e8eb@group-BAC069DAEF17-LeaderElection220] INFO  impl.RaftServerImpl (RaftServerImpl.java:setRole(184)) - 4b487190-7547-40c7-b780-43c37a89e8eb@group-BAC069DAEF17: changes role from CANDIDATE to FOLLOWER at term 232 for DISCOVERED_A_NEW_TERM
2019-10-18 07:54:29,820 [4b487190-7547-40c7-b780-43c37a89e8eb@group-BAC069DAEF17-LeaderElection220] INFO  impl.RoleInfo (RoleInfo.java:shutdownLeaderElection(134)) - 4b487190-7547-40c7-b780-43c37a89e8eb: shutdown LeaderElection
2019-10-18 07:54:29,820 [4b487190-7547-40c7-b780-43c37a89e8eb@group-BAC069DAEF17-LeaderElection220] INFO  impl.RoleInfo (RoleInfo.java:updateAndGet(143)) - 4b487190-7547-40c7-b780-43c37a89e8eb: start FollowerState
2019-10-18 07:54:30,007 [Thread-1776] INFO  impl.FollowerState (FollowerState.java:run(108)) - 4b487190-7547-40c7-b780-43c37a89e8eb@group-BAC069DAEF17-FollowerState: change to CANDIDATE, lastRpcTime:186ms, electionTimeout:186ms
2019-10-18 07:54:30,007 [Thread-1776] INFO  impl.RoleInfo (RoleInfo.java:shutdownFollowerState(121)) - 4b487190-7547-40c7-b780-43c37a89e8eb: shutdown FollowerState
2019-10-18 07:54:30,007 [Thread-1776] INFO  impl.RaftServerImpl (RaftServerImpl.java:setRole(184)) - 4b487190-7547-40c7-b780-43c37a89e8eb@group-BAC069DAEF17: changes role from  FOLLOWER to CANDIDATE at term 232 for changeToCandidate
2019-10-18 07:54:30,007 [Thread-1776] INFO  impl.RoleInfo (RoleInfo.java:updateAndGet(143)) - 4b487190-7547-40c7-b780-43c37a89e8eb: start LeaderElection
2019-10-18 07:54:30,033 [4b487190-7547-40c7-b780-43c37a89e8eb@group-BAC069DAEF17-LeaderElection221] INFO  impl.LeaderElection (LeaderElection.java:askForVotes(178)) - 4b487190-7547-40c7-b780-43c37a89e8eb@group-BAC069DAEF17-LeaderElection221: begin an election at term 233 for -1: [6fa005cd-25d6-4e29-bda6-9462a060c098:192.168.69.67:36093, 4b487190-7547-40c7-b780-43c37a89e8eb:192.168.69.67:39683, 3d3aac8b-d4d1-454d-bf0c-88a180692893:192.168.69.67:34429], old=null
2019-10-18 07:54:30,037 [grpc-default-executor-0] INFO  impl.RaftServerImpl (RaftServerImpl.java:setRole(184)) - 3d3aac8b-d4d1-454d-bf0c-88a180692893@group-BAC069DAEF17: changes role from  FOLLOWER to FOLLOWER at term 233 for recognizeCandidate:4b487190-7547-40c7-b780-43c37a89e8eb
2019-10-18 07:54:30,037 [grpc-default-executor-6] INFO  impl.RaftServerImpl (RaftServerImpl.java:setRole(184)) - 6fa005cd-25d6-4e29-bda6-9462a060c098@group-BAC069DAEF17: changes role from  FOLLOWER to FOLLOWER at term 233 for recognizeCandidate:4b487190-7547-40c7-b780-43c37a89e8eb
2019-10-18 07:54:30,037 [grpc-default-executor-0] INFO  impl.RoleInfo (RoleInfo.java:shutdownFollowerState(121)) - 3d3aac8b-d4d1-454d-bf0c-88a180692893: shutdown FollowerState
2019-10-18 07:54:30,037 [grpc-default-executor-6] INFO  impl.RoleInfo (RoleInfo.java:shutdownFollowerState(121)) - 6fa005cd-25d6-4e29-bda6-9462a060c098: shutdown FollowerState
2019-10-18 07:54:30,037 [Thread-1774] INFO  impl.FollowerState (FollowerState.java:run(117)) - 3d3aac8b-d4d1-454d-bf0c-88a180692893@group-BAC069DAEF17-FollowerState was interrupted: java.lang.InterruptedException: sleep interrupted
2019-10-18 07:54:30,037 [grpc-default-executor-0] INFO  impl.RoleInfo (RoleInfo.java:updateAndGet(143)) - 3d3aac8b-d4d1-454d-bf0c-88a180692893: start FollowerState
2019-10-18 07:54:30,037 [grpc-default-executor-6] INFO  impl.RoleInfo (RoleInfo.java:updateAndGet(143)) - 6fa005cd-25d6-4e29-bda6-9462a060c098: start FollowerState
2019-10-18 07:54:30,037 [Thread-1775] INFO  impl.FollowerState (FollowerState.java:run(117)) - 6fa005cd-25d6-4e29-bda6-9462a060c098@group-BAC069DAEF17-FollowerState was interrupted: java.lang.InterruptedException: sleep interrupted
2019-10-18 07:54:30,048 [4b487190-7547-40c7-b780-43c37a89e8eb@group-BAC069DAEF17-LeaderElection221] INFO  impl.LeaderElection (LeaderElection.java:logAndReturn(56)) - 4b487190-7547-40c7-b780-43c37a89e8eb@group-BAC069DAEF17-LeaderElection221: Election REJECTED; received 2 response(s) [4b487190-7547-40c7-b780-43c37a89e8eb<-6fa005cd-25d6-4e29-bda6-9462a060c098#0:FAIL-t233, 4b487190-7547-40c7-b780-43c37a89e8eb<-3d3aac8b-d4d1-454d-bf0c-88a180692893#0:FAIL-t233] and 0 exception(s); 4b487190-7547-40c7-b780-43c37a89e8eb@group-BAC069DAEF17:t233, leader=null, voted=4b487190-7547-40c7-b780-43c37a89e8eb, raftlog=4b487190-7547-40c7-b780-43c37a89e8eb@group-BAC069DAEF17-SegmentedRaftLog:OPENED:c-1,f-1,i0, conf=-1: [6fa005cd-25d6-4e29-bda6-9462a060c098:192.168.69.67:36093, 4b487190-7547-40c7-b780-43c37a89e8eb:192.168.69.67:39683, 3d3aac8b-d4d1-454d-bf0c-88a180692893:192.168.69.67:34429], old=null
2019-10-18 07:54:30,048 [4b487190-7547-40c7-b780-43c37a89e8eb@group-BAC069DAEF17-LeaderElection221] INFO  impl.RaftServerImpl (RaftServerImpl.java:setRole(184)) - 4b487190-7547-40c7-b780-43c37a89e8eb@group-BAC069DAEF17: changes role from CANDIDATE to FOLLOWER at term 233 for DISCOVERED_A_NEW_TERM
2019-10-18 07:54:30,048 [4b487190-7547-40c7-b780-43c37a89e8eb@group-BAC069DAEF17-LeaderElection221] INFO  impl.RoleInfo (RoleInfo.java:shutdownLeaderElection(134)) - 4b487190-7547-40c7-b780-43c37a89e8eb: shutdown LeaderElection
2019-10-18 07:54:30,048 [4b487190-7547-40c7-b780-43c37a89e8eb@group-BAC069DAEF17-LeaderElection221] INFO  impl.RoleInfo (RoleInfo.java:updateAndGet(143)) - 4b487190-7547-40c7-b780-43c37a89e8eb: start FollowerState
2019-10-18 07:54:30,059 [Thread-1782] INFO  impl.FollowerState (FollowerState.java:run(108)) - 4b487190-7547-40c7-b780-43c37a89e8eb@group-BAC069DAEF17-FollowerState: change to CANDIDATE, lastRpcTime:10ms, electionTimeout:10ms
2019-10-18 07:54:30,059 [Thread-1782] INFO  impl.RoleInfo (RoleInfo.java:shutdownFollowerState(121)) - 4b487190-7547-40c7-b780-43c37a89e8eb: shutdown FollowerState
2019-10-18 07:54:30,059 [Thread-1782] INFO  impl.RaftServerImpl (RaftServerImpl.java:setRole(184)) - 4b487190-7547-40c7-b780-43c37a89e8eb@group-BAC069DAEF17: changes role from  FOLLOWER to CANDIDATE at term 233 for changeToCandidate
2019-10-18 07:54:30,059 [Thread-1782] INFO  impl.RoleInfo (RoleInfo.java:updateAndGet(143)) - 4b487190-7547-40c7-b780-43c37a89e8eb: start LeaderElection
2019-10-18 07:54:30,072 [4b487190-7547-40c7-b780-43c37a89e8eb@group-BAC069DAEF17-LeaderElection222] INFO  impl.LeaderElection (LeaderElection.java:askForVotes(178)) - 4b487190-7547-40c7-b780-43c37a89e8eb@group-BAC069DAEF17-LeaderElection222: begin an election at term 234 for -1: [6fa005cd-25d6-4e29-bda6-9462a060c098:192.168.69.67:36093, 4b487190-7547-40c7-b780-43c37a89e8eb:192.168.69.67:39683, 3d3aac8b-d4d1-454d-bf0c-88a180692893:192.168.69.67:34429], old=null
2019-10-18 07:54:30,075 [grpc-default-executor-0] INFO  impl.RaftServerImpl (RaftServerImpl.java:setRole(184)) - 3d3aac8b-d4d1-454d-bf0c-88a180692893@group-BAC069DAEF17: changes role from  FOLLOWER to FOLLOWER at term 234 for recognizeCandidate:4b487190-7547-40c7-b780-43c37a89e8eb
2019-10-18 07:54:30,075 [grpc-default-executor-6] INFO  impl.RaftServerImpl (RaftServerImpl.java:setRole(184)) - 6fa005cd-25d6-4e29-bda6-9462a060c098@group-BAC069DAEF17: changes role from  FOLLOWER to FOLLOWER at term 234 for recognizeCandidate:4b487190-7547-40c7-b780-43c37a89e8eb
2019-10-18 07:54:30,075 [grpc-default-executor-0] INFO  impl.RoleInfo (RoleInfo.java:shutdownFollowerState(121)) - 3d3aac8b-d4d1-454d-bf0c-88a180692893: shutdown FollowerState
2019-10-18 07:54:30,075 [grpc-default-executor-6] INFO  impl.RoleInfo (RoleInfo.java:shutdownFollowerState(121)) - 6fa005cd-25d6-4e29-bda6-9462a060c098: shutdown FollowerState
2019-10-18 07:54:30,075 [grpc-default-executor-0] INFO  impl.RoleInfo (RoleInfo.java:updateAndGet(143)) - 3d3aac8b-d4d1-454d-bf0c-88a180692893: start FollowerState
2019-10-18 07:54:30,075 [Thread-1780] INFO  impl.FollowerState (FollowerState.java:run(117)) - 3d3aac8b-d4d1-454d-bf0c-88a180692893@group-BAC069DAEF17-FollowerState was interrupted: java.lang.InterruptedException: sleep interrupted
2019-10-18 07:54:30,076 [Thread-1781] INFO  impl.FollowerState (FollowerState.java:run(117)) - 6fa005cd-25d6-4e29-bda6-9462a060c098@group-BAC069DAEF17-FollowerState was interrupted: java.lang.InterruptedException: sleep interrupted
2019-10-18 07:54:30,075 [grpc-default-executor-6] INFO  impl.RoleInfo (RoleInfo.java:updateAndGet(143)) - 6fa005cd-25d6-4e29-bda6-9462a060c098: start FollowerState
2019-10-18 07:54:30,090 [4b487190-7547-40c7-b780-43c37a89e8eb@group-BAC069DAEF17-LeaderElection222] INFO  impl.LeaderElection (LeaderElection.java:logAndReturn(56)) - 4b487190-7547-40c7-b780-43c37a89e8eb@group-BAC069DAEF17-LeaderElection222: Election REJECTED; received 2 response(s) [4b487190-7547-40c7-b780-43c37a89e8eb<-6fa005cd-25d6-4e29-bda6-9462a060c098#0:FAIL-t234, 4b487190-7547-40c7-b780-43c37a89e8eb<-3d3aac8b-d4d1-454d-bf0c-88a180692893#0:FAIL-t234] and 0 exception(s); 4b487190-7547-40c7-b780-43c37a89e8eb@group-BAC069DAEF17:t234, leader=null, voted=4b487190-7547-40c7-b780-43c37a89e8eb, raftlog=4b487190-7547-40c7-b780-43c37a89e8eb@group-BAC069DAEF17-SegmentedRaftLog:OPENED:c-1,f-1,i0, conf=-1: [6fa005cd-25d6-4e29-bda6-9462a060c098:192.168.69.67:36093, 4b487190-7547-40c7-b780-43c37a89e8eb:192.168.69.67:39683, 3d3aac8b-d4d1-454d-bf0c-88a180692893:192.168.69.67:34429], old=null
2019-10-18 07:54:30,090 [4b487190-7547-40c7-b780-43c37a89e8eb@group-BAC069DAEF17-LeaderElection222] INFO  impl.RaftServerImpl (RaftServerImpl.java:setRole(184)) - 4b487190-7547-40c7-b780-43c37a89e8eb@group-BAC069DAEF17: changes role from CANDIDATE to FOLLOWER at term 234 for DISCOVERED_A_NEW_TERM
2019-10-18 07:54:30,090 [4b487190-7547-40c7-b780-43c37a89e8eb@group-BAC069DAEF17-LeaderElection222] INFO  impl.RoleInfo (RoleInfo.java:shutdownLeaderElection(134)) - 4b487190-7547-40c7-b780-43c37a89e8eb: shutdown LeaderElection
2019-10-18 07:54:30,091 [4b487190-7547-40c7-b780-43c37a89e8eb@group-BAC069DAEF17-LeaderElection222] INFO  impl.RoleInfo (RoleInfo.java:updateAndGet(143)) - 4b487190-7547-40c7-b780-43c37a89e8eb: start FollowerState
2019-10-18 07:54:30,194 [Thread-1788] INFO  impl.FollowerState (FollowerState.java:run(108)) - 4b487190-7547-40c7-b780-43c37a89e8eb@group-BAC069DAEF17-FollowerState: change to CANDIDATE, lastRpcTime:103ms, electionTimeout:103ms
2019-10-18 07:54:30,194 [Thread-1788] INFO  impl.RoleInfo (RoleInfo.java:shutdownFollowerState(121)) - 4b487190-7547-40c7-b780-43c37a89e8eb: shutdown FollowerState
2019-10-18 07:54:30,194 [Thread-1788] INFO  impl.RaftServerImpl (RaftServerImpl.java:setRole(184)) - 4b487190-7547-40c7-b780-43c37a89e8eb@group-BAC069DAEF17: changes role from  FOLLOWER to CANDIDATE at term 234 for changeToCandidate
2019-10-18 07:54:30,195 [Thread-1788] INFO  impl.RoleInfo (RoleInfo.java:updateAndGet(143)) - 4b487190-7547-40c7-b780-43c37a89e8eb: start LeaderElection
2019-10-18 07:54:30,208 [4b487190-7547-40c7-b780-43c37a89e8eb@group-BAC069DAEF17-LeaderElection223] INFO  impl.LeaderElection (LeaderElection.java:askForVotes(178)) - 4b487190-7547-40c7-b780-43c37a89e8eb@group-BAC069DAEF17-LeaderElection223: begin an election at term 235 for -1: [6fa005cd-25d6-4e29-bda6-9462a060c098:192.168.69.67:36093, 4b487190-7547-40c7-b780-43c37a89e8eb:192.168.69.67:39683, 3d3aac8b-d4d1-454d-bf0c-88a180692893:192.168.69.67:34429], old=null
2019-10-18 07:54:30,211 [grpc-default-executor-0] INFO  impl.RaftServerImpl (RaftServerImpl.java:setRole(184)) - 6fa005cd-25d6-4e29-bda6-9462a060c098@group-BAC069DAEF17: changes role from  FOLLOWER to FOLLOWER at term 235 for recognizeCandidate:4b487190-7547-40c7-b780-43c37a89e8eb
2019-10-18 07:54:30,211 [grpc-default-executor-0] INFO  impl.RoleInfo (RoleInfo.java:shutdownFollowerState(121)) - 6fa005cd-25d6-4e29-bda6-9462a060c098: shutdown FollowerState
2019-10-18 07:54:30,211 [grpc-default-executor-6] INFO  impl.RaftServerImpl (RaftServerImpl.java:setRole(184)) - 3d3aac8b-d4d1-454d-bf0c-88a180692893@group-BAC069DAEF17: changes role from  FOLLOWER to FOLLOWER at term 235 for recognizeCandidate:4b487190-7547-40c7-b780-43c37a89e8eb
2019-10-18 07:54:30,211 [Thread-1787] INFO  impl.FollowerState (FollowerState.java:run(117)) - 6fa005cd-25d6-4e29-bda6-9462a060c098@group-BAC069DAEF17-FollowerState was interrupted: java.lang.InterruptedException: sleep interrupted
2019-10-18 07:54:30,211 [grpc-default-executor-0] INFO  impl.RoleInfo (RoleInfo.java:updateAndGet(143)) - 6fa005cd-25d6-4e29-bda6-9462a060c098: start FollowerState
2019-10-18 07:54:30,211 [grpc-default-executor-6] INFO  impl.RoleInfo (RoleInfo.java:shutdownFollowerState(121)) - 3d3aac8b-d4d1-454d-bf0c-88a180692893: shutdown FollowerState
2019-10-18 07:54:30,212 [grpc-default-executor-6] INFO  impl.RoleInfo (RoleInfo.java:updateAndGet(143)) - 3d3aac8b-d4d1-454d-bf0c-88a180692893: start FollowerState
2019-10-18 07:54:30,212 [Thread-1786] INFO  impl.FollowerState (FollowerState.java:run(117)) - 3d3aac8b-d4d1-454d-bf0c-88a180692893@group-BAC069DAEF17-FollowerState was interrupted: java.lang.InterruptedException: sleep interrupted
2019-10-18 07:54:30,227 [4b487190-7547-40c7-b780-43c37a89e8eb@group-BAC069DAEF17-LeaderElection223] INFO  impl.LeaderElection (LeaderElection.java:logAndReturn(56)) - 4b487190-7547-40c7-b780-43c37a89e8eb@group-BAC069DAEF17-LeaderElection223: Election REJECTED; received 2 response(s) [4b487190-7547-40c7-b780-43c37a89e8eb<-6fa005cd-25d6-4e29-bda6-9462a060c098#0:FAIL-t235, 4b487190-7547-40c7-b780-43c37a89e8eb<-3d3aac8b-d4d1-454d-bf0c-88a180692893#0:FAIL-t235] and 0 exception(s); 4b487190-7547-40c7-b780-43c37a89e8eb@group-BAC069DAEF17:t235, leader=null, voted=4b487190-7547-40c7-b780-43c37a89e8eb, raftlog=4b487190-7547-40c7-b780-43c37a89e8eb@group-BAC069DAEF17-SegmentedRaftLog:OPENED:c-1,f-1,i0, conf=-1: [6fa005cd-25d6-4e29-bda6-9462a060c098:192.168.69.67:36093, 4b487190-7547-40c7-b780-43c37a89e8eb:192.168.69.67:39683, 3d3aac8b-d4d1-454d-bf0c-88a180692893:192.168.69.67:34429], old=null
2019-10-18 07:54:30,227 [4b487190-7547-40c7-b780-43c37a89e8eb@group-BAC069DAEF17-LeaderElection223] INFO  impl.RaftServerImpl (RaftServerImpl.java:setRole(184)) - 4b487190-7547-40c7-b780-43c37a89e8eb@group-BAC069DAEF17: changes role from CANDIDATE to FOLLOWER at term 235 for DISCOVERED_A_NEW_TERM
2019-10-18 07:54:30,227 [4b487190-7547-40c7-b780-43c37a89e8eb@group-BAC069DAEF17-LeaderElection223] INFO  impl.RoleInfo (RoleInfo.java:shutdownLeaderElection(134)) - 4b487190-7547-40c7-b780-43c37a89e8eb: shutdown LeaderElection
2019-10-18 07:54:30,228 [4b487190-7547-40c7-b780-43c37a89e8eb@group-BAC069DAEF17-LeaderElection223] INFO  impl.RoleInfo (RoleInfo.java:updateAndGet(143)) - 4b487190-7547-40c7-b780-43c37a89e8eb: start FollowerState
2019-10-18 07:54:30,353 [Thread-1794] INFO  impl.FollowerState (FollowerState.java:run(108)) - 4b487190-7547-40c7-b780-43c37a89e8eb@group-BAC069DAEF17-FollowerState: change to CANDIDATE, lastRpcTime:125ms, electionTimeout:125ms
2019-10-18 07:54:30,353 [Thread-1794] INFO  impl.RoleInfo (RoleInfo.java:shutdownFollowerState(121)) - 4b487190-7547-40c7-b780-43c37a89e8eb: shutdown FollowerState
2019-10-18 07:54:30,353 [Thread-1794] INFO  impl.RaftServerImpl (RaftServerImpl.java:setRole(184)) - 4b487190-7547-40c7-b780-43c37a89e8eb@group-BAC069DAEF17: changes role from  FOLLOWER to CANDIDATE at term 235 for changeToCandidate
2019-10-18 07:54:30,353 [Thread-1794] INFO  impl.RoleInfo (RoleInfo.java:updateAndGet(143)) - 4b487190-7547-40c7-b780-43c37a89e8eb: start LeaderElection
2019-10-18 07:54:30,367 [4b487190-7547-40c7-b780-43c37a89e8eb@group-BAC069DAEF17-LeaderElection224] INFO  impl.LeaderElection (LeaderElection.java:askForVotes(178)) - 4b487190-7547-40c7-b780-43c37a89e8eb@group-BAC069DAEF17-LeaderElection224: begin an election at term 236 for -1: [6fa005cd-25d6-4e29-bda6-9462a060c098:192.168.69.67:36093, 4b487190-7547-40c7-b780-43c37a89e8eb:192.168.69.67:39683, 3d3aac8b-d4d1-454d-bf0c-88a180692893:192.168.69.67:34429], old=null
2019-10-18 07:54:30,369 [grpc-default-executor-6] INFO  impl.RaftServerImpl (RaftServerImpl.java:setRole(184)) - 6fa005cd-25d6-4e29-bda6-9462a060c098@group-BAC069DAEF17: changes role from  FOLLOWER to FOLLOWER at term 236 for recognizeCandidate:4b487190-7547-40c7-b780-43c37a89e8eb
2019-10-18 07:54:30,370 [grpc-default-executor-6] INFO  impl.RoleInfo (RoleInfo.java:shutdownFollowerState(121)) - 6fa005cd-25d6-4e29-bda6-9462a060c098: shutdown FollowerState
2019-10-18 07:54:30,369 [grpc-default-executor-0] INFO  impl.RaftServerImpl (RaftServerImpl.java:setRole(184)) - 3d3aac8b-d4d1-454d-bf0c-88a180692893@group-BAC069DAEF17: changes role from  FOLLOWER to FOLLOWER at term 236 for recognizeCandidate:4b487190-7547-40c7-b780-43c37a89e8eb
2019-10-18 07:54:30,370 [Thread-1792] INFO  impl.FollowerState (FollowerState.java:run(117)) - 6fa005cd-25d6-4e29-bda6-9462a060c098@group-BAC069DAEF17-FollowerState was interrupted: java.lang.InterruptedException: sleep interrupted
2019-10-18 07:54:30,370 [grpc-default-executor-6] INFO  impl.RoleInfo (RoleInfo.java:updateAndGet(143)) - 6fa005cd-25d6-4e29-bda6-9462a060c098: start FollowerState
2019-10-18 07:54:30,370 [grpc-default-executor-0] INFO  impl.RoleInfo (RoleInfo.java:shutdownFollowerState(121)) - 3d3aac8b-d4d1-454d-bf0c-88a180692893: shutdown FollowerState
2019-10-18 07:54:30,370 [grpc-default-executor-0] INFO  impl.RoleInfo (RoleInfo.java:updateAndGet(143)) - 3d3aac8b-d4d1-454d-bf0c-88a180692893: start FollowerState
2019-10-18 07:54:30,370 [Thread-1793] INFO  impl.FollowerState (FollowerState.java:run(117)) - 3d3aac8b-d4d1-454d-bf0c-88a180692893@group-BAC069DAEF17-FollowerState was interrupted: java.lang.InterruptedException: sleep interrupted
2019-10-18 07:54:30,384 [4b487190-7547-40c7-b780-43c37a89e8eb@group-BAC069DAEF17-LeaderElection224] INFO  impl.LeaderElection (LeaderElection.java:logAndReturn(56)) - 4b487190-7547-40c7-b780-43c37a89e8eb@group-BAC069DAEF17-LeaderElection224: Election REJECTED; received 2 response(s) [4b487190-7547-40c7-b780-43c37a89e8eb<-6fa005cd-25d6-4e29-bda6-9462a060c098#0:FAIL-t236, 4b487190-7547-40c7-b780-43c37a89e8eb<-3d3aac8b-d4d1-454d-bf0c-88a180692893#0:FAIL-t236] and 0 exception(s); 4b487190-7547-40c7-b780-43c37a89e8eb@group-BAC069DAEF17:t236, leader=null, voted=4b487190-7547-40c7-b780-43c37a89e8eb, raftlog=4b487190-7547-40c7-b780-43c37a89e8eb@group-BAC069DAEF17-SegmentedRaftLog:OPENED:c-1,f-1,i0, conf=-1: [6fa005cd-25d6-4e29-bda6-9462a060c098:192.168.69.67:36093, 4b487190-7547-40c7-b780-43c37a89e8eb:192.168.69.67:39683, 3d3aac8b-d4d1-454d-bf0c-88a180692893:192.168.69.67:34429], old=null
2019-10-18 07:54:30,385 [4b487190-7547-40c7-b780-43c37a89e8eb@group-BAC069DAEF17-LeaderElection224] INFO  impl.RaftServerImpl (RaftServerImpl.java:setRole(184)) - 4b487190-7547-40c7-b780-43c37a89e8eb@group-BAC069DAEF17: changes role from CANDIDATE to FOLLOWER at term 236 for DISCOVERED_A_NEW_TERM
2019-10-18 07:54:30,385 [4b487190-7547-40c7-b780-43c37a89e8eb@group-BAC069DAEF17-LeaderElection224] INFO  impl.RoleInfo (RoleInfo.java:shutdownLeaderElection(134)) - 4b487190-7547-40c7-b780-43c37a89e8eb: shutdown LeaderElection
2019-10-18 07:54:30,385 [4b487190-7547-40c7-b780-43c37a89e8eb@group-BAC069DAEF17-LeaderElection224] INFO  impl.RoleInfo (RoleInfo.java:updateAndGet(143)) - 4b487190-7547-40c7-b780-43c37a89e8eb: start FollowerState
2019-10-18 07:54:30,561 [Thread-1800] INFO  impl.FollowerState (FollowerState.java:run(108)) - 4b487190-7547-40c7-b780-43c37a89e8eb@group-BAC069DAEF17-FollowerState: change to CANDIDATE, lastRpcTime:176ms, electionTimeout:176ms
2019-10-18 07:54:30,561 [Thread-1800] INFO  impl.RoleInfo (RoleInfo.java:shutdownFollowerState(121)) - 4b487190-7547-40c7-b780-43c37a89e8eb: shutdown FollowerState
2019-10-18 07:54:30,562 [Thread-1800] INFO  impl.RaftServerImpl (RaftServerImpl.java:setRole(184)) - 4b487190-7547-40c7-b780-43c37a89e8eb@group-BAC069DAEF17: changes role from  FOLLOWER to CANDIDATE at term 236 for changeToCandidate
2019-10-18 07:54:30,562 [Thread-1800] INFO  impl.RoleInfo (RoleInfo.java:updateAndGet(143)) - 4b487190-7547-40c7-b780-43c37a89e8eb: start LeaderElection
2019-10-18 07:54:30,575 [4b487190-7547-40c7-b780-43c37a89e8eb@group-BAC069DAEF17-LeaderElection225] INFO  impl.LeaderElection (LeaderElection.java:askForVotes(178)) - 4b487190-7547-40c7-b780-43c37a89e8eb@group-BAC069DAEF17-LeaderElection225: begin an election at term 237 for -1: [6fa005cd-25d6-4e29-bda6-9462a060c098:192.168.69.67:36093, 4b487190-7547-40c7-b780-43c37a89e8eb:192.168.69.67:39683, 3d3aac8b-d4d1-454d-bf0c-88a180692893:192.168.69.67:34429], old=null
2019-10-18 07:54:30,578 [grpc-default-executor-6] INFO  impl.RaftServerImpl (RaftServerImpl.java:setRole(184)) - 6fa005cd-25d6-4e29-bda6-9462a060c098@group-BAC069DAEF17: changes role from  FOLLOWER to FOLLOWER at term 237 for recognizeCandidate:4b487190-7547-40c7-b780-43c37a89e8eb
2019-10-18 07:54:30,578 [grpc-default-executor-6] INFO  impl.RoleInfo (RoleInfo.java:shutdownFollowerState(121)) - 6fa005cd-25d6-4e29-bda6-9462a060c098: shutdown FollowerState
2019-10-18 07:54:30,578 [grpc-default-executor-0] INFO  impl.RaftServerImpl (RaftServerImpl.java:setRole(184)) - 3d3aac8b-d4d1-454d-bf0c-88a180692893@group-BAC069DAEF17: changes role from  FOLLOWER to FOLLOWER at term 237 for recognizeCandidate:4b487190-7547-40c7-b780-43c37a89e8eb
2019-10-18 07:54:30,578 [grpc-default-executor-0] INFO  impl.RoleInfo (RoleInfo.java:shutdownFollowerState(121)) - 3d3aac8b-d4d1-454d-bf0c-88a180692893: shutdown FollowerState
2019-10-18 07:54:30,578 [Thread-1798] INFO  impl.FollowerState (FollowerState.java:run(117)) - 6fa005cd-25d6-4e29-bda6-9462a060c098@group-BAC069DAEF17-FollowerState was interrupted: java.lang.InterruptedException: sleep interrupted
2019-10-18 07:54:30,578 [grpc-default-executor-6] INFO  impl.RoleInfo (RoleInfo.java:updateAndGet(143)) - 6fa005cd-25d6-4e29-bda6-9462a060c098: start FollowerState
2019-10-18 07:54:30,578 [Thread-1799] INFO  impl.FollowerState (FollowerState.java:run(117)) - 3d3aac8b-d4d1-454d-bf0c-88a180692893@group-BAC069DAEF17-FollowerState was interrupted: java.lang.InterruptedException: sleep interrupted
2019-10-18 07:54:30,578 [grpc-default-executor-0] INFO  impl.RoleInfo (RoleInfo.java:updateAndGet(143)) - 3d3aac8b-d4d1-454d-bf0c-88a180692893: start FollowerState
2019-10-18 07:54:30,593 [4b487190-7547-40c7-b780-43c37a89e8eb@group-BAC069DAEF17-LeaderElection225] INFO  impl.LeaderElection (LeaderElection.java:logAndReturn(56)) - 4b487190-7547-40c7-b780-43c37a89e8eb@group-BAC069DAEF17-LeaderElection225: Election REJECTED; received 2 response(s) [4b487190-7547-40c7-b780-43c37a89e8eb<-6fa005cd-25d6-4e29-bda6-9462a060c098#0:FAIL-t237, 4b487190-7547-40c7-b780-43c37a89e8eb<-3d3aac8b-d4d1-454d-bf0c-88a180692893#0:FAIL-t237] and 0 exception(s); 4b487190-7547-40c7-b780-43c37a89e8eb@group-BAC069DAEF17:t237, leader=null, voted=4b487190-7547-40c7-b780-43c37a89e8eb, raftlog=4b487190-7547-40c7-b780-43c37a89e8eb@group-BAC069DAEF17-SegmentedRaftLog:OPENED:c-1,f-1,i0, conf=-1: [6fa005cd-25d6-4e29-bda6-9462a060c098:192.168.69.67:36093, 4b487190-7547-40c7-b780-43c37a89e8eb:192.168.69.67:39683, 3d3aac8b-d4d1-454d-bf0c-88a180692893:192.168.69.67:34429], old=null
2019-10-18 07:54:30,594 [4b487190-7547-40c7-b780-43c37a89e8eb@group-BAC069DAEF17-LeaderElection225] INFO  impl.RaftServerImpl (RaftServerImpl.java:setRole(184)) - 4b487190-7547-40c7-b780-43c37a89e8eb@group-BAC069DAEF17: changes role from CANDIDATE to FOLLOWER at term 237 for DISCOVERED_A_NEW_TERM
2019-10-18 07:54:30,594 [4b487190-7547-40c7-b780-43c37a89e8eb@group-BAC069DAEF17-LeaderElection225] INFO  impl.RoleInfo (RoleInfo.java:shutdownLeaderElection(134)) - 4b487190-7547-40c7-b780-43c37a89e8eb: shutdown LeaderElection
2019-10-18 07:54:30,594 [4b487190-7547-40c7-b780-43c37a89e8eb@group-BAC069DAEF17-LeaderElection225] INFO  impl.RoleInfo (RoleInfo.java:updateAndGet(143)) - 4b487190-7547-40c7-b780-43c37a89e8eb: start FollowerState
2019-10-18 07:54:30,731 [Thread-1808] INFO  impl.FollowerState (FollowerState.java:run(108)) - 4b487190-7547-40c7-b780-43c37a89e8eb@group-BAC069DAEF17-FollowerState: change to CANDIDATE, lastRpcTime:137ms, electionTimeout:137ms
2019-10-18 07:54:30,732 [Thread-1808] INFO  impl.RoleInfo (RoleInfo.java:shutdownFollowerState(121)) - 4b487190-7547-40c7-b780-43c37a89e8eb: shutdown FollowerState
2019-10-18 07:54:30,732 [Thread-1808] INFO  impl.RaftServerImpl (RaftServerImpl.java:setRole(184)) - 4b487190-7547-40c7-b780-43c37a89e8eb@group-BAC069DAEF17: changes role from  FOLLOWER to CANDIDATE at term 237 for changeToCandidate
2019-10-18 07:54:30,732 [Thread-1808] INFO  impl.RoleInfo (RoleInfo.java:updateAndGet(143)) - 4b487190-7547-40c7-b780-43c37a89e8eb: start LeaderElection
2019-10-18 07:54:30,754 [4b487190-7547-40c7-b780-43c37a89e8eb@group-BAC069DAEF17-LeaderElection226] INFO  impl.LeaderElection (LeaderElection.java:askForVotes(178)) - 4b487190-7547-40c7-b780-43c37a89e8eb@group-BAC069DAEF17-LeaderElection226: begin an election at term 238 for -1: [6fa005cd-25d6-4e29-bda6-9462a060c098:192.168.69.67:36093, 4b487190-7547-40c7-b780-43c37a89e8eb:192.168.69.67:39683, 3d3aac8b-d4d1-454d-bf0c-88a180692893:192.168.69.67:34429], old=null
2019-10-18 07:54:30,756 [grpc-default-executor-0] INFO  impl.RaftServerImpl (RaftServerImpl.java:setRole(184)) - 6fa005cd-25d6-4e29-bda6-9462a060c098@group-BAC069DAEF17: changes role from  FOLLOWER to FOLLOWER at term 238 for recognizeCandidate:4b487190-7547-40c7-b780-43c37a89e8eb
2019-10-18 07:54:30,756 [grpc-default-executor-0] INFO  impl.RoleInfo (RoleInfo.java:shutdownFollowerState(121)) - 6fa005cd-25d6-4e29-bda6-9462a060c098: shutdown FollowerState
2019-10-18 07:54:30,756 [grpc-default-executor-6] INFO  impl.RaftServerImpl (RaftServerImpl.java:setRole(184)) - 3d3aac8b-d4d1-454d-bf0c-88a180692893@group-BAC069DAEF17: changes role from  FOLLOWER to FOLLOWER at term 238 for recognizeCandidate:4b487190-7547-40c7-b780-43c37a89e8eb
2019-10-18 07:54:30,756 [Thread-1806] INFO  impl.FollowerState (FollowerState.java:run(117)) - 6fa005cd-25d6-4e29-bda6-9462a060c098@group-BAC069DAEF17-FollowerState was interrupted: java.lang.InterruptedException: sleep interrupted
2019-10-18 07:54:30,756 [grpc-default-executor-0] INFO  impl.RoleInfo (RoleInfo.java:updateAndGet(143)) - 6fa005cd-25d6-4e29-bda6-9462a060c098: start FollowerState
2019-10-18 07:54:30,757 [grpc-default-executor-6] INFO  impl.RoleInfo (RoleInfo.java:shutdownFollowerState(121)) - 3d3aac8b-d4d1-454d-bf0c-88a180692893: shutdown FollowerState
2019-10-18 07:54:30,757 [grpc-default-executor-6] INFO  impl.RoleInfo (RoleInfo.java:updateAndGet(143)) - 3d3aac8b-d4d1-454d-bf0c-88a180692893: start FollowerState
2019-10-18 07:54:30,757 [Thread-1807] INFO  impl.FollowerState (FollowerState.java:run(117)) - 3d3aac8b-d4d1-454d-bf0c-88a180692893@group-BAC069DAEF17-FollowerState was interrupted: java.lang.InterruptedException: sleep interrupted
2019-10-18 07:54:30,772 [4b487190-7547-40c7-b780-43c37a89e8eb@group-BAC069DAEF17-LeaderElection226] INFO  impl.LeaderElection (LeaderElection.java:logAndReturn(56)) - 4b487190-7547-40c7-b780-43c37a89e8eb@group-BAC069DAEF17-LeaderElection226: Election REJECTED; received 2 response(s) [4b487190-7547-40c7-b780-43c37a89e8eb<-6fa005cd-25d6-4e29-bda6-9462a060c098#0:FAIL-t238, 4b487190-7547-40c7-b780-43c37a89e8eb<-3d3aac8b-d4d1-454d-bf0c-88a180692893#0:FAIL-t238] and 0 exception(s); 4b487190-7547-40c7-b780-43c37a89e8eb@group-BAC069DAEF17:t238, leader=null, voted=4b487190-7547-40c7-b780-43c37a89e8eb, raftlog=4b487190-7547-40c7-b780-43c37a89e8eb@group-BAC069DAEF17-SegmentedRaftLog:OPENED:c-1,f-1,i0, conf=-1: [6fa005cd-25d6-4e29-bda6-9462a060c098:192.168.69.67:36093, 4b487190-7547-40c7-b780-43c37a89e8eb:192.168.69.67:39683, 3d3aac8b-d4d1-454d-bf0c-88a180692893:192.168.69.67:34429], old=null
2019-10-18 07:54:30,772 [4b487190-7547-40c7-b780-43c37a89e8eb@group-BAC069DAEF17-LeaderElection226] INFO  impl.RaftServerImpl (RaftServerImpl.java:setRole(184)) - 4b487190-7547-40c7-b780-43c37a89e8eb@group-BAC069DAEF17: changes role from CANDIDATE to FOLLOWER at term 238 for DISCOVERED_A_NEW_TERM
2019-10-18 07:54:30,772 [4b487190-7547-40c7-b780-43c37a89e8eb@group-BAC069DAEF17-LeaderElection226] INFO  impl.RoleInfo (RoleInfo.java:shutdownLeaderElection(134)) - 4b487190-7547-40c7-b780-43c37a89e8eb: shutdown LeaderElection
2019-10-18 07:54:30,772 [4b487190-7547-40c7-b780-43c37a89e8eb@group-BAC069DAEF17-LeaderElection226] INFO  impl.RoleInfo (RoleInfo.java:updateAndGet(143)) - 4b487190-7547-40c7-b780-43c37a89e8eb: start FollowerState
2019-10-18 07:54:30,943 [Thread-1814] INFO  impl.FollowerState (FollowerState.java:run(108)) - 4b487190-7547-40c7-b780-43c37a89e8eb@group-BAC069DAEF17-FollowerState: change to CANDIDATE, lastRpcTime:170ms, electionTimeout:170ms
2019-10-18 07:54:30,943 [Thread-1814] INFO  impl.RoleInfo (RoleInfo.java:shutdownFollowerState(121)) - 4b487190-7547-40c7-b780-43c37a89e8eb: shutdown FollowerState
2019-10-18 07:54:30,943 [Thread-1814] INFO  impl.RaftServerImpl (RaftServerImpl.java:setRole(184)) - 4b487190-7547-40c7-b780-43c37a89e8eb@group-BAC069DAEF17: changes role from  FOLLOWER to CANDIDATE at term 238 for changeToCandidate
2019-10-18 07:54:30,943 [Thread-1814] INFO  impl.RoleInfo (RoleInfo.java:updateAndGet(143)) - 4b487190-7547-40c7-b780-43c37a89e8eb: start LeaderElection
2019-10-18 07:54:30,957 [4b487190-7547-40c7-b780-43c37a89e8eb@group-BAC069DAEF17-LeaderElection227] INFO  impl.LeaderElection (LeaderElection.java:askForVotes(178)) - 4b487190-7547-40c7-b780-43c37a89e8eb@group-BAC069DAEF17-LeaderElection227: begin an election at term 239 for -1: [6fa005cd-25d6-4e29-bda6-9462a060c098:192.168.69.67:36093, 4b487190-7547-40c7-b780-43c37a89e8eb:192.168.69.67:39683, 3d3aac8b-d4d1-454d-bf0c-88a180692893:192.168.69.67:34429], old=null
2019-10-18 07:54:30,959 [grpc-default-executor-6] INFO  impl.RaftServerImpl (RaftServerImpl.java:setRole(184)) - 6fa005cd-25d6-4e29-bda6-9462a060c098@group-BAC069DAEF17: changes role from  FOLLOWER to FOLLOWER at term 239 for recognizeCandidate:4b487190-7547-40c7-b780-43c37a89e8eb
2019-10-18 07:54:30,959 [grpc-default-executor-0] INFO  impl.RaftServerImpl (RaftServerImpl.java:setRole(184)) - 3d3aac8b-d4d1-454d-bf0c-88a180692893@group-BAC069DAEF17: changes role from  FOLLOWER to FOLLOWER at term 239 for recognizeCandidate:4b487190-7547-40c7-b780-43c37a89e8eb
2019-10-18 07:54:30,959 [grpc-default-executor-6] INFO  impl.RoleInfo (RoleInfo.java:shutdownFollowerState(121)) - 6fa005cd-25d6-4e29-bda6-9462a060c098: shutdown FollowerState
2019-10-18 07:54:30,960 [grpc-default-executor-0] INFO  impl.RoleInfo (RoleInfo.java:shutdownFollowerState(121)) - 3d3aac8b-d4d1-454d-bf0c-88a180692893: shutdown FollowerState
2019-10-18 07:54:30,960 [grpc-default-executor-6] INFO  impl.RoleInfo (RoleInfo.java:updateAndGet(143)) - 6fa005cd-25d6-4e29-bda6-9462a060c098: start FollowerState
2019-10-18 07:54:30,960 [Thread-1812] INFO  impl.FollowerState (FollowerState.java:run(117)) - 6fa005cd-25d6-4e29-bda6-9462a060c098@group-BAC069DAEF17-FollowerState was interrupted: java.lang.InterruptedException: sleep interrupted
2019-10-18 07:54:30,960 [grpc-default-executor-0] INFO  impl.RoleInfo (RoleInfo.java:updateAndGet(143)) - 3d3aac8b-d4d1-454d-bf0c-88a180692893: start FollowerState
2019-10-18 07:54:30,960 [Thread-1813] INFO  impl.FollowerState (FollowerState.java:run(117)) - 3d3aac8b-d4d1-454d-bf0c-88a180692893@group-BAC069DAEF17-FollowerState was interrupted: java.lang.InterruptedException: sleep interrupted
2019-10-18 07:54:30,974 [4b487190-7547-40c7-b780-43c37a89e8eb@group-BAC069DAEF17-LeaderElection227] INFO  impl.LeaderElection (LeaderElection.java:logAndReturn(56)) - 4b487190-7547-40c7-b780-43c37a89e8eb@group-BAC069DAEF17-LeaderElection227: Election REJECTED; received 2 response(s) [4b487190-7547-40c7-b780-43c37a89e8eb<-6fa005cd-25d6-4e29-bda6-9462a060c098#0:FAIL-t239, 4b487190-7547-40c7-b780-43c37a89e8eb<-3d3aac8b-d4d1-454d-bf0c-88a180692893#0:FAIL-t239] and 0 exception(s); 4b487190-7547-40c7-b780-43c37a89e8eb@group-BAC069DAEF17:t239, leader=null, voted=4b487190-7547-40c7-b780-43c37a89e8eb, raftlog=4b487190-7547-40c7-b780-43c37a89e8eb@group-BAC069DAEF17-SegmentedRaftLog:OPENED:c-1,f-1,i0, conf=-1: [6fa005cd-25d6-4e29-bda6-9462a060c098:192.168.69.67:36093, 4b487190-7547-40c7-b780-43c37a89e8eb:192.168.69.67:39683, 3d3aac8b-d4d1-454d-bf0c-88a180692893:192.168.69.67:34429], old=null
2019-10-18 07:54:30,974 [4b487190-7547-40c7-b780-43c37a89e8eb@group-BAC069DAEF17-LeaderElection227] INFO  impl.RaftServerImpl (RaftServerImpl.java:setRole(184)) - 4b487190-7547-40c7-b780-43c37a89e8eb@group-BAC069DAEF17: changes role from CANDIDATE to FOLLOWER at term 239 for DISCOVERED_A_NEW_TERM
2019-10-18 07:54:30,974 [4b487190-7547-40c7-b780-43c37a89e8eb@group-BAC069DAEF17-LeaderElection227] INFO  impl.RoleInfo (RoleInfo.java:shutdownLeaderElection(134)) - 4b487190-7547-40c7-b780-43c37a89e8eb: shutdown LeaderElection
2019-10-18 07:54:30,975 [4b487190-7547-40c7-b780-43c37a89e8eb@group-BAC069DAEF17-LeaderElection227] INFO  impl.RoleInfo (RoleInfo.java:updateAndGet(143)) - 4b487190-7547-40c7-b780-43c37a89e8eb: start FollowerState
2019-10-18 07:54:31,018 [Thread-1820] INFO  impl.FollowerState (FollowerState.java:run(108)) - 4b487190-7547-40c7-b780-43c37a89e8eb@group-BAC069DAEF17-FollowerState: change to CANDIDATE, lastRpcTime:43ms, electionTimeout:43ms
2019-10-18 07:54:31,018 [Thread-1820] INFO  impl.RoleInfo (RoleInfo.java:shutdownFollowerState(121)) - 4b487190-7547-40c7-b780-43c37a89e8eb: shutdown FollowerState
2019-10-18 07:54:31,018 [Thread-1820] INFO  impl.RaftServerImpl (RaftServerImpl.java:setRole(184)) - 4b487190-7547-40c7-b780-43c37a89e8eb@group-BAC069DAEF17: changes role from  FOLLOWER to CANDIDATE at term 239 for changeToCandidate
2019-10-18 07:54:31,019 [Thread-1820] INFO  impl.RoleInfo (RoleInfo.java:updateAndGet(143)) - 4b487190-7547-40c7-b780-43c37a89e8eb: start LeaderElection
2019-10-18 07:54:31,034 [4b487190-7547-40c7-b780-43c37a89e8eb@group-BAC069DAEF17-LeaderElection228] INFO  impl.LeaderElection (LeaderElection.java:askForVotes(178)) - 4b487190-7547-40c7-b780-43c37a89e8eb@group-BAC069DAEF17-LeaderElection228: begin an election at term 240 for -1: [6fa005cd-25d6-4e29-bda6-9462a060c098:192.168.69.67:36093, 4b487190-7547-40c7-b780-43c37a89e8eb:192.168.69.67:39683, 3d3aac8b-d4d1-454d-bf0c-88a180692893:192.168.69.67:34429], old=null
2019-10-18 07:54:31,036 [grpc-default-executor-0] INFO  impl.RaftServerImpl (RaftServerImpl.java:setRole(184)) - 6fa005cd-25d6-4e29-bda6-9462a060c098@group-BAC069DAEF17: changes role from  FOLLOWER to FOLLOWER at term 240 for recognizeCandidate:4b487190-7547-40c7-b780-43c37a89e8eb
2019-10-18 07:54:31,037 [grpc-default-executor-0] INFO  impl.RoleInfo (RoleInfo.java:shutdownFollowerState(121)) - 6fa005cd-25d6-4e29-bda6-9462a060c098: shutdown FollowerState
2019-10-18 07:54:31,037 [grpc-default-executor-6] INFO  impl.RaftServerImpl (RaftServerImpl.java:setRole(184)) - 3d3aac8b-d4d1-454d-bf0c-88a180692893@group-BAC069DAEF17: changes role from  FOLLOWER to FOLLOWER at term 240 for recognizeCandidate:4b487190-7547-40c7-b780-43c37a89e8eb
2019-10-18 07:54:31,037 [Thread-1818] INFO  impl.FollowerState (FollowerState.java:run(117)) - 6fa005cd-25d6-4e29-bda6-9462a060c098@group-BAC069DAEF17-FollowerState was interrupted: java.lang.InterruptedException: sleep interrupted
2019-10-18 07:54:31,037 [grpc-default-executor-0] INFO  impl.RoleInfo (RoleInfo.java:updateAndGet(143)) - 6fa005cd-25d6-4e29-bda6-9462a060c098: start FollowerState
2019-10-18 07:54:31,037 [grpc-default-executor-6] INFO  impl.RoleInfo (RoleInfo.java:shutdownFollowerState(121)) - 3d3aac8b-d4d1-454d-bf0c-88a180692893: shutdown FollowerState
2019-10-18 07:54:31,037 [grpc-default-executor-6] INFO  impl.RoleInfo (RoleInfo.java:updateAndGet(143)) - 3d3aac8b-d4d1-454d-bf0c-88a180692893: start FollowerState
2019-10-18 07:54:31,037 [Thread-1819] INFO  impl.FollowerState (FollowerState.java:run(117)) - 3d3aac8b-d4d1-454d-bf0c-88a180692893@group-BAC069DAEF17-FollowerState was interrupted: java.lang.InterruptedException: sleep interrupted
2019-10-18 07:54:31,053 [4b487190-7547-40c7-b780-43c37a89e8eb@group-BAC069DAEF17-LeaderElection228] INFO  impl.LeaderElection (LeaderElection.java:logAndReturn(56)) - 4b487190-7547-40c7-b780-43c37a89e8eb@group-BAC069DAEF17-LeaderElection228: Election REJECTED; received 2 response(s) [4b487190-7547-40c7-b780-43c37a89e8eb<-6fa005cd-25d6-4e29-bda6-9462a060c098#0:FAIL-t240, 4b487190-7547-40c7-b780-43c37a89e8eb<-3d3aac8b-d4d1-454d-bf0c-88a180692893#0:FAIL-t240] and 0 exception(s); 4b487190-7547-40c7-b780-43c37a89e8eb@group-BAC069DAEF17:t240, leader=null, voted=4b487190-7547-40c7-b780-43c37a89e8eb, raftlog=4b487190-7547-40c7-b780-43c37a89e8eb@group-BAC069DAEF17-SegmentedRaftLog:OPENED:c-1,f-1,i0, conf=-1: [6fa005cd-25d6-4e29-bda6-9462a060c098:192.168.69.67:36093, 4b487190-7547-40c7-b780-43c37a89e8eb:192.168.69.67:39683, 3d3aac8b-d4d1-454d-bf0c-88a180692893:192.168.69.67:34429], old=null
2019-10-18 07:54:31,054 [4b487190-7547-40c7-b780-43c37a89e8eb@group-BAC069DAEF17-LeaderElection228] INFO  impl.RaftServerImpl (RaftServerImpl.java:setRole(184)) - 4b487190-7547-40c7-b780-43c37a89e8eb@group-BAC069DAEF17: changes role from CANDIDATE to FOLLOWER at term 240 for DISCOVERED_A_NEW_TERM
2019-10-18 07:54:31,054 [4b487190-7547-40c7-b780-43c37a89e8eb@group-BAC069DAEF17-LeaderElection228] INFO  impl.RoleInfo (RoleInfo.java:shutdownLeaderElection(134)) - 4b487190-7547-40c7-b780-43c37a89e8eb: shutdown LeaderElection
2019-10-18 07:54:31,054 [4b487190-7547-40c7-b780-43c37a89e8eb@group-BAC069DAEF17-LeaderElection228] INFO  impl.RoleInfo (RoleInfo.java:updateAndGet(143)) - 4b487190-7547-40c7-b780-43c37a89e8eb: start FollowerState
2019-10-18 07:54:31,208 [Thread-1826] INFO  impl.FollowerState (FollowerState.java:run(108)) - 4b487190-7547-40c7-b780-43c37a89e8eb@group-BAC069DAEF17-FollowerState: change to CANDIDATE, lastRpcTime:154ms, electionTimeout:154ms
2019-10-18 07:54:31,209 [Thread-1826] INFO  impl.RoleInfo (RoleInfo.java:shutdownFollowerState(121)) - 4b487190-7547-40c7-b780-43c37a89e8eb: shutdown FollowerState
2019-10-18 07:54:31,209 [Thread-1826] INFO  impl.RaftServerImpl (RaftServerImpl.java:setRole(184)) - 4b487190-7547-40c7-b780-43c37a89e8eb@group-BAC069DAEF17: changes role from  FOLLOWER to CANDIDATE at term 240 for changeToCandidate
2019-10-18 07:54:31,209 [Thread-1826] INFO  impl.RoleInfo (RoleInfo.java:updateAndGet(143)) - 4b487190-7547-40c7-b780-43c37a89e8eb: start LeaderElection
2019-10-18 07:54:31,223 [4b487190-7547-40c7-b780-43c37a89e8eb@group-BAC069DAEF17-LeaderElection229] INFO  impl.LeaderElection (LeaderElection.java:askForVotes(178)) - 4b487190-7547-40c7-b780-43c37a89e8eb@group-BAC069DAEF17-LeaderElection229: begin an election at term 241 for -1: [6fa005cd-25d6-4e29-bda6-9462a060c098:192.168.69.67:36093, 4b487190-7547-40c7-b780-43c37a89e8eb:192.168.69.67:39683, 3d3aac8b-d4d1-454d-bf0c-88a180692893:192.168.69.67:34429], old=null
2019-10-18 07:54:31,226 [grpc-default-executor-6] INFO  impl.RaftServerImpl (RaftServerImpl.java:setRole(184)) - 3d3aac8b-d4d1-454d-bf0c-88a180692893@group-BAC069DAEF17: changes role from  FOLLOWER to FOLLOWER at term 241 for recognizeCandidate:4b487190-7547-40c7-b780-43c37a89e8eb
2019-10-18 07:54:31,226 [grpc-default-executor-0] INFO  impl.RaftServerImpl (RaftServerImpl.java:setRole(184)) - 6fa005cd-25d6-4e29-bda6-9462a060c098@group-BAC069DAEF17: changes role from  FOLLOWER to FOLLOWER at term 241 for recognizeCandidate:4b487190-7547-40c7-b780-43c37a89e8eb
2019-10-18 07:54:31,226 [grpc-default-executor-6] INFO  impl.RoleInfo (RoleInfo.java:shutdownFollowerState(121)) - 3d3aac8b-d4d1-454d-bf0c-88a180692893: shutdown FollowerState
2019-10-18 07:54:31,226 [grpc-default-executor-0] INFO  impl.RoleInfo (RoleInfo.java:shutdownFollowerState(121)) - 6fa005cd-25d6-4e29-bda6-9462a060c098: shutdown FollowerState
2019-10-18 07:54:31,226 [Thread-1825] INFO  impl.FollowerState (FollowerState.java:run(117)) - 3d3aac8b-d4d1-454d-bf0c-88a180692893@group-BAC069DAEF17-FollowerState was interrupted: java.lang.InterruptedException: sleep interrupted
2019-10-18 07:54:31,226 [grpc-default-executor-6] INFO  impl.RoleInfo (RoleInfo.java:updateAndGet(143)) - 3d3aac8b-d4d1-454d-bf0c-88a180692893: start FollowerState
2019-10-18 07:54:31,227 [Thread-1824] INFO  impl.FollowerState (FollowerState.java:run(117)) - 6fa005cd-25d6-4e29-bda6-9462a060c098@group-BAC069DAEF17-FollowerState was interrupted: java.lang.InterruptedException: sleep interrupted
2019-10-18 07:54:31,226 [grpc-default-executor-0] INFO  impl.RoleInfo (RoleInfo.java:updateAndGet(143)) - 6fa005cd-25d6-4e29-bda6-9462a060c098: start FollowerState
2019-10-18 07:54:31,242 [4b487190-7547-40c7-b780-43c37a89e8eb@group-BAC069DAEF17-LeaderElection229] INFO  impl.LeaderElection (LeaderElection.java:logAndReturn(56)) - 4b487190-7547-40c7-b780-43c37a89e8eb@group-BAC069DAEF17-LeaderElection229: Election REJECTED; received 2 response(s) [4b487190-7547-40c7-b780-43c37a89e8eb<-6fa005cd-25d6-4e29-bda6-9462a060c098#0:FAIL-t241, 4b487190-7547-40c7-b780-43c37a89e8eb<-3d3aac8b-d4d1-454d-bf0c-88a180692893#0:FAIL-t241] and 0 exception(s); 4b487190-7547-40c7-b780-43c37a89e8eb@group-BAC069DAEF17:t241, leader=null, voted=4b487190-7547-40c7-b780-43c37a89e8eb, raftlog=4b487190-7547-40c7-b780-43c37a89e8eb@group-BAC069DAEF17-SegmentedRaftLog:OPENED:c-1,f-1,i0, conf=-1: [6fa005cd-25d6-4e29-bda6-9462a060c098:192.168.69.67:36093, 4b487190-7547-40c7-b780-43c37a89e8eb:192.168.69.67:39683, 3d3aac8b-d4d1-454d-bf0c-88a180692893:192.168.69.67:34429], old=null
2019-10-18 07:54:31,242 [4b487190-7547-40c7-b780-43c37a89e8eb@group-BAC069DAEF17-LeaderElection229] INFO  impl.RaftServerImpl (RaftServerImpl.java:setRole(184)) - 4b487190-7547-40c7-b780-43c37a89e8eb@group-BAC069DAEF17: changes role from CANDIDATE to FOLLOWER at term 241 for DISCOVERED_A_NEW_TERM
2019-10-18 07:54:31,242 [4b487190-7547-40c7-b780-43c37a89e8eb@group-BAC069DAEF17-LeaderElection229] INFO  impl.RoleInfo (RoleInfo.java:shutdownLeaderElection(134)) - 4b487190-7547-40c7-b780-43c37a89e8eb: shutdown LeaderElection
2019-10-18 07:54:31,242 [4b487190-7547-40c7-b780-43c37a89e8eb@group-BAC069DAEF17-LeaderElection229] INFO  impl.RoleInfo (RoleInfo.java:updateAndGet(143)) - 4b487190-7547-40c7-b780-43c37a89e8eb: start FollowerState
2019-10-18 07:54:31,374 [Thread-1832] INFO  impl.FollowerState (FollowerState.java:run(108)) - 4b487190-7547-40c7-b780-43c37a89e8eb@group-BAC069DAEF17-FollowerState: change to CANDIDATE, lastRpcTime:131ms, electionTimeout:131ms
2019-10-18 07:54:31,374 [Thread-1832] INFO  impl.RoleInfo (RoleInfo.java:shutdownFollowerState(121)) - 4b487190-7547-40c7-b780-43c37a89e8eb: shutdown FollowerState
2019-10-18 07:54:31,375 [Thread-1832] INFO  impl.RaftServerImpl (RaftServerImpl.java:setRole(184)) - 4b487190-7547-40c7-b780-43c37a89e8eb@group-BAC069DAEF17: changes role from  FOLLOWER to CANDIDATE at term 241 for changeToCandidate
2019-10-18 07:54:31,375 [Thread-1832] INFO  impl.RoleInfo (RoleInfo.java:updateAndGet(143)) - 4b487190-7547-40c7-b780-43c37a89e8eb: start LeaderElection
2019-10-18 07:54:31,388 [4b487190-7547-40c7-b780-43c37a89e8eb@group-BAC069DAEF17-LeaderElection230] INFO  impl.LeaderElection (LeaderElection.java:askForVotes(178)) - 4b487190-7547-40c7-b780-43c37a89e8eb@group-BAC069DAEF17-LeaderElection230: begin an election at term 242 for -1: [6fa005cd-25d6-4e29-bda6-9462a060c098:192.168.69.67:36093, 4b487190-7547-40c7-b780-43c37a89e8eb:192.168.69.67:39683, 3d3aac8b-d4d1-454d-bf0c-88a180692893:192.168.69.67:34429], old=null
2019-10-18 07:54:31,392 [grpc-default-executor-0] INFO  impl.RaftServerImpl (RaftServerImpl.java:setRole(184)) - 3d3aac8b-d4d1-454d-bf0c-88a180692893@group-BAC069DAEF17: changes role from  FOLLOWER to FOLLOWER at term 242 for recognizeCandidate:4b487190-7547-40c7-b780-43c37a89e8eb
2019-10-18 07:54:31,392 [grpc-default-executor-0] INFO  impl.RoleInfo (RoleInfo.java:shutdownFollowerState(121)) - 3d3aac8b-d4d1-454d-bf0c-88a180692893: shutdown FollowerState
2019-10-18 07:54:31,392 [grpc-default-executor-6] INFO  impl.RaftServerImpl (RaftServerImpl.java:setRole(184)) - 6fa005cd-25d6-4e29-bda6-9462a060c098@group-BAC069DAEF17: changes role from  FOLLOWER to FOLLOWER at term 242 for recognizeCandidate:4b487190-7547-40c7-b780-43c37a89e8eb
2019-10-18 07:54:31,392 [Thread-1830] INFO  impl.FollowerState (FollowerState.java:run(117)) - 3d3aac8b-d4d1-454d-bf0c-88a180692893@group-BAC069DAEF17-FollowerState was interrupted: java.lang.InterruptedException: sleep interrupted
2019-10-18 07:54:31,392 [grpc-default-executor-0] INFO  impl.RoleInfo (RoleInfo.java:updateAndGet(143)) - 3d3aac8b-d4d1-454d-bf0c-88a180692893: start FollowerState
2019-10-18 07:54:31,393 [grpc-default-executor-6] INFO  impl.RoleInfo (RoleInfo.java:shutdownFollowerState(121)) - 6fa005cd-25d6-4e29-bda6-9462a060c098: shutdown FollowerState
2019-10-18 07:54:31,393 [Thread-1831] INFO  impl.FollowerState (FollowerState.java:run(117)) - 6fa005cd-25d6-4e29-bda6-9462a060c098@group-BAC069DAEF17-FollowerState was interrupted: java.lang.InterruptedException: sleep interrupted
2019-10-18 07:54:31,393 [grpc-default-executor-6] INFO  impl.RoleInfo (RoleInfo.java:updateAndGet(143)) - 6fa005cd-25d6-4e29-bda6-9462a060c098: start FollowerState
2019-10-18 07:54:31,408 [4b487190-7547-40c7-b780-43c37a89e8eb@group-BAC069DAEF17-LeaderElection230] INFO  impl.LeaderElection (LeaderElection.java:logAndReturn(56)) - 4b487190-7547-40c7-b780-43c37a89e8eb@group-BAC069DAEF17-LeaderElection230: Election REJECTED; received 2 response(s) [4b487190-7547-40c7-b780-43c37a89e8eb<-6fa005cd-25d6-4e29-bda6-9462a060c098#0:FAIL-t242, 4b487190-7547-40c7-b780-43c37a89e8eb<-3d3aac8b-d4d1-454d-bf0c-88a180692893#0:FAIL-t242] and 0 exception(s); 4b487190-7547-40c7-b780-43c37a89e8eb@group-BAC069DAEF17:t242, leader=null, voted=4b487190-7547-40c7-b780-43c37a89e8eb, raftlog=4b487190-7547-40c7-b780-43c37a89e8eb@group-BAC069DAEF17-SegmentedRaftLog:OPENED:c-1,f-1,i0, conf=-1: [6fa005cd-25d6-4e29-bda6-9462a060c098:192.168.69.67:36093, 4b487190-7547-40c7-b780-43c37a89e8eb:192.168.69.67:39683, 3d3aac8b-d4d1-454d-bf0c-88a180692893:192.168.69.67:34429], old=null
2019-10-18 07:54:31,408 [4b487190-7547-40c7-b780-43c37a89e8eb@group-BAC069DAEF17-LeaderElection230] INFO  impl.RaftServerImpl (RaftServerImpl.java:setRole(184)) - 4b487190-7547-40c7-b780-43c37a89e8eb@group-BAC069DAEF17: changes role from CANDIDATE to FOLLOWER at term 242 for DISCOVERED_A_NEW_TERM
2019-10-18 07:54:31,408 [4b487190-7547-40c7-b780-43c37a89e8eb@group-BAC069DAEF17-LeaderElection230] INFO  impl.RoleInfo (RoleInfo.java:shutdownLeaderElection(134)) - 4b487190-7547-40c7-b780-43c37a89e8eb: shutdown LeaderElection
2019-10-18 07:54:31,408 [4b487190-7547-40c7-b780-43c37a89e8eb@group-BAC069DAEF17-LeaderElection230] INFO  impl.RoleInfo (RoleInfo.java:updateAndGet(143)) - 4b487190-7547-40c7-b780-43c37a89e8eb: start FollowerState
2019-10-18 07:54:31,555 [Thread-1838] INFO  impl.FollowerState (FollowerState.java:run(108)) - 4b487190-7547-40c7-b780-43c37a89e8eb@group-BAC069DAEF17-FollowerState: change to CANDIDATE, lastRpcTime:147ms, electionTimeout:147ms
2019-10-18 07:54:31,556 [Thread-1838] INFO  impl.RoleInfo (RoleInfo.java:shutdownFollowerState(121)) - 4b487190-7547-40c7-b780-43c37a89e8eb: shutdown FollowerState
2019-10-18 07:54:31,556 [Thread-1838] INFO  impl.RaftServerImpl (RaftServerImpl.java:setRole(184)) - 4b487190-7547-40c7-b780-43c37a89e8eb@group-BAC069DAEF17: changes role from  FOLLOWER to CANDIDATE at term 242 for changeToCandidate
2019-10-18 07:54:31,556 [Thread-1838] INFO  impl.RoleInfo (RoleInfo.java:updateAndGet(143)) - 4b487190-7547-40c7-b780-43c37a89e8eb: start LeaderElection
2019-10-18 07:54:31,578 [4b487190-7547-40c7-b780-43c37a89e8eb@group-BAC069DAEF17-LeaderElection231] INFO  impl.LeaderElection (LeaderElection.java:askForVotes(178)) - 4b487190-7547-40c7-b780-43c37a89e8eb@group-BAC069DAEF17-LeaderElection231: begin an election at term 243 for -1: [6fa005cd-25d6-4e29-bda6-9462a060c098:192.168.69.67:36093, 4b487190-7547-40c7-b780-43c37a89e8eb:192.168.69.67:39683, 3d3aac8b-d4d1-454d-bf0c-88a180692893:192.168.69.67:34429], old=null
2019-10-18 07:54:31,580 [grpc-default-executor-0] INFO  impl.RaftServerImpl (RaftServerImpl.java:setRole(184)) - 6fa005cd-25d6-4e29-bda6-9462a060c098@group-BAC069DAEF17: changes role from  FOLLOWER to FOLLOWER at term 243 for recognizeCandidate:4b487190-7547-40c7-b780-43c37a89e8eb
2019-10-18 07:54:31,581 [grpc-default-executor-6] INFO  impl.RaftServerImpl (RaftServerImpl.java:setRole(184)) - 3d3aac8b-d4d1-454d-bf0c-88a180692893@group-BAC069DAEF17: changes role from  FOLLOWER to FOLLOWER at term 243 for recognizeCandidate:4b487190-7547-40c7-b780-43c37a89e8eb
2019-10-18 07:54:31,581 [grpc-default-executor-0] INFO  impl.RoleInfo (RoleInfo.java:shutdownFollowerState(121)) - 6fa005cd-25d6-4e29-bda6-9462a060c098: shutdown FollowerState
2019-10-18 07:54:31,581 [grpc-default-executor-6] INFO  impl.RoleInfo (RoleInfo.java:shutdownFollowerState(121)) - 3d3aac8b-d4d1-454d-bf0c-88a180692893: shutdown FollowerState
2019-10-18 07:54:31,581 [Thread-1837] INFO  impl.FollowerState (FollowerState.java:run(117)) - 6fa005cd-25d6-4e29-bda6-9462a060c098@group-BAC069DAEF17-FollowerState was interrupted: java.lang.InterruptedException: sleep interrupted
2019-10-18 07:54:31,581 [Thread-1836] INFO  impl.FollowerState (FollowerState.java:run(117)) - 3d3aac8b-d4d1-454d-bf0c-88a180692893@group-BAC069DAEF17-FollowerState was interrupted: java.lang.InterruptedException: sleep interrupted
2019-10-18 07:54:31,581 [grpc-default-executor-0] INFO  impl.RoleInfo (RoleInfo.java:updateAndGet(143)) - 6fa005cd-25d6-4e29-bda6-9462a060c098: start FollowerState
2019-10-18 07:54:31,581 [grpc-default-executor-6] INFO  impl.RoleInfo (RoleInfo.java:updateAndGet(143)) - 3d3aac8b-d4d1-454d-bf0c-88a180692893: start FollowerState
2019-10-18 07:54:31,595 [4b487190-7547-40c7-b780-43c37a89e8eb@group-BAC069DAEF17-LeaderElection231] INFO  impl.LeaderElection (LeaderElection.java:logAndReturn(56)) - 4b487190-7547-40c7-b780-43c37a89e8eb@group-BAC069DAEF17-LeaderElection231: Election REJECTED; received 2 response(s) [4b487190-7547-40c7-b780-43c37a89e8eb<-6fa005cd-25d6-4e29-bda6-9462a060c098#0:FAIL-t243, 4b487190-7547-40c7-b780-43c37a89e8eb<-3d3aac8b-d4d1-454d-bf0c-88a180692893#0:FAIL-t243] and 0 exception(s); 4b487190-7547-40c7-b780-43c37a89e8eb@group-BAC069DAEF17:t243, leader=null, voted=4b487190-7547-40c7-b780-43c37a89e8eb, raftlog=4b487190-7547-40c7-b780-43c37a89e8eb@group-BAC069DAEF17-SegmentedRaftLog:OPENED:c-1,f-1,i0, conf=-1: [6fa005cd-25d6-4e29-bda6-9462a060c098:192.168.69.67:36093, 4b487190-7547-40c7-b780-43c37a89e8eb:192.168.69.67:39683, 3d3aac8b-d4d1-454d-bf0c-88a180692893:192.168.69.67:34429], old=null
2019-10-18 07:54:31,596 [4b487190-7547-40c7-b780-43c37a89e8eb@group-BAC069DAEF17-LeaderElection231] INFO  impl.RaftServerImpl (RaftServerImpl.java:setRole(184)) - 4b487190-7547-40c7-b780-43c37a89e8eb@group-BAC069DAEF17: changes role from CANDIDATE to FOLLOWER at term 243 for DISCOVERED_A_NEW_TERM
2019-10-18 07:54:31,596 [4b487190-7547-40c7-b780-43c37a89e8eb@group-BAC069DAEF17-LeaderElection231] INFO  impl.RoleInfo (RoleInfo.java:shutdownLeaderElection(134)) - 4b487190-7547-40c7-b780-43c37a89e8eb: shutdown LeaderElection
2019-10-18 07:54:31,596 [4b487190-7547-40c7-b780-43c37a89e8eb@group-BAC069DAEF17-LeaderElection231] INFO  impl.RoleInfo (RoleInfo.java:updateAndGet(143)) - 4b487190-7547-40c7-b780-43c37a89e8eb: start FollowerState
2019-10-18 07:54:31,777 [Thread-1844] INFO  impl.FollowerState (FollowerState.java:run(108)) - 4b487190-7547-40c7-b780-43c37a89e8eb@group-BAC069DAEF17-FollowerState: change to CANDIDATE, lastRpcTime:181ms, electionTimeout:181ms
2019-10-18 07:54:31,777 [Thread-1844] INFO  impl.RoleInfo (RoleInfo.java:shutdownFollowerState(121)) - 4b487190-7547-40c7-b780-43c37a89e8eb: shutdown FollowerState
2019-10-18 07:54:31,778 [Thread-1844] INFO  impl.RaftServerImpl (RaftServerImpl.java:setRole(184)) - 4b487190-7547-40c7-b780-43c37a89e8eb@group-BAC069DAEF17: changes role from  FOLLOWER to CANDIDATE at term 243 for changeToCandidate
2019-10-18 07:54:31,778 [Thread-1844] INFO  impl.RoleInfo (RoleInfo.java:updateAndGet(143)) - 4b487190-7547-40c7-b780-43c37a89e8eb: start LeaderElection
2019-10-18 07:54:31,791 [4b487190-7547-40c7-b780-43c37a89e8eb@group-BAC069DAEF17-LeaderElection232] INFO  impl.LeaderElection (LeaderElection.java:askForVotes(178)) - 4b487190-7547-40c7-b780-43c37a89e8eb@group-BAC069DAEF17-LeaderElection232: begin an election at term 244 for -1: [6fa005cd-25d6-4e29-bda6-9462a060c098:192.168.69.67:36093, 4b487190-7547-40c7-b780-43c37a89e8eb:192.168.69.67:39683, 3d3aac8b-d4d1-454d-bf0c-88a180692893:192.168.69.67:34429], old=null
2019-10-18 07:54:31,794 [grpc-default-executor-0] INFO  impl.RaftServerImpl (RaftServerImpl.java:setRole(184)) - 3d3aac8b-d4d1-454d-bf0c-88a180692893@group-BAC069DAEF17: changes role from  FOLLOWER to FOLLOWER at term 244 for recognizeCandidate:4b487190-7547-40c7-b780-43c37a89e8eb
2019-10-18 07:54:31,794 [grpc-default-executor-0] INFO  impl.RoleInfo (RoleInfo.java:shutdownFollowerState(121)) - 3d3aac8b-d4d1-454d-bf0c-88a180692893: shutdown FollowerState
2019-10-18 07:54:31,794 [grpc-default-executor-6] INFO  impl.RaftServerImpl (RaftServerImpl.java:setRole(184)) - 6fa005cd-25d6-4e29-bda6-9462a060c098@group-BAC069DAEF17: changes role from  FOLLOWER to FOLLOWER at term 244 for recognizeCandidate:4b487190-7547-40c7-b780-43c37a89e8eb
2019-10-18 07:54:31,794 [grpc-default-executor-6] INFO  impl.RoleInfo (RoleInfo.java:shutdownFollowerState(121)) - 6fa005cd-25d6-4e29-bda6-9462a060c098: shutdown FollowerState
2019-10-18 07:54:31,794 [Thread-1843] INFO  impl.FollowerState (FollowerState.java:run(117)) - 3d3aac8b-d4d1-454d-bf0c-88a180692893@group-BAC069DAEF17-FollowerState was interrupted: java.lang.InterruptedException: sleep interrupted
2019-10-18 07:54:31,794 [grpc-default-executor-0] INFO  impl.RoleInfo (RoleInfo.java:updateAndGet(143)) - 3d3aac8b-d4d1-454d-bf0c-88a180692893: start FollowerState
2019-10-18 07:54:31,794 [Thread-1842] INFO  impl.FollowerState (FollowerState.java:run(117)) - 6fa005cd-25d6-4e29-bda6-9462a060c098@group-BAC069DAEF17-FollowerState was interrupted: java.lang.InterruptedException: sleep interrupted
2019-10-18 07:54:31,794 [grpc-default-executor-6] INFO  impl.RoleInfo (RoleInfo.java:updateAndGet(143)) - 6fa005cd-25d6-4e29-bda6-9462a060c098: start FollowerState
2019-10-18 07:54:31,808 [4b487190-7547-40c7-b780-43c37a89e8eb@group-BAC069DAEF17-LeaderElection232] INFO  impl.LeaderElection (LeaderElection.java:logAndReturn(56)) - 4b487190-7547-40c7-b780-43c37a89e8eb@group-BAC069DAEF17-LeaderElection232: Election REJECTED; received 2 response(s) [4b487190-7547-40c7-b780-43c37a89e8eb<-6fa005cd-25d6-4e29-bda6-9462a060c098#0:FAIL-t244, 4b487190-7547-40c7-b780-43c37a89e8eb<-3d3aac8b-d4d1-454d-bf0c-88a180692893#0:FAIL-t244] and 0 exception(s); 4b487190-7547-40c7-b780-43c37a89e8eb@group-BAC069DAEF17:t244, leader=null, voted=4b487190-7547-40c7-b780-43c37a89e8eb, raftlog=4b487190-7547-40c7-b780-43c37a89e8eb@group-BAC069DAEF17-SegmentedRaftLog:OPENED:c-1,f-1,i0, conf=-1: [6fa005cd-25d6-4e29-bda6-9462a060c098:192.168.69.67:36093, 4b487190-7547-40c7-b780-43c37a89e8eb:192.168.69.67:39683, 3d3aac8b-d4d1-454d-bf0c-88a180692893:192.168.69.67:34429], old=null
2019-10-18 07:54:31,809 [4b487190-7547-40c7-b780-43c37a89e8eb@group-BAC069DAEF17-LeaderElection232] INFO  impl.RaftServerImpl (RaftServerImpl.java:setRole(184)) - 4b487190-7547-40c7-b780-43c37a89e8eb@group-BAC069DAEF17: changes role from CANDIDATE to FOLLOWER at term 244 for DISCOVERED_A_NEW_TERM
2019-10-18 07:54:31,809 [4b487190-7547-40c7-b780-43c37a89e8eb@group-BAC069DAEF17-LeaderElection232] INFO  impl.RoleInfo (RoleInfo.java:shutdownLeaderElection(134)) - 4b487190-7547-40c7-b780-43c37a89e8eb: shutdown LeaderElection
2019-10-18 07:54:31,809 [4b487190-7547-40c7-b780-43c37a89e8eb@group-BAC069DAEF17-LeaderElection232] INFO  impl.RoleInfo (RoleInfo.java:updateAndGet(143)) - 4b487190-7547-40c7-b780-43c37a89e8eb: start FollowerState
2019-10-18 07:54:31,853 [Thread-1850] INFO  impl.FollowerState (FollowerState.java:run(108)) - 4b487190-7547-40c7-b780-43c37a89e8eb@group-BAC069DAEF17-FollowerState: change to CANDIDATE, lastRpcTime:43ms, electionTimeout:43ms
2019-10-18 07:54:31,853 [Thread-1850] INFO  impl.RoleInfo (RoleInfo.java:shutdownFollowerState(121)) - 4b487190-7547-40c7-b780-43c37a89e8eb: shutdown FollowerState
2019-10-18 07:54:31,853 [Thread-1850] INFO  impl.RaftServerImpl (RaftServerImpl.java:setRole(184)) - 4b487190-7547-40c7-b780-43c37a89e8eb@group-BAC069DAEF17: changes role from  FOLLOWER to CANDIDATE at term 244 for changeToCandidate
2019-10-18 07:54:31,853 [Thread-1850] INFO  impl.RoleInfo (RoleInfo.java:updateAndGet(143)) - 4b487190-7547-40c7-b780-43c37a89e8eb: start LeaderElection
2019-10-18 07:54:31,867 [4b487190-7547-40c7-b780-43c37a89e8eb@group-BAC069DAEF17-LeaderElection233] INFO  impl.LeaderElection (LeaderElection.java:askForVotes(178)) - 4b487190-7547-40c7-b780-43c37a89e8eb@group-BAC069DAEF17-LeaderElection233: begin an election at term 245 for -1: [6fa005cd-25d6-4e29-bda6-9462a060c098:192.168.69.67:36093, 4b487190-7547-40c7-b780-43c37a89e8eb:192.168.69.67:39683, 3d3aac8b-d4d1-454d-bf0c-88a180692893:192.168.69.67:34429], old=null
2019-10-18 07:54:31,868 [4b487190-7547-40c7-b780-43c37a89e8eb@group-BAC069DAEF17-LeaderElection233] INFO  impl.LeaderElection (LeaderElection.java:logAndReturn(56)) - 4b487190-7547-40c7-b780-43c37a89e8eb@group-BAC069DAEF17-LeaderElection233: Election TIMEOUT; received 0 response(s) [] and 0 exception(s); 4b487190-7547-40c7-b780-43c37a89e8eb@group-BAC069DAEF17:t245, leader=null, voted=4b487190-7547-40c7-b780-43c37a89e8eb, raftlog=4b487190-7547-40c7-b780-43c37a89e8eb@group-BAC069DAEF17-SegmentedRaftLog:OPENED:c-1,f-1,i0, conf=-1: [6fa005cd-25d6-4e29-bda6-9462a060c098:192.168.69.67:36093, 4b487190-7547-40c7-b780-43c37a89e8eb:192.168.69.67:39683, 3d3aac8b-d4d1-454d-bf0c-88a180692893:192.168.69.67:34429], old=null
2019-10-18 07:54:31,869 [grpc-default-executor-6] INFO  impl.RaftServerImpl (RaftServerImpl.java:setRole(184)) - 3d3aac8b-d4d1-454d-bf0c-88a180692893@group-BAC069DAEF17: changes role from  FOLLOWER to FOLLOWER at term 245 for recognizeCandidate:4b487190-7547-40c7-b780-43c37a89e8eb
2019-10-18 07:54:31,869 [grpc-default-executor-0] INFO  impl.RaftServerImpl (RaftServerImpl.java:setRole(184)) - 6fa005cd-25d6-4e29-bda6-9462a060c098@group-BAC069DAEF17: changes role from  FOLLOWER to FOLLOWER at term 245 for recognizeCandidate:4b487190-7547-40c7-b780-43c37a89e8eb
2019-10-18 07:54:31,869 [grpc-default-executor-6] INFO  impl.RoleInfo (RoleInfo.java:shutdownFollowerState(121)) - 3d3aac8b-d4d1-454d-bf0c-88a180692893: shutdown FollowerState
2019-10-18 07:54:31,869 [grpc-default-executor-0] INFO  impl.RoleInfo (RoleInfo.java:shutdownFollowerState(121)) - 6fa005cd-25d6-4e29-bda6-9462a060c098: shutdown FollowerState
2019-10-18 07:54:31,869 [Thread-1848] INFO  impl.FollowerState (FollowerState.java:run(117)) - 3d3aac8b-d4d1-454d-bf0c-88a180692893@group-BAC069DAEF17-FollowerState was interrupted: java.lang.InterruptedException: sleep interrupted
2019-10-18 07:54:31,869 [grpc-default-executor-6] INFO  impl.RoleInfo (RoleInfo.java:updateAndGet(143)) - 3d3aac8b-d4d1-454d-bf0c-88a180692893: start FollowerState
2019-10-18 07:54:31,869 [Thread-1849] INFO  impl.FollowerState (FollowerState.java:run(117)) - 6fa005cd-25d6-4e29-bda6-9462a060c098@group-BAC069DAEF17-FollowerState was interrupted: java.lang.InterruptedException: sleep interrupted
2019-10-18 07:54:31,869 [grpc-default-executor-0] INFO  impl.RoleInfo (RoleInfo.java:updateAndGet(143)) - 6fa005cd-25d6-4e29-bda6-9462a060c098: start FollowerState
2019-10-18 07:54:31,882 [4b487190-7547-40c7-b780-43c37a89e8eb@group-BAC069DAEF17-LeaderElection233] INFO  impl.LeaderElection (LeaderElection.java:askForVotes(178)) - 4b487190-7547-40c7-b780-43c37a89e8eb@group-BAC069DAEF17-LeaderElection233: begin an election at term 246 for -1: [6fa005cd-25d6-4e29-bda6-9462a060c098:192.168.69.67:36093, 4b487190-7547-40c7-b780-43c37a89e8eb:192.168.69.67:39683, 3d3aac8b-d4d1-454d-bf0c-88a180692893:192.168.69.67:34429], old=null
2019-10-18 07:54:31,883 [grpc-default-executor-0] INFO  impl.RaftServerImpl (RaftServerImpl.java:setRole(184)) - 6fa005cd-25d6-4e29-bda6-9462a060c098@group-BAC069DAEF17: changes role from  FOLLOWER to FOLLOWER at term 246 for recognizeCandidate:4b487190-7547-40c7-b780-43c37a89e8eb
2019-10-18 07:54:31,884 [grpc-default-executor-0] INFO  impl.RoleInfo (RoleInfo.java:shutdownFollowerState(121)) - 6fa005cd-25d6-4e29-bda6-9462a060c098: shutdown FollowerState
2019-10-18 07:54:31,884 [grpc-default-executor-0] INFO  impl.RoleInfo (RoleInfo.java:updateAndGet(143)) - 6fa005cd-25d6-4e29-bda6-9462a060c098: start FollowerState
2019-10-18 07:54:31,884 [Thread-1855] INFO  impl.FollowerState (FollowerState.java:run(117)) - 6fa005cd-25d6-4e29-bda6-9462a060c098@group-BAC069DAEF17-FollowerState was interrupted: java.lang.InterruptedException: sleep interrupted
2019-10-18 07:54:31,884 [grpc-default-executor-6] INFO  impl.RaftServerImpl (RaftServerImpl.java:setRole(184)) - 3d3aac8b-d4d1-454d-bf0c-88a180692893@group-BAC069DAEF17: changes role from  FOLLOWER to FOLLOWER at term 246 for recognizeCandidate:4b487190-7547-40c7-b780-43c37a89e8eb
2019-10-18 07:54:31,884 [grpc-default-executor-6] INFO  impl.RoleInfo (RoleInfo.java:shutdownFollowerState(121)) - 3d3aac8b-d4d1-454d-bf0c-88a180692893: shutdown FollowerState
2019-10-18 07:54:31,884 [grpc-default-executor-6] INFO  impl.RoleInfo (RoleInfo.java:updateAndGet(143)) - 3d3aac8b-d4d1-454d-bf0c-88a180692893: start FollowerState
2019-10-18 07:54:31,884 [Thread-1854] INFO  impl.FollowerState (FollowerState.java:run(117)) - 3d3aac8b-d4d1-454d-bf0c-88a180692893@group-BAC069DAEF17-FollowerState was interrupted: java.lang.InterruptedException: sleep interrupted
2019-10-18 07:54:31,898 [4b487190-7547-40c7-b780-43c37a89e8eb@group-BAC069DAEF17-LeaderElection233] INFO  impl.LeaderElection (LeaderElection.java:logAndReturn(56)) - 4b487190-7547-40c7-b780-43c37a89e8eb@group-BAC069DAEF17-LeaderElection233: Election REJECTED; received 2 response(s) [4b487190-7547-40c7-b780-43c37a89e8eb<-6fa005cd-25d6-4e29-bda6-9462a060c098#0:FAIL-t246, 4b487190-7547-40c7-b780-43c37a89e8eb<-3d3aac8b-d4d1-454d-bf0c-88a180692893#0:FAIL-t246] and 0 exception(s); 4b487190-7547-40c7-b780-43c37a89e8eb@group-BAC069DAEF17:t246, leader=null, voted=4b487190-7547-40c7-b780-43c37a89e8eb, raftlog=4b487190-7547-40c7-b780-43c37a89e8eb@group-BAC069DAEF17-SegmentedRaftLog:OPENED:c-1,f-1,i0, conf=-1: [6fa005cd-25d6-4e29-bda6-9462a060c098:192.168.69.67:36093, 4b487190-7547-40c7-b780-43c37a89e8eb:192.168.69.67:39683, 3d3aac8b-d4d1-454d-bf0c-88a180692893:192.168.69.67:34429], old=null
2019-10-18 07:54:31,898 [4b487190-7547-40c7-b780-43c37a89e8eb@group-BAC069DAEF17-LeaderElection233] INFO  impl.RaftServerImpl (RaftServerImpl.java:setRole(184)) - 4b487190-7547-40c7-b780-43c37a89e8eb@group-BAC069DAEF17: changes role from CANDIDATE to FOLLOWER at term 246 for DISCOVERED_A_NEW_TERM
2019-10-18 07:54:31,898 [4b487190-7547-40c7-b780-43c37a89e8eb@group-BAC069DAEF17-LeaderElection233] INFO  impl.RoleInfo (RoleInfo.java:shutdownLeaderElection(134)) - 4b487190-7547-40c7-b780-43c37a89e8eb: shutdown LeaderElection
2019-10-18 07:54:31,898 [4b487190-7547-40c7-b780-43c37a89e8eb@group-BAC069DAEF17-LeaderElection233] INFO  impl.RoleInfo (RoleInfo.java:updateAndGet(143)) - 4b487190-7547-40c7-b780-43c37a89e8eb: start FollowerState
2019-10-18 07:54:31,951 [Thread-1860] INFO  impl.FollowerState (FollowerState.java:run(108)) - 4b487190-7547-40c7-b780-43c37a89e8eb@group-BAC069DAEF17-FollowerState: change to CANDIDATE, lastRpcTime:53ms, electionTimeout:53ms
2019-10-18 07:54:31,951 [Thread-1860] INFO  impl.RoleInfo (RoleInfo.java:shutdownFollowerState(121)) - 4b487190-7547-40c7-b780-43c37a89e8eb: shutdown FollowerState
2019-10-18 07:54:31,952 [Thread-1860] INFO  impl.RaftServerImpl (RaftServerImpl.java:setRole(184)) - 4b487190-7547-40c7-b780-43c37a89e8eb@group-BAC069DAEF17: changes role from  FOLLOWER to CANDIDATE at term 246 for changeToCandidate
2019-10-18 07:54:31,952 [Thread-1860] INFO  impl.RoleInfo (RoleInfo.java:updateAndGet(143)) - 4b487190-7547-40c7-b780-43c37a89e8eb: start LeaderElection
2019-10-18 07:54:31,965 [4b487190-7547-40c7-b780-43c37a89e8eb@group-BAC069DAEF17-LeaderElection234] INFO  impl.LeaderElection (LeaderElection.java:askForVotes(178)) - 4b487190-7547-40c7-b780-43c37a89e8eb@group-BAC069DAEF17-LeaderElection234: begin an election at term 247 for -1: [6fa005cd-25d6-4e29-bda6-9462a060c098:192.168.69.67:36093, 4b487190-7547-40c7-b780-43c37a89e8eb:192.168.69.67:39683, 3d3aac8b-d4d1-454d-bf0c-88a180692893:192.168.69.67:34429], old=null
2019-10-18 07:54:31,967 [grpc-default-executor-6] INFO  impl.RaftServerImpl (RaftServerImpl.java:setRole(184)) - 3d3aac8b-d4d1-454d-bf0c-88a180692893@group-BAC069DAEF17: changes role from  FOLLOWER to FOLLOWER at term 247 for recognizeCandidate:4b487190-7547-40c7-b780-43c37a89e8eb
2019-10-18 07:54:31,967 [grpc-default-executor-6] INFO  impl.RoleInfo (RoleInfo.java:shutdownFollowerState(121)) - 3d3aac8b-d4d1-454d-bf0c-88a180692893: shutdown FollowerState
2019-10-18 07:54:31,967 [grpc-default-executor-0] INFO  impl.RaftServerImpl (RaftServerImpl.java:setRole(184)) - 6fa005cd-25d6-4e29-bda6-9462a060c098@group-BAC069DAEF17: changes role from  FOLLOWER to FOLLOWER at term 247 for recognizeCandidate:4b487190-7547-40c7-b780-43c37a89e8eb
2019-10-18 07:54:31,967 [Thread-1859] INFO  impl.FollowerState (FollowerState.java:run(117)) - 3d3aac8b-d4d1-454d-bf0c-88a180692893@group-BAC069DAEF17-FollowerState was interrupted: java.lang.InterruptedException: sleep interrupted
2019-10-18 07:54:31,967 [grpc-default-executor-6] INFO  impl.RoleInfo (RoleInfo.java:updateAndGet(143)) - 3d3aac8b-d4d1-454d-bf0c-88a180692893: start FollowerState
2019-10-18 07:54:31,967 [grpc-default-executor-0] INFO  impl.RoleInfo (RoleInfo.java:shutdownFollowerState(121)) - 6fa005cd-25d6-4e29-bda6-9462a060c098: shutdown FollowerState
2019-10-18 07:54:31,968 [grpc-default-executor-0] INFO  impl.RoleInfo (RoleInfo.java:updateAndGet(143)) - 6fa005cd-25d6-4e29-bda6-9462a060c098: start FollowerState
2019-10-18 07:54:31,968 [Thread-1858] INFO  impl.FollowerState (FollowerState.java:run(117)) - 6fa005cd-25d6-4e29-bda6-9462a060c098@group-BAC069DAEF17-FollowerState was interrupted: java.lang.InterruptedException: sleep interrupted
2019-10-18 07:54:31,982 [4b487190-7547-40c7-b780-43c37a89e8eb@group-BAC069DAEF17-LeaderElection234] INFO  impl.LeaderElection (LeaderElection.java:logAndReturn(56)) - 4b487190-7547-40c7-b780-43c37a89e8eb@group-BAC069DAEF17-LeaderElection234: Election REJECTED; received 2 response(s) [4b487190-7547-40c7-b780-43c37a89e8eb<-6fa005cd-25d6-4e29-bda6-9462a060c098#0:FAIL-t247, 4b487190-7547-40c7-b780-43c37a89e8eb<-3d3aac8b-d4d1-454d-bf0c-88a180692893#0:FAIL-t247] and 0 exception(s); 4b487190-7547-40c7-b780-43c37a89e8eb@group-BAC069DAEF17:t247, leader=null, voted=4b487190-7547-40c7-b780-43c37a89e8eb, raftlog=4b487190-7547-40c7-b780-43c37a89e8eb@group-BAC069DAEF17-SegmentedRaftLog:OPENED:c-1,f-1,i0, conf=-1: [6fa005cd-25d6-4e29-bda6-9462a060c098:192.168.69.67:36093, 4b487190-7547-40c7-b780-43c37a89e8eb:192.168.69.67:39683, 3d3aac8b-d4d1-454d-bf0c-88a180692893:192.168.69.67:34429], old=null
2019-10-18 07:54:31,982 [4b487190-7547-40c7-b780-43c37a89e8eb@group-BAC069DAEF17-LeaderElection234] INFO  impl.RaftServerImpl (RaftServerImpl.java:setRole(184)) - 4b487190-7547-40c7-b780-43c37a89e8eb@group-BAC069DAEF17: changes role from CANDIDATE to FOLLOWER at term 247 for DISCOVERED_A_NEW_TERM
2019-10-18 07:54:31,982 [4b487190-7547-40c7-b780-43c37a89e8eb@group-BAC069DAEF17-LeaderElection234] INFO  impl.RoleInfo (RoleInfo.java:shutdownLeaderElection(134)) - 4b487190-7547-40c7-b780-43c37a89e8eb: shutdown LeaderElection
2019-10-18 07:54:31,982 [4b487190-7547-40c7-b780-43c37a89e8eb@group-BAC069DAEF17-LeaderElection234] INFO  impl.RoleInfo (RoleInfo.java:updateAndGet(143)) - 4b487190-7547-40c7-b780-43c37a89e8eb: start FollowerState
2019-10-18 07:54:32,039 [Thread-1866] INFO  impl.FollowerState (FollowerState.java:run(108)) - 4b487190-7547-40c7-b780-43c37a89e8eb@group-BAC069DAEF17-FollowerState: change to CANDIDATE, lastRpcTime:56ms, electionTimeout:56ms
2019-10-18 07:54:32,039 [Thread-1866] INFO  impl.RoleInfo (RoleInfo.java:shutdownFollowerState(121)) - 4b487190-7547-40c7-b780-43c37a89e8eb: shutdown FollowerState
2019-10-18 07:54:32,039 [Thread-1866] INFO  impl.RaftServerImpl (RaftServerImpl.java:setRole(184)) - 4b487190-7547-40c7-b780-43c37a89e8eb@group-BAC069DAEF17: changes role from  FOLLOWER to CANDIDATE at term 247 for changeToCandidate
2019-10-18 07:54:32,039 [Thread-1866] INFO  impl.RoleInfo (RoleInfo.java:updateAndGet(143)) - 4b487190-7547-40c7-b780-43c37a89e8eb: start LeaderElection
2019-10-18 07:54:32,053 [4b487190-7547-40c7-b780-43c37a89e8eb@group-BAC069DAEF17-LeaderElection235] INFO  impl.LeaderElection (LeaderElection.java:askForVotes(178)) - 4b487190-7547-40c7-b780-43c37a89e8eb@group-BAC069DAEF17-LeaderElection235: begin an election at term 248 for -1: [6fa005cd-25d6-4e29-bda6-9462a060c098:192.168.69.67:36093, 4b487190-7547-40c7-b780-43c37a89e8eb:192.168.69.67:39683, 3d3aac8b-d4d1-454d-bf0c-88a180692893:192.168.69.67:34429], old=null
2019-10-18 07:54:32,055 [grpc-default-executor-6] INFO  impl.RaftServerImpl (RaftServerImpl.java:setRole(184)) - 6fa005cd-25d6-4e29-bda6-9462a060c098@group-BAC069DAEF17: changes role from  FOLLOWER to FOLLOWER at term 248 for recognizeCandidate:4b487190-7547-40c7-b780-43c37a89e8eb
2019-10-18 07:54:32,055 [grpc-default-executor-6] INFO  impl.RoleInfo (RoleInfo.java:shutdownFollowerState(121)) - 6fa005cd-25d6-4e29-bda6-9462a060c098: shutdown FollowerState
2019-10-18 07:54:32,055 [grpc-default-executor-6] INFO  impl.RoleInfo (RoleInfo.java:updateAndGet(143)) - 6fa005cd-25d6-4e29-bda6-9462a060c098: start FollowerState
2019-10-18 07:54:32,055 [Thread-1865] INFO  impl.FollowerState (FollowerState.java:run(117)) - 6fa005cd-25d6-4e29-bda6-9462a060c098@group-BAC069DAEF17-FollowerState was interrupted: java.lang.InterruptedException: sleep interrupted
2019-10-18 07:54:32,055 [grpc-default-executor-0] INFO  impl.RaftServerImpl (RaftServerImpl.java:setRole(184)) - 3d3aac8b-d4d1-454d-bf0c-88a180692893@group-BAC069DAEF17: changes role from  FOLLOWER to FOLLOWER at term 248 for recognizeCandidate:4b487190-7547-40c7-b780-43c37a89e8eb
2019-10-18 07:54:32,055 [grpc-default-executor-0] INFO  impl.RoleInfo (RoleInfo.java:shutdownFollowerState(121)) - 3d3aac8b-d4d1-454d-bf0c-88a180692893: shutdown FollowerState
2019-10-18 07:54:32,056 [grpc-default-executor-0] INFO  impl.RoleInfo (RoleInfo.java:updateAndGet(143)) - 3d3aac8b-d4d1-454d-bf0c-88a180692893: start FollowerState
2019-10-18 07:54:32,056 [Thread-1864] INFO  impl.FollowerState (FollowerState.java:run(117)) - 3d3aac8b-d4d1-454d-bf0c-88a180692893@group-BAC069DAEF17-FollowerState was interrupted: java.lang.InterruptedException: sleep interrupted
2019-10-18 07:54:32,069 [4b487190-7547-40c7-b780-43c37a89e8eb@group-BAC069DAEF17-LeaderElection235] INFO  impl.LeaderElection (LeaderElection.java:logAndReturn(56)) - 4b487190-7547-40c7-b780-43c37a89e8eb@group-BAC069DAEF17-LeaderElection235: Election REJECTED; received 2 response(s) [4b487190-7547-40c7-b780-43c37a89e8eb<-6fa005cd-25d6-4e29-bda6-9462a060c098#0:FAIL-t248, 4b487190-7547-40c7-b780-43c37a89e8eb<-3d3aac8b-d4d1-454d-bf0c-88a180692893#0:FAIL-t248] and 0 exception(s); 4b487190-7547-40c7-b780-43c37a89e8eb@group-BAC069DAEF17:t248, leader=null, voted=4b487190-7547-40c7-b780-43c37a89e8eb, raftlog=4b487190-7547-40c7-b780-43c37a89e8eb@group-BAC069DAEF17-SegmentedRaftLog:OPENED:c-1,f-1,i0, conf=-1: [6fa005cd-25d6-4e29-bda6-9462a060c098:192.168.69.67:36093, 4b487190-7547-40c7-b780-43c37a89e8eb:192.168.69.67:39683, 3d3aac8b-d4d1-454d-bf0c-88a180692893:192.168.69.67:34429], old=null
2019-10-18 07:54:32,069 [4b487190-7547-40c7-b780-43c37a89e8eb@group-BAC069DAEF17-LeaderElection235] INFO  impl.RaftServerImpl (RaftServerImpl.java:setRole(184)) - 4b487190-7547-40c7-b780-43c37a89e8eb@group-BAC069DAEF17: changes role from CANDIDATE to FOLLOWER at term 248 for DISCOVERED_A_NEW_TERM
2019-10-18 07:54:32,069 [4b487190-7547-40c7-b780-43c37a89e8eb@group-BAC069DAEF17-LeaderElection235] INFO  impl.RoleInfo (RoleInfo.java:shutdownLeaderElection(134)) - 4b487190-7547-40c7-b780-43c37a89e8eb: shutdown LeaderElection
2019-10-18 07:54:32,069 [4b487190-7547-40c7-b780-43c37a89e8eb@group-BAC069DAEF17-LeaderElection235] INFO  impl.RoleInfo (RoleInfo.java:updateAndGet(143)) - 4b487190-7547-40c7-b780-43c37a89e8eb: start FollowerState
2019-10-18 07:54:32,092 [Thread-1872] INFO  impl.FollowerState (FollowerState.java:run(108)) - 4b487190-7547-40c7-b780-43c37a89e8eb@group-BAC069DAEF17-FollowerState: change to CANDIDATE, lastRpcTime:22ms, electionTimeout:22ms
2019-10-18 07:54:32,092 [Thread-1872] INFO  impl.RoleInfo (RoleInfo.java:shutdownFollowerState(121)) - 4b487190-7547-40c7-b780-43c37a89e8eb: shutdown FollowerState
2019-10-18 07:54:32,092 [Thread-1872] INFO  impl.RaftServerImpl (RaftServerImpl.java:setRole(184)) - 4b487190-7547-40c7-b780-43c37a89e8eb@group-BAC069DAEF17: changes role from  FOLLOWER to CANDIDATE at term 248 for changeToCandidate
2019-10-18 07:54:32,092 [Thread-1872] INFO  impl.RoleInfo (RoleInfo.java:updateAndGet(143)) - 4b487190-7547-40c7-b780-43c37a89e8eb: start LeaderElection
2019-10-18 07:54:32,106 [4b487190-7547-40c7-b780-43c37a89e8eb@group-BAC069DAEF17-LeaderElection236] INFO  impl.LeaderElection (LeaderElection.java:askForVotes(178)) - 4b487190-7547-40c7-b780-43c37a89e8eb@group-BAC069DAEF17-LeaderElection236: begin an election at term 249 for -1: [6fa005cd-25d6-4e29-bda6-9462a060c098:192.168.69.67:36093, 4b487190-7547-40c7-b780-43c37a89e8eb:192.168.69.67:39683, 3d3aac8b-d4d1-454d-bf0c-88a180692893:192.168.69.67:34429], old=null
2019-10-18 07:54:32,108 [grpc-default-executor-0] INFO  impl.RaftServerImpl (RaftServerImpl.java:setRole(184)) - 6fa005cd-25d6-4e29-bda6-9462a060c098@group-BAC069DAEF17: changes role from  FOLLOWER to FOLLOWER at term 249 for recognizeCandidate:4b487190-7547-40c7-b780-43c37a89e8eb
2019-10-18 07:54:32,108 [grpc-default-executor-0] INFO  impl.RoleInfo (RoleInfo.java:shutdownFollowerState(121)) - 6fa005cd-25d6-4e29-bda6-9462a060c098: shutdown FollowerState
2019-10-18 07:54:32,108 [grpc-default-executor-0] INFO  impl.RoleInfo (RoleInfo.java:updateAndGet(143)) - 6fa005cd-25d6-4e29-bda6-9462a060c098: start FollowerState
2019-10-18 07:54:32,108 [grpc-default-executor-6] INFO  impl.RaftServerImpl (RaftServerImpl.java:setRole(184)) - 3d3aac8b-d4d1-454d-bf0c-88a180692893@group-BAC069DAEF17: changes role from  FOLLOWER to FOLLOWER at term 249 for recognizeCandidate:4b487190-7547-40c7-b780-43c37a89e8eb
2019-10-18 07:54:32,108 [Thread-1870] INFO  impl.FollowerState (FollowerState.java:run(117)) - 6fa005cd-25d6-4e29-bda6-9462a060c098@group-BAC069DAEF17-FollowerState was interrupted: java.lang.InterruptedException: sleep interrupted
2019-10-18 07:54:32,109 [grpc-default-executor-6] INFO  impl.RoleInfo (RoleInfo.java:shutdownFollowerState(121)) - 3d3aac8b-d4d1-454d-bf0c-88a180692893: shutdown FollowerState
2019-10-18 07:54:32,109 [grpc-default-executor-6] INFO  impl.RoleInfo (RoleInfo.java:updateAndGet(143)) - 3d3aac8b-d4d1-454d-bf0c-88a180692893: start FollowerState
2019-10-18 07:54:32,109 [Thread-1871] INFO  impl.FollowerState (FollowerState.java:run(117)) - 3d3aac8b-d4d1-454d-bf0c-88a180692893@group-BAC069DAEF17-FollowerState was interrupted: java.lang.InterruptedException: sleep interrupted
2019-10-18 07:54:32,123 [4b487190-7547-40c7-b780-43c37a89e8eb@group-BAC069DAEF17-LeaderElection236] INFO  impl.LeaderElection (LeaderElection.java:logAndReturn(56)) - 4b487190-7547-40c7-b780-43c37a89e8eb@group-BAC069DAEF17-LeaderElection236: Election REJECTED; received 2 response(s) [4b487190-7547-40c7-b780-43c37a89e8eb<-6fa005cd-25d6-4e29-bda6-9462a060c098#0:FAIL-t249, 4b487190-7547-40c7-b780-43c37a89e8eb<-3d3aac8b-d4d1-454d-bf0c-88a180692893#0:FAIL-t249] and 0 exception(s); 4b487190-7547-40c7-b780-43c37a89e8eb@group-BAC069DAEF17:t249, leader=null, voted=4b487190-7547-40c7-b780-43c37a89e8eb, raftlog=4b487190-7547-40c7-b780-43c37a89e8eb@group-BAC069DAEF17-SegmentedRaftLog:OPENED:c-1,f-1,i0, conf=-1: [6fa005cd-25d6-4e29-bda6-9462a060c098:192.168.69.67:36093, 4b487190-7547-40c7-b780-43c37a89e8eb:192.168.69.67:39683, 3d3aac8b-d4d1-454d-bf0c-88a180692893:192.168.69.67:34429], old=null
2019-10-18 07:54:32,123 [4b487190-7547-40c7-b780-43c37a89e8eb@group-BAC069DAEF17-LeaderElection236] INFO  impl.RaftServerImpl (RaftServerImpl.java:setRole(184)) - 4b487190-7547-40c7-b780-43c37a89e8eb@group-BAC069DAEF17: changes role from CANDIDATE to FOLLOWER at term 249 for DISCOVERED_A_NEW_TERM
2019-10-18 07:54:32,123 [4b487190-7547-40c7-b780-43c37a89e8eb@group-BAC069DAEF17-LeaderElection236] INFO  impl.RoleInfo (RoleInfo.java:shutdownLeaderElection(134)) - 4b487190-7547-40c7-b780-43c37a89e8eb: shutdown LeaderElection
2019-10-18 07:54:32,124 [4b487190-7547-40c7-b780-43c37a89e8eb@group-BAC069DAEF17-LeaderElection236] INFO  impl.RoleInfo (RoleInfo.java:updateAndGet(143)) - 4b487190-7547-40c7-b780-43c37a89e8eb: start FollowerState
2019-10-18 07:54:32,129 [Thread-1878] INFO  impl.FollowerState (FollowerState.java:run(108)) - 4b487190-7547-40c7-b780-43c37a89e8eb@group-BAC069DAEF17-FollowerState: change to CANDIDATE, lastRpcTime:5ms, electionTimeout:5ms
2019-10-18 07:54:32,129 [Thread-1878] INFO  impl.RoleInfo (RoleInfo.java:shutdownFollowerState(121)) - 4b487190-7547-40c7-b780-43c37a89e8eb: shutdown FollowerState
2019-10-18 07:54:32,129 [Thread-1878] INFO  impl.RaftServerImpl (RaftServerImpl.java:setRole(184)) - 4b487190-7547-40c7-b780-43c37a89e8eb@group-BAC069DAEF17: changes role from  FOLLOWER to CANDIDATE at term 249 for changeToCandidate
2019-10-18 07:54:32,129 [Thread-1878] INFO  impl.RoleInfo (RoleInfo.java:updateAndGet(143)) - 4b487190-7547-40c7-b780-43c37a89e8eb: start LeaderElection
2019-10-18 07:54:32,142 [4b487190-7547-40c7-b780-43c37a89e8eb@group-BAC069DAEF17-LeaderElection237] INFO  impl.LeaderElection (LeaderElection.java:askForVotes(178)) - 4b487190-7547-40c7-b780-43c37a89e8eb@group-BAC069DAEF17-LeaderElection237: begin an election at term 250 for -1: [6fa005cd-25d6-4e29-bda6-9462a060c098:192.168.69.67:36093, 4b487190-7547-40c7-b780-43c37a89e8eb:192.168.69.67:39683, 3d3aac8b-d4d1-454d-bf0c-88a180692893:192.168.69.67:34429], old=null
2019-10-18 07:54:32,145 [grpc-default-executor-0] INFO  impl.RaftServerImpl (RaftServerImpl.java:setRole(184)) - 6fa005cd-25d6-4e29-bda6-9462a060c098@group-BAC069DAEF17: changes role from  FOLLOWER to FOLLOWER at term 250 for recognizeCandidate:4b487190-7547-40c7-b780-43c37a89e8eb
2019-10-18 07:54:32,145 [grpc-default-executor-0] INFO  impl.RoleInfo (RoleInfo.java:shutdownFollowerState(121)) - 6fa005cd-25d6-4e29-bda6-9462a060c098: shutdown FollowerState
2019-10-18 07:54:32,145 [grpc-default-executor-0] INFO  impl.RoleInfo (RoleInfo.java:updateAndGet(143)) - 6fa005cd-25d6-4e29-bda6-9462a060c098: start FollowerState
2019-10-18 07:54:32,145 [Thread-1876] INFO  impl.FollowerState (FollowerState.java:run(117)) - 6fa005cd-25d6-4e29-bda6-9462a060c098@group-BAC069DAEF17-FollowerState was interrupted: java.lang.InterruptedException: sleep interrupted
2019-10-18 07:54:32,145 [grpc-default-executor-6] INFO  impl.RaftServerImpl (RaftServerImpl.java:setRole(184)) - 3d3aac8b-d4d1-454d-bf0c-88a180692893@group-BAC069DAEF17: changes role from  FOLLOWER to FOLLOWER at term 250 for recognizeCandidate:4b487190-7547-40c7-b780-43c37a89e8eb
2019-10-18 07:54:32,145 [grpc-default-executor-6] INFO  impl.RoleInfo (RoleInfo.java:shutdownFollowerState(121)) - 3d3aac8b-d4d1-454d-bf0c-88a180692893: shutdown FollowerState
2019-10-18 07:54:32,146 [grpc-default-executor-6] INFO  impl.RoleInfo (RoleInfo.java:updateAndGet(143)) - 3d3aac8b-d4d1-454d-bf0c-88a180692893: start FollowerState
2019-10-18 07:54:32,146 [Thread-1877] INFO  impl.FollowerState (FollowerState.java:run(117)) - 3d3aac8b-d4d1-454d-bf0c-88a180692893@group-BAC069DAEF17-FollowerState was interrupted: java.lang.InterruptedException: sleep interrupted
2019-10-18 07:54:32,159 [4b487190-7547-40c7-b780-43c37a89e8eb@group-BAC069DAEF17-LeaderElection237] INFO  impl.LeaderElection (LeaderElection.java:logAndReturn(56)) - 4b487190-7547-40c7-b780-43c37a89e8eb@group-BAC069DAEF17-LeaderElection237: Election REJECTED; received 2 response(s) [4b487190-7547-40c7-b780-43c37a89e8eb<-6fa005cd-25d6-4e29-bda6-9462a060c098#0:FAIL-t250, 4b487190-7547-40c7-b780-43c37a89e8eb<-3d3aac8b-d4d1-454d-bf0c-88a180692893#0:FAIL-t250] and 0 exception(s); 4b487190-7547-40c7-b780-43c37a89e8eb@group-BAC069DAEF17:t250, leader=null, voted=4b487190-7547-40c7-b780-43c37a89e8eb, raftlog=4b487190-7547-40c7-b780-43c37a89e8eb@group-BAC069DAEF17-SegmentedRaftLog:OPENED:c-1,f-1,i0, conf=-1: [6fa005cd-25d6-4e29-bda6-9462a060c098:192.168.69.67:36093, 4b487190-7547-40c7-b780-43c37a89e8eb:192.168.69.67:39683, 3d3aac8b-d4d1-454d-bf0c-88a180692893:192.168.69.67:34429], old=null
2019-10-18 07:54:32,159 [4b487190-7547-40c7-b780-43c37a89e8eb@group-BAC069DAEF17-LeaderElection237] INFO  impl.RaftServerImpl (RaftServerImpl.java:setRole(184)) - 4b487190-7547-40c7-b780-43c37a89e8eb@group-BAC069DAEF17: changes role from CANDIDATE to FOLLOWER at term 250 for DISCOVERED_A_NEW_TERM
2019-10-18 07:54:32,159 [4b487190-7547-40c7-b780-43c37a89e8eb@group-BAC069DAEF17-LeaderElection237] INFO  impl.RoleInfo (RoleInfo.java:shutdownLeaderElection(134)) - 4b487190-7547-40c7-b780-43c37a89e8eb: shutdown LeaderElection
2019-10-18 07:54:32,159 [4b487190-7547-40c7-b780-43c37a89e8eb@group-BAC069DAEF17-LeaderElection237] INFO  impl.RoleInfo (RoleInfo.java:updateAndGet(143)) - 4b487190-7547-40c7-b780-43c37a89e8eb: start FollowerState
2019-10-18 07:54:32,193 [Thread-1884] INFO  impl.FollowerState (FollowerState.java:run(108)) - 4b487190-7547-40c7-b780-43c37a89e8eb@group-BAC069DAEF17-FollowerState: change to CANDIDATE, lastRpcTime:33ms, electionTimeout:33ms
2019-10-18 07:54:32,193 [Thread-1884] INFO  impl.RoleInfo (RoleInfo.java:shutdownFollowerState(121)) - 4b487190-7547-40c7-b780-43c37a89e8eb: shutdown FollowerState
2019-10-18 07:54:32,193 [Thread-1884] INFO  impl.RaftServerImpl (RaftServerImpl.java:setRole(184)) - 4b487190-7547-40c7-b780-43c37a89e8eb@group-BAC069DAEF17: changes role from  FOLLOWER to CANDIDATE at term 250 for changeToCandidate
2019-10-18 07:54:32,193 [Thread-1884] INFO  impl.RoleInfo (RoleInfo.java:updateAndGet(143)) - 4b487190-7547-40c7-b780-43c37a89e8eb: start LeaderElection
2019-10-18 07:54:32,206 [4b487190-7547-40c7-b780-43c37a89e8eb@group-BAC069DAEF17-LeaderElection238] INFO  impl.LeaderElection (LeaderElection.java:askForVotes(178)) - 4b487190-7547-40c7-b780-43c37a89e8eb@group-BAC069DAEF17-LeaderElection238: begin an election at term 251 for -1: [6fa005cd-25d6-4e29-bda6-9462a060c098:192.168.69.67:36093, 4b487190-7547-40c7-b780-43c37a89e8eb:192.168.69.67:39683, 3d3aac8b-d4d1-454d-bf0c-88a180692893:192.168.69.67:34429], old=null
2019-10-18 07:54:32,208 [grpc-default-executor-0] INFO  impl.RaftServerImpl (RaftServerImpl.java:setRole(184)) - 6fa005cd-25d6-4e29-bda6-9462a060c098@group-BAC069DAEF17: changes role from  FOLLOWER to FOLLOWER at term 251 for recognizeCandidate:4b487190-7547-40c7-b780-43c37a89e8eb
2019-10-18 07:54:32,208 [grpc-default-executor-0] INFO  impl.RoleInfo (RoleInfo.java:shutdownFollowerState(121)) - 6fa005cd-25d6-4e29-bda6-9462a060c098: shutdown FollowerState
2019-10-18 07:54:32,208 [grpc-default-executor-6] INFO  impl.RaftServerImpl (RaftServerImpl.java:setRole(184)) - 3d3aac8b-d4d1-454d-bf0c-88a180692893@group-BAC069DAEF17: changes role from  FOLLOWER to FOLLOWER at term 251 for recognizeCandidate:4b487190-7547-40c7-b780-43c37a89e8eb
2019-10-18 07:54:32,208 [grpc-default-executor-6] INFO  impl.RoleInfo (RoleInfo.java:shutdownFollowerState(121)) - 3d3aac8b-d4d1-454d-bf0c-88a180692893: shutdown FollowerState
2019-10-18 07:54:32,208 [Thread-1882] INFO  impl.FollowerState (FollowerState.java:run(117)) - 6fa005cd-25d6-4e29-bda6-9462a060c098@group-BAC069DAEF17-FollowerState was interrupted: java.lang.InterruptedException: sleep interrupted
2019-10-18 07:54:32,208 [grpc-default-executor-0] INFO  impl.RoleInfo (RoleInfo.java:updateAndGet(143)) - 6fa005cd-25d6-4e29-bda6-9462a060c098: start FollowerState
2019-10-18 07:54:32,209 [Thread-1883] INFO  impl.FollowerState (FollowerState.java:run(117)) - 3d3aac8b-d4d1-454d-bf0c-88a180692893@group-BAC069DAEF17-FollowerState was interrupted: java.lang.InterruptedException: sleep interrupted
2019-10-18 07:54:32,209 [grpc-default-executor-6] INFO  impl.RoleInfo (RoleInfo.java:updateAndGet(143)) - 3d3aac8b-d4d1-454d-bf0c-88a180692893: start FollowerState
2019-10-18 07:54:32,226 [4b487190-7547-40c7-b780-43c37a89e8eb@group-BAC069DAEF17-LeaderElection238] INFO  impl.LeaderElection (LeaderElection.java:logAndReturn(56)) - 4b487190-7547-40c7-b780-43c37a89e8eb@group-BAC069DAEF17-LeaderElection238: Election REJECTED; received 2 response(s) [4b487190-7547-40c7-b780-43c37a89e8eb<-6fa005cd-25d6-4e29-bda6-9462a060c098#0:FAIL-t251, 4b487190-7547-40c7-b780-43c37a89e8eb<-3d3aac8b-d4d1-454d-bf0c-88a180692893#0:FAIL-t251] and 0 exception(s); 4b487190-7547-40c7-b780-43c37a89e8eb@group-BAC069DAEF17:t251, leader=null, voted=4b487190-7547-40c7-b780-43c37a89e8eb, raftlog=4b487190-7547-40c7-b780-43c37a89e8eb@group-BAC069DAEF17-SegmentedRaftLog:OPENED:c-1,f-1,i0, conf=-1: [6fa005cd-25d6-4e29-bda6-9462a060c098:192.168.69.67:36093, 4b487190-7547-40c7-b780-43c37a89e8eb:192.168.69.67:39683, 3d3aac8b-d4d1-454d-bf0c-88a180692893:192.168.69.67:34429], old=null
2019-10-18 07:54:32,226 [4b487190-7547-40c7-b780-43c37a89e8eb@group-BAC069DAEF17-LeaderElection238] INFO  impl.RaftServerImpl (RaftServerImpl.java:setRole(184)) - 4b487190-7547-40c7-b780-43c37a89e8eb@group-BAC069DAEF17: changes role from CANDIDATE to FOLLOWER at term 251 for DISCOVERED_A_NEW_TERM
2019-10-18 07:54:32,226 [4b487190-7547-40c7-b780-43c37a89e8eb@group-BAC069DAEF17-LeaderElection238] INFO  impl.RoleInfo (RoleInfo.java:shutdownLeaderElection(134)) - 4b487190-7547-40c7-b780-43c37a89e8eb: shutdown LeaderElection
2019-10-18 07:54:32,226 [4b487190-7547-40c7-b780-43c37a89e8eb@group-BAC069DAEF17-LeaderElection238] INFO  impl.RoleInfo (RoleInfo.java:updateAndGet(143)) - 4b487190-7547-40c7-b780-43c37a89e8eb: start FollowerState
2019-10-18 07:54:32,323 [Thread-1890] INFO  impl.FollowerState (FollowerState.java:run(108)) - 4b487190-7547-40c7-b780-43c37a89e8eb@group-BAC069DAEF17-FollowerState: change to CANDIDATE, lastRpcTime:96ms, electionTimeout:96ms
2019-10-18 07:54:32,323 [Thread-1890] INFO  impl.RoleInfo (RoleInfo.java:shutdownFollowerState(121)) - 4b487190-7547-40c7-b780-43c37a89e8eb: shutdown FollowerState
2019-10-18 07:54:32,323 [Thread-1890] INFO  impl.RaftServerImpl (RaftServerImpl.java:setRole(184)) - 4b487190-7547-40c7-b780-43c37a89e8eb@group-BAC069DAEF17: changes role from  FOLLOWER to CANDIDATE at term 251 for changeToCandidate
2019-10-18 07:54:32,323 [Thread-1890] INFO  impl.RoleInfo (RoleInfo.java:updateAndGet(143)) - 4b487190-7547-40c7-b780-43c37a89e8eb: start LeaderElection
2019-10-18 07:54:32,336 [4b487190-7547-40c7-b780-43c37a89e8eb@group-BAC069DAEF17-LeaderElection239] INFO  impl.LeaderElection (LeaderElection.java:askForVotes(178)) - 4b487190-7547-40c7-b780-43c37a89e8eb@group-BAC069DAEF17-LeaderElection239: begin an election at term 252 for -1: [6fa005cd-25d6-4e29-bda6-9462a060c098:192.168.69.67:36093, 4b487190-7547-40c7-b780-43c37a89e8eb:192.168.69.67:39683, 3d3aac8b-d4d1-454d-bf0c-88a180692893:192.168.69.67:34429], old=null
2019-10-18 07:54:32,338 [grpc-default-executor-6] INFO  impl.RaftServerImpl (RaftServerImpl.java:setRole(184)) - 6fa005cd-25d6-4e29-bda6-9462a060c098@group-BAC069DAEF17: changes role from  FOLLOWER to FOLLOWER at term 252 for recognizeCandidate:4b487190-7547-40c7-b780-43c37a89e8eb
2019-10-18 07:54:32,338 [grpc-default-executor-0] INFO  impl.RaftServerImpl (RaftServerImpl.java:setRole(184)) - 3d3aac8b-d4d1-454d-bf0c-88a180692893@group-BAC069DAEF17: changes role from  FOLLOWER to FOLLOWER at term 252 for recognizeCandidate:4b487190-7547-40c7-b780-43c37a89e8eb
2019-10-18 07:54:32,339 [grpc-default-executor-6] INFO  impl.RoleInfo (RoleInfo.java:shutdownFollowerState(121)) - 6fa005cd-25d6-4e29-bda6-9462a060c098: shutdown FollowerState
2019-10-18 07:54:32,339 [grpc-default-executor-0] INFO  impl.RoleInfo (RoleInfo.java:shutdownFollowerState(121)) - 3d3aac8b-d4d1-454d-bf0c-88a180692893: shutdown FollowerState
2019-10-18 07:54:32,339 [Thread-1888] INFO  impl.FollowerState (FollowerState.java:run(117)) - 6fa005cd-25d6-4e29-bda6-9462a060c098@group-BAC069DAEF17-FollowerState was interrupted: java.lang.InterruptedException: sleep interrupted
2019-10-18 07:54:32,339 [grpc-default-executor-6] INFO  impl.RoleInfo (RoleInfo.java:updateAndGet(143)) - 6fa005cd-25d6-4e29-bda6-9462a060c098: start FollowerState
2019-10-18 07:54:32,339 [Thread-1889] INFO  impl.FollowerState (FollowerState.java:run(117)) - 3d3aac8b-d4d1-454d-bf0c-88a180692893@group-BAC069DAEF17-FollowerState was interrupted: java.lang.InterruptedException: sleep interrupted
2019-10-18 07:54:32,339 [grpc-default-executor-0] INFO  impl.RoleInfo (RoleInfo.java:updateAndGet(143)) - 3d3aac8b-d4d1-454d-bf0c-88a180692893: start FollowerState
2019-10-18 07:54:32,354 [4b487190-7547-40c7-b780-43c37a89e8eb@group-BAC069DAEF17-LeaderElection239] INFO  impl.LeaderElection (LeaderElection.java:logAndReturn(56)) - 4b487190-7547-40c7-b780-43c37a89e8eb@group-BAC069DAEF17-LeaderElection239: Election REJECTED; received 2 response(s) [4b487190-7547-40c7-b780-43c37a89e8eb<-6fa005cd-25d6-4e29-bda6-9462a060c098#0:FAIL-t252, 4b487190-7547-40c7-b780-43c37a89e8eb<-3d3aac8b-d4d1-454d-bf0c-88a180692893#0:FAIL-t252] and 0 exception(s); 4b487190-7547-40c7-b780-43c37a89e8eb@group-BAC069DAEF17:t252, leader=null, voted=4b487190-7547-40c7-b780-43c37a89e8eb, raftlog=4b487190-7547-40c7-b780-43c37a89e8eb@group-BAC069DAEF17-SegmentedRaftLog:OPENED:c-1,f-1,i0, conf=-1: [6fa005cd-25d6-4e29-bda6-9462a060c098:192.168.69.67:36093, 4b487190-7547-40c7-b780-43c37a89e8eb:192.168.69.67:39683, 3d3aac8b-d4d1-454d-bf0c-88a180692893:192.168.69.67:34429], old=null
2019-10-18 07:54:32,354 [4b487190-7547-40c7-b780-43c37a89e8eb@group-BAC069DAEF17-LeaderElection239] INFO  impl.RaftServerImpl (RaftServerImpl.java:setRole(184)) - 4b487190-7547-40c7-b780-43c37a89e8eb@group-BAC069DAEF17: changes role from CANDIDATE to FOLLOWER at term 252 for DISCOVERED_A_NEW_TERM
2019-10-18 07:54:32,354 [4b487190-7547-40c7-b780-43c37a89e8eb@group-BAC069DAEF17-LeaderElection239] INFO  impl.RoleInfo (RoleInfo.java:shutdownLeaderElection(134)) - 4b487190-7547-40c7-b780-43c37a89e8eb: shutdown LeaderElection
2019-10-18 07:54:32,354 [4b487190-7547-40c7-b780-43c37a89e8eb@group-BAC069DAEF17-LeaderElection239] INFO  impl.RoleInfo (RoleInfo.java:updateAndGet(143)) - 4b487190-7547-40c7-b780-43c37a89e8eb: start FollowerState
2019-10-18 07:54:32,371 [Thread-1896] INFO  impl.FollowerState (FollowerState.java:run(108)) - 4b487190-7547-40c7-b780-43c37a89e8eb@group-BAC069DAEF17-FollowerState: change to CANDIDATE, lastRpcTime:17ms, electionTimeout:17ms
2019-10-18 07:54:32,372 [Thread-1896] INFO  impl.RoleInfo (RoleInfo.java:shutdownFollowerState(121)) - 4b487190-7547-40c7-b780-43c37a89e8eb: shutdown FollowerState
2019-10-18 07:54:32,372 [Thread-1896] INFO  impl.RaftServerImpl (RaftServerImpl.java:setRole(184)) - 4b487190-7547-40c7-b780-43c37a89e8eb@group-BAC069DAEF17: changes role from  FOLLOWER to CANDIDATE at term 252 for changeToCandidate
2019-10-18 07:54:32,372 [Thread-1896] INFO  impl.RoleInfo (RoleInfo.java:updateAndGet(143)) - 4b487190-7547-40c7-b780-43c37a89e8eb: start LeaderElection
2019-10-18 07:54:32,384 [4b487190-7547-40c7-b780-43c37a89e8eb@group-BAC069DAEF17-LeaderElection240] INFO  impl.LeaderElection (LeaderElection.java:askForVotes(178)) - 4b487190-7547-40c7-b780-43c37a89e8eb@group-BAC069DAEF17-LeaderElection240: begin an election at term 253 for -1: [6fa005cd-25d6-4e29-bda6-9462a060c098:192.168.69.67:36093, 4b487190-7547-40c7-b780-43c37a89e8eb:192.168.69.67:39683, 3d3aac8b-d4d1-454d-bf0c-88a180692893:192.168.69.67:34429], old=null
2019-10-18 07:54:32,386 [grpc-default-executor-6] INFO  impl.RaftServerImpl (RaftServerImpl.java:setRole(184)) - 6fa005cd-25d6-4e29-bda6-9462a060c098@group-BAC069DAEF17: changes role from  FOLLOWER to FOLLOWER at term 253 for recognizeCandidate:4b487190-7547-40c7-b780-43c37a89e8eb
2019-10-18 07:54:32,386 [grpc-default-executor-6] INFO  impl.RoleInfo (RoleInfo.java:shutdownFollowerState(121)) - 6fa005cd-25d6-4e29-bda6-9462a060c098: shutdown FollowerState
2019-10-18 07:54:32,386 [grpc-default-executor-0] INFO  impl.RaftServerImpl (RaftServerImpl.java:setRole(184)) - 3d3aac8b-d4d1-454d-bf0c-88a180692893@group-BAC069DAEF17: changes role from  FOLLOWER to FOLLOWER at term 253 for recognizeCandidate:4b487190-7547-40c7-b780-43c37a89e8eb
2019-10-18 07:54:32,386 [Thread-1894] INFO  impl.FollowerState (FollowerState.java:run(117)) - 6fa005cd-25d6-4e29-bda6-9462a060c098@group-BAC069DAEF17-FollowerState was interrupted: java.lang.InterruptedException: sleep interrupted
2019-10-18 07:54:32,386 [grpc-default-executor-6] INFO  impl.RoleInfo (RoleInfo.java:updateAndGet(143)) - 6fa005cd-25d6-4e29-bda6-9462a060c098: start FollowerState
2019-10-18 07:54:32,386 [grpc-default-executor-0] INFO  impl.RoleInfo (RoleInfo.java:shutdownFollowerState(121)) - 3d3aac8b-d4d1-454d-bf0c-88a180692893: shutdown FollowerState
2019-10-18 07:54:32,387 [Thread-1895] INFO  impl.FollowerState (FollowerState.java:run(117)) - 3d3aac8b-d4d1-454d-bf0c-88a180692893@group-BAC069DAEF17-FollowerState was interrupted: java.lang.InterruptedException: sleep interrupted
2019-10-18 07:54:32,387 [grpc-default-executor-0] INFO  impl.RoleInfo (RoleInfo.java:updateAndGet(143)) - 3d3aac8b-d4d1-454d-bf0c-88a180692893: start FollowerState
2019-10-18 07:54:32,401 [4b487190-7547-40c7-b780-43c37a89e8eb@group-BAC069DAEF17-LeaderElection240] INFO  impl.LeaderElection (LeaderElection.java:logAndReturn(56)) - 4b487190-7547-40c7-b780-43c37a89e8eb@group-BAC069DAEF17-LeaderElection240: Election REJECTED; received 2 response(s) [4b487190-7547-40c7-b780-43c37a89e8eb<-6fa005cd-25d6-4e29-bda6-9462a060c098#0:FAIL-t253, 4b487190-7547-40c7-b780-43c37a89e8eb<-3d3aac8b-d4d1-454d-bf0c-88a180692893#0:FAIL-t253] and 0 exception(s); 4b487190-7547-40c7-b780-43c37a89e8eb@group-BAC069DAEF17:t253, leader=null, voted=4b487190-7547-40c7-b780-43c37a89e8eb, raftlog=4b487190-7547-40c7-b780-43c37a89e8eb@group-BAC069DAEF17-SegmentedRaftLog:OPENED:c-1,f-1,i0, conf=-1: [6fa005cd-25d6-4e29-bda6-9462a060c098:192.168.69.67:36093, 4b487190-7547-40c7-b780-43c37a89e8eb:192.168.69.67:39683, 3d3aac8b-d4d1-454d-bf0c-88a180692893:192.168.69.67:34429], old=null
2019-10-18 07:54:32,401 [4b487190-7547-40c7-b780-43c37a89e8eb@group-BAC069DAEF17-LeaderElection240] INFO  impl.RaftServerImpl (RaftServerImpl.java:setRole(184)) - 4b487190-7547-40c7-b780-43c37a89e8eb@group-BAC069DAEF17: changes role from CANDIDATE to FOLLOWER at term 253 for DISCOVERED_A_NEW_TERM
2019-10-18 07:54:32,401 [4b487190-7547-40c7-b780-43c37a89e8eb@group-BAC069DAEF17-LeaderElection240] INFO  impl.RoleInfo (RoleInfo.java:shutdownLeaderElection(134)) - 4b487190-7547-40c7-b780-43c37a89e8eb: shutdown LeaderElection
2019-10-18 07:54:32,402 [4b487190-7547-40c7-b780-43c37a89e8eb@group-BAC069DAEF17-LeaderElection240] INFO  impl.RoleInfo (RoleInfo.java:updateAndGet(143)) - 4b487190-7547-40c7-b780-43c37a89e8eb: start FollowerState
2019-10-18 07:54:32,444 [Thread-1902] INFO  impl.FollowerState (FollowerState.java:run(108)) - 4b487190-7547-40c7-b780-43c37a89e8eb@group-BAC069DAEF17-FollowerState: change to CANDIDATE, lastRpcTime:42ms, electionTimeout:42ms
2019-10-18 07:54:32,444 [Thread-1902] INFO  impl.RoleInfo (RoleInfo.java:shutdownFollowerState(121)) - 4b487190-7547-40c7-b780-43c37a89e8eb: shutdown FollowerState
2019-10-18 07:54:32,444 [Thread-1902] INFO  impl.RaftServerImpl (RaftServerImpl.java:setRole(184)) - 4b487190-7547-40c7-b780-43c37a89e8eb@group-BAC069DAEF17: changes role from  FOLLOWER to CANDIDATE at term 253 for changeToCandidate
2019-10-18 07:54:32,444 [Thread-1902] INFO  impl.RoleInfo (RoleInfo.java:updateAndGet(143)) - 4b487190-7547-40c7-b780-43c37a89e8eb: start LeaderElection
2019-10-18 07:54:32,457 [4b487190-7547-40c7-b780-43c37a89e8eb@group-BAC069DAEF17-LeaderElection241] INFO  impl.LeaderElection (LeaderElection.java:askForVotes(178)) - 4b487190-7547-40c7-b780-43c37a89e8eb@group-BAC069DAEF17-LeaderElection241: begin an election at term 254 for -1: [6fa005cd-25d6-4e29-bda6-9462a060c098:192.168.69.67:36093, 4b487190-7547-40c7-b780-43c37a89e8eb:192.168.69.67:39683, 3d3aac8b-d4d1-454d-bf0c-88a180692893:192.168.69.67:34429], old=null
2019-10-18 07:54:32,460 [grpc-default-executor-0] INFO  impl.RaftServerImpl (RaftServerImpl.java:setRole(184)) - 6fa005cd-25d6-4e29-bda6-9462a060c098@group-BAC069DAEF17: changes role from  FOLLOWER to FOLLOWER at term 254 for recognizeCandidate:4b487190-7547-40c7-b780-43c37a89e8eb
2019-10-18 07:54:32,460 [grpc-default-executor-0] INFO  impl.RoleInfo (RoleInfo.java:shutdownFollowerState(121)) - 6fa005cd-25d6-4e29-bda6-9462a060c098: shutdown FollowerState
2019-10-18 07:54:32,460 [grpc-default-executor-6] INFO  impl.RaftServerImpl (RaftServerImpl.java:setRole(184)) - 3d3aac8b-d4d1-454d-bf0c-88a180692893@group-BAC069DAEF17: changes role from  FOLLOWER to FOLLOWER at term 254 for recognizeCandidate:4b487190-7547-40c7-b780-43c37a89e8eb
2019-10-18 07:54:32,460 [Thread-1900] INFO  impl.FollowerState (FollowerState.java:run(117)) - 6fa005cd-25d6-4e29-bda6-9462a060c098@group-BAC069DAEF17-FollowerState was interrupted: java.lang.InterruptedException: sleep interrupted
2019-10-18 07:54:32,460 [grpc-default-executor-0] INFO  impl.RoleInfo (RoleInfo.java:updateAndGet(143)) - 6fa005cd-25d6-4e29-bda6-9462a060c098: start FollowerState
2019-10-18 07:54:32,460 [grpc-default-executor-6] INFO  impl.RoleInfo (RoleInfo.java:shutdownFollowerState(121)) - 3d3aac8b-d4d1-454d-bf0c-88a180692893: shutdown FollowerState
2019-10-18 07:54:32,461 [grpc-default-executor-6] INFO  impl.RoleInfo (RoleInfo.java:updateAndGet(143)) - 3d3aac8b-d4d1-454d-bf0c-88a180692893: start FollowerState
2019-10-18 07:54:32,461 [Thread-1901] INFO  impl.FollowerState (FollowerState.java:run(117)) - 3d3aac8b-d4d1-454d-bf0c-88a180692893@group-BAC069DAEF17-FollowerState was interrupted: java.lang.InterruptedException: sleep interrupted
2019-10-18 07:54:32,476 [4b487190-7547-40c7-b780-43c37a89e8eb@group-BAC069DAEF17-LeaderElection241] INFO  impl.LeaderElection (LeaderElection.java:logAndReturn(56)) - 4b487190-7547-40c7-b780-43c37a89e8eb@group-BAC069DAEF17-LeaderElection241: Election REJECTED; received 2 response(s) [4b487190-7547-40c7-b780-43c37a89e8eb<-6fa005cd-25d6-4e29-bda6-9462a060c098#0:FAIL-t254, 4b487190-7547-40c7-b780-43c37a89e8eb<-3d3aac8b-d4d1-454d-bf0c-88a180692893#0:FAIL-t254] and 0 exception(s); 4b487190-7547-40c7-b780-43c37a89e8eb@group-BAC069DAEF17:t254, leader=null, voted=4b487190-7547-40c7-b780-43c37a89e8eb, raftlog=4b487190-7547-40c7-b780-43c37a89e8eb@group-BAC069DAEF17-SegmentedRaftLog:OPENED:c-1,f-1,i0, conf=-1: [6fa005cd-25d6-4e29-bda6-9462a060c098:192.168.69.67:36093, 4b487190-7547-40c7-b780-43c37a89e8eb:192.168.69.67:39683, 3d3aac8b-d4d1-454d-bf0c-88a180692893:192.168.69.67:34429], old=null
2019-10-18 07:54:32,476 [4b487190-7547-40c7-b780-43c37a89e8eb@group-BAC069DAEF17-LeaderElection241] INFO  impl.RaftServerImpl (RaftServerImpl.java:setRole(184)) - 4b487190-7547-40c7-b780-43c37a89e8eb@group-BAC069DAEF17: changes role from CANDIDATE to FOLLOWER at term 254 for DISCOVERED_A_NEW_TERM
2019-10-18 07:54:32,476 [4b487190-7547-40c7-b780-43c37a89e8eb@group-BAC069DAEF17-LeaderElection241] INFO  impl.RoleInfo (RoleInfo.java:shutdownLeaderElection(134)) - 4b487190-7547-40c7-b780-43c37a89e8eb: shutdown LeaderElection
2019-10-18 07:54:32,476 [4b487190-7547-40c7-b780-43c37a89e8eb@group-BAC069DAEF17-LeaderElection241] INFO  impl.RoleInfo (RoleInfo.java:updateAndGet(143)) - 4b487190-7547-40c7-b780-43c37a89e8eb: start FollowerState
2019-10-18 07:54:32,630 [Thread-1908] INFO  impl.FollowerState (FollowerState.java:run(108)) - 4b487190-7547-40c7-b780-43c37a89e8eb@group-BAC069DAEF17-FollowerState: change to CANDIDATE, lastRpcTime:153ms, electionTimeout:153ms
2019-10-18 07:54:32,630 [Thread-1908] INFO  impl.RoleInfo (RoleInfo.java:shutdownFollowerState(121)) - 4b487190-7547-40c7-b780-43c37a89e8eb: shutdown FollowerState
2019-10-18 07:54:32,630 [Thread-1908] INFO  impl.RaftServerImpl (RaftServerImpl.java:setRole(184)) - 4b487190-7547-40c7-b780-43c37a89e8eb@group-BAC069DAEF17: changes role from  FOLLOWER to CANDIDATE at term 254 for changeToCandidate
2019-10-18 07:54:32,630 [Thread-1908] INFO  impl.RoleInfo (RoleInfo.java:updateAndGet(143)) - 4b487190-7547-40c7-b780-43c37a89e8eb: start LeaderElection
2019-10-18 07:54:32,644 [4b487190-7547-40c7-b780-43c37a89e8eb@group-BAC069DAEF17-LeaderElection242] INFO  impl.LeaderElection (LeaderElection.java:askForVotes(178)) - 4b487190-7547-40c7-b780-43c37a89e8eb@group-BAC069DAEF17-LeaderElection242: begin an election at term 255 for -1: [6fa005cd-25d6-4e29-bda6-9462a060c098:192.168.69.67:36093, 4b487190-7547-40c7-b780-43c37a89e8eb:192.168.69.67:39683, 3d3aac8b-d4d1-454d-bf0c-88a180692893:192.168.69.67:34429], old=null
2019-10-18 07:54:32,647 [grpc-default-executor-0] INFO  impl.RaftServerImpl (RaftServerImpl.java:setRole(184)) - 6fa005cd-25d6-4e29-bda6-9462a060c098@group-BAC069DAEF17: changes role from  FOLLOWER to FOLLOWER at term 255 for recognizeCandidate:4b487190-7547-40c7-b780-43c37a89e8eb
2019-10-18 07:54:32,647 [grpc-default-executor-6] INFO  impl.RaftServerImpl (RaftServerImpl.java:setRole(184)) - 3d3aac8b-d4d1-454d-bf0c-88a180692893@group-BAC069DAEF17: changes role from  FOLLOWER to FOLLOWER at term 255 for recognizeCandidate:4b487190-7547-40c7-b780-43c37a89e8eb
2019-10-18 07:54:32,647 [grpc-default-executor-6] INFO  impl.RoleInfo (RoleInfo.java:shutdownFollowerState(121)) - 3d3aac8b-d4d1-454d-bf0c-88a180692893: shutdown FollowerState
2019-10-18 07:54:32,647 [grpc-default-executor-0] INFO  impl.RoleInfo (RoleInfo.java:shutdownFollowerState(121)) - 6fa005cd-25d6-4e29-bda6-9462a060c098: shutdown FollowerState
2019-10-18 07:54:32,647 [Thread-1907] INFO  impl.FollowerState (FollowerState.java:run(117)) - 3d3aac8b-d4d1-454d-bf0c-88a180692893@group-BAC069DAEF17-FollowerState was interrupted: java.lang.InterruptedException: sleep interrupted
2019-10-18 07:54:32,647 [grpc-default-executor-6] INFO  impl.RoleInfo (RoleInfo.java:updateAndGet(143)) - 3d3aac8b-d4d1-454d-bf0c-88a180692893: start FollowerState
2019-10-18 07:54:32,647 [Thread-1906] INFO  impl.FollowerState (FollowerState.java:run(117)) - 6fa005cd-25d6-4e29-bda6-9462a060c098@group-BAC069DAEF17-FollowerState was interrupted: java.lang.InterruptedException: sleep interrupted
2019-10-18 07:54:32,647 [grpc-default-executor-0] INFO  impl.RoleInfo (RoleInfo.java:updateAndGet(143)) - 6fa005cd-25d6-4e29-bda6-9462a060c098: start FollowerState
2019-10-18 07:54:32,662 [4b487190-7547-40c7-b780-43c37a89e8eb@group-BAC069DAEF17-LeaderElection242] INFO  impl.LeaderElection (LeaderElection.java:logAndReturn(56)) - 4b487190-7547-40c7-b780-43c37a89e8eb@group-BAC069DAEF17-LeaderElection242: Election REJECTED; received 2 response(s) [4b487190-7547-40c7-b780-43c37a89e8eb<-6fa005cd-25d6-4e29-bda6-9462a060c098#0:FAIL-t255, 4b487190-7547-40c7-b780-43c37a89e8eb<-3d3aac8b-d4d1-454d-bf0c-88a180692893#0:FAIL-t255] and 0 exception(s); 4b487190-7547-40c7-b780-43c37a89e8eb@group-BAC069DAEF17:t255, leader=null, voted=4b487190-7547-40c7-b780-43c37a89e8eb, raftlog=4b487190-7547-40c7-b780-43c37a89e8eb@group-BAC069DAEF17-SegmentedRaftLog:OPENED:c-1,f-1,i0, conf=-1: [6fa005cd-25d6-4e29-bda6-9462a060c098:192.168.69.67:36093, 4b487190-7547-40c7-b780-43c37a89e8eb:192.168.69.67:39683, 3d3aac8b-d4d1-454d-bf0c-88a180692893:192.168.69.67:34429], old=null
2019-10-18 07:54:32,662 [4b487190-7547-40c7-b780-43c37a89e8eb@group-BAC069DAEF17-LeaderElection242] INFO  impl.RaftServerImpl (RaftServerImpl.java:setRole(184)) - 4b487190-7547-40c7-b780-43c37a89e8eb@group-BAC069DAEF17: changes role from CANDIDATE to FOLLOWER at term 255 for DISCOVERED_A_NEW_TERM
2019-10-18 07:54:32,663 [4b487190-7547-40c7-b780-43c37a89e8eb@group-BAC069DAEF17-LeaderElection242] INFO  impl.RoleInfo (RoleInfo.java:shutdownLeaderElection(134)) - 4b487190-7547-40c7-b780-43c37a89e8eb: shutdown LeaderElection
2019-10-18 07:54:32,663 [4b487190-7547-40c7-b780-43c37a89e8eb@group-BAC069DAEF17-LeaderElection242] INFO  impl.RoleInfo (RoleInfo.java:updateAndGet(143)) - 4b487190-7547-40c7-b780-43c37a89e8eb: start FollowerState
2019-10-18 07:54:32,783 [Thread-1914] INFO  impl.FollowerState (FollowerState.java:run(108)) - 4b487190-7547-40c7-b780-43c37a89e8eb@group-BAC069DAEF17-FollowerState: change to CANDIDATE, lastRpcTime:120ms, electionTimeout:120ms
2019-10-18 07:54:32,783 [Thread-1914] INFO  impl.RoleInfo (RoleInfo.java:shutdownFollowerState(121)) - 4b487190-7547-40c7-b780-43c37a89e8eb: shutdown FollowerState
2019-10-18 07:54:32,783 [Thread-1914] INFO  impl.RaftServerImpl (RaftServerImpl.java:setRole(184)) - 4b487190-7547-40c7-b780-43c37a89e8eb@group-BAC069DAEF17: changes role from  FOLLOWER to CANDIDATE at term 255 for changeToCandidate
2019-10-18 07:54:32,784 [Thread-1914] INFO  impl.RoleInfo (RoleInfo.java:updateAndGet(143)) - 4b487190-7547-40c7-b780-43c37a89e8eb: start LeaderElection
2019-10-18 07:54:32,798 [4b487190-7547-40c7-b780-43c37a89e8eb@group-BAC069DAEF17-LeaderElection243] INFO  impl.LeaderElection (LeaderElection.java:askForVotes(178)) - 4b487190-7547-40c7-b780-43c37a89e8eb@group-BAC069DAEF17-LeaderElection243: begin an election at term 256 for -1: [6fa005cd-25d6-4e29-bda6-9462a060c098:192.168.69.67:36093, 4b487190-7547-40c7-b780-43c37a89e8eb:192.168.69.67:39683, 3d3aac8b-d4d1-454d-bf0c-88a180692893:192.168.69.67:34429], old=null
2019-10-18 07:54:32,801 [grpc-default-executor-0] INFO  impl.RaftServerImpl (RaftServerImpl.java:setRole(184)) - 6fa005cd-25d6-4e29-bda6-9462a060c098@group-BAC069DAEF17: changes role from  FOLLOWER to FOLLOWER at term 256 for recognizeCandidate:4b487190-7547-40c7-b780-43c37a89e8eb
2019-10-18 07:54:32,801 [grpc-default-executor-6] INFO  impl.RaftServerImpl (RaftServerImpl.java:setRole(184)) - 3d3aac8b-d4d1-454d-bf0c-88a180692893@group-BAC069DAEF17: changes role from  FOLLOWER to FOLLOWER at term 256 for recognizeCandidate:4b487190-7547-40c7-b780-43c37a89e8eb
2019-10-18 07:54:32,801 [grpc-default-executor-6] INFO  impl.RoleInfo (RoleInfo.java:shutdownFollowerState(121)) - 3d3aac8b-d4d1-454d-bf0c-88a180692893: shutdown FollowerState
2019-10-18 07:54:32,801 [grpc-default-executor-0] INFO  impl.RoleInfo (RoleInfo.java:shutdownFollowerState(121)) - 6fa005cd-25d6-4e29-bda6-9462a060c098: shutdown FollowerState
2019-10-18 07:54:32,801 [Thread-1912] INFO  impl.FollowerState (FollowerState.java:run(117)) - 3d3aac8b-d4d1-454d-bf0c-88a180692893@group-BAC069DAEF17-FollowerState was interrupted: java.lang.InterruptedException: sleep interrupted
2019-10-18 07:54:32,801 [grpc-default-executor-6] INFO  impl.RoleInfo (RoleInfo.java:updateAndGet(143)) - 3d3aac8b-d4d1-454d-bf0c-88a180692893: start FollowerState
2019-10-18 07:54:32,802 [Thread-1913] INFO  impl.FollowerState (FollowerState.java:run(117)) - 6fa005cd-25d6-4e29-bda6-9462a060c098@group-BAC069DAEF17-FollowerState was interrupted: java.lang.InterruptedException: sleep interrupted
2019-10-18 07:54:32,802 [grpc-default-executor-0] INFO  impl.RoleInfo (RoleInfo.java:updateAndGet(143)) - 6fa005cd-25d6-4e29-bda6-9462a060c098: start FollowerState
2019-10-18 07:54:32,816 [4b487190-7547-40c7-b780-43c37a89e8eb@group-BAC069DAEF17-LeaderElection243] INFO  impl.LeaderElection (LeaderElection.java:logAndReturn(56)) - 4b487190-7547-40c7-b780-43c37a89e8eb@group-BAC069DAEF17-LeaderElection243: Election REJECTED; received 2 response(s) [4b487190-7547-40c7-b780-43c37a89e8eb<-6fa005cd-25d6-4e29-bda6-9462a060c098#0:FAIL-t256, 4b487190-7547-40c7-b780-43c37a89e8eb<-3d3aac8b-d4d1-454d-bf0c-88a180692893#0:FAIL-t256] and 0 exception(s); 4b487190-7547-40c7-b780-43c37a89e8eb@group-BAC069DAEF17:t256, leader=null, voted=4b487190-7547-40c7-b780-43c37a89e8eb, raftlog=4b487190-7547-40c7-b780-43c37a89e8eb@group-BAC069DAEF17-SegmentedRaftLog:OPENED:c-1,f-1,i0, conf=-1: [6fa005cd-25d6-4e29-bda6-9462a060c098:192.168.69.67:36093, 4b487190-7547-40c7-b780-43c37a89e8eb:192.168.69.67:39683, 3d3aac8b-d4d1-454d-bf0c-88a180692893:192.168.69.67:34429], old=null
2019-10-18 07:54:32,817 [4b487190-7547-40c7-b780-43c37a89e8eb@group-BAC069DAEF17-LeaderElection243] INFO  impl.RaftServerImpl (RaftServerImpl.java:setRole(184)) - 4b487190-7547-40c7-b780-43c37a89e8eb@group-BAC069DAEF17: changes role from CANDIDATE to FOLLOWER at term 256 for DISCOVERED_A_NEW_TERM
2019-10-18 07:54:32,817 [4b487190-7547-40c7-b780-43c37a89e8eb@group-BAC069DAEF17-LeaderElection243] INFO  impl.RoleInfo (RoleInfo.java:shutdownLeaderElection(134)) - 4b487190-7547-40c7-b780-43c37a89e8eb: shutdown LeaderElection
2019-10-18 07:54:32,817 [4b487190-7547-40c7-b780-43c37a89e8eb@group-BAC069DAEF17-LeaderElection243] INFO  impl.RoleInfo (RoleInfo.java:updateAndGet(143)) - 4b487190-7547-40c7-b780-43c37a89e8eb: start FollowerState
2019-10-18 07:54:32,818 [Thread-1920] INFO  impl.FollowerState (FollowerState.java:run(108)) - 4b487190-7547-40c7-b780-43c37a89e8eb@group-BAC069DAEF17-FollowerState: change to CANDIDATE, lastRpcTime:0ms, electionTimeout:0ms
2019-10-18 07:54:32,818 [Thread-1920] INFO  impl.RoleInfo (RoleInfo.java:shutdownFollowerState(121)) - 4b487190-7547-40c7-b780-43c37a89e8eb: shutdown FollowerState
2019-10-18 07:54:32,818 [Thread-1920] INFO  impl.RaftServerImpl (RaftServerImpl.java:setRole(184)) - 4b487190-7547-40c7-b780-43c37a89e8eb@group-BAC069DAEF17: changes role from  FOLLOWER to CANDIDATE at term 256 for changeToCandidate
2019-10-18 07:54:32,818 [Thread-1920] INFO  impl.RoleInfo (RoleInfo.java:updateAndGet(143)) - 4b487190-7547-40c7-b780-43c37a89e8eb: start LeaderElection
2019-10-18 07:54:32,833 [4b487190-7547-40c7-b780-43c37a89e8eb@group-BAC069DAEF17-LeaderElection244] INFO  impl.LeaderElection (LeaderElection.java:askForVotes(178)) - 4b487190-7547-40c7-b780-43c37a89e8eb@group-BAC069DAEF17-LeaderElection244: begin an election at term 257 for -1: [6fa005cd-25d6-4e29-bda6-9462a060c098:192.168.69.67:36093, 4b487190-7547-40c7-b780-43c37a89e8eb:192.168.69.67:39683, 3d3aac8b-d4d1-454d-bf0c-88a180692893:192.168.69.67:34429], old=null
2019-10-18 07:54:32,836 [grpc-default-executor-0] INFO  impl.RaftServerImpl (RaftServerImpl.java:setRole(184)) - 6fa005cd-25d6-4e29-bda6-9462a060c098@group-BAC069DAEF17: changes role from  FOLLOWER to FOLLOWER at term 257 for recognizeCandidate:4b487190-7547-40c7-b780-43c37a89e8eb
2019-10-18 07:54:32,839 [grpc-default-executor-0] INFO  impl.RoleInfo (RoleInfo.java:shutdownFollowerState(121)) - 6fa005cd-25d6-4e29-bda6-9462a060c098: shutdown FollowerState
2019-10-18 07:54:32,836 [grpc-default-executor-6] INFO  impl.RaftServerImpl (RaftServerImpl.java:setRole(184)) - 3d3aac8b-d4d1-454d-bf0c-88a180692893@group-BAC069DAEF17: changes role from  FOLLOWER to FOLLOWER at term 257 for recognizeCandidate:4b487190-7547-40c7-b780-43c37a89e8eb
2019-10-18 07:54:32,840 [Thread-1919] INFO  impl.FollowerState (FollowerState.java:run(117)) - 6fa005cd-25d6-4e29-bda6-9462a060c098@group-BAC069DAEF17-FollowerState was interrupted: java.lang.InterruptedException: sleep interrupted
2019-10-18 07:54:32,839 [grpc-default-executor-0] INFO  impl.RoleInfo (RoleInfo.java:updateAndGet(143)) - 6fa005cd-25d6-4e29-bda6-9462a060c098: start FollowerState
2019-10-18 07:54:32,840 [grpc-default-executor-6] INFO  impl.RoleInfo (RoleInfo.java:shutdownFollowerState(121)) - 3d3aac8b-d4d1-454d-bf0c-88a180692893: shutdown FollowerState
2019-10-18 07:54:32,840 [grpc-default-executor-6] INFO  impl.RoleInfo (RoleInfo.java:updateAndGet(143)) - 3d3aac8b-d4d1-454d-bf0c-88a180692893: start FollowerState
2019-10-18 07:54:32,840 [Thread-1918] INFO  impl.FollowerState (FollowerState.java:run(117)) - 3d3aac8b-d4d1-454d-bf0c-88a180692893@group-BAC069DAEF17-FollowerState was interrupted: java.lang.InterruptedException: sleep interrupted
2019-10-18 07:54:32,855 [4b487190-7547-40c7-b780-43c37a89e8eb@group-BAC069DAEF17-LeaderElection244] INFO  impl.LeaderElection (LeaderElection.java:logAndReturn(56)) - 4b487190-7547-40c7-b780-43c37a89e8eb@group-BAC069DAEF17-LeaderElection244: Election REJECTED; received 2 response(s) [4b487190-7547-40c7-b780-43c37a89e8eb<-6fa005cd-25d6-4e29-bda6-9462a060c098#0:FAIL-t257, 4b487190-7547-40c7-b780-43c37a89e8eb<-3d3aac8b-d4d1-454d-bf0c-88a180692893#0:FAIL-t257] and 0 exception(s); 4b487190-7547-40c7-b780-43c37a89e8eb@group-BAC069DAEF17:t257, leader=null, voted=4b487190-7547-40c7-b780-43c37a89e8eb, raftlog=4b487190-7547-40c7-b780-43c37a89e8eb@group-BAC069DAEF17-SegmentedRaftLog:OPENED:c-1,f-1,i0, conf=-1: [6fa005cd-25d6-4e29-bda6-9462a060c098:192.168.69.67:36093, 4b487190-7547-40c7-b780-43c37a89e8eb:192.168.69.67:39683, 3d3aac8b-d4d1-454d-bf0c-88a180692893:192.168.69.67:34429], old=null
2019-10-18 07:54:32,855 [4b487190-7547-40c7-b780-43c37a89e8eb@group-BAC069DAEF17-LeaderElection244] INFO  impl.RaftServerImpl (RaftServerImpl.java:setRole(184)) - 4b487190-7547-40c7-b780-43c37a89e8eb@group-BAC069DAEF17: changes role from CANDIDATE to FOLLOWER at term 257 for DISCOVERED_A_NEW_TERM
2019-10-18 07:54:32,855 [4b487190-7547-40c7-b780-43c37a89e8eb@group-BAC069DAEF17-LeaderElection244] INFO  impl.RoleInfo (RoleInfo.java:shutdownLeaderElection(134)) - 4b487190-7547-40c7-b780-43c37a89e8eb: shutdown LeaderElection
2019-10-18 07:54:32,855 [4b487190-7547-40c7-b780-43c37a89e8eb@group-BAC069DAEF17-LeaderElection244] INFO  impl.RoleInfo (RoleInfo.java:updateAndGet(143)) - 4b487190-7547-40c7-b780-43c37a89e8eb: start FollowerState
2019-10-18 07:54:33,001 [Thread-1926] INFO  impl.FollowerState (FollowerState.java:run(108)) - 4b487190-7547-40c7-b780-43c37a89e8eb@group-BAC069DAEF17-FollowerState: change to CANDIDATE, lastRpcTime:146ms, electionTimeout:146ms
2019-10-18 07:54:33,002 [Thread-1926] INFO  impl.RoleInfo (RoleInfo.java:shutdownFollowerState(121)) - 4b487190-7547-40c7-b780-43c37a89e8eb: shutdown FollowerState
2019-10-18 07:54:33,002 [Thread-1926] INFO  impl.RaftServerImpl (RaftServerImpl.java:setRole(184)) - 4b487190-7547-40c7-b780-43c37a89e8eb@group-BAC069DAEF17: changes role from  FOLLOWER to CANDIDATE at term 257 for changeToCandidate
2019-10-18 07:54:33,002 [Thread-1926] INFO  impl.RoleInfo (RoleInfo.java:updateAndGet(143)) - 4b487190-7547-40c7-b780-43c37a89e8eb: start LeaderElection
2019-10-18 07:54:33,015 [4b487190-7547-40c7-b780-43c37a89e8eb@group-BAC069DAEF17-LeaderElection245] INFO  impl.LeaderElection (LeaderElection.java:askForVotes(178)) - 4b487190-7547-40c7-b780-43c37a89e8eb@group-BAC069DAEF17-LeaderElection245: begin an election at term 258 for -1: [6fa005cd-25d6-4e29-bda6-9462a060c098:192.168.69.67:36093, 4b487190-7547-40c7-b780-43c37a89e8eb:192.168.69.67:39683, 3d3aac8b-d4d1-454d-bf0c-88a180692893:192.168.69.67:34429], old=null
2019-10-18 07:54:33,018 [grpc-default-executor-0] INFO  impl.RaftServerImpl (RaftServerImpl.java:setRole(184)) - 6fa005cd-25d6-4e29-bda6-9462a060c098@group-BAC069DAEF17: changes role from  FOLLOWER to FOLLOWER at term 258 for recognizeCandidate:4b487190-7547-40c7-b780-43c37a89e8eb
2019-10-18 07:54:33,018 [grpc-default-executor-6] INFO  impl.RaftServerImpl (RaftServerImpl.java:setRole(184)) - 3d3aac8b-d4d1-454d-bf0c-88a180692893@group-BAC069DAEF17: changes role from  FOLLOWER to FOLLOWER at term 258 for recognizeCandidate:4b487190-7547-40c7-b780-43c37a89e8eb
2019-10-18 07:54:33,018 [grpc-default-executor-6] INFO  impl.RoleInfo (RoleInfo.java:shutdownFollowerState(121)) - 3d3aac8b-d4d1-454d-bf0c-88a180692893: shutdown FollowerState
2019-10-18 07:54:33,018 [grpc-default-executor-0] INFO  impl.RoleInfo (RoleInfo.java:shutdownFollowerState(121)) - 6fa005cd-25d6-4e29-bda6-9462a060c098: shutdown FollowerState
2019-10-18 07:54:33,018 [Thread-1925] INFO  impl.FollowerState (FollowerState.java:run(117)) - 3d3aac8b-d4d1-454d-bf0c-88a180692893@group-BAC069DAEF17-FollowerState was interrupted: java.lang.InterruptedException: sleep interrupted
2019-10-18 07:54:33,018 [grpc-default-executor-6] INFO  impl.RoleInfo (RoleInfo.java:updateAndGet(143)) - 3d3aac8b-d4d1-454d-bf0c-88a180692893: start FollowerState
2019-10-18 07:54:33,019 [Thread-1924] INFO  impl.FollowerState (FollowerState.java:run(117)) - 6fa005cd-25d6-4e29-bda6-9462a060c098@group-BAC069DAEF17-FollowerState was interrupted: java.lang.InterruptedException: sleep interrupted
2019-10-18 07:54:33,019 [grpc-default-executor-0] INFO  impl.RoleInfo (RoleInfo.java:updateAndGet(143)) - 6fa005cd-25d6-4e29-bda6-9462a060c098: start FollowerState
2019-10-18 07:54:33,030 [4b487190-7547-40c7-b780-43c37a89e8eb@group-BAC069DAEF17-LeaderElection245] INFO  impl.LeaderElection (LeaderElection.java:logAndReturn(56)) - 4b487190-7547-40c7-b780-43c37a89e8eb@group-BAC069DAEF17-LeaderElection245: Election REJECTED; received 2 response(s) [4b487190-7547-40c7-b780-43c37a89e8eb<-6fa005cd-25d6-4e29-bda6-9462a060c098#0:FAIL-t258, 4b487190-7547-40c7-b780-43c37a89e8eb<-3d3aac8b-d4d1-454d-bf0c-88a180692893#0:FAIL-t258] and 0 exception(s); 4b487190-7547-40c7-b780-43c37a89e8eb@group-BAC069DAEF17:t258, leader=null, voted=4b487190-7547-40c7-b780-43c37a89e8eb, raftlog=4b487190-7547-40c7-b780-43c37a89e8eb@group-BAC069DAEF17-SegmentedRaftLog:OPENED:c-1,f-1,i0, conf=-1: [6fa005cd-25d6-4e29-bda6-9462a060c098:192.168.69.67:36093, 4b487190-7547-40c7-b780-43c37a89e8eb:192.168.69.67:39683, 3d3aac8b-d4d1-454d-bf0c-88a180692893:192.168.69.67:34429], old=null
2019-10-18 07:54:33,030 [4b487190-7547-40c7-b780-43c37a89e8eb@group-BAC069DAEF17-LeaderElection245] INFO  impl.RaftServerImpl (RaftServerImpl.java:setRole(184)) - 4b487190-7547-40c7-b780-43c37a89e8eb@group-BAC069DAEF17: changes role from CANDIDATE to FOLLOWER at term 258 for DISCOVERED_A_NEW_TERM
2019-10-18 07:54:33,030 [4b487190-7547-40c7-b780-43c37a89e8eb@group-BAC069DAEF17-LeaderElection245] INFO  impl.RoleInfo (RoleInfo.java:shutdownLeaderElection(134)) - 4b487190-7547-40c7-b780-43c37a89e8eb: shutdown LeaderElection
2019-10-18 07:54:33,030 [4b487190-7547-40c7-b780-43c37a89e8eb@group-BAC069DAEF17-LeaderElection245] INFO  impl.RoleInfo (RoleInfo.java:updateAndGet(143)) - 4b487190-7547-40c7-b780-43c37a89e8eb: start FollowerState
2019-10-18 07:54:33,131 [Thread-1932] INFO  impl.FollowerState (FollowerState.java:run(108)) - 4b487190-7547-40c7-b780-43c37a89e8eb@group-BAC069DAEF17-FollowerState: change to CANDIDATE, lastRpcTime:100ms, electionTimeout:100ms
2019-10-18 07:54:33,131 [Thread-1932] INFO  impl.RoleInfo (RoleInfo.java:shutdownFollowerState(121)) - 4b487190-7547-40c7-b780-43c37a89e8eb: shutdown FollowerState
2019-10-18 07:54:33,131 [Thread-1932] INFO  impl.RaftServerImpl (RaftServerImpl.java:setRole(184)) - 4b487190-7547-40c7-b780-43c37a89e8eb@group-BAC069DAEF17: changes role from  FOLLOWER to CANDIDATE at term 258 for changeToCandidate
2019-10-18 07:54:33,131 [Thread-1932] INFO  impl.RoleInfo (RoleInfo.java:updateAndGet(143)) - 4b487190-7547-40c7-b780-43c37a89e8eb: start LeaderElection
2019-10-18 07:54:33,145 [4b487190-7547-40c7-b780-43c37a89e8eb@group-BAC069DAEF17-LeaderElection246] INFO  impl.LeaderElection (LeaderElection.java:askForVotes(178)) - 4b487190-7547-40c7-b780-43c37a89e8eb@group-BAC069DAEF17-LeaderElection246: begin an election at term 259 for -1: [6fa005cd-25d6-4e29-bda6-9462a060c098:192.168.69.67:36093, 4b487190-7547-40c7-b780-43c37a89e8eb:192.168.69.67:39683, 3d3aac8b-d4d1-454d-bf0c-88a180692893:192.168.69.67:34429], old=null
2019-10-18 07:54:33,147 [grpc-default-executor-6] INFO  impl.RaftServerImpl (RaftServerImpl.java:setRole(184)) - 6fa005cd-25d6-4e29-bda6-9462a060c098@group-BAC069DAEF17: changes role from  FOLLOWER to FOLLOWER at term 259 for recognizeCandidate:4b487190-7547-40c7-b780-43c37a89e8eb
2019-10-18 07:54:33,147 [grpc-default-executor-6] INFO  impl.RoleInfo (RoleInfo.java:shutdownFollowerState(121)) - 6fa005cd-25d6-4e29-bda6-9462a060c098: shutdown FollowerState
2019-10-18 07:54:33,147 [grpc-default-executor-0] INFO  impl.RaftServerImpl (RaftServerImpl.java:setRole(184)) - 3d3aac8b-d4d1-454d-bf0c-88a180692893@group-BAC069DAEF17: changes role from  FOLLOWER to FOLLOWER at term 259 for recognizeCandidate:4b487190-7547-40c7-b780-43c37a89e8eb
2019-10-18 07:54:33,148 [grpc-default-executor-0] INFO  impl.RoleInfo (RoleInfo.java:shutdownFollowerState(121)) - 3d3aac8b-d4d1-454d-bf0c-88a180692893: shutdown FollowerState
2019-10-18 07:54:33,147 [Thread-1931] INFO  impl.FollowerState (FollowerState.java:run(117)) - 6fa005cd-25d6-4e29-bda6-9462a060c098@group-BAC069DAEF17-FollowerState was interrupted: java.lang.InterruptedException: sleep interrupted
2019-10-18 07:54:33,147 [grpc-default-executor-6] INFO  impl.RoleInfo (RoleInfo.java:updateAndGet(143)) - 6fa005cd-25d6-4e29-bda6-9462a060c098: start FollowerState
2019-10-18 07:54:33,148 [Thread-1930] INFO  impl.FollowerState (FollowerState.java:run(117)) - 3d3aac8b-d4d1-454d-bf0c-88a180692893@group-BAC069DAEF17-FollowerState was interrupted: java.lang.InterruptedException: sleep interrupted
2019-10-18 07:54:33,148 [grpc-default-executor-0] INFO  impl.RoleInfo (RoleInfo.java:updateAndGet(143)) - 3d3aac8b-d4d1-454d-bf0c-88a180692893: start FollowerState
2019-10-18 07:54:33,163 [4b487190-7547-40c7-b780-43c37a89e8eb@group-BAC069DAEF17-LeaderElection246] INFO  impl.LeaderElection (LeaderElection.java:logAndReturn(56)) - 4b487190-7547-40c7-b780-43c37a89e8eb@group-BAC069DAEF17-LeaderElection246: Election REJECTED; received 2 response(s) [4b487190-7547-40c7-b780-43c37a89e8eb<-6fa005cd-25d6-4e29-bda6-9462a060c098#0:FAIL-t259, 4b487190-7547-40c7-b780-43c37a89e8eb<-3d3aac8b-d4d1-454d-bf0c-88a180692893#0:FAIL-t259] and 0 exception(s); 4b487190-7547-40c7-b780-43c37a89e8eb@group-BAC069DAEF17:t259, leader=null, voted=4b487190-7547-40c7-b780-43c37a89e8eb, raftlog=4b487190-7547-40c7-b780-43c37a89e8eb@group-BAC069DAEF17-SegmentedRaftLog:OPENED:c-1,f-1,i0, conf=-1: [6fa005cd-25d6-4e29-bda6-9462a060c098:192.168.69.67:36093, 4b487190-7547-40c7-b780-43c37a89e8eb:192.168.69.67:39683, 3d3aac8b-d4d1-454d-bf0c-88a180692893:192.168.69.67:34429], old=null
2019-10-18 07:54:33,163 [4b487190-7547-40c7-b780-43c37a89e8eb@group-BAC069DAEF17-LeaderElection246] INFO  impl.RaftServerImpl (RaftServerImpl.java:setRole(184)) - 4b487190-7547-40c7-b780-43c37a89e8eb@group-BAC069DAEF17: changes role from CANDIDATE to FOLLOWER at term 259 for DISCOVERED_A_NEW_TERM
2019-10-18 07:54:33,163 [4b487190-7547-40c7-b780-43c37a89e8eb@group-BAC069DAEF17-LeaderElection246] INFO  impl.RoleInfo (RoleInfo.java:shutdownLeaderElection(134)) - 4b487190-7547-40c7-b780-43c37a89e8eb: shutdown LeaderElection
2019-10-18 07:54:33,163 [4b487190-7547-40c7-b780-43c37a89e8eb@group-BAC069DAEF17-LeaderElection246] INFO  impl.RoleInfo (RoleInfo.java:updateAndGet(143)) - 4b487190-7547-40c7-b780-43c37a89e8eb: start FollowerState
2019-10-18 07:54:33,221 [Thread-1940] INFO  impl.FollowerState (FollowerState.java:run(108)) - 4b487190-7547-40c7-b780-43c37a89e8eb@group-BAC069DAEF17-FollowerState: change to CANDIDATE, lastRpcTime:57ms, electionTimeout:57ms
2019-10-18 07:54:33,221 [Thread-1940] INFO  impl.RoleInfo (RoleInfo.java:shutdownFollowerState(121)) - 4b487190-7547-40c7-b780-43c37a89e8eb: shutdown FollowerState
2019-10-18 07:54:33,221 [Thread-1940] INFO  impl.RaftServerImpl (RaftServerImpl.java:setRole(184)) - 4b487190-7547-40c7-b780-43c37a89e8eb@group-BAC069DAEF17: changes role from  FOLLOWER to CANDIDATE at term 259 for changeToCandidate
2019-10-18 07:54:33,221 [Thread-1940] INFO  impl.RoleInfo (RoleInfo.java:updateAndGet(143)) - 4b487190-7547-40c7-b780-43c37a89e8eb: start LeaderElection
2019-10-18 07:54:33,236 [4b487190-7547-40c7-b780-43c37a89e8eb@group-BAC069DAEF17-LeaderElection247] INFO  impl.LeaderElection (LeaderElection.java:askForVotes(178)) - 4b487190-7547-40c7-b780-43c37a89e8eb@group-BAC069DAEF17-LeaderElection247: begin an election at term 260 for -1: [6fa005cd-25d6-4e29-bda6-9462a060c098:192.168.69.67:36093, 4b487190-7547-40c7-b780-43c37a89e8eb:192.168.69.67:39683, 3d3aac8b-d4d1-454d-bf0c-88a180692893:192.168.69.67:34429], old=null
2019-10-18 07:54:33,238 [grpc-default-executor-0] INFO  impl.RaftServerImpl (RaftServerImpl.java:setRole(184)) - 6fa005cd-25d6-4e29-bda6-9462a060c098@group-BAC069DAEF17: changes role from  FOLLOWER to FOLLOWER at term 260 for recognizeCandidate:4b487190-7547-40c7-b780-43c37a89e8eb
2019-10-18 07:54:33,238 [grpc-default-executor-0] INFO  impl.RoleInfo (RoleInfo.java:shutdownFollowerState(121)) - 6fa005cd-25d6-4e29-bda6-9462a060c098: shutdown FollowerState
2019-10-18 07:54:33,238 [grpc-default-executor-0] INFO  impl.RoleInfo (RoleInfo.java:updateAndGet(143)) - 6fa005cd-25d6-4e29-bda6-9462a060c098: start FollowerState
2019-10-18 07:54:33,239 [grpc-default-executor-6] INFO  impl.RaftServerImpl (RaftServerImpl.java:setRole(184)) - 3d3aac8b-d4d1-454d-bf0c-88a180692893@group-BAC069DAEF17: changes role from  FOLLOWER to FOLLOWER at term 260 for recognizeCandidate:4b487190-7547-40c7-b780-43c37a89e8eb
2019-10-18 07:54:33,239 [grpc-default-executor-6] INFO  impl.RoleInfo (RoleInfo.java:shutdownFollowerState(121)) - 3d3aac8b-d4d1-454d-bf0c-88a180692893: shutdown FollowerState
2019-10-18 07:54:33,238 [Thread-1938] INFO  impl.FollowerState (FollowerState.java:run(117)) - 6fa005cd-25d6-4e29-bda6-9462a060c098@group-BAC069DAEF17-FollowerState was interrupted: java.lang.InterruptedException: sleep interrupted
2019-10-18 07:54:33,239 [grpc-default-executor-6] INFO  impl.RoleInfo (RoleInfo.java:updateAndGet(143)) - 3d3aac8b-d4d1-454d-bf0c-88a180692893: start FollowerState
2019-10-18 07:54:33,239 [Thread-1939] INFO  impl.FollowerState (FollowerState.java:run(117)) - 3d3aac8b-d4d1-454d-bf0c-88a180692893@group-BAC069DAEF17-FollowerState was interrupted: java.lang.InterruptedException: sleep interrupted
2019-10-18 07:54:33,253 [4b487190-7547-40c7-b780-43c37a89e8eb@group-BAC069DAEF17-LeaderElection247] INFO  impl.LeaderElection (LeaderElection.java:logAndReturn(56)) - 4b487190-7547-40c7-b780-43c37a89e8eb@group-BAC069DAEF17-LeaderElection247: Election REJECTED; received 2 response(s) [4b487190-7547-40c7-b780-43c37a89e8eb<-6fa005cd-25d6-4e29-bda6-9462a060c098#0:FAIL-t260, 4b487190-7547-40c7-b780-43c37a89e8eb<-3d3aac8b-d4d1-454d-bf0c-88a180692893#0:FAIL-t260] and 0 exception(s); 4b487190-7547-40c7-b780-43c37a89e8eb@group-BAC069DAEF17:t260, leader=null, voted=4b487190-7547-40c7-b780-43c37a89e8eb, raftlog=4b487190-7547-40c7-b780-43c37a89e8eb@group-BAC069DAEF17-SegmentedRaftLog:OPENED:c-1,f-1,i0, conf=-1: [6fa005cd-25d6-4e29-bda6-9462a060c098:192.168.69.67:36093, 4b487190-7547-40c7-b780-43c37a89e8eb:192.168.69.67:39683, 3d3aac8b-d4d1-454d-bf0c-88a180692893:192.168.69.67:34429], old=null
2019-10-18 07:54:33,254 [4b487190-7547-40c7-b780-43c37a89e8eb@group-BAC069DAEF17-LeaderElection247] INFO  impl.RaftServerImpl (RaftServerImpl.java:setRole(184)) - 4b487190-7547-40c7-b780-43c37a89e8eb@group-BAC069DAEF17: changes role from CANDIDATE to FOLLOWER at term 260 for DISCOVERED_A_NEW_TERM
2019-10-18 07:54:33,254 [4b487190-7547-40c7-b780-43c37a89e8eb@group-BAC069DAEF17-LeaderElection247] INFO  impl.RoleInfo (RoleInfo.java:shutdownLeaderElection(134)) - 4b487190-7547-40c7-b780-43c37a89e8eb: shutdown LeaderElection
2019-10-18 07:54:33,254 [4b487190-7547-40c7-b780-43c37a89e8eb@group-BAC069DAEF17-LeaderElection247] INFO  impl.RoleInfo (RoleInfo.java:updateAndGet(143)) - 4b487190-7547-40c7-b780-43c37a89e8eb: start FollowerState
2019-10-18 07:54:33,273 [Thread-1946] INFO  impl.FollowerState (FollowerState.java:run(108)) - 4b487190-7547-40c7-b780-43c37a89e8eb@group-BAC069DAEF17-FollowerState: change to CANDIDATE, lastRpcTime:19ms, electionTimeout:19ms
2019-10-18 07:54:33,273 [Thread-1946] INFO  impl.RoleInfo (RoleInfo.java:shutdownFollowerState(121)) - 4b487190-7547-40c7-b780-43c37a89e8eb: shutdown FollowerState
2019-10-18 07:54:33,274 [Thread-1946] INFO  impl.RaftServerImpl (RaftServerImpl.java:setRole(184)) - 4b487190-7547-40c7-b780-43c37a89e8eb@group-BAC069DAEF17: changes role from  FOLLOWER to CANDIDATE at term 260 for changeToCandidate
2019-10-18 07:54:33,274 [Thread-1946] INFO  impl.RoleInfo (RoleInfo.java:updateAndGet(143)) - 4b487190-7547-40c7-b780-43c37a89e8eb: start LeaderElection
2019-10-18 07:54:33,295 [4b487190-7547-40c7-b780-43c37a89e8eb@group-BAC069DAEF17-LeaderElection248] INFO  impl.LeaderElection (LeaderElection.java:askForVotes(178)) - 4b487190-7547-40c7-b780-43c37a89e8eb@group-BAC069DAEF17-LeaderElection248: begin an election at term 261 for -1: [6fa005cd-25d6-4e29-bda6-9462a060c098:192.168.69.67:36093, 4b487190-7547-40c7-b780-43c37a89e8eb:192.168.69.67:39683, 3d3aac8b-d4d1-454d-bf0c-88a180692893:192.168.69.67:34429], old=null
2019-10-18 07:54:33,300 [grpc-default-executor-0] INFO  impl.RaftServerImpl (RaftServerImpl.java:setRole(184)) - 3d3aac8b-d4d1-454d-bf0c-88a180692893@group-BAC069DAEF17: changes role from  FOLLOWER to FOLLOWER at term 261 for recognizeCandidate:4b487190-7547-40c7-b780-43c37a89e8eb
2019-10-18 07:54:33,301 [grpc-default-executor-0] INFO  impl.RoleInfo (RoleInfo.java:shutdownFollowerState(121)) - 3d3aac8b-d4d1-454d-bf0c-88a180692893: shutdown FollowerState
2019-10-18 07:54:33,301 [grpc-default-executor-6] INFO  impl.RaftServerImpl (RaftServerImpl.java:setRole(184)) - 6fa005cd-25d6-4e29-bda6-9462a060c098@group-BAC069DAEF17: changes role from  FOLLOWER to FOLLOWER at term 261 for recognizeCandidate:4b487190-7547-40c7-b780-43c37a89e8eb
2019-10-18 07:54:33,302 [grpc-default-executor-0] INFO  impl.RoleInfo (RoleInfo.java:updateAndGet(143)) - 3d3aac8b-d4d1-454d-bf0c-88a180692893: start FollowerState
2019-10-18 07:54:33,302 [Thread-1945] INFO  impl.FollowerState (FollowerState.java:run(117)) - 3d3aac8b-d4d1-454d-bf0c-88a180692893@group-BAC069DAEF17-FollowerState was interrupted: java.lang.InterruptedException: sleep interrupted
2019-10-18 07:54:33,302 [grpc-default-executor-6] INFO  impl.RoleInfo (RoleInfo.java:shutdownFollowerState(121)) - 6fa005cd-25d6-4e29-bda6-9462a060c098: shutdown FollowerState
2019-10-18 07:54:33,302 [grpc-default-executor-6] INFO  impl.RoleInfo (RoleInfo.java:updateAndGet(143)) - 6fa005cd-25d6-4e29-bda6-9462a060c098: start FollowerState
2019-10-18 07:54:33,302 [Thread-1944] INFO  impl.FollowerState (FollowerState.java:run(117)) - 6fa005cd-25d6-4e29-bda6-9462a060c098@group-BAC069DAEF17-FollowerState was interrupted: java.lang.InterruptedException: sleep interrupted
2019-10-18 07:54:33,304 [4b487190-7547-40c7-b780-43c37a89e8eb@group-BAC069DAEF17-LeaderElection248] INFO  impl.LeaderElection (LeaderElection.java:logAndReturn(56)) - 4b487190-7547-40c7-b780-43c37a89e8eb@group-BAC069DAEF17-LeaderElection248: Election TIMEOUT; received 0 response(s) [] and 0 exception(s); 4b487190-7547-40c7-b780-43c37a89e8eb@group-BAC069DAEF17:t261, leader=null, voted=4b487190-7547-40c7-b780-43c37a89e8eb, raftlog=4b487190-7547-40c7-b780-43c37a89e8eb@group-BAC069DAEF17-SegmentedRaftLog:OPENED:c-1,f-1,i0, conf=-1: [6fa005cd-25d6-4e29-bda6-9462a060c098:192.168.69.67:36093, 4b487190-7547-40c7-b780-43c37a89e8eb:192.168.69.67:39683, 3d3aac8b-d4d1-454d-bf0c-88a180692893:192.168.69.67:34429], old=null
2019-10-18 07:54:33,313 [4b487190-7547-40c7-b780-43c37a89e8eb@group-BAC069DAEF17-LeaderElection248] INFO  impl.LeaderElection (LeaderElection.java:askForVotes(178)) - 4b487190-7547-40c7-b780-43c37a89e8eb@group-BAC069DAEF17-LeaderElection248: begin an election at term 262 for -1: [6fa005cd-25d6-4e29-bda6-9462a060c098:192.168.69.67:36093, 4b487190-7547-40c7-b780-43c37a89e8eb:192.168.69.67:39683, 3d3aac8b-d4d1-454d-bf0c-88a180692893:192.168.69.67:34429], old=null
2019-10-18 07:54:33,316 [grpc-default-executor-6] INFO  impl.RaftServerImpl (RaftServerImpl.java:setRole(184)) - 3d3aac8b-d4d1-454d-bf0c-88a180692893@group-BAC069DAEF17: changes role from  FOLLOWER to FOLLOWER at term 262 for recognizeCandidate:4b487190-7547-40c7-b780-43c37a89e8eb
2019-10-18 07:54:33,316 [grpc-default-executor-6] INFO  impl.RoleInfo (RoleInfo.java:shutdownFollowerState(121)) - 3d3aac8b-d4d1-454d-bf0c-88a180692893: shutdown FollowerState
2019-10-18 07:54:33,316 [grpc-default-executor-6] INFO  impl.RoleInfo (RoleInfo.java:updateAndGet(143)) - 3d3aac8b-d4d1-454d-bf0c-88a180692893: start FollowerState
2019-10-18 07:54:33,317 [Thread-1950] INFO  impl.FollowerState (FollowerState.java:run(117)) - 3d3aac8b-d4d1-454d-bf0c-88a180692893@group-BAC069DAEF17-FollowerState was interrupted: java.lang.InterruptedException: sleep interrupted
2019-10-18 07:54:33,317 [grpc-default-executor-0] INFO  impl.RaftServerImpl (RaftServerImpl.java:setRole(184)) - 6fa005cd-25d6-4e29-bda6-9462a060c098@group-BAC069DAEF17: changes role from  FOLLOWER to FOLLOWER at term 262 for recognizeCandidate:4b487190-7547-40c7-b780-43c37a89e8eb
2019-10-18 07:54:33,317 [grpc-default-executor-0] INFO  impl.RoleInfo (RoleInfo.java:shutdownFollowerState(121)) - 6fa005cd-25d6-4e29-bda6-9462a060c098: shutdown FollowerState
2019-10-18 07:54:33,317 [grpc-default-executor-0] INFO  impl.RoleInfo (RoleInfo.java:updateAndGet(143)) - 6fa005cd-25d6-4e29-bda6-9462a060c098: start FollowerState
2019-10-18 07:54:33,317 [Thread-1951] INFO  impl.FollowerState (FollowerState.java:run(117)) - 6fa005cd-25d6-4e29-bda6-9462a060c098@group-BAC069DAEF17-FollowerState was interrupted: java.lang.InterruptedException: sleep interrupted
2019-10-18 07:54:33,352 [4b487190-7547-40c7-b780-43c37a89e8eb@group-BAC069DAEF17-LeaderElection248] INFO  impl.LeaderElection (LeaderElection.java:logAndReturn(56)) - 4b487190-7547-40c7-b780-43c37a89e8eb@group-BAC069DAEF17-LeaderElection248: Election TIMEOUT; received 1 response(s) [4b487190-7547-40c7-b780-43c37a89e8eb<-3d3aac8b-d4d1-454d-bf0c-88a180692893#0:FAIL-t262] and 0 exception(s); 4b487190-7547-40c7-b780-43c37a89e8eb@group-BAC069DAEF17:t262, leader=null, voted=4b487190-7547-40c7-b780-43c37a89e8eb, raftlog=4b487190-7547-40c7-b780-43c37a89e8eb@group-BAC069DAEF17-SegmentedRaftLog:OPENED:c-1,f-1,i0, conf=-1: [6fa005cd-25d6-4e29-bda6-9462a060c098:192.168.69.67:36093, 4b487190-7547-40c7-b780-43c37a89e8eb:192.168.69.67:39683, 3d3aac8b-d4d1-454d-bf0c-88a180692893:192.168.69.67:34429], old=null
2019-10-18 07:54:33,365 [4b487190-7547-40c7-b780-43c37a89e8eb@group-BAC069DAEF17-LeaderElection248] INFO  impl.LeaderElection (LeaderElection.java:askForVotes(178)) - 4b487190-7547-40c7-b780-43c37a89e8eb@group-BAC069DAEF17-LeaderElection248: begin an election at term 263 for -1: [6fa005cd-25d6-4e29-bda6-9462a060c098:192.168.69.67:36093, 4b487190-7547-40c7-b780-43c37a89e8eb:192.168.69.67:39683, 3d3aac8b-d4d1-454d-bf0c-88a180692893:192.168.69.67:34429], old=null
2019-10-18 07:54:33,368 [grpc-default-executor-6] INFO  impl.RaftServerImpl (RaftServerImpl.java:setRole(184)) - 6fa005cd-25d6-4e29-bda6-9462a060c098@group-BAC069DAEF17: changes role from  FOLLOWER to FOLLOWER at term 263 for recognizeCandidate:4b487190-7547-40c7-b780-43c37a89e8eb
2019-10-18 07:54:33,369 [grpc-default-executor-6] INFO  impl.RoleInfo (RoleInfo.java:shutdownFollowerState(121)) - 6fa005cd-25d6-4e29-bda6-9462a060c098: shutdown FollowerState
2019-10-18 07:54:33,369 [grpc-default-executor-0] INFO  impl.RaftServerImpl (RaftServerImpl.java:setRole(184)) - 3d3aac8b-d4d1-454d-bf0c-88a180692893@group-BAC069DAEF17: changes role from  FOLLOWER to FOLLOWER at term 263 for recognizeCandidate:4b487190-7547-40c7-b780-43c37a89e8eb
2019-10-18 07:54:33,369 [grpc-default-executor-0] INFO  impl.RoleInfo (RoleInfo.java:shutdownFollowerState(121)) - 3d3aac8b-d4d1-454d-bf0c-88a180692893: shutdown FollowerState
2019-10-18 07:54:33,369 [Thread-1955] INFO  impl.FollowerState (FollowerState.java:run(117)) - 6fa005cd-25d6-4e29-bda6-9462a060c098@group-BAC069DAEF17-FollowerState was interrupted: java.lang.InterruptedException: sleep interrupted
2019-10-18 07:54:33,369 [grpc-default-executor-6] INFO  impl.RoleInfo (RoleInfo.java:updateAndGet(143)) - 6fa005cd-25d6-4e29-bda6-9462a060c098: start FollowerState
2019-10-18 07:54:33,369 [Thread-1954] INFO  impl.FollowerState (FollowerState.java:run(117)) - 3d3aac8b-d4d1-454d-bf0c-88a180692893@group-BAC069DAEF17-FollowerState was interrupted: java.lang.InterruptedException: sleep interrupted
2019-10-18 07:54:33,369 [grpc-default-executor-0] INFO  impl.RoleInfo (RoleInfo.java:updateAndGet(143)) - 3d3aac8b-d4d1-454d-bf0c-88a180692893: start FollowerState
2019-10-18 07:54:33,384 [4b487190-7547-40c7-b780-43c37a89e8eb@group-BAC069DAEF17-LeaderElection248] INFO  impl.LeaderElection (LeaderElection.java:logAndReturn(56)) - 4b487190-7547-40c7-b780-43c37a89e8eb@group-BAC069DAEF17-LeaderElection248: Election REJECTED; received 2 response(s) [4b487190-7547-40c7-b780-43c37a89e8eb<-6fa005cd-25d6-4e29-bda6-9462a060c098#0:FAIL-t263, 4b487190-7547-40c7-b780-43c37a89e8eb<-3d3aac8b-d4d1-454d-bf0c-88a180692893#0:FAIL-t263] and 0 exception(s); 4b487190-7547-40c7-b780-43c37a89e8eb@group-BAC069DAEF17:t263, leader=null, voted=4b487190-7547-40c7-b780-43c37a89e8eb, raftlog=4b487190-7547-40c7-b780-43c37a89e8eb@group-BAC069DAEF17-SegmentedRaftLog:OPENED:c-1,f-1,i0, conf=-1: [6fa005cd-25d6-4e29-bda6-9462a060c098:192.168.69.67:36093, 4b487190-7547-40c7-b780-43c37a89e8eb:192.168.69.67:39683, 3d3aac8b-d4d1-454d-bf0c-88a180692893:192.168.69.67:34429], old=null
2019-10-18 07:54:33,384 [4b487190-7547-40c7-b780-43c37a89e8eb@group-BAC069DAEF17-LeaderElection248] INFO  impl.RaftServerImpl (RaftServerImpl.java:setRole(184)) - 4b487190-7547-40c7-b780-43c37a89e8eb@group-BAC069DAEF17: changes role from CANDIDATE to FOLLOWER at term 263 for DISCOVERED_A_NEW_TERM
2019-10-18 07:54:33,385 [4b487190-7547-40c7-b780-43c37a89e8eb@group-BAC069DAEF17-LeaderElection248] INFO  impl.RoleInfo (RoleInfo.java:shutdownLeaderElection(134)) - 4b487190-7547-40c7-b780-43c37a89e8eb: shutdown LeaderElection
2019-10-18 07:54:33,385 [4b487190-7547-40c7-b780-43c37a89e8eb@group-BAC069DAEF17-LeaderElection248] INFO  impl.RoleInfo (RoleInfo.java:updateAndGet(143)) - 4b487190-7547-40c7-b780-43c37a89e8eb: start FollowerState
2019-10-18 07:54:33,498 [Thread-1960] INFO  impl.FollowerState (FollowerState.java:run(108)) - 4b487190-7547-40c7-b780-43c37a89e8eb@group-BAC069DAEF17-FollowerState: change to CANDIDATE, lastRpcTime:112ms, electionTimeout:112ms
2019-10-18 07:54:33,498 [Thread-1960] INFO  impl.RoleInfo (RoleInfo.java:shutdownFollowerState(121)) - 4b487190-7547-40c7-b780-43c37a89e8eb: shutdown FollowerState
2019-10-18 07:54:33,498 [Thread-1960] INFO  impl.RaftServerImpl (RaftServerImpl.java:setRole(184)) - 4b487190-7547-40c7-b780-43c37a89e8eb@group-BAC069DAEF17: changes role from  FOLLOWER to CANDIDATE at term 263 for changeToCandidate
2019-10-18 07:54:33,499 [Thread-1960] INFO  impl.RoleInfo (RoleInfo.java:updateAndGet(143)) - 4b487190-7547-40c7-b780-43c37a89e8eb: start LeaderElection
2019-10-18 07:54:33,524 [4b487190-7547-40c7-b780-43c37a89e8eb@group-BAC069DAEF17-LeaderElection249] INFO  impl.LeaderElection (LeaderElection.java:askForVotes(178)) - 4b487190-7547-40c7-b780-43c37a89e8eb@group-BAC069DAEF17-LeaderElection249: begin an election at term 264 for -1: [6fa005cd-25d6-4e29-bda6-9462a060c098:192.168.69.67:36093, 4b487190-7547-40c7-b780-43c37a89e8eb:192.168.69.67:39683, 3d3aac8b-d4d1-454d-bf0c-88a180692893:192.168.69.67:34429], old=null
2019-10-18 07:54:33,527 [grpc-default-executor-6] INFO  impl.RaftServerImpl (RaftServerImpl.java:setRole(184)) - 6fa005cd-25d6-4e29-bda6-9462a060c098@group-BAC069DAEF17: changes role from  FOLLOWER to FOLLOWER at term 264 for recognizeCandidate:4b487190-7547-40c7-b780-43c37a89e8eb
2019-10-18 07:54:33,527 [grpc-default-executor-6] INFO  impl.RoleInfo (RoleInfo.java:shutdownFollowerState(121)) - 6fa005cd-25d6-4e29-bda6-9462a060c098: shutdown FollowerState
2019-10-18 07:54:33,528 [grpc-default-executor-0] INFO  impl.RaftServerImpl (RaftServerImpl.java:setRole(184)) - 3d3aac8b-d4d1-454d-bf0c-88a180692893@group-BAC069DAEF17: changes role from  FOLLOWER to FOLLOWER at term 264 for recognizeCandidate:4b487190-7547-40c7-b780-43c37a89e8eb
2019-10-18 07:54:33,528 [Thread-1958] INFO  impl.FollowerState (FollowerState.java:run(117)) - 6fa005cd-25d6-4e29-bda6-9462a060c098@group-BAC069DAEF17-FollowerState was interrupted: java.lang.InterruptedException: sleep interrupted
2019-10-18 07:54:33,528 [grpc-default-executor-6] INFO  impl.RoleInfo (RoleInfo.java:updateAndGet(143)) - 6fa005cd-25d6-4e29-bda6-9462a060c098: start FollowerState
2019-10-18 07:54:33,528 [grpc-default-executor-0] INFO  impl.RoleInfo (RoleInfo.java:shutdownFollowerState(121)) - 3d3aac8b-d4d1-454d-bf0c-88a180692893: shutdown FollowerState
2019-10-18 07:54:33,529 [grpc-default-executor-0] INFO  impl.RoleInfo (RoleInfo.java:updateAndGet(143)) - 3d3aac8b-d4d1-454d-bf0c-88a180692893: start FollowerState
2019-10-18 07:54:33,529 [Thread-1959] INFO  impl.FollowerState (FollowerState.java:run(117)) - 3d3aac8b-d4d1-454d-bf0c-88a180692893@group-BAC069DAEF17-FollowerState was interrupted: java.lang.InterruptedException: sleep interrupted
2019-10-18 07:54:33,543 [4b487190-7547-40c7-b780-43c37a89e8eb@group-BAC069DAEF17-LeaderElection249] INFO  impl.LeaderElection (LeaderElection.java:logAndReturn(56)) - 4b487190-7547-40c7-b780-43c37a89e8eb@group-BAC069DAEF17-LeaderElection249: Election REJECTED; received 2 response(s) [4b487190-7547-40c7-b780-43c37a89e8eb<-6fa005cd-25d6-4e29-bda6-9462a060c098#0:FAIL-t264, 4b487190-7547-40c7-b780-43c37a89e8eb<-3d3aac8b-d4d1-454d-bf0c-88a180692893#0:FAIL-t264] and 0 exception(s); 4b487190-7547-40c7-b780-43c37a89e8eb@group-BAC069DAEF17:t264, leader=null, voted=4b487190-7547-40c7-b780-43c37a89e8eb, raftlog=4b487190-7547-40c7-b780-43c37a89e8eb@group-BAC069DAEF17-SegmentedRaftLog:OPENED:c-1,f-1,i0, conf=-1: [6fa005cd-25d6-4e29-bda6-9462a060c098:192.168.69.67:36093, 4b487190-7547-40c7-b780-43c37a89e8eb:192.168.69.67:39683, 3d3aac8b-d4d1-454d-bf0c-88a180692893:192.168.69.67:34429], old=null
2019-10-18 07:54:33,543 [4b487190-7547-40c7-b780-43c37a89e8eb@group-BAC069DAEF17-LeaderElection249] INFO  impl.RaftServerImpl (RaftServerImpl.java:setRole(184)) - 4b487190-7547-40c7-b780-43c37a89e8eb@group-BAC069DAEF17: changes role from CANDIDATE to FOLLOWER at term 264 for DISCOVERED_A_NEW_TERM
2019-10-18 07:54:33,543 [4b487190-7547-40c7-b780-43c37a89e8eb@group-BAC069DAEF17-LeaderElection249] INFO  impl.RoleInfo (RoleInfo.java:shutdownLeaderElection(134)) - 4b487190-7547-40c7-b780-43c37a89e8eb: shutdown LeaderElection
2019-10-18 07:54:33,544 [4b487190-7547-40c7-b780-43c37a89e8eb@group-BAC069DAEF17-LeaderElection249] INFO  impl.RoleInfo (RoleInfo.java:updateAndGet(143)) - 4b487190-7547-40c7-b780-43c37a89e8eb: start FollowerState
2019-10-18 07:54:33,722 [Thread-1966] INFO  impl.FollowerState (FollowerState.java:run(108)) - 4b487190-7547-40c7-b780-43c37a89e8eb@group-BAC069DAEF17-FollowerState: change to CANDIDATE, lastRpcTime:178ms, electionTimeout:178ms
2019-10-18 07:54:33,722 [Thread-1966] INFO  impl.RoleInfo (RoleInfo.java:shutdownFollowerState(121)) - 4b487190-7547-40c7-b780-43c37a89e8eb: shutdown FollowerState
2019-10-18 07:54:33,723 [Thread-1966] INFO  impl.RaftServerImpl (RaftServerImpl.java:setRole(184)) - 4b487190-7547-40c7-b780-43c37a89e8eb@group-BAC069DAEF17: changes role from  FOLLOWER to CANDIDATE at term 264 for changeToCandidate
2019-10-18 07:54:33,723 [Thread-1966] INFO  impl.RoleInfo (RoleInfo.java:updateAndGet(143)) - 4b487190-7547-40c7-b780-43c37a89e8eb: start LeaderElection
2019-10-18 07:54:33,737 [4b487190-7547-40c7-b780-43c37a89e8eb@group-BAC069DAEF17-LeaderElection250] INFO  impl.LeaderElection (LeaderElection.java:askForVotes(178)) - 4b487190-7547-40c7-b780-43c37a89e8eb@group-BAC069DAEF17-LeaderElection250: begin an election at term 265 for -1: [6fa005cd-25d6-4e29-bda6-9462a060c098:192.168.69.67:36093, 4b487190-7547-40c7-b780-43c37a89e8eb:192.168.69.67:39683, 3d3aac8b-d4d1-454d-bf0c-88a180692893:192.168.69.67:34429], old=null
2019-10-18 07:54:33,740 [grpc-default-executor-0] INFO  impl.RaftServerImpl (RaftServerImpl.java:setRole(184)) - 3d3aac8b-d4d1-454d-bf0c-88a180692893@group-BAC069DAEF17: changes role from  FOLLOWER to FOLLOWER at term 265 for recognizeCandidate:4b487190-7547-40c7-b780-43c37a89e8eb
2019-10-18 07:54:33,740 [grpc-default-executor-6] INFO  impl.RaftServerImpl (RaftServerImpl.java:setRole(184)) - 6fa005cd-25d6-4e29-bda6-9462a060c098@group-BAC069DAEF17: changes role from  FOLLOWER to FOLLOWER at term 265 for recognizeCandidate:4b487190-7547-40c7-b780-43c37a89e8eb
2019-10-18 07:54:33,740 [grpc-default-executor-0] INFO  impl.RoleInfo (RoleInfo.java:shutdownFollowerState(121)) - 3d3aac8b-d4d1-454d-bf0c-88a180692893: shutdown FollowerState
2019-10-18 07:54:33,740 [grpc-default-executor-6] INFO  impl.RoleInfo (RoleInfo.java:shutdownFollowerState(121)) - 6fa005cd-25d6-4e29-bda6-9462a060c098: shutdown FollowerState
2019-10-18 07:54:33,741 [Thread-1965] INFO  impl.FollowerState (FollowerState.java:run(117)) - 3d3aac8b-d4d1-454d-bf0c-88a180692893@group-BAC069DAEF17-FollowerState was interrupted: java.lang.InterruptedException: sleep interrupted
2019-10-18 07:54:33,740 [grpc-default-executor-0] INFO  impl.RoleInfo (RoleInfo.java:updateAndGet(143)) - 3d3aac8b-d4d1-454d-bf0c-88a180692893: start FollowerState
2019-10-18 07:54:33,741 [Thread-1964] INFO  impl.FollowerState (FollowerState.java:run(117)) - 6fa005cd-25d6-4e29-bda6-9462a060c098@group-BAC069DAEF17-FollowerState was interrupted: java.lang.InterruptedException: sleep interrupted
2019-10-18 07:54:33,741 [grpc-default-executor-6] INFO  impl.RoleInfo (RoleInfo.java:updateAndGet(143)) - 6fa005cd-25d6-4e29-bda6-9462a060c098: start FollowerState
2019-10-18 07:54:33,755 [4b487190-7547-40c7-b780-43c37a89e8eb@group-BAC069DAEF17-LeaderElection250] INFO  impl.LeaderElection (LeaderElection.java:logAndReturn(56)) - 4b487190-7547-40c7-b780-43c37a89e8eb@group-BAC069DAEF17-LeaderElection250: Election REJECTED; received 2 response(s) [4b487190-7547-40c7-b780-43c37a89e8eb<-6fa005cd-25d6-4e29-bda6-9462a060c098#0:FAIL-t265, 4b487190-7547-40c7-b780-43c37a89e8eb<-3d3aac8b-d4d1-454d-bf0c-88a180692893#0:FAIL-t265] and 0 exception(s); 4b487190-7547-40c7-b780-43c37a89e8eb@group-BAC069DAEF17:t265, leader=null, voted=4b487190-7547-40c7-b780-43c37a89e8eb, raftlog=4b487190-7547-40c7-b780-43c37a89e8eb@group-BAC069DAEF17-SegmentedRaftLog:OPENED:c-1,f-1,i0, conf=-1: [6fa005cd-25d6-4e29-bda6-9462a060c098:192.168.69.67:36093, 4b487190-7547-40c7-b780-43c37a89e8eb:192.168.69.67:39683, 3d3aac8b-d4d1-454d-bf0c-88a180692893:192.168.69.67:34429], old=null
2019-10-18 07:54:33,756 [4b487190-7547-40c7-b780-43c37a89e8eb@group-BAC069DAEF17-LeaderElection250] INFO  impl.RaftServerImpl (RaftServerImpl.java:setRole(184)) - 4b487190-7547-40c7-b780-43c37a89e8eb@group-BAC069DAEF17: changes role from CANDIDATE to FOLLOWER at term 265 for DISCOVERED_A_NEW_TERM
2019-10-18 07:54:33,756 [4b487190-7547-40c7-b780-43c37a89e8eb@group-BAC069DAEF17-LeaderElection250] INFO  impl.RoleInfo (RoleInfo.java:shutdownLeaderElection(134)) - 4b487190-7547-40c7-b780-43c37a89e8eb: shutdown LeaderElection
2019-10-18 07:54:33,756 [4b487190-7547-40c7-b780-43c37a89e8eb@group-BAC069DAEF17-LeaderElection250] INFO  impl.RoleInfo (RoleInfo.java:updateAndGet(143)) - 4b487190-7547-40c7-b780-43c37a89e8eb: start FollowerState
2019-10-18 07:54:33,784 [Thread-1972] INFO  impl.FollowerState (FollowerState.java:run(108)) - 4b487190-7547-40c7-b780-43c37a89e8eb@group-BAC069DAEF17-FollowerState: change to CANDIDATE, lastRpcTime:28ms, electionTimeout:28ms
2019-10-18 07:54:33,784 [Thread-1972] INFO  impl.RoleInfo (RoleInfo.java:shutdownFollowerState(121)) - 4b487190-7547-40c7-b780-43c37a89e8eb: shutdown FollowerState
2019-10-18 07:54:33,785 [Thread-1972] INFO  impl.RaftServerImpl (RaftServerImpl.java:setRole(184)) - 4b487190-7547-40c7-b780-43c37a89e8eb@group-BAC069DAEF17: changes role from  FOLLOWER to CANDIDATE at term 265 for changeToCandidate
2019-10-18 07:54:33,785 [Thread-1972] INFO  impl.RoleInfo (RoleInfo.java:updateAndGet(143)) - 4b487190-7547-40c7-b780-43c37a89e8eb: start LeaderElection
2019-10-18 07:54:33,799 [4b487190-7547-40c7-b780-43c37a89e8eb@group-BAC069DAEF17-LeaderElection251] INFO  impl.LeaderElection (LeaderElection.java:askForVotes(178)) - 4b487190-7547-40c7-b780-43c37a89e8eb@group-BAC069DAEF17-LeaderElection251: begin an election at term 266 for -1: [6fa005cd-25d6-4e29-bda6-9462a060c098:192.168.69.67:36093, 4b487190-7547-40c7-b780-43c37a89e8eb:192.168.69.67:39683, 3d3aac8b-d4d1-454d-bf0c-88a180692893:192.168.69.67:34429], old=null
2019-10-18 07:54:33,801 [grpc-default-executor-6] INFO  impl.RaftServerImpl (RaftServerImpl.java:setRole(184)) - 6fa005cd-25d6-4e29-bda6-9462a060c098@group-BAC069DAEF17: changes role from  FOLLOWER to FOLLOWER at term 266 for recognizeCandidate:4b487190-7547-40c7-b780-43c37a89e8eb
2019-10-18 07:54:33,801 [grpc-default-executor-0] INFO  impl.RaftServerImpl (RaftServerImpl.java:setRole(184)) - 3d3aac8b-d4d1-454d-bf0c-88a180692893@group-BAC069DAEF17: changes role from  FOLLOWER to FOLLOWER at term 266 for recognizeCandidate:4b487190-7547-40c7-b780-43c37a89e8eb
2019-10-18 07:54:33,801 [grpc-default-executor-6] INFO  impl.RoleInfo (RoleInfo.java:shutdownFollowerState(121)) - 6fa005cd-25d6-4e29-bda6-9462a060c098: shutdown FollowerState
2019-10-18 07:54:33,801 [grpc-default-executor-0] INFO  impl.RoleInfo (RoleInfo.java:shutdownFollowerState(121)) - 3d3aac8b-d4d1-454d-bf0c-88a180692893: shutdown FollowerState
2019-10-18 07:54:33,802 [Thread-1970] INFO  impl.FollowerState (FollowerState.java:run(117)) - 3d3aac8b-d4d1-454d-bf0c-88a180692893@group-BAC069DAEF17-FollowerState was interrupted: java.lang.InterruptedException: sleep interrupted
2019-10-18 07:54:33,802 [Thread-1971] INFO  impl.FollowerState (FollowerState.java:run(117)) - 6fa005cd-25d6-4e29-bda6-9462a060c098@group-BAC069DAEF17-FollowerState was interrupted: java.lang.InterruptedException: sleep interrupted
2019-10-18 07:54:33,802 [grpc-default-executor-6] INFO  impl.RoleInfo (RoleInfo.java:updateAndGet(143)) - 6fa005cd-25d6-4e29-bda6-9462a060c098: start FollowerState
2019-10-18 07:54:33,802 [grpc-default-executor-0] INFO  impl.RoleInfo (RoleInfo.java:updateAndGet(143)) - 3d3aac8b-d4d1-454d-bf0c-88a180692893: start FollowerState
2019-10-18 07:54:33,821 [4b487190-7547-40c7-b780-43c37a89e8eb@group-BAC069DAEF17-LeaderElection251] INFO  impl.LeaderElection (LeaderElection.java:logAndReturn(56)) - 4b487190-7547-40c7-b780-43c37a89e8eb@group-BAC069DAEF17-LeaderElection251: Election REJECTED; received 2 response(s) [4b487190-7547-40c7-b780-43c37a89e8eb<-6fa005cd-25d6-4e29-bda6-9462a060c098#0:FAIL-t266, 4b487190-7547-40c7-b780-43c37a89e8eb<-3d3aac8b-d4d1-454d-bf0c-88a180692893#0:FAIL-t266] and 0 exception(s); 4b487190-7547-40c7-b780-43c37a89e8eb@group-BAC069DAEF17:t266, leader=null, voted=4b487190-7547-40c7-b780-43c37a89e8eb, raftlog=4b487190-7547-40c7-b780-43c37a89e8eb@group-BAC069DAEF17-SegmentedRaftLog:OPENED:c-1,f-1,i0, conf=-1: [6fa005cd-25d6-4e29-bda6-9462a060c098:192.168.69.67:36093, 4b487190-7547-40c7-b780-43c37a89e8eb:192.168.69.67:39683, 3d3aac8b-d4d1-454d-bf0c-88a180692893:192.168.69.67:34429], old=null
2019-10-18 07:54:33,822 [4b487190-7547-40c7-b780-43c37a89e8eb@group-BAC069DAEF17-LeaderElection251] INFO  impl.RaftServerImpl (RaftServerImpl.java:setRole(184)) - 4b487190-7547-40c7-b780-43c37a89e8eb@group-BAC069DAEF17: changes role from CANDIDATE to FOLLOWER at term 266 for DISCOVERED_A_NEW_TERM
2019-10-18 07:54:33,822 [4b487190-7547-40c7-b780-43c37a89e8eb@group-BAC069DAEF17-LeaderElection251] INFO  impl.RoleInfo (RoleInfo.java:shutdownLeaderElection(134)) - 4b487190-7547-40c7-b780-43c37a89e8eb: shutdown LeaderElection
2019-10-18 07:54:33,822 [4b487190-7547-40c7-b780-43c37a89e8eb@group-BAC069DAEF17-LeaderElection251] INFO  impl.RoleInfo (RoleInfo.java:updateAndGet(143)) - 4b487190-7547-40c7-b780-43c37a89e8eb: start FollowerState
2019-10-18 07:54:33,963 [Thread-1978] INFO  impl.FollowerState (FollowerState.java:run(108)) - 4b487190-7547-40c7-b780-43c37a89e8eb@group-BAC069DAEF17-FollowerState: change to CANDIDATE, lastRpcTime:141ms, electionTimeout:141ms
2019-10-18 07:54:33,964 [Thread-1978] INFO  impl.RoleInfo (RoleInfo.java:shutdownFollowerState(121)) - 4b487190-7547-40c7-b780-43c37a89e8eb: shutdown FollowerState
2019-10-18 07:54:33,964 [Thread-1978] INFO  impl.RaftServerImpl (RaftServerImpl.java:setRole(184)) - 4b487190-7547-40c7-b780-43c37a89e8eb@group-BAC069DAEF17: changes role from  FOLLOWER to CANDIDATE at term 266 for changeToCandidate
2019-10-18 07:54:33,964 [Thread-1978] INFO  impl.RoleInfo (RoleInfo.java:updateAndGet(143)) - 4b487190-7547-40c7-b780-43c37a89e8eb: start LeaderElection
2019-10-18 07:54:33,979 [4b487190-7547-40c7-b780-43c37a89e8eb@group-BAC069DAEF17-LeaderElection252] INFO  impl.LeaderElection (LeaderElection.java:askForVotes(178)) - 4b487190-7547-40c7-b780-43c37a89e8eb@group-BAC069DAEF17-LeaderElection252: begin an election at term 267 for -1: [6fa005cd-25d6-4e29-bda6-9462a060c098:192.168.69.67:36093, 4b487190-7547-40c7-b780-43c37a89e8eb:192.168.69.67:39683, 3d3aac8b-d4d1-454d-bf0c-88a180692893:192.168.69.67:34429], old=null
2019-10-18 07:54:33,981 [grpc-default-executor-6] INFO  impl.RaftServerImpl (RaftServerImpl.java:setRole(184)) - 6fa005cd-25d6-4e29-bda6-9462a060c098@group-BAC069DAEF17: changes role from  FOLLOWER to FOLLOWER at term 267 for recognizeCandidate:4b487190-7547-40c7-b780-43c37a89e8eb
2019-10-18 07:54:33,981 [grpc-default-executor-0] INFO  impl.RaftServerImpl (RaftServerImpl.java:setRole(184)) - 3d3aac8b-d4d1-454d-bf0c-88a180692893@group-BAC069DAEF17: changes role from  FOLLOWER to FOLLOWER at term 267 for recognizeCandidate:4b487190-7547-40c7-b780-43c37a89e8eb
2019-10-18 07:54:33,982 [grpc-default-executor-6] INFO  impl.RoleInfo (RoleInfo.java:shutdownFollowerState(121)) - 6fa005cd-25d6-4e29-bda6-9462a060c098: shutdown FollowerState
2019-10-18 07:54:33,982 [grpc-default-executor-0] INFO  impl.RoleInfo (RoleInfo.java:shutdownFollowerState(121)) - 3d3aac8b-d4d1-454d-bf0c-88a180692893: shutdown FollowerState
2019-10-18 07:54:33,982 [Thread-1976] INFO  impl.FollowerState (FollowerState.java:run(117)) - 6fa005cd-25d6-4e29-bda6-9462a060c098@group-BAC069DAEF17-FollowerState was interrupted: java.lang.InterruptedException: sleep interrupted
2019-10-18 07:54:33,982 [grpc-default-executor-6] INFO  impl.RoleInfo (RoleInfo.java:updateAndGet(143)) - 6fa005cd-25d6-4e29-bda6-9462a060c098: start FollowerState
2019-10-18 07:54:33,982 [Thread-1977] INFO  impl.FollowerState (FollowerState.java:run(117)) - 3d3aac8b-d4d1-454d-bf0c-88a180692893@group-BAC069DAEF17-FollowerState was interrupted: java.lang.InterruptedException: sleep interrupted
2019-10-18 07:54:33,982 [grpc-default-executor-0] INFO  impl.RoleInfo (RoleInfo.java:updateAndGet(143)) - 3d3aac8b-d4d1-454d-bf0c-88a180692893: start FollowerState
2019-10-18 07:54:33,997 [4b487190-7547-40c7-b780-43c37a89e8eb@group-BAC069DAEF17-LeaderElection252] INFO  impl.LeaderElection (LeaderElection.java:logAndReturn(56)) - 4b487190-7547-40c7-b780-43c37a89e8eb@group-BAC069DAEF17-LeaderElection252: Election REJECTED; received 2 response(s) [4b487190-7547-40c7-b780-43c37a89e8eb<-6fa005cd-25d6-4e29-bda6-9462a060c098#0:FAIL-t267, 4b487190-7547-40c7-b780-43c37a89e8eb<-3d3aac8b-d4d1-454d-bf0c-88a180692893#0:FAIL-t267] and 0 exception(s); 4b487190-7547-40c7-b780-43c37a89e8eb@group-BAC069DAEF17:t267, leader=null, voted=4b487190-7547-40c7-b780-43c37a89e8eb, raftlog=4b487190-7547-40c7-b780-43c37a89e8eb@group-BAC069DAEF17-SegmentedRaftLog:OPENED:c-1,f-1,i0, conf=-1: [6fa005cd-25d6-4e29-bda6-9462a060c098:192.168.69.67:36093, 4b487190-7547-40c7-b780-43c37a89e8eb:192.168.69.67:39683, 3d3aac8b-d4d1-454d-bf0c-88a180692893:192.168.69.67:34429], old=null
2019-10-18 07:54:33,997 [4b487190-7547-40c7-b780-43c37a89e8eb@group-BAC069DAEF17-LeaderElection252] INFO  impl.RaftServerImpl (RaftServerImpl.java:setRole(184)) - 4b487190-7547-40c7-b780-43c37a89e8eb@group-BAC069DAEF17: changes role from CANDIDATE to FOLLOWER at term 267 for DISCOVERED_A_NEW_TERM
2019-10-18 07:54:33,997 [4b487190-7547-40c7-b780-43c37a89e8eb@group-BAC069DAEF17-LeaderElection252] INFO  impl.RoleInfo (RoleInfo.java:shutdownLeaderElection(134)) - 4b487190-7547-40c7-b780-43c37a89e8eb: shutdown LeaderElection
2019-10-18 07:54:33,997 [4b487190-7547-40c7-b780-43c37a89e8eb@group-BAC069DAEF17-LeaderElection252] INFO  impl.RoleInfo (RoleInfo.java:updateAndGet(143)) - 4b487190-7547-40c7-b780-43c37a89e8eb: start FollowerState
2019-10-18 07:54:34,075 [Thread-1984] INFO  impl.FollowerState (FollowerState.java:run(108)) - 4b487190-7547-40c7-b780-43c37a89e8eb@group-BAC069DAEF17-FollowerState: change to CANDIDATE, lastRpcTime:77ms, electionTimeout:77ms
2019-10-18 07:54:34,075 [Thread-1984] INFO  impl.RoleInfo (RoleInfo.java:shutdownFollowerState(121)) - 4b487190-7547-40c7-b780-43c37a89e8eb: shutdown FollowerState
2019-10-18 07:54:34,075 [Thread-1984] INFO  impl.RaftServerImpl (RaftServerImpl.java:setRole(184)) - 4b487190-7547-40c7-b780-43c37a89e8eb@group-BAC069DAEF17: changes role from  FOLLOWER to CANDIDATE at term 267 for changeToCandidate
2019-10-18 07:54:34,076 [Thread-1984] INFO  impl.RoleInfo (RoleInfo.java:updateAndGet(143)) - 4b487190-7547-40c7-b780-43c37a89e8eb: start LeaderElection
2019-10-18 07:54:34,090 [4b487190-7547-40c7-b780-43c37a89e8eb@group-BAC069DAEF17-LeaderElection253] INFO  impl.LeaderElection (LeaderElection.java:askForVotes(178)) - 4b487190-7547-40c7-b780-43c37a89e8eb@group-BAC069DAEF17-LeaderElection253: begin an election at term 268 for -1: [6fa005cd-25d6-4e29-bda6-9462a060c098:192.168.69.67:36093, 4b487190-7547-40c7-b780-43c37a89e8eb:192.168.69.67:39683, 3d3aac8b-d4d1-454d-bf0c-88a180692893:192.168.69.67:34429], old=null
2019-10-18 07:54:34,092 [grpc-default-executor-6] INFO  impl.RaftServerImpl (RaftServerImpl.java:setRole(184)) - 6fa005cd-25d6-4e29-bda6-9462a060c098@group-BAC069DAEF17: changes role from  FOLLOWER to FOLLOWER at term 268 for recognizeCandidate:4b487190-7547-40c7-b780-43c37a89e8eb
2019-10-18 07:54:34,092 [grpc-default-executor-0] INFO  impl.RaftServerImpl (RaftServerImpl.java:setRole(184)) - 3d3aac8b-d4d1-454d-bf0c-88a180692893@group-BAC069DAEF17: changes role from  FOLLOWER to FOLLOWER at term 268 for recognizeCandidate:4b487190-7547-40c7-b780-43c37a89e8eb
2019-10-18 07:54:34,092 [grpc-default-executor-6] INFO  impl.RoleInfo (RoleInfo.java:shutdownFollowerState(121)) - 6fa005cd-25d6-4e29-bda6-9462a060c098: shutdown FollowerState
2019-10-18 07:54:34,092 [grpc-default-executor-0] INFO  impl.RoleInfo (RoleInfo.java:shutdownFollowerState(121)) - 3d3aac8b-d4d1-454d-bf0c-88a180692893: shutdown FollowerState
2019-10-18 07:54:34,093 [grpc-default-executor-0] INFO  impl.RoleInfo (RoleInfo.java:updateAndGet(143)) - 3d3aac8b-d4d1-454d-bf0c-88a180692893: start FollowerState
2019-10-18 07:54:34,093 [Thread-1982] INFO  impl.FollowerState (FollowerState.java:run(117)) - 6fa005cd-25d6-4e29-bda6-9462a060c098@group-BAC069DAEF17-FollowerState was interrupted: java.lang.InterruptedException: sleep interrupted
2019-10-18 07:54:34,092 [grpc-default-executor-6] INFO  impl.RoleInfo (RoleInfo.java:updateAndGet(143)) - 6fa005cd-25d6-4e29-bda6-9462a060c098: start FollowerState
2019-10-18 07:54:34,093 [Thread-1983] INFO  impl.FollowerState (FollowerState.java:run(117)) - 3d3aac8b-d4d1-454d-bf0c-88a180692893@group-BAC069DAEF17-FollowerState was interrupted: java.lang.InterruptedException: sleep interrupted
2019-10-18 07:54:34,107 [4b487190-7547-40c7-b780-43c37a89e8eb@group-BAC069DAEF17-LeaderElection253] INFO  impl.LeaderElection (LeaderElection.java:logAndReturn(56)) - 4b487190-7547-40c7-b780-43c37a89e8eb@group-BAC069DAEF17-LeaderElection253: Election REJECTED; received 2 response(s) [4b487190-7547-40c7-b780-43c37a89e8eb<-6fa005cd-25d6-4e29-bda6-9462a060c098#0:FAIL-t268, 4b487190-7547-40c7-b780-43c37a89e8eb<-3d3aac8b-d4d1-454d-bf0c-88a180692893#0:FAIL-t268] and 0 exception(s); 4b487190-7547-40c7-b780-43c37a89e8eb@group-BAC069DAEF17:t268, leader=null, voted=4b487190-7547-40c7-b780-43c37a89e8eb, raftlog=4b487190-7547-40c7-b780-43c37a89e8eb@group-BAC069DAEF17-SegmentedRaftLog:OPENED:c-1,f-1,i0, conf=-1: [6fa005cd-25d6-4e29-bda6-9462a060c098:192.168.69.67:36093, 4b487190-7547-40c7-b780-43c37a89e8eb:192.168.69.67:39683, 3d3aac8b-d4d1-454d-bf0c-88a180692893:192.168.69.67:34429], old=null
2019-10-18 07:54:34,107 [4b487190-7547-40c7-b780-43c37a89e8eb@group-BAC069DAEF17-LeaderElection253] INFO  impl.RaftServerImpl (RaftServerImpl.java:setRole(184)) - 4b487190-7547-40c7-b780-43c37a89e8eb@group-BAC069DAEF17: changes role from CANDIDATE to FOLLOWER at term 268 for DISCOVERED_A_NEW_TERM
2019-10-18 07:54:34,108 [4b487190-7547-40c7-b780-43c37a89e8eb@group-BAC069DAEF17-LeaderElection253] INFO  impl.RoleInfo (RoleInfo.java:shutdownLeaderElection(134)) - 4b487190-7547-40c7-b780-43c37a89e8eb: shutdown LeaderElection
2019-10-18 07:54:34,108 [4b487190-7547-40c7-b780-43c37a89e8eb@group-BAC069DAEF17-LeaderElection253] INFO  impl.RoleInfo (RoleInfo.java:updateAndGet(143)) - 4b487190-7547-40c7-b780-43c37a89e8eb: start FollowerState
2019-10-18 07:54:34,235 [Thread-1990] INFO  impl.FollowerState (FollowerState.java:run(108)) - 4b487190-7547-40c7-b780-43c37a89e8eb@group-BAC069DAEF17-FollowerState: change to CANDIDATE, lastRpcTime:127ms, electionTimeout:127ms
2019-10-18 07:54:34,235 [Thread-1990] INFO  impl.RoleInfo (RoleInfo.java:shutdownFollowerState(121)) - 4b487190-7547-40c7-b780-43c37a89e8eb: shutdown FollowerState
2019-10-18 07:54:34,235 [Thread-1990] INFO  impl.RaftServerImpl (RaftServerImpl.java:setRole(184)) - 4b487190-7547-40c7-b780-43c37a89e8eb@group-BAC069DAEF17: changes role from  FOLLOWER to CANDIDATE at term 268 for changeToCandidate
2019-10-18 07:54:34,236 [Thread-1990] INFO  impl.RoleInfo (RoleInfo.java:updateAndGet(143)) - 4b487190-7547-40c7-b780-43c37a89e8eb: start LeaderElection
2019-10-18 07:54:34,250 [4b487190-7547-40c7-b780-43c37a89e8eb@group-BAC069DAEF17-LeaderElection254] INFO  impl.LeaderElection (LeaderElection.java:askForVotes(178)) - 4b487190-7547-40c7-b780-43c37a89e8eb@group-BAC069DAEF17-LeaderElection254: begin an election at term 269 for -1: [6fa005cd-25d6-4e29-bda6-9462a060c098:192.168.69.67:36093, 4b487190-7547-40c7-b780-43c37a89e8eb:192.168.69.67:39683, 3d3aac8b-d4d1-454d-bf0c-88a180692893:192.168.69.67:34429], old=null
2019-10-18 07:54:34,252 [grpc-default-executor-6] INFO  impl.RaftServerImpl (RaftServerImpl.java:setRole(184)) - 6fa005cd-25d6-4e29-bda6-9462a060c098@group-BAC069DAEF17: changes role from  FOLLOWER to FOLLOWER at term 269 for recognizeCandidate:4b487190-7547-40c7-b780-43c37a89e8eb
2019-10-18 07:54:34,252 [grpc-default-executor-6] INFO  impl.RoleInfo (RoleInfo.java:shutdownFollowerState(121)) - 6fa005cd-25d6-4e29-bda6-9462a060c098: shutdown FollowerState
2019-10-18 07:54:34,253 [grpc-default-executor-6] INFO  impl.RoleInfo (RoleInfo.java:updateAndGet(143)) - 6fa005cd-25d6-4e29-bda6-9462a060c098: start FollowerState
2019-10-18 07:54:34,253 [grpc-default-executor-0] INFO  impl.RaftServerImpl (RaftServerImpl.java:setRole(184)) - 3d3aac8b-d4d1-454d-bf0c-88a180692893@group-BAC069DAEF17: changes role from  FOLLOWER to FOLLOWER at term 269 for recognizeCandidate:4b487190-7547-40c7-b780-43c37a89e8eb
2019-10-18 07:54:34,253 [grpc-default-executor-0] INFO  impl.RoleInfo (RoleInfo.java:shutdownFollowerState(121)) - 3d3aac8b-d4d1-454d-bf0c-88a180692893: shutdown FollowerState
2019-10-18 07:54:34,253 [Thread-1988] INFO  impl.FollowerState (FollowerState.java:run(117)) - 6fa005cd-25d6-4e29-bda6-9462a060c098@group-BAC069DAEF17-FollowerState was interrupted: java.lang.InterruptedException: sleep interrupted
2019-10-18 07:54:34,253 [Thread-1989] INFO  impl.FollowerState (FollowerState.java:run(117)) - 3d3aac8b-d4d1-454d-bf0c-88a180692893@group-BAC069DAEF17-FollowerState was interrupted: java.lang.InterruptedException: sleep interrupted
2019-10-18 07:54:34,253 [grpc-default-executor-0] INFO  impl.RoleInfo (RoleInfo.java:updateAndGet(143)) - 3d3aac8b-d4d1-454d-bf0c-88a180692893: start FollowerState
2019-10-18 07:54:34,267 [4b487190-7547-40c7-b780-43c37a89e8eb@group-BAC069DAEF17-LeaderElection254] INFO  impl.LeaderElection (LeaderElection.java:logAndReturn(56)) - 4b487190-7547-40c7-b780-43c37a89e8eb@group-BAC069DAEF17-LeaderElection254: Election REJECTED; received 2 response(s) [4b487190-7547-40c7-b780-43c37a89e8eb<-6fa005cd-25d6-4e29-bda6-9462a060c098#0:FAIL-t269, 4b487190-7547-40c7-b780-43c37a89e8eb<-3d3aac8b-d4d1-454d-bf0c-88a180692893#0:FAIL-t269] and 0 exception(s); 4b487190-7547-40c7-b780-43c37a89e8eb@group-BAC069DAEF17:t269, leader=null, voted=4b487190-7547-40c7-b780-43c37a89e8eb, raftlog=4b487190-7547-40c7-b780-43c37a89e8eb@group-BAC069DAEF17-SegmentedRaftLog:OPENED:c-1,f-1,i0, conf=-1: [6fa005cd-25d6-4e29-bda6-9462a060c098:192.168.69.67:36093, 4b487190-7547-40c7-b780-43c37a89e8eb:192.168.69.67:39683, 3d3aac8b-d4d1-454d-bf0c-88a180692893:192.168.69.67:34429], old=null
2019-10-18 07:54:34,267 [4b487190-7547-40c7-b780-43c37a89e8eb@group-BAC069DAEF17-LeaderElection254] INFO  impl.RaftServerImpl (RaftServerImpl.java:setRole(184)) - 4b487190-7547-40c7-b780-43c37a89e8eb@group-BAC069DAEF17: changes role from CANDIDATE to FOLLOWER at term 269 for DISCOVERED_A_NEW_TERM
2019-10-18 07:54:34,268 [4b487190-7547-40c7-b780-43c37a89e8eb@group-BAC069DAEF17-LeaderElection254] INFO  impl.RoleInfo (RoleInfo.java:shutdownLeaderElection(134)) - 4b487190-7547-40c7-b780-43c37a89e8eb: shutdown LeaderElection
2019-10-18 07:54:34,268 [4b487190-7547-40c7-b780-43c37a89e8eb@group-BAC069DAEF17-LeaderElection254] INFO  impl.RoleInfo (RoleInfo.java:updateAndGet(143)) - 4b487190-7547-40c7-b780-43c37a89e8eb: start FollowerState
2019-10-18 07:54:34,390 [Thread-1996] INFO  impl.FollowerState (FollowerState.java:run(108)) - 4b487190-7547-40c7-b780-43c37a89e8eb@group-BAC069DAEF17-FollowerState: change to CANDIDATE, lastRpcTime:122ms, electionTimeout:122ms
2019-10-18 07:54:34,390 [Thread-1996] INFO  impl.RoleInfo (RoleInfo.java:shutdownFollowerState(121)) - 4b487190-7547-40c7-b780-43c37a89e8eb: shutdown FollowerState
2019-10-18 07:54:34,390 [Thread-1996] INFO  impl.RaftServerImpl (RaftServerImpl.java:setRole(184)) - 4b487190-7547-40c7-b780-43c37a89e8eb@group-BAC069DAEF17: changes role from  FOLLOWER to CANDIDATE at term 269 for changeToCandidate
2019-10-18 07:54:34,391 [Thread-1996] INFO  impl.RoleInfo (RoleInfo.java:updateAndGet(143)) - 4b487190-7547-40c7-b780-43c37a89e8eb: start LeaderElection
2019-10-18 07:54:34,404 [4b487190-7547-40c7-b780-43c37a89e8eb@group-BAC069DAEF17-LeaderElection255] INFO  impl.LeaderElection (LeaderElection.java:askForVotes(178)) - 4b487190-7547-40c7-b780-43c37a89e8eb@group-BAC069DAEF17-LeaderElection255: begin an election at term 270 for -1: [6fa005cd-25d6-4e29-bda6-9462a060c098:192.168.69.67:36093, 4b487190-7547-40c7-b780-43c37a89e8eb:192.168.69.67:39683, 3d3aac8b-d4d1-454d-bf0c-88a180692893:192.168.69.67:34429], old=null
2019-10-18 07:54:34,407 [grpc-default-executor-6] INFO  impl.RaftServerImpl (RaftServerImpl.java:setRole(184)) - 6fa005cd-25d6-4e29-bda6-9462a060c098@group-BAC069DAEF17: changes role from  FOLLOWER to FOLLOWER at term 270 for recognizeCandidate:4b487190-7547-40c7-b780-43c37a89e8eb
2019-10-18 07:54:34,407 [grpc-default-executor-0] INFO  impl.RaftServerImpl (RaftServerImpl.java:setRole(184)) - 3d3aac8b-d4d1-454d-bf0c-88a180692893@group-BAC069DAEF17: changes role from  FOLLOWER to FOLLOWER at term 270 for recognizeCandidate:4b487190-7547-40c7-b780-43c37a89e8eb
2019-10-18 07:54:34,407 [grpc-default-executor-6] INFO  impl.RoleInfo (RoleInfo.java:shutdownFollowerState(121)) - 6fa005cd-25d6-4e29-bda6-9462a060c098: shutdown FollowerState
2019-10-18 07:54:34,407 [grpc-default-executor-0] INFO  impl.RoleInfo (RoleInfo.java:shutdownFollowerState(121)) - 3d3aac8b-d4d1-454d-bf0c-88a180692893: shutdown FollowerState
2019-10-18 07:54:34,407 [Thread-1994] INFO  impl.FollowerState (FollowerState.java:run(117)) - 6fa005cd-25d6-4e29-bda6-9462a060c098@group-BAC069DAEF17-FollowerState was interrupted: java.lang.InterruptedException: sleep interrupted
2019-10-18 07:54:34,407 [grpc-default-executor-6] INFO  impl.RoleInfo (RoleInfo.java:updateAndGet(143)) - 6fa005cd-25d6-4e29-bda6-9462a060c098: start FollowerState
2019-10-18 07:54:34,407 [Thread-1995] INFO  impl.FollowerState (FollowerState.java:run(117)) - 3d3aac8b-d4d1-454d-bf0c-88a180692893@group-BAC069DAEF17-FollowerState was interrupted: java.lang.InterruptedException: sleep interrupted
2019-10-18 07:54:34,407 [grpc-default-executor-0] INFO  impl.RoleInfo (RoleInfo.java:updateAndGet(143)) - 3d3aac8b-d4d1-454d-bf0c-88a180692893: start FollowerState
2019-10-18 07:54:34,423 [4b487190-7547-40c7-b780-43c37a89e8eb@group-BAC069DAEF17-LeaderElection255] INFO  impl.LeaderElection (LeaderElection.java:logAndReturn(56)) - 4b487190-7547-40c7-b780-43c37a89e8eb@group-BAC069DAEF17-LeaderElection255: Election REJECTED; received 2 response(s) [4b487190-7547-40c7-b780-43c37a89e8eb<-6fa005cd-25d6-4e29-bda6-9462a060c098#0:FAIL-t270, 4b487190-7547-40c7-b780-43c37a89e8eb<-3d3aac8b-d4d1-454d-bf0c-88a180692893#0:FAIL-t270] and 0 exception(s); 4b487190-7547-40c7-b780-43c37a89e8eb@group-BAC069DAEF17:t270, leader=null, voted=4b487190-7547-40c7-b780-43c37a89e8eb, raftlog=4b487190-7547-40c7-b780-43c37a89e8eb@group-BAC069DAEF17-SegmentedRaftLog:OPENED:c-1,f-1,i0, conf=-1: [6fa005cd-25d6-4e29-bda6-9462a060c098:192.168.69.67:36093, 4b487190-7547-40c7-b780-43c37a89e8eb:192.168.69.67:39683, 3d3aac8b-d4d1-454d-bf0c-88a180692893:192.168.69.67:34429], old=null
2019-10-18 07:54:34,423 [4b487190-7547-40c7-b780-43c37a89e8eb@group-BAC069DAEF17-LeaderElection255] INFO  impl.RaftServerImpl (RaftServerImpl.java:setRole(184)) - 4b487190-7547-40c7-b780-43c37a89e8eb@group-BAC069DAEF17: changes role from CANDIDATE to FOLLOWER at term 270 for DISCOVERED_A_NEW_TERM
2019-10-18 07:54:34,423 [4b487190-7547-40c7-b780-43c37a89e8eb@group-BAC069DAEF17-LeaderElection255] INFO  impl.RoleInfo (RoleInfo.java:shutdownLeaderElection(134)) - 4b487190-7547-40c7-b780-43c37a89e8eb: shutdown LeaderElection
2019-10-18 07:54:34,423 [4b487190-7547-40c7-b780-43c37a89e8eb@group-BAC069DAEF17-LeaderElection255] INFO  impl.RoleInfo (RoleInfo.java:updateAndGet(143)) - 4b487190-7547-40c7-b780-43c37a89e8eb: start FollowerState
2019-10-18 07:54:34,586 [Thread-2002] INFO  impl.FollowerState (FollowerState.java:run(108)) - 4b487190-7547-40c7-b780-43c37a89e8eb@group-BAC069DAEF17-FollowerState: change to CANDIDATE, lastRpcTime:163ms, electionTimeout:163ms
2019-10-18 07:54:34,587 [Thread-2002] INFO  impl.RoleInfo (RoleInfo.java:shutdownFollowerState(121)) - 4b487190-7547-40c7-b780-43c37a89e8eb: shutdown FollowerState
2019-10-18 07:54:34,587 [Thread-2002] INFO  impl.RaftServerImpl (RaftServerImpl.java:setRole(184)) - 4b487190-7547-40c7-b780-43c37a89e8eb@group-BAC069DAEF17: changes role from  FOLLOWER to CANDIDATE at term 270 for changeToCandidate
2019-10-18 07:54:34,587 [Thread-2002] INFO  impl.RoleInfo (RoleInfo.java:updateAndGet(143)) - 4b487190-7547-40c7-b780-43c37a89e8eb: start LeaderElection
2019-10-18 07:54:34,601 [4b487190-7547-40c7-b780-43c37a89e8eb@group-BAC069DAEF17-LeaderElection256] INFO  impl.LeaderElection (LeaderElection.java:askForVotes(178)) - 4b487190-7547-40c7-b780-43c37a89e8eb@group-BAC069DAEF17-LeaderElection256: begin an election at term 271 for -1: [6fa005cd-25d6-4e29-bda6-9462a060c098:192.168.69.67:36093, 4b487190-7547-40c7-b780-43c37a89e8eb:192.168.69.67:39683, 3d3aac8b-d4d1-454d-bf0c-88a180692893:192.168.69.67:34429], old=null
2019-10-18 07:54:34,603 [grpc-default-executor-0] INFO  impl.RaftServerImpl (RaftServerImpl.java:setRole(184)) - 6fa005cd-25d6-4e29-bda6-9462a060c098@group-BAC069DAEF17: changes role from  FOLLOWER to FOLLOWER at term 271 for recognizeCandidate:4b487190-7547-40c7-b780-43c37a89e8eb
2019-10-18 07:54:34,603 [grpc-default-executor-6] INFO  impl.RaftServerImpl (RaftServerImpl.java:setRole(184)) - 3d3aac8b-d4d1-454d-bf0c-88a180692893@group-BAC069DAEF17: changes role from  FOLLOWER to FOLLOWER at term 271 for recognizeCandidate:4b487190-7547-40c7-b780-43c37a89e8eb
2019-10-18 07:54:34,603 [grpc-default-executor-6] INFO  impl.RoleInfo (RoleInfo.java:shutdownFollowerState(121)) - 3d3aac8b-d4d1-454d-bf0c-88a180692893: shutdown FollowerState
2019-10-18 07:54:34,603 [grpc-default-executor-0] INFO  impl.RoleInfo (RoleInfo.java:shutdownFollowerState(121)) - 6fa005cd-25d6-4e29-bda6-9462a060c098: shutdown FollowerState
2019-10-18 07:54:34,603 [Thread-2001] INFO  impl.FollowerState (FollowerState.java:run(117)) - 3d3aac8b-d4d1-454d-bf0c-88a180692893@group-BAC069DAEF17-FollowerState was interrupted: java.lang.InterruptedException: sleep interrupted
2019-10-18 07:54:34,603 [grpc-default-executor-6] INFO  impl.RoleInfo (RoleInfo.java:updateAndGet(143)) - 3d3aac8b-d4d1-454d-bf0c-88a180692893: start FollowerState
2019-10-18 07:54:34,603 [Thread-2000] INFO  impl.FollowerState (FollowerState.java:run(117)) - 6fa005cd-25d6-4e29-bda6-9462a060c098@group-BAC069DAEF17-FollowerState was interrupted: java.lang.InterruptedException: sleep interrupted
2019-10-18 07:54:34,603 [grpc-default-executor-0] INFO  impl.RoleInfo (RoleInfo.java:updateAndGet(143)) - 6fa005cd-25d6-4e29-bda6-9462a060c098: start FollowerState
2019-10-18 07:54:34,623 [4b487190-7547-40c7-b780-43c37a89e8eb@group-BAC069DAEF17-LeaderElection256] INFO  impl.LeaderElection (LeaderElection.java:logAndReturn(56)) - 4b487190-7547-40c7-b780-43c37a89e8eb@group-BAC069DAEF17-LeaderElection256: Election REJECTED; received 2 response(s) [4b487190-7547-40c7-b780-43c37a89e8eb<-6fa005cd-25d6-4e29-bda6-9462a060c098#0:FAIL-t271, 4b487190-7547-40c7-b780-43c37a89e8eb<-3d3aac8b-d4d1-454d-bf0c-88a180692893#0:FAIL-t271] and 0 exception(s); 4b487190-7547-40c7-b780-43c37a89e8eb@group-BAC069DAEF17:t271, leader=null, voted=4b487190-7547-40c7-b780-43c37a89e8eb, raftlog=4b487190-7547-40c7-b780-43c37a89e8eb@group-BAC069DAEF17-SegmentedRaftLog:OPENED:c-1,f-1,i0, conf=-1: [6fa005cd-25d6-4e29-bda6-9462a060c098:192.168.69.67:36093, 4b487190-7547-40c7-b780-43c37a89e8eb:192.168.69.67:39683, 3d3aac8b-d4d1-454d-bf0c-88a180692893:192.168.69.67:34429], old=null
2019-10-18 07:54:34,623 [4b487190-7547-40c7-b780-43c37a89e8eb@group-BAC069DAEF17-LeaderElection256] INFO  impl.RaftServerImpl (RaftServerImpl.java:setRole(184)) - 4b487190-7547-40c7-b780-43c37a89e8eb@group-BAC069DAEF17: changes role from CANDIDATE to FOLLOWER at term 271 for DISCOVERED_A_NEW_TERM
2019-10-18 07:54:34,623 [4b487190-7547-40c7-b780-43c37a89e8eb@group-BAC069DAEF17-LeaderElection256] INFO  impl.RoleInfo (RoleInfo.java:shutdownLeaderElection(134)) - 4b487190-7547-40c7-b780-43c37a89e8eb: shutdown LeaderElection
2019-10-18 07:54:34,623 [4b487190-7547-40c7-b780-43c37a89e8eb@group-BAC069DAEF17-LeaderElection256] INFO  impl.RoleInfo (RoleInfo.java:updateAndGet(143)) - 4b487190-7547-40c7-b780-43c37a89e8eb: start FollowerState
2019-10-18 07:54:34,664 [Thread-2008] INFO  impl.FollowerState (FollowerState.java:run(108)) - 4b487190-7547-40c7-b780-43c37a89e8eb@group-BAC069DAEF17-FollowerState: change to CANDIDATE, lastRpcTime:40ms, electionTimeout:40ms
2019-10-18 07:54:34,664 [Thread-2008] INFO  impl.RoleInfo (RoleInfo.java:shutdownFollowerState(121)) - 4b487190-7547-40c7-b780-43c37a89e8eb: shutdown FollowerState
2019-10-18 07:54:34,664 [Thread-2008] INFO  impl.RaftServerImpl (RaftServerImpl.java:setRole(184)) - 4b487190-7547-40c7-b780-43c37a89e8eb@group-BAC069DAEF17: changes role from  FOLLOWER to CANDIDATE at term 271 for changeToCandidate
2019-10-18 07:54:34,664 [Thread-2008] INFO  impl.RoleInfo (RoleInfo.java:updateAndGet(143)) - 4b487190-7547-40c7-b780-43c37a89e8eb: start LeaderElection
2019-10-18 07:54:34,678 [4b487190-7547-40c7-b780-43c37a89e8eb@group-BAC069DAEF17-LeaderElection257] INFO  impl.LeaderElection (LeaderElection.java:askForVotes(178)) - 4b487190-7547-40c7-b780-43c37a89e8eb@group-BAC069DAEF17-LeaderElection257: begin an election at term 272 for -1: [6fa005cd-25d6-4e29-bda6-9462a060c098:192.168.69.67:36093, 4b487190-7547-40c7-b780-43c37a89e8eb:192.168.69.67:39683, 3d3aac8b-d4d1-454d-bf0c-88a180692893:192.168.69.67:34429], old=null
2019-10-18 07:54:34,681 [grpc-default-executor-6] INFO  impl.RaftServerImpl (RaftServerImpl.java:setRole(184)) - 6fa005cd-25d6-4e29-bda6-9462a060c098@group-BAC069DAEF17: changes role from  FOLLOWER to FOLLOWER at term 272 for recognizeCandidate:4b487190-7547-40c7-b780-43c37a89e8eb
2019-10-18 07:54:34,681 [grpc-default-executor-0] INFO  impl.RaftServerImpl (RaftServerImpl.java:setRole(184)) - 3d3aac8b-d4d1-454d-bf0c-88a180692893@group-BAC069DAEF17: changes role from  FOLLOWER to FOLLOWER at term 272 for recognizeCandidate:4b487190-7547-40c7-b780-43c37a89e8eb
2019-10-18 07:54:34,681 [grpc-default-executor-6] INFO  impl.RoleInfo (RoleInfo.java:shutdownFollowerState(121)) - 6fa005cd-25d6-4e29-bda6-9462a060c098: shutdown FollowerState
2019-10-18 07:54:34,681 [grpc-default-executor-0] INFO  impl.RoleInfo (RoleInfo.java:shutdownFollowerState(121)) - 3d3aac8b-d4d1-454d-bf0c-88a180692893: shutdown FollowerState
2019-10-18 07:54:34,681 [Thread-2007] INFO  impl.FollowerState (FollowerState.java:run(117)) - 6fa005cd-25d6-4e29-bda6-9462a060c098@group-BAC069DAEF17-FollowerState was interrupted: java.lang.InterruptedException: sleep interrupted
2019-10-18 07:54:34,681 [grpc-default-executor-6] INFO  impl.RoleInfo (RoleInfo.java:updateAndGet(143)) - 6fa005cd-25d6-4e29-bda6-9462a060c098: start FollowerState
2019-10-18 07:54:34,681 [grpc-default-executor-0] INFO  impl.RoleInfo (RoleInfo.java:updateAndGet(143)) - 3d3aac8b-d4d1-454d-bf0c-88a180692893: start FollowerState
2019-10-18 07:54:34,681 [Thread-2006] INFO  impl.FollowerState (FollowerState.java:run(117)) - 3d3aac8b-d4d1-454d-bf0c-88a180692893@group-BAC069DAEF17-FollowerState was interrupted: java.lang.InterruptedException: sleep interrupted
2019-10-18 07:54:34,696 [4b487190-7547-40c7-b780-43c37a89e8eb@group-BAC069DAEF17-LeaderElection257] INFO  impl.LeaderElection (LeaderElection.java:logAndReturn(56)) - 4b487190-7547-40c7-b780-43c37a89e8eb@group-BAC069DAEF17-LeaderElection257: Election REJECTED; received 2 response(s) [4b487190-7547-40c7-b780-43c37a89e8eb<-6fa005cd-25d6-4e29-bda6-9462a060c098#0:FAIL-t272, 4b487190-7547-40c7-b780-43c37a89e8eb<-3d3aac8b-d4d1-454d-bf0c-88a180692893#0:FAIL-t272] and 0 exception(s); 4b487190-7547-40c7-b780-43c37a89e8eb@group-BAC069DAEF17:t272, leader=null, voted=4b487190-7547-40c7-b780-43c37a89e8eb, raftlog=4b487190-7547-40c7-b780-43c37a89e8eb@group-BAC069DAEF17-SegmentedRaftLog:OPENED:c-1,f-1,i0, conf=-1: [6fa005cd-25d6-4e29-bda6-9462a060c098:192.168.69.67:36093, 4b487190-7547-40c7-b780-43c37a89e8eb:192.168.69.67:39683, 3d3aac8b-d4d1-454d-bf0c-88a180692893:192.168.69.67:34429], old=null
2019-10-18 07:54:34,696 [4b487190-7547-40c7-b780-43c37a89e8eb@group-BAC069DAEF17-LeaderElection257] INFO  impl.RaftServerImpl (RaftServerImpl.java:setRole(184)) - 4b487190-7547-40c7-b780-43c37a89e8eb@group-BAC069DAEF17: changes role from CANDIDATE to FOLLOWER at term 272 for DISCOVERED_A_NEW_TERM
2019-10-18 07:54:34,696 [4b487190-7547-40c7-b780-43c37a89e8eb@group-BAC069DAEF17-LeaderElection257] INFO  impl.RoleInfo (RoleInfo.java:shutdownLeaderElection(134)) - 4b487190-7547-40c7-b780-43c37a89e8eb: shutdown LeaderElection
2019-10-18 07:54:34,697 [4b487190-7547-40c7-b780-43c37a89e8eb@group-BAC069DAEF17-LeaderElection257] INFO  impl.RoleInfo (RoleInfo.java:updateAndGet(143)) - 4b487190-7547-40c7-b780-43c37a89e8eb: start FollowerState
2019-10-18 07:54:34,866 [Thread-2014] INFO  impl.FollowerState (FollowerState.java:run(108)) - 4b487190-7547-40c7-b780-43c37a89e8eb@group-BAC069DAEF17-FollowerState: change to CANDIDATE, lastRpcTime:169ms, electionTimeout:169ms
2019-10-18 07:54:34,866 [Thread-2014] INFO  impl.RoleInfo (RoleInfo.java:shutdownFollowerState(121)) - 4b487190-7547-40c7-b780-43c37a89e8eb: shutdown FollowerState
2019-10-18 07:54:34,866 [Thread-2014] INFO  impl.RaftServerImpl (RaftServerImpl.java:setRole(184)) - 4b487190-7547-40c7-b780-43c37a89e8eb@group-BAC069DAEF17: changes role from  FOLLOWER to CANDIDATE at term 272 for changeToCandidate
2019-10-18 07:54:34,867 [Thread-2014] INFO  impl.RoleInfo (RoleInfo.java:updateAndGet(143)) - 4b487190-7547-40c7-b780-43c37a89e8eb: start LeaderElection
2019-10-18 07:54:34,890 [4b487190-7547-40c7-b780-43c37a89e8eb@group-BAC069DAEF17-LeaderElection258] INFO  impl.LeaderElection (LeaderElection.java:askForVotes(178)) - 4b487190-7547-40c7-b780-43c37a89e8eb@group-BAC069DAEF17-LeaderElection258: begin an election at term 273 for -1: [6fa005cd-25d6-4e29-bda6-9462a060c098:192.168.69.67:36093, 4b487190-7547-40c7-b780-43c37a89e8eb:192.168.69.67:39683, 3d3aac8b-d4d1-454d-bf0c-88a180692893:192.168.69.67:34429], old=null
2019-10-18 07:54:34,892 [grpc-default-executor-6] INFO  impl.RaftServerImpl (RaftServerImpl.java:setRole(184)) - 6fa005cd-25d6-4e29-bda6-9462a060c098@group-BAC069DAEF17: changes role from  FOLLOWER to FOLLOWER at term 273 for recognizeCandidate:4b487190-7547-40c7-b780-43c37a89e8eb
2019-10-18 07:54:34,892 [grpc-default-executor-0] INFO  impl.RaftServerImpl (RaftServerImpl.java:setRole(184)) - 3d3aac8b-d4d1-454d-bf0c-88a180692893@group-BAC069DAEF17: changes role from  FOLLOWER to FOLLOWER at term 273 for recognizeCandidate:4b487190-7547-40c7-b780-43c37a89e8eb
2019-10-18 07:54:34,892 [grpc-default-executor-0] INFO  impl.RoleInfo (RoleInfo.java:shutdownFollowerState(121)) - 3d3aac8b-d4d1-454d-bf0c-88a180692893: shutdown FollowerState
2019-10-18 07:54:34,892 [grpc-default-executor-6] INFO  impl.RoleInfo (RoleInfo.java:shutdownFollowerState(121)) - 6fa005cd-25d6-4e29-bda6-9462a060c098: shutdown FollowerState
2019-10-18 07:54:34,893 [Thread-2013] INFO  impl.FollowerState (FollowerState.java:run(117)) - 3d3aac8b-d4d1-454d-bf0c-88a180692893@group-BAC069DAEF17-FollowerState was interrupted: java.lang.InterruptedException: sleep interrupted
2019-10-18 07:54:34,893 [grpc-default-executor-0] INFO  impl.RoleInfo (RoleInfo.java:updateAndGet(143)) - 3d3aac8b-d4d1-454d-bf0c-88a180692893: start FollowerState
2019-10-18 07:54:34,893 [Thread-2012] INFO  impl.FollowerState (FollowerState.java:run(117)) - 6fa005cd-25d6-4e29-bda6-9462a060c098@group-BAC069DAEF17-FollowerState was interrupted: java.lang.InterruptedException: sleep interrupted
2019-10-18 07:54:34,893 [grpc-default-executor-6] INFO  impl.RoleInfo (RoleInfo.java:updateAndGet(143)) - 6fa005cd-25d6-4e29-bda6-9462a060c098: start FollowerState
2019-10-18 07:54:34,919 [4b487190-7547-40c7-b780-43c37a89e8eb@group-BAC069DAEF17-LeaderElection258] INFO  impl.LeaderElection (LeaderElection.java:logAndReturn(56)) - 4b487190-7547-40c7-b780-43c37a89e8eb@group-BAC069DAEF17-LeaderElection258: Election REJECTED; received 2 response(s) [4b487190-7547-40c7-b780-43c37a89e8eb<-6fa005cd-25d6-4e29-bda6-9462a060c098#0:FAIL-t273, 4b487190-7547-40c7-b780-43c37a89e8eb<-3d3aac8b-d4d1-454d-bf0c-88a180692893#0:FAIL-t273] and 0 exception(s); 4b487190-7547-40c7-b780-43c37a89e8eb@group-BAC069DAEF17:t273, leader=null, voted=4b487190-7547-40c7-b780-43c37a89e8eb, raftlog=4b487190-7547-40c7-b780-43c37a89e8eb@group-BAC069DAEF17-SegmentedRaftLog:OPENED:c-1,f-1,i0, conf=-1: [6fa005cd-25d6-4e29-bda6-9462a060c098:192.168.69.67:36093, 4b487190-7547-40c7-b780-43c37a89e8eb:192.168.69.67:39683, 3d3aac8b-d4d1-454d-bf0c-88a180692893:192.168.69.67:34429], old=null
2019-10-18 07:54:34,919 [4b487190-7547-40c7-b780-43c37a89e8eb@group-BAC069DAEF17-LeaderElection258] INFO  impl.RaftServerImpl (RaftServerImpl.java:setRole(184)) - 4b487190-7547-40c7-b780-43c37a89e8eb@group-BAC069DAEF17: changes role from CANDIDATE to FOLLOWER at term 273 for DISCOVERED_A_NEW_TERM
2019-10-18 07:54:34,919 [4b487190-7547-40c7-b780-43c37a89e8eb@group-BAC069DAEF17-LeaderElection258] INFO  impl.RoleInfo (RoleInfo.java:shutdownLeaderElection(134)) - 4b487190-7547-40c7-b780-43c37a89e8eb: shutdown LeaderElection
2019-10-18 07:54:34,920 [4b487190-7547-40c7-b780-43c37a89e8eb@group-BAC069DAEF17-LeaderElection258] INFO  impl.RoleInfo (RoleInfo.java:updateAndGet(143)) - 4b487190-7547-40c7-b780-43c37a89e8eb: start FollowerState
2019-10-18 07:54:35,097 [Thread-2020] INFO  impl.FollowerState (FollowerState.java:run(108)) - 4b487190-7547-40c7-b780-43c37a89e8eb@group-BAC069DAEF17-FollowerState: change to CANDIDATE, lastRpcTime:177ms, electionTimeout:177ms
2019-10-18 07:54:35,097 [Thread-2020] INFO  impl.RoleInfo (RoleInfo.java:shutdownFollowerState(121)) - 4b487190-7547-40c7-b780-43c37a89e8eb: shutdown FollowerState
2019-10-18 07:54:35,097 [Thread-2020] INFO  impl.RaftServerImpl (RaftServerImpl.java:setRole(184)) - 4b487190-7547-40c7-b780-43c37a89e8eb@group-BAC069DAEF17: changes role from  FOLLOWER to CANDIDATE at term 273 for changeToCandidate
2019-10-18 07:54:35,098 [Thread-2020] INFO  impl.RoleInfo (RoleInfo.java:updateAndGet(143)) - 4b487190-7547-40c7-b780-43c37a89e8eb: start LeaderElection
2019-10-18 07:54:35,111 [4b487190-7547-40c7-b780-43c37a89e8eb@group-BAC069DAEF17-LeaderElection259] INFO  impl.LeaderElection (LeaderElection.java:askForVotes(178)) - 4b487190-7547-40c7-b780-43c37a89e8eb@group-BAC069DAEF17-LeaderElection259: begin an election at term 274 for -1: [6fa005cd-25d6-4e29-bda6-9462a060c098:192.168.69.67:36093, 4b487190-7547-40c7-b780-43c37a89e8eb:192.168.69.67:39683, 3d3aac8b-d4d1-454d-bf0c-88a180692893:192.168.69.67:34429], old=null
2019-10-18 07:54:35,114 [grpc-default-executor-6] INFO  impl.RaftServerImpl (RaftServerImpl.java:setRole(184)) - 3d3aac8b-d4d1-454d-bf0c-88a180692893@group-BAC069DAEF17: changes role from  FOLLOWER to FOLLOWER at term 274 for recognizeCandidate:4b487190-7547-40c7-b780-43c37a89e8eb
2019-10-18 07:54:35,114 [grpc-default-executor-0] INFO  impl.RaftServerImpl (RaftServerImpl.java:setRole(184)) - 6fa005cd-25d6-4e29-bda6-9462a060c098@group-BAC069DAEF17: changes role from  FOLLOWER to FOLLOWER at term 274 for recognizeCandidate:4b487190-7547-40c7-b780-43c37a89e8eb
2019-10-18 07:54:35,114 [grpc-default-executor-0] INFO  impl.RoleInfo (RoleInfo.java:shutdownFollowerState(121)) - 6fa005cd-25d6-4e29-bda6-9462a060c098: shutdown FollowerState
2019-10-18 07:54:35,114 [grpc-default-executor-6] INFO  impl.RoleInfo (RoleInfo.java:shutdownFollowerState(121)) - 3d3aac8b-d4d1-454d-bf0c-88a180692893: shutdown FollowerState
2019-10-18 07:54:35,115 [Thread-2019] INFO  impl.FollowerState (FollowerState.java:run(117)) - 6fa005cd-25d6-4e29-bda6-9462a060c098@group-BAC069DAEF17-FollowerState was interrupted: java.lang.InterruptedException: sleep interrupted
2019-10-18 07:54:35,115 [grpc-default-executor-0] INFO  impl.RoleInfo (RoleInfo.java:updateAndGet(143)) - 6fa005cd-25d6-4e29-bda6-9462a060c098: start FollowerState
2019-10-18 07:54:35,115 [Thread-2018] INFO  impl.FollowerState (FollowerState.java:run(117)) - 3d3aac8b-d4d1-454d-bf0c-88a180692893@group-BAC069DAEF17-FollowerState was interrupted: java.lang.InterruptedException: sleep interrupted
2019-10-18 07:54:35,115 [grpc-default-executor-6] INFO  impl.RoleInfo (RoleInfo.java:updateAndGet(143)) - 3d3aac8b-d4d1-454d-bf0c-88a180692893: start FollowerState
2019-10-18 07:54:35,130 [4b487190-7547-40c7-b780-43c37a89e8eb@group-BAC069DAEF17-LeaderElection259] INFO  impl.LeaderElection (LeaderElection.java:logAndReturn(56)) - 4b487190-7547-40c7-b780-43c37a89e8eb@group-BAC069DAEF17-LeaderElection259: Election REJECTED; received 2 response(s) [4b487190-7547-40c7-b780-43c37a89e8eb<-6fa005cd-25d6-4e29-bda6-9462a060c098#0:FAIL-t274, 4b487190-7547-40c7-b780-43c37a89e8eb<-3d3aac8b-d4d1-454d-bf0c-88a180692893#0:FAIL-t274] and 0 exception(s); 4b487190-7547-40c7-b780-43c37a89e8eb@group-BAC069DAEF17:t274, leader=null, voted=4b487190-7547-40c7-b780-43c37a89e8eb, raftlog=4b487190-7547-40c7-b780-43c37a89e8eb@group-BAC069DAEF17-SegmentedRaftLog:OPENED:c-1,f-1,i0, conf=-1: [6fa005cd-25d6-4e29-bda6-9462a060c098:192.168.69.67:36093, 4b487190-7547-40c7-b780-43c37a89e8eb:192.168.69.67:39683, 3d3aac8b-d4d1-454d-bf0c-88a180692893:192.168.69.67:34429], old=null
2019-10-18 07:54:35,130 [4b487190-7547-40c7-b780-43c37a89e8eb@group-BAC069DAEF17-LeaderElection259] INFO  impl.RaftServerImpl (RaftServerImpl.java:setRole(184)) - 4b487190-7547-40c7-b780-43c37a89e8eb@group-BAC069DAEF17: changes role from CANDIDATE to FOLLOWER at term 274 for DISCOVERED_A_NEW_TERM
2019-10-18 07:54:35,130 [4b487190-7547-40c7-b780-43c37a89e8eb@group-BAC069DAEF17-LeaderElection259] INFO  impl.RoleInfo (RoleInfo.java:shutdownLeaderElection(134)) - 4b487190-7547-40c7-b780-43c37a89e8eb: shutdown LeaderElection
2019-10-18 07:54:35,130 [4b487190-7547-40c7-b780-43c37a89e8eb@group-BAC069DAEF17-LeaderElection259] INFO  impl.RoleInfo (RoleInfo.java:updateAndGet(143)) - 4b487190-7547-40c7-b780-43c37a89e8eb: start FollowerState
2019-10-18 07:54:35,218 [Thread-2026] INFO  impl.FollowerState (FollowerState.java:run(108)) - 4b487190-7547-40c7-b780-43c37a89e8eb@group-BAC069DAEF17-FollowerState: change to CANDIDATE, lastRpcTime:87ms, electionTimeout:87ms
2019-10-18 07:54:35,218 [Thread-2026] INFO  impl.RoleInfo (RoleInfo.java:shutdownFollowerState(121)) - 4b487190-7547-40c7-b780-43c37a89e8eb: shutdown FollowerState
2019-10-18 07:54:35,218 [Thread-2026] INFO  impl.RaftServerImpl (RaftServerImpl.java:setRole(184)) - 4b487190-7547-40c7-b780-43c37a89e8eb@group-BAC069DAEF17: changes role from  FOLLOWER to CANDIDATE at term 274 for changeToCandidate
2019-10-18 07:54:35,218 [Thread-2026] INFO  impl.RoleInfo (RoleInfo.java:updateAndGet(143)) - 4b487190-7547-40c7-b780-43c37a89e8eb: start LeaderElection
2019-10-18 07:54:35,240 [4b487190-7547-40c7-b780-43c37a89e8eb@group-BAC069DAEF17-LeaderElection260] INFO  impl.LeaderElection (LeaderElection.java:askForVotes(178)) - 4b487190-7547-40c7-b780-43c37a89e8eb@group-BAC069DAEF17-LeaderElection260: begin an election at term 275 for -1: [6fa005cd-25d6-4e29-bda6-9462a060c098:192.168.69.67:36093, 4b487190-7547-40c7-b780-43c37a89e8eb:192.168.69.67:39683, 3d3aac8b-d4d1-454d-bf0c-88a180692893:192.168.69.67:34429], old=null
2019-10-18 07:54:35,243 [grpc-default-executor-0] INFO  impl.RaftServerImpl (RaftServerImpl.java:setRole(184)) - 3d3aac8b-d4d1-454d-bf0c-88a180692893@group-BAC069DAEF17: changes role from  FOLLOWER to FOLLOWER at term 275 for recognizeCandidate:4b487190-7547-40c7-b780-43c37a89e8eb
2019-10-18 07:54:35,243 [grpc-default-executor-6] INFO  impl.RaftServerImpl (RaftServerImpl.java:setRole(184)) - 6fa005cd-25d6-4e29-bda6-9462a060c098@group-BAC069DAEF17: changes role from  FOLLOWER to FOLLOWER at term 275 for recognizeCandidate:4b487190-7547-40c7-b780-43c37a89e8eb
2019-10-18 07:54:35,243 [grpc-default-executor-0] INFO  impl.RoleInfo (RoleInfo.java:shutdownFollowerState(121)) - 3d3aac8b-d4d1-454d-bf0c-88a180692893: shutdown FollowerState
2019-10-18 07:54:35,243 [grpc-default-executor-6] INFO  impl.RoleInfo (RoleInfo.java:shutdownFollowerState(121)) - 6fa005cd-25d6-4e29-bda6-9462a060c098: shutdown FollowerState
2019-10-18 07:54:35,243 [Thread-2025] INFO  impl.FollowerState (FollowerState.java:run(117)) - 3d3aac8b-d4d1-454d-bf0c-88a180692893@group-BAC069DAEF17-FollowerState was interrupted: java.lang.InterruptedException: sleep interrupted
2019-10-18 07:54:35,243 [grpc-default-executor-0] INFO  impl.RoleInfo (RoleInfo.java:updateAndGet(143)) - 3d3aac8b-d4d1-454d-bf0c-88a180692893: start FollowerState
2019-10-18 07:54:35,244 [grpc-default-executor-6] INFO  impl.RoleInfo (RoleInfo.java:updateAndGet(143)) - 6fa005cd-25d6-4e29-bda6-9462a060c098: start FollowerState
2019-10-18 07:54:35,244 [Thread-2024] INFO  impl.FollowerState (FollowerState.java:run(117)) - 6fa005cd-25d6-4e29-bda6-9462a060c098@group-BAC069DAEF17-FollowerState was interrupted: java.lang.InterruptedException: sleep interrupted
2019-10-18 07:54:35,258 [4b487190-7547-40c7-b780-43c37a89e8eb@group-BAC069DAEF17-LeaderElection260] INFO  impl.LeaderElection (LeaderElection.java:logAndReturn(56)) - 4b487190-7547-40c7-b780-43c37a89e8eb@group-BAC069DAEF17-LeaderElection260: Election REJECTED; received 2 response(s) [4b487190-7547-40c7-b780-43c37a89e8eb<-6fa005cd-25d6-4e29-bda6-9462a060c098#0:FAIL-t275, 4b487190-7547-40c7-b780-43c37a89e8eb<-3d3aac8b-d4d1-454d-bf0c-88a180692893#0:FAIL-t275] and 0 exception(s); 4b487190-7547-40c7-b780-43c37a89e8eb@group-BAC069DAEF17:t275, leader=null, voted=4b487190-7547-40c7-b780-43c37a89e8eb, raftlog=4b487190-7547-40c7-b780-43c37a89e8eb@group-BAC069DAEF17-SegmentedRaftLog:OPENED:c-1,f-1,i0, conf=-1: [6fa005cd-25d6-4e29-bda6-9462a060c098:192.168.69.67:36093, 4b487190-7547-40c7-b780-43c37a89e8eb:192.168.69.67:39683, 3d3aac8b-d4d1-454d-bf0c-88a180692893:192.168.69.67:34429], old=null
2019-10-18 07:54:35,258 [4b487190-7547-40c7-b780-43c37a89e8eb@group-BAC069DAEF17-LeaderElection260] INFO  impl.RaftServerImpl (RaftServerImpl.java:setRole(184)) - 4b487190-7547-40c7-b780-43c37a89e8eb@group-BAC069DAEF17: changes role from CANDIDATE to FOLLOWER at term 275 for DISCOVERED_A_NEW_TERM
2019-10-18 07:54:35,258 [4b487190-7547-40c7-b780-43c37a89e8eb@group-BAC069DAEF17-LeaderElection260] INFO  impl.RoleInfo (RoleInfo.java:shutdownLeaderElection(134)) - 4b487190-7547-40c7-b780-43c37a89e8eb: shutdown LeaderElection
2019-10-18 07:54:35,259 [4b487190-7547-40c7-b780-43c37a89e8eb@group-BAC069DAEF17-LeaderElection260] INFO  impl.RoleInfo (RoleInfo.java:updateAndGet(143)) - 4b487190-7547-40c7-b780-43c37a89e8eb: start FollowerState
2019-10-18 07:54:35,322 [Thread-2032] INFO  impl.FollowerState (FollowerState.java:run(108)) - 4b487190-7547-40c7-b780-43c37a89e8eb@group-BAC069DAEF17-FollowerState: change to CANDIDATE, lastRpcTime:63ms, electionTimeout:63ms
2019-10-18 07:54:35,322 [Thread-2032] INFO  impl.RoleInfo (RoleInfo.java:shutdownFollowerState(121)) - 4b487190-7547-40c7-b780-43c37a89e8eb: shutdown FollowerState
2019-10-18 07:54:35,322 [Thread-2032] INFO  impl.RaftServerImpl (RaftServerImpl.java:setRole(184)) - 4b487190-7547-40c7-b780-43c37a89e8eb@group-BAC069DAEF17: changes role from  FOLLOWER to CANDIDATE at term 275 for changeToCandidate
2019-10-18 07:54:35,323 [Thread-2032] INFO  impl.RoleInfo (RoleInfo.java:updateAndGet(143)) - 4b487190-7547-40c7-b780-43c37a89e8eb: start LeaderElection
2019-10-18 07:54:35,336 [4b487190-7547-40c7-b780-43c37a89e8eb@group-BAC069DAEF17-LeaderElection261] INFO  impl.LeaderElection (LeaderElection.java:askForVotes(178)) - 4b487190-7547-40c7-b780-43c37a89e8eb@group-BAC069DAEF17-LeaderElection261: begin an election at term 276 for -1: [6fa005cd-25d6-4e29-bda6-9462a060c098:192.168.69.67:36093, 4b487190-7547-40c7-b780-43c37a89e8eb:192.168.69.67:39683, 3d3aac8b-d4d1-454d-bf0c-88a180692893:192.168.69.67:34429], old=null
2019-10-18 07:54:35,338 [grpc-default-executor-0] INFO  impl.RaftServerImpl (RaftServerImpl.java:setRole(184)) - 6fa005cd-25d6-4e29-bda6-9462a060c098@group-BAC069DAEF17: changes role from  FOLLOWER to FOLLOWER at term 276 for recognizeCandidate:4b487190-7547-40c7-b780-43c37a89e8eb
2019-10-18 07:54:35,338 [grpc-default-executor-6] INFO  impl.RaftServerImpl (RaftServerImpl.java:setRole(184)) - 3d3aac8b-d4d1-454d-bf0c-88a180692893@group-BAC069DAEF17: changes role from  FOLLOWER to FOLLOWER at term 276 for recognizeCandidate:4b487190-7547-40c7-b780-43c37a89e8eb
2019-10-18 07:54:35,338 [grpc-default-executor-0] INFO  impl.RoleInfo (RoleInfo.java:shutdownFollowerState(121)) - 6fa005cd-25d6-4e29-bda6-9462a060c098: shutdown FollowerState
2019-10-18 07:54:35,338 [grpc-default-executor-6] INFO  impl.RoleInfo (RoleInfo.java:shutdownFollowerState(121)) - 3d3aac8b-d4d1-454d-bf0c-88a180692893: shutdown FollowerState
2019-10-18 07:54:35,338 [grpc-default-executor-0] INFO  impl.RoleInfo (RoleInfo.java:updateAndGet(143)) - 6fa005cd-25d6-4e29-bda6-9462a060c098: start FollowerState
2019-10-18 07:54:35,338 [Thread-2031] INFO  impl.FollowerState (FollowerState.java:run(117)) - 6fa005cd-25d6-4e29-bda6-9462a060c098@group-BAC069DAEF17-FollowerState was interrupted: java.lang.InterruptedException: sleep interrupted
2019-10-18 07:54:35,339 [grpc-default-executor-6] INFO  impl.RoleInfo (RoleInfo.java:updateAndGet(143)) - 3d3aac8b-d4d1-454d-bf0c-88a180692893: start FollowerState
2019-10-18 07:54:35,339 [Thread-2030] INFO  impl.FollowerState (FollowerState.java:run(117)) - 3d3aac8b-d4d1-454d-bf0c-88a180692893@group-BAC069DAEF17-FollowerState was interrupted: java.lang.InterruptedException: sleep interrupted
2019-10-18 07:54:35,353 [4b487190-7547-40c7-b780-43c37a89e8eb@group-BAC069DAEF17-LeaderElection261] INFO  impl.LeaderElection (LeaderElection.java:logAndReturn(56)) - 4b487190-7547-40c7-b780-43c37a89e8eb@group-BAC069DAEF17-LeaderElection261: Election REJECTED; received 2 response(s) [4b487190-7547-40c7-b780-43c37a89e8eb<-6fa005cd-25d6-4e29-bda6-9462a060c098#0:FAIL-t276, 4b487190-7547-40c7-b780-43c37a89e8eb<-3d3aac8b-d4d1-454d-bf0c-88a180692893#0:FAIL-t276] and 0 exception(s); 4b487190-7547-40c7-b780-43c37a89e8eb@group-BAC069DAEF17:t276, leader=null, voted=4b487190-7547-40c7-b780-43c37a89e8eb, raftlog=4b487190-7547-40c7-b780-43c37a89e8eb@group-BAC069DAEF17-SegmentedRaftLog:OPENED:c-1,f-1,i0, conf=-1: [6fa005cd-25d6-4e29-bda6-9462a060c098:192.168.69.67:36093, 4b487190-7547-40c7-b780-43c37a89e8eb:192.168.69.67:39683, 3d3aac8b-d4d1-454d-bf0c-88a180692893:192.168.69.67:34429], old=null
2019-10-18 07:54:35,353 [4b487190-7547-40c7-b780-43c37a89e8eb@group-BAC069DAEF17-LeaderElection261] INFO  impl.RaftServerImpl (RaftServerImpl.java:setRole(184)) - 4b487190-7547-40c7-b780-43c37a89e8eb@group-BAC069DAEF17: changes role from CANDIDATE to FOLLOWER at term 276 for DISCOVERED_A_NEW_TERM
2019-10-18 07:54:35,353 [4b487190-7547-40c7-b780-43c37a89e8eb@group-BAC069DAEF17-LeaderElection261] INFO  impl.RoleInfo (RoleInfo.java:shutdownLeaderElection(134)) - 4b487190-7547-40c7-b780-43c37a89e8eb: shutdown LeaderElection
2019-10-18 07:54:35,354 [4b487190-7547-40c7-b780-43c37a89e8eb@group-BAC069DAEF17-LeaderElection261] INFO  impl.RoleInfo (RoleInfo.java:updateAndGet(143)) - 4b487190-7547-40c7-b780-43c37a89e8eb: start FollowerState
2019-10-18 07:54:35,456 [Thread-2038] INFO  impl.FollowerState (FollowerState.java:run(108)) - 4b487190-7547-40c7-b780-43c37a89e8eb@group-BAC069DAEF17-FollowerState: change to CANDIDATE, lastRpcTime:102ms, electionTimeout:102ms
2019-10-18 07:54:35,456 [Thread-2038] INFO  impl.RoleInfo (RoleInfo.java:shutdownFollowerState(121)) - 4b487190-7547-40c7-b780-43c37a89e8eb: shutdown FollowerState
2019-10-18 07:54:35,456 [Thread-2038] INFO  impl.RaftServerImpl (RaftServerImpl.java:setRole(184)) - 4b487190-7547-40c7-b780-43c37a89e8eb@group-BAC069DAEF17: changes role from  FOLLOWER to CANDIDATE at term 276 for changeToCandidate
2019-10-18 07:54:35,456 [Thread-2038] INFO  impl.RoleInfo (RoleInfo.java:updateAndGet(143)) - 4b487190-7547-40c7-b780-43c37a89e8eb: start LeaderElection
2019-10-18 07:54:35,482 [4b487190-7547-40c7-b780-43c37a89e8eb@group-BAC069DAEF17-LeaderElection262] INFO  impl.LeaderElection (LeaderElection.java:askForVotes(178)) - 4b487190-7547-40c7-b780-43c37a89e8eb@group-BAC069DAEF17-LeaderElection262: begin an election at term 277 for -1: [6fa005cd-25d6-4e29-bda6-9462a060c098:192.168.69.67:36093, 4b487190-7547-40c7-b780-43c37a89e8eb:192.168.69.67:39683, 3d3aac8b-d4d1-454d-bf0c-88a180692893:192.168.69.67:34429], old=null
2019-10-18 07:54:35,484 [grpc-default-executor-0] INFO  impl.RaftServerImpl (RaftServerImpl.java:setRole(184)) - 3d3aac8b-d4d1-454d-bf0c-88a180692893@group-BAC069DAEF17: changes role from  FOLLOWER to FOLLOWER at term 277 for recognizeCandidate:4b487190-7547-40c7-b780-43c37a89e8eb
2019-10-18 07:54:35,484 [grpc-default-executor-6] INFO  impl.RaftServerImpl (RaftServerImpl.java:setRole(184)) - 6fa005cd-25d6-4e29-bda6-9462a060c098@group-BAC069DAEF17: changes role from  FOLLOWER to FOLLOWER at term 277 for recognizeCandidate:4b487190-7547-40c7-b780-43c37a89e8eb
2019-10-18 07:54:35,484 [grpc-default-executor-0] INFO  impl.RoleInfo (RoleInfo.java:shutdownFollowerState(121)) - 3d3aac8b-d4d1-454d-bf0c-88a180692893: shutdown FollowerState
2019-10-18 07:54:35,484 [grpc-default-executor-6] INFO  impl.RoleInfo (RoleInfo.java:shutdownFollowerState(121)) - 6fa005cd-25d6-4e29-bda6-9462a060c098: shutdown FollowerState
2019-10-18 07:54:35,484 [grpc-default-executor-0] INFO  impl.RoleInfo (RoleInfo.java:updateAndGet(143)) - 3d3aac8b-d4d1-454d-bf0c-88a180692893: start FollowerState
2019-10-18 07:54:35,484 [Thread-2036] INFO  impl.FollowerState (FollowerState.java:run(117)) - 6fa005cd-25d6-4e29-bda6-9462a060c098@group-BAC069DAEF17-FollowerState was interrupted: java.lang.InterruptedException: sleep interrupted
2019-10-18 07:54:35,484 [grpc-default-executor-6] INFO  impl.RoleInfo (RoleInfo.java:updateAndGet(143)) - 6fa005cd-25d6-4e29-bda6-9462a060c098: start FollowerState
2019-10-18 07:54:35,484 [Thread-2037] INFO  impl.FollowerState (FollowerState.java:run(117)) - 3d3aac8b-d4d1-454d-bf0c-88a180692893@group-BAC069DAEF17-FollowerState was interrupted: java.lang.InterruptedException: sleep interrupted
2019-10-18 07:54:35,498 [4b487190-7547-40c7-b780-43c37a89e8eb@group-BAC069DAEF17-LeaderElection262] INFO  impl.LeaderElection (LeaderElection.java:logAndReturn(56)) - 4b487190-7547-40c7-b780-43c37a89e8eb@group-BAC069DAEF17-LeaderElection262: Election REJECTED; received 2 response(s) [4b487190-7547-40c7-b780-43c37a89e8eb<-6fa005cd-25d6-4e29-bda6-9462a060c098#0:FAIL-t277, 4b487190-7547-40c7-b780-43c37a89e8eb<-3d3aac8b-d4d1-454d-bf0c-88a180692893#0:FAIL-t277] and 0 exception(s); 4b487190-7547-40c7-b780-43c37a89e8eb@group-BAC069DAEF17:t277, leader=null, voted=4b487190-7547-40c7-b780-43c37a89e8eb, raftlog=4b487190-7547-40c7-b780-43c37a89e8eb@group-BAC069DAEF17-SegmentedRaftLog:OPENED:c-1,f-1,i0, conf=-1: [6fa005cd-25d6-4e29-bda6-9462a060c098:192.168.69.67:36093, 4b487190-7547-40c7-b780-43c37a89e8eb:192.168.69.67:39683, 3d3aac8b-d4d1-454d-bf0c-88a180692893:192.168.69.67:34429], old=null
2019-10-18 07:54:35,498 [4b487190-7547-40c7-b780-43c37a89e8eb@group-BAC069DAEF17-LeaderElection262] INFO  impl.RaftServerImpl (RaftServerImpl.java:setRole(184)) - 4b487190-7547-40c7-b780-43c37a89e8eb@group-BAC069DAEF17: changes role from CANDIDATE to FOLLOWER at term 277 for DISCOVERED_A_NEW_TERM
2019-10-18 07:54:35,499 [4b487190-7547-40c7-b780-43c37a89e8eb@group-BAC069DAEF17-LeaderElection262] INFO  impl.RoleInfo (RoleInfo.java:shutdownLeaderElection(134)) - 4b487190-7547-40c7-b780-43c37a89e8eb: shutdown LeaderElection
2019-10-18 07:54:35,499 [4b487190-7547-40c7-b780-43c37a89e8eb@group-BAC069DAEF17-LeaderElection262] INFO  impl.RoleInfo (RoleInfo.java:updateAndGet(143)) - 4b487190-7547-40c7-b780-43c37a89e8eb: start FollowerState
2019-10-18 07:54:35,842 [Thread-2044] INFO  impl.FollowerState (FollowerState.java:run(108)) - 4b487190-7547-40c7-b780-43c37a89e8eb@group-BAC069DAEF17-FollowerState: change to CANDIDATE, lastRpcTime:343ms, electionTimeout:60ms
2019-10-18 07:54:35,853 [Thread-2044] INFO  impl.RoleInfo (RoleInfo.java:shutdownFollowerState(121)) - 4b487190-7547-40c7-b780-43c37a89e8eb: shutdown FollowerState
2019-10-18 07:54:35,853 [Thread-2044] INFO  impl.RaftServerImpl (RaftServerImpl.java:setRole(184)) - 4b487190-7547-40c7-b780-43c37a89e8eb@group-BAC069DAEF17: changes role from  FOLLOWER to CANDIDATE at term 277 for changeToCandidate
2019-10-18 07:54:35,854 [Thread-2044] INFO  impl.RoleInfo (RoleInfo.java:updateAndGet(143)) - 4b487190-7547-40c7-b780-43c37a89e8eb: start LeaderElection
2019-10-18 07:54:35,867 [4b487190-7547-40c7-b780-43c37a89e8eb@group-BAC069DAEF17-LeaderElection263] INFO  impl.LeaderElection (LeaderElection.java:askForVotes(178)) - 4b487190-7547-40c7-b780-43c37a89e8eb@group-BAC069DAEF17-LeaderElection263: begin an election at term 278 for -1: [6fa005cd-25d6-4e29-bda6-9462a060c098:192.168.69.67:36093, 4b487190-7547-40c7-b780-43c37a89e8eb:192.168.69.67:39683, 3d3aac8b-d4d1-454d-bf0c-88a180692893:192.168.69.67:34429], old=null
2019-10-18 07:54:35,870 [grpc-default-executor-0] INFO  impl.RaftServerImpl (RaftServerImpl.java:setRole(184)) - 6fa005cd-25d6-4e29-bda6-9462a060c098@group-BAC069DAEF17: changes role from  FOLLOWER to FOLLOWER at term 278 for recognizeCandidate:4b487190-7547-40c7-b780-43c37a89e8eb
2019-10-18 07:54:35,870 [grpc-default-executor-0] INFO  impl.RoleInfo (RoleInfo.java:shutdownFollowerState(121)) - 6fa005cd-25d6-4e29-bda6-9462a060c098: shutdown FollowerState
2019-10-18 07:54:35,870 [grpc-default-executor-0] INFO  impl.RoleInfo (RoleInfo.java:updateAndGet(143)) - 6fa005cd-25d6-4e29-bda6-9462a060c098: start FollowerState
2019-10-18 07:54:35,870 [grpc-default-executor-6] INFO  impl.RaftServerImpl (RaftServerImpl.java:setRole(184)) - 3d3aac8b-d4d1-454d-bf0c-88a180692893@group-BAC069DAEF17: changes role from  FOLLOWER to FOLLOWER at term 278 for recognizeCandidate:4b487190-7547-40c7-b780-43c37a89e8eb
2019-10-18 07:54:35,870 [grpc-default-executor-6] INFO  impl.RoleInfo (RoleInfo.java:shutdownFollowerState(121)) - 3d3aac8b-d4d1-454d-bf0c-88a180692893: shutdown FollowerState
2019-10-18 07:54:35,870 [Thread-2043] INFO  impl.FollowerState (FollowerState.java:run(117)) - 6fa005cd-25d6-4e29-bda6-9462a060c098@group-BAC069DAEF17-FollowerState was interrupted: java.lang.InterruptedException: sleep interrupted
2019-10-18 07:54:35,871 [Thread-2042] INFO  impl.FollowerState (FollowerState.java:run(117)) - 3d3aac8b-d4d1-454d-bf0c-88a180692893@group-BAC069DAEF17-FollowerState was interrupted: java.lang.InterruptedException: sleep interrupted
2019-10-18 07:54:35,870 [grpc-default-executor-6] INFO  impl.RoleInfo (RoleInfo.java:updateAndGet(143)) - 3d3aac8b-d4d1-454d-bf0c-88a180692893: start FollowerState
2019-10-18 07:54:35,884 [4b487190-7547-40c7-b780-43c37a89e8eb@group-BAC069DAEF17-LeaderElection263] INFO  impl.LeaderElection (LeaderElection.java:logAndReturn(56)) - 4b487190-7547-40c7-b780-43c37a89e8eb@group-BAC069DAEF17-LeaderElection263: Election REJECTED; received 2 response(s) [4b487190-7547-40c7-b780-43c37a89e8eb<-6fa005cd-25d6-4e29-bda6-9462a060c098#0:FAIL-t278, 4b487190-7547-40c7-b780-43c37a89e8eb<-3d3aac8b-d4d1-454d-bf0c-88a180692893#0:FAIL-t278] and 0 exception(s); 4b487190-7547-40c7-b780-43c37a89e8eb@group-BAC069DAEF17:t278, leader=null, voted=4b487190-7547-40c7-b780-43c37a89e8eb, raftlog=4b487190-7547-40c7-b780-43c37a89e8eb@group-BAC069DAEF17-SegmentedRaftLog:OPENED:c-1,f-1,i0, conf=-1: [6fa005cd-25d6-4e29-bda6-9462a060c098:192.168.69.67:36093, 4b487190-7547-40c7-b780-43c37a89e8eb:192.168.69.67:39683, 3d3aac8b-d4d1-454d-bf0c-88a180692893:192.168.69.67:34429], old=null
2019-10-18 07:54:35,884 [4b487190-7547-40c7-b780-43c37a89e8eb@group-BAC069DAEF17-LeaderElection263] INFO  impl.RaftServerImpl (RaftServerImpl.java:setRole(184)) - 4b487190-7547-40c7-b780-43c37a89e8eb@group-BAC069DAEF17: changes role from CANDIDATE to FOLLOWER at term 278 for DISCOVERED_A_NEW_TERM
2019-10-18 07:54:35,885 [4b487190-7547-40c7-b780-43c37a89e8eb@group-BAC069DAEF17-LeaderElection263] INFO  impl.RoleInfo (RoleInfo.java:shutdownLeaderElection(134)) - 4b487190-7547-40c7-b780-43c37a89e8eb: shutdown LeaderElection
2019-10-18 07:54:35,885 [4b487190-7547-40c7-b780-43c37a89e8eb@group-BAC069DAEF17-LeaderElection263] INFO  impl.RoleInfo (RoleInfo.java:updateAndGet(143)) - 4b487190-7547-40c7-b780-43c37a89e8eb: start FollowerState
2019-10-18 07:54:35,966 [Thread-2052] INFO  impl.FollowerState (FollowerState.java:run(108)) - 4b487190-7547-40c7-b780-43c37a89e8eb@group-BAC069DAEF17-FollowerState: change to CANDIDATE, lastRpcTime:81ms, electionTimeout:81ms
2019-10-18 07:54:35,966 [Thread-2052] INFO  impl.RoleInfo (RoleInfo.java:shutdownFollowerState(121)) - 4b487190-7547-40c7-b780-43c37a89e8eb: shutdown FollowerState
2019-10-18 07:54:35,966 [Thread-2052] INFO  impl.RaftServerImpl (RaftServerImpl.java:setRole(184)) - 4b487190-7547-40c7-b780-43c37a89e8eb@group-BAC069DAEF17: changes role from  FOLLOWER to CANDIDATE at term 278 for changeToCandidate
2019-10-18 07:54:35,966 [Thread-2052] INFO  impl.RoleInfo (RoleInfo.java:updateAndGet(143)) - 4b487190-7547-40c7-b780-43c37a89e8eb: start LeaderElection
2019-10-18 07:54:35,980 [4b487190-7547-40c7-b780-43c37a89e8eb@group-BAC069DAEF17-LeaderElection264] INFO  impl.LeaderElection (LeaderElection.java:askForVotes(178)) - 4b487190-7547-40c7-b780-43c37a89e8eb@group-BAC069DAEF17-LeaderElection264: begin an election at term 279 for -1: [6fa005cd-25d6-4e29-bda6-9462a060c098:192.168.69.67:36093, 4b487190-7547-40c7-b780-43c37a89e8eb:192.168.69.67:39683, 3d3aac8b-d4d1-454d-bf0c-88a180692893:192.168.69.67:34429], old=null
2019-10-18 07:54:35,982 [grpc-default-executor-0] INFO  impl.RaftServerImpl (RaftServerImpl.java:setRole(184)) - 6fa005cd-25d6-4e29-bda6-9462a060c098@group-BAC069DAEF17: changes role from  FOLLOWER to FOLLOWER at term 279 for recognizeCandidate:4b487190-7547-40c7-b780-43c37a89e8eb
2019-10-18 07:54:35,982 [grpc-default-executor-0] INFO  impl.RoleInfo (RoleInfo.java:shutdownFollowerState(121)) - 6fa005cd-25d6-4e29-bda6-9462a060c098: shutdown FollowerState
2019-10-18 07:54:35,982 [grpc-default-executor-6] INFO  impl.RaftServerImpl (RaftServerImpl.java:setRole(184)) - 3d3aac8b-d4d1-454d-bf0c-88a180692893@group-BAC069DAEF17: changes role from  FOLLOWER to FOLLOWER at term 279 for recognizeCandidate:4b487190-7547-40c7-b780-43c37a89e8eb
2019-10-18 07:54:35,982 [grpc-default-executor-6] INFO  impl.RoleInfo (RoleInfo.java:shutdownFollowerState(121)) - 3d3aac8b-d4d1-454d-bf0c-88a180692893: shutdown FollowerState
2019-10-18 07:54:35,982 [Thread-2050] INFO  impl.FollowerState (FollowerState.java:run(117)) - 6fa005cd-25d6-4e29-bda6-9462a060c098@group-BAC069DAEF17-FollowerState was interrupted: java.lang.InterruptedException: sleep interrupted
2019-10-18 07:54:35,982 [grpc-default-executor-0] INFO  impl.RoleInfo (RoleInfo.java:updateAndGet(143)) - 6fa005cd-25d6-4e29-bda6-9462a060c098: start FollowerState
2019-10-18 07:54:35,983 [Thread-2051] INFO  impl.FollowerState (FollowerState.java:run(117)) - 3d3aac8b-d4d1-454d-bf0c-88a180692893@group-BAC069DAEF17-FollowerState was interrupted: java.lang.InterruptedException: sleep interrupted
2019-10-18 07:54:35,983 [grpc-default-executor-6] INFO  impl.RoleInfo (RoleInfo.java:updateAndGet(143)) - 3d3aac8b-d4d1-454d-bf0c-88a180692893: start FollowerState
2019-10-18 07:54:35,998 [4b487190-7547-40c7-b780-43c37a89e8eb@group-BAC069DAEF17-LeaderElection264] INFO  impl.LeaderElection (LeaderElection.java:logAndReturn(56)) - 4b487190-7547-40c7-b780-43c37a89e8eb@group-BAC069DAEF17-LeaderElection264: Election REJECTED; received 2 response(s) [4b487190-7547-40c7-b780-43c37a89e8eb<-6fa005cd-25d6-4e29-bda6-9462a060c098#0:FAIL-t279, 4b487190-7547-40c7-b780-43c37a89e8eb<-3d3aac8b-d4d1-454d-bf0c-88a180692893#0:FAIL-t279] and 0 exception(s); 4b487190-7547-40c7-b780-43c37a89e8eb@group-BAC069DAEF17:t279, leader=null, voted=4b487190-7547-40c7-b780-43c37a89e8eb, raftlog=4b487190-7547-40c7-b780-43c37a89e8eb@group-BAC069DAEF17-SegmentedRaftLog:OPENED:c-1,f-1,i0, conf=-1: [6fa005cd-25d6-4e29-bda6-9462a060c098:192.168.69.67:36093, 4b487190-7547-40c7-b780-43c37a89e8eb:192.168.69.67:39683, 3d3aac8b-d4d1-454d-bf0c-88a180692893:192.168.69.67:34429], old=null
2019-10-18 07:54:35,998 [4b487190-7547-40c7-b780-43c37a89e8eb@group-BAC069DAEF17-LeaderElection264] INFO  impl.RaftServerImpl (RaftServerImpl.java:setRole(184)) - 4b487190-7547-40c7-b780-43c37a89e8eb@group-BAC069DAEF17: changes role from CANDIDATE to FOLLOWER at term 279 for DISCOVERED_A_NEW_TERM
2019-10-18 07:54:35,998 [4b487190-7547-40c7-b780-43c37a89e8eb@group-BAC069DAEF17-LeaderElection264] INFO  impl.RoleInfo (RoleInfo.java:shutdownLeaderElection(134)) - 4b487190-7547-40c7-b780-43c37a89e8eb: shutdown LeaderElection
2019-10-18 07:54:35,998 [4b487190-7547-40c7-b780-43c37a89e8eb@group-BAC069DAEF17-LeaderElection264] INFO  impl.RoleInfo (RoleInfo.java:updateAndGet(143)) - 4b487190-7547-40c7-b780-43c37a89e8eb: start FollowerState
2019-10-18 07:54:36,172 [Thread-2058] INFO  impl.FollowerState (FollowerState.java:run(108)) - 4b487190-7547-40c7-b780-43c37a89e8eb@group-BAC069DAEF17-FollowerState: change to CANDIDATE, lastRpcTime:173ms, electionTimeout:173ms
2019-10-18 07:54:36,172 [Thread-2058] INFO  impl.RoleInfo (RoleInfo.java:shutdownFollowerState(121)) - 4b487190-7547-40c7-b780-43c37a89e8eb: shutdown FollowerState
2019-10-18 07:54:36,172 [Thread-2058] INFO  impl.RaftServerImpl (RaftServerImpl.java:setRole(184)) - 4b487190-7547-40c7-b780-43c37a89e8eb@group-BAC069DAEF17: changes role from  FOLLOWER to CANDIDATE at term 279 for changeToCandidate
2019-10-18 07:54:36,172 [Thread-2058] INFO  impl.RoleInfo (RoleInfo.java:updateAndGet(143)) - 4b487190-7547-40c7-b780-43c37a89e8eb: start LeaderElection
2019-10-18 07:54:36,186 [4b487190-7547-40c7-b780-43c37a89e8eb@group-BAC069DAEF17-LeaderElection265] INFO  impl.LeaderElection (LeaderElection.java:askForVotes(178)) - 4b487190-7547-40c7-b780-43c37a89e8eb@group-BAC069DAEF17-LeaderElection265: begin an election at term 280 for -1: [6fa005cd-25d6-4e29-bda6-9462a060c098:192.168.69.67:36093, 4b487190-7547-40c7-b780-43c37a89e8eb:192.168.69.67:39683, 3d3aac8b-d4d1-454d-bf0c-88a180692893:192.168.69.67:34429], old=null
2019-10-18 07:54:36,189 [grpc-default-executor-0] INFO  impl.RaftServerImpl (RaftServerImpl.java:setRole(184)) - 6fa005cd-25d6-4e29-bda6-9462a060c098@group-BAC069DAEF17: changes role from  FOLLOWER to FOLLOWER at term 280 for recognizeCandidate:4b487190-7547-40c7-b780-43c37a89e8eb
2019-10-18 07:54:36,189 [grpc-default-executor-0] INFO  impl.RoleInfo (RoleInfo.java:shutdownFollowerState(121)) - 6fa005cd-25d6-4e29-bda6-9462a060c098: shutdown FollowerState
2019-10-18 07:54:36,189 [grpc-default-executor-6] INFO  impl.RaftServerImpl (RaftServerImpl.java:setRole(184)) - 3d3aac8b-d4d1-454d-bf0c-88a180692893@group-BAC069DAEF17: changes role from  FOLLOWER to FOLLOWER at term 280 for recognizeCandidate:4b487190-7547-40c7-b780-43c37a89e8eb
2019-10-18 07:54:36,190 [Thread-2056] INFO  impl.FollowerState (FollowerState.java:run(117)) - 6fa005cd-25d6-4e29-bda6-9462a060c098@group-BAC069DAEF17-FollowerState was interrupted: java.lang.InterruptedException: sleep interrupted
2019-10-18 07:54:36,189 [grpc-default-executor-0] INFO  impl.RoleInfo (RoleInfo.java:updateAndGet(143)) - 6fa005cd-25d6-4e29-bda6-9462a060c098: start FollowerState
2019-10-18 07:54:36,190 [grpc-default-executor-6] INFO  impl.RoleInfo (RoleInfo.java:shutdownFollowerState(121)) - 3d3aac8b-d4d1-454d-bf0c-88a180692893: shutdown FollowerState
2019-10-18 07:54:36,190 [grpc-default-executor-6] INFO  impl.RoleInfo (RoleInfo.java:updateAndGet(143)) - 3d3aac8b-d4d1-454d-bf0c-88a180692893: start FollowerState
2019-10-18 07:54:36,190 [Thread-2057] INFO  impl.FollowerState (FollowerState.java:run(117)) - 3d3aac8b-d4d1-454d-bf0c-88a180692893@group-BAC069DAEF17-FollowerState was interrupted: java.lang.InterruptedException: sleep interrupted
2019-10-18 07:54:36,205 [4b487190-7547-40c7-b780-43c37a89e8eb@group-BAC069DAEF17-LeaderElection265] INFO  impl.LeaderElection (LeaderElection.java:logAndReturn(56)) - 4b487190-7547-40c7-b780-43c37a89e8eb@group-BAC069DAEF17-LeaderElection265: Election REJECTED; received 2 response(s) [4b487190-7547-40c7-b780-43c37a89e8eb<-6fa005cd-25d6-4e29-bda6-9462a060c098#0:FAIL-t280, 4b487190-7547-40c7-b780-43c37a89e8eb<-3d3aac8b-d4d1-454d-bf0c-88a180692893#0:FAIL-t280] and 0 exception(s); 4b487190-7547-40c7-b780-43c37a89e8eb@group-BAC069DAEF17:t280, leader=null, voted=4b487190-7547-40c7-b780-43c37a89e8eb, raftlog=4b487190-7547-40c7-b780-43c37a89e8eb@group-BAC069DAEF17-SegmentedRaftLog:OPENED:c-1,f-1,i0, conf=-1: [6fa005cd-25d6-4e29-bda6-9462a060c098:192.168.69.67:36093, 4b487190-7547-40c7-b780-43c37a89e8eb:192.168.69.67:39683, 3d3aac8b-d4d1-454d-bf0c-88a180692893:192.168.69.67:34429], old=null
2019-10-18 07:54:36,205 [4b487190-7547-40c7-b780-43c37a89e8eb@group-BAC069DAEF17-LeaderElection265] INFO  impl.RaftServerImpl (RaftServerImpl.java:setRole(184)) - 4b487190-7547-40c7-b780-43c37a89e8eb@group-BAC069DAEF17: changes role from CANDIDATE to FOLLOWER at term 280 for DISCOVERED_A_NEW_TERM
2019-10-18 07:54:36,205 [4b487190-7547-40c7-b780-43c37a89e8eb@group-BAC069DAEF17-LeaderElection265] INFO  impl.RoleInfo (RoleInfo.java:shutdownLeaderElection(134)) - 4b487190-7547-40c7-b780-43c37a89e8eb: shutdown LeaderElection
2019-10-18 07:54:36,205 [4b487190-7547-40c7-b780-43c37a89e8eb@group-BAC069DAEF17-LeaderElection265] INFO  impl.RoleInfo (RoleInfo.java:updateAndGet(143)) - 4b487190-7547-40c7-b780-43c37a89e8eb: start FollowerState
2019-10-18 07:54:36,288 [Thread-2064] INFO  impl.FollowerState (FollowerState.java:run(108)) - 4b487190-7547-40c7-b780-43c37a89e8eb@group-BAC069DAEF17-FollowerState: change to CANDIDATE, lastRpcTime:82ms, electionTimeout:82ms
2019-10-18 07:54:36,288 [Thread-2064] INFO  impl.RoleInfo (RoleInfo.java:shutdownFollowerState(121)) - 4b487190-7547-40c7-b780-43c37a89e8eb: shutdown FollowerState
2019-10-18 07:54:36,288 [Thread-2064] INFO  impl.RaftServerImpl (RaftServerImpl.java:setRole(184)) - 4b487190-7547-40c7-b780-43c37a89e8eb@group-BAC069DAEF17: changes role from  FOLLOWER to CANDIDATE at term 280 for changeToCandidate
2019-10-18 07:54:36,288 [Thread-2064] INFO  impl.RoleInfo (RoleInfo.java:updateAndGet(143)) - 4b487190-7547-40c7-b780-43c37a89e8eb: start LeaderElection
2019-10-18 07:54:36,310 [4b487190-7547-40c7-b780-43c37a89e8eb@group-BAC069DAEF17-LeaderElection266] INFO  impl.LeaderElection (LeaderElection.java:askForVotes(178)) - 4b487190-7547-40c7-b780-43c37a89e8eb@group-BAC069DAEF17-LeaderElection266: begin an election at term 281 for -1: [6fa005cd-25d6-4e29-bda6-9462a060c098:192.168.69.67:36093, 4b487190-7547-40c7-b780-43c37a89e8eb:192.168.69.67:39683, 3d3aac8b-d4d1-454d-bf0c-88a180692893:192.168.69.67:34429], old=null
2019-10-18 07:54:36,312 [grpc-default-executor-0] INFO  impl.RaftServerImpl (RaftServerImpl.java:setRole(184)) - 6fa005cd-25d6-4e29-bda6-9462a060c098@group-BAC069DAEF17: changes role from  FOLLOWER to FOLLOWER at term 281 for recognizeCandidate:4b487190-7547-40c7-b780-43c37a89e8eb
2019-10-18 07:54:36,312 [grpc-default-executor-0] INFO  impl.RoleInfo (RoleInfo.java:shutdownFollowerState(121)) - 6fa005cd-25d6-4e29-bda6-9462a060c098: shutdown FollowerState
2019-10-18 07:54:36,312 [grpc-default-executor-6] INFO  impl.RaftServerImpl (RaftServerImpl.java:setRole(184)) - 3d3aac8b-d4d1-454d-bf0c-88a180692893@group-BAC069DAEF17: changes role from  FOLLOWER to FOLLOWER at term 281 for recognizeCandidate:4b487190-7547-40c7-b780-43c37a89e8eb
2019-10-18 07:54:36,312 [Thread-2062] INFO  impl.FollowerState (FollowerState.java:run(117)) - 6fa005cd-25d6-4e29-bda6-9462a060c098@group-BAC069DAEF17-FollowerState was interrupted: java.lang.InterruptedException: sleep interrupted
2019-10-18 07:54:36,312 [grpc-default-executor-0] INFO  impl.RoleInfo (RoleInfo.java:updateAndGet(143)) - 6fa005cd-25d6-4e29-bda6-9462a060c098: start FollowerState
2019-10-18 07:54:36,313 [grpc-default-executor-6] INFO  impl.RoleInfo (RoleInfo.java:shutdownFollowerState(121)) - 3d3aac8b-d4d1-454d-bf0c-88a180692893: shutdown FollowerState
2019-10-18 07:54:36,313 [grpc-default-executor-6] INFO  impl.RoleInfo (RoleInfo.java:updateAndGet(143)) - 3d3aac8b-d4d1-454d-bf0c-88a180692893: start FollowerState
2019-10-18 07:54:36,313 [Thread-2063] INFO  impl.FollowerState (FollowerState.java:run(117)) - 3d3aac8b-d4d1-454d-bf0c-88a180692893@group-BAC069DAEF17-FollowerState was interrupted: java.lang.InterruptedException: sleep interrupted
2019-10-18 07:54:36,327 [4b487190-7547-40c7-b780-43c37a89e8eb@group-BAC069DAEF17-LeaderElection266] INFO  impl.LeaderElection (LeaderElection.java:logAndReturn(56)) - 4b487190-7547-40c7-b780-43c37a89e8eb@group-BAC069DAEF17-LeaderElection266: Election REJECTED; received 2 response(s) [4b487190-7547-40c7-b780-43c37a89e8eb<-6fa005cd-25d6-4e29-bda6-9462a060c098#0:FAIL-t281, 4b487190-7547-40c7-b780-43c37a89e8eb<-3d3aac8b-d4d1-454d-bf0c-88a180692893#0:FAIL-t281] and 0 exception(s); 4b487190-7547-40c7-b780-43c37a89e8eb@group-BAC069DAEF17:t281, leader=null, voted=4b487190-7547-40c7-b780-43c37a89e8eb, raftlog=4b487190-7547-40c7-b780-43c37a89e8eb@group-BAC069DAEF17-SegmentedRaftLog:OPENED:c-1,f-1,i0, conf=-1: [6fa005cd-25d6-4e29-bda6-9462a060c098:192.168.69.67:36093, 4b487190-7547-40c7-b780-43c37a89e8eb:192.168.69.67:39683, 3d3aac8b-d4d1-454d-bf0c-88a180692893:192.168.69.67:34429], old=null
2019-10-18 07:54:36,328 [4b487190-7547-40c7-b780-43c37a89e8eb@group-BAC069DAEF17-LeaderElection266] INFO  impl.RaftServerImpl (RaftServerImpl.java:setRole(184)) - 4b487190-7547-40c7-b780-43c37a89e8eb@group-BAC069DAEF17: changes role from CANDIDATE to FOLLOWER at term 281 for DISCOVERED_A_NEW_TERM
2019-10-18 07:54:36,328 [4b487190-7547-40c7-b780-43c37a89e8eb@group-BAC069DAEF17-LeaderElection266] INFO  impl.RoleInfo (RoleInfo.java:shutdownLeaderElection(134)) - 4b487190-7547-40c7-b780-43c37a89e8eb: shutdown LeaderElection
2019-10-18 07:54:36,328 [4b487190-7547-40c7-b780-43c37a89e8eb@group-BAC069DAEF17-LeaderElection266] INFO  impl.RoleInfo (RoleInfo.java:updateAndGet(143)) - 4b487190-7547-40c7-b780-43c37a89e8eb: start FollowerState
2019-10-18 07:54:36,347 [Thread-2070] INFO  impl.FollowerState (FollowerState.java:run(108)) - 4b487190-7547-40c7-b780-43c37a89e8eb@group-BAC069DAEF17-FollowerState: change to CANDIDATE, lastRpcTime:19ms, electionTimeout:19ms
2019-10-18 07:54:36,347 [Thread-2070] INFO  impl.RoleInfo (RoleInfo.java:shutdownFollowerState(121)) - 4b487190-7547-40c7-b780-43c37a89e8eb: shutdown FollowerState
2019-10-18 07:54:36,348 [Thread-2070] INFO  impl.RaftServerImpl (RaftServerImpl.java:setRole(184)) - 4b487190-7547-40c7-b780-43c37a89e8eb@group-BAC069DAEF17: changes role from  FOLLOWER to CANDIDATE at term 281 for changeToCandidate
2019-10-18 07:54:36,348 [Thread-2070] INFO  impl.RoleInfo (RoleInfo.java:updateAndGet(143)) - 4b487190-7547-40c7-b780-43c37a89e8eb: start LeaderElection
2019-10-18 07:54:36,361 [4b487190-7547-40c7-b780-43c37a89e8eb@group-BAC069DAEF17-LeaderElection267] INFO  impl.LeaderElection (LeaderElection.java:askForVotes(178)) - 4b487190-7547-40c7-b780-43c37a89e8eb@group-BAC069DAEF17-LeaderElection267: begin an election at term 282 for -1: [6fa005cd-25d6-4e29-bda6-9462a060c098:192.168.69.67:36093, 4b487190-7547-40c7-b780-43c37a89e8eb:192.168.69.67:39683, 3d3aac8b-d4d1-454d-bf0c-88a180692893:192.168.69.67:34429], old=null
2019-10-18 07:54:36,363 [grpc-default-executor-6] INFO  impl.RaftServerImpl (RaftServerImpl.java:setRole(184)) - 3d3aac8b-d4d1-454d-bf0c-88a180692893@group-BAC069DAEF17: changes role from  FOLLOWER to FOLLOWER at term 282 for recognizeCandidate:4b487190-7547-40c7-b780-43c37a89e8eb
2019-10-18 07:54:36,363 [grpc-default-executor-6] INFO  impl.RoleInfo (RoleInfo.java:shutdownFollowerState(121)) - 3d3aac8b-d4d1-454d-bf0c-88a180692893: shutdown FollowerState
2019-10-18 07:54:36,363 [grpc-default-executor-0] INFO  impl.RaftServerImpl (RaftServerImpl.java:setRole(184)) - 6fa005cd-25d6-4e29-bda6-9462a060c098@group-BAC069DAEF17: changes role from  FOLLOWER to FOLLOWER at term 282 for recognizeCandidate:4b487190-7547-40c7-b780-43c37a89e8eb
2019-10-18 07:54:36,363 [Thread-2069] INFO  impl.FollowerState (FollowerState.java:run(117)) - 3d3aac8b-d4d1-454d-bf0c-88a180692893@group-BAC069DAEF17-FollowerState was interrupted: java.lang.InterruptedException: sleep interrupted
2019-10-18 07:54:36,363 [grpc-default-executor-6] INFO  impl.RoleInfo (RoleInfo.java:updateAndGet(143)) - 3d3aac8b-d4d1-454d-bf0c-88a180692893: start FollowerState
2019-10-18 07:54:36,364 [grpc-default-executor-0] INFO  impl.RoleInfo (RoleInfo.java:shutdownFollowerState(121)) - 6fa005cd-25d6-4e29-bda6-9462a060c098: shutdown FollowerState
2019-10-18 07:54:36,364 [grpc-default-executor-0] INFO  impl.RoleInfo (RoleInfo.java:updateAndGet(143)) - 6fa005cd-25d6-4e29-bda6-9462a060c098: start FollowerState
2019-10-18 07:54:36,364 [Thread-2068] INFO  impl.FollowerState (FollowerState.java:run(117)) - 6fa005cd-25d6-4e29-bda6-9462a060c098@group-BAC069DAEF17-FollowerState was interrupted: java.lang.InterruptedException: sleep interrupted
2019-10-18 07:54:36,379 [4b487190-7547-40c7-b780-43c37a89e8eb@group-BAC069DAEF17-LeaderElection267] INFO  impl.LeaderElection (LeaderElection.java:logAndReturn(56)) - 4b487190-7547-40c7-b780-43c37a89e8eb@group-BAC069DAEF17-LeaderElection267: Election REJECTED; received 2 response(s) [4b487190-7547-40c7-b780-43c37a89e8eb<-6fa005cd-25d6-4e29-bda6-9462a060c098#0:FAIL-t282, 4b487190-7547-40c7-b780-43c37a89e8eb<-3d3aac8b-d4d1-454d-bf0c-88a180692893#0:FAIL-t282] and 0 exception(s); 4b487190-7547-40c7-b780-43c37a89e8eb@group-BAC069DAEF17:t282, leader=null, voted=4b487190-7547-40c7-b780-43c37a89e8eb, raftlog=4b487190-7547-40c7-b780-43c37a89e8eb@group-BAC069DAEF17-SegmentedRaftLog:OPENED:c-1,f-1,i0, conf=-1: [6fa005cd-25d6-4e29-bda6-9462a060c098:192.168.69.67:36093, 4b487190-7547-40c7-b780-43c37a89e8eb:192.168.69.67:39683, 3d3aac8b-d4d1-454d-bf0c-88a180692893:192.168.69.67:34429], old=null
2019-10-18 07:54:36,379 [4b487190-7547-40c7-b780-43c37a89e8eb@group-BAC069DAEF17-LeaderElection267] INFO  impl.RaftServerImpl (RaftServerImpl.java:setRole(184)) - 4b487190-7547-40c7-b780-43c37a89e8eb@group-BAC069DAEF17: changes role from CANDIDATE to FOLLOWER at term 282 for DISCOVERED_A_NEW_TERM
2019-10-18 07:54:36,379 [4b487190-7547-40c7-b780-43c37a89e8eb@group-BAC069DAEF17-LeaderElection267] INFO  impl.RoleInfo (RoleInfo.java:shutdownLeaderElection(134)) - 4b487190-7547-40c7-b780-43c37a89e8eb: shutdown LeaderElection
2019-10-18 07:54:36,379 [4b487190-7547-40c7-b780-43c37a89e8eb@group-BAC069DAEF17-LeaderElection267] INFO  impl.RoleInfo (RoleInfo.java:updateAndGet(143)) - 4b487190-7547-40c7-b780-43c37a89e8eb: start FollowerState
2019-10-18 07:54:36,407 [Thread-2076] INFO  impl.FollowerState (FollowerState.java:run(108)) - 4b487190-7547-40c7-b780-43c37a89e8eb@group-BAC069DAEF17-FollowerState: change to CANDIDATE, lastRpcTime:28ms, electionTimeout:28ms
2019-10-18 07:54:36,408 [Thread-2076] INFO  impl.RoleInfo (RoleInfo.java:shutdownFollowerState(121)) - 4b487190-7547-40c7-b780-43c37a89e8eb: shutdown FollowerState
2019-10-18 07:54:36,408 [Thread-2076] INFO  impl.RaftServerImpl (RaftServerImpl.java:setRole(184)) - 4b487190-7547-40c7-b780-43c37a89e8eb@group-BAC069DAEF17: changes role from  FOLLOWER to CANDIDATE at term 282 for changeToCandidate
2019-10-18 07:54:36,408 [Thread-2076] INFO  impl.RoleInfo (RoleInfo.java:updateAndGet(143)) - 4b487190-7547-40c7-b780-43c37a89e8eb: start LeaderElection
2019-10-18 07:54:36,421 [4b487190-7547-40c7-b780-43c37a89e8eb@group-BAC069DAEF17-LeaderElection268] INFO  impl.LeaderElection (LeaderElection.java:askForVotes(178)) - 4b487190-7547-40c7-b780-43c37a89e8eb@group-BAC069DAEF17-LeaderElection268: begin an election at term 283 for -1: [6fa005cd-25d6-4e29-bda6-9462a060c098:192.168.69.67:36093, 4b487190-7547-40c7-b780-43c37a89e8eb:192.168.69.67:39683, 3d3aac8b-d4d1-454d-bf0c-88a180692893:192.168.69.67:34429], old=null
2019-10-18 07:54:36,423 [grpc-default-executor-6] INFO  impl.RaftServerImpl (RaftServerImpl.java:setRole(184)) - 3d3aac8b-d4d1-454d-bf0c-88a180692893@group-BAC069DAEF17: changes role from  FOLLOWER to FOLLOWER at term 283 for recognizeCandidate:4b487190-7547-40c7-b780-43c37a89e8eb
2019-10-18 07:54:36,423 [grpc-default-executor-6] INFO  impl.RoleInfo (RoleInfo.java:shutdownFollowerState(121)) - 3d3aac8b-d4d1-454d-bf0c-88a180692893: shutdown FollowerState
2019-10-18 07:54:36,423 [grpc-default-executor-0] INFO  impl.RaftServerImpl (RaftServerImpl.java:setRole(184)) - 6fa005cd-25d6-4e29-bda6-9462a060c098@group-BAC069DAEF17: changes role from  FOLLOWER to FOLLOWER at term 283 for recognizeCandidate:4b487190-7547-40c7-b780-43c37a89e8eb
2019-10-18 07:54:36,423 [Thread-2074] INFO  impl.FollowerState (FollowerState.java:run(117)) - 3d3aac8b-d4d1-454d-bf0c-88a180692893@group-BAC069DAEF17-FollowerState was interrupted: java.lang.InterruptedException: sleep interrupted
2019-10-18 07:54:36,423 [grpc-default-executor-6] INFO  impl.RoleInfo (RoleInfo.java:updateAndGet(143)) - 3d3aac8b-d4d1-454d-bf0c-88a180692893: start FollowerState
2019-10-18 07:54:36,423 [grpc-default-executor-0] INFO  impl.RoleInfo (RoleInfo.java:shutdownFollowerState(121)) - 6fa005cd-25d6-4e29-bda6-9462a060c098: shutdown FollowerState
2019-10-18 07:54:36,424 [grpc-default-executor-0] INFO  impl.RoleInfo (RoleInfo.java:updateAndGet(143)) - 6fa005cd-25d6-4e29-bda6-9462a060c098: start FollowerState
2019-10-18 07:54:36,424 [Thread-2075] INFO  impl.FollowerState (FollowerState.java:run(117)) - 6fa005cd-25d6-4e29-bda6-9462a060c098@group-BAC069DAEF17-FollowerState was interrupted: java.lang.InterruptedException: sleep interrupted
2019-10-18 07:54:36,438 [4b487190-7547-40c7-b780-43c37a89e8eb@group-BAC069DAEF17-LeaderElection268] INFO  impl.LeaderElection (LeaderElection.java:logAndReturn(56)) - 4b487190-7547-40c7-b780-43c37a89e8eb@group-BAC069DAEF17-LeaderElection268: Election REJECTED; received 2 response(s) [4b487190-7547-40c7-b780-43c37a89e8eb<-6fa005cd-25d6-4e29-bda6-9462a060c098#0:FAIL-t283, 4b487190-7547-40c7-b780-43c37a89e8eb<-3d3aac8b-d4d1-454d-bf0c-88a180692893#0:FAIL-t283] and 0 exception(s); 4b487190-7547-40c7-b780-43c37a89e8eb@group-BAC069DAEF17:t283, leader=null, voted=4b487190-7547-40c7-b780-43c37a89e8eb, raftlog=4b487190-7547-40c7-b780-43c37a89e8eb@group-BAC069DAEF17-SegmentedRaftLog:OPENED:c-1,f-1,i0, conf=-1: [6fa005cd-25d6-4e29-bda6-9462a060c098:192.168.69.67:36093, 4b487190-7547-40c7-b780-43c37a89e8eb:192.168.69.67:39683, 3d3aac8b-d4d1-454d-bf0c-88a180692893:192.168.69.67:34429], old=null
2019-10-18 07:54:36,438 [4b487190-7547-40c7-b780-43c37a89e8eb@group-BAC069DAEF17-LeaderElection268] INFO  impl.RaftServerImpl (RaftServerImpl.java:setRole(184)) - 4b487190-7547-40c7-b780-43c37a89e8eb@group-BAC069DAEF17: changes role from CANDIDATE to FOLLOWER at term 283 for DISCOVERED_A_NEW_TERM
2019-10-18 07:54:36,439 [4b487190-7547-40c7-b780-43c37a89e8eb@group-BAC069DAEF17-LeaderElection268] INFO  impl.RoleInfo (RoleInfo.java:shutdownLeaderElection(134)) - 4b487190-7547-40c7-b780-43c37a89e8eb: shutdown LeaderElection
2019-10-18 07:54:36,439 [4b487190-7547-40c7-b780-43c37a89e8eb@group-BAC069DAEF17-LeaderElection268] INFO  impl.RoleInfo (RoleInfo.java:updateAndGet(143)) - 4b487190-7547-40c7-b780-43c37a89e8eb: start FollowerState
2019-10-18 07:54:36,629 [Thread-2082] INFO  impl.FollowerState (FollowerState.java:run(108)) - 4b487190-7547-40c7-b780-43c37a89e8eb@group-BAC069DAEF17-FollowerState: change to CANDIDATE, lastRpcTime:190ms, electionTimeout:190ms
2019-10-18 07:54:36,630 [Thread-2082] INFO  impl.RoleInfo (RoleInfo.java:shutdownFollowerState(121)) - 4b487190-7547-40c7-b780-43c37a89e8eb: shutdown FollowerState
2019-10-18 07:54:36,630 [Thread-2082] INFO  impl.RaftServerImpl (RaftServerImpl.java:setRole(184)) - 4b487190-7547-40c7-b780-43c37a89e8eb@group-BAC069DAEF17: changes role from  FOLLOWER to CANDIDATE at term 283 for changeToCandidate
2019-10-18 07:54:36,630 [Thread-2082] INFO  impl.RoleInfo (RoleInfo.java:updateAndGet(143)) - 4b487190-7547-40c7-b780-43c37a89e8eb: start LeaderElection
2019-10-18 07:54:36,655 [4b487190-7547-40c7-b780-43c37a89e8eb@group-BAC069DAEF17-LeaderElection269] INFO  impl.LeaderElection (LeaderElection.java:askForVotes(178)) - 4b487190-7547-40c7-b780-43c37a89e8eb@group-BAC069DAEF17-LeaderElection269: begin an election at term 284 for -1: [6fa005cd-25d6-4e29-bda6-9462a060c098:192.168.69.67:36093, 4b487190-7547-40c7-b780-43c37a89e8eb:192.168.69.67:39683, 3d3aac8b-d4d1-454d-bf0c-88a180692893:192.168.69.67:34429], old=null
2019-10-18 07:54:36,658 [grpc-default-executor-6] INFO  impl.RaftServerImpl (RaftServerImpl.java:setRole(184)) - 6fa005cd-25d6-4e29-bda6-9462a060c098@group-BAC069DAEF17: changes role from  FOLLOWER to FOLLOWER at term 284 for recognizeCandidate:4b487190-7547-40c7-b780-43c37a89e8eb
2019-10-18 07:54:36,658 [grpc-default-executor-6] INFO  impl.RoleInfo (RoleInfo.java:shutdownFollowerState(121)) - 6fa005cd-25d6-4e29-bda6-9462a060c098: shutdown FollowerState
2019-10-18 07:54:36,658 [grpc-default-executor-0] INFO  impl.RaftServerImpl (RaftServerImpl.java:setRole(184)) - 3d3aac8b-d4d1-454d-bf0c-88a180692893@group-BAC069DAEF17: changes role from  FOLLOWER to FOLLOWER at term 284 for recognizeCandidate:4b487190-7547-40c7-b780-43c37a89e8eb
2019-10-18 07:54:36,659 [grpc-default-executor-0] INFO  impl.RoleInfo (RoleInfo.java:shutdownFollowerState(121)) - 3d3aac8b-d4d1-454d-bf0c-88a180692893: shutdown FollowerState
2019-10-18 07:54:36,658 [Thread-2081] INFO  impl.FollowerState (FollowerState.java:run(117)) - 6fa005cd-25d6-4e29-bda6-9462a060c098@group-BAC069DAEF17-FollowerState was interrupted: java.lang.InterruptedException: sleep interrupted
2019-10-18 07:54:36,659 [Thread-2080] INFO  impl.FollowerState (FollowerState.java:run(117)) - 3d3aac8b-d4d1-454d-bf0c-88a180692893@group-BAC069DAEF17-FollowerState was interrupted: java.lang.InterruptedException: sleep interrupted
2019-10-18 07:54:36,658 [grpc-default-executor-6] INFO  impl.RoleInfo (RoleInfo.java:updateAndGet(143)) - 6fa005cd-25d6-4e29-bda6-9462a060c098: start FollowerState
2019-10-18 07:54:36,659 [grpc-default-executor-0] INFO  impl.RoleInfo (RoleInfo.java:updateAndGet(143)) - 3d3aac8b-d4d1-454d-bf0c-88a180692893: start FollowerState
2019-10-18 07:54:36,673 [4b487190-7547-40c7-b780-43c37a89e8eb@group-BAC069DAEF17-LeaderElection269] INFO  impl.LeaderElection (LeaderElection.java:logAndReturn(56)) - 4b487190-7547-40c7-b780-43c37a89e8eb@group-BAC069DAEF17-LeaderElection269: Election REJECTED; received 2 response(s) [4b487190-7547-40c7-b780-43c37a89e8eb<-6fa005cd-25d6-4e29-bda6-9462a060c098#0:FAIL-t284, 4b487190-7547-40c7-b780-43c37a89e8eb<-3d3aac8b-d4d1-454d-bf0c-88a180692893#0:FAIL-t284] and 0 exception(s); 4b487190-7547-40c7-b780-43c37a89e8eb@group-BAC069DAEF17:t284, leader=null, voted=4b487190-7547-40c7-b780-43c37a89e8eb, raftlog=4b487190-7547-40c7-b780-43c37a89e8eb@group-BAC069DAEF17-SegmentedRaftLog:OPENED:c-1,f-1,i0, conf=-1: [6fa005cd-25d6-4e29-bda6-9462a060c098:192.168.69.67:36093, 4b487190-7547-40c7-b780-43c37a89e8eb:192.168.69.67:39683, 3d3aac8b-d4d1-454d-bf0c-88a180692893:192.168.69.67:34429], old=null
2019-10-18 07:54:36,673 [4b487190-7547-40c7-b780-43c37a89e8eb@group-BAC069DAEF17-LeaderElection269] INFO  impl.RaftServerImpl (RaftServerImpl.java:setRole(184)) - 4b487190-7547-40c7-b780-43c37a89e8eb@group-BAC069DAEF17: changes role from CANDIDATE to FOLLOWER at term 284 for DISCOVERED_A_NEW_TERM
2019-10-18 07:54:36,674 [4b487190-7547-40c7-b780-43c37a89e8eb@group-BAC069DAEF17-LeaderElection269] INFO  impl.RoleInfo (RoleInfo.java:shutdownLeaderElection(134)) - 4b487190-7547-40c7-b780-43c37a89e8eb: shutdown LeaderElection
2019-10-18 07:54:36,674 [4b487190-7547-40c7-b780-43c37a89e8eb@group-BAC069DAEF17-LeaderElection269] INFO  impl.RoleInfo (RoleInfo.java:updateAndGet(143)) - 4b487190-7547-40c7-b780-43c37a89e8eb: start FollowerState
2019-10-18 07:54:36,717 [Thread-2088] INFO  impl.FollowerState (FollowerState.java:run(108)) - 4b487190-7547-40c7-b780-43c37a89e8eb@group-BAC069DAEF17-FollowerState: change to CANDIDATE, lastRpcTime:43ms, electionTimeout:43ms
2019-10-18 07:54:36,717 [Thread-2088] INFO  impl.RoleInfo (RoleInfo.java:shutdownFollowerState(121)) - 4b487190-7547-40c7-b780-43c37a89e8eb: shutdown FollowerState
2019-10-18 07:54:36,718 [Thread-2088] INFO  impl.RaftServerImpl (RaftServerImpl.java:setRole(184)) - 4b487190-7547-40c7-b780-43c37a89e8eb@group-BAC069DAEF17: changes role from  FOLLOWER to CANDIDATE at term 284 for changeToCandidate
2019-10-18 07:54:36,718 [Thread-2088] INFO  impl.RoleInfo (RoleInfo.java:updateAndGet(143)) - 4b487190-7547-40c7-b780-43c37a89e8eb: start LeaderElection
2019-10-18 07:54:36,731 [4b487190-7547-40c7-b780-43c37a89e8eb@group-BAC069DAEF17-LeaderElection270] INFO  impl.LeaderElection (LeaderElection.java:askForVotes(178)) - 4b487190-7547-40c7-b780-43c37a89e8eb@group-BAC069DAEF17-LeaderElection270: begin an election at term 285 for -1: [6fa005cd-25d6-4e29-bda6-9462a060c098:192.168.69.67:36093, 4b487190-7547-40c7-b780-43c37a89e8eb:192.168.69.67:39683, 3d3aac8b-d4d1-454d-bf0c-88a180692893:192.168.69.67:34429], old=null
2019-10-18 07:54:36,733 [grpc-default-executor-6] INFO  impl.RaftServerImpl (RaftServerImpl.java:setRole(184)) - 6fa005cd-25d6-4e29-bda6-9462a060c098@group-BAC069DAEF17: changes role from  FOLLOWER to FOLLOWER at term 285 for recognizeCandidate:4b487190-7547-40c7-b780-43c37a89e8eb
2019-10-18 07:54:36,733 [grpc-default-executor-6] INFO  impl.RoleInfo (RoleInfo.java:shutdownFollowerState(121)) - 6fa005cd-25d6-4e29-bda6-9462a060c098: shutdown FollowerState
2019-10-18 07:54:36,733 [grpc-default-executor-0] INFO  impl.RaftServerImpl (RaftServerImpl.java:setRole(184)) - 3d3aac8b-d4d1-454d-bf0c-88a180692893@group-BAC069DAEF17: changes role from  FOLLOWER to FOLLOWER at term 285 for recognizeCandidate:4b487190-7547-40c7-b780-43c37a89e8eb
2019-10-18 07:54:36,733 [Thread-2086] INFO  impl.FollowerState (FollowerState.java:run(117)) - 6fa005cd-25d6-4e29-bda6-9462a060c098@group-BAC069DAEF17-FollowerState was interrupted: java.lang.InterruptedException: sleep interrupted
2019-10-18 07:54:36,733 [grpc-default-executor-6] INFO  impl.RoleInfo (RoleInfo.java:updateAndGet(143)) - 6fa005cd-25d6-4e29-bda6-9462a060c098: start FollowerState
2019-10-18 07:54:36,733 [grpc-default-executor-0] INFO  impl.RoleInfo (RoleInfo.java:shutdownFollowerState(121)) - 3d3aac8b-d4d1-454d-bf0c-88a180692893: shutdown FollowerState
2019-10-18 07:54:36,734 [grpc-default-executor-0] INFO  impl.RoleInfo (RoleInfo.java:updateAndGet(143)) - 3d3aac8b-d4d1-454d-bf0c-88a180692893: start FollowerState
2019-10-18 07:54:36,734 [Thread-2087] INFO  impl.FollowerState (FollowerState.java:run(117)) - 3d3aac8b-d4d1-454d-bf0c-88a180692893@group-BAC069DAEF17-FollowerState was interrupted: java.lang.InterruptedException: sleep interrupted
2019-10-18 07:54:36,748 [4b487190-7547-40c7-b780-43c37a89e8eb@group-BAC069DAEF17-LeaderElection270] INFO  impl.LeaderElection (LeaderElection.java:logAndReturn(56)) - 4b487190-7547-40c7-b780-43c37a89e8eb@group-BAC069DAEF17-LeaderElection270: Election REJECTED; received 2 response(s) [4b487190-7547-40c7-b780-43c37a89e8eb<-6fa005cd-25d6-4e29-bda6-9462a060c098#0:FAIL-t285, 4b487190-7547-40c7-b780-43c37a89e8eb<-3d3aac8b-d4d1-454d-bf0c-88a180692893#0:FAIL-t285] and 0 exception(s); 4b487190-7547-40c7-b780-43c37a89e8eb@group-BAC069DAEF17:t285, leader=null, voted=4b487190-7547-40c7-b780-43c37a89e8eb, raftlog=4b487190-7547-40c7-b780-43c37a89e8eb@group-BAC069DAEF17-SegmentedRaftLog:OPENED:c-1,f-1,i0, conf=-1: [6fa005cd-25d6-4e29-bda6-9462a060c098:192.168.69.67:36093, 4b487190-7547-40c7-b780-43c37a89e8eb:192.168.69.67:39683, 3d3aac8b-d4d1-454d-bf0c-88a180692893:192.168.69.67:34429], old=null
2019-10-18 07:54:36,748 [4b487190-7547-40c7-b780-43c37a89e8eb@group-BAC069DAEF17-LeaderElection270] INFO  impl.RaftServerImpl (RaftServerImpl.java:setRole(184)) - 4b487190-7547-40c7-b780-43c37a89e8eb@group-BAC069DAEF17: changes role from CANDIDATE to FOLLOWER at term 285 for DISCOVERED_A_NEW_TERM
2019-10-18 07:54:36,748 [4b487190-7547-40c7-b780-43c37a89e8eb@group-BAC069DAEF17-LeaderElection270] INFO  impl.RoleInfo (RoleInfo.java:shutdownLeaderElection(134)) - 4b487190-7547-40c7-b780-43c37a89e8eb: shutdown LeaderElection
2019-10-18 07:54:36,748 [4b487190-7547-40c7-b780-43c37a89e8eb@group-BAC069DAEF17-LeaderElection270] INFO  impl.RoleInfo (RoleInfo.java:updateAndGet(143)) - 4b487190-7547-40c7-b780-43c37a89e8eb: start FollowerState
2019-10-18 07:54:36,859 [Thread-2094] INFO  impl.FollowerState (FollowerState.java:run(108)) - 4b487190-7547-40c7-b780-43c37a89e8eb@group-BAC069DAEF17-FollowerState: change to CANDIDATE, lastRpcTime:110ms, electionTimeout:110ms
2019-10-18 07:54:36,859 [Thread-2094] INFO  impl.RoleInfo (RoleInfo.java:shutdownFollowerState(121)) - 4b487190-7547-40c7-b780-43c37a89e8eb: shutdown FollowerState
2019-10-18 07:54:36,859 [Thread-2094] INFO  impl.RaftServerImpl (RaftServerImpl.java:setRole(184)) - 4b487190-7547-40c7-b780-43c37a89e8eb@group-BAC069DAEF17: changes role from  FOLLOWER to CANDIDATE at term 285 for changeToCandidate
2019-10-18 07:54:36,859 [Thread-2094] INFO  impl.RoleInfo (RoleInfo.java:updateAndGet(143)) - 4b487190-7547-40c7-b780-43c37a89e8eb: start LeaderElection
2019-10-18 07:54:36,873 [4b487190-7547-40c7-b780-43c37a89e8eb@group-BAC069DAEF17-LeaderElection271] INFO  impl.LeaderElection (LeaderElection.java:askForVotes(178)) - 4b487190-7547-40c7-b780-43c37a89e8eb@group-BAC069DAEF17-LeaderElection271: begin an election at term 286 for -1: [6fa005cd-25d6-4e29-bda6-9462a060c098:192.168.69.67:36093, 4b487190-7547-40c7-b780-43c37a89e8eb:192.168.69.67:39683, 3d3aac8b-d4d1-454d-bf0c-88a180692893:192.168.69.67:34429], old=null
2019-10-18 07:54:36,875 [grpc-default-executor-6] INFO  impl.RaftServerImpl (RaftServerImpl.java:setRole(184)) - 6fa005cd-25d6-4e29-bda6-9462a060c098@group-BAC069DAEF17: changes role from  FOLLOWER to FOLLOWER at term 286 for recognizeCandidate:4b487190-7547-40c7-b780-43c37a89e8eb
2019-10-18 07:54:36,875 [grpc-default-executor-6] INFO  impl.RoleInfo (RoleInfo.java:shutdownFollowerState(121)) - 6fa005cd-25d6-4e29-bda6-9462a060c098: shutdown FollowerState
2019-10-18 07:54:36,875 [grpc-default-executor-0] INFO  impl.RaftServerImpl (RaftServerImpl.java:setRole(184)) - 3d3aac8b-d4d1-454d-bf0c-88a180692893@group-BAC069DAEF17: changes role from  FOLLOWER to FOLLOWER at term 286 for recognizeCandidate:4b487190-7547-40c7-b780-43c37a89e8eb
2019-10-18 07:54:36,876 [grpc-default-executor-0] INFO  impl.RoleInfo (RoleInfo.java:shutdownFollowerState(121)) - 3d3aac8b-d4d1-454d-bf0c-88a180692893: shutdown FollowerState
2019-10-18 07:54:36,876 [Thread-2092] INFO  impl.FollowerState (FollowerState.java:run(117)) - 6fa005cd-25d6-4e29-bda6-9462a060c098@group-BAC069DAEF17-FollowerState was interrupted: java.lang.InterruptedException: sleep interrupted
2019-10-18 07:54:36,875 [grpc-default-executor-6] INFO  impl.RoleInfo (RoleInfo.java:updateAndGet(143)) - 6fa005cd-25d6-4e29-bda6-9462a060c098: start FollowerState
2019-10-18 07:54:36,876 [grpc-default-executor-0] INFO  impl.RoleInfo (RoleInfo.java:updateAndGet(143)) - 3d3aac8b-d4d1-454d-bf0c-88a180692893: start FollowerState
2019-10-18 07:54:36,876 [Thread-2093] INFO  impl.FollowerState (FollowerState.java:run(117)) - 3d3aac8b-d4d1-454d-bf0c-88a180692893@group-BAC069DAEF17-FollowerState was interrupted: java.lang.InterruptedException: sleep interrupted
2019-10-18 07:54:36,890 [4b487190-7547-40c7-b780-43c37a89e8eb@group-BAC069DAEF17-LeaderElection271] INFO  impl.LeaderElection (LeaderElection.java:logAndReturn(56)) - 4b487190-7547-40c7-b780-43c37a89e8eb@group-BAC069DAEF17-LeaderElection271: Election REJECTED; received 2 response(s) [4b487190-7547-40c7-b780-43c37a89e8eb<-6fa005cd-25d6-4e29-bda6-9462a060c098#0:FAIL-t286, 4b487190-7547-40c7-b780-43c37a89e8eb<-3d3aac8b-d4d1-454d-bf0c-88a180692893#0:FAIL-t286] and 0 exception(s); 4b487190-7547-40c7-b780-43c37a89e8eb@group-BAC069DAEF17:t286, leader=null, voted=4b487190-7547-40c7-b780-43c37a89e8eb, raftlog=4b487190-7547-40c7-b780-43c37a89e8eb@group-BAC069DAEF17-SegmentedRaftLog:OPENED:c-1,f-1,i0, conf=-1: [6fa005cd-25d6-4e29-bda6-9462a060c098:192.168.69.67:36093, 4b487190-7547-40c7-b780-43c37a89e8eb:192.168.69.67:39683, 3d3aac8b-d4d1-454d-bf0c-88a180692893:192.168.69.67:34429], old=null
2019-10-18 07:54:36,890 [4b487190-7547-40c7-b780-43c37a89e8eb@group-BAC069DAEF17-LeaderElection271] INFO  impl.RaftServerImpl (RaftServerImpl.java:setRole(184)) - 4b487190-7547-40c7-b780-43c37a89e8eb@group-BAC069DAEF17: changes role from CANDIDATE to FOLLOWER at term 286 for DISCOVERED_A_NEW_TERM
2019-10-18 07:54:36,891 [4b487190-7547-40c7-b780-43c37a89e8eb@group-BAC069DAEF17-LeaderElection271] INFO  impl.RoleInfo (RoleInfo.java:shutdownLeaderElection(134)) - 4b487190-7547-40c7-b780-43c37a89e8eb: shutdown LeaderElection
2019-10-18 07:54:36,891 [4b487190-7547-40c7-b780-43c37a89e8eb@group-BAC069DAEF17-LeaderElection271] INFO  impl.RoleInfo (RoleInfo.java:updateAndGet(143)) - 4b487190-7547-40c7-b780-43c37a89e8eb: start FollowerState
2019-10-18 07:54:36,951 [Thread-2100] INFO  impl.FollowerState (FollowerState.java:run(108)) - 4b487190-7547-40c7-b780-43c37a89e8eb@group-BAC069DAEF17-FollowerState: change to CANDIDATE, lastRpcTime:60ms, electionTimeout:60ms
2019-10-18 07:54:36,951 [Thread-2100] INFO  impl.RoleInfo (RoleInfo.java:shutdownFollowerState(121)) - 4b487190-7547-40c7-b780-43c37a89e8eb: shutdown FollowerState
2019-10-18 07:54:36,951 [Thread-2100] INFO  impl.RaftServerImpl (RaftServerImpl.java:setRole(184)) - 4b487190-7547-40c7-b780-43c37a89e8eb@group-BAC069DAEF17: changes role from  FOLLOWER to CANDIDATE at term 286 for changeToCandidate
2019-10-18 07:54:36,952 [Thread-2100] INFO  impl.RoleInfo (RoleInfo.java:updateAndGet(143)) - 4b487190-7547-40c7-b780-43c37a89e8eb: start LeaderElection
2019-10-18 07:54:36,966 [4b487190-7547-40c7-b780-43c37a89e8eb@group-BAC069DAEF17-LeaderElection272] INFO  impl.LeaderElection (LeaderElection.java:askForVotes(178)) - 4b487190-7547-40c7-b780-43c37a89e8eb@group-BAC069DAEF17-LeaderElection272: begin an election at term 287 for -1: [6fa005cd-25d6-4e29-bda6-9462a060c098:192.168.69.67:36093, 4b487190-7547-40c7-b780-43c37a89e8eb:192.168.69.67:39683, 3d3aac8b-d4d1-454d-bf0c-88a180692893:192.168.69.67:34429], old=null
2019-10-18 07:54:36,968 [grpc-default-executor-0] INFO  impl.RaftServerImpl (RaftServerImpl.java:setRole(184)) - 6fa005cd-25d6-4e29-bda6-9462a060c098@group-BAC069DAEF17: changes role from  FOLLOWER to FOLLOWER at term 287 for recognizeCandidate:4b487190-7547-40c7-b780-43c37a89e8eb
2019-10-18 07:54:36,968 [grpc-default-executor-0] INFO  impl.RoleInfo (RoleInfo.java:shutdownFollowerState(121)) - 6fa005cd-25d6-4e29-bda6-9462a060c098: shutdown FollowerState
2019-10-18 07:54:36,968 [grpc-default-executor-0] INFO  impl.RoleInfo (RoleInfo.java:updateAndGet(143)) - 6fa005cd-25d6-4e29-bda6-9462a060c098: start FollowerState
2019-10-18 07:54:36,968 [grpc-default-executor-6] INFO  impl.RaftServerImpl (RaftServerImpl.java:setRole(184)) - 3d3aac8b-d4d1-454d-bf0c-88a180692893@group-BAC069DAEF17: changes role from  FOLLOWER to FOLLOWER at term 287 for recognizeCandidate:4b487190-7547-40c7-b780-43c37a89e8eb
2019-10-18 07:54:36,969 [grpc-default-executor-6] INFO  impl.RoleInfo (RoleInfo.java:shutdownFollowerState(121)) - 3d3aac8b-d4d1-454d-bf0c-88a180692893: shutdown FollowerState
2019-10-18 07:54:36,968 [Thread-2098] INFO  impl.FollowerState (FollowerState.java:run(117)) - 6fa005cd-25d6-4e29-bda6-9462a060c098@group-BAC069DAEF17-FollowerState was interrupted: java.lang.InterruptedException: sleep interrupted
2019-10-18 07:54:36,969 [Thread-2099] INFO  impl.FollowerState (FollowerState.java:run(117)) - 3d3aac8b-d4d1-454d-bf0c-88a180692893@group-BAC069DAEF17-FollowerState was interrupted: java.lang.InterruptedException: sleep interrupted
2019-10-18 07:54:36,969 [grpc-default-executor-6] INFO  impl.RoleInfo (RoleInfo.java:updateAndGet(143)) - 3d3aac8b-d4d1-454d-bf0c-88a180692893: start FollowerState
2019-10-18 07:54:36,983 [4b487190-7547-40c7-b780-43c37a89e8eb@group-BAC069DAEF17-LeaderElection272] INFO  impl.LeaderElection (LeaderElection.java:logAndReturn(56)) - 4b487190-7547-40c7-b780-43c37a89e8eb@group-BAC069DAEF17-LeaderElection272: Election REJECTED; received 2 response(s) [4b487190-7547-40c7-b780-43c37a89e8eb<-6fa005cd-25d6-4e29-bda6-9462a060c098#0:FAIL-t287, 4b487190-7547-40c7-b780-43c37a89e8eb<-3d3aac8b-d4d1-454d-bf0c-88a180692893#0:FAIL-t287] and 0 exception(s); 4b487190-7547-40c7-b780-43c37a89e8eb@group-BAC069DAEF17:t287, leader=null, voted=4b487190-7547-40c7-b780-43c37a89e8eb, raftlog=4b487190-7547-40c7-b780-43c37a89e8eb@group-BAC069DAEF17-SegmentedRaftLog:OPENED:c-1,f-1,i0, conf=-1: [6fa005cd-25d6-4e29-bda6-9462a060c098:192.168.69.67:36093, 4b487190-7547-40c7-b780-43c37a89e8eb:192.168.69.67:39683, 3d3aac8b-d4d1-454d-bf0c-88a180692893:192.168.69.67:34429], old=null
2019-10-18 07:54:36,983 [4b487190-7547-40c7-b780-43c37a89e8eb@group-BAC069DAEF17-LeaderElection272] INFO  impl.RaftServerImpl (RaftServerImpl.java:setRole(184)) - 4b487190-7547-40c7-b780-43c37a89e8eb@group-BAC069DAEF17: changes role from CANDIDATE to FOLLOWER at term 287 for DISCOVERED_A_NEW_TERM
2019-10-18 07:54:36,983 [4b487190-7547-40c7-b780-43c37a89e8eb@group-BAC069DAEF17-LeaderElection272] INFO  impl.RoleInfo (RoleInfo.java:shutdownLeaderElection(134)) - 4b487190-7547-40c7-b780-43c37a89e8eb: shutdown LeaderElection
2019-10-18 07:54:36,983 [4b487190-7547-40c7-b780-43c37a89e8eb@group-BAC069DAEF17-LeaderElection272] INFO  impl.RoleInfo (RoleInfo.java:updateAndGet(143)) - 4b487190-7547-40c7-b780-43c37a89e8eb: start FollowerState
2019-10-18 07:54:37,125 [Thread-2106] INFO  impl.FollowerState (FollowerState.java:run(108)) - 4b487190-7547-40c7-b780-43c37a89e8eb@group-BAC069DAEF17-FollowerState: change to CANDIDATE, lastRpcTime:141ms, electionTimeout:141ms
2019-10-18 07:54:37,125 [Thread-2106] INFO  impl.RoleInfo (RoleInfo.java:shutdownFollowerState(121)) - 4b487190-7547-40c7-b780-43c37a89e8eb: shutdown FollowerState
2019-10-18 07:54:37,125 [Thread-2106] INFO  impl.RaftServerImpl (RaftServerImpl.java:setRole(184)) - 4b487190-7547-40c7-b780-43c37a89e8eb@group-BAC069DAEF17: changes role from  FOLLOWER to CANDIDATE at term 287 for changeToCandidate
2019-10-18 07:54:37,125 [Thread-2106] INFO  impl.RoleInfo (RoleInfo.java:updateAndGet(143)) - 4b487190-7547-40c7-b780-43c37a89e8eb: start LeaderElection
2019-10-18 07:54:37,151 [4b487190-7547-40c7-b780-43c37a89e8eb@group-BAC069DAEF17-LeaderElection273] INFO  impl.LeaderElection (LeaderElection.java:askForVotes(178)) - 4b487190-7547-40c7-b780-43c37a89e8eb@group-BAC069DAEF17-LeaderElection273: begin an election at term 288 for -1: [6fa005cd-25d6-4e29-bda6-9462a060c098:192.168.69.67:36093, 4b487190-7547-40c7-b780-43c37a89e8eb:192.168.69.67:39683, 3d3aac8b-d4d1-454d-bf0c-88a180692893:192.168.69.67:34429], old=null
2019-10-18 07:54:37,153 [grpc-default-executor-0] INFO  impl.RaftServerImpl (RaftServerImpl.java:setRole(184)) - 6fa005cd-25d6-4e29-bda6-9462a060c098@group-BAC069DAEF17: changes role from  FOLLOWER to FOLLOWER at term 288 for recognizeCandidate:4b487190-7547-40c7-b780-43c37a89e8eb
2019-10-18 07:54:37,153 [grpc-default-executor-0] INFO  impl.RoleInfo (RoleInfo.java:shutdownFollowerState(121)) - 6fa005cd-25d6-4e29-bda6-9462a060c098: shutdown FollowerState
2019-10-18 07:54:37,153 [grpc-default-executor-6] INFO  impl.RaftServerImpl (RaftServerImpl.java:setRole(184)) - 3d3aac8b-d4d1-454d-bf0c-88a180692893@group-BAC069DAEF17: changes role from  FOLLOWER to FOLLOWER at term 288 for recognizeCandidate:4b487190-7547-40c7-b780-43c37a89e8eb
2019-10-18 07:54:37,153 [grpc-default-executor-0] INFO  impl.RoleInfo (RoleInfo.java:updateAndGet(143)) - 6fa005cd-25d6-4e29-bda6-9462a060c098: start FollowerState
2019-10-18 07:54:37,153 [Thread-2104] INFO  impl.FollowerState (FollowerState.java:run(117)) - 6fa005cd-25d6-4e29-bda6-9462a060c098@group-BAC069DAEF17-FollowerState was interrupted: java.lang.InterruptedException: sleep interrupted
2019-10-18 07:54:37,153 [grpc-default-executor-6] INFO  impl.RoleInfo (RoleInfo.java:shutdownFollowerState(121)) - 3d3aac8b-d4d1-454d-bf0c-88a180692893: shutdown FollowerState
2019-10-18 07:54:37,154 [grpc-default-executor-6] INFO  impl.RoleInfo (RoleInfo.java:updateAndGet(143)) - 3d3aac8b-d4d1-454d-bf0c-88a180692893: start FollowerState
2019-10-18 07:54:37,154 [Thread-2105] INFO  impl.FollowerState (FollowerState.java:run(117)) - 3d3aac8b-d4d1-454d-bf0c-88a180692893@group-BAC069DAEF17-FollowerState was interrupted: java.lang.InterruptedException: sleep interrupted
2019-10-18 07:54:37,171 [4b487190-7547-40c7-b780-43c37a89e8eb@group-BAC069DAEF17-LeaderElection273] INFO  impl.LeaderElection (LeaderElection.java:logAndReturn(56)) - 4b487190-7547-40c7-b780-43c37a89e8eb@group-BAC069DAEF17-LeaderElection273: Election REJECTED; received 2 response(s) [4b487190-7547-40c7-b780-43c37a89e8eb<-6fa005cd-25d6-4e29-bda6-9462a060c098#0:FAIL-t288, 4b487190-7547-40c7-b780-43c37a89e8eb<-3d3aac8b-d4d1-454d-bf0c-88a180692893#0:FAIL-t288] and 0 exception(s); 4b487190-7547-40c7-b780-43c37a89e8eb@group-BAC069DAEF17:t288, leader=null, voted=4b487190-7547-40c7-b780-43c37a89e8eb, raftlog=4b487190-7547-40c7-b780-43c37a89e8eb@group-BAC069DAEF17-SegmentedRaftLog:OPENED:c-1,f-1,i0, conf=-1: [6fa005cd-25d6-4e29-bda6-9462a060c098:192.168.69.67:36093, 4b487190-7547-40c7-b780-43c37a89e8eb:192.168.69.67:39683, 3d3aac8b-d4d1-454d-bf0c-88a180692893:192.168.69.67:34429], old=null
2019-10-18 07:54:37,171 [4b487190-7547-40c7-b780-43c37a89e8eb@group-BAC069DAEF17-LeaderElection273] INFO  impl.RaftServerImpl (RaftServerImpl.java:setRole(184)) - 4b487190-7547-40c7-b780-43c37a89e8eb@group-BAC069DAEF17: changes role from CANDIDATE to FOLLOWER at term 288 for DISCOVERED_A_NEW_TERM
2019-10-18 07:54:37,171 [4b487190-7547-40c7-b780-43c37a89e8eb@group-BAC069DAEF17-LeaderElection273] INFO  impl.RoleInfo (RoleInfo.java:shutdownLeaderElection(134)) - 4b487190-7547-40c7-b780-43c37a89e8eb: shutdown LeaderElection
2019-10-18 07:54:37,171 [4b487190-7547-40c7-b780-43c37a89e8eb@group-BAC069DAEF17-LeaderElection273] INFO  impl.RoleInfo (RoleInfo.java:updateAndGet(143)) - 4b487190-7547-40c7-b780-43c37a89e8eb: start FollowerState
2019-10-18 07:54:37,316 [Thread-2112] INFO  impl.FollowerState (FollowerState.java:run(108)) - 4b487190-7547-40c7-b780-43c37a89e8eb@group-BAC069DAEF17-FollowerState: change to CANDIDATE, lastRpcTime:144ms, electionTimeout:144ms
2019-10-18 07:54:37,316 [Thread-2112] INFO  impl.RoleInfo (RoleInfo.java:shutdownFollowerState(121)) - 4b487190-7547-40c7-b780-43c37a89e8eb: shutdown FollowerState
2019-10-18 07:54:37,316 [Thread-2112] INFO  impl.RaftServerImpl (RaftServerImpl.java:setRole(184)) - 4b487190-7547-40c7-b780-43c37a89e8eb@group-BAC069DAEF17: changes role from  FOLLOWER to CANDIDATE at term 288 for changeToCandidate
2019-10-18 07:54:37,316 [Thread-2112] INFO  impl.RoleInfo (RoleInfo.java:updateAndGet(143)) - 4b487190-7547-40c7-b780-43c37a89e8eb: start LeaderElection
2019-10-18 07:54:37,330 [4b487190-7547-40c7-b780-43c37a89e8eb@group-BAC069DAEF17-LeaderElection274] INFO  impl.LeaderElection (LeaderElection.java:askForVotes(178)) - 4b487190-7547-40c7-b780-43c37a89e8eb@group-BAC069DAEF17-LeaderElection274: begin an election at term 289 for -1: [6fa005cd-25d6-4e29-bda6-9462a060c098:192.168.69.67:36093, 4b487190-7547-40c7-b780-43c37a89e8eb:192.168.69.67:39683, 3d3aac8b-d4d1-454d-bf0c-88a180692893:192.168.69.67:34429], old=null
2019-10-18 07:54:37,332 [grpc-default-executor-0] INFO  impl.RaftServerImpl (RaftServerImpl.java:setRole(184)) - 6fa005cd-25d6-4e29-bda6-9462a060c098@group-BAC069DAEF17: changes role from  FOLLOWER to FOLLOWER at term 289 for recognizeCandidate:4b487190-7547-40c7-b780-43c37a89e8eb
2019-10-18 07:54:37,333 [grpc-default-executor-0] INFO  impl.RoleInfo (RoleInfo.java:shutdownFollowerState(121)) - 6fa005cd-25d6-4e29-bda6-9462a060c098: shutdown FollowerState
2019-10-18 07:54:37,332 [grpc-default-executor-6] INFO  impl.RaftServerImpl (RaftServerImpl.java:setRole(184)) - 3d3aac8b-d4d1-454d-bf0c-88a180692893@group-BAC069DAEF17: changes role from  FOLLOWER to FOLLOWER at term 289 for recognizeCandidate:4b487190-7547-40c7-b780-43c37a89e8eb
2019-10-18 07:54:37,333 [Thread-2110] INFO  impl.FollowerState (FollowerState.java:run(117)) - 6fa005cd-25d6-4e29-bda6-9462a060c098@group-BAC069DAEF17-FollowerState was interrupted: java.lang.InterruptedException: sleep interrupted
2019-10-18 07:54:37,333 [grpc-default-executor-0] INFO  impl.RoleInfo (RoleInfo.java:updateAndGet(143)) - 6fa005cd-25d6-4e29-bda6-9462a060c098: start FollowerState
2019-10-18 07:54:37,333 [grpc-default-executor-6] INFO  impl.RoleInfo (RoleInfo.java:shutdownFollowerState(121)) - 3d3aac8b-d4d1-454d-bf0c-88a180692893: shutdown FollowerState
2019-10-18 07:54:37,333 [grpc-default-executor-6] INFO  impl.RoleInfo (RoleInfo.java:updateAndGet(143)) - 3d3aac8b-d4d1-454d-bf0c-88a180692893: start FollowerState
2019-10-18 07:54:37,334 [Thread-2111] INFO  impl.FollowerState (FollowerState.java:run(117)) - 3d3aac8b-d4d1-454d-bf0c-88a180692893@group-BAC069DAEF17-FollowerState was interrupted: java.lang.InterruptedException: sleep interrupted
2019-10-18 07:54:37,347 [4b487190-7547-40c7-b780-43c37a89e8eb@group-BAC069DAEF17-LeaderElection274] INFO  impl.LeaderElection (LeaderElection.java:logAndReturn(56)) - 4b487190-7547-40c7-b780-43c37a89e8eb@group-BAC069DAEF17-LeaderElection274: Election REJECTED; received 2 response(s) [4b487190-7547-40c7-b780-43c37a89e8eb<-6fa005cd-25d6-4e29-bda6-9462a060c098#0:FAIL-t289, 4b487190-7547-40c7-b780-43c37a89e8eb<-3d3aac8b-d4d1-454d-bf0c-88a180692893#0:FAIL-t289] and 0 exception(s); 4b487190-7547-40c7-b780-43c37a89e8eb@group-BAC069DAEF17:t289, leader=null, voted=4b487190-7547-40c7-b780-43c37a89e8eb, raftlog=4b487190-7547-40c7-b780-43c37a89e8eb@group-BAC069DAEF17-SegmentedRaftLog:OPENED:c-1,f-1,i0, conf=-1: [6fa005cd-25d6-4e29-bda6-9462a060c098:192.168.69.67:36093, 4b487190-7547-40c7-b780-43c37a89e8eb:192.168.69.67:39683, 3d3aac8b-d4d1-454d-bf0c-88a180692893:192.168.69.67:34429], old=null
2019-10-18 07:54:37,347 [4b487190-7547-40c7-b780-43c37a89e8eb@group-BAC069DAEF17-LeaderElection274] INFO  impl.RaftServerImpl (RaftServerImpl.java:setRole(184)) - 4b487190-7547-40c7-b780-43c37a89e8eb@group-BAC069DAEF17: changes role from CANDIDATE to FOLLOWER at term 289 for DISCOVERED_A_NEW_TERM
2019-10-18 07:54:37,348 [4b487190-7547-40c7-b780-43c37a89e8eb@group-BAC069DAEF17-LeaderElection274] INFO  impl.RoleInfo (RoleInfo.java:shutdownLeaderElection(134)) - 4b487190-7547-40c7-b780-43c37a89e8eb: shutdown LeaderElection
2019-10-18 07:54:37,348 [4b487190-7547-40c7-b780-43c37a89e8eb@group-BAC069DAEF17-LeaderElection274] INFO  impl.RoleInfo (RoleInfo.java:updateAndGet(143)) - 4b487190-7547-40c7-b780-43c37a89e8eb: start FollowerState
2019-10-18 07:54:37,452 [Thread-2118] INFO  impl.FollowerState (FollowerState.java:run(108)) - 4b487190-7547-40c7-b780-43c37a89e8eb@group-BAC069DAEF17-FollowerState: change to CANDIDATE, lastRpcTime:104ms, electionTimeout:104ms
2019-10-18 07:54:37,452 [Thread-2118] INFO  impl.RoleInfo (RoleInfo.java:shutdownFollowerState(121)) - 4b487190-7547-40c7-b780-43c37a89e8eb: shutdown FollowerState
2019-10-18 07:54:37,453 [Thread-2118] INFO  impl.RaftServerImpl (RaftServerImpl.java:setRole(184)) - 4b487190-7547-40c7-b780-43c37a89e8eb@group-BAC069DAEF17: changes role from  FOLLOWER to CANDIDATE at term 289 for changeToCandidate
2019-10-18 07:54:37,453 [Thread-2118] INFO  impl.RoleInfo (RoleInfo.java:updateAndGet(143)) - 4b487190-7547-40c7-b780-43c37a89e8eb: start LeaderElection
2019-10-18 07:54:37,478 [4b487190-7547-40c7-b780-43c37a89e8eb@group-BAC069DAEF17-LeaderElection275] INFO  impl.LeaderElection (LeaderElection.java:askForVotes(178)) - 4b487190-7547-40c7-b780-43c37a89e8eb@group-BAC069DAEF17-LeaderElection275: begin an election at term 290 for -1: [6fa005cd-25d6-4e29-bda6-9462a060c098:192.168.69.67:36093, 4b487190-7547-40c7-b780-43c37a89e8eb:192.168.69.67:39683, 3d3aac8b-d4d1-454d-bf0c-88a180692893:192.168.69.67:34429], old=null
2019-10-18 07:54:37,480 [grpc-default-executor-0] INFO  impl.RaftServerImpl (RaftServerImpl.java:setRole(184)) - 3d3aac8b-d4d1-454d-bf0c-88a180692893@group-BAC069DAEF17: changes role from  FOLLOWER to FOLLOWER at term 290 for recognizeCandidate:4b487190-7547-40c7-b780-43c37a89e8eb
2019-10-18 07:54:37,480 [grpc-default-executor-0] INFO  impl.RoleInfo (RoleInfo.java:shutdownFollowerState(121)) - 3d3aac8b-d4d1-454d-bf0c-88a180692893: shutdown FollowerState
2019-10-18 07:54:37,480 [grpc-default-executor-6] INFO  impl.RaftServerImpl (RaftServerImpl.java:setRole(184)) - 6fa005cd-25d6-4e29-bda6-9462a060c098@group-BAC069DAEF17: changes role from  FOLLOWER to FOLLOWER at term 290 for recognizeCandidate:4b487190-7547-40c7-b780-43c37a89e8eb
2019-10-18 07:54:37,481 [grpc-default-executor-6] INFO  impl.RoleInfo (RoleInfo.java:shutdownFollowerState(121)) - 6fa005cd-25d6-4e29-bda6-9462a060c098: shutdown FollowerState
2019-10-18 07:54:37,481 [Thread-2117] INFO  impl.FollowerState (FollowerState.java:run(117)) - 3d3aac8b-d4d1-454d-bf0c-88a180692893@group-BAC069DAEF17-FollowerState was interrupted: java.lang.InterruptedException: sleep interrupted
2019-10-18 07:54:37,480 [grpc-default-executor-0] INFO  impl.RoleInfo (RoleInfo.java:updateAndGet(143)) - 3d3aac8b-d4d1-454d-bf0c-88a180692893: start FollowerState
2019-10-18 07:54:37,481 [Thread-2116] INFO  impl.FollowerState (FollowerState.java:run(117)) - 6fa005cd-25d6-4e29-bda6-9462a060c098@group-BAC069DAEF17-FollowerState was interrupted: java.lang.InterruptedException: sleep interrupted
2019-10-18 07:54:37,481 [grpc-default-executor-6] INFO  impl.RoleInfo (RoleInfo.java:updateAndGet(143)) - 6fa005cd-25d6-4e29-bda6-9462a060c098: start FollowerState
2019-10-18 07:54:37,496 [4b487190-7547-40c7-b780-43c37a89e8eb@group-BAC069DAEF17-LeaderElection275] INFO  impl.LeaderElection (LeaderElection.java:logAndReturn(56)) - 4b487190-7547-40c7-b780-43c37a89e8eb@group-BAC069DAEF17-LeaderElection275: Election REJECTED; received 2 response(s) [4b487190-7547-40c7-b780-43c37a89e8eb<-6fa005cd-25d6-4e29-bda6-9462a060c098#0:FAIL-t290, 4b487190-7547-40c7-b780-43c37a89e8eb<-3d3aac8b-d4d1-454d-bf0c-88a180692893#0:FAIL-t290] and 0 exception(s); 4b487190-7547-40c7-b780-43c37a89e8eb@group-BAC069DAEF17:t290, leader=null, voted=4b487190-7547-40c7-b780-43c37a89e8eb, raftlog=4b487190-7547-40c7-b780-43c37a89e8eb@group-BAC069DAEF17-SegmentedRaftLog:OPENED:c-1,f-1,i0, conf=-1: [6fa005cd-25d6-4e29-bda6-9462a060c098:192.168.69.67:36093, 4b487190-7547-40c7-b780-43c37a89e8eb:192.168.69.67:39683, 3d3aac8b-d4d1-454d-bf0c-88a180692893:192.168.69.67:34429], old=null
2019-10-18 07:54:37,496 [4b487190-7547-40c7-b780-43c37a89e8eb@group-BAC069DAEF17-LeaderElection275] INFO  impl.RaftServerImpl (RaftServerImpl.java:setRole(184)) - 4b487190-7547-40c7-b780-43c37a89e8eb@group-BAC069DAEF17: changes role from CANDIDATE to FOLLOWER at term 290 for DISCOVERED_A_NEW_TERM
2019-10-18 07:54:37,496 [4b487190-7547-40c7-b780-43c37a89e8eb@group-BAC069DAEF17-LeaderElection275] INFO  impl.RoleInfo (RoleInfo.java:shutdownLeaderElection(134)) - 4b487190-7547-40c7-b780-43c37a89e8eb: shutdown LeaderElection
2019-10-18 07:54:37,496 [4b487190-7547-40c7-b780-43c37a89e8eb@group-BAC069DAEF17-LeaderElection275] INFO  impl.RoleInfo (RoleInfo.java:updateAndGet(143)) - 4b487190-7547-40c7-b780-43c37a89e8eb: start FollowerState
2019-10-18 07:54:37,557 [Thread-2124] INFO  impl.FollowerState (FollowerState.java:run(108)) - 4b487190-7547-40c7-b780-43c37a89e8eb@group-BAC069DAEF17-FollowerState: change to CANDIDATE, lastRpcTime:60ms, electionTimeout:60ms
2019-10-18 07:54:37,557 [Thread-2124] INFO  impl.RoleInfo (RoleInfo.java:shutdownFollowerState(121)) - 4b487190-7547-40c7-b780-43c37a89e8eb: shutdown FollowerState
2019-10-18 07:54:37,557 [Thread-2124] INFO  impl.RaftServerImpl (RaftServerImpl.java:setRole(184)) - 4b487190-7547-40c7-b780-43c37a89e8eb@group-BAC069DAEF17: changes role from  FOLLOWER to CANDIDATE at term 290 for changeToCandidate
2019-10-18 07:54:37,557 [Thread-2124] INFO  impl.RoleInfo (RoleInfo.java:updateAndGet(143)) - 4b487190-7547-40c7-b780-43c37a89e8eb: start LeaderElection
2019-10-18 07:54:37,571 [4b487190-7547-40c7-b780-43c37a89e8eb@group-BAC069DAEF17-LeaderElection276] INFO  impl.LeaderElection (LeaderElection.java:askForVotes(178)) - 4b487190-7547-40c7-b780-43c37a89e8eb@group-BAC069DAEF17-LeaderElection276: begin an election at term 291 for -1: [6fa005cd-25d6-4e29-bda6-9462a060c098:192.168.69.67:36093, 4b487190-7547-40c7-b780-43c37a89e8eb:192.168.69.67:39683, 3d3aac8b-d4d1-454d-bf0c-88a180692893:192.168.69.67:34429], old=null
2019-10-18 07:54:37,573 [grpc-default-executor-0] INFO  impl.RaftServerImpl (RaftServerImpl.java:setRole(184)) - 6fa005cd-25d6-4e29-bda6-9462a060c098@group-BAC069DAEF17: changes role from  FOLLOWER to FOLLOWER at term 291 for recognizeCandidate:4b487190-7547-40c7-b780-43c37a89e8eb
2019-10-18 07:54:37,573 [grpc-default-executor-0] INFO  impl.RoleInfo (RoleInfo.java:shutdownFollowerState(121)) - 6fa005cd-25d6-4e29-bda6-9462a060c098: shutdown FollowerState
2019-10-18 07:54:37,573 [grpc-default-executor-6] INFO  impl.RaftServerImpl (RaftServerImpl.java:setRole(184)) - 3d3aac8b-d4d1-454d-bf0c-88a180692893@group-BAC069DAEF17: changes role from  FOLLOWER to FOLLOWER at term 291 for recognizeCandidate:4b487190-7547-40c7-b780-43c37a89e8eb
2019-10-18 07:54:37,573 [Thread-2123] INFO  impl.FollowerState (FollowerState.java:run(117)) - 6fa005cd-25d6-4e29-bda6-9462a060c098@group-BAC069DAEF17-FollowerState was interrupted: java.lang.InterruptedException: sleep interrupted
2019-10-18 07:54:37,573 [grpc-default-executor-0] INFO  impl.RoleInfo (RoleInfo.java:updateAndGet(143)) - 6fa005cd-25d6-4e29-bda6-9462a060c098: start FollowerState
2019-10-18 07:54:37,573 [grpc-default-executor-6] INFO  impl.RoleInfo (RoleInfo.java:shutdownFollowerState(121)) - 3d3aac8b-d4d1-454d-bf0c-88a180692893: shutdown FollowerState
2019-10-18 07:54:37,574 [grpc-default-executor-6] INFO  impl.RoleInfo (RoleInfo.java:updateAndGet(143)) - 3d3aac8b-d4d1-454d-bf0c-88a180692893: start FollowerState
2019-10-18 07:54:37,574 [Thread-2122] INFO  impl.FollowerState (FollowerState.java:run(117)) - 3d3aac8b-d4d1-454d-bf0c-88a180692893@group-BAC069DAEF17-FollowerState was interrupted: java.lang.InterruptedException: sleep interrupted
2019-10-18 07:54:37,588 [4b487190-7547-40c7-b780-43c37a89e8eb@group-BAC069DAEF17-LeaderElection276] INFO  impl.LeaderElection (LeaderElection.java:logAndReturn(56)) - 4b487190-7547-40c7-b780-43c37a89e8eb@group-BAC069DAEF17-LeaderElection276: Election REJECTED; received 2 response(s) [4b487190-7547-40c7-b780-43c37a89e8eb<-6fa005cd-25d6-4e29-bda6-9462a060c098#0:FAIL-t291, 4b487190-7547-40c7-b780-43c37a89e8eb<-3d3aac8b-d4d1-454d-bf0c-88a180692893#0:FAIL-t291] and 0 exception(s); 4b487190-7547-40c7-b780-43c37a89e8eb@group-BAC069DAEF17:t291, leader=null, voted=4b487190-7547-40c7-b780-43c37a89e8eb, raftlog=4b487190-7547-40c7-b780-43c37a89e8eb@group-BAC069DAEF17-SegmentedRaftLog:OPENED:c-1,f-1,i0, conf=-1: [6fa005cd-25d6-4e29-bda6-9462a060c098:192.168.69.67:36093, 4b487190-7547-40c7-b780-43c37a89e8eb:192.168.69.67:39683, 3d3aac8b-d4d1-454d-bf0c-88a180692893:192.168.69.67:34429], old=null
2019-10-18 07:54:37,588 [4b487190-7547-40c7-b780-43c37a89e8eb@group-BAC069DAEF17-LeaderElection276] INFO  impl.RaftServerImpl (RaftServerImpl.java:setRole(184)) - 4b487190-7547-40c7-b780-43c37a89e8eb@group-BAC069DAEF17: changes role from CANDIDATE to FOLLOWER at term 291 for DISCOVERED_A_NEW_TERM
2019-10-18 07:54:37,588 [4b487190-7547-40c7-b780-43c37a89e8eb@group-BAC069DAEF17-LeaderElection276] INFO  impl.RoleInfo (RoleInfo.java:shutdownLeaderElection(134)) - 4b487190-7547-40c7-b780-43c37a89e8eb: shutdown LeaderElection
2019-10-18 07:54:37,588 [4b487190-7547-40c7-b780-43c37a89e8eb@group-BAC069DAEF17-LeaderElection276] INFO  impl.RoleInfo (RoleInfo.java:updateAndGet(143)) - 4b487190-7547-40c7-b780-43c37a89e8eb: start FollowerState
2019-10-18 07:54:37,623 [Thread-2130] INFO  impl.FollowerState (FollowerState.java:run(108)) - 4b487190-7547-40c7-b780-43c37a89e8eb@group-BAC069DAEF17-FollowerState: change to CANDIDATE, lastRpcTime:35ms, electionTimeout:35ms
2019-10-18 07:54:37,624 [Thread-2130] INFO  impl.RoleInfo (RoleInfo.java:shutdownFollowerState(121)) - 4b487190-7547-40c7-b780-43c37a89e8eb: shutdown FollowerState
2019-10-18 07:54:37,624 [Thread-2130] INFO  impl.RaftServerImpl (RaftServerImpl.java:setRole(184)) - 4b487190-7547-40c7-b780-43c37a89e8eb@group-BAC069DAEF17: changes role from  FOLLOWER to CANDIDATE at term 291 for changeToCandidate
2019-10-18 07:54:37,624 [Thread-2130] INFO  impl.RoleInfo (RoleInfo.java:updateAndGet(143)) - 4b487190-7547-40c7-b780-43c37a89e8eb: start LeaderElection
2019-10-18 07:54:37,638 [4b487190-7547-40c7-b780-43c37a89e8eb@group-BAC069DAEF17-LeaderElection277] INFO  impl.LeaderElection (LeaderElection.java:askForVotes(178)) - 4b487190-7547-40c7-b780-43c37a89e8eb@group-BAC069DAEF17-LeaderElection277: begin an election at term 292 for -1: [6fa005cd-25d6-4e29-bda6-9462a060c098:192.168.69.67:36093, 4b487190-7547-40c7-b780-43c37a89e8eb:192.168.69.67:39683, 3d3aac8b-d4d1-454d-bf0c-88a180692893:192.168.69.67:34429], old=null
2019-10-18 07:54:37,640 [grpc-default-executor-6] INFO  impl.RaftServerImpl (RaftServerImpl.java:setRole(184)) - 3d3aac8b-d4d1-454d-bf0c-88a180692893@group-BAC069DAEF17: changes role from  FOLLOWER to FOLLOWER at term 292 for recognizeCandidate:4b487190-7547-40c7-b780-43c37a89e8eb
2019-10-18 07:54:37,640 [grpc-default-executor-6] INFO  impl.RoleInfo (RoleInfo.java:shutdownFollowerState(121)) - 3d3aac8b-d4d1-454d-bf0c-88a180692893: shutdown FollowerState
2019-10-18 07:54:37,640 [grpc-default-executor-0] INFO  impl.RaftServerImpl (RaftServerImpl.java:setRole(184)) - 6fa005cd-25d6-4e29-bda6-9462a060c098@group-BAC069DAEF17: changes role from  FOLLOWER to FOLLOWER at term 292 for recognizeCandidate:4b487190-7547-40c7-b780-43c37a89e8eb
2019-10-18 07:54:37,640 [Thread-2129] INFO  impl.FollowerState (FollowerState.java:run(117)) - 3d3aac8b-d4d1-454d-bf0c-88a180692893@group-BAC069DAEF17-FollowerState was interrupted: java.lang.InterruptedException: sleep interrupted
2019-10-18 07:54:37,640 [grpc-default-executor-6] INFO  impl.RoleInfo (RoleInfo.java:updateAndGet(143)) - 3d3aac8b-d4d1-454d-bf0c-88a180692893: start FollowerState
2019-10-18 07:54:37,640 [grpc-default-executor-0] INFO  impl.RoleInfo (RoleInfo.java:shutdownFollowerState(121)) - 6fa005cd-25d6-4e29-bda6-9462a060c098: shutdown FollowerState
2019-10-18 07:54:37,641 [Thread-2128] INFO  impl.FollowerState (FollowerState.java:run(117)) - 6fa005cd-25d6-4e29-bda6-9462a060c098@group-BAC069DAEF17-FollowerState was interrupted: java.lang.InterruptedException: sleep interrupted
2019-10-18 07:54:37,641 [grpc-default-executor-0] INFO  impl.RoleInfo (RoleInfo.java:updateAndGet(143)) - 6fa005cd-25d6-4e29-bda6-9462a060c098: start FollowerState
2019-10-18 07:54:37,654 [4b487190-7547-40c7-b780-43c37a89e8eb@group-BAC069DAEF17-LeaderElection277] INFO  impl.LeaderElection (LeaderElection.java:logAndReturn(56)) - 4b487190-7547-40c7-b780-43c37a89e8eb@group-BAC069DAEF17-LeaderElection277: Election REJECTED; received 2 response(s) [4b487190-7547-40c7-b780-43c37a89e8eb<-6fa005cd-25d6-4e29-bda6-9462a060c098#0:FAIL-t292, 4b487190-7547-40c7-b780-43c37a89e8eb<-3d3aac8b-d4d1-454d-bf0c-88a180692893#0:FAIL-t292] and 0 exception(s); 4b487190-7547-40c7-b780-43c37a89e8eb@group-BAC069DAEF17:t292, leader=null, voted=4b487190-7547-40c7-b780-43c37a89e8eb, raftlog=4b487190-7547-40c7-b780-43c37a89e8eb@group-BAC069DAEF17-SegmentedRaftLog:OPENED:c-1,f-1,i0, conf=-1: [6fa005cd-25d6-4e29-bda6-9462a060c098:192.168.69.67:36093, 4b487190-7547-40c7-b780-43c37a89e8eb:192.168.69.67:39683, 3d3aac8b-d4d1-454d-bf0c-88a180692893:192.168.69.67:34429], old=null
2019-10-18 07:54:37,655 [4b487190-7547-40c7-b780-43c37a89e8eb@group-BAC069DAEF17-LeaderElection277] INFO  impl.RaftServerImpl (RaftServerImpl.java:setRole(184)) - 4b487190-7547-40c7-b780-43c37a89e8eb@group-BAC069DAEF17: changes role from CANDIDATE to FOLLOWER at term 292 for DISCOVERED_A_NEW_TERM
2019-10-18 07:54:37,655 [4b487190-7547-40c7-b780-43c37a89e8eb@group-BAC069DAEF17-LeaderElection277] INFO  impl.RoleInfo (RoleInfo.java:shutdownLeaderElection(134)) - 4b487190-7547-40c7-b780-43c37a89e8eb: shutdown LeaderElection
2019-10-18 07:54:37,655 [4b487190-7547-40c7-b780-43c37a89e8eb@group-BAC069DAEF17-LeaderElection277] INFO  impl.RoleInfo (RoleInfo.java:updateAndGet(143)) - 4b487190-7547-40c7-b780-43c37a89e8eb: start FollowerState
2019-10-18 07:54:37,698 [Thread-2136] INFO  impl.FollowerState (FollowerState.java:run(108)) - 4b487190-7547-40c7-b780-43c37a89e8eb@group-BAC069DAEF17-FollowerState: change to CANDIDATE, lastRpcTime:43ms, electionTimeout:43ms
2019-10-18 07:54:37,699 [Thread-2136] INFO  impl.RoleInfo (RoleInfo.java:shutdownFollowerState(121)) - 4b487190-7547-40c7-b780-43c37a89e8eb: shutdown FollowerState
2019-10-18 07:54:37,699 [Thread-2136] INFO  impl.RaftServerImpl (RaftServerImpl.java:setRole(184)) - 4b487190-7547-40c7-b780-43c37a89e8eb@group-BAC069DAEF17: changes role from  FOLLOWER to CANDIDATE at term 292 for changeToCandidate
2019-10-18 07:54:37,699 [Thread-2136] INFO  impl.RoleInfo (RoleInfo.java:updateAndGet(143)) - 4b487190-7547-40c7-b780-43c37a89e8eb: start LeaderElection
2019-10-18 07:54:37,725 [4b487190-7547-40c7-b780-43c37a89e8eb@group-BAC069DAEF17-LeaderElection278] INFO  impl.LeaderElection (LeaderElection.java:askForVotes(178)) - 4b487190-7547-40c7-b780-43c37a89e8eb@group-BAC069DAEF17-LeaderElection278: begin an election at term 293 for -1: [6fa005cd-25d6-4e29-bda6-9462a060c098:192.168.69.67:36093, 4b487190-7547-40c7-b780-43c37a89e8eb:192.168.69.67:39683, 3d3aac8b-d4d1-454d-bf0c-88a180692893:192.168.69.67:34429], old=null
2019-10-18 07:54:37,727 [grpc-default-executor-0] INFO  impl.RaftServerImpl (RaftServerImpl.java:setRole(184)) - 3d3aac8b-d4d1-454d-bf0c-88a180692893@group-BAC069DAEF17: changes role from  FOLLOWER to FOLLOWER at term 293 for recognizeCandidate:4b487190-7547-40c7-b780-43c37a89e8eb
2019-10-18 07:54:37,727 [grpc-default-executor-6] INFO  impl.RaftServerImpl (RaftServerImpl.java:setRole(184)) - 6fa005cd-25d6-4e29-bda6-9462a060c098@group-BAC069DAEF17: changes role from  FOLLOWER to FOLLOWER at term 293 for recognizeCandidate:4b487190-7547-40c7-b780-43c37a89e8eb
2019-10-18 07:54:37,727 [grpc-default-executor-0] INFO  impl.RoleInfo (RoleInfo.java:shutdownFollowerState(121)) - 3d3aac8b-d4d1-454d-bf0c-88a180692893: shutdown FollowerState
2019-10-18 07:54:37,727 [grpc-default-executor-6] INFO  impl.RoleInfo (RoleInfo.java:shutdownFollowerState(121)) - 6fa005cd-25d6-4e29-bda6-9462a060c098: shutdown FollowerState
2019-10-18 07:54:37,728 [Thread-2134] INFO  impl.FollowerState (FollowerState.java:run(117)) - 3d3aac8b-d4d1-454d-bf0c-88a180692893@group-BAC069DAEF17-FollowerState was interrupted: java.lang.InterruptedException: sleep interrupted
2019-10-18 07:54:37,728 [Thread-2135] INFO  impl.FollowerState (FollowerState.java:run(117)) - 6fa005cd-25d6-4e29-bda6-9462a060c098@group-BAC069DAEF17-FollowerState was interrupted: java.lang.InterruptedException: sleep interrupted
2019-10-18 07:54:37,728 [grpc-default-executor-0] INFO  impl.RoleInfo (RoleInfo.java:updateAndGet(143)) - 3d3aac8b-d4d1-454d-bf0c-88a180692893: start FollowerState
2019-10-18 07:54:37,728 [grpc-default-executor-6] INFO  impl.RoleInfo (RoleInfo.java:updateAndGet(143)) - 6fa005cd-25d6-4e29-bda6-9462a060c098: start FollowerState
2019-10-18 07:54:37,741 [4b487190-7547-40c7-b780-43c37a89e8eb@group-BAC069DAEF17-LeaderElection278] INFO  impl.LeaderElection (LeaderElection.java:logAndReturn(56)) - 4b487190-7547-40c7-b780-43c37a89e8eb@group-BAC069DAEF17-LeaderElection278: Election REJECTED; received 2 response(s) [4b487190-7547-40c7-b780-43c37a89e8eb<-6fa005cd-25d6-4e29-bda6-9462a060c098#0:FAIL-t293, 4b487190-7547-40c7-b780-43c37a89e8eb<-3d3aac8b-d4d1-454d-bf0c-88a180692893#0:FAIL-t293] and 0 exception(s); 4b487190-7547-40c7-b780-43c37a89e8eb@group-BAC069DAEF17:t293, leader=null, voted=4b487190-7547-40c7-b780-43c37a89e8eb, raftlog=4b487190-7547-40c7-b780-43c37a89e8eb@group-BAC069DAEF17-SegmentedRaftLog:OPENED:c-1,f-1,i0, conf=-1: [6fa005cd-25d6-4e29-bda6-9462a060c098:192.168.69.67:36093, 4b487190-7547-40c7-b780-43c37a89e8eb:192.168.69.67:39683, 3d3aac8b-d4d1-454d-bf0c-88a180692893:192.168.69.67:34429], old=null
2019-10-18 07:54:37,742 [4b487190-7547-40c7-b780-43c37a89e8eb@group-BAC069DAEF17-LeaderElection278] INFO  impl.RaftServerImpl (RaftServerImpl.java:setRole(184)) - 4b487190-7547-40c7-b780-43c37a89e8eb@group-BAC069DAEF17: changes role from CANDIDATE to FOLLOWER at term 293 for DISCOVERED_A_NEW_TERM
2019-10-18 07:54:37,742 [4b487190-7547-40c7-b780-43c37a89e8eb@group-BAC069DAEF17-LeaderElection278] INFO  impl.RoleInfo (RoleInfo.java:shutdownLeaderElection(134)) - 4b487190-7547-40c7-b780-43c37a89e8eb: shutdown LeaderElection
2019-10-18 07:54:37,742 [4b487190-7547-40c7-b780-43c37a89e8eb@group-BAC069DAEF17-LeaderElection278] INFO  impl.RoleInfo (RoleInfo.java:updateAndGet(143)) - 4b487190-7547-40c7-b780-43c37a89e8eb: start FollowerState
2019-10-18 07:54:37,797 [Thread-2142] INFO  impl.FollowerState (FollowerState.java:run(108)) - 4b487190-7547-40c7-b780-43c37a89e8eb@group-BAC069DAEF17-FollowerState: change to CANDIDATE, lastRpcTime:55ms, electionTimeout:55ms
2019-10-18 07:54:37,797 [Thread-2142] INFO  impl.RoleInfo (RoleInfo.java:shutdownFollowerState(121)) - 4b487190-7547-40c7-b780-43c37a89e8eb: shutdown FollowerState
2019-10-18 07:54:37,798 [Thread-2142] INFO  impl.RaftServerImpl (RaftServerImpl.java:setRole(184)) - 4b487190-7547-40c7-b780-43c37a89e8eb@group-BAC069DAEF17: changes role from  FOLLOWER to CANDIDATE at term 293 for changeToCandidate
2019-10-18 07:54:37,798 [Thread-2142] INFO  impl.RoleInfo (RoleInfo.java:updateAndGet(143)) - 4b487190-7547-40c7-b780-43c37a89e8eb: start LeaderElection
2019-10-18 07:54:37,811 [4b487190-7547-40c7-b780-43c37a89e8eb@group-BAC069DAEF17-LeaderElection279] INFO  impl.LeaderElection (LeaderElection.java:askForVotes(178)) - 4b487190-7547-40c7-b780-43c37a89e8eb@group-BAC069DAEF17-LeaderElection279: begin an election at term 294 for -1: [6fa005cd-25d6-4e29-bda6-9462a060c098:192.168.69.67:36093, 4b487190-7547-40c7-b780-43c37a89e8eb:192.168.69.67:39683, 3d3aac8b-d4d1-454d-bf0c-88a180692893:192.168.69.67:34429], old=null
2019-10-18 07:54:37,812 [grpc-default-executor-6] INFO  impl.RaftServerImpl (RaftServerImpl.java:setRole(184)) - 6fa005cd-25d6-4e29-bda6-9462a060c098@group-BAC069DAEF17: changes role from  FOLLOWER to FOLLOWER at term 294 for recognizeCandidate:4b487190-7547-40c7-b780-43c37a89e8eb
2019-10-18 07:54:37,812 [grpc-default-executor-0] INFO  impl.RaftServerImpl (RaftServerImpl.java:setRole(184)) - 3d3aac8b-d4d1-454d-bf0c-88a180692893@group-BAC069DAEF17: changes role from  FOLLOWER to FOLLOWER at term 294 for recognizeCandidate:4b487190-7547-40c7-b780-43c37a89e8eb
2019-10-18 07:54:37,813 [grpc-default-executor-0] INFO  impl.RoleInfo (RoleInfo.java:shutdownFollowerState(121)) - 3d3aac8b-d4d1-454d-bf0c-88a180692893: shutdown FollowerState
2019-10-18 07:54:37,813 [grpc-default-executor-6] INFO  impl.RoleInfo (RoleInfo.java:shutdownFollowerState(121)) - 6fa005cd-25d6-4e29-bda6-9462a060c098: shutdown FollowerState
2019-10-18 07:54:37,813 [grpc-default-executor-6] INFO  impl.RoleInfo (RoleInfo.java:updateAndGet(143)) - 6fa005cd-25d6-4e29-bda6-9462a060c098: start FollowerState
2019-10-18 07:54:37,813 [Thread-2140] INFO  impl.FollowerState (FollowerState.java:run(117)) - 3d3aac8b-d4d1-454d-bf0c-88a180692893@group-BAC069DAEF17-FollowerState was interrupted: java.lang.InterruptedException: sleep interrupted
2019-10-18 07:54:37,813 [grpc-default-executor-0] INFO  impl.RoleInfo (RoleInfo.java:updateAndGet(143)) - 3d3aac8b-d4d1-454d-bf0c-88a180692893: start FollowerState
2019-10-18 07:54:37,813 [Thread-2141] INFO  impl.FollowerState (FollowerState.java:run(117)) - 6fa005cd-25d6-4e29-bda6-9462a060c098@group-BAC069DAEF17-FollowerState was interrupted: java.lang.InterruptedException: sleep interrupted
2019-10-18 07:54:37,827 [4b487190-7547-40c7-b780-43c37a89e8eb@group-BAC069DAEF17-LeaderElection279] INFO  impl.LeaderElection (LeaderElection.java:logAndReturn(56)) - 4b487190-7547-40c7-b780-43c37a89e8eb@group-BAC069DAEF17-LeaderElection279: Election REJECTED; received 2 response(s) [4b487190-7547-40c7-b780-43c37a89e8eb<-6fa005cd-25d6-4e29-bda6-9462a060c098#0:FAIL-t294, 4b487190-7547-40c7-b780-43c37a89e8eb<-3d3aac8b-d4d1-454d-bf0c-88a180692893#0:FAIL-t294] and 0 exception(s); 4b487190-7547-40c7-b780-43c37a89e8eb@group-BAC069DAEF17:t294, leader=null, voted=4b487190-7547-40c7-b780-43c37a89e8eb, raftlog=4b487190-7547-40c7-b780-43c37a89e8eb@group-BAC069DAEF17-SegmentedRaftLog:OPENED:c-1,f-1,i0, conf=-1: [6fa005cd-25d6-4e29-bda6-9462a060c098:192.168.69.67:36093, 4b487190-7547-40c7-b780-43c37a89e8eb:192.168.69.67:39683, 3d3aac8b-d4d1-454d-bf0c-88a180692893:192.168.69.67:34429], old=null
2019-10-18 07:54:37,827 [4b487190-7547-40c7-b780-43c37a89e8eb@group-BAC069DAEF17-LeaderElection279] INFO  impl.RaftServerImpl (RaftServerImpl.java:setRole(184)) - 4b487190-7547-40c7-b780-43c37a89e8eb@group-BAC069DAEF17: changes role from CANDIDATE to FOLLOWER at term 294 for DISCOVERED_A_NEW_TERM
2019-10-18 07:54:37,827 [4b487190-7547-40c7-b780-43c37a89e8eb@group-BAC069DAEF17-LeaderElection279] INFO  impl.RoleInfo (RoleInfo.java:shutdownLeaderElection(134)) - 4b487190-7547-40c7-b780-43c37a89e8eb: shutdown LeaderElection
2019-10-18 07:54:37,828 [4b487190-7547-40c7-b780-43c37a89e8eb@group-BAC069DAEF17-LeaderElection279] INFO  impl.RoleInfo (RoleInfo.java:updateAndGet(143)) - 4b487190-7547-40c7-b780-43c37a89e8eb: start FollowerState
2019-10-18 07:54:38,026 [Thread-2148] INFO  impl.FollowerState (FollowerState.java:run(108)) - 4b487190-7547-40c7-b780-43c37a89e8eb@group-BAC069DAEF17-FollowerState: change to CANDIDATE, lastRpcTime:198ms, electionTimeout:198ms
2019-10-18 07:54:38,026 [Thread-2148] INFO  impl.RoleInfo (RoleInfo.java:shutdownFollowerState(121)) - 4b487190-7547-40c7-b780-43c37a89e8eb: shutdown FollowerState
2019-10-18 07:54:38,027 [Thread-2148] INFO  impl.RaftServerImpl (RaftServerImpl.java:setRole(184)) - 4b487190-7547-40c7-b780-43c37a89e8eb@group-BAC069DAEF17: changes role from  FOLLOWER to CANDIDATE at term 294 for changeToCandidate
2019-10-18 07:54:38,027 [Thread-2148] INFO  impl.RoleInfo (RoleInfo.java:updateAndGet(143)) - 4b487190-7547-40c7-b780-43c37a89e8eb: start LeaderElection
2019-10-18 07:54:38,049 [4b487190-7547-40c7-b780-43c37a89e8eb@group-BAC069DAEF17-LeaderElection280] INFO  impl.LeaderElection (LeaderElection.java:askForVotes(178)) - 4b487190-7547-40c7-b780-43c37a89e8eb@group-BAC069DAEF17-LeaderElection280: begin an election at term 295 for -1: [6fa005cd-25d6-4e29-bda6-9462a060c098:192.168.69.67:36093, 4b487190-7547-40c7-b780-43c37a89e8eb:192.168.69.67:39683, 3d3aac8b-d4d1-454d-bf0c-88a180692893:192.168.69.67:34429], old=null
2019-10-18 07:54:38,052 [grpc-default-executor-0] INFO  impl.RaftServerImpl (RaftServerImpl.java:setRole(184)) - 6fa005cd-25d6-4e29-bda6-9462a060c098@group-BAC069DAEF17: changes role from  FOLLOWER to FOLLOWER at term 295 for recognizeCandidate:4b487190-7547-40c7-b780-43c37a89e8eb
2019-10-18 07:54:38,052 [grpc-default-executor-6] INFO  impl.RaftServerImpl (RaftServerImpl.java:setRole(184)) - 3d3aac8b-d4d1-454d-bf0c-88a180692893@group-BAC069DAEF17: changes role from  FOLLOWER to FOLLOWER at term 295 for recognizeCandidate:4b487190-7547-40c7-b780-43c37a89e8eb
2019-10-18 07:54:38,052 [grpc-default-executor-0] INFO  impl.RoleInfo (RoleInfo.java:shutdownFollowerState(121)) - 6fa005cd-25d6-4e29-bda6-9462a060c098: shutdown FollowerState
2019-10-18 07:54:38,052 [grpc-default-executor-6] INFO  impl.RoleInfo (RoleInfo.java:shutdownFollowerState(121)) - 3d3aac8b-d4d1-454d-bf0c-88a180692893: shutdown FollowerState
2019-10-18 07:54:38,052 [Thread-2147] INFO  impl.FollowerState (FollowerState.java:run(117)) - 6fa005cd-25d6-4e29-bda6-9462a060c098@group-BAC069DAEF17-FollowerState was interrupted: java.lang.InterruptedException: sleep interrupted
2019-10-18 07:54:38,053 [Thread-2146] INFO  impl.FollowerState (FollowerState.java:run(117)) - 3d3aac8b-d4d1-454d-bf0c-88a180692893@group-BAC069DAEF17-FollowerState was interrupted: java.lang.InterruptedException: sleep interrupted
2019-10-18 07:54:38,052 [grpc-default-executor-0] INFO  impl.RoleInfo (RoleInfo.java:updateAndGet(143)) - 6fa005cd-25d6-4e29-bda6-9462a060c098: start FollowerState
2019-10-18 07:54:38,053 [grpc-default-executor-6] INFO  impl.RoleInfo (RoleInfo.java:updateAndGet(143)) - 3d3aac8b-d4d1-454d-bf0c-88a180692893: start FollowerState
2019-10-18 07:54:38,067 [4b487190-7547-40c7-b780-43c37a89e8eb@group-BAC069DAEF17-LeaderElection280] INFO  impl.LeaderElection (LeaderElection.java:logAndReturn(56)) - 4b487190-7547-40c7-b780-43c37a89e8eb@group-BAC069DAEF17-LeaderElection280: Election REJECTED; received 2 response(s) [4b487190-7547-40c7-b780-43c37a89e8eb<-6fa005cd-25d6-4e29-bda6-9462a060c098#0:FAIL-t295, 4b487190-7547-40c7-b780-43c37a89e8eb<-3d3aac8b-d4d1-454d-bf0c-88a180692893#0:FAIL-t295] and 0 exception(s); 4b487190-7547-40c7-b780-43c37a89e8eb@group-BAC069DAEF17:t295, leader=null, voted=4b487190-7547-40c7-b780-43c37a89e8eb, raftlog=4b487190-7547-40c7-b780-43c37a89e8eb@group-BAC069DAEF17-SegmentedRaftLog:OPENED:c-1,f-1,i0, conf=-1: [6fa005cd-25d6-4e29-bda6-9462a060c098:192.168.69.67:36093, 4b487190-7547-40c7-b780-43c37a89e8eb:192.168.69.67:39683, 3d3aac8b-d4d1-454d-bf0c-88a180692893:192.168.69.67:34429], old=null
2019-10-18 07:54:38,067 [4b487190-7547-40c7-b780-43c37a89e8eb@group-BAC069DAEF17-LeaderElection280] INFO  impl.RaftServerImpl (RaftServerImpl.java:setRole(184)) - 4b487190-7547-40c7-b780-43c37a89e8eb@group-BAC069DAEF17: changes role from CANDIDATE to FOLLOWER at term 295 for DISCOVERED_A_NEW_TERM
2019-10-18 07:54:38,067 [4b487190-7547-40c7-b780-43c37a89e8eb@group-BAC069DAEF17-LeaderElection280] INFO  impl.RoleInfo (RoleInfo.java:shutdownLeaderElection(134)) - 4b487190-7547-40c7-b780-43c37a89e8eb: shutdown LeaderElection
2019-10-18 07:54:38,068 [4b487190-7547-40c7-b780-43c37a89e8eb@group-BAC069DAEF17-LeaderElection280] INFO  impl.RoleInfo (RoleInfo.java:updateAndGet(143)) - 4b487190-7547-40c7-b780-43c37a89e8eb: start FollowerState
2019-10-18 07:54:38,089 [Thread-2154] INFO  impl.FollowerState (FollowerState.java:run(108)) - 4b487190-7547-40c7-b780-43c37a89e8eb@group-BAC069DAEF17-FollowerState: change to CANDIDATE, lastRpcTime:21ms, electionTimeout:21ms
2019-10-18 07:54:38,089 [Thread-2154] INFO  impl.RoleInfo (RoleInfo.java:shutdownFollowerState(121)) - 4b487190-7547-40c7-b780-43c37a89e8eb: shutdown FollowerState
2019-10-18 07:54:38,089 [Thread-2154] INFO  impl.RaftServerImpl (RaftServerImpl.java:setRole(184)) - 4b487190-7547-40c7-b780-43c37a89e8eb@group-BAC069DAEF17: changes role from  FOLLOWER to CANDIDATE at term 295 for changeToCandidate
2019-10-18 07:54:38,089 [Thread-2154] INFO  impl.RoleInfo (RoleInfo.java:updateAndGet(143)) - 4b487190-7547-40c7-b780-43c37a89e8eb: start LeaderElection
2019-10-18 07:54:38,103 [4b487190-7547-40c7-b780-43c37a89e8eb@group-BAC069DAEF17-LeaderElection281] INFO  impl.LeaderElection (LeaderElection.java:askForVotes(178)) - 4b487190-7547-40c7-b780-43c37a89e8eb@group-BAC069DAEF17-LeaderElection281: begin an election at term 296 for -1: [6fa005cd-25d6-4e29-bda6-9462a060c098:192.168.69.67:36093, 4b487190-7547-40c7-b780-43c37a89e8eb:192.168.69.67:39683, 3d3aac8b-d4d1-454d-bf0c-88a180692893:192.168.69.67:34429], old=null
2019-10-18 07:54:38,104 [grpc-default-executor-6] INFO  impl.RaftServerImpl (RaftServerImpl.java:setRole(184)) - 6fa005cd-25d6-4e29-bda6-9462a060c098@group-BAC069DAEF17: changes role from  FOLLOWER to FOLLOWER at term 296 for recognizeCandidate:4b487190-7547-40c7-b780-43c37a89e8eb
2019-10-18 07:54:38,104 [grpc-default-executor-0] INFO  impl.RaftServerImpl (RaftServerImpl.java:setRole(184)) - 3d3aac8b-d4d1-454d-bf0c-88a180692893@group-BAC069DAEF17: changes role from  FOLLOWER to FOLLOWER at term 296 for recognizeCandidate:4b487190-7547-40c7-b780-43c37a89e8eb
2019-10-18 07:54:38,105 [grpc-default-executor-6] INFO  impl.RoleInfo (RoleInfo.java:shutdownFollowerState(121)) - 6fa005cd-25d6-4e29-bda6-9462a060c098: shutdown FollowerState
2019-10-18 07:54:38,105 [grpc-default-executor-0] INFO  impl.RoleInfo (RoleInfo.java:shutdownFollowerState(121)) - 3d3aac8b-d4d1-454d-bf0c-88a180692893: shutdown FollowerState
2019-10-18 07:54:38,105 [Thread-2152] INFO  impl.FollowerState (FollowerState.java:run(117)) - 6fa005cd-25d6-4e29-bda6-9462a060c098@group-BAC069DAEF17-FollowerState was interrupted: java.lang.InterruptedException: sleep interrupted
2019-10-18 07:54:38,105 [Thread-2153] INFO  impl.FollowerState (FollowerState.java:run(117)) - 3d3aac8b-d4d1-454d-bf0c-88a180692893@group-BAC069DAEF17-FollowerState was interrupted: java.lang.InterruptedException: sleep interrupted
2019-10-18 07:54:38,105 [grpc-default-executor-6] INFO  impl.RoleInfo (RoleInfo.java:updateAndGet(143)) - 6fa005cd-25d6-4e29-bda6-9462a060c098: start FollowerState
2019-10-18 07:54:38,105 [grpc-default-executor-0] INFO  impl.RoleInfo (RoleInfo.java:updateAndGet(143)) - 3d3aac8b-d4d1-454d-bf0c-88a180692893: start FollowerState
2019-10-18 07:54:38,119 [4b487190-7547-40c7-b780-43c37a89e8eb@group-BAC069DAEF17-LeaderElection281] INFO  impl.LeaderElection (LeaderElection.java:logAndReturn(56)) - 4b487190-7547-40c7-b780-43c37a89e8eb@group-BAC069DAEF17-LeaderElection281: Election REJECTED; received 2 response(s) [4b487190-7547-40c7-b780-43c37a89e8eb<-6fa005cd-25d6-4e29-bda6-9462a060c098#0:FAIL-t296, 4b487190-7547-40c7-b780-43c37a89e8eb<-3d3aac8b-d4d1-454d-bf0c-88a180692893#0:FAIL-t296] and 0 exception(s); 4b487190-7547-40c7-b780-43c37a89e8eb@group-BAC069DAEF17:t296, leader=null, voted=4b487190-7547-40c7-b780-43c37a89e8eb, raftlog=4b487190-7547-40c7-b780-43c37a89e8eb@group-BAC069DAEF17-SegmentedRaftLog:OPENED:c-1,f-1,i0, conf=-1: [6fa005cd-25d6-4e29-bda6-9462a060c098:192.168.69.67:36093, 4b487190-7547-40c7-b780-43c37a89e8eb:192.168.69.67:39683, 3d3aac8b-d4d1-454d-bf0c-88a180692893:192.168.69.67:34429], old=null
2019-10-18 07:54:38,119 [4b487190-7547-40c7-b780-43c37a89e8eb@group-BAC069DAEF17-LeaderElection281] INFO  impl.RaftServerImpl (RaftServerImpl.java:setRole(184)) - 4b487190-7547-40c7-b780-43c37a89e8eb@group-BAC069DAEF17: changes role from CANDIDATE to FOLLOWER at term 296 for DISCOVERED_A_NEW_TERM
2019-10-18 07:54:38,120 [4b487190-7547-40c7-b780-43c37a89e8eb@group-BAC069DAEF17-LeaderElection281] INFO  impl.RoleInfo (RoleInfo.java:shutdownLeaderElection(134)) - 4b487190-7547-40c7-b780-43c37a89e8eb: shutdown LeaderElection
2019-10-18 07:54:38,120 [4b487190-7547-40c7-b780-43c37a89e8eb@group-BAC069DAEF17-LeaderElection281] INFO  impl.RoleInfo (RoleInfo.java:updateAndGet(143)) - 4b487190-7547-40c7-b780-43c37a89e8eb: start FollowerState
2019-10-18 07:54:38,307 [Thread-2160] INFO  impl.FollowerState (FollowerState.java:run(108)) - 4b487190-7547-40c7-b780-43c37a89e8eb@group-BAC069DAEF17-FollowerState: change to CANDIDATE, lastRpcTime:187ms, electionTimeout:187ms
2019-10-18 07:54:38,307 [Thread-2160] INFO  impl.RoleInfo (RoleInfo.java:shutdownFollowerState(121)) - 4b487190-7547-40c7-b780-43c37a89e8eb: shutdown FollowerState
2019-10-18 07:54:38,308 [Thread-2160] INFO  impl.RaftServerImpl (RaftServerImpl.java:setRole(184)) - 4b487190-7547-40c7-b780-43c37a89e8eb@group-BAC069DAEF17: changes role from  FOLLOWER to CANDIDATE at term 296 for changeToCandidate
2019-10-18 07:54:38,308 [Thread-2160] INFO  impl.RoleInfo (RoleInfo.java:updateAndGet(143)) - 4b487190-7547-40c7-b780-43c37a89e8eb: start LeaderElection
2019-10-18 07:54:38,333 [4b487190-7547-40c7-b780-43c37a89e8eb@group-BAC069DAEF17-LeaderElection282] INFO  impl.LeaderElection (LeaderElection.java:askForVotes(178)) - 4b487190-7547-40c7-b780-43c37a89e8eb@group-BAC069DAEF17-LeaderElection282: begin an election at term 297 for -1: [6fa005cd-25d6-4e29-bda6-9462a060c098:192.168.69.67:36093, 4b487190-7547-40c7-b780-43c37a89e8eb:192.168.69.67:39683, 3d3aac8b-d4d1-454d-bf0c-88a180692893:192.168.69.67:34429], old=null
2019-10-18 07:54:38,335 [grpc-default-executor-0] INFO  impl.RaftServerImpl (RaftServerImpl.java:setRole(184)) - 6fa005cd-25d6-4e29-bda6-9462a060c098@group-BAC069DAEF17: changes role from  FOLLOWER to FOLLOWER at term 297 for recognizeCandidate:4b487190-7547-40c7-b780-43c37a89e8eb
2019-10-18 07:54:38,335 [grpc-default-executor-6] INFO  impl.RaftServerImpl (RaftServerImpl.java:setRole(184)) - 3d3aac8b-d4d1-454d-bf0c-88a180692893@group-BAC069DAEF17: changes role from  FOLLOWER to FOLLOWER at term 297 for recognizeCandidate:4b487190-7547-40c7-b780-43c37a89e8eb
2019-10-18 07:54:38,335 [grpc-default-executor-0] INFO  impl.RoleInfo (RoleInfo.java:shutdownFollowerState(121)) - 6fa005cd-25d6-4e29-bda6-9462a060c098: shutdown FollowerState
2019-10-18 07:54:38,335 [grpc-default-executor-6] INFO  impl.RoleInfo (RoleInfo.java:shutdownFollowerState(121)) - 3d3aac8b-d4d1-454d-bf0c-88a180692893: shutdown FollowerState
2019-10-18 07:54:38,335 [Thread-2158] INFO  impl.FollowerState (FollowerState.java:run(117)) - 6fa005cd-25d6-4e29-bda6-9462a060c098@group-BAC069DAEF17-FollowerState was interrupted: java.lang.InterruptedException: sleep interrupted
2019-10-18 07:54:38,336 [Thread-2159] INFO  impl.FollowerState (FollowerState.java:run(117)) - 3d3aac8b-d4d1-454d-bf0c-88a180692893@group-BAC069DAEF17-FollowerState was interrupted: java.lang.InterruptedException: sleep interrupted
2019-10-18 07:54:38,335 [grpc-default-executor-0] INFO  impl.RoleInfo (RoleInfo.java:updateAndGet(143)) - 6fa005cd-25d6-4e29-bda6-9462a060c098: start FollowerState
2019-10-18 07:54:38,336 [grpc-default-executor-6] INFO  impl.RoleInfo (RoleInfo.java:updateAndGet(143)) - 3d3aac8b-d4d1-454d-bf0c-88a180692893: start FollowerState
2019-10-18 07:54:38,358 [4b487190-7547-40c7-b780-43c37a89e8eb@group-BAC069DAEF17-LeaderElection282] INFO  impl.LeaderElection (LeaderElection.java:logAndReturn(56)) - 4b487190-7547-40c7-b780-43c37a89e8eb@group-BAC069DAEF17-LeaderElection282: Election REJECTED; received 2 response(s) [4b487190-7547-40c7-b780-43c37a89e8eb<-6fa005cd-25d6-4e29-bda6-9462a060c098#0:FAIL-t297, 4b487190-7547-40c7-b780-43c37a89e8eb<-3d3aac8b-d4d1-454d-bf0c-88a180692893#0:FAIL-t297] and 0 exception(s); 4b487190-7547-40c7-b780-43c37a89e8eb@group-BAC069DAEF17:t297, leader=null, voted=4b487190-7547-40c7-b780-43c37a89e8eb, raftlog=4b487190-7547-40c7-b780-43c37a89e8eb@group-BAC069DAEF17-SegmentedRaftLog:OPENED:c-1,f-1,i0, conf=-1: [6fa005cd-25d6-4e29-bda6-9462a060c098:192.168.69.67:36093, 4b487190-7547-40c7-b780-43c37a89e8eb:192.168.69.67:39683, 3d3aac8b-d4d1-454d-bf0c-88a180692893:192.168.69.67:34429], old=null
2019-10-18 07:54:38,359 [4b487190-7547-40c7-b780-43c37a89e8eb@group-BAC069DAEF17-LeaderElection282] INFO  impl.RaftServerImpl (RaftServerImpl.java:setRole(184)) - 4b487190-7547-40c7-b780-43c37a89e8eb@group-BAC069DAEF17: changes role from CANDIDATE to FOLLOWER at term 297 for DISCOVERED_A_NEW_TERM
2019-10-18 07:54:38,359 [4b487190-7547-40c7-b780-43c37a89e8eb@group-BAC069DAEF17-LeaderElection282] INFO  impl.RoleInfo (RoleInfo.java:shutdownLeaderElection(134)) - 4b487190-7547-40c7-b780-43c37a89e8eb: shutdown LeaderElection
2019-10-18 07:54:38,359 [4b487190-7547-40c7-b780-43c37a89e8eb@group-BAC069DAEF17-LeaderElection282] INFO  impl.RoleInfo (RoleInfo.java:updateAndGet(143)) - 4b487190-7547-40c7-b780-43c37a89e8eb: start FollowerState
2019-10-18 07:54:38,420 [Thread-2168] INFO  impl.FollowerState (FollowerState.java:run(108)) - 4b487190-7547-40c7-b780-43c37a89e8eb@group-BAC069DAEF17-FollowerState: change to CANDIDATE, lastRpcTime:61ms, electionTimeout:61ms
2019-10-18 07:54:38,421 [Thread-2168] INFO  impl.RoleInfo (RoleInfo.java:shutdownFollowerState(121)) - 4b487190-7547-40c7-b780-43c37a89e8eb: shutdown FollowerState
2019-10-18 07:54:38,421 [Thread-2168] INFO  impl.RaftServerImpl (RaftServerImpl.java:setRole(184)) - 4b487190-7547-40c7-b780-43c37a89e8eb@group-BAC069DAEF17: changes role from  FOLLOWER to CANDIDATE at term 297 for changeToCandidate
2019-10-18 07:54:38,421 [Thread-2168] INFO  impl.RoleInfo (RoleInfo.java:updateAndGet(143)) - 4b487190-7547-40c7-b780-43c37a89e8eb: start LeaderElection
2019-10-18 07:54:38,436 [4b487190-7547-40c7-b780-43c37a89e8eb@group-BAC069DAEF17-LeaderElection283] INFO  impl.LeaderElection (LeaderElection.java:askForVotes(178)) - 4b487190-7547-40c7-b780-43c37a89e8eb@group-BAC069DAEF17-LeaderElection283: begin an election at term 298 for -1: [6fa005cd-25d6-4e29-bda6-9462a060c098:192.168.69.67:36093, 4b487190-7547-40c7-b780-43c37a89e8eb:192.168.69.67:39683, 3d3aac8b-d4d1-454d-bf0c-88a180692893:192.168.69.67:34429], old=null
2019-10-18 07:54:38,438 [grpc-default-executor-0] INFO  impl.RaftServerImpl (RaftServerImpl.java:setRole(184)) - 6fa005cd-25d6-4e29-bda6-9462a060c098@group-BAC069DAEF17: changes role from  FOLLOWER to FOLLOWER at term 298 for recognizeCandidate:4b487190-7547-40c7-b780-43c37a89e8eb
2019-10-18 07:54:38,438 [grpc-default-executor-6] INFO  impl.RaftServerImpl (RaftServerImpl.java:setRole(184)) - 3d3aac8b-d4d1-454d-bf0c-88a180692893@group-BAC069DAEF17: changes role from  FOLLOWER to FOLLOWER at term 298 for recognizeCandidate:4b487190-7547-40c7-b780-43c37a89e8eb
2019-10-18 07:54:38,438 [grpc-default-executor-0] INFO  impl.RoleInfo (RoleInfo.java:shutdownFollowerState(121)) - 6fa005cd-25d6-4e29-bda6-9462a060c098: shutdown FollowerState
2019-10-18 07:54:38,438 [grpc-default-executor-6] INFO  impl.RoleInfo (RoleInfo.java:shutdownFollowerState(121)) - 3d3aac8b-d4d1-454d-bf0c-88a180692893: shutdown FollowerState
2019-10-18 07:54:38,438 [Thread-2164] INFO  impl.FollowerState (FollowerState.java:run(117)) - 6fa005cd-25d6-4e29-bda6-9462a060c098@group-BAC069DAEF17-FollowerState was interrupted: java.lang.InterruptedException: sleep interrupted
2019-10-18 07:54:38,438 [grpc-default-executor-0] INFO  impl.RoleInfo (RoleInfo.java:updateAndGet(143)) - 6fa005cd-25d6-4e29-bda6-9462a060c098: start FollowerState
2019-10-18 07:54:38,438 [Thread-2165] INFO  impl.FollowerState (FollowerState.java:run(117)) - 3d3aac8b-d4d1-454d-bf0c-88a180692893@group-BAC069DAEF17-FollowerState was interrupted: java.lang.InterruptedException: sleep interrupted
2019-10-18 07:54:38,438 [grpc-default-executor-6] INFO  impl.RoleInfo (RoleInfo.java:updateAndGet(143)) - 3d3aac8b-d4d1-454d-bf0c-88a180692893: start FollowerState
2019-10-18 07:54:38,453 [4b487190-7547-40c7-b780-43c37a89e8eb@group-BAC069DAEF17-LeaderElection283] INFO  impl.LeaderElection (LeaderElection.java:logAndReturn(56)) - 4b487190-7547-40c7-b780-43c37a89e8eb@group-BAC069DAEF17-LeaderElection283: Election REJECTED; received 2 response(s) [4b487190-7547-40c7-b780-43c37a89e8eb<-6fa005cd-25d6-4e29-bda6-9462a060c098#0:FAIL-t298, 4b487190-7547-40c7-b780-43c37a89e8eb<-3d3aac8b-d4d1-454d-bf0c-88a180692893#0:FAIL-t298] and 0 exception(s); 4b487190-7547-40c7-b780-43c37a89e8eb@group-BAC069DAEF17:t298, leader=null, voted=4b487190-7547-40c7-b780-43c37a89e8eb, raftlog=4b487190-7547-40c7-b780-43c37a89e8eb@group-BAC069DAEF17-SegmentedRaftLog:OPENED:c-1,f-1,i0, conf=-1: [6fa005cd-25d6-4e29-bda6-9462a060c098:192.168.69.67:36093, 4b487190-7547-40c7-b780-43c37a89e8eb:192.168.69.67:39683, 3d3aac8b-d4d1-454d-bf0c-88a180692893:192.168.69.67:34429], old=null
2019-10-18 07:54:38,454 [4b487190-7547-40c7-b780-43c37a89e8eb@group-BAC069DAEF17-LeaderElection283] INFO  impl.RaftServerImpl (RaftServerImpl.java:setRole(184)) - 4b487190-7547-40c7-b780-43c37a89e8eb@group-BAC069DAEF17: changes role from CANDIDATE to FOLLOWER at term 298 for DISCOVERED_A_NEW_TERM
2019-10-18 07:54:38,454 [4b487190-7547-40c7-b780-43c37a89e8eb@group-BAC069DAEF17-LeaderElection283] INFO  impl.RoleInfo (RoleInfo.java:shutdownLeaderElection(134)) - 4b487190-7547-40c7-b780-43c37a89e8eb: shutdown LeaderElection
2019-10-18 07:54:38,454 [4b487190-7547-40c7-b780-43c37a89e8eb@group-BAC069DAEF17-LeaderElection283] INFO  impl.RoleInfo (RoleInfo.java:updateAndGet(143)) - 4b487190-7547-40c7-b780-43c37a89e8eb: start FollowerState
2019-10-18 07:54:38,544 [Thread-2174] INFO  impl.FollowerState (FollowerState.java:run(108)) - 4b487190-7547-40c7-b780-43c37a89e8eb@group-BAC069DAEF17-FollowerState: change to CANDIDATE, lastRpcTime:90ms, electionTimeout:90ms
2019-10-18 07:54:38,545 [Thread-2174] INFO  impl.RoleInfo (RoleInfo.java:shutdownFollowerState(121)) - 4b487190-7547-40c7-b780-43c37a89e8eb: shutdown FollowerState
2019-10-18 07:54:38,545 [Thread-2174] INFO  impl.RaftServerImpl (RaftServerImpl.java:setRole(184)) - 4b487190-7547-40c7-b780-43c37a89e8eb@group-BAC069DAEF17: changes role from  FOLLOWER to CANDIDATE at term 298 for changeToCandidate
2019-10-18 07:54:38,545 [Thread-2174] INFO  impl.RoleInfo (RoleInfo.java:updateAndGet(143)) - 4b487190-7547-40c7-b780-43c37a89e8eb: start LeaderElection
2019-10-18 07:54:38,581 [4b487190-7547-40c7-b780-43c37a89e8eb@group-BAC069DAEF17-LeaderElection284] INFO  impl.LeaderElection (LeaderElection.java:askForVotes(178)) - 4b487190-7547-40c7-b780-43c37a89e8eb@group-BAC069DAEF17-LeaderElection284: begin an election at term 299 for -1: [6fa005cd-25d6-4e29-bda6-9462a060c098:192.168.69.67:36093, 4b487190-7547-40c7-b780-43c37a89e8eb:192.168.69.67:39683, 3d3aac8b-d4d1-454d-bf0c-88a180692893:192.168.69.67:34429], old=null
2019-10-18 07:54:38,583 [grpc-default-executor-6] INFO  impl.RaftServerImpl (RaftServerImpl.java:setRole(184)) - 3d3aac8b-d4d1-454d-bf0c-88a180692893@group-BAC069DAEF17: changes role from  FOLLOWER to FOLLOWER at term 299 for recognizeCandidate:4b487190-7547-40c7-b780-43c37a89e8eb
2019-10-18 07:54:38,583 [grpc-default-executor-0] INFO  impl.RaftServerImpl (RaftServerImpl.java:setRole(184)) - 6fa005cd-25d6-4e29-bda6-9462a060c098@group-BAC069DAEF17: changes role from  FOLLOWER to FOLLOWER at term 299 for recognizeCandidate:4b487190-7547-40c7-b780-43c37a89e8eb
2019-10-18 07:54:38,583 [grpc-default-executor-0] INFO  impl.RoleInfo (RoleInfo.java:shutdownFollowerState(121)) - 6fa005cd-25d6-4e29-bda6-9462a060c098: shutdown FollowerState
2019-10-18 07:54:38,583 [grpc-default-executor-6] INFO  impl.RoleInfo (RoleInfo.java:shutdownFollowerState(121)) - 3d3aac8b-d4d1-454d-bf0c-88a180692893: shutdown FollowerState
2019-10-18 07:54:38,583 [Thread-2172] INFO  impl.FollowerState (FollowerState.java:run(117)) - 6fa005cd-25d6-4e29-bda6-9462a060c098@group-BAC069DAEF17-FollowerState was interrupted: java.lang.InterruptedException: sleep interrupted
2019-10-18 07:54:38,583 [grpc-default-executor-0] INFO  impl.RoleInfo (RoleInfo.java:updateAndGet(143)) - 6fa005cd-25d6-4e29-bda6-9462a060c098: start FollowerState
2019-10-18 07:54:38,584 [Thread-2173] INFO  impl.FollowerState (FollowerState.java:run(117)) - 3d3aac8b-d4d1-454d-bf0c-88a180692893@group-BAC069DAEF17-FollowerState was interrupted: java.lang.InterruptedException: sleep interrupted
2019-10-18 07:54:38,584 [grpc-default-executor-6] INFO  impl.RoleInfo (RoleInfo.java:updateAndGet(143)) - 3d3aac8b-d4d1-454d-bf0c-88a180692893: start FollowerState
2019-10-18 07:54:38,599 [4b487190-7547-40c7-b780-43c37a89e8eb@group-BAC069DAEF17-LeaderElection284] INFO  impl.LeaderElection (LeaderElection.java:logAndReturn(56)) - 4b487190-7547-40c7-b780-43c37a89e8eb@group-BAC069DAEF17-LeaderElection284: Election REJECTED; received 2 response(s) [4b487190-7547-40c7-b780-43c37a89e8eb<-6fa005cd-25d6-4e29-bda6-9462a060c098#0:FAIL-t299, 4b487190-7547-40c7-b780-43c37a89e8eb<-3d3aac8b-d4d1-454d-bf0c-88a180692893#0:FAIL-t299] and 0 exception(s); 4b487190-7547-40c7-b780-43c37a89e8eb@group-BAC069DAEF17:t299, leader=null, voted=4b487190-7547-40c7-b780-43c37a89e8eb, raftlog=4b487190-7547-40c7-b780-43c37a89e8eb@group-BAC069DAEF17-SegmentedRaftLog:OPENED:c-1,f-1,i0, conf=-1: [6fa005cd-25d6-4e29-bda6-9462a060c098:192.168.69.67:36093, 4b487190-7547-40c7-b780-43c37a89e8eb:192.168.69.67:39683, 3d3aac8b-d4d1-454d-bf0c-88a180692893:192.168.69.67:34429], old=null
2019-10-18 07:54:38,599 [4b487190-7547-40c7-b780-43c37a89e8eb@group-BAC069DAEF17-LeaderElection284] INFO  impl.RaftServerImpl (RaftServerImpl.java:setRole(184)) - 4b487190-7547-40c7-b780-43c37a89e8eb@group-BAC069DAEF17: changes role from CANDIDATE to FOLLOWER at term 299 for DISCOVERED_A_NEW_TERM
2019-10-18 07:54:38,599 [4b487190-7547-40c7-b780-43c37a89e8eb@group-BAC069DAEF17-LeaderElection284] INFO  impl.RoleInfo (RoleInfo.java:shutdownLeaderElection(134)) - 4b487190-7547-40c7-b780-43c37a89e8eb: shutdown LeaderElection
2019-10-18 07:54:38,599 [4b487190-7547-40c7-b780-43c37a89e8eb@group-BAC069DAEF17-LeaderElection284] INFO  impl.RoleInfo (RoleInfo.java:updateAndGet(143)) - 4b487190-7547-40c7-b780-43c37a89e8eb: start FollowerState
2019-10-18 07:54:38,792 [Thread-2180] INFO  impl.FollowerState (FollowerState.java:run(108)) - 4b487190-7547-40c7-b780-43c37a89e8eb@group-BAC069DAEF17-FollowerState: change to CANDIDATE, lastRpcTime:192ms, electionTimeout:192ms
2019-10-18 07:54:38,792 [Thread-2180] INFO  impl.RoleInfo (RoleInfo.java:shutdownFollowerState(121)) - 4b487190-7547-40c7-b780-43c37a89e8eb: shutdown FollowerState
2019-10-18 07:54:38,792 [Thread-2180] INFO  impl.RaftServerImpl (RaftServerImpl.java:setRole(184)) - 4b487190-7547-40c7-b780-43c37a89e8eb@group-BAC069DAEF17: changes role from  FOLLOWER to CANDIDATE at term 299 for changeToCandidate
2019-10-18 07:54:38,793 [Thread-2180] INFO  impl.RoleInfo (RoleInfo.java:updateAndGet(143)) - 4b487190-7547-40c7-b780-43c37a89e8eb: start LeaderElection
2019-10-18 07:54:38,818 [4b487190-7547-40c7-b780-43c37a89e8eb@group-BAC069DAEF17-LeaderElection285] INFO  impl.LeaderElection (LeaderElection.java:askForVotes(178)) - 4b487190-7547-40c7-b780-43c37a89e8eb@group-BAC069DAEF17-LeaderElection285: begin an election at term 300 for -1: [6fa005cd-25d6-4e29-bda6-9462a060c098:192.168.69.67:36093, 4b487190-7547-40c7-b780-43c37a89e8eb:192.168.69.67:39683, 3d3aac8b-d4d1-454d-bf0c-88a180692893:192.168.69.67:34429], old=null
2019-10-18 07:54:38,821 [grpc-default-executor-6] INFO  impl.RaftServerImpl (RaftServerImpl.java:setRole(184)) - 3d3aac8b-d4d1-454d-bf0c-88a180692893@group-BAC069DAEF17: changes role from  FOLLOWER to FOLLOWER at term 300 for recognizeCandidate:4b487190-7547-40c7-b780-43c37a89e8eb
2019-10-18 07:54:38,821 [grpc-default-executor-0] INFO  impl.RaftServerImpl (RaftServerImpl.java:setRole(184)) - 6fa005cd-25d6-4e29-bda6-9462a060c098@group-BAC069DAEF17: changes role from  FOLLOWER to FOLLOWER at term 300 for recognizeCandidate:4b487190-7547-40c7-b780-43c37a89e8eb
2019-10-18 07:54:38,821 [grpc-default-executor-6] INFO  impl.RoleInfo (RoleInfo.java:shutdownFollowerState(121)) - 3d3aac8b-d4d1-454d-bf0c-88a180692893: shutdown FollowerState
2019-10-18 07:54:38,821 [grpc-default-executor-0] INFO  impl.RoleInfo (RoleInfo.java:shutdownFollowerState(121)) - 6fa005cd-25d6-4e29-bda6-9462a060c098: shutdown FollowerState
2019-10-18 07:54:38,821 [Thread-2179] INFO  impl.FollowerState (FollowerState.java:run(117)) - 3d3aac8b-d4d1-454d-bf0c-88a180692893@group-BAC069DAEF17-FollowerState was interrupted: java.lang.InterruptedException: sleep interrupted
2019-10-18 07:54:38,821 [grpc-default-executor-6] INFO  impl.RoleInfo (RoleInfo.java:updateAndGet(143)) - 3d3aac8b-d4d1-454d-bf0c-88a180692893: start FollowerState
2019-10-18 07:54:38,822 [Thread-2178] INFO  impl.FollowerState (FollowerState.java:run(117)) - 6fa005cd-25d6-4e29-bda6-9462a060c098@group-BAC069DAEF17-FollowerState was interrupted: java.lang.InterruptedException: sleep interrupted
2019-10-18 07:54:38,822 [grpc-default-executor-0] INFO  impl.RoleInfo (RoleInfo.java:updateAndGet(143)) - 6fa005cd-25d6-4e29-bda6-9462a060c098: start FollowerState
2019-10-18 07:54:38,833 [4b487190-7547-40c7-b780-43c37a89e8eb@group-BAC069DAEF17-LeaderElection285] INFO  impl.LeaderElection (LeaderElection.java:logAndReturn(56)) - 4b487190-7547-40c7-b780-43c37a89e8eb@group-BAC069DAEF17-LeaderElection285: Election REJECTED; received 2 response(s) [4b487190-7547-40c7-b780-43c37a89e8eb<-6fa005cd-25d6-4e29-bda6-9462a060c098#0:FAIL-t300, 4b487190-7547-40c7-b780-43c37a89e8eb<-3d3aac8b-d4d1-454d-bf0c-88a180692893#0:FAIL-t300] and 0 exception(s); 4b487190-7547-40c7-b780-43c37a89e8eb@group-BAC069DAEF17:t300, leader=null, voted=4b487190-7547-40c7-b780-43c37a89e8eb, raftlog=4b487190-7547-40c7-b780-43c37a89e8eb@group-BAC069DAEF17-SegmentedRaftLog:OPENED:c-1,f-1,i0, conf=-1: [6fa005cd-25d6-4e29-bda6-9462a060c098:192.168.69.67:36093, 4b487190-7547-40c7-b780-43c37a89e8eb:192.168.69.67:39683, 3d3aac8b-d4d1-454d-bf0c-88a180692893:192.168.69.67:34429], old=null
2019-10-18 07:54:38,834 [4b487190-7547-40c7-b780-43c37a89e8eb@group-BAC069DAEF17-LeaderElection285] INFO  impl.RaftServerImpl (RaftServerImpl.java:setRole(184)) - 4b487190-7547-40c7-b780-43c37a89e8eb@group-BAC069DAEF17: changes role from CANDIDATE to FOLLOWER at term 300 for DISCOVERED_A_NEW_TERM
2019-10-18 07:54:38,834 [4b487190-7547-40c7-b780-43c37a89e8eb@group-BAC069DAEF17-LeaderElection285] INFO  impl.RoleInfo (RoleInfo.java:shutdownLeaderElection(134)) - 4b487190-7547-40c7-b780-43c37a89e8eb: shutdown LeaderElection
2019-10-18 07:54:38,834 [4b487190-7547-40c7-b780-43c37a89e8eb@group-BAC069DAEF17-LeaderElection285] INFO  impl.RoleInfo (RoleInfo.java:updateAndGet(143)) - 4b487190-7547-40c7-b780-43c37a89e8eb: start FollowerState
2019-10-18 07:54:39,021 [Thread-2186] INFO  impl.FollowerState (FollowerState.java:run(108)) - 4b487190-7547-40c7-b780-43c37a89e8eb@group-BAC069DAEF17-FollowerState: change to CANDIDATE, lastRpcTime:187ms, electionTimeout:187ms
2019-10-18 07:54:39,022 [Thread-2186] INFO  impl.RoleInfo (RoleInfo.java:shutdownFollowerState(121)) - 4b487190-7547-40c7-b780-43c37a89e8eb: shutdown FollowerState
2019-10-18 07:54:39,022 [Thread-2186] INFO  impl.RaftServerImpl (RaftServerImpl.java:setRole(184)) - 4b487190-7547-40c7-b780-43c37a89e8eb@group-BAC069DAEF17: changes role from  FOLLOWER to CANDIDATE at term 300 for changeToCandidate
2019-10-18 07:54:39,022 [Thread-2186] INFO  impl.RoleInfo (RoleInfo.java:updateAndGet(143)) - 4b487190-7547-40c7-b780-43c37a89e8eb: start LeaderElection
2019-10-18 07:54:39,036 [4b487190-7547-40c7-b780-43c37a89e8eb@group-BAC069DAEF17-LeaderElection286] INFO  impl.LeaderElection (LeaderElection.java:askForVotes(178)) - 4b487190-7547-40c7-b780-43c37a89e8eb@group-BAC069DAEF17-LeaderElection286: begin an election at term 301 for -1: [6fa005cd-25d6-4e29-bda6-9462a060c098:192.168.69.67:36093, 4b487190-7547-40c7-b780-43c37a89e8eb:192.168.69.67:39683, 3d3aac8b-d4d1-454d-bf0c-88a180692893:192.168.69.67:34429], old=null
2019-10-18 07:54:39,039 [4b487190-7547-40c7-b780-43c37a89e8eb@group-BAC069DAEF17-LeaderElection286] INFO  impl.LeaderElection (LeaderElection.java:logAndReturn(56)) - 4b487190-7547-40c7-b780-43c37a89e8eb@group-BAC069DAEF17-LeaderElection286: Election TIMEOUT; received 0 response(s) [] and 0 exception(s); 4b487190-7547-40c7-b780-43c37a89e8eb@group-BAC069DAEF17:t301, leader=null, voted=4b487190-7547-40c7-b780-43c37a89e8eb, raftlog=4b487190-7547-40c7-b780-43c37a89e8eb@group-BAC069DAEF17-SegmentedRaftLog:OPENED:c-1,f-1,i0, conf=-1: [6fa005cd-25d6-4e29-bda6-9462a060c098:192.168.69.67:36093, 4b487190-7547-40c7-b780-43c37a89e8eb:192.168.69.67:39683, 3d3aac8b-d4d1-454d-bf0c-88a180692893:192.168.69.67:34429], old=null
2019-10-18 07:54:39,039 [grpc-default-executor-6] INFO  impl.RaftServerImpl (RaftServerImpl.java:setRole(184)) - 3d3aac8b-d4d1-454d-bf0c-88a180692893@group-BAC069DAEF17: changes role from  FOLLOWER to FOLLOWER at term 301 for recognizeCandidate:4b487190-7547-40c7-b780-43c37a89e8eb
2019-10-18 07:54:39,039 [grpc-default-executor-6] INFO  impl.RoleInfo (RoleInfo.java:shutdownFollowerState(121)) - 3d3aac8b-d4d1-454d-bf0c-88a180692893: shutdown FollowerState
2019-10-18 07:54:39,039 [grpc-default-executor-0] INFO  impl.RaftServerImpl (RaftServerImpl.java:setRole(184)) - 6fa005cd-25d6-4e29-bda6-9462a060c098@group-BAC069DAEF17: changes role from  FOLLOWER to FOLLOWER at term 301 for recognizeCandidate:4b487190-7547-40c7-b780-43c37a89e8eb
2019-10-18 07:54:39,040 [grpc-default-executor-0] INFO  impl.RoleInfo (RoleInfo.java:shutdownFollowerState(121)) - 6fa005cd-25d6-4e29-bda6-9462a060c098: shutdown FollowerState
2019-10-18 07:54:39,039 [Thread-2184] INFO  impl.FollowerState (FollowerState.java:run(117)) - 3d3aac8b-d4d1-454d-bf0c-88a180692893@group-BAC069DAEF17-FollowerState was interrupted: java.lang.InterruptedException: sleep interrupted
2019-10-18 07:54:39,039 [grpc-default-executor-6] INFO  impl.RoleInfo (RoleInfo.java:updateAndGet(143)) - 3d3aac8b-d4d1-454d-bf0c-88a180692893: start FollowerState
2019-10-18 07:54:39,040 [Thread-2185] INFO  impl.FollowerState (FollowerState.java:run(117)) - 6fa005cd-25d6-4e29-bda6-9462a060c098@group-BAC069DAEF17-FollowerState was interrupted: java.lang.InterruptedException: sleep interrupted
2019-10-18 07:54:39,040 [grpc-default-executor-0] INFO  impl.RoleInfo (RoleInfo.java:updateAndGet(143)) - 6fa005cd-25d6-4e29-bda6-9462a060c098: start FollowerState
2019-10-18 07:54:39,054 [4b487190-7547-40c7-b780-43c37a89e8eb@group-BAC069DAEF17-LeaderElection286] INFO  impl.LeaderElection (LeaderElection.java:askForVotes(178)) - 4b487190-7547-40c7-b780-43c37a89e8eb@group-BAC069DAEF17-LeaderElection286: begin an election at term 302 for -1: [6fa005cd-25d6-4e29-bda6-9462a060c098:192.168.69.67:36093, 4b487190-7547-40c7-b780-43c37a89e8eb:192.168.69.67:39683, 3d3aac8b-d4d1-454d-bf0c-88a180692893:192.168.69.67:34429], old=null
2019-10-18 07:54:39,055 [grpc-default-executor-0] INFO  impl.RaftServerImpl (RaftServerImpl.java:setRole(184)) - 6fa005cd-25d6-4e29-bda6-9462a060c098@group-BAC069DAEF17: changes role from  FOLLOWER to FOLLOWER at term 302 for recognizeCandidate:4b487190-7547-40c7-b780-43c37a89e8eb
2019-10-18 07:54:39,055 [grpc-default-executor-0] INFO  impl.RoleInfo (RoleInfo.java:shutdownFollowerState(121)) - 6fa005cd-25d6-4e29-bda6-9462a060c098: shutdown FollowerState
2019-10-18 07:54:39,056 [grpc-default-executor-0] INFO  impl.RoleInfo (RoleInfo.java:updateAndGet(143)) - 6fa005cd-25d6-4e29-bda6-9462a060c098: start FollowerState
2019-10-18 07:54:39,056 [Thread-2191] INFO  impl.FollowerState (FollowerState.java:run(117)) - 6fa005cd-25d6-4e29-bda6-9462a060c098@group-BAC069DAEF17-FollowerState was interrupted: java.lang.InterruptedException: sleep interrupted
2019-10-18 07:54:39,056 [grpc-default-executor-6] INFO  impl.RaftServerImpl (RaftServerImpl.java:setRole(184)) - 3d3aac8b-d4d1-454d-bf0c-88a180692893@group-BAC069DAEF17: changes role from  FOLLOWER to FOLLOWER at term 302 for recognizeCandidate:4b487190-7547-40c7-b780-43c37a89e8eb
2019-10-18 07:54:39,056 [grpc-default-executor-6] INFO  impl.RoleInfo (RoleInfo.java:shutdownFollowerState(121)) - 3d3aac8b-d4d1-454d-bf0c-88a180692893: shutdown FollowerState
2019-10-18 07:54:39,056 [grpc-default-executor-6] INFO  impl.RoleInfo (RoleInfo.java:updateAndGet(143)) - 3d3aac8b-d4d1-454d-bf0c-88a180692893: start FollowerState
2019-10-18 07:54:39,056 [Thread-2190] INFO  impl.FollowerState (FollowerState.java:run(117)) - 3d3aac8b-d4d1-454d-bf0c-88a180692893@group-BAC069DAEF17-FollowerState was interrupted: java.lang.InterruptedException: sleep interrupted
2019-10-18 07:54:39,069 [4b487190-7547-40c7-b780-43c37a89e8eb@group-BAC069DAEF17-LeaderElection286] INFO  impl.LeaderElection (LeaderElection.java:logAndReturn(56)) - 4b487190-7547-40c7-b780-43c37a89e8eb@group-BAC069DAEF17-LeaderElection286: Election REJECTED; received 2 response(s) [4b487190-7547-40c7-b780-43c37a89e8eb<-6fa005cd-25d6-4e29-bda6-9462a060c098#0:FAIL-t302, 4b487190-7547-40c7-b780-43c37a89e8eb<-3d3aac8b-d4d1-454d-bf0c-88a180692893#0:FAIL-t302] and 0 exception(s); 4b487190-7547-40c7-b780-43c37a89e8eb@group-BAC069DAEF17:t302, leader=null, voted=4b487190-7547-40c7-b780-43c37a89e8eb, raftlog=4b487190-7547-40c7-b780-43c37a89e8eb@group-BAC069DAEF17-SegmentedRaftLog:OPENED:c-1,f-1,i0, conf=-1: [6fa005cd-25d6-4e29-bda6-9462a060c098:192.168.69.67:36093, 4b487190-7547-40c7-b780-43c37a89e8eb:192.168.69.67:39683, 3d3aac8b-d4d1-454d-bf0c-88a180692893:192.168.69.67:34429], old=null
2019-10-18 07:54:39,069 [4b487190-7547-40c7-b780-43c37a89e8eb@group-BAC069DAEF17-LeaderElection286] INFO  impl.RaftServerImpl (RaftServerImpl.java:setRole(184)) - 4b487190-7547-40c7-b780-43c37a89e8eb@group-BAC069DAEF17: changes role from CANDIDATE to FOLLOWER at term 302 for DISCOVERED_A_NEW_TERM
2019-10-18 07:54:39,069 [4b487190-7547-40c7-b780-43c37a89e8eb@group-BAC069DAEF17-LeaderElection286] INFO  impl.RoleInfo (RoleInfo.java:shutdownLeaderElection(134)) - 4b487190-7547-40c7-b780-43c37a89e8eb: shutdown LeaderElection
2019-10-18 07:54:39,069 [4b487190-7547-40c7-b780-43c37a89e8eb@group-BAC069DAEF17-LeaderElection286] INFO  impl.RoleInfo (RoleInfo.java:updateAndGet(143)) - 4b487190-7547-40c7-b780-43c37a89e8eb: start FollowerState
2019-10-18 07:54:39,107 [Thread-2196] INFO  impl.FollowerState (FollowerState.java:run(108)) - 4b487190-7547-40c7-b780-43c37a89e8eb@group-BAC069DAEF17-FollowerState: change to CANDIDATE, lastRpcTime:38ms, electionTimeout:38ms
2019-10-18 07:54:39,108 [Thread-2196] INFO  impl.RoleInfo (RoleInfo.java:shutdownFollowerState(121)) - 4b487190-7547-40c7-b780-43c37a89e8eb: shutdown FollowerState
2019-10-18 07:54:39,108 [Thread-2196] INFO  impl.RaftServerImpl (RaftServerImpl.java:setRole(184)) - 4b487190-7547-40c7-b780-43c37a89e8eb@group-BAC069DAEF17: changes role from  FOLLOWER to CANDIDATE at term 302 for changeToCandidate
2019-10-18 07:54:39,108 [Thread-2196] INFO  impl.RoleInfo (RoleInfo.java:updateAndGet(143)) - 4b487190-7547-40c7-b780-43c37a89e8eb: start LeaderElection
2019-10-18 07:54:39,122 [4b487190-7547-40c7-b780-43c37a89e8eb@group-BAC069DAEF17-LeaderElection287] INFO  impl.LeaderElection (LeaderElection.java:askForVotes(178)) - 4b487190-7547-40c7-b780-43c37a89e8eb@group-BAC069DAEF17-LeaderElection287: begin an election at term 303 for -1: [6fa005cd-25d6-4e29-bda6-9462a060c098:192.168.69.67:36093, 4b487190-7547-40c7-b780-43c37a89e8eb:192.168.69.67:39683, 3d3aac8b-d4d1-454d-bf0c-88a180692893:192.168.69.67:34429], old=null
2019-10-18 07:54:39,123 [grpc-default-executor-0] INFO  impl.RaftServerImpl (RaftServerImpl.java:setRole(184)) - 6fa005cd-25d6-4e29-bda6-9462a060c098@group-BAC069DAEF17: changes role from  FOLLOWER to FOLLOWER at term 303 for recognizeCandidate:4b487190-7547-40c7-b780-43c37a89e8eb
2019-10-18 07:54:39,123 [grpc-default-executor-0] INFO  impl.RoleInfo (RoleInfo.java:shutdownFollowerState(121)) - 6fa005cd-25d6-4e29-bda6-9462a060c098: shutdown FollowerState
2019-10-18 07:54:39,124 [grpc-default-executor-6] INFO  impl.RaftServerImpl (RaftServerImpl.java:setRole(184)) - 3d3aac8b-d4d1-454d-bf0c-88a180692893@group-BAC069DAEF17: changes role from  FOLLOWER to FOLLOWER at term 303 for recognizeCandidate:4b487190-7547-40c7-b780-43c37a89e8eb
2019-10-18 07:54:39,124 [grpc-default-executor-6] INFO  impl.RoleInfo (RoleInfo.java:shutdownFollowerState(121)) - 3d3aac8b-d4d1-454d-bf0c-88a180692893: shutdown FollowerState
2019-10-18 07:54:39,124 [Thread-2194] INFO  impl.FollowerState (FollowerState.java:run(117)) - 6fa005cd-25d6-4e29-bda6-9462a060c098@group-BAC069DAEF17-FollowerState was interrupted: java.lang.InterruptedException: sleep interrupted
2019-10-18 07:54:39,124 [Thread-2195] INFO  impl.FollowerState (FollowerState.java:run(117)) - 3d3aac8b-d4d1-454d-bf0c-88a180692893@group-BAC069DAEF17-FollowerState was interrupted: java.lang.InterruptedException: sleep interrupted
2019-10-18 07:54:39,124 [grpc-default-executor-0] INFO  impl.RoleInfo (RoleInfo.java:updateAndGet(143)) - 6fa005cd-25d6-4e29-bda6-9462a060c098: start FollowerState
2019-10-18 07:54:39,124 [grpc-default-executor-6] INFO  impl.RoleInfo (RoleInfo.java:updateAndGet(143)) - 3d3aac8b-d4d1-454d-bf0c-88a180692893: start FollowerState
2019-10-18 07:54:39,139 [4b487190-7547-40c7-b780-43c37a89e8eb@group-BAC069DAEF17-LeaderElection287] INFO  impl.LeaderElection (LeaderElection.java:logAndReturn(56)) - 4b487190-7547-40c7-b780-43c37a89e8eb@group-BAC069DAEF17-LeaderElection287: Election REJECTED; received 2 response(s) [4b487190-7547-40c7-b780-43c37a89e8eb<-6fa005cd-25d6-4e29-bda6-9462a060c098#0:FAIL-t303, 4b487190-7547-40c7-b780-43c37a89e8eb<-3d3aac8b-d4d1-454d-bf0c-88a180692893#0:FAIL-t303] and 0 exception(s); 4b487190-7547-40c7-b780-43c37a89e8eb@group-BAC069DAEF17:t303, leader=null, voted=4b487190-7547-40c7-b780-43c37a89e8eb, raftlog=4b487190-7547-40c7-b780-43c37a89e8eb@group-BAC069DAEF17-SegmentedRaftLog:OPENED:c-1,f-1,i0, conf=-1: [6fa005cd-25d6-4e29-bda6-9462a060c098:192.168.69.67:36093, 4b487190-7547-40c7-b780-43c37a89e8eb:192.168.69.67:39683, 3d3aac8b-d4d1-454d-bf0c-88a180692893:192.168.69.67:34429], old=null
2019-10-18 07:54:39,139 [4b487190-7547-40c7-b780-43c37a89e8eb@group-BAC069DAEF17-LeaderElection287] INFO  impl.RaftServerImpl (RaftServerImpl.java:setRole(184)) - 4b487190-7547-40c7-b780-43c37a89e8eb@group-BAC069DAEF17: changes role from CANDIDATE to FOLLOWER at term 303 for DISCOVERED_A_NEW_TERM
2019-10-18 07:54:39,139 [4b487190-7547-40c7-b780-43c37a89e8eb@group-BAC069DAEF17-LeaderElection287] INFO  impl.RoleInfo (RoleInfo.java:shutdownLeaderElection(134)) - 4b487190-7547-40c7-b780-43c37a89e8eb: shutdown LeaderElection
2019-10-18 07:54:39,139 [4b487190-7547-40c7-b780-43c37a89e8eb@group-BAC069DAEF17-LeaderElection287] INFO  impl.RoleInfo (RoleInfo.java:updateAndGet(143)) - 4b487190-7547-40c7-b780-43c37a89e8eb: start FollowerState
2019-10-18 07:54:39,187 [Thread-2202] INFO  impl.FollowerState (FollowerState.java:run(108)) - 4b487190-7547-40c7-b780-43c37a89e8eb@group-BAC069DAEF17-FollowerState: change to CANDIDATE, lastRpcTime:48ms, electionTimeout:48ms
2019-10-18 07:54:39,188 [Thread-2202] INFO  impl.RoleInfo (RoleInfo.java:shutdownFollowerState(121)) - 4b487190-7547-40c7-b780-43c37a89e8eb: shutdown FollowerState
2019-10-18 07:54:39,188 [Thread-2202] INFO  impl.RaftServerImpl (RaftServerImpl.java:setRole(184)) - 4b487190-7547-40c7-b780-43c37a89e8eb@group-BAC069DAEF17: changes role from  FOLLOWER to CANDIDATE at term 303 for changeToCandidate
2019-10-18 07:54:39,188 [Thread-2202] INFO  impl.RoleInfo (RoleInfo.java:updateAndGet(143)) - 4b487190-7547-40c7-b780-43c37a89e8eb: start LeaderElection
2019-10-18 07:54:39,201 [4b487190-7547-40c7-b780-43c37a89e8eb@group-BAC069DAEF17-LeaderElection288] INFO  impl.LeaderElection (LeaderElection.java:askForVotes(178)) - 4b487190-7547-40c7-b780-43c37a89e8eb@group-BAC069DAEF17-LeaderElection288: begin an election at term 304 for -1: [6fa005cd-25d6-4e29-bda6-9462a060c098:192.168.69.67:36093, 4b487190-7547-40c7-b780-43c37a89e8eb:192.168.69.67:39683, 3d3aac8b-d4d1-454d-bf0c-88a180692893:192.168.69.67:34429], old=null
2019-10-18 07:54:39,203 [grpc-default-executor-0] INFO  impl.RaftServerImpl (RaftServerImpl.java:setRole(184)) - 6fa005cd-25d6-4e29-bda6-9462a060c098@group-BAC069DAEF17: changes role from  FOLLOWER to FOLLOWER at term 304 for recognizeCandidate:4b487190-7547-40c7-b780-43c37a89e8eb
2019-10-18 07:54:39,203 [grpc-default-executor-6] INFO  impl.RaftServerImpl (RaftServerImpl.java:setRole(184)) - 3d3aac8b-d4d1-454d-bf0c-88a180692893@group-BAC069DAEF17: changes role from  FOLLOWER to FOLLOWER at term 304 for recognizeCandidate:4b487190-7547-40c7-b780-43c37a89e8eb
2019-10-18 07:54:39,203 [grpc-default-executor-0] INFO  impl.RoleInfo (RoleInfo.java:shutdownFollowerState(121)) - 6fa005cd-25d6-4e29-bda6-9462a060c098: shutdown FollowerState
2019-10-18 07:54:39,203 [grpc-default-executor-6] INFO  impl.RoleInfo (RoleInfo.java:shutdownFollowerState(121)) - 3d3aac8b-d4d1-454d-bf0c-88a180692893: shutdown FollowerState
2019-10-18 07:54:39,203 [Thread-2200] INFO  impl.FollowerState (FollowerState.java:run(117)) - 6fa005cd-25d6-4e29-bda6-9462a060c098@group-BAC069DAEF17-FollowerState was interrupted: java.lang.InterruptedException: sleep interrupted
2019-10-18 07:54:39,203 [grpc-default-executor-0] INFO  impl.RoleInfo (RoleInfo.java:updateAndGet(143)) - 6fa005cd-25d6-4e29-bda6-9462a060c098: start FollowerState
2019-10-18 07:54:39,204 [Thread-2201] INFO  impl.FollowerState (FollowerState.java:run(117)) - 3d3aac8b-d4d1-454d-bf0c-88a180692893@group-BAC069DAEF17-FollowerState was interrupted: java.lang.InterruptedException: sleep interrupted
2019-10-18 07:54:39,203 [grpc-default-executor-6] INFO  impl.RoleInfo (RoleInfo.java:updateAndGet(143)) - 3d3aac8b-d4d1-454d-bf0c-88a180692893: start FollowerState
2019-10-18 07:54:39,219 [4b487190-7547-40c7-b780-43c37a89e8eb@group-BAC069DAEF17-LeaderElection288] INFO  impl.LeaderElection (LeaderElection.java:logAndReturn(56)) - 4b487190-7547-40c7-b780-43c37a89e8eb@group-BAC069DAEF17-LeaderElection288: Election REJECTED; received 2 response(s) [4b487190-7547-40c7-b780-43c37a89e8eb<-6fa005cd-25d6-4e29-bda6-9462a060c098#0:FAIL-t304, 4b487190-7547-40c7-b780-43c37a89e8eb<-3d3aac8b-d4d1-454d-bf0c-88a180692893#0:FAIL-t304] and 0 exception(s); 4b487190-7547-40c7-b780-43c37a89e8eb@group-BAC069DAEF17:t304, leader=null, voted=4b487190-7547-40c7-b780-43c37a89e8eb, raftlog=4b487190-7547-40c7-b780-43c37a89e8eb@group-BAC069DAEF17-SegmentedRaftLog:OPENED:c-1,f-1,i0, conf=-1: [6fa005cd-25d6-4e29-bda6-9462a060c098:192.168.69.67:36093, 4b487190-7547-40c7-b780-43c37a89e8eb:192.168.69.67:39683, 3d3aac8b-d4d1-454d-bf0c-88a180692893:192.168.69.67:34429], old=null
2019-10-18 07:54:39,219 [4b487190-7547-40c7-b780-43c37a89e8eb@group-BAC069DAEF17-LeaderElection288] INFO  impl.RaftServerImpl (RaftServerImpl.java:setRole(184)) - 4b487190-7547-40c7-b780-43c37a89e8eb@group-BAC069DAEF17: changes role from CANDIDATE to FOLLOWER at term 304 for DISCOVERED_A_NEW_TERM
2019-10-18 07:54:39,219 [4b487190-7547-40c7-b780-43c37a89e8eb@group-BAC069DAEF17-LeaderElection288] INFO  impl.RoleInfo (RoleInfo.java:shutdownLeaderElection(134)) - 4b487190-7547-40c7-b780-43c37a89e8eb: shutdown LeaderElection
2019-10-18 07:54:39,219 [4b487190-7547-40c7-b780-43c37a89e8eb@group-BAC069DAEF17-LeaderElection288] INFO  impl.RoleInfo (RoleInfo.java:updateAndGet(143)) - 4b487190-7547-40c7-b780-43c37a89e8eb: start FollowerState
2019-10-18 07:54:39,287 [Thread-2208] INFO  impl.FollowerState (FollowerState.java:run(108)) - 4b487190-7547-40c7-b780-43c37a89e8eb@group-BAC069DAEF17-FollowerState: change to CANDIDATE, lastRpcTime:68ms, electionTimeout:68ms
2019-10-18 07:54:39,288 [Thread-2208] INFO  impl.RoleInfo (RoleInfo.java:shutdownFollowerState(121)) - 4b487190-7547-40c7-b780-43c37a89e8eb: shutdown FollowerState
2019-10-18 07:54:39,288 [Thread-2208] INFO  impl.RaftServerImpl (RaftServerImpl.java:setRole(184)) - 4b487190-7547-40c7-b780-43c37a89e8eb@group-BAC069DAEF17: changes role from  FOLLOWER to CANDIDATE at term 304 for changeToCandidate
2019-10-18 07:54:39,288 [Thread-2208] INFO  impl.RoleInfo (RoleInfo.java:updateAndGet(143)) - 4b487190-7547-40c7-b780-43c37a89e8eb: start LeaderElection
2019-10-18 07:54:39,302 [4b487190-7547-40c7-b780-43c37a89e8eb@group-BAC069DAEF17-LeaderElection289] INFO  impl.LeaderElection (LeaderElection.java:askForVotes(178)) - 4b487190-7547-40c7-b780-43c37a89e8eb@group-BAC069DAEF17-LeaderElection289: begin an election at term 305 for -1: [6fa005cd-25d6-4e29-bda6-9462a060c098:192.168.69.67:36093, 4b487190-7547-40c7-b780-43c37a89e8eb:192.168.69.67:39683, 3d3aac8b-d4d1-454d-bf0c-88a180692893:192.168.69.67:34429], old=null
2019-10-18 07:54:39,304 [grpc-default-executor-6] INFO  impl.RaftServerImpl (RaftServerImpl.java:setRole(184)) - 6fa005cd-25d6-4e29-bda6-9462a060c098@group-BAC069DAEF17: changes role from  FOLLOWER to FOLLOWER at term 305 for recognizeCandidate:4b487190-7547-40c7-b780-43c37a89e8eb
2019-10-18 07:54:39,304 [grpc-default-executor-0] INFO  impl.RaftServerImpl (RaftServerImpl.java:setRole(184)) - 3d3aac8b-d4d1-454d-bf0c-88a180692893@group-BAC069DAEF17: changes role from  FOLLOWER to FOLLOWER at term 305 for recognizeCandidate:4b487190-7547-40c7-b780-43c37a89e8eb
2019-10-18 07:54:39,305 [grpc-default-executor-0] INFO  impl.RoleInfo (RoleInfo.java:shutdownFollowerState(121)) - 3d3aac8b-d4d1-454d-bf0c-88a180692893: shutdown FollowerState
2019-10-18 07:54:39,304 [grpc-default-executor-6] INFO  impl.RoleInfo (RoleInfo.java:shutdownFollowerState(121)) - 6fa005cd-25d6-4e29-bda6-9462a060c098: shutdown FollowerState
2019-10-18 07:54:39,305 [Thread-2207] INFO  impl.FollowerState (FollowerState.java:run(117)) - 3d3aac8b-d4d1-454d-bf0c-88a180692893@group-BAC069DAEF17-FollowerState was interrupted: java.lang.InterruptedException: sleep interrupted
2019-10-18 07:54:39,305 [Thread-2206] INFO  impl.FollowerState (FollowerState.java:run(117)) - 6fa005cd-25d6-4e29-bda6-9462a060c098@group-BAC069DAEF17-FollowerState was interrupted: java.lang.InterruptedException: sleep interrupted
2019-10-18 07:54:39,305 [grpc-default-executor-0] INFO  impl.RoleInfo (RoleInfo.java:updateAndGet(143)) - 3d3aac8b-d4d1-454d-bf0c-88a180692893: start FollowerState
2019-10-18 07:54:39,305 [grpc-default-executor-6] INFO  impl.RoleInfo (RoleInfo.java:updateAndGet(143)) - 6fa005cd-25d6-4e29-bda6-9462a060c098: start FollowerState
2019-10-18 07:54:39,319 [4b487190-7547-40c7-b780-43c37a89e8eb@group-BAC069DAEF17-LeaderElection289] INFO  impl.LeaderElection (LeaderElection.java:logAndReturn(56)) - 4b487190-7547-40c7-b780-43c37a89e8eb@group-BAC069DAEF17-LeaderElection289: Election REJECTED; received 2 response(s) [4b487190-7547-40c7-b780-43c37a89e8eb<-6fa005cd-25d6-4e29-bda6-9462a060c098#0:FAIL-t305, 4b487190-7547-40c7-b780-43c37a89e8eb<-3d3aac8b-d4d1-454d-bf0c-88a180692893#0:FAIL-t305] and 0 exception(s); 4b487190-7547-40c7-b780-43c37a89e8eb@group-BAC069DAEF17:t305, leader=null, voted=4b487190-7547-40c7-b780-43c37a89e8eb, raftlog=4b487190-7547-40c7-b780-43c37a89e8eb@group-BAC069DAEF17-SegmentedRaftLog:OPENED:c-1,f-1,i0, conf=-1: [6fa005cd-25d6-4e29-bda6-9462a060c098:192.168.69.67:36093, 4b487190-7547-40c7-b780-43c37a89e8eb:192.168.69.67:39683, 3d3aac8b-d4d1-454d-bf0c-88a180692893:192.168.69.67:34429], old=null
2019-10-18 07:54:39,320 [4b487190-7547-40c7-b780-43c37a89e8eb@group-BAC069DAEF17-LeaderElection289] INFO  impl.RaftServerImpl (RaftServerImpl.java:setRole(184)) - 4b487190-7547-40c7-b780-43c37a89e8eb@group-BAC069DAEF17: changes role from CANDIDATE to FOLLOWER at term 305 for DISCOVERED_A_NEW_TERM
2019-10-18 07:54:39,320 [4b487190-7547-40c7-b780-43c37a89e8eb@group-BAC069DAEF17-LeaderElection289] INFO  impl.RoleInfo (RoleInfo.java:shutdownLeaderElection(134)) - 4b487190-7547-40c7-b780-43c37a89e8eb: shutdown LeaderElection
2019-10-18 07:54:39,320 [4b487190-7547-40c7-b780-43c37a89e8eb@group-BAC069DAEF17-LeaderElection289] INFO  impl.RoleInfo (RoleInfo.java:updateAndGet(143)) - 4b487190-7547-40c7-b780-43c37a89e8eb: start FollowerState
2019-10-18 07:54:39,388 [Thread-2214] INFO  impl.FollowerState (FollowerState.java:run(108)) - 4b487190-7547-40c7-b780-43c37a89e8eb@group-BAC069DAEF17-FollowerState: change to CANDIDATE, lastRpcTime:67ms, electionTimeout:67ms
2019-10-18 07:54:39,388 [Thread-2214] INFO  impl.RoleInfo (RoleInfo.java:shutdownFollowerState(121)) - 4b487190-7547-40c7-b780-43c37a89e8eb: shutdown FollowerState
2019-10-18 07:54:39,388 [Thread-2214] INFO  impl.RaftServerImpl (RaftServerImpl.java:setRole(184)) - 4b487190-7547-40c7-b780-43c37a89e8eb@group-BAC069DAEF17: changes role from  FOLLOWER to CANDIDATE at term 305 for changeToCandidate
2019-10-18 07:54:39,388 [Thread-2214] INFO  impl.RoleInfo (RoleInfo.java:updateAndGet(143)) - 4b487190-7547-40c7-b780-43c37a89e8eb: start LeaderElection
2019-10-18 07:54:39,413 [4b487190-7547-40c7-b780-43c37a89e8eb@group-BAC069DAEF17-LeaderElection290] INFO  impl.LeaderElection (LeaderElection.java:askForVotes(178)) - 4b487190-7547-40c7-b780-43c37a89e8eb@group-BAC069DAEF17-LeaderElection290: begin an election at term 306 for -1: [6fa005cd-25d6-4e29-bda6-9462a060c098:192.168.69.67:36093, 4b487190-7547-40c7-b780-43c37a89e8eb:192.168.69.67:39683, 3d3aac8b-d4d1-454d-bf0c-88a180692893:192.168.69.67:34429], old=null
2019-10-18 07:54:39,415 [grpc-default-executor-0] INFO  impl.RaftServerImpl (RaftServerImpl.java:setRole(184)) - 3d3aac8b-d4d1-454d-bf0c-88a180692893@group-BAC069DAEF17: changes role from  FOLLOWER to FOLLOWER at term 306 for recognizeCandidate:4b487190-7547-40c7-b780-43c37a89e8eb
2019-10-18 07:54:39,415 [grpc-default-executor-6] INFO  impl.RaftServerImpl (RaftServerImpl.java:setRole(184)) - 6fa005cd-25d6-4e29-bda6-9462a060c098@group-BAC069DAEF17: changes role from  FOLLOWER to FOLLOWER at term 306 for recognizeCandidate:4b487190-7547-40c7-b780-43c37a89e8eb
2019-10-18 07:54:39,416 [grpc-default-executor-0] INFO  impl.RoleInfo (RoleInfo.java:shutdownFollowerState(121)) - 3d3aac8b-d4d1-454d-bf0c-88a180692893: shutdown FollowerState
2019-10-18 07:54:39,416 [grpc-default-executor-6] INFO  impl.RoleInfo (RoleInfo.java:shutdownFollowerState(121)) - 6fa005cd-25d6-4e29-bda6-9462a060c098: shutdown FollowerState
2019-10-18 07:54:39,416 [Thread-2212] INFO  impl.FollowerState (FollowerState.java:run(117)) - 3d3aac8b-d4d1-454d-bf0c-88a180692893@group-BAC069DAEF17-FollowerState was interrupted: java.lang.InterruptedException: sleep interrupted
2019-10-18 07:54:39,416 [grpc-default-executor-0] INFO  impl.RoleInfo (RoleInfo.java:updateAndGet(143)) - 3d3aac8b-d4d1-454d-bf0c-88a180692893: start FollowerState
2019-10-18 07:54:39,416 [grpc-default-executor-6] INFO  impl.RoleInfo (RoleInfo.java:updateAndGet(143)) - 6fa005cd-25d6-4e29-bda6-9462a060c098: start FollowerState
2019-10-18 07:54:39,416 [Thread-2213] INFO  impl.FollowerState (FollowerState.java:run(117)) - 6fa005cd-25d6-4e29-bda6-9462a060c098@group-BAC069DAEF17-FollowerState was interrupted: java.lang.InterruptedException: sleep interrupted
2019-10-18 07:54:39,419 [4b487190-7547-40c7-b780-43c37a89e8eb@group-BAC069DAEF17-LeaderElection290] INFO  impl.LeaderElection (LeaderElection.java:logAndReturn(56)) - 4b487190-7547-40c7-b780-43c37a89e8eb@group-BAC069DAEF17-LeaderElection290: Election TIMEOUT; received 0 response(s) [] and 0 exception(s); 4b487190-7547-40c7-b780-43c37a89e8eb@group-BAC069DAEF17:t306, leader=null, voted=4b487190-7547-40c7-b780-43c37a89e8eb, raftlog=4b487190-7547-40c7-b780-43c37a89e8eb@group-BAC069DAEF17-SegmentedRaftLog:OPENED:c-1,f-1,i0, conf=-1: [6fa005cd-25d6-4e29-bda6-9462a060c098:192.168.69.67:36093, 4b487190-7547-40c7-b780-43c37a89e8eb:192.168.69.67:39683, 3d3aac8b-d4d1-454d-bf0c-88a180692893:192.168.69.67:34429], old=null
2019-10-18 07:54:39,430 [4b487190-7547-40c7-b780-43c37a89e8eb@group-BAC069DAEF17-LeaderElection290] INFO  impl.LeaderElection (LeaderElection.java:askForVotes(178)) - 4b487190-7547-40c7-b780-43c37a89e8eb@group-BAC069DAEF17-LeaderElection290: begin an election at term 307 for -1: [6fa005cd-25d6-4e29-bda6-9462a060c098:192.168.69.67:36093, 4b487190-7547-40c7-b780-43c37a89e8eb:192.168.69.67:39683, 3d3aac8b-d4d1-454d-bf0c-88a180692893:192.168.69.67:34429], old=null
2019-10-18 07:54:39,432 [grpc-default-executor-0] INFO  impl.RaftServerImpl (RaftServerImpl.java:setRole(184)) - 3d3aac8b-d4d1-454d-bf0c-88a180692893@group-BAC069DAEF17: changes role from  FOLLOWER to FOLLOWER at term 307 for recognizeCandidate:4b487190-7547-40c7-b780-43c37a89e8eb
2019-10-18 07:54:39,432 [grpc-default-executor-0] INFO  impl.RoleInfo (RoleInfo.java:shutdownFollowerState(121)) - 3d3aac8b-d4d1-454d-bf0c-88a180692893: shutdown FollowerState
2019-10-18 07:54:39,432 [grpc-default-executor-0] INFO  impl.RoleInfo (RoleInfo.java:updateAndGet(143)) - 3d3aac8b-d4d1-454d-bf0c-88a180692893: start FollowerState
2019-10-18 07:54:39,432 [Thread-2218] INFO  impl.FollowerState (FollowerState.java:run(117)) - 3d3aac8b-d4d1-454d-bf0c-88a180692893@group-BAC069DAEF17-FollowerState was interrupted: java.lang.InterruptedException: sleep interrupted
2019-10-18 07:54:39,432 [grpc-default-executor-6] INFO  impl.RaftServerImpl (RaftServerImpl.java:setRole(184)) - 6fa005cd-25d6-4e29-bda6-9462a060c098@group-BAC069DAEF17: changes role from  FOLLOWER to FOLLOWER at term 307 for recognizeCandidate:4b487190-7547-40c7-b780-43c37a89e8eb
2019-10-18 07:54:39,433 [grpc-default-executor-6] INFO  impl.RoleInfo (RoleInfo.java:shutdownFollowerState(121)) - 6fa005cd-25d6-4e29-bda6-9462a060c098: shutdown FollowerState
2019-10-18 07:54:39,433 [grpc-default-executor-6] INFO  impl.RoleInfo (RoleInfo.java:updateAndGet(143)) - 6fa005cd-25d6-4e29-bda6-9462a060c098: start FollowerState
2019-10-18 07:54:39,433 [Thread-2219] INFO  impl.FollowerState (FollowerState.java:run(117)) - 6fa005cd-25d6-4e29-bda6-9462a060c098@group-BAC069DAEF17-FollowerState was interrupted: java.lang.InterruptedException: sleep interrupted
2019-10-18 07:54:39,447 [4b487190-7547-40c7-b780-43c37a89e8eb@group-BAC069DAEF17-LeaderElection290] INFO  impl.LeaderElection (LeaderElection.java:logAndReturn(56)) - 4b487190-7547-40c7-b780-43c37a89e8eb@group-BAC069DAEF17-LeaderElection290: Election REJECTED; received 2 response(s) [4b487190-7547-40c7-b780-43c37a89e8eb<-6fa005cd-25d6-4e29-bda6-9462a060c098#0:FAIL-t307, 4b487190-7547-40c7-b780-43c37a89e8eb<-3d3aac8b-d4d1-454d-bf0c-88a180692893#0:FAIL-t307] and 0 exception(s); 4b487190-7547-40c7-b780-43c37a89e8eb@group-BAC069DAEF17:t307, leader=null, voted=4b487190-7547-40c7-b780-43c37a89e8eb, raftlog=4b487190-7547-40c7-b780-43c37a89e8eb@group-BAC069DAEF17-SegmentedRaftLog:OPENED:c-1,f-1,i0, conf=-1: [6fa005cd-25d6-4e29-bda6-9462a060c098:192.168.69.67:36093, 4b487190-7547-40c7-b780-43c37a89e8eb:192.168.69.67:39683, 3d3aac8b-d4d1-454d-bf0c-88a180692893:192.168.69.67:34429], old=null
2019-10-18 07:54:39,447 [4b487190-7547-40c7-b780-43c37a89e8eb@group-BAC069DAEF17-LeaderElection290] INFO  impl.RaftServerImpl (RaftServerImpl.java:setRole(184)) - 4b487190-7547-40c7-b780-43c37a89e8eb@group-BAC069DAEF17: changes role from CANDIDATE to FOLLOWER at term 307 for DISCOVERED_A_NEW_TERM
2019-10-18 07:54:39,447 [4b487190-7547-40c7-b780-43c37a89e8eb@group-BAC069DAEF17-LeaderElection290] INFO  impl.RoleInfo (RoleInfo.java:shutdownLeaderElection(134)) - 4b487190-7547-40c7-b780-43c37a89e8eb: shutdown LeaderElection
2019-10-18 07:54:39,447 [4b487190-7547-40c7-b780-43c37a89e8eb@group-BAC069DAEF17-LeaderElection290] INFO  impl.RoleInfo (RoleInfo.java:updateAndGet(143)) - 4b487190-7547-40c7-b780-43c37a89e8eb: start FollowerState
2019-10-18 07:54:39,597 [Thread-2224] INFO  impl.FollowerState (FollowerState.java:run(108)) - 4b487190-7547-40c7-b780-43c37a89e8eb@group-BAC069DAEF17-FollowerState: change to CANDIDATE, lastRpcTime:150ms, electionTimeout:150ms
2019-10-18 07:54:39,598 [Thread-2224] INFO  impl.RoleInfo (RoleInfo.java:shutdownFollowerState(121)) - 4b487190-7547-40c7-b780-43c37a89e8eb: shutdown FollowerState
2019-10-18 07:54:39,598 [Thread-2224] INFO  impl.RaftServerImpl (RaftServerImpl.java:setRole(184)) - 4b487190-7547-40c7-b780-43c37a89e8eb@group-BAC069DAEF17: changes role from  FOLLOWER to CANDIDATE at term 307 for changeToCandidate
2019-10-18 07:54:39,598 [Thread-2224] INFO  impl.RoleInfo (RoleInfo.java:updateAndGet(143)) - 4b487190-7547-40c7-b780-43c37a89e8eb: start LeaderElection
2019-10-18 07:54:39,622 [4b487190-7547-40c7-b780-43c37a89e8eb@group-BAC069DAEF17-LeaderElection291] INFO  impl.LeaderElection (LeaderElection.java:askForVotes(178)) - 4b487190-7547-40c7-b780-43c37a89e8eb@group-BAC069DAEF17-LeaderElection291: begin an election at term 308 for -1: [6fa005cd-25d6-4e29-bda6-9462a060c098:192.168.69.67:36093, 4b487190-7547-40c7-b780-43c37a89e8eb:192.168.69.67:39683, 3d3aac8b-d4d1-454d-bf0c-88a180692893:192.168.69.67:34429], old=null
2019-10-18 07:54:39,624 [grpc-default-executor-0] INFO  impl.RaftServerImpl (RaftServerImpl.java:setRole(184)) - 6fa005cd-25d6-4e29-bda6-9462a060c098@group-BAC069DAEF17: changes role from  FOLLOWER to FOLLOWER at term 308 for recognizeCandidate:4b487190-7547-40c7-b780-43c37a89e8eb
2019-10-18 07:54:39,624 [grpc-default-executor-6] INFO  impl.RaftServerImpl (RaftServerImpl.java:setRole(184)) - 3d3aac8b-d4d1-454d-bf0c-88a180692893@group-BAC069DAEF17: changes role from  FOLLOWER to FOLLOWER at term 308 for recognizeCandidate:4b487190-7547-40c7-b780-43c37a89e8eb
2019-10-18 07:54:39,624 [grpc-default-executor-0] INFO  impl.RoleInfo (RoleInfo.java:shutdownFollowerState(121)) - 6fa005cd-25d6-4e29-bda6-9462a060c098: shutdown FollowerState
2019-10-18 07:54:39,624 [grpc-default-executor-6] INFO  impl.RoleInfo (RoleInfo.java:shutdownFollowerState(121)) - 3d3aac8b-d4d1-454d-bf0c-88a180692893: shutdown FollowerState
2019-10-18 07:54:39,624 [Thread-2223] INFO  impl.FollowerState (FollowerState.java:run(117)) - 6fa005cd-25d6-4e29-bda6-9462a060c098@group-BAC069DAEF17-FollowerState was interrupted: java.lang.InterruptedException: sleep interrupted
2019-10-18 07:54:39,624 [grpc-default-executor-0] INFO  impl.RoleInfo (RoleInfo.java:updateAndGet(143)) - 6fa005cd-25d6-4e29-bda6-9462a060c098: start FollowerState
2019-10-18 07:54:39,625 [Thread-2222] INFO  impl.FollowerState (FollowerState.java:run(117)) - 3d3aac8b-d4d1-454d-bf0c-88a180692893@group-BAC069DAEF17-FollowerState was interrupted: java.lang.InterruptedException: sleep interrupted
2019-10-18 07:54:39,625 [grpc-default-executor-6] INFO  impl.RoleInfo (RoleInfo.java:updateAndGet(143)) - 3d3aac8b-d4d1-454d-bf0c-88a180692893: start FollowerState
2019-10-18 07:54:39,639 [4b487190-7547-40c7-b780-43c37a89e8eb@group-BAC069DAEF17-LeaderElection291] INFO  impl.LeaderElection (LeaderElection.java:logAndReturn(56)) - 4b487190-7547-40c7-b780-43c37a89e8eb@group-BAC069DAEF17-LeaderElection291: Election REJECTED; received 2 response(s) [4b487190-7547-40c7-b780-43c37a89e8eb<-6fa005cd-25d6-4e29-bda6-9462a060c098#0:FAIL-t308, 4b487190-7547-40c7-b780-43c37a89e8eb<-3d3aac8b-d4d1-454d-bf0c-88a180692893#0:FAIL-t308] and 0 exception(s); 4b487190-7547-40c7-b780-43c37a89e8eb@group-BAC069DAEF17:t308, leader=null, voted=4b487190-7547-40c7-b780-43c37a89e8eb, raftlog=4b487190-7547-40c7-b780-43c37a89e8eb@group-BAC069DAEF17-SegmentedRaftLog:OPENED:c-1,f-1,i0, conf=-1: [6fa005cd-25d6-4e29-bda6-9462a060c098:192.168.69.67:36093, 4b487190-7547-40c7-b780-43c37a89e8eb:192.168.69.67:39683, 3d3aac8b-d4d1-454d-bf0c-88a180692893:192.168.69.67:34429], old=null
2019-10-18 07:54:39,639 [4b487190-7547-40c7-b780-43c37a89e8eb@group-BAC069DAEF17-LeaderElection291] INFO  impl.RaftServerImpl (RaftServerImpl.java:setRole(184)) - 4b487190-7547-40c7-b780-43c37a89e8eb@group-BAC069DAEF17: changes role from CANDIDATE to FOLLOWER at term 308 for DISCOVERED_A_NEW_TERM
2019-10-18 07:54:39,639 [4b487190-7547-40c7-b780-43c37a89e8eb@group-BAC069DAEF17-LeaderElection291] INFO  impl.RoleInfo (RoleInfo.java:shutdownLeaderElection(134)) - 4b487190-7547-40c7-b780-43c37a89e8eb: shutdown LeaderElection
2019-10-18 07:54:39,639 [4b487190-7547-40c7-b780-43c37a89e8eb@group-BAC069DAEF17-LeaderElection291] INFO  impl.RoleInfo (RoleInfo.java:updateAndGet(143)) - 4b487190-7547-40c7-b780-43c37a89e8eb: start FollowerState
2019-10-18 07:54:39,664 [Thread-2230] INFO  impl.FollowerState (FollowerState.java:run(108)) - 4b487190-7547-40c7-b780-43c37a89e8eb@group-BAC069DAEF17-FollowerState: change to CANDIDATE, lastRpcTime:24ms, electionTimeout:24ms
2019-10-18 07:54:39,664 [Thread-2230] INFO  impl.RoleInfo (RoleInfo.java:shutdownFollowerState(121)) - 4b487190-7547-40c7-b780-43c37a89e8eb: shutdown FollowerState
2019-10-18 07:54:39,664 [Thread-2230] INFO  impl.RaftServerImpl (RaftServerImpl.java:setRole(184)) - 4b487190-7547-40c7-b780-43c37a89e8eb@group-BAC069DAEF17: changes role from  FOLLOWER to CANDIDATE at term 308 for changeToCandidate
2019-10-18 07:54:39,664 [Thread-2230] INFO  impl.RoleInfo (RoleInfo.java:updateAndGet(143)) - 4b487190-7547-40c7-b780-43c37a89e8eb: start LeaderElection
2019-10-18 07:54:39,678 [4b487190-7547-40c7-b780-43c37a89e8eb@group-BAC069DAEF17-LeaderElection292] INFO  impl.LeaderElection (LeaderElection.java:askForVotes(178)) - 4b487190-7547-40c7-b780-43c37a89e8eb@group-BAC069DAEF17-LeaderElection292: begin an election at term 309 for -1: [6fa005cd-25d6-4e29-bda6-9462a060c098:192.168.69.67:36093, 4b487190-7547-40c7-b780-43c37a89e8eb:192.168.69.67:39683, 3d3aac8b-d4d1-454d-bf0c-88a180692893:192.168.69.67:34429], old=null
2019-10-18 07:54:39,680 [grpc-default-executor-0] INFO  impl.RaftServerImpl (RaftServerImpl.java:setRole(184)) - 6fa005cd-25d6-4e29-bda6-9462a060c098@group-BAC069DAEF17: changes role from  FOLLOWER to FOLLOWER at term 309 for recognizeCandidate:4b487190-7547-40c7-b780-43c37a89e8eb
2019-10-18 07:54:39,680 [grpc-default-executor-0] INFO  impl.RoleInfo (RoleInfo.java:shutdownFollowerState(121)) - 6fa005cd-25d6-4e29-bda6-9462a060c098: shutdown FollowerState
2019-10-18 07:54:39,680 [grpc-default-executor-6] INFO  impl.RaftServerImpl (RaftServerImpl.java:setRole(184)) - 3d3aac8b-d4d1-454d-bf0c-88a180692893@group-BAC069DAEF17: changes role from  FOLLOWER to FOLLOWER at term 309 for recognizeCandidate:4b487190-7547-40c7-b780-43c37a89e8eb
2019-10-18 07:54:39,680 [grpc-default-executor-6] INFO  impl.RoleInfo (RoleInfo.java:shutdownFollowerState(121)) - 3d3aac8b-d4d1-454d-bf0c-88a180692893: shutdown FollowerState
2019-10-18 07:54:39,680 [Thread-2228] INFO  impl.FollowerState (FollowerState.java:run(117)) - 6fa005cd-25d6-4e29-bda6-9462a060c098@group-BAC069DAEF17-FollowerState was interrupted: java.lang.InterruptedException: sleep interrupted
2019-10-18 07:54:39,680 [Thread-2229] INFO  impl.FollowerState (FollowerState.java:run(117)) - 3d3aac8b-d4d1-454d-bf0c-88a180692893@group-BAC069DAEF17-FollowerState was interrupted: java.lang.InterruptedException: sleep interrupted
2019-10-18 07:54:39,680 [grpc-default-executor-0] INFO  impl.RoleInfo (RoleInfo.java:updateAndGet(143)) - 6fa005cd-25d6-4e29-bda6-9462a060c098: start FollowerState
2019-10-18 07:54:39,680 [grpc-default-executor-6] INFO  impl.RoleInfo (RoleInfo.java:updateAndGet(143)) - 3d3aac8b-d4d1-454d-bf0c-88a180692893: start FollowerState
2019-10-18 07:54:39,703 [4b487190-7547-40c7-b780-43c37a89e8eb@group-BAC069DAEF17-LeaderElection292] INFO  impl.LeaderElection (LeaderElection.java:logAndReturn(56)) - 4b487190-7547-40c7-b780-43c37a89e8eb@group-BAC069DAEF17-LeaderElection292: Election REJECTED; received 2 response(s) [4b487190-7547-40c7-b780-43c37a89e8eb<-6fa005cd-25d6-4e29-bda6-9462a060c098#0:FAIL-t309, 4b487190-7547-40c7-b780-43c37a89e8eb<-3d3aac8b-d4d1-454d-bf0c-88a180692893#0:FAIL-t309] and 0 exception(s); 4b487190-7547-40c7-b780-43c37a89e8eb@group-BAC069DAEF17:t309, leader=null, voted=4b487190-7547-40c7-b780-43c37a89e8eb, raftlog=4b487190-7547-40c7-b780-43c37a89e8eb@group-BAC069DAEF17-SegmentedRaftLog:OPENED:c-1,f-1,i0, conf=-1: [6fa005cd-25d6-4e29-bda6-9462a060c098:192.168.69.67:36093, 4b487190-7547-40c7-b780-43c37a89e8eb:192.168.69.67:39683, 3d3aac8b-d4d1-454d-bf0c-88a180692893:192.168.69.67:34429], old=null
2019-10-18 07:54:39,703 [4b487190-7547-40c7-b780-43c37a89e8eb@group-BAC069DAEF17-LeaderElection292] INFO  impl.RaftServerImpl (RaftServerImpl.java:setRole(184)) - 4b487190-7547-40c7-b780-43c37a89e8eb@group-BAC069DAEF17: changes role from CANDIDATE to FOLLOWER at term 309 for DISCOVERED_A_NEW_TERM
2019-10-18 07:54:39,703 [4b487190-7547-40c7-b780-43c37a89e8eb@group-BAC069DAEF17-LeaderElection292] INFO  impl.RoleInfo (RoleInfo.java:shutdownLeaderElection(134)) - 4b487190-7547-40c7-b780-43c37a89e8eb: shutdown LeaderElection
2019-10-18 07:54:39,703 [4b487190-7547-40c7-b780-43c37a89e8eb@group-BAC069DAEF17-LeaderElection292] INFO  impl.RoleInfo (RoleInfo.java:updateAndGet(143)) - 4b487190-7547-40c7-b780-43c37a89e8eb: start FollowerState
2019-10-18 07:54:39,822 [Thread-2236] INFO  impl.FollowerState (FollowerState.java:run(108)) - 4b487190-7547-40c7-b780-43c37a89e8eb@group-BAC069DAEF17-FollowerState: change to CANDIDATE, lastRpcTime:118ms, electionTimeout:118ms
2019-10-18 07:54:39,822 [Thread-2236] INFO  impl.RoleInfo (RoleInfo.java:shutdownFollowerState(121)) - 4b487190-7547-40c7-b780-43c37a89e8eb: shutdown FollowerState
2019-10-18 07:54:39,822 [Thread-2236] INFO  impl.RaftServerImpl (RaftServerImpl.java:setRole(184)) - 4b487190-7547-40c7-b780-43c37a89e8eb@group-BAC069DAEF17: changes role from  FOLLOWER to CANDIDATE at term 309 for changeToCandidate
2019-10-18 07:54:39,822 [Thread-2236] INFO  impl.RoleInfo (RoleInfo.java:updateAndGet(143)) - 4b487190-7547-40c7-b780-43c37a89e8eb: start LeaderElection
2019-10-18 07:54:39,835 [4b487190-7547-40c7-b780-43c37a89e8eb@group-BAC069DAEF17-LeaderElection293] INFO  impl.LeaderElection (LeaderElection.java:askForVotes(178)) - 4b487190-7547-40c7-b780-43c37a89e8eb@group-BAC069DAEF17-LeaderElection293: begin an election at term 310 for -1: [6fa005cd-25d6-4e29-bda6-9462a060c098:192.168.69.67:36093, 4b487190-7547-40c7-b780-43c37a89e8eb:192.168.69.67:39683, 3d3aac8b-d4d1-454d-bf0c-88a180692893:192.168.69.67:34429], old=null
2019-10-18 07:54:39,852 [grpc-default-executor-0] INFO  impl.RaftServerImpl (RaftServerImpl.java:setRole(184)) - 6fa005cd-25d6-4e29-bda6-9462a060c098@group-BAC069DAEF17: changes role from  FOLLOWER to FOLLOWER at term 310 for recognizeCandidate:4b487190-7547-40c7-b780-43c37a89e8eb
2019-10-18 07:54:39,853 [grpc-default-executor-6] INFO  impl.RaftServerImpl (RaftServerImpl.java:setRole(184)) - 3d3aac8b-d4d1-454d-bf0c-88a180692893@group-BAC069DAEF17: changes role from  FOLLOWER to FOLLOWER at term 310 for recognizeCandidate:4b487190-7547-40c7-b780-43c37a89e8eb
2019-10-18 07:54:39,853 [grpc-default-executor-0] INFO  impl.RoleInfo (RoleInfo.java:shutdownFollowerState(121)) - 6fa005cd-25d6-4e29-bda6-9462a060c098: shutdown FollowerState
2019-10-18 07:54:39,853 [grpc-default-executor-6] INFO  impl.RoleInfo (RoleInfo.java:shutdownFollowerState(121)) - 3d3aac8b-d4d1-454d-bf0c-88a180692893: shutdown FollowerState
2019-10-18 07:54:39,853 [Thread-2234] INFO  impl.FollowerState (FollowerState.java:run(117)) - 6fa005cd-25d6-4e29-bda6-9462a060c098@group-BAC069DAEF17-FollowerState was interrupted: java.lang.InterruptedException: sleep interrupted
2019-10-18 07:54:39,853 [grpc-default-executor-0] INFO  impl.RoleInfo (RoleInfo.java:updateAndGet(143)) - 6fa005cd-25d6-4e29-bda6-9462a060c098: start FollowerState
2019-10-18 07:54:39,853 [Thread-2235] INFO  impl.FollowerState (FollowerState.java:run(117)) - 3d3aac8b-d4d1-454d-bf0c-88a180692893@group-BAC069DAEF17-FollowerState was interrupted: java.lang.InterruptedException: sleep interrupted
2019-10-18 07:54:39,853 [grpc-default-executor-6] INFO  impl.RoleInfo (RoleInfo.java:updateAndGet(143)) - 3d3aac8b-d4d1-454d-bf0c-88a180692893: start FollowerState
2019-10-18 07:54:39,870 [4b487190-7547-40c7-b780-43c37a89e8eb@group-BAC069DAEF17-LeaderElection293] INFO  impl.LeaderElection (LeaderElection.java:logAndReturn(56)) - 4b487190-7547-40c7-b780-43c37a89e8eb@group-BAC069DAEF17-LeaderElection293: Election REJECTED; received 2 response(s) [4b487190-7547-40c7-b780-43c37a89e8eb<-6fa005cd-25d6-4e29-bda6-9462a060c098#0:FAIL-t310, 4b487190-7547-40c7-b780-43c37a89e8eb<-3d3aac8b-d4d1-454d-bf0c-88a180692893#0:FAIL-t310] and 0 exception(s); 4b487190-7547-40c7-b780-43c37a89e8eb@group-BAC069DAEF17:t310, leader=null, voted=4b487190-7547-40c7-b780-43c37a89e8eb, raftlog=4b487190-7547-40c7-b780-43c37a89e8eb@group-BAC069DAEF17-SegmentedRaftLog:OPENED:c-1,f-1,i0, conf=-1: [6fa005cd-25d6-4e29-bda6-9462a060c098:192.168.69.67:36093, 4b487190-7547-40c7-b780-43c37a89e8eb:192.168.69.67:39683, 3d3aac8b-d4d1-454d-bf0c-88a180692893:192.168.69.67:34429], old=null
2019-10-18 07:54:39,870 [4b487190-7547-40c7-b780-43c37a89e8eb@group-BAC069DAEF17-LeaderElection293] INFO  impl.RaftServerImpl (RaftServerImpl.java:setRole(184)) - 4b487190-7547-40c7-b780-43c37a89e8eb@group-BAC069DAEF17: changes role from CANDIDATE to FOLLOWER at term 310 for DISCOVERED_A_NEW_TERM
2019-10-18 07:54:39,870 [4b487190-7547-40c7-b780-43c37a89e8eb@group-BAC069DAEF17-LeaderElection293] INFO  impl.RoleInfo (RoleInfo.java:shutdownLeaderElection(134)) - 4b487190-7547-40c7-b780-43c37a89e8eb: shutdown LeaderElection
2019-10-18 07:54:39,870 [4b487190-7547-40c7-b780-43c37a89e8eb@group-BAC069DAEF17-LeaderElection293] INFO  impl.RoleInfo (RoleInfo.java:updateAndGet(143)) - 4b487190-7547-40c7-b780-43c37a89e8eb: start FollowerState
2019-10-18 07:54:39,874 [Thread-2242] INFO  impl.FollowerState (FollowerState.java:run(108)) - 4b487190-7547-40c7-b780-43c37a89e8eb@group-BAC069DAEF17-FollowerState: change to CANDIDATE, lastRpcTime:4ms, electionTimeout:4ms
2019-10-18 07:54:39,874 [Thread-2242] INFO  impl.RoleInfo (RoleInfo.java:shutdownFollowerState(121)) - 4b487190-7547-40c7-b780-43c37a89e8eb: shutdown FollowerState
2019-10-18 07:54:39,875 [Thread-2242] INFO  impl.RaftServerImpl (RaftServerImpl.java:setRole(184)) - 4b487190-7547-40c7-b780-43c37a89e8eb@group-BAC069DAEF17: changes role from  FOLLOWER to CANDIDATE at term 310 for changeToCandidate
2019-10-18 07:54:39,888 [Thread-2242] INFO  impl.RoleInfo (RoleInfo.java:updateAndGet(143)) - 4b487190-7547-40c7-b780-43c37a89e8eb: start LeaderElection
2019-10-18 07:54:39,897 [4b487190-7547-40c7-b780-43c37a89e8eb@group-BAC069DAEF17-LeaderElection294] INFO  impl.LeaderElection (LeaderElection.java:askForVotes(178)) - 4b487190-7547-40c7-b780-43c37a89e8eb@group-BAC069DAEF17-LeaderElection294: begin an election at term 311 for -1: [6fa005cd-25d6-4e29-bda6-9462a060c098:192.168.69.67:36093, 4b487190-7547-40c7-b780-43c37a89e8eb:192.168.69.67:39683, 3d3aac8b-d4d1-454d-bf0c-88a180692893:192.168.69.67:34429], old=null
2019-10-18 07:54:39,907 [grpc-default-executor-0] INFO  impl.RaftServerImpl (RaftServerImpl.java:setRole(184)) - 6fa005cd-25d6-4e29-bda6-9462a060c098@group-BAC069DAEF17: changes role from  FOLLOWER to FOLLOWER at term 311 for recognizeCandidate:4b487190-7547-40c7-b780-43c37a89e8eb
2019-10-18 07:54:39,907 [grpc-default-executor-0] INFO  impl.RoleInfo (RoleInfo.java:shutdownFollowerState(121)) - 6fa005cd-25d6-4e29-bda6-9462a060c098: shutdown FollowerState
2019-10-18 07:54:39,907 [grpc-default-executor-6] INFO  impl.RaftServerImpl (RaftServerImpl.java:setRole(184)) - 3d3aac8b-d4d1-454d-bf0c-88a180692893@group-BAC069DAEF17: changes role from  FOLLOWER to FOLLOWER at term 311 for recognizeCandidate:4b487190-7547-40c7-b780-43c37a89e8eb
2019-10-18 07:54:39,908 [grpc-default-executor-6] INFO  impl.RoleInfo (RoleInfo.java:shutdownFollowerState(121)) - 3d3aac8b-d4d1-454d-bf0c-88a180692893: shutdown FollowerState
2019-10-18 07:54:39,908 [Thread-2240] INFO  impl.FollowerState (FollowerState.java:run(117)) - 6fa005cd-25d6-4e29-bda6-9462a060c098@group-BAC069DAEF17-FollowerState was interrupted: java.lang.InterruptedException: sleep interrupted
2019-10-18 07:54:39,908 [grpc-default-executor-0] INFO  impl.RoleInfo (RoleInfo.java:updateAndGet(143)) - 6fa005cd-25d6-4e29-bda6-9462a060c098: start FollowerState
2019-10-18 07:54:39,922 [grpc-default-executor-6] INFO  impl.RoleInfo (RoleInfo.java:updateAndGet(143)) - 3d3aac8b-d4d1-454d-bf0c-88a180692893: start FollowerState
2019-10-18 07:54:39,922 [Thread-2241] INFO  impl.FollowerState (FollowerState.java:run(117)) - 3d3aac8b-d4d1-454d-bf0c-88a180692893@group-BAC069DAEF17-FollowerState was interrupted: java.lang.InterruptedException: sleep interrupted
2019-10-18 07:54:39,936 [4b487190-7547-40c7-b780-43c37a89e8eb@group-BAC069DAEF17-LeaderElection294] INFO  impl.LeaderElection (LeaderElection.java:logAndReturn(56)) - 4b487190-7547-40c7-b780-43c37a89e8eb@group-BAC069DAEF17-LeaderElection294: Election REJECTED; received 2 response(s) [4b487190-7547-40c7-b780-43c37a89e8eb<-6fa005cd-25d6-4e29-bda6-9462a060c098#0:FAIL-t311, 4b487190-7547-40c7-b780-43c37a89e8eb<-3d3aac8b-d4d1-454d-bf0c-88a180692893#0:FAIL-t311] and 0 exception(s); 4b487190-7547-40c7-b780-43c37a89e8eb@group-BAC069DAEF17:t311, leader=null, voted=4b487190-7547-40c7-b780-43c37a89e8eb, raftlog=4b487190-7547-40c7-b780-43c37a89e8eb@group-BAC069DAEF17-SegmentedRaftLog:OPENED:c-1,f-1,i0, conf=-1: [6fa005cd-25d6-4e29-bda6-9462a060c098:192.168.69.67:36093, 4b487190-7547-40c7-b780-43c37a89e8eb:192.168.69.67:39683, 3d3aac8b-d4d1-454d-bf0c-88a180692893:192.168.69.67:34429], old=null
2019-10-18 07:54:39,936 [4b487190-7547-40c7-b780-43c37a89e8eb@group-BAC069DAEF17-LeaderElection294] INFO  impl.RaftServerImpl (RaftServerImpl.java:setRole(184)) - 4b487190-7547-40c7-b780-43c37a89e8eb@group-BAC069DAEF17: changes role from CANDIDATE to FOLLOWER at term 311 for DISCOVERED_A_NEW_TERM
2019-10-18 07:54:39,936 [4b487190-7547-40c7-b780-43c37a89e8eb@group-BAC069DAEF17-LeaderElection294] INFO  impl.RoleInfo (RoleInfo.java:shutdownLeaderElection(134)) - 4b487190-7547-40c7-b780-43c37a89e8eb: shutdown LeaderElection
2019-10-18 07:54:39,936 [4b487190-7547-40c7-b780-43c37a89e8eb@group-BAC069DAEF17-LeaderElection294] INFO  impl.RoleInfo (RoleInfo.java:updateAndGet(143)) - 4b487190-7547-40c7-b780-43c37a89e8eb: start FollowerState
2019-10-18 07:54:39,967 [Thread-2248] INFO  impl.FollowerState (FollowerState.java:run(108)) - 4b487190-7547-40c7-b780-43c37a89e8eb@group-BAC069DAEF17-FollowerState: change to CANDIDATE, lastRpcTime:31ms, electionTimeout:23ms
2019-10-18 07:54:39,967 [Thread-2248] INFO  impl.RoleInfo (RoleInfo.java:shutdownFollowerState(121)) - 4b487190-7547-40c7-b780-43c37a89e8eb: shutdown FollowerState
2019-10-18 07:54:39,968 [Thread-2248] INFO  impl.RaftServerImpl (RaftServerImpl.java:setRole(184)) - 4b487190-7547-40c7-b780-43c37a89e8eb@group-BAC069DAEF17: changes role from  FOLLOWER to CANDIDATE at term 311 for changeToCandidate
2019-10-18 07:54:39,968 [Thread-2248] INFO  impl.RoleInfo (RoleInfo.java:updateAndGet(143)) - 4b487190-7547-40c7-b780-43c37a89e8eb: start LeaderElection
2019-10-18 07:54:39,993 [4b487190-7547-40c7-b780-43c37a89e8eb@group-BAC069DAEF17-LeaderElection295] INFO  impl.LeaderElection (LeaderElection.java:askForVotes(178)) - 4b487190-7547-40c7-b780-43c37a89e8eb@group-BAC069DAEF17-LeaderElection295: begin an election at term 312 for -1: [6fa005cd-25d6-4e29-bda6-9462a060c098:192.168.69.67:36093, 4b487190-7547-40c7-b780-43c37a89e8eb:192.168.69.67:39683, 3d3aac8b-d4d1-454d-bf0c-88a180692893:192.168.69.67:34429], old=null
2019-10-18 07:54:40,004 [grpc-default-executor-6] INFO  impl.RaftServerImpl (RaftServerImpl.java:setRole(184)) - 6fa005cd-25d6-4e29-bda6-9462a060c098@group-BAC069DAEF17: changes role from  FOLLOWER to FOLLOWER at term 312 for recognizeCandidate:4b487190-7547-40c7-b780-43c37a89e8eb
2019-10-18 07:54:40,004 [grpc-default-executor-0] INFO  impl.RaftServerImpl (RaftServerImpl.java:setRole(184)) - 3d3aac8b-d4d1-454d-bf0c-88a180692893@group-BAC069DAEF17: changes role from  FOLLOWER to FOLLOWER at term 312 for recognizeCandidate:4b487190-7547-40c7-b780-43c37a89e8eb
2019-10-18 07:54:40,005 [grpc-default-executor-0] INFO  impl.RoleInfo (RoleInfo.java:shutdownFollowerState(121)) - 3d3aac8b-d4d1-454d-bf0c-88a180692893: shutdown FollowerState
2019-10-18 07:54:40,004 [grpc-default-executor-6] INFO  impl.RoleInfo (RoleInfo.java:shutdownFollowerState(121)) - 6fa005cd-25d6-4e29-bda6-9462a060c098: shutdown FollowerState
2019-10-18 07:54:40,005 [Thread-2247] INFO  impl.FollowerState (FollowerState.java:run(117)) - 3d3aac8b-d4d1-454d-bf0c-88a180692893@group-BAC069DAEF17-FollowerState was interrupted: java.lang.InterruptedException: sleep interrupted
2019-10-18 07:54:40,005 [grpc-default-executor-0] INFO  impl.RoleInfo (RoleInfo.java:updateAndGet(143)) - 3d3aac8b-d4d1-454d-bf0c-88a180692893: start FollowerState
2019-10-18 07:54:40,005 [Thread-2246] INFO  impl.FollowerState (FollowerState.java:run(117)) - 6fa005cd-25d6-4e29-bda6-9462a060c098@group-BAC069DAEF17-FollowerState was interrupted: java.lang.InterruptedException: sleep interrupted
2019-10-18 07:54:40,005 [grpc-default-executor-6] INFO  impl.RoleInfo (RoleInfo.java:updateAndGet(143)) - 6fa005cd-25d6-4e29-bda6-9462a060c098: start FollowerState
2019-10-18 07:54:40,019 [4b487190-7547-40c7-b780-43c37a89e8eb@group-BAC069DAEF17-LeaderElection295] INFO  impl.LeaderElection (LeaderElection.java:logAndReturn(56)) - 4b487190-7547-40c7-b780-43c37a89e8eb@group-BAC069DAEF17-LeaderElection295: Election REJECTED; received 2 response(s) [4b487190-7547-40c7-b780-43c37a89e8eb<-6fa005cd-25d6-4e29-bda6-9462a060c098#0:FAIL-t312, 4b487190-7547-40c7-b780-43c37a89e8eb<-3d3aac8b-d4d1-454d-bf0c-88a180692893#0:FAIL-t312] and 0 exception(s); 4b487190-7547-40c7-b780-43c37a89e8eb@group-BAC069DAEF17:t312, leader=null, voted=4b487190-7547-40c7-b780-43c37a89e8eb, raftlog=4b487190-7547-40c7-b780-43c37a89e8eb@group-BAC069DAEF17-SegmentedRaftLog:OPENED:c-1,f-1,i0, conf=-1: [6fa005cd-25d6-4e29-bda6-9462a060c098:192.168.69.67:36093, 4b487190-7547-40c7-b780-43c37a89e8eb:192.168.69.67:39683, 3d3aac8b-d4d1-454d-bf0c-88a180692893:192.168.69.67:34429], old=null
2019-10-18 07:54:40,019 [4b487190-7547-40c7-b780-43c37a89e8eb@group-BAC069DAEF17-LeaderElection295] INFO  impl.RaftServerImpl (RaftServerImpl.java:setRole(184)) - 4b487190-7547-40c7-b780-43c37a89e8eb@group-BAC069DAEF17: changes role from CANDIDATE to FOLLOWER at term 312 for DISCOVERED_A_NEW_TERM
2019-10-18 07:54:40,019 [4b487190-7547-40c7-b780-43c37a89e8eb@group-BAC069DAEF17-LeaderElection295] INFO  impl.RoleInfo (RoleInfo.java:shutdownLeaderElection(134)) - 4b487190-7547-40c7-b780-43c37a89e8eb: shutdown LeaderElection
2019-10-18 07:54:40,020 [4b487190-7547-40c7-b780-43c37a89e8eb@group-BAC069DAEF17-LeaderElection295] INFO  impl.RoleInfo (RoleInfo.java:updateAndGet(143)) - 4b487190-7547-40c7-b780-43c37a89e8eb: start FollowerState
2019-10-18 07:54:40,047 [main] INFO  ozone.MiniOzoneClusterImpl (MiniOzoneClusterImpl.java:shutdown(352)) - Shutting down the Mini Ozone Cluster
2019-10-18 07:54:40,049 [main] INFO  ozone.MiniOzoneClusterImpl (MiniOzoneClusterImpl.java:stop(368)) - Stopping the Mini Ozone Cluster
2019-10-18 07:54:40,049 [main] INFO  ozone.MiniOzoneClusterImpl (MiniOzoneClusterImpl.java:stopOM(438)) - Stopping the OzoneManager
2019-10-18 07:54:40,050 [main] INFO  ipc.Server (Server.java:stop(3082)) - Stopping server on 41091
2019-10-18 07:54:40,054 [IPC Server listener on 41091] INFO  ipc.Server (Server.java:run(1185)) - Stopping IPC Server listener on 41091
2019-10-18 07:54:40,054 [main] INFO  ratis.OzoneManagerDoubleBuffer (OzoneManagerDoubleBuffer.java:stop(250)) - Stopping OMDoubleBuffer flush thread
2019-10-18 07:54:40,054 [IPC Server Responder] INFO  ipc.Server (Server.java:run(1319)) - Stopping IPC Server Responder
2019-10-18 07:54:40,055 [OMDoubleBufferFlushThread] INFO  ratis.OzoneManagerDoubleBuffer (OzoneManagerDoubleBuffer.java:flushTransactions(193)) - OMDoubleBuffer flush thread OMDoubleBufferFlushThread is interrupted and will exit. OMDoubleBufferFlushThread
2019-10-18 07:54:40,057 [main] INFO  utils.BackgroundService (BackgroundService.java:shutdown(151)) - Shutting down service KeyDeletingService
2019-10-18 07:54:40,063 [Thread-2254] INFO  impl.FollowerState (FollowerState.java:run(108)) - 4b487190-7547-40c7-b780-43c37a89e8eb@group-BAC069DAEF17-FollowerState: change to CANDIDATE, lastRpcTime:43ms, electionTimeout:43ms
2019-10-18 07:54:40,063 [Thread-2254] INFO  impl.RoleInfo (RoleInfo.java:shutdownFollowerState(121)) - 4b487190-7547-40c7-b780-43c37a89e8eb: shutdown FollowerState
2019-10-18 07:54:40,063 [Thread-2254] INFO  impl.RaftServerImpl (RaftServerImpl.java:setRole(184)) - 4b487190-7547-40c7-b780-43c37a89e8eb@group-BAC069DAEF17: changes role from  FOLLOWER to CANDIDATE at term 312 for changeToCandidate
2019-10-18 07:54:40,063 [Thread-2254] INFO  impl.RoleInfo (RoleInfo.java:updateAndGet(143)) - 4b487190-7547-40c7-b780-43c37a89e8eb: start LeaderElection
2019-10-18 07:54:40,068 [main] INFO  handler.ContextHandler (ContextHandler.java:doStop(910)) - Stopped o.e.j.w.WebAppContext@79972309{/,null,UNAVAILABLE}{/ozoneManager}
2019-10-18 07:54:40,076 [main] INFO  server.AbstractConnector (AbstractConnector.java:doStop(318)) - Stopped ServerConnector@10e93f0c{HTTP/1.1,[http/1.1]}{0.0.0.0:0}
2019-10-18 07:54:40,078 [4b487190-7547-40c7-b780-43c37a89e8eb@group-BAC069DAEF17-LeaderElection296] INFO  impl.LeaderElection (LeaderElection.java:askForVotes(178)) - 4b487190-7547-40c7-b780-43c37a89e8eb@group-BAC069DAEF17-LeaderElection296: begin an election at term 313 for -1: [6fa005cd-25d6-4e29-bda6-9462a060c098:192.168.69.67:36093, 4b487190-7547-40c7-b780-43c37a89e8eb:192.168.69.67:39683, 3d3aac8b-d4d1-454d-bf0c-88a180692893:192.168.69.67:34429], old=null
2019-10-18 07:54:40,078 [main] INFO  handler.ContextHandler (ContextHandler.java:doStop(910)) - Stopped o.e.j.s.ServletContextHandler@117d1b48{/static,file:///workdir/hadoop-ozone/integration-test/target/test-classes/webapps/static,UNAVAILABLE}
2019-10-18 07:54:40,079 [main] INFO  handler.ContextHandler (ContextHandler.java:doStop(910)) - Stopped o.e.j.s.ServletContextHandler@6ca3d023{/logs,file:///workdir/hadoop-ozone/integration-test/target/log,UNAVAILABLE}
2019-10-18 07:54:40,081 [grpc-default-executor-0] INFO  impl.RaftServerImpl (RaftServerImpl.java:setRole(184)) - 3d3aac8b-d4d1-454d-bf0c-88a180692893@group-BAC069DAEF17: changes role from  FOLLOWER to FOLLOWER at term 313 for recognizeCandidate:4b487190-7547-40c7-b780-43c37a89e8eb
2019-10-18 07:54:40,081 [grpc-default-executor-0] INFO  impl.RoleInfo (RoleInfo.java:shutdownFollowerState(121)) - 3d3aac8b-d4d1-454d-bf0c-88a180692893: shutdown FollowerState
2019-10-18 07:54:40,081 [grpc-default-executor-3] INFO  impl.RaftServerImpl (RaftServerImpl.java:setRole(184)) - 6fa005cd-25d6-4e29-bda6-9462a060c098@group-BAC069DAEF17: changes role from  FOLLOWER to FOLLOWER at term 313 for recognizeCandidate:4b487190-7547-40c7-b780-43c37a89e8eb
2019-10-18 07:54:40,082 [grpc-default-executor-3] INFO  impl.RoleInfo (RoleInfo.java:shutdownFollowerState(121)) - 6fa005cd-25d6-4e29-bda6-9462a060c098: shutdown FollowerState
2019-10-18 07:54:40,082 [Thread-2252] INFO  impl.FollowerState (FollowerState.java:run(117)) - 3d3aac8b-d4d1-454d-bf0c-88a180692893@group-BAC069DAEF17-FollowerState was interrupted: java.lang.InterruptedException: sleep interrupted
2019-10-18 07:54:40,082 [grpc-default-executor-0] INFO  impl.RoleInfo (RoleInfo.java:updateAndGet(143)) - 3d3aac8b-d4d1-454d-bf0c-88a180692893: start FollowerState
2019-10-18 07:54:40,082 [grpc-default-executor-3] INFO  impl.RoleInfo (RoleInfo.java:updateAndGet(143)) - 6fa005cd-25d6-4e29-bda6-9462a060c098: start FollowerState
2019-10-18 07:54:40,082 [Thread-2253] INFO  impl.FollowerState (FollowerState.java:run(117)) - 6fa005cd-25d6-4e29-bda6-9462a060c098@group-BAC069DAEF17-FollowerState was interrupted: java.lang.InterruptedException: sleep interrupted
2019-10-18 07:54:40,090 [main] INFO  ozone.MiniOzoneClusterImpl (MiniOzoneClusterImpl.java:stopDatanodes(415)) - Stopping the HddsDatanodes
2019-10-18 07:54:40,108 [4b487190-7547-40c7-b780-43c37a89e8eb@group-BAC069DAEF17-LeaderElection296] INFO  impl.LeaderElection (LeaderElection.java:logAndReturn(56)) - 4b487190-7547-40c7-b780-43c37a89e8eb@group-BAC069DAEF17-LeaderElection296: Election REJECTED; received 2 response(s) [4b487190-7547-40c7-b780-43c37a89e8eb<-6fa005cd-25d6-4e29-bda6-9462a060c098#0:FAIL-t313, 4b487190-7547-40c7-b780-43c37a89e8eb<-3d3aac8b-d4d1-454d-bf0c-88a180692893#0:FAIL-t313] and 0 exception(s); 4b487190-7547-40c7-b780-43c37a89e8eb@group-BAC069DAEF17:t313, leader=null, voted=4b487190-7547-40c7-b780-43c37a89e8eb, raftlog=4b487190-7547-40c7-b780-43c37a89e8eb@group-BAC069DAEF17-SegmentedRaftLog:OPENED:c-1,f-1,i0, conf=-1: [6fa005cd-25d6-4e29-bda6-9462a060c098:192.168.69.67:36093, 4b487190-7547-40c7-b780-43c37a89e8eb:192.168.69.67:39683, 3d3aac8b-d4d1-454d-bf0c-88a180692893:192.168.69.67:34429], old=null
2019-10-18 07:54:40,108 [4b487190-7547-40c7-b780-43c37a89e8eb@group-BAC069DAEF17-LeaderElection296] INFO  impl.RaftServerImpl (RaftServerImpl.java:setRole(184)) - 4b487190-7547-40c7-b780-43c37a89e8eb@group-BAC069DAEF17: changes role from CANDIDATE to FOLLOWER at term 313 for DISCOVERED_A_NEW_TERM
2019-10-18 07:54:40,109 [4b487190-7547-40c7-b780-43c37a89e8eb@group-BAC069DAEF17-LeaderElection296] INFO  impl.RoleInfo (RoleInfo.java:shutdownLeaderElection(134)) - 4b487190-7547-40c7-b780-43c37a89e8eb: shutdown LeaderElection
2019-10-18 07:54:40,109 [4b487190-7547-40c7-b780-43c37a89e8eb@group-BAC069DAEF17-LeaderElection296] INFO  impl.RoleInfo (RoleInfo.java:updateAndGet(143)) - 4b487190-7547-40c7-b780-43c37a89e8eb: start FollowerState
2019-10-18 07:54:40,128 [Thread-2260] INFO  impl.FollowerState (FollowerState.java:run(108)) - 4b487190-7547-40c7-b780-43c37a89e8eb@group-BAC069DAEF17-FollowerState: change to CANDIDATE, lastRpcTime:19ms, electionTimeout:19ms
2019-10-18 07:54:40,128 [Thread-2260] INFO  impl.RoleInfo (RoleInfo.java:shutdownFollowerState(121)) - 4b487190-7547-40c7-b780-43c37a89e8eb: shutdown FollowerState
2019-10-18 07:54:40,128 [Thread-2260] INFO  impl.RaftServerImpl (RaftServerImpl.java:setRole(184)) - 4b487190-7547-40c7-b780-43c37a89e8eb@group-BAC069DAEF17: changes role from  FOLLOWER to CANDIDATE at term 313 for changeToCandidate
2019-10-18 07:54:40,128 [Thread-2260] INFO  impl.RoleInfo (RoleInfo.java:updateAndGet(143)) - 4b487190-7547-40c7-b780-43c37a89e8eb: start LeaderElection
2019-10-18 07:54:40,143 [4b487190-7547-40c7-b780-43c37a89e8eb@group-BAC069DAEF17-LeaderElection297] INFO  impl.LeaderElection (LeaderElection.java:askForVotes(178)) - 4b487190-7547-40c7-b780-43c37a89e8eb@group-BAC069DAEF17-LeaderElection297: begin an election at term 314 for -1: [6fa005cd-25d6-4e29-bda6-9462a060c098:192.168.69.67:36093, 4b487190-7547-40c7-b780-43c37a89e8eb:192.168.69.67:39683, 3d3aac8b-d4d1-454d-bf0c-88a180692893:192.168.69.67:34429], old=null
2019-10-18 07:54:40,145 [grpc-default-executor-3] INFO  impl.RaftServerImpl (RaftServerImpl.java:setRole(184)) - 6fa005cd-25d6-4e29-bda6-9462a060c098@group-BAC069DAEF17: changes role from  FOLLOWER to FOLLOWER at term 314 for recognizeCandidate:4b487190-7547-40c7-b780-43c37a89e8eb
2019-10-18 07:54:40,145 [grpc-default-executor-0] INFO  impl.RaftServerImpl (RaftServerImpl.java:setRole(184)) - 3d3aac8b-d4d1-454d-bf0c-88a180692893@group-BAC069DAEF17: changes role from  FOLLOWER to FOLLOWER at term 314 for recognizeCandidate:4b487190-7547-40c7-b780-43c37a89e8eb
2019-10-18 07:54:40,145 [grpc-default-executor-0] INFO  impl.RoleInfo (RoleInfo.java:shutdownFollowerState(121)) - 3d3aac8b-d4d1-454d-bf0c-88a180692893: shutdown FollowerState
2019-10-18 07:54:40,145 [grpc-default-executor-3] INFO  impl.RoleInfo (RoleInfo.java:shutdownFollowerState(121)) - 6fa005cd-25d6-4e29-bda6-9462a060c098: shutdown FollowerState
2019-10-18 07:54:40,145 [Thread-2258] INFO  impl.FollowerState (FollowerState.java:run(117)) - 3d3aac8b-d4d1-454d-bf0c-88a180692893@group-BAC069DAEF17-FollowerState was interrupted: java.lang.InterruptedException: sleep interrupted
2019-10-18 07:54:40,145 [Thread-2259] INFO  impl.FollowerState (FollowerState.java:run(117)) - 6fa005cd-25d6-4e29-bda6-9462a060c098@group-BAC069DAEF17-FollowerState was interrupted: java.lang.InterruptedException: sleep interrupted
2019-10-18 07:54:40,145 [grpc-default-executor-0] INFO  impl.RoleInfo (RoleInfo.java:updateAndGet(143)) - 3d3aac8b-d4d1-454d-bf0c-88a180692893: start FollowerState
2019-10-18 07:54:40,145 [grpc-default-executor-3] INFO  impl.RoleInfo (RoleInfo.java:updateAndGet(143)) - 6fa005cd-25d6-4e29-bda6-9462a060c098: start FollowerState
2019-10-18 07:54:40,160 [4b487190-7547-40c7-b780-43c37a89e8eb@group-BAC069DAEF17-LeaderElection297] INFO  impl.LeaderElection (LeaderElection.java:logAndReturn(56)) - 4b487190-7547-40c7-b780-43c37a89e8eb@group-BAC069DAEF17-LeaderElection297: Election REJECTED; received 2 response(s) [4b487190-7547-40c7-b780-43c37a89e8eb<-6fa005cd-25d6-4e29-bda6-9462a060c098#0:FAIL-t314, 4b487190-7547-40c7-b780-43c37a89e8eb<-3d3aac8b-d4d1-454d-bf0c-88a180692893#0:FAIL-t314] and 0 exception(s); 4b487190-7547-40c7-b780-43c37a89e8eb@group-BAC069DAEF17:t314, leader=null, voted=4b487190-7547-40c7-b780-43c37a89e8eb, raftlog=4b487190-7547-40c7-b780-43c37a89e8eb@group-BAC069DAEF17-SegmentedRaftLog:OPENED:c-1,f-1,i0, conf=-1: [6fa005cd-25d6-4e29-bda6-9462a060c098:192.168.69.67:36093, 4b487190-7547-40c7-b780-43c37a89e8eb:192.168.69.67:39683, 3d3aac8b-d4d1-454d-bf0c-88a180692893:192.168.69.67:34429], old=null
2019-10-18 07:54:40,160 [4b487190-7547-40c7-b780-43c37a89e8eb@group-BAC069DAEF17-LeaderElection297] INFO  impl.RaftServerImpl (RaftServerImpl.java:setRole(184)) - 4b487190-7547-40c7-b780-43c37a89e8eb@group-BAC069DAEF17: changes role from CANDIDATE to FOLLOWER at term 314 for DISCOVERED_A_NEW_TERM
2019-10-18 07:54:40,160 [4b487190-7547-40c7-b780-43c37a89e8eb@group-BAC069DAEF17-LeaderElection297] INFO  impl.RoleInfo (RoleInfo.java:shutdownLeaderElection(134)) - 4b487190-7547-40c7-b780-43c37a89e8eb: shutdown LeaderElection
2019-10-18 07:54:40,160 [4b487190-7547-40c7-b780-43c37a89e8eb@group-BAC069DAEF17-LeaderElection297] INFO  impl.RoleInfo (RoleInfo.java:updateAndGet(143)) - 4b487190-7547-40c7-b780-43c37a89e8eb: start FollowerState
2019-10-18 07:54:40,270 [Thread-2266] INFO  impl.FollowerState (FollowerState.java:run(108)) - 4b487190-7547-40c7-b780-43c37a89e8eb@group-BAC069DAEF17-FollowerState: change to CANDIDATE, lastRpcTime:110ms, electionTimeout:110ms
2019-10-18 07:54:40,271 [Thread-2266] INFO  impl.RoleInfo (RoleInfo.java:shutdownFollowerState(121)) - 4b487190-7547-40c7-b780-43c37a89e8eb: shutdown FollowerState
2019-10-18 07:54:40,271 [Thread-2266] INFO  impl.RaftServerImpl (RaftServerImpl.java:setRole(184)) - 4b487190-7547-40c7-b780-43c37a89e8eb@group-BAC069DAEF17: changes role from  FOLLOWER to CANDIDATE at term 314 for changeToCandidate
2019-10-18 07:54:40,271 [Thread-2266] INFO  impl.RoleInfo (RoleInfo.java:updateAndGet(143)) - 4b487190-7547-40c7-b780-43c37a89e8eb: start LeaderElection
2019-10-18 07:54:40,285 [4b487190-7547-40c7-b780-43c37a89e8eb@group-BAC069DAEF17-LeaderElection298] INFO  impl.LeaderElection (LeaderElection.java:askForVotes(178)) - 4b487190-7547-40c7-b780-43c37a89e8eb@group-BAC069DAEF17-LeaderElection298: begin an election at term 315 for -1: [6fa005cd-25d6-4e29-bda6-9462a060c098:192.168.69.67:36093, 4b487190-7547-40c7-b780-43c37a89e8eb:192.168.69.67:39683, 3d3aac8b-d4d1-454d-bf0c-88a180692893:192.168.69.67:34429], old=null
2019-10-18 07:54:40,287 [grpc-default-executor-3] INFO  impl.RaftServerImpl (RaftServerImpl.java:setRole(184)) - 3d3aac8b-d4d1-454d-bf0c-88a180692893@group-BAC069DAEF17: changes role from  FOLLOWER to FOLLOWER at term 315 for recognizeCandidate:4b487190-7547-40c7-b780-43c37a89e8eb
2019-10-18 07:54:40,287 [grpc-default-executor-0] INFO  impl.RaftServerImpl (RaftServerImpl.java:setRole(184)) - 6fa005cd-25d6-4e29-bda6-9462a060c098@group-BAC069DAEF17: changes role from  FOLLOWER to FOLLOWER at term 315 for recognizeCandidate:4b487190-7547-40c7-b780-43c37a89e8eb
2019-10-18 07:54:40,287 [grpc-default-executor-3] INFO  impl.RoleInfo (RoleInfo.java:shutdownFollowerState(121)) - 3d3aac8b-d4d1-454d-bf0c-88a180692893: shutdown FollowerState
2019-10-18 07:54:40,287 [grpc-default-executor-0] INFO  impl.RoleInfo (RoleInfo.java:shutdownFollowerState(121)) - 6fa005cd-25d6-4e29-bda6-9462a060c098: shutdown FollowerState
2019-10-18 07:54:40,288 [Thread-2264] INFO  impl.FollowerState (FollowerState.java:run(117)) - 3d3aac8b-d4d1-454d-bf0c-88a180692893@group-BAC069DAEF17-FollowerState was interrupted: java.lang.InterruptedException: sleep interrupted
2019-10-18 07:54:40,287 [grpc-default-executor-3] INFO  impl.RoleInfo (RoleInfo.java:updateAndGet(143)) - 3d3aac8b-d4d1-454d-bf0c-88a180692893: start FollowerState
2019-10-18 07:54:40,288 [Thread-2265] INFO  impl.FollowerState (FollowerState.java:run(117)) - 6fa005cd-25d6-4e29-bda6-9462a060c098@group-BAC069DAEF17-FollowerState was interrupted: java.lang.InterruptedException: sleep interrupted
2019-10-18 07:54:40,288 [grpc-default-executor-0] INFO  impl.RoleInfo (RoleInfo.java:updateAndGet(143)) - 6fa005cd-25d6-4e29-bda6-9462a060c098: start FollowerState
2019-10-18 07:54:40,302 [4b487190-7547-40c7-b780-43c37a89e8eb@group-BAC069DAEF17-LeaderElection298] INFO  impl.LeaderElection (LeaderElection.java:logAndReturn(56)) - 4b487190-7547-40c7-b780-43c37a89e8eb@group-BAC069DAEF17-LeaderElection298: Election REJECTED; received 2 response(s) [4b487190-7547-40c7-b780-43c37a89e8eb<-6fa005cd-25d6-4e29-bda6-9462a060c098#0:FAIL-t315, 4b487190-7547-40c7-b780-43c37a89e8eb<-3d3aac8b-d4d1-454d-bf0c-88a180692893#0:FAIL-t315] and 0 exception(s); 4b487190-7547-40c7-b780-43c37a89e8eb@group-BAC069DAEF17:t315, leader=null, voted=4b487190-7547-40c7-b780-43c37a89e8eb, raftlog=4b487190-7547-40c7-b780-43c37a89e8eb@group-BAC069DAEF17-SegmentedRaftLog:OPENED:c-1,f-1,i0, conf=-1: [6fa005cd-25d6-4e29-bda6-9462a060c098:192.168.69.67:36093, 4b487190-7547-40c7-b780-43c37a89e8eb:192.168.69.67:39683, 3d3aac8b-d4d1-454d-bf0c-88a180692893:192.168.69.67:34429], old=null
2019-10-18 07:54:40,302 [4b487190-7547-40c7-b780-43c37a89e8eb@group-BAC069DAEF17-LeaderElection298] INFO  impl.RaftServerImpl (RaftServerImpl.java:setRole(184)) - 4b487190-7547-40c7-b780-43c37a89e8eb@group-BAC069DAEF17: changes role from CANDIDATE to FOLLOWER at term 315 for DISCOVERED_A_NEW_TERM
2019-10-18 07:54:40,303 [4b487190-7547-40c7-b780-43c37a89e8eb@group-BAC069DAEF17-LeaderElection298] INFO  impl.RoleInfo (RoleInfo.java:shutdownLeaderElection(134)) - 4b487190-7547-40c7-b780-43c37a89e8eb: shutdown LeaderElection
2019-10-18 07:54:40,303 [4b487190-7547-40c7-b780-43c37a89e8eb@group-BAC069DAEF17-LeaderElection298] INFO  impl.RoleInfo (RoleInfo.java:updateAndGet(143)) - 4b487190-7547-40c7-b780-43c37a89e8eb: start FollowerState
2019-10-18 07:54:40,393 [Datanode State Machine Thread - 0] INFO  statemachine.DatanodeStateMachine (DatanodeStateMachine.java:lambda$startDaemon$0(350)) - Ozone container server started.
2019-10-18 07:54:40,394 [Datanode State Machine Thread - 0] INFO  statemachine.DatanodeStateMachine (DatanodeStateMachine.java:lambda$startDaemon$0(350)) - Ozone container server started.
2019-10-18 07:54:40,483 [Thread-2272] INFO  impl.FollowerState (FollowerState.java:run(108)) - 4b487190-7547-40c7-b780-43c37a89e8eb@group-BAC069DAEF17-FollowerState: change to CANDIDATE, lastRpcTime:180ms, electionTimeout:180ms
2019-10-18 07:54:40,483 [Thread-2272] INFO  impl.RoleInfo (RoleInfo.java:shutdownFollowerState(121)) - 4b487190-7547-40c7-b780-43c37a89e8eb: shutdown FollowerState
2019-10-18 07:54:40,483 [Thread-2272] INFO  impl.RaftServerImpl (RaftServerImpl.java:setRole(184)) - 4b487190-7547-40c7-b780-43c37a89e8eb@group-BAC069DAEF17: changes role from  FOLLOWER to CANDIDATE at term 315 for changeToCandidate
2019-10-18 07:54:40,484 [Thread-2272] INFO  impl.RoleInfo (RoleInfo.java:updateAndGet(143)) - 4b487190-7547-40c7-b780-43c37a89e8eb: start LeaderElection
2019-10-18 07:54:40,497 [4b487190-7547-40c7-b780-43c37a89e8eb@group-BAC069DAEF17-LeaderElection299] INFO  impl.LeaderElection (LeaderElection.java:askForVotes(178)) - 4b487190-7547-40c7-b780-43c37a89e8eb@group-BAC069DAEF17-LeaderElection299: begin an election at term 316 for -1: [6fa005cd-25d6-4e29-bda6-9462a060c098:192.168.69.67:36093, 4b487190-7547-40c7-b780-43c37a89e8eb:192.168.69.67:39683, 3d3aac8b-d4d1-454d-bf0c-88a180692893:192.168.69.67:34429], old=null
2019-10-18 07:54:40,500 [grpc-default-executor-3] INFO  impl.RaftServerImpl (RaftServerImpl.java:setRole(184)) - 6fa005cd-25d6-4e29-bda6-9462a060c098@group-BAC069DAEF17: changes role from  FOLLOWER to FOLLOWER at term 316 for recognizeCandidate:4b487190-7547-40c7-b780-43c37a89e8eb
2019-10-18 07:54:40,500 [grpc-default-executor-0] INFO  impl.RaftServerImpl (RaftServerImpl.java:setRole(184)) - 3d3aac8b-d4d1-454d-bf0c-88a180692893@group-BAC069DAEF17: changes role from  FOLLOWER to FOLLOWER at term 316 for recognizeCandidate:4b487190-7547-40c7-b780-43c37a89e8eb
2019-10-18 07:54:40,500 [grpc-default-executor-3] INFO  impl.RoleInfo (RoleInfo.java:shutdownFollowerState(121)) - 6fa005cd-25d6-4e29-bda6-9462a060c098: shutdown FollowerState
2019-10-18 07:54:40,500 [grpc-default-executor-0] INFO  impl.RoleInfo (RoleInfo.java:shutdownFollowerState(121)) - 3d3aac8b-d4d1-454d-bf0c-88a180692893: shutdown FollowerState
2019-10-18 07:54:40,500 [Thread-2271] INFO  impl.FollowerState (FollowerState.java:run(117)) - 6fa005cd-25d6-4e29-bda6-9462a060c098@group-BAC069DAEF17-FollowerState was interrupted: java.lang.InterruptedException: sleep interrupted
2019-10-18 07:54:40,500 [grpc-default-executor-3] INFO  impl.RoleInfo (RoleInfo.java:updateAndGet(143)) - 6fa005cd-25d6-4e29-bda6-9462a060c098: start FollowerState
2019-10-18 07:54:40,500 [Thread-2270] INFO  impl.FollowerState (FollowerState.java:run(117)) - 3d3aac8b-d4d1-454d-bf0c-88a180692893@group-BAC069DAEF17-FollowerState was interrupted: java.lang.InterruptedException: sleep interrupted
2019-10-18 07:54:40,500 [grpc-default-executor-0] INFO  impl.RoleInfo (RoleInfo.java:updateAndGet(143)) - 3d3aac8b-d4d1-454d-bf0c-88a180692893: start FollowerState
2019-10-18 07:54:40,514 [4b487190-7547-40c7-b780-43c37a89e8eb@group-BAC069DAEF17-LeaderElection299] INFO  impl.LeaderElection (LeaderElection.java:logAndReturn(56)) - 4b487190-7547-40c7-b780-43c37a89e8eb@group-BAC069DAEF17-LeaderElection299: Election REJECTED; received 2 response(s) [4b487190-7547-40c7-b780-43c37a89e8eb<-6fa005cd-25d6-4e29-bda6-9462a060c098#0:FAIL-t316, 4b487190-7547-40c7-b780-43c37a89e8eb<-3d3aac8b-d4d1-454d-bf0c-88a180692893#0:FAIL-t316] and 0 exception(s); 4b487190-7547-40c7-b780-43c37a89e8eb@group-BAC069DAEF17:t316, leader=null, voted=4b487190-7547-40c7-b780-43c37a89e8eb, raftlog=4b487190-7547-40c7-b780-43c37a89e8eb@group-BAC069DAEF17-SegmentedRaftLog:OPENED:c-1,f-1,i0, conf=-1: [6fa005cd-25d6-4e29-bda6-9462a060c098:192.168.69.67:36093, 4b487190-7547-40c7-b780-43c37a89e8eb:192.168.69.67:39683, 3d3aac8b-d4d1-454d-bf0c-88a180692893:192.168.69.67:34429], old=null
2019-10-18 07:54:40,514 [4b487190-7547-40c7-b780-43c37a89e8eb@group-BAC069DAEF17-LeaderElection299] INFO  impl.RaftServerImpl (RaftServerImpl.java:setRole(184)) - 4b487190-7547-40c7-b780-43c37a89e8eb@group-BAC069DAEF17: changes role from CANDIDATE to FOLLOWER at term 316 for DISCOVERED_A_NEW_TERM
2019-10-18 07:54:40,515 [4b487190-7547-40c7-b780-43c37a89e8eb@group-BAC069DAEF17-LeaderElection299] INFO  impl.RoleInfo (RoleInfo.java:shutdownLeaderElection(134)) - 4b487190-7547-40c7-b780-43c37a89e8eb: shutdown LeaderElection
2019-10-18 07:54:40,515 [4b487190-7547-40c7-b780-43c37a89e8eb@group-BAC069DAEF17-LeaderElection299] INFO  impl.RoleInfo (RoleInfo.java:updateAndGet(143)) - 4b487190-7547-40c7-b780-43c37a89e8eb: start FollowerState
2019-10-18 07:54:40,565 [Thread-2278] INFO  impl.FollowerState (FollowerState.java:run(108)) - 4b487190-7547-40c7-b780-43c37a89e8eb@group-BAC069DAEF17-FollowerState: change to CANDIDATE, lastRpcTime:50ms, electionTimeout:50ms
2019-10-18 07:54:40,565 [Thread-2278] INFO  impl.RoleInfo (RoleInfo.java:shutdownFollowerState(121)) - 4b487190-7547-40c7-b780-43c37a89e8eb: shutdown FollowerState
2019-10-18 07:54:40,565 [Thread-2278] INFO  impl.RaftServerImpl (RaftServerImpl.java:setRole(184)) - 4b487190-7547-40c7-b780-43c37a89e8eb@group-BAC069DAEF17: changes role from  FOLLOWER to CANDIDATE at term 316 for changeToCandidate
2019-10-18 07:54:40,566 [Thread-2278] INFO  impl.RoleInfo (RoleInfo.java:updateAndGet(143)) - 4b487190-7547-40c7-b780-43c37a89e8eb: start LeaderElection
2019-10-18 07:54:40,579 [4b487190-7547-40c7-b780-43c37a89e8eb@group-BAC069DAEF17-LeaderElection300] INFO  impl.LeaderElection (LeaderElection.java:askForVotes(178)) - 4b487190-7547-40c7-b780-43c37a89e8eb@group-BAC069DAEF17-LeaderElection300: begin an election at term 317 for -1: [6fa005cd-25d6-4e29-bda6-9462a060c098:192.168.69.67:36093, 4b487190-7547-40c7-b780-43c37a89e8eb:192.168.69.67:39683, 3d3aac8b-d4d1-454d-bf0c-88a180692893:192.168.69.67:34429], old=null
2019-10-18 07:54:40,582 [grpc-default-executor-0] INFO  impl.RaftServerImpl (RaftServerImpl.java:setRole(184)) - 6fa005cd-25d6-4e29-bda6-9462a060c098@group-BAC069DAEF17: changes role from  FOLLOWER to FOLLOWER at term 317 for recognizeCandidate:4b487190-7547-40c7-b780-43c37a89e8eb
2019-10-18 07:54:40,582 [grpc-default-executor-3] INFO  impl.RaftServerImpl (RaftServerImpl.java:setRole(184)) - 3d3aac8b-d4d1-454d-bf0c-88a180692893@group-BAC069DAEF17: changes role from  FOLLOWER to FOLLOWER at term 317 for recognizeCandidate:4b487190-7547-40c7-b780-43c37a89e8eb
2019-10-18 07:54:40,582 [grpc-default-executor-0] INFO  impl.RoleInfo (RoleInfo.java:shutdownFollowerState(121)) - 6fa005cd-25d6-4e29-bda6-9462a060c098: shutdown FollowerState
2019-10-18 07:54:40,582 [grpc-default-executor-3] INFO  impl.RoleInfo (RoleInfo.java:shutdownFollowerState(121)) - 3d3aac8b-d4d1-454d-bf0c-88a180692893: shutdown FollowerState
2019-10-18 07:54:40,583 [Thread-2276] INFO  impl.FollowerState (FollowerState.java:run(117)) - 6fa005cd-25d6-4e29-bda6-9462a060c098@group-BAC069DAEF17-FollowerState was interrupted: java.lang.InterruptedException: sleep interrupted
2019-10-18 07:54:40,583 [Thread-2277] INFO  impl.FollowerState (FollowerState.java:run(117)) - 3d3aac8b-d4d1-454d-bf0c-88a180692893@group-BAC069DAEF17-FollowerState was interrupted: java.lang.InterruptedException: sleep interrupted
2019-10-18 07:54:40,583 [grpc-default-executor-0] INFO  impl.RoleInfo (RoleInfo.java:updateAndGet(143)) - 6fa005cd-25d6-4e29-bda6-9462a060c098: start FollowerState
2019-10-18 07:54:40,583 [grpc-default-executor-3] INFO  impl.RoleInfo (RoleInfo.java:updateAndGet(143)) - 3d3aac8b-d4d1-454d-bf0c-88a180692893: start FollowerState
2019-10-18 07:54:40,597 [4b487190-7547-40c7-b780-43c37a89e8eb@group-BAC069DAEF17-LeaderElection300] INFO  impl.LeaderElection (LeaderElection.java:logAndReturn(56)) - 4b487190-7547-40c7-b780-43c37a89e8eb@group-BAC069DAEF17-LeaderElection300: Election REJECTED; received 2 response(s) [4b487190-7547-40c7-b780-43c37a89e8eb<-6fa005cd-25d6-4e29-bda6-9462a060c098#0:FAIL-t317, 4b487190-7547-40c7-b780-43c37a89e8eb<-3d3aac8b-d4d1-454d-bf0c-88a180692893#0:FAIL-t317] and 0 exception(s); 4b487190-7547-40c7-b780-43c37a89e8eb@group-BAC069DAEF17:t317, leader=null, voted=4b487190-7547-40c7-b780-43c37a89e8eb, raftlog=4b487190-7547-40c7-b780-43c37a89e8eb@group-BAC069DAEF17-SegmentedRaftLog:OPENED:c-1,f-1,i0, conf=-1: [6fa005cd-25d6-4e29-bda6-9462a060c098:192.168.69.67:36093, 4b487190-7547-40c7-b780-43c37a89e8eb:192.168.69.67:39683, 3d3aac8b-d4d1-454d-bf0c-88a180692893:192.168.69.67:34429], old=null
2019-10-18 07:54:40,598 [4b487190-7547-40c7-b780-43c37a89e8eb@group-BAC069DAEF17-LeaderElection300] INFO  impl.RaftServerImpl (RaftServerImpl.java:setRole(184)) - 4b487190-7547-40c7-b780-43c37a89e8eb@group-BAC069DAEF17: changes role from CANDIDATE to FOLLOWER at term 317 for DISCOVERED_A_NEW_TERM
2019-10-18 07:54:40,598 [4b487190-7547-40c7-b780-43c37a89e8eb@group-BAC069DAEF17-LeaderElection300] INFO  impl.RoleInfo (RoleInfo.java:shutdownLeaderElection(134)) - 4b487190-7547-40c7-b780-43c37a89e8eb: shutdown LeaderElection
2019-10-18 07:54:40,598 [4b487190-7547-40c7-b780-43c37a89e8eb@group-BAC069DAEF17-LeaderElection300] INFO  impl.RoleInfo (RoleInfo.java:updateAndGet(143)) - 4b487190-7547-40c7-b780-43c37a89e8eb: start FollowerState
2019-10-18 07:54:40,763 [Thread-2284] INFO  impl.FollowerState (FollowerState.java:run(108)) - 4b487190-7547-40c7-b780-43c37a89e8eb@group-BAC069DAEF17-FollowerState: change to CANDIDATE, lastRpcTime:165ms, electionTimeout:165ms
2019-10-18 07:54:40,764 [Thread-2284] INFO  impl.RoleInfo (RoleInfo.java:shutdownFollowerState(121)) - 4b487190-7547-40c7-b780-43c37a89e8eb: shutdown FollowerState
2019-10-18 07:54:40,764 [Thread-2284] INFO  impl.RaftServerImpl (RaftServerImpl.java:setRole(184)) - 4b487190-7547-40c7-b780-43c37a89e8eb@group-BAC069DAEF17: changes role from  FOLLOWER to CANDIDATE at term 317 for changeToCandidate
2019-10-18 07:54:40,764 [Thread-2284] INFO  impl.RoleInfo (RoleInfo.java:updateAndGet(143)) - 4b487190-7547-40c7-b780-43c37a89e8eb: start LeaderElection
2019-10-18 07:54:40,778 [4b487190-7547-40c7-b780-43c37a89e8eb@group-BAC069DAEF17-LeaderElection301] INFO  impl.LeaderElection (LeaderElection.java:askForVotes(178)) - 4b487190-7547-40c7-b780-43c37a89e8eb@group-BAC069DAEF17-LeaderElection301: begin an election at term 318 for -1: [6fa005cd-25d6-4e29-bda6-9462a060c098:192.168.69.67:36093, 4b487190-7547-40c7-b780-43c37a89e8eb:192.168.69.67:39683, 3d3aac8b-d4d1-454d-bf0c-88a180692893:192.168.69.67:34429], old=null
2019-10-18 07:54:40,781 [grpc-default-executor-6] INFO  impl.RaftServerImpl (RaftServerImpl.java:setRole(184)) - 6fa005cd-25d6-4e29-bda6-9462a060c098@group-BAC069DAEF17: changes role from  FOLLOWER to FOLLOWER at term 318 for recognizeCandidate:4b487190-7547-40c7-b780-43c37a89e8eb
2019-10-18 07:54:40,781 [grpc-default-executor-6] INFO  impl.RoleInfo (RoleInfo.java:shutdownFollowerState(121)) - 6fa005cd-25d6-4e29-bda6-9462a060c098: shutdown FollowerState
2019-10-18 07:54:40,781 [grpc-default-executor-0] INFO  impl.RaftServerImpl (RaftServerImpl.java:setRole(184)) - 3d3aac8b-d4d1-454d-bf0c-88a180692893@group-BAC069DAEF17: changes role from  FOLLOWER to FOLLOWER at term 318 for recognizeCandidate:4b487190-7547-40c7-b780-43c37a89e8eb
2019-10-18 07:54:40,781 [Thread-2282] INFO  impl.FollowerState (FollowerState.java:run(117)) - 6fa005cd-25d6-4e29-bda6-9462a060c098@group-BAC069DAEF17-FollowerState was interrupted: java.lang.InterruptedException: sleep interrupted
2019-10-18 07:54:40,781 [grpc-default-executor-6] INFO  impl.RoleInfo (RoleInfo.java:updateAndGet(143)) - 6fa005cd-25d6-4e29-bda6-9462a060c098: start FollowerState
2019-10-18 07:54:40,782 [grpc-default-executor-0] INFO  impl.RoleInfo (RoleInfo.java:shutdownFollowerState(121)) - 3d3aac8b-d4d1-454d-bf0c-88a180692893: shutdown FollowerState
2019-10-18 07:54:40,782 [grpc-default-executor-0] INFO  impl.RoleInfo (RoleInfo.java:updateAndGet(143)) - 3d3aac8b-d4d1-454d-bf0c-88a180692893: start FollowerState
2019-10-18 07:54:40,782 [Thread-2283] INFO  impl.FollowerState (FollowerState.java:run(117)) - 3d3aac8b-d4d1-454d-bf0c-88a180692893@group-BAC069DAEF17-FollowerState was interrupted: java.lang.InterruptedException: sleep interrupted
2019-10-18 07:54:40,796 [4b487190-7547-40c7-b780-43c37a89e8eb@group-BAC069DAEF17-LeaderElection301] INFO  impl.LeaderElection (LeaderElection.java:logAndReturn(56)) - 4b487190-7547-40c7-b780-43c37a89e8eb@group-BAC069DAEF17-LeaderElection301: Election REJECTED; received 2 response(s) [4b487190-7547-40c7-b780-43c37a89e8eb<-6fa005cd-25d6-4e29-bda6-9462a060c098#0:FAIL-t318, 4b487190-7547-40c7-b780-43c37a89e8eb<-3d3aac8b-d4d1-454d-bf0c-88a180692893#0:FAIL-t318] and 0 exception(s); 4b487190-7547-40c7-b780-43c37a89e8eb@group-BAC069DAEF17:t318, leader=null, voted=4b487190-7547-40c7-b780-43c37a89e8eb, raftlog=4b487190-7547-40c7-b780-43c37a89e8eb@group-BAC069DAEF17-SegmentedRaftLog:OPENED:c-1,f-1,i0, conf=-1: [6fa005cd-25d6-4e29-bda6-9462a060c098:192.168.69.67:36093, 4b487190-7547-40c7-b780-43c37a89e8eb:192.168.69.67:39683, 3d3aac8b-d4d1-454d-bf0c-88a180692893:192.168.69.67:34429], old=null
2019-10-18 07:54:40,797 [4b487190-7547-40c7-b780-43c37a89e8eb@group-BAC069DAEF17-LeaderElection301] INFO  impl.RaftServerImpl (RaftServerImpl.java:setRole(184)) - 4b487190-7547-40c7-b780-43c37a89e8eb@group-BAC069DAEF17: changes role from CANDIDATE to FOLLOWER at term 318 for DISCOVERED_A_NEW_TERM
2019-10-18 07:54:40,797 [4b487190-7547-40c7-b780-43c37a89e8eb@group-BAC069DAEF17-LeaderElection301] INFO  impl.RoleInfo (RoleInfo.java:shutdownLeaderElection(134)) - 4b487190-7547-40c7-b780-43c37a89e8eb: shutdown LeaderElection
2019-10-18 07:54:40,797 [4b487190-7547-40c7-b780-43c37a89e8eb@group-BAC069DAEF17-LeaderElection301] INFO  impl.RoleInfo (RoleInfo.java:updateAndGet(143)) - 4b487190-7547-40c7-b780-43c37a89e8eb: start FollowerState
2019-10-18 07:54:40,911 [Thread-2290] INFO  impl.FollowerState (FollowerState.java:run(108)) - 4b487190-7547-40c7-b780-43c37a89e8eb@group-BAC069DAEF17-FollowerState: change to CANDIDATE, lastRpcTime:114ms, electionTimeout:114ms
2019-10-18 07:54:40,911 [Thread-2290] INFO  impl.RoleInfo (RoleInfo.java:shutdownFollowerState(121)) - 4b487190-7547-40c7-b780-43c37a89e8eb: shutdown FollowerState
2019-10-18 07:54:40,911 [Thread-2290] INFO  impl.RaftServerImpl (RaftServerImpl.java:setRole(184)) - 4b487190-7547-40c7-b780-43c37a89e8eb@group-BAC069DAEF17: changes role from  FOLLOWER to CANDIDATE at term 318 for changeToCandidate
2019-10-18 07:54:40,912 [Thread-2290] INFO  impl.RoleInfo (RoleInfo.java:updateAndGet(143)) - 4b487190-7547-40c7-b780-43c37a89e8eb: start LeaderElection
2019-10-18 07:54:40,925 [4b487190-7547-40c7-b780-43c37a89e8eb@group-BAC069DAEF17-LeaderElection302] INFO  impl.LeaderElection (LeaderElection.java:askForVotes(178)) - 4b487190-7547-40c7-b780-43c37a89e8eb@group-BAC069DAEF17-LeaderElection302: begin an election at term 319 for -1: [6fa005cd-25d6-4e29-bda6-9462a060c098:192.168.69.67:36093, 4b487190-7547-40c7-b780-43c37a89e8eb:192.168.69.67:39683, 3d3aac8b-d4d1-454d-bf0c-88a180692893:192.168.69.67:34429], old=null
2019-10-18 07:54:40,927 [grpc-default-executor-6] INFO  impl.RaftServerImpl (RaftServerImpl.java:setRole(184)) - 3d3aac8b-d4d1-454d-bf0c-88a180692893@group-BAC069DAEF17: changes role from  FOLLOWER to FOLLOWER at term 319 for recognizeCandidate:4b487190-7547-40c7-b780-43c37a89e8eb
2019-10-18 07:54:40,927 [grpc-default-executor-0] INFO  impl.RaftServerImpl (RaftServerImpl.java:setRole(184)) - 6fa005cd-25d6-4e29-bda6-9462a060c098@group-BAC069DAEF17: changes role from  FOLLOWER to FOLLOWER at term 319 for recognizeCandidate:4b487190-7547-40c7-b780-43c37a89e8eb
2019-10-18 07:54:40,927 [grpc-default-executor-6] INFO  impl.RoleInfo (RoleInfo.java:shutdownFollowerState(121)) - 3d3aac8b-d4d1-454d-bf0c-88a180692893: shutdown FollowerState
2019-10-18 07:54:40,928 [grpc-default-executor-0] INFO  impl.RoleInfo (RoleInfo.java:shutdownFollowerState(121)) - 6fa005cd-25d6-4e29-bda6-9462a060c098: shutdown FollowerState
2019-10-18 07:54:40,928 [Thread-2289] INFO  impl.FollowerState (FollowerState.java:run(117)) - 3d3aac8b-d4d1-454d-bf0c-88a180692893@group-BAC069DAEF17-FollowerState was interrupted: java.lang.InterruptedException: sleep interrupted
2019-10-18 07:54:40,928 [grpc-default-executor-6] INFO  impl.RoleInfo (RoleInfo.java:updateAndGet(143)) - 3d3aac8b-d4d1-454d-bf0c-88a180692893: start FollowerState
2019-10-18 07:54:40,928 [Thread-2288] INFO  impl.FollowerState (FollowerState.java:run(117)) - 6fa005cd-25d6-4e29-bda6-9462a060c098@group-BAC069DAEF17-FollowerState was interrupted: java.lang.InterruptedException: sleep interrupted
2019-10-18 07:54:40,928 [grpc-default-executor-0] INFO  impl.RoleInfo (RoleInfo.java:updateAndGet(143)) - 6fa005cd-25d6-4e29-bda6-9462a060c098: start FollowerState
2019-10-18 07:54:40,943 [4b487190-7547-40c7-b780-43c37a89e8eb@group-BAC069DAEF17-LeaderElection302] INFO  impl.LeaderElection (LeaderElection.java:logAndReturn(56)) - 4b487190-7547-40c7-b780-43c37a89e8eb@group-BAC069DAEF17-LeaderElection302: Election REJECTED; received 2 response(s) [4b487190-7547-40c7-b780-43c37a89e8eb<-6fa005cd-25d6-4e29-bda6-9462a060c098#0:FAIL-t319, 4b487190-7547-40c7-b780-43c37a89e8eb<-3d3aac8b-d4d1-454d-bf0c-88a180692893#0:FAIL-t319] and 0 exception(s); 4b487190-7547-40c7-b780-43c37a89e8eb@group-BAC069DAEF17:t319, leader=null, voted=4b487190-7547-40c7-b780-43c37a89e8eb, raftlog=4b487190-7547-40c7-b780-43c37a89e8eb@group-BAC069DAEF17-SegmentedRaftLog:OPENED:c-1,f-1,i0, conf=-1: [6fa005cd-25d6-4e29-bda6-9462a060c098:192.168.69.67:36093, 4b487190-7547-40c7-b780-43c37a89e8eb:192.168.69.67:39683, 3d3aac8b-d4d1-454d-bf0c-88a180692893:192.168.69.67:34429], old=null
2019-10-18 07:54:40,943 [4b487190-7547-40c7-b780-43c37a89e8eb@group-BAC069DAEF17-LeaderElection302] INFO  impl.RaftServerImpl (RaftServerImpl.java:setRole(184)) - 4b487190-7547-40c7-b780-43c37a89e8eb@group-BAC069DAEF17: changes role from CANDIDATE to FOLLOWER at term 319 for DISCOVERED_A_NEW_TERM
2019-10-18 07:54:40,943 [4b487190-7547-40c7-b780-43c37a89e8eb@group-BAC069DAEF17-LeaderElection302] INFO  impl.RoleInfo (RoleInfo.java:shutdownLeaderElection(134)) - 4b487190-7547-40c7-b780-43c37a89e8eb: shutdown LeaderElection
2019-10-18 07:54:40,943 [4b487190-7547-40c7-b780-43c37a89e8eb@group-BAC069DAEF17-LeaderElection302] INFO  impl.RoleInfo (RoleInfo.java:updateAndGet(143)) - 4b487190-7547-40c7-b780-43c37a89e8eb: start FollowerState
2019-10-18 07:54:41,005 [Thread-2298] INFO  impl.FollowerState (FollowerState.java:run(108)) - 4b487190-7547-40c7-b780-43c37a89e8eb@group-BAC069DAEF17-FollowerState: change to CANDIDATE, lastRpcTime:61ms, electionTimeout:61ms
2019-10-18 07:54:41,005 [Thread-2298] INFO  impl.RoleInfo (RoleInfo.java:shutdownFollowerState(121)) - 4b487190-7547-40c7-b780-43c37a89e8eb: shutdown FollowerState
2019-10-18 07:54:41,005 [Thread-2298] INFO  impl.RaftServerImpl (RaftServerImpl.java:setRole(184)) - 4b487190-7547-40c7-b780-43c37a89e8eb@group-BAC069DAEF17: changes role from  FOLLOWER to CANDIDATE at term 319 for changeToCandidate
2019-10-18 07:54:41,005 [Thread-2298] INFO  impl.RoleInfo (RoleInfo.java:updateAndGet(143)) - 4b487190-7547-40c7-b780-43c37a89e8eb: start LeaderElection
2019-10-18 07:54:41,019 [4b487190-7547-40c7-b780-43c37a89e8eb@group-BAC069DAEF17-LeaderElection303] INFO  impl.LeaderElection (LeaderElection.java:askForVotes(178)) - 4b487190-7547-40c7-b780-43c37a89e8eb@group-BAC069DAEF17-LeaderElection303: begin an election at term 320 for -1: [6fa005cd-25d6-4e29-bda6-9462a060c098:192.168.69.67:36093, 4b487190-7547-40c7-b780-43c37a89e8eb:192.168.69.67:39683, 3d3aac8b-d4d1-454d-bf0c-88a180692893:192.168.69.67:34429], old=null
2019-10-18 07:54:41,021 [grpc-default-executor-0] INFO  impl.RaftServerImpl (RaftServerImpl.java:setRole(184)) - 6fa005cd-25d6-4e29-bda6-9462a060c098@group-BAC069DAEF17: changes role from  FOLLOWER to FOLLOWER at term 320 for recognizeCandidate:4b487190-7547-40c7-b780-43c37a89e8eb
2019-10-18 07:54:41,021 [grpc-default-executor-0] INFO  impl.RoleInfo (RoleInfo.java:shutdownFollowerState(121)) - 6fa005cd-25d6-4e29-bda6-9462a060c098: shutdown FollowerState
2019-10-18 07:54:41,021 [grpc-default-executor-6] INFO  impl.RaftServerImpl (RaftServerImpl.java:setRole(184)) - 3d3aac8b-d4d1-454d-bf0c-88a180692893@group-BAC069DAEF17: changes role from  FOLLOWER to FOLLOWER at term 320 for recognizeCandidate:4b487190-7547-40c7-b780-43c37a89e8eb
2019-10-18 07:54:41,022 [grpc-default-executor-6] INFO  impl.RoleInfo (RoleInfo.java:shutdownFollowerState(121)) - 3d3aac8b-d4d1-454d-bf0c-88a180692893: shutdown FollowerState
2019-10-18 07:54:41,022 [Thread-2297] INFO  impl.FollowerState (FollowerState.java:run(117)) - 6fa005cd-25d6-4e29-bda6-9462a060c098@group-BAC069DAEF17-FollowerState was interrupted: java.lang.InterruptedException: sleep interrupted
2019-10-18 07:54:41,022 [grpc-default-executor-0] INFO  impl.RoleInfo (RoleInfo.java:updateAndGet(143)) - 6fa005cd-25d6-4e29-bda6-9462a060c098: start FollowerState
2019-10-18 07:54:41,022 [Thread-2296] INFO  impl.FollowerState (FollowerState.java:run(117)) - 3d3aac8b-d4d1-454d-bf0c-88a180692893@group-BAC069DAEF17-FollowerState was interrupted: java.lang.InterruptedException: sleep interrupted
2019-10-18 07:54:41,022 [grpc-default-executor-6] INFO  impl.RoleInfo (RoleInfo.java:updateAndGet(143)) - 3d3aac8b-d4d1-454d-bf0c-88a180692893: start FollowerState
2019-10-18 07:54:41,037 [4b487190-7547-40c7-b780-43c37a89e8eb@group-BAC069DAEF17-LeaderElection303] INFO  impl.LeaderElection (LeaderElection.java:logAndReturn(56)) - 4b487190-7547-40c7-b780-43c37a89e8eb@group-BAC069DAEF17-LeaderElection303: Election REJECTED; received 2 response(s) [4b487190-7547-40c7-b780-43c37a89e8eb<-6fa005cd-25d6-4e29-bda6-9462a060c098#0:FAIL-t320, 4b487190-7547-40c7-b780-43c37a89e8eb<-3d3aac8b-d4d1-454d-bf0c-88a180692893#0:FAIL-t320] and 0 exception(s); 4b487190-7547-40c7-b780-43c37a89e8eb@group-BAC069DAEF17:t320, leader=null, voted=4b487190-7547-40c7-b780-43c37a89e8eb, raftlog=4b487190-7547-40c7-b780-43c37a89e8eb@group-BAC069DAEF17-SegmentedRaftLog:OPENED:c-1,f-1,i0, conf=-1: [6fa005cd-25d6-4e29-bda6-9462a060c098:192.168.69.67:36093, 4b487190-7547-40c7-b780-43c37a89e8eb:192.168.69.67:39683, 3d3aac8b-d4d1-454d-bf0c-88a180692893:192.168.69.67:34429], old=null
2019-10-18 07:54:41,037 [4b487190-7547-40c7-b780-43c37a89e8eb@group-BAC069DAEF17-LeaderElection303] INFO  impl.RaftServerImpl (RaftServerImpl.java:setRole(184)) - 4b487190-7547-40c7-b780-43c37a89e8eb@group-BAC069DAEF17: changes role from CANDIDATE to FOLLOWER at term 320 for DISCOVERED_A_NEW_TERM
2019-10-18 07:54:41,037 [4b487190-7547-40c7-b780-43c37a89e8eb@group-BAC069DAEF17-LeaderElection303] INFO  impl.RoleInfo (RoleInfo.java:shutdownLeaderElection(134)) - 4b487190-7547-40c7-b780-43c37a89e8eb: shutdown LeaderElection
2019-10-18 07:54:41,037 [4b487190-7547-40c7-b780-43c37a89e8eb@group-BAC069DAEF17-LeaderElection303] INFO  impl.RoleInfo (RoleInfo.java:updateAndGet(143)) - 4b487190-7547-40c7-b780-43c37a89e8eb: start FollowerState
2019-10-18 07:54:41,054 [Thread-2304] INFO  impl.FollowerState (FollowerState.java:run(108)) - 4b487190-7547-40c7-b780-43c37a89e8eb@group-BAC069DAEF17-FollowerState: change to CANDIDATE, lastRpcTime:16ms, electionTimeout:16ms
2019-10-18 07:54:41,054 [Thread-2304] INFO  impl.RoleInfo (RoleInfo.java:shutdownFollowerState(121)) - 4b487190-7547-40c7-b780-43c37a89e8eb: shutdown FollowerState
2019-10-18 07:54:41,054 [Thread-2304] INFO  impl.RaftServerImpl (RaftServerImpl.java:setRole(184)) - 4b487190-7547-40c7-b780-43c37a89e8eb@group-BAC069DAEF17: changes role from  FOLLOWER to CANDIDATE at term 320 for changeToCandidate
2019-10-18 07:54:41,054 [Thread-2304] INFO  impl.RoleInfo (RoleInfo.java:updateAndGet(143)) - 4b487190-7547-40c7-b780-43c37a89e8eb: start LeaderElection
2019-10-18 07:54:41,069 [4b487190-7547-40c7-b780-43c37a89e8eb@group-BAC069DAEF17-LeaderElection304] INFO  impl.LeaderElection (LeaderElection.java:askForVotes(178)) - 4b487190-7547-40c7-b780-43c37a89e8eb@group-BAC069DAEF17-LeaderElection304: begin an election at term 321 for -1: [6fa005cd-25d6-4e29-bda6-9462a060c098:192.168.69.67:36093, 4b487190-7547-40c7-b780-43c37a89e8eb:192.168.69.67:39683, 3d3aac8b-d4d1-454d-bf0c-88a180692893:192.168.69.67:34429], old=null
2019-10-18 07:54:41,070 [grpc-default-executor-0] INFO  impl.RaftServerImpl (RaftServerImpl.java:setRole(184)) - 6fa005cd-25d6-4e29-bda6-9462a060c098@group-BAC069DAEF17: changes role from  FOLLOWER to FOLLOWER at term 321 for recognizeCandidate:4b487190-7547-40c7-b780-43c37a89e8eb
2019-10-18 07:54:41,071 [grpc-default-executor-0] INFO  impl.RoleInfo (RoleInfo.java:shutdownFollowerState(121)) - 6fa005cd-25d6-4e29-bda6-9462a060c098: shutdown FollowerState
2019-10-18 07:54:41,071 [grpc-default-executor-6] INFO  impl.RaftServerImpl (RaftServerImpl.java:setRole(184)) - 3d3aac8b-d4d1-454d-bf0c-88a180692893@group-BAC069DAEF17: changes role from  FOLLOWER to FOLLOWER at term 321 for recognizeCandidate:4b487190-7547-40c7-b780-43c37a89e8eb
2019-10-18 07:54:41,071 [Thread-2302] INFO  impl.FollowerState (FollowerState.java:run(117)) - 6fa005cd-25d6-4e29-bda6-9462a060c098@group-BAC069DAEF17-FollowerState was interrupted: java.lang.InterruptedException: sleep interrupted
2019-10-18 07:54:41,071 [grpc-default-executor-0] INFO  impl.RoleInfo (RoleInfo.java:updateAndGet(143)) - 6fa005cd-25d6-4e29-bda6-9462a060c098: start FollowerState
2019-10-18 07:54:41,071 [grpc-default-executor-6] INFO  impl.RoleInfo (RoleInfo.java:shutdownFollowerState(121)) - 3d3aac8b-d4d1-454d-bf0c-88a180692893: shutdown FollowerState
2019-10-18 07:54:41,072 [grpc-default-executor-6] INFO  impl.RoleInfo (RoleInfo.java:updateAndGet(143)) - 3d3aac8b-d4d1-454d-bf0c-88a180692893: start FollowerState
2019-10-18 07:54:41,072 [Thread-2303] INFO  impl.FollowerState (FollowerState.java:run(117)) - 3d3aac8b-d4d1-454d-bf0c-88a180692893@group-BAC069DAEF17-FollowerState was interrupted: java.lang.InterruptedException: sleep interrupted
2019-10-18 07:54:41,087 [4b487190-7547-40c7-b780-43c37a89e8eb@group-BAC069DAEF17-LeaderElection304] INFO  impl.LeaderElection (LeaderElection.java:logAndReturn(56)) - 4b487190-7547-40c7-b780-43c37a89e8eb@group-BAC069DAEF17-LeaderElection304: Election REJECTED; received 2 response(s) [4b487190-7547-40c7-b780-43c37a89e8eb<-6fa005cd-25d6-4e29-bda6-9462a060c098#0:FAIL-t321, 4b487190-7547-40c7-b780-43c37a89e8eb<-3d3aac8b-d4d1-454d-bf0c-88a180692893#0:FAIL-t321] and 0 exception(s); 4b487190-7547-40c7-b780-43c37a89e8eb@group-BAC069DAEF17:t321, leader=null, voted=4b487190-7547-40c7-b780-43c37a89e8eb, raftlog=4b487190-7547-40c7-b780-43c37a89e8eb@group-BAC069DAEF17-SegmentedRaftLog:OPENED:c-1,f-1,i0, conf=-1: [6fa005cd-25d6-4e29-bda6-9462a060c098:192.168.69.67:36093, 4b487190-7547-40c7-b780-43c37a89e8eb:192.168.69.67:39683, 3d3aac8b-d4d1-454d-bf0c-88a180692893:192.168.69.67:34429], old=null
2019-10-18 07:54:41,087 [4b487190-7547-40c7-b780-43c37a89e8eb@group-BAC069DAEF17-LeaderElection304] INFO  impl.RaftServerImpl (RaftServerImpl.java:setRole(184)) - 4b487190-7547-40c7-b780-43c37a89e8eb@group-BAC069DAEF17: changes role from CANDIDATE to FOLLOWER at term 321 for DISCOVERED_A_NEW_TERM
2019-10-18 07:54:41,087 [4b487190-7547-40c7-b780-43c37a89e8eb@group-BAC069DAEF17-LeaderElection304] INFO  impl.RoleInfo (RoleInfo.java:shutdownLeaderElection(134)) - 4b487190-7547-40c7-b780-43c37a89e8eb: shutdown LeaderElection
2019-10-18 07:54:41,087 [4b487190-7547-40c7-b780-43c37a89e8eb@group-BAC069DAEF17-LeaderElection304] INFO  impl.RoleInfo (RoleInfo.java:updateAndGet(143)) - 4b487190-7547-40c7-b780-43c37a89e8eb: start FollowerState
2019-10-18 07:54:41,128 [Thread-2310] INFO  impl.FollowerState (FollowerState.java:run(108)) - 4b487190-7547-40c7-b780-43c37a89e8eb@group-BAC069DAEF17-FollowerState: change to CANDIDATE, lastRpcTime:40ms, electionTimeout:40ms
2019-10-18 07:54:41,128 [Thread-2310] INFO  impl.RoleInfo (RoleInfo.java:shutdownFollowerState(121)) - 4b487190-7547-40c7-b780-43c37a89e8eb: shutdown FollowerState
2019-10-18 07:54:41,128 [Thread-2310] INFO  impl.RaftServerImpl (RaftServerImpl.java:setRole(184)) - 4b487190-7547-40c7-b780-43c37a89e8eb@group-BAC069DAEF17: changes role from  FOLLOWER to CANDIDATE at term 321 for changeToCandidate
2019-10-18 07:54:41,128 [Thread-2310] INFO  impl.RoleInfo (RoleInfo.java:updateAndGet(143)) - 4b487190-7547-40c7-b780-43c37a89e8eb: start LeaderElection
2019-10-18 07:54:41,141 [4b487190-7547-40c7-b780-43c37a89e8eb@group-BAC069DAEF17-LeaderElection305] INFO  impl.LeaderElection (LeaderElection.java:askForVotes(178)) - 4b487190-7547-40c7-b780-43c37a89e8eb@group-BAC069DAEF17-LeaderElection305: begin an election at term 322 for -1: [6fa005cd-25d6-4e29-bda6-9462a060c098:192.168.69.67:36093, 4b487190-7547-40c7-b780-43c37a89e8eb:192.168.69.67:39683, 3d3aac8b-d4d1-454d-bf0c-88a180692893:192.168.69.67:34429], old=null
2019-10-18 07:54:41,143 [grpc-default-executor-6] INFO  impl.RaftServerImpl (RaftServerImpl.java:setRole(184)) - 6fa005cd-25d6-4e29-bda6-9462a060c098@group-BAC069DAEF17: changes role from  FOLLOWER to FOLLOWER at term 322 for recognizeCandidate:4b487190-7547-40c7-b780-43c37a89e8eb
2019-10-18 07:54:41,143 [grpc-default-executor-6] INFO  impl.RoleInfo (RoleInfo.java:shutdownFollowerState(121)) - 6fa005cd-25d6-4e29-bda6-9462a060c098: shutdown FollowerState
2019-10-18 07:54:41,143 [grpc-default-executor-0] INFO  impl.RaftServerImpl (RaftServerImpl.java:setRole(184)) - 3d3aac8b-d4d1-454d-bf0c-88a180692893@group-BAC069DAEF17: changes role from  FOLLOWER to FOLLOWER at term 322 for recognizeCandidate:4b487190-7547-40c7-b780-43c37a89e8eb
2019-10-18 07:54:41,143 [grpc-default-executor-0] INFO  impl.RoleInfo (RoleInfo.java:shutdownFollowerState(121)) - 3d3aac8b-d4d1-454d-bf0c-88a180692893: shutdown FollowerState
2019-10-18 07:54:41,143 [Thread-2308] INFO  impl.FollowerState (FollowerState.java:run(117)) - 6fa005cd-25d6-4e29-bda6-9462a060c098@group-BAC069DAEF17-FollowerState was interrupted: java.lang.InterruptedException: sleep interrupted
2019-10-18 07:54:41,143 [grpc-default-executor-6] INFO  impl.RoleInfo (RoleInfo.java:updateAndGet(143)) - 6fa005cd-25d6-4e29-bda6-9462a060c098: start FollowerState
2019-10-18 07:54:41,144 [Thread-2309] INFO  impl.FollowerState (FollowerState.java:run(117)) - 3d3aac8b-d4d1-454d-bf0c-88a180692893@group-BAC069DAEF17-FollowerState was interrupted: java.lang.InterruptedException: sleep interrupted
2019-10-18 07:54:41,144 [grpc-default-executor-0] INFO  impl.RoleInfo (RoleInfo.java:updateAndGet(143)) - 3d3aac8b-d4d1-454d-bf0c-88a180692893: start FollowerState
2019-10-18 07:54:41,160 [4b487190-7547-40c7-b780-43c37a89e8eb@group-BAC069DAEF17-LeaderElection305] INFO  impl.LeaderElection (LeaderElection.java:logAndReturn(56)) - 4b487190-7547-40c7-b780-43c37a89e8eb@group-BAC069DAEF17-LeaderElection305: Election REJECTED; received 2 response(s) [4b487190-7547-40c7-b780-43c37a89e8eb<-6fa005cd-25d6-4e29-bda6-9462a060c098#0:FAIL-t322, 4b487190-7547-40c7-b780-43c37a89e8eb<-3d3aac8b-d4d1-454d-bf0c-88a180692893#0:FAIL-t322] and 0 exception(s); 4b487190-7547-40c7-b780-43c37a89e8eb@group-BAC069DAEF17:t322, leader=null, voted=4b487190-7547-40c7-b780-43c37a89e8eb, raftlog=4b487190-7547-40c7-b780-43c37a89e8eb@group-BAC069DAEF17-SegmentedRaftLog:OPENED:c-1,f-1,i0, conf=-1: [6fa005cd-25d6-4e29-bda6-9462a060c098:192.168.69.67:36093, 4b487190-7547-40c7-b780-43c37a89e8eb:192.168.69.67:39683, 3d3aac8b-d4d1-454d-bf0c-88a180692893:192.168.69.67:34429], old=null
2019-10-18 07:54:41,160 [4b487190-7547-40c7-b780-43c37a89e8eb@group-BAC069DAEF17-LeaderElection305] INFO  impl.RaftServerImpl (RaftServerImpl.java:setRole(184)) - 4b487190-7547-40c7-b780-43c37a89e8eb@group-BAC069DAEF17: changes role from CANDIDATE to FOLLOWER at term 322 for DISCOVERED_A_NEW_TERM
2019-10-18 07:54:41,160 [4b487190-7547-40c7-b780-43c37a89e8eb@group-BAC069DAEF17-LeaderElection305] INFO  impl.RoleInfo (RoleInfo.java:shutdownLeaderElection(134)) - 4b487190-7547-40c7-b780-43c37a89e8eb: shutdown LeaderElection
2019-10-18 07:54:41,160 [4b487190-7547-40c7-b780-43c37a89e8eb@group-BAC069DAEF17-LeaderElection305] INFO  impl.RoleInfo (RoleInfo.java:updateAndGet(143)) - 4b487190-7547-40c7-b780-43c37a89e8eb: start FollowerState
2019-10-18 07:54:41,275 [Thread-2316] INFO  impl.FollowerState (FollowerState.java:run(108)) - 4b487190-7547-40c7-b780-43c37a89e8eb@group-BAC069DAEF17-FollowerState: change to CANDIDATE, lastRpcTime:115ms, electionTimeout:115ms
2019-10-18 07:54:41,276 [Thread-2316] INFO  impl.RoleInfo (RoleInfo.java:shutdownFollowerState(121)) - 4b487190-7547-40c7-b780-43c37a89e8eb: shutdown FollowerState
2019-10-18 07:54:41,276 [Thread-2316] INFO  impl.RaftServerImpl (RaftServerImpl.java:setRole(184)) - 4b487190-7547-40c7-b780-43c37a89e8eb@group-BAC069DAEF17: changes role from  FOLLOWER to CANDIDATE at term 322 for changeToCandidate
2019-10-18 07:54:41,276 [Thread-2316] INFO  impl.RoleInfo (RoleInfo.java:updateAndGet(143)) - 4b487190-7547-40c7-b780-43c37a89e8eb: start LeaderElection
2019-10-18 07:54:41,290 [4b487190-7547-40c7-b780-43c37a89e8eb@group-BAC069DAEF17-LeaderElection306] INFO  impl.LeaderElection (LeaderElection.java:askForVotes(178)) - 4b487190-7547-40c7-b780-43c37a89e8eb@group-BAC069DAEF17-LeaderElection306: begin an election at term 323 for -1: [6fa005cd-25d6-4e29-bda6-9462a060c098:192.168.69.67:36093, 4b487190-7547-40c7-b780-43c37a89e8eb:192.168.69.67:39683, 3d3aac8b-d4d1-454d-bf0c-88a180692893:192.168.69.67:34429], old=null
2019-10-18 07:54:41,292 [grpc-default-executor-0] INFO  impl.RaftServerImpl (RaftServerImpl.java:setRole(184)) - 6fa005cd-25d6-4e29-bda6-9462a060c098@group-BAC069DAEF17: changes role from  FOLLOWER to FOLLOWER at term 323 for recognizeCandidate:4b487190-7547-40c7-b780-43c37a89e8eb
2019-10-18 07:54:41,292 [grpc-default-executor-6] INFO  impl.RaftServerImpl (RaftServerImpl.java:setRole(184)) - 3d3aac8b-d4d1-454d-bf0c-88a180692893@group-BAC069DAEF17: changes role from  FOLLOWER to FOLLOWER at term 323 for recognizeCandidate:4b487190-7547-40c7-b780-43c37a89e8eb
2019-10-18 07:54:41,293 [grpc-default-executor-6] INFO  impl.RoleInfo (RoleInfo.java:shutdownFollowerState(121)) - 3d3aac8b-d4d1-454d-bf0c-88a180692893: shutdown FollowerState
2019-10-18 07:54:41,292 [grpc-default-executor-0] INFO  impl.RoleInfo (RoleInfo.java:shutdownFollowerState(121)) - 6fa005cd-25d6-4e29-bda6-9462a060c098: shutdown FollowerState
2019-10-18 07:54:41,293 [Thread-2315] INFO  impl.FollowerState (FollowerState.java:run(117)) - 3d3aac8b-d4d1-454d-bf0c-88a180692893@group-BAC069DAEF17-FollowerState was interrupted: java.lang.InterruptedException: sleep interrupted
2019-10-18 07:54:41,293 [Thread-2314] INFO  impl.FollowerState (FollowerState.java:run(117)) - 6fa005cd-25d6-4e29-bda6-9462a060c098@group-BAC069DAEF17-FollowerState was interrupted: java.lang.InterruptedException: sleep interrupted
2019-10-18 07:54:41,293 [grpc-default-executor-6] INFO  impl.RoleInfo (RoleInfo.java:updateAndGet(143)) - 3d3aac8b-d4d1-454d-bf0c-88a180692893: start FollowerState
2019-10-18 07:54:41,293 [grpc-default-executor-0] INFO  impl.RoleInfo (RoleInfo.java:updateAndGet(143)) - 6fa005cd-25d6-4e29-bda6-9462a060c098: start FollowerState
2019-10-18 07:54:41,308 [4b487190-7547-40c7-b780-43c37a89e8eb@group-BAC069DAEF17-LeaderElection306] INFO  impl.LeaderElection (LeaderElection.java:logAndReturn(56)) - 4b487190-7547-40c7-b780-43c37a89e8eb@group-BAC069DAEF17-LeaderElection306: Election REJECTED; received 2 response(s) [4b487190-7547-40c7-b780-43c37a89e8eb<-6fa005cd-25d6-4e29-bda6-9462a060c098#0:FAIL-t323, 4b487190-7547-40c7-b780-43c37a89e8eb<-3d3aac8b-d4d1-454d-bf0c-88a180692893#0:FAIL-t323] and 0 exception(s); 4b487190-7547-40c7-b780-43c37a89e8eb@group-BAC069DAEF17:t323, leader=null, voted=4b487190-7547-40c7-b780-43c37a89e8eb, raftlog=4b487190-7547-40c7-b780-43c37a89e8eb@group-BAC069DAEF17-SegmentedRaftLog:OPENED:c-1,f-1,i0, conf=-1: [6fa005cd-25d6-4e29-bda6-9462a060c098:192.168.69.67:36093, 4b487190-7547-40c7-b780-43c37a89e8eb:192.168.69.67:39683, 3d3aac8b-d4d1-454d-bf0c-88a180692893:192.168.69.67:34429], old=null
2019-10-18 07:54:41,308 [4b487190-7547-40c7-b780-43c37a89e8eb@group-BAC069DAEF17-LeaderElection306] INFO  impl.RaftServerImpl (RaftServerImpl.java:setRole(184)) - 4b487190-7547-40c7-b780-43c37a89e8eb@group-BAC069DAEF17: changes role from CANDIDATE to FOLLOWER at term 323 for DISCOVERED_A_NEW_TERM
2019-10-18 07:54:41,308 [4b487190-7547-40c7-b780-43c37a89e8eb@group-BAC069DAEF17-LeaderElection306] INFO  impl.RoleInfo (RoleInfo.java:shutdownLeaderElection(134)) - 4b487190-7547-40c7-b780-43c37a89e8eb: shutdown LeaderElection
2019-10-18 07:54:41,308 [4b487190-7547-40c7-b780-43c37a89e8eb@group-BAC069DAEF17-LeaderElection306] INFO  impl.RoleInfo (RoleInfo.java:updateAndGet(143)) - 4b487190-7547-40c7-b780-43c37a89e8eb: start FollowerState
2019-10-18 07:54:41,499 [Thread-2322] INFO  impl.FollowerState (FollowerState.java:run(108)) - 4b487190-7547-40c7-b780-43c37a89e8eb@group-BAC069DAEF17-FollowerState: change to CANDIDATE, lastRpcTime:190ms, electionTimeout:190ms
2019-10-18 07:54:41,499 [Thread-2322] INFO  impl.RoleInfo (RoleInfo.java:shutdownFollowerState(121)) - 4b487190-7547-40c7-b780-43c37a89e8eb: shutdown FollowerState
2019-10-18 07:54:41,499 [Thread-2322] INFO  impl.RaftServerImpl (RaftServerImpl.java:setRole(184)) - 4b487190-7547-40c7-b780-43c37a89e8eb@group-BAC069DAEF17: changes role from  FOLLOWER to CANDIDATE at term 323 for changeToCandidate
2019-10-18 07:54:41,499 [Thread-2322] INFO  impl.RoleInfo (RoleInfo.java:updateAndGet(143)) - 4b487190-7547-40c7-b780-43c37a89e8eb: start LeaderElection
2019-10-18 07:54:41,525 [4b487190-7547-40c7-b780-43c37a89e8eb@group-BAC069DAEF17-LeaderElection307] INFO  impl.LeaderElection (LeaderElection.java:askForVotes(178)) - 4b487190-7547-40c7-b780-43c37a89e8eb@group-BAC069DAEF17-LeaderElection307: begin an election at term 324 for -1: [6fa005cd-25d6-4e29-bda6-9462a060c098:192.168.69.67:36093, 4b487190-7547-40c7-b780-43c37a89e8eb:192.168.69.67:39683, 3d3aac8b-d4d1-454d-bf0c-88a180692893:192.168.69.67:34429], old=null
2019-10-18 07:54:41,527 [grpc-default-executor-0] INFO  impl.RaftServerImpl (RaftServerImpl.java:setRole(184)) - 6fa005cd-25d6-4e29-bda6-9462a060c098@group-BAC069DAEF17: changes role from  FOLLOWER to FOLLOWER at term 324 for recognizeCandidate:4b487190-7547-40c7-b780-43c37a89e8eb
2019-10-18 07:54:41,528 [grpc-default-executor-0] INFO  impl.RoleInfo (RoleInfo.java:shutdownFollowerState(121)) - 6fa005cd-25d6-4e29-bda6-9462a060c098: shutdown FollowerState
2019-10-18 07:54:41,527 [grpc-default-executor-6] INFO  impl.RaftServerImpl (RaftServerImpl.java:setRole(184)) - 3d3aac8b-d4d1-454d-bf0c-88a180692893@group-BAC069DAEF17: changes role from  FOLLOWER to FOLLOWER at term 324 for recognizeCandidate:4b487190-7547-40c7-b780-43c37a89e8eb
2019-10-18 07:54:41,528 [Thread-2321] INFO  impl.FollowerState (FollowerState.java:run(117)) - 6fa005cd-25d6-4e29-bda6-9462a060c098@group-BAC069DAEF17-FollowerState was interrupted: java.lang.InterruptedException: sleep interrupted
2019-10-18 07:54:41,528 [grpc-default-executor-0] INFO  impl.RoleInfo (RoleInfo.java:updateAndGet(143)) - 6fa005cd-25d6-4e29-bda6-9462a060c098: start FollowerState
2019-10-18 07:54:41,528 [grpc-default-executor-6] INFO  impl.RoleInfo (RoleInfo.java:shutdownFollowerState(121)) - 3d3aac8b-d4d1-454d-bf0c-88a180692893: shutdown FollowerState
2019-10-18 07:54:41,528 [grpc-default-executor-6] INFO  impl.RoleInfo (RoleInfo.java:updateAndGet(143)) - 3d3aac8b-d4d1-454d-bf0c-88a180692893: start FollowerState
2019-10-18 07:54:41,528 [Thread-2320] INFO  impl.FollowerState (FollowerState.java:run(117)) - 3d3aac8b-d4d1-454d-bf0c-88a180692893@group-BAC069DAEF17-FollowerState was interrupted: java.lang.InterruptedException: sleep interrupted
2019-10-18 07:54:41,565 [4b487190-7547-40c7-b780-43c37a89e8eb@group-BAC069DAEF17-LeaderElection307] INFO  impl.LeaderElection (LeaderElection.java:logAndReturn(56)) - 4b487190-7547-40c7-b780-43c37a89e8eb@group-BAC069DAEF17-LeaderElection307: Election REJECTED; received 2 response(s) [4b487190-7547-40c7-b780-43c37a89e8eb<-6fa005cd-25d6-4e29-bda6-9462a060c098#0:FAIL-t324, 4b487190-7547-40c7-b780-43c37a89e8eb<-3d3aac8b-d4d1-454d-bf0c-88a180692893#0:FAIL-t324] and 0 exception(s); 4b487190-7547-40c7-b780-43c37a89e8eb@group-BAC069DAEF17:t324, leader=null, voted=4b487190-7547-40c7-b780-43c37a89e8eb, raftlog=4b487190-7547-40c7-b780-43c37a89e8eb@group-BAC069DAEF17-SegmentedRaftLog:OPENED:c-1,f-1,i0, conf=-1: [6fa005cd-25d6-4e29-bda6-9462a060c098:192.168.69.67:36093, 4b487190-7547-40c7-b780-43c37a89e8eb:192.168.69.67:39683, 3d3aac8b-d4d1-454d-bf0c-88a180692893:192.168.69.67:34429], old=null
2019-10-18 07:54:41,565 [4b487190-7547-40c7-b780-43c37a89e8eb@group-BAC069DAEF17-LeaderElection307] INFO  impl.RaftServerImpl (RaftServerImpl.java:setRole(184)) - 4b487190-7547-40c7-b780-43c37a89e8eb@group-BAC069DAEF17: changes role from CANDIDATE to FOLLOWER at term 324 for DISCOVERED_A_NEW_TERM
2019-10-18 07:54:41,565 [4b487190-7547-40c7-b780-43c37a89e8eb@group-BAC069DAEF17-LeaderElection307] INFO  impl.RoleInfo (RoleInfo.java:shutdownLeaderElection(134)) - 4b487190-7547-40c7-b780-43c37a89e8eb: shutdown LeaderElection
2019-10-18 07:54:41,565 [4b487190-7547-40c7-b780-43c37a89e8eb@group-BAC069DAEF17-LeaderElection307] INFO  impl.RoleInfo (RoleInfo.java:updateAndGet(143)) - 4b487190-7547-40c7-b780-43c37a89e8eb: start FollowerState
2019-10-18 07:54:41,691 [Thread-2328] INFO  impl.FollowerState (FollowerState.java:run(108)) - 4b487190-7547-40c7-b780-43c37a89e8eb@group-BAC069DAEF17-FollowerState: change to CANDIDATE, lastRpcTime:125ms, electionTimeout:125ms
2019-10-18 07:54:41,691 [Thread-2328] INFO  impl.RoleInfo (RoleInfo.java:shutdownFollowerState(121)) - 4b487190-7547-40c7-b780-43c37a89e8eb: shutdown FollowerState
2019-10-18 07:54:41,691 [Thread-2328] INFO  impl.RaftServerImpl (RaftServerImpl.java:setRole(184)) - 4b487190-7547-40c7-b780-43c37a89e8eb@group-BAC069DAEF17: changes role from  FOLLOWER to CANDIDATE at term 324 for changeToCandidate
2019-10-18 07:54:41,691 [Thread-2328] INFO  impl.RoleInfo (RoleInfo.java:updateAndGet(143)) - 4b487190-7547-40c7-b780-43c37a89e8eb: start LeaderElection
2019-10-18 07:54:41,713 [4b487190-7547-40c7-b780-43c37a89e8eb@group-BAC069DAEF17-LeaderElection308] INFO  impl.LeaderElection (LeaderElection.java:askForVotes(178)) - 4b487190-7547-40c7-b780-43c37a89e8eb@group-BAC069DAEF17-LeaderElection308: begin an election at term 325 for -1: [6fa005cd-25d6-4e29-bda6-9462a060c098:192.168.69.67:36093, 4b487190-7547-40c7-b780-43c37a89e8eb:192.168.69.67:39683, 3d3aac8b-d4d1-454d-bf0c-88a180692893:192.168.69.67:34429], old=null
2019-10-18 07:54:41,715 [grpc-default-executor-6] INFO  impl.RaftServerImpl (RaftServerImpl.java:setRole(184)) - 6fa005cd-25d6-4e29-bda6-9462a060c098@group-BAC069DAEF17: changes role from  FOLLOWER to FOLLOWER at term 325 for recognizeCandidate:4b487190-7547-40c7-b780-43c37a89e8eb
2019-10-18 07:54:41,715 [grpc-default-executor-0] INFO  impl.RaftServerImpl (RaftServerImpl.java:setRole(184)) - 3d3aac8b-d4d1-454d-bf0c-88a180692893@group-BAC069DAEF17: changes role from  FOLLOWER to FOLLOWER at term 325 for recognizeCandidate:4b487190-7547-40c7-b780-43c37a89e8eb
2019-10-18 07:54:41,715 [grpc-default-executor-0] INFO  impl.RoleInfo (RoleInfo.java:shutdownFollowerState(121)) - 3d3aac8b-d4d1-454d-bf0c-88a180692893: shutdown FollowerState
2019-10-18 07:54:41,715 [grpc-default-executor-6] INFO  impl.RoleInfo (RoleInfo.java:shutdownFollowerState(121)) - 6fa005cd-25d6-4e29-bda6-9462a060c098: shutdown FollowerState
2019-10-18 07:54:41,715 [grpc-default-executor-0] INFO  impl.RoleInfo (RoleInfo.java:updateAndGet(143)) - 3d3aac8b-d4d1-454d-bf0c-88a180692893: start FollowerState
2019-10-18 07:54:41,715 [Thread-2327] INFO  impl.FollowerState (FollowerState.java:run(117)) - 3d3aac8b-d4d1-454d-bf0c-88a180692893@group-BAC069DAEF17-FollowerState was interrupted: java.lang.InterruptedException: sleep interrupted
2019-10-18 07:54:41,715 [grpc-default-executor-6] INFO  impl.RoleInfo (RoleInfo.java:updateAndGet(143)) - 6fa005cd-25d6-4e29-bda6-9462a060c098: start FollowerState
2019-10-18 07:54:41,715 [Thread-2326] INFO  impl.FollowerState (FollowerState.java:run(117)) - 6fa005cd-25d6-4e29-bda6-9462a060c098@group-BAC069DAEF17-FollowerState was interrupted: java.lang.InterruptedException: sleep interrupted
2019-10-18 07:54:41,729 [4b487190-7547-40c7-b780-43c37a89e8eb@group-BAC069DAEF17-LeaderElection308] INFO  impl.LeaderElection (LeaderElection.java:logAndReturn(56)) - 4b487190-7547-40c7-b780-43c37a89e8eb@group-BAC069DAEF17-LeaderElection308: Election REJECTED; received 2 response(s) [4b487190-7547-40c7-b780-43c37a89e8eb<-6fa005cd-25d6-4e29-bda6-9462a060c098#0:FAIL-t325, 4b487190-7547-40c7-b780-43c37a89e8eb<-3d3aac8b-d4d1-454d-bf0c-88a180692893#0:FAIL-t325] and 0 exception(s); 4b487190-7547-40c7-b780-43c37a89e8eb@group-BAC069DAEF17:t325, leader=null, voted=4b487190-7547-40c7-b780-43c37a89e8eb, raftlog=4b487190-7547-40c7-b780-43c37a89e8eb@group-BAC069DAEF17-SegmentedRaftLog:OPENED:c-1,f-1,i0, conf=-1: [6fa005cd-25d6-4e29-bda6-9462a060c098:192.168.69.67:36093, 4b487190-7547-40c7-b780-43c37a89e8eb:192.168.69.67:39683, 3d3aac8b-d4d1-454d-bf0c-88a180692893:192.168.69.67:34429], old=null
2019-10-18 07:54:41,730 [4b487190-7547-40c7-b780-43c37a89e8eb@group-BAC069DAEF17-LeaderElection308] INFO  impl.RaftServerImpl (RaftServerImpl.java:setRole(184)) - 4b487190-7547-40c7-b780-43c37a89e8eb@group-BAC069DAEF17: changes role from CANDIDATE to FOLLOWER at term 325 for DISCOVERED_A_NEW_TERM
2019-10-18 07:54:41,730 [4b487190-7547-40c7-b780-43c37a89e8eb@group-BAC069DAEF17-LeaderElection308] INFO  impl.RoleInfo (RoleInfo.java:shutdownLeaderElection(134)) - 4b487190-7547-40c7-b780-43c37a89e8eb: shutdown LeaderElection
2019-10-18 07:54:41,730 [4b487190-7547-40c7-b780-43c37a89e8eb@group-BAC069DAEF17-LeaderElection308] INFO  impl.RoleInfo (RoleInfo.java:updateAndGet(143)) - 4b487190-7547-40c7-b780-43c37a89e8eb: start FollowerState
2019-10-18 07:54:41,926 [Thread-2334] INFO  impl.FollowerState (FollowerState.java:run(108)) - 4b487190-7547-40c7-b780-43c37a89e8eb@group-BAC069DAEF17-FollowerState: change to CANDIDATE, lastRpcTime:196ms, electionTimeout:196ms
2019-10-18 07:54:41,926 [Thread-2334] INFO  impl.RoleInfo (RoleInfo.java:shutdownFollowerState(121)) - 4b487190-7547-40c7-b780-43c37a89e8eb: shutdown FollowerState
2019-10-18 07:54:41,926 [Thread-2334] INFO  impl.RaftServerImpl (RaftServerImpl.java:setRole(184)) - 4b487190-7547-40c7-b780-43c37a89e8eb@group-BAC069DAEF17: changes role from  FOLLOWER to CANDIDATE at term 325 for changeToCandidate
2019-10-18 07:54:41,927 [Thread-2334] INFO  impl.RoleInfo (RoleInfo.java:updateAndGet(143)) - 4b487190-7547-40c7-b780-43c37a89e8eb: start LeaderElection
2019-10-18 07:54:41,940 [4b487190-7547-40c7-b780-43c37a89e8eb@group-BAC069DAEF17-LeaderElection309] INFO  impl.LeaderElection (LeaderElection.java:askForVotes(178)) - 4b487190-7547-40c7-b780-43c37a89e8eb@group-BAC069DAEF17-LeaderElection309: begin an election at term 326 for -1: [6fa005cd-25d6-4e29-bda6-9462a060c098:192.168.69.67:36093, 4b487190-7547-40c7-b780-43c37a89e8eb:192.168.69.67:39683, 3d3aac8b-d4d1-454d-bf0c-88a180692893:192.168.69.67:34429], old=null
2019-10-18 07:54:41,942 [grpc-default-executor-0] INFO  impl.RaftServerImpl (RaftServerImpl.java:setRole(184)) - 6fa005cd-25d6-4e29-bda6-9462a060c098@group-BAC069DAEF17: changes role from  FOLLOWER to FOLLOWER at term 326 for recognizeCandidate:4b487190-7547-40c7-b780-43c37a89e8eb
2019-10-18 07:54:41,942 [grpc-default-executor-6] INFO  impl.RaftServerImpl (RaftServerImpl.java:setRole(184)) - 3d3aac8b-d4d1-454d-bf0c-88a180692893@group-BAC069DAEF17: changes role from  FOLLOWER to FOLLOWER at term 326 for recognizeCandidate:4b487190-7547-40c7-b780-43c37a89e8eb
2019-10-18 07:54:41,942 [grpc-default-executor-0] INFO  impl.RoleInfo (RoleInfo.java:shutdownFollowerState(121)) - 6fa005cd-25d6-4e29-bda6-9462a060c098: shutdown FollowerState
2019-10-18 07:54:41,943 [grpc-default-executor-6] INFO  impl.RoleInfo (RoleInfo.java:shutdownFollowerState(121)) - 3d3aac8b-d4d1-454d-bf0c-88a180692893: shutdown FollowerState
2019-10-18 07:54:41,943 [grpc-default-executor-0] INFO  impl.RoleInfo (RoleInfo.java:updateAndGet(143)) - 6fa005cd-25d6-4e29-bda6-9462a060c098: start FollowerState
2019-10-18 07:54:41,943 [Thread-2333] INFO  impl.FollowerState (FollowerState.java:run(117)) - 6fa005cd-25d6-4e29-bda6-9462a060c098@group-BAC069DAEF17-FollowerState was interrupted: java.lang.InterruptedException: sleep interrupted
2019-10-18 07:54:41,943 [Thread-2332] INFO  impl.FollowerState (FollowerState.java:run(117)) - 3d3aac8b-d4d1-454d-bf0c-88a180692893@group-BAC069DAEF17-FollowerState was interrupted: java.lang.InterruptedException: sleep interrupted
2019-10-18 07:54:41,943 [grpc-default-executor-6] INFO  impl.RoleInfo (RoleInfo.java:updateAndGet(143)) - 3d3aac8b-d4d1-454d-bf0c-88a180692893: start FollowerState
2019-10-18 07:54:41,958 [4b487190-7547-40c7-b780-43c37a89e8eb@group-BAC069DAEF17-LeaderElection309] INFO  impl.LeaderElection (LeaderElection.java:logAndReturn(56)) - 4b487190-7547-40c7-b780-43c37a89e8eb@group-BAC069DAEF17-LeaderElection309: Election REJECTED; received 2 response(s) [4b487190-7547-40c7-b780-43c37a89e8eb<-6fa005cd-25d6-4e29-bda6-9462a060c098#0:FAIL-t326, 4b487190-7547-40c7-b780-43c37a89e8eb<-3d3aac8b-d4d1-454d-bf0c-88a180692893#0:FAIL-t326] and 0 exception(s); 4b487190-7547-40c7-b780-43c37a89e8eb@group-BAC069DAEF17:t326, leader=null, voted=4b487190-7547-40c7-b780-43c37a89e8eb, raftlog=4b487190-7547-40c7-b780-43c37a89e8eb@group-BAC069DAEF17-SegmentedRaftLog:OPENED:c-1,f-1,i0, conf=-1: [6fa005cd-25d6-4e29-bda6-9462a060c098:192.168.69.67:36093, 4b487190-7547-40c7-b780-43c37a89e8eb:192.168.69.67:39683, 3d3aac8b-d4d1-454d-bf0c-88a180692893:192.168.69.67:34429], old=null
2019-10-18 07:54:41,958 [4b487190-7547-40c7-b780-43c37a89e8eb@group-BAC069DAEF17-LeaderElection309] INFO  impl.RaftServerImpl (RaftServerImpl.java:setRole(184)) - 4b487190-7547-40c7-b780-43c37a89e8eb@group-BAC069DAEF17: changes role from CANDIDATE to FOLLOWER at term 326 for DISCOVERED_A_NEW_TERM
2019-10-18 07:54:41,958 [4b487190-7547-40c7-b780-43c37a89e8eb@group-BAC069DAEF17-LeaderElection309] INFO  impl.RoleInfo (RoleInfo.java:shutdownLeaderElection(134)) - 4b487190-7547-40c7-b780-43c37a89e8eb: shutdown LeaderElection
2019-10-18 07:54:41,958 [4b487190-7547-40c7-b780-43c37a89e8eb@group-BAC069DAEF17-LeaderElection309] INFO  impl.RoleInfo (RoleInfo.java:updateAndGet(143)) - 4b487190-7547-40c7-b780-43c37a89e8eb: start FollowerState
2019-10-18 07:54:42,014 [Thread-2340] INFO  impl.FollowerState (FollowerState.java:run(108)) - 4b487190-7547-40c7-b780-43c37a89e8eb@group-BAC069DAEF17-FollowerState: change to CANDIDATE, lastRpcTime:56ms, electionTimeout:56ms
2019-10-18 07:54:42,014 [Thread-2340] INFO  impl.RoleInfo (RoleInfo.java:shutdownFollowerState(121)) - 4b487190-7547-40c7-b780-43c37a89e8eb: shutdown FollowerState
2019-10-18 07:54:42,015 [Thread-2340] INFO  impl.RaftServerImpl (RaftServerImpl.java:setRole(184)) - 4b487190-7547-40c7-b780-43c37a89e8eb@group-BAC069DAEF17: changes role from  FOLLOWER to CANDIDATE at term 326 for changeToCandidate
2019-10-18 07:54:42,015 [Thread-2340] INFO  impl.RoleInfo (RoleInfo.java:updateAndGet(143)) - 4b487190-7547-40c7-b780-43c37a89e8eb: start LeaderElection
2019-10-18 07:54:42,029 [4b487190-7547-40c7-b780-43c37a89e8eb@group-BAC069DAEF17-LeaderElection310] INFO  impl.LeaderElection (LeaderElection.java:askForVotes(178)) - 4b487190-7547-40c7-b780-43c37a89e8eb@group-BAC069DAEF17-LeaderElection310: begin an election at term 327 for -1: [6fa005cd-25d6-4e29-bda6-9462a060c098:192.168.69.67:36093, 4b487190-7547-40c7-b780-43c37a89e8eb:192.168.69.67:39683, 3d3aac8b-d4d1-454d-bf0c-88a180692893:192.168.69.67:34429], old=null
2019-10-18 07:54:42,031 [grpc-default-executor-0] INFO  impl.RaftServerImpl (RaftServerImpl.java:setRole(184)) - 3d3aac8b-d4d1-454d-bf0c-88a180692893@group-BAC069DAEF17: changes role from  FOLLOWER to FOLLOWER at term 327 for recognizeCandidate:4b487190-7547-40c7-b780-43c37a89e8eb
2019-10-18 07:54:42,031 [grpc-default-executor-6] INFO  impl.RaftServerImpl (RaftServerImpl.java:setRole(184)) - 6fa005cd-25d6-4e29-bda6-9462a060c098@group-BAC069DAEF17: changes role from  FOLLOWER to FOLLOWER at term 327 for recognizeCandidate:4b487190-7547-40c7-b780-43c37a89e8eb
2019-10-18 07:54:42,031 [grpc-default-executor-0] INFO  impl.RoleInfo (RoleInfo.java:shutdownFollowerState(121)) - 3d3aac8b-d4d1-454d-bf0c-88a180692893: shutdown FollowerState
2019-10-18 07:54:42,031 [grpc-default-executor-6] INFO  impl.RoleInfo (RoleInfo.java:shutdownFollowerState(121)) - 6fa005cd-25d6-4e29-bda6-9462a060c098: shutdown FollowerState
2019-10-18 07:54:42,031 [Thread-2339] INFO  impl.FollowerState (FollowerState.java:run(117)) - 3d3aac8b-d4d1-454d-bf0c-88a180692893@group-BAC069DAEF17-FollowerState was interrupted: java.lang.InterruptedException: sleep interrupted
2019-10-18 07:54:42,031 [grpc-default-executor-0] INFO  impl.RoleInfo (RoleInfo.java:updateAndGet(143)) - 3d3aac8b-d4d1-454d-bf0c-88a180692893: start FollowerState
2019-10-18 07:54:42,031 [Thread-2338] INFO  impl.FollowerState (FollowerState.java:run(117)) - 6fa005cd-25d6-4e29-bda6-9462a060c098@group-BAC069DAEF17-FollowerState was interrupted: java.lang.InterruptedException: sleep interrupted
2019-10-18 07:54:42,031 [grpc-default-executor-6] INFO  impl.RoleInfo (RoleInfo.java:updateAndGet(143)) - 6fa005cd-25d6-4e29-bda6-9462a060c098: start FollowerState
2019-10-18 07:54:42,039 [4b487190-7547-40c7-b780-43c37a89e8eb@group-BAC069DAEF17-LeaderElection310] INFO  impl.LeaderElection (LeaderElection.java:logAndReturn(56)) - 4b487190-7547-40c7-b780-43c37a89e8eb@group-BAC069DAEF17-LeaderElection310: Election TIMEOUT; received 0 response(s) [] and 0 exception(s); 4b487190-7547-40c7-b780-43c37a89e8eb@group-BAC069DAEF17:t327, leader=null, voted=4b487190-7547-40c7-b780-43c37a89e8eb, raftlog=4b487190-7547-40c7-b780-43c37a89e8eb@group-BAC069DAEF17-SegmentedRaftLog:OPENED:c-1,f-1,i0, conf=-1: [6fa005cd-25d6-4e29-bda6-9462a060c098:192.168.69.67:36093, 4b487190-7547-40c7-b780-43c37a89e8eb:192.168.69.67:39683, 3d3aac8b-d4d1-454d-bf0c-88a180692893:192.168.69.67:34429], old=null
2019-10-18 07:54:42,045 [4b487190-7547-40c7-b780-43c37a89e8eb@group-BAC069DAEF17-LeaderElection310] INFO  impl.LeaderElection (LeaderElection.java:askForVotes(178)) - 4b487190-7547-40c7-b780-43c37a89e8eb@group-BAC069DAEF17-LeaderElection310: begin an election at term 328 for -1: [6fa005cd-25d6-4e29-bda6-9462a060c098:192.168.69.67:36093, 4b487190-7547-40c7-b780-43c37a89e8eb:192.168.69.67:39683, 3d3aac8b-d4d1-454d-bf0c-88a180692893:192.168.69.67:34429], old=null
2019-10-18 07:54:42,046 [grpc-default-executor-6] INFO  impl.RaftServerImpl (RaftServerImpl.java:setRole(184)) - 6fa005cd-25d6-4e29-bda6-9462a060c098@group-BAC069DAEF17: changes role from  FOLLOWER to FOLLOWER at term 328 for recognizeCandidate:4b487190-7547-40c7-b780-43c37a89e8eb
2019-10-18 07:54:42,047 [grpc-default-executor-6] INFO  impl.RoleInfo (RoleInfo.java:shutdownFollowerState(121)) - 6fa005cd-25d6-4e29-bda6-9462a060c098: shutdown FollowerState
2019-10-18 07:54:42,047 [grpc-default-executor-6] INFO  impl.RoleInfo (RoleInfo.java:updateAndGet(143)) - 6fa005cd-25d6-4e29-bda6-9462a060c098: start FollowerState
2019-10-18 07:54:42,047 [Thread-2345] INFO  impl.FollowerState (FollowerState.java:run(117)) - 6fa005cd-25d6-4e29-bda6-9462a060c098@group-BAC069DAEF17-FollowerState was interrupted: java.lang.InterruptedException: sleep interrupted
2019-10-18 07:54:42,047 [grpc-default-executor-0] INFO  impl.RaftServerImpl (RaftServerImpl.java:setRole(184)) - 3d3aac8b-d4d1-454d-bf0c-88a180692893@group-BAC069DAEF17: changes role from  FOLLOWER to FOLLOWER at term 328 for recognizeCandidate:4b487190-7547-40c7-b780-43c37a89e8eb
2019-10-18 07:54:42,047 [grpc-default-executor-0] INFO  impl.RoleInfo (RoleInfo.java:shutdownFollowerState(121)) - 3d3aac8b-d4d1-454d-bf0c-88a180692893: shutdown FollowerState
2019-10-18 07:54:42,047 [grpc-default-executor-0] INFO  impl.RoleInfo (RoleInfo.java:updateAndGet(143)) - 3d3aac8b-d4d1-454d-bf0c-88a180692893: start FollowerState
2019-10-18 07:54:42,047 [Thread-2344] INFO  impl.FollowerState (FollowerState.java:run(117)) - 3d3aac8b-d4d1-454d-bf0c-88a180692893@group-BAC069DAEF17-FollowerState was interrupted: java.lang.InterruptedException: sleep interrupted
2019-10-18 07:54:42,064 [4b487190-7547-40c7-b780-43c37a89e8eb@group-BAC069DAEF17-LeaderElection310] INFO  impl.LeaderElection (LeaderElection.java:logAndReturn(56)) - 4b487190-7547-40c7-b780-43c37a89e8eb@group-BAC069DAEF17-LeaderElection310: Election REJECTED; received 2 response(s) [4b487190-7547-40c7-b780-43c37a89e8eb<-6fa005cd-25d6-4e29-bda6-9462a060c098#0:FAIL-t328, 4b487190-7547-40c7-b780-43c37a89e8eb<-3d3aac8b-d4d1-454d-bf0c-88a180692893#0:FAIL-t328] and 0 exception(s); 4b487190-7547-40c7-b780-43c37a89e8eb@group-BAC069DAEF17:t328, leader=null, voted=4b487190-7547-40c7-b780-43c37a89e8eb, raftlog=4b487190-7547-40c7-b780-43c37a89e8eb@group-BAC069DAEF17-SegmentedRaftLog:OPENED:c-1,f-1,i0, conf=-1: [6fa005cd-25d6-4e29-bda6-9462a060c098:192.168.69.67:36093, 4b487190-7547-40c7-b780-43c37a89e8eb:192.168.69.67:39683, 3d3aac8b-d4d1-454d-bf0c-88a180692893:192.168.69.67:34429], old=null
2019-10-18 07:54:42,065 [4b487190-7547-40c7-b780-43c37a89e8eb@group-BAC069DAEF17-LeaderElection310] INFO  impl.RaftServerImpl (RaftServerImpl.java:setRole(184)) - 4b487190-7547-40c7-b780-43c37a89e8eb@group-BAC069DAEF17: changes role from CANDIDATE to FOLLOWER at term 328 for DISCOVERED_A_NEW_TERM
2019-10-18 07:54:42,065 [4b487190-7547-40c7-b780-43c37a89e8eb@group-BAC069DAEF17-LeaderElection310] INFO  impl.RoleInfo (RoleInfo.java:shutdownLeaderElection(134)) - 4b487190-7547-40c7-b780-43c37a89e8eb: shutdown LeaderElection
2019-10-18 07:54:42,065 [4b487190-7547-40c7-b780-43c37a89e8eb@group-BAC069DAEF17-LeaderElection310] INFO  impl.RoleInfo (RoleInfo.java:updateAndGet(143)) - 4b487190-7547-40c7-b780-43c37a89e8eb: start FollowerState
2019-10-18 07:54:42,161 [Thread-2350] INFO  impl.FollowerState (FollowerState.java:run(108)) - 4b487190-7547-40c7-b780-43c37a89e8eb@group-BAC069DAEF17-FollowerState: change to CANDIDATE, lastRpcTime:96ms, electionTimeout:96ms
2019-10-18 07:54:42,161 [Thread-2350] INFO  impl.RoleInfo (RoleInfo.java:shutdownFollowerState(121)) - 4b487190-7547-40c7-b780-43c37a89e8eb: shutdown FollowerState
2019-10-18 07:54:42,162 [Thread-2350] INFO  impl.RaftServerImpl (RaftServerImpl.java:setRole(184)) - 4b487190-7547-40c7-b780-43c37a89e8eb@group-BAC069DAEF17: changes role from  FOLLOWER to CANDIDATE at term 328 for changeToCandidate
2019-10-18 07:54:42,162 [Thread-2350] INFO  impl.RoleInfo (RoleInfo.java:updateAndGet(143)) - 4b487190-7547-40c7-b780-43c37a89e8eb: start LeaderElection
2019-10-18 07:54:42,188 [4b487190-7547-40c7-b780-43c37a89e8eb@group-BAC069DAEF17-LeaderElection311] INFO  impl.LeaderElection (LeaderElection.java:askForVotes(178)) - 4b487190-7547-40c7-b780-43c37a89e8eb@group-BAC069DAEF17-LeaderElection311: begin an election at term 329 for -1: [6fa005cd-25d6-4e29-bda6-9462a060c098:192.168.69.67:36093, 4b487190-7547-40c7-b780-43c37a89e8eb:192.168.69.67:39683, 3d3aac8b-d4d1-454d-bf0c-88a180692893:192.168.69.67:34429], old=null
2019-10-18 07:54:42,192 [grpc-default-executor-0] INFO  impl.RaftServerImpl (RaftServerImpl.java:setRole(184)) - 6fa005cd-25d6-4e29-bda6-9462a060c098@group-BAC069DAEF17: changes role from  FOLLOWER to FOLLOWER at term 329 for recognizeCandidate:4b487190-7547-40c7-b780-43c37a89e8eb
2019-10-18 07:54:42,192 [grpc-default-executor-6] INFO  impl.RaftServerImpl (RaftServerImpl.java:setRole(184)) - 3d3aac8b-d4d1-454d-bf0c-88a180692893@group-BAC069DAEF17: changes role from  FOLLOWER to FOLLOWER at term 329 for recognizeCandidate:4b487190-7547-40c7-b780-43c37a89e8eb
2019-10-18 07:54:42,192 [grpc-default-executor-0] INFO  impl.RoleInfo (RoleInfo.java:shutdownFollowerState(121)) - 6fa005cd-25d6-4e29-bda6-9462a060c098: shutdown FollowerState
2019-10-18 07:54:42,192 [grpc-default-executor-6] INFO  impl.RoleInfo (RoleInfo.java:shutdownFollowerState(121)) - 3d3aac8b-d4d1-454d-bf0c-88a180692893: shutdown FollowerState
2019-10-18 07:54:42,192 [Thread-2348] INFO  impl.FollowerState (FollowerState.java:run(117)) - 6fa005cd-25d6-4e29-bda6-9462a060c098@group-BAC069DAEF17-FollowerState was interrupted: java.lang.InterruptedException: sleep interrupted
2019-10-18 07:54:42,192 [Thread-2349] INFO  impl.FollowerState (FollowerState.java:run(117)) - 3d3aac8b-d4d1-454d-bf0c-88a180692893@group-BAC069DAEF17-FollowerState was interrupted: java.lang.InterruptedException: sleep interrupted
2019-10-18 07:54:42,192 [grpc-default-executor-0] INFO  impl.RoleInfo (RoleInfo.java:updateAndGet(143)) - 6fa005cd-25d6-4e29-bda6-9462a060c098: start FollowerState
2019-10-18 07:54:42,192 [grpc-default-executor-6] INFO  impl.RoleInfo (RoleInfo.java:updateAndGet(143)) - 3d3aac8b-d4d1-454d-bf0c-88a180692893: start FollowerState
2019-10-18 07:54:42,206 [4b487190-7547-40c7-b780-43c37a89e8eb@group-BAC069DAEF17-LeaderElection311] INFO  impl.LeaderElection (LeaderElection.java:logAndReturn(56)) - 4b487190-7547-40c7-b780-43c37a89e8eb@group-BAC069DAEF17-LeaderElection311: Election REJECTED; received 2 response(s) [4b487190-7547-40c7-b780-43c37a89e8eb<-6fa005cd-25d6-4e29-bda6-9462a060c098#0:FAIL-t329, 4b487190-7547-40c7-b780-43c37a89e8eb<-3d3aac8b-d4d1-454d-bf0c-88a180692893#0:FAIL-t329] and 0 exception(s); 4b487190-7547-40c7-b780-43c37a89e8eb@group-BAC069DAEF17:t329, leader=null, voted=4b487190-7547-40c7-b780-43c37a89e8eb, raftlog=4b487190-7547-40c7-b780-43c37a89e8eb@group-BAC069DAEF17-SegmentedRaftLog:OPENED:c-1,f-1,i0, conf=-1: [6fa005cd-25d6-4e29-bda6-9462a060c098:192.168.69.67:36093, 4b487190-7547-40c7-b780-43c37a89e8eb:192.168.69.67:39683, 3d3aac8b-d4d1-454d-bf0c-88a180692893:192.168.69.67:34429], old=null
2019-10-18 07:54:42,206 [4b487190-7547-40c7-b780-43c37a89e8eb@group-BAC069DAEF17-LeaderElection311] INFO  impl.RaftServerImpl (RaftServerImpl.java:setRole(184)) - 4b487190-7547-40c7-b780-43c37a89e8eb@group-BAC069DAEF17: changes role from CANDIDATE to FOLLOWER at term 329 for DISCOVERED_A_NEW_TERM
2019-10-18 07:54:42,207 [4b487190-7547-40c7-b780-43c37a89e8eb@group-BAC069DAEF17-LeaderElection311] INFO  impl.RoleInfo (RoleInfo.java:shutdownLeaderElection(134)) - 4b487190-7547-40c7-b780-43c37a89e8eb: shutdown LeaderElection
2019-10-18 07:54:42,207 [4b487190-7547-40c7-b780-43c37a89e8eb@group-BAC069DAEF17-LeaderElection311] INFO  impl.RoleInfo (RoleInfo.java:updateAndGet(143)) - 4b487190-7547-40c7-b780-43c37a89e8eb: start FollowerState
2019-10-18 07:54:42,358 [Thread-2356] INFO  impl.FollowerState (FollowerState.java:run(108)) - 4b487190-7547-40c7-b780-43c37a89e8eb@group-BAC069DAEF17-FollowerState: change to CANDIDATE, lastRpcTime:151ms, electionTimeout:151ms
2019-10-18 07:54:42,358 [Thread-2356] INFO  impl.RoleInfo (RoleInfo.java:shutdownFollowerState(121)) - 4b487190-7547-40c7-b780-43c37a89e8eb: shutdown FollowerState
2019-10-18 07:54:42,358 [Thread-2356] INFO  impl.RaftServerImpl (RaftServerImpl.java:setRole(184)) - 4b487190-7547-40c7-b780-43c37a89e8eb@group-BAC069DAEF17: changes role from  FOLLOWER to CANDIDATE at term 329 for changeToCandidate
2019-10-18 07:54:42,359 [Thread-2356] INFO  impl.RoleInfo (RoleInfo.java:updateAndGet(143)) - 4b487190-7547-40c7-b780-43c37a89e8eb: start LeaderElection
2019-10-18 07:54:42,384 [4b487190-7547-40c7-b780-43c37a89e8eb@group-BAC069DAEF17-LeaderElection312] INFO  impl.LeaderElection (LeaderElection.java:askForVotes(178)) - 4b487190-7547-40c7-b780-43c37a89e8eb@group-BAC069DAEF17-LeaderElection312: begin an election at term 330 for -1: [6fa005cd-25d6-4e29-bda6-9462a060c098:192.168.69.67:36093, 4b487190-7547-40c7-b780-43c37a89e8eb:192.168.69.67:39683, 3d3aac8b-d4d1-454d-bf0c-88a180692893:192.168.69.67:34429], old=null
2019-10-18 07:54:42,387 [grpc-default-executor-6] INFO  impl.RaftServerImpl (RaftServerImpl.java:setRole(184)) - 6fa005cd-25d6-4e29-bda6-9462a060c098@group-BAC069DAEF17: changes role from  FOLLOWER to FOLLOWER at term 330 for recognizeCandidate:4b487190-7547-40c7-b780-43c37a89e8eb
2019-10-18 07:54:42,387 [grpc-default-executor-0] INFO  impl.RaftServerImpl (RaftServerImpl.java:setRole(184)) - 3d3aac8b-d4d1-454d-bf0c-88a180692893@group-BAC069DAEF17: changes role from  FOLLOWER to FOLLOWER at term 330 for recognizeCandidate:4b487190-7547-40c7-b780-43c37a89e8eb
2019-10-18 07:54:42,387 [grpc-default-executor-6] INFO  impl.RoleInfo (RoleInfo.java:shutdownFollowerState(121)) - 6fa005cd-25d6-4e29-bda6-9462a060c098: shutdown FollowerState
2019-10-18 07:54:42,387 [grpc-default-executor-0] INFO  impl.RoleInfo (RoleInfo.java:shutdownFollowerState(121)) - 3d3aac8b-d4d1-454d-bf0c-88a180692893: shutdown FollowerState
2019-10-18 07:54:42,387 [grpc-default-executor-6] INFO  impl.RoleInfo (RoleInfo.java:updateAndGet(143)) - 6fa005cd-25d6-4e29-bda6-9462a060c098: start FollowerState
2019-10-18 07:54:42,388 [Thread-2355] INFO  impl.FollowerState (FollowerState.java:run(117)) - 3d3aac8b-d4d1-454d-bf0c-88a180692893@group-BAC069DAEF17-FollowerState was interrupted: java.lang.InterruptedException: sleep interrupted
2019-10-18 07:54:42,387 [grpc-default-executor-0] INFO  impl.RoleInfo (RoleInfo.java:updateAndGet(143)) - 3d3aac8b-d4d1-454d-bf0c-88a180692893: start FollowerState
2019-10-18 07:54:42,387 [Thread-2354] INFO  impl.FollowerState (FollowerState.java:run(117)) - 6fa005cd-25d6-4e29-bda6-9462a060c098@group-BAC069DAEF17-FollowerState was interrupted: java.lang.InterruptedException: sleep interrupted
2019-10-18 07:54:42,401 [4b487190-7547-40c7-b780-43c37a89e8eb@group-BAC069DAEF17-LeaderElection312] INFO  impl.LeaderElection (LeaderElection.java:logAndReturn(56)) - 4b487190-7547-40c7-b780-43c37a89e8eb@group-BAC069DAEF17-LeaderElection312: Election REJECTED; received 2 response(s) [4b487190-7547-40c7-b780-43c37a89e8eb<-6fa005cd-25d6-4e29-bda6-9462a060c098#0:FAIL-t330, 4b487190-7547-40c7-b780-43c37a89e8eb<-3d3aac8b-d4d1-454d-bf0c-88a180692893#0:FAIL-t330] and 0 exception(s); 4b487190-7547-40c7-b780-43c37a89e8eb@group-BAC069DAEF17:t330, leader=null, voted=4b487190-7547-40c7-b780-43c37a89e8eb, raftlog=4b487190-7547-40c7-b780-43c37a89e8eb@group-BAC069DAEF17-SegmentedRaftLog:OPENED:c-1,f-1,i0, conf=-1: [6fa005cd-25d6-4e29-bda6-9462a060c098:192.168.69.67:36093, 4b487190-7547-40c7-b780-43c37a89e8eb:192.168.69.67:39683, 3d3aac8b-d4d1-454d-bf0c-88a180692893:192.168.69.67:34429], old=null
2019-10-18 07:54:42,401 [4b487190-7547-40c7-b780-43c37a89e8eb@group-BAC069DAEF17-LeaderElection312] INFO  impl.RaftServerImpl (RaftServerImpl.java:setRole(184)) - 4b487190-7547-40c7-b780-43c37a89e8eb@group-BAC069DAEF17: changes role from CANDIDATE to FOLLOWER at term 330 for DISCOVERED_A_NEW_TERM
2019-10-18 07:54:42,401 [4b487190-7547-40c7-b780-43c37a89e8eb@group-BAC069DAEF17-LeaderElection312] INFO  impl.RoleInfo (RoleInfo.java:shutdownLeaderElection(134)) - 4b487190-7547-40c7-b780-43c37a89e8eb: shutdown LeaderElection
2019-10-18 07:54:42,402 [4b487190-7547-40c7-b780-43c37a89e8eb@group-BAC069DAEF17-LeaderElection312] INFO  impl.RoleInfo (RoleInfo.java:updateAndGet(143)) - 4b487190-7547-40c7-b780-43c37a89e8eb: start FollowerState
2019-10-18 07:54:42,416 [Thread-2362] INFO  impl.FollowerState (FollowerState.java:run(108)) - 4b487190-7547-40c7-b780-43c37a89e8eb@group-BAC069DAEF17-FollowerState: change to CANDIDATE, lastRpcTime:14ms, electionTimeout:14ms
2019-10-18 07:54:42,416 [Thread-2362] INFO  impl.RoleInfo (RoleInfo.java:shutdownFollowerState(121)) - 4b487190-7547-40c7-b780-43c37a89e8eb: shutdown FollowerState
2019-10-18 07:54:42,416 [Thread-2362] INFO  impl.RaftServerImpl (RaftServerImpl.java:setRole(184)) - 4b487190-7547-40c7-b780-43c37a89e8eb@group-BAC069DAEF17: changes role from  FOLLOWER to CANDIDATE at term 330 for changeToCandidate
2019-10-18 07:54:42,416 [Thread-2362] INFO  impl.RoleInfo (RoleInfo.java:updateAndGet(143)) - 4b487190-7547-40c7-b780-43c37a89e8eb: start LeaderElection
2019-10-18 07:54:42,430 [4b487190-7547-40c7-b780-43c37a89e8eb@group-BAC069DAEF17-LeaderElection313] INFO  impl.LeaderElection (LeaderElection.java:askForVotes(178)) - 4b487190-7547-40c7-b780-43c37a89e8eb@group-BAC069DAEF17-LeaderElection313: begin an election at term 331 for -1: [6fa005cd-25d6-4e29-bda6-9462a060c098:192.168.69.67:36093, 4b487190-7547-40c7-b780-43c37a89e8eb:192.168.69.67:39683, 3d3aac8b-d4d1-454d-bf0c-88a180692893:192.168.69.67:34429], old=null
2019-10-18 07:54:42,432 [grpc-default-executor-6] INFO  impl.RaftServerImpl (RaftServerImpl.java:setRole(184)) - 6fa005cd-25d6-4e29-bda6-9462a060c098@group-BAC069DAEF17: changes role from  FOLLOWER to FOLLOWER at term 331 for recognizeCandidate:4b487190-7547-40c7-b780-43c37a89e8eb
2019-10-18 07:54:42,432 [grpc-default-executor-6] INFO  impl.RoleInfo (RoleInfo.java:shutdownFollowerState(121)) - 6fa005cd-25d6-4e29-bda6-9462a060c098: shutdown FollowerState
2019-10-18 07:54:42,433 [grpc-default-executor-0] INFO  impl.RaftServerImpl (RaftServerImpl.java:setRole(184)) - 3d3aac8b-d4d1-454d-bf0c-88a180692893@group-BAC069DAEF17: changes role from  FOLLOWER to FOLLOWER at term 331 for recognizeCandidate:4b487190-7547-40c7-b780-43c37a89e8eb
2019-10-18 07:54:42,433 [grpc-default-executor-0] INFO  impl.RoleInfo (RoleInfo.java:shutdownFollowerState(121)) - 3d3aac8b-d4d1-454d-bf0c-88a180692893: shutdown FollowerState
2019-10-18 07:54:42,433 [Thread-2360] INFO  impl.FollowerState (FollowerState.java:run(117)) - 6fa005cd-25d6-4e29-bda6-9462a060c098@group-BAC069DAEF17-FollowerState was interrupted: java.lang.InterruptedException: sleep interrupted
2019-10-18 07:54:42,433 [grpc-default-executor-6] INFO  impl.RoleInfo (RoleInfo.java:updateAndGet(143)) - 6fa005cd-25d6-4e29-bda6-9462a060c098: start FollowerState
2019-10-18 07:54:42,433 [Thread-2361] INFO  impl.FollowerState (FollowerState.java:run(117)) - 3d3aac8b-d4d1-454d-bf0c-88a180692893@group-BAC069DAEF17-FollowerState was interrupted: java.lang.InterruptedException: sleep interrupted
2019-10-18 07:54:42,433 [grpc-default-executor-0] INFO  impl.RoleInfo (RoleInfo.java:updateAndGet(143)) - 3d3aac8b-d4d1-454d-bf0c-88a180692893: start FollowerState
2019-10-18 07:54:42,447 [4b487190-7547-40c7-b780-43c37a89e8eb@group-BAC069DAEF17-LeaderElection313] INFO  impl.LeaderElection (LeaderElection.java:logAndReturn(56)) - 4b487190-7547-40c7-b780-43c37a89e8eb@group-BAC069DAEF17-LeaderElection313: Election REJECTED; received 2 response(s) [4b487190-7547-40c7-b780-43c37a89e8eb<-6fa005cd-25d6-4e29-bda6-9462a060c098#0:FAIL-t331, 4b487190-7547-40c7-b780-43c37a89e8eb<-3d3aac8b-d4d1-454d-bf0c-88a180692893#0:FAIL-t331] and 0 exception(s); 4b487190-7547-40c7-b780-43c37a89e8eb@group-BAC069DAEF17:t331, leader=null, voted=4b487190-7547-40c7-b780-43c37a89e8eb, raftlog=4b487190-7547-40c7-b780-43c37a89e8eb@group-BAC069DAEF17-SegmentedRaftLog:OPENED:c-1,f-1,i0, conf=-1: [6fa005cd-25d6-4e29-bda6-9462a060c098:192.168.69.67:36093, 4b487190-7547-40c7-b780-43c37a89e8eb:192.168.69.67:39683, 3d3aac8b-d4d1-454d-bf0c-88a180692893:192.168.69.67:34429], old=null
2019-10-18 07:54:42,447 [4b487190-7547-40c7-b780-43c37a89e8eb@group-BAC069DAEF17-LeaderElection313] INFO  impl.RaftServerImpl (RaftServerImpl.java:setRole(184)) - 4b487190-7547-40c7-b780-43c37a89e8eb@group-BAC069DAEF17: changes role from CANDIDATE to FOLLOWER at term 331 for DISCOVERED_A_NEW_TERM
2019-10-18 07:54:42,448 [4b487190-7547-40c7-b780-43c37a89e8eb@group-BAC069DAEF17-LeaderElection313] INFO  impl.RoleInfo (RoleInfo.java:shutdownLeaderElection(134)) - 4b487190-7547-40c7-b780-43c37a89e8eb: shutdown LeaderElection
2019-10-18 07:54:42,448 [4b487190-7547-40c7-b780-43c37a89e8eb@group-BAC069DAEF17-LeaderElection313] INFO  impl.RoleInfo (RoleInfo.java:updateAndGet(143)) - 4b487190-7547-40c7-b780-43c37a89e8eb: start FollowerState
2019-10-18 07:54:42,510 [Thread-2368] INFO  impl.FollowerState (FollowerState.java:run(108)) - 4b487190-7547-40c7-b780-43c37a89e8eb@group-BAC069DAEF17-FollowerState: change to CANDIDATE, lastRpcTime:62ms, electionTimeout:62ms
2019-10-18 07:54:42,510 [Thread-2368] INFO  impl.RoleInfo (RoleInfo.java:shutdownFollowerState(121)) - 4b487190-7547-40c7-b780-43c37a89e8eb: shutdown FollowerState
2019-10-18 07:54:42,510 [Thread-2368] INFO  impl.RaftServerImpl (RaftServerImpl.java:setRole(184)) - 4b487190-7547-40c7-b780-43c37a89e8eb@group-BAC069DAEF17: changes role from  FOLLOWER to CANDIDATE at term 331 for changeToCandidate
2019-10-18 07:54:42,511 [Thread-2368] INFO  impl.RoleInfo (RoleInfo.java:updateAndGet(143)) - 4b487190-7547-40c7-b780-43c37a89e8eb: start LeaderElection
2019-10-18 07:54:42,524 [4b487190-7547-40c7-b780-43c37a89e8eb@group-BAC069DAEF17-LeaderElection314] INFO  impl.LeaderElection (LeaderElection.java:askForVotes(178)) - 4b487190-7547-40c7-b780-43c37a89e8eb@group-BAC069DAEF17-LeaderElection314: begin an election at term 332 for -1: [6fa005cd-25d6-4e29-bda6-9462a060c098:192.168.69.67:36093, 4b487190-7547-40c7-b780-43c37a89e8eb:192.168.69.67:39683, 3d3aac8b-d4d1-454d-bf0c-88a180692893:192.168.69.67:34429], old=null
2019-10-18 07:54:42,526 [grpc-default-executor-6] INFO  impl.RaftServerImpl (RaftServerImpl.java:setRole(184)) - 6fa005cd-25d6-4e29-bda6-9462a060c098@group-BAC069DAEF17: changes role from  FOLLOWER to FOLLOWER at term 332 for recognizeCandidate:4b487190-7547-40c7-b780-43c37a89e8eb
2019-10-18 07:54:42,526 [grpc-default-executor-6] INFO  impl.RoleInfo (RoleInfo.java:shutdownFollowerState(121)) - 6fa005cd-25d6-4e29-bda6-9462a060c098: shutdown FollowerState
2019-10-18 07:54:42,527 [grpc-default-executor-0] INFO  impl.RaftServerImpl (RaftServerImpl.java:setRole(184)) - 3d3aac8b-d4d1-454d-bf0c-88a180692893@group-BAC069DAEF17: changes role from  FOLLOWER to FOLLOWER at term 332 for recognizeCandidate:4b487190-7547-40c7-b780-43c37a89e8eb
2019-10-18 07:54:42,527 [grpc-default-executor-0] INFO  impl.RoleInfo (RoleInfo.java:shutdownFollowerState(121)) - 3d3aac8b-d4d1-454d-bf0c-88a180692893: shutdown FollowerState
2019-10-18 07:54:42,527 [Thread-2366] INFO  impl.FollowerState (FollowerState.java:run(117)) - 6fa005cd-25d6-4e29-bda6-9462a060c098@group-BAC069DAEF17-FollowerState was interrupted: java.lang.InterruptedException: sleep interrupted
2019-10-18 07:54:42,527 [Thread-2367] INFO  impl.FollowerState (FollowerState.java:run(117)) - 3d3aac8b-d4d1-454d-bf0c-88a180692893@group-BAC069DAEF17-FollowerState was interrupted: java.lang.InterruptedException: sleep interrupted
2019-10-18 07:54:42,527 [grpc-default-executor-6] INFO  impl.RoleInfo (RoleInfo.java:updateAndGet(143)) - 6fa005cd-25d6-4e29-bda6-9462a060c098: start FollowerState
2019-10-18 07:54:42,527 [grpc-default-executor-0] INFO  impl.RoleInfo (RoleInfo.java:updateAndGet(143)) - 3d3aac8b-d4d1-454d-bf0c-88a180692893: start FollowerState
2019-10-18 07:54:42,542 [4b487190-7547-40c7-b780-43c37a89e8eb@group-BAC069DAEF17-LeaderElection314] INFO  impl.LeaderElection (LeaderElection.java:logAndReturn(56)) - 4b487190-7547-40c7-b780-43c37a89e8eb@group-BAC069DAEF17-LeaderElection314: Election REJECTED; received 2 response(s) [4b487190-7547-40c7-b780-43c37a89e8eb<-6fa005cd-25d6-4e29-bda6-9462a060c098#0:FAIL-t332, 4b487190-7547-40c7-b780-43c37a89e8eb<-3d3aac8b-d4d1-454d-bf0c-88a180692893#0:FAIL-t332] and 0 exception(s); 4b487190-7547-40c7-b780-43c37a89e8eb@group-BAC069DAEF17:t332, leader=null, voted=4b487190-7547-40c7-b780-43c37a89e8eb, raftlog=4b487190-7547-40c7-b780-43c37a89e8eb@group-BAC069DAEF17-SegmentedRaftLog:OPENED:c-1,f-1,i0, conf=-1: [6fa005cd-25d6-4e29-bda6-9462a060c098:192.168.69.67:36093, 4b487190-7547-40c7-b780-43c37a89e8eb:192.168.69.67:39683, 3d3aac8b-d4d1-454d-bf0c-88a180692893:192.168.69.67:34429], old=null
2019-10-18 07:54:42,542 [4b487190-7547-40c7-b780-43c37a89e8eb@group-BAC069DAEF17-LeaderElection314] INFO  impl.RaftServerImpl (RaftServerImpl.java:setRole(184)) - 4b487190-7547-40c7-b780-43c37a89e8eb@group-BAC069DAEF17: changes role from CANDIDATE to FOLLOWER at term 332 for DISCOVERED_A_NEW_TERM
2019-10-18 07:54:42,542 [4b487190-7547-40c7-b780-43c37a89e8eb@group-BAC069DAEF17-LeaderElection314] INFO  impl.RoleInfo (RoleInfo.java:shutdownLeaderElection(134)) - 4b487190-7547-40c7-b780-43c37a89e8eb: shutdown LeaderElection
2019-10-18 07:54:42,542 [4b487190-7547-40c7-b780-43c37a89e8eb@group-BAC069DAEF17-LeaderElection314] INFO  impl.RoleInfo (RoleInfo.java:updateAndGet(143)) - 4b487190-7547-40c7-b780-43c37a89e8eb: start FollowerState
2019-10-18 07:54:42,584 [Thread-2374] INFO  impl.FollowerState (FollowerState.java:run(108)) - 4b487190-7547-40c7-b780-43c37a89e8eb@group-BAC069DAEF17-FollowerState: change to CANDIDATE, lastRpcTime:41ms, electionTimeout:41ms
2019-10-18 07:54:42,584 [Thread-2374] INFO  impl.RoleInfo (RoleInfo.java:shutdownFollowerState(121)) - 4b487190-7547-40c7-b780-43c37a89e8eb: shutdown FollowerState
2019-10-18 07:54:42,584 [Thread-2374] INFO  impl.RaftServerImpl (RaftServerImpl.java:setRole(184)) - 4b487190-7547-40c7-b780-43c37a89e8eb@group-BAC069DAEF17: changes role from  FOLLOWER to CANDIDATE at term 332 for changeToCandidate
2019-10-18 07:54:42,584 [Thread-2374] INFO  impl.RoleInfo (RoleInfo.java:updateAndGet(143)) - 4b487190-7547-40c7-b780-43c37a89e8eb: start LeaderElection
2019-10-18 07:54:42,597 [4b487190-7547-40c7-b780-43c37a89e8eb@group-BAC069DAEF17-LeaderElection315] INFO  impl.LeaderElection (LeaderElection.java:askForVotes(178)) - 4b487190-7547-40c7-b780-43c37a89e8eb@group-BAC069DAEF17-LeaderElection315: begin an election at term 333 for -1: [6fa005cd-25d6-4e29-bda6-9462a060c098:192.168.69.67:36093, 4b487190-7547-40c7-b780-43c37a89e8eb:192.168.69.67:39683, 3d3aac8b-d4d1-454d-bf0c-88a180692893:192.168.69.67:34429], old=null
2019-10-18 07:54:42,599 [grpc-default-executor-0] INFO  impl.RaftServerImpl (RaftServerImpl.java:setRole(184)) - 6fa005cd-25d6-4e29-bda6-9462a060c098@group-BAC069DAEF17: changes role from  FOLLOWER to FOLLOWER at term 333 for recognizeCandidate:4b487190-7547-40c7-b780-43c37a89e8eb
2019-10-18 07:54:42,599 [grpc-default-executor-6] INFO  impl.RaftServerImpl (RaftServerImpl.java:setRole(184)) - 3d3aac8b-d4d1-454d-bf0c-88a180692893@group-BAC069DAEF17: changes role from  FOLLOWER to FOLLOWER at term 333 for recognizeCandidate:4b487190-7547-40c7-b780-43c37a89e8eb
2019-10-18 07:54:42,599 [grpc-default-executor-0] INFO  impl.RoleInfo (RoleInfo.java:shutdownFollowerState(121)) - 6fa005cd-25d6-4e29-bda6-9462a060c098: shutdown FollowerState
2019-10-18 07:54:42,600 [grpc-default-executor-6] INFO  impl.RoleInfo (RoleInfo.java:shutdownFollowerState(121)) - 3d3aac8b-d4d1-454d-bf0c-88a180692893: shutdown FollowerState
2019-10-18 07:54:42,600 [Thread-2372] INFO  impl.FollowerState (FollowerState.java:run(117)) - 6fa005cd-25d6-4e29-bda6-9462a060c098@group-BAC069DAEF17-FollowerState was interrupted: java.lang.InterruptedException: sleep interrupted
2019-10-18 07:54:42,600 [grpc-default-executor-0] INFO  impl.RoleInfo (RoleInfo.java:updateAndGet(143)) - 6fa005cd-25d6-4e29-bda6-9462a060c098: start FollowerState
2019-10-18 07:54:42,600 [Thread-2373] INFO  impl.FollowerState (FollowerState.java:run(117)) - 3d3aac8b-d4d1-454d-bf0c-88a180692893@group-BAC069DAEF17-FollowerState was interrupted: java.lang.InterruptedException: sleep interrupted
2019-10-18 07:54:42,600 [grpc-default-executor-6] INFO  impl.RoleInfo (RoleInfo.java:updateAndGet(143)) - 3d3aac8b-d4d1-454d-bf0c-88a180692893: start FollowerState
2019-10-18 07:54:42,617 [4b487190-7547-40c7-b780-43c37a89e8eb@group-BAC069DAEF17-LeaderElection315] INFO  impl.LeaderElection (LeaderElection.java:logAndReturn(56)) - 4b487190-7547-40c7-b780-43c37a89e8eb@group-BAC069DAEF17-LeaderElection315: Election REJECTED; received 2 response(s) [4b487190-7547-40c7-b780-43c37a89e8eb<-6fa005cd-25d6-4e29-bda6-9462a060c098#0:FAIL-t333, 4b487190-7547-40c7-b780-43c37a89e8eb<-3d3aac8b-d4d1-454d-bf0c-88a180692893#0:FAIL-t333] and 0 exception(s); 4b487190-7547-40c7-b780-43c37a89e8eb@group-BAC069DAEF17:t333, leader=null, voted=4b487190-7547-40c7-b780-43c37a89e8eb, raftlog=4b487190-7547-40c7-b780-43c37a89e8eb@group-BAC069DAEF17-SegmentedRaftLog:OPENED:c-1,f-1,i0, conf=-1: [6fa005cd-25d6-4e29-bda6-9462a060c098:192.168.69.67:36093, 4b487190-7547-40c7-b780-43c37a89e8eb:192.168.69.67:39683, 3d3aac8b-d4d1-454d-bf0c-88a180692893:192.168.69.67:34429], old=null
2019-10-18 07:54:42,617 [4b487190-7547-40c7-b780-43c37a89e8eb@group-BAC069DAEF17-LeaderElection315] INFO  impl.RaftServerImpl (RaftServerImpl.java:setRole(184)) - 4b487190-7547-40c7-b780-43c37a89e8eb@group-BAC069DAEF17: changes role from CANDIDATE to FOLLOWER at term 333 for DISCOVERED_A_NEW_TERM
2019-10-18 07:54:42,617 [4b487190-7547-40c7-b780-43c37a89e8eb@group-BAC069DAEF17-LeaderElection315] INFO  impl.RoleInfo (RoleInfo.java:shutdownLeaderElection(134)) - 4b487190-7547-40c7-b780-43c37a89e8eb: shutdown LeaderElection
2019-10-18 07:54:42,618 [4b487190-7547-40c7-b780-43c37a89e8eb@group-BAC069DAEF17-LeaderElection315] INFO  impl.RoleInfo (RoleInfo.java:updateAndGet(143)) - 4b487190-7547-40c7-b780-43c37a89e8eb: start FollowerState
2019-10-18 07:54:42,620 [Thread-2380] INFO  impl.FollowerState (FollowerState.java:run(108)) - 4b487190-7547-40c7-b780-43c37a89e8eb@group-BAC069DAEF17-FollowerState: change to CANDIDATE, lastRpcTime:2ms, electionTimeout:2ms
2019-10-18 07:54:42,620 [Thread-2380] INFO  impl.RoleInfo (RoleInfo.java:shutdownFollowerState(121)) - 4b487190-7547-40c7-b780-43c37a89e8eb: shutdown FollowerState
2019-10-18 07:54:42,620 [Thread-2380] INFO  impl.RaftServerImpl (RaftServerImpl.java:setRole(184)) - 4b487190-7547-40c7-b780-43c37a89e8eb@group-BAC069DAEF17: changes role from  FOLLOWER to CANDIDATE at term 333 for changeToCandidate
2019-10-18 07:54:42,620 [Thread-2380] INFO  impl.RoleInfo (RoleInfo.java:updateAndGet(143)) - 4b487190-7547-40c7-b780-43c37a89e8eb: start LeaderElection
2019-10-18 07:54:42,637 [4b487190-7547-40c7-b780-43c37a89e8eb@group-BAC069DAEF17-LeaderElection316] INFO  impl.LeaderElection (LeaderElection.java:askForVotes(178)) - 4b487190-7547-40c7-b780-43c37a89e8eb@group-BAC069DAEF17-LeaderElection316: begin an election at term 334 for -1: [6fa005cd-25d6-4e29-bda6-9462a060c098:192.168.69.67:36093, 4b487190-7547-40c7-b780-43c37a89e8eb:192.168.69.67:39683, 3d3aac8b-d4d1-454d-bf0c-88a180692893:192.168.69.67:34429], old=null
2019-10-18 07:54:42,638 [grpc-default-executor-0] INFO  impl.RaftServerImpl (RaftServerImpl.java:setRole(184)) - 6fa005cd-25d6-4e29-bda6-9462a060c098@group-BAC069DAEF17: changes role from  FOLLOWER to FOLLOWER at term 334 for recognizeCandidate:4b487190-7547-40c7-b780-43c37a89e8eb
2019-10-18 07:54:42,638 [grpc-default-executor-0] INFO  impl.RoleInfo (RoleInfo.java:shutdownFollowerState(121)) - 6fa005cd-25d6-4e29-bda6-9462a060c098: shutdown FollowerState
2019-10-18 07:54:42,638 [grpc-default-executor-6] INFO  impl.RaftServerImpl (RaftServerImpl.java:setRole(184)) - 3d3aac8b-d4d1-454d-bf0c-88a180692893@group-BAC069DAEF17: changes role from  FOLLOWER to FOLLOWER at term 334 for recognizeCandidate:4b487190-7547-40c7-b780-43c37a89e8eb
2019-10-18 07:54:42,639 [grpc-default-executor-6] INFO  impl.RoleInfo (RoleInfo.java:shutdownFollowerState(121)) - 3d3aac8b-d4d1-454d-bf0c-88a180692893: shutdown FollowerState
2019-10-18 07:54:42,639 [Thread-2378] INFO  impl.FollowerState (FollowerState.java:run(117)) - 6fa005cd-25d6-4e29-bda6-9462a060c098@group-BAC069DAEF17-FollowerState was interrupted: java.lang.InterruptedException: sleep interrupted
2019-10-18 07:54:42,639 [Thread-2379] INFO  impl.FollowerState (FollowerState.java:run(117)) - 3d3aac8b-d4d1-454d-bf0c-88a180692893@group-BAC069DAEF17-FollowerState was interrupted: java.lang.InterruptedException: sleep interrupted
2019-10-18 07:54:42,639 [grpc-default-executor-0] INFO  impl.RoleInfo (RoleInfo.java:updateAndGet(143)) - 6fa005cd-25d6-4e29-bda6-9462a060c098: start FollowerState
2019-10-18 07:54:42,639 [grpc-default-executor-6] INFO  impl.RoleInfo (RoleInfo.java:updateAndGet(143)) - 3d3aac8b-d4d1-454d-bf0c-88a180692893: start FollowerState
2019-10-18 07:54:42,664 [4b487190-7547-40c7-b780-43c37a89e8eb@group-BAC069DAEF17-LeaderElection316] INFO  impl.LeaderElection (LeaderElection.java:logAndReturn(56)) - 4b487190-7547-40c7-b780-43c37a89e8eb@group-BAC069DAEF17-LeaderElection316: Election REJECTED; received 2 response(s) [4b487190-7547-40c7-b780-43c37a89e8eb<-6fa005cd-25d6-4e29-bda6-9462a060c098#0:FAIL-t334, 4b487190-7547-40c7-b780-43c37a89e8eb<-3d3aac8b-d4d1-454d-bf0c-88a180692893#0:FAIL-t334] and 0 exception(s); 4b487190-7547-40c7-b780-43c37a89e8eb@group-BAC069DAEF17:t334, leader=null, voted=4b487190-7547-40c7-b780-43c37a89e8eb, raftlog=4b487190-7547-40c7-b780-43c37a89e8eb@group-BAC069DAEF17-SegmentedRaftLog:OPENED:c-1,f-1,i0, conf=-1: [6fa005cd-25d6-4e29-bda6-9462a060c098:192.168.69.67:36093, 4b487190-7547-40c7-b780-43c37a89e8eb:192.168.69.67:39683, 3d3aac8b-d4d1-454d-bf0c-88a180692893:192.168.69.67:34429], old=null
2019-10-18 07:54:42,664 [4b487190-7547-40c7-b780-43c37a89e8eb@group-BAC069DAEF17-LeaderElection316] INFO  impl.RaftServerImpl (RaftServerImpl.java:setRole(184)) - 4b487190-7547-40c7-b780-43c37a89e8eb@group-BAC069DAEF17: changes role from CANDIDATE to FOLLOWER at term 334 for DISCOVERED_A_NEW_TERM
2019-10-18 07:54:42,664 [4b487190-7547-40c7-b780-43c37a89e8eb@group-BAC069DAEF17-LeaderElection316] INFO  impl.RoleInfo (RoleInfo.java:shutdownLeaderElection(134)) - 4b487190-7547-40c7-b780-43c37a89e8eb: shutdown LeaderElection
2019-10-18 07:54:42,665 [4b487190-7547-40c7-b780-43c37a89e8eb@group-BAC069DAEF17-LeaderElection316] INFO  impl.RoleInfo (RoleInfo.java:updateAndGet(143)) - 4b487190-7547-40c7-b780-43c37a89e8eb: start FollowerState
2019-10-18 07:54:42,854 [Thread-2386] INFO  impl.FollowerState (FollowerState.java:run(108)) - 4b487190-7547-40c7-b780-43c37a89e8eb@group-BAC069DAEF17-FollowerState: change to CANDIDATE, lastRpcTime:189ms, electionTimeout:189ms
2019-10-18 07:54:42,854 [Thread-2386] INFO  impl.RoleInfo (RoleInfo.java:shutdownFollowerState(121)) - 4b487190-7547-40c7-b780-43c37a89e8eb: shutdown FollowerState
2019-10-18 07:54:42,854 [Thread-2386] INFO  impl.RaftServerImpl (RaftServerImpl.java:setRole(184)) - 4b487190-7547-40c7-b780-43c37a89e8eb@group-BAC069DAEF17: changes role from  FOLLOWER to CANDIDATE at term 334 for changeToCandidate
2019-10-18 07:54:42,854 [Thread-2386] INFO  impl.RoleInfo (RoleInfo.java:updateAndGet(143)) - 4b487190-7547-40c7-b780-43c37a89e8eb: start LeaderElection
2019-10-18 07:54:42,869 [4b487190-7547-40c7-b780-43c37a89e8eb@group-BAC069DAEF17-LeaderElection317] INFO  impl.LeaderElection (LeaderElection.java:askForVotes(178)) - 4b487190-7547-40c7-b780-43c37a89e8eb@group-BAC069DAEF17-LeaderElection317: begin an election at term 335 for -1: [6fa005cd-25d6-4e29-bda6-9462a060c098:192.168.69.67:36093, 4b487190-7547-40c7-b780-43c37a89e8eb:192.168.69.67:39683, 3d3aac8b-d4d1-454d-bf0c-88a180692893:192.168.69.67:34429], old=null
2019-10-18 07:54:42,871 [grpc-default-executor-6] INFO  impl.RaftServerImpl (RaftServerImpl.java:setRole(184)) - 6fa005cd-25d6-4e29-bda6-9462a060c098@group-BAC069DAEF17: changes role from  FOLLOWER to FOLLOWER at term 335 for recognizeCandidate:4b487190-7547-40c7-b780-43c37a89e8eb
2019-10-18 07:54:42,871 [grpc-default-executor-0] INFO  impl.RaftServerImpl (RaftServerImpl.java:setRole(184)) - 3d3aac8b-d4d1-454d-bf0c-88a180692893@group-BAC069DAEF17: changes role from  FOLLOWER to FOLLOWER at term 335 for recognizeCandidate:4b487190-7547-40c7-b780-43c37a89e8eb
2019-10-18 07:54:42,871 [grpc-default-executor-6] INFO  impl.RoleInfo (RoleInfo.java:shutdownFollowerState(121)) - 6fa005cd-25d6-4e29-bda6-9462a060c098: shutdown FollowerState
2019-10-18 07:54:42,871 [grpc-default-executor-0] INFO  impl.RoleInfo (RoleInfo.java:shutdownFollowerState(121)) - 3d3aac8b-d4d1-454d-bf0c-88a180692893: shutdown FollowerState
2019-10-18 07:54:42,871 [Thread-2384] INFO  impl.FollowerState (FollowerState.java:run(117)) - 6fa005cd-25d6-4e29-bda6-9462a060c098@group-BAC069DAEF17-FollowerState was interrupted: java.lang.InterruptedException: sleep interrupted
2019-10-18 07:54:42,871 [grpc-default-executor-6] INFO  impl.RoleInfo (RoleInfo.java:updateAndGet(143)) - 6fa005cd-25d6-4e29-bda6-9462a060c098: start FollowerState
2019-10-18 07:54:42,872 [Thread-2385] INFO  impl.FollowerState (FollowerState.java:run(117)) - 3d3aac8b-d4d1-454d-bf0c-88a180692893@group-BAC069DAEF17-FollowerState was interrupted: java.lang.InterruptedException: sleep interrupted
2019-10-18 07:54:42,872 [grpc-default-executor-0] INFO  impl.RoleInfo (RoleInfo.java:updateAndGet(143)) - 3d3aac8b-d4d1-454d-bf0c-88a180692893: start FollowerState
2019-10-18 07:54:42,874 [4b487190-7547-40c7-b780-43c37a89e8eb@group-BAC069DAEF17-LeaderElection317] INFO  impl.LeaderElection (LeaderElection.java:logAndReturn(56)) - 4b487190-7547-40c7-b780-43c37a89e8eb@group-BAC069DAEF17-LeaderElection317: Election TIMEOUT; received 0 response(s) [] and 0 exception(s); 4b487190-7547-40c7-b780-43c37a89e8eb@group-BAC069DAEF17:t335, leader=null, voted=4b487190-7547-40c7-b780-43c37a89e8eb, raftlog=4b487190-7547-40c7-b780-43c37a89e8eb@group-BAC069DAEF17-SegmentedRaftLog:OPENED:c-1,f-1,i0, conf=-1: [6fa005cd-25d6-4e29-bda6-9462a060c098:192.168.69.67:36093, 4b487190-7547-40c7-b780-43c37a89e8eb:192.168.69.67:39683, 3d3aac8b-d4d1-454d-bf0c-88a180692893:192.168.69.67:34429], old=null
2019-10-18 07:54:42,886 [4b487190-7547-40c7-b780-43c37a89e8eb@group-BAC069DAEF17-LeaderElection317] INFO  impl.LeaderElection (LeaderElection.java:askForVotes(178)) - 4b487190-7547-40c7-b780-43c37a89e8eb@group-BAC069DAEF17-LeaderElection317: begin an election at term 336 for -1: [6fa005cd-25d6-4e29-bda6-9462a060c098:192.168.69.67:36093, 4b487190-7547-40c7-b780-43c37a89e8eb:192.168.69.67:39683, 3d3aac8b-d4d1-454d-bf0c-88a180692893:192.168.69.67:34429], old=null
2019-10-18 07:54:42,887 [grpc-default-executor-6] INFO  impl.RaftServerImpl (RaftServerImpl.java:setRole(184)) - 6fa005cd-25d6-4e29-bda6-9462a060c098@group-BAC069DAEF17: changes role from  FOLLOWER to FOLLOWER at term 336 for recognizeCandidate:4b487190-7547-40c7-b780-43c37a89e8eb
2019-10-18 07:54:42,887 [grpc-default-executor-6] INFO  impl.RoleInfo (RoleInfo.java:shutdownFollowerState(121)) - 6fa005cd-25d6-4e29-bda6-9462a060c098: shutdown FollowerState
2019-10-18 07:54:42,887 [grpc-default-executor-6] INFO  impl.RoleInfo (RoleInfo.java:updateAndGet(143)) - 6fa005cd-25d6-4e29-bda6-9462a060c098: start FollowerState
2019-10-18 07:54:42,887 [Thread-2390] INFO  impl.FollowerState (FollowerState.java:run(117)) - 6fa005cd-25d6-4e29-bda6-9462a060c098@group-BAC069DAEF17-FollowerState was interrupted: java.lang.InterruptedException: sleep interrupted
2019-10-18 07:54:42,888 [grpc-default-executor-0] INFO  impl.RaftServerImpl (RaftServerImpl.java:setRole(184)) - 3d3aac8b-d4d1-454d-bf0c-88a180692893@group-BAC069DAEF17: changes role from  FOLLOWER to FOLLOWER at term 336 for recognizeCandidate:4b487190-7547-40c7-b780-43c37a89e8eb
2019-10-18 07:54:42,888 [grpc-default-executor-0] INFO  impl.RoleInfo (RoleInfo.java:shutdownFollowerState(121)) - 3d3aac8b-d4d1-454d-bf0c-88a180692893: shutdown FollowerState
2019-10-18 07:54:42,888 [grpc-default-executor-0] INFO  impl.RoleInfo (RoleInfo.java:updateAndGet(143)) - 3d3aac8b-d4d1-454d-bf0c-88a180692893: start FollowerState
2019-10-18 07:54:42,888 [Thread-2391] INFO  impl.FollowerState (FollowerState.java:run(117)) - 3d3aac8b-d4d1-454d-bf0c-88a180692893@group-BAC069DAEF17-FollowerState was interrupted: java.lang.InterruptedException: sleep interrupted
2019-10-18 07:54:42,897 [4b487190-7547-40c7-b780-43c37a89e8eb@group-BAC069DAEF17-LeaderElection317] INFO  impl.LeaderElection (LeaderElection.java:logAndReturn(56)) - 4b487190-7547-40c7-b780-43c37a89e8eb@group-BAC069DAEF17-LeaderElection317: Election REJECTED; received 2 response(s) [4b487190-7547-40c7-b780-43c37a89e8eb<-6fa005cd-25d6-4e29-bda6-9462a060c098#0:FAIL-t336, 4b487190-7547-40c7-b780-43c37a89e8eb<-3d3aac8b-d4d1-454d-bf0c-88a180692893#0:FAIL-t336] and 0 exception(s); 4b487190-7547-40c7-b780-43c37a89e8eb@group-BAC069DAEF17:t336, leader=null, voted=4b487190-7547-40c7-b780-43c37a89e8eb, raftlog=4b487190-7547-40c7-b780-43c37a89e8eb@group-BAC069DAEF17-SegmentedRaftLog:OPENED:c-1,f-1,i0, conf=-1: [6fa005cd-25d6-4e29-bda6-9462a060c098:192.168.69.67:36093, 4b487190-7547-40c7-b780-43c37a89e8eb:192.168.69.67:39683, 3d3aac8b-d4d1-454d-bf0c-88a180692893:192.168.69.67:34429], old=null
2019-10-18 07:54:42,898 [4b487190-7547-40c7-b780-43c37a89e8eb@group-BAC069DAEF17-LeaderElection317] INFO  impl.RaftServerImpl (RaftServerImpl.java:setRole(184)) - 4b487190-7547-40c7-b780-43c37a89e8eb@group-BAC069DAEF17: changes role from CANDIDATE to FOLLOWER at term 336 for DISCOVERED_A_NEW_TERM
2019-10-18 07:54:42,898 [4b487190-7547-40c7-b780-43c37a89e8eb@group-BAC069DAEF17-LeaderElection317] INFO  impl.RoleInfo (RoleInfo.java:shutdownLeaderElection(134)) - 4b487190-7547-40c7-b780-43c37a89e8eb: shutdown LeaderElection
2019-10-18 07:54:42,898 [4b487190-7547-40c7-b780-43c37a89e8eb@group-BAC069DAEF17-LeaderElection317] INFO  impl.RoleInfo (RoleInfo.java:updateAndGet(143)) - 4b487190-7547-40c7-b780-43c37a89e8eb: start FollowerState
2019-10-18 07:54:42,980 [Thread-2396] INFO  impl.FollowerState (FollowerState.java:run(108)) - 4b487190-7547-40c7-b780-43c37a89e8eb@group-BAC069DAEF17-FollowerState: change to CANDIDATE, lastRpcTime:82ms, electionTimeout:82ms
2019-10-18 07:54:42,980 [Thread-2396] INFO  impl.RoleInfo (RoleInfo.java:shutdownFollowerState(121)) - 4b487190-7547-40c7-b780-43c37a89e8eb: shutdown FollowerState
2019-10-18 07:54:42,981 [Thread-2396] INFO  impl.RaftServerImpl (RaftServerImpl.java:setRole(184)) - 4b487190-7547-40c7-b780-43c37a89e8eb@group-BAC069DAEF17: changes role from  FOLLOWER to CANDIDATE at term 336 for changeToCandidate
2019-10-18 07:54:42,981 [Thread-2396] INFO  impl.RoleInfo (RoleInfo.java:updateAndGet(143)) - 4b487190-7547-40c7-b780-43c37a89e8eb: start LeaderElection
2019-10-18 07:54:42,995 [4b487190-7547-40c7-b780-43c37a89e8eb@group-BAC069DAEF17-LeaderElection318] INFO  impl.LeaderElection (LeaderElection.java:askForVotes(178)) - 4b487190-7547-40c7-b780-43c37a89e8eb@group-BAC069DAEF17-LeaderElection318: begin an election at term 337 for -1: [6fa005cd-25d6-4e29-bda6-9462a060c098:192.168.69.67:36093, 4b487190-7547-40c7-b780-43c37a89e8eb:192.168.69.67:39683, 3d3aac8b-d4d1-454d-bf0c-88a180692893:192.168.69.67:34429], old=null
2019-10-18 07:54:42,997 [grpc-default-executor-0] INFO  impl.RaftServerImpl (RaftServerImpl.java:setRole(184)) - 6fa005cd-25d6-4e29-bda6-9462a060c098@group-BAC069DAEF17: changes role from  FOLLOWER to FOLLOWER at term 337 for recognizeCandidate:4b487190-7547-40c7-b780-43c37a89e8eb
2019-10-18 07:54:42,997 [grpc-default-executor-6] INFO  impl.RaftServerImpl (RaftServerImpl.java:setRole(184)) - 3d3aac8b-d4d1-454d-bf0c-88a180692893@group-BAC069DAEF17: changes role from  FOLLOWER to FOLLOWER at term 337 for recognizeCandidate:4b487190-7547-40c7-b780-43c37a89e8eb
2019-10-18 07:54:42,997 [grpc-default-executor-0] INFO  impl.RoleInfo (RoleInfo.java:shutdownFollowerState(121)) - 6fa005cd-25d6-4e29-bda6-9462a060c098: shutdown FollowerState
2019-10-18 07:54:42,997 [grpc-default-executor-6] INFO  impl.RoleInfo (RoleInfo.java:shutdownFollowerState(121)) - 3d3aac8b-d4d1-454d-bf0c-88a180692893: shutdown FollowerState
2019-10-18 07:54:42,997 [Thread-2394] INFO  impl.FollowerState (FollowerState.java:run(117)) - 6fa005cd-25d6-4e29-bda6-9462a060c098@group-BAC069DAEF17-FollowerState was interrupted: java.lang.InterruptedException: sleep interrupted
2019-10-18 07:54:42,997 [Thread-2395] INFO  impl.FollowerState (FollowerState.java:run(117)) - 3d3aac8b-d4d1-454d-bf0c-88a180692893@group-BAC069DAEF17-FollowerState was interrupted: java.lang.InterruptedException: sleep interrupted
2019-10-18 07:54:42,997 [grpc-default-executor-0] INFO  impl.RoleInfo (RoleInfo.java:updateAndGet(143)) - 6fa005cd-25d6-4e29-bda6-9462a060c098: start FollowerState
2019-10-18 07:54:42,997 [grpc-default-executor-6] INFO  impl.RoleInfo (RoleInfo.java:updateAndGet(143)) - 3d3aac8b-d4d1-454d-bf0c-88a180692893: start FollowerState
2019-10-18 07:54:43,012 [4b487190-7547-40c7-b780-43c37a89e8eb@group-BAC069DAEF17-LeaderElection318] INFO  impl.LeaderElection (LeaderElection.java:logAndReturn(56)) - 4b487190-7547-40c7-b780-43c37a89e8eb@group-BAC069DAEF17-LeaderElection318: Election REJECTED; received 2 response(s) [4b487190-7547-40c7-b780-43c37a89e8eb<-6fa005cd-25d6-4e29-bda6-9462a060c098#0:FAIL-t337, 4b487190-7547-40c7-b780-43c37a89e8eb<-3d3aac8b-d4d1-454d-bf0c-88a180692893#0:FAIL-t337] and 0 exception(s); 4b487190-7547-40c7-b780-43c37a89e8eb@group-BAC069DAEF17:t337, leader=null, voted=4b487190-7547-40c7-b780-43c37a89e8eb, raftlog=4b487190-7547-40c7-b780-43c37a89e8eb@group-BAC069DAEF17-SegmentedRaftLog:OPENED:c-1,f-1,i0, conf=-1: [6fa005cd-25d6-4e29-bda6-9462a060c098:192.168.69.67:36093, 4b487190-7547-40c7-b780-43c37a89e8eb:192.168.69.67:39683, 3d3aac8b-d4d1-454d-bf0c-88a180692893:192.168.69.67:34429], old=null
2019-10-18 07:54:43,012 [4b487190-7547-40c7-b780-43c37a89e8eb@group-BAC069DAEF17-LeaderElection318] INFO  impl.RaftServerImpl (RaftServerImpl.java:setRole(184)) - 4b487190-7547-40c7-b780-43c37a89e8eb@group-BAC069DAEF17: changes role from CANDIDATE to FOLLOWER at term 337 for DISCOVERED_A_NEW_TERM
2019-10-18 07:54:43,012 [4b487190-7547-40c7-b780-43c37a89e8eb@group-BAC069DAEF17-LeaderElection318] INFO  impl.RoleInfo (RoleInfo.java:shutdownLeaderElection(134)) - 4b487190-7547-40c7-b780-43c37a89e8eb: shutdown LeaderElection
2019-10-18 07:54:43,012 [4b487190-7547-40c7-b780-43c37a89e8eb@group-BAC069DAEF17-LeaderElection318] INFO  impl.RoleInfo (RoleInfo.java:updateAndGet(143)) - 4b487190-7547-40c7-b780-43c37a89e8eb: start FollowerState
2019-10-18 07:54:43,113 [Thread-2402] INFO  impl.FollowerState (FollowerState.java:run(108)) - 4b487190-7547-40c7-b780-43c37a89e8eb@group-BAC069DAEF17-FollowerState: change to CANDIDATE, lastRpcTime:101ms, electionTimeout:101ms
2019-10-18 07:54:43,114 [Thread-2402] INFO  impl.RoleInfo (RoleInfo.java:shutdownFollowerState(121)) - 4b487190-7547-40c7-b780-43c37a89e8eb: shutdown FollowerState
2019-10-18 07:54:43,114 [Thread-2402] INFO  impl.RaftServerImpl (RaftServerImpl.java:setRole(184)) - 4b487190-7547-40c7-b780-43c37a89e8eb@group-BAC069DAEF17: changes role from  FOLLOWER to CANDIDATE at term 337 for changeToCandidate
2019-10-18 07:54:43,114 [Thread-2402] INFO  impl.RoleInfo (RoleInfo.java:updateAndGet(143)) - 4b487190-7547-40c7-b780-43c37a89e8eb: start LeaderElection
2019-10-18 07:54:43,128 [4b487190-7547-40c7-b780-43c37a89e8eb@group-BAC069DAEF17-LeaderElection319] INFO  impl.LeaderElection (LeaderElection.java:askForVotes(178)) - 4b487190-7547-40c7-b780-43c37a89e8eb@group-BAC069DAEF17-LeaderElection319: begin an election at term 338 for -1: [6fa005cd-25d6-4e29-bda6-9462a060c098:192.168.69.67:36093, 4b487190-7547-40c7-b780-43c37a89e8eb:192.168.69.67:39683, 3d3aac8b-d4d1-454d-bf0c-88a180692893:192.168.69.67:34429], old=null
2019-10-18 07:54:43,130 [grpc-default-executor-6] INFO  impl.RaftServerImpl (RaftServerImpl.java:setRole(184)) - 6fa005cd-25d6-4e29-bda6-9462a060c098@group-BAC069DAEF17: changes role from  FOLLOWER to FOLLOWER at term 338 for recognizeCandidate:4b487190-7547-40c7-b780-43c37a89e8eb
2019-10-18 07:54:43,130 [grpc-default-executor-6] INFO  impl.RoleInfo (RoleInfo.java:shutdownFollowerState(121)) - 6fa005cd-25d6-4e29-bda6-9462a060c098: shutdown FollowerState
2019-10-18 07:54:43,130 [grpc-default-executor-0] INFO  impl.RaftServerImpl (RaftServerImpl.java:setRole(184)) - 3d3aac8b-d4d1-454d-bf0c-88a180692893@group-BAC069DAEF17: changes role from  FOLLOWER to FOLLOWER at term 338 for recognizeCandidate:4b487190-7547-40c7-b780-43c37a89e8eb
2019-10-18 07:54:43,130 [grpc-default-executor-0] INFO  impl.RoleInfo (RoleInfo.java:shutdownFollowerState(121)) - 3d3aac8b-d4d1-454d-bf0c-88a180692893: shutdown FollowerState
2019-10-18 07:54:43,130 [Thread-2400] INFO  impl.FollowerState (FollowerState.java:run(117)) - 6fa005cd-25d6-4e29-bda6-9462a060c098@group-BAC069DAEF17-FollowerState was interrupted: java.lang.InterruptedException: sleep interrupted
2019-10-18 07:54:43,130 [grpc-default-executor-6] INFO  impl.RoleInfo (RoleInfo.java:updateAndGet(143)) - 6fa005cd-25d6-4e29-bda6-9462a060c098: start FollowerState
2019-10-18 07:54:43,130 [Thread-2401] INFO  impl.FollowerState (FollowerState.java:run(117)) - 3d3aac8b-d4d1-454d-bf0c-88a180692893@group-BAC069DAEF17-FollowerState was interrupted: java.lang.InterruptedException: sleep interrupted
2019-10-18 07:54:43,130 [grpc-default-executor-0] INFO  impl.RoleInfo (RoleInfo.java:updateAndGet(143)) - 3d3aac8b-d4d1-454d-bf0c-88a180692893: start FollowerState
2019-10-18 07:54:43,145 [4b487190-7547-40c7-b780-43c37a89e8eb@group-BAC069DAEF17-LeaderElection319] INFO  impl.LeaderElection (LeaderElection.java:logAndReturn(56)) - 4b487190-7547-40c7-b780-43c37a89e8eb@group-BAC069DAEF17-LeaderElection319: Election REJECTED; received 2 response(s) [4b487190-7547-40c7-b780-43c37a89e8eb<-6fa005cd-25d6-4e29-bda6-9462a060c098#0:FAIL-t338, 4b487190-7547-40c7-b780-43c37a89e8eb<-3d3aac8b-d4d1-454d-bf0c-88a180692893#0:FAIL-t338] and 0 exception(s); 4b487190-7547-40c7-b780-43c37a89e8eb@group-BAC069DAEF17:t338, leader=null, voted=4b487190-7547-40c7-b780-43c37a89e8eb, raftlog=4b487190-7547-40c7-b780-43c37a89e8eb@group-BAC069DAEF17-SegmentedRaftLog:OPENED:c-1,f-1,i0, conf=-1: [6fa005cd-25d6-4e29-bda6-9462a060c098:192.168.69.67:36093, 4b487190-7547-40c7-b780-43c37a89e8eb:192.168.69.67:39683, 3d3aac8b-d4d1-454d-bf0c-88a180692893:192.168.69.67:34429], old=null
2019-10-18 07:54:43,146 [4b487190-7547-40c7-b780-43c37a89e8eb@group-BAC069DAEF17-LeaderElection319] INFO  impl.RaftServerImpl (RaftServerImpl.java:setRole(184)) - 4b487190-7547-40c7-b780-43c37a89e8eb@group-BAC069DAEF17: changes role from CANDIDATE to FOLLOWER at term 338 for DISCOVERED_A_NEW_TERM
2019-10-18 07:54:43,146 [4b487190-7547-40c7-b780-43c37a89e8eb@group-BAC069DAEF17-LeaderElection319] INFO  impl.RoleInfo (RoleInfo.java:shutdownLeaderElection(134)) - 4b487190-7547-40c7-b780-43c37a89e8eb: shutdown LeaderElection
2019-10-18 07:54:43,146 [4b487190-7547-40c7-b780-43c37a89e8eb@group-BAC069DAEF17-LeaderElection319] INFO  impl.RoleInfo (RoleInfo.java:updateAndGet(143)) - 4b487190-7547-40c7-b780-43c37a89e8eb: start FollowerState
2019-10-18 07:54:43,316 [Thread-2408] INFO  impl.FollowerState (FollowerState.java:run(108)) - 4b487190-7547-40c7-b780-43c37a89e8eb@group-BAC069DAEF17-FollowerState: change to CANDIDATE, lastRpcTime:170ms, electionTimeout:170ms
2019-10-18 07:54:43,316 [Thread-2408] INFO  impl.RoleInfo (RoleInfo.java:shutdownFollowerState(121)) - 4b487190-7547-40c7-b780-43c37a89e8eb: shutdown FollowerState
2019-10-18 07:54:43,316 [Thread-2408] INFO  impl.RaftServerImpl (RaftServerImpl.java:setRole(184)) - 4b487190-7547-40c7-b780-43c37a89e8eb@group-BAC069DAEF17: changes role from  FOLLOWER to CANDIDATE at term 338 for changeToCandidate
2019-10-18 07:54:43,317 [Thread-2408] INFO  impl.RoleInfo (RoleInfo.java:updateAndGet(143)) - 4b487190-7547-40c7-b780-43c37a89e8eb: start LeaderElection
2019-10-18 07:54:43,331 [4b487190-7547-40c7-b780-43c37a89e8eb@group-BAC069DAEF17-LeaderElection320] INFO  impl.LeaderElection (LeaderElection.java:askForVotes(178)) - 4b487190-7547-40c7-b780-43c37a89e8eb@group-BAC069DAEF17-LeaderElection320: begin an election at term 339 for -1: [6fa005cd-25d6-4e29-bda6-9462a060c098:192.168.69.67:36093, 4b487190-7547-40c7-b780-43c37a89e8eb:192.168.69.67:39683, 3d3aac8b-d4d1-454d-bf0c-88a180692893:192.168.69.67:34429], old=null
2019-10-18 07:54:43,333 [grpc-default-executor-6] INFO  impl.RaftServerImpl (RaftServerImpl.java:setRole(184)) - 6fa005cd-25d6-4e29-bda6-9462a060c098@group-BAC069DAEF17: changes role from  FOLLOWER to FOLLOWER at term 339 for recognizeCandidate:4b487190-7547-40c7-b780-43c37a89e8eb
2019-10-18 07:54:43,333 [grpc-default-executor-0] INFO  impl.RaftServerImpl (RaftServerImpl.java:setRole(184)) - 3d3aac8b-d4d1-454d-bf0c-88a180692893@group-BAC069DAEF17: changes role from  FOLLOWER to FOLLOWER at term 339 for recognizeCandidate:4b487190-7547-40c7-b780-43c37a89e8eb
2019-10-18 07:54:43,333 [grpc-default-executor-6] INFO  impl.RoleInfo (RoleInfo.java:shutdownFollowerState(121)) - 6fa005cd-25d6-4e29-bda6-9462a060c098: shutdown FollowerState
2019-10-18 07:54:43,334 [grpc-default-executor-0] INFO  impl.RoleInfo (RoleInfo.java:shutdownFollowerState(121)) - 3d3aac8b-d4d1-454d-bf0c-88a180692893: shutdown FollowerState
2019-10-18 07:54:43,334 [Thread-2406] INFO  impl.FollowerState (FollowerState.java:run(117)) - 6fa005cd-25d6-4e29-bda6-9462a060c098@group-BAC069DAEF17-FollowerState was interrupted: java.lang.InterruptedException: sleep interrupted
2019-10-18 07:54:43,338 [grpc-default-executor-0] INFO  impl.RoleInfo (RoleInfo.java:updateAndGet(143)) - 3d3aac8b-d4d1-454d-bf0c-88a180692893: start FollowerState
2019-10-18 07:54:43,334 [grpc-default-executor-6] INFO  impl.RoleInfo (RoleInfo.java:updateAndGet(143)) - 6fa005cd-25d6-4e29-bda6-9462a060c098: start FollowerState
2019-10-18 07:54:43,338 [Thread-2407] INFO  impl.FollowerState (FollowerState.java:run(117)) - 3d3aac8b-d4d1-454d-bf0c-88a180692893@group-BAC069DAEF17-FollowerState was interrupted: java.lang.InterruptedException: sleep interrupted
2019-10-18 07:54:43,366 [4b487190-7547-40c7-b780-43c37a89e8eb@group-BAC069DAEF17-LeaderElection320] INFO  impl.LeaderElection (LeaderElection.java:logAndReturn(56)) - 4b487190-7547-40c7-b780-43c37a89e8eb@group-BAC069DAEF17-LeaderElection320: Election REJECTED; received 2 response(s) [4b487190-7547-40c7-b780-43c37a89e8eb<-6fa005cd-25d6-4e29-bda6-9462a060c098#0:FAIL-t339, 4b487190-7547-40c7-b780-43c37a89e8eb<-3d3aac8b-d4d1-454d-bf0c-88a180692893#0:FAIL-t339] and 0 exception(s); 4b487190-7547-40c7-b780-43c37a89e8eb@group-BAC069DAEF17:t339, leader=null, voted=4b487190-7547-40c7-b780-43c37a89e8eb, raftlog=4b487190-7547-40c7-b780-43c37a89e8eb@group-BAC069DAEF17-SegmentedRaftLog:OPENED:c-1,f-1,i0, conf=-1: [6fa005cd-25d6-4e29-bda6-9462a060c098:192.168.69.67:36093, 4b487190-7547-40c7-b780-43c37a89e8eb:192.168.69.67:39683, 3d3aac8b-d4d1-454d-bf0c-88a180692893:192.168.69.67:34429], old=null
2019-10-18 07:54:43,367 [4b487190-7547-40c7-b780-43c37a89e8eb@group-BAC069DAEF17-LeaderElection320] INFO  impl.RaftServerImpl (RaftServerImpl.java:setRole(184)) - 4b487190-7547-40c7-b780-43c37a89e8eb@group-BAC069DAEF17: changes role from CANDIDATE to FOLLOWER at term 339 for DISCOVERED_A_NEW_TERM
2019-10-18 07:54:43,367 [4b487190-7547-40c7-b780-43c37a89e8eb@group-BAC069DAEF17-LeaderElection320] INFO  impl.RoleInfo (RoleInfo.java:shutdownLeaderElection(134)) - 4b487190-7547-40c7-b780-43c37a89e8eb: shutdown LeaderElection
2019-10-18 07:54:43,367 [4b487190-7547-40c7-b780-43c37a89e8eb@group-BAC069DAEF17-LeaderElection320] INFO  impl.RoleInfo (RoleInfo.java:updateAndGet(143)) - 4b487190-7547-40c7-b780-43c37a89e8eb: start FollowerState
2019-10-18 07:54:43,392 [Thread-2416] INFO  impl.FollowerState (FollowerState.java:run(108)) - 4b487190-7547-40c7-b780-43c37a89e8eb@group-BAC069DAEF17-FollowerState: change to CANDIDATE, lastRpcTime:24ms, electionTimeout:24ms
2019-10-18 07:54:43,392 [Thread-2416] INFO  impl.RoleInfo (RoleInfo.java:shutdownFollowerState(121)) - 4b487190-7547-40c7-b780-43c37a89e8eb: shutdown FollowerState
2019-10-18 07:54:43,392 [Thread-2416] INFO  impl.RaftServerImpl (RaftServerImpl.java:setRole(184)) - 4b487190-7547-40c7-b780-43c37a89e8eb@group-BAC069DAEF17: changes role from  FOLLOWER to CANDIDATE at term 339 for changeToCandidate
2019-10-18 07:54:43,392 [Thread-2416] INFO  impl.RoleInfo (RoleInfo.java:updateAndGet(143)) - 4b487190-7547-40c7-b780-43c37a89e8eb: start LeaderElection
2019-10-18 07:54:43,408 [4b487190-7547-40c7-b780-43c37a89e8eb@group-BAC069DAEF17-LeaderElection321] INFO  impl.LeaderElection (LeaderElection.java:askForVotes(178)) - 4b487190-7547-40c7-b780-43c37a89e8eb@group-BAC069DAEF17-LeaderElection321: begin an election at term 340 for -1: [6fa005cd-25d6-4e29-bda6-9462a060c098:192.168.69.67:36093, 4b487190-7547-40c7-b780-43c37a89e8eb:192.168.69.67:39683, 3d3aac8b-d4d1-454d-bf0c-88a180692893:192.168.69.67:34429], old=null
2019-10-18 07:54:43,411 [grpc-default-executor-6] INFO  impl.RaftServerImpl (RaftServerImpl.java:setRole(184)) - 6fa005cd-25d6-4e29-bda6-9462a060c098@group-BAC069DAEF17: changes role from  FOLLOWER to FOLLOWER at term 340 for recognizeCandidate:4b487190-7547-40c7-b780-43c37a89e8eb
2019-10-18 07:54:43,411 [grpc-default-executor-0] INFO  impl.RaftServerImpl (RaftServerImpl.java:setRole(184)) - 3d3aac8b-d4d1-454d-bf0c-88a180692893@group-BAC069DAEF17: changes role from  FOLLOWER to FOLLOWER at term 340 for recognizeCandidate:4b487190-7547-40c7-b780-43c37a89e8eb
2019-10-18 07:54:43,411 [grpc-default-executor-0] INFO  impl.RoleInfo (RoleInfo.java:shutdownFollowerState(121)) - 3d3aac8b-d4d1-454d-bf0c-88a180692893: shutdown FollowerState
2019-10-18 07:54:43,411 [grpc-default-executor-6] INFO  impl.RoleInfo (RoleInfo.java:shutdownFollowerState(121)) - 6fa005cd-25d6-4e29-bda6-9462a060c098: shutdown FollowerState
2019-10-18 07:54:43,411 [Thread-2413] INFO  impl.FollowerState (FollowerState.java:run(117)) - 3d3aac8b-d4d1-454d-bf0c-88a180692893@group-BAC069DAEF17-FollowerState was interrupted: java.lang.InterruptedException: sleep interrupted
2019-10-18 07:54:43,411 [grpc-default-executor-0] INFO  impl.RoleInfo (RoleInfo.java:updateAndGet(143)) - 3d3aac8b-d4d1-454d-bf0c-88a180692893: start FollowerState
2019-10-18 07:54:43,412 [Thread-2412] INFO  impl.FollowerState (FollowerState.java:run(117)) - 6fa005cd-25d6-4e29-bda6-9462a060c098@group-BAC069DAEF17-FollowerState was interrupted: java.lang.InterruptedException: sleep interrupted
2019-10-18 07:54:43,412 [grpc-default-executor-6] INFO  impl.RoleInfo (RoleInfo.java:updateAndGet(143)) - 6fa005cd-25d6-4e29-bda6-9462a060c098: start FollowerState
2019-10-18 07:54:43,427 [4b487190-7547-40c7-b780-43c37a89e8eb@group-BAC069DAEF17-LeaderElection321] INFO  impl.LeaderElection (LeaderElection.java:logAndReturn(56)) - 4b487190-7547-40c7-b780-43c37a89e8eb@group-BAC069DAEF17-LeaderElection321: Election REJECTED; received 2 response(s) [4b487190-7547-40c7-b780-43c37a89e8eb<-6fa005cd-25d6-4e29-bda6-9462a060c098#0:FAIL-t340, 4b487190-7547-40c7-b780-43c37a89e8eb<-3d3aac8b-d4d1-454d-bf0c-88a180692893#0:FAIL-t340] and 0 exception(s); 4b487190-7547-40c7-b780-43c37a89e8eb@group-BAC069DAEF17:t340, leader=null, voted=4b487190-7547-40c7-b780-43c37a89e8eb, raftlog=4b487190-7547-40c7-b780-43c37a89e8eb@group-BAC069DAEF17-SegmentedRaftLog:OPENED:c-1,f-1,i0, conf=-1: [6fa005cd-25d6-4e29-bda6-9462a060c098:192.168.69.67:36093, 4b487190-7547-40c7-b780-43c37a89e8eb:192.168.69.67:39683, 3d3aac8b-d4d1-454d-bf0c-88a180692893:192.168.69.67:34429], old=null
2019-10-18 07:54:43,427 [4b487190-7547-40c7-b780-43c37a89e8eb@group-BAC069DAEF17-LeaderElection321] INFO  impl.RaftServerImpl (RaftServerImpl.java:setRole(184)) - 4b487190-7547-40c7-b780-43c37a89e8eb@group-BAC069DAEF17: changes role from CANDIDATE to FOLLOWER at term 340 for DISCOVERED_A_NEW_TERM
2019-10-18 07:54:43,427 [4b487190-7547-40c7-b780-43c37a89e8eb@group-BAC069DAEF17-LeaderElection321] INFO  impl.RoleInfo (RoleInfo.java:shutdownLeaderElection(134)) - 4b487190-7547-40c7-b780-43c37a89e8eb: shutdown LeaderElection
2019-10-18 07:54:43,427 [4b487190-7547-40c7-b780-43c37a89e8eb@group-BAC069DAEF17-LeaderElection321] INFO  impl.RoleInfo (RoleInfo.java:updateAndGet(143)) - 4b487190-7547-40c7-b780-43c37a89e8eb: start FollowerState
2019-10-18 07:54:43,554 [Thread-2422] INFO  impl.FollowerState (FollowerState.java:run(108)) - 4b487190-7547-40c7-b780-43c37a89e8eb@group-BAC069DAEF17-FollowerState: change to CANDIDATE, lastRpcTime:126ms, electionTimeout:126ms
2019-10-18 07:54:43,554 [Thread-2422] INFO  impl.RoleInfo (RoleInfo.java:shutdownFollowerState(121)) - 4b487190-7547-40c7-b780-43c37a89e8eb: shutdown FollowerState
2019-10-18 07:54:43,554 [Thread-2422] INFO  impl.RaftServerImpl (RaftServerImpl.java:setRole(184)) - 4b487190-7547-40c7-b780-43c37a89e8eb@group-BAC069DAEF17: changes role from  FOLLOWER to CANDIDATE at term 340 for changeToCandidate
2019-10-18 07:54:43,554 [Thread-2422] INFO  impl.RoleInfo (RoleInfo.java:updateAndGet(143)) - 4b487190-7547-40c7-b780-43c37a89e8eb: start LeaderElection
2019-10-18 07:54:43,578 [4b487190-7547-40c7-b780-43c37a89e8eb@group-BAC069DAEF17-LeaderElection322] INFO  impl.LeaderElection (LeaderElection.java:askForVotes(178)) - 4b487190-7547-40c7-b780-43c37a89e8eb@group-BAC069DAEF17-LeaderElection322: begin an election at term 341 for -1: [6fa005cd-25d6-4e29-bda6-9462a060c098:192.168.69.67:36093, 4b487190-7547-40c7-b780-43c37a89e8eb:192.168.69.67:39683, 3d3aac8b-d4d1-454d-bf0c-88a180692893:192.168.69.67:34429], old=null
2019-10-18 07:54:43,580 [grpc-default-executor-0] INFO  impl.RaftServerImpl (RaftServerImpl.java:setRole(184)) - 6fa005cd-25d6-4e29-bda6-9462a060c098@group-BAC069DAEF17: changes role from  FOLLOWER to FOLLOWER at term 341 for recognizeCandidate:4b487190-7547-40c7-b780-43c37a89e8eb
2019-10-18 07:54:43,581 [grpc-default-executor-0] INFO  impl.RoleInfo (RoleInfo.java:shutdownFollowerState(121)) - 6fa005cd-25d6-4e29-bda6-9462a060c098: shutdown FollowerState
2019-10-18 07:54:43,581 [grpc-default-executor-6] INFO  impl.RaftServerImpl (RaftServerImpl.java:setRole(184)) - 3d3aac8b-d4d1-454d-bf0c-88a180692893@group-BAC069DAEF17: changes role from  FOLLOWER to FOLLOWER at term 341 for recognizeCandidate:4b487190-7547-40c7-b780-43c37a89e8eb
2019-10-18 07:54:43,581 [grpc-default-executor-6] INFO  impl.RoleInfo (RoleInfo.java:shutdownFollowerState(121)) - 3d3aac8b-d4d1-454d-bf0c-88a180692893: shutdown FollowerState
2019-10-18 07:54:43,581 [Thread-2421] INFO  impl.FollowerState (FollowerState.java:run(117)) - 6fa005cd-25d6-4e29-bda6-9462a060c098@group-BAC069DAEF17-FollowerState was interrupted: java.lang.InterruptedException: sleep interrupted
2019-10-18 07:54:43,581 [grpc-default-executor-0] INFO  impl.RoleInfo (RoleInfo.java:updateAndGet(143)) - 6fa005cd-25d6-4e29-bda6-9462a060c098: start FollowerState
2019-10-18 07:54:43,581 [Thread-2420] INFO  impl.FollowerState (FollowerState.java:run(117)) - 3d3aac8b-d4d1-454d-bf0c-88a180692893@group-BAC069DAEF17-FollowerState was interrupted: java.lang.InterruptedException: sleep interrupted
2019-10-18 07:54:43,581 [grpc-default-executor-6] INFO  impl.RoleInfo (RoleInfo.java:updateAndGet(143)) - 3d3aac8b-d4d1-454d-bf0c-88a180692893: start FollowerState
2019-10-18 07:54:43,586 [4b487190-7547-40c7-b780-43c37a89e8eb@group-BAC069DAEF17-LeaderElection322] INFO  impl.LeaderElection (LeaderElection.java:logAndReturn(56)) - 4b487190-7547-40c7-b780-43c37a89e8eb@group-BAC069DAEF17-LeaderElection322: Election REJECTED; received 2 response(s) [4b487190-7547-40c7-b780-43c37a89e8eb<-6fa005cd-25d6-4e29-bda6-9462a060c098#0:FAIL-t341, 4b487190-7547-40c7-b780-43c37a89e8eb<-3d3aac8b-d4d1-454d-bf0c-88a180692893#0:FAIL-t341] and 0 exception(s); 4b487190-7547-40c7-b780-43c37a89e8eb@group-BAC069DAEF17:t341, leader=null, voted=4b487190-7547-40c7-b780-43c37a89e8eb, raftlog=4b487190-7547-40c7-b780-43c37a89e8eb@group-BAC069DAEF17-SegmentedRaftLog:OPENED:c-1,f-1,i0, conf=-1: [6fa005cd-25d6-4e29-bda6-9462a060c098:192.168.69.67:36093, 4b487190-7547-40c7-b780-43c37a89e8eb:192.168.69.67:39683, 3d3aac8b-d4d1-454d-bf0c-88a180692893:192.168.69.67:34429], old=null
2019-10-18 07:54:43,586 [4b487190-7547-40c7-b780-43c37a89e8eb@group-BAC069DAEF17-LeaderElection322] INFO  impl.RaftServerImpl (RaftServerImpl.java:setRole(184)) - 4b487190-7547-40c7-b780-43c37a89e8eb@group-BAC069DAEF17: changes role from CANDIDATE to FOLLOWER at term 341 for DISCOVERED_A_NEW_TERM
2019-10-18 07:54:43,586 [4b487190-7547-40c7-b780-43c37a89e8eb@group-BAC069DAEF17-LeaderElection322] INFO  impl.RoleInfo (RoleInfo.java:shutdownLeaderElection(134)) - 4b487190-7547-40c7-b780-43c37a89e8eb: shutdown LeaderElection
2019-10-18 07:54:43,586 [4b487190-7547-40c7-b780-43c37a89e8eb@group-BAC069DAEF17-LeaderElection322] INFO  impl.RoleInfo (RoleInfo.java:updateAndGet(143)) - 4b487190-7547-40c7-b780-43c37a89e8eb: start FollowerState
2019-10-18 07:54:43,695 [Thread-2428] INFO  impl.FollowerState (FollowerState.java:run(108)) - 4b487190-7547-40c7-b780-43c37a89e8eb@group-BAC069DAEF17-FollowerState: change to CANDIDATE, lastRpcTime:108ms, electionTimeout:108ms
2019-10-18 07:54:43,695 [Thread-2428] INFO  impl.RoleInfo (RoleInfo.java:shutdownFollowerState(121)) - 4b487190-7547-40c7-b780-43c37a89e8eb: shutdown FollowerState
2019-10-18 07:54:43,695 [Thread-2428] INFO  impl.RaftServerImpl (RaftServerImpl.java:setRole(184)) - 4b487190-7547-40c7-b780-43c37a89e8eb@group-BAC069DAEF17: changes role from  FOLLOWER to CANDIDATE at term 341 for changeToCandidate
2019-10-18 07:54:43,695 [Thread-2428] INFO  impl.RoleInfo (RoleInfo.java:updateAndGet(143)) - 4b487190-7547-40c7-b780-43c37a89e8eb: start LeaderElection
2019-10-18 07:54:43,714 [4b487190-7547-40c7-b780-43c37a89e8eb@group-BAC069DAEF17-LeaderElection323] INFO  impl.LeaderElection (LeaderElection.java:askForVotes(178)) - 4b487190-7547-40c7-b780-43c37a89e8eb@group-BAC069DAEF17-LeaderElection323: begin an election at term 342 for -1: [6fa005cd-25d6-4e29-bda6-9462a060c098:192.168.69.67:36093, 4b487190-7547-40c7-b780-43c37a89e8eb:192.168.69.67:39683, 3d3aac8b-d4d1-454d-bf0c-88a180692893:192.168.69.67:34429], old=null
2019-10-18 07:54:43,716 [grpc-default-executor-0] INFO  impl.RaftServerImpl (RaftServerImpl.java:setRole(184)) - 6fa005cd-25d6-4e29-bda6-9462a060c098@group-BAC069DAEF17: changes role from  FOLLOWER to FOLLOWER at term 342 for recognizeCandidate:4b487190-7547-40c7-b780-43c37a89e8eb
2019-10-18 07:54:43,716 [grpc-default-executor-0] INFO  impl.RoleInfo (RoleInfo.java:shutdownFollowerState(121)) - 6fa005cd-25d6-4e29-bda6-9462a060c098: shutdown FollowerState
2019-10-18 07:54:43,716 [grpc-default-executor-6] INFO  impl.RaftServerImpl (RaftServerImpl.java:setRole(184)) - 3d3aac8b-d4d1-454d-bf0c-88a180692893@group-BAC069DAEF17: changes role from  FOLLOWER to FOLLOWER at term 342 for recognizeCandidate:4b487190-7547-40c7-b780-43c37a89e8eb
2019-10-18 07:54:43,716 [grpc-default-executor-6] INFO  impl.RoleInfo (RoleInfo.java:shutdownFollowerState(121)) - 3d3aac8b-d4d1-454d-bf0c-88a180692893: shutdown FollowerState
2019-10-18 07:54:43,716 [Thread-2426] INFO  impl.FollowerState (FollowerState.java:run(117)) - 6fa005cd-25d6-4e29-bda6-9462a060c098@group-BAC069DAEF17-FollowerState was interrupted: java.lang.InterruptedException: sleep interrupted
2019-10-18 07:54:43,716 [grpc-default-executor-0] INFO  impl.RoleInfo (RoleInfo.java:updateAndGet(143)) - 6fa005cd-25d6-4e29-bda6-9462a060c098: start FollowerState
2019-10-18 07:54:43,717 [Thread-2427] INFO  impl.FollowerState (FollowerState.java:run(117)) - 3d3aac8b-d4d1-454d-bf0c-88a180692893@group-BAC069DAEF17-FollowerState was interrupted: java.lang.InterruptedException: sleep interrupted
2019-10-18 07:54:43,717 [grpc-default-executor-6] INFO  impl.RoleInfo (RoleInfo.java:updateAndGet(143)) - 3d3aac8b-d4d1-454d-bf0c-88a180692893: start FollowerState
2019-10-18 07:54:43,732 [4b487190-7547-40c7-b780-43c37a89e8eb@group-BAC069DAEF17-LeaderElection323] INFO  impl.LeaderElection (LeaderElection.java:logAndReturn(56)) - 4b487190-7547-40c7-b780-43c37a89e8eb@group-BAC069DAEF17-LeaderElection323: Election REJECTED; received 2 response(s) [4b487190-7547-40c7-b780-43c37a89e8eb<-6fa005cd-25d6-4e29-bda6-9462a060c098#0:FAIL-t342, 4b487190-7547-40c7-b780-43c37a89e8eb<-3d3aac8b-d4d1-454d-bf0c-88a180692893#0:FAIL-t342] and 0 exception(s); 4b487190-7547-40c7-b780-43c37a89e8eb@group-BAC069DAEF17:t342, leader=null, voted=4b487190-7547-40c7-b780-43c37a89e8eb, raftlog=4b487190-7547-40c7-b780-43c37a89e8eb@group-BAC069DAEF17-SegmentedRaftLog:OPENED:c-1,f-1,i0, conf=-1: [6fa005cd-25d6-4e29-bda6-9462a060c098:192.168.69.67:36093, 4b487190-7547-40c7-b780-43c37a89e8eb:192.168.69.67:39683, 3d3aac8b-d4d1-454d-bf0c-88a180692893:192.168.69.67:34429], old=null
2019-10-18 07:54:43,732 [4b487190-7547-40c7-b780-43c37a89e8eb@group-BAC069DAEF17-LeaderElection323] INFO  impl.RaftServerImpl (RaftServerImpl.java:setRole(184)) - 4b487190-7547-40c7-b780-43c37a89e8eb@group-BAC069DAEF17: changes role from CANDIDATE to FOLLOWER at term 342 for DISCOVERED_A_NEW_TERM
2019-10-18 07:54:43,732 [4b487190-7547-40c7-b780-43c37a89e8eb@group-BAC069DAEF17-LeaderElection323] INFO  impl.RoleInfo (RoleInfo.java:shutdownLeaderElection(134)) - 4b487190-7547-40c7-b780-43c37a89e8eb: shutdown LeaderElection
2019-10-18 07:54:43,732 [4b487190-7547-40c7-b780-43c37a89e8eb@group-BAC069DAEF17-LeaderElection323] INFO  impl.RoleInfo (RoleInfo.java:updateAndGet(143)) - 4b487190-7547-40c7-b780-43c37a89e8eb: start FollowerState
2019-10-18 07:54:43,799 [Thread-2434] INFO  impl.FollowerState (FollowerState.java:run(108)) - 4b487190-7547-40c7-b780-43c37a89e8eb@group-BAC069DAEF17-FollowerState: change to CANDIDATE, lastRpcTime:67ms, electionTimeout:67ms
2019-10-18 07:54:43,800 [Thread-2434] INFO  impl.RoleInfo (RoleInfo.java:shutdownFollowerState(121)) - 4b487190-7547-40c7-b780-43c37a89e8eb: shutdown FollowerState
2019-10-18 07:54:43,800 [Thread-2434] INFO  impl.RaftServerImpl (RaftServerImpl.java:setRole(184)) - 4b487190-7547-40c7-b780-43c37a89e8eb@group-BAC069DAEF17: changes role from  FOLLOWER to CANDIDATE at term 342 for changeToCandidate
2019-10-18 07:54:43,800 [Thread-2434] INFO  impl.RoleInfo (RoleInfo.java:updateAndGet(143)) - 4b487190-7547-40c7-b780-43c37a89e8eb: start LeaderElection
2019-10-18 07:54:43,814 [4b487190-7547-40c7-b780-43c37a89e8eb@group-BAC069DAEF17-LeaderElection324] INFO  impl.LeaderElection (LeaderElection.java:askForVotes(178)) - 4b487190-7547-40c7-b780-43c37a89e8eb@group-BAC069DAEF17-LeaderElection324: begin an election at term 343 for -1: [6fa005cd-25d6-4e29-bda6-9462a060c098:192.168.69.67:36093, 4b487190-7547-40c7-b780-43c37a89e8eb:192.168.69.67:39683, 3d3aac8b-d4d1-454d-bf0c-88a180692893:192.168.69.67:34429], old=null
2019-10-18 07:54:43,815 [grpc-default-executor-6] INFO  impl.RaftServerImpl (RaftServerImpl.java:setRole(184)) - 6fa005cd-25d6-4e29-bda6-9462a060c098@group-BAC069DAEF17: changes role from  FOLLOWER to FOLLOWER at term 343 for recognizeCandidate:4b487190-7547-40c7-b780-43c37a89e8eb
2019-10-18 07:54:43,815 [grpc-default-executor-6] INFO  impl.RoleInfo (RoleInfo.java:shutdownFollowerState(121)) - 6fa005cd-25d6-4e29-bda6-9462a060c098: shutdown FollowerState
2019-10-18 07:54:43,816 [grpc-default-executor-6] INFO  impl.RoleInfo (RoleInfo.java:updateAndGet(143)) - 6fa005cd-25d6-4e29-bda6-9462a060c098: start FollowerState
2019-10-18 07:54:43,816 [grpc-default-executor-0] INFO  impl.RaftServerImpl (RaftServerImpl.java:setRole(184)) - 3d3aac8b-d4d1-454d-bf0c-88a180692893@group-BAC069DAEF17: changes role from  FOLLOWER to FOLLOWER at term 343 for recognizeCandidate:4b487190-7547-40c7-b780-43c37a89e8eb
2019-10-18 07:54:43,816 [grpc-default-executor-0] INFO  impl.RoleInfo (RoleInfo.java:shutdownFollowerState(121)) - 3d3aac8b-d4d1-454d-bf0c-88a180692893: shutdown FollowerState
2019-10-18 07:54:43,816 [Thread-2432] INFO  impl.FollowerState (FollowerState.java:run(117)) - 6fa005cd-25d6-4e29-bda6-9462a060c098@group-BAC069DAEF17-FollowerState was interrupted: java.lang.InterruptedException: sleep interrupted
2019-10-18 07:54:43,816 [Thread-2433] INFO  impl.FollowerState (FollowerState.java:run(117)) - 3d3aac8b-d4d1-454d-bf0c-88a180692893@group-BAC069DAEF17-FollowerState was interrupted: java.lang.InterruptedException: sleep interrupted
2019-10-18 07:54:43,816 [grpc-default-executor-0] INFO  impl.RoleInfo (RoleInfo.java:updateAndGet(143)) - 3d3aac8b-d4d1-454d-bf0c-88a180692893: start FollowerState
2019-10-18 07:54:43,831 [4b487190-7547-40c7-b780-43c37a89e8eb@group-BAC069DAEF17-LeaderElection324] INFO  impl.LeaderElection (LeaderElection.java:logAndReturn(56)) - 4b487190-7547-40c7-b780-43c37a89e8eb@group-BAC069DAEF17-LeaderElection324: Election REJECTED; received 2 response(s) [4b487190-7547-40c7-b780-43c37a89e8eb<-6fa005cd-25d6-4e29-bda6-9462a060c098#0:FAIL-t343, 4b487190-7547-40c7-b780-43c37a89e8eb<-3d3aac8b-d4d1-454d-bf0c-88a180692893#0:FAIL-t343] and 0 exception(s); 4b487190-7547-40c7-b780-43c37a89e8eb@group-BAC069DAEF17:t343, leader=null, voted=4b487190-7547-40c7-b780-43c37a89e8eb, raftlog=4b487190-7547-40c7-b780-43c37a89e8eb@group-BAC069DAEF17-SegmentedRaftLog:OPENED:c-1,f-1,i0, conf=-1: [6fa005cd-25d6-4e29-bda6-9462a060c098:192.168.69.67:36093, 4b487190-7547-40c7-b780-43c37a89e8eb:192.168.69.67:39683, 3d3aac8b-d4d1-454d-bf0c-88a180692893:192.168.69.67:34429], old=null
2019-10-18 07:54:43,831 [4b487190-7547-40c7-b780-43c37a89e8eb@group-BAC069DAEF17-LeaderElection324] INFO  impl.RaftServerImpl (RaftServerImpl.java:setRole(184)) - 4b487190-7547-40c7-b780-43c37a89e8eb@group-BAC069DAEF17: changes role from CANDIDATE to FOLLOWER at term 343 for DISCOVERED_A_NEW_TERM
2019-10-18 07:54:43,831 [4b487190-7547-40c7-b780-43c37a89e8eb@group-BAC069DAEF17-LeaderElection324] INFO  impl.RoleInfo (RoleInfo.java:shutdownLeaderElection(134)) - 4b487190-7547-40c7-b780-43c37a89e8eb: shutdown LeaderElection
2019-10-18 07:54:43,831 [4b487190-7547-40c7-b780-43c37a89e8eb@group-BAC069DAEF17-LeaderElection324] INFO  impl.RoleInfo (RoleInfo.java:updateAndGet(143)) - 4b487190-7547-40c7-b780-43c37a89e8eb: start FollowerState
2019-10-18 07:54:43,881 [Thread-2440] INFO  impl.FollowerState (FollowerState.java:run(108)) - 4b487190-7547-40c7-b780-43c37a89e8eb@group-BAC069DAEF17-FollowerState: change to CANDIDATE, lastRpcTime:49ms, electionTimeout:49ms
2019-10-18 07:54:43,881 [Thread-2440] INFO  impl.RoleInfo (RoleInfo.java:shutdownFollowerState(121)) - 4b487190-7547-40c7-b780-43c37a89e8eb: shutdown FollowerState
2019-10-18 07:54:43,881 [Thread-2440] INFO  impl.RaftServerImpl (RaftServerImpl.java:setRole(184)) - 4b487190-7547-40c7-b780-43c37a89e8eb@group-BAC069DAEF17: changes role from  FOLLOWER to CANDIDATE at term 343 for changeToCandidate
2019-10-18 07:54:43,881 [Thread-2440] INFO  impl.RoleInfo (RoleInfo.java:updateAndGet(143)) - 4b487190-7547-40c7-b780-43c37a89e8eb: start LeaderElection
2019-10-18 07:54:43,903 [4b487190-7547-40c7-b780-43c37a89e8eb@group-BAC069DAEF17-LeaderElection325] INFO  impl.LeaderElection (LeaderElection.java:askForVotes(178)) - 4b487190-7547-40c7-b780-43c37a89e8eb@group-BAC069DAEF17-LeaderElection325: begin an election at term 344 for -1: [6fa005cd-25d6-4e29-bda6-9462a060c098:192.168.69.67:36093, 4b487190-7547-40c7-b780-43c37a89e8eb:192.168.69.67:39683, 3d3aac8b-d4d1-454d-bf0c-88a180692893:192.168.69.67:34429], old=null
2019-10-18 07:54:43,905 [grpc-default-executor-0] INFO  impl.RaftServerImpl (RaftServerImpl.java:setRole(184)) - 6fa005cd-25d6-4e29-bda6-9462a060c098@group-BAC069DAEF17: changes role from  FOLLOWER to FOLLOWER at term 344 for recognizeCandidate:4b487190-7547-40c7-b780-43c37a89e8eb
2019-10-18 07:54:43,905 [grpc-default-executor-0] INFO  impl.RoleInfo (RoleInfo.java:shutdownFollowerState(121)) - 6fa005cd-25d6-4e29-bda6-9462a060c098: shutdown FollowerState
2019-10-18 07:54:43,905 [grpc-default-executor-6] INFO  impl.RaftServerImpl (RaftServerImpl.java:setRole(184)) - 3d3aac8b-d4d1-454d-bf0c-88a180692893@group-BAC069DAEF17: changes role from  FOLLOWER to FOLLOWER at term 344 for recognizeCandidate:4b487190-7547-40c7-b780-43c37a89e8eb
2019-10-18 07:54:43,905 [Thread-2438] INFO  impl.FollowerState (FollowerState.java:run(117)) - 6fa005cd-25d6-4e29-bda6-9462a060c098@group-BAC069DAEF17-FollowerState was interrupted: java.lang.InterruptedException: sleep interrupted
2019-10-18 07:54:43,905 [grpc-default-executor-0] INFO  impl.RoleInfo (RoleInfo.java:updateAndGet(143)) - 6fa005cd-25d6-4e29-bda6-9462a060c098: start FollowerState
2019-10-18 07:54:43,905 [grpc-default-executor-6] INFO  impl.RoleInfo (RoleInfo.java:shutdownFollowerState(121)) - 3d3aac8b-d4d1-454d-bf0c-88a180692893: shutdown FollowerState
2019-10-18 07:54:43,906 [grpc-default-executor-6] INFO  impl.RoleInfo (RoleInfo.java:updateAndGet(143)) - 3d3aac8b-d4d1-454d-bf0c-88a180692893: start FollowerState
2019-10-18 07:54:43,906 [Thread-2439] INFO  impl.FollowerState (FollowerState.java:run(117)) - 3d3aac8b-d4d1-454d-bf0c-88a180692893@group-BAC069DAEF17-FollowerState was interrupted: java.lang.InterruptedException: sleep interrupted
2019-10-18 07:54:43,919 [4b487190-7547-40c7-b780-43c37a89e8eb@group-BAC069DAEF17-LeaderElection325] INFO  impl.LeaderElection (LeaderElection.java:logAndReturn(56)) - 4b487190-7547-40c7-b780-43c37a89e8eb@group-BAC069DAEF17-LeaderElection325: Election REJECTED; received 2 response(s) [4b487190-7547-40c7-b780-43c37a89e8eb<-6fa005cd-25d6-4e29-bda6-9462a060c098#0:FAIL-t344, 4b487190-7547-40c7-b780-43c37a89e8eb<-3d3aac8b-d4d1-454d-bf0c-88a180692893#0:FAIL-t344] and 0 exception(s); 4b487190-7547-40c7-b780-43c37a89e8eb@group-BAC069DAEF17:t344, leader=null, voted=4b487190-7547-40c7-b780-43c37a89e8eb, raftlog=4b487190-7547-40c7-b780-43c37a89e8eb@group-BAC069DAEF17-SegmentedRaftLog:OPENED:c-1,f-1,i0, conf=-1: [6fa005cd-25d6-4e29-bda6-9462a060c098:192.168.69.67:36093, 4b487190-7547-40c7-b780-43c37a89e8eb:192.168.69.67:39683, 3d3aac8b-d4d1-454d-bf0c-88a180692893:192.168.69.67:34429], old=null
2019-10-18 07:54:43,919 [4b487190-7547-40c7-b780-43c37a89e8eb@group-BAC069DAEF17-LeaderElection325] INFO  impl.RaftServerImpl (RaftServerImpl.java:setRole(184)) - 4b487190-7547-40c7-b780-43c37a89e8eb@group-BAC069DAEF17: changes role from CANDIDATE to FOLLOWER at term 344 for DISCOVERED_A_NEW_TERM
2019-10-18 07:54:43,920 [4b487190-7547-40c7-b780-43c37a89e8eb@group-BAC069DAEF17-LeaderElection325] INFO  impl.RoleInfo (RoleInfo.java:shutdownLeaderElection(134)) - 4b487190-7547-40c7-b780-43c37a89e8eb: shutdown LeaderElection
2019-10-18 07:54:43,920 [4b487190-7547-40c7-b780-43c37a89e8eb@group-BAC069DAEF17-LeaderElection325] INFO  impl.RoleInfo (RoleInfo.java:updateAndGet(143)) - 4b487190-7547-40c7-b780-43c37a89e8eb: start FollowerState
2019-10-18 07:54:44,030 [Thread-2446] INFO  impl.FollowerState (FollowerState.java:run(108)) - 4b487190-7547-40c7-b780-43c37a89e8eb@group-BAC069DAEF17-FollowerState: change to CANDIDATE, lastRpcTime:110ms, electionTimeout:110ms
2019-10-18 07:54:44,030 [Thread-2446] INFO  impl.RoleInfo (RoleInfo.java:shutdownFollowerState(121)) - 4b487190-7547-40c7-b780-43c37a89e8eb: shutdown FollowerState
2019-10-18 07:54:44,031 [Thread-2446] INFO  impl.RaftServerImpl (RaftServerImpl.java:setRole(184)) - 4b487190-7547-40c7-b780-43c37a89e8eb@group-BAC069DAEF17: changes role from  FOLLOWER to CANDIDATE at term 344 for changeToCandidate
2019-10-18 07:54:44,031 [Thread-2446] INFO  impl.RoleInfo (RoleInfo.java:updateAndGet(143)) - 4b487190-7547-40c7-b780-43c37a89e8eb: start LeaderElection
2019-10-18 07:54:44,044 [4b487190-7547-40c7-b780-43c37a89e8eb@group-BAC069DAEF17-LeaderElection326] INFO  impl.LeaderElection (LeaderElection.java:askForVotes(178)) - 4b487190-7547-40c7-b780-43c37a89e8eb@group-BAC069DAEF17-LeaderElection326: begin an election at term 345 for -1: [6fa005cd-25d6-4e29-bda6-9462a060c098:192.168.69.67:36093, 4b487190-7547-40c7-b780-43c37a89e8eb:192.168.69.67:39683, 3d3aac8b-d4d1-454d-bf0c-88a180692893:192.168.69.67:34429], old=null
2019-10-18 07:54:44,047 [grpc-default-executor-0] INFO  impl.RaftServerImpl (RaftServerImpl.java:setRole(184)) - 6fa005cd-25d6-4e29-bda6-9462a060c098@group-BAC069DAEF17: changes role from  FOLLOWER to FOLLOWER at term 345 for recognizeCandidate:4b487190-7547-40c7-b780-43c37a89e8eb
2019-10-18 07:54:44,047 [grpc-default-executor-0] INFO  impl.RoleInfo (RoleInfo.java:shutdownFollowerState(121)) - 6fa005cd-25d6-4e29-bda6-9462a060c098: shutdown FollowerState
2019-10-18 07:54:44,047 [grpc-default-executor-6] INFO  impl.RaftServerImpl (RaftServerImpl.java:setRole(184)) - 3d3aac8b-d4d1-454d-bf0c-88a180692893@group-BAC069DAEF17: changes role from  FOLLOWER to FOLLOWER at term 345 for recognizeCandidate:4b487190-7547-40c7-b780-43c37a89e8eb
2019-10-18 07:54:44,047 [grpc-default-executor-6] INFO  impl.RoleInfo (RoleInfo.java:shutdownFollowerState(121)) - 3d3aac8b-d4d1-454d-bf0c-88a180692893: shutdown FollowerState
2019-10-18 07:54:44,047 [Thread-2444] INFO  impl.FollowerState (FollowerState.java:run(117)) - 6fa005cd-25d6-4e29-bda6-9462a060c098@group-BAC069DAEF17-FollowerState was interrupted: java.lang.InterruptedException: sleep interrupted
2019-10-18 07:54:44,047 [grpc-default-executor-0] INFO  impl.RoleInfo (RoleInfo.java:updateAndGet(143)) - 6fa005cd-25d6-4e29-bda6-9462a060c098: start FollowerState
2019-10-18 07:54:44,047 [Thread-2445] INFO  impl.FollowerState (FollowerState.java:run(117)) - 3d3aac8b-d4d1-454d-bf0c-88a180692893@group-BAC069DAEF17-FollowerState was interrupted: java.lang.InterruptedException: sleep interrupted
2019-10-18 07:54:44,047 [grpc-default-executor-6] INFO  impl.RoleInfo (RoleInfo.java:updateAndGet(143)) - 3d3aac8b-d4d1-454d-bf0c-88a180692893: start FollowerState
2019-10-18 07:54:44,062 [4b487190-7547-40c7-b780-43c37a89e8eb@group-BAC069DAEF17-LeaderElection326] INFO  impl.LeaderElection (LeaderElection.java:logAndReturn(56)) - 4b487190-7547-40c7-b780-43c37a89e8eb@group-BAC069DAEF17-LeaderElection326: Election REJECTED; received 2 response(s) [4b487190-7547-40c7-b780-43c37a89e8eb<-6fa005cd-25d6-4e29-bda6-9462a060c098#0:FAIL-t345, 4b487190-7547-40c7-b780-43c37a89e8eb<-3d3aac8b-d4d1-454d-bf0c-88a180692893#0:FAIL-t345] and 0 exception(s); 4b487190-7547-40c7-b780-43c37a89e8eb@group-BAC069DAEF17:t345, leader=null, voted=4b487190-7547-40c7-b780-43c37a89e8eb, raftlog=4b487190-7547-40c7-b780-43c37a89e8eb@group-BAC069DAEF17-SegmentedRaftLog:OPENED:c-1,f-1,i0, conf=-1: [6fa005cd-25d6-4e29-bda6-9462a060c098:192.168.69.67:36093, 4b487190-7547-40c7-b780-43c37a89e8eb:192.168.69.67:39683, 3d3aac8b-d4d1-454d-bf0c-88a180692893:192.168.69.67:34429], old=null
2019-10-18 07:54:44,062 [4b487190-7547-40c7-b780-43c37a89e8eb@group-BAC069DAEF17-LeaderElection326] INFO  impl.RaftServerImpl (RaftServerImpl.java:setRole(184)) - 4b487190-7547-40c7-b780-43c37a89e8eb@group-BAC069DAEF17: changes role from CANDIDATE to FOLLOWER at term 345 for DISCOVERED_A_NEW_TERM
2019-10-18 07:54:44,062 [4b487190-7547-40c7-b780-43c37a89e8eb@group-BAC069DAEF17-LeaderElection326] INFO  impl.RoleInfo (RoleInfo.java:shutdownLeaderElection(134)) - 4b487190-7547-40c7-b780-43c37a89e8eb: shutdown LeaderElection
2019-10-18 07:54:44,062 [4b487190-7547-40c7-b780-43c37a89e8eb@group-BAC069DAEF17-LeaderElection326] INFO  impl.RoleInfo (RoleInfo.java:updateAndGet(143)) - 4b487190-7547-40c7-b780-43c37a89e8eb: start FollowerState
2019-10-18 07:54:44,125 [Thread-2452] INFO  impl.FollowerState (FollowerState.java:run(108)) - 4b487190-7547-40c7-b780-43c37a89e8eb@group-BAC069DAEF17-FollowerState: change to CANDIDATE, lastRpcTime:62ms, electionTimeout:62ms
2019-10-18 07:54:44,125 [Thread-2452] INFO  impl.RoleInfo (RoleInfo.java:shutdownFollowerState(121)) - 4b487190-7547-40c7-b780-43c37a89e8eb: shutdown FollowerState
2019-10-18 07:54:44,125 [Thread-2452] INFO  impl.RaftServerImpl (RaftServerImpl.java:setRole(184)) - 4b487190-7547-40c7-b780-43c37a89e8eb@group-BAC069DAEF17: changes role from  FOLLOWER to CANDIDATE at term 345 for changeToCandidate
2019-10-18 07:54:44,125 [Thread-2452] INFO  impl.RoleInfo (RoleInfo.java:updateAndGet(143)) - 4b487190-7547-40c7-b780-43c37a89e8eb: start LeaderElection
2019-10-18 07:54:44,139 [4b487190-7547-40c7-b780-43c37a89e8eb@group-BAC069DAEF17-LeaderElection327] INFO  impl.LeaderElection (LeaderElection.java:askForVotes(178)) - 4b487190-7547-40c7-b780-43c37a89e8eb@group-BAC069DAEF17-LeaderElection327: begin an election at term 346 for -1: [6fa005cd-25d6-4e29-bda6-9462a060c098:192.168.69.67:36093, 4b487190-7547-40c7-b780-43c37a89e8eb:192.168.69.67:39683, 3d3aac8b-d4d1-454d-bf0c-88a180692893:192.168.69.67:34429], old=null
2019-10-18 07:54:44,141 [grpc-default-executor-6] INFO  impl.RaftServerImpl (RaftServerImpl.java:setRole(184)) - 6fa005cd-25d6-4e29-bda6-9462a060c098@group-BAC069DAEF17: changes role from  FOLLOWER to FOLLOWER at term 346 for recognizeCandidate:4b487190-7547-40c7-b780-43c37a89e8eb
2019-10-18 07:54:44,141 [grpc-default-executor-0] INFO  impl.RaftServerImpl (RaftServerImpl.java:setRole(184)) - 3d3aac8b-d4d1-454d-bf0c-88a180692893@group-BAC069DAEF17: changes role from  FOLLOWER to FOLLOWER at term 346 for recognizeCandidate:4b487190-7547-40c7-b780-43c37a89e8eb
2019-10-18 07:54:44,142 [grpc-default-executor-0] INFO  impl.RoleInfo (RoleInfo.java:shutdownFollowerState(121)) - 3d3aac8b-d4d1-454d-bf0c-88a180692893: shutdown FollowerState
2019-10-18 07:54:44,141 [grpc-default-executor-6] INFO  impl.RoleInfo (RoleInfo.java:shutdownFollowerState(121)) - 6fa005cd-25d6-4e29-bda6-9462a060c098: shutdown FollowerState
2019-10-18 07:54:44,142 [Thread-2451] INFO  impl.FollowerState (FollowerState.java:run(117)) - 3d3aac8b-d4d1-454d-bf0c-88a180692893@group-BAC069DAEF17-FollowerState was interrupted: java.lang.InterruptedException: sleep interrupted
2019-10-18 07:54:44,142 [grpc-default-executor-0] INFO  impl.RoleInfo (RoleInfo.java:updateAndGet(143)) - 3d3aac8b-d4d1-454d-bf0c-88a180692893: start FollowerState
2019-10-18 07:54:44,142 [Thread-2450] INFO  impl.FollowerState (FollowerState.java:run(117)) - 6fa005cd-25d6-4e29-bda6-9462a060c098@group-BAC069DAEF17-FollowerState was interrupted: java.lang.InterruptedException: sleep interrupted
2019-10-18 07:54:44,142 [grpc-default-executor-6] INFO  impl.RoleInfo (RoleInfo.java:updateAndGet(143)) - 6fa005cd-25d6-4e29-bda6-9462a060c098: start FollowerState
2019-10-18 07:54:44,150 [4b487190-7547-40c7-b780-43c37a89e8eb@group-BAC069DAEF17-LeaderElection327] INFO  impl.LeaderElection (LeaderElection.java:logAndReturn(56)) - 4b487190-7547-40c7-b780-43c37a89e8eb@group-BAC069DAEF17-LeaderElection327: Election TIMEOUT; received 0 response(s) [] and 0 exception(s); 4b487190-7547-40c7-b780-43c37a89e8eb@group-BAC069DAEF17:t346, leader=null, voted=4b487190-7547-40c7-b780-43c37a89e8eb, raftlog=4b487190-7547-40c7-b780-43c37a89e8eb@group-BAC069DAEF17-SegmentedRaftLog:OPENED:c-1,f-1,i0, conf=-1: [6fa005cd-25d6-4e29-bda6-9462a060c098:192.168.69.67:36093, 4b487190-7547-40c7-b780-43c37a89e8eb:192.168.69.67:39683, 3d3aac8b-d4d1-454d-bf0c-88a180692893:192.168.69.67:34429], old=null
2019-10-18 07:54:44,156 [4b487190-7547-40c7-b780-43c37a89e8eb@group-BAC069DAEF17-LeaderElection327] INFO  impl.LeaderElection (LeaderElection.java:askForVotes(178)) - 4b487190-7547-40c7-b780-43c37a89e8eb@group-BAC069DAEF17-LeaderElection327: begin an election at term 347 for -1: [6fa005cd-25d6-4e29-bda6-9462a060c098:192.168.69.67:36093, 4b487190-7547-40c7-b780-43c37a89e8eb:192.168.69.67:39683, 3d3aac8b-d4d1-454d-bf0c-88a180692893:192.168.69.67:34429], old=null
2019-10-18 07:54:44,157 [grpc-default-executor-6] INFO  impl.RaftServerImpl (RaftServerImpl.java:setRole(184)) - 3d3aac8b-d4d1-454d-bf0c-88a180692893@group-BAC069DAEF17: changes role from  FOLLOWER to FOLLOWER at term 347 for recognizeCandidate:4b487190-7547-40c7-b780-43c37a89e8eb
2019-10-18 07:54:44,158 [grpc-default-executor-6] INFO  impl.RoleInfo (RoleInfo.java:shutdownFollowerState(121)) - 3d3aac8b-d4d1-454d-bf0c-88a180692893: shutdown FollowerState
2019-10-18 07:54:44,158 [grpc-default-executor-6] INFO  impl.RoleInfo (RoleInfo.java:updateAndGet(143)) - 3d3aac8b-d4d1-454d-bf0c-88a180692893: start FollowerState
2019-10-18 07:54:44,158 [grpc-default-executor-0] INFO  impl.RaftServerImpl (RaftServerImpl.java:setRole(184)) - 6fa005cd-25d6-4e29-bda6-9462a060c098@group-BAC069DAEF17: changes role from  FOLLOWER to FOLLOWER at term 347 for recognizeCandidate:4b487190-7547-40c7-b780-43c37a89e8eb
2019-10-18 07:54:44,158 [grpc-default-executor-0] INFO  impl.RoleInfo (RoleInfo.java:shutdownFollowerState(121)) - 6fa005cd-25d6-4e29-bda6-9462a060c098: shutdown FollowerState
2019-10-18 07:54:44,158 [Thread-2456] INFO  impl.FollowerState (FollowerState.java:run(117)) - 3d3aac8b-d4d1-454d-bf0c-88a180692893@group-BAC069DAEF17-FollowerState was interrupted: java.lang.InterruptedException: sleep interrupted
2019-10-18 07:54:44,158 [Thread-2457] INFO  impl.FollowerState (FollowerState.java:run(117)) - 6fa005cd-25d6-4e29-bda6-9462a060c098@group-BAC069DAEF17-FollowerState was interrupted: java.lang.InterruptedException: sleep interrupted
2019-10-18 07:54:44,158 [grpc-default-executor-0] INFO  impl.RoleInfo (RoleInfo.java:updateAndGet(143)) - 6fa005cd-25d6-4e29-bda6-9462a060c098: start FollowerState
2019-10-18 07:54:44,172 [4b487190-7547-40c7-b780-43c37a89e8eb@group-BAC069DAEF17-LeaderElection327] INFO  impl.LeaderElection (LeaderElection.java:logAndReturn(56)) - 4b487190-7547-40c7-b780-43c37a89e8eb@group-BAC069DAEF17-LeaderElection327: Election REJECTED; received 2 response(s) [4b487190-7547-40c7-b780-43c37a89e8eb<-6fa005cd-25d6-4e29-bda6-9462a060c098#0:FAIL-t347, 4b487190-7547-40c7-b780-43c37a89e8eb<-3d3aac8b-d4d1-454d-bf0c-88a180692893#0:FAIL-t347] and 0 exception(s); 4b487190-7547-40c7-b780-43c37a89e8eb@group-BAC069DAEF17:t347, leader=null, voted=4b487190-7547-40c7-b780-43c37a89e8eb, raftlog=4b487190-7547-40c7-b780-43c37a89e8eb@group-BAC069DAEF17-SegmentedRaftLog:OPENED:c-1,f-1,i0, conf=-1: [6fa005cd-25d6-4e29-bda6-9462a060c098:192.168.69.67:36093, 4b487190-7547-40c7-b780-43c37a89e8eb:192.168.69.67:39683, 3d3aac8b-d4d1-454d-bf0c-88a180692893:192.168.69.67:34429], old=null
2019-10-18 07:54:44,172 [4b487190-7547-40c7-b780-43c37a89e8eb@group-BAC069DAEF17-LeaderElection327] INFO  impl.RaftServerImpl (RaftServerImpl.java:setRole(184)) - 4b487190-7547-40c7-b780-43c37a89e8eb@group-BAC069DAEF17: changes role from CANDIDATE to FOLLOWER at term 347 for DISCOVERED_A_NEW_TERM
2019-10-18 07:54:44,172 [4b487190-7547-40c7-b780-43c37a89e8eb@group-BAC069DAEF17-LeaderElection327] INFO  impl.RoleInfo (RoleInfo.java:shutdownLeaderElection(134)) - 4b487190-7547-40c7-b780-43c37a89e8eb: shutdown LeaderElection
2019-10-18 07:54:44,172 [4b487190-7547-40c7-b780-43c37a89e8eb@group-BAC069DAEF17-LeaderElection327] INFO  impl.RoleInfo (RoleInfo.java:updateAndGet(143)) - 4b487190-7547-40c7-b780-43c37a89e8eb: start FollowerState
2019-10-18 07:54:44,366 [Thread-2462] INFO  impl.FollowerState (FollowerState.java:run(108)) - 4b487190-7547-40c7-b780-43c37a89e8eb@group-BAC069DAEF17-FollowerState: change to CANDIDATE, lastRpcTime:193ms, electionTimeout:193ms
2019-10-18 07:54:44,366 [Thread-2462] INFO  impl.RoleInfo (RoleInfo.java:shutdownFollowerState(121)) - 4b487190-7547-40c7-b780-43c37a89e8eb: shutdown FollowerState
2019-10-18 07:54:44,366 [Thread-2462] INFO  impl.RaftServerImpl (RaftServerImpl.java:setRole(184)) - 4b487190-7547-40c7-b780-43c37a89e8eb@group-BAC069DAEF17: changes role from  FOLLOWER to CANDIDATE at term 347 for changeToCandidate
2019-10-18 07:54:44,366 [Thread-2462] INFO  impl.RoleInfo (RoleInfo.java:updateAndGet(143)) - 4b487190-7547-40c7-b780-43c37a89e8eb: start LeaderElection
2019-10-18 07:54:44,392 [4b487190-7547-40c7-b780-43c37a89e8eb@group-BAC069DAEF17-LeaderElection328] INFO  impl.LeaderElection (LeaderElection.java:askForVotes(178)) - 4b487190-7547-40c7-b780-43c37a89e8eb@group-BAC069DAEF17-LeaderElection328: begin an election at term 348 for -1: [6fa005cd-25d6-4e29-bda6-9462a060c098:192.168.69.67:36093, 4b487190-7547-40c7-b780-43c37a89e8eb:192.168.69.67:39683, 3d3aac8b-d4d1-454d-bf0c-88a180692893:192.168.69.67:34429], old=null
2019-10-18 07:54:44,394 [grpc-default-executor-0] INFO  impl.RaftServerImpl (RaftServerImpl.java:setRole(184)) - 6fa005cd-25d6-4e29-bda6-9462a060c098@group-BAC069DAEF17: changes role from  FOLLOWER to FOLLOWER at term 348 for recognizeCandidate:4b487190-7547-40c7-b780-43c37a89e8eb
2019-10-18 07:54:44,394 [grpc-default-executor-0] INFO  impl.RoleInfo (RoleInfo.java:shutdownFollowerState(121)) - 6fa005cd-25d6-4e29-bda6-9462a060c098: shutdown FollowerState
2019-10-18 07:54:44,394 [grpc-default-executor-6] INFO  impl.RaftServerImpl (RaftServerImpl.java:setRole(184)) - 3d3aac8b-d4d1-454d-bf0c-88a180692893@group-BAC069DAEF17: changes role from  FOLLOWER to FOLLOWER at term 348 for recognizeCandidate:4b487190-7547-40c7-b780-43c37a89e8eb
2019-10-18 07:54:44,394 [Thread-2461] INFO  impl.FollowerState (FollowerState.java:run(117)) - 6fa005cd-25d6-4e29-bda6-9462a060c098@group-BAC069DAEF17-FollowerState was interrupted: java.lang.InterruptedException: sleep interrupted
2019-10-18 07:54:44,394 [grpc-default-executor-0] INFO  impl.RoleInfo (RoleInfo.java:updateAndGet(143)) - 6fa005cd-25d6-4e29-bda6-9462a060c098: start FollowerState
2019-10-18 07:54:44,395 [grpc-default-executor-6] INFO  impl.RoleInfo (RoleInfo.java:shutdownFollowerState(121)) - 3d3aac8b-d4d1-454d-bf0c-88a180692893: shutdown FollowerState
2019-10-18 07:54:44,395 [grpc-default-executor-6] INFO  impl.RoleInfo (RoleInfo.java:updateAndGet(143)) - 3d3aac8b-d4d1-454d-bf0c-88a180692893: start FollowerState
2019-10-18 07:54:44,395 [Thread-2460] INFO  impl.FollowerState (FollowerState.java:run(117)) - 3d3aac8b-d4d1-454d-bf0c-88a180692893@group-BAC069DAEF17-FollowerState was interrupted: java.lang.InterruptedException: sleep interrupted
2019-10-18 07:54:44,409 [4b487190-7547-40c7-b780-43c37a89e8eb@group-BAC069DAEF17-LeaderElection328] INFO  impl.LeaderElection (LeaderElection.java:logAndReturn(56)) - 4b487190-7547-40c7-b780-43c37a89e8eb@group-BAC069DAEF17-LeaderElection328: Election REJECTED; received 2 response(s) [4b487190-7547-40c7-b780-43c37a89e8eb<-6fa005cd-25d6-4e29-bda6-9462a060c098#0:FAIL-t348, 4b487190-7547-40c7-b780-43c37a89e8eb<-3d3aac8b-d4d1-454d-bf0c-88a180692893#0:FAIL-t348] and 0 exception(s); 4b487190-7547-40c7-b780-43c37a89e8eb@group-BAC069DAEF17:t348, leader=null, voted=4b487190-7547-40c7-b780-43c37a89e8eb, raftlog=4b487190-7547-40c7-b780-43c37a89e8eb@group-BAC069DAEF17-SegmentedRaftLog:OPENED:c-1,f-1,i0, conf=-1: [6fa005cd-25d6-4e29-bda6-9462a060c098:192.168.69.67:36093, 4b487190-7547-40c7-b780-43c37a89e8eb:192.168.69.67:39683, 3d3aac8b-d4d1-454d-bf0c-88a180692893:192.168.69.67:34429], old=null
2019-10-18 07:54:44,409 [4b487190-7547-40c7-b780-43c37a89e8eb@group-BAC069DAEF17-LeaderElection328] INFO  impl.RaftServerImpl (RaftServerImpl.java:setRole(184)) - 4b487190-7547-40c7-b780-43c37a89e8eb@group-BAC069DAEF17: changes role from CANDIDATE to FOLLOWER at term 348 for DISCOVERED_A_NEW_TERM
2019-10-18 07:54:44,410 [4b487190-7547-40c7-b780-43c37a89e8eb@group-BAC069DAEF17-LeaderElection328] INFO  impl.RoleInfo (RoleInfo.java:shutdownLeaderElection(134)) - 4b487190-7547-40c7-b780-43c37a89e8eb: shutdown LeaderElection
2019-10-18 07:54:44,410 [4b487190-7547-40c7-b780-43c37a89e8eb@group-BAC069DAEF17-LeaderElection328] INFO  impl.RoleInfo (RoleInfo.java:updateAndGet(143)) - 4b487190-7547-40c7-b780-43c37a89e8eb: start FollowerState
2019-10-18 07:54:44,539 [Thread-2468] INFO  impl.FollowerState (FollowerState.java:run(108)) - 4b487190-7547-40c7-b780-43c37a89e8eb@group-BAC069DAEF17-FollowerState: change to CANDIDATE, lastRpcTime:129ms, electionTimeout:129ms
2019-10-18 07:54:44,539 [Thread-2468] INFO  impl.RoleInfo (RoleInfo.java:shutdownFollowerState(121)) - 4b487190-7547-40c7-b780-43c37a89e8eb: shutdown FollowerState
2019-10-18 07:54:44,539 [Thread-2468] INFO  impl.RaftServerImpl (RaftServerImpl.java:setRole(184)) - 4b487190-7547-40c7-b780-43c37a89e8eb@group-BAC069DAEF17: changes role from  FOLLOWER to CANDIDATE at term 348 for changeToCandidate
2019-10-18 07:54:44,540 [Thread-2468] INFO  impl.RoleInfo (RoleInfo.java:updateAndGet(143)) - 4b487190-7547-40c7-b780-43c37a89e8eb: start LeaderElection
2019-10-18 07:54:44,565 [4b487190-7547-40c7-b780-43c37a89e8eb@group-BAC069DAEF17-LeaderElection329] INFO  impl.LeaderElection (LeaderElection.java:askForVotes(178)) - 4b487190-7547-40c7-b780-43c37a89e8eb@group-BAC069DAEF17-LeaderElection329: begin an election at term 349 for -1: [6fa005cd-25d6-4e29-bda6-9462a060c098:192.168.69.67:36093, 4b487190-7547-40c7-b780-43c37a89e8eb:192.168.69.67:39683, 3d3aac8b-d4d1-454d-bf0c-88a180692893:192.168.69.67:34429], old=null
2019-10-18 07:54:44,568 [grpc-default-executor-6] INFO  impl.RaftServerImpl (RaftServerImpl.java:setRole(184)) - 3d3aac8b-d4d1-454d-bf0c-88a180692893@group-BAC069DAEF17: changes role from  FOLLOWER to FOLLOWER at term 349 for recognizeCandidate:4b487190-7547-40c7-b780-43c37a89e8eb
2019-10-18 07:54:44,568 [grpc-default-executor-6] INFO  impl.RoleInfo (RoleInfo.java:shutdownFollowerState(121)) - 3d3aac8b-d4d1-454d-bf0c-88a180692893: shutdown FollowerState
2019-10-18 07:54:44,568 [grpc-default-executor-0] INFO  impl.RaftServerImpl (RaftServerImpl.java:setRole(184)) - 6fa005cd-25d6-4e29-bda6-9462a060c098@group-BAC069DAEF17: changes role from  FOLLOWER to FOLLOWER at term 349 for recognizeCandidate:4b487190-7547-40c7-b780-43c37a89e8eb
2019-10-18 07:54:44,568 [grpc-default-executor-0] INFO  impl.RoleInfo (RoleInfo.java:shutdownFollowerState(121)) - 6fa005cd-25d6-4e29-bda6-9462a060c098: shutdown FollowerState
2019-10-18 07:54:44,568 [Thread-2467] INFO  impl.FollowerState (FollowerState.java:run(117)) - 3d3aac8b-d4d1-454d-bf0c-88a180692893@group-BAC069DAEF17-FollowerState was interrupted: java.lang.InterruptedException: sleep interrupted
2019-10-18 07:54:44,568 [grpc-default-executor-6] INFO  impl.RoleInfo (RoleInfo.java:updateAndGet(143)) - 3d3aac8b-d4d1-454d-bf0c-88a180692893: start FollowerState
2019-10-18 07:54:44,568 [Thread-2466] INFO  impl.FollowerState (FollowerState.java:run(117)) - 6fa005cd-25d6-4e29-bda6-9462a060c098@group-BAC069DAEF17-FollowerState was interrupted: java.lang.InterruptedException: sleep interrupted
2019-10-18 07:54:44,568 [grpc-default-executor-0] INFO  impl.RoleInfo (RoleInfo.java:updateAndGet(143)) - 6fa005cd-25d6-4e29-bda6-9462a060c098: start FollowerState
2019-10-18 07:54:44,581 [4b487190-7547-40c7-b780-43c37a89e8eb@group-BAC069DAEF17-LeaderElection329] INFO  impl.LeaderElection (LeaderElection.java:logAndReturn(56)) - 4b487190-7547-40c7-b780-43c37a89e8eb@group-BAC069DAEF17-LeaderElection329: Election REJECTED; received 2 response(s) [4b487190-7547-40c7-b780-43c37a89e8eb<-6fa005cd-25d6-4e29-bda6-9462a060c098#0:FAIL-t349, 4b487190-7547-40c7-b780-43c37a89e8eb<-3d3aac8b-d4d1-454d-bf0c-88a180692893#0:FAIL-t349] and 0 exception(s); 4b487190-7547-40c7-b780-43c37a89e8eb@group-BAC069DAEF17:t349, leader=null, voted=4b487190-7547-40c7-b780-43c37a89e8eb, raftlog=4b487190-7547-40c7-b780-43c37a89e8eb@group-BAC069DAEF17-SegmentedRaftLog:OPENED:c-1,f-1,i0, conf=-1: [6fa005cd-25d6-4e29-bda6-9462a060c098:192.168.69.67:36093, 4b487190-7547-40c7-b780-43c37a89e8eb:192.168.69.67:39683, 3d3aac8b-d4d1-454d-bf0c-88a180692893:192.168.69.67:34429], old=null
2019-10-18 07:54:44,582 [4b487190-7547-40c7-b780-43c37a89e8eb@group-BAC069DAEF17-LeaderElection329] INFO  impl.RaftServerImpl (RaftServerImpl.java:setRole(184)) - 4b487190-7547-40c7-b780-43c37a89e8eb@group-BAC069DAEF17: changes role from CANDIDATE to FOLLOWER at term 349 for DISCOVERED_A_NEW_TERM
2019-10-18 07:54:44,582 [4b487190-7547-40c7-b780-43c37a89e8eb@group-BAC069DAEF17-LeaderElection329] INFO  impl.RoleInfo (RoleInfo.java:shutdownLeaderElection(134)) - 4b487190-7547-40c7-b780-43c37a89e8eb: shutdown LeaderElection
2019-10-18 07:54:44,582 [4b487190-7547-40c7-b780-43c37a89e8eb@group-BAC069DAEF17-LeaderElection329] INFO  impl.RoleInfo (RoleInfo.java:updateAndGet(143)) - 4b487190-7547-40c7-b780-43c37a89e8eb: start FollowerState
2019-10-18 07:54:44,698 [Thread-2474] INFO  impl.FollowerState (FollowerState.java:run(108)) - 4b487190-7547-40c7-b780-43c37a89e8eb@group-BAC069DAEF17-FollowerState: change to CANDIDATE, lastRpcTime:116ms, electionTimeout:116ms
2019-10-18 07:54:44,698 [Thread-2474] INFO  impl.RoleInfo (RoleInfo.java:shutdownFollowerState(121)) - 4b487190-7547-40c7-b780-43c37a89e8eb: shutdown FollowerState
2019-10-18 07:54:44,699 [Thread-2474] INFO  impl.RaftServerImpl (RaftServerImpl.java:setRole(184)) - 4b487190-7547-40c7-b780-43c37a89e8eb@group-BAC069DAEF17: changes role from  FOLLOWER to CANDIDATE at term 349 for changeToCandidate
2019-10-18 07:54:44,699 [Thread-2474] INFO  impl.RoleInfo (RoleInfo.java:updateAndGet(143)) - 4b487190-7547-40c7-b780-43c37a89e8eb: start LeaderElection
2019-10-18 07:54:44,725 [4b487190-7547-40c7-b780-43c37a89e8eb@group-BAC069DAEF17-LeaderElection330] INFO  impl.LeaderElection (LeaderElection.java:askForVotes(178)) - 4b487190-7547-40c7-b780-43c37a89e8eb@group-BAC069DAEF17-LeaderElection330: begin an election at term 350 for -1: [6fa005cd-25d6-4e29-bda6-9462a060c098:192.168.69.67:36093, 4b487190-7547-40c7-b780-43c37a89e8eb:192.168.69.67:39683, 3d3aac8b-d4d1-454d-bf0c-88a180692893:192.168.69.67:34429], old=null
2019-10-18 07:54:44,727 [grpc-default-executor-0] INFO  impl.RaftServerImpl (RaftServerImpl.java:setRole(184)) - 6fa005cd-25d6-4e29-bda6-9462a060c098@group-BAC069DAEF17: changes role from  FOLLOWER to FOLLOWER at term 350 for recognizeCandidate:4b487190-7547-40c7-b780-43c37a89e8eb
2019-10-18 07:54:44,727 [grpc-default-executor-6] INFO  impl.RaftServerImpl (RaftServerImpl.java:setRole(184)) - 3d3aac8b-d4d1-454d-bf0c-88a180692893@group-BAC069DAEF17: changes role from  FOLLOWER to FOLLOWER at term 350 for recognizeCandidate:4b487190-7547-40c7-b780-43c37a89e8eb
2019-10-18 07:54:44,728 [grpc-default-executor-0] INFO  impl.RoleInfo (RoleInfo.java:shutdownFollowerState(121)) - 6fa005cd-25d6-4e29-bda6-9462a060c098: shutdown FollowerState
2019-10-18 07:54:44,728 [grpc-default-executor-6] INFO  impl.RoleInfo (RoleInfo.java:shutdownFollowerState(121)) - 3d3aac8b-d4d1-454d-bf0c-88a180692893: shutdown FollowerState
2019-10-18 07:54:44,728 [grpc-default-executor-6] INFO  impl.RoleInfo (RoleInfo.java:updateAndGet(143)) - 3d3aac8b-d4d1-454d-bf0c-88a180692893: start FollowerState
2019-10-18 07:54:44,728 [Thread-2473] INFO  impl.FollowerState (FollowerState.java:run(117)) - 6fa005cd-25d6-4e29-bda6-9462a060c098@group-BAC069DAEF17-FollowerState was interrupted: java.lang.InterruptedException: sleep interrupted
2019-10-18 07:54:44,728 [grpc-default-executor-0] INFO  impl.RoleInfo (RoleInfo.java:updateAndGet(143)) - 6fa005cd-25d6-4e29-bda6-9462a060c098: start FollowerState
2019-10-18 07:54:44,728 [Thread-2472] INFO  impl.FollowerState (FollowerState.java:run(117)) - 3d3aac8b-d4d1-454d-bf0c-88a180692893@group-BAC069DAEF17-FollowerState was interrupted: java.lang.InterruptedException: sleep interrupted
2019-10-18 07:54:44,750 [4b487190-7547-40c7-b780-43c37a89e8eb@group-BAC069DAEF17-LeaderElection330] INFO  impl.LeaderElection (LeaderElection.java:logAndReturn(56)) - 4b487190-7547-40c7-b780-43c37a89e8eb@group-BAC069DAEF17-LeaderElection330: Election REJECTED; received 2 response(s) [4b487190-7547-40c7-b780-43c37a89e8eb<-6fa005cd-25d6-4e29-bda6-9462a060c098#0:FAIL-t350, 4b487190-7547-40c7-b780-43c37a89e8eb<-3d3aac8b-d4d1-454d-bf0c-88a180692893#0:FAIL-t350] and 0 exception(s); 4b487190-7547-40c7-b780-43c37a89e8eb@group-BAC069DAEF17:t350, leader=null, voted=4b487190-7547-40c7-b780-43c37a89e8eb, raftlog=4b487190-7547-40c7-b780-43c37a89e8eb@group-BAC069DAEF17-SegmentedRaftLog:OPENED:c-1,f-1,i0, conf=-1: [6fa005cd-25d6-4e29-bda6-9462a060c098:192.168.69.67:36093, 4b487190-7547-40c7-b780-43c37a89e8eb:192.168.69.67:39683, 3d3aac8b-d4d1-454d-bf0c-88a180692893:192.168.69.67:34429], old=null
2019-10-18 07:54:44,751 [4b487190-7547-40c7-b780-43c37a89e8eb@group-BAC069DAEF17-LeaderElection330] INFO  impl.RaftServerImpl (RaftServerImpl.java:setRole(184)) - 4b487190-7547-40c7-b780-43c37a89e8eb@group-BAC069DAEF17: changes role from CANDIDATE to FOLLOWER at term 350 for DISCOVERED_A_NEW_TERM
2019-10-18 07:54:44,751 [4b487190-7547-40c7-b780-43c37a89e8eb@group-BAC069DAEF17-LeaderElection330] INFO  impl.RoleInfo (RoleInfo.java:shutdownLeaderElection(134)) - 4b487190-7547-40c7-b780-43c37a89e8eb: shutdown LeaderElection
2019-10-18 07:54:44,751 [4b487190-7547-40c7-b780-43c37a89e8eb@group-BAC069DAEF17-LeaderElection330] INFO  impl.RoleInfo (RoleInfo.java:updateAndGet(143)) - 4b487190-7547-40c7-b780-43c37a89e8eb: start FollowerState
2019-10-18 07:54:44,816 [Thread-2480] INFO  impl.FollowerState (FollowerState.java:run(108)) - 4b487190-7547-40c7-b780-43c37a89e8eb@group-BAC069DAEF17-FollowerState: change to CANDIDATE, lastRpcTime:65ms, electionTimeout:65ms
2019-10-18 07:54:44,816 [Thread-2480] INFO  impl.RoleInfo (RoleInfo.java:shutdownFollowerState(121)) - 4b487190-7547-40c7-b780-43c37a89e8eb: shutdown FollowerState
2019-10-18 07:54:44,817 [Thread-2480] INFO  impl.RaftServerImpl (RaftServerImpl.java:setRole(184)) - 4b487190-7547-40c7-b780-43c37a89e8eb@group-BAC069DAEF17: changes role from  FOLLOWER to CANDIDATE at term 350 for changeToCandidate
2019-10-18 07:54:44,817 [Thread-2480] INFO  impl.RoleInfo (RoleInfo.java:updateAndGet(143)) - 4b487190-7547-40c7-b780-43c37a89e8eb: start LeaderElection
2019-10-18 07:54:44,831 [4b487190-7547-40c7-b780-43c37a89e8eb@group-BAC069DAEF17-LeaderElection331] INFO  impl.LeaderElection (LeaderElection.java:askForVotes(178)) - 4b487190-7547-40c7-b780-43c37a89e8eb@group-BAC069DAEF17-LeaderElection331: begin an election at term 351 for -1: [6fa005cd-25d6-4e29-bda6-9462a060c098:192.168.69.67:36093, 4b487190-7547-40c7-b780-43c37a89e8eb:192.168.69.67:39683, 3d3aac8b-d4d1-454d-bf0c-88a180692893:192.168.69.67:34429], old=null
2019-10-18 07:54:44,834 [grpc-default-executor-6] INFO  impl.RaftServerImpl (RaftServerImpl.java:setRole(184)) - 6fa005cd-25d6-4e29-bda6-9462a060c098@group-BAC069DAEF17: changes role from  FOLLOWER to FOLLOWER at term 351 for recognizeCandidate:4b487190-7547-40c7-b780-43c37a89e8eb
2019-10-18 07:54:44,834 [grpc-default-executor-0] INFO  impl.RaftServerImpl (RaftServerImpl.java:setRole(184)) - 3d3aac8b-d4d1-454d-bf0c-88a180692893@group-BAC069DAEF17: changes role from  FOLLOWER to FOLLOWER at term 351 for recognizeCandidate:4b487190-7547-40c7-b780-43c37a89e8eb
2019-10-18 07:54:44,834 [grpc-default-executor-0] INFO  impl.RoleInfo (RoleInfo.java:shutdownFollowerState(121)) - 3d3aac8b-d4d1-454d-bf0c-88a180692893: shutdown FollowerState
2019-10-18 07:54:44,834 [grpc-default-executor-6] INFO  impl.RoleInfo (RoleInfo.java:shutdownFollowerState(121)) - 6fa005cd-25d6-4e29-bda6-9462a060c098: shutdown FollowerState
2019-10-18 07:54:44,834 [Thread-2479] INFO  impl.FollowerState (FollowerState.java:run(117)) - 3d3aac8b-d4d1-454d-bf0c-88a180692893@group-BAC069DAEF17-FollowerState was interrupted: java.lang.InterruptedException: sleep interrupted
2019-10-18 07:54:44,834 [Thread-2478] INFO  impl.FollowerState (FollowerState.java:run(117)) - 6fa005cd-25d6-4e29-bda6-9462a060c098@group-BAC069DAEF17-FollowerState was interrupted: java.lang.InterruptedException: sleep interrupted
2019-10-18 07:54:44,834 [grpc-default-executor-0] INFO  impl.RoleInfo (RoleInfo.java:updateAndGet(143)) - 3d3aac8b-d4d1-454d-bf0c-88a180692893: start FollowerState
2019-10-18 07:54:44,834 [grpc-default-executor-6] INFO  impl.RoleInfo (RoleInfo.java:updateAndGet(143)) - 6fa005cd-25d6-4e29-bda6-9462a060c098: start FollowerState
2019-10-18 07:54:44,850 [4b487190-7547-40c7-b780-43c37a89e8eb@group-BAC069DAEF17-LeaderElection331] INFO  impl.LeaderElection (LeaderElection.java:logAndReturn(56)) - 4b487190-7547-40c7-b780-43c37a89e8eb@group-BAC069DAEF17-LeaderElection331: Election REJECTED; received 2 response(s) [4b487190-7547-40c7-b780-43c37a89e8eb<-6fa005cd-25d6-4e29-bda6-9462a060c098#0:FAIL-t351, 4b487190-7547-40c7-b780-43c37a89e8eb<-3d3aac8b-d4d1-454d-bf0c-88a180692893#0:FAIL-t351] and 0 exception(s); 4b487190-7547-40c7-b780-43c37a89e8eb@group-BAC069DAEF17:t351, leader=null, voted=4b487190-7547-40c7-b780-43c37a89e8eb, raftlog=4b487190-7547-40c7-b780-43c37a89e8eb@group-BAC069DAEF17-SegmentedRaftLog:OPENED:c-1,f-1,i0, conf=-1: [6fa005cd-25d6-4e29-bda6-9462a060c098:192.168.69.67:36093, 4b487190-7547-40c7-b780-43c37a89e8eb:192.168.69.67:39683, 3d3aac8b-d4d1-454d-bf0c-88a180692893:192.168.69.67:34429], old=null
2019-10-18 07:54:44,850 [4b487190-7547-40c7-b780-43c37a89e8eb@group-BAC069DAEF17-LeaderElection331] INFO  impl.RaftServerImpl (RaftServerImpl.java:setRole(184)) - 4b487190-7547-40c7-b780-43c37a89e8eb@group-BAC069DAEF17: changes role from CANDIDATE to FOLLOWER at term 351 for DISCOVERED_A_NEW_TERM
2019-10-18 07:54:44,850 [4b487190-7547-40c7-b780-43c37a89e8eb@group-BAC069DAEF17-LeaderElection331] INFO  impl.RoleInfo (RoleInfo.java:shutdownLeaderElection(134)) - 4b487190-7547-40c7-b780-43c37a89e8eb: shutdown LeaderElection
2019-10-18 07:54:44,850 [4b487190-7547-40c7-b780-43c37a89e8eb@group-BAC069DAEF17-LeaderElection331] INFO  impl.RoleInfo (RoleInfo.java:updateAndGet(143)) - 4b487190-7547-40c7-b780-43c37a89e8eb: start FollowerState
2019-10-18 07:54:44,856 [Thread-2486] INFO  impl.FollowerState (FollowerState.java:run(108)) - 4b487190-7547-40c7-b780-43c37a89e8eb@group-BAC069DAEF17-FollowerState: change to CANDIDATE, lastRpcTime:5ms, electionTimeout:5ms
2019-10-18 07:54:44,856 [Thread-2486] INFO  impl.RoleInfo (RoleInfo.java:shutdownFollowerState(121)) - 4b487190-7547-40c7-b780-43c37a89e8eb: shutdown FollowerState
2019-10-18 07:54:44,856 [Thread-2486] INFO  impl.RaftServerImpl (RaftServerImpl.java:setRole(184)) - 4b487190-7547-40c7-b780-43c37a89e8eb@group-BAC069DAEF17: changes role from  FOLLOWER to CANDIDATE at term 351 for changeToCandidate
2019-10-18 07:54:44,856 [Thread-2486] INFO  impl.RoleInfo (RoleInfo.java:updateAndGet(143)) - 4b487190-7547-40c7-b780-43c37a89e8eb: start LeaderElection
2019-10-18 07:54:44,869 [4b487190-7547-40c7-b780-43c37a89e8eb@group-BAC069DAEF17-LeaderElection332] INFO  impl.LeaderElection (LeaderElection.java:askForVotes(178)) - 4b487190-7547-40c7-b780-43c37a89e8eb@group-BAC069DAEF17-LeaderElection332: begin an election at term 352 for -1: [6fa005cd-25d6-4e29-bda6-9462a060c098:192.168.69.67:36093, 4b487190-7547-40c7-b780-43c37a89e8eb:192.168.69.67:39683, 3d3aac8b-d4d1-454d-bf0c-88a180692893:192.168.69.67:34429], old=null
2019-10-18 07:54:44,870 [grpc-default-executor-0] INFO  impl.RaftServerImpl (RaftServerImpl.java:setRole(184)) - 6fa005cd-25d6-4e29-bda6-9462a060c098@group-BAC069DAEF17: changes role from  FOLLOWER to FOLLOWER at term 352 for recognizeCandidate:4b487190-7547-40c7-b780-43c37a89e8eb
2019-10-18 07:54:44,871 [grpc-default-executor-0] INFO  impl.RoleInfo (RoleInfo.java:shutdownFollowerState(121)) - 6fa005cd-25d6-4e29-bda6-9462a060c098: shutdown FollowerState
2019-10-18 07:54:44,871 [grpc-default-executor-0] INFO  impl.RoleInfo (RoleInfo.java:updateAndGet(143)) - 6fa005cd-25d6-4e29-bda6-9462a060c098: start FollowerState
2019-10-18 07:54:44,871 [Thread-2485] INFO  impl.FollowerState (FollowerState.java:run(117)) - 6fa005cd-25d6-4e29-bda6-9462a060c098@group-BAC069DAEF17-FollowerState was interrupted: java.lang.InterruptedException: sleep interrupted
2019-10-18 07:54:44,871 [grpc-default-executor-6] INFO  impl.RaftServerImpl (RaftServerImpl.java:setRole(184)) - 3d3aac8b-d4d1-454d-bf0c-88a180692893@group-BAC069DAEF17: changes role from  FOLLOWER to FOLLOWER at term 352 for recognizeCandidate:4b487190-7547-40c7-b780-43c37a89e8eb
2019-10-18 07:54:44,871 [grpc-default-executor-6] INFO  impl.RoleInfo (RoleInfo.java:shutdownFollowerState(121)) - 3d3aac8b-d4d1-454d-bf0c-88a180692893: shutdown FollowerState
2019-10-18 07:54:44,871 [grpc-default-executor-6] INFO  impl.RoleInfo (RoleInfo.java:updateAndGet(143)) - 3d3aac8b-d4d1-454d-bf0c-88a180692893: start FollowerState
2019-10-18 07:54:44,871 [Thread-2484] INFO  impl.FollowerState (FollowerState.java:run(117)) - 3d3aac8b-d4d1-454d-bf0c-88a180692893@group-BAC069DAEF17-FollowerState was interrupted: java.lang.InterruptedException: sleep interrupted
2019-10-18 07:54:44,882 [4b487190-7547-40c7-b780-43c37a89e8eb@group-BAC069DAEF17-LeaderElection332] INFO  impl.LeaderElection (LeaderElection.java:logAndReturn(56)) - 4b487190-7547-40c7-b780-43c37a89e8eb@group-BAC069DAEF17-LeaderElection332: Election TIMEOUT; received 0 response(s) [] and 0 exception(s); 4b487190-7547-40c7-b780-43c37a89e8eb@group-BAC069DAEF17:t352, leader=null, voted=4b487190-7547-40c7-b780-43c37a89e8eb, raftlog=4b487190-7547-40c7-b780-43c37a89e8eb@group-BAC069DAEF17-SegmentedRaftLog:OPENED:c-1,f-1,i0, conf=-1: [6fa005cd-25d6-4e29-bda6-9462a060c098:192.168.69.67:36093, 4b487190-7547-40c7-b780-43c37a89e8eb:192.168.69.67:39683, 3d3aac8b-d4d1-454d-bf0c-88a180692893:192.168.69.67:34429], old=null
2019-10-18 07:54:44,886 [4b487190-7547-40c7-b780-43c37a89e8eb@group-BAC069DAEF17-LeaderElection332] INFO  impl.LeaderElection (LeaderElection.java:askForVotes(178)) - 4b487190-7547-40c7-b780-43c37a89e8eb@group-BAC069DAEF17-LeaderElection332: begin an election at term 353 for -1: [6fa005cd-25d6-4e29-bda6-9462a060c098:192.168.69.67:36093, 4b487190-7547-40c7-b780-43c37a89e8eb:192.168.69.67:39683, 3d3aac8b-d4d1-454d-bf0c-88a180692893:192.168.69.67:34429], old=null
2019-10-18 07:54:44,887 [grpc-default-executor-6] INFO  impl.RaftServerImpl (RaftServerImpl.java:setRole(184)) - 6fa005cd-25d6-4e29-bda6-9462a060c098@group-BAC069DAEF17: changes role from  FOLLOWER to FOLLOWER at term 353 for recognizeCandidate:4b487190-7547-40c7-b780-43c37a89e8eb
2019-10-18 07:54:44,887 [grpc-default-executor-6] INFO  impl.RoleInfo (RoleInfo.java:shutdownFollowerState(121)) - 6fa005cd-25d6-4e29-bda6-9462a060c098: shutdown FollowerState
2019-10-18 07:54:44,888 [grpc-default-executor-6] INFO  impl.RoleInfo (RoleInfo.java:updateAndGet(143)) - 6fa005cd-25d6-4e29-bda6-9462a060c098: start FollowerState
2019-10-18 07:54:44,888 [Thread-2490] INFO  impl.FollowerState (FollowerState.java:run(117)) - 6fa005cd-25d6-4e29-bda6-9462a060c098@group-BAC069DAEF17-FollowerState was interrupted: java.lang.InterruptedException: sleep interrupted
2019-10-18 07:54:44,888 [grpc-default-executor-0] INFO  impl.RaftServerImpl (RaftServerImpl.java:setRole(184)) - 3d3aac8b-d4d1-454d-bf0c-88a180692893@group-BAC069DAEF17: changes role from  FOLLOWER to FOLLOWER at term 353 for recognizeCandidate:4b487190-7547-40c7-b780-43c37a89e8eb
2019-10-18 07:54:44,888 [grpc-default-executor-0] INFO  impl.RoleInfo (RoleInfo.java:shutdownFollowerState(121)) - 3d3aac8b-d4d1-454d-bf0c-88a180692893: shutdown FollowerState
2019-10-18 07:54:44,888 [grpc-default-executor-0] INFO  impl.RoleInfo (RoleInfo.java:updateAndGet(143)) - 3d3aac8b-d4d1-454d-bf0c-88a180692893: start FollowerState
2019-10-18 07:54:44,888 [Thread-2491] INFO  impl.FollowerState (FollowerState.java:run(117)) - 3d3aac8b-d4d1-454d-bf0c-88a180692893@group-BAC069DAEF17-FollowerState was interrupted: java.lang.InterruptedException: sleep interrupted
2019-10-18 07:54:44,903 [4b487190-7547-40c7-b780-43c37a89e8eb@group-BAC069DAEF17-LeaderElection332] INFO  impl.LeaderElection (LeaderElection.java:logAndReturn(56)) - 4b487190-7547-40c7-b780-43c37a89e8eb@group-BAC069DAEF17-LeaderElection332: Election REJECTED; received 2 response(s) [4b487190-7547-40c7-b780-43c37a89e8eb<-6fa005cd-25d6-4e29-bda6-9462a060c098#0:FAIL-t353, 4b487190-7547-40c7-b780-43c37a89e8eb<-3d3aac8b-d4d1-454d-bf0c-88a180692893#0:FAIL-t353] and 0 exception(s); 4b487190-7547-40c7-b780-43c37a89e8eb@group-BAC069DAEF17:t353, leader=null, voted=4b487190-7547-40c7-b780-43c37a89e8eb, raftlog=4b487190-7547-40c7-b780-43c37a89e8eb@group-BAC069DAEF17-SegmentedRaftLog:OPENED:c-1,f-1,i0, conf=-1: [6fa005cd-25d6-4e29-bda6-9462a060c098:192.168.69.67:36093, 4b487190-7547-40c7-b780-43c37a89e8eb:192.168.69.67:39683, 3d3aac8b-d4d1-454d-bf0c-88a180692893:192.168.69.67:34429], old=null
2019-10-18 07:54:44,903 [4b487190-7547-40c7-b780-43c37a89e8eb@group-BAC069DAEF17-LeaderElection332] INFO  impl.RaftServerImpl (RaftServerImpl.java:setRole(184)) - 4b487190-7547-40c7-b780-43c37a89e8eb@group-BAC069DAEF17: changes role from CANDIDATE to FOLLOWER at term 353 for DISCOVERED_A_NEW_TERM
2019-10-18 07:54:44,903 [4b487190-7547-40c7-b780-43c37a89e8eb@group-BAC069DAEF17-LeaderElection332] INFO  impl.RoleInfo (RoleInfo.java:shutdownLeaderElection(134)) - 4b487190-7547-40c7-b780-43c37a89e8eb: shutdown LeaderElection
2019-10-18 07:54:44,904 [4b487190-7547-40c7-b780-43c37a89e8eb@group-BAC069DAEF17-LeaderElection332] INFO  impl.RoleInfo (RoleInfo.java:updateAndGet(143)) - 4b487190-7547-40c7-b780-43c37a89e8eb: start FollowerState
2019-10-18 07:54:44,954 [Thread-2496] INFO  impl.FollowerState (FollowerState.java:run(108)) - 4b487190-7547-40c7-b780-43c37a89e8eb@group-BAC069DAEF17-FollowerState: change to CANDIDATE, lastRpcTime:50ms, electionTimeout:50ms
2019-10-18 07:54:44,954 [Thread-2496] INFO  impl.RoleInfo (RoleInfo.java:shutdownFollowerState(121)) - 4b487190-7547-40c7-b780-43c37a89e8eb: shutdown FollowerState
2019-10-18 07:54:44,954 [Thread-2496] INFO  impl.RaftServerImpl (RaftServerImpl.java:setRole(184)) - 4b487190-7547-40c7-b780-43c37a89e8eb@group-BAC069DAEF17: changes role from  FOLLOWER to CANDIDATE at term 353 for changeToCandidate
2019-10-18 07:54:44,954 [Thread-2496] INFO  impl.RoleInfo (RoleInfo.java:updateAndGet(143)) - 4b487190-7547-40c7-b780-43c37a89e8eb: start LeaderElection
2019-10-18 07:54:44,967 [4b487190-7547-40c7-b780-43c37a89e8eb@group-BAC069DAEF17-LeaderElection333] INFO  impl.LeaderElection (LeaderElection.java:askForVotes(178)) - 4b487190-7547-40c7-b780-43c37a89e8eb@group-BAC069DAEF17-LeaderElection333: begin an election at term 354 for -1: [6fa005cd-25d6-4e29-bda6-9462a060c098:192.168.69.67:36093, 4b487190-7547-40c7-b780-43c37a89e8eb:192.168.69.67:39683, 3d3aac8b-d4d1-454d-bf0c-88a180692893:192.168.69.67:34429], old=null
2019-10-18 07:54:44,969 [grpc-default-executor-0] INFO  impl.RaftServerImpl (RaftServerImpl.java:setRole(184)) - 6fa005cd-25d6-4e29-bda6-9462a060c098@group-BAC069DAEF17: changes role from  FOLLOWER to FOLLOWER at term 354 for recognizeCandidate:4b487190-7547-40c7-b780-43c37a89e8eb
2019-10-18 07:54:44,969 [grpc-default-executor-6] INFO  impl.RaftServerImpl (RaftServerImpl.java:setRole(184)) - 3d3aac8b-d4d1-454d-bf0c-88a180692893@group-BAC069DAEF17: changes role from  FOLLOWER to FOLLOWER at term 354 for recognizeCandidate:4b487190-7547-40c7-b780-43c37a89e8eb
2019-10-18 07:54:44,969 [grpc-default-executor-0] INFO  impl.RoleInfo (RoleInfo.java:shutdownFollowerState(121)) - 6fa005cd-25d6-4e29-bda6-9462a060c098: shutdown FollowerState
2019-10-18 07:54:44,969 [grpc-default-executor-6] INFO  impl.RoleInfo (RoleInfo.java:shutdownFollowerState(121)) - 3d3aac8b-d4d1-454d-bf0c-88a180692893: shutdown FollowerState
2019-10-18 07:54:44,970 [Thread-2494] INFO  impl.FollowerState (FollowerState.java:run(117)) - 6fa005cd-25d6-4e29-bda6-9462a060c098@group-BAC069DAEF17-FollowerState was interrupted: java.lang.InterruptedException: sleep interrupted
2019-10-18 07:54:44,970 [grpc-default-executor-0] INFO  impl.RoleInfo (RoleInfo.java:updateAndGet(143)) - 6fa005cd-25d6-4e29-bda6-9462a060c098: start FollowerState
2019-10-18 07:54:44,970 [Thread-2495] INFO  impl.FollowerState (FollowerState.java:run(117)) - 3d3aac8b-d4d1-454d-bf0c-88a180692893@group-BAC069DAEF17-FollowerState was interrupted: java.lang.InterruptedException: sleep interrupted
2019-10-18 07:54:44,970 [grpc-default-executor-6] INFO  impl.RoleInfo (RoleInfo.java:updateAndGet(143)) - 3d3aac8b-d4d1-454d-bf0c-88a180692893: start FollowerState
2019-10-18 07:54:44,985 [4b487190-7547-40c7-b780-43c37a89e8eb@group-BAC069DAEF17-LeaderElection333] INFO  impl.LeaderElection (LeaderElection.java:logAndReturn(56)) - 4b487190-7547-40c7-b780-43c37a89e8eb@group-BAC069DAEF17-LeaderElection333: Election REJECTED; received 2 response(s) [4b487190-7547-40c7-b780-43c37a89e8eb<-6fa005cd-25d6-4e29-bda6-9462a060c098#0:FAIL-t354, 4b487190-7547-40c7-b780-43c37a89e8eb<-3d3aac8b-d4d1-454d-bf0c-88a180692893#0:FAIL-t354] and 0 exception(s); 4b487190-7547-40c7-b780-43c37a89e8eb@group-BAC069DAEF17:t354, leader=null, voted=4b487190-7547-40c7-b780-43c37a89e8eb, raftlog=4b487190-7547-40c7-b780-43c37a89e8eb@group-BAC069DAEF17-SegmentedRaftLog:OPENED:c-1,f-1,i0, conf=-1: [6fa005cd-25d6-4e29-bda6-9462a060c098:192.168.69.67:36093, 4b487190-7547-40c7-b780-43c37a89e8eb:192.168.69.67:39683, 3d3aac8b-d4d1-454d-bf0c-88a180692893:192.168.69.67:34429], old=null
2019-10-18 07:54:44,985 [4b487190-7547-40c7-b780-43c37a89e8eb@group-BAC069DAEF17-LeaderElection333] INFO  impl.RaftServerImpl (RaftServerImpl.java:setRole(184)) - 4b487190-7547-40c7-b780-43c37a89e8eb@group-BAC069DAEF17: changes role from CANDIDATE to FOLLOWER at term 354 for DISCOVERED_A_NEW_TERM
2019-10-18 07:54:44,985 [4b487190-7547-40c7-b780-43c37a89e8eb@group-BAC069DAEF17-LeaderElection333] INFO  impl.RoleInfo (RoleInfo.java:shutdownLeaderElection(134)) - 4b487190-7547-40c7-b780-43c37a89e8eb: shutdown LeaderElection
2019-10-18 07:54:44,985 [4b487190-7547-40c7-b780-43c37a89e8eb@group-BAC069DAEF17-LeaderElection333] INFO  impl.RoleInfo (RoleInfo.java:updateAndGet(143)) - 4b487190-7547-40c7-b780-43c37a89e8eb: start FollowerState
2019-10-18 07:54:45,093 [main] INFO  ozoneimpl.OzoneContainer (OzoneContainer.java:stop(227)) - Attempting to stop container services.
2019-10-18 07:54:45,093 [ForkJoinPool.commonPool-worker-0] INFO  ozoneimpl.OzoneContainer (OzoneContainer.java:stop(227)) - Attempting to stop container services.
2019-10-18 07:54:45,095 [ForkJoinPool.commonPool-worker-0] INFO  impl.RaftServerProxy (RaftServerProxy.java:lambda$close$4(314)) - 9334f5f3-1c9b-4a41-9735-40b3bdb856ca: close
2019-10-18 07:54:45,095 [main] INFO  impl.RaftServerProxy (RaftServerProxy.java:lambda$close$4(314)) - 0fc43408-9179-47bd-a807-e56cc33d805e: close
2019-10-18 07:54:45,096 [ForkJoinPool.commonPool-worker-0] INFO  impl.RaftServerImpl (RaftServerImpl.java:lambda$shutdown$3(261)) - 9334f5f3-1c9b-4a41-9735-40b3bdb856ca@group-69898A346AAC: shutdown
2019-10-18 07:54:45,096 [main] INFO  impl.RaftServerImpl (RaftServerImpl.java:lambda$shutdown$3(261)) - 0fc43408-9179-47bd-a807-e56cc33d805e@group-69898A346AAC: shutdown
2019-10-18 07:54:45,096 [ForkJoinPool.commonPool-worker-0] INFO  util.JmxRegister (JmxRegister.java:unregister(73)) - Successfully un-registered JMX Bean with object name Ratis:service=RaftServer,group=group-69898A346AAC,id=9334f5f3-1c9b-4a41-9735-40b3bdb856ca
2019-10-18 07:54:45,097 [main] INFO  util.JmxRegister (JmxRegister.java:unregister(73)) - Successfully un-registered JMX Bean with object name Ratis:service=RaftServer,group=group-69898A346AAC,id=0fc43408-9179-47bd-a807-e56cc33d805e
2019-10-18 07:54:45,097 [ForkJoinPool.commonPool-worker-0] INFO  impl.RoleInfo (RoleInfo.java:shutdownFollowerState(121)) - 9334f5f3-1c9b-4a41-9735-40b3bdb856ca: shutdown FollowerState
2019-10-18 07:54:45,097 [main] INFO  impl.RoleInfo (RoleInfo.java:shutdownFollowerState(121)) - 0fc43408-9179-47bd-a807-e56cc33d805e: shutdown FollowerState
2019-10-18 07:54:45,098 [Thread-429] INFO  impl.FollowerState (FollowerState.java:run(117)) - 9334f5f3-1c9b-4a41-9735-40b3bdb856ca@group-69898A346AAC-FollowerState was interrupted: java.lang.InterruptedException: sleep interrupted
2019-10-18 07:54:45,098 [ForkJoinPool.commonPool-worker-0] INFO  impl.StateMachineUpdater (StateMachineUpdater.java:stopAndJoin(136)) - 9334f5f3-1c9b-4a41-9735-40b3bdb856ca@group-69898A346AAC-StateMachineUpdater: set stopIndex = 0
2019-10-18 07:54:45,098 [ForkJoinPool.commonPool-worker-0] INFO  impl.RaftServerImpl (ServerState.java:close(388)) - 9334f5f3-1c9b-4a41-9735-40b3bdb856ca@group-69898A346AAC: closes. applyIndex: 0
2019-10-18 07:54:45,098 [Thread-428] INFO  impl.FollowerState (FollowerState.java:run(117)) - 0fc43408-9179-47bd-a807-e56cc33d805e@group-69898A346AAC-FollowerState was interrupted: java.lang.InterruptedException: sleep interrupted
2019-10-18 07:54:45,098 [main] INFO  impl.StateMachineUpdater (StateMachineUpdater.java:stopAndJoin(136)) - 0fc43408-9179-47bd-a807-e56cc33d805e@group-69898A346AAC-StateMachineUpdater: set stopIndex = 0
2019-10-18 07:54:45,099 [9334f5f3-1c9b-4a41-9735-40b3bdb856ca@group-69898A346AAC-SegmentedRaftLogWorker] INFO  segmented.SegmentedRaftLogWorker (SegmentedRaftLogWorker.java:run(316)) - 9334f5f3-1c9b-4a41-9735-40b3bdb856ca@group-69898A346AAC-SegmentedRaftLogWorker was interrupted, exiting. There are 0 tasks remaining in the queue.
2019-10-18 07:54:45,099 [main] INFO  impl.RaftServerImpl (ServerState.java:close(388)) - 0fc43408-9179-47bd-a807-e56cc33d805e@group-69898A346AAC: closes. applyIndex: 0
2019-10-18 07:54:45,101 [ForkJoinPool.commonPool-worker-0] INFO  segmented.SegmentedRaftLogWorker (SegmentedRaftLogWorker.java:close(224)) - 9334f5f3-1c9b-4a41-9735-40b3bdb856ca@group-69898A346AAC-SegmentedRaftLogWorker close()
2019-10-18 07:54:45,102 [0fc43408-9179-47bd-a807-e56cc33d805e@group-69898A346AAC-SegmentedRaftLogWorker] INFO  segmented.SegmentedRaftLogWorker (SegmentedRaftLogWorker.java:run(316)) - 0fc43408-9179-47bd-a807-e56cc33d805e@group-69898A346AAC-SegmentedRaftLogWorker was interrupted, exiting. There are 0 tasks remaining in the queue.
2019-10-18 07:54:45,104 [ForkJoinPool.commonPool-worker-0] INFO  impl.RaftServerImpl (RaftServerImpl.java:lambda$shutdown$3(261)) - 9334f5f3-1c9b-4a41-9735-40b3bdb856ca@group-AD32415A553A: shutdown
2019-10-18 07:54:45,104 [main] INFO  segmented.SegmentedRaftLogWorker (SegmentedRaftLogWorker.java:close(224)) - 0fc43408-9179-47bd-a807-e56cc33d805e@group-69898A346AAC-SegmentedRaftLogWorker close()
2019-10-18 07:54:45,104 [ForkJoinPool.commonPool-worker-0] INFO  util.JmxRegister (JmxRegister.java:unregister(73)) - Successfully un-registered JMX Bean with object name Ratis:service=RaftServer,group=group-AD32415A553A,id=9334f5f3-1c9b-4a41-9735-40b3bdb856ca
2019-10-18 07:54:45,106 [main] INFO  impl.RaftServerImpl (RaftServerImpl.java:lambda$shutdown$3(261)) - 0fc43408-9179-47bd-a807-e56cc33d805e@group-FC7768932425: shutdown
2019-10-18 07:54:45,106 [ForkJoinPool.commonPool-worker-0] INFO  impl.RoleInfo (RoleInfo.java:shutdownLeaderState(104)) - 9334f5f3-1c9b-4a41-9735-40b3bdb856ca: shutdown LeaderState
2019-10-18 07:54:45,106 [main] INFO  util.JmxRegister (JmxRegister.java:unregister(73)) - Successfully un-registered JMX Bean with object name Ratis:service=RaftServer,group=group-FC7768932425,id=0fc43408-9179-47bd-a807-e56cc33d805e
2019-10-18 07:54:45,107 [ForkJoinPool.commonPool-worker-0] INFO  impl.PendingRequests (PendingRequests.java:sendNotLeaderResponses(202)) - 9334f5f3-1c9b-4a41-9735-40b3bdb856ca@group-AD32415A553A-PendingRequests: sendNotLeaderResponses
2019-10-18 07:54:45,107 [main] INFO  impl.RoleInfo (RoleInfo.java:shutdownLeaderState(104)) - 0fc43408-9179-47bd-a807-e56cc33d805e: shutdown LeaderState
2019-10-18 07:54:45,107 [ForkJoinPool.commonPool-worker-0] INFO  impl.StateMachineUpdater (StateMachineUpdater.java:stopAndJoin(136)) - 9334f5f3-1c9b-4a41-9735-40b3bdb856ca@group-AD32415A553A-StateMachineUpdater: set stopIndex = 0
2019-10-18 07:54:45,107 [main] INFO  impl.PendingRequests (PendingRequests.java:sendNotLeaderResponses(202)) - 0fc43408-9179-47bd-a807-e56cc33d805e@group-FC7768932425-PendingRequests: sendNotLeaderResponses
2019-10-18 07:54:45,108 [ForkJoinPool.commonPool-worker-0] INFO  impl.RaftServerImpl (ServerState.java:close(388)) - 9334f5f3-1c9b-4a41-9735-40b3bdb856ca@group-AD32415A553A: closes. applyIndex: 0
2019-10-18 07:54:45,108 [main] INFO  impl.StateMachineUpdater (StateMachineUpdater.java:stopAndJoin(136)) - 0fc43408-9179-47bd-a807-e56cc33d805e@group-FC7768932425-StateMachineUpdater: set stopIndex = 0
2019-10-18 07:54:45,108 [9334f5f3-1c9b-4a41-9735-40b3bdb856ca@group-AD32415A553A-SegmentedRaftLogWorker] INFO  segmented.SegmentedRaftLogWorker (SegmentedRaftLogWorker.java:run(316)) - 9334f5f3-1c9b-4a41-9735-40b3bdb856ca@group-AD32415A553A-SegmentedRaftLogWorker was interrupted, exiting. There are 0 tasks remaining in the queue.
2019-10-18 07:54:45,108 [main] INFO  impl.RaftServerImpl (ServerState.java:close(388)) - 0fc43408-9179-47bd-a807-e56cc33d805e@group-FC7768932425: closes. applyIndex: 0
2019-10-18 07:54:45,113 [ForkJoinPool.commonPool-worker-0] INFO  segmented.SegmentedRaftLogWorker (SegmentedRaftLogWorker.java:close(224)) - 9334f5f3-1c9b-4a41-9735-40b3bdb856ca@group-AD32415A553A-SegmentedRaftLogWorker close()
2019-10-18 07:54:45,113 [0fc43408-9179-47bd-a807-e56cc33d805e@group-FC7768932425-SegmentedRaftLogWorker] INFO  segmented.SegmentedRaftLogWorker (SegmentedRaftLogWorker.java:run(316)) - 0fc43408-9179-47bd-a807-e56cc33d805e@group-FC7768932425-SegmentedRaftLogWorker was interrupted, exiting. There are 0 tasks remaining in the queue.
2019-10-18 07:54:45,114 [main] INFO  segmented.SegmentedRaftLogWorker (SegmentedRaftLogWorker.java:close(224)) - 0fc43408-9179-47bd-a807-e56cc33d805e@group-FC7768932425-SegmentedRaftLogWorker close()
2019-10-18 07:54:45,115 [ForkJoinPool.commonPool-worker-0] INFO  server.GrpcService (GrpcService.java:closeImpl(164)) - 9334f5f3-1c9b-4a41-9735-40b3bdb856ca: shutdown server with port 35940 now
2019-10-18 07:54:45,115 [main] INFO  server.GrpcService (GrpcService.java:closeImpl(164)) - 0fc43408-9179-47bd-a807-e56cc33d805e: shutdown server with port 34615 now
2019-10-18 07:54:45,123 [grpc-default-executor-2] WARN  server.GrpcServerProtocolService (LogUtils.java:warn(134)) - 0fc43408-9179-47bd-a807-e56cc33d805e: installSnapshot onError, lastRequest: a3fa570c-ae50-443c-8ab2-043428e82a24->0fc43408-9179-47bd-a807-e56cc33d805e#18-t3, previous=(t:3, i:0), leaderCommit=0, initializing? false, entries: <empty>: org.apache.ratis.thirdparty.io.grpc.StatusRuntimeException: CANCELLED: cancelled before receiving half close
2019-10-18 07:54:45,123 [grpc-default-executor-5] WARN  server.GrpcServerProtocolService (LogUtils.java:warn(134)) - 9334f5f3-1c9b-4a41-9735-40b3bdb856ca: installSnapshot onError, lastRequest: a3fa570c-ae50-443c-8ab2-043428e82a24->9334f5f3-1c9b-4a41-9735-40b3bdb856ca#18-t3, previous=(t:3, i:0), leaderCommit=0, initializing? false, entries: <empty>: org.apache.ratis.thirdparty.io.grpc.StatusRuntimeException: CANCELLED: cancelled before receiving half close
2019-10-18 07:54:45,125 [main] INFO  server.GrpcService (GrpcService.java:closeImpl(172)) - 0fc43408-9179-47bd-a807-e56cc33d805e: shutdown server with port 34615 successfully
2019-10-18 07:54:45,126 [grpc-default-executor-6] WARN  server.GrpcLogAppender (LogUtils.java:warn(134)) - a3fa570c-ae50-443c-8ab2-043428e82a24@group-69898A346AAC->9334f5f3-1c9b-4a41-9735-40b3bdb856ca-AppendLogResponseHandler: Failed appendEntries: org.apache.ratis.thirdparty.io.grpc.StatusRuntimeException: CANCELLED: HTTP/2 error code: CANCEL
Received Rst Stream
2019-10-18 07:54:45,126 [grpc-default-executor-0] WARN  server.GrpcLogAppender (LogUtils.java:warn(134)) - a3fa570c-ae50-443c-8ab2-043428e82a24@group-69898A346AAC->0fc43408-9179-47bd-a807-e56cc33d805e-AppendLogResponseHandler: Failed appendEntries: org.apache.ratis.thirdparty.io.grpc.StatusRuntimeException: CANCELLED: HTTP/2 error code: CANCEL
Received Rst Stream
2019-10-18 07:54:45,130 [ForkJoinPool.commonPool-worker-0] INFO  server.GrpcService (GrpcService.java:closeImpl(172)) - 9334f5f3-1c9b-4a41-9735-40b3bdb856ca: shutdown server with port 35940 successfully
2019-10-18 07:54:45,135 [refreshUsed-/workdir/hadoop-ozone/integration-test/target/test-dir/MiniOzoneClusterImpl-58fc3ecd-0fbd-4e7b-a09c-4106a93dde4d/datanode-1/data/containers] WARN  fs.CachingGetSpaceUsed (CachingGetSpaceUsed.java:run(183)) - Thread Interrupted waiting to refresh disk information: sleep interrupted
2019-10-18 07:54:45,139 [refreshUsed-/workdir/hadoop-ozone/integration-test/target/test-dir/MiniOzoneClusterImpl-58fc3ecd-0fbd-4e7b-a09c-4106a93dde4d/datanode-3/data/containers] WARN  fs.CachingGetSpaceUsed (CachingGetSpaceUsed.java:run(183)) - Thread Interrupted waiting to refresh disk information: sleep interrupted
2019-10-18 07:54:45,152 [Thread-2502] INFO  impl.FollowerState (FollowerState.java:run(108)) - 4b487190-7547-40c7-b780-43c37a89e8eb@group-BAC069DAEF17-FollowerState: change to CANDIDATE, lastRpcTime:166ms, electionTimeout:166ms
2019-10-18 07:54:45,152 [Thread-2502] INFO  impl.RoleInfo (RoleInfo.java:shutdownFollowerState(121)) - 4b487190-7547-40c7-b780-43c37a89e8eb: shutdown FollowerState
2019-10-18 07:54:45,152 [Thread-2502] INFO  impl.RaftServerImpl (RaftServerImpl.java:setRole(184)) - 4b487190-7547-40c7-b780-43c37a89e8eb@group-BAC069DAEF17: changes role from  FOLLOWER to CANDIDATE at term 354 for changeToCandidate
2019-10-18 07:54:45,152 [Thread-2502] INFO  impl.RoleInfo (RoleInfo.java:updateAndGet(143)) - 4b487190-7547-40c7-b780-43c37a89e8eb: start LeaderElection
2019-10-18 07:54:45,159 [main] INFO  utils.BackgroundService (BackgroundService.java:shutdown(151)) - Shutting down service BlockDeletingService
2019-10-18 07:54:45,159 [ForkJoinPool.commonPool-worker-0] INFO  utils.BackgroundService (BackgroundService.java:shutdown(151)) - Shutting down service BlockDeletingService
2019-10-18 07:54:45,162 [ForkJoinPool.commonPool-worker-0] INFO  statemachine.DatanodeStateMachine (DatanodeStateMachine.java:stopDaemon(395)) - Ozone container server stopped.
2019-10-18 07:54:45,162 [main] INFO  statemachine.DatanodeStateMachine (DatanodeStateMachine.java:stopDaemon(395)) - Ozone container server stopped.
2019-10-18 07:54:45,167 [ForkJoinPool.commonPool-worker-0] INFO  handler.ContextHandler (ContextHandler.java:doStop(910)) - Stopped o.e.j.w.WebAppContext@3e0a0cd{/,null,UNAVAILABLE}{/hddsDatanode}
2019-10-18 07:54:45,167 [main] INFO  handler.ContextHandler (ContextHandler.java:doStop(910)) - Stopped o.e.j.w.WebAppContext@710c3fa4{/,null,UNAVAILABLE}{/hddsDatanode}
2019-10-18 07:54:45,168 [ForkJoinPool.commonPool-worker-0] INFO  server.AbstractConnector (AbstractConnector.java:doStop(318)) - Stopped ServerConnector@3a77700f{HTTP/1.1,[http/1.1]}{0.0.0.0:0}
2019-10-18 07:54:45,168 [main] INFO  server.AbstractConnector (AbstractConnector.java:doStop(318)) - Stopped ServerConnector@7165d94f{HTTP/1.1,[http/1.1]}{0.0.0.0:0}
2019-10-18 07:54:45,169 [ForkJoinPool.commonPool-worker-0] INFO  handler.ContextHandler (ContextHandler.java:doStop(910)) - Stopped o.e.j.s.ServletContextHandler@10b481e6{/static,jar:file:/home/user/.m2/repository/org/apache/hadoop/hadoop-hdds-container-service/0.5.0-SNAPSHOT/hadoop-hdds-container-service-0.5.0-SNAPSHOT.jar!/webapps/static,UNAVAILABLE}
2019-10-18 07:54:45,170 [main] INFO  handler.ContextHandler (ContextHandler.java:doStop(910)) - Stopped o.e.j.s.ServletContextHandler@6d51dc8f{/static,jar:file:/home/user/.m2/repository/org/apache/hadoop/hadoop-hdds-container-service/0.5.0-SNAPSHOT/hadoop-hdds-container-service-0.5.0-SNAPSHOT.jar!/webapps/static,UNAVAILABLE}
2019-10-18 07:54:45,171 [ForkJoinPool.commonPool-worker-0] INFO  handler.ContextHandler (ContextHandler.java:doStop(910)) - Stopped o.e.j.s.ServletContextHandler@3eca0c8a{/logs,file:///workdir/hadoop-ozone/integration-test/target/log,UNAVAILABLE}
2019-10-18 07:54:45,172 [main] INFO  handler.ContextHandler (ContextHandler.java:doStop(910)) - Stopped o.e.j.s.ServletContextHandler@4c8065c2{/logs,file:///workdir/hadoop-ozone/integration-test/target/log,UNAVAILABLE}
2019-10-18 07:54:45,178 [4b487190-7547-40c7-b780-43c37a89e8eb@group-BAC069DAEF17-LeaderElection334] INFO  impl.LeaderElection (LeaderElection.java:askForVotes(178)) - 4b487190-7547-40c7-b780-43c37a89e8eb@group-BAC069DAEF17-LeaderElection334: begin an election at term 355 for -1: [6fa005cd-25d6-4e29-bda6-9462a060c098:192.168.69.67:36093, 4b487190-7547-40c7-b780-43c37a89e8eb:192.168.69.67:39683, 3d3aac8b-d4d1-454d-bf0c-88a180692893:192.168.69.67:34429], old=null
2019-10-18 07:54:45,180 [grpc-default-executor-0] INFO  impl.RaftServerImpl (RaftServerImpl.java:setRole(184)) - 3d3aac8b-d4d1-454d-bf0c-88a180692893@group-BAC069DAEF17: changes role from  FOLLOWER to FOLLOWER at term 355 for recognizeCandidate:4b487190-7547-40c7-b780-43c37a89e8eb
2019-10-18 07:54:45,180 [grpc-default-executor-0] INFO  impl.RoleInfo (RoleInfo.java:shutdownFollowerState(121)) - 3d3aac8b-d4d1-454d-bf0c-88a180692893: shutdown FollowerState
2019-10-18 07:54:45,180 [grpc-default-executor-2] INFO  impl.RaftServerImpl (RaftServerImpl.java:setRole(184)) - 6fa005cd-25d6-4e29-bda6-9462a060c098@group-BAC069DAEF17: changes role from  FOLLOWER to FOLLOWER at term 355 for recognizeCandidate:4b487190-7547-40c7-b780-43c37a89e8eb
2019-10-18 07:54:45,180 [Thread-2501] INFO  impl.FollowerState (FollowerState.java:run(117)) - 3d3aac8b-d4d1-454d-bf0c-88a180692893@group-BAC069DAEF17-FollowerState was interrupted: java.lang.InterruptedException: sleep interrupted
2019-10-18 07:54:45,180 [grpc-default-executor-0] INFO  impl.RoleInfo (RoleInfo.java:updateAndGet(143)) - 3d3aac8b-d4d1-454d-bf0c-88a180692893: start FollowerState
2019-10-18 07:54:45,180 [grpc-default-executor-2] INFO  impl.RoleInfo (RoleInfo.java:shutdownFollowerState(121)) - 6fa005cd-25d6-4e29-bda6-9462a060c098: shutdown FollowerState
2019-10-18 07:54:45,181 [grpc-default-executor-2] INFO  impl.RoleInfo (RoleInfo.java:updateAndGet(143)) - 6fa005cd-25d6-4e29-bda6-9462a060c098: start FollowerState
2019-10-18 07:54:45,181 [Thread-2500] INFO  impl.FollowerState (FollowerState.java:run(117)) - 6fa005cd-25d6-4e29-bda6-9462a060c098@group-BAC069DAEF17-FollowerState was interrupted: java.lang.InterruptedException: sleep interrupted
2019-10-18 07:54:45,194 [4b487190-7547-40c7-b780-43c37a89e8eb@group-BAC069DAEF17-LeaderElection334] INFO  impl.LeaderElection (LeaderElection.java:logAndReturn(56)) - 4b487190-7547-40c7-b780-43c37a89e8eb@group-BAC069DAEF17-LeaderElection334: Election REJECTED; received 2 response(s) [4b487190-7547-40c7-b780-43c37a89e8eb<-6fa005cd-25d6-4e29-bda6-9462a060c098#0:FAIL-t355, 4b487190-7547-40c7-b780-43c37a89e8eb<-3d3aac8b-d4d1-454d-bf0c-88a180692893#0:FAIL-t355] and 0 exception(s); 4b487190-7547-40c7-b780-43c37a89e8eb@group-BAC069DAEF17:t355, leader=null, voted=4b487190-7547-40c7-b780-43c37a89e8eb, raftlog=4b487190-7547-40c7-b780-43c37a89e8eb@group-BAC069DAEF17-SegmentedRaftLog:OPENED:c-1,f-1,i0, conf=-1: [6fa005cd-25d6-4e29-bda6-9462a060c098:192.168.69.67:36093, 4b487190-7547-40c7-b780-43c37a89e8eb:192.168.69.67:39683, 3d3aac8b-d4d1-454d-bf0c-88a180692893:192.168.69.67:34429], old=null
2019-10-18 07:54:45,195 [4b487190-7547-40c7-b780-43c37a89e8eb@group-BAC069DAEF17-LeaderElection334] INFO  impl.RaftServerImpl (RaftServerImpl.java:setRole(184)) - 4b487190-7547-40c7-b780-43c37a89e8eb@group-BAC069DAEF17: changes role from CANDIDATE to FOLLOWER at term 355 for DISCOVERED_A_NEW_TERM
2019-10-18 07:54:45,195 [4b487190-7547-40c7-b780-43c37a89e8eb@group-BAC069DAEF17-LeaderElection334] INFO  impl.RoleInfo (RoleInfo.java:shutdownLeaderElection(134)) - 4b487190-7547-40c7-b780-43c37a89e8eb: shutdown LeaderElection
2019-10-18 07:54:45,195 [4b487190-7547-40c7-b780-43c37a89e8eb@group-BAC069DAEF17-LeaderElection334] INFO  impl.RoleInfo (RoleInfo.java:updateAndGet(143)) - 4b487190-7547-40c7-b780-43c37a89e8eb: start FollowerState
2019-10-18 07:54:45,296 [Datanode State Machine Thread - 0] INFO  statemachine.DatanodeStateMachine (DatanodeStateMachine.java:lambda$startDaemon$0(350)) - Ozone container server started.
2019-10-18 07:54:45,353 [Thread-2508] INFO  impl.FollowerState (FollowerState.java:run(108)) - 4b487190-7547-40c7-b780-43c37a89e8eb@group-BAC069DAEF17-FollowerState: change to CANDIDATE, lastRpcTime:158ms, electionTimeout:158ms
2019-10-18 07:54:45,353 [Thread-2508] INFO  impl.RoleInfo (RoleInfo.java:shutdownFollowerState(121)) - 4b487190-7547-40c7-b780-43c37a89e8eb: shutdown FollowerState
2019-10-18 07:54:45,353 [Thread-2508] INFO  impl.RaftServerImpl (RaftServerImpl.java:setRole(184)) - 4b487190-7547-40c7-b780-43c37a89e8eb@group-BAC069DAEF17: changes role from  FOLLOWER to CANDIDATE at term 355 for changeToCandidate
2019-10-18 07:54:45,354 [Thread-2508] INFO  impl.RoleInfo (RoleInfo.java:updateAndGet(143)) - 4b487190-7547-40c7-b780-43c37a89e8eb: start LeaderElection
2019-10-18 07:54:45,379 [4b487190-7547-40c7-b780-43c37a89e8eb@group-BAC069DAEF17-LeaderElection335] INFO  impl.LeaderElection (LeaderElection.java:askForVotes(178)) - 4b487190-7547-40c7-b780-43c37a89e8eb@group-BAC069DAEF17-LeaderElection335: begin an election at term 356 for -1: [6fa005cd-25d6-4e29-bda6-9462a060c098:192.168.69.67:36093, 4b487190-7547-40c7-b780-43c37a89e8eb:192.168.69.67:39683, 3d3aac8b-d4d1-454d-bf0c-88a180692893:192.168.69.67:34429], old=null
2019-10-18 07:54:45,381 [grpc-default-executor-2] INFO  impl.RaftServerImpl (RaftServerImpl.java:setRole(184)) - 6fa005cd-25d6-4e29-bda6-9462a060c098@group-BAC069DAEF17: changes role from  FOLLOWER to FOLLOWER at term 356 for recognizeCandidate:4b487190-7547-40c7-b780-43c37a89e8eb
2019-10-18 07:54:45,382 [grpc-default-executor-2] INFO  impl.RoleInfo (RoleInfo.java:shutdownFollowerState(121)) - 6fa005cd-25d6-4e29-bda6-9462a060c098: shutdown FollowerState
2019-10-18 07:54:45,381 [grpc-default-executor-0] INFO  impl.RaftServerImpl (RaftServerImpl.java:setRole(184)) - 3d3aac8b-d4d1-454d-bf0c-88a180692893@group-BAC069DAEF17: changes role from  FOLLOWER to FOLLOWER at term 356 for recognizeCandidate:4b487190-7547-40c7-b780-43c37a89e8eb
2019-10-18 07:54:45,382 [Thread-2507] INFO  impl.FollowerState (FollowerState.java:run(117)) - 6fa005cd-25d6-4e29-bda6-9462a060c098@group-BAC069DAEF17-FollowerState was interrupted: java.lang.InterruptedException: sleep interrupted
2019-10-18 07:54:45,382 [grpc-default-executor-2] INFO  impl.RoleInfo (RoleInfo.java:updateAndGet(143)) - 6fa005cd-25d6-4e29-bda6-9462a060c098: start FollowerState
2019-10-18 07:54:45,382 [grpc-default-executor-0] INFO  impl.RoleInfo (RoleInfo.java:shutdownFollowerState(121)) - 3d3aac8b-d4d1-454d-bf0c-88a180692893: shutdown FollowerState
2019-10-18 07:54:45,382 [grpc-default-executor-0] INFO  impl.RoleInfo (RoleInfo.java:updateAndGet(143)) - 3d3aac8b-d4d1-454d-bf0c-88a180692893: start FollowerState
2019-10-18 07:54:45,382 [Thread-2506] INFO  impl.FollowerState (FollowerState.java:run(117)) - 3d3aac8b-d4d1-454d-bf0c-88a180692893@group-BAC069DAEF17-FollowerState was interrupted: java.lang.InterruptedException: sleep interrupted
2019-10-18 07:54:45,384 [4b487190-7547-40c7-b780-43c37a89e8eb@group-BAC069DAEF17-LeaderElection335] INFO  impl.LeaderElection (LeaderElection.java:logAndReturn(56)) - 4b487190-7547-40c7-b780-43c37a89e8eb@group-BAC069DAEF17-LeaderElection335: Election TIMEOUT; received 0 response(s) [] and 0 exception(s); 4b487190-7547-40c7-b780-43c37a89e8eb@group-BAC069DAEF17:t356, leader=null, voted=4b487190-7547-40c7-b780-43c37a89e8eb, raftlog=4b487190-7547-40c7-b780-43c37a89e8eb@group-BAC069DAEF17-SegmentedRaftLog:OPENED:c-1,f-1,i0, conf=-1: [6fa005cd-25d6-4e29-bda6-9462a060c098:192.168.69.67:36093, 4b487190-7547-40c7-b780-43c37a89e8eb:192.168.69.67:39683, 3d3aac8b-d4d1-454d-bf0c-88a180692893:192.168.69.67:34429], old=null
2019-10-18 07:54:45,405 [4b487190-7547-40c7-b780-43c37a89e8eb@group-BAC069DAEF17-LeaderElection335] INFO  impl.LeaderElection (LeaderElection.java:askForVotes(178)) - 4b487190-7547-40c7-b780-43c37a89e8eb@group-BAC069DAEF17-LeaderElection335: begin an election at term 357 for -1: [6fa005cd-25d6-4e29-bda6-9462a060c098:192.168.69.67:36093, 4b487190-7547-40c7-b780-43c37a89e8eb:192.168.69.67:39683, 3d3aac8b-d4d1-454d-bf0c-88a180692893:192.168.69.67:34429], old=null
2019-10-18 07:54:45,407 [grpc-default-executor-2] INFO  impl.RaftServerImpl (RaftServerImpl.java:setRole(184)) - 6fa005cd-25d6-4e29-bda6-9462a060c098@group-BAC069DAEF17: changes role from  FOLLOWER to FOLLOWER at term 357 for recognizeCandidate:4b487190-7547-40c7-b780-43c37a89e8eb
2019-10-18 07:54:45,408 [grpc-default-executor-2] INFO  impl.RoleInfo (RoleInfo.java:shutdownFollowerState(121)) - 6fa005cd-25d6-4e29-bda6-9462a060c098: shutdown FollowerState
2019-10-18 07:54:45,408 [grpc-default-executor-0] INFO  impl.RaftServerImpl (RaftServerImpl.java:setRole(184)) - 3d3aac8b-d4d1-454d-bf0c-88a180692893@group-BAC069DAEF17: changes role from  FOLLOWER to FOLLOWER at term 357 for recognizeCandidate:4b487190-7547-40c7-b780-43c37a89e8eb
2019-10-18 07:54:45,408 [grpc-default-executor-2] INFO  impl.RoleInfo (RoleInfo.java:updateAndGet(143)) - 6fa005cd-25d6-4e29-bda6-9462a060c098: start FollowerState
2019-10-18 07:54:45,408 [Thread-2512] INFO  impl.FollowerState (FollowerState.java:run(117)) - 6fa005cd-25d6-4e29-bda6-9462a060c098@group-BAC069DAEF17-FollowerState was interrupted: java.lang.InterruptedException: sleep interrupted
2019-10-18 07:54:45,408 [grpc-default-executor-0] INFO  impl.RoleInfo (RoleInfo.java:shutdownFollowerState(121)) - 3d3aac8b-d4d1-454d-bf0c-88a180692893: shutdown FollowerState
2019-10-18 07:54:45,408 [Thread-2513] INFO  impl.FollowerState (FollowerState.java:run(117)) - 3d3aac8b-d4d1-454d-bf0c-88a180692893@group-BAC069DAEF17-FollowerState was interrupted: java.lang.InterruptedException: sleep interrupted
2019-10-18 07:54:45,408 [grpc-default-executor-0] INFO  impl.RoleInfo (RoleInfo.java:updateAndGet(143)) - 3d3aac8b-d4d1-454d-bf0c-88a180692893: start FollowerState
2019-10-18 07:54:45,416 [Datanode State Machine Thread - 0] INFO  statemachine.DatanodeStateMachine (DatanodeStateMachine.java:lambda$startDaemon$0(350)) - Ozone container server started.
2019-10-18 07:54:45,418 [4b487190-7547-40c7-b780-43c37a89e8eb@group-BAC069DAEF17-LeaderElection335] INFO  impl.LeaderElection (LeaderElection.java:logAndReturn(56)) - 4b487190-7547-40c7-b780-43c37a89e8eb@group-BAC069DAEF17-LeaderElection335: Election REJECTED; received 2 response(s) [4b487190-7547-40c7-b780-43c37a89e8eb<-6fa005cd-25d6-4e29-bda6-9462a060c098#0:FAIL-t357, 4b487190-7547-40c7-b780-43c37a89e8eb<-3d3aac8b-d4d1-454d-bf0c-88a180692893#0:FAIL-t357] and 0 exception(s); 4b487190-7547-40c7-b780-43c37a89e8eb@group-BAC069DAEF17:t357, leader=null, voted=4b487190-7547-40c7-b780-43c37a89e8eb, raftlog=4b487190-7547-40c7-b780-43c37a89e8eb@group-BAC069DAEF17-SegmentedRaftLog:OPENED:c-1,f-1,i0, conf=-1: [6fa005cd-25d6-4e29-bda6-9462a060c098:192.168.69.67:36093, 4b487190-7547-40c7-b780-43c37a89e8eb:192.168.69.67:39683, 3d3aac8b-d4d1-454d-bf0c-88a180692893:192.168.69.67:34429], old=null
2019-10-18 07:54:45,418 [4b487190-7547-40c7-b780-43c37a89e8eb@group-BAC069DAEF17-LeaderElection335] INFO  impl.RaftServerImpl (RaftServerImpl.java:setRole(184)) - 4b487190-7547-40c7-b780-43c37a89e8eb@group-BAC069DAEF17: changes role from CANDIDATE to FOLLOWER at term 357 for DISCOVERED_A_NEW_TERM
2019-10-18 07:54:45,418 [4b487190-7547-40c7-b780-43c37a89e8eb@group-BAC069DAEF17-LeaderElection335] INFO  impl.RoleInfo (RoleInfo.java:shutdownLeaderElection(134)) - 4b487190-7547-40c7-b780-43c37a89e8eb: shutdown LeaderElection
2019-10-18 07:54:45,418 [4b487190-7547-40c7-b780-43c37a89e8eb@group-BAC069DAEF17-LeaderElection335] INFO  impl.RoleInfo (RoleInfo.java:updateAndGet(143)) - 4b487190-7547-40c7-b780-43c37a89e8eb: start FollowerState
2019-10-18 07:54:45,507 [Thread-2518] INFO  impl.FollowerState (FollowerState.java:run(108)) - 4b487190-7547-40c7-b780-43c37a89e8eb@group-BAC069DAEF17-FollowerState: change to CANDIDATE, lastRpcTime:89ms, electionTimeout:89ms
2019-10-18 07:54:45,508 [Thread-2518] INFO  impl.RoleInfo (RoleInfo.java:shutdownFollowerState(121)) - 4b487190-7547-40c7-b780-43c37a89e8eb: shutdown FollowerState
2019-10-18 07:54:45,508 [Thread-2518] INFO  impl.RaftServerImpl (RaftServerImpl.java:setRole(184)) - 4b487190-7547-40c7-b780-43c37a89e8eb@group-BAC069DAEF17: changes role from  FOLLOWER to CANDIDATE at term 357 for changeToCandidate
2019-10-18 07:54:45,508 [Thread-2518] INFO  impl.RoleInfo (RoleInfo.java:updateAndGet(143)) - 4b487190-7547-40c7-b780-43c37a89e8eb: start LeaderElection
2019-10-18 07:54:45,522 [4b487190-7547-40c7-b780-43c37a89e8eb@group-BAC069DAEF17-LeaderElection336] INFO  impl.LeaderElection (LeaderElection.java:askForVotes(178)) - 4b487190-7547-40c7-b780-43c37a89e8eb@group-BAC069DAEF17-LeaderElection336: begin an election at term 358 for -1: [6fa005cd-25d6-4e29-bda6-9462a060c098:192.168.69.67:36093, 4b487190-7547-40c7-b780-43c37a89e8eb:192.168.69.67:39683, 3d3aac8b-d4d1-454d-bf0c-88a180692893:192.168.69.67:34429], old=null
2019-10-18 07:54:45,524 [grpc-default-executor-2] INFO  impl.RaftServerImpl (RaftServerImpl.java:setRole(184)) - 3d3aac8b-d4d1-454d-bf0c-88a180692893@group-BAC069DAEF17: changes role from  FOLLOWER to FOLLOWER at term 358 for recognizeCandidate:4b487190-7547-40c7-b780-43c37a89e8eb
2019-10-18 07:54:45,524 [grpc-default-executor-0] INFO  impl.RaftServerImpl (RaftServerImpl.java:setRole(184)) - 6fa005cd-25d6-4e29-bda6-9462a060c098@group-BAC069DAEF17: changes role from  FOLLOWER to FOLLOWER at term 358 for recognizeCandidate:4b487190-7547-40c7-b780-43c37a89e8eb
2019-10-18 07:54:45,524 [grpc-default-executor-2] INFO  impl.RoleInfo (RoleInfo.java:shutdownFollowerState(121)) - 3d3aac8b-d4d1-454d-bf0c-88a180692893: shutdown FollowerState
2019-10-18 07:54:45,524 [grpc-default-executor-0] INFO  impl.RoleInfo (RoleInfo.java:shutdownFollowerState(121)) - 6fa005cd-25d6-4e29-bda6-9462a060c098: shutdown FollowerState
2019-10-18 07:54:45,524 [Thread-2517] INFO  impl.FollowerState (FollowerState.java:run(117)) - 3d3aac8b-d4d1-454d-bf0c-88a180692893@group-BAC069DAEF17-FollowerState was interrupted: java.lang.InterruptedException: sleep interrupted
2019-10-18 07:54:45,524 [grpc-default-executor-2] INFO  impl.RoleInfo (RoleInfo.java:updateAndGet(143)) - 3d3aac8b-d4d1-454d-bf0c-88a180692893: start FollowerState
2019-10-18 07:54:45,524 [Thread-2516] INFO  impl.FollowerState (FollowerState.java:run(117)) - 6fa005cd-25d6-4e29-bda6-9462a060c098@group-BAC069DAEF17-FollowerState was interrupted: java.lang.InterruptedException: sleep interrupted
2019-10-18 07:54:45,524 [grpc-default-executor-0] INFO  impl.RoleInfo (RoleInfo.java:updateAndGet(143)) - 6fa005cd-25d6-4e29-bda6-9462a060c098: start FollowerState
2019-10-18 07:54:45,539 [4b487190-7547-40c7-b780-43c37a89e8eb@group-BAC069DAEF17-LeaderElection336] INFO  impl.LeaderElection (LeaderElection.java:logAndReturn(56)) - 4b487190-7547-40c7-b780-43c37a89e8eb@group-BAC069DAEF17-LeaderElection336: Election REJECTED; received 2 response(s) [4b487190-7547-40c7-b780-43c37a89e8eb<-6fa005cd-25d6-4e29-bda6-9462a060c098#0:FAIL-t358, 4b487190-7547-40c7-b780-43c37a89e8eb<-3d3aac8b-d4d1-454d-bf0c-88a180692893#0:FAIL-t358] and 0 exception(s); 4b487190-7547-40c7-b780-43c37a89e8eb@group-BAC069DAEF17:t358, leader=null, voted=4b487190-7547-40c7-b780-43c37a89e8eb, raftlog=4b487190-7547-40c7-b780-43c37a89e8eb@group-BAC069DAEF17-SegmentedRaftLog:OPENED:c-1,f-1,i0, conf=-1: [6fa005cd-25d6-4e29-bda6-9462a060c098:192.168.69.67:36093, 4b487190-7547-40c7-b780-43c37a89e8eb:192.168.69.67:39683, 3d3aac8b-d4d1-454d-bf0c-88a180692893:192.168.69.67:34429], old=null
2019-10-18 07:54:45,539 [4b487190-7547-40c7-b780-43c37a89e8eb@group-BAC069DAEF17-LeaderElection336] INFO  impl.RaftServerImpl (RaftServerImpl.java:setRole(184)) - 4b487190-7547-40c7-b780-43c37a89e8eb@group-BAC069DAEF17: changes role from CANDIDATE to FOLLOWER at term 358 for DISCOVERED_A_NEW_TERM
2019-10-18 07:54:45,539 [4b487190-7547-40c7-b780-43c37a89e8eb@group-BAC069DAEF17-LeaderElection336] INFO  impl.RoleInfo (RoleInfo.java:shutdownLeaderElection(134)) - 4b487190-7547-40c7-b780-43c37a89e8eb: shutdown LeaderElection
2019-10-18 07:54:45,539 [4b487190-7547-40c7-b780-43c37a89e8eb@group-BAC069DAEF17-LeaderElection336] INFO  impl.RoleInfo (RoleInfo.java:updateAndGet(143)) - 4b487190-7547-40c7-b780-43c37a89e8eb: start FollowerState
2019-10-18 07:54:45,642 [Thread-2524] INFO  impl.FollowerState (FollowerState.java:run(108)) - 4b487190-7547-40c7-b780-43c37a89e8eb@group-BAC069DAEF17-FollowerState: change to CANDIDATE, lastRpcTime:102ms, electionTimeout:102ms
2019-10-18 07:54:45,642 [Thread-2524] INFO  impl.RoleInfo (RoleInfo.java:shutdownFollowerState(121)) - 4b487190-7547-40c7-b780-43c37a89e8eb: shutdown FollowerState
2019-10-18 07:54:45,642 [Thread-2524] INFO  impl.RaftServerImpl (RaftServerImpl.java:setRole(184)) - 4b487190-7547-40c7-b780-43c37a89e8eb@group-BAC069DAEF17: changes role from  FOLLOWER to CANDIDATE at term 358 for changeToCandidate
2019-10-18 07:54:45,642 [Thread-2524] INFO  impl.RoleInfo (RoleInfo.java:updateAndGet(143)) - 4b487190-7547-40c7-b780-43c37a89e8eb: start LeaderElection
2019-10-18 07:54:45,675 [4b487190-7547-40c7-b780-43c37a89e8eb@group-BAC069DAEF17-LeaderElection337] INFO  impl.LeaderElection (LeaderElection.java:askForVotes(178)) - 4b487190-7547-40c7-b780-43c37a89e8eb@group-BAC069DAEF17-LeaderElection337: begin an election at term 359 for -1: [6fa005cd-25d6-4e29-bda6-9462a060c098:192.168.69.67:36093, 4b487190-7547-40c7-b780-43c37a89e8eb:192.168.69.67:39683, 3d3aac8b-d4d1-454d-bf0c-88a180692893:192.168.69.67:34429], old=null
2019-10-18 07:54:45,677 [grpc-default-executor-2] INFO  impl.RaftServerImpl (RaftServerImpl.java:setRole(184)) - 6fa005cd-25d6-4e29-bda6-9462a060c098@group-BAC069DAEF17: changes role from  FOLLOWER to FOLLOWER at term 359 for recognizeCandidate:4b487190-7547-40c7-b780-43c37a89e8eb
2019-10-18 07:54:45,677 [grpc-default-executor-2] INFO  impl.RoleInfo (RoleInfo.java:shutdownFollowerState(121)) - 6fa005cd-25d6-4e29-bda6-9462a060c098: shutdown FollowerState
2019-10-18 07:54:45,678 [grpc-default-executor-0] INFO  impl.RaftServerImpl (RaftServerImpl.java:setRole(184)) - 3d3aac8b-d4d1-454d-bf0c-88a180692893@group-BAC069DAEF17: changes role from  FOLLOWER to FOLLOWER at term 359 for recognizeCandidate:4b487190-7547-40c7-b780-43c37a89e8eb
2019-10-18 07:54:45,678 [Thread-2523] INFO  impl.FollowerState (FollowerState.java:run(117)) - 6fa005cd-25d6-4e29-bda6-9462a060c098@group-BAC069DAEF17-FollowerState was interrupted: java.lang.InterruptedException: sleep interrupted
2019-10-18 07:54:45,678 [grpc-default-executor-2] INFO  impl.RoleInfo (RoleInfo.java:updateAndGet(143)) - 6fa005cd-25d6-4e29-bda6-9462a060c098: start FollowerState
2019-10-18 07:54:45,678 [grpc-default-executor-0] INFO  impl.RoleInfo (RoleInfo.java:shutdownFollowerState(121)) - 3d3aac8b-d4d1-454d-bf0c-88a180692893: shutdown FollowerState
2019-10-18 07:54:45,678 [grpc-default-executor-0] INFO  impl.RoleInfo (RoleInfo.java:updateAndGet(143)) - 3d3aac8b-d4d1-454d-bf0c-88a180692893: start FollowerState
2019-10-18 07:54:45,678 [Thread-2522] INFO  impl.FollowerState (FollowerState.java:run(117)) - 3d3aac8b-d4d1-454d-bf0c-88a180692893@group-BAC069DAEF17-FollowerState was interrupted: java.lang.InterruptedException: sleep interrupted
2019-10-18 07:54:45,692 [4b487190-7547-40c7-b780-43c37a89e8eb@group-BAC069DAEF17-LeaderElection337] INFO  impl.LeaderElection (LeaderElection.java:logAndReturn(56)) - 4b487190-7547-40c7-b780-43c37a89e8eb@group-BAC069DAEF17-LeaderElection337: Election REJECTED; received 2 response(s) [4b487190-7547-40c7-b780-43c37a89e8eb<-6fa005cd-25d6-4e29-bda6-9462a060c098#0:FAIL-t359, 4b487190-7547-40c7-b780-43c37a89e8eb<-3d3aac8b-d4d1-454d-bf0c-88a180692893#0:FAIL-t359] and 0 exception(s); 4b487190-7547-40c7-b780-43c37a89e8eb@group-BAC069DAEF17:t359, leader=null, voted=4b487190-7547-40c7-b780-43c37a89e8eb, raftlog=4b487190-7547-40c7-b780-43c37a89e8eb@group-BAC069DAEF17-SegmentedRaftLog:OPENED:c-1,f-1,i0, conf=-1: [6fa005cd-25d6-4e29-bda6-9462a060c098:192.168.69.67:36093, 4b487190-7547-40c7-b780-43c37a89e8eb:192.168.69.67:39683, 3d3aac8b-d4d1-454d-bf0c-88a180692893:192.168.69.67:34429], old=null
2019-10-18 07:54:45,693 [4b487190-7547-40c7-b780-43c37a89e8eb@group-BAC069DAEF17-LeaderElection337] INFO  impl.RaftServerImpl (RaftServerImpl.java:setRole(184)) - 4b487190-7547-40c7-b780-43c37a89e8eb@group-BAC069DAEF17: changes role from CANDIDATE to FOLLOWER at term 359 for DISCOVERED_A_NEW_TERM
2019-10-18 07:54:45,693 [4b487190-7547-40c7-b780-43c37a89e8eb@group-BAC069DAEF17-LeaderElection337] INFO  impl.RoleInfo (RoleInfo.java:shutdownLeaderElection(134)) - 4b487190-7547-40c7-b780-43c37a89e8eb: shutdown LeaderElection
2019-10-18 07:54:45,693 [4b487190-7547-40c7-b780-43c37a89e8eb@group-BAC069DAEF17-LeaderElection337] INFO  impl.RoleInfo (RoleInfo.java:updateAndGet(143)) - 4b487190-7547-40c7-b780-43c37a89e8eb: start FollowerState
2019-10-18 07:54:45,811 [Thread-2530] INFO  impl.FollowerState (FollowerState.java:run(108)) - 4b487190-7547-40c7-b780-43c37a89e8eb@group-BAC069DAEF17-FollowerState: change to CANDIDATE, lastRpcTime:118ms, electionTimeout:118ms
2019-10-18 07:54:45,812 [Thread-2530] INFO  impl.RoleInfo (RoleInfo.java:shutdownFollowerState(121)) - 4b487190-7547-40c7-b780-43c37a89e8eb: shutdown FollowerState
2019-10-18 07:54:45,812 [Thread-2530] INFO  impl.RaftServerImpl (RaftServerImpl.java:setRole(184)) - 4b487190-7547-40c7-b780-43c37a89e8eb@group-BAC069DAEF17: changes role from  FOLLOWER to CANDIDATE at term 359 for changeToCandidate
2019-10-18 07:54:45,812 [Thread-2530] INFO  impl.RoleInfo (RoleInfo.java:updateAndGet(143)) - 4b487190-7547-40c7-b780-43c37a89e8eb: start LeaderElection
2019-10-18 07:54:45,826 [4b487190-7547-40c7-b780-43c37a89e8eb@group-BAC069DAEF17-LeaderElection338] INFO  impl.LeaderElection (LeaderElection.java:askForVotes(178)) - 4b487190-7547-40c7-b780-43c37a89e8eb@group-BAC069DAEF17-LeaderElection338: begin an election at term 360 for -1: [6fa005cd-25d6-4e29-bda6-9462a060c098:192.168.69.67:36093, 4b487190-7547-40c7-b780-43c37a89e8eb:192.168.69.67:39683, 3d3aac8b-d4d1-454d-bf0c-88a180692893:192.168.69.67:34429], old=null
2019-10-18 07:54:45,829 [grpc-default-executor-0] INFO  impl.RaftServerImpl (RaftServerImpl.java:setRole(184)) - 6fa005cd-25d6-4e29-bda6-9462a060c098@group-BAC069DAEF17: changes role from  FOLLOWER to FOLLOWER at term 360 for recognizeCandidate:4b487190-7547-40c7-b780-43c37a89e8eb
2019-10-18 07:54:45,829 [grpc-default-executor-0] INFO  impl.RoleInfo (RoleInfo.java:shutdownFollowerState(121)) - 6fa005cd-25d6-4e29-bda6-9462a060c098: shutdown FollowerState
2019-10-18 07:54:45,829 [grpc-default-executor-0] INFO  impl.RoleInfo (RoleInfo.java:updateAndGet(143)) - 6fa005cd-25d6-4e29-bda6-9462a060c098: start FollowerState
2019-10-18 07:54:45,829 [grpc-default-executor-2] INFO  impl.RaftServerImpl (RaftServerImpl.java:setRole(184)) - 3d3aac8b-d4d1-454d-bf0c-88a180692893@group-BAC069DAEF17: changes role from  FOLLOWER to FOLLOWER at term 360 for recognizeCandidate:4b487190-7547-40c7-b780-43c37a89e8eb
2019-10-18 07:54:45,829 [grpc-default-executor-2] INFO  impl.RoleInfo (RoleInfo.java:shutdownFollowerState(121)) - 3d3aac8b-d4d1-454d-bf0c-88a180692893: shutdown FollowerState
2019-10-18 07:54:45,829 [Thread-2528] INFO  impl.FollowerState (FollowerState.java:run(117)) - 6fa005cd-25d6-4e29-bda6-9462a060c098@group-BAC069DAEF17-FollowerState was interrupted: java.lang.InterruptedException: sleep interrupted
2019-10-18 07:54:45,830 [Thread-2529] INFO  impl.FollowerState (FollowerState.java:run(117)) - 3d3aac8b-d4d1-454d-bf0c-88a180692893@group-BAC069DAEF17-FollowerState was interrupted: java.lang.InterruptedException: sleep interrupted
2019-10-18 07:54:45,830 [grpc-default-executor-2] INFO  impl.RoleInfo (RoleInfo.java:updateAndGet(143)) - 3d3aac8b-d4d1-454d-bf0c-88a180692893: start FollowerState
2019-10-18 07:54:45,844 [4b487190-7547-40c7-b780-43c37a89e8eb@group-BAC069DAEF17-LeaderElection338] INFO  impl.LeaderElection (LeaderElection.java:logAndReturn(56)) - 4b487190-7547-40c7-b780-43c37a89e8eb@group-BAC069DAEF17-LeaderElection338: Election REJECTED; received 2 response(s) [4b487190-7547-40c7-b780-43c37a89e8eb<-6fa005cd-25d6-4e29-bda6-9462a060c098#0:FAIL-t360, 4b487190-7547-40c7-b780-43c37a89e8eb<-3d3aac8b-d4d1-454d-bf0c-88a180692893#0:FAIL-t360] and 0 exception(s); 4b487190-7547-40c7-b780-43c37a89e8eb@group-BAC069DAEF17:t360, leader=null, voted=4b487190-7547-40c7-b780-43c37a89e8eb, raftlog=4b487190-7547-40c7-b780-43c37a89e8eb@group-BAC069DAEF17-SegmentedRaftLog:OPENED:c-1,f-1,i0, conf=-1: [6fa005cd-25d6-4e29-bda6-9462a060c098:192.168.69.67:36093, 4b487190-7547-40c7-b780-43c37a89e8eb:192.168.69.67:39683, 3d3aac8b-d4d1-454d-bf0c-88a180692893:192.168.69.67:34429], old=null
2019-10-18 07:54:45,844 [4b487190-7547-40c7-b780-43c37a89e8eb@group-BAC069DAEF17-LeaderElection338] INFO  impl.RaftServerImpl (RaftServerImpl.java:setRole(184)) - 4b487190-7547-40c7-b780-43c37a89e8eb@group-BAC069DAEF17: changes role from CANDIDATE to FOLLOWER at term 360 for DISCOVERED_A_NEW_TERM
2019-10-18 07:54:45,844 [4b487190-7547-40c7-b780-43c37a89e8eb@group-BAC069DAEF17-LeaderElection338] INFO  impl.RoleInfo (RoleInfo.java:shutdownLeaderElection(134)) - 4b487190-7547-40c7-b780-43c37a89e8eb: shutdown LeaderElection
2019-10-18 07:54:45,844 [4b487190-7547-40c7-b780-43c37a89e8eb@group-BAC069DAEF17-LeaderElection338] INFO  impl.RoleInfo (RoleInfo.java:updateAndGet(143)) - 4b487190-7547-40c7-b780-43c37a89e8eb: start FollowerState
2019-10-18 07:54:45,881 [Thread-2536] INFO  impl.FollowerState (FollowerState.java:run(108)) - 4b487190-7547-40c7-b780-43c37a89e8eb@group-BAC069DAEF17-FollowerState: change to CANDIDATE, lastRpcTime:37ms, electionTimeout:37ms
2019-10-18 07:54:45,882 [Thread-2536] INFO  impl.RoleInfo (RoleInfo.java:shutdownFollowerState(121)) - 4b487190-7547-40c7-b780-43c37a89e8eb: shutdown FollowerState
2019-10-18 07:54:45,882 [Thread-2536] INFO  impl.RaftServerImpl (RaftServerImpl.java:setRole(184)) - 4b487190-7547-40c7-b780-43c37a89e8eb@group-BAC069DAEF17: changes role from  FOLLOWER to CANDIDATE at term 360 for changeToCandidate
2019-10-18 07:54:45,882 [Thread-2536] INFO  impl.RoleInfo (RoleInfo.java:updateAndGet(143)) - 4b487190-7547-40c7-b780-43c37a89e8eb: start LeaderElection
2019-10-18 07:54:45,895 [4b487190-7547-40c7-b780-43c37a89e8eb@group-BAC069DAEF17-LeaderElection339] INFO  impl.LeaderElection (LeaderElection.java:askForVotes(178)) - 4b487190-7547-40c7-b780-43c37a89e8eb@group-BAC069DAEF17-LeaderElection339: begin an election at term 361 for -1: [6fa005cd-25d6-4e29-bda6-9462a060c098:192.168.69.67:36093, 4b487190-7547-40c7-b780-43c37a89e8eb:192.168.69.67:39683, 3d3aac8b-d4d1-454d-bf0c-88a180692893:192.168.69.67:34429], old=null
2019-10-18 07:54:45,897 [grpc-default-executor-0] INFO  impl.RaftServerImpl (RaftServerImpl.java:setRole(184)) - 6fa005cd-25d6-4e29-bda6-9462a060c098@group-BAC069DAEF17: changes role from  FOLLOWER to FOLLOWER at term 361 for recognizeCandidate:4b487190-7547-40c7-b780-43c37a89e8eb
2019-10-18 07:54:45,898 [grpc-default-executor-0] INFO  impl.RoleInfo (RoleInfo.java:shutdownFollowerState(121)) - 6fa005cd-25d6-4e29-bda6-9462a060c098: shutdown FollowerState
2019-10-18 07:54:45,898 [grpc-default-executor-2] INFO  impl.RaftServerImpl (RaftServerImpl.java:setRole(184)) - 3d3aac8b-d4d1-454d-bf0c-88a180692893@group-BAC069DAEF17: changes role from  FOLLOWER to FOLLOWER at term 361 for recognizeCandidate:4b487190-7547-40c7-b780-43c37a89e8eb
2019-10-18 07:54:45,898 [grpc-default-executor-2] INFO  impl.RoleInfo (RoleInfo.java:shutdownFollowerState(121)) - 3d3aac8b-d4d1-454d-bf0c-88a180692893: shutdown FollowerState
2019-10-18 07:54:45,898 [grpc-default-executor-0] INFO  impl.RoleInfo (RoleInfo.java:updateAndGet(143)) - 6fa005cd-25d6-4e29-bda6-9462a060c098: start FollowerState
2019-10-18 07:54:45,898 [Thread-2534] INFO  impl.FollowerState (FollowerState.java:run(117)) - 6fa005cd-25d6-4e29-bda6-9462a060c098@group-BAC069DAEF17-FollowerState was interrupted: java.lang.InterruptedException: sleep interrupted
2019-10-18 07:54:45,898 [Thread-2535] INFO  impl.FollowerState (FollowerState.java:run(117)) - 3d3aac8b-d4d1-454d-bf0c-88a180692893@group-BAC069DAEF17-FollowerState was interrupted: java.lang.InterruptedException: sleep interrupted
2019-10-18 07:54:45,898 [grpc-default-executor-2] INFO  impl.RoleInfo (RoleInfo.java:updateAndGet(143)) - 3d3aac8b-d4d1-454d-bf0c-88a180692893: start FollowerState
2019-10-18 07:54:45,912 [4b487190-7547-40c7-b780-43c37a89e8eb@group-BAC069DAEF17-LeaderElection339] INFO  impl.LeaderElection (LeaderElection.java:logAndReturn(56)) - 4b487190-7547-40c7-b780-43c37a89e8eb@group-BAC069DAEF17-LeaderElection339: Election REJECTED; received 2 response(s) [4b487190-7547-40c7-b780-43c37a89e8eb<-6fa005cd-25d6-4e29-bda6-9462a060c098#0:FAIL-t361, 4b487190-7547-40c7-b780-43c37a89e8eb<-3d3aac8b-d4d1-454d-bf0c-88a180692893#0:FAIL-t361] and 0 exception(s); 4b487190-7547-40c7-b780-43c37a89e8eb@group-BAC069DAEF17:t361, leader=null, voted=4b487190-7547-40c7-b780-43c37a89e8eb, raftlog=4b487190-7547-40c7-b780-43c37a89e8eb@group-BAC069DAEF17-SegmentedRaftLog:OPENED:c-1,f-1,i0, conf=-1: [6fa005cd-25d6-4e29-bda6-9462a060c098:192.168.69.67:36093, 4b487190-7547-40c7-b780-43c37a89e8eb:192.168.69.67:39683, 3d3aac8b-d4d1-454d-bf0c-88a180692893:192.168.69.67:34429], old=null
2019-10-18 07:54:45,912 [4b487190-7547-40c7-b780-43c37a89e8eb@group-BAC069DAEF17-LeaderElection339] INFO  impl.RaftServerImpl (RaftServerImpl.java:setRole(184)) - 4b487190-7547-40c7-b780-43c37a89e8eb@group-BAC069DAEF17: changes role from CANDIDATE to FOLLOWER at term 361 for DISCOVERED_A_NEW_TERM
2019-10-18 07:54:45,912 [4b487190-7547-40c7-b780-43c37a89e8eb@group-BAC069DAEF17-LeaderElection339] INFO  impl.RoleInfo (RoleInfo.java:shutdownLeaderElection(134)) - 4b487190-7547-40c7-b780-43c37a89e8eb: shutdown LeaderElection
2019-10-18 07:54:45,913 [4b487190-7547-40c7-b780-43c37a89e8eb@group-BAC069DAEF17-LeaderElection339] INFO  impl.RoleInfo (RoleInfo.java:updateAndGet(143)) - 4b487190-7547-40c7-b780-43c37a89e8eb: start FollowerState
2019-10-18 07:54:45,924 [Thread-2542] INFO  impl.FollowerState (FollowerState.java:run(108)) - 4b487190-7547-40c7-b780-43c37a89e8eb@group-BAC069DAEF17-FollowerState: change to CANDIDATE, lastRpcTime:11ms, electionTimeout:11ms
2019-10-18 07:54:45,924 [Thread-2542] INFO  impl.RoleInfo (RoleInfo.java:shutdownFollowerState(121)) - 4b487190-7547-40c7-b780-43c37a89e8eb: shutdown FollowerState
2019-10-18 07:54:45,924 [Thread-2542] INFO  impl.RaftServerImpl (RaftServerImpl.java:setRole(184)) - 4b487190-7547-40c7-b780-43c37a89e8eb@group-BAC069DAEF17: changes role from  FOLLOWER to CANDIDATE at term 361 for changeToCandidate
2019-10-18 07:54:45,925 [Thread-2542] INFO  impl.RoleInfo (RoleInfo.java:updateAndGet(143)) - 4b487190-7547-40c7-b780-43c37a89e8eb: start LeaderElection
2019-10-18 07:54:45,946 [4b487190-7547-40c7-b780-43c37a89e8eb@group-BAC069DAEF17-LeaderElection340] INFO  impl.LeaderElection (LeaderElection.java:askForVotes(178)) - 4b487190-7547-40c7-b780-43c37a89e8eb@group-BAC069DAEF17-LeaderElection340: begin an election at term 362 for -1: [6fa005cd-25d6-4e29-bda6-9462a060c098:192.168.69.67:36093, 4b487190-7547-40c7-b780-43c37a89e8eb:192.168.69.67:39683, 3d3aac8b-d4d1-454d-bf0c-88a180692893:192.168.69.67:34429], old=null
2019-10-18 07:54:45,948 [grpc-default-executor-2] INFO  impl.RaftServerImpl (RaftServerImpl.java:setRole(184)) - 6fa005cd-25d6-4e29-bda6-9462a060c098@group-BAC069DAEF17: changes role from  FOLLOWER to FOLLOWER at term 362 for recognizeCandidate:4b487190-7547-40c7-b780-43c37a89e8eb
2019-10-18 07:54:45,948 [grpc-default-executor-2] INFO  impl.RoleInfo (RoleInfo.java:shutdownFollowerState(121)) - 6fa005cd-25d6-4e29-bda6-9462a060c098: shutdown FollowerState
2019-10-18 07:54:45,948 [grpc-default-executor-2] INFO  impl.RoleInfo (RoleInfo.java:updateAndGet(143)) - 6fa005cd-25d6-4e29-bda6-9462a060c098: start FollowerState
2019-10-18 07:54:45,948 [Thread-2540] INFO  impl.FollowerState (FollowerState.java:run(117)) - 6fa005cd-25d6-4e29-bda6-9462a060c098@group-BAC069DAEF17-FollowerState was interrupted: java.lang.InterruptedException: sleep interrupted
2019-10-18 07:54:45,949 [grpc-default-executor-0] INFO  impl.RaftServerImpl (RaftServerImpl.java:setRole(184)) - 3d3aac8b-d4d1-454d-bf0c-88a180692893@group-BAC069DAEF17: changes role from  FOLLOWER to FOLLOWER at term 362 for recognizeCandidate:4b487190-7547-40c7-b780-43c37a89e8eb
2019-10-18 07:54:45,949 [grpc-default-executor-0] INFO  impl.RoleInfo (RoleInfo.java:shutdownFollowerState(121)) - 3d3aac8b-d4d1-454d-bf0c-88a180692893: shutdown FollowerState
2019-10-18 07:54:45,949 [grpc-default-executor-0] INFO  impl.RoleInfo (RoleInfo.java:updateAndGet(143)) - 3d3aac8b-d4d1-454d-bf0c-88a180692893: start FollowerState
2019-10-18 07:54:45,949 [Thread-2541] INFO  impl.FollowerState (FollowerState.java:run(117)) - 3d3aac8b-d4d1-454d-bf0c-88a180692893@group-BAC069DAEF17-FollowerState was interrupted: java.lang.InterruptedException: sleep interrupted
2019-10-18 07:54:45,964 [4b487190-7547-40c7-b780-43c37a89e8eb@group-BAC069DAEF17-LeaderElection340] INFO  impl.LeaderElection (LeaderElection.java:logAndReturn(56)) - 4b487190-7547-40c7-b780-43c37a89e8eb@group-BAC069DAEF17-LeaderElection340: Election REJECTED; received 2 response(s) [4b487190-7547-40c7-b780-43c37a89e8eb<-6fa005cd-25d6-4e29-bda6-9462a060c098#0:FAIL-t362, 4b487190-7547-40c7-b780-43c37a89e8eb<-3d3aac8b-d4d1-454d-bf0c-88a180692893#0:FAIL-t362] and 0 exception(s); 4b487190-7547-40c7-b780-43c37a89e8eb@group-BAC069DAEF17:t362, leader=null, voted=4b487190-7547-40c7-b780-43c37a89e8eb, raftlog=4b487190-7547-40c7-b780-43c37a89e8eb@group-BAC069DAEF17-SegmentedRaftLog:OPENED:c-1,f-1,i0, conf=-1: [6fa005cd-25d6-4e29-bda6-9462a060c098:192.168.69.67:36093, 4b487190-7547-40c7-b780-43c37a89e8eb:192.168.69.67:39683, 3d3aac8b-d4d1-454d-bf0c-88a180692893:192.168.69.67:34429], old=null
2019-10-18 07:54:45,964 [4b487190-7547-40c7-b780-43c37a89e8eb@group-BAC069DAEF17-LeaderElection340] INFO  impl.RaftServerImpl (RaftServerImpl.java:setRole(184)) - 4b487190-7547-40c7-b780-43c37a89e8eb@group-BAC069DAEF17: changes role from CANDIDATE to FOLLOWER at term 362 for DISCOVERED_A_NEW_TERM
2019-10-18 07:54:45,964 [4b487190-7547-40c7-b780-43c37a89e8eb@group-BAC069DAEF17-LeaderElection340] INFO  impl.RoleInfo (RoleInfo.java:shutdownLeaderElection(134)) - 4b487190-7547-40c7-b780-43c37a89e8eb: shutdown LeaderElection
2019-10-18 07:54:45,964 [4b487190-7547-40c7-b780-43c37a89e8eb@group-BAC069DAEF17-LeaderElection340] INFO  impl.RoleInfo (RoleInfo.java:updateAndGet(143)) - 4b487190-7547-40c7-b780-43c37a89e8eb: start FollowerState
2019-10-18 07:54:46,037 [Thread-2548] INFO  impl.FollowerState (FollowerState.java:run(108)) - 4b487190-7547-40c7-b780-43c37a89e8eb@group-BAC069DAEF17-FollowerState: change to CANDIDATE, lastRpcTime:72ms, electionTimeout:72ms
2019-10-18 07:54:46,037 [Thread-2548] INFO  impl.RoleInfo (RoleInfo.java:shutdownFollowerState(121)) - 4b487190-7547-40c7-b780-43c37a89e8eb: shutdown FollowerState
2019-10-18 07:54:46,037 [Thread-2548] INFO  impl.RaftServerImpl (RaftServerImpl.java:setRole(184)) - 4b487190-7547-40c7-b780-43c37a89e8eb@group-BAC069DAEF17: changes role from  FOLLOWER to CANDIDATE at term 362 for changeToCandidate
2019-10-18 07:54:46,038 [Thread-2548] INFO  impl.RoleInfo (RoleInfo.java:updateAndGet(143)) - 4b487190-7547-40c7-b780-43c37a89e8eb: start LeaderElection
2019-10-18 07:54:46,051 [4b487190-7547-40c7-b780-43c37a89e8eb@group-BAC069DAEF17-LeaderElection341] INFO  impl.LeaderElection (LeaderElection.java:askForVotes(178)) - 4b487190-7547-40c7-b780-43c37a89e8eb@group-BAC069DAEF17-LeaderElection341: begin an election at term 363 for -1: [6fa005cd-25d6-4e29-bda6-9462a060c098:192.168.69.67:36093, 4b487190-7547-40c7-b780-43c37a89e8eb:192.168.69.67:39683, 3d3aac8b-d4d1-454d-bf0c-88a180692893:192.168.69.67:34429], old=null
2019-10-18 07:54:46,054 [grpc-default-executor-2] INFO  impl.RaftServerImpl (RaftServerImpl.java:setRole(184)) - 6fa005cd-25d6-4e29-bda6-9462a060c098@group-BAC069DAEF17: changes role from  FOLLOWER to FOLLOWER at term 363 for recognizeCandidate:4b487190-7547-40c7-b780-43c37a89e8eb
2019-10-18 07:54:46,054 [grpc-default-executor-2] INFO  impl.RoleInfo (RoleInfo.java:shutdownFollowerState(121)) - 6fa005cd-25d6-4e29-bda6-9462a060c098: shutdown FollowerState
2019-10-18 07:54:46,054 [grpc-default-executor-2] INFO  impl.RoleInfo (RoleInfo.java:updateAndGet(143)) - 6fa005cd-25d6-4e29-bda6-9462a060c098: start FollowerState
2019-10-18 07:54:46,054 [grpc-default-executor-0] INFO  impl.RaftServerImpl (RaftServerImpl.java:setRole(184)) - 3d3aac8b-d4d1-454d-bf0c-88a180692893@group-BAC069DAEF17: changes role from  FOLLOWER to FOLLOWER at term 363 for recognizeCandidate:4b487190-7547-40c7-b780-43c37a89e8eb
2019-10-18 07:54:46,054 [Thread-2546] INFO  impl.FollowerState (FollowerState.java:run(117)) - 6fa005cd-25d6-4e29-bda6-9462a060c098@group-BAC069DAEF17-FollowerState was interrupted: java.lang.InterruptedException: sleep interrupted
2019-10-18 07:54:46,054 [grpc-default-executor-0] INFO  impl.RoleInfo (RoleInfo.java:shutdownFollowerState(121)) - 3d3aac8b-d4d1-454d-bf0c-88a180692893: shutdown FollowerState
2019-10-18 07:54:46,055 [grpc-default-executor-0] INFO  impl.RoleInfo (RoleInfo.java:updateAndGet(143)) - 3d3aac8b-d4d1-454d-bf0c-88a180692893: start FollowerState
2019-10-18 07:54:46,055 [Thread-2547] INFO  impl.FollowerState (FollowerState.java:run(117)) - 3d3aac8b-d4d1-454d-bf0c-88a180692893@group-BAC069DAEF17-FollowerState was interrupted: java.lang.InterruptedException: sleep interrupted
2019-10-18 07:54:46,069 [4b487190-7547-40c7-b780-43c37a89e8eb@group-BAC069DAEF17-LeaderElection341] INFO  impl.LeaderElection (LeaderElection.java:logAndReturn(56)) - 4b487190-7547-40c7-b780-43c37a89e8eb@group-BAC069DAEF17-LeaderElection341: Election REJECTED; received 2 response(s) [4b487190-7547-40c7-b780-43c37a89e8eb<-6fa005cd-25d6-4e29-bda6-9462a060c098#0:FAIL-t363, 4b487190-7547-40c7-b780-43c37a89e8eb<-3d3aac8b-d4d1-454d-bf0c-88a180692893#0:FAIL-t363] and 0 exception(s); 4b487190-7547-40c7-b780-43c37a89e8eb@group-BAC069DAEF17:t363, leader=null, voted=4b487190-7547-40c7-b780-43c37a89e8eb, raftlog=4b487190-7547-40c7-b780-43c37a89e8eb@group-BAC069DAEF17-SegmentedRaftLog:OPENED:c-1,f-1,i0, conf=-1: [6fa005cd-25d6-4e29-bda6-9462a060c098:192.168.69.67:36093, 4b487190-7547-40c7-b780-43c37a89e8eb:192.168.69.67:39683, 3d3aac8b-d4d1-454d-bf0c-88a180692893:192.168.69.67:34429], old=null
2019-10-18 07:54:46,069 [4b487190-7547-40c7-b780-43c37a89e8eb@group-BAC069DAEF17-LeaderElection341] INFO  impl.RaftServerImpl (RaftServerImpl.java:setRole(184)) - 4b487190-7547-40c7-b780-43c37a89e8eb@group-BAC069DAEF17: changes role from CANDIDATE to FOLLOWER at term 363 for DISCOVERED_A_NEW_TERM
2019-10-18 07:54:46,069 [4b487190-7547-40c7-b780-43c37a89e8eb@group-BAC069DAEF17-LeaderElection341] INFO  impl.RoleInfo (RoleInfo.java:shutdownLeaderElection(134)) - 4b487190-7547-40c7-b780-43c37a89e8eb: shutdown LeaderElection
2019-10-18 07:54:46,069 [4b487190-7547-40c7-b780-43c37a89e8eb@group-BAC069DAEF17-LeaderElection341] INFO  impl.RoleInfo (RoleInfo.java:updateAndGet(143)) - 4b487190-7547-40c7-b780-43c37a89e8eb: start FollowerState
2019-10-18 07:54:46,146 [Thread-2554] INFO  impl.FollowerState (FollowerState.java:run(108)) - 4b487190-7547-40c7-b780-43c37a89e8eb@group-BAC069DAEF17-FollowerState: change to CANDIDATE, lastRpcTime:76ms, electionTimeout:76ms
2019-10-18 07:54:46,146 [Thread-2554] INFO  impl.RoleInfo (RoleInfo.java:shutdownFollowerState(121)) - 4b487190-7547-40c7-b780-43c37a89e8eb: shutdown FollowerState
2019-10-18 07:54:46,146 [Thread-2554] INFO  impl.RaftServerImpl (RaftServerImpl.java:setRole(184)) - 4b487190-7547-40c7-b780-43c37a89e8eb@group-BAC069DAEF17: changes role from  FOLLOWER to CANDIDATE at term 363 for changeToCandidate
2019-10-18 07:54:46,146 [Thread-2554] INFO  impl.RoleInfo (RoleInfo.java:updateAndGet(143)) - 4b487190-7547-40c7-b780-43c37a89e8eb: start LeaderElection
2019-10-18 07:54:46,160 [4b487190-7547-40c7-b780-43c37a89e8eb@group-BAC069DAEF17-LeaderElection342] INFO  impl.LeaderElection (LeaderElection.java:askForVotes(178)) - 4b487190-7547-40c7-b780-43c37a89e8eb@group-BAC069DAEF17-LeaderElection342: begin an election at term 364 for -1: [6fa005cd-25d6-4e29-bda6-9462a060c098:192.168.69.67:36093, 4b487190-7547-40c7-b780-43c37a89e8eb:192.168.69.67:39683, 3d3aac8b-d4d1-454d-bf0c-88a180692893:192.168.69.67:34429], old=null
2019-10-18 07:54:46,162 [grpc-default-executor-0] INFO  impl.RaftServerImpl (RaftServerImpl.java:setRole(184)) - 6fa005cd-25d6-4e29-bda6-9462a060c098@group-BAC069DAEF17: changes role from  FOLLOWER to FOLLOWER at term 364 for recognizeCandidate:4b487190-7547-40c7-b780-43c37a89e8eb
2019-10-18 07:54:46,162 [grpc-default-executor-0] INFO  impl.RoleInfo (RoleInfo.java:shutdownFollowerState(121)) - 6fa005cd-25d6-4e29-bda6-9462a060c098: shutdown FollowerState
2019-10-18 07:54:46,162 [grpc-default-executor-2] INFO  impl.RaftServerImpl (RaftServerImpl.java:setRole(184)) - 3d3aac8b-d4d1-454d-bf0c-88a180692893@group-BAC069DAEF17: changes role from  FOLLOWER to FOLLOWER at term 364 for recognizeCandidate:4b487190-7547-40c7-b780-43c37a89e8eb
2019-10-18 07:54:46,162 [grpc-default-executor-2] INFO  impl.RoleInfo (RoleInfo.java:shutdownFollowerState(121)) - 3d3aac8b-d4d1-454d-bf0c-88a180692893: shutdown FollowerState
2019-10-18 07:54:46,162 [Thread-2552] INFO  impl.FollowerState (FollowerState.java:run(117)) - 6fa005cd-25d6-4e29-bda6-9462a060c098@group-BAC069DAEF17-FollowerState was interrupted: java.lang.InterruptedException: sleep interrupted
2019-10-18 07:54:46,162 [grpc-default-executor-0] INFO  impl.RoleInfo (RoleInfo.java:updateAndGet(143)) - 6fa005cd-25d6-4e29-bda6-9462a060c098: start FollowerState
2019-10-18 07:54:46,162 [grpc-default-executor-2] INFO  impl.RoleInfo (RoleInfo.java:updateAndGet(143)) - 3d3aac8b-d4d1-454d-bf0c-88a180692893: start FollowerState
2019-10-18 07:54:46,162 [Thread-2553] INFO  impl.FollowerState (FollowerState.java:run(117)) - 3d3aac8b-d4d1-454d-bf0c-88a180692893@group-BAC069DAEF17-FollowerState was interrupted: java.lang.InterruptedException: sleep interrupted
2019-10-18 07:54:46,182 [4b487190-7547-40c7-b780-43c37a89e8eb@group-BAC069DAEF17-LeaderElection342] INFO  impl.LeaderElection (LeaderElection.java:logAndReturn(56)) - 4b487190-7547-40c7-b780-43c37a89e8eb@group-BAC069DAEF17-LeaderElection342: Election REJECTED; received 2 response(s) [4b487190-7547-40c7-b780-43c37a89e8eb<-6fa005cd-25d6-4e29-bda6-9462a060c098#0:FAIL-t364, 4b487190-7547-40c7-b780-43c37a89e8eb<-3d3aac8b-d4d1-454d-bf0c-88a180692893#0:FAIL-t364] and 0 exception(s); 4b487190-7547-40c7-b780-43c37a89e8eb@group-BAC069DAEF17:t364, leader=null, voted=4b487190-7547-40c7-b780-43c37a89e8eb, raftlog=4b487190-7547-40c7-b780-43c37a89e8eb@group-BAC069DAEF17-SegmentedRaftLog:OPENED:c-1,f-1,i0, conf=-1: [6fa005cd-25d6-4e29-bda6-9462a060c098:192.168.69.67:36093, 4b487190-7547-40c7-b780-43c37a89e8eb:192.168.69.67:39683, 3d3aac8b-d4d1-454d-bf0c-88a180692893:192.168.69.67:34429], old=null
2019-10-18 07:54:46,183 [4b487190-7547-40c7-b780-43c37a89e8eb@group-BAC069DAEF17-LeaderElection342] INFO  impl.RaftServerImpl (RaftServerImpl.java:setRole(184)) - 4b487190-7547-40c7-b780-43c37a89e8eb@group-BAC069DAEF17: changes role from CANDIDATE to FOLLOWER at term 364 for DISCOVERED_A_NEW_TERM
2019-10-18 07:54:46,183 [4b487190-7547-40c7-b780-43c37a89e8eb@group-BAC069DAEF17-LeaderElection342] INFO  impl.RoleInfo (RoleInfo.java:shutdownLeaderElection(134)) - 4b487190-7547-40c7-b780-43c37a89e8eb: shutdown LeaderElection
2019-10-18 07:54:46,183 [4b487190-7547-40c7-b780-43c37a89e8eb@group-BAC069DAEF17-LeaderElection342] INFO  impl.RoleInfo (RoleInfo.java:updateAndGet(143)) - 4b487190-7547-40c7-b780-43c37a89e8eb: start FollowerState
2019-10-18 07:54:46,194 [Thread-2560] INFO  impl.FollowerState (FollowerState.java:run(108)) - 4b487190-7547-40c7-b780-43c37a89e8eb@group-BAC069DAEF17-FollowerState: change to CANDIDATE, lastRpcTime:11ms, electionTimeout:11ms
2019-10-18 07:54:46,195 [Thread-2560] INFO  impl.RoleInfo (RoleInfo.java:shutdownFollowerState(121)) - 4b487190-7547-40c7-b780-43c37a89e8eb: shutdown FollowerState
2019-10-18 07:54:46,195 [Thread-2560] INFO  impl.RaftServerImpl (RaftServerImpl.java:setRole(184)) - 4b487190-7547-40c7-b780-43c37a89e8eb@group-BAC069DAEF17: changes role from  FOLLOWER to CANDIDATE at term 364 for changeToCandidate
2019-10-18 07:54:46,195 [Thread-2560] INFO  impl.RoleInfo (RoleInfo.java:updateAndGet(143)) - 4b487190-7547-40c7-b780-43c37a89e8eb: start LeaderElection
2019-10-18 07:54:46,220 [4b487190-7547-40c7-b780-43c37a89e8eb@group-BAC069DAEF17-LeaderElection343] INFO  impl.LeaderElection (LeaderElection.java:askForVotes(178)) - 4b487190-7547-40c7-b780-43c37a89e8eb@group-BAC069DAEF17-LeaderElection343: begin an election at term 365 for -1: [6fa005cd-25d6-4e29-bda6-9462a060c098:192.168.69.67:36093, 4b487190-7547-40c7-b780-43c37a89e8eb:192.168.69.67:39683, 3d3aac8b-d4d1-454d-bf0c-88a180692893:192.168.69.67:34429], old=null
2019-10-18 07:54:46,221 [grpc-default-executor-2] INFO  impl.RaftServerImpl (RaftServerImpl.java:setRole(184)) - 3d3aac8b-d4d1-454d-bf0c-88a180692893@group-BAC069DAEF17: changes role from  FOLLOWER to FOLLOWER at term 365 for recognizeCandidate:4b487190-7547-40c7-b780-43c37a89e8eb
2019-10-18 07:54:46,221 [grpc-default-executor-0] INFO  impl.RaftServerImpl (RaftServerImpl.java:setRole(184)) - 6fa005cd-25d6-4e29-bda6-9462a060c098@group-BAC069DAEF17: changes role from  FOLLOWER to FOLLOWER at term 365 for recognizeCandidate:4b487190-7547-40c7-b780-43c37a89e8eb
2019-10-18 07:54:46,221 [grpc-default-executor-2] INFO  impl.RoleInfo (RoleInfo.java:shutdownFollowerState(121)) - 3d3aac8b-d4d1-454d-bf0c-88a180692893: shutdown FollowerState
2019-10-18 07:54:46,222 [grpc-default-executor-0] INFO  impl.RoleInfo (RoleInfo.java:shutdownFollowerState(121)) - 6fa005cd-25d6-4e29-bda6-9462a060c098: shutdown FollowerState
2019-10-18 07:54:46,222 [Thread-2559] INFO  impl.FollowerState (FollowerState.java:run(117)) - 3d3aac8b-d4d1-454d-bf0c-88a180692893@group-BAC069DAEF17-FollowerState was interrupted: java.lang.InterruptedException: sleep interrupted
2019-10-18 07:54:46,222 [grpc-default-executor-2] INFO  impl.RoleInfo (RoleInfo.java:updateAndGet(143)) - 3d3aac8b-d4d1-454d-bf0c-88a180692893: start FollowerState
2019-10-18 07:54:46,222 [Thread-2558] INFO  impl.FollowerState (FollowerState.java:run(117)) - 6fa005cd-25d6-4e29-bda6-9462a060c098@group-BAC069DAEF17-FollowerState was interrupted: java.lang.InterruptedException: sleep interrupted
2019-10-18 07:54:46,222 [grpc-default-executor-0] INFO  impl.RoleInfo (RoleInfo.java:updateAndGet(143)) - 6fa005cd-25d6-4e29-bda6-9462a060c098: start FollowerState
2019-10-18 07:54:46,238 [4b487190-7547-40c7-b780-43c37a89e8eb@group-BAC069DAEF17-LeaderElection343] INFO  impl.LeaderElection (LeaderElection.java:logAndReturn(56)) - 4b487190-7547-40c7-b780-43c37a89e8eb@group-BAC069DAEF17-LeaderElection343: Election REJECTED; received 2 response(s) [4b487190-7547-40c7-b780-43c37a89e8eb<-6fa005cd-25d6-4e29-bda6-9462a060c098#0:FAIL-t365, 4b487190-7547-40c7-b780-43c37a89e8eb<-3d3aac8b-d4d1-454d-bf0c-88a180692893#0:FAIL-t365] and 0 exception(s); 4b487190-7547-40c7-b780-43c37a89e8eb@group-BAC069DAEF17:t365, leader=null, voted=4b487190-7547-40c7-b780-43c37a89e8eb, raftlog=4b487190-7547-40c7-b780-43c37a89e8eb@group-BAC069DAEF17-SegmentedRaftLog:OPENED:c-1,f-1,i0, conf=-1: [6fa005cd-25d6-4e29-bda6-9462a060c098:192.168.69.67:36093, 4b487190-7547-40c7-b780-43c37a89e8eb:192.168.69.67:39683, 3d3aac8b-d4d1-454d-bf0c-88a180692893:192.168.69.67:34429], old=null
2019-10-18 07:54:46,238 [4b487190-7547-40c7-b780-43c37a89e8eb@group-BAC069DAEF17-LeaderElection343] INFO  impl.RaftServerImpl (RaftServerImpl.java:setRole(184)) - 4b487190-7547-40c7-b780-43c37a89e8eb@group-BAC069DAEF17: changes role from CANDIDATE to FOLLOWER at term 365 for DISCOVERED_A_NEW_TERM
2019-10-18 07:54:46,238 [4b487190-7547-40c7-b780-43c37a89e8eb@group-BAC069DAEF17-LeaderElection343] INFO  impl.RoleInfo (RoleInfo.java:shutdownLeaderElection(134)) - 4b487190-7547-40c7-b780-43c37a89e8eb: shutdown LeaderElection
2019-10-18 07:54:46,238 [4b487190-7547-40c7-b780-43c37a89e8eb@group-BAC069DAEF17-LeaderElection343] INFO  impl.RoleInfo (RoleInfo.java:updateAndGet(143)) - 4b487190-7547-40c7-b780-43c37a89e8eb: start FollowerState
2019-10-18 07:54:46,344 [Thread-2566] INFO  impl.FollowerState (FollowerState.java:run(108)) - 4b487190-7547-40c7-b780-43c37a89e8eb@group-BAC069DAEF17-FollowerState: change to CANDIDATE, lastRpcTime:106ms, electionTimeout:106ms
2019-10-18 07:54:46,345 [Thread-2566] INFO  impl.RoleInfo (RoleInfo.java:shutdownFollowerState(121)) - 4b487190-7547-40c7-b780-43c37a89e8eb: shutdown FollowerState
2019-10-18 07:54:46,345 [Thread-2566] INFO  impl.RaftServerImpl (RaftServerImpl.java:setRole(184)) - 4b487190-7547-40c7-b780-43c37a89e8eb@group-BAC069DAEF17: changes role from  FOLLOWER to CANDIDATE at term 365 for changeToCandidate
2019-10-18 07:54:46,345 [Thread-2566] INFO  impl.RoleInfo (RoleInfo.java:updateAndGet(143)) - 4b487190-7547-40c7-b780-43c37a89e8eb: start LeaderElection
2019-10-18 07:54:46,371 [4b487190-7547-40c7-b780-43c37a89e8eb@group-BAC069DAEF17-LeaderElection344] INFO  impl.LeaderElection (LeaderElection.java:askForVotes(178)) - 4b487190-7547-40c7-b780-43c37a89e8eb@group-BAC069DAEF17-LeaderElection344: begin an election at term 366 for -1: [6fa005cd-25d6-4e29-bda6-9462a060c098:192.168.69.67:36093, 4b487190-7547-40c7-b780-43c37a89e8eb:192.168.69.67:39683, 3d3aac8b-d4d1-454d-bf0c-88a180692893:192.168.69.67:34429], old=null
2019-10-18 07:54:46,373 [grpc-default-executor-2] INFO  impl.RaftServerImpl (RaftServerImpl.java:setRole(184)) - 6fa005cd-25d6-4e29-bda6-9462a060c098@group-BAC069DAEF17: changes role from  FOLLOWER to FOLLOWER at term 366 for recognizeCandidate:4b487190-7547-40c7-b780-43c37a89e8eb
2019-10-18 07:54:46,373 [grpc-default-executor-2] INFO  impl.RoleInfo (RoleInfo.java:shutdownFollowerState(121)) - 6fa005cd-25d6-4e29-bda6-9462a060c098: shutdown FollowerState
2019-10-18 07:54:46,373 [grpc-default-executor-0] INFO  impl.RaftServerImpl (RaftServerImpl.java:setRole(184)) - 3d3aac8b-d4d1-454d-bf0c-88a180692893@group-BAC069DAEF17: changes role from  FOLLOWER to FOLLOWER at term 366 for recognizeCandidate:4b487190-7547-40c7-b780-43c37a89e8eb
2019-10-18 07:54:46,373 [grpc-default-executor-0] INFO  impl.RoleInfo (RoleInfo.java:shutdownFollowerState(121)) - 3d3aac8b-d4d1-454d-bf0c-88a180692893: shutdown FollowerState
2019-10-18 07:54:46,373 [Thread-2565] INFO  impl.FollowerState (FollowerState.java:run(117)) - 6fa005cd-25d6-4e29-bda6-9462a060c098@group-BAC069DAEF17-FollowerState was interrupted: java.lang.InterruptedException: sleep interrupted
2019-10-18 07:54:46,373 [grpc-default-executor-2] INFO  impl.RoleInfo (RoleInfo.java:updateAndGet(143)) - 6fa005cd-25d6-4e29-bda6-9462a060c098: start FollowerState
2019-10-18 07:54:46,373 [Thread-2564] INFO  impl.FollowerState (FollowerState.java:run(117)) - 3d3aac8b-d4d1-454d-bf0c-88a180692893@group-BAC069DAEF17-FollowerState was interrupted: java.lang.InterruptedException: sleep interrupted
2019-10-18 07:54:46,373 [grpc-default-executor-0] INFO  impl.RoleInfo (RoleInfo.java:updateAndGet(143)) - 3d3aac8b-d4d1-454d-bf0c-88a180692893: start FollowerState
2019-10-18 07:54:46,388 [4b487190-7547-40c7-b780-43c37a89e8eb@group-BAC069DAEF17-LeaderElection344] INFO  impl.LeaderElection (LeaderElection.java:logAndReturn(56)) - 4b487190-7547-40c7-b780-43c37a89e8eb@group-BAC069DAEF17-LeaderElection344: Election REJECTED; received 2 response(s) [4b487190-7547-40c7-b780-43c37a89e8eb<-6fa005cd-25d6-4e29-bda6-9462a060c098#0:FAIL-t366, 4b487190-7547-40c7-b780-43c37a89e8eb<-3d3aac8b-d4d1-454d-bf0c-88a180692893#0:FAIL-t366] and 0 exception(s); 4b487190-7547-40c7-b780-43c37a89e8eb@group-BAC069DAEF17:t366, leader=null, voted=4b487190-7547-40c7-b780-43c37a89e8eb, raftlog=4b487190-7547-40c7-b780-43c37a89e8eb@group-BAC069DAEF17-SegmentedRaftLog:OPENED:c-1,f-1,i0, conf=-1: [6fa005cd-25d6-4e29-bda6-9462a060c098:192.168.69.67:36093, 4b487190-7547-40c7-b780-43c37a89e8eb:192.168.69.67:39683, 3d3aac8b-d4d1-454d-bf0c-88a180692893:192.168.69.67:34429], old=null
2019-10-18 07:54:46,389 [4b487190-7547-40c7-b780-43c37a89e8eb@group-BAC069DAEF17-LeaderElection344] INFO  impl.RaftServerImpl (RaftServerImpl.java:setRole(184)) - 4b487190-7547-40c7-b780-43c37a89e8eb@group-BAC069DAEF17: changes role from CANDIDATE to FOLLOWER at term 366 for DISCOVERED_A_NEW_TERM
2019-10-18 07:54:46,389 [4b487190-7547-40c7-b780-43c37a89e8eb@group-BAC069DAEF17-LeaderElection344] INFO  impl.RoleInfo (RoleInfo.java:shutdownLeaderElection(134)) - 4b487190-7547-40c7-b780-43c37a89e8eb: shutdown LeaderElection
2019-10-18 07:54:46,389 [4b487190-7547-40c7-b780-43c37a89e8eb@group-BAC069DAEF17-LeaderElection344] INFO  impl.RoleInfo (RoleInfo.java:updateAndGet(143)) - 4b487190-7547-40c7-b780-43c37a89e8eb: start FollowerState
2019-10-18 07:54:46,539 [Thread-2572] INFO  impl.FollowerState (FollowerState.java:run(108)) - 4b487190-7547-40c7-b780-43c37a89e8eb@group-BAC069DAEF17-FollowerState: change to CANDIDATE, lastRpcTime:150ms, electionTimeout:150ms
2019-10-18 07:54:46,539 [Thread-2572] INFO  impl.RoleInfo (RoleInfo.java:shutdownFollowerState(121)) - 4b487190-7547-40c7-b780-43c37a89e8eb: shutdown FollowerState
2019-10-18 07:54:46,539 [Thread-2572] INFO  impl.RaftServerImpl (RaftServerImpl.java:setRole(184)) - 4b487190-7547-40c7-b780-43c37a89e8eb@group-BAC069DAEF17: changes role from  FOLLOWER to CANDIDATE at term 366 for changeToCandidate
2019-10-18 07:54:46,540 [Thread-2572] INFO  impl.RoleInfo (RoleInfo.java:updateAndGet(143)) - 4b487190-7547-40c7-b780-43c37a89e8eb: start LeaderElection
2019-10-18 07:54:46,554 [4b487190-7547-40c7-b780-43c37a89e8eb@group-BAC069DAEF17-LeaderElection345] INFO  impl.LeaderElection (LeaderElection.java:askForVotes(178)) - 4b487190-7547-40c7-b780-43c37a89e8eb@group-BAC069DAEF17-LeaderElection345: begin an election at term 367 for -1: [6fa005cd-25d6-4e29-bda6-9462a060c098:192.168.69.67:36093, 4b487190-7547-40c7-b780-43c37a89e8eb:192.168.69.67:39683, 3d3aac8b-d4d1-454d-bf0c-88a180692893:192.168.69.67:34429], old=null
2019-10-18 07:54:46,556 [grpc-default-executor-2] INFO  impl.RaftServerImpl (RaftServerImpl.java:setRole(184)) - 6fa005cd-25d6-4e29-bda6-9462a060c098@group-BAC069DAEF17: changes role from  FOLLOWER to FOLLOWER at term 367 for recognizeCandidate:4b487190-7547-40c7-b780-43c37a89e8eb
2019-10-18 07:54:46,556 [grpc-default-executor-0] INFO  impl.RaftServerImpl (RaftServerImpl.java:setRole(184)) - 3d3aac8b-d4d1-454d-bf0c-88a180692893@group-BAC069DAEF17: changes role from  FOLLOWER to FOLLOWER at term 367 for recognizeCandidate:4b487190-7547-40c7-b780-43c37a89e8eb
2019-10-18 07:54:46,556 [grpc-default-executor-2] INFO  impl.RoleInfo (RoleInfo.java:shutdownFollowerState(121)) - 6fa005cd-25d6-4e29-bda6-9462a060c098: shutdown FollowerState
2019-10-18 07:54:46,557 [grpc-default-executor-0] INFO  impl.RoleInfo (RoleInfo.java:shutdownFollowerState(121)) - 3d3aac8b-d4d1-454d-bf0c-88a180692893: shutdown FollowerState
2019-10-18 07:54:46,557 [Thread-2570] INFO  impl.FollowerState (FollowerState.java:run(117)) - 6fa005cd-25d6-4e29-bda6-9462a060c098@group-BAC069DAEF17-FollowerState was interrupted: java.lang.InterruptedException: sleep interrupted
2019-10-18 07:54:46,557 [grpc-default-executor-2] INFO  impl.RoleInfo (RoleInfo.java:updateAndGet(143)) - 6fa005cd-25d6-4e29-bda6-9462a060c098: start FollowerState
2019-10-18 07:54:46,557 [Thread-2571] INFO  impl.FollowerState (FollowerState.java:run(117)) - 3d3aac8b-d4d1-454d-bf0c-88a180692893@group-BAC069DAEF17-FollowerState was interrupted: java.lang.InterruptedException: sleep interrupted
2019-10-18 07:54:46,557 [grpc-default-executor-0] INFO  impl.RoleInfo (RoleInfo.java:updateAndGet(143)) - 3d3aac8b-d4d1-454d-bf0c-88a180692893: start FollowerState
2019-10-18 07:54:46,572 [4b487190-7547-40c7-b780-43c37a89e8eb@group-BAC069DAEF17-LeaderElection345] INFO  impl.LeaderElection (LeaderElection.java:logAndReturn(56)) - 4b487190-7547-40c7-b780-43c37a89e8eb@group-BAC069DAEF17-LeaderElection345: Election REJECTED; received 2 response(s) [4b487190-7547-40c7-b780-43c37a89e8eb<-6fa005cd-25d6-4e29-bda6-9462a060c098#0:FAIL-t367, 4b487190-7547-40c7-b780-43c37a89e8eb<-3d3aac8b-d4d1-454d-bf0c-88a180692893#0:FAIL-t367] and 0 exception(s); 4b487190-7547-40c7-b780-43c37a89e8eb@group-BAC069DAEF17:t367, leader=null, voted=4b487190-7547-40c7-b780-43c37a89e8eb, raftlog=4b487190-7547-40c7-b780-43c37a89e8eb@group-BAC069DAEF17-SegmentedRaftLog:OPENED:c-1,f-1,i0, conf=-1: [6fa005cd-25d6-4e29-bda6-9462a060c098:192.168.69.67:36093, 4b487190-7547-40c7-b780-43c37a89e8eb:192.168.69.67:39683, 3d3aac8b-d4d1-454d-bf0c-88a180692893:192.168.69.67:34429], old=null
2019-10-18 07:54:46,572 [4b487190-7547-40c7-b780-43c37a89e8eb@group-BAC069DAEF17-LeaderElection345] INFO  impl.RaftServerImpl (RaftServerImpl.java:setRole(184)) - 4b487190-7547-40c7-b780-43c37a89e8eb@group-BAC069DAEF17: changes role from CANDIDATE to FOLLOWER at term 367 for DISCOVERED_A_NEW_TERM
2019-10-18 07:54:46,572 [4b487190-7547-40c7-b780-43c37a89e8eb@group-BAC069DAEF17-LeaderElection345] INFO  impl.RoleInfo (RoleInfo.java:shutdownLeaderElection(134)) - 4b487190-7547-40c7-b780-43c37a89e8eb: shutdown LeaderElection
2019-10-18 07:54:46,573 [4b487190-7547-40c7-b780-43c37a89e8eb@group-BAC069DAEF17-LeaderElection345] INFO  impl.RoleInfo (RoleInfo.java:updateAndGet(143)) - 4b487190-7547-40c7-b780-43c37a89e8eb: start FollowerState
2019-10-18 07:54:46,693 [Thread-2578] INFO  impl.FollowerState (FollowerState.java:run(108)) - 4b487190-7547-40c7-b780-43c37a89e8eb@group-BAC069DAEF17-FollowerState: change to CANDIDATE, lastRpcTime:120ms, electionTimeout:120ms
2019-10-18 07:54:46,693 [Thread-2578] INFO  impl.RoleInfo (RoleInfo.java:shutdownFollowerState(121)) - 4b487190-7547-40c7-b780-43c37a89e8eb: shutdown FollowerState
2019-10-18 07:54:46,693 [Thread-2578] INFO  impl.RaftServerImpl (RaftServerImpl.java:setRole(184)) - 4b487190-7547-40c7-b780-43c37a89e8eb@group-BAC069DAEF17: changes role from  FOLLOWER to CANDIDATE at term 367 for changeToCandidate
2019-10-18 07:54:46,694 [Thread-2578] INFO  impl.RoleInfo (RoleInfo.java:updateAndGet(143)) - 4b487190-7547-40c7-b780-43c37a89e8eb: start LeaderElection
2019-10-18 07:54:46,707 [4b487190-7547-40c7-b780-43c37a89e8eb@group-BAC069DAEF17-LeaderElection346] INFO  impl.LeaderElection (LeaderElection.java:askForVotes(178)) - 4b487190-7547-40c7-b780-43c37a89e8eb@group-BAC069DAEF17-LeaderElection346: begin an election at term 368 for -1: [6fa005cd-25d6-4e29-bda6-9462a060c098:192.168.69.67:36093, 4b487190-7547-40c7-b780-43c37a89e8eb:192.168.69.67:39683, 3d3aac8b-d4d1-454d-bf0c-88a180692893:192.168.69.67:34429], old=null
2019-10-18 07:54:46,709 [grpc-default-executor-2] INFO  impl.RaftServerImpl (RaftServerImpl.java:setRole(184)) - 3d3aac8b-d4d1-454d-bf0c-88a180692893@group-BAC069DAEF17: changes role from  FOLLOWER to FOLLOWER at term 368 for recognizeCandidate:4b487190-7547-40c7-b780-43c37a89e8eb
2019-10-18 07:54:46,709 [grpc-default-executor-0] INFO  impl.RaftServerImpl (RaftServerImpl.java:setRole(184)) - 6fa005cd-25d6-4e29-bda6-9462a060c098@group-BAC069DAEF17: changes role from  FOLLOWER to FOLLOWER at term 368 for recognizeCandidate:4b487190-7547-40c7-b780-43c37a89e8eb
2019-10-18 07:54:46,709 [grpc-default-executor-0] INFO  impl.RoleInfo (RoleInfo.java:shutdownFollowerState(121)) - 6fa005cd-25d6-4e29-bda6-9462a060c098: shutdown FollowerState
2019-10-18 07:54:46,709 [grpc-default-executor-2] INFO  impl.RoleInfo (RoleInfo.java:shutdownFollowerState(121)) - 3d3aac8b-d4d1-454d-bf0c-88a180692893: shutdown FollowerState
2019-10-18 07:54:46,710 [Thread-2576] INFO  impl.FollowerState (FollowerState.java:run(117)) - 6fa005cd-25d6-4e29-bda6-9462a060c098@group-BAC069DAEF17-FollowerState was interrupted: java.lang.InterruptedException: sleep interrupted
2019-10-18 07:54:46,710 [grpc-default-executor-0] INFO  impl.RoleInfo (RoleInfo.java:updateAndGet(143)) - 6fa005cd-25d6-4e29-bda6-9462a060c098: start FollowerState
2019-10-18 07:54:46,710 [Thread-2577] INFO  impl.FollowerState (FollowerState.java:run(117)) - 3d3aac8b-d4d1-454d-bf0c-88a180692893@group-BAC069DAEF17-FollowerState was interrupted: java.lang.InterruptedException: sleep interrupted
2019-10-18 07:54:46,710 [grpc-default-executor-2] INFO  impl.RoleInfo (RoleInfo.java:updateAndGet(143)) - 3d3aac8b-d4d1-454d-bf0c-88a180692893: start FollowerState
2019-10-18 07:54:46,721 [4b487190-7547-40c7-b780-43c37a89e8eb@group-BAC069DAEF17-LeaderElection346] INFO  impl.LeaderElection (LeaderElection.java:logAndReturn(56)) - 4b487190-7547-40c7-b780-43c37a89e8eb@group-BAC069DAEF17-LeaderElection346: Election REJECTED; received 2 response(s) [4b487190-7547-40c7-b780-43c37a89e8eb<-6fa005cd-25d6-4e29-bda6-9462a060c098#0:FAIL-t368, 4b487190-7547-40c7-b780-43c37a89e8eb<-3d3aac8b-d4d1-454d-bf0c-88a180692893#0:FAIL-t368] and 0 exception(s); 4b487190-7547-40c7-b780-43c37a89e8eb@group-BAC069DAEF17:t368, leader=null, voted=4b487190-7547-40c7-b780-43c37a89e8eb, raftlog=4b487190-7547-40c7-b780-43c37a89e8eb@group-BAC069DAEF17-SegmentedRaftLog:OPENED:c-1,f-1,i0, conf=-1: [6fa005cd-25d6-4e29-bda6-9462a060c098:192.168.69.67:36093, 4b487190-7547-40c7-b780-43c37a89e8eb:192.168.69.67:39683, 3d3aac8b-d4d1-454d-bf0c-88a180692893:192.168.69.67:34429], old=null
2019-10-18 07:54:46,722 [4b487190-7547-40c7-b780-43c37a89e8eb@group-BAC069DAEF17-LeaderElection346] INFO  impl.RaftServerImpl (RaftServerImpl.java:setRole(184)) - 4b487190-7547-40c7-b780-43c37a89e8eb@group-BAC069DAEF17: changes role from CANDIDATE to FOLLOWER at term 368 for DISCOVERED_A_NEW_TERM
2019-10-18 07:54:46,722 [4b487190-7547-40c7-b780-43c37a89e8eb@group-BAC069DAEF17-LeaderElection346] INFO  impl.RoleInfo (RoleInfo.java:shutdownLeaderElection(134)) - 4b487190-7547-40c7-b780-43c37a89e8eb: shutdown LeaderElection
2019-10-18 07:54:46,722 [4b487190-7547-40c7-b780-43c37a89e8eb@group-BAC069DAEF17-LeaderElection346] INFO  impl.RoleInfo (RoleInfo.java:updateAndGet(143)) - 4b487190-7547-40c7-b780-43c37a89e8eb: start FollowerState
2019-10-18 07:54:46,872 [Thread-2584] INFO  impl.FollowerState (FollowerState.java:run(108)) - 4b487190-7547-40c7-b780-43c37a89e8eb@group-BAC069DAEF17-FollowerState: change to CANDIDATE, lastRpcTime:150ms, electionTimeout:150ms
2019-10-18 07:54:46,872 [Thread-2584] INFO  impl.RoleInfo (RoleInfo.java:shutdownFollowerState(121)) - 4b487190-7547-40c7-b780-43c37a89e8eb: shutdown FollowerState
2019-10-18 07:54:46,873 [Thread-2584] INFO  impl.RaftServerImpl (RaftServerImpl.java:setRole(184)) - 4b487190-7547-40c7-b780-43c37a89e8eb@group-BAC069DAEF17: changes role from  FOLLOWER to CANDIDATE at term 368 for changeToCandidate
2019-10-18 07:54:46,873 [Thread-2584] INFO  impl.RoleInfo (RoleInfo.java:updateAndGet(143)) - 4b487190-7547-40c7-b780-43c37a89e8eb: start LeaderElection
2019-10-18 07:54:46,887 [4b487190-7547-40c7-b780-43c37a89e8eb@group-BAC069DAEF17-LeaderElection347] INFO  impl.LeaderElection (LeaderElection.java:askForVotes(178)) - 4b487190-7547-40c7-b780-43c37a89e8eb@group-BAC069DAEF17-LeaderElection347: begin an election at term 369 for -1: [6fa005cd-25d6-4e29-bda6-9462a060c098:192.168.69.67:36093, 4b487190-7547-40c7-b780-43c37a89e8eb:192.168.69.67:39683, 3d3aac8b-d4d1-454d-bf0c-88a180692893:192.168.69.67:34429], old=null
2019-10-18 07:54:46,889 [grpc-default-executor-2] INFO  impl.RaftServerImpl (RaftServerImpl.java:setRole(184)) - 6fa005cd-25d6-4e29-bda6-9462a060c098@group-BAC069DAEF17: changes role from  FOLLOWER to FOLLOWER at term 369 for recognizeCandidate:4b487190-7547-40c7-b780-43c37a89e8eb
2019-10-18 07:54:46,889 [grpc-default-executor-2] INFO  impl.RoleInfo (RoleInfo.java:shutdownFollowerState(121)) - 6fa005cd-25d6-4e29-bda6-9462a060c098: shutdown FollowerState
2019-10-18 07:54:46,889 [grpc-default-executor-0] INFO  impl.RaftServerImpl (RaftServerImpl.java:setRole(184)) - 3d3aac8b-d4d1-454d-bf0c-88a180692893@group-BAC069DAEF17: changes role from  FOLLOWER to FOLLOWER at term 369 for recognizeCandidate:4b487190-7547-40c7-b780-43c37a89e8eb
2019-10-18 07:54:46,889 [Thread-2582] INFO  impl.FollowerState (FollowerState.java:run(117)) - 6fa005cd-25d6-4e29-bda6-9462a060c098@group-BAC069DAEF17-FollowerState was interrupted: java.lang.InterruptedException: sleep interrupted
2019-10-18 07:54:46,889 [grpc-default-executor-2] INFO  impl.RoleInfo (RoleInfo.java:updateAndGet(143)) - 6fa005cd-25d6-4e29-bda6-9462a060c098: start FollowerState
2019-10-18 07:54:46,890 [grpc-default-executor-0] INFO  impl.RoleInfo (RoleInfo.java:shutdownFollowerState(121)) - 3d3aac8b-d4d1-454d-bf0c-88a180692893: shutdown FollowerState
2019-10-18 07:54:46,890 [grpc-default-executor-0] INFO  impl.RoleInfo (RoleInfo.java:updateAndGet(143)) - 3d3aac8b-d4d1-454d-bf0c-88a180692893: start FollowerState
2019-10-18 07:54:46,890 [Thread-2583] INFO  impl.FollowerState (FollowerState.java:run(117)) - 3d3aac8b-d4d1-454d-bf0c-88a180692893@group-BAC069DAEF17-FollowerState was interrupted: java.lang.InterruptedException: sleep interrupted
2019-10-18 07:54:46,904 [4b487190-7547-40c7-b780-43c37a89e8eb@group-BAC069DAEF17-LeaderElection347] INFO  impl.LeaderElection (LeaderElection.java:logAndReturn(56)) - 4b487190-7547-40c7-b780-43c37a89e8eb@group-BAC069DAEF17-LeaderElection347: Election REJECTED; received 2 response(s) [4b487190-7547-40c7-b780-43c37a89e8eb<-6fa005cd-25d6-4e29-bda6-9462a060c098#0:FAIL-t369, 4b487190-7547-40c7-b780-43c37a89e8eb<-3d3aac8b-d4d1-454d-bf0c-88a180692893#0:FAIL-t369] and 0 exception(s); 4b487190-7547-40c7-b780-43c37a89e8eb@group-BAC069DAEF17:t369, leader=null, voted=4b487190-7547-40c7-b780-43c37a89e8eb, raftlog=4b487190-7547-40c7-b780-43c37a89e8eb@group-BAC069DAEF17-SegmentedRaftLog:OPENED:c-1,f-1,i0, conf=-1: [6fa005cd-25d6-4e29-bda6-9462a060c098:192.168.69.67:36093, 4b487190-7547-40c7-b780-43c37a89e8eb:192.168.69.67:39683, 3d3aac8b-d4d1-454d-bf0c-88a180692893:192.168.69.67:34429], old=null
2019-10-18 07:54:46,904 [4b487190-7547-40c7-b780-43c37a89e8eb@group-BAC069DAEF17-LeaderElection347] INFO  impl.RaftServerImpl (RaftServerImpl.java:setRole(184)) - 4b487190-7547-40c7-b780-43c37a89e8eb@group-BAC069DAEF17: changes role from CANDIDATE to FOLLOWER at term 369 for DISCOVERED_A_NEW_TERM
2019-10-18 07:54:46,904 [4b487190-7547-40c7-b780-43c37a89e8eb@group-BAC069DAEF17-LeaderElection347] INFO  impl.RoleInfo (RoleInfo.java:shutdownLeaderElection(134)) - 4b487190-7547-40c7-b780-43c37a89e8eb: shutdown LeaderElection
2019-10-18 07:54:46,904 [4b487190-7547-40c7-b780-43c37a89e8eb@group-BAC069DAEF17-LeaderElection347] INFO  impl.RoleInfo (RoleInfo.java:updateAndGet(143)) - 4b487190-7547-40c7-b780-43c37a89e8eb: start FollowerState
2019-10-18 07:54:47,029 [Thread-2590] INFO  impl.FollowerState (FollowerState.java:run(108)) - 4b487190-7547-40c7-b780-43c37a89e8eb@group-BAC069DAEF17-FollowerState: change to CANDIDATE, lastRpcTime:124ms, electionTimeout:124ms
2019-10-18 07:54:47,029 [Thread-2590] INFO  impl.RoleInfo (RoleInfo.java:shutdownFollowerState(121)) - 4b487190-7547-40c7-b780-43c37a89e8eb: shutdown FollowerState
2019-10-18 07:54:47,029 [Thread-2590] INFO  impl.RaftServerImpl (RaftServerImpl.java:setRole(184)) - 4b487190-7547-40c7-b780-43c37a89e8eb@group-BAC069DAEF17: changes role from  FOLLOWER to CANDIDATE at term 369 for changeToCandidate
2019-10-18 07:54:47,029 [Thread-2590] INFO  impl.RoleInfo (RoleInfo.java:updateAndGet(143)) - 4b487190-7547-40c7-b780-43c37a89e8eb: start LeaderElection
2019-10-18 07:54:47,076 [4b487190-7547-40c7-b780-43c37a89e8eb@group-BAC069DAEF17-LeaderElection348] INFO  impl.LeaderElection (LeaderElection.java:askForVotes(178)) - 4b487190-7547-40c7-b780-43c37a89e8eb@group-BAC069DAEF17-LeaderElection348: begin an election at term 370 for -1: [6fa005cd-25d6-4e29-bda6-9462a060c098:192.168.69.67:36093, 4b487190-7547-40c7-b780-43c37a89e8eb:192.168.69.67:39683, 3d3aac8b-d4d1-454d-bf0c-88a180692893:192.168.69.67:34429], old=null
2019-10-18 07:54:47,078 [grpc-default-executor-2] INFO  impl.RaftServerImpl (RaftServerImpl.java:setRole(184)) - 3d3aac8b-d4d1-454d-bf0c-88a180692893@group-BAC069DAEF17: changes role from  FOLLOWER to FOLLOWER at term 370 for recognizeCandidate:4b487190-7547-40c7-b780-43c37a89e8eb
2019-10-18 07:54:47,078 [grpc-default-executor-2] INFO  impl.RoleInfo (RoleInfo.java:shutdownFollowerState(121)) - 3d3aac8b-d4d1-454d-bf0c-88a180692893: shutdown FollowerState
2019-10-18 07:54:47,078 [grpc-default-executor-0] INFO  impl.RaftServerImpl (RaftServerImpl.java:setRole(184)) - 6fa005cd-25d6-4e29-bda6-9462a060c098@group-BAC069DAEF17: changes role from  FOLLOWER to FOLLOWER at term 370 for recognizeCandidate:4b487190-7547-40c7-b780-43c37a89e8eb
2019-10-18 07:54:47,078 [Thread-2589] INFO  impl.FollowerState (FollowerState.java:run(117)) - 3d3aac8b-d4d1-454d-bf0c-88a180692893@group-BAC069DAEF17-FollowerState was interrupted: java.lang.InterruptedException: sleep interrupted
2019-10-18 07:54:47,078 [grpc-default-executor-2] INFO  impl.RoleInfo (RoleInfo.java:updateAndGet(143)) - 3d3aac8b-d4d1-454d-bf0c-88a180692893: start FollowerState
2019-10-18 07:54:47,079 [grpc-default-executor-0] INFO  impl.RoleInfo (RoleInfo.java:shutdownFollowerState(121)) - 6fa005cd-25d6-4e29-bda6-9462a060c098: shutdown FollowerState
2019-10-18 07:54:47,079 [grpc-default-executor-0] INFO  impl.RoleInfo (RoleInfo.java:updateAndGet(143)) - 6fa005cd-25d6-4e29-bda6-9462a060c098: start FollowerState
2019-10-18 07:54:47,079 [Thread-2588] INFO  impl.FollowerState (FollowerState.java:run(117)) - 6fa005cd-25d6-4e29-bda6-9462a060c098@group-BAC069DAEF17-FollowerState was interrupted: java.lang.InterruptedException: sleep interrupted
2019-10-18 07:54:47,093 [4b487190-7547-40c7-b780-43c37a89e8eb@group-BAC069DAEF17-LeaderElection348] INFO  impl.LeaderElection (LeaderElection.java:logAndReturn(56)) - 4b487190-7547-40c7-b780-43c37a89e8eb@group-BAC069DAEF17-LeaderElection348: Election REJECTED; received 2 response(s) [4b487190-7547-40c7-b780-43c37a89e8eb<-6fa005cd-25d6-4e29-bda6-9462a060c098#0:FAIL-t370, 4b487190-7547-40c7-b780-43c37a89e8eb<-3d3aac8b-d4d1-454d-bf0c-88a180692893#0:FAIL-t370] and 0 exception(s); 4b487190-7547-40c7-b780-43c37a89e8eb@group-BAC069DAEF17:t370, leader=null, voted=4b487190-7547-40c7-b780-43c37a89e8eb, raftlog=4b487190-7547-40c7-b780-43c37a89e8eb@group-BAC069DAEF17-SegmentedRaftLog:OPENED:c-1,f-1,i0, conf=-1: [6fa005cd-25d6-4e29-bda6-9462a060c098:192.168.69.67:36093, 4b487190-7547-40c7-b780-43c37a89e8eb:192.168.69.67:39683, 3d3aac8b-d4d1-454d-bf0c-88a180692893:192.168.69.67:34429], old=null
2019-10-18 07:54:47,093 [4b487190-7547-40c7-b780-43c37a89e8eb@group-BAC069DAEF17-LeaderElection348] INFO  impl.RaftServerImpl (RaftServerImpl.java:setRole(184)) - 4b487190-7547-40c7-b780-43c37a89e8eb@group-BAC069DAEF17: changes role from CANDIDATE to FOLLOWER at term 370 for DISCOVERED_A_NEW_TERM
2019-10-18 07:54:47,093 [4b487190-7547-40c7-b780-43c37a89e8eb@group-BAC069DAEF17-LeaderElection348] INFO  impl.RoleInfo (RoleInfo.java:shutdownLeaderElection(134)) - 4b487190-7547-40c7-b780-43c37a89e8eb: shutdown LeaderElection
2019-10-18 07:54:47,093 [4b487190-7547-40c7-b780-43c37a89e8eb@group-BAC069DAEF17-LeaderElection348] INFO  impl.RoleInfo (RoleInfo.java:updateAndGet(143)) - 4b487190-7547-40c7-b780-43c37a89e8eb: start FollowerState
2019-10-18 07:54:47,096 [Thread-2596] INFO  impl.FollowerState (FollowerState.java:run(108)) - 4b487190-7547-40c7-b780-43c37a89e8eb@group-BAC069DAEF17-FollowerState: change to CANDIDATE, lastRpcTime:2ms, electionTimeout:2ms
2019-10-18 07:54:47,096 [Thread-2596] INFO  impl.RoleInfo (RoleInfo.java:shutdownFollowerState(121)) - 4b487190-7547-40c7-b780-43c37a89e8eb: shutdown FollowerState
2019-10-18 07:54:47,096 [Thread-2596] INFO  impl.RaftServerImpl (RaftServerImpl.java:setRole(184)) - 4b487190-7547-40c7-b780-43c37a89e8eb@group-BAC069DAEF17: changes role from  FOLLOWER to CANDIDATE at term 370 for changeToCandidate
2019-10-18 07:54:47,096 [Thread-2596] INFO  impl.RoleInfo (RoleInfo.java:updateAndGet(143)) - 4b487190-7547-40c7-b780-43c37a89e8eb: start LeaderElection
2019-10-18 07:54:47,109 [4b487190-7547-40c7-b780-43c37a89e8eb@group-BAC069DAEF17-LeaderElection349] INFO  impl.LeaderElection (LeaderElection.java:askForVotes(178)) - 4b487190-7547-40c7-b780-43c37a89e8eb@group-BAC069DAEF17-LeaderElection349: begin an election at term 371 for -1: [6fa005cd-25d6-4e29-bda6-9462a060c098:192.168.69.67:36093, 4b487190-7547-40c7-b780-43c37a89e8eb:192.168.69.67:39683, 3d3aac8b-d4d1-454d-bf0c-88a180692893:192.168.69.67:34429], old=null
2019-10-18 07:54:47,111 [grpc-default-executor-2] INFO  impl.RaftServerImpl (RaftServerImpl.java:setRole(184)) - 6fa005cd-25d6-4e29-bda6-9462a060c098@group-BAC069DAEF17: changes role from  FOLLOWER to FOLLOWER at term 371 for recognizeCandidate:4b487190-7547-40c7-b780-43c37a89e8eb
2019-10-18 07:54:47,111 [grpc-default-executor-2] INFO  impl.RoleInfo (RoleInfo.java:shutdownFollowerState(121)) - 6fa005cd-25d6-4e29-bda6-9462a060c098: shutdown FollowerState
2019-10-18 07:54:47,111 [grpc-default-executor-0] INFO  impl.RaftServerImpl (RaftServerImpl.java:setRole(184)) - 3d3aac8b-d4d1-454d-bf0c-88a180692893@group-BAC069DAEF17: changes role from  FOLLOWER to FOLLOWER at term 371 for recognizeCandidate:4b487190-7547-40c7-b780-43c37a89e8eb
2019-10-18 07:54:47,111 [grpc-default-executor-0] INFO  impl.RoleInfo (RoleInfo.java:shutdownFollowerState(121)) - 3d3aac8b-d4d1-454d-bf0c-88a180692893: shutdown FollowerState
2019-10-18 07:54:47,111 [grpc-default-executor-2] INFO  impl.RoleInfo (RoleInfo.java:updateAndGet(143)) - 6fa005cd-25d6-4e29-bda6-9462a060c098: start FollowerState
2019-10-18 07:54:47,111 [Thread-2595] INFO  impl.FollowerState (FollowerState.java:run(117)) - 6fa005cd-25d6-4e29-bda6-9462a060c098@group-BAC069DAEF17-FollowerState was interrupted: java.lang.InterruptedException: sleep interrupted
2019-10-18 07:54:47,112 [grpc-default-executor-0] INFO  impl.RoleInfo (RoleInfo.java:updateAndGet(143)) - 3d3aac8b-d4d1-454d-bf0c-88a180692893: start FollowerState
2019-10-18 07:54:47,112 [Thread-2594] INFO  impl.FollowerState (FollowerState.java:run(117)) - 3d3aac8b-d4d1-454d-bf0c-88a180692893@group-BAC069DAEF17-FollowerState was interrupted: java.lang.InterruptedException: sleep interrupted
2019-10-18 07:54:47,125 [4b487190-7547-40c7-b780-43c37a89e8eb@group-BAC069DAEF17-LeaderElection349] INFO  impl.LeaderElection (LeaderElection.java:logAndReturn(56)) - 4b487190-7547-40c7-b780-43c37a89e8eb@group-BAC069DAEF17-LeaderElection349: Election REJECTED; received 2 response(s) [4b487190-7547-40c7-b780-43c37a89e8eb<-6fa005cd-25d6-4e29-bda6-9462a060c098#0:FAIL-t371, 4b487190-7547-40c7-b780-43c37a89e8eb<-3d3aac8b-d4d1-454d-bf0c-88a180692893#0:FAIL-t371] and 0 exception(s); 4b487190-7547-40c7-b780-43c37a89e8eb@group-BAC069DAEF17:t371, leader=null, voted=4b487190-7547-40c7-b780-43c37a89e8eb, raftlog=4b487190-7547-40c7-b780-43c37a89e8eb@group-BAC069DAEF17-SegmentedRaftLog:OPENED:c-1,f-1,i0, conf=-1: [6fa005cd-25d6-4e29-bda6-9462a060c098:192.168.69.67:36093, 4b487190-7547-40c7-b780-43c37a89e8eb:192.168.69.67:39683, 3d3aac8b-d4d1-454d-bf0c-88a180692893:192.168.69.67:34429], old=null
2019-10-18 07:54:47,126 [4b487190-7547-40c7-b780-43c37a89e8eb@group-BAC069DAEF17-LeaderElection349] INFO  impl.RaftServerImpl (RaftServerImpl.java:setRole(184)) - 4b487190-7547-40c7-b780-43c37a89e8eb@group-BAC069DAEF17: changes role from CANDIDATE to FOLLOWER at term 371 for DISCOVERED_A_NEW_TERM
2019-10-18 07:54:47,126 [4b487190-7547-40c7-b780-43c37a89e8eb@group-BAC069DAEF17-LeaderElection349] INFO  impl.RoleInfo (RoleInfo.java:shutdownLeaderElection(134)) - 4b487190-7547-40c7-b780-43c37a89e8eb: shutdown LeaderElection
2019-10-18 07:54:47,126 [4b487190-7547-40c7-b780-43c37a89e8eb@group-BAC069DAEF17-LeaderElection349] INFO  impl.RoleInfo (RoleInfo.java:updateAndGet(143)) - 4b487190-7547-40c7-b780-43c37a89e8eb: start FollowerState
2019-10-18 07:54:47,316 [Thread-2602] INFO  impl.FollowerState (FollowerState.java:run(108)) - 4b487190-7547-40c7-b780-43c37a89e8eb@group-BAC069DAEF17-FollowerState: change to CANDIDATE, lastRpcTime:190ms, electionTimeout:190ms
2019-10-18 07:54:47,316 [Thread-2602] INFO  impl.RoleInfo (RoleInfo.java:shutdownFollowerState(121)) - 4b487190-7547-40c7-b780-43c37a89e8eb: shutdown FollowerState
2019-10-18 07:54:47,317 [Thread-2602] INFO  impl.RaftServerImpl (RaftServerImpl.java:setRole(184)) - 4b487190-7547-40c7-b780-43c37a89e8eb@group-BAC069DAEF17: changes role from  FOLLOWER to CANDIDATE at term 371 for changeToCandidate
2019-10-18 07:54:47,317 [Thread-2602] INFO  impl.RoleInfo (RoleInfo.java:updateAndGet(143)) - 4b487190-7547-40c7-b780-43c37a89e8eb: start LeaderElection
2019-10-18 07:54:47,343 [4b487190-7547-40c7-b780-43c37a89e8eb@group-BAC069DAEF17-LeaderElection350] INFO  impl.LeaderElection (LeaderElection.java:askForVotes(178)) - 4b487190-7547-40c7-b780-43c37a89e8eb@group-BAC069DAEF17-LeaderElection350: begin an election at term 372 for -1: [6fa005cd-25d6-4e29-bda6-9462a060c098:192.168.69.67:36093, 4b487190-7547-40c7-b780-43c37a89e8eb:192.168.69.67:39683, 3d3aac8b-d4d1-454d-bf0c-88a180692893:192.168.69.67:34429], old=null
2019-10-18 07:54:47,345 [grpc-default-executor-2] INFO  impl.RaftServerImpl (RaftServerImpl.java:setRole(184)) - 3d3aac8b-d4d1-454d-bf0c-88a180692893@group-BAC069DAEF17: changes role from  FOLLOWER to FOLLOWER at term 372 for recognizeCandidate:4b487190-7547-40c7-b780-43c37a89e8eb
2019-10-18 07:54:47,345 [grpc-default-executor-0] INFO  impl.RaftServerImpl (RaftServerImpl.java:setRole(184)) - 6fa005cd-25d6-4e29-bda6-9462a060c098@group-BAC069DAEF17: changes role from  FOLLOWER to FOLLOWER at term 372 for recognizeCandidate:4b487190-7547-40c7-b780-43c37a89e8eb
2019-10-18 07:54:47,345 [grpc-default-executor-0] INFO  impl.RoleInfo (RoleInfo.java:shutdownFollowerState(121)) - 6fa005cd-25d6-4e29-bda6-9462a060c098: shutdown FollowerState
2019-10-18 07:54:47,345 [grpc-default-executor-2] INFO  impl.RoleInfo (RoleInfo.java:shutdownFollowerState(121)) - 3d3aac8b-d4d1-454d-bf0c-88a180692893: shutdown FollowerState
2019-10-18 07:54:47,346 [grpc-default-executor-0] INFO  impl.RoleInfo (RoleInfo.java:updateAndGet(143)) - 6fa005cd-25d6-4e29-bda6-9462a060c098: start FollowerState
2019-10-18 07:54:47,346 [Thread-2601] INFO  impl.FollowerState (FollowerState.java:run(117)) - 3d3aac8b-d4d1-454d-bf0c-88a180692893@group-BAC069DAEF17-FollowerState was interrupted: java.lang.InterruptedException: sleep interrupted
2019-10-18 07:54:47,346 [grpc-default-executor-2] INFO  impl.RoleInfo (RoleInfo.java:updateAndGet(143)) - 3d3aac8b-d4d1-454d-bf0c-88a180692893: start FollowerState
2019-10-18 07:54:47,346 [Thread-2600] INFO  impl.FollowerState (FollowerState.java:run(117)) - 6fa005cd-25d6-4e29-bda6-9462a060c098@group-BAC069DAEF17-FollowerState was interrupted: java.lang.InterruptedException: sleep interrupted
2019-10-18 07:54:47,360 [4b487190-7547-40c7-b780-43c37a89e8eb@group-BAC069DAEF17-LeaderElection350] INFO  impl.LeaderElection (LeaderElection.java:logAndReturn(56)) - 4b487190-7547-40c7-b780-43c37a89e8eb@group-BAC069DAEF17-LeaderElection350: Election REJECTED; received 2 response(s) [4b487190-7547-40c7-b780-43c37a89e8eb<-6fa005cd-25d6-4e29-bda6-9462a060c098#0:FAIL-t372, 4b487190-7547-40c7-b780-43c37a89e8eb<-3d3aac8b-d4d1-454d-bf0c-88a180692893#0:FAIL-t372] and 0 exception(s); 4b487190-7547-40c7-b780-43c37a89e8eb@group-BAC069DAEF17:t372, leader=null, voted=4b487190-7547-40c7-b780-43c37a89e8eb, raftlog=4b487190-7547-40c7-b780-43c37a89e8eb@group-BAC069DAEF17-SegmentedRaftLog:OPENED:c-1,f-1,i0, conf=-1: [6fa005cd-25d6-4e29-bda6-9462a060c098:192.168.69.67:36093, 4b487190-7547-40c7-b780-43c37a89e8eb:192.168.69.67:39683, 3d3aac8b-d4d1-454d-bf0c-88a180692893:192.168.69.67:34429], old=null
2019-10-18 07:54:47,360 [4b487190-7547-40c7-b780-43c37a89e8eb@group-BAC069DAEF17-LeaderElection350] INFO  impl.RaftServerImpl (RaftServerImpl.java:setRole(184)) - 4b487190-7547-40c7-b780-43c37a89e8eb@group-BAC069DAEF17: changes role from CANDIDATE to FOLLOWER at term 372 for DISCOVERED_A_NEW_TERM
2019-10-18 07:54:47,361 [4b487190-7547-40c7-b780-43c37a89e8eb@group-BAC069DAEF17-LeaderElection350] INFO  impl.RoleInfo (RoleInfo.java:shutdownLeaderElection(134)) - 4b487190-7547-40c7-b780-43c37a89e8eb: shutdown LeaderElection
2019-10-18 07:54:47,361 [4b487190-7547-40c7-b780-43c37a89e8eb@group-BAC069DAEF17-LeaderElection350] INFO  impl.RoleInfo (RoleInfo.java:updateAndGet(143)) - 4b487190-7547-40c7-b780-43c37a89e8eb: start FollowerState
2019-10-18 07:54:47,493 [Thread-2608] INFO  impl.FollowerState (FollowerState.java:run(108)) - 4b487190-7547-40c7-b780-43c37a89e8eb@group-BAC069DAEF17-FollowerState: change to CANDIDATE, lastRpcTime:132ms, electionTimeout:132ms
2019-10-18 07:54:47,493 [Thread-2608] INFO  impl.RoleInfo (RoleInfo.java:shutdownFollowerState(121)) - 4b487190-7547-40c7-b780-43c37a89e8eb: shutdown FollowerState
2019-10-18 07:54:47,493 [Thread-2608] INFO  impl.RaftServerImpl (RaftServerImpl.java:setRole(184)) - 4b487190-7547-40c7-b780-43c37a89e8eb@group-BAC069DAEF17: changes role from  FOLLOWER to CANDIDATE at term 372 for changeToCandidate
2019-10-18 07:54:47,494 [Thread-2608] INFO  impl.RoleInfo (RoleInfo.java:updateAndGet(143)) - 4b487190-7547-40c7-b780-43c37a89e8eb: start LeaderElection
2019-10-18 07:54:47,508 [4b487190-7547-40c7-b780-43c37a89e8eb@group-BAC069DAEF17-LeaderElection351] INFO  impl.LeaderElection (LeaderElection.java:askForVotes(178)) - 4b487190-7547-40c7-b780-43c37a89e8eb@group-BAC069DAEF17-LeaderElection351: begin an election at term 373 for -1: [6fa005cd-25d6-4e29-bda6-9462a060c098:192.168.69.67:36093, 4b487190-7547-40c7-b780-43c37a89e8eb:192.168.69.67:39683, 3d3aac8b-d4d1-454d-bf0c-88a180692893:192.168.69.67:34429], old=null
2019-10-18 07:54:47,510 [grpc-default-executor-0] INFO  impl.RaftServerImpl (RaftServerImpl.java:setRole(184)) - 6fa005cd-25d6-4e29-bda6-9462a060c098@group-BAC069DAEF17: changes role from  FOLLOWER to FOLLOWER at term 373 for recognizeCandidate:4b487190-7547-40c7-b780-43c37a89e8eb
2019-10-18 07:54:47,511 [grpc-default-executor-2] INFO  impl.RaftServerImpl (RaftServerImpl.java:setRole(184)) - 3d3aac8b-d4d1-454d-bf0c-88a180692893@group-BAC069DAEF17: changes role from  FOLLOWER to FOLLOWER at term 373 for recognizeCandidate:4b487190-7547-40c7-b780-43c37a89e8eb
2019-10-18 07:54:47,511 [grpc-default-executor-2] INFO  impl.RoleInfo (RoleInfo.java:shutdownFollowerState(121)) - 3d3aac8b-d4d1-454d-bf0c-88a180692893: shutdown FollowerState
2019-10-18 07:54:47,511 [grpc-default-executor-0] INFO  impl.RoleInfo (RoleInfo.java:shutdownFollowerState(121)) - 6fa005cd-25d6-4e29-bda6-9462a060c098: shutdown FollowerState
2019-10-18 07:54:47,511 [Thread-2607] INFO  impl.FollowerState (FollowerState.java:run(117)) - 3d3aac8b-d4d1-454d-bf0c-88a180692893@group-BAC069DAEF17-FollowerState was interrupted: java.lang.InterruptedException: sleep interrupted
2019-10-18 07:54:47,511 [grpc-default-executor-2] INFO  impl.RoleInfo (RoleInfo.java:updateAndGet(143)) - 3d3aac8b-d4d1-454d-bf0c-88a180692893: start FollowerState
2019-10-18 07:54:47,511 [Thread-2606] INFO  impl.FollowerState (FollowerState.java:run(117)) - 6fa005cd-25d6-4e29-bda6-9462a060c098@group-BAC069DAEF17-FollowerState was interrupted: java.lang.InterruptedException: sleep interrupted
2019-10-18 07:54:47,511 [grpc-default-executor-0] INFO  impl.RoleInfo (RoleInfo.java:updateAndGet(143)) - 6fa005cd-25d6-4e29-bda6-9462a060c098: start FollowerState
2019-10-18 07:54:47,525 [4b487190-7547-40c7-b780-43c37a89e8eb@group-BAC069DAEF17-LeaderElection351] INFO  impl.LeaderElection (LeaderElection.java:logAndReturn(56)) - 4b487190-7547-40c7-b780-43c37a89e8eb@group-BAC069DAEF17-LeaderElection351: Election REJECTED; received 2 response(s) [4b487190-7547-40c7-b780-43c37a89e8eb<-6fa005cd-25d6-4e29-bda6-9462a060c098#0:FAIL-t373, 4b487190-7547-40c7-b780-43c37a89e8eb<-3d3aac8b-d4d1-454d-bf0c-88a180692893#0:FAIL-t373] and 0 exception(s); 4b487190-7547-40c7-b780-43c37a89e8eb@group-BAC069DAEF17:t373, leader=null, voted=4b487190-7547-40c7-b780-43c37a89e8eb, raftlog=4b487190-7547-40c7-b780-43c37a89e8eb@group-BAC069DAEF17-SegmentedRaftLog:OPENED:c-1,f-1,i0, conf=-1: [6fa005cd-25d6-4e29-bda6-9462a060c098:192.168.69.67:36093, 4b487190-7547-40c7-b780-43c37a89e8eb:192.168.69.67:39683, 3d3aac8b-d4d1-454d-bf0c-88a180692893:192.168.69.67:34429], old=null
2019-10-18 07:54:47,526 [4b487190-7547-40c7-b780-43c37a89e8eb@group-BAC069DAEF17-LeaderElection351] INFO  impl.RaftServerImpl (RaftServerImpl.java:setRole(184)) - 4b487190-7547-40c7-b780-43c37a89e8eb@group-BAC069DAEF17: changes role from CANDIDATE to FOLLOWER at term 373 for DISCOVERED_A_NEW_TERM
2019-10-18 07:54:47,526 [4b487190-7547-40c7-b780-43c37a89e8eb@group-BAC069DAEF17-LeaderElection351] INFO  impl.RoleInfo (RoleInfo.java:shutdownLeaderElection(134)) - 4b487190-7547-40c7-b780-43c37a89e8eb: shutdown LeaderElection
2019-10-18 07:54:47,526 [4b487190-7547-40c7-b780-43c37a89e8eb@group-BAC069DAEF17-LeaderElection351] INFO  impl.RoleInfo (RoleInfo.java:updateAndGet(143)) - 4b487190-7547-40c7-b780-43c37a89e8eb: start FollowerState
2019-10-18 07:54:47,664 [Thread-2614] INFO  impl.FollowerState (FollowerState.java:run(108)) - 4b487190-7547-40c7-b780-43c37a89e8eb@group-BAC069DAEF17-FollowerState: change to CANDIDATE, lastRpcTime:138ms, electionTimeout:138ms
2019-10-18 07:54:47,664 [Thread-2614] INFO  impl.RoleInfo (RoleInfo.java:shutdownFollowerState(121)) - 4b487190-7547-40c7-b780-43c37a89e8eb: shutdown FollowerState
2019-10-18 07:54:47,665 [Thread-2614] INFO  impl.RaftServerImpl (RaftServerImpl.java:setRole(184)) - 4b487190-7547-40c7-b780-43c37a89e8eb@group-BAC069DAEF17: changes role from  FOLLOWER to CANDIDATE at term 373 for changeToCandidate
2019-10-18 07:54:47,665 [Thread-2614] INFO  impl.RoleInfo (RoleInfo.java:updateAndGet(143)) - 4b487190-7547-40c7-b780-43c37a89e8eb: start LeaderElection
2019-10-18 07:54:47,679 [4b487190-7547-40c7-b780-43c37a89e8eb@group-BAC069DAEF17-LeaderElection352] INFO  impl.LeaderElection (LeaderElection.java:askForVotes(178)) - 4b487190-7547-40c7-b780-43c37a89e8eb@group-BAC069DAEF17-LeaderElection352: begin an election at term 374 for -1: [6fa005cd-25d6-4e29-bda6-9462a060c098:192.168.69.67:36093, 4b487190-7547-40c7-b780-43c37a89e8eb:192.168.69.67:39683, 3d3aac8b-d4d1-454d-bf0c-88a180692893:192.168.69.67:34429], old=null
2019-10-18 07:54:47,681 [grpc-default-executor-0] INFO  impl.RaftServerImpl (RaftServerImpl.java:setRole(184)) - 3d3aac8b-d4d1-454d-bf0c-88a180692893@group-BAC069DAEF17: changes role from  FOLLOWER to FOLLOWER at term 374 for recognizeCandidate:4b487190-7547-40c7-b780-43c37a89e8eb
2019-10-18 07:54:47,681 [grpc-default-executor-0] INFO  impl.RoleInfo (RoleInfo.java:shutdownFollowerState(121)) - 3d3aac8b-d4d1-454d-bf0c-88a180692893: shutdown FollowerState
2019-10-18 07:54:47,681 [grpc-default-executor-2] INFO  impl.RaftServerImpl (RaftServerImpl.java:setRole(184)) - 6fa005cd-25d6-4e29-bda6-9462a060c098@group-BAC069DAEF17: changes role from  FOLLOWER to FOLLOWER at term 374 for recognizeCandidate:4b487190-7547-40c7-b780-43c37a89e8eb
2019-10-18 07:54:47,682 [grpc-default-executor-2] INFO  impl.RoleInfo (RoleInfo.java:shutdownFollowerState(121)) - 6fa005cd-25d6-4e29-bda6-9462a060c098: shutdown FollowerState
2019-10-18 07:54:47,681 [Thread-2612] INFO  impl.FollowerState (FollowerState.java:run(117)) - 3d3aac8b-d4d1-454d-bf0c-88a180692893@group-BAC069DAEF17-FollowerState was interrupted: java.lang.InterruptedException: sleep interrupted
2019-10-18 07:54:47,681 [grpc-default-executor-0] INFO  impl.RoleInfo (RoleInfo.java:updateAndGet(143)) - 3d3aac8b-d4d1-454d-bf0c-88a180692893: start FollowerState
2019-10-18 07:54:47,682 [grpc-default-executor-2] INFO  impl.RoleInfo (RoleInfo.java:updateAndGet(143)) - 6fa005cd-25d6-4e29-bda6-9462a060c098: start FollowerState
2019-10-18 07:54:47,682 [Thread-2613] INFO  impl.FollowerState (FollowerState.java:run(117)) - 6fa005cd-25d6-4e29-bda6-9462a060c098@group-BAC069DAEF17-FollowerState was interrupted: java.lang.InterruptedException: sleep interrupted
2019-10-18 07:54:47,685 [4b487190-7547-40c7-b780-43c37a89e8eb@group-BAC069DAEF17-LeaderElection352] INFO  impl.LeaderElection (LeaderElection.java:logAndReturn(56)) - 4b487190-7547-40c7-b780-43c37a89e8eb@group-BAC069DAEF17-LeaderElection352: Election TIMEOUT; received 0 response(s) [] and 0 exception(s); 4b487190-7547-40c7-b780-43c37a89e8eb@group-BAC069DAEF17:t374, leader=null, voted=4b487190-7547-40c7-b780-43c37a89e8eb, raftlog=4b487190-7547-40c7-b780-43c37a89e8eb@group-BAC069DAEF17-SegmentedRaftLog:OPENED:c-1,f-1,i0, conf=-1: [6fa005cd-25d6-4e29-bda6-9462a060c098:192.168.69.67:36093, 4b487190-7547-40c7-b780-43c37a89e8eb:192.168.69.67:39683, 3d3aac8b-d4d1-454d-bf0c-88a180692893:192.168.69.67:34429], old=null
2019-10-18 07:54:47,697 [4b487190-7547-40c7-b780-43c37a89e8eb@group-BAC069DAEF17-LeaderElection352] INFO  impl.LeaderElection (LeaderElection.java:askForVotes(178)) - 4b487190-7547-40c7-b780-43c37a89e8eb@group-BAC069DAEF17-LeaderElection352: begin an election at term 375 for -1: [6fa005cd-25d6-4e29-bda6-9462a060c098:192.168.69.67:36093, 4b487190-7547-40c7-b780-43c37a89e8eb:192.168.69.67:39683, 3d3aac8b-d4d1-454d-bf0c-88a180692893:192.168.69.67:34429], old=null
2019-10-18 07:54:47,698 [grpc-default-executor-0] INFO  impl.RaftServerImpl (RaftServerImpl.java:setRole(184)) - 6fa005cd-25d6-4e29-bda6-9462a060c098@group-BAC069DAEF17: changes role from  FOLLOWER to FOLLOWER at term 375 for recognizeCandidate:4b487190-7547-40c7-b780-43c37a89e8eb
2019-10-18 07:54:47,698 [grpc-default-executor-0] INFO  impl.RoleInfo (RoleInfo.java:shutdownFollowerState(121)) - 6fa005cd-25d6-4e29-bda6-9462a060c098: shutdown FollowerState
2019-10-18 07:54:47,698 [grpc-default-executor-0] INFO  impl.RoleInfo (RoleInfo.java:updateAndGet(143)) - 6fa005cd-25d6-4e29-bda6-9462a060c098: start FollowerState
2019-10-18 07:54:47,698 [Thread-2619] INFO  impl.FollowerState (FollowerState.java:run(117)) - 6fa005cd-25d6-4e29-bda6-9462a060c098@group-BAC069DAEF17-FollowerState was interrupted: java.lang.InterruptedException: sleep interrupted
2019-10-18 07:54:47,699 [grpc-default-executor-2] INFO  impl.RaftServerImpl (RaftServerImpl.java:setRole(184)) - 3d3aac8b-d4d1-454d-bf0c-88a180692893@group-BAC069DAEF17: changes role from  FOLLOWER to FOLLOWER at term 375 for recognizeCandidate:4b487190-7547-40c7-b780-43c37a89e8eb
2019-10-18 07:54:47,699 [grpc-default-executor-2] INFO  impl.RoleInfo (RoleInfo.java:shutdownFollowerState(121)) - 3d3aac8b-d4d1-454d-bf0c-88a180692893: shutdown FollowerState
2019-10-18 07:54:47,699 [grpc-default-executor-2] INFO  impl.RoleInfo (RoleInfo.java:updateAndGet(143)) - 3d3aac8b-d4d1-454d-bf0c-88a180692893: start FollowerState
2019-10-18 07:54:47,699 [Thread-2618] INFO  impl.FollowerState (FollowerState.java:run(117)) - 3d3aac8b-d4d1-454d-bf0c-88a180692893@group-BAC069DAEF17-FollowerState was interrupted: java.lang.InterruptedException: sleep interrupted
2019-10-18 07:54:47,712 [4b487190-7547-40c7-b780-43c37a89e8eb@group-BAC069DAEF17-LeaderElection352] INFO  impl.LeaderElection (LeaderElection.java:logAndReturn(56)) - 4b487190-7547-40c7-b780-43c37a89e8eb@group-BAC069DAEF17-LeaderElection352: Election REJECTED; received 2 response(s) [4b487190-7547-40c7-b780-43c37a89e8eb<-6fa005cd-25d6-4e29-bda6-9462a060c098#0:FAIL-t375, 4b487190-7547-40c7-b780-43c37a89e8eb<-3d3aac8b-d4d1-454d-bf0c-88a180692893#0:FAIL-t375] and 0 exception(s); 4b487190-7547-40c7-b780-43c37a89e8eb@group-BAC069DAEF17:t375, leader=null, voted=4b487190-7547-40c7-b780-43c37a89e8eb, raftlog=4b487190-7547-40c7-b780-43c37a89e8eb@group-BAC069DAEF17-SegmentedRaftLog:OPENED:c-1,f-1,i0, conf=-1: [6fa005cd-25d6-4e29-bda6-9462a060c098:192.168.69.67:36093, 4b487190-7547-40c7-b780-43c37a89e8eb:192.168.69.67:39683, 3d3aac8b-d4d1-454d-bf0c-88a180692893:192.168.69.67:34429], old=null
2019-10-18 07:54:47,712 [4b487190-7547-40c7-b780-43c37a89e8eb@group-BAC069DAEF17-LeaderElection352] INFO  impl.RaftServerImpl (RaftServerImpl.java:setRole(184)) - 4b487190-7547-40c7-b780-43c37a89e8eb@group-BAC069DAEF17: changes role from CANDIDATE to FOLLOWER at term 375 for DISCOVERED_A_NEW_TERM
2019-10-18 07:54:47,713 [4b487190-7547-40c7-b780-43c37a89e8eb@group-BAC069DAEF17-LeaderElection352] INFO  impl.RoleInfo (RoleInfo.java:shutdownLeaderElection(134)) - 4b487190-7547-40c7-b780-43c37a89e8eb: shutdown LeaderElection
2019-10-18 07:54:47,713 [4b487190-7547-40c7-b780-43c37a89e8eb@group-BAC069DAEF17-LeaderElection352] INFO  impl.RoleInfo (RoleInfo.java:updateAndGet(143)) - 4b487190-7547-40c7-b780-43c37a89e8eb: start FollowerState
2019-10-18 07:54:47,735 [Thread-2624] INFO  impl.FollowerState (FollowerState.java:run(108)) - 4b487190-7547-40c7-b780-43c37a89e8eb@group-BAC069DAEF17-FollowerState: change to CANDIDATE, lastRpcTime:22ms, electionTimeout:22ms
2019-10-18 07:54:47,735 [Thread-2624] INFO  impl.RoleInfo (RoleInfo.java:shutdownFollowerState(121)) - 4b487190-7547-40c7-b780-43c37a89e8eb: shutdown FollowerState
2019-10-18 07:54:47,735 [Thread-2624] INFO  impl.RaftServerImpl (RaftServerImpl.java:setRole(184)) - 4b487190-7547-40c7-b780-43c37a89e8eb@group-BAC069DAEF17: changes role from  FOLLOWER to CANDIDATE at term 375 for changeToCandidate
2019-10-18 07:54:47,736 [Thread-2624] INFO  impl.RoleInfo (RoleInfo.java:updateAndGet(143)) - 4b487190-7547-40c7-b780-43c37a89e8eb: start LeaderElection
2019-10-18 07:54:47,757 [4b487190-7547-40c7-b780-43c37a89e8eb@group-BAC069DAEF17-LeaderElection353] INFO  impl.LeaderElection (LeaderElection.java:askForVotes(178)) - 4b487190-7547-40c7-b780-43c37a89e8eb@group-BAC069DAEF17-LeaderElection353: begin an election at term 376 for -1: [6fa005cd-25d6-4e29-bda6-9462a060c098:192.168.69.67:36093, 4b487190-7547-40c7-b780-43c37a89e8eb:192.168.69.67:39683, 3d3aac8b-d4d1-454d-bf0c-88a180692893:192.168.69.67:34429], old=null
2019-10-18 07:54:47,759 [grpc-default-executor-0] INFO  impl.RaftServerImpl (RaftServerImpl.java:setRole(184)) - 3d3aac8b-d4d1-454d-bf0c-88a180692893@group-BAC069DAEF17: changes role from  FOLLOWER to FOLLOWER at term 376 for recognizeCandidate:4b487190-7547-40c7-b780-43c37a89e8eb
2019-10-18 07:54:47,759 [grpc-default-executor-0] INFO  impl.RoleInfo (RoleInfo.java:shutdownFollowerState(121)) - 3d3aac8b-d4d1-454d-bf0c-88a180692893: shutdown FollowerState
2019-10-18 07:54:47,759 [grpc-default-executor-0] INFO  impl.RoleInfo (RoleInfo.java:updateAndGet(143)) - 3d3aac8b-d4d1-454d-bf0c-88a180692893: start FollowerState
2019-10-18 07:54:47,759 [Thread-2623] INFO  impl.FollowerState (FollowerState.java:run(117)) - 3d3aac8b-d4d1-454d-bf0c-88a180692893@group-BAC069DAEF17-FollowerState was interrupted: java.lang.InterruptedException: sleep interrupted
2019-10-18 07:54:47,759 [grpc-default-executor-2] INFO  impl.RaftServerImpl (RaftServerImpl.java:setRole(184)) - 6fa005cd-25d6-4e29-bda6-9462a060c098@group-BAC069DAEF17: changes role from  FOLLOWER to FOLLOWER at term 376 for recognizeCandidate:4b487190-7547-40c7-b780-43c37a89e8eb
2019-10-18 07:54:47,760 [grpc-default-executor-2] INFO  impl.RoleInfo (RoleInfo.java:shutdownFollowerState(121)) - 6fa005cd-25d6-4e29-bda6-9462a060c098: shutdown FollowerState
2019-10-18 07:54:47,760 [grpc-default-executor-2] INFO  impl.RoleInfo (RoleInfo.java:updateAndGet(143)) - 6fa005cd-25d6-4e29-bda6-9462a060c098: start FollowerState
2019-10-18 07:54:47,760 [Thread-2622] INFO  impl.FollowerState (FollowerState.java:run(117)) - 6fa005cd-25d6-4e29-bda6-9462a060c098@group-BAC069DAEF17-FollowerState was interrupted: java.lang.InterruptedException: sleep interrupted
2019-10-18 07:54:47,774 [4b487190-7547-40c7-b780-43c37a89e8eb@group-BAC069DAEF17-LeaderElection353] INFO  impl.LeaderElection (LeaderElection.java:logAndReturn(56)) - 4b487190-7547-40c7-b780-43c37a89e8eb@group-BAC069DAEF17-LeaderElection353: Election REJECTED; received 2 response(s) [4b487190-7547-40c7-b780-43c37a89e8eb<-6fa005cd-25d6-4e29-bda6-9462a060c098#0:FAIL-t376, 4b487190-7547-40c7-b780-43c37a89e8eb<-3d3aac8b-d4d1-454d-bf0c-88a180692893#0:FAIL-t376] and 0 exception(s); 4b487190-7547-40c7-b780-43c37a89e8eb@group-BAC069DAEF17:t376, leader=null, voted=4b487190-7547-40c7-b780-43c37a89e8eb, raftlog=4b487190-7547-40c7-b780-43c37a89e8eb@group-BAC069DAEF17-SegmentedRaftLog:OPENED:c-1,f-1,i0, conf=-1: [6fa005cd-25d6-4e29-bda6-9462a060c098:192.168.69.67:36093, 4b487190-7547-40c7-b780-43c37a89e8eb:192.168.69.67:39683, 3d3aac8b-d4d1-454d-bf0c-88a180692893:192.168.69.67:34429], old=null
2019-10-18 07:54:47,774 [4b487190-7547-40c7-b780-43c37a89e8eb@group-BAC069DAEF17-LeaderElection353] INFO  impl.RaftServerImpl (RaftServerImpl.java:setRole(184)) - 4b487190-7547-40c7-b780-43c37a89e8eb@group-BAC069DAEF17: changes role from CANDIDATE to FOLLOWER at term 376 for DISCOVERED_A_NEW_TERM
2019-10-18 07:54:47,774 [4b487190-7547-40c7-b780-43c37a89e8eb@group-BAC069DAEF17-LeaderElection353] INFO  impl.RoleInfo (RoleInfo.java:shutdownLeaderElection(134)) - 4b487190-7547-40c7-b780-43c37a89e8eb: shutdown LeaderElection
2019-10-18 07:54:47,774 [4b487190-7547-40c7-b780-43c37a89e8eb@group-BAC069DAEF17-LeaderElection353] INFO  impl.RoleInfo (RoleInfo.java:updateAndGet(143)) - 4b487190-7547-40c7-b780-43c37a89e8eb: start FollowerState
2019-10-18 07:54:47,815 [Thread-2630] INFO  impl.FollowerState (FollowerState.java:run(108)) - 4b487190-7547-40c7-b780-43c37a89e8eb@group-BAC069DAEF17-FollowerState: change to CANDIDATE, lastRpcTime:41ms, electionTimeout:41ms
2019-10-18 07:54:47,815 [Thread-2630] INFO  impl.RoleInfo (RoleInfo.java:shutdownFollowerState(121)) - 4b487190-7547-40c7-b780-43c37a89e8eb: shutdown FollowerState
2019-10-18 07:54:47,816 [Thread-2630] INFO  impl.RaftServerImpl (RaftServerImpl.java:setRole(184)) - 4b487190-7547-40c7-b780-43c37a89e8eb@group-BAC069DAEF17: changes role from  FOLLOWER to CANDIDATE at term 376 for changeToCandidate
2019-10-18 07:54:47,816 [Thread-2630] INFO  impl.RoleInfo (RoleInfo.java:updateAndGet(143)) - 4b487190-7547-40c7-b780-43c37a89e8eb: start LeaderElection
2019-10-18 07:54:47,830 [4b487190-7547-40c7-b780-43c37a89e8eb@group-BAC069DAEF17-LeaderElection354] INFO  impl.LeaderElection (LeaderElection.java:askForVotes(178)) - 4b487190-7547-40c7-b780-43c37a89e8eb@group-BAC069DAEF17-LeaderElection354: begin an election at term 377 for -1: [6fa005cd-25d6-4e29-bda6-9462a060c098:192.168.69.67:36093, 4b487190-7547-40c7-b780-43c37a89e8eb:192.168.69.67:39683, 3d3aac8b-d4d1-454d-bf0c-88a180692893:192.168.69.67:34429], old=null
2019-10-18 07:54:47,831 [grpc-default-executor-0] INFO  impl.RaftServerImpl (RaftServerImpl.java:setRole(184)) - 3d3aac8b-d4d1-454d-bf0c-88a180692893@group-BAC069DAEF17: changes role from  FOLLOWER to FOLLOWER at term 377 for recognizeCandidate:4b487190-7547-40c7-b780-43c37a89e8eb
2019-10-18 07:54:47,832 [grpc-default-executor-0] INFO  impl.RoleInfo (RoleInfo.java:shutdownFollowerState(121)) - 3d3aac8b-d4d1-454d-bf0c-88a180692893: shutdown FollowerState
2019-10-18 07:54:47,831 [grpc-default-executor-2] INFO  impl.RaftServerImpl (RaftServerImpl.java:setRole(184)) - 6fa005cd-25d6-4e29-bda6-9462a060c098@group-BAC069DAEF17: changes role from  FOLLOWER to FOLLOWER at term 377 for recognizeCandidate:4b487190-7547-40c7-b780-43c37a89e8eb
2019-10-18 07:54:47,832 [Thread-2628] INFO  impl.FollowerState (FollowerState.java:run(117)) - 3d3aac8b-d4d1-454d-bf0c-88a180692893@group-BAC069DAEF17-FollowerState was interrupted: java.lang.InterruptedException: sleep interrupted
2019-10-18 07:54:47,832 [grpc-default-executor-0] INFO  impl.RoleInfo (RoleInfo.java:updateAndGet(143)) - 3d3aac8b-d4d1-454d-bf0c-88a180692893: start FollowerState
2019-10-18 07:54:47,832 [grpc-default-executor-2] INFO  impl.RoleInfo (RoleInfo.java:shutdownFollowerState(121)) - 6fa005cd-25d6-4e29-bda6-9462a060c098: shutdown FollowerState
2019-10-18 07:54:47,832 [grpc-default-executor-2] INFO  impl.RoleInfo (RoleInfo.java:updateAndGet(143)) - 6fa005cd-25d6-4e29-bda6-9462a060c098: start FollowerState
2019-10-18 07:54:47,832 [Thread-2629] INFO  impl.FollowerState (FollowerState.java:run(117)) - 6fa005cd-25d6-4e29-bda6-9462a060c098@group-BAC069DAEF17-FollowerState was interrupted: java.lang.InterruptedException: sleep interrupted
2019-10-18 07:54:47,847 [4b487190-7547-40c7-b780-43c37a89e8eb@group-BAC069DAEF17-LeaderElection354] INFO  impl.LeaderElection (LeaderElection.java:logAndReturn(56)) - 4b487190-7547-40c7-b780-43c37a89e8eb@group-BAC069DAEF17-LeaderElection354: Election REJECTED; received 2 response(s) [4b487190-7547-40c7-b780-43c37a89e8eb<-6fa005cd-25d6-4e29-bda6-9462a060c098#0:FAIL-t377, 4b487190-7547-40c7-b780-43c37a89e8eb<-3d3aac8b-d4d1-454d-bf0c-88a180692893#0:FAIL-t377] and 0 exception(s); 4b487190-7547-40c7-b780-43c37a89e8eb@group-BAC069DAEF17:t377, leader=null, voted=4b487190-7547-40c7-b780-43c37a89e8eb, raftlog=4b487190-7547-40c7-b780-43c37a89e8eb@group-BAC069DAEF17-SegmentedRaftLog:OPENED:c-1,f-1,i0, conf=-1: [6fa005cd-25d6-4e29-bda6-9462a060c098:192.168.69.67:36093, 4b487190-7547-40c7-b780-43c37a89e8eb:192.168.69.67:39683, 3d3aac8b-d4d1-454d-bf0c-88a180692893:192.168.69.67:34429], old=null
2019-10-18 07:54:47,847 [4b487190-7547-40c7-b780-43c37a89e8eb@group-BAC069DAEF17-LeaderElection354] INFO  impl.RaftServerImpl (RaftServerImpl.java:setRole(184)) - 4b487190-7547-40c7-b780-43c37a89e8eb@group-BAC069DAEF17: changes role from CANDIDATE to FOLLOWER at term 377 for DISCOVERED_A_NEW_TERM
2019-10-18 07:54:47,847 [4b487190-7547-40c7-b780-43c37a89e8eb@group-BAC069DAEF17-LeaderElection354] INFO  impl.RoleInfo (RoleInfo.java:shutdownLeaderElection(134)) - 4b487190-7547-40c7-b780-43c37a89e8eb: shutdown LeaderElection
2019-10-18 07:54:47,847 [4b487190-7547-40c7-b780-43c37a89e8eb@group-BAC069DAEF17-LeaderElection354] INFO  impl.RoleInfo (RoleInfo.java:updateAndGet(143)) - 4b487190-7547-40c7-b780-43c37a89e8eb: start FollowerState
2019-10-18 07:54:47,930 [Thread-2636] INFO  impl.FollowerState (FollowerState.java:run(108)) - 4b487190-7547-40c7-b780-43c37a89e8eb@group-BAC069DAEF17-FollowerState: change to CANDIDATE, lastRpcTime:83ms, electionTimeout:83ms
2019-10-18 07:54:47,930 [Thread-2636] INFO  impl.RoleInfo (RoleInfo.java:shutdownFollowerState(121)) - 4b487190-7547-40c7-b780-43c37a89e8eb: shutdown FollowerState
2019-10-18 07:54:47,931 [Thread-2636] INFO  impl.RaftServerImpl (RaftServerImpl.java:setRole(184)) - 4b487190-7547-40c7-b780-43c37a89e8eb@group-BAC069DAEF17: changes role from  FOLLOWER to CANDIDATE at term 377 for changeToCandidate
2019-10-18 07:54:47,931 [Thread-2636] INFO  impl.RoleInfo (RoleInfo.java:updateAndGet(143)) - 4b487190-7547-40c7-b780-43c37a89e8eb: start LeaderElection
2019-10-18 07:54:47,944 [4b487190-7547-40c7-b780-43c37a89e8eb@group-BAC069DAEF17-LeaderElection355] INFO  impl.LeaderElection (LeaderElection.java:askForVotes(178)) - 4b487190-7547-40c7-b780-43c37a89e8eb@group-BAC069DAEF17-LeaderElection355: begin an election at term 378 for -1: [6fa005cd-25d6-4e29-bda6-9462a060c098:192.168.69.67:36093, 4b487190-7547-40c7-b780-43c37a89e8eb:192.168.69.67:39683, 3d3aac8b-d4d1-454d-bf0c-88a180692893:192.168.69.67:34429], old=null
2019-10-18 07:54:47,946 [grpc-default-executor-0] INFO  impl.RaftServerImpl (RaftServerImpl.java:setRole(184)) - 6fa005cd-25d6-4e29-bda6-9462a060c098@group-BAC069DAEF17: changes role from  FOLLOWER to FOLLOWER at term 378 for recognizeCandidate:4b487190-7547-40c7-b780-43c37a89e8eb
2019-10-18 07:54:47,946 [grpc-default-executor-0] INFO  impl.RoleInfo (RoleInfo.java:shutdownFollowerState(121)) - 6fa005cd-25d6-4e29-bda6-9462a060c098: shutdown FollowerState
2019-10-18 07:54:47,947 [grpc-default-executor-2] INFO  impl.RaftServerImpl (RaftServerImpl.java:setRole(184)) - 3d3aac8b-d4d1-454d-bf0c-88a180692893@group-BAC069DAEF17: changes role from  FOLLOWER to FOLLOWER at term 378 for recognizeCandidate:4b487190-7547-40c7-b780-43c37a89e8eb
2019-10-18 07:54:47,947 [grpc-default-executor-2] INFO  impl.RoleInfo (RoleInfo.java:shutdownFollowerState(121)) - 3d3aac8b-d4d1-454d-bf0c-88a180692893: shutdown FollowerState
2019-10-18 07:54:47,947 [Thread-2635] INFO  impl.FollowerState (FollowerState.java:run(117)) - 6fa005cd-25d6-4e29-bda6-9462a060c098@group-BAC069DAEF17-FollowerState was interrupted: java.lang.InterruptedException: sleep interrupted
2019-10-18 07:54:47,947 [grpc-default-executor-0] INFO  impl.RoleInfo (RoleInfo.java:updateAndGet(143)) - 6fa005cd-25d6-4e29-bda6-9462a060c098: start FollowerState
2019-10-18 07:54:47,947 [Thread-2634] INFO  impl.FollowerState (FollowerState.java:run(117)) - 3d3aac8b-d4d1-454d-bf0c-88a180692893@group-BAC069DAEF17-FollowerState was interrupted: java.lang.InterruptedException: sleep interrupted
2019-10-18 07:54:47,947 [grpc-default-executor-2] INFO  impl.RoleInfo (RoleInfo.java:updateAndGet(143)) - 3d3aac8b-d4d1-454d-bf0c-88a180692893: start FollowerState
2019-10-18 07:54:47,961 [4b487190-7547-40c7-b780-43c37a89e8eb@group-BAC069DAEF17-LeaderElection355] INFO  impl.LeaderElection (LeaderElection.java:logAndReturn(56)) - 4b487190-7547-40c7-b780-43c37a89e8eb@group-BAC069DAEF17-LeaderElection355: Election REJECTED; received 2 response(s) [4b487190-7547-40c7-b780-43c37a89e8eb<-6fa005cd-25d6-4e29-bda6-9462a060c098#0:FAIL-t378, 4b487190-7547-40c7-b780-43c37a89e8eb<-3d3aac8b-d4d1-454d-bf0c-88a180692893#0:FAIL-t378] and 0 exception(s); 4b487190-7547-40c7-b780-43c37a89e8eb@group-BAC069DAEF17:t378, leader=null, voted=4b487190-7547-40c7-b780-43c37a89e8eb, raftlog=4b487190-7547-40c7-b780-43c37a89e8eb@group-BAC069DAEF17-SegmentedRaftLog:OPENED:c-1,f-1,i0, conf=-1: [6fa005cd-25d6-4e29-bda6-9462a060c098:192.168.69.67:36093, 4b487190-7547-40c7-b780-43c37a89e8eb:192.168.69.67:39683, 3d3aac8b-d4d1-454d-bf0c-88a180692893:192.168.69.67:34429], old=null
2019-10-18 07:54:47,961 [4b487190-7547-40c7-b780-43c37a89e8eb@group-BAC069DAEF17-LeaderElection355] INFO  impl.RaftServerImpl (RaftServerImpl.java:setRole(184)) - 4b487190-7547-40c7-b780-43c37a89e8eb@group-BAC069DAEF17: changes role from CANDIDATE to FOLLOWER at term 378 for DISCOVERED_A_NEW_TERM
2019-10-18 07:54:47,961 [4b487190-7547-40c7-b780-43c37a89e8eb@group-BAC069DAEF17-LeaderElection355] INFO  impl.RoleInfo (RoleInfo.java:shutdownLeaderElection(134)) - 4b487190-7547-40c7-b780-43c37a89e8eb: shutdown LeaderElection
2019-10-18 07:54:47,962 [4b487190-7547-40c7-b780-43c37a89e8eb@group-BAC069DAEF17-LeaderElection355] INFO  impl.RoleInfo (RoleInfo.java:updateAndGet(143)) - 4b487190-7547-40c7-b780-43c37a89e8eb: start FollowerState
2019-10-18 07:54:47,981 [Thread-2642] INFO  impl.FollowerState (FollowerState.java:run(108)) - 4b487190-7547-40c7-b780-43c37a89e8eb@group-BAC069DAEF17-FollowerState: change to CANDIDATE, lastRpcTime:19ms, electionTimeout:19ms
2019-10-18 07:54:47,981 [Thread-2642] INFO  impl.RoleInfo (RoleInfo.java:shutdownFollowerState(121)) - 4b487190-7547-40c7-b780-43c37a89e8eb: shutdown FollowerState
2019-10-18 07:54:47,981 [Thread-2642] INFO  impl.RaftServerImpl (RaftServerImpl.java:setRole(184)) - 4b487190-7547-40c7-b780-43c37a89e8eb@group-BAC069DAEF17: changes role from  FOLLOWER to CANDIDATE at term 378 for changeToCandidate
2019-10-18 07:54:47,981 [Thread-2642] INFO  impl.RoleInfo (RoleInfo.java:updateAndGet(143)) - 4b487190-7547-40c7-b780-43c37a89e8eb: start LeaderElection
2019-10-18 07:54:47,994 [4b487190-7547-40c7-b780-43c37a89e8eb@group-BAC069DAEF17-LeaderElection356] INFO  impl.LeaderElection (LeaderElection.java:askForVotes(178)) - 4b487190-7547-40c7-b780-43c37a89e8eb@group-BAC069DAEF17-LeaderElection356: begin an election at term 379 for -1: [6fa005cd-25d6-4e29-bda6-9462a060c098:192.168.69.67:36093, 4b487190-7547-40c7-b780-43c37a89e8eb:192.168.69.67:39683, 3d3aac8b-d4d1-454d-bf0c-88a180692893:192.168.69.67:34429], old=null
2019-10-18 07:54:47,996 [grpc-default-executor-2] INFO  impl.RaftServerImpl (RaftServerImpl.java:setRole(184)) - 6fa005cd-25d6-4e29-bda6-9462a060c098@group-BAC069DAEF17: changes role from  FOLLOWER to FOLLOWER at term 379 for recognizeCandidate:4b487190-7547-40c7-b780-43c37a89e8eb
2019-10-18 07:54:47,996 [grpc-default-executor-0] INFO  impl.RaftServerImpl (RaftServerImpl.java:setRole(184)) - 3d3aac8b-d4d1-454d-bf0c-88a180692893@group-BAC069DAEF17: changes role from  FOLLOWER to FOLLOWER at term 379 for recognizeCandidate:4b487190-7547-40c7-b780-43c37a89e8eb
2019-10-18 07:54:47,996 [grpc-default-executor-0] INFO  impl.RoleInfo (RoleInfo.java:shutdownFollowerState(121)) - 3d3aac8b-d4d1-454d-bf0c-88a180692893: shutdown FollowerState
2019-10-18 07:54:47,996 [grpc-default-executor-2] INFO  impl.RoleInfo (RoleInfo.java:shutdownFollowerState(121)) - 6fa005cd-25d6-4e29-bda6-9462a060c098: shutdown FollowerState
2019-10-18 07:54:47,996 [Thread-2641] INFO  impl.FollowerState (FollowerState.java:run(117)) - 3d3aac8b-d4d1-454d-bf0c-88a180692893@group-BAC069DAEF17-FollowerState was interrupted: java.lang.InterruptedException: sleep interrupted
2019-10-18 07:54:47,996 [grpc-default-executor-0] INFO  impl.RoleInfo (RoleInfo.java:updateAndGet(143)) - 3d3aac8b-d4d1-454d-bf0c-88a180692893: start FollowerState
2019-10-18 07:54:47,997 [Thread-2640] INFO  impl.FollowerState (FollowerState.java:run(117)) - 6fa005cd-25d6-4e29-bda6-9462a060c098@group-BAC069DAEF17-FollowerState was interrupted: java.lang.InterruptedException: sleep interrupted
2019-10-18 07:54:47,997 [grpc-default-executor-2] INFO  impl.RoleInfo (RoleInfo.java:updateAndGet(143)) - 6fa005cd-25d6-4e29-bda6-9462a060c098: start FollowerState
2019-10-18 07:54:48,011 [4b487190-7547-40c7-b780-43c37a89e8eb@group-BAC069DAEF17-LeaderElection356] INFO  impl.LeaderElection (LeaderElection.java:logAndReturn(56)) - 4b487190-7547-40c7-b780-43c37a89e8eb@group-BAC069DAEF17-LeaderElection356: Election REJECTED; received 2 response(s) [4b487190-7547-40c7-b780-43c37a89e8eb<-6fa005cd-25d6-4e29-bda6-9462a060c098#0:FAIL-t379, 4b487190-7547-40c7-b780-43c37a89e8eb<-3d3aac8b-d4d1-454d-bf0c-88a180692893#0:FAIL-t379] and 0 exception(s); 4b487190-7547-40c7-b780-43c37a89e8eb@group-BAC069DAEF17:t379, leader=null, voted=4b487190-7547-40c7-b780-43c37a89e8eb, raftlog=4b487190-7547-40c7-b780-43c37a89e8eb@group-BAC069DAEF17-SegmentedRaftLog:OPENED:c-1,f-1,i0, conf=-1: [6fa005cd-25d6-4e29-bda6-9462a060c098:192.168.69.67:36093, 4b487190-7547-40c7-b780-43c37a89e8eb:192.168.69.67:39683, 3d3aac8b-d4d1-454d-bf0c-88a180692893:192.168.69.67:34429], old=null
2019-10-18 07:54:48,011 [4b487190-7547-40c7-b780-43c37a89e8eb@group-BAC069DAEF17-LeaderElection356] INFO  impl.RaftServerImpl (RaftServerImpl.java:setRole(184)) - 4b487190-7547-40c7-b780-43c37a89e8eb@group-BAC069DAEF17: changes role from CANDIDATE to FOLLOWER at term 379 for DISCOVERED_A_NEW_TERM
2019-10-18 07:54:48,011 [4b487190-7547-40c7-b780-43c37a89e8eb@group-BAC069DAEF17-LeaderElection356] INFO  impl.RoleInfo (RoleInfo.java:shutdownLeaderElection(134)) - 4b487190-7547-40c7-b780-43c37a89e8eb: shutdown LeaderElection
2019-10-18 07:54:48,011 [4b487190-7547-40c7-b780-43c37a89e8eb@group-BAC069DAEF17-LeaderElection356] INFO  impl.RoleInfo (RoleInfo.java:updateAndGet(143)) - 4b487190-7547-40c7-b780-43c37a89e8eb: start FollowerState
2019-10-18 07:54:48,088 [Thread-2648] INFO  impl.FollowerState (FollowerState.java:run(108)) - 4b487190-7547-40c7-b780-43c37a89e8eb@group-BAC069DAEF17-FollowerState: change to CANDIDATE, lastRpcTime:76ms, electionTimeout:76ms
2019-10-18 07:54:48,088 [Thread-2648] INFO  impl.RoleInfo (RoleInfo.java:shutdownFollowerState(121)) - 4b487190-7547-40c7-b780-43c37a89e8eb: shutdown FollowerState
2019-10-18 07:54:48,088 [Thread-2648] INFO  impl.RaftServerImpl (RaftServerImpl.java:setRole(184)) - 4b487190-7547-40c7-b780-43c37a89e8eb@group-BAC069DAEF17: changes role from  FOLLOWER to CANDIDATE at term 379 for changeToCandidate
2019-10-18 07:54:48,088 [Thread-2648] INFO  impl.RoleInfo (RoleInfo.java:updateAndGet(143)) - 4b487190-7547-40c7-b780-43c37a89e8eb: start LeaderElection
2019-10-18 07:54:48,102 [4b487190-7547-40c7-b780-43c37a89e8eb@group-BAC069DAEF17-LeaderElection357] INFO  impl.LeaderElection (LeaderElection.java:askForVotes(178)) - 4b487190-7547-40c7-b780-43c37a89e8eb@group-BAC069DAEF17-LeaderElection357: begin an election at term 380 for -1: [6fa005cd-25d6-4e29-bda6-9462a060c098:192.168.69.67:36093, 4b487190-7547-40c7-b780-43c37a89e8eb:192.168.69.67:39683, 3d3aac8b-d4d1-454d-bf0c-88a180692893:192.168.69.67:34429], old=null
2019-10-18 07:54:48,104 [grpc-default-executor-0] INFO  impl.RaftServerImpl (RaftServerImpl.java:setRole(184)) - 6fa005cd-25d6-4e29-bda6-9462a060c098@group-BAC069DAEF17: changes role from  FOLLOWER to FOLLOWER at term 380 for recognizeCandidate:4b487190-7547-40c7-b780-43c37a89e8eb
2019-10-18 07:54:48,104 [grpc-default-executor-0] INFO  impl.RoleInfo (RoleInfo.java:shutdownFollowerState(121)) - 6fa005cd-25d6-4e29-bda6-9462a060c098: shutdown FollowerState
2019-10-18 07:54:48,104 [grpc-default-executor-2] INFO  impl.RaftServerImpl (RaftServerImpl.java:setRole(184)) - 3d3aac8b-d4d1-454d-bf0c-88a180692893@group-BAC069DAEF17: changes role from  FOLLOWER to FOLLOWER at term 380 for recognizeCandidate:4b487190-7547-40c7-b780-43c37a89e8eb
2019-10-18 07:54:48,105 [Thread-2647] INFO  impl.FollowerState (FollowerState.java:run(117)) - 6fa005cd-25d6-4e29-bda6-9462a060c098@group-BAC069DAEF17-FollowerState was interrupted: java.lang.InterruptedException: sleep interrupted
2019-10-18 07:54:48,105 [grpc-default-executor-0] INFO  impl.RoleInfo (RoleInfo.java:updateAndGet(143)) - 6fa005cd-25d6-4e29-bda6-9462a060c098: start FollowerState
2019-10-18 07:54:48,105 [grpc-default-executor-2] INFO  impl.RoleInfo (RoleInfo.java:shutdownFollowerState(121)) - 3d3aac8b-d4d1-454d-bf0c-88a180692893: shutdown FollowerState
2019-10-18 07:54:48,105 [grpc-default-executor-2] INFO  impl.RoleInfo (RoleInfo.java:updateAndGet(143)) - 3d3aac8b-d4d1-454d-bf0c-88a180692893: start FollowerState
2019-10-18 07:54:48,105 [Thread-2646] INFO  impl.FollowerState (FollowerState.java:run(117)) - 3d3aac8b-d4d1-454d-bf0c-88a180692893@group-BAC069DAEF17-FollowerState was interrupted: java.lang.InterruptedException: sleep interrupted
2019-10-18 07:54:48,120 [4b487190-7547-40c7-b780-43c37a89e8eb@group-BAC069DAEF17-LeaderElection357] INFO  impl.LeaderElection (LeaderElection.java:logAndReturn(56)) - 4b487190-7547-40c7-b780-43c37a89e8eb@group-BAC069DAEF17-LeaderElection357: Election REJECTED; received 2 response(s) [4b487190-7547-40c7-b780-43c37a89e8eb<-6fa005cd-25d6-4e29-bda6-9462a060c098#0:FAIL-t380, 4b487190-7547-40c7-b780-43c37a89e8eb<-3d3aac8b-d4d1-454d-bf0c-88a180692893#0:FAIL-t380] and 0 exception(s); 4b487190-7547-40c7-b780-43c37a89e8eb@group-BAC069DAEF17:t380, leader=null, voted=4b487190-7547-40c7-b780-43c37a89e8eb, raftlog=4b487190-7547-40c7-b780-43c37a89e8eb@group-BAC069DAEF17-SegmentedRaftLog:OPENED:c-1,f-1,i0, conf=-1: [6fa005cd-25d6-4e29-bda6-9462a060c098:192.168.69.67:36093, 4b487190-7547-40c7-b780-43c37a89e8eb:192.168.69.67:39683, 3d3aac8b-d4d1-454d-bf0c-88a180692893:192.168.69.67:34429], old=null
2019-10-18 07:54:48,121 [4b487190-7547-40c7-b780-43c37a89e8eb@group-BAC069DAEF17-LeaderElection357] INFO  impl.RaftServerImpl (RaftServerImpl.java:setRole(184)) - 4b487190-7547-40c7-b780-43c37a89e8eb@group-BAC069DAEF17: changes role from CANDIDATE to FOLLOWER at term 380 for DISCOVERED_A_NEW_TERM
2019-10-18 07:54:48,121 [4b487190-7547-40c7-b780-43c37a89e8eb@group-BAC069DAEF17-LeaderElection357] INFO  impl.RoleInfo (RoleInfo.java:shutdownLeaderElection(134)) - 4b487190-7547-40c7-b780-43c37a89e8eb: shutdown LeaderElection
2019-10-18 07:54:48,121 [4b487190-7547-40c7-b780-43c37a89e8eb@group-BAC069DAEF17-LeaderElection357] INFO  impl.RoleInfo (RoleInfo.java:updateAndGet(143)) - 4b487190-7547-40c7-b780-43c37a89e8eb: start FollowerState
2019-10-18 07:54:48,136 [Thread-2654] INFO  impl.FollowerState (FollowerState.java:run(108)) - 4b487190-7547-40c7-b780-43c37a89e8eb@group-BAC069DAEF17-FollowerState: change to CANDIDATE, lastRpcTime:15ms, electionTimeout:15ms
2019-10-18 07:54:48,136 [Thread-2654] INFO  impl.RoleInfo (RoleInfo.java:shutdownFollowerState(121)) - 4b487190-7547-40c7-b780-43c37a89e8eb: shutdown FollowerState
2019-10-18 07:54:48,137 [Thread-2654] INFO  impl.RaftServerImpl (RaftServerImpl.java:setRole(184)) - 4b487190-7547-40c7-b780-43c37a89e8eb@group-BAC069DAEF17: changes role from  FOLLOWER to CANDIDATE at term 380 for changeToCandidate
2019-10-18 07:54:48,137 [Thread-2654] INFO  impl.RoleInfo (RoleInfo.java:updateAndGet(143)) - 4b487190-7547-40c7-b780-43c37a89e8eb: start LeaderElection
2019-10-18 07:54:48,150 [4b487190-7547-40c7-b780-43c37a89e8eb@group-BAC069DAEF17-LeaderElection358] INFO  impl.LeaderElection (LeaderElection.java:askForVotes(178)) - 4b487190-7547-40c7-b780-43c37a89e8eb@group-BAC069DAEF17-LeaderElection358: begin an election at term 381 for -1: [6fa005cd-25d6-4e29-bda6-9462a060c098:192.168.69.67:36093, 4b487190-7547-40c7-b780-43c37a89e8eb:192.168.69.67:39683, 3d3aac8b-d4d1-454d-bf0c-88a180692893:192.168.69.67:34429], old=null
2019-10-18 07:54:48,152 [grpc-default-executor-0] INFO  impl.RaftServerImpl (RaftServerImpl.java:setRole(184)) - 6fa005cd-25d6-4e29-bda6-9462a060c098@group-BAC069DAEF17: changes role from  FOLLOWER to FOLLOWER at term 381 for recognizeCandidate:4b487190-7547-40c7-b780-43c37a89e8eb
2019-10-18 07:54:48,152 [grpc-default-executor-0] INFO  impl.RoleInfo (RoleInfo.java:shutdownFollowerState(121)) - 6fa005cd-25d6-4e29-bda6-9462a060c098: shutdown FollowerState
2019-10-18 07:54:48,152 [grpc-default-executor-0] INFO  impl.RoleInfo (RoleInfo.java:updateAndGet(143)) - 6fa005cd-25d6-4e29-bda6-9462a060c098: start FollowerState
2019-10-18 07:54:48,152 [Thread-2652] INFO  impl.FollowerState (FollowerState.java:run(117)) - 6fa005cd-25d6-4e29-bda6-9462a060c098@group-BAC069DAEF17-FollowerState was interrupted: java.lang.InterruptedException: sleep interrupted
2019-10-18 07:54:48,152 [grpc-default-executor-2] INFO  impl.RaftServerImpl (RaftServerImpl.java:setRole(184)) - 3d3aac8b-d4d1-454d-bf0c-88a180692893@group-BAC069DAEF17: changes role from  FOLLOWER to FOLLOWER at term 381 for recognizeCandidate:4b487190-7547-40c7-b780-43c37a89e8eb
2019-10-18 07:54:48,152 [grpc-default-executor-2] INFO  impl.RoleInfo (RoleInfo.java:shutdownFollowerState(121)) - 3d3aac8b-d4d1-454d-bf0c-88a180692893: shutdown FollowerState
2019-10-18 07:54:48,153 [grpc-default-executor-2] INFO  impl.RoleInfo (RoleInfo.java:updateAndGet(143)) - 3d3aac8b-d4d1-454d-bf0c-88a180692893: start FollowerState
2019-10-18 07:54:48,153 [Thread-2653] INFO  impl.FollowerState (FollowerState.java:run(117)) - 3d3aac8b-d4d1-454d-bf0c-88a180692893@group-BAC069DAEF17-FollowerState was interrupted: java.lang.InterruptedException: sleep interrupted
2019-10-18 07:54:48,166 [4b487190-7547-40c7-b780-43c37a89e8eb@group-BAC069DAEF17-LeaderElection358] INFO  impl.LeaderElection (LeaderElection.java:logAndReturn(56)) - 4b487190-7547-40c7-b780-43c37a89e8eb@group-BAC069DAEF17-LeaderElection358: Election REJECTED; received 2 response(s) [4b487190-7547-40c7-b780-43c37a89e8eb<-6fa005cd-25d6-4e29-bda6-9462a060c098#0:FAIL-t381, 4b487190-7547-40c7-b780-43c37a89e8eb<-3d3aac8b-d4d1-454d-bf0c-88a180692893#0:FAIL-t381] and 0 exception(s); 4b487190-7547-40c7-b780-43c37a89e8eb@group-BAC069DAEF17:t381, leader=null, voted=4b487190-7547-40c7-b780-43c37a89e8eb, raftlog=4b487190-7547-40c7-b780-43c37a89e8eb@group-BAC069DAEF17-SegmentedRaftLog:OPENED:c-1,f-1,i0, conf=-1: [6fa005cd-25d6-4e29-bda6-9462a060c098:192.168.69.67:36093, 4b487190-7547-40c7-b780-43c37a89e8eb:192.168.69.67:39683, 3d3aac8b-d4d1-454d-bf0c-88a180692893:192.168.69.67:34429], old=null
2019-10-18 07:54:48,166 [4b487190-7547-40c7-b780-43c37a89e8eb@group-BAC069DAEF17-LeaderElection358] INFO  impl.RaftServerImpl (RaftServerImpl.java:setRole(184)) - 4b487190-7547-40c7-b780-43c37a89e8eb@group-BAC069DAEF17: changes role from CANDIDATE to FOLLOWER at term 381 for DISCOVERED_A_NEW_TERM
2019-10-18 07:54:48,166 [4b487190-7547-40c7-b780-43c37a89e8eb@group-BAC069DAEF17-LeaderElection358] INFO  impl.RoleInfo (RoleInfo.java:shutdownLeaderElection(134)) - 4b487190-7547-40c7-b780-43c37a89e8eb: shutdown LeaderElection
2019-10-18 07:54:48,166 [4b487190-7547-40c7-b780-43c37a89e8eb@group-BAC069DAEF17-LeaderElection358] INFO  impl.RoleInfo (RoleInfo.java:updateAndGet(143)) - 4b487190-7547-40c7-b780-43c37a89e8eb: start FollowerState
2019-10-18 07:54:48,362 [Thread-2660] INFO  impl.FollowerState (FollowerState.java:run(108)) - 4b487190-7547-40c7-b780-43c37a89e8eb@group-BAC069DAEF17-FollowerState: change to CANDIDATE, lastRpcTime:195ms, electionTimeout:195ms
2019-10-18 07:54:48,362 [Thread-2660] INFO  impl.RoleInfo (RoleInfo.java:shutdownFollowerState(121)) - 4b487190-7547-40c7-b780-43c37a89e8eb: shutdown FollowerState
2019-10-18 07:54:48,362 [Thread-2660] INFO  impl.RaftServerImpl (RaftServerImpl.java:setRole(184)) - 4b487190-7547-40c7-b780-43c37a89e8eb@group-BAC069DAEF17: changes role from  FOLLOWER to CANDIDATE at term 381 for changeToCandidate
2019-10-18 07:54:48,362 [Thread-2660] INFO  impl.RoleInfo (RoleInfo.java:updateAndGet(143)) - 4b487190-7547-40c7-b780-43c37a89e8eb: start LeaderElection
2019-10-18 07:54:48,376 [4b487190-7547-40c7-b780-43c37a89e8eb@group-BAC069DAEF17-LeaderElection359] INFO  impl.LeaderElection (LeaderElection.java:askForVotes(178)) - 4b487190-7547-40c7-b780-43c37a89e8eb@group-BAC069DAEF17-LeaderElection359: begin an election at term 382 for -1: [6fa005cd-25d6-4e29-bda6-9462a060c098:192.168.69.67:36093, 4b487190-7547-40c7-b780-43c37a89e8eb:192.168.69.67:39683, 3d3aac8b-d4d1-454d-bf0c-88a180692893:192.168.69.67:34429], old=null
2019-10-18 07:54:48,378 [grpc-default-executor-0] INFO  impl.RaftServerImpl (RaftServerImpl.java:setRole(184)) - 3d3aac8b-d4d1-454d-bf0c-88a180692893@group-BAC069DAEF17: changes role from  FOLLOWER to FOLLOWER at term 382 for recognizeCandidate:4b487190-7547-40c7-b780-43c37a89e8eb
2019-10-18 07:54:48,379 [grpc-default-executor-2] INFO  impl.RaftServerImpl (RaftServerImpl.java:setRole(184)) - 6fa005cd-25d6-4e29-bda6-9462a060c098@group-BAC069DAEF17: changes role from  FOLLOWER to FOLLOWER at term 382 for recognizeCandidate:4b487190-7547-40c7-b780-43c37a89e8eb
2019-10-18 07:54:48,379 [grpc-default-executor-2] INFO  impl.RoleInfo (RoleInfo.java:shutdownFollowerState(121)) - 6fa005cd-25d6-4e29-bda6-9462a060c098: shutdown FollowerState
2019-10-18 07:54:48,379 [grpc-default-executor-0] INFO  impl.RoleInfo (RoleInfo.java:shutdownFollowerState(121)) - 3d3aac8b-d4d1-454d-bf0c-88a180692893: shutdown FollowerState
2019-10-18 07:54:48,379 [Thread-2658] INFO  impl.FollowerState (FollowerState.java:run(117)) - 6fa005cd-25d6-4e29-bda6-9462a060c098@group-BAC069DAEF17-FollowerState was interrupted: java.lang.InterruptedException: sleep interrupted
2019-10-18 07:54:48,379 [Thread-2659] INFO  impl.FollowerState (FollowerState.java:run(117)) - 3d3aac8b-d4d1-454d-bf0c-88a180692893@group-BAC069DAEF17-FollowerState was interrupted: java.lang.InterruptedException: sleep interrupted
2019-10-18 07:54:48,379 [grpc-default-executor-2] INFO  impl.RoleInfo (RoleInfo.java:updateAndGet(143)) - 6fa005cd-25d6-4e29-bda6-9462a060c098: start FollowerState
2019-10-18 07:54:48,379 [grpc-default-executor-0] INFO  impl.RoleInfo (RoleInfo.java:updateAndGet(143)) - 3d3aac8b-d4d1-454d-bf0c-88a180692893: start FollowerState
2019-10-18 07:54:48,392 [4b487190-7547-40c7-b780-43c37a89e8eb@group-BAC069DAEF17-LeaderElection359] INFO  impl.LeaderElection (LeaderElection.java:logAndReturn(56)) - 4b487190-7547-40c7-b780-43c37a89e8eb@group-BAC069DAEF17-LeaderElection359: Election REJECTED; received 2 response(s) [4b487190-7547-40c7-b780-43c37a89e8eb<-6fa005cd-25d6-4e29-bda6-9462a060c098#0:FAIL-t382, 4b487190-7547-40c7-b780-43c37a89e8eb<-3d3aac8b-d4d1-454d-bf0c-88a180692893#0:FAIL-t382] and 0 exception(s); 4b487190-7547-40c7-b780-43c37a89e8eb@group-BAC069DAEF17:t382, leader=null, voted=4b487190-7547-40c7-b780-43c37a89e8eb, raftlog=4b487190-7547-40c7-b780-43c37a89e8eb@group-BAC069DAEF17-SegmentedRaftLog:OPENED:c-1,f-1,i0, conf=-1: [6fa005cd-25d6-4e29-bda6-9462a060c098:192.168.69.67:36093, 4b487190-7547-40c7-b780-43c37a89e8eb:192.168.69.67:39683, 3d3aac8b-d4d1-454d-bf0c-88a180692893:192.168.69.67:34429], old=null
2019-10-18 07:54:48,392 [4b487190-7547-40c7-b780-43c37a89e8eb@group-BAC069DAEF17-LeaderElection359] INFO  impl.RaftServerImpl (RaftServerImpl.java:setRole(184)) - 4b487190-7547-40c7-b780-43c37a89e8eb@group-BAC069DAEF17: changes role from CANDIDATE to FOLLOWER at term 382 for DISCOVERED_A_NEW_TERM
2019-10-18 07:54:48,393 [4b487190-7547-40c7-b780-43c37a89e8eb@group-BAC069DAEF17-LeaderElection359] INFO  impl.RoleInfo (RoleInfo.java:shutdownLeaderElection(134)) - 4b487190-7547-40c7-b780-43c37a89e8eb: shutdown LeaderElection
2019-10-18 07:54:48,393 [4b487190-7547-40c7-b780-43c37a89e8eb@group-BAC069DAEF17-LeaderElection359] INFO  impl.RoleInfo (RoleInfo.java:updateAndGet(143)) - 4b487190-7547-40c7-b780-43c37a89e8eb: start FollowerState
2019-10-18 07:54:48,498 [Thread-2666] INFO  impl.FollowerState (FollowerState.java:run(108)) - 4b487190-7547-40c7-b780-43c37a89e8eb@group-BAC069DAEF17-FollowerState: change to CANDIDATE, lastRpcTime:105ms, electionTimeout:105ms
2019-10-18 07:54:48,498 [Thread-2666] INFO  impl.RoleInfo (RoleInfo.java:shutdownFollowerState(121)) - 4b487190-7547-40c7-b780-43c37a89e8eb: shutdown FollowerState
2019-10-18 07:54:48,498 [Thread-2666] INFO  impl.RaftServerImpl (RaftServerImpl.java:setRole(184)) - 4b487190-7547-40c7-b780-43c37a89e8eb@group-BAC069DAEF17: changes role from  FOLLOWER to CANDIDATE at term 382 for changeToCandidate
2019-10-18 07:54:48,499 [Thread-2666] INFO  impl.RoleInfo (RoleInfo.java:updateAndGet(143)) - 4b487190-7547-40c7-b780-43c37a89e8eb: start LeaderElection
2019-10-18 07:54:48,524 [4b487190-7547-40c7-b780-43c37a89e8eb@group-BAC069DAEF17-LeaderElection360] INFO  impl.LeaderElection (LeaderElection.java:askForVotes(178)) - 4b487190-7547-40c7-b780-43c37a89e8eb@group-BAC069DAEF17-LeaderElection360: begin an election at term 383 for -1: [6fa005cd-25d6-4e29-bda6-9462a060c098:192.168.69.67:36093, 4b487190-7547-40c7-b780-43c37a89e8eb:192.168.69.67:39683, 3d3aac8b-d4d1-454d-bf0c-88a180692893:192.168.69.67:34429], old=null
2019-10-18 07:54:48,526 [grpc-default-executor-0] INFO  impl.RaftServerImpl (RaftServerImpl.java:setRole(184)) - 6fa005cd-25d6-4e29-bda6-9462a060c098@group-BAC069DAEF17: changes role from  FOLLOWER to FOLLOWER at term 383 for recognizeCandidate:4b487190-7547-40c7-b780-43c37a89e8eb
2019-10-18 07:54:48,526 [grpc-default-executor-0] INFO  impl.RoleInfo (RoleInfo.java:shutdownFollowerState(121)) - 6fa005cd-25d6-4e29-bda6-9462a060c098: shutdown FollowerState
2019-10-18 07:54:48,526 [grpc-default-executor-2] INFO  impl.RaftServerImpl (RaftServerImpl.java:setRole(184)) - 3d3aac8b-d4d1-454d-bf0c-88a180692893@group-BAC069DAEF17: changes role from  FOLLOWER to FOLLOWER at term 383 for recognizeCandidate:4b487190-7547-40c7-b780-43c37a89e8eb
2019-10-18 07:54:48,526 [Thread-2664] INFO  impl.FollowerState (FollowerState.java:run(117)) - 6fa005cd-25d6-4e29-bda6-9462a060c098@group-BAC069DAEF17-FollowerState was interrupted: java.lang.InterruptedException: sleep interrupted
2019-10-18 07:54:48,526 [grpc-default-executor-0] INFO  impl.RoleInfo (RoleInfo.java:updateAndGet(143)) - 6fa005cd-25d6-4e29-bda6-9462a060c098: start FollowerState
2019-10-18 07:54:48,526 [grpc-default-executor-2] INFO  impl.RoleInfo (RoleInfo.java:shutdownFollowerState(121)) - 3d3aac8b-d4d1-454d-bf0c-88a180692893: shutdown FollowerState
2019-10-18 07:54:48,527 [grpc-default-executor-2] INFO  impl.RoleInfo (RoleInfo.java:updateAndGet(143)) - 3d3aac8b-d4d1-454d-bf0c-88a180692893: start FollowerState
2019-10-18 07:54:48,527 [Thread-2665] INFO  impl.FollowerState (FollowerState.java:run(117)) - 3d3aac8b-d4d1-454d-bf0c-88a180692893@group-BAC069DAEF17-FollowerState was interrupted: java.lang.InterruptedException: sleep interrupted
2019-10-18 07:54:48,541 [4b487190-7547-40c7-b780-43c37a89e8eb@group-BAC069DAEF17-LeaderElection360] INFO  impl.LeaderElection (LeaderElection.java:logAndReturn(56)) - 4b487190-7547-40c7-b780-43c37a89e8eb@group-BAC069DAEF17-LeaderElection360: Election REJECTED; received 2 response(s) [4b487190-7547-40c7-b780-43c37a89e8eb<-6fa005cd-25d6-4e29-bda6-9462a060c098#0:FAIL-t383, 4b487190-7547-40c7-b780-43c37a89e8eb<-3d3aac8b-d4d1-454d-bf0c-88a180692893#0:FAIL-t383] and 0 exception(s); 4b487190-7547-40c7-b780-43c37a89e8eb@group-BAC069DAEF17:t383, leader=null, voted=4b487190-7547-40c7-b780-43c37a89e8eb, raftlog=4b487190-7547-40c7-b780-43c37a89e8eb@group-BAC069DAEF17-SegmentedRaftLog:OPENED:c-1,f-1,i0, conf=-1: [6fa005cd-25d6-4e29-bda6-9462a060c098:192.168.69.67:36093, 4b487190-7547-40c7-b780-43c37a89e8eb:192.168.69.67:39683, 3d3aac8b-d4d1-454d-bf0c-88a180692893:192.168.69.67:34429], old=null
2019-10-18 07:54:48,541 [4b487190-7547-40c7-b780-43c37a89e8eb@group-BAC069DAEF17-LeaderElection360] INFO  impl.RaftServerImpl (RaftServerImpl.java:setRole(184)) - 4b487190-7547-40c7-b780-43c37a89e8eb@group-BAC069DAEF17: changes role from CANDIDATE to FOLLOWER at term 383 for DISCOVERED_A_NEW_TERM
2019-10-18 07:54:48,541 [4b487190-7547-40c7-b780-43c37a89e8eb@group-BAC069DAEF17-LeaderElection360] INFO  impl.RoleInfo (RoleInfo.java:shutdownLeaderElection(134)) - 4b487190-7547-40c7-b780-43c37a89e8eb: shutdown LeaderElection
2019-10-18 07:54:48,541 [4b487190-7547-40c7-b780-43c37a89e8eb@group-BAC069DAEF17-LeaderElection360] INFO  impl.RoleInfo (RoleInfo.java:updateAndGet(143)) - 4b487190-7547-40c7-b780-43c37a89e8eb: start FollowerState
2019-10-18 07:54:48,704 [Thread-2672] INFO  impl.FollowerState (FollowerState.java:run(108)) - 4b487190-7547-40c7-b780-43c37a89e8eb@group-BAC069DAEF17-FollowerState: change to CANDIDATE, lastRpcTime:163ms, electionTimeout:163ms
2019-10-18 07:54:48,705 [Thread-2672] INFO  impl.RoleInfo (RoleInfo.java:shutdownFollowerState(121)) - 4b487190-7547-40c7-b780-43c37a89e8eb: shutdown FollowerState
2019-10-18 07:54:48,705 [Thread-2672] INFO  impl.RaftServerImpl (RaftServerImpl.java:setRole(184)) - 4b487190-7547-40c7-b780-43c37a89e8eb@group-BAC069DAEF17: changes role from  FOLLOWER to CANDIDATE at term 383 for changeToCandidate
2019-10-18 07:54:48,705 [Thread-2672] INFO  impl.RoleInfo (RoleInfo.java:updateAndGet(143)) - 4b487190-7547-40c7-b780-43c37a89e8eb: start LeaderElection
2019-10-18 07:54:48,719 [4b487190-7547-40c7-b780-43c37a89e8eb@group-BAC069DAEF17-LeaderElection361] INFO  impl.LeaderElection (LeaderElection.java:askForVotes(178)) - 4b487190-7547-40c7-b780-43c37a89e8eb@group-BAC069DAEF17-LeaderElection361: begin an election at term 384 for -1: [6fa005cd-25d6-4e29-bda6-9462a060c098:192.168.69.67:36093, 4b487190-7547-40c7-b780-43c37a89e8eb:192.168.69.67:39683, 3d3aac8b-d4d1-454d-bf0c-88a180692893:192.168.69.67:34429], old=null
2019-10-18 07:54:48,721 [grpc-default-executor-2] INFO  impl.RaftServerImpl (RaftServerImpl.java:setRole(184)) - 6fa005cd-25d6-4e29-bda6-9462a060c098@group-BAC069DAEF17: changes role from  FOLLOWER to FOLLOWER at term 384 for recognizeCandidate:4b487190-7547-40c7-b780-43c37a89e8eb
2019-10-18 07:54:48,721 [grpc-default-executor-2] INFO  impl.RoleInfo (RoleInfo.java:shutdownFollowerState(121)) - 6fa005cd-25d6-4e29-bda6-9462a060c098: shutdown FollowerState
2019-10-18 07:54:48,721 [grpc-default-executor-2] INFO  impl.RoleInfo (RoleInfo.java:updateAndGet(143)) - 6fa005cd-25d6-4e29-bda6-9462a060c098: start FollowerState
2019-10-18 07:54:48,721 [grpc-default-executor-0] INFO  impl.RaftServerImpl (RaftServerImpl.java:setRole(184)) - 3d3aac8b-d4d1-454d-bf0c-88a180692893@group-BAC069DAEF17: changes role from  FOLLOWER to FOLLOWER at term 384 for recognizeCandidate:4b487190-7547-40c7-b780-43c37a89e8eb
2019-10-18 07:54:48,721 [grpc-default-executor-0] INFO  impl.RoleInfo (RoleInfo.java:shutdownFollowerState(121)) - 3d3aac8b-d4d1-454d-bf0c-88a180692893: shutdown FollowerState
2019-10-18 07:54:48,721 [Thread-2670] INFO  impl.FollowerState (FollowerState.java:run(117)) - 6fa005cd-25d6-4e29-bda6-9462a060c098@group-BAC069DAEF17-FollowerState was interrupted: java.lang.InterruptedException: sleep interrupted
2019-10-18 07:54:48,722 [Thread-2671] INFO  impl.FollowerState (FollowerState.java:run(117)) - 3d3aac8b-d4d1-454d-bf0c-88a180692893@group-BAC069DAEF17-FollowerState was interrupted: java.lang.InterruptedException: sleep interrupted
2019-10-18 07:54:48,721 [grpc-default-executor-0] INFO  impl.RoleInfo (RoleInfo.java:updateAndGet(143)) - 3d3aac8b-d4d1-454d-bf0c-88a180692893: start FollowerState
2019-10-18 07:54:48,736 [4b487190-7547-40c7-b780-43c37a89e8eb@group-BAC069DAEF17-LeaderElection361] INFO  impl.LeaderElection (LeaderElection.java:logAndReturn(56)) - 4b487190-7547-40c7-b780-43c37a89e8eb@group-BAC069DAEF17-LeaderElection361: Election REJECTED; received 2 response(s) [4b487190-7547-40c7-b780-43c37a89e8eb<-6fa005cd-25d6-4e29-bda6-9462a060c098#0:FAIL-t384, 4b487190-7547-40c7-b780-43c37a89e8eb<-3d3aac8b-d4d1-454d-bf0c-88a180692893#0:FAIL-t384] and 0 exception(s); 4b487190-7547-40c7-b780-43c37a89e8eb@group-BAC069DAEF17:t384, leader=null, voted=4b487190-7547-40c7-b780-43c37a89e8eb, raftlog=4b487190-7547-40c7-b780-43c37a89e8eb@group-BAC069DAEF17-SegmentedRaftLog:OPENED:c-1,f-1,i0, conf=-1: [6fa005cd-25d6-4e29-bda6-9462a060c098:192.168.69.67:36093, 4b487190-7547-40c7-b780-43c37a89e8eb:192.168.69.67:39683, 3d3aac8b-d4d1-454d-bf0c-88a180692893:192.168.69.67:34429], old=null
2019-10-18 07:54:48,736 [4b487190-7547-40c7-b780-43c37a89e8eb@group-BAC069DAEF17-LeaderElection361] INFO  impl.RaftServerImpl (RaftServerImpl.java:setRole(184)) - 4b487190-7547-40c7-b780-43c37a89e8eb@group-BAC069DAEF17: changes role from CANDIDATE to FOLLOWER at term 384 for DISCOVERED_A_NEW_TERM
2019-10-18 07:54:48,736 [4b487190-7547-40c7-b780-43c37a89e8eb@group-BAC069DAEF17-LeaderElection361] INFO  impl.RoleInfo (RoleInfo.java:shutdownLeaderElection(134)) - 4b487190-7547-40c7-b780-43c37a89e8eb: shutdown LeaderElection
2019-10-18 07:54:48,736 [4b487190-7547-40c7-b780-43c37a89e8eb@group-BAC069DAEF17-LeaderElection361] INFO  impl.RoleInfo (RoleInfo.java:updateAndGet(143)) - 4b487190-7547-40c7-b780-43c37a89e8eb: start FollowerState
2019-10-18 07:54:48,737 [Thread-2678] INFO  impl.FollowerState (FollowerState.java:run(108)) - 4b487190-7547-40c7-b780-43c37a89e8eb@group-BAC069DAEF17-FollowerState: change to CANDIDATE, lastRpcTime:0ms, electionTimeout:0ms
2019-10-18 07:54:48,737 [Thread-2678] INFO  impl.RoleInfo (RoleInfo.java:shutdownFollowerState(121)) - 4b487190-7547-40c7-b780-43c37a89e8eb: shutdown FollowerState
2019-10-18 07:54:48,737 [Thread-2678] INFO  impl.RaftServerImpl (RaftServerImpl.java:setRole(184)) - 4b487190-7547-40c7-b780-43c37a89e8eb@group-BAC069DAEF17: changes role from  FOLLOWER to CANDIDATE at term 384 for changeToCandidate
2019-10-18 07:54:48,737 [Thread-2678] INFO  impl.RoleInfo (RoleInfo.java:updateAndGet(143)) - 4b487190-7547-40c7-b780-43c37a89e8eb: start LeaderElection
2019-10-18 07:54:48,751 [4b487190-7547-40c7-b780-43c37a89e8eb@group-BAC069DAEF17-LeaderElection362] INFO  impl.LeaderElection (LeaderElection.java:askForVotes(178)) - 4b487190-7547-40c7-b780-43c37a89e8eb@group-BAC069DAEF17-LeaderElection362: begin an election at term 385 for -1: [6fa005cd-25d6-4e29-bda6-9462a060c098:192.168.69.67:36093, 4b487190-7547-40c7-b780-43c37a89e8eb:192.168.69.67:39683, 3d3aac8b-d4d1-454d-bf0c-88a180692893:192.168.69.67:34429], old=null
2019-10-18 07:54:48,753 [grpc-default-executor-0] INFO  impl.RaftServerImpl (RaftServerImpl.java:setRole(184)) - 6fa005cd-25d6-4e29-bda6-9462a060c098@group-BAC069DAEF17: changes role from  FOLLOWER to FOLLOWER at term 385 for recognizeCandidate:4b487190-7547-40c7-b780-43c37a89e8eb
2019-10-18 07:54:48,753 [grpc-default-executor-0] INFO  impl.RoleInfo (RoleInfo.java:shutdownFollowerState(121)) - 6fa005cd-25d6-4e29-bda6-9462a060c098: shutdown FollowerState
2019-10-18 07:54:48,753 [grpc-default-executor-0] INFO  impl.RoleInfo (RoleInfo.java:updateAndGet(143)) - 6fa005cd-25d6-4e29-bda6-9462a060c098: start FollowerState
2019-10-18 07:54:48,754 [grpc-default-executor-2] INFO  impl.RaftServerImpl (RaftServerImpl.java:setRole(184)) - 3d3aac8b-d4d1-454d-bf0c-88a180692893@group-BAC069DAEF17: changes role from  FOLLOWER to FOLLOWER at term 385 for recognizeCandidate:4b487190-7547-40c7-b780-43c37a89e8eb
2019-10-18 07:54:48,754 [grpc-default-executor-2] INFO  impl.RoleInfo (RoleInfo.java:shutdownFollowerState(121)) - 3d3aac8b-d4d1-454d-bf0c-88a180692893: shutdown FollowerState
2019-10-18 07:54:48,753 [Thread-2676] INFO  impl.FollowerState (FollowerState.java:run(117)) - 6fa005cd-25d6-4e29-bda6-9462a060c098@group-BAC069DAEF17-FollowerState was interrupted: java.lang.InterruptedException: sleep interrupted
2019-10-18 07:54:48,754 [Thread-2677] INFO  impl.FollowerState (FollowerState.java:run(117)) - 3d3aac8b-d4d1-454d-bf0c-88a180692893@group-BAC069DAEF17-FollowerState was interrupted: java.lang.InterruptedException: sleep interrupted
2019-10-18 07:54:48,754 [grpc-default-executor-2] INFO  impl.RoleInfo (RoleInfo.java:updateAndGet(143)) - 3d3aac8b-d4d1-454d-bf0c-88a180692893: start FollowerState
2019-10-18 07:54:48,756 [4b487190-7547-40c7-b780-43c37a89e8eb@group-BAC069DAEF17-LeaderElection362] INFO  impl.LeaderElection (LeaderElection.java:logAndReturn(56)) - 4b487190-7547-40c7-b780-43c37a89e8eb@group-BAC069DAEF17-LeaderElection362: Election TIMEOUT; received 0 response(s) [] and 0 exception(s); 4b487190-7547-40c7-b780-43c37a89e8eb@group-BAC069DAEF17:t385, leader=null, voted=4b487190-7547-40c7-b780-43c37a89e8eb, raftlog=4b487190-7547-40c7-b780-43c37a89e8eb@group-BAC069DAEF17-SegmentedRaftLog:OPENED:c-1,f-1,i0, conf=-1: [6fa005cd-25d6-4e29-bda6-9462a060c098:192.168.69.67:36093, 4b487190-7547-40c7-b780-43c37a89e8eb:192.168.69.67:39683, 3d3aac8b-d4d1-454d-bf0c-88a180692893:192.168.69.67:34429], old=null
2019-10-18 07:54:48,767 [4b487190-7547-40c7-b780-43c37a89e8eb@group-BAC069DAEF17-LeaderElection362] INFO  impl.LeaderElection (LeaderElection.java:askForVotes(178)) - 4b487190-7547-40c7-b780-43c37a89e8eb@group-BAC069DAEF17-LeaderElection362: begin an election at term 386 for -1: [6fa005cd-25d6-4e29-bda6-9462a060c098:192.168.69.67:36093, 4b487190-7547-40c7-b780-43c37a89e8eb:192.168.69.67:39683, 3d3aac8b-d4d1-454d-bf0c-88a180692893:192.168.69.67:34429], old=null
2019-10-18 07:54:48,768 [grpc-default-executor-2] INFO  impl.RaftServerImpl (RaftServerImpl.java:setRole(184)) - 6fa005cd-25d6-4e29-bda6-9462a060c098@group-BAC069DAEF17: changes role from  FOLLOWER to FOLLOWER at term 386 for recognizeCandidate:4b487190-7547-40c7-b780-43c37a89e8eb
2019-10-18 07:54:48,768 [grpc-default-executor-2] INFO  impl.RoleInfo (RoleInfo.java:shutdownFollowerState(121)) - 6fa005cd-25d6-4e29-bda6-9462a060c098: shutdown FollowerState
2019-10-18 07:54:48,769 [grpc-default-executor-2] INFO  impl.RoleInfo (RoleInfo.java:updateAndGet(143)) - 6fa005cd-25d6-4e29-bda6-9462a060c098: start FollowerState
2019-10-18 07:54:48,769 [Thread-2682] INFO  impl.FollowerState (FollowerState.java:run(117)) - 6fa005cd-25d6-4e29-bda6-9462a060c098@group-BAC069DAEF17-FollowerState was interrupted: java.lang.InterruptedException: sleep interrupted
2019-10-18 07:54:48,769 [grpc-default-executor-0] INFO  impl.RaftServerImpl (RaftServerImpl.java:setRole(184)) - 3d3aac8b-d4d1-454d-bf0c-88a180692893@group-BAC069DAEF17: changes role from  FOLLOWER to FOLLOWER at term 386 for recognizeCandidate:4b487190-7547-40c7-b780-43c37a89e8eb
2019-10-18 07:54:48,769 [grpc-default-executor-0] INFO  impl.RoleInfo (RoleInfo.java:shutdownFollowerState(121)) - 3d3aac8b-d4d1-454d-bf0c-88a180692893: shutdown FollowerState
2019-10-18 07:54:48,769 [grpc-default-executor-0] INFO  impl.RoleInfo (RoleInfo.java:updateAndGet(143)) - 3d3aac8b-d4d1-454d-bf0c-88a180692893: start FollowerState
2019-10-18 07:54:48,769 [Thread-2683] INFO  impl.FollowerState (FollowerState.java:run(117)) - 3d3aac8b-d4d1-454d-bf0c-88a180692893@group-BAC069DAEF17-FollowerState was interrupted: java.lang.InterruptedException: sleep interrupted
2019-10-18 07:54:48,783 [4b487190-7547-40c7-b780-43c37a89e8eb@group-BAC069DAEF17-LeaderElection362] INFO  impl.LeaderElection (LeaderElection.java:logAndReturn(56)) - 4b487190-7547-40c7-b780-43c37a89e8eb@group-BAC069DAEF17-LeaderElection362: Election REJECTED; received 2 response(s) [4b487190-7547-40c7-b780-43c37a89e8eb<-6fa005cd-25d6-4e29-bda6-9462a060c098#0:FAIL-t386, 4b487190-7547-40c7-b780-43c37a89e8eb<-3d3aac8b-d4d1-454d-bf0c-88a180692893#0:FAIL-t386] and 0 exception(s); 4b487190-7547-40c7-b780-43c37a89e8eb@group-BAC069DAEF17:t386, leader=null, voted=4b487190-7547-40c7-b780-43c37a89e8eb, raftlog=4b487190-7547-40c7-b780-43c37a89e8eb@group-BAC069DAEF17-SegmentedRaftLog:OPENED:c-1,f-1,i0, conf=-1: [6fa005cd-25d6-4e29-bda6-9462a060c098:192.168.69.67:36093, 4b487190-7547-40c7-b780-43c37a89e8eb:192.168.69.67:39683, 3d3aac8b-d4d1-454d-bf0c-88a180692893:192.168.69.67:34429], old=null
2019-10-18 07:54:48,783 [4b487190-7547-40c7-b780-43c37a89e8eb@group-BAC069DAEF17-LeaderElection362] INFO  impl.RaftServerImpl (RaftServerImpl.java:setRole(184)) - 4b487190-7547-40c7-b780-43c37a89e8eb@group-BAC069DAEF17: changes role from CANDIDATE to FOLLOWER at term 386 for DISCOVERED_A_NEW_TERM
2019-10-18 07:54:48,783 [4b487190-7547-40c7-b780-43c37a89e8eb@group-BAC069DAEF17-LeaderElection362] INFO  impl.RoleInfo (RoleInfo.java:shutdownLeaderElection(134)) - 4b487190-7547-40c7-b780-43c37a89e8eb: shutdown LeaderElection
2019-10-18 07:54:48,783 [4b487190-7547-40c7-b780-43c37a89e8eb@group-BAC069DAEF17-LeaderElection362] INFO  impl.RoleInfo (RoleInfo.java:updateAndGet(143)) - 4b487190-7547-40c7-b780-43c37a89e8eb: start FollowerState
2019-10-18 07:54:48,856 [java.util.concurrent.ThreadPoolExecutor$Worker@41ac07c9[State = -1, empty queue]] WARN  server.GrpcLogAppender (GrpcLogAppender.java:timeoutAppendRequest(209)) - a3fa570c-ae50-443c-8ab2-043428e82a24@group-69898A346AAC->0fc43408-9179-47bd-a807-e56cc33d805e-GrpcLogAppender: appendEntries Timeout, request=a3fa570c-ae50-443c-8ab2-043428e82a24->0fc43408-9179-47bd-a807-e56cc33d805e#19-t3, previous=(t:3, i:0), leaderCommit=0, initializing? false, entries: <empty>
2019-10-18 07:54:48,863 [java.util.concurrent.ThreadPoolExecutor$Worker@28813c0f[State = -1, empty queue]] WARN  server.GrpcLogAppender (GrpcLogAppender.java:timeoutAppendRequest(209)) - a3fa570c-ae50-443c-8ab2-043428e82a24@group-69898A346AAC->9334f5f3-1c9b-4a41-9735-40b3bdb856ca-GrpcLogAppender: appendEntries Timeout, request=a3fa570c-ae50-443c-8ab2-043428e82a24->9334f5f3-1c9b-4a41-9735-40b3bdb856ca#19-t3, previous=(t:3, i:0), leaderCommit=0, initializing? false, entries: <empty>
2019-10-18 07:54:48,893 [Thread-2688] INFO  impl.FollowerState (FollowerState.java:run(108)) - 4b487190-7547-40c7-b780-43c37a89e8eb@group-BAC069DAEF17-FollowerState: change to CANDIDATE, lastRpcTime:109ms, electionTimeout:109ms
2019-10-18 07:54:48,893 [Thread-2688] INFO  impl.RoleInfo (RoleInfo.java:shutdownFollowerState(121)) - 4b487190-7547-40c7-b780-43c37a89e8eb: shutdown FollowerState
2019-10-18 07:54:48,893 [Thread-2688] INFO  impl.RaftServerImpl (RaftServerImpl.java:setRole(184)) - 4b487190-7547-40c7-b780-43c37a89e8eb@group-BAC069DAEF17: changes role from  FOLLOWER to CANDIDATE at term 386 for changeToCandidate
2019-10-18 07:54:48,893 [Thread-2688] INFO  impl.RoleInfo (RoleInfo.java:updateAndGet(143)) - 4b487190-7547-40c7-b780-43c37a89e8eb: start LeaderElection
2019-10-18 07:54:48,907 [4b487190-7547-40c7-b780-43c37a89e8eb@group-BAC069DAEF17-LeaderElection363] INFO  impl.LeaderElection (LeaderElection.java:askForVotes(178)) - 4b487190-7547-40c7-b780-43c37a89e8eb@group-BAC069DAEF17-LeaderElection363: begin an election at term 387 for -1: [6fa005cd-25d6-4e29-bda6-9462a060c098:192.168.69.67:36093, 4b487190-7547-40c7-b780-43c37a89e8eb:192.168.69.67:39683, 3d3aac8b-d4d1-454d-bf0c-88a180692893:192.168.69.67:34429], old=null
2019-10-18 07:54:48,909 [grpc-default-executor-0] INFO  impl.RaftServerImpl (RaftServerImpl.java:setRole(184)) - 6fa005cd-25d6-4e29-bda6-9462a060c098@group-BAC069DAEF17: changes role from  FOLLOWER to FOLLOWER at term 387 for recognizeCandidate:4b487190-7547-40c7-b780-43c37a89e8eb
2019-10-18 07:54:48,909 [grpc-default-executor-0] INFO  impl.RoleInfo (RoleInfo.java:shutdownFollowerState(121)) - 6fa005cd-25d6-4e29-bda6-9462a060c098: shutdown FollowerState
2019-10-18 07:54:48,909 [grpc-default-executor-2] INFO  impl.RaftServerImpl (RaftServerImpl.java:setRole(184)) - 3d3aac8b-d4d1-454d-bf0c-88a180692893@group-BAC069DAEF17: changes role from  FOLLOWER to FOLLOWER at term 387 for recognizeCandidate:4b487190-7547-40c7-b780-43c37a89e8eb
2019-10-18 07:54:48,909 [grpc-default-executor-2] INFO  impl.RoleInfo (RoleInfo.java:shutdownFollowerState(121)) - 3d3aac8b-d4d1-454d-bf0c-88a180692893: shutdown FollowerState
2019-10-18 07:54:48,909 [Thread-2686] INFO  impl.FollowerState (FollowerState.java:run(117)) - 6fa005cd-25d6-4e29-bda6-9462a060c098@group-BAC069DAEF17-FollowerState was interrupted: java.lang.InterruptedException: sleep interrupted
2019-10-18 07:54:48,909 [grpc-default-executor-0] INFO  impl.RoleInfo (RoleInfo.java:updateAndGet(143)) - 6fa005cd-25d6-4e29-bda6-9462a060c098: start FollowerState
2019-10-18 07:54:48,909 [Thread-2687] INFO  impl.FollowerState (FollowerState.java:run(117)) - 3d3aac8b-d4d1-454d-bf0c-88a180692893@group-BAC069DAEF17-FollowerState was interrupted: java.lang.InterruptedException: sleep interrupted
2019-10-18 07:54:48,909 [grpc-default-executor-2] INFO  impl.RoleInfo (RoleInfo.java:updateAndGet(143)) - 3d3aac8b-d4d1-454d-bf0c-88a180692893: start FollowerState
2019-10-18 07:54:48,928 [4b487190-7547-40c7-b780-43c37a89e8eb@group-BAC069DAEF17-LeaderElection363] INFO  impl.LeaderElection (LeaderElection.java:logAndReturn(56)) - 4b487190-7547-40c7-b780-43c37a89e8eb@group-BAC069DAEF17-LeaderElection363: Election REJECTED; received 2 response(s) [4b487190-7547-40c7-b780-43c37a89e8eb<-6fa005cd-25d6-4e29-bda6-9462a060c098#0:FAIL-t387, 4b487190-7547-40c7-b780-43c37a89e8eb<-3d3aac8b-d4d1-454d-bf0c-88a180692893#0:FAIL-t387] and 0 exception(s); 4b487190-7547-40c7-b780-43c37a89e8eb@group-BAC069DAEF17:t387, leader=null, voted=4b487190-7547-40c7-b780-43c37a89e8eb, raftlog=4b487190-7547-40c7-b780-43c37a89e8eb@group-BAC069DAEF17-SegmentedRaftLog:OPENED:c-1,f-1,i0, conf=-1: [6fa005cd-25d6-4e29-bda6-9462a060c098:192.168.69.67:36093, 4b487190-7547-40c7-b780-43c37a89e8eb:192.168.69.67:39683, 3d3aac8b-d4d1-454d-bf0c-88a180692893:192.168.69.67:34429], old=null
2019-10-18 07:54:48,928 [4b487190-7547-40c7-b780-43c37a89e8eb@group-BAC069DAEF17-LeaderElection363] INFO  impl.RaftServerImpl (RaftServerImpl.java:setRole(184)) - 4b487190-7547-40c7-b780-43c37a89e8eb@group-BAC069DAEF17: changes role from CANDIDATE to FOLLOWER at term 387 for DISCOVERED_A_NEW_TERM
2019-10-18 07:54:48,928 [4b487190-7547-40c7-b780-43c37a89e8eb@group-BAC069DAEF17-LeaderElection363] INFO  impl.RoleInfo (RoleInfo.java:shutdownLeaderElection(134)) - 4b487190-7547-40c7-b780-43c37a89e8eb: shutdown LeaderElection
2019-10-18 07:54:48,928 [4b487190-7547-40c7-b780-43c37a89e8eb@group-BAC069DAEF17-LeaderElection363] INFO  impl.RoleInfo (RoleInfo.java:updateAndGet(143)) - 4b487190-7547-40c7-b780-43c37a89e8eb: start FollowerState
2019-10-18 07:54:49,044 [Thread-2694] INFO  impl.FollowerState (FollowerState.java:run(108)) - 4b487190-7547-40c7-b780-43c37a89e8eb@group-BAC069DAEF17-FollowerState: change to CANDIDATE, lastRpcTime:116ms, electionTimeout:116ms
2019-10-18 07:54:49,045 [Thread-2694] INFO  impl.RoleInfo (RoleInfo.java:shutdownFollowerState(121)) - 4b487190-7547-40c7-b780-43c37a89e8eb: shutdown FollowerState
2019-10-18 07:54:49,045 [Thread-2694] INFO  impl.RaftServerImpl (RaftServerImpl.java:setRole(184)) - 4b487190-7547-40c7-b780-43c37a89e8eb@group-BAC069DAEF17: changes role from  FOLLOWER to CANDIDATE at term 387 for changeToCandidate
2019-10-18 07:54:49,045 [Thread-2694] INFO  impl.RoleInfo (RoleInfo.java:updateAndGet(143)) - 4b487190-7547-40c7-b780-43c37a89e8eb: start LeaderElection
2019-10-18 07:54:49,059 [4b487190-7547-40c7-b780-43c37a89e8eb@group-BAC069DAEF17-LeaderElection364] INFO  impl.LeaderElection (LeaderElection.java:askForVotes(178)) - 4b487190-7547-40c7-b780-43c37a89e8eb@group-BAC069DAEF17-LeaderElection364: begin an election at term 388 for -1: [6fa005cd-25d6-4e29-bda6-9462a060c098:192.168.69.67:36093, 4b487190-7547-40c7-b780-43c37a89e8eb:192.168.69.67:39683, 3d3aac8b-d4d1-454d-bf0c-88a180692893:192.168.69.67:34429], old=null
2019-10-18 07:54:49,061 [grpc-default-executor-2] INFO  impl.RaftServerImpl (RaftServerImpl.java:setRole(184)) - 6fa005cd-25d6-4e29-bda6-9462a060c098@group-BAC069DAEF17: changes role from  FOLLOWER to FOLLOWER at term 388 for recognizeCandidate:4b487190-7547-40c7-b780-43c37a89e8eb
2019-10-18 07:54:49,061 [grpc-default-executor-2] INFO  impl.RoleInfo (RoleInfo.java:shutdownFollowerState(121)) - 6fa005cd-25d6-4e29-bda6-9462a060c098: shutdown FollowerState
2019-10-18 07:54:49,061 [grpc-default-executor-0] INFO  impl.RaftServerImpl (RaftServerImpl.java:setRole(184)) - 3d3aac8b-d4d1-454d-bf0c-88a180692893@group-BAC069DAEF17: changes role from  FOLLOWER to FOLLOWER at term 388 for recognizeCandidate:4b487190-7547-40c7-b780-43c37a89e8eb
2019-10-18 07:54:49,061 [grpc-default-executor-0] INFO  impl.RoleInfo (RoleInfo.java:shutdownFollowerState(121)) - 3d3aac8b-d4d1-454d-bf0c-88a180692893: shutdown FollowerState
2019-10-18 07:54:49,061 [grpc-default-executor-2] INFO  impl.RoleInfo (RoleInfo.java:updateAndGet(143)) - 6fa005cd-25d6-4e29-bda6-9462a060c098: start FollowerState
2019-10-18 07:54:49,061 [Thread-2692] INFO  impl.FollowerState (FollowerState.java:run(117)) - 6fa005cd-25d6-4e29-bda6-9462a060c098@group-BAC069DAEF17-FollowerState was interrupted: java.lang.InterruptedException: sleep interrupted
2019-10-18 07:54:49,062 [Thread-2693] INFO  impl.FollowerState (FollowerState.java:run(117)) - 3d3aac8b-d4d1-454d-bf0c-88a180692893@group-BAC069DAEF17-FollowerState was interrupted: java.lang.InterruptedException: sleep interrupted
2019-10-18 07:54:49,062 [grpc-default-executor-0] INFO  impl.RoleInfo (RoleInfo.java:updateAndGet(143)) - 3d3aac8b-d4d1-454d-bf0c-88a180692893: start FollowerState
2019-10-18 07:54:49,076 [4b487190-7547-40c7-b780-43c37a89e8eb@group-BAC069DAEF17-LeaderElection364] INFO  impl.LeaderElection (LeaderElection.java:logAndReturn(56)) - 4b487190-7547-40c7-b780-43c37a89e8eb@group-BAC069DAEF17-LeaderElection364: Election REJECTED; received 2 response(s) [4b487190-7547-40c7-b780-43c37a89e8eb<-6fa005cd-25d6-4e29-bda6-9462a060c098#0:FAIL-t388, 4b487190-7547-40c7-b780-43c37a89e8eb<-3d3aac8b-d4d1-454d-bf0c-88a180692893#0:FAIL-t388] and 0 exception(s); 4b487190-7547-40c7-b780-43c37a89e8eb@group-BAC069DAEF17:t388, leader=null, voted=4b487190-7547-40c7-b780-43c37a89e8eb, raftlog=4b487190-7547-40c7-b780-43c37a89e8eb@group-BAC069DAEF17-SegmentedRaftLog:OPENED:c-1,f-1,i0, conf=-1: [6fa005cd-25d6-4e29-bda6-9462a060c098:192.168.69.67:36093, 4b487190-7547-40c7-b780-43c37a89e8eb:192.168.69.67:39683, 3d3aac8b-d4d1-454d-bf0c-88a180692893:192.168.69.67:34429], old=null
2019-10-18 07:54:49,076 [4b487190-7547-40c7-b780-43c37a89e8eb@group-BAC069DAEF17-LeaderElection364] INFO  impl.RaftServerImpl (RaftServerImpl.java:setRole(184)) - 4b487190-7547-40c7-b780-43c37a89e8eb@group-BAC069DAEF17: changes role from CANDIDATE to FOLLOWER at term 388 for DISCOVERED_A_NEW_TERM
2019-10-18 07:54:49,076 [4b487190-7547-40c7-b780-43c37a89e8eb@group-BAC069DAEF17-LeaderElection364] INFO  impl.RoleInfo (RoleInfo.java:shutdownLeaderElection(134)) - 4b487190-7547-40c7-b780-43c37a89e8eb: shutdown LeaderElection
2019-10-18 07:54:49,076 [4b487190-7547-40c7-b780-43c37a89e8eb@group-BAC069DAEF17-LeaderElection364] INFO  impl.RoleInfo (RoleInfo.java:updateAndGet(143)) - 4b487190-7547-40c7-b780-43c37a89e8eb: start FollowerState
2019-10-18 07:54:49,202 [Thread-2700] INFO  impl.FollowerState (FollowerState.java:run(108)) - 4b487190-7547-40c7-b780-43c37a89e8eb@group-BAC069DAEF17-FollowerState: change to CANDIDATE, lastRpcTime:125ms, electionTimeout:125ms
2019-10-18 07:54:49,202 [Thread-2700] INFO  impl.RoleInfo (RoleInfo.java:shutdownFollowerState(121)) - 4b487190-7547-40c7-b780-43c37a89e8eb: shutdown FollowerState
2019-10-18 07:54:49,202 [Thread-2700] INFO  impl.RaftServerImpl (RaftServerImpl.java:setRole(184)) - 4b487190-7547-40c7-b780-43c37a89e8eb@group-BAC069DAEF17: changes role from  FOLLOWER to CANDIDATE at term 388 for changeToCandidate
2019-10-18 07:54:49,203 [Thread-2700] INFO  impl.RoleInfo (RoleInfo.java:updateAndGet(143)) - 4b487190-7547-40c7-b780-43c37a89e8eb: start LeaderElection
2019-10-18 07:54:49,235 [4b487190-7547-40c7-b780-43c37a89e8eb@group-BAC069DAEF17-LeaderElection365] INFO  impl.LeaderElection (LeaderElection.java:askForVotes(178)) - 4b487190-7547-40c7-b780-43c37a89e8eb@group-BAC069DAEF17-LeaderElection365: begin an election at term 389 for -1: [6fa005cd-25d6-4e29-bda6-9462a060c098:192.168.69.67:36093, 4b487190-7547-40c7-b780-43c37a89e8eb:192.168.69.67:39683, 3d3aac8b-d4d1-454d-bf0c-88a180692893:192.168.69.67:34429], old=null
2019-10-18 07:54:49,237 [grpc-default-executor-0] INFO  impl.RaftServerImpl (RaftServerImpl.java:setRole(184)) - 6fa005cd-25d6-4e29-bda6-9462a060c098@group-BAC069DAEF17: changes role from  FOLLOWER to FOLLOWER at term 389 for recognizeCandidate:4b487190-7547-40c7-b780-43c37a89e8eb
2019-10-18 07:54:49,237 [grpc-default-executor-0] INFO  impl.RoleInfo (RoleInfo.java:shutdownFollowerState(121)) - 6fa005cd-25d6-4e29-bda6-9462a060c098: shutdown FollowerState
2019-10-18 07:54:49,237 [grpc-default-executor-2] INFO  impl.RaftServerImpl (RaftServerImpl.java:setRole(184)) - 3d3aac8b-d4d1-454d-bf0c-88a180692893@group-BAC069DAEF17: changes role from  FOLLOWER to FOLLOWER at term 389 for recognizeCandidate:4b487190-7547-40c7-b780-43c37a89e8eb
2019-10-18 07:54:49,237 [Thread-2698] INFO  impl.FollowerState (FollowerState.java:run(117)) - 6fa005cd-25d6-4e29-bda6-9462a060c098@group-BAC069DAEF17-FollowerState was interrupted: java.lang.InterruptedException: sleep interrupted
2019-10-18 07:54:49,237 [grpc-default-executor-2] INFO  impl.RoleInfo (RoleInfo.java:shutdownFollowerState(121)) - 3d3aac8b-d4d1-454d-bf0c-88a180692893: shutdown FollowerState
2019-10-18 07:54:49,237 [grpc-default-executor-0] INFO  impl.RoleInfo (RoleInfo.java:updateAndGet(143)) - 6fa005cd-25d6-4e29-bda6-9462a060c098: start FollowerState
2019-10-18 07:54:49,238 [Thread-2699] INFO  impl.FollowerState (FollowerState.java:run(117)) - 3d3aac8b-d4d1-454d-bf0c-88a180692893@group-BAC069DAEF17-FollowerState was interrupted: java.lang.InterruptedException: sleep interrupted
2019-10-18 07:54:49,238 [grpc-default-executor-2] INFO  impl.RoleInfo (RoleInfo.java:updateAndGet(143)) - 3d3aac8b-d4d1-454d-bf0c-88a180692893: start FollowerState
2019-10-18 07:54:49,253 [4b487190-7547-40c7-b780-43c37a89e8eb@group-BAC069DAEF17-LeaderElection365] INFO  impl.LeaderElection (LeaderElection.java:logAndReturn(56)) - 4b487190-7547-40c7-b780-43c37a89e8eb@group-BAC069DAEF17-LeaderElection365: Election REJECTED; received 2 response(s) [4b487190-7547-40c7-b780-43c37a89e8eb<-6fa005cd-25d6-4e29-bda6-9462a060c098#0:FAIL-t389, 4b487190-7547-40c7-b780-43c37a89e8eb<-3d3aac8b-d4d1-454d-bf0c-88a180692893#0:FAIL-t389] and 0 exception(s); 4b487190-7547-40c7-b780-43c37a89e8eb@group-BAC069DAEF17:t389, leader=null, voted=4b487190-7547-40c7-b780-43c37a89e8eb, raftlog=4b487190-7547-40c7-b780-43c37a89e8eb@group-BAC069DAEF17-SegmentedRaftLog:OPENED:c-1,f-1,i0, conf=-1: [6fa005cd-25d6-4e29-bda6-9462a060c098:192.168.69.67:36093, 4b487190-7547-40c7-b780-43c37a89e8eb:192.168.69.67:39683, 3d3aac8b-d4d1-454d-bf0c-88a180692893:192.168.69.67:34429], old=null
2019-10-18 07:54:49,253 [4b487190-7547-40c7-b780-43c37a89e8eb@group-BAC069DAEF17-LeaderElection365] INFO  impl.RaftServerImpl (RaftServerImpl.java:setRole(184)) - 4b487190-7547-40c7-b780-43c37a89e8eb@group-BAC069DAEF17: changes role from CANDIDATE to FOLLOWER at term 389 for DISCOVERED_A_NEW_TERM
2019-10-18 07:54:49,253 [4b487190-7547-40c7-b780-43c37a89e8eb@group-BAC069DAEF17-LeaderElection365] INFO  impl.RoleInfo (RoleInfo.java:shutdownLeaderElection(134)) - 4b487190-7547-40c7-b780-43c37a89e8eb: shutdown LeaderElection
2019-10-18 07:54:49,253 [4b487190-7547-40c7-b780-43c37a89e8eb@group-BAC069DAEF17-LeaderElection365] INFO  impl.RoleInfo (RoleInfo.java:updateAndGet(143)) - 4b487190-7547-40c7-b780-43c37a89e8eb: start FollowerState
2019-10-18 07:54:49,337 [Thread-2706] INFO  impl.FollowerState (FollowerState.java:run(108)) - 4b487190-7547-40c7-b780-43c37a89e8eb@group-BAC069DAEF17-FollowerState: change to CANDIDATE, lastRpcTime:83ms, electionTimeout:83ms
2019-10-18 07:54:49,337 [Thread-2706] INFO  impl.RoleInfo (RoleInfo.java:shutdownFollowerState(121)) - 4b487190-7547-40c7-b780-43c37a89e8eb: shutdown FollowerState
2019-10-18 07:54:49,337 [Thread-2706] INFO  impl.RaftServerImpl (RaftServerImpl.java:setRole(184)) - 4b487190-7547-40c7-b780-43c37a89e8eb@group-BAC069DAEF17: changes role from  FOLLOWER to CANDIDATE at term 389 for changeToCandidate
2019-10-18 07:54:49,337 [Thread-2706] INFO  impl.RoleInfo (RoleInfo.java:updateAndGet(143)) - 4b487190-7547-40c7-b780-43c37a89e8eb: start LeaderElection
2019-10-18 07:54:49,351 [4b487190-7547-40c7-b780-43c37a89e8eb@group-BAC069DAEF17-LeaderElection366] INFO  impl.LeaderElection (LeaderElection.java:askForVotes(178)) - 4b487190-7547-40c7-b780-43c37a89e8eb@group-BAC069DAEF17-LeaderElection366: begin an election at term 390 for -1: [6fa005cd-25d6-4e29-bda6-9462a060c098:192.168.69.67:36093, 4b487190-7547-40c7-b780-43c37a89e8eb:192.168.69.67:39683, 3d3aac8b-d4d1-454d-bf0c-88a180692893:192.168.69.67:34429], old=null
2019-10-18 07:54:49,353 [grpc-default-executor-0] INFO  impl.RaftServerImpl (RaftServerImpl.java:setRole(184)) - 6fa005cd-25d6-4e29-bda6-9462a060c098@group-BAC069DAEF17: changes role from  FOLLOWER to FOLLOWER at term 390 for recognizeCandidate:4b487190-7547-40c7-b780-43c37a89e8eb
2019-10-18 07:54:49,353 [grpc-default-executor-0] INFO  impl.RoleInfo (RoleInfo.java:shutdownFollowerState(121)) - 6fa005cd-25d6-4e29-bda6-9462a060c098: shutdown FollowerState
2019-10-18 07:54:49,353 [grpc-default-executor-2] INFO  impl.RaftServerImpl (RaftServerImpl.java:setRole(184)) - 3d3aac8b-d4d1-454d-bf0c-88a180692893@group-BAC069DAEF17: changes role from  FOLLOWER to FOLLOWER at term 390 for recognizeCandidate:4b487190-7547-40c7-b780-43c37a89e8eb
2019-10-18 07:54:49,353 [Thread-2704] INFO  impl.FollowerState (FollowerState.java:run(117)) - 6fa005cd-25d6-4e29-bda6-9462a060c098@group-BAC069DAEF17-FollowerState was interrupted: java.lang.InterruptedException: sleep interrupted
2019-10-18 07:54:49,353 [grpc-default-executor-0] INFO  impl.RoleInfo (RoleInfo.java:updateAndGet(143)) - 6fa005cd-25d6-4e29-bda6-9462a060c098: start FollowerState
2019-10-18 07:54:49,353 [grpc-default-executor-2] INFO  impl.RoleInfo (RoleInfo.java:shutdownFollowerState(121)) - 3d3aac8b-d4d1-454d-bf0c-88a180692893: shutdown FollowerState
2019-10-18 07:54:49,354 [grpc-default-executor-2] INFO  impl.RoleInfo (RoleInfo.java:updateAndGet(143)) - 3d3aac8b-d4d1-454d-bf0c-88a180692893: start FollowerState
2019-10-18 07:54:49,354 [Thread-2705] INFO  impl.FollowerState (FollowerState.java:run(117)) - 3d3aac8b-d4d1-454d-bf0c-88a180692893@group-BAC069DAEF17-FollowerState was interrupted: java.lang.InterruptedException: sleep interrupted
2019-10-18 07:54:49,369 [4b487190-7547-40c7-b780-43c37a89e8eb@group-BAC069DAEF17-LeaderElection366] INFO  impl.LeaderElection (LeaderElection.java:logAndReturn(56)) - 4b487190-7547-40c7-b780-43c37a89e8eb@group-BAC069DAEF17-LeaderElection366: Election REJECTED; received 2 response(s) [4b487190-7547-40c7-b780-43c37a89e8eb<-6fa005cd-25d6-4e29-bda6-9462a060c098#0:FAIL-t390, 4b487190-7547-40c7-b780-43c37a89e8eb<-3d3aac8b-d4d1-454d-bf0c-88a180692893#0:FAIL-t390] and 0 exception(s); 4b487190-7547-40c7-b780-43c37a89e8eb@group-BAC069DAEF17:t390, leader=null, voted=4b487190-7547-40c7-b780-43c37a89e8eb, raftlog=4b487190-7547-40c7-b780-43c37a89e8eb@group-BAC069DAEF17-SegmentedRaftLog:OPENED:c-1,f-1,i0, conf=-1: [6fa005cd-25d6-4e29-bda6-9462a060c098:192.168.69.67:36093, 4b487190-7547-40c7-b780-43c37a89e8eb:192.168.69.67:39683, 3d3aac8b-d4d1-454d-bf0c-88a180692893:192.168.69.67:34429], old=null
2019-10-18 07:54:49,369 [4b487190-7547-40c7-b780-43c37a89e8eb@group-BAC069DAEF17-LeaderElection366] INFO  impl.RaftServerImpl (RaftServerImpl.java:setRole(184)) - 4b487190-7547-40c7-b780-43c37a89e8eb@group-BAC069DAEF17: changes role from CANDIDATE to FOLLOWER at term 390 for DISCOVERED_A_NEW_TERM
2019-10-18 07:54:49,369 [4b487190-7547-40c7-b780-43c37a89e8eb@group-BAC069DAEF17-LeaderElection366] INFO  impl.RoleInfo (RoleInfo.java:shutdownLeaderElection(134)) - 4b487190-7547-40c7-b780-43c37a89e8eb: shutdown LeaderElection
2019-10-18 07:54:49,369 [4b487190-7547-40c7-b780-43c37a89e8eb@group-BAC069DAEF17-LeaderElection366] INFO  impl.RoleInfo (RoleInfo.java:updateAndGet(143)) - 4b487190-7547-40c7-b780-43c37a89e8eb: start FollowerState
2019-10-18 07:54:49,463 [Thread-2712] INFO  impl.FollowerState (FollowerState.java:run(108)) - 4b487190-7547-40c7-b780-43c37a89e8eb@group-BAC069DAEF17-FollowerState: change to CANDIDATE, lastRpcTime:93ms, electionTimeout:93ms
2019-10-18 07:54:49,463 [Thread-2712] INFO  impl.RoleInfo (RoleInfo.java:shutdownFollowerState(121)) - 4b487190-7547-40c7-b780-43c37a89e8eb: shutdown FollowerState
2019-10-18 07:54:49,463 [Thread-2712] INFO  impl.RaftServerImpl (RaftServerImpl.java:setRole(184)) - 4b487190-7547-40c7-b780-43c37a89e8eb@group-BAC069DAEF17: changes role from  FOLLOWER to CANDIDATE at term 390 for changeToCandidate
2019-10-18 07:54:49,463 [Thread-2712] INFO  impl.RoleInfo (RoleInfo.java:updateAndGet(143)) - 4b487190-7547-40c7-b780-43c37a89e8eb: start LeaderElection
2019-10-18 07:54:49,477 [4b487190-7547-40c7-b780-43c37a89e8eb@group-BAC069DAEF17-LeaderElection367] INFO  impl.LeaderElection (LeaderElection.java:askForVotes(178)) - 4b487190-7547-40c7-b780-43c37a89e8eb@group-BAC069DAEF17-LeaderElection367: begin an election at term 391 for -1: [6fa005cd-25d6-4e29-bda6-9462a060c098:192.168.69.67:36093, 4b487190-7547-40c7-b780-43c37a89e8eb:192.168.69.67:39683, 3d3aac8b-d4d1-454d-bf0c-88a180692893:192.168.69.67:34429], old=null
2019-10-18 07:54:49,479 [grpc-default-executor-2] INFO  impl.RaftServerImpl (RaftServerImpl.java:setRole(184)) - 3d3aac8b-d4d1-454d-bf0c-88a180692893@group-BAC069DAEF17: changes role from  FOLLOWER to FOLLOWER at term 391 for recognizeCandidate:4b487190-7547-40c7-b780-43c37a89e8eb
2019-10-18 07:54:49,479 [grpc-default-executor-0] INFO  impl.RaftServerImpl (RaftServerImpl.java:setRole(184)) - 6fa005cd-25d6-4e29-bda6-9462a060c098@group-BAC069DAEF17: changes role from  FOLLOWER to FOLLOWER at term 391 for recognizeCandidate:4b487190-7547-40c7-b780-43c37a89e8eb
2019-10-18 07:54:49,479 [grpc-default-executor-0] INFO  impl.RoleInfo (RoleInfo.java:shutdownFollowerState(121)) - 6fa005cd-25d6-4e29-bda6-9462a060c098: shutdown FollowerState
2019-10-18 07:54:49,479 [grpc-default-executor-2] INFO  impl.RoleInfo (RoleInfo.java:shutdownFollowerState(121)) - 3d3aac8b-d4d1-454d-bf0c-88a180692893: shutdown FollowerState
2019-10-18 07:54:49,480 [Thread-2710] INFO  impl.FollowerState (FollowerState.java:run(117)) - 6fa005cd-25d6-4e29-bda6-9462a060c098@group-BAC069DAEF17-FollowerState was interrupted: java.lang.InterruptedException: sleep interrupted
2019-10-18 07:54:49,480 [Thread-2711] INFO  impl.FollowerState (FollowerState.java:run(117)) - 3d3aac8b-d4d1-454d-bf0c-88a180692893@group-BAC069DAEF17-FollowerState was interrupted: java.lang.InterruptedException: sleep interrupted
2019-10-18 07:54:49,480 [grpc-default-executor-0] INFO  impl.RoleInfo (RoleInfo.java:updateAndGet(143)) - 6fa005cd-25d6-4e29-bda6-9462a060c098: start FollowerState
2019-10-18 07:54:49,480 [grpc-default-executor-2] INFO  impl.RoleInfo (RoleInfo.java:updateAndGet(143)) - 3d3aac8b-d4d1-454d-bf0c-88a180692893: start FollowerState
2019-10-18 07:54:49,493 [4b487190-7547-40c7-b780-43c37a89e8eb@group-BAC069DAEF17-LeaderElection367] INFO  impl.LeaderElection (LeaderElection.java:logAndReturn(56)) - 4b487190-7547-40c7-b780-43c37a89e8eb@group-BAC069DAEF17-LeaderElection367: Election REJECTED; received 2 response(s) [4b487190-7547-40c7-b780-43c37a89e8eb<-6fa005cd-25d6-4e29-bda6-9462a060c098#0:FAIL-t391, 4b487190-7547-40c7-b780-43c37a89e8eb<-3d3aac8b-d4d1-454d-bf0c-88a180692893#0:FAIL-t391] and 0 exception(s); 4b487190-7547-40c7-b780-43c37a89e8eb@group-BAC069DAEF17:t391, leader=null, voted=4b487190-7547-40c7-b780-43c37a89e8eb, raftlog=4b487190-7547-40c7-b780-43c37a89e8eb@group-BAC069DAEF17-SegmentedRaftLog:OPENED:c-1,f-1,i0, conf=-1: [6fa005cd-25d6-4e29-bda6-9462a060c098:192.168.69.67:36093, 4b487190-7547-40c7-b780-43c37a89e8eb:192.168.69.67:39683, 3d3aac8b-d4d1-454d-bf0c-88a180692893:192.168.69.67:34429], old=null
2019-10-18 07:54:49,494 [4b487190-7547-40c7-b780-43c37a89e8eb@group-BAC069DAEF17-LeaderElection367] INFO  impl.RaftServerImpl (RaftServerImpl.java:setRole(184)) - 4b487190-7547-40c7-b780-43c37a89e8eb@group-BAC069DAEF17: changes role from CANDIDATE to FOLLOWER at term 391 for DISCOVERED_A_NEW_TERM
2019-10-18 07:54:49,494 [4b487190-7547-40c7-b780-43c37a89e8eb@group-BAC069DAEF17-LeaderElection367] INFO  impl.RoleInfo (RoleInfo.java:shutdownLeaderElection(134)) - 4b487190-7547-40c7-b780-43c37a89e8eb: shutdown LeaderElection
2019-10-18 07:54:49,494 [4b487190-7547-40c7-b780-43c37a89e8eb@group-BAC069DAEF17-LeaderElection367] INFO  impl.RoleInfo (RoleInfo.java:updateAndGet(143)) - 4b487190-7547-40c7-b780-43c37a89e8eb: start FollowerState
2019-10-18 07:54:49,588 [Thread-2718] INFO  impl.FollowerState (FollowerState.java:run(108)) - 4b487190-7547-40c7-b780-43c37a89e8eb@group-BAC069DAEF17-FollowerState: change to CANDIDATE, lastRpcTime:94ms, electionTimeout:94ms
2019-10-18 07:54:49,588 [Thread-2718] INFO  impl.RoleInfo (RoleInfo.java:shutdownFollowerState(121)) - 4b487190-7547-40c7-b780-43c37a89e8eb: shutdown FollowerState
2019-10-18 07:54:49,588 [Thread-2718] INFO  impl.RaftServerImpl (RaftServerImpl.java:setRole(184)) - 4b487190-7547-40c7-b780-43c37a89e8eb@group-BAC069DAEF17: changes role from  FOLLOWER to CANDIDATE at term 391 for changeToCandidate
2019-10-18 07:54:49,589 [Thread-2718] INFO  impl.RoleInfo (RoleInfo.java:updateAndGet(143)) - 4b487190-7547-40c7-b780-43c37a89e8eb: start LeaderElection
2019-10-18 07:54:49,611 [4b487190-7547-40c7-b780-43c37a89e8eb@group-BAC069DAEF17-LeaderElection368] INFO  impl.LeaderElection (LeaderElection.java:askForVotes(178)) - 4b487190-7547-40c7-b780-43c37a89e8eb@group-BAC069DAEF17-LeaderElection368: begin an election at term 392 for -1: [6fa005cd-25d6-4e29-bda6-9462a060c098:192.168.69.67:36093, 4b487190-7547-40c7-b780-43c37a89e8eb:192.168.69.67:39683, 3d3aac8b-d4d1-454d-bf0c-88a180692893:192.168.69.67:34429], old=null
2019-10-18 07:54:49,613 [grpc-default-executor-0] INFO  impl.RaftServerImpl (RaftServerImpl.java:setRole(184)) - 6fa005cd-25d6-4e29-bda6-9462a060c098@group-BAC069DAEF17: changes role from  FOLLOWER to FOLLOWER at term 392 for recognizeCandidate:4b487190-7547-40c7-b780-43c37a89e8eb
2019-10-18 07:54:49,613 [grpc-default-executor-0] INFO  impl.RoleInfo (RoleInfo.java:shutdownFollowerState(121)) - 6fa005cd-25d6-4e29-bda6-9462a060c098: shutdown FollowerState
2019-10-18 07:54:49,613 [grpc-default-executor-2] INFO  impl.RaftServerImpl (RaftServerImpl.java:setRole(184)) - 3d3aac8b-d4d1-454d-bf0c-88a180692893@group-BAC069DAEF17: changes role from  FOLLOWER to FOLLOWER at term 392 for recognizeCandidate:4b487190-7547-40c7-b780-43c37a89e8eb
2019-10-18 07:54:49,614 [grpc-default-executor-2] INFO  impl.RoleInfo (RoleInfo.java:shutdownFollowerState(121)) - 3d3aac8b-d4d1-454d-bf0c-88a180692893: shutdown FollowerState
2019-10-18 07:54:49,613 [Thread-2716] INFO  impl.FollowerState (FollowerState.java:run(117)) - 6fa005cd-25d6-4e29-bda6-9462a060c098@group-BAC069DAEF17-FollowerState was interrupted: java.lang.InterruptedException: sleep interrupted
2019-10-18 07:54:49,614 [Thread-2717] INFO  impl.FollowerState (FollowerState.java:run(117)) - 3d3aac8b-d4d1-454d-bf0c-88a180692893@group-BAC069DAEF17-FollowerState was interrupted: java.lang.InterruptedException: sleep interrupted
2019-10-18 07:54:49,613 [grpc-default-executor-0] INFO  impl.RoleInfo (RoleInfo.java:updateAndGet(143)) - 6fa005cd-25d6-4e29-bda6-9462a060c098: start FollowerState
2019-10-18 07:54:49,614 [grpc-default-executor-2] INFO  impl.RoleInfo (RoleInfo.java:updateAndGet(143)) - 3d3aac8b-d4d1-454d-bf0c-88a180692893: start FollowerState
2019-10-18 07:54:49,619 [4b487190-7547-40c7-b780-43c37a89e8eb@group-BAC069DAEF17-LeaderElection368] INFO  impl.LeaderElection (LeaderElection.java:logAndReturn(56)) - 4b487190-7547-40c7-b780-43c37a89e8eb@group-BAC069DAEF17-LeaderElection368: Election REJECTED; received 2 response(s) [4b487190-7547-40c7-b780-43c37a89e8eb<-6fa005cd-25d6-4e29-bda6-9462a060c098#0:FAIL-t392, 4b487190-7547-40c7-b780-43c37a89e8eb<-3d3aac8b-d4d1-454d-bf0c-88a180692893#0:FAIL-t392] and 0 exception(s); 4b487190-7547-40c7-b780-43c37a89e8eb@group-BAC069DAEF17:t392, leader=null, voted=4b487190-7547-40c7-b780-43c37a89e8eb, raftlog=4b487190-7547-40c7-b780-43c37a89e8eb@group-BAC069DAEF17-SegmentedRaftLog:OPENED:c-1,f-1,i0, conf=-1: [6fa005cd-25d6-4e29-bda6-9462a060c098:192.168.69.67:36093, 4b487190-7547-40c7-b780-43c37a89e8eb:192.168.69.67:39683, 3d3aac8b-d4d1-454d-bf0c-88a180692893:192.168.69.67:34429], old=null
2019-10-18 07:54:49,619 [4b487190-7547-40c7-b780-43c37a89e8eb@group-BAC069DAEF17-LeaderElection368] INFO  impl.RaftServerImpl (RaftServerImpl.java:setRole(184)) - 4b487190-7547-40c7-b780-43c37a89e8eb@group-BAC069DAEF17: changes role from CANDIDATE to FOLLOWER at term 392 for DISCOVERED_A_NEW_TERM
2019-10-18 07:54:49,620 [4b487190-7547-40c7-b780-43c37a89e8eb@group-BAC069DAEF17-LeaderElection368] INFO  impl.RoleInfo (RoleInfo.java:shutdownLeaderElection(134)) - 4b487190-7547-40c7-b780-43c37a89e8eb: shutdown LeaderElection
2019-10-18 07:54:49,620 [4b487190-7547-40c7-b780-43c37a89e8eb@group-BAC069DAEF17-LeaderElection368] INFO  impl.RoleInfo (RoleInfo.java:updateAndGet(143)) - 4b487190-7547-40c7-b780-43c37a89e8eb: start FollowerState
2019-10-18 07:54:49,678 [Thread-2724] INFO  impl.FollowerState (FollowerState.java:run(108)) - 4b487190-7547-40c7-b780-43c37a89e8eb@group-BAC069DAEF17-FollowerState: change to CANDIDATE, lastRpcTime:58ms, electionTimeout:58ms
2019-10-18 07:54:49,678 [Thread-2724] INFO  impl.RoleInfo (RoleInfo.java:shutdownFollowerState(121)) - 4b487190-7547-40c7-b780-43c37a89e8eb: shutdown FollowerState
2019-10-18 07:54:49,678 [Thread-2724] INFO  impl.RaftServerImpl (RaftServerImpl.java:setRole(184)) - 4b487190-7547-40c7-b780-43c37a89e8eb@group-BAC069DAEF17: changes role from  FOLLOWER to CANDIDATE at term 392 for changeToCandidate
2019-10-18 07:54:49,679 [Thread-2724] INFO  impl.RoleInfo (RoleInfo.java:updateAndGet(143)) - 4b487190-7547-40c7-b780-43c37a89e8eb: start LeaderElection
2019-10-18 07:54:49,691 [4b487190-7547-40c7-b780-43c37a89e8eb@group-BAC069DAEF17-LeaderElection369] INFO  impl.LeaderElection (LeaderElection.java:askForVotes(178)) - 4b487190-7547-40c7-b780-43c37a89e8eb@group-BAC069DAEF17-LeaderElection369: begin an election at term 393 for -1: [6fa005cd-25d6-4e29-bda6-9462a060c098:192.168.69.67:36093, 4b487190-7547-40c7-b780-43c37a89e8eb:192.168.69.67:39683, 3d3aac8b-d4d1-454d-bf0c-88a180692893:192.168.69.67:34429], old=null
2019-10-18 07:54:49,692 [grpc-default-executor-2] INFO  impl.RaftServerImpl (RaftServerImpl.java:setRole(184)) - 6fa005cd-25d6-4e29-bda6-9462a060c098@group-BAC069DAEF17: changes role from  FOLLOWER to FOLLOWER at term 393 for recognizeCandidate:4b487190-7547-40c7-b780-43c37a89e8eb
2019-10-18 07:54:49,693 [grpc-default-executor-2] INFO  impl.RoleInfo (RoleInfo.java:shutdownFollowerState(121)) - 6fa005cd-25d6-4e29-bda6-9462a060c098: shutdown FollowerState
2019-10-18 07:54:49,693 [grpc-default-executor-0] INFO  impl.RaftServerImpl (RaftServerImpl.java:setRole(184)) - 3d3aac8b-d4d1-454d-bf0c-88a180692893@group-BAC069DAEF17: changes role from  FOLLOWER to FOLLOWER at term 393 for recognizeCandidate:4b487190-7547-40c7-b780-43c37a89e8eb
2019-10-18 07:54:49,693 [grpc-default-executor-0] INFO  impl.RoleInfo (RoleInfo.java:shutdownFollowerState(121)) - 3d3aac8b-d4d1-454d-bf0c-88a180692893: shutdown FollowerState
2019-10-18 07:54:49,693 [Thread-2722] INFO  impl.FollowerState (FollowerState.java:run(117)) - 6fa005cd-25d6-4e29-bda6-9462a060c098@group-BAC069DAEF17-FollowerState was interrupted: java.lang.InterruptedException: sleep interrupted
2019-10-18 07:54:49,693 [grpc-default-executor-2] INFO  impl.RoleInfo (RoleInfo.java:updateAndGet(143)) - 6fa005cd-25d6-4e29-bda6-9462a060c098: start FollowerState
2019-10-18 07:54:49,693 [Thread-2723] INFO  impl.FollowerState (FollowerState.java:run(117)) - 3d3aac8b-d4d1-454d-bf0c-88a180692893@group-BAC069DAEF17-FollowerState was interrupted: java.lang.InterruptedException: sleep interrupted
2019-10-18 07:54:49,693 [grpc-default-executor-0] INFO  impl.RoleInfo (RoleInfo.java:updateAndGet(143)) - 3d3aac8b-d4d1-454d-bf0c-88a180692893: start FollowerState
2019-10-18 07:54:49,698 [4b487190-7547-40c7-b780-43c37a89e8eb@group-BAC069DAEF17-LeaderElection369] INFO  impl.LeaderElection (LeaderElection.java:logAndReturn(56)) - 4b487190-7547-40c7-b780-43c37a89e8eb@group-BAC069DAEF17-LeaderElection369: Election REJECTED; received 2 response(s) [4b487190-7547-40c7-b780-43c37a89e8eb<-6fa005cd-25d6-4e29-bda6-9462a060c098#0:FAIL-t393, 4b487190-7547-40c7-b780-43c37a89e8eb<-3d3aac8b-d4d1-454d-bf0c-88a180692893#0:FAIL-t393] and 0 exception(s); 4b487190-7547-40c7-b780-43c37a89e8eb@group-BAC069DAEF17:t393, leader=null, voted=4b487190-7547-40c7-b780-43c37a89e8eb, raftlog=4b487190-7547-40c7-b780-43c37a89e8eb@group-BAC069DAEF17-SegmentedRaftLog:OPENED:c-1,f-1,i0, conf=-1: [6fa005cd-25d6-4e29-bda6-9462a060c098:192.168.69.67:36093, 4b487190-7547-40c7-b780-43c37a89e8eb:192.168.69.67:39683, 3d3aac8b-d4d1-454d-bf0c-88a180692893:192.168.69.67:34429], old=null
2019-10-18 07:54:49,698 [4b487190-7547-40c7-b780-43c37a89e8eb@group-BAC069DAEF17-LeaderElection369] INFO  impl.RaftServerImpl (RaftServerImpl.java:setRole(184)) - 4b487190-7547-40c7-b780-43c37a89e8eb@group-BAC069DAEF17: changes role from CANDIDATE to FOLLOWER at term 393 for DISCOVERED_A_NEW_TERM
2019-10-18 07:54:49,698 [4b487190-7547-40c7-b780-43c37a89e8eb@group-BAC069DAEF17-LeaderElection369] INFO  impl.RoleInfo (RoleInfo.java:shutdownLeaderElection(134)) - 4b487190-7547-40c7-b780-43c37a89e8eb: shutdown LeaderElection
2019-10-18 07:54:49,698 [4b487190-7547-40c7-b780-43c37a89e8eb@group-BAC069DAEF17-LeaderElection369] INFO  impl.RoleInfo (RoleInfo.java:updateAndGet(143)) - 4b487190-7547-40c7-b780-43c37a89e8eb: start FollowerState
2019-10-18 07:54:49,734 [Thread-2730] INFO  impl.FollowerState (FollowerState.java:run(108)) - 4b487190-7547-40c7-b780-43c37a89e8eb@group-BAC069DAEF17-FollowerState: change to CANDIDATE, lastRpcTime:35ms, electionTimeout:35ms
2019-10-18 07:54:49,734 [Thread-2730] INFO  impl.RoleInfo (RoleInfo.java:shutdownFollowerState(121)) - 4b487190-7547-40c7-b780-43c37a89e8eb: shutdown FollowerState
2019-10-18 07:54:49,734 [Thread-2730] INFO  impl.RaftServerImpl (RaftServerImpl.java:setRole(184)) - 4b487190-7547-40c7-b780-43c37a89e8eb@group-BAC069DAEF17: changes role from  FOLLOWER to CANDIDATE at term 393 for changeToCandidate
2019-10-18 07:54:49,734 [Thread-2730] INFO  impl.RoleInfo (RoleInfo.java:updateAndGet(143)) - 4b487190-7547-40c7-b780-43c37a89e8eb: start LeaderElection
2019-10-18 07:54:49,738 [4b487190-7547-40c7-b780-43c37a89e8eb@group-BAC069DAEF17-LeaderElection370] INFO  impl.LeaderElection (LeaderElection.java:askForVotes(178)) - 4b487190-7547-40c7-b780-43c37a89e8eb@group-BAC069DAEF17-LeaderElection370: begin an election at term 394 for -1: [6fa005cd-25d6-4e29-bda6-9462a060c098:192.168.69.67:36093, 4b487190-7547-40c7-b780-43c37a89e8eb:192.168.69.67:39683, 3d3aac8b-d4d1-454d-bf0c-88a180692893:192.168.69.67:34429], old=null
2019-10-18 07:54:49,740 [grpc-default-executor-2] INFO  impl.RaftServerImpl (RaftServerImpl.java:setRole(184)) - 6fa005cd-25d6-4e29-bda6-9462a060c098@group-BAC069DAEF17: changes role from  FOLLOWER to FOLLOWER at term 394 for recognizeCandidate:4b487190-7547-40c7-b780-43c37a89e8eb
2019-10-18 07:54:49,740 [grpc-default-executor-2] INFO  impl.RoleInfo (RoleInfo.java:shutdownFollowerState(121)) - 6fa005cd-25d6-4e29-bda6-9462a060c098: shutdown FollowerState
2019-10-18 07:54:49,740 [grpc-default-executor-0] INFO  impl.RaftServerImpl (RaftServerImpl.java:setRole(184)) - 3d3aac8b-d4d1-454d-bf0c-88a180692893@group-BAC069DAEF17: changes role from  FOLLOWER to FOLLOWER at term 394 for recognizeCandidate:4b487190-7547-40c7-b780-43c37a89e8eb
2019-10-18 07:54:49,741 [grpc-default-executor-0] INFO  impl.RoleInfo (RoleInfo.java:shutdownFollowerState(121)) - 3d3aac8b-d4d1-454d-bf0c-88a180692893: shutdown FollowerState
2019-10-18 07:54:49,741 [Thread-2728] INFO  impl.FollowerState (FollowerState.java:run(117)) - 6fa005cd-25d6-4e29-bda6-9462a060c098@group-BAC069DAEF17-FollowerState was interrupted: java.lang.InterruptedException: sleep interrupted
2019-10-18 07:54:49,741 [grpc-default-executor-2] INFO  impl.RoleInfo (RoleInfo.java:updateAndGet(143)) - 6fa005cd-25d6-4e29-bda6-9462a060c098: start FollowerState
2019-10-18 07:54:49,741 [Thread-2729] INFO  impl.FollowerState (FollowerState.java:run(117)) - 3d3aac8b-d4d1-454d-bf0c-88a180692893@group-BAC069DAEF17-FollowerState was interrupted: java.lang.InterruptedException: sleep interrupted
2019-10-18 07:54:49,741 [grpc-default-executor-0] INFO  impl.RoleInfo (RoleInfo.java:updateAndGet(143)) - 3d3aac8b-d4d1-454d-bf0c-88a180692893: start FollowerState
2019-10-18 07:54:49,765 [4b487190-7547-40c7-b780-43c37a89e8eb@group-BAC069DAEF17-LeaderElection370] INFO  impl.LeaderElection (LeaderElection.java:logAndReturn(56)) - 4b487190-7547-40c7-b780-43c37a89e8eb@group-BAC069DAEF17-LeaderElection370: Election REJECTED; received 2 response(s) [4b487190-7547-40c7-b780-43c37a89e8eb<-6fa005cd-25d6-4e29-bda6-9462a060c098#0:FAIL-t394, 4b487190-7547-40c7-b780-43c37a89e8eb<-3d3aac8b-d4d1-454d-bf0c-88a180692893#0:FAIL-t394] and 0 exception(s); 4b487190-7547-40c7-b780-43c37a89e8eb@group-BAC069DAEF17:t394, leader=null, voted=4b487190-7547-40c7-b780-43c37a89e8eb, raftlog=4b487190-7547-40c7-b780-43c37a89e8eb@group-BAC069DAEF17-SegmentedRaftLog:OPENED:c-1,f-1,i0, conf=-1: [6fa005cd-25d6-4e29-bda6-9462a060c098:192.168.69.67:36093, 4b487190-7547-40c7-b780-43c37a89e8eb:192.168.69.67:39683, 3d3aac8b-d4d1-454d-bf0c-88a180692893:192.168.69.67:34429], old=null
2019-10-18 07:54:49,765 [4b487190-7547-40c7-b780-43c37a89e8eb@group-BAC069DAEF17-LeaderElection370] INFO  impl.RaftServerImpl (RaftServerImpl.java:setRole(184)) - 4b487190-7547-40c7-b780-43c37a89e8eb@group-BAC069DAEF17: changes role from CANDIDATE to FOLLOWER at term 394 for DISCOVERED_A_NEW_TERM
2019-10-18 07:54:49,765 [4b487190-7547-40c7-b780-43c37a89e8eb@group-BAC069DAEF17-LeaderElection370] INFO  impl.RoleInfo (RoleInfo.java:shutdownLeaderElection(134)) - 4b487190-7547-40c7-b780-43c37a89e8eb: shutdown LeaderElection
2019-10-18 07:54:49,765 [4b487190-7547-40c7-b780-43c37a89e8eb@group-BAC069DAEF17-LeaderElection370] INFO  impl.RoleInfo (RoleInfo.java:updateAndGet(143)) - 4b487190-7547-40c7-b780-43c37a89e8eb: start FollowerState
2019-10-18 07:54:49,794 [Thread-2736] INFO  impl.FollowerState (FollowerState.java:run(108)) - 4b487190-7547-40c7-b780-43c37a89e8eb@group-BAC069DAEF17-FollowerState: change to CANDIDATE, lastRpcTime:28ms, electionTimeout:28ms
2019-10-18 07:54:49,794 [Thread-2736] INFO  impl.RoleInfo (RoleInfo.java:shutdownFollowerState(121)) - 4b487190-7547-40c7-b780-43c37a89e8eb: shutdown FollowerState
2019-10-18 07:54:49,794 [Thread-2736] INFO  impl.RaftServerImpl (RaftServerImpl.java:setRole(184)) - 4b487190-7547-40c7-b780-43c37a89e8eb@group-BAC069DAEF17: changes role from  FOLLOWER to CANDIDATE at term 394 for changeToCandidate
2019-10-18 07:54:49,794 [Thread-2736] INFO  impl.RoleInfo (RoleInfo.java:updateAndGet(143)) - 4b487190-7547-40c7-b780-43c37a89e8eb: start LeaderElection
2019-10-18 07:54:49,809 [4b487190-7547-40c7-b780-43c37a89e8eb@group-BAC069DAEF17-LeaderElection371] INFO  impl.LeaderElection (LeaderElection.java:askForVotes(178)) - 4b487190-7547-40c7-b780-43c37a89e8eb@group-BAC069DAEF17-LeaderElection371: begin an election at term 395 for -1: [6fa005cd-25d6-4e29-bda6-9462a060c098:192.168.69.67:36093, 4b487190-7547-40c7-b780-43c37a89e8eb:192.168.69.67:39683, 3d3aac8b-d4d1-454d-bf0c-88a180692893:192.168.69.67:34429], old=null
2019-10-18 07:54:49,811 [grpc-default-executor-2] INFO  impl.RaftServerImpl (RaftServerImpl.java:setRole(184)) - 6fa005cd-25d6-4e29-bda6-9462a060c098@group-BAC069DAEF17: changes role from  FOLLOWER to FOLLOWER at term 395 for recognizeCandidate:4b487190-7547-40c7-b780-43c37a89e8eb
2019-10-18 07:54:49,811 [grpc-default-executor-2] INFO  impl.RoleInfo (RoleInfo.java:shutdownFollowerState(121)) - 6fa005cd-25d6-4e29-bda6-9462a060c098: shutdown FollowerState
2019-10-18 07:54:49,811 [grpc-default-executor-2] INFO  impl.RoleInfo (RoleInfo.java:updateAndGet(143)) - 6fa005cd-25d6-4e29-bda6-9462a060c098: start FollowerState
2019-10-18 07:54:49,811 [grpc-default-executor-0] INFO  impl.RaftServerImpl (RaftServerImpl.java:setRole(184)) - 3d3aac8b-d4d1-454d-bf0c-88a180692893@group-BAC069DAEF17: changes role from  FOLLOWER to FOLLOWER at term 395 for recognizeCandidate:4b487190-7547-40c7-b780-43c37a89e8eb
2019-10-18 07:54:49,811 [grpc-default-executor-0] INFO  impl.RoleInfo (RoleInfo.java:shutdownFollowerState(121)) - 3d3aac8b-d4d1-454d-bf0c-88a180692893: shutdown FollowerState
2019-10-18 07:54:49,811 [Thread-2734] INFO  impl.FollowerState (FollowerState.java:run(117)) - 6fa005cd-25d6-4e29-bda6-9462a060c098@group-BAC069DAEF17-FollowerState was interrupted: java.lang.InterruptedException: sleep interrupted
2019-10-18 07:54:49,812 [Thread-2735] INFO  impl.FollowerState (FollowerState.java:run(117)) - 3d3aac8b-d4d1-454d-bf0c-88a180692893@group-BAC069DAEF17-FollowerState was interrupted: java.lang.InterruptedException: sleep interrupted
2019-10-18 07:54:49,812 [grpc-default-executor-0] INFO  impl.RoleInfo (RoleInfo.java:updateAndGet(143)) - 3d3aac8b-d4d1-454d-bf0c-88a180692893: start FollowerState
2019-10-18 07:54:49,826 [4b487190-7547-40c7-b780-43c37a89e8eb@group-BAC069DAEF17-LeaderElection371] INFO  impl.LeaderElection (LeaderElection.java:logAndReturn(56)) - 4b487190-7547-40c7-b780-43c37a89e8eb@group-BAC069DAEF17-LeaderElection371: Election REJECTED; received 2 response(s) [4b487190-7547-40c7-b780-43c37a89e8eb<-6fa005cd-25d6-4e29-bda6-9462a060c098#0:FAIL-t395, 4b487190-7547-40c7-b780-43c37a89e8eb<-3d3aac8b-d4d1-454d-bf0c-88a180692893#0:FAIL-t395] and 0 exception(s); 4b487190-7547-40c7-b780-43c37a89e8eb@group-BAC069DAEF17:t395, leader=null, voted=4b487190-7547-40c7-b780-43c37a89e8eb, raftlog=4b487190-7547-40c7-b780-43c37a89e8eb@group-BAC069DAEF17-SegmentedRaftLog:OPENED:c-1,f-1,i0, conf=-1: [6fa005cd-25d6-4e29-bda6-9462a060c098:192.168.69.67:36093, 4b487190-7547-40c7-b780-43c37a89e8eb:192.168.69.67:39683, 3d3aac8b-d4d1-454d-bf0c-88a180692893:192.168.69.67:34429], old=null
2019-10-18 07:54:49,826 [4b487190-7547-40c7-b780-43c37a89e8eb@group-BAC069DAEF17-LeaderElection371] INFO  impl.RaftServerImpl (RaftServerImpl.java:setRole(184)) - 4b487190-7547-40c7-b780-43c37a89e8eb@group-BAC069DAEF17: changes role from CANDIDATE to FOLLOWER at term 395 for DISCOVERED_A_NEW_TERM
2019-10-18 07:54:49,826 [4b487190-7547-40c7-b780-43c37a89e8eb@group-BAC069DAEF17-LeaderElection371] INFO  impl.RoleInfo (RoleInfo.java:shutdownLeaderElection(134)) - 4b487190-7547-40c7-b780-43c37a89e8eb: shutdown LeaderElection
2019-10-18 07:54:49,826 [4b487190-7547-40c7-b780-43c37a89e8eb@group-BAC069DAEF17-LeaderElection371] INFO  impl.RoleInfo (RoleInfo.java:updateAndGet(143)) - 4b487190-7547-40c7-b780-43c37a89e8eb: start FollowerState
2019-10-18 07:54:49,838 [Thread-2742] INFO  impl.FollowerState (FollowerState.java:run(108)) - 4b487190-7547-40c7-b780-43c37a89e8eb@group-BAC069DAEF17-FollowerState: change to CANDIDATE, lastRpcTime:11ms, electionTimeout:11ms
2019-10-18 07:54:49,838 [Thread-2742] INFO  impl.RoleInfo (RoleInfo.java:shutdownFollowerState(121)) - 4b487190-7547-40c7-b780-43c37a89e8eb: shutdown FollowerState
2019-10-18 07:54:49,838 [Thread-2742] INFO  impl.RaftServerImpl (RaftServerImpl.java:setRole(184)) - 4b487190-7547-40c7-b780-43c37a89e8eb@group-BAC069DAEF17: changes role from  FOLLOWER to CANDIDATE at term 395 for changeToCandidate
2019-10-18 07:54:49,846 [Thread-2742] INFO  impl.RoleInfo (RoleInfo.java:updateAndGet(143)) - 4b487190-7547-40c7-b780-43c37a89e8eb: start LeaderElection
2019-10-18 07:54:49,860 [4b487190-7547-40c7-b780-43c37a89e8eb@group-BAC069DAEF17-LeaderElection372] INFO  impl.LeaderElection (LeaderElection.java:askForVotes(178)) - 4b487190-7547-40c7-b780-43c37a89e8eb@group-BAC069DAEF17-LeaderElection372: begin an election at term 396 for -1: [6fa005cd-25d6-4e29-bda6-9462a060c098:192.168.69.67:36093, 4b487190-7547-40c7-b780-43c37a89e8eb:192.168.69.67:39683, 3d3aac8b-d4d1-454d-bf0c-88a180692893:192.168.69.67:34429], old=null
2019-10-18 07:54:49,864 [grpc-default-executor-0] INFO  impl.RaftServerImpl (RaftServerImpl.java:setRole(184)) - 6fa005cd-25d6-4e29-bda6-9462a060c098@group-BAC069DAEF17: changes role from  FOLLOWER to FOLLOWER at term 396 for recognizeCandidate:4b487190-7547-40c7-b780-43c37a89e8eb
2019-10-18 07:54:49,864 [grpc-default-executor-0] INFO  impl.RoleInfo (RoleInfo.java:shutdownFollowerState(121)) - 6fa005cd-25d6-4e29-bda6-9462a060c098: shutdown FollowerState
2019-10-18 07:54:49,864 [grpc-default-executor-2] INFO  impl.RaftServerImpl (RaftServerImpl.java:setRole(184)) - 3d3aac8b-d4d1-454d-bf0c-88a180692893@group-BAC069DAEF17: changes role from  FOLLOWER to FOLLOWER at term 396 for recognizeCandidate:4b487190-7547-40c7-b780-43c37a89e8eb
2019-10-18 07:54:49,864 [grpc-default-executor-2] INFO  impl.RoleInfo (RoleInfo.java:shutdownFollowerState(121)) - 3d3aac8b-d4d1-454d-bf0c-88a180692893: shutdown FollowerState
2019-10-18 07:54:49,870 [grpc-default-executor-2] INFO  impl.RoleInfo (RoleInfo.java:updateAndGet(143)) - 3d3aac8b-d4d1-454d-bf0c-88a180692893: start FollowerState
2019-10-18 07:54:49,870 [Thread-2740] INFO  impl.FollowerState (FollowerState.java:run(117)) - 6fa005cd-25d6-4e29-bda6-9462a060c098@group-BAC069DAEF17-FollowerState was interrupted: java.lang.InterruptedException: sleep interrupted
2019-10-18 07:54:49,870 [grpc-default-executor-0] INFO  impl.RoleInfo (RoleInfo.java:updateAndGet(143)) - 6fa005cd-25d6-4e29-bda6-9462a060c098: start FollowerState
2019-10-18 07:54:49,870 [Thread-2741] INFO  impl.FollowerState (FollowerState.java:run(117)) - 3d3aac8b-d4d1-454d-bf0c-88a180692893@group-BAC069DAEF17-FollowerState was interrupted: java.lang.InterruptedException: sleep interrupted
2019-10-18 07:54:49,885 [4b487190-7547-40c7-b780-43c37a89e8eb@group-BAC069DAEF17-LeaderElection372] INFO  impl.LeaderElection (LeaderElection.java:logAndReturn(56)) - 4b487190-7547-40c7-b780-43c37a89e8eb@group-BAC069DAEF17-LeaderElection372: Election REJECTED; received 2 response(s) [4b487190-7547-40c7-b780-43c37a89e8eb<-6fa005cd-25d6-4e29-bda6-9462a060c098#0:FAIL-t396, 4b487190-7547-40c7-b780-43c37a89e8eb<-3d3aac8b-d4d1-454d-bf0c-88a180692893#0:FAIL-t396] and 0 exception(s); 4b487190-7547-40c7-b780-43c37a89e8eb@group-BAC069DAEF17:t396, leader=null, voted=4b487190-7547-40c7-b780-43c37a89e8eb, raftlog=4b487190-7547-40c7-b780-43c37a89e8eb@group-BAC069DAEF17-SegmentedRaftLog:OPENED:c-1,f-1,i0, conf=-1: [6fa005cd-25d6-4e29-bda6-9462a060c098:192.168.69.67:36093, 4b487190-7547-40c7-b780-43c37a89e8eb:192.168.69.67:39683, 3d3aac8b-d4d1-454d-bf0c-88a180692893:192.168.69.67:34429], old=null
2019-10-18 07:54:49,885 [4b487190-7547-40c7-b780-43c37a89e8eb@group-BAC069DAEF17-LeaderElection372] INFO  impl.RaftServerImpl (RaftServerImpl.java:setRole(184)) - 4b487190-7547-40c7-b780-43c37a89e8eb@group-BAC069DAEF17: changes role from CANDIDATE to FOLLOWER at term 396 for DISCOVERED_A_NEW_TERM
2019-10-18 07:54:49,885 [4b487190-7547-40c7-b780-43c37a89e8eb@group-BAC069DAEF17-LeaderElection372] INFO  impl.RoleInfo (RoleInfo.java:shutdownLeaderElection(134)) - 4b487190-7547-40c7-b780-43c37a89e8eb: shutdown LeaderElection
2019-10-18 07:54:49,885 [4b487190-7547-40c7-b780-43c37a89e8eb@group-BAC069DAEF17-LeaderElection372] INFO  impl.RoleInfo (RoleInfo.java:updateAndGet(143)) - 4b487190-7547-40c7-b780-43c37a89e8eb: start FollowerState
2019-10-18 07:54:50,022 [Thread-2748] INFO  impl.FollowerState (FollowerState.java:run(108)) - 4b487190-7547-40c7-b780-43c37a89e8eb@group-BAC069DAEF17-FollowerState: change to CANDIDATE, lastRpcTime:136ms, electionTimeout:136ms
2019-10-18 07:54:50,022 [Thread-2748] INFO  impl.RoleInfo (RoleInfo.java:shutdownFollowerState(121)) - 4b487190-7547-40c7-b780-43c37a89e8eb: shutdown FollowerState
2019-10-18 07:54:50,022 [Thread-2748] INFO  impl.RaftServerImpl (RaftServerImpl.java:setRole(184)) - 4b487190-7547-40c7-b780-43c37a89e8eb@group-BAC069DAEF17: changes role from  FOLLOWER to CANDIDATE at term 396 for changeToCandidate
2019-10-18 07:54:50,022 [Thread-2748] INFO  impl.RoleInfo (RoleInfo.java:updateAndGet(143)) - 4b487190-7547-40c7-b780-43c37a89e8eb: start LeaderElection
2019-10-18 07:54:50,036 [4b487190-7547-40c7-b780-43c37a89e8eb@group-BAC069DAEF17-LeaderElection373] INFO  impl.LeaderElection (LeaderElection.java:askForVotes(178)) - 4b487190-7547-40c7-b780-43c37a89e8eb@group-BAC069DAEF17-LeaderElection373: begin an election at term 397 for -1: [6fa005cd-25d6-4e29-bda6-9462a060c098:192.168.69.67:36093, 4b487190-7547-40c7-b780-43c37a89e8eb:192.168.69.67:39683, 3d3aac8b-d4d1-454d-bf0c-88a180692893:192.168.69.67:34429], old=null
2019-10-18 07:54:50,038 [grpc-default-executor-0] INFO  impl.RaftServerImpl (RaftServerImpl.java:setRole(184)) - 3d3aac8b-d4d1-454d-bf0c-88a180692893@group-BAC069DAEF17: changes role from  FOLLOWER to FOLLOWER at term 397 for recognizeCandidate:4b487190-7547-40c7-b780-43c37a89e8eb
2019-10-18 07:54:50,038 [grpc-default-executor-0] INFO  impl.RoleInfo (RoleInfo.java:shutdownFollowerState(121)) - 3d3aac8b-d4d1-454d-bf0c-88a180692893: shutdown FollowerState
2019-10-18 07:54:50,038 [grpc-default-executor-2] INFO  impl.RaftServerImpl (RaftServerImpl.java:setRole(184)) - 6fa005cd-25d6-4e29-bda6-9462a060c098@group-BAC069DAEF17: changes role from  FOLLOWER to FOLLOWER at term 397 for recognizeCandidate:4b487190-7547-40c7-b780-43c37a89e8eb
2019-10-18 07:54:50,039 [grpc-default-executor-2] INFO  impl.RoleInfo (RoleInfo.java:shutdownFollowerState(121)) - 6fa005cd-25d6-4e29-bda6-9462a060c098: shutdown FollowerState
2019-10-18 07:54:50,039 [Thread-2746] INFO  impl.FollowerState (FollowerState.java:run(117)) - 3d3aac8b-d4d1-454d-bf0c-88a180692893@group-BAC069DAEF17-FollowerState was interrupted: java.lang.InterruptedException: sleep interrupted
2019-10-18 07:54:50,039 [Thread-2747] INFO  impl.FollowerState (FollowerState.java:run(117)) - 6fa005cd-25d6-4e29-bda6-9462a060c098@group-BAC069DAEF17-FollowerState was interrupted: java.lang.InterruptedException: sleep interrupted
2019-10-18 07:54:50,039 [grpc-default-executor-0] INFO  impl.RoleInfo (RoleInfo.java:updateAndGet(143)) - 3d3aac8b-d4d1-454d-bf0c-88a180692893: start FollowerState
2019-10-18 07:54:50,039 [grpc-default-executor-2] INFO  impl.RoleInfo (RoleInfo.java:updateAndGet(143)) - 6fa005cd-25d6-4e29-bda6-9462a060c098: start FollowerState
2019-10-18 07:54:50,054 [4b487190-7547-40c7-b780-43c37a89e8eb@group-BAC069DAEF17-LeaderElection373] INFO  impl.LeaderElection (LeaderElection.java:logAndReturn(56)) - 4b487190-7547-40c7-b780-43c37a89e8eb@group-BAC069DAEF17-LeaderElection373: Election REJECTED; received 2 response(s) [4b487190-7547-40c7-b780-43c37a89e8eb<-6fa005cd-25d6-4e29-bda6-9462a060c098#0:FAIL-t397, 4b487190-7547-40c7-b780-43c37a89e8eb<-3d3aac8b-d4d1-454d-bf0c-88a180692893#0:FAIL-t397] and 0 exception(s); 4b487190-7547-40c7-b780-43c37a89e8eb@group-BAC069DAEF17:t397, leader=null, voted=4b487190-7547-40c7-b780-43c37a89e8eb, raftlog=4b487190-7547-40c7-b780-43c37a89e8eb@group-BAC069DAEF17-SegmentedRaftLog:OPENED:c-1,f-1,i0, conf=-1: [6fa005cd-25d6-4e29-bda6-9462a060c098:192.168.69.67:36093, 4b487190-7547-40c7-b780-43c37a89e8eb:192.168.69.67:39683, 3d3aac8b-d4d1-454d-bf0c-88a180692893:192.168.69.67:34429], old=null
2019-10-18 07:54:50,054 [4b487190-7547-40c7-b780-43c37a89e8eb@group-BAC069DAEF17-LeaderElection373] INFO  impl.RaftServerImpl (RaftServerImpl.java:setRole(184)) - 4b487190-7547-40c7-b780-43c37a89e8eb@group-BAC069DAEF17: changes role from CANDIDATE to FOLLOWER at term 397 for DISCOVERED_A_NEW_TERM
2019-10-18 07:54:50,054 [4b487190-7547-40c7-b780-43c37a89e8eb@group-BAC069DAEF17-LeaderElection373] INFO  impl.RoleInfo (RoleInfo.java:shutdownLeaderElection(134)) - 4b487190-7547-40c7-b780-43c37a89e8eb: shutdown LeaderElection
2019-10-18 07:54:50,054 [4b487190-7547-40c7-b780-43c37a89e8eb@group-BAC069DAEF17-LeaderElection373] INFO  impl.RoleInfo (RoleInfo.java:updateAndGet(143)) - 4b487190-7547-40c7-b780-43c37a89e8eb: start FollowerState
2019-10-18 07:54:50,056 [Thread-2754] INFO  impl.FollowerState (FollowerState.java:run(108)) - 4b487190-7547-40c7-b780-43c37a89e8eb@group-BAC069DAEF17-FollowerState: change to CANDIDATE, lastRpcTime:1ms, electionTimeout:1ms
2019-10-18 07:54:50,056 [Thread-2754] INFO  impl.RoleInfo (RoleInfo.java:shutdownFollowerState(121)) - 4b487190-7547-40c7-b780-43c37a89e8eb: shutdown FollowerState
2019-10-18 07:54:50,056 [Thread-2754] INFO  impl.RaftServerImpl (RaftServerImpl.java:setRole(184)) - 4b487190-7547-40c7-b780-43c37a89e8eb@group-BAC069DAEF17: changes role from  FOLLOWER to CANDIDATE at term 397 for changeToCandidate
2019-10-18 07:54:50,056 [Thread-2754] INFO  impl.RoleInfo (RoleInfo.java:updateAndGet(143)) - 4b487190-7547-40c7-b780-43c37a89e8eb: start LeaderElection
2019-10-18 07:54:50,069 [4b487190-7547-40c7-b780-43c37a89e8eb@group-BAC069DAEF17-LeaderElection374] INFO  impl.LeaderElection (LeaderElection.java:askForVotes(178)) - 4b487190-7547-40c7-b780-43c37a89e8eb@group-BAC069DAEF17-LeaderElection374: begin an election at term 398 for -1: [6fa005cd-25d6-4e29-bda6-9462a060c098:192.168.69.67:36093, 4b487190-7547-40c7-b780-43c37a89e8eb:192.168.69.67:39683, 3d3aac8b-d4d1-454d-bf0c-88a180692893:192.168.69.67:34429], old=null
2019-10-18 07:54:50,071 [grpc-default-executor-2] INFO  impl.RaftServerImpl (RaftServerImpl.java:setRole(184)) - 6fa005cd-25d6-4e29-bda6-9462a060c098@group-BAC069DAEF17: changes role from  FOLLOWER to FOLLOWER at term 398 for recognizeCandidate:4b487190-7547-40c7-b780-43c37a89e8eb
2019-10-18 07:54:50,071 [grpc-default-executor-2] INFO  impl.RoleInfo (RoleInfo.java:shutdownFollowerState(121)) - 6fa005cd-25d6-4e29-bda6-9462a060c098: shutdown FollowerState
2019-10-18 07:54:50,071 [grpc-default-executor-2] INFO  impl.RoleInfo (RoleInfo.java:updateAndGet(143)) - 6fa005cd-25d6-4e29-bda6-9462a060c098: start FollowerState
2019-10-18 07:54:50,071 [grpc-default-executor-0] INFO  impl.RaftServerImpl (RaftServerImpl.java:setRole(184)) - 3d3aac8b-d4d1-454d-bf0c-88a180692893@group-BAC069DAEF17: changes role from  FOLLOWER to FOLLOWER at term 398 for recognizeCandidate:4b487190-7547-40c7-b780-43c37a89e8eb
2019-10-18 07:54:50,071 [Thread-2753] INFO  impl.FollowerState (FollowerState.java:run(117)) - 6fa005cd-25d6-4e29-bda6-9462a060c098@group-BAC069DAEF17-FollowerState was interrupted: java.lang.InterruptedException: sleep interrupted
2019-10-18 07:54:50,071 [grpc-default-executor-0] INFO  impl.RoleInfo (RoleInfo.java:shutdownFollowerState(121)) - 3d3aac8b-d4d1-454d-bf0c-88a180692893: shutdown FollowerState
2019-10-18 07:54:50,071 [grpc-default-executor-0] INFO  impl.RoleInfo (RoleInfo.java:updateAndGet(143)) - 3d3aac8b-d4d1-454d-bf0c-88a180692893: start FollowerState
2019-10-18 07:54:50,071 [Thread-2752] INFO  impl.FollowerState (FollowerState.java:run(117)) - 3d3aac8b-d4d1-454d-bf0c-88a180692893@group-BAC069DAEF17-FollowerState was interrupted: java.lang.InterruptedException: sleep interrupted
2019-10-18 07:54:50,087 [4b487190-7547-40c7-b780-43c37a89e8eb@group-BAC069DAEF17-LeaderElection374] INFO  impl.LeaderElection (LeaderElection.java:logAndReturn(56)) - 4b487190-7547-40c7-b780-43c37a89e8eb@group-BAC069DAEF17-LeaderElection374: Election REJECTED; received 2 response(s) [4b487190-7547-40c7-b780-43c37a89e8eb<-6fa005cd-25d6-4e29-bda6-9462a060c098#0:FAIL-t398, 4b487190-7547-40c7-b780-43c37a89e8eb<-3d3aac8b-d4d1-454d-bf0c-88a180692893#0:FAIL-t398] and 0 exception(s); 4b487190-7547-40c7-b780-43c37a89e8eb@group-BAC069DAEF17:t398, leader=null, voted=4b487190-7547-40c7-b780-43c37a89e8eb, raftlog=4b487190-7547-40c7-b780-43c37a89e8eb@group-BAC069DAEF17-SegmentedRaftLog:OPENED:c-1,f-1,i0, conf=-1: [6fa005cd-25d6-4e29-bda6-9462a060c098:192.168.69.67:36093, 4b487190-7547-40c7-b780-43c37a89e8eb:192.168.69.67:39683, 3d3aac8b-d4d1-454d-bf0c-88a180692893:192.168.69.67:34429], old=null
2019-10-18 07:54:50,087 [4b487190-7547-40c7-b780-43c37a89e8eb@group-BAC069DAEF17-LeaderElection374] INFO  impl.RaftServerImpl (RaftServerImpl.java:setRole(184)) - 4b487190-7547-40c7-b780-43c37a89e8eb@group-BAC069DAEF17: changes role from CANDIDATE to FOLLOWER at term 398 for DISCOVERED_A_NEW_TERM
2019-10-18 07:54:50,087 [4b487190-7547-40c7-b780-43c37a89e8eb@group-BAC069DAEF17-LeaderElection374] INFO  impl.RoleInfo (RoleInfo.java:shutdownLeaderElection(134)) - 4b487190-7547-40c7-b780-43c37a89e8eb: shutdown LeaderElection
2019-10-18 07:54:50,087 [4b487190-7547-40c7-b780-43c37a89e8eb@group-BAC069DAEF17-LeaderElection374] INFO  impl.RoleInfo (RoleInfo.java:updateAndGet(143)) - 4b487190-7547-40c7-b780-43c37a89e8eb: start FollowerState
2019-10-18 07:54:50,174 [ForkJoinPool.commonPool-worker-0] INFO  ozoneimpl.OzoneContainer (OzoneContainer.java:stop(227)) - Attempting to stop container services.
2019-10-18 07:54:50,174 [main] INFO  ozoneimpl.OzoneContainer (OzoneContainer.java:stop(227)) - Attempting to stop container services.
2019-10-18 07:54:50,174 [ForkJoinPool.commonPool-worker-0] INFO  impl.RaftServerProxy (RaftServerProxy.java:lambda$close$4(314)) - 3d3aac8b-d4d1-454d-bf0c-88a180692893: close
2019-10-18 07:54:50,175 [ForkJoinPool.commonPool-worker-0] INFO  impl.RaftServerImpl (RaftServerImpl.java:lambda$shutdown$3(261)) - 3d3aac8b-d4d1-454d-bf0c-88a180692893@group-BAC069DAEF17: shutdown
2019-10-18 07:54:50,175 [main] INFO  impl.RaftServerProxy (RaftServerProxy.java:lambda$close$4(314)) - a3fa570c-ae50-443c-8ab2-043428e82a24: close
2019-10-18 07:54:50,175 [ForkJoinPool.commonPool-worker-0] INFO  util.JmxRegister (JmxRegister.java:unregister(73)) - Successfully un-registered JMX Bean with object name Ratis:service=RaftServer,group=group-BAC069DAEF17,id=3d3aac8b-d4d1-454d-bf0c-88a180692893
2019-10-18 07:54:50,175 [main] INFO  impl.RaftServerImpl (RaftServerImpl.java:lambda$shutdown$3(261)) - a3fa570c-ae50-443c-8ab2-043428e82a24@group-69898A346AAC: shutdown
2019-10-18 07:54:50,175 [ForkJoinPool.commonPool-worker-0] INFO  impl.RoleInfo (RoleInfo.java:shutdownFollowerState(121)) - 3d3aac8b-d4d1-454d-bf0c-88a180692893: shutdown FollowerState
2019-10-18 07:54:50,176 [main] INFO  util.JmxRegister (JmxRegister.java:unregister(73)) - Successfully un-registered JMX Bean with object name Ratis:service=RaftServer,group=group-69898A346AAC,id=a3fa570c-ae50-443c-8ab2-043428e82a24
2019-10-18 07:54:50,176 [Thread-2759] INFO  impl.FollowerState (FollowerState.java:run(117)) - 3d3aac8b-d4d1-454d-bf0c-88a180692893@group-BAC069DAEF17-FollowerState was interrupted: java.lang.InterruptedException: sleep interrupted
2019-10-18 07:54:50,176 [ForkJoinPool.commonPool-worker-0] INFO  impl.StateMachineUpdater (StateMachineUpdater.java:stopAndJoin(136)) - 3d3aac8b-d4d1-454d-bf0c-88a180692893@group-BAC069DAEF17-StateMachineUpdater: set stopIndex = -1
2019-10-18 07:54:50,176 [main] INFO  impl.RoleInfo (RoleInfo.java:shutdownLeaderState(104)) - a3fa570c-ae50-443c-8ab2-043428e82a24: shutdown LeaderState
2019-10-18 07:54:50,176 [ForkJoinPool.commonPool-worker-0] INFO  impl.RaftServerImpl (ServerState.java:close(388)) - 3d3aac8b-d4d1-454d-bf0c-88a180692893@group-BAC069DAEF17: closes. applyIndex: -1
2019-10-18 07:54:50,181 [org.apache.ratis.server.impl.LogAppender$AppenderDaemon$$Lambda$420/1222076953@2ceb8bcc] WARN  server.GrpcLogAppender (GrpcLogAppender.java:mayWait(149)) - a3fa570c-ae50-443c-8ab2-043428e82a24@group-69898A346AAC->0fc43408-9179-47bd-a807-e56cc33d805e-GrpcLogAppender: Wait interrupted by java.lang.InterruptedException
2019-10-18 07:54:50,181 [main] INFO  impl.PendingRequests (PendingRequests.java:sendNotLeaderResponses(202)) - a3fa570c-ae50-443c-8ab2-043428e82a24@group-69898A346AAC-PendingRequests: sendNotLeaderResponses
2019-10-18 07:54:50,181 [org.apache.ratis.server.impl.LogAppender$AppenderDaemon$$Lambda$420/1222076953@1d0da3b0] WARN  server.GrpcLogAppender (GrpcLogAppender.java:mayWait(149)) - a3fa570c-ae50-443c-8ab2-043428e82a24@group-69898A346AAC->9334f5f3-1c9b-4a41-9735-40b3bdb856ca-GrpcLogAppender: Wait interrupted by java.lang.InterruptedException
2019-10-18 07:54:50,182 [main] INFO  impl.StateMachineUpdater (StateMachineUpdater.java:stopAndJoin(136)) - a3fa570c-ae50-443c-8ab2-043428e82a24@group-69898A346AAC-StateMachineUpdater: set stopIndex = 0
2019-10-18 07:54:50,182 [3d3aac8b-d4d1-454d-bf0c-88a180692893@group-BAC069DAEF17-SegmentedRaftLogWorker] INFO  segmented.SegmentedRaftLogWorker (SegmentedRaftLogWorker.java:run(316)) - 3d3aac8b-d4d1-454d-bf0c-88a180692893@group-BAC069DAEF17-SegmentedRaftLogWorker was interrupted, exiting. There are 0 tasks remaining in the queue.
2019-10-18 07:54:50,182 [main] INFO  impl.RaftServerImpl (ServerState.java:close(388)) - a3fa570c-ae50-443c-8ab2-043428e82a24@group-69898A346AAC: closes. applyIndex: 0
2019-10-18 07:54:50,183 [ForkJoinPool.commonPool-worker-0] INFO  segmented.SegmentedRaftLogWorker (SegmentedRaftLogWorker.java:close(224)) - 3d3aac8b-d4d1-454d-bf0c-88a180692893@group-BAC069DAEF17-SegmentedRaftLogWorker close()
2019-10-18 07:54:50,183 [a3fa570c-ae50-443c-8ab2-043428e82a24@group-69898A346AAC-SegmentedRaftLogWorker] INFO  segmented.SegmentedRaftLogWorker (SegmentedRaftLogWorker.java:run(316)) - a3fa570c-ae50-443c-8ab2-043428e82a24@group-69898A346AAC-SegmentedRaftLogWorker was interrupted, exiting. There are 0 tasks remaining in the queue.
2019-10-18 07:54:50,184 [ForkJoinPool.commonPool-worker-0] INFO  impl.RaftServerImpl (RaftServerImpl.java:lambda$shutdown$3(261)) - 3d3aac8b-d4d1-454d-bf0c-88a180692893@group-D06B23CFB148: shutdown
2019-10-18 07:54:50,184 [main] INFO  segmented.SegmentedRaftLogWorker (SegmentedRaftLogWorker.java:close(224)) - a3fa570c-ae50-443c-8ab2-043428e82a24@group-69898A346AAC-SegmentedRaftLogWorker close()
2019-10-18 07:54:50,184 [ForkJoinPool.commonPool-worker-0] INFO  util.JmxRegister (JmxRegister.java:unregister(73)) - Successfully un-registered JMX Bean with object name Ratis:service=RaftServer,group=group-D06B23CFB148,id=3d3aac8b-d4d1-454d-bf0c-88a180692893
2019-10-18 07:54:50,185 [main] INFO  impl.RaftServerImpl (RaftServerImpl.java:lambda$shutdown$3(261)) - a3fa570c-ae50-443c-8ab2-043428e82a24@group-99B5C90D06CE: shutdown
2019-10-18 07:54:50,185 [ForkJoinPool.commonPool-worker-0] INFO  impl.RoleInfo (RoleInfo.java:shutdownLeaderState(104)) - 3d3aac8b-d4d1-454d-bf0c-88a180692893: shutdown LeaderState
2019-10-18 07:54:50,185 [main] INFO  util.JmxRegister (JmxRegister.java:unregister(73)) - Successfully un-registered JMX Bean with object name Ratis:service=RaftServer,group=group-99B5C90D06CE,id=a3fa570c-ae50-443c-8ab2-043428e82a24
2019-10-18 07:54:50,185 [ForkJoinPool.commonPool-worker-0] INFO  impl.PendingRequests (PendingRequests.java:sendNotLeaderResponses(202)) - 3d3aac8b-d4d1-454d-bf0c-88a180692893@group-D06B23CFB148-PendingRequests: sendNotLeaderResponses
2019-10-18 07:54:50,186 [main] INFO  impl.RoleInfo (RoleInfo.java:shutdownLeaderState(104)) - a3fa570c-ae50-443c-8ab2-043428e82a24: shutdown LeaderState
2019-10-18 07:54:50,186 [ForkJoinPool.commonPool-worker-0] INFO  impl.StateMachineUpdater (StateMachineUpdater.java:stopAndJoin(136)) - 3d3aac8b-d4d1-454d-bf0c-88a180692893@group-D06B23CFB148-StateMachineUpdater: set stopIndex = 0
2019-10-18 07:54:50,186 [main] INFO  impl.PendingRequests (PendingRequests.java:sendNotLeaderResponses(202)) - a3fa570c-ae50-443c-8ab2-043428e82a24@group-99B5C90D06CE-PendingRequests: sendNotLeaderResponses
2019-10-18 07:54:50,186 [ForkJoinPool.commonPool-worker-0] INFO  impl.RaftServerImpl (ServerState.java:close(388)) - 3d3aac8b-d4d1-454d-bf0c-88a180692893@group-D06B23CFB148: closes. applyIndex: 0
2019-10-18 07:54:50,187 [main] INFO  impl.StateMachineUpdater (StateMachineUpdater.java:stopAndJoin(136)) - a3fa570c-ae50-443c-8ab2-043428e82a24@group-99B5C90D06CE-StateMachineUpdater: set stopIndex = 0
2019-10-18 07:54:50,187 [main] INFO  impl.RaftServerImpl (ServerState.java:close(388)) - a3fa570c-ae50-443c-8ab2-043428e82a24@group-99B5C90D06CE: closes. applyIndex: 0
2019-10-18 07:54:50,187 [3d3aac8b-d4d1-454d-bf0c-88a180692893@group-D06B23CFB148-SegmentedRaftLogWorker] INFO  segmented.SegmentedRaftLogWorker (SegmentedRaftLogWorker.java:run(316)) - 3d3aac8b-d4d1-454d-bf0c-88a180692893@group-D06B23CFB148-SegmentedRaftLogWorker was interrupted, exiting. There are 0 tasks remaining in the queue.
2019-10-18 07:54:50,187 [a3fa570c-ae50-443c-8ab2-043428e82a24@group-99B5C90D06CE-SegmentedRaftLogWorker] INFO  segmented.SegmentedRaftLogWorker (SegmentedRaftLogWorker.java:run(316)) - a3fa570c-ae50-443c-8ab2-043428e82a24@group-99B5C90D06CE-SegmentedRaftLogWorker was interrupted, exiting. There are 0 tasks remaining in the queue.
2019-10-18 07:54:50,188 [ForkJoinPool.commonPool-worker-0] INFO  segmented.SegmentedRaftLogWorker (SegmentedRaftLogWorker.java:close(224)) - 3d3aac8b-d4d1-454d-bf0c-88a180692893@group-D06B23CFB148-SegmentedRaftLogWorker close()
2019-10-18 07:54:50,188 [main] INFO  segmented.SegmentedRaftLogWorker (SegmentedRaftLogWorker.java:close(224)) - a3fa570c-ae50-443c-8ab2-043428e82a24@group-99B5C90D06CE-SegmentedRaftLogWorker close()
2019-10-18 07:54:50,189 [ForkJoinPool.commonPool-worker-0] INFO  server.GrpcService (GrpcService.java:closeImpl(164)) - 3d3aac8b-d4d1-454d-bf0c-88a180692893: shutdown server with port 34429 now
2019-10-18 07:54:50,190 [main] INFO  server.GrpcService (GrpcService.java:closeImpl(164)) - a3fa570c-ae50-443c-8ab2-043428e82a24: shutdown server with port 36282 now
2019-10-18 07:54:50,193 [main] INFO  server.GrpcService (GrpcService.java:closeImpl(172)) - a3fa570c-ae50-443c-8ab2-043428e82a24: shutdown server with port 36282 successfully
2019-10-18 07:54:50,193 [ForkJoinPool.commonPool-worker-0] INFO  server.GrpcService (GrpcService.java:closeImpl(172)) - 3d3aac8b-d4d1-454d-bf0c-88a180692893: shutdown server with port 34429 successfully
2019-10-18 07:54:50,196 [refreshUsed-/workdir/hadoop-ozone/integration-test/target/test-dir/MiniOzoneClusterImpl-58fc3ecd-0fbd-4e7b-a09c-4106a93dde4d/datanode-5/data/containers] WARN  fs.CachingGetSpaceUsed (CachingGetSpaceUsed.java:run(183)) - Thread Interrupted waiting to refresh disk information: sleep interrupted
2019-10-18 07:54:50,196 [refreshUsed-/workdir/hadoop-ozone/integration-test/target/test-dir/MiniOzoneClusterImpl-58fc3ecd-0fbd-4e7b-a09c-4106a93dde4d/datanode-2/data/containers] WARN  fs.CachingGetSpaceUsed (CachingGetSpaceUsed.java:run(183)) - Thread Interrupted waiting to refresh disk information: sleep interrupted
2019-10-18 07:54:50,215 [ForkJoinPool.commonPool-worker-0] INFO  utils.BackgroundService (BackgroundService.java:shutdown(151)) - Shutting down service BlockDeletingService
2019-10-18 07:54:50,216 [main] INFO  utils.BackgroundService (BackgroundService.java:shutdown(151)) - Shutting down service BlockDeletingService
2019-10-18 07:54:50,217 [ForkJoinPool.commonPool-worker-0] INFO  statemachine.DatanodeStateMachine (DatanodeStateMachine.java:stopDaemon(395)) - Ozone container server stopped.
2019-10-18 07:54:50,219 [Thread-2760] INFO  impl.FollowerState (FollowerState.java:run(108)) - 4b487190-7547-40c7-b780-43c37a89e8eb@group-BAC069DAEF17-FollowerState: change to CANDIDATE, lastRpcTime:131ms, electionTimeout:131ms
2019-10-18 07:54:50,220 [Thread-2760] INFO  impl.RoleInfo (RoleInfo.java:shutdownFollowerState(121)) - 4b487190-7547-40c7-b780-43c37a89e8eb: shutdown FollowerState
2019-10-18 07:54:50,220 [Thread-2760] INFO  impl.RaftServerImpl (RaftServerImpl.java:setRole(184)) - 4b487190-7547-40c7-b780-43c37a89e8eb@group-BAC069DAEF17: changes role from  FOLLOWER to CANDIDATE at term 398 for changeToCandidate
2019-10-18 07:54:50,221 [main] INFO  statemachine.DatanodeStateMachine (DatanodeStateMachine.java:stopDaemon(395)) - Ozone container server stopped.
2019-10-18 07:54:50,221 [Thread-2760] INFO  impl.RoleInfo (RoleInfo.java:updateAndGet(143)) - 4b487190-7547-40c7-b780-43c37a89e8eb: start LeaderElection
2019-10-18 07:54:50,223 [ForkJoinPool.commonPool-worker-0] INFO  handler.ContextHandler (ContextHandler.java:doStop(910)) - Stopped o.e.j.w.WebAppContext@4191a2e9{/,null,UNAVAILABLE}{/hddsDatanode}
2019-10-18 07:54:50,225 [main] INFO  handler.ContextHandler (ContextHandler.java:doStop(910)) - Stopped o.e.j.w.WebAppContext@513b9be2{/,null,UNAVAILABLE}{/hddsDatanode}
2019-10-18 07:54:50,225 [ForkJoinPool.commonPool-worker-0] INFO  server.AbstractConnector (AbstractConnector.java:doStop(318)) - Stopped ServerConnector@152986c4{HTTP/1.1,[http/1.1]}{0.0.0.0:0}
2019-10-18 07:54:50,226 [ForkJoinPool.commonPool-worker-0] INFO  handler.ContextHandler (ContextHandler.java:doStop(910)) - Stopped o.e.j.s.ServletContextHandler@778de0a0{/static,jar:file:/home/user/.m2/repository/org/apache/hadoop/hadoop-hdds-container-service/0.5.0-SNAPSHOT/hadoop-hdds-container-service-0.5.0-SNAPSHOT.jar!/webapps/static,UNAVAILABLE}
2019-10-18 07:54:50,226 [main] INFO  server.AbstractConnector (AbstractConnector.java:doStop(318)) - Stopped ServerConnector@53e9a0b8{HTTP/1.1,[http/1.1]}{0.0.0.0:0}
2019-10-18 07:54:50,227 [ForkJoinPool.commonPool-worker-0] INFO  handler.ContextHandler (ContextHandler.java:doStop(910)) - Stopped o.e.j.s.ServletContextHandler@2e98f79c{/logs,file:///workdir/hadoop-ozone/integration-test/target/log,UNAVAILABLE}
2019-10-18 07:54:50,229 [main] INFO  handler.ContextHandler (ContextHandler.java:doStop(910)) - Stopped o.e.j.s.ServletContextHandler@1db4b06b{/static,jar:file:/home/user/.m2/repository/org/apache/hadoop/hadoop-hdds-container-service/0.5.0-SNAPSHOT/hadoop-hdds-container-service-0.5.0-SNAPSHOT.jar!/webapps/static,UNAVAILABLE}
2019-10-18 07:54:50,230 [main] INFO  handler.ContextHandler (ContextHandler.java:doStop(910)) - Stopped o.e.j.s.ServletContextHandler@5247f3ce{/logs,file:///workdir/hadoop-ozone/integration-test/target/log,UNAVAILABLE}
2019-10-18 07:54:50,249 [4b487190-7547-40c7-b780-43c37a89e8eb@group-BAC069DAEF17-LeaderElection375] INFO  impl.LeaderElection (LeaderElection.java:askForVotes(178)) - 4b487190-7547-40c7-b780-43c37a89e8eb@group-BAC069DAEF17-LeaderElection375: begin an election at term 399 for -1: [6fa005cd-25d6-4e29-bda6-9462a060c098:192.168.69.67:36093, 4b487190-7547-40c7-b780-43c37a89e8eb:192.168.69.67:39683, 3d3aac8b-d4d1-454d-bf0c-88a180692893:192.168.69.67:34429], old=null
2019-10-18 07:54:50,251 [grpc-default-executor-0] INFO  impl.RaftServerImpl (RaftServerImpl.java:setRole(184)) - 6fa005cd-25d6-4e29-bda6-9462a060c098@group-BAC069DAEF17: changes role from  FOLLOWER to FOLLOWER at term 399 for recognizeCandidate:4b487190-7547-40c7-b780-43c37a89e8eb
2019-10-18 07:54:50,251 [grpc-default-executor-0] INFO  impl.RoleInfo (RoleInfo.java:shutdownFollowerState(121)) - 6fa005cd-25d6-4e29-bda6-9462a060c098: shutdown FollowerState
2019-10-18 07:54:50,251 [grpc-default-executor-0] INFO  impl.RoleInfo (RoleInfo.java:updateAndGet(143)) - 6fa005cd-25d6-4e29-bda6-9462a060c098: start FollowerState
2019-10-18 07:54:50,251 [Thread-2758] INFO  impl.FollowerState (FollowerState.java:run(117)) - 6fa005cd-25d6-4e29-bda6-9462a060c098@group-BAC069DAEF17-FollowerState was interrupted: java.lang.InterruptedException: sleep interrupted
2019-10-18 07:54:50,263 [4b487190-7547-40c7-b780-43c37a89e8eb@group-BAC069DAEF17-LeaderElection375] INFO  impl.LeaderElection (LogUtils.java:infoOrTrace(149)) - 4b487190-7547-40c7-b780-43c37a89e8eb@group-BAC069DAEF17-LeaderElection375 got exception when requesting votes: {}
java.util.concurrent.ExecutionException: org.apache.ratis.thirdparty.io.grpc.StatusRuntimeException: UNAVAILABLE: io exception
	at java.util.concurrent.FutureTask.report(FutureTask.java:122)
	at java.util.concurrent.FutureTask.get(FutureTask.java:192)
	at org.apache.ratis.server.impl.LeaderElection.waitForResults(LeaderElection.java:259)
	at org.apache.ratis.server.impl.LeaderElection.askForVotes(LeaderElection.java:197)
	at org.apache.ratis.server.impl.LeaderElection.run(LeaderElection.java:133)
	at java.lang.Thread.run(Thread.java:748)
Caused by: org.apache.ratis.thirdparty.io.grpc.StatusRuntimeException: UNAVAILABLE: io exception
	at org.apache.ratis.thirdparty.io.grpc.stub.ClientCalls.toStatusRuntimeException(ClientCalls.java:233)
	at org.apache.ratis.thirdparty.io.grpc.stub.ClientCalls.getUnchecked(ClientCalls.java:214)
	at org.apache.ratis.thirdparty.io.grpc.stub.ClientCalls.blockingUnaryCall(ClientCalls.java:139)
	at org.apache.ratis.proto.grpc.RaftServerProtocolServiceGrpc$RaftServerProtocolServiceBlockingStub.requestVote(RaftServerProtocolServiceGrpc.java:265)
	at org.apache.ratis.grpc.server.GrpcServerProtocolClient.requestVote(GrpcServerProtocolClient.java:99)
	at org.apache.ratis.grpc.server.GrpcService.requestVote(GrpcService.java:204)
	at org.apache.ratis.server.impl.LeaderElection.lambda$submitRequests$1(LeaderElection.java:234)
	at java.util.concurrent.FutureTask.run(FutureTask.java:266)
	at java.util.concurrent.Executors$RunnableAdapter.call(Executors.java:511)
	at java.util.concurrent.FutureTask.run(FutureTask.java:266)
	at java.util.concurrent.ThreadPoolExecutor.runWorker(ThreadPoolExecutor.java:1149)
	at java.util.concurrent.ThreadPoolExecutor$Worker.run(ThreadPoolExecutor.java:624)
	... 1 more
Caused by: org.apache.ratis.thirdparty.io.netty.channel.AbstractChannel$AnnotatedConnectException: Connection refused: /192.168.69.67:34429
	at sun.nio.ch.SocketChannelImpl.checkConnect(Native Method)
	at sun.nio.ch.SocketChannelImpl.finishConnect(SocketChannelImpl.java:717)
	at org.apache.ratis.thirdparty.io.netty.channel.socket.nio.NioSocketChannel.doFinishConnect(NioSocketChannel.java:327)
	at org.apache.ratis.thirdparty.io.netty.channel.nio.AbstractNioChannel$AbstractNioUnsafe.finishConnect(AbstractNioChannel.java:340)
	at org.apache.ratis.thirdparty.io.netty.channel.nio.NioEventLoop.processSelectedKey(NioEventLoop.java:632)
	at org.apache.ratis.thirdparty.io.netty.channel.nio.NioEventLoop.processSelectedKeysOptimized(NioEventLoop.java:579)
	at org.apache.ratis.thirdparty.io.netty.channel.nio.NioEventLoop.processSelectedKeys(NioEventLoop.java:496)
	at org.apache.ratis.thirdparty.io.netty.channel.nio.NioEventLoop.run(NioEventLoop.java:458)
	at org.apache.ratis.thirdparty.io.netty.util.concurrent.SingleThreadEventExecutor$5.run(SingleThreadEventExecutor.java:897)
	at org.apache.ratis.thirdparty.io.netty.util.concurrent.FastThreadLocalRunnable.run(FastThreadLocalRunnable.java:30)
	... 1 more
Caused by: java.net.ConnectException: Connection refused
	... 11 more
2019-10-18 07:54:50,271 [4b487190-7547-40c7-b780-43c37a89e8eb@group-BAC069DAEF17-LeaderElection375] INFO  impl.LeaderElection (LeaderElection.java:logAndReturn(56)) - 4b487190-7547-40c7-b780-43c37a89e8eb@group-BAC069DAEF17-LeaderElection375: Election REJECTED; received 1 response(s) [4b487190-7547-40c7-b780-43c37a89e8eb<-6fa005cd-25d6-4e29-bda6-9462a060c098#0:FAIL-t399] and 1 exception(s); 4b487190-7547-40c7-b780-43c37a89e8eb@group-BAC069DAEF17:t399, leader=null, voted=4b487190-7547-40c7-b780-43c37a89e8eb, raftlog=4b487190-7547-40c7-b780-43c37a89e8eb@group-BAC069DAEF17-SegmentedRaftLog:OPENED:c-1,f-1,i0, conf=-1: [6fa005cd-25d6-4e29-bda6-9462a060c098:192.168.69.67:36093, 4b487190-7547-40c7-b780-43c37a89e8eb:192.168.69.67:39683, 3d3aac8b-d4d1-454d-bf0c-88a180692893:192.168.69.67:34429], old=null
2019-10-18 07:54:50,272 [4b487190-7547-40c7-b780-43c37a89e8eb@group-BAC069DAEF17-LeaderElection375] INFO  impl.LeaderElection (LogUtils.java:infoOrTrace(149)) -   Exception 0: {}
java.util.concurrent.ExecutionException: org.apache.ratis.thirdparty.io.grpc.StatusRuntimeException: UNAVAILABLE: io exception
	at java.util.concurrent.FutureTask.report(FutureTask.java:122)
	at java.util.concurrent.FutureTask.get(FutureTask.java:192)
	at org.apache.ratis.server.impl.LeaderElection.waitForResults(LeaderElection.java:259)
	at org.apache.ratis.server.impl.LeaderElection.askForVotes(LeaderElection.java:197)
	at org.apache.ratis.server.impl.LeaderElection.run(LeaderElection.java:133)
	at java.lang.Thread.run(Thread.java:748)
Caused by: org.apache.ratis.thirdparty.io.grpc.StatusRuntimeException: UNAVAILABLE: io exception
	at org.apache.ratis.thirdparty.io.grpc.stub.ClientCalls.toStatusRuntimeException(ClientCalls.java:233)
	at org.apache.ratis.thirdparty.io.grpc.stub.ClientCalls.getUnchecked(ClientCalls.java:214)
	at org.apache.ratis.thirdparty.io.grpc.stub.ClientCalls.blockingUnaryCall(ClientCalls.java:139)
	at org.apache.ratis.proto.grpc.RaftServerProtocolServiceGrpc$RaftServerProtocolServiceBlockingStub.requestVote(RaftServerProtocolServiceGrpc.java:265)
	at org.apache.ratis.grpc.server.GrpcServerProtocolClient.requestVote(GrpcServerProtocolClient.java:99)
	at org.apache.ratis.grpc.server.GrpcService.requestVote(GrpcService.java:204)
	at org.apache.ratis.server.impl.LeaderElection.lambda$submitRequests$1(LeaderElection.java:234)
	at java.util.concurrent.FutureTask.run(FutureTask.java:266)
	at java.util.concurrent.Executors$RunnableAdapter.call(Executors.java:511)
	at java.util.concurrent.FutureTask.run(FutureTask.java:266)
	at java.util.concurrent.ThreadPoolExecutor.runWorker(ThreadPoolExecutor.java:1149)
	at java.util.concurrent.ThreadPoolExecutor$Worker.run(ThreadPoolExecutor.java:624)
	... 1 more
Caused by: org.apache.ratis.thirdparty.io.netty.channel.AbstractChannel$AnnotatedConnectException: Connection refused: /192.168.69.67:34429
	at sun.nio.ch.SocketChannelImpl.checkConnect(Native Method)
	at sun.nio.ch.SocketChannelImpl.finishConnect(SocketChannelImpl.java:717)
	at org.apache.ratis.thirdparty.io.netty.channel.socket.nio.NioSocketChannel.doFinishConnect(NioSocketChannel.java:327)
	at org.apache.ratis.thirdparty.io.netty.channel.nio.AbstractNioChannel$AbstractNioUnsafe.finishConnect(AbstractNioChannel.java:340)
	at org.apache.ratis.thirdparty.io.netty.channel.nio.NioEventLoop.processSelectedKey(NioEventLoop.java:632)
	at org.apache.ratis.thirdparty.io.netty.channel.nio.NioEventLoop.processSelectedKeysOptimized(NioEventLoop.java:579)
	at org.apache.ratis.thirdparty.io.netty.channel.nio.NioEventLoop.processSelectedKeys(NioEventLoop.java:496)
	at org.apache.ratis.thirdparty.io.netty.channel.nio.NioEventLoop.run(NioEventLoop.java:458)
	at org.apache.ratis.thirdparty.io.netty.util.concurrent.SingleThreadEventExecutor$5.run(SingleThreadEventExecutor.java:897)
	at org.apache.ratis.thirdparty.io.netty.util.concurrent.FastThreadLocalRunnable.run(FastThreadLocalRunnable.java:30)
	... 1 more
Caused by: java.net.ConnectException: Connection refused
	... 11 more
2019-10-18 07:54:50,272 [4b487190-7547-40c7-b780-43c37a89e8eb@group-BAC069DAEF17-LeaderElection375] INFO  impl.RaftServerImpl (RaftServerImpl.java:setRole(184)) - 4b487190-7547-40c7-b780-43c37a89e8eb@group-BAC069DAEF17: changes role from CANDIDATE to FOLLOWER at term 399 for DISCOVERED_A_NEW_TERM
2019-10-18 07:54:50,272 [4b487190-7547-40c7-b780-43c37a89e8eb@group-BAC069DAEF17-LeaderElection375] INFO  impl.RoleInfo (RoleInfo.java:shutdownLeaderElection(134)) - 4b487190-7547-40c7-b780-43c37a89e8eb: shutdown LeaderElection
2019-10-18 07:54:50,272 [4b487190-7547-40c7-b780-43c37a89e8eb@group-BAC069DAEF17-LeaderElection375] INFO  impl.RoleInfo (RoleInfo.java:updateAndGet(143)) - 4b487190-7547-40c7-b780-43c37a89e8eb: start FollowerState
2019-10-18 07:54:50,310 [Thread-2765] INFO  impl.FollowerState (FollowerState.java:run(108)) - 4b487190-7547-40c7-b780-43c37a89e8eb@group-BAC069DAEF17-FollowerState: change to CANDIDATE, lastRpcTime:37ms, electionTimeout:37ms
2019-10-18 07:54:50,310 [Thread-2765] INFO  impl.RoleInfo (RoleInfo.java:shutdownFollowerState(121)) - 4b487190-7547-40c7-b780-43c37a89e8eb: shutdown FollowerState
2019-10-18 07:54:50,310 [Thread-2765] INFO  impl.RaftServerImpl (RaftServerImpl.java:setRole(184)) - 4b487190-7547-40c7-b780-43c37a89e8eb@group-BAC069DAEF17: changes role from  FOLLOWER to CANDIDATE at term 399 for changeToCandidate
2019-10-18 07:54:50,310 [Thread-2765] INFO  impl.RoleInfo (RoleInfo.java:updateAndGet(143)) - 4b487190-7547-40c7-b780-43c37a89e8eb: start LeaderElection
2019-10-18 07:54:50,324 [4b487190-7547-40c7-b780-43c37a89e8eb@group-BAC069DAEF17-LeaderElection376] INFO  impl.LeaderElection (LeaderElection.java:askForVotes(178)) - 4b487190-7547-40c7-b780-43c37a89e8eb@group-BAC069DAEF17-LeaderElection376: begin an election at term 400 for -1: [6fa005cd-25d6-4e29-bda6-9462a060c098:192.168.69.67:36093, 4b487190-7547-40c7-b780-43c37a89e8eb:192.168.69.67:39683, 3d3aac8b-d4d1-454d-bf0c-88a180692893:192.168.69.67:34429], old=null
2019-10-18 07:54:50,325 [4b487190-7547-40c7-b780-43c37a89e8eb@group-BAC069DAEF17-LeaderElection376] INFO  impl.LeaderElection (LogUtils.java:infoOrTrace(149)) - 4b487190-7547-40c7-b780-43c37a89e8eb@group-BAC069DAEF17-LeaderElection376 got exception when requesting votes: {}
java.util.concurrent.ExecutionException: org.apache.ratis.thirdparty.io.grpc.StatusRuntimeException: UNAVAILABLE: io exception
	at java.util.concurrent.FutureTask.report(FutureTask.java:122)
	at java.util.concurrent.FutureTask.get(FutureTask.java:192)
	at org.apache.ratis.server.impl.LeaderElection.waitForResults(LeaderElection.java:259)
	at org.apache.ratis.server.impl.LeaderElection.askForVotes(LeaderElection.java:197)
	at org.apache.ratis.server.impl.LeaderElection.run(LeaderElection.java:133)
	at java.lang.Thread.run(Thread.java:748)
Caused by: org.apache.ratis.thirdparty.io.grpc.StatusRuntimeException: UNAVAILABLE: io exception
	at org.apache.ratis.thirdparty.io.grpc.stub.ClientCalls.toStatusRuntimeException(ClientCalls.java:233)
	at org.apache.ratis.thirdparty.io.grpc.stub.ClientCalls.getUnchecked(ClientCalls.java:214)
	at org.apache.ratis.thirdparty.io.grpc.stub.ClientCalls.blockingUnaryCall(ClientCalls.java:139)
	at org.apache.ratis.proto.grpc.RaftServerProtocolServiceGrpc$RaftServerProtocolServiceBlockingStub.requestVote(RaftServerProtocolServiceGrpc.java:265)
	at org.apache.ratis.grpc.server.GrpcServerProtocolClient.requestVote(GrpcServerProtocolClient.java:99)
	at org.apache.ratis.grpc.server.GrpcService.requestVote(GrpcService.java:204)
	at org.apache.ratis.server.impl.LeaderElection.lambda$submitRequests$1(LeaderElection.java:234)
	at java.util.concurrent.FutureTask.run(FutureTask.java:266)
	at java.util.concurrent.Executors$RunnableAdapter.call(Executors.java:511)
	at java.util.concurrent.FutureTask.run(FutureTask.java:266)
	at java.util.concurrent.ThreadPoolExecutor.runWorker(ThreadPoolExecutor.java:1149)
	at java.util.concurrent.ThreadPoolExecutor$Worker.run(ThreadPoolExecutor.java:624)
	... 1 more
Caused by: org.apache.ratis.thirdparty.io.netty.channel.AbstractChannel$AnnotatedConnectException: Connection refused: /192.168.69.67:34429
	at sun.nio.ch.SocketChannelImpl.checkConnect(Native Method)
	at sun.nio.ch.SocketChannelImpl.finishConnect(SocketChannelImpl.java:717)
	at org.apache.ratis.thirdparty.io.netty.channel.socket.nio.NioSocketChannel.doFinishConnect(NioSocketChannel.java:327)
	at org.apache.ratis.thirdparty.io.netty.channel.nio.AbstractNioChannel$AbstractNioUnsafe.finishConnect(AbstractNioChannel.java:340)
	at org.apache.ratis.thirdparty.io.netty.channel.nio.NioEventLoop.processSelectedKey(NioEventLoop.java:632)
	at org.apache.ratis.thirdparty.io.netty.channel.nio.NioEventLoop.processSelectedKeysOptimized(NioEventLoop.java:579)
	at org.apache.ratis.thirdparty.io.netty.channel.nio.NioEventLoop.processSelectedKeys(NioEventLoop.java:496)
	at org.apache.ratis.thirdparty.io.netty.channel.nio.NioEventLoop.run(NioEventLoop.java:458)
	at org.apache.ratis.thirdparty.io.netty.util.concurrent.SingleThreadEventExecutor$5.run(SingleThreadEventExecutor.java:897)
	at org.apache.ratis.thirdparty.io.netty.util.concurrent.FastThreadLocalRunnable.run(FastThreadLocalRunnable.java:30)
	... 1 more
Caused by: java.net.ConnectException: Connection refused
	... 11 more
2019-10-18 07:54:50,327 [grpc-default-executor-0] INFO  impl.RaftServerImpl (RaftServerImpl.java:setRole(184)) - 6fa005cd-25d6-4e29-bda6-9462a060c098@group-BAC069DAEF17: changes role from  FOLLOWER to FOLLOWER at term 400 for recognizeCandidate:4b487190-7547-40c7-b780-43c37a89e8eb
2019-10-18 07:54:50,328 [grpc-default-executor-0] INFO  impl.RoleInfo (RoleInfo.java:shutdownFollowerState(121)) - 6fa005cd-25d6-4e29-bda6-9462a060c098: shutdown FollowerState
2019-10-18 07:54:50,328 [grpc-default-executor-0] INFO  impl.RoleInfo (RoleInfo.java:updateAndGet(143)) - 6fa005cd-25d6-4e29-bda6-9462a060c098: start FollowerState
2019-10-18 07:54:50,328 [Thread-2764] INFO  impl.FollowerState (FollowerState.java:run(117)) - 6fa005cd-25d6-4e29-bda6-9462a060c098@group-BAC069DAEF17-FollowerState was interrupted: java.lang.InterruptedException: sleep interrupted
2019-10-18 07:54:50,350 [4b487190-7547-40c7-b780-43c37a89e8eb@group-BAC069DAEF17-LeaderElection376] INFO  impl.LeaderElection (LeaderElection.java:logAndReturn(56)) - 4b487190-7547-40c7-b780-43c37a89e8eb@group-BAC069DAEF17-LeaderElection376: Election REJECTED; received 1 response(s) [4b487190-7547-40c7-b780-43c37a89e8eb<-6fa005cd-25d6-4e29-bda6-9462a060c098#0:FAIL-t400] and 1 exception(s); 4b487190-7547-40c7-b780-43c37a89e8eb@group-BAC069DAEF17:t400, leader=null, voted=4b487190-7547-40c7-b780-43c37a89e8eb, raftlog=4b487190-7547-40c7-b780-43c37a89e8eb@group-BAC069DAEF17-SegmentedRaftLog:OPENED:c-1,f-1,i0, conf=-1: [6fa005cd-25d6-4e29-bda6-9462a060c098:192.168.69.67:36093, 4b487190-7547-40c7-b780-43c37a89e8eb:192.168.69.67:39683, 3d3aac8b-d4d1-454d-bf0c-88a180692893:192.168.69.67:34429], old=null
2019-10-18 07:54:50,350 [4b487190-7547-40c7-b780-43c37a89e8eb@group-BAC069DAEF17-LeaderElection376] INFO  impl.LeaderElection (LogUtils.java:infoOrTrace(149)) -   Exception 0: {}
java.util.concurrent.ExecutionException: org.apache.ratis.thirdparty.io.grpc.StatusRuntimeException: UNAVAILABLE: io exception
	at java.util.concurrent.FutureTask.report(FutureTask.java:122)
	at java.util.concurrent.FutureTask.get(FutureTask.java:192)
	at org.apache.ratis.server.impl.LeaderElection.waitForResults(LeaderElection.java:259)
	at org.apache.ratis.server.impl.LeaderElection.askForVotes(LeaderElection.java:197)
	at org.apache.ratis.server.impl.LeaderElection.run(LeaderElection.java:133)
	at java.lang.Thread.run(Thread.java:748)
Caused by: org.apache.ratis.thirdparty.io.grpc.StatusRuntimeException: UNAVAILABLE: io exception
	at org.apache.ratis.thirdparty.io.grpc.stub.ClientCalls.toStatusRuntimeException(ClientCalls.java:233)
	at org.apache.ratis.thirdparty.io.grpc.stub.ClientCalls.getUnchecked(ClientCalls.java:214)
	at org.apache.ratis.thirdparty.io.grpc.stub.ClientCalls.blockingUnaryCall(ClientCalls.java:139)
	at org.apache.ratis.proto.grpc.RaftServerProtocolServiceGrpc$RaftServerProtocolServiceBlockingStub.requestVote(RaftServerProtocolServiceGrpc.java:265)
	at org.apache.ratis.grpc.server.GrpcServerProtocolClient.requestVote(GrpcServerProtocolClient.java:99)
	at org.apache.ratis.grpc.server.GrpcService.requestVote(GrpcService.java:204)
	at org.apache.ratis.server.impl.LeaderElection.lambda$submitRequests$1(LeaderElection.java:234)
	at java.util.concurrent.FutureTask.run(FutureTask.java:266)
	at java.util.concurrent.Executors$RunnableAdapter.call(Executors.java:511)
	at java.util.concurrent.FutureTask.run(FutureTask.java:266)
	at java.util.concurrent.ThreadPoolExecutor.runWorker(ThreadPoolExecutor.java:1149)
	at java.util.concurrent.ThreadPoolExecutor$Worker.run(ThreadPoolExecutor.java:624)
	... 1 more
Caused by: org.apache.ratis.thirdparty.io.netty.channel.AbstractChannel$AnnotatedConnectException: Connection refused: /192.168.69.67:34429
	at sun.nio.ch.SocketChannelImpl.checkConnect(Native Method)
	at sun.nio.ch.SocketChannelImpl.finishConnect(SocketChannelImpl.java:717)
	at org.apache.ratis.thirdparty.io.netty.channel.socket.nio.NioSocketChannel.doFinishConnect(NioSocketChannel.java:327)
	at org.apache.ratis.thirdparty.io.netty.channel.nio.AbstractNioChannel$AbstractNioUnsafe.finishConnect(AbstractNioChannel.java:340)
	at org.apache.ratis.thirdparty.io.netty.channel.nio.NioEventLoop.processSelectedKey(NioEventLoop.java:632)
	at org.apache.ratis.thirdparty.io.netty.channel.nio.NioEventLoop.processSelectedKeysOptimized(NioEventLoop.java:579)
	at org.apache.ratis.thirdparty.io.netty.channel.nio.NioEventLoop.processSelectedKeys(NioEventLoop.java:496)
	at org.apache.ratis.thirdparty.io.netty.channel.nio.NioEventLoop.run(NioEventLoop.java:458)
	at org.apache.ratis.thirdparty.io.netty.util.concurrent.SingleThreadEventExecutor$5.run(SingleThreadEventExecutor.java:897)
	at org.apache.ratis.thirdparty.io.netty.util.concurrent.FastThreadLocalRunnable.run(FastThreadLocalRunnable.java:30)
	... 1 more
Caused by: java.net.ConnectException: Connection refused
	... 11 more
2019-10-18 07:54:50,350 [4b487190-7547-40c7-b780-43c37a89e8eb@group-BAC069DAEF17-LeaderElection376] INFO  impl.RaftServerImpl (RaftServerImpl.java:setRole(184)) - 4b487190-7547-40c7-b780-43c37a89e8eb@group-BAC069DAEF17: changes role from CANDIDATE to FOLLOWER at term 400 for DISCOVERED_A_NEW_TERM
2019-10-18 07:54:50,351 [4b487190-7547-40c7-b780-43c37a89e8eb@group-BAC069DAEF17-LeaderElection376] INFO  impl.RoleInfo (RoleInfo.java:shutdownLeaderElection(134)) - 4b487190-7547-40c7-b780-43c37a89e8eb: shutdown LeaderElection
2019-10-18 07:54:50,351 [4b487190-7547-40c7-b780-43c37a89e8eb@group-BAC069DAEF17-LeaderElection376] INFO  impl.RoleInfo (RoleInfo.java:updateAndGet(143)) - 4b487190-7547-40c7-b780-43c37a89e8eb: start FollowerState
2019-10-18 07:54:50,354 [Thread-2770] INFO  impl.FollowerState (FollowerState.java:run(108)) - 4b487190-7547-40c7-b780-43c37a89e8eb@group-BAC069DAEF17-FollowerState: change to CANDIDATE, lastRpcTime:3ms, electionTimeout:3ms
2019-10-18 07:54:50,354 [Thread-2770] INFO  impl.RoleInfo (RoleInfo.java:shutdownFollowerState(121)) - 4b487190-7547-40c7-b780-43c37a89e8eb: shutdown FollowerState
2019-10-18 07:54:50,354 [Thread-2770] INFO  impl.RaftServerImpl (RaftServerImpl.java:setRole(184)) - 4b487190-7547-40c7-b780-43c37a89e8eb@group-BAC069DAEF17: changes role from  FOLLOWER to CANDIDATE at term 400 for changeToCandidate
2019-10-18 07:54:50,354 [Thread-2770] INFO  impl.RoleInfo (RoleInfo.java:updateAndGet(143)) - 4b487190-7547-40c7-b780-43c37a89e8eb: start LeaderElection
2019-10-18 07:54:50,363 [Datanode State Machine Thread - 0] INFO  statemachine.DatanodeStateMachine (DatanodeStateMachine.java:lambda$startDaemon$0(350)) - Ozone container server started.
2019-10-18 07:54:50,367 [4b487190-7547-40c7-b780-43c37a89e8eb@group-BAC069DAEF17-LeaderElection377] INFO  impl.LeaderElection (LeaderElection.java:askForVotes(178)) - 4b487190-7547-40c7-b780-43c37a89e8eb@group-BAC069DAEF17-LeaderElection377: begin an election at term 401 for -1: [6fa005cd-25d6-4e29-bda6-9462a060c098:192.168.69.67:36093, 4b487190-7547-40c7-b780-43c37a89e8eb:192.168.69.67:39683, 3d3aac8b-d4d1-454d-bf0c-88a180692893:192.168.69.67:34429], old=null
2019-10-18 07:54:50,368 [4b487190-7547-40c7-b780-43c37a89e8eb@group-BAC069DAEF17-LeaderElection377] INFO  impl.LeaderElection (LogUtils.java:infoOrTrace(149)) - 4b487190-7547-40c7-b780-43c37a89e8eb@group-BAC069DAEF17-LeaderElection377 got exception when requesting votes: {}
java.util.concurrent.ExecutionException: org.apache.ratis.thirdparty.io.grpc.StatusRuntimeException: UNAVAILABLE: io exception
	at java.util.concurrent.FutureTask.report(FutureTask.java:122)
	at java.util.concurrent.FutureTask.get(FutureTask.java:192)
	at org.apache.ratis.server.impl.LeaderElection.waitForResults(LeaderElection.java:259)
	at org.apache.ratis.server.impl.LeaderElection.askForVotes(LeaderElection.java:197)
	at org.apache.ratis.server.impl.LeaderElection.run(LeaderElection.java:133)
	at java.lang.Thread.run(Thread.java:748)
Caused by: org.apache.ratis.thirdparty.io.grpc.StatusRuntimeException: UNAVAILABLE: io exception
	at org.apache.ratis.thirdparty.io.grpc.stub.ClientCalls.toStatusRuntimeException(ClientCalls.java:233)
	at org.apache.ratis.thirdparty.io.grpc.stub.ClientCalls.getUnchecked(ClientCalls.java:214)
	at org.apache.ratis.thirdparty.io.grpc.stub.ClientCalls.blockingUnaryCall(ClientCalls.java:139)
	at org.apache.ratis.proto.grpc.RaftServerProtocolServiceGrpc$RaftServerProtocolServiceBlockingStub.requestVote(RaftServerProtocolServiceGrpc.java:265)
	at org.apache.ratis.grpc.server.GrpcServerProtocolClient.requestVote(GrpcServerProtocolClient.java:99)
	at org.apache.ratis.grpc.server.GrpcService.requestVote(GrpcService.java:204)
	at org.apache.ratis.server.impl.LeaderElection.lambda$submitRequests$1(LeaderElection.java:234)
	at java.util.concurrent.FutureTask.run(FutureTask.java:266)
	at java.util.concurrent.Executors$RunnableAdapter.call(Executors.java:511)
	at java.util.concurrent.FutureTask.run(FutureTask.java:266)
	at java.util.concurrent.ThreadPoolExecutor.runWorker(ThreadPoolExecutor.java:1149)
	at java.util.concurrent.ThreadPoolExecutor$Worker.run(ThreadPoolExecutor.java:624)
	... 1 more
Caused by: org.apache.ratis.thirdparty.io.netty.channel.AbstractChannel$AnnotatedConnectException: Connection refused: /192.168.69.67:34429
	at sun.nio.ch.SocketChannelImpl.checkConnect(Native Method)
	at sun.nio.ch.SocketChannelImpl.finishConnect(SocketChannelImpl.java:717)
	at org.apache.ratis.thirdparty.io.netty.channel.socket.nio.NioSocketChannel.doFinishConnect(NioSocketChannel.java:327)
	at org.apache.ratis.thirdparty.io.netty.channel.nio.AbstractNioChannel$AbstractNioUnsafe.finishConnect(AbstractNioChannel.java:340)
	at org.apache.ratis.thirdparty.io.netty.channel.nio.NioEventLoop.processSelectedKey(NioEventLoop.java:632)
	at org.apache.ratis.thirdparty.io.netty.channel.nio.NioEventLoop.processSelectedKeysOptimized(NioEventLoop.java:579)
	at org.apache.ratis.thirdparty.io.netty.channel.nio.NioEventLoop.processSelectedKeys(NioEventLoop.java:496)
	at org.apache.ratis.thirdparty.io.netty.channel.nio.NioEventLoop.run(NioEventLoop.java:458)
	at org.apache.ratis.thirdparty.io.netty.util.concurrent.SingleThreadEventExecutor$5.run(SingleThreadEventExecutor.java:897)
	at org.apache.ratis.thirdparty.io.netty.util.concurrent.FastThreadLocalRunnable.run(FastThreadLocalRunnable.java:30)
	... 1 more
Caused by: java.net.ConnectException: Connection refused
	... 11 more
2019-10-18 07:54:50,369 [grpc-default-executor-0] INFO  impl.RaftServerImpl (RaftServerImpl.java:setRole(184)) - 6fa005cd-25d6-4e29-bda6-9462a060c098@group-BAC069DAEF17: changes role from  FOLLOWER to FOLLOWER at term 401 for recognizeCandidate:4b487190-7547-40c7-b780-43c37a89e8eb
2019-10-18 07:54:50,370 [grpc-default-executor-0] INFO  impl.RoleInfo (RoleInfo.java:shutdownFollowerState(121)) - 6fa005cd-25d6-4e29-bda6-9462a060c098: shutdown FollowerState
2019-10-18 07:54:50,370 [grpc-default-executor-0] INFO  impl.RoleInfo (RoleInfo.java:updateAndGet(143)) - 6fa005cd-25d6-4e29-bda6-9462a060c098: start FollowerState
2019-10-18 07:54:50,370 [Thread-2769] INFO  impl.FollowerState (FollowerState.java:run(117)) - 6fa005cd-25d6-4e29-bda6-9462a060c098@group-BAC069DAEF17-FollowerState was interrupted: java.lang.InterruptedException: sleep interrupted
2019-10-18 07:54:50,395 [4b487190-7547-40c7-b780-43c37a89e8eb@group-BAC069DAEF17-LeaderElection377] INFO  impl.LeaderElection (LeaderElection.java:logAndReturn(56)) - 4b487190-7547-40c7-b780-43c37a89e8eb@group-BAC069DAEF17-LeaderElection377: Election REJECTED; received 1 response(s) [4b487190-7547-40c7-b780-43c37a89e8eb<-6fa005cd-25d6-4e29-bda6-9462a060c098#0:FAIL-t401] and 1 exception(s); 4b487190-7547-40c7-b780-43c37a89e8eb@group-BAC069DAEF17:t401, leader=null, voted=4b487190-7547-40c7-b780-43c37a89e8eb, raftlog=4b487190-7547-40c7-b780-43c37a89e8eb@group-BAC069DAEF17-SegmentedRaftLog:OPENED:c-1,f-1,i0, conf=-1: [6fa005cd-25d6-4e29-bda6-9462a060c098:192.168.69.67:36093, 4b487190-7547-40c7-b780-43c37a89e8eb:192.168.69.67:39683, 3d3aac8b-d4d1-454d-bf0c-88a180692893:192.168.69.67:34429], old=null
2019-10-18 07:54:50,396 [4b487190-7547-40c7-b780-43c37a89e8eb@group-BAC069DAEF17-LeaderElection377] INFO  impl.LeaderElection (LogUtils.java:infoOrTrace(149)) -   Exception 0: {}
java.util.concurrent.ExecutionException: org.apache.ratis.thirdparty.io.grpc.StatusRuntimeException: UNAVAILABLE: io exception
	at java.util.concurrent.FutureTask.report(FutureTask.java:122)
	at java.util.concurrent.FutureTask.get(FutureTask.java:192)
	at org.apache.ratis.server.impl.LeaderElection.waitForResults(LeaderElection.java:259)
	at org.apache.ratis.server.impl.LeaderElection.askForVotes(LeaderElection.java:197)
	at org.apache.ratis.server.impl.LeaderElection.run(LeaderElection.java:133)
	at java.lang.Thread.run(Thread.java:748)
Caused by: org.apache.ratis.thirdparty.io.grpc.StatusRuntimeException: UNAVAILABLE: io exception
	at org.apache.ratis.thirdparty.io.grpc.stub.ClientCalls.toStatusRuntimeException(ClientCalls.java:233)
	at org.apache.ratis.thirdparty.io.grpc.stub.ClientCalls.getUnchecked(ClientCalls.java:214)
	at org.apache.ratis.thirdparty.io.grpc.stub.ClientCalls.blockingUnaryCall(ClientCalls.java:139)
	at org.apache.ratis.proto.grpc.RaftServerProtocolServiceGrpc$RaftServerProtocolServiceBlockingStub.requestVote(RaftServerProtocolServiceGrpc.java:265)
	at org.apache.ratis.grpc.server.GrpcServerProtocolClient.requestVote(GrpcServerProtocolClient.java:99)
	at org.apache.ratis.grpc.server.GrpcService.requestVote(GrpcService.java:204)
	at org.apache.ratis.server.impl.LeaderElection.lambda$submitRequests$1(LeaderElection.java:234)
	at java.util.concurrent.FutureTask.run(FutureTask.java:266)
	at java.util.concurrent.Executors$RunnableAdapter.call(Executors.java:511)
	at java.util.concurrent.FutureTask.run(FutureTask.java:266)
	at java.util.concurrent.ThreadPoolExecutor.runWorker(ThreadPoolExecutor.java:1149)
	at java.util.concurrent.ThreadPoolExecutor$Worker.run(ThreadPoolExecutor.java:624)
	... 1 more
Caused by: org.apache.ratis.thirdparty.io.netty.channel.AbstractChannel$AnnotatedConnectException: Connection refused: /192.168.69.67:34429
	at sun.nio.ch.SocketChannelImpl.checkConnect(Native Method)
	at sun.nio.ch.SocketChannelImpl.finishConnect(SocketChannelImpl.java:717)
	at org.apache.ratis.thirdparty.io.netty.channel.socket.nio.NioSocketChannel.doFinishConnect(NioSocketChannel.java:327)
	at org.apache.ratis.thirdparty.io.netty.channel.nio.AbstractNioChannel$AbstractNioUnsafe.finishConnect(AbstractNioChannel.java:340)
	at org.apache.ratis.thirdparty.io.netty.channel.nio.NioEventLoop.processSelectedKey(NioEventLoop.java:632)
	at org.apache.ratis.thirdparty.io.netty.channel.nio.NioEventLoop.processSelectedKeysOptimized(NioEventLoop.java:579)
	at org.apache.ratis.thirdparty.io.netty.channel.nio.NioEventLoop.processSelectedKeys(NioEventLoop.java:496)
	at org.apache.ratis.thirdparty.io.netty.channel.nio.NioEventLoop.run(NioEventLoop.java:458)
	at org.apache.ratis.thirdparty.io.netty.util.concurrent.SingleThreadEventExecutor$5.run(SingleThreadEventExecutor.java:897)
	at org.apache.ratis.thirdparty.io.netty.util.concurrent.FastThreadLocalRunnable.run(FastThreadLocalRunnable.java:30)
	... 1 more
Caused by: java.net.ConnectException: Connection refused
	... 11 more
2019-10-18 07:54:50,396 [4b487190-7547-40c7-b780-43c37a89e8eb@group-BAC069DAEF17-LeaderElection377] INFO  impl.RaftServerImpl (RaftServerImpl.java:setRole(184)) - 4b487190-7547-40c7-b780-43c37a89e8eb@group-BAC069DAEF17: changes role from CANDIDATE to FOLLOWER at term 401 for DISCOVERED_A_NEW_TERM
2019-10-18 07:54:50,396 [4b487190-7547-40c7-b780-43c37a89e8eb@group-BAC069DAEF17-LeaderElection377] INFO  impl.RoleInfo (RoleInfo.java:shutdownLeaderElection(134)) - 4b487190-7547-40c7-b780-43c37a89e8eb: shutdown LeaderElection
2019-10-18 07:54:50,396 [4b487190-7547-40c7-b780-43c37a89e8eb@group-BAC069DAEF17-LeaderElection377] INFO  impl.RoleInfo (RoleInfo.java:updateAndGet(143)) - 4b487190-7547-40c7-b780-43c37a89e8eb: start FollowerState
2019-10-18 07:54:50,447 [Datanode State Machine Thread - 0] INFO  statemachine.DatanodeStateMachine (DatanodeStateMachine.java:lambda$startDaemon$0(350)) - Ozone container server started.
2019-10-18 07:54:50,580 [Thread-2775] INFO  impl.FollowerState (FollowerState.java:run(108)) - 4b487190-7547-40c7-b780-43c37a89e8eb@group-BAC069DAEF17-FollowerState: change to CANDIDATE, lastRpcTime:183ms, electionTimeout:183ms
2019-10-18 07:54:50,580 [Thread-2775] INFO  impl.RoleInfo (RoleInfo.java:shutdownFollowerState(121)) - 4b487190-7547-40c7-b780-43c37a89e8eb: shutdown FollowerState
2019-10-18 07:54:50,580 [Thread-2775] INFO  impl.RaftServerImpl (RaftServerImpl.java:setRole(184)) - 4b487190-7547-40c7-b780-43c37a89e8eb@group-BAC069DAEF17: changes role from  FOLLOWER to CANDIDATE at term 401 for changeToCandidate
2019-10-18 07:54:50,581 [Thread-2775] INFO  impl.RoleInfo (RoleInfo.java:updateAndGet(143)) - 4b487190-7547-40c7-b780-43c37a89e8eb: start LeaderElection
2019-10-18 07:54:50,596 [4b487190-7547-40c7-b780-43c37a89e8eb@group-BAC069DAEF17-LeaderElection378] INFO  impl.LeaderElection (LeaderElection.java:askForVotes(178)) - 4b487190-7547-40c7-b780-43c37a89e8eb@group-BAC069DAEF17-LeaderElection378: begin an election at term 402 for -1: [6fa005cd-25d6-4e29-bda6-9462a060c098:192.168.69.67:36093, 4b487190-7547-40c7-b780-43c37a89e8eb:192.168.69.67:39683, 3d3aac8b-d4d1-454d-bf0c-88a180692893:192.168.69.67:34429], old=null
2019-10-18 07:54:50,597 [4b487190-7547-40c7-b780-43c37a89e8eb@group-BAC069DAEF17-LeaderElection378] INFO  impl.LeaderElection (LogUtils.java:infoOrTrace(149)) - 4b487190-7547-40c7-b780-43c37a89e8eb@group-BAC069DAEF17-LeaderElection378 got exception when requesting votes: {}
java.util.concurrent.ExecutionException: org.apache.ratis.thirdparty.io.grpc.StatusRuntimeException: UNAVAILABLE: io exception
	at java.util.concurrent.FutureTask.report(FutureTask.java:122)
	at java.util.concurrent.FutureTask.get(FutureTask.java:192)
	at org.apache.ratis.server.impl.LeaderElection.waitForResults(LeaderElection.java:259)
	at org.apache.ratis.server.impl.LeaderElection.askForVotes(LeaderElection.java:197)
	at org.apache.ratis.server.impl.LeaderElection.run(LeaderElection.java:133)
	at java.lang.Thread.run(Thread.java:748)
Caused by: org.apache.ratis.thirdparty.io.grpc.StatusRuntimeException: UNAVAILABLE: io exception
	at org.apache.ratis.thirdparty.io.grpc.stub.ClientCalls.toStatusRuntimeException(ClientCalls.java:233)
	at org.apache.ratis.thirdparty.io.grpc.stub.ClientCalls.getUnchecked(ClientCalls.java:214)
	at org.apache.ratis.thirdparty.io.grpc.stub.ClientCalls.blockingUnaryCall(ClientCalls.java:139)
	at org.apache.ratis.proto.grpc.RaftServerProtocolServiceGrpc$RaftServerProtocolServiceBlockingStub.requestVote(RaftServerProtocolServiceGrpc.java:265)
	at org.apache.ratis.grpc.server.GrpcServerProtocolClient.requestVote(GrpcServerProtocolClient.java:99)
	at org.apache.ratis.grpc.server.GrpcService.requestVote(GrpcService.java:204)
	at org.apache.ratis.server.impl.LeaderElection.lambda$submitRequests$1(LeaderElection.java:234)
	at java.util.concurrent.FutureTask.run(FutureTask.java:266)
	at java.util.concurrent.Executors$RunnableAdapter.call(Executors.java:511)
	at java.util.concurrent.FutureTask.run(FutureTask.java:266)
	at java.util.concurrent.ThreadPoolExecutor.runWorker(ThreadPoolExecutor.java:1149)
	at java.util.concurrent.ThreadPoolExecutor$Worker.run(ThreadPoolExecutor.java:624)
	... 1 more
Caused by: org.apache.ratis.thirdparty.io.netty.channel.AbstractChannel$AnnotatedConnectException: Connection refused: /192.168.69.67:34429
	at sun.nio.ch.SocketChannelImpl.checkConnect(Native Method)
	at sun.nio.ch.SocketChannelImpl.finishConnect(SocketChannelImpl.java:717)
	at org.apache.ratis.thirdparty.io.netty.channel.socket.nio.NioSocketChannel.doFinishConnect(NioSocketChannel.java:327)
	at org.apache.ratis.thirdparty.io.netty.channel.nio.AbstractNioChannel$AbstractNioUnsafe.finishConnect(AbstractNioChannel.java:340)
	at org.apache.ratis.thirdparty.io.netty.channel.nio.NioEventLoop.processSelectedKey(NioEventLoop.java:632)
	at org.apache.ratis.thirdparty.io.netty.channel.nio.NioEventLoop.processSelectedKeysOptimized(NioEventLoop.java:579)
	at org.apache.ratis.thirdparty.io.netty.channel.nio.NioEventLoop.processSelectedKeys(NioEventLoop.java:496)
	at org.apache.ratis.thirdparty.io.netty.channel.nio.NioEventLoop.run(NioEventLoop.java:458)
	at org.apache.ratis.thirdparty.io.netty.util.concurrent.SingleThreadEventExecutor$5.run(SingleThreadEventExecutor.java:897)
	at org.apache.ratis.thirdparty.io.netty.util.concurrent.FastThreadLocalRunnable.run(FastThreadLocalRunnable.java:30)
	... 1 more
Caused by: java.net.ConnectException: Connection refused
	... 11 more
2019-10-18 07:54:50,600 [grpc-default-executor-0] INFO  impl.RaftServerImpl (RaftServerImpl.java:setRole(184)) - 6fa005cd-25d6-4e29-bda6-9462a060c098@group-BAC069DAEF17: changes role from  FOLLOWER to FOLLOWER at term 402 for recognizeCandidate:4b487190-7547-40c7-b780-43c37a89e8eb
2019-10-18 07:54:50,600 [grpc-default-executor-0] INFO  impl.RoleInfo (RoleInfo.java:shutdownFollowerState(121)) - 6fa005cd-25d6-4e29-bda6-9462a060c098: shutdown FollowerState
2019-10-18 07:54:50,600 [grpc-default-executor-0] INFO  impl.RoleInfo (RoleInfo.java:updateAndGet(143)) - 6fa005cd-25d6-4e29-bda6-9462a060c098: start FollowerState
2019-10-18 07:54:50,600 [Thread-2774] INFO  impl.FollowerState (FollowerState.java:run(117)) - 6fa005cd-25d6-4e29-bda6-9462a060c098@group-BAC069DAEF17-FollowerState was interrupted: java.lang.InterruptedException: sleep interrupted
2019-10-18 07:54:50,626 [4b487190-7547-40c7-b780-43c37a89e8eb@group-BAC069DAEF17-LeaderElection378] INFO  impl.LeaderElection (LeaderElection.java:logAndReturn(56)) - 4b487190-7547-40c7-b780-43c37a89e8eb@group-BAC069DAEF17-LeaderElection378: Election REJECTED; received 1 response(s) [4b487190-7547-40c7-b780-43c37a89e8eb<-6fa005cd-25d6-4e29-bda6-9462a060c098#0:FAIL-t402] and 1 exception(s); 4b487190-7547-40c7-b780-43c37a89e8eb@group-BAC069DAEF17:t402, leader=null, voted=4b487190-7547-40c7-b780-43c37a89e8eb, raftlog=4b487190-7547-40c7-b780-43c37a89e8eb@group-BAC069DAEF17-SegmentedRaftLog:OPENED:c-1,f-1,i0, conf=-1: [6fa005cd-25d6-4e29-bda6-9462a060c098:192.168.69.67:36093, 4b487190-7547-40c7-b780-43c37a89e8eb:192.168.69.67:39683, 3d3aac8b-d4d1-454d-bf0c-88a180692893:192.168.69.67:34429], old=null
2019-10-18 07:54:50,626 [4b487190-7547-40c7-b780-43c37a89e8eb@group-BAC069DAEF17-LeaderElection378] INFO  impl.LeaderElection (LogUtils.java:infoOrTrace(149)) -   Exception 0: {}
java.util.concurrent.ExecutionException: org.apache.ratis.thirdparty.io.grpc.StatusRuntimeException: UNAVAILABLE: io exception
	at java.util.concurrent.FutureTask.report(FutureTask.java:122)
	at java.util.concurrent.FutureTask.get(FutureTask.java:192)
	at org.apache.ratis.server.impl.LeaderElection.waitForResults(LeaderElection.java:259)
	at org.apache.ratis.server.impl.LeaderElection.askForVotes(LeaderElection.java:197)
	at org.apache.ratis.server.impl.LeaderElection.run(LeaderElection.java:133)
	at java.lang.Thread.run(Thread.java:748)
Caused by: org.apache.ratis.thirdparty.io.grpc.StatusRuntimeException: UNAVAILABLE: io exception
	at org.apache.ratis.thirdparty.io.grpc.stub.ClientCalls.toStatusRuntimeException(ClientCalls.java:233)
	at org.apache.ratis.thirdparty.io.grpc.stub.ClientCalls.getUnchecked(ClientCalls.java:214)
	at org.apache.ratis.thirdparty.io.grpc.stub.ClientCalls.blockingUnaryCall(ClientCalls.java:139)
	at org.apache.ratis.proto.grpc.RaftServerProtocolServiceGrpc$RaftServerProtocolServiceBlockingStub.requestVote(RaftServerProtocolServiceGrpc.java:265)
	at org.apache.ratis.grpc.server.GrpcServerProtocolClient.requestVote(GrpcServerProtocolClient.java:99)
	at org.apache.ratis.grpc.server.GrpcService.requestVote(GrpcService.java:204)
	at org.apache.ratis.server.impl.LeaderElection.lambda$submitRequests$1(LeaderElection.java:234)
	at java.util.concurrent.FutureTask.run(FutureTask.java:266)
	at java.util.concurrent.Executors$RunnableAdapter.call(Executors.java:511)
	at java.util.concurrent.FutureTask.run(FutureTask.java:266)
	at java.util.concurrent.ThreadPoolExecutor.runWorker(ThreadPoolExecutor.java:1149)
	at java.util.concurrent.ThreadPoolExecutor$Worker.run(ThreadPoolExecutor.java:624)
	... 1 more
Caused by: org.apache.ratis.thirdparty.io.netty.channel.AbstractChannel$AnnotatedConnectException: Connection refused: /192.168.69.67:34429
	at sun.nio.ch.SocketChannelImpl.checkConnect(Native Method)
	at sun.nio.ch.SocketChannelImpl.finishConnect(SocketChannelImpl.java:717)
	at org.apache.ratis.thirdparty.io.netty.channel.socket.nio.NioSocketChannel.doFinishConnect(NioSocketChannel.java:327)
	at org.apache.ratis.thirdparty.io.netty.channel.nio.AbstractNioChannel$AbstractNioUnsafe.finishConnect(AbstractNioChannel.java:340)
	at org.apache.ratis.thirdparty.io.netty.channel.nio.NioEventLoop.processSelectedKey(NioEventLoop.java:632)
	at org.apache.ratis.thirdparty.io.netty.channel.nio.NioEventLoop.processSelectedKeysOptimized(NioEventLoop.java:579)
	at org.apache.ratis.thirdparty.io.netty.channel.nio.NioEventLoop.processSelectedKeys(NioEventLoop.java:496)
	at org.apache.ratis.thirdparty.io.netty.channel.nio.NioEventLoop.run(NioEventLoop.java:458)
	at org.apache.ratis.thirdparty.io.netty.util.concurrent.SingleThreadEventExecutor$5.run(SingleThreadEventExecutor.java:897)
	at org.apache.ratis.thirdparty.io.netty.util.concurrent.FastThreadLocalRunnable.run(FastThreadLocalRunnable.java:30)
	... 1 more
Caused by: java.net.ConnectException: Connection refused
	... 11 more
2019-10-18 07:54:50,626 [4b487190-7547-40c7-b780-43c37a89e8eb@group-BAC069DAEF17-LeaderElection378] INFO  impl.RaftServerImpl (RaftServerImpl.java:setRole(184)) - 4b487190-7547-40c7-b780-43c37a89e8eb@group-BAC069DAEF17: changes role from CANDIDATE to FOLLOWER at term 402 for DISCOVERED_A_NEW_TERM
2019-10-18 07:54:50,627 [4b487190-7547-40c7-b780-43c37a89e8eb@group-BAC069DAEF17-LeaderElection378] INFO  impl.RoleInfo (RoleInfo.java:shutdownLeaderElection(134)) - 4b487190-7547-40c7-b780-43c37a89e8eb: shutdown LeaderElection
2019-10-18 07:54:50,627 [4b487190-7547-40c7-b780-43c37a89e8eb@group-BAC069DAEF17-LeaderElection378] INFO  impl.RoleInfo (RoleInfo.java:updateAndGet(143)) - 4b487190-7547-40c7-b780-43c37a89e8eb: start FollowerState
2019-10-18 07:54:50,695 [Thread-2780] INFO  impl.FollowerState (FollowerState.java:run(108)) - 4b487190-7547-40c7-b780-43c37a89e8eb@group-BAC069DAEF17-FollowerState: change to CANDIDATE, lastRpcTime:68ms, electionTimeout:68ms
2019-10-18 07:54:50,695 [Thread-2780] INFO  impl.RoleInfo (RoleInfo.java:shutdownFollowerState(121)) - 4b487190-7547-40c7-b780-43c37a89e8eb: shutdown FollowerState
2019-10-18 07:54:50,696 [Thread-2780] INFO  impl.RaftServerImpl (RaftServerImpl.java:setRole(184)) - 4b487190-7547-40c7-b780-43c37a89e8eb@group-BAC069DAEF17: changes role from  FOLLOWER to CANDIDATE at term 402 for changeToCandidate
2019-10-18 07:54:50,696 [Thread-2780] INFO  impl.RoleInfo (RoleInfo.java:updateAndGet(143)) - 4b487190-7547-40c7-b780-43c37a89e8eb: start LeaderElection
2019-10-18 07:54:50,709 [4b487190-7547-40c7-b780-43c37a89e8eb@group-BAC069DAEF17-LeaderElection379] INFO  impl.LeaderElection (LeaderElection.java:askForVotes(178)) - 4b487190-7547-40c7-b780-43c37a89e8eb@group-BAC069DAEF17-LeaderElection379: begin an election at term 403 for -1: [6fa005cd-25d6-4e29-bda6-9462a060c098:192.168.69.67:36093, 4b487190-7547-40c7-b780-43c37a89e8eb:192.168.69.67:39683, 3d3aac8b-d4d1-454d-bf0c-88a180692893:192.168.69.67:34429], old=null
2019-10-18 07:54:50,710 [4b487190-7547-40c7-b780-43c37a89e8eb@group-BAC069DAEF17-LeaderElection379] INFO  impl.LeaderElection (LogUtils.java:infoOrTrace(149)) - 4b487190-7547-40c7-b780-43c37a89e8eb@group-BAC069DAEF17-LeaderElection379 got exception when requesting votes: {}
java.util.concurrent.ExecutionException: org.apache.ratis.thirdparty.io.grpc.StatusRuntimeException: UNAVAILABLE: io exception
	at java.util.concurrent.FutureTask.report(FutureTask.java:122)
	at java.util.concurrent.FutureTask.get(FutureTask.java:192)
	at org.apache.ratis.server.impl.LeaderElection.waitForResults(LeaderElection.java:259)
	at org.apache.ratis.server.impl.LeaderElection.askForVotes(LeaderElection.java:197)
	at org.apache.ratis.server.impl.LeaderElection.run(LeaderElection.java:133)
	at java.lang.Thread.run(Thread.java:748)
Caused by: org.apache.ratis.thirdparty.io.grpc.StatusRuntimeException: UNAVAILABLE: io exception
	at org.apache.ratis.thirdparty.io.grpc.stub.ClientCalls.toStatusRuntimeException(ClientCalls.java:233)
	at org.apache.ratis.thirdparty.io.grpc.stub.ClientCalls.getUnchecked(ClientCalls.java:214)
	at org.apache.ratis.thirdparty.io.grpc.stub.ClientCalls.blockingUnaryCall(ClientCalls.java:139)
	at org.apache.ratis.proto.grpc.RaftServerProtocolServiceGrpc$RaftServerProtocolServiceBlockingStub.requestVote(RaftServerProtocolServiceGrpc.java:265)
	at org.apache.ratis.grpc.server.GrpcServerProtocolClient.requestVote(GrpcServerProtocolClient.java:99)
	at org.apache.ratis.grpc.server.GrpcService.requestVote(GrpcService.java:204)
	at org.apache.ratis.server.impl.LeaderElection.lambda$submitRequests$1(LeaderElection.java:234)
	at java.util.concurrent.FutureTask.run(FutureTask.java:266)
	at java.util.concurrent.Executors$RunnableAdapter.call(Executors.java:511)
	at java.util.concurrent.FutureTask.run(FutureTask.java:266)
	at java.util.concurrent.ThreadPoolExecutor.runWorker(ThreadPoolExecutor.java:1149)
	at java.util.concurrent.ThreadPoolExecutor$Worker.run(ThreadPoolExecutor.java:624)
	... 1 more
Caused by: org.apache.ratis.thirdparty.io.netty.channel.AbstractChannel$AnnotatedConnectException: Connection refused: /192.168.69.67:34429
	at sun.nio.ch.SocketChannelImpl.checkConnect(Native Method)
	at sun.nio.ch.SocketChannelImpl.finishConnect(SocketChannelImpl.java:717)
	at org.apache.ratis.thirdparty.io.netty.channel.socket.nio.NioSocketChannel.doFinishConnect(NioSocketChannel.java:327)
	at org.apache.ratis.thirdparty.io.netty.channel.nio.AbstractNioChannel$AbstractNioUnsafe.finishConnect(AbstractNioChannel.java:340)
	at org.apache.ratis.thirdparty.io.netty.channel.nio.NioEventLoop.processSelectedKey(NioEventLoop.java:632)
	at org.apache.ratis.thirdparty.io.netty.channel.nio.NioEventLoop.processSelectedKeysOptimized(NioEventLoop.java:579)
	at org.apache.ratis.thirdparty.io.netty.channel.nio.NioEventLoop.processSelectedKeys(NioEventLoop.java:496)
	at org.apache.ratis.thirdparty.io.netty.channel.nio.NioEventLoop.run(NioEventLoop.java:458)
	at org.apache.ratis.thirdparty.io.netty.util.concurrent.SingleThreadEventExecutor$5.run(SingleThreadEventExecutor.java:897)
	at org.apache.ratis.thirdparty.io.netty.util.concurrent.FastThreadLocalRunnable.run(FastThreadLocalRunnable.java:30)
	... 1 more
Caused by: java.net.ConnectException: Connection refused
	... 11 more
2019-10-18 07:54:50,713 [grpc-default-executor-0] INFO  impl.RaftServerImpl (RaftServerImpl.java:setRole(184)) - 6fa005cd-25d6-4e29-bda6-9462a060c098@group-BAC069DAEF17: changes role from  FOLLOWER to FOLLOWER at term 403 for recognizeCandidate:4b487190-7547-40c7-b780-43c37a89e8eb
2019-10-18 07:54:50,713 [grpc-default-executor-0] INFO  impl.RoleInfo (RoleInfo.java:shutdownFollowerState(121)) - 6fa005cd-25d6-4e29-bda6-9462a060c098: shutdown FollowerState
2019-10-18 07:54:50,713 [grpc-default-executor-0] INFO  impl.RoleInfo (RoleInfo.java:updateAndGet(143)) - 6fa005cd-25d6-4e29-bda6-9462a060c098: start FollowerState
2019-10-18 07:54:50,713 [Thread-2779] INFO  impl.FollowerState (FollowerState.java:run(117)) - 6fa005cd-25d6-4e29-bda6-9462a060c098@group-BAC069DAEF17-FollowerState was interrupted: java.lang.InterruptedException: sleep interrupted
2019-10-18 07:54:50,726 [4b487190-7547-40c7-b780-43c37a89e8eb@group-BAC069DAEF17-LeaderElection379] INFO  impl.LeaderElection (LeaderElection.java:logAndReturn(56)) - 4b487190-7547-40c7-b780-43c37a89e8eb@group-BAC069DAEF17-LeaderElection379: Election REJECTED; received 1 response(s) [4b487190-7547-40c7-b780-43c37a89e8eb<-6fa005cd-25d6-4e29-bda6-9462a060c098#0:FAIL-t403] and 1 exception(s); 4b487190-7547-40c7-b780-43c37a89e8eb@group-BAC069DAEF17:t403, leader=null, voted=4b487190-7547-40c7-b780-43c37a89e8eb, raftlog=4b487190-7547-40c7-b780-43c37a89e8eb@group-BAC069DAEF17-SegmentedRaftLog:OPENED:c-1,f-1,i0, conf=-1: [6fa005cd-25d6-4e29-bda6-9462a060c098:192.168.69.67:36093, 4b487190-7547-40c7-b780-43c37a89e8eb:192.168.69.67:39683, 3d3aac8b-d4d1-454d-bf0c-88a180692893:192.168.69.67:34429], old=null
2019-10-18 07:54:50,726 [4b487190-7547-40c7-b780-43c37a89e8eb@group-BAC069DAEF17-LeaderElection379] INFO  impl.LeaderElection (LogUtils.java:infoOrTrace(149)) -   Exception 0: {}
java.util.concurrent.ExecutionException: org.apache.ratis.thirdparty.io.grpc.StatusRuntimeException: UNAVAILABLE: io exception
	at java.util.concurrent.FutureTask.report(FutureTask.java:122)
	at java.util.concurrent.FutureTask.get(FutureTask.java:192)
	at org.apache.ratis.server.impl.LeaderElection.waitForResults(LeaderElection.java:259)
	at org.apache.ratis.server.impl.LeaderElection.askForVotes(LeaderElection.java:197)
	at org.apache.ratis.server.impl.LeaderElection.run(LeaderElection.java:133)
	at java.lang.Thread.run(Thread.java:748)
Caused by: org.apache.ratis.thirdparty.io.grpc.StatusRuntimeException: UNAVAILABLE: io exception
	at org.apache.ratis.thirdparty.io.grpc.stub.ClientCalls.toStatusRuntimeException(ClientCalls.java:233)
	at org.apache.ratis.thirdparty.io.grpc.stub.ClientCalls.getUnchecked(ClientCalls.java:214)
	at org.apache.ratis.thirdparty.io.grpc.stub.ClientCalls.blockingUnaryCall(ClientCalls.java:139)
	at org.apache.ratis.proto.grpc.RaftServerProtocolServiceGrpc$RaftServerProtocolServiceBlockingStub.requestVote(RaftServerProtocolServiceGrpc.java:265)
	at org.apache.ratis.grpc.server.GrpcServerProtocolClient.requestVote(GrpcServerProtocolClient.java:99)
	at org.apache.ratis.grpc.server.GrpcService.requestVote(GrpcService.java:204)
	at org.apache.ratis.server.impl.LeaderElection.lambda$submitRequests$1(LeaderElection.java:234)
	at java.util.concurrent.FutureTask.run(FutureTask.java:266)
	at java.util.concurrent.Executors$RunnableAdapter.call(Executors.java:511)
	at java.util.concurrent.FutureTask.run(FutureTask.java:266)
	at java.util.concurrent.ThreadPoolExecutor.runWorker(ThreadPoolExecutor.java:1149)
	at java.util.concurrent.ThreadPoolExecutor$Worker.run(ThreadPoolExecutor.java:624)
	... 1 more
Caused by: org.apache.ratis.thirdparty.io.netty.channel.AbstractChannel$AnnotatedConnectException: Connection refused: /192.168.69.67:34429
	at sun.nio.ch.SocketChannelImpl.checkConnect(Native Method)
	at sun.nio.ch.SocketChannelImpl.finishConnect(SocketChannelImpl.java:717)
	at org.apache.ratis.thirdparty.io.netty.channel.socket.nio.NioSocketChannel.doFinishConnect(NioSocketChannel.java:327)
	at org.apache.ratis.thirdparty.io.netty.channel.nio.AbstractNioChannel$AbstractNioUnsafe.finishConnect(AbstractNioChannel.java:340)
	at org.apache.ratis.thirdparty.io.netty.channel.nio.NioEventLoop.processSelectedKey(NioEventLoop.java:632)
	at org.apache.ratis.thirdparty.io.netty.channel.nio.NioEventLoop.processSelectedKeysOptimized(NioEventLoop.java:579)
	at org.apache.ratis.thirdparty.io.netty.channel.nio.NioEventLoop.processSelectedKeys(NioEventLoop.java:496)
	at org.apache.ratis.thirdparty.io.netty.channel.nio.NioEventLoop.run(NioEventLoop.java:458)
	at org.apache.ratis.thirdparty.io.netty.util.concurrent.SingleThreadEventExecutor$5.run(SingleThreadEventExecutor.java:897)
	at org.apache.ratis.thirdparty.io.netty.util.concurrent.FastThreadLocalRunnable.run(FastThreadLocalRunnable.java:30)
	... 1 more
Caused by: java.net.ConnectException: Connection refused
	... 11 more
2019-10-18 07:54:50,727 [4b487190-7547-40c7-b780-43c37a89e8eb@group-BAC069DAEF17-LeaderElection379] INFO  impl.RaftServerImpl (RaftServerImpl.java:setRole(184)) - 4b487190-7547-40c7-b780-43c37a89e8eb@group-BAC069DAEF17: changes role from CANDIDATE to FOLLOWER at term 403 for DISCOVERED_A_NEW_TERM
2019-10-18 07:54:50,727 [4b487190-7547-40c7-b780-43c37a89e8eb@group-BAC069DAEF17-LeaderElection379] INFO  impl.RoleInfo (RoleInfo.java:shutdownLeaderElection(134)) - 4b487190-7547-40c7-b780-43c37a89e8eb: shutdown LeaderElection
2019-10-18 07:54:50,727 [4b487190-7547-40c7-b780-43c37a89e8eb@group-BAC069DAEF17-LeaderElection379] INFO  impl.RoleInfo (RoleInfo.java:updateAndGet(143)) - 4b487190-7547-40c7-b780-43c37a89e8eb: start FollowerState
2019-10-18 07:54:50,901 [Thread-2785] INFO  impl.FollowerState (FollowerState.java:run(108)) - 4b487190-7547-40c7-b780-43c37a89e8eb@group-BAC069DAEF17-FollowerState: change to CANDIDATE, lastRpcTime:174ms, electionTimeout:174ms
2019-10-18 07:54:50,902 [Thread-2785] INFO  impl.RoleInfo (RoleInfo.java:shutdownFollowerState(121)) - 4b487190-7547-40c7-b780-43c37a89e8eb: shutdown FollowerState
2019-10-18 07:54:50,902 [Thread-2785] INFO  impl.RaftServerImpl (RaftServerImpl.java:setRole(184)) - 4b487190-7547-40c7-b780-43c37a89e8eb@group-BAC069DAEF17: changes role from  FOLLOWER to CANDIDATE at term 403 for changeToCandidate
2019-10-18 07:54:50,902 [Thread-2785] INFO  impl.RoleInfo (RoleInfo.java:updateAndGet(143)) - 4b487190-7547-40c7-b780-43c37a89e8eb: start LeaderElection
2019-10-18 07:54:50,916 [4b487190-7547-40c7-b780-43c37a89e8eb@group-BAC069DAEF17-LeaderElection380] INFO  impl.LeaderElection (LeaderElection.java:askForVotes(178)) - 4b487190-7547-40c7-b780-43c37a89e8eb@group-BAC069DAEF17-LeaderElection380: begin an election at term 404 for -1: [6fa005cd-25d6-4e29-bda6-9462a060c098:192.168.69.67:36093, 4b487190-7547-40c7-b780-43c37a89e8eb:192.168.69.67:39683, 3d3aac8b-d4d1-454d-bf0c-88a180692893:192.168.69.67:34429], old=null
2019-10-18 07:54:50,917 [4b487190-7547-40c7-b780-43c37a89e8eb@group-BAC069DAEF17-LeaderElection380] INFO  impl.LeaderElection (LogUtils.java:infoOrTrace(149)) - 4b487190-7547-40c7-b780-43c37a89e8eb@group-BAC069DAEF17-LeaderElection380 got exception when requesting votes: {}
java.util.concurrent.ExecutionException: org.apache.ratis.thirdparty.io.grpc.StatusRuntimeException: UNAVAILABLE: io exception
	at java.util.concurrent.FutureTask.report(FutureTask.java:122)
	at java.util.concurrent.FutureTask.get(FutureTask.java:192)
	at org.apache.ratis.server.impl.LeaderElection.waitForResults(LeaderElection.java:259)
	at org.apache.ratis.server.impl.LeaderElection.askForVotes(LeaderElection.java:197)
	at org.apache.ratis.server.impl.LeaderElection.run(LeaderElection.java:133)
	at java.lang.Thread.run(Thread.java:748)
Caused by: org.apache.ratis.thirdparty.io.grpc.StatusRuntimeException: UNAVAILABLE: io exception
	at org.apache.ratis.thirdparty.io.grpc.stub.ClientCalls.toStatusRuntimeException(ClientCalls.java:233)
	at org.apache.ratis.thirdparty.io.grpc.stub.ClientCalls.getUnchecked(ClientCalls.java:214)
	at org.apache.ratis.thirdparty.io.grpc.stub.ClientCalls.blockingUnaryCall(ClientCalls.java:139)
	at org.apache.ratis.proto.grpc.RaftServerProtocolServiceGrpc$RaftServerProtocolServiceBlockingStub.requestVote(RaftServerProtocolServiceGrpc.java:265)
	at org.apache.ratis.grpc.server.GrpcServerProtocolClient.requestVote(GrpcServerProtocolClient.java:99)
	at org.apache.ratis.grpc.server.GrpcService.requestVote(GrpcService.java:204)
	at org.apache.ratis.server.impl.LeaderElection.lambda$submitRequests$1(LeaderElection.java:234)
	at java.util.concurrent.FutureTask.run(FutureTask.java:266)
	at java.util.concurrent.Executors$RunnableAdapter.call(Executors.java:511)
	at java.util.concurrent.FutureTask.run(FutureTask.java:266)
	at java.util.concurrent.ThreadPoolExecutor.runWorker(ThreadPoolExecutor.java:1149)
	at java.util.concurrent.ThreadPoolExecutor$Worker.run(ThreadPoolExecutor.java:624)
	... 1 more
Caused by: org.apache.ratis.thirdparty.io.netty.channel.AbstractChannel$AnnotatedConnectException: Connection refused: /192.168.69.67:34429
	at sun.nio.ch.SocketChannelImpl.checkConnect(Native Method)
	at sun.nio.ch.SocketChannelImpl.finishConnect(SocketChannelImpl.java:717)
	at org.apache.ratis.thirdparty.io.netty.channel.socket.nio.NioSocketChannel.doFinishConnect(NioSocketChannel.java:327)
	at org.apache.ratis.thirdparty.io.netty.channel.nio.AbstractNioChannel$AbstractNioUnsafe.finishConnect(AbstractNioChannel.java:340)
	at org.apache.ratis.thirdparty.io.netty.channel.nio.NioEventLoop.processSelectedKey(NioEventLoop.java:632)
	at org.apache.ratis.thirdparty.io.netty.channel.nio.NioEventLoop.processSelectedKeysOptimized(NioEventLoop.java:579)
	at org.apache.ratis.thirdparty.io.netty.channel.nio.NioEventLoop.processSelectedKeys(NioEventLoop.java:496)
	at org.apache.ratis.thirdparty.io.netty.channel.nio.NioEventLoop.run(NioEventLoop.java:458)
	at org.apache.ratis.thirdparty.io.netty.util.concurrent.SingleThreadEventExecutor$5.run(SingleThreadEventExecutor.java:897)
	at org.apache.ratis.thirdparty.io.netty.util.concurrent.FastThreadLocalRunnable.run(FastThreadLocalRunnable.java:30)
	... 1 more
Caused by: java.net.ConnectException: Connection refused
	... 11 more
2019-10-18 07:54:50,920 [grpc-default-executor-0] INFO  impl.RaftServerImpl (RaftServerImpl.java:setRole(184)) - 6fa005cd-25d6-4e29-bda6-9462a060c098@group-BAC069DAEF17: changes role from  FOLLOWER to FOLLOWER at term 404 for recognizeCandidate:4b487190-7547-40c7-b780-43c37a89e8eb
2019-10-18 07:54:50,921 [grpc-default-executor-0] INFO  impl.RoleInfo (RoleInfo.java:shutdownFollowerState(121)) - 6fa005cd-25d6-4e29-bda6-9462a060c098: shutdown FollowerState
2019-10-18 07:54:50,921 [grpc-default-executor-0] INFO  impl.RoleInfo (RoleInfo.java:updateAndGet(143)) - 6fa005cd-25d6-4e29-bda6-9462a060c098: start FollowerState
2019-10-18 07:54:50,921 [Thread-2784] INFO  impl.FollowerState (FollowerState.java:run(117)) - 6fa005cd-25d6-4e29-bda6-9462a060c098@group-BAC069DAEF17-FollowerState was interrupted: java.lang.InterruptedException: sleep interrupted
2019-10-18 07:54:50,935 [4b487190-7547-40c7-b780-43c37a89e8eb@group-BAC069DAEF17-LeaderElection380] INFO  impl.LeaderElection (LeaderElection.java:logAndReturn(56)) - 4b487190-7547-40c7-b780-43c37a89e8eb@group-BAC069DAEF17-LeaderElection380: Election REJECTED; received 1 response(s) [4b487190-7547-40c7-b780-43c37a89e8eb<-6fa005cd-25d6-4e29-bda6-9462a060c098#0:FAIL-t404] and 1 exception(s); 4b487190-7547-40c7-b780-43c37a89e8eb@group-BAC069DAEF17:t404, leader=null, voted=4b487190-7547-40c7-b780-43c37a89e8eb, raftlog=4b487190-7547-40c7-b780-43c37a89e8eb@group-BAC069DAEF17-SegmentedRaftLog:OPENED:c-1,f-1,i0, conf=-1: [6fa005cd-25d6-4e29-bda6-9462a060c098:192.168.69.67:36093, 4b487190-7547-40c7-b780-43c37a89e8eb:192.168.69.67:39683, 3d3aac8b-d4d1-454d-bf0c-88a180692893:192.168.69.67:34429], old=null
2019-10-18 07:54:50,935 [4b487190-7547-40c7-b780-43c37a89e8eb@group-BAC069DAEF17-LeaderElection380] INFO  impl.LeaderElection (LogUtils.java:infoOrTrace(149)) -   Exception 0: {}
java.util.concurrent.ExecutionException: org.apache.ratis.thirdparty.io.grpc.StatusRuntimeException: UNAVAILABLE: io exception
	at java.util.concurrent.FutureTask.report(FutureTask.java:122)
	at java.util.concurrent.FutureTask.get(FutureTask.java:192)
	at org.apache.ratis.server.impl.LeaderElection.waitForResults(LeaderElection.java:259)
	at org.apache.ratis.server.impl.LeaderElection.askForVotes(LeaderElection.java:197)
	at org.apache.ratis.server.impl.LeaderElection.run(LeaderElection.java:133)
	at java.lang.Thread.run(Thread.java:748)
Caused by: org.apache.ratis.thirdparty.io.grpc.StatusRuntimeException: UNAVAILABLE: io exception
	at org.apache.ratis.thirdparty.io.grpc.stub.ClientCalls.toStatusRuntimeException(ClientCalls.java:233)
	at org.apache.ratis.thirdparty.io.grpc.stub.ClientCalls.getUnchecked(ClientCalls.java:214)
	at org.apache.ratis.thirdparty.io.grpc.stub.ClientCalls.blockingUnaryCall(ClientCalls.java:139)
	at org.apache.ratis.proto.grpc.RaftServerProtocolServiceGrpc$RaftServerProtocolServiceBlockingStub.requestVote(RaftServerProtocolServiceGrpc.java:265)
	at org.apache.ratis.grpc.server.GrpcServerProtocolClient.requestVote(GrpcServerProtocolClient.java:99)
	at org.apache.ratis.grpc.server.GrpcService.requestVote(GrpcService.java:204)
	at org.apache.ratis.server.impl.LeaderElection.lambda$submitRequests$1(LeaderElection.java:234)
	at java.util.concurrent.FutureTask.run(FutureTask.java:266)
	at java.util.concurrent.Executors$RunnableAdapter.call(Executors.java:511)
	at java.util.concurrent.FutureTask.run(FutureTask.java:266)
	at java.util.concurrent.ThreadPoolExecutor.runWorker(ThreadPoolExecutor.java:1149)
	at java.util.concurrent.ThreadPoolExecutor$Worker.run(ThreadPoolExecutor.java:624)
	... 1 more
Caused by: org.apache.ratis.thirdparty.io.netty.channel.AbstractChannel$AnnotatedConnectException: Connection refused: /192.168.69.67:34429
	at sun.nio.ch.SocketChannelImpl.checkConnect(Native Method)
	at sun.nio.ch.SocketChannelImpl.finishConnect(SocketChannelImpl.java:717)
	at org.apache.ratis.thirdparty.io.netty.channel.socket.nio.NioSocketChannel.doFinishConnect(NioSocketChannel.java:327)
	at org.apache.ratis.thirdparty.io.netty.channel.nio.AbstractNioChannel$AbstractNioUnsafe.finishConnect(AbstractNioChannel.java:340)
	at org.apache.ratis.thirdparty.io.netty.channel.nio.NioEventLoop.processSelectedKey(NioEventLoop.java:632)
	at org.apache.ratis.thirdparty.io.netty.channel.nio.NioEventLoop.processSelectedKeysOptimized(NioEventLoop.java:579)
	at org.apache.ratis.thirdparty.io.netty.channel.nio.NioEventLoop.processSelectedKeys(NioEventLoop.java:496)
	at org.apache.ratis.thirdparty.io.netty.channel.nio.NioEventLoop.run(NioEventLoop.java:458)
	at org.apache.ratis.thirdparty.io.netty.util.concurrent.SingleThreadEventExecutor$5.run(SingleThreadEventExecutor.java:897)
	at org.apache.ratis.thirdparty.io.netty.util.concurrent.FastThreadLocalRunnable.run(FastThreadLocalRunnable.java:30)
	... 1 more
Caused by: java.net.ConnectException: Connection refused
	... 11 more
2019-10-18 07:54:50,935 [4b487190-7547-40c7-b780-43c37a89e8eb@group-BAC069DAEF17-LeaderElection380] INFO  impl.RaftServerImpl (RaftServerImpl.java:setRole(184)) - 4b487190-7547-40c7-b780-43c37a89e8eb@group-BAC069DAEF17: changes role from CANDIDATE to FOLLOWER at term 404 for DISCOVERED_A_NEW_TERM
2019-10-18 07:54:50,935 [4b487190-7547-40c7-b780-43c37a89e8eb@group-BAC069DAEF17-LeaderElection380] INFO  impl.RoleInfo (RoleInfo.java:shutdownLeaderElection(134)) - 4b487190-7547-40c7-b780-43c37a89e8eb: shutdown LeaderElection
2019-10-18 07:54:50,935 [4b487190-7547-40c7-b780-43c37a89e8eb@group-BAC069DAEF17-LeaderElection380] INFO  impl.RoleInfo (RoleInfo.java:updateAndGet(143)) - 4b487190-7547-40c7-b780-43c37a89e8eb: start FollowerState
2019-10-18 07:54:51,113 [Thread-2790] INFO  impl.FollowerState (FollowerState.java:run(108)) - 4b487190-7547-40c7-b780-43c37a89e8eb@group-BAC069DAEF17-FollowerState: change to CANDIDATE, lastRpcTime:177ms, electionTimeout:177ms
2019-10-18 07:54:51,113 [Thread-2790] INFO  impl.RoleInfo (RoleInfo.java:shutdownFollowerState(121)) - 4b487190-7547-40c7-b780-43c37a89e8eb: shutdown FollowerState
2019-10-18 07:54:51,113 [Thread-2790] INFO  impl.RaftServerImpl (RaftServerImpl.java:setRole(184)) - 4b487190-7547-40c7-b780-43c37a89e8eb@group-BAC069DAEF17: changes role from  FOLLOWER to CANDIDATE at term 404 for changeToCandidate
2019-10-18 07:54:51,114 [Thread-2790] INFO  impl.RoleInfo (RoleInfo.java:updateAndGet(143)) - 4b487190-7547-40c7-b780-43c37a89e8eb: start LeaderElection
2019-10-18 07:54:51,127 [4b487190-7547-40c7-b780-43c37a89e8eb@group-BAC069DAEF17-LeaderElection381] INFO  impl.LeaderElection (LeaderElection.java:askForVotes(178)) - 4b487190-7547-40c7-b780-43c37a89e8eb@group-BAC069DAEF17-LeaderElection381: begin an election at term 405 for -1: [6fa005cd-25d6-4e29-bda6-9462a060c098:192.168.69.67:36093, 4b487190-7547-40c7-b780-43c37a89e8eb:192.168.69.67:39683, 3d3aac8b-d4d1-454d-bf0c-88a180692893:192.168.69.67:34429], old=null
2019-10-18 07:54:51,128 [4b487190-7547-40c7-b780-43c37a89e8eb@group-BAC069DAEF17-LeaderElection381] INFO  impl.LeaderElection (LogUtils.java:infoOrTrace(149)) - 4b487190-7547-40c7-b780-43c37a89e8eb@group-BAC069DAEF17-LeaderElection381 got exception when requesting votes: {}
java.util.concurrent.ExecutionException: org.apache.ratis.thirdparty.io.grpc.StatusRuntimeException: UNAVAILABLE: io exception
	at java.util.concurrent.FutureTask.report(FutureTask.java:122)
	at java.util.concurrent.FutureTask.get(FutureTask.java:192)
	at org.apache.ratis.server.impl.LeaderElection.waitForResults(LeaderElection.java:259)
	at org.apache.ratis.server.impl.LeaderElection.askForVotes(LeaderElection.java:197)
	at org.apache.ratis.server.impl.LeaderElection.run(LeaderElection.java:133)
	at java.lang.Thread.run(Thread.java:748)
Caused by: org.apache.ratis.thirdparty.io.grpc.StatusRuntimeException: UNAVAILABLE: io exception
	at org.apache.ratis.thirdparty.io.grpc.stub.ClientCalls.toStatusRuntimeException(ClientCalls.java:233)
	at org.apache.ratis.thirdparty.io.grpc.stub.ClientCalls.getUnchecked(ClientCalls.java:214)
	at org.apache.ratis.thirdparty.io.grpc.stub.ClientCalls.blockingUnaryCall(ClientCalls.java:139)
	at org.apache.ratis.proto.grpc.RaftServerProtocolServiceGrpc$RaftServerProtocolServiceBlockingStub.requestVote(RaftServerProtocolServiceGrpc.java:265)
	at org.apache.ratis.grpc.server.GrpcServerProtocolClient.requestVote(GrpcServerProtocolClient.java:99)
	at org.apache.ratis.grpc.server.GrpcService.requestVote(GrpcService.java:204)
	at org.apache.ratis.server.impl.LeaderElection.lambda$submitRequests$1(LeaderElection.java:234)
	at java.util.concurrent.FutureTask.run(FutureTask.java:266)
	at java.util.concurrent.Executors$RunnableAdapter.call(Executors.java:511)
	at java.util.concurrent.FutureTask.run(FutureTask.java:266)
	at java.util.concurrent.ThreadPoolExecutor.runWorker(ThreadPoolExecutor.java:1149)
	at java.util.concurrent.ThreadPoolExecutor$Worker.run(ThreadPoolExecutor.java:624)
	... 1 more
Caused by: org.apache.ratis.thirdparty.io.netty.channel.AbstractChannel$AnnotatedConnectException: Connection refused: /192.168.69.67:34429
	at sun.nio.ch.SocketChannelImpl.checkConnect(Native Method)
	at sun.nio.ch.SocketChannelImpl.finishConnect(SocketChannelImpl.java:717)
	at org.apache.ratis.thirdparty.io.netty.channel.socket.nio.NioSocketChannel.doFinishConnect(NioSocketChannel.java:327)
	at org.apache.ratis.thirdparty.io.netty.channel.nio.AbstractNioChannel$AbstractNioUnsafe.finishConnect(AbstractNioChannel.java:340)
	at org.apache.ratis.thirdparty.io.netty.channel.nio.NioEventLoop.processSelectedKey(NioEventLoop.java:632)
	at org.apache.ratis.thirdparty.io.netty.channel.nio.NioEventLoop.processSelectedKeysOptimized(NioEventLoop.java:579)
	at org.apache.ratis.thirdparty.io.netty.channel.nio.NioEventLoop.processSelectedKeys(NioEventLoop.java:496)
	at org.apache.ratis.thirdparty.io.netty.channel.nio.NioEventLoop.run(NioEventLoop.java:458)
	at org.apache.ratis.thirdparty.io.netty.util.concurrent.SingleThreadEventExecutor$5.run(SingleThreadEventExecutor.java:897)
	at org.apache.ratis.thirdparty.io.netty.util.concurrent.FastThreadLocalRunnable.run(FastThreadLocalRunnable.java:30)
	... 1 more
Caused by: java.net.ConnectException: Connection refused
	... 11 more
2019-10-18 07:54:51,131 [grpc-default-executor-0] INFO  impl.RaftServerImpl (RaftServerImpl.java:setRole(184)) - 6fa005cd-25d6-4e29-bda6-9462a060c098@group-BAC069DAEF17: changes role from  FOLLOWER to FOLLOWER at term 405 for recognizeCandidate:4b487190-7547-40c7-b780-43c37a89e8eb
2019-10-18 07:54:51,131 [grpc-default-executor-0] INFO  impl.RoleInfo (RoleInfo.java:shutdownFollowerState(121)) - 6fa005cd-25d6-4e29-bda6-9462a060c098: shutdown FollowerState
2019-10-18 07:54:51,131 [grpc-default-executor-0] INFO  impl.RoleInfo (RoleInfo.java:updateAndGet(143)) - 6fa005cd-25d6-4e29-bda6-9462a060c098: start FollowerState
2019-10-18 07:54:51,131 [Thread-2789] INFO  impl.FollowerState (FollowerState.java:run(117)) - 6fa005cd-25d6-4e29-bda6-9462a060c098@group-BAC069DAEF17-FollowerState was interrupted: java.lang.InterruptedException: sleep interrupted
2019-10-18 07:54:51,159 [4b487190-7547-40c7-b780-43c37a89e8eb@group-BAC069DAEF17-LeaderElection381] INFO  impl.LeaderElection (LeaderElection.java:logAndReturn(56)) - 4b487190-7547-40c7-b780-43c37a89e8eb@group-BAC069DAEF17-LeaderElection381: Election REJECTED; received 1 response(s) [4b487190-7547-40c7-b780-43c37a89e8eb<-6fa005cd-25d6-4e29-bda6-9462a060c098#0:FAIL-t405] and 1 exception(s); 4b487190-7547-40c7-b780-43c37a89e8eb@group-BAC069DAEF17:t405, leader=null, voted=4b487190-7547-40c7-b780-43c37a89e8eb, raftlog=4b487190-7547-40c7-b780-43c37a89e8eb@group-BAC069DAEF17-SegmentedRaftLog:OPENED:c-1,f-1,i0, conf=-1: [6fa005cd-25d6-4e29-bda6-9462a060c098:192.168.69.67:36093, 4b487190-7547-40c7-b780-43c37a89e8eb:192.168.69.67:39683, 3d3aac8b-d4d1-454d-bf0c-88a180692893:192.168.69.67:34429], old=null
2019-10-18 07:54:51,159 [4b487190-7547-40c7-b780-43c37a89e8eb@group-BAC069DAEF17-LeaderElection381] INFO  impl.LeaderElection (LogUtils.java:infoOrTrace(149)) -   Exception 0: {}
java.util.concurrent.ExecutionException: org.apache.ratis.thirdparty.io.grpc.StatusRuntimeException: UNAVAILABLE: io exception
	at java.util.concurrent.FutureTask.report(FutureTask.java:122)
	at java.util.concurrent.FutureTask.get(FutureTask.java:192)
	at org.apache.ratis.server.impl.LeaderElection.waitForResults(LeaderElection.java:259)
	at org.apache.ratis.server.impl.LeaderElection.askForVotes(LeaderElection.java:197)
	at org.apache.ratis.server.impl.LeaderElection.run(LeaderElection.java:133)
	at java.lang.Thread.run(Thread.java:748)
Caused by: org.apache.ratis.thirdparty.io.grpc.StatusRuntimeException: UNAVAILABLE: io exception
	at org.apache.ratis.thirdparty.io.grpc.stub.ClientCalls.toStatusRuntimeException(ClientCalls.java:233)
	at org.apache.ratis.thirdparty.io.grpc.stub.ClientCalls.getUnchecked(ClientCalls.java:214)
	at org.apache.ratis.thirdparty.io.grpc.stub.ClientCalls.blockingUnaryCall(ClientCalls.java:139)
	at org.apache.ratis.proto.grpc.RaftServerProtocolServiceGrpc$RaftServerProtocolServiceBlockingStub.requestVote(RaftServerProtocolServiceGrpc.java:265)
	at org.apache.ratis.grpc.server.GrpcServerProtocolClient.requestVote(GrpcServerProtocolClient.java:99)
	at org.apache.ratis.grpc.server.GrpcService.requestVote(GrpcService.java:204)
	at org.apache.ratis.server.impl.LeaderElection.lambda$submitRequests$1(LeaderElection.java:234)
	at java.util.concurrent.FutureTask.run(FutureTask.java:266)
	at java.util.concurrent.Executors$RunnableAdapter.call(Executors.java:511)
	at java.util.concurrent.FutureTask.run(FutureTask.java:266)
	at java.util.concurrent.ThreadPoolExecutor.runWorker(ThreadPoolExecutor.java:1149)
	at java.util.concurrent.ThreadPoolExecutor$Worker.run(ThreadPoolExecutor.java:624)
	... 1 more
Caused by: org.apache.ratis.thirdparty.io.netty.channel.AbstractChannel$AnnotatedConnectException: Connection refused: /192.168.69.67:34429
	at sun.nio.ch.SocketChannelImpl.checkConnect(Native Method)
	at sun.nio.ch.SocketChannelImpl.finishConnect(SocketChannelImpl.java:717)
	at org.apache.ratis.thirdparty.io.netty.channel.socket.nio.NioSocketChannel.doFinishConnect(NioSocketChannel.java:327)
	at org.apache.ratis.thirdparty.io.netty.channel.nio.AbstractNioChannel$AbstractNioUnsafe.finishConnect(AbstractNioChannel.java:340)
	at org.apache.ratis.thirdparty.io.netty.channel.nio.NioEventLoop.processSelectedKey(NioEventLoop.java:632)
	at org.apache.ratis.thirdparty.io.netty.channel.nio.NioEventLoop.processSelectedKeysOptimized(NioEventLoop.java:579)
	at org.apache.ratis.thirdparty.io.netty.channel.nio.NioEventLoop.processSelectedKeys(NioEventLoop.java:496)
	at org.apache.ratis.thirdparty.io.netty.channel.nio.NioEventLoop.run(NioEventLoop.java:458)
	at org.apache.ratis.thirdparty.io.netty.util.concurrent.SingleThreadEventExecutor$5.run(SingleThreadEventExecutor.java:897)
	at org.apache.ratis.thirdparty.io.netty.util.concurrent.FastThreadLocalRunnable.run(FastThreadLocalRunnable.java:30)
	... 1 more
Caused by: java.net.ConnectException: Connection refused
	... 11 more
2019-10-18 07:54:51,159 [4b487190-7547-40c7-b780-43c37a89e8eb@group-BAC069DAEF17-LeaderElection381] INFO  impl.RaftServerImpl (RaftServerImpl.java:setRole(184)) - 4b487190-7547-40c7-b780-43c37a89e8eb@group-BAC069DAEF17: changes role from CANDIDATE to FOLLOWER at term 405 for DISCOVERED_A_NEW_TERM
2019-10-18 07:54:51,160 [4b487190-7547-40c7-b780-43c37a89e8eb@group-BAC069DAEF17-LeaderElection381] INFO  impl.RoleInfo (RoleInfo.java:shutdownLeaderElection(134)) - 4b487190-7547-40c7-b780-43c37a89e8eb: shutdown LeaderElection
2019-10-18 07:54:51,160 [4b487190-7547-40c7-b780-43c37a89e8eb@group-BAC069DAEF17-LeaderElection381] INFO  impl.RoleInfo (RoleInfo.java:updateAndGet(143)) - 4b487190-7547-40c7-b780-43c37a89e8eb: start FollowerState
2019-10-18 07:54:51,344 [Thread-2795] INFO  impl.FollowerState (FollowerState.java:run(108)) - 4b487190-7547-40c7-b780-43c37a89e8eb@group-BAC069DAEF17-FollowerState: change to CANDIDATE, lastRpcTime:184ms, electionTimeout:184ms
2019-10-18 07:54:51,345 [Thread-2795] INFO  impl.RoleInfo (RoleInfo.java:shutdownFollowerState(121)) - 4b487190-7547-40c7-b780-43c37a89e8eb: shutdown FollowerState
2019-10-18 07:54:51,345 [Thread-2795] INFO  impl.RaftServerImpl (RaftServerImpl.java:setRole(184)) - 4b487190-7547-40c7-b780-43c37a89e8eb@group-BAC069DAEF17: changes role from  FOLLOWER to CANDIDATE at term 405 for changeToCandidate
2019-10-18 07:54:51,345 [Thread-2795] INFO  impl.RoleInfo (RoleInfo.java:updateAndGet(143)) - 4b487190-7547-40c7-b780-43c37a89e8eb: start LeaderElection
2019-10-18 07:54:51,357 [java.util.concurrent.ThreadPoolExecutor$Worker@41ac07c9[State = -1, empty queue]] WARN  server.GrpcLogAppender (GrpcLogAppender.java:timeoutAppendRequest(209)) - a3fa570c-ae50-443c-8ab2-043428e82a24@group-69898A346AAC->0fc43408-9179-47bd-a807-e56cc33d805e-GrpcLogAppender: appendEntries Timeout, request=a3fa570c-ae50-443c-8ab2-043428e82a24->0fc43408-9179-47bd-a807-e56cc33d805e#20-t3, previous=(t:3, i:0), leaderCommit=0, initializing? false, entries: <empty>
2019-10-18 07:54:51,360 [4b487190-7547-40c7-b780-43c37a89e8eb@group-BAC069DAEF17-LeaderElection382] INFO  impl.LeaderElection (LeaderElection.java:askForVotes(178)) - 4b487190-7547-40c7-b780-43c37a89e8eb@group-BAC069DAEF17-LeaderElection382: begin an election at term 406 for -1: [6fa005cd-25d6-4e29-bda6-9462a060c098:192.168.69.67:36093, 4b487190-7547-40c7-b780-43c37a89e8eb:192.168.69.67:39683, 3d3aac8b-d4d1-454d-bf0c-88a180692893:192.168.69.67:34429], old=null
2019-10-18 07:54:51,361 [4b487190-7547-40c7-b780-43c37a89e8eb@group-BAC069DAEF17-LeaderElection382] INFO  impl.LeaderElection (LogUtils.java:infoOrTrace(149)) - 4b487190-7547-40c7-b780-43c37a89e8eb@group-BAC069DAEF17-LeaderElection382 got exception when requesting votes: {}
java.util.concurrent.ExecutionException: org.apache.ratis.thirdparty.io.grpc.StatusRuntimeException: UNAVAILABLE: io exception
	at java.util.concurrent.FutureTask.report(FutureTask.java:122)
	at java.util.concurrent.FutureTask.get(FutureTask.java:192)
	at org.apache.ratis.server.impl.LeaderElection.waitForResults(LeaderElection.java:259)
	at org.apache.ratis.server.impl.LeaderElection.askForVotes(LeaderElection.java:197)
	at org.apache.ratis.server.impl.LeaderElection.run(LeaderElection.java:133)
	at java.lang.Thread.run(Thread.java:748)
Caused by: org.apache.ratis.thirdparty.io.grpc.StatusRuntimeException: UNAVAILABLE: io exception
	at org.apache.ratis.thirdparty.io.grpc.stub.ClientCalls.toStatusRuntimeException(ClientCalls.java:233)
	at org.apache.ratis.thirdparty.io.grpc.stub.ClientCalls.getUnchecked(ClientCalls.java:214)
	at org.apache.ratis.thirdparty.io.grpc.stub.ClientCalls.blockingUnaryCall(ClientCalls.java:139)
	at org.apache.ratis.proto.grpc.RaftServerProtocolServiceGrpc$RaftServerProtocolServiceBlockingStub.requestVote(RaftServerProtocolServiceGrpc.java:265)
	at org.apache.ratis.grpc.server.GrpcServerProtocolClient.requestVote(GrpcServerProtocolClient.java:99)
	at org.apache.ratis.grpc.server.GrpcService.requestVote(GrpcService.java:204)
	at org.apache.ratis.server.impl.LeaderElection.lambda$submitRequests$1(LeaderElection.java:234)
	at java.util.concurrent.FutureTask.run(FutureTask.java:266)
	at java.util.concurrent.Executors$RunnableAdapter.call(Executors.java:511)
	at java.util.concurrent.FutureTask.run(FutureTask.java:266)
	at java.util.concurrent.ThreadPoolExecutor.runWorker(ThreadPoolExecutor.java:1149)
	at java.util.concurrent.ThreadPoolExecutor$Worker.run(ThreadPoolExecutor.java:624)
	... 1 more
Caused by: org.apache.ratis.thirdparty.io.netty.channel.AbstractChannel$AnnotatedConnectException: Connection refused: /192.168.69.67:34429
	at sun.nio.ch.SocketChannelImpl.checkConnect(Native Method)
	at sun.nio.ch.SocketChannelImpl.finishConnect(SocketChannelImpl.java:717)
	at org.apache.ratis.thirdparty.io.netty.channel.socket.nio.NioSocketChannel.doFinishConnect(NioSocketChannel.java:327)
	at org.apache.ratis.thirdparty.io.netty.channel.nio.AbstractNioChannel$AbstractNioUnsafe.finishConnect(AbstractNioChannel.java:340)
	at org.apache.ratis.thirdparty.io.netty.channel.nio.NioEventLoop.processSelectedKey(NioEventLoop.java:632)
	at org.apache.ratis.thirdparty.io.netty.channel.nio.NioEventLoop.processSelectedKeysOptimized(NioEventLoop.java:579)
	at org.apache.ratis.thirdparty.io.netty.channel.nio.NioEventLoop.processSelectedKeys(NioEventLoop.java:496)
	at org.apache.ratis.thirdparty.io.netty.channel.nio.NioEventLoop.run(NioEventLoop.java:458)
	at org.apache.ratis.thirdparty.io.netty.util.concurrent.SingleThreadEventExecutor$5.run(SingleThreadEventExecutor.java:897)
	at org.apache.ratis.thirdparty.io.netty.util.concurrent.FastThreadLocalRunnable.run(FastThreadLocalRunnable.java:30)
	... 1 more
Caused by: java.net.ConnectException: Connection refused
	... 11 more
2019-10-18 07:54:51,364 [java.util.concurrent.ThreadPoolExecutor$Worker@28813c0f[State = -1, empty queue]] WARN  server.GrpcLogAppender (GrpcLogAppender.java:timeoutAppendRequest(209)) - a3fa570c-ae50-443c-8ab2-043428e82a24@group-69898A346AAC->9334f5f3-1c9b-4a41-9735-40b3bdb856ca-GrpcLogAppender: appendEntries Timeout, request=a3fa570c-ae50-443c-8ab2-043428e82a24->9334f5f3-1c9b-4a41-9735-40b3bdb856ca#20-t3, previous=(t:3, i:0), leaderCommit=0, initializing? false, entries: <empty>
2019-10-18 07:54:51,364 [grpc-default-executor-0] INFO  impl.RaftServerImpl (RaftServerImpl.java:setRole(184)) - 6fa005cd-25d6-4e29-bda6-9462a060c098@group-BAC069DAEF17: changes role from  FOLLOWER to FOLLOWER at term 406 for recognizeCandidate:4b487190-7547-40c7-b780-43c37a89e8eb
2019-10-18 07:54:51,364 [grpc-default-executor-0] INFO  impl.RoleInfo (RoleInfo.java:shutdownFollowerState(121)) - 6fa005cd-25d6-4e29-bda6-9462a060c098: shutdown FollowerState
2019-10-18 07:54:51,364 [grpc-default-executor-0] INFO  impl.RoleInfo (RoleInfo.java:updateAndGet(143)) - 6fa005cd-25d6-4e29-bda6-9462a060c098: start FollowerState
2019-10-18 07:54:51,365 [Thread-2794] INFO  impl.FollowerState (FollowerState.java:run(117)) - 6fa005cd-25d6-4e29-bda6-9462a060c098@group-BAC069DAEF17-FollowerState was interrupted: java.lang.InterruptedException: sleep interrupted
2019-10-18 07:54:51,378 [4b487190-7547-40c7-b780-43c37a89e8eb@group-BAC069DAEF17-LeaderElection382] INFO  impl.LeaderElection (LeaderElection.java:logAndReturn(56)) - 4b487190-7547-40c7-b780-43c37a89e8eb@group-BAC069DAEF17-LeaderElection382: Election REJECTED; received 1 response(s) [4b487190-7547-40c7-b780-43c37a89e8eb<-6fa005cd-25d6-4e29-bda6-9462a060c098#0:FAIL-t406] and 1 exception(s); 4b487190-7547-40c7-b780-43c37a89e8eb@group-BAC069DAEF17:t406, leader=null, voted=4b487190-7547-40c7-b780-43c37a89e8eb, raftlog=4b487190-7547-40c7-b780-43c37a89e8eb@group-BAC069DAEF17-SegmentedRaftLog:OPENED:c-1,f-1,i0, conf=-1: [6fa005cd-25d6-4e29-bda6-9462a060c098:192.168.69.67:36093, 4b487190-7547-40c7-b780-43c37a89e8eb:192.168.69.67:39683, 3d3aac8b-d4d1-454d-bf0c-88a180692893:192.168.69.67:34429], old=null
2019-10-18 07:54:51,379 [4b487190-7547-40c7-b780-43c37a89e8eb@group-BAC069DAEF17-LeaderElection382] INFO  impl.LeaderElection (LogUtils.java:infoOrTrace(149)) -   Exception 0: {}
java.util.concurrent.ExecutionException: org.apache.ratis.thirdparty.io.grpc.StatusRuntimeException: UNAVAILABLE: io exception
	at java.util.concurrent.FutureTask.report(FutureTask.java:122)
	at java.util.concurrent.FutureTask.get(FutureTask.java:192)
	at org.apache.ratis.server.impl.LeaderElection.waitForResults(LeaderElection.java:259)
	at org.apache.ratis.server.impl.LeaderElection.askForVotes(LeaderElection.java:197)
	at org.apache.ratis.server.impl.LeaderElection.run(LeaderElection.java:133)
	at java.lang.Thread.run(Thread.java:748)
Caused by: org.apache.ratis.thirdparty.io.grpc.StatusRuntimeException: UNAVAILABLE: io exception
	at org.apache.ratis.thirdparty.io.grpc.stub.ClientCalls.toStatusRuntimeException(ClientCalls.java:233)
	at org.apache.ratis.thirdparty.io.grpc.stub.ClientCalls.getUnchecked(ClientCalls.java:214)
	at org.apache.ratis.thirdparty.io.grpc.stub.ClientCalls.blockingUnaryCall(ClientCalls.java:139)
	at org.apache.ratis.proto.grpc.RaftServerProtocolServiceGrpc$RaftServerProtocolServiceBlockingStub.requestVote(RaftServerProtocolServiceGrpc.java:265)
	at org.apache.ratis.grpc.server.GrpcServerProtocolClient.requestVote(GrpcServerProtocolClient.java:99)
	at org.apache.ratis.grpc.server.GrpcService.requestVote(GrpcService.java:204)
	at org.apache.ratis.server.impl.LeaderElection.lambda$submitRequests$1(LeaderElection.java:234)
	at java.util.concurrent.FutureTask.run(FutureTask.java:266)
	at java.util.concurrent.Executors$RunnableAdapter.call(Executors.java:511)
	at java.util.concurrent.FutureTask.run(FutureTask.java:266)
	at java.util.concurrent.ThreadPoolExecutor.runWorker(ThreadPoolExecutor.java:1149)
	at java.util.concurrent.ThreadPoolExecutor$Worker.run(ThreadPoolExecutor.java:624)
	... 1 more
Caused by: org.apache.ratis.thirdparty.io.netty.channel.AbstractChannel$AnnotatedConnectException: Connection refused: /192.168.69.67:34429
	at sun.nio.ch.SocketChannelImpl.checkConnect(Native Method)
	at sun.nio.ch.SocketChannelImpl.finishConnect(SocketChannelImpl.java:717)
	at org.apache.ratis.thirdparty.io.netty.channel.socket.nio.NioSocketChannel.doFinishConnect(NioSocketChannel.java:327)
	at org.apache.ratis.thirdparty.io.netty.channel.nio.AbstractNioChannel$AbstractNioUnsafe.finishConnect(AbstractNioChannel.java:340)
	at org.apache.ratis.thirdparty.io.netty.channel.nio.NioEventLoop.processSelectedKey(NioEventLoop.java:632)
	at org.apache.ratis.thirdparty.io.netty.channel.nio.NioEventLoop.processSelectedKeysOptimized(NioEventLoop.java:579)
	at org.apache.ratis.thirdparty.io.netty.channel.nio.NioEventLoop.processSelectedKeys(NioEventLoop.java:496)
	at org.apache.ratis.thirdparty.io.netty.channel.nio.NioEventLoop.run(NioEventLoop.java:458)
	at org.apache.ratis.thirdparty.io.netty.util.concurrent.SingleThreadEventExecutor$5.run(SingleThreadEventExecutor.java:897)
	at org.apache.ratis.thirdparty.io.netty.util.concurrent.FastThreadLocalRunnable.run(FastThreadLocalRunnable.java:30)
	... 1 more
Caused by: java.net.ConnectException: Connection refused
	... 11 more
2019-10-18 07:54:51,379 [4b487190-7547-40c7-b780-43c37a89e8eb@group-BAC069DAEF17-LeaderElection382] INFO  impl.RaftServerImpl (RaftServerImpl.java:setRole(184)) - 4b487190-7547-40c7-b780-43c37a89e8eb@group-BAC069DAEF17: changes role from CANDIDATE to FOLLOWER at term 406 for DISCOVERED_A_NEW_TERM
2019-10-18 07:54:51,379 [4b487190-7547-40c7-b780-43c37a89e8eb@group-BAC069DAEF17-LeaderElection382] INFO  impl.RoleInfo (RoleInfo.java:shutdownLeaderElection(134)) - 4b487190-7547-40c7-b780-43c37a89e8eb: shutdown LeaderElection
2019-10-18 07:54:51,379 [4b487190-7547-40c7-b780-43c37a89e8eb@group-BAC069DAEF17-LeaderElection382] INFO  impl.RoleInfo (RoleInfo.java:updateAndGet(143)) - 4b487190-7547-40c7-b780-43c37a89e8eb: start FollowerState
2019-10-18 07:54:51,487 [Thread-2800] INFO  impl.FollowerState (FollowerState.java:run(108)) - 4b487190-7547-40c7-b780-43c37a89e8eb@group-BAC069DAEF17-FollowerState: change to CANDIDATE, lastRpcTime:107ms, electionTimeout:107ms
2019-10-18 07:54:51,487 [Thread-2800] INFO  impl.RoleInfo (RoleInfo.java:shutdownFollowerState(121)) - 4b487190-7547-40c7-b780-43c37a89e8eb: shutdown FollowerState
2019-10-18 07:54:51,487 [Thread-2800] INFO  impl.RaftServerImpl (RaftServerImpl.java:setRole(184)) - 4b487190-7547-40c7-b780-43c37a89e8eb@group-BAC069DAEF17: changes role from  FOLLOWER to CANDIDATE at term 406 for changeToCandidate
2019-10-18 07:54:51,488 [Thread-2800] INFO  impl.RoleInfo (RoleInfo.java:updateAndGet(143)) - 4b487190-7547-40c7-b780-43c37a89e8eb: start LeaderElection
2019-10-18 07:54:51,502 [4b487190-7547-40c7-b780-43c37a89e8eb@group-BAC069DAEF17-LeaderElection383] INFO  impl.LeaderElection (LeaderElection.java:askForVotes(178)) - 4b487190-7547-40c7-b780-43c37a89e8eb@group-BAC069DAEF17-LeaderElection383: begin an election at term 407 for -1: [6fa005cd-25d6-4e29-bda6-9462a060c098:192.168.69.67:36093, 4b487190-7547-40c7-b780-43c37a89e8eb:192.168.69.67:39683, 3d3aac8b-d4d1-454d-bf0c-88a180692893:192.168.69.67:34429], old=null
2019-10-18 07:54:51,503 [4b487190-7547-40c7-b780-43c37a89e8eb@group-BAC069DAEF17-LeaderElection383] INFO  impl.LeaderElection (LogUtils.java:infoOrTrace(149)) - 4b487190-7547-40c7-b780-43c37a89e8eb@group-BAC069DAEF17-LeaderElection383 got exception when requesting votes: {}
java.util.concurrent.ExecutionException: org.apache.ratis.thirdparty.io.grpc.StatusRuntimeException: UNAVAILABLE: io exception
	at java.util.concurrent.FutureTask.report(FutureTask.java:122)
	at java.util.concurrent.FutureTask.get(FutureTask.java:192)
	at org.apache.ratis.server.impl.LeaderElection.waitForResults(LeaderElection.java:259)
	at org.apache.ratis.server.impl.LeaderElection.askForVotes(LeaderElection.java:197)
	at org.apache.ratis.server.impl.LeaderElection.run(LeaderElection.java:133)
	at java.lang.Thread.run(Thread.java:748)
Caused by: org.apache.ratis.thirdparty.io.grpc.StatusRuntimeException: UNAVAILABLE: io exception
	at org.apache.ratis.thirdparty.io.grpc.stub.ClientCalls.toStatusRuntimeException(ClientCalls.java:233)
	at org.apache.ratis.thirdparty.io.grpc.stub.ClientCalls.getUnchecked(ClientCalls.java:214)
	at org.apache.ratis.thirdparty.io.grpc.stub.ClientCalls.blockingUnaryCall(ClientCalls.java:139)
	at org.apache.ratis.proto.grpc.RaftServerProtocolServiceGrpc$RaftServerProtocolServiceBlockingStub.requestVote(RaftServerProtocolServiceGrpc.java:265)
	at org.apache.ratis.grpc.server.GrpcServerProtocolClient.requestVote(GrpcServerProtocolClient.java:99)
	at org.apache.ratis.grpc.server.GrpcService.requestVote(GrpcService.java:204)
	at org.apache.ratis.server.impl.LeaderElection.lambda$submitRequests$1(LeaderElection.java:234)
	at java.util.concurrent.FutureTask.run(FutureTask.java:266)
	at java.util.concurrent.Executors$RunnableAdapter.call(Executors.java:511)
	at java.util.concurrent.FutureTask.run(FutureTask.java:266)
	at java.util.concurrent.ThreadPoolExecutor.runWorker(ThreadPoolExecutor.java:1149)
	at java.util.concurrent.ThreadPoolExecutor$Worker.run(ThreadPoolExecutor.java:624)
	... 1 more
Caused by: org.apache.ratis.thirdparty.io.netty.channel.AbstractChannel$AnnotatedConnectException: Connection refused: /192.168.69.67:34429
	at sun.nio.ch.SocketChannelImpl.checkConnect(Native Method)
	at sun.nio.ch.SocketChannelImpl.finishConnect(SocketChannelImpl.java:717)
	at org.apache.ratis.thirdparty.io.netty.channel.socket.nio.NioSocketChannel.doFinishConnect(NioSocketChannel.java:327)
	at org.apache.ratis.thirdparty.io.netty.channel.nio.AbstractNioChannel$AbstractNioUnsafe.finishConnect(AbstractNioChannel.java:340)
	at org.apache.ratis.thirdparty.io.netty.channel.nio.NioEventLoop.processSelectedKey(NioEventLoop.java:632)
	at org.apache.ratis.thirdparty.io.netty.channel.nio.NioEventLoop.processSelectedKeysOptimized(NioEventLoop.java:579)
	at org.apache.ratis.thirdparty.io.netty.channel.nio.NioEventLoop.processSelectedKeys(NioEventLoop.java:496)
	at org.apache.ratis.thirdparty.io.netty.channel.nio.NioEventLoop.run(NioEventLoop.java:458)
	at org.apache.ratis.thirdparty.io.netty.util.concurrent.SingleThreadEventExecutor$5.run(SingleThreadEventExecutor.java:897)
	at org.apache.ratis.thirdparty.io.netty.util.concurrent.FastThreadLocalRunnable.run(FastThreadLocalRunnable.java:30)
	... 1 more
Caused by: java.net.ConnectException: Connection refused
	... 11 more
2019-10-18 07:54:51,506 [grpc-default-executor-0] INFO  impl.RaftServerImpl (RaftServerImpl.java:setRole(184)) - 6fa005cd-25d6-4e29-bda6-9462a060c098@group-BAC069DAEF17: changes role from  FOLLOWER to FOLLOWER at term 407 for recognizeCandidate:4b487190-7547-40c7-b780-43c37a89e8eb
2019-10-18 07:54:51,506 [grpc-default-executor-0] INFO  impl.RoleInfo (RoleInfo.java:shutdownFollowerState(121)) - 6fa005cd-25d6-4e29-bda6-9462a060c098: shutdown FollowerState
2019-10-18 07:54:51,506 [grpc-default-executor-0] INFO  impl.RoleInfo (RoleInfo.java:updateAndGet(143)) - 6fa005cd-25d6-4e29-bda6-9462a060c098: start FollowerState
2019-10-18 07:54:51,506 [Thread-2799] INFO  impl.FollowerState (FollowerState.java:run(117)) - 6fa005cd-25d6-4e29-bda6-9462a060c098@group-BAC069DAEF17-FollowerState was interrupted: java.lang.InterruptedException: sleep interrupted
2019-10-18 07:54:51,529 [4b487190-7547-40c7-b780-43c37a89e8eb@group-BAC069DAEF17-LeaderElection383] INFO  impl.LeaderElection (LeaderElection.java:logAndReturn(56)) - 4b487190-7547-40c7-b780-43c37a89e8eb@group-BAC069DAEF17-LeaderElection383: Election REJECTED; received 1 response(s) [4b487190-7547-40c7-b780-43c37a89e8eb<-6fa005cd-25d6-4e29-bda6-9462a060c098#0:FAIL-t407] and 1 exception(s); 4b487190-7547-40c7-b780-43c37a89e8eb@group-BAC069DAEF17:t407, leader=null, voted=4b487190-7547-40c7-b780-43c37a89e8eb, raftlog=4b487190-7547-40c7-b780-43c37a89e8eb@group-BAC069DAEF17-SegmentedRaftLog:OPENED:c-1,f-1,i0, conf=-1: [6fa005cd-25d6-4e29-bda6-9462a060c098:192.168.69.67:36093, 4b487190-7547-40c7-b780-43c37a89e8eb:192.168.69.67:39683, 3d3aac8b-d4d1-454d-bf0c-88a180692893:192.168.69.67:34429], old=null
2019-10-18 07:54:51,529 [4b487190-7547-40c7-b780-43c37a89e8eb@group-BAC069DAEF17-LeaderElection383] INFO  impl.LeaderElection (LogUtils.java:infoOrTrace(149)) -   Exception 0: {}
java.util.concurrent.ExecutionException: org.apache.ratis.thirdparty.io.grpc.StatusRuntimeException: UNAVAILABLE: io exception
	at java.util.concurrent.FutureTask.report(FutureTask.java:122)
	at java.util.concurrent.FutureTask.get(FutureTask.java:192)
	at org.apache.ratis.server.impl.LeaderElection.waitForResults(LeaderElection.java:259)
	at org.apache.ratis.server.impl.LeaderElection.askForVotes(LeaderElection.java:197)
	at org.apache.ratis.server.impl.LeaderElection.run(LeaderElection.java:133)
	at java.lang.Thread.run(Thread.java:748)
Caused by: org.apache.ratis.thirdparty.io.grpc.StatusRuntimeException: UNAVAILABLE: io exception
	at org.apache.ratis.thirdparty.io.grpc.stub.ClientCalls.toStatusRuntimeException(ClientCalls.java:233)
	at org.apache.ratis.thirdparty.io.grpc.stub.ClientCalls.getUnchecked(ClientCalls.java:214)
	at org.apache.ratis.thirdparty.io.grpc.stub.ClientCalls.blockingUnaryCall(ClientCalls.java:139)
	at org.apache.ratis.proto.grpc.RaftServerProtocolServiceGrpc$RaftServerProtocolServiceBlockingStub.requestVote(RaftServerProtocolServiceGrpc.java:265)
	at org.apache.ratis.grpc.server.GrpcServerProtocolClient.requestVote(GrpcServerProtocolClient.java:99)
	at org.apache.ratis.grpc.server.GrpcService.requestVote(GrpcService.java:204)
	at org.apache.ratis.server.impl.LeaderElection.lambda$submitRequests$1(LeaderElection.java:234)
	at java.util.concurrent.FutureTask.run(FutureTask.java:266)
	at java.util.concurrent.Executors$RunnableAdapter.call(Executors.java:511)
	at java.util.concurrent.FutureTask.run(FutureTask.java:266)
	at java.util.concurrent.ThreadPoolExecutor.runWorker(ThreadPoolExecutor.java:1149)
	at java.util.concurrent.ThreadPoolExecutor$Worker.run(ThreadPoolExecutor.java:624)
	... 1 more
Caused by: org.apache.ratis.thirdparty.io.netty.channel.AbstractChannel$AnnotatedConnectException: Connection refused: /192.168.69.67:34429
	at sun.nio.ch.SocketChannelImpl.checkConnect(Native Method)
	at sun.nio.ch.SocketChannelImpl.finishConnect(SocketChannelImpl.java:717)
	at org.apache.ratis.thirdparty.io.netty.channel.socket.nio.NioSocketChannel.doFinishConnect(NioSocketChannel.java:327)
	at org.apache.ratis.thirdparty.io.netty.channel.nio.AbstractNioChannel$AbstractNioUnsafe.finishConnect(AbstractNioChannel.java:340)
	at org.apache.ratis.thirdparty.io.netty.channel.nio.NioEventLoop.processSelectedKey(NioEventLoop.java:632)
	at org.apache.ratis.thirdparty.io.netty.channel.nio.NioEventLoop.processSelectedKeysOptimized(NioEventLoop.java:579)
	at org.apache.ratis.thirdparty.io.netty.channel.nio.NioEventLoop.processSelectedKeys(NioEventLoop.java:496)
	at org.apache.ratis.thirdparty.io.netty.channel.nio.NioEventLoop.run(NioEventLoop.java:458)
	at org.apache.ratis.thirdparty.io.netty.util.concurrent.SingleThreadEventExecutor$5.run(SingleThreadEventExecutor.java:897)
	at org.apache.ratis.thirdparty.io.netty.util.concurrent.FastThreadLocalRunnable.run(FastThreadLocalRunnable.java:30)
	... 1 more
Caused by: java.net.ConnectException: Connection refused
	... 11 more
2019-10-18 07:54:51,529 [4b487190-7547-40c7-b780-43c37a89e8eb@group-BAC069DAEF17-LeaderElection383] INFO  impl.RaftServerImpl (RaftServerImpl.java:setRole(184)) - 4b487190-7547-40c7-b780-43c37a89e8eb@group-BAC069DAEF17: changes role from CANDIDATE to FOLLOWER at term 407 for DISCOVERED_A_NEW_TERM
2019-10-18 07:54:51,529 [4b487190-7547-40c7-b780-43c37a89e8eb@group-BAC069DAEF17-LeaderElection383] INFO  impl.RoleInfo (RoleInfo.java:shutdownLeaderElection(134)) - 4b487190-7547-40c7-b780-43c37a89e8eb: shutdown LeaderElection
2019-10-18 07:54:51,529 [4b487190-7547-40c7-b780-43c37a89e8eb@group-BAC069DAEF17-LeaderElection383] INFO  impl.RoleInfo (RoleInfo.java:updateAndGet(143)) - 4b487190-7547-40c7-b780-43c37a89e8eb: start FollowerState
2019-10-18 07:54:51,711 [Thread-2805] INFO  impl.FollowerState (FollowerState.java:run(108)) - 4b487190-7547-40c7-b780-43c37a89e8eb@group-BAC069DAEF17-FollowerState: change to CANDIDATE, lastRpcTime:181ms, electionTimeout:181ms
2019-10-18 07:54:51,711 [Thread-2805] INFO  impl.RoleInfo (RoleInfo.java:shutdownFollowerState(121)) - 4b487190-7547-40c7-b780-43c37a89e8eb: shutdown FollowerState
2019-10-18 07:54:51,711 [Thread-2805] INFO  impl.RaftServerImpl (RaftServerImpl.java:setRole(184)) - 4b487190-7547-40c7-b780-43c37a89e8eb@group-BAC069DAEF17: changes role from  FOLLOWER to CANDIDATE at term 407 for changeToCandidate
2019-10-18 07:54:51,711 [Thread-2805] INFO  impl.RoleInfo (RoleInfo.java:updateAndGet(143)) - 4b487190-7547-40c7-b780-43c37a89e8eb: start LeaderElection
2019-10-18 07:54:51,733 [4b487190-7547-40c7-b780-43c37a89e8eb@group-BAC069DAEF17-LeaderElection384] INFO  impl.LeaderElection (LeaderElection.java:askForVotes(178)) - 4b487190-7547-40c7-b780-43c37a89e8eb@group-BAC069DAEF17-LeaderElection384: begin an election at term 408 for -1: [6fa005cd-25d6-4e29-bda6-9462a060c098:192.168.69.67:36093, 4b487190-7547-40c7-b780-43c37a89e8eb:192.168.69.67:39683, 3d3aac8b-d4d1-454d-bf0c-88a180692893:192.168.69.67:34429], old=null
2019-10-18 07:54:51,734 [4b487190-7547-40c7-b780-43c37a89e8eb@group-BAC069DAEF17-LeaderElection384] INFO  impl.LeaderElection (LogUtils.java:infoOrTrace(149)) - 4b487190-7547-40c7-b780-43c37a89e8eb@group-BAC069DAEF17-LeaderElection384 got exception when requesting votes: {}
java.util.concurrent.ExecutionException: org.apache.ratis.thirdparty.io.grpc.StatusRuntimeException: UNAVAILABLE: io exception
	at java.util.concurrent.FutureTask.report(FutureTask.java:122)
	at java.util.concurrent.FutureTask.get(FutureTask.java:192)
	at org.apache.ratis.server.impl.LeaderElection.waitForResults(LeaderElection.java:259)
	at org.apache.ratis.server.impl.LeaderElection.askForVotes(LeaderElection.java:197)
	at org.apache.ratis.server.impl.LeaderElection.run(LeaderElection.java:133)
	at java.lang.Thread.run(Thread.java:748)
Caused by: org.apache.ratis.thirdparty.io.grpc.StatusRuntimeException: UNAVAILABLE: io exception
	at org.apache.ratis.thirdparty.io.grpc.stub.ClientCalls.toStatusRuntimeException(ClientCalls.java:233)
	at org.apache.ratis.thirdparty.io.grpc.stub.ClientCalls.getUnchecked(ClientCalls.java:214)
	at org.apache.ratis.thirdparty.io.grpc.stub.ClientCalls.blockingUnaryCall(ClientCalls.java:139)
	at org.apache.ratis.proto.grpc.RaftServerProtocolServiceGrpc$RaftServerProtocolServiceBlockingStub.requestVote(RaftServerProtocolServiceGrpc.java:265)
	at org.apache.ratis.grpc.server.GrpcServerProtocolClient.requestVote(GrpcServerProtocolClient.java:99)
	at org.apache.ratis.grpc.server.GrpcService.requestVote(GrpcService.java:204)
	at org.apache.ratis.server.impl.LeaderElection.lambda$submitRequests$1(LeaderElection.java:234)
	at java.util.concurrent.FutureTask.run(FutureTask.java:266)
	at java.util.concurrent.Executors$RunnableAdapter.call(Executors.java:511)
	at java.util.concurrent.FutureTask.run(FutureTask.java:266)
	at java.util.concurrent.ThreadPoolExecutor.runWorker(ThreadPoolExecutor.java:1149)
	at java.util.concurrent.ThreadPoolExecutor$Worker.run(ThreadPoolExecutor.java:624)
	... 1 more
Caused by: org.apache.ratis.thirdparty.io.netty.channel.AbstractChannel$AnnotatedConnectException: Connection refused: /192.168.69.67:34429
	at sun.nio.ch.SocketChannelImpl.checkConnect(Native Method)
	at sun.nio.ch.SocketChannelImpl.finishConnect(SocketChannelImpl.java:717)
	at org.apache.ratis.thirdparty.io.netty.channel.socket.nio.NioSocketChannel.doFinishConnect(NioSocketChannel.java:327)
	at org.apache.ratis.thirdparty.io.netty.channel.nio.AbstractNioChannel$AbstractNioUnsafe.finishConnect(AbstractNioChannel.java:340)
	at org.apache.ratis.thirdparty.io.netty.channel.nio.NioEventLoop.processSelectedKey(NioEventLoop.java:632)
	at org.apache.ratis.thirdparty.io.netty.channel.nio.NioEventLoop.processSelectedKeysOptimized(NioEventLoop.java:579)
	at org.apache.ratis.thirdparty.io.netty.channel.nio.NioEventLoop.processSelectedKeys(NioEventLoop.java:496)
	at org.apache.ratis.thirdparty.io.netty.channel.nio.NioEventLoop.run(NioEventLoop.java:458)
	at org.apache.ratis.thirdparty.io.netty.util.concurrent.SingleThreadEventExecutor$5.run(SingleThreadEventExecutor.java:897)
	at org.apache.ratis.thirdparty.io.netty.util.concurrent.FastThreadLocalRunnable.run(FastThreadLocalRunnable.java:30)
	... 1 more
Caused by: java.net.ConnectException: Connection refused
	... 11 more
2019-10-18 07:54:51,736 [grpc-default-executor-0] INFO  impl.RaftServerImpl (RaftServerImpl.java:setRole(184)) - 6fa005cd-25d6-4e29-bda6-9462a060c098@group-BAC069DAEF17: changes role from  FOLLOWER to FOLLOWER at term 408 for recognizeCandidate:4b487190-7547-40c7-b780-43c37a89e8eb
2019-10-18 07:54:51,736 [grpc-default-executor-0] INFO  impl.RoleInfo (RoleInfo.java:shutdownFollowerState(121)) - 6fa005cd-25d6-4e29-bda6-9462a060c098: shutdown FollowerState
2019-10-18 07:54:51,736 [grpc-default-executor-0] INFO  impl.RoleInfo (RoleInfo.java:updateAndGet(143)) - 6fa005cd-25d6-4e29-bda6-9462a060c098: start FollowerState
2019-10-18 07:54:51,736 [Thread-2804] INFO  impl.FollowerState (FollowerState.java:run(117)) - 6fa005cd-25d6-4e29-bda6-9462a060c098@group-BAC069DAEF17-FollowerState was interrupted: java.lang.InterruptedException: sleep interrupted
2019-10-18 07:54:51,749 [4b487190-7547-40c7-b780-43c37a89e8eb@group-BAC069DAEF17-LeaderElection384] INFO  impl.LeaderElection (LeaderElection.java:logAndReturn(56)) - 4b487190-7547-40c7-b780-43c37a89e8eb@group-BAC069DAEF17-LeaderElection384: Election REJECTED; received 1 response(s) [4b487190-7547-40c7-b780-43c37a89e8eb<-6fa005cd-25d6-4e29-bda6-9462a060c098#0:FAIL-t408] and 1 exception(s); 4b487190-7547-40c7-b780-43c37a89e8eb@group-BAC069DAEF17:t408, leader=null, voted=4b487190-7547-40c7-b780-43c37a89e8eb, raftlog=4b487190-7547-40c7-b780-43c37a89e8eb@group-BAC069DAEF17-SegmentedRaftLog:OPENED:c-1,f-1,i0, conf=-1: [6fa005cd-25d6-4e29-bda6-9462a060c098:192.168.69.67:36093, 4b487190-7547-40c7-b780-43c37a89e8eb:192.168.69.67:39683, 3d3aac8b-d4d1-454d-bf0c-88a180692893:192.168.69.67:34429], old=null
2019-10-18 07:54:51,750 [4b487190-7547-40c7-b780-43c37a89e8eb@group-BAC069DAEF17-LeaderElection384] INFO  impl.LeaderElection (LogUtils.java:infoOrTrace(149)) -   Exception 0: {}
java.util.concurrent.ExecutionException: org.apache.ratis.thirdparty.io.grpc.StatusRuntimeException: UNAVAILABLE: io exception
	at java.util.concurrent.FutureTask.report(FutureTask.java:122)
	at java.util.concurrent.FutureTask.get(FutureTask.java:192)
	at org.apache.ratis.server.impl.LeaderElection.waitForResults(LeaderElection.java:259)
	at org.apache.ratis.server.impl.LeaderElection.askForVotes(LeaderElection.java:197)
	at org.apache.ratis.server.impl.LeaderElection.run(LeaderElection.java:133)
	at java.lang.Thread.run(Thread.java:748)
Caused by: org.apache.ratis.thirdparty.io.grpc.StatusRuntimeException: UNAVAILABLE: io exception
	at org.apache.ratis.thirdparty.io.grpc.stub.ClientCalls.toStatusRuntimeException(ClientCalls.java:233)
	at org.apache.ratis.thirdparty.io.grpc.stub.ClientCalls.getUnchecked(ClientCalls.java:214)
	at org.apache.ratis.thirdparty.io.grpc.stub.ClientCalls.blockingUnaryCall(ClientCalls.java:139)
	at org.apache.ratis.proto.grpc.RaftServerProtocolServiceGrpc$RaftServerProtocolServiceBlockingStub.requestVote(RaftServerProtocolServiceGrpc.java:265)
	at org.apache.ratis.grpc.server.GrpcServerProtocolClient.requestVote(GrpcServerProtocolClient.java:99)
	at org.apache.ratis.grpc.server.GrpcService.requestVote(GrpcService.java:204)
	at org.apache.ratis.server.impl.LeaderElection.lambda$submitRequests$1(LeaderElection.java:234)
	at java.util.concurrent.FutureTask.run(FutureTask.java:266)
	at java.util.concurrent.Executors$RunnableAdapter.call(Executors.java:511)
	at java.util.concurrent.FutureTask.run(FutureTask.java:266)
	at java.util.concurrent.ThreadPoolExecutor.runWorker(ThreadPoolExecutor.java:1149)
	at java.util.concurrent.ThreadPoolExecutor$Worker.run(ThreadPoolExecutor.java:624)
	... 1 more
Caused by: org.apache.ratis.thirdparty.io.netty.channel.AbstractChannel$AnnotatedConnectException: Connection refused: /192.168.69.67:34429
	at sun.nio.ch.SocketChannelImpl.checkConnect(Native Method)
	at sun.nio.ch.SocketChannelImpl.finishConnect(SocketChannelImpl.java:717)
	at org.apache.ratis.thirdparty.io.netty.channel.socket.nio.NioSocketChannel.doFinishConnect(NioSocketChannel.java:327)
	at org.apache.ratis.thirdparty.io.netty.channel.nio.AbstractNioChannel$AbstractNioUnsafe.finishConnect(AbstractNioChannel.java:340)
	at org.apache.ratis.thirdparty.io.netty.channel.nio.NioEventLoop.processSelectedKey(NioEventLoop.java:632)
	at org.apache.ratis.thirdparty.io.netty.channel.nio.NioEventLoop.processSelectedKeysOptimized(NioEventLoop.java:579)
	at org.apache.ratis.thirdparty.io.netty.channel.nio.NioEventLoop.processSelectedKeys(NioEventLoop.java:496)
	at org.apache.ratis.thirdparty.io.netty.channel.nio.NioEventLoop.run(NioEventLoop.java:458)
	at org.apache.ratis.thirdparty.io.netty.util.concurrent.SingleThreadEventExecutor$5.run(SingleThreadEventExecutor.java:897)
	at org.apache.ratis.thirdparty.io.netty.util.concurrent.FastThreadLocalRunnable.run(FastThreadLocalRunnable.java:30)
	... 1 more
Caused by: java.net.ConnectException: Connection refused
	... 11 more
2019-10-18 07:54:51,750 [4b487190-7547-40c7-b780-43c37a89e8eb@group-BAC069DAEF17-LeaderElection384] INFO  impl.RaftServerImpl (RaftServerImpl.java:setRole(184)) - 4b487190-7547-40c7-b780-43c37a89e8eb@group-BAC069DAEF17: changes role from CANDIDATE to FOLLOWER at term 408 for DISCOVERED_A_NEW_TERM
2019-10-18 07:54:51,750 [4b487190-7547-40c7-b780-43c37a89e8eb@group-BAC069DAEF17-LeaderElection384] INFO  impl.RoleInfo (RoleInfo.java:shutdownLeaderElection(134)) - 4b487190-7547-40c7-b780-43c37a89e8eb: shutdown LeaderElection
2019-10-18 07:54:51,750 [4b487190-7547-40c7-b780-43c37a89e8eb@group-BAC069DAEF17-LeaderElection384] INFO  impl.RoleInfo (RoleInfo.java:updateAndGet(143)) - 4b487190-7547-40c7-b780-43c37a89e8eb: start FollowerState
2019-10-18 07:54:51,801 [Thread-2810] INFO  impl.FollowerState (FollowerState.java:run(108)) - 4b487190-7547-40c7-b780-43c37a89e8eb@group-BAC069DAEF17-FollowerState: change to CANDIDATE, lastRpcTime:51ms, electionTimeout:51ms
2019-10-18 07:54:51,801 [Thread-2810] INFO  impl.RoleInfo (RoleInfo.java:shutdownFollowerState(121)) - 4b487190-7547-40c7-b780-43c37a89e8eb: shutdown FollowerState
2019-10-18 07:54:51,802 [Thread-2810] INFO  impl.RaftServerImpl (RaftServerImpl.java:setRole(184)) - 4b487190-7547-40c7-b780-43c37a89e8eb@group-BAC069DAEF17: changes role from  FOLLOWER to CANDIDATE at term 408 for changeToCandidate
2019-10-18 07:54:51,802 [Thread-2810] INFO  impl.RoleInfo (RoleInfo.java:updateAndGet(143)) - 4b487190-7547-40c7-b780-43c37a89e8eb: start LeaderElection
2019-10-18 07:54:51,815 [4b487190-7547-40c7-b780-43c37a89e8eb@group-BAC069DAEF17-LeaderElection385] INFO  impl.LeaderElection (LeaderElection.java:askForVotes(178)) - 4b487190-7547-40c7-b780-43c37a89e8eb@group-BAC069DAEF17-LeaderElection385: begin an election at term 409 for -1: [6fa005cd-25d6-4e29-bda6-9462a060c098:192.168.69.67:36093, 4b487190-7547-40c7-b780-43c37a89e8eb:192.168.69.67:39683, 3d3aac8b-d4d1-454d-bf0c-88a180692893:192.168.69.67:34429], old=null
2019-10-18 07:54:51,816 [4b487190-7547-40c7-b780-43c37a89e8eb@group-BAC069DAEF17-LeaderElection385] INFO  impl.LeaderElection (LogUtils.java:infoOrTrace(149)) - 4b487190-7547-40c7-b780-43c37a89e8eb@group-BAC069DAEF17-LeaderElection385 got exception when requesting votes: {}
java.util.concurrent.ExecutionException: org.apache.ratis.thirdparty.io.grpc.StatusRuntimeException: UNAVAILABLE: io exception
	at java.util.concurrent.FutureTask.report(FutureTask.java:122)
	at java.util.concurrent.FutureTask.get(FutureTask.java:192)
	at org.apache.ratis.server.impl.LeaderElection.waitForResults(LeaderElection.java:259)
	at org.apache.ratis.server.impl.LeaderElection.askForVotes(LeaderElection.java:197)
	at org.apache.ratis.server.impl.LeaderElection.run(LeaderElection.java:133)
	at java.lang.Thread.run(Thread.java:748)
Caused by: org.apache.ratis.thirdparty.io.grpc.StatusRuntimeException: UNAVAILABLE: io exception
	at org.apache.ratis.thirdparty.io.grpc.stub.ClientCalls.toStatusRuntimeException(ClientCalls.java:233)
	at org.apache.ratis.thirdparty.io.grpc.stub.ClientCalls.getUnchecked(ClientCalls.java:214)
	at org.apache.ratis.thirdparty.io.grpc.stub.ClientCalls.blockingUnaryCall(ClientCalls.java:139)
	at org.apache.ratis.proto.grpc.RaftServerProtocolServiceGrpc$RaftServerProtocolServiceBlockingStub.requestVote(RaftServerProtocolServiceGrpc.java:265)
	at org.apache.ratis.grpc.server.GrpcServerProtocolClient.requestVote(GrpcServerProtocolClient.java:99)
	at org.apache.ratis.grpc.server.GrpcService.requestVote(GrpcService.java:204)
	at org.apache.ratis.server.impl.LeaderElection.lambda$submitRequests$1(LeaderElection.java:234)
	at java.util.concurrent.FutureTask.run(FutureTask.java:266)
	at java.util.concurrent.Executors$RunnableAdapter.call(Executors.java:511)
	at java.util.concurrent.FutureTask.run(FutureTask.java:266)
	at java.util.concurrent.ThreadPoolExecutor.runWorker(ThreadPoolExecutor.java:1149)
	at java.util.concurrent.ThreadPoolExecutor$Worker.run(ThreadPoolExecutor.java:624)
	... 1 more
Caused by: org.apache.ratis.thirdparty.io.netty.channel.AbstractChannel$AnnotatedConnectException: Connection refused: /192.168.69.67:34429
	at sun.nio.ch.SocketChannelImpl.checkConnect(Native Method)
	at sun.nio.ch.SocketChannelImpl.finishConnect(SocketChannelImpl.java:717)
	at org.apache.ratis.thirdparty.io.netty.channel.socket.nio.NioSocketChannel.doFinishConnect(NioSocketChannel.java:327)
	at org.apache.ratis.thirdparty.io.netty.channel.nio.AbstractNioChannel$AbstractNioUnsafe.finishConnect(AbstractNioChannel.java:340)
	at org.apache.ratis.thirdparty.io.netty.channel.nio.NioEventLoop.processSelectedKey(NioEventLoop.java:632)
	at org.apache.ratis.thirdparty.io.netty.channel.nio.NioEventLoop.processSelectedKeysOptimized(NioEventLoop.java:579)
	at org.apache.ratis.thirdparty.io.netty.channel.nio.NioEventLoop.processSelectedKeys(NioEventLoop.java:496)
	at org.apache.ratis.thirdparty.io.netty.channel.nio.NioEventLoop.run(NioEventLoop.java:458)
	at org.apache.ratis.thirdparty.io.netty.util.concurrent.SingleThreadEventExecutor$5.run(SingleThreadEventExecutor.java:897)
	at org.apache.ratis.thirdparty.io.netty.util.concurrent.FastThreadLocalRunnable.run(FastThreadLocalRunnable.java:30)
	... 1 more
Caused by: java.net.ConnectException: Connection refused
	... 11 more
2019-10-18 07:54:51,818 [grpc-default-executor-0] INFO  impl.RaftServerImpl (RaftServerImpl.java:setRole(184)) - 6fa005cd-25d6-4e29-bda6-9462a060c098@group-BAC069DAEF17: changes role from  FOLLOWER to FOLLOWER at term 409 for recognizeCandidate:4b487190-7547-40c7-b780-43c37a89e8eb
2019-10-18 07:54:51,818 [grpc-default-executor-0] INFO  impl.RoleInfo (RoleInfo.java:shutdownFollowerState(121)) - 6fa005cd-25d6-4e29-bda6-9462a060c098: shutdown FollowerState
2019-10-18 07:54:51,818 [grpc-default-executor-0] INFO  impl.RoleInfo (RoleInfo.java:updateAndGet(143)) - 6fa005cd-25d6-4e29-bda6-9462a060c098: start FollowerState
2019-10-18 07:54:51,818 [Thread-2809] INFO  impl.FollowerState (FollowerState.java:run(117)) - 6fa005cd-25d6-4e29-bda6-9462a060c098@group-BAC069DAEF17-FollowerState was interrupted: java.lang.InterruptedException: sleep interrupted
2019-10-18 07:54:51,831 [4b487190-7547-40c7-b780-43c37a89e8eb@group-BAC069DAEF17-LeaderElection385] INFO  impl.LeaderElection (LeaderElection.java:logAndReturn(56)) - 4b487190-7547-40c7-b780-43c37a89e8eb@group-BAC069DAEF17-LeaderElection385: Election REJECTED; received 1 response(s) [4b487190-7547-40c7-b780-43c37a89e8eb<-6fa005cd-25d6-4e29-bda6-9462a060c098#0:FAIL-t409] and 1 exception(s); 4b487190-7547-40c7-b780-43c37a89e8eb@group-BAC069DAEF17:t409, leader=null, voted=4b487190-7547-40c7-b780-43c37a89e8eb, raftlog=4b487190-7547-40c7-b780-43c37a89e8eb@group-BAC069DAEF17-SegmentedRaftLog:OPENED:c-1,f-1,i0, conf=-1: [6fa005cd-25d6-4e29-bda6-9462a060c098:192.168.69.67:36093, 4b487190-7547-40c7-b780-43c37a89e8eb:192.168.69.67:39683, 3d3aac8b-d4d1-454d-bf0c-88a180692893:192.168.69.67:34429], old=null
2019-10-18 07:54:51,831 [4b487190-7547-40c7-b780-43c37a89e8eb@group-BAC069DAEF17-LeaderElection385] INFO  impl.LeaderElection (LogUtils.java:infoOrTrace(149)) -   Exception 0: {}
java.util.concurrent.ExecutionException: org.apache.ratis.thirdparty.io.grpc.StatusRuntimeException: UNAVAILABLE: io exception
	at java.util.concurrent.FutureTask.report(FutureTask.java:122)
	at java.util.concurrent.FutureTask.get(FutureTask.java:192)
	at org.apache.ratis.server.impl.LeaderElection.waitForResults(LeaderElection.java:259)
	at org.apache.ratis.server.impl.LeaderElection.askForVotes(LeaderElection.java:197)
	at org.apache.ratis.server.impl.LeaderElection.run(LeaderElection.java:133)
	at java.lang.Thread.run(Thread.java:748)
Caused by: org.apache.ratis.thirdparty.io.grpc.StatusRuntimeException: UNAVAILABLE: io exception
	at org.apache.ratis.thirdparty.io.grpc.stub.ClientCalls.toStatusRuntimeException(ClientCalls.java:233)
	at org.apache.ratis.thirdparty.io.grpc.stub.ClientCalls.getUnchecked(ClientCalls.java:214)
	at org.apache.ratis.thirdparty.io.grpc.stub.ClientCalls.blockingUnaryCall(ClientCalls.java:139)
	at org.apache.ratis.proto.grpc.RaftServerProtocolServiceGrpc$RaftServerProtocolServiceBlockingStub.requestVote(RaftServerProtocolServiceGrpc.java:265)
	at org.apache.ratis.grpc.server.GrpcServerProtocolClient.requestVote(GrpcServerProtocolClient.java:99)
	at org.apache.ratis.grpc.server.GrpcService.requestVote(GrpcService.java:204)
	at org.apache.ratis.server.impl.LeaderElection.lambda$submitRequests$1(LeaderElection.java:234)
	at java.util.concurrent.FutureTask.run(FutureTask.java:266)
	at java.util.concurrent.Executors$RunnableAdapter.call(Executors.java:511)
	at java.util.concurrent.FutureTask.run(FutureTask.java:266)
	at java.util.concurrent.ThreadPoolExecutor.runWorker(ThreadPoolExecutor.java:1149)
	at java.util.concurrent.ThreadPoolExecutor$Worker.run(ThreadPoolExecutor.java:624)
	... 1 more
Caused by: org.apache.ratis.thirdparty.io.netty.channel.AbstractChannel$AnnotatedConnectException: Connection refused: /192.168.69.67:34429
	at sun.nio.ch.SocketChannelImpl.checkConnect(Native Method)
	at sun.nio.ch.SocketChannelImpl.finishConnect(SocketChannelImpl.java:717)
	at org.apache.ratis.thirdparty.io.netty.channel.socket.nio.NioSocketChannel.doFinishConnect(NioSocketChannel.java:327)
	at org.apache.ratis.thirdparty.io.netty.channel.nio.AbstractNioChannel$AbstractNioUnsafe.finishConnect(AbstractNioChannel.java:340)
	at org.apache.ratis.thirdparty.io.netty.channel.nio.NioEventLoop.processSelectedKey(NioEventLoop.java:632)
	at org.apache.ratis.thirdparty.io.netty.channel.nio.NioEventLoop.processSelectedKeysOptimized(NioEventLoop.java:579)
	at org.apache.ratis.thirdparty.io.netty.channel.nio.NioEventLoop.processSelectedKeys(NioEventLoop.java:496)
	at org.apache.ratis.thirdparty.io.netty.channel.nio.NioEventLoop.run(NioEventLoop.java:458)
	at org.apache.ratis.thirdparty.io.netty.util.concurrent.SingleThreadEventExecutor$5.run(SingleThreadEventExecutor.java:897)
	at org.apache.ratis.thirdparty.io.netty.util.concurrent.FastThreadLocalRunnable.run(FastThreadLocalRunnable.java:30)
	... 1 more
Caused by: java.net.ConnectException: Connection refused
	... 11 more
2019-10-18 07:54:51,831 [4b487190-7547-40c7-b780-43c37a89e8eb@group-BAC069DAEF17-LeaderElection385] INFO  impl.RaftServerImpl (RaftServerImpl.java:setRole(184)) - 4b487190-7547-40c7-b780-43c37a89e8eb@group-BAC069DAEF17: changes role from CANDIDATE to FOLLOWER at term 409 for DISCOVERED_A_NEW_TERM
2019-10-18 07:54:51,832 [4b487190-7547-40c7-b780-43c37a89e8eb@group-BAC069DAEF17-LeaderElection385] INFO  impl.RoleInfo (RoleInfo.java:shutdownLeaderElection(134)) - 4b487190-7547-40c7-b780-43c37a89e8eb: shutdown LeaderElection
2019-10-18 07:54:51,832 [4b487190-7547-40c7-b780-43c37a89e8eb@group-BAC069DAEF17-LeaderElection385] INFO  impl.RoleInfo (RoleInfo.java:updateAndGet(143)) - 4b487190-7547-40c7-b780-43c37a89e8eb: start FollowerState
2019-10-18 07:54:51,939 [Thread-2815] INFO  impl.FollowerState (FollowerState.java:run(108)) - 4b487190-7547-40c7-b780-43c37a89e8eb@group-BAC069DAEF17-FollowerState: change to CANDIDATE, lastRpcTime:107ms, electionTimeout:107ms
2019-10-18 07:54:51,939 [Thread-2815] INFO  impl.RoleInfo (RoleInfo.java:shutdownFollowerState(121)) - 4b487190-7547-40c7-b780-43c37a89e8eb: shutdown FollowerState
2019-10-18 07:54:51,939 [Thread-2815] INFO  impl.RaftServerImpl (RaftServerImpl.java:setRole(184)) - 4b487190-7547-40c7-b780-43c37a89e8eb@group-BAC069DAEF17: changes role from  FOLLOWER to CANDIDATE at term 409 for changeToCandidate
2019-10-18 07:54:51,940 [Thread-2815] INFO  impl.RoleInfo (RoleInfo.java:updateAndGet(143)) - 4b487190-7547-40c7-b780-43c37a89e8eb: start LeaderElection
2019-10-18 07:54:51,959 [4b487190-7547-40c7-b780-43c37a89e8eb@group-BAC069DAEF17-LeaderElection386] INFO  impl.LeaderElection (LeaderElection.java:askForVotes(178)) - 4b487190-7547-40c7-b780-43c37a89e8eb@group-BAC069DAEF17-LeaderElection386: begin an election at term 410 for -1: [6fa005cd-25d6-4e29-bda6-9462a060c098:192.168.69.67:36093, 4b487190-7547-40c7-b780-43c37a89e8eb:192.168.69.67:39683, 3d3aac8b-d4d1-454d-bf0c-88a180692893:192.168.69.67:34429], old=null
2019-10-18 07:54:51,960 [4b487190-7547-40c7-b780-43c37a89e8eb@group-BAC069DAEF17-LeaderElection386] INFO  impl.LeaderElection (LogUtils.java:infoOrTrace(149)) - 4b487190-7547-40c7-b780-43c37a89e8eb@group-BAC069DAEF17-LeaderElection386 got exception when requesting votes: {}
java.util.concurrent.ExecutionException: org.apache.ratis.thirdparty.io.grpc.StatusRuntimeException: UNAVAILABLE: io exception
	at java.util.concurrent.FutureTask.report(FutureTask.java:122)
	at java.util.concurrent.FutureTask.get(FutureTask.java:192)
	at org.apache.ratis.server.impl.LeaderElection.waitForResults(LeaderElection.java:259)
	at org.apache.ratis.server.impl.LeaderElection.askForVotes(LeaderElection.java:197)
	at org.apache.ratis.server.impl.LeaderElection.run(LeaderElection.java:133)
	at java.lang.Thread.run(Thread.java:748)
Caused by: org.apache.ratis.thirdparty.io.grpc.StatusRuntimeException: UNAVAILABLE: io exception
	at org.apache.ratis.thirdparty.io.grpc.stub.ClientCalls.toStatusRuntimeException(ClientCalls.java:233)
	at org.apache.ratis.thirdparty.io.grpc.stub.ClientCalls.getUnchecked(ClientCalls.java:214)
	at org.apache.ratis.thirdparty.io.grpc.stub.ClientCalls.blockingUnaryCall(ClientCalls.java:139)
	at org.apache.ratis.proto.grpc.RaftServerProtocolServiceGrpc$RaftServerProtocolServiceBlockingStub.requestVote(RaftServerProtocolServiceGrpc.java:265)
	at org.apache.ratis.grpc.server.GrpcServerProtocolClient.requestVote(GrpcServerProtocolClient.java:99)
	at org.apache.ratis.grpc.server.GrpcService.requestVote(GrpcService.java:204)
	at org.apache.ratis.server.impl.LeaderElection.lambda$submitRequests$1(LeaderElection.java:234)
	at java.util.concurrent.FutureTask.run(FutureTask.java:266)
	at java.util.concurrent.Executors$RunnableAdapter.call(Executors.java:511)
	at java.util.concurrent.FutureTask.run(FutureTask.java:266)
	at java.util.concurrent.ThreadPoolExecutor.runWorker(ThreadPoolExecutor.java:1149)
	at java.util.concurrent.ThreadPoolExecutor$Worker.run(ThreadPoolExecutor.java:624)
	... 1 more
Caused by: org.apache.ratis.thirdparty.io.netty.channel.AbstractChannel$AnnotatedConnectException: Connection refused: /192.168.69.67:34429
	at sun.nio.ch.SocketChannelImpl.checkConnect(Native Method)
	at sun.nio.ch.SocketChannelImpl.finishConnect(SocketChannelImpl.java:717)
	at org.apache.ratis.thirdparty.io.netty.channel.socket.nio.NioSocketChannel.doFinishConnect(NioSocketChannel.java:327)
	at org.apache.ratis.thirdparty.io.netty.channel.nio.AbstractNioChannel$AbstractNioUnsafe.finishConnect(AbstractNioChannel.java:340)
	at org.apache.ratis.thirdparty.io.netty.channel.nio.NioEventLoop.processSelectedKey(NioEventLoop.java:632)
	at org.apache.ratis.thirdparty.io.netty.channel.nio.NioEventLoop.processSelectedKeysOptimized(NioEventLoop.java:579)
	at org.apache.ratis.thirdparty.io.netty.channel.nio.NioEventLoop.processSelectedKeys(NioEventLoop.java:496)
	at org.apache.ratis.thirdparty.io.netty.channel.nio.NioEventLoop.run(NioEventLoop.java:458)
	at org.apache.ratis.thirdparty.io.netty.util.concurrent.SingleThreadEventExecutor$5.run(SingleThreadEventExecutor.java:897)
	at org.apache.ratis.thirdparty.io.netty.util.concurrent.FastThreadLocalRunnable.run(FastThreadLocalRunnable.java:30)
	... 1 more
Caused by: java.net.ConnectException: Connection refused
	... 11 more
2019-10-18 07:54:51,962 [grpc-default-executor-0] INFO  impl.RaftServerImpl (RaftServerImpl.java:setRole(184)) - 6fa005cd-25d6-4e29-bda6-9462a060c098@group-BAC069DAEF17: changes role from  FOLLOWER to FOLLOWER at term 410 for recognizeCandidate:4b487190-7547-40c7-b780-43c37a89e8eb
2019-10-18 07:54:51,962 [grpc-default-executor-0] INFO  impl.RoleInfo (RoleInfo.java:shutdownFollowerState(121)) - 6fa005cd-25d6-4e29-bda6-9462a060c098: shutdown FollowerState
2019-10-18 07:54:51,962 [grpc-default-executor-0] INFO  impl.RoleInfo (RoleInfo.java:updateAndGet(143)) - 6fa005cd-25d6-4e29-bda6-9462a060c098: start FollowerState
2019-10-18 07:54:51,962 [Thread-2814] INFO  impl.FollowerState (FollowerState.java:run(117)) - 6fa005cd-25d6-4e29-bda6-9462a060c098@group-BAC069DAEF17-FollowerState was interrupted: java.lang.InterruptedException: sleep interrupted
2019-10-18 07:54:51,968 [4b487190-7547-40c7-b780-43c37a89e8eb@group-BAC069DAEF17-LeaderElection386] INFO  impl.LeaderElection (LeaderElection.java:logAndReturn(56)) - 4b487190-7547-40c7-b780-43c37a89e8eb@group-BAC069DAEF17-LeaderElection386: Election REJECTED; received 1 response(s) [4b487190-7547-40c7-b780-43c37a89e8eb<-6fa005cd-25d6-4e29-bda6-9462a060c098#0:FAIL-t410] and 1 exception(s); 4b487190-7547-40c7-b780-43c37a89e8eb@group-BAC069DAEF17:t410, leader=null, voted=4b487190-7547-40c7-b780-43c37a89e8eb, raftlog=4b487190-7547-40c7-b780-43c37a89e8eb@group-BAC069DAEF17-SegmentedRaftLog:OPENED:c-1,f-1,i0, conf=-1: [6fa005cd-25d6-4e29-bda6-9462a060c098:192.168.69.67:36093, 4b487190-7547-40c7-b780-43c37a89e8eb:192.168.69.67:39683, 3d3aac8b-d4d1-454d-bf0c-88a180692893:192.168.69.67:34429], old=null
2019-10-18 07:54:51,968 [4b487190-7547-40c7-b780-43c37a89e8eb@group-BAC069DAEF17-LeaderElection386] INFO  impl.LeaderElection (LogUtils.java:infoOrTrace(149)) -   Exception 0: {}
java.util.concurrent.ExecutionException: org.apache.ratis.thirdparty.io.grpc.StatusRuntimeException: UNAVAILABLE: io exception
	at java.util.concurrent.FutureTask.report(FutureTask.java:122)
	at java.util.concurrent.FutureTask.get(FutureTask.java:192)
	at org.apache.ratis.server.impl.LeaderElection.waitForResults(LeaderElection.java:259)
	at org.apache.ratis.server.impl.LeaderElection.askForVotes(LeaderElection.java:197)
	at org.apache.ratis.server.impl.LeaderElection.run(LeaderElection.java:133)
	at java.lang.Thread.run(Thread.java:748)
Caused by: org.apache.ratis.thirdparty.io.grpc.StatusRuntimeException: UNAVAILABLE: io exception
	at org.apache.ratis.thirdparty.io.grpc.stub.ClientCalls.toStatusRuntimeException(ClientCalls.java:233)
	at org.apache.ratis.thirdparty.io.grpc.stub.ClientCalls.getUnchecked(ClientCalls.java:214)
	at org.apache.ratis.thirdparty.io.grpc.stub.ClientCalls.blockingUnaryCall(ClientCalls.java:139)
	at org.apache.ratis.proto.grpc.RaftServerProtocolServiceGrpc$RaftServerProtocolServiceBlockingStub.requestVote(RaftServerProtocolServiceGrpc.java:265)
	at org.apache.ratis.grpc.server.GrpcServerProtocolClient.requestVote(GrpcServerProtocolClient.java:99)
	at org.apache.ratis.grpc.server.GrpcService.requestVote(GrpcService.java:204)
	at org.apache.ratis.server.impl.LeaderElection.lambda$submitRequests$1(LeaderElection.java:234)
	at java.util.concurrent.FutureTask.run(FutureTask.java:266)
	at java.util.concurrent.Executors$RunnableAdapter.call(Executors.java:511)
	at java.util.concurrent.FutureTask.run(FutureTask.java:266)
	at java.util.concurrent.ThreadPoolExecutor.runWorker(ThreadPoolExecutor.java:1149)
	at java.util.concurrent.ThreadPoolExecutor$Worker.run(ThreadPoolExecutor.java:624)
	... 1 more
Caused by: org.apache.ratis.thirdparty.io.netty.channel.AbstractChannel$AnnotatedConnectException: Connection refused: /192.168.69.67:34429
	at sun.nio.ch.SocketChannelImpl.checkConnect(Native Method)
	at sun.nio.ch.SocketChannelImpl.finishConnect(SocketChannelImpl.java:717)
	at org.apache.ratis.thirdparty.io.netty.channel.socket.nio.NioSocketChannel.doFinishConnect(NioSocketChannel.java:327)
	at org.apache.ratis.thirdparty.io.netty.channel.nio.AbstractNioChannel$AbstractNioUnsafe.finishConnect(AbstractNioChannel.java:340)
	at org.apache.ratis.thirdparty.io.netty.channel.nio.NioEventLoop.processSelectedKey(NioEventLoop.java:632)
	at org.apache.ratis.thirdparty.io.netty.channel.nio.NioEventLoop.processSelectedKeysOptimized(NioEventLoop.java:579)
	at org.apache.ratis.thirdparty.io.netty.channel.nio.NioEventLoop.processSelectedKeys(NioEventLoop.java:496)
	at org.apache.ratis.thirdparty.io.netty.channel.nio.NioEventLoop.run(NioEventLoop.java:458)
	at org.apache.ratis.thirdparty.io.netty.util.concurrent.SingleThreadEventExecutor$5.run(SingleThreadEventExecutor.java:897)
	at org.apache.ratis.thirdparty.io.netty.util.concurrent.FastThreadLocalRunnable.run(FastThreadLocalRunnable.java:30)
	... 1 more
Caused by: java.net.ConnectException: Connection refused
	... 11 more
2019-10-18 07:54:51,968 [4b487190-7547-40c7-b780-43c37a89e8eb@group-BAC069DAEF17-LeaderElection386] INFO  impl.RaftServerImpl (RaftServerImpl.java:setRole(184)) - 4b487190-7547-40c7-b780-43c37a89e8eb@group-BAC069DAEF17: changes role from CANDIDATE to FOLLOWER at term 410 for DISCOVERED_A_NEW_TERM
2019-10-18 07:54:51,968 [4b487190-7547-40c7-b780-43c37a89e8eb@group-BAC069DAEF17-LeaderElection386] INFO  impl.RoleInfo (RoleInfo.java:shutdownLeaderElection(134)) - 4b487190-7547-40c7-b780-43c37a89e8eb: shutdown LeaderElection
2019-10-18 07:54:51,968 [4b487190-7547-40c7-b780-43c37a89e8eb@group-BAC069DAEF17-LeaderElection386] INFO  impl.RoleInfo (RoleInfo.java:updateAndGet(143)) - 4b487190-7547-40c7-b780-43c37a89e8eb: start FollowerState
2019-10-18 07:54:52,002 [Thread-2820] INFO  impl.FollowerState (FollowerState.java:run(108)) - 4b487190-7547-40c7-b780-43c37a89e8eb@group-BAC069DAEF17-FollowerState: change to CANDIDATE, lastRpcTime:33ms, electionTimeout:33ms
2019-10-18 07:54:52,002 [Thread-2820] INFO  impl.RoleInfo (RoleInfo.java:shutdownFollowerState(121)) - 4b487190-7547-40c7-b780-43c37a89e8eb: shutdown FollowerState
2019-10-18 07:54:52,002 [Thread-2820] INFO  impl.RaftServerImpl (RaftServerImpl.java:setRole(184)) - 4b487190-7547-40c7-b780-43c37a89e8eb@group-BAC069DAEF17: changes role from  FOLLOWER to CANDIDATE at term 410 for changeToCandidate
2019-10-18 07:54:52,002 [Thread-2820] INFO  impl.RoleInfo (RoleInfo.java:updateAndGet(143)) - 4b487190-7547-40c7-b780-43c37a89e8eb: start LeaderElection
2019-10-18 07:54:52,024 [4b487190-7547-40c7-b780-43c37a89e8eb@group-BAC069DAEF17-LeaderElection387] INFO  impl.LeaderElection (LeaderElection.java:askForVotes(178)) - 4b487190-7547-40c7-b780-43c37a89e8eb@group-BAC069DAEF17-LeaderElection387: begin an election at term 411 for -1: [6fa005cd-25d6-4e29-bda6-9462a060c098:192.168.69.67:36093, 4b487190-7547-40c7-b780-43c37a89e8eb:192.168.69.67:39683, 3d3aac8b-d4d1-454d-bf0c-88a180692893:192.168.69.67:34429], old=null
2019-10-18 07:54:52,025 [4b487190-7547-40c7-b780-43c37a89e8eb@group-BAC069DAEF17-LeaderElection387] INFO  impl.LeaderElection (LogUtils.java:infoOrTrace(149)) - 4b487190-7547-40c7-b780-43c37a89e8eb@group-BAC069DAEF17-LeaderElection387 got exception when requesting votes: {}
java.util.concurrent.ExecutionException: org.apache.ratis.thirdparty.io.grpc.StatusRuntimeException: UNAVAILABLE: io exception
	at java.util.concurrent.FutureTask.report(FutureTask.java:122)
	at java.util.concurrent.FutureTask.get(FutureTask.java:192)
	at org.apache.ratis.server.impl.LeaderElection.waitForResults(LeaderElection.java:259)
	at org.apache.ratis.server.impl.LeaderElection.askForVotes(LeaderElection.java:197)
	at org.apache.ratis.server.impl.LeaderElection.run(LeaderElection.java:133)
	at java.lang.Thread.run(Thread.java:748)
Caused by: org.apache.ratis.thirdparty.io.grpc.StatusRuntimeException: UNAVAILABLE: io exception
	at org.apache.ratis.thirdparty.io.grpc.stub.ClientCalls.toStatusRuntimeException(ClientCalls.java:233)
	at org.apache.ratis.thirdparty.io.grpc.stub.ClientCalls.getUnchecked(ClientCalls.java:214)
	at org.apache.ratis.thirdparty.io.grpc.stub.ClientCalls.blockingUnaryCall(ClientCalls.java:139)
	at org.apache.ratis.proto.grpc.RaftServerProtocolServiceGrpc$RaftServerProtocolServiceBlockingStub.requestVote(RaftServerProtocolServiceGrpc.java:265)
	at org.apache.ratis.grpc.server.GrpcServerProtocolClient.requestVote(GrpcServerProtocolClient.java:99)
	at org.apache.ratis.grpc.server.GrpcService.requestVote(GrpcService.java:204)
	at org.apache.ratis.server.impl.LeaderElection.lambda$submitRequests$1(LeaderElection.java:234)
	at java.util.concurrent.FutureTask.run(FutureTask.java:266)
	at java.util.concurrent.Executors$RunnableAdapter.call(Executors.java:511)
	at java.util.concurrent.FutureTask.run(FutureTask.java:266)
	at java.util.concurrent.ThreadPoolExecutor.runWorker(ThreadPoolExecutor.java:1149)
	at java.util.concurrent.ThreadPoolExecutor$Worker.run(ThreadPoolExecutor.java:624)
	... 1 more
Caused by: org.apache.ratis.thirdparty.io.netty.channel.AbstractChannel$AnnotatedConnectException: Connection refused: /192.168.69.67:34429
	at sun.nio.ch.SocketChannelImpl.checkConnect(Native Method)
	at sun.nio.ch.SocketChannelImpl.finishConnect(SocketChannelImpl.java:717)
	at org.apache.ratis.thirdparty.io.netty.channel.socket.nio.NioSocketChannel.doFinishConnect(NioSocketChannel.java:327)
	at org.apache.ratis.thirdparty.io.netty.channel.nio.AbstractNioChannel$AbstractNioUnsafe.finishConnect(AbstractNioChannel.java:340)
	at org.apache.ratis.thirdparty.io.netty.channel.nio.NioEventLoop.processSelectedKey(NioEventLoop.java:632)
	at org.apache.ratis.thirdparty.io.netty.channel.nio.NioEventLoop.processSelectedKeysOptimized(NioEventLoop.java:579)
	at org.apache.ratis.thirdparty.io.netty.channel.nio.NioEventLoop.processSelectedKeys(NioEventLoop.java:496)
	at org.apache.ratis.thirdparty.io.netty.channel.nio.NioEventLoop.run(NioEventLoop.java:458)
	at org.apache.ratis.thirdparty.io.netty.util.concurrent.SingleThreadEventExecutor$5.run(SingleThreadEventExecutor.java:897)
	at org.apache.ratis.thirdparty.io.netty.util.concurrent.FastThreadLocalRunnable.run(FastThreadLocalRunnable.java:30)
	... 1 more
Caused by: java.net.ConnectException: Connection refused
	... 11 more
2019-10-18 07:54:52,027 [grpc-default-executor-0] INFO  impl.RaftServerImpl (RaftServerImpl.java:setRole(184)) - 6fa005cd-25d6-4e29-bda6-9462a060c098@group-BAC069DAEF17: changes role from  FOLLOWER to FOLLOWER at term 411 for recognizeCandidate:4b487190-7547-40c7-b780-43c37a89e8eb
2019-10-18 07:54:52,027 [grpc-default-executor-0] INFO  impl.RoleInfo (RoleInfo.java:shutdownFollowerState(121)) - 6fa005cd-25d6-4e29-bda6-9462a060c098: shutdown FollowerState
2019-10-18 07:54:52,027 [grpc-default-executor-0] INFO  impl.RoleInfo (RoleInfo.java:updateAndGet(143)) - 6fa005cd-25d6-4e29-bda6-9462a060c098: start FollowerState
2019-10-18 07:54:52,028 [Thread-2819] INFO  impl.FollowerState (FollowerState.java:run(117)) - 6fa005cd-25d6-4e29-bda6-9462a060c098@group-BAC069DAEF17-FollowerState was interrupted: java.lang.InterruptedException: sleep interrupted
2019-10-18 07:54:52,040 [4b487190-7547-40c7-b780-43c37a89e8eb@group-BAC069DAEF17-LeaderElection387] INFO  impl.LeaderElection (LeaderElection.java:logAndReturn(56)) - 4b487190-7547-40c7-b780-43c37a89e8eb@group-BAC069DAEF17-LeaderElection387: Election REJECTED; received 1 response(s) [4b487190-7547-40c7-b780-43c37a89e8eb<-6fa005cd-25d6-4e29-bda6-9462a060c098#0:FAIL-t411] and 1 exception(s); 4b487190-7547-40c7-b780-43c37a89e8eb@group-BAC069DAEF17:t411, leader=null, voted=4b487190-7547-40c7-b780-43c37a89e8eb, raftlog=4b487190-7547-40c7-b780-43c37a89e8eb@group-BAC069DAEF17-SegmentedRaftLog:OPENED:c-1,f-1,i0, conf=-1: [6fa005cd-25d6-4e29-bda6-9462a060c098:192.168.69.67:36093, 4b487190-7547-40c7-b780-43c37a89e8eb:192.168.69.67:39683, 3d3aac8b-d4d1-454d-bf0c-88a180692893:192.168.69.67:34429], old=null
2019-10-18 07:54:52,040 [4b487190-7547-40c7-b780-43c37a89e8eb@group-BAC069DAEF17-LeaderElection387] INFO  impl.LeaderElection (LogUtils.java:infoOrTrace(149)) -   Exception 0: {}
java.util.concurrent.ExecutionException: org.apache.ratis.thirdparty.io.grpc.StatusRuntimeException: UNAVAILABLE: io exception
	at java.util.concurrent.FutureTask.report(FutureTask.java:122)
	at java.util.concurrent.FutureTask.get(FutureTask.java:192)
	at org.apache.ratis.server.impl.LeaderElection.waitForResults(LeaderElection.java:259)
	at org.apache.ratis.server.impl.LeaderElection.askForVotes(LeaderElection.java:197)
	at org.apache.ratis.server.impl.LeaderElection.run(LeaderElection.java:133)
	at java.lang.Thread.run(Thread.java:748)
Caused by: org.apache.ratis.thirdparty.io.grpc.StatusRuntimeException: UNAVAILABLE: io exception
	at org.apache.ratis.thirdparty.io.grpc.stub.ClientCalls.toStatusRuntimeException(ClientCalls.java:233)
	at org.apache.ratis.thirdparty.io.grpc.stub.ClientCalls.getUnchecked(ClientCalls.java:214)
	at org.apache.ratis.thirdparty.io.grpc.stub.ClientCalls.blockingUnaryCall(ClientCalls.java:139)
	at org.apache.ratis.proto.grpc.RaftServerProtocolServiceGrpc$RaftServerProtocolServiceBlockingStub.requestVote(RaftServerProtocolServiceGrpc.java:265)
	at org.apache.ratis.grpc.server.GrpcServerProtocolClient.requestVote(GrpcServerProtocolClient.java:99)
	at org.apache.ratis.grpc.server.GrpcService.requestVote(GrpcService.java:204)
	at org.apache.ratis.server.impl.LeaderElection.lambda$submitRequests$1(LeaderElection.java:234)
	at java.util.concurrent.FutureTask.run(FutureTask.java:266)
	at java.util.concurrent.Executors$RunnableAdapter.call(Executors.java:511)
	at java.util.concurrent.FutureTask.run(FutureTask.java:266)
	at java.util.concurrent.ThreadPoolExecutor.runWorker(ThreadPoolExecutor.java:1149)
	at java.util.concurrent.ThreadPoolExecutor$Worker.run(ThreadPoolExecutor.java:624)
	... 1 more
Caused by: org.apache.ratis.thirdparty.io.netty.channel.AbstractChannel$AnnotatedConnectException: Connection refused: /192.168.69.67:34429
	at sun.nio.ch.SocketChannelImpl.checkConnect(Native Method)
	at sun.nio.ch.SocketChannelImpl.finishConnect(SocketChannelImpl.java:717)
	at org.apache.ratis.thirdparty.io.netty.channel.socket.nio.NioSocketChannel.doFinishConnect(NioSocketChannel.java:327)
	at org.apache.ratis.thirdparty.io.netty.channel.nio.AbstractNioChannel$AbstractNioUnsafe.finishConnect(AbstractNioChannel.java:340)
	at org.apache.ratis.thirdparty.io.netty.channel.nio.NioEventLoop.processSelectedKey(NioEventLoop.java:632)
	at org.apache.ratis.thirdparty.io.netty.channel.nio.NioEventLoop.processSelectedKeysOptimized(NioEventLoop.java:579)
	at org.apache.ratis.thirdparty.io.netty.channel.nio.NioEventLoop.processSelectedKeys(NioEventLoop.java:496)
	at org.apache.ratis.thirdparty.io.netty.channel.nio.NioEventLoop.run(NioEventLoop.java:458)
	at org.apache.ratis.thirdparty.io.netty.util.concurrent.SingleThreadEventExecutor$5.run(SingleThreadEventExecutor.java:897)
	at org.apache.ratis.thirdparty.io.netty.util.concurrent.FastThreadLocalRunnable.run(FastThreadLocalRunnable.java:30)
	... 1 more
Caused by: java.net.ConnectException: Connection refused
	... 11 more
2019-10-18 07:54:52,041 [4b487190-7547-40c7-b780-43c37a89e8eb@group-BAC069DAEF17-LeaderElection387] INFO  impl.RaftServerImpl (RaftServerImpl.java:setRole(184)) - 4b487190-7547-40c7-b780-43c37a89e8eb@group-BAC069DAEF17: changes role from CANDIDATE to FOLLOWER at term 411 for DISCOVERED_A_NEW_TERM
2019-10-18 07:54:52,041 [4b487190-7547-40c7-b780-43c37a89e8eb@group-BAC069DAEF17-LeaderElection387] INFO  impl.RoleInfo (RoleInfo.java:shutdownLeaderElection(134)) - 4b487190-7547-40c7-b780-43c37a89e8eb: shutdown LeaderElection
2019-10-18 07:54:52,041 [4b487190-7547-40c7-b780-43c37a89e8eb@group-BAC069DAEF17-LeaderElection387] INFO  impl.RoleInfo (RoleInfo.java:updateAndGet(143)) - 4b487190-7547-40c7-b780-43c37a89e8eb: start FollowerState
2019-10-18 07:54:52,087 [Thread-2825] INFO  impl.FollowerState (FollowerState.java:run(108)) - 4b487190-7547-40c7-b780-43c37a89e8eb@group-BAC069DAEF17-FollowerState: change to CANDIDATE, lastRpcTime:46ms, electionTimeout:46ms
2019-10-18 07:54:52,087 [Thread-2825] INFO  impl.RoleInfo (RoleInfo.java:shutdownFollowerState(121)) - 4b487190-7547-40c7-b780-43c37a89e8eb: shutdown FollowerState
2019-10-18 07:54:52,087 [Thread-2825] INFO  impl.RaftServerImpl (RaftServerImpl.java:setRole(184)) - 4b487190-7547-40c7-b780-43c37a89e8eb@group-BAC069DAEF17: changes role from  FOLLOWER to CANDIDATE at term 411 for changeToCandidate
2019-10-18 07:54:52,088 [Thread-2825] INFO  impl.RoleInfo (RoleInfo.java:updateAndGet(143)) - 4b487190-7547-40c7-b780-43c37a89e8eb: start LeaderElection
2019-10-18 07:54:52,101 [4b487190-7547-40c7-b780-43c37a89e8eb@group-BAC069DAEF17-LeaderElection388] INFO  impl.LeaderElection (LeaderElection.java:askForVotes(178)) - 4b487190-7547-40c7-b780-43c37a89e8eb@group-BAC069DAEF17-LeaderElection388: begin an election at term 412 for -1: [6fa005cd-25d6-4e29-bda6-9462a060c098:192.168.69.67:36093, 4b487190-7547-40c7-b780-43c37a89e8eb:192.168.69.67:39683, 3d3aac8b-d4d1-454d-bf0c-88a180692893:192.168.69.67:34429], old=null
2019-10-18 07:54:52,102 [4b487190-7547-40c7-b780-43c37a89e8eb@group-BAC069DAEF17-LeaderElection388] INFO  impl.LeaderElection (LogUtils.java:infoOrTrace(149)) - 4b487190-7547-40c7-b780-43c37a89e8eb@group-BAC069DAEF17-LeaderElection388 got exception when requesting votes: {}
java.util.concurrent.ExecutionException: org.apache.ratis.thirdparty.io.grpc.StatusRuntimeException: UNAVAILABLE: io exception
	at java.util.concurrent.FutureTask.report(FutureTask.java:122)
	at java.util.concurrent.FutureTask.get(FutureTask.java:192)
	at org.apache.ratis.server.impl.LeaderElection.waitForResults(LeaderElection.java:259)
	at org.apache.ratis.server.impl.LeaderElection.askForVotes(LeaderElection.java:197)
	at org.apache.ratis.server.impl.LeaderElection.run(LeaderElection.java:133)
	at java.lang.Thread.run(Thread.java:748)
Caused by: org.apache.ratis.thirdparty.io.grpc.StatusRuntimeException: UNAVAILABLE: io exception
	at org.apache.ratis.thirdparty.io.grpc.stub.ClientCalls.toStatusRuntimeException(ClientCalls.java:233)
	at org.apache.ratis.thirdparty.io.grpc.stub.ClientCalls.getUnchecked(ClientCalls.java:214)
	at org.apache.ratis.thirdparty.io.grpc.stub.ClientCalls.blockingUnaryCall(ClientCalls.java:139)
	at org.apache.ratis.proto.grpc.RaftServerProtocolServiceGrpc$RaftServerProtocolServiceBlockingStub.requestVote(RaftServerProtocolServiceGrpc.java:265)
	at org.apache.ratis.grpc.server.GrpcServerProtocolClient.requestVote(GrpcServerProtocolClient.java:99)
	at org.apache.ratis.grpc.server.GrpcService.requestVote(GrpcService.java:204)
	at org.apache.ratis.server.impl.LeaderElection.lambda$submitRequests$1(LeaderElection.java:234)
	at java.util.concurrent.FutureTask.run(FutureTask.java:266)
	at java.util.concurrent.Executors$RunnableAdapter.call(Executors.java:511)
	at java.util.concurrent.FutureTask.run(FutureTask.java:266)
	at java.util.concurrent.ThreadPoolExecutor.runWorker(ThreadPoolExecutor.java:1149)
	at java.util.concurrent.ThreadPoolExecutor$Worker.run(ThreadPoolExecutor.java:624)
	... 1 more
Caused by: org.apache.ratis.thirdparty.io.netty.channel.AbstractChannel$AnnotatedConnectException: Connection refused: /192.168.69.67:34429
	at sun.nio.ch.SocketChannelImpl.checkConnect(Native Method)
	at sun.nio.ch.SocketChannelImpl.finishConnect(SocketChannelImpl.java:717)
	at org.apache.ratis.thirdparty.io.netty.channel.socket.nio.NioSocketChannel.doFinishConnect(NioSocketChannel.java:327)
	at org.apache.ratis.thirdparty.io.netty.channel.nio.AbstractNioChannel$AbstractNioUnsafe.finishConnect(AbstractNioChannel.java:340)
	at org.apache.ratis.thirdparty.io.netty.channel.nio.NioEventLoop.processSelectedKey(NioEventLoop.java:632)
	at org.apache.ratis.thirdparty.io.netty.channel.nio.NioEventLoop.processSelectedKeysOptimized(NioEventLoop.java:579)
	at org.apache.ratis.thirdparty.io.netty.channel.nio.NioEventLoop.processSelectedKeys(NioEventLoop.java:496)
	at org.apache.ratis.thirdparty.io.netty.channel.nio.NioEventLoop.run(NioEventLoop.java:458)
	at org.apache.ratis.thirdparty.io.netty.util.concurrent.SingleThreadEventExecutor$5.run(SingleThreadEventExecutor.java:897)
	at org.apache.ratis.thirdparty.io.netty.util.concurrent.FastThreadLocalRunnable.run(FastThreadLocalRunnable.java:30)
	... 1 more
Caused by: java.net.ConnectException: Connection refused
	... 11 more
2019-10-18 07:54:52,104 [grpc-default-executor-0] INFO  impl.RaftServerImpl (RaftServerImpl.java:setRole(184)) - 6fa005cd-25d6-4e29-bda6-9462a060c098@group-BAC069DAEF17: changes role from  FOLLOWER to FOLLOWER at term 412 for recognizeCandidate:4b487190-7547-40c7-b780-43c37a89e8eb
2019-10-18 07:54:52,104 [grpc-default-executor-0] INFO  impl.RoleInfo (RoleInfo.java:shutdownFollowerState(121)) - 6fa005cd-25d6-4e29-bda6-9462a060c098: shutdown FollowerState
2019-10-18 07:54:52,104 [grpc-default-executor-0] INFO  impl.RoleInfo (RoleInfo.java:updateAndGet(143)) - 6fa005cd-25d6-4e29-bda6-9462a060c098: start FollowerState
2019-10-18 07:54:52,104 [Thread-2824] INFO  impl.FollowerState (FollowerState.java:run(117)) - 6fa005cd-25d6-4e29-bda6-9462a060c098@group-BAC069DAEF17-FollowerState was interrupted: java.lang.InterruptedException: sleep interrupted
2019-10-18 07:54:52,106 [4b487190-7547-40c7-b780-43c37a89e8eb@group-BAC069DAEF17-LeaderElection388] INFO  impl.LeaderElection (LeaderElection.java:logAndReturn(56)) - 4b487190-7547-40c7-b780-43c37a89e8eb@group-BAC069DAEF17-LeaderElection388: Election TIMEOUT; received 0 response(s) [] and 1 exception(s); 4b487190-7547-40c7-b780-43c37a89e8eb@group-BAC069DAEF17:t412, leader=null, voted=4b487190-7547-40c7-b780-43c37a89e8eb, raftlog=4b487190-7547-40c7-b780-43c37a89e8eb@group-BAC069DAEF17-SegmentedRaftLog:OPENED:c-1,f-1,i0, conf=-1: [6fa005cd-25d6-4e29-bda6-9462a060c098:192.168.69.67:36093, 4b487190-7547-40c7-b780-43c37a89e8eb:192.168.69.67:39683, 3d3aac8b-d4d1-454d-bf0c-88a180692893:192.168.69.67:34429], old=null
2019-10-18 07:54:52,106 [4b487190-7547-40c7-b780-43c37a89e8eb@group-BAC069DAEF17-LeaderElection388] INFO  impl.LeaderElection (LogUtils.java:infoOrTrace(149)) -   Exception 0: {}
java.util.concurrent.ExecutionException: org.apache.ratis.thirdparty.io.grpc.StatusRuntimeException: UNAVAILABLE: io exception
	at java.util.concurrent.FutureTask.report(FutureTask.java:122)
	at java.util.concurrent.FutureTask.get(FutureTask.java:192)
	at org.apache.ratis.server.impl.LeaderElection.waitForResults(LeaderElection.java:259)
	at org.apache.ratis.server.impl.LeaderElection.askForVotes(LeaderElection.java:197)
	at org.apache.ratis.server.impl.LeaderElection.run(LeaderElection.java:133)
	at java.lang.Thread.run(Thread.java:748)
Caused by: org.apache.ratis.thirdparty.io.grpc.StatusRuntimeException: UNAVAILABLE: io exception
	at org.apache.ratis.thirdparty.io.grpc.stub.ClientCalls.toStatusRuntimeException(ClientCalls.java:233)
	at org.apache.ratis.thirdparty.io.grpc.stub.ClientCalls.getUnchecked(ClientCalls.java:214)
	at org.apache.ratis.thirdparty.io.grpc.stub.ClientCalls.blockingUnaryCall(ClientCalls.java:139)
	at org.apache.ratis.proto.grpc.RaftServerProtocolServiceGrpc$RaftServerProtocolServiceBlockingStub.requestVote(RaftServerProtocolServiceGrpc.java:265)
	at org.apache.ratis.grpc.server.GrpcServerProtocolClient.requestVote(GrpcServerProtocolClient.java:99)
	at org.apache.ratis.grpc.server.GrpcService.requestVote(GrpcService.java:204)
	at org.apache.ratis.server.impl.LeaderElection.lambda$submitRequests$1(LeaderElection.java:234)
	at java.util.concurrent.FutureTask.run(FutureTask.java:266)
	at java.util.concurrent.Executors$RunnableAdapter.call(Executors.java:511)
	at java.util.concurrent.FutureTask.run(FutureTask.java:266)
	at java.util.concurrent.ThreadPoolExecutor.runWorker(ThreadPoolExecutor.java:1149)
	at java.util.concurrent.ThreadPoolExecutor$Worker.run(ThreadPoolExecutor.java:624)
	... 1 more
Caused by: org.apache.ratis.thirdparty.io.netty.channel.AbstractChannel$AnnotatedConnectException: Connection refused: /192.168.69.67:34429
	at sun.nio.ch.SocketChannelImpl.checkConnect(Native Method)
	at sun.nio.ch.SocketChannelImpl.finishConnect(SocketChannelImpl.java:717)
	at org.apache.ratis.thirdparty.io.netty.channel.socket.nio.NioSocketChannel.doFinishConnect(NioSocketChannel.java:327)
	at org.apache.ratis.thirdparty.io.netty.channel.nio.AbstractNioChannel$AbstractNioUnsafe.finishConnect(AbstractNioChannel.java:340)
	at org.apache.ratis.thirdparty.io.netty.channel.nio.NioEventLoop.processSelectedKey(NioEventLoop.java:632)
	at org.apache.ratis.thirdparty.io.netty.channel.nio.NioEventLoop.processSelectedKeysOptimized(NioEventLoop.java:579)
	at org.apache.ratis.thirdparty.io.netty.channel.nio.NioEventLoop.processSelectedKeys(NioEventLoop.java:496)
	at org.apache.ratis.thirdparty.io.netty.channel.nio.NioEventLoop.run(NioEventLoop.java:458)
	at org.apache.ratis.thirdparty.io.netty.util.concurrent.SingleThreadEventExecutor$5.run(SingleThreadEventExecutor.java:897)
	at org.apache.ratis.thirdparty.io.netty.util.concurrent.FastThreadLocalRunnable.run(FastThreadLocalRunnable.java:30)
	... 1 more
Caused by: java.net.ConnectException: Connection refused
	... 11 more
2019-10-18 07:54:52,119 [4b487190-7547-40c7-b780-43c37a89e8eb@group-BAC069DAEF17-LeaderElection388] INFO  impl.LeaderElection (LeaderElection.java:askForVotes(178)) - 4b487190-7547-40c7-b780-43c37a89e8eb@group-BAC069DAEF17-LeaderElection388: begin an election at term 413 for -1: [6fa005cd-25d6-4e29-bda6-9462a060c098:192.168.69.67:36093, 4b487190-7547-40c7-b780-43c37a89e8eb:192.168.69.67:39683, 3d3aac8b-d4d1-454d-bf0c-88a180692893:192.168.69.67:34429], old=null
2019-10-18 07:54:52,120 [4b487190-7547-40c7-b780-43c37a89e8eb@group-BAC069DAEF17-LeaderElection388] INFO  impl.LeaderElection (LogUtils.java:infoOrTrace(149)) - 4b487190-7547-40c7-b780-43c37a89e8eb@group-BAC069DAEF17-LeaderElection388 got exception when requesting votes: {}
java.util.concurrent.ExecutionException: org.apache.ratis.thirdparty.io.grpc.StatusRuntimeException: UNAVAILABLE: io exception
	at java.util.concurrent.FutureTask.report(FutureTask.java:122)
	at java.util.concurrent.FutureTask.get(FutureTask.java:192)
	at org.apache.ratis.server.impl.LeaderElection.waitForResults(LeaderElection.java:259)
	at org.apache.ratis.server.impl.LeaderElection.askForVotes(LeaderElection.java:197)
	at org.apache.ratis.server.impl.LeaderElection.run(LeaderElection.java:133)
	at java.lang.Thread.run(Thread.java:748)
Caused by: org.apache.ratis.thirdparty.io.grpc.StatusRuntimeException: UNAVAILABLE: io exception
	at org.apache.ratis.thirdparty.io.grpc.stub.ClientCalls.toStatusRuntimeException(ClientCalls.java:233)
	at org.apache.ratis.thirdparty.io.grpc.stub.ClientCalls.getUnchecked(ClientCalls.java:214)
	at org.apache.ratis.thirdparty.io.grpc.stub.ClientCalls.blockingUnaryCall(ClientCalls.java:139)
	at org.apache.ratis.proto.grpc.RaftServerProtocolServiceGrpc$RaftServerProtocolServiceBlockingStub.requestVote(RaftServerProtocolServiceGrpc.java:265)
	at org.apache.ratis.grpc.server.GrpcServerProtocolClient.requestVote(GrpcServerProtocolClient.java:99)
	at org.apache.ratis.grpc.server.GrpcService.requestVote(GrpcService.java:204)
	at org.apache.ratis.server.impl.LeaderElection.lambda$submitRequests$1(LeaderElection.java:234)
	at java.util.concurrent.FutureTask.run(FutureTask.java:266)
	at java.util.concurrent.Executors$RunnableAdapter.call(Executors.java:511)
	at java.util.concurrent.FutureTask.run(FutureTask.java:266)
	at java.util.concurrent.ThreadPoolExecutor.runWorker(ThreadPoolExecutor.java:1149)
	at java.util.concurrent.ThreadPoolExecutor$Worker.run(ThreadPoolExecutor.java:624)
	... 1 more
Caused by: org.apache.ratis.thirdparty.io.netty.channel.AbstractChannel$AnnotatedConnectException: Connection refused: /192.168.69.67:34429
	at sun.nio.ch.SocketChannelImpl.checkConnect(Native Method)
	at sun.nio.ch.SocketChannelImpl.finishConnect(SocketChannelImpl.java:717)
	at org.apache.ratis.thirdparty.io.netty.channel.socket.nio.NioSocketChannel.doFinishConnect(NioSocketChannel.java:327)
	at org.apache.ratis.thirdparty.io.netty.channel.nio.AbstractNioChannel$AbstractNioUnsafe.finishConnect(AbstractNioChannel.java:340)
	at org.apache.ratis.thirdparty.io.netty.channel.nio.NioEventLoop.processSelectedKey(NioEventLoop.java:632)
	at org.apache.ratis.thirdparty.io.netty.channel.nio.NioEventLoop.processSelectedKeysOptimized(NioEventLoop.java:579)
	at org.apache.ratis.thirdparty.io.netty.channel.nio.NioEventLoop.processSelectedKeys(NioEventLoop.java:496)
	at org.apache.ratis.thirdparty.io.netty.channel.nio.NioEventLoop.run(NioEventLoop.java:458)
	at org.apache.ratis.thirdparty.io.netty.util.concurrent.SingleThreadEventExecutor$5.run(SingleThreadEventExecutor.java:897)
	at org.apache.ratis.thirdparty.io.netty.util.concurrent.FastThreadLocalRunnable.run(FastThreadLocalRunnable.java:30)
	... 1 more
Caused by: java.net.ConnectException: Connection refused
	... 11 more
2019-10-18 07:54:52,121 [grpc-default-executor-0] INFO  impl.RaftServerImpl (RaftServerImpl.java:setRole(184)) - 6fa005cd-25d6-4e29-bda6-9462a060c098@group-BAC069DAEF17: changes role from  FOLLOWER to FOLLOWER at term 413 for recognizeCandidate:4b487190-7547-40c7-b780-43c37a89e8eb
2019-10-18 07:54:52,121 [grpc-default-executor-0] INFO  impl.RoleInfo (RoleInfo.java:shutdownFollowerState(121)) - 6fa005cd-25d6-4e29-bda6-9462a060c098: shutdown FollowerState
2019-10-18 07:54:52,122 [grpc-default-executor-0] INFO  impl.RoleInfo (RoleInfo.java:updateAndGet(143)) - 6fa005cd-25d6-4e29-bda6-9462a060c098: start FollowerState
2019-10-18 07:54:52,122 [Thread-2829] INFO  impl.FollowerState (FollowerState.java:run(117)) - 6fa005cd-25d6-4e29-bda6-9462a060c098@group-BAC069DAEF17-FollowerState was interrupted: java.lang.InterruptedException: sleep interrupted
2019-10-18 07:54:52,135 [4b487190-7547-40c7-b780-43c37a89e8eb@group-BAC069DAEF17-LeaderElection388] INFO  impl.LeaderElection (LeaderElection.java:logAndReturn(56)) - 4b487190-7547-40c7-b780-43c37a89e8eb@group-BAC069DAEF17-LeaderElection388: Election REJECTED; received 1 response(s) [4b487190-7547-40c7-b780-43c37a89e8eb<-6fa005cd-25d6-4e29-bda6-9462a060c098#0:FAIL-t413] and 1 exception(s); 4b487190-7547-40c7-b780-43c37a89e8eb@group-BAC069DAEF17:t413, leader=null, voted=4b487190-7547-40c7-b780-43c37a89e8eb, raftlog=4b487190-7547-40c7-b780-43c37a89e8eb@group-BAC069DAEF17-SegmentedRaftLog:OPENED:c-1,f-1,i0, conf=-1: [6fa005cd-25d6-4e29-bda6-9462a060c098:192.168.69.67:36093, 4b487190-7547-40c7-b780-43c37a89e8eb:192.168.69.67:39683, 3d3aac8b-d4d1-454d-bf0c-88a180692893:192.168.69.67:34429], old=null
2019-10-18 07:54:52,135 [4b487190-7547-40c7-b780-43c37a89e8eb@group-BAC069DAEF17-LeaderElection388] INFO  impl.LeaderElection (LogUtils.java:infoOrTrace(149)) -   Exception 0: {}
java.util.concurrent.ExecutionException: org.apache.ratis.thirdparty.io.grpc.StatusRuntimeException: UNAVAILABLE: io exception
	at java.util.concurrent.FutureTask.report(FutureTask.java:122)
	at java.util.concurrent.FutureTask.get(FutureTask.java:192)
	at org.apache.ratis.server.impl.LeaderElection.waitForResults(LeaderElection.java:259)
	at org.apache.ratis.server.impl.LeaderElection.askForVotes(LeaderElection.java:197)
	at org.apache.ratis.server.impl.LeaderElection.run(LeaderElection.java:133)
	at java.lang.Thread.run(Thread.java:748)
Caused by: org.apache.ratis.thirdparty.io.grpc.StatusRuntimeException: UNAVAILABLE: io exception
	at org.apache.ratis.thirdparty.io.grpc.stub.ClientCalls.toStatusRuntimeException(ClientCalls.java:233)
	at org.apache.ratis.thirdparty.io.grpc.stub.ClientCalls.getUnchecked(ClientCalls.java:214)
	at org.apache.ratis.thirdparty.io.grpc.stub.ClientCalls.blockingUnaryCall(ClientCalls.java:139)
	at org.apache.ratis.proto.grpc.RaftServerProtocolServiceGrpc$RaftServerProtocolServiceBlockingStub.requestVote(RaftServerProtocolServiceGrpc.java:265)
	at org.apache.ratis.grpc.server.GrpcServerProtocolClient.requestVote(GrpcServerProtocolClient.java:99)
	at org.apache.ratis.grpc.server.GrpcService.requestVote(GrpcService.java:204)
	at org.apache.ratis.server.impl.LeaderElection.lambda$submitRequests$1(LeaderElection.java:234)
	at java.util.concurrent.FutureTask.run(FutureTask.java:266)
	at java.util.concurrent.Executors$RunnableAdapter.call(Executors.java:511)
	at java.util.concurrent.FutureTask.run(FutureTask.java:266)
	at java.util.concurrent.ThreadPoolExecutor.runWorker(ThreadPoolExecutor.java:1149)
	at java.util.concurrent.ThreadPoolExecutor$Worker.run(ThreadPoolExecutor.java:624)
	... 1 more
Caused by: org.apache.ratis.thirdparty.io.netty.channel.AbstractChannel$AnnotatedConnectException: Connection refused: /192.168.69.67:34429
	at sun.nio.ch.SocketChannelImpl.checkConnect(Native Method)
	at sun.nio.ch.SocketChannelImpl.finishConnect(SocketChannelImpl.java:717)
	at org.apache.ratis.thirdparty.io.netty.channel.socket.nio.NioSocketChannel.doFinishConnect(NioSocketChannel.java:327)
	at org.apache.ratis.thirdparty.io.netty.channel.nio.AbstractNioChannel$AbstractNioUnsafe.finishConnect(AbstractNioChannel.java:340)
	at org.apache.ratis.thirdparty.io.netty.channel.nio.NioEventLoop.processSelectedKey(NioEventLoop.java:632)
	at org.apache.ratis.thirdparty.io.netty.channel.nio.NioEventLoop.processSelectedKeysOptimized(NioEventLoop.java:579)
	at org.apache.ratis.thirdparty.io.netty.channel.nio.NioEventLoop.processSelectedKeys(NioEventLoop.java:496)
	at org.apache.ratis.thirdparty.io.netty.channel.nio.NioEventLoop.run(NioEventLoop.java:458)
	at org.apache.ratis.thirdparty.io.netty.util.concurrent.SingleThreadEventExecutor$5.run(SingleThreadEventExecutor.java:897)
	at org.apache.ratis.thirdparty.io.netty.util.concurrent.FastThreadLocalRunnable.run(FastThreadLocalRunnable.java:30)
	... 1 more
Caused by: java.net.ConnectException: Connection refused
	... 11 more
2019-10-18 07:54:52,136 [4b487190-7547-40c7-b780-43c37a89e8eb@group-BAC069DAEF17-LeaderElection388] INFO  impl.RaftServerImpl (RaftServerImpl.java:setRole(184)) - 4b487190-7547-40c7-b780-43c37a89e8eb@group-BAC069DAEF17: changes role from CANDIDATE to FOLLOWER at term 413 for DISCOVERED_A_NEW_TERM
2019-10-18 07:54:52,136 [4b487190-7547-40c7-b780-43c37a89e8eb@group-BAC069DAEF17-LeaderElection388] INFO  impl.RoleInfo (RoleInfo.java:shutdownLeaderElection(134)) - 4b487190-7547-40c7-b780-43c37a89e8eb: shutdown LeaderElection
2019-10-18 07:54:52,136 [4b487190-7547-40c7-b780-43c37a89e8eb@group-BAC069DAEF17-LeaderElection388] INFO  impl.RoleInfo (RoleInfo.java:updateAndGet(143)) - 4b487190-7547-40c7-b780-43c37a89e8eb: start FollowerState
2019-10-18 07:54:52,272 [Thread-2833] INFO  impl.FollowerState (FollowerState.java:run(108)) - 4b487190-7547-40c7-b780-43c37a89e8eb@group-BAC069DAEF17-FollowerState: change to CANDIDATE, lastRpcTime:135ms, electionTimeout:135ms
2019-10-18 07:54:52,272 [Thread-2833] INFO  impl.RoleInfo (RoleInfo.java:shutdownFollowerState(121)) - 4b487190-7547-40c7-b780-43c37a89e8eb: shutdown FollowerState
2019-10-18 07:54:52,272 [Thread-2833] INFO  impl.RaftServerImpl (RaftServerImpl.java:setRole(184)) - 4b487190-7547-40c7-b780-43c37a89e8eb@group-BAC069DAEF17: changes role from  FOLLOWER to CANDIDATE at term 413 for changeToCandidate
2019-10-18 07:54:52,272 [Thread-2833] INFO  impl.RoleInfo (RoleInfo.java:updateAndGet(143)) - 4b487190-7547-40c7-b780-43c37a89e8eb: start LeaderElection
2019-10-18 07:54:52,286 [4b487190-7547-40c7-b780-43c37a89e8eb@group-BAC069DAEF17-LeaderElection389] INFO  impl.LeaderElection (LeaderElection.java:askForVotes(178)) - 4b487190-7547-40c7-b780-43c37a89e8eb@group-BAC069DAEF17-LeaderElection389: begin an election at term 414 for -1: [6fa005cd-25d6-4e29-bda6-9462a060c098:192.168.69.67:36093, 4b487190-7547-40c7-b780-43c37a89e8eb:192.168.69.67:39683, 3d3aac8b-d4d1-454d-bf0c-88a180692893:192.168.69.67:34429], old=null
2019-10-18 07:54:52,287 [4b487190-7547-40c7-b780-43c37a89e8eb@group-BAC069DAEF17-LeaderElection389] INFO  impl.LeaderElection (LogUtils.java:infoOrTrace(149)) - 4b487190-7547-40c7-b780-43c37a89e8eb@group-BAC069DAEF17-LeaderElection389 got exception when requesting votes: {}
java.util.concurrent.ExecutionException: org.apache.ratis.thirdparty.io.grpc.StatusRuntimeException: UNAVAILABLE: io exception
	at java.util.concurrent.FutureTask.report(FutureTask.java:122)
	at java.util.concurrent.FutureTask.get(FutureTask.java:192)
	at org.apache.ratis.server.impl.LeaderElection.waitForResults(LeaderElection.java:259)
	at org.apache.ratis.server.impl.LeaderElection.askForVotes(LeaderElection.java:197)
	at org.apache.ratis.server.impl.LeaderElection.run(LeaderElection.java:133)
	at java.lang.Thread.run(Thread.java:748)
Caused by: org.apache.ratis.thirdparty.io.grpc.StatusRuntimeException: UNAVAILABLE: io exception
	at org.apache.ratis.thirdparty.io.grpc.stub.ClientCalls.toStatusRuntimeException(ClientCalls.java:233)
	at org.apache.ratis.thirdparty.io.grpc.stub.ClientCalls.getUnchecked(ClientCalls.java:214)
	at org.apache.ratis.thirdparty.io.grpc.stub.ClientCalls.blockingUnaryCall(ClientCalls.java:139)
	at org.apache.ratis.proto.grpc.RaftServerProtocolServiceGrpc$RaftServerProtocolServiceBlockingStub.requestVote(RaftServerProtocolServiceGrpc.java:265)
	at org.apache.ratis.grpc.server.GrpcServerProtocolClient.requestVote(GrpcServerProtocolClient.java:99)
	at org.apache.ratis.grpc.server.GrpcService.requestVote(GrpcService.java:204)
	at org.apache.ratis.server.impl.LeaderElection.lambda$submitRequests$1(LeaderElection.java:234)
	at java.util.concurrent.FutureTask.run(FutureTask.java:266)
	at java.util.concurrent.Executors$RunnableAdapter.call(Executors.java:511)
	at java.util.concurrent.FutureTask.run(FutureTask.java:266)
	at java.util.concurrent.ThreadPoolExecutor.runWorker(ThreadPoolExecutor.java:1149)
	at java.util.concurrent.ThreadPoolExecutor$Worker.run(ThreadPoolExecutor.java:624)
	... 1 more
Caused by: org.apache.ratis.thirdparty.io.netty.channel.AbstractChannel$AnnotatedConnectException: Connection refused: /192.168.69.67:34429
	at sun.nio.ch.SocketChannelImpl.checkConnect(Native Method)
	at sun.nio.ch.SocketChannelImpl.finishConnect(SocketChannelImpl.java:717)
	at org.apache.ratis.thirdparty.io.netty.channel.socket.nio.NioSocketChannel.doFinishConnect(NioSocketChannel.java:327)
	at org.apache.ratis.thirdparty.io.netty.channel.nio.AbstractNioChannel$AbstractNioUnsafe.finishConnect(AbstractNioChannel.java:340)
	at org.apache.ratis.thirdparty.io.netty.channel.nio.NioEventLoop.processSelectedKey(NioEventLoop.java:632)
	at org.apache.ratis.thirdparty.io.netty.channel.nio.NioEventLoop.processSelectedKeysOptimized(NioEventLoop.java:579)
	at org.apache.ratis.thirdparty.io.netty.channel.nio.NioEventLoop.processSelectedKeys(NioEventLoop.java:496)
	at org.apache.ratis.thirdparty.io.netty.channel.nio.NioEventLoop.run(NioEventLoop.java:458)
	at org.apache.ratis.thirdparty.io.netty.util.concurrent.SingleThreadEventExecutor$5.run(SingleThreadEventExecutor.java:897)
	at org.apache.ratis.thirdparty.io.netty.util.concurrent.FastThreadLocalRunnable.run(FastThreadLocalRunnable.java:30)
	... 1 more
Caused by: java.net.ConnectException: Connection refused
	... 11 more
2019-10-18 07:54:52,289 [grpc-default-executor-0] INFO  impl.RaftServerImpl (RaftServerImpl.java:setRole(184)) - 6fa005cd-25d6-4e29-bda6-9462a060c098@group-BAC069DAEF17: changes role from  FOLLOWER to FOLLOWER at term 414 for recognizeCandidate:4b487190-7547-40c7-b780-43c37a89e8eb
2019-10-18 07:54:52,290 [grpc-default-executor-0] INFO  impl.RoleInfo (RoleInfo.java:shutdownFollowerState(121)) - 6fa005cd-25d6-4e29-bda6-9462a060c098: shutdown FollowerState
2019-10-18 07:54:52,290 [grpc-default-executor-0] INFO  impl.RoleInfo (RoleInfo.java:updateAndGet(143)) - 6fa005cd-25d6-4e29-bda6-9462a060c098: start FollowerState
2019-10-18 07:54:52,290 [Thread-2832] INFO  impl.FollowerState (FollowerState.java:run(117)) - 6fa005cd-25d6-4e29-bda6-9462a060c098@group-BAC069DAEF17-FollowerState was interrupted: java.lang.InterruptedException: sleep interrupted
2019-10-18 07:54:52,305 [4b487190-7547-40c7-b780-43c37a89e8eb@group-BAC069DAEF17-LeaderElection389] INFO  impl.LeaderElection (LeaderElection.java:logAndReturn(56)) - 4b487190-7547-40c7-b780-43c37a89e8eb@group-BAC069DAEF17-LeaderElection389: Election REJECTED; received 1 response(s) [4b487190-7547-40c7-b780-43c37a89e8eb<-6fa005cd-25d6-4e29-bda6-9462a060c098#0:FAIL-t414] and 1 exception(s); 4b487190-7547-40c7-b780-43c37a89e8eb@group-BAC069DAEF17:t414, leader=null, voted=4b487190-7547-40c7-b780-43c37a89e8eb, raftlog=4b487190-7547-40c7-b780-43c37a89e8eb@group-BAC069DAEF17-SegmentedRaftLog:OPENED:c-1,f-1,i0, conf=-1: [6fa005cd-25d6-4e29-bda6-9462a060c098:192.168.69.67:36093, 4b487190-7547-40c7-b780-43c37a89e8eb:192.168.69.67:39683, 3d3aac8b-d4d1-454d-bf0c-88a180692893:192.168.69.67:34429], old=null
2019-10-18 07:54:52,306 [4b487190-7547-40c7-b780-43c37a89e8eb@group-BAC069DAEF17-LeaderElection389] INFO  impl.LeaderElection (LogUtils.java:infoOrTrace(149)) -   Exception 0: {}
java.util.concurrent.ExecutionException: org.apache.ratis.thirdparty.io.grpc.StatusRuntimeException: UNAVAILABLE: io exception
	at java.util.concurrent.FutureTask.report(FutureTask.java:122)
	at java.util.concurrent.FutureTask.get(FutureTask.java:192)
	at org.apache.ratis.server.impl.LeaderElection.waitForResults(LeaderElection.java:259)
	at org.apache.ratis.server.impl.LeaderElection.askForVotes(LeaderElection.java:197)
	at org.apache.ratis.server.impl.LeaderElection.run(LeaderElection.java:133)
	at java.lang.Thread.run(Thread.java:748)
Caused by: org.apache.ratis.thirdparty.io.grpc.StatusRuntimeException: UNAVAILABLE: io exception
	at org.apache.ratis.thirdparty.io.grpc.stub.ClientCalls.toStatusRuntimeException(ClientCalls.java:233)
	at org.apache.ratis.thirdparty.io.grpc.stub.ClientCalls.getUnchecked(ClientCalls.java:214)
	at org.apache.ratis.thirdparty.io.grpc.stub.ClientCalls.blockingUnaryCall(ClientCalls.java:139)
	at org.apache.ratis.proto.grpc.RaftServerProtocolServiceGrpc$RaftServerProtocolServiceBlockingStub.requestVote(RaftServerProtocolServiceGrpc.java:265)
	at org.apache.ratis.grpc.server.GrpcServerProtocolClient.requestVote(GrpcServerProtocolClient.java:99)
	at org.apache.ratis.grpc.server.GrpcService.requestVote(GrpcService.java:204)
	at org.apache.ratis.server.impl.LeaderElection.lambda$submitRequests$1(LeaderElection.java:234)
	at java.util.concurrent.FutureTask.run(FutureTask.java:266)
	at java.util.concurrent.Executors$RunnableAdapter.call(Executors.java:511)
	at java.util.concurrent.FutureTask.run(FutureTask.java:266)
	at java.util.concurrent.ThreadPoolExecutor.runWorker(ThreadPoolExecutor.java:1149)
	at java.util.concurrent.ThreadPoolExecutor$Worker.run(ThreadPoolExecutor.java:624)
	... 1 more
Caused by: org.apache.ratis.thirdparty.io.netty.channel.AbstractChannel$AnnotatedConnectException: Connection refused: /192.168.69.67:34429
	at sun.nio.ch.SocketChannelImpl.checkConnect(Native Method)
	at sun.nio.ch.SocketChannelImpl.finishConnect(SocketChannelImpl.java:717)
	at org.apache.ratis.thirdparty.io.netty.channel.socket.nio.NioSocketChannel.doFinishConnect(NioSocketChannel.java:327)
	at org.apache.ratis.thirdparty.io.netty.channel.nio.AbstractNioChannel$AbstractNioUnsafe.finishConnect(AbstractNioChannel.java:340)
	at org.apache.ratis.thirdparty.io.netty.channel.nio.NioEventLoop.processSelectedKey(NioEventLoop.java:632)
	at org.apache.ratis.thirdparty.io.netty.channel.nio.NioEventLoop.processSelectedKeysOptimized(NioEventLoop.java:579)
	at org.apache.ratis.thirdparty.io.netty.channel.nio.NioEventLoop.processSelectedKeys(NioEventLoop.java:496)
	at org.apache.ratis.thirdparty.io.netty.channel.nio.NioEventLoop.run(NioEventLoop.java:458)
	at org.apache.ratis.thirdparty.io.netty.util.concurrent.SingleThreadEventExecutor$5.run(SingleThreadEventExecutor.java:897)
	at org.apache.ratis.thirdparty.io.netty.util.concurrent.FastThreadLocalRunnable.run(FastThreadLocalRunnable.java:30)
	... 1 more
Caused by: java.net.ConnectException: Connection refused
	... 11 more
2019-10-18 07:54:52,306 [4b487190-7547-40c7-b780-43c37a89e8eb@group-BAC069DAEF17-LeaderElection389] INFO  impl.RaftServerImpl (RaftServerImpl.java:setRole(184)) - 4b487190-7547-40c7-b780-43c37a89e8eb@group-BAC069DAEF17: changes role from CANDIDATE to FOLLOWER at term 414 for DISCOVERED_A_NEW_TERM
2019-10-18 07:54:52,306 [4b487190-7547-40c7-b780-43c37a89e8eb@group-BAC069DAEF17-LeaderElection389] INFO  impl.RoleInfo (RoleInfo.java:shutdownLeaderElection(134)) - 4b487190-7547-40c7-b780-43c37a89e8eb: shutdown LeaderElection
2019-10-18 07:54:52,307 [4b487190-7547-40c7-b780-43c37a89e8eb@group-BAC069DAEF17-LeaderElection389] INFO  impl.RoleInfo (RoleInfo.java:updateAndGet(143)) - 4b487190-7547-40c7-b780-43c37a89e8eb: start FollowerState
2019-10-18 07:54:52,382 [Thread-2838] INFO  impl.FollowerState (FollowerState.java:run(108)) - 4b487190-7547-40c7-b780-43c37a89e8eb@group-BAC069DAEF17-FollowerState: change to CANDIDATE, lastRpcTime:75ms, electionTimeout:75ms
2019-10-18 07:54:52,382 [Thread-2838] INFO  impl.RoleInfo (RoleInfo.java:shutdownFollowerState(121)) - 4b487190-7547-40c7-b780-43c37a89e8eb: shutdown FollowerState
2019-10-18 07:54:52,382 [Thread-2838] INFO  impl.RaftServerImpl (RaftServerImpl.java:setRole(184)) - 4b487190-7547-40c7-b780-43c37a89e8eb@group-BAC069DAEF17: changes role from  FOLLOWER to CANDIDATE at term 414 for changeToCandidate
2019-10-18 07:54:52,383 [Thread-2838] INFO  impl.RoleInfo (RoleInfo.java:updateAndGet(143)) - 4b487190-7547-40c7-b780-43c37a89e8eb: start LeaderElection
2019-10-18 07:54:52,408 [4b487190-7547-40c7-b780-43c37a89e8eb@group-BAC069DAEF17-LeaderElection390] INFO  impl.LeaderElection (LeaderElection.java:askForVotes(178)) - 4b487190-7547-40c7-b780-43c37a89e8eb@group-BAC069DAEF17-LeaderElection390: begin an election at term 415 for -1: [6fa005cd-25d6-4e29-bda6-9462a060c098:192.168.69.67:36093, 4b487190-7547-40c7-b780-43c37a89e8eb:192.168.69.67:39683, 3d3aac8b-d4d1-454d-bf0c-88a180692893:192.168.69.67:34429], old=null
2019-10-18 07:54:52,410 [4b487190-7547-40c7-b780-43c37a89e8eb@group-BAC069DAEF17-LeaderElection390] INFO  impl.LeaderElection (LogUtils.java:infoOrTrace(149)) - 4b487190-7547-40c7-b780-43c37a89e8eb@group-BAC069DAEF17-LeaderElection390 got exception when requesting votes: {}
java.util.concurrent.ExecutionException: org.apache.ratis.thirdparty.io.grpc.StatusRuntimeException: UNAVAILABLE: io exception
	at java.util.concurrent.FutureTask.report(FutureTask.java:122)
	at java.util.concurrent.FutureTask.get(FutureTask.java:192)
	at org.apache.ratis.server.impl.LeaderElection.waitForResults(LeaderElection.java:259)
	at org.apache.ratis.server.impl.LeaderElection.askForVotes(LeaderElection.java:197)
	at org.apache.ratis.server.impl.LeaderElection.run(LeaderElection.java:133)
	at java.lang.Thread.run(Thread.java:748)
Caused by: org.apache.ratis.thirdparty.io.grpc.StatusRuntimeException: UNAVAILABLE: io exception
	at org.apache.ratis.thirdparty.io.grpc.stub.ClientCalls.toStatusRuntimeException(ClientCalls.java:233)
	at org.apache.ratis.thirdparty.io.grpc.stub.ClientCalls.getUnchecked(ClientCalls.java:214)
	at org.apache.ratis.thirdparty.io.grpc.stub.ClientCalls.blockingUnaryCall(ClientCalls.java:139)
	at org.apache.ratis.proto.grpc.RaftServerProtocolServiceGrpc$RaftServerProtocolServiceBlockingStub.requestVote(RaftServerProtocolServiceGrpc.java:265)
	at org.apache.ratis.grpc.server.GrpcServerProtocolClient.requestVote(GrpcServerProtocolClient.java:99)
	at org.apache.ratis.grpc.server.GrpcService.requestVote(GrpcService.java:204)
	at org.apache.ratis.server.impl.LeaderElection.lambda$submitRequests$1(LeaderElection.java:234)
	at java.util.concurrent.FutureTask.run(FutureTask.java:266)
	at java.util.concurrent.Executors$RunnableAdapter.call(Executors.java:511)
	at java.util.concurrent.FutureTask.run(FutureTask.java:266)
	at java.util.concurrent.ThreadPoolExecutor.runWorker(ThreadPoolExecutor.java:1149)
	at java.util.concurrent.ThreadPoolExecutor$Worker.run(ThreadPoolExecutor.java:624)
	... 1 more
Caused by: org.apache.ratis.thirdparty.io.netty.channel.AbstractChannel$AnnotatedConnectException: Connection refused: /192.168.69.67:34429
	at sun.nio.ch.SocketChannelImpl.checkConnect(Native Method)
	at sun.nio.ch.SocketChannelImpl.finishConnect(SocketChannelImpl.java:717)
	at org.apache.ratis.thirdparty.io.netty.channel.socket.nio.NioSocketChannel.doFinishConnect(NioSocketChannel.java:327)
	at org.apache.ratis.thirdparty.io.netty.channel.nio.AbstractNioChannel$AbstractNioUnsafe.finishConnect(AbstractNioChannel.java:340)
	at org.apache.ratis.thirdparty.io.netty.channel.nio.NioEventLoop.processSelectedKey(NioEventLoop.java:632)
	at org.apache.ratis.thirdparty.io.netty.channel.nio.NioEventLoop.processSelectedKeysOptimized(NioEventLoop.java:579)
	at org.apache.ratis.thirdparty.io.netty.channel.nio.NioEventLoop.processSelectedKeys(NioEventLoop.java:496)
	at org.apache.ratis.thirdparty.io.netty.channel.nio.NioEventLoop.run(NioEventLoop.java:458)
	at org.apache.ratis.thirdparty.io.netty.util.concurrent.SingleThreadEventExecutor$5.run(SingleThreadEventExecutor.java:897)
	at org.apache.ratis.thirdparty.io.netty.util.concurrent.FastThreadLocalRunnable.run(FastThreadLocalRunnable.java:30)
	... 1 more
Caused by: java.net.ConnectException: Connection refused
	... 11 more
2019-10-18 07:54:52,412 [grpc-default-executor-0] INFO  impl.RaftServerImpl (RaftServerImpl.java:setRole(184)) - 6fa005cd-25d6-4e29-bda6-9462a060c098@group-BAC069DAEF17: changes role from  FOLLOWER to FOLLOWER at term 415 for recognizeCandidate:4b487190-7547-40c7-b780-43c37a89e8eb
2019-10-18 07:54:52,412 [grpc-default-executor-0] INFO  impl.RoleInfo (RoleInfo.java:shutdownFollowerState(121)) - 6fa005cd-25d6-4e29-bda6-9462a060c098: shutdown FollowerState
2019-10-18 07:54:52,413 [grpc-default-executor-0] INFO  impl.RoleInfo (RoleInfo.java:updateAndGet(143)) - 6fa005cd-25d6-4e29-bda6-9462a060c098: start FollowerState
2019-10-18 07:54:52,413 [Thread-2837] INFO  impl.FollowerState (FollowerState.java:run(117)) - 6fa005cd-25d6-4e29-bda6-9462a060c098@group-BAC069DAEF17-FollowerState was interrupted: java.lang.InterruptedException: sleep interrupted
2019-10-18 07:54:52,426 [4b487190-7547-40c7-b780-43c37a89e8eb@group-BAC069DAEF17-LeaderElection390] INFO  impl.LeaderElection (LeaderElection.java:logAndReturn(56)) - 4b487190-7547-40c7-b780-43c37a89e8eb@group-BAC069DAEF17-LeaderElection390: Election REJECTED; received 1 response(s) [4b487190-7547-40c7-b780-43c37a89e8eb<-6fa005cd-25d6-4e29-bda6-9462a060c098#0:FAIL-t415] and 1 exception(s); 4b487190-7547-40c7-b780-43c37a89e8eb@group-BAC069DAEF17:t415, leader=null, voted=4b487190-7547-40c7-b780-43c37a89e8eb, raftlog=4b487190-7547-40c7-b780-43c37a89e8eb@group-BAC069DAEF17-SegmentedRaftLog:OPENED:c-1,f-1,i0, conf=-1: [6fa005cd-25d6-4e29-bda6-9462a060c098:192.168.69.67:36093, 4b487190-7547-40c7-b780-43c37a89e8eb:192.168.69.67:39683, 3d3aac8b-d4d1-454d-bf0c-88a180692893:192.168.69.67:34429], old=null
2019-10-18 07:54:52,427 [4b487190-7547-40c7-b780-43c37a89e8eb@group-BAC069DAEF17-LeaderElection390] INFO  impl.LeaderElection (LogUtils.java:infoOrTrace(149)) -   Exception 0: {}
java.util.concurrent.ExecutionException: org.apache.ratis.thirdparty.io.grpc.StatusRuntimeException: UNAVAILABLE: io exception
	at java.util.concurrent.FutureTask.report(FutureTask.java:122)
	at java.util.concurrent.FutureTask.get(FutureTask.java:192)
	at org.apache.ratis.server.impl.LeaderElection.waitForResults(LeaderElection.java:259)
	at org.apache.ratis.server.impl.LeaderElection.askForVotes(LeaderElection.java:197)
	at org.apache.ratis.server.impl.LeaderElection.run(LeaderElection.java:133)
	at java.lang.Thread.run(Thread.java:748)
Caused by: org.apache.ratis.thirdparty.io.grpc.StatusRuntimeException: UNAVAILABLE: io exception
	at org.apache.ratis.thirdparty.io.grpc.stub.ClientCalls.toStatusRuntimeException(ClientCalls.java:233)
	at org.apache.ratis.thirdparty.io.grpc.stub.ClientCalls.getUnchecked(ClientCalls.java:214)
	at org.apache.ratis.thirdparty.io.grpc.stub.ClientCalls.blockingUnaryCall(ClientCalls.java:139)
	at org.apache.ratis.proto.grpc.RaftServerProtocolServiceGrpc$RaftServerProtocolServiceBlockingStub.requestVote(RaftServerProtocolServiceGrpc.java:265)
	at org.apache.ratis.grpc.server.GrpcServerProtocolClient.requestVote(GrpcServerProtocolClient.java:99)
	at org.apache.ratis.grpc.server.GrpcService.requestVote(GrpcService.java:204)
	at org.apache.ratis.server.impl.LeaderElection.lambda$submitRequests$1(LeaderElection.java:234)
	at java.util.concurrent.FutureTask.run(FutureTask.java:266)
	at java.util.concurrent.Executors$RunnableAdapter.call(Executors.java:511)
	at java.util.concurrent.FutureTask.run(FutureTask.java:266)
	at java.util.concurrent.ThreadPoolExecutor.runWorker(ThreadPoolExecutor.java:1149)
	at java.util.concurrent.ThreadPoolExecutor$Worker.run(ThreadPoolExecutor.java:624)
	... 1 more
Caused by: org.apache.ratis.thirdparty.io.netty.channel.AbstractChannel$AnnotatedConnectException: Connection refused: /192.168.69.67:34429
	at sun.nio.ch.SocketChannelImpl.checkConnect(Native Method)
	at sun.nio.ch.SocketChannelImpl.finishConnect(SocketChannelImpl.java:717)
	at org.apache.ratis.thirdparty.io.netty.channel.socket.nio.NioSocketChannel.doFinishConnect(NioSocketChannel.java:327)
	at org.apache.ratis.thirdparty.io.netty.channel.nio.AbstractNioChannel$AbstractNioUnsafe.finishConnect(AbstractNioChannel.java:340)
	at org.apache.ratis.thirdparty.io.netty.channel.nio.NioEventLoop.processSelectedKey(NioEventLoop.java:632)
	at org.apache.ratis.thirdparty.io.netty.channel.nio.NioEventLoop.processSelectedKeysOptimized(NioEventLoop.java:579)
	at org.apache.ratis.thirdparty.io.netty.channel.nio.NioEventLoop.processSelectedKeys(NioEventLoop.java:496)
	at org.apache.ratis.thirdparty.io.netty.channel.nio.NioEventLoop.run(NioEventLoop.java:458)
	at org.apache.ratis.thirdparty.io.netty.util.concurrent.SingleThreadEventExecutor$5.run(SingleThreadEventExecutor.java:897)
	at org.apache.ratis.thirdparty.io.netty.util.concurrent.FastThreadLocalRunnable.run(FastThreadLocalRunnable.java:30)
	... 1 more
Caused by: java.net.ConnectException: Connection refused
	... 11 more
2019-10-18 07:54:52,427 [4b487190-7547-40c7-b780-43c37a89e8eb@group-BAC069DAEF17-LeaderElection390] INFO  impl.RaftServerImpl (RaftServerImpl.java:setRole(184)) - 4b487190-7547-40c7-b780-43c37a89e8eb@group-BAC069DAEF17: changes role from CANDIDATE to FOLLOWER at term 415 for DISCOVERED_A_NEW_TERM
2019-10-18 07:54:52,427 [4b487190-7547-40c7-b780-43c37a89e8eb@group-BAC069DAEF17-LeaderElection390] INFO  impl.RoleInfo (RoleInfo.java:shutdownLeaderElection(134)) - 4b487190-7547-40c7-b780-43c37a89e8eb: shutdown LeaderElection
2019-10-18 07:54:52,428 [4b487190-7547-40c7-b780-43c37a89e8eb@group-BAC069DAEF17-LeaderElection390] INFO  impl.RoleInfo (RoleInfo.java:updateAndGet(143)) - 4b487190-7547-40c7-b780-43c37a89e8eb: start FollowerState
2019-10-18 07:54:52,580 [Thread-2843] INFO  impl.FollowerState (FollowerState.java:run(108)) - 4b487190-7547-40c7-b780-43c37a89e8eb@group-BAC069DAEF17-FollowerState: change to CANDIDATE, lastRpcTime:152ms, electionTimeout:152ms
2019-10-18 07:54:52,580 [Thread-2843] INFO  impl.RoleInfo (RoleInfo.java:shutdownFollowerState(121)) - 4b487190-7547-40c7-b780-43c37a89e8eb: shutdown FollowerState
2019-10-18 07:54:52,580 [Thread-2843] INFO  impl.RaftServerImpl (RaftServerImpl.java:setRole(184)) - 4b487190-7547-40c7-b780-43c37a89e8eb@group-BAC069DAEF17: changes role from  FOLLOWER to CANDIDATE at term 415 for changeToCandidate
2019-10-18 07:54:52,581 [Thread-2843] INFO  impl.RoleInfo (RoleInfo.java:updateAndGet(143)) - 4b487190-7547-40c7-b780-43c37a89e8eb: start LeaderElection
2019-10-18 07:54:52,595 [4b487190-7547-40c7-b780-43c37a89e8eb@group-BAC069DAEF17-LeaderElection391] INFO  impl.LeaderElection (LeaderElection.java:askForVotes(178)) - 4b487190-7547-40c7-b780-43c37a89e8eb@group-BAC069DAEF17-LeaderElection391: begin an election at term 416 for -1: [6fa005cd-25d6-4e29-bda6-9462a060c098:192.168.69.67:36093, 4b487190-7547-40c7-b780-43c37a89e8eb:192.168.69.67:39683, 3d3aac8b-d4d1-454d-bf0c-88a180692893:192.168.69.67:34429], old=null
2019-10-18 07:54:52,596 [4b487190-7547-40c7-b780-43c37a89e8eb@group-BAC069DAEF17-LeaderElection391] INFO  impl.LeaderElection (LogUtils.java:infoOrTrace(149)) - 4b487190-7547-40c7-b780-43c37a89e8eb@group-BAC069DAEF17-LeaderElection391 got exception when requesting votes: {}
java.util.concurrent.ExecutionException: org.apache.ratis.thirdparty.io.grpc.StatusRuntimeException: UNAVAILABLE: io exception
	at java.util.concurrent.FutureTask.report(FutureTask.java:122)
	at java.util.concurrent.FutureTask.get(FutureTask.java:192)
	at org.apache.ratis.server.impl.LeaderElection.waitForResults(LeaderElection.java:259)
	at org.apache.ratis.server.impl.LeaderElection.askForVotes(LeaderElection.java:197)
	at org.apache.ratis.server.impl.LeaderElection.run(LeaderElection.java:133)
	at java.lang.Thread.run(Thread.java:748)
Caused by: org.apache.ratis.thirdparty.io.grpc.StatusRuntimeException: UNAVAILABLE: io exception
	at org.apache.ratis.thirdparty.io.grpc.stub.ClientCalls.toStatusRuntimeException(ClientCalls.java:233)
	at org.apache.ratis.thirdparty.io.grpc.stub.ClientCalls.getUnchecked(ClientCalls.java:214)
	at org.apache.ratis.thirdparty.io.grpc.stub.ClientCalls.blockingUnaryCall(ClientCalls.java:139)
	at org.apache.ratis.proto.grpc.RaftServerProtocolServiceGrpc$RaftServerProtocolServiceBlockingStub.requestVote(RaftServerProtocolServiceGrpc.java:265)
	at org.apache.ratis.grpc.server.GrpcServerProtocolClient.requestVote(GrpcServerProtocolClient.java:99)
	at org.apache.ratis.grpc.server.GrpcService.requestVote(GrpcService.java:204)
	at org.apache.ratis.server.impl.LeaderElection.lambda$submitRequests$1(LeaderElection.java:234)
	at java.util.concurrent.FutureTask.run(FutureTask.java:266)
	at java.util.concurrent.Executors$RunnableAdapter.call(Executors.java:511)
	at java.util.concurrent.FutureTask.run(FutureTask.java:266)
	at java.util.concurrent.ThreadPoolExecutor.runWorker(ThreadPoolExecutor.java:1149)
	at java.util.concurrent.ThreadPoolExecutor$Worker.run(ThreadPoolExecutor.java:624)
	... 1 more
Caused by: org.apache.ratis.thirdparty.io.netty.channel.AbstractChannel$AnnotatedConnectException: Connection refused: /192.168.69.67:34429
	at sun.nio.ch.SocketChannelImpl.checkConnect(Native Method)
	at sun.nio.ch.SocketChannelImpl.finishConnect(SocketChannelImpl.java:717)
	at org.apache.ratis.thirdparty.io.netty.channel.socket.nio.NioSocketChannel.doFinishConnect(NioSocketChannel.java:327)
	at org.apache.ratis.thirdparty.io.netty.channel.nio.AbstractNioChannel$AbstractNioUnsafe.finishConnect(AbstractNioChannel.java:340)
	at org.apache.ratis.thirdparty.io.netty.channel.nio.NioEventLoop.processSelectedKey(NioEventLoop.java:632)
	at org.apache.ratis.thirdparty.io.netty.channel.nio.NioEventLoop.processSelectedKeysOptimized(NioEventLoop.java:579)
	at org.apache.ratis.thirdparty.io.netty.channel.nio.NioEventLoop.processSelectedKeys(NioEventLoop.java:496)
	at org.apache.ratis.thirdparty.io.netty.channel.nio.NioEventLoop.run(NioEventLoop.java:458)
	at org.apache.ratis.thirdparty.io.netty.util.concurrent.SingleThreadEventExecutor$5.run(SingleThreadEventExecutor.java:897)
	at org.apache.ratis.thirdparty.io.netty.util.concurrent.FastThreadLocalRunnable.run(FastThreadLocalRunnable.java:30)
	... 1 more
Caused by: java.net.ConnectException: Connection refused
	... 11 more
2019-10-18 07:54:52,602 [grpc-default-executor-0] INFO  impl.RaftServerImpl (RaftServerImpl.java:setRole(184)) - 6fa005cd-25d6-4e29-bda6-9462a060c098@group-BAC069DAEF17: changes role from  FOLLOWER to FOLLOWER at term 416 for recognizeCandidate:4b487190-7547-40c7-b780-43c37a89e8eb
2019-10-18 07:54:52,602 [grpc-default-executor-0] INFO  impl.RoleInfo (RoleInfo.java:shutdownFollowerState(121)) - 6fa005cd-25d6-4e29-bda6-9462a060c098: shutdown FollowerState
2019-10-18 07:54:52,603 [grpc-default-executor-0] INFO  impl.RoleInfo (RoleInfo.java:updateAndGet(143)) - 6fa005cd-25d6-4e29-bda6-9462a060c098: start FollowerState
2019-10-18 07:54:52,603 [Thread-2842] INFO  impl.FollowerState (FollowerState.java:run(117)) - 6fa005cd-25d6-4e29-bda6-9462a060c098@group-BAC069DAEF17-FollowerState was interrupted: java.lang.InterruptedException: sleep interrupted
2019-10-18 07:54:52,616 [4b487190-7547-40c7-b780-43c37a89e8eb@group-BAC069DAEF17-LeaderElection391] INFO  impl.LeaderElection (LeaderElection.java:logAndReturn(56)) - 4b487190-7547-40c7-b780-43c37a89e8eb@group-BAC069DAEF17-LeaderElection391: Election REJECTED; received 1 response(s) [4b487190-7547-40c7-b780-43c37a89e8eb<-6fa005cd-25d6-4e29-bda6-9462a060c098#0:FAIL-t416] and 1 exception(s); 4b487190-7547-40c7-b780-43c37a89e8eb@group-BAC069DAEF17:t416, leader=null, voted=4b487190-7547-40c7-b780-43c37a89e8eb, raftlog=4b487190-7547-40c7-b780-43c37a89e8eb@group-BAC069DAEF17-SegmentedRaftLog:OPENED:c-1,f-1,i0, conf=-1: [6fa005cd-25d6-4e29-bda6-9462a060c098:192.168.69.67:36093, 4b487190-7547-40c7-b780-43c37a89e8eb:192.168.69.67:39683, 3d3aac8b-d4d1-454d-bf0c-88a180692893:192.168.69.67:34429], old=null
2019-10-18 07:54:52,617 [4b487190-7547-40c7-b780-43c37a89e8eb@group-BAC069DAEF17-LeaderElection391] INFO  impl.LeaderElection (LogUtils.java:infoOrTrace(149)) -   Exception 0: {}
java.util.concurrent.ExecutionException: org.apache.ratis.thirdparty.io.grpc.StatusRuntimeException: UNAVAILABLE: io exception
	at java.util.concurrent.FutureTask.report(FutureTask.java:122)
	at java.util.concurrent.FutureTask.get(FutureTask.java:192)
	at org.apache.ratis.server.impl.LeaderElection.waitForResults(LeaderElection.java:259)
	at org.apache.ratis.server.impl.LeaderElection.askForVotes(LeaderElection.java:197)
	at org.apache.ratis.server.impl.LeaderElection.run(LeaderElection.java:133)
	at java.lang.Thread.run(Thread.java:748)
Caused by: org.apache.ratis.thirdparty.io.grpc.StatusRuntimeException: UNAVAILABLE: io exception
	at org.apache.ratis.thirdparty.io.grpc.stub.ClientCalls.toStatusRuntimeException(ClientCalls.java:233)
	at org.apache.ratis.thirdparty.io.grpc.stub.ClientCalls.getUnchecked(ClientCalls.java:214)
	at org.apache.ratis.thirdparty.io.grpc.stub.ClientCalls.blockingUnaryCall(ClientCalls.java:139)
	at org.apache.ratis.proto.grpc.RaftServerProtocolServiceGrpc$RaftServerProtocolServiceBlockingStub.requestVote(RaftServerProtocolServiceGrpc.java:265)
	at org.apache.ratis.grpc.server.GrpcServerProtocolClient.requestVote(GrpcServerProtocolClient.java:99)
	at org.apache.ratis.grpc.server.GrpcService.requestVote(GrpcService.java:204)
	at org.apache.ratis.server.impl.LeaderElection.lambda$submitRequests$1(LeaderElection.java:234)
	at java.util.concurrent.FutureTask.run(FutureTask.java:266)
	at java.util.concurrent.Executors$RunnableAdapter.call(Executors.java:511)
	at java.util.concurrent.FutureTask.run(FutureTask.java:266)
	at java.util.concurrent.ThreadPoolExecutor.runWorker(ThreadPoolExecutor.java:1149)
	at java.util.concurrent.ThreadPoolExecutor$Worker.run(ThreadPoolExecutor.java:624)
	... 1 more
Caused by: org.apache.ratis.thirdparty.io.netty.channel.AbstractChannel$AnnotatedConnectException: Connection refused: /192.168.69.67:34429
	at sun.nio.ch.SocketChannelImpl.checkConnect(Native Method)
	at sun.nio.ch.SocketChannelImpl.finishConnect(SocketChannelImpl.java:717)
	at org.apache.ratis.thirdparty.io.netty.channel.socket.nio.NioSocketChannel.doFinishConnect(NioSocketChannel.java:327)
	at org.apache.ratis.thirdparty.io.netty.channel.nio.AbstractNioChannel$AbstractNioUnsafe.finishConnect(AbstractNioChannel.java:340)
	at org.apache.ratis.thirdparty.io.netty.channel.nio.NioEventLoop.processSelectedKey(NioEventLoop.java:632)
	at org.apache.ratis.thirdparty.io.netty.channel.nio.NioEventLoop.processSelectedKeysOptimized(NioEventLoop.java:579)
	at org.apache.ratis.thirdparty.io.netty.channel.nio.NioEventLoop.processSelectedKeys(NioEventLoop.java:496)
	at org.apache.ratis.thirdparty.io.netty.channel.nio.NioEventLoop.run(NioEventLoop.java:458)
	at org.apache.ratis.thirdparty.io.netty.util.concurrent.SingleThreadEventExecutor$5.run(SingleThreadEventExecutor.java:897)
	at org.apache.ratis.thirdparty.io.netty.util.concurrent.FastThreadLocalRunnable.run(FastThreadLocalRunnable.java:30)
	... 1 more
Caused by: java.net.ConnectException: Connection refused
	... 11 more
2019-10-18 07:54:52,617 [4b487190-7547-40c7-b780-43c37a89e8eb@group-BAC069DAEF17-LeaderElection391] INFO  impl.RaftServerImpl (RaftServerImpl.java:setRole(184)) - 4b487190-7547-40c7-b780-43c37a89e8eb@group-BAC069DAEF17: changes role from CANDIDATE to FOLLOWER at term 416 for DISCOVERED_A_NEW_TERM
2019-10-18 07:54:52,617 [4b487190-7547-40c7-b780-43c37a89e8eb@group-BAC069DAEF17-LeaderElection391] INFO  impl.RoleInfo (RoleInfo.java:shutdownLeaderElection(134)) - 4b487190-7547-40c7-b780-43c37a89e8eb: shutdown LeaderElection
2019-10-18 07:54:52,617 [4b487190-7547-40c7-b780-43c37a89e8eb@group-BAC069DAEF17-LeaderElection391] INFO  impl.RoleInfo (RoleInfo.java:updateAndGet(143)) - 4b487190-7547-40c7-b780-43c37a89e8eb: start FollowerState
2019-10-18 07:54:52,676 [Thread-2848] INFO  impl.FollowerState (FollowerState.java:run(108)) - 4b487190-7547-40c7-b780-43c37a89e8eb@group-BAC069DAEF17-FollowerState: change to CANDIDATE, lastRpcTime:58ms, electionTimeout:58ms
2019-10-18 07:54:52,676 [Thread-2848] INFO  impl.RoleInfo (RoleInfo.java:shutdownFollowerState(121)) - 4b487190-7547-40c7-b780-43c37a89e8eb: shutdown FollowerState
2019-10-18 07:54:52,676 [Thread-2848] INFO  impl.RaftServerImpl (RaftServerImpl.java:setRole(184)) - 4b487190-7547-40c7-b780-43c37a89e8eb@group-BAC069DAEF17: changes role from  FOLLOWER to CANDIDATE at term 416 for changeToCandidate
2019-10-18 07:54:52,676 [Thread-2848] INFO  impl.RoleInfo (RoleInfo.java:updateAndGet(143)) - 4b487190-7547-40c7-b780-43c37a89e8eb: start LeaderElection
2019-10-18 07:54:52,689 [4b487190-7547-40c7-b780-43c37a89e8eb@group-BAC069DAEF17-LeaderElection392] INFO  impl.LeaderElection (LeaderElection.java:askForVotes(178)) - 4b487190-7547-40c7-b780-43c37a89e8eb@group-BAC069DAEF17-LeaderElection392: begin an election at term 417 for -1: [6fa005cd-25d6-4e29-bda6-9462a060c098:192.168.69.67:36093, 4b487190-7547-40c7-b780-43c37a89e8eb:192.168.69.67:39683, 3d3aac8b-d4d1-454d-bf0c-88a180692893:192.168.69.67:34429], old=null
2019-10-18 07:54:52,690 [4b487190-7547-40c7-b780-43c37a89e8eb@group-BAC069DAEF17-LeaderElection392] INFO  impl.LeaderElection (LogUtils.java:infoOrTrace(149)) - 4b487190-7547-40c7-b780-43c37a89e8eb@group-BAC069DAEF17-LeaderElection392 got exception when requesting votes: {}
java.util.concurrent.ExecutionException: org.apache.ratis.thirdparty.io.grpc.StatusRuntimeException: UNAVAILABLE: io exception
	at java.util.concurrent.FutureTask.report(FutureTask.java:122)
	at java.util.concurrent.FutureTask.get(FutureTask.java:192)
	at org.apache.ratis.server.impl.LeaderElection.waitForResults(LeaderElection.java:259)
	at org.apache.ratis.server.impl.LeaderElection.askForVotes(LeaderElection.java:197)
	at org.apache.ratis.server.impl.LeaderElection.run(LeaderElection.java:133)
	at java.lang.Thread.run(Thread.java:748)
Caused by: org.apache.ratis.thirdparty.io.grpc.StatusRuntimeException: UNAVAILABLE: io exception
	at org.apache.ratis.thirdparty.io.grpc.stub.ClientCalls.toStatusRuntimeException(ClientCalls.java:233)
	at org.apache.ratis.thirdparty.io.grpc.stub.ClientCalls.getUnchecked(ClientCalls.java:214)
	at org.apache.ratis.thirdparty.io.grpc.stub.ClientCalls.blockingUnaryCall(ClientCalls.java:139)
	at org.apache.ratis.proto.grpc.RaftServerProtocolServiceGrpc$RaftServerProtocolServiceBlockingStub.requestVote(RaftServerProtocolServiceGrpc.java:265)
	at org.apache.ratis.grpc.server.GrpcServerProtocolClient.requestVote(GrpcServerProtocolClient.java:99)
	at org.apache.ratis.grpc.server.GrpcService.requestVote(GrpcService.java:204)
	at org.apache.ratis.server.impl.LeaderElection.lambda$submitRequests$1(LeaderElection.java:234)
	at java.util.concurrent.FutureTask.run(FutureTask.java:266)
	at java.util.concurrent.Executors$RunnableAdapter.call(Executors.java:511)
	at java.util.concurrent.FutureTask.run(FutureTask.java:266)
	at java.util.concurrent.ThreadPoolExecutor.runWorker(ThreadPoolExecutor.java:1149)
	at java.util.concurrent.ThreadPoolExecutor$Worker.run(ThreadPoolExecutor.java:624)
	... 1 more
Caused by: org.apache.ratis.thirdparty.io.netty.channel.AbstractChannel$AnnotatedConnectException: Connection refused: /192.168.69.67:34429
	at sun.nio.ch.SocketChannelImpl.checkConnect(Native Method)
	at sun.nio.ch.SocketChannelImpl.finishConnect(SocketChannelImpl.java:717)
	at org.apache.ratis.thirdparty.io.netty.channel.socket.nio.NioSocketChannel.doFinishConnect(NioSocketChannel.java:327)
	at org.apache.ratis.thirdparty.io.netty.channel.nio.AbstractNioChannel$AbstractNioUnsafe.finishConnect(AbstractNioChannel.java:340)
	at org.apache.ratis.thirdparty.io.netty.channel.nio.NioEventLoop.processSelectedKey(NioEventLoop.java:632)
	at org.apache.ratis.thirdparty.io.netty.channel.nio.NioEventLoop.processSelectedKeysOptimized(NioEventLoop.java:579)
	at org.apache.ratis.thirdparty.io.netty.channel.nio.NioEventLoop.processSelectedKeys(NioEventLoop.java:496)
	at org.apache.ratis.thirdparty.io.netty.channel.nio.NioEventLoop.run(NioEventLoop.java:458)
	at org.apache.ratis.thirdparty.io.netty.util.concurrent.SingleThreadEventExecutor$5.run(SingleThreadEventExecutor.java:897)
	at org.apache.ratis.thirdparty.io.netty.util.concurrent.FastThreadLocalRunnable.run(FastThreadLocalRunnable.java:30)
	... 1 more
Caused by: java.net.ConnectException: Connection refused
	... 11 more
2019-10-18 07:54:52,693 [grpc-default-executor-0] INFO  impl.RaftServerImpl (RaftServerImpl.java:setRole(184)) - 6fa005cd-25d6-4e29-bda6-9462a060c098@group-BAC069DAEF17: changes role from  FOLLOWER to FOLLOWER at term 417 for recognizeCandidate:4b487190-7547-40c7-b780-43c37a89e8eb
2019-10-18 07:54:52,693 [grpc-default-executor-0] INFO  impl.RoleInfo (RoleInfo.java:shutdownFollowerState(121)) - 6fa005cd-25d6-4e29-bda6-9462a060c098: shutdown FollowerState
2019-10-18 07:54:52,693 [grpc-default-executor-0] INFO  impl.RoleInfo (RoleInfo.java:updateAndGet(143)) - 6fa005cd-25d6-4e29-bda6-9462a060c098: start FollowerState
2019-10-18 07:54:52,693 [Thread-2847] INFO  impl.FollowerState (FollowerState.java:run(117)) - 6fa005cd-25d6-4e29-bda6-9462a060c098@group-BAC069DAEF17-FollowerState was interrupted: java.lang.InterruptedException: sleep interrupted
2019-10-18 07:54:52,716 [4b487190-7547-40c7-b780-43c37a89e8eb@group-BAC069DAEF17-LeaderElection392] INFO  impl.LeaderElection (LeaderElection.java:logAndReturn(56)) - 4b487190-7547-40c7-b780-43c37a89e8eb@group-BAC069DAEF17-LeaderElection392: Election REJECTED; received 1 response(s) [4b487190-7547-40c7-b780-43c37a89e8eb<-6fa005cd-25d6-4e29-bda6-9462a060c098#0:FAIL-t417] and 1 exception(s); 4b487190-7547-40c7-b780-43c37a89e8eb@group-BAC069DAEF17:t417, leader=null, voted=4b487190-7547-40c7-b780-43c37a89e8eb, raftlog=4b487190-7547-40c7-b780-43c37a89e8eb@group-BAC069DAEF17-SegmentedRaftLog:OPENED:c-1,f-1,i0, conf=-1: [6fa005cd-25d6-4e29-bda6-9462a060c098:192.168.69.67:36093, 4b487190-7547-40c7-b780-43c37a89e8eb:192.168.69.67:39683, 3d3aac8b-d4d1-454d-bf0c-88a180692893:192.168.69.67:34429], old=null
2019-10-18 07:54:52,716 [4b487190-7547-40c7-b780-43c37a89e8eb@group-BAC069DAEF17-LeaderElection392] INFO  impl.LeaderElection (LogUtils.java:infoOrTrace(149)) -   Exception 0: {}
java.util.concurrent.ExecutionException: org.apache.ratis.thirdparty.io.grpc.StatusRuntimeException: UNAVAILABLE: io exception
	at java.util.concurrent.FutureTask.report(FutureTask.java:122)
	at java.util.concurrent.FutureTask.get(FutureTask.java:192)
	at org.apache.ratis.server.impl.LeaderElection.waitForResults(LeaderElection.java:259)
	at org.apache.ratis.server.impl.LeaderElection.askForVotes(LeaderElection.java:197)
	at org.apache.ratis.server.impl.LeaderElection.run(LeaderElection.java:133)
	at java.lang.Thread.run(Thread.java:748)
Caused by: org.apache.ratis.thirdparty.io.grpc.StatusRuntimeException: UNAVAILABLE: io exception
	at org.apache.ratis.thirdparty.io.grpc.stub.ClientCalls.toStatusRuntimeException(ClientCalls.java:233)
	at org.apache.ratis.thirdparty.io.grpc.stub.ClientCalls.getUnchecked(ClientCalls.java:214)
	at org.apache.ratis.thirdparty.io.grpc.stub.ClientCalls.blockingUnaryCall(ClientCalls.java:139)
	at org.apache.ratis.proto.grpc.RaftServerProtocolServiceGrpc$RaftServerProtocolServiceBlockingStub.requestVote(RaftServerProtocolServiceGrpc.java:265)
	at org.apache.ratis.grpc.server.GrpcServerProtocolClient.requestVote(GrpcServerProtocolClient.java:99)
	at org.apache.ratis.grpc.server.GrpcService.requestVote(GrpcService.java:204)
	at org.apache.ratis.server.impl.LeaderElection.lambda$submitRequests$1(LeaderElection.java:234)
	at java.util.concurrent.FutureTask.run(FutureTask.java:266)
	at java.util.concurrent.Executors$RunnableAdapter.call(Executors.java:511)
	at java.util.concurrent.FutureTask.run(FutureTask.java:266)
	at java.util.concurrent.ThreadPoolExecutor.runWorker(ThreadPoolExecutor.java:1149)
	at java.util.concurrent.ThreadPoolExecutor$Worker.run(ThreadPoolExecutor.java:624)
	... 1 more
Caused by: org.apache.ratis.thirdparty.io.netty.channel.AbstractChannel$AnnotatedConnectException: Connection refused: /192.168.69.67:34429
	at sun.nio.ch.SocketChannelImpl.checkConnect(Native Method)
	at sun.nio.ch.SocketChannelImpl.finishConnect(SocketChannelImpl.java:717)
	at org.apache.ratis.thirdparty.io.netty.channel.socket.nio.NioSocketChannel.doFinishConnect(NioSocketChannel.java:327)
	at org.apache.ratis.thirdparty.io.netty.channel.nio.AbstractNioChannel$AbstractNioUnsafe.finishConnect(AbstractNioChannel.java:340)
	at org.apache.ratis.thirdparty.io.netty.channel.nio.NioEventLoop.processSelectedKey(NioEventLoop.java:632)
	at org.apache.ratis.thirdparty.io.netty.channel.nio.NioEventLoop.processSelectedKeysOptimized(NioEventLoop.java:579)
	at org.apache.ratis.thirdparty.io.netty.channel.nio.NioEventLoop.processSelectedKeys(NioEventLoop.java:496)
	at org.apache.ratis.thirdparty.io.netty.channel.nio.NioEventLoop.run(NioEventLoop.java:458)
	at org.apache.ratis.thirdparty.io.netty.util.concurrent.SingleThreadEventExecutor$5.run(SingleThreadEventExecutor.java:897)
	at org.apache.ratis.thirdparty.io.netty.util.concurrent.FastThreadLocalRunnable.run(FastThreadLocalRunnable.java:30)
	... 1 more
Caused by: java.net.ConnectException: Connection refused
	... 11 more
2019-10-18 07:54:52,716 [4b487190-7547-40c7-b780-43c37a89e8eb@group-BAC069DAEF17-LeaderElection392] INFO  impl.RaftServerImpl (RaftServerImpl.java:setRole(184)) - 4b487190-7547-40c7-b780-43c37a89e8eb@group-BAC069DAEF17: changes role from CANDIDATE to FOLLOWER at term 417 for DISCOVERED_A_NEW_TERM
2019-10-18 07:54:52,717 [4b487190-7547-40c7-b780-43c37a89e8eb@group-BAC069DAEF17-LeaderElection392] INFO  impl.RoleInfo (RoleInfo.java:shutdownLeaderElection(134)) - 4b487190-7547-40c7-b780-43c37a89e8eb: shutdown LeaderElection
2019-10-18 07:54:52,717 [4b487190-7547-40c7-b780-43c37a89e8eb@group-BAC069DAEF17-LeaderElection392] INFO  impl.RoleInfo (RoleInfo.java:updateAndGet(143)) - 4b487190-7547-40c7-b780-43c37a89e8eb: start FollowerState
2019-10-18 07:54:52,825 [Thread-2853] INFO  impl.FollowerState (FollowerState.java:run(108)) - 4b487190-7547-40c7-b780-43c37a89e8eb@group-BAC069DAEF17-FollowerState: change to CANDIDATE, lastRpcTime:108ms, electionTimeout:108ms
2019-10-18 07:54:52,825 [Thread-2853] INFO  impl.RoleInfo (RoleInfo.java:shutdownFollowerState(121)) - 4b487190-7547-40c7-b780-43c37a89e8eb: shutdown FollowerState
2019-10-18 07:54:52,826 [Thread-2853] INFO  impl.RaftServerImpl (RaftServerImpl.java:setRole(184)) - 4b487190-7547-40c7-b780-43c37a89e8eb@group-BAC069DAEF17: changes role from  FOLLOWER to CANDIDATE at term 417 for changeToCandidate
2019-10-18 07:54:52,826 [Thread-2853] INFO  impl.RoleInfo (RoleInfo.java:updateAndGet(143)) - 4b487190-7547-40c7-b780-43c37a89e8eb: start LeaderElection
2019-10-18 07:54:52,839 [4b487190-7547-40c7-b780-43c37a89e8eb@group-BAC069DAEF17-LeaderElection393] INFO  impl.LeaderElection (LeaderElection.java:askForVotes(178)) - 4b487190-7547-40c7-b780-43c37a89e8eb@group-BAC069DAEF17-LeaderElection393: begin an election at term 418 for -1: [6fa005cd-25d6-4e29-bda6-9462a060c098:192.168.69.67:36093, 4b487190-7547-40c7-b780-43c37a89e8eb:192.168.69.67:39683, 3d3aac8b-d4d1-454d-bf0c-88a180692893:192.168.69.67:34429], old=null
2019-10-18 07:54:52,840 [4b487190-7547-40c7-b780-43c37a89e8eb@group-BAC069DAEF17-LeaderElection393] INFO  impl.LeaderElection (LogUtils.java:infoOrTrace(149)) - 4b487190-7547-40c7-b780-43c37a89e8eb@group-BAC069DAEF17-LeaderElection393 got exception when requesting votes: {}
java.util.concurrent.ExecutionException: org.apache.ratis.thirdparty.io.grpc.StatusRuntimeException: UNAVAILABLE: io exception
	at java.util.concurrent.FutureTask.report(FutureTask.java:122)
	at java.util.concurrent.FutureTask.get(FutureTask.java:192)
	at org.apache.ratis.server.impl.LeaderElection.waitForResults(LeaderElection.java:259)
	at org.apache.ratis.server.impl.LeaderElection.askForVotes(LeaderElection.java:197)
	at org.apache.ratis.server.impl.LeaderElection.run(LeaderElection.java:133)
	at java.lang.Thread.run(Thread.java:748)
Caused by: org.apache.ratis.thirdparty.io.grpc.StatusRuntimeException: UNAVAILABLE: io exception
	at org.apache.ratis.thirdparty.io.grpc.stub.ClientCalls.toStatusRuntimeException(ClientCalls.java:233)
	at org.apache.ratis.thirdparty.io.grpc.stub.ClientCalls.getUnchecked(ClientCalls.java:214)
	at org.apache.ratis.thirdparty.io.grpc.stub.ClientCalls.blockingUnaryCall(ClientCalls.java:139)
	at org.apache.ratis.proto.grpc.RaftServerProtocolServiceGrpc$RaftServerProtocolServiceBlockingStub.requestVote(RaftServerProtocolServiceGrpc.java:265)
	at org.apache.ratis.grpc.server.GrpcServerProtocolClient.requestVote(GrpcServerProtocolClient.java:99)
	at org.apache.ratis.grpc.server.GrpcService.requestVote(GrpcService.java:204)
	at org.apache.ratis.server.impl.LeaderElection.lambda$submitRequests$1(LeaderElection.java:234)
	at java.util.concurrent.FutureTask.run(FutureTask.java:266)
	at java.util.concurrent.Executors$RunnableAdapter.call(Executors.java:511)
	at java.util.concurrent.FutureTask.run(FutureTask.java:266)
	at java.util.concurrent.ThreadPoolExecutor.runWorker(ThreadPoolExecutor.java:1149)
	at java.util.concurrent.ThreadPoolExecutor$Worker.run(ThreadPoolExecutor.java:624)
	... 1 more
Caused by: org.apache.ratis.thirdparty.io.netty.channel.AbstractChannel$AnnotatedConnectException: Connection refused: /192.168.69.67:34429
	at sun.nio.ch.SocketChannelImpl.checkConnect(Native Method)
	at sun.nio.ch.SocketChannelImpl.finishConnect(SocketChannelImpl.java:717)
	at org.apache.ratis.thirdparty.io.netty.channel.socket.nio.NioSocketChannel.doFinishConnect(NioSocketChannel.java:327)
	at org.apache.ratis.thirdparty.io.netty.channel.nio.AbstractNioChannel$AbstractNioUnsafe.finishConnect(AbstractNioChannel.java:340)
	at org.apache.ratis.thirdparty.io.netty.channel.nio.NioEventLoop.processSelectedKey(NioEventLoop.java:632)
	at org.apache.ratis.thirdparty.io.netty.channel.nio.NioEventLoop.processSelectedKeysOptimized(NioEventLoop.java:579)
	at org.apache.ratis.thirdparty.io.netty.channel.nio.NioEventLoop.processSelectedKeys(NioEventLoop.java:496)
	at org.apache.ratis.thirdparty.io.netty.channel.nio.NioEventLoop.run(NioEventLoop.java:458)
	at org.apache.ratis.thirdparty.io.netty.util.concurrent.SingleThreadEventExecutor$5.run(SingleThreadEventExecutor.java:897)
	at org.apache.ratis.thirdparty.io.netty.util.concurrent.FastThreadLocalRunnable.run(FastThreadLocalRunnable.java:30)
	... 1 more
Caused by: java.net.ConnectException: Connection refused
	... 11 more
2019-10-18 07:54:52,847 [4b487190-7547-40c7-b780-43c37a89e8eb@group-BAC069DAEF17-LeaderElection393] INFO  impl.LeaderElection (LeaderElection.java:logAndReturn(56)) - 4b487190-7547-40c7-b780-43c37a89e8eb@group-BAC069DAEF17-LeaderElection393: Election TIMEOUT; received 0 response(s) [] and 1 exception(s); 4b487190-7547-40c7-b780-43c37a89e8eb@group-BAC069DAEF17:t418, leader=null, voted=4b487190-7547-40c7-b780-43c37a89e8eb, raftlog=4b487190-7547-40c7-b780-43c37a89e8eb@group-BAC069DAEF17-SegmentedRaftLog:OPENED:c-1,f-1,i0, conf=-1: [6fa005cd-25d6-4e29-bda6-9462a060c098:192.168.69.67:36093, 4b487190-7547-40c7-b780-43c37a89e8eb:192.168.69.67:39683, 3d3aac8b-d4d1-454d-bf0c-88a180692893:192.168.69.67:34429], old=null
2019-10-18 07:54:52,847 [4b487190-7547-40c7-b780-43c37a89e8eb@group-BAC069DAEF17-LeaderElection393] INFO  impl.LeaderElection (LogUtils.java:infoOrTrace(149)) -   Exception 0: {}
java.util.concurrent.ExecutionException: org.apache.ratis.thirdparty.io.grpc.StatusRuntimeException: UNAVAILABLE: io exception
	at java.util.concurrent.FutureTask.report(FutureTask.java:122)
	at java.util.concurrent.FutureTask.get(FutureTask.java:192)
	at org.apache.ratis.server.impl.LeaderElection.waitForResults(LeaderElection.java:259)
	at org.apache.ratis.server.impl.LeaderElection.askForVotes(LeaderElection.java:197)
	at org.apache.ratis.server.impl.LeaderElection.run(LeaderElection.java:133)
	at java.lang.Thread.run(Thread.java:748)
Caused by: org.apache.ratis.thirdparty.io.grpc.StatusRuntimeException: UNAVAILABLE: io exception
	at org.apache.ratis.thirdparty.io.grpc.stub.ClientCalls.toStatusRuntimeException(ClientCalls.java:233)
	at org.apache.ratis.thirdparty.io.grpc.stub.ClientCalls.getUnchecked(ClientCalls.java:214)
	at org.apache.ratis.thirdparty.io.grpc.stub.ClientCalls.blockingUnaryCall(ClientCalls.java:139)
	at org.apache.ratis.proto.grpc.RaftServerProtocolServiceGrpc$RaftServerProtocolServiceBlockingStub.requestVote(RaftServerProtocolServiceGrpc.java:265)
	at org.apache.ratis.grpc.server.GrpcServerProtocolClient.requestVote(GrpcServerProtocolClient.java:99)
	at org.apache.ratis.grpc.server.GrpcService.requestVote(GrpcService.java:204)
	at org.apache.ratis.server.impl.LeaderElection.lambda$submitRequests$1(LeaderElection.java:234)
	at java.util.concurrent.FutureTask.run(FutureTask.java:266)
	at java.util.concurrent.Executors$RunnableAdapter.call(Executors.java:511)
	at java.util.concurrent.FutureTask.run(FutureTask.java:266)
	at java.util.concurrent.ThreadPoolExecutor.runWorker(ThreadPoolExecutor.java:1149)
	at java.util.concurrent.ThreadPoolExecutor$Worker.run(ThreadPoolExecutor.java:624)
	... 1 more
Caused by: org.apache.ratis.thirdparty.io.netty.channel.AbstractChannel$AnnotatedConnectException: Connection refused: /192.168.69.67:34429
	at sun.nio.ch.SocketChannelImpl.checkConnect(Native Method)
	at sun.nio.ch.SocketChannelImpl.finishConnect(SocketChannelImpl.java:717)
	at org.apache.ratis.thirdparty.io.netty.channel.socket.nio.NioSocketChannel.doFinishConnect(NioSocketChannel.java:327)
	at org.apache.ratis.thirdparty.io.netty.channel.nio.AbstractNioChannel$AbstractNioUnsafe.finishConnect(AbstractNioChannel.java:340)
	at org.apache.ratis.thirdparty.io.netty.channel.nio.NioEventLoop.processSelectedKey(NioEventLoop.java:632)
	at org.apache.ratis.thirdparty.io.netty.channel.nio.NioEventLoop.processSelectedKeysOptimized(NioEventLoop.java:579)
	at org.apache.ratis.thirdparty.io.netty.channel.nio.NioEventLoop.processSelectedKeys(NioEventLoop.java:496)
	at org.apache.ratis.thirdparty.io.netty.channel.nio.NioEventLoop.run(NioEventLoop.java:458)
	at org.apache.ratis.thirdparty.io.netty.util.concurrent.SingleThreadEventExecutor$5.run(SingleThreadEventExecutor.java:897)
	at org.apache.ratis.thirdparty.io.netty.util.concurrent.FastThreadLocalRunnable.run(FastThreadLocalRunnable.java:30)
	... 1 more
Caused by: java.net.ConnectException: Connection refused
	... 11 more
2019-10-18 07:54:52,847 [grpc-default-executor-0] INFO  impl.RaftServerImpl (RaftServerImpl.java:setRole(184)) - 6fa005cd-25d6-4e29-bda6-9462a060c098@group-BAC069DAEF17: changes role from  FOLLOWER to FOLLOWER at term 418 for recognizeCandidate:4b487190-7547-40c7-b780-43c37a89e8eb
2019-10-18 07:54:52,847 [grpc-default-executor-0] INFO  impl.RoleInfo (RoleInfo.java:shutdownFollowerState(121)) - 6fa005cd-25d6-4e29-bda6-9462a060c098: shutdown FollowerState
2019-10-18 07:54:52,847 [grpc-default-executor-0] INFO  impl.RoleInfo (RoleInfo.java:updateAndGet(143)) - 6fa005cd-25d6-4e29-bda6-9462a060c098: start FollowerState
2019-10-18 07:54:52,848 [Thread-2852] INFO  impl.FollowerState (FollowerState.java:run(117)) - 6fa005cd-25d6-4e29-bda6-9462a060c098@group-BAC069DAEF17-FollowerState was interrupted: java.lang.InterruptedException: sleep interrupted
2019-10-18 07:54:52,866 [4b487190-7547-40c7-b780-43c37a89e8eb@group-BAC069DAEF17-LeaderElection393] INFO  impl.LeaderElection (LeaderElection.java:askForVotes(178)) - 4b487190-7547-40c7-b780-43c37a89e8eb@group-BAC069DAEF17-LeaderElection393: begin an election at term 419 for -1: [6fa005cd-25d6-4e29-bda6-9462a060c098:192.168.69.67:36093, 4b487190-7547-40c7-b780-43c37a89e8eb:192.168.69.67:39683, 3d3aac8b-d4d1-454d-bf0c-88a180692893:192.168.69.67:34429], old=null
2019-10-18 07:54:52,867 [4b487190-7547-40c7-b780-43c37a89e8eb@group-BAC069DAEF17-LeaderElection393] INFO  impl.LeaderElection (LogUtils.java:infoOrTrace(149)) - 4b487190-7547-40c7-b780-43c37a89e8eb@group-BAC069DAEF17-LeaderElection393 got exception when requesting votes: {}
java.util.concurrent.ExecutionException: org.apache.ratis.thirdparty.io.grpc.StatusRuntimeException: UNAVAILABLE: io exception
	at java.util.concurrent.FutureTask.report(FutureTask.java:122)
	at java.util.concurrent.FutureTask.get(FutureTask.java:192)
	at org.apache.ratis.server.impl.LeaderElection.waitForResults(LeaderElection.java:259)
	at org.apache.ratis.server.impl.LeaderElection.askForVotes(LeaderElection.java:197)
	at org.apache.ratis.server.impl.LeaderElection.run(LeaderElection.java:133)
	at java.lang.Thread.run(Thread.java:748)
Caused by: org.apache.ratis.thirdparty.io.grpc.StatusRuntimeException: UNAVAILABLE: io exception
	at org.apache.ratis.thirdparty.io.grpc.stub.ClientCalls.toStatusRuntimeException(ClientCalls.java:233)
	at org.apache.ratis.thirdparty.io.grpc.stub.ClientCalls.getUnchecked(ClientCalls.java:214)
	at org.apache.ratis.thirdparty.io.grpc.stub.ClientCalls.blockingUnaryCall(ClientCalls.java:139)
	at org.apache.ratis.proto.grpc.RaftServerProtocolServiceGrpc$RaftServerProtocolServiceBlockingStub.requestVote(RaftServerProtocolServiceGrpc.java:265)
	at org.apache.ratis.grpc.server.GrpcServerProtocolClient.requestVote(GrpcServerProtocolClient.java:99)
	at org.apache.ratis.grpc.server.GrpcService.requestVote(GrpcService.java:204)
	at org.apache.ratis.server.impl.LeaderElection.lambda$submitRequests$1(LeaderElection.java:234)
	at java.util.concurrent.FutureTask.run(FutureTask.java:266)
	at java.util.concurrent.Executors$RunnableAdapter.call(Executors.java:511)
	at java.util.concurrent.FutureTask.run(FutureTask.java:266)
	at java.util.concurrent.ThreadPoolExecutor.runWorker(ThreadPoolExecutor.java:1149)
	at java.util.concurrent.ThreadPoolExecutor$Worker.run(ThreadPoolExecutor.java:624)
	... 1 more
Caused by: org.apache.ratis.thirdparty.io.netty.channel.AbstractChannel$AnnotatedConnectException: Connection refused: /192.168.69.67:34429
	at sun.nio.ch.SocketChannelImpl.checkConnect(Native Method)
	at sun.nio.ch.SocketChannelImpl.finishConnect(SocketChannelImpl.java:717)
	at org.apache.ratis.thirdparty.io.netty.channel.socket.nio.NioSocketChannel.doFinishConnect(NioSocketChannel.java:327)
	at org.apache.ratis.thirdparty.io.netty.channel.nio.AbstractNioChannel$AbstractNioUnsafe.finishConnect(AbstractNioChannel.java:340)
	at org.apache.ratis.thirdparty.io.netty.channel.nio.NioEventLoop.processSelectedKey(NioEventLoop.java:632)
	at org.apache.ratis.thirdparty.io.netty.channel.nio.NioEventLoop.processSelectedKeysOptimized(NioEventLoop.java:579)
	at org.apache.ratis.thirdparty.io.netty.channel.nio.NioEventLoop.processSelectedKeys(NioEventLoop.java:496)
	at org.apache.ratis.thirdparty.io.netty.channel.nio.NioEventLoop.run(NioEventLoop.java:458)
	at org.apache.ratis.thirdparty.io.netty.util.concurrent.SingleThreadEventExecutor$5.run(SingleThreadEventExecutor.java:897)
	at org.apache.ratis.thirdparty.io.netty.util.concurrent.FastThreadLocalRunnable.run(FastThreadLocalRunnable.java:30)
	... 1 more
Caused by: java.net.ConnectException: Connection refused
	... 11 more
2019-10-18 07:54:52,868 [grpc-default-executor-0] INFO  impl.RaftServerImpl (RaftServerImpl.java:setRole(184)) - 6fa005cd-25d6-4e29-bda6-9462a060c098@group-BAC069DAEF17: changes role from  FOLLOWER to FOLLOWER at term 419 for recognizeCandidate:4b487190-7547-40c7-b780-43c37a89e8eb
2019-10-18 07:54:52,868 [grpc-default-executor-0] INFO  impl.RoleInfo (RoleInfo.java:shutdownFollowerState(121)) - 6fa005cd-25d6-4e29-bda6-9462a060c098: shutdown FollowerState
2019-10-18 07:54:52,869 [grpc-default-executor-0] INFO  impl.RoleInfo (RoleInfo.java:updateAndGet(143)) - 6fa005cd-25d6-4e29-bda6-9462a060c098: start FollowerState
2019-10-18 07:54:52,869 [Thread-2857] INFO  impl.FollowerState (FollowerState.java:run(117)) - 6fa005cd-25d6-4e29-bda6-9462a060c098@group-BAC069DAEF17-FollowerState was interrupted: java.lang.InterruptedException: sleep interrupted
2019-10-18 07:54:52,894 [4b487190-7547-40c7-b780-43c37a89e8eb@group-BAC069DAEF17-LeaderElection393] INFO  impl.LeaderElection (LeaderElection.java:logAndReturn(56)) - 4b487190-7547-40c7-b780-43c37a89e8eb@group-BAC069DAEF17-LeaderElection393: Election REJECTED; received 1 response(s) [4b487190-7547-40c7-b780-43c37a89e8eb<-6fa005cd-25d6-4e29-bda6-9462a060c098#0:FAIL-t419] and 1 exception(s); 4b487190-7547-40c7-b780-43c37a89e8eb@group-BAC069DAEF17:t419, leader=null, voted=4b487190-7547-40c7-b780-43c37a89e8eb, raftlog=4b487190-7547-40c7-b780-43c37a89e8eb@group-BAC069DAEF17-SegmentedRaftLog:OPENED:c-1,f-1,i0, conf=-1: [6fa005cd-25d6-4e29-bda6-9462a060c098:192.168.69.67:36093, 4b487190-7547-40c7-b780-43c37a89e8eb:192.168.69.67:39683, 3d3aac8b-d4d1-454d-bf0c-88a180692893:192.168.69.67:34429], old=null
2019-10-18 07:54:52,894 [4b487190-7547-40c7-b780-43c37a89e8eb@group-BAC069DAEF17-LeaderElection393] INFO  impl.LeaderElection (LogUtils.java:infoOrTrace(149)) -   Exception 0: {}
java.util.concurrent.ExecutionException: org.apache.ratis.thirdparty.io.grpc.StatusRuntimeException: UNAVAILABLE: io exception
	at java.util.concurrent.FutureTask.report(FutureTask.java:122)
	at java.util.concurrent.FutureTask.get(FutureTask.java:192)
	at org.apache.ratis.server.impl.LeaderElection.waitForResults(LeaderElection.java:259)
	at org.apache.ratis.server.impl.LeaderElection.askForVotes(LeaderElection.java:197)
	at org.apache.ratis.server.impl.LeaderElection.run(LeaderElection.java:133)
	at java.lang.Thread.run(Thread.java:748)
Caused by: org.apache.ratis.thirdparty.io.grpc.StatusRuntimeException: UNAVAILABLE: io exception
	at org.apache.ratis.thirdparty.io.grpc.stub.ClientCalls.toStatusRuntimeException(ClientCalls.java:233)
	at org.apache.ratis.thirdparty.io.grpc.stub.ClientCalls.getUnchecked(ClientCalls.java:214)
	at org.apache.ratis.thirdparty.io.grpc.stub.ClientCalls.blockingUnaryCall(ClientCalls.java:139)
	at org.apache.ratis.proto.grpc.RaftServerProtocolServiceGrpc$RaftServerProtocolServiceBlockingStub.requestVote(RaftServerProtocolServiceGrpc.java:265)
	at org.apache.ratis.grpc.server.GrpcServerProtocolClient.requestVote(GrpcServerProtocolClient.java:99)
	at org.apache.ratis.grpc.server.GrpcService.requestVote(GrpcService.java:204)
	at org.apache.ratis.server.impl.LeaderElection.lambda$submitRequests$1(LeaderElection.java:234)
	at java.util.concurrent.FutureTask.run(FutureTask.java:266)
	at java.util.concurrent.Executors$RunnableAdapter.call(Executors.java:511)
	at java.util.concurrent.FutureTask.run(FutureTask.java:266)
	at java.util.concurrent.ThreadPoolExecutor.runWorker(ThreadPoolExecutor.java:1149)
	at java.util.concurrent.ThreadPoolExecutor$Worker.run(ThreadPoolExecutor.java:624)
	... 1 more
Caused by: org.apache.ratis.thirdparty.io.netty.channel.AbstractChannel$AnnotatedConnectException: Connection refused: /192.168.69.67:34429
	at sun.nio.ch.SocketChannelImpl.checkConnect(Native Method)
	at sun.nio.ch.SocketChannelImpl.finishConnect(SocketChannelImpl.java:717)
	at org.apache.ratis.thirdparty.io.netty.channel.socket.nio.NioSocketChannel.doFinishConnect(NioSocketChannel.java:327)
	at org.apache.ratis.thirdparty.io.netty.channel.nio.AbstractNioChannel$AbstractNioUnsafe.finishConnect(AbstractNioChannel.java:340)
	at org.apache.ratis.thirdparty.io.netty.channel.nio.NioEventLoop.processSelectedKey(NioEventLoop.java:632)
	at org.apache.ratis.thirdparty.io.netty.channel.nio.NioEventLoop.processSelectedKeysOptimized(NioEventLoop.java:579)
	at org.apache.ratis.thirdparty.io.netty.channel.nio.NioEventLoop.processSelectedKeys(NioEventLoop.java:496)
	at org.apache.ratis.thirdparty.io.netty.channel.nio.NioEventLoop.run(NioEventLoop.java:458)
	at org.apache.ratis.thirdparty.io.netty.util.concurrent.SingleThreadEventExecutor$5.run(SingleThreadEventExecutor.java:897)
	at org.apache.ratis.thirdparty.io.netty.util.concurrent.FastThreadLocalRunnable.run(FastThreadLocalRunnable.java:30)
	... 1 more
Caused by: java.net.ConnectException: Connection refused
	... 11 more
2019-10-18 07:54:52,895 [4b487190-7547-40c7-b780-43c37a89e8eb@group-BAC069DAEF17-LeaderElection393] INFO  impl.RaftServerImpl (RaftServerImpl.java:setRole(184)) - 4b487190-7547-40c7-b780-43c37a89e8eb@group-BAC069DAEF17: changes role from CANDIDATE to FOLLOWER at term 419 for DISCOVERED_A_NEW_TERM
2019-10-18 07:54:52,895 [4b487190-7547-40c7-b780-43c37a89e8eb@group-BAC069DAEF17-LeaderElection393] INFO  impl.RoleInfo (RoleInfo.java:shutdownLeaderElection(134)) - 4b487190-7547-40c7-b780-43c37a89e8eb: shutdown LeaderElection
2019-10-18 07:54:52,895 [4b487190-7547-40c7-b780-43c37a89e8eb@group-BAC069DAEF17-LeaderElection393] INFO  impl.RoleInfo (RoleInfo.java:updateAndGet(143)) - 4b487190-7547-40c7-b780-43c37a89e8eb: start FollowerState
2019-10-18 07:54:52,999 [Thread-2861] INFO  impl.FollowerState (FollowerState.java:run(108)) - 4b487190-7547-40c7-b780-43c37a89e8eb@group-BAC069DAEF17-FollowerState: change to CANDIDATE, lastRpcTime:104ms, electionTimeout:104ms
2019-10-18 07:54:53,000 [Thread-2861] INFO  impl.RoleInfo (RoleInfo.java:shutdownFollowerState(121)) - 4b487190-7547-40c7-b780-43c37a89e8eb: shutdown FollowerState
2019-10-18 07:54:53,000 [Thread-2861] INFO  impl.RaftServerImpl (RaftServerImpl.java:setRole(184)) - 4b487190-7547-40c7-b780-43c37a89e8eb@group-BAC069DAEF17: changes role from  FOLLOWER to CANDIDATE at term 419 for changeToCandidate
2019-10-18 07:54:53,000 [Thread-2861] INFO  impl.RoleInfo (RoleInfo.java:updateAndGet(143)) - 4b487190-7547-40c7-b780-43c37a89e8eb: start LeaderElection
2019-10-18 07:54:53,013 [4b487190-7547-40c7-b780-43c37a89e8eb@group-BAC069DAEF17-LeaderElection394] INFO  impl.LeaderElection (LeaderElection.java:askForVotes(178)) - 4b487190-7547-40c7-b780-43c37a89e8eb@group-BAC069DAEF17-LeaderElection394: begin an election at term 420 for -1: [6fa005cd-25d6-4e29-bda6-9462a060c098:192.168.69.67:36093, 4b487190-7547-40c7-b780-43c37a89e8eb:192.168.69.67:39683, 3d3aac8b-d4d1-454d-bf0c-88a180692893:192.168.69.67:34429], old=null
2019-10-18 07:54:53,014 [4b487190-7547-40c7-b780-43c37a89e8eb@group-BAC069DAEF17-LeaderElection394] INFO  impl.LeaderElection (LogUtils.java:infoOrTrace(149)) - 4b487190-7547-40c7-b780-43c37a89e8eb@group-BAC069DAEF17-LeaderElection394 got exception when requesting votes: {}
java.util.concurrent.ExecutionException: org.apache.ratis.thirdparty.io.grpc.StatusRuntimeException: UNAVAILABLE: io exception
	at java.util.concurrent.FutureTask.report(FutureTask.java:122)
	at java.util.concurrent.FutureTask.get(FutureTask.java:192)
	at org.apache.ratis.server.impl.LeaderElection.waitForResults(LeaderElection.java:259)
	at org.apache.ratis.server.impl.LeaderElection.askForVotes(LeaderElection.java:197)
	at org.apache.ratis.server.impl.LeaderElection.run(LeaderElection.java:133)
	at java.lang.Thread.run(Thread.java:748)
Caused by: org.apache.ratis.thirdparty.io.grpc.StatusRuntimeException: UNAVAILABLE: io exception
	at org.apache.ratis.thirdparty.io.grpc.stub.ClientCalls.toStatusRuntimeException(ClientCalls.java:233)
	at org.apache.ratis.thirdparty.io.grpc.stub.ClientCalls.getUnchecked(ClientCalls.java:214)
	at org.apache.ratis.thirdparty.io.grpc.stub.ClientCalls.blockingUnaryCall(ClientCalls.java:139)
	at org.apache.ratis.proto.grpc.RaftServerProtocolServiceGrpc$RaftServerProtocolServiceBlockingStub.requestVote(RaftServerProtocolServiceGrpc.java:265)
	at org.apache.ratis.grpc.server.GrpcServerProtocolClient.requestVote(GrpcServerProtocolClient.java:99)
	at org.apache.ratis.grpc.server.GrpcService.requestVote(GrpcService.java:204)
	at org.apache.ratis.server.impl.LeaderElection.lambda$submitRequests$1(LeaderElection.java:234)
	at java.util.concurrent.FutureTask.run(FutureTask.java:266)
	at java.util.concurrent.Executors$RunnableAdapter.call(Executors.java:511)
	at java.util.concurrent.FutureTask.run(FutureTask.java:266)
	at java.util.concurrent.ThreadPoolExecutor.runWorker(ThreadPoolExecutor.java:1149)
	at java.util.concurrent.ThreadPoolExecutor$Worker.run(ThreadPoolExecutor.java:624)
	... 1 more
Caused by: org.apache.ratis.thirdparty.io.netty.channel.AbstractChannel$AnnotatedConnectException: Connection refused: /192.168.69.67:34429
	at sun.nio.ch.SocketChannelImpl.checkConnect(Native Method)
	at sun.nio.ch.SocketChannelImpl.finishConnect(SocketChannelImpl.java:717)
	at org.apache.ratis.thirdparty.io.netty.channel.socket.nio.NioSocketChannel.doFinishConnect(NioSocketChannel.java:327)
	at org.apache.ratis.thirdparty.io.netty.channel.nio.AbstractNioChannel$AbstractNioUnsafe.finishConnect(AbstractNioChannel.java:340)
	at org.apache.ratis.thirdparty.io.netty.channel.nio.NioEventLoop.processSelectedKey(NioEventLoop.java:632)
	at org.apache.ratis.thirdparty.io.netty.channel.nio.NioEventLoop.processSelectedKeysOptimized(NioEventLoop.java:579)
	at org.apache.ratis.thirdparty.io.netty.channel.nio.NioEventLoop.processSelectedKeys(NioEventLoop.java:496)
	at org.apache.ratis.thirdparty.io.netty.channel.nio.NioEventLoop.run(NioEventLoop.java:458)
	at org.apache.ratis.thirdparty.io.netty.util.concurrent.SingleThreadEventExecutor$5.run(SingleThreadEventExecutor.java:897)
	at org.apache.ratis.thirdparty.io.netty.util.concurrent.FastThreadLocalRunnable.run(FastThreadLocalRunnable.java:30)
	... 1 more
Caused by: java.net.ConnectException: Connection refused
	... 11 more
2019-10-18 07:54:53,017 [grpc-default-executor-0] INFO  impl.RaftServerImpl (RaftServerImpl.java:setRole(184)) - 6fa005cd-25d6-4e29-bda6-9462a060c098@group-BAC069DAEF17: changes role from  FOLLOWER to FOLLOWER at term 420 for recognizeCandidate:4b487190-7547-40c7-b780-43c37a89e8eb
2019-10-18 07:54:53,017 [grpc-default-executor-0] INFO  impl.RoleInfo (RoleInfo.java:shutdownFollowerState(121)) - 6fa005cd-25d6-4e29-bda6-9462a060c098: shutdown FollowerState
2019-10-18 07:54:53,017 [grpc-default-executor-0] INFO  impl.RoleInfo (RoleInfo.java:updateAndGet(143)) - 6fa005cd-25d6-4e29-bda6-9462a060c098: start FollowerState
2019-10-18 07:54:53,017 [Thread-2860] INFO  impl.FollowerState (FollowerState.java:run(117)) - 6fa005cd-25d6-4e29-bda6-9462a060c098@group-BAC069DAEF17-FollowerState was interrupted: java.lang.InterruptedException: sleep interrupted
2019-10-18 07:54:53,032 [4b487190-7547-40c7-b780-43c37a89e8eb@group-BAC069DAEF17-LeaderElection394] INFO  impl.LeaderElection (LeaderElection.java:logAndReturn(56)) - 4b487190-7547-40c7-b780-43c37a89e8eb@group-BAC069DAEF17-LeaderElection394: Election REJECTED; received 1 response(s) [4b487190-7547-40c7-b780-43c37a89e8eb<-6fa005cd-25d6-4e29-bda6-9462a060c098#0:FAIL-t420] and 1 exception(s); 4b487190-7547-40c7-b780-43c37a89e8eb@group-BAC069DAEF17:t420, leader=null, voted=4b487190-7547-40c7-b780-43c37a89e8eb, raftlog=4b487190-7547-40c7-b780-43c37a89e8eb@group-BAC069DAEF17-SegmentedRaftLog:OPENED:c-1,f-1,i0, conf=-1: [6fa005cd-25d6-4e29-bda6-9462a060c098:192.168.69.67:36093, 4b487190-7547-40c7-b780-43c37a89e8eb:192.168.69.67:39683, 3d3aac8b-d4d1-454d-bf0c-88a180692893:192.168.69.67:34429], old=null
2019-10-18 07:54:53,032 [4b487190-7547-40c7-b780-43c37a89e8eb@group-BAC069DAEF17-LeaderElection394] INFO  impl.LeaderElection (LogUtils.java:infoOrTrace(149)) -   Exception 0: {}
java.util.concurrent.ExecutionException: org.apache.ratis.thirdparty.io.grpc.StatusRuntimeException: UNAVAILABLE: io exception
	at java.util.concurrent.FutureTask.report(FutureTask.java:122)
	at java.util.concurrent.FutureTask.get(FutureTask.java:192)
	at org.apache.ratis.server.impl.LeaderElection.waitForResults(LeaderElection.java:259)
	at org.apache.ratis.server.impl.LeaderElection.askForVotes(LeaderElection.java:197)
	at org.apache.ratis.server.impl.LeaderElection.run(LeaderElection.java:133)
	at java.lang.Thread.run(Thread.java:748)
Caused by: org.apache.ratis.thirdparty.io.grpc.StatusRuntimeException: UNAVAILABLE: io exception
	at org.apache.ratis.thirdparty.io.grpc.stub.ClientCalls.toStatusRuntimeException(ClientCalls.java:233)
	at org.apache.ratis.thirdparty.io.grpc.stub.ClientCalls.getUnchecked(ClientCalls.java:214)
	at org.apache.ratis.thirdparty.io.grpc.stub.ClientCalls.blockingUnaryCall(ClientCalls.java:139)
	at org.apache.ratis.proto.grpc.RaftServerProtocolServiceGrpc$RaftServerProtocolServiceBlockingStub.requestVote(RaftServerProtocolServiceGrpc.java:265)
	at org.apache.ratis.grpc.server.GrpcServerProtocolClient.requestVote(GrpcServerProtocolClient.java:99)
	at org.apache.ratis.grpc.server.GrpcService.requestVote(GrpcService.java:204)
	at org.apache.ratis.server.impl.LeaderElection.lambda$submitRequests$1(LeaderElection.java:234)
	at java.util.concurrent.FutureTask.run(FutureTask.java:266)
	at java.util.concurrent.Executors$RunnableAdapter.call(Executors.java:511)
	at java.util.concurrent.FutureTask.run(FutureTask.java:266)
	at java.util.concurrent.ThreadPoolExecutor.runWorker(ThreadPoolExecutor.java:1149)
	at java.util.concurrent.ThreadPoolExecutor$Worker.run(ThreadPoolExecutor.java:624)
	... 1 more
Caused by: org.apache.ratis.thirdparty.io.netty.channel.AbstractChannel$AnnotatedConnectException: Connection refused: /192.168.69.67:34429
	at sun.nio.ch.SocketChannelImpl.checkConnect(Native Method)
	at sun.nio.ch.SocketChannelImpl.finishConnect(SocketChannelImpl.java:717)
	at org.apache.ratis.thirdparty.io.netty.channel.socket.nio.NioSocketChannel.doFinishConnect(NioSocketChannel.java:327)
	at org.apache.ratis.thirdparty.io.netty.channel.nio.AbstractNioChannel$AbstractNioUnsafe.finishConnect(AbstractNioChannel.java:340)
	at org.apache.ratis.thirdparty.io.netty.channel.nio.NioEventLoop.processSelectedKey(NioEventLoop.java:632)
	at org.apache.ratis.thirdparty.io.netty.channel.nio.NioEventLoop.processSelectedKeysOptimized(NioEventLoop.java:579)
	at org.apache.ratis.thirdparty.io.netty.channel.nio.NioEventLoop.processSelectedKeys(NioEventLoop.java:496)
	at org.apache.ratis.thirdparty.io.netty.channel.nio.NioEventLoop.run(NioEventLoop.java:458)
	at org.apache.ratis.thirdparty.io.netty.util.concurrent.SingleThreadEventExecutor$5.run(SingleThreadEventExecutor.java:897)
	at org.apache.ratis.thirdparty.io.netty.util.concurrent.FastThreadLocalRunnable.run(FastThreadLocalRunnable.java:30)
	... 1 more
Caused by: java.net.ConnectException: Connection refused
	... 11 more
2019-10-18 07:54:53,033 [4b487190-7547-40c7-b780-43c37a89e8eb@group-BAC069DAEF17-LeaderElection394] INFO  impl.RaftServerImpl (RaftServerImpl.java:setRole(184)) - 4b487190-7547-40c7-b780-43c37a89e8eb@group-BAC069DAEF17: changes role from CANDIDATE to FOLLOWER at term 420 for DISCOVERED_A_NEW_TERM
2019-10-18 07:54:53,033 [4b487190-7547-40c7-b780-43c37a89e8eb@group-BAC069DAEF17-LeaderElection394] INFO  impl.RoleInfo (RoleInfo.java:shutdownLeaderElection(134)) - 4b487190-7547-40c7-b780-43c37a89e8eb: shutdown LeaderElection
2019-10-18 07:54:53,033 [4b487190-7547-40c7-b780-43c37a89e8eb@group-BAC069DAEF17-LeaderElection394] INFO  impl.RoleInfo (RoleInfo.java:updateAndGet(143)) - 4b487190-7547-40c7-b780-43c37a89e8eb: start FollowerState
2019-10-18 07:54:53,057 [Thread-2866] INFO  impl.FollowerState (FollowerState.java:run(108)) - 4b487190-7547-40c7-b780-43c37a89e8eb@group-BAC069DAEF17-FollowerState: change to CANDIDATE, lastRpcTime:24ms, electionTimeout:24ms
2019-10-18 07:54:53,057 [Thread-2866] INFO  impl.RoleInfo (RoleInfo.java:shutdownFollowerState(121)) - 4b487190-7547-40c7-b780-43c37a89e8eb: shutdown FollowerState
2019-10-18 07:54:53,057 [Thread-2866] INFO  impl.RaftServerImpl (RaftServerImpl.java:setRole(184)) - 4b487190-7547-40c7-b780-43c37a89e8eb@group-BAC069DAEF17: changes role from  FOLLOWER to CANDIDATE at term 420 for changeToCandidate
2019-10-18 07:54:53,058 [Thread-2866] INFO  impl.RoleInfo (RoleInfo.java:updateAndGet(143)) - 4b487190-7547-40c7-b780-43c37a89e8eb: start LeaderElection
2019-10-18 07:54:53,070 [4b487190-7547-40c7-b780-43c37a89e8eb@group-BAC069DAEF17-LeaderElection395] INFO  impl.LeaderElection (LeaderElection.java:askForVotes(178)) - 4b487190-7547-40c7-b780-43c37a89e8eb@group-BAC069DAEF17-LeaderElection395: begin an election at term 421 for -1: [6fa005cd-25d6-4e29-bda6-9462a060c098:192.168.69.67:36093, 4b487190-7547-40c7-b780-43c37a89e8eb:192.168.69.67:39683, 3d3aac8b-d4d1-454d-bf0c-88a180692893:192.168.69.67:34429], old=null
2019-10-18 07:54:53,071 [4b487190-7547-40c7-b780-43c37a89e8eb@group-BAC069DAEF17-LeaderElection395] INFO  impl.LeaderElection (LogUtils.java:infoOrTrace(149)) - 4b487190-7547-40c7-b780-43c37a89e8eb@group-BAC069DAEF17-LeaderElection395 got exception when requesting votes: {}
java.util.concurrent.ExecutionException: org.apache.ratis.thirdparty.io.grpc.StatusRuntimeException: UNAVAILABLE: io exception
	at java.util.concurrent.FutureTask.report(FutureTask.java:122)
	at java.util.concurrent.FutureTask.get(FutureTask.java:192)
	at org.apache.ratis.server.impl.LeaderElection.waitForResults(LeaderElection.java:259)
	at org.apache.ratis.server.impl.LeaderElection.askForVotes(LeaderElection.java:197)
	at org.apache.ratis.server.impl.LeaderElection.run(LeaderElection.java:133)
	at java.lang.Thread.run(Thread.java:748)
Caused by: org.apache.ratis.thirdparty.io.grpc.StatusRuntimeException: UNAVAILABLE: io exception
	at org.apache.ratis.thirdparty.io.grpc.stub.ClientCalls.toStatusRuntimeException(ClientCalls.java:233)
	at org.apache.ratis.thirdparty.io.grpc.stub.ClientCalls.getUnchecked(ClientCalls.java:214)
	at org.apache.ratis.thirdparty.io.grpc.stub.ClientCalls.blockingUnaryCall(ClientCalls.java:139)
	at org.apache.ratis.proto.grpc.RaftServerProtocolServiceGrpc$RaftServerProtocolServiceBlockingStub.requestVote(RaftServerProtocolServiceGrpc.java:265)
	at org.apache.ratis.grpc.server.GrpcServerProtocolClient.requestVote(GrpcServerProtocolClient.java:99)
	at org.apache.ratis.grpc.server.GrpcService.requestVote(GrpcService.java:204)
	at org.apache.ratis.server.impl.LeaderElection.lambda$submitRequests$1(LeaderElection.java:234)
	at java.util.concurrent.FutureTask.run(FutureTask.java:266)
	at java.util.concurrent.Executors$RunnableAdapter.call(Executors.java:511)
	at java.util.concurrent.FutureTask.run(FutureTask.java:266)
	at java.util.concurrent.ThreadPoolExecutor.runWorker(ThreadPoolExecutor.java:1149)
	at java.util.concurrent.ThreadPoolExecutor$Worker.run(ThreadPoolExecutor.java:624)
	... 1 more
Caused by: org.apache.ratis.thirdparty.io.netty.channel.AbstractChannel$AnnotatedConnectException: Connection refused: /192.168.69.67:34429
	at sun.nio.ch.SocketChannelImpl.checkConnect(Native Method)
	at sun.nio.ch.SocketChannelImpl.finishConnect(SocketChannelImpl.java:717)
	at org.apache.ratis.thirdparty.io.netty.channel.socket.nio.NioSocketChannel.doFinishConnect(NioSocketChannel.java:327)
	at org.apache.ratis.thirdparty.io.netty.channel.nio.AbstractNioChannel$AbstractNioUnsafe.finishConnect(AbstractNioChannel.java:340)
	at org.apache.ratis.thirdparty.io.netty.channel.nio.NioEventLoop.processSelectedKey(NioEventLoop.java:632)
	at org.apache.ratis.thirdparty.io.netty.channel.nio.NioEventLoop.processSelectedKeysOptimized(NioEventLoop.java:579)
	at org.apache.ratis.thirdparty.io.netty.channel.nio.NioEventLoop.processSelectedKeys(NioEventLoop.java:496)
	at org.apache.ratis.thirdparty.io.netty.channel.nio.NioEventLoop.run(NioEventLoop.java:458)
	at org.apache.ratis.thirdparty.io.netty.util.concurrent.SingleThreadEventExecutor$5.run(SingleThreadEventExecutor.java:897)
	at org.apache.ratis.thirdparty.io.netty.util.concurrent.FastThreadLocalRunnable.run(FastThreadLocalRunnable.java:30)
	... 1 more
Caused by: java.net.ConnectException: Connection refused
	... 11 more
2019-10-18 07:54:53,073 [grpc-default-executor-0] INFO  impl.RaftServerImpl (RaftServerImpl.java:setRole(184)) - 6fa005cd-25d6-4e29-bda6-9462a060c098@group-BAC069DAEF17: changes role from  FOLLOWER to FOLLOWER at term 421 for recognizeCandidate:4b487190-7547-40c7-b780-43c37a89e8eb
2019-10-18 07:54:53,074 [grpc-default-executor-0] INFO  impl.RoleInfo (RoleInfo.java:shutdownFollowerState(121)) - 6fa005cd-25d6-4e29-bda6-9462a060c098: shutdown FollowerState
2019-10-18 07:54:53,074 [grpc-default-executor-0] INFO  impl.RoleInfo (RoleInfo.java:updateAndGet(143)) - 6fa005cd-25d6-4e29-bda6-9462a060c098: start FollowerState
2019-10-18 07:54:53,074 [Thread-2865] INFO  impl.FollowerState (FollowerState.java:run(117)) - 6fa005cd-25d6-4e29-bda6-9462a060c098@group-BAC069DAEF17-FollowerState was interrupted: java.lang.InterruptedException: sleep interrupted
2019-10-18 07:54:53,088 [4b487190-7547-40c7-b780-43c37a89e8eb@group-BAC069DAEF17-LeaderElection395] INFO  impl.LeaderElection (LeaderElection.java:logAndReturn(56)) - 4b487190-7547-40c7-b780-43c37a89e8eb@group-BAC069DAEF17-LeaderElection395: Election REJECTED; received 1 response(s) [4b487190-7547-40c7-b780-43c37a89e8eb<-6fa005cd-25d6-4e29-bda6-9462a060c098#0:FAIL-t421] and 1 exception(s); 4b487190-7547-40c7-b780-43c37a89e8eb@group-BAC069DAEF17:t421, leader=null, voted=4b487190-7547-40c7-b780-43c37a89e8eb, raftlog=4b487190-7547-40c7-b780-43c37a89e8eb@group-BAC069DAEF17-SegmentedRaftLog:OPENED:c-1,f-1,i0, conf=-1: [6fa005cd-25d6-4e29-bda6-9462a060c098:192.168.69.67:36093, 4b487190-7547-40c7-b780-43c37a89e8eb:192.168.69.67:39683, 3d3aac8b-d4d1-454d-bf0c-88a180692893:192.168.69.67:34429], old=null
2019-10-18 07:54:53,088 [4b487190-7547-40c7-b780-43c37a89e8eb@group-BAC069DAEF17-LeaderElection395] INFO  impl.LeaderElection (LogUtils.java:infoOrTrace(149)) -   Exception 0: {}
java.util.concurrent.ExecutionException: org.apache.ratis.thirdparty.io.grpc.StatusRuntimeException: UNAVAILABLE: io exception
	at java.util.concurrent.FutureTask.report(FutureTask.java:122)
	at java.util.concurrent.FutureTask.get(FutureTask.java:192)
	at org.apache.ratis.server.impl.LeaderElection.waitForResults(LeaderElection.java:259)
	at org.apache.ratis.server.impl.LeaderElection.askForVotes(LeaderElection.java:197)
	at org.apache.ratis.server.impl.LeaderElection.run(LeaderElection.java:133)
	at java.lang.Thread.run(Thread.java:748)
Caused by: org.apache.ratis.thirdparty.io.grpc.StatusRuntimeException: UNAVAILABLE: io exception
	at org.apache.ratis.thirdparty.io.grpc.stub.ClientCalls.toStatusRuntimeException(ClientCalls.java:233)
	at org.apache.ratis.thirdparty.io.grpc.stub.ClientCalls.getUnchecked(ClientCalls.java:214)
	at org.apache.ratis.thirdparty.io.grpc.stub.ClientCalls.blockingUnaryCall(ClientCalls.java:139)
	at org.apache.ratis.proto.grpc.RaftServerProtocolServiceGrpc$RaftServerProtocolServiceBlockingStub.requestVote(RaftServerProtocolServiceGrpc.java:265)
	at org.apache.ratis.grpc.server.GrpcServerProtocolClient.requestVote(GrpcServerProtocolClient.java:99)
	at org.apache.ratis.grpc.server.GrpcService.requestVote(GrpcService.java:204)
	at org.apache.ratis.server.impl.LeaderElection.lambda$submitRequests$1(LeaderElection.java:234)
	at java.util.concurrent.FutureTask.run(FutureTask.java:266)
	at java.util.concurrent.Executors$RunnableAdapter.call(Executors.java:511)
	at java.util.concurrent.FutureTask.run(FutureTask.java:266)
	at java.util.concurrent.ThreadPoolExecutor.runWorker(ThreadPoolExecutor.java:1149)
	at java.util.concurrent.ThreadPoolExecutor$Worker.run(ThreadPoolExecutor.java:624)
	... 1 more
Caused by: org.apache.ratis.thirdparty.io.netty.channel.AbstractChannel$AnnotatedConnectException: Connection refused: /192.168.69.67:34429
	at sun.nio.ch.SocketChannelImpl.checkConnect(Native Method)
	at sun.nio.ch.SocketChannelImpl.finishConnect(SocketChannelImpl.java:717)
	at org.apache.ratis.thirdparty.io.netty.channel.socket.nio.NioSocketChannel.doFinishConnect(NioSocketChannel.java:327)
	at org.apache.ratis.thirdparty.io.netty.channel.nio.AbstractNioChannel$AbstractNioUnsafe.finishConnect(AbstractNioChannel.java:340)
	at org.apache.ratis.thirdparty.io.netty.channel.nio.NioEventLoop.processSelectedKey(NioEventLoop.java:632)
	at org.apache.ratis.thirdparty.io.netty.channel.nio.NioEventLoop.processSelectedKeysOptimized(NioEventLoop.java:579)
	at org.apache.ratis.thirdparty.io.netty.channel.nio.NioEventLoop.processSelectedKeys(NioEventLoop.java:496)
	at org.apache.ratis.thirdparty.io.netty.channel.nio.NioEventLoop.run(NioEventLoop.java:458)
	at org.apache.ratis.thirdparty.io.netty.util.concurrent.SingleThreadEventExecutor$5.run(SingleThreadEventExecutor.java:897)
	at org.apache.ratis.thirdparty.io.netty.util.concurrent.FastThreadLocalRunnable.run(FastThreadLocalRunnable.java:30)
	... 1 more
Caused by: java.net.ConnectException: Connection refused
	... 11 more
2019-10-18 07:54:53,088 [4b487190-7547-40c7-b780-43c37a89e8eb@group-BAC069DAEF17-LeaderElection395] INFO  impl.RaftServerImpl (RaftServerImpl.java:setRole(184)) - 4b487190-7547-40c7-b780-43c37a89e8eb@group-BAC069DAEF17: changes role from CANDIDATE to FOLLOWER at term 421 for DISCOVERED_A_NEW_TERM
2019-10-18 07:54:53,088 [4b487190-7547-40c7-b780-43c37a89e8eb@group-BAC069DAEF17-LeaderElection395] INFO  impl.RoleInfo (RoleInfo.java:shutdownLeaderElection(134)) - 4b487190-7547-40c7-b780-43c37a89e8eb: shutdown LeaderElection
2019-10-18 07:54:53,088 [4b487190-7547-40c7-b780-43c37a89e8eb@group-BAC069DAEF17-LeaderElection395] INFO  impl.RoleInfo (RoleInfo.java:updateAndGet(143)) - 4b487190-7547-40c7-b780-43c37a89e8eb: start FollowerState
2019-10-18 07:54:53,188 [Thread-2871] INFO  impl.FollowerState (FollowerState.java:run(108)) - 4b487190-7547-40c7-b780-43c37a89e8eb@group-BAC069DAEF17-FollowerState: change to CANDIDATE, lastRpcTime:99ms, electionTimeout:99ms
2019-10-18 07:54:53,188 [Thread-2871] INFO  impl.RoleInfo (RoleInfo.java:shutdownFollowerState(121)) - 4b487190-7547-40c7-b780-43c37a89e8eb: shutdown FollowerState
2019-10-18 07:54:53,188 [Thread-2871] INFO  impl.RaftServerImpl (RaftServerImpl.java:setRole(184)) - 4b487190-7547-40c7-b780-43c37a89e8eb@group-BAC069DAEF17: changes role from  FOLLOWER to CANDIDATE at term 421 for changeToCandidate
2019-10-18 07:54:53,188 [Thread-2871] INFO  impl.RoleInfo (RoleInfo.java:updateAndGet(143)) - 4b487190-7547-40c7-b780-43c37a89e8eb: start LeaderElection
2019-10-18 07:54:53,202 [4b487190-7547-40c7-b780-43c37a89e8eb@group-BAC069DAEF17-LeaderElection396] INFO  impl.LeaderElection (LeaderElection.java:askForVotes(178)) - 4b487190-7547-40c7-b780-43c37a89e8eb@group-BAC069DAEF17-LeaderElection396: begin an election at term 422 for -1: [6fa005cd-25d6-4e29-bda6-9462a060c098:192.168.69.67:36093, 4b487190-7547-40c7-b780-43c37a89e8eb:192.168.69.67:39683, 3d3aac8b-d4d1-454d-bf0c-88a180692893:192.168.69.67:34429], old=null
2019-10-18 07:54:53,204 [4b487190-7547-40c7-b780-43c37a89e8eb@group-BAC069DAEF17-LeaderElection396] INFO  impl.LeaderElection (LogUtils.java:infoOrTrace(149)) - 4b487190-7547-40c7-b780-43c37a89e8eb@group-BAC069DAEF17-LeaderElection396 got exception when requesting votes: {}
java.util.concurrent.ExecutionException: org.apache.ratis.thirdparty.io.grpc.StatusRuntimeException: UNAVAILABLE: io exception
	at java.util.concurrent.FutureTask.report(FutureTask.java:122)
	at java.util.concurrent.FutureTask.get(FutureTask.java:192)
	at org.apache.ratis.server.impl.LeaderElection.waitForResults(LeaderElection.java:259)
	at org.apache.ratis.server.impl.LeaderElection.askForVotes(LeaderElection.java:197)
	at org.apache.ratis.server.impl.LeaderElection.run(LeaderElection.java:133)
	at java.lang.Thread.run(Thread.java:748)
Caused by: org.apache.ratis.thirdparty.io.grpc.StatusRuntimeException: UNAVAILABLE: io exception
	at org.apache.ratis.thirdparty.io.grpc.stub.ClientCalls.toStatusRuntimeException(ClientCalls.java:233)
	at org.apache.ratis.thirdparty.io.grpc.stub.ClientCalls.getUnchecked(ClientCalls.java:214)
	at org.apache.ratis.thirdparty.io.grpc.stub.ClientCalls.blockingUnaryCall(ClientCalls.java:139)
	at org.apache.ratis.proto.grpc.RaftServerProtocolServiceGrpc$RaftServerProtocolServiceBlockingStub.requestVote(RaftServerProtocolServiceGrpc.java:265)
	at org.apache.ratis.grpc.server.GrpcServerProtocolClient.requestVote(GrpcServerProtocolClient.java:99)
	at org.apache.ratis.grpc.server.GrpcService.requestVote(GrpcService.java:204)
	at org.apache.ratis.server.impl.LeaderElection.lambda$submitRequests$1(LeaderElection.java:234)
	at java.util.concurrent.FutureTask.run(FutureTask.java:266)
	at java.util.concurrent.Executors$RunnableAdapter.call(Executors.java:511)
	at java.util.concurrent.FutureTask.run(FutureTask.java:266)
	at java.util.concurrent.ThreadPoolExecutor.runWorker(ThreadPoolExecutor.java:1149)
	at java.util.concurrent.ThreadPoolExecutor$Worker.run(ThreadPoolExecutor.java:624)
	... 1 more
Caused by: org.apache.ratis.thirdparty.io.netty.channel.AbstractChannel$AnnotatedConnectException: Connection refused: /192.168.69.67:34429
	at sun.nio.ch.SocketChannelImpl.checkConnect(Native Method)
	at sun.nio.ch.SocketChannelImpl.finishConnect(SocketChannelImpl.java:717)
	at org.apache.ratis.thirdparty.io.netty.channel.socket.nio.NioSocketChannel.doFinishConnect(NioSocketChannel.java:327)
	at org.apache.ratis.thirdparty.io.netty.channel.nio.AbstractNioChannel$AbstractNioUnsafe.finishConnect(AbstractNioChannel.java:340)
	at org.apache.ratis.thirdparty.io.netty.channel.nio.NioEventLoop.processSelectedKey(NioEventLoop.java:632)
	at org.apache.ratis.thirdparty.io.netty.channel.nio.NioEventLoop.processSelectedKeysOptimized(NioEventLoop.java:579)
	at org.apache.ratis.thirdparty.io.netty.channel.nio.NioEventLoop.processSelectedKeys(NioEventLoop.java:496)
	at org.apache.ratis.thirdparty.io.netty.channel.nio.NioEventLoop.run(NioEventLoop.java:458)
	at org.apache.ratis.thirdparty.io.netty.util.concurrent.SingleThreadEventExecutor$5.run(SingleThreadEventExecutor.java:897)
	at org.apache.ratis.thirdparty.io.netty.util.concurrent.FastThreadLocalRunnable.run(FastThreadLocalRunnable.java:30)
	... 1 more
Caused by: java.net.ConnectException: Connection refused
	... 11 more
2019-10-18 07:54:53,206 [grpc-default-executor-0] INFO  impl.RaftServerImpl (RaftServerImpl.java:setRole(184)) - 6fa005cd-25d6-4e29-bda6-9462a060c098@group-BAC069DAEF17: changes role from  FOLLOWER to FOLLOWER at term 422 for recognizeCandidate:4b487190-7547-40c7-b780-43c37a89e8eb
2019-10-18 07:54:53,206 [grpc-default-executor-0] INFO  impl.RoleInfo (RoleInfo.java:shutdownFollowerState(121)) - 6fa005cd-25d6-4e29-bda6-9462a060c098: shutdown FollowerState
2019-10-18 07:54:53,207 [grpc-default-executor-0] INFO  impl.RoleInfo (RoleInfo.java:updateAndGet(143)) - 6fa005cd-25d6-4e29-bda6-9462a060c098: start FollowerState
2019-10-18 07:54:53,207 [Thread-2870] INFO  impl.FollowerState (FollowerState.java:run(117)) - 6fa005cd-25d6-4e29-bda6-9462a060c098@group-BAC069DAEF17-FollowerState was interrupted: java.lang.InterruptedException: sleep interrupted
2019-10-18 07:54:53,222 [4b487190-7547-40c7-b780-43c37a89e8eb@group-BAC069DAEF17-LeaderElection396] INFO  impl.LeaderElection (LeaderElection.java:logAndReturn(56)) - 4b487190-7547-40c7-b780-43c37a89e8eb@group-BAC069DAEF17-LeaderElection396: Election REJECTED; received 1 response(s) [4b487190-7547-40c7-b780-43c37a89e8eb<-6fa005cd-25d6-4e29-bda6-9462a060c098#0:FAIL-t422] and 1 exception(s); 4b487190-7547-40c7-b780-43c37a89e8eb@group-BAC069DAEF17:t422, leader=null, voted=4b487190-7547-40c7-b780-43c37a89e8eb, raftlog=4b487190-7547-40c7-b780-43c37a89e8eb@group-BAC069DAEF17-SegmentedRaftLog:OPENED:c-1,f-1,i0, conf=-1: [6fa005cd-25d6-4e29-bda6-9462a060c098:192.168.69.67:36093, 4b487190-7547-40c7-b780-43c37a89e8eb:192.168.69.67:39683, 3d3aac8b-d4d1-454d-bf0c-88a180692893:192.168.69.67:34429], old=null
2019-10-18 07:54:53,222 [4b487190-7547-40c7-b780-43c37a89e8eb@group-BAC069DAEF17-LeaderElection396] INFO  impl.LeaderElection (LogUtils.java:infoOrTrace(149)) -   Exception 0: {}
java.util.concurrent.ExecutionException: org.apache.ratis.thirdparty.io.grpc.StatusRuntimeException: UNAVAILABLE: io exception
	at java.util.concurrent.FutureTask.report(FutureTask.java:122)
	at java.util.concurrent.FutureTask.get(FutureTask.java:192)
	at org.apache.ratis.server.impl.LeaderElection.waitForResults(LeaderElection.java:259)
	at org.apache.ratis.server.impl.LeaderElection.askForVotes(LeaderElection.java:197)
	at org.apache.ratis.server.impl.LeaderElection.run(LeaderElection.java:133)
	at java.lang.Thread.run(Thread.java:748)
Caused by: org.apache.ratis.thirdparty.io.grpc.StatusRuntimeException: UNAVAILABLE: io exception
	at org.apache.ratis.thirdparty.io.grpc.stub.ClientCalls.toStatusRuntimeException(ClientCalls.java:233)
	at org.apache.ratis.thirdparty.io.grpc.stub.ClientCalls.getUnchecked(ClientCalls.java:214)
	at org.apache.ratis.thirdparty.io.grpc.stub.ClientCalls.blockingUnaryCall(ClientCalls.java:139)
	at org.apache.ratis.proto.grpc.RaftServerProtocolServiceGrpc$RaftServerProtocolServiceBlockingStub.requestVote(RaftServerProtocolServiceGrpc.java:265)
	at org.apache.ratis.grpc.server.GrpcServerProtocolClient.requestVote(GrpcServerProtocolClient.java:99)
	at org.apache.ratis.grpc.server.GrpcService.requestVote(GrpcService.java:204)
	at org.apache.ratis.server.impl.LeaderElection.lambda$submitRequests$1(LeaderElection.java:234)
	at java.util.concurrent.FutureTask.run(FutureTask.java:266)
	at java.util.concurrent.Executors$RunnableAdapter.call(Executors.java:511)
	at java.util.concurrent.FutureTask.run(FutureTask.java:266)
	at java.util.concurrent.ThreadPoolExecutor.runWorker(ThreadPoolExecutor.java:1149)
	at java.util.concurrent.ThreadPoolExecutor$Worker.run(ThreadPoolExecutor.java:624)
	... 1 more
Caused by: org.apache.ratis.thirdparty.io.netty.channel.AbstractChannel$AnnotatedConnectException: Connection refused: /192.168.69.67:34429
	at sun.nio.ch.SocketChannelImpl.checkConnect(Native Method)
	at sun.nio.ch.SocketChannelImpl.finishConnect(SocketChannelImpl.java:717)
	at org.apache.ratis.thirdparty.io.netty.channel.socket.nio.NioSocketChannel.doFinishConnect(NioSocketChannel.java:327)
	at org.apache.ratis.thirdparty.io.netty.channel.nio.AbstractNioChannel$AbstractNioUnsafe.finishConnect(AbstractNioChannel.java:340)
	at org.apache.ratis.thirdparty.io.netty.channel.nio.NioEventLoop.processSelectedKey(NioEventLoop.java:632)
	at org.apache.ratis.thirdparty.io.netty.channel.nio.NioEventLoop.processSelectedKeysOptimized(NioEventLoop.java:579)
	at org.apache.ratis.thirdparty.io.netty.channel.nio.NioEventLoop.processSelectedKeys(NioEventLoop.java:496)
	at org.apache.ratis.thirdparty.io.netty.channel.nio.NioEventLoop.run(NioEventLoop.java:458)
	at org.apache.ratis.thirdparty.io.netty.util.concurrent.SingleThreadEventExecutor$5.run(SingleThreadEventExecutor.java:897)
	at org.apache.ratis.thirdparty.io.netty.util.concurrent.FastThreadLocalRunnable.run(FastThreadLocalRunnable.java:30)
	... 1 more
Caused by: java.net.ConnectException: Connection refused
	... 11 more
2019-10-18 07:54:53,223 [4b487190-7547-40c7-b780-43c37a89e8eb@group-BAC069DAEF17-LeaderElection396] INFO  impl.RaftServerImpl (RaftServerImpl.java:setRole(184)) - 4b487190-7547-40c7-b780-43c37a89e8eb@group-BAC069DAEF17: changes role from CANDIDATE to FOLLOWER at term 422 for DISCOVERED_A_NEW_TERM
2019-10-18 07:54:53,223 [4b487190-7547-40c7-b780-43c37a89e8eb@group-BAC069DAEF17-LeaderElection396] INFO  impl.RoleInfo (RoleInfo.java:shutdownLeaderElection(134)) - 4b487190-7547-40c7-b780-43c37a89e8eb: shutdown LeaderElection
2019-10-18 07:54:53,223 [4b487190-7547-40c7-b780-43c37a89e8eb@group-BAC069DAEF17-LeaderElection396] INFO  impl.RoleInfo (RoleInfo.java:updateAndGet(143)) - 4b487190-7547-40c7-b780-43c37a89e8eb: start FollowerState
2019-10-18 07:54:53,309 [Thread-2876] INFO  impl.FollowerState (FollowerState.java:run(108)) - 4b487190-7547-40c7-b780-43c37a89e8eb@group-BAC069DAEF17-FollowerState: change to CANDIDATE, lastRpcTime:86ms, electionTimeout:86ms
2019-10-18 07:54:53,309 [Thread-2876] INFO  impl.RoleInfo (RoleInfo.java:shutdownFollowerState(121)) - 4b487190-7547-40c7-b780-43c37a89e8eb: shutdown FollowerState
2019-10-18 07:54:53,310 [Thread-2876] INFO  impl.RaftServerImpl (RaftServerImpl.java:setRole(184)) - 4b487190-7547-40c7-b780-43c37a89e8eb@group-BAC069DAEF17: changes role from  FOLLOWER to CANDIDATE at term 422 for changeToCandidate
2019-10-18 07:54:53,310 [Thread-2876] INFO  impl.RoleInfo (RoleInfo.java:updateAndGet(143)) - 4b487190-7547-40c7-b780-43c37a89e8eb: start LeaderElection
2019-10-18 07:54:53,323 [4b487190-7547-40c7-b780-43c37a89e8eb@group-BAC069DAEF17-LeaderElection397] INFO  impl.LeaderElection (LeaderElection.java:askForVotes(178)) - 4b487190-7547-40c7-b780-43c37a89e8eb@group-BAC069DAEF17-LeaderElection397: begin an election at term 423 for -1: [6fa005cd-25d6-4e29-bda6-9462a060c098:192.168.69.67:36093, 4b487190-7547-40c7-b780-43c37a89e8eb:192.168.69.67:39683, 3d3aac8b-d4d1-454d-bf0c-88a180692893:192.168.69.67:34429], old=null
2019-10-18 07:54:53,325 [4b487190-7547-40c7-b780-43c37a89e8eb@group-BAC069DAEF17-LeaderElection397] INFO  impl.LeaderElection (LogUtils.java:infoOrTrace(149)) - 4b487190-7547-40c7-b780-43c37a89e8eb@group-BAC069DAEF17-LeaderElection397 got exception when requesting votes: {}
java.util.concurrent.ExecutionException: org.apache.ratis.thirdparty.io.grpc.StatusRuntimeException: UNAVAILABLE: io exception
	at java.util.concurrent.FutureTask.report(FutureTask.java:122)
	at java.util.concurrent.FutureTask.get(FutureTask.java:192)
	at org.apache.ratis.server.impl.LeaderElection.waitForResults(LeaderElection.java:259)
	at org.apache.ratis.server.impl.LeaderElection.askForVotes(LeaderElection.java:197)
	at org.apache.ratis.server.impl.LeaderElection.run(LeaderElection.java:133)
	at java.lang.Thread.run(Thread.java:748)
Caused by: org.apache.ratis.thirdparty.io.grpc.StatusRuntimeException: UNAVAILABLE: io exception
	at org.apache.ratis.thirdparty.io.grpc.stub.ClientCalls.toStatusRuntimeException(ClientCalls.java:233)
	at org.apache.ratis.thirdparty.io.grpc.stub.ClientCalls.getUnchecked(ClientCalls.java:214)
	at org.apache.ratis.thirdparty.io.grpc.stub.ClientCalls.blockingUnaryCall(ClientCalls.java:139)
	at org.apache.ratis.proto.grpc.RaftServerProtocolServiceGrpc$RaftServerProtocolServiceBlockingStub.requestVote(RaftServerProtocolServiceGrpc.java:265)
	at org.apache.ratis.grpc.server.GrpcServerProtocolClient.requestVote(GrpcServerProtocolClient.java:99)
	at org.apache.ratis.grpc.server.GrpcService.requestVote(GrpcService.java:204)
	at org.apache.ratis.server.impl.LeaderElection.lambda$submitRequests$1(LeaderElection.java:234)
	at java.util.concurrent.FutureTask.run(FutureTask.java:266)
	at java.util.concurrent.Executors$RunnableAdapter.call(Executors.java:511)
	at java.util.concurrent.FutureTask.run(FutureTask.java:266)
	at java.util.concurrent.ThreadPoolExecutor.runWorker(ThreadPoolExecutor.java:1149)
	at java.util.concurrent.ThreadPoolExecutor$Worker.run(ThreadPoolExecutor.java:624)
	... 1 more
Caused by: org.apache.ratis.thirdparty.io.netty.channel.AbstractChannel$AnnotatedConnectException: Connection refused: /192.168.69.67:34429
	at sun.nio.ch.SocketChannelImpl.checkConnect(Native Method)
	at sun.nio.ch.SocketChannelImpl.finishConnect(SocketChannelImpl.java:717)
	at org.apache.ratis.thirdparty.io.netty.channel.socket.nio.NioSocketChannel.doFinishConnect(NioSocketChannel.java:327)
	at org.apache.ratis.thirdparty.io.netty.channel.nio.AbstractNioChannel$AbstractNioUnsafe.finishConnect(AbstractNioChannel.java:340)
	at org.apache.ratis.thirdparty.io.netty.channel.nio.NioEventLoop.processSelectedKey(NioEventLoop.java:632)
	at org.apache.ratis.thirdparty.io.netty.channel.nio.NioEventLoop.processSelectedKeysOptimized(NioEventLoop.java:579)
	at org.apache.ratis.thirdparty.io.netty.channel.nio.NioEventLoop.processSelectedKeys(NioEventLoop.java:496)
	at org.apache.ratis.thirdparty.io.netty.channel.nio.NioEventLoop.run(NioEventLoop.java:458)
	at org.apache.ratis.thirdparty.io.netty.util.concurrent.SingleThreadEventExecutor$5.run(SingleThreadEventExecutor.java:897)
	at org.apache.ratis.thirdparty.io.netty.util.concurrent.FastThreadLocalRunnable.run(FastThreadLocalRunnable.java:30)
	... 1 more
Caused by: java.net.ConnectException: Connection refused
	... 11 more
2019-10-18 07:54:53,327 [grpc-default-executor-0] INFO  impl.RaftServerImpl (RaftServerImpl.java:setRole(184)) - 6fa005cd-25d6-4e29-bda6-9462a060c098@group-BAC069DAEF17: changes role from  FOLLOWER to FOLLOWER at term 423 for recognizeCandidate:4b487190-7547-40c7-b780-43c37a89e8eb
2019-10-18 07:54:53,327 [grpc-default-executor-0] INFO  impl.RoleInfo (RoleInfo.java:shutdownFollowerState(121)) - 6fa005cd-25d6-4e29-bda6-9462a060c098: shutdown FollowerState
2019-10-18 07:54:53,327 [grpc-default-executor-0] INFO  impl.RoleInfo (RoleInfo.java:updateAndGet(143)) - 6fa005cd-25d6-4e29-bda6-9462a060c098: start FollowerState
2019-10-18 07:54:53,327 [Thread-2875] INFO  impl.FollowerState (FollowerState.java:run(117)) - 6fa005cd-25d6-4e29-bda6-9462a060c098@group-BAC069DAEF17-FollowerState was interrupted: java.lang.InterruptedException: sleep interrupted
2019-10-18 07:54:53,342 [4b487190-7547-40c7-b780-43c37a89e8eb@group-BAC069DAEF17-LeaderElection397] INFO  impl.LeaderElection (LeaderElection.java:logAndReturn(56)) - 4b487190-7547-40c7-b780-43c37a89e8eb@group-BAC069DAEF17-LeaderElection397: Election REJECTED; received 1 response(s) [4b487190-7547-40c7-b780-43c37a89e8eb<-6fa005cd-25d6-4e29-bda6-9462a060c098#0:FAIL-t423] and 1 exception(s); 4b487190-7547-40c7-b780-43c37a89e8eb@group-BAC069DAEF17:t423, leader=null, voted=4b487190-7547-40c7-b780-43c37a89e8eb, raftlog=4b487190-7547-40c7-b780-43c37a89e8eb@group-BAC069DAEF17-SegmentedRaftLog:OPENED:c-1,f-1,i0, conf=-1: [6fa005cd-25d6-4e29-bda6-9462a060c098:192.168.69.67:36093, 4b487190-7547-40c7-b780-43c37a89e8eb:192.168.69.67:39683, 3d3aac8b-d4d1-454d-bf0c-88a180692893:192.168.69.67:34429], old=null
2019-10-18 07:54:53,342 [4b487190-7547-40c7-b780-43c37a89e8eb@group-BAC069DAEF17-LeaderElection397] INFO  impl.LeaderElection (LogUtils.java:infoOrTrace(149)) -   Exception 0: {}
java.util.concurrent.ExecutionException: org.apache.ratis.thirdparty.io.grpc.StatusRuntimeException: UNAVAILABLE: io exception
	at java.util.concurrent.FutureTask.report(FutureTask.java:122)
	at java.util.concurrent.FutureTask.get(FutureTask.java:192)
	at org.apache.ratis.server.impl.LeaderElection.waitForResults(LeaderElection.java:259)
	at org.apache.ratis.server.impl.LeaderElection.askForVotes(LeaderElection.java:197)
	at org.apache.ratis.server.impl.LeaderElection.run(LeaderElection.java:133)
	at java.lang.Thread.run(Thread.java:748)
Caused by: org.apache.ratis.thirdparty.io.grpc.StatusRuntimeException: UNAVAILABLE: io exception
	at org.apache.ratis.thirdparty.io.grpc.stub.ClientCalls.toStatusRuntimeException(ClientCalls.java:233)
	at org.apache.ratis.thirdparty.io.grpc.stub.ClientCalls.getUnchecked(ClientCalls.java:214)
	at org.apache.ratis.thirdparty.io.grpc.stub.ClientCalls.blockingUnaryCall(ClientCalls.java:139)
	at org.apache.ratis.proto.grpc.RaftServerProtocolServiceGrpc$RaftServerProtocolServiceBlockingStub.requestVote(RaftServerProtocolServiceGrpc.java:265)
	at org.apache.ratis.grpc.server.GrpcServerProtocolClient.requestVote(GrpcServerProtocolClient.java:99)
	at org.apache.ratis.grpc.server.GrpcService.requestVote(GrpcService.java:204)
	at org.apache.ratis.server.impl.LeaderElection.lambda$submitRequests$1(LeaderElection.java:234)
	at java.util.concurrent.FutureTask.run(FutureTask.java:266)
	at java.util.concurrent.Executors$RunnableAdapter.call(Executors.java:511)
	at java.util.concurrent.FutureTask.run(FutureTask.java:266)
	at java.util.concurrent.ThreadPoolExecutor.runWorker(ThreadPoolExecutor.java:1149)
	at java.util.concurrent.ThreadPoolExecutor$Worker.run(ThreadPoolExecutor.java:624)
	... 1 more
Caused by: org.apache.ratis.thirdparty.io.netty.channel.AbstractChannel$AnnotatedConnectException: Connection refused: /192.168.69.67:34429
	at sun.nio.ch.SocketChannelImpl.checkConnect(Native Method)
	at sun.nio.ch.SocketChannelImpl.finishConnect(SocketChannelImpl.java:717)
	at org.apache.ratis.thirdparty.io.netty.channel.socket.nio.NioSocketChannel.doFinishConnect(NioSocketChannel.java:327)
	at org.apache.ratis.thirdparty.io.netty.channel.nio.AbstractNioChannel$AbstractNioUnsafe.finishConnect(AbstractNioChannel.java:340)
	at org.apache.ratis.thirdparty.io.netty.channel.nio.NioEventLoop.processSelectedKey(NioEventLoop.java:632)
	at org.apache.ratis.thirdparty.io.netty.channel.nio.NioEventLoop.processSelectedKeysOptimized(NioEventLoop.java:579)
	at org.apache.ratis.thirdparty.io.netty.channel.nio.NioEventLoop.processSelectedKeys(NioEventLoop.java:496)
	at org.apache.ratis.thirdparty.io.netty.channel.nio.NioEventLoop.run(NioEventLoop.java:458)
	at org.apache.ratis.thirdparty.io.netty.util.concurrent.SingleThreadEventExecutor$5.run(SingleThreadEventExecutor.java:897)
	at org.apache.ratis.thirdparty.io.netty.util.concurrent.FastThreadLocalRunnable.run(FastThreadLocalRunnable.java:30)
	... 1 more
Caused by: java.net.ConnectException: Connection refused
	... 11 more
2019-10-18 07:54:53,343 [4b487190-7547-40c7-b780-43c37a89e8eb@group-BAC069DAEF17-LeaderElection397] INFO  impl.RaftServerImpl (RaftServerImpl.java:setRole(184)) - 4b487190-7547-40c7-b780-43c37a89e8eb@group-BAC069DAEF17: changes role from CANDIDATE to FOLLOWER at term 423 for DISCOVERED_A_NEW_TERM
2019-10-18 07:54:53,343 [4b487190-7547-40c7-b780-43c37a89e8eb@group-BAC069DAEF17-LeaderElection397] INFO  impl.RoleInfo (RoleInfo.java:shutdownLeaderElection(134)) - 4b487190-7547-40c7-b780-43c37a89e8eb: shutdown LeaderElection
2019-10-18 07:54:53,343 [4b487190-7547-40c7-b780-43c37a89e8eb@group-BAC069DAEF17-LeaderElection397] INFO  impl.RoleInfo (RoleInfo.java:updateAndGet(143)) - 4b487190-7547-40c7-b780-43c37a89e8eb: start FollowerState
2019-10-18 07:54:53,499 [Thread-2881] INFO  impl.FollowerState (FollowerState.java:run(108)) - 4b487190-7547-40c7-b780-43c37a89e8eb@group-BAC069DAEF17-FollowerState: change to CANDIDATE, lastRpcTime:156ms, electionTimeout:156ms
2019-10-18 07:54:53,500 [Thread-2881] INFO  impl.RoleInfo (RoleInfo.java:shutdownFollowerState(121)) - 4b487190-7547-40c7-b780-43c37a89e8eb: shutdown FollowerState
2019-10-18 07:54:53,500 [Thread-2881] INFO  impl.RaftServerImpl (RaftServerImpl.java:setRole(184)) - 4b487190-7547-40c7-b780-43c37a89e8eb@group-BAC069DAEF17: changes role from  FOLLOWER to CANDIDATE at term 423 for changeToCandidate
2019-10-18 07:54:53,500 [Thread-2881] INFO  impl.RoleInfo (RoleInfo.java:updateAndGet(143)) - 4b487190-7547-40c7-b780-43c37a89e8eb: start LeaderElection
2019-10-18 07:54:53,514 [4b487190-7547-40c7-b780-43c37a89e8eb@group-BAC069DAEF17-LeaderElection398] INFO  impl.LeaderElection (LeaderElection.java:askForVotes(178)) - 4b487190-7547-40c7-b780-43c37a89e8eb@group-BAC069DAEF17-LeaderElection398: begin an election at term 424 for -1: [6fa005cd-25d6-4e29-bda6-9462a060c098:192.168.69.67:36093, 4b487190-7547-40c7-b780-43c37a89e8eb:192.168.69.67:39683, 3d3aac8b-d4d1-454d-bf0c-88a180692893:192.168.69.67:34429], old=null
2019-10-18 07:54:53,515 [4b487190-7547-40c7-b780-43c37a89e8eb@group-BAC069DAEF17-LeaderElection398] INFO  impl.LeaderElection (LogUtils.java:infoOrTrace(149)) - 4b487190-7547-40c7-b780-43c37a89e8eb@group-BAC069DAEF17-LeaderElection398 got exception when requesting votes: {}
java.util.concurrent.ExecutionException: org.apache.ratis.thirdparty.io.grpc.StatusRuntimeException: UNAVAILABLE: io exception
	at java.util.concurrent.FutureTask.report(FutureTask.java:122)
	at java.util.concurrent.FutureTask.get(FutureTask.java:192)
	at org.apache.ratis.server.impl.LeaderElection.waitForResults(LeaderElection.java:259)
	at org.apache.ratis.server.impl.LeaderElection.askForVotes(LeaderElection.java:197)
	at org.apache.ratis.server.impl.LeaderElection.run(LeaderElection.java:133)
	at java.lang.Thread.run(Thread.java:748)
Caused by: org.apache.ratis.thirdparty.io.grpc.StatusRuntimeException: UNAVAILABLE: io exception
	at org.apache.ratis.thirdparty.io.grpc.stub.ClientCalls.toStatusRuntimeException(ClientCalls.java:233)
	at org.apache.ratis.thirdparty.io.grpc.stub.ClientCalls.getUnchecked(ClientCalls.java:214)
	at org.apache.ratis.thirdparty.io.grpc.stub.ClientCalls.blockingUnaryCall(ClientCalls.java:139)
	at org.apache.ratis.proto.grpc.RaftServerProtocolServiceGrpc$RaftServerProtocolServiceBlockingStub.requestVote(RaftServerProtocolServiceGrpc.java:265)
	at org.apache.ratis.grpc.server.GrpcServerProtocolClient.requestVote(GrpcServerProtocolClient.java:99)
	at org.apache.ratis.grpc.server.GrpcService.requestVote(GrpcService.java:204)
	at org.apache.ratis.server.impl.LeaderElection.lambda$submitRequests$1(LeaderElection.java:234)
	at java.util.concurrent.FutureTask.run(FutureTask.java:266)
	at java.util.concurrent.Executors$RunnableAdapter.call(Executors.java:511)
	at java.util.concurrent.FutureTask.run(FutureTask.java:266)
	at java.util.concurrent.ThreadPoolExecutor.runWorker(ThreadPoolExecutor.java:1149)
	at java.util.concurrent.ThreadPoolExecutor$Worker.run(ThreadPoolExecutor.java:624)
	... 1 more
Caused by: org.apache.ratis.thirdparty.io.netty.channel.AbstractChannel$AnnotatedConnectException: Connection refused: /192.168.69.67:34429
	at sun.nio.ch.SocketChannelImpl.checkConnect(Native Method)
	at sun.nio.ch.SocketChannelImpl.finishConnect(SocketChannelImpl.java:717)
	at org.apache.ratis.thirdparty.io.netty.channel.socket.nio.NioSocketChannel.doFinishConnect(NioSocketChannel.java:327)
	at org.apache.ratis.thirdparty.io.netty.channel.nio.AbstractNioChannel$AbstractNioUnsafe.finishConnect(AbstractNioChannel.java:340)
	at org.apache.ratis.thirdparty.io.netty.channel.nio.NioEventLoop.processSelectedKey(NioEventLoop.java:632)
	at org.apache.ratis.thirdparty.io.netty.channel.nio.NioEventLoop.processSelectedKeysOptimized(NioEventLoop.java:579)
	at org.apache.ratis.thirdparty.io.netty.channel.nio.NioEventLoop.processSelectedKeys(NioEventLoop.java:496)
	at org.apache.ratis.thirdparty.io.netty.channel.nio.NioEventLoop.run(NioEventLoop.java:458)
	at org.apache.ratis.thirdparty.io.netty.util.concurrent.SingleThreadEventExecutor$5.run(SingleThreadEventExecutor.java:897)
	at org.apache.ratis.thirdparty.io.netty.util.concurrent.FastThreadLocalRunnable.run(FastThreadLocalRunnable.java:30)
	... 1 more
Caused by: java.net.ConnectException: Connection refused
	... 11 more
2019-10-18 07:54:53,519 [grpc-default-executor-0] INFO  impl.RaftServerImpl (RaftServerImpl.java:setRole(184)) - 6fa005cd-25d6-4e29-bda6-9462a060c098@group-BAC069DAEF17: changes role from  FOLLOWER to FOLLOWER at term 424 for recognizeCandidate:4b487190-7547-40c7-b780-43c37a89e8eb
2019-10-18 07:54:53,519 [grpc-default-executor-0] INFO  impl.RoleInfo (RoleInfo.java:shutdownFollowerState(121)) - 6fa005cd-25d6-4e29-bda6-9462a060c098: shutdown FollowerState
2019-10-18 07:54:53,519 [grpc-default-executor-0] INFO  impl.RoleInfo (RoleInfo.java:updateAndGet(143)) - 6fa005cd-25d6-4e29-bda6-9462a060c098: start FollowerState
2019-10-18 07:54:53,519 [Thread-2880] INFO  impl.FollowerState (FollowerState.java:run(117)) - 6fa005cd-25d6-4e29-bda6-9462a060c098@group-BAC069DAEF17-FollowerState was interrupted: java.lang.InterruptedException: sleep interrupted
2019-10-18 07:54:53,541 [4b487190-7547-40c7-b780-43c37a89e8eb@group-BAC069DAEF17-LeaderElection398] INFO  impl.LeaderElection (LeaderElection.java:logAndReturn(56)) - 4b487190-7547-40c7-b780-43c37a89e8eb@group-BAC069DAEF17-LeaderElection398: Election REJECTED; received 1 response(s) [4b487190-7547-40c7-b780-43c37a89e8eb<-6fa005cd-25d6-4e29-bda6-9462a060c098#0:FAIL-t424] and 1 exception(s); 4b487190-7547-40c7-b780-43c37a89e8eb@group-BAC069DAEF17:t424, leader=null, voted=4b487190-7547-40c7-b780-43c37a89e8eb, raftlog=4b487190-7547-40c7-b780-43c37a89e8eb@group-BAC069DAEF17-SegmentedRaftLog:OPENED:c-1,f-1,i0, conf=-1: [6fa005cd-25d6-4e29-bda6-9462a060c098:192.168.69.67:36093, 4b487190-7547-40c7-b780-43c37a89e8eb:192.168.69.67:39683, 3d3aac8b-d4d1-454d-bf0c-88a180692893:192.168.69.67:34429], old=null
2019-10-18 07:54:53,541 [4b487190-7547-40c7-b780-43c37a89e8eb@group-BAC069DAEF17-LeaderElection398] INFO  impl.LeaderElection (LogUtils.java:infoOrTrace(149)) -   Exception 0: {}
java.util.concurrent.ExecutionException: org.apache.ratis.thirdparty.io.grpc.StatusRuntimeException: UNAVAILABLE: io exception
	at java.util.concurrent.FutureTask.report(FutureTask.java:122)
	at java.util.concurrent.FutureTask.get(FutureTask.java:192)
	at org.apache.ratis.server.impl.LeaderElection.waitForResults(LeaderElection.java:259)
	at org.apache.ratis.server.impl.LeaderElection.askForVotes(LeaderElection.java:197)
	at org.apache.ratis.server.impl.LeaderElection.run(LeaderElection.java:133)
	at java.lang.Thread.run(Thread.java:748)
Caused by: org.apache.ratis.thirdparty.io.grpc.StatusRuntimeException: UNAVAILABLE: io exception
	at org.apache.ratis.thirdparty.io.grpc.stub.ClientCalls.toStatusRuntimeException(ClientCalls.java:233)
	at org.apache.ratis.thirdparty.io.grpc.stub.ClientCalls.getUnchecked(ClientCalls.java:214)
	at org.apache.ratis.thirdparty.io.grpc.stub.ClientCalls.blockingUnaryCall(ClientCalls.java:139)
	at org.apache.ratis.proto.grpc.RaftServerProtocolServiceGrpc$RaftServerProtocolServiceBlockingStub.requestVote(RaftServerProtocolServiceGrpc.java:265)
	at org.apache.ratis.grpc.server.GrpcServerProtocolClient.requestVote(GrpcServerProtocolClient.java:99)
	at org.apache.ratis.grpc.server.GrpcService.requestVote(GrpcService.java:204)
	at org.apache.ratis.server.impl.LeaderElection.lambda$submitRequests$1(LeaderElection.java:234)
	at java.util.concurrent.FutureTask.run(FutureTask.java:266)
	at java.util.concurrent.Executors$RunnableAdapter.call(Executors.java:511)
	at java.util.concurrent.FutureTask.run(FutureTask.java:266)
	at java.util.concurrent.ThreadPoolExecutor.runWorker(ThreadPoolExecutor.java:1149)
	at java.util.concurrent.ThreadPoolExecutor$Worker.run(ThreadPoolExecutor.java:624)
	... 1 more
Caused by: org.apache.ratis.thirdparty.io.netty.channel.AbstractChannel$AnnotatedConnectException: Connection refused: /192.168.69.67:34429
	at sun.nio.ch.SocketChannelImpl.checkConnect(Native Method)
	at sun.nio.ch.SocketChannelImpl.finishConnect(SocketChannelImpl.java:717)
	at org.apache.ratis.thirdparty.io.netty.channel.socket.nio.NioSocketChannel.doFinishConnect(NioSocketChannel.java:327)
	at org.apache.ratis.thirdparty.io.netty.channel.nio.AbstractNioChannel$AbstractNioUnsafe.finishConnect(AbstractNioChannel.java:340)
	at org.apache.ratis.thirdparty.io.netty.channel.nio.NioEventLoop.processSelectedKey(NioEventLoop.java:632)
	at org.apache.ratis.thirdparty.io.netty.channel.nio.NioEventLoop.processSelectedKeysOptimized(NioEventLoop.java:579)
	at org.apache.ratis.thirdparty.io.netty.channel.nio.NioEventLoop.processSelectedKeys(NioEventLoop.java:496)
	at org.apache.ratis.thirdparty.io.netty.channel.nio.NioEventLoop.run(NioEventLoop.java:458)
	at org.apache.ratis.thirdparty.io.netty.util.concurrent.SingleThreadEventExecutor$5.run(SingleThreadEventExecutor.java:897)
	at org.apache.ratis.thirdparty.io.netty.util.concurrent.FastThreadLocalRunnable.run(FastThreadLocalRunnable.java:30)
	... 1 more
Caused by: java.net.ConnectException: Connection refused
	... 11 more
2019-10-18 07:54:53,542 [4b487190-7547-40c7-b780-43c37a89e8eb@group-BAC069DAEF17-LeaderElection398] INFO  impl.RaftServerImpl (RaftServerImpl.java:setRole(184)) - 4b487190-7547-40c7-b780-43c37a89e8eb@group-BAC069DAEF17: changes role from CANDIDATE to FOLLOWER at term 424 for DISCOVERED_A_NEW_TERM
2019-10-18 07:54:53,542 [4b487190-7547-40c7-b780-43c37a89e8eb@group-BAC069DAEF17-LeaderElection398] INFO  impl.RoleInfo (RoleInfo.java:shutdownLeaderElection(134)) - 4b487190-7547-40c7-b780-43c37a89e8eb: shutdown LeaderElection
2019-10-18 07:54:53,542 [4b487190-7547-40c7-b780-43c37a89e8eb@group-BAC069DAEF17-LeaderElection398] INFO  impl.RoleInfo (RoleInfo.java:updateAndGet(143)) - 4b487190-7547-40c7-b780-43c37a89e8eb: start FollowerState
2019-10-18 07:54:53,585 [Thread-2886] INFO  impl.FollowerState (FollowerState.java:run(108)) - 4b487190-7547-40c7-b780-43c37a89e8eb@group-BAC069DAEF17-FollowerState: change to CANDIDATE, lastRpcTime:43ms, electionTimeout:43ms
2019-10-18 07:54:53,586 [Thread-2886] INFO  impl.RoleInfo (RoleInfo.java:shutdownFollowerState(121)) - 4b487190-7547-40c7-b780-43c37a89e8eb: shutdown FollowerState
2019-10-18 07:54:53,586 [Thread-2886] INFO  impl.RaftServerImpl (RaftServerImpl.java:setRole(184)) - 4b487190-7547-40c7-b780-43c37a89e8eb@group-BAC069DAEF17: changes role from  FOLLOWER to CANDIDATE at term 424 for changeToCandidate
2019-10-18 07:54:53,586 [Thread-2886] INFO  impl.RoleInfo (RoleInfo.java:updateAndGet(143)) - 4b487190-7547-40c7-b780-43c37a89e8eb: start LeaderElection
2019-10-18 07:54:53,600 [4b487190-7547-40c7-b780-43c37a89e8eb@group-BAC069DAEF17-LeaderElection399] INFO  impl.LeaderElection (LeaderElection.java:askForVotes(178)) - 4b487190-7547-40c7-b780-43c37a89e8eb@group-BAC069DAEF17-LeaderElection399: begin an election at term 425 for -1: [6fa005cd-25d6-4e29-bda6-9462a060c098:192.168.69.67:36093, 4b487190-7547-40c7-b780-43c37a89e8eb:192.168.69.67:39683, 3d3aac8b-d4d1-454d-bf0c-88a180692893:192.168.69.67:34429], old=null
2019-10-18 07:54:53,601 [4b487190-7547-40c7-b780-43c37a89e8eb@group-BAC069DAEF17-LeaderElection399] INFO  impl.LeaderElection (LogUtils.java:infoOrTrace(149)) - 4b487190-7547-40c7-b780-43c37a89e8eb@group-BAC069DAEF17-LeaderElection399 got exception when requesting votes: {}
java.util.concurrent.ExecutionException: org.apache.ratis.thirdparty.io.grpc.StatusRuntimeException: UNAVAILABLE: io exception
	at java.util.concurrent.FutureTask.report(FutureTask.java:122)
	at java.util.concurrent.FutureTask.get(FutureTask.java:192)
	at org.apache.ratis.server.impl.LeaderElection.waitForResults(LeaderElection.java:259)
	at org.apache.ratis.server.impl.LeaderElection.askForVotes(LeaderElection.java:197)
	at org.apache.ratis.server.impl.LeaderElection.run(LeaderElection.java:133)
	at java.lang.Thread.run(Thread.java:748)
Caused by: org.apache.ratis.thirdparty.io.grpc.StatusRuntimeException: UNAVAILABLE: io exception
	at org.apache.ratis.thirdparty.io.grpc.stub.ClientCalls.toStatusRuntimeException(ClientCalls.java:233)
	at org.apache.ratis.thirdparty.io.grpc.stub.ClientCalls.getUnchecked(ClientCalls.java:214)
	at org.apache.ratis.thirdparty.io.grpc.stub.ClientCalls.blockingUnaryCall(ClientCalls.java:139)
	at org.apache.ratis.proto.grpc.RaftServerProtocolServiceGrpc$RaftServerProtocolServiceBlockingStub.requestVote(RaftServerProtocolServiceGrpc.java:265)
	at org.apache.ratis.grpc.server.GrpcServerProtocolClient.requestVote(GrpcServerProtocolClient.java:99)
	at org.apache.ratis.grpc.server.GrpcService.requestVote(GrpcService.java:204)
	at org.apache.ratis.server.impl.LeaderElection.lambda$submitRequests$1(LeaderElection.java:234)
	at java.util.concurrent.FutureTask.run(FutureTask.java:266)
	at java.util.concurrent.Executors$RunnableAdapter.call(Executors.java:511)
	at java.util.concurrent.FutureTask.run(FutureTask.java:266)
	at java.util.concurrent.ThreadPoolExecutor.runWorker(ThreadPoolExecutor.java:1149)
	at java.util.concurrent.ThreadPoolExecutor$Worker.run(ThreadPoolExecutor.java:624)
	... 1 more
Caused by: org.apache.ratis.thirdparty.io.netty.channel.AbstractChannel$AnnotatedConnectException: Connection refused: /192.168.69.67:34429
	at sun.nio.ch.SocketChannelImpl.checkConnect(Native Method)
	at sun.nio.ch.SocketChannelImpl.finishConnect(SocketChannelImpl.java:717)
	at org.apache.ratis.thirdparty.io.netty.channel.socket.nio.NioSocketChannel.doFinishConnect(NioSocketChannel.java:327)
	at org.apache.ratis.thirdparty.io.netty.channel.nio.AbstractNioChannel$AbstractNioUnsafe.finishConnect(AbstractNioChannel.java:340)
	at org.apache.ratis.thirdparty.io.netty.channel.nio.NioEventLoop.processSelectedKey(NioEventLoop.java:632)
	at org.apache.ratis.thirdparty.io.netty.channel.nio.NioEventLoop.processSelectedKeysOptimized(NioEventLoop.java:579)
	at org.apache.ratis.thirdparty.io.netty.channel.nio.NioEventLoop.processSelectedKeys(NioEventLoop.java:496)
	at org.apache.ratis.thirdparty.io.netty.channel.nio.NioEventLoop.run(NioEventLoop.java:458)
	at org.apache.ratis.thirdparty.io.netty.util.concurrent.SingleThreadEventExecutor$5.run(SingleThreadEventExecutor.java:897)
	at org.apache.ratis.thirdparty.io.netty.util.concurrent.FastThreadLocalRunnable.run(FastThreadLocalRunnable.java:30)
	... 1 more
Caused by: java.net.ConnectException: Connection refused
	... 11 more
2019-10-18 07:54:53,603 [grpc-default-executor-0] INFO  impl.RaftServerImpl (RaftServerImpl.java:setRole(184)) - 6fa005cd-25d6-4e29-bda6-9462a060c098@group-BAC069DAEF17: changes role from  FOLLOWER to FOLLOWER at term 425 for recognizeCandidate:4b487190-7547-40c7-b780-43c37a89e8eb
2019-10-18 07:54:53,603 [grpc-default-executor-0] INFO  impl.RoleInfo (RoleInfo.java:shutdownFollowerState(121)) - 6fa005cd-25d6-4e29-bda6-9462a060c098: shutdown FollowerState
2019-10-18 07:54:53,603 [grpc-default-executor-0] INFO  impl.RoleInfo (RoleInfo.java:updateAndGet(143)) - 6fa005cd-25d6-4e29-bda6-9462a060c098: start FollowerState
2019-10-18 07:54:53,603 [Thread-2885] INFO  impl.FollowerState (FollowerState.java:run(117)) - 6fa005cd-25d6-4e29-bda6-9462a060c098@group-BAC069DAEF17-FollowerState was interrupted: java.lang.InterruptedException: sleep interrupted
2019-10-18 07:54:53,631 [4b487190-7547-40c7-b780-43c37a89e8eb@group-BAC069DAEF17-LeaderElection399] INFO  impl.LeaderElection (LeaderElection.java:logAndReturn(56)) - 4b487190-7547-40c7-b780-43c37a89e8eb@group-BAC069DAEF17-LeaderElection399: Election REJECTED; received 1 response(s) [4b487190-7547-40c7-b780-43c37a89e8eb<-6fa005cd-25d6-4e29-bda6-9462a060c098#0:FAIL-t425] and 1 exception(s); 4b487190-7547-40c7-b780-43c37a89e8eb@group-BAC069DAEF17:t425, leader=null, voted=4b487190-7547-40c7-b780-43c37a89e8eb, raftlog=4b487190-7547-40c7-b780-43c37a89e8eb@group-BAC069DAEF17-SegmentedRaftLog:OPENED:c-1,f-1,i0, conf=-1: [6fa005cd-25d6-4e29-bda6-9462a060c098:192.168.69.67:36093, 4b487190-7547-40c7-b780-43c37a89e8eb:192.168.69.67:39683, 3d3aac8b-d4d1-454d-bf0c-88a180692893:192.168.69.67:34429], old=null
2019-10-18 07:54:53,631 [4b487190-7547-40c7-b780-43c37a89e8eb@group-BAC069DAEF17-LeaderElection399] INFO  impl.LeaderElection (LogUtils.java:infoOrTrace(149)) -   Exception 0: {}
java.util.concurrent.ExecutionException: org.apache.ratis.thirdparty.io.grpc.StatusRuntimeException: UNAVAILABLE: io exception
	at java.util.concurrent.FutureTask.report(FutureTask.java:122)
	at java.util.concurrent.FutureTask.get(FutureTask.java:192)
	at org.apache.ratis.server.impl.LeaderElection.waitForResults(LeaderElection.java:259)
	at org.apache.ratis.server.impl.LeaderElection.askForVotes(LeaderElection.java:197)
	at org.apache.ratis.server.impl.LeaderElection.run(LeaderElection.java:133)
	at java.lang.Thread.run(Thread.java:748)
Caused by: org.apache.ratis.thirdparty.io.grpc.StatusRuntimeException: UNAVAILABLE: io exception
	at org.apache.ratis.thirdparty.io.grpc.stub.ClientCalls.toStatusRuntimeException(ClientCalls.java:233)
	at org.apache.ratis.thirdparty.io.grpc.stub.ClientCalls.getUnchecked(ClientCalls.java:214)
	at org.apache.ratis.thirdparty.io.grpc.stub.ClientCalls.blockingUnaryCall(ClientCalls.java:139)
	at org.apache.ratis.proto.grpc.RaftServerProtocolServiceGrpc$RaftServerProtocolServiceBlockingStub.requestVote(RaftServerProtocolServiceGrpc.java:265)
	at org.apache.ratis.grpc.server.GrpcServerProtocolClient.requestVote(GrpcServerProtocolClient.java:99)
	at org.apache.ratis.grpc.server.GrpcService.requestVote(GrpcService.java:204)
	at org.apache.ratis.server.impl.LeaderElection.lambda$submitRequests$1(LeaderElection.java:234)
	at java.util.concurrent.FutureTask.run(FutureTask.java:266)
	at java.util.concurrent.Executors$RunnableAdapter.call(Executors.java:511)
	at java.util.concurrent.FutureTask.run(FutureTask.java:266)
	at java.util.concurrent.ThreadPoolExecutor.runWorker(ThreadPoolExecutor.java:1149)
	at java.util.concurrent.ThreadPoolExecutor$Worker.run(ThreadPoolExecutor.java:624)
	... 1 more
Caused by: org.apache.ratis.thirdparty.io.netty.channel.AbstractChannel$AnnotatedConnectException: Connection refused: /192.168.69.67:34429
	at sun.nio.ch.SocketChannelImpl.checkConnect(Native Method)
	at sun.nio.ch.SocketChannelImpl.finishConnect(SocketChannelImpl.java:717)
	at org.apache.ratis.thirdparty.io.netty.channel.socket.nio.NioSocketChannel.doFinishConnect(NioSocketChannel.java:327)
	at org.apache.ratis.thirdparty.io.netty.channel.nio.AbstractNioChannel$AbstractNioUnsafe.finishConnect(AbstractNioChannel.java:340)
	at org.apache.ratis.thirdparty.io.netty.channel.nio.NioEventLoop.processSelectedKey(NioEventLoop.java:632)
	at org.apache.ratis.thirdparty.io.netty.channel.nio.NioEventLoop.processSelectedKeysOptimized(NioEventLoop.java:579)
	at org.apache.ratis.thirdparty.io.netty.channel.nio.NioEventLoop.processSelectedKeys(NioEventLoop.java:496)
	at org.apache.ratis.thirdparty.io.netty.channel.nio.NioEventLoop.run(NioEventLoop.java:458)
	at org.apache.ratis.thirdparty.io.netty.util.concurrent.SingleThreadEventExecutor$5.run(SingleThreadEventExecutor.java:897)
	at org.apache.ratis.thirdparty.io.netty.util.concurrent.FastThreadLocalRunnable.run(FastThreadLocalRunnable.java:30)
	... 1 more
Caused by: java.net.ConnectException: Connection refused
	... 11 more
2019-10-18 07:54:53,632 [4b487190-7547-40c7-b780-43c37a89e8eb@group-BAC069DAEF17-LeaderElection399] INFO  impl.RaftServerImpl (RaftServerImpl.java:setRole(184)) - 4b487190-7547-40c7-b780-43c37a89e8eb@group-BAC069DAEF17: changes role from CANDIDATE to FOLLOWER at term 425 for DISCOVERED_A_NEW_TERM
2019-10-18 07:54:53,632 [4b487190-7547-40c7-b780-43c37a89e8eb@group-BAC069DAEF17-LeaderElection399] INFO  impl.RoleInfo (RoleInfo.java:shutdownLeaderElection(134)) - 4b487190-7547-40c7-b780-43c37a89e8eb: shutdown LeaderElection
2019-10-18 07:54:53,633 [4b487190-7547-40c7-b780-43c37a89e8eb@group-BAC069DAEF17-LeaderElection399] INFO  impl.RoleInfo (RoleInfo.java:updateAndGet(143)) - 4b487190-7547-40c7-b780-43c37a89e8eb: start FollowerState
2019-10-18 07:54:53,765 [Thread-2891] INFO  impl.FollowerState (FollowerState.java:run(108)) - 4b487190-7547-40c7-b780-43c37a89e8eb@group-BAC069DAEF17-FollowerState: change to CANDIDATE, lastRpcTime:132ms, electionTimeout:132ms
2019-10-18 07:54:53,765 [Thread-2891] INFO  impl.RoleInfo (RoleInfo.java:shutdownFollowerState(121)) - 4b487190-7547-40c7-b780-43c37a89e8eb: shutdown FollowerState
2019-10-18 07:54:53,765 [Thread-2891] INFO  impl.RaftServerImpl (RaftServerImpl.java:setRole(184)) - 4b487190-7547-40c7-b780-43c37a89e8eb@group-BAC069DAEF17: changes role from  FOLLOWER to CANDIDATE at term 425 for changeToCandidate
2019-10-18 07:54:53,766 [Thread-2891] INFO  impl.RoleInfo (RoleInfo.java:updateAndGet(143)) - 4b487190-7547-40c7-b780-43c37a89e8eb: start LeaderElection
2019-10-18 07:54:53,779 [4b487190-7547-40c7-b780-43c37a89e8eb@group-BAC069DAEF17-LeaderElection400] INFO  impl.LeaderElection (LeaderElection.java:askForVotes(178)) - 4b487190-7547-40c7-b780-43c37a89e8eb@group-BAC069DAEF17-LeaderElection400: begin an election at term 426 for -1: [6fa005cd-25d6-4e29-bda6-9462a060c098:192.168.69.67:36093, 4b487190-7547-40c7-b780-43c37a89e8eb:192.168.69.67:39683, 3d3aac8b-d4d1-454d-bf0c-88a180692893:192.168.69.67:34429], old=null
2019-10-18 07:54:53,780 [4b487190-7547-40c7-b780-43c37a89e8eb@group-BAC069DAEF17-LeaderElection400] INFO  impl.LeaderElection (LogUtils.java:infoOrTrace(149)) - 4b487190-7547-40c7-b780-43c37a89e8eb@group-BAC069DAEF17-LeaderElection400 got exception when requesting votes: {}
java.util.concurrent.ExecutionException: org.apache.ratis.thirdparty.io.grpc.StatusRuntimeException: UNAVAILABLE: io exception
	at java.util.concurrent.FutureTask.report(FutureTask.java:122)
	at java.util.concurrent.FutureTask.get(FutureTask.java:192)
	at org.apache.ratis.server.impl.LeaderElection.waitForResults(LeaderElection.java:259)
	at org.apache.ratis.server.impl.LeaderElection.askForVotes(LeaderElection.java:197)
	at org.apache.ratis.server.impl.LeaderElection.run(LeaderElection.java:133)
	at java.lang.Thread.run(Thread.java:748)
Caused by: org.apache.ratis.thirdparty.io.grpc.StatusRuntimeException: UNAVAILABLE: io exception
	at org.apache.ratis.thirdparty.io.grpc.stub.ClientCalls.toStatusRuntimeException(ClientCalls.java:233)
	at org.apache.ratis.thirdparty.io.grpc.stub.ClientCalls.getUnchecked(ClientCalls.java:214)
	at org.apache.ratis.thirdparty.io.grpc.stub.ClientCalls.blockingUnaryCall(ClientCalls.java:139)
	at org.apache.ratis.proto.grpc.RaftServerProtocolServiceGrpc$RaftServerProtocolServiceBlockingStub.requestVote(RaftServerProtocolServiceGrpc.java:265)
	at org.apache.ratis.grpc.server.GrpcServerProtocolClient.requestVote(GrpcServerProtocolClient.java:99)
	at org.apache.ratis.grpc.server.GrpcService.requestVote(GrpcService.java:204)
	at org.apache.ratis.server.impl.LeaderElection.lambda$submitRequests$1(LeaderElection.java:234)
	at java.util.concurrent.FutureTask.run(FutureTask.java:266)
	at java.util.concurrent.Executors$RunnableAdapter.call(Executors.java:511)
	at java.util.concurrent.FutureTask.run(FutureTask.java:266)
	at java.util.concurrent.ThreadPoolExecutor.runWorker(ThreadPoolExecutor.java:1149)
	at java.util.concurrent.ThreadPoolExecutor$Worker.run(ThreadPoolExecutor.java:624)
	... 1 more
Caused by: org.apache.ratis.thirdparty.io.netty.channel.AbstractChannel$AnnotatedConnectException: Connection refused: /192.168.69.67:34429
	at sun.nio.ch.SocketChannelImpl.checkConnect(Native Method)
	at sun.nio.ch.SocketChannelImpl.finishConnect(SocketChannelImpl.java:717)
	at org.apache.ratis.thirdparty.io.netty.channel.socket.nio.NioSocketChannel.doFinishConnect(NioSocketChannel.java:327)
	at org.apache.ratis.thirdparty.io.netty.channel.nio.AbstractNioChannel$AbstractNioUnsafe.finishConnect(AbstractNioChannel.java:340)
	at org.apache.ratis.thirdparty.io.netty.channel.nio.NioEventLoop.processSelectedKey(NioEventLoop.java:632)
	at org.apache.ratis.thirdparty.io.netty.channel.nio.NioEventLoop.processSelectedKeysOptimized(NioEventLoop.java:579)
	at org.apache.ratis.thirdparty.io.netty.channel.nio.NioEventLoop.processSelectedKeys(NioEventLoop.java:496)
	at org.apache.ratis.thirdparty.io.netty.channel.nio.NioEventLoop.run(NioEventLoop.java:458)
	at org.apache.ratis.thirdparty.io.netty.util.concurrent.SingleThreadEventExecutor$5.run(SingleThreadEventExecutor.java:897)
	at org.apache.ratis.thirdparty.io.netty.util.concurrent.FastThreadLocalRunnable.run(FastThreadLocalRunnable.java:30)
	... 1 more
Caused by: java.net.ConnectException: Connection refused
	... 11 more
2019-10-18 07:54:53,782 [grpc-default-executor-0] INFO  impl.RaftServerImpl (RaftServerImpl.java:setRole(184)) - 6fa005cd-25d6-4e29-bda6-9462a060c098@group-BAC069DAEF17: changes role from  FOLLOWER to FOLLOWER at term 426 for recognizeCandidate:4b487190-7547-40c7-b780-43c37a89e8eb
2019-10-18 07:54:53,782 [grpc-default-executor-0] INFO  impl.RoleInfo (RoleInfo.java:shutdownFollowerState(121)) - 6fa005cd-25d6-4e29-bda6-9462a060c098: shutdown FollowerState
2019-10-18 07:54:53,783 [grpc-default-executor-0] INFO  impl.RoleInfo (RoleInfo.java:updateAndGet(143)) - 6fa005cd-25d6-4e29-bda6-9462a060c098: start FollowerState
2019-10-18 07:54:53,783 [Thread-2890] INFO  impl.FollowerState (FollowerState.java:run(117)) - 6fa005cd-25d6-4e29-bda6-9462a060c098@group-BAC069DAEF17-FollowerState was interrupted: java.lang.InterruptedException: sleep interrupted
2019-10-18 07:54:53,797 [4b487190-7547-40c7-b780-43c37a89e8eb@group-BAC069DAEF17-LeaderElection400] INFO  impl.LeaderElection (LeaderElection.java:logAndReturn(56)) - 4b487190-7547-40c7-b780-43c37a89e8eb@group-BAC069DAEF17-LeaderElection400: Election REJECTED; received 1 response(s) [4b487190-7547-40c7-b780-43c37a89e8eb<-6fa005cd-25d6-4e29-bda6-9462a060c098#0:FAIL-t426] and 1 exception(s); 4b487190-7547-40c7-b780-43c37a89e8eb@group-BAC069DAEF17:t426, leader=null, voted=4b487190-7547-40c7-b780-43c37a89e8eb, raftlog=4b487190-7547-40c7-b780-43c37a89e8eb@group-BAC069DAEF17-SegmentedRaftLog:OPENED:c-1,f-1,i0, conf=-1: [6fa005cd-25d6-4e29-bda6-9462a060c098:192.168.69.67:36093, 4b487190-7547-40c7-b780-43c37a89e8eb:192.168.69.67:39683, 3d3aac8b-d4d1-454d-bf0c-88a180692893:192.168.69.67:34429], old=null
2019-10-18 07:54:53,797 [4b487190-7547-40c7-b780-43c37a89e8eb@group-BAC069DAEF17-LeaderElection400] INFO  impl.LeaderElection (LogUtils.java:infoOrTrace(149)) -   Exception 0: {}
java.util.concurrent.ExecutionException: org.apache.ratis.thirdparty.io.grpc.StatusRuntimeException: UNAVAILABLE: io exception
	at java.util.concurrent.FutureTask.report(FutureTask.java:122)
	at java.util.concurrent.FutureTask.get(FutureTask.java:192)
	at org.apache.ratis.server.impl.LeaderElection.waitForResults(LeaderElection.java:259)
	at org.apache.ratis.server.impl.LeaderElection.askForVotes(LeaderElection.java:197)
	at org.apache.ratis.server.impl.LeaderElection.run(LeaderElection.java:133)
	at java.lang.Thread.run(Thread.java:748)
Caused by: org.apache.ratis.thirdparty.io.grpc.StatusRuntimeException: UNAVAILABLE: io exception
	at org.apache.ratis.thirdparty.io.grpc.stub.ClientCalls.toStatusRuntimeException(ClientCalls.java:233)
	at org.apache.ratis.thirdparty.io.grpc.stub.ClientCalls.getUnchecked(ClientCalls.java:214)
	at org.apache.ratis.thirdparty.io.grpc.stub.ClientCalls.blockingUnaryCall(ClientCalls.java:139)
	at org.apache.ratis.proto.grpc.RaftServerProtocolServiceGrpc$RaftServerProtocolServiceBlockingStub.requestVote(RaftServerProtocolServiceGrpc.java:265)
	at org.apache.ratis.grpc.server.GrpcServerProtocolClient.requestVote(GrpcServerProtocolClient.java:99)
	at org.apache.ratis.grpc.server.GrpcService.requestVote(GrpcService.java:204)
	at org.apache.ratis.server.impl.LeaderElection.lambda$submitRequests$1(LeaderElection.java:234)
	at java.util.concurrent.FutureTask.run(FutureTask.java:266)
	at java.util.concurrent.Executors$RunnableAdapter.call(Executors.java:511)
	at java.util.concurrent.FutureTask.run(FutureTask.java:266)
	at java.util.concurrent.ThreadPoolExecutor.runWorker(ThreadPoolExecutor.java:1149)
	at java.util.concurrent.ThreadPoolExecutor$Worker.run(ThreadPoolExecutor.java:624)
	... 1 more
Caused by: org.apache.ratis.thirdparty.io.netty.channel.AbstractChannel$AnnotatedConnectException: Connection refused: /192.168.69.67:34429
	at sun.nio.ch.SocketChannelImpl.checkConnect(Native Method)
	at sun.nio.ch.SocketChannelImpl.finishConnect(SocketChannelImpl.java:717)
	at org.apache.ratis.thirdparty.io.netty.channel.socket.nio.NioSocketChannel.doFinishConnect(NioSocketChannel.java:327)
	at org.apache.ratis.thirdparty.io.netty.channel.nio.AbstractNioChannel$AbstractNioUnsafe.finishConnect(AbstractNioChannel.java:340)
	at org.apache.ratis.thirdparty.io.netty.channel.nio.NioEventLoop.processSelectedKey(NioEventLoop.java:632)
	at org.apache.ratis.thirdparty.io.netty.channel.nio.NioEventLoop.processSelectedKeysOptimized(NioEventLoop.java:579)
	at org.apache.ratis.thirdparty.io.netty.channel.nio.NioEventLoop.processSelectedKeys(NioEventLoop.java:496)
	at org.apache.ratis.thirdparty.io.netty.channel.nio.NioEventLoop.run(NioEventLoop.java:458)
	at org.apache.ratis.thirdparty.io.netty.util.concurrent.SingleThreadEventExecutor$5.run(SingleThreadEventExecutor.java:897)
	at org.apache.ratis.thirdparty.io.netty.util.concurrent.FastThreadLocalRunnable.run(FastThreadLocalRunnable.java:30)
	... 1 more
Caused by: java.net.ConnectException: Connection refused
	... 11 more
2019-10-18 07:54:53,797 [4b487190-7547-40c7-b780-43c37a89e8eb@group-BAC069DAEF17-LeaderElection400] INFO  impl.RaftServerImpl (RaftServerImpl.java:setRole(184)) - 4b487190-7547-40c7-b780-43c37a89e8eb@group-BAC069DAEF17: changes role from CANDIDATE to FOLLOWER at term 426 for DISCOVERED_A_NEW_TERM
2019-10-18 07:54:53,797 [4b487190-7547-40c7-b780-43c37a89e8eb@group-BAC069DAEF17-LeaderElection400] INFO  impl.RoleInfo (RoleInfo.java:shutdownLeaderElection(134)) - 4b487190-7547-40c7-b780-43c37a89e8eb: shutdown LeaderElection
2019-10-18 07:54:53,797 [4b487190-7547-40c7-b780-43c37a89e8eb@group-BAC069DAEF17-LeaderElection400] INFO  impl.RoleInfo (RoleInfo.java:updateAndGet(143)) - 4b487190-7547-40c7-b780-43c37a89e8eb: start FollowerState
2019-10-18 07:54:53,947 [Thread-2896] INFO  impl.FollowerState (FollowerState.java:run(108)) - 4b487190-7547-40c7-b780-43c37a89e8eb@group-BAC069DAEF17-FollowerState: change to CANDIDATE, lastRpcTime:149ms, electionTimeout:149ms
2019-10-18 07:54:53,947 [Thread-2896] INFO  impl.RoleInfo (RoleInfo.java:shutdownFollowerState(121)) - 4b487190-7547-40c7-b780-43c37a89e8eb: shutdown FollowerState
2019-10-18 07:54:53,947 [Thread-2896] INFO  impl.RaftServerImpl (RaftServerImpl.java:setRole(184)) - 4b487190-7547-40c7-b780-43c37a89e8eb@group-BAC069DAEF17: changes role from  FOLLOWER to CANDIDATE at term 426 for changeToCandidate
2019-10-18 07:54:53,948 [Thread-2896] INFO  impl.RoleInfo (RoleInfo.java:updateAndGet(143)) - 4b487190-7547-40c7-b780-43c37a89e8eb: start LeaderElection
2019-10-18 07:54:53,960 [4b487190-7547-40c7-b780-43c37a89e8eb@group-BAC069DAEF17-LeaderElection401] INFO  impl.LeaderElection (LeaderElection.java:askForVotes(178)) - 4b487190-7547-40c7-b780-43c37a89e8eb@group-BAC069DAEF17-LeaderElection401: begin an election at term 427 for -1: [6fa005cd-25d6-4e29-bda6-9462a060c098:192.168.69.67:36093, 4b487190-7547-40c7-b780-43c37a89e8eb:192.168.69.67:39683, 3d3aac8b-d4d1-454d-bf0c-88a180692893:192.168.69.67:34429], old=null
2019-10-18 07:54:53,962 [4b487190-7547-40c7-b780-43c37a89e8eb@group-BAC069DAEF17-LeaderElection401] INFO  impl.LeaderElection (LogUtils.java:infoOrTrace(149)) - 4b487190-7547-40c7-b780-43c37a89e8eb@group-BAC069DAEF17-LeaderElection401 got exception when requesting votes: {}
java.util.concurrent.ExecutionException: org.apache.ratis.thirdparty.io.grpc.StatusRuntimeException: UNAVAILABLE: io exception
	at java.util.concurrent.FutureTask.report(FutureTask.java:122)
	at java.util.concurrent.FutureTask.get(FutureTask.java:192)
	at org.apache.ratis.server.impl.LeaderElection.waitForResults(LeaderElection.java:259)
	at org.apache.ratis.server.impl.LeaderElection.askForVotes(LeaderElection.java:197)
	at org.apache.ratis.server.impl.LeaderElection.run(LeaderElection.java:133)
	at java.lang.Thread.run(Thread.java:748)
Caused by: org.apache.ratis.thirdparty.io.grpc.StatusRuntimeException: UNAVAILABLE: io exception
	at org.apache.ratis.thirdparty.io.grpc.stub.ClientCalls.toStatusRuntimeException(ClientCalls.java:233)
	at org.apache.ratis.thirdparty.io.grpc.stub.ClientCalls.getUnchecked(ClientCalls.java:214)
	at org.apache.ratis.thirdparty.io.grpc.stub.ClientCalls.blockingUnaryCall(ClientCalls.java:139)
	at org.apache.ratis.proto.grpc.RaftServerProtocolServiceGrpc$RaftServerProtocolServiceBlockingStub.requestVote(RaftServerProtocolServiceGrpc.java:265)
	at org.apache.ratis.grpc.server.GrpcServerProtocolClient.requestVote(GrpcServerProtocolClient.java:99)
	at org.apache.ratis.grpc.server.GrpcService.requestVote(GrpcService.java:204)
	at org.apache.ratis.server.impl.LeaderElection.lambda$submitRequests$1(LeaderElection.java:234)
	at java.util.concurrent.FutureTask.run(FutureTask.java:266)
	at java.util.concurrent.Executors$RunnableAdapter.call(Executors.java:511)
	at java.util.concurrent.FutureTask.run(FutureTask.java:266)
	at java.util.concurrent.ThreadPoolExecutor.runWorker(ThreadPoolExecutor.java:1149)
	at java.util.concurrent.ThreadPoolExecutor$Worker.run(ThreadPoolExecutor.java:624)
	... 1 more
Caused by: org.apache.ratis.thirdparty.io.netty.channel.AbstractChannel$AnnotatedConnectException: Connection refused: /192.168.69.67:34429
	at sun.nio.ch.SocketChannelImpl.checkConnect(Native Method)
	at sun.nio.ch.SocketChannelImpl.finishConnect(SocketChannelImpl.java:717)
	at org.apache.ratis.thirdparty.io.netty.channel.socket.nio.NioSocketChannel.doFinishConnect(NioSocketChannel.java:327)
	at org.apache.ratis.thirdparty.io.netty.channel.nio.AbstractNioChannel$AbstractNioUnsafe.finishConnect(AbstractNioChannel.java:340)
	at org.apache.ratis.thirdparty.io.netty.channel.nio.NioEventLoop.processSelectedKey(NioEventLoop.java:632)
	at org.apache.ratis.thirdparty.io.netty.channel.nio.NioEventLoop.processSelectedKeysOptimized(NioEventLoop.java:579)
	at org.apache.ratis.thirdparty.io.netty.channel.nio.NioEventLoop.processSelectedKeys(NioEventLoop.java:496)
	at org.apache.ratis.thirdparty.io.netty.channel.nio.NioEventLoop.run(NioEventLoop.java:458)
	at org.apache.ratis.thirdparty.io.netty.util.concurrent.SingleThreadEventExecutor$5.run(SingleThreadEventExecutor.java:897)
	at org.apache.ratis.thirdparty.io.netty.util.concurrent.FastThreadLocalRunnable.run(FastThreadLocalRunnable.java:30)
	... 1 more
Caused by: java.net.ConnectException: Connection refused
	... 11 more
2019-10-18 07:54:53,964 [grpc-default-executor-0] INFO  impl.RaftServerImpl (RaftServerImpl.java:setRole(184)) - 6fa005cd-25d6-4e29-bda6-9462a060c098@group-BAC069DAEF17: changes role from  FOLLOWER to FOLLOWER at term 427 for recognizeCandidate:4b487190-7547-40c7-b780-43c37a89e8eb
2019-10-18 07:54:53,964 [grpc-default-executor-0] INFO  impl.RoleInfo (RoleInfo.java:shutdownFollowerState(121)) - 6fa005cd-25d6-4e29-bda6-9462a060c098: shutdown FollowerState
2019-10-18 07:54:53,964 [grpc-default-executor-0] INFO  impl.RoleInfo (RoleInfo.java:updateAndGet(143)) - 6fa005cd-25d6-4e29-bda6-9462a060c098: start FollowerState
2019-10-18 07:54:53,964 [Thread-2895] INFO  impl.FollowerState (FollowerState.java:run(117)) - 6fa005cd-25d6-4e29-bda6-9462a060c098@group-BAC069DAEF17-FollowerState was interrupted: java.lang.InterruptedException: sleep interrupted
2019-10-18 07:54:53,978 [4b487190-7547-40c7-b780-43c37a89e8eb@group-BAC069DAEF17-LeaderElection401] INFO  impl.LeaderElection (LeaderElection.java:logAndReturn(56)) - 4b487190-7547-40c7-b780-43c37a89e8eb@group-BAC069DAEF17-LeaderElection401: Election REJECTED; received 1 response(s) [4b487190-7547-40c7-b780-43c37a89e8eb<-6fa005cd-25d6-4e29-bda6-9462a060c098#0:FAIL-t427] and 1 exception(s); 4b487190-7547-40c7-b780-43c37a89e8eb@group-BAC069DAEF17:t427, leader=null, voted=4b487190-7547-40c7-b780-43c37a89e8eb, raftlog=4b487190-7547-40c7-b780-43c37a89e8eb@group-BAC069DAEF17-SegmentedRaftLog:OPENED:c-1,f-1,i0, conf=-1: [6fa005cd-25d6-4e29-bda6-9462a060c098:192.168.69.67:36093, 4b487190-7547-40c7-b780-43c37a89e8eb:192.168.69.67:39683, 3d3aac8b-d4d1-454d-bf0c-88a180692893:192.168.69.67:34429], old=null
2019-10-18 07:54:53,979 [4b487190-7547-40c7-b780-43c37a89e8eb@group-BAC069DAEF17-LeaderElection401] INFO  impl.LeaderElection (LogUtils.java:infoOrTrace(149)) -   Exception 0: {}
java.util.concurrent.ExecutionException: org.apache.ratis.thirdparty.io.grpc.StatusRuntimeException: UNAVAILABLE: io exception
	at java.util.concurrent.FutureTask.report(FutureTask.java:122)
	at java.util.concurrent.FutureTask.get(FutureTask.java:192)
	at org.apache.ratis.server.impl.LeaderElection.waitForResults(LeaderElection.java:259)
	at org.apache.ratis.server.impl.LeaderElection.askForVotes(LeaderElection.java:197)
	at org.apache.ratis.server.impl.LeaderElection.run(LeaderElection.java:133)
	at java.lang.Thread.run(Thread.java:748)
Caused by: org.apache.ratis.thirdparty.io.grpc.StatusRuntimeException: UNAVAILABLE: io exception
	at org.apache.ratis.thirdparty.io.grpc.stub.ClientCalls.toStatusRuntimeException(ClientCalls.java:233)
	at org.apache.ratis.thirdparty.io.grpc.stub.ClientCalls.getUnchecked(ClientCalls.java:214)
	at org.apache.ratis.thirdparty.io.grpc.stub.ClientCalls.blockingUnaryCall(ClientCalls.java:139)
	at org.apache.ratis.proto.grpc.RaftServerProtocolServiceGrpc$RaftServerProtocolServiceBlockingStub.requestVote(RaftServerProtocolServiceGrpc.java:265)
	at org.apache.ratis.grpc.server.GrpcServerProtocolClient.requestVote(GrpcServerProtocolClient.java:99)
	at org.apache.ratis.grpc.server.GrpcService.requestVote(GrpcService.java:204)
	at org.apache.ratis.server.impl.LeaderElection.lambda$submitRequests$1(LeaderElection.java:234)
	at java.util.concurrent.FutureTask.run(FutureTask.java:266)
	at java.util.concurrent.Executors$RunnableAdapter.call(Executors.java:511)
	at java.util.concurrent.FutureTask.run(FutureTask.java:266)
	at java.util.concurrent.ThreadPoolExecutor.runWorker(ThreadPoolExecutor.java:1149)
	at java.util.concurrent.ThreadPoolExecutor$Worker.run(ThreadPoolExecutor.java:624)
	... 1 more
Caused by: org.apache.ratis.thirdparty.io.netty.channel.AbstractChannel$AnnotatedConnectException: Connection refused: /192.168.69.67:34429
	at sun.nio.ch.SocketChannelImpl.checkConnect(Native Method)
	at sun.nio.ch.SocketChannelImpl.finishConnect(SocketChannelImpl.java:717)
	at org.apache.ratis.thirdparty.io.netty.channel.socket.nio.NioSocketChannel.doFinishConnect(NioSocketChannel.java:327)
	at org.apache.ratis.thirdparty.io.netty.channel.nio.AbstractNioChannel$AbstractNioUnsafe.finishConnect(AbstractNioChannel.java:340)
	at org.apache.ratis.thirdparty.io.netty.channel.nio.NioEventLoop.processSelectedKey(NioEventLoop.java:632)
	at org.apache.ratis.thirdparty.io.netty.channel.nio.NioEventLoop.processSelectedKeysOptimized(NioEventLoop.java:579)
	at org.apache.ratis.thirdparty.io.netty.channel.nio.NioEventLoop.processSelectedKeys(NioEventLoop.java:496)
	at org.apache.ratis.thirdparty.io.netty.channel.nio.NioEventLoop.run(NioEventLoop.java:458)
	at org.apache.ratis.thirdparty.io.netty.util.concurrent.SingleThreadEventExecutor$5.run(SingleThreadEventExecutor.java:897)
	at org.apache.ratis.thirdparty.io.netty.util.concurrent.FastThreadLocalRunnable.run(FastThreadLocalRunnable.java:30)
	... 1 more
Caused by: java.net.ConnectException: Connection refused
	... 11 more
2019-10-18 07:54:53,979 [4b487190-7547-40c7-b780-43c37a89e8eb@group-BAC069DAEF17-LeaderElection401] INFO  impl.RaftServerImpl (RaftServerImpl.java:setRole(184)) - 4b487190-7547-40c7-b780-43c37a89e8eb@group-BAC069DAEF17: changes role from CANDIDATE to FOLLOWER at term 427 for DISCOVERED_A_NEW_TERM
2019-10-18 07:54:53,980 [4b487190-7547-40c7-b780-43c37a89e8eb@group-BAC069DAEF17-LeaderElection401] INFO  impl.RoleInfo (RoleInfo.java:shutdownLeaderElection(134)) - 4b487190-7547-40c7-b780-43c37a89e8eb: shutdown LeaderElection
2019-10-18 07:54:53,980 [4b487190-7547-40c7-b780-43c37a89e8eb@group-BAC069DAEF17-LeaderElection401] INFO  impl.RoleInfo (RoleInfo.java:updateAndGet(143)) - 4b487190-7547-40c7-b780-43c37a89e8eb: start FollowerState
2019-10-18 07:54:54,107 [Thread-2901] INFO  impl.FollowerState (FollowerState.java:run(108)) - 4b487190-7547-40c7-b780-43c37a89e8eb@group-BAC069DAEF17-FollowerState: change to CANDIDATE, lastRpcTime:127ms, electionTimeout:127ms
2019-10-18 07:54:54,108 [Thread-2901] INFO  impl.RoleInfo (RoleInfo.java:shutdownFollowerState(121)) - 4b487190-7547-40c7-b780-43c37a89e8eb: shutdown FollowerState
2019-10-18 07:54:54,108 [Thread-2901] INFO  impl.RaftServerImpl (RaftServerImpl.java:setRole(184)) - 4b487190-7547-40c7-b780-43c37a89e8eb@group-BAC069DAEF17: changes role from  FOLLOWER to CANDIDATE at term 427 for changeToCandidate
2019-10-18 07:54:54,108 [Thread-2901] INFO  impl.RoleInfo (RoleInfo.java:updateAndGet(143)) - 4b487190-7547-40c7-b780-43c37a89e8eb: start LeaderElection
2019-10-18 07:54:54,121 [4b487190-7547-40c7-b780-43c37a89e8eb@group-BAC069DAEF17-LeaderElection402] INFO  impl.LeaderElection (LeaderElection.java:askForVotes(178)) - 4b487190-7547-40c7-b780-43c37a89e8eb@group-BAC069DAEF17-LeaderElection402: begin an election at term 428 for -1: [6fa005cd-25d6-4e29-bda6-9462a060c098:192.168.69.67:36093, 4b487190-7547-40c7-b780-43c37a89e8eb:192.168.69.67:39683, 3d3aac8b-d4d1-454d-bf0c-88a180692893:192.168.69.67:34429], old=null
2019-10-18 07:54:54,122 [4b487190-7547-40c7-b780-43c37a89e8eb@group-BAC069DAEF17-LeaderElection402] INFO  impl.LeaderElection (LogUtils.java:infoOrTrace(149)) - 4b487190-7547-40c7-b780-43c37a89e8eb@group-BAC069DAEF17-LeaderElection402 got exception when requesting votes: {}
java.util.concurrent.ExecutionException: org.apache.ratis.thirdparty.io.grpc.StatusRuntimeException: UNAVAILABLE: io exception
	at java.util.concurrent.FutureTask.report(FutureTask.java:122)
	at java.util.concurrent.FutureTask.get(FutureTask.java:192)
	at org.apache.ratis.server.impl.LeaderElection.waitForResults(LeaderElection.java:259)
	at org.apache.ratis.server.impl.LeaderElection.askForVotes(LeaderElection.java:197)
	at org.apache.ratis.server.impl.LeaderElection.run(LeaderElection.java:133)
	at java.lang.Thread.run(Thread.java:748)
Caused by: org.apache.ratis.thirdparty.io.grpc.StatusRuntimeException: UNAVAILABLE: io exception
	at org.apache.ratis.thirdparty.io.grpc.stub.ClientCalls.toStatusRuntimeException(ClientCalls.java:233)
	at org.apache.ratis.thirdparty.io.grpc.stub.ClientCalls.getUnchecked(ClientCalls.java:214)
	at org.apache.ratis.thirdparty.io.grpc.stub.ClientCalls.blockingUnaryCall(ClientCalls.java:139)
	at org.apache.ratis.proto.grpc.RaftServerProtocolServiceGrpc$RaftServerProtocolServiceBlockingStub.requestVote(RaftServerProtocolServiceGrpc.java:265)
	at org.apache.ratis.grpc.server.GrpcServerProtocolClient.requestVote(GrpcServerProtocolClient.java:99)
	at org.apache.ratis.grpc.server.GrpcService.requestVote(GrpcService.java:204)
	at org.apache.ratis.server.impl.LeaderElection.lambda$submitRequests$1(LeaderElection.java:234)
	at java.util.concurrent.FutureTask.run(FutureTask.java:266)
	at java.util.concurrent.Executors$RunnableAdapter.call(Executors.java:511)
	at java.util.concurrent.FutureTask.run(FutureTask.java:266)
	at java.util.concurrent.ThreadPoolExecutor.runWorker(ThreadPoolExecutor.java:1149)
	at java.util.concurrent.ThreadPoolExecutor$Worker.run(ThreadPoolExecutor.java:624)
	... 1 more
Caused by: org.apache.ratis.thirdparty.io.netty.channel.AbstractChannel$AnnotatedConnectException: Connection refused: /192.168.69.67:34429
	at sun.nio.ch.SocketChannelImpl.checkConnect(Native Method)
	at sun.nio.ch.SocketChannelImpl.finishConnect(SocketChannelImpl.java:717)
	at org.apache.ratis.thirdparty.io.netty.channel.socket.nio.NioSocketChannel.doFinishConnect(NioSocketChannel.java:327)
	at org.apache.ratis.thirdparty.io.netty.channel.nio.AbstractNioChannel$AbstractNioUnsafe.finishConnect(AbstractNioChannel.java:340)
	at org.apache.ratis.thirdparty.io.netty.channel.nio.NioEventLoop.processSelectedKey(NioEventLoop.java:632)
	at org.apache.ratis.thirdparty.io.netty.channel.nio.NioEventLoop.processSelectedKeysOptimized(NioEventLoop.java:579)
	at org.apache.ratis.thirdparty.io.netty.channel.nio.NioEventLoop.processSelectedKeys(NioEventLoop.java:496)
	at org.apache.ratis.thirdparty.io.netty.channel.nio.NioEventLoop.run(NioEventLoop.java:458)
	at org.apache.ratis.thirdparty.io.netty.util.concurrent.SingleThreadEventExecutor$5.run(SingleThreadEventExecutor.java:897)
	at org.apache.ratis.thirdparty.io.netty.util.concurrent.FastThreadLocalRunnable.run(FastThreadLocalRunnable.java:30)
	... 1 more
Caused by: java.net.ConnectException: Connection refused
	... 11 more
2019-10-18 07:54:54,124 [grpc-default-executor-0] INFO  impl.RaftServerImpl (RaftServerImpl.java:setRole(184)) - 6fa005cd-25d6-4e29-bda6-9462a060c098@group-BAC069DAEF17: changes role from  FOLLOWER to FOLLOWER at term 428 for recognizeCandidate:4b487190-7547-40c7-b780-43c37a89e8eb
2019-10-18 07:54:54,125 [grpc-default-executor-0] INFO  impl.RoleInfo (RoleInfo.java:shutdownFollowerState(121)) - 6fa005cd-25d6-4e29-bda6-9462a060c098: shutdown FollowerState
2019-10-18 07:54:54,125 [grpc-default-executor-0] INFO  impl.RoleInfo (RoleInfo.java:updateAndGet(143)) - 6fa005cd-25d6-4e29-bda6-9462a060c098: start FollowerState
2019-10-18 07:54:54,125 [Thread-2900] INFO  impl.FollowerState (FollowerState.java:run(117)) - 6fa005cd-25d6-4e29-bda6-9462a060c098@group-BAC069DAEF17-FollowerState was interrupted: java.lang.InterruptedException: sleep interrupted
2019-10-18 07:54:54,138 [4b487190-7547-40c7-b780-43c37a89e8eb@group-BAC069DAEF17-LeaderElection402] INFO  impl.LeaderElection (LeaderElection.java:logAndReturn(56)) - 4b487190-7547-40c7-b780-43c37a89e8eb@group-BAC069DAEF17-LeaderElection402: Election REJECTED; received 1 response(s) [4b487190-7547-40c7-b780-43c37a89e8eb<-6fa005cd-25d6-4e29-bda6-9462a060c098#0:FAIL-t428] and 1 exception(s); 4b487190-7547-40c7-b780-43c37a89e8eb@group-BAC069DAEF17:t428, leader=null, voted=4b487190-7547-40c7-b780-43c37a89e8eb, raftlog=4b487190-7547-40c7-b780-43c37a89e8eb@group-BAC069DAEF17-SegmentedRaftLog:OPENED:c-1,f-1,i0, conf=-1: [6fa005cd-25d6-4e29-bda6-9462a060c098:192.168.69.67:36093, 4b487190-7547-40c7-b780-43c37a89e8eb:192.168.69.67:39683, 3d3aac8b-d4d1-454d-bf0c-88a180692893:192.168.69.67:34429], old=null
2019-10-18 07:54:54,138 [4b487190-7547-40c7-b780-43c37a89e8eb@group-BAC069DAEF17-LeaderElection402] INFO  impl.LeaderElection (LogUtils.java:infoOrTrace(149)) -   Exception 0: {}
java.util.concurrent.ExecutionException: org.apache.ratis.thirdparty.io.grpc.StatusRuntimeException: UNAVAILABLE: io exception
	at java.util.concurrent.FutureTask.report(FutureTask.java:122)
	at java.util.concurrent.FutureTask.get(FutureTask.java:192)
	at org.apache.ratis.server.impl.LeaderElection.waitForResults(LeaderElection.java:259)
	at org.apache.ratis.server.impl.LeaderElection.askForVotes(LeaderElection.java:197)
	at org.apache.ratis.server.impl.LeaderElection.run(LeaderElection.java:133)
	at java.lang.Thread.run(Thread.java:748)
Caused by: org.apache.ratis.thirdparty.io.grpc.StatusRuntimeException: UNAVAILABLE: io exception
	at org.apache.ratis.thirdparty.io.grpc.stub.ClientCalls.toStatusRuntimeException(ClientCalls.java:233)
	at org.apache.ratis.thirdparty.io.grpc.stub.ClientCalls.getUnchecked(ClientCalls.java:214)
	at org.apache.ratis.thirdparty.io.grpc.stub.ClientCalls.blockingUnaryCall(ClientCalls.java:139)
	at org.apache.ratis.proto.grpc.RaftServerProtocolServiceGrpc$RaftServerProtocolServiceBlockingStub.requestVote(RaftServerProtocolServiceGrpc.java:265)
	at org.apache.ratis.grpc.server.GrpcServerProtocolClient.requestVote(GrpcServerProtocolClient.java:99)
	at org.apache.ratis.grpc.server.GrpcService.requestVote(GrpcService.java:204)
	at org.apache.ratis.server.impl.LeaderElection.lambda$submitRequests$1(LeaderElection.java:234)
	at java.util.concurrent.FutureTask.run(FutureTask.java:266)
	at java.util.concurrent.Executors$RunnableAdapter.call(Executors.java:511)
	at java.util.concurrent.FutureTask.run(FutureTask.java:266)
	at java.util.concurrent.ThreadPoolExecutor.runWorker(ThreadPoolExecutor.java:1149)
	at java.util.concurrent.ThreadPoolExecutor$Worker.run(ThreadPoolExecutor.java:624)
	... 1 more
Caused by: org.apache.ratis.thirdparty.io.netty.channel.AbstractChannel$AnnotatedConnectException: Connection refused: /192.168.69.67:34429
	at sun.nio.ch.SocketChannelImpl.checkConnect(Native Method)
	at sun.nio.ch.SocketChannelImpl.finishConnect(SocketChannelImpl.java:717)
	at org.apache.ratis.thirdparty.io.netty.channel.socket.nio.NioSocketChannel.doFinishConnect(NioSocketChannel.java:327)
	at org.apache.ratis.thirdparty.io.netty.channel.nio.AbstractNioChannel$AbstractNioUnsafe.finishConnect(AbstractNioChannel.java:340)
	at org.apache.ratis.thirdparty.io.netty.channel.nio.NioEventLoop.processSelectedKey(NioEventLoop.java:632)
	at org.apache.ratis.thirdparty.io.netty.channel.nio.NioEventLoop.processSelectedKeysOptimized(NioEventLoop.java:579)
	at org.apache.ratis.thirdparty.io.netty.channel.nio.NioEventLoop.processSelectedKeys(NioEventLoop.java:496)
	at org.apache.ratis.thirdparty.io.netty.channel.nio.NioEventLoop.run(NioEventLoop.java:458)
	at org.apache.ratis.thirdparty.io.netty.util.concurrent.SingleThreadEventExecutor$5.run(SingleThreadEventExecutor.java:897)
	at org.apache.ratis.thirdparty.io.netty.util.concurrent.FastThreadLocalRunnable.run(FastThreadLocalRunnable.java:30)
	... 1 more
Caused by: java.net.ConnectException: Connection refused
	... 11 more
2019-10-18 07:54:54,139 [4b487190-7547-40c7-b780-43c37a89e8eb@group-BAC069DAEF17-LeaderElection402] INFO  impl.RaftServerImpl (RaftServerImpl.java:setRole(184)) - 4b487190-7547-40c7-b780-43c37a89e8eb@group-BAC069DAEF17: changes role from CANDIDATE to FOLLOWER at term 428 for DISCOVERED_A_NEW_TERM
2019-10-18 07:54:54,139 [4b487190-7547-40c7-b780-43c37a89e8eb@group-BAC069DAEF17-LeaderElection402] INFO  impl.RoleInfo (RoleInfo.java:shutdownLeaderElection(134)) - 4b487190-7547-40c7-b780-43c37a89e8eb: shutdown LeaderElection
2019-10-18 07:54:54,139 [4b487190-7547-40c7-b780-43c37a89e8eb@group-BAC069DAEF17-LeaderElection402] INFO  impl.RoleInfo (RoleInfo.java:updateAndGet(143)) - 4b487190-7547-40c7-b780-43c37a89e8eb: start FollowerState
2019-10-18 07:54:54,187 [Thread-2906] INFO  impl.FollowerState (FollowerState.java:run(108)) - 4b487190-7547-40c7-b780-43c37a89e8eb@group-BAC069DAEF17-FollowerState: change to CANDIDATE, lastRpcTime:48ms, electionTimeout:48ms
2019-10-18 07:54:54,188 [Thread-2906] INFO  impl.RoleInfo (RoleInfo.java:shutdownFollowerState(121)) - 4b487190-7547-40c7-b780-43c37a89e8eb: shutdown FollowerState
2019-10-18 07:54:54,188 [Thread-2906] INFO  impl.RaftServerImpl (RaftServerImpl.java:setRole(184)) - 4b487190-7547-40c7-b780-43c37a89e8eb@group-BAC069DAEF17: changes role from  FOLLOWER to CANDIDATE at term 428 for changeToCandidate
2019-10-18 07:54:54,188 [Thread-2906] INFO  impl.RoleInfo (RoleInfo.java:updateAndGet(143)) - 4b487190-7547-40c7-b780-43c37a89e8eb: start LeaderElection
2019-10-18 07:54:54,201 [4b487190-7547-40c7-b780-43c37a89e8eb@group-BAC069DAEF17-LeaderElection403] INFO  impl.LeaderElection (LeaderElection.java:askForVotes(178)) - 4b487190-7547-40c7-b780-43c37a89e8eb@group-BAC069DAEF17-LeaderElection403: begin an election at term 429 for -1: [6fa005cd-25d6-4e29-bda6-9462a060c098:192.168.69.67:36093, 4b487190-7547-40c7-b780-43c37a89e8eb:192.168.69.67:39683, 3d3aac8b-d4d1-454d-bf0c-88a180692893:192.168.69.67:34429], old=null
2019-10-18 07:54:54,202 [4b487190-7547-40c7-b780-43c37a89e8eb@group-BAC069DAEF17-LeaderElection403] INFO  impl.LeaderElection (LogUtils.java:infoOrTrace(149)) - 4b487190-7547-40c7-b780-43c37a89e8eb@group-BAC069DAEF17-LeaderElection403 got exception when requesting votes: {}
java.util.concurrent.ExecutionException: org.apache.ratis.thirdparty.io.grpc.StatusRuntimeException: UNAVAILABLE: io exception
	at java.util.concurrent.FutureTask.report(FutureTask.java:122)
	at java.util.concurrent.FutureTask.get(FutureTask.java:192)
	at org.apache.ratis.server.impl.LeaderElection.waitForResults(LeaderElection.java:259)
	at org.apache.ratis.server.impl.LeaderElection.askForVotes(LeaderElection.java:197)
	at org.apache.ratis.server.impl.LeaderElection.run(LeaderElection.java:133)
	at java.lang.Thread.run(Thread.java:748)
Caused by: org.apache.ratis.thirdparty.io.grpc.StatusRuntimeException: UNAVAILABLE: io exception
	at org.apache.ratis.thirdparty.io.grpc.stub.ClientCalls.toStatusRuntimeException(ClientCalls.java:233)
	at org.apache.ratis.thirdparty.io.grpc.stub.ClientCalls.getUnchecked(ClientCalls.java:214)
	at org.apache.ratis.thirdparty.io.grpc.stub.ClientCalls.blockingUnaryCall(ClientCalls.java:139)
	at org.apache.ratis.proto.grpc.RaftServerProtocolServiceGrpc$RaftServerProtocolServiceBlockingStub.requestVote(RaftServerProtocolServiceGrpc.java:265)
	at org.apache.ratis.grpc.server.GrpcServerProtocolClient.requestVote(GrpcServerProtocolClient.java:99)
	at org.apache.ratis.grpc.server.GrpcService.requestVote(GrpcService.java:204)
	at org.apache.ratis.server.impl.LeaderElection.lambda$submitRequests$1(LeaderElection.java:234)
	at java.util.concurrent.FutureTask.run(FutureTask.java:266)
	at java.util.concurrent.Executors$RunnableAdapter.call(Executors.java:511)
	at java.util.concurrent.FutureTask.run(FutureTask.java:266)
	at java.util.concurrent.ThreadPoolExecutor.runWorker(ThreadPoolExecutor.java:1149)
	at java.util.concurrent.ThreadPoolExecutor$Worker.run(ThreadPoolExecutor.java:624)
	... 1 more
Caused by: org.apache.ratis.thirdparty.io.netty.channel.AbstractChannel$AnnotatedConnectException: Connection refused: /192.168.69.67:34429
	at sun.nio.ch.SocketChannelImpl.checkConnect(Native Method)
	at sun.nio.ch.SocketChannelImpl.finishConnect(SocketChannelImpl.java:717)
	at org.apache.ratis.thirdparty.io.netty.channel.socket.nio.NioSocketChannel.doFinishConnect(NioSocketChannel.java:327)
	at org.apache.ratis.thirdparty.io.netty.channel.nio.AbstractNioChannel$AbstractNioUnsafe.finishConnect(AbstractNioChannel.java:340)
	at org.apache.ratis.thirdparty.io.netty.channel.nio.NioEventLoop.processSelectedKey(NioEventLoop.java:632)
	at org.apache.ratis.thirdparty.io.netty.channel.nio.NioEventLoop.processSelectedKeysOptimized(NioEventLoop.java:579)
	at org.apache.ratis.thirdparty.io.netty.channel.nio.NioEventLoop.processSelectedKeys(NioEventLoop.java:496)
	at org.apache.ratis.thirdparty.io.netty.channel.nio.NioEventLoop.run(NioEventLoop.java:458)
	at org.apache.ratis.thirdparty.io.netty.util.concurrent.SingleThreadEventExecutor$5.run(SingleThreadEventExecutor.java:897)
	at org.apache.ratis.thirdparty.io.netty.util.concurrent.FastThreadLocalRunnable.run(FastThreadLocalRunnable.java:30)
	... 1 more
Caused by: java.net.ConnectException: Connection refused
	... 11 more
2019-10-18 07:54:54,204 [grpc-default-executor-0] INFO  impl.RaftServerImpl (RaftServerImpl.java:setRole(184)) - 6fa005cd-25d6-4e29-bda6-9462a060c098@group-BAC069DAEF17: changes role from  FOLLOWER to FOLLOWER at term 429 for recognizeCandidate:4b487190-7547-40c7-b780-43c37a89e8eb
2019-10-18 07:54:54,205 [grpc-default-executor-0] INFO  impl.RoleInfo (RoleInfo.java:shutdownFollowerState(121)) - 6fa005cd-25d6-4e29-bda6-9462a060c098: shutdown FollowerState
2019-10-18 07:54:54,205 [grpc-default-executor-0] INFO  impl.RoleInfo (RoleInfo.java:updateAndGet(143)) - 6fa005cd-25d6-4e29-bda6-9462a060c098: start FollowerState
2019-10-18 07:54:54,205 [Thread-2905] INFO  impl.FollowerState (FollowerState.java:run(117)) - 6fa005cd-25d6-4e29-bda6-9462a060c098@group-BAC069DAEF17-FollowerState was interrupted: java.lang.InterruptedException: sleep interrupted
2019-10-18 07:54:54,220 [4b487190-7547-40c7-b780-43c37a89e8eb@group-BAC069DAEF17-LeaderElection403] INFO  impl.LeaderElection (LeaderElection.java:logAndReturn(56)) - 4b487190-7547-40c7-b780-43c37a89e8eb@group-BAC069DAEF17-LeaderElection403: Election REJECTED; received 1 response(s) [4b487190-7547-40c7-b780-43c37a89e8eb<-6fa005cd-25d6-4e29-bda6-9462a060c098#0:FAIL-t429] and 1 exception(s); 4b487190-7547-40c7-b780-43c37a89e8eb@group-BAC069DAEF17:t429, leader=null, voted=4b487190-7547-40c7-b780-43c37a89e8eb, raftlog=4b487190-7547-40c7-b780-43c37a89e8eb@group-BAC069DAEF17-SegmentedRaftLog:OPENED:c-1,f-1,i0, conf=-1: [6fa005cd-25d6-4e29-bda6-9462a060c098:192.168.69.67:36093, 4b487190-7547-40c7-b780-43c37a89e8eb:192.168.69.67:39683, 3d3aac8b-d4d1-454d-bf0c-88a180692893:192.168.69.67:34429], old=null
2019-10-18 07:54:54,220 [4b487190-7547-40c7-b780-43c37a89e8eb@group-BAC069DAEF17-LeaderElection403] INFO  impl.LeaderElection (LogUtils.java:infoOrTrace(149)) -   Exception 0: {}
java.util.concurrent.ExecutionException: org.apache.ratis.thirdparty.io.grpc.StatusRuntimeException: UNAVAILABLE: io exception
	at java.util.concurrent.FutureTask.report(FutureTask.java:122)
	at java.util.concurrent.FutureTask.get(FutureTask.java:192)
	at org.apache.ratis.server.impl.LeaderElection.waitForResults(LeaderElection.java:259)
	at org.apache.ratis.server.impl.LeaderElection.askForVotes(LeaderElection.java:197)
	at org.apache.ratis.server.impl.LeaderElection.run(LeaderElection.java:133)
	at java.lang.Thread.run(Thread.java:748)
Caused by: org.apache.ratis.thirdparty.io.grpc.StatusRuntimeException: UNAVAILABLE: io exception
	at org.apache.ratis.thirdparty.io.grpc.stub.ClientCalls.toStatusRuntimeException(ClientCalls.java:233)
	at org.apache.ratis.thirdparty.io.grpc.stub.ClientCalls.getUnchecked(ClientCalls.java:214)
	at org.apache.ratis.thirdparty.io.grpc.stub.ClientCalls.blockingUnaryCall(ClientCalls.java:139)
	at org.apache.ratis.proto.grpc.RaftServerProtocolServiceGrpc$RaftServerProtocolServiceBlockingStub.requestVote(RaftServerProtocolServiceGrpc.java:265)
	at org.apache.ratis.grpc.server.GrpcServerProtocolClient.requestVote(GrpcServerProtocolClient.java:99)
	at org.apache.ratis.grpc.server.GrpcService.requestVote(GrpcService.java:204)
	at org.apache.ratis.server.impl.LeaderElection.lambda$submitRequests$1(LeaderElection.java:234)
	at java.util.concurrent.FutureTask.run(FutureTask.java:266)
	at java.util.concurrent.Executors$RunnableAdapter.call(Executors.java:511)
	at java.util.concurrent.FutureTask.run(FutureTask.java:266)
	at java.util.concurrent.ThreadPoolExecutor.runWorker(ThreadPoolExecutor.java:1149)
	at java.util.concurrent.ThreadPoolExecutor$Worker.run(ThreadPoolExecutor.java:624)
	... 1 more
Caused by: org.apache.ratis.thirdparty.io.netty.channel.AbstractChannel$AnnotatedConnectException: Connection refused: /192.168.69.67:34429
	at sun.nio.ch.SocketChannelImpl.checkConnect(Native Method)
	at sun.nio.ch.SocketChannelImpl.finishConnect(SocketChannelImpl.java:717)
	at org.apache.ratis.thirdparty.io.netty.channel.socket.nio.NioSocketChannel.doFinishConnect(NioSocketChannel.java:327)
	at org.apache.ratis.thirdparty.io.netty.channel.nio.AbstractNioChannel$AbstractNioUnsafe.finishConnect(AbstractNioChannel.java:340)
	at org.apache.ratis.thirdparty.io.netty.channel.nio.NioEventLoop.processSelectedKey(NioEventLoop.java:632)
	at org.apache.ratis.thirdparty.io.netty.channel.nio.NioEventLoop.processSelectedKeysOptimized(NioEventLoop.java:579)
	at org.apache.ratis.thirdparty.io.netty.channel.nio.NioEventLoop.processSelectedKeys(NioEventLoop.java:496)
	at org.apache.ratis.thirdparty.io.netty.channel.nio.NioEventLoop.run(NioEventLoop.java:458)
	at org.apache.ratis.thirdparty.io.netty.util.concurrent.SingleThreadEventExecutor$5.run(SingleThreadEventExecutor.java:897)
	at org.apache.ratis.thirdparty.io.netty.util.concurrent.FastThreadLocalRunnable.run(FastThreadLocalRunnable.java:30)
	... 1 more
Caused by: java.net.ConnectException: Connection refused
	... 11 more
2019-10-18 07:54:54,221 [4b487190-7547-40c7-b780-43c37a89e8eb@group-BAC069DAEF17-LeaderElection403] INFO  impl.RaftServerImpl (RaftServerImpl.java:setRole(184)) - 4b487190-7547-40c7-b780-43c37a89e8eb@group-BAC069DAEF17: changes role from CANDIDATE to FOLLOWER at term 429 for DISCOVERED_A_NEW_TERM
2019-10-18 07:54:54,221 [4b487190-7547-40c7-b780-43c37a89e8eb@group-BAC069DAEF17-LeaderElection403] INFO  impl.RoleInfo (RoleInfo.java:shutdownLeaderElection(134)) - 4b487190-7547-40c7-b780-43c37a89e8eb: shutdown LeaderElection
2019-10-18 07:54:54,221 [4b487190-7547-40c7-b780-43c37a89e8eb@group-BAC069DAEF17-LeaderElection403] INFO  impl.RoleInfo (RoleInfo.java:updateAndGet(143)) - 4b487190-7547-40c7-b780-43c37a89e8eb: start FollowerState
2019-10-18 07:54:54,254 [Thread-2911] INFO  impl.FollowerState (FollowerState.java:run(108)) - 4b487190-7547-40c7-b780-43c37a89e8eb@group-BAC069DAEF17-FollowerState: change to CANDIDATE, lastRpcTime:33ms, electionTimeout:33ms
2019-10-18 07:54:54,254 [Thread-2911] INFO  impl.RoleInfo (RoleInfo.java:shutdownFollowerState(121)) - 4b487190-7547-40c7-b780-43c37a89e8eb: shutdown FollowerState
2019-10-18 07:54:54,254 [Thread-2911] INFO  impl.RaftServerImpl (RaftServerImpl.java:setRole(184)) - 4b487190-7547-40c7-b780-43c37a89e8eb@group-BAC069DAEF17: changes role from  FOLLOWER to CANDIDATE at term 429 for changeToCandidate
2019-10-18 07:54:54,255 [Thread-2911] INFO  impl.RoleInfo (RoleInfo.java:updateAndGet(143)) - 4b487190-7547-40c7-b780-43c37a89e8eb: start LeaderElection
2019-10-18 07:54:54,268 [4b487190-7547-40c7-b780-43c37a89e8eb@group-BAC069DAEF17-LeaderElection404] INFO  impl.LeaderElection (LeaderElection.java:askForVotes(178)) - 4b487190-7547-40c7-b780-43c37a89e8eb@group-BAC069DAEF17-LeaderElection404: begin an election at term 430 for -1: [6fa005cd-25d6-4e29-bda6-9462a060c098:192.168.69.67:36093, 4b487190-7547-40c7-b780-43c37a89e8eb:192.168.69.67:39683, 3d3aac8b-d4d1-454d-bf0c-88a180692893:192.168.69.67:34429], old=null
2019-10-18 07:54:54,269 [4b487190-7547-40c7-b780-43c37a89e8eb@group-BAC069DAEF17-LeaderElection404] INFO  impl.LeaderElection (LogUtils.java:infoOrTrace(149)) - 4b487190-7547-40c7-b780-43c37a89e8eb@group-BAC069DAEF17-LeaderElection404 got exception when requesting votes: {}
java.util.concurrent.ExecutionException: org.apache.ratis.thirdparty.io.grpc.StatusRuntimeException: UNAVAILABLE: io exception
	at java.util.concurrent.FutureTask.report(FutureTask.java:122)
	at java.util.concurrent.FutureTask.get(FutureTask.java:192)
	at org.apache.ratis.server.impl.LeaderElection.waitForResults(LeaderElection.java:259)
	at org.apache.ratis.server.impl.LeaderElection.askForVotes(LeaderElection.java:197)
	at org.apache.ratis.server.impl.LeaderElection.run(LeaderElection.java:133)
	at java.lang.Thread.run(Thread.java:748)
Caused by: org.apache.ratis.thirdparty.io.grpc.StatusRuntimeException: UNAVAILABLE: io exception
	at org.apache.ratis.thirdparty.io.grpc.stub.ClientCalls.toStatusRuntimeException(ClientCalls.java:233)
	at org.apache.ratis.thirdparty.io.grpc.stub.ClientCalls.getUnchecked(ClientCalls.java:214)
	at org.apache.ratis.thirdparty.io.grpc.stub.ClientCalls.blockingUnaryCall(ClientCalls.java:139)
	at org.apache.ratis.proto.grpc.RaftServerProtocolServiceGrpc$RaftServerProtocolServiceBlockingStub.requestVote(RaftServerProtocolServiceGrpc.java:265)
	at org.apache.ratis.grpc.server.GrpcServerProtocolClient.requestVote(GrpcServerProtocolClient.java:99)
	at org.apache.ratis.grpc.server.GrpcService.requestVote(GrpcService.java:204)
	at org.apache.ratis.server.impl.LeaderElection.lambda$submitRequests$1(LeaderElection.java:234)
	at java.util.concurrent.FutureTask.run(FutureTask.java:266)
	at java.util.concurrent.Executors$RunnableAdapter.call(Executors.java:511)
	at java.util.concurrent.FutureTask.run(FutureTask.java:266)
	at java.util.concurrent.ThreadPoolExecutor.runWorker(ThreadPoolExecutor.java:1149)
	at java.util.concurrent.ThreadPoolExecutor$Worker.run(ThreadPoolExecutor.java:624)
	... 1 more
Caused by: org.apache.ratis.thirdparty.io.netty.channel.AbstractChannel$AnnotatedConnectException: Connection refused: /192.168.69.67:34429
	at sun.nio.ch.SocketChannelImpl.checkConnect(Native Method)
	at sun.nio.ch.SocketChannelImpl.finishConnect(SocketChannelImpl.java:717)
	at org.apache.ratis.thirdparty.io.netty.channel.socket.nio.NioSocketChannel.doFinishConnect(NioSocketChannel.java:327)
	at org.apache.ratis.thirdparty.io.netty.channel.nio.AbstractNioChannel$AbstractNioUnsafe.finishConnect(AbstractNioChannel.java:340)
	at org.apache.ratis.thirdparty.io.netty.channel.nio.NioEventLoop.processSelectedKey(NioEventLoop.java:632)
	at org.apache.ratis.thirdparty.io.netty.channel.nio.NioEventLoop.processSelectedKeysOptimized(NioEventLoop.java:579)
	at org.apache.ratis.thirdparty.io.netty.channel.nio.NioEventLoop.processSelectedKeys(NioEventLoop.java:496)
	at org.apache.ratis.thirdparty.io.netty.channel.nio.NioEventLoop.run(NioEventLoop.java:458)
	at org.apache.ratis.thirdparty.io.netty.util.concurrent.SingleThreadEventExecutor$5.run(SingleThreadEventExecutor.java:897)
	at org.apache.ratis.thirdparty.io.netty.util.concurrent.FastThreadLocalRunnable.run(FastThreadLocalRunnable.java:30)
	... 1 more
Caused by: java.net.ConnectException: Connection refused
	... 11 more
2019-10-18 07:54:54,270 [grpc-default-executor-0] INFO  impl.RaftServerImpl (RaftServerImpl.java:setRole(184)) - 6fa005cd-25d6-4e29-bda6-9462a060c098@group-BAC069DAEF17: changes role from  FOLLOWER to FOLLOWER at term 430 for recognizeCandidate:4b487190-7547-40c7-b780-43c37a89e8eb
2019-10-18 07:54:54,271 [grpc-default-executor-0] INFO  impl.RoleInfo (RoleInfo.java:shutdownFollowerState(121)) - 6fa005cd-25d6-4e29-bda6-9462a060c098: shutdown FollowerState
2019-10-18 07:54:54,271 [grpc-default-executor-0] INFO  impl.RoleInfo (RoleInfo.java:updateAndGet(143)) - 6fa005cd-25d6-4e29-bda6-9462a060c098: start FollowerState
2019-10-18 07:54:54,271 [Thread-2910] INFO  impl.FollowerState (FollowerState.java:run(117)) - 6fa005cd-25d6-4e29-bda6-9462a060c098@group-BAC069DAEF17-FollowerState was interrupted: java.lang.InterruptedException: sleep interrupted
2019-10-18 07:54:54,285 [4b487190-7547-40c7-b780-43c37a89e8eb@group-BAC069DAEF17-LeaderElection404] INFO  impl.LeaderElection (LeaderElection.java:logAndReturn(56)) - 4b487190-7547-40c7-b780-43c37a89e8eb@group-BAC069DAEF17-LeaderElection404: Election REJECTED; received 1 response(s) [4b487190-7547-40c7-b780-43c37a89e8eb<-6fa005cd-25d6-4e29-bda6-9462a060c098#0:FAIL-t430] and 1 exception(s); 4b487190-7547-40c7-b780-43c37a89e8eb@group-BAC069DAEF17:t430, leader=null, voted=4b487190-7547-40c7-b780-43c37a89e8eb, raftlog=4b487190-7547-40c7-b780-43c37a89e8eb@group-BAC069DAEF17-SegmentedRaftLog:OPENED:c-1,f-1,i0, conf=-1: [6fa005cd-25d6-4e29-bda6-9462a060c098:192.168.69.67:36093, 4b487190-7547-40c7-b780-43c37a89e8eb:192.168.69.67:39683, 3d3aac8b-d4d1-454d-bf0c-88a180692893:192.168.69.67:34429], old=null
2019-10-18 07:54:54,285 [4b487190-7547-40c7-b780-43c37a89e8eb@group-BAC069DAEF17-LeaderElection404] INFO  impl.LeaderElection (LogUtils.java:infoOrTrace(149)) -   Exception 0: {}
java.util.concurrent.ExecutionException: org.apache.ratis.thirdparty.io.grpc.StatusRuntimeException: UNAVAILABLE: io exception
	at java.util.concurrent.FutureTask.report(FutureTask.java:122)
	at java.util.concurrent.FutureTask.get(FutureTask.java:192)
	at org.apache.ratis.server.impl.LeaderElection.waitForResults(LeaderElection.java:259)
	at org.apache.ratis.server.impl.LeaderElection.askForVotes(LeaderElection.java:197)
	at org.apache.ratis.server.impl.LeaderElection.run(LeaderElection.java:133)
	at java.lang.Thread.run(Thread.java:748)
Caused by: org.apache.ratis.thirdparty.io.grpc.StatusRuntimeException: UNAVAILABLE: io exception
	at org.apache.ratis.thirdparty.io.grpc.stub.ClientCalls.toStatusRuntimeException(ClientCalls.java:233)
	at org.apache.ratis.thirdparty.io.grpc.stub.ClientCalls.getUnchecked(ClientCalls.java:214)
	at org.apache.ratis.thirdparty.io.grpc.stub.ClientCalls.blockingUnaryCall(ClientCalls.java:139)
	at org.apache.ratis.proto.grpc.RaftServerProtocolServiceGrpc$RaftServerProtocolServiceBlockingStub.requestVote(RaftServerProtocolServiceGrpc.java:265)
	at org.apache.ratis.grpc.server.GrpcServerProtocolClient.requestVote(GrpcServerProtocolClient.java:99)
	at org.apache.ratis.grpc.server.GrpcService.requestVote(GrpcService.java:204)
	at org.apache.ratis.server.impl.LeaderElection.lambda$submitRequests$1(LeaderElection.java:234)
	at java.util.concurrent.FutureTask.run(FutureTask.java:266)
	at java.util.concurrent.Executors$RunnableAdapter.call(Executors.java:511)
	at java.util.concurrent.FutureTask.run(FutureTask.java:266)
	at java.util.concurrent.ThreadPoolExecutor.runWorker(ThreadPoolExecutor.java:1149)
	at java.util.concurrent.ThreadPoolExecutor$Worker.run(ThreadPoolExecutor.java:624)
	... 1 more
Caused by: org.apache.ratis.thirdparty.io.netty.channel.AbstractChannel$AnnotatedConnectException: Connection refused: /192.168.69.67:34429
	at sun.nio.ch.SocketChannelImpl.checkConnect(Native Method)
	at sun.nio.ch.SocketChannelImpl.finishConnect(SocketChannelImpl.java:717)
	at org.apache.ratis.thirdparty.io.netty.channel.socket.nio.NioSocketChannel.doFinishConnect(NioSocketChannel.java:327)
	at org.apache.ratis.thirdparty.io.netty.channel.nio.AbstractNioChannel$AbstractNioUnsafe.finishConnect(AbstractNioChannel.java:340)
	at org.apache.ratis.thirdparty.io.netty.channel.nio.NioEventLoop.processSelectedKey(NioEventLoop.java:632)
	at org.apache.ratis.thirdparty.io.netty.channel.nio.NioEventLoop.processSelectedKeysOptimized(NioEventLoop.java:579)
	at org.apache.ratis.thirdparty.io.netty.channel.nio.NioEventLoop.processSelectedKeys(NioEventLoop.java:496)
	at org.apache.ratis.thirdparty.io.netty.channel.nio.NioEventLoop.run(NioEventLoop.java:458)
	at org.apache.ratis.thirdparty.io.netty.util.concurrent.SingleThreadEventExecutor$5.run(SingleThreadEventExecutor.java:897)
	at org.apache.ratis.thirdparty.io.netty.util.concurrent.FastThreadLocalRunnable.run(FastThreadLocalRunnable.java:30)
	... 1 more
Caused by: java.net.ConnectException: Connection refused
	... 11 more
2019-10-18 07:54:54,286 [4b487190-7547-40c7-b780-43c37a89e8eb@group-BAC069DAEF17-LeaderElection404] INFO  impl.RaftServerImpl (RaftServerImpl.java:setRole(184)) - 4b487190-7547-40c7-b780-43c37a89e8eb@group-BAC069DAEF17: changes role from CANDIDATE to FOLLOWER at term 430 for DISCOVERED_A_NEW_TERM
2019-10-18 07:54:54,286 [4b487190-7547-40c7-b780-43c37a89e8eb@group-BAC069DAEF17-LeaderElection404] INFO  impl.RoleInfo (RoleInfo.java:shutdownLeaderElection(134)) - 4b487190-7547-40c7-b780-43c37a89e8eb: shutdown LeaderElection
2019-10-18 07:54:54,286 [4b487190-7547-40c7-b780-43c37a89e8eb@group-BAC069DAEF17-LeaderElection404] INFO  impl.RoleInfo (RoleInfo.java:updateAndGet(143)) - 4b487190-7547-40c7-b780-43c37a89e8eb: start FollowerState
2019-10-18 07:54:54,369 [Thread-2916] INFO  impl.FollowerState (FollowerState.java:run(108)) - 4b487190-7547-40c7-b780-43c37a89e8eb@group-BAC069DAEF17-FollowerState: change to CANDIDATE, lastRpcTime:82ms, electionTimeout:82ms
2019-10-18 07:54:54,369 [Thread-2916] INFO  impl.RoleInfo (RoleInfo.java:shutdownFollowerState(121)) - 4b487190-7547-40c7-b780-43c37a89e8eb: shutdown FollowerState
2019-10-18 07:54:54,369 [Thread-2916] INFO  impl.RaftServerImpl (RaftServerImpl.java:setRole(184)) - 4b487190-7547-40c7-b780-43c37a89e8eb@group-BAC069DAEF17: changes role from  FOLLOWER to CANDIDATE at term 430 for changeToCandidate
2019-10-18 07:54:54,369 [Thread-2916] INFO  impl.RoleInfo (RoleInfo.java:updateAndGet(143)) - 4b487190-7547-40c7-b780-43c37a89e8eb: start LeaderElection
2019-10-18 07:54:54,391 [4b487190-7547-40c7-b780-43c37a89e8eb@group-BAC069DAEF17-LeaderElection405] INFO  impl.LeaderElection (LeaderElection.java:askForVotes(178)) - 4b487190-7547-40c7-b780-43c37a89e8eb@group-BAC069DAEF17-LeaderElection405: begin an election at term 431 for -1: [6fa005cd-25d6-4e29-bda6-9462a060c098:192.168.69.67:36093, 4b487190-7547-40c7-b780-43c37a89e8eb:192.168.69.67:39683, 3d3aac8b-d4d1-454d-bf0c-88a180692893:192.168.69.67:34429], old=null
2019-10-18 07:54:54,393 [4b487190-7547-40c7-b780-43c37a89e8eb@group-BAC069DAEF17-LeaderElection405] INFO  impl.LeaderElection (LogUtils.java:infoOrTrace(149)) - 4b487190-7547-40c7-b780-43c37a89e8eb@group-BAC069DAEF17-LeaderElection405 got exception when requesting votes: {}
java.util.concurrent.ExecutionException: org.apache.ratis.thirdparty.io.grpc.StatusRuntimeException: UNAVAILABLE: io exception
	at java.util.concurrent.FutureTask.report(FutureTask.java:122)
	at java.util.concurrent.FutureTask.get(FutureTask.java:192)
	at org.apache.ratis.server.impl.LeaderElection.waitForResults(LeaderElection.java:259)
	at org.apache.ratis.server.impl.LeaderElection.askForVotes(LeaderElection.java:197)
	at org.apache.ratis.server.impl.LeaderElection.run(LeaderElection.java:133)
	at java.lang.Thread.run(Thread.java:748)
Caused by: org.apache.ratis.thirdparty.io.grpc.StatusRuntimeException: UNAVAILABLE: io exception
	at org.apache.ratis.thirdparty.io.grpc.stub.ClientCalls.toStatusRuntimeException(ClientCalls.java:233)
	at org.apache.ratis.thirdparty.io.grpc.stub.ClientCalls.getUnchecked(ClientCalls.java:214)
	at org.apache.ratis.thirdparty.io.grpc.stub.ClientCalls.blockingUnaryCall(ClientCalls.java:139)
	at org.apache.ratis.proto.grpc.RaftServerProtocolServiceGrpc$RaftServerProtocolServiceBlockingStub.requestVote(RaftServerProtocolServiceGrpc.java:265)
	at org.apache.ratis.grpc.server.GrpcServerProtocolClient.requestVote(GrpcServerProtocolClient.java:99)
	at org.apache.ratis.grpc.server.GrpcService.requestVote(GrpcService.java:204)
	at org.apache.ratis.server.impl.LeaderElection.lambda$submitRequests$1(LeaderElection.java:234)
	at java.util.concurrent.FutureTask.run(FutureTask.java:266)
	at java.util.concurrent.Executors$RunnableAdapter.call(Executors.java:511)
	at java.util.concurrent.FutureTask.run(FutureTask.java:266)
	at java.util.concurrent.ThreadPoolExecutor.runWorker(ThreadPoolExecutor.java:1149)
	at java.util.concurrent.ThreadPoolExecutor$Worker.run(ThreadPoolExecutor.java:624)
	... 1 more
Caused by: org.apache.ratis.thirdparty.io.netty.channel.AbstractChannel$AnnotatedConnectException: Connection refused: /192.168.69.67:34429
	at sun.nio.ch.SocketChannelImpl.checkConnect(Native Method)
	at sun.nio.ch.SocketChannelImpl.finishConnect(SocketChannelImpl.java:717)
	at org.apache.ratis.thirdparty.io.netty.channel.socket.nio.NioSocketChannel.doFinishConnect(NioSocketChannel.java:327)
	at org.apache.ratis.thirdparty.io.netty.channel.nio.AbstractNioChannel$AbstractNioUnsafe.finishConnect(AbstractNioChannel.java:340)
	at org.apache.ratis.thirdparty.io.netty.channel.nio.NioEventLoop.processSelectedKey(NioEventLoop.java:632)
	at org.apache.ratis.thirdparty.io.netty.channel.nio.NioEventLoop.processSelectedKeysOptimized(NioEventLoop.java:579)
	at org.apache.ratis.thirdparty.io.netty.channel.nio.NioEventLoop.processSelectedKeys(NioEventLoop.java:496)
	at org.apache.ratis.thirdparty.io.netty.channel.nio.NioEventLoop.run(NioEventLoop.java:458)
	at org.apache.ratis.thirdparty.io.netty.util.concurrent.SingleThreadEventExecutor$5.run(SingleThreadEventExecutor.java:897)
	at org.apache.ratis.thirdparty.io.netty.util.concurrent.FastThreadLocalRunnable.run(FastThreadLocalRunnable.java:30)
	... 1 more
Caused by: java.net.ConnectException: Connection refused
	... 11 more
2019-10-18 07:54:54,394 [grpc-default-executor-0] INFO  impl.RaftServerImpl (RaftServerImpl.java:setRole(184)) - 6fa005cd-25d6-4e29-bda6-9462a060c098@group-BAC069DAEF17: changes role from  FOLLOWER to FOLLOWER at term 431 for recognizeCandidate:4b487190-7547-40c7-b780-43c37a89e8eb
2019-10-18 07:54:54,395 [grpc-default-executor-0] INFO  impl.RoleInfo (RoleInfo.java:shutdownFollowerState(121)) - 6fa005cd-25d6-4e29-bda6-9462a060c098: shutdown FollowerState
2019-10-18 07:54:54,395 [grpc-default-executor-0] INFO  impl.RoleInfo (RoleInfo.java:updateAndGet(143)) - 6fa005cd-25d6-4e29-bda6-9462a060c098: start FollowerState
2019-10-18 07:54:54,395 [Thread-2915] INFO  impl.FollowerState (FollowerState.java:run(117)) - 6fa005cd-25d6-4e29-bda6-9462a060c098@group-BAC069DAEF17-FollowerState was interrupted: java.lang.InterruptedException: sleep interrupted
2019-10-18 07:54:54,411 [4b487190-7547-40c7-b780-43c37a89e8eb@group-BAC069DAEF17-LeaderElection405] INFO  impl.LeaderElection (LeaderElection.java:logAndReturn(56)) - 4b487190-7547-40c7-b780-43c37a89e8eb@group-BAC069DAEF17-LeaderElection405: Election REJECTED; received 1 response(s) [4b487190-7547-40c7-b780-43c37a89e8eb<-6fa005cd-25d6-4e29-bda6-9462a060c098#0:FAIL-t431] and 1 exception(s); 4b487190-7547-40c7-b780-43c37a89e8eb@group-BAC069DAEF17:t431, leader=null, voted=4b487190-7547-40c7-b780-43c37a89e8eb, raftlog=4b487190-7547-40c7-b780-43c37a89e8eb@group-BAC069DAEF17-SegmentedRaftLog:OPENED:c-1,f-1,i0, conf=-1: [6fa005cd-25d6-4e29-bda6-9462a060c098:192.168.69.67:36093, 4b487190-7547-40c7-b780-43c37a89e8eb:192.168.69.67:39683, 3d3aac8b-d4d1-454d-bf0c-88a180692893:192.168.69.67:34429], old=null
2019-10-18 07:54:54,411 [4b487190-7547-40c7-b780-43c37a89e8eb@group-BAC069DAEF17-LeaderElection405] INFO  impl.LeaderElection (LogUtils.java:infoOrTrace(149)) -   Exception 0: {}
java.util.concurrent.ExecutionException: org.apache.ratis.thirdparty.io.grpc.StatusRuntimeException: UNAVAILABLE: io exception
	at java.util.concurrent.FutureTask.report(FutureTask.java:122)
	at java.util.concurrent.FutureTask.get(FutureTask.java:192)
	at org.apache.ratis.server.impl.LeaderElection.waitForResults(LeaderElection.java:259)
	at org.apache.ratis.server.impl.LeaderElection.askForVotes(LeaderElection.java:197)
	at org.apache.ratis.server.impl.LeaderElection.run(LeaderElection.java:133)
	at java.lang.Thread.run(Thread.java:748)
Caused by: org.apache.ratis.thirdparty.io.grpc.StatusRuntimeException: UNAVAILABLE: io exception
	at org.apache.ratis.thirdparty.io.grpc.stub.ClientCalls.toStatusRuntimeException(ClientCalls.java:233)
	at org.apache.ratis.thirdparty.io.grpc.stub.ClientCalls.getUnchecked(ClientCalls.java:214)
	at org.apache.ratis.thirdparty.io.grpc.stub.ClientCalls.blockingUnaryCall(ClientCalls.java:139)
	at org.apache.ratis.proto.grpc.RaftServerProtocolServiceGrpc$RaftServerProtocolServiceBlockingStub.requestVote(RaftServerProtocolServiceGrpc.java:265)
	at org.apache.ratis.grpc.server.GrpcServerProtocolClient.requestVote(GrpcServerProtocolClient.java:99)
	at org.apache.ratis.grpc.server.GrpcService.requestVote(GrpcService.java:204)
	at org.apache.ratis.server.impl.LeaderElection.lambda$submitRequests$1(LeaderElection.java:234)
	at java.util.concurrent.FutureTask.run(FutureTask.java:266)
	at java.util.concurrent.Executors$RunnableAdapter.call(Executors.java:511)
	at java.util.concurrent.FutureTask.run(FutureTask.java:266)
	at java.util.concurrent.ThreadPoolExecutor.runWorker(ThreadPoolExecutor.java:1149)
	at java.util.concurrent.ThreadPoolExecutor$Worker.run(ThreadPoolExecutor.java:624)
	... 1 more
Caused by: org.apache.ratis.thirdparty.io.netty.channel.AbstractChannel$AnnotatedConnectException: Connection refused: /192.168.69.67:34429
	at sun.nio.ch.SocketChannelImpl.checkConnect(Native Method)
	at sun.nio.ch.SocketChannelImpl.finishConnect(SocketChannelImpl.java:717)
	at org.apache.ratis.thirdparty.io.netty.channel.socket.nio.NioSocketChannel.doFinishConnect(NioSocketChannel.java:327)
	at org.apache.ratis.thirdparty.io.netty.channel.nio.AbstractNioChannel$AbstractNioUnsafe.finishConnect(AbstractNioChannel.java:340)
	at org.apache.ratis.thirdparty.io.netty.channel.nio.NioEventLoop.processSelectedKey(NioEventLoop.java:632)
	at org.apache.ratis.thirdparty.io.netty.channel.nio.NioEventLoop.processSelectedKeysOptimized(NioEventLoop.java:579)
	at org.apache.ratis.thirdparty.io.netty.channel.nio.NioEventLoop.processSelectedKeys(NioEventLoop.java:496)
	at org.apache.ratis.thirdparty.io.netty.channel.nio.NioEventLoop.run(NioEventLoop.java:458)
	at org.apache.ratis.thirdparty.io.netty.util.concurrent.SingleThreadEventExecutor$5.run(SingleThreadEventExecutor.java:897)
	at org.apache.ratis.thirdparty.io.netty.util.concurrent.FastThreadLocalRunnable.run(FastThreadLocalRunnable.java:30)
	... 1 more
Caused by: java.net.ConnectException: Connection refused
	... 11 more
2019-10-18 07:54:54,411 [4b487190-7547-40c7-b780-43c37a89e8eb@group-BAC069DAEF17-LeaderElection405] INFO  impl.RaftServerImpl (RaftServerImpl.java:setRole(184)) - 4b487190-7547-40c7-b780-43c37a89e8eb@group-BAC069DAEF17: changes role from CANDIDATE to FOLLOWER at term 431 for DISCOVERED_A_NEW_TERM
2019-10-18 07:54:54,411 [4b487190-7547-40c7-b780-43c37a89e8eb@group-BAC069DAEF17-LeaderElection405] INFO  impl.RoleInfo (RoleInfo.java:shutdownLeaderElection(134)) - 4b487190-7547-40c7-b780-43c37a89e8eb: shutdown LeaderElection
2019-10-18 07:54:54,412 [4b487190-7547-40c7-b780-43c37a89e8eb@group-BAC069DAEF17-LeaderElection405] INFO  impl.RoleInfo (RoleInfo.java:updateAndGet(143)) - 4b487190-7547-40c7-b780-43c37a89e8eb: start FollowerState
2019-10-18 07:54:54,521 [Thread-2921] INFO  impl.FollowerState (FollowerState.java:run(108)) - 4b487190-7547-40c7-b780-43c37a89e8eb@group-BAC069DAEF17-FollowerState: change to CANDIDATE, lastRpcTime:109ms, electionTimeout:109ms
2019-10-18 07:54:54,521 [Thread-2921] INFO  impl.RoleInfo (RoleInfo.java:shutdownFollowerState(121)) - 4b487190-7547-40c7-b780-43c37a89e8eb: shutdown FollowerState
2019-10-18 07:54:54,521 [Thread-2921] INFO  impl.RaftServerImpl (RaftServerImpl.java:setRole(184)) - 4b487190-7547-40c7-b780-43c37a89e8eb@group-BAC069DAEF17: changes role from  FOLLOWER to CANDIDATE at term 431 for changeToCandidate
2019-10-18 07:54:54,522 [Thread-2921] INFO  impl.RoleInfo (RoleInfo.java:updateAndGet(143)) - 4b487190-7547-40c7-b780-43c37a89e8eb: start LeaderElection
2019-10-18 07:54:54,544 [4b487190-7547-40c7-b780-43c37a89e8eb@group-BAC069DAEF17-LeaderElection406] INFO  impl.LeaderElection (LeaderElection.java:askForVotes(178)) - 4b487190-7547-40c7-b780-43c37a89e8eb@group-BAC069DAEF17-LeaderElection406: begin an election at term 432 for -1: [6fa005cd-25d6-4e29-bda6-9462a060c098:192.168.69.67:36093, 4b487190-7547-40c7-b780-43c37a89e8eb:192.168.69.67:39683, 3d3aac8b-d4d1-454d-bf0c-88a180692893:192.168.69.67:34429], old=null
2019-10-18 07:54:54,545 [4b487190-7547-40c7-b780-43c37a89e8eb@group-BAC069DAEF17-LeaderElection406] INFO  impl.LeaderElection (LogUtils.java:infoOrTrace(149)) - 4b487190-7547-40c7-b780-43c37a89e8eb@group-BAC069DAEF17-LeaderElection406 got exception when requesting votes: {}
java.util.concurrent.ExecutionException: org.apache.ratis.thirdparty.io.grpc.StatusRuntimeException: UNAVAILABLE: io exception
	at java.util.concurrent.FutureTask.report(FutureTask.java:122)
	at java.util.concurrent.FutureTask.get(FutureTask.java:192)
	at org.apache.ratis.server.impl.LeaderElection.waitForResults(LeaderElection.java:259)
	at org.apache.ratis.server.impl.LeaderElection.askForVotes(LeaderElection.java:197)
	at org.apache.ratis.server.impl.LeaderElection.run(LeaderElection.java:133)
	at java.lang.Thread.run(Thread.java:748)
Caused by: org.apache.ratis.thirdparty.io.grpc.StatusRuntimeException: UNAVAILABLE: io exception
	at org.apache.ratis.thirdparty.io.grpc.stub.ClientCalls.toStatusRuntimeException(ClientCalls.java:233)
	at org.apache.ratis.thirdparty.io.grpc.stub.ClientCalls.getUnchecked(ClientCalls.java:214)
	at org.apache.ratis.thirdparty.io.grpc.stub.ClientCalls.blockingUnaryCall(ClientCalls.java:139)
	at org.apache.ratis.proto.grpc.RaftServerProtocolServiceGrpc$RaftServerProtocolServiceBlockingStub.requestVote(RaftServerProtocolServiceGrpc.java:265)
	at org.apache.ratis.grpc.server.GrpcServerProtocolClient.requestVote(GrpcServerProtocolClient.java:99)
	at org.apache.ratis.grpc.server.GrpcService.requestVote(GrpcService.java:204)
	at org.apache.ratis.server.impl.LeaderElection.lambda$submitRequests$1(LeaderElection.java:234)
	at java.util.concurrent.FutureTask.run(FutureTask.java:266)
	at java.util.concurrent.Executors$RunnableAdapter.call(Executors.java:511)
	at java.util.concurrent.FutureTask.run(FutureTask.java:266)
	at java.util.concurrent.ThreadPoolExecutor.runWorker(ThreadPoolExecutor.java:1149)
	at java.util.concurrent.ThreadPoolExecutor$Worker.run(ThreadPoolExecutor.java:624)
	... 1 more
Caused by: org.apache.ratis.thirdparty.io.netty.channel.AbstractChannel$AnnotatedConnectException: Connection refused: /192.168.69.67:34429
	at sun.nio.ch.SocketChannelImpl.checkConnect(Native Method)
	at sun.nio.ch.SocketChannelImpl.finishConnect(SocketChannelImpl.java:717)
	at org.apache.ratis.thirdparty.io.netty.channel.socket.nio.NioSocketChannel.doFinishConnect(NioSocketChannel.java:327)
	at org.apache.ratis.thirdparty.io.netty.channel.nio.AbstractNioChannel$AbstractNioUnsafe.finishConnect(AbstractNioChannel.java:340)
	at org.apache.ratis.thirdparty.io.netty.channel.nio.NioEventLoop.processSelectedKey(NioEventLoop.java:632)
	at org.apache.ratis.thirdparty.io.netty.channel.nio.NioEventLoop.processSelectedKeysOptimized(NioEventLoop.java:579)
	at org.apache.ratis.thirdparty.io.netty.channel.nio.NioEventLoop.processSelectedKeys(NioEventLoop.java:496)
	at org.apache.ratis.thirdparty.io.netty.channel.nio.NioEventLoop.run(NioEventLoop.java:458)
	at org.apache.ratis.thirdparty.io.netty.util.concurrent.SingleThreadEventExecutor$5.run(SingleThreadEventExecutor.java:897)
	at org.apache.ratis.thirdparty.io.netty.util.concurrent.FastThreadLocalRunnable.run(FastThreadLocalRunnable.java:30)
	... 1 more
Caused by: java.net.ConnectException: Connection refused
	... 11 more
2019-10-18 07:54:54,547 [grpc-default-executor-0] INFO  impl.RaftServerImpl (RaftServerImpl.java:setRole(184)) - 6fa005cd-25d6-4e29-bda6-9462a060c098@group-BAC069DAEF17: changes role from  FOLLOWER to FOLLOWER at term 432 for recognizeCandidate:4b487190-7547-40c7-b780-43c37a89e8eb
2019-10-18 07:54:54,547 [grpc-default-executor-0] INFO  impl.RoleInfo (RoleInfo.java:shutdownFollowerState(121)) - 6fa005cd-25d6-4e29-bda6-9462a060c098: shutdown FollowerState
2019-10-18 07:54:54,547 [grpc-default-executor-0] INFO  impl.RoleInfo (RoleInfo.java:updateAndGet(143)) - 6fa005cd-25d6-4e29-bda6-9462a060c098: start FollowerState
2019-10-18 07:54:54,547 [Thread-2920] INFO  impl.FollowerState (FollowerState.java:run(117)) - 6fa005cd-25d6-4e29-bda6-9462a060c098@group-BAC069DAEF17-FollowerState was interrupted: java.lang.InterruptedException: sleep interrupted
2019-10-18 07:54:54,561 [4b487190-7547-40c7-b780-43c37a89e8eb@group-BAC069DAEF17-LeaderElection406] INFO  impl.LeaderElection (LeaderElection.java:logAndReturn(56)) - 4b487190-7547-40c7-b780-43c37a89e8eb@group-BAC069DAEF17-LeaderElection406: Election REJECTED; received 1 response(s) [4b487190-7547-40c7-b780-43c37a89e8eb<-6fa005cd-25d6-4e29-bda6-9462a060c098#0:FAIL-t432] and 1 exception(s); 4b487190-7547-40c7-b780-43c37a89e8eb@group-BAC069DAEF17:t432, leader=null, voted=4b487190-7547-40c7-b780-43c37a89e8eb, raftlog=4b487190-7547-40c7-b780-43c37a89e8eb@group-BAC069DAEF17-SegmentedRaftLog:OPENED:c-1,f-1,i0, conf=-1: [6fa005cd-25d6-4e29-bda6-9462a060c098:192.168.69.67:36093, 4b487190-7547-40c7-b780-43c37a89e8eb:192.168.69.67:39683, 3d3aac8b-d4d1-454d-bf0c-88a180692893:192.168.69.67:34429], old=null
2019-10-18 07:54:54,561 [4b487190-7547-40c7-b780-43c37a89e8eb@group-BAC069DAEF17-LeaderElection406] INFO  impl.LeaderElection (LogUtils.java:infoOrTrace(149)) -   Exception 0: {}
java.util.concurrent.ExecutionException: org.apache.ratis.thirdparty.io.grpc.StatusRuntimeException: UNAVAILABLE: io exception
	at java.util.concurrent.FutureTask.report(FutureTask.java:122)
	at java.util.concurrent.FutureTask.get(FutureTask.java:192)
	at org.apache.ratis.server.impl.LeaderElection.waitForResults(LeaderElection.java:259)
	at org.apache.ratis.server.impl.LeaderElection.askForVotes(LeaderElection.java:197)
	at org.apache.ratis.server.impl.LeaderElection.run(LeaderElection.java:133)
	at java.lang.Thread.run(Thread.java:748)
Caused by: org.apache.ratis.thirdparty.io.grpc.StatusRuntimeException: UNAVAILABLE: io exception
	at org.apache.ratis.thirdparty.io.grpc.stub.ClientCalls.toStatusRuntimeException(ClientCalls.java:233)
	at org.apache.ratis.thirdparty.io.grpc.stub.ClientCalls.getUnchecked(ClientCalls.java:214)
	at org.apache.ratis.thirdparty.io.grpc.stub.ClientCalls.blockingUnaryCall(ClientCalls.java:139)
	at org.apache.ratis.proto.grpc.RaftServerProtocolServiceGrpc$RaftServerProtocolServiceBlockingStub.requestVote(RaftServerProtocolServiceGrpc.java:265)
	at org.apache.ratis.grpc.server.GrpcServerProtocolClient.requestVote(GrpcServerProtocolClient.java:99)
	at org.apache.ratis.grpc.server.GrpcService.requestVote(GrpcService.java:204)
	at org.apache.ratis.server.impl.LeaderElection.lambda$submitRequests$1(LeaderElection.java:234)
	at java.util.concurrent.FutureTask.run(FutureTask.java:266)
	at java.util.concurrent.Executors$RunnableAdapter.call(Executors.java:511)
	at java.util.concurrent.FutureTask.run(FutureTask.java:266)
	at java.util.concurrent.ThreadPoolExecutor.runWorker(ThreadPoolExecutor.java:1149)
	at java.util.concurrent.ThreadPoolExecutor$Worker.run(ThreadPoolExecutor.java:624)
	... 1 more
Caused by: org.apache.ratis.thirdparty.io.netty.channel.AbstractChannel$AnnotatedConnectException: Connection refused: /192.168.69.67:34429
	at sun.nio.ch.SocketChannelImpl.checkConnect(Native Method)
	at sun.nio.ch.SocketChannelImpl.finishConnect(SocketChannelImpl.java:717)
	at org.apache.ratis.thirdparty.io.netty.channel.socket.nio.NioSocketChannel.doFinishConnect(NioSocketChannel.java:327)
	at org.apache.ratis.thirdparty.io.netty.channel.nio.AbstractNioChannel$AbstractNioUnsafe.finishConnect(AbstractNioChannel.java:340)
	at org.apache.ratis.thirdparty.io.netty.channel.nio.NioEventLoop.processSelectedKey(NioEventLoop.java:632)
	at org.apache.ratis.thirdparty.io.netty.channel.nio.NioEventLoop.processSelectedKeysOptimized(NioEventLoop.java:579)
	at org.apache.ratis.thirdparty.io.netty.channel.nio.NioEventLoop.processSelectedKeys(NioEventLoop.java:496)
	at org.apache.ratis.thirdparty.io.netty.channel.nio.NioEventLoop.run(NioEventLoop.java:458)
	at org.apache.ratis.thirdparty.io.netty.util.concurrent.SingleThreadEventExecutor$5.run(SingleThreadEventExecutor.java:897)
	at org.apache.ratis.thirdparty.io.netty.util.concurrent.FastThreadLocalRunnable.run(FastThreadLocalRunnable.java:30)
	... 1 more
Caused by: java.net.ConnectException: Connection refused
	... 11 more
2019-10-18 07:54:54,561 [4b487190-7547-40c7-b780-43c37a89e8eb@group-BAC069DAEF17-LeaderElection406] INFO  impl.RaftServerImpl (RaftServerImpl.java:setRole(184)) - 4b487190-7547-40c7-b780-43c37a89e8eb@group-BAC069DAEF17: changes role from CANDIDATE to FOLLOWER at term 432 for DISCOVERED_A_NEW_TERM
2019-10-18 07:54:54,562 [4b487190-7547-40c7-b780-43c37a89e8eb@group-BAC069DAEF17-LeaderElection406] INFO  impl.RoleInfo (RoleInfo.java:shutdownLeaderElection(134)) - 4b487190-7547-40c7-b780-43c37a89e8eb: shutdown LeaderElection
2019-10-18 07:54:54,562 [4b487190-7547-40c7-b780-43c37a89e8eb@group-BAC069DAEF17-LeaderElection406] INFO  impl.RoleInfo (RoleInfo.java:updateAndGet(143)) - 4b487190-7547-40c7-b780-43c37a89e8eb: start FollowerState
2019-10-18 07:54:54,576 [Thread-2926] INFO  impl.FollowerState (FollowerState.java:run(108)) - 4b487190-7547-40c7-b780-43c37a89e8eb@group-BAC069DAEF17-FollowerState: change to CANDIDATE, lastRpcTime:14ms, electionTimeout:14ms
2019-10-18 07:54:54,576 [Thread-2926] INFO  impl.RoleInfo (RoleInfo.java:shutdownFollowerState(121)) - 4b487190-7547-40c7-b780-43c37a89e8eb: shutdown FollowerState
2019-10-18 07:54:54,576 [Thread-2926] INFO  impl.RaftServerImpl (RaftServerImpl.java:setRole(184)) - 4b487190-7547-40c7-b780-43c37a89e8eb@group-BAC069DAEF17: changes role from  FOLLOWER to CANDIDATE at term 432 for changeToCandidate
2019-10-18 07:54:54,576 [Thread-2926] INFO  impl.RoleInfo (RoleInfo.java:updateAndGet(143)) - 4b487190-7547-40c7-b780-43c37a89e8eb: start LeaderElection
2019-10-18 07:54:54,590 [4b487190-7547-40c7-b780-43c37a89e8eb@group-BAC069DAEF17-LeaderElection407] INFO  impl.LeaderElection (LeaderElection.java:askForVotes(178)) - 4b487190-7547-40c7-b780-43c37a89e8eb@group-BAC069DAEF17-LeaderElection407: begin an election at term 433 for -1: [6fa005cd-25d6-4e29-bda6-9462a060c098:192.168.69.67:36093, 4b487190-7547-40c7-b780-43c37a89e8eb:192.168.69.67:39683, 3d3aac8b-d4d1-454d-bf0c-88a180692893:192.168.69.67:34429], old=null
2019-10-18 07:54:54,591 [4b487190-7547-40c7-b780-43c37a89e8eb@group-BAC069DAEF17-LeaderElection407] INFO  impl.LeaderElection (LogUtils.java:infoOrTrace(149)) - 4b487190-7547-40c7-b780-43c37a89e8eb@group-BAC069DAEF17-LeaderElection407 got exception when requesting votes: {}
java.util.concurrent.ExecutionException: org.apache.ratis.thirdparty.io.grpc.StatusRuntimeException: UNAVAILABLE: io exception
	at java.util.concurrent.FutureTask.report(FutureTask.java:122)
	at java.util.concurrent.FutureTask.get(FutureTask.java:192)
	at org.apache.ratis.server.impl.LeaderElection.waitForResults(LeaderElection.java:259)
	at org.apache.ratis.server.impl.LeaderElection.askForVotes(LeaderElection.java:197)
	at org.apache.ratis.server.impl.LeaderElection.run(LeaderElection.java:133)
	at java.lang.Thread.run(Thread.java:748)
Caused by: org.apache.ratis.thirdparty.io.grpc.StatusRuntimeException: UNAVAILABLE: io exception
	at org.apache.ratis.thirdparty.io.grpc.stub.ClientCalls.toStatusRuntimeException(ClientCalls.java:233)
	at org.apache.ratis.thirdparty.io.grpc.stub.ClientCalls.getUnchecked(ClientCalls.java:214)
	at org.apache.ratis.thirdparty.io.grpc.stub.ClientCalls.blockingUnaryCall(ClientCalls.java:139)
	at org.apache.ratis.proto.grpc.RaftServerProtocolServiceGrpc$RaftServerProtocolServiceBlockingStub.requestVote(RaftServerProtocolServiceGrpc.java:265)
	at org.apache.ratis.grpc.server.GrpcServerProtocolClient.requestVote(GrpcServerProtocolClient.java:99)
	at org.apache.ratis.grpc.server.GrpcService.requestVote(GrpcService.java:204)
	at org.apache.ratis.server.impl.LeaderElection.lambda$submitRequests$1(LeaderElection.java:234)
	at java.util.concurrent.FutureTask.run(FutureTask.java:266)
	at java.util.concurrent.Executors$RunnableAdapter.call(Executors.java:511)
	at java.util.concurrent.FutureTask.run(FutureTask.java:266)
	at java.util.concurrent.ThreadPoolExecutor.runWorker(ThreadPoolExecutor.java:1149)
	at java.util.concurrent.ThreadPoolExecutor$Worker.run(ThreadPoolExecutor.java:624)
	... 1 more
Caused by: org.apache.ratis.thirdparty.io.netty.channel.AbstractChannel$AnnotatedConnectException: Connection refused: /192.168.69.67:34429
	at sun.nio.ch.SocketChannelImpl.checkConnect(Native Method)
	at sun.nio.ch.SocketChannelImpl.finishConnect(SocketChannelImpl.java:717)
	at org.apache.ratis.thirdparty.io.netty.channel.socket.nio.NioSocketChannel.doFinishConnect(NioSocketChannel.java:327)
	at org.apache.ratis.thirdparty.io.netty.channel.nio.AbstractNioChannel$AbstractNioUnsafe.finishConnect(AbstractNioChannel.java:340)
	at org.apache.ratis.thirdparty.io.netty.channel.nio.NioEventLoop.processSelectedKey(NioEventLoop.java:632)
	at org.apache.ratis.thirdparty.io.netty.channel.nio.NioEventLoop.processSelectedKeysOptimized(NioEventLoop.java:579)
	at org.apache.ratis.thirdparty.io.netty.channel.nio.NioEventLoop.processSelectedKeys(NioEventLoop.java:496)
	at org.apache.ratis.thirdparty.io.netty.channel.nio.NioEventLoop.run(NioEventLoop.java:458)
	at org.apache.ratis.thirdparty.io.netty.util.concurrent.SingleThreadEventExecutor$5.run(SingleThreadEventExecutor.java:897)
	at org.apache.ratis.thirdparty.io.netty.util.concurrent.FastThreadLocalRunnable.run(FastThreadLocalRunnable.java:30)
	... 1 more
Caused by: java.net.ConnectException: Connection refused
	... 11 more
2019-10-18 07:54:54,592 [grpc-default-executor-0] INFO  impl.RaftServerImpl (RaftServerImpl.java:setRole(184)) - 6fa005cd-25d6-4e29-bda6-9462a060c098@group-BAC069DAEF17: changes role from  FOLLOWER to FOLLOWER at term 433 for recognizeCandidate:4b487190-7547-40c7-b780-43c37a89e8eb
2019-10-18 07:54:54,593 [grpc-default-executor-0] INFO  impl.RoleInfo (RoleInfo.java:shutdownFollowerState(121)) - 6fa005cd-25d6-4e29-bda6-9462a060c098: shutdown FollowerState
2019-10-18 07:54:54,593 [grpc-default-executor-0] INFO  impl.RoleInfo (RoleInfo.java:updateAndGet(143)) - 6fa005cd-25d6-4e29-bda6-9462a060c098: start FollowerState
2019-10-18 07:54:54,593 [Thread-2925] INFO  impl.FollowerState (FollowerState.java:run(117)) - 6fa005cd-25d6-4e29-bda6-9462a060c098@group-BAC069DAEF17-FollowerState was interrupted: java.lang.InterruptedException: sleep interrupted
2019-10-18 07:54:54,604 [4b487190-7547-40c7-b780-43c37a89e8eb@group-BAC069DAEF17-LeaderElection407] INFO  impl.LeaderElection (LeaderElection.java:logAndReturn(56)) - 4b487190-7547-40c7-b780-43c37a89e8eb@group-BAC069DAEF17-LeaderElection407: Election TIMEOUT; received 0 response(s) [] and 1 exception(s); 4b487190-7547-40c7-b780-43c37a89e8eb@group-BAC069DAEF17:t433, leader=null, voted=4b487190-7547-40c7-b780-43c37a89e8eb, raftlog=4b487190-7547-40c7-b780-43c37a89e8eb@group-BAC069DAEF17-SegmentedRaftLog:OPENED:c-1,f-1,i0, conf=-1: [6fa005cd-25d6-4e29-bda6-9462a060c098:192.168.69.67:36093, 4b487190-7547-40c7-b780-43c37a89e8eb:192.168.69.67:39683, 3d3aac8b-d4d1-454d-bf0c-88a180692893:192.168.69.67:34429], old=null
2019-10-18 07:54:54,604 [4b487190-7547-40c7-b780-43c37a89e8eb@group-BAC069DAEF17-LeaderElection407] INFO  impl.LeaderElection (LogUtils.java:infoOrTrace(149)) -   Exception 0: {}
java.util.concurrent.ExecutionException: org.apache.ratis.thirdparty.io.grpc.StatusRuntimeException: UNAVAILABLE: io exception
	at java.util.concurrent.FutureTask.report(FutureTask.java:122)
	at java.util.concurrent.FutureTask.get(FutureTask.java:192)
	at org.apache.ratis.server.impl.LeaderElection.waitForResults(LeaderElection.java:259)
	at org.apache.ratis.server.impl.LeaderElection.askForVotes(LeaderElection.java:197)
	at org.apache.ratis.server.impl.LeaderElection.run(LeaderElection.java:133)
	at java.lang.Thread.run(Thread.java:748)
Caused by: org.apache.ratis.thirdparty.io.grpc.StatusRuntimeException: UNAVAILABLE: io exception
	at org.apache.ratis.thirdparty.io.grpc.stub.ClientCalls.toStatusRuntimeException(ClientCalls.java:233)
	at org.apache.ratis.thirdparty.io.grpc.stub.ClientCalls.getUnchecked(ClientCalls.java:214)
	at org.apache.ratis.thirdparty.io.grpc.stub.ClientCalls.blockingUnaryCall(ClientCalls.java:139)
	at org.apache.ratis.proto.grpc.RaftServerProtocolServiceGrpc$RaftServerProtocolServiceBlockingStub.requestVote(RaftServerProtocolServiceGrpc.java:265)
	at org.apache.ratis.grpc.server.GrpcServerProtocolClient.requestVote(GrpcServerProtocolClient.java:99)
	at org.apache.ratis.grpc.server.GrpcService.requestVote(GrpcService.java:204)
	at org.apache.ratis.server.impl.LeaderElection.lambda$submitRequests$1(LeaderElection.java:234)
	at java.util.concurrent.FutureTask.run(FutureTask.java:266)
	at java.util.concurrent.Executors$RunnableAdapter.call(Executors.java:511)
	at java.util.concurrent.FutureTask.run(FutureTask.java:266)
	at java.util.concurrent.ThreadPoolExecutor.runWorker(ThreadPoolExecutor.java:1149)
	at java.util.concurrent.ThreadPoolExecutor$Worker.run(ThreadPoolExecutor.java:624)
	... 1 more
Caused by: org.apache.ratis.thirdparty.io.netty.channel.AbstractChannel$AnnotatedConnectException: Connection refused: /192.168.69.67:34429
	at sun.nio.ch.SocketChannelImpl.checkConnect(Native Method)
	at sun.nio.ch.SocketChannelImpl.finishConnect(SocketChannelImpl.java:717)
	at org.apache.ratis.thirdparty.io.netty.channel.socket.nio.NioSocketChannel.doFinishConnect(NioSocketChannel.java:327)
	at org.apache.ratis.thirdparty.io.netty.channel.nio.AbstractNioChannel$AbstractNioUnsafe.finishConnect(AbstractNioChannel.java:340)
	at org.apache.ratis.thirdparty.io.netty.channel.nio.NioEventLoop.processSelectedKey(NioEventLoop.java:632)
	at org.apache.ratis.thirdparty.io.netty.channel.nio.NioEventLoop.processSelectedKeysOptimized(NioEventLoop.java:579)
	at org.apache.ratis.thirdparty.io.netty.channel.nio.NioEventLoop.processSelectedKeys(NioEventLoop.java:496)
	at org.apache.ratis.thirdparty.io.netty.channel.nio.NioEventLoop.run(NioEventLoop.java:458)
	at org.apache.ratis.thirdparty.io.netty.util.concurrent.SingleThreadEventExecutor$5.run(SingleThreadEventExecutor.java:897)
	at org.apache.ratis.thirdparty.io.netty.util.concurrent.FastThreadLocalRunnable.run(FastThreadLocalRunnable.java:30)
	... 1 more
Caused by: java.net.ConnectException: Connection refused
	... 11 more
2019-10-18 07:54:54,608 [4b487190-7547-40c7-b780-43c37a89e8eb@group-BAC069DAEF17-LeaderElection407] INFO  impl.LeaderElection (LeaderElection.java:askForVotes(178)) - 4b487190-7547-40c7-b780-43c37a89e8eb@group-BAC069DAEF17-LeaderElection407: begin an election at term 434 for -1: [6fa005cd-25d6-4e29-bda6-9462a060c098:192.168.69.67:36093, 4b487190-7547-40c7-b780-43c37a89e8eb:192.168.69.67:39683, 3d3aac8b-d4d1-454d-bf0c-88a180692893:192.168.69.67:34429], old=null
2019-10-18 07:54:54,609 [4b487190-7547-40c7-b780-43c37a89e8eb@group-BAC069DAEF17-LeaderElection407] INFO  impl.LeaderElection (LogUtils.java:infoOrTrace(149)) - 4b487190-7547-40c7-b780-43c37a89e8eb@group-BAC069DAEF17-LeaderElection407 got exception when requesting votes: {}
java.util.concurrent.ExecutionException: org.apache.ratis.thirdparty.io.grpc.StatusRuntimeException: UNAVAILABLE: io exception
	at java.util.concurrent.FutureTask.report(FutureTask.java:122)
	at java.util.concurrent.FutureTask.get(FutureTask.java:192)
	at org.apache.ratis.server.impl.LeaderElection.waitForResults(LeaderElection.java:259)
	at org.apache.ratis.server.impl.LeaderElection.askForVotes(LeaderElection.java:197)
	at org.apache.ratis.server.impl.LeaderElection.run(LeaderElection.java:133)
	at java.lang.Thread.run(Thread.java:748)
Caused by: org.apache.ratis.thirdparty.io.grpc.StatusRuntimeException: UNAVAILABLE: io exception
	at org.apache.ratis.thirdparty.io.grpc.stub.ClientCalls.toStatusRuntimeException(ClientCalls.java:233)
	at org.apache.ratis.thirdparty.io.grpc.stub.ClientCalls.getUnchecked(ClientCalls.java:214)
	at org.apache.ratis.thirdparty.io.grpc.stub.ClientCalls.blockingUnaryCall(ClientCalls.java:139)
	at org.apache.ratis.proto.grpc.RaftServerProtocolServiceGrpc$RaftServerProtocolServiceBlockingStub.requestVote(RaftServerProtocolServiceGrpc.java:265)
	at org.apache.ratis.grpc.server.GrpcServerProtocolClient.requestVote(GrpcServerProtocolClient.java:99)
	at org.apache.ratis.grpc.server.GrpcService.requestVote(GrpcService.java:204)
	at org.apache.ratis.server.impl.LeaderElection.lambda$submitRequests$1(LeaderElection.java:234)
	at java.util.concurrent.FutureTask.run(FutureTask.java:266)
	at java.util.concurrent.Executors$RunnableAdapter.call(Executors.java:511)
	at java.util.concurrent.FutureTask.run(FutureTask.java:266)
	at java.util.concurrent.ThreadPoolExecutor.runWorker(ThreadPoolExecutor.java:1149)
	at java.util.concurrent.ThreadPoolExecutor$Worker.run(ThreadPoolExecutor.java:624)
	... 1 more
Caused by: org.apache.ratis.thirdparty.io.netty.channel.AbstractChannel$AnnotatedConnectException: Connection refused: /192.168.69.67:34429
	at sun.nio.ch.SocketChannelImpl.checkConnect(Native Method)
	at sun.nio.ch.SocketChannelImpl.finishConnect(SocketChannelImpl.java:717)
	at org.apache.ratis.thirdparty.io.netty.channel.socket.nio.NioSocketChannel.doFinishConnect(NioSocketChannel.java:327)
	at org.apache.ratis.thirdparty.io.netty.channel.nio.AbstractNioChannel$AbstractNioUnsafe.finishConnect(AbstractNioChannel.java:340)
	at org.apache.ratis.thirdparty.io.netty.channel.nio.NioEventLoop.processSelectedKey(NioEventLoop.java:632)
	at org.apache.ratis.thirdparty.io.netty.channel.nio.NioEventLoop.processSelectedKeysOptimized(NioEventLoop.java:579)
	at org.apache.ratis.thirdparty.io.netty.channel.nio.NioEventLoop.processSelectedKeys(NioEventLoop.java:496)
	at org.apache.ratis.thirdparty.io.netty.channel.nio.NioEventLoop.run(NioEventLoop.java:458)
	at org.apache.ratis.thirdparty.io.netty.util.concurrent.SingleThreadEventExecutor$5.run(SingleThreadEventExecutor.java:897)
	at org.apache.ratis.thirdparty.io.netty.util.concurrent.FastThreadLocalRunnable.run(FastThreadLocalRunnable.java:30)
	... 1 more
Caused by: java.net.ConnectException: Connection refused
	... 11 more
2019-10-18 07:54:54,610 [grpc-default-executor-0] INFO  impl.RaftServerImpl (RaftServerImpl.java:setRole(184)) - 6fa005cd-25d6-4e29-bda6-9462a060c098@group-BAC069DAEF17: changes role from  FOLLOWER to FOLLOWER at term 434 for recognizeCandidate:4b487190-7547-40c7-b780-43c37a89e8eb
2019-10-18 07:54:54,610 [grpc-default-executor-0] INFO  impl.RoleInfo (RoleInfo.java:shutdownFollowerState(121)) - 6fa005cd-25d6-4e29-bda6-9462a060c098: shutdown FollowerState
2019-10-18 07:54:54,611 [grpc-default-executor-0] INFO  impl.RoleInfo (RoleInfo.java:updateAndGet(143)) - 6fa005cd-25d6-4e29-bda6-9462a060c098: start FollowerState
2019-10-18 07:54:54,611 [Thread-2930] INFO  impl.FollowerState (FollowerState.java:run(117)) - 6fa005cd-25d6-4e29-bda6-9462a060c098@group-BAC069DAEF17-FollowerState was interrupted: java.lang.InterruptedException: sleep interrupted
2019-10-18 07:54:54,623 [4b487190-7547-40c7-b780-43c37a89e8eb@group-BAC069DAEF17-LeaderElection407] INFO  impl.LeaderElection (LeaderElection.java:logAndReturn(56)) - 4b487190-7547-40c7-b780-43c37a89e8eb@group-BAC069DAEF17-LeaderElection407: Election REJECTED; received 1 response(s) [4b487190-7547-40c7-b780-43c37a89e8eb<-6fa005cd-25d6-4e29-bda6-9462a060c098#0:FAIL-t434] and 1 exception(s); 4b487190-7547-40c7-b780-43c37a89e8eb@group-BAC069DAEF17:t434, leader=null, voted=4b487190-7547-40c7-b780-43c37a89e8eb, raftlog=4b487190-7547-40c7-b780-43c37a89e8eb@group-BAC069DAEF17-SegmentedRaftLog:OPENED:c-1,f-1,i0, conf=-1: [6fa005cd-25d6-4e29-bda6-9462a060c098:192.168.69.67:36093, 4b487190-7547-40c7-b780-43c37a89e8eb:192.168.69.67:39683, 3d3aac8b-d4d1-454d-bf0c-88a180692893:192.168.69.67:34429], old=null
2019-10-18 07:54:54,624 [4b487190-7547-40c7-b780-43c37a89e8eb@group-BAC069DAEF17-LeaderElection407] INFO  impl.LeaderElection (LogUtils.java:infoOrTrace(149)) -   Exception 0: {}
java.util.concurrent.ExecutionException: org.apache.ratis.thirdparty.io.grpc.StatusRuntimeException: UNAVAILABLE: io exception
	at java.util.concurrent.FutureTask.report(FutureTask.java:122)
	at java.util.concurrent.FutureTask.get(FutureTask.java:192)
	at org.apache.ratis.server.impl.LeaderElection.waitForResults(LeaderElection.java:259)
	at org.apache.ratis.server.impl.LeaderElection.askForVotes(LeaderElection.java:197)
	at org.apache.ratis.server.impl.LeaderElection.run(LeaderElection.java:133)
	at java.lang.Thread.run(Thread.java:748)
Caused by: org.apache.ratis.thirdparty.io.grpc.StatusRuntimeException: UNAVAILABLE: io exception
	at org.apache.ratis.thirdparty.io.grpc.stub.ClientCalls.toStatusRuntimeException(ClientCalls.java:233)
	at org.apache.ratis.thirdparty.io.grpc.stub.ClientCalls.getUnchecked(ClientCalls.java:214)
	at org.apache.ratis.thirdparty.io.grpc.stub.ClientCalls.blockingUnaryCall(ClientCalls.java:139)
	at org.apache.ratis.proto.grpc.RaftServerProtocolServiceGrpc$RaftServerProtocolServiceBlockingStub.requestVote(RaftServerProtocolServiceGrpc.java:265)
	at org.apache.ratis.grpc.server.GrpcServerProtocolClient.requestVote(GrpcServerProtocolClient.java:99)
	at org.apache.ratis.grpc.server.GrpcService.requestVote(GrpcService.java:204)
	at org.apache.ratis.server.impl.LeaderElection.lambda$submitRequests$1(LeaderElection.java:234)
	at java.util.concurrent.FutureTask.run(FutureTask.java:266)
	at java.util.concurrent.Executors$RunnableAdapter.call(Executors.java:511)
	at java.util.concurrent.FutureTask.run(FutureTask.java:266)
	at java.util.concurrent.ThreadPoolExecutor.runWorker(ThreadPoolExecutor.java:1149)
	at java.util.concurrent.ThreadPoolExecutor$Worker.run(ThreadPoolExecutor.java:624)
	... 1 more
Caused by: org.apache.ratis.thirdparty.io.netty.channel.AbstractChannel$AnnotatedConnectException: Connection refused: /192.168.69.67:34429
	at sun.nio.ch.SocketChannelImpl.checkConnect(Native Method)
	at sun.nio.ch.SocketChannelImpl.finishConnect(SocketChannelImpl.java:717)
	at org.apache.ratis.thirdparty.io.netty.channel.socket.nio.NioSocketChannel.doFinishConnect(NioSocketChannel.java:327)
	at org.apache.ratis.thirdparty.io.netty.channel.nio.AbstractNioChannel$AbstractNioUnsafe.finishConnect(AbstractNioChannel.java:340)
	at org.apache.ratis.thirdparty.io.netty.channel.nio.NioEventLoop.processSelectedKey(NioEventLoop.java:632)
	at org.apache.ratis.thirdparty.io.netty.channel.nio.NioEventLoop.processSelectedKeysOptimized(NioEventLoop.java:579)
	at org.apache.ratis.thirdparty.io.netty.channel.nio.NioEventLoop.processSelectedKeys(NioEventLoop.java:496)
	at org.apache.ratis.thirdparty.io.netty.channel.nio.NioEventLoop.run(NioEventLoop.java:458)
	at org.apache.ratis.thirdparty.io.netty.util.concurrent.SingleThreadEventExecutor$5.run(SingleThreadEventExecutor.java:897)
	at org.apache.ratis.thirdparty.io.netty.util.concurrent.FastThreadLocalRunnable.run(FastThreadLocalRunnable.java:30)
	... 1 more
Caused by: java.net.ConnectException: Connection refused
	... 11 more
2019-10-18 07:54:54,624 [4b487190-7547-40c7-b780-43c37a89e8eb@group-BAC069DAEF17-LeaderElection407] INFO  impl.RaftServerImpl (RaftServerImpl.java:setRole(184)) - 4b487190-7547-40c7-b780-43c37a89e8eb@group-BAC069DAEF17: changes role from CANDIDATE to FOLLOWER at term 434 for DISCOVERED_A_NEW_TERM
2019-10-18 07:54:54,624 [4b487190-7547-40c7-b780-43c37a89e8eb@group-BAC069DAEF17-LeaderElection407] INFO  impl.RoleInfo (RoleInfo.java:shutdownLeaderElection(134)) - 4b487190-7547-40c7-b780-43c37a89e8eb: shutdown LeaderElection
2019-10-18 07:54:54,624 [4b487190-7547-40c7-b780-43c37a89e8eb@group-BAC069DAEF17-LeaderElection407] INFO  impl.RoleInfo (RoleInfo.java:updateAndGet(143)) - 4b487190-7547-40c7-b780-43c37a89e8eb: start FollowerState
2019-10-18 07:54:54,712 [Thread-2934] INFO  impl.FollowerState (FollowerState.java:run(108)) - 4b487190-7547-40c7-b780-43c37a89e8eb@group-BAC069DAEF17-FollowerState: change to CANDIDATE, lastRpcTime:87ms, electionTimeout:87ms
2019-10-18 07:54:54,712 [Thread-2934] INFO  impl.RoleInfo (RoleInfo.java:shutdownFollowerState(121)) - 4b487190-7547-40c7-b780-43c37a89e8eb: shutdown FollowerState
2019-10-18 07:54:54,712 [Thread-2934] INFO  impl.RaftServerImpl (RaftServerImpl.java:setRole(184)) - 4b487190-7547-40c7-b780-43c37a89e8eb@group-BAC069DAEF17: changes role from  FOLLOWER to CANDIDATE at term 434 for changeToCandidate
2019-10-18 07:54:54,712 [Thread-2934] INFO  impl.RoleInfo (RoleInfo.java:updateAndGet(143)) - 4b487190-7547-40c7-b780-43c37a89e8eb: start LeaderElection
2019-10-18 07:54:54,726 [4b487190-7547-40c7-b780-43c37a89e8eb@group-BAC069DAEF17-LeaderElection408] INFO  impl.LeaderElection (LeaderElection.java:askForVotes(178)) - 4b487190-7547-40c7-b780-43c37a89e8eb@group-BAC069DAEF17-LeaderElection408: begin an election at term 435 for -1: [6fa005cd-25d6-4e29-bda6-9462a060c098:192.168.69.67:36093, 4b487190-7547-40c7-b780-43c37a89e8eb:192.168.69.67:39683, 3d3aac8b-d4d1-454d-bf0c-88a180692893:192.168.69.67:34429], old=null
2019-10-18 07:54:54,727 [4b487190-7547-40c7-b780-43c37a89e8eb@group-BAC069DAEF17-LeaderElection408] INFO  impl.LeaderElection (LogUtils.java:infoOrTrace(149)) - 4b487190-7547-40c7-b780-43c37a89e8eb@group-BAC069DAEF17-LeaderElection408 got exception when requesting votes: {}
java.util.concurrent.ExecutionException: org.apache.ratis.thirdparty.io.grpc.StatusRuntimeException: UNAVAILABLE: io exception
	at java.util.concurrent.FutureTask.report(FutureTask.java:122)
	at java.util.concurrent.FutureTask.get(FutureTask.java:192)
	at org.apache.ratis.server.impl.LeaderElection.waitForResults(LeaderElection.java:259)
	at org.apache.ratis.server.impl.LeaderElection.askForVotes(LeaderElection.java:197)
	at org.apache.ratis.server.impl.LeaderElection.run(LeaderElection.java:133)
	at java.lang.Thread.run(Thread.java:748)
Caused by: org.apache.ratis.thirdparty.io.grpc.StatusRuntimeException: UNAVAILABLE: io exception
	at org.apache.ratis.thirdparty.io.grpc.stub.ClientCalls.toStatusRuntimeException(ClientCalls.java:233)
	at org.apache.ratis.thirdparty.io.grpc.stub.ClientCalls.getUnchecked(ClientCalls.java:214)
	at org.apache.ratis.thirdparty.io.grpc.stub.ClientCalls.blockingUnaryCall(ClientCalls.java:139)
	at org.apache.ratis.proto.grpc.RaftServerProtocolServiceGrpc$RaftServerProtocolServiceBlockingStub.requestVote(RaftServerProtocolServiceGrpc.java:265)
	at org.apache.ratis.grpc.server.GrpcServerProtocolClient.requestVote(GrpcServerProtocolClient.java:99)
	at org.apache.ratis.grpc.server.GrpcService.requestVote(GrpcService.java:204)
	at org.apache.ratis.server.impl.LeaderElection.lambda$submitRequests$1(LeaderElection.java:234)
	at java.util.concurrent.FutureTask.run(FutureTask.java:266)
	at java.util.concurrent.Executors$RunnableAdapter.call(Executors.java:511)
	at java.util.concurrent.FutureTask.run(FutureTask.java:266)
	at java.util.concurrent.ThreadPoolExecutor.runWorker(ThreadPoolExecutor.java:1149)
	at java.util.concurrent.ThreadPoolExecutor$Worker.run(ThreadPoolExecutor.java:624)
	... 1 more
Caused by: org.apache.ratis.thirdparty.io.netty.channel.AbstractChannel$AnnotatedConnectException: Connection refused: /192.168.69.67:34429
	at sun.nio.ch.SocketChannelImpl.checkConnect(Native Method)
	at sun.nio.ch.SocketChannelImpl.finishConnect(SocketChannelImpl.java:717)
	at org.apache.ratis.thirdparty.io.netty.channel.socket.nio.NioSocketChannel.doFinishConnect(NioSocketChannel.java:327)
	at org.apache.ratis.thirdparty.io.netty.channel.nio.AbstractNioChannel$AbstractNioUnsafe.finishConnect(AbstractNioChannel.java:340)
	at org.apache.ratis.thirdparty.io.netty.channel.nio.NioEventLoop.processSelectedKey(NioEventLoop.java:632)
	at org.apache.ratis.thirdparty.io.netty.channel.nio.NioEventLoop.processSelectedKeysOptimized(NioEventLoop.java:579)
	at org.apache.ratis.thirdparty.io.netty.channel.nio.NioEventLoop.processSelectedKeys(NioEventLoop.java:496)
	at org.apache.ratis.thirdparty.io.netty.channel.nio.NioEventLoop.run(NioEventLoop.java:458)
	at org.apache.ratis.thirdparty.io.netty.util.concurrent.SingleThreadEventExecutor$5.run(SingleThreadEventExecutor.java:897)
	at org.apache.ratis.thirdparty.io.netty.util.concurrent.FastThreadLocalRunnable.run(FastThreadLocalRunnable.java:30)
	... 1 more
Caused by: java.net.ConnectException: Connection refused
	... 11 more
2019-10-18 07:54:54,730 [grpc-default-executor-0] INFO  impl.RaftServerImpl (RaftServerImpl.java:setRole(184)) - 6fa005cd-25d6-4e29-bda6-9462a060c098@group-BAC069DAEF17: changes role from  FOLLOWER to FOLLOWER at term 435 for recognizeCandidate:4b487190-7547-40c7-b780-43c37a89e8eb
2019-10-18 07:54:54,730 [grpc-default-executor-0] INFO  impl.RoleInfo (RoleInfo.java:shutdownFollowerState(121)) - 6fa005cd-25d6-4e29-bda6-9462a060c098: shutdown FollowerState
2019-10-18 07:54:54,730 [grpc-default-executor-0] INFO  impl.RoleInfo (RoleInfo.java:updateAndGet(143)) - 6fa005cd-25d6-4e29-bda6-9462a060c098: start FollowerState
2019-10-18 07:54:54,730 [Thread-2933] INFO  impl.FollowerState (FollowerState.java:run(117)) - 6fa005cd-25d6-4e29-bda6-9462a060c098@group-BAC069DAEF17-FollowerState was interrupted: java.lang.InterruptedException: sleep interrupted
2019-10-18 07:54:54,743 [4b487190-7547-40c7-b780-43c37a89e8eb@group-BAC069DAEF17-LeaderElection408] INFO  impl.LeaderElection (LeaderElection.java:logAndReturn(56)) - 4b487190-7547-40c7-b780-43c37a89e8eb@group-BAC069DAEF17-LeaderElection408: Election REJECTED; received 1 response(s) [4b487190-7547-40c7-b780-43c37a89e8eb<-6fa005cd-25d6-4e29-bda6-9462a060c098#0:FAIL-t435] and 1 exception(s); 4b487190-7547-40c7-b780-43c37a89e8eb@group-BAC069DAEF17:t435, leader=null, voted=4b487190-7547-40c7-b780-43c37a89e8eb, raftlog=4b487190-7547-40c7-b780-43c37a89e8eb@group-BAC069DAEF17-SegmentedRaftLog:OPENED:c-1,f-1,i0, conf=-1: [6fa005cd-25d6-4e29-bda6-9462a060c098:192.168.69.67:36093, 4b487190-7547-40c7-b780-43c37a89e8eb:192.168.69.67:39683, 3d3aac8b-d4d1-454d-bf0c-88a180692893:192.168.69.67:34429], old=null
2019-10-18 07:54:54,743 [4b487190-7547-40c7-b780-43c37a89e8eb@group-BAC069DAEF17-LeaderElection408] INFO  impl.LeaderElection (LogUtils.java:infoOrTrace(149)) -   Exception 0: {}
java.util.concurrent.ExecutionException: org.apache.ratis.thirdparty.io.grpc.StatusRuntimeException: UNAVAILABLE: io exception
	at java.util.concurrent.FutureTask.report(FutureTask.java:122)
	at java.util.concurrent.FutureTask.get(FutureTask.java:192)
	at org.apache.ratis.server.impl.LeaderElection.waitForResults(LeaderElection.java:259)
	at org.apache.ratis.server.impl.LeaderElection.askForVotes(LeaderElection.java:197)
	at org.apache.ratis.server.impl.LeaderElection.run(LeaderElection.java:133)
	at java.lang.Thread.run(Thread.java:748)
Caused by: org.apache.ratis.thirdparty.io.grpc.StatusRuntimeException: UNAVAILABLE: io exception
	at org.apache.ratis.thirdparty.io.grpc.stub.ClientCalls.toStatusRuntimeException(ClientCalls.java:233)
	at org.apache.ratis.thirdparty.io.grpc.stub.ClientCalls.getUnchecked(ClientCalls.java:214)
	at org.apache.ratis.thirdparty.io.grpc.stub.ClientCalls.blockingUnaryCall(ClientCalls.java:139)
	at org.apache.ratis.proto.grpc.RaftServerProtocolServiceGrpc$RaftServerProtocolServiceBlockingStub.requestVote(RaftServerProtocolServiceGrpc.java:265)
	at org.apache.ratis.grpc.server.GrpcServerProtocolClient.requestVote(GrpcServerProtocolClient.java:99)
	at org.apache.ratis.grpc.server.GrpcService.requestVote(GrpcService.java:204)
	at org.apache.ratis.server.impl.LeaderElection.lambda$submitRequests$1(LeaderElection.java:234)
	at java.util.concurrent.FutureTask.run(FutureTask.java:266)
	at java.util.concurrent.Executors$RunnableAdapter.call(Executors.java:511)
	at java.util.concurrent.FutureTask.run(FutureTask.java:266)
	at java.util.concurrent.ThreadPoolExecutor.runWorker(ThreadPoolExecutor.java:1149)
	at java.util.concurrent.ThreadPoolExecutor$Worker.run(ThreadPoolExecutor.java:624)
	... 1 more
Caused by: org.apache.ratis.thirdparty.io.netty.channel.AbstractChannel$AnnotatedConnectException: Connection refused: /192.168.69.67:34429
	at sun.nio.ch.SocketChannelImpl.checkConnect(Native Method)
	at sun.nio.ch.SocketChannelImpl.finishConnect(SocketChannelImpl.java:717)
	at org.apache.ratis.thirdparty.io.netty.channel.socket.nio.NioSocketChannel.doFinishConnect(NioSocketChannel.java:327)
	at org.apache.ratis.thirdparty.io.netty.channel.nio.AbstractNioChannel$AbstractNioUnsafe.finishConnect(AbstractNioChannel.java:340)
	at org.apache.ratis.thirdparty.io.netty.channel.nio.NioEventLoop.processSelectedKey(NioEventLoop.java:632)
	at org.apache.ratis.thirdparty.io.netty.channel.nio.NioEventLoop.processSelectedKeysOptimized(NioEventLoop.java:579)
	at org.apache.ratis.thirdparty.io.netty.channel.nio.NioEventLoop.processSelectedKeys(NioEventLoop.java:496)
	at org.apache.ratis.thirdparty.io.netty.channel.nio.NioEventLoop.run(NioEventLoop.java:458)
	at org.apache.ratis.thirdparty.io.netty.util.concurrent.SingleThreadEventExecutor$5.run(SingleThreadEventExecutor.java:897)
	at org.apache.ratis.thirdparty.io.netty.util.concurrent.FastThreadLocalRunnable.run(FastThreadLocalRunnable.java:30)
	... 1 more
Caused by: java.net.ConnectException: Connection refused
	... 11 more
2019-10-18 07:54:54,743 [4b487190-7547-40c7-b780-43c37a89e8eb@group-BAC069DAEF17-LeaderElection408] INFO  impl.RaftServerImpl (RaftServerImpl.java:setRole(184)) - 4b487190-7547-40c7-b780-43c37a89e8eb@group-BAC069DAEF17: changes role from CANDIDATE to FOLLOWER at term 435 for DISCOVERED_A_NEW_TERM
2019-10-18 07:54:54,743 [4b487190-7547-40c7-b780-43c37a89e8eb@group-BAC069DAEF17-LeaderElection408] INFO  impl.RoleInfo (RoleInfo.java:shutdownLeaderElection(134)) - 4b487190-7547-40c7-b780-43c37a89e8eb: shutdown LeaderElection
2019-10-18 07:54:54,744 [4b487190-7547-40c7-b780-43c37a89e8eb@group-BAC069DAEF17-LeaderElection408] INFO  impl.RoleInfo (RoleInfo.java:updateAndGet(143)) - 4b487190-7547-40c7-b780-43c37a89e8eb: start FollowerState
2019-10-18 07:54:54,784 [Thread-2940] INFO  impl.FollowerState (FollowerState.java:run(108)) - 4b487190-7547-40c7-b780-43c37a89e8eb@group-BAC069DAEF17-FollowerState: change to CANDIDATE, lastRpcTime:40ms, electionTimeout:40ms
2019-10-18 07:54:54,784 [Thread-2940] INFO  impl.RoleInfo (RoleInfo.java:shutdownFollowerState(121)) - 4b487190-7547-40c7-b780-43c37a89e8eb: shutdown FollowerState
2019-10-18 07:54:54,784 [Thread-2940] INFO  impl.RaftServerImpl (RaftServerImpl.java:setRole(184)) - 4b487190-7547-40c7-b780-43c37a89e8eb@group-BAC069DAEF17: changes role from  FOLLOWER to CANDIDATE at term 435 for changeToCandidate
2019-10-18 07:54:54,784 [Thread-2940] INFO  impl.RoleInfo (RoleInfo.java:updateAndGet(143)) - 4b487190-7547-40c7-b780-43c37a89e8eb: start LeaderElection
2019-10-18 07:54:54,798 [4b487190-7547-40c7-b780-43c37a89e8eb@group-BAC069DAEF17-LeaderElection409] INFO  impl.LeaderElection (LeaderElection.java:askForVotes(178)) - 4b487190-7547-40c7-b780-43c37a89e8eb@group-BAC069DAEF17-LeaderElection409: begin an election at term 436 for -1: [6fa005cd-25d6-4e29-bda6-9462a060c098:192.168.69.67:36093, 4b487190-7547-40c7-b780-43c37a89e8eb:192.168.69.67:39683, 3d3aac8b-d4d1-454d-bf0c-88a180692893:192.168.69.67:34429], old=null
2019-10-18 07:54:54,799 [4b487190-7547-40c7-b780-43c37a89e8eb@group-BAC069DAEF17-LeaderElection409] INFO  impl.LeaderElection (LogUtils.java:infoOrTrace(149)) - 4b487190-7547-40c7-b780-43c37a89e8eb@group-BAC069DAEF17-LeaderElection409 got exception when requesting votes: {}
java.util.concurrent.ExecutionException: org.apache.ratis.thirdparty.io.grpc.StatusRuntimeException: UNAVAILABLE: io exception
	at java.util.concurrent.FutureTask.report(FutureTask.java:122)
	at java.util.concurrent.FutureTask.get(FutureTask.java:192)
	at org.apache.ratis.server.impl.LeaderElection.waitForResults(LeaderElection.java:259)
	at org.apache.ratis.server.impl.LeaderElection.askForVotes(LeaderElection.java:197)
	at org.apache.ratis.server.impl.LeaderElection.run(LeaderElection.java:133)
	at java.lang.Thread.run(Thread.java:748)
Caused by: org.apache.ratis.thirdparty.io.grpc.StatusRuntimeException: UNAVAILABLE: io exception
	at org.apache.ratis.thirdparty.io.grpc.stub.ClientCalls.toStatusRuntimeException(ClientCalls.java:233)
	at org.apache.ratis.thirdparty.io.grpc.stub.ClientCalls.getUnchecked(ClientCalls.java:214)
	at org.apache.ratis.thirdparty.io.grpc.stub.ClientCalls.blockingUnaryCall(ClientCalls.java:139)
	at org.apache.ratis.proto.grpc.RaftServerProtocolServiceGrpc$RaftServerProtocolServiceBlockingStub.requestVote(RaftServerProtocolServiceGrpc.java:265)
	at org.apache.ratis.grpc.server.GrpcServerProtocolClient.requestVote(GrpcServerProtocolClient.java:99)
	at org.apache.ratis.grpc.server.GrpcService.requestVote(GrpcService.java:204)
	at org.apache.ratis.server.impl.LeaderElection.lambda$submitRequests$1(LeaderElection.java:234)
	at java.util.concurrent.FutureTask.run(FutureTask.java:266)
	at java.util.concurrent.Executors$RunnableAdapter.call(Executors.java:511)
	at java.util.concurrent.FutureTask.run(FutureTask.java:266)
	at java.util.concurrent.ThreadPoolExecutor.runWorker(ThreadPoolExecutor.java:1149)
	at java.util.concurrent.ThreadPoolExecutor$Worker.run(ThreadPoolExecutor.java:624)
	... 1 more
Caused by: org.apache.ratis.thirdparty.io.netty.channel.AbstractChannel$AnnotatedConnectException: Connection refused: /192.168.69.67:34429
	at sun.nio.ch.SocketChannelImpl.checkConnect(Native Method)
	at sun.nio.ch.SocketChannelImpl.finishConnect(SocketChannelImpl.java:717)
	at org.apache.ratis.thirdparty.io.netty.channel.socket.nio.NioSocketChannel.doFinishConnect(NioSocketChannel.java:327)
	at org.apache.ratis.thirdparty.io.netty.channel.nio.AbstractNioChannel$AbstractNioUnsafe.finishConnect(AbstractNioChannel.java:340)
	at org.apache.ratis.thirdparty.io.netty.channel.nio.NioEventLoop.processSelectedKey(NioEventLoop.java:632)
	at org.apache.ratis.thirdparty.io.netty.channel.nio.NioEventLoop.processSelectedKeysOptimized(NioEventLoop.java:579)
	at org.apache.ratis.thirdparty.io.netty.channel.nio.NioEventLoop.processSelectedKeys(NioEventLoop.java:496)
	at org.apache.ratis.thirdparty.io.netty.channel.nio.NioEventLoop.run(NioEventLoop.java:458)
	at org.apache.ratis.thirdparty.io.netty.util.concurrent.SingleThreadEventExecutor$5.run(SingleThreadEventExecutor.java:897)
	at org.apache.ratis.thirdparty.io.netty.util.concurrent.FastThreadLocalRunnable.run(FastThreadLocalRunnable.java:30)
	... 1 more
Caused by: java.net.ConnectException: Connection refused
	... 11 more
2019-10-18 07:54:54,804 [grpc-default-executor-0] INFO  impl.RaftServerImpl (RaftServerImpl.java:setRole(184)) - 6fa005cd-25d6-4e29-bda6-9462a060c098@group-BAC069DAEF17: changes role from  FOLLOWER to FOLLOWER at term 436 for recognizeCandidate:4b487190-7547-40c7-b780-43c37a89e8eb
2019-10-18 07:54:54,804 [grpc-default-executor-0] INFO  impl.RoleInfo (RoleInfo.java:shutdownFollowerState(121)) - 6fa005cd-25d6-4e29-bda6-9462a060c098: shutdown FollowerState
2019-10-18 07:54:54,804 [grpc-default-executor-0] INFO  impl.RoleInfo (RoleInfo.java:updateAndGet(143)) - 6fa005cd-25d6-4e29-bda6-9462a060c098: start FollowerState
2019-10-18 07:54:54,804 [Thread-2939] INFO  impl.FollowerState (FollowerState.java:run(117)) - 6fa005cd-25d6-4e29-bda6-9462a060c098@group-BAC069DAEF17-FollowerState was interrupted: java.lang.InterruptedException: sleep interrupted
2019-10-18 07:54:54,818 [4b487190-7547-40c7-b780-43c37a89e8eb@group-BAC069DAEF17-LeaderElection409] INFO  impl.LeaderElection (LeaderElection.java:logAndReturn(56)) - 4b487190-7547-40c7-b780-43c37a89e8eb@group-BAC069DAEF17-LeaderElection409: Election REJECTED; received 1 response(s) [4b487190-7547-40c7-b780-43c37a89e8eb<-6fa005cd-25d6-4e29-bda6-9462a060c098#0:FAIL-t436] and 1 exception(s); 4b487190-7547-40c7-b780-43c37a89e8eb@group-BAC069DAEF17:t436, leader=null, voted=4b487190-7547-40c7-b780-43c37a89e8eb, raftlog=4b487190-7547-40c7-b780-43c37a89e8eb@group-BAC069DAEF17-SegmentedRaftLog:OPENED:c-1,f-1,i0, conf=-1: [6fa005cd-25d6-4e29-bda6-9462a060c098:192.168.69.67:36093, 4b487190-7547-40c7-b780-43c37a89e8eb:192.168.69.67:39683, 3d3aac8b-d4d1-454d-bf0c-88a180692893:192.168.69.67:34429], old=null
2019-10-18 07:54:54,818 [4b487190-7547-40c7-b780-43c37a89e8eb@group-BAC069DAEF17-LeaderElection409] INFO  impl.LeaderElection (LogUtils.java:infoOrTrace(149)) -   Exception 0: {}
java.util.concurrent.ExecutionException: org.apache.ratis.thirdparty.io.grpc.StatusRuntimeException: UNAVAILABLE: io exception
	at java.util.concurrent.FutureTask.report(FutureTask.java:122)
	at java.util.concurrent.FutureTask.get(FutureTask.java:192)
	at org.apache.ratis.server.impl.LeaderElection.waitForResults(LeaderElection.java:259)
	at org.apache.ratis.server.impl.LeaderElection.askForVotes(LeaderElection.java:197)
	at org.apache.ratis.server.impl.LeaderElection.run(LeaderElection.java:133)
	at java.lang.Thread.run(Thread.java:748)
Caused by: org.apache.ratis.thirdparty.io.grpc.StatusRuntimeException: UNAVAILABLE: io exception
	at org.apache.ratis.thirdparty.io.grpc.stub.ClientCalls.toStatusRuntimeException(ClientCalls.java:233)
	at org.apache.ratis.thirdparty.io.grpc.stub.ClientCalls.getUnchecked(ClientCalls.java:214)
	at org.apache.ratis.thirdparty.io.grpc.stub.ClientCalls.blockingUnaryCall(ClientCalls.java:139)
	at org.apache.ratis.proto.grpc.RaftServerProtocolServiceGrpc$RaftServerProtocolServiceBlockingStub.requestVote(RaftServerProtocolServiceGrpc.java:265)
	at org.apache.ratis.grpc.server.GrpcServerProtocolClient.requestVote(GrpcServerProtocolClient.java:99)
	at org.apache.ratis.grpc.server.GrpcService.requestVote(GrpcService.java:204)
	at org.apache.ratis.server.impl.LeaderElection.lambda$submitRequests$1(LeaderElection.java:234)
	at java.util.concurrent.FutureTask.run(FutureTask.java:266)
	at java.util.concurrent.Executors$RunnableAdapter.call(Executors.java:511)
	at java.util.concurrent.FutureTask.run(FutureTask.java:266)
	at java.util.concurrent.ThreadPoolExecutor.runWorker(ThreadPoolExecutor.java:1149)
	at java.util.concurrent.ThreadPoolExecutor$Worker.run(ThreadPoolExecutor.java:624)
	... 1 more
Caused by: org.apache.ratis.thirdparty.io.netty.channel.AbstractChannel$AnnotatedConnectException: Connection refused: /192.168.69.67:34429
	at sun.nio.ch.SocketChannelImpl.checkConnect(Native Method)
	at sun.nio.ch.SocketChannelImpl.finishConnect(SocketChannelImpl.java:717)
	at org.apache.ratis.thirdparty.io.netty.channel.socket.nio.NioSocketChannel.doFinishConnect(NioSocketChannel.java:327)
	at org.apache.ratis.thirdparty.io.netty.channel.nio.AbstractNioChannel$AbstractNioUnsafe.finishConnect(AbstractNioChannel.java:340)
	at org.apache.ratis.thirdparty.io.netty.channel.nio.NioEventLoop.processSelectedKey(NioEventLoop.java:632)
	at org.apache.ratis.thirdparty.io.netty.channel.nio.NioEventLoop.processSelectedKeysOptimized(NioEventLoop.java:579)
	at org.apache.ratis.thirdparty.io.netty.channel.nio.NioEventLoop.processSelectedKeys(NioEventLoop.java:496)
	at org.apache.ratis.thirdparty.io.netty.channel.nio.NioEventLoop.run(NioEventLoop.java:458)
	at org.apache.ratis.thirdparty.io.netty.util.concurrent.SingleThreadEventExecutor$5.run(SingleThreadEventExecutor.java:897)
	at org.apache.ratis.thirdparty.io.netty.util.concurrent.FastThreadLocalRunnable.run(FastThreadLocalRunnable.java:30)
	... 1 more
Caused by: java.net.ConnectException: Connection refused
	... 11 more
2019-10-18 07:54:54,818 [4b487190-7547-40c7-b780-43c37a89e8eb@group-BAC069DAEF17-LeaderElection409] INFO  impl.RaftServerImpl (RaftServerImpl.java:setRole(184)) - 4b487190-7547-40c7-b780-43c37a89e8eb@group-BAC069DAEF17: changes role from CANDIDATE to FOLLOWER at term 436 for DISCOVERED_A_NEW_TERM
2019-10-18 07:54:54,819 [4b487190-7547-40c7-b780-43c37a89e8eb@group-BAC069DAEF17-LeaderElection409] INFO  impl.RoleInfo (RoleInfo.java:shutdownLeaderElection(134)) - 4b487190-7547-40c7-b780-43c37a89e8eb: shutdown LeaderElection
2019-10-18 07:54:54,819 [4b487190-7547-40c7-b780-43c37a89e8eb@group-BAC069DAEF17-LeaderElection409] INFO  impl.RoleInfo (RoleInfo.java:updateAndGet(143)) - 4b487190-7547-40c7-b780-43c37a89e8eb: start FollowerState
2019-10-18 07:54:54,888 [Thread-2946] INFO  impl.FollowerState (FollowerState.java:run(108)) - 4b487190-7547-40c7-b780-43c37a89e8eb@group-BAC069DAEF17-FollowerState: change to CANDIDATE, lastRpcTime:69ms, electionTimeout:69ms
2019-10-18 07:54:54,888 [Thread-2946] INFO  impl.RoleInfo (RoleInfo.java:shutdownFollowerState(121)) - 4b487190-7547-40c7-b780-43c37a89e8eb: shutdown FollowerState
2019-10-18 07:54:54,888 [Thread-2946] INFO  impl.RaftServerImpl (RaftServerImpl.java:setRole(184)) - 4b487190-7547-40c7-b780-43c37a89e8eb@group-BAC069DAEF17: changes role from  FOLLOWER to CANDIDATE at term 436 for changeToCandidate
2019-10-18 07:54:54,889 [Thread-2946] INFO  impl.RoleInfo (RoleInfo.java:updateAndGet(143)) - 4b487190-7547-40c7-b780-43c37a89e8eb: start LeaderElection
2019-10-18 07:54:54,901 [4b487190-7547-40c7-b780-43c37a89e8eb@group-BAC069DAEF17-LeaderElection410] INFO  impl.LeaderElection (LeaderElection.java:askForVotes(178)) - 4b487190-7547-40c7-b780-43c37a89e8eb@group-BAC069DAEF17-LeaderElection410: begin an election at term 437 for -1: [6fa005cd-25d6-4e29-bda6-9462a060c098:192.168.69.67:36093, 4b487190-7547-40c7-b780-43c37a89e8eb:192.168.69.67:39683, 3d3aac8b-d4d1-454d-bf0c-88a180692893:192.168.69.67:34429], old=null
2019-10-18 07:54:54,902 [4b487190-7547-40c7-b780-43c37a89e8eb@group-BAC069DAEF17-LeaderElection410] INFO  impl.LeaderElection (LogUtils.java:infoOrTrace(149)) - 4b487190-7547-40c7-b780-43c37a89e8eb@group-BAC069DAEF17-LeaderElection410 got exception when requesting votes: {}
java.util.concurrent.ExecutionException: org.apache.ratis.thirdparty.io.grpc.StatusRuntimeException: UNAVAILABLE: io exception
	at java.util.concurrent.FutureTask.report(FutureTask.java:122)
	at java.util.concurrent.FutureTask.get(FutureTask.java:192)
	at org.apache.ratis.server.impl.LeaderElection.waitForResults(LeaderElection.java:259)
	at org.apache.ratis.server.impl.LeaderElection.askForVotes(LeaderElection.java:197)
	at org.apache.ratis.server.impl.LeaderElection.run(LeaderElection.java:133)
	at java.lang.Thread.run(Thread.java:748)
Caused by: org.apache.ratis.thirdparty.io.grpc.StatusRuntimeException: UNAVAILABLE: io exception
	at org.apache.ratis.thirdparty.io.grpc.stub.ClientCalls.toStatusRuntimeException(ClientCalls.java:233)
	at org.apache.ratis.thirdparty.io.grpc.stub.ClientCalls.getUnchecked(ClientCalls.java:214)
	at org.apache.ratis.thirdparty.io.grpc.stub.ClientCalls.blockingUnaryCall(ClientCalls.java:139)
	at org.apache.ratis.proto.grpc.RaftServerProtocolServiceGrpc$RaftServerProtocolServiceBlockingStub.requestVote(RaftServerProtocolServiceGrpc.java:265)
	at org.apache.ratis.grpc.server.GrpcServerProtocolClient.requestVote(GrpcServerProtocolClient.java:99)
	at org.apache.ratis.grpc.server.GrpcService.requestVote(GrpcService.java:204)
	at org.apache.ratis.server.impl.LeaderElection.lambda$submitRequests$1(LeaderElection.java:234)
	at java.util.concurrent.FutureTask.run(FutureTask.java:266)
	at java.util.concurrent.Executors$RunnableAdapter.call(Executors.java:511)
	at java.util.concurrent.FutureTask.run(FutureTask.java:266)
	at java.util.concurrent.ThreadPoolExecutor.runWorker(ThreadPoolExecutor.java:1149)
	at java.util.concurrent.ThreadPoolExecutor$Worker.run(ThreadPoolExecutor.java:624)
	... 1 more
Caused by: org.apache.ratis.thirdparty.io.netty.channel.AbstractChannel$AnnotatedConnectException: Connection refused: /192.168.69.67:34429
	at sun.nio.ch.SocketChannelImpl.checkConnect(Native Method)
	at sun.nio.ch.SocketChannelImpl.finishConnect(SocketChannelImpl.java:717)
	at org.apache.ratis.thirdparty.io.netty.channel.socket.nio.NioSocketChannel.doFinishConnect(NioSocketChannel.java:327)
	at org.apache.ratis.thirdparty.io.netty.channel.nio.AbstractNioChannel$AbstractNioUnsafe.finishConnect(AbstractNioChannel.java:340)
	at org.apache.ratis.thirdparty.io.netty.channel.nio.NioEventLoop.processSelectedKey(NioEventLoop.java:632)
	at org.apache.ratis.thirdparty.io.netty.channel.nio.NioEventLoop.processSelectedKeysOptimized(NioEventLoop.java:579)
	at org.apache.ratis.thirdparty.io.netty.channel.nio.NioEventLoop.processSelectedKeys(NioEventLoop.java:496)
	at org.apache.ratis.thirdparty.io.netty.channel.nio.NioEventLoop.run(NioEventLoop.java:458)
	at org.apache.ratis.thirdparty.io.netty.util.concurrent.SingleThreadEventExecutor$5.run(SingleThreadEventExecutor.java:897)
	at org.apache.ratis.thirdparty.io.netty.util.concurrent.FastThreadLocalRunnable.run(FastThreadLocalRunnable.java:30)
	... 1 more
Caused by: java.net.ConnectException: Connection refused
	... 11 more
2019-10-18 07:54:54,903 [grpc-default-executor-0] INFO  impl.RaftServerImpl (RaftServerImpl.java:setRole(184)) - 6fa005cd-25d6-4e29-bda6-9462a060c098@group-BAC069DAEF17: changes role from  FOLLOWER to FOLLOWER at term 437 for recognizeCandidate:4b487190-7547-40c7-b780-43c37a89e8eb
2019-10-18 07:54:54,903 [grpc-default-executor-0] INFO  impl.RoleInfo (RoleInfo.java:shutdownFollowerState(121)) - 6fa005cd-25d6-4e29-bda6-9462a060c098: shutdown FollowerState
2019-10-18 07:54:54,903 [grpc-default-executor-0] INFO  impl.RoleInfo (RoleInfo.java:updateAndGet(143)) - 6fa005cd-25d6-4e29-bda6-9462a060c098: start FollowerState
2019-10-18 07:54:54,903 [Thread-2945] INFO  impl.FollowerState (FollowerState.java:run(117)) - 6fa005cd-25d6-4e29-bda6-9462a060c098@group-BAC069DAEF17-FollowerState was interrupted: java.lang.InterruptedException: sleep interrupted
2019-10-18 07:54:54,919 [4b487190-7547-40c7-b780-43c37a89e8eb@group-BAC069DAEF17-LeaderElection410] INFO  impl.LeaderElection (LeaderElection.java:logAndReturn(56)) - 4b487190-7547-40c7-b780-43c37a89e8eb@group-BAC069DAEF17-LeaderElection410: Election REJECTED; received 1 response(s) [4b487190-7547-40c7-b780-43c37a89e8eb<-6fa005cd-25d6-4e29-bda6-9462a060c098#0:FAIL-t437] and 1 exception(s); 4b487190-7547-40c7-b780-43c37a89e8eb@group-BAC069DAEF17:t437, leader=null, voted=4b487190-7547-40c7-b780-43c37a89e8eb, raftlog=4b487190-7547-40c7-b780-43c37a89e8eb@group-BAC069DAEF17-SegmentedRaftLog:OPENED:c-1,f-1,i0, conf=-1: [6fa005cd-25d6-4e29-bda6-9462a060c098:192.168.69.67:36093, 4b487190-7547-40c7-b780-43c37a89e8eb:192.168.69.67:39683, 3d3aac8b-d4d1-454d-bf0c-88a180692893:192.168.69.67:34429], old=null
2019-10-18 07:54:54,919 [4b487190-7547-40c7-b780-43c37a89e8eb@group-BAC069DAEF17-LeaderElection410] INFO  impl.LeaderElection (LogUtils.java:infoOrTrace(149)) -   Exception 0: {}
java.util.concurrent.ExecutionException: org.apache.ratis.thirdparty.io.grpc.StatusRuntimeException: UNAVAILABLE: io exception
	at java.util.concurrent.FutureTask.report(FutureTask.java:122)
	at java.util.concurrent.FutureTask.get(FutureTask.java:192)
	at org.apache.ratis.server.impl.LeaderElection.waitForResults(LeaderElection.java:259)
	at org.apache.ratis.server.impl.LeaderElection.askForVotes(LeaderElection.java:197)
	at org.apache.ratis.server.impl.LeaderElection.run(LeaderElection.java:133)
	at java.lang.Thread.run(Thread.java:748)
Caused by: org.apache.ratis.thirdparty.io.grpc.StatusRuntimeException: UNAVAILABLE: io exception
	at org.apache.ratis.thirdparty.io.grpc.stub.ClientCalls.toStatusRuntimeException(ClientCalls.java:233)
	at org.apache.ratis.thirdparty.io.grpc.stub.ClientCalls.getUnchecked(ClientCalls.java:214)
	at org.apache.ratis.thirdparty.io.grpc.stub.ClientCalls.blockingUnaryCall(ClientCalls.java:139)
	at org.apache.ratis.proto.grpc.RaftServerProtocolServiceGrpc$RaftServerProtocolServiceBlockingStub.requestVote(RaftServerProtocolServiceGrpc.java:265)
	at org.apache.ratis.grpc.server.GrpcServerProtocolClient.requestVote(GrpcServerProtocolClient.java:99)
	at org.apache.ratis.grpc.server.GrpcService.requestVote(GrpcService.java:204)
	at org.apache.ratis.server.impl.LeaderElection.lambda$submitRequests$1(LeaderElection.java:234)
	at java.util.concurrent.FutureTask.run(FutureTask.java:266)
	at java.util.concurrent.Executors$RunnableAdapter.call(Executors.java:511)
	at java.util.concurrent.FutureTask.run(FutureTask.java:266)
	at java.util.concurrent.ThreadPoolExecutor.runWorker(ThreadPoolExecutor.java:1149)
	at java.util.concurrent.ThreadPoolExecutor$Worker.run(ThreadPoolExecutor.java:624)
	... 1 more
Caused by: org.apache.ratis.thirdparty.io.netty.channel.AbstractChannel$AnnotatedConnectException: Connection refused: /192.168.69.67:34429
	at sun.nio.ch.SocketChannelImpl.checkConnect(Native Method)
	at sun.nio.ch.SocketChannelImpl.finishConnect(SocketChannelImpl.java:717)
	at org.apache.ratis.thirdparty.io.netty.channel.socket.nio.NioSocketChannel.doFinishConnect(NioSocketChannel.java:327)
	at org.apache.ratis.thirdparty.io.netty.channel.nio.AbstractNioChannel$AbstractNioUnsafe.finishConnect(AbstractNioChannel.java:340)
	at org.apache.ratis.thirdparty.io.netty.channel.nio.NioEventLoop.processSelectedKey(NioEventLoop.java:632)
	at org.apache.ratis.thirdparty.io.netty.channel.nio.NioEventLoop.processSelectedKeysOptimized(NioEventLoop.java:579)
	at org.apache.ratis.thirdparty.io.netty.channel.nio.NioEventLoop.processSelectedKeys(NioEventLoop.java:496)
	at org.apache.ratis.thirdparty.io.netty.channel.nio.NioEventLoop.run(NioEventLoop.java:458)
	at org.apache.ratis.thirdparty.io.netty.util.concurrent.SingleThreadEventExecutor$5.run(SingleThreadEventExecutor.java:897)
	at org.apache.ratis.thirdparty.io.netty.util.concurrent.FastThreadLocalRunnable.run(FastThreadLocalRunnable.java:30)
	... 1 more
Caused by: java.net.ConnectException: Connection refused
	... 11 more
2019-10-18 07:54:54,920 [4b487190-7547-40c7-b780-43c37a89e8eb@group-BAC069DAEF17-LeaderElection410] INFO  impl.RaftServerImpl (RaftServerImpl.java:setRole(184)) - 4b487190-7547-40c7-b780-43c37a89e8eb@group-BAC069DAEF17: changes role from CANDIDATE to FOLLOWER at term 437 for DISCOVERED_A_NEW_TERM
2019-10-18 07:54:54,920 [4b487190-7547-40c7-b780-43c37a89e8eb@group-BAC069DAEF17-LeaderElection410] INFO  impl.RoleInfo (RoleInfo.java:shutdownLeaderElection(134)) - 4b487190-7547-40c7-b780-43c37a89e8eb: shutdown LeaderElection
2019-10-18 07:54:54,920 [4b487190-7547-40c7-b780-43c37a89e8eb@group-BAC069DAEF17-LeaderElection410] INFO  impl.RoleInfo (RoleInfo.java:updateAndGet(143)) - 4b487190-7547-40c7-b780-43c37a89e8eb: start FollowerState
2019-10-18 07:54:55,113 [Thread-2951] INFO  impl.FollowerState (FollowerState.java:run(108)) - 4b487190-7547-40c7-b780-43c37a89e8eb@group-BAC069DAEF17-FollowerState: change to CANDIDATE, lastRpcTime:193ms, electionTimeout:193ms
2019-10-18 07:54:55,114 [Thread-2951] INFO  impl.RoleInfo (RoleInfo.java:shutdownFollowerState(121)) - 4b487190-7547-40c7-b780-43c37a89e8eb: shutdown FollowerState
2019-10-18 07:54:55,114 [Thread-2951] INFO  impl.RaftServerImpl (RaftServerImpl.java:setRole(184)) - 4b487190-7547-40c7-b780-43c37a89e8eb@group-BAC069DAEF17: changes role from  FOLLOWER to CANDIDATE at term 437 for changeToCandidate
2019-10-18 07:54:55,114 [Thread-2951] INFO  impl.RoleInfo (RoleInfo.java:updateAndGet(143)) - 4b487190-7547-40c7-b780-43c37a89e8eb: start LeaderElection
2019-10-18 07:54:55,128 [4b487190-7547-40c7-b780-43c37a89e8eb@group-BAC069DAEF17-LeaderElection411] INFO  impl.LeaderElection (LeaderElection.java:askForVotes(178)) - 4b487190-7547-40c7-b780-43c37a89e8eb@group-BAC069DAEF17-LeaderElection411: begin an election at term 438 for -1: [6fa005cd-25d6-4e29-bda6-9462a060c098:192.168.69.67:36093, 4b487190-7547-40c7-b780-43c37a89e8eb:192.168.69.67:39683, 3d3aac8b-d4d1-454d-bf0c-88a180692893:192.168.69.67:34429], old=null
2019-10-18 07:54:55,129 [4b487190-7547-40c7-b780-43c37a89e8eb@group-BAC069DAEF17-LeaderElection411] INFO  impl.LeaderElection (LogUtils.java:infoOrTrace(149)) - 4b487190-7547-40c7-b780-43c37a89e8eb@group-BAC069DAEF17-LeaderElection411 got exception when requesting votes: {}
java.util.concurrent.ExecutionException: org.apache.ratis.thirdparty.io.grpc.StatusRuntimeException: UNAVAILABLE: io exception
	at java.util.concurrent.FutureTask.report(FutureTask.java:122)
	at java.util.concurrent.FutureTask.get(FutureTask.java:192)
	at org.apache.ratis.server.impl.LeaderElection.waitForResults(LeaderElection.java:259)
	at org.apache.ratis.server.impl.LeaderElection.askForVotes(LeaderElection.java:197)
	at org.apache.ratis.server.impl.LeaderElection.run(LeaderElection.java:133)
	at java.lang.Thread.run(Thread.java:748)
Caused by: org.apache.ratis.thirdparty.io.grpc.StatusRuntimeException: UNAVAILABLE: io exception
	at org.apache.ratis.thirdparty.io.grpc.stub.ClientCalls.toStatusRuntimeException(ClientCalls.java:233)
	at org.apache.ratis.thirdparty.io.grpc.stub.ClientCalls.getUnchecked(ClientCalls.java:214)
	at org.apache.ratis.thirdparty.io.grpc.stub.ClientCalls.blockingUnaryCall(ClientCalls.java:139)
	at org.apache.ratis.proto.grpc.RaftServerProtocolServiceGrpc$RaftServerProtocolServiceBlockingStub.requestVote(RaftServerProtocolServiceGrpc.java:265)
	at org.apache.ratis.grpc.server.GrpcServerProtocolClient.requestVote(GrpcServerProtocolClient.java:99)
	at org.apache.ratis.grpc.server.GrpcService.requestVote(GrpcService.java:204)
	at org.apache.ratis.server.impl.LeaderElection.lambda$submitRequests$1(LeaderElection.java:234)
	at java.util.concurrent.FutureTask.run(FutureTask.java:266)
	at java.util.concurrent.Executors$RunnableAdapter.call(Executors.java:511)
	at java.util.concurrent.FutureTask.run(FutureTask.java:266)
	at java.util.concurrent.ThreadPoolExecutor.runWorker(ThreadPoolExecutor.java:1149)
	at java.util.concurrent.ThreadPoolExecutor$Worker.run(ThreadPoolExecutor.java:624)
	... 1 more
Caused by: org.apache.ratis.thirdparty.io.netty.channel.AbstractChannel$AnnotatedConnectException: Connection refused: /192.168.69.67:34429
	at sun.nio.ch.SocketChannelImpl.checkConnect(Native Method)
	at sun.nio.ch.SocketChannelImpl.finishConnect(SocketChannelImpl.java:717)
	at org.apache.ratis.thirdparty.io.netty.channel.socket.nio.NioSocketChannel.doFinishConnect(NioSocketChannel.java:327)
	at org.apache.ratis.thirdparty.io.netty.channel.nio.AbstractNioChannel$AbstractNioUnsafe.finishConnect(AbstractNioChannel.java:340)
	at org.apache.ratis.thirdparty.io.netty.channel.nio.NioEventLoop.processSelectedKey(NioEventLoop.java:632)
	at org.apache.ratis.thirdparty.io.netty.channel.nio.NioEventLoop.processSelectedKeysOptimized(NioEventLoop.java:579)
	at org.apache.ratis.thirdparty.io.netty.channel.nio.NioEventLoop.processSelectedKeys(NioEventLoop.java:496)
	at org.apache.ratis.thirdparty.io.netty.channel.nio.NioEventLoop.run(NioEventLoop.java:458)
	at org.apache.ratis.thirdparty.io.netty.util.concurrent.SingleThreadEventExecutor$5.run(SingleThreadEventExecutor.java:897)
	at org.apache.ratis.thirdparty.io.netty.util.concurrent.FastThreadLocalRunnable.run(FastThreadLocalRunnable.java:30)
	... 1 more
Caused by: java.net.ConnectException: Connection refused
	... 11 more
2019-10-18 07:54:55,134 [grpc-default-executor-0] INFO  impl.RaftServerImpl (RaftServerImpl.java:setRole(184)) - 6fa005cd-25d6-4e29-bda6-9462a060c098@group-BAC069DAEF17: changes role from  FOLLOWER to FOLLOWER at term 438 for recognizeCandidate:4b487190-7547-40c7-b780-43c37a89e8eb
2019-10-18 07:54:55,135 [grpc-default-executor-0] INFO  impl.RoleInfo (RoleInfo.java:shutdownFollowerState(121)) - 6fa005cd-25d6-4e29-bda6-9462a060c098: shutdown FollowerState
2019-10-18 07:54:55,135 [Thread-2950] INFO  impl.FollowerState (FollowerState.java:run(117)) - 6fa005cd-25d6-4e29-bda6-9462a060c098@group-BAC069DAEF17-FollowerState was interrupted: java.lang.InterruptedException: sleep interrupted
2019-10-18 07:54:55,135 [grpc-default-executor-0] INFO  impl.RoleInfo (RoleInfo.java:updateAndGet(143)) - 6fa005cd-25d6-4e29-bda6-9462a060c098: start FollowerState
2019-10-18 07:54:55,150 [4b487190-7547-40c7-b780-43c37a89e8eb@group-BAC069DAEF17-LeaderElection411] INFO  impl.LeaderElection (LeaderElection.java:logAndReturn(56)) - 4b487190-7547-40c7-b780-43c37a89e8eb@group-BAC069DAEF17-LeaderElection411: Election REJECTED; received 1 response(s) [4b487190-7547-40c7-b780-43c37a89e8eb<-6fa005cd-25d6-4e29-bda6-9462a060c098#0:FAIL-t438] and 1 exception(s); 4b487190-7547-40c7-b780-43c37a89e8eb@group-BAC069DAEF17:t438, leader=null, voted=4b487190-7547-40c7-b780-43c37a89e8eb, raftlog=4b487190-7547-40c7-b780-43c37a89e8eb@group-BAC069DAEF17-SegmentedRaftLog:OPENED:c-1,f-1,i0, conf=-1: [6fa005cd-25d6-4e29-bda6-9462a060c098:192.168.69.67:36093, 4b487190-7547-40c7-b780-43c37a89e8eb:192.168.69.67:39683, 3d3aac8b-d4d1-454d-bf0c-88a180692893:192.168.69.67:34429], old=null
2019-10-18 07:54:55,150 [4b487190-7547-40c7-b780-43c37a89e8eb@group-BAC069DAEF17-LeaderElection411] INFO  impl.LeaderElection (LogUtils.java:infoOrTrace(149)) -   Exception 0: {}
java.util.concurrent.ExecutionException: org.apache.ratis.thirdparty.io.grpc.StatusRuntimeException: UNAVAILABLE: io exception
	at java.util.concurrent.FutureTask.report(FutureTask.java:122)
	at java.util.concurrent.FutureTask.get(FutureTask.java:192)
	at org.apache.ratis.server.impl.LeaderElection.waitForResults(LeaderElection.java:259)
	at org.apache.ratis.server.impl.LeaderElection.askForVotes(LeaderElection.java:197)
	at org.apache.ratis.server.impl.LeaderElection.run(LeaderElection.java:133)
	at java.lang.Thread.run(Thread.java:748)
Caused by: org.apache.ratis.thirdparty.io.grpc.StatusRuntimeException: UNAVAILABLE: io exception
	at org.apache.ratis.thirdparty.io.grpc.stub.ClientCalls.toStatusRuntimeException(ClientCalls.java:233)
	at org.apache.ratis.thirdparty.io.grpc.stub.ClientCalls.getUnchecked(ClientCalls.java:214)
	at org.apache.ratis.thirdparty.io.grpc.stub.ClientCalls.blockingUnaryCall(ClientCalls.java:139)
	at org.apache.ratis.proto.grpc.RaftServerProtocolServiceGrpc$RaftServerProtocolServiceBlockingStub.requestVote(RaftServerProtocolServiceGrpc.java:265)
	at org.apache.ratis.grpc.server.GrpcServerProtocolClient.requestVote(GrpcServerProtocolClient.java:99)
	at org.apache.ratis.grpc.server.GrpcService.requestVote(GrpcService.java:204)
	at org.apache.ratis.server.impl.LeaderElection.lambda$submitRequests$1(LeaderElection.java:234)
	at java.util.concurrent.FutureTask.run(FutureTask.java:266)
	at java.util.concurrent.Executors$RunnableAdapter.call(Executors.java:511)
	at java.util.concurrent.FutureTask.run(FutureTask.java:266)
	at java.util.concurrent.ThreadPoolExecutor.runWorker(ThreadPoolExecutor.java:1149)
	at java.util.concurrent.ThreadPoolExecutor$Worker.run(ThreadPoolExecutor.java:624)
	... 1 more
Caused by: org.apache.ratis.thirdparty.io.netty.channel.AbstractChannel$AnnotatedConnectException: Connection refused: /192.168.69.67:34429
	at sun.nio.ch.SocketChannelImpl.checkConnect(Native Method)
	at sun.nio.ch.SocketChannelImpl.finishConnect(SocketChannelImpl.java:717)
	at org.apache.ratis.thirdparty.io.netty.channel.socket.nio.NioSocketChannel.doFinishConnect(NioSocketChannel.java:327)
	at org.apache.ratis.thirdparty.io.netty.channel.nio.AbstractNioChannel$AbstractNioUnsafe.finishConnect(AbstractNioChannel.java:340)
	at org.apache.ratis.thirdparty.io.netty.channel.nio.NioEventLoop.processSelectedKey(NioEventLoop.java:632)
	at org.apache.ratis.thirdparty.io.netty.channel.nio.NioEventLoop.processSelectedKeysOptimized(NioEventLoop.java:579)
	at org.apache.ratis.thirdparty.io.netty.channel.nio.NioEventLoop.processSelectedKeys(NioEventLoop.java:496)
	at org.apache.ratis.thirdparty.io.netty.channel.nio.NioEventLoop.run(NioEventLoop.java:458)
	at org.apache.ratis.thirdparty.io.netty.util.concurrent.SingleThreadEventExecutor$5.run(SingleThreadEventExecutor.java:897)
	at org.apache.ratis.thirdparty.io.netty.util.concurrent.FastThreadLocalRunnable.run(FastThreadLocalRunnable.java:30)
	... 1 more
Caused by: java.net.ConnectException: Connection refused
	... 11 more
2019-10-18 07:54:55,150 [4b487190-7547-40c7-b780-43c37a89e8eb@group-BAC069DAEF17-LeaderElection411] INFO  impl.RaftServerImpl (RaftServerImpl.java:setRole(184)) - 4b487190-7547-40c7-b780-43c37a89e8eb@group-BAC069DAEF17: changes role from CANDIDATE to FOLLOWER at term 438 for DISCOVERED_A_NEW_TERM
2019-10-18 07:54:55,151 [4b487190-7547-40c7-b780-43c37a89e8eb@group-BAC069DAEF17-LeaderElection411] INFO  impl.RoleInfo (RoleInfo.java:shutdownLeaderElection(134)) - 4b487190-7547-40c7-b780-43c37a89e8eb: shutdown LeaderElection
2019-10-18 07:54:55,151 [4b487190-7547-40c7-b780-43c37a89e8eb@group-BAC069DAEF17-LeaderElection411] INFO  impl.RoleInfo (RoleInfo.java:updateAndGet(143)) - 4b487190-7547-40c7-b780-43c37a89e8eb: start FollowerState
2019-10-18 07:54:55,231 [ForkJoinPool.commonPool-worker-0] INFO  ozoneimpl.OzoneContainer (OzoneContainer.java:stop(227)) - Attempting to stop container services.
2019-10-18 07:54:55,231 [ForkJoinPool.commonPool-worker-0] INFO  impl.RaftServerProxy (RaftServerProxy.java:lambda$close$4(314)) - 6fa005cd-25d6-4e29-bda6-9462a060c098: close
2019-10-18 07:54:55,231 [ForkJoinPool.commonPool-worker-0] INFO  impl.RaftServerImpl (RaftServerImpl.java:lambda$shutdown$3(261)) - 6fa005cd-25d6-4e29-bda6-9462a060c098@group-BAC069DAEF17: shutdown
2019-10-18 07:54:55,231 [main] INFO  ozoneimpl.OzoneContainer (OzoneContainer.java:stop(227)) - Attempting to stop container services.
2019-10-18 07:54:55,232 [ForkJoinPool.commonPool-worker-0] INFO  util.JmxRegister (JmxRegister.java:unregister(73)) - Successfully un-registered JMX Bean with object name Ratis:service=RaftServer,group=group-BAC069DAEF17,id=6fa005cd-25d6-4e29-bda6-9462a060c098
2019-10-18 07:54:55,232 [main] INFO  impl.RaftServerProxy (RaftServerProxy.java:lambda$close$4(314)) - 4b487190-7547-40c7-b780-43c37a89e8eb: close
2019-10-18 07:54:55,232 [ForkJoinPool.commonPool-worker-0] INFO  impl.RoleInfo (RoleInfo.java:shutdownFollowerState(121)) - 6fa005cd-25d6-4e29-bda6-9462a060c098: shutdown FollowerState
2019-10-18 07:54:55,233 [main] INFO  impl.RaftServerImpl (RaftServerImpl.java:lambda$shutdown$3(261)) - 4b487190-7547-40c7-b780-43c37a89e8eb@group-BAC069DAEF17: shutdown
2019-10-18 07:54:55,233 [Thread-2955] INFO  impl.FollowerState (FollowerState.java:run(117)) - 6fa005cd-25d6-4e29-bda6-9462a060c098@group-BAC069DAEF17-FollowerState was interrupted: java.lang.InterruptedException: sleep interrupted
2019-10-18 07:54:55,233 [ForkJoinPool.commonPool-worker-0] INFO  impl.StateMachineUpdater (StateMachineUpdater.java:stopAndJoin(136)) - 6fa005cd-25d6-4e29-bda6-9462a060c098@group-BAC069DAEF17-StateMachineUpdater: set stopIndex = -1
2019-10-18 07:54:55,233 [main] INFO  util.JmxRegister (JmxRegister.java:unregister(73)) - Successfully un-registered JMX Bean with object name Ratis:service=RaftServer,group=group-BAC069DAEF17,id=4b487190-7547-40c7-b780-43c37a89e8eb
2019-10-18 07:54:55,234 [ForkJoinPool.commonPool-worker-0] INFO  impl.RaftServerImpl (ServerState.java:close(388)) - 6fa005cd-25d6-4e29-bda6-9462a060c098@group-BAC069DAEF17: closes. applyIndex: -1
2019-10-18 07:54:55,234 [main] INFO  impl.RoleInfo (RoleInfo.java:shutdownFollowerState(121)) - 4b487190-7547-40c7-b780-43c37a89e8eb: shutdown FollowerState
2019-10-18 07:54:55,234 [main] INFO  impl.StateMachineUpdater (StateMachineUpdater.java:stopAndJoin(136)) - 4b487190-7547-40c7-b780-43c37a89e8eb@group-BAC069DAEF17-StateMachineUpdater: set stopIndex = -1
2019-10-18 07:54:55,234 [6fa005cd-25d6-4e29-bda6-9462a060c098@group-BAC069DAEF17-SegmentedRaftLogWorker] INFO  segmented.SegmentedRaftLogWorker (SegmentedRaftLogWorker.java:run(316)) - 6fa005cd-25d6-4e29-bda6-9462a060c098@group-BAC069DAEF17-SegmentedRaftLogWorker was interrupted, exiting. There are 0 tasks remaining in the queue.
2019-10-18 07:54:55,234 [Thread-2956] INFO  impl.FollowerState (FollowerState.java:run(117)) - 4b487190-7547-40c7-b780-43c37a89e8eb@group-BAC069DAEF17-FollowerState was interrupted: java.lang.InterruptedException: sleep interrupted
2019-10-18 07:54:55,235 [main] INFO  impl.RaftServerImpl (ServerState.java:close(388)) - 4b487190-7547-40c7-b780-43c37a89e8eb@group-BAC069DAEF17: closes. applyIndex: -1
2019-10-18 07:54:55,235 [ForkJoinPool.commonPool-worker-0] INFO  segmented.SegmentedRaftLogWorker (SegmentedRaftLogWorker.java:close(224)) - 6fa005cd-25d6-4e29-bda6-9462a060c098@group-BAC069DAEF17-SegmentedRaftLogWorker close()
2019-10-18 07:54:55,235 [4b487190-7547-40c7-b780-43c37a89e8eb@group-BAC069DAEF17-SegmentedRaftLogWorker] INFO  segmented.SegmentedRaftLogWorker (SegmentedRaftLogWorker.java:run(316)) - 4b487190-7547-40c7-b780-43c37a89e8eb@group-BAC069DAEF17-SegmentedRaftLogWorker was interrupted, exiting. There are 0 tasks remaining in the queue.
2019-10-18 07:54:55,236 [ForkJoinPool.commonPool-worker-0] INFO  impl.RaftServerImpl (RaftServerImpl.java:lambda$shutdown$3(261)) - 6fa005cd-25d6-4e29-bda6-9462a060c098@group-B1CC1EDC98E5: shutdown
2019-10-18 07:54:55,236 [main] INFO  segmented.SegmentedRaftLogWorker (SegmentedRaftLogWorker.java:close(224)) - 4b487190-7547-40c7-b780-43c37a89e8eb@group-BAC069DAEF17-SegmentedRaftLogWorker close()
2019-10-18 07:54:55,237 [ForkJoinPool.commonPool-worker-0] INFO  util.JmxRegister (JmxRegister.java:unregister(73)) - Successfully un-registered JMX Bean with object name Ratis:service=RaftServer,group=group-B1CC1EDC98E5,id=6fa005cd-25d6-4e29-bda6-9462a060c098
2019-10-18 07:54:55,237 [main] INFO  impl.RaftServerImpl (RaftServerImpl.java:lambda$shutdown$3(261)) - 4b487190-7547-40c7-b780-43c37a89e8eb@group-E11C942201EC: shutdown
2019-10-18 07:54:55,238 [ForkJoinPool.commonPool-worker-0] INFO  impl.RoleInfo (RoleInfo.java:shutdownLeaderState(104)) - 6fa005cd-25d6-4e29-bda6-9462a060c098: shutdown LeaderState
2019-10-18 07:54:55,238 [main] INFO  util.JmxRegister (JmxRegister.java:unregister(73)) - Successfully un-registered JMX Bean with object name Ratis:service=RaftServer,group=group-E11C942201EC,id=4b487190-7547-40c7-b780-43c37a89e8eb
2019-10-18 07:54:55,238 [ForkJoinPool.commonPool-worker-0] INFO  impl.PendingRequests (PendingRequests.java:sendNotLeaderResponses(202)) - 6fa005cd-25d6-4e29-bda6-9462a060c098@group-B1CC1EDC98E5-PendingRequests: sendNotLeaderResponses
2019-10-18 07:54:55,238 [main] INFO  impl.RoleInfo (RoleInfo.java:shutdownLeaderState(104)) - 4b487190-7547-40c7-b780-43c37a89e8eb: shutdown LeaderState
2019-10-18 07:54:55,239 [ForkJoinPool.commonPool-worker-0] INFO  impl.StateMachineUpdater (StateMachineUpdater.java:stopAndJoin(136)) - 6fa005cd-25d6-4e29-bda6-9462a060c098@group-B1CC1EDC98E5-StateMachineUpdater: set stopIndex = 0
2019-10-18 07:54:55,239 [main] INFO  impl.PendingRequests (PendingRequests.java:sendNotLeaderResponses(202)) - 4b487190-7547-40c7-b780-43c37a89e8eb@group-E11C942201EC-PendingRequests: sendNotLeaderResponses
2019-10-18 07:54:55,239 [main] INFO  impl.StateMachineUpdater (StateMachineUpdater.java:stopAndJoin(136)) - 4b487190-7547-40c7-b780-43c37a89e8eb@group-E11C942201EC-StateMachineUpdater: set stopIndex = 0
2019-10-18 07:54:55,240 [ForkJoinPool.commonPool-worker-0] INFO  impl.RaftServerImpl (ServerState.java:close(388)) - 6fa005cd-25d6-4e29-bda6-9462a060c098@group-B1CC1EDC98E5: closes. applyIndex: 0
2019-10-18 07:54:55,240 [main] INFO  impl.RaftServerImpl (ServerState.java:close(388)) - 4b487190-7547-40c7-b780-43c37a89e8eb@group-E11C942201EC: closes. applyIndex: 0
2019-10-18 07:54:55,240 [6fa005cd-25d6-4e29-bda6-9462a060c098@group-B1CC1EDC98E5-SegmentedRaftLogWorker] INFO  segmented.SegmentedRaftLogWorker (SegmentedRaftLogWorker.java:run(316)) - 6fa005cd-25d6-4e29-bda6-9462a060c098@group-B1CC1EDC98E5-SegmentedRaftLogWorker was interrupted, exiting. There are 0 tasks remaining in the queue.
2019-10-18 07:54:55,241 [ForkJoinPool.commonPool-worker-0] INFO  segmented.SegmentedRaftLogWorker (SegmentedRaftLogWorker.java:close(224)) - 6fa005cd-25d6-4e29-bda6-9462a060c098@group-B1CC1EDC98E5-SegmentedRaftLogWorker close()
2019-10-18 07:54:55,241 [4b487190-7547-40c7-b780-43c37a89e8eb@group-E11C942201EC-SegmentedRaftLogWorker] INFO  segmented.SegmentedRaftLogWorker (SegmentedRaftLogWorker.java:run(316)) - 4b487190-7547-40c7-b780-43c37a89e8eb@group-E11C942201EC-SegmentedRaftLogWorker was interrupted, exiting. There are 0 tasks remaining in the queue.
2019-10-18 07:54:55,244 [ForkJoinPool.commonPool-worker-0] INFO  server.GrpcService (GrpcService.java:closeImpl(164)) - 6fa005cd-25d6-4e29-bda6-9462a060c098: shutdown server with port 36093 now
2019-10-18 07:54:55,244 [main] INFO  segmented.SegmentedRaftLogWorker (SegmentedRaftLogWorker.java:close(224)) - 4b487190-7547-40c7-b780-43c37a89e8eb@group-E11C942201EC-SegmentedRaftLogWorker close()
2019-10-18 07:54:55,244 [main] INFO  server.GrpcService (GrpcService.java:closeImpl(164)) - 4b487190-7547-40c7-b780-43c37a89e8eb: shutdown server with port 39683 now
2019-10-18 07:54:55,245 [ForkJoinPool.commonPool-worker-0] INFO  server.GrpcService (GrpcService.java:closeImpl(172)) - 6fa005cd-25d6-4e29-bda6-9462a060c098: shutdown server with port 36093 successfully
2019-10-18 07:54:55,246 [main] INFO  server.GrpcService (GrpcService.java:closeImpl(172)) - 4b487190-7547-40c7-b780-43c37a89e8eb: shutdown server with port 39683 successfully
2019-10-18 07:54:55,247 [refreshUsed-/workdir/hadoop-ozone/integration-test/target/test-dir/MiniOzoneClusterImpl-58fc3ecd-0fbd-4e7b-a09c-4106a93dde4d/datanode-0/data/containers] WARN  fs.CachingGetSpaceUsed (CachingGetSpaceUsed.java:run(183)) - Thread Interrupted waiting to refresh disk information: sleep interrupted
2019-10-18 07:54:55,255 [refreshUsed-/workdir/hadoop-ozone/integration-test/target/test-dir/MiniOzoneClusterImpl-58fc3ecd-0fbd-4e7b-a09c-4106a93dde4d/datanode-4/data/containers] WARN  fs.CachingGetSpaceUsed (CachingGetSpaceUsed.java:run(183)) - Thread Interrupted waiting to refresh disk information: sleep interrupted
2019-10-18 07:54:55,266 [ForkJoinPool.commonPool-worker-0] INFO  utils.BackgroundService (BackgroundService.java:shutdown(151)) - Shutting down service BlockDeletingService
2019-10-18 07:54:55,267 [ForkJoinPool.commonPool-worker-0] INFO  statemachine.DatanodeStateMachine (DatanodeStateMachine.java:stopDaemon(395)) - Ozone container server stopped.
2019-10-18 07:54:55,268 [main] INFO  utils.BackgroundService (BackgroundService.java:shutdown(151)) - Shutting down service BlockDeletingService
2019-10-18 07:54:55,269 [ForkJoinPool.commonPool-worker-0] INFO  handler.ContextHandler (ContextHandler.java:doStop(910)) - Stopped o.e.j.w.WebAppContext@6560b153{/,null,UNAVAILABLE}{/hddsDatanode}
2019-10-18 07:54:55,270 [main] INFO  statemachine.DatanodeStateMachine (DatanodeStateMachine.java:stopDaemon(395)) - Ozone container server stopped.
2019-10-18 07:54:55,272 [ForkJoinPool.commonPool-worker-0] INFO  server.AbstractConnector (AbstractConnector.java:doStop(318)) - Stopped ServerConnector@af153ab{HTTP/1.1,[http/1.1]}{0.0.0.0:0}
2019-10-18 07:54:55,272 [main] INFO  handler.ContextHandler (ContextHandler.java:doStop(910)) - Stopped o.e.j.w.WebAppContext@5d28a127{/,null,UNAVAILABLE}{/hddsDatanode}
2019-10-18 07:54:55,273 [ForkJoinPool.commonPool-worker-0] INFO  handler.ContextHandler (ContextHandler.java:doStop(910)) - Stopped o.e.j.s.ServletContextHandler@3471bcf4{/static,jar:file:/home/user/.m2/repository/org/apache/hadoop/hadoop-hdds-container-service/0.5.0-SNAPSHOT/hadoop-hdds-container-service-0.5.0-SNAPSHOT.jar!/webapps/static,UNAVAILABLE}
2019-10-18 07:54:55,273 [main] INFO  server.AbstractConnector (AbstractConnector.java:doStop(318)) - Stopped ServerConnector@1245f2f6{HTTP/1.1,[http/1.1]}{0.0.0.0:0}
2019-10-18 07:54:55,273 [ForkJoinPool.commonPool-worker-0] INFO  handler.ContextHandler (ContextHandler.java:doStop(910)) - Stopped o.e.j.s.ServletContextHandler@68c1d91a{/logs,file:///workdir/hadoop-ozone/integration-test/target/log,UNAVAILABLE}
2019-10-18 07:54:55,275 [main] INFO  handler.ContextHandler (ContextHandler.java:doStop(910)) - Stopped o.e.j.s.ServletContextHandler@38546e29{/static,jar:file:/home/user/.m2/repository/org/apache/hadoop/hadoop-hdds-container-service/0.5.0-SNAPSHOT/hadoop-hdds-container-service-0.5.0-SNAPSHOT.jar!/webapps/static,UNAVAILABLE}
2019-10-18 07:54:55,276 [main] INFO  handler.ContextHandler (ContextHandler.java:doStop(910)) - Stopped o.e.j.s.ServletContextHandler@3b75cc58{/logs,file:///workdir/hadoop-ozone/integration-test/target/log,UNAVAILABLE}
2019-10-18 07:54:55,276 [main] INFO  ozone.MiniOzoneClusterImpl (MiniOzoneClusterImpl.java:stopSCM(430)) - Stopping the StorageContainerManager
2019-10-18 07:54:55,277 [main] INFO  server.StorageContainerManager (StorageContainerManager.java:stop(810)) - Stopping Replication Manager Service.
2019-10-18 07:54:55,277 [main] INFO  container.ReplicationManager (ReplicationManager.java:stop(203)) - Stopping Replication Monitor Thread.
2019-10-18 07:54:55,277 [main] INFO  server.StorageContainerManager (StorageContainerManager.java:stop(817)) - Stopping Lease Manager of the command watchers
2019-10-18 07:54:55,277 [main] INFO  server.StorageContainerManager (StorageContainerManager.java:stop(824)) - Stopping datanode service RPC server
2019-10-18 07:54:55,277 [main] INFO  server.SCMDatanodeProtocolServer (SCMDatanodeProtocolServer.java:stop(346)) - Stopping the RPC server for DataNodes
2019-10-18 07:54:55,277 [main] INFO  ipc.Server (Server.java:stop(3082)) - Stopping server on 35347
2019-10-18 07:54:55,279 [IPC Server Responder] INFO  ipc.Server (Server.java:run(1319)) - Stopping IPC Server Responder
2019-10-18 07:54:55,279 [IPC Server listener on 35347] INFO  ipc.Server (Server.java:run(1185)) - Stopping IPC Server listener on 35347
2019-10-18 07:54:55,847 [SCM Heartbeat Processing Thread - 0] WARN  node.NodeStateManager (NodeStateManager.java:scheduleNextHealthCheck(646)) - Current Thread is interrupted, shutting down HB processing thread for Node Manager.
2019-10-18 07:54:55,847 [main] INFO  server.StorageContainerManager (StorageContainerManager.java:stop(832)) - Stopping block service RPC server
2019-10-18 07:54:55,848 [main] INFO  server.SCMBlockProtocolServer (SCMBlockProtocolServer.java:stop(155)) - Stopping the RPC server for Block Protocol
2019-10-18 07:54:55,848 [main] INFO  ipc.Server (Server.java:stop(3082)) - Stopping server on 33440
2019-10-18 07:54:55,850 [IPC Server listener on 33440] INFO  ipc.Server (Server.java:run(1185)) - Stopping IPC Server listener on 33440
2019-10-18 07:54:55,850 [main] INFO  server.StorageContainerManager (StorageContainerManager.java:stop(839)) - Stopping the StorageContainerLocationProtocol RPC server
2019-10-18 07:54:55,851 [main] INFO  server.SCMClientProtocolServer (SCMClientProtocolServer.java:stop(168)) - Stopping the RPC server for Client Protocol
2019-10-18 07:54:55,851 [main] INFO  ipc.Server (Server.java:stop(3082)) - Stopping server on 33888
2019-10-18 07:54:55,852 [IPC Server Responder] INFO  ipc.Server (Server.java:run(1319)) - Stopping IPC Server Responder
2019-10-18 07:54:55,853 [IPC Server listener on 33888] INFO  ipc.Server (Server.java:run(1185)) - Stopping IPC Server listener on 33888
2019-10-18 07:54:55,853 [main] INFO  server.StorageContainerManager (StorageContainerManager.java:stop(846)) - Stopping Storage Container Manager HTTP server.
2019-10-18 07:54:55,853 [IPC Server Responder] INFO  ipc.Server (Server.java:run(1319)) - Stopping IPC Server Responder
2019-10-18 07:54:55,855 [main] INFO  handler.ContextHandler (ContextHandler.java:doStop(910)) - Stopped o.e.j.w.WebAppContext@7ea1431{/,null,UNAVAILABLE}{/scm}
2019-10-18 07:54:55,856 [main] INFO  server.AbstractConnector (AbstractConnector.java:doStop(318)) - Stopped ServerConnector@51849229{HTTP/1.1,[http/1.1]}{0.0.0.0:0}
2019-10-18 07:54:55,856 [main] INFO  handler.ContextHandler (ContextHandler.java:doStop(910)) - Stopped o.e.j.s.ServletContextHandler@3406e2ec{/static,file:///workdir/hadoop-ozone/integration-test/target/test-classes/webapps/static,UNAVAILABLE}
2019-10-18 07:54:55,856 [main] INFO  handler.ContextHandler (ContextHandler.java:doStop(910)) - Stopped o.e.j.s.ServletContextHandler@749468f0{/logs,file:///workdir/hadoop-ozone/integration-test/target/log,UNAVAILABLE}
2019-10-18 07:54:55,857 [main] INFO  server.StorageContainerManager (StorageContainerManager.java:stop(857)) - Stopping Block Manager Service.
2019-10-18 07:54:55,857 [main] INFO  utils.BackgroundService (BackgroundService.java:shutdown(151)) - Shutting down service SCMBlockDeletingService
2019-10-18 07:54:55,858 [main] INFO  utils.BackgroundService (BackgroundService.java:shutdown(151)) - Shutting down service SCMBlockDeletingService
2019-10-18 07:54:55,858 [main] INFO  server.StorageContainerManager (StorageContainerManager.java:stop(879)) - Stopping SCM Event Queue.
2019-10-18 07:54:55,866 [main] INFO  impl.MetricsSystemImpl (MetricsSystemImpl.java:stop(210)) - Stopping ratis metrics system...
2019-10-18 07:54:55,877 [prometheus] INFO  impl.MetricsSinkAdapter (MetricsSinkAdapter.java:publishMetricsFromQueue(141)) - prometheus thread interrupted.
2019-10-18 07:54:55,877 [main] INFO  impl.MetricsSystemImpl (MetricsSystemImpl.java:stop(216)) - ratis metrics system stopped.
]]></system-out>
    <system-err><![CDATA[ERROR StatusLogger No Log4j 2 configuration file found. Using default configuration (logging only errors to the console), or user programmatically provided configurations. Set system property 'log4j2.debug' to show Log4j 2 internal initialization logging. See https://logging.apache.org/log4j/2.x/manual/configuration.html for instructions on how to configure Log4j 2
Oct 18, 2019 7:54:45 AM org.apache.ratis.thirdparty.io.grpc.internal.SerializingExecutor run
SEVERE: Exception while executing runnable org.apache.ratis.thirdparty.io.grpc.internal.ServerImpl$JumpToApplicationThreadServerStreamListener$1Closed@5e9fa5a6
org.apache.ratis.thirdparty.io.grpc.StatusRuntimeException: CANCELLED: call already cancelled
	at org.apache.ratis.thirdparty.io.grpc.Status.asRuntimeException(Status.java:517)
	at org.apache.ratis.thirdparty.io.grpc.stub.ServerCalls$ServerCallStreamObserverImpl.onCompleted(ServerCalls.java:356)
	at org.apache.ratis.grpc.server.GrpcServerProtocolService$ServerRequestStreamObserver.onError(GrpcServerProtocolService.java:121)
	at org.apache.ratis.thirdparty.io.grpc.stub.ServerCalls$StreamingServerCallHandler$StreamingServerCallListener.onCancel(ServerCalls.java:269)
	at org.apache.ratis.thirdparty.io.grpc.internal.ServerCallImpl$ServerStreamListenerImpl.closed(ServerCallImpl.java:293)
	at org.apache.ratis.thirdparty.io.grpc.internal.ServerImpl$JumpToApplicationThreadServerStreamListener$1Closed.runInContext(ServerImpl.java:741)
	at org.apache.ratis.thirdparty.io.grpc.internal.ContextRunnable.run(ContextRunnable.java:37)
	at org.apache.ratis.thirdparty.io.grpc.internal.SerializingExecutor.run(SerializingExecutor.java:123)
	at java.util.concurrent.ThreadPoolExecutor.runWorker(ThreadPoolExecutor.java:1149)
	at java.util.concurrent.ThreadPoolExecutor$Worker.run(ThreadPoolExecutor.java:624)
	at java.lang.Thread.run(Thread.java:748)

Oct 18, 2019 7:54:45 AM org.apache.ratis.thirdparty.io.grpc.internal.SerializingExecutor run
SEVERE: Exception while executing runnable org.apache.ratis.thirdparty.io.grpc.internal.ClientCallImpl$ClientStreamListenerImpl$1StreamClosed@5836b31a
java.lang.NullPointerException
	at org.apache.ratis.grpc.server.GrpcLogAppender$AppendLogResponseHandler.onError(GrpcLogAppender.java:303)
	at org.apache.ratis.thirdparty.io.grpc.stub.ClientCalls$StreamObserverToCallListenerAdapter.onClose(ClientCalls.java:434)
	at org.apache.ratis.thirdparty.io.grpc.PartialForwardingClientCallListener.onClose(PartialForwardingClientCallListener.java:39)
	at org.apache.ratis.thirdparty.io.grpc.ForwardingClientCallListener.onClose(ForwardingClientCallListener.java:23)
	at org.apache.ratis.thirdparty.io.grpc.ForwardingClientCallListener$SimpleForwardingClientCallListener.onClose(ForwardingClientCallListener.java:40)
	at org.apache.ratis.thirdparty.io.grpc.internal.CensusStatsModule$StatsClientInterceptor$1$1.onClose(CensusStatsModule.java:678)
	at org.apache.ratis.thirdparty.io.grpc.PartialForwardingClientCallListener.onClose(PartialForwardingClientCallListener.java:39)
	at org.apache.ratis.thirdparty.io.grpc.ForwardingClientCallListener.onClose(ForwardingClientCallListener.java:23)
	at org.apache.ratis.thirdparty.io.grpc.ForwardingClientCallListener$SimpleForwardingClientCallListener.onClose(ForwardingClientCallListener.java:40)
	at org.apache.ratis.thirdparty.io.grpc.internal.CensusTracingModule$TracingClientInterceptor$1$1.onClose(CensusTracingModule.java:397)
	at org.apache.ratis.thirdparty.io.grpc.internal.ClientCallImpl.closeObserver(ClientCallImpl.java:459)
	at org.apache.ratis.thirdparty.io.grpc.internal.ClientCallImpl.access$300(ClientCallImpl.java:63)
	at org.apache.ratis.thirdparty.io.grpc.internal.ClientCallImpl$ClientStreamListenerImpl.close(ClientCallImpl.java:546)
	at org.apache.ratis.thirdparty.io.grpc.internal.ClientCallImpl$ClientStreamListenerImpl.access$600(ClientCallImpl.java:467)
	at org.apache.ratis.thirdparty.io.grpc.internal.ClientCallImpl$ClientStreamListenerImpl$1StreamClosed.runInContext(ClientCallImpl.java:584)
	at org.apache.ratis.thirdparty.io.grpc.internal.ContextRunnable.run(ContextRunnable.java:37)
	at org.apache.ratis.thirdparty.io.grpc.internal.SerializingExecutor.run(SerializingExecutor.java:123)
	at java.util.concurrent.ThreadPoolExecutor.runWorker(ThreadPoolExecutor.java:1149)
	at java.util.concurrent.ThreadPoolExecutor$Worker.run(ThreadPoolExecutor.java:624)
	at java.lang.Thread.run(Thread.java:748)

Oct 18, 2019 7:54:45 AM org.apache.ratis.thirdparty.io.grpc.internal.SerializingExecutor run
SEVERE: Exception while executing runnable org.apache.ratis.thirdparty.io.grpc.internal.ClientCallImpl$ClientStreamListenerImpl$1StreamClosed@136fd1fe
java.lang.NullPointerException
	at org.apache.ratis.grpc.server.GrpcLogAppender$AppendLogResponseHandler.onError(GrpcLogAppender.java:303)
	at org.apache.ratis.thirdparty.io.grpc.stub.ClientCalls$StreamObserverToCallListenerAdapter.onClose(ClientCalls.java:434)
	at org.apache.ratis.thirdparty.io.grpc.PartialForwardingClientCallListener.onClose(PartialForwardingClientCallListener.java:39)
	at org.apache.ratis.thirdparty.io.grpc.ForwardingClientCallListener.onClose(ForwardingClientCallListener.java:23)
	at org.apache.ratis.thirdparty.io.grpc.ForwardingClientCallListener$SimpleForwardingClientCallListener.onClose(ForwardingClientCallListener.java:40)
	at org.apache.ratis.thirdparty.io.grpc.internal.CensusStatsModule$StatsClientInterceptor$1$1.onClose(CensusStatsModule.java:678)
	at org.apache.ratis.thirdparty.io.grpc.PartialForwardingClientCallListener.onClose(PartialForwardingClientCallListener.java:39)
	at org.apache.ratis.thirdparty.io.grpc.ForwardingClientCallListener.onClose(ForwardingClientCallListener.java:23)
	at org.apache.ratis.thirdparty.io.grpc.ForwardingClientCallListener$SimpleForwardingClientCallListener.onClose(ForwardingClientCallListener.java:40)
	at org.apache.ratis.thirdparty.io.grpc.internal.CensusTracingModule$TracingClientInterceptor$1$1.onClose(CensusTracingModule.java:397)
	at org.apache.ratis.thirdparty.io.grpc.internal.ClientCallImpl.closeObserver(ClientCallImpl.java:459)
	at org.apache.ratis.thirdparty.io.grpc.internal.ClientCallImpl.access$300(ClientCallImpl.java:63)
	at org.apache.ratis.thirdparty.io.grpc.internal.ClientCallImpl$ClientStreamListenerImpl.close(ClientCallImpl.java:546)
	at org.apache.ratis.thirdparty.io.grpc.internal.ClientCallImpl$ClientStreamListenerImpl.access$600(ClientCallImpl.java:467)
	at org.apache.ratis.thirdparty.io.grpc.internal.ClientCallImpl$ClientStreamListenerImpl$1StreamClosed.runInContext(ClientCallImpl.java:584)
	at org.apache.ratis.thirdparty.io.grpc.internal.ContextRunnable.run(ContextRunnable.java:37)
	at org.apache.ratis.thirdparty.io.grpc.internal.SerializingExecutor.run(SerializingExecutor.java:123)
	at java.util.concurrent.ThreadPoolExecutor.runWorker(ThreadPoolExecutor.java:1149)
	at java.util.concurrent.ThreadPoolExecutor$Worker.run(ThreadPoolExecutor.java:624)
	at java.lang.Thread.run(Thread.java:748)

Oct 18, 2019 7:54:45 AM org.apache.ratis.thirdparty.io.grpc.internal.SerializingExecutor run
SEVERE: Exception while executing runnable org.apache.ratis.thirdparty.io.grpc.internal.ServerImpl$JumpToApplicationThreadServerStreamListener$1Closed@72c11dfc
org.apache.ratis.thirdparty.io.grpc.StatusRuntimeException: CANCELLED: call already cancelled
	at org.apache.ratis.thirdparty.io.grpc.Status.asRuntimeException(Status.java:517)
	at org.apache.ratis.thirdparty.io.grpc.stub.ServerCalls$ServerCallStreamObserverImpl.onCompleted(ServerCalls.java:356)
	at org.apache.ratis.grpc.server.GrpcServerProtocolService$ServerRequestStreamObserver.onError(GrpcServerProtocolService.java:121)
	at org.apache.ratis.thirdparty.io.grpc.stub.ServerCalls$StreamingServerCallHandler$StreamingServerCallListener.onCancel(ServerCalls.java:269)
	at org.apache.ratis.thirdparty.io.grpc.internal.ServerCallImpl$ServerStreamListenerImpl.closed(ServerCallImpl.java:293)
	at org.apache.ratis.thirdparty.io.grpc.internal.ServerImpl$JumpToApplicationThreadServerStreamListener$1Closed.runInContext(ServerImpl.java:741)
	at org.apache.ratis.thirdparty.io.grpc.internal.ContextRunnable.run(ContextRunnable.java:37)
	at org.apache.ratis.thirdparty.io.grpc.internal.SerializingExecutor.run(SerializingExecutor.java:123)
	at java.util.concurrent.ThreadPoolExecutor.runWorker(ThreadPoolExecutor.java:1149)
	at java.util.concurrent.ThreadPoolExecutor$Worker.run(ThreadPoolExecutor.java:624)
	at java.lang.Thread.run(Thread.java:748)

]]></system-err>
  </testcase>
  <testcase name="testPipelineCreationOnNodeRestart" classname="org.apache.hadoop.hdds.scm.pipeline.TestRatisPipelineCreateAndDestroy" time="38.389"/>
</testsuite>