<?xml version="1.0" encoding="UTF-8"?>
<testsuite xmlns:xsi="http://www.w3.org/2001/XMLSchema-instance" xsi:noNamespaceSchemaLocation="https://maven.apache.org/surefire/maven-surefire-plugin/xsd/surefire-test-report.xsd" name="org.apache.hadoop.ozone.client.rpc.Test2WayCommitInRatis" time="32.273" tests="1" errors="1" skipped="0" failures="0">
  <properties>
    <property name="awt.toolkit" value="sun.awt.X11.XToolkit"/>
    <property name="file.encoding.pkg" value="sun.io"/>
    <property name="java.specification.version" value="1.8"/>
    <property name="sun.cpu.isalist" value=""/>
    <property name="sun.jnu.encoding" value="UTF-8"/>
    <property name="java.class.path" value="/workdir/hadoop-ozone/integration-test/target/test-classes:/workdir/hadoop-ozone/integration-test/target/classes:/home/user/.m2/repository/org/apache/hadoop/hadoop-ozone-common/0.5.0-SNAPSHOT/hadoop-ozone-common-0.5.0-SNAPSHOT.jar:/home/user/.m2/repository/org/apache/commons/commons-compress/1.4.1/commons-compress-1.4.1.jar:/home/user/.m2/repository/org/tukaani/xz/1.0/xz-1.0.jar:/home/user/.m2/repository/org/apache/hadoop/hadoop-common/3.2.0/hadoop-common-3.2.0.jar:/home/user/.m2/repository/org/apache/hadoop/hadoop-hdfs/3.2.0/hadoop-hdfs-3.2.0.jar:/home/user/.m2/repository/org/apache/hadoop/hadoop-hdfs-client/3.2.0/hadoop-hdfs-client-3.2.0.jar:/home/user/.m2/repository/com/fasterxml/jackson/core/jackson-annotations/2.9.9/jackson-annotations-2.9.9.jar:/home/user/.m2/repository/org/apache/hadoop/hadoop-hdds-common/0.5.0-SNAPSHOT/hadoop-hdds-common-0.5.0-SNAPSHOT.jar:/home/user/.m2/repository/javax/annotation/javax.annotation-api/1.2/javax.annotation-api-1.2.jar:/home/user/.m2/repository/org/apache/ratis/ratis-server/0.5.0-201fc85-SNAPSHOT/ratis-server-0.5.0-201fc85-SNAPSHOT.jar:/home/user/.m2/repository/org/apache/ratis/ratis-thirdparty-misc/0.2.0/ratis-thirdparty-misc-0.2.0.jar:/home/user/.m2/repository/org/apache/ratis/ratis-proto/0.5.0-201fc85-SNAPSHOT/ratis-proto-0.5.0-201fc85-SNAPSHOT.jar:/home/user/.m2/repository/org/apache/ratis/ratis-common/0.5.0-201fc85-SNAPSHOT/ratis-common-0.5.0-201fc85-SNAPSHOT.jar:/home/user/.m2/repository/org/apache/ratis/ratis-client/0.5.0-201fc85-SNAPSHOT/ratis-client-0.5.0-201fc85-SNAPSHOT.jar:/home/user/.m2/repository/org/apache/ratis/ratis-metrics/0.5.0-201fc85-SNAPSHOT/ratis-metrics-0.5.0-201fc85-SNAPSHOT.jar:/home/user/.m2/repository/com/github/joshelser/dropwizard-metrics-hadoop-metrics2-reporter/0.1.2/dropwizard-metrics-hadoop-metrics2-reporter-0.1.2.jar:/home/user/.m2/repository/io/dropwizard/metrics/metrics-jvm/3.2.5/metrics-jvm-3.2.5.jar:/home/user/.m2/repository/io/dropwizard/metrics/metrics-ganglia/3.2.5/metrics-ganglia-3.2.5.jar:/home/user/.m2/repository/info/ganglia/gmetric4j/gmetric4j/1.0.7/gmetric4j-1.0.7.jar:/home/user/.m2/repository/org/apache/ratis/ratis-netty/0.5.0-201fc85-SNAPSHOT/ratis-netty-0.5.0-201fc85-SNAPSHOT.jar:/home/user/.m2/repository/org/apache/ratis/ratis-grpc/0.5.0-201fc85-SNAPSHOT/ratis-grpc-0.5.0-201fc85-SNAPSHOT.jar:/home/user/.m2/repository/org/rocksdb/rocksdbjni/6.0.1/rocksdbjni-6.0.1.jar:/home/user/.m2/repository/org/apache/logging/log4j/log4j-api/2.11.0/log4j-api-2.11.0.jar:/home/user/.m2/repository/org/apache/logging/log4j/log4j-core/2.11.0/log4j-core-2.11.0.jar:/home/user/.m2/repository/com/lmax/disruptor/3.4.2/disruptor-3.4.2.jar:/home/user/.m2/repository/org/apache/commons/commons-pool2/2.6.0/commons-pool2-2.6.0.jar:/home/user/.m2/repository/org/bouncycastle/bcpkix-jdk15on/1.60/bcpkix-jdk15on-1.60.jar:/home/user/.m2/repository/commons-validator/commons-validator/1.6/commons-validator-1.6.jar:/home/user/.m2/repository/commons-digester/commons-digester/1.8.1/commons-digester-1.8.1.jar:/home/user/.m2/repository/io/jaegertracing/jaeger-client/0.34.0/jaeger-client-0.34.0.jar:/home/user/.m2/repository/io/jaegertracing/jaeger-thrift/0.34.0/jaeger-thrift-0.34.0.jar:/home/user/.m2/repository/org/apache/thrift/libthrift/0.12.0/libthrift-0.12.0.jar:/home/user/.m2/repository/com/squareup/okhttp3/okhttp/3.9.0/okhttp-3.9.0.jar:/home/user/.m2/repository/com/squareup/okio/okio/1.13.0/okio-1.13.0.jar:/home/user/.m2/repository/io/jaegertracing/jaeger-core/0.34.0/jaeger-core-0.34.0.jar:/home/user/.m2/repository/io/jaegertracing/jaeger-tracerresolver/0.34.0/jaeger-tracerresolver-0.34.0.jar:/home/user/.m2/repository/io/opentracing/contrib/opentracing-tracerresolver/0.1.5/opentracing-tracerresolver-0.1.5.jar:/home/user/.m2/repository/io/opentracing/opentracing-util/0.31.0/opentracing-util-0.31.0.jar:/home/user/.m2/repository/io/opentracing/opentracing-api/0.31.0/opentracing-api-0.31.0.jar:/home/user/.m2/repository/io/opentracing/opentracing-noop/0.31.0/opentracing-noop-0.31.0.jar:/home/user/.m2/repository/org/apache/hadoop/hadoop-hdds-server-framework/0.5.0-SNAPSHOT/hadoop-hdds-server-framework-0.5.0-SNAPSHOT.jar:/home/user/.m2/repository/org/apache/hadoop/hadoop-hdds-container-service/0.5.0-SNAPSHOT/hadoop-hdds-container-service-0.5.0-SNAPSHOT.jar:/home/user/.m2/repository/org/apache/hadoop/hadoop-hdds-client/0.5.0-SNAPSHOT/hadoop-hdds-client-0.5.0-SNAPSHOT.jar:/home/user/.m2/repository/org/apache/hadoop/hadoop-hdds-tools/0.5.0-SNAPSHOT/hadoop-hdds-tools-0.5.0-SNAPSHOT.jar:/home/user/.m2/repository/org/apache/hadoop/hadoop-hdds-server-scm/0.5.0-SNAPSHOT/hadoop-hdds-server-scm-0.5.0-SNAPSHOT.jar:/home/user/.m2/repository/org/apache/hadoop/hadoop-hdds-docs/0.5.0-SNAPSHOT/hadoop-hdds-docs-0.5.0-SNAPSHOT.jar:/home/user/.m2/repository/io/dropwizard/metrics/metrics-core/3.2.4/metrics-core-3.2.4.jar:/home/user/.m2/repository/org/hamcrest/hamcrest-all/1.3/hamcrest-all-1.3.jar:/home/user/.m2/repository/org/bouncycastle/bcprov-jdk15on/1.60/bcprov-jdk15on-1.60.jar:/home/user/.m2/repository/info/picocli/picocli/3.9.6/picocli-3.9.6.jar:/home/user/.m2/repository/com/google/protobuf/protobuf-java/2.5.0/protobuf-java-2.5.0.jar:/home/user/.m2/repository/com/google/guava/guava/11.0.2/guava-11.0.2.jar:/home/user/.m2/repository/org/apache/hadoop/hadoop-ozone-ozone-manager/0.5.0-SNAPSHOT/hadoop-ozone-ozone-manager-0.5.0-SNAPSHOT.jar:/home/user/.m2/repository/org/apache/hadoop/hadoop-minikdc/3.2.0/hadoop-minikdc-3.2.0.jar:/home/user/.m2/repository/commons-io/commons-io/2.5/commons-io-2.5.jar:/home/user/.m2/repository/org/apache/kerby/kerb-simplekdc/1.0.1/kerb-simplekdc-1.0.1.jar:/home/user/.m2/repository/org/apache/kerby/kerb-client/1.0.1/kerb-client-1.0.1.jar:/home/user/.m2/repository/org/apache/kerby/kerby-config/1.0.1/kerby-config-1.0.1.jar:/home/user/.m2/repository/org/apache/kerby/kerb-core/1.0.1/kerb-core-1.0.1.jar:/home/user/.m2/repository/org/apache/kerby/kerby-pkix/1.0.1/kerby-pkix-1.0.1.jar:/home/user/.m2/repository/org/apache/kerby/kerby-asn1/1.0.1/kerby-asn1-1.0.1.jar:/home/user/.m2/repository/org/apache/kerby/kerby-util/1.0.1/kerby-util-1.0.1.jar:/home/user/.m2/repository/org/apache/kerby/kerb-common/1.0.1/kerb-common-1.0.1.jar:/home/user/.m2/repository/org/apache/kerby/kerb-crypto/1.0.1/kerb-crypto-1.0.1.jar:/home/user/.m2/repository/org/apache/kerby/kerb-util/1.0.1/kerb-util-1.0.1.jar:/home/user/.m2/repository/org/apache/kerby/token-provider/1.0.1/token-provider-1.0.1.jar:/home/user/.m2/repository/org/apache/kerby/kerb-admin/1.0.1/kerb-admin-1.0.1.jar:/home/user/.m2/repository/org/apache/kerby/kerb-server/1.0.1/kerb-server-1.0.1.jar:/home/user/.m2/repository/org/apache/kerby/kerb-identity/1.0.1/kerb-identity-1.0.1.jar:/home/user/.m2/repository/org/apache/kerby/kerby-xdr/1.0.1/kerby-xdr-1.0.1.jar:/home/user/.m2/repository/org/slf4j/slf4j-log4j12/1.7.25/slf4j-log4j12-1.7.25.jar:/home/user/.m2/repository/org/apache/hadoop/hadoop-ozone-s3gateway/0.5.0-SNAPSHOT/hadoop-ozone-s3gateway-0.5.0-SNAPSHOT.jar:/home/user/.m2/repository/org/jboss/weld/servlet/weld-servlet/2.4.7.Final/weld-servlet-2.4.7.Final.jar:/home/user/.m2/repository/org/glassfish/jersey/containers/jersey-container-servlet-core/2.27/jersey-container-servlet-core-2.27.jar:/home/user/.m2/repository/org/glassfish/hk2/external/javax.inject/2.5.0-b42/javax.inject-2.5.0-b42.jar:/home/user/.m2/repository/org/glassfish/jersey/core/jersey-common/2.27/jersey-common-2.27.jar:/home/user/.m2/repository/org/glassfish/hk2/osgi-resource-locator/1.0.1/osgi-resource-locator-1.0.1.jar:/home/user/.m2/repository/javax/ws/rs/javax.ws.rs-api/2.1/javax.ws.rs-api-2.1.jar:/home/user/.m2/repository/org/glassfish/jersey/ext/cdi/jersey-cdi1x/2.27/jersey-cdi1x-2.27.jar:/home/user/.m2/repository/org/glassfish/jersey/inject/jersey-hk2/2.27/jersey-hk2-2.27.jar:/home/user/.m2/repository/org/glassfish/hk2/hk2-locator/2.5.0-b42/hk2-locator-2.5.0-b42.jar:/home/user/.m2/repository/org/javassist/javassist/3.22.0-CR2/javassist-3.22.0-CR2.jar:/home/user/.m2/repository/org/glassfish/hk2/hk2-api/2.5.0/hk2-api-2.5.0.jar:/home/user/.m2/repository/org/glassfish/hk2/external/jakarta.inject/2.5.0/jakarta.inject-2.5.0.jar:/home/user/.m2/repository/org/glassfish/hk2/hk2-utils/2.5.0/hk2-utils-2.5.0.jar:/home/user/.m2/repository/jakarta/annotation/jakarta.annotation-api/1.3.4/jakarta.annotation-api-1.3.4.jar:/home/user/.m2/repository/org/glassfish/hk2/external/aopalliance-repackaged/2.5.0/aopalliance-repackaged-2.5.0.jar:/home/user/.m2/repository/com/fasterxml/jackson/dataformat/jackson-dataformat-xml/2.9.0/jackson-dataformat-xml-2.9.0.jar:/home/user/.m2/repository/com/fasterxml/jackson/core/jackson-core/2.9.9/jackson-core-2.9.9.jar:/home/user/.m2/repository/com/fasterxml/jackson/module/jackson-module-jaxb-annotations/2.9.9/jackson-module-jaxb-annotations-2.9.9.jar:/home/user/.m2/repository/javax/enterprise/cdi-api/1.2/cdi-api-1.2.jar:/home/user/.m2/repository/javax/el/javax.el-api/3.0.0/javax.el-api-3.0.0.jar:/home/user/.m2/repository/javax/interceptor/javax.interceptor-api/1.2/javax.interceptor-api-1.2.jar:/home/user/.m2/repository/javax/inject/javax.inject/1/javax.inject-1.jar:/home/user/.m2/repository/com/sun/xml/bind/jaxb-impl/2.3.0.1/jaxb-impl-2.3.0.1.jar:/home/user/.m2/repository/com/sun/xml/bind/jaxb-core/2.3.0.1/jaxb-core-2.3.0.1.jar:/home/user/.m2/repository/javax/xml/bind/jaxb-api/2.3.0/jaxb-api-2.3.0.jar:/home/user/.m2/repository/javax/activation/activation/1.1.1/activation-1.1.1.jar:/home/user/.m2/repository/org/apache/hadoop/hadoop-ozone-csi/0.5.0-SNAPSHOT/hadoop-ozone-csi-0.5.0-SNAPSHOT.jar:/home/user/.m2/repository/com/google/protobuf/protobuf-java-util/3.5.1/protobuf-java-util-3.5.1.jar:/home/user/.m2/repository/org/apache/hadoop/hadoop-hdds-config/0.5.0-SNAPSHOT/hadoop-hdds-config-0.5.0-SNAPSHOT.jar:/home/user/.m2/repository/io/grpc/grpc-netty/1.17.1/grpc-netty-1.17.1.jar:/home/user/.m2/repository/io/grpc/grpc-core/1.17.1/grpc-core-1.17.1.jar:/home/user/.m2/repository/io/grpc/grpc-context/1.17.1/grpc-context-1.17.1.jar:/home/user/.m2/repository/com/google/errorprone/error_prone_annotations/2.2.0/error_prone_annotations-2.2.0.jar:/home/user/.m2/repository/org/codehaus/mojo/animal-sniffer-annotations/1.17/animal-sniffer-annotations-1.17.jar:/home/user/.m2/repository/io/opencensus/opencensus-api/0.17.0/opencensus-api-0.17.0.jar:/home/user/.m2/repository/io/opencensus/opencensus-contrib-grpc-metrics/0.17.0/opencensus-contrib-grpc-metrics-0.17.0.jar:/home/user/.m2/repository/io/netty/netty-codec-http2/4.1.30.Final/netty-codec-http2-4.1.30.Final.jar:/home/user/.m2/repository/io/netty/netty-codec-http/4.1.30.Final/netty-codec-http-4.1.30.Final.jar:/home/user/.m2/repository/io/netty/netty-codec/4.1.30.Final/netty-codec-4.1.30.Final.jar:/home/user/.m2/repository/io/netty/netty-handler/4.1.30.Final/netty-handler-4.1.30.Final.jar:/home/user/.m2/repository/io/netty/netty-handler-proxy/4.1.30.Final/netty-handler-proxy-4.1.30.Final.jar:/home/user/.m2/repository/io/netty/netty-codec-socks/4.1.30.Final/netty-codec-socks-4.1.30.Final.jar:/home/user/.m2/repository/io/netty/netty-transport-native-epoll/4.1.30.Final/netty-transport-native-epoll-4.1.30.Final.jar:/home/user/.m2/repository/io/netty/netty-common/4.1.30.Final/netty-common-4.1.30.Final.jar:/home/user/.m2/repository/io/netty/netty-buffer/4.1.30.Final/netty-buffer-4.1.30.Final.jar:/home/user/.m2/repository/io/netty/netty-transport/4.1.30.Final/netty-transport-4.1.30.Final.jar:/home/user/.m2/repository/io/netty/netty-resolver/4.1.30.Final/netty-resolver-4.1.30.Final.jar:/home/user/.m2/repository/io/netty/netty-transport-native-unix-common/4.1.30.Final/netty-transport-native-unix-common-4.1.30.Final.jar:/home/user/.m2/repository/io/grpc/grpc-protobuf/1.17.1/grpc-protobuf-1.17.1.jar:/home/user/.m2/repository/com/google/api/grpc/proto-google-common-protos/1.0.0/proto-google-common-protos-1.0.0.jar:/home/user/.m2/repository/io/grpc/grpc-protobuf-lite/1.17.1/grpc-protobuf-lite-1.17.1.jar:/home/user/.m2/repository/io/grpc/grpc-stub/1.17.1/grpc-stub-1.17.1.jar:/home/user/.m2/repository/org/apache/hadoop/hadoop-ozone-recon/0.5.0-SNAPSHOT/hadoop-ozone-recon-0.5.0-SNAPSHOT.jar:/home/user/.m2/repository/org/apache/hadoop/hadoop-ozone-reconcodegen/0.5.0-SNAPSHOT/hadoop-ozone-reconcodegen-0.5.0-SNAPSHOT.jar:/home/user/.m2/repository/com/google/inject/extensions/guice-multibindings/4.0/guice-multibindings-4.0.jar:/home/user/.m2/repository/com/google/inject/guice/4.0/guice-4.0.jar:/home/user/.m2/repository/aopalliance/aopalliance/1.0/aopalliance-1.0.jar:/home/user/.m2/repository/com/google/inject/extensions/guice-servlet/4.0/guice-servlet-4.0.jar:/home/user/.m2/repository/org/glassfish/jersey/containers/jersey-container-servlet/2.27/jersey-container-servlet-2.27.jar:/home/user/.m2/repository/org/glassfish/hk2/guice-bridge/2.5.0/guice-bridge-2.5.0.jar:/home/user/.m2/repository/org/glassfish/jersey/core/jersey-server/2.27/jersey-server-2.27.jar:/home/user/.m2/repository/org/glassfish/jersey/core/jersey-client/2.27/jersey-client-2.27.jar:/home/user/.m2/repository/org/glassfish/jersey/media/jersey-media-jaxb/2.27/jersey-media-jaxb-2.27.jar:/home/user/.m2/repository/javax/validation/validation-api/1.1.0.Final/validation-api-1.1.0.Final.jar:/home/user/.m2/repository/org/glassfish/jersey/media/jersey-media-json-jackson/2.27/jersey-media-json-jackson-2.27.jar:/home/user/.m2/repository/org/glassfish/jersey/ext/jersey-entity-filtering/2.27/jersey-entity-filtering-2.27.jar:/home/user/.m2/repository/com/google/inject/extensions/guice-assistedinject/4.0/guice-assistedinject-4.0.jar:/home/user/.m2/repository/org/jooq/jooq/3.11.10/jooq-3.11.10.jar:/home/user/.m2/repository/org/jooq/jooq-meta/3.11.10/jooq-meta-3.11.10.jar:/home/user/.m2/repository/org/jooq/jooq-codegen/3.11.10/jooq-codegen-3.11.10.jar:/home/user/.m2/repository/com/jolbox/bonecp/0.8.0.RELEASE/bonecp-0.8.0.RELEASE.jar:/home/user/.m2/repository/org/xerial/sqlite-jdbc/3.25.2/sqlite-jdbc-3.25.2.jar:/home/user/.m2/repository/org/springframework/spring-jdbc/5.1.3.RELEASE/spring-jdbc-5.1.3.RELEASE.jar:/home/user/.m2/repository/org/springframework/spring-beans/5.1.3.RELEASE/spring-beans-5.1.3.RELEASE.jar:/home/user/.m2/repository/org/springframework/spring-core/5.1.3.RELEASE/spring-core-5.1.3.RELEASE.jar:/home/user/.m2/repository/org/springframework/spring-jcl/5.1.3.RELEASE/spring-jcl-5.1.3.RELEASE.jar:/home/user/.m2/repository/org/springframework/spring-tx/5.1.3.RELEASE/spring-tx-5.1.3.RELEASE.jar:/home/user/.m2/repository/org/apache/hadoop/hadoop-ozone-client/0.5.0-SNAPSHOT/hadoop-ozone-client-0.5.0-SNAPSHOT.jar:/home/user/.m2/repository/commons-lang/commons-lang/2.6/commons-lang-2.6.jar:/home/user/.m2/repository/org/apache/hadoop/hadoop-ozone-ozone-manager/0.5.0-SNAPSHOT/hadoop-ozone-ozone-manager-0.5.0-SNAPSHOT-tests.jar:/home/user/.m2/repository/junit/junit/4.11/junit-4.11.jar:/home/user/.m2/repository/org/hamcrest/hamcrest-core/1.3/hamcrest-core-1.3.jar:/home/user/.m2/repository/org/openjdk/jmh/jmh-core/1.19/jmh-core-1.19.jar:/home/user/.m2/repository/net/sf/jopt-simple/jopt-simple/4.6/jopt-simple-4.6.jar:/home/user/.m2/repository/org/apache/commons/commons-math3/3.1.1/commons-math3-3.1.1.jar:/home/user/.m2/repository/org/openjdk/jmh/jmh-generator-annprocess/1.19/jmh-generator-annprocess-1.19.jar:/home/user/.m2/repository/org/mockito/mockito-all/1.8.5/mockito-all-1.8.5.jar:/home/user/.m2/repository/org/apache/hadoop/hadoop-kms/3.2.0/hadoop-kms-3.2.0.jar:/home/user/.m2/repository/org/apache/hadoop/hadoop-auth/3.2.0/hadoop-auth-3.2.0.jar:/home/user/.m2/repository/com/nimbusds/nimbus-jose-jwt/4.41.1/nimbus-jose-jwt-4.41.1.jar:/home/user/.m2/repository/com/github/stephenc/jcip/jcip-annotations/1.0-1/jcip-annotations-1.0-1.jar:/home/user/.m2/repository/net/minidev/json-smart/2.3/json-smart-2.3.jar:/home/user/.m2/repository/net/minidev/accessors-smart/1.2/accessors-smart-1.2.jar:/home/user/.m2/repository/org/ow2/asm/asm/5.0.4/asm-5.0.4.jar:/home/user/.m2/repository/org/apache/curator/curator-framework/2.12.0/curator-framework-2.12.0.jar:/home/user/.m2/repository/com/sun/jersey/jersey-core/1.19/jersey-core-1.19.jar:/home/user/.m2/repository/javax/ws/rs/jsr311-api/1.1.1/jsr311-api-1.1.1.jar:/home/user/.m2/repository/com/sun/jersey/jersey-server/1.19/jersey-server-1.19.jar:/home/user/.m2/repository/javax/servlet/javax.servlet-api/3.1.0/javax.servlet-api-3.1.0.jar:/home/user/.m2/repository/org/eclipse/jetty/jetty-server/9.3.25.v20180904/jetty-server-9.3.25.v20180904.jar:/home/user/.m2/repository/org/eclipse/jetty/jetty-http/9.3.25.v20180904/jetty-http-9.3.25.v20180904.jar:/home/user/.m2/repository/org/eclipse/jetty/jetty-io/9.3.25.v20180904/jetty-io-9.3.25.v20180904.jar:/home/user/.m2/repository/org/eclipse/jetty/jetty-webapp/9.3.25.v20180904/jetty-webapp-9.3.25.v20180904.jar:/home/user/.m2/repository/org/eclipse/jetty/jetty-xml/9.3.25.v20180904/jetty-xml-9.3.25.v20180904.jar:/home/user/.m2/repository/log4j/log4j/1.2.17/log4j-1.2.17.jar:/home/user/.m2/repository/org/slf4j/slf4j-api/1.7.25/slf4j-api-1.7.25.jar:/home/user/.m2/repository/org/slf4j/jul-to-slf4j/1.7.25/jul-to-slf4j-1.7.25.jar:/home/user/.m2/repository/org/eclipse/jetty/jetty-util/9.3.25.v20180904/jetty-util-9.3.25.v20180904.jar:/home/user/.m2/repository/com/fasterxml/jackson/core/jackson-databind/2.9.9/jackson-databind-2.9.9.jar:/home/user/.m2/repository/org/apache/hadoop/hadoop-kms/3.2.0/hadoop-kms-3.2.0-tests.jar:/home/user/.m2/repository/org/apache/hadoop/hadoop-hdds-server-scm/0.5.0-SNAPSHOT/hadoop-hdds-server-scm-0.5.0-SNAPSHOT-tests.jar:/home/user/.m2/repository/org/apache/hadoop/hadoop-hdds-container-service/0.5.0-SNAPSHOT/hadoop-hdds-container-service-0.5.0-SNAPSHOT-tests.jar:/home/user/.m2/repository/org/yaml/snakeyaml/1.16/snakeyaml-1.16.jar:/home/user/.m2/repository/org/apache/hadoop/hadoop-common/3.2.0/hadoop-common-3.2.0-tests.jar:/home/user/.m2/repository/org/apache/hadoop/hadoop-annotations/3.2.0/hadoop-annotations-3.2.0.jar:/usr/lib/jvm/java-1.8-openjdk/jre/../lib/tools.jar:/home/user/.m2/repository/commons-cli/commons-cli/1.2/commons-cli-1.2.jar:/home/user/.m2/repository/org/apache/httpcomponents/httpclient/4.5.2/httpclient-4.5.2.jar:/home/user/.m2/repository/org/apache/httpcomponents/httpcore/4.4.4/httpcore-4.4.4.jar:/home/user/.m2/repository/commons-codec/commons-codec/1.11/commons-codec-1.11.jar:/home/user/.m2/repository/commons-net/commons-net/3.6/commons-net-3.6.jar:/home/user/.m2/repository/commons-collections/commons-collections/3.2.2/commons-collections-3.2.2.jar:/home/user/.m2/repository/org/eclipse/jetty/jetty-servlet/9.3.25.v20180904/jetty-servlet-9.3.25.v20180904.jar:/home/user/.m2/repository/org/eclipse/jetty/jetty-security/9.3.25.v20180904/jetty-security-9.3.25.v20180904.jar:/home/user/.m2/repository/javax/servlet/jsp/jsp-api/2.1/jsp-api-2.1.jar:/home/user/.m2/repository/com/sun/jersey/jersey-servlet/1.19/jersey-servlet-1.19.jar:/home/user/.m2/repository/com/sun/jersey/jersey-json/1.19/jersey-json-1.19.jar:/home/user/.m2/repository/org/codehaus/jettison/jettison/1.1/jettison-1.1.jar:/home/user/.m2/repository/org/codehaus/jackson/jackson-core-asl/1.9.13/jackson-core-asl-1.9.13.jar:/home/user/.m2/repository/org/codehaus/jackson/jackson-mapper-asl/1.9.13/jackson-mapper-asl-1.9.13.jar:/home/user/.m2/repository/org/codehaus/jackson/jackson-jaxrs/1.9.13/jackson-jaxrs-1.9.13.jar:/home/user/.m2/repository/org/codehaus/jackson/jackson-xc/1.9.13/jackson-xc-1.9.13.jar:/home/user/.m2/repository/commons-logging/commons-logging/1.1.3/commons-logging-1.1.3.jar:/home/user/.m2/repository/commons-beanutils/commons-beanutils/1.9.4/commons-beanutils-1.9.4.jar:/home/user/.m2/repository/org/apache/commons/commons-configuration2/2.1.1/commons-configuration2-2.1.1.jar:/home/user/.m2/repository/org/apache/commons/commons-lang3/3.7/commons-lang3-3.7.jar:/home/user/.m2/repository/org/apache/commons/commons-text/1.4/commons-text-1.4.jar:/home/user/.m2/repository/org/apache/avro/avro/1.7.7/avro-1.7.7.jar:/home/user/.m2/repository/com/thoughtworks/paranamer/paranamer/2.3/paranamer-2.3.jar:/home/user/.m2/repository/org/xerial/snappy/snappy-java/1.0.5/snappy-java-1.0.5.jar:/home/user/.m2/repository/com/google/re2j/re2j/1.1/re2j-1.1.jar:/home/user/.m2/repository/com/google/code/gson/gson/2.2.4/gson-2.2.4.jar:/home/user/.m2/repository/com/jcraft/jsch/0.1.54/jsch-0.1.54.jar:/home/user/.m2/repository/org/apache/curator/curator-client/2.12.0/curator-client-2.12.0.jar:/home/user/.m2/repository/org/apache/curator/curator-recipes/2.12.0/curator-recipes-2.12.0.jar:/home/user/.m2/repository/com/google/code/findbugs/jsr305/3.0.0/jsr305-3.0.0.jar:/home/user/.m2/repository/org/apache/htrace/htrace-core4/4.1.0-incubating/htrace-core4-4.1.0-incubating.jar:/home/user/.m2/repository/org/apache/zookeeper/zookeeper/3.4.13/zookeeper-3.4.13.jar:/home/user/.m2/repository/jline/jline/0.9.94/jline-0.9.94.jar:/home/user/.m2/repository/org/apache/yetus/audience-annotations/0.5.0/audience-annotations-0.5.0.jar:/home/user/.m2/repository/org/codehaus/woodstox/stax2-api/3.1.4/stax2-api-3.1.4.jar:/home/user/.m2/repository/com/fasterxml/woodstox/woodstox-core/5.0.3/woodstox-core-5.0.3.jar:/home/user/.m2/repository/dnsjava/dnsjava/2.1.7/dnsjava-2.1.7.jar:/home/user/.m2/repository/org/apache/hadoop/hadoop-hdfs/3.2.0/hadoop-hdfs-3.2.0-tests.jar:/home/user/.m2/repository/org/eclipse/jetty/jetty-util-ajax/9.3.25.v20180904/jetty-util-ajax-9.3.25.v20180904.jar:/home/user/.m2/repository/commons-daemon/commons-daemon/1.0.13/commons-daemon-1.0.13.jar:/home/user/.m2/repository/io/netty/netty/3.10.5.Final/netty-3.10.5.Final.jar:/home/user/.m2/repository/io/netty/netty-all/4.0.52.Final/netty-all-4.0.52.Final.jar:/home/user/.m2/repository/org/fusesource/leveldbjni/leveldbjni-all/1.8/leveldbjni-all-1.8.jar:"/>
    <property name="java.vm.vendor" value="IcedTea"/>
    <property name="sun.arch.data.model" value="64"/>
    <property name="test.build.dir" value="/workdir/hadoop-ozone/integration-test/target/test-dir"/>
    <property name="test.cache.data" value=""/>
    <property name="java.vendor.url" value="https://icedtea.classpath.org"/>
    <property name="user.timezone" value=""/>
    <property name="java.vm.specification.version" value="1.8"/>
    <property name="os.name" value="Linux"/>
    <property name="test.build.data" value="/workdir/hadoop-ozone/integration-test/target/test-dir"/>
    <property name="user.country" value="US"/>
    <property name="sun.java.launcher" value="SUN_STANDARD"/>
    <property name="sun.boot.library.path" value="/usr/lib/jvm/java-1.8-openjdk/jre/lib/amd64"/>
    <property name="sun.java.command" value="/workdir/hadoop-ozone/integration-test/target/surefire/surefirebooter5106648549351675958.jar /workdir/hadoop-ozone/integration-test/target/surefire 2019-10-14T11-42-41_570-jvmRun1 surefire18858224165382141tmp surefire_633596798829193482567tmp"/>
    <property name="test" value="!TestMiniChaosOzoneCluster"/>
    <property name="surefire.test.class.path" value="/workdir/hadoop-ozone/integration-test/target/test-classes:/workdir/hadoop-ozone/integration-test/target/classes:/home/user/.m2/repository/org/apache/hadoop/hadoop-ozone-common/0.5.0-SNAPSHOT/hadoop-ozone-common-0.5.0-SNAPSHOT.jar:/home/user/.m2/repository/org/apache/commons/commons-compress/1.4.1/commons-compress-1.4.1.jar:/home/user/.m2/repository/org/tukaani/xz/1.0/xz-1.0.jar:/home/user/.m2/repository/org/apache/hadoop/hadoop-common/3.2.0/hadoop-common-3.2.0.jar:/home/user/.m2/repository/org/apache/hadoop/hadoop-hdfs/3.2.0/hadoop-hdfs-3.2.0.jar:/home/user/.m2/repository/org/apache/hadoop/hadoop-hdfs-client/3.2.0/hadoop-hdfs-client-3.2.0.jar:/home/user/.m2/repository/com/fasterxml/jackson/core/jackson-annotations/2.9.9/jackson-annotations-2.9.9.jar:/home/user/.m2/repository/org/apache/hadoop/hadoop-hdds-common/0.5.0-SNAPSHOT/hadoop-hdds-common-0.5.0-SNAPSHOT.jar:/home/user/.m2/repository/javax/annotation/javax.annotation-api/1.2/javax.annotation-api-1.2.jar:/home/user/.m2/repository/org/apache/ratis/ratis-server/0.5.0-201fc85-SNAPSHOT/ratis-server-0.5.0-201fc85-SNAPSHOT.jar:/home/user/.m2/repository/org/apache/ratis/ratis-thirdparty-misc/0.2.0/ratis-thirdparty-misc-0.2.0.jar:/home/user/.m2/repository/org/apache/ratis/ratis-proto/0.5.0-201fc85-SNAPSHOT/ratis-proto-0.5.0-201fc85-SNAPSHOT.jar:/home/user/.m2/repository/org/apache/ratis/ratis-common/0.5.0-201fc85-SNAPSHOT/ratis-common-0.5.0-201fc85-SNAPSHOT.jar:/home/user/.m2/repository/org/apache/ratis/ratis-client/0.5.0-201fc85-SNAPSHOT/ratis-client-0.5.0-201fc85-SNAPSHOT.jar:/home/user/.m2/repository/org/apache/ratis/ratis-metrics/0.5.0-201fc85-SNAPSHOT/ratis-metrics-0.5.0-201fc85-SNAPSHOT.jar:/home/user/.m2/repository/com/github/joshelser/dropwizard-metrics-hadoop-metrics2-reporter/0.1.2/dropwizard-metrics-hadoop-metrics2-reporter-0.1.2.jar:/home/user/.m2/repository/io/dropwizard/metrics/metrics-jvm/3.2.5/metrics-jvm-3.2.5.jar:/home/user/.m2/repository/io/dropwizard/metrics/metrics-ganglia/3.2.5/metrics-ganglia-3.2.5.jar:/home/user/.m2/repository/info/ganglia/gmetric4j/gmetric4j/1.0.7/gmetric4j-1.0.7.jar:/home/user/.m2/repository/org/apache/ratis/ratis-netty/0.5.0-201fc85-SNAPSHOT/ratis-netty-0.5.0-201fc85-SNAPSHOT.jar:/home/user/.m2/repository/org/apache/ratis/ratis-grpc/0.5.0-201fc85-SNAPSHOT/ratis-grpc-0.5.0-201fc85-SNAPSHOT.jar:/home/user/.m2/repository/org/rocksdb/rocksdbjni/6.0.1/rocksdbjni-6.0.1.jar:/home/user/.m2/repository/org/apache/logging/log4j/log4j-api/2.11.0/log4j-api-2.11.0.jar:/home/user/.m2/repository/org/apache/logging/log4j/log4j-core/2.11.0/log4j-core-2.11.0.jar:/home/user/.m2/repository/com/lmax/disruptor/3.4.2/disruptor-3.4.2.jar:/home/user/.m2/repository/org/apache/commons/commons-pool2/2.6.0/commons-pool2-2.6.0.jar:/home/user/.m2/repository/org/bouncycastle/bcpkix-jdk15on/1.60/bcpkix-jdk15on-1.60.jar:/home/user/.m2/repository/commons-validator/commons-validator/1.6/commons-validator-1.6.jar:/home/user/.m2/repository/commons-digester/commons-digester/1.8.1/commons-digester-1.8.1.jar:/home/user/.m2/repository/io/jaegertracing/jaeger-client/0.34.0/jaeger-client-0.34.0.jar:/home/user/.m2/repository/io/jaegertracing/jaeger-thrift/0.34.0/jaeger-thrift-0.34.0.jar:/home/user/.m2/repository/org/apache/thrift/libthrift/0.12.0/libthrift-0.12.0.jar:/home/user/.m2/repository/com/squareup/okhttp3/okhttp/3.9.0/okhttp-3.9.0.jar:/home/user/.m2/repository/com/squareup/okio/okio/1.13.0/okio-1.13.0.jar:/home/user/.m2/repository/io/jaegertracing/jaeger-core/0.34.0/jaeger-core-0.34.0.jar:/home/user/.m2/repository/io/jaegertracing/jaeger-tracerresolver/0.34.0/jaeger-tracerresolver-0.34.0.jar:/home/user/.m2/repository/io/opentracing/contrib/opentracing-tracerresolver/0.1.5/opentracing-tracerresolver-0.1.5.jar:/home/user/.m2/repository/io/opentracing/opentracing-util/0.31.0/opentracing-util-0.31.0.jar:/home/user/.m2/repository/io/opentracing/opentracing-api/0.31.0/opentracing-api-0.31.0.jar:/home/user/.m2/repository/io/opentracing/opentracing-noop/0.31.0/opentracing-noop-0.31.0.jar:/home/user/.m2/repository/org/apache/hadoop/hadoop-hdds-server-framework/0.5.0-SNAPSHOT/hadoop-hdds-server-framework-0.5.0-SNAPSHOT.jar:/home/user/.m2/repository/org/apache/hadoop/hadoop-hdds-container-service/0.5.0-SNAPSHOT/hadoop-hdds-container-service-0.5.0-SNAPSHOT.jar:/home/user/.m2/repository/org/apache/hadoop/hadoop-hdds-client/0.5.0-SNAPSHOT/hadoop-hdds-client-0.5.0-SNAPSHOT.jar:/home/user/.m2/repository/org/apache/hadoop/hadoop-hdds-tools/0.5.0-SNAPSHOT/hadoop-hdds-tools-0.5.0-SNAPSHOT.jar:/home/user/.m2/repository/org/apache/hadoop/hadoop-hdds-server-scm/0.5.0-SNAPSHOT/hadoop-hdds-server-scm-0.5.0-SNAPSHOT.jar:/home/user/.m2/repository/org/apache/hadoop/hadoop-hdds-docs/0.5.0-SNAPSHOT/hadoop-hdds-docs-0.5.0-SNAPSHOT.jar:/home/user/.m2/repository/io/dropwizard/metrics/metrics-core/3.2.4/metrics-core-3.2.4.jar:/home/user/.m2/repository/org/hamcrest/hamcrest-all/1.3/hamcrest-all-1.3.jar:/home/user/.m2/repository/org/bouncycastle/bcprov-jdk15on/1.60/bcprov-jdk15on-1.60.jar:/home/user/.m2/repository/info/picocli/picocli/3.9.6/picocli-3.9.6.jar:/home/user/.m2/repository/com/google/protobuf/protobuf-java/2.5.0/protobuf-java-2.5.0.jar:/home/user/.m2/repository/com/google/guava/guava/11.0.2/guava-11.0.2.jar:/home/user/.m2/repository/org/apache/hadoop/hadoop-ozone-ozone-manager/0.5.0-SNAPSHOT/hadoop-ozone-ozone-manager-0.5.0-SNAPSHOT.jar:/home/user/.m2/repository/org/apache/hadoop/hadoop-minikdc/3.2.0/hadoop-minikdc-3.2.0.jar:/home/user/.m2/repository/commons-io/commons-io/2.5/commons-io-2.5.jar:/home/user/.m2/repository/org/apache/kerby/kerb-simplekdc/1.0.1/kerb-simplekdc-1.0.1.jar:/home/user/.m2/repository/org/apache/kerby/kerb-client/1.0.1/kerb-client-1.0.1.jar:/home/user/.m2/repository/org/apache/kerby/kerby-config/1.0.1/kerby-config-1.0.1.jar:/home/user/.m2/repository/org/apache/kerby/kerb-core/1.0.1/kerb-core-1.0.1.jar:/home/user/.m2/repository/org/apache/kerby/kerby-pkix/1.0.1/kerby-pkix-1.0.1.jar:/home/user/.m2/repository/org/apache/kerby/kerby-asn1/1.0.1/kerby-asn1-1.0.1.jar:/home/user/.m2/repository/org/apache/kerby/kerby-util/1.0.1/kerby-util-1.0.1.jar:/home/user/.m2/repository/org/apache/kerby/kerb-common/1.0.1/kerb-common-1.0.1.jar:/home/user/.m2/repository/org/apache/kerby/kerb-crypto/1.0.1/kerb-crypto-1.0.1.jar:/home/user/.m2/repository/org/apache/kerby/kerb-util/1.0.1/kerb-util-1.0.1.jar:/home/user/.m2/repository/org/apache/kerby/token-provider/1.0.1/token-provider-1.0.1.jar:/home/user/.m2/repository/org/apache/kerby/kerb-admin/1.0.1/kerb-admin-1.0.1.jar:/home/user/.m2/repository/org/apache/kerby/kerb-server/1.0.1/kerb-server-1.0.1.jar:/home/user/.m2/repository/org/apache/kerby/kerb-identity/1.0.1/kerb-identity-1.0.1.jar:/home/user/.m2/repository/org/apache/kerby/kerby-xdr/1.0.1/kerby-xdr-1.0.1.jar:/home/user/.m2/repository/org/slf4j/slf4j-log4j12/1.7.25/slf4j-log4j12-1.7.25.jar:/home/user/.m2/repository/org/apache/hadoop/hadoop-ozone-s3gateway/0.5.0-SNAPSHOT/hadoop-ozone-s3gateway-0.5.0-SNAPSHOT.jar:/home/user/.m2/repository/org/jboss/weld/servlet/weld-servlet/2.4.7.Final/weld-servlet-2.4.7.Final.jar:/home/user/.m2/repository/org/glassfish/jersey/containers/jersey-container-servlet-core/2.27/jersey-container-servlet-core-2.27.jar:/home/user/.m2/repository/org/glassfish/hk2/external/javax.inject/2.5.0-b42/javax.inject-2.5.0-b42.jar:/home/user/.m2/repository/org/glassfish/jersey/core/jersey-common/2.27/jersey-common-2.27.jar:/home/user/.m2/repository/org/glassfish/hk2/osgi-resource-locator/1.0.1/osgi-resource-locator-1.0.1.jar:/home/user/.m2/repository/javax/ws/rs/javax.ws.rs-api/2.1/javax.ws.rs-api-2.1.jar:/home/user/.m2/repository/org/glassfish/jersey/ext/cdi/jersey-cdi1x/2.27/jersey-cdi1x-2.27.jar:/home/user/.m2/repository/org/glassfish/jersey/inject/jersey-hk2/2.27/jersey-hk2-2.27.jar:/home/user/.m2/repository/org/glassfish/hk2/hk2-locator/2.5.0-b42/hk2-locator-2.5.0-b42.jar:/home/user/.m2/repository/org/javassist/javassist/3.22.0-CR2/javassist-3.22.0-CR2.jar:/home/user/.m2/repository/org/glassfish/hk2/hk2-api/2.5.0/hk2-api-2.5.0.jar:/home/user/.m2/repository/org/glassfish/hk2/external/jakarta.inject/2.5.0/jakarta.inject-2.5.0.jar:/home/user/.m2/repository/org/glassfish/hk2/hk2-utils/2.5.0/hk2-utils-2.5.0.jar:/home/user/.m2/repository/jakarta/annotation/jakarta.annotation-api/1.3.4/jakarta.annotation-api-1.3.4.jar:/home/user/.m2/repository/org/glassfish/hk2/external/aopalliance-repackaged/2.5.0/aopalliance-repackaged-2.5.0.jar:/home/user/.m2/repository/com/fasterxml/jackson/dataformat/jackson-dataformat-xml/2.9.0/jackson-dataformat-xml-2.9.0.jar:/home/user/.m2/repository/com/fasterxml/jackson/core/jackson-core/2.9.9/jackson-core-2.9.9.jar:/home/user/.m2/repository/com/fasterxml/jackson/module/jackson-module-jaxb-annotations/2.9.9/jackson-module-jaxb-annotations-2.9.9.jar:/home/user/.m2/repository/javax/enterprise/cdi-api/1.2/cdi-api-1.2.jar:/home/user/.m2/repository/javax/el/javax.el-api/3.0.0/javax.el-api-3.0.0.jar:/home/user/.m2/repository/javax/interceptor/javax.interceptor-api/1.2/javax.interceptor-api-1.2.jar:/home/user/.m2/repository/javax/inject/javax.inject/1/javax.inject-1.jar:/home/user/.m2/repository/com/sun/xml/bind/jaxb-impl/2.3.0.1/jaxb-impl-2.3.0.1.jar:/home/user/.m2/repository/com/sun/xml/bind/jaxb-core/2.3.0.1/jaxb-core-2.3.0.1.jar:/home/user/.m2/repository/javax/xml/bind/jaxb-api/2.3.0/jaxb-api-2.3.0.jar:/home/user/.m2/repository/javax/activation/activation/1.1.1/activation-1.1.1.jar:/home/user/.m2/repository/org/apache/hadoop/hadoop-ozone-csi/0.5.0-SNAPSHOT/hadoop-ozone-csi-0.5.0-SNAPSHOT.jar:/home/user/.m2/repository/com/google/protobuf/protobuf-java-util/3.5.1/protobuf-java-util-3.5.1.jar:/home/user/.m2/repository/org/apache/hadoop/hadoop-hdds-config/0.5.0-SNAPSHOT/hadoop-hdds-config-0.5.0-SNAPSHOT.jar:/home/user/.m2/repository/io/grpc/grpc-netty/1.17.1/grpc-netty-1.17.1.jar:/home/user/.m2/repository/io/grpc/grpc-core/1.17.1/grpc-core-1.17.1.jar:/home/user/.m2/repository/io/grpc/grpc-context/1.17.1/grpc-context-1.17.1.jar:/home/user/.m2/repository/com/google/errorprone/error_prone_annotations/2.2.0/error_prone_annotations-2.2.0.jar:/home/user/.m2/repository/org/codehaus/mojo/animal-sniffer-annotations/1.17/animal-sniffer-annotations-1.17.jar:/home/user/.m2/repository/io/opencensus/opencensus-api/0.17.0/opencensus-api-0.17.0.jar:/home/user/.m2/repository/io/opencensus/opencensus-contrib-grpc-metrics/0.17.0/opencensus-contrib-grpc-metrics-0.17.0.jar:/home/user/.m2/repository/io/netty/netty-codec-http2/4.1.30.Final/netty-codec-http2-4.1.30.Final.jar:/home/user/.m2/repository/io/netty/netty-codec-http/4.1.30.Final/netty-codec-http-4.1.30.Final.jar:/home/user/.m2/repository/io/netty/netty-codec/4.1.30.Final/netty-codec-4.1.30.Final.jar:/home/user/.m2/repository/io/netty/netty-handler/4.1.30.Final/netty-handler-4.1.30.Final.jar:/home/user/.m2/repository/io/netty/netty-handler-proxy/4.1.30.Final/netty-handler-proxy-4.1.30.Final.jar:/home/user/.m2/repository/io/netty/netty-codec-socks/4.1.30.Final/netty-codec-socks-4.1.30.Final.jar:/home/user/.m2/repository/io/netty/netty-transport-native-epoll/4.1.30.Final/netty-transport-native-epoll-4.1.30.Final.jar:/home/user/.m2/repository/io/netty/netty-common/4.1.30.Final/netty-common-4.1.30.Final.jar:/home/user/.m2/repository/io/netty/netty-buffer/4.1.30.Final/netty-buffer-4.1.30.Final.jar:/home/user/.m2/repository/io/netty/netty-transport/4.1.30.Final/netty-transport-4.1.30.Final.jar:/home/user/.m2/repository/io/netty/netty-resolver/4.1.30.Final/netty-resolver-4.1.30.Final.jar:/home/user/.m2/repository/io/netty/netty-transport-native-unix-common/4.1.30.Final/netty-transport-native-unix-common-4.1.30.Final.jar:/home/user/.m2/repository/io/grpc/grpc-protobuf/1.17.1/grpc-protobuf-1.17.1.jar:/home/user/.m2/repository/com/google/api/grpc/proto-google-common-protos/1.0.0/proto-google-common-protos-1.0.0.jar:/home/user/.m2/repository/io/grpc/grpc-protobuf-lite/1.17.1/grpc-protobuf-lite-1.17.1.jar:/home/user/.m2/repository/io/grpc/grpc-stub/1.17.1/grpc-stub-1.17.1.jar:/home/user/.m2/repository/org/apache/hadoop/hadoop-ozone-recon/0.5.0-SNAPSHOT/hadoop-ozone-recon-0.5.0-SNAPSHOT.jar:/home/user/.m2/repository/org/apache/hadoop/hadoop-ozone-reconcodegen/0.5.0-SNAPSHOT/hadoop-ozone-reconcodegen-0.5.0-SNAPSHOT.jar:/home/user/.m2/repository/com/google/inject/extensions/guice-multibindings/4.0/guice-multibindings-4.0.jar:/home/user/.m2/repository/com/google/inject/guice/4.0/guice-4.0.jar:/home/user/.m2/repository/aopalliance/aopalliance/1.0/aopalliance-1.0.jar:/home/user/.m2/repository/com/google/inject/extensions/guice-servlet/4.0/guice-servlet-4.0.jar:/home/user/.m2/repository/org/glassfish/jersey/containers/jersey-container-servlet/2.27/jersey-container-servlet-2.27.jar:/home/user/.m2/repository/org/glassfish/hk2/guice-bridge/2.5.0/guice-bridge-2.5.0.jar:/home/user/.m2/repository/org/glassfish/jersey/core/jersey-server/2.27/jersey-server-2.27.jar:/home/user/.m2/repository/org/glassfish/jersey/core/jersey-client/2.27/jersey-client-2.27.jar:/home/user/.m2/repository/org/glassfish/jersey/media/jersey-media-jaxb/2.27/jersey-media-jaxb-2.27.jar:/home/user/.m2/repository/javax/validation/validation-api/1.1.0.Final/validation-api-1.1.0.Final.jar:/home/user/.m2/repository/org/glassfish/jersey/media/jersey-media-json-jackson/2.27/jersey-media-json-jackson-2.27.jar:/home/user/.m2/repository/org/glassfish/jersey/ext/jersey-entity-filtering/2.27/jersey-entity-filtering-2.27.jar:/home/user/.m2/repository/com/google/inject/extensions/guice-assistedinject/4.0/guice-assistedinject-4.0.jar:/home/user/.m2/repository/org/jooq/jooq/3.11.10/jooq-3.11.10.jar:/home/user/.m2/repository/org/jooq/jooq-meta/3.11.10/jooq-meta-3.11.10.jar:/home/user/.m2/repository/org/jooq/jooq-codegen/3.11.10/jooq-codegen-3.11.10.jar:/home/user/.m2/repository/com/jolbox/bonecp/0.8.0.RELEASE/bonecp-0.8.0.RELEASE.jar:/home/user/.m2/repository/org/xerial/sqlite-jdbc/3.25.2/sqlite-jdbc-3.25.2.jar:/home/user/.m2/repository/org/springframework/spring-jdbc/5.1.3.RELEASE/spring-jdbc-5.1.3.RELEASE.jar:/home/user/.m2/repository/org/springframework/spring-beans/5.1.3.RELEASE/spring-beans-5.1.3.RELEASE.jar:/home/user/.m2/repository/org/springframework/spring-core/5.1.3.RELEASE/spring-core-5.1.3.RELEASE.jar:/home/user/.m2/repository/org/springframework/spring-jcl/5.1.3.RELEASE/spring-jcl-5.1.3.RELEASE.jar:/home/user/.m2/repository/org/springframework/spring-tx/5.1.3.RELEASE/spring-tx-5.1.3.RELEASE.jar:/home/user/.m2/repository/org/apache/hadoop/hadoop-ozone-client/0.5.0-SNAPSHOT/hadoop-ozone-client-0.5.0-SNAPSHOT.jar:/home/user/.m2/repository/commons-lang/commons-lang/2.6/commons-lang-2.6.jar:/home/user/.m2/repository/org/apache/hadoop/hadoop-ozone-ozone-manager/0.5.0-SNAPSHOT/hadoop-ozone-ozone-manager-0.5.0-SNAPSHOT-tests.jar:/home/user/.m2/repository/junit/junit/4.11/junit-4.11.jar:/home/user/.m2/repository/org/hamcrest/hamcrest-core/1.3/hamcrest-core-1.3.jar:/home/user/.m2/repository/org/openjdk/jmh/jmh-core/1.19/jmh-core-1.19.jar:/home/user/.m2/repository/net/sf/jopt-simple/jopt-simple/4.6/jopt-simple-4.6.jar:/home/user/.m2/repository/org/apache/commons/commons-math3/3.1.1/commons-math3-3.1.1.jar:/home/user/.m2/repository/org/openjdk/jmh/jmh-generator-annprocess/1.19/jmh-generator-annprocess-1.19.jar:/home/user/.m2/repository/org/mockito/mockito-all/1.8.5/mockito-all-1.8.5.jar:/home/user/.m2/repository/org/apache/hadoop/hadoop-kms/3.2.0/hadoop-kms-3.2.0.jar:/home/user/.m2/repository/org/apache/hadoop/hadoop-auth/3.2.0/hadoop-auth-3.2.0.jar:/home/user/.m2/repository/com/nimbusds/nimbus-jose-jwt/4.41.1/nimbus-jose-jwt-4.41.1.jar:/home/user/.m2/repository/com/github/stephenc/jcip/jcip-annotations/1.0-1/jcip-annotations-1.0-1.jar:/home/user/.m2/repository/net/minidev/json-smart/2.3/json-smart-2.3.jar:/home/user/.m2/repository/net/minidev/accessors-smart/1.2/accessors-smart-1.2.jar:/home/user/.m2/repository/org/ow2/asm/asm/5.0.4/asm-5.0.4.jar:/home/user/.m2/repository/org/apache/curator/curator-framework/2.12.0/curator-framework-2.12.0.jar:/home/user/.m2/repository/com/sun/jersey/jersey-core/1.19/jersey-core-1.19.jar:/home/user/.m2/repository/javax/ws/rs/jsr311-api/1.1.1/jsr311-api-1.1.1.jar:/home/user/.m2/repository/com/sun/jersey/jersey-server/1.19/jersey-server-1.19.jar:/home/user/.m2/repository/javax/servlet/javax.servlet-api/3.1.0/javax.servlet-api-3.1.0.jar:/home/user/.m2/repository/org/eclipse/jetty/jetty-server/9.3.25.v20180904/jetty-server-9.3.25.v20180904.jar:/home/user/.m2/repository/org/eclipse/jetty/jetty-http/9.3.25.v20180904/jetty-http-9.3.25.v20180904.jar:/home/user/.m2/repository/org/eclipse/jetty/jetty-io/9.3.25.v20180904/jetty-io-9.3.25.v20180904.jar:/home/user/.m2/repository/org/eclipse/jetty/jetty-webapp/9.3.25.v20180904/jetty-webapp-9.3.25.v20180904.jar:/home/user/.m2/repository/org/eclipse/jetty/jetty-xml/9.3.25.v20180904/jetty-xml-9.3.25.v20180904.jar:/home/user/.m2/repository/log4j/log4j/1.2.17/log4j-1.2.17.jar:/home/user/.m2/repository/org/slf4j/slf4j-api/1.7.25/slf4j-api-1.7.25.jar:/home/user/.m2/repository/org/slf4j/jul-to-slf4j/1.7.25/jul-to-slf4j-1.7.25.jar:/home/user/.m2/repository/org/eclipse/jetty/jetty-util/9.3.25.v20180904/jetty-util-9.3.25.v20180904.jar:/home/user/.m2/repository/com/fasterxml/jackson/core/jackson-databind/2.9.9/jackson-databind-2.9.9.jar:/home/user/.m2/repository/org/apache/hadoop/hadoop-kms/3.2.0/hadoop-kms-3.2.0-tests.jar:/home/user/.m2/repository/org/apache/hadoop/hadoop-hdds-server-scm/0.5.0-SNAPSHOT/hadoop-hdds-server-scm-0.5.0-SNAPSHOT-tests.jar:/home/user/.m2/repository/org/apache/hadoop/hadoop-hdds-container-service/0.5.0-SNAPSHOT/hadoop-hdds-container-service-0.5.0-SNAPSHOT-tests.jar:/home/user/.m2/repository/org/yaml/snakeyaml/1.16/snakeyaml-1.16.jar:/home/user/.m2/repository/org/apache/hadoop/hadoop-common/3.2.0/hadoop-common-3.2.0-tests.jar:/home/user/.m2/repository/org/apache/hadoop/hadoop-annotations/3.2.0/hadoop-annotations-3.2.0.jar:/usr/lib/jvm/java-1.8-openjdk/jre/../lib/tools.jar:/home/user/.m2/repository/commons-cli/commons-cli/1.2/commons-cli-1.2.jar:/home/user/.m2/repository/org/apache/httpcomponents/httpclient/4.5.2/httpclient-4.5.2.jar:/home/user/.m2/repository/org/apache/httpcomponents/httpcore/4.4.4/httpcore-4.4.4.jar:/home/user/.m2/repository/commons-codec/commons-codec/1.11/commons-codec-1.11.jar:/home/user/.m2/repository/commons-net/commons-net/3.6/commons-net-3.6.jar:/home/user/.m2/repository/commons-collections/commons-collections/3.2.2/commons-collections-3.2.2.jar:/home/user/.m2/repository/org/eclipse/jetty/jetty-servlet/9.3.25.v20180904/jetty-servlet-9.3.25.v20180904.jar:/home/user/.m2/repository/org/eclipse/jetty/jetty-security/9.3.25.v20180904/jetty-security-9.3.25.v20180904.jar:/home/user/.m2/repository/javax/servlet/jsp/jsp-api/2.1/jsp-api-2.1.jar:/home/user/.m2/repository/com/sun/jersey/jersey-servlet/1.19/jersey-servlet-1.19.jar:/home/user/.m2/repository/com/sun/jersey/jersey-json/1.19/jersey-json-1.19.jar:/home/user/.m2/repository/org/codehaus/jettison/jettison/1.1/jettison-1.1.jar:/home/user/.m2/repository/org/codehaus/jackson/jackson-core-asl/1.9.13/jackson-core-asl-1.9.13.jar:/home/user/.m2/repository/org/codehaus/jackson/jackson-mapper-asl/1.9.13/jackson-mapper-asl-1.9.13.jar:/home/user/.m2/repository/org/codehaus/jackson/jackson-jaxrs/1.9.13/jackson-jaxrs-1.9.13.jar:/home/user/.m2/repository/org/codehaus/jackson/jackson-xc/1.9.13/jackson-xc-1.9.13.jar:/home/user/.m2/repository/commons-logging/commons-logging/1.1.3/commons-logging-1.1.3.jar:/home/user/.m2/repository/commons-beanutils/commons-beanutils/1.9.4/commons-beanutils-1.9.4.jar:/home/user/.m2/repository/org/apache/commons/commons-configuration2/2.1.1/commons-configuration2-2.1.1.jar:/home/user/.m2/repository/org/apache/commons/commons-lang3/3.7/commons-lang3-3.7.jar:/home/user/.m2/repository/org/apache/commons/commons-text/1.4/commons-text-1.4.jar:/home/user/.m2/repository/org/apache/avro/avro/1.7.7/avro-1.7.7.jar:/home/user/.m2/repository/com/thoughtworks/paranamer/paranamer/2.3/paranamer-2.3.jar:/home/user/.m2/repository/org/xerial/snappy/snappy-java/1.0.5/snappy-java-1.0.5.jar:/home/user/.m2/repository/com/google/re2j/re2j/1.1/re2j-1.1.jar:/home/user/.m2/repository/com/google/code/gson/gson/2.2.4/gson-2.2.4.jar:/home/user/.m2/repository/com/jcraft/jsch/0.1.54/jsch-0.1.54.jar:/home/user/.m2/repository/org/apache/curator/curator-client/2.12.0/curator-client-2.12.0.jar:/home/user/.m2/repository/org/apache/curator/curator-recipes/2.12.0/curator-recipes-2.12.0.jar:/home/user/.m2/repository/com/google/code/findbugs/jsr305/3.0.0/jsr305-3.0.0.jar:/home/user/.m2/repository/org/apache/htrace/htrace-core4/4.1.0-incubating/htrace-core4-4.1.0-incubating.jar:/home/user/.m2/repository/org/apache/zookeeper/zookeeper/3.4.13/zookeeper-3.4.13.jar:/home/user/.m2/repository/jline/jline/0.9.94/jline-0.9.94.jar:/home/user/.m2/repository/org/apache/yetus/audience-annotations/0.5.0/audience-annotations-0.5.0.jar:/home/user/.m2/repository/org/codehaus/woodstox/stax2-api/3.1.4/stax2-api-3.1.4.jar:/home/user/.m2/repository/com/fasterxml/woodstox/woodstox-core/5.0.3/woodstox-core-5.0.3.jar:/home/user/.m2/repository/dnsjava/dnsjava/2.1.7/dnsjava-2.1.7.jar:/home/user/.m2/repository/org/apache/hadoop/hadoop-hdfs/3.2.0/hadoop-hdfs-3.2.0-tests.jar:/home/user/.m2/repository/org/eclipse/jetty/jetty-util-ajax/9.3.25.v20180904/jetty-util-ajax-9.3.25.v20180904.jar:/home/user/.m2/repository/commons-daemon/commons-daemon/1.0.13/commons-daemon-1.0.13.jar:/home/user/.m2/repository/io/netty/netty/3.10.5.Final/netty-3.10.5.Final.jar:/home/user/.m2/repository/io/netty/netty-all/4.0.52.Final/netty-all-4.0.52.Final.jar:/home/user/.m2/repository/org/fusesource/leveldbjni/leveldbjni-all/1.8/leveldbjni-all-1.8.jar:"/>
    <property name="sun.cpu.endian" value="little"/>
    <property name="user.home" value="/home/user"/>
    <property name="user.language" value="en"/>
    <property name="java.specification.vendor" value="Oracle Corporation"/>
    <property name="java.home" value="/usr/lib/jvm/java-1.8-openjdk/jre"/>
    <property name="surefire.excludesFile" value="/tools/ozone-bad-unit-tests"/>
    <property name="java.security.krb5.conf" value="/workdir/hadoop-ozone/integration-test/target/test-classes/krb5.conf"/>
    <property name="basedir" value="/workdir/hadoop-ozone/integration-test"/>
    <property name="file.separator" value="/"/>
    <property name="line.separator" value="&#10;"/>
    <property name="java.vm.specification.vendor" value="Oracle Corporation"/>
    <property name="java.specification.name" value="Java Platform API Specification"/>
    <property name="java.awt.graphicsenv" value="sun.awt.X11GraphicsEnvironment"/>
    <property name="surefire.real.class.path" value="/workdir/hadoop-ozone/integration-test/target/surefire/surefirebooter5106648549351675958.jar"/>
    <property name="hadoop.log.dir" value="/workdir/hadoop-ozone/integration-test/target/log"/>
    <property name="sun.boot.class.path" value="/usr/lib/jvm/java-1.8-openjdk/jre/lib/resources.jar:/usr/lib/jvm/java-1.8-openjdk/jre/lib/rt.jar:/usr/lib/jvm/java-1.8-openjdk/jre/lib/sunrsasign.jar:/usr/lib/jvm/java-1.8-openjdk/jre/lib/jsse.jar:/usr/lib/jvm/java-1.8-openjdk/jre/lib/jce.jar:/usr/lib/jvm/java-1.8-openjdk/jre/lib/charsets.jar:/usr/lib/jvm/java-1.8-openjdk/jre/lib/jfr.jar:/usr/lib/jvm/java-1.8-openjdk/jre/classes"/>
    <property name="sun.management.compiler" value="HotSpot 64-Bit Tiered Compilers"/>
    <property name="java.runtime.version" value="1.8.0_212-b04"/>
    <property name="java.net.preferIPv4Stack" value="true"/>
    <property name="user.name" value="jenkins1000"/>
    <property name="path.separator" value=":"/>
    <property name="java.security.egd" value="file:///dev/urandom"/>
    <property name="os.version" value="3.10.0-957.12.2.el7.x86_64"/>
    <property name="java.endorsed.dirs" value="/usr/lib/jvm/java-1.8-openjdk/jre/lib/endorsed"/>
    <property name="java.runtime.name" value="OpenJDK Runtime Environment"/>
    <property name="file.encoding" value="UTF-8"/>
    <property name="java.vm.name" value="OpenJDK 64-Bit Server VM"/>
    <property name="test.build.webapps" value=""/>
    <property name="localRepository" value="/home/user/.m2/repository"/>
    <property name="java.vendor.url.bug" value="https://icedtea.classpath.org/bugzilla"/>
    <property name="java.io.tmpdir" value="/tmp"/>
    <property name="require.test.libhadoop" value=""/>
    <property name="java.version" value="1.8.0_212"/>
    <property name="user.dir" value="/workdir/hadoop-ozone/integration-test"/>
    <property name="os.arch" value="amd64"/>
    <property name="java.vm.specification.name" value="Java Virtual Machine Specification"/>
    <property name="test.build.classes" value="/workdir/hadoop-ozone/integration-test/target/test-classes"/>
    <property name="java.awt.printerjob" value="sun.print.PSPrinterJob"/>
    <property name="sun.os.patch.level" value="unknown"/>
    <property name="hadoop.tmp.dir" value="/workdir/hadoop-ozone/integration-test/target/tmp"/>
    <property name="java.library.path" value="/usr/lib/jvm/java-1.8-openjdk/jre/lib/amd64/server:/usr/lib/jvm/java-1.8-openjdk/jre/lib/amd64:/usr/lib/jvm/java-1.8-openjdk/jre/../lib/amd64:/workdir/hadoop-ozone/integration-test/target/native/target/usr/local/lib:/workdir/hadoop-ozone/integration-test/../../hadoop-common-project/hadoop-common/target/native/target/usr/local/lib:/usr/java/packages/lib/amd64:/usr/lib64:/lib64:/lib:/usr/lib"/>
    <property name="java.vm.info" value="mixed mode"/>
    <property name="java.vendor" value="IcedTea"/>
    <property name="java.vm.version" value="25.212-b04"/>
    <property name="java.ext.dirs" value="/usr/lib/jvm/java-1.8-openjdk/jre/lib/ext:/usr/java/packages/lib/ext"/>
    <property name="sun.io.unicode.encoding" value="UnicodeLittle"/>
    <property name="java.class.version" value="52.0"/>
  </properties>
  <testcase name="test2WayCommitForRetryfailure" classname="org.apache.hadoop.ozone.client.rpc.Test2WayCommitInRatis" time="32.207">
    <error message="org.apache.ratis.protocol.RaftRetryFailureException: Failed RaftClientRequest:client-738D6EDF4E3C-&gt;3fa750ff-58d9-4caf-ad70-bb254302d29f@group-808C6B526DCA, cid=14, seq=2*, RW, cmdType: CloseContainer&#10;traceID: &quot;91f8ae20567b7fa5:91f8ae20567b7fa5:0:0&quot;&#10;containerID: 1&#10;datanodeUuid: &quot;0e49daa5-0cf4-42c8-a9a2-945b19550869&quot;&#10;closeContainer {&#10;}&#10;, data.size=0 for 20 attempts with RetryLimited(maxAttempts=20, sleepTime=1000ms)" type="java.util.concurrent.ExecutionException">java.util.concurrent.ExecutionException: 
org.apache.ratis.protocol.RaftRetryFailureException: Failed RaftClientRequest:client-738D6EDF4E3C->3fa750ff-58d9-4caf-ad70-bb254302d29f@group-808C6B526DCA, cid=14, seq=2*, RW, cmdType: CloseContainer
traceID: "91f8ae20567b7fa5:91f8ae20567b7fa5:0:0"
containerID: 1
datanodeUuid: "0e49daa5-0cf4-42c8-a9a2-945b19550869"
closeContainer {
}
, data.size=0 for 20 attempts with RetryLimited(maxAttempts=20, sleepTime=1000ms)
	at java.util.concurrent.CompletableFuture.reportGet(CompletableFuture.java:357)
	at java.util.concurrent.CompletableFuture.get(CompletableFuture.java:1895)
	at org.apache.hadoop.ozone.client.rpc.Test2WayCommitInRatis.test2WayCommitForRetryfailure(Test2WayCommitInRatis.java:144)
	at sun.reflect.NativeMethodAccessorImpl.invoke0(Native Method)
	at sun.reflect.NativeMethodAccessorImpl.invoke(NativeMethodAccessorImpl.java:62)
	at sun.reflect.DelegatingMethodAccessorImpl.invoke(DelegatingMethodAccessorImpl.java:43)
	at java.lang.reflect.Method.invoke(Method.java:498)
	at org.junit.runners.model.FrameworkMethod$1.runReflectiveCall(FrameworkMethod.java:47)
	at org.junit.internal.runners.model.ReflectiveCallable.run(ReflectiveCallable.java:12)
	at org.junit.runners.model.FrameworkMethod.invokeExplosively(FrameworkMethod.java:44)
	at org.junit.internal.runners.statements.InvokeMethod.evaluate(InvokeMethod.java:17)
	at org.junit.runners.ParentRunner.runLeaf(ParentRunner.java:271)
	at org.junit.runners.BlockJUnit4ClassRunner.runChild(BlockJUnit4ClassRunner.java:70)
	at org.junit.runners.BlockJUnit4ClassRunner.runChild(BlockJUnit4ClassRunner.java:50)
	at org.junit.runners.ParentRunner$3.run(ParentRunner.java:238)
	at org.junit.runners.ParentRunner$1.schedule(ParentRunner.java:63)
	at org.junit.runners.ParentRunner.runChildren(ParentRunner.java:236)
	at org.junit.runners.ParentRunner.access$000(ParentRunner.java:53)
	at org.junit.runners.ParentRunner$2.evaluate(ParentRunner.java:229)
	at org.junit.runners.ParentRunner.run(ParentRunner.java:309)
	at org.apache.maven.surefire.junit4.JUnit4Provider.execute(JUnit4Provider.java:365)
	at org.apache.maven.surefire.junit4.JUnit4Provider.executeWithRerun(JUnit4Provider.java:273)
	at org.apache.maven.surefire.junit4.JUnit4Provider.executeTestSet(JUnit4Provider.java:238)
	at org.apache.maven.surefire.junit4.JUnit4Provider.invoke(JUnit4Provider.java:159)
	at org.apache.maven.surefire.booter.ForkedBooter.invokeProviderInSameClassLoader(ForkedBooter.java:384)
	at org.apache.maven.surefire.booter.ForkedBooter.runSuitesInProcess(ForkedBooter.java:345)
	at org.apache.maven.surefire.booter.ForkedBooter.execute(ForkedBooter.java:126)
	at org.apache.maven.surefire.booter.ForkedBooter.main(ForkedBooter.java:418)
Caused by: org.apache.ratis.protocol.RaftRetryFailureException: Failed RaftClientRequest:client-738D6EDF4E3C->3fa750ff-58d9-4caf-ad70-bb254302d29f@group-808C6B526DCA, cid=14, seq=2*, RW, cmdType: CloseContainer
traceID: "91f8ae20567b7fa5:91f8ae20567b7fa5:0:0"
containerID: 1
datanodeUuid: "0e49daa5-0cf4-42c8-a9a2-945b19550869"
closeContainer {
}
, data.size=0 for 20 attempts with RetryLimited(maxAttempts=20, sleepTime=1000ms)
	at org.apache.ratis.client.impl.RaftClientImpl.noMoreRetries(RaftClientImpl.java:271)
	at org.apache.ratis.client.impl.OrderedAsync.handleAsyncRetryFailure(OrderedAsync.java:138)
	at org.apache.ratis.client.impl.OrderedAsync.lambda$sendRequest$10(OrderedAsync.java:230)
	at java.util.concurrent.CompletableFuture.uniExceptionally(CompletableFuture.java:870)
	at java.util.concurrent.CompletableFuture$UniExceptionally.tryFire(CompletableFuture.java:852)
	at java.util.concurrent.CompletableFuture.postComplete(CompletableFuture.java:474)
	at java.util.concurrent.CompletableFuture.completeExceptionally(CompletableFuture.java:1977)
	at org.apache.ratis.grpc.client.GrpcClientProtocolClient$AsyncStreamObservers.completeReplyExceptionally(GrpcClientProtocolClient.java:345)
	at org.apache.ratis.grpc.client.GrpcClientProtocolClient$AsyncStreamObservers.access$000(GrpcClientProtocolClient.java:261)
	at org.apache.ratis.grpc.client.GrpcClientProtocolClient$AsyncStreamObservers$1.onNext(GrpcClientProtocolClient.java:273)
	at org.apache.ratis.grpc.client.GrpcClientProtocolClient$AsyncStreamObservers$1.onNext(GrpcClientProtocolClient.java:264)
	at org.apache.ratis.thirdparty.io.grpc.stub.ClientCalls$StreamObserverToCallListenerAdapter.onMessage(ClientCalls.java:421)
	at org.apache.ratis.thirdparty.io.grpc.ForwardingClientCallListener.onMessage(ForwardingClientCallListener.java:33)
	at org.apache.ratis.thirdparty.io.grpc.ForwardingClientCallListener.onMessage(ForwardingClientCallListener.java:33)
	at org.apache.ratis.thirdparty.io.grpc.internal.ClientCallImpl$ClientStreamListenerImpl$1MessagesAvailable.runInContext(ClientCallImpl.java:519)
	at org.apache.ratis.thirdparty.io.grpc.internal.ContextRunnable.run(ContextRunnable.java:37)
	at org.apache.ratis.thirdparty.io.grpc.internal.SerializingExecutor.run(SerializingExecutor.java:123)
	at java.util.concurrent.ThreadPoolExecutor.runWorker(ThreadPoolExecutor.java:1149)
	at java.util.concurrent.ThreadPoolExecutor$Worker.run(ThreadPoolExecutor.java:624)
	at java.lang.Thread.run(Thread.java:748)
Caused by: org.apache.ratis.protocol.NotLeaderException: Server 3fa750ff-58d9-4caf-ad70-bb254302d29f@group-808C6B526DCA is not the leader
	at org.apache.ratis.client.impl.ClientProtoUtils.toRaftClientReply(ClientProtoUtils.java:243)
	at org.apache.ratis.grpc.client.GrpcClientProtocolClient$AsyncStreamObservers$1.onNext(GrpcClientProtocolClient.java:269)
	... 10 more
</error>
    <system-out><![CDATA[2019-10-14 12:33:09,512 [main] WARN  server.ServerUtils (ServerUtils.java:getScmDbDir(145)) - ozone.scm.db.dirs is not configured. We recommend adding this setting. Falling back to ozone.metadata.dirs instead.
2019-10-14 12:33:09,647 [main] WARN  server.ServerUtils (ServerUtils.java:getScmDbDir(145)) - ozone.scm.db.dirs is not configured. We recommend adding this setting. Falling back to ozone.metadata.dirs instead.
2019-10-14 12:33:09,651 [main] WARN  server.ServerUtils (ServerUtils.java:getScmDbDir(145)) - ozone.scm.db.dirs is not configured. We recommend adding this setting. Falling back to ozone.metadata.dirs instead.
2019-10-14 12:33:09,681 [main] INFO  util.log (Log.java:initialized(192)) - Logging initialized @984ms
2019-10-14 12:33:09,805 [main] INFO  db.DBStoreBuilder (DBStoreBuilder.java:addTable(117)) - using custom profile for table: deletedBlocks
2019-10-14 12:33:09,806 [main] INFO  db.DBStoreBuilder (DBStoreBuilder.java:processTables(168)) - Using default column profile:DBProfile.DISK for Table:deletedBlocks
2019-10-14 12:33:09,807 [main] INFO  db.DBStoreBuilder (DBStoreBuilder.java:addTable(117)) - using custom profile for table: validCerts
2019-10-14 12:33:09,807 [main] INFO  db.DBStoreBuilder (DBStoreBuilder.java:processTables(168)) - Using default column profile:DBProfile.DISK for Table:validCerts
2019-10-14 12:33:09,808 [main] INFO  db.DBStoreBuilder (DBStoreBuilder.java:addTable(117)) - using custom profile for table: revokedCerts
2019-10-14 12:33:09,808 [main] INFO  db.DBStoreBuilder (DBStoreBuilder.java:processTables(168)) - Using default column profile:DBProfile.DISK for Table:revokedCerts
2019-10-14 12:33:09,825 [main] INFO  db.DBStoreBuilder (DBStoreBuilder.java:addTable(117)) - using custom profile for table: default
2019-10-14 12:33:09,826 [main] INFO  db.DBStoreBuilder (DBStoreBuilder.java:processTables(174)) - Using default column profile:DBProfile.DISK for Table:default
2019-10-14 12:33:09,827 [main] INFO  db.DBStoreBuilder (DBStoreBuilder.java:getDbProfile(205)) - Using default options. DBProfile.DISK
2019-10-14 12:33:10,061 [main] INFO  net.NodeSchemaLoader (NodeSchemaLoader.java:loadSchemaFromFile(125)) - Loading file from sun.misc.CompoundEnumeration@2b71e916
2019-10-14 12:33:10,063 [main] INFO  net.NodeSchemaLoader (NodeSchemaLoader.java:loadSchema(171)) - Loading network topology layer schema file
2019-10-14 12:33:10,135 [main] WARN  server.ServerUtils (ServerUtils.java:sanitizeUserArgs(70)) - ozone.scm.stale.node.interval value = 300000 is larger than max = 100000 based on the key value of ozone.scm.heartbeat.thread.interval, reset to the max value 100000.
2019-10-14 12:33:10,136 [main] WARN  server.ServerUtils (ServerUtils.java:sanitizeUserArgs(70)) - ozone.scm.stale.node.interval value = 300000 is larger than max = 100000 based on the key value of ozone.scm.heartbeat.thread.interval, reset to the max value 100000.
2019-10-14 12:33:10,139 [main] INFO  node.SCMNodeManager (SCMNodeManager.java:<init>(116)) - Entering startup safe mode.
2019-10-14 12:33:10,226 [main] INFO  algorithms.ContainerPlacementPolicyFactory (ContainerPlacementPolicyFactory.java:getPolicy(57)) - Create container placement policy of type org.apache.hadoop.hdds.scm.container.placement.algorithms.SCMContainerPlacementRandom
2019-10-14 12:33:10,248 [main] WARN  server.ServerUtils (ServerUtils.java:getScmDbDir(145)) - ozone.scm.db.dirs is not configured. We recommend adding this setting. Falling back to ozone.metadata.dirs instead.
2019-10-14 12:33:10,308 [main] INFO  pipeline.SCMPipelineManager (SCMPipelineManager.java:initializePipelineState(132)) - No pipeline exists in current db
2019-10-14 12:33:10,311 [main] WARN  server.ServerUtils (ServerUtils.java:getScmDbDir(145)) - ozone.scm.db.dirs is not configured. We recommend adding this setting. Falling back to ozone.metadata.dirs instead.
2019-10-14 12:33:10,426 [main] WARN  events.EventQueue (EventQueue.java:fireEvent(183)) - No event handler registered for event TypedEvent{payloadType=SafeModeStatus, name='SafeModeStatus'}
2019-10-14 12:33:10,824 [main] INFO  ipc.CallQueueManager (CallQueueManager.java:<init>(84)) - Using callQueue: class java.util.concurrent.LinkedBlockingQueue, queueCapacity: 2000, scheduler: class org.apache.hadoop.ipc.DefaultRpcScheduler, ipcBackoff: false.
2019-10-14 12:33:10,853 [Socket Reader #1 for port 36457] INFO  ipc.Server (Server.java:run(1074)) - Starting Socket Reader #1 for port 36457
2019-10-14 12:33:11,021 [main] INFO  ipc.CallQueueManager (CallQueueManager.java:<init>(84)) - Using callQueue: class java.util.concurrent.LinkedBlockingQueue, queueCapacity: 2000, scheduler: class org.apache.hadoop.ipc.DefaultRpcScheduler, ipcBackoff: false.
2019-10-14 12:33:11,022 [Socket Reader #1 for port 33546] INFO  ipc.Server (Server.java:run(1074)) - Starting Socket Reader #1 for port 33546
2019-10-14 12:33:11,033 [main] INFO  ipc.CallQueueManager (CallQueueManager.java:<init>(84)) - Using callQueue: class java.util.concurrent.LinkedBlockingQueue, queueCapacity: 2000, scheduler: class org.apache.hadoop.ipc.DefaultRpcScheduler, ipcBackoff: false.
2019-10-14 12:33:11,034 [Socket Reader #1 for port 39142] INFO  ipc.Server (Server.java:run(1074)) - Starting Socket Reader #1 for port 39142
2019-10-14 12:33:11,059 [main] INFO  hdfs.DFSUtil (DFSUtil.java:httpServerTemplateForNNAndJN(1641)) - Starting Web-server for scm at: http://0.0.0.0:0
2019-10-14 12:33:11,228 [main] INFO  server.AuthenticationFilter (AuthenticationFilter.java:constructSecretProvider(240)) - Unable to initialize FileSignerSecretProvider, falling back to use random secrets.
2019-10-14 12:33:11,237 [main] WARN  http.HttpRequestLog (HttpRequestLog.java:getRequestLog(97)) - Jetty request log can only be enabled using Log4j
2019-10-14 12:33:11,246 [main] INFO  http.HttpServer2 (HttpServer2.java:addGlobalFilter(975)) - Added global filter 'safety' (class=org.apache.hadoop.http.HttpServer2$QuotingInputFilter)
2019-10-14 12:33:11,248 [main] INFO  http.HttpServer2 (HttpServer2.java:addFilter(948)) - Added filter static_user_filter (class=org.apache.hadoop.http.lib.StaticUserWebFilter$StaticUserFilter) to context scm
2019-10-14 12:33:11,249 [main] INFO  http.HttpServer2 (HttpServer2.java:addFilter(958)) - Added filter static_user_filter (class=org.apache.hadoop.http.lib.StaticUserWebFilter$StaticUserFilter) to context logs
2019-10-14 12:33:11,249 [main] INFO  http.HttpServer2 (HttpServer2.java:addFilter(958)) - Added filter static_user_filter (class=org.apache.hadoop.http.lib.StaticUserWebFilter$StaticUserFilter) to context static
2019-10-14 12:33:11,282 [main] INFO  server.StorageContainerManager (StorageContainerManager.java:start(772)) - StorageContainerLocationProtocol RPC server is listening at /0.0.0.0:39142
2019-10-14 12:33:11,346 [main] WARN  impl.MetricsConfig (MetricsConfig.java:loadFirst(134)) - Cannot locate configuration: tried hadoop-metrics2-storagecontainermanager.properties,hadoop-metrics2.properties
2019-10-14 12:33:11,359 [main] INFO  impl.MetricsSystemImpl (MetricsSystemImpl.java:startTimer(374)) - Scheduled Metric snapshot period at 10 second(s).
2019-10-14 12:33:11,359 [main] INFO  impl.MetricsSystemImpl (MetricsSystemImpl.java:start(191)) - StorageContainerManager metrics system started
2019-10-14 12:33:11,608 [main] INFO  server.SCMClientProtocolServer (SCMClientProtocolServer.java:start(159)) - RPC server for Client  is listening at /0.0.0.0:39142
2019-10-14 12:33:11,609 [IPC Server listener on 39142] INFO  ipc.Server (Server.java:run(1153)) - IPC Server listener on 39142: starting
2019-10-14 12:33:11,609 [IPC Server Responder] INFO  ipc.Server (Server.java:run(1314)) - IPC Server Responder: starting
2019-10-14 12:33:11,612 [main] INFO  server.StorageContainerManager (StorageContainerManager.java:start(782)) - ScmBlockLocationProtocol RPC server is listening at /0.0.0.0:33546
2019-10-14 12:33:11,612 [main] INFO  server.SCMBlockProtocolServer (SCMBlockProtocolServer.java:start(146)) - RPC server for Block Protocol is listening at /0.0.0.0:33546
2019-10-14 12:33:11,613 [IPC Server Responder] INFO  ipc.Server (Server.java:run(1314)) - IPC Server Responder: starting
2019-10-14 12:33:11,613 [IPC Server listener on 33546] INFO  ipc.Server (Server.java:run(1153)) - IPC Server listener on 33546: starting
2019-10-14 12:33:11,615 [main] INFO  server.StorageContainerManager (StorageContainerManager.java:start(786)) - ScmDatanodeProtocl RPC server is listening at /0.0.0.0:36457
2019-10-14 12:33:11,616 [main] INFO  server.SCMDatanodeProtocolServer (SCMDatanodeProtocolServer.java:start(169)) - RPC server for DataNodes is listening at /0.0.0.0:36457
2019-10-14 12:33:11,617 [IPC Server Responder] INFO  ipc.Server (Server.java:run(1314)) - IPC Server Responder: starting
2019-10-14 12:33:11,617 [IPC Server listener on 36457] INFO  ipc.Server (Server.java:run(1153)) - IPC Server listener on 36457: starting
2019-10-14 12:33:11,620 [main] INFO  http.HttpServer2 (HttpServer2.java:bindListener(1191)) - Jetty bound to port 38810
2019-10-14 12:33:11,622 [main] INFO  server.Server (Server.java:doStart(351)) - jetty-9.3.25.v20180904, build timestamp: 2018-09-04T21:11:46Z, git hash: 3ce520221d0240229c862b122d2b06c12a625732
2019-10-14 12:33:11,663 [main] INFO  handler.ContextHandler (ContextHandler.java:doStart(781)) - Started o.e.j.s.ServletContextHandler@340da44c{/logs,file:///workdir/hadoop-ozone/integration-test/target/log,AVAILABLE}
2019-10-14 12:33:11,664 [main] INFO  handler.ContextHandler (ContextHandler.java:doStart(781)) - Started o.e.j.s.ServletContextHandler@37052337{/static,file:///workdir/hadoop-ozone/integration-test/target/test-classes/webapps/static,AVAILABLE}
2019-10-14 12:33:11,703 [main] INFO  handler.ContextHandler (ContextHandler.java:doStart(781)) - Started o.e.j.w.WebAppContext@3b366632{/,file:///workdir/hadoop-ozone/integration-test/target/test-classes/webapps/scm/,AVAILABLE}{/scm}
2019-10-14 12:33:11,709 [main] INFO  server.AbstractConnector (AbstractConnector.java:doStart(278)) - Started ServerConnector@6815c5f2{HTTP/1.1,[http/1.1]}{0.0.0.0:38810}
2019-10-14 12:33:11,709 [main] INFO  server.Server (Server.java:doStart(419)) - Started @3013ms
2019-10-14 12:33:11,712 [main] INFO  impl.MetricsSinkAdapter (MetricsSinkAdapter.java:start(204)) - Sink prometheus started
2019-10-14 12:33:11,712 [main] INFO  impl.MetricsSystemImpl (MetricsSystemImpl.java:registerSink(301)) - Registered sink prometheus
2019-10-14 12:33:11,713 [main] INFO  server.BaseHttpServer (BaseHttpServer.java:updateConnectorAddress(215)) - HTTP server of SCM is listening at http://0.0.0.0:38810
2019-10-14 12:33:11,720 [org.apache.hadoop.util.JvmPauseMonitor$Monitor@4263b080] INFO  util.JvmPauseMonitor (JvmPauseMonitor.java:run(188)) - Starting JVM pause monitor
2019-10-14 12:33:11,723 [main] WARN  server.ServerUtils (ServerUtils.java:getDBPath(222)) - ozone.om.db.dirs is not configured. We recommend adding this setting. Falling back to ozone.metadata.dirs instead.
2019-10-14 12:33:11,838 [main] INFO  ha.OMHANodeDetails (OMHANodeDetails.java:loadOMHAConfig(190)) - Configuration either no ozone.om.address set. Falling back to the default OM address /127.0.0.1:0
2019-10-14 12:33:11,838 [main] INFO  ha.OMHANodeDetails (OMHANodeDetails.java:getOMNodeDetails(220)) - OM Service ID is not set. Setting it to the default ID: omServiceIdDefault
2019-10-14 12:33:11,840 [main] WARN  server.ServerUtils (ServerUtils.java:getDBPath(222)) - ozone.om.db.dirs is not configured. We recommend adding this setting. Falling back to ozone.metadata.dirs instead.
2019-10-14 12:33:11,840 [main] WARN  server.ServerUtils (ServerUtils.java:getDBPath(222)) - ozone.om.db.dirs is not configured. We recommend adding this setting. Falling back to ozone.metadata.dirs instead.
2019-10-14 12:33:12,583 [main] WARN  server.ServerUtils (ServerUtils.java:getDBPath(222)) - ozone.om.db.dirs is not configured. We recommend adding this setting. Falling back to ozone.metadata.dirs instead.
2019-10-14 12:33:12,591 [main] INFO  db.DBStoreBuilder (DBStoreBuilder.java:addTable(117)) - using custom profile for table: userTable
2019-10-14 12:33:12,591 [main] INFO  db.DBStoreBuilder (DBStoreBuilder.java:processTables(168)) - Using default column profile:DBProfile.DISK for Table:userTable
2019-10-14 12:33:12,592 [main] INFO  db.DBStoreBuilder (DBStoreBuilder.java:addTable(117)) - using custom profile for table: volumeTable
2019-10-14 12:33:12,592 [main] INFO  db.DBStoreBuilder (DBStoreBuilder.java:processTables(168)) - Using default column profile:DBProfile.DISK for Table:volumeTable
2019-10-14 12:33:12,593 [main] INFO  db.DBStoreBuilder (DBStoreBuilder.java:addTable(117)) - using custom profile for table: bucketTable
2019-10-14 12:33:12,593 [main] INFO  db.DBStoreBuilder (DBStoreBuilder.java:processTables(168)) - Using default column profile:DBProfile.DISK for Table:bucketTable
2019-10-14 12:33:12,594 [main] INFO  db.DBStoreBuilder (DBStoreBuilder.java:addTable(117)) - using custom profile for table: keyTable
2019-10-14 12:33:12,594 [main] INFO  db.DBStoreBuilder (DBStoreBuilder.java:processTables(168)) - Using default column profile:DBProfile.DISK for Table:keyTable
2019-10-14 12:33:12,595 [main] INFO  db.DBStoreBuilder (DBStoreBuilder.java:addTable(117)) - using custom profile for table: deletedTable
2019-10-14 12:33:12,595 [main] INFO  db.DBStoreBuilder (DBStoreBuilder.java:processTables(168)) - Using default column profile:DBProfile.DISK for Table:deletedTable
2019-10-14 12:33:12,596 [main] INFO  db.DBStoreBuilder (DBStoreBuilder.java:addTable(117)) - using custom profile for table: openKeyTable
2019-10-14 12:33:12,596 [main] INFO  db.DBStoreBuilder (DBStoreBuilder.java:processTables(168)) - Using default column profile:DBProfile.DISK for Table:openKeyTable
2019-10-14 12:33:12,597 [main] INFO  db.DBStoreBuilder (DBStoreBuilder.java:addTable(117)) - using custom profile for table: s3Table
2019-10-14 12:33:12,597 [main] INFO  db.DBStoreBuilder (DBStoreBuilder.java:processTables(168)) - Using default column profile:DBProfile.DISK for Table:s3Table
2019-10-14 12:33:12,598 [main] INFO  db.DBStoreBuilder (DBStoreBuilder.java:addTable(117)) - using custom profile for table: multipartInfoTable
2019-10-14 12:33:12,598 [main] INFO  db.DBStoreBuilder (DBStoreBuilder.java:processTables(168)) - Using default column profile:DBProfile.DISK for Table:multipartInfoTable
2019-10-14 12:33:12,598 [main] INFO  db.DBStoreBuilder (DBStoreBuilder.java:addTable(117)) - using custom profile for table: dTokenTable
2019-10-14 12:33:12,599 [main] INFO  db.DBStoreBuilder (DBStoreBuilder.java:processTables(168)) - Using default column profile:DBProfile.DISK for Table:dTokenTable
2019-10-14 12:33:12,599 [main] INFO  db.DBStoreBuilder (DBStoreBuilder.java:addTable(117)) - using custom profile for table: s3SecretTable
2019-10-14 12:33:12,600 [main] INFO  db.DBStoreBuilder (DBStoreBuilder.java:processTables(168)) - Using default column profile:DBProfile.DISK for Table:s3SecretTable
2019-10-14 12:33:12,600 [main] INFO  db.DBStoreBuilder (DBStoreBuilder.java:addTable(117)) - using custom profile for table: prefixTable
2019-10-14 12:33:12,601 [main] INFO  db.DBStoreBuilder (DBStoreBuilder.java:processTables(168)) - Using default column profile:DBProfile.DISK for Table:prefixTable
2019-10-14 12:33:12,601 [main] INFO  db.DBStoreBuilder (DBStoreBuilder.java:addTable(117)) - using custom profile for table: default
2019-10-14 12:33:12,602 [main] INFO  db.DBStoreBuilder (DBStoreBuilder.java:processTables(174)) - Using default column profile:DBProfile.DISK for Table:default
2019-10-14 12:33:12,602 [main] INFO  db.DBStoreBuilder (DBStoreBuilder.java:getDbProfile(205)) - Using default options. DBProfile.DISK
2019-10-14 12:33:13,113 [main] INFO  ipc.CallQueueManager (CallQueueManager.java:<init>(84)) - Using callQueue: class java.util.concurrent.LinkedBlockingQueue, queueCapacity: 2000, scheduler: class org.apache.hadoop.ipc.DefaultRpcScheduler, ipcBackoff: false.
2019-10-14 12:33:13,114 [Socket Reader #1 for port 34064] INFO  ipc.Server (Server.java:run(1074)) - Starting Socket Reader #1 for port 34064
2019-10-14 12:33:13,135 [main] INFO  om.OzoneManager (OzoneManager.java:start(1071)) - OzoneManager RPC server is listening at localhost/127.0.0.1:34064
2019-10-14 12:33:13,136 [main] INFO  impl.MetricsSystemImpl (MetricsSystemImpl.java:init(158)) - OzoneManager metrics system started (again)
2019-10-14 12:33:13,144 [IPC Server Responder] INFO  ipc.Server (Server.java:run(1314)) - IPC Server Responder: starting
2019-10-14 12:33:13,144 [IPC Server listener on 34064] INFO  ipc.Server (Server.java:run(1153)) - IPC Server listener on 34064: starting
2019-10-14 12:33:13,150 [main] INFO  hdfs.DFSUtil (DFSUtil.java:httpServerTemplateForNNAndJN(1641)) - Starting Web-server for ozoneManager at: http://0.0.0.0:0
2019-10-14 12:33:13,153 [main] INFO  server.AuthenticationFilter (AuthenticationFilter.java:constructSecretProvider(240)) - Unable to initialize FileSignerSecretProvider, falling back to use random secrets.
2019-10-14 12:33:13,154 [main] WARN  http.HttpRequestLog (HttpRequestLog.java:getRequestLog(97)) - Jetty request log can only be enabled using Log4j
2019-10-14 12:33:13,158 [main] INFO  http.HttpServer2 (HttpServer2.java:addGlobalFilter(975)) - Added global filter 'safety' (class=org.apache.hadoop.http.HttpServer2$QuotingInputFilter)
2019-10-14 12:33:13,160 [main] INFO  http.HttpServer2 (HttpServer2.java:addFilter(948)) - Added filter static_user_filter (class=org.apache.hadoop.http.lib.StaticUserWebFilter$StaticUserFilter) to context ozoneManager
2019-10-14 12:33:13,160 [main] INFO  http.HttpServer2 (HttpServer2.java:addFilter(958)) - Added filter static_user_filter (class=org.apache.hadoop.http.lib.StaticUserWebFilter$StaticUserFilter) to context logs
2019-10-14 12:33:13,161 [main] INFO  http.HttpServer2 (HttpServer2.java:addFilter(958)) - Added filter static_user_filter (class=org.apache.hadoop.http.lib.StaticUserWebFilter$StaticUserFilter) to context static
2019-10-14 12:33:13,164 [main] INFO  http.HttpServer2 (HttpServer2.java:bindListener(1191)) - Jetty bound to port 46178
2019-10-14 12:33:13,165 [main] INFO  server.Server (Server.java:doStart(351)) - jetty-9.3.25.v20180904, build timestamp: 2018-09-04T21:11:46Z, git hash: 3ce520221d0240229c862b122d2b06c12a625732
2019-10-14 12:33:13,167 [main] INFO  handler.ContextHandler (ContextHandler.java:doStart(781)) - Started o.e.j.s.ServletContextHandler@49aa766b{/logs,file:///workdir/hadoop-ozone/integration-test/target/log,AVAILABLE}
2019-10-14 12:33:13,168 [main] INFO  handler.ContextHandler (ContextHandler.java:doStart(781)) - Started o.e.j.s.ServletContextHandler@65004ff6{/static,file:///workdir/hadoop-ozone/integration-test/target/test-classes/webapps/static,AVAILABLE}
2019-10-14 12:33:13,176 [main] INFO  handler.ContextHandler (ContextHandler.java:doStart(781)) - Started o.e.j.w.WebAppContext@4158debd{/,file:///workdir/hadoop-ozone/integration-test/target/test-classes/webapps/ozoneManager/,AVAILABLE}{/ozoneManager}
2019-10-14 12:33:13,178 [main] INFO  server.AbstractConnector (AbstractConnector.java:doStart(278)) - Started ServerConnector@af78c87{HTTP/1.1,[http/1.1]}{0.0.0.0:46178}
2019-10-14 12:33:13,179 [main] INFO  server.Server (Server.java:doStart(419)) - Started @4482ms
2019-10-14 12:33:13,179 [main] WARN  impl.MetricsSystemImpl (MetricsSystemImpl.java:register(276)) - Sink prometheus already exists!
2019-10-14 12:33:13,180 [main] INFO  server.BaseHttpServer (BaseHttpServer.java:updateConnectorAddress(215)) - HTTP server of OZONEMANAGER is listening at http://0.0.0.0:46178
2019-10-14 12:33:13,576 [main] INFO  impl.MetricsSystemImpl (MetricsSystemImpl.java:init(158)) - HddsDatanode metrics system started (again)
2019-10-14 12:33:13,628 [main] INFO  ozone.HddsDatanodeService (HddsDatanodeService.java:start(184)) - HddsDatanodeService host:pr-hdds-2299-hlwdq-549545603 ip:192.168.151.107
2019-10-14 12:33:13,662 [main] INFO  volume.HddsVolume (HddsVolume.java:<init>(176)) - Creating Volume: /workdir/hadoop-ozone/integration-test/target/test-dir/MiniOzoneClusterImpl-a38ca729-82bc-4a96-ad61-c83170bdaaf4/datanode-0/data/containers/hdds of  storage type : DISK and capacity : 1482555576320
2019-10-14 12:33:13,664 [main] INFO  volume.VolumeSet (VolumeSet.java:initializeVolumeSet(170)) - Added Volume : /workdir/hadoop-ozone/integration-test/target/test-dir/MiniOzoneClusterImpl-a38ca729-82bc-4a96-ad61-c83170bdaaf4/datanode-0/data/containers/hdds to VolumeSet
2019-10-14 12:33:13,667 [main] INFO  volume.ThrottledAsyncChecker (ThrottledAsyncChecker.java:schedule(141)) - Scheduling a check for org.apache.hadoop.ozone.container.common.volume.HddsVolume@787f32b7
2019-10-14 12:33:13,685 [main] INFO  volume.HddsVolumeChecker (HddsVolumeChecker.java:checkAllVolumes(204)) - Scheduled health check for volume org.apache.hadoop.ozone.container.common.volume.HddsVolume@787f32b7
2019-10-14 12:33:13,795 [main] INFO  impl.RaftServerProxy (ConfUtils.java:logGet(43)) - raft.rpc.type = GRPC (default)
2019-10-14 12:33:13,854 [main] INFO  grpc.GrpcFactory (GrpcFactory.java:checkPooledByteBufAllocatorUseCacheForAllThreads(45)) - PERFORMANCE WARNING: useCacheForAllThreads is true that may cause Netty to create a lot garbage objects and, as a result, trigger GC.
	It is recommended to disable useCacheForAllThreads by setting -Dorg.apache.ratis.thirdparty.io.netty.allocator.useCacheForAllThreads=false in command line.
2019-10-14 12:33:13,859 [main] INFO  grpc.GrpcConfigKeys$Server (ConfUtils.java:logGet(43)) - raft.grpc.server.port = 0 (default)
2019-10-14 12:33:13,860 [main] INFO  server.GrpcService (ConfUtils.java:logGet(43)) - raft.grpc.message.size.max = 33570816 (custom)
2019-10-14 12:33:13,861 [main] INFO  server.RaftServerConfigKeys (ConfUtils.java:logGet(43)) - raft.server.log.appender.buffer.byte-limit = 33554432 (custom)
2019-10-14 12:33:13,862 [main] INFO  server.GrpcService (ConfUtils.java:logGet(43)) - raft.grpc.flow.control.window = 1MB (=1048576) (default)
2019-10-14 12:33:13,863 [main] INFO  server.RaftServerConfigKeys (ConfUtils.java:logGet(43)) - raft.server.rpc.request.timeout = 3000ms (default)
2019-10-14 12:33:14,030 [main] INFO  server.RaftServerConfigKeys (ConfUtils.java:logGet(43)) - raft.server.storage.dir = [/workdir/hadoop-ozone/integration-test/target/test-dir/MiniOzoneClusterImpl-a38ca729-82bc-4a96-ad61-c83170bdaaf4/datanode-0/data/ratis] (custom)
2019-10-14 12:33:14,080 [main] INFO  hdfs.DFSUtil (DFSUtil.java:httpServerTemplateForNNAndJN(1641)) - Starting Web-server for hddsDatanode at: http://0.0.0.0:0
2019-10-14 12:33:14,083 [main] INFO  server.AuthenticationFilter (AuthenticationFilter.java:constructSecretProvider(240)) - Unable to initialize FileSignerSecretProvider, falling back to use random secrets.
2019-10-14 12:33:14,083 [main] WARN  http.HttpRequestLog (HttpRequestLog.java:getRequestLog(97)) - Jetty request log can only be enabled using Log4j
2019-10-14 12:33:14,085 [main] INFO  http.HttpServer2 (HttpServer2.java:addGlobalFilter(975)) - Added global filter 'safety' (class=org.apache.hadoop.http.HttpServer2$QuotingInputFilter)
2019-10-14 12:33:14,086 [main] INFO  http.HttpServer2 (HttpServer2.java:addFilter(948)) - Added filter static_user_filter (class=org.apache.hadoop.http.lib.StaticUserWebFilter$StaticUserFilter) to context hddsDatanode
2019-10-14 12:33:14,086 [main] INFO  http.HttpServer2 (HttpServer2.java:addFilter(958)) - Added filter static_user_filter (class=org.apache.hadoop.http.lib.StaticUserWebFilter$StaticUserFilter) to context logs
2019-10-14 12:33:14,086 [main] INFO  http.HttpServer2 (HttpServer2.java:addFilter(958)) - Added filter static_user_filter (class=org.apache.hadoop.http.lib.StaticUserWebFilter$StaticUserFilter) to context static
2019-10-14 12:33:14,087 [main] INFO  http.HttpServer2 (HttpServer2.java:bindListener(1191)) - Jetty bound to port 40153
2019-10-14 12:33:14,088 [main] INFO  server.Server (Server.java:doStart(351)) - jetty-9.3.25.v20180904, build timestamp: 2018-09-04T21:11:46Z, git hash: 3ce520221d0240229c862b122d2b06c12a625732
2019-10-14 12:33:14,090 [main] INFO  handler.ContextHandler (ContextHandler.java:doStart(781)) - Started o.e.j.s.ServletContextHandler@26c47874{/logs,file:///workdir/hadoop-ozone/integration-test/target/log,AVAILABLE}
2019-10-14 12:33:14,091 [main] INFO  handler.ContextHandler (ContextHandler.java:doStart(781)) - Started o.e.j.s.ServletContextHandler@2849434b{/static,jar:file:/home/user/.m2/repository/org/apache/hadoop/hadoop-hdds-container-service/0.5.0-SNAPSHOT/hadoop-hdds-container-service-0.5.0-SNAPSHOT.jar!/webapps/static,AVAILABLE}
2019-10-14 12:33:14,125 [main] INFO  handler.ContextHandler (ContextHandler.java:doStart(781)) - Started o.e.j.w.WebAppContext@5bc28f40{/,file:///tmp/jetty-0.0.0.0-40153-hddsDatanode-_-any-4358260284968959330.dir/webapp/,AVAILABLE}{/hddsDatanode}
2019-10-14 12:33:14,126 [main] INFO  server.AbstractConnector (AbstractConnector.java:doStart(278)) - Started ServerConnector@46963479{HTTP/1.1,[http/1.1]}{0.0.0.0:40153}
2019-10-14 12:33:14,127 [main] INFO  server.Server (Server.java:doStart(419)) - Started @5430ms
2019-10-14 12:33:14,127 [main] WARN  impl.MetricsSystemImpl (MetricsSystemImpl.java:register(276)) - Sink prometheus already exists!
2019-10-14 12:33:14,128 [main] INFO  server.BaseHttpServer (BaseHttpServer.java:updateConnectorAddress(215)) - HTTP server of HDDSDATANODE is listening at http://0.0.0.0:40153
2019-10-14 12:33:14,129 [main] INFO  impl.MetricsSystemImpl (MetricsSystemImpl.java:init(158)) - HddsDatanode metrics system started (again)
2019-10-14 12:33:14,131 [main] INFO  ozone.HddsDatanodeService (HddsDatanodeService.java:start(184)) - HddsDatanodeService host:pr-hdds-2299-hlwdq-549545603 ip:192.168.151.107
2019-10-14 12:33:14,135 [org.apache.hadoop.util.JvmPauseMonitor$Monitor@7046ced7] INFO  util.JvmPauseMonitor (JvmPauseMonitor.java:run(188)) - Starting JVM pause monitor
2019-10-14 12:33:14,141 [main] INFO  volume.HddsVolume (HddsVolume.java:<init>(176)) - Creating Volume: /workdir/hadoop-ozone/integration-test/target/test-dir/MiniOzoneClusterImpl-a38ca729-82bc-4a96-ad61-c83170bdaaf4/datanode-1/data/containers/hdds of  storage type : DISK and capacity : 1482555576320
2019-10-14 12:33:14,141 [main] INFO  volume.VolumeSet (VolumeSet.java:initializeVolumeSet(170)) - Added Volume : /workdir/hadoop-ozone/integration-test/target/test-dir/MiniOzoneClusterImpl-a38ca729-82bc-4a96-ad61-c83170bdaaf4/datanode-1/data/containers/hdds to VolumeSet
2019-10-14 12:33:14,142 [main] INFO  volume.ThrottledAsyncChecker (ThrottledAsyncChecker.java:schedule(141)) - Scheduling a check for org.apache.hadoop.ozone.container.common.volume.HddsVolume@277b8fa4
2019-10-14 12:33:14,143 [main] INFO  volume.HddsVolumeChecker (HddsVolumeChecker.java:checkAllVolumes(204)) - Scheduled health check for volume org.apache.hadoop.ozone.container.common.volume.HddsVolume@277b8fa4
2019-10-14 12:33:14,159 [main] INFO  impl.RaftServerProxy (ConfUtils.java:logGet(43)) - raft.rpc.type = GRPC (default)
2019-10-14 12:33:14,159 [main] INFO  grpc.GrpcFactory (GrpcFactory.java:checkPooledByteBufAllocatorUseCacheForAllThreads(45)) - PERFORMANCE WARNING: useCacheForAllThreads is true that may cause Netty to create a lot garbage objects and, as a result, trigger GC.
	It is recommended to disable useCacheForAllThreads by setting -Dorg.apache.ratis.thirdparty.io.netty.allocator.useCacheForAllThreads=false in command line.
2019-10-14 12:33:14,160 [main] INFO  grpc.GrpcConfigKeys$Server (ConfUtils.java:logGet(43)) - raft.grpc.server.port = 0 (default)
2019-10-14 12:33:14,160 [main] INFO  server.GrpcService (ConfUtils.java:logGet(43)) - raft.grpc.message.size.max = 33570816 (custom)
2019-10-14 12:33:14,160 [main] INFO  server.RaftServerConfigKeys (ConfUtils.java:logGet(43)) - raft.server.log.appender.buffer.byte-limit = 33554432 (custom)
2019-10-14 12:33:14,160 [main] INFO  server.GrpcService (ConfUtils.java:logGet(43)) - raft.grpc.flow.control.window = 1MB (=1048576) (default)
2019-10-14 12:33:14,161 [main] INFO  server.RaftServerConfigKeys (ConfUtils.java:logGet(43)) - raft.server.rpc.request.timeout = 3000ms (default)
2019-10-14 12:33:14,161 [main] INFO  server.RaftServerConfigKeys (ConfUtils.java:logGet(43)) - raft.server.storage.dir = [/workdir/hadoop-ozone/integration-test/target/test-dir/MiniOzoneClusterImpl-a38ca729-82bc-4a96-ad61-c83170bdaaf4/datanode-1/data/ratis] (custom)
2019-10-14 12:33:14,163 [main] INFO  hdfs.DFSUtil (DFSUtil.java:httpServerTemplateForNNAndJN(1641)) - Starting Web-server for hddsDatanode at: http://0.0.0.0:0
2019-10-14 12:33:14,165 [main] INFO  server.AuthenticationFilter (AuthenticationFilter.java:constructSecretProvider(240)) - Unable to initialize FileSignerSecretProvider, falling back to use random secrets.
2019-10-14 12:33:14,166 [main] WARN  http.HttpRequestLog (HttpRequestLog.java:getRequestLog(97)) - Jetty request log can only be enabled using Log4j
2019-10-14 12:33:14,169 [main] INFO  http.HttpServer2 (HttpServer2.java:addGlobalFilter(975)) - Added global filter 'safety' (class=org.apache.hadoop.http.HttpServer2$QuotingInputFilter)
2019-10-14 12:33:14,170 [main] INFO  http.HttpServer2 (HttpServer2.java:addFilter(948)) - Added filter static_user_filter (class=org.apache.hadoop.http.lib.StaticUserWebFilter$StaticUserFilter) to context hddsDatanode
2019-10-14 12:33:14,170 [main] INFO  http.HttpServer2 (HttpServer2.java:addFilter(958)) - Added filter static_user_filter (class=org.apache.hadoop.http.lib.StaticUserWebFilter$StaticUserFilter) to context logs
2019-10-14 12:33:14,170 [main] INFO  http.HttpServer2 (HttpServer2.java:addFilter(958)) - Added filter static_user_filter (class=org.apache.hadoop.http.lib.StaticUserWebFilter$StaticUserFilter) to context static
2019-10-14 12:33:14,171 [main] INFO  http.HttpServer2 (HttpServer2.java:bindListener(1191)) - Jetty bound to port 45459
2019-10-14 12:33:14,171 [main] INFO  server.Server (Server.java:doStart(351)) - jetty-9.3.25.v20180904, build timestamp: 2018-09-04T21:11:46Z, git hash: 3ce520221d0240229c862b122d2b06c12a625732
2019-10-14 12:33:14,181 [main] INFO  handler.ContextHandler (ContextHandler.java:doStart(781)) - Started o.e.j.s.ServletContextHandler@3c87e6b7{/logs,file:///workdir/hadoop-ozone/integration-test/target/log,AVAILABLE}
2019-10-14 12:33:14,182 [main] INFO  handler.ContextHandler (ContextHandler.java:doStart(781)) - Started o.e.j.s.ServletContextHandler@3c3a0032{/static,jar:file:/home/user/.m2/repository/org/apache/hadoop/hadoop-hdds-container-service/0.5.0-SNAPSHOT/hadoop-hdds-container-service-0.5.0-SNAPSHOT.jar!/webapps/static,AVAILABLE}
2019-10-14 12:33:14,212 [main] INFO  handler.ContextHandler (ContextHandler.java:doStart(781)) - Started o.e.j.w.WebAppContext@7cbeac65{/,file:///tmp/jetty-0.0.0.0-45459-hddsDatanode-_-any-1253869303125175368.dir/webapp/,AVAILABLE}{/hddsDatanode}
2019-10-14 12:33:14,213 [main] INFO  server.AbstractConnector (AbstractConnector.java:doStart(278)) - Started ServerConnector@7fe82967{HTTP/1.1,[http/1.1]}{0.0.0.0:45459}
2019-10-14 12:33:14,214 [main] INFO  server.Server (Server.java:doStart(419)) - Started @5517ms
2019-10-14 12:33:14,215 [main] WARN  impl.MetricsSystemImpl (MetricsSystemImpl.java:register(276)) - Sink prometheus already exists!
2019-10-14 12:33:14,216 [main] INFO  server.BaseHttpServer (BaseHttpServer.java:updateConnectorAddress(215)) - HTTP server of HDDSDATANODE is listening at http://0.0.0.0:45459
2019-10-14 12:33:14,217 [main] INFO  impl.MetricsSystemImpl (MetricsSystemImpl.java:init(158)) - HddsDatanode metrics system started (again)
2019-10-14 12:33:14,219 [org.apache.hadoop.util.JvmPauseMonitor$Monitor@4ac1b74d] INFO  util.JvmPauseMonitor (JvmPauseMonitor.java:run(188)) - Starting JVM pause monitor
2019-10-14 12:33:14,219 [main] INFO  ozone.HddsDatanodeService (HddsDatanodeService.java:start(184)) - HddsDatanodeService host:pr-hdds-2299-hlwdq-549545603 ip:192.168.151.107
2019-10-14 12:33:14,228 [main] INFO  volume.HddsVolume (HddsVolume.java:<init>(176)) - Creating Volume: /workdir/hadoop-ozone/integration-test/target/test-dir/MiniOzoneClusterImpl-a38ca729-82bc-4a96-ad61-c83170bdaaf4/datanode-2/data/containers/hdds of  storage type : DISK and capacity : 1482555576320
2019-10-14 12:33:14,228 [main] INFO  volume.VolumeSet (VolumeSet.java:initializeVolumeSet(170)) - Added Volume : /workdir/hadoop-ozone/integration-test/target/test-dir/MiniOzoneClusterImpl-a38ca729-82bc-4a96-ad61-c83170bdaaf4/datanode-2/data/containers/hdds to VolumeSet
2019-10-14 12:33:14,228 [main] INFO  volume.ThrottledAsyncChecker (ThrottledAsyncChecker.java:schedule(141)) - Scheduling a check for org.apache.hadoop.ozone.container.common.volume.HddsVolume@28da7d11
2019-10-14 12:33:14,229 [main] INFO  volume.HddsVolumeChecker (HddsVolumeChecker.java:checkAllVolumes(204)) - Scheduled health check for volume org.apache.hadoop.ozone.container.common.volume.HddsVolume@28da7d11
2019-10-14 12:33:14,243 [main] INFO  impl.RaftServerProxy (ConfUtils.java:logGet(43)) - raft.rpc.type = GRPC (default)
2019-10-14 12:33:14,243 [main] INFO  grpc.GrpcFactory (GrpcFactory.java:checkPooledByteBufAllocatorUseCacheForAllThreads(45)) - PERFORMANCE WARNING: useCacheForAllThreads is true that may cause Netty to create a lot garbage objects and, as a result, trigger GC.
	It is recommended to disable useCacheForAllThreads by setting -Dorg.apache.ratis.thirdparty.io.netty.allocator.useCacheForAllThreads=false in command line.
2019-10-14 12:33:14,243 [main] INFO  grpc.GrpcConfigKeys$Server (ConfUtils.java:logGet(43)) - raft.grpc.server.port = 0 (default)
2019-10-14 12:33:14,243 [main] INFO  server.GrpcService (ConfUtils.java:logGet(43)) - raft.grpc.message.size.max = 33570816 (custom)
2019-10-14 12:33:14,244 [main] INFO  server.RaftServerConfigKeys (ConfUtils.java:logGet(43)) - raft.server.log.appender.buffer.byte-limit = 33554432 (custom)
2019-10-14 12:33:14,244 [main] INFO  server.GrpcService (ConfUtils.java:logGet(43)) - raft.grpc.flow.control.window = 1MB (=1048576) (default)
2019-10-14 12:33:14,244 [main] INFO  server.RaftServerConfigKeys (ConfUtils.java:logGet(43)) - raft.server.rpc.request.timeout = 3000ms (default)
2019-10-14 12:33:14,245 [main] INFO  server.RaftServerConfigKeys (ConfUtils.java:logGet(43)) - raft.server.storage.dir = [/workdir/hadoop-ozone/integration-test/target/test-dir/MiniOzoneClusterImpl-a38ca729-82bc-4a96-ad61-c83170bdaaf4/datanode-2/data/ratis] (custom)
2019-10-14 12:33:14,247 [main] INFO  hdfs.DFSUtil (DFSUtil.java:httpServerTemplateForNNAndJN(1641)) - Starting Web-server for hddsDatanode at: http://0.0.0.0:0
2019-10-14 12:33:14,248 [main] INFO  server.AuthenticationFilter (AuthenticationFilter.java:constructSecretProvider(240)) - Unable to initialize FileSignerSecretProvider, falling back to use random secrets.
2019-10-14 12:33:14,249 [main] WARN  http.HttpRequestLog (HttpRequestLog.java:getRequestLog(97)) - Jetty request log can only be enabled using Log4j
2019-10-14 12:33:14,250 [main] INFO  http.HttpServer2 (HttpServer2.java:addGlobalFilter(975)) - Added global filter 'safety' (class=org.apache.hadoop.http.HttpServer2$QuotingInputFilter)
2019-10-14 12:33:14,251 [main] INFO  http.HttpServer2 (HttpServer2.java:addFilter(948)) - Added filter static_user_filter (class=org.apache.hadoop.http.lib.StaticUserWebFilter$StaticUserFilter) to context hddsDatanode
2019-10-14 12:33:14,251 [main] INFO  http.HttpServer2 (HttpServer2.java:addFilter(958)) - Added filter static_user_filter (class=org.apache.hadoop.http.lib.StaticUserWebFilter$StaticUserFilter) to context logs
2019-10-14 12:33:14,251 [main] INFO  http.HttpServer2 (HttpServer2.java:addFilter(958)) - Added filter static_user_filter (class=org.apache.hadoop.http.lib.StaticUserWebFilter$StaticUserFilter) to context static
2019-10-14 12:33:14,252 [main] INFO  http.HttpServer2 (HttpServer2.java:bindListener(1191)) - Jetty bound to port 35933
2019-10-14 12:33:14,252 [main] INFO  server.Server (Server.java:doStart(351)) - jetty-9.3.25.v20180904, build timestamp: 2018-09-04T21:11:46Z, git hash: 3ce520221d0240229c862b122d2b06c12a625732
2019-10-14 12:33:14,255 [main] INFO  handler.ContextHandler (ContextHandler.java:doStart(781)) - Started o.e.j.s.ServletContextHandler@70887727{/logs,file:///workdir/hadoop-ozone/integration-test/target/log,AVAILABLE}
2019-10-14 12:33:14,255 [main] INFO  handler.ContextHandler (ContextHandler.java:doStart(781)) - Started o.e.j.s.ServletContextHandler@599e4d41{/static,jar:file:/home/user/.m2/repository/org/apache/hadoop/hadoop-hdds-container-service/0.5.0-SNAPSHOT/hadoop-hdds-container-service-0.5.0-SNAPSHOT.jar!/webapps/static,AVAILABLE}
2019-10-14 12:33:14,262 [Datanode State Machine Thread - 0] INFO  datanode.InitDatanodeState (InitDatanodeState.java:persistContainerDatanodeDetails(140)) - DatanodeDetails is persisted to /workdir/hadoop-ozone/integration-test/target/test-dir/MiniOzoneClusterImpl-a38ca729-82bc-4a96-ad61-c83170bdaaf4/datanode-0/meta/datanode.id
2019-10-14 12:33:14,267 [Datanode State Machine Thread - 0] INFO  datanode.InitDatanodeState (InitDatanodeState.java:persistContainerDatanodeDetails(140)) - DatanodeDetails is persisted to /workdir/hadoop-ozone/integration-test/target/test-dir/MiniOzoneClusterImpl-a38ca729-82bc-4a96-ad61-c83170bdaaf4/datanode-1/meta/datanode.id
2019-10-14 12:33:14,289 [main] INFO  handler.ContextHandler (ContextHandler.java:doStart(781)) - Started o.e.j.w.WebAppContext@bc042d5{/,file:///tmp/jetty-0.0.0.0-35933-hddsDatanode-_-any-7827227907999950310.dir/webapp/,AVAILABLE}{/hddsDatanode}
2019-10-14 12:33:14,289 [main] INFO  server.AbstractConnector (AbstractConnector.java:doStart(278)) - Started ServerConnector@5484117b{HTTP/1.1,[http/1.1]}{0.0.0.0:35933}
2019-10-14 12:33:14,291 [main] INFO  server.Server (Server.java:doStart(419)) - Started @5594ms
2019-10-14 12:33:14,291 [main] WARN  impl.MetricsSystemImpl (MetricsSystemImpl.java:register(276)) - Sink prometheus already exists!
2019-10-14 12:33:14,292 [main] INFO  server.BaseHttpServer (BaseHttpServer.java:updateConnectorAddress(215)) - HTTP server of HDDSDATANODE is listening at http://0.0.0.0:35933
2019-10-14 12:33:14,292 [main] INFO  impl.MetricsSystemImpl (MetricsSystemImpl.java:init(158)) - HddsDatanode metrics system started (again)
2019-10-14 12:33:14,295 [main] INFO  ozone.HddsDatanodeService (HddsDatanodeService.java:start(184)) - HddsDatanodeService host:pr-hdds-2299-hlwdq-549545603 ip:192.168.151.107
2019-10-14 12:33:14,295 [org.apache.hadoop.util.JvmPauseMonitor$Monitor@1066496b] INFO  util.JvmPauseMonitor (JvmPauseMonitor.java:run(188)) - Starting JVM pause monitor
2019-10-14 12:33:14,299 [Datanode State Machine Thread - 0] INFO  datanode.InitDatanodeState (InitDatanodeState.java:persistContainerDatanodeDetails(140)) - DatanodeDetails is persisted to /workdir/hadoop-ozone/integration-test/target/test-dir/MiniOzoneClusterImpl-a38ca729-82bc-4a96-ad61-c83170bdaaf4/datanode-2/meta/datanode.id
2019-10-14 12:33:14,303 [main] INFO  volume.HddsVolume (HddsVolume.java:<init>(176)) - Creating Volume: /workdir/hadoop-ozone/integration-test/target/test-dir/MiniOzoneClusterImpl-a38ca729-82bc-4a96-ad61-c83170bdaaf4/datanode-3/data/containers/hdds of  storage type : DISK and capacity : 1482555576320
2019-10-14 12:33:14,304 [main] INFO  volume.VolumeSet (VolumeSet.java:initializeVolumeSet(170)) - Added Volume : /workdir/hadoop-ozone/integration-test/target/test-dir/MiniOzoneClusterImpl-a38ca729-82bc-4a96-ad61-c83170bdaaf4/datanode-3/data/containers/hdds to VolumeSet
2019-10-14 12:33:14,304 [main] INFO  volume.ThrottledAsyncChecker (ThrottledAsyncChecker.java:schedule(141)) - Scheduling a check for org.apache.hadoop.ozone.container.common.volume.HddsVolume@41eb94bc
2019-10-14 12:33:14,304 [main] INFO  volume.HddsVolumeChecker (HddsVolumeChecker.java:checkAllVolumes(204)) - Scheduled health check for volume org.apache.hadoop.ozone.container.common.volume.HddsVolume@41eb94bc
2019-10-14 12:33:14,319 [main] INFO  impl.RaftServerProxy (ConfUtils.java:logGet(43)) - raft.rpc.type = GRPC (default)
2019-10-14 12:33:14,319 [main] INFO  grpc.GrpcFactory (GrpcFactory.java:checkPooledByteBufAllocatorUseCacheForAllThreads(45)) - PERFORMANCE WARNING: useCacheForAllThreads is true that may cause Netty to create a lot garbage objects and, as a result, trigger GC.
	It is recommended to disable useCacheForAllThreads by setting -Dorg.apache.ratis.thirdparty.io.netty.allocator.useCacheForAllThreads=false in command line.
2019-10-14 12:33:14,320 [main] INFO  grpc.GrpcConfigKeys$Server (ConfUtils.java:logGet(43)) - raft.grpc.server.port = 0 (default)
2019-10-14 12:33:14,320 [main] INFO  server.GrpcService (ConfUtils.java:logGet(43)) - raft.grpc.message.size.max = 33570816 (custom)
2019-10-14 12:33:14,320 [main] INFO  server.RaftServerConfigKeys (ConfUtils.java:logGet(43)) - raft.server.log.appender.buffer.byte-limit = 33554432 (custom)
2019-10-14 12:33:14,320 [main] INFO  server.GrpcService (ConfUtils.java:logGet(43)) - raft.grpc.flow.control.window = 1MB (=1048576) (default)
2019-10-14 12:33:14,321 [main] INFO  server.RaftServerConfigKeys (ConfUtils.java:logGet(43)) - raft.server.rpc.request.timeout = 3000ms (default)
2019-10-14 12:33:14,321 [main] INFO  server.RaftServerConfigKeys (ConfUtils.java:logGet(43)) - raft.server.storage.dir = [/workdir/hadoop-ozone/integration-test/target/test-dir/MiniOzoneClusterImpl-a38ca729-82bc-4a96-ad61-c83170bdaaf4/datanode-3/data/ratis] (custom)
2019-10-14 12:33:14,323 [main] INFO  hdfs.DFSUtil (DFSUtil.java:httpServerTemplateForNNAndJN(1641)) - Starting Web-server for hddsDatanode at: http://0.0.0.0:0
2019-10-14 12:33:14,325 [main] INFO  server.AuthenticationFilter (AuthenticationFilter.java:constructSecretProvider(240)) - Unable to initialize FileSignerSecretProvider, falling back to use random secrets.
2019-10-14 12:33:14,325 [main] WARN  http.HttpRequestLog (HttpRequestLog.java:getRequestLog(97)) - Jetty request log can only be enabled using Log4j
2019-10-14 12:33:14,327 [main] INFO  http.HttpServer2 (HttpServer2.java:addGlobalFilter(975)) - Added global filter 'safety' (class=org.apache.hadoop.http.HttpServer2$QuotingInputFilter)
2019-10-14 12:33:14,327 [main] INFO  http.HttpServer2 (HttpServer2.java:addFilter(948)) - Added filter static_user_filter (class=org.apache.hadoop.http.lib.StaticUserWebFilter$StaticUserFilter) to context hddsDatanode
2019-10-14 12:33:14,328 [main] INFO  http.HttpServer2 (HttpServer2.java:addFilter(958)) - Added filter static_user_filter (class=org.apache.hadoop.http.lib.StaticUserWebFilter$StaticUserFilter) to context logs
2019-10-14 12:33:14,328 [main] INFO  http.HttpServer2 (HttpServer2.java:addFilter(958)) - Added filter static_user_filter (class=org.apache.hadoop.http.lib.StaticUserWebFilter$StaticUserFilter) to context static
2019-10-14 12:33:14,329 [main] INFO  http.HttpServer2 (HttpServer2.java:bindListener(1191)) - Jetty bound to port 43969
2019-10-14 12:33:14,329 [main] INFO  server.Server (Server.java:doStart(351)) - jetty-9.3.25.v20180904, build timestamp: 2018-09-04T21:11:46Z, git hash: 3ce520221d0240229c862b122d2b06c12a625732
2019-10-14 12:33:14,336 [main] INFO  handler.ContextHandler (ContextHandler.java:doStart(781)) - Started o.e.j.s.ServletContextHandler@69fe0ed4{/logs,file:///workdir/hadoop-ozone/integration-test/target/log,AVAILABLE}
2019-10-14 12:33:14,337 [main] INFO  handler.ContextHandler (ContextHandler.java:doStart(781)) - Started o.e.j.s.ServletContextHandler@6caf7803{/static,jar:file:/home/user/.m2/repository/org/apache/hadoop/hadoop-hdds-container-service/0.5.0-SNAPSHOT/hadoop-hdds-container-service-0.5.0-SNAPSHOT.jar!/webapps/static,AVAILABLE}
2019-10-14 12:33:14,368 [main] INFO  handler.ContextHandler (ContextHandler.java:doStart(781)) - Started o.e.j.w.WebAppContext@d5d5353{/,file:///tmp/jetty-0.0.0.0-43969-hddsDatanode-_-any-883517619460717281.dir/webapp/,AVAILABLE}{/hddsDatanode}
2019-10-14 12:33:14,368 [main] INFO  server.AbstractConnector (AbstractConnector.java:doStart(278)) - Started ServerConnector@242b6e1a{HTTP/1.1,[http/1.1]}{0.0.0.0:43969}
2019-10-14 12:33:14,369 [main] INFO  server.Server (Server.java:doStart(419)) - Started @5673ms
2019-10-14 12:33:14,370 [main] WARN  impl.MetricsSystemImpl (MetricsSystemImpl.java:register(276)) - Sink prometheus already exists!
2019-10-14 12:33:14,371 [main] INFO  server.BaseHttpServer (BaseHttpServer.java:updateConnectorAddress(215)) - HTTP server of HDDSDATANODE is listening at http://0.0.0.0:43969
2019-10-14 12:33:14,371 [main] INFO  impl.MetricsSystemImpl (MetricsSystemImpl.java:init(158)) - HddsDatanode metrics system started (again)
2019-10-14 12:33:14,375 [org.apache.hadoop.util.JvmPauseMonitor$Monitor@7ea3360e] INFO  util.JvmPauseMonitor (JvmPauseMonitor.java:run(188)) - Starting JVM pause monitor
2019-10-14 12:33:14,375 [main] INFO  ozone.HddsDatanodeService (HddsDatanodeService.java:start(184)) - HddsDatanodeService host:pr-hdds-2299-hlwdq-549545603 ip:192.168.151.107
2019-10-14 12:33:14,378 [Datanode State Machine Thread - 0] INFO  datanode.InitDatanodeState (InitDatanodeState.java:persistContainerDatanodeDetails(140)) - DatanodeDetails is persisted to /workdir/hadoop-ozone/integration-test/target/test-dir/MiniOzoneClusterImpl-a38ca729-82bc-4a96-ad61-c83170bdaaf4/datanode-3/meta/datanode.id
2019-10-14 12:33:14,384 [main] INFO  volume.HddsVolume (HddsVolume.java:<init>(176)) - Creating Volume: /workdir/hadoop-ozone/integration-test/target/test-dir/MiniOzoneClusterImpl-a38ca729-82bc-4a96-ad61-c83170bdaaf4/datanode-4/data/containers/hdds of  storage type : DISK and capacity : 1482555576320
2019-10-14 12:33:14,385 [main] INFO  volume.VolumeSet (VolumeSet.java:initializeVolumeSet(170)) - Added Volume : /workdir/hadoop-ozone/integration-test/target/test-dir/MiniOzoneClusterImpl-a38ca729-82bc-4a96-ad61-c83170bdaaf4/datanode-4/data/containers/hdds to VolumeSet
2019-10-14 12:33:14,385 [main] INFO  volume.ThrottledAsyncChecker (ThrottledAsyncChecker.java:schedule(141)) - Scheduling a check for org.apache.hadoop.ozone.container.common.volume.HddsVolume@1dc3502b
2019-10-14 12:33:14,385 [main] INFO  volume.HddsVolumeChecker (HddsVolumeChecker.java:checkAllVolumes(204)) - Scheduled health check for volume org.apache.hadoop.ozone.container.common.volume.HddsVolume@1dc3502b
2019-10-14 12:33:14,402 [main] INFO  impl.RaftServerProxy (ConfUtils.java:logGet(43)) - raft.rpc.type = GRPC (default)
2019-10-14 12:33:14,402 [main] INFO  grpc.GrpcFactory (GrpcFactory.java:checkPooledByteBufAllocatorUseCacheForAllThreads(45)) - PERFORMANCE WARNING: useCacheForAllThreads is true that may cause Netty to create a lot garbage objects and, as a result, trigger GC.
	It is recommended to disable useCacheForAllThreads by setting -Dorg.apache.ratis.thirdparty.io.netty.allocator.useCacheForAllThreads=false in command line.
2019-10-14 12:33:14,402 [main] INFO  grpc.GrpcConfigKeys$Server (ConfUtils.java:logGet(43)) - raft.grpc.server.port = 0 (default)
2019-10-14 12:33:14,403 [main] INFO  server.GrpcService (ConfUtils.java:logGet(43)) - raft.grpc.message.size.max = 33570816 (custom)
2019-10-14 12:33:14,403 [main] INFO  server.RaftServerConfigKeys (ConfUtils.java:logGet(43)) - raft.server.log.appender.buffer.byte-limit = 33554432 (custom)
2019-10-14 12:33:14,403 [main] INFO  server.GrpcService (ConfUtils.java:logGet(43)) - raft.grpc.flow.control.window = 1MB (=1048576) (default)
2019-10-14 12:33:14,403 [main] INFO  server.RaftServerConfigKeys (ConfUtils.java:logGet(43)) - raft.server.rpc.request.timeout = 3000ms (default)
2019-10-14 12:33:14,404 [main] INFO  server.RaftServerConfigKeys (ConfUtils.java:logGet(43)) - raft.server.storage.dir = [/workdir/hadoop-ozone/integration-test/target/test-dir/MiniOzoneClusterImpl-a38ca729-82bc-4a96-ad61-c83170bdaaf4/datanode-4/data/ratis] (custom)
2019-10-14 12:33:14,406 [main] INFO  hdfs.DFSUtil (DFSUtil.java:httpServerTemplateForNNAndJN(1641)) - Starting Web-server for hddsDatanode at: http://0.0.0.0:0
2019-10-14 12:33:14,408 [main] INFO  server.AuthenticationFilter (AuthenticationFilter.java:constructSecretProvider(240)) - Unable to initialize FileSignerSecretProvider, falling back to use random secrets.
2019-10-14 12:33:14,409 [main] WARN  http.HttpRequestLog (HttpRequestLog.java:getRequestLog(97)) - Jetty request log can only be enabled using Log4j
2019-10-14 12:33:14,410 [main] INFO  http.HttpServer2 (HttpServer2.java:addGlobalFilter(975)) - Added global filter 'safety' (class=org.apache.hadoop.http.HttpServer2$QuotingInputFilter)
2019-10-14 12:33:14,411 [main] INFO  http.HttpServer2 (HttpServer2.java:addFilter(948)) - Added filter static_user_filter (class=org.apache.hadoop.http.lib.StaticUserWebFilter$StaticUserFilter) to context hddsDatanode
2019-10-14 12:33:14,411 [main] INFO  http.HttpServer2 (HttpServer2.java:addFilter(958)) - Added filter static_user_filter (class=org.apache.hadoop.http.lib.StaticUserWebFilter$StaticUserFilter) to context static
2019-10-14 12:33:14,411 [main] INFO  http.HttpServer2 (HttpServer2.java:addFilter(958)) - Added filter static_user_filter (class=org.apache.hadoop.http.lib.StaticUserWebFilter$StaticUserFilter) to context logs
2019-10-14 12:33:14,412 [main] INFO  http.HttpServer2 (HttpServer2.java:bindListener(1191)) - Jetty bound to port 40907
2019-10-14 12:33:14,412 [main] INFO  server.Server (Server.java:doStart(351)) - jetty-9.3.25.v20180904, build timestamp: 2018-09-04T21:11:46Z, git hash: 3ce520221d0240229c862b122d2b06c12a625732
2019-10-14 12:33:14,415 [main] INFO  handler.ContextHandler (ContextHandler.java:doStart(781)) - Started o.e.j.s.ServletContextHandler@618ff5c2{/logs,file:///workdir/hadoop-ozone/integration-test/target/log,AVAILABLE}
2019-10-14 12:33:14,415 [main] INFO  handler.ContextHandler (ContextHandler.java:doStart(781)) - Started o.e.j.s.ServletContextHandler@2f84acf7{/static,jar:file:/home/user/.m2/repository/org/apache/hadoop/hadoop-hdds-container-service/0.5.0-SNAPSHOT/hadoop-hdds-container-service-0.5.0-SNAPSHOT.jar!/webapps/static,AVAILABLE}
2019-10-14 12:33:14,446 [main] INFO  handler.ContextHandler (ContextHandler.java:doStart(781)) - Started o.e.j.w.WebAppContext@6e4f263e{/,file:///tmp/jetty-0.0.0.0-40907-hddsDatanode-_-any-7443168513023071755.dir/webapp/,AVAILABLE}{/hddsDatanode}
2019-10-14 12:33:14,447 [main] INFO  server.AbstractConnector (AbstractConnector.java:doStart(278)) - Started ServerConnector@48b4a043{HTTP/1.1,[http/1.1]}{0.0.0.0:40907}
2019-10-14 12:33:14,450 [main] INFO  server.Server (Server.java:doStart(419)) - Started @5751ms
2019-10-14 12:33:14,450 [main] WARN  impl.MetricsSystemImpl (MetricsSystemImpl.java:register(276)) - Sink prometheus already exists!
2019-10-14 12:33:14,451 [main] INFO  server.BaseHttpServer (BaseHttpServer.java:updateConnectorAddress(215)) - HTTP server of HDDSDATANODE is listening at http://0.0.0.0:40907
2019-10-14 12:33:14,451 [main] INFO  impl.MetricsSystemImpl (MetricsSystemImpl.java:init(158)) - HddsDatanode metrics system started (again)
2019-10-14 12:33:14,456 [main] INFO  ozone.HddsDatanodeService (HddsDatanodeService.java:start(184)) - HddsDatanodeService host:pr-hdds-2299-hlwdq-549545603 ip:192.168.151.107
2019-10-14 12:33:14,456 [org.apache.hadoop.util.JvmPauseMonitor$Monitor@47399c58] INFO  util.JvmPauseMonitor (JvmPauseMonitor.java:run(188)) - Starting JVM pause monitor
2019-10-14 12:33:14,459 [Datanode State Machine Thread - 0] INFO  datanode.InitDatanodeState (InitDatanodeState.java:persistContainerDatanodeDetails(140)) - DatanodeDetails is persisted to /workdir/hadoop-ozone/integration-test/target/test-dir/MiniOzoneClusterImpl-a38ca729-82bc-4a96-ad61-c83170bdaaf4/datanode-4/meta/datanode.id
2019-10-14 12:33:14,465 [main] INFO  volume.HddsVolume (HddsVolume.java:<init>(176)) - Creating Volume: /workdir/hadoop-ozone/integration-test/target/test-dir/MiniOzoneClusterImpl-a38ca729-82bc-4a96-ad61-c83170bdaaf4/datanode-5/data/containers/hdds of  storage type : DISK and capacity : 1482555576320
2019-10-14 12:33:14,466 [main] INFO  volume.VolumeSet (VolumeSet.java:initializeVolumeSet(170)) - Added Volume : /workdir/hadoop-ozone/integration-test/target/test-dir/MiniOzoneClusterImpl-a38ca729-82bc-4a96-ad61-c83170bdaaf4/datanode-5/data/containers/hdds to VolumeSet
2019-10-14 12:33:14,466 [main] INFO  volume.ThrottledAsyncChecker (ThrottledAsyncChecker.java:schedule(141)) - Scheduling a check for org.apache.hadoop.ozone.container.common.volume.HddsVolume@534180a2
2019-10-14 12:33:14,467 [main] INFO  volume.HddsVolumeChecker (HddsVolumeChecker.java:checkAllVolumes(204)) - Scheduled health check for volume org.apache.hadoop.ozone.container.common.volume.HddsVolume@534180a2
2019-10-14 12:33:14,484 [main] INFO  impl.RaftServerProxy (ConfUtils.java:logGet(43)) - raft.rpc.type = GRPC (default)
2019-10-14 12:33:14,484 [main] INFO  grpc.GrpcFactory (GrpcFactory.java:checkPooledByteBufAllocatorUseCacheForAllThreads(45)) - PERFORMANCE WARNING: useCacheForAllThreads is true that may cause Netty to create a lot garbage objects and, as a result, trigger GC.
	It is recommended to disable useCacheForAllThreads by setting -Dorg.apache.ratis.thirdparty.io.netty.allocator.useCacheForAllThreads=false in command line.
2019-10-14 12:33:14,484 [main] INFO  grpc.GrpcConfigKeys$Server (ConfUtils.java:logGet(43)) - raft.grpc.server.port = 0 (default)
2019-10-14 12:33:14,484 [main] INFO  server.GrpcService (ConfUtils.java:logGet(43)) - raft.grpc.message.size.max = 33570816 (custom)
2019-10-14 12:33:14,485 [main] INFO  server.RaftServerConfigKeys (ConfUtils.java:logGet(43)) - raft.server.log.appender.buffer.byte-limit = 33554432 (custom)
2019-10-14 12:33:14,485 [main] INFO  server.GrpcService (ConfUtils.java:logGet(43)) - raft.grpc.flow.control.window = 1MB (=1048576) (default)
2019-10-14 12:33:14,485 [main] INFO  server.RaftServerConfigKeys (ConfUtils.java:logGet(43)) - raft.server.rpc.request.timeout = 3000ms (default)
2019-10-14 12:33:14,486 [main] INFO  server.RaftServerConfigKeys (ConfUtils.java:logGet(43)) - raft.server.storage.dir = [/workdir/hadoop-ozone/integration-test/target/test-dir/MiniOzoneClusterImpl-a38ca729-82bc-4a96-ad61-c83170bdaaf4/datanode-5/data/ratis] (custom)
2019-10-14 12:33:14,488 [main] INFO  hdfs.DFSUtil (DFSUtil.java:httpServerTemplateForNNAndJN(1641)) - Starting Web-server for hddsDatanode at: http://0.0.0.0:0
2019-10-14 12:33:14,489 [main] INFO  server.AuthenticationFilter (AuthenticationFilter.java:constructSecretProvider(240)) - Unable to initialize FileSignerSecretProvider, falling back to use random secrets.
2019-10-14 12:33:14,489 [main] WARN  http.HttpRequestLog (HttpRequestLog.java:getRequestLog(97)) - Jetty request log can only be enabled using Log4j
2019-10-14 12:33:14,491 [main] INFO  http.HttpServer2 (HttpServer2.java:addGlobalFilter(975)) - Added global filter 'safety' (class=org.apache.hadoop.http.HttpServer2$QuotingInputFilter)
2019-10-14 12:33:14,491 [main] INFO  http.HttpServer2 (HttpServer2.java:addFilter(948)) - Added filter static_user_filter (class=org.apache.hadoop.http.lib.StaticUserWebFilter$StaticUserFilter) to context hddsDatanode
2019-10-14 12:33:14,492 [main] INFO  http.HttpServer2 (HttpServer2.java:addFilter(958)) - Added filter static_user_filter (class=org.apache.hadoop.http.lib.StaticUserWebFilter$StaticUserFilter) to context static
2019-10-14 12:33:14,492 [main] INFO  http.HttpServer2 (HttpServer2.java:addFilter(958)) - Added filter static_user_filter (class=org.apache.hadoop.http.lib.StaticUserWebFilter$StaticUserFilter) to context logs
2019-10-14 12:33:14,493 [main] INFO  http.HttpServer2 (HttpServer2.java:bindListener(1191)) - Jetty bound to port 44741
2019-10-14 12:33:14,493 [main] INFO  server.Server (Server.java:doStart(351)) - jetty-9.3.25.v20180904, build timestamp: 2018-09-04T21:11:46Z, git hash: 3ce520221d0240229c862b122d2b06c12a625732
2019-10-14 12:33:14,495 [main] INFO  handler.ContextHandler (ContextHandler.java:doStart(781)) - Started o.e.j.s.ServletContextHandler@26586b74{/logs,file:///workdir/hadoop-ozone/integration-test/target/log,AVAILABLE}
2019-10-14 12:33:14,495 [main] INFO  handler.ContextHandler (ContextHandler.java:doStart(781)) - Started o.e.j.s.ServletContextHandler@6e041285{/static,jar:file:/home/user/.m2/repository/org/apache/hadoop/hadoop-hdds-container-service/0.5.0-SNAPSHOT/hadoop-hdds-container-service-0.5.0-SNAPSHOT.jar!/webapps/static,AVAILABLE}
2019-10-14 12:33:14,526 [main] INFO  handler.ContextHandler (ContextHandler.java:doStart(781)) - Started o.e.j.w.WebAppContext@7afc4db9{/,file:///tmp/jetty-0.0.0.0-44741-hddsDatanode-_-any-968677986261442753.dir/webapp/,AVAILABLE}{/hddsDatanode}
2019-10-14 12:33:14,527 [main] INFO  server.AbstractConnector (AbstractConnector.java:doStart(278)) - Started ServerConnector@1a1f5f71{HTTP/1.1,[http/1.1]}{0.0.0.0:44741}
2019-10-14 12:33:14,528 [main] INFO  server.Server (Server.java:doStart(419)) - Started @5831ms
2019-10-14 12:33:14,528 [main] WARN  impl.MetricsSystemImpl (MetricsSystemImpl.java:register(276)) - Sink prometheus already exists!
2019-10-14 12:33:14,529 [main] INFO  server.BaseHttpServer (BaseHttpServer.java:updateConnectorAddress(215)) - HTTP server of HDDSDATANODE is listening at http://0.0.0.0:44741
2019-10-14 12:33:14,529 [main] INFO  impl.MetricsSystemImpl (MetricsSystemImpl.java:init(158)) - HddsDatanode metrics system started (again)
2019-10-14 12:33:14,533 [main] INFO  ozone.HddsDatanodeService (HddsDatanodeService.java:start(184)) - HddsDatanodeService host:pr-hdds-2299-hlwdq-549545603 ip:192.168.151.107
2019-10-14 12:33:14,533 [org.apache.hadoop.util.JvmPauseMonitor$Monitor@6575c7b3] INFO  util.JvmPauseMonitor (JvmPauseMonitor.java:run(188)) - Starting JVM pause monitor
2019-10-14 12:33:14,537 [Datanode State Machine Thread - 0] INFO  datanode.InitDatanodeState (InitDatanodeState.java:persistContainerDatanodeDetails(140)) - DatanodeDetails is persisted to /workdir/hadoop-ozone/integration-test/target/test-dir/MiniOzoneClusterImpl-a38ca729-82bc-4a96-ad61-c83170bdaaf4/datanode-5/meta/datanode.id
2019-10-14 12:33:14,543 [main] INFO  volume.HddsVolume (HddsVolume.java:<init>(176)) - Creating Volume: /workdir/hadoop-ozone/integration-test/target/test-dir/MiniOzoneClusterImpl-a38ca729-82bc-4a96-ad61-c83170bdaaf4/datanode-6/data/containers/hdds of  storage type : DISK and capacity : 1482555576320
2019-10-14 12:33:14,543 [main] INFO  volume.VolumeSet (VolumeSet.java:initializeVolumeSet(170)) - Added Volume : /workdir/hadoop-ozone/integration-test/target/test-dir/MiniOzoneClusterImpl-a38ca729-82bc-4a96-ad61-c83170bdaaf4/datanode-6/data/containers/hdds to VolumeSet
2019-10-14 12:33:14,543 [main] INFO  volume.ThrottledAsyncChecker (ThrottledAsyncChecker.java:schedule(141)) - Scheduling a check for org.apache.hadoop.ozone.container.common.volume.HddsVolume@34780cd9
2019-10-14 12:33:14,544 [main] INFO  volume.HddsVolumeChecker (HddsVolumeChecker.java:checkAllVolumes(204)) - Scheduled health check for volume org.apache.hadoop.ozone.container.common.volume.HddsVolume@34780cd9
2019-10-14 12:33:14,559 [main] INFO  impl.RaftServerProxy (ConfUtils.java:logGet(43)) - raft.rpc.type = GRPC (default)
2019-10-14 12:33:14,559 [main] INFO  grpc.GrpcFactory (GrpcFactory.java:checkPooledByteBufAllocatorUseCacheForAllThreads(45)) - PERFORMANCE WARNING: useCacheForAllThreads is true that may cause Netty to create a lot garbage objects and, as a result, trigger GC.
	It is recommended to disable useCacheForAllThreads by setting -Dorg.apache.ratis.thirdparty.io.netty.allocator.useCacheForAllThreads=false in command line.
2019-10-14 12:33:14,560 [main] INFO  grpc.GrpcConfigKeys$Server (ConfUtils.java:logGet(43)) - raft.grpc.server.port = 0 (default)
2019-10-14 12:33:14,560 [main] INFO  server.GrpcService (ConfUtils.java:logGet(43)) - raft.grpc.message.size.max = 33570816 (custom)
2019-10-14 12:33:14,560 [main] INFO  server.RaftServerConfigKeys (ConfUtils.java:logGet(43)) - raft.server.log.appender.buffer.byte-limit = 33554432 (custom)
2019-10-14 12:33:14,560 [main] INFO  server.GrpcService (ConfUtils.java:logGet(43)) - raft.grpc.flow.control.window = 1MB (=1048576) (default)
2019-10-14 12:33:14,561 [main] INFO  server.RaftServerConfigKeys (ConfUtils.java:logGet(43)) - raft.server.rpc.request.timeout = 3000ms (default)
2019-10-14 12:33:14,561 [main] INFO  server.RaftServerConfigKeys (ConfUtils.java:logGet(43)) - raft.server.storage.dir = [/workdir/hadoop-ozone/integration-test/target/test-dir/MiniOzoneClusterImpl-a38ca729-82bc-4a96-ad61-c83170bdaaf4/datanode-6/data/ratis] (custom)
2019-10-14 12:33:14,563 [main] INFO  hdfs.DFSUtil (DFSUtil.java:httpServerTemplateForNNAndJN(1641)) - Starting Web-server for hddsDatanode at: http://0.0.0.0:0
2019-10-14 12:33:14,564 [main] INFO  server.AuthenticationFilter (AuthenticationFilter.java:constructSecretProvider(240)) - Unable to initialize FileSignerSecretProvider, falling back to use random secrets.
2019-10-14 12:33:14,565 [main] WARN  http.HttpRequestLog (HttpRequestLog.java:getRequestLog(97)) - Jetty request log can only be enabled using Log4j
2019-10-14 12:33:14,566 [main] INFO  http.HttpServer2 (HttpServer2.java:addGlobalFilter(975)) - Added global filter 'safety' (class=org.apache.hadoop.http.HttpServer2$QuotingInputFilter)
2019-10-14 12:33:14,567 [main] INFO  http.HttpServer2 (HttpServer2.java:addFilter(948)) - Added filter static_user_filter (class=org.apache.hadoop.http.lib.StaticUserWebFilter$StaticUserFilter) to context hddsDatanode
2019-10-14 12:33:14,567 [main] INFO  http.HttpServer2 (HttpServer2.java:addFilter(958)) - Added filter static_user_filter (class=org.apache.hadoop.http.lib.StaticUserWebFilter$StaticUserFilter) to context logs
2019-10-14 12:33:14,567 [main] INFO  http.HttpServer2 (HttpServer2.java:addFilter(958)) - Added filter static_user_filter (class=org.apache.hadoop.http.lib.StaticUserWebFilter$StaticUserFilter) to context static
2019-10-14 12:33:14,568 [main] INFO  http.HttpServer2 (HttpServer2.java:bindListener(1191)) - Jetty bound to port 42106
2019-10-14 12:33:14,568 [main] INFO  server.Server (Server.java:doStart(351)) - jetty-9.3.25.v20180904, build timestamp: 2018-09-04T21:11:46Z, git hash: 3ce520221d0240229c862b122d2b06c12a625732
2019-10-14 12:33:14,570 [main] INFO  handler.ContextHandler (ContextHandler.java:doStart(781)) - Started o.e.j.s.ServletContextHandler@4adc663e{/logs,file:///workdir/hadoop-ozone/integration-test/target/log,AVAILABLE}
2019-10-14 12:33:14,571 [main] INFO  handler.ContextHandler (ContextHandler.java:doStart(781)) - Started o.e.j.s.ServletContextHandler@8bd86c8{/static,jar:file:/home/user/.m2/repository/org/apache/hadoop/hadoop-hdds-container-service/0.5.0-SNAPSHOT/hadoop-hdds-container-service-0.5.0-SNAPSHOT.jar!/webapps/static,AVAILABLE}
2019-10-14 12:33:14,599 [main] INFO  handler.ContextHandler (ContextHandler.java:doStart(781)) - Started o.e.j.w.WebAppContext@489091bd{/,file:///tmp/jetty-0.0.0.0-42106-hddsDatanode-_-any-6725738306506608479.dir/webapp/,AVAILABLE}{/hddsDatanode}
2019-10-14 12:33:14,599 [main] INFO  server.AbstractConnector (AbstractConnector.java:doStart(278)) - Started ServerConnector@512d6e60{HTTP/1.1,[http/1.1]}{0.0.0.0:42106}
2019-10-14 12:33:14,601 [main] INFO  server.Server (Server.java:doStart(419)) - Started @5904ms
2019-10-14 12:33:14,601 [main] WARN  impl.MetricsSystemImpl (MetricsSystemImpl.java:register(276)) - Sink prometheus already exists!
2019-10-14 12:33:14,601 [main] INFO  server.BaseHttpServer (BaseHttpServer.java:updateConnectorAddress(215)) - HTTP server of HDDSDATANODE is listening at http://0.0.0.0:42106
2019-10-14 12:33:14,604 [main] INFO  ozone.MiniOzoneClusterImpl (MiniOzoneClusterImpl.java:lambda$waitForClusterToBeReady$0(147)) - Waiting for cluster to be ready. Got 0 of 7 DN Heartbeats.
2019-10-14 12:33:14,605 [org.apache.hadoop.util.JvmPauseMonitor$Monitor@75a383fc] INFO  util.JvmPauseMonitor (JvmPauseMonitor.java:run(188)) - Starting JVM pause monitor
2019-10-14 12:33:14,609 [Datanode State Machine Thread - 0] INFO  datanode.InitDatanodeState (InitDatanodeState.java:persistContainerDatanodeDetails(140)) - DatanodeDetails is persisted to /workdir/hadoop-ozone/integration-test/target/test-dir/MiniOzoneClusterImpl-a38ca729-82bc-4a96-ad61-c83170bdaaf4/datanode-6/meta/datanode.id
2019-10-14 12:33:15,605 [main] INFO  ozone.MiniOzoneClusterImpl (MiniOzoneClusterImpl.java:lambda$waitForClusterToBeReady$0(147)) - Waiting for cluster to be ready. Got 0 of 7 DN Heartbeats.
2019-10-14 12:33:16,252 [Datanode State Machine Thread - 0] INFO  ozoneimpl.OzoneContainer (OzoneContainer.java:start(213)) - Attempting to start container services.
2019-10-14 12:33:16,252 [Datanode State Machine Thread - 0] INFO  ozoneimpl.OzoneContainer (OzoneContainer.java:start(213)) - Attempting to start container services.
2019-10-14 12:33:16,257 [Datanode State Machine Thread - 0] INFO  ozoneimpl.OzoneContainer (OzoneContainer.java:startContainerScrub(177)) - Background container scanner has been disabled.
2019-10-14 12:33:16,257 [Datanode State Machine Thread - 0] INFO  ozoneimpl.OzoneContainer (OzoneContainer.java:startContainerScrub(177)) - Background container scanner has been disabled.
2019-10-14 12:33:16,257 [Datanode State Machine Thread - 0] INFO  ratis.XceiverServerRatis (XceiverServerRatis.java:start(418)) - Starting XceiverServerRatis ccec05d6-37cf-4225-92b7-016730b7282e at port 0
2019-10-14 12:33:16,258 [Datanode State Machine Thread - 0] INFO  ratis.XceiverServerRatis (XceiverServerRatis.java:start(418)) - Starting XceiverServerRatis 3fa750ff-58d9-4caf-ad70-bb254302d29f at port 0
2019-10-14 12:33:16,289 [Datanode State Machine Thread - 0] INFO  impl.RaftServerProxy (RaftServerProxy.java:lambda$start$3(299)) - 3fa750ff-58d9-4caf-ad70-bb254302d29f: start RPC server
2019-10-14 12:33:16,289 [Datanode State Machine Thread - 0] INFO  impl.RaftServerProxy (RaftServerProxy.java:lambda$start$3(299)) - ccec05d6-37cf-4225-92b7-016730b7282e: start RPC server
2019-10-14 12:33:16,312 [Datanode State Machine Thread - 0] INFO  ozoneimpl.OzoneContainer (OzoneContainer.java:start(213)) - Attempting to start container services.
2019-10-14 12:33:16,326 [Datanode State Machine Thread - 0] INFO  ozoneimpl.OzoneContainer (OzoneContainer.java:startContainerScrub(177)) - Background container scanner has been disabled.
2019-10-14 12:33:16,326 [Datanode State Machine Thread - 0] INFO  ratis.XceiverServerRatis (XceiverServerRatis.java:start(418)) - Starting XceiverServerRatis 1116cddf-e608-4505-a753-1c7fed89648c at port 0
2019-10-14 12:33:16,341 [Datanode State Machine Thread - 0] INFO  impl.RaftServerProxy (RaftServerProxy.java:lambda$start$3(299)) - 1116cddf-e608-4505-a753-1c7fed89648c: start RPC server
2019-10-14 12:33:16,392 [Datanode State Machine Thread - 0] INFO  ozoneimpl.OzoneContainer (OzoneContainer.java:start(213)) - Attempting to start container services.
2019-10-14 12:33:16,392 [Datanode State Machine Thread - 0] INFO  ozoneimpl.OzoneContainer (OzoneContainer.java:startContainerScrub(177)) - Background container scanner has been disabled.
2019-10-14 12:33:16,392 [Datanode State Machine Thread - 0] INFO  ratis.XceiverServerRatis (XceiverServerRatis.java:start(418)) - Starting XceiverServerRatis 0e49daa5-0cf4-42c8-a9a2-945b19550869 at port 0
2019-10-14 12:33:16,407 [Datanode State Machine Thread - 0] INFO  impl.RaftServerProxy (RaftServerProxy.java:lambda$start$3(299)) - 0e49daa5-0cf4-42c8-a9a2-945b19550869: start RPC server
2019-10-14 12:33:16,474 [Datanode State Machine Thread - 0] INFO  ozoneimpl.OzoneContainer (OzoneContainer.java:start(213)) - Attempting to start container services.
2019-10-14 12:33:16,474 [Datanode State Machine Thread - 0] INFO  ozoneimpl.OzoneContainer (OzoneContainer.java:startContainerScrub(177)) - Background container scanner has been disabled.
2019-10-14 12:33:16,474 [Datanode State Machine Thread - 0] INFO  ratis.XceiverServerRatis (XceiverServerRatis.java:start(418)) - Starting XceiverServerRatis f32c6c94-b69c-4748-9195-84d8cc72c9b5 at port 0
2019-10-14 12:33:16,493 [Datanode State Machine Thread - 0] INFO  impl.RaftServerProxy (RaftServerProxy.java:lambda$start$3(299)) - f32c6c94-b69c-4748-9195-84d8cc72c9b5: start RPC server
2019-10-14 12:33:16,505 [Datanode State Machine Thread - 0] INFO  server.GrpcService (GrpcService.java:startImpl(158)) - ccec05d6-37cf-4225-92b7-016730b7282e: GrpcService started, listening on 0.0.0.0/0.0.0.0:38848
2019-10-14 12:33:16,505 [Datanode State Machine Thread - 0] INFO  server.GrpcService (GrpcService.java:startImpl(158)) - 3fa750ff-58d9-4caf-ad70-bb254302d29f: GrpcService started, listening on 0.0.0.0/0.0.0.0:42856
2019-10-14 12:33:16,506 [Datanode State Machine Thread - 0] INFO  ratis.XceiverServerRatis (XceiverServerRatis.java:start(428)) - XceiverServerRatis ccec05d6-37cf-4225-92b7-016730b7282e is started using port 38848
2019-10-14 12:33:16,505 [Datanode State Machine Thread - 0] INFO  server.GrpcService (GrpcService.java:startImpl(158)) - 1116cddf-e608-4505-a753-1c7fed89648c: GrpcService started, listening on 0.0.0.0/0.0.0.0:41101
2019-10-14 12:33:16,505 [Datanode State Machine Thread - 0] INFO  server.GrpcService (GrpcService.java:startImpl(158)) - 0e49daa5-0cf4-42c8-a9a2-945b19550869: GrpcService started, listening on 0.0.0.0/0.0.0.0:37106
2019-10-14 12:33:16,505 [Datanode State Machine Thread - 0] INFO  server.GrpcService (GrpcService.java:startImpl(158)) - f32c6c94-b69c-4748-9195-84d8cc72c9b5: GrpcService started, listening on 0.0.0.0/0.0.0.0:46633
2019-10-14 12:33:16,507 [Datanode State Machine Thread - 0] INFO  ratis.XceiverServerRatis (XceiverServerRatis.java:start(428)) - XceiverServerRatis 0e49daa5-0cf4-42c8-a9a2-945b19550869 is started using port 37106
2019-10-14 12:33:16,507 [Datanode State Machine Thread - 0] INFO  ratis.XceiverServerRatis (XceiverServerRatis.java:start(428)) - XceiverServerRatis 1116cddf-e608-4505-a753-1c7fed89648c is started using port 41101
2019-10-14 12:33:16,507 [Datanode State Machine Thread - 0] INFO  ratis.XceiverServerRatis (XceiverServerRatis.java:start(428)) - XceiverServerRatis 3fa750ff-58d9-4caf-ad70-bb254302d29f is started using port 42856
2019-10-14 12:33:16,508 [Datanode State Machine Thread - 0] INFO  ratis.XceiverServerRatis (XceiverServerRatis.java:start(428)) - XceiverServerRatis f32c6c94-b69c-4748-9195-84d8cc72c9b5 is started using port 46633
2019-10-14 12:33:16,516 [Datanode State Machine Thread - 0] INFO  server.XceiverServerGrpc (XceiverServerGrpc.java:start(149)) - XceiverServerGrpc 0e49daa5-0cf4-42c8-a9a2-945b19550869 is started using port 36820
2019-10-14 12:33:16,519 [Datanode State Machine Thread - 0] INFO  server.XceiverServerGrpc (XceiverServerGrpc.java:start(149)) - XceiverServerGrpc ccec05d6-37cf-4225-92b7-016730b7282e is started using port 42700
2019-10-14 12:33:16,521 [Datanode State Machine Thread - 0] INFO  server.XceiverServerGrpc (XceiverServerGrpc.java:start(149)) - XceiverServerGrpc 1116cddf-e608-4505-a753-1c7fed89648c is started using port 37578
2019-10-14 12:33:16,521 [Datanode State Machine Thread - 0] INFO  server.XceiverServerGrpc (XceiverServerGrpc.java:start(149)) - XceiverServerGrpc 3fa750ff-58d9-4caf-ad70-bb254302d29f is started using port 45922
2019-10-14 12:33:16,521 [Datanode State Machine Thread - 0] INFO  server.XceiverServerGrpc (XceiverServerGrpc.java:start(149)) - XceiverServerGrpc f32c6c94-b69c-4748-9195-84d8cc72c9b5 is started using port 38029
2019-10-14 12:33:16,550 [Datanode State Machine Thread - 0] INFO  ozoneimpl.OzoneContainer (OzoneContainer.java:start(213)) - Attempting to start container services.
2019-10-14 12:33:16,550 [Datanode State Machine Thread - 0] INFO  ozoneimpl.OzoneContainer (OzoneContainer.java:startContainerScrub(177)) - Background container scanner has been disabled.
2019-10-14 12:33:16,550 [Datanode State Machine Thread - 0] INFO  ratis.XceiverServerRatis (XceiverServerRatis.java:start(418)) - Starting XceiverServerRatis 909aedd7-9b25-44a7-9a58-2145f4886721 at port 0
2019-10-14 12:33:16,556 [Datanode State Machine Thread - 0] INFO  impl.RaftServerProxy (RaftServerProxy.java:lambda$start$3(299)) - 909aedd7-9b25-44a7-9a58-2145f4886721: start RPC server
2019-10-14 12:33:16,559 [Datanode State Machine Thread - 0] INFO  server.GrpcService (GrpcService.java:startImpl(158)) - 909aedd7-9b25-44a7-9a58-2145f4886721: GrpcService started, listening on 0.0.0.0/0.0.0.0:42018
2019-10-14 12:33:16,559 [Datanode State Machine Thread - 0] INFO  ratis.XceiverServerRatis (XceiverServerRatis.java:start(428)) - XceiverServerRatis 909aedd7-9b25-44a7-9a58-2145f4886721 is started using port 42018
2019-10-14 12:33:16,562 [Datanode State Machine Thread - 0] INFO  server.XceiverServerGrpc (XceiverServerGrpc.java:start(149)) - XceiverServerGrpc 909aedd7-9b25-44a7-9a58-2145f4886721 is started using port 46361
2019-10-14 12:33:16,605 [main] INFO  ozone.MiniOzoneClusterImpl (MiniOzoneClusterImpl.java:lambda$waitForClusterToBeReady$0(147)) - Waiting for cluster to be ready. Got 0 of 7 DN Heartbeats.
2019-10-14 12:33:16,622 [Datanode State Machine Thread - 0] INFO  ozoneimpl.OzoneContainer (OzoneContainer.java:start(213)) - Attempting to start container services.
2019-10-14 12:33:16,622 [Datanode State Machine Thread - 0] INFO  ozoneimpl.OzoneContainer (OzoneContainer.java:startContainerScrub(177)) - Background container scanner has been disabled.
2019-10-14 12:33:16,623 [Datanode State Machine Thread - 0] INFO  ratis.XceiverServerRatis (XceiverServerRatis.java:start(418)) - Starting XceiverServerRatis 225004a2-1ca7-4fc4-baaf-46e49c876ee0 at port 0
2019-10-14 12:33:16,629 [Datanode State Machine Thread - 0] INFO  impl.RaftServerProxy (RaftServerProxy.java:lambda$start$3(299)) - 225004a2-1ca7-4fc4-baaf-46e49c876ee0: start RPC server
2019-10-14 12:33:16,634 [Datanode State Machine Thread - 0] INFO  server.GrpcService (GrpcService.java:startImpl(158)) - 225004a2-1ca7-4fc4-baaf-46e49c876ee0: GrpcService started, listening on 0.0.0.0/0.0.0.0:42899
2019-10-14 12:33:16,634 [Datanode State Machine Thread - 0] INFO  ratis.XceiverServerRatis (XceiverServerRatis.java:start(428)) - XceiverServerRatis 225004a2-1ca7-4fc4-baaf-46e49c876ee0 is started using port 42899
2019-10-14 12:33:16,638 [Datanode State Machine Thread - 0] INFO  server.XceiverServerGrpc (XceiverServerGrpc.java:start(149)) - XceiverServerGrpc 225004a2-1ca7-4fc4-baaf-46e49c876ee0 is started using port 44363
2019-10-14 12:33:17,607 [main] INFO  ozone.MiniOzoneClusterImpl (MiniOzoneClusterImpl.java:lambda$waitForClusterToBeReady$0(147)) - Waiting for cluster to be ready. Got 0 of 7 DN Heartbeats.
2019-10-14 12:33:18,198 [IPC Server handler 0 on 36457] INFO  net.NetworkTopology (NetworkTopologyImpl.java:add(111)) - Added a new node: /default-rack/ccec05d6-37cf-4225-92b7-016730b7282e
2019-10-14 12:33:18,198 [IPC Server handler 0 on 36457] INFO  node.SCMNodeManager (SCMNodeManager.java:register(268)) - Registered Data node : ccec05d6-37cf-4225-92b7-016730b7282e{ip: 192.168.151.107, host: pr-hdds-2299-hlwdq-549545603, networkLocation: /default-rack, certSerialId: null}
2019-10-14 12:33:18,203 [EventQueue-NodeRegistrationContainerReportForDataNodeSafeModeRule] INFO  safemode.SCMSafeModeManager (DataNodeSafeModeRule.java:process(71)) - SCM in safe mode. 1 DataNodes registered, 1 required.
2019-10-14 12:33:18,203 [EventQueue-NodeRegistrationContainerReportForDataNodeSafeModeRule] INFO  safemode.SCMSafeModeManager (SCMSafeModeManager.java:validateSafeModeExitRules(177)) - ScmSafeModeManager, all rules are successfully validated
2019-10-14 12:33:18,203 [EventQueue-NodeRegistrationContainerReportForDataNodeSafeModeRule] INFO  safemode.SCMSafeModeManager (SCMSafeModeManager.java:exitSafeMode(193)) - SCM exiting safe mode.
2019-10-14 12:33:18,224 [IPC Server handler 3 on 36457] INFO  net.NetworkTopology (NetworkTopologyImpl.java:add(111)) - Added a new node: /default-rack/3fa750ff-58d9-4caf-ad70-bb254302d29f
2019-10-14 12:33:18,225 [IPC Server handler 3 on 36457] INFO  node.SCMNodeManager (SCMNodeManager.java:register(268)) - Registered Data node : 3fa750ff-58d9-4caf-ad70-bb254302d29f{ip: 192.168.151.107, host: pr-hdds-2299-hlwdq-549545603, networkLocation: /default-rack, certSerialId: null}
2019-10-14 12:33:18,301 [IPC Server handler 2 on 36457] INFO  net.NetworkTopology (NetworkTopologyImpl.java:add(111)) - Added a new node: /default-rack/1116cddf-e608-4505-a753-1c7fed89648c
2019-10-14 12:33:18,301 [IPC Server handler 2 on 36457] INFO  node.SCMNodeManager (SCMNodeManager.java:register(268)) - Registered Data node : 1116cddf-e608-4505-a753-1c7fed89648c{ip: 192.168.151.107, host: pr-hdds-2299-hlwdq-549545603, networkLocation: /default-rack, certSerialId: null}
2019-10-14 12:33:18,379 [IPC Server handler 5 on 36457] INFO  net.NetworkTopology (NetworkTopologyImpl.java:add(111)) - Added a new node: /default-rack/0e49daa5-0cf4-42c8-a9a2-945b19550869
2019-10-14 12:33:18,379 [IPC Server handler 5 on 36457] INFO  node.SCMNodeManager (SCMNodeManager.java:register(268)) - Registered Data node : 0e49daa5-0cf4-42c8-a9a2-945b19550869{ip: 192.168.151.107, host: pr-hdds-2299-hlwdq-549545603, networkLocation: /default-rack, certSerialId: null}
2019-10-14 12:33:18,461 [IPC Server handler 1 on 36457] INFO  net.NetworkTopology (NetworkTopologyImpl.java:add(111)) - Added a new node: /default-rack/f32c6c94-b69c-4748-9195-84d8cc72c9b5
2019-10-14 12:33:18,461 [IPC Server handler 1 on 36457] INFO  node.SCMNodeManager (SCMNodeManager.java:register(268)) - Registered Data node : f32c6c94-b69c-4748-9195-84d8cc72c9b5{ip: 192.168.151.107, host: pr-hdds-2299-hlwdq-549545603, networkLocation: /default-rack, certSerialId: null}
2019-10-14 12:33:18,537 [IPC Server handler 6 on 36457] INFO  net.NetworkTopology (NetworkTopologyImpl.java:add(111)) - Added a new node: /default-rack/909aedd7-9b25-44a7-9a58-2145f4886721
2019-10-14 12:33:18,538 [IPC Server handler 6 on 36457] INFO  node.SCMNodeManager (SCMNodeManager.java:register(268)) - Registered Data node : 909aedd7-9b25-44a7-9a58-2145f4886721{ip: 192.168.151.107, host: pr-hdds-2299-hlwdq-549545603, networkLocation: /default-rack, certSerialId: null}
2019-10-14 12:33:18,608 [main] INFO  ozone.MiniOzoneClusterImpl (MiniOzoneClusterImpl.java:lambda$waitForClusterToBeReady$0(147)) - Waiting for cluster to be ready. Got 6 of 7 DN Heartbeats.
2019-10-14 12:33:18,609 [IPC Server handler 8 on 36457] INFO  net.NetworkTopology (NetworkTopologyImpl.java:add(111)) - Added a new node: /default-rack/225004a2-1ca7-4fc4-baaf-46e49c876ee0
2019-10-14 12:33:18,609 [IPC Server handler 8 on 36457] INFO  node.SCMNodeManager (SCMNodeManager.java:register(268)) - Registered Data node : 225004a2-1ca7-4fc4-baaf-46e49c876ee0{ip: 192.168.151.107, host: pr-hdds-2299-hlwdq-549545603, networkLocation: /default-rack, certSerialId: null}
2019-10-14 12:33:18,760 [grpc-default-executor-0] INFO  impl.RaftServerProxy (RaftServerProxy.java:addNew(89)) - ccec05d6-37cf-4225-92b7-016730b7282e: addNew group-F7123772B4FB:[ccec05d6-37cf-4225-92b7-016730b7282e:192.168.151.107:38848] returns group-F7123772B4FB:java.util.concurrent.CompletableFuture@32349e3d[Not completed]
2019-10-14 12:33:18,774 [pool-27-thread-1] INFO  impl.RaftServerImpl (RaftServerImpl.java:<init>(95)) - ccec05d6-37cf-4225-92b7-016730b7282e: new RaftServerImpl for group-F7123772B4FB:[ccec05d6-37cf-4225-92b7-016730b7282e:192.168.151.107:38848] with ContainerStateMachine:uninitialized
2019-10-14 12:33:18,776 [pool-27-thread-1] INFO  server.RaftServerConfigKeys (ConfUtils.java:logGet(43)) - raft.server.rpc.timeout.min = 5s (custom)
2019-10-14 12:33:18,777 [pool-27-thread-1] INFO  server.RaftServerConfigKeys (ConfUtils.java:logGet(43)) - raft.server.rpc.timeout.max = 5200ms (custom)
2019-10-14 12:33:18,778 [pool-27-thread-1] INFO  server.RaftServerConfigKeys (ConfUtils.java:logGet(43)) - raft.server.rpcslowness.timeout = 120s (custom)
2019-10-14 12:33:18,778 [pool-27-thread-1] INFO  server.RaftServerConfigKeys (ConfUtils.java:logGet(43)) - raft.server.sleep.deviation.threshold = 300 (default)
2019-10-14 12:33:18,779 [pool-27-thread-1] INFO  server.RaftServerConfigKeys (ConfUtils.java:logGet(43)) - raft.server.log.appender.install.snapshot.enabled = false (custom)
2019-10-14 12:33:18,788 [pool-27-thread-1] INFO  impl.RaftServerImpl (ServerState.java:<init>(103)) - ccec05d6-37cf-4225-92b7-016730b7282e@group-F7123772B4FB: ConfigurationManager, init=-1: [ccec05d6-37cf-4225-92b7-016730b7282e:192.168.151.107:38848], old=null, confs=<EMPTY_MAP>
2019-10-14 12:33:18,788 [pool-27-thread-1] INFO  server.RaftServerConfigKeys (ConfUtils.java:logGet(43)) - raft.server.storage.dir = [/workdir/hadoop-ozone/integration-test/target/test-dir/MiniOzoneClusterImpl-a38ca729-82bc-4a96-ad61-c83170bdaaf4/datanode-0/data/ratis] (custom)
2019-10-14 12:33:18,795 [pool-27-thread-1] INFO  server.RaftServerConfigKeys (ConfUtils.java:logGet(43)) - raft.server.log.corruption.policy = EXCEPTION (default)
2019-10-14 12:33:18,797 [pool-27-thread-1] INFO  storage.RaftStorageDirectory (RaftStorageDirectory.java:analyzeStorage(246)) - The storage directory /workdir/hadoop-ozone/integration-test/target/test-dir/MiniOzoneClusterImpl-a38ca729-82bc-4a96-ad61-c83170bdaaf4/datanode-0/data/ratis/54d031ae-46f8-4788-bd02-f7123772b4fb does not exist. Creating ...
2019-10-14 12:33:18,814 [pool-27-thread-1] INFO  storage.RaftStorageDirectory (RaftStorageDirectory.java:tryLock(328)) - Lock on /workdir/hadoop-ozone/integration-test/target/test-dir/MiniOzoneClusterImpl-a38ca729-82bc-4a96-ad61-c83170bdaaf4/datanode-0/data/ratis/54d031ae-46f8-4788-bd02-f7123772b4fb/in_use.lock acquired by nodename 22874@pr-hdds-2299-hlwdq-549545603
2019-10-14 12:33:18,831 [pool-27-thread-1] INFO  storage.RaftStorage (RaftStorage.java:format(84)) - Storage directory /workdir/hadoop-ozone/integration-test/target/test-dir/MiniOzoneClusterImpl-a38ca729-82bc-4a96-ad61-c83170bdaaf4/datanode-0/data/ratis/54d031ae-46f8-4788-bd02-f7123772b4fb has been successfully formatted.
2019-10-14 12:33:18,834 [pool-27-thread-1] INFO  ratis.ContainerStateMachine (ContainerStateMachine.java:loadSnapshot(231)) - group-F7123772B4FB: The snapshot info is null. Setting the last applied indexto:(t:0, i:~)
2019-10-14 12:33:18,834 [pool-27-thread-1] INFO  server.RaftServerConfigKeys (ConfUtils.java:logGet(43)) - raft.server.notification.no-leader.timeout = 120s (custom)
2019-10-14 12:33:18,837 [pool-27-thread-1] INFO  server.RaftServerConfigKeys (ConfUtils.java:logGet(43)) - raft.server.log.use.memory = false (default)
2019-10-14 12:33:18,845 [pool-27-thread-1] INFO  server.RaftServerConfigKeys (ConfUtils.java:logGet(43)) - raft.server.log.purge.gap = 1000000 (custom)
2019-10-14 12:33:18,845 [pool-27-thread-1] INFO  server.RaftServerConfigKeys (ConfUtils.java:logGet(43)) - raft.server.log.appender.buffer.byte-limit = 33554432 (custom)
2019-10-14 12:33:18,848 [pool-27-thread-1] INFO  server.RaftServerConfigKeys (ConfUtils.java:logGet(43)) - raft.server.log.segment.size.max = 1048576 (custom)
2019-10-14 12:33:18,851 [pool-27-thread-1] INFO  impl.MetricsSystemImpl (MetricsSystemImpl.java:init(158)) - ratis metrics system started (again)
2019-10-14 12:33:18,856 [pool-27-thread-1] INFO  metrics.MetricRegistries (MetricRegistriesLoader.java:load(64)) - Loaded MetricRegistries class org.apache.ratis.metrics.impl.MetricRegistriesImpl
2019-10-14 12:33:18,902 [pool-27-thread-1] INFO  server.RaftServerConfigKeys (ConfUtils.java:logGet(43)) - raft.server.log.segment.cache.num.max = 2 (custom)
2019-10-14 12:33:18,908 [pool-27-thread-1] INFO  segmented.SegmentedRaftLogWorker (SegmentedRaftLogWorker.java:<init>(173)) - new ccec05d6-37cf-4225-92b7-016730b7282e@group-F7123772B4FB-SegmentedRaftLogWorker for RaftStorage:Storage Directory /workdir/hadoop-ozone/integration-test/target/test-dir/MiniOzoneClusterImpl-a38ca729-82bc-4a96-ad61-c83170bdaaf4/datanode-0/data/ratis/54d031ae-46f8-4788-bd02-f7123772b4fb
2019-10-14 12:33:18,908 [pool-27-thread-1] INFO  server.RaftServerConfigKeys (ConfUtils.java:logGet(43)) - raft.server.log.queue.byte-limit = 2147483647 (custom)
2019-10-14 12:33:18,909 [pool-27-thread-1] INFO  server.RaftServerConfigKeys (ConfUtils.java:logGet(43)) - raft.server.log.queue.element-limit = 1024 (custom)
2019-10-14 12:33:18,910 [pool-27-thread-1] INFO  server.RaftServerConfigKeys (ConfUtils.java:logGet(43)) - raft.server.log.segment.size.max = 1048576 (custom)
2019-10-14 12:33:18,910 [pool-27-thread-1] INFO  server.RaftServerConfigKeys (ConfUtils.java:logGet(43)) - raft.server.log.preallocated.size = 16384 (custom)
2019-10-14 12:33:18,911 [pool-27-thread-1] INFO  server.RaftServerConfigKeys (ConfUtils.java:logGet(43)) - raft.server.log.write.buffer.size = 33554432 (custom)
2019-10-14 12:33:18,911 [pool-27-thread-1] INFO  server.RaftServerConfigKeys (ConfUtils.java:logGet(43)) - raft.server.log.force.sync.num = 128 (default)
2019-10-14 12:33:18,912 [pool-27-thread-1] INFO  server.RaftServerConfigKeys (ConfUtils.java:logGet(43)) - raft.server.log.statemachine.data.sync = true (default)
2019-10-14 12:33:18,912 [pool-27-thread-1] INFO  server.RaftServerConfigKeys (ConfUtils.java:logGet(43)) - raft.server.log.statemachine.data.sync.timeout = 10s (default)
2019-10-14 12:33:18,913 [pool-27-thread-1] INFO  server.RaftServerConfigKeys (ConfUtils.java:logGet(43)) - raft.server.log.statemachine.data.sync.timeout.retry = -1 (default)
2019-10-14 12:33:18,924 [pool-27-thread-1] INFO  server.RaftServerConfigKeys (ConfUtils.java:logGet(43)) - raft.server.log.statemachine.data.caching.enabled = true (custom)
2019-10-14 12:33:18,929 [pool-27-thread-1] INFO  segmented.SegmentedRaftLogWorker (SegmentedRaftLogWorker.java:lambda$new$0(128)) - ccec05d6-37cf-4225-92b7-016730b7282e@group-F7123772B4FB-SegmentedRaftLogWorker: flushIndex: setUnconditionally 0 -> -1
2019-10-14 12:33:18,933 [pool-27-thread-1] INFO  server.RaftServerConfigKeys (ConfUtils.java:logGet(43)) - raft.server.snapshot.auto.trigger.enabled = true (custom)
2019-10-14 12:33:18,934 [pool-27-thread-1] INFO  server.RaftServerConfigKeys (ConfUtils.java:logGet(43)) - raft.server.snapshot.auto.trigger.threshold = 10000 (custom)
2019-10-14 12:33:18,934 [pool-27-thread-1] INFO  server.RaftServerConfigKeys (ConfUtils.java:logGet(43)) - raft.server.snapshot.retention.file.num = 5 (custom)
2019-10-14 12:33:18,935 [pool-27-thread-1] INFO  server.RaftServerConfigKeys (ConfUtils.java:logGet(43)) - raft.server.retrycache.expirytime = 600000ms (custom)
2019-10-14 12:33:18,961 [pool-27-thread-1] INFO  impl.RaftServerImpl (RaftServerImpl.java:start(181)) - ccec05d6-37cf-4225-92b7-016730b7282e@group-F7123772B4FB: start as a follower, conf=-1: [ccec05d6-37cf-4225-92b7-016730b7282e:192.168.151.107:38848], old=null
2019-10-14 12:33:18,962 [pool-27-thread-1] INFO  impl.RaftServerImpl (RaftServerImpl.java:setRole(170)) - ccec05d6-37cf-4225-92b7-016730b7282e@group-F7123772B4FB: changes role from      null to FOLLOWER at term 0 for startAsFollower
2019-10-14 12:33:18,963 [pool-27-thread-1] INFO  impl.RoleInfo (RoleInfo.java:updateAndGet(143)) - ccec05d6-37cf-4225-92b7-016730b7282e: start FollowerState
2019-10-14 12:33:18,965 [pool-27-thread-1] INFO  util.JmxRegister (JmxRegister.java:tryRegister(44)) - Successfully registered JMX Bean with object name Ratis:service=RaftServer,group=group-F7123772B4FB,id=ccec05d6-37cf-4225-92b7-016730b7282e
2019-10-14 12:33:19,054 [RatisPipelineUtilsThread] INFO  pipeline.PipelineStateManager (PipelineStateManager.java:addPipeline(56)) - Created pipeline Pipeline[ Id: 54d031ae-46f8-4788-bd02-f7123772b4fb, Nodes: ccec05d6-37cf-4225-92b7-016730b7282e{ip: 192.168.151.107, host: pr-hdds-2299-hlwdq-549545603, networkLocation: /default-rack, certSerialId: null}, Type:RATIS, Factor:ONE, State:OPEN]
2019-10-14 12:33:19,090 [grpc-default-executor-0] INFO  impl.RaftServerProxy (RaftServerProxy.java:addNew(89)) - 0e49daa5-0cf4-42c8-a9a2-945b19550869: addNew group-C52CE0FFB3B6:[0e49daa5-0cf4-42c8-a9a2-945b19550869:192.168.151.107:37106] returns group-C52CE0FFB3B6:java.util.concurrent.CompletableFuture@366090b6[Not completed]
2019-10-14 12:33:19,151 [pool-57-thread-1] INFO  impl.RaftServerImpl (RaftServerImpl.java:<init>(95)) - 0e49daa5-0cf4-42c8-a9a2-945b19550869: new RaftServerImpl for group-C52CE0FFB3B6:[0e49daa5-0cf4-42c8-a9a2-945b19550869:192.168.151.107:37106] with ContainerStateMachine:uninitialized
2019-10-14 12:33:19,153 [pool-57-thread-1] INFO  server.RaftServerConfigKeys (ConfUtils.java:logGet(43)) - raft.server.rpc.timeout.min = 5s (custom)
2019-10-14 12:33:19,153 [pool-57-thread-1] INFO  server.RaftServerConfigKeys (ConfUtils.java:logGet(43)) - raft.server.rpc.timeout.max = 5200ms (custom)
2019-10-14 12:33:19,153 [pool-57-thread-1] INFO  server.RaftServerConfigKeys (ConfUtils.java:logGet(43)) - raft.server.rpcslowness.timeout = 120s (custom)
2019-10-14 12:33:19,154 [pool-57-thread-1] INFO  server.RaftServerConfigKeys (ConfUtils.java:logGet(43)) - raft.server.sleep.deviation.threshold = 300 (default)
2019-10-14 12:33:19,154 [pool-57-thread-1] INFO  server.RaftServerConfigKeys (ConfUtils.java:logGet(43)) - raft.server.log.appender.install.snapshot.enabled = false (custom)
2019-10-14 12:33:19,154 [pool-57-thread-1] INFO  impl.RaftServerImpl (ServerState.java:<init>(103)) - 0e49daa5-0cf4-42c8-a9a2-945b19550869@group-C52CE0FFB3B6: ConfigurationManager, init=-1: [0e49daa5-0cf4-42c8-a9a2-945b19550869:192.168.151.107:37106], old=null, confs=<EMPTY_MAP>
2019-10-14 12:33:19,154 [pool-57-thread-1] INFO  server.RaftServerConfigKeys (ConfUtils.java:logGet(43)) - raft.server.storage.dir = [/workdir/hadoop-ozone/integration-test/target/test-dir/MiniOzoneClusterImpl-a38ca729-82bc-4a96-ad61-c83170bdaaf4/datanode-3/data/ratis] (custom)
2019-10-14 12:33:19,155 [pool-57-thread-1] INFO  server.RaftServerConfigKeys (ConfUtils.java:logGet(43)) - raft.server.log.corruption.policy = EXCEPTION (default)
2019-10-14 12:33:19,155 [pool-57-thread-1] INFO  storage.RaftStorageDirectory (RaftStorageDirectory.java:analyzeStorage(246)) - The storage directory /workdir/hadoop-ozone/integration-test/target/test-dir/MiniOzoneClusterImpl-a38ca729-82bc-4a96-ad61-c83170bdaaf4/datanode-3/data/ratis/6814d195-4721-4193-9b07-c52ce0ffb3b6 does not exist. Creating ...
2019-10-14 12:33:19,170 [pool-57-thread-1] INFO  storage.RaftStorageDirectory (RaftStorageDirectory.java:tryLock(328)) - Lock on /workdir/hadoop-ozone/integration-test/target/test-dir/MiniOzoneClusterImpl-a38ca729-82bc-4a96-ad61-c83170bdaaf4/datanode-3/data/ratis/6814d195-4721-4193-9b07-c52ce0ffb3b6/in_use.lock acquired by nodename 22874@pr-hdds-2299-hlwdq-549545603
2019-10-14 12:33:19,190 [pool-57-thread-1] INFO  storage.RaftStorage (RaftStorage.java:format(84)) - Storage directory /workdir/hadoop-ozone/integration-test/target/test-dir/MiniOzoneClusterImpl-a38ca729-82bc-4a96-ad61-c83170bdaaf4/datanode-3/data/ratis/6814d195-4721-4193-9b07-c52ce0ffb3b6 has been successfully formatted.
2019-10-14 12:33:19,192 [pool-57-thread-1] INFO  ratis.ContainerStateMachine (ContainerStateMachine.java:loadSnapshot(231)) - group-C52CE0FFB3B6: The snapshot info is null. Setting the last applied indexto:(t:0, i:~)
2019-10-14 12:33:19,194 [pool-57-thread-1] INFO  server.RaftServerConfigKeys (ConfUtils.java:logGet(43)) - raft.server.notification.no-leader.timeout = 120s (custom)
2019-10-14 12:33:19,194 [pool-57-thread-1] INFO  server.RaftServerConfigKeys (ConfUtils.java:logGet(43)) - raft.server.log.use.memory = false (default)
2019-10-14 12:33:19,194 [pool-57-thread-1] INFO  server.RaftServerConfigKeys (ConfUtils.java:logGet(43)) - raft.server.log.purge.gap = 1000000 (custom)
2019-10-14 12:33:19,194 [pool-57-thread-1] INFO  server.RaftServerConfigKeys (ConfUtils.java:logGet(43)) - raft.server.log.appender.buffer.byte-limit = 33554432 (custom)
2019-10-14 12:33:19,195 [pool-57-thread-1] INFO  server.RaftServerConfigKeys (ConfUtils.java:logGet(43)) - raft.server.log.segment.size.max = 1048576 (custom)
2019-10-14 12:33:19,200 [pool-57-thread-1] INFO  server.RaftServerConfigKeys (ConfUtils.java:logGet(43)) - raft.server.log.segment.cache.num.max = 2 (custom)
2019-10-14 12:33:19,201 [pool-57-thread-1] INFO  segmented.SegmentedRaftLogWorker (SegmentedRaftLogWorker.java:<init>(173)) - new 0e49daa5-0cf4-42c8-a9a2-945b19550869@group-C52CE0FFB3B6-SegmentedRaftLogWorker for RaftStorage:Storage Directory /workdir/hadoop-ozone/integration-test/target/test-dir/MiniOzoneClusterImpl-a38ca729-82bc-4a96-ad61-c83170bdaaf4/datanode-3/data/ratis/6814d195-4721-4193-9b07-c52ce0ffb3b6
2019-10-14 12:33:19,203 [pool-57-thread-1] INFO  server.RaftServerConfigKeys (ConfUtils.java:logGet(43)) - raft.server.log.queue.byte-limit = 2147483647 (custom)
2019-10-14 12:33:19,203 [pool-57-thread-1] INFO  server.RaftServerConfigKeys (ConfUtils.java:logGet(43)) - raft.server.log.queue.element-limit = 1024 (custom)
2019-10-14 12:33:19,203 [pool-57-thread-1] INFO  server.RaftServerConfigKeys (ConfUtils.java:logGet(43)) - raft.server.log.segment.size.max = 1048576 (custom)
2019-10-14 12:33:19,203 [pool-57-thread-1] INFO  server.RaftServerConfigKeys (ConfUtils.java:logGet(43)) - raft.server.log.preallocated.size = 16384 (custom)
2019-10-14 12:33:19,203 [pool-57-thread-1] INFO  server.RaftServerConfigKeys (ConfUtils.java:logGet(43)) - raft.server.log.write.buffer.size = 33554432 (custom)
2019-10-14 12:33:19,204 [pool-57-thread-1] INFO  server.RaftServerConfigKeys (ConfUtils.java:logGet(43)) - raft.server.log.force.sync.num = 128 (default)
2019-10-14 12:33:19,204 [pool-57-thread-1] INFO  server.RaftServerConfigKeys (ConfUtils.java:logGet(43)) - raft.server.log.statemachine.data.sync = true (default)
2019-10-14 12:33:19,204 [pool-57-thread-1] INFO  server.RaftServerConfigKeys (ConfUtils.java:logGet(43)) - raft.server.log.statemachine.data.sync.timeout = 10s (default)
2019-10-14 12:33:19,204 [pool-57-thread-1] INFO  server.RaftServerConfigKeys (ConfUtils.java:logGet(43)) - raft.server.log.statemachine.data.sync.timeout.retry = -1 (default)
2019-10-14 12:33:19,205 [pool-57-thread-1] INFO  server.RaftServerConfigKeys (ConfUtils.java:logGet(43)) - raft.server.log.statemachine.data.caching.enabled = true (custom)
2019-10-14 12:33:19,205 [pool-57-thread-1] INFO  segmented.SegmentedRaftLogWorker (SegmentedRaftLogWorker.java:lambda$new$0(128)) - 0e49daa5-0cf4-42c8-a9a2-945b19550869@group-C52CE0FFB3B6-SegmentedRaftLogWorker: flushIndex: setUnconditionally 0 -> -1
2019-10-14 12:33:19,206 [pool-57-thread-1] INFO  server.RaftServerConfigKeys (ConfUtils.java:logGet(43)) - raft.server.snapshot.auto.trigger.enabled = true (custom)
2019-10-14 12:33:19,206 [pool-57-thread-1] INFO  server.RaftServerConfigKeys (ConfUtils.java:logGet(43)) - raft.server.snapshot.auto.trigger.threshold = 10000 (custom)
2019-10-14 12:33:19,206 [pool-57-thread-1] INFO  server.RaftServerConfigKeys (ConfUtils.java:logGet(43)) - raft.server.snapshot.retention.file.num = 5 (custom)
2019-10-14 12:33:19,206 [pool-57-thread-1] INFO  server.RaftServerConfigKeys (ConfUtils.java:logGet(43)) - raft.server.retrycache.expirytime = 600000ms (custom)
2019-10-14 12:33:19,211 [pool-57-thread-1] INFO  impl.RaftServerImpl (RaftServerImpl.java:start(181)) - 0e49daa5-0cf4-42c8-a9a2-945b19550869@group-C52CE0FFB3B6: start as a follower, conf=-1: [0e49daa5-0cf4-42c8-a9a2-945b19550869:192.168.151.107:37106], old=null
2019-10-14 12:33:19,211 [pool-57-thread-1] INFO  impl.RaftServerImpl (RaftServerImpl.java:setRole(170)) - 0e49daa5-0cf4-42c8-a9a2-945b19550869@group-C52CE0FFB3B6: changes role from      null to FOLLOWER at term 0 for startAsFollower
2019-10-14 12:33:19,212 [pool-57-thread-1] INFO  impl.RoleInfo (RoleInfo.java:updateAndGet(143)) - 0e49daa5-0cf4-42c8-a9a2-945b19550869: start FollowerState
2019-10-14 12:33:19,214 [pool-57-thread-1] INFO  util.JmxRegister (JmxRegister.java:tryRegister(44)) - Successfully registered JMX Bean with object name Ratis:service=RaftServer,group=group-C52CE0FFB3B6,id=0e49daa5-0cf4-42c8-a9a2-945b19550869
2019-10-14 12:33:19,240 [RatisPipelineUtilsThread] INFO  pipeline.PipelineStateManager (PipelineStateManager.java:addPipeline(56)) - Created pipeline Pipeline[ Id: 6814d195-4721-4193-9b07-c52ce0ffb3b6, Nodes: 0e49daa5-0cf4-42c8-a9a2-945b19550869{ip: 192.168.151.107, host: pr-hdds-2299-hlwdq-549545603, networkLocation: /default-rack, certSerialId: null}, Type:RATIS, Factor:ONE, State:OPEN]
2019-10-14 12:33:19,269 [grpc-default-executor-0] INFO  impl.RaftServerProxy (RaftServerProxy.java:addNew(89)) - 3fa750ff-58d9-4caf-ad70-bb254302d29f: addNew group-5596C0F5AB57:[3fa750ff-58d9-4caf-ad70-bb254302d29f:192.168.151.107:42856] returns group-5596C0F5AB57:java.util.concurrent.CompletableFuture@654dddf7[Not completed]
2019-10-14 12:33:19,312 [pool-37-thread-1] INFO  impl.RaftServerImpl (RaftServerImpl.java:<init>(95)) - 3fa750ff-58d9-4caf-ad70-bb254302d29f: new RaftServerImpl for group-5596C0F5AB57:[3fa750ff-58d9-4caf-ad70-bb254302d29f:192.168.151.107:42856] with ContainerStateMachine:uninitialized
2019-10-14 12:33:19,313 [pool-37-thread-1] INFO  server.RaftServerConfigKeys (ConfUtils.java:logGet(43)) - raft.server.rpc.timeout.min = 5s (custom)
2019-10-14 12:33:19,313 [pool-37-thread-1] INFO  server.RaftServerConfigKeys (ConfUtils.java:logGet(43)) - raft.server.rpc.timeout.max = 5200ms (custom)
2019-10-14 12:33:19,313 [pool-37-thread-1] INFO  server.RaftServerConfigKeys (ConfUtils.java:logGet(43)) - raft.server.rpcslowness.timeout = 120s (custom)
2019-10-14 12:33:19,313 [pool-37-thread-1] INFO  server.RaftServerConfigKeys (ConfUtils.java:logGet(43)) - raft.server.sleep.deviation.threshold = 300 (default)
2019-10-14 12:33:19,314 [pool-37-thread-1] INFO  server.RaftServerConfigKeys (ConfUtils.java:logGet(43)) - raft.server.log.appender.install.snapshot.enabled = false (custom)
2019-10-14 12:33:19,314 [pool-37-thread-1] INFO  impl.RaftServerImpl (ServerState.java:<init>(103)) - 3fa750ff-58d9-4caf-ad70-bb254302d29f@group-5596C0F5AB57: ConfigurationManager, init=-1: [3fa750ff-58d9-4caf-ad70-bb254302d29f:192.168.151.107:42856], old=null, confs=<EMPTY_MAP>
2019-10-14 12:33:19,314 [pool-37-thread-1] INFO  server.RaftServerConfigKeys (ConfUtils.java:logGet(43)) - raft.server.storage.dir = [/workdir/hadoop-ozone/integration-test/target/test-dir/MiniOzoneClusterImpl-a38ca729-82bc-4a96-ad61-c83170bdaaf4/datanode-1/data/ratis] (custom)
2019-10-14 12:33:19,315 [pool-37-thread-1] INFO  server.RaftServerConfigKeys (ConfUtils.java:logGet(43)) - raft.server.log.corruption.policy = EXCEPTION (default)
2019-10-14 12:33:19,315 [pool-37-thread-1] INFO  storage.RaftStorageDirectory (RaftStorageDirectory.java:analyzeStorage(246)) - The storage directory /workdir/hadoop-ozone/integration-test/target/test-dir/MiniOzoneClusterImpl-a38ca729-82bc-4a96-ad61-c83170bdaaf4/datanode-1/data/ratis/aff250e2-389a-450a-99d5-5596c0f5ab57 does not exist. Creating ...
2019-10-14 12:33:19,328 [pool-37-thread-1] INFO  storage.RaftStorageDirectory (RaftStorageDirectory.java:tryLock(328)) - Lock on /workdir/hadoop-ozone/integration-test/target/test-dir/MiniOzoneClusterImpl-a38ca729-82bc-4a96-ad61-c83170bdaaf4/datanode-1/data/ratis/aff250e2-389a-450a-99d5-5596c0f5ab57/in_use.lock acquired by nodename 22874@pr-hdds-2299-hlwdq-549545603
2019-10-14 12:33:19,341 [pool-37-thread-1] INFO  storage.RaftStorage (RaftStorage.java:format(84)) - Storage directory /workdir/hadoop-ozone/integration-test/target/test-dir/MiniOzoneClusterImpl-a38ca729-82bc-4a96-ad61-c83170bdaaf4/datanode-1/data/ratis/aff250e2-389a-450a-99d5-5596c0f5ab57 has been successfully formatted.
2019-10-14 12:33:19,342 [pool-37-thread-1] INFO  ratis.ContainerStateMachine (ContainerStateMachine.java:loadSnapshot(231)) - group-5596C0F5AB57: The snapshot info is null. Setting the last applied indexto:(t:0, i:~)
2019-10-14 12:33:19,342 [pool-37-thread-1] INFO  server.RaftServerConfigKeys (ConfUtils.java:logGet(43)) - raft.server.notification.no-leader.timeout = 120s (custom)
2019-10-14 12:33:19,342 [pool-37-thread-1] INFO  server.RaftServerConfigKeys (ConfUtils.java:logGet(43)) - raft.server.log.use.memory = false (default)
2019-10-14 12:33:19,343 [pool-37-thread-1] INFO  server.RaftServerConfigKeys (ConfUtils.java:logGet(43)) - raft.server.log.purge.gap = 1000000 (custom)
2019-10-14 12:33:19,343 [pool-37-thread-1] INFO  server.RaftServerConfigKeys (ConfUtils.java:logGet(43)) - raft.server.log.appender.buffer.byte-limit = 33554432 (custom)
2019-10-14 12:33:19,343 [pool-37-thread-1] INFO  server.RaftServerConfigKeys (ConfUtils.java:logGet(43)) - raft.server.log.segment.size.max = 1048576 (custom)
2019-10-14 12:33:19,382 [pool-37-thread-1] INFO  server.RaftServerConfigKeys (ConfUtils.java:logGet(43)) - raft.server.log.segment.cache.num.max = 2 (custom)
2019-10-14 12:33:19,382 [pool-37-thread-1] INFO  segmented.SegmentedRaftLogWorker (SegmentedRaftLogWorker.java:<init>(173)) - new 3fa750ff-58d9-4caf-ad70-bb254302d29f@group-5596C0F5AB57-SegmentedRaftLogWorker for RaftStorage:Storage Directory /workdir/hadoop-ozone/integration-test/target/test-dir/MiniOzoneClusterImpl-a38ca729-82bc-4a96-ad61-c83170bdaaf4/datanode-1/data/ratis/aff250e2-389a-450a-99d5-5596c0f5ab57
2019-10-14 12:33:19,382 [pool-37-thread-1] INFO  server.RaftServerConfigKeys (ConfUtils.java:logGet(43)) - raft.server.log.queue.byte-limit = 2147483647 (custom)
2019-10-14 12:33:19,382 [pool-37-thread-1] INFO  server.RaftServerConfigKeys (ConfUtils.java:logGet(43)) - raft.server.log.queue.element-limit = 1024 (custom)
2019-10-14 12:33:19,383 [pool-37-thread-1] INFO  server.RaftServerConfigKeys (ConfUtils.java:logGet(43)) - raft.server.log.segment.size.max = 1048576 (custom)
2019-10-14 12:33:19,383 [pool-37-thread-1] INFO  server.RaftServerConfigKeys (ConfUtils.java:logGet(43)) - raft.server.log.preallocated.size = 16384 (custom)
2019-10-14 12:33:19,383 [pool-37-thread-1] INFO  server.RaftServerConfigKeys (ConfUtils.java:logGet(43)) - raft.server.log.write.buffer.size = 33554432 (custom)
2019-10-14 12:33:19,383 [pool-37-thread-1] INFO  server.RaftServerConfigKeys (ConfUtils.java:logGet(43)) - raft.server.log.force.sync.num = 128 (default)
2019-10-14 12:33:19,383 [pool-37-thread-1] INFO  server.RaftServerConfigKeys (ConfUtils.java:logGet(43)) - raft.server.log.statemachine.data.sync = true (default)
2019-10-14 12:33:19,384 [pool-37-thread-1] INFO  server.RaftServerConfigKeys (ConfUtils.java:logGet(43)) - raft.server.log.statemachine.data.sync.timeout = 10s (default)
2019-10-14 12:33:19,384 [pool-37-thread-1] INFO  server.RaftServerConfigKeys (ConfUtils.java:logGet(43)) - raft.server.log.statemachine.data.sync.timeout.retry = -1 (default)
2019-10-14 12:33:19,385 [pool-37-thread-1] INFO  server.RaftServerConfigKeys (ConfUtils.java:logGet(43)) - raft.server.log.statemachine.data.caching.enabled = true (custom)
2019-10-14 12:33:19,385 [pool-37-thread-1] INFO  segmented.SegmentedRaftLogWorker (SegmentedRaftLogWorker.java:lambda$new$0(128)) - 3fa750ff-58d9-4caf-ad70-bb254302d29f@group-5596C0F5AB57-SegmentedRaftLogWorker: flushIndex: setUnconditionally 0 -> -1
2019-10-14 12:33:19,386 [pool-37-thread-1] INFO  server.RaftServerConfigKeys (ConfUtils.java:logGet(43)) - raft.server.snapshot.auto.trigger.enabled = true (custom)
2019-10-14 12:33:19,386 [pool-37-thread-1] INFO  server.RaftServerConfigKeys (ConfUtils.java:logGet(43)) - raft.server.snapshot.auto.trigger.threshold = 10000 (custom)
2019-10-14 12:33:19,386 [pool-37-thread-1] INFO  server.RaftServerConfigKeys (ConfUtils.java:logGet(43)) - raft.server.snapshot.retention.file.num = 5 (custom)
2019-10-14 12:33:19,387 [pool-37-thread-1] INFO  server.RaftServerConfigKeys (ConfUtils.java:logGet(43)) - raft.server.retrycache.expirytime = 600000ms (custom)
2019-10-14 12:33:19,392 [pool-37-thread-1] INFO  impl.RaftServerImpl (RaftServerImpl.java:start(181)) - 3fa750ff-58d9-4caf-ad70-bb254302d29f@group-5596C0F5AB57: start as a follower, conf=-1: [3fa750ff-58d9-4caf-ad70-bb254302d29f:192.168.151.107:42856], old=null
2019-10-14 12:33:19,392 [pool-37-thread-1] INFO  impl.RaftServerImpl (RaftServerImpl.java:setRole(170)) - 3fa750ff-58d9-4caf-ad70-bb254302d29f@group-5596C0F5AB57: changes role from      null to FOLLOWER at term 0 for startAsFollower
2019-10-14 12:33:19,393 [pool-37-thread-1] INFO  impl.RoleInfo (RoleInfo.java:updateAndGet(143)) - 3fa750ff-58d9-4caf-ad70-bb254302d29f: start FollowerState
2019-10-14 12:33:19,393 [pool-37-thread-1] INFO  util.JmxRegister (JmxRegister.java:tryRegister(44)) - Successfully registered JMX Bean with object name Ratis:service=RaftServer,group=group-5596C0F5AB57,id=3fa750ff-58d9-4caf-ad70-bb254302d29f
2019-10-14 12:33:19,412 [RatisPipelineUtilsThread] INFO  pipeline.PipelineStateManager (PipelineStateManager.java:addPipeline(56)) - Created pipeline Pipeline[ Id: aff250e2-389a-450a-99d5-5596c0f5ab57, Nodes: 3fa750ff-58d9-4caf-ad70-bb254302d29f{ip: 192.168.151.107, host: pr-hdds-2299-hlwdq-549545603, networkLocation: /default-rack, certSerialId: null}, Type:RATIS, Factor:ONE, State:OPEN]
2019-10-14 12:33:19,434 [grpc-default-executor-0] INFO  impl.RaftServerProxy (RaftServerProxy.java:addNew(89)) - f32c6c94-b69c-4748-9195-84d8cc72c9b5: addNew group-38F68D4AC6FD:[f32c6c94-b69c-4748-9195-84d8cc72c9b5:192.168.151.107:46633] returns group-38F68D4AC6FD:java.util.concurrent.CompletableFuture@4f79f9f9[Not completed]
2019-10-14 12:33:19,439 [pool-67-thread-1] INFO  impl.RaftServerImpl (RaftServerImpl.java:<init>(95)) - f32c6c94-b69c-4748-9195-84d8cc72c9b5: new RaftServerImpl for group-38F68D4AC6FD:[f32c6c94-b69c-4748-9195-84d8cc72c9b5:192.168.151.107:46633] with ContainerStateMachine:uninitialized
2019-10-14 12:33:19,439 [pool-67-thread-1] INFO  server.RaftServerConfigKeys (ConfUtils.java:logGet(43)) - raft.server.rpc.timeout.min = 5s (custom)
2019-10-14 12:33:19,439 [pool-67-thread-1] INFO  server.RaftServerConfigKeys (ConfUtils.java:logGet(43)) - raft.server.rpc.timeout.max = 5200ms (custom)
2019-10-14 12:33:19,440 [pool-67-thread-1] INFO  server.RaftServerConfigKeys (ConfUtils.java:logGet(43)) - raft.server.rpcslowness.timeout = 120s (custom)
2019-10-14 12:33:19,440 [pool-67-thread-1] INFO  server.RaftServerConfigKeys (ConfUtils.java:logGet(43)) - raft.server.sleep.deviation.threshold = 300 (default)
2019-10-14 12:33:19,440 [pool-67-thread-1] INFO  server.RaftServerConfigKeys (ConfUtils.java:logGet(43)) - raft.server.log.appender.install.snapshot.enabled = false (custom)
2019-10-14 12:33:19,440 [pool-67-thread-1] INFO  impl.RaftServerImpl (ServerState.java:<init>(103)) - f32c6c94-b69c-4748-9195-84d8cc72c9b5@group-38F68D4AC6FD: ConfigurationManager, init=-1: [f32c6c94-b69c-4748-9195-84d8cc72c9b5:192.168.151.107:46633], old=null, confs=<EMPTY_MAP>
2019-10-14 12:33:19,440 [pool-67-thread-1] INFO  server.RaftServerConfigKeys (ConfUtils.java:logGet(43)) - raft.server.storage.dir = [/workdir/hadoop-ozone/integration-test/target/test-dir/MiniOzoneClusterImpl-a38ca729-82bc-4a96-ad61-c83170bdaaf4/datanode-4/data/ratis] (custom)
2019-10-14 12:33:19,441 [pool-67-thread-1] INFO  server.RaftServerConfigKeys (ConfUtils.java:logGet(43)) - raft.server.log.corruption.policy = EXCEPTION (default)
2019-10-14 12:33:19,441 [pool-67-thread-1] INFO  storage.RaftStorageDirectory (RaftStorageDirectory.java:analyzeStorage(246)) - The storage directory /workdir/hadoop-ozone/integration-test/target/test-dir/MiniOzoneClusterImpl-a38ca729-82bc-4a96-ad61-c83170bdaaf4/datanode-4/data/ratis/803a8052-bdc2-4582-bb46-38f68d4ac6fd does not exist. Creating ...
2019-10-14 12:33:19,454 [pool-67-thread-1] INFO  storage.RaftStorageDirectory (RaftStorageDirectory.java:tryLock(328)) - Lock on /workdir/hadoop-ozone/integration-test/target/test-dir/MiniOzoneClusterImpl-a38ca729-82bc-4a96-ad61-c83170bdaaf4/datanode-4/data/ratis/803a8052-bdc2-4582-bb46-38f68d4ac6fd/in_use.lock acquired by nodename 22874@pr-hdds-2299-hlwdq-549545603
2019-10-14 12:33:19,479 [pool-67-thread-1] INFO  storage.RaftStorage (RaftStorage.java:format(84)) - Storage directory /workdir/hadoop-ozone/integration-test/target/test-dir/MiniOzoneClusterImpl-a38ca729-82bc-4a96-ad61-c83170bdaaf4/datanode-4/data/ratis/803a8052-bdc2-4582-bb46-38f68d4ac6fd has been successfully formatted.
2019-10-14 12:33:19,479 [pool-67-thread-1] INFO  ratis.ContainerStateMachine (ContainerStateMachine.java:loadSnapshot(231)) - group-38F68D4AC6FD: The snapshot info is null. Setting the last applied indexto:(t:0, i:~)
2019-10-14 12:33:19,480 [pool-67-thread-1] INFO  server.RaftServerConfigKeys (ConfUtils.java:logGet(43)) - raft.server.notification.no-leader.timeout = 120s (custom)
2019-10-14 12:33:19,480 [pool-67-thread-1] INFO  server.RaftServerConfigKeys (ConfUtils.java:logGet(43)) - raft.server.log.use.memory = false (default)
2019-10-14 12:33:19,480 [pool-67-thread-1] INFO  server.RaftServerConfigKeys (ConfUtils.java:logGet(43)) - raft.server.log.purge.gap = 1000000 (custom)
2019-10-14 12:33:19,480 [pool-67-thread-1] INFO  server.RaftServerConfigKeys (ConfUtils.java:logGet(43)) - raft.server.log.appender.buffer.byte-limit = 33554432 (custom)
2019-10-14 12:33:19,480 [pool-67-thread-1] INFO  server.RaftServerConfigKeys (ConfUtils.java:logGet(43)) - raft.server.log.segment.size.max = 1048576 (custom)
2019-10-14 12:33:19,484 [pool-67-thread-1] INFO  server.RaftServerConfigKeys (ConfUtils.java:logGet(43)) - raft.server.log.segment.cache.num.max = 2 (custom)
2019-10-14 12:33:19,484 [pool-67-thread-1] INFO  segmented.SegmentedRaftLogWorker (SegmentedRaftLogWorker.java:<init>(173)) - new f32c6c94-b69c-4748-9195-84d8cc72c9b5@group-38F68D4AC6FD-SegmentedRaftLogWorker for RaftStorage:Storage Directory /workdir/hadoop-ozone/integration-test/target/test-dir/MiniOzoneClusterImpl-a38ca729-82bc-4a96-ad61-c83170bdaaf4/datanode-4/data/ratis/803a8052-bdc2-4582-bb46-38f68d4ac6fd
2019-10-14 12:33:19,484 [pool-67-thread-1] INFO  server.RaftServerConfigKeys (ConfUtils.java:logGet(43)) - raft.server.log.queue.byte-limit = 2147483647 (custom)
2019-10-14 12:33:19,484 [pool-67-thread-1] INFO  server.RaftServerConfigKeys (ConfUtils.java:logGet(43)) - raft.server.log.queue.element-limit = 1024 (custom)
2019-10-14 12:33:19,484 [pool-67-thread-1] INFO  server.RaftServerConfigKeys (ConfUtils.java:logGet(43)) - raft.server.log.segment.size.max = 1048576 (custom)
2019-10-14 12:33:19,484 [pool-67-thread-1] INFO  server.RaftServerConfigKeys (ConfUtils.java:logGet(43)) - raft.server.log.preallocated.size = 16384 (custom)
2019-10-14 12:33:19,485 [pool-67-thread-1] INFO  server.RaftServerConfigKeys (ConfUtils.java:logGet(43)) - raft.server.log.write.buffer.size = 33554432 (custom)
2019-10-14 12:33:19,485 [pool-67-thread-1] INFO  server.RaftServerConfigKeys (ConfUtils.java:logGet(43)) - raft.server.log.force.sync.num = 128 (default)
2019-10-14 12:33:19,485 [pool-67-thread-1] INFO  server.RaftServerConfigKeys (ConfUtils.java:logGet(43)) - raft.server.log.statemachine.data.sync = true (default)
2019-10-14 12:33:19,485 [pool-67-thread-1] INFO  server.RaftServerConfigKeys (ConfUtils.java:logGet(43)) - raft.server.log.statemachine.data.sync.timeout = 10s (default)
2019-10-14 12:33:19,485 [pool-67-thread-1] INFO  server.RaftServerConfigKeys (ConfUtils.java:logGet(43)) - raft.server.log.statemachine.data.sync.timeout.retry = -1 (default)
2019-10-14 12:33:19,486 [pool-67-thread-1] INFO  server.RaftServerConfigKeys (ConfUtils.java:logGet(43)) - raft.server.log.statemachine.data.caching.enabled = true (custom)
2019-10-14 12:33:19,486 [pool-67-thread-1] INFO  segmented.SegmentedRaftLogWorker (SegmentedRaftLogWorker.java:lambda$new$0(128)) - f32c6c94-b69c-4748-9195-84d8cc72c9b5@group-38F68D4AC6FD-SegmentedRaftLogWorker: flushIndex: setUnconditionally 0 -> -1
2019-10-14 12:33:19,487 [pool-67-thread-1] INFO  server.RaftServerConfigKeys (ConfUtils.java:logGet(43)) - raft.server.snapshot.auto.trigger.enabled = true (custom)
2019-10-14 12:33:19,487 [pool-67-thread-1] INFO  server.RaftServerConfigKeys (ConfUtils.java:logGet(43)) - raft.server.snapshot.auto.trigger.threshold = 10000 (custom)
2019-10-14 12:33:19,487 [pool-67-thread-1] INFO  server.RaftServerConfigKeys (ConfUtils.java:logGet(43)) - raft.server.snapshot.retention.file.num = 5 (custom)
2019-10-14 12:33:19,487 [pool-67-thread-1] INFO  server.RaftServerConfigKeys (ConfUtils.java:logGet(43)) - raft.server.retrycache.expirytime = 600000ms (custom)
2019-10-14 12:33:19,490 [pool-67-thread-1] INFO  impl.RaftServerImpl (RaftServerImpl.java:start(181)) - f32c6c94-b69c-4748-9195-84d8cc72c9b5@group-38F68D4AC6FD: start as a follower, conf=-1: [f32c6c94-b69c-4748-9195-84d8cc72c9b5:192.168.151.107:46633], old=null
2019-10-14 12:33:19,491 [pool-67-thread-1] INFO  impl.RaftServerImpl (RaftServerImpl.java:setRole(170)) - f32c6c94-b69c-4748-9195-84d8cc72c9b5@group-38F68D4AC6FD: changes role from      null to FOLLOWER at term 0 for startAsFollower
2019-10-14 12:33:19,491 [pool-67-thread-1] INFO  impl.RoleInfo (RoleInfo.java:updateAndGet(143)) - f32c6c94-b69c-4748-9195-84d8cc72c9b5: start FollowerState
2019-10-14 12:33:19,491 [pool-67-thread-1] INFO  util.JmxRegister (JmxRegister.java:tryRegister(44)) - Successfully registered JMX Bean with object name Ratis:service=RaftServer,group=group-38F68D4AC6FD,id=f32c6c94-b69c-4748-9195-84d8cc72c9b5
2019-10-14 12:33:19,507 [RatisPipelineUtilsThread] INFO  pipeline.PipelineStateManager (PipelineStateManager.java:addPipeline(56)) - Created pipeline Pipeline[ Id: 803a8052-bdc2-4582-bb46-38f68d4ac6fd, Nodes: f32c6c94-b69c-4748-9195-84d8cc72c9b5{ip: 192.168.151.107, host: pr-hdds-2299-hlwdq-549545603, networkLocation: /default-rack, certSerialId: null}, Type:RATIS, Factor:ONE, State:OPEN]
2019-10-14 12:33:19,524 [grpc-default-executor-0] INFO  impl.RaftServerProxy (RaftServerProxy.java:addNew(89)) - 909aedd7-9b25-44a7-9a58-2145f4886721: addNew group-BDFFE9F3E01E:[909aedd7-9b25-44a7-9a58-2145f4886721:192.168.151.107:42018] returns group-BDFFE9F3E01E:java.util.concurrent.CompletableFuture@483c7d29[Not completed]
2019-10-14 12:33:19,529 [pool-77-thread-1] INFO  impl.RaftServerImpl (RaftServerImpl.java:<init>(95)) - 909aedd7-9b25-44a7-9a58-2145f4886721: new RaftServerImpl for group-BDFFE9F3E01E:[909aedd7-9b25-44a7-9a58-2145f4886721:192.168.151.107:42018] with ContainerStateMachine:uninitialized
2019-10-14 12:33:19,530 [pool-77-thread-1] INFO  server.RaftServerConfigKeys (ConfUtils.java:logGet(43)) - raft.server.rpc.timeout.min = 5s (custom)
2019-10-14 12:33:19,530 [pool-77-thread-1] INFO  server.RaftServerConfigKeys (ConfUtils.java:logGet(43)) - raft.server.rpc.timeout.max = 5200ms (custom)
2019-10-14 12:33:19,530 [pool-77-thread-1] INFO  server.RaftServerConfigKeys (ConfUtils.java:logGet(43)) - raft.server.rpcslowness.timeout = 120s (custom)
2019-10-14 12:33:19,530 [pool-77-thread-1] INFO  server.RaftServerConfigKeys (ConfUtils.java:logGet(43)) - raft.server.sleep.deviation.threshold = 300 (default)
2019-10-14 12:33:19,530 [pool-77-thread-1] INFO  server.RaftServerConfigKeys (ConfUtils.java:logGet(43)) - raft.server.log.appender.install.snapshot.enabled = false (custom)
2019-10-14 12:33:19,530 [pool-77-thread-1] INFO  impl.RaftServerImpl (ServerState.java:<init>(103)) - 909aedd7-9b25-44a7-9a58-2145f4886721@group-BDFFE9F3E01E: ConfigurationManager, init=-1: [909aedd7-9b25-44a7-9a58-2145f4886721:192.168.151.107:42018], old=null, confs=<EMPTY_MAP>
2019-10-14 12:33:19,530 [pool-77-thread-1] INFO  server.RaftServerConfigKeys (ConfUtils.java:logGet(43)) - raft.server.storage.dir = [/workdir/hadoop-ozone/integration-test/target/test-dir/MiniOzoneClusterImpl-a38ca729-82bc-4a96-ad61-c83170bdaaf4/datanode-5/data/ratis] (custom)
2019-10-14 12:33:19,531 [pool-77-thread-1] INFO  server.RaftServerConfigKeys (ConfUtils.java:logGet(43)) - raft.server.log.corruption.policy = EXCEPTION (default)
2019-10-14 12:33:19,531 [pool-77-thread-1] INFO  storage.RaftStorageDirectory (RaftStorageDirectory.java:analyzeStorage(246)) - The storage directory /workdir/hadoop-ozone/integration-test/target/test-dir/MiniOzoneClusterImpl-a38ca729-82bc-4a96-ad61-c83170bdaaf4/datanode-5/data/ratis/8b494bb6-912a-4076-9b34-bdffe9f3e01e does not exist. Creating ...
2019-10-14 12:33:19,544 [pool-77-thread-1] INFO  storage.RaftStorageDirectory (RaftStorageDirectory.java:tryLock(328)) - Lock on /workdir/hadoop-ozone/integration-test/target/test-dir/MiniOzoneClusterImpl-a38ca729-82bc-4a96-ad61-c83170bdaaf4/datanode-5/data/ratis/8b494bb6-912a-4076-9b34-bdffe9f3e01e/in_use.lock acquired by nodename 22874@pr-hdds-2299-hlwdq-549545603
2019-10-14 12:33:19,559 [pool-77-thread-1] INFO  storage.RaftStorage (RaftStorage.java:format(84)) - Storage directory /workdir/hadoop-ozone/integration-test/target/test-dir/MiniOzoneClusterImpl-a38ca729-82bc-4a96-ad61-c83170bdaaf4/datanode-5/data/ratis/8b494bb6-912a-4076-9b34-bdffe9f3e01e has been successfully formatted.
2019-10-14 12:33:19,559 [pool-77-thread-1] INFO  ratis.ContainerStateMachine (ContainerStateMachine.java:loadSnapshot(231)) - group-BDFFE9F3E01E: The snapshot info is null. Setting the last applied indexto:(t:0, i:~)
2019-10-14 12:33:19,559 [pool-77-thread-1] INFO  server.RaftServerConfigKeys (ConfUtils.java:logGet(43)) - raft.server.notification.no-leader.timeout = 120s (custom)
2019-10-14 12:33:19,559 [pool-77-thread-1] INFO  server.RaftServerConfigKeys (ConfUtils.java:logGet(43)) - raft.server.log.use.memory = false (default)
2019-10-14 12:33:19,559 [pool-77-thread-1] INFO  server.RaftServerConfigKeys (ConfUtils.java:logGet(43)) - raft.server.log.purge.gap = 1000000 (custom)
2019-10-14 12:33:19,560 [pool-77-thread-1] INFO  server.RaftServerConfigKeys (ConfUtils.java:logGet(43)) - raft.server.log.appender.buffer.byte-limit = 33554432 (custom)
2019-10-14 12:33:19,560 [pool-77-thread-1] INFO  server.RaftServerConfigKeys (ConfUtils.java:logGet(43)) - raft.server.log.segment.size.max = 1048576 (custom)
2019-10-14 12:33:19,565 [pool-77-thread-1] INFO  server.RaftServerConfigKeys (ConfUtils.java:logGet(43)) - raft.server.log.segment.cache.num.max = 2 (custom)
2019-10-14 12:33:19,565 [pool-77-thread-1] INFO  segmented.SegmentedRaftLogWorker (SegmentedRaftLogWorker.java:<init>(173)) - new 909aedd7-9b25-44a7-9a58-2145f4886721@group-BDFFE9F3E01E-SegmentedRaftLogWorker for RaftStorage:Storage Directory /workdir/hadoop-ozone/integration-test/target/test-dir/MiniOzoneClusterImpl-a38ca729-82bc-4a96-ad61-c83170bdaaf4/datanode-5/data/ratis/8b494bb6-912a-4076-9b34-bdffe9f3e01e
2019-10-14 12:33:19,565 [pool-77-thread-1] INFO  server.RaftServerConfigKeys (ConfUtils.java:logGet(43)) - raft.server.log.queue.byte-limit = 2147483647 (custom)
2019-10-14 12:33:19,566 [pool-77-thread-1] INFO  server.RaftServerConfigKeys (ConfUtils.java:logGet(43)) - raft.server.log.queue.element-limit = 1024 (custom)
2019-10-14 12:33:19,566 [pool-77-thread-1] INFO  server.RaftServerConfigKeys (ConfUtils.java:logGet(43)) - raft.server.log.segment.size.max = 1048576 (custom)
2019-10-14 12:33:19,566 [pool-77-thread-1] INFO  server.RaftServerConfigKeys (ConfUtils.java:logGet(43)) - raft.server.log.preallocated.size = 16384 (custom)
2019-10-14 12:33:19,566 [pool-77-thread-1] INFO  server.RaftServerConfigKeys (ConfUtils.java:logGet(43)) - raft.server.log.write.buffer.size = 33554432 (custom)
2019-10-14 12:33:19,566 [pool-77-thread-1] INFO  server.RaftServerConfigKeys (ConfUtils.java:logGet(43)) - raft.server.log.force.sync.num = 128 (default)
2019-10-14 12:33:19,567 [pool-77-thread-1] INFO  server.RaftServerConfigKeys (ConfUtils.java:logGet(43)) - raft.server.log.statemachine.data.sync = true (default)
2019-10-14 12:33:19,567 [pool-77-thread-1] INFO  server.RaftServerConfigKeys (ConfUtils.java:logGet(43)) - raft.server.log.statemachine.data.sync.timeout = 10s (default)
2019-10-14 12:33:19,567 [pool-77-thread-1] INFO  server.RaftServerConfigKeys (ConfUtils.java:logGet(43)) - raft.server.log.statemachine.data.sync.timeout.retry = -1 (default)
2019-10-14 12:33:19,568 [pool-77-thread-1] INFO  server.RaftServerConfigKeys (ConfUtils.java:logGet(43)) - raft.server.log.statemachine.data.caching.enabled = true (custom)
2019-10-14 12:33:19,569 [pool-77-thread-1] INFO  segmented.SegmentedRaftLogWorker (SegmentedRaftLogWorker.java:lambda$new$0(128)) - 909aedd7-9b25-44a7-9a58-2145f4886721@group-BDFFE9F3E01E-SegmentedRaftLogWorker: flushIndex: setUnconditionally 0 -> -1
2019-10-14 12:33:19,569 [pool-77-thread-1] INFO  server.RaftServerConfigKeys (ConfUtils.java:logGet(43)) - raft.server.snapshot.auto.trigger.enabled = true (custom)
2019-10-14 12:33:19,569 [pool-77-thread-1] INFO  server.RaftServerConfigKeys (ConfUtils.java:logGet(43)) - raft.server.snapshot.auto.trigger.threshold = 10000 (custom)
2019-10-14 12:33:19,569 [pool-77-thread-1] INFO  server.RaftServerConfigKeys (ConfUtils.java:logGet(43)) - raft.server.snapshot.retention.file.num = 5 (custom)
2019-10-14 12:33:19,570 [pool-77-thread-1] INFO  server.RaftServerConfigKeys (ConfUtils.java:logGet(43)) - raft.server.retrycache.expirytime = 600000ms (custom)
2019-10-14 12:33:19,573 [pool-77-thread-1] INFO  impl.RaftServerImpl (RaftServerImpl.java:start(181)) - 909aedd7-9b25-44a7-9a58-2145f4886721@group-BDFFE9F3E01E: start as a follower, conf=-1: [909aedd7-9b25-44a7-9a58-2145f4886721:192.168.151.107:42018], old=null
2019-10-14 12:33:19,574 [pool-77-thread-1] INFO  impl.RaftServerImpl (RaftServerImpl.java:setRole(170)) - 909aedd7-9b25-44a7-9a58-2145f4886721@group-BDFFE9F3E01E: changes role from      null to FOLLOWER at term 0 for startAsFollower
2019-10-14 12:33:19,574 [pool-77-thread-1] INFO  impl.RoleInfo (RoleInfo.java:updateAndGet(143)) - 909aedd7-9b25-44a7-9a58-2145f4886721: start FollowerState
2019-10-14 12:33:19,574 [pool-77-thread-1] INFO  util.JmxRegister (JmxRegister.java:tryRegister(44)) - Successfully registered JMX Bean with object name Ratis:service=RaftServer,group=group-BDFFE9F3E01E,id=909aedd7-9b25-44a7-9a58-2145f4886721
2019-10-14 12:33:19,592 [RatisPipelineUtilsThread] INFO  pipeline.PipelineStateManager (PipelineStateManager.java:addPipeline(56)) - Created pipeline Pipeline[ Id: 8b494bb6-912a-4076-9b34-bdffe9f3e01e, Nodes: 909aedd7-9b25-44a7-9a58-2145f4886721{ip: 192.168.151.107, host: pr-hdds-2299-hlwdq-549545603, networkLocation: /default-rack, certSerialId: null}, Type:RATIS, Factor:ONE, State:OPEN]
2019-10-14 12:33:19,608 [main] INFO  ozone.MiniOzoneClusterImpl (MiniOzoneClusterImpl.java:lambda$waitForClusterToBeReady$0(147)) - Cluster is ready. Got 7 of 7 DN Heartbeats.
2019-10-14 12:33:19,615 [grpc-default-executor-0] INFO  impl.RaftServerProxy (RaftServerProxy.java:addNew(89)) - 1116cddf-e608-4505-a753-1c7fed89648c: addNew group-503E6191A37F:[1116cddf-e608-4505-a753-1c7fed89648c:192.168.151.107:41101] returns group-503E6191A37F:java.util.concurrent.CompletableFuture@10698085[Not completed]
2019-10-14 12:33:19,619 [pool-47-thread-1] INFO  impl.RaftServerImpl (RaftServerImpl.java:<init>(95)) - 1116cddf-e608-4505-a753-1c7fed89648c: new RaftServerImpl for group-503E6191A37F:[1116cddf-e608-4505-a753-1c7fed89648c:192.168.151.107:41101] with ContainerStateMachine:uninitialized
2019-10-14 12:33:19,619 [pool-47-thread-1] INFO  server.RaftServerConfigKeys (ConfUtils.java:logGet(43)) - raft.server.rpc.timeout.min = 5s (custom)
2019-10-14 12:33:19,619 [pool-47-thread-1] INFO  server.RaftServerConfigKeys (ConfUtils.java:logGet(43)) - raft.server.rpc.timeout.max = 5200ms (custom)
2019-10-14 12:33:19,619 [pool-47-thread-1] INFO  server.RaftServerConfigKeys (ConfUtils.java:logGet(43)) - raft.server.rpcslowness.timeout = 120s (custom)
2019-10-14 12:33:19,619 [pool-47-thread-1] INFO  server.RaftServerConfigKeys (ConfUtils.java:logGet(43)) - raft.server.sleep.deviation.threshold = 300 (default)
2019-10-14 12:33:19,620 [pool-47-thread-1] INFO  server.RaftServerConfigKeys (ConfUtils.java:logGet(43)) - raft.server.log.appender.install.snapshot.enabled = false (custom)
2019-10-14 12:33:19,620 [pool-47-thread-1] INFO  impl.RaftServerImpl (ServerState.java:<init>(103)) - 1116cddf-e608-4505-a753-1c7fed89648c@group-503E6191A37F: ConfigurationManager, init=-1: [1116cddf-e608-4505-a753-1c7fed89648c:192.168.151.107:41101], old=null, confs=<EMPTY_MAP>
2019-10-14 12:33:19,620 [pool-47-thread-1] INFO  server.RaftServerConfigKeys (ConfUtils.java:logGet(43)) - raft.server.storage.dir = [/workdir/hadoop-ozone/integration-test/target/test-dir/MiniOzoneClusterImpl-a38ca729-82bc-4a96-ad61-c83170bdaaf4/datanode-2/data/ratis] (custom)
2019-10-14 12:33:19,620 [pool-47-thread-1] INFO  server.RaftServerConfigKeys (ConfUtils.java:logGet(43)) - raft.server.log.corruption.policy = EXCEPTION (default)
2019-10-14 12:33:19,620 [pool-47-thread-1] INFO  storage.RaftStorageDirectory (RaftStorageDirectory.java:analyzeStorage(246)) - The storage directory /workdir/hadoop-ozone/integration-test/target/test-dir/MiniOzoneClusterImpl-a38ca729-82bc-4a96-ad61-c83170bdaaf4/datanode-2/data/ratis/7da8cfdf-9fea-4d14-af4c-503e6191a37f does not exist. Creating ...
2019-10-14 12:33:19,633 [pool-47-thread-1] INFO  storage.RaftStorageDirectory (RaftStorageDirectory.java:tryLock(328)) - Lock on /workdir/hadoop-ozone/integration-test/target/test-dir/MiniOzoneClusterImpl-a38ca729-82bc-4a96-ad61-c83170bdaaf4/datanode-2/data/ratis/7da8cfdf-9fea-4d14-af4c-503e6191a37f/in_use.lock acquired by nodename 22874@pr-hdds-2299-hlwdq-549545603
2019-10-14 12:33:19,647 [pool-47-thread-1] INFO  storage.RaftStorage (RaftStorage.java:format(84)) - Storage directory /workdir/hadoop-ozone/integration-test/target/test-dir/MiniOzoneClusterImpl-a38ca729-82bc-4a96-ad61-c83170bdaaf4/datanode-2/data/ratis/7da8cfdf-9fea-4d14-af4c-503e6191a37f has been successfully formatted.
2019-10-14 12:33:19,647 [pool-47-thread-1] INFO  ratis.ContainerStateMachine (ContainerStateMachine.java:loadSnapshot(231)) - group-503E6191A37F: The snapshot info is null. Setting the last applied indexto:(t:0, i:~)
2019-10-14 12:33:19,647 [pool-47-thread-1] INFO  server.RaftServerConfigKeys (ConfUtils.java:logGet(43)) - raft.server.notification.no-leader.timeout = 120s (custom)
2019-10-14 12:33:19,647 [pool-47-thread-1] INFO  server.RaftServerConfigKeys (ConfUtils.java:logGet(43)) - raft.server.log.use.memory = false (default)
2019-10-14 12:33:19,647 [pool-47-thread-1] INFO  server.RaftServerConfigKeys (ConfUtils.java:logGet(43)) - raft.server.log.purge.gap = 1000000 (custom)
2019-10-14 12:33:19,647 [pool-47-thread-1] INFO  server.RaftServerConfigKeys (ConfUtils.java:logGet(43)) - raft.server.log.appender.buffer.byte-limit = 33554432 (custom)
2019-10-14 12:33:19,648 [pool-47-thread-1] INFO  server.RaftServerConfigKeys (ConfUtils.java:logGet(43)) - raft.server.log.segment.size.max = 1048576 (custom)
2019-10-14 12:33:19,650 [pool-47-thread-1] INFO  server.RaftServerConfigKeys (ConfUtils.java:logGet(43)) - raft.server.log.segment.cache.num.max = 2 (custom)
2019-10-14 12:33:19,650 [pool-47-thread-1] INFO  segmented.SegmentedRaftLogWorker (SegmentedRaftLogWorker.java:<init>(173)) - new 1116cddf-e608-4505-a753-1c7fed89648c@group-503E6191A37F-SegmentedRaftLogWorker for RaftStorage:Storage Directory /workdir/hadoop-ozone/integration-test/target/test-dir/MiniOzoneClusterImpl-a38ca729-82bc-4a96-ad61-c83170bdaaf4/datanode-2/data/ratis/7da8cfdf-9fea-4d14-af4c-503e6191a37f
2019-10-14 12:33:19,650 [pool-47-thread-1] INFO  server.RaftServerConfigKeys (ConfUtils.java:logGet(43)) - raft.server.log.queue.byte-limit = 2147483647 (custom)
2019-10-14 12:33:19,650 [pool-47-thread-1] INFO  server.RaftServerConfigKeys (ConfUtils.java:logGet(43)) - raft.server.log.queue.element-limit = 1024 (custom)
2019-10-14 12:33:19,651 [pool-47-thread-1] INFO  server.RaftServerConfigKeys (ConfUtils.java:logGet(43)) - raft.server.log.segment.size.max = 1048576 (custom)
2019-10-14 12:33:19,651 [pool-47-thread-1] INFO  server.RaftServerConfigKeys (ConfUtils.java:logGet(43)) - raft.server.log.preallocated.size = 16384 (custom)
2019-10-14 12:33:19,651 [pool-47-thread-1] INFO  server.RaftServerConfigKeys (ConfUtils.java:logGet(43)) - raft.server.log.write.buffer.size = 33554432 (custom)
2019-10-14 12:33:19,651 [pool-47-thread-1] INFO  server.RaftServerConfigKeys (ConfUtils.java:logGet(43)) - raft.server.log.force.sync.num = 128 (default)
2019-10-14 12:33:19,651 [pool-47-thread-1] INFO  server.RaftServerConfigKeys (ConfUtils.java:logGet(43)) - raft.server.log.statemachine.data.sync = true (default)
2019-10-14 12:33:19,651 [pool-47-thread-1] INFO  server.RaftServerConfigKeys (ConfUtils.java:logGet(43)) - raft.server.log.statemachine.data.sync.timeout = 10s (default)
2019-10-14 12:33:19,651 [pool-47-thread-1] INFO  server.RaftServerConfigKeys (ConfUtils.java:logGet(43)) - raft.server.log.statemachine.data.sync.timeout.retry = -1 (default)
2019-10-14 12:33:19,652 [pool-47-thread-1] INFO  server.RaftServerConfigKeys (ConfUtils.java:logGet(43)) - raft.server.log.statemachine.data.caching.enabled = true (custom)
2019-10-14 12:33:19,652 [pool-47-thread-1] INFO  segmented.SegmentedRaftLogWorker (SegmentedRaftLogWorker.java:lambda$new$0(128)) - 1116cddf-e608-4505-a753-1c7fed89648c@group-503E6191A37F-SegmentedRaftLogWorker: flushIndex: setUnconditionally 0 -> -1
2019-10-14 12:33:19,653 [pool-47-thread-1] INFO  server.RaftServerConfigKeys (ConfUtils.java:logGet(43)) - raft.server.snapshot.auto.trigger.enabled = true (custom)
2019-10-14 12:33:19,653 [pool-47-thread-1] INFO  server.RaftServerConfigKeys (ConfUtils.java:logGet(43)) - raft.server.snapshot.auto.trigger.threshold = 10000 (custom)
2019-10-14 12:33:19,653 [pool-47-thread-1] INFO  server.RaftServerConfigKeys (ConfUtils.java:logGet(43)) - raft.server.snapshot.retention.file.num = 5 (custom)
2019-10-14 12:33:19,653 [pool-47-thread-1] INFO  server.RaftServerConfigKeys (ConfUtils.java:logGet(43)) - raft.server.retrycache.expirytime = 600000ms (custom)
2019-10-14 12:33:19,655 [pool-47-thread-1] INFO  impl.RaftServerImpl (RaftServerImpl.java:start(181)) - 1116cddf-e608-4505-a753-1c7fed89648c@group-503E6191A37F: start as a follower, conf=-1: [1116cddf-e608-4505-a753-1c7fed89648c:192.168.151.107:41101], old=null
2019-10-14 12:33:19,656 [pool-47-thread-1] INFO  impl.RaftServerImpl (RaftServerImpl.java:setRole(170)) - 1116cddf-e608-4505-a753-1c7fed89648c@group-503E6191A37F: changes role from      null to FOLLOWER at term 0 for startAsFollower
2019-10-14 12:33:19,656 [pool-47-thread-1] INFO  impl.RoleInfo (RoleInfo.java:updateAndGet(143)) - 1116cddf-e608-4505-a753-1c7fed89648c: start FollowerState
2019-10-14 12:33:19,656 [pool-47-thread-1] INFO  util.JmxRegister (JmxRegister.java:tryRegister(44)) - Successfully registered JMX Bean with object name Ratis:service=RaftServer,group=group-503E6191A37F,id=1116cddf-e608-4505-a753-1c7fed89648c
2019-10-14 12:33:19,671 [RatisPipelineUtilsThread] INFO  pipeline.PipelineStateManager (PipelineStateManager.java:addPipeline(56)) - Created pipeline Pipeline[ Id: 7da8cfdf-9fea-4d14-af4c-503e6191a37f, Nodes: 1116cddf-e608-4505-a753-1c7fed89648c{ip: 192.168.151.107, host: pr-hdds-2299-hlwdq-549545603, networkLocation: /default-rack, certSerialId: null}, Type:RATIS, Factor:ONE, State:OPEN]
2019-10-14 12:33:19,692 [grpc-default-executor-0] INFO  impl.RaftServerProxy (RaftServerProxy.java:addNew(89)) - 225004a2-1ca7-4fc4-baaf-46e49c876ee0: addNew group-E191D5E0E293:[225004a2-1ca7-4fc4-baaf-46e49c876ee0:192.168.151.107:42899] returns group-E191D5E0E293:java.util.concurrent.CompletableFuture@35243e15[Not completed]
2019-10-14 12:33:19,699 [pool-87-thread-1] INFO  impl.RaftServerImpl (RaftServerImpl.java:<init>(95)) - 225004a2-1ca7-4fc4-baaf-46e49c876ee0: new RaftServerImpl for group-E191D5E0E293:[225004a2-1ca7-4fc4-baaf-46e49c876ee0:192.168.151.107:42899] with ContainerStateMachine:uninitialized
2019-10-14 12:33:19,699 [pool-87-thread-1] INFO  server.RaftServerConfigKeys (ConfUtils.java:logGet(43)) - raft.server.rpc.timeout.min = 5s (custom)
2019-10-14 12:33:19,699 [pool-87-thread-1] INFO  server.RaftServerConfigKeys (ConfUtils.java:logGet(43)) - raft.server.rpc.timeout.max = 5200ms (custom)
2019-10-14 12:33:19,699 [pool-87-thread-1] INFO  server.RaftServerConfigKeys (ConfUtils.java:logGet(43)) - raft.server.rpcslowness.timeout = 120s (custom)
2019-10-14 12:33:19,700 [pool-87-thread-1] INFO  server.RaftServerConfigKeys (ConfUtils.java:logGet(43)) - raft.server.sleep.deviation.threshold = 300 (default)
2019-10-14 12:33:19,700 [pool-87-thread-1] INFO  server.RaftServerConfigKeys (ConfUtils.java:logGet(43)) - raft.server.log.appender.install.snapshot.enabled = false (custom)
2019-10-14 12:33:19,700 [pool-87-thread-1] INFO  impl.RaftServerImpl (ServerState.java:<init>(103)) - 225004a2-1ca7-4fc4-baaf-46e49c876ee0@group-E191D5E0E293: ConfigurationManager, init=-1: [225004a2-1ca7-4fc4-baaf-46e49c876ee0:192.168.151.107:42899], old=null, confs=<EMPTY_MAP>
2019-10-14 12:33:19,700 [pool-87-thread-1] INFO  server.RaftServerConfigKeys (ConfUtils.java:logGet(43)) - raft.server.storage.dir = [/workdir/hadoop-ozone/integration-test/target/test-dir/MiniOzoneClusterImpl-a38ca729-82bc-4a96-ad61-c83170bdaaf4/datanode-6/data/ratis] (custom)
2019-10-14 12:33:19,701 [pool-87-thread-1] INFO  server.RaftServerConfigKeys (ConfUtils.java:logGet(43)) - raft.server.log.corruption.policy = EXCEPTION (default)
2019-10-14 12:33:19,701 [pool-87-thread-1] INFO  storage.RaftStorageDirectory (RaftStorageDirectory.java:analyzeStorage(246)) - The storage directory /workdir/hadoop-ozone/integration-test/target/test-dir/MiniOzoneClusterImpl-a38ca729-82bc-4a96-ad61-c83170bdaaf4/datanode-6/data/ratis/531dcea6-53ea-4b5d-aa8b-e191d5e0e293 does not exist. Creating ...
2019-10-14 12:33:19,725 [pool-87-thread-1] INFO  storage.RaftStorageDirectory (RaftStorageDirectory.java:tryLock(328)) - Lock on /workdir/hadoop-ozone/integration-test/target/test-dir/MiniOzoneClusterImpl-a38ca729-82bc-4a96-ad61-c83170bdaaf4/datanode-6/data/ratis/531dcea6-53ea-4b5d-aa8b-e191d5e0e293/in_use.lock acquired by nodename 22874@pr-hdds-2299-hlwdq-549545603
2019-10-14 12:33:19,739 [pool-87-thread-1] INFO  storage.RaftStorage (RaftStorage.java:format(84)) - Storage directory /workdir/hadoop-ozone/integration-test/target/test-dir/MiniOzoneClusterImpl-a38ca729-82bc-4a96-ad61-c83170bdaaf4/datanode-6/data/ratis/531dcea6-53ea-4b5d-aa8b-e191d5e0e293 has been successfully formatted.
2019-10-14 12:33:19,739 [pool-87-thread-1] INFO  ratis.ContainerStateMachine (ContainerStateMachine.java:loadSnapshot(231)) - group-E191D5E0E293: The snapshot info is null. Setting the last applied indexto:(t:0, i:~)
2019-10-14 12:33:19,740 [pool-87-thread-1] INFO  server.RaftServerConfigKeys (ConfUtils.java:logGet(43)) - raft.server.notification.no-leader.timeout = 120s (custom)
2019-10-14 12:33:19,740 [pool-87-thread-1] INFO  server.RaftServerConfigKeys (ConfUtils.java:logGet(43)) - raft.server.log.use.memory = false (default)
2019-10-14 12:33:19,740 [pool-87-thread-1] INFO  server.RaftServerConfigKeys (ConfUtils.java:logGet(43)) - raft.server.log.purge.gap = 1000000 (custom)
2019-10-14 12:33:19,740 [pool-87-thread-1] INFO  server.RaftServerConfigKeys (ConfUtils.java:logGet(43)) - raft.server.log.appender.buffer.byte-limit = 33554432 (custom)
2019-10-14 12:33:19,740 [pool-87-thread-1] INFO  server.RaftServerConfigKeys (ConfUtils.java:logGet(43)) - raft.server.log.segment.size.max = 1048576 (custom)
2019-10-14 12:33:19,744 [pool-87-thread-1] INFO  server.RaftServerConfigKeys (ConfUtils.java:logGet(43)) - raft.server.log.segment.cache.num.max = 2 (custom)
2019-10-14 12:33:19,744 [pool-87-thread-1] INFO  segmented.SegmentedRaftLogWorker (SegmentedRaftLogWorker.java:<init>(173)) - new 225004a2-1ca7-4fc4-baaf-46e49c876ee0@group-E191D5E0E293-SegmentedRaftLogWorker for RaftStorage:Storage Directory /workdir/hadoop-ozone/integration-test/target/test-dir/MiniOzoneClusterImpl-a38ca729-82bc-4a96-ad61-c83170bdaaf4/datanode-6/data/ratis/531dcea6-53ea-4b5d-aa8b-e191d5e0e293
2019-10-14 12:33:19,744 [pool-87-thread-1] INFO  server.RaftServerConfigKeys (ConfUtils.java:logGet(43)) - raft.server.log.queue.byte-limit = 2147483647 (custom)
2019-10-14 12:33:19,744 [pool-87-thread-1] INFO  server.RaftServerConfigKeys (ConfUtils.java:logGet(43)) - raft.server.log.queue.element-limit = 1024 (custom)
2019-10-14 12:33:19,744 [pool-87-thread-1] INFO  server.RaftServerConfigKeys (ConfUtils.java:logGet(43)) - raft.server.log.segment.size.max = 1048576 (custom)
2019-10-14 12:33:19,744 [pool-87-thread-1] INFO  server.RaftServerConfigKeys (ConfUtils.java:logGet(43)) - raft.server.log.preallocated.size = 16384 (custom)
2019-10-14 12:33:19,745 [pool-87-thread-1] INFO  server.RaftServerConfigKeys (ConfUtils.java:logGet(43)) - raft.server.log.write.buffer.size = 33554432 (custom)
2019-10-14 12:33:19,745 [pool-87-thread-1] INFO  server.RaftServerConfigKeys (ConfUtils.java:logGet(43)) - raft.server.log.force.sync.num = 128 (default)
2019-10-14 12:33:19,745 [pool-87-thread-1] INFO  server.RaftServerConfigKeys (ConfUtils.java:logGet(43)) - raft.server.log.statemachine.data.sync = true (default)
2019-10-14 12:33:19,745 [pool-87-thread-1] INFO  server.RaftServerConfigKeys (ConfUtils.java:logGet(43)) - raft.server.log.statemachine.data.sync.timeout = 10s (default)
2019-10-14 12:33:19,745 [pool-87-thread-1] INFO  server.RaftServerConfigKeys (ConfUtils.java:logGet(43)) - raft.server.log.statemachine.data.sync.timeout.retry = -1 (default)
2019-10-14 12:33:19,746 [pool-87-thread-1] INFO  server.RaftServerConfigKeys (ConfUtils.java:logGet(43)) - raft.server.log.statemachine.data.caching.enabled = true (custom)
2019-10-14 12:33:19,746 [pool-87-thread-1] INFO  segmented.SegmentedRaftLogWorker (SegmentedRaftLogWorker.java:lambda$new$0(128)) - 225004a2-1ca7-4fc4-baaf-46e49c876ee0@group-E191D5E0E293-SegmentedRaftLogWorker: flushIndex: setUnconditionally 0 -> -1
2019-10-14 12:33:19,747 [pool-87-thread-1] INFO  server.RaftServerConfigKeys (ConfUtils.java:logGet(43)) - raft.server.snapshot.auto.trigger.enabled = true (custom)
2019-10-14 12:33:19,747 [pool-87-thread-1] INFO  server.RaftServerConfigKeys (ConfUtils.java:logGet(43)) - raft.server.snapshot.auto.trigger.threshold = 10000 (custom)
2019-10-14 12:33:19,747 [pool-87-thread-1] INFO  server.RaftServerConfigKeys (ConfUtils.java:logGet(43)) - raft.server.snapshot.retention.file.num = 5 (custom)
2019-10-14 12:33:19,747 [pool-87-thread-1] INFO  server.RaftServerConfigKeys (ConfUtils.java:logGet(43)) - raft.server.retrycache.expirytime = 600000ms (custom)
2019-10-14 12:33:19,750 [pool-87-thread-1] INFO  impl.RaftServerImpl (RaftServerImpl.java:start(181)) - 225004a2-1ca7-4fc4-baaf-46e49c876ee0@group-E191D5E0E293: start as a follower, conf=-1: [225004a2-1ca7-4fc4-baaf-46e49c876ee0:192.168.151.107:42899], old=null
2019-10-14 12:33:19,750 [pool-87-thread-1] INFO  impl.RaftServerImpl (RaftServerImpl.java:setRole(170)) - 225004a2-1ca7-4fc4-baaf-46e49c876ee0@group-E191D5E0E293: changes role from      null to FOLLOWER at term 0 for startAsFollower
2019-10-14 12:33:19,750 [pool-87-thread-1] INFO  impl.RoleInfo (RoleInfo.java:updateAndGet(143)) - 225004a2-1ca7-4fc4-baaf-46e49c876ee0: start FollowerState
2019-10-14 12:33:19,751 [pool-87-thread-1] INFO  util.JmxRegister (JmxRegister.java:tryRegister(44)) - Successfully registered JMX Bean with object name Ratis:service=RaftServer,group=group-E191D5E0E293,id=225004a2-1ca7-4fc4-baaf-46e49c876ee0
2019-10-14 12:33:19,772 [RatisPipelineUtilsThread] INFO  pipeline.PipelineStateManager (PipelineStateManager.java:addPipeline(56)) - Created pipeline Pipeline[ Id: 531dcea6-53ea-4b5d-aa8b-e191d5e0e293, Nodes: 225004a2-1ca7-4fc4-baaf-46e49c876ee0{ip: 192.168.151.107, host: pr-hdds-2299-hlwdq-549545603, networkLocation: /default-rack, certSerialId: null}, Type:RATIS, Factor:ONE, State:OPEN]
2019-10-14 12:33:19,803 [grpc-default-executor-2] INFO  impl.RaftServerProxy (RaftServerProxy.java:addNew(89)) - 3fa750ff-58d9-4caf-ad70-bb254302d29f: addNew group-808C6B526DCA:[3fa750ff-58d9-4caf-ad70-bb254302d29f:192.168.151.107:42856, f32c6c94-b69c-4748-9195-84d8cc72c9b5:192.168.151.107:46633, 0e49daa5-0cf4-42c8-a9a2-945b19550869:192.168.151.107:37106] returns group-808C6B526DCA:java.util.concurrent.CompletableFuture@577c4c40[Not completed]
2019-10-14 12:33:19,803 [grpc-default-executor-1] INFO  impl.RaftServerProxy (RaftServerProxy.java:addNew(89)) - 0e49daa5-0cf4-42c8-a9a2-945b19550869: addNew group-808C6B526DCA:[3fa750ff-58d9-4caf-ad70-bb254302d29f:192.168.151.107:42856, f32c6c94-b69c-4748-9195-84d8cc72c9b5:192.168.151.107:46633, 0e49daa5-0cf4-42c8-a9a2-945b19550869:192.168.151.107:37106] returns group-808C6B526DCA:java.util.concurrent.CompletableFuture@7ca95d81[Not completed]
2019-10-14 12:33:19,806 [grpc-default-executor-1] INFO  impl.RaftServerProxy (RaftServerProxy.java:addNew(89)) - f32c6c94-b69c-4748-9195-84d8cc72c9b5: addNew group-808C6B526DCA:[3fa750ff-58d9-4caf-ad70-bb254302d29f:192.168.151.107:42856, f32c6c94-b69c-4748-9195-84d8cc72c9b5:192.168.151.107:46633, 0e49daa5-0cf4-42c8-a9a2-945b19550869:192.168.151.107:37106] returns group-808C6B526DCA:java.util.concurrent.CompletableFuture@7896c6cc[Not completed]
2019-10-14 12:33:19,807 [pool-37-thread-1] INFO  impl.RaftServerImpl (RaftServerImpl.java:<init>(95)) - 3fa750ff-58d9-4caf-ad70-bb254302d29f: new RaftServerImpl for group-808C6B526DCA:[3fa750ff-58d9-4caf-ad70-bb254302d29f:192.168.151.107:42856, f32c6c94-b69c-4748-9195-84d8cc72c9b5:192.168.151.107:46633, 0e49daa5-0cf4-42c8-a9a2-945b19550869:192.168.151.107:37106] with ContainerStateMachine:uninitialized
2019-10-14 12:33:19,807 [pool-37-thread-1] INFO  server.RaftServerConfigKeys (ConfUtils.java:logGet(43)) - raft.server.rpc.timeout.min = 5s (custom)
2019-10-14 12:33:19,807 [pool-37-thread-1] INFO  server.RaftServerConfigKeys (ConfUtils.java:logGet(43)) - raft.server.rpc.timeout.max = 5200ms (custom)
2019-10-14 12:33:19,808 [pool-37-thread-1] INFO  server.RaftServerConfigKeys (ConfUtils.java:logGet(43)) - raft.server.rpcslowness.timeout = 120s (custom)
2019-10-14 12:33:19,808 [pool-37-thread-1] INFO  server.RaftServerConfigKeys (ConfUtils.java:logGet(43)) - raft.server.sleep.deviation.threshold = 300 (default)
2019-10-14 12:33:19,808 [pool-37-thread-1] INFO  server.RaftServerConfigKeys (ConfUtils.java:logGet(43)) - raft.server.log.appender.install.snapshot.enabled = false (custom)
2019-10-14 12:33:19,808 [pool-57-thread-1] INFO  impl.RaftServerImpl (RaftServerImpl.java:<init>(95)) - 0e49daa5-0cf4-42c8-a9a2-945b19550869: new RaftServerImpl for group-808C6B526DCA:[3fa750ff-58d9-4caf-ad70-bb254302d29f:192.168.151.107:42856, f32c6c94-b69c-4748-9195-84d8cc72c9b5:192.168.151.107:46633, 0e49daa5-0cf4-42c8-a9a2-945b19550869:192.168.151.107:37106] with ContainerStateMachine:uninitialized
2019-10-14 12:33:19,808 [pool-37-thread-1] INFO  impl.RaftServerImpl (ServerState.java:<init>(103)) - 3fa750ff-58d9-4caf-ad70-bb254302d29f@group-808C6B526DCA: ConfigurationManager, init=-1: [3fa750ff-58d9-4caf-ad70-bb254302d29f:192.168.151.107:42856, f32c6c94-b69c-4748-9195-84d8cc72c9b5:192.168.151.107:46633, 0e49daa5-0cf4-42c8-a9a2-945b19550869:192.168.151.107:37106], old=null, confs=<EMPTY_MAP>
2019-10-14 12:33:19,808 [pool-57-thread-1] INFO  server.RaftServerConfigKeys (ConfUtils.java:logGet(43)) - raft.server.rpc.timeout.min = 5s (custom)
2019-10-14 12:33:19,808 [pool-37-thread-1] INFO  server.RaftServerConfigKeys (ConfUtils.java:logGet(43)) - raft.server.storage.dir = [/workdir/hadoop-ozone/integration-test/target/test-dir/MiniOzoneClusterImpl-a38ca729-82bc-4a96-ad61-c83170bdaaf4/datanode-1/data/ratis] (custom)
2019-10-14 12:33:19,809 [pool-57-thread-1] INFO  server.RaftServerConfigKeys (ConfUtils.java:logGet(43)) - raft.server.rpc.timeout.max = 5200ms (custom)
2019-10-14 12:33:19,809 [pool-57-thread-1] INFO  server.RaftServerConfigKeys (ConfUtils.java:logGet(43)) - raft.server.rpcslowness.timeout = 120s (custom)
2019-10-14 12:33:19,809 [pool-57-thread-1] INFO  server.RaftServerConfigKeys (ConfUtils.java:logGet(43)) - raft.server.sleep.deviation.threshold = 300 (default)
2019-10-14 12:33:19,809 [pool-37-thread-1] INFO  server.RaftServerConfigKeys (ConfUtils.java:logGet(43)) - raft.server.log.corruption.policy = EXCEPTION (default)
2019-10-14 12:33:19,809 [pool-57-thread-1] INFO  server.RaftServerConfigKeys (ConfUtils.java:logGet(43)) - raft.server.log.appender.install.snapshot.enabled = false (custom)
2019-10-14 12:33:19,809 [pool-37-thread-1] INFO  storage.RaftStorageDirectory (RaftStorageDirectory.java:analyzeStorage(246)) - The storage directory /workdir/hadoop-ozone/integration-test/target/test-dir/MiniOzoneClusterImpl-a38ca729-82bc-4a96-ad61-c83170bdaaf4/datanode-1/data/ratis/9394c2da-4155-4e02-8858-808c6b526dca does not exist. Creating ...
2019-10-14 12:33:19,809 [pool-67-thread-1] INFO  impl.RaftServerImpl (RaftServerImpl.java:<init>(95)) - f32c6c94-b69c-4748-9195-84d8cc72c9b5: new RaftServerImpl for group-808C6B526DCA:[3fa750ff-58d9-4caf-ad70-bb254302d29f:192.168.151.107:42856, f32c6c94-b69c-4748-9195-84d8cc72c9b5:192.168.151.107:46633, 0e49daa5-0cf4-42c8-a9a2-945b19550869:192.168.151.107:37106] with ContainerStateMachine:uninitialized
2019-10-14 12:33:19,809 [pool-57-thread-1] INFO  impl.RaftServerImpl (ServerState.java:<init>(103)) - 0e49daa5-0cf4-42c8-a9a2-945b19550869@group-808C6B526DCA: ConfigurationManager, init=-1: [3fa750ff-58d9-4caf-ad70-bb254302d29f:192.168.151.107:42856, f32c6c94-b69c-4748-9195-84d8cc72c9b5:192.168.151.107:46633, 0e49daa5-0cf4-42c8-a9a2-945b19550869:192.168.151.107:37106], old=null, confs=<EMPTY_MAP>
2019-10-14 12:33:19,810 [pool-67-thread-1] INFO  server.RaftServerConfigKeys (ConfUtils.java:logGet(43)) - raft.server.rpc.timeout.min = 5s (custom)
2019-10-14 12:33:19,810 [pool-57-thread-1] INFO  server.RaftServerConfigKeys (ConfUtils.java:logGet(43)) - raft.server.storage.dir = [/workdir/hadoop-ozone/integration-test/target/test-dir/MiniOzoneClusterImpl-a38ca729-82bc-4a96-ad61-c83170bdaaf4/datanode-3/data/ratis] (custom)
2019-10-14 12:33:19,810 [pool-67-thread-1] INFO  server.RaftServerConfigKeys (ConfUtils.java:logGet(43)) - raft.server.rpc.timeout.max = 5200ms (custom)
2019-10-14 12:33:19,810 [pool-57-thread-1] INFO  server.RaftServerConfigKeys (ConfUtils.java:logGet(43)) - raft.server.log.corruption.policy = EXCEPTION (default)
2019-10-14 12:33:19,810 [pool-67-thread-1] INFO  server.RaftServerConfigKeys (ConfUtils.java:logGet(43)) - raft.server.rpcslowness.timeout = 120s (custom)
2019-10-14 12:33:19,810 [pool-57-thread-1] INFO  storage.RaftStorageDirectory (RaftStorageDirectory.java:analyzeStorage(246)) - The storage directory /workdir/hadoop-ozone/integration-test/target/test-dir/MiniOzoneClusterImpl-a38ca729-82bc-4a96-ad61-c83170bdaaf4/datanode-3/data/ratis/9394c2da-4155-4e02-8858-808c6b526dca does not exist. Creating ...
2019-10-14 12:33:19,811 [pool-67-thread-1] INFO  server.RaftServerConfigKeys (ConfUtils.java:logGet(43)) - raft.server.sleep.deviation.threshold = 300 (default)
2019-10-14 12:33:19,811 [pool-67-thread-1] INFO  server.RaftServerConfigKeys (ConfUtils.java:logGet(43)) - raft.server.log.appender.install.snapshot.enabled = false (custom)
2019-10-14 12:33:19,811 [pool-67-thread-1] INFO  impl.RaftServerImpl (ServerState.java:<init>(103)) - f32c6c94-b69c-4748-9195-84d8cc72c9b5@group-808C6B526DCA: ConfigurationManager, init=-1: [3fa750ff-58d9-4caf-ad70-bb254302d29f:192.168.151.107:42856, f32c6c94-b69c-4748-9195-84d8cc72c9b5:192.168.151.107:46633, 0e49daa5-0cf4-42c8-a9a2-945b19550869:192.168.151.107:37106], old=null, confs=<EMPTY_MAP>
2019-10-14 12:33:19,811 [pool-67-thread-1] INFO  server.RaftServerConfigKeys (ConfUtils.java:logGet(43)) - raft.server.storage.dir = [/workdir/hadoop-ozone/integration-test/target/test-dir/MiniOzoneClusterImpl-a38ca729-82bc-4a96-ad61-c83170bdaaf4/datanode-4/data/ratis] (custom)
2019-10-14 12:33:19,812 [pool-67-thread-1] INFO  server.RaftServerConfigKeys (ConfUtils.java:logGet(43)) - raft.server.log.corruption.policy = EXCEPTION (default)
2019-10-14 12:33:19,812 [pool-67-thread-1] INFO  storage.RaftStorageDirectory (RaftStorageDirectory.java:analyzeStorage(246)) - The storage directory /workdir/hadoop-ozone/integration-test/target/test-dir/MiniOzoneClusterImpl-a38ca729-82bc-4a96-ad61-c83170bdaaf4/datanode-4/data/ratis/9394c2da-4155-4e02-8858-808c6b526dca does not exist. Creating ...
2019-10-14 12:33:19,823 [pool-37-thread-1] INFO  storage.RaftStorageDirectory (RaftStorageDirectory.java:tryLock(328)) - Lock on /workdir/hadoop-ozone/integration-test/target/test-dir/MiniOzoneClusterImpl-a38ca729-82bc-4a96-ad61-c83170bdaaf4/datanode-1/data/ratis/9394c2da-4155-4e02-8858-808c6b526dca/in_use.lock acquired by nodename 22874@pr-hdds-2299-hlwdq-549545603
2019-10-14 12:33:19,823 [pool-57-thread-1] INFO  storage.RaftStorageDirectory (RaftStorageDirectory.java:tryLock(328)) - Lock on /workdir/hadoop-ozone/integration-test/target/test-dir/MiniOzoneClusterImpl-a38ca729-82bc-4a96-ad61-c83170bdaaf4/datanode-3/data/ratis/9394c2da-4155-4e02-8858-808c6b526dca/in_use.lock acquired by nodename 22874@pr-hdds-2299-hlwdq-549545603
2019-10-14 12:33:19,823 [pool-67-thread-1] INFO  storage.RaftStorageDirectory (RaftStorageDirectory.java:tryLock(328)) - Lock on /workdir/hadoop-ozone/integration-test/target/test-dir/MiniOzoneClusterImpl-a38ca729-82bc-4a96-ad61-c83170bdaaf4/datanode-4/data/ratis/9394c2da-4155-4e02-8858-808c6b526dca/in_use.lock acquired by nodename 22874@pr-hdds-2299-hlwdq-549545603
2019-10-14 12:33:19,837 [pool-37-thread-1] INFO  storage.RaftStorage (RaftStorage.java:format(84)) - Storage directory /workdir/hadoop-ozone/integration-test/target/test-dir/MiniOzoneClusterImpl-a38ca729-82bc-4a96-ad61-c83170bdaaf4/datanode-1/data/ratis/9394c2da-4155-4e02-8858-808c6b526dca has been successfully formatted.
2019-10-14 12:33:19,837 [pool-67-thread-1] INFO  storage.RaftStorage (RaftStorage.java:format(84)) - Storage directory /workdir/hadoop-ozone/integration-test/target/test-dir/MiniOzoneClusterImpl-a38ca729-82bc-4a96-ad61-c83170bdaaf4/datanode-4/data/ratis/9394c2da-4155-4e02-8858-808c6b526dca has been successfully formatted.
2019-10-14 12:33:19,837 [pool-57-thread-1] INFO  storage.RaftStorage (RaftStorage.java:format(84)) - Storage directory /workdir/hadoop-ozone/integration-test/target/test-dir/MiniOzoneClusterImpl-a38ca729-82bc-4a96-ad61-c83170bdaaf4/datanode-3/data/ratis/9394c2da-4155-4e02-8858-808c6b526dca has been successfully formatted.
2019-10-14 12:33:19,837 [pool-37-thread-1] INFO  ratis.ContainerStateMachine (ContainerStateMachine.java:loadSnapshot(231)) - group-808C6B526DCA: The snapshot info is null. Setting the last applied indexto:(t:0, i:~)
2019-10-14 12:33:19,838 [pool-67-thread-1] INFO  ratis.ContainerStateMachine (ContainerStateMachine.java:loadSnapshot(231)) - group-808C6B526DCA: The snapshot info is null. Setting the last applied indexto:(t:0, i:~)
2019-10-14 12:33:19,838 [pool-37-thread-1] INFO  server.RaftServerConfigKeys (ConfUtils.java:logGet(43)) - raft.server.notification.no-leader.timeout = 120s (custom)
2019-10-14 12:33:19,838 [pool-57-thread-1] INFO  ratis.ContainerStateMachine (ContainerStateMachine.java:loadSnapshot(231)) - group-808C6B526DCA: The snapshot info is null. Setting the last applied indexto:(t:0, i:~)
2019-10-14 12:33:19,838 [pool-37-thread-1] INFO  server.RaftServerConfigKeys (ConfUtils.java:logGet(43)) - raft.server.log.use.memory = false (default)
2019-10-14 12:33:19,838 [pool-67-thread-1] INFO  server.RaftServerConfigKeys (ConfUtils.java:logGet(43)) - raft.server.notification.no-leader.timeout = 120s (custom)
2019-10-14 12:33:19,838 [pool-37-thread-1] INFO  server.RaftServerConfigKeys (ConfUtils.java:logGet(43)) - raft.server.log.purge.gap = 1000000 (custom)
2019-10-14 12:33:19,838 [pool-57-thread-1] INFO  server.RaftServerConfigKeys (ConfUtils.java:logGet(43)) - raft.server.notification.no-leader.timeout = 120s (custom)
2019-10-14 12:33:19,839 [pool-37-thread-1] INFO  server.RaftServerConfigKeys (ConfUtils.java:logGet(43)) - raft.server.log.appender.buffer.byte-limit = 33554432 (custom)
2019-10-14 12:33:19,839 [pool-67-thread-1] INFO  server.RaftServerConfigKeys (ConfUtils.java:logGet(43)) - raft.server.log.use.memory = false (default)
2019-10-14 12:33:19,839 [pool-37-thread-1] INFO  server.RaftServerConfigKeys (ConfUtils.java:logGet(43)) - raft.server.log.segment.size.max = 1048576 (custom)
2019-10-14 12:33:19,839 [pool-57-thread-1] INFO  server.RaftServerConfigKeys (ConfUtils.java:logGet(43)) - raft.server.log.use.memory = false (default)
2019-10-14 12:33:19,840 [pool-37-thread-1] INFO  server.RaftServerConfigKeys (ConfUtils.java:logGet(43)) - raft.server.log.segment.cache.num.max = 2 (custom)
2019-10-14 12:33:19,839 [pool-67-thread-1] INFO  server.RaftServerConfigKeys (ConfUtils.java:logGet(43)) - raft.server.log.purge.gap = 1000000 (custom)
2019-10-14 12:33:19,840 [pool-37-thread-1] INFO  segmented.SegmentedRaftLogWorker (SegmentedRaftLogWorker.java:<init>(173)) - new 3fa750ff-58d9-4caf-ad70-bb254302d29f@group-808C6B526DCA-SegmentedRaftLogWorker for RaftStorage:Storage Directory /workdir/hadoop-ozone/integration-test/target/test-dir/MiniOzoneClusterImpl-a38ca729-82bc-4a96-ad61-c83170bdaaf4/datanode-1/data/ratis/9394c2da-4155-4e02-8858-808c6b526dca
2019-10-14 12:33:19,840 [pool-57-thread-1] INFO  server.RaftServerConfigKeys (ConfUtils.java:logGet(43)) - raft.server.log.purge.gap = 1000000 (custom)
2019-10-14 12:33:19,840 [pool-37-thread-1] INFO  server.RaftServerConfigKeys (ConfUtils.java:logGet(43)) - raft.server.log.queue.byte-limit = 2147483647 (custom)
2019-10-14 12:33:19,840 [pool-67-thread-1] INFO  server.RaftServerConfigKeys (ConfUtils.java:logGet(43)) - raft.server.log.appender.buffer.byte-limit = 33554432 (custom)
2019-10-14 12:33:19,841 [pool-37-thread-1] INFO  server.RaftServerConfigKeys (ConfUtils.java:logGet(43)) - raft.server.log.queue.element-limit = 1024 (custom)
2019-10-14 12:33:19,840 [pool-57-thread-1] INFO  server.RaftServerConfigKeys (ConfUtils.java:logGet(43)) - raft.server.log.appender.buffer.byte-limit = 33554432 (custom)
2019-10-14 12:33:19,841 [pool-37-thread-1] INFO  server.RaftServerConfigKeys (ConfUtils.java:logGet(43)) - raft.server.log.segment.size.max = 1048576 (custom)
2019-10-14 12:33:19,841 [pool-67-thread-1] INFO  server.RaftServerConfigKeys (ConfUtils.java:logGet(43)) - raft.server.log.segment.size.max = 1048576 (custom)
2019-10-14 12:33:19,841 [pool-37-thread-1] INFO  server.RaftServerConfigKeys (ConfUtils.java:logGet(43)) - raft.server.log.preallocated.size = 16384 (custom)
2019-10-14 12:33:19,841 [pool-57-thread-1] INFO  server.RaftServerConfigKeys (ConfUtils.java:logGet(43)) - raft.server.log.segment.size.max = 1048576 (custom)
2019-10-14 12:33:19,842 [pool-37-thread-1] INFO  server.RaftServerConfigKeys (ConfUtils.java:logGet(43)) - raft.server.log.write.buffer.size = 33554432 (custom)
2019-10-14 12:33:19,841 [pool-67-thread-1] INFO  server.RaftServerConfigKeys (ConfUtils.java:logGet(43)) - raft.server.log.segment.cache.num.max = 2 (custom)
2019-10-14 12:33:19,842 [pool-37-thread-1] INFO  server.RaftServerConfigKeys (ConfUtils.java:logGet(43)) - raft.server.log.force.sync.num = 128 (default)
2019-10-14 12:33:19,842 [pool-57-thread-1] INFO  server.RaftServerConfigKeys (ConfUtils.java:logGet(43)) - raft.server.log.segment.cache.num.max = 2 (custom)
2019-10-14 12:33:19,842 [pool-37-thread-1] INFO  server.RaftServerConfigKeys (ConfUtils.java:logGet(43)) - raft.server.log.statemachine.data.sync = true (default)
2019-10-14 12:33:19,842 [pool-67-thread-1] INFO  segmented.SegmentedRaftLogWorker (SegmentedRaftLogWorker.java:<init>(173)) - new f32c6c94-b69c-4748-9195-84d8cc72c9b5@group-808C6B526DCA-SegmentedRaftLogWorker for RaftStorage:Storage Directory /workdir/hadoop-ozone/integration-test/target/test-dir/MiniOzoneClusterImpl-a38ca729-82bc-4a96-ad61-c83170bdaaf4/datanode-4/data/ratis/9394c2da-4155-4e02-8858-808c6b526dca
2019-10-14 12:33:19,843 [pool-37-thread-1] INFO  server.RaftServerConfigKeys (ConfUtils.java:logGet(43)) - raft.server.log.statemachine.data.sync.timeout = 10s (default)
2019-10-14 12:33:19,842 [pool-57-thread-1] INFO  segmented.SegmentedRaftLogWorker (SegmentedRaftLogWorker.java:<init>(173)) - new 0e49daa5-0cf4-42c8-a9a2-945b19550869@group-808C6B526DCA-SegmentedRaftLogWorker for RaftStorage:Storage Directory /workdir/hadoop-ozone/integration-test/target/test-dir/MiniOzoneClusterImpl-a38ca729-82bc-4a96-ad61-c83170bdaaf4/datanode-3/data/ratis/9394c2da-4155-4e02-8858-808c6b526dca
2019-10-14 12:33:19,843 [pool-37-thread-1] INFO  server.RaftServerConfigKeys (ConfUtils.java:logGet(43)) - raft.server.log.statemachine.data.sync.timeout.retry = -1 (default)
2019-10-14 12:33:19,843 [pool-67-thread-1] INFO  server.RaftServerConfigKeys (ConfUtils.java:logGet(43)) - raft.server.log.queue.byte-limit = 2147483647 (custom)
2019-10-14 12:33:19,843 [pool-37-thread-1] INFO  server.RaftServerConfigKeys (ConfUtils.java:logGet(43)) - raft.server.log.statemachine.data.caching.enabled = true (custom)
2019-10-14 12:33:19,843 [pool-57-thread-1] INFO  server.RaftServerConfigKeys (ConfUtils.java:logGet(43)) - raft.server.log.queue.byte-limit = 2147483647 (custom)
2019-10-14 12:33:19,843 [pool-67-thread-1] INFO  server.RaftServerConfigKeys (ConfUtils.java:logGet(43)) - raft.server.log.queue.element-limit = 1024 (custom)
2019-10-14 12:33:19,844 [pool-37-thread-1] INFO  segmented.SegmentedRaftLogWorker (SegmentedRaftLogWorker.java:lambda$new$0(128)) - 3fa750ff-58d9-4caf-ad70-bb254302d29f@group-808C6B526DCA-SegmentedRaftLogWorker: flushIndex: setUnconditionally 0 -> -1
2019-10-14 12:33:19,844 [pool-57-thread-1] INFO  server.RaftServerConfigKeys (ConfUtils.java:logGet(43)) - raft.server.log.queue.element-limit = 1024 (custom)
2019-10-14 12:33:19,844 [pool-67-thread-1] INFO  server.RaftServerConfigKeys (ConfUtils.java:logGet(43)) - raft.server.log.segment.size.max = 1048576 (custom)
2019-10-14 12:33:19,844 [pool-57-thread-1] INFO  server.RaftServerConfigKeys (ConfUtils.java:logGet(43)) - raft.server.log.segment.size.max = 1048576 (custom)
2019-10-14 12:33:19,844 [pool-37-thread-1] INFO  server.RaftServerConfigKeys (ConfUtils.java:logGet(43)) - raft.server.snapshot.auto.trigger.enabled = true (custom)
2019-10-14 12:33:19,845 [pool-57-thread-1] INFO  server.RaftServerConfigKeys (ConfUtils.java:logGet(43)) - raft.server.log.preallocated.size = 16384 (custom)
2019-10-14 12:33:19,845 [pool-67-thread-1] INFO  server.RaftServerConfigKeys (ConfUtils.java:logGet(43)) - raft.server.log.preallocated.size = 16384 (custom)
2019-10-14 12:33:19,845 [pool-57-thread-1] INFO  server.RaftServerConfigKeys (ConfUtils.java:logGet(43)) - raft.server.log.write.buffer.size = 33554432 (custom)
2019-10-14 12:33:19,845 [pool-37-thread-1] INFO  server.RaftServerConfigKeys (ConfUtils.java:logGet(43)) - raft.server.snapshot.auto.trigger.threshold = 10000 (custom)
2019-10-14 12:33:19,845 [pool-57-thread-1] INFO  server.RaftServerConfigKeys (ConfUtils.java:logGet(43)) - raft.server.log.force.sync.num = 128 (default)
2019-10-14 12:33:19,846 [pool-57-thread-1] INFO  server.RaftServerConfigKeys (ConfUtils.java:logGet(43)) - raft.server.log.statemachine.data.sync = true (default)
2019-10-14 12:33:19,845 [pool-67-thread-1] INFO  server.RaftServerConfigKeys (ConfUtils.java:logGet(43)) - raft.server.log.write.buffer.size = 33554432 (custom)
2019-10-14 12:33:19,846 [pool-57-thread-1] INFO  server.RaftServerConfigKeys (ConfUtils.java:logGet(43)) - raft.server.log.statemachine.data.sync.timeout = 10s (default)
2019-10-14 12:33:19,846 [pool-37-thread-1] INFO  server.RaftServerConfigKeys (ConfUtils.java:logGet(43)) - raft.server.snapshot.retention.file.num = 5 (custom)
2019-10-14 12:33:19,846 [pool-57-thread-1] INFO  server.RaftServerConfigKeys (ConfUtils.java:logGet(43)) - raft.server.log.statemachine.data.sync.timeout.retry = -1 (default)
2019-10-14 12:33:19,846 [pool-67-thread-1] INFO  server.RaftServerConfigKeys (ConfUtils.java:logGet(43)) - raft.server.log.force.sync.num = 128 (default)
2019-10-14 12:33:19,847 [pool-57-thread-1] INFO  server.RaftServerConfigKeys (ConfUtils.java:logGet(43)) - raft.server.log.statemachine.data.caching.enabled = true (custom)
2019-10-14 12:33:19,847 [pool-37-thread-1] INFO  server.RaftServerConfigKeys (ConfUtils.java:logGet(43)) - raft.server.retrycache.expirytime = 600000ms (custom)
2019-10-14 12:33:19,847 [pool-67-thread-1] INFO  server.RaftServerConfigKeys (ConfUtils.java:logGet(43)) - raft.server.log.statemachine.data.sync = true (default)
2019-10-14 12:33:19,847 [pool-57-thread-1] INFO  segmented.SegmentedRaftLogWorker (SegmentedRaftLogWorker.java:lambda$new$0(128)) - 0e49daa5-0cf4-42c8-a9a2-945b19550869@group-808C6B526DCA-SegmentedRaftLogWorker: flushIndex: setUnconditionally 0 -> -1
2019-10-14 12:33:19,847 [pool-67-thread-1] INFO  server.RaftServerConfigKeys (ConfUtils.java:logGet(43)) - raft.server.log.statemachine.data.sync.timeout = 10s (default)
2019-10-14 12:33:19,848 [pool-57-thread-1] INFO  server.RaftServerConfigKeys (ConfUtils.java:logGet(43)) - raft.server.snapshot.auto.trigger.enabled = true (custom)
2019-10-14 12:33:19,848 [pool-67-thread-1] INFO  server.RaftServerConfigKeys (ConfUtils.java:logGet(43)) - raft.server.log.statemachine.data.sync.timeout.retry = -1 (default)
2019-10-14 12:33:19,848 [pool-57-thread-1] INFO  server.RaftServerConfigKeys (ConfUtils.java:logGet(43)) - raft.server.snapshot.auto.trigger.threshold = 10000 (custom)
2019-10-14 12:33:19,848 [pool-57-thread-1] INFO  server.RaftServerConfigKeys (ConfUtils.java:logGet(43)) - raft.server.snapshot.retention.file.num = 5 (custom)
2019-10-14 12:33:19,848 [pool-67-thread-1] INFO  server.RaftServerConfigKeys (ConfUtils.java:logGet(43)) - raft.server.log.statemachine.data.caching.enabled = true (custom)
2019-10-14 12:33:19,849 [pool-57-thread-1] INFO  server.RaftServerConfigKeys (ConfUtils.java:logGet(43)) - raft.server.retrycache.expirytime = 600000ms (custom)
2019-10-14 12:33:19,849 [pool-67-thread-1] INFO  segmented.SegmentedRaftLogWorker (SegmentedRaftLogWorker.java:lambda$new$0(128)) - f32c6c94-b69c-4748-9195-84d8cc72c9b5@group-808C6B526DCA-SegmentedRaftLogWorker: flushIndex: setUnconditionally 0 -> -1
2019-10-14 12:33:19,849 [pool-67-thread-1] INFO  server.RaftServerConfigKeys (ConfUtils.java:logGet(43)) - raft.server.snapshot.auto.trigger.enabled = true (custom)
2019-10-14 12:33:19,850 [pool-67-thread-1] INFO  server.RaftServerConfigKeys (ConfUtils.java:logGet(43)) - raft.server.snapshot.auto.trigger.threshold = 10000 (custom)
2019-10-14 12:33:19,850 [pool-67-thread-1] INFO  server.RaftServerConfigKeys (ConfUtils.java:logGet(43)) - raft.server.snapshot.retention.file.num = 5 (custom)
2019-10-14 12:33:19,850 [pool-67-thread-1] INFO  server.RaftServerConfigKeys (ConfUtils.java:logGet(43)) - raft.server.retrycache.expirytime = 600000ms (custom)
2019-10-14 12:33:19,851 [pool-37-thread-1] INFO  impl.RaftServerImpl (RaftServerImpl.java:start(181)) - 3fa750ff-58d9-4caf-ad70-bb254302d29f@group-808C6B526DCA: start as a follower, conf=-1: [3fa750ff-58d9-4caf-ad70-bb254302d29f:192.168.151.107:42856, f32c6c94-b69c-4748-9195-84d8cc72c9b5:192.168.151.107:46633, 0e49daa5-0cf4-42c8-a9a2-945b19550869:192.168.151.107:37106], old=null
2019-10-14 12:33:19,852 [pool-37-thread-1] INFO  impl.RaftServerImpl (RaftServerImpl.java:setRole(170)) - 3fa750ff-58d9-4caf-ad70-bb254302d29f@group-808C6B526DCA: changes role from      null to FOLLOWER at term 0 for startAsFollower
2019-10-14 12:33:19,852 [pool-37-thread-1] INFO  impl.RoleInfo (RoleInfo.java:updateAndGet(143)) - 3fa750ff-58d9-4caf-ad70-bb254302d29f: start FollowerState
2019-10-14 12:33:19,852 [pool-37-thread-1] INFO  util.JmxRegister (JmxRegister.java:tryRegister(44)) - Successfully registered JMX Bean with object name Ratis:service=RaftServer,group=group-808C6B526DCA,id=3fa750ff-58d9-4caf-ad70-bb254302d29f
2019-10-14 12:33:19,853 [pool-57-thread-1] INFO  impl.RaftServerImpl (RaftServerImpl.java:start(181)) - 0e49daa5-0cf4-42c8-a9a2-945b19550869@group-808C6B526DCA: start as a follower, conf=-1: [3fa750ff-58d9-4caf-ad70-bb254302d29f:192.168.151.107:42856, f32c6c94-b69c-4748-9195-84d8cc72c9b5:192.168.151.107:46633, 0e49daa5-0cf4-42c8-a9a2-945b19550869:192.168.151.107:37106], old=null
2019-10-14 12:33:19,853 [pool-57-thread-1] INFO  impl.RaftServerImpl (RaftServerImpl.java:setRole(170)) - 0e49daa5-0cf4-42c8-a9a2-945b19550869@group-808C6B526DCA: changes role from      null to FOLLOWER at term 0 for startAsFollower
2019-10-14 12:33:19,853 [pool-57-thread-1] INFO  impl.RoleInfo (RoleInfo.java:updateAndGet(143)) - 0e49daa5-0cf4-42c8-a9a2-945b19550869: start FollowerState
2019-10-14 12:33:19,854 [pool-57-thread-1] INFO  util.JmxRegister (JmxRegister.java:tryRegister(44)) - Successfully registered JMX Bean with object name Ratis:service=RaftServer,group=group-808C6B526DCA,id=0e49daa5-0cf4-42c8-a9a2-945b19550869
2019-10-14 12:33:19,855 [pool-67-thread-1] INFO  impl.RaftServerImpl (RaftServerImpl.java:start(181)) - f32c6c94-b69c-4748-9195-84d8cc72c9b5@group-808C6B526DCA: start as a follower, conf=-1: [3fa750ff-58d9-4caf-ad70-bb254302d29f:192.168.151.107:42856, f32c6c94-b69c-4748-9195-84d8cc72c9b5:192.168.151.107:46633, 0e49daa5-0cf4-42c8-a9a2-945b19550869:192.168.151.107:37106], old=null
2019-10-14 12:33:19,855 [pool-67-thread-1] INFO  impl.RaftServerImpl (RaftServerImpl.java:setRole(170)) - f32c6c94-b69c-4748-9195-84d8cc72c9b5@group-808C6B526DCA: changes role from      null to FOLLOWER at term 0 for startAsFollower
2019-10-14 12:33:19,855 [pool-67-thread-1] INFO  impl.RoleInfo (RoleInfo.java:updateAndGet(143)) - f32c6c94-b69c-4748-9195-84d8cc72c9b5: start FollowerState
2019-10-14 12:33:19,856 [pool-67-thread-1] INFO  util.JmxRegister (JmxRegister.java:tryRegister(44)) - Successfully registered JMX Bean with object name Ratis:service=RaftServer,group=group-808C6B526DCA,id=f32c6c94-b69c-4748-9195-84d8cc72c9b5
2019-10-14 12:33:19,879 [RatisPipelineUtilsThread] INFO  pipeline.PipelineStateManager (PipelineStateManager.java:addPipeline(56)) - Created pipeline Pipeline[ Id: 9394c2da-4155-4e02-8858-808c6b526dca, Nodes: 0e49daa5-0cf4-42c8-a9a2-945b19550869{ip: 192.168.151.107, host: pr-hdds-2299-hlwdq-549545603, networkLocation: /default-rack, certSerialId: null}3fa750ff-58d9-4caf-ad70-bb254302d29f{ip: 192.168.151.107, host: pr-hdds-2299-hlwdq-549545603, networkLocation: /default-rack, certSerialId: null}f32c6c94-b69c-4748-9195-84d8cc72c9b5{ip: 192.168.151.107, host: pr-hdds-2299-hlwdq-549545603, networkLocation: /default-rack, certSerialId: null}, Type:RATIS, Factor:THREE, State:OPEN]
2019-10-14 12:33:19,922 [grpc-default-executor-1] INFO  impl.RaftServerProxy (RaftServerProxy.java:addNew(89)) - ccec05d6-37cf-4225-92b7-016730b7282e: addNew group-0C1313BCED52:[1116cddf-e608-4505-a753-1c7fed89648c:192.168.151.107:41101, 909aedd7-9b25-44a7-9a58-2145f4886721:192.168.151.107:42018, ccec05d6-37cf-4225-92b7-016730b7282e:192.168.151.107:38848] returns group-0C1313BCED52:java.util.concurrent.CompletableFuture@3a900ef9[Not completed]
2019-10-14 12:33:19,933 [grpc-default-executor-2] INFO  impl.RaftServerProxy (RaftServerProxy.java:addNew(89)) - 909aedd7-9b25-44a7-9a58-2145f4886721: addNew group-0C1313BCED52:[1116cddf-e608-4505-a753-1c7fed89648c:192.168.151.107:41101, 909aedd7-9b25-44a7-9a58-2145f4886721:192.168.151.107:42018, ccec05d6-37cf-4225-92b7-016730b7282e:192.168.151.107:38848] returns group-0C1313BCED52:java.util.concurrent.CompletableFuture@2326db66[Not completed]
2019-10-14 12:33:19,933 [grpc-default-executor-1] INFO  impl.RaftServerProxy (RaftServerProxy.java:addNew(89)) - 1116cddf-e608-4505-a753-1c7fed89648c: addNew group-0C1313BCED52:[1116cddf-e608-4505-a753-1c7fed89648c:192.168.151.107:41101, 909aedd7-9b25-44a7-9a58-2145f4886721:192.168.151.107:42018, ccec05d6-37cf-4225-92b7-016730b7282e:192.168.151.107:38848] returns group-0C1313BCED52:java.util.concurrent.CompletableFuture@c63097f[Not completed]
2019-10-14 12:33:19,935 [pool-27-thread-1] INFO  impl.RaftServerImpl (RaftServerImpl.java:<init>(95)) - ccec05d6-37cf-4225-92b7-016730b7282e: new RaftServerImpl for group-0C1313BCED52:[1116cddf-e608-4505-a753-1c7fed89648c:192.168.151.107:41101, 909aedd7-9b25-44a7-9a58-2145f4886721:192.168.151.107:42018, ccec05d6-37cf-4225-92b7-016730b7282e:192.168.151.107:38848] with ContainerStateMachine:uninitialized
2019-10-14 12:33:19,936 [pool-27-thread-1] INFO  server.RaftServerConfigKeys (ConfUtils.java:logGet(43)) - raft.server.rpc.timeout.min = 5s (custom)
2019-10-14 12:33:19,936 [pool-27-thread-1] INFO  server.RaftServerConfigKeys (ConfUtils.java:logGet(43)) - raft.server.rpc.timeout.max = 5200ms (custom)
2019-10-14 12:33:19,936 [pool-27-thread-1] INFO  server.RaftServerConfigKeys (ConfUtils.java:logGet(43)) - raft.server.rpcslowness.timeout = 120s (custom)
2019-10-14 12:33:19,936 [pool-27-thread-1] INFO  server.RaftServerConfigKeys (ConfUtils.java:logGet(43)) - raft.server.sleep.deviation.threshold = 300 (default)
2019-10-14 12:33:19,936 [pool-27-thread-1] INFO  server.RaftServerConfigKeys (ConfUtils.java:logGet(43)) - raft.server.log.appender.install.snapshot.enabled = false (custom)
2019-10-14 12:33:19,936 [pool-27-thread-1] INFO  impl.RaftServerImpl (ServerState.java:<init>(103)) - ccec05d6-37cf-4225-92b7-016730b7282e@group-0C1313BCED52: ConfigurationManager, init=-1: [1116cddf-e608-4505-a753-1c7fed89648c:192.168.151.107:41101, 909aedd7-9b25-44a7-9a58-2145f4886721:192.168.151.107:42018, ccec05d6-37cf-4225-92b7-016730b7282e:192.168.151.107:38848], old=null, confs=<EMPTY_MAP>
2019-10-14 12:33:19,937 [pool-27-thread-1] INFO  server.RaftServerConfigKeys (ConfUtils.java:logGet(43)) - raft.server.storage.dir = [/workdir/hadoop-ozone/integration-test/target/test-dir/MiniOzoneClusterImpl-a38ca729-82bc-4a96-ad61-c83170bdaaf4/datanode-0/data/ratis] (custom)
2019-10-14 12:33:19,937 [pool-47-thread-1] INFO  impl.RaftServerImpl (RaftServerImpl.java:<init>(95)) - 1116cddf-e608-4505-a753-1c7fed89648c: new RaftServerImpl for group-0C1313BCED52:[1116cddf-e608-4505-a753-1c7fed89648c:192.168.151.107:41101, 909aedd7-9b25-44a7-9a58-2145f4886721:192.168.151.107:42018, ccec05d6-37cf-4225-92b7-016730b7282e:192.168.151.107:38848] with ContainerStateMachine:uninitialized
2019-10-14 12:33:19,937 [pool-27-thread-1] INFO  server.RaftServerConfigKeys (ConfUtils.java:logGet(43)) - raft.server.log.corruption.policy = EXCEPTION (default)
2019-10-14 12:33:19,937 [pool-47-thread-1] INFO  server.RaftServerConfigKeys (ConfUtils.java:logGet(43)) - raft.server.rpc.timeout.min = 5s (custom)
2019-10-14 12:33:19,937 [pool-27-thread-1] INFO  storage.RaftStorageDirectory (RaftStorageDirectory.java:analyzeStorage(246)) - The storage directory /workdir/hadoop-ozone/integration-test/target/test-dir/MiniOzoneClusterImpl-a38ca729-82bc-4a96-ad61-c83170bdaaf4/datanode-0/data/ratis/7603aeec-47c2-414e-8943-0c1313bced52 does not exist. Creating ...
2019-10-14 12:33:19,937 [pool-47-thread-1] INFO  server.RaftServerConfigKeys (ConfUtils.java:logGet(43)) - raft.server.rpc.timeout.max = 5200ms (custom)
2019-10-14 12:33:19,938 [pool-47-thread-1] INFO  server.RaftServerConfigKeys (ConfUtils.java:logGet(43)) - raft.server.rpcslowness.timeout = 120s (custom)
2019-10-14 12:33:19,938 [pool-77-thread-1] INFO  impl.RaftServerImpl (RaftServerImpl.java:<init>(95)) - 909aedd7-9b25-44a7-9a58-2145f4886721: new RaftServerImpl for group-0C1313BCED52:[1116cddf-e608-4505-a753-1c7fed89648c:192.168.151.107:41101, 909aedd7-9b25-44a7-9a58-2145f4886721:192.168.151.107:42018, ccec05d6-37cf-4225-92b7-016730b7282e:192.168.151.107:38848] with ContainerStateMachine:uninitialized
2019-10-14 12:33:19,938 [pool-47-thread-1] INFO  server.RaftServerConfigKeys (ConfUtils.java:logGet(43)) - raft.server.sleep.deviation.threshold = 300 (default)
2019-10-14 12:33:19,938 [pool-77-thread-1] INFO  server.RaftServerConfigKeys (ConfUtils.java:logGet(43)) - raft.server.rpc.timeout.min = 5s (custom)
2019-10-14 12:33:19,938 [pool-47-thread-1] INFO  server.RaftServerConfigKeys (ConfUtils.java:logGet(43)) - raft.server.log.appender.install.snapshot.enabled = false (custom)
2019-10-14 12:33:19,938 [pool-77-thread-1] INFO  server.RaftServerConfigKeys (ConfUtils.java:logGet(43)) - raft.server.rpc.timeout.max = 5200ms (custom)
2019-10-14 12:33:19,938 [pool-47-thread-1] INFO  impl.RaftServerImpl (ServerState.java:<init>(103)) - 1116cddf-e608-4505-a753-1c7fed89648c@group-0C1313BCED52: ConfigurationManager, init=-1: [1116cddf-e608-4505-a753-1c7fed89648c:192.168.151.107:41101, 909aedd7-9b25-44a7-9a58-2145f4886721:192.168.151.107:42018, ccec05d6-37cf-4225-92b7-016730b7282e:192.168.151.107:38848], old=null, confs=<EMPTY_MAP>
2019-10-14 12:33:19,938 [pool-77-thread-1] INFO  server.RaftServerConfigKeys (ConfUtils.java:logGet(43)) - raft.server.rpcslowness.timeout = 120s (custom)
2019-10-14 12:33:19,939 [pool-77-thread-1] INFO  server.RaftServerConfigKeys (ConfUtils.java:logGet(43)) - raft.server.sleep.deviation.threshold = 300 (default)
2019-10-14 12:33:19,939 [pool-47-thread-1] INFO  server.RaftServerConfigKeys (ConfUtils.java:logGet(43)) - raft.server.storage.dir = [/workdir/hadoop-ozone/integration-test/target/test-dir/MiniOzoneClusterImpl-a38ca729-82bc-4a96-ad61-c83170bdaaf4/datanode-2/data/ratis] (custom)
2019-10-14 12:33:19,939 [pool-77-thread-1] INFO  server.RaftServerConfigKeys (ConfUtils.java:logGet(43)) - raft.server.log.appender.install.snapshot.enabled = false (custom)
2019-10-14 12:33:19,939 [pool-77-thread-1] INFO  impl.RaftServerImpl (ServerState.java:<init>(103)) - 909aedd7-9b25-44a7-9a58-2145f4886721@group-0C1313BCED52: ConfigurationManager, init=-1: [1116cddf-e608-4505-a753-1c7fed89648c:192.168.151.107:41101, 909aedd7-9b25-44a7-9a58-2145f4886721:192.168.151.107:42018, ccec05d6-37cf-4225-92b7-016730b7282e:192.168.151.107:38848], old=null, confs=<EMPTY_MAP>
2019-10-14 12:33:19,939 [pool-47-thread-1] INFO  server.RaftServerConfigKeys (ConfUtils.java:logGet(43)) - raft.server.log.corruption.policy = EXCEPTION (default)
2019-10-14 12:33:19,939 [pool-77-thread-1] INFO  server.RaftServerConfigKeys (ConfUtils.java:logGet(43)) - raft.server.storage.dir = [/workdir/hadoop-ozone/integration-test/target/test-dir/MiniOzoneClusterImpl-a38ca729-82bc-4a96-ad61-c83170bdaaf4/datanode-5/data/ratis] (custom)
2019-10-14 12:33:19,939 [pool-47-thread-1] INFO  storage.RaftStorageDirectory (RaftStorageDirectory.java:analyzeStorage(246)) - The storage directory /workdir/hadoop-ozone/integration-test/target/test-dir/MiniOzoneClusterImpl-a38ca729-82bc-4a96-ad61-c83170bdaaf4/datanode-2/data/ratis/7603aeec-47c2-414e-8943-0c1313bced52 does not exist. Creating ...
2019-10-14 12:33:19,940 [pool-77-thread-1] INFO  server.RaftServerConfigKeys (ConfUtils.java:logGet(43)) - raft.server.log.corruption.policy = EXCEPTION (default)
2019-10-14 12:33:19,940 [pool-77-thread-1] INFO  storage.RaftStorageDirectory (RaftStorageDirectory.java:analyzeStorage(246)) - The storage directory /workdir/hadoop-ozone/integration-test/target/test-dir/MiniOzoneClusterImpl-a38ca729-82bc-4a96-ad61-c83170bdaaf4/datanode-5/data/ratis/7603aeec-47c2-414e-8943-0c1313bced52 does not exist. Creating ...
2019-10-14 12:33:19,951 [pool-77-thread-1] INFO  storage.RaftStorageDirectory (RaftStorageDirectory.java:tryLock(328)) - Lock on /workdir/hadoop-ozone/integration-test/target/test-dir/MiniOzoneClusterImpl-a38ca729-82bc-4a96-ad61-c83170bdaaf4/datanode-5/data/ratis/7603aeec-47c2-414e-8943-0c1313bced52/in_use.lock acquired by nodename 22874@pr-hdds-2299-hlwdq-549545603
2019-10-14 12:33:19,951 [pool-47-thread-1] INFO  storage.RaftStorageDirectory (RaftStorageDirectory.java:tryLock(328)) - Lock on /workdir/hadoop-ozone/integration-test/target/test-dir/MiniOzoneClusterImpl-a38ca729-82bc-4a96-ad61-c83170bdaaf4/datanode-2/data/ratis/7603aeec-47c2-414e-8943-0c1313bced52/in_use.lock acquired by nodename 22874@pr-hdds-2299-hlwdq-549545603
2019-10-14 12:33:19,951 [pool-27-thread-1] INFO  storage.RaftStorageDirectory (RaftStorageDirectory.java:tryLock(328)) - Lock on /workdir/hadoop-ozone/integration-test/target/test-dir/MiniOzoneClusterImpl-a38ca729-82bc-4a96-ad61-c83170bdaaf4/datanode-0/data/ratis/7603aeec-47c2-414e-8943-0c1313bced52/in_use.lock acquired by nodename 22874@pr-hdds-2299-hlwdq-549545603
2019-10-14 12:33:19,971 [pool-27-thread-1] INFO  storage.RaftStorage (RaftStorage.java:format(84)) - Storage directory /workdir/hadoop-ozone/integration-test/target/test-dir/MiniOzoneClusterImpl-a38ca729-82bc-4a96-ad61-c83170bdaaf4/datanode-0/data/ratis/7603aeec-47c2-414e-8943-0c1313bced52 has been successfully formatted.
2019-10-14 12:33:19,971 [pool-47-thread-1] INFO  storage.RaftStorage (RaftStorage.java:format(84)) - Storage directory /workdir/hadoop-ozone/integration-test/target/test-dir/MiniOzoneClusterImpl-a38ca729-82bc-4a96-ad61-c83170bdaaf4/datanode-2/data/ratis/7603aeec-47c2-414e-8943-0c1313bced52 has been successfully formatted.
2019-10-14 12:33:19,971 [pool-77-thread-1] INFO  storage.RaftStorage (RaftStorage.java:format(84)) - Storage directory /workdir/hadoop-ozone/integration-test/target/test-dir/MiniOzoneClusterImpl-a38ca729-82bc-4a96-ad61-c83170bdaaf4/datanode-5/data/ratis/7603aeec-47c2-414e-8943-0c1313bced52 has been successfully formatted.
2019-10-14 12:33:19,971 [pool-27-thread-1] INFO  ratis.ContainerStateMachine (ContainerStateMachine.java:loadSnapshot(231)) - group-0C1313BCED52: The snapshot info is null. Setting the last applied indexto:(t:0, i:~)
2019-10-14 12:33:19,972 [pool-47-thread-1] INFO  ratis.ContainerStateMachine (ContainerStateMachine.java:loadSnapshot(231)) - group-0C1313BCED52: The snapshot info is null. Setting the last applied indexto:(t:0, i:~)
2019-10-14 12:33:19,972 [pool-27-thread-1] INFO  server.RaftServerConfigKeys (ConfUtils.java:logGet(43)) - raft.server.notification.no-leader.timeout = 120s (custom)
2019-10-14 12:33:19,972 [pool-77-thread-1] INFO  ratis.ContainerStateMachine (ContainerStateMachine.java:loadSnapshot(231)) - group-0C1313BCED52: The snapshot info is null. Setting the last applied indexto:(t:0, i:~)
2019-10-14 12:33:19,972 [pool-27-thread-1] INFO  server.RaftServerConfigKeys (ConfUtils.java:logGet(43)) - raft.server.log.use.memory = false (default)
2019-10-14 12:33:19,972 [pool-47-thread-1] INFO  server.RaftServerConfigKeys (ConfUtils.java:logGet(43)) - raft.server.notification.no-leader.timeout = 120s (custom)
2019-10-14 12:33:19,972 [pool-27-thread-1] INFO  server.RaftServerConfigKeys (ConfUtils.java:logGet(43)) - raft.server.log.purge.gap = 1000000 (custom)
2019-10-14 12:33:19,972 [pool-77-thread-1] INFO  server.RaftServerConfigKeys (ConfUtils.java:logGet(43)) - raft.server.notification.no-leader.timeout = 120s (custom)
2019-10-14 12:33:19,973 [pool-27-thread-1] INFO  server.RaftServerConfigKeys (ConfUtils.java:logGet(43)) - raft.server.log.appender.buffer.byte-limit = 33554432 (custom)
2019-10-14 12:33:19,972 [pool-47-thread-1] INFO  server.RaftServerConfigKeys (ConfUtils.java:logGet(43)) - raft.server.log.use.memory = false (default)
2019-10-14 12:33:19,973 [pool-27-thread-1] INFO  server.RaftServerConfigKeys (ConfUtils.java:logGet(43)) - raft.server.log.segment.size.max = 1048576 (custom)
2019-10-14 12:33:19,973 [pool-77-thread-1] INFO  server.RaftServerConfigKeys (ConfUtils.java:logGet(43)) - raft.server.log.use.memory = false (default)
2019-10-14 12:33:19,973 [pool-27-thread-1] INFO  server.RaftServerConfigKeys (ConfUtils.java:logGet(43)) - raft.server.log.segment.cache.num.max = 2 (custom)
2019-10-14 12:33:19,973 [pool-47-thread-1] INFO  server.RaftServerConfigKeys (ConfUtils.java:logGet(43)) - raft.server.log.purge.gap = 1000000 (custom)
2019-10-14 12:33:19,974 [pool-27-thread-1] INFO  segmented.SegmentedRaftLogWorker (SegmentedRaftLogWorker.java:<init>(173)) - new ccec05d6-37cf-4225-92b7-016730b7282e@group-0C1313BCED52-SegmentedRaftLogWorker for RaftStorage:Storage Directory /workdir/hadoop-ozone/integration-test/target/test-dir/MiniOzoneClusterImpl-a38ca729-82bc-4a96-ad61-c83170bdaaf4/datanode-0/data/ratis/7603aeec-47c2-414e-8943-0c1313bced52
2019-10-14 12:33:19,974 [pool-77-thread-1] INFO  server.RaftServerConfigKeys (ConfUtils.java:logGet(43)) - raft.server.log.purge.gap = 1000000 (custom)
2019-10-14 12:33:19,974 [pool-27-thread-1] INFO  server.RaftServerConfigKeys (ConfUtils.java:logGet(43)) - raft.server.log.queue.byte-limit = 2147483647 (custom)
2019-10-14 12:33:19,974 [pool-47-thread-1] INFO  server.RaftServerConfigKeys (ConfUtils.java:logGet(43)) - raft.server.log.appender.buffer.byte-limit = 33554432 (custom)
2019-10-14 12:33:19,975 [pool-27-thread-1] INFO  server.RaftServerConfigKeys (ConfUtils.java:logGet(43)) - raft.server.log.queue.element-limit = 1024 (custom)
2019-10-14 12:33:19,974 [pool-77-thread-1] INFO  server.RaftServerConfigKeys (ConfUtils.java:logGet(43)) - raft.server.log.appender.buffer.byte-limit = 33554432 (custom)
2019-10-14 12:33:19,975 [pool-27-thread-1] INFO  server.RaftServerConfigKeys (ConfUtils.java:logGet(43)) - raft.server.log.segment.size.max = 1048576 (custom)
2019-10-14 12:33:19,975 [pool-47-thread-1] INFO  server.RaftServerConfigKeys (ConfUtils.java:logGet(43)) - raft.server.log.segment.size.max = 1048576 (custom)
2019-10-14 12:33:19,975 [pool-27-thread-1] INFO  server.RaftServerConfigKeys (ConfUtils.java:logGet(43)) - raft.server.log.preallocated.size = 16384 (custom)
2019-10-14 12:33:19,976 [pool-27-thread-1] INFO  server.RaftServerConfigKeys (ConfUtils.java:logGet(43)) - raft.server.log.write.buffer.size = 33554432 (custom)
2019-10-14 12:33:19,975 [pool-77-thread-1] INFO  server.RaftServerConfigKeys (ConfUtils.java:logGet(43)) - raft.server.log.segment.size.max = 1048576 (custom)
2019-10-14 12:33:19,976 [pool-27-thread-1] INFO  server.RaftServerConfigKeys (ConfUtils.java:logGet(43)) - raft.server.log.force.sync.num = 128 (default)
2019-10-14 12:33:19,976 [pool-47-thread-1] INFO  server.RaftServerConfigKeys (ConfUtils.java:logGet(43)) - raft.server.log.segment.cache.num.max = 2 (custom)
2019-10-14 12:33:19,976 [pool-27-thread-1] INFO  server.RaftServerConfigKeys (ConfUtils.java:logGet(43)) - raft.server.log.statemachine.data.sync = true (default)
2019-10-14 12:33:19,976 [pool-77-thread-1] INFO  server.RaftServerConfigKeys (ConfUtils.java:logGet(43)) - raft.server.log.segment.cache.num.max = 2 (custom)
2019-10-14 12:33:19,977 [pool-27-thread-1] INFO  server.RaftServerConfigKeys (ConfUtils.java:logGet(43)) - raft.server.log.statemachine.data.sync.timeout = 10s (default)
2019-10-14 12:33:19,976 [pool-47-thread-1] INFO  segmented.SegmentedRaftLogWorker (SegmentedRaftLogWorker.java:<init>(173)) - new 1116cddf-e608-4505-a753-1c7fed89648c@group-0C1313BCED52-SegmentedRaftLogWorker for RaftStorage:Storage Directory /workdir/hadoop-ozone/integration-test/target/test-dir/MiniOzoneClusterImpl-a38ca729-82bc-4a96-ad61-c83170bdaaf4/datanode-2/data/ratis/7603aeec-47c2-414e-8943-0c1313bced52
2019-10-14 12:33:19,977 [pool-27-thread-1] INFO  server.RaftServerConfigKeys (ConfUtils.java:logGet(43)) - raft.server.log.statemachine.data.sync.timeout.retry = -1 (default)
2019-10-14 12:33:19,977 [pool-77-thread-1] INFO  segmented.SegmentedRaftLogWorker (SegmentedRaftLogWorker.java:<init>(173)) - new 909aedd7-9b25-44a7-9a58-2145f4886721@group-0C1313BCED52-SegmentedRaftLogWorker for RaftStorage:Storage Directory /workdir/hadoop-ozone/integration-test/target/test-dir/MiniOzoneClusterImpl-a38ca729-82bc-4a96-ad61-c83170bdaaf4/datanode-5/data/ratis/7603aeec-47c2-414e-8943-0c1313bced52
2019-10-14 12:33:19,977 [pool-47-thread-1] INFO  server.RaftServerConfigKeys (ConfUtils.java:logGet(43)) - raft.server.log.queue.byte-limit = 2147483647 (custom)
2019-10-14 12:33:19,977 [pool-77-thread-1] INFO  server.RaftServerConfigKeys (ConfUtils.java:logGet(43)) - raft.server.log.queue.byte-limit = 2147483647 (custom)
2019-10-14 12:33:19,977 [pool-27-thread-1] INFO  server.RaftServerConfigKeys (ConfUtils.java:logGet(43)) - raft.server.log.statemachine.data.caching.enabled = true (custom)
2019-10-14 12:33:19,978 [pool-77-thread-1] INFO  server.RaftServerConfigKeys (ConfUtils.java:logGet(43)) - raft.server.log.queue.element-limit = 1024 (custom)
2019-10-14 12:33:19,978 [pool-47-thread-1] INFO  server.RaftServerConfigKeys (ConfUtils.java:logGet(43)) - raft.server.log.queue.element-limit = 1024 (custom)
2019-10-14 12:33:19,978 [pool-77-thread-1] INFO  server.RaftServerConfigKeys (ConfUtils.java:logGet(43)) - raft.server.log.segment.size.max = 1048576 (custom)
2019-10-14 12:33:19,978 [pool-47-thread-1] INFO  server.RaftServerConfigKeys (ConfUtils.java:logGet(43)) - raft.server.log.segment.size.max = 1048576 (custom)
2019-10-14 12:33:19,978 [pool-27-thread-1] INFO  segmented.SegmentedRaftLogWorker (SegmentedRaftLogWorker.java:lambda$new$0(128)) - ccec05d6-37cf-4225-92b7-016730b7282e@group-0C1313BCED52-SegmentedRaftLogWorker: flushIndex: setUnconditionally 0 -> -1
2019-10-14 12:33:19,978 [pool-47-thread-1] INFO  server.RaftServerConfigKeys (ConfUtils.java:logGet(43)) - raft.server.log.preallocated.size = 16384 (custom)
2019-10-14 12:33:19,978 [pool-77-thread-1] INFO  server.RaftServerConfigKeys (ConfUtils.java:logGet(43)) - raft.server.log.preallocated.size = 16384 (custom)
2019-10-14 12:33:19,979 [pool-27-thread-1] INFO  server.RaftServerConfigKeys (ConfUtils.java:logGet(43)) - raft.server.snapshot.auto.trigger.enabled = true (custom)
2019-10-14 12:33:19,979 [pool-47-thread-1] INFO  server.RaftServerConfigKeys (ConfUtils.java:logGet(43)) - raft.server.log.write.buffer.size = 33554432 (custom)
2019-10-14 12:33:19,979 [pool-27-thread-1] INFO  server.RaftServerConfigKeys (ConfUtils.java:logGet(43)) - raft.server.snapshot.auto.trigger.threshold = 10000 (custom)
2019-10-14 12:33:19,979 [pool-77-thread-1] INFO  server.RaftServerConfigKeys (ConfUtils.java:logGet(43)) - raft.server.log.write.buffer.size = 33554432 (custom)
2019-10-14 12:33:19,979 [pool-27-thread-1] INFO  server.RaftServerConfigKeys (ConfUtils.java:logGet(43)) - raft.server.snapshot.retention.file.num = 5 (custom)
2019-10-14 12:33:19,979 [pool-47-thread-1] INFO  server.RaftServerConfigKeys (ConfUtils.java:logGet(43)) - raft.server.log.force.sync.num = 128 (default)
2019-10-14 12:33:19,979 [pool-77-thread-1] INFO  server.RaftServerConfigKeys (ConfUtils.java:logGet(43)) - raft.server.log.force.sync.num = 128 (default)
2019-10-14 12:33:19,980 [pool-47-thread-1] INFO  server.RaftServerConfigKeys (ConfUtils.java:logGet(43)) - raft.server.log.statemachine.data.sync = true (default)
2019-10-14 12:33:19,980 [pool-27-thread-1] INFO  server.RaftServerConfigKeys (ConfUtils.java:logGet(43)) - raft.server.retrycache.expirytime = 600000ms (custom)
2019-10-14 12:33:19,980 [pool-47-thread-1] INFO  server.RaftServerConfigKeys (ConfUtils.java:logGet(43)) - raft.server.log.statemachine.data.sync.timeout = 10s (default)
2019-10-14 12:33:19,980 [pool-77-thread-1] INFO  server.RaftServerConfigKeys (ConfUtils.java:logGet(43)) - raft.server.log.statemachine.data.sync = true (default)
2019-10-14 12:33:19,980 [pool-47-thread-1] INFO  server.RaftServerConfigKeys (ConfUtils.java:logGet(43)) - raft.server.log.statemachine.data.sync.timeout.retry = -1 (default)
2019-10-14 12:33:19,980 [pool-77-thread-1] INFO  server.RaftServerConfigKeys (ConfUtils.java:logGet(43)) - raft.server.log.statemachine.data.sync.timeout = 10s (default)
2019-10-14 12:33:19,981 [pool-47-thread-1] INFO  server.RaftServerConfigKeys (ConfUtils.java:logGet(43)) - raft.server.log.statemachine.data.caching.enabled = true (custom)
2019-10-14 12:33:19,981 [pool-77-thread-1] INFO  server.RaftServerConfigKeys (ConfUtils.java:logGet(43)) - raft.server.log.statemachine.data.sync.timeout.retry = -1 (default)
2019-10-14 12:33:19,981 [pool-47-thread-1] INFO  segmented.SegmentedRaftLogWorker (SegmentedRaftLogWorker.java:lambda$new$0(128)) - 1116cddf-e608-4505-a753-1c7fed89648c@group-0C1313BCED52-SegmentedRaftLogWorker: flushIndex: setUnconditionally 0 -> -1
2019-10-14 12:33:19,981 [pool-77-thread-1] INFO  server.RaftServerConfigKeys (ConfUtils.java:logGet(43)) - raft.server.log.statemachine.data.caching.enabled = true (custom)
2019-10-14 12:33:19,984 [pool-47-thread-1] INFO  server.RaftServerConfigKeys (ConfUtils.java:logGet(43)) - raft.server.snapshot.auto.trigger.enabled = true (custom)
2019-10-14 12:33:19,984 [pool-77-thread-1] INFO  segmented.SegmentedRaftLogWorker (SegmentedRaftLogWorker.java:lambda$new$0(128)) - 909aedd7-9b25-44a7-9a58-2145f4886721@group-0C1313BCED52-SegmentedRaftLogWorker: flushIndex: setUnconditionally 0 -> -1
2019-10-14 12:33:19,984 [pool-47-thread-1] INFO  server.RaftServerConfigKeys (ConfUtils.java:logGet(43)) - raft.server.snapshot.auto.trigger.threshold = 10000 (custom)
2019-10-14 12:33:19,984 [pool-47-thread-1] INFO  server.RaftServerConfigKeys (ConfUtils.java:logGet(43)) - raft.server.snapshot.retention.file.num = 5 (custom)
2019-10-14 12:33:19,984 [pool-77-thread-1] INFO  server.RaftServerConfigKeys (ConfUtils.java:logGet(43)) - raft.server.snapshot.auto.trigger.enabled = true (custom)
2019-10-14 12:33:19,984 [pool-47-thread-1] INFO  server.RaftServerConfigKeys (ConfUtils.java:logGet(43)) - raft.server.retrycache.expirytime = 600000ms (custom)
2019-10-14 12:33:19,984 [pool-77-thread-1] INFO  server.RaftServerConfigKeys (ConfUtils.java:logGet(43)) - raft.server.snapshot.auto.trigger.threshold = 10000 (custom)
2019-10-14 12:33:19,985 [pool-77-thread-1] INFO  server.RaftServerConfigKeys (ConfUtils.java:logGet(43)) - raft.server.snapshot.retention.file.num = 5 (custom)
2019-10-14 12:33:19,985 [pool-77-thread-1] INFO  server.RaftServerConfigKeys (ConfUtils.java:logGet(43)) - raft.server.retrycache.expirytime = 600000ms (custom)
2019-10-14 12:33:19,986 [pool-27-thread-1] INFO  impl.RaftServerImpl (RaftServerImpl.java:start(181)) - ccec05d6-37cf-4225-92b7-016730b7282e@group-0C1313BCED52: start as a follower, conf=-1: [1116cddf-e608-4505-a753-1c7fed89648c:192.168.151.107:41101, 909aedd7-9b25-44a7-9a58-2145f4886721:192.168.151.107:42018, ccec05d6-37cf-4225-92b7-016730b7282e:192.168.151.107:38848], old=null
2019-10-14 12:33:19,986 [pool-27-thread-1] INFO  impl.RaftServerImpl (RaftServerImpl.java:setRole(170)) - ccec05d6-37cf-4225-92b7-016730b7282e@group-0C1313BCED52: changes role from      null to FOLLOWER at term 0 for startAsFollower
2019-10-14 12:33:19,986 [pool-27-thread-1] INFO  impl.RoleInfo (RoleInfo.java:updateAndGet(143)) - ccec05d6-37cf-4225-92b7-016730b7282e: start FollowerState
2019-10-14 12:33:19,987 [pool-27-thread-1] INFO  util.JmxRegister (JmxRegister.java:tryRegister(44)) - Successfully registered JMX Bean with object name Ratis:service=RaftServer,group=group-0C1313BCED52,id=ccec05d6-37cf-4225-92b7-016730b7282e
2019-10-14 12:33:19,987 [pool-47-thread-1] INFO  impl.RaftServerImpl (RaftServerImpl.java:start(181)) - 1116cddf-e608-4505-a753-1c7fed89648c@group-0C1313BCED52: start as a follower, conf=-1: [1116cddf-e608-4505-a753-1c7fed89648c:192.168.151.107:41101, 909aedd7-9b25-44a7-9a58-2145f4886721:192.168.151.107:42018, ccec05d6-37cf-4225-92b7-016730b7282e:192.168.151.107:38848], old=null
2019-10-14 12:33:19,987 [pool-47-thread-1] INFO  impl.RaftServerImpl (RaftServerImpl.java:setRole(170)) - 1116cddf-e608-4505-a753-1c7fed89648c@group-0C1313BCED52: changes role from      null to FOLLOWER at term 0 for startAsFollower
2019-10-14 12:33:19,988 [pool-47-thread-1] INFO  impl.RoleInfo (RoleInfo.java:updateAndGet(143)) - 1116cddf-e608-4505-a753-1c7fed89648c: start FollowerState
2019-10-14 12:33:19,988 [pool-77-thread-1] INFO  impl.RaftServerImpl (RaftServerImpl.java:start(181)) - 909aedd7-9b25-44a7-9a58-2145f4886721@group-0C1313BCED52: start as a follower, conf=-1: [1116cddf-e608-4505-a753-1c7fed89648c:192.168.151.107:41101, 909aedd7-9b25-44a7-9a58-2145f4886721:192.168.151.107:42018, ccec05d6-37cf-4225-92b7-016730b7282e:192.168.151.107:38848], old=null
2019-10-14 12:33:19,990 [pool-77-thread-1] INFO  impl.RaftServerImpl (RaftServerImpl.java:setRole(170)) - 909aedd7-9b25-44a7-9a58-2145f4886721@group-0C1313BCED52: changes role from      null to FOLLOWER at term 0 for startAsFollower
2019-10-14 12:33:19,990 [pool-47-thread-1] INFO  util.JmxRegister (JmxRegister.java:tryRegister(44)) - Successfully registered JMX Bean with object name Ratis:service=RaftServer,group=group-0C1313BCED52,id=1116cddf-e608-4505-a753-1c7fed89648c
2019-10-14 12:33:19,990 [pool-77-thread-1] INFO  impl.RoleInfo (RoleInfo.java:updateAndGet(143)) - 909aedd7-9b25-44a7-9a58-2145f4886721: start FollowerState
2019-10-14 12:33:19,991 [pool-77-thread-1] INFO  util.JmxRegister (JmxRegister.java:tryRegister(44)) - Successfully registered JMX Bean with object name Ratis:service=RaftServer,group=group-0C1313BCED52,id=909aedd7-9b25-44a7-9a58-2145f4886721
2019-10-14 12:33:20,013 [RatisPipelineUtilsThread] INFO  pipeline.PipelineStateManager (PipelineStateManager.java:addPipeline(56)) - Created pipeline Pipeline[ Id: 7603aeec-47c2-414e-8943-0c1313bced52, Nodes: ccec05d6-37cf-4225-92b7-016730b7282e{ip: 192.168.151.107, host: pr-hdds-2299-hlwdq-549545603, networkLocation: /default-rack, certSerialId: null}909aedd7-9b25-44a7-9a58-2145f4886721{ip: 192.168.151.107, host: pr-hdds-2299-hlwdq-549545603, networkLocation: /default-rack, certSerialId: null}1116cddf-e608-4505-a753-1c7fed89648c{ip: 192.168.151.107, host: pr-hdds-2299-hlwdq-549545603, networkLocation: /default-rack, certSerialId: null}, Type:RATIS, Factor:THREE, State:OPEN]
2019-10-14 12:33:20,319 [main] INFO  rpc.RpcClient (RpcClient.java:createVolume(272)) - Creating Volume: watchforcommithandlingtest, with jenkins1000 as owner.
2019-10-14 12:33:20,859 [IPC Server handler 0 on 34064] INFO  volume.OMVolumeCreateRequest (OMVolumeCreateRequest.java:validateAndUpdateCache(193)) - created volume:watchforcommithandlingtest for user:jenkins1000
2019-10-14 12:33:20,891 [main] INFO  rpc.RpcClient (RpcClient.java:createBucket(411)) - Creating Bucket: watchforcommithandlingtest/watchforcommithandlingtest, with Versioning false and Storage Type set to DISK and Encryption set to false 
2019-10-14 12:33:20,915 [main] INFO  ozone.MiniOzoneClusterImpl (MiniOzoneClusterImpl.java:getStorageContainerLocationClient(234)) - Creating StorageContainerLocationProtocol RPC client with address /0.0.0.0:39142
2019-10-14 12:33:20,948 [main] INFO  impl.MetricsSystemImpl (MetricsSystemImpl.java:init(158)) - XceiverClientMetrics metrics system started (again)
2019-10-14 12:33:21,210 [Thread-238] INFO  container.ReplicationManager (ReplicationManager.java:start(162)) - Starting Replication Monitor Thread.
2019-10-14 12:33:21,215 [ReplicationMonitor] INFO  container.ReplicationManager (ReplicationManager.java:run(225)) - Replication Monitor Thread took 4 milliseconds for processing 1 containers.
2019-10-14 12:33:24,113 [Thread-240] INFO  impl.FollowerState (FollowerState.java:run(108)) - ccec05d6-37cf-4225-92b7-016730b7282e@group-F7123772B4FB-FollowerState: change to CANDIDATE, lastRpcTime:5150ms, electionTimeout:5149ms
2019-10-14 12:33:24,118 [Thread-240] INFO  impl.RoleInfo (RoleInfo.java:shutdownFollowerState(121)) - ccec05d6-37cf-4225-92b7-016730b7282e: shutdown FollowerState
2019-10-14 12:33:24,119 [Thread-240] INFO  impl.RaftServerImpl (RaftServerImpl.java:setRole(170)) - ccec05d6-37cf-4225-92b7-016730b7282e@group-F7123772B4FB: changes role from  FOLLOWER to CANDIDATE at term 0 for changeToCandidate
2019-10-14 12:33:24,126 [Thread-240] INFO  impl.RoleInfo (RoleInfo.java:updateAndGet(143)) - ccec05d6-37cf-4225-92b7-016730b7282e: start LeaderElection
2019-10-14 12:33:24,154 [ccec05d6-37cf-4225-92b7-016730b7282e@group-F7123772B4FB-LeaderElection1] INFO  impl.LeaderElection (LeaderElection.java:askForVotes(178)) - ccec05d6-37cf-4225-92b7-016730b7282e@group-F7123772B4FB-LeaderElection1: begin an election at term 1 for -1: [ccec05d6-37cf-4225-92b7-016730b7282e:192.168.151.107:38848], old=null
2019-10-14 12:33:24,161 [ccec05d6-37cf-4225-92b7-016730b7282e@group-F7123772B4FB-LeaderElection1] INFO  impl.RoleInfo (RoleInfo.java:shutdownLeaderElection(134)) - ccec05d6-37cf-4225-92b7-016730b7282e: shutdown LeaderElection
2019-10-14 12:33:24,161 [ccec05d6-37cf-4225-92b7-016730b7282e@group-F7123772B4FB-LeaderElection1] INFO  impl.RaftServerImpl (RaftServerImpl.java:setRole(170)) - ccec05d6-37cf-4225-92b7-016730b7282e@group-F7123772B4FB: changes role from CANDIDATE to LEADER at term 1 for changeToLeader
2019-10-14 12:33:24,162 [ccec05d6-37cf-4225-92b7-016730b7282e@group-F7123772B4FB-LeaderElection1] INFO  impl.RaftServerImpl (ServerState.java:setLeader(255)) - ccec05d6-37cf-4225-92b7-016730b7282e@group-F7123772B4FB: change Leader from null to ccec05d6-37cf-4225-92b7-016730b7282e at term 1 for becomeLeader, leader elected after 5327ms
2019-10-14 12:33:24,169 [ccec05d6-37cf-4225-92b7-016730b7282e@group-F7123772B4FB-LeaderElection1] INFO  server.RaftServerConfigKeys (ConfUtils.java:logGet(43)) - raft.server.staging.catchup.gap = 1000 (default)
2019-10-14 12:33:24,170 [ccec05d6-37cf-4225-92b7-016730b7282e@group-F7123772B4FB-LeaderElection1] INFO  server.RaftServerConfigKeys (ConfUtils.java:logGet(43)) - raft.server.rpc.sleep.time = 25ms (default)
2019-10-14 12:33:24,174 [ccec05d6-37cf-4225-92b7-016730b7282e@group-F7123772B4FB-LeaderElection1] INFO  server.RaftServerConfigKeys (ConfUtils.java:logGet(43)) - raft.server.write.element-limit = 4096 (default)
2019-10-14 12:33:24,177 [ccec05d6-37cf-4225-92b7-016730b7282e@group-F7123772B4FB-LeaderElection1] INFO  server.RaftServerConfigKeys (ConfUtils.java:logGet(43)) - raft.server.watch.timeout = 10s (default)
2019-10-14 12:33:24,178 [ccec05d6-37cf-4225-92b7-016730b7282e@group-F7123772B4FB-LeaderElection1] INFO  server.RaftServerConfigKeys (ConfUtils.java:logGet(43)) - raft.server.watch.timeout.denomination = 1s (default)
2019-10-14 12:33:24,178 [ccec05d6-37cf-4225-92b7-016730b7282e@group-F7123772B4FB-LeaderElection1] INFO  server.RaftServerConfigKeys (ConfUtils.java:logGet(43)) - raft.server.watch.element-limit = 65536 (default)
2019-10-14 12:33:24,191 [ccec05d6-37cf-4225-92b7-016730b7282e@group-F7123772B4FB-LeaderElection1] INFO  impl.RoleInfo (RoleInfo.java:updateAndGet(143)) - ccec05d6-37cf-4225-92b7-016730b7282e: start LeaderState
2019-10-14 12:33:24,215 [ccec05d6-37cf-4225-92b7-016730b7282e@group-F7123772B4FB-LeaderElection1] INFO  segmented.SegmentedRaftLogWorker (SegmentedRaftLogWorker.java:startLogSegment(385)) - ccec05d6-37cf-4225-92b7-016730b7282e@group-F7123772B4FB-SegmentedRaftLogWorker: Starting segment from index:0
2019-10-14 12:33:24,225 [ccec05d6-37cf-4225-92b7-016730b7282e@group-F7123772B4FB-LeaderElection1] INFO  impl.RaftServerImpl (ServerState.java:setRaftConf(356)) - ccec05d6-37cf-4225-92b7-016730b7282e@group-F7123772B4FB: set configuration 0: [ccec05d6-37cf-4225-92b7-016730b7282e:192.168.151.107:38848], old=null at 0
2019-10-14 12:33:24,374 [Thread-243] INFO  impl.FollowerState (FollowerState.java:run(108)) - 0e49daa5-0cf4-42c8-a9a2-945b19550869@group-C52CE0FFB3B6-FollowerState: change to CANDIDATE, lastRpcTime:5162ms, electionTimeout:5160ms
2019-10-14 12:33:24,381 [Thread-243] INFO  impl.RoleInfo (RoleInfo.java:shutdownFollowerState(121)) - 0e49daa5-0cf4-42c8-a9a2-945b19550869: shutdown FollowerState
2019-10-14 12:33:24,381 [Thread-243] INFO  impl.RaftServerImpl (RaftServerImpl.java:setRole(170)) - 0e49daa5-0cf4-42c8-a9a2-945b19550869@group-C52CE0FFB3B6: changes role from  FOLLOWER to CANDIDATE at term 0 for changeToCandidate
2019-10-14 12:33:24,382 [Thread-243] INFO  impl.RoleInfo (RoleInfo.java:updateAndGet(143)) - 0e49daa5-0cf4-42c8-a9a2-945b19550869: start LeaderElection
2019-10-14 12:33:24,396 [Thread-246] INFO  impl.FollowerState (FollowerState.java:run(108)) - 3fa750ff-58d9-4caf-ad70-bb254302d29f@group-5596C0F5AB57-FollowerState: change to CANDIDATE, lastRpcTime:5003ms, electionTimeout:5003ms
2019-10-14 12:33:24,398 [Thread-246] INFO  impl.RoleInfo (RoleInfo.java:shutdownFollowerState(121)) - 3fa750ff-58d9-4caf-ad70-bb254302d29f: shutdown FollowerState
2019-10-14 12:33:24,398 [Thread-246] INFO  impl.RaftServerImpl (RaftServerImpl.java:setRole(170)) - 3fa750ff-58d9-4caf-ad70-bb254302d29f@group-5596C0F5AB57: changes role from  FOLLOWER to CANDIDATE at term 0 for changeToCandidate
2019-10-14 12:33:24,398 [Thread-246] INFO  impl.RoleInfo (RoleInfo.java:updateAndGet(143)) - 3fa750ff-58d9-4caf-ad70-bb254302d29f: start LeaderElection
2019-10-14 12:33:24,404 [0e49daa5-0cf4-42c8-a9a2-945b19550869@group-C52CE0FFB3B6-LeaderElection2] INFO  impl.LeaderElection (LeaderElection.java:askForVotes(178)) - 0e49daa5-0cf4-42c8-a9a2-945b19550869@group-C52CE0FFB3B6-LeaderElection2: begin an election at term 1 for -1: [0e49daa5-0cf4-42c8-a9a2-945b19550869:192.168.151.107:37106], old=null
2019-10-14 12:33:24,405 [0e49daa5-0cf4-42c8-a9a2-945b19550869@group-C52CE0FFB3B6-LeaderElection2] INFO  impl.RoleInfo (RoleInfo.java:shutdownLeaderElection(134)) - 0e49daa5-0cf4-42c8-a9a2-945b19550869: shutdown LeaderElection
2019-10-14 12:33:24,405 [0e49daa5-0cf4-42c8-a9a2-945b19550869@group-C52CE0FFB3B6-LeaderElection2] INFO  impl.RaftServerImpl (RaftServerImpl.java:setRole(170)) - 0e49daa5-0cf4-42c8-a9a2-945b19550869@group-C52CE0FFB3B6: changes role from CANDIDATE to LEADER at term 1 for changeToLeader
2019-10-14 12:33:24,405 [0e49daa5-0cf4-42c8-a9a2-945b19550869@group-C52CE0FFB3B6-LeaderElection2] INFO  impl.RaftServerImpl (ServerState.java:setLeader(255)) - 0e49daa5-0cf4-42c8-a9a2-945b19550869@group-C52CE0FFB3B6: change Leader from null to 0e49daa5-0cf4-42c8-a9a2-945b19550869 at term 1 for becomeLeader, leader elected after 5211ms
2019-10-14 12:33:24,407 [0e49daa5-0cf4-42c8-a9a2-945b19550869@group-C52CE0FFB3B6-LeaderElection2] INFO  server.RaftServerConfigKeys (ConfUtils.java:logGet(43)) - raft.server.staging.catchup.gap = 1000 (default)
2019-10-14 12:33:24,407 [0e49daa5-0cf4-42c8-a9a2-945b19550869@group-C52CE0FFB3B6-LeaderElection2] INFO  server.RaftServerConfigKeys (ConfUtils.java:logGet(43)) - raft.server.rpc.sleep.time = 25ms (default)
2019-10-14 12:33:24,408 [0e49daa5-0cf4-42c8-a9a2-945b19550869@group-C52CE0FFB3B6-LeaderElection2] INFO  server.RaftServerConfigKeys (ConfUtils.java:logGet(43)) - raft.server.write.element-limit = 4096 (default)
2019-10-14 12:33:24,408 [0e49daa5-0cf4-42c8-a9a2-945b19550869@group-C52CE0FFB3B6-LeaderElection2] INFO  server.RaftServerConfigKeys (ConfUtils.java:logGet(43)) - raft.server.watch.timeout = 10s (default)
2019-10-14 12:33:24,408 [0e49daa5-0cf4-42c8-a9a2-945b19550869@group-C52CE0FFB3B6-LeaderElection2] INFO  server.RaftServerConfigKeys (ConfUtils.java:logGet(43)) - raft.server.watch.timeout.denomination = 1s (default)
2019-10-14 12:33:24,408 [0e49daa5-0cf4-42c8-a9a2-945b19550869@group-C52CE0FFB3B6-LeaderElection2] INFO  server.RaftServerConfigKeys (ConfUtils.java:logGet(43)) - raft.server.watch.element-limit = 65536 (default)
2019-10-14 12:33:24,412 [0e49daa5-0cf4-42c8-a9a2-945b19550869@group-C52CE0FFB3B6-LeaderElection2] INFO  impl.RoleInfo (RoleInfo.java:updateAndGet(143)) - 0e49daa5-0cf4-42c8-a9a2-945b19550869: start LeaderState
2019-10-14 12:33:24,412 [0e49daa5-0cf4-42c8-a9a2-945b19550869@group-C52CE0FFB3B6-LeaderElection2] INFO  segmented.SegmentedRaftLogWorker (SegmentedRaftLogWorker.java:startLogSegment(385)) - 0e49daa5-0cf4-42c8-a9a2-945b19550869@group-C52CE0FFB3B6-SegmentedRaftLogWorker: Starting segment from index:0
2019-10-14 12:33:24,413 [0e49daa5-0cf4-42c8-a9a2-945b19550869@group-C52CE0FFB3B6-LeaderElection2] INFO  impl.RaftServerImpl (ServerState.java:setRaftConf(356)) - 0e49daa5-0cf4-42c8-a9a2-945b19550869@group-C52CE0FFB3B6: set configuration 0: [0e49daa5-0cf4-42c8-a9a2-945b19550869:192.168.151.107:37106], old=null at 0
2019-10-14 12:33:24,418 [3fa750ff-58d9-4caf-ad70-bb254302d29f@group-5596C0F5AB57-LeaderElection3] INFO  impl.LeaderElection (LeaderElection.java:askForVotes(178)) - 3fa750ff-58d9-4caf-ad70-bb254302d29f@group-5596C0F5AB57-LeaderElection3: begin an election at term 1 for -1: [3fa750ff-58d9-4caf-ad70-bb254302d29f:192.168.151.107:42856], old=null
2019-10-14 12:33:24,458 [3fa750ff-58d9-4caf-ad70-bb254302d29f@group-5596C0F5AB57-LeaderElection3] INFO  impl.RoleInfo (RoleInfo.java:shutdownLeaderElection(134)) - 3fa750ff-58d9-4caf-ad70-bb254302d29f: shutdown LeaderElection
2019-10-14 12:33:24,458 [3fa750ff-58d9-4caf-ad70-bb254302d29f@group-5596C0F5AB57-LeaderElection3] INFO  impl.RaftServerImpl (RaftServerImpl.java:setRole(170)) - 3fa750ff-58d9-4caf-ad70-bb254302d29f@group-5596C0F5AB57: changes role from CANDIDATE to LEADER at term 1 for changeToLeader
2019-10-14 12:33:24,458 [3fa750ff-58d9-4caf-ad70-bb254302d29f@group-5596C0F5AB57-LeaderElection3] INFO  impl.RaftServerImpl (ServerState.java:setLeader(255)) - 3fa750ff-58d9-4caf-ad70-bb254302d29f@group-5596C0F5AB57: change Leader from null to 3fa750ff-58d9-4caf-ad70-bb254302d29f at term 1 for becomeLeader, leader elected after 5115ms
2019-10-14 12:33:24,460 [3fa750ff-58d9-4caf-ad70-bb254302d29f@group-5596C0F5AB57-LeaderElection3] INFO  server.RaftServerConfigKeys (ConfUtils.java:logGet(43)) - raft.server.staging.catchup.gap = 1000 (default)
2019-10-14 12:33:24,461 [3fa750ff-58d9-4caf-ad70-bb254302d29f@group-5596C0F5AB57-LeaderElection3] INFO  server.RaftServerConfigKeys (ConfUtils.java:logGet(43)) - raft.server.rpc.sleep.time = 25ms (default)
2019-10-14 12:33:24,461 [3fa750ff-58d9-4caf-ad70-bb254302d29f@group-5596C0F5AB57-LeaderElection3] INFO  server.RaftServerConfigKeys (ConfUtils.java:logGet(43)) - raft.server.write.element-limit = 4096 (default)
2019-10-14 12:33:24,461 [3fa750ff-58d9-4caf-ad70-bb254302d29f@group-5596C0F5AB57-LeaderElection3] INFO  server.RaftServerConfigKeys (ConfUtils.java:logGet(43)) - raft.server.watch.timeout = 10s (default)
2019-10-14 12:33:24,461 [3fa750ff-58d9-4caf-ad70-bb254302d29f@group-5596C0F5AB57-LeaderElection3] INFO  server.RaftServerConfigKeys (ConfUtils.java:logGet(43)) - raft.server.watch.timeout.denomination = 1s (default)
2019-10-14 12:33:24,462 [3fa750ff-58d9-4caf-ad70-bb254302d29f@group-5596C0F5AB57-LeaderElection3] INFO  server.RaftServerConfigKeys (ConfUtils.java:logGet(43)) - raft.server.watch.element-limit = 65536 (default)
2019-10-14 12:33:24,466 [3fa750ff-58d9-4caf-ad70-bb254302d29f@group-5596C0F5AB57-LeaderElection3] INFO  impl.RoleInfo (RoleInfo.java:updateAndGet(143)) - 3fa750ff-58d9-4caf-ad70-bb254302d29f: start LeaderState
2019-10-14 12:33:24,467 [3fa750ff-58d9-4caf-ad70-bb254302d29f@group-5596C0F5AB57-LeaderElection3] INFO  segmented.SegmentedRaftLogWorker (SegmentedRaftLogWorker.java:startLogSegment(385)) - 3fa750ff-58d9-4caf-ad70-bb254302d29f@group-5596C0F5AB57-SegmentedRaftLogWorker: Starting segment from index:0
2019-10-14 12:33:24,468 [3fa750ff-58d9-4caf-ad70-bb254302d29f@group-5596C0F5AB57-LeaderElection3] INFO  impl.RaftServerImpl (ServerState.java:setRaftConf(356)) - 3fa750ff-58d9-4caf-ad70-bb254302d29f@group-5596C0F5AB57: set configuration 0: [3fa750ff-58d9-4caf-ad70-bb254302d29f:192.168.151.107:42856], old=null at 0
2019-10-14 12:33:24,511 [0e49daa5-0cf4-42c8-a9a2-945b19550869@group-C52CE0FFB3B6-SegmentedRaftLogWorker] INFO  segmented.SegmentedRaftLogWorker (SegmentedRaftLogWorker.java:execute(574)) - 0e49daa5-0cf4-42c8-a9a2-945b19550869@group-C52CE0FFB3B6-SegmentedRaftLogWorker: created new log segment /workdir/hadoop-ozone/integration-test/target/test-dir/MiniOzoneClusterImpl-a38ca729-82bc-4a96-ad61-c83170bdaaf4/datanode-3/data/ratis/6814d195-4721-4193-9b07-c52ce0ffb3b6/current/log_inprogress_0
2019-10-14 12:33:24,511 [ccec05d6-37cf-4225-92b7-016730b7282e@group-F7123772B4FB-SegmentedRaftLogWorker] INFO  segmented.SegmentedRaftLogWorker (SegmentedRaftLogWorker.java:execute(574)) - ccec05d6-37cf-4225-92b7-016730b7282e@group-F7123772B4FB-SegmentedRaftLogWorker: created new log segment /workdir/hadoop-ozone/integration-test/target/test-dir/MiniOzoneClusterImpl-a38ca729-82bc-4a96-ad61-c83170bdaaf4/datanode-0/data/ratis/54d031ae-46f8-4788-bd02-f7123772b4fb/current/log_inprogress_0
2019-10-14 12:33:24,523 [3fa750ff-58d9-4caf-ad70-bb254302d29f@group-5596C0F5AB57-SegmentedRaftLogWorker] INFO  segmented.SegmentedRaftLogWorker (SegmentedRaftLogWorker.java:execute(574)) - 3fa750ff-58d9-4caf-ad70-bb254302d29f@group-5596C0F5AB57-SegmentedRaftLogWorker: created new log segment /workdir/hadoop-ozone/integration-test/target/test-dir/MiniOzoneClusterImpl-a38ca729-82bc-4a96-ad61-c83170bdaaf4/datanode-1/data/ratis/aff250e2-389a-450a-99d5-5596c0f5ab57/current/log_inprogress_0
2019-10-14 12:33:24,602 [Thread-249] INFO  impl.FollowerState (FollowerState.java:run(108)) - f32c6c94-b69c-4748-9195-84d8cc72c9b5@group-38F68D4AC6FD-FollowerState: change to CANDIDATE, lastRpcTime:5111ms, electionTimeout:5111ms
2019-10-14 12:33:24,602 [Thread-249] INFO  impl.RoleInfo (RoleInfo.java:shutdownFollowerState(121)) - f32c6c94-b69c-4748-9195-84d8cc72c9b5: shutdown FollowerState
2019-10-14 12:33:24,605 [Thread-249] INFO  impl.RaftServerImpl (RaftServerImpl.java:setRole(170)) - f32c6c94-b69c-4748-9195-84d8cc72c9b5@group-38F68D4AC6FD: changes role from  FOLLOWER to CANDIDATE at term 0 for changeToCandidate
2019-10-14 12:33:24,606 [Thread-249] INFO  impl.RoleInfo (RoleInfo.java:updateAndGet(143)) - f32c6c94-b69c-4748-9195-84d8cc72c9b5: start LeaderElection
2019-10-14 12:33:24,623 [f32c6c94-b69c-4748-9195-84d8cc72c9b5@group-38F68D4AC6FD-LeaderElection4] INFO  impl.LeaderElection (LeaderElection.java:askForVotes(178)) - f32c6c94-b69c-4748-9195-84d8cc72c9b5@group-38F68D4AC6FD-LeaderElection4: begin an election at term 1 for -1: [f32c6c94-b69c-4748-9195-84d8cc72c9b5:192.168.151.107:46633], old=null
2019-10-14 12:33:24,623 [f32c6c94-b69c-4748-9195-84d8cc72c9b5@group-38F68D4AC6FD-LeaderElection4] INFO  impl.RoleInfo (RoleInfo.java:shutdownLeaderElection(134)) - f32c6c94-b69c-4748-9195-84d8cc72c9b5: shutdown LeaderElection
2019-10-14 12:33:24,623 [f32c6c94-b69c-4748-9195-84d8cc72c9b5@group-38F68D4AC6FD-LeaderElection4] INFO  impl.RaftServerImpl (RaftServerImpl.java:setRole(170)) - f32c6c94-b69c-4748-9195-84d8cc72c9b5@group-38F68D4AC6FD: changes role from CANDIDATE to LEADER at term 1 for changeToLeader
2019-10-14 12:33:24,624 [f32c6c94-b69c-4748-9195-84d8cc72c9b5@group-38F68D4AC6FD-LeaderElection4] INFO  impl.RaftServerImpl (ServerState.java:setLeader(255)) - f32c6c94-b69c-4748-9195-84d8cc72c9b5@group-38F68D4AC6FD: change Leader from null to f32c6c94-b69c-4748-9195-84d8cc72c9b5 at term 1 for becomeLeader, leader elected after 5143ms
2019-10-14 12:33:24,625 [f32c6c94-b69c-4748-9195-84d8cc72c9b5@group-38F68D4AC6FD-LeaderElection4] INFO  server.RaftServerConfigKeys (ConfUtils.java:logGet(43)) - raft.server.staging.catchup.gap = 1000 (default)
2019-10-14 12:33:24,625 [f32c6c94-b69c-4748-9195-84d8cc72c9b5@group-38F68D4AC6FD-LeaderElection4] INFO  server.RaftServerConfigKeys (ConfUtils.java:logGet(43)) - raft.server.rpc.sleep.time = 25ms (default)
2019-10-14 12:33:24,625 [f32c6c94-b69c-4748-9195-84d8cc72c9b5@group-38F68D4AC6FD-LeaderElection4] INFO  server.RaftServerConfigKeys (ConfUtils.java:logGet(43)) - raft.server.write.element-limit = 4096 (default)
2019-10-14 12:33:24,626 [f32c6c94-b69c-4748-9195-84d8cc72c9b5@group-38F68D4AC6FD-LeaderElection4] INFO  server.RaftServerConfigKeys (ConfUtils.java:logGet(43)) - raft.server.watch.timeout = 10s (default)
2019-10-14 12:33:24,626 [f32c6c94-b69c-4748-9195-84d8cc72c9b5@group-38F68D4AC6FD-LeaderElection4] INFO  server.RaftServerConfigKeys (ConfUtils.java:logGet(43)) - raft.server.watch.timeout.denomination = 1s (default)
2019-10-14 12:33:24,626 [f32c6c94-b69c-4748-9195-84d8cc72c9b5@group-38F68D4AC6FD-LeaderElection4] INFO  server.RaftServerConfigKeys (ConfUtils.java:logGet(43)) - raft.server.watch.element-limit = 65536 (default)
2019-10-14 12:33:24,629 [f32c6c94-b69c-4748-9195-84d8cc72c9b5@group-38F68D4AC6FD-LeaderElection4] INFO  impl.RoleInfo (RoleInfo.java:updateAndGet(143)) - f32c6c94-b69c-4748-9195-84d8cc72c9b5: start LeaderState
2019-10-14 12:33:24,629 [f32c6c94-b69c-4748-9195-84d8cc72c9b5@group-38F68D4AC6FD-LeaderElection4] INFO  segmented.SegmentedRaftLogWorker (SegmentedRaftLogWorker.java:startLogSegment(385)) - f32c6c94-b69c-4748-9195-84d8cc72c9b5@group-38F68D4AC6FD-SegmentedRaftLogWorker: Starting segment from index:0
2019-10-14 12:33:24,630 [f32c6c94-b69c-4748-9195-84d8cc72c9b5@group-38F68D4AC6FD-LeaderElection4] INFO  impl.RaftServerImpl (ServerState.java:setRaftConf(356)) - f32c6c94-b69c-4748-9195-84d8cc72c9b5@group-38F68D4AC6FD: set configuration 0: [f32c6c94-b69c-4748-9195-84d8cc72c9b5:192.168.151.107:46633], old=null at 0
2019-10-14 12:33:24,672 [f32c6c94-b69c-4748-9195-84d8cc72c9b5@group-38F68D4AC6FD-SegmentedRaftLogWorker] INFO  segmented.SegmentedRaftLogWorker (SegmentedRaftLogWorker.java:execute(574)) - f32c6c94-b69c-4748-9195-84d8cc72c9b5@group-38F68D4AC6FD-SegmentedRaftLogWorker: created new log segment /workdir/hadoop-ozone/integration-test/target/test-dir/MiniOzoneClusterImpl-a38ca729-82bc-4a96-ad61-c83170bdaaf4/datanode-4/data/ratis/803a8052-bdc2-4582-bb46-38f68d4ac6fd/current/log_inprogress_0
2019-10-14 12:33:24,676 [Thread-252] INFO  impl.FollowerState (FollowerState.java:run(108)) - 909aedd7-9b25-44a7-9a58-2145f4886721@group-BDFFE9F3E01E-FollowerState: change to CANDIDATE, lastRpcTime:5102ms, electionTimeout:5102ms
2019-10-14 12:33:24,677 [Thread-252] INFO  impl.RoleInfo (RoleInfo.java:shutdownFollowerState(121)) - 909aedd7-9b25-44a7-9a58-2145f4886721: shutdown FollowerState
2019-10-14 12:33:24,677 [Thread-252] INFO  impl.RaftServerImpl (RaftServerImpl.java:setRole(170)) - 909aedd7-9b25-44a7-9a58-2145f4886721@group-BDFFE9F3E01E: changes role from  FOLLOWER to CANDIDATE at term 0 for changeToCandidate
2019-10-14 12:33:24,677 [Thread-252] INFO  impl.RoleInfo (RoleInfo.java:updateAndGet(143)) - 909aedd7-9b25-44a7-9a58-2145f4886721: start LeaderElection
2019-10-14 12:33:24,686 [909aedd7-9b25-44a7-9a58-2145f4886721@group-BDFFE9F3E01E-LeaderElection5] INFO  impl.LeaderElection (LeaderElection.java:askForVotes(178)) - 909aedd7-9b25-44a7-9a58-2145f4886721@group-BDFFE9F3E01E-LeaderElection5: begin an election at term 1 for -1: [909aedd7-9b25-44a7-9a58-2145f4886721:192.168.151.107:42018], old=null
2019-10-14 12:33:24,687 [909aedd7-9b25-44a7-9a58-2145f4886721@group-BDFFE9F3E01E-LeaderElection5] INFO  impl.RoleInfo (RoleInfo.java:shutdownLeaderElection(134)) - 909aedd7-9b25-44a7-9a58-2145f4886721: shutdown LeaderElection
2019-10-14 12:33:24,687 [909aedd7-9b25-44a7-9a58-2145f4886721@group-BDFFE9F3E01E-LeaderElection5] INFO  impl.RaftServerImpl (RaftServerImpl.java:setRole(170)) - 909aedd7-9b25-44a7-9a58-2145f4886721@group-BDFFE9F3E01E: changes role from CANDIDATE to LEADER at term 1 for changeToLeader
2019-10-14 12:33:24,687 [909aedd7-9b25-44a7-9a58-2145f4886721@group-BDFFE9F3E01E-LeaderElection5] INFO  impl.RaftServerImpl (ServerState.java:setLeader(255)) - 909aedd7-9b25-44a7-9a58-2145f4886721@group-BDFFE9F3E01E: change Leader from null to 909aedd7-9b25-44a7-9a58-2145f4886721 at term 1 for becomeLeader, leader elected after 5127ms
2019-10-14 12:33:24,688 [909aedd7-9b25-44a7-9a58-2145f4886721@group-BDFFE9F3E01E-LeaderElection5] INFO  server.RaftServerConfigKeys (ConfUtils.java:logGet(43)) - raft.server.staging.catchup.gap = 1000 (default)
2019-10-14 12:33:24,689 [909aedd7-9b25-44a7-9a58-2145f4886721@group-BDFFE9F3E01E-LeaderElection5] INFO  server.RaftServerConfigKeys (ConfUtils.java:logGet(43)) - raft.server.rpc.sleep.time = 25ms (default)
2019-10-14 12:33:24,689 [909aedd7-9b25-44a7-9a58-2145f4886721@group-BDFFE9F3E01E-LeaderElection5] INFO  server.RaftServerConfigKeys (ConfUtils.java:logGet(43)) - raft.server.write.element-limit = 4096 (default)
2019-10-14 12:33:24,689 [909aedd7-9b25-44a7-9a58-2145f4886721@group-BDFFE9F3E01E-LeaderElection5] INFO  server.RaftServerConfigKeys (ConfUtils.java:logGet(43)) - raft.server.watch.timeout = 10s (default)
2019-10-14 12:33:24,689 [909aedd7-9b25-44a7-9a58-2145f4886721@group-BDFFE9F3E01E-LeaderElection5] INFO  server.RaftServerConfigKeys (ConfUtils.java:logGet(43)) - raft.server.watch.timeout.denomination = 1s (default)
2019-10-14 12:33:24,689 [909aedd7-9b25-44a7-9a58-2145f4886721@group-BDFFE9F3E01E-LeaderElection5] INFO  server.RaftServerConfigKeys (ConfUtils.java:logGet(43)) - raft.server.watch.element-limit = 65536 (default)
2019-10-14 12:33:24,692 [909aedd7-9b25-44a7-9a58-2145f4886721@group-BDFFE9F3E01E-LeaderElection5] INFO  impl.RoleInfo (RoleInfo.java:updateAndGet(143)) - 909aedd7-9b25-44a7-9a58-2145f4886721: start LeaderState
2019-10-14 12:33:24,693 [909aedd7-9b25-44a7-9a58-2145f4886721@group-BDFFE9F3E01E-LeaderElection5] INFO  segmented.SegmentedRaftLogWorker (SegmentedRaftLogWorker.java:startLogSegment(385)) - 909aedd7-9b25-44a7-9a58-2145f4886721@group-BDFFE9F3E01E-SegmentedRaftLogWorker: Starting segment from index:0
2019-10-14 12:33:24,694 [909aedd7-9b25-44a7-9a58-2145f4886721@group-BDFFE9F3E01E-LeaderElection5] INFO  impl.RaftServerImpl (ServerState.java:setRaftConf(356)) - 909aedd7-9b25-44a7-9a58-2145f4886721@group-BDFFE9F3E01E: set configuration 0: [909aedd7-9b25-44a7-9a58-2145f4886721:192.168.151.107:42018], old=null at 0
2019-10-14 12:33:24,734 [909aedd7-9b25-44a7-9a58-2145f4886721@group-BDFFE9F3E01E-SegmentedRaftLogWorker] INFO  segmented.SegmentedRaftLogWorker (SegmentedRaftLogWorker.java:execute(574)) - 909aedd7-9b25-44a7-9a58-2145f4886721@group-BDFFE9F3E01E-SegmentedRaftLogWorker: created new log segment /workdir/hadoop-ozone/integration-test/target/test-dir/MiniOzoneClusterImpl-a38ca729-82bc-4a96-ad61-c83170bdaaf4/datanode-5/data/ratis/8b494bb6-912a-4076-9b34-bdffe9f3e01e/current/log_inprogress_0
2019-10-14 12:33:24,756 [Thread-255] INFO  impl.FollowerState (FollowerState.java:run(108)) - 1116cddf-e608-4505-a753-1c7fed89648c@group-503E6191A37F-FollowerState: change to CANDIDATE, lastRpcTime:5100ms, electionTimeout:5100ms
2019-10-14 12:33:24,757 [Thread-255] INFO  impl.RoleInfo (RoleInfo.java:shutdownFollowerState(121)) - 1116cddf-e608-4505-a753-1c7fed89648c: shutdown FollowerState
2019-10-14 12:33:24,757 [Thread-255] INFO  impl.RaftServerImpl (RaftServerImpl.java:setRole(170)) - 1116cddf-e608-4505-a753-1c7fed89648c@group-503E6191A37F: changes role from  FOLLOWER to CANDIDATE at term 0 for changeToCandidate
2019-10-14 12:33:24,757 [Thread-255] INFO  impl.RoleInfo (RoleInfo.java:updateAndGet(143)) - 1116cddf-e608-4505-a753-1c7fed89648c: start LeaderElection
2019-10-14 12:33:24,776 [1116cddf-e608-4505-a753-1c7fed89648c@group-503E6191A37F-LeaderElection6] INFO  impl.LeaderElection (LeaderElection.java:askForVotes(178)) - 1116cddf-e608-4505-a753-1c7fed89648c@group-503E6191A37F-LeaderElection6: begin an election at term 1 for -1: [1116cddf-e608-4505-a753-1c7fed89648c:192.168.151.107:41101], old=null
2019-10-14 12:33:24,776 [1116cddf-e608-4505-a753-1c7fed89648c@group-503E6191A37F-LeaderElection6] INFO  impl.RoleInfo (RoleInfo.java:shutdownLeaderElection(134)) - 1116cddf-e608-4505-a753-1c7fed89648c: shutdown LeaderElection
2019-10-14 12:33:24,776 [1116cddf-e608-4505-a753-1c7fed89648c@group-503E6191A37F-LeaderElection6] INFO  impl.RaftServerImpl (RaftServerImpl.java:setRole(170)) - 1116cddf-e608-4505-a753-1c7fed89648c@group-503E6191A37F: changes role from CANDIDATE to LEADER at term 1 for changeToLeader
2019-10-14 12:33:24,776 [1116cddf-e608-4505-a753-1c7fed89648c@group-503E6191A37F-LeaderElection6] INFO  impl.RaftServerImpl (ServerState.java:setLeader(255)) - 1116cddf-e608-4505-a753-1c7fed89648c@group-503E6191A37F: change Leader from null to 1116cddf-e608-4505-a753-1c7fed89648c at term 1 for becomeLeader, leader elected after 5129ms
2019-10-14 12:33:24,779 [1116cddf-e608-4505-a753-1c7fed89648c@group-503E6191A37F-LeaderElection6] INFO  server.RaftServerConfigKeys (ConfUtils.java:logGet(43)) - raft.server.staging.catchup.gap = 1000 (default)
2019-10-14 12:33:24,779 [1116cddf-e608-4505-a753-1c7fed89648c@group-503E6191A37F-LeaderElection6] INFO  server.RaftServerConfigKeys (ConfUtils.java:logGet(43)) - raft.server.rpc.sleep.time = 25ms (default)
2019-10-14 12:33:24,779 [1116cddf-e608-4505-a753-1c7fed89648c@group-503E6191A37F-LeaderElection6] INFO  server.RaftServerConfigKeys (ConfUtils.java:logGet(43)) - raft.server.write.element-limit = 4096 (default)
2019-10-14 12:33:24,780 [1116cddf-e608-4505-a753-1c7fed89648c@group-503E6191A37F-LeaderElection6] INFO  server.RaftServerConfigKeys (ConfUtils.java:logGet(43)) - raft.server.watch.timeout = 10s (default)
2019-10-14 12:33:24,780 [1116cddf-e608-4505-a753-1c7fed89648c@group-503E6191A37F-LeaderElection6] INFO  server.RaftServerConfigKeys (ConfUtils.java:logGet(43)) - raft.server.watch.timeout.denomination = 1s (default)
2019-10-14 12:33:24,780 [1116cddf-e608-4505-a753-1c7fed89648c@group-503E6191A37F-LeaderElection6] INFO  server.RaftServerConfigKeys (ConfUtils.java:logGet(43)) - raft.server.watch.element-limit = 65536 (default)
2019-10-14 12:33:24,784 [1116cddf-e608-4505-a753-1c7fed89648c@group-503E6191A37F-LeaderElection6] INFO  impl.RoleInfo (RoleInfo.java:updateAndGet(143)) - 1116cddf-e608-4505-a753-1c7fed89648c: start LeaderState
2019-10-14 12:33:24,784 [1116cddf-e608-4505-a753-1c7fed89648c@group-503E6191A37F-LeaderElection6] INFO  segmented.SegmentedRaftLogWorker (SegmentedRaftLogWorker.java:startLogSegment(385)) - 1116cddf-e608-4505-a753-1c7fed89648c@group-503E6191A37F-SegmentedRaftLogWorker: Starting segment from index:0
2019-10-14 12:33:24,785 [1116cddf-e608-4505-a753-1c7fed89648c@group-503E6191A37F-LeaderElection6] INFO  impl.RaftServerImpl (ServerState.java:setRaftConf(356)) - 1116cddf-e608-4505-a753-1c7fed89648c@group-503E6191A37F: set configuration 0: [1116cddf-e608-4505-a753-1c7fed89648c:192.168.151.107:41101], old=null at 0
2019-10-14 12:33:24,825 [1116cddf-e608-4505-a753-1c7fed89648c@group-503E6191A37F-SegmentedRaftLogWorker] INFO  segmented.SegmentedRaftLogWorker (SegmentedRaftLogWorker.java:execute(574)) - 1116cddf-e608-4505-a753-1c7fed89648c@group-503E6191A37F-SegmentedRaftLogWorker: created new log segment /workdir/hadoop-ozone/integration-test/target/test-dir/MiniOzoneClusterImpl-a38ca729-82bc-4a96-ad61-c83170bdaaf4/datanode-2/data/ratis/7da8cfdf-9fea-4d14-af4c-503e6191a37f/current/log_inprogress_0
2019-10-14 12:33:24,853 [Thread-258] INFO  impl.FollowerState (FollowerState.java:run(108)) - 225004a2-1ca7-4fc4-baaf-46e49c876ee0@group-E191D5E0E293-FollowerState: change to CANDIDATE, lastRpcTime:5102ms, electionTimeout:5102ms
2019-10-14 12:33:24,853 [Thread-258] INFO  impl.RoleInfo (RoleInfo.java:shutdownFollowerState(121)) - 225004a2-1ca7-4fc4-baaf-46e49c876ee0: shutdown FollowerState
2019-10-14 12:33:24,854 [Thread-258] INFO  impl.RaftServerImpl (RaftServerImpl.java:setRole(170)) - 225004a2-1ca7-4fc4-baaf-46e49c876ee0@group-E191D5E0E293: changes role from  FOLLOWER to CANDIDATE at term 0 for changeToCandidate
2019-10-14 12:33:24,854 [Thread-258] INFO  impl.RoleInfo (RoleInfo.java:updateAndGet(143)) - 225004a2-1ca7-4fc4-baaf-46e49c876ee0: start LeaderElection
2019-10-14 12:33:24,867 [Thread-264] INFO  impl.FollowerState (FollowerState.java:run(108)) - 0e49daa5-0cf4-42c8-a9a2-945b19550869@group-808C6B526DCA-FollowerState: change to CANDIDATE, lastRpcTime:5013ms, electionTimeout:5013ms
2019-10-14 12:33:24,867 [Thread-264] INFO  impl.RoleInfo (RoleInfo.java:shutdownFollowerState(121)) - 0e49daa5-0cf4-42c8-a9a2-945b19550869: shutdown FollowerState
2019-10-14 12:33:24,867 [Thread-264] INFO  impl.RaftServerImpl (RaftServerImpl.java:setRole(170)) - 0e49daa5-0cf4-42c8-a9a2-945b19550869@group-808C6B526DCA: changes role from  FOLLOWER to CANDIDATE at term 0 for changeToCandidate
2019-10-14 12:33:24,868 [Thread-264] INFO  impl.RoleInfo (RoleInfo.java:updateAndGet(143)) - 0e49daa5-0cf4-42c8-a9a2-945b19550869: start LeaderElection
2019-10-14 12:33:24,874 [225004a2-1ca7-4fc4-baaf-46e49c876ee0@group-E191D5E0E293-LeaderElection7] INFO  impl.LeaderElection (LeaderElection.java:askForVotes(178)) - 225004a2-1ca7-4fc4-baaf-46e49c876ee0@group-E191D5E0E293-LeaderElection7: begin an election at term 1 for -1: [225004a2-1ca7-4fc4-baaf-46e49c876ee0:192.168.151.107:42899], old=null
2019-10-14 12:33:24,874 [0e49daa5-0cf4-42c8-a9a2-945b19550869@group-808C6B526DCA-LeaderElection8] INFO  impl.LeaderElection (LeaderElection.java:askForVotes(178)) - 0e49daa5-0cf4-42c8-a9a2-945b19550869@group-808C6B526DCA-LeaderElection8: begin an election at term 1 for -1: [3fa750ff-58d9-4caf-ad70-bb254302d29f:192.168.151.107:42856, f32c6c94-b69c-4748-9195-84d8cc72c9b5:192.168.151.107:46633, 0e49daa5-0cf4-42c8-a9a2-945b19550869:192.168.151.107:37106], old=null
2019-10-14 12:33:24,874 [225004a2-1ca7-4fc4-baaf-46e49c876ee0@group-E191D5E0E293-LeaderElection7] INFO  impl.RoleInfo (RoleInfo.java:shutdownLeaderElection(134)) - 225004a2-1ca7-4fc4-baaf-46e49c876ee0: shutdown LeaderElection
2019-10-14 12:33:24,875 [225004a2-1ca7-4fc4-baaf-46e49c876ee0@group-E191D5E0E293-LeaderElection7] INFO  impl.RaftServerImpl (RaftServerImpl.java:setRole(170)) - 225004a2-1ca7-4fc4-baaf-46e49c876ee0@group-E191D5E0E293: changes role from CANDIDATE to LEADER at term 1 for changeToLeader
2019-10-14 12:33:24,875 [225004a2-1ca7-4fc4-baaf-46e49c876ee0@group-E191D5E0E293-LeaderElection7] INFO  impl.RaftServerImpl (ServerState.java:setLeader(255)) - 225004a2-1ca7-4fc4-baaf-46e49c876ee0@group-E191D5E0E293: change Leader from null to 225004a2-1ca7-4fc4-baaf-46e49c876ee0 at term 1 for becomeLeader, leader elected after 5135ms
2019-10-14 12:33:24,877 [225004a2-1ca7-4fc4-baaf-46e49c876ee0@group-E191D5E0E293-LeaderElection7] INFO  server.RaftServerConfigKeys (ConfUtils.java:logGet(43)) - raft.server.staging.catchup.gap = 1000 (default)
2019-10-14 12:33:24,877 [225004a2-1ca7-4fc4-baaf-46e49c876ee0@group-E191D5E0E293-LeaderElection7] INFO  server.RaftServerConfigKeys (ConfUtils.java:logGet(43)) - raft.server.rpc.sleep.time = 25ms (default)
2019-10-14 12:33:24,878 [225004a2-1ca7-4fc4-baaf-46e49c876ee0@group-E191D5E0E293-LeaderElection7] INFO  server.RaftServerConfigKeys (ConfUtils.java:logGet(43)) - raft.server.write.element-limit = 4096 (default)
2019-10-14 12:33:24,878 [225004a2-1ca7-4fc4-baaf-46e49c876ee0@group-E191D5E0E293-LeaderElection7] INFO  server.RaftServerConfigKeys (ConfUtils.java:logGet(43)) - raft.server.watch.timeout = 10s (default)
2019-10-14 12:33:24,878 [225004a2-1ca7-4fc4-baaf-46e49c876ee0@group-E191D5E0E293-LeaderElection7] INFO  server.RaftServerConfigKeys (ConfUtils.java:logGet(43)) - raft.server.watch.timeout.denomination = 1s (default)
2019-10-14 12:33:24,878 [225004a2-1ca7-4fc4-baaf-46e49c876ee0@group-E191D5E0E293-LeaderElection7] INFO  server.RaftServerConfigKeys (ConfUtils.java:logGet(43)) - raft.server.watch.element-limit = 65536 (default)
2019-10-14 12:33:24,882 [225004a2-1ca7-4fc4-baaf-46e49c876ee0@group-E191D5E0E293-LeaderElection7] INFO  impl.RoleInfo (RoleInfo.java:updateAndGet(143)) - 225004a2-1ca7-4fc4-baaf-46e49c876ee0: start LeaderState
2019-10-14 12:33:24,882 [225004a2-1ca7-4fc4-baaf-46e49c876ee0@group-E191D5E0E293-LeaderElection7] INFO  segmented.SegmentedRaftLogWorker (SegmentedRaftLogWorker.java:startLogSegment(385)) - 225004a2-1ca7-4fc4-baaf-46e49c876ee0@group-E191D5E0E293-SegmentedRaftLogWorker: Starting segment from index:0
2019-10-14 12:33:24,883 [225004a2-1ca7-4fc4-baaf-46e49c876ee0@group-E191D5E0E293-LeaderElection7] INFO  impl.RaftServerImpl (ServerState.java:setRaftConf(356)) - 225004a2-1ca7-4fc4-baaf-46e49c876ee0@group-E191D5E0E293: set configuration 0: [225004a2-1ca7-4fc4-baaf-46e49c876ee0:192.168.151.107:42899], old=null at 0
2019-10-14 12:33:24,883 [Thread-263] INFO  impl.FollowerState (FollowerState.java:run(108)) - 3fa750ff-58d9-4caf-ad70-bb254302d29f@group-808C6B526DCA-FollowerState: change to CANDIDATE, lastRpcTime:5031ms, electionTimeout:5031ms
2019-10-14 12:33:24,920 [Thread-263] INFO  impl.RoleInfo (RoleInfo.java:shutdownFollowerState(121)) - 3fa750ff-58d9-4caf-ad70-bb254302d29f: shutdown FollowerState
2019-10-14 12:33:24,920 [Thread-263] INFO  impl.RaftServerImpl (RaftServerImpl.java:setRole(170)) - 3fa750ff-58d9-4caf-ad70-bb254302d29f@group-808C6B526DCA: changes role from  FOLLOWER to CANDIDATE at term 0 for changeToCandidate
2019-10-14 12:33:24,921 [Thread-263] INFO  impl.RoleInfo (RoleInfo.java:updateAndGet(143)) - 3fa750ff-58d9-4caf-ad70-bb254302d29f: start LeaderElection
2019-10-14 12:33:24,933 [225004a2-1ca7-4fc4-baaf-46e49c876ee0@group-E191D5E0E293-SegmentedRaftLogWorker] INFO  segmented.SegmentedRaftLogWorker (SegmentedRaftLogWorker.java:execute(574)) - 225004a2-1ca7-4fc4-baaf-46e49c876ee0@group-E191D5E0E293-SegmentedRaftLogWorker: created new log segment /workdir/hadoop-ozone/integration-test/target/test-dir/MiniOzoneClusterImpl-a38ca729-82bc-4a96-ad61-c83170bdaaf4/datanode-6/data/ratis/531dcea6-53ea-4b5d-aa8b-e191d5e0e293/current/log_inprogress_0
2019-10-14 12:33:24,933 [3fa750ff-58d9-4caf-ad70-bb254302d29f@group-808C6B526DCA-LeaderElection9] INFO  impl.LeaderElection (LeaderElection.java:askForVotes(178)) - 3fa750ff-58d9-4caf-ad70-bb254302d29f@group-808C6B526DCA-LeaderElection9: begin an election at term 1 for -1: [3fa750ff-58d9-4caf-ad70-bb254302d29f:192.168.151.107:42856, f32c6c94-b69c-4748-9195-84d8cc72c9b5:192.168.151.107:46633, 0e49daa5-0cf4-42c8-a9a2-945b19550869:192.168.151.107:37106], old=null
2019-10-14 12:33:24,950 [grpc-default-executor-3] INFO  impl.RaftServerImpl (RaftServerImpl.java:setRole(170)) - f32c6c94-b69c-4748-9195-84d8cc72c9b5@group-808C6B526DCA: changes role from  FOLLOWER to FOLLOWER at term 1 for recognizeCandidate:0e49daa5-0cf4-42c8-a9a2-945b19550869
2019-10-14 12:33:24,951 [grpc-default-executor-3] INFO  impl.RoleInfo (RoleInfo.java:shutdownFollowerState(121)) - f32c6c94-b69c-4748-9195-84d8cc72c9b5: shutdown FollowerState
2019-10-14 12:33:24,951 [grpc-default-executor-3] INFO  impl.RoleInfo (RoleInfo.java:updateAndGet(143)) - f32c6c94-b69c-4748-9195-84d8cc72c9b5: start FollowerState
2019-10-14 12:33:24,951 [Thread-265] INFO  impl.FollowerState (FollowerState.java:run(117)) - f32c6c94-b69c-4748-9195-84d8cc72c9b5@group-808C6B526DCA-FollowerState was interrupted: java.lang.InterruptedException: sleep interrupted
2019-10-14 12:33:24,995 [3fa750ff-58d9-4caf-ad70-bb254302d29f@group-808C6B526DCA-LeaderElection9] INFO  impl.LeaderElection (LeaderElection.java:logAndReturn(56)) - 3fa750ff-58d9-4caf-ad70-bb254302d29f@group-808C6B526DCA-LeaderElection9: Election REJECTED; received 2 response(s) [3fa750ff-58d9-4caf-ad70-bb254302d29f<-f32c6c94-b69c-4748-9195-84d8cc72c9b5#0:FAIL-t1, 3fa750ff-58d9-4caf-ad70-bb254302d29f<-0e49daa5-0cf4-42c8-a9a2-945b19550869#0:FAIL-t1] and 0 exception(s); 3fa750ff-58d9-4caf-ad70-bb254302d29f@group-808C6B526DCA:t1, leader=null, voted=3fa750ff-58d9-4caf-ad70-bb254302d29f, raftlog=3fa750ff-58d9-4caf-ad70-bb254302d29f@group-808C6B526DCA-SegmentedRaftLog:OPENED:c-1,f-1,i0, conf=-1: [3fa750ff-58d9-4caf-ad70-bb254302d29f:192.168.151.107:42856, f32c6c94-b69c-4748-9195-84d8cc72c9b5:192.168.151.107:46633, 0e49daa5-0cf4-42c8-a9a2-945b19550869:192.168.151.107:37106], old=null
2019-10-14 12:33:24,995 [0e49daa5-0cf4-42c8-a9a2-945b19550869@group-808C6B526DCA-LeaderElection8] INFO  impl.LeaderElection (LeaderElection.java:logAndReturn(56)) - 0e49daa5-0cf4-42c8-a9a2-945b19550869@group-808C6B526DCA-LeaderElection8: Election PASSED; received 2 response(s) [0e49daa5-0cf4-42c8-a9a2-945b19550869<-3fa750ff-58d9-4caf-ad70-bb254302d29f#0:FAIL-t1, 0e49daa5-0cf4-42c8-a9a2-945b19550869<-f32c6c94-b69c-4748-9195-84d8cc72c9b5#0:OK-t1] and 0 exception(s); 0e49daa5-0cf4-42c8-a9a2-945b19550869@group-808C6B526DCA:t1, leader=null, voted=0e49daa5-0cf4-42c8-a9a2-945b19550869, raftlog=0e49daa5-0cf4-42c8-a9a2-945b19550869@group-808C6B526DCA-SegmentedRaftLog:OPENED:c-1,f-1,i0, conf=-1: [3fa750ff-58d9-4caf-ad70-bb254302d29f:192.168.151.107:42856, f32c6c94-b69c-4748-9195-84d8cc72c9b5:192.168.151.107:46633, 0e49daa5-0cf4-42c8-a9a2-945b19550869:192.168.151.107:37106], old=null
2019-10-14 12:33:24,995 [3fa750ff-58d9-4caf-ad70-bb254302d29f@group-808C6B526DCA-LeaderElection9] INFO  impl.RaftServerImpl (RaftServerImpl.java:setRole(170)) - 3fa750ff-58d9-4caf-ad70-bb254302d29f@group-808C6B526DCA: changes role from CANDIDATE to FOLLOWER at term 1 for DISCOVERED_A_NEW_TERM
2019-10-14 12:33:24,997 [0e49daa5-0cf4-42c8-a9a2-945b19550869@group-808C6B526DCA-LeaderElection8] INFO  impl.RoleInfo (RoleInfo.java:shutdownLeaderElection(134)) - 0e49daa5-0cf4-42c8-a9a2-945b19550869: shutdown LeaderElection
2019-10-14 12:33:24,997 [3fa750ff-58d9-4caf-ad70-bb254302d29f@group-808C6B526DCA-LeaderElection9] INFO  impl.RoleInfo (RoleInfo.java:shutdownLeaderElection(134)) - 3fa750ff-58d9-4caf-ad70-bb254302d29f: shutdown LeaderElection
2019-10-14 12:33:25,000 [0e49daa5-0cf4-42c8-a9a2-945b19550869@group-808C6B526DCA-LeaderElection8] INFO  impl.RaftServerImpl (RaftServerImpl.java:setRole(170)) - 0e49daa5-0cf4-42c8-a9a2-945b19550869@group-808C6B526DCA: changes role from CANDIDATE to LEADER at term 1 for changeToLeader
2019-10-14 12:33:25,004 [3fa750ff-58d9-4caf-ad70-bb254302d29f@group-808C6B526DCA-LeaderElection9] INFO  impl.RoleInfo (RoleInfo.java:updateAndGet(143)) - 3fa750ff-58d9-4caf-ad70-bb254302d29f: start FollowerState
2019-10-14 12:33:25,004 [0e49daa5-0cf4-42c8-a9a2-945b19550869@group-808C6B526DCA-LeaderElection8] INFO  impl.RaftServerImpl (ServerState.java:setLeader(255)) - 0e49daa5-0cf4-42c8-a9a2-945b19550869@group-808C6B526DCA: change Leader from null to 0e49daa5-0cf4-42c8-a9a2-945b19550869 at term 1 for becomeLeader, leader elected after 5166ms
2019-10-14 12:33:25,005 [0e49daa5-0cf4-42c8-a9a2-945b19550869@group-808C6B526DCA-LeaderElection8] INFO  server.RaftServerConfigKeys (ConfUtils.java:logGet(43)) - raft.server.staging.catchup.gap = 1000 (default)
2019-10-14 12:33:25,006 [0e49daa5-0cf4-42c8-a9a2-945b19550869@group-808C6B526DCA-LeaderElection8] INFO  server.RaftServerConfigKeys (ConfUtils.java:logGet(43)) - raft.server.rpc.sleep.time = 25ms (default)
2019-10-14 12:33:25,007 [0e49daa5-0cf4-42c8-a9a2-945b19550869@group-808C6B526DCA-LeaderElection8] INFO  server.RaftServerConfigKeys (ConfUtils.java:logGet(43)) - raft.server.write.element-limit = 4096 (default)
2019-10-14 12:33:25,007 [0e49daa5-0cf4-42c8-a9a2-945b19550869@group-808C6B526DCA-LeaderElection8] INFO  server.RaftServerConfigKeys (ConfUtils.java:logGet(43)) - raft.server.watch.timeout = 10s (default)
2019-10-14 12:33:25,007 [0e49daa5-0cf4-42c8-a9a2-945b19550869@group-808C6B526DCA-LeaderElection8] INFO  server.RaftServerConfigKeys (ConfUtils.java:logGet(43)) - raft.server.watch.timeout.denomination = 1s (default)
2019-10-14 12:33:25,007 [0e49daa5-0cf4-42c8-a9a2-945b19550869@group-808C6B526DCA-LeaderElection8] INFO  server.RaftServerConfigKeys (ConfUtils.java:logGet(43)) - raft.server.watch.element-limit = 65536 (default)
2019-10-14 12:33:25,015 [0e49daa5-0cf4-42c8-a9a2-945b19550869@group-808C6B526DCA-LeaderElection8] INFO  server.RaftServerConfigKeys (ConfUtils.java:logGet(43)) - raft.server.log.appender.snapshot.chunk.size.max = 16MB (=16777216) (default)
2019-10-14 12:33:25,015 [0e49daa5-0cf4-42c8-a9a2-945b19550869@group-808C6B526DCA-LeaderElection8] INFO  server.RaftServerConfigKeys (ConfUtils.java:logGet(43)) - raft.server.log.appender.buffer.byte-limit = 33554432 (custom)
2019-10-14 12:33:25,016 [0e49daa5-0cf4-42c8-a9a2-945b19550869@group-808C6B526DCA-LeaderElection8] INFO  server.RaftServerConfigKeys (ConfUtils.java:logGet(43)) - raft.server.log.appender.buffer.element-limit = 1 (custom)
2019-10-14 12:33:25,020 [0e49daa5-0cf4-42c8-a9a2-945b19550869@group-808C6B526DCA-LeaderElection8] INFO  grpc.GrpcConfigKeys$Server (ConfUtils.java:logGet(43)) - raft.grpc.server.leader.outstanding.appends.max = 128 (default)
2019-10-14 12:33:25,020 [0e49daa5-0cf4-42c8-a9a2-945b19550869@group-808C6B526DCA-LeaderElection8] INFO  server.RaftServerConfigKeys (ConfUtils.java:logGet(43)) - raft.server.rpc.request.timeout = 3000ms (default)
2019-10-14 12:33:25,021 [0e49daa5-0cf4-42c8-a9a2-945b19550869@group-808C6B526DCA-LeaderElection8] INFO  server.RaftServerConfigKeys (ConfUtils.java:logGet(43)) - raft.server.log.appender.install.snapshot.enabled = false (custom)
2019-10-14 12:33:25,022 [0e49daa5-0cf4-42c8-a9a2-945b19550869@group-808C6B526DCA-LeaderElection8] INFO  server.RaftServerConfigKeys (ConfUtils.java:logGet(43)) - raft.server.log.appender.snapshot.chunk.size.max = 16MB (=16777216) (default)
2019-10-14 12:33:25,022 [0e49daa5-0cf4-42c8-a9a2-945b19550869@group-808C6B526DCA-LeaderElection8] INFO  server.RaftServerConfigKeys (ConfUtils.java:logGet(43)) - raft.server.log.appender.buffer.byte-limit = 33554432 (custom)
2019-10-14 12:33:25,022 [0e49daa5-0cf4-42c8-a9a2-945b19550869@group-808C6B526DCA-LeaderElection8] INFO  server.RaftServerConfigKeys (ConfUtils.java:logGet(43)) - raft.server.log.appender.buffer.element-limit = 1 (custom)
2019-10-14 12:33:25,023 [0e49daa5-0cf4-42c8-a9a2-945b19550869@group-808C6B526DCA-LeaderElection8] INFO  grpc.GrpcConfigKeys$Server (ConfUtils.java:logGet(43)) - raft.grpc.server.leader.outstanding.appends.max = 128 (default)
2019-10-14 12:33:25,023 [0e49daa5-0cf4-42c8-a9a2-945b19550869@group-808C6B526DCA-LeaderElection8] INFO  server.RaftServerConfigKeys (ConfUtils.java:logGet(43)) - raft.server.rpc.request.timeout = 3000ms (default)
2019-10-14 12:33:25,023 [0e49daa5-0cf4-42c8-a9a2-945b19550869@group-808C6B526DCA-LeaderElection8] INFO  server.RaftServerConfigKeys (ConfUtils.java:logGet(43)) - raft.server.log.appender.install.snapshot.enabled = false (custom)
2019-10-14 12:33:25,025 [0e49daa5-0cf4-42c8-a9a2-945b19550869@group-808C6B526DCA-LeaderElection8] INFO  impl.RoleInfo (RoleInfo.java:updateAndGet(143)) - 0e49daa5-0cf4-42c8-a9a2-945b19550869: start LeaderState
2019-10-14 12:33:25,025 [0e49daa5-0cf4-42c8-a9a2-945b19550869@group-808C6B526DCA-LeaderElection8] INFO  segmented.SegmentedRaftLogWorker (SegmentedRaftLogWorker.java:startLogSegment(385)) - 0e49daa5-0cf4-42c8-a9a2-945b19550869@group-808C6B526DCA-SegmentedRaftLogWorker: Starting segment from index:0
2019-10-14 12:33:25,026 [0e49daa5-0cf4-42c8-a9a2-945b19550869@group-808C6B526DCA-LeaderElection8] INFO  impl.RaftServerImpl (ServerState.java:setRaftConf(356)) - 0e49daa5-0cf4-42c8-a9a2-945b19550869@group-808C6B526DCA: set configuration 0: [3fa750ff-58d9-4caf-ad70-bb254302d29f:192.168.151.107:42856, f32c6c94-b69c-4748-9195-84d8cc72c9b5:192.168.151.107:46633, 0e49daa5-0cf4-42c8-a9a2-945b19550869:192.168.151.107:37106], old=null at 0
2019-10-14 12:33:25,057 [Thread-273] INFO  impl.FollowerState (FollowerState.java:run(108)) - ccec05d6-37cf-4225-92b7-016730b7282e@group-0C1313BCED52-FollowerState: change to CANDIDATE, lastRpcTime:5070ms, electionTimeout:5040ms
2019-10-14 12:33:25,057 [Thread-273] INFO  impl.RoleInfo (RoleInfo.java:shutdownFollowerState(121)) - ccec05d6-37cf-4225-92b7-016730b7282e: shutdown FollowerState
2019-10-14 12:33:25,057 [Thread-273] INFO  impl.RaftServerImpl (RaftServerImpl.java:setRole(170)) - ccec05d6-37cf-4225-92b7-016730b7282e@group-0C1313BCED52: changes role from  FOLLOWER to CANDIDATE at term 0 for changeToCandidate
2019-10-14 12:33:25,057 [Thread-273] INFO  impl.RoleInfo (RoleInfo.java:updateAndGet(143)) - ccec05d6-37cf-4225-92b7-016730b7282e: start LeaderElection
2019-10-14 12:33:25,070 [0e49daa5-0cf4-42c8-a9a2-945b19550869@group-808C6B526DCA-SegmentedRaftLogWorker] INFO  segmented.SegmentedRaftLogWorker (SegmentedRaftLogWorker.java:execute(574)) - 0e49daa5-0cf4-42c8-a9a2-945b19550869@group-808C6B526DCA-SegmentedRaftLogWorker: created new log segment /workdir/hadoop-ozone/integration-test/target/test-dir/MiniOzoneClusterImpl-a38ca729-82bc-4a96-ad61-c83170bdaaf4/datanode-3/data/ratis/9394c2da-4155-4e02-8858-808c6b526dca/current/log_inprogress_0
2019-10-14 12:33:25,070 [ccec05d6-37cf-4225-92b7-016730b7282e@group-0C1313BCED52-LeaderElection10] INFO  impl.LeaderElection (LeaderElection.java:askForVotes(178)) - ccec05d6-37cf-4225-92b7-016730b7282e@group-0C1313BCED52-LeaderElection10: begin an election at term 1 for -1: [1116cddf-e608-4505-a753-1c7fed89648c:192.168.151.107:41101, 909aedd7-9b25-44a7-9a58-2145f4886721:192.168.151.107:42018, ccec05d6-37cf-4225-92b7-016730b7282e:192.168.151.107:38848], old=null
2019-10-14 12:33:25,084 [Thread-274] INFO  impl.FollowerState (FollowerState.java:run(108)) - 1116cddf-e608-4505-a753-1c7fed89648c@group-0C1313BCED52-FollowerState: change to CANDIDATE, lastRpcTime:5096ms, electionTimeout:5094ms
2019-10-14 12:33:25,087 [Thread-274] INFO  impl.RoleInfo (RoleInfo.java:shutdownFollowerState(121)) - 1116cddf-e608-4505-a753-1c7fed89648c: shutdown FollowerState
2019-10-14 12:33:25,090 [Thread-274] INFO  impl.RaftServerImpl (RaftServerImpl.java:setRole(170)) - 1116cddf-e608-4505-a753-1c7fed89648c@group-0C1313BCED52: changes role from  FOLLOWER to CANDIDATE at term 0 for changeToCandidate
2019-10-14 12:33:25,090 [Thread-274] INFO  impl.RoleInfo (RoleInfo.java:updateAndGet(143)) - 1116cddf-e608-4505-a753-1c7fed89648c: start LeaderElection
2019-10-14 12:33:25,090 [grpc-default-executor-2] INFO  impl.RaftServerImpl (ServerState.java:setLeader(255)) - f32c6c94-b69c-4748-9195-84d8cc72c9b5@group-808C6B526DCA: change Leader from null to 0e49daa5-0cf4-42c8-a9a2-945b19550869 at term 1 for appendEntries, leader elected after 5251ms
2019-10-14 12:33:25,091 [grpc-default-executor-3] INFO  impl.RaftServerImpl (RaftServerImpl.java:setRole(170)) - 909aedd7-9b25-44a7-9a58-2145f4886721@group-0C1313BCED52: changes role from  FOLLOWER to FOLLOWER at term 1 for recognizeCandidate:ccec05d6-37cf-4225-92b7-016730b7282e
2019-10-14 12:33:25,093 [grpc-default-executor-1] INFO  impl.RaftServerImpl (RaftServerImpl.java:setRole(170)) - 1116cddf-e608-4505-a753-1c7fed89648c@group-0C1313BCED52: changes role from CANDIDATE to FOLLOWER at term 1 for recognizeCandidate:ccec05d6-37cf-4225-92b7-016730b7282e
2019-10-14 12:33:25,090 [grpc-default-executor-0] INFO  impl.RaftServerImpl (ServerState.java:setLeader(255)) - 3fa750ff-58d9-4caf-ad70-bb254302d29f@group-808C6B526DCA: change Leader from null to 0e49daa5-0cf4-42c8-a9a2-945b19550869 at term 1 for appendEntries, leader elected after 5252ms
2019-10-14 12:33:25,093 [grpc-default-executor-1] INFO  impl.RoleInfo (RoleInfo.java:shutdownLeaderElection(134)) - 1116cddf-e608-4505-a753-1c7fed89648c: shutdown LeaderElection
2019-10-14 12:33:25,093 [grpc-default-executor-3] INFO  impl.RoleInfo (RoleInfo.java:shutdownFollowerState(121)) - 909aedd7-9b25-44a7-9a58-2145f4886721: shutdown FollowerState
2019-10-14 12:33:25,094 [grpc-default-executor-1] INFO  impl.RoleInfo (RoleInfo.java:updateAndGet(143)) - 1116cddf-e608-4505-a753-1c7fed89648c: start FollowerState
2019-10-14 12:33:25,094 [Thread-275] INFO  impl.FollowerState (FollowerState.java:run(117)) - 909aedd7-9b25-44a7-9a58-2145f4886721@group-0C1313BCED52-FollowerState was interrupted: java.lang.InterruptedException: sleep interrupted
2019-10-14 12:33:25,094 [grpc-default-executor-3] INFO  impl.RoleInfo (RoleInfo.java:updateAndGet(143)) - 909aedd7-9b25-44a7-9a58-2145f4886721: start FollowerState
2019-10-14 12:33:25,115 [ccec05d6-37cf-4225-92b7-016730b7282e@group-0C1313BCED52-LeaderElection10] INFO  impl.LeaderElection (LeaderElection.java:logAndReturn(56)) - ccec05d6-37cf-4225-92b7-016730b7282e@group-0C1313BCED52-LeaderElection10: Election PASSED; received 1 response(s) [ccec05d6-37cf-4225-92b7-016730b7282e<-909aedd7-9b25-44a7-9a58-2145f4886721#0:OK-t1] and 0 exception(s); ccec05d6-37cf-4225-92b7-016730b7282e@group-0C1313BCED52:t1, leader=null, voted=ccec05d6-37cf-4225-92b7-016730b7282e, raftlog=ccec05d6-37cf-4225-92b7-016730b7282e@group-0C1313BCED52-SegmentedRaftLog:OPENED:c-1,f-1,i0, conf=-1: [1116cddf-e608-4505-a753-1c7fed89648c:192.168.151.107:41101, 909aedd7-9b25-44a7-9a58-2145f4886721:192.168.151.107:42018, ccec05d6-37cf-4225-92b7-016730b7282e:192.168.151.107:38848], old=null
2019-10-14 12:33:25,118 [ccec05d6-37cf-4225-92b7-016730b7282e@group-0C1313BCED52-LeaderElection10] INFO  impl.RoleInfo (RoleInfo.java:shutdownLeaderElection(134)) - ccec05d6-37cf-4225-92b7-016730b7282e: shutdown LeaderElection
2019-10-14 12:33:25,120 [ccec05d6-37cf-4225-92b7-016730b7282e@group-0C1313BCED52-LeaderElection10] INFO  impl.RaftServerImpl (RaftServerImpl.java:setRole(170)) - ccec05d6-37cf-4225-92b7-016730b7282e@group-0C1313BCED52: changes role from CANDIDATE to LEADER at term 1 for changeToLeader
2019-10-14 12:33:25,120 [ccec05d6-37cf-4225-92b7-016730b7282e@group-0C1313BCED52-LeaderElection10] INFO  impl.RaftServerImpl (ServerState.java:setLeader(255)) - ccec05d6-37cf-4225-92b7-016730b7282e@group-0C1313BCED52: change Leader from null to ccec05d6-37cf-4225-92b7-016730b7282e at term 1 for becomeLeader, leader elected after 5148ms
2019-10-14 12:33:25,121 [ccec05d6-37cf-4225-92b7-016730b7282e@group-0C1313BCED52-LeaderElection10] INFO  server.RaftServerConfigKeys (ConfUtils.java:logGet(43)) - raft.server.staging.catchup.gap = 1000 (default)
2019-10-14 12:33:25,121 [ccec05d6-37cf-4225-92b7-016730b7282e@group-0C1313BCED52-LeaderElection10] INFO  server.RaftServerConfigKeys (ConfUtils.java:logGet(43)) - raft.server.rpc.sleep.time = 25ms (default)
2019-10-14 12:33:25,121 [ccec05d6-37cf-4225-92b7-016730b7282e@group-0C1313BCED52-LeaderElection10] INFO  server.RaftServerConfigKeys (ConfUtils.java:logGet(43)) - raft.server.write.element-limit = 4096 (default)
2019-10-14 12:33:25,121 [ccec05d6-37cf-4225-92b7-016730b7282e@group-0C1313BCED52-LeaderElection10] INFO  server.RaftServerConfigKeys (ConfUtils.java:logGet(43)) - raft.server.watch.timeout = 10s (default)
2019-10-14 12:33:25,122 [ccec05d6-37cf-4225-92b7-016730b7282e@group-0C1313BCED52-LeaderElection10] INFO  server.RaftServerConfigKeys (ConfUtils.java:logGet(43)) - raft.server.watch.timeout.denomination = 1s (default)
2019-10-14 12:33:25,122 [ccec05d6-37cf-4225-92b7-016730b7282e@group-0C1313BCED52-LeaderElection10] INFO  server.RaftServerConfigKeys (ConfUtils.java:logGet(43)) - raft.server.watch.element-limit = 65536 (default)
2019-10-14 12:33:25,122 [1116cddf-e608-4505-a753-1c7fed89648c@group-0C1313BCED52-LeaderElection11] INFO  impl.LeaderElection (LeaderElection.java:askForVotes(178)) - 1116cddf-e608-4505-a753-1c7fed89648c@group-0C1313BCED52-LeaderElection11: begin an election at term 2 for -1: [1116cddf-e608-4505-a753-1c7fed89648c:192.168.151.107:41101, 909aedd7-9b25-44a7-9a58-2145f4886721:192.168.151.107:42018, ccec05d6-37cf-4225-92b7-016730b7282e:192.168.151.107:38848], old=null
2019-10-14 12:33:25,125 [1116cddf-e608-4505-a753-1c7fed89648c@group-0C1313BCED52-LeaderElection11] INFO  impl.LeaderElection (LeaderElection.java:logAndReturn(56)) - 1116cddf-e608-4505-a753-1c7fed89648c@group-0C1313BCED52-LeaderElection11: Election REJECTED; received 0 response(s) [] and 0 exception(s); 1116cddf-e608-4505-a753-1c7fed89648c@group-0C1313BCED52:t2, leader=null, voted=1116cddf-e608-4505-a753-1c7fed89648c, raftlog=1116cddf-e608-4505-a753-1c7fed89648c@group-0C1313BCED52-SegmentedRaftLog:OPENED:c-1,f-1,i0, conf=-1: [1116cddf-e608-4505-a753-1c7fed89648c:192.168.151.107:41101, 909aedd7-9b25-44a7-9a58-2145f4886721:192.168.151.107:42018, ccec05d6-37cf-4225-92b7-016730b7282e:192.168.151.107:38848], old=null
2019-10-14 12:33:25,143 [ccec05d6-37cf-4225-92b7-016730b7282e@group-0C1313BCED52-LeaderElection10] INFO  server.RaftServerConfigKeys (ConfUtils.java:logGet(43)) - raft.server.log.appender.snapshot.chunk.size.max = 16MB (=16777216) (default)
2019-10-14 12:33:25,143 [ccec05d6-37cf-4225-92b7-016730b7282e@group-0C1313BCED52-LeaderElection10] INFO  server.RaftServerConfigKeys (ConfUtils.java:logGet(43)) - raft.server.log.appender.buffer.byte-limit = 33554432 (custom)
2019-10-14 12:33:25,144 [ccec05d6-37cf-4225-92b7-016730b7282e@group-0C1313BCED52-LeaderElection10] INFO  server.RaftServerConfigKeys (ConfUtils.java:logGet(43)) - raft.server.log.appender.buffer.element-limit = 1 (custom)
2019-10-14 12:33:25,144 [ccec05d6-37cf-4225-92b7-016730b7282e@group-0C1313BCED52-LeaderElection10] INFO  grpc.GrpcConfigKeys$Server (ConfUtils.java:logGet(43)) - raft.grpc.server.leader.outstanding.appends.max = 128 (default)
2019-10-14 12:33:25,146 [ccec05d6-37cf-4225-92b7-016730b7282e@group-0C1313BCED52-LeaderElection10] INFO  server.RaftServerConfigKeys (ConfUtils.java:logGet(43)) - raft.server.rpc.request.timeout = 3000ms (default)
2019-10-14 12:33:25,146 [ccec05d6-37cf-4225-92b7-016730b7282e@group-0C1313BCED52-LeaderElection10] INFO  server.RaftServerConfigKeys (ConfUtils.java:logGet(43)) - raft.server.log.appender.install.snapshot.enabled = false (custom)
2019-10-14 12:33:25,146 [ccec05d6-37cf-4225-92b7-016730b7282e@group-0C1313BCED52-LeaderElection10] INFO  server.RaftServerConfigKeys (ConfUtils.java:logGet(43)) - raft.server.log.appender.snapshot.chunk.size.max = 16MB (=16777216) (default)
2019-10-14 12:33:25,147 [ccec05d6-37cf-4225-92b7-016730b7282e@group-0C1313BCED52-LeaderElection10] INFO  server.RaftServerConfigKeys (ConfUtils.java:logGet(43)) - raft.server.log.appender.buffer.byte-limit = 33554432 (custom)
2019-10-14 12:33:25,147 [ccec05d6-37cf-4225-92b7-016730b7282e@group-0C1313BCED52-LeaderElection10] INFO  server.RaftServerConfigKeys (ConfUtils.java:logGet(43)) - raft.server.log.appender.buffer.element-limit = 1 (custom)
2019-10-14 12:33:25,147 [grpc-default-executor-2] INFO  impl.RaftServerImpl (ServerState.java:setRaftConf(356)) - 3fa750ff-58d9-4caf-ad70-bb254302d29f@group-808C6B526DCA: set configuration 0: [3fa750ff-58d9-4caf-ad70-bb254302d29f:192.168.151.107:42856, f32c6c94-b69c-4748-9195-84d8cc72c9b5:192.168.151.107:46633, 0e49daa5-0cf4-42c8-a9a2-945b19550869:192.168.151.107:37106], old=null at 0
2019-10-14 12:33:25,149 [ccec05d6-37cf-4225-92b7-016730b7282e@group-0C1313BCED52-LeaderElection10] INFO  grpc.GrpcConfigKeys$Server (ConfUtils.java:logGet(43)) - raft.grpc.server.leader.outstanding.appends.max = 128 (default)
2019-10-14 12:33:25,147 [grpc-default-executor-0] INFO  impl.RaftServerImpl (ServerState.java:setRaftConf(356)) - f32c6c94-b69c-4748-9195-84d8cc72c9b5@group-808C6B526DCA: set configuration 0: [3fa750ff-58d9-4caf-ad70-bb254302d29f:192.168.151.107:42856, f32c6c94-b69c-4748-9195-84d8cc72c9b5:192.168.151.107:46633, 0e49daa5-0cf4-42c8-a9a2-945b19550869:192.168.151.107:37106], old=null at 0
2019-10-14 12:33:25,151 [ccec05d6-37cf-4225-92b7-016730b7282e@group-0C1313BCED52-LeaderElection10] INFO  server.RaftServerConfigKeys (ConfUtils.java:logGet(43)) - raft.server.rpc.request.timeout = 3000ms (default)
2019-10-14 12:33:25,151 [grpc-default-executor-1] INFO  impl.RaftServerImpl (RaftServerImpl.java:setRole(170)) - 909aedd7-9b25-44a7-9a58-2145f4886721@group-0C1313BCED52: changes role from  FOLLOWER to FOLLOWER at term 2 for recognizeCandidate:1116cddf-e608-4505-a753-1c7fed89648c
2019-10-14 12:33:25,149 [grpc-default-executor-2] INFO  segmented.SegmentedRaftLogWorker (SegmentedRaftLogWorker.java:startLogSegment(385)) - 3fa750ff-58d9-4caf-ad70-bb254302d29f@group-808C6B526DCA-SegmentedRaftLogWorker: Starting segment from index:0
2019-10-14 12:33:25,153 [grpc-default-executor-1] INFO  impl.RoleInfo (RoleInfo.java:shutdownFollowerState(121)) - 909aedd7-9b25-44a7-9a58-2145f4886721: shutdown FollowerState
2019-10-14 12:33:25,151 [ccec05d6-37cf-4225-92b7-016730b7282e@group-0C1313BCED52-LeaderElection10] INFO  server.RaftServerConfigKeys (ConfUtils.java:logGet(43)) - raft.server.log.appender.install.snapshot.enabled = false (custom)
2019-10-14 12:33:25,151 [grpc-default-executor-0] INFO  segmented.SegmentedRaftLogWorker (SegmentedRaftLogWorker.java:startLogSegment(385)) - f32c6c94-b69c-4748-9195-84d8cc72c9b5@group-808C6B526DCA-SegmentedRaftLogWorker: Starting segment from index:0
2019-10-14 12:33:25,154 [grpc-default-executor-1] INFO  impl.RoleInfo (RoleInfo.java:updateAndGet(143)) - 909aedd7-9b25-44a7-9a58-2145f4886721: start FollowerState
2019-10-14 12:33:25,154 [Thread-323] INFO  impl.FollowerState (FollowerState.java:run(117)) - 909aedd7-9b25-44a7-9a58-2145f4886721@group-0C1313BCED52-FollowerState was interrupted: java.lang.InterruptedException: sleep interrupted
2019-10-14 12:33:25,154 [ccec05d6-37cf-4225-92b7-016730b7282e@group-0C1313BCED52-LeaderElection10] INFO  impl.RoleInfo (RoleInfo.java:updateAndGet(143)) - ccec05d6-37cf-4225-92b7-016730b7282e: start LeaderState
2019-10-14 12:33:25,189 [ccec05d6-37cf-4225-92b7-016730b7282e@group-0C1313BCED52-LeaderElection10] INFO  segmented.SegmentedRaftLogWorker (SegmentedRaftLogWorker.java:startLogSegment(385)) - ccec05d6-37cf-4225-92b7-016730b7282e@group-0C1313BCED52-SegmentedRaftLogWorker: Starting segment from index:0
2019-10-14 12:33:25,221 [f32c6c94-b69c-4748-9195-84d8cc72c9b5@group-808C6B526DCA-SegmentedRaftLogWorker] INFO  segmented.SegmentedRaftLogWorker (SegmentedRaftLogWorker.java:execute(574)) - f32c6c94-b69c-4748-9195-84d8cc72c9b5@group-808C6B526DCA-SegmentedRaftLogWorker: created new log segment /workdir/hadoop-ozone/integration-test/target/test-dir/MiniOzoneClusterImpl-a38ca729-82bc-4a96-ad61-c83170bdaaf4/datanode-4/data/ratis/9394c2da-4155-4e02-8858-808c6b526dca/current/log_inprogress_0
2019-10-14 12:33:25,222 [ccec05d6-37cf-4225-92b7-016730b7282e@group-0C1313BCED52-LeaderElection10] INFO  impl.RaftServerImpl (ServerState.java:setRaftConf(356)) - ccec05d6-37cf-4225-92b7-016730b7282e@group-0C1313BCED52: set configuration 0: [1116cddf-e608-4505-a753-1c7fed89648c:192.168.151.107:41101, 909aedd7-9b25-44a7-9a58-2145f4886721:192.168.151.107:42018, ccec05d6-37cf-4225-92b7-016730b7282e:192.168.151.107:38848], old=null at 0
2019-10-14 12:33:25,222 [3fa750ff-58d9-4caf-ad70-bb254302d29f@group-808C6B526DCA-SegmentedRaftLogWorker] INFO  segmented.SegmentedRaftLogWorker (SegmentedRaftLogWorker.java:execute(574)) - 3fa750ff-58d9-4caf-ad70-bb254302d29f@group-808C6B526DCA-SegmentedRaftLogWorker: created new log segment /workdir/hadoop-ozone/integration-test/target/test-dir/MiniOzoneClusterImpl-a38ca729-82bc-4a96-ad61-c83170bdaaf4/datanode-1/data/ratis/9394c2da-4155-4e02-8858-808c6b526dca/current/log_inprogress_0
2019-10-14 12:33:25,225 [grpc-default-executor-3] INFO  impl.RaftServerImpl (ServerState.java:setLeader(255)) - ccec05d6-37cf-4225-92b7-016730b7282e@group-0C1313BCED52: change Leader from ccec05d6-37cf-4225-92b7-016730b7282e to null at term 2 for updateCurrentTerm
2019-10-14 12:33:25,225 [grpc-default-executor-3] INFO  impl.RaftServerImpl (RaftServerImpl.java:setRole(170)) - ccec05d6-37cf-4225-92b7-016730b7282e@group-0C1313BCED52: changes role from    LEADER to FOLLOWER at term 2 for recognizeCandidate:1116cddf-e608-4505-a753-1c7fed89648c
2019-10-14 12:33:25,225 [grpc-default-executor-3] INFO  impl.RoleInfo (RoleInfo.java:shutdownLeaderState(104)) - ccec05d6-37cf-4225-92b7-016730b7282e: shutdown LeaderState
2019-10-14 12:33:25,234 [org.apache.ratis.server.impl.LogAppender$AppenderDaemon$$Lambda$526/329035043@5f5c5c99] WARN  server.GrpcLogAppender (GrpcLogAppender.java:mayWait(143)) - ccec05d6-37cf-4225-92b7-016730b7282e@group-0C1313BCED52->1116cddf-e608-4505-a753-1c7fed89648c-GrpcLogAppender: Wait interrupted by java.lang.InterruptedException
2019-10-14 12:33:25,234 [grpc-default-executor-3] INFO  impl.PendingRequests (PendingRequests.java:sendNotLeaderResponses(202)) - ccec05d6-37cf-4225-92b7-016730b7282e@group-0C1313BCED52-PendingRequests: sendNotLeaderResponses
2019-10-14 12:33:25,235 [ccec05d6-37cf-4225-92b7-016730b7282e@group-0C1313BCED52-SegmentedRaftLogWorker] INFO  segmented.SegmentedRaftLogWorker (SegmentedRaftLogWorker.java:execute(574)) - ccec05d6-37cf-4225-92b7-016730b7282e@group-0C1313BCED52-SegmentedRaftLogWorker: created new log segment /workdir/hadoop-ozone/integration-test/target/test-dir/MiniOzoneClusterImpl-a38ca729-82bc-4a96-ad61-c83170bdaaf4/datanode-0/data/ratis/7603aeec-47c2-414e-8943-0c1313bced52/current/log_inprogress_0
2019-10-14 12:33:25,235 [org.apache.ratis.server.impl.LogAppender$AppenderDaemon$$Lambda$526/329035043@7a892d2e] WARN  server.GrpcLogAppender (GrpcLogAppender.java:mayWait(143)) - ccec05d6-37cf-4225-92b7-016730b7282e@group-0C1313BCED52->909aedd7-9b25-44a7-9a58-2145f4886721-GrpcLogAppender: Wait interrupted by java.lang.InterruptedException
2019-10-14 12:33:25,243 [grpc-default-executor-3] INFO  impl.RoleInfo (RoleInfo.java:updateAndGet(143)) - ccec05d6-37cf-4225-92b7-016730b7282e: start FollowerState
2019-10-14 12:33:25,244 [grpc-default-executor-1] INFO  server.GrpcServerProtocolService (GrpcServerProtocolService.java:onCompleted(113)) - 909aedd7-9b25-44a7-9a58-2145f4886721: Completed APPEND_ENTRIES, lastRequest: ccec05d6-37cf-4225-92b7-016730b7282e->909aedd7-9b25-44a7-9a58-2145f4886721#0-t1, previous=(t:0, i:0), leaderCommit=-1, initializing? false, entries: <empty>
2019-10-14 12:33:25,245 [grpc-default-executor-0] INFO  server.GrpcServerProtocolService (GrpcServerProtocolService.java:onCompleted(113)) - 1116cddf-e608-4505-a753-1c7fed89648c: Completed APPEND_ENTRIES, lastRequest: ccec05d6-37cf-4225-92b7-016730b7282e->1116cddf-e608-4505-a753-1c7fed89648c#0-t1, previous=(t:0, i:0), leaderCommit=-1, initializing? false, entries: <empty>
2019-10-14 12:33:25,255 [grpc-default-executor-2] INFO  server.GrpcLogAppender (GrpcLogAppender.java:onCompleted(293)) - ccec05d6-37cf-4225-92b7-016730b7282e@group-0C1313BCED52->1116cddf-e608-4505-a753-1c7fed89648c-AppendLogResponseHandler: follower responses appendEntries COMPLETED
2019-10-14 12:33:25,255 [grpc-default-executor-4] INFO  server.GrpcLogAppender (GrpcLogAppender.java:onCompleted(293)) - ccec05d6-37cf-4225-92b7-016730b7282e@group-0C1313BCED52->909aedd7-9b25-44a7-9a58-2145f4886721-AppendLogResponseHandler: follower responses appendEntries COMPLETED
2019-10-14 12:33:25,263 [grpc-default-executor-2] INFO  impl.FollowerInfo (FollowerInfo.java:lambda$new$0(51)) - ccec05d6-37cf-4225-92b7-016730b7282e@group-0C1313BCED52->1116cddf-e608-4505-a753-1c7fed89648c: nextIndex: updateUnconditionally 0 -> 0
2019-10-14 12:33:25,264 [grpc-default-executor-4] INFO  impl.FollowerInfo (FollowerInfo.java:lambda$new$0(51)) - ccec05d6-37cf-4225-92b7-016730b7282e@group-0C1313BCED52->909aedd7-9b25-44a7-9a58-2145f4886721: nextIndex: updateUnconditionally 0 -> 0
2019-10-14 12:33:26,472 [Datanode State Machine Thread - 0] INFO  statemachine.DatanodeStateMachine (DatanodeStateMachine.java:lambda$startDaemon$0(350)) - Ozone container server started.
2019-10-14 12:33:30,122 [Thread-322] INFO  impl.FollowerState (FollowerState.java:run(108)) - 1116cddf-e608-4505-a753-1c7fed89648c@group-0C1313BCED52-FollowerState: change to CANDIDATE, lastRpcTime:5028ms, electionTimeout:5026ms
2019-10-14 12:33:30,123 [Thread-322] INFO  impl.RoleInfo (RoleInfo.java:shutdownFollowerState(121)) - 1116cddf-e608-4505-a753-1c7fed89648c: shutdown FollowerState
2019-10-14 12:33:30,123 [Thread-322] INFO  impl.RaftServerImpl (RaftServerImpl.java:setRole(170)) - 1116cddf-e608-4505-a753-1c7fed89648c@group-0C1313BCED52: changes role from  FOLLOWER to CANDIDATE at term 2 for changeToCandidate
2019-10-14 12:33:30,123 [Thread-322] INFO  impl.RoleInfo (RoleInfo.java:updateAndGet(143)) - 1116cddf-e608-4505-a753-1c7fed89648c: start LeaderElection
2019-10-14 12:33:30,143 [1116cddf-e608-4505-a753-1c7fed89648c@group-0C1313BCED52-LeaderElection12] INFO  impl.LeaderElection (LeaderElection.java:askForVotes(178)) - 1116cddf-e608-4505-a753-1c7fed89648c@group-0C1313BCED52-LeaderElection12: begin an election at term 3 for -1: [1116cddf-e608-4505-a753-1c7fed89648c:192.168.151.107:41101, 909aedd7-9b25-44a7-9a58-2145f4886721:192.168.151.107:42018, ccec05d6-37cf-4225-92b7-016730b7282e:192.168.151.107:38848], old=null
2019-10-14 12:33:30,151 [grpc-default-executor-4] INFO  impl.RaftServerImpl (RaftServerImpl.java:setRole(170)) - 909aedd7-9b25-44a7-9a58-2145f4886721@group-0C1313BCED52: changes role from  FOLLOWER to FOLLOWER at term 3 for recognizeCandidate:1116cddf-e608-4505-a753-1c7fed89648c
2019-10-14 12:33:30,151 [grpc-default-executor-0] INFO  impl.RaftServerImpl (RaftServerImpl.java:setRole(170)) - ccec05d6-37cf-4225-92b7-016730b7282e@group-0C1313BCED52: changes role from  FOLLOWER to FOLLOWER at term 3 for recognizeCandidate:1116cddf-e608-4505-a753-1c7fed89648c
2019-10-14 12:33:30,151 [grpc-default-executor-4] INFO  impl.RoleInfo (RoleInfo.java:shutdownFollowerState(121)) - 909aedd7-9b25-44a7-9a58-2145f4886721: shutdown FollowerState
2019-10-14 12:33:30,152 [grpc-default-executor-0] INFO  impl.RoleInfo (RoleInfo.java:shutdownFollowerState(121)) - ccec05d6-37cf-4225-92b7-016730b7282e: shutdown FollowerState
2019-10-14 12:33:30,152 [grpc-default-executor-4] INFO  impl.RoleInfo (RoleInfo.java:updateAndGet(143)) - 909aedd7-9b25-44a7-9a58-2145f4886721: start FollowerState
2019-10-14 12:33:30,152 [Thread-337] INFO  impl.FollowerState (FollowerState.java:run(117)) - ccec05d6-37cf-4225-92b7-016730b7282e@group-0C1313BCED52-FollowerState was interrupted: java.lang.InterruptedException: sleep interrupted
2019-10-14 12:33:30,152 [Thread-331] INFO  impl.FollowerState (FollowerState.java:run(117)) - 909aedd7-9b25-44a7-9a58-2145f4886721@group-0C1313BCED52-FollowerState was interrupted: java.lang.InterruptedException: sleep interrupted
2019-10-14 12:33:30,152 [grpc-default-executor-0] INFO  impl.RoleInfo (RoleInfo.java:updateAndGet(143)) - ccec05d6-37cf-4225-92b7-016730b7282e: start FollowerState
2019-10-14 12:33:30,171 [1116cddf-e608-4505-a753-1c7fed89648c@group-0C1313BCED52-LeaderElection12] INFO  impl.LeaderElection (LeaderElection.java:logAndReturn(56)) - 1116cddf-e608-4505-a753-1c7fed89648c@group-0C1313BCED52-LeaderElection12: Election PASSED; received 1 response(s) [1116cddf-e608-4505-a753-1c7fed89648c<-909aedd7-9b25-44a7-9a58-2145f4886721#0:OK-t3] and 0 exception(s); 1116cddf-e608-4505-a753-1c7fed89648c@group-0C1313BCED52:t3, leader=null, voted=1116cddf-e608-4505-a753-1c7fed89648c, raftlog=1116cddf-e608-4505-a753-1c7fed89648c@group-0C1313BCED52-SegmentedRaftLog:OPENED:c-1,f-1,i0, conf=-1: [1116cddf-e608-4505-a753-1c7fed89648c:192.168.151.107:41101, 909aedd7-9b25-44a7-9a58-2145f4886721:192.168.151.107:42018, ccec05d6-37cf-4225-92b7-016730b7282e:192.168.151.107:38848], old=null
2019-10-14 12:33:30,172 [1116cddf-e608-4505-a753-1c7fed89648c@group-0C1313BCED52-LeaderElection12] INFO  impl.RoleInfo (RoleInfo.java:shutdownLeaderElection(134)) - 1116cddf-e608-4505-a753-1c7fed89648c: shutdown LeaderElection
2019-10-14 12:33:30,175 [1116cddf-e608-4505-a753-1c7fed89648c@group-0C1313BCED52-LeaderElection12] INFO  impl.RaftServerImpl (RaftServerImpl.java:setRole(170)) - 1116cddf-e608-4505-a753-1c7fed89648c@group-0C1313BCED52: changes role from CANDIDATE to LEADER at term 3 for changeToLeader
2019-10-14 12:33:30,175 [1116cddf-e608-4505-a753-1c7fed89648c@group-0C1313BCED52-LeaderElection12] INFO  impl.RaftServerImpl (ServerState.java:setLeader(255)) - 1116cddf-e608-4505-a753-1c7fed89648c@group-0C1313BCED52: change Leader from null to 1116cddf-e608-4505-a753-1c7fed89648c at term 3 for becomeLeader, leader elected after 10203ms
2019-10-14 12:33:30,175 [1116cddf-e608-4505-a753-1c7fed89648c@group-0C1313BCED52-LeaderElection12] INFO  server.RaftServerConfigKeys (ConfUtils.java:logGet(43)) - raft.server.staging.catchup.gap = 1000 (default)
2019-10-14 12:33:30,176 [1116cddf-e608-4505-a753-1c7fed89648c@group-0C1313BCED52-LeaderElection12] INFO  server.RaftServerConfigKeys (ConfUtils.java:logGet(43)) - raft.server.rpc.sleep.time = 25ms (default)
2019-10-14 12:33:30,176 [1116cddf-e608-4505-a753-1c7fed89648c@group-0C1313BCED52-LeaderElection12] INFO  server.RaftServerConfigKeys (ConfUtils.java:logGet(43)) - raft.server.write.element-limit = 4096 (default)
2019-10-14 12:33:30,176 [1116cddf-e608-4505-a753-1c7fed89648c@group-0C1313BCED52-LeaderElection12] INFO  server.RaftServerConfigKeys (ConfUtils.java:logGet(43)) - raft.server.watch.timeout = 10s (default)
2019-10-14 12:33:30,176 [1116cddf-e608-4505-a753-1c7fed89648c@group-0C1313BCED52-LeaderElection12] INFO  server.RaftServerConfigKeys (ConfUtils.java:logGet(43)) - raft.server.watch.timeout.denomination = 1s (default)
2019-10-14 12:33:30,176 [1116cddf-e608-4505-a753-1c7fed89648c@group-0C1313BCED52-LeaderElection12] INFO  server.RaftServerConfigKeys (ConfUtils.java:logGet(43)) - raft.server.watch.element-limit = 65536 (default)
2019-10-14 12:33:30,181 [1116cddf-e608-4505-a753-1c7fed89648c@group-0C1313BCED52-LeaderElection12] INFO  server.RaftServerConfigKeys (ConfUtils.java:logGet(43)) - raft.server.log.appender.snapshot.chunk.size.max = 16MB (=16777216) (default)
2019-10-14 12:33:30,181 [1116cddf-e608-4505-a753-1c7fed89648c@group-0C1313BCED52-LeaderElection12] INFO  server.RaftServerConfigKeys (ConfUtils.java:logGet(43)) - raft.server.log.appender.buffer.byte-limit = 33554432 (custom)
2019-10-14 12:33:30,181 [1116cddf-e608-4505-a753-1c7fed89648c@group-0C1313BCED52-LeaderElection12] INFO  server.RaftServerConfigKeys (ConfUtils.java:logGet(43)) - raft.server.log.appender.buffer.element-limit = 1 (custom)
2019-10-14 12:33:30,181 [1116cddf-e608-4505-a753-1c7fed89648c@group-0C1313BCED52-LeaderElection12] INFO  grpc.GrpcConfigKeys$Server (ConfUtils.java:logGet(43)) - raft.grpc.server.leader.outstanding.appends.max = 128 (default)
2019-10-14 12:33:30,182 [1116cddf-e608-4505-a753-1c7fed89648c@group-0C1313BCED52-LeaderElection12] INFO  server.RaftServerConfigKeys (ConfUtils.java:logGet(43)) - raft.server.rpc.request.timeout = 3000ms (default)
2019-10-14 12:33:30,182 [1116cddf-e608-4505-a753-1c7fed89648c@group-0C1313BCED52-LeaderElection12] INFO  server.RaftServerConfigKeys (ConfUtils.java:logGet(43)) - raft.server.log.appender.install.snapshot.enabled = false (custom)
2019-10-14 12:33:30,182 [1116cddf-e608-4505-a753-1c7fed89648c@group-0C1313BCED52-LeaderElection12] INFO  server.RaftServerConfigKeys (ConfUtils.java:logGet(43)) - raft.server.log.appender.snapshot.chunk.size.max = 16MB (=16777216) (default)
2019-10-14 12:33:30,182 [1116cddf-e608-4505-a753-1c7fed89648c@group-0C1313BCED52-LeaderElection12] INFO  server.RaftServerConfigKeys (ConfUtils.java:logGet(43)) - raft.server.log.appender.buffer.byte-limit = 33554432 (custom)
2019-10-14 12:33:30,183 [1116cddf-e608-4505-a753-1c7fed89648c@group-0C1313BCED52-LeaderElection12] INFO  server.RaftServerConfigKeys (ConfUtils.java:logGet(43)) - raft.server.log.appender.buffer.element-limit = 1 (custom)
2019-10-14 12:33:30,183 [1116cddf-e608-4505-a753-1c7fed89648c@group-0C1313BCED52-LeaderElection12] INFO  grpc.GrpcConfigKeys$Server (ConfUtils.java:logGet(43)) - raft.grpc.server.leader.outstanding.appends.max = 128 (default)
2019-10-14 12:33:30,183 [1116cddf-e608-4505-a753-1c7fed89648c@group-0C1313BCED52-LeaderElection12] INFO  server.RaftServerConfigKeys (ConfUtils.java:logGet(43)) - raft.server.rpc.request.timeout = 3000ms (default)
2019-10-14 12:33:30,183 [1116cddf-e608-4505-a753-1c7fed89648c@group-0C1313BCED52-LeaderElection12] INFO  server.RaftServerConfigKeys (ConfUtils.java:logGet(43)) - raft.server.log.appender.install.snapshot.enabled = false (custom)
2019-10-14 12:33:30,183 [1116cddf-e608-4505-a753-1c7fed89648c@group-0C1313BCED52-LeaderElection12] INFO  impl.RoleInfo (RoleInfo.java:updateAndGet(143)) - 1116cddf-e608-4505-a753-1c7fed89648c: start LeaderState
2019-10-14 12:33:30,184 [1116cddf-e608-4505-a753-1c7fed89648c@group-0C1313BCED52-LeaderElection12] INFO  segmented.SegmentedRaftLogWorker (SegmentedRaftLogWorker.java:startLogSegment(385)) - 1116cddf-e608-4505-a753-1c7fed89648c@group-0C1313BCED52-SegmentedRaftLogWorker: Starting segment from index:0
2019-10-14 12:33:30,187 [1116cddf-e608-4505-a753-1c7fed89648c@group-0C1313BCED52-LeaderElection12] INFO  impl.RaftServerImpl (ServerState.java:setRaftConf(356)) - 1116cddf-e608-4505-a753-1c7fed89648c@group-0C1313BCED52: set configuration 0: [1116cddf-e608-4505-a753-1c7fed89648c:192.168.151.107:41101, 909aedd7-9b25-44a7-9a58-2145f4886721:192.168.151.107:42018, ccec05d6-37cf-4225-92b7-016730b7282e:192.168.151.107:38848], old=null at 0
2019-10-14 12:33:30,216 [grpc-default-executor-0] INFO  impl.RaftServerImpl (ServerState.java:setLeader(255)) - ccec05d6-37cf-4225-92b7-016730b7282e@group-0C1313BCED52: change Leader from null to 1116cddf-e608-4505-a753-1c7fed89648c at term 3 for appendEntries, leader elected after 4991ms
2019-10-14 12:33:30,216 [grpc-default-executor-4] INFO  impl.RaftServerImpl (ServerState.java:setLeader(255)) - 909aedd7-9b25-44a7-9a58-2145f4886721@group-0C1313BCED52: change Leader from null to 1116cddf-e608-4505-a753-1c7fed89648c at term 3 for appendEntries, leader elected after 10244ms
2019-10-14 12:33:30,222 [grpc-default-executor-4] INFO  impl.RaftServerImpl (ServerState.java:setRaftConf(356)) - 909aedd7-9b25-44a7-9a58-2145f4886721@group-0C1313BCED52: set configuration 0: [1116cddf-e608-4505-a753-1c7fed89648c:192.168.151.107:41101, 909aedd7-9b25-44a7-9a58-2145f4886721:192.168.151.107:42018, ccec05d6-37cf-4225-92b7-016730b7282e:192.168.151.107:38848], old=null at 0
2019-10-14 12:33:30,222 [grpc-default-executor-0] INFO  impl.RaftServerImpl (ServerState.java:setRaftConf(356)) - ccec05d6-37cf-4225-92b7-016730b7282e@group-0C1313BCED52: set configuration 0: [1116cddf-e608-4505-a753-1c7fed89648c:192.168.151.107:41101, 909aedd7-9b25-44a7-9a58-2145f4886721:192.168.151.107:42018, ccec05d6-37cf-4225-92b7-016730b7282e:192.168.151.107:38848], old=null at 0
2019-10-14 12:33:30,222 [grpc-default-executor-4] INFO  segmented.SegmentedRaftLogWorker (SegmentedRaftLogWorker.java:startLogSegment(385)) - 909aedd7-9b25-44a7-9a58-2145f4886721@group-0C1313BCED52-SegmentedRaftLogWorker: Starting segment from index:0
2019-10-14 12:33:30,226 [1116cddf-e608-4505-a753-1c7fed89648c@group-0C1313BCED52-SegmentedRaftLogWorker] INFO  segmented.SegmentedRaftLogWorker (SegmentedRaftLogWorker.java:execute(574)) - 1116cddf-e608-4505-a753-1c7fed89648c@group-0C1313BCED52-SegmentedRaftLogWorker: created new log segment /workdir/hadoop-ozone/integration-test/target/test-dir/MiniOzoneClusterImpl-a38ca729-82bc-4a96-ad61-c83170bdaaf4/datanode-2/data/ratis/7603aeec-47c2-414e-8943-0c1313bced52/current/log_inprogress_0
2019-10-14 12:33:30,228 [grpc-default-executor-0] INFO  segmented.SegmentedRaftLogWorker (SegmentedRaftLogWorker.java:truncate(401)) - ccec05d6-37cf-4225-92b7-016730b7282e@group-0C1313BCED52-SegmentedRaftLogWorker: Truncating segments toTruncate: null
  toDelete: [(0, 0) isOpen? true, length=0, newEndIndex=-1], start index 0
2019-10-14 12:33:30,229 [grpc-default-executor-0] INFO  segmented.SegmentedRaftLogWorker (SegmentedRaftLogWorker.java:startLogSegment(385)) - ccec05d6-37cf-4225-92b7-016730b7282e@group-0C1313BCED52-SegmentedRaftLogWorker: Starting segment from index:0
2019-10-14 12:33:30,231 [ccec05d6-37cf-4225-92b7-016730b7282e@group-0C1313BCED52-SegmentedRaftLogWorker] INFO  segmented.SegmentedRaftLogWorker (SegmentedRaftLogWorker.java:execute(638)) - ccec05d6-37cf-4225-92b7-016730b7282e@group-0C1313BCED52-SegmentedRaftLogWorker: Deleted log file /workdir/hadoop-ozone/integration-test/target/test-dir/MiniOzoneClusterImpl-a38ca729-82bc-4a96-ad61-c83170bdaaf4/datanode-0/data/ratis/7603aeec-47c2-414e-8943-0c1313bced52/current/log_inprogress_0
2019-10-14 12:33:30,231 [ccec05d6-37cf-4225-92b7-016730b7282e@group-0C1313BCED52-SegmentedRaftLogWorker] INFO  segmented.SegmentedRaftLogWorker (SegmentedRaftLogWorker.java:lambda$new$0(128)) - ccec05d6-37cf-4225-92b7-016730b7282e@group-0C1313BCED52-SegmentedRaftLogWorker: flushIndex: setUnconditionally 0 -> -1
2019-10-14 12:33:30,259 [909aedd7-9b25-44a7-9a58-2145f4886721@group-0C1313BCED52-SegmentedRaftLogWorker] INFO  segmented.SegmentedRaftLogWorker (SegmentedRaftLogWorker.java:execute(574)) - 909aedd7-9b25-44a7-9a58-2145f4886721@group-0C1313BCED52-SegmentedRaftLogWorker: created new log segment /workdir/hadoop-ozone/integration-test/target/test-dir/MiniOzoneClusterImpl-a38ca729-82bc-4a96-ad61-c83170bdaaf4/datanode-5/data/ratis/7603aeec-47c2-414e-8943-0c1313bced52/current/log_inprogress_0
2019-10-14 12:33:30,263 [ccec05d6-37cf-4225-92b7-016730b7282e@group-0C1313BCED52-SegmentedRaftLogWorker] INFO  segmented.SegmentedRaftLogWorker (SegmentedRaftLogWorker.java:execute(574)) - ccec05d6-37cf-4225-92b7-016730b7282e@group-0C1313BCED52-SegmentedRaftLogWorker: created new log segment /workdir/hadoop-ozone/integration-test/target/test-dir/MiniOzoneClusterImpl-a38ca729-82bc-4a96-ad61-c83170bdaaf4/datanode-0/data/ratis/7603aeec-47c2-414e-8943-0c1313bced52/current/log_inprogress_0
2019-10-14 12:33:30,535 [main] INFO  ozoneimpl.OzoneContainer (OzoneContainer.java:stop(227)) - Attempting to stop container services.
2019-10-14 12:33:30,537 [main] INFO  impl.RaftServerProxy (RaftServerProxy.java:lambda$close$4(314)) - 0e49daa5-0cf4-42c8-a9a2-945b19550869: close
2019-10-14 12:33:30,540 [main] INFO  impl.RaftServerImpl (RaftServerImpl.java:lambda$shutdown$3(247)) - 0e49daa5-0cf4-42c8-a9a2-945b19550869@group-C52CE0FFB3B6: shutdown
2019-10-14 12:33:30,540 [main] INFO  util.JmxRegister (JmxRegister.java:unregister(73)) - Successfully un-registered JMX Bean with object name Ratis:service=RaftServer,group=group-C52CE0FFB3B6,id=0e49daa5-0cf4-42c8-a9a2-945b19550869
2019-10-14 12:33:30,541 [main] INFO  impl.RoleInfo (RoleInfo.java:shutdownLeaderState(104)) - 0e49daa5-0cf4-42c8-a9a2-945b19550869: shutdown LeaderState
2019-10-14 12:33:30,541 [main] INFO  impl.PendingRequests (PendingRequests.java:sendNotLeaderResponses(202)) - 0e49daa5-0cf4-42c8-a9a2-945b19550869@group-C52CE0FFB3B6-PendingRequests: sendNotLeaderResponses
2019-10-14 12:33:30,544 [main] INFO  impl.StateMachineUpdater (StateMachineUpdater.java:stopAndJoin(136)) - 0e49daa5-0cf4-42c8-a9a2-945b19550869@group-C52CE0FFB3B6-StateMachineUpdater: set stopIndex = 0
2019-10-14 12:33:30,545 [main] INFO  impl.RaftServerImpl (ServerState.java:close(387)) - 0e49daa5-0cf4-42c8-a9a2-945b19550869@group-C52CE0FFB3B6: closes. applyIndex: 0
2019-10-14 12:33:30,547 [0e49daa5-0cf4-42c8-a9a2-945b19550869@group-C52CE0FFB3B6-SegmentedRaftLogWorker] INFO  segmented.SegmentedRaftLogWorker (SegmentedRaftLogWorker.java:run(316)) - 0e49daa5-0cf4-42c8-a9a2-945b19550869@group-C52CE0FFB3B6-SegmentedRaftLogWorker was interrupted, exiting. There are 0 tasks remaining in the queue.
2019-10-14 12:33:30,556 [main] INFO  segmented.SegmentedRaftLogWorker (SegmentedRaftLogWorker.java:close(224)) - 0e49daa5-0cf4-42c8-a9a2-945b19550869@group-C52CE0FFB3B6-SegmentedRaftLogWorker close()
2019-10-14 12:33:30,561 [main] INFO  impl.RaftServerImpl (RaftServerImpl.java:lambda$shutdown$3(247)) - 0e49daa5-0cf4-42c8-a9a2-945b19550869@group-808C6B526DCA: shutdown
2019-10-14 12:33:30,561 [main] INFO  util.JmxRegister (JmxRegister.java:unregister(73)) - Successfully un-registered JMX Bean with object name Ratis:service=RaftServer,group=group-808C6B526DCA,id=0e49daa5-0cf4-42c8-a9a2-945b19550869
2019-10-14 12:33:30,561 [main] INFO  impl.RoleInfo (RoleInfo.java:shutdownLeaderState(104)) - 0e49daa5-0cf4-42c8-a9a2-945b19550869: shutdown LeaderState
2019-10-14 12:33:30,566 [main] INFO  impl.PendingRequests (PendingRequests.java:sendNotLeaderResponses(202)) - 0e49daa5-0cf4-42c8-a9a2-945b19550869@group-808C6B526DCA-PendingRequests: sendNotLeaderResponses
2019-10-14 12:33:30,566 [org.apache.ratis.server.impl.LogAppender$AppenderDaemon$$Lambda$526/329035043@6592a47] WARN  server.GrpcLogAppender (GrpcLogAppender.java:mayWait(143)) - 0e49daa5-0cf4-42c8-a9a2-945b19550869@group-808C6B526DCA->3fa750ff-58d9-4caf-ad70-bb254302d29f-GrpcLogAppender: Wait interrupted by java.lang.InterruptedException
2019-10-14 12:33:30,566 [org.apache.ratis.server.impl.LogAppender$AppenderDaemon$$Lambda$526/329035043@7d6261a8] WARN  server.GrpcLogAppender (GrpcLogAppender.java:mayWait(143)) - 0e49daa5-0cf4-42c8-a9a2-945b19550869@group-808C6B526DCA->f32c6c94-b69c-4748-9195-84d8cc72c9b5-GrpcLogAppender: Wait interrupted by java.lang.InterruptedException
2019-10-14 12:33:30,576 [main] INFO  impl.StateMachineUpdater (StateMachineUpdater.java:stopAndJoin(136)) - 0e49daa5-0cf4-42c8-a9a2-945b19550869@group-808C6B526DCA-StateMachineUpdater: set stopIndex = 2
2019-10-14 12:33:30,576 [0e49daa5-0cf4-42c8-a9a2-945b19550869@group-808C6B526DCA-StateMachineUpdater] INFO  ratis.ContainerStateMachine (ContainerStateMachine.java:takeSnapshot(294)) - group-808C6B526DCA: Taking a snapshot at:(t:1, i:2) file /workdir/hadoop-ozone/integration-test/target/test-dir/MiniOzoneClusterImpl-a38ca729-82bc-4a96-ad61-c83170bdaaf4/datanode-3/data/ratis/9394c2da-4155-4e02-8858-808c6b526dca/sm/snapshot.1_2
2019-10-14 12:33:30,577 [grpc-default-executor-4] INFO  server.GrpcServerProtocolService (GrpcServerProtocolService.java:onCompleted(113)) - f32c6c94-b69c-4748-9195-84d8cc72c9b5: Completed APPEND_ENTRIES, lastRequest: 0e49daa5-0cf4-42c8-a9a2-945b19550869->f32c6c94-b69c-4748-9195-84d8cc72c9b5#5-t1, previous=(t:1, i:2), leaderCommit=2, initializing? false, entries: <empty>
2019-10-14 12:33:30,582 [grpc-default-executor-4] INFO  server.GrpcServerProtocolService (GrpcServerProtocolService.java:onCompleted(113)) - 3fa750ff-58d9-4caf-ad70-bb254302d29f: Completed APPEND_ENTRIES, lastRequest: 0e49daa5-0cf4-42c8-a9a2-945b19550869->3fa750ff-58d9-4caf-ad70-bb254302d29f#5-t1, previous=(t:1, i:2), leaderCommit=2, initializing? false, entries: <empty>
2019-10-14 12:33:30,585 [grpc-default-executor-2] INFO  server.GrpcLogAppender (GrpcLogAppender.java:onCompleted(293)) - 0e49daa5-0cf4-42c8-a9a2-945b19550869@group-808C6B526DCA->3fa750ff-58d9-4caf-ad70-bb254302d29f-AppendLogResponseHandler: follower responses appendEntries COMPLETED
2019-10-14 12:33:30,588 [grpc-default-executor-4] INFO  server.GrpcLogAppender (GrpcLogAppender.java:onCompleted(293)) - 0e49daa5-0cf4-42c8-a9a2-945b19550869@group-808C6B526DCA->f32c6c94-b69c-4748-9195-84d8cc72c9b5-AppendLogResponseHandler: follower responses appendEntries COMPLETED
2019-10-14 12:33:30,592 [grpc-default-executor-2] INFO  impl.FollowerInfo (FollowerInfo.java:lambda$new$0(51)) - 0e49daa5-0cf4-42c8-a9a2-945b19550869@group-808C6B526DCA->3fa750ff-58d9-4caf-ad70-bb254302d29f: nextIndex: updateUnconditionally 3 -> 2
2019-10-14 12:33:30,592 [grpc-default-executor-4] INFO  impl.FollowerInfo (FollowerInfo.java:lambda$new$0(51)) - 0e49daa5-0cf4-42c8-a9a2-945b19550869@group-808C6B526DCA->f32c6c94-b69c-4748-9195-84d8cc72c9b5: nextIndex: updateUnconditionally 3 -> 2
2019-10-14 12:33:30,697 [0e49daa5-0cf4-42c8-a9a2-945b19550869@group-808C6B526DCA-StateMachineUpdater] INFO  ratis.ContainerStateMachine (ContainerStateMachine.java:takeSnapshot(305)) - group-808C6B526DCA: Finished taking a snapshot at:(t:1, i:2) file:/workdir/hadoop-ozone/integration-test/target/test-dir/MiniOzoneClusterImpl-a38ca729-82bc-4a96-ad61-c83170bdaaf4/datanode-3/data/ratis/9394c2da-4155-4e02-8858-808c6b526dca/sm/snapshot.1_2 time:121
2019-10-14 12:33:30,698 [0e49daa5-0cf4-42c8-a9a2-945b19550869@group-808C6B526DCA-StateMachineUpdater] INFO  impl.StateMachineUpdater (StateMachineUpdater.java:takeSnapshot(269)) - 0e49daa5-0cf4-42c8-a9a2-945b19550869@group-808C6B526DCA-StateMachineUpdater: Took a snapshot at index 2
2019-10-14 12:33:30,701 [0e49daa5-0cf4-42c8-a9a2-945b19550869@group-808C6B526DCA-StateMachineUpdater] INFO  impl.StateMachineUpdater (StateMachineUpdater.java:lambda$new$0(84)) - 0e49daa5-0cf4-42c8-a9a2-945b19550869@group-808C6B526DCA-StateMachineUpdater: snapshotIndex: updateIncreasingly -1 -> 2
2019-10-14 12:33:30,708 [main] INFO  impl.RaftServerImpl (ServerState.java:close(387)) - 0e49daa5-0cf4-42c8-a9a2-945b19550869@group-808C6B526DCA: closes. applyIndex: 2
2019-10-14 12:33:30,709 [0e49daa5-0cf4-42c8-a9a2-945b19550869@group-808C6B526DCA-SegmentedRaftLogWorker] INFO  segmented.SegmentedRaftLogWorker (SegmentedRaftLogWorker.java:run(316)) - 0e49daa5-0cf4-42c8-a9a2-945b19550869@group-808C6B526DCA-SegmentedRaftLogWorker was interrupted, exiting. There are 0 tasks remaining in the queue.
2019-10-14 12:33:30,722 [main] INFO  segmented.SegmentedRaftLogWorker (SegmentedRaftLogWorker.java:close(224)) - 0e49daa5-0cf4-42c8-a9a2-945b19550869@group-808C6B526DCA-SegmentedRaftLogWorker close()
2019-10-14 12:33:30,726 [main] INFO  server.GrpcService (GrpcService.java:closeImpl(164)) - 0e49daa5-0cf4-42c8-a9a2-945b19550869: shutdown server with port 37106 now
2019-10-14 12:33:30,731 [main] INFO  server.GrpcService (GrpcService.java:closeImpl(172)) - 0e49daa5-0cf4-42c8-a9a2-945b19550869: shutdown server with port 37106 successfully
2019-10-14 12:33:30,741 [refreshUsed-/workdir/hadoop-ozone/integration-test/target/test-dir/MiniOzoneClusterImpl-a38ca729-82bc-4a96-ad61-c83170bdaaf4/datanode-3/data/containers] WARN  fs.CachingGetSpaceUsed (CachingGetSpaceUsed.java:run(183)) - Thread Interrupted waiting to refresh disk information: sleep interrupted
2019-10-14 12:33:30,760 [main] INFO  utils.BackgroundService (BackgroundService.java:shutdown(151)) - Shutting down service BlockDeletingService
2019-10-14 12:33:30,765 [main] INFO  statemachine.DatanodeStateMachine (DatanodeStateMachine.java:stopDaemon(395)) - Ozone container server stopped.
2019-10-14 12:33:30,771 [main] INFO  handler.ContextHandler (ContextHandler.java:doStop(910)) - Stopped o.e.j.w.WebAppContext@d5d5353{/,null,UNAVAILABLE}{/hddsDatanode}
2019-10-14 12:33:30,777 [main] INFO  server.AbstractConnector (AbstractConnector.java:doStop(318)) - Stopped ServerConnector@242b6e1a{HTTP/1.1,[http/1.1]}{0.0.0.0:0}
2019-10-14 12:33:30,777 [main] INFO  handler.ContextHandler (ContextHandler.java:doStop(910)) - Stopped o.e.j.s.ServletContextHandler@6caf7803{/static,jar:file:/home/user/.m2/repository/org/apache/hadoop/hadoop-hdds-container-service/0.5.0-SNAPSHOT/hadoop-hdds-container-service-0.5.0-SNAPSHOT.jar!/webapps/static,UNAVAILABLE}
2019-10-14 12:33:30,778 [main] INFO  handler.ContextHandler (ContextHandler.java:doStop(910)) - Stopped o.e.j.s.ServletContextHandler@69fe0ed4{/logs,file:///workdir/hadoop-ozone/integration-test/target/log,UNAVAILABLE}
2019-10-14 12:33:40,253 [Thread-311] INFO  impl.FollowerState (FollowerState.java:run(108)) - f32c6c94-b69c-4748-9195-84d8cc72c9b5@group-808C6B526DCA-FollowerState: change to CANDIDATE, lastRpcTime:9912ms, electionTimeout:5105ms
2019-10-14 12:33:40,255 [Thread-311] INFO  impl.RoleInfo (RoleInfo.java:shutdownFollowerState(121)) - f32c6c94-b69c-4748-9195-84d8cc72c9b5: shutdown FollowerState
2019-10-14 12:33:40,255 [Thread-311] INFO  impl.RaftServerImpl (RaftServerImpl.java:setRole(170)) - f32c6c94-b69c-4748-9195-84d8cc72c9b5@group-808C6B526DCA: changes role from  FOLLOWER to CANDIDATE at term 1 for changeToCandidate
2019-10-14 12:33:40,256 [Thread-311] INFO  impl.RoleInfo (RoleInfo.java:updateAndGet(143)) - f32c6c94-b69c-4748-9195-84d8cc72c9b5: start LeaderElection
2019-10-14 12:33:40,258 [f32c6c94-b69c-4748-9195-84d8cc72c9b5@group-808C6B526DCA-LeaderElection13] INFO  impl.RaftServerImpl (ServerState.java:setLeader(255)) - f32c6c94-b69c-4748-9195-84d8cc72c9b5@group-808C6B526DCA: change Leader from 0e49daa5-0cf4-42c8-a9a2-945b19550869 to null at term 1 for initElection
2019-10-14 12:33:40,264 [Thread-312] INFO  impl.FollowerState (FollowerState.java:run(108)) - 3fa750ff-58d9-4caf-ad70-bb254302d29f@group-808C6B526DCA-FollowerState: change to CANDIDATE, lastRpcTime:9923ms, electionTimeout:5072ms
2019-10-14 12:33:40,264 [Thread-312] INFO  impl.RoleInfo (RoleInfo.java:shutdownFollowerState(121)) - 3fa750ff-58d9-4caf-ad70-bb254302d29f: shutdown FollowerState
2019-10-14 12:33:40,264 [Thread-312] INFO  impl.RaftServerImpl (RaftServerImpl.java:setRole(170)) - 3fa750ff-58d9-4caf-ad70-bb254302d29f@group-808C6B526DCA: changes role from  FOLLOWER to CANDIDATE at term 1 for changeToCandidate
2019-10-14 12:33:40,264 [Thread-312] INFO  impl.RoleInfo (RoleInfo.java:updateAndGet(143)) - 3fa750ff-58d9-4caf-ad70-bb254302d29f: start LeaderElection
2019-10-14 12:33:40,267 [3fa750ff-58d9-4caf-ad70-bb254302d29f@group-808C6B526DCA-LeaderElection14] INFO  impl.RaftServerImpl (ServerState.java:setLeader(255)) - 3fa750ff-58d9-4caf-ad70-bb254302d29f@group-808C6B526DCA: change Leader from 0e49daa5-0cf4-42c8-a9a2-945b19550869 to null at term 1 for initElection
2019-10-14 12:33:40,273 [f32c6c94-b69c-4748-9195-84d8cc72c9b5@group-808C6B526DCA-LeaderElection13] INFO  impl.LeaderElection (LeaderElection.java:askForVotes(178)) - f32c6c94-b69c-4748-9195-84d8cc72c9b5@group-808C6B526DCA-LeaderElection13: begin an election at term 2 for 0: [3fa750ff-58d9-4caf-ad70-bb254302d29f:192.168.151.107:42856, f32c6c94-b69c-4748-9195-84d8cc72c9b5:192.168.151.107:46633, 0e49daa5-0cf4-42c8-a9a2-945b19550869:192.168.151.107:37106], old=null
2019-10-14 12:33:40,273 [3fa750ff-58d9-4caf-ad70-bb254302d29f@group-808C6B526DCA-LeaderElection14] INFO  impl.LeaderElection (LeaderElection.java:askForVotes(178)) - 3fa750ff-58d9-4caf-ad70-bb254302d29f@group-808C6B526DCA-LeaderElection14: begin an election at term 2 for 0: [3fa750ff-58d9-4caf-ad70-bb254302d29f:192.168.151.107:42856, f32c6c94-b69c-4748-9195-84d8cc72c9b5:192.168.151.107:46633, 0e49daa5-0cf4-42c8-a9a2-945b19550869:192.168.151.107:37106], old=null
2019-10-14 12:33:40,284 [3fa750ff-58d9-4caf-ad70-bb254302d29f@group-808C6B526DCA-LeaderElection14] INFO  impl.LeaderElection (LogUtils.java:infoOrTrace(149)) - 3fa750ff-58d9-4caf-ad70-bb254302d29f@group-808C6B526DCA-LeaderElection14 got exception when requesting votes: {}
java.util.concurrent.ExecutionException: org.apache.ratis.thirdparty.io.grpc.StatusRuntimeException: UNAVAILABLE: io exception
	at java.util.concurrent.FutureTask.report(FutureTask.java:122)
	at java.util.concurrent.FutureTask.get(FutureTask.java:192)
	at org.apache.ratis.server.impl.LeaderElection.waitForResults(LeaderElection.java:259)
	at org.apache.ratis.server.impl.LeaderElection.askForVotes(LeaderElection.java:197)
	at org.apache.ratis.server.impl.LeaderElection.run(LeaderElection.java:133)
	at java.lang.Thread.run(Thread.java:748)
Caused by: org.apache.ratis.thirdparty.io.grpc.StatusRuntimeException: UNAVAILABLE: io exception
	at org.apache.ratis.thirdparty.io.grpc.stub.ClientCalls.toStatusRuntimeException(ClientCalls.java:233)
	at org.apache.ratis.thirdparty.io.grpc.stub.ClientCalls.getUnchecked(ClientCalls.java:214)
	at org.apache.ratis.thirdparty.io.grpc.stub.ClientCalls.blockingUnaryCall(ClientCalls.java:139)
	at org.apache.ratis.proto.grpc.RaftServerProtocolServiceGrpc$RaftServerProtocolServiceBlockingStub.requestVote(RaftServerProtocolServiceGrpc.java:265)
	at org.apache.ratis.grpc.server.GrpcServerProtocolClient.requestVote(GrpcServerProtocolClient.java:99)
	at org.apache.ratis.grpc.server.GrpcService.requestVote(GrpcService.java:204)
	at org.apache.ratis.server.impl.LeaderElection.lambda$submitRequests$1(LeaderElection.java:234)
	at java.util.concurrent.FutureTask.run(FutureTask.java:266)
	at java.util.concurrent.Executors$RunnableAdapter.call(Executors.java:511)
	at java.util.concurrent.FutureTask.run(FutureTask.java:266)
	at java.util.concurrent.ThreadPoolExecutor.runWorker(ThreadPoolExecutor.java:1149)
	at java.util.concurrent.ThreadPoolExecutor$Worker.run(ThreadPoolExecutor.java:624)
	... 1 more
Caused by: org.apache.ratis.thirdparty.io.netty.channel.AbstractChannel$AnnotatedConnectException: Connection refused: /192.168.151.107:37106
	at sun.nio.ch.SocketChannelImpl.checkConnect(Native Method)
	at sun.nio.ch.SocketChannelImpl.finishConnect(SocketChannelImpl.java:717)
	at org.apache.ratis.thirdparty.io.netty.channel.socket.nio.NioSocketChannel.doFinishConnect(NioSocketChannel.java:327)
	at org.apache.ratis.thirdparty.io.netty.channel.nio.AbstractNioChannel$AbstractNioUnsafe.finishConnect(AbstractNioChannel.java:340)
	at org.apache.ratis.thirdparty.io.netty.channel.nio.NioEventLoop.processSelectedKey(NioEventLoop.java:632)
	at org.apache.ratis.thirdparty.io.netty.channel.nio.NioEventLoop.processSelectedKeysOptimized(NioEventLoop.java:579)
	at org.apache.ratis.thirdparty.io.netty.channel.nio.NioEventLoop.processSelectedKeys(NioEventLoop.java:496)
	at org.apache.ratis.thirdparty.io.netty.channel.nio.NioEventLoop.run(NioEventLoop.java:458)
	at org.apache.ratis.thirdparty.io.netty.util.concurrent.SingleThreadEventExecutor$5.run(SingleThreadEventExecutor.java:897)
	at org.apache.ratis.thirdparty.io.netty.util.concurrent.FastThreadLocalRunnable.run(FastThreadLocalRunnable.java:30)
	... 1 more
Caused by: java.net.ConnectException: Connection refused
	... 11 more
2019-10-14 12:33:40,284 [f32c6c94-b69c-4748-9195-84d8cc72c9b5@group-808C6B526DCA-LeaderElection13] INFO  impl.LeaderElection (LogUtils.java:infoOrTrace(149)) - f32c6c94-b69c-4748-9195-84d8cc72c9b5@group-808C6B526DCA-LeaderElection13 got exception when requesting votes: {}
java.util.concurrent.ExecutionException: org.apache.ratis.thirdparty.io.grpc.StatusRuntimeException: UNAVAILABLE: io exception
	at java.util.concurrent.FutureTask.report(FutureTask.java:122)
	at java.util.concurrent.FutureTask.get(FutureTask.java:192)
	at org.apache.ratis.server.impl.LeaderElection.waitForResults(LeaderElection.java:259)
	at org.apache.ratis.server.impl.LeaderElection.askForVotes(LeaderElection.java:197)
	at org.apache.ratis.server.impl.LeaderElection.run(LeaderElection.java:133)
	at java.lang.Thread.run(Thread.java:748)
Caused by: org.apache.ratis.thirdparty.io.grpc.StatusRuntimeException: UNAVAILABLE: io exception
	at org.apache.ratis.thirdparty.io.grpc.stub.ClientCalls.toStatusRuntimeException(ClientCalls.java:233)
	at org.apache.ratis.thirdparty.io.grpc.stub.ClientCalls.getUnchecked(ClientCalls.java:214)
	at org.apache.ratis.thirdparty.io.grpc.stub.ClientCalls.blockingUnaryCall(ClientCalls.java:139)
	at org.apache.ratis.proto.grpc.RaftServerProtocolServiceGrpc$RaftServerProtocolServiceBlockingStub.requestVote(RaftServerProtocolServiceGrpc.java:265)
	at org.apache.ratis.grpc.server.GrpcServerProtocolClient.requestVote(GrpcServerProtocolClient.java:99)
	at org.apache.ratis.grpc.server.GrpcService.requestVote(GrpcService.java:204)
	at org.apache.ratis.server.impl.LeaderElection.lambda$submitRequests$1(LeaderElection.java:234)
	at java.util.concurrent.FutureTask.run(FutureTask.java:266)
	at java.util.concurrent.Executors$RunnableAdapter.call(Executors.java:511)
	at java.util.concurrent.FutureTask.run(FutureTask.java:266)
	at java.util.concurrent.ThreadPoolExecutor.runWorker(ThreadPoolExecutor.java:1149)
	at java.util.concurrent.ThreadPoolExecutor$Worker.run(ThreadPoolExecutor.java:624)
	... 1 more
Caused by: org.apache.ratis.thirdparty.io.netty.channel.AbstractChannel$AnnotatedConnectException: Connection refused: /192.168.151.107:37106
	at sun.nio.ch.SocketChannelImpl.checkConnect(Native Method)
	at sun.nio.ch.SocketChannelImpl.finishConnect(SocketChannelImpl.java:717)
	at org.apache.ratis.thirdparty.io.netty.channel.socket.nio.NioSocketChannel.doFinishConnect(NioSocketChannel.java:327)
	at org.apache.ratis.thirdparty.io.netty.channel.nio.AbstractNioChannel$AbstractNioUnsafe.finishConnect(AbstractNioChannel.java:340)
	at org.apache.ratis.thirdparty.io.netty.channel.nio.NioEventLoop.processSelectedKey(NioEventLoop.java:632)
	at org.apache.ratis.thirdparty.io.netty.channel.nio.NioEventLoop.processSelectedKeysOptimized(NioEventLoop.java:579)
	at org.apache.ratis.thirdparty.io.netty.channel.nio.NioEventLoop.processSelectedKeys(NioEventLoop.java:496)
	at org.apache.ratis.thirdparty.io.netty.channel.nio.NioEventLoop.run(NioEventLoop.java:458)
	at org.apache.ratis.thirdparty.io.netty.util.concurrent.SingleThreadEventExecutor$5.run(SingleThreadEventExecutor.java:897)
	at org.apache.ratis.thirdparty.io.netty.util.concurrent.FastThreadLocalRunnable.run(FastThreadLocalRunnable.java:30)
	... 1 more
Caused by: java.net.ConnectException: Connection refused
	... 11 more
2019-10-14 12:33:40,288 [3fa750ff-58d9-4caf-ad70-bb254302d29f@group-808C6B526DCA-LeaderElection14] INFO  impl.LeaderElection (LeaderElection.java:logAndReturn(56)) - 3fa750ff-58d9-4caf-ad70-bb254302d29f@group-808C6B526DCA-LeaderElection14: Election REJECTED; received 1 response(s) [3fa750ff-58d9-4caf-ad70-bb254302d29f<-f32c6c94-b69c-4748-9195-84d8cc72c9b5#0:FAIL-t2] and 1 exception(s); 3fa750ff-58d9-4caf-ad70-bb254302d29f@group-808C6B526DCA:t2, leader=null, voted=3fa750ff-58d9-4caf-ad70-bb254302d29f, raftlog=3fa750ff-58d9-4caf-ad70-bb254302d29f@group-808C6B526DCA-SegmentedRaftLog:OPENED:c2,f2,i2, conf=0: [3fa750ff-58d9-4caf-ad70-bb254302d29f:192.168.151.107:42856, f32c6c94-b69c-4748-9195-84d8cc72c9b5:192.168.151.107:46633, 0e49daa5-0cf4-42c8-a9a2-945b19550869:192.168.151.107:37106], old=null
2019-10-14 12:33:40,289 [f32c6c94-b69c-4748-9195-84d8cc72c9b5@group-808C6B526DCA-LeaderElection13] INFO  impl.LeaderElection (LeaderElection.java:logAndReturn(56)) - f32c6c94-b69c-4748-9195-84d8cc72c9b5@group-808C6B526DCA-LeaderElection13: Election REJECTED; received 1 response(s) [f32c6c94-b69c-4748-9195-84d8cc72c9b5<-3fa750ff-58d9-4caf-ad70-bb254302d29f#0:FAIL-t2] and 1 exception(s); f32c6c94-b69c-4748-9195-84d8cc72c9b5@group-808C6B526DCA:t2, leader=null, voted=f32c6c94-b69c-4748-9195-84d8cc72c9b5, raftlog=f32c6c94-b69c-4748-9195-84d8cc72c9b5@group-808C6B526DCA-SegmentedRaftLog:OPENED:c2,f2,i2, conf=0: [3fa750ff-58d9-4caf-ad70-bb254302d29f:192.168.151.107:42856, f32c6c94-b69c-4748-9195-84d8cc72c9b5:192.168.151.107:46633, 0e49daa5-0cf4-42c8-a9a2-945b19550869:192.168.151.107:37106], old=null
2019-10-14 12:33:40,290 [3fa750ff-58d9-4caf-ad70-bb254302d29f@group-808C6B526DCA-LeaderElection14] INFO  impl.LeaderElection (LogUtils.java:infoOrTrace(149)) -   Exception 0: {}
java.util.concurrent.ExecutionException: org.apache.ratis.thirdparty.io.grpc.StatusRuntimeException: UNAVAILABLE: io exception
	at java.util.concurrent.FutureTask.report(FutureTask.java:122)
	at java.util.concurrent.FutureTask.get(FutureTask.java:192)
	at org.apache.ratis.server.impl.LeaderElection.waitForResults(LeaderElection.java:259)
	at org.apache.ratis.server.impl.LeaderElection.askForVotes(LeaderElection.java:197)
	at org.apache.ratis.server.impl.LeaderElection.run(LeaderElection.java:133)
	at java.lang.Thread.run(Thread.java:748)
Caused by: org.apache.ratis.thirdparty.io.grpc.StatusRuntimeException: UNAVAILABLE: io exception
	at org.apache.ratis.thirdparty.io.grpc.stub.ClientCalls.toStatusRuntimeException(ClientCalls.java:233)
	at org.apache.ratis.thirdparty.io.grpc.stub.ClientCalls.getUnchecked(ClientCalls.java:214)
	at org.apache.ratis.thirdparty.io.grpc.stub.ClientCalls.blockingUnaryCall(ClientCalls.java:139)
	at org.apache.ratis.proto.grpc.RaftServerProtocolServiceGrpc$RaftServerProtocolServiceBlockingStub.requestVote(RaftServerProtocolServiceGrpc.java:265)
	at org.apache.ratis.grpc.server.GrpcServerProtocolClient.requestVote(GrpcServerProtocolClient.java:99)
	at org.apache.ratis.grpc.server.GrpcService.requestVote(GrpcService.java:204)
	at org.apache.ratis.server.impl.LeaderElection.lambda$submitRequests$1(LeaderElection.java:234)
	at java.util.concurrent.FutureTask.run(FutureTask.java:266)
	at java.util.concurrent.Executors$RunnableAdapter.call(Executors.java:511)
	at java.util.concurrent.FutureTask.run(FutureTask.java:266)
	at java.util.concurrent.ThreadPoolExecutor.runWorker(ThreadPoolExecutor.java:1149)
	at java.util.concurrent.ThreadPoolExecutor$Worker.run(ThreadPoolExecutor.java:624)
	... 1 more
Caused by: org.apache.ratis.thirdparty.io.netty.channel.AbstractChannel$AnnotatedConnectException: Connection refused: /192.168.151.107:37106
	at sun.nio.ch.SocketChannelImpl.checkConnect(Native Method)
	at sun.nio.ch.SocketChannelImpl.finishConnect(SocketChannelImpl.java:717)
	at org.apache.ratis.thirdparty.io.netty.channel.socket.nio.NioSocketChannel.doFinishConnect(NioSocketChannel.java:327)
	at org.apache.ratis.thirdparty.io.netty.channel.nio.AbstractNioChannel$AbstractNioUnsafe.finishConnect(AbstractNioChannel.java:340)
	at org.apache.ratis.thirdparty.io.netty.channel.nio.NioEventLoop.processSelectedKey(NioEventLoop.java:632)
	at org.apache.ratis.thirdparty.io.netty.channel.nio.NioEventLoop.processSelectedKeysOptimized(NioEventLoop.java:579)
	at org.apache.ratis.thirdparty.io.netty.channel.nio.NioEventLoop.processSelectedKeys(NioEventLoop.java:496)
	at org.apache.ratis.thirdparty.io.netty.channel.nio.NioEventLoop.run(NioEventLoop.java:458)
	at org.apache.ratis.thirdparty.io.netty.util.concurrent.SingleThreadEventExecutor$5.run(SingleThreadEventExecutor.java:897)
	at org.apache.ratis.thirdparty.io.netty.util.concurrent.FastThreadLocalRunnable.run(FastThreadLocalRunnable.java:30)
	... 1 more
Caused by: java.net.ConnectException: Connection refused
	... 11 more
2019-10-14 12:33:40,291 [f32c6c94-b69c-4748-9195-84d8cc72c9b5@group-808C6B526DCA-LeaderElection13] INFO  impl.LeaderElection (LogUtils.java:infoOrTrace(149)) -   Exception 0: {}
java.util.concurrent.ExecutionException: org.apache.ratis.thirdparty.io.grpc.StatusRuntimeException: UNAVAILABLE: io exception
	at java.util.concurrent.FutureTask.report(FutureTask.java:122)
	at java.util.concurrent.FutureTask.get(FutureTask.java:192)
	at org.apache.ratis.server.impl.LeaderElection.waitForResults(LeaderElection.java:259)
	at org.apache.ratis.server.impl.LeaderElection.askForVotes(LeaderElection.java:197)
	at org.apache.ratis.server.impl.LeaderElection.run(LeaderElection.java:133)
	at java.lang.Thread.run(Thread.java:748)
Caused by: org.apache.ratis.thirdparty.io.grpc.StatusRuntimeException: UNAVAILABLE: io exception
	at org.apache.ratis.thirdparty.io.grpc.stub.ClientCalls.toStatusRuntimeException(ClientCalls.java:233)
	at org.apache.ratis.thirdparty.io.grpc.stub.ClientCalls.getUnchecked(ClientCalls.java:214)
	at org.apache.ratis.thirdparty.io.grpc.stub.ClientCalls.blockingUnaryCall(ClientCalls.java:139)
	at org.apache.ratis.proto.grpc.RaftServerProtocolServiceGrpc$RaftServerProtocolServiceBlockingStub.requestVote(RaftServerProtocolServiceGrpc.java:265)
	at org.apache.ratis.grpc.server.GrpcServerProtocolClient.requestVote(GrpcServerProtocolClient.java:99)
	at org.apache.ratis.grpc.server.GrpcService.requestVote(GrpcService.java:204)
	at org.apache.ratis.server.impl.LeaderElection.lambda$submitRequests$1(LeaderElection.java:234)
	at java.util.concurrent.FutureTask.run(FutureTask.java:266)
	at java.util.concurrent.Executors$RunnableAdapter.call(Executors.java:511)
	at java.util.concurrent.FutureTask.run(FutureTask.java:266)
	at java.util.concurrent.ThreadPoolExecutor.runWorker(ThreadPoolExecutor.java:1149)
	at java.util.concurrent.ThreadPoolExecutor$Worker.run(ThreadPoolExecutor.java:624)
	... 1 more
Caused by: org.apache.ratis.thirdparty.io.netty.channel.AbstractChannel$AnnotatedConnectException: Connection refused: /192.168.151.107:37106
	at sun.nio.ch.SocketChannelImpl.checkConnect(Native Method)
	at sun.nio.ch.SocketChannelImpl.finishConnect(SocketChannelImpl.java:717)
	at org.apache.ratis.thirdparty.io.netty.channel.socket.nio.NioSocketChannel.doFinishConnect(NioSocketChannel.java:327)
	at org.apache.ratis.thirdparty.io.netty.channel.nio.AbstractNioChannel$AbstractNioUnsafe.finishConnect(AbstractNioChannel.java:340)
	at org.apache.ratis.thirdparty.io.netty.channel.nio.NioEventLoop.processSelectedKey(NioEventLoop.java:632)
	at org.apache.ratis.thirdparty.io.netty.channel.nio.NioEventLoop.processSelectedKeysOptimized(NioEventLoop.java:579)
	at org.apache.ratis.thirdparty.io.netty.channel.nio.NioEventLoop.processSelectedKeys(NioEventLoop.java:496)
	at org.apache.ratis.thirdparty.io.netty.channel.nio.NioEventLoop.run(NioEventLoop.java:458)
	at org.apache.ratis.thirdparty.io.netty.util.concurrent.SingleThreadEventExecutor$5.run(SingleThreadEventExecutor.java:897)
	at org.apache.ratis.thirdparty.io.netty.util.concurrent.FastThreadLocalRunnable.run(FastThreadLocalRunnable.java:30)
	... 1 more
Caused by: java.net.ConnectException: Connection refused
	... 11 more
2019-10-14 12:33:40,292 [3fa750ff-58d9-4caf-ad70-bb254302d29f@group-808C6B526DCA-LeaderElection14] INFO  impl.RaftServerImpl (RaftServerImpl.java:setRole(170)) - 3fa750ff-58d9-4caf-ad70-bb254302d29f@group-808C6B526DCA: changes role from CANDIDATE to FOLLOWER at term 2 for DISCOVERED_A_NEW_TERM
2019-10-14 12:33:40,293 [f32c6c94-b69c-4748-9195-84d8cc72c9b5@group-808C6B526DCA-LeaderElection13] INFO  impl.RaftServerImpl (RaftServerImpl.java:setRole(170)) - f32c6c94-b69c-4748-9195-84d8cc72c9b5@group-808C6B526DCA: changes role from CANDIDATE to FOLLOWER at term 2 for DISCOVERED_A_NEW_TERM
2019-10-14 12:33:40,293 [3fa750ff-58d9-4caf-ad70-bb254302d29f@group-808C6B526DCA-LeaderElection14] INFO  impl.RoleInfo (RoleInfo.java:shutdownLeaderElection(134)) - 3fa750ff-58d9-4caf-ad70-bb254302d29f: shutdown LeaderElection
2019-10-14 12:33:40,293 [f32c6c94-b69c-4748-9195-84d8cc72c9b5@group-808C6B526DCA-LeaderElection13] INFO  impl.RoleInfo (RoleInfo.java:shutdownLeaderElection(134)) - f32c6c94-b69c-4748-9195-84d8cc72c9b5: shutdown LeaderElection
2019-10-14 12:33:40,293 [3fa750ff-58d9-4caf-ad70-bb254302d29f@group-808C6B526DCA-LeaderElection14] INFO  impl.RoleInfo (RoleInfo.java:updateAndGet(143)) - 3fa750ff-58d9-4caf-ad70-bb254302d29f: start FollowerState
2019-10-14 12:33:40,294 [f32c6c94-b69c-4748-9195-84d8cc72c9b5@group-808C6B526DCA-LeaderElection13] INFO  impl.RoleInfo (RoleInfo.java:updateAndGet(143)) - f32c6c94-b69c-4748-9195-84d8cc72c9b5: start FollowerState
]]></system-out>
    <system-err><![CDATA[ERROR StatusLogger No Log4j 2 configuration file found. Using default configuration (logging only errors to the console), or user programmatically provided configurations. Set system property 'log4j2.debug' to show Log4j 2 internal initialization logging. See https://logging.apache.org/log4j/2.x/manual/configuration.html for instructions on how to configure Log4j 2
]]></system-err>
  </testcase>
</testsuite>