<?xml version="1.0" encoding="UTF-8"?>
<testsuite xmlns:xsi="http://www.w3.org/2001/XMLSchema-instance" xsi:noNamespaceSchemaLocation="https://maven.apache.org/surefire/maven-surefire-plugin/xsd/surefire-test-report.xsd" name="org.apache.hadoop.ozone.client.rpc.TestBlockOutputStreamWithFailures" time="749.739" tests="8" errors="0" skipped="0" failures="1">
  <properties>
    <property name="awt.toolkit" value="sun.awt.X11.XToolkit"/>
    <property name="file.encoding.pkg" value="sun.io"/>
    <property name="java.specification.version" value="1.8"/>
    <property name="sun.cpu.isalist" value=""/>
    <property name="sun.jnu.encoding" value="UTF-8"/>
    <property name="java.class.path" value="/workdir/hadoop-ozone/integration-test/target/test-classes:/workdir/hadoop-ozone/integration-test/target/classes:/home/user/.m2/repository/org/apache/hadoop/hadoop-ozone-common/0.5.0-SNAPSHOT/hadoop-ozone-common-0.5.0-SNAPSHOT.jar:/home/user/.m2/repository/org/apache/commons/commons-compress/1.4.1/commons-compress-1.4.1.jar:/home/user/.m2/repository/org/tukaani/xz/1.0/xz-1.0.jar:/home/user/.m2/repository/org/apache/hadoop/hadoop-common/3.2.0/hadoop-common-3.2.0.jar:/home/user/.m2/repository/org/apache/hadoop/hadoop-hdfs/3.2.0/hadoop-hdfs-3.2.0.jar:/home/user/.m2/repository/org/apache/hadoop/hadoop-hdfs-client/3.2.0/hadoop-hdfs-client-3.2.0.jar:/home/user/.m2/repository/com/fasterxml/jackson/core/jackson-annotations/2.9.9/jackson-annotations-2.9.9.jar:/home/user/.m2/repository/org/apache/hadoop/hadoop-hdds-common/0.5.0-SNAPSHOT/hadoop-hdds-common-0.5.0-SNAPSHOT.jar:/home/user/.m2/repository/javax/annotation/javax.annotation-api/1.2/javax.annotation-api-1.2.jar:/home/user/.m2/repository/org/apache/ratis/ratis-server/0.5.0-201fc85-SNAPSHOT/ratis-server-0.5.0-201fc85-SNAPSHOT.jar:/home/user/.m2/repository/org/apache/ratis/ratis-thirdparty-misc/0.2.0/ratis-thirdparty-misc-0.2.0.jar:/home/user/.m2/repository/org/apache/ratis/ratis-proto/0.5.0-201fc85-SNAPSHOT/ratis-proto-0.5.0-201fc85-SNAPSHOT.jar:/home/user/.m2/repository/org/apache/ratis/ratis-common/0.5.0-201fc85-SNAPSHOT/ratis-common-0.5.0-201fc85-SNAPSHOT.jar:/home/user/.m2/repository/org/apache/ratis/ratis-client/0.5.0-201fc85-SNAPSHOT/ratis-client-0.5.0-201fc85-SNAPSHOT.jar:/home/user/.m2/repository/org/apache/ratis/ratis-metrics/0.5.0-201fc85-SNAPSHOT/ratis-metrics-0.5.0-201fc85-SNAPSHOT.jar:/home/user/.m2/repository/com/github/joshelser/dropwizard-metrics-hadoop-metrics2-reporter/0.1.2/dropwizard-metrics-hadoop-metrics2-reporter-0.1.2.jar:/home/user/.m2/repository/io/dropwizard/metrics/metrics-jvm/3.2.5/metrics-jvm-3.2.5.jar:/home/user/.m2/repository/io/dropwizard/metrics/metrics-ganglia/3.2.5/metrics-ganglia-3.2.5.jar:/home/user/.m2/repository/info/ganglia/gmetric4j/gmetric4j/1.0.7/gmetric4j-1.0.7.jar:/home/user/.m2/repository/org/apache/ratis/ratis-netty/0.5.0-201fc85-SNAPSHOT/ratis-netty-0.5.0-201fc85-SNAPSHOT.jar:/home/user/.m2/repository/org/apache/ratis/ratis-grpc/0.5.0-201fc85-SNAPSHOT/ratis-grpc-0.5.0-201fc85-SNAPSHOT.jar:/home/user/.m2/repository/org/rocksdb/rocksdbjni/6.0.1/rocksdbjni-6.0.1.jar:/home/user/.m2/repository/org/apache/logging/log4j/log4j-api/2.11.0/log4j-api-2.11.0.jar:/home/user/.m2/repository/org/apache/logging/log4j/log4j-core/2.11.0/log4j-core-2.11.0.jar:/home/user/.m2/repository/com/lmax/disruptor/3.4.2/disruptor-3.4.2.jar:/home/user/.m2/repository/org/apache/commons/commons-pool2/2.6.0/commons-pool2-2.6.0.jar:/home/user/.m2/repository/org/bouncycastle/bcpkix-jdk15on/1.60/bcpkix-jdk15on-1.60.jar:/home/user/.m2/repository/commons-validator/commons-validator/1.6/commons-validator-1.6.jar:/home/user/.m2/repository/commons-digester/commons-digester/1.8.1/commons-digester-1.8.1.jar:/home/user/.m2/repository/io/jaegertracing/jaeger-client/0.34.0/jaeger-client-0.34.0.jar:/home/user/.m2/repository/io/jaegertracing/jaeger-thrift/0.34.0/jaeger-thrift-0.34.0.jar:/home/user/.m2/repository/org/apache/thrift/libthrift/0.12.0/libthrift-0.12.0.jar:/home/user/.m2/repository/com/squareup/okhttp3/okhttp/3.9.0/okhttp-3.9.0.jar:/home/user/.m2/repository/com/squareup/okio/okio/1.13.0/okio-1.13.0.jar:/home/user/.m2/repository/io/jaegertracing/jaeger-core/0.34.0/jaeger-core-0.34.0.jar:/home/user/.m2/repository/io/jaegertracing/jaeger-tracerresolver/0.34.0/jaeger-tracerresolver-0.34.0.jar:/home/user/.m2/repository/io/opentracing/contrib/opentracing-tracerresolver/0.1.5/opentracing-tracerresolver-0.1.5.jar:/home/user/.m2/repository/io/opentracing/opentracing-util/0.31.0/opentracing-util-0.31.0.jar:/home/user/.m2/repository/io/opentracing/opentracing-api/0.31.0/opentracing-api-0.31.0.jar:/home/user/.m2/repository/io/opentracing/opentracing-noop/0.31.0/opentracing-noop-0.31.0.jar:/home/user/.m2/repository/org/apache/hadoop/hadoop-hdds-server-framework/0.5.0-SNAPSHOT/hadoop-hdds-server-framework-0.5.0-SNAPSHOT.jar:/home/user/.m2/repository/org/apache/hadoop/hadoop-hdds-container-service/0.5.0-SNAPSHOT/hadoop-hdds-container-service-0.5.0-SNAPSHOT.jar:/home/user/.m2/repository/org/apache/hadoop/hadoop-hdds-client/0.5.0-SNAPSHOT/hadoop-hdds-client-0.5.0-SNAPSHOT.jar:/home/user/.m2/repository/org/apache/hadoop/hadoop-hdds-tools/0.5.0-SNAPSHOT/hadoop-hdds-tools-0.5.0-SNAPSHOT.jar:/home/user/.m2/repository/org/apache/hadoop/hadoop-hdds-server-scm/0.5.0-SNAPSHOT/hadoop-hdds-server-scm-0.5.0-SNAPSHOT.jar:/home/user/.m2/repository/org/apache/hadoop/hadoop-hdds-docs/0.5.0-SNAPSHOT/hadoop-hdds-docs-0.5.0-SNAPSHOT.jar:/home/user/.m2/repository/io/dropwizard/metrics/metrics-core/3.2.4/metrics-core-3.2.4.jar:/home/user/.m2/repository/org/hamcrest/hamcrest-all/1.3/hamcrest-all-1.3.jar:/home/user/.m2/repository/org/bouncycastle/bcprov-jdk15on/1.60/bcprov-jdk15on-1.60.jar:/home/user/.m2/repository/info/picocli/picocli/3.9.6/picocli-3.9.6.jar:/home/user/.m2/repository/com/google/protobuf/protobuf-java/2.5.0/protobuf-java-2.5.0.jar:/home/user/.m2/repository/com/google/guava/guava/11.0.2/guava-11.0.2.jar:/home/user/.m2/repository/org/apache/hadoop/hadoop-ozone-ozone-manager/0.5.0-SNAPSHOT/hadoop-ozone-ozone-manager-0.5.0-SNAPSHOT.jar:/home/user/.m2/repository/org/apache/hadoop/hadoop-minikdc/3.2.0/hadoop-minikdc-3.2.0.jar:/home/user/.m2/repository/commons-io/commons-io/2.5/commons-io-2.5.jar:/home/user/.m2/repository/org/apache/kerby/kerb-simplekdc/1.0.1/kerb-simplekdc-1.0.1.jar:/home/user/.m2/repository/org/apache/kerby/kerb-client/1.0.1/kerb-client-1.0.1.jar:/home/user/.m2/repository/org/apache/kerby/kerby-config/1.0.1/kerby-config-1.0.1.jar:/home/user/.m2/repository/org/apache/kerby/kerb-core/1.0.1/kerb-core-1.0.1.jar:/home/user/.m2/repository/org/apache/kerby/kerby-pkix/1.0.1/kerby-pkix-1.0.1.jar:/home/user/.m2/repository/org/apache/kerby/kerby-asn1/1.0.1/kerby-asn1-1.0.1.jar:/home/user/.m2/repository/org/apache/kerby/kerby-util/1.0.1/kerby-util-1.0.1.jar:/home/user/.m2/repository/org/apache/kerby/kerb-common/1.0.1/kerb-common-1.0.1.jar:/home/user/.m2/repository/org/apache/kerby/kerb-crypto/1.0.1/kerb-crypto-1.0.1.jar:/home/user/.m2/repository/org/apache/kerby/kerb-util/1.0.1/kerb-util-1.0.1.jar:/home/user/.m2/repository/org/apache/kerby/token-provider/1.0.1/token-provider-1.0.1.jar:/home/user/.m2/repository/org/apache/kerby/kerb-admin/1.0.1/kerb-admin-1.0.1.jar:/home/user/.m2/repository/org/apache/kerby/kerb-server/1.0.1/kerb-server-1.0.1.jar:/home/user/.m2/repository/org/apache/kerby/kerb-identity/1.0.1/kerb-identity-1.0.1.jar:/home/user/.m2/repository/org/apache/kerby/kerby-xdr/1.0.1/kerby-xdr-1.0.1.jar:/home/user/.m2/repository/org/slf4j/slf4j-log4j12/1.7.25/slf4j-log4j12-1.7.25.jar:/home/user/.m2/repository/org/apache/hadoop/hadoop-ozone-s3gateway/0.5.0-SNAPSHOT/hadoop-ozone-s3gateway-0.5.0-SNAPSHOT.jar:/home/user/.m2/repository/org/jboss/weld/servlet/weld-servlet/2.4.7.Final/weld-servlet-2.4.7.Final.jar:/home/user/.m2/repository/org/glassfish/jersey/containers/jersey-container-servlet-core/2.27/jersey-container-servlet-core-2.27.jar:/home/user/.m2/repository/org/glassfish/hk2/external/javax.inject/2.5.0-b42/javax.inject-2.5.0-b42.jar:/home/user/.m2/repository/org/glassfish/jersey/core/jersey-common/2.27/jersey-common-2.27.jar:/home/user/.m2/repository/org/glassfish/hk2/osgi-resource-locator/1.0.1/osgi-resource-locator-1.0.1.jar:/home/user/.m2/repository/javax/ws/rs/javax.ws.rs-api/2.1/javax.ws.rs-api-2.1.jar:/home/user/.m2/repository/org/glassfish/jersey/ext/cdi/jersey-cdi1x/2.27/jersey-cdi1x-2.27.jar:/home/user/.m2/repository/org/glassfish/jersey/inject/jersey-hk2/2.27/jersey-hk2-2.27.jar:/home/user/.m2/repository/org/glassfish/hk2/hk2-locator/2.5.0-b42/hk2-locator-2.5.0-b42.jar:/home/user/.m2/repository/org/javassist/javassist/3.22.0-CR2/javassist-3.22.0-CR2.jar:/home/user/.m2/repository/org/glassfish/hk2/hk2-api/2.5.0/hk2-api-2.5.0.jar:/home/user/.m2/repository/org/glassfish/hk2/external/jakarta.inject/2.5.0/jakarta.inject-2.5.0.jar:/home/user/.m2/repository/org/glassfish/hk2/hk2-utils/2.5.0/hk2-utils-2.5.0.jar:/home/user/.m2/repository/jakarta/annotation/jakarta.annotation-api/1.3.4/jakarta.annotation-api-1.3.4.jar:/home/user/.m2/repository/org/glassfish/hk2/external/aopalliance-repackaged/2.5.0/aopalliance-repackaged-2.5.0.jar:/home/user/.m2/repository/com/fasterxml/jackson/dataformat/jackson-dataformat-xml/2.9.0/jackson-dataformat-xml-2.9.0.jar:/home/user/.m2/repository/com/fasterxml/jackson/core/jackson-core/2.9.9/jackson-core-2.9.9.jar:/home/user/.m2/repository/com/fasterxml/jackson/module/jackson-module-jaxb-annotations/2.9.9/jackson-module-jaxb-annotations-2.9.9.jar:/home/user/.m2/repository/javax/enterprise/cdi-api/1.2/cdi-api-1.2.jar:/home/user/.m2/repository/javax/el/javax.el-api/3.0.0/javax.el-api-3.0.0.jar:/home/user/.m2/repository/javax/interceptor/javax.interceptor-api/1.2/javax.interceptor-api-1.2.jar:/home/user/.m2/repository/javax/inject/javax.inject/1/javax.inject-1.jar:/home/user/.m2/repository/com/sun/xml/bind/jaxb-impl/2.3.0.1/jaxb-impl-2.3.0.1.jar:/home/user/.m2/repository/com/sun/xml/bind/jaxb-core/2.3.0.1/jaxb-core-2.3.0.1.jar:/home/user/.m2/repository/javax/xml/bind/jaxb-api/2.3.0/jaxb-api-2.3.0.jar:/home/user/.m2/repository/javax/activation/activation/1.1.1/activation-1.1.1.jar:/home/user/.m2/repository/org/apache/hadoop/hadoop-ozone-csi/0.5.0-SNAPSHOT/hadoop-ozone-csi-0.5.0-SNAPSHOT.jar:/home/user/.m2/repository/com/google/protobuf/protobuf-java-util/3.5.1/protobuf-java-util-3.5.1.jar:/home/user/.m2/repository/org/apache/hadoop/hadoop-hdds-config/0.5.0-SNAPSHOT/hadoop-hdds-config-0.5.0-SNAPSHOT.jar:/home/user/.m2/repository/io/grpc/grpc-netty/1.17.1/grpc-netty-1.17.1.jar:/home/user/.m2/repository/io/grpc/grpc-core/1.17.1/grpc-core-1.17.1.jar:/home/user/.m2/repository/io/grpc/grpc-context/1.17.1/grpc-context-1.17.1.jar:/home/user/.m2/repository/com/google/errorprone/error_prone_annotations/2.2.0/error_prone_annotations-2.2.0.jar:/home/user/.m2/repository/org/codehaus/mojo/animal-sniffer-annotations/1.17/animal-sniffer-annotations-1.17.jar:/home/user/.m2/repository/io/opencensus/opencensus-api/0.17.0/opencensus-api-0.17.0.jar:/home/user/.m2/repository/io/opencensus/opencensus-contrib-grpc-metrics/0.17.0/opencensus-contrib-grpc-metrics-0.17.0.jar:/home/user/.m2/repository/io/netty/netty-codec-http2/4.1.30.Final/netty-codec-http2-4.1.30.Final.jar:/home/user/.m2/repository/io/netty/netty-codec-http/4.1.30.Final/netty-codec-http-4.1.30.Final.jar:/home/user/.m2/repository/io/netty/netty-codec/4.1.30.Final/netty-codec-4.1.30.Final.jar:/home/user/.m2/repository/io/netty/netty-handler/4.1.30.Final/netty-handler-4.1.30.Final.jar:/home/user/.m2/repository/io/netty/netty-handler-proxy/4.1.30.Final/netty-handler-proxy-4.1.30.Final.jar:/home/user/.m2/repository/io/netty/netty-codec-socks/4.1.30.Final/netty-codec-socks-4.1.30.Final.jar:/home/user/.m2/repository/io/netty/netty-transport-native-epoll/4.1.30.Final/netty-transport-native-epoll-4.1.30.Final.jar:/home/user/.m2/repository/io/netty/netty-common/4.1.30.Final/netty-common-4.1.30.Final.jar:/home/user/.m2/repository/io/netty/netty-buffer/4.1.30.Final/netty-buffer-4.1.30.Final.jar:/home/user/.m2/repository/io/netty/netty-transport/4.1.30.Final/netty-transport-4.1.30.Final.jar:/home/user/.m2/repository/io/netty/netty-resolver/4.1.30.Final/netty-resolver-4.1.30.Final.jar:/home/user/.m2/repository/io/netty/netty-transport-native-unix-common/4.1.30.Final/netty-transport-native-unix-common-4.1.30.Final.jar:/home/user/.m2/repository/io/grpc/grpc-protobuf/1.17.1/grpc-protobuf-1.17.1.jar:/home/user/.m2/repository/com/google/api/grpc/proto-google-common-protos/1.0.0/proto-google-common-protos-1.0.0.jar:/home/user/.m2/repository/io/grpc/grpc-protobuf-lite/1.17.1/grpc-protobuf-lite-1.17.1.jar:/home/user/.m2/repository/io/grpc/grpc-stub/1.17.1/grpc-stub-1.17.1.jar:/home/user/.m2/repository/org/apache/hadoop/hadoop-ozone-recon/0.5.0-SNAPSHOT/hadoop-ozone-recon-0.5.0-SNAPSHOT.jar:/home/user/.m2/repository/org/apache/hadoop/hadoop-ozone-reconcodegen/0.5.0-SNAPSHOT/hadoop-ozone-reconcodegen-0.5.0-SNAPSHOT.jar:/home/user/.m2/repository/com/google/inject/extensions/guice-multibindings/4.0/guice-multibindings-4.0.jar:/home/user/.m2/repository/com/google/inject/guice/4.0/guice-4.0.jar:/home/user/.m2/repository/aopalliance/aopalliance/1.0/aopalliance-1.0.jar:/home/user/.m2/repository/com/google/inject/extensions/guice-servlet/4.0/guice-servlet-4.0.jar:/home/user/.m2/repository/org/glassfish/jersey/containers/jersey-container-servlet/2.27/jersey-container-servlet-2.27.jar:/home/user/.m2/repository/org/glassfish/hk2/guice-bridge/2.5.0/guice-bridge-2.5.0.jar:/home/user/.m2/repository/org/glassfish/jersey/core/jersey-server/2.27/jersey-server-2.27.jar:/home/user/.m2/repository/org/glassfish/jersey/core/jersey-client/2.27/jersey-client-2.27.jar:/home/user/.m2/repository/org/glassfish/jersey/media/jersey-media-jaxb/2.27/jersey-media-jaxb-2.27.jar:/home/user/.m2/repository/javax/validation/validation-api/1.1.0.Final/validation-api-1.1.0.Final.jar:/home/user/.m2/repository/org/glassfish/jersey/media/jersey-media-json-jackson/2.27/jersey-media-json-jackson-2.27.jar:/home/user/.m2/repository/org/glassfish/jersey/ext/jersey-entity-filtering/2.27/jersey-entity-filtering-2.27.jar:/home/user/.m2/repository/com/google/inject/extensions/guice-assistedinject/4.0/guice-assistedinject-4.0.jar:/home/user/.m2/repository/org/jooq/jooq/3.11.10/jooq-3.11.10.jar:/home/user/.m2/repository/org/jooq/jooq-meta/3.11.10/jooq-meta-3.11.10.jar:/home/user/.m2/repository/org/jooq/jooq-codegen/3.11.10/jooq-codegen-3.11.10.jar:/home/user/.m2/repository/com/jolbox/bonecp/0.8.0.RELEASE/bonecp-0.8.0.RELEASE.jar:/home/user/.m2/repository/org/xerial/sqlite-jdbc/3.25.2/sqlite-jdbc-3.25.2.jar:/home/user/.m2/repository/org/springframework/spring-jdbc/5.1.3.RELEASE/spring-jdbc-5.1.3.RELEASE.jar:/home/user/.m2/repository/org/springframework/spring-beans/5.1.3.RELEASE/spring-beans-5.1.3.RELEASE.jar:/home/user/.m2/repository/org/springframework/spring-core/5.1.3.RELEASE/spring-core-5.1.3.RELEASE.jar:/home/user/.m2/repository/org/springframework/spring-jcl/5.1.3.RELEASE/spring-jcl-5.1.3.RELEASE.jar:/home/user/.m2/repository/org/springframework/spring-tx/5.1.3.RELEASE/spring-tx-5.1.3.RELEASE.jar:/home/user/.m2/repository/org/apache/hadoop/hadoop-ozone-client/0.5.0-SNAPSHOT/hadoop-ozone-client-0.5.0-SNAPSHOT.jar:/home/user/.m2/repository/commons-lang/commons-lang/2.6/commons-lang-2.6.jar:/home/user/.m2/repository/org/apache/hadoop/hadoop-ozone-ozone-manager/0.5.0-SNAPSHOT/hadoop-ozone-ozone-manager-0.5.0-SNAPSHOT-tests.jar:/home/user/.m2/repository/junit/junit/4.11/junit-4.11.jar:/home/user/.m2/repository/org/hamcrest/hamcrest-core/1.3/hamcrest-core-1.3.jar:/home/user/.m2/repository/org/openjdk/jmh/jmh-core/1.19/jmh-core-1.19.jar:/home/user/.m2/repository/net/sf/jopt-simple/jopt-simple/4.6/jopt-simple-4.6.jar:/home/user/.m2/repository/org/apache/commons/commons-math3/3.1.1/commons-math3-3.1.1.jar:/home/user/.m2/repository/org/openjdk/jmh/jmh-generator-annprocess/1.19/jmh-generator-annprocess-1.19.jar:/home/user/.m2/repository/org/mockito/mockito-all/1.8.5/mockito-all-1.8.5.jar:/home/user/.m2/repository/org/apache/hadoop/hadoop-kms/3.2.0/hadoop-kms-3.2.0.jar:/home/user/.m2/repository/org/apache/hadoop/hadoop-auth/3.2.0/hadoop-auth-3.2.0.jar:/home/user/.m2/repository/com/nimbusds/nimbus-jose-jwt/4.41.1/nimbus-jose-jwt-4.41.1.jar:/home/user/.m2/repository/com/github/stephenc/jcip/jcip-annotations/1.0-1/jcip-annotations-1.0-1.jar:/home/user/.m2/repository/net/minidev/json-smart/2.3/json-smart-2.3.jar:/home/user/.m2/repository/net/minidev/accessors-smart/1.2/accessors-smart-1.2.jar:/home/user/.m2/repository/org/ow2/asm/asm/5.0.4/asm-5.0.4.jar:/home/user/.m2/repository/org/apache/curator/curator-framework/2.12.0/curator-framework-2.12.0.jar:/home/user/.m2/repository/com/sun/jersey/jersey-core/1.19/jersey-core-1.19.jar:/home/user/.m2/repository/javax/ws/rs/jsr311-api/1.1.1/jsr311-api-1.1.1.jar:/home/user/.m2/repository/com/sun/jersey/jersey-server/1.19/jersey-server-1.19.jar:/home/user/.m2/repository/javax/servlet/javax.servlet-api/3.1.0/javax.servlet-api-3.1.0.jar:/home/user/.m2/repository/org/eclipse/jetty/jetty-server/9.3.25.v20180904/jetty-server-9.3.25.v20180904.jar:/home/user/.m2/repository/org/eclipse/jetty/jetty-http/9.3.25.v20180904/jetty-http-9.3.25.v20180904.jar:/home/user/.m2/repository/org/eclipse/jetty/jetty-io/9.3.25.v20180904/jetty-io-9.3.25.v20180904.jar:/home/user/.m2/repository/org/eclipse/jetty/jetty-webapp/9.3.25.v20180904/jetty-webapp-9.3.25.v20180904.jar:/home/user/.m2/repository/org/eclipse/jetty/jetty-xml/9.3.25.v20180904/jetty-xml-9.3.25.v20180904.jar:/home/user/.m2/repository/log4j/log4j/1.2.17/log4j-1.2.17.jar:/home/user/.m2/repository/org/slf4j/slf4j-api/1.7.25/slf4j-api-1.7.25.jar:/home/user/.m2/repository/org/slf4j/jul-to-slf4j/1.7.25/jul-to-slf4j-1.7.25.jar:/home/user/.m2/repository/org/eclipse/jetty/jetty-util/9.3.25.v20180904/jetty-util-9.3.25.v20180904.jar:/home/user/.m2/repository/com/fasterxml/jackson/core/jackson-databind/2.9.9/jackson-databind-2.9.9.jar:/home/user/.m2/repository/org/apache/hadoop/hadoop-kms/3.2.0/hadoop-kms-3.2.0-tests.jar:/home/user/.m2/repository/org/apache/hadoop/hadoop-hdds-server-scm/0.5.0-SNAPSHOT/hadoop-hdds-server-scm-0.5.0-SNAPSHOT-tests.jar:/home/user/.m2/repository/org/apache/hadoop/hadoop-hdds-container-service/0.5.0-SNAPSHOT/hadoop-hdds-container-service-0.5.0-SNAPSHOT-tests.jar:/home/user/.m2/repository/org/yaml/snakeyaml/1.16/snakeyaml-1.16.jar:/home/user/.m2/repository/org/apache/hadoop/hadoop-common/3.2.0/hadoop-common-3.2.0-tests.jar:/home/user/.m2/repository/org/apache/hadoop/hadoop-annotations/3.2.0/hadoop-annotations-3.2.0.jar:/usr/lib/jvm/java-1.8-openjdk/jre/../lib/tools.jar:/home/user/.m2/repository/commons-cli/commons-cli/1.2/commons-cli-1.2.jar:/home/user/.m2/repository/org/apache/httpcomponents/httpclient/4.5.2/httpclient-4.5.2.jar:/home/user/.m2/repository/org/apache/httpcomponents/httpcore/4.4.4/httpcore-4.4.4.jar:/home/user/.m2/repository/commons-codec/commons-codec/1.11/commons-codec-1.11.jar:/home/user/.m2/repository/commons-net/commons-net/3.6/commons-net-3.6.jar:/home/user/.m2/repository/commons-collections/commons-collections/3.2.2/commons-collections-3.2.2.jar:/home/user/.m2/repository/org/eclipse/jetty/jetty-servlet/9.3.25.v20180904/jetty-servlet-9.3.25.v20180904.jar:/home/user/.m2/repository/org/eclipse/jetty/jetty-security/9.3.25.v20180904/jetty-security-9.3.25.v20180904.jar:/home/user/.m2/repository/javax/servlet/jsp/jsp-api/2.1/jsp-api-2.1.jar:/home/user/.m2/repository/com/sun/jersey/jersey-servlet/1.19/jersey-servlet-1.19.jar:/home/user/.m2/repository/com/sun/jersey/jersey-json/1.19/jersey-json-1.19.jar:/home/user/.m2/repository/org/codehaus/jettison/jettison/1.1/jettison-1.1.jar:/home/user/.m2/repository/org/codehaus/jackson/jackson-core-asl/1.9.13/jackson-core-asl-1.9.13.jar:/home/user/.m2/repository/org/codehaus/jackson/jackson-mapper-asl/1.9.13/jackson-mapper-asl-1.9.13.jar:/home/user/.m2/repository/org/codehaus/jackson/jackson-jaxrs/1.9.13/jackson-jaxrs-1.9.13.jar:/home/user/.m2/repository/org/codehaus/jackson/jackson-xc/1.9.13/jackson-xc-1.9.13.jar:/home/user/.m2/repository/commons-logging/commons-logging/1.1.3/commons-logging-1.1.3.jar:/home/user/.m2/repository/commons-beanutils/commons-beanutils/1.9.4/commons-beanutils-1.9.4.jar:/home/user/.m2/repository/org/apache/commons/commons-configuration2/2.1.1/commons-configuration2-2.1.1.jar:/home/user/.m2/repository/org/apache/commons/commons-lang3/3.7/commons-lang3-3.7.jar:/home/user/.m2/repository/org/apache/commons/commons-text/1.4/commons-text-1.4.jar:/home/user/.m2/repository/org/apache/avro/avro/1.7.7/avro-1.7.7.jar:/home/user/.m2/repository/com/thoughtworks/paranamer/paranamer/2.3/paranamer-2.3.jar:/home/user/.m2/repository/org/xerial/snappy/snappy-java/1.0.5/snappy-java-1.0.5.jar:/home/user/.m2/repository/com/google/re2j/re2j/1.1/re2j-1.1.jar:/home/user/.m2/repository/com/google/code/gson/gson/2.2.4/gson-2.2.4.jar:/home/user/.m2/repository/com/jcraft/jsch/0.1.54/jsch-0.1.54.jar:/home/user/.m2/repository/org/apache/curator/curator-client/2.12.0/curator-client-2.12.0.jar:/home/user/.m2/repository/org/apache/curator/curator-recipes/2.12.0/curator-recipes-2.12.0.jar:/home/user/.m2/repository/com/google/code/findbugs/jsr305/3.0.0/jsr305-3.0.0.jar:/home/user/.m2/repository/org/apache/htrace/htrace-core4/4.1.0-incubating/htrace-core4-4.1.0-incubating.jar:/home/user/.m2/repository/org/apache/zookeeper/zookeeper/3.4.13/zookeeper-3.4.13.jar:/home/user/.m2/repository/jline/jline/0.9.94/jline-0.9.94.jar:/home/user/.m2/repository/org/apache/yetus/audience-annotations/0.5.0/audience-annotations-0.5.0.jar:/home/user/.m2/repository/org/codehaus/woodstox/stax2-api/3.1.4/stax2-api-3.1.4.jar:/home/user/.m2/repository/com/fasterxml/woodstox/woodstox-core/5.0.3/woodstox-core-5.0.3.jar:/home/user/.m2/repository/dnsjava/dnsjava/2.1.7/dnsjava-2.1.7.jar:/home/user/.m2/repository/org/apache/hadoop/hadoop-hdfs/3.2.0/hadoop-hdfs-3.2.0-tests.jar:/home/user/.m2/repository/org/eclipse/jetty/jetty-util-ajax/9.3.25.v20180904/jetty-util-ajax-9.3.25.v20180904.jar:/home/user/.m2/repository/commons-daemon/commons-daemon/1.0.13/commons-daemon-1.0.13.jar:/home/user/.m2/repository/io/netty/netty/3.10.5.Final/netty-3.10.5.Final.jar:/home/user/.m2/repository/io/netty/netty-all/4.0.52.Final/netty-all-4.0.52.Final.jar:/home/user/.m2/repository/org/fusesource/leveldbjni/leveldbjni-all/1.8/leveldbjni-all-1.8.jar:"/>
    <property name="java.vm.vendor" value="IcedTea"/>
    <property name="sun.arch.data.model" value="64"/>
    <property name="test.build.dir" value="/workdir/hadoop-ozone/integration-test/target/test-dir"/>
    <property name="test.cache.data" value=""/>
    <property name="java.vendor.url" value="https://icedtea.classpath.org"/>
    <property name="user.timezone" value=""/>
    <property name="java.vm.specification.version" value="1.8"/>
    <property name="os.name" value="Linux"/>
    <property name="test.build.data" value="/workdir/hadoop-ozone/integration-test/target/test-dir"/>
    <property name="user.country" value="US"/>
    <property name="sun.java.launcher" value="SUN_STANDARD"/>
    <property name="sun.boot.library.path" value="/usr/lib/jvm/java-1.8-openjdk/jre/lib/amd64"/>
    <property name="sun.java.command" value="/workdir/hadoop-ozone/integration-test/target/surefire/surefirebooter5145551289639808304.jar /workdir/hadoop-ozone/integration-test/target/surefire 2019-10-14T11-42-41_570-jvmRun1 surefire5890317923270036881tmp surefire_645432363476122948748tmp"/>
    <property name="test" value="!TestMiniChaosOzoneCluster"/>
    <property name="surefire.test.class.path" value="/workdir/hadoop-ozone/integration-test/target/test-classes:/workdir/hadoop-ozone/integration-test/target/classes:/home/user/.m2/repository/org/apache/hadoop/hadoop-ozone-common/0.5.0-SNAPSHOT/hadoop-ozone-common-0.5.0-SNAPSHOT.jar:/home/user/.m2/repository/org/apache/commons/commons-compress/1.4.1/commons-compress-1.4.1.jar:/home/user/.m2/repository/org/tukaani/xz/1.0/xz-1.0.jar:/home/user/.m2/repository/org/apache/hadoop/hadoop-common/3.2.0/hadoop-common-3.2.0.jar:/home/user/.m2/repository/org/apache/hadoop/hadoop-hdfs/3.2.0/hadoop-hdfs-3.2.0.jar:/home/user/.m2/repository/org/apache/hadoop/hadoop-hdfs-client/3.2.0/hadoop-hdfs-client-3.2.0.jar:/home/user/.m2/repository/com/fasterxml/jackson/core/jackson-annotations/2.9.9/jackson-annotations-2.9.9.jar:/home/user/.m2/repository/org/apache/hadoop/hadoop-hdds-common/0.5.0-SNAPSHOT/hadoop-hdds-common-0.5.0-SNAPSHOT.jar:/home/user/.m2/repository/javax/annotation/javax.annotation-api/1.2/javax.annotation-api-1.2.jar:/home/user/.m2/repository/org/apache/ratis/ratis-server/0.5.0-201fc85-SNAPSHOT/ratis-server-0.5.0-201fc85-SNAPSHOT.jar:/home/user/.m2/repository/org/apache/ratis/ratis-thirdparty-misc/0.2.0/ratis-thirdparty-misc-0.2.0.jar:/home/user/.m2/repository/org/apache/ratis/ratis-proto/0.5.0-201fc85-SNAPSHOT/ratis-proto-0.5.0-201fc85-SNAPSHOT.jar:/home/user/.m2/repository/org/apache/ratis/ratis-common/0.5.0-201fc85-SNAPSHOT/ratis-common-0.5.0-201fc85-SNAPSHOT.jar:/home/user/.m2/repository/org/apache/ratis/ratis-client/0.5.0-201fc85-SNAPSHOT/ratis-client-0.5.0-201fc85-SNAPSHOT.jar:/home/user/.m2/repository/org/apache/ratis/ratis-metrics/0.5.0-201fc85-SNAPSHOT/ratis-metrics-0.5.0-201fc85-SNAPSHOT.jar:/home/user/.m2/repository/com/github/joshelser/dropwizard-metrics-hadoop-metrics2-reporter/0.1.2/dropwizard-metrics-hadoop-metrics2-reporter-0.1.2.jar:/home/user/.m2/repository/io/dropwizard/metrics/metrics-jvm/3.2.5/metrics-jvm-3.2.5.jar:/home/user/.m2/repository/io/dropwizard/metrics/metrics-ganglia/3.2.5/metrics-ganglia-3.2.5.jar:/home/user/.m2/repository/info/ganglia/gmetric4j/gmetric4j/1.0.7/gmetric4j-1.0.7.jar:/home/user/.m2/repository/org/apache/ratis/ratis-netty/0.5.0-201fc85-SNAPSHOT/ratis-netty-0.5.0-201fc85-SNAPSHOT.jar:/home/user/.m2/repository/org/apache/ratis/ratis-grpc/0.5.0-201fc85-SNAPSHOT/ratis-grpc-0.5.0-201fc85-SNAPSHOT.jar:/home/user/.m2/repository/org/rocksdb/rocksdbjni/6.0.1/rocksdbjni-6.0.1.jar:/home/user/.m2/repository/org/apache/logging/log4j/log4j-api/2.11.0/log4j-api-2.11.0.jar:/home/user/.m2/repository/org/apache/logging/log4j/log4j-core/2.11.0/log4j-core-2.11.0.jar:/home/user/.m2/repository/com/lmax/disruptor/3.4.2/disruptor-3.4.2.jar:/home/user/.m2/repository/org/apache/commons/commons-pool2/2.6.0/commons-pool2-2.6.0.jar:/home/user/.m2/repository/org/bouncycastle/bcpkix-jdk15on/1.60/bcpkix-jdk15on-1.60.jar:/home/user/.m2/repository/commons-validator/commons-validator/1.6/commons-validator-1.6.jar:/home/user/.m2/repository/commons-digester/commons-digester/1.8.1/commons-digester-1.8.1.jar:/home/user/.m2/repository/io/jaegertracing/jaeger-client/0.34.0/jaeger-client-0.34.0.jar:/home/user/.m2/repository/io/jaegertracing/jaeger-thrift/0.34.0/jaeger-thrift-0.34.0.jar:/home/user/.m2/repository/org/apache/thrift/libthrift/0.12.0/libthrift-0.12.0.jar:/home/user/.m2/repository/com/squareup/okhttp3/okhttp/3.9.0/okhttp-3.9.0.jar:/home/user/.m2/repository/com/squareup/okio/okio/1.13.0/okio-1.13.0.jar:/home/user/.m2/repository/io/jaegertracing/jaeger-core/0.34.0/jaeger-core-0.34.0.jar:/home/user/.m2/repository/io/jaegertracing/jaeger-tracerresolver/0.34.0/jaeger-tracerresolver-0.34.0.jar:/home/user/.m2/repository/io/opentracing/contrib/opentracing-tracerresolver/0.1.5/opentracing-tracerresolver-0.1.5.jar:/home/user/.m2/repository/io/opentracing/opentracing-util/0.31.0/opentracing-util-0.31.0.jar:/home/user/.m2/repository/io/opentracing/opentracing-api/0.31.0/opentracing-api-0.31.0.jar:/home/user/.m2/repository/io/opentracing/opentracing-noop/0.31.0/opentracing-noop-0.31.0.jar:/home/user/.m2/repository/org/apache/hadoop/hadoop-hdds-server-framework/0.5.0-SNAPSHOT/hadoop-hdds-server-framework-0.5.0-SNAPSHOT.jar:/home/user/.m2/repository/org/apache/hadoop/hadoop-hdds-container-service/0.5.0-SNAPSHOT/hadoop-hdds-container-service-0.5.0-SNAPSHOT.jar:/home/user/.m2/repository/org/apache/hadoop/hadoop-hdds-client/0.5.0-SNAPSHOT/hadoop-hdds-client-0.5.0-SNAPSHOT.jar:/home/user/.m2/repository/org/apache/hadoop/hadoop-hdds-tools/0.5.0-SNAPSHOT/hadoop-hdds-tools-0.5.0-SNAPSHOT.jar:/home/user/.m2/repository/org/apache/hadoop/hadoop-hdds-server-scm/0.5.0-SNAPSHOT/hadoop-hdds-server-scm-0.5.0-SNAPSHOT.jar:/home/user/.m2/repository/org/apache/hadoop/hadoop-hdds-docs/0.5.0-SNAPSHOT/hadoop-hdds-docs-0.5.0-SNAPSHOT.jar:/home/user/.m2/repository/io/dropwizard/metrics/metrics-core/3.2.4/metrics-core-3.2.4.jar:/home/user/.m2/repository/org/hamcrest/hamcrest-all/1.3/hamcrest-all-1.3.jar:/home/user/.m2/repository/org/bouncycastle/bcprov-jdk15on/1.60/bcprov-jdk15on-1.60.jar:/home/user/.m2/repository/info/picocli/picocli/3.9.6/picocli-3.9.6.jar:/home/user/.m2/repository/com/google/protobuf/protobuf-java/2.5.0/protobuf-java-2.5.0.jar:/home/user/.m2/repository/com/google/guava/guava/11.0.2/guava-11.0.2.jar:/home/user/.m2/repository/org/apache/hadoop/hadoop-ozone-ozone-manager/0.5.0-SNAPSHOT/hadoop-ozone-ozone-manager-0.5.0-SNAPSHOT.jar:/home/user/.m2/repository/org/apache/hadoop/hadoop-minikdc/3.2.0/hadoop-minikdc-3.2.0.jar:/home/user/.m2/repository/commons-io/commons-io/2.5/commons-io-2.5.jar:/home/user/.m2/repository/org/apache/kerby/kerb-simplekdc/1.0.1/kerb-simplekdc-1.0.1.jar:/home/user/.m2/repository/org/apache/kerby/kerb-client/1.0.1/kerb-client-1.0.1.jar:/home/user/.m2/repository/org/apache/kerby/kerby-config/1.0.1/kerby-config-1.0.1.jar:/home/user/.m2/repository/org/apache/kerby/kerb-core/1.0.1/kerb-core-1.0.1.jar:/home/user/.m2/repository/org/apache/kerby/kerby-pkix/1.0.1/kerby-pkix-1.0.1.jar:/home/user/.m2/repository/org/apache/kerby/kerby-asn1/1.0.1/kerby-asn1-1.0.1.jar:/home/user/.m2/repository/org/apache/kerby/kerby-util/1.0.1/kerby-util-1.0.1.jar:/home/user/.m2/repository/org/apache/kerby/kerb-common/1.0.1/kerb-common-1.0.1.jar:/home/user/.m2/repository/org/apache/kerby/kerb-crypto/1.0.1/kerb-crypto-1.0.1.jar:/home/user/.m2/repository/org/apache/kerby/kerb-util/1.0.1/kerb-util-1.0.1.jar:/home/user/.m2/repository/org/apache/kerby/token-provider/1.0.1/token-provider-1.0.1.jar:/home/user/.m2/repository/org/apache/kerby/kerb-admin/1.0.1/kerb-admin-1.0.1.jar:/home/user/.m2/repository/org/apache/kerby/kerb-server/1.0.1/kerb-server-1.0.1.jar:/home/user/.m2/repository/org/apache/kerby/kerb-identity/1.0.1/kerb-identity-1.0.1.jar:/home/user/.m2/repository/org/apache/kerby/kerby-xdr/1.0.1/kerby-xdr-1.0.1.jar:/home/user/.m2/repository/org/slf4j/slf4j-log4j12/1.7.25/slf4j-log4j12-1.7.25.jar:/home/user/.m2/repository/org/apache/hadoop/hadoop-ozone-s3gateway/0.5.0-SNAPSHOT/hadoop-ozone-s3gateway-0.5.0-SNAPSHOT.jar:/home/user/.m2/repository/org/jboss/weld/servlet/weld-servlet/2.4.7.Final/weld-servlet-2.4.7.Final.jar:/home/user/.m2/repository/org/glassfish/jersey/containers/jersey-container-servlet-core/2.27/jersey-container-servlet-core-2.27.jar:/home/user/.m2/repository/org/glassfish/hk2/external/javax.inject/2.5.0-b42/javax.inject-2.5.0-b42.jar:/home/user/.m2/repository/org/glassfish/jersey/core/jersey-common/2.27/jersey-common-2.27.jar:/home/user/.m2/repository/org/glassfish/hk2/osgi-resource-locator/1.0.1/osgi-resource-locator-1.0.1.jar:/home/user/.m2/repository/javax/ws/rs/javax.ws.rs-api/2.1/javax.ws.rs-api-2.1.jar:/home/user/.m2/repository/org/glassfish/jersey/ext/cdi/jersey-cdi1x/2.27/jersey-cdi1x-2.27.jar:/home/user/.m2/repository/org/glassfish/jersey/inject/jersey-hk2/2.27/jersey-hk2-2.27.jar:/home/user/.m2/repository/org/glassfish/hk2/hk2-locator/2.5.0-b42/hk2-locator-2.5.0-b42.jar:/home/user/.m2/repository/org/javassist/javassist/3.22.0-CR2/javassist-3.22.0-CR2.jar:/home/user/.m2/repository/org/glassfish/hk2/hk2-api/2.5.0/hk2-api-2.5.0.jar:/home/user/.m2/repository/org/glassfish/hk2/external/jakarta.inject/2.5.0/jakarta.inject-2.5.0.jar:/home/user/.m2/repository/org/glassfish/hk2/hk2-utils/2.5.0/hk2-utils-2.5.0.jar:/home/user/.m2/repository/jakarta/annotation/jakarta.annotation-api/1.3.4/jakarta.annotation-api-1.3.4.jar:/home/user/.m2/repository/org/glassfish/hk2/external/aopalliance-repackaged/2.5.0/aopalliance-repackaged-2.5.0.jar:/home/user/.m2/repository/com/fasterxml/jackson/dataformat/jackson-dataformat-xml/2.9.0/jackson-dataformat-xml-2.9.0.jar:/home/user/.m2/repository/com/fasterxml/jackson/core/jackson-core/2.9.9/jackson-core-2.9.9.jar:/home/user/.m2/repository/com/fasterxml/jackson/module/jackson-module-jaxb-annotations/2.9.9/jackson-module-jaxb-annotations-2.9.9.jar:/home/user/.m2/repository/javax/enterprise/cdi-api/1.2/cdi-api-1.2.jar:/home/user/.m2/repository/javax/el/javax.el-api/3.0.0/javax.el-api-3.0.0.jar:/home/user/.m2/repository/javax/interceptor/javax.interceptor-api/1.2/javax.interceptor-api-1.2.jar:/home/user/.m2/repository/javax/inject/javax.inject/1/javax.inject-1.jar:/home/user/.m2/repository/com/sun/xml/bind/jaxb-impl/2.3.0.1/jaxb-impl-2.3.0.1.jar:/home/user/.m2/repository/com/sun/xml/bind/jaxb-core/2.3.0.1/jaxb-core-2.3.0.1.jar:/home/user/.m2/repository/javax/xml/bind/jaxb-api/2.3.0/jaxb-api-2.3.0.jar:/home/user/.m2/repository/javax/activation/activation/1.1.1/activation-1.1.1.jar:/home/user/.m2/repository/org/apache/hadoop/hadoop-ozone-csi/0.5.0-SNAPSHOT/hadoop-ozone-csi-0.5.0-SNAPSHOT.jar:/home/user/.m2/repository/com/google/protobuf/protobuf-java-util/3.5.1/protobuf-java-util-3.5.1.jar:/home/user/.m2/repository/org/apache/hadoop/hadoop-hdds-config/0.5.0-SNAPSHOT/hadoop-hdds-config-0.5.0-SNAPSHOT.jar:/home/user/.m2/repository/io/grpc/grpc-netty/1.17.1/grpc-netty-1.17.1.jar:/home/user/.m2/repository/io/grpc/grpc-core/1.17.1/grpc-core-1.17.1.jar:/home/user/.m2/repository/io/grpc/grpc-context/1.17.1/grpc-context-1.17.1.jar:/home/user/.m2/repository/com/google/errorprone/error_prone_annotations/2.2.0/error_prone_annotations-2.2.0.jar:/home/user/.m2/repository/org/codehaus/mojo/animal-sniffer-annotations/1.17/animal-sniffer-annotations-1.17.jar:/home/user/.m2/repository/io/opencensus/opencensus-api/0.17.0/opencensus-api-0.17.0.jar:/home/user/.m2/repository/io/opencensus/opencensus-contrib-grpc-metrics/0.17.0/opencensus-contrib-grpc-metrics-0.17.0.jar:/home/user/.m2/repository/io/netty/netty-codec-http2/4.1.30.Final/netty-codec-http2-4.1.30.Final.jar:/home/user/.m2/repository/io/netty/netty-codec-http/4.1.30.Final/netty-codec-http-4.1.30.Final.jar:/home/user/.m2/repository/io/netty/netty-codec/4.1.30.Final/netty-codec-4.1.30.Final.jar:/home/user/.m2/repository/io/netty/netty-handler/4.1.30.Final/netty-handler-4.1.30.Final.jar:/home/user/.m2/repository/io/netty/netty-handler-proxy/4.1.30.Final/netty-handler-proxy-4.1.30.Final.jar:/home/user/.m2/repository/io/netty/netty-codec-socks/4.1.30.Final/netty-codec-socks-4.1.30.Final.jar:/home/user/.m2/repository/io/netty/netty-transport-native-epoll/4.1.30.Final/netty-transport-native-epoll-4.1.30.Final.jar:/home/user/.m2/repository/io/netty/netty-common/4.1.30.Final/netty-common-4.1.30.Final.jar:/home/user/.m2/repository/io/netty/netty-buffer/4.1.30.Final/netty-buffer-4.1.30.Final.jar:/home/user/.m2/repository/io/netty/netty-transport/4.1.30.Final/netty-transport-4.1.30.Final.jar:/home/user/.m2/repository/io/netty/netty-resolver/4.1.30.Final/netty-resolver-4.1.30.Final.jar:/home/user/.m2/repository/io/netty/netty-transport-native-unix-common/4.1.30.Final/netty-transport-native-unix-common-4.1.30.Final.jar:/home/user/.m2/repository/io/grpc/grpc-protobuf/1.17.1/grpc-protobuf-1.17.1.jar:/home/user/.m2/repository/com/google/api/grpc/proto-google-common-protos/1.0.0/proto-google-common-protos-1.0.0.jar:/home/user/.m2/repository/io/grpc/grpc-protobuf-lite/1.17.1/grpc-protobuf-lite-1.17.1.jar:/home/user/.m2/repository/io/grpc/grpc-stub/1.17.1/grpc-stub-1.17.1.jar:/home/user/.m2/repository/org/apache/hadoop/hadoop-ozone-recon/0.5.0-SNAPSHOT/hadoop-ozone-recon-0.5.0-SNAPSHOT.jar:/home/user/.m2/repository/org/apache/hadoop/hadoop-ozone-reconcodegen/0.5.0-SNAPSHOT/hadoop-ozone-reconcodegen-0.5.0-SNAPSHOT.jar:/home/user/.m2/repository/com/google/inject/extensions/guice-multibindings/4.0/guice-multibindings-4.0.jar:/home/user/.m2/repository/com/google/inject/guice/4.0/guice-4.0.jar:/home/user/.m2/repository/aopalliance/aopalliance/1.0/aopalliance-1.0.jar:/home/user/.m2/repository/com/google/inject/extensions/guice-servlet/4.0/guice-servlet-4.0.jar:/home/user/.m2/repository/org/glassfish/jersey/containers/jersey-container-servlet/2.27/jersey-container-servlet-2.27.jar:/home/user/.m2/repository/org/glassfish/hk2/guice-bridge/2.5.0/guice-bridge-2.5.0.jar:/home/user/.m2/repository/org/glassfish/jersey/core/jersey-server/2.27/jersey-server-2.27.jar:/home/user/.m2/repository/org/glassfish/jersey/core/jersey-client/2.27/jersey-client-2.27.jar:/home/user/.m2/repository/org/glassfish/jersey/media/jersey-media-jaxb/2.27/jersey-media-jaxb-2.27.jar:/home/user/.m2/repository/javax/validation/validation-api/1.1.0.Final/validation-api-1.1.0.Final.jar:/home/user/.m2/repository/org/glassfish/jersey/media/jersey-media-json-jackson/2.27/jersey-media-json-jackson-2.27.jar:/home/user/.m2/repository/org/glassfish/jersey/ext/jersey-entity-filtering/2.27/jersey-entity-filtering-2.27.jar:/home/user/.m2/repository/com/google/inject/extensions/guice-assistedinject/4.0/guice-assistedinject-4.0.jar:/home/user/.m2/repository/org/jooq/jooq/3.11.10/jooq-3.11.10.jar:/home/user/.m2/repository/org/jooq/jooq-meta/3.11.10/jooq-meta-3.11.10.jar:/home/user/.m2/repository/org/jooq/jooq-codegen/3.11.10/jooq-codegen-3.11.10.jar:/home/user/.m2/repository/com/jolbox/bonecp/0.8.0.RELEASE/bonecp-0.8.0.RELEASE.jar:/home/user/.m2/repository/org/xerial/sqlite-jdbc/3.25.2/sqlite-jdbc-3.25.2.jar:/home/user/.m2/repository/org/springframework/spring-jdbc/5.1.3.RELEASE/spring-jdbc-5.1.3.RELEASE.jar:/home/user/.m2/repository/org/springframework/spring-beans/5.1.3.RELEASE/spring-beans-5.1.3.RELEASE.jar:/home/user/.m2/repository/org/springframework/spring-core/5.1.3.RELEASE/spring-core-5.1.3.RELEASE.jar:/home/user/.m2/repository/org/springframework/spring-jcl/5.1.3.RELEASE/spring-jcl-5.1.3.RELEASE.jar:/home/user/.m2/repository/org/springframework/spring-tx/5.1.3.RELEASE/spring-tx-5.1.3.RELEASE.jar:/home/user/.m2/repository/org/apache/hadoop/hadoop-ozone-client/0.5.0-SNAPSHOT/hadoop-ozone-client-0.5.0-SNAPSHOT.jar:/home/user/.m2/repository/commons-lang/commons-lang/2.6/commons-lang-2.6.jar:/home/user/.m2/repository/org/apache/hadoop/hadoop-ozone-ozone-manager/0.5.0-SNAPSHOT/hadoop-ozone-ozone-manager-0.5.0-SNAPSHOT-tests.jar:/home/user/.m2/repository/junit/junit/4.11/junit-4.11.jar:/home/user/.m2/repository/org/hamcrest/hamcrest-core/1.3/hamcrest-core-1.3.jar:/home/user/.m2/repository/org/openjdk/jmh/jmh-core/1.19/jmh-core-1.19.jar:/home/user/.m2/repository/net/sf/jopt-simple/jopt-simple/4.6/jopt-simple-4.6.jar:/home/user/.m2/repository/org/apache/commons/commons-math3/3.1.1/commons-math3-3.1.1.jar:/home/user/.m2/repository/org/openjdk/jmh/jmh-generator-annprocess/1.19/jmh-generator-annprocess-1.19.jar:/home/user/.m2/repository/org/mockito/mockito-all/1.8.5/mockito-all-1.8.5.jar:/home/user/.m2/repository/org/apache/hadoop/hadoop-kms/3.2.0/hadoop-kms-3.2.0.jar:/home/user/.m2/repository/org/apache/hadoop/hadoop-auth/3.2.0/hadoop-auth-3.2.0.jar:/home/user/.m2/repository/com/nimbusds/nimbus-jose-jwt/4.41.1/nimbus-jose-jwt-4.41.1.jar:/home/user/.m2/repository/com/github/stephenc/jcip/jcip-annotations/1.0-1/jcip-annotations-1.0-1.jar:/home/user/.m2/repository/net/minidev/json-smart/2.3/json-smart-2.3.jar:/home/user/.m2/repository/net/minidev/accessors-smart/1.2/accessors-smart-1.2.jar:/home/user/.m2/repository/org/ow2/asm/asm/5.0.4/asm-5.0.4.jar:/home/user/.m2/repository/org/apache/curator/curator-framework/2.12.0/curator-framework-2.12.0.jar:/home/user/.m2/repository/com/sun/jersey/jersey-core/1.19/jersey-core-1.19.jar:/home/user/.m2/repository/javax/ws/rs/jsr311-api/1.1.1/jsr311-api-1.1.1.jar:/home/user/.m2/repository/com/sun/jersey/jersey-server/1.19/jersey-server-1.19.jar:/home/user/.m2/repository/javax/servlet/javax.servlet-api/3.1.0/javax.servlet-api-3.1.0.jar:/home/user/.m2/repository/org/eclipse/jetty/jetty-server/9.3.25.v20180904/jetty-server-9.3.25.v20180904.jar:/home/user/.m2/repository/org/eclipse/jetty/jetty-http/9.3.25.v20180904/jetty-http-9.3.25.v20180904.jar:/home/user/.m2/repository/org/eclipse/jetty/jetty-io/9.3.25.v20180904/jetty-io-9.3.25.v20180904.jar:/home/user/.m2/repository/org/eclipse/jetty/jetty-webapp/9.3.25.v20180904/jetty-webapp-9.3.25.v20180904.jar:/home/user/.m2/repository/org/eclipse/jetty/jetty-xml/9.3.25.v20180904/jetty-xml-9.3.25.v20180904.jar:/home/user/.m2/repository/log4j/log4j/1.2.17/log4j-1.2.17.jar:/home/user/.m2/repository/org/slf4j/slf4j-api/1.7.25/slf4j-api-1.7.25.jar:/home/user/.m2/repository/org/slf4j/jul-to-slf4j/1.7.25/jul-to-slf4j-1.7.25.jar:/home/user/.m2/repository/org/eclipse/jetty/jetty-util/9.3.25.v20180904/jetty-util-9.3.25.v20180904.jar:/home/user/.m2/repository/com/fasterxml/jackson/core/jackson-databind/2.9.9/jackson-databind-2.9.9.jar:/home/user/.m2/repository/org/apache/hadoop/hadoop-kms/3.2.0/hadoop-kms-3.2.0-tests.jar:/home/user/.m2/repository/org/apache/hadoop/hadoop-hdds-server-scm/0.5.0-SNAPSHOT/hadoop-hdds-server-scm-0.5.0-SNAPSHOT-tests.jar:/home/user/.m2/repository/org/apache/hadoop/hadoop-hdds-container-service/0.5.0-SNAPSHOT/hadoop-hdds-container-service-0.5.0-SNAPSHOT-tests.jar:/home/user/.m2/repository/org/yaml/snakeyaml/1.16/snakeyaml-1.16.jar:/home/user/.m2/repository/org/apache/hadoop/hadoop-common/3.2.0/hadoop-common-3.2.0-tests.jar:/home/user/.m2/repository/org/apache/hadoop/hadoop-annotations/3.2.0/hadoop-annotations-3.2.0.jar:/usr/lib/jvm/java-1.8-openjdk/jre/../lib/tools.jar:/home/user/.m2/repository/commons-cli/commons-cli/1.2/commons-cli-1.2.jar:/home/user/.m2/repository/org/apache/httpcomponents/httpclient/4.5.2/httpclient-4.5.2.jar:/home/user/.m2/repository/org/apache/httpcomponents/httpcore/4.4.4/httpcore-4.4.4.jar:/home/user/.m2/repository/commons-codec/commons-codec/1.11/commons-codec-1.11.jar:/home/user/.m2/repository/commons-net/commons-net/3.6/commons-net-3.6.jar:/home/user/.m2/repository/commons-collections/commons-collections/3.2.2/commons-collections-3.2.2.jar:/home/user/.m2/repository/org/eclipse/jetty/jetty-servlet/9.3.25.v20180904/jetty-servlet-9.3.25.v20180904.jar:/home/user/.m2/repository/org/eclipse/jetty/jetty-security/9.3.25.v20180904/jetty-security-9.3.25.v20180904.jar:/home/user/.m2/repository/javax/servlet/jsp/jsp-api/2.1/jsp-api-2.1.jar:/home/user/.m2/repository/com/sun/jersey/jersey-servlet/1.19/jersey-servlet-1.19.jar:/home/user/.m2/repository/com/sun/jersey/jersey-json/1.19/jersey-json-1.19.jar:/home/user/.m2/repository/org/codehaus/jettison/jettison/1.1/jettison-1.1.jar:/home/user/.m2/repository/org/codehaus/jackson/jackson-core-asl/1.9.13/jackson-core-asl-1.9.13.jar:/home/user/.m2/repository/org/codehaus/jackson/jackson-mapper-asl/1.9.13/jackson-mapper-asl-1.9.13.jar:/home/user/.m2/repository/org/codehaus/jackson/jackson-jaxrs/1.9.13/jackson-jaxrs-1.9.13.jar:/home/user/.m2/repository/org/codehaus/jackson/jackson-xc/1.9.13/jackson-xc-1.9.13.jar:/home/user/.m2/repository/commons-logging/commons-logging/1.1.3/commons-logging-1.1.3.jar:/home/user/.m2/repository/commons-beanutils/commons-beanutils/1.9.4/commons-beanutils-1.9.4.jar:/home/user/.m2/repository/org/apache/commons/commons-configuration2/2.1.1/commons-configuration2-2.1.1.jar:/home/user/.m2/repository/org/apache/commons/commons-lang3/3.7/commons-lang3-3.7.jar:/home/user/.m2/repository/org/apache/commons/commons-text/1.4/commons-text-1.4.jar:/home/user/.m2/repository/org/apache/avro/avro/1.7.7/avro-1.7.7.jar:/home/user/.m2/repository/com/thoughtworks/paranamer/paranamer/2.3/paranamer-2.3.jar:/home/user/.m2/repository/org/xerial/snappy/snappy-java/1.0.5/snappy-java-1.0.5.jar:/home/user/.m2/repository/com/google/re2j/re2j/1.1/re2j-1.1.jar:/home/user/.m2/repository/com/google/code/gson/gson/2.2.4/gson-2.2.4.jar:/home/user/.m2/repository/com/jcraft/jsch/0.1.54/jsch-0.1.54.jar:/home/user/.m2/repository/org/apache/curator/curator-client/2.12.0/curator-client-2.12.0.jar:/home/user/.m2/repository/org/apache/curator/curator-recipes/2.12.0/curator-recipes-2.12.0.jar:/home/user/.m2/repository/com/google/code/findbugs/jsr305/3.0.0/jsr305-3.0.0.jar:/home/user/.m2/repository/org/apache/htrace/htrace-core4/4.1.0-incubating/htrace-core4-4.1.0-incubating.jar:/home/user/.m2/repository/org/apache/zookeeper/zookeeper/3.4.13/zookeeper-3.4.13.jar:/home/user/.m2/repository/jline/jline/0.9.94/jline-0.9.94.jar:/home/user/.m2/repository/org/apache/yetus/audience-annotations/0.5.0/audience-annotations-0.5.0.jar:/home/user/.m2/repository/org/codehaus/woodstox/stax2-api/3.1.4/stax2-api-3.1.4.jar:/home/user/.m2/repository/com/fasterxml/woodstox/woodstox-core/5.0.3/woodstox-core-5.0.3.jar:/home/user/.m2/repository/dnsjava/dnsjava/2.1.7/dnsjava-2.1.7.jar:/home/user/.m2/repository/org/apache/hadoop/hadoop-hdfs/3.2.0/hadoop-hdfs-3.2.0-tests.jar:/home/user/.m2/repository/org/eclipse/jetty/jetty-util-ajax/9.3.25.v20180904/jetty-util-ajax-9.3.25.v20180904.jar:/home/user/.m2/repository/commons-daemon/commons-daemon/1.0.13/commons-daemon-1.0.13.jar:/home/user/.m2/repository/io/netty/netty/3.10.5.Final/netty-3.10.5.Final.jar:/home/user/.m2/repository/io/netty/netty-all/4.0.52.Final/netty-all-4.0.52.Final.jar:/home/user/.m2/repository/org/fusesource/leveldbjni/leveldbjni-all/1.8/leveldbjni-all-1.8.jar:"/>
    <property name="sun.cpu.endian" value="little"/>
    <property name="user.home" value="/home/user"/>
    <property name="user.language" value="en"/>
    <property name="java.specification.vendor" value="Oracle Corporation"/>
    <property name="java.home" value="/usr/lib/jvm/java-1.8-openjdk/jre"/>
    <property name="surefire.excludesFile" value="/tools/ozone-bad-unit-tests"/>
    <property name="java.security.krb5.conf" value="/workdir/hadoop-ozone/integration-test/target/test-classes/krb5.conf"/>
    <property name="basedir" value="/workdir/hadoop-ozone/integration-test"/>
    <property name="file.separator" value="/"/>
    <property name="line.separator" value="&#10;"/>
    <property name="java.vm.specification.vendor" value="Oracle Corporation"/>
    <property name="java.specification.name" value="Java Platform API Specification"/>
    <property name="java.awt.graphicsenv" value="sun.awt.X11GraphicsEnvironment"/>
    <property name="surefire.real.class.path" value="/workdir/hadoop-ozone/integration-test/target/surefire/surefirebooter5145551289639808304.jar"/>
    <property name="hadoop.log.dir" value="/workdir/hadoop-ozone/integration-test/target/log"/>
    <property name="sun.boot.class.path" value="/usr/lib/jvm/java-1.8-openjdk/jre/lib/resources.jar:/usr/lib/jvm/java-1.8-openjdk/jre/lib/rt.jar:/usr/lib/jvm/java-1.8-openjdk/jre/lib/sunrsasign.jar:/usr/lib/jvm/java-1.8-openjdk/jre/lib/jsse.jar:/usr/lib/jvm/java-1.8-openjdk/jre/lib/jce.jar:/usr/lib/jvm/java-1.8-openjdk/jre/lib/charsets.jar:/usr/lib/jvm/java-1.8-openjdk/jre/lib/jfr.jar:/usr/lib/jvm/java-1.8-openjdk/jre/classes"/>
    <property name="sun.management.compiler" value="HotSpot 64-Bit Tiered Compilers"/>
    <property name="java.runtime.version" value="1.8.0_212-b04"/>
    <property name="java.net.preferIPv4Stack" value="true"/>
    <property name="user.name" value="jenkins1000"/>
    <property name="path.separator" value=":"/>
    <property name="java.security.egd" value="file:///dev/urandom"/>
    <property name="os.version" value="3.10.0-957.12.2.el7.x86_64"/>
    <property name="java.endorsed.dirs" value="/usr/lib/jvm/java-1.8-openjdk/jre/lib/endorsed"/>
    <property name="java.runtime.name" value="OpenJDK Runtime Environment"/>
    <property name="file.encoding" value="UTF-8"/>
    <property name="java.vm.name" value="OpenJDK 64-Bit Server VM"/>
    <property name="test.build.webapps" value=""/>
    <property name="localRepository" value="/home/user/.m2/repository"/>
    <property name="java.vendor.url.bug" value="https://icedtea.classpath.org/bugzilla"/>
    <property name="java.io.tmpdir" value="/tmp"/>
    <property name="require.test.libhadoop" value=""/>
    <property name="java.version" value="1.8.0_212"/>
    <property name="user.dir" value="/workdir/hadoop-ozone/integration-test"/>
    <property name="os.arch" value="amd64"/>
    <property name="java.vm.specification.name" value="Java Virtual Machine Specification"/>
    <property name="test.build.classes" value="/workdir/hadoop-ozone/integration-test/target/test-classes"/>
    <property name="java.awt.printerjob" value="sun.print.PSPrinterJob"/>
    <property name="sun.os.patch.level" value="unknown"/>
    <property name="hadoop.tmp.dir" value="/workdir/hadoop-ozone/integration-test/target/tmp"/>
    <property name="java.library.path" value="/usr/lib/jvm/java-1.8-openjdk/jre/lib/amd64/server:/usr/lib/jvm/java-1.8-openjdk/jre/lib/amd64:/usr/lib/jvm/java-1.8-openjdk/jre/../lib/amd64:/workdir/hadoop-ozone/integration-test/target/native/target/usr/local/lib:/workdir/hadoop-ozone/integration-test/../../hadoop-common-project/hadoop-common/target/native/target/usr/local/lib:/usr/java/packages/lib/amd64:/usr/lib64:/lib64:/lib:/usr/lib"/>
    <property name="java.vm.info" value="mixed mode"/>
    <property name="java.vendor" value="IcedTea"/>
    <property name="java.vm.version" value="25.212-b04"/>
    <property name="java.ext.dirs" value="/usr/lib/jvm/java-1.8-openjdk/jre/lib/ext:/usr/java/packages/lib/ext"/>
    <property name="sun.io.unicode.encoding" value="UnicodeLittle"/>
    <property name="java.class.version" value="52.0"/>
  </properties>
  <testcase name="test2DatanodesFailure" classname="org.apache.hadoop.ozone.client.rpc.TestBlockOutputStreamWithFailures" time="106.435"/>
  <testcase name="testDatanodeFailureWithPreAllocation" classname="org.apache.hadoop.ozone.client.rpc.TestBlockOutputStreamWithFailures" time="223.551"/>
  <testcase name="testDatanodeFailureWithSingleNodeRatis" classname="org.apache.hadoop.ozone.client.rpc.TestBlockOutputStreamWithFailures" time="223.041"/>
  <testcase name="testWatchForCommitWithSingleNodeRatis" classname="org.apache.hadoop.ozone.client.rpc.TestBlockOutputStreamWithFailures" time="34.103"/>
  <testcase name="testWatchForCommitDatanodeFailure" classname="org.apache.hadoop.ozone.client.rpc.TestBlockOutputStreamWithFailures" time="57.626">
    <failure message="expected:&lt;2&gt; but was:&lt;3&gt;" type="java.lang.AssertionError"><![CDATA[java.lang.AssertionError: expected:<2> but was:<3>
	at org.junit.Assert.fail(Assert.java:88)
	at org.junit.Assert.failNotEquals(Assert.java:743)
	at org.junit.Assert.assertEquals(Assert.java:118)
	at org.junit.Assert.assertEquals(Assert.java:555)
	at org.junit.Assert.assertEquals(Assert.java:542)
	at org.apache.hadoop.ozone.client.rpc.TestBlockOutputStreamWithFailures.testWatchForCommitDatanodeFailure(TestBlockOutputStreamWithFailures.java:366)
	at sun.reflect.NativeMethodAccessorImpl.invoke0(Native Method)
	at sun.reflect.NativeMethodAccessorImpl.invoke(NativeMethodAccessorImpl.java:62)
	at sun.reflect.DelegatingMethodAccessorImpl.invoke(DelegatingMethodAccessorImpl.java:43)
	at java.lang.reflect.Method.invoke(Method.java:498)
	at org.junit.runners.model.FrameworkMethod$1.runReflectiveCall(FrameworkMethod.java:47)
	at org.junit.internal.runners.model.ReflectiveCallable.run(ReflectiveCallable.java:12)
	at org.junit.runners.model.FrameworkMethod.invokeExplosively(FrameworkMethod.java:44)
	at org.junit.internal.runners.statements.InvokeMethod.evaluate(InvokeMethod.java:17)
	at org.junit.internal.runners.statements.RunBefores.evaluate(RunBefores.java:26)
	at org.junit.internal.runners.statements.RunAfters.evaluate(RunAfters.java:27)
	at org.junit.runners.ParentRunner.runLeaf(ParentRunner.java:271)
	at org.junit.runners.BlockJUnit4ClassRunner.runChild(BlockJUnit4ClassRunner.java:70)
	at org.junit.runners.BlockJUnit4ClassRunner.runChild(BlockJUnit4ClassRunner.java:50)
	at org.junit.runners.ParentRunner$3.run(ParentRunner.java:238)
	at org.junit.runners.ParentRunner$1.schedule(ParentRunner.java:63)
	at org.junit.runners.ParentRunner.runChildren(ParentRunner.java:236)
	at org.junit.runners.ParentRunner.access$000(ParentRunner.java:53)
	at org.junit.runners.ParentRunner$2.evaluate(ParentRunner.java:229)
	at org.junit.runners.ParentRunner.run(ParentRunner.java:309)
	at org.apache.maven.surefire.junit4.JUnit4Provider.execute(JUnit4Provider.java:365)
	at org.apache.maven.surefire.junit4.JUnit4Provider.executeWithRerun(JUnit4Provider.java:273)
	at org.apache.maven.surefire.junit4.JUnit4Provider.executeTestSet(JUnit4Provider.java:238)
	at org.apache.maven.surefire.junit4.JUnit4Provider.invoke(JUnit4Provider.java:159)
	at org.apache.maven.surefire.booter.ForkedBooter.invokeProviderInSameClassLoader(ForkedBooter.java:384)
	at org.apache.maven.surefire.booter.ForkedBooter.runSuitesInProcess(ForkedBooter.java:345)
	at org.apache.maven.surefire.booter.ForkedBooter.execute(ForkedBooter.java:126)
	at org.apache.maven.surefire.booter.ForkedBooter.main(ForkedBooter.java:418)
]]></failure>
    <system-out><![CDATA[2019-10-14 12:43:29,637 [main] WARN  server.ServerUtils (ServerUtils.java:getScmDbDir(145)) - ozone.scm.db.dirs is not configured. We recommend adding this setting. Falling back to ozone.metadata.dirs instead.
2019-10-14 12:43:29,651 [main] WARN  server.ServerUtils (ServerUtils.java:getScmDbDir(145)) - ozone.scm.db.dirs is not configured. We recommend adding this setting. Falling back to ozone.metadata.dirs instead.
2019-10-14 12:43:29,651 [main] WARN  server.ServerUtils (ServerUtils.java:getScmDbDir(145)) - ozone.scm.db.dirs is not configured. We recommend adding this setting. Falling back to ozone.metadata.dirs instead.
2019-10-14 12:43:29,652 [main] INFO  db.DBStoreBuilder (DBStoreBuilder.java:addTable(117)) - using custom profile for table: deletedBlocks
2019-10-14 12:43:29,652 [main] INFO  db.DBStoreBuilder (DBStoreBuilder.java:processTables(168)) - Using default column profile:DBProfile.DISK for Table:deletedBlocks
2019-10-14 12:43:29,652 [main] INFO  db.DBStoreBuilder (DBStoreBuilder.java:addTable(117)) - using custom profile for table: validCerts
2019-10-14 12:43:29,652 [main] INFO  db.DBStoreBuilder (DBStoreBuilder.java:processTables(168)) - Using default column profile:DBProfile.DISK for Table:validCerts
2019-10-14 12:43:29,653 [main] INFO  db.DBStoreBuilder (DBStoreBuilder.java:addTable(117)) - using custom profile for table: revokedCerts
2019-10-14 12:43:29,653 [main] INFO  db.DBStoreBuilder (DBStoreBuilder.java:processTables(168)) - Using default column profile:DBProfile.DISK for Table:revokedCerts
2019-10-14 12:43:29,653 [main] INFO  db.DBStoreBuilder (DBStoreBuilder.java:addTable(117)) - using custom profile for table: default
2019-10-14 12:43:29,653 [main] INFO  db.DBStoreBuilder (DBStoreBuilder.java:processTables(174)) - Using default column profile:DBProfile.DISK for Table:default
2019-10-14 12:43:29,653 [main] INFO  db.DBStoreBuilder (DBStoreBuilder.java:getDbProfile(205)) - Using default options. DBProfile.DISK
2019-10-14 12:43:29,819 [main] INFO  net.NodeSchemaLoader (NodeSchemaLoader.java:loadSchemaFromFile(125)) - Loading file from sun.misc.CompoundEnumeration@cdb3c85
2019-10-14 12:43:29,820 [main] INFO  net.NodeSchemaLoader (NodeSchemaLoader.java:loadSchema(171)) - Loading network topology layer schema file
2019-10-14 12:43:29,826 [main] INFO  node.SCMNodeManager (SCMNodeManager.java:<init>(116)) - Entering startup safe mode.
2019-10-14 12:43:29,827 [main] INFO  algorithms.ContainerPlacementPolicyFactory (ContainerPlacementPolicyFactory.java:getPolicy(57)) - Create container placement policy of type org.apache.hadoop.hdds.scm.container.placement.algorithms.SCMContainerPlacementRandom
2019-10-14 12:43:29,828 [main] WARN  server.ServerUtils (ServerUtils.java:getScmDbDir(145)) - ozone.scm.db.dirs is not configured. We recommend adding this setting. Falling back to ozone.metadata.dirs instead.
2019-10-14 12:43:29,894 [main] INFO  pipeline.SCMPipelineManager (SCMPipelineManager.java:initializePipelineState(132)) - No pipeline exists in current db
2019-10-14 12:43:29,895 [main] WARN  server.ServerUtils (ServerUtils.java:getScmDbDir(145)) - ozone.scm.db.dirs is not configured. We recommend adding this setting. Falling back to ozone.metadata.dirs instead.
2019-10-14 12:43:29,948 [main] WARN  events.EventQueue (EventQueue.java:fireEvent(183)) - No event handler registered for event TypedEvent{payloadType=SafeModeStatus, name='SafeModeStatus'}
2019-10-14 12:43:29,949 [main] INFO  ipc.CallQueueManager (CallQueueManager.java:<init>(84)) - Using callQueue: class java.util.concurrent.LinkedBlockingQueue, queueCapacity: 2000, scheduler: class org.apache.hadoop.ipc.DefaultRpcScheduler, ipcBackoff: false.
2019-10-14 12:43:29,950 [Socket Reader #1 for port 40520] INFO  ipc.Server (Server.java:run(1074)) - Starting Socket Reader #1 for port 40520
2019-10-14 12:43:29,953 [main] INFO  ipc.CallQueueManager (CallQueueManager.java:<init>(84)) - Using callQueue: class java.util.concurrent.LinkedBlockingQueue, queueCapacity: 2000, scheduler: class org.apache.hadoop.ipc.DefaultRpcScheduler, ipcBackoff: false.
2019-10-14 12:43:29,954 [Socket Reader #1 for port 33637] INFO  ipc.Server (Server.java:run(1074)) - Starting Socket Reader #1 for port 33637
2019-10-14 12:43:29,956 [main] INFO  ipc.CallQueueManager (CallQueueManager.java:<init>(84)) - Using callQueue: class java.util.concurrent.LinkedBlockingQueue, queueCapacity: 2000, scheduler: class org.apache.hadoop.ipc.DefaultRpcScheduler, ipcBackoff: false.
2019-10-14 12:43:29,957 [Socket Reader #1 for port 37461] INFO  ipc.Server (Server.java:run(1074)) - Starting Socket Reader #1 for port 37461
2019-10-14 12:43:29,959 [main] INFO  hdfs.DFSUtil (DFSUtil.java:httpServerTemplateForNNAndJN(1641)) - Starting Web-server for scm at: http://0.0.0.0:0
2019-10-14 12:43:29,961 [main] INFO  server.AuthenticationFilter (AuthenticationFilter.java:constructSecretProvider(240)) - Unable to initialize FileSignerSecretProvider, falling back to use random secrets.
2019-10-14 12:43:29,961 [main] WARN  http.HttpRequestLog (HttpRequestLog.java:getRequestLog(97)) - Jetty request log can only be enabled using Log4j
2019-10-14 12:43:29,963 [main] INFO  http.HttpServer2 (HttpServer2.java:addGlobalFilter(975)) - Added global filter 'safety' (class=org.apache.hadoop.http.HttpServer2$QuotingInputFilter)
2019-10-14 12:43:29,964 [main] INFO  http.HttpServer2 (HttpServer2.java:addFilter(948)) - Added filter static_user_filter (class=org.apache.hadoop.http.lib.StaticUserWebFilter$StaticUserFilter) to context scm
2019-10-14 12:43:29,964 [main] INFO  http.HttpServer2 (HttpServer2.java:addFilter(958)) - Added filter static_user_filter (class=org.apache.hadoop.http.lib.StaticUserWebFilter$StaticUserFilter) to context logs
2019-10-14 12:43:29,964 [main] INFO  http.HttpServer2 (HttpServer2.java:addFilter(958)) - Added filter static_user_filter (class=org.apache.hadoop.http.lib.StaticUserWebFilter$StaticUserFilter) to context static
2019-10-14 12:43:29,966 [main] INFO  server.StorageContainerManager (StorageContainerManager.java:start(772)) - StorageContainerLocationProtocol RPC server is listening at /0.0.0.0:37461
2019-10-14 12:43:29,969 [main] WARN  impl.MetricsConfig (MetricsConfig.java:loadFirst(134)) - Cannot locate configuration: tried hadoop-metrics2-storagecontainermanager.properties,hadoop-metrics2.properties
2019-10-14 12:43:29,969 [main] INFO  impl.MetricsSystemImpl (MetricsSystemImpl.java:startTimer(374)) - Scheduled Metric snapshot period at 10 second(s).
2019-10-14 12:43:29,970 [main] INFO  impl.MetricsSystemImpl (MetricsSystemImpl.java:start(191)) - StorageContainerManager metrics system started
2019-10-14 12:43:30,032 [main] WARN  impl.MetricsSystemImpl (MetricsSystemImpl.java:register(276)) - Sink prometheus already exists!
2019-10-14 12:43:30,143 [main] INFO  server.SCMClientProtocolServer (SCMClientProtocolServer.java:start(159)) - RPC server for Client  is listening at /0.0.0.0:37461
2019-10-14 12:43:30,144 [IPC Server Responder] INFO  ipc.Server (Server.java:run(1314)) - IPC Server Responder: starting
2019-10-14 12:43:30,144 [IPC Server listener on 37461] INFO  ipc.Server (Server.java:run(1153)) - IPC Server listener on 37461: starting
2019-10-14 12:43:30,148 [main] INFO  server.StorageContainerManager (StorageContainerManager.java:start(782)) - ScmBlockLocationProtocol RPC server is listening at /0.0.0.0:33637
2019-10-14 12:43:30,148 [main] INFO  server.SCMBlockProtocolServer (SCMBlockProtocolServer.java:start(146)) - RPC server for Block Protocol is listening at /0.0.0.0:33637
2019-10-14 12:43:30,149 [IPC Server Responder] INFO  ipc.Server (Server.java:run(1314)) - IPC Server Responder: starting
2019-10-14 12:43:30,150 [IPC Server listener on 33637] INFO  ipc.Server (Server.java:run(1153)) - IPC Server listener on 33637: starting
2019-10-14 12:43:30,153 [main] INFO  server.StorageContainerManager (StorageContainerManager.java:start(786)) - ScmDatanodeProtocl RPC server is listening at /0.0.0.0:40520
2019-10-14 12:43:30,153 [main] INFO  server.SCMDatanodeProtocolServer (SCMDatanodeProtocolServer.java:start(169)) - RPC server for DataNodes is listening at /0.0.0.0:40520
2019-10-14 12:43:30,154 [IPC Server Responder] INFO  ipc.Server (Server.java:run(1314)) - IPC Server Responder: starting
2019-10-14 12:43:30,154 [IPC Server listener on 40520] INFO  ipc.Server (Server.java:run(1153)) - IPC Server listener on 40520: starting
2019-10-14 12:43:30,158 [main] INFO  http.HttpServer2 (HttpServer2.java:bindListener(1191)) - Jetty bound to port 36888
2019-10-14 12:43:30,158 [main] INFO  server.Server (Server.java:doStart(351)) - jetty-9.3.25.v20180904, build timestamp: 2018-09-04T21:11:46Z, git hash: 3ce520221d0240229c862b122d2b06c12a625732
2019-10-14 12:43:30,160 [main] INFO  handler.ContextHandler (ContextHandler.java:doStart(781)) - Started o.e.j.s.ServletContextHandler@3fb450d7{/logs,file:///workdir/hadoop-ozone/integration-test/target/log,AVAILABLE}
2019-10-14 12:43:30,160 [main] INFO  handler.ContextHandler (ContextHandler.java:doStart(781)) - Started o.e.j.s.ServletContextHandler@636985df{/static,file:///workdir/hadoop-ozone/integration-test/target/test-classes/webapps/static,AVAILABLE}
2019-10-14 12:43:30,165 [main] INFO  handler.ContextHandler (ContextHandler.java:doStart(781)) - Started o.e.j.w.WebAppContext@3820cfe{/,file:///workdir/hadoop-ozone/integration-test/target/test-classes/webapps/scm/,AVAILABLE}{/scm}
2019-10-14 12:43:30,166 [main] INFO  server.AbstractConnector (AbstractConnector.java:doStart(278)) - Started ServerConnector@2407a36c{HTTP/1.1,[http/1.1]}{0.0.0.0:36888}
2019-10-14 12:43:30,167 [main] INFO  server.Server (Server.java:doStart(419)) - Started @588275ms
2019-10-14 12:43:30,168 [main] WARN  impl.MetricsSystemImpl (MetricsSystemImpl.java:register(276)) - Sink prometheus already exists!
2019-10-14 12:43:30,169 [main] INFO  server.BaseHttpServer (BaseHttpServer.java:updateConnectorAddress(215)) - HTTP server of SCM is listening at http://0.0.0.0:36888
2019-10-14 12:43:30,170 [main] WARN  server.ServerUtils (ServerUtils.java:getDBPath(222)) - ozone.om.db.dirs is not configured. We recommend adding this setting. Falling back to ozone.metadata.dirs instead.
2019-10-14 12:43:30,171 [org.apache.hadoop.util.JvmPauseMonitor$Monitor@28b8f98a] INFO  util.JvmPauseMonitor (JvmPauseMonitor.java:run(188)) - Starting JVM pause monitor
2019-10-14 12:43:30,185 [main] INFO  ha.OMHANodeDetails (OMHANodeDetails.java:loadOMHAConfig(190)) - Configuration either no ozone.om.address set. Falling back to the default OM address /127.0.0.1:0
2019-10-14 12:43:30,185 [main] INFO  ha.OMHANodeDetails (OMHANodeDetails.java:getOMNodeDetails(220)) - OM Service ID is not set. Setting it to the default ID: omServiceIdDefault
2019-10-14 12:43:30,185 [main] WARN  server.ServerUtils (ServerUtils.java:getDBPath(222)) - ozone.om.db.dirs is not configured. We recommend adding this setting. Falling back to ozone.metadata.dirs instead.
2019-10-14 12:43:30,186 [main] WARN  server.ServerUtils (ServerUtils.java:getDBPath(222)) - ozone.om.db.dirs is not configured. We recommend adding this setting. Falling back to ozone.metadata.dirs instead.
2019-10-14 12:43:30,193 [main] WARN  server.ServerUtils (ServerUtils.java:getDBPath(222)) - ozone.om.db.dirs is not configured. We recommend adding this setting. Falling back to ozone.metadata.dirs instead.
2019-10-14 12:43:30,193 [main] INFO  db.DBStoreBuilder (DBStoreBuilder.java:addTable(117)) - using custom profile for table: userTable
2019-10-14 12:43:30,193 [main] INFO  db.DBStoreBuilder (DBStoreBuilder.java:processTables(168)) - Using default column profile:DBProfile.DISK for Table:userTable
2019-10-14 12:43:30,194 [main] INFO  db.DBStoreBuilder (DBStoreBuilder.java:addTable(117)) - using custom profile for table: volumeTable
2019-10-14 12:43:30,194 [main] INFO  db.DBStoreBuilder (DBStoreBuilder.java:processTables(168)) - Using default column profile:DBProfile.DISK for Table:volumeTable
2019-10-14 12:43:30,194 [main] INFO  db.DBStoreBuilder (DBStoreBuilder.java:addTable(117)) - using custom profile for table: bucketTable
2019-10-14 12:43:30,194 [main] INFO  db.DBStoreBuilder (DBStoreBuilder.java:processTables(168)) - Using default column profile:DBProfile.DISK for Table:bucketTable
2019-10-14 12:43:30,195 [main] INFO  db.DBStoreBuilder (DBStoreBuilder.java:addTable(117)) - using custom profile for table: keyTable
2019-10-14 12:43:30,195 [main] INFO  db.DBStoreBuilder (DBStoreBuilder.java:processTables(168)) - Using default column profile:DBProfile.DISK for Table:keyTable
2019-10-14 12:43:30,195 [main] INFO  db.DBStoreBuilder (DBStoreBuilder.java:addTable(117)) - using custom profile for table: deletedTable
2019-10-14 12:43:30,195 [main] INFO  db.DBStoreBuilder (DBStoreBuilder.java:processTables(168)) - Using default column profile:DBProfile.DISK for Table:deletedTable
2019-10-14 12:43:30,195 [main] INFO  db.DBStoreBuilder (DBStoreBuilder.java:addTable(117)) - using custom profile for table: openKeyTable
2019-10-14 12:43:30,196 [main] INFO  db.DBStoreBuilder (DBStoreBuilder.java:processTables(168)) - Using default column profile:DBProfile.DISK for Table:openKeyTable
2019-10-14 12:43:30,196 [main] INFO  db.DBStoreBuilder (DBStoreBuilder.java:addTable(117)) - using custom profile for table: s3Table
2019-10-14 12:43:30,196 [main] INFO  db.DBStoreBuilder (DBStoreBuilder.java:processTables(168)) - Using default column profile:DBProfile.DISK for Table:s3Table
2019-10-14 12:43:30,196 [main] INFO  db.DBStoreBuilder (DBStoreBuilder.java:addTable(117)) - using custom profile for table: multipartInfoTable
2019-10-14 12:43:30,196 [main] INFO  db.DBStoreBuilder (DBStoreBuilder.java:processTables(168)) - Using default column profile:DBProfile.DISK for Table:multipartInfoTable
2019-10-14 12:43:30,197 [main] INFO  db.DBStoreBuilder (DBStoreBuilder.java:addTable(117)) - using custom profile for table: dTokenTable
2019-10-14 12:43:30,197 [main] INFO  db.DBStoreBuilder (DBStoreBuilder.java:processTables(168)) - Using default column profile:DBProfile.DISK for Table:dTokenTable
2019-10-14 12:43:30,197 [main] INFO  db.DBStoreBuilder (DBStoreBuilder.java:addTable(117)) - using custom profile for table: s3SecretTable
2019-10-14 12:43:30,197 [main] INFO  db.DBStoreBuilder (DBStoreBuilder.java:processTables(168)) - Using default column profile:DBProfile.DISK for Table:s3SecretTable
2019-10-14 12:43:30,198 [main] INFO  db.DBStoreBuilder (DBStoreBuilder.java:addTable(117)) - using custom profile for table: prefixTable
2019-10-14 12:43:30,198 [main] INFO  db.DBStoreBuilder (DBStoreBuilder.java:processTables(168)) - Using default column profile:DBProfile.DISK for Table:prefixTable
2019-10-14 12:43:30,198 [main] INFO  db.DBStoreBuilder (DBStoreBuilder.java:addTable(117)) - using custom profile for table: default
2019-10-14 12:43:30,198 [main] INFO  db.DBStoreBuilder (DBStoreBuilder.java:processTables(174)) - Using default column profile:DBProfile.DISK for Table:default
2019-10-14 12:43:30,199 [main] INFO  db.DBStoreBuilder (DBStoreBuilder.java:getDbProfile(205)) - Using default options. DBProfile.DISK
2019-10-14 12:43:30,697 [main] INFO  ipc.CallQueueManager (CallQueueManager.java:<init>(84)) - Using callQueue: class java.util.concurrent.LinkedBlockingQueue, queueCapacity: 2000, scheduler: class org.apache.hadoop.ipc.DefaultRpcScheduler, ipcBackoff: false.
2019-10-14 12:43:30,698 [Socket Reader #1 for port 44451] INFO  ipc.Server (Server.java:run(1074)) - Starting Socket Reader #1 for port 44451
2019-10-14 12:43:30,713 [main] INFO  om.OzoneManager (OzoneManager.java:start(1071)) - OzoneManager RPC server is listening at localhost/127.0.0.1:44451
2019-10-14 12:43:30,713 [main] INFO  impl.MetricsSystemImpl (MetricsSystemImpl.java:init(158)) - OzoneManager metrics system started (again)
2019-10-14 12:43:30,714 [IPC Server Responder] INFO  ipc.Server (Server.java:run(1314)) - IPC Server Responder: starting
2019-10-14 12:43:30,717 [IPC Server listener on 44451] INFO  ipc.Server (Server.java:run(1153)) - IPC Server listener on 44451: starting
2019-10-14 12:43:30,722 [main] INFO  hdfs.DFSUtil (DFSUtil.java:httpServerTemplateForNNAndJN(1641)) - Starting Web-server for ozoneManager at: http://0.0.0.0:0
2019-10-14 12:43:30,724 [main] INFO  server.AuthenticationFilter (AuthenticationFilter.java:constructSecretProvider(240)) - Unable to initialize FileSignerSecretProvider, falling back to use random secrets.
2019-10-14 12:43:30,724 [main] WARN  http.HttpRequestLog (HttpRequestLog.java:getRequestLog(97)) - Jetty request log can only be enabled using Log4j
2019-10-14 12:43:30,726 [main] INFO  http.HttpServer2 (HttpServer2.java:addGlobalFilter(975)) - Added global filter 'safety' (class=org.apache.hadoop.http.HttpServer2$QuotingInputFilter)
2019-10-14 12:43:30,727 [main] INFO  http.HttpServer2 (HttpServer2.java:addFilter(948)) - Added filter static_user_filter (class=org.apache.hadoop.http.lib.StaticUserWebFilter$StaticUserFilter) to context ozoneManager
2019-10-14 12:43:30,727 [main] INFO  http.HttpServer2 (HttpServer2.java:addFilter(958)) - Added filter static_user_filter (class=org.apache.hadoop.http.lib.StaticUserWebFilter$StaticUserFilter) to context static
2019-10-14 12:43:30,727 [main] INFO  http.HttpServer2 (HttpServer2.java:addFilter(958)) - Added filter static_user_filter (class=org.apache.hadoop.http.lib.StaticUserWebFilter$StaticUserFilter) to context logs
2019-10-14 12:43:30,728 [main] INFO  http.HttpServer2 (HttpServer2.java:bindListener(1191)) - Jetty bound to port 39517
2019-10-14 12:43:30,728 [main] INFO  server.Server (Server.java:doStart(351)) - jetty-9.3.25.v20180904, build timestamp: 2018-09-04T21:11:46Z, git hash: 3ce520221d0240229c862b122d2b06c12a625732
2019-10-14 12:43:30,730 [main] INFO  handler.ContextHandler (ContextHandler.java:doStart(781)) - Started o.e.j.s.ServletContextHandler@5012c571{/logs,file:///workdir/hadoop-ozone/integration-test/target/log,AVAILABLE}
2019-10-14 12:43:30,731 [main] INFO  handler.ContextHandler (ContextHandler.java:doStart(781)) - Started o.e.j.s.ServletContextHandler@511da44f{/static,file:///workdir/hadoop-ozone/integration-test/target/test-classes/webapps/static,AVAILABLE}
2019-10-14 12:43:30,735 [main] INFO  handler.ContextHandler (ContextHandler.java:doStart(781)) - Started o.e.j.w.WebAppContext@755b5f30{/,file:///workdir/hadoop-ozone/integration-test/target/test-classes/webapps/ozoneManager/,AVAILABLE}{/ozoneManager}
2019-10-14 12:43:30,736 [main] INFO  server.AbstractConnector (AbstractConnector.java:doStart(278)) - Started ServerConnector@29bbc63c{HTTP/1.1,[http/1.1]}{0.0.0.0:39517}
2019-10-14 12:43:30,737 [main] INFO  server.Server (Server.java:doStart(419)) - Started @588844ms
2019-10-14 12:43:30,737 [main] WARN  impl.MetricsSystemImpl (MetricsSystemImpl.java:register(276)) - Sink prometheus already exists!
2019-10-14 12:43:30,738 [main] INFO  server.BaseHttpServer (BaseHttpServer.java:updateConnectorAddress(215)) - HTTP server of OZONEMANAGER is listening at http://0.0.0.0:39517
2019-10-14 12:43:30,754 [main] INFO  impl.MetricsSystemImpl (MetricsSystemImpl.java:init(158)) - HddsDatanode metrics system started (again)
2019-10-14 12:43:30,758 [main] INFO  ozone.HddsDatanodeService (HddsDatanodeService.java:start(184)) - HddsDatanodeService host:pr-hdds-2299-hlwdq-549545603 ip:192.168.151.107
2019-10-14 12:43:30,766 [main] INFO  volume.HddsVolume (HddsVolume.java:<init>(176)) - Creating Volume: /workdir/hadoop-ozone/integration-test/target/test-dir/MiniOzoneClusterImpl-5e97dea3-99a6-4a1a-83d8-52833a14f548/datanode-0/data/containers/hdds of  storage type : DISK and capacity : 1482555576320
2019-10-14 12:43:30,766 [main] INFO  volume.VolumeSet (VolumeSet.java:initializeVolumeSet(170)) - Added Volume : /workdir/hadoop-ozone/integration-test/target/test-dir/MiniOzoneClusterImpl-5e97dea3-99a6-4a1a-83d8-52833a14f548/datanode-0/data/containers/hdds to VolumeSet
2019-10-14 12:43:30,766 [main] INFO  volume.ThrottledAsyncChecker (ThrottledAsyncChecker.java:schedule(141)) - Scheduling a check for org.apache.hadoop.ozone.container.common.volume.HddsVolume@2d130ac4
2019-10-14 12:43:30,767 [main] INFO  volume.HddsVolumeChecker (HddsVolumeChecker.java:checkAllVolumes(204)) - Scheduled health check for volume org.apache.hadoop.ozone.container.common.volume.HddsVolume@2d130ac4
2019-10-14 12:43:30,780 [main] INFO  impl.RaftServerProxy (ConfUtils.java:logGet(43)) - raft.rpc.type = GRPC (default)
2019-10-14 12:43:30,780 [main] INFO  grpc.GrpcFactory (GrpcFactory.java:checkPooledByteBufAllocatorUseCacheForAllThreads(45)) - PERFORMANCE WARNING: useCacheForAllThreads is true that may cause Netty to create a lot garbage objects and, as a result, trigger GC.
	It is recommended to disable useCacheForAllThreads by setting -Dorg.apache.ratis.thirdparty.io.netty.allocator.useCacheForAllThreads=false in command line.
2019-10-14 12:43:30,781 [main] INFO  grpc.GrpcConfigKeys$Server (ConfUtils.java:logGet(43)) - raft.grpc.server.port = 0 (default)
2019-10-14 12:43:30,781 [main] INFO  server.GrpcService (ConfUtils.java:logGet(43)) - raft.grpc.message.size.max = 33570816 (custom)
2019-10-14 12:43:30,781 [main] INFO  server.RaftServerConfigKeys (ConfUtils.java:logGet(43)) - raft.server.log.appender.buffer.byte-limit = 33554432 (custom)
2019-10-14 12:43:30,781 [main] INFO  server.GrpcService (ConfUtils.java:logGet(43)) - raft.grpc.flow.control.window = 1MB (=1048576) (default)
2019-10-14 12:43:30,781 [main] INFO  server.RaftServerConfigKeys (ConfUtils.java:logGet(43)) - raft.server.rpc.request.timeout = 3000ms (default)
2019-10-14 12:43:30,782 [main] INFO  server.RaftServerConfigKeys (ConfUtils.java:logGet(43)) - raft.server.storage.dir = [/workdir/hadoop-ozone/integration-test/target/test-dir/MiniOzoneClusterImpl-5e97dea3-99a6-4a1a-83d8-52833a14f548/datanode-0/data/ratis] (custom)
2019-10-14 12:43:30,783 [main] INFO  hdfs.DFSUtil (DFSUtil.java:httpServerTemplateForNNAndJN(1641)) - Starting Web-server for hddsDatanode at: http://0.0.0.0:0
2019-10-14 12:43:30,784 [main] INFO  server.AuthenticationFilter (AuthenticationFilter.java:constructSecretProvider(240)) - Unable to initialize FileSignerSecretProvider, falling back to use random secrets.
2019-10-14 12:43:30,785 [main] WARN  http.HttpRequestLog (HttpRequestLog.java:getRequestLog(97)) - Jetty request log can only be enabled using Log4j
2019-10-14 12:43:30,786 [main] INFO  http.HttpServer2 (HttpServer2.java:addGlobalFilter(975)) - Added global filter 'safety' (class=org.apache.hadoop.http.HttpServer2$QuotingInputFilter)
2019-10-14 12:43:30,786 [main] INFO  http.HttpServer2 (HttpServer2.java:addFilter(948)) - Added filter static_user_filter (class=org.apache.hadoop.http.lib.StaticUserWebFilter$StaticUserFilter) to context hddsDatanode
2019-10-14 12:43:30,787 [main] INFO  http.HttpServer2 (HttpServer2.java:addFilter(958)) - Added filter static_user_filter (class=org.apache.hadoop.http.lib.StaticUserWebFilter$StaticUserFilter) to context logs
2019-10-14 12:43:30,787 [main] INFO  http.HttpServer2 (HttpServer2.java:addFilter(958)) - Added filter static_user_filter (class=org.apache.hadoop.http.lib.StaticUserWebFilter$StaticUserFilter) to context static
2019-10-14 12:43:30,787 [main] INFO  http.HttpServer2 (HttpServer2.java:bindListener(1191)) - Jetty bound to port 41778
2019-10-14 12:43:30,788 [main] INFO  server.Server (Server.java:doStart(351)) - jetty-9.3.25.v20180904, build timestamp: 2018-09-04T21:11:46Z, git hash: 3ce520221d0240229c862b122d2b06c12a625732
2019-10-14 12:43:30,789 [main] INFO  handler.ContextHandler (ContextHandler.java:doStart(781)) - Started o.e.j.s.ServletContextHandler@4f5f474c{/logs,file:///workdir/hadoop-ozone/integration-test/target/log,AVAILABLE}
2019-10-14 12:43:30,789 [main] INFO  handler.ContextHandler (ContextHandler.java:doStart(781)) - Started o.e.j.s.ServletContextHandler@14d8e132{/static,jar:file:/home/user/.m2/repository/org/apache/hadoop/hadoop-hdds-container-service/0.5.0-SNAPSHOT/hadoop-hdds-container-service-0.5.0-SNAPSHOT.jar!/webapps/static,AVAILABLE}
2019-10-14 12:43:30,817 [main] INFO  handler.ContextHandler (ContextHandler.java:doStart(781)) - Started o.e.j.w.WebAppContext@584ca390{/,file:///tmp/jetty-0.0.0.0-41778-hddsDatanode-_-any-7715058983247213712.dir/webapp/,AVAILABLE}{/hddsDatanode}
2019-10-14 12:43:30,817 [main] INFO  server.AbstractConnector (AbstractConnector.java:doStart(278)) - Started ServerConnector@33324c05{HTTP/1.1,[http/1.1]}{0.0.0.0:41778}
2019-10-14 12:43:30,818 [main] INFO  server.Server (Server.java:doStart(419)) - Started @588925ms
2019-10-14 12:43:30,819 [main] WARN  impl.MetricsSystemImpl (MetricsSystemImpl.java:register(276)) - Sink prometheus already exists!
2019-10-14 12:43:30,820 [main] INFO  server.BaseHttpServer (BaseHttpServer.java:updateConnectorAddress(215)) - HTTP server of HDDSDATANODE is listening at http://0.0.0.0:41778
2019-10-14 12:43:30,820 [main] INFO  impl.MetricsSystemImpl (MetricsSystemImpl.java:init(158)) - HddsDatanode metrics system started (again)
2019-10-14 12:43:30,824 [org.apache.hadoop.util.JvmPauseMonitor$Monitor@62ceefb8] INFO  util.JvmPauseMonitor (JvmPauseMonitor.java:run(188)) - Starting JVM pause monitor
2019-10-14 12:43:30,824 [main] INFO  ozone.HddsDatanodeService (HddsDatanodeService.java:start(184)) - HddsDatanodeService host:pr-hdds-2299-hlwdq-549545603 ip:192.168.151.107
2019-10-14 12:43:30,826 [Datanode State Machine Thread - 0] INFO  datanode.InitDatanodeState (InitDatanodeState.java:persistContainerDatanodeDetails(140)) - DatanodeDetails is persisted to /workdir/hadoop-ozone/integration-test/target/test-dir/MiniOzoneClusterImpl-5e97dea3-99a6-4a1a-83d8-52833a14f548/datanode-0/meta/datanode.id
2019-10-14 12:43:30,831 [main] INFO  volume.HddsVolume (HddsVolume.java:<init>(176)) - Creating Volume: /workdir/hadoop-ozone/integration-test/target/test-dir/MiniOzoneClusterImpl-5e97dea3-99a6-4a1a-83d8-52833a14f548/datanode-1/data/containers/hdds of  storage type : DISK and capacity : 1482555576320
2019-10-14 12:43:30,831 [main] INFO  volume.VolumeSet (VolumeSet.java:initializeVolumeSet(170)) - Added Volume : /workdir/hadoop-ozone/integration-test/target/test-dir/MiniOzoneClusterImpl-5e97dea3-99a6-4a1a-83d8-52833a14f548/datanode-1/data/containers/hdds to VolumeSet
2019-10-14 12:43:30,831 [main] INFO  volume.ThrottledAsyncChecker (ThrottledAsyncChecker.java:schedule(141)) - Scheduling a check for org.apache.hadoop.ozone.container.common.volume.HddsVolume@325162e9
2019-10-14 12:43:30,832 [main] INFO  volume.HddsVolumeChecker (HddsVolumeChecker.java:checkAllVolumes(204)) - Scheduled health check for volume org.apache.hadoop.ozone.container.common.volume.HddsVolume@325162e9
2019-10-14 12:43:30,843 [main] INFO  impl.RaftServerProxy (ConfUtils.java:logGet(43)) - raft.rpc.type = GRPC (default)
2019-10-14 12:43:30,843 [main] INFO  grpc.GrpcFactory (GrpcFactory.java:checkPooledByteBufAllocatorUseCacheForAllThreads(45)) - PERFORMANCE WARNING: useCacheForAllThreads is true that may cause Netty to create a lot garbage objects and, as a result, trigger GC.
	It is recommended to disable useCacheForAllThreads by setting -Dorg.apache.ratis.thirdparty.io.netty.allocator.useCacheForAllThreads=false in command line.
2019-10-14 12:43:30,844 [main] INFO  grpc.GrpcConfigKeys$Server (ConfUtils.java:logGet(43)) - raft.grpc.server.port = 0 (default)
2019-10-14 12:43:30,844 [main] INFO  server.GrpcService (ConfUtils.java:logGet(43)) - raft.grpc.message.size.max = 33570816 (custom)
2019-10-14 12:43:30,844 [main] INFO  server.RaftServerConfigKeys (ConfUtils.java:logGet(43)) - raft.server.log.appender.buffer.byte-limit = 33554432 (custom)
2019-10-14 12:43:30,844 [main] INFO  server.GrpcService (ConfUtils.java:logGet(43)) - raft.grpc.flow.control.window = 1MB (=1048576) (default)
2019-10-14 12:43:30,844 [main] INFO  server.RaftServerConfigKeys (ConfUtils.java:logGet(43)) - raft.server.rpc.request.timeout = 3000ms (default)
2019-10-14 12:43:30,845 [main] INFO  server.RaftServerConfigKeys (ConfUtils.java:logGet(43)) - raft.server.storage.dir = [/workdir/hadoop-ozone/integration-test/target/test-dir/MiniOzoneClusterImpl-5e97dea3-99a6-4a1a-83d8-52833a14f548/datanode-1/data/ratis] (custom)
2019-10-14 12:43:30,845 [main] INFO  hdfs.DFSUtil (DFSUtil.java:httpServerTemplateForNNAndJN(1641)) - Starting Web-server for hddsDatanode at: http://0.0.0.0:0
2019-10-14 12:43:30,846 [main] INFO  server.AuthenticationFilter (AuthenticationFilter.java:constructSecretProvider(240)) - Unable to initialize FileSignerSecretProvider, falling back to use random secrets.
2019-10-14 12:43:30,847 [main] WARN  http.HttpRequestLog (HttpRequestLog.java:getRequestLog(97)) - Jetty request log can only be enabled using Log4j
2019-10-14 12:43:30,848 [main] INFO  http.HttpServer2 (HttpServer2.java:addGlobalFilter(975)) - Added global filter 'safety' (class=org.apache.hadoop.http.HttpServer2$QuotingInputFilter)
2019-10-14 12:43:30,848 [main] INFO  http.HttpServer2 (HttpServer2.java:addFilter(948)) - Added filter static_user_filter (class=org.apache.hadoop.http.lib.StaticUserWebFilter$StaticUserFilter) to context hddsDatanode
2019-10-14 12:43:30,848 [main] INFO  http.HttpServer2 (HttpServer2.java:addFilter(958)) - Added filter static_user_filter (class=org.apache.hadoop.http.lib.StaticUserWebFilter$StaticUserFilter) to context logs
2019-10-14 12:43:30,848 [main] INFO  http.HttpServer2 (HttpServer2.java:addFilter(958)) - Added filter static_user_filter (class=org.apache.hadoop.http.lib.StaticUserWebFilter$StaticUserFilter) to context static
2019-10-14 12:43:30,849 [main] INFO  http.HttpServer2 (HttpServer2.java:bindListener(1191)) - Jetty bound to port 35933
2019-10-14 12:43:30,849 [main] INFO  server.Server (Server.java:doStart(351)) - jetty-9.3.25.v20180904, build timestamp: 2018-09-04T21:11:46Z, git hash: 3ce520221d0240229c862b122d2b06c12a625732
2019-10-14 12:43:30,851 [main] INFO  handler.ContextHandler (ContextHandler.java:doStart(781)) - Started o.e.j.s.ServletContextHandler@3a40bb52{/logs,file:///workdir/hadoop-ozone/integration-test/target/log,AVAILABLE}
2019-10-14 12:43:30,851 [main] INFO  handler.ContextHandler (ContextHandler.java:doStart(781)) - Started o.e.j.s.ServletContextHandler@1e2445f6{/static,jar:file:/home/user/.m2/repository/org/apache/hadoop/hadoop-hdds-container-service/0.5.0-SNAPSHOT/hadoop-hdds-container-service-0.5.0-SNAPSHOT.jar!/webapps/static,AVAILABLE}
2019-10-14 12:43:30,878 [main] INFO  handler.ContextHandler (ContextHandler.java:doStart(781)) - Started o.e.j.w.WebAppContext@404ced67{/,file:///tmp/jetty-0.0.0.0-35933-hddsDatanode-_-any-6340174011566858180.dir/webapp/,AVAILABLE}{/hddsDatanode}
2019-10-14 12:43:30,879 [main] INFO  server.AbstractConnector (AbstractConnector.java:doStart(278)) - Started ServerConnector@71531dd7{HTTP/1.1,[http/1.1]}{0.0.0.0:35933}
2019-10-14 12:43:30,879 [main] INFO  server.Server (Server.java:doStart(419)) - Started @588986ms
2019-10-14 12:43:30,880 [main] WARN  impl.MetricsSystemImpl (MetricsSystemImpl.java:register(276)) - Sink prometheus already exists!
2019-10-14 12:43:30,881 [main] INFO  server.BaseHttpServer (BaseHttpServer.java:updateConnectorAddress(215)) - HTTP server of HDDSDATANODE is listening at http://0.0.0.0:35933
2019-10-14 12:43:30,881 [main] INFO  impl.MetricsSystemImpl (MetricsSystemImpl.java:init(158)) - HddsDatanode metrics system started (again)
2019-10-14 12:43:30,885 [org.apache.hadoop.util.JvmPauseMonitor$Monitor@4d70917e] INFO  util.JvmPauseMonitor (JvmPauseMonitor.java:run(188)) - Starting JVM pause monitor
2019-10-14 12:43:30,885 [main] INFO  ozone.HddsDatanodeService (HddsDatanodeService.java:start(184)) - HddsDatanodeService host:pr-hdds-2299-hlwdq-549545603 ip:192.168.151.107
2019-10-14 12:43:30,886 [Datanode State Machine Thread - 0] INFO  datanode.InitDatanodeState (InitDatanodeState.java:persistContainerDatanodeDetails(140)) - DatanodeDetails is persisted to /workdir/hadoop-ozone/integration-test/target/test-dir/MiniOzoneClusterImpl-5e97dea3-99a6-4a1a-83d8-52833a14f548/datanode-1/meta/datanode.id
2019-10-14 12:43:30,892 [main] INFO  volume.HddsVolume (HddsVolume.java:<init>(176)) - Creating Volume: /workdir/hadoop-ozone/integration-test/target/test-dir/MiniOzoneClusterImpl-5e97dea3-99a6-4a1a-83d8-52833a14f548/datanode-2/data/containers/hdds of  storage type : DISK and capacity : 1482555576320
2019-10-14 12:43:30,892 [main] INFO  volume.VolumeSet (VolumeSet.java:initializeVolumeSet(170)) - Added Volume : /workdir/hadoop-ozone/integration-test/target/test-dir/MiniOzoneClusterImpl-5e97dea3-99a6-4a1a-83d8-52833a14f548/datanode-2/data/containers/hdds to VolumeSet
2019-10-14 12:43:30,893 [main] INFO  volume.ThrottledAsyncChecker (ThrottledAsyncChecker.java:schedule(141)) - Scheduling a check for org.apache.hadoop.ozone.container.common.volume.HddsVolume@61da0413
2019-10-14 12:43:30,893 [main] INFO  volume.HddsVolumeChecker (HddsVolumeChecker.java:checkAllVolumes(204)) - Scheduled health check for volume org.apache.hadoop.ozone.container.common.volume.HddsVolume@61da0413
2019-10-14 12:43:30,913 [main] INFO  impl.RaftServerProxy (ConfUtils.java:logGet(43)) - raft.rpc.type = GRPC (default)
2019-10-14 12:43:30,913 [main] INFO  grpc.GrpcFactory (GrpcFactory.java:checkPooledByteBufAllocatorUseCacheForAllThreads(45)) - PERFORMANCE WARNING: useCacheForAllThreads is true that may cause Netty to create a lot garbage objects and, as a result, trigger GC.
	It is recommended to disable useCacheForAllThreads by setting -Dorg.apache.ratis.thirdparty.io.netty.allocator.useCacheForAllThreads=false in command line.
2019-10-14 12:43:30,913 [main] INFO  grpc.GrpcConfigKeys$Server (ConfUtils.java:logGet(43)) - raft.grpc.server.port = 0 (default)
2019-10-14 12:43:30,913 [main] INFO  server.GrpcService (ConfUtils.java:logGet(43)) - raft.grpc.message.size.max = 33570816 (custom)
2019-10-14 12:43:30,914 [main] INFO  server.RaftServerConfigKeys (ConfUtils.java:logGet(43)) - raft.server.log.appender.buffer.byte-limit = 33554432 (custom)
2019-10-14 12:43:30,914 [main] INFO  server.GrpcService (ConfUtils.java:logGet(43)) - raft.grpc.flow.control.window = 1MB (=1048576) (default)
2019-10-14 12:43:30,914 [main] INFO  server.RaftServerConfigKeys (ConfUtils.java:logGet(43)) - raft.server.rpc.request.timeout = 3000ms (default)
2019-10-14 12:43:30,915 [main] INFO  server.RaftServerConfigKeys (ConfUtils.java:logGet(43)) - raft.server.storage.dir = [/workdir/hadoop-ozone/integration-test/target/test-dir/MiniOzoneClusterImpl-5e97dea3-99a6-4a1a-83d8-52833a14f548/datanode-2/data/ratis] (custom)
2019-10-14 12:43:30,916 [main] INFO  hdfs.DFSUtil (DFSUtil.java:httpServerTemplateForNNAndJN(1641)) - Starting Web-server for hddsDatanode at: http://0.0.0.0:0
2019-10-14 12:43:30,917 [main] INFO  server.AuthenticationFilter (AuthenticationFilter.java:constructSecretProvider(240)) - Unable to initialize FileSignerSecretProvider, falling back to use random secrets.
2019-10-14 12:43:30,918 [main] WARN  http.HttpRequestLog (HttpRequestLog.java:getRequestLog(97)) - Jetty request log can only be enabled using Log4j
2019-10-14 12:43:30,919 [main] INFO  http.HttpServer2 (HttpServer2.java:addGlobalFilter(975)) - Added global filter 'safety' (class=org.apache.hadoop.http.HttpServer2$QuotingInputFilter)
2019-10-14 12:43:30,919 [main] INFO  http.HttpServer2 (HttpServer2.java:addFilter(948)) - Added filter static_user_filter (class=org.apache.hadoop.http.lib.StaticUserWebFilter$StaticUserFilter) to context hddsDatanode
2019-10-14 12:43:30,920 [main] INFO  http.HttpServer2 (HttpServer2.java:addFilter(958)) - Added filter static_user_filter (class=org.apache.hadoop.http.lib.StaticUserWebFilter$StaticUserFilter) to context static
2019-10-14 12:43:30,920 [main] INFO  http.HttpServer2 (HttpServer2.java:addFilter(958)) - Added filter static_user_filter (class=org.apache.hadoop.http.lib.StaticUserWebFilter$StaticUserFilter) to context logs
2019-10-14 12:43:30,920 [main] INFO  http.HttpServer2 (HttpServer2.java:bindListener(1191)) - Jetty bound to port 34738
2019-10-14 12:43:30,921 [main] INFO  server.Server (Server.java:doStart(351)) - jetty-9.3.25.v20180904, build timestamp: 2018-09-04T21:11:46Z, git hash: 3ce520221d0240229c862b122d2b06c12a625732
2019-10-14 12:43:30,922 [main] INFO  handler.ContextHandler (ContextHandler.java:doStart(781)) - Started o.e.j.s.ServletContextHandler@2c8b8de0{/logs,file:///workdir/hadoop-ozone/integration-test/target/log,AVAILABLE}
2019-10-14 12:43:30,922 [main] INFO  handler.ContextHandler (ContextHandler.java:doStart(781)) - Started o.e.j.s.ServletContextHandler@6b063470{/static,jar:file:/home/user/.m2/repository/org/apache/hadoop/hadoop-hdds-container-service/0.5.0-SNAPSHOT/hadoop-hdds-container-service-0.5.0-SNAPSHOT.jar!/webapps/static,AVAILABLE}
2019-10-14 12:43:30,950 [main] INFO  handler.ContextHandler (ContextHandler.java:doStart(781)) - Started o.e.j.w.WebAppContext@c9b5a99{/,file:///tmp/jetty-0.0.0.0-34738-hddsDatanode-_-any-4007158160552094043.dir/webapp/,AVAILABLE}{/hddsDatanode}
2019-10-14 12:43:30,950 [main] INFO  server.AbstractConnector (AbstractConnector.java:doStart(278)) - Started ServerConnector@70be89ec{HTTP/1.1,[http/1.1]}{0.0.0.0:34738}
2019-10-14 12:43:30,951 [main] INFO  server.Server (Server.java:doStart(419)) - Started @589058ms
2019-10-14 12:43:30,952 [main] WARN  impl.MetricsSystemImpl (MetricsSystemImpl.java:register(276)) - Sink prometheus already exists!
2019-10-14 12:43:30,953 [main] INFO  server.BaseHttpServer (BaseHttpServer.java:updateConnectorAddress(215)) - HTTP server of HDDSDATANODE is listening at http://0.0.0.0:34738
2019-10-14 12:43:30,953 [main] INFO  impl.MetricsSystemImpl (MetricsSystemImpl.java:init(158)) - HddsDatanode metrics system started (again)
2019-10-14 12:43:30,957 [org.apache.hadoop.util.JvmPauseMonitor$Monitor@4999f5aa] INFO  util.JvmPauseMonitor (JvmPauseMonitor.java:run(188)) - Starting JVM pause monitor
2019-10-14 12:43:30,958 [main] INFO  ozone.HddsDatanodeService (HddsDatanodeService.java:start(184)) - HddsDatanodeService host:pr-hdds-2299-hlwdq-549545603 ip:192.168.151.107
2019-10-14 12:43:30,959 [Datanode State Machine Thread - 0] INFO  datanode.InitDatanodeState (InitDatanodeState.java:persistContainerDatanodeDetails(140)) - DatanodeDetails is persisted to /workdir/hadoop-ozone/integration-test/target/test-dir/MiniOzoneClusterImpl-5e97dea3-99a6-4a1a-83d8-52833a14f548/datanode-2/meta/datanode.id
2019-10-14 12:43:30,965 [main] INFO  volume.HddsVolume (HddsVolume.java:<init>(176)) - Creating Volume: /workdir/hadoop-ozone/integration-test/target/test-dir/MiniOzoneClusterImpl-5e97dea3-99a6-4a1a-83d8-52833a14f548/datanode-3/data/containers/hdds of  storage type : DISK and capacity : 1482555576320
2019-10-14 12:43:30,965 [main] INFO  volume.VolumeSet (VolumeSet.java:initializeVolumeSet(170)) - Added Volume : /workdir/hadoop-ozone/integration-test/target/test-dir/MiniOzoneClusterImpl-5e97dea3-99a6-4a1a-83d8-52833a14f548/datanode-3/data/containers/hdds to VolumeSet
2019-10-14 12:43:30,965 [main] INFO  volume.ThrottledAsyncChecker (ThrottledAsyncChecker.java:schedule(141)) - Scheduling a check for org.apache.hadoop.ozone.container.common.volume.HddsVolume@67c6f4d8
2019-10-14 12:43:30,965 [main] INFO  volume.HddsVolumeChecker (HddsVolumeChecker.java:checkAllVolumes(204)) - Scheduled health check for volume org.apache.hadoop.ozone.container.common.volume.HddsVolume@67c6f4d8
2019-10-14 12:43:30,982 [main] INFO  impl.RaftServerProxy (ConfUtils.java:logGet(43)) - raft.rpc.type = GRPC (default)
2019-10-14 12:43:30,983 [main] INFO  grpc.GrpcFactory (GrpcFactory.java:checkPooledByteBufAllocatorUseCacheForAllThreads(45)) - PERFORMANCE WARNING: useCacheForAllThreads is true that may cause Netty to create a lot garbage objects and, as a result, trigger GC.
	It is recommended to disable useCacheForAllThreads by setting -Dorg.apache.ratis.thirdparty.io.netty.allocator.useCacheForAllThreads=false in command line.
2019-10-14 12:43:30,983 [main] INFO  grpc.GrpcConfigKeys$Server (ConfUtils.java:logGet(43)) - raft.grpc.server.port = 0 (default)
2019-10-14 12:43:30,983 [main] INFO  server.GrpcService (ConfUtils.java:logGet(43)) - raft.grpc.message.size.max = 33570816 (custom)
2019-10-14 12:43:30,983 [main] INFO  server.RaftServerConfigKeys (ConfUtils.java:logGet(43)) - raft.server.log.appender.buffer.byte-limit = 33554432 (custom)
2019-10-14 12:43:30,984 [main] INFO  server.GrpcService (ConfUtils.java:logGet(43)) - raft.grpc.flow.control.window = 1MB (=1048576) (default)
2019-10-14 12:43:30,984 [main] INFO  server.RaftServerConfigKeys (ConfUtils.java:logGet(43)) - raft.server.rpc.request.timeout = 3000ms (default)
2019-10-14 12:43:30,984 [main] INFO  server.RaftServerConfigKeys (ConfUtils.java:logGet(43)) - raft.server.storage.dir = [/workdir/hadoop-ozone/integration-test/target/test-dir/MiniOzoneClusterImpl-5e97dea3-99a6-4a1a-83d8-52833a14f548/datanode-3/data/ratis] (custom)
2019-10-14 12:43:30,985 [main] INFO  hdfs.DFSUtil (DFSUtil.java:httpServerTemplateForNNAndJN(1641)) - Starting Web-server for hddsDatanode at: http://0.0.0.0:0
2019-10-14 12:43:30,987 [main] INFO  server.AuthenticationFilter (AuthenticationFilter.java:constructSecretProvider(240)) - Unable to initialize FileSignerSecretProvider, falling back to use random secrets.
2019-10-14 12:43:30,987 [main] WARN  http.HttpRequestLog (HttpRequestLog.java:getRequestLog(97)) - Jetty request log can only be enabled using Log4j
2019-10-14 12:43:30,989 [main] INFO  http.HttpServer2 (HttpServer2.java:addGlobalFilter(975)) - Added global filter 'safety' (class=org.apache.hadoop.http.HttpServer2$QuotingInputFilter)
2019-10-14 12:43:30,989 [main] INFO  http.HttpServer2 (HttpServer2.java:addFilter(948)) - Added filter static_user_filter (class=org.apache.hadoop.http.lib.StaticUserWebFilter$StaticUserFilter) to context hddsDatanode
2019-10-14 12:43:30,989 [main] INFO  http.HttpServer2 (HttpServer2.java:addFilter(958)) - Added filter static_user_filter (class=org.apache.hadoop.http.lib.StaticUserWebFilter$StaticUserFilter) to context static
2019-10-14 12:43:30,990 [main] INFO  http.HttpServer2 (HttpServer2.java:addFilter(958)) - Added filter static_user_filter (class=org.apache.hadoop.http.lib.StaticUserWebFilter$StaticUserFilter) to context logs
2019-10-14 12:43:30,990 [main] INFO  http.HttpServer2 (HttpServer2.java:bindListener(1191)) - Jetty bound to port 32786
2019-10-14 12:43:30,991 [main] INFO  server.Server (Server.java:doStart(351)) - jetty-9.3.25.v20180904, build timestamp: 2018-09-04T21:11:46Z, git hash: 3ce520221d0240229c862b122d2b06c12a625732
2019-10-14 12:43:30,992 [main] INFO  handler.ContextHandler (ContextHandler.java:doStart(781)) - Started o.e.j.s.ServletContextHandler@27ab206{/logs,file:///workdir/hadoop-ozone/integration-test/target/log,AVAILABLE}
2019-10-14 12:43:30,993 [main] INFO  handler.ContextHandler (ContextHandler.java:doStart(781)) - Started o.e.j.s.ServletContextHandler@6cc48a17{/static,jar:file:/home/user/.m2/repository/org/apache/hadoop/hadoop-hdds-container-service/0.5.0-SNAPSHOT/hadoop-hdds-container-service-0.5.0-SNAPSHOT.jar!/webapps/static,AVAILABLE}
2019-10-14 12:43:31,029 [main] INFO  handler.ContextHandler (ContextHandler.java:doStart(781)) - Started o.e.j.w.WebAppContext@5329f6b3{/,file:///tmp/jetty-0.0.0.0-32786-hddsDatanode-_-any-7750003323860561490.dir/webapp/,AVAILABLE}{/hddsDatanode}
2019-10-14 12:43:31,029 [main] INFO  server.AbstractConnector (AbstractConnector.java:doStart(278)) - Started ServerConnector@597d48ca{HTTP/1.1,[http/1.1]}{0.0.0.0:32786}
2019-10-14 12:43:31,031 [main] INFO  server.Server (Server.java:doStart(419)) - Started @589138ms
2019-10-14 12:43:31,031 [main] WARN  impl.MetricsSystemImpl (MetricsSystemImpl.java:register(276)) - Sink prometheus already exists!
2019-10-14 12:43:31,032 [main] INFO  server.BaseHttpServer (BaseHttpServer.java:updateConnectorAddress(215)) - HTTP server of HDDSDATANODE is listening at http://0.0.0.0:32786
2019-10-14 12:43:31,032 [main] INFO  impl.MetricsSystemImpl (MetricsSystemImpl.java:init(158)) - HddsDatanode metrics system started (again)
2019-10-14 12:43:31,037 [org.apache.hadoop.util.JvmPauseMonitor$Monitor@2691ec4f] INFO  util.JvmPauseMonitor (JvmPauseMonitor.java:run(188)) - Starting JVM pause monitor
2019-10-14 12:43:31,038 [main] INFO  ozone.HddsDatanodeService (HddsDatanodeService.java:start(184)) - HddsDatanodeService host:pr-hdds-2299-hlwdq-549545603 ip:192.168.151.107
2019-10-14 12:43:31,038 [Datanode State Machine Thread - 0] INFO  datanode.InitDatanodeState (InitDatanodeState.java:persistContainerDatanodeDetails(140)) - DatanodeDetails is persisted to /workdir/hadoop-ozone/integration-test/target/test-dir/MiniOzoneClusterImpl-5e97dea3-99a6-4a1a-83d8-52833a14f548/datanode-3/meta/datanode.id
2019-10-14 12:43:31,045 [main] INFO  volume.HddsVolume (HddsVolume.java:<init>(176)) - Creating Volume: /workdir/hadoop-ozone/integration-test/target/test-dir/MiniOzoneClusterImpl-5e97dea3-99a6-4a1a-83d8-52833a14f548/datanode-4/data/containers/hdds of  storage type : DISK and capacity : 1482555576320
2019-10-14 12:43:31,045 [main] INFO  volume.VolumeSet (VolumeSet.java:initializeVolumeSet(170)) - Added Volume : /workdir/hadoop-ozone/integration-test/target/test-dir/MiniOzoneClusterImpl-5e97dea3-99a6-4a1a-83d8-52833a14f548/datanode-4/data/containers/hdds to VolumeSet
2019-10-14 12:43:31,045 [main] INFO  volume.ThrottledAsyncChecker (ThrottledAsyncChecker.java:schedule(141)) - Scheduling a check for org.apache.hadoop.ozone.container.common.volume.HddsVolume@1b7554d4
2019-10-14 12:43:31,046 [main] INFO  volume.HddsVolumeChecker (HddsVolumeChecker.java:checkAllVolumes(204)) - Scheduled health check for volume org.apache.hadoop.ozone.container.common.volume.HddsVolume@1b7554d4
2019-10-14 12:43:31,061 [main] INFO  impl.RaftServerProxy (ConfUtils.java:logGet(43)) - raft.rpc.type = GRPC (default)
2019-10-14 12:43:31,061 [main] INFO  grpc.GrpcFactory (GrpcFactory.java:checkPooledByteBufAllocatorUseCacheForAllThreads(45)) - PERFORMANCE WARNING: useCacheForAllThreads is true that may cause Netty to create a lot garbage objects and, as a result, trigger GC.
	It is recommended to disable useCacheForAllThreads by setting -Dorg.apache.ratis.thirdparty.io.netty.allocator.useCacheForAllThreads=false in command line.
2019-10-14 12:43:31,061 [main] INFO  grpc.GrpcConfigKeys$Server (ConfUtils.java:logGet(43)) - raft.grpc.server.port = 0 (default)
2019-10-14 12:43:31,061 [main] INFO  server.GrpcService (ConfUtils.java:logGet(43)) - raft.grpc.message.size.max = 33570816 (custom)
2019-10-14 12:43:31,061 [main] INFO  server.RaftServerConfigKeys (ConfUtils.java:logGet(43)) - raft.server.log.appender.buffer.byte-limit = 33554432 (custom)
2019-10-14 12:43:31,062 [main] INFO  server.GrpcService (ConfUtils.java:logGet(43)) - raft.grpc.flow.control.window = 1MB (=1048576) (default)
2019-10-14 12:43:31,062 [main] INFO  server.RaftServerConfigKeys (ConfUtils.java:logGet(43)) - raft.server.rpc.request.timeout = 3000ms (default)
2019-10-14 12:43:31,062 [main] INFO  server.RaftServerConfigKeys (ConfUtils.java:logGet(43)) - raft.server.storage.dir = [/workdir/hadoop-ozone/integration-test/target/test-dir/MiniOzoneClusterImpl-5e97dea3-99a6-4a1a-83d8-52833a14f548/datanode-4/data/ratis] (custom)
2019-10-14 12:43:31,063 [main] INFO  hdfs.DFSUtil (DFSUtil.java:httpServerTemplateForNNAndJN(1641)) - Starting Web-server for hddsDatanode at: http://0.0.0.0:0
2019-10-14 12:43:31,064 [main] INFO  server.AuthenticationFilter (AuthenticationFilter.java:constructSecretProvider(240)) - Unable to initialize FileSignerSecretProvider, falling back to use random secrets.
2019-10-14 12:43:31,064 [main] WARN  http.HttpRequestLog (HttpRequestLog.java:getRequestLog(97)) - Jetty request log can only be enabled using Log4j
2019-10-14 12:43:31,066 [main] INFO  http.HttpServer2 (HttpServer2.java:addGlobalFilter(975)) - Added global filter 'safety' (class=org.apache.hadoop.http.HttpServer2$QuotingInputFilter)
2019-10-14 12:43:31,066 [main] INFO  http.HttpServer2 (HttpServer2.java:addFilter(948)) - Added filter static_user_filter (class=org.apache.hadoop.http.lib.StaticUserWebFilter$StaticUserFilter) to context hddsDatanode
2019-10-14 12:43:31,066 [main] INFO  http.HttpServer2 (HttpServer2.java:addFilter(958)) - Added filter static_user_filter (class=org.apache.hadoop.http.lib.StaticUserWebFilter$StaticUserFilter) to context static
2019-10-14 12:43:31,067 [main] INFO  http.HttpServer2 (HttpServer2.java:addFilter(958)) - Added filter static_user_filter (class=org.apache.hadoop.http.lib.StaticUserWebFilter$StaticUserFilter) to context logs
2019-10-14 12:43:31,067 [main] INFO  http.HttpServer2 (HttpServer2.java:bindListener(1191)) - Jetty bound to port 35500
2019-10-14 12:43:31,067 [main] INFO  server.Server (Server.java:doStart(351)) - jetty-9.3.25.v20180904, build timestamp: 2018-09-04T21:11:46Z, git hash: 3ce520221d0240229c862b122d2b06c12a625732
2019-10-14 12:43:31,069 [main] INFO  handler.ContextHandler (ContextHandler.java:doStart(781)) - Started o.e.j.s.ServletContextHandler@54ccb3{/logs,file:///workdir/hadoop-ozone/integration-test/target/log,AVAILABLE}
2019-10-14 12:43:31,069 [main] INFO  handler.ContextHandler (ContextHandler.java:doStart(781)) - Started o.e.j.s.ServletContextHandler@621f23ac{/static,jar:file:/home/user/.m2/repository/org/apache/hadoop/hadoop-hdds-container-service/0.5.0-SNAPSHOT/hadoop-hdds-container-service-0.5.0-SNAPSHOT.jar!/webapps/static,AVAILABLE}
2019-10-14 12:43:31,097 [main] INFO  handler.ContextHandler (ContextHandler.java:doStart(781)) - Started o.e.j.w.WebAppContext@2a99ca99{/,file:///tmp/jetty-0.0.0.0-35500-hddsDatanode-_-any-4839959316465441835.dir/webapp/,AVAILABLE}{/hddsDatanode}
2019-10-14 12:43:31,098 [main] INFO  server.AbstractConnector (AbstractConnector.java:doStart(278)) - Started ServerConnector@39f0c343{HTTP/1.1,[http/1.1]}{0.0.0.0:35500}
2019-10-14 12:43:31,098 [main] INFO  server.Server (Server.java:doStart(419)) - Started @589205ms
2019-10-14 12:43:31,099 [main] WARN  impl.MetricsSystemImpl (MetricsSystemImpl.java:register(276)) - Sink prometheus already exists!
2019-10-14 12:43:31,100 [main] INFO  server.BaseHttpServer (BaseHttpServer.java:updateConnectorAddress(215)) - HTTP server of HDDSDATANODE is listening at http://0.0.0.0:35500
2019-10-14 12:43:31,100 [main] INFO  impl.MetricsSystemImpl (MetricsSystemImpl.java:init(158)) - HddsDatanode metrics system started (again)
2019-10-14 12:43:31,105 [org.apache.hadoop.util.JvmPauseMonitor$Monitor@13662eca] INFO  util.JvmPauseMonitor (JvmPauseMonitor.java:run(188)) - Starting JVM pause monitor
2019-10-14 12:43:31,106 [main] INFO  ozone.HddsDatanodeService (HddsDatanodeService.java:start(184)) - HddsDatanodeService host:pr-hdds-2299-hlwdq-549545603 ip:192.168.151.107
2019-10-14 12:43:31,107 [Datanode State Machine Thread - 0] INFO  datanode.InitDatanodeState (InitDatanodeState.java:persistContainerDatanodeDetails(140)) - DatanodeDetails is persisted to /workdir/hadoop-ozone/integration-test/target/test-dir/MiniOzoneClusterImpl-5e97dea3-99a6-4a1a-83d8-52833a14f548/datanode-4/meta/datanode.id
2019-10-14 12:43:31,113 [main] INFO  volume.HddsVolume (HddsVolume.java:<init>(176)) - Creating Volume: /workdir/hadoop-ozone/integration-test/target/test-dir/MiniOzoneClusterImpl-5e97dea3-99a6-4a1a-83d8-52833a14f548/datanode-5/data/containers/hdds of  storage type : DISK and capacity : 1482555576320
2019-10-14 12:43:31,113 [main] INFO  volume.VolumeSet (VolumeSet.java:initializeVolumeSet(170)) - Added Volume : /workdir/hadoop-ozone/integration-test/target/test-dir/MiniOzoneClusterImpl-5e97dea3-99a6-4a1a-83d8-52833a14f548/datanode-5/data/containers/hdds to VolumeSet
2019-10-14 12:43:31,113 [main] INFO  volume.ThrottledAsyncChecker (ThrottledAsyncChecker.java:schedule(141)) - Scheduling a check for org.apache.hadoop.ozone.container.common.volume.HddsVolume@7ec3a8bd
2019-10-14 12:43:31,114 [main] INFO  volume.HddsVolumeChecker (HddsVolumeChecker.java:checkAllVolumes(204)) - Scheduled health check for volume org.apache.hadoop.ozone.container.common.volume.HddsVolume@7ec3a8bd
2019-10-14 12:43:31,126 [main] INFO  impl.RaftServerProxy (ConfUtils.java:logGet(43)) - raft.rpc.type = GRPC (default)
2019-10-14 12:43:31,126 [main] INFO  grpc.GrpcFactory (GrpcFactory.java:checkPooledByteBufAllocatorUseCacheForAllThreads(45)) - PERFORMANCE WARNING: useCacheForAllThreads is true that may cause Netty to create a lot garbage objects and, as a result, trigger GC.
	It is recommended to disable useCacheForAllThreads by setting -Dorg.apache.ratis.thirdparty.io.netty.allocator.useCacheForAllThreads=false in command line.
2019-10-14 12:43:31,127 [main] INFO  grpc.GrpcConfigKeys$Server (ConfUtils.java:logGet(43)) - raft.grpc.server.port = 0 (default)
2019-10-14 12:43:31,127 [main] INFO  server.GrpcService (ConfUtils.java:logGet(43)) - raft.grpc.message.size.max = 33570816 (custom)
2019-10-14 12:43:31,127 [main] INFO  server.RaftServerConfigKeys (ConfUtils.java:logGet(43)) - raft.server.log.appender.buffer.byte-limit = 33554432 (custom)
2019-10-14 12:43:31,127 [main] INFO  server.GrpcService (ConfUtils.java:logGet(43)) - raft.grpc.flow.control.window = 1MB (=1048576) (default)
2019-10-14 12:43:31,127 [main] INFO  server.RaftServerConfigKeys (ConfUtils.java:logGet(43)) - raft.server.rpc.request.timeout = 3000ms (default)
2019-10-14 12:43:31,128 [main] INFO  server.RaftServerConfigKeys (ConfUtils.java:logGet(43)) - raft.server.storage.dir = [/workdir/hadoop-ozone/integration-test/target/test-dir/MiniOzoneClusterImpl-5e97dea3-99a6-4a1a-83d8-52833a14f548/datanode-5/data/ratis] (custom)
2019-10-14 12:43:31,129 [main] INFO  hdfs.DFSUtil (DFSUtil.java:httpServerTemplateForNNAndJN(1641)) - Starting Web-server for hddsDatanode at: http://0.0.0.0:0
2019-10-14 12:43:31,130 [main] INFO  server.AuthenticationFilter (AuthenticationFilter.java:constructSecretProvider(240)) - Unable to initialize FileSignerSecretProvider, falling back to use random secrets.
2019-10-14 12:43:31,130 [main] WARN  http.HttpRequestLog (HttpRequestLog.java:getRequestLog(97)) - Jetty request log can only be enabled using Log4j
2019-10-14 12:43:31,131 [main] INFO  http.HttpServer2 (HttpServer2.java:addGlobalFilter(975)) - Added global filter 'safety' (class=org.apache.hadoop.http.HttpServer2$QuotingInputFilter)
2019-10-14 12:43:31,132 [main] INFO  http.HttpServer2 (HttpServer2.java:addFilter(948)) - Added filter static_user_filter (class=org.apache.hadoop.http.lib.StaticUserWebFilter$StaticUserFilter) to context hddsDatanode
2019-10-14 12:43:31,132 [main] INFO  http.HttpServer2 (HttpServer2.java:addFilter(958)) - Added filter static_user_filter (class=org.apache.hadoop.http.lib.StaticUserWebFilter$StaticUserFilter) to context logs
2019-10-14 12:43:31,132 [main] INFO  http.HttpServer2 (HttpServer2.java:addFilter(958)) - Added filter static_user_filter (class=org.apache.hadoop.http.lib.StaticUserWebFilter$StaticUserFilter) to context static
2019-10-14 12:43:31,132 [main] INFO  http.HttpServer2 (HttpServer2.java:bindListener(1191)) - Jetty bound to port 38041
2019-10-14 12:43:31,133 [main] INFO  server.Server (Server.java:doStart(351)) - jetty-9.3.25.v20180904, build timestamp: 2018-09-04T21:11:46Z, git hash: 3ce520221d0240229c862b122d2b06c12a625732
2019-10-14 12:43:31,134 [main] INFO  handler.ContextHandler (ContextHandler.java:doStart(781)) - Started o.e.j.s.ServletContextHandler@aa1bb14{/logs,file:///workdir/hadoop-ozone/integration-test/target/log,AVAILABLE}
2019-10-14 12:43:31,134 [main] INFO  handler.ContextHandler (ContextHandler.java:doStart(781)) - Started o.e.j.s.ServletContextHandler@4c635edc{/static,jar:file:/home/user/.m2/repository/org/apache/hadoop/hadoop-hdds-container-service/0.5.0-SNAPSHOT/hadoop-hdds-container-service-0.5.0-SNAPSHOT.jar!/webapps/static,AVAILABLE}
2019-10-14 12:43:31,162 [main] INFO  handler.ContextHandler (ContextHandler.java:doStart(781)) - Started o.e.j.w.WebAppContext@62cf6a84{/,file:///tmp/jetty-0.0.0.0-38041-hddsDatanode-_-any-4286082925108432523.dir/webapp/,AVAILABLE}{/hddsDatanode}
2019-10-14 12:43:31,163 [main] INFO  server.AbstractConnector (AbstractConnector.java:doStart(278)) - Started ServerConnector@204d9edf{HTTP/1.1,[http/1.1]}{0.0.0.0:38041}
2019-10-14 12:43:31,164 [main] INFO  server.Server (Server.java:doStart(419)) - Started @589272ms
2019-10-14 12:43:31,165 [main] WARN  impl.MetricsSystemImpl (MetricsSystemImpl.java:register(276)) - Sink prometheus already exists!
2019-10-14 12:43:31,165 [main] INFO  server.BaseHttpServer (BaseHttpServer.java:updateConnectorAddress(215)) - HTTP server of HDDSDATANODE is listening at http://0.0.0.0:38041
2019-10-14 12:43:31,165 [main] INFO  impl.MetricsSystemImpl (MetricsSystemImpl.java:init(158)) - HddsDatanode metrics system started (again)
2019-10-14 12:43:31,171 [org.apache.hadoop.util.JvmPauseMonitor$Monitor@584c1b77] INFO  util.JvmPauseMonitor (JvmPauseMonitor.java:run(188)) - Starting JVM pause monitor
2019-10-14 12:43:31,171 [main] INFO  ozone.HddsDatanodeService (HddsDatanodeService.java:start(184)) - HddsDatanodeService host:pr-hdds-2299-hlwdq-549545603 ip:192.168.151.107
2019-10-14 12:43:31,172 [Datanode State Machine Thread - 0] INFO  datanode.InitDatanodeState (InitDatanodeState.java:persistContainerDatanodeDetails(140)) - DatanodeDetails is persisted to /workdir/hadoop-ozone/integration-test/target/test-dir/MiniOzoneClusterImpl-5e97dea3-99a6-4a1a-83d8-52833a14f548/datanode-5/meta/datanode.id
2019-10-14 12:43:31,179 [main] INFO  volume.HddsVolume (HddsVolume.java:<init>(176)) - Creating Volume: /workdir/hadoop-ozone/integration-test/target/test-dir/MiniOzoneClusterImpl-5e97dea3-99a6-4a1a-83d8-52833a14f548/datanode-6/data/containers/hdds of  storage type : DISK and capacity : 1482555576320
2019-10-14 12:43:31,179 [main] INFO  volume.VolumeSet (VolumeSet.java:initializeVolumeSet(170)) - Added Volume : /workdir/hadoop-ozone/integration-test/target/test-dir/MiniOzoneClusterImpl-5e97dea3-99a6-4a1a-83d8-52833a14f548/datanode-6/data/containers/hdds to VolumeSet
2019-10-14 12:43:31,179 [main] INFO  volume.ThrottledAsyncChecker (ThrottledAsyncChecker.java:schedule(141)) - Scheduling a check for org.apache.hadoop.ozone.container.common.volume.HddsVolume@736b21ee
2019-10-14 12:43:31,180 [main] INFO  volume.HddsVolumeChecker (HddsVolumeChecker.java:checkAllVolumes(204)) - Scheduled health check for volume org.apache.hadoop.ozone.container.common.volume.HddsVolume@736b21ee
2019-10-14 12:43:31,195 [main] INFO  impl.RaftServerProxy (ConfUtils.java:logGet(43)) - raft.rpc.type = GRPC (default)
2019-10-14 12:43:31,195 [main] INFO  grpc.GrpcFactory (GrpcFactory.java:checkPooledByteBufAllocatorUseCacheForAllThreads(45)) - PERFORMANCE WARNING: useCacheForAllThreads is true that may cause Netty to create a lot garbage objects and, as a result, trigger GC.
	It is recommended to disable useCacheForAllThreads by setting -Dorg.apache.ratis.thirdparty.io.netty.allocator.useCacheForAllThreads=false in command line.
2019-10-14 12:43:31,195 [main] INFO  grpc.GrpcConfigKeys$Server (ConfUtils.java:logGet(43)) - raft.grpc.server.port = 0 (default)
2019-10-14 12:43:31,195 [main] INFO  server.GrpcService (ConfUtils.java:logGet(43)) - raft.grpc.message.size.max = 33570816 (custom)
2019-10-14 12:43:31,195 [main] INFO  server.RaftServerConfigKeys (ConfUtils.java:logGet(43)) - raft.server.log.appender.buffer.byte-limit = 33554432 (custom)
2019-10-14 12:43:31,196 [main] INFO  server.GrpcService (ConfUtils.java:logGet(43)) - raft.grpc.flow.control.window = 1MB (=1048576) (default)
2019-10-14 12:43:31,196 [main] INFO  server.RaftServerConfigKeys (ConfUtils.java:logGet(43)) - raft.server.rpc.request.timeout = 3000ms (default)
2019-10-14 12:43:31,196 [main] INFO  server.RaftServerConfigKeys (ConfUtils.java:logGet(43)) - raft.server.storage.dir = [/workdir/hadoop-ozone/integration-test/target/test-dir/MiniOzoneClusterImpl-5e97dea3-99a6-4a1a-83d8-52833a14f548/datanode-6/data/ratis] (custom)
2019-10-14 12:43:31,197 [main] INFO  hdfs.DFSUtil (DFSUtil.java:httpServerTemplateForNNAndJN(1641)) - Starting Web-server for hddsDatanode at: http://0.0.0.0:0
2019-10-14 12:43:31,198 [main] INFO  server.AuthenticationFilter (AuthenticationFilter.java:constructSecretProvider(240)) - Unable to initialize FileSignerSecretProvider, falling back to use random secrets.
2019-10-14 12:43:31,199 [main] WARN  http.HttpRequestLog (HttpRequestLog.java:getRequestLog(97)) - Jetty request log can only be enabled using Log4j
2019-10-14 12:43:31,200 [main] INFO  http.HttpServer2 (HttpServer2.java:addGlobalFilter(975)) - Added global filter 'safety' (class=org.apache.hadoop.http.HttpServer2$QuotingInputFilter)
2019-10-14 12:43:31,201 [main] INFO  http.HttpServer2 (HttpServer2.java:addFilter(948)) - Added filter static_user_filter (class=org.apache.hadoop.http.lib.StaticUserWebFilter$StaticUserFilter) to context hddsDatanode
2019-10-14 12:43:31,201 [main] INFO  http.HttpServer2 (HttpServer2.java:addFilter(958)) - Added filter static_user_filter (class=org.apache.hadoop.http.lib.StaticUserWebFilter$StaticUserFilter) to context logs
2019-10-14 12:43:31,201 [main] INFO  http.HttpServer2 (HttpServer2.java:addFilter(958)) - Added filter static_user_filter (class=org.apache.hadoop.http.lib.StaticUserWebFilter$StaticUserFilter) to context static
2019-10-14 12:43:31,201 [main] INFO  http.HttpServer2 (HttpServer2.java:bindListener(1191)) - Jetty bound to port 38367
2019-10-14 12:43:31,201 [main] INFO  server.Server (Server.java:doStart(351)) - jetty-9.3.25.v20180904, build timestamp: 2018-09-04T21:11:46Z, git hash: 3ce520221d0240229c862b122d2b06c12a625732
2019-10-14 12:43:31,203 [main] INFO  handler.ContextHandler (ContextHandler.java:doStart(781)) - Started o.e.j.s.ServletContextHandler@36510e73{/logs,file:///workdir/hadoop-ozone/integration-test/target/log,AVAILABLE}
2019-10-14 12:43:31,203 [main] INFO  handler.ContextHandler (ContextHandler.java:doStart(781)) - Started o.e.j.s.ServletContextHandler@5d2a86c0{/static,jar:file:/home/user/.m2/repository/org/apache/hadoop/hadoop-hdds-container-service/0.5.0-SNAPSHOT/hadoop-hdds-container-service-0.5.0-SNAPSHOT.jar!/webapps/static,AVAILABLE}
2019-10-14 12:43:31,231 [main] INFO  handler.ContextHandler (ContextHandler.java:doStart(781)) - Started o.e.j.w.WebAppContext@1537e43{/,file:///tmp/jetty-0.0.0.0-38367-hddsDatanode-_-any-7087903400434708323.dir/webapp/,AVAILABLE}{/hddsDatanode}
2019-10-14 12:43:31,232 [main] INFO  server.AbstractConnector (AbstractConnector.java:doStart(278)) - Started ServerConnector@573aeab2{HTTP/1.1,[http/1.1]}{0.0.0.0:38367}
2019-10-14 12:43:31,232 [main] INFO  server.Server (Server.java:doStart(419)) - Started @589339ms
2019-10-14 12:43:31,238 [main] WARN  impl.MetricsSystemImpl (MetricsSystemImpl.java:register(276)) - Sink prometheus already exists!
2019-10-14 12:43:31,239 [main] INFO  server.BaseHttpServer (BaseHttpServer.java:updateConnectorAddress(215)) - HTTP server of HDDSDATANODE is listening at http://0.0.0.0:38367
2019-10-14 12:43:31,239 [main] INFO  ozone.MiniOzoneClusterImpl (MiniOzoneClusterImpl.java:lambda$waitForClusterToBeReady$0(147)) - Waiting for cluster to be ready. Got 0 of 7 DN Heartbeats.
2019-10-14 12:43:31,240 [org.apache.hadoop.util.JvmPauseMonitor$Monitor@6f7d22b9] INFO  util.JvmPauseMonitor (JvmPauseMonitor.java:run(188)) - Starting JVM pause monitor
2019-10-14 12:43:31,242 [Datanode State Machine Thread - 0] INFO  datanode.InitDatanodeState (InitDatanodeState.java:persistContainerDatanodeDetails(140)) - DatanodeDetails is persisted to /workdir/hadoop-ozone/integration-test/target/test-dir/MiniOzoneClusterImpl-5e97dea3-99a6-4a1a-83d8-52833a14f548/datanode-6/meta/datanode.id
2019-10-14 12:43:32,239 [main] INFO  ozone.MiniOzoneClusterImpl (MiniOzoneClusterImpl.java:lambda$waitForClusterToBeReady$0(147)) - Waiting for cluster to be ready. Got 0 of 7 DN Heartbeats.
2019-10-14 12:43:32,853 [Datanode State Machine Thread - 0] INFO  ozoneimpl.OzoneContainer (OzoneContainer.java:start(213)) - Attempting to start container services.
2019-10-14 12:43:32,854 [Datanode State Machine Thread - 0] INFO  ozoneimpl.OzoneContainer (OzoneContainer.java:startContainerScrub(177)) - Background container scanner has been disabled.
2019-10-14 12:43:32,854 [Datanode State Machine Thread - 0] INFO  ratis.XceiverServerRatis (XceiverServerRatis.java:start(418)) - Starting XceiverServerRatis f415a011-bf04-42a9-bfe4-a2c91d6dceb5 at port 0
2019-10-14 12:43:32,862 [Datanode State Machine Thread - 0] INFO  impl.RaftServerProxy (RaftServerProxy.java:lambda$start$3(299)) - f415a011-bf04-42a9-bfe4-a2c91d6dceb5: start RPC server
2019-10-14 12:43:32,864 [Datanode State Machine Thread - 0] INFO  server.GrpcService (GrpcService.java:startImpl(158)) - f415a011-bf04-42a9-bfe4-a2c91d6dceb5: GrpcService started, listening on 0.0.0.0/0.0.0.0:42142
2019-10-14 12:43:32,864 [Datanode State Machine Thread - 0] INFO  ratis.XceiverServerRatis (XceiverServerRatis.java:start(428)) - XceiverServerRatis f415a011-bf04-42a9-bfe4-a2c91d6dceb5 is started using port 42142
2019-10-14 12:43:32,878 [Datanode State Machine Thread - 0] INFO  server.XceiverServerGrpc (XceiverServerGrpc.java:start(149)) - XceiverServerGrpc f415a011-bf04-42a9-bfe4-a2c91d6dceb5 is started using port 33529
2019-10-14 12:43:32,903 [Datanode State Machine Thread - 0] INFO  ozoneimpl.OzoneContainer (OzoneContainer.java:start(213)) - Attempting to start container services.
2019-10-14 12:43:32,903 [Datanode State Machine Thread - 0] INFO  ozoneimpl.OzoneContainer (OzoneContainer.java:startContainerScrub(177)) - Background container scanner has been disabled.
2019-10-14 12:43:32,904 [Datanode State Machine Thread - 0] INFO  ratis.XceiverServerRatis (XceiverServerRatis.java:start(418)) - Starting XceiverServerRatis 318f8cfb-a2bd-4d9d-9aa9-de47c092d73d at port 0
2019-10-14 12:43:32,911 [Datanode State Machine Thread - 0] INFO  impl.RaftServerProxy (RaftServerProxy.java:lambda$start$3(299)) - 318f8cfb-a2bd-4d9d-9aa9-de47c092d73d: start RPC server
2019-10-14 12:43:32,914 [Datanode State Machine Thread - 0] INFO  server.GrpcService (GrpcService.java:startImpl(158)) - 318f8cfb-a2bd-4d9d-9aa9-de47c092d73d: GrpcService started, listening on 0.0.0.0/0.0.0.0:44952
2019-10-14 12:43:32,914 [Datanode State Machine Thread - 0] INFO  ratis.XceiverServerRatis (XceiverServerRatis.java:start(428)) - XceiverServerRatis 318f8cfb-a2bd-4d9d-9aa9-de47c092d73d is started using port 44952
2019-10-14 12:43:32,916 [Datanode State Machine Thread - 0] INFO  server.XceiverServerGrpc (XceiverServerGrpc.java:start(149)) - XceiverServerGrpc 318f8cfb-a2bd-4d9d-9aa9-de47c092d73d is started using port 43932
2019-10-14 12:43:32,972 [Datanode State Machine Thread - 0] INFO  ozoneimpl.OzoneContainer (OzoneContainer.java:start(213)) - Attempting to start container services.
2019-10-14 12:43:32,972 [Datanode State Machine Thread - 0] INFO  ozoneimpl.OzoneContainer (OzoneContainer.java:startContainerScrub(177)) - Background container scanner has been disabled.
2019-10-14 12:43:32,972 [Datanode State Machine Thread - 0] INFO  ratis.XceiverServerRatis (XceiverServerRatis.java:start(418)) - Starting XceiverServerRatis 94b64f22-133c-45ad-ad28-450bbaa44dd0 at port 0
2019-10-14 12:43:32,980 [Datanode State Machine Thread - 0] INFO  impl.RaftServerProxy (RaftServerProxy.java:lambda$start$3(299)) - 94b64f22-133c-45ad-ad28-450bbaa44dd0: start RPC server
2019-10-14 12:43:32,981 [Datanode State Machine Thread - 0] INFO  server.GrpcService (GrpcService.java:startImpl(158)) - 94b64f22-133c-45ad-ad28-450bbaa44dd0: GrpcService started, listening on 0.0.0.0/0.0.0.0:43410
2019-10-14 12:43:32,981 [Datanode State Machine Thread - 0] INFO  ratis.XceiverServerRatis (XceiverServerRatis.java:start(428)) - XceiverServerRatis 94b64f22-133c-45ad-ad28-450bbaa44dd0 is started using port 43410
2019-10-14 12:43:32,981 [Datanode State Machine Thread - 0] INFO  server.XceiverServerGrpc (XceiverServerGrpc.java:start(149)) - XceiverServerGrpc 94b64f22-133c-45ad-ad28-450bbaa44dd0 is started using port 44474
2019-10-14 12:43:33,062 [Datanode State Machine Thread - 0] INFO  ozoneimpl.OzoneContainer (OzoneContainer.java:start(213)) - Attempting to start container services.
2019-10-14 12:43:33,062 [Datanode State Machine Thread - 0] INFO  ozoneimpl.OzoneContainer (OzoneContainer.java:startContainerScrub(177)) - Background container scanner has been disabled.
2019-10-14 12:43:33,063 [Datanode State Machine Thread - 0] INFO  ratis.XceiverServerRatis (XceiverServerRatis.java:start(418)) - Starting XceiverServerRatis 8a8ff637-77fd-447d-9d9b-3a3b1f3f2542 at port 0
2019-10-14 12:43:33,070 [Datanode State Machine Thread - 0] INFO  impl.RaftServerProxy (RaftServerProxy.java:lambda$start$3(299)) - 8a8ff637-77fd-447d-9d9b-3a3b1f3f2542: start RPC server
2019-10-14 12:43:33,073 [Datanode State Machine Thread - 0] INFO  server.GrpcService (GrpcService.java:startImpl(158)) - 8a8ff637-77fd-447d-9d9b-3a3b1f3f2542: GrpcService started, listening on 0.0.0.0/0.0.0.0:45707
2019-10-14 12:43:33,073 [Datanode State Machine Thread - 0] INFO  ratis.XceiverServerRatis (XceiverServerRatis.java:start(428)) - XceiverServerRatis 8a8ff637-77fd-447d-9d9b-3a3b1f3f2542 is started using port 45707
2019-10-14 12:43:33,074 [Datanode State Machine Thread - 0] INFO  server.XceiverServerGrpc (XceiverServerGrpc.java:start(149)) - XceiverServerGrpc 8a8ff637-77fd-447d-9d9b-3a3b1f3f2542 is started using port 45613
2019-10-14 12:43:33,120 [Datanode State Machine Thread - 0] INFO  ozoneimpl.OzoneContainer (OzoneContainer.java:start(213)) - Attempting to start container services.
2019-10-14 12:43:33,120 [Datanode State Machine Thread - 0] INFO  ozoneimpl.OzoneContainer (OzoneContainer.java:startContainerScrub(177)) - Background container scanner has been disabled.
2019-10-14 12:43:33,120 [Datanode State Machine Thread - 0] INFO  ratis.XceiverServerRatis (XceiverServerRatis.java:start(418)) - Starting XceiverServerRatis 3d3c9ba1-31bc-4814-8b33-081f8b7ff4a0 at port 0
2019-10-14 12:43:33,128 [Datanode State Machine Thread - 0] INFO  impl.RaftServerProxy (RaftServerProxy.java:lambda$start$3(299)) - 3d3c9ba1-31bc-4814-8b33-081f8b7ff4a0: start RPC server
2019-10-14 12:43:33,129 [Datanode State Machine Thread - 0] INFO  server.GrpcService (GrpcService.java:startImpl(158)) - 3d3c9ba1-31bc-4814-8b33-081f8b7ff4a0: GrpcService started, listening on 0.0.0.0/0.0.0.0:44563
2019-10-14 12:43:33,129 [Datanode State Machine Thread - 0] INFO  ratis.XceiverServerRatis (XceiverServerRatis.java:start(428)) - XceiverServerRatis 3d3c9ba1-31bc-4814-8b33-081f8b7ff4a0 is started using port 44563
2019-10-14 12:43:33,131 [Datanode State Machine Thread - 0] INFO  server.XceiverServerGrpc (XceiverServerGrpc.java:start(149)) - XceiverServerGrpc 3d3c9ba1-31bc-4814-8b33-081f8b7ff4a0 is started using port 46602
2019-10-14 12:43:33,184 [Datanode State Machine Thread - 0] INFO  ozoneimpl.OzoneContainer (OzoneContainer.java:start(213)) - Attempting to start container services.
2019-10-14 12:43:33,184 [Datanode State Machine Thread - 0] INFO  ozoneimpl.OzoneContainer (OzoneContainer.java:startContainerScrub(177)) - Background container scanner has been disabled.
2019-10-14 12:43:33,184 [Datanode State Machine Thread - 0] INFO  ratis.XceiverServerRatis (XceiverServerRatis.java:start(418)) - Starting XceiverServerRatis 8eca786c-f17c-46c4-a407-e9e275d1403c at port 0
2019-10-14 12:43:33,192 [Datanode State Machine Thread - 0] INFO  impl.RaftServerProxy (RaftServerProxy.java:lambda$start$3(299)) - 8eca786c-f17c-46c4-a407-e9e275d1403c: start RPC server
2019-10-14 12:43:33,194 [Datanode State Machine Thread - 0] INFO  server.GrpcService (GrpcService.java:startImpl(158)) - 8eca786c-f17c-46c4-a407-e9e275d1403c: GrpcService started, listening on 0.0.0.0/0.0.0.0:44578
2019-10-14 12:43:33,194 [Datanode State Machine Thread - 0] INFO  ratis.XceiverServerRatis (XceiverServerRatis.java:start(428)) - XceiverServerRatis 8eca786c-f17c-46c4-a407-e9e275d1403c is started using port 44578
2019-10-14 12:43:33,196 [Datanode State Machine Thread - 0] INFO  server.XceiverServerGrpc (XceiverServerGrpc.java:start(149)) - XceiverServerGrpc 8eca786c-f17c-46c4-a407-e9e275d1403c is started using port 46439
2019-10-14 12:43:33,240 [main] INFO  ozone.MiniOzoneClusterImpl (MiniOzoneClusterImpl.java:lambda$waitForClusterToBeReady$0(147)) - Waiting for cluster to be ready. Got 0 of 7 DN Heartbeats.
2019-10-14 12:43:33,257 [Datanode State Machine Thread - 0] INFO  ozoneimpl.OzoneContainer (OzoneContainer.java:start(213)) - Attempting to start container services.
2019-10-14 12:43:33,257 [Datanode State Machine Thread - 0] INFO  ozoneimpl.OzoneContainer (OzoneContainer.java:startContainerScrub(177)) - Background container scanner has been disabled.
2019-10-14 12:43:33,257 [Datanode State Machine Thread - 0] INFO  ratis.XceiverServerRatis (XceiverServerRatis.java:start(418)) - Starting XceiverServerRatis 963a71de-ad96-439a-9c43-fb233e6f682e at port 0
2019-10-14 12:43:33,265 [Datanode State Machine Thread - 0] INFO  impl.RaftServerProxy (RaftServerProxy.java:lambda$start$3(299)) - 963a71de-ad96-439a-9c43-fb233e6f682e: start RPC server
2019-10-14 12:43:33,265 [Datanode State Machine Thread - 0] INFO  server.GrpcService (GrpcService.java:startImpl(158)) - 963a71de-ad96-439a-9c43-fb233e6f682e: GrpcService started, listening on 0.0.0.0/0.0.0.0:33208
2019-10-14 12:43:33,265 [Datanode State Machine Thread - 0] INFO  ratis.XceiverServerRatis (XceiverServerRatis.java:start(428)) - XceiverServerRatis 963a71de-ad96-439a-9c43-fb233e6f682e is started using port 33208
2019-10-14 12:43:33,281 [Datanode State Machine Thread - 0] INFO  server.XceiverServerGrpc (XceiverServerGrpc.java:start(149)) - XceiverServerGrpc 963a71de-ad96-439a-9c43-fb233e6f682e is started using port 41897
2019-10-14 12:43:34,241 [main] INFO  ozone.MiniOzoneClusterImpl (MiniOzoneClusterImpl.java:lambda$waitForClusterToBeReady$0(147)) - Waiting for cluster to be ready. Got 0 of 7 DN Heartbeats.
2019-10-14 12:43:34,833 [IPC Server handler 1 on 40520] INFO  net.NetworkTopology (NetworkTopologyImpl.java:add(111)) - Added a new node: /default-rack/f415a011-bf04-42a9-bfe4-a2c91d6dceb5
2019-10-14 12:43:34,837 [IPC Server handler 1 on 40520] INFO  node.SCMNodeManager (SCMNodeManager.java:register(268)) - Registered Data node : f415a011-bf04-42a9-bfe4-a2c91d6dceb5{ip: 192.168.151.107, host: pr-hdds-2299-hlwdq-549545603, networkLocation: /default-rack, certSerialId: null}
2019-10-14 12:43:34,838 [EventQueue-NodeRegistrationContainerReportForDataNodeSafeModeRule] INFO  safemode.SCMSafeModeManager (DataNodeSafeModeRule.java:process(71)) - SCM in safe mode. 1 DataNodes registered, 1 required.
2019-10-14 12:43:34,841 [EventQueue-NodeRegistrationContainerReportForDataNodeSafeModeRule] INFO  safemode.SCMSafeModeManager (SCMSafeModeManager.java:validateSafeModeExitRules(177)) - ScmSafeModeManager, all rules are successfully validated
2019-10-14 12:43:34,841 [EventQueue-NodeRegistrationContainerReportForDataNodeSafeModeRule] INFO  safemode.SCMSafeModeManager (SCMSafeModeManager.java:exitSafeMode(193)) - SCM exiting safe mode.
2019-10-14 12:43:34,873 [grpc-default-executor-8] INFO  impl.RaftServerProxy (RaftServerProxy.java:addNew(89)) - f415a011-bf04-42a9-bfe4-a2c91d6dceb5: addNew group-685887D8F07F:[f415a011-bf04-42a9-bfe4-a2c91d6dceb5:192.168.151.107:42142] returns group-685887D8F07F:java.util.concurrent.CompletableFuture@35095f61[Not completed]
2019-10-14 12:43:34,876 [pool-409-thread-1] INFO  impl.RaftServerImpl (RaftServerImpl.java:<init>(95)) - f415a011-bf04-42a9-bfe4-a2c91d6dceb5: new RaftServerImpl for group-685887D8F07F:[f415a011-bf04-42a9-bfe4-a2c91d6dceb5:192.168.151.107:42142] with ContainerStateMachine:uninitialized
2019-10-14 12:43:34,876 [pool-409-thread-1] INFO  server.RaftServerConfigKeys (ConfUtils.java:logGet(43)) - raft.server.rpc.timeout.min = 5s (custom)
2019-10-14 12:43:34,876 [pool-409-thread-1] INFO  server.RaftServerConfigKeys (ConfUtils.java:logGet(43)) - raft.server.rpc.timeout.max = 5200ms (custom)
2019-10-14 12:43:34,876 [pool-409-thread-1] INFO  server.RaftServerConfigKeys (ConfUtils.java:logGet(43)) - raft.server.rpcslowness.timeout = 120s (custom)
2019-10-14 12:43:34,876 [pool-409-thread-1] INFO  server.RaftServerConfigKeys (ConfUtils.java:logGet(43)) - raft.server.sleep.deviation.threshold = 300 (default)
2019-10-14 12:43:34,876 [pool-409-thread-1] INFO  server.RaftServerConfigKeys (ConfUtils.java:logGet(43)) - raft.server.log.appender.install.snapshot.enabled = false (custom)
2019-10-14 12:43:34,877 [pool-409-thread-1] INFO  impl.RaftServerImpl (ServerState.java:<init>(103)) - f415a011-bf04-42a9-bfe4-a2c91d6dceb5@group-685887D8F07F: ConfigurationManager, init=-1: [f415a011-bf04-42a9-bfe4-a2c91d6dceb5:192.168.151.107:42142], old=null, confs=<EMPTY_MAP>
2019-10-14 12:43:34,877 [pool-409-thread-1] INFO  server.RaftServerConfigKeys (ConfUtils.java:logGet(43)) - raft.server.storage.dir = [/workdir/hadoop-ozone/integration-test/target/test-dir/MiniOzoneClusterImpl-5e97dea3-99a6-4a1a-83d8-52833a14f548/datanode-0/data/ratis] (custom)
2019-10-14 12:43:34,877 [pool-409-thread-1] INFO  server.RaftServerConfigKeys (ConfUtils.java:logGet(43)) - raft.server.log.corruption.policy = EXCEPTION (default)
2019-10-14 12:43:34,878 [pool-409-thread-1] INFO  storage.RaftStorageDirectory (RaftStorageDirectory.java:analyzeStorage(246)) - The storage directory /workdir/hadoop-ozone/integration-test/target/test-dir/MiniOzoneClusterImpl-5e97dea3-99a6-4a1a-83d8-52833a14f548/datanode-0/data/ratis/66c20ec4-0c45-4fd5-ba05-685887d8f07f does not exist. Creating ...
2019-10-14 12:43:34,886 [IPC Server handler 3 on 40520] INFO  net.NetworkTopology (NetworkTopologyImpl.java:add(111)) - Added a new node: /default-rack/318f8cfb-a2bd-4d9d-9aa9-de47c092d73d
2019-10-14 12:43:34,887 [IPC Server handler 3 on 40520] INFO  node.SCMNodeManager (SCMNodeManager.java:register(268)) - Registered Data node : 318f8cfb-a2bd-4d9d-9aa9-de47c092d73d{ip: 192.168.151.107, host: pr-hdds-2299-hlwdq-549545603, networkLocation: /default-rack, certSerialId: null}
2019-10-14 12:43:34,903 [pool-409-thread-1] INFO  storage.RaftStorageDirectory (RaftStorageDirectory.java:tryLock(328)) - Lock on /workdir/hadoop-ozone/integration-test/target/test-dir/MiniOzoneClusterImpl-5e97dea3-99a6-4a1a-83d8-52833a14f548/datanode-0/data/ratis/66c20ec4-0c45-4fd5-ba05-685887d8f07f/in_use.lock acquired by nodename 24103@pr-hdds-2299-hlwdq-549545603
2019-10-14 12:43:34,916 [pool-409-thread-1] INFO  storage.RaftStorage (RaftStorage.java:format(84)) - Storage directory /workdir/hadoop-ozone/integration-test/target/test-dir/MiniOzoneClusterImpl-5e97dea3-99a6-4a1a-83d8-52833a14f548/datanode-0/data/ratis/66c20ec4-0c45-4fd5-ba05-685887d8f07f has been successfully formatted.
2019-10-14 12:43:34,916 [pool-409-thread-1] INFO  ratis.ContainerStateMachine (ContainerStateMachine.java:loadSnapshot(231)) - group-685887D8F07F: The snapshot info is null. Setting the last applied indexto:(t:0, i:~)
2019-10-14 12:43:34,916 [pool-409-thread-1] INFO  server.RaftServerConfigKeys (ConfUtils.java:logGet(43)) - raft.server.notification.no-leader.timeout = 120s (custom)
2019-10-14 12:43:34,916 [pool-409-thread-1] INFO  server.RaftServerConfigKeys (ConfUtils.java:logGet(43)) - raft.server.log.use.memory = false (default)
2019-10-14 12:43:34,917 [pool-409-thread-1] INFO  server.RaftServerConfigKeys (ConfUtils.java:logGet(43)) - raft.server.log.purge.gap = 1000000 (custom)
2019-10-14 12:43:34,917 [pool-409-thread-1] INFO  server.RaftServerConfigKeys (ConfUtils.java:logGet(43)) - raft.server.log.appender.buffer.byte-limit = 33554432 (custom)
2019-10-14 12:43:34,917 [pool-409-thread-1] INFO  server.RaftServerConfigKeys (ConfUtils.java:logGet(43)) - raft.server.log.segment.size.max = 1048576 (custom)
2019-10-14 12:43:34,919 [pool-409-thread-1] INFO  server.RaftServerConfigKeys (ConfUtils.java:logGet(43)) - raft.server.log.segment.cache.num.max = 2 (custom)
2019-10-14 12:43:34,919 [pool-409-thread-1] INFO  segmented.SegmentedRaftLogWorker (SegmentedRaftLogWorker.java:<init>(173)) - new f415a011-bf04-42a9-bfe4-a2c91d6dceb5@group-685887D8F07F-SegmentedRaftLogWorker for RaftStorage:Storage Directory /workdir/hadoop-ozone/integration-test/target/test-dir/MiniOzoneClusterImpl-5e97dea3-99a6-4a1a-83d8-52833a14f548/datanode-0/data/ratis/66c20ec4-0c45-4fd5-ba05-685887d8f07f
2019-10-14 12:43:34,919 [pool-409-thread-1] INFO  server.RaftServerConfigKeys (ConfUtils.java:logGet(43)) - raft.server.log.queue.byte-limit = 2147483647 (custom)
2019-10-14 12:43:34,920 [pool-409-thread-1] INFO  server.RaftServerConfigKeys (ConfUtils.java:logGet(43)) - raft.server.log.queue.element-limit = 1024 (custom)
2019-10-14 12:43:34,920 [pool-409-thread-1] INFO  server.RaftServerConfigKeys (ConfUtils.java:logGet(43)) - raft.server.log.segment.size.max = 1048576 (custom)
2019-10-14 12:43:34,920 [pool-409-thread-1] INFO  server.RaftServerConfigKeys (ConfUtils.java:logGet(43)) - raft.server.log.preallocated.size = 16384 (custom)
2019-10-14 12:43:34,920 [pool-409-thread-1] INFO  server.RaftServerConfigKeys (ConfUtils.java:logGet(43)) - raft.server.log.write.buffer.size = 33554432 (custom)
2019-10-14 12:43:34,920 [pool-409-thread-1] INFO  server.RaftServerConfigKeys (ConfUtils.java:logGet(43)) - raft.server.log.force.sync.num = 128 (default)
2019-10-14 12:43:34,920 [pool-409-thread-1] INFO  server.RaftServerConfigKeys (ConfUtils.java:logGet(43)) - raft.server.log.statemachine.data.sync = true (default)
2019-10-14 12:43:34,920 [pool-409-thread-1] INFO  server.RaftServerConfigKeys (ConfUtils.java:logGet(43)) - raft.server.log.statemachine.data.sync.timeout = 10s (default)
2019-10-14 12:43:34,921 [pool-409-thread-1] INFO  server.RaftServerConfigKeys (ConfUtils.java:logGet(43)) - raft.server.log.statemachine.data.sync.timeout.retry = -1 (default)
2019-10-14 12:43:34,921 [pool-409-thread-1] INFO  server.RaftServerConfigKeys (ConfUtils.java:logGet(43)) - raft.server.log.statemachine.data.caching.enabled = true (custom)
2019-10-14 12:43:34,921 [pool-409-thread-1] INFO  segmented.SegmentedRaftLogWorker (SegmentedRaftLogWorker.java:lambda$new$0(128)) - f415a011-bf04-42a9-bfe4-a2c91d6dceb5@group-685887D8F07F-SegmentedRaftLogWorker: flushIndex: setUnconditionally 0 -> -1
2019-10-14 12:43:34,922 [pool-409-thread-1] INFO  server.RaftServerConfigKeys (ConfUtils.java:logGet(43)) - raft.server.snapshot.auto.trigger.enabled = true (custom)
2019-10-14 12:43:34,922 [pool-409-thread-1] INFO  server.RaftServerConfigKeys (ConfUtils.java:logGet(43)) - raft.server.snapshot.auto.trigger.threshold = 10000 (custom)
2019-10-14 12:43:34,922 [pool-409-thread-1] INFO  server.RaftServerConfigKeys (ConfUtils.java:logGet(43)) - raft.server.snapshot.retention.file.num = 5 (custom)
2019-10-14 12:43:34,922 [pool-409-thread-1] INFO  server.RaftServerConfigKeys (ConfUtils.java:logGet(43)) - raft.server.retrycache.expirytime = 600000ms (custom)
2019-10-14 12:43:34,924 [pool-409-thread-1] INFO  impl.RaftServerImpl (RaftServerImpl.java:start(181)) - f415a011-bf04-42a9-bfe4-a2c91d6dceb5@group-685887D8F07F: start as a follower, conf=-1: [f415a011-bf04-42a9-bfe4-a2c91d6dceb5:192.168.151.107:42142], old=null
2019-10-14 12:43:34,924 [pool-409-thread-1] INFO  impl.RaftServerImpl (RaftServerImpl.java:setRole(170)) - f415a011-bf04-42a9-bfe4-a2c91d6dceb5@group-685887D8F07F: changes role from      null to FOLLOWER at term 0 for startAsFollower
2019-10-14 12:43:34,924 [pool-409-thread-1] INFO  impl.RoleInfo (RoleInfo.java:updateAndGet(143)) - f415a011-bf04-42a9-bfe4-a2c91d6dceb5: start FollowerState
2019-10-14 12:43:34,925 [pool-409-thread-1] INFO  util.JmxRegister (JmxRegister.java:tryRegister(44)) - Successfully registered JMX Bean with object name Ratis:service=RaftServer,group=group-685887D8F07F,id=f415a011-bf04-42a9-bfe4-a2c91d6dceb5
2019-10-14 12:43:34,933 [RatisPipelineUtilsThread] INFO  pipeline.PipelineStateManager (PipelineStateManager.java:addPipeline(56)) - Created pipeline Pipeline[ Id: 66c20ec4-0c45-4fd5-ba05-685887d8f07f, Nodes: f415a011-bf04-42a9-bfe4-a2c91d6dceb5{ip: 192.168.151.107, host: pr-hdds-2299-hlwdq-549545603, networkLocation: /default-rack, certSerialId: null}, Type:RATIS, Factor:ONE, State:OPEN]
2019-10-14 12:43:34,941 [grpc-default-executor-8] INFO  impl.RaftServerProxy (RaftServerProxy.java:addNew(89)) - 318f8cfb-a2bd-4d9d-9aa9-de47c092d73d: addNew group-7E79C0AFB053:[318f8cfb-a2bd-4d9d-9aa9-de47c092d73d:192.168.151.107:44952] returns group-7E79C0AFB053:java.util.concurrent.CompletableFuture@205ba9a3[Not completed]
2019-10-14 12:43:34,943 [pool-419-thread-1] INFO  impl.RaftServerImpl (RaftServerImpl.java:<init>(95)) - 318f8cfb-a2bd-4d9d-9aa9-de47c092d73d: new RaftServerImpl for group-7E79C0AFB053:[318f8cfb-a2bd-4d9d-9aa9-de47c092d73d:192.168.151.107:44952] with ContainerStateMachine:uninitialized
2019-10-14 12:43:34,944 [pool-419-thread-1] INFO  server.RaftServerConfigKeys (ConfUtils.java:logGet(43)) - raft.server.rpc.timeout.min = 5s (custom)
2019-10-14 12:43:34,944 [pool-419-thread-1] INFO  server.RaftServerConfigKeys (ConfUtils.java:logGet(43)) - raft.server.rpc.timeout.max = 5200ms (custom)
2019-10-14 12:43:34,944 [pool-419-thread-1] INFO  server.RaftServerConfigKeys (ConfUtils.java:logGet(43)) - raft.server.rpcslowness.timeout = 120s (custom)
2019-10-14 12:43:34,944 [pool-419-thread-1] INFO  server.RaftServerConfigKeys (ConfUtils.java:logGet(43)) - raft.server.sleep.deviation.threshold = 300 (default)
2019-10-14 12:43:34,944 [pool-419-thread-1] INFO  server.RaftServerConfigKeys (ConfUtils.java:logGet(43)) - raft.server.log.appender.install.snapshot.enabled = false (custom)
2019-10-14 12:43:34,945 [pool-419-thread-1] INFO  impl.RaftServerImpl (ServerState.java:<init>(103)) - 318f8cfb-a2bd-4d9d-9aa9-de47c092d73d@group-7E79C0AFB053: ConfigurationManager, init=-1: [318f8cfb-a2bd-4d9d-9aa9-de47c092d73d:192.168.151.107:44952], old=null, confs=<EMPTY_MAP>
2019-10-14 12:43:34,945 [pool-419-thread-1] INFO  server.RaftServerConfigKeys (ConfUtils.java:logGet(43)) - raft.server.storage.dir = [/workdir/hadoop-ozone/integration-test/target/test-dir/MiniOzoneClusterImpl-5e97dea3-99a6-4a1a-83d8-52833a14f548/datanode-1/data/ratis] (custom)
2019-10-14 12:43:34,945 [pool-419-thread-1] INFO  server.RaftServerConfigKeys (ConfUtils.java:logGet(43)) - raft.server.log.corruption.policy = EXCEPTION (default)
2019-10-14 12:43:34,945 [pool-419-thread-1] INFO  storage.RaftStorageDirectory (RaftStorageDirectory.java:analyzeStorage(246)) - The storage directory /workdir/hadoop-ozone/integration-test/target/test-dir/MiniOzoneClusterImpl-5e97dea3-99a6-4a1a-83d8-52833a14f548/datanode-1/data/ratis/1f8b9db3-759a-48f7-aa1a-7e79c0afb053 does not exist. Creating ...
2019-10-14 12:43:34,958 [pool-419-thread-1] INFO  storage.RaftStorageDirectory (RaftStorageDirectory.java:tryLock(328)) - Lock on /workdir/hadoop-ozone/integration-test/target/test-dir/MiniOzoneClusterImpl-5e97dea3-99a6-4a1a-83d8-52833a14f548/datanode-1/data/ratis/1f8b9db3-759a-48f7-aa1a-7e79c0afb053/in_use.lock acquired by nodename 24103@pr-hdds-2299-hlwdq-549545603
2019-10-14 12:43:34,959 [IPC Server handler 5 on 40520] INFO  net.NetworkTopology (NetworkTopologyImpl.java:add(111)) - Added a new node: /default-rack/94b64f22-133c-45ad-ad28-450bbaa44dd0
2019-10-14 12:43:34,959 [IPC Server handler 5 on 40520] INFO  node.SCMNodeManager (SCMNodeManager.java:register(268)) - Registered Data node : 94b64f22-133c-45ad-ad28-450bbaa44dd0{ip: 192.168.151.107, host: pr-hdds-2299-hlwdq-549545603, networkLocation: /default-rack, certSerialId: null}
2019-10-14 12:43:34,972 [pool-419-thread-1] INFO  storage.RaftStorage (RaftStorage.java:format(84)) - Storage directory /workdir/hadoop-ozone/integration-test/target/test-dir/MiniOzoneClusterImpl-5e97dea3-99a6-4a1a-83d8-52833a14f548/datanode-1/data/ratis/1f8b9db3-759a-48f7-aa1a-7e79c0afb053 has been successfully formatted.
2019-10-14 12:43:34,972 [pool-419-thread-1] INFO  ratis.ContainerStateMachine (ContainerStateMachine.java:loadSnapshot(231)) - group-7E79C0AFB053: The snapshot info is null. Setting the last applied indexto:(t:0, i:~)
2019-10-14 12:43:34,972 [pool-419-thread-1] INFO  server.RaftServerConfigKeys (ConfUtils.java:logGet(43)) - raft.server.notification.no-leader.timeout = 120s (custom)
2019-10-14 12:43:34,972 [pool-419-thread-1] INFO  server.RaftServerConfigKeys (ConfUtils.java:logGet(43)) - raft.server.log.use.memory = false (default)
2019-10-14 12:43:34,972 [pool-419-thread-1] INFO  server.RaftServerConfigKeys (ConfUtils.java:logGet(43)) - raft.server.log.purge.gap = 1000000 (custom)
2019-10-14 12:43:34,973 [pool-419-thread-1] INFO  server.RaftServerConfigKeys (ConfUtils.java:logGet(43)) - raft.server.log.appender.buffer.byte-limit = 33554432 (custom)
2019-10-14 12:43:34,973 [pool-419-thread-1] INFO  server.RaftServerConfigKeys (ConfUtils.java:logGet(43)) - raft.server.log.segment.size.max = 1048576 (custom)
2019-10-14 12:43:34,975 [pool-419-thread-1] INFO  server.RaftServerConfigKeys (ConfUtils.java:logGet(43)) - raft.server.log.segment.cache.num.max = 2 (custom)
2019-10-14 12:43:34,975 [pool-419-thread-1] INFO  segmented.SegmentedRaftLogWorker (SegmentedRaftLogWorker.java:<init>(173)) - new 318f8cfb-a2bd-4d9d-9aa9-de47c092d73d@group-7E79C0AFB053-SegmentedRaftLogWorker for RaftStorage:Storage Directory /workdir/hadoop-ozone/integration-test/target/test-dir/MiniOzoneClusterImpl-5e97dea3-99a6-4a1a-83d8-52833a14f548/datanode-1/data/ratis/1f8b9db3-759a-48f7-aa1a-7e79c0afb053
2019-10-14 12:43:34,975 [pool-419-thread-1] INFO  server.RaftServerConfigKeys (ConfUtils.java:logGet(43)) - raft.server.log.queue.byte-limit = 2147483647 (custom)
2019-10-14 12:43:34,976 [pool-419-thread-1] INFO  server.RaftServerConfigKeys (ConfUtils.java:logGet(43)) - raft.server.log.queue.element-limit = 1024 (custom)
2019-10-14 12:43:34,976 [pool-419-thread-1] INFO  server.RaftServerConfigKeys (ConfUtils.java:logGet(43)) - raft.server.log.segment.size.max = 1048576 (custom)
2019-10-14 12:43:34,976 [pool-419-thread-1] INFO  server.RaftServerConfigKeys (ConfUtils.java:logGet(43)) - raft.server.log.preallocated.size = 16384 (custom)
2019-10-14 12:43:34,976 [pool-419-thread-1] INFO  server.RaftServerConfigKeys (ConfUtils.java:logGet(43)) - raft.server.log.write.buffer.size = 33554432 (custom)
2019-10-14 12:43:34,976 [pool-419-thread-1] INFO  server.RaftServerConfigKeys (ConfUtils.java:logGet(43)) - raft.server.log.force.sync.num = 128 (default)
2019-10-14 12:43:34,976 [pool-419-thread-1] INFO  server.RaftServerConfigKeys (ConfUtils.java:logGet(43)) - raft.server.log.statemachine.data.sync = true (default)
2019-10-14 12:43:34,977 [pool-419-thread-1] INFO  server.RaftServerConfigKeys (ConfUtils.java:logGet(43)) - raft.server.log.statemachine.data.sync.timeout = 10s (default)
2019-10-14 12:43:34,977 [pool-419-thread-1] INFO  server.RaftServerConfigKeys (ConfUtils.java:logGet(43)) - raft.server.log.statemachine.data.sync.timeout.retry = -1 (default)
2019-10-14 12:43:34,977 [pool-419-thread-1] INFO  server.RaftServerConfigKeys (ConfUtils.java:logGet(43)) - raft.server.log.statemachine.data.caching.enabled = true (custom)
2019-10-14 12:43:34,977 [pool-419-thread-1] INFO  segmented.SegmentedRaftLogWorker (SegmentedRaftLogWorker.java:lambda$new$0(128)) - 318f8cfb-a2bd-4d9d-9aa9-de47c092d73d@group-7E79C0AFB053-SegmentedRaftLogWorker: flushIndex: setUnconditionally 0 -> -1
2019-10-14 12:43:34,978 [pool-419-thread-1] INFO  server.RaftServerConfigKeys (ConfUtils.java:logGet(43)) - raft.server.snapshot.auto.trigger.enabled = true (custom)
2019-10-14 12:43:34,978 [pool-419-thread-1] INFO  server.RaftServerConfigKeys (ConfUtils.java:logGet(43)) - raft.server.snapshot.auto.trigger.threshold = 10000 (custom)
2019-10-14 12:43:34,978 [pool-419-thread-1] INFO  server.RaftServerConfigKeys (ConfUtils.java:logGet(43)) - raft.server.snapshot.retention.file.num = 5 (custom)
2019-10-14 12:43:34,978 [pool-419-thread-1] INFO  server.RaftServerConfigKeys (ConfUtils.java:logGet(43)) - raft.server.retrycache.expirytime = 600000ms (custom)
2019-10-14 12:43:34,980 [pool-419-thread-1] INFO  impl.RaftServerImpl (RaftServerImpl.java:start(181)) - 318f8cfb-a2bd-4d9d-9aa9-de47c092d73d@group-7E79C0AFB053: start as a follower, conf=-1: [318f8cfb-a2bd-4d9d-9aa9-de47c092d73d:192.168.151.107:44952], old=null
2019-10-14 12:43:34,980 [pool-419-thread-1] INFO  impl.RaftServerImpl (RaftServerImpl.java:setRole(170)) - 318f8cfb-a2bd-4d9d-9aa9-de47c092d73d@group-7E79C0AFB053: changes role from      null to FOLLOWER at term 0 for startAsFollower
2019-10-14 12:43:34,980 [pool-419-thread-1] INFO  impl.RoleInfo (RoleInfo.java:updateAndGet(143)) - 318f8cfb-a2bd-4d9d-9aa9-de47c092d73d: start FollowerState
2019-10-14 12:43:34,981 [pool-419-thread-1] INFO  util.JmxRegister (JmxRegister.java:tryRegister(44)) - Successfully registered JMX Bean with object name Ratis:service=RaftServer,group=group-7E79C0AFB053,id=318f8cfb-a2bd-4d9d-9aa9-de47c092d73d
2019-10-14 12:43:34,988 [RatisPipelineUtilsThread] INFO  pipeline.PipelineStateManager (PipelineStateManager.java:addPipeline(56)) - Created pipeline Pipeline[ Id: 1f8b9db3-759a-48f7-aa1a-7e79c0afb053, Nodes: 318f8cfb-a2bd-4d9d-9aa9-de47c092d73d{ip: 192.168.151.107, host: pr-hdds-2299-hlwdq-549545603, networkLocation: /default-rack, certSerialId: null}, Type:RATIS, Factor:ONE, State:OPEN]
2019-10-14 12:43:34,994 [grpc-default-executor-8] INFO  impl.RaftServerProxy (RaftServerProxy.java:addNew(89)) - 94b64f22-133c-45ad-ad28-450bbaa44dd0: addNew group-AAC2281EB7A4:[94b64f22-133c-45ad-ad28-450bbaa44dd0:192.168.151.107:43410] returns group-AAC2281EB7A4:java.util.concurrent.CompletableFuture@337ae354[Not completed]
2019-10-14 12:43:34,996 [pool-429-thread-1] INFO  impl.RaftServerImpl (RaftServerImpl.java:<init>(95)) - 94b64f22-133c-45ad-ad28-450bbaa44dd0: new RaftServerImpl for group-AAC2281EB7A4:[94b64f22-133c-45ad-ad28-450bbaa44dd0:192.168.151.107:43410] with ContainerStateMachine:uninitialized
2019-10-14 12:43:34,996 [pool-429-thread-1] INFO  server.RaftServerConfigKeys (ConfUtils.java:logGet(43)) - raft.server.rpc.timeout.min = 5s (custom)
2019-10-14 12:43:34,996 [pool-429-thread-1] INFO  server.RaftServerConfigKeys (ConfUtils.java:logGet(43)) - raft.server.rpc.timeout.max = 5200ms (custom)
2019-10-14 12:43:34,996 [pool-429-thread-1] INFO  server.RaftServerConfigKeys (ConfUtils.java:logGet(43)) - raft.server.rpcslowness.timeout = 120s (custom)
2019-10-14 12:43:34,996 [pool-429-thread-1] INFO  server.RaftServerConfigKeys (ConfUtils.java:logGet(43)) - raft.server.sleep.deviation.threshold = 300 (default)
2019-10-14 12:43:34,996 [pool-429-thread-1] INFO  server.RaftServerConfigKeys (ConfUtils.java:logGet(43)) - raft.server.log.appender.install.snapshot.enabled = false (custom)
2019-10-14 12:43:34,996 [pool-429-thread-1] INFO  impl.RaftServerImpl (ServerState.java:<init>(103)) - 94b64f22-133c-45ad-ad28-450bbaa44dd0@group-AAC2281EB7A4: ConfigurationManager, init=-1: [94b64f22-133c-45ad-ad28-450bbaa44dd0:192.168.151.107:43410], old=null, confs=<EMPTY_MAP>
2019-10-14 12:43:34,997 [pool-429-thread-1] INFO  server.RaftServerConfigKeys (ConfUtils.java:logGet(43)) - raft.server.storage.dir = [/workdir/hadoop-ozone/integration-test/target/test-dir/MiniOzoneClusterImpl-5e97dea3-99a6-4a1a-83d8-52833a14f548/datanode-2/data/ratis] (custom)
2019-10-14 12:43:34,997 [pool-429-thread-1] INFO  server.RaftServerConfigKeys (ConfUtils.java:logGet(43)) - raft.server.log.corruption.policy = EXCEPTION (default)
2019-10-14 12:43:34,997 [pool-429-thread-1] INFO  storage.RaftStorageDirectory (RaftStorageDirectory.java:analyzeStorage(246)) - The storage directory /workdir/hadoop-ozone/integration-test/target/test-dir/MiniOzoneClusterImpl-5e97dea3-99a6-4a1a-83d8-52833a14f548/datanode-2/data/ratis/17d6a98e-3cb2-4c6c-b021-aac2281eb7a4 does not exist. Creating ...
2019-10-14 12:43:35,010 [pool-429-thread-1] INFO  storage.RaftStorageDirectory (RaftStorageDirectory.java:tryLock(328)) - Lock on /workdir/hadoop-ozone/integration-test/target/test-dir/MiniOzoneClusterImpl-5e97dea3-99a6-4a1a-83d8-52833a14f548/datanode-2/data/ratis/17d6a98e-3cb2-4c6c-b021-aac2281eb7a4/in_use.lock acquired by nodename 24103@pr-hdds-2299-hlwdq-549545603
2019-10-14 12:43:35,022 [pool-429-thread-1] INFO  storage.RaftStorage (RaftStorage.java:format(84)) - Storage directory /workdir/hadoop-ozone/integration-test/target/test-dir/MiniOzoneClusterImpl-5e97dea3-99a6-4a1a-83d8-52833a14f548/datanode-2/data/ratis/17d6a98e-3cb2-4c6c-b021-aac2281eb7a4 has been successfully formatted.
2019-10-14 12:43:35,023 [pool-429-thread-1] INFO  ratis.ContainerStateMachine (ContainerStateMachine.java:loadSnapshot(231)) - group-AAC2281EB7A4: The snapshot info is null. Setting the last applied indexto:(t:0, i:~)
2019-10-14 12:43:35,023 [pool-429-thread-1] INFO  server.RaftServerConfigKeys (ConfUtils.java:logGet(43)) - raft.server.notification.no-leader.timeout = 120s (custom)
2019-10-14 12:43:35,023 [pool-429-thread-1] INFO  server.RaftServerConfigKeys (ConfUtils.java:logGet(43)) - raft.server.log.use.memory = false (default)
2019-10-14 12:43:35,023 [pool-429-thread-1] INFO  server.RaftServerConfigKeys (ConfUtils.java:logGet(43)) - raft.server.log.purge.gap = 1000000 (custom)
2019-10-14 12:43:35,023 [pool-429-thread-1] INFO  server.RaftServerConfigKeys (ConfUtils.java:logGet(43)) - raft.server.log.appender.buffer.byte-limit = 33554432 (custom)
2019-10-14 12:43:35,023 [pool-429-thread-1] INFO  server.RaftServerConfigKeys (ConfUtils.java:logGet(43)) - raft.server.log.segment.size.max = 1048576 (custom)
2019-10-14 12:43:35,025 [pool-429-thread-1] INFO  server.RaftServerConfigKeys (ConfUtils.java:logGet(43)) - raft.server.log.segment.cache.num.max = 2 (custom)
2019-10-14 12:43:35,025 [pool-429-thread-1] INFO  segmented.SegmentedRaftLogWorker (SegmentedRaftLogWorker.java:<init>(173)) - new 94b64f22-133c-45ad-ad28-450bbaa44dd0@group-AAC2281EB7A4-SegmentedRaftLogWorker for RaftStorage:Storage Directory /workdir/hadoop-ozone/integration-test/target/test-dir/MiniOzoneClusterImpl-5e97dea3-99a6-4a1a-83d8-52833a14f548/datanode-2/data/ratis/17d6a98e-3cb2-4c6c-b021-aac2281eb7a4
2019-10-14 12:43:35,025 [pool-429-thread-1] INFO  server.RaftServerConfigKeys (ConfUtils.java:logGet(43)) - raft.server.log.queue.byte-limit = 2147483647 (custom)
2019-10-14 12:43:35,025 [pool-429-thread-1] INFO  server.RaftServerConfigKeys (ConfUtils.java:logGet(43)) - raft.server.log.queue.element-limit = 1024 (custom)
2019-10-14 12:43:35,025 [pool-429-thread-1] INFO  server.RaftServerConfigKeys (ConfUtils.java:logGet(43)) - raft.server.log.segment.size.max = 1048576 (custom)
2019-10-14 12:43:35,025 [pool-429-thread-1] INFO  server.RaftServerConfigKeys (ConfUtils.java:logGet(43)) - raft.server.log.preallocated.size = 16384 (custom)
2019-10-14 12:43:35,025 [pool-429-thread-1] INFO  server.RaftServerConfigKeys (ConfUtils.java:logGet(43)) - raft.server.log.write.buffer.size = 33554432 (custom)
2019-10-14 12:43:35,025 [pool-429-thread-1] INFO  server.RaftServerConfigKeys (ConfUtils.java:logGet(43)) - raft.server.log.force.sync.num = 128 (default)
2019-10-14 12:43:35,026 [pool-429-thread-1] INFO  server.RaftServerConfigKeys (ConfUtils.java:logGet(43)) - raft.server.log.statemachine.data.sync = true (default)
2019-10-14 12:43:35,026 [pool-429-thread-1] INFO  server.RaftServerConfigKeys (ConfUtils.java:logGet(43)) - raft.server.log.statemachine.data.sync.timeout = 10s (default)
2019-10-14 12:43:35,026 [pool-429-thread-1] INFO  server.RaftServerConfigKeys (ConfUtils.java:logGet(43)) - raft.server.log.statemachine.data.sync.timeout.retry = -1 (default)
2019-10-14 12:43:35,026 [pool-429-thread-1] INFO  server.RaftServerConfigKeys (ConfUtils.java:logGet(43)) - raft.server.log.statemachine.data.caching.enabled = true (custom)
2019-10-14 12:43:35,026 [pool-429-thread-1] INFO  segmented.SegmentedRaftLogWorker (SegmentedRaftLogWorker.java:lambda$new$0(128)) - 94b64f22-133c-45ad-ad28-450bbaa44dd0@group-AAC2281EB7A4-SegmentedRaftLogWorker: flushIndex: setUnconditionally 0 -> -1
2019-10-14 12:43:35,027 [pool-429-thread-1] INFO  server.RaftServerConfigKeys (ConfUtils.java:logGet(43)) - raft.server.snapshot.auto.trigger.enabled = true (custom)
2019-10-14 12:43:35,027 [pool-429-thread-1] INFO  server.RaftServerConfigKeys (ConfUtils.java:logGet(43)) - raft.server.snapshot.auto.trigger.threshold = 10000 (custom)
2019-10-14 12:43:35,027 [pool-429-thread-1] INFO  server.RaftServerConfigKeys (ConfUtils.java:logGet(43)) - raft.server.snapshot.retention.file.num = 5 (custom)
2019-10-14 12:43:35,027 [pool-429-thread-1] INFO  server.RaftServerConfigKeys (ConfUtils.java:logGet(43)) - raft.server.retrycache.expirytime = 600000ms (custom)
2019-10-14 12:43:35,028 [pool-429-thread-1] INFO  impl.RaftServerImpl (RaftServerImpl.java:start(181)) - 94b64f22-133c-45ad-ad28-450bbaa44dd0@group-AAC2281EB7A4: start as a follower, conf=-1: [94b64f22-133c-45ad-ad28-450bbaa44dd0:192.168.151.107:43410], old=null
2019-10-14 12:43:35,028 [pool-429-thread-1] INFO  impl.RaftServerImpl (RaftServerImpl.java:setRole(170)) - 94b64f22-133c-45ad-ad28-450bbaa44dd0@group-AAC2281EB7A4: changes role from      null to FOLLOWER at term 0 for startAsFollower
2019-10-14 12:43:35,028 [pool-429-thread-1] INFO  impl.RoleInfo (RoleInfo.java:updateAndGet(143)) - 94b64f22-133c-45ad-ad28-450bbaa44dd0: start FollowerState
2019-10-14 12:43:35,029 [pool-429-thread-1] INFO  util.JmxRegister (JmxRegister.java:tryRegister(44)) - Successfully registered JMX Bean with object name Ratis:service=RaftServer,group=group-AAC2281EB7A4,id=94b64f22-133c-45ad-ad28-450bbaa44dd0
2019-10-14 12:43:35,035 [RatisPipelineUtilsThread] INFO  pipeline.PipelineStateManager (PipelineStateManager.java:addPipeline(56)) - Created pipeline Pipeline[ Id: 17d6a98e-3cb2-4c6c-b021-aac2281eb7a4, Nodes: 94b64f22-133c-45ad-ad28-450bbaa44dd0{ip: 192.168.151.107, host: pr-hdds-2299-hlwdq-549545603, networkLocation: /default-rack, certSerialId: null}, Type:RATIS, Factor:ONE, State:OPEN]
2019-10-14 12:43:35,043 [IPC Server handler 6 on 40520] INFO  net.NetworkTopology (NetworkTopologyImpl.java:add(111)) - Added a new node: /default-rack/8a8ff637-77fd-447d-9d9b-3a3b1f3f2542
2019-10-14 12:43:35,044 [IPC Server handler 6 on 40520] INFO  node.SCMNodeManager (SCMNodeManager.java:register(268)) - Registered Data node : 8a8ff637-77fd-447d-9d9b-3a3b1f3f2542{ip: 192.168.151.107, host: pr-hdds-2299-hlwdq-549545603, networkLocation: /default-rack, certSerialId: null}
2019-10-14 12:43:35,044 [grpc-default-executor-1] INFO  impl.RaftServerProxy (RaftServerProxy.java:addNew(89)) - 318f8cfb-a2bd-4d9d-9aa9-de47c092d73d: addNew group-7BC219FCF9F7:[f415a011-bf04-42a9-bfe4-a2c91d6dceb5:192.168.151.107:42142, 94b64f22-133c-45ad-ad28-450bbaa44dd0:192.168.151.107:43410, 318f8cfb-a2bd-4d9d-9aa9-de47c092d73d:192.168.151.107:44952] returns group-7BC219FCF9F7:java.util.concurrent.CompletableFuture@3cb96442[Not completed]
2019-10-14 12:43:35,044 [grpc-default-executor-8] INFO  impl.RaftServerProxy (RaftServerProxy.java:addNew(89)) - f415a011-bf04-42a9-bfe4-a2c91d6dceb5: addNew group-7BC219FCF9F7:[f415a011-bf04-42a9-bfe4-a2c91d6dceb5:192.168.151.107:42142, 94b64f22-133c-45ad-ad28-450bbaa44dd0:192.168.151.107:43410, 318f8cfb-a2bd-4d9d-9aa9-de47c092d73d:192.168.151.107:44952] returns group-7BC219FCF9F7:java.util.concurrent.CompletableFuture@21ec319d[Not completed]
2019-10-14 12:43:35,045 [grpc-default-executor-1] INFO  impl.RaftServerProxy (RaftServerProxy.java:addNew(89)) - 94b64f22-133c-45ad-ad28-450bbaa44dd0: addNew group-7BC219FCF9F7:[f415a011-bf04-42a9-bfe4-a2c91d6dceb5:192.168.151.107:42142, 94b64f22-133c-45ad-ad28-450bbaa44dd0:192.168.151.107:43410, 318f8cfb-a2bd-4d9d-9aa9-de47c092d73d:192.168.151.107:44952] returns group-7BC219FCF9F7:java.util.concurrent.CompletableFuture@3835b895[Not completed]
2019-10-14 12:43:35,045 [pool-419-thread-1] INFO  impl.RaftServerImpl (RaftServerImpl.java:<init>(95)) - 318f8cfb-a2bd-4d9d-9aa9-de47c092d73d: new RaftServerImpl for group-7BC219FCF9F7:[f415a011-bf04-42a9-bfe4-a2c91d6dceb5:192.168.151.107:42142, 94b64f22-133c-45ad-ad28-450bbaa44dd0:192.168.151.107:43410, 318f8cfb-a2bd-4d9d-9aa9-de47c092d73d:192.168.151.107:44952] with ContainerStateMachine:uninitialized
2019-10-14 12:43:35,045 [pool-419-thread-1] INFO  server.RaftServerConfigKeys (ConfUtils.java:logGet(43)) - raft.server.rpc.timeout.min = 5s (custom)
2019-10-14 12:43:35,045 [pool-419-thread-1] INFO  server.RaftServerConfigKeys (ConfUtils.java:logGet(43)) - raft.server.rpc.timeout.max = 5200ms (custom)
2019-10-14 12:43:35,046 [pool-419-thread-1] INFO  server.RaftServerConfigKeys (ConfUtils.java:logGet(43)) - raft.server.rpcslowness.timeout = 120s (custom)
2019-10-14 12:43:35,046 [pool-419-thread-1] INFO  server.RaftServerConfigKeys (ConfUtils.java:logGet(43)) - raft.server.sleep.deviation.threshold = 300 (default)
2019-10-14 12:43:35,046 [pool-419-thread-1] INFO  server.RaftServerConfigKeys (ConfUtils.java:logGet(43)) - raft.server.log.appender.install.snapshot.enabled = false (custom)
2019-10-14 12:43:35,046 [pool-419-thread-1] INFO  impl.RaftServerImpl (ServerState.java:<init>(103)) - 318f8cfb-a2bd-4d9d-9aa9-de47c092d73d@group-7BC219FCF9F7: ConfigurationManager, init=-1: [f415a011-bf04-42a9-bfe4-a2c91d6dceb5:192.168.151.107:42142, 94b64f22-133c-45ad-ad28-450bbaa44dd0:192.168.151.107:43410, 318f8cfb-a2bd-4d9d-9aa9-de47c092d73d:192.168.151.107:44952], old=null, confs=<EMPTY_MAP>
2019-10-14 12:43:35,046 [pool-419-thread-1] INFO  server.RaftServerConfigKeys (ConfUtils.java:logGet(43)) - raft.server.storage.dir = [/workdir/hadoop-ozone/integration-test/target/test-dir/MiniOzoneClusterImpl-5e97dea3-99a6-4a1a-83d8-52833a14f548/datanode-1/data/ratis] (custom)
2019-10-14 12:43:35,046 [pool-419-thread-1] INFO  server.RaftServerConfigKeys (ConfUtils.java:logGet(43)) - raft.server.log.corruption.policy = EXCEPTION (default)
2019-10-14 12:43:35,046 [pool-409-thread-1] INFO  impl.RaftServerImpl (RaftServerImpl.java:<init>(95)) - f415a011-bf04-42a9-bfe4-a2c91d6dceb5: new RaftServerImpl for group-7BC219FCF9F7:[f415a011-bf04-42a9-bfe4-a2c91d6dceb5:192.168.151.107:42142, 94b64f22-133c-45ad-ad28-450bbaa44dd0:192.168.151.107:43410, 318f8cfb-a2bd-4d9d-9aa9-de47c092d73d:192.168.151.107:44952] with ContainerStateMachine:uninitialized
2019-10-14 12:43:35,046 [pool-419-thread-1] INFO  storage.RaftStorageDirectory (RaftStorageDirectory.java:analyzeStorage(246)) - The storage directory /workdir/hadoop-ozone/integration-test/target/test-dir/MiniOzoneClusterImpl-5e97dea3-99a6-4a1a-83d8-52833a14f548/datanode-1/data/ratis/1e57068f-8c2c-4f58-a477-7bc219fcf9f7 does not exist. Creating ...
2019-10-14 12:43:35,047 [pool-409-thread-1] INFO  server.RaftServerConfigKeys (ConfUtils.java:logGet(43)) - raft.server.rpc.timeout.min = 5s (custom)
2019-10-14 12:43:35,047 [pool-429-thread-1] INFO  impl.RaftServerImpl (RaftServerImpl.java:<init>(95)) - 94b64f22-133c-45ad-ad28-450bbaa44dd0: new RaftServerImpl for group-7BC219FCF9F7:[f415a011-bf04-42a9-bfe4-a2c91d6dceb5:192.168.151.107:42142, 94b64f22-133c-45ad-ad28-450bbaa44dd0:192.168.151.107:43410, 318f8cfb-a2bd-4d9d-9aa9-de47c092d73d:192.168.151.107:44952] with ContainerStateMachine:uninitialized
2019-10-14 12:43:35,047 [pool-409-thread-1] INFO  server.RaftServerConfigKeys (ConfUtils.java:logGet(43)) - raft.server.rpc.timeout.max = 5200ms (custom)
2019-10-14 12:43:35,047 [pool-429-thread-1] INFO  server.RaftServerConfigKeys (ConfUtils.java:logGet(43)) - raft.server.rpc.timeout.min = 5s (custom)
2019-10-14 12:43:35,047 [pool-409-thread-1] INFO  server.RaftServerConfigKeys (ConfUtils.java:logGet(43)) - raft.server.rpcslowness.timeout = 120s (custom)
2019-10-14 12:43:35,047 [pool-429-thread-1] INFO  server.RaftServerConfigKeys (ConfUtils.java:logGet(43)) - raft.server.rpc.timeout.max = 5200ms (custom)
2019-10-14 12:43:35,047 [pool-409-thread-1] INFO  server.RaftServerConfigKeys (ConfUtils.java:logGet(43)) - raft.server.sleep.deviation.threshold = 300 (default)
2019-10-14 12:43:35,048 [pool-429-thread-1] INFO  server.RaftServerConfigKeys (ConfUtils.java:logGet(43)) - raft.server.rpcslowness.timeout = 120s (custom)
2019-10-14 12:43:35,048 [pool-409-thread-1] INFO  server.RaftServerConfigKeys (ConfUtils.java:logGet(43)) - raft.server.log.appender.install.snapshot.enabled = false (custom)
2019-10-14 12:43:35,048 [pool-429-thread-1] INFO  server.RaftServerConfigKeys (ConfUtils.java:logGet(43)) - raft.server.sleep.deviation.threshold = 300 (default)
2019-10-14 12:43:35,048 [pool-409-thread-1] INFO  impl.RaftServerImpl (ServerState.java:<init>(103)) - f415a011-bf04-42a9-bfe4-a2c91d6dceb5@group-7BC219FCF9F7: ConfigurationManager, init=-1: [f415a011-bf04-42a9-bfe4-a2c91d6dceb5:192.168.151.107:42142, 94b64f22-133c-45ad-ad28-450bbaa44dd0:192.168.151.107:43410, 318f8cfb-a2bd-4d9d-9aa9-de47c092d73d:192.168.151.107:44952], old=null, confs=<EMPTY_MAP>
2019-10-14 12:43:35,048 [pool-429-thread-1] INFO  server.RaftServerConfigKeys (ConfUtils.java:logGet(43)) - raft.server.log.appender.install.snapshot.enabled = false (custom)
2019-10-14 12:43:35,048 [pool-409-thread-1] INFO  server.RaftServerConfigKeys (ConfUtils.java:logGet(43)) - raft.server.storage.dir = [/workdir/hadoop-ozone/integration-test/target/test-dir/MiniOzoneClusterImpl-5e97dea3-99a6-4a1a-83d8-52833a14f548/datanode-0/data/ratis] (custom)
2019-10-14 12:43:35,048 [pool-429-thread-1] INFO  impl.RaftServerImpl (ServerState.java:<init>(103)) - 94b64f22-133c-45ad-ad28-450bbaa44dd0@group-7BC219FCF9F7: ConfigurationManager, init=-1: [f415a011-bf04-42a9-bfe4-a2c91d6dceb5:192.168.151.107:42142, 94b64f22-133c-45ad-ad28-450bbaa44dd0:192.168.151.107:43410, 318f8cfb-a2bd-4d9d-9aa9-de47c092d73d:192.168.151.107:44952], old=null, confs=<EMPTY_MAP>
2019-10-14 12:43:35,048 [pool-429-thread-1] INFO  server.RaftServerConfigKeys (ConfUtils.java:logGet(43)) - raft.server.storage.dir = [/workdir/hadoop-ozone/integration-test/target/test-dir/MiniOzoneClusterImpl-5e97dea3-99a6-4a1a-83d8-52833a14f548/datanode-2/data/ratis] (custom)
2019-10-14 12:43:35,049 [pool-409-thread-1] INFO  server.RaftServerConfigKeys (ConfUtils.java:logGet(43)) - raft.server.log.corruption.policy = EXCEPTION (default)
2019-10-14 12:43:35,049 [pool-429-thread-1] INFO  server.RaftServerConfigKeys (ConfUtils.java:logGet(43)) - raft.server.log.corruption.policy = EXCEPTION (default)
2019-10-14 12:43:35,049 [pool-409-thread-1] INFO  storage.RaftStorageDirectory (RaftStorageDirectory.java:analyzeStorage(246)) - The storage directory /workdir/hadoop-ozone/integration-test/target/test-dir/MiniOzoneClusterImpl-5e97dea3-99a6-4a1a-83d8-52833a14f548/datanode-0/data/ratis/1e57068f-8c2c-4f58-a477-7bc219fcf9f7 does not exist. Creating ...
2019-10-14 12:43:35,049 [pool-429-thread-1] INFO  storage.RaftStorageDirectory (RaftStorageDirectory.java:analyzeStorage(246)) - The storage directory /workdir/hadoop-ozone/integration-test/target/test-dir/MiniOzoneClusterImpl-5e97dea3-99a6-4a1a-83d8-52833a14f548/datanode-2/data/ratis/1e57068f-8c2c-4f58-a477-7bc219fcf9f7 does not exist. Creating ...
2019-10-14 12:43:35,071 [pool-429-thread-1] INFO  storage.RaftStorageDirectory (RaftStorageDirectory.java:tryLock(328)) - Lock on /workdir/hadoop-ozone/integration-test/target/test-dir/MiniOzoneClusterImpl-5e97dea3-99a6-4a1a-83d8-52833a14f548/datanode-2/data/ratis/1e57068f-8c2c-4f58-a477-7bc219fcf9f7/in_use.lock acquired by nodename 24103@pr-hdds-2299-hlwdq-549545603
2019-10-14 12:43:35,071 [pool-409-thread-1] INFO  storage.RaftStorageDirectory (RaftStorageDirectory.java:tryLock(328)) - Lock on /workdir/hadoop-ozone/integration-test/target/test-dir/MiniOzoneClusterImpl-5e97dea3-99a6-4a1a-83d8-52833a14f548/datanode-0/data/ratis/1e57068f-8c2c-4f58-a477-7bc219fcf9f7/in_use.lock acquired by nodename 24103@pr-hdds-2299-hlwdq-549545603
2019-10-14 12:43:35,071 [pool-419-thread-1] INFO  storage.RaftStorageDirectory (RaftStorageDirectory.java:tryLock(328)) - Lock on /workdir/hadoop-ozone/integration-test/target/test-dir/MiniOzoneClusterImpl-5e97dea3-99a6-4a1a-83d8-52833a14f548/datanode-1/data/ratis/1e57068f-8c2c-4f58-a477-7bc219fcf9f7/in_use.lock acquired by nodename 24103@pr-hdds-2299-hlwdq-549545603
2019-10-14 12:43:35,083 [pool-409-thread-1] INFO  storage.RaftStorage (RaftStorage.java:format(84)) - Storage directory /workdir/hadoop-ozone/integration-test/target/test-dir/MiniOzoneClusterImpl-5e97dea3-99a6-4a1a-83d8-52833a14f548/datanode-0/data/ratis/1e57068f-8c2c-4f58-a477-7bc219fcf9f7 has been successfully formatted.
2019-10-14 12:43:35,083 [pool-419-thread-1] INFO  storage.RaftStorage (RaftStorage.java:format(84)) - Storage directory /workdir/hadoop-ozone/integration-test/target/test-dir/MiniOzoneClusterImpl-5e97dea3-99a6-4a1a-83d8-52833a14f548/datanode-1/data/ratis/1e57068f-8c2c-4f58-a477-7bc219fcf9f7 has been successfully formatted.
2019-10-14 12:43:35,083 [pool-429-thread-1] INFO  storage.RaftStorage (RaftStorage.java:format(84)) - Storage directory /workdir/hadoop-ozone/integration-test/target/test-dir/MiniOzoneClusterImpl-5e97dea3-99a6-4a1a-83d8-52833a14f548/datanode-2/data/ratis/1e57068f-8c2c-4f58-a477-7bc219fcf9f7 has been successfully formatted.
2019-10-14 12:43:35,084 [pool-419-thread-1] INFO  ratis.ContainerStateMachine (ContainerStateMachine.java:loadSnapshot(231)) - group-7BC219FCF9F7: The snapshot info is null. Setting the last applied indexto:(t:0, i:~)
2019-10-14 12:43:35,084 [pool-409-thread-1] INFO  ratis.ContainerStateMachine (ContainerStateMachine.java:loadSnapshot(231)) - group-7BC219FCF9F7: The snapshot info is null. Setting the last applied indexto:(t:0, i:~)
2019-10-14 12:43:35,084 [pool-419-thread-1] INFO  server.RaftServerConfigKeys (ConfUtils.java:logGet(43)) - raft.server.notification.no-leader.timeout = 120s (custom)
2019-10-14 12:43:35,084 [pool-429-thread-1] INFO  ratis.ContainerStateMachine (ContainerStateMachine.java:loadSnapshot(231)) - group-7BC219FCF9F7: The snapshot info is null. Setting the last applied indexto:(t:0, i:~)
2019-10-14 12:43:35,084 [pool-419-thread-1] INFO  server.RaftServerConfigKeys (ConfUtils.java:logGet(43)) - raft.server.log.use.memory = false (default)
2019-10-14 12:43:35,084 [pool-409-thread-1] INFO  server.RaftServerConfigKeys (ConfUtils.java:logGet(43)) - raft.server.notification.no-leader.timeout = 120s (custom)
2019-10-14 12:43:35,085 [pool-419-thread-1] INFO  server.RaftServerConfigKeys (ConfUtils.java:logGet(43)) - raft.server.log.purge.gap = 1000000 (custom)
2019-10-14 12:43:35,085 [pool-429-thread-1] INFO  server.RaftServerConfigKeys (ConfUtils.java:logGet(43)) - raft.server.notification.no-leader.timeout = 120s (custom)
2019-10-14 12:43:35,085 [pool-419-thread-1] INFO  server.RaftServerConfigKeys (ConfUtils.java:logGet(43)) - raft.server.log.appender.buffer.byte-limit = 33554432 (custom)
2019-10-14 12:43:35,085 [pool-409-thread-1] INFO  server.RaftServerConfigKeys (ConfUtils.java:logGet(43)) - raft.server.log.use.memory = false (default)
2019-10-14 12:43:35,085 [pool-419-thread-1] INFO  server.RaftServerConfigKeys (ConfUtils.java:logGet(43)) - raft.server.log.segment.size.max = 1048576 (custom)
2019-10-14 12:43:35,085 [pool-429-thread-1] INFO  server.RaftServerConfigKeys (ConfUtils.java:logGet(43)) - raft.server.log.use.memory = false (default)
2019-10-14 12:43:35,085 [pool-419-thread-1] INFO  server.RaftServerConfigKeys (ConfUtils.java:logGet(43)) - raft.server.log.segment.cache.num.max = 2 (custom)
2019-10-14 12:43:35,085 [pool-409-thread-1] INFO  server.RaftServerConfigKeys (ConfUtils.java:logGet(43)) - raft.server.log.purge.gap = 1000000 (custom)
2019-10-14 12:43:35,086 [pool-419-thread-1] INFO  segmented.SegmentedRaftLogWorker (SegmentedRaftLogWorker.java:<init>(173)) - new 318f8cfb-a2bd-4d9d-9aa9-de47c092d73d@group-7BC219FCF9F7-SegmentedRaftLogWorker for RaftStorage:Storage Directory /workdir/hadoop-ozone/integration-test/target/test-dir/MiniOzoneClusterImpl-5e97dea3-99a6-4a1a-83d8-52833a14f548/datanode-1/data/ratis/1e57068f-8c2c-4f58-a477-7bc219fcf9f7
2019-10-14 12:43:35,086 [pool-429-thread-1] INFO  server.RaftServerConfigKeys (ConfUtils.java:logGet(43)) - raft.server.log.purge.gap = 1000000 (custom)
2019-10-14 12:43:35,086 [pool-419-thread-1] INFO  server.RaftServerConfigKeys (ConfUtils.java:logGet(43)) - raft.server.log.queue.byte-limit = 2147483647 (custom)
2019-10-14 12:43:35,086 [pool-409-thread-1] INFO  server.RaftServerConfigKeys (ConfUtils.java:logGet(43)) - raft.server.log.appender.buffer.byte-limit = 33554432 (custom)
2019-10-14 12:43:35,086 [pool-419-thread-1] INFO  server.RaftServerConfigKeys (ConfUtils.java:logGet(43)) - raft.server.log.queue.element-limit = 1024 (custom)
2019-10-14 12:43:35,086 [pool-429-thread-1] INFO  server.RaftServerConfigKeys (ConfUtils.java:logGet(43)) - raft.server.log.appender.buffer.byte-limit = 33554432 (custom)
2019-10-14 12:43:35,087 [pool-419-thread-1] INFO  server.RaftServerConfigKeys (ConfUtils.java:logGet(43)) - raft.server.log.segment.size.max = 1048576 (custom)
2019-10-14 12:43:35,086 [pool-409-thread-1] INFO  server.RaftServerConfigKeys (ConfUtils.java:logGet(43)) - raft.server.log.segment.size.max = 1048576 (custom)
2019-10-14 12:43:35,087 [pool-419-thread-1] INFO  server.RaftServerConfigKeys (ConfUtils.java:logGet(43)) - raft.server.log.preallocated.size = 16384 (custom)
2019-10-14 12:43:35,087 [pool-429-thread-1] INFO  server.RaftServerConfigKeys (ConfUtils.java:logGet(43)) - raft.server.log.segment.size.max = 1048576 (custom)
2019-10-14 12:43:35,087 [pool-419-thread-1] INFO  server.RaftServerConfigKeys (ConfUtils.java:logGet(43)) - raft.server.log.write.buffer.size = 33554432 (custom)
2019-10-14 12:43:35,087 [pool-419-thread-1] INFO  server.RaftServerConfigKeys (ConfUtils.java:logGet(43)) - raft.server.log.force.sync.num = 128 (default)
2019-10-14 12:43:35,087 [pool-409-thread-1] INFO  server.RaftServerConfigKeys (ConfUtils.java:logGet(43)) - raft.server.log.segment.cache.num.max = 2 (custom)
2019-10-14 12:43:35,087 [pool-419-thread-1] INFO  server.RaftServerConfigKeys (ConfUtils.java:logGet(43)) - raft.server.log.statemachine.data.sync = true (default)
2019-10-14 12:43:35,087 [pool-429-thread-1] INFO  server.RaftServerConfigKeys (ConfUtils.java:logGet(43)) - raft.server.log.segment.cache.num.max = 2 (custom)
2019-10-14 12:43:35,088 [pool-419-thread-1] INFO  server.RaftServerConfigKeys (ConfUtils.java:logGet(43)) - raft.server.log.statemachine.data.sync.timeout = 10s (default)
2019-10-14 12:43:35,088 [pool-409-thread-1] INFO  segmented.SegmentedRaftLogWorker (SegmentedRaftLogWorker.java:<init>(173)) - new f415a011-bf04-42a9-bfe4-a2c91d6dceb5@group-7BC219FCF9F7-SegmentedRaftLogWorker for RaftStorage:Storage Directory /workdir/hadoop-ozone/integration-test/target/test-dir/MiniOzoneClusterImpl-5e97dea3-99a6-4a1a-83d8-52833a14f548/datanode-0/data/ratis/1e57068f-8c2c-4f58-a477-7bc219fcf9f7
2019-10-14 12:43:35,088 [pool-419-thread-1] INFO  server.RaftServerConfigKeys (ConfUtils.java:logGet(43)) - raft.server.log.statemachine.data.sync.timeout.retry = -1 (default)
2019-10-14 12:43:35,088 [pool-429-thread-1] INFO  segmented.SegmentedRaftLogWorker (SegmentedRaftLogWorker.java:<init>(173)) - new 94b64f22-133c-45ad-ad28-450bbaa44dd0@group-7BC219FCF9F7-SegmentedRaftLogWorker for RaftStorage:Storage Directory /workdir/hadoop-ozone/integration-test/target/test-dir/MiniOzoneClusterImpl-5e97dea3-99a6-4a1a-83d8-52833a14f548/datanode-2/data/ratis/1e57068f-8c2c-4f58-a477-7bc219fcf9f7
2019-10-14 12:43:35,088 [pool-419-thread-1] INFO  server.RaftServerConfigKeys (ConfUtils.java:logGet(43)) - raft.server.log.statemachine.data.caching.enabled = true (custom)
2019-10-14 12:43:35,088 [pool-409-thread-1] INFO  server.RaftServerConfigKeys (ConfUtils.java:logGet(43)) - raft.server.log.queue.byte-limit = 2147483647 (custom)
2019-10-14 12:43:35,089 [pool-429-thread-1] INFO  server.RaftServerConfigKeys (ConfUtils.java:logGet(43)) - raft.server.log.queue.byte-limit = 2147483647 (custom)
2019-10-14 12:43:35,089 [pool-419-thread-1] INFO  segmented.SegmentedRaftLogWorker (SegmentedRaftLogWorker.java:lambda$new$0(128)) - 318f8cfb-a2bd-4d9d-9aa9-de47c092d73d@group-7BC219FCF9F7-SegmentedRaftLogWorker: flushIndex: setUnconditionally 0 -> -1
2019-10-14 12:43:35,089 [pool-409-thread-1] INFO  server.RaftServerConfigKeys (ConfUtils.java:logGet(43)) - raft.server.log.queue.element-limit = 1024 (custom)
2019-10-14 12:43:35,089 [pool-429-thread-1] INFO  server.RaftServerConfigKeys (ConfUtils.java:logGet(43)) - raft.server.log.queue.element-limit = 1024 (custom)
2019-10-14 12:43:35,089 [pool-409-thread-1] INFO  server.RaftServerConfigKeys (ConfUtils.java:logGet(43)) - raft.server.log.segment.size.max = 1048576 (custom)
2019-10-14 12:43:35,089 [pool-419-thread-1] INFO  server.RaftServerConfigKeys (ConfUtils.java:logGet(43)) - raft.server.snapshot.auto.trigger.enabled = true (custom)
2019-10-14 12:43:35,090 [pool-409-thread-1] INFO  server.RaftServerConfigKeys (ConfUtils.java:logGet(43)) - raft.server.log.preallocated.size = 16384 (custom)
2019-10-14 12:43:35,089 [pool-429-thread-1] INFO  server.RaftServerConfigKeys (ConfUtils.java:logGet(43)) - raft.server.log.segment.size.max = 1048576 (custom)
2019-10-14 12:43:35,090 [pool-409-thread-1] INFO  server.RaftServerConfigKeys (ConfUtils.java:logGet(43)) - raft.server.log.write.buffer.size = 33554432 (custom)
2019-10-14 12:43:35,090 [pool-419-thread-1] INFO  server.RaftServerConfigKeys (ConfUtils.java:logGet(43)) - raft.server.snapshot.auto.trigger.threshold = 10000 (custom)
2019-10-14 12:43:35,090 [pool-409-thread-1] INFO  server.RaftServerConfigKeys (ConfUtils.java:logGet(43)) - raft.server.log.force.sync.num = 128 (default)
2019-10-14 12:43:35,090 [pool-429-thread-1] INFO  server.RaftServerConfigKeys (ConfUtils.java:logGet(43)) - raft.server.log.preallocated.size = 16384 (custom)
2019-10-14 12:43:35,090 [pool-409-thread-1] INFO  server.RaftServerConfigKeys (ConfUtils.java:logGet(43)) - raft.server.log.statemachine.data.sync = true (default)
2019-10-14 12:43:35,090 [pool-419-thread-1] INFO  server.RaftServerConfigKeys (ConfUtils.java:logGet(43)) - raft.server.snapshot.retention.file.num = 5 (custom)
2019-10-14 12:43:35,091 [pool-409-thread-1] INFO  server.RaftServerConfigKeys (ConfUtils.java:logGet(43)) - raft.server.log.statemachine.data.sync.timeout = 10s (default)
2019-10-14 12:43:35,091 [pool-429-thread-1] INFO  server.RaftServerConfigKeys (ConfUtils.java:logGet(43)) - raft.server.log.write.buffer.size = 33554432 (custom)
2019-10-14 12:43:35,091 [pool-409-thread-1] INFO  server.RaftServerConfigKeys (ConfUtils.java:logGet(43)) - raft.server.log.statemachine.data.sync.timeout.retry = -1 (default)
2019-10-14 12:43:35,091 [pool-419-thread-1] INFO  server.RaftServerConfigKeys (ConfUtils.java:logGet(43)) - raft.server.retrycache.expirytime = 600000ms (custom)
2019-10-14 12:43:35,091 [pool-409-thread-1] INFO  server.RaftServerConfigKeys (ConfUtils.java:logGet(43)) - raft.server.log.statemachine.data.caching.enabled = true (custom)
2019-10-14 12:43:35,091 [pool-429-thread-1] INFO  server.RaftServerConfigKeys (ConfUtils.java:logGet(43)) - raft.server.log.force.sync.num = 128 (default)
2019-10-14 12:43:35,092 [pool-429-thread-1] INFO  server.RaftServerConfigKeys (ConfUtils.java:logGet(43)) - raft.server.log.statemachine.data.sync = true (default)
2019-10-14 12:43:35,092 [pool-409-thread-1] INFO  segmented.SegmentedRaftLogWorker (SegmentedRaftLogWorker.java:lambda$new$0(128)) - f415a011-bf04-42a9-bfe4-a2c91d6dceb5@group-7BC219FCF9F7-SegmentedRaftLogWorker: flushIndex: setUnconditionally 0 -> -1
2019-10-14 12:43:35,092 [pool-429-thread-1] INFO  server.RaftServerConfigKeys (ConfUtils.java:logGet(43)) - raft.server.log.statemachine.data.sync.timeout = 10s (default)
2019-10-14 12:43:35,092 [pool-429-thread-1] INFO  server.RaftServerConfigKeys (ConfUtils.java:logGet(43)) - raft.server.log.statemachine.data.sync.timeout.retry = -1 (default)
2019-10-14 12:43:35,092 [pool-409-thread-1] INFO  server.RaftServerConfigKeys (ConfUtils.java:logGet(43)) - raft.server.snapshot.auto.trigger.enabled = true (custom)
2019-10-14 12:43:35,092 [pool-429-thread-1] INFO  server.RaftServerConfigKeys (ConfUtils.java:logGet(43)) - raft.server.log.statemachine.data.caching.enabled = true (custom)
2019-10-14 12:43:35,092 [pool-409-thread-1] INFO  server.RaftServerConfigKeys (ConfUtils.java:logGet(43)) - raft.server.snapshot.auto.trigger.threshold = 10000 (custom)
2019-10-14 12:43:35,093 [pool-409-thread-1] INFO  server.RaftServerConfigKeys (ConfUtils.java:logGet(43)) - raft.server.snapshot.retention.file.num = 5 (custom)
2019-10-14 12:43:35,093 [pool-429-thread-1] INFO  segmented.SegmentedRaftLogWorker (SegmentedRaftLogWorker.java:lambda$new$0(128)) - 94b64f22-133c-45ad-ad28-450bbaa44dd0@group-7BC219FCF9F7-SegmentedRaftLogWorker: flushIndex: setUnconditionally 0 -> -1
2019-10-14 12:43:35,093 [pool-409-thread-1] INFO  server.RaftServerConfigKeys (ConfUtils.java:logGet(43)) - raft.server.retrycache.expirytime = 600000ms (custom)
2019-10-14 12:43:35,093 [pool-429-thread-1] INFO  server.RaftServerConfigKeys (ConfUtils.java:logGet(43)) - raft.server.snapshot.auto.trigger.enabled = true (custom)
2019-10-14 12:43:35,093 [pool-419-thread-1] INFO  impl.RaftServerImpl (RaftServerImpl.java:start(181)) - 318f8cfb-a2bd-4d9d-9aa9-de47c092d73d@group-7BC219FCF9F7: start as a follower, conf=-1: [f415a011-bf04-42a9-bfe4-a2c91d6dceb5:192.168.151.107:42142, 94b64f22-133c-45ad-ad28-450bbaa44dd0:192.168.151.107:43410, 318f8cfb-a2bd-4d9d-9aa9-de47c092d73d:192.168.151.107:44952], old=null
2019-10-14 12:43:35,093 [pool-429-thread-1] INFO  server.RaftServerConfigKeys (ConfUtils.java:logGet(43)) - raft.server.snapshot.auto.trigger.threshold = 10000 (custom)
2019-10-14 12:43:35,093 [pool-419-thread-1] INFO  impl.RaftServerImpl (RaftServerImpl.java:setRole(170)) - 318f8cfb-a2bd-4d9d-9aa9-de47c092d73d@group-7BC219FCF9F7: changes role from      null to FOLLOWER at term 0 for startAsFollower
2019-10-14 12:43:35,094 [pool-429-thread-1] INFO  server.RaftServerConfigKeys (ConfUtils.java:logGet(43)) - raft.server.snapshot.retention.file.num = 5 (custom)
2019-10-14 12:43:35,094 [pool-429-thread-1] INFO  server.RaftServerConfigKeys (ConfUtils.java:logGet(43)) - raft.server.retrycache.expirytime = 600000ms (custom)
2019-10-14 12:43:35,094 [pool-419-thread-1] INFO  impl.RoleInfo (RoleInfo.java:updateAndGet(143)) - 318f8cfb-a2bd-4d9d-9aa9-de47c092d73d: start FollowerState
2019-10-14 12:43:35,094 [pool-419-thread-1] INFO  util.JmxRegister (JmxRegister.java:tryRegister(44)) - Successfully registered JMX Bean with object name Ratis:service=RaftServer,group=group-7BC219FCF9F7,id=318f8cfb-a2bd-4d9d-9aa9-de47c092d73d
2019-10-14 12:43:35,096 [pool-409-thread-1] INFO  impl.RaftServerImpl (RaftServerImpl.java:start(181)) - f415a011-bf04-42a9-bfe4-a2c91d6dceb5@group-7BC219FCF9F7: start as a follower, conf=-1: [f415a011-bf04-42a9-bfe4-a2c91d6dceb5:192.168.151.107:42142, 94b64f22-133c-45ad-ad28-450bbaa44dd0:192.168.151.107:43410, 318f8cfb-a2bd-4d9d-9aa9-de47c092d73d:192.168.151.107:44952], old=null
2019-10-14 12:43:35,097 [pool-409-thread-1] INFO  impl.RaftServerImpl (RaftServerImpl.java:setRole(170)) - f415a011-bf04-42a9-bfe4-a2c91d6dceb5@group-7BC219FCF9F7: changes role from      null to FOLLOWER at term 0 for startAsFollower
2019-10-14 12:43:35,097 [pool-409-thread-1] INFO  impl.RoleInfo (RoleInfo.java:updateAndGet(143)) - f415a011-bf04-42a9-bfe4-a2c91d6dceb5: start FollowerState
2019-10-14 12:43:35,097 [pool-409-thread-1] INFO  util.JmxRegister (JmxRegister.java:tryRegister(44)) - Successfully registered JMX Bean with object name Ratis:service=RaftServer,group=group-7BC219FCF9F7,id=f415a011-bf04-42a9-bfe4-a2c91d6dceb5
2019-10-14 12:43:35,097 [pool-429-thread-1] INFO  impl.RaftServerImpl (RaftServerImpl.java:start(181)) - 94b64f22-133c-45ad-ad28-450bbaa44dd0@group-7BC219FCF9F7: start as a follower, conf=-1: [f415a011-bf04-42a9-bfe4-a2c91d6dceb5:192.168.151.107:42142, 94b64f22-133c-45ad-ad28-450bbaa44dd0:192.168.151.107:43410, 318f8cfb-a2bd-4d9d-9aa9-de47c092d73d:192.168.151.107:44952], old=null
2019-10-14 12:43:35,097 [pool-429-thread-1] INFO  impl.RaftServerImpl (RaftServerImpl.java:setRole(170)) - 94b64f22-133c-45ad-ad28-450bbaa44dd0@group-7BC219FCF9F7: changes role from      null to FOLLOWER at term 0 for startAsFollower
2019-10-14 12:43:35,098 [pool-429-thread-1] INFO  impl.RoleInfo (RoleInfo.java:updateAndGet(143)) - 94b64f22-133c-45ad-ad28-450bbaa44dd0: start FollowerState
2019-10-14 12:43:35,098 [pool-429-thread-1] INFO  util.JmxRegister (JmxRegister.java:tryRegister(44)) - Successfully registered JMX Bean with object name Ratis:service=RaftServer,group=group-7BC219FCF9F7,id=94b64f22-133c-45ad-ad28-450bbaa44dd0
2019-10-14 12:43:35,111 [IPC Server handler 4 on 40520] INFO  net.NetworkTopology (NetworkTopologyImpl.java:add(111)) - Added a new node: /default-rack/3d3c9ba1-31bc-4814-8b33-081f8b7ff4a0
2019-10-14 12:43:35,111 [IPC Server handler 4 on 40520] INFO  node.SCMNodeManager (SCMNodeManager.java:register(268)) - Registered Data node : 3d3c9ba1-31bc-4814-8b33-081f8b7ff4a0{ip: 192.168.151.107, host: pr-hdds-2299-hlwdq-549545603, networkLocation: /default-rack, certSerialId: null}
2019-10-14 12:43:35,112 [RatisPipelineUtilsThread] INFO  pipeline.PipelineStateManager (PipelineStateManager.java:addPipeline(56)) - Created pipeline Pipeline[ Id: 1e57068f-8c2c-4f58-a477-7bc219fcf9f7, Nodes: 94b64f22-133c-45ad-ad28-450bbaa44dd0{ip: 192.168.151.107, host: pr-hdds-2299-hlwdq-549545603, networkLocation: /default-rack, certSerialId: null}318f8cfb-a2bd-4d9d-9aa9-de47c092d73d{ip: 192.168.151.107, host: pr-hdds-2299-hlwdq-549545603, networkLocation: /default-rack, certSerialId: null}f415a011-bf04-42a9-bfe4-a2c91d6dceb5{ip: 192.168.151.107, host: pr-hdds-2299-hlwdq-549545603, networkLocation: /default-rack, certSerialId: null}, Type:RATIS, Factor:THREE, State:OPEN]
2019-10-14 12:43:35,121 [grpc-default-executor-1] INFO  impl.RaftServerProxy (RaftServerProxy.java:addNew(89)) - 8a8ff637-77fd-447d-9d9b-3a3b1f3f2542: addNew group-5A2C51E97E7C:[8a8ff637-77fd-447d-9d9b-3a3b1f3f2542:192.168.151.107:45707] returns group-5A2C51E97E7C:java.util.concurrent.CompletableFuture@239ad899[Not completed]
2019-10-14 12:43:35,122 [pool-439-thread-1] INFO  impl.RaftServerImpl (RaftServerImpl.java:<init>(95)) - 8a8ff637-77fd-447d-9d9b-3a3b1f3f2542: new RaftServerImpl for group-5A2C51E97E7C:[8a8ff637-77fd-447d-9d9b-3a3b1f3f2542:192.168.151.107:45707] with ContainerStateMachine:uninitialized
2019-10-14 12:43:35,124 [pool-439-thread-1] INFO  server.RaftServerConfigKeys (ConfUtils.java:logGet(43)) - raft.server.rpc.timeout.min = 5s (custom)
2019-10-14 12:43:35,125 [pool-439-thread-1] INFO  server.RaftServerConfigKeys (ConfUtils.java:logGet(43)) - raft.server.rpc.timeout.max = 5200ms (custom)
2019-10-14 12:43:35,125 [pool-439-thread-1] INFO  server.RaftServerConfigKeys (ConfUtils.java:logGet(43)) - raft.server.rpcslowness.timeout = 120s (custom)
2019-10-14 12:43:35,125 [pool-439-thread-1] INFO  server.RaftServerConfigKeys (ConfUtils.java:logGet(43)) - raft.server.sleep.deviation.threshold = 300 (default)
2019-10-14 12:43:35,125 [pool-439-thread-1] INFO  server.RaftServerConfigKeys (ConfUtils.java:logGet(43)) - raft.server.log.appender.install.snapshot.enabled = false (custom)
2019-10-14 12:43:35,125 [pool-439-thread-1] INFO  impl.RaftServerImpl (ServerState.java:<init>(103)) - 8a8ff637-77fd-447d-9d9b-3a3b1f3f2542@group-5A2C51E97E7C: ConfigurationManager, init=-1: [8a8ff637-77fd-447d-9d9b-3a3b1f3f2542:192.168.151.107:45707], old=null, confs=<EMPTY_MAP>
2019-10-14 12:43:35,125 [pool-439-thread-1] INFO  server.RaftServerConfigKeys (ConfUtils.java:logGet(43)) - raft.server.storage.dir = [/workdir/hadoop-ozone/integration-test/target/test-dir/MiniOzoneClusterImpl-5e97dea3-99a6-4a1a-83d8-52833a14f548/datanode-3/data/ratis] (custom)
2019-10-14 12:43:35,125 [pool-439-thread-1] INFO  server.RaftServerConfigKeys (ConfUtils.java:logGet(43)) - raft.server.log.corruption.policy = EXCEPTION (default)
2019-10-14 12:43:35,125 [pool-439-thread-1] INFO  storage.RaftStorageDirectory (RaftStorageDirectory.java:analyzeStorage(246)) - The storage directory /workdir/hadoop-ozone/integration-test/target/test-dir/MiniOzoneClusterImpl-5e97dea3-99a6-4a1a-83d8-52833a14f548/datanode-3/data/ratis/b68f24cf-6257-40f7-86d5-5a2c51e97e7c does not exist. Creating ...
2019-10-14 12:43:35,137 [pool-439-thread-1] INFO  storage.RaftStorageDirectory (RaftStorageDirectory.java:tryLock(328)) - Lock on /workdir/hadoop-ozone/integration-test/target/test-dir/MiniOzoneClusterImpl-5e97dea3-99a6-4a1a-83d8-52833a14f548/datanode-3/data/ratis/b68f24cf-6257-40f7-86d5-5a2c51e97e7c/in_use.lock acquired by nodename 24103@pr-hdds-2299-hlwdq-549545603
2019-10-14 12:43:35,148 [pool-439-thread-1] INFO  storage.RaftStorage (RaftStorage.java:format(84)) - Storage directory /workdir/hadoop-ozone/integration-test/target/test-dir/MiniOzoneClusterImpl-5e97dea3-99a6-4a1a-83d8-52833a14f548/datanode-3/data/ratis/b68f24cf-6257-40f7-86d5-5a2c51e97e7c has been successfully formatted.
2019-10-14 12:43:35,148 [pool-439-thread-1] INFO  ratis.ContainerStateMachine (ContainerStateMachine.java:loadSnapshot(231)) - group-5A2C51E97E7C: The snapshot info is null. Setting the last applied indexto:(t:0, i:~)
2019-10-14 12:43:35,149 [pool-439-thread-1] INFO  server.RaftServerConfigKeys (ConfUtils.java:logGet(43)) - raft.server.notification.no-leader.timeout = 120s (custom)
2019-10-14 12:43:35,149 [pool-439-thread-1] INFO  server.RaftServerConfigKeys (ConfUtils.java:logGet(43)) - raft.server.log.use.memory = false (default)
2019-10-14 12:43:35,149 [pool-439-thread-1] INFO  server.RaftServerConfigKeys (ConfUtils.java:logGet(43)) - raft.server.log.purge.gap = 1000000 (custom)
2019-10-14 12:43:35,149 [pool-439-thread-1] INFO  server.RaftServerConfigKeys (ConfUtils.java:logGet(43)) - raft.server.log.appender.buffer.byte-limit = 33554432 (custom)
2019-10-14 12:43:35,149 [pool-439-thread-1] INFO  server.RaftServerConfigKeys (ConfUtils.java:logGet(43)) - raft.server.log.segment.size.max = 1048576 (custom)
2019-10-14 12:43:35,150 [pool-439-thread-1] INFO  server.RaftServerConfigKeys (ConfUtils.java:logGet(43)) - raft.server.log.segment.cache.num.max = 2 (custom)
2019-10-14 12:43:35,150 [pool-439-thread-1] INFO  segmented.SegmentedRaftLogWorker (SegmentedRaftLogWorker.java:<init>(173)) - new 8a8ff637-77fd-447d-9d9b-3a3b1f3f2542@group-5A2C51E97E7C-SegmentedRaftLogWorker for RaftStorage:Storage Directory /workdir/hadoop-ozone/integration-test/target/test-dir/MiniOzoneClusterImpl-5e97dea3-99a6-4a1a-83d8-52833a14f548/datanode-3/data/ratis/b68f24cf-6257-40f7-86d5-5a2c51e97e7c
2019-10-14 12:43:35,150 [pool-439-thread-1] INFO  server.RaftServerConfigKeys (ConfUtils.java:logGet(43)) - raft.server.log.queue.byte-limit = 2147483647 (custom)
2019-10-14 12:43:35,151 [pool-439-thread-1] INFO  server.RaftServerConfigKeys (ConfUtils.java:logGet(43)) - raft.server.log.queue.element-limit = 1024 (custom)
2019-10-14 12:43:35,151 [pool-439-thread-1] INFO  server.RaftServerConfigKeys (ConfUtils.java:logGet(43)) - raft.server.log.segment.size.max = 1048576 (custom)
2019-10-14 12:43:35,151 [pool-439-thread-1] INFO  server.RaftServerConfigKeys (ConfUtils.java:logGet(43)) - raft.server.log.preallocated.size = 16384 (custom)
2019-10-14 12:43:35,151 [pool-439-thread-1] INFO  server.RaftServerConfigKeys (ConfUtils.java:logGet(43)) - raft.server.log.write.buffer.size = 33554432 (custom)
2019-10-14 12:43:35,151 [pool-439-thread-1] INFO  server.RaftServerConfigKeys (ConfUtils.java:logGet(43)) - raft.server.log.force.sync.num = 128 (default)
2019-10-14 12:43:35,151 [pool-439-thread-1] INFO  server.RaftServerConfigKeys (ConfUtils.java:logGet(43)) - raft.server.log.statemachine.data.sync = true (default)
2019-10-14 12:43:35,151 [pool-439-thread-1] INFO  server.RaftServerConfigKeys (ConfUtils.java:logGet(43)) - raft.server.log.statemachine.data.sync.timeout = 10s (default)
2019-10-14 12:43:35,151 [pool-439-thread-1] INFO  server.RaftServerConfigKeys (ConfUtils.java:logGet(43)) - raft.server.log.statemachine.data.sync.timeout.retry = -1 (default)
2019-10-14 12:43:35,152 [pool-439-thread-1] INFO  server.RaftServerConfigKeys (ConfUtils.java:logGet(43)) - raft.server.log.statemachine.data.caching.enabled = true (custom)
2019-10-14 12:43:35,152 [pool-439-thread-1] INFO  segmented.SegmentedRaftLogWorker (SegmentedRaftLogWorker.java:lambda$new$0(128)) - 8a8ff637-77fd-447d-9d9b-3a3b1f3f2542@group-5A2C51E97E7C-SegmentedRaftLogWorker: flushIndex: setUnconditionally 0 -> -1
2019-10-14 12:43:35,152 [pool-439-thread-1] INFO  server.RaftServerConfigKeys (ConfUtils.java:logGet(43)) - raft.server.snapshot.auto.trigger.enabled = true (custom)
2019-10-14 12:43:35,152 [pool-439-thread-1] INFO  server.RaftServerConfigKeys (ConfUtils.java:logGet(43)) - raft.server.snapshot.auto.trigger.threshold = 10000 (custom)
2019-10-14 12:43:35,152 [pool-439-thread-1] INFO  server.RaftServerConfigKeys (ConfUtils.java:logGet(43)) - raft.server.snapshot.retention.file.num = 5 (custom)
2019-10-14 12:43:35,152 [pool-439-thread-1] INFO  server.RaftServerConfigKeys (ConfUtils.java:logGet(43)) - raft.server.retrycache.expirytime = 600000ms (custom)
2019-10-14 12:43:35,154 [pool-439-thread-1] INFO  impl.RaftServerImpl (RaftServerImpl.java:start(181)) - 8a8ff637-77fd-447d-9d9b-3a3b1f3f2542@group-5A2C51E97E7C: start as a follower, conf=-1: [8a8ff637-77fd-447d-9d9b-3a3b1f3f2542:192.168.151.107:45707], old=null
2019-10-14 12:43:35,154 [pool-439-thread-1] INFO  impl.RaftServerImpl (RaftServerImpl.java:setRole(170)) - 8a8ff637-77fd-447d-9d9b-3a3b1f3f2542@group-5A2C51E97E7C: changes role from      null to FOLLOWER at term 0 for startAsFollower
2019-10-14 12:43:35,154 [pool-439-thread-1] INFO  impl.RoleInfo (RoleInfo.java:updateAndGet(143)) - 8a8ff637-77fd-447d-9d9b-3a3b1f3f2542: start FollowerState
2019-10-14 12:43:35,163 [pool-439-thread-1] INFO  util.JmxRegister (JmxRegister.java:tryRegister(44)) - Successfully registered JMX Bean with object name Ratis:service=RaftServer,group=group-5A2C51E97E7C,id=8a8ff637-77fd-447d-9d9b-3a3b1f3f2542
2019-10-14 12:43:35,175 [IPC Server handler 2 on 40520] INFO  net.NetworkTopology (NetworkTopologyImpl.java:add(111)) - Added a new node: /default-rack/8eca786c-f17c-46c4-a407-e9e275d1403c
2019-10-14 12:43:35,175 [IPC Server handler 2 on 40520] INFO  node.SCMNodeManager (SCMNodeManager.java:register(268)) - Registered Data node : 8eca786c-f17c-46c4-a407-e9e275d1403c{ip: 192.168.151.107, host: pr-hdds-2299-hlwdq-549545603, networkLocation: /default-rack, certSerialId: null}
2019-10-14 12:43:35,175 [RatisPipelineUtilsThread] INFO  pipeline.PipelineStateManager (PipelineStateManager.java:addPipeline(56)) - Created pipeline Pipeline[ Id: b68f24cf-6257-40f7-86d5-5a2c51e97e7c, Nodes: 8a8ff637-77fd-447d-9d9b-3a3b1f3f2542{ip: 192.168.151.107, host: pr-hdds-2299-hlwdq-549545603, networkLocation: /default-rack, certSerialId: null}, Type:RATIS, Factor:ONE, State:OPEN]
2019-10-14 12:43:35,182 [grpc-default-executor-1] INFO  impl.RaftServerProxy (RaftServerProxy.java:addNew(89)) - 3d3c9ba1-31bc-4814-8b33-081f8b7ff4a0: addNew group-79C1563001E6:[3d3c9ba1-31bc-4814-8b33-081f8b7ff4a0:192.168.151.107:44563] returns group-79C1563001E6:java.util.concurrent.CompletableFuture@3c8ece0b[Not completed]
2019-10-14 12:43:35,183 [pool-449-thread-1] INFO  impl.RaftServerImpl (RaftServerImpl.java:<init>(95)) - 3d3c9ba1-31bc-4814-8b33-081f8b7ff4a0: new RaftServerImpl for group-79C1563001E6:[3d3c9ba1-31bc-4814-8b33-081f8b7ff4a0:192.168.151.107:44563] with ContainerStateMachine:uninitialized
2019-10-14 12:43:35,183 [pool-449-thread-1] INFO  server.RaftServerConfigKeys (ConfUtils.java:logGet(43)) - raft.server.rpc.timeout.min = 5s (custom)
2019-10-14 12:43:35,184 [pool-449-thread-1] INFO  server.RaftServerConfigKeys (ConfUtils.java:logGet(43)) - raft.server.rpc.timeout.max = 5200ms (custom)
2019-10-14 12:43:35,184 [pool-449-thread-1] INFO  server.RaftServerConfigKeys (ConfUtils.java:logGet(43)) - raft.server.rpcslowness.timeout = 120s (custom)
2019-10-14 12:43:35,184 [pool-449-thread-1] INFO  server.RaftServerConfigKeys (ConfUtils.java:logGet(43)) - raft.server.sleep.deviation.threshold = 300 (default)
2019-10-14 12:43:35,184 [pool-449-thread-1] INFO  server.RaftServerConfigKeys (ConfUtils.java:logGet(43)) - raft.server.log.appender.install.snapshot.enabled = false (custom)
2019-10-14 12:43:35,184 [pool-449-thread-1] INFO  impl.RaftServerImpl (ServerState.java:<init>(103)) - 3d3c9ba1-31bc-4814-8b33-081f8b7ff4a0@group-79C1563001E6: ConfigurationManager, init=-1: [3d3c9ba1-31bc-4814-8b33-081f8b7ff4a0:192.168.151.107:44563], old=null, confs=<EMPTY_MAP>
2019-10-14 12:43:35,184 [pool-449-thread-1] INFO  server.RaftServerConfigKeys (ConfUtils.java:logGet(43)) - raft.server.storage.dir = [/workdir/hadoop-ozone/integration-test/target/test-dir/MiniOzoneClusterImpl-5e97dea3-99a6-4a1a-83d8-52833a14f548/datanode-4/data/ratis] (custom)
2019-10-14 12:43:35,185 [pool-449-thread-1] INFO  server.RaftServerConfigKeys (ConfUtils.java:logGet(43)) - raft.server.log.corruption.policy = EXCEPTION (default)
2019-10-14 12:43:35,185 [pool-449-thread-1] INFO  storage.RaftStorageDirectory (RaftStorageDirectory.java:analyzeStorage(246)) - The storage directory /workdir/hadoop-ozone/integration-test/target/test-dir/MiniOzoneClusterImpl-5e97dea3-99a6-4a1a-83d8-52833a14f548/datanode-4/data/ratis/4e21fc2c-3f6c-4367-a0e5-79c1563001e6 does not exist. Creating ...
2019-10-14 12:43:35,204 [pool-449-thread-1] INFO  storage.RaftStorageDirectory (RaftStorageDirectory.java:tryLock(328)) - Lock on /workdir/hadoop-ozone/integration-test/target/test-dir/MiniOzoneClusterImpl-5e97dea3-99a6-4a1a-83d8-52833a14f548/datanode-4/data/ratis/4e21fc2c-3f6c-4367-a0e5-79c1563001e6/in_use.lock acquired by nodename 24103@pr-hdds-2299-hlwdq-549545603
2019-10-14 12:43:35,207 [pool-449-thread-1] INFO  storage.RaftStorage (RaftStorage.java:format(84)) - Storage directory /workdir/hadoop-ozone/integration-test/target/test-dir/MiniOzoneClusterImpl-5e97dea3-99a6-4a1a-83d8-52833a14f548/datanode-4/data/ratis/4e21fc2c-3f6c-4367-a0e5-79c1563001e6 has been successfully formatted.
2019-10-14 12:43:35,207 [pool-449-thread-1] INFO  ratis.ContainerStateMachine (ContainerStateMachine.java:loadSnapshot(231)) - group-79C1563001E6: The snapshot info is null. Setting the last applied indexto:(t:0, i:~)
2019-10-14 12:43:35,207 [pool-449-thread-1] INFO  server.RaftServerConfigKeys (ConfUtils.java:logGet(43)) - raft.server.notification.no-leader.timeout = 120s (custom)
2019-10-14 12:43:35,207 [pool-449-thread-1] INFO  server.RaftServerConfigKeys (ConfUtils.java:logGet(43)) - raft.server.log.use.memory = false (default)
2019-10-14 12:43:35,208 [pool-449-thread-1] INFO  server.RaftServerConfigKeys (ConfUtils.java:logGet(43)) - raft.server.log.purge.gap = 1000000 (custom)
2019-10-14 12:43:35,208 [pool-449-thread-1] INFO  server.RaftServerConfigKeys (ConfUtils.java:logGet(43)) - raft.server.log.appender.buffer.byte-limit = 33554432 (custom)
2019-10-14 12:43:35,208 [pool-449-thread-1] INFO  server.RaftServerConfigKeys (ConfUtils.java:logGet(43)) - raft.server.log.segment.size.max = 1048576 (custom)
2019-10-14 12:43:35,210 [pool-449-thread-1] INFO  server.RaftServerConfigKeys (ConfUtils.java:logGet(43)) - raft.server.log.segment.cache.num.max = 2 (custom)
2019-10-14 12:43:35,210 [pool-449-thread-1] INFO  segmented.SegmentedRaftLogWorker (SegmentedRaftLogWorker.java:<init>(173)) - new 3d3c9ba1-31bc-4814-8b33-081f8b7ff4a0@group-79C1563001E6-SegmentedRaftLogWorker for RaftStorage:Storage Directory /workdir/hadoop-ozone/integration-test/target/test-dir/MiniOzoneClusterImpl-5e97dea3-99a6-4a1a-83d8-52833a14f548/datanode-4/data/ratis/4e21fc2c-3f6c-4367-a0e5-79c1563001e6
2019-10-14 12:43:35,210 [pool-449-thread-1] INFO  server.RaftServerConfigKeys (ConfUtils.java:logGet(43)) - raft.server.log.queue.byte-limit = 2147483647 (custom)
2019-10-14 12:43:35,210 [pool-449-thread-1] INFO  server.RaftServerConfigKeys (ConfUtils.java:logGet(43)) - raft.server.log.queue.element-limit = 1024 (custom)
2019-10-14 12:43:35,210 [pool-449-thread-1] INFO  server.RaftServerConfigKeys (ConfUtils.java:logGet(43)) - raft.server.log.segment.size.max = 1048576 (custom)
2019-10-14 12:43:35,210 [pool-449-thread-1] INFO  server.RaftServerConfigKeys (ConfUtils.java:logGet(43)) - raft.server.log.preallocated.size = 16384 (custom)
2019-10-14 12:43:35,210 [pool-449-thread-1] INFO  server.RaftServerConfigKeys (ConfUtils.java:logGet(43)) - raft.server.log.write.buffer.size = 33554432 (custom)
2019-10-14 12:43:35,210 [pool-449-thread-1] INFO  server.RaftServerConfigKeys (ConfUtils.java:logGet(43)) - raft.server.log.force.sync.num = 128 (default)
2019-10-14 12:43:35,210 [pool-449-thread-1] INFO  server.RaftServerConfigKeys (ConfUtils.java:logGet(43)) - raft.server.log.statemachine.data.sync = true (default)
2019-10-14 12:43:35,211 [pool-449-thread-1] INFO  server.RaftServerConfigKeys (ConfUtils.java:logGet(43)) - raft.server.log.statemachine.data.sync.timeout = 10s (default)
2019-10-14 12:43:35,211 [pool-449-thread-1] INFO  server.RaftServerConfigKeys (ConfUtils.java:logGet(43)) - raft.server.log.statemachine.data.sync.timeout.retry = -1 (default)
2019-10-14 12:43:35,211 [pool-449-thread-1] INFO  server.RaftServerConfigKeys (ConfUtils.java:logGet(43)) - raft.server.log.statemachine.data.caching.enabled = true (custom)
2019-10-14 12:43:35,211 [pool-449-thread-1] INFO  segmented.SegmentedRaftLogWorker (SegmentedRaftLogWorker.java:lambda$new$0(128)) - 3d3c9ba1-31bc-4814-8b33-081f8b7ff4a0@group-79C1563001E6-SegmentedRaftLogWorker: flushIndex: setUnconditionally 0 -> -1
2019-10-14 12:43:35,212 [pool-449-thread-1] INFO  server.RaftServerConfigKeys (ConfUtils.java:logGet(43)) - raft.server.snapshot.auto.trigger.enabled = true (custom)
2019-10-14 12:43:35,212 [pool-449-thread-1] INFO  server.RaftServerConfigKeys (ConfUtils.java:logGet(43)) - raft.server.snapshot.auto.trigger.threshold = 10000 (custom)
2019-10-14 12:43:35,212 [pool-449-thread-1] INFO  server.RaftServerConfigKeys (ConfUtils.java:logGet(43)) - raft.server.snapshot.retention.file.num = 5 (custom)
2019-10-14 12:43:35,212 [pool-449-thread-1] INFO  server.RaftServerConfigKeys (ConfUtils.java:logGet(43)) - raft.server.retrycache.expirytime = 600000ms (custom)
2019-10-14 12:43:35,214 [pool-449-thread-1] INFO  impl.RaftServerImpl (RaftServerImpl.java:start(181)) - 3d3c9ba1-31bc-4814-8b33-081f8b7ff4a0@group-79C1563001E6: start as a follower, conf=-1: [3d3c9ba1-31bc-4814-8b33-081f8b7ff4a0:192.168.151.107:44563], old=null
2019-10-14 12:43:35,214 [pool-449-thread-1] INFO  impl.RaftServerImpl (RaftServerImpl.java:setRole(170)) - 3d3c9ba1-31bc-4814-8b33-081f8b7ff4a0@group-79C1563001E6: changes role from      null to FOLLOWER at term 0 for startAsFollower
2019-10-14 12:43:35,214 [pool-449-thread-1] INFO  impl.RoleInfo (RoleInfo.java:updateAndGet(143)) - 3d3c9ba1-31bc-4814-8b33-081f8b7ff4a0: start FollowerState
2019-10-14 12:43:35,214 [pool-449-thread-1] INFO  util.JmxRegister (JmxRegister.java:tryRegister(44)) - Successfully registered JMX Bean with object name Ratis:service=RaftServer,group=group-79C1563001E6,id=3d3c9ba1-31bc-4814-8b33-081f8b7ff4a0
2019-10-14 12:43:35,219 [RatisPipelineUtilsThread] INFO  pipeline.PipelineStateManager (PipelineStateManager.java:addPipeline(56)) - Created pipeline Pipeline[ Id: 4e21fc2c-3f6c-4367-a0e5-79c1563001e6, Nodes: 3d3c9ba1-31bc-4814-8b33-081f8b7ff4a0{ip: 192.168.151.107, host: pr-hdds-2299-hlwdq-549545603, networkLocation: /default-rack, certSerialId: null}, Type:RATIS, Factor:ONE, State:OPEN]
2019-10-14 12:43:35,225 [grpc-default-executor-1] INFO  impl.RaftServerProxy (RaftServerProxy.java:addNew(89)) - 8eca786c-f17c-46c4-a407-e9e275d1403c: addNew group-BC743F32CA80:[8eca786c-f17c-46c4-a407-e9e275d1403c:192.168.151.107:44578] returns group-BC743F32CA80:java.util.concurrent.CompletableFuture@74003585[Not completed]
2019-10-14 12:43:35,226 [pool-459-thread-1] INFO  impl.RaftServerImpl (RaftServerImpl.java:<init>(95)) - 8eca786c-f17c-46c4-a407-e9e275d1403c: new RaftServerImpl for group-BC743F32CA80:[8eca786c-f17c-46c4-a407-e9e275d1403c:192.168.151.107:44578] with ContainerStateMachine:uninitialized
2019-10-14 12:43:35,226 [pool-459-thread-1] INFO  server.RaftServerConfigKeys (ConfUtils.java:logGet(43)) - raft.server.rpc.timeout.min = 5s (custom)
2019-10-14 12:43:35,226 [pool-459-thread-1] INFO  server.RaftServerConfigKeys (ConfUtils.java:logGet(43)) - raft.server.rpc.timeout.max = 5200ms (custom)
2019-10-14 12:43:35,226 [pool-459-thread-1] INFO  server.RaftServerConfigKeys (ConfUtils.java:logGet(43)) - raft.server.rpcslowness.timeout = 120s (custom)
2019-10-14 12:43:35,226 [pool-459-thread-1] INFO  server.RaftServerConfigKeys (ConfUtils.java:logGet(43)) - raft.server.sleep.deviation.threshold = 300 (default)
2019-10-14 12:43:35,227 [pool-459-thread-1] INFO  server.RaftServerConfigKeys (ConfUtils.java:logGet(43)) - raft.server.log.appender.install.snapshot.enabled = false (custom)
2019-10-14 12:43:35,227 [pool-459-thread-1] INFO  impl.RaftServerImpl (ServerState.java:<init>(103)) - 8eca786c-f17c-46c4-a407-e9e275d1403c@group-BC743F32CA80: ConfigurationManager, init=-1: [8eca786c-f17c-46c4-a407-e9e275d1403c:192.168.151.107:44578], old=null, confs=<EMPTY_MAP>
2019-10-14 12:43:35,227 [pool-459-thread-1] INFO  server.RaftServerConfigKeys (ConfUtils.java:logGet(43)) - raft.server.storage.dir = [/workdir/hadoop-ozone/integration-test/target/test-dir/MiniOzoneClusterImpl-5e97dea3-99a6-4a1a-83d8-52833a14f548/datanode-5/data/ratis] (custom)
2019-10-14 12:43:35,227 [pool-459-thread-1] INFO  server.RaftServerConfigKeys (ConfUtils.java:logGet(43)) - raft.server.log.corruption.policy = EXCEPTION (default)
2019-10-14 12:43:35,227 [pool-459-thread-1] INFO  storage.RaftStorageDirectory (RaftStorageDirectory.java:analyzeStorage(246)) - The storage directory /workdir/hadoop-ozone/integration-test/target/test-dir/MiniOzoneClusterImpl-5e97dea3-99a6-4a1a-83d8-52833a14f548/datanode-5/data/ratis/857e34da-53df-4cae-ae4d-bc743f32ca80 does not exist. Creating ...
2019-10-14 12:43:35,233 [pool-459-thread-1] INFO  storage.RaftStorageDirectory (RaftStorageDirectory.java:tryLock(328)) - Lock on /workdir/hadoop-ozone/integration-test/target/test-dir/MiniOzoneClusterImpl-5e97dea3-99a6-4a1a-83d8-52833a14f548/datanode-5/data/ratis/857e34da-53df-4cae-ae4d-bc743f32ca80/in_use.lock acquired by nodename 24103@pr-hdds-2299-hlwdq-549545603
2019-10-14 12:43:35,242 [main] INFO  ozone.MiniOzoneClusterImpl (MiniOzoneClusterImpl.java:lambda$waitForClusterToBeReady$0(147)) - Waiting for cluster to be ready. Got 6 of 7 DN Heartbeats.
2019-10-14 12:43:35,242 [IPC Server handler 1 on 40520] INFO  net.NetworkTopology (NetworkTopologyImpl.java:add(111)) - Added a new node: /default-rack/963a71de-ad96-439a-9c43-fb233e6f682e
2019-10-14 12:43:35,242 [IPC Server handler 1 on 40520] INFO  node.SCMNodeManager (SCMNodeManager.java:register(268)) - Registered Data node : 963a71de-ad96-439a-9c43-fb233e6f682e{ip: 192.168.151.107, host: pr-hdds-2299-hlwdq-549545603, networkLocation: /default-rack, certSerialId: null}
2019-10-14 12:43:35,249 [pool-459-thread-1] INFO  storage.RaftStorage (RaftStorage.java:format(84)) - Storage directory /workdir/hadoop-ozone/integration-test/target/test-dir/MiniOzoneClusterImpl-5e97dea3-99a6-4a1a-83d8-52833a14f548/datanode-5/data/ratis/857e34da-53df-4cae-ae4d-bc743f32ca80 has been successfully formatted.
2019-10-14 12:43:35,250 [pool-459-thread-1] INFO  ratis.ContainerStateMachine (ContainerStateMachine.java:loadSnapshot(231)) - group-BC743F32CA80: The snapshot info is null. Setting the last applied indexto:(t:0, i:~)
2019-10-14 12:43:35,250 [pool-459-thread-1] INFO  server.RaftServerConfigKeys (ConfUtils.java:logGet(43)) - raft.server.notification.no-leader.timeout = 120s (custom)
2019-10-14 12:43:35,250 [pool-459-thread-1] INFO  server.RaftServerConfigKeys (ConfUtils.java:logGet(43)) - raft.server.log.use.memory = false (default)
2019-10-14 12:43:35,250 [pool-459-thread-1] INFO  server.RaftServerConfigKeys (ConfUtils.java:logGet(43)) - raft.server.log.purge.gap = 1000000 (custom)
2019-10-14 12:43:35,250 [pool-459-thread-1] INFO  server.RaftServerConfigKeys (ConfUtils.java:logGet(43)) - raft.server.log.appender.buffer.byte-limit = 33554432 (custom)
2019-10-14 12:43:35,250 [pool-459-thread-1] INFO  server.RaftServerConfigKeys (ConfUtils.java:logGet(43)) - raft.server.log.segment.size.max = 1048576 (custom)
2019-10-14 12:43:35,252 [pool-459-thread-1] INFO  server.RaftServerConfigKeys (ConfUtils.java:logGet(43)) - raft.server.log.segment.cache.num.max = 2 (custom)
2019-10-14 12:43:35,252 [pool-459-thread-1] INFO  segmented.SegmentedRaftLogWorker (SegmentedRaftLogWorker.java:<init>(173)) - new 8eca786c-f17c-46c4-a407-e9e275d1403c@group-BC743F32CA80-SegmentedRaftLogWorker for RaftStorage:Storage Directory /workdir/hadoop-ozone/integration-test/target/test-dir/MiniOzoneClusterImpl-5e97dea3-99a6-4a1a-83d8-52833a14f548/datanode-5/data/ratis/857e34da-53df-4cae-ae4d-bc743f32ca80
2019-10-14 12:43:35,253 [pool-459-thread-1] INFO  server.RaftServerConfigKeys (ConfUtils.java:logGet(43)) - raft.server.log.queue.byte-limit = 2147483647 (custom)
2019-10-14 12:43:35,253 [pool-459-thread-1] INFO  server.RaftServerConfigKeys (ConfUtils.java:logGet(43)) - raft.server.log.queue.element-limit = 1024 (custom)
2019-10-14 12:43:35,253 [pool-459-thread-1] INFO  server.RaftServerConfigKeys (ConfUtils.java:logGet(43)) - raft.server.log.segment.size.max = 1048576 (custom)
2019-10-14 12:43:35,253 [pool-459-thread-1] INFO  server.RaftServerConfigKeys (ConfUtils.java:logGet(43)) - raft.server.log.preallocated.size = 16384 (custom)
2019-10-14 12:43:35,253 [pool-459-thread-1] INFO  server.RaftServerConfigKeys (ConfUtils.java:logGet(43)) - raft.server.log.write.buffer.size = 33554432 (custom)
2019-10-14 12:43:35,253 [pool-459-thread-1] INFO  server.RaftServerConfigKeys (ConfUtils.java:logGet(43)) - raft.server.log.force.sync.num = 128 (default)
2019-10-14 12:43:35,253 [pool-459-thread-1] INFO  server.RaftServerConfigKeys (ConfUtils.java:logGet(43)) - raft.server.log.statemachine.data.sync = true (default)
2019-10-14 12:43:35,254 [pool-459-thread-1] INFO  server.RaftServerConfigKeys (ConfUtils.java:logGet(43)) - raft.server.log.statemachine.data.sync.timeout = 10s (default)
2019-10-14 12:43:35,254 [pool-459-thread-1] INFO  server.RaftServerConfigKeys (ConfUtils.java:logGet(43)) - raft.server.log.statemachine.data.sync.timeout.retry = -1 (default)
2019-10-14 12:43:35,254 [pool-459-thread-1] INFO  server.RaftServerConfigKeys (ConfUtils.java:logGet(43)) - raft.server.log.statemachine.data.caching.enabled = true (custom)
2019-10-14 12:43:35,254 [pool-459-thread-1] INFO  segmented.SegmentedRaftLogWorker (SegmentedRaftLogWorker.java:lambda$new$0(128)) - 8eca786c-f17c-46c4-a407-e9e275d1403c@group-BC743F32CA80-SegmentedRaftLogWorker: flushIndex: setUnconditionally 0 -> -1
2019-10-14 12:43:35,255 [pool-459-thread-1] INFO  server.RaftServerConfigKeys (ConfUtils.java:logGet(43)) - raft.server.snapshot.auto.trigger.enabled = true (custom)
2019-10-14 12:43:35,255 [pool-459-thread-1] INFO  server.RaftServerConfigKeys (ConfUtils.java:logGet(43)) - raft.server.snapshot.auto.trigger.threshold = 10000 (custom)
2019-10-14 12:43:35,255 [pool-459-thread-1] INFO  server.RaftServerConfigKeys (ConfUtils.java:logGet(43)) - raft.server.snapshot.retention.file.num = 5 (custom)
2019-10-14 12:43:35,255 [pool-459-thread-1] INFO  server.RaftServerConfigKeys (ConfUtils.java:logGet(43)) - raft.server.retrycache.expirytime = 600000ms (custom)
2019-10-14 12:43:35,257 [pool-459-thread-1] INFO  impl.RaftServerImpl (RaftServerImpl.java:start(181)) - 8eca786c-f17c-46c4-a407-e9e275d1403c@group-BC743F32CA80: start as a follower, conf=-1: [8eca786c-f17c-46c4-a407-e9e275d1403c:192.168.151.107:44578], old=null
2019-10-14 12:43:35,257 [pool-459-thread-1] INFO  impl.RaftServerImpl (RaftServerImpl.java:setRole(170)) - 8eca786c-f17c-46c4-a407-e9e275d1403c@group-BC743F32CA80: changes role from      null to FOLLOWER at term 0 for startAsFollower
2019-10-14 12:43:35,257 [pool-459-thread-1] INFO  impl.RoleInfo (RoleInfo.java:updateAndGet(143)) - 8eca786c-f17c-46c4-a407-e9e275d1403c: start FollowerState
2019-10-14 12:43:35,258 [pool-459-thread-1] INFO  util.JmxRegister (JmxRegister.java:tryRegister(44)) - Successfully registered JMX Bean with object name Ratis:service=RaftServer,group=group-BC743F32CA80,id=8eca786c-f17c-46c4-a407-e9e275d1403c
2019-10-14 12:43:35,264 [RatisPipelineUtilsThread] INFO  pipeline.PipelineStateManager (PipelineStateManager.java:addPipeline(56)) - Created pipeline Pipeline[ Id: 857e34da-53df-4cae-ae4d-bc743f32ca80, Nodes: 8eca786c-f17c-46c4-a407-e9e275d1403c{ip: 192.168.151.107, host: pr-hdds-2299-hlwdq-549545603, networkLocation: /default-rack, certSerialId: null}, Type:RATIS, Factor:ONE, State:OPEN]
2019-10-14 12:43:35,269 [grpc-default-executor-1] INFO  impl.RaftServerProxy (RaftServerProxy.java:addNew(89)) - 963a71de-ad96-439a-9c43-fb233e6f682e: addNew group-3651EE4D927F:[963a71de-ad96-439a-9c43-fb233e6f682e:192.168.151.107:33208] returns group-3651EE4D927F:java.util.concurrent.CompletableFuture@6fffec90[Not completed]
2019-10-14 12:43:35,269 [pool-469-thread-1] INFO  impl.RaftServerImpl (RaftServerImpl.java:<init>(95)) - 963a71de-ad96-439a-9c43-fb233e6f682e: new RaftServerImpl for group-3651EE4D927F:[963a71de-ad96-439a-9c43-fb233e6f682e:192.168.151.107:33208] with ContainerStateMachine:uninitialized
2019-10-14 12:43:35,270 [pool-469-thread-1] INFO  server.RaftServerConfigKeys (ConfUtils.java:logGet(43)) - raft.server.rpc.timeout.min = 5s (custom)
2019-10-14 12:43:35,270 [pool-469-thread-1] INFO  server.RaftServerConfigKeys (ConfUtils.java:logGet(43)) - raft.server.rpc.timeout.max = 5200ms (custom)
2019-10-14 12:43:35,270 [pool-469-thread-1] INFO  server.RaftServerConfigKeys (ConfUtils.java:logGet(43)) - raft.server.rpcslowness.timeout = 120s (custom)
2019-10-14 12:43:35,270 [pool-469-thread-1] INFO  server.RaftServerConfigKeys (ConfUtils.java:logGet(43)) - raft.server.sleep.deviation.threshold = 300 (default)
2019-10-14 12:43:35,270 [pool-469-thread-1] INFO  server.RaftServerConfigKeys (ConfUtils.java:logGet(43)) - raft.server.log.appender.install.snapshot.enabled = false (custom)
2019-10-14 12:43:35,270 [pool-469-thread-1] INFO  impl.RaftServerImpl (ServerState.java:<init>(103)) - 963a71de-ad96-439a-9c43-fb233e6f682e@group-3651EE4D927F: ConfigurationManager, init=-1: [963a71de-ad96-439a-9c43-fb233e6f682e:192.168.151.107:33208], old=null, confs=<EMPTY_MAP>
2019-10-14 12:43:35,270 [pool-469-thread-1] INFO  server.RaftServerConfigKeys (ConfUtils.java:logGet(43)) - raft.server.storage.dir = [/workdir/hadoop-ozone/integration-test/target/test-dir/MiniOzoneClusterImpl-5e97dea3-99a6-4a1a-83d8-52833a14f548/datanode-6/data/ratis] (custom)
2019-10-14 12:43:35,270 [pool-469-thread-1] INFO  server.RaftServerConfigKeys (ConfUtils.java:logGet(43)) - raft.server.log.corruption.policy = EXCEPTION (default)
2019-10-14 12:43:35,270 [pool-469-thread-1] INFO  storage.RaftStorageDirectory (RaftStorageDirectory.java:analyzeStorage(246)) - The storage directory /workdir/hadoop-ozone/integration-test/target/test-dir/MiniOzoneClusterImpl-5e97dea3-99a6-4a1a-83d8-52833a14f548/datanode-6/data/ratis/46dd1d18-6d63-4de9-bd9b-3651ee4d927f does not exist. Creating ...
2019-10-14 12:43:35,285 [pool-469-thread-1] INFO  storage.RaftStorageDirectory (RaftStorageDirectory.java:tryLock(328)) - Lock on /workdir/hadoop-ozone/integration-test/target/test-dir/MiniOzoneClusterImpl-5e97dea3-99a6-4a1a-83d8-52833a14f548/datanode-6/data/ratis/46dd1d18-6d63-4de9-bd9b-3651ee4d927f/in_use.lock acquired by nodename 24103@pr-hdds-2299-hlwdq-549545603
2019-10-14 12:43:35,298 [pool-469-thread-1] INFO  storage.RaftStorage (RaftStorage.java:format(84)) - Storage directory /workdir/hadoop-ozone/integration-test/target/test-dir/MiniOzoneClusterImpl-5e97dea3-99a6-4a1a-83d8-52833a14f548/datanode-6/data/ratis/46dd1d18-6d63-4de9-bd9b-3651ee4d927f has been successfully formatted.
2019-10-14 12:43:35,298 [pool-469-thread-1] INFO  ratis.ContainerStateMachine (ContainerStateMachine.java:loadSnapshot(231)) - group-3651EE4D927F: The snapshot info is null. Setting the last applied indexto:(t:0, i:~)
2019-10-14 12:43:35,299 [pool-469-thread-1] INFO  server.RaftServerConfigKeys (ConfUtils.java:logGet(43)) - raft.server.notification.no-leader.timeout = 120s (custom)
2019-10-14 12:43:35,299 [pool-469-thread-1] INFO  server.RaftServerConfigKeys (ConfUtils.java:logGet(43)) - raft.server.log.use.memory = false (default)
2019-10-14 12:43:35,299 [pool-469-thread-1] INFO  server.RaftServerConfigKeys (ConfUtils.java:logGet(43)) - raft.server.log.purge.gap = 1000000 (custom)
2019-10-14 12:43:35,299 [pool-469-thread-1] INFO  server.RaftServerConfigKeys (ConfUtils.java:logGet(43)) - raft.server.log.appender.buffer.byte-limit = 33554432 (custom)
2019-10-14 12:43:35,299 [pool-469-thread-1] INFO  server.RaftServerConfigKeys (ConfUtils.java:logGet(43)) - raft.server.log.segment.size.max = 1048576 (custom)
2019-10-14 12:43:35,300 [pool-469-thread-1] INFO  server.RaftServerConfigKeys (ConfUtils.java:logGet(43)) - raft.server.log.segment.cache.num.max = 2 (custom)
2019-10-14 12:43:35,301 [pool-469-thread-1] INFO  segmented.SegmentedRaftLogWorker (SegmentedRaftLogWorker.java:<init>(173)) - new 963a71de-ad96-439a-9c43-fb233e6f682e@group-3651EE4D927F-SegmentedRaftLogWorker for RaftStorage:Storage Directory /workdir/hadoop-ozone/integration-test/target/test-dir/MiniOzoneClusterImpl-5e97dea3-99a6-4a1a-83d8-52833a14f548/datanode-6/data/ratis/46dd1d18-6d63-4de9-bd9b-3651ee4d927f
2019-10-14 12:43:35,301 [pool-469-thread-1] INFO  server.RaftServerConfigKeys (ConfUtils.java:logGet(43)) - raft.server.log.queue.byte-limit = 2147483647 (custom)
2019-10-14 12:43:35,301 [pool-469-thread-1] INFO  server.RaftServerConfigKeys (ConfUtils.java:logGet(43)) - raft.server.log.queue.element-limit = 1024 (custom)
2019-10-14 12:43:35,301 [pool-469-thread-1] INFO  server.RaftServerConfigKeys (ConfUtils.java:logGet(43)) - raft.server.log.segment.size.max = 1048576 (custom)
2019-10-14 12:43:35,301 [pool-469-thread-1] INFO  server.RaftServerConfigKeys (ConfUtils.java:logGet(43)) - raft.server.log.preallocated.size = 16384 (custom)
2019-10-14 12:43:35,301 [pool-469-thread-1] INFO  server.RaftServerConfigKeys (ConfUtils.java:logGet(43)) - raft.server.log.write.buffer.size = 33554432 (custom)
2019-10-14 12:43:35,301 [pool-469-thread-1] INFO  server.RaftServerConfigKeys (ConfUtils.java:logGet(43)) - raft.server.log.force.sync.num = 128 (default)
2019-10-14 12:43:35,301 [pool-469-thread-1] INFO  server.RaftServerConfigKeys (ConfUtils.java:logGet(43)) - raft.server.log.statemachine.data.sync = true (default)
2019-10-14 12:43:35,301 [pool-469-thread-1] INFO  server.RaftServerConfigKeys (ConfUtils.java:logGet(43)) - raft.server.log.statemachine.data.sync.timeout = 10s (default)
2019-10-14 12:43:35,302 [pool-469-thread-1] INFO  server.RaftServerConfigKeys (ConfUtils.java:logGet(43)) - raft.server.log.statemachine.data.sync.timeout.retry = -1 (default)
2019-10-14 12:43:35,302 [pool-469-thread-1] INFO  server.RaftServerConfigKeys (ConfUtils.java:logGet(43)) - raft.server.log.statemachine.data.caching.enabled = true (custom)
2019-10-14 12:43:35,302 [pool-469-thread-1] INFO  segmented.SegmentedRaftLogWorker (SegmentedRaftLogWorker.java:lambda$new$0(128)) - 963a71de-ad96-439a-9c43-fb233e6f682e@group-3651EE4D927F-SegmentedRaftLogWorker: flushIndex: setUnconditionally 0 -> -1
2019-10-14 12:43:35,302 [pool-469-thread-1] INFO  server.RaftServerConfigKeys (ConfUtils.java:logGet(43)) - raft.server.snapshot.auto.trigger.enabled = true (custom)
2019-10-14 12:43:35,303 [pool-469-thread-1] INFO  server.RaftServerConfigKeys (ConfUtils.java:logGet(43)) - raft.server.snapshot.auto.trigger.threshold = 10000 (custom)
2019-10-14 12:43:35,303 [pool-469-thread-1] INFO  server.RaftServerConfigKeys (ConfUtils.java:logGet(43)) - raft.server.snapshot.retention.file.num = 5 (custom)
2019-10-14 12:43:35,303 [pool-469-thread-1] INFO  server.RaftServerConfigKeys (ConfUtils.java:logGet(43)) - raft.server.retrycache.expirytime = 600000ms (custom)
2019-10-14 12:43:35,304 [pool-469-thread-1] INFO  impl.RaftServerImpl (RaftServerImpl.java:start(181)) - 963a71de-ad96-439a-9c43-fb233e6f682e@group-3651EE4D927F: start as a follower, conf=-1: [963a71de-ad96-439a-9c43-fb233e6f682e:192.168.151.107:33208], old=null
2019-10-14 12:43:35,304 [pool-469-thread-1] INFO  impl.RaftServerImpl (RaftServerImpl.java:setRole(170)) - 963a71de-ad96-439a-9c43-fb233e6f682e@group-3651EE4D927F: changes role from      null to FOLLOWER at term 0 for startAsFollower
2019-10-14 12:43:35,304 [pool-469-thread-1] INFO  impl.RoleInfo (RoleInfo.java:updateAndGet(143)) - 963a71de-ad96-439a-9c43-fb233e6f682e: start FollowerState
2019-10-14 12:43:35,305 [pool-469-thread-1] INFO  util.JmxRegister (JmxRegister.java:tryRegister(44)) - Successfully registered JMX Bean with object name Ratis:service=RaftServer,group=group-3651EE4D927F,id=963a71de-ad96-439a-9c43-fb233e6f682e
2019-10-14 12:43:35,311 [RatisPipelineUtilsThread] INFO  pipeline.PipelineStateManager (PipelineStateManager.java:addPipeline(56)) - Created pipeline Pipeline[ Id: 46dd1d18-6d63-4de9-bd9b-3651ee4d927f, Nodes: 963a71de-ad96-439a-9c43-fb233e6f682e{ip: 192.168.151.107, host: pr-hdds-2299-hlwdq-549545603, networkLocation: /default-rack, certSerialId: null}, Type:RATIS, Factor:ONE, State:OPEN]
2019-10-14 12:43:35,323 [grpc-default-executor-1] INFO  impl.RaftServerProxy (RaftServerProxy.java:addNew(89)) - 3d3c9ba1-31bc-4814-8b33-081f8b7ff4a0: addNew group-AF4B5E66838B:[8a8ff637-77fd-447d-9d9b-3a3b1f3f2542:192.168.151.107:45707, 8eca786c-f17c-46c4-a407-e9e275d1403c:192.168.151.107:44578, 3d3c9ba1-31bc-4814-8b33-081f8b7ff4a0:192.168.151.107:44563] returns group-AF4B5E66838B:java.util.concurrent.CompletableFuture@692e8b8[Not completed]
2019-10-14 12:43:35,323 [grpc-default-executor-8] INFO  impl.RaftServerProxy (RaftServerProxy.java:addNew(89)) - 8eca786c-f17c-46c4-a407-e9e275d1403c: addNew group-AF4B5E66838B:[8a8ff637-77fd-447d-9d9b-3a3b1f3f2542:192.168.151.107:45707, 8eca786c-f17c-46c4-a407-e9e275d1403c:192.168.151.107:44578, 3d3c9ba1-31bc-4814-8b33-081f8b7ff4a0:192.168.151.107:44563] returns group-AF4B5E66838B:java.util.concurrent.CompletableFuture@536f2ae9[Not completed]
2019-10-14 12:43:35,324 [grpc-default-executor-8] INFO  impl.RaftServerProxy (RaftServerProxy.java:addNew(89)) - 8a8ff637-77fd-447d-9d9b-3a3b1f3f2542: addNew group-AF4B5E66838B:[8a8ff637-77fd-447d-9d9b-3a3b1f3f2542:192.168.151.107:45707, 8eca786c-f17c-46c4-a407-e9e275d1403c:192.168.151.107:44578, 3d3c9ba1-31bc-4814-8b33-081f8b7ff4a0:192.168.151.107:44563] returns group-AF4B5E66838B:java.util.concurrent.CompletableFuture@17abbaa7[Not completed]
2019-10-14 12:43:35,324 [pool-449-thread-1] INFO  impl.RaftServerImpl (RaftServerImpl.java:<init>(95)) - 3d3c9ba1-31bc-4814-8b33-081f8b7ff4a0: new RaftServerImpl for group-AF4B5E66838B:[8a8ff637-77fd-447d-9d9b-3a3b1f3f2542:192.168.151.107:45707, 8eca786c-f17c-46c4-a407-e9e275d1403c:192.168.151.107:44578, 3d3c9ba1-31bc-4814-8b33-081f8b7ff4a0:192.168.151.107:44563] with ContainerStateMachine:uninitialized
2019-10-14 12:43:35,324 [pool-449-thread-1] INFO  server.RaftServerConfigKeys (ConfUtils.java:logGet(43)) - raft.server.rpc.timeout.min = 5s (custom)
2019-10-14 12:43:35,324 [pool-449-thread-1] INFO  server.RaftServerConfigKeys (ConfUtils.java:logGet(43)) - raft.server.rpc.timeout.max = 5200ms (custom)
2019-10-14 12:43:35,325 [pool-449-thread-1] INFO  server.RaftServerConfigKeys (ConfUtils.java:logGet(43)) - raft.server.rpcslowness.timeout = 120s (custom)
2019-10-14 12:43:35,325 [pool-439-thread-1] INFO  impl.RaftServerImpl (RaftServerImpl.java:<init>(95)) - 8a8ff637-77fd-447d-9d9b-3a3b1f3f2542: new RaftServerImpl for group-AF4B5E66838B:[8a8ff637-77fd-447d-9d9b-3a3b1f3f2542:192.168.151.107:45707, 8eca786c-f17c-46c4-a407-e9e275d1403c:192.168.151.107:44578, 3d3c9ba1-31bc-4814-8b33-081f8b7ff4a0:192.168.151.107:44563] with ContainerStateMachine:uninitialized
2019-10-14 12:43:35,325 [pool-449-thread-1] INFO  server.RaftServerConfigKeys (ConfUtils.java:logGet(43)) - raft.server.sleep.deviation.threshold = 300 (default)
2019-10-14 12:43:35,325 [pool-439-thread-1] INFO  server.RaftServerConfigKeys (ConfUtils.java:logGet(43)) - raft.server.rpc.timeout.min = 5s (custom)
2019-10-14 12:43:35,325 [pool-449-thread-1] INFO  server.RaftServerConfigKeys (ConfUtils.java:logGet(43)) - raft.server.log.appender.install.snapshot.enabled = false (custom)
2019-10-14 12:43:35,325 [pool-439-thread-1] INFO  server.RaftServerConfigKeys (ConfUtils.java:logGet(43)) - raft.server.rpc.timeout.max = 5200ms (custom)
2019-10-14 12:43:35,325 [pool-449-thread-1] INFO  impl.RaftServerImpl (ServerState.java:<init>(103)) - 3d3c9ba1-31bc-4814-8b33-081f8b7ff4a0@group-AF4B5E66838B: ConfigurationManager, init=-1: [8a8ff637-77fd-447d-9d9b-3a3b1f3f2542:192.168.151.107:45707, 8eca786c-f17c-46c4-a407-e9e275d1403c:192.168.151.107:44578, 3d3c9ba1-31bc-4814-8b33-081f8b7ff4a0:192.168.151.107:44563], old=null, confs=<EMPTY_MAP>
2019-10-14 12:43:35,325 [pool-459-thread-1] INFO  impl.RaftServerImpl (RaftServerImpl.java:<init>(95)) - 8eca786c-f17c-46c4-a407-e9e275d1403c: new RaftServerImpl for group-AF4B5E66838B:[8a8ff637-77fd-447d-9d9b-3a3b1f3f2542:192.168.151.107:45707, 8eca786c-f17c-46c4-a407-e9e275d1403c:192.168.151.107:44578, 3d3c9ba1-31bc-4814-8b33-081f8b7ff4a0:192.168.151.107:44563] with ContainerStateMachine:uninitialized
2019-10-14 12:43:35,325 [pool-439-thread-1] INFO  server.RaftServerConfigKeys (ConfUtils.java:logGet(43)) - raft.server.rpcslowness.timeout = 120s (custom)
2019-10-14 12:43:35,325 [pool-459-thread-1] INFO  server.RaftServerConfigKeys (ConfUtils.java:logGet(43)) - raft.server.rpc.timeout.min = 5s (custom)
2019-10-14 12:43:35,325 [pool-449-thread-1] INFO  server.RaftServerConfigKeys (ConfUtils.java:logGet(43)) - raft.server.storage.dir = [/workdir/hadoop-ozone/integration-test/target/test-dir/MiniOzoneClusterImpl-5e97dea3-99a6-4a1a-83d8-52833a14f548/datanode-4/data/ratis] (custom)
2019-10-14 12:43:35,326 [pool-459-thread-1] INFO  server.RaftServerConfigKeys (ConfUtils.java:logGet(43)) - raft.server.rpc.timeout.max = 5200ms (custom)
2019-10-14 12:43:35,326 [pool-439-thread-1] INFO  server.RaftServerConfigKeys (ConfUtils.java:logGet(43)) - raft.server.sleep.deviation.threshold = 300 (default)
2019-10-14 12:43:35,326 [pool-449-thread-1] INFO  server.RaftServerConfigKeys (ConfUtils.java:logGet(43)) - raft.server.log.corruption.policy = EXCEPTION (default)
2019-10-14 12:43:35,326 [pool-459-thread-1] INFO  server.RaftServerConfigKeys (ConfUtils.java:logGet(43)) - raft.server.rpcslowness.timeout = 120s (custom)
2019-10-14 12:43:35,326 [pool-449-thread-1] INFO  storage.RaftStorageDirectory (RaftStorageDirectory.java:analyzeStorage(246)) - The storage directory /workdir/hadoop-ozone/integration-test/target/test-dir/MiniOzoneClusterImpl-5e97dea3-99a6-4a1a-83d8-52833a14f548/datanode-4/data/ratis/ac0a45ba-cc2d-4bc4-9491-af4b5e66838b does not exist. Creating ...
2019-10-14 12:43:35,326 [pool-439-thread-1] INFO  server.RaftServerConfigKeys (ConfUtils.java:logGet(43)) - raft.server.log.appender.install.snapshot.enabled = false (custom)
2019-10-14 12:43:35,326 [pool-459-thread-1] INFO  server.RaftServerConfigKeys (ConfUtils.java:logGet(43)) - raft.server.sleep.deviation.threshold = 300 (default)
2019-10-14 12:43:35,326 [pool-439-thread-1] INFO  impl.RaftServerImpl (ServerState.java:<init>(103)) - 8a8ff637-77fd-447d-9d9b-3a3b1f3f2542@group-AF4B5E66838B: ConfigurationManager, init=-1: [8a8ff637-77fd-447d-9d9b-3a3b1f3f2542:192.168.151.107:45707, 8eca786c-f17c-46c4-a407-e9e275d1403c:192.168.151.107:44578, 3d3c9ba1-31bc-4814-8b33-081f8b7ff4a0:192.168.151.107:44563], old=null, confs=<EMPTY_MAP>
2019-10-14 12:43:35,326 [pool-459-thread-1] INFO  server.RaftServerConfigKeys (ConfUtils.java:logGet(43)) - raft.server.log.appender.install.snapshot.enabled = false (custom)
2019-10-14 12:43:35,327 [pool-439-thread-1] INFO  server.RaftServerConfigKeys (ConfUtils.java:logGet(43)) - raft.server.storage.dir = [/workdir/hadoop-ozone/integration-test/target/test-dir/MiniOzoneClusterImpl-5e97dea3-99a6-4a1a-83d8-52833a14f548/datanode-3/data/ratis] (custom)
2019-10-14 12:43:35,327 [pool-459-thread-1] INFO  impl.RaftServerImpl (ServerState.java:<init>(103)) - 8eca786c-f17c-46c4-a407-e9e275d1403c@group-AF4B5E66838B: ConfigurationManager, init=-1: [8a8ff637-77fd-447d-9d9b-3a3b1f3f2542:192.168.151.107:45707, 8eca786c-f17c-46c4-a407-e9e275d1403c:192.168.151.107:44578, 3d3c9ba1-31bc-4814-8b33-081f8b7ff4a0:192.168.151.107:44563], old=null, confs=<EMPTY_MAP>
2019-10-14 12:43:35,327 [pool-439-thread-1] INFO  server.RaftServerConfigKeys (ConfUtils.java:logGet(43)) - raft.server.log.corruption.policy = EXCEPTION (default)
2019-10-14 12:43:35,327 [pool-459-thread-1] INFO  server.RaftServerConfigKeys (ConfUtils.java:logGet(43)) - raft.server.storage.dir = [/workdir/hadoop-ozone/integration-test/target/test-dir/MiniOzoneClusterImpl-5e97dea3-99a6-4a1a-83d8-52833a14f548/datanode-5/data/ratis] (custom)
2019-10-14 12:43:35,327 [pool-439-thread-1] INFO  storage.RaftStorageDirectory (RaftStorageDirectory.java:analyzeStorage(246)) - The storage directory /workdir/hadoop-ozone/integration-test/target/test-dir/MiniOzoneClusterImpl-5e97dea3-99a6-4a1a-83d8-52833a14f548/datanode-3/data/ratis/ac0a45ba-cc2d-4bc4-9491-af4b5e66838b does not exist. Creating ...
2019-10-14 12:43:35,327 [pool-459-thread-1] INFO  server.RaftServerConfigKeys (ConfUtils.java:logGet(43)) - raft.server.log.corruption.policy = EXCEPTION (default)
2019-10-14 12:43:35,327 [pool-459-thread-1] INFO  storage.RaftStorageDirectory (RaftStorageDirectory.java:analyzeStorage(246)) - The storage directory /workdir/hadoop-ozone/integration-test/target/test-dir/MiniOzoneClusterImpl-5e97dea3-99a6-4a1a-83d8-52833a14f548/datanode-5/data/ratis/ac0a45ba-cc2d-4bc4-9491-af4b5e66838b does not exist. Creating ...
2019-10-14 12:43:35,352 [pool-459-thread-1] INFO  storage.RaftStorageDirectory (RaftStorageDirectory.java:tryLock(328)) - Lock on /workdir/hadoop-ozone/integration-test/target/test-dir/MiniOzoneClusterImpl-5e97dea3-99a6-4a1a-83d8-52833a14f548/datanode-5/data/ratis/ac0a45ba-cc2d-4bc4-9491-af4b5e66838b/in_use.lock acquired by nodename 24103@pr-hdds-2299-hlwdq-549545603
2019-10-14 12:43:35,352 [pool-439-thread-1] INFO  storage.RaftStorageDirectory (RaftStorageDirectory.java:tryLock(328)) - Lock on /workdir/hadoop-ozone/integration-test/target/test-dir/MiniOzoneClusterImpl-5e97dea3-99a6-4a1a-83d8-52833a14f548/datanode-3/data/ratis/ac0a45ba-cc2d-4bc4-9491-af4b5e66838b/in_use.lock acquired by nodename 24103@pr-hdds-2299-hlwdq-549545603
2019-10-14 12:43:35,352 [pool-449-thread-1] INFO  storage.RaftStorageDirectory (RaftStorageDirectory.java:tryLock(328)) - Lock on /workdir/hadoop-ozone/integration-test/target/test-dir/MiniOzoneClusterImpl-5e97dea3-99a6-4a1a-83d8-52833a14f548/datanode-4/data/ratis/ac0a45ba-cc2d-4bc4-9491-af4b5e66838b/in_use.lock acquired by nodename 24103@pr-hdds-2299-hlwdq-549545603
2019-10-14 12:43:35,366 [pool-459-thread-1] INFO  storage.RaftStorage (RaftStorage.java:format(84)) - Storage directory /workdir/hadoop-ozone/integration-test/target/test-dir/MiniOzoneClusterImpl-5e97dea3-99a6-4a1a-83d8-52833a14f548/datanode-5/data/ratis/ac0a45ba-cc2d-4bc4-9491-af4b5e66838b has been successfully formatted.
2019-10-14 12:43:35,366 [pool-439-thread-1] INFO  storage.RaftStorage (RaftStorage.java:format(84)) - Storage directory /workdir/hadoop-ozone/integration-test/target/test-dir/MiniOzoneClusterImpl-5e97dea3-99a6-4a1a-83d8-52833a14f548/datanode-3/data/ratis/ac0a45ba-cc2d-4bc4-9491-af4b5e66838b has been successfully formatted.
2019-10-14 12:43:35,366 [pool-459-thread-1] INFO  ratis.ContainerStateMachine (ContainerStateMachine.java:loadSnapshot(231)) - group-AF4B5E66838B: The snapshot info is null. Setting the last applied indexto:(t:0, i:~)
2019-10-14 12:43:35,366 [pool-449-thread-1] INFO  storage.RaftStorage (RaftStorage.java:format(84)) - Storage directory /workdir/hadoop-ozone/integration-test/target/test-dir/MiniOzoneClusterImpl-5e97dea3-99a6-4a1a-83d8-52833a14f548/datanode-4/data/ratis/ac0a45ba-cc2d-4bc4-9491-af4b5e66838b has been successfully formatted.
2019-10-14 12:43:35,367 [pool-439-thread-1] INFO  ratis.ContainerStateMachine (ContainerStateMachine.java:loadSnapshot(231)) - group-AF4B5E66838B: The snapshot info is null. Setting the last applied indexto:(t:0, i:~)
2019-10-14 12:43:35,367 [pool-459-thread-1] INFO  server.RaftServerConfigKeys (ConfUtils.java:logGet(43)) - raft.server.notification.no-leader.timeout = 120s (custom)
2019-10-14 12:43:35,367 [pool-439-thread-1] INFO  server.RaftServerConfigKeys (ConfUtils.java:logGet(43)) - raft.server.notification.no-leader.timeout = 120s (custom)
2019-10-14 12:43:35,367 [pool-449-thread-1] INFO  ratis.ContainerStateMachine (ContainerStateMachine.java:loadSnapshot(231)) - group-AF4B5E66838B: The snapshot info is null. Setting the last applied indexto:(t:0, i:~)
2019-10-14 12:43:35,367 [pool-439-thread-1] INFO  server.RaftServerConfigKeys (ConfUtils.java:logGet(43)) - raft.server.log.use.memory = false (default)
2019-10-14 12:43:35,367 [pool-459-thread-1] INFO  server.RaftServerConfigKeys (ConfUtils.java:logGet(43)) - raft.server.log.use.memory = false (default)
2019-10-14 12:43:35,367 [pool-439-thread-1] INFO  server.RaftServerConfigKeys (ConfUtils.java:logGet(43)) - raft.server.log.purge.gap = 1000000 (custom)
2019-10-14 12:43:35,367 [pool-449-thread-1] INFO  server.RaftServerConfigKeys (ConfUtils.java:logGet(43)) - raft.server.notification.no-leader.timeout = 120s (custom)
2019-10-14 12:43:35,368 [pool-439-thread-1] INFO  server.RaftServerConfigKeys (ConfUtils.java:logGet(43)) - raft.server.log.appender.buffer.byte-limit = 33554432 (custom)
2019-10-14 12:43:35,367 [pool-459-thread-1] INFO  server.RaftServerConfigKeys (ConfUtils.java:logGet(43)) - raft.server.log.purge.gap = 1000000 (custom)
2019-10-14 12:43:35,368 [pool-439-thread-1] INFO  server.RaftServerConfigKeys (ConfUtils.java:logGet(43)) - raft.server.log.segment.size.max = 1048576 (custom)
2019-10-14 12:43:35,368 [pool-449-thread-1] INFO  server.RaftServerConfigKeys (ConfUtils.java:logGet(43)) - raft.server.log.use.memory = false (default)
2019-10-14 12:43:35,368 [pool-439-thread-1] INFO  server.RaftServerConfigKeys (ConfUtils.java:logGet(43)) - raft.server.log.segment.cache.num.max = 2 (custom)
2019-10-14 12:43:35,368 [pool-459-thread-1] INFO  server.RaftServerConfigKeys (ConfUtils.java:logGet(43)) - raft.server.log.appender.buffer.byte-limit = 33554432 (custom)
2019-10-14 12:43:35,368 [pool-439-thread-1] INFO  segmented.SegmentedRaftLogWorker (SegmentedRaftLogWorker.java:<init>(173)) - new 8a8ff637-77fd-447d-9d9b-3a3b1f3f2542@group-AF4B5E66838B-SegmentedRaftLogWorker for RaftStorage:Storage Directory /workdir/hadoop-ozone/integration-test/target/test-dir/MiniOzoneClusterImpl-5e97dea3-99a6-4a1a-83d8-52833a14f548/datanode-3/data/ratis/ac0a45ba-cc2d-4bc4-9491-af4b5e66838b
2019-10-14 12:43:35,368 [pool-449-thread-1] INFO  server.RaftServerConfigKeys (ConfUtils.java:logGet(43)) - raft.server.log.purge.gap = 1000000 (custom)
2019-10-14 12:43:35,368 [pool-439-thread-1] INFO  server.RaftServerConfigKeys (ConfUtils.java:logGet(43)) - raft.server.log.queue.byte-limit = 2147483647 (custom)
2019-10-14 12:43:35,368 [pool-459-thread-1] INFO  server.RaftServerConfigKeys (ConfUtils.java:logGet(43)) - raft.server.log.segment.size.max = 1048576 (custom)
2019-10-14 12:43:35,369 [pool-439-thread-1] INFO  server.RaftServerConfigKeys (ConfUtils.java:logGet(43)) - raft.server.log.queue.element-limit = 1024 (custom)
2019-10-14 12:43:35,369 [pool-449-thread-1] INFO  server.RaftServerConfigKeys (ConfUtils.java:logGet(43)) - raft.server.log.appender.buffer.byte-limit = 33554432 (custom)
2019-10-14 12:43:35,369 [pool-439-thread-1] INFO  server.RaftServerConfigKeys (ConfUtils.java:logGet(43)) - raft.server.log.segment.size.max = 1048576 (custom)
2019-10-14 12:43:35,369 [pool-439-thread-1] INFO  server.RaftServerConfigKeys (ConfUtils.java:logGet(43)) - raft.server.log.preallocated.size = 16384 (custom)
2019-10-14 12:43:35,369 [pool-459-thread-1] INFO  server.RaftServerConfigKeys (ConfUtils.java:logGet(43)) - raft.server.log.segment.cache.num.max = 2 (custom)
2019-10-14 12:43:35,369 [pool-439-thread-1] INFO  server.RaftServerConfigKeys (ConfUtils.java:logGet(43)) - raft.server.log.write.buffer.size = 33554432 (custom)
2019-10-14 12:43:35,369 [pool-439-thread-1] INFO  server.RaftServerConfigKeys (ConfUtils.java:logGet(43)) - raft.server.log.force.sync.num = 128 (default)
2019-10-14 12:43:35,369 [pool-449-thread-1] INFO  server.RaftServerConfigKeys (ConfUtils.java:logGet(43)) - raft.server.log.segment.size.max = 1048576 (custom)
2019-10-14 12:43:35,369 [pool-439-thread-1] INFO  server.RaftServerConfigKeys (ConfUtils.java:logGet(43)) - raft.server.log.statemachine.data.sync = true (default)
2019-10-14 12:43:35,369 [pool-459-thread-1] INFO  segmented.SegmentedRaftLogWorker (SegmentedRaftLogWorker.java:<init>(173)) - new 8eca786c-f17c-46c4-a407-e9e275d1403c@group-AF4B5E66838B-SegmentedRaftLogWorker for RaftStorage:Storage Directory /workdir/hadoop-ozone/integration-test/target/test-dir/MiniOzoneClusterImpl-5e97dea3-99a6-4a1a-83d8-52833a14f548/datanode-5/data/ratis/ac0a45ba-cc2d-4bc4-9491-af4b5e66838b
2019-10-14 12:43:35,370 [pool-439-thread-1] INFO  server.RaftServerConfigKeys (ConfUtils.java:logGet(43)) - raft.server.log.statemachine.data.sync.timeout = 10s (default)
2019-10-14 12:43:35,370 [pool-449-thread-1] INFO  server.RaftServerConfigKeys (ConfUtils.java:logGet(43)) - raft.server.log.segment.cache.num.max = 2 (custom)
2019-10-14 12:43:35,370 [pool-439-thread-1] INFO  server.RaftServerConfigKeys (ConfUtils.java:logGet(43)) - raft.server.log.statemachine.data.sync.timeout.retry = -1 (default)
2019-10-14 12:43:35,370 [pool-459-thread-1] INFO  server.RaftServerConfigKeys (ConfUtils.java:logGet(43)) - raft.server.log.queue.byte-limit = 2147483647 (custom)
2019-10-14 12:43:35,370 [pool-439-thread-1] INFO  server.RaftServerConfigKeys (ConfUtils.java:logGet(43)) - raft.server.log.statemachine.data.caching.enabled = true (custom)
2019-10-14 12:43:35,370 [pool-449-thread-1] INFO  segmented.SegmentedRaftLogWorker (SegmentedRaftLogWorker.java:<init>(173)) - new 3d3c9ba1-31bc-4814-8b33-081f8b7ff4a0@group-AF4B5E66838B-SegmentedRaftLogWorker for RaftStorage:Storage Directory /workdir/hadoop-ozone/integration-test/target/test-dir/MiniOzoneClusterImpl-5e97dea3-99a6-4a1a-83d8-52833a14f548/datanode-4/data/ratis/ac0a45ba-cc2d-4bc4-9491-af4b5e66838b
2019-10-14 12:43:35,370 [pool-439-thread-1] INFO  segmented.SegmentedRaftLogWorker (SegmentedRaftLogWorker.java:lambda$new$0(128)) - 8a8ff637-77fd-447d-9d9b-3a3b1f3f2542@group-AF4B5E66838B-SegmentedRaftLogWorker: flushIndex: setUnconditionally 0 -> -1
2019-10-14 12:43:35,370 [pool-459-thread-1] INFO  server.RaftServerConfigKeys (ConfUtils.java:logGet(43)) - raft.server.log.queue.element-limit = 1024 (custom)
2019-10-14 12:43:35,370 [pool-449-thread-1] INFO  server.RaftServerConfigKeys (ConfUtils.java:logGet(43)) - raft.server.log.queue.byte-limit = 2147483647 (custom)
2019-10-14 12:43:35,371 [pool-459-thread-1] INFO  server.RaftServerConfigKeys (ConfUtils.java:logGet(43)) - raft.server.log.segment.size.max = 1048576 (custom)
2019-10-14 12:43:35,371 [pool-439-thread-1] INFO  server.RaftServerConfigKeys (ConfUtils.java:logGet(43)) - raft.server.snapshot.auto.trigger.enabled = true (custom)
2019-10-14 12:43:35,371 [pool-459-thread-1] INFO  server.RaftServerConfigKeys (ConfUtils.java:logGet(43)) - raft.server.log.preallocated.size = 16384 (custom)
2019-10-14 12:43:35,371 [pool-449-thread-1] INFO  server.RaftServerConfigKeys (ConfUtils.java:logGet(43)) - raft.server.log.queue.element-limit = 1024 (custom)
2019-10-14 12:43:35,371 [pool-459-thread-1] INFO  server.RaftServerConfigKeys (ConfUtils.java:logGet(43)) - raft.server.log.write.buffer.size = 33554432 (custom)
2019-10-14 12:43:35,371 [pool-459-thread-1] INFO  server.RaftServerConfigKeys (ConfUtils.java:logGet(43)) - raft.server.log.force.sync.num = 128 (default)
2019-10-14 12:43:35,371 [pool-439-thread-1] INFO  server.RaftServerConfigKeys (ConfUtils.java:logGet(43)) - raft.server.snapshot.auto.trigger.threshold = 10000 (custom)
2019-10-14 12:43:35,371 [pool-459-thread-1] INFO  server.RaftServerConfigKeys (ConfUtils.java:logGet(43)) - raft.server.log.statemachine.data.sync = true (default)
2019-10-14 12:43:35,371 [pool-449-thread-1] INFO  server.RaftServerConfigKeys (ConfUtils.java:logGet(43)) - raft.server.log.segment.size.max = 1048576 (custom)
2019-10-14 12:43:35,371 [pool-459-thread-1] INFO  server.RaftServerConfigKeys (ConfUtils.java:logGet(43)) - raft.server.log.statemachine.data.sync.timeout = 10s (default)
2019-10-14 12:43:35,371 [pool-439-thread-1] INFO  server.RaftServerConfigKeys (ConfUtils.java:logGet(43)) - raft.server.snapshot.retention.file.num = 5 (custom)
2019-10-14 12:43:35,372 [pool-459-thread-1] INFO  server.RaftServerConfigKeys (ConfUtils.java:logGet(43)) - raft.server.log.statemachine.data.sync.timeout.retry = -1 (default)
2019-10-14 12:43:35,372 [pool-449-thread-1] INFO  server.RaftServerConfigKeys (ConfUtils.java:logGet(43)) - raft.server.log.preallocated.size = 16384 (custom)
2019-10-14 12:43:35,372 [pool-459-thread-1] INFO  server.RaftServerConfigKeys (ConfUtils.java:logGet(43)) - raft.server.log.statemachine.data.caching.enabled = true (custom)
2019-10-14 12:43:35,372 [pool-439-thread-1] INFO  server.RaftServerConfigKeys (ConfUtils.java:logGet(43)) - raft.server.retrycache.expirytime = 600000ms (custom)
2019-10-14 12:43:35,372 [pool-449-thread-1] INFO  server.RaftServerConfigKeys (ConfUtils.java:logGet(43)) - raft.server.log.write.buffer.size = 33554432 (custom)
2019-10-14 12:43:35,372 [pool-459-thread-1] INFO  segmented.SegmentedRaftLogWorker (SegmentedRaftLogWorker.java:lambda$new$0(128)) - 8eca786c-f17c-46c4-a407-e9e275d1403c@group-AF4B5E66838B-SegmentedRaftLogWorker: flushIndex: setUnconditionally 0 -> -1
2019-10-14 12:43:35,372 [pool-449-thread-1] INFO  server.RaftServerConfigKeys (ConfUtils.java:logGet(43)) - raft.server.log.force.sync.num = 128 (default)
2019-10-14 12:43:35,373 [pool-449-thread-1] INFO  server.RaftServerConfigKeys (ConfUtils.java:logGet(43)) - raft.server.log.statemachine.data.sync = true (default)
2019-10-14 12:43:35,373 [pool-459-thread-1] INFO  server.RaftServerConfigKeys (ConfUtils.java:logGet(43)) - raft.server.snapshot.auto.trigger.enabled = true (custom)
2019-10-14 12:43:35,373 [pool-449-thread-1] INFO  server.RaftServerConfigKeys (ConfUtils.java:logGet(43)) - raft.server.log.statemachine.data.sync.timeout = 10s (default)
2019-10-14 12:43:35,373 [pool-459-thread-1] INFO  server.RaftServerConfigKeys (ConfUtils.java:logGet(43)) - raft.server.snapshot.auto.trigger.threshold = 10000 (custom)
2019-10-14 12:43:35,373 [pool-449-thread-1] INFO  server.RaftServerConfigKeys (ConfUtils.java:logGet(43)) - raft.server.log.statemachine.data.sync.timeout.retry = -1 (default)
2019-10-14 12:43:35,373 [pool-459-thread-1] INFO  server.RaftServerConfigKeys (ConfUtils.java:logGet(43)) - raft.server.snapshot.retention.file.num = 5 (custom)
2019-10-14 12:43:35,373 [pool-449-thread-1] INFO  server.RaftServerConfigKeys (ConfUtils.java:logGet(43)) - raft.server.log.statemachine.data.caching.enabled = true (custom)
2019-10-14 12:43:35,373 [pool-459-thread-1] INFO  server.RaftServerConfigKeys (ConfUtils.java:logGet(43)) - raft.server.retrycache.expirytime = 600000ms (custom)
2019-10-14 12:43:35,373 [pool-449-thread-1] INFO  segmented.SegmentedRaftLogWorker (SegmentedRaftLogWorker.java:lambda$new$0(128)) - 3d3c9ba1-31bc-4814-8b33-081f8b7ff4a0@group-AF4B5E66838B-SegmentedRaftLogWorker: flushIndex: setUnconditionally 0 -> -1
2019-10-14 12:43:35,374 [pool-449-thread-1] INFO  server.RaftServerConfigKeys (ConfUtils.java:logGet(43)) - raft.server.snapshot.auto.trigger.enabled = true (custom)
2019-10-14 12:43:35,374 [pool-439-thread-1] INFO  impl.RaftServerImpl (RaftServerImpl.java:start(181)) - 8a8ff637-77fd-447d-9d9b-3a3b1f3f2542@group-AF4B5E66838B: start as a follower, conf=-1: [8a8ff637-77fd-447d-9d9b-3a3b1f3f2542:192.168.151.107:45707, 8eca786c-f17c-46c4-a407-e9e275d1403c:192.168.151.107:44578, 3d3c9ba1-31bc-4814-8b33-081f8b7ff4a0:192.168.151.107:44563], old=null
2019-10-14 12:43:35,374 [pool-449-thread-1] INFO  server.RaftServerConfigKeys (ConfUtils.java:logGet(43)) - raft.server.snapshot.auto.trigger.threshold = 10000 (custom)
2019-10-14 12:43:35,374 [pool-439-thread-1] INFO  impl.RaftServerImpl (RaftServerImpl.java:setRole(170)) - 8a8ff637-77fd-447d-9d9b-3a3b1f3f2542@group-AF4B5E66838B: changes role from      null to FOLLOWER at term 0 for startAsFollower
2019-10-14 12:43:35,374 [pool-449-thread-1] INFO  server.RaftServerConfigKeys (ConfUtils.java:logGet(43)) - raft.server.snapshot.retention.file.num = 5 (custom)
2019-10-14 12:43:35,374 [pool-439-thread-1] INFO  impl.RoleInfo (RoleInfo.java:updateAndGet(143)) - 8a8ff637-77fd-447d-9d9b-3a3b1f3f2542: start FollowerState
2019-10-14 12:43:35,374 [pool-449-thread-1] INFO  server.RaftServerConfigKeys (ConfUtils.java:logGet(43)) - raft.server.retrycache.expirytime = 600000ms (custom)
2019-10-14 12:43:35,375 [pool-459-thread-1] INFO  impl.RaftServerImpl (RaftServerImpl.java:start(181)) - 8eca786c-f17c-46c4-a407-e9e275d1403c@group-AF4B5E66838B: start as a follower, conf=-1: [8a8ff637-77fd-447d-9d9b-3a3b1f3f2542:192.168.151.107:45707, 8eca786c-f17c-46c4-a407-e9e275d1403c:192.168.151.107:44578, 3d3c9ba1-31bc-4814-8b33-081f8b7ff4a0:192.168.151.107:44563], old=null
2019-10-14 12:43:35,375 [pool-439-thread-1] INFO  util.JmxRegister (JmxRegister.java:tryRegister(44)) - Successfully registered JMX Bean with object name Ratis:service=RaftServer,group=group-AF4B5E66838B,id=8a8ff637-77fd-447d-9d9b-3a3b1f3f2542
2019-10-14 12:43:35,375 [pool-459-thread-1] INFO  impl.RaftServerImpl (RaftServerImpl.java:setRole(170)) - 8eca786c-f17c-46c4-a407-e9e275d1403c@group-AF4B5E66838B: changes role from      null to FOLLOWER at term 0 for startAsFollower
2019-10-14 12:43:35,375 [pool-459-thread-1] INFO  impl.RoleInfo (RoleInfo.java:updateAndGet(143)) - 8eca786c-f17c-46c4-a407-e9e275d1403c: start FollowerState
2019-10-14 12:43:35,375 [pool-459-thread-1] INFO  util.JmxRegister (JmxRegister.java:tryRegister(44)) - Successfully registered JMX Bean with object name Ratis:service=RaftServer,group=group-AF4B5E66838B,id=8eca786c-f17c-46c4-a407-e9e275d1403c
2019-10-14 12:43:35,377 [pool-449-thread-1] INFO  impl.RaftServerImpl (RaftServerImpl.java:start(181)) - 3d3c9ba1-31bc-4814-8b33-081f8b7ff4a0@group-AF4B5E66838B: start as a follower, conf=-1: [8a8ff637-77fd-447d-9d9b-3a3b1f3f2542:192.168.151.107:45707, 8eca786c-f17c-46c4-a407-e9e275d1403c:192.168.151.107:44578, 3d3c9ba1-31bc-4814-8b33-081f8b7ff4a0:192.168.151.107:44563], old=null
2019-10-14 12:43:35,378 [pool-449-thread-1] INFO  impl.RaftServerImpl (RaftServerImpl.java:setRole(170)) - 3d3c9ba1-31bc-4814-8b33-081f8b7ff4a0@group-AF4B5E66838B: changes role from      null to FOLLOWER at term 0 for startAsFollower
2019-10-14 12:43:35,378 [pool-449-thread-1] INFO  impl.RoleInfo (RoleInfo.java:updateAndGet(143)) - 3d3c9ba1-31bc-4814-8b33-081f8b7ff4a0: start FollowerState
2019-10-14 12:43:35,378 [pool-449-thread-1] INFO  util.JmxRegister (JmxRegister.java:tryRegister(44)) - Successfully registered JMX Bean with object name Ratis:service=RaftServer,group=group-AF4B5E66838B,id=3d3c9ba1-31bc-4814-8b33-081f8b7ff4a0
2019-10-14 12:43:35,387 [RatisPipelineUtilsThread] INFO  pipeline.PipelineStateManager (PipelineStateManager.java:addPipeline(56)) - Created pipeline Pipeline[ Id: ac0a45ba-cc2d-4bc4-9491-af4b5e66838b, Nodes: 8a8ff637-77fd-447d-9d9b-3a3b1f3f2542{ip: 192.168.151.107, host: pr-hdds-2299-hlwdq-549545603, networkLocation: /default-rack, certSerialId: null}3d3c9ba1-31bc-4814-8b33-081f8b7ff4a0{ip: 192.168.151.107, host: pr-hdds-2299-hlwdq-549545603, networkLocation: /default-rack, certSerialId: null}8eca786c-f17c-46c4-a407-e9e275d1403c{ip: 192.168.151.107, host: pr-hdds-2299-hlwdq-549545603, networkLocation: /default-rack, certSerialId: null}, Type:RATIS, Factor:THREE, State:OPEN]
2019-10-14 12:43:36,242 [main] INFO  ozone.MiniOzoneClusterImpl (MiniOzoneClusterImpl.java:lambda$waitForClusterToBeReady$0(147)) - Cluster is ready. Got 7 of 7 DN Heartbeats.
2019-10-14 12:43:36,285 [main] INFO  rpc.RpcClient (RpcClient.java:createVolume(272)) - Creating Volume: testblockoutputstream, with jenkins1000 as owner.
2019-10-14 12:43:36,289 [IPC Server handler 2 on 44451] INFO  volume.OMVolumeCreateRequest (OMVolumeCreateRequest.java:validateAndUpdateCache(193)) - created volume:testblockoutputstream for user:jenkins1000
2019-10-14 12:43:36,308 [main] INFO  rpc.RpcClient (RpcClient.java:createBucket(411)) - Creating Bucket: testblockoutputstream/testblockoutputstream, with Versioning false and Storage Type set to DISK and Encryption set to false 
2019-10-14 12:43:37,864 [Thread-3034] INFO  container.ReplicationManager (ReplicationManager.java:start(162)) - Starting Replication Monitor Thread.
2019-10-14 12:43:37,869 [ReplicationMonitor] INFO  container.ReplicationManager (ReplicationManager.java:run(225)) - Replication Monitor Thread took 1 milliseconds for processing 1 containers.
2019-10-14 12:43:39,936 [Thread-3036] INFO  impl.FollowerState (FollowerState.java:run(108)) - f415a011-bf04-42a9-bfe4-a2c91d6dceb5@group-685887D8F07F-FollowerState: change to CANDIDATE, lastRpcTime:5011ms, electionTimeout:5011ms
2019-10-14 12:43:39,936 [Thread-3036] INFO  impl.RoleInfo (RoleInfo.java:shutdownFollowerState(121)) - f415a011-bf04-42a9-bfe4-a2c91d6dceb5: shutdown FollowerState
2019-10-14 12:43:39,937 [Thread-3036] INFO  impl.RaftServerImpl (RaftServerImpl.java:setRole(170)) - f415a011-bf04-42a9-bfe4-a2c91d6dceb5@group-685887D8F07F: changes role from  FOLLOWER to CANDIDATE at term 0 for changeToCandidate
2019-10-14 12:43:39,937 [Thread-3036] INFO  impl.RoleInfo (RoleInfo.java:updateAndGet(143)) - f415a011-bf04-42a9-bfe4-a2c91d6dceb5: start LeaderElection
2019-10-14 12:43:39,962 [f415a011-bf04-42a9-bfe4-a2c91d6dceb5@group-685887D8F07F-LeaderElection57] INFO  impl.LeaderElection (LeaderElection.java:askForVotes(178)) - f415a011-bf04-42a9-bfe4-a2c91d6dceb5@group-685887D8F07F-LeaderElection57: begin an election at term 1 for -1: [f415a011-bf04-42a9-bfe4-a2c91d6dceb5:192.168.151.107:42142], old=null
2019-10-14 12:43:39,962 [f415a011-bf04-42a9-bfe4-a2c91d6dceb5@group-685887D8F07F-LeaderElection57] INFO  impl.RoleInfo (RoleInfo.java:shutdownLeaderElection(134)) - f415a011-bf04-42a9-bfe4-a2c91d6dceb5: shutdown LeaderElection
2019-10-14 12:43:39,963 [f415a011-bf04-42a9-bfe4-a2c91d6dceb5@group-685887D8F07F-LeaderElection57] INFO  impl.RaftServerImpl (RaftServerImpl.java:setRole(170)) - f415a011-bf04-42a9-bfe4-a2c91d6dceb5@group-685887D8F07F: changes role from CANDIDATE to LEADER at term 1 for changeToLeader
2019-10-14 12:43:39,963 [f415a011-bf04-42a9-bfe4-a2c91d6dceb5@group-685887D8F07F-LeaderElection57] INFO  impl.RaftServerImpl (ServerState.java:setLeader(255)) - f415a011-bf04-42a9-bfe4-a2c91d6dceb5@group-685887D8F07F: change Leader from null to f415a011-bf04-42a9-bfe4-a2c91d6dceb5 at term 1 for becomeLeader, leader elected after 5046ms
2019-10-14 12:43:39,963 [f415a011-bf04-42a9-bfe4-a2c91d6dceb5@group-685887D8F07F-LeaderElection57] INFO  server.RaftServerConfigKeys (ConfUtils.java:logGet(43)) - raft.server.staging.catchup.gap = 1000 (default)
2019-10-14 12:43:39,963 [f415a011-bf04-42a9-bfe4-a2c91d6dceb5@group-685887D8F07F-LeaderElection57] INFO  server.RaftServerConfigKeys (ConfUtils.java:logGet(43)) - raft.server.rpc.sleep.time = 25ms (default)
2019-10-14 12:43:39,964 [f415a011-bf04-42a9-bfe4-a2c91d6dceb5@group-685887D8F07F-LeaderElection57] INFO  server.RaftServerConfigKeys (ConfUtils.java:logGet(43)) - raft.server.write.element-limit = 4096 (default)
2019-10-14 12:43:39,964 [f415a011-bf04-42a9-bfe4-a2c91d6dceb5@group-685887D8F07F-LeaderElection57] INFO  server.RaftServerConfigKeys (ConfUtils.java:logGet(43)) - raft.server.watch.timeout = 10s (default)
2019-10-14 12:43:39,964 [f415a011-bf04-42a9-bfe4-a2c91d6dceb5@group-685887D8F07F-LeaderElection57] INFO  server.RaftServerConfigKeys (ConfUtils.java:logGet(43)) - raft.server.watch.timeout.denomination = 1s (default)
2019-10-14 12:43:39,964 [f415a011-bf04-42a9-bfe4-a2c91d6dceb5@group-685887D8F07F-LeaderElection57] INFO  server.RaftServerConfigKeys (ConfUtils.java:logGet(43)) - raft.server.watch.element-limit = 65536 (default)
2019-10-14 12:43:39,966 [f415a011-bf04-42a9-bfe4-a2c91d6dceb5@group-685887D8F07F-LeaderElection57] INFO  impl.RoleInfo (RoleInfo.java:updateAndGet(143)) - f415a011-bf04-42a9-bfe4-a2c91d6dceb5: start LeaderState
2019-10-14 12:43:39,967 [f415a011-bf04-42a9-bfe4-a2c91d6dceb5@group-685887D8F07F-LeaderElection57] INFO  segmented.SegmentedRaftLogWorker (SegmentedRaftLogWorker.java:startLogSegment(385)) - f415a011-bf04-42a9-bfe4-a2c91d6dceb5@group-685887D8F07F-SegmentedRaftLogWorker: Starting segment from index:0
2019-10-14 12:43:39,968 [f415a011-bf04-42a9-bfe4-a2c91d6dceb5@group-685887D8F07F-LeaderElection57] INFO  impl.RaftServerImpl (ServerState.java:setRaftConf(356)) - f415a011-bf04-42a9-bfe4-a2c91d6dceb5@group-685887D8F07F: set configuration 0: [f415a011-bf04-42a9-bfe4-a2c91d6dceb5:192.168.151.107:42142], old=null at 0
2019-10-14 12:43:39,991 [Thread-3039] INFO  impl.FollowerState (FollowerState.java:run(108)) - 318f8cfb-a2bd-4d9d-9aa9-de47c092d73d@group-7E79C0AFB053-FollowerState: change to CANDIDATE, lastRpcTime:5010ms, electionTimeout:5010ms
2019-10-14 12:43:39,991 [Thread-3039] INFO  impl.RoleInfo (RoleInfo.java:shutdownFollowerState(121)) - 318f8cfb-a2bd-4d9d-9aa9-de47c092d73d: shutdown FollowerState
2019-10-14 12:43:39,991 [Thread-3039] INFO  impl.RaftServerImpl (RaftServerImpl.java:setRole(170)) - 318f8cfb-a2bd-4d9d-9aa9-de47c092d73d@group-7E79C0AFB053: changes role from  FOLLOWER to CANDIDATE at term 0 for changeToCandidate
2019-10-14 12:43:39,992 [Thread-3039] INFO  impl.RoleInfo (RoleInfo.java:updateAndGet(143)) - 318f8cfb-a2bd-4d9d-9aa9-de47c092d73d: start LeaderElection
2019-10-14 12:43:40,017 [f415a011-bf04-42a9-bfe4-a2c91d6dceb5@group-685887D8F07F-SegmentedRaftLogWorker] INFO  segmented.SegmentedRaftLogWorker (SegmentedRaftLogWorker.java:execute(574)) - f415a011-bf04-42a9-bfe4-a2c91d6dceb5@group-685887D8F07F-SegmentedRaftLogWorker: created new log segment /workdir/hadoop-ozone/integration-test/target/test-dir/MiniOzoneClusterImpl-5e97dea3-99a6-4a1a-83d8-52833a14f548/datanode-0/data/ratis/66c20ec4-0c45-4fd5-ba05-685887d8f07f/current/log_inprogress_0
2019-10-14 12:43:40,017 [318f8cfb-a2bd-4d9d-9aa9-de47c092d73d@group-7E79C0AFB053-LeaderElection58] INFO  impl.LeaderElection (LeaderElection.java:askForVotes(178)) - 318f8cfb-a2bd-4d9d-9aa9-de47c092d73d@group-7E79C0AFB053-LeaderElection58: begin an election at term 1 for -1: [318f8cfb-a2bd-4d9d-9aa9-de47c092d73d:192.168.151.107:44952], old=null
2019-10-14 12:43:40,017 [318f8cfb-a2bd-4d9d-9aa9-de47c092d73d@group-7E79C0AFB053-LeaderElection58] INFO  impl.RoleInfo (RoleInfo.java:shutdownLeaderElection(134)) - 318f8cfb-a2bd-4d9d-9aa9-de47c092d73d: shutdown LeaderElection
2019-10-14 12:43:40,017 [318f8cfb-a2bd-4d9d-9aa9-de47c092d73d@group-7E79C0AFB053-LeaderElection58] INFO  impl.RaftServerImpl (RaftServerImpl.java:setRole(170)) - 318f8cfb-a2bd-4d9d-9aa9-de47c092d73d@group-7E79C0AFB053: changes role from CANDIDATE to LEADER at term 1 for changeToLeader
2019-10-14 12:43:40,018 [318f8cfb-a2bd-4d9d-9aa9-de47c092d73d@group-7E79C0AFB053-LeaderElection58] INFO  impl.RaftServerImpl (ServerState.java:setLeader(255)) - 318f8cfb-a2bd-4d9d-9aa9-de47c092d73d@group-7E79C0AFB053: change Leader from null to 318f8cfb-a2bd-4d9d-9aa9-de47c092d73d at term 1 for becomeLeader, leader elected after 5045ms
2019-10-14 12:43:40,018 [318f8cfb-a2bd-4d9d-9aa9-de47c092d73d@group-7E79C0AFB053-LeaderElection58] INFO  server.RaftServerConfigKeys (ConfUtils.java:logGet(43)) - raft.server.staging.catchup.gap = 1000 (default)
2019-10-14 12:43:40,018 [318f8cfb-a2bd-4d9d-9aa9-de47c092d73d@group-7E79C0AFB053-LeaderElection58] INFO  server.RaftServerConfigKeys (ConfUtils.java:logGet(43)) - raft.server.rpc.sleep.time = 25ms (default)
2019-10-14 12:43:40,018 [318f8cfb-a2bd-4d9d-9aa9-de47c092d73d@group-7E79C0AFB053-LeaderElection58] INFO  server.RaftServerConfigKeys (ConfUtils.java:logGet(43)) - raft.server.write.element-limit = 4096 (default)
2019-10-14 12:43:40,018 [318f8cfb-a2bd-4d9d-9aa9-de47c092d73d@group-7E79C0AFB053-LeaderElection58] INFO  server.RaftServerConfigKeys (ConfUtils.java:logGet(43)) - raft.server.watch.timeout = 10s (default)
2019-10-14 12:43:40,018 [318f8cfb-a2bd-4d9d-9aa9-de47c092d73d@group-7E79C0AFB053-LeaderElection58] INFO  server.RaftServerConfigKeys (ConfUtils.java:logGet(43)) - raft.server.watch.timeout.denomination = 1s (default)
2019-10-14 12:43:40,018 [318f8cfb-a2bd-4d9d-9aa9-de47c092d73d@group-7E79C0AFB053-LeaderElection58] INFO  server.RaftServerConfigKeys (ConfUtils.java:logGet(43)) - raft.server.watch.element-limit = 65536 (default)
2019-10-14 12:43:40,020 [318f8cfb-a2bd-4d9d-9aa9-de47c092d73d@group-7E79C0AFB053-LeaderElection58] INFO  impl.RoleInfo (RoleInfo.java:updateAndGet(143)) - 318f8cfb-a2bd-4d9d-9aa9-de47c092d73d: start LeaderState
2019-10-14 12:43:40,021 [318f8cfb-a2bd-4d9d-9aa9-de47c092d73d@group-7E79C0AFB053-LeaderElection58] INFO  segmented.SegmentedRaftLogWorker (SegmentedRaftLogWorker.java:startLogSegment(385)) - 318f8cfb-a2bd-4d9d-9aa9-de47c092d73d@group-7E79C0AFB053-SegmentedRaftLogWorker: Starting segment from index:0
2019-10-14 12:43:40,021 [318f8cfb-a2bd-4d9d-9aa9-de47c092d73d@group-7E79C0AFB053-LeaderElection58] INFO  impl.RaftServerImpl (ServerState.java:setRaftConf(356)) - 318f8cfb-a2bd-4d9d-9aa9-de47c092d73d@group-7E79C0AFB053: set configuration 0: [318f8cfb-a2bd-4d9d-9aa9-de47c092d73d:192.168.151.107:44952], old=null at 0
2019-10-14 12:43:40,079 [318f8cfb-a2bd-4d9d-9aa9-de47c092d73d@group-7E79C0AFB053-SegmentedRaftLogWorker] INFO  segmented.SegmentedRaftLogWorker (SegmentedRaftLogWorker.java:execute(574)) - 318f8cfb-a2bd-4d9d-9aa9-de47c092d73d@group-7E79C0AFB053-SegmentedRaftLogWorker: created new log segment /workdir/hadoop-ozone/integration-test/target/test-dir/MiniOzoneClusterImpl-5e97dea3-99a6-4a1a-83d8-52833a14f548/datanode-1/data/ratis/1f8b9db3-759a-48f7-aa1a-7e79c0afb053/current/log_inprogress_0
2019-10-14 12:43:40,092 [Thread-3042] INFO  impl.FollowerState (FollowerState.java:run(108)) - 94b64f22-133c-45ad-ad28-450bbaa44dd0@group-AAC2281EB7A4-FollowerState: change to CANDIDATE, lastRpcTime:5063ms, electionTimeout:5063ms
2019-10-14 12:43:40,092 [Thread-3042] INFO  impl.RoleInfo (RoleInfo.java:shutdownFollowerState(121)) - 94b64f22-133c-45ad-ad28-450bbaa44dd0: shutdown FollowerState
2019-10-14 12:43:40,092 [Thread-3042] INFO  impl.RaftServerImpl (RaftServerImpl.java:setRole(170)) - 94b64f22-133c-45ad-ad28-450bbaa44dd0@group-AAC2281EB7A4: changes role from  FOLLOWER to CANDIDATE at term 0 for changeToCandidate
2019-10-14 12:43:40,093 [Thread-3042] INFO  impl.RoleInfo (RoleInfo.java:updateAndGet(143)) - 94b64f22-133c-45ad-ad28-450bbaa44dd0: start LeaderElection
2019-10-14 12:43:40,102 [Thread-3049] INFO  impl.FollowerState (FollowerState.java:run(108)) - 94b64f22-133c-45ad-ad28-450bbaa44dd0@group-7BC219FCF9F7-FollowerState: change to CANDIDATE, lastRpcTime:5004ms, electionTimeout:5004ms
2019-10-14 12:43:40,103 [Thread-3049] INFO  impl.RoleInfo (RoleInfo.java:shutdownFollowerState(121)) - 94b64f22-133c-45ad-ad28-450bbaa44dd0: shutdown FollowerState
2019-10-14 12:43:40,103 [Thread-3049] INFO  impl.RaftServerImpl (RaftServerImpl.java:setRole(170)) - 94b64f22-133c-45ad-ad28-450bbaa44dd0@group-7BC219FCF9F7: changes role from  FOLLOWER to CANDIDATE at term 0 for changeToCandidate
2019-10-14 12:43:40,103 [Thread-3049] INFO  impl.RoleInfo (RoleInfo.java:updateAndGet(143)) - 94b64f22-133c-45ad-ad28-450bbaa44dd0: start LeaderElection
2019-10-14 12:43:40,125 [94b64f22-133c-45ad-ad28-450bbaa44dd0@group-AAC2281EB7A4-LeaderElection59] INFO  impl.LeaderElection (LeaderElection.java:askForVotes(178)) - 94b64f22-133c-45ad-ad28-450bbaa44dd0@group-AAC2281EB7A4-LeaderElection59: begin an election at term 1 for -1: [94b64f22-133c-45ad-ad28-450bbaa44dd0:192.168.151.107:43410], old=null
2019-10-14 12:43:40,125 [94b64f22-133c-45ad-ad28-450bbaa44dd0@group-7BC219FCF9F7-LeaderElection60] INFO  impl.LeaderElection (LeaderElection.java:askForVotes(178)) - 94b64f22-133c-45ad-ad28-450bbaa44dd0@group-7BC219FCF9F7-LeaderElection60: begin an election at term 1 for -1: [f415a011-bf04-42a9-bfe4-a2c91d6dceb5:192.168.151.107:42142, 94b64f22-133c-45ad-ad28-450bbaa44dd0:192.168.151.107:43410, 318f8cfb-a2bd-4d9d-9aa9-de47c092d73d:192.168.151.107:44952], old=null
2019-10-14 12:43:40,125 [94b64f22-133c-45ad-ad28-450bbaa44dd0@group-AAC2281EB7A4-LeaderElection59] INFO  impl.RoleInfo (RoleInfo.java:shutdownLeaderElection(134)) - 94b64f22-133c-45ad-ad28-450bbaa44dd0: shutdown LeaderElection
2019-10-14 12:43:40,125 [94b64f22-133c-45ad-ad28-450bbaa44dd0@group-AAC2281EB7A4-LeaderElection59] INFO  impl.RaftServerImpl (RaftServerImpl.java:setRole(170)) - 94b64f22-133c-45ad-ad28-450bbaa44dd0@group-AAC2281EB7A4: changes role from CANDIDATE to LEADER at term 1 for changeToLeader
2019-10-14 12:43:40,125 [94b64f22-133c-45ad-ad28-450bbaa44dd0@group-AAC2281EB7A4-LeaderElection59] INFO  impl.RaftServerImpl (ServerState.java:setLeader(255)) - 94b64f22-133c-45ad-ad28-450bbaa44dd0@group-AAC2281EB7A4: change Leader from null to 94b64f22-133c-45ad-ad28-450bbaa44dd0 at term 1 for becomeLeader, leader elected after 5102ms
2019-10-14 12:43:40,126 [94b64f22-133c-45ad-ad28-450bbaa44dd0@group-AAC2281EB7A4-LeaderElection59] INFO  server.RaftServerConfigKeys (ConfUtils.java:logGet(43)) - raft.server.staging.catchup.gap = 1000 (default)
2019-10-14 12:43:40,126 [94b64f22-133c-45ad-ad28-450bbaa44dd0@group-AAC2281EB7A4-LeaderElection59] INFO  server.RaftServerConfigKeys (ConfUtils.java:logGet(43)) - raft.server.rpc.sleep.time = 25ms (default)
2019-10-14 12:43:40,126 [94b64f22-133c-45ad-ad28-450bbaa44dd0@group-AAC2281EB7A4-LeaderElection59] INFO  server.RaftServerConfigKeys (ConfUtils.java:logGet(43)) - raft.server.write.element-limit = 4096 (default)
2019-10-14 12:43:40,126 [94b64f22-133c-45ad-ad28-450bbaa44dd0@group-AAC2281EB7A4-LeaderElection59] INFO  server.RaftServerConfigKeys (ConfUtils.java:logGet(43)) - raft.server.watch.timeout = 10s (default)
2019-10-14 12:43:40,126 [94b64f22-133c-45ad-ad28-450bbaa44dd0@group-AAC2281EB7A4-LeaderElection59] INFO  server.RaftServerConfigKeys (ConfUtils.java:logGet(43)) - raft.server.watch.timeout.denomination = 1s (default)
2019-10-14 12:43:40,127 [94b64f22-133c-45ad-ad28-450bbaa44dd0@group-AAC2281EB7A4-LeaderElection59] INFO  server.RaftServerConfigKeys (ConfUtils.java:logGet(43)) - raft.server.watch.element-limit = 65536 (default)
2019-10-14 12:43:40,129 [94b64f22-133c-45ad-ad28-450bbaa44dd0@group-AAC2281EB7A4-LeaderElection59] INFO  impl.RoleInfo (RoleInfo.java:updateAndGet(143)) - 94b64f22-133c-45ad-ad28-450bbaa44dd0: start LeaderState
2019-10-14 12:43:40,129 [94b64f22-133c-45ad-ad28-450bbaa44dd0@group-AAC2281EB7A4-LeaderElection59] INFO  segmented.SegmentedRaftLogWorker (SegmentedRaftLogWorker.java:startLogSegment(385)) - 94b64f22-133c-45ad-ad28-450bbaa44dd0@group-AAC2281EB7A4-SegmentedRaftLogWorker: Starting segment from index:0
2019-10-14 12:43:40,130 [94b64f22-133c-45ad-ad28-450bbaa44dd0@group-AAC2281EB7A4-LeaderElection59] INFO  impl.RaftServerImpl (ServerState.java:setRaftConf(356)) - 94b64f22-133c-45ad-ad28-450bbaa44dd0@group-AAC2281EB7A4: set configuration 0: [94b64f22-133c-45ad-ad28-450bbaa44dd0:192.168.151.107:43410], old=null at 0
2019-10-14 12:43:40,130 [grpc-default-executor-8] INFO  impl.RaftServerImpl (RaftServerImpl.java:setRole(170)) - 318f8cfb-a2bd-4d9d-9aa9-de47c092d73d@group-7BC219FCF9F7: changes role from  FOLLOWER to FOLLOWER at term 1 for recognizeCandidate:94b64f22-133c-45ad-ad28-450bbaa44dd0
2019-10-14 12:43:40,130 [grpc-default-executor-1] INFO  impl.RaftServerImpl (RaftServerImpl.java:setRole(170)) - f415a011-bf04-42a9-bfe4-a2c91d6dceb5@group-7BC219FCF9F7: changes role from  FOLLOWER to FOLLOWER at term 1 for recognizeCandidate:94b64f22-133c-45ad-ad28-450bbaa44dd0
2019-10-14 12:43:40,130 [grpc-default-executor-8] INFO  impl.RoleInfo (RoleInfo.java:shutdownFollowerState(121)) - 318f8cfb-a2bd-4d9d-9aa9-de47c092d73d: shutdown FollowerState
2019-10-14 12:43:40,130 [grpc-default-executor-1] INFO  impl.RoleInfo (RoleInfo.java:shutdownFollowerState(121)) - f415a011-bf04-42a9-bfe4-a2c91d6dceb5: shutdown FollowerState
2019-10-14 12:43:40,131 [Thread-3046] INFO  impl.FollowerState (FollowerState.java:run(117)) - 318f8cfb-a2bd-4d9d-9aa9-de47c092d73d@group-7BC219FCF9F7-FollowerState was interrupted: java.lang.InterruptedException: sleep interrupted
2019-10-14 12:43:40,130 [grpc-default-executor-8] INFO  impl.RoleInfo (RoleInfo.java:updateAndGet(143)) - 318f8cfb-a2bd-4d9d-9aa9-de47c092d73d: start FollowerState
2019-10-14 12:43:40,131 [Thread-3048] INFO  impl.FollowerState (FollowerState.java:run(117)) - f415a011-bf04-42a9-bfe4-a2c91d6dceb5@group-7BC219FCF9F7-FollowerState was interrupted: java.lang.InterruptedException: sleep interrupted
2019-10-14 12:43:40,131 [grpc-default-executor-1] INFO  impl.RoleInfo (RoleInfo.java:updateAndGet(143)) - f415a011-bf04-42a9-bfe4-a2c91d6dceb5: start FollowerState
2019-10-14 12:43:40,173 [94b64f22-133c-45ad-ad28-450bbaa44dd0@group-AAC2281EB7A4-SegmentedRaftLogWorker] INFO  segmented.SegmentedRaftLogWorker (SegmentedRaftLogWorker.java:execute(574)) - 94b64f22-133c-45ad-ad28-450bbaa44dd0@group-AAC2281EB7A4-SegmentedRaftLogWorker: created new log segment /workdir/hadoop-ozone/integration-test/target/test-dir/MiniOzoneClusterImpl-5e97dea3-99a6-4a1a-83d8-52833a14f548/datanode-2/data/ratis/17d6a98e-3cb2-4c6c-b021-aac2281eb7a4/current/log_inprogress_0
2019-10-14 12:43:40,176 [94b64f22-133c-45ad-ad28-450bbaa44dd0@group-7BC219FCF9F7-LeaderElection60] INFO  impl.LeaderElection (LeaderElection.java:logAndReturn(56)) - 94b64f22-133c-45ad-ad28-450bbaa44dd0@group-7BC219FCF9F7-LeaderElection60: Election PASSED; received 1 response(s) [94b64f22-133c-45ad-ad28-450bbaa44dd0<-f415a011-bf04-42a9-bfe4-a2c91d6dceb5#0:OK-t1] and 0 exception(s); 94b64f22-133c-45ad-ad28-450bbaa44dd0@group-7BC219FCF9F7:t1, leader=null, voted=94b64f22-133c-45ad-ad28-450bbaa44dd0, raftlog=94b64f22-133c-45ad-ad28-450bbaa44dd0@group-7BC219FCF9F7-SegmentedRaftLog:OPENED:c-1,f-1,i0, conf=-1: [f415a011-bf04-42a9-bfe4-a2c91d6dceb5:192.168.151.107:42142, 94b64f22-133c-45ad-ad28-450bbaa44dd0:192.168.151.107:43410, 318f8cfb-a2bd-4d9d-9aa9-de47c092d73d:192.168.151.107:44952], old=null
2019-10-14 12:43:40,176 [94b64f22-133c-45ad-ad28-450bbaa44dd0@group-7BC219FCF9F7-LeaderElection60] INFO  impl.RoleInfo (RoleInfo.java:shutdownLeaderElection(134)) - 94b64f22-133c-45ad-ad28-450bbaa44dd0: shutdown LeaderElection
2019-10-14 12:43:40,176 [94b64f22-133c-45ad-ad28-450bbaa44dd0@group-7BC219FCF9F7-LeaderElection60] INFO  impl.RaftServerImpl (RaftServerImpl.java:setRole(170)) - 94b64f22-133c-45ad-ad28-450bbaa44dd0@group-7BC219FCF9F7: changes role from CANDIDATE to LEADER at term 1 for changeToLeader
2019-10-14 12:43:40,176 [94b64f22-133c-45ad-ad28-450bbaa44dd0@group-7BC219FCF9F7-LeaderElection60] INFO  impl.RaftServerImpl (ServerState.java:setLeader(255)) - 94b64f22-133c-45ad-ad28-450bbaa44dd0@group-7BC219FCF9F7: change Leader from null to 94b64f22-133c-45ad-ad28-450bbaa44dd0 at term 1 for becomeLeader, leader elected after 5091ms
2019-10-14 12:43:40,176 [94b64f22-133c-45ad-ad28-450bbaa44dd0@group-7BC219FCF9F7-LeaderElection60] INFO  server.RaftServerConfigKeys (ConfUtils.java:logGet(43)) - raft.server.staging.catchup.gap = 1000 (default)
2019-10-14 12:43:40,177 [94b64f22-133c-45ad-ad28-450bbaa44dd0@group-7BC219FCF9F7-LeaderElection60] INFO  server.RaftServerConfigKeys (ConfUtils.java:logGet(43)) - raft.server.rpc.sleep.time = 25ms (default)
2019-10-14 12:43:40,177 [94b64f22-133c-45ad-ad28-450bbaa44dd0@group-7BC219FCF9F7-LeaderElection60] INFO  server.RaftServerConfigKeys (ConfUtils.java:logGet(43)) - raft.server.write.element-limit = 4096 (default)
2019-10-14 12:43:40,177 [94b64f22-133c-45ad-ad28-450bbaa44dd0@group-7BC219FCF9F7-LeaderElection60] INFO  server.RaftServerConfigKeys (ConfUtils.java:logGet(43)) - raft.server.watch.timeout = 10s (default)
2019-10-14 12:43:40,177 [94b64f22-133c-45ad-ad28-450bbaa44dd0@group-7BC219FCF9F7-LeaderElection60] INFO  server.RaftServerConfigKeys (ConfUtils.java:logGet(43)) - raft.server.watch.timeout.denomination = 1s (default)
2019-10-14 12:43:40,177 [94b64f22-133c-45ad-ad28-450bbaa44dd0@group-7BC219FCF9F7-LeaderElection60] INFO  server.RaftServerConfigKeys (ConfUtils.java:logGet(43)) - raft.server.watch.element-limit = 65536 (default)
2019-10-14 12:43:40,178 [94b64f22-133c-45ad-ad28-450bbaa44dd0@group-7BC219FCF9F7-LeaderElection60] INFO  server.RaftServerConfigKeys (ConfUtils.java:logGet(43)) - raft.server.log.appender.snapshot.chunk.size.max = 16MB (=16777216) (default)
2019-10-14 12:43:40,178 [94b64f22-133c-45ad-ad28-450bbaa44dd0@group-7BC219FCF9F7-LeaderElection60] INFO  server.RaftServerConfigKeys (ConfUtils.java:logGet(43)) - raft.server.log.appender.buffer.byte-limit = 33554432 (custom)
2019-10-14 12:43:40,179 [94b64f22-133c-45ad-ad28-450bbaa44dd0@group-7BC219FCF9F7-LeaderElection60] INFO  server.RaftServerConfigKeys (ConfUtils.java:logGet(43)) - raft.server.log.appender.buffer.element-limit = 1 (custom)
2019-10-14 12:43:40,179 [94b64f22-133c-45ad-ad28-450bbaa44dd0@group-7BC219FCF9F7-LeaderElection60] INFO  grpc.GrpcConfigKeys$Server (ConfUtils.java:logGet(43)) - raft.grpc.server.leader.outstanding.appends.max = 128 (default)
2019-10-14 12:43:40,179 [94b64f22-133c-45ad-ad28-450bbaa44dd0@group-7BC219FCF9F7-LeaderElection60] INFO  server.RaftServerConfigKeys (ConfUtils.java:logGet(43)) - raft.server.rpc.request.timeout = 3000ms (default)
2019-10-14 12:43:40,179 [94b64f22-133c-45ad-ad28-450bbaa44dd0@group-7BC219FCF9F7-LeaderElection60] INFO  server.RaftServerConfigKeys (ConfUtils.java:logGet(43)) - raft.server.log.appender.install.snapshot.enabled = false (custom)
2019-10-14 12:43:40,179 [94b64f22-133c-45ad-ad28-450bbaa44dd0@group-7BC219FCF9F7-LeaderElection60] INFO  server.RaftServerConfigKeys (ConfUtils.java:logGet(43)) - raft.server.log.appender.snapshot.chunk.size.max = 16MB (=16777216) (default)
2019-10-14 12:43:40,179 [94b64f22-133c-45ad-ad28-450bbaa44dd0@group-7BC219FCF9F7-LeaderElection60] INFO  server.RaftServerConfigKeys (ConfUtils.java:logGet(43)) - raft.server.log.appender.buffer.byte-limit = 33554432 (custom)
2019-10-14 12:43:40,179 [94b64f22-133c-45ad-ad28-450bbaa44dd0@group-7BC219FCF9F7-LeaderElection60] INFO  server.RaftServerConfigKeys (ConfUtils.java:logGet(43)) - raft.server.log.appender.buffer.element-limit = 1 (custom)
2019-10-14 12:43:40,180 [94b64f22-133c-45ad-ad28-450bbaa44dd0@group-7BC219FCF9F7-LeaderElection60] INFO  grpc.GrpcConfigKeys$Server (ConfUtils.java:logGet(43)) - raft.grpc.server.leader.outstanding.appends.max = 128 (default)
2019-10-14 12:43:40,180 [94b64f22-133c-45ad-ad28-450bbaa44dd0@group-7BC219FCF9F7-LeaderElection60] INFO  server.RaftServerConfigKeys (ConfUtils.java:logGet(43)) - raft.server.rpc.request.timeout = 3000ms (default)
2019-10-14 12:43:40,180 [94b64f22-133c-45ad-ad28-450bbaa44dd0@group-7BC219FCF9F7-LeaderElection60] INFO  server.RaftServerConfigKeys (ConfUtils.java:logGet(43)) - raft.server.log.appender.install.snapshot.enabled = false (custom)
2019-10-14 12:43:40,180 [94b64f22-133c-45ad-ad28-450bbaa44dd0@group-7BC219FCF9F7-LeaderElection60] INFO  impl.RoleInfo (RoleInfo.java:updateAndGet(143)) - 94b64f22-133c-45ad-ad28-450bbaa44dd0: start LeaderState
2019-10-14 12:43:40,180 [94b64f22-133c-45ad-ad28-450bbaa44dd0@group-7BC219FCF9F7-LeaderElection60] INFO  segmented.SegmentedRaftLogWorker (SegmentedRaftLogWorker.java:startLogSegment(385)) - 94b64f22-133c-45ad-ad28-450bbaa44dd0@group-7BC219FCF9F7-SegmentedRaftLogWorker: Starting segment from index:0
2019-10-14 12:43:40,181 [94b64f22-133c-45ad-ad28-450bbaa44dd0@group-7BC219FCF9F7-LeaderElection60] INFO  impl.RaftServerImpl (ServerState.java:setRaftConf(356)) - 94b64f22-133c-45ad-ad28-450bbaa44dd0@group-7BC219FCF9F7: set configuration 0: [f415a011-bf04-42a9-bfe4-a2c91d6dceb5:192.168.151.107:42142, 94b64f22-133c-45ad-ad28-450bbaa44dd0:192.168.151.107:43410, 318f8cfb-a2bd-4d9d-9aa9-de47c092d73d:192.168.151.107:44952], old=null at 0
2019-10-14 12:43:40,218 [grpc-default-executor-8] INFO  impl.RaftServerImpl (ServerState.java:setLeader(255)) - 318f8cfb-a2bd-4d9d-9aa9-de47c092d73d@group-7BC219FCF9F7: change Leader from null to 94b64f22-133c-45ad-ad28-450bbaa44dd0 at term 1 for appendEntries, leader elected after 5133ms
2019-10-14 12:43:40,220 [grpc-default-executor-7] INFO  impl.RaftServerImpl (ServerState.java:setLeader(255)) - f415a011-bf04-42a9-bfe4-a2c91d6dceb5@group-7BC219FCF9F7: change Leader from null to 94b64f22-133c-45ad-ad28-450bbaa44dd0 at term 1 for appendEntries, leader elected after 5135ms
2019-10-14 12:43:40,224 [grpc-default-executor-7] INFO  impl.RaftServerImpl (ServerState.java:setRaftConf(356)) - 318f8cfb-a2bd-4d9d-9aa9-de47c092d73d@group-7BC219FCF9F7: set configuration 0: [f415a011-bf04-42a9-bfe4-a2c91d6dceb5:192.168.151.107:42142, 94b64f22-133c-45ad-ad28-450bbaa44dd0:192.168.151.107:43410, 318f8cfb-a2bd-4d9d-9aa9-de47c092d73d:192.168.151.107:44952], old=null at 0
2019-10-14 12:43:40,224 [grpc-default-executor-8] INFO  impl.RaftServerImpl (ServerState.java:setRaftConf(356)) - f415a011-bf04-42a9-bfe4-a2c91d6dceb5@group-7BC219FCF9F7: set configuration 0: [f415a011-bf04-42a9-bfe4-a2c91d6dceb5:192.168.151.107:42142, 94b64f22-133c-45ad-ad28-450bbaa44dd0:192.168.151.107:43410, 318f8cfb-a2bd-4d9d-9aa9-de47c092d73d:192.168.151.107:44952], old=null at 0
2019-10-14 12:43:40,224 [grpc-default-executor-7] INFO  segmented.SegmentedRaftLogWorker (SegmentedRaftLogWorker.java:startLogSegment(385)) - 318f8cfb-a2bd-4d9d-9aa9-de47c092d73d@group-7BC219FCF9F7-SegmentedRaftLogWorker: Starting segment from index:0
2019-10-14 12:43:40,225 [grpc-default-executor-8] INFO  segmented.SegmentedRaftLogWorker (SegmentedRaftLogWorker.java:startLogSegment(385)) - f415a011-bf04-42a9-bfe4-a2c91d6dceb5@group-7BC219FCF9F7-SegmentedRaftLogWorker: Starting segment from index:0
2019-10-14 12:43:40,230 [94b64f22-133c-45ad-ad28-450bbaa44dd0@group-7BC219FCF9F7-SegmentedRaftLogWorker] INFO  segmented.SegmentedRaftLogWorker (SegmentedRaftLogWorker.java:execute(574)) - 94b64f22-133c-45ad-ad28-450bbaa44dd0@group-7BC219FCF9F7-SegmentedRaftLogWorker: created new log segment /workdir/hadoop-ozone/integration-test/target/test-dir/MiniOzoneClusterImpl-5e97dea3-99a6-4a1a-83d8-52833a14f548/datanode-2/data/ratis/1e57068f-8c2c-4f58-a477-7bc219fcf9f7/current/log_inprogress_0
2019-10-14 12:43:40,234 [Thread-3054] INFO  impl.FollowerState (FollowerState.java:run(108)) - 8a8ff637-77fd-447d-9d9b-3a3b1f3f2542@group-5A2C51E97E7C-FollowerState: change to CANDIDATE, lastRpcTime:5080ms, electionTimeout:5080ms
2019-10-14 12:43:40,235 [Thread-3054] INFO  impl.RoleInfo (RoleInfo.java:shutdownFollowerState(121)) - 8a8ff637-77fd-447d-9d9b-3a3b1f3f2542: shutdown FollowerState
2019-10-14 12:43:40,235 [Thread-3054] INFO  impl.RaftServerImpl (RaftServerImpl.java:setRole(170)) - 8a8ff637-77fd-447d-9d9b-3a3b1f3f2542@group-5A2C51E97E7C: changes role from  FOLLOWER to CANDIDATE at term 0 for changeToCandidate
2019-10-14 12:43:40,235 [Thread-3054] INFO  impl.RoleInfo (RoleInfo.java:updateAndGet(143)) - 8a8ff637-77fd-447d-9d9b-3a3b1f3f2542: start LeaderElection
2019-10-14 12:43:40,264 [Thread-3057] INFO  impl.FollowerState (FollowerState.java:run(108)) - 3d3c9ba1-31bc-4814-8b33-081f8b7ff4a0@group-79C1563001E6-FollowerState: change to CANDIDATE, lastRpcTime:5050ms, electionTimeout:5044ms
2019-10-14 12:43:40,265 [Thread-3057] INFO  impl.RoleInfo (RoleInfo.java:shutdownFollowerState(121)) - 3d3c9ba1-31bc-4814-8b33-081f8b7ff4a0: shutdown FollowerState
2019-10-14 12:43:40,265 [Thread-3057] INFO  impl.RaftServerImpl (RaftServerImpl.java:setRole(170)) - 3d3c9ba1-31bc-4814-8b33-081f8b7ff4a0@group-79C1563001E6: changes role from  FOLLOWER to CANDIDATE at term 0 for changeToCandidate
2019-10-14 12:43:40,265 [Thread-3057] INFO  impl.RoleInfo (RoleInfo.java:updateAndGet(143)) - 3d3c9ba1-31bc-4814-8b33-081f8b7ff4a0: start LeaderElection
2019-10-14 12:43:40,289 [f415a011-bf04-42a9-bfe4-a2c91d6dceb5@group-7BC219FCF9F7-SegmentedRaftLogWorker] INFO  segmented.SegmentedRaftLogWorker (SegmentedRaftLogWorker.java:execute(574)) - f415a011-bf04-42a9-bfe4-a2c91d6dceb5@group-7BC219FCF9F7-SegmentedRaftLogWorker: created new log segment /workdir/hadoop-ozone/integration-test/target/test-dir/MiniOzoneClusterImpl-5e97dea3-99a6-4a1a-83d8-52833a14f548/datanode-0/data/ratis/1e57068f-8c2c-4f58-a477-7bc219fcf9f7/current/log_inprogress_0
2019-10-14 12:43:40,289 [318f8cfb-a2bd-4d9d-9aa9-de47c092d73d@group-7BC219FCF9F7-SegmentedRaftLogWorker] INFO  segmented.SegmentedRaftLogWorker (SegmentedRaftLogWorker.java:execute(574)) - 318f8cfb-a2bd-4d9d-9aa9-de47c092d73d@group-7BC219FCF9F7-SegmentedRaftLogWorker: created new log segment /workdir/hadoop-ozone/integration-test/target/test-dir/MiniOzoneClusterImpl-5e97dea3-99a6-4a1a-83d8-52833a14f548/datanode-1/data/ratis/1e57068f-8c2c-4f58-a477-7bc219fcf9f7/current/log_inprogress_0
2019-10-14 12:43:40,304 [8a8ff637-77fd-447d-9d9b-3a3b1f3f2542@group-5A2C51E97E7C-LeaderElection61] INFO  impl.LeaderElection (LeaderElection.java:askForVotes(178)) - 8a8ff637-77fd-447d-9d9b-3a3b1f3f2542@group-5A2C51E97E7C-LeaderElection61: begin an election at term 1 for -1: [8a8ff637-77fd-447d-9d9b-3a3b1f3f2542:192.168.151.107:45707], old=null
2019-10-14 12:43:40,304 [3d3c9ba1-31bc-4814-8b33-081f8b7ff4a0@group-79C1563001E6-LeaderElection62] INFO  impl.LeaderElection (LeaderElection.java:askForVotes(178)) - 3d3c9ba1-31bc-4814-8b33-081f8b7ff4a0@group-79C1563001E6-LeaderElection62: begin an election at term 1 for -1: [3d3c9ba1-31bc-4814-8b33-081f8b7ff4a0:192.168.151.107:44563], old=null
2019-10-14 12:43:40,304 [8a8ff637-77fd-447d-9d9b-3a3b1f3f2542@group-5A2C51E97E7C-LeaderElection61] INFO  impl.RoleInfo (RoleInfo.java:shutdownLeaderElection(134)) - 8a8ff637-77fd-447d-9d9b-3a3b1f3f2542: shutdown LeaderElection
2019-10-14 12:43:40,304 [3d3c9ba1-31bc-4814-8b33-081f8b7ff4a0@group-79C1563001E6-LeaderElection62] INFO  impl.RoleInfo (RoleInfo.java:shutdownLeaderElection(134)) - 3d3c9ba1-31bc-4814-8b33-081f8b7ff4a0: shutdown LeaderElection
2019-10-14 12:43:40,304 [8a8ff637-77fd-447d-9d9b-3a3b1f3f2542@group-5A2C51E97E7C-LeaderElection61] INFO  impl.RaftServerImpl (RaftServerImpl.java:setRole(170)) - 8a8ff637-77fd-447d-9d9b-3a3b1f3f2542@group-5A2C51E97E7C: changes role from CANDIDATE to LEADER at term 1 for changeToLeader
2019-10-14 12:43:40,304 [3d3c9ba1-31bc-4814-8b33-081f8b7ff4a0@group-79C1563001E6-LeaderElection62] INFO  impl.RaftServerImpl (RaftServerImpl.java:setRole(170)) - 3d3c9ba1-31bc-4814-8b33-081f8b7ff4a0@group-79C1563001E6: changes role from CANDIDATE to LEADER at term 1 for changeToLeader
2019-10-14 12:43:40,304 [8a8ff637-77fd-447d-9d9b-3a3b1f3f2542@group-5A2C51E97E7C-LeaderElection61] INFO  impl.RaftServerImpl (ServerState.java:setLeader(255)) - 8a8ff637-77fd-447d-9d9b-3a3b1f3f2542@group-5A2C51E97E7C: change Leader from null to 8a8ff637-77fd-447d-9d9b-3a3b1f3f2542 at term 1 for becomeLeader, leader elected after 5155ms
2019-10-14 12:43:40,305 [3d3c9ba1-31bc-4814-8b33-081f8b7ff4a0@group-79C1563001E6-LeaderElection62] INFO  impl.RaftServerImpl (ServerState.java:setLeader(255)) - 3d3c9ba1-31bc-4814-8b33-081f8b7ff4a0@group-79C1563001E6: change Leader from null to 3d3c9ba1-31bc-4814-8b33-081f8b7ff4a0 at term 1 for becomeLeader, leader elected after 5097ms
2019-10-14 12:43:40,305 [8a8ff637-77fd-447d-9d9b-3a3b1f3f2542@group-5A2C51E97E7C-LeaderElection61] INFO  server.RaftServerConfigKeys (ConfUtils.java:logGet(43)) - raft.server.staging.catchup.gap = 1000 (default)
2019-10-14 12:43:40,305 [3d3c9ba1-31bc-4814-8b33-081f8b7ff4a0@group-79C1563001E6-LeaderElection62] INFO  server.RaftServerConfigKeys (ConfUtils.java:logGet(43)) - raft.server.staging.catchup.gap = 1000 (default)
2019-10-14 12:43:40,305 [8a8ff637-77fd-447d-9d9b-3a3b1f3f2542@group-5A2C51E97E7C-LeaderElection61] INFO  server.RaftServerConfigKeys (ConfUtils.java:logGet(43)) - raft.server.rpc.sleep.time = 25ms (default)
2019-10-14 12:43:40,305 [3d3c9ba1-31bc-4814-8b33-081f8b7ff4a0@group-79C1563001E6-LeaderElection62] INFO  server.RaftServerConfigKeys (ConfUtils.java:logGet(43)) - raft.server.rpc.sleep.time = 25ms (default)
2019-10-14 12:43:40,305 [8a8ff637-77fd-447d-9d9b-3a3b1f3f2542@group-5A2C51E97E7C-LeaderElection61] INFO  server.RaftServerConfigKeys (ConfUtils.java:logGet(43)) - raft.server.write.element-limit = 4096 (default)
2019-10-14 12:43:40,305 [3d3c9ba1-31bc-4814-8b33-081f8b7ff4a0@group-79C1563001E6-LeaderElection62] INFO  server.RaftServerConfigKeys (ConfUtils.java:logGet(43)) - raft.server.write.element-limit = 4096 (default)
2019-10-14 12:43:40,305 [8a8ff637-77fd-447d-9d9b-3a3b1f3f2542@group-5A2C51E97E7C-LeaderElection61] INFO  server.RaftServerConfigKeys (ConfUtils.java:logGet(43)) - raft.server.watch.timeout = 10s (default)
2019-10-14 12:43:40,306 [3d3c9ba1-31bc-4814-8b33-081f8b7ff4a0@group-79C1563001E6-LeaderElection62] INFO  server.RaftServerConfigKeys (ConfUtils.java:logGet(43)) - raft.server.watch.timeout = 10s (default)
2019-10-14 12:43:40,306 [8a8ff637-77fd-447d-9d9b-3a3b1f3f2542@group-5A2C51E97E7C-LeaderElection61] INFO  server.RaftServerConfigKeys (ConfUtils.java:logGet(43)) - raft.server.watch.timeout.denomination = 1s (default)
2019-10-14 12:43:40,306 [3d3c9ba1-31bc-4814-8b33-081f8b7ff4a0@group-79C1563001E6-LeaderElection62] INFO  server.RaftServerConfigKeys (ConfUtils.java:logGet(43)) - raft.server.watch.timeout.denomination = 1s (default)
2019-10-14 12:43:40,306 [8a8ff637-77fd-447d-9d9b-3a3b1f3f2542@group-5A2C51E97E7C-LeaderElection61] INFO  server.RaftServerConfigKeys (ConfUtils.java:logGet(43)) - raft.server.watch.element-limit = 65536 (default)
2019-10-14 12:43:40,306 [3d3c9ba1-31bc-4814-8b33-081f8b7ff4a0@group-79C1563001E6-LeaderElection62] INFO  server.RaftServerConfigKeys (ConfUtils.java:logGet(43)) - raft.server.watch.element-limit = 65536 (default)
2019-10-14 12:43:40,309 [8a8ff637-77fd-447d-9d9b-3a3b1f3f2542@group-5A2C51E97E7C-LeaderElection61] INFO  impl.RoleInfo (RoleInfo.java:updateAndGet(143)) - 8a8ff637-77fd-447d-9d9b-3a3b1f3f2542: start LeaderState
2019-10-14 12:43:40,309 [8a8ff637-77fd-447d-9d9b-3a3b1f3f2542@group-5A2C51E97E7C-LeaderElection61] INFO  segmented.SegmentedRaftLogWorker (SegmentedRaftLogWorker.java:startLogSegment(385)) - 8a8ff637-77fd-447d-9d9b-3a3b1f3f2542@group-5A2C51E97E7C-SegmentedRaftLogWorker: Starting segment from index:0
2019-10-14 12:43:40,309 [3d3c9ba1-31bc-4814-8b33-081f8b7ff4a0@group-79C1563001E6-LeaderElection62] INFO  impl.RoleInfo (RoleInfo.java:updateAndGet(143)) - 3d3c9ba1-31bc-4814-8b33-081f8b7ff4a0: start LeaderState
2019-10-14 12:43:40,310 [3d3c9ba1-31bc-4814-8b33-081f8b7ff4a0@group-79C1563001E6-LeaderElection62] INFO  segmented.SegmentedRaftLogWorker (SegmentedRaftLogWorker.java:startLogSegment(385)) - 3d3c9ba1-31bc-4814-8b33-081f8b7ff4a0@group-79C1563001E6-SegmentedRaftLogWorker: Starting segment from index:0
2019-10-14 12:43:40,310 [8a8ff637-77fd-447d-9d9b-3a3b1f3f2542@group-5A2C51E97E7C-LeaderElection61] INFO  impl.RaftServerImpl (ServerState.java:setRaftConf(356)) - 8a8ff637-77fd-447d-9d9b-3a3b1f3f2542@group-5A2C51E97E7C: set configuration 0: [8a8ff637-77fd-447d-9d9b-3a3b1f3f2542:192.168.151.107:45707], old=null at 0
2019-10-14 12:43:40,344 [Thread-3063] INFO  impl.FollowerState (FollowerState.java:run(108)) - 963a71de-ad96-439a-9c43-fb233e6f682e@group-3651EE4D927F-FollowerState: change to CANDIDATE, lastRpcTime:5039ms, electionTimeout:5012ms
2019-10-14 12:43:40,345 [3d3c9ba1-31bc-4814-8b33-081f8b7ff4a0@group-79C1563001E6-LeaderElection62] INFO  impl.RaftServerImpl (ServerState.java:setRaftConf(356)) - 3d3c9ba1-31bc-4814-8b33-081f8b7ff4a0@group-79C1563001E6: set configuration 0: [3d3c9ba1-31bc-4814-8b33-081f8b7ff4a0:192.168.151.107:44563], old=null at 0
2019-10-14 12:43:40,345 [Thread-3063] INFO  impl.RoleInfo (RoleInfo.java:shutdownFollowerState(121)) - 963a71de-ad96-439a-9c43-fb233e6f682e: shutdown FollowerState
2019-10-14 12:43:40,385 [8a8ff637-77fd-447d-9d9b-3a3b1f3f2542@group-5A2C51E97E7C-SegmentedRaftLogWorker] INFO  segmented.SegmentedRaftLogWorker (SegmentedRaftLogWorker.java:execute(574)) - 8a8ff637-77fd-447d-9d9b-3a3b1f3f2542@group-5A2C51E97E7C-SegmentedRaftLogWorker: created new log segment /workdir/hadoop-ozone/integration-test/target/test-dir/MiniOzoneClusterImpl-5e97dea3-99a6-4a1a-83d8-52833a14f548/datanode-3/data/ratis/b68f24cf-6257-40f7-86d5-5a2c51e97e7c/current/log_inprogress_0
2019-10-14 12:43:40,385 [Thread-3063] INFO  impl.RaftServerImpl (RaftServerImpl.java:setRole(170)) - 963a71de-ad96-439a-9c43-fb233e6f682e@group-3651EE4D927F: changes role from  FOLLOWER to CANDIDATE at term 0 for changeToCandidate
2019-10-14 12:43:40,385 [Thread-3063] INFO  impl.RoleInfo (RoleInfo.java:updateAndGet(143)) - 963a71de-ad96-439a-9c43-fb233e6f682e: start LeaderElection
2019-10-14 12:43:40,403 [Thread-3060] INFO  impl.FollowerState (FollowerState.java:run(108)) - 8eca786c-f17c-46c4-a407-e9e275d1403c@group-BC743F32CA80-FollowerState: change to CANDIDATE, lastRpcTime:5145ms, electionTimeout:5145ms
2019-10-14 12:43:40,403 [Thread-3060] INFO  impl.RoleInfo (RoleInfo.java:shutdownFollowerState(121)) - 8eca786c-f17c-46c4-a407-e9e275d1403c: shutdown FollowerState
2019-10-14 12:43:40,403 [Thread-3060] INFO  impl.RaftServerImpl (RaftServerImpl.java:setRole(170)) - 8eca786c-f17c-46c4-a407-e9e275d1403c@group-BC743F32CA80: changes role from  FOLLOWER to CANDIDATE at term 0 for changeToCandidate
2019-10-14 12:43:40,403 [Thread-3060] INFO  impl.RoleInfo (RoleInfo.java:updateAndGet(143)) - 8eca786c-f17c-46c4-a407-e9e275d1403c: start LeaderElection
2019-10-14 12:43:40,426 [8eca786c-f17c-46c4-a407-e9e275d1403c@group-BC743F32CA80-LeaderElection64] INFO  impl.LeaderElection (LeaderElection.java:askForVotes(178)) - 8eca786c-f17c-46c4-a407-e9e275d1403c@group-BC743F32CA80-LeaderElection64: begin an election at term 1 for -1: [8eca786c-f17c-46c4-a407-e9e275d1403c:192.168.151.107:44578], old=null
2019-10-14 12:43:40,426 [3d3c9ba1-31bc-4814-8b33-081f8b7ff4a0@group-79C1563001E6-SegmentedRaftLogWorker] INFO  segmented.SegmentedRaftLogWorker (SegmentedRaftLogWorker.java:execute(574)) - 3d3c9ba1-31bc-4814-8b33-081f8b7ff4a0@group-79C1563001E6-SegmentedRaftLogWorker: created new log segment /workdir/hadoop-ozone/integration-test/target/test-dir/MiniOzoneClusterImpl-5e97dea3-99a6-4a1a-83d8-52833a14f548/datanode-4/data/ratis/4e21fc2c-3f6c-4367-a0e5-79c1563001e6/current/log_inprogress_0
2019-10-14 12:43:40,426 [963a71de-ad96-439a-9c43-fb233e6f682e@group-3651EE4D927F-LeaderElection63] INFO  impl.LeaderElection (LeaderElection.java:askForVotes(178)) - 963a71de-ad96-439a-9c43-fb233e6f682e@group-3651EE4D927F-LeaderElection63: begin an election at term 1 for -1: [963a71de-ad96-439a-9c43-fb233e6f682e:192.168.151.107:33208], old=null
2019-10-14 12:43:40,426 [8eca786c-f17c-46c4-a407-e9e275d1403c@group-BC743F32CA80-LeaderElection64] INFO  impl.RoleInfo (RoleInfo.java:shutdownLeaderElection(134)) - 8eca786c-f17c-46c4-a407-e9e275d1403c: shutdown LeaderElection
2019-10-14 12:43:40,426 [963a71de-ad96-439a-9c43-fb233e6f682e@group-3651EE4D927F-LeaderElection63] INFO  impl.RoleInfo (RoleInfo.java:shutdownLeaderElection(134)) - 963a71de-ad96-439a-9c43-fb233e6f682e: shutdown LeaderElection
2019-10-14 12:43:40,426 [8eca786c-f17c-46c4-a407-e9e275d1403c@group-BC743F32CA80-LeaderElection64] INFO  impl.RaftServerImpl (RaftServerImpl.java:setRole(170)) - 8eca786c-f17c-46c4-a407-e9e275d1403c@group-BC743F32CA80: changes role from CANDIDATE to LEADER at term 1 for changeToLeader
2019-10-14 12:43:40,426 [963a71de-ad96-439a-9c43-fb233e6f682e@group-3651EE4D927F-LeaderElection63] INFO  impl.RaftServerImpl (RaftServerImpl.java:setRole(170)) - 963a71de-ad96-439a-9c43-fb233e6f682e@group-3651EE4D927F: changes role from CANDIDATE to LEADER at term 1 for changeToLeader
2019-10-14 12:43:40,426 [8eca786c-f17c-46c4-a407-e9e275d1403c@group-BC743F32CA80-LeaderElection64] INFO  impl.RaftServerImpl (ServerState.java:setLeader(255)) - 8eca786c-f17c-46c4-a407-e9e275d1403c@group-BC743F32CA80: change Leader from null to 8eca786c-f17c-46c4-a407-e9e275d1403c at term 1 for becomeLeader, leader elected after 5176ms
2019-10-14 12:43:40,427 [963a71de-ad96-439a-9c43-fb233e6f682e@group-3651EE4D927F-LeaderElection63] INFO  impl.RaftServerImpl (ServerState.java:setLeader(255)) - 963a71de-ad96-439a-9c43-fb233e6f682e@group-3651EE4D927F: change Leader from null to 963a71de-ad96-439a-9c43-fb233e6f682e at term 1 for becomeLeader, leader elected after 5127ms
2019-10-14 12:43:40,427 [8eca786c-f17c-46c4-a407-e9e275d1403c@group-BC743F32CA80-LeaderElection64] INFO  server.RaftServerConfigKeys (ConfUtils.java:logGet(43)) - raft.server.staging.catchup.gap = 1000 (default)
2019-10-14 12:43:40,427 [963a71de-ad96-439a-9c43-fb233e6f682e@group-3651EE4D927F-LeaderElection63] INFO  server.RaftServerConfigKeys (ConfUtils.java:logGet(43)) - raft.server.staging.catchup.gap = 1000 (default)
2019-10-14 12:43:40,427 [8eca786c-f17c-46c4-a407-e9e275d1403c@group-BC743F32CA80-LeaderElection64] INFO  server.RaftServerConfigKeys (ConfUtils.java:logGet(43)) - raft.server.rpc.sleep.time = 25ms (default)
2019-10-14 12:43:40,430 [963a71de-ad96-439a-9c43-fb233e6f682e@group-3651EE4D927F-LeaderElection63] INFO  server.RaftServerConfigKeys (ConfUtils.java:logGet(43)) - raft.server.rpc.sleep.time = 25ms (default)
2019-10-14 12:43:40,430 [8eca786c-f17c-46c4-a407-e9e275d1403c@group-BC743F32CA80-LeaderElection64] INFO  server.RaftServerConfigKeys (ConfUtils.java:logGet(43)) - raft.server.write.element-limit = 4096 (default)
2019-10-14 12:43:40,430 [963a71de-ad96-439a-9c43-fb233e6f682e@group-3651EE4D927F-LeaderElection63] INFO  server.RaftServerConfigKeys (ConfUtils.java:logGet(43)) - raft.server.write.element-limit = 4096 (default)
2019-10-14 12:43:40,430 [8eca786c-f17c-46c4-a407-e9e275d1403c@group-BC743F32CA80-LeaderElection64] INFO  server.RaftServerConfigKeys (ConfUtils.java:logGet(43)) - raft.server.watch.timeout = 10s (default)
2019-10-14 12:43:40,430 [963a71de-ad96-439a-9c43-fb233e6f682e@group-3651EE4D927F-LeaderElection63] INFO  server.RaftServerConfigKeys (ConfUtils.java:logGet(43)) - raft.server.watch.timeout = 10s (default)
2019-10-14 12:43:40,431 [8eca786c-f17c-46c4-a407-e9e275d1403c@group-BC743F32CA80-LeaderElection64] INFO  server.RaftServerConfigKeys (ConfUtils.java:logGet(43)) - raft.server.watch.timeout.denomination = 1s (default)
2019-10-14 12:43:40,431 [963a71de-ad96-439a-9c43-fb233e6f682e@group-3651EE4D927F-LeaderElection63] INFO  server.RaftServerConfigKeys (ConfUtils.java:logGet(43)) - raft.server.watch.timeout.denomination = 1s (default)
2019-10-14 12:43:40,431 [8eca786c-f17c-46c4-a407-e9e275d1403c@group-BC743F32CA80-LeaderElection64] INFO  server.RaftServerConfigKeys (ConfUtils.java:logGet(43)) - raft.server.watch.element-limit = 65536 (default)
2019-10-14 12:43:40,431 [963a71de-ad96-439a-9c43-fb233e6f682e@group-3651EE4D927F-LeaderElection63] INFO  server.RaftServerConfigKeys (ConfUtils.java:logGet(43)) - raft.server.watch.element-limit = 65536 (default)
2019-10-14 12:43:40,433 [8eca786c-f17c-46c4-a407-e9e275d1403c@group-BC743F32CA80-LeaderElection64] INFO  impl.RoleInfo (RoleInfo.java:updateAndGet(143)) - 8eca786c-f17c-46c4-a407-e9e275d1403c: start LeaderState
2019-10-14 12:43:40,433 [963a71de-ad96-439a-9c43-fb233e6f682e@group-3651EE4D927F-LeaderElection63] INFO  impl.RoleInfo (RoleInfo.java:updateAndGet(143)) - 963a71de-ad96-439a-9c43-fb233e6f682e: start LeaderState
2019-10-14 12:43:40,433 [8eca786c-f17c-46c4-a407-e9e275d1403c@group-BC743F32CA80-LeaderElection64] INFO  segmented.SegmentedRaftLogWorker (SegmentedRaftLogWorker.java:startLogSegment(385)) - 8eca786c-f17c-46c4-a407-e9e275d1403c@group-BC743F32CA80-SegmentedRaftLogWorker: Starting segment from index:0
2019-10-14 12:43:40,433 [963a71de-ad96-439a-9c43-fb233e6f682e@group-3651EE4D927F-LeaderElection63] INFO  segmented.SegmentedRaftLogWorker (SegmentedRaftLogWorker.java:startLogSegment(385)) - 963a71de-ad96-439a-9c43-fb233e6f682e@group-3651EE4D927F-SegmentedRaftLogWorker: Starting segment from index:0
2019-10-14 12:43:40,433 [8eca786c-f17c-46c4-a407-e9e275d1403c@group-BC743F32CA80-LeaderElection64] INFO  impl.RaftServerImpl (ServerState.java:setRaftConf(356)) - 8eca786c-f17c-46c4-a407-e9e275d1403c@group-BC743F32CA80: set configuration 0: [8eca786c-f17c-46c4-a407-e9e275d1403c:192.168.151.107:44578], old=null at 0
2019-10-14 12:43:40,433 [963a71de-ad96-439a-9c43-fb233e6f682e@group-3651EE4D927F-LeaderElection63] INFO  impl.RaftServerImpl (ServerState.java:setRaftConf(356)) - 963a71de-ad96-439a-9c43-fb233e6f682e@group-3651EE4D927F: set configuration 0: [963a71de-ad96-439a-9c43-fb233e6f682e:192.168.151.107:33208], old=null at 0
2019-10-14 12:43:40,482 [8eca786c-f17c-46c4-a407-e9e275d1403c@group-BC743F32CA80-SegmentedRaftLogWorker] INFO  segmented.SegmentedRaftLogWorker (SegmentedRaftLogWorker.java:execute(574)) - 8eca786c-f17c-46c4-a407-e9e275d1403c@group-BC743F32CA80-SegmentedRaftLogWorker: created new log segment /workdir/hadoop-ozone/integration-test/target/test-dir/MiniOzoneClusterImpl-5e97dea3-99a6-4a1a-83d8-52833a14f548/datanode-5/data/ratis/857e34da-53df-4cae-ae4d-bc743f32ca80/current/log_inprogress_0
2019-10-14 12:43:40,492 [Thread-3069] INFO  impl.FollowerState (FollowerState.java:run(108)) - 8eca786c-f17c-46c4-a407-e9e275d1403c@group-AF4B5E66838B-FollowerState: change to CANDIDATE, lastRpcTime:5117ms, electionTimeout:5117ms
2019-10-14 12:43:40,493 [Thread-3069] INFO  impl.RoleInfo (RoleInfo.java:shutdownFollowerState(121)) - 8eca786c-f17c-46c4-a407-e9e275d1403c: shutdown FollowerState
2019-10-14 12:43:40,493 [Thread-3069] INFO  impl.RaftServerImpl (RaftServerImpl.java:setRole(170)) - 8eca786c-f17c-46c4-a407-e9e275d1403c@group-AF4B5E66838B: changes role from  FOLLOWER to CANDIDATE at term 0 for changeToCandidate
2019-10-14 12:43:40,493 [Thread-3069] INFO  impl.RoleInfo (RoleInfo.java:updateAndGet(143)) - 8eca786c-f17c-46c4-a407-e9e275d1403c: start LeaderElection
2019-10-14 12:43:40,503 [Thread-3067] INFO  impl.FollowerState (FollowerState.java:run(108)) - 8a8ff637-77fd-447d-9d9b-3a3b1f3f2542@group-AF4B5E66838B-FollowerState: change to CANDIDATE, lastRpcTime:5128ms, electionTimeout:5120ms
2019-10-14 12:43:40,506 [Thread-3067] INFO  impl.RoleInfo (RoleInfo.java:shutdownFollowerState(121)) - 8a8ff637-77fd-447d-9d9b-3a3b1f3f2542: shutdown FollowerState
2019-10-14 12:43:40,506 [Thread-3067] INFO  impl.RaftServerImpl (RaftServerImpl.java:setRole(170)) - 8a8ff637-77fd-447d-9d9b-3a3b1f3f2542@group-AF4B5E66838B: changes role from  FOLLOWER to CANDIDATE at term 0 for changeToCandidate
2019-10-14 12:43:40,506 [Thread-3067] INFO  impl.RoleInfo (RoleInfo.java:updateAndGet(143)) - 8a8ff637-77fd-447d-9d9b-3a3b1f3f2542: start LeaderElection
2019-10-14 12:43:40,512 [963a71de-ad96-439a-9c43-fb233e6f682e@group-3651EE4D927F-SegmentedRaftLogWorker] INFO  segmented.SegmentedRaftLogWorker (SegmentedRaftLogWorker.java:execute(574)) - 963a71de-ad96-439a-9c43-fb233e6f682e@group-3651EE4D927F-SegmentedRaftLogWorker: created new log segment /workdir/hadoop-ozone/integration-test/target/test-dir/MiniOzoneClusterImpl-5e97dea3-99a6-4a1a-83d8-52833a14f548/datanode-6/data/ratis/46dd1d18-6d63-4de9-bd9b-3651ee4d927f/current/log_inprogress_0
2019-10-14 12:43:40,525 [8a8ff637-77fd-447d-9d9b-3a3b1f3f2542@group-AF4B5E66838B-LeaderElection66] INFO  impl.LeaderElection (LeaderElection.java:askForVotes(178)) - 8a8ff637-77fd-447d-9d9b-3a3b1f3f2542@group-AF4B5E66838B-LeaderElection66: begin an election at term 1 for -1: [8a8ff637-77fd-447d-9d9b-3a3b1f3f2542:192.168.151.107:45707, 8eca786c-f17c-46c4-a407-e9e275d1403c:192.168.151.107:44578, 3d3c9ba1-31bc-4814-8b33-081f8b7ff4a0:192.168.151.107:44563], old=null
2019-10-14 12:43:40,525 [8eca786c-f17c-46c4-a407-e9e275d1403c@group-AF4B5E66838B-LeaderElection65] INFO  impl.LeaderElection (LeaderElection.java:askForVotes(178)) - 8eca786c-f17c-46c4-a407-e9e275d1403c@group-AF4B5E66838B-LeaderElection65: begin an election at term 1 for -1: [8a8ff637-77fd-447d-9d9b-3a3b1f3f2542:192.168.151.107:45707, 8eca786c-f17c-46c4-a407-e9e275d1403c:192.168.151.107:44578, 3d3c9ba1-31bc-4814-8b33-081f8b7ff4a0:192.168.151.107:44563], old=null
2019-10-14 12:43:40,538 [Thread-3070] INFO  impl.FollowerState (FollowerState.java:run(108)) - 3d3c9ba1-31bc-4814-8b33-081f8b7ff4a0@group-AF4B5E66838B-FollowerState: change to CANDIDATE, lastRpcTime:5159ms, electionTimeout:5154ms
2019-10-14 12:43:40,538 [Thread-3070] INFO  impl.RoleInfo (RoleInfo.java:shutdownFollowerState(121)) - 3d3c9ba1-31bc-4814-8b33-081f8b7ff4a0: shutdown FollowerState
2019-10-14 12:43:40,538 [Thread-3070] INFO  impl.RaftServerImpl (RaftServerImpl.java:setRole(170)) - 3d3c9ba1-31bc-4814-8b33-081f8b7ff4a0@group-AF4B5E66838B: changes role from  FOLLOWER to CANDIDATE at term 0 for changeToCandidate
2019-10-14 12:43:40,538 [Thread-3070] INFO  impl.RoleInfo (RoleInfo.java:updateAndGet(143)) - 3d3c9ba1-31bc-4814-8b33-081f8b7ff4a0: start LeaderElection
2019-10-14 12:43:40,547 [3d3c9ba1-31bc-4814-8b33-081f8b7ff4a0@group-AF4B5E66838B-LeaderElection67] INFO  impl.LeaderElection (LeaderElection.java:askForVotes(178)) - 3d3c9ba1-31bc-4814-8b33-081f8b7ff4a0@group-AF4B5E66838B-LeaderElection67: begin an election at term 1 for -1: [8a8ff637-77fd-447d-9d9b-3a3b1f3f2542:192.168.151.107:45707, 8eca786c-f17c-46c4-a407-e9e275d1403c:192.168.151.107:44578, 3d3c9ba1-31bc-4814-8b33-081f8b7ff4a0:192.168.151.107:44563], old=null
2019-10-14 12:43:40,559 [8a8ff637-77fd-447d-9d9b-3a3b1f3f2542@group-AF4B5E66838B-LeaderElection66] INFO  impl.LeaderElection (LeaderElection.java:logAndReturn(56)) - 8a8ff637-77fd-447d-9d9b-3a3b1f3f2542@group-AF4B5E66838B-LeaderElection66: Election REJECTED; received 2 response(s) [8a8ff637-77fd-447d-9d9b-3a3b1f3f2542<-8eca786c-f17c-46c4-a407-e9e275d1403c#0:FAIL-t1, 8a8ff637-77fd-447d-9d9b-3a3b1f3f2542<-3d3c9ba1-31bc-4814-8b33-081f8b7ff4a0#0:FAIL-t1] and 0 exception(s); 8a8ff637-77fd-447d-9d9b-3a3b1f3f2542@group-AF4B5E66838B:t1, leader=null, voted=8a8ff637-77fd-447d-9d9b-3a3b1f3f2542, raftlog=8a8ff637-77fd-447d-9d9b-3a3b1f3f2542@group-AF4B5E66838B-SegmentedRaftLog:OPENED:c-1,f-1,i0, conf=-1: [8a8ff637-77fd-447d-9d9b-3a3b1f3f2542:192.168.151.107:45707, 8eca786c-f17c-46c4-a407-e9e275d1403c:192.168.151.107:44578, 3d3c9ba1-31bc-4814-8b33-081f8b7ff4a0:192.168.151.107:44563], old=null
2019-10-14 12:43:40,562 [8a8ff637-77fd-447d-9d9b-3a3b1f3f2542@group-AF4B5E66838B-LeaderElection66] INFO  impl.RaftServerImpl (RaftServerImpl.java:setRole(170)) - 8a8ff637-77fd-447d-9d9b-3a3b1f3f2542@group-AF4B5E66838B: changes role from CANDIDATE to FOLLOWER at term 1 for DISCOVERED_A_NEW_TERM
2019-10-14 12:43:40,562 [8eca786c-f17c-46c4-a407-e9e275d1403c@group-AF4B5E66838B-LeaderElection65] INFO  impl.LeaderElection (LeaderElection.java:logAndReturn(56)) - 8eca786c-f17c-46c4-a407-e9e275d1403c@group-AF4B5E66838B-LeaderElection65: Election REJECTED; received 2 response(s) [8eca786c-f17c-46c4-a407-e9e275d1403c<-8a8ff637-77fd-447d-9d9b-3a3b1f3f2542#0:FAIL-t1, 8eca786c-f17c-46c4-a407-e9e275d1403c<-3d3c9ba1-31bc-4814-8b33-081f8b7ff4a0#0:FAIL-t1] and 0 exception(s); 8eca786c-f17c-46c4-a407-e9e275d1403c@group-AF4B5E66838B:t1, leader=null, voted=8eca786c-f17c-46c4-a407-e9e275d1403c, raftlog=8eca786c-f17c-46c4-a407-e9e275d1403c@group-AF4B5E66838B-SegmentedRaftLog:OPENED:c-1,f-1,i0, conf=-1: [8a8ff637-77fd-447d-9d9b-3a3b1f3f2542:192.168.151.107:45707, 8eca786c-f17c-46c4-a407-e9e275d1403c:192.168.151.107:44578, 3d3c9ba1-31bc-4814-8b33-081f8b7ff4a0:192.168.151.107:44563], old=null
2019-10-14 12:43:40,562 [8a8ff637-77fd-447d-9d9b-3a3b1f3f2542@group-AF4B5E66838B-LeaderElection66] INFO  impl.RoleInfo (RoleInfo.java:shutdownLeaderElection(134)) - 8a8ff637-77fd-447d-9d9b-3a3b1f3f2542: shutdown LeaderElection
2019-10-14 12:43:40,565 [8eca786c-f17c-46c4-a407-e9e275d1403c@group-AF4B5E66838B-LeaderElection65] INFO  impl.RaftServerImpl (RaftServerImpl.java:setRole(170)) - 8eca786c-f17c-46c4-a407-e9e275d1403c@group-AF4B5E66838B: changes role from CANDIDATE to FOLLOWER at term 1 for DISCOVERED_A_NEW_TERM
2019-10-14 12:43:40,567 [8eca786c-f17c-46c4-a407-e9e275d1403c@group-AF4B5E66838B-LeaderElection65] INFO  impl.RoleInfo (RoleInfo.java:shutdownLeaderElection(134)) - 8eca786c-f17c-46c4-a407-e9e275d1403c: shutdown LeaderElection
2019-10-14 12:43:40,567 [8a8ff637-77fd-447d-9d9b-3a3b1f3f2542@group-AF4B5E66838B-LeaderElection66] INFO  impl.RoleInfo (RoleInfo.java:updateAndGet(143)) - 8a8ff637-77fd-447d-9d9b-3a3b1f3f2542: start FollowerState
2019-10-14 12:43:40,567 [8eca786c-f17c-46c4-a407-e9e275d1403c@group-AF4B5E66838B-LeaderElection65] INFO  impl.RoleInfo (RoleInfo.java:updateAndGet(143)) - 8eca786c-f17c-46c4-a407-e9e275d1403c: start FollowerState
2019-10-14 12:43:40,577 [3d3c9ba1-31bc-4814-8b33-081f8b7ff4a0@group-AF4B5E66838B-LeaderElection67] INFO  impl.LeaderElection (LeaderElection.java:logAndReturn(56)) - 3d3c9ba1-31bc-4814-8b33-081f8b7ff4a0@group-AF4B5E66838B-LeaderElection67: Election REJECTED; received 2 response(s) [3d3c9ba1-31bc-4814-8b33-081f8b7ff4a0<-8a8ff637-77fd-447d-9d9b-3a3b1f3f2542#0:FAIL-t1, 3d3c9ba1-31bc-4814-8b33-081f8b7ff4a0<-8eca786c-f17c-46c4-a407-e9e275d1403c#0:FAIL-t1] and 0 exception(s); 3d3c9ba1-31bc-4814-8b33-081f8b7ff4a0@group-AF4B5E66838B:t1, leader=null, voted=3d3c9ba1-31bc-4814-8b33-081f8b7ff4a0, raftlog=3d3c9ba1-31bc-4814-8b33-081f8b7ff4a0@group-AF4B5E66838B-SegmentedRaftLog:OPENED:c-1,f-1,i0, conf=-1: [8a8ff637-77fd-447d-9d9b-3a3b1f3f2542:192.168.151.107:45707, 8eca786c-f17c-46c4-a407-e9e275d1403c:192.168.151.107:44578, 3d3c9ba1-31bc-4814-8b33-081f8b7ff4a0:192.168.151.107:44563], old=null
2019-10-14 12:43:40,577 [3d3c9ba1-31bc-4814-8b33-081f8b7ff4a0@group-AF4B5E66838B-LeaderElection67] INFO  impl.RaftServerImpl (RaftServerImpl.java:setRole(170)) - 3d3c9ba1-31bc-4814-8b33-081f8b7ff4a0@group-AF4B5E66838B: changes role from CANDIDATE to FOLLOWER at term 1 for DISCOVERED_A_NEW_TERM
2019-10-14 12:43:40,577 [3d3c9ba1-31bc-4814-8b33-081f8b7ff4a0@group-AF4B5E66838B-LeaderElection67] INFO  impl.RoleInfo (RoleInfo.java:shutdownLeaderElection(134)) - 3d3c9ba1-31bc-4814-8b33-081f8b7ff4a0: shutdown LeaderElection
2019-10-14 12:43:40,577 [3d3c9ba1-31bc-4814-8b33-081f8b7ff4a0@group-AF4B5E66838B-LeaderElection67] INFO  impl.RoleInfo (RoleInfo.java:updateAndGet(143)) - 3d3c9ba1-31bc-4814-8b33-081f8b7ff4a0: start FollowerState
2019-10-14 12:43:41,607 [Datanode State Machine Thread - 0] INFO  statemachine.DatanodeStateMachine (DatanodeStateMachine.java:lambda$startDaemon$0(350)) - Ozone container server started.
2019-10-14 12:43:45,650 [Thread-3127] INFO  impl.FollowerState (FollowerState.java:run(108)) - 8eca786c-f17c-46c4-a407-e9e275d1403c@group-AF4B5E66838B-FollowerState: change to CANDIDATE, lastRpcTime:5082ms, electionTimeout:5079ms
2019-10-14 12:43:45,650 [Thread-3127] INFO  impl.RoleInfo (RoleInfo.java:shutdownFollowerState(121)) - 8eca786c-f17c-46c4-a407-e9e275d1403c: shutdown FollowerState
2019-10-14 12:43:45,650 [Thread-3127] INFO  impl.RaftServerImpl (RaftServerImpl.java:setRole(170)) - 8eca786c-f17c-46c4-a407-e9e275d1403c@group-AF4B5E66838B: changes role from  FOLLOWER to CANDIDATE at term 1 for changeToCandidate
2019-10-14 12:43:45,651 [Thread-3127] INFO  impl.RoleInfo (RoleInfo.java:updateAndGet(143)) - 8eca786c-f17c-46c4-a407-e9e275d1403c: start LeaderElection
2019-10-14 12:43:45,662 [Thread-3126] INFO  impl.FollowerState (FollowerState.java:run(108)) - 8a8ff637-77fd-447d-9d9b-3a3b1f3f2542@group-AF4B5E66838B-FollowerState: change to CANDIDATE, lastRpcTime:5095ms, electionTimeout:5082ms
2019-10-14 12:43:45,663 [Thread-3126] INFO  impl.RoleInfo (RoleInfo.java:shutdownFollowerState(121)) - 8a8ff637-77fd-447d-9d9b-3a3b1f3f2542: shutdown FollowerState
2019-10-14 12:43:45,663 [Thread-3126] INFO  impl.RaftServerImpl (RaftServerImpl.java:setRole(170)) - 8a8ff637-77fd-447d-9d9b-3a3b1f3f2542@group-AF4B5E66838B: changes role from  FOLLOWER to CANDIDATE at term 1 for changeToCandidate
2019-10-14 12:43:45,663 [Thread-3126] INFO  impl.RoleInfo (RoleInfo.java:updateAndGet(143)) - 8a8ff637-77fd-447d-9d9b-3a3b1f3f2542: start LeaderElection
2019-10-14 12:43:45,681 [8eca786c-f17c-46c4-a407-e9e275d1403c@group-AF4B5E66838B-LeaderElection68] INFO  impl.LeaderElection (LeaderElection.java:askForVotes(178)) - 8eca786c-f17c-46c4-a407-e9e275d1403c@group-AF4B5E66838B-LeaderElection68: begin an election at term 2 for -1: [8a8ff637-77fd-447d-9d9b-3a3b1f3f2542:192.168.151.107:45707, 8eca786c-f17c-46c4-a407-e9e275d1403c:192.168.151.107:44578, 3d3c9ba1-31bc-4814-8b33-081f8b7ff4a0:192.168.151.107:44563], old=null
2019-10-14 12:43:45,681 [8a8ff637-77fd-447d-9d9b-3a3b1f3f2542@group-AF4B5E66838B-LeaderElection69] INFO  impl.LeaderElection (LeaderElection.java:askForVotes(178)) - 8a8ff637-77fd-447d-9d9b-3a3b1f3f2542@group-AF4B5E66838B-LeaderElection69: begin an election at term 2 for -1: [8a8ff637-77fd-447d-9d9b-3a3b1f3f2542:192.168.151.107:45707, 8eca786c-f17c-46c4-a407-e9e275d1403c:192.168.151.107:44578, 3d3c9ba1-31bc-4814-8b33-081f8b7ff4a0:192.168.151.107:44563], old=null
2019-10-14 12:43:45,689 [grpc-default-executor-8] INFO  impl.RaftServerImpl (RaftServerImpl.java:setRole(170)) - 3d3c9ba1-31bc-4814-8b33-081f8b7ff4a0@group-AF4B5E66838B: changes role from  FOLLOWER to FOLLOWER at term 2 for recognizeCandidate:8eca786c-f17c-46c4-a407-e9e275d1403c
2019-10-14 12:43:45,689 [grpc-default-executor-8] INFO  impl.RoleInfo (RoleInfo.java:shutdownFollowerState(121)) - 3d3c9ba1-31bc-4814-8b33-081f8b7ff4a0: shutdown FollowerState
2019-10-14 12:43:45,690 [grpc-default-executor-8] INFO  impl.RoleInfo (RoleInfo.java:updateAndGet(143)) - 3d3c9ba1-31bc-4814-8b33-081f8b7ff4a0: start FollowerState
2019-10-14 12:43:45,690 [Thread-3128] INFO  impl.FollowerState (FollowerState.java:run(117)) - 3d3c9ba1-31bc-4814-8b33-081f8b7ff4a0@group-AF4B5E66838B-FollowerState was interrupted: java.lang.InterruptedException: sleep interrupted
2019-10-14 12:43:45,713 [EventQueue-StaleNodeForStaleNodeHandler] INFO  node.StaleNodeHandler (StaleNodeHandler.java:onMessage(58)) - Datanode 94b64f22-133c-45ad-ad28-450bbaa44dd0{ip: 192.168.151.107, host: pr-hdds-2299-hlwdq-549545603, networkLocation: /default-rack, certSerialId: null} moved to stale state. Finalizing its pipelines [PipelineID=1e57068f-8c2c-4f58-a477-7bc219fcf9f7, PipelineID=17d6a98e-3cb2-4c6c-b021-aac2281eb7a4]
2019-10-14 12:43:45,714 [EventQueue-StaleNodeForStaleNodeHandler] INFO  pipeline.SCMPipelineManager (SCMPipelineManager.java:finalizeAndDestroyPipeline(315)) - destroying pipeline:Pipeline[ Id: 1e57068f-8c2c-4f58-a477-7bc219fcf9f7, Nodes: 94b64f22-133c-45ad-ad28-450bbaa44dd0{ip: 192.168.151.107, host: pr-hdds-2299-hlwdq-549545603, networkLocation: /default-rack, certSerialId: null}318f8cfb-a2bd-4d9d-9aa9-de47c092d73d{ip: 192.168.151.107, host: pr-hdds-2299-hlwdq-549545603, networkLocation: /default-rack, certSerialId: null}f415a011-bf04-42a9-bfe4-a2c91d6dceb5{ip: 192.168.151.107, host: pr-hdds-2299-hlwdq-549545603, networkLocation: /default-rack, certSerialId: null}, Type:RATIS, Factor:THREE, State:OPEN]
2019-10-14 12:43:45,714 [EventQueue-StaleNodeForStaleNodeHandler] INFO  pipeline.PipelineStateManager (PipelineStateManager.java:finalizePipeline(123)) - Pipeline Pipeline[ Id: 1e57068f-8c2c-4f58-a477-7bc219fcf9f7, Nodes: 94b64f22-133c-45ad-ad28-450bbaa44dd0{ip: 192.168.151.107, host: pr-hdds-2299-hlwdq-549545603, networkLocation: /default-rack, certSerialId: null}318f8cfb-a2bd-4d9d-9aa9-de47c092d73d{ip: 192.168.151.107, host: pr-hdds-2299-hlwdq-549545603, networkLocation: /default-rack, certSerialId: null}f415a011-bf04-42a9-bfe4-a2c91d6dceb5{ip: 192.168.151.107, host: pr-hdds-2299-hlwdq-549545603, networkLocation: /default-rack, certSerialId: null}, Type:RATIS, Factor:THREE, State:CLOSED] moved to CLOSED state
2019-10-14 12:43:45,715 [EventQueue-CloseContainerForCloseContainerEventHandler] INFO  container.CloseContainerEventHandler (CloseContainerEventHandler.java:onMessage(61)) - Close container Event triggered for container : #1
2019-10-14 12:43:45,718 [EventQueue-StaleNodeForStaleNodeHandler] INFO  pipeline.SCMPipelineManager (SCMPipelineManager.java:finalizeAndDestroyPipeline(315)) - destroying pipeline:Pipeline[ Id: 17d6a98e-3cb2-4c6c-b021-aac2281eb7a4, Nodes: 94b64f22-133c-45ad-ad28-450bbaa44dd0{ip: 192.168.151.107, host: pr-hdds-2299-hlwdq-549545603, networkLocation: /default-rack, certSerialId: null}, Type:RATIS, Factor:ONE, State:OPEN]
2019-10-14 12:43:45,721 [EventQueue-StaleNodeForStaleNodeHandler] INFO  pipeline.PipelineStateManager (PipelineStateManager.java:finalizePipeline(123)) - Pipeline Pipeline[ Id: 17d6a98e-3cb2-4c6c-b021-aac2281eb7a4, Nodes: 94b64f22-133c-45ad-ad28-450bbaa44dd0{ip: 192.168.151.107, host: pr-hdds-2299-hlwdq-549545603, networkLocation: /default-rack, certSerialId: null}, Type:RATIS, Factor:ONE, State:CLOSED] moved to CLOSED state
2019-10-14 12:43:45,726 [8a8ff637-77fd-447d-9d9b-3a3b1f3f2542@group-AF4B5E66838B-LeaderElection69] INFO  impl.LeaderElection (LeaderElection.java:logAndReturn(56)) - 8a8ff637-77fd-447d-9d9b-3a3b1f3f2542@group-AF4B5E66838B-LeaderElection69: Election REJECTED; received 2 response(s) [8a8ff637-77fd-447d-9d9b-3a3b1f3f2542<-8eca786c-f17c-46c4-a407-e9e275d1403c#0:FAIL-t2, 8a8ff637-77fd-447d-9d9b-3a3b1f3f2542<-3d3c9ba1-31bc-4814-8b33-081f8b7ff4a0#0:FAIL-t2] and 0 exception(s); 8a8ff637-77fd-447d-9d9b-3a3b1f3f2542@group-AF4B5E66838B:t2, leader=null, voted=8a8ff637-77fd-447d-9d9b-3a3b1f3f2542, raftlog=8a8ff637-77fd-447d-9d9b-3a3b1f3f2542@group-AF4B5E66838B-SegmentedRaftLog:OPENED:c-1,f-1,i0, conf=-1: [8a8ff637-77fd-447d-9d9b-3a3b1f3f2542:192.168.151.107:45707, 8eca786c-f17c-46c4-a407-e9e275d1403c:192.168.151.107:44578, 3d3c9ba1-31bc-4814-8b33-081f8b7ff4a0:192.168.151.107:44563], old=null
2019-10-14 12:43:45,726 [8eca786c-f17c-46c4-a407-e9e275d1403c@group-AF4B5E66838B-LeaderElection68] INFO  impl.LeaderElection (LeaderElection.java:logAndReturn(56)) - 8eca786c-f17c-46c4-a407-e9e275d1403c@group-AF4B5E66838B-LeaderElection68: Election PASSED; received 2 response(s) [8eca786c-f17c-46c4-a407-e9e275d1403c<-8a8ff637-77fd-447d-9d9b-3a3b1f3f2542#0:FAIL-t2, 8eca786c-f17c-46c4-a407-e9e275d1403c<-3d3c9ba1-31bc-4814-8b33-081f8b7ff4a0#0:OK-t2] and 0 exception(s); 8eca786c-f17c-46c4-a407-e9e275d1403c@group-AF4B5E66838B:t2, leader=null, voted=8eca786c-f17c-46c4-a407-e9e275d1403c, raftlog=8eca786c-f17c-46c4-a407-e9e275d1403c@group-AF4B5E66838B-SegmentedRaftLog:OPENED:c-1,f-1,i0, conf=-1: [8a8ff637-77fd-447d-9d9b-3a3b1f3f2542:192.168.151.107:45707, 8eca786c-f17c-46c4-a407-e9e275d1403c:192.168.151.107:44578, 3d3c9ba1-31bc-4814-8b33-081f8b7ff4a0:192.168.151.107:44563], old=null
2019-10-14 12:43:45,727 [8a8ff637-77fd-447d-9d9b-3a3b1f3f2542@group-AF4B5E66838B-LeaderElection69] INFO  impl.RaftServerImpl (RaftServerImpl.java:setRole(170)) - 8a8ff637-77fd-447d-9d9b-3a3b1f3f2542@group-AF4B5E66838B: changes role from CANDIDATE to FOLLOWER at term 2 for DISCOVERED_A_NEW_TERM
2019-10-14 12:43:45,728 [8a8ff637-77fd-447d-9d9b-3a3b1f3f2542@group-AF4B5E66838B-LeaderElection69] INFO  impl.RoleInfo (RoleInfo.java:shutdownLeaderElection(134)) - 8a8ff637-77fd-447d-9d9b-3a3b1f3f2542: shutdown LeaderElection
2019-10-14 12:43:45,729 [8eca786c-f17c-46c4-a407-e9e275d1403c@group-AF4B5E66838B-LeaderElection68] INFO  impl.RoleInfo (RoleInfo.java:shutdownLeaderElection(134)) - 8eca786c-f17c-46c4-a407-e9e275d1403c: shutdown LeaderElection
2019-10-14 12:43:45,731 [8eca786c-f17c-46c4-a407-e9e275d1403c@group-AF4B5E66838B-LeaderElection68] INFO  impl.RaftServerImpl (RaftServerImpl.java:setRole(170)) - 8eca786c-f17c-46c4-a407-e9e275d1403c@group-AF4B5E66838B: changes role from CANDIDATE to LEADER at term 2 for changeToLeader
2019-10-14 12:43:45,731 [8a8ff637-77fd-447d-9d9b-3a3b1f3f2542@group-AF4B5E66838B-LeaderElection69] INFO  impl.RoleInfo (RoleInfo.java:updateAndGet(143)) - 8a8ff637-77fd-447d-9d9b-3a3b1f3f2542: start FollowerState
2019-10-14 12:43:45,731 [8eca786c-f17c-46c4-a407-e9e275d1403c@group-AF4B5E66838B-LeaderElection68] INFO  impl.RaftServerImpl (ServerState.java:setLeader(255)) - 8eca786c-f17c-46c4-a407-e9e275d1403c@group-AF4B5E66838B: change Leader from null to 8eca786c-f17c-46c4-a407-e9e275d1403c at term 2 for becomeLeader, leader elected after 10364ms
2019-10-14 12:43:45,731 [8eca786c-f17c-46c4-a407-e9e275d1403c@group-AF4B5E66838B-LeaderElection68] INFO  server.RaftServerConfigKeys (ConfUtils.java:logGet(43)) - raft.server.staging.catchup.gap = 1000 (default)
2019-10-14 12:43:45,731 [8eca786c-f17c-46c4-a407-e9e275d1403c@group-AF4B5E66838B-LeaderElection68] INFO  server.RaftServerConfigKeys (ConfUtils.java:logGet(43)) - raft.server.rpc.sleep.time = 25ms (default)
2019-10-14 12:43:45,732 [8eca786c-f17c-46c4-a407-e9e275d1403c@group-AF4B5E66838B-LeaderElection68] INFO  server.RaftServerConfigKeys (ConfUtils.java:logGet(43)) - raft.server.write.element-limit = 4096 (default)
2019-10-14 12:43:45,732 [8eca786c-f17c-46c4-a407-e9e275d1403c@group-AF4B5E66838B-LeaderElection68] INFO  server.RaftServerConfigKeys (ConfUtils.java:logGet(43)) - raft.server.watch.timeout = 10s (default)
2019-10-14 12:43:45,732 [8eca786c-f17c-46c4-a407-e9e275d1403c@group-AF4B5E66838B-LeaderElection68] INFO  server.RaftServerConfigKeys (ConfUtils.java:logGet(43)) - raft.server.watch.timeout.denomination = 1s (default)
2019-10-14 12:43:45,732 [8eca786c-f17c-46c4-a407-e9e275d1403c@group-AF4B5E66838B-LeaderElection68] INFO  server.RaftServerConfigKeys (ConfUtils.java:logGet(43)) - raft.server.watch.element-limit = 65536 (default)
2019-10-14 12:43:45,735 [8eca786c-f17c-46c4-a407-e9e275d1403c@group-AF4B5E66838B-LeaderElection68] INFO  server.RaftServerConfigKeys (ConfUtils.java:logGet(43)) - raft.server.log.appender.snapshot.chunk.size.max = 16MB (=16777216) (default)
2019-10-14 12:43:45,736 [8eca786c-f17c-46c4-a407-e9e275d1403c@group-AF4B5E66838B-LeaderElection68] INFO  server.RaftServerConfigKeys (ConfUtils.java:logGet(43)) - raft.server.log.appender.buffer.byte-limit = 33554432 (custom)
2019-10-14 12:43:45,736 [8eca786c-f17c-46c4-a407-e9e275d1403c@group-AF4B5E66838B-LeaderElection68] INFO  server.RaftServerConfigKeys (ConfUtils.java:logGet(43)) - raft.server.log.appender.buffer.element-limit = 1 (custom)
2019-10-14 12:43:45,736 [8eca786c-f17c-46c4-a407-e9e275d1403c@group-AF4B5E66838B-LeaderElection68] INFO  grpc.GrpcConfigKeys$Server (ConfUtils.java:logGet(43)) - raft.grpc.server.leader.outstanding.appends.max = 128 (default)
2019-10-14 12:43:45,737 [8eca786c-f17c-46c4-a407-e9e275d1403c@group-AF4B5E66838B-LeaderElection68] INFO  server.RaftServerConfigKeys (ConfUtils.java:logGet(43)) - raft.server.rpc.request.timeout = 3000ms (default)
2019-10-14 12:43:45,737 [8eca786c-f17c-46c4-a407-e9e275d1403c@group-AF4B5E66838B-LeaderElection68] INFO  server.RaftServerConfigKeys (ConfUtils.java:logGet(43)) - raft.server.log.appender.install.snapshot.enabled = false (custom)
2019-10-14 12:43:45,737 [8eca786c-f17c-46c4-a407-e9e275d1403c@group-AF4B5E66838B-LeaderElection68] INFO  server.RaftServerConfigKeys (ConfUtils.java:logGet(43)) - raft.server.log.appender.snapshot.chunk.size.max = 16MB (=16777216) (default)
2019-10-14 12:43:45,737 [8eca786c-f17c-46c4-a407-e9e275d1403c@group-AF4B5E66838B-LeaderElection68] INFO  server.RaftServerConfigKeys (ConfUtils.java:logGet(43)) - raft.server.log.appender.buffer.byte-limit = 33554432 (custom)
2019-10-14 12:43:45,737 [8eca786c-f17c-46c4-a407-e9e275d1403c@group-AF4B5E66838B-LeaderElection68] INFO  server.RaftServerConfigKeys (ConfUtils.java:logGet(43)) - raft.server.log.appender.buffer.element-limit = 1 (custom)
2019-10-14 12:43:45,738 [8eca786c-f17c-46c4-a407-e9e275d1403c@group-AF4B5E66838B-LeaderElection68] INFO  grpc.GrpcConfigKeys$Server (ConfUtils.java:logGet(43)) - raft.grpc.server.leader.outstanding.appends.max = 128 (default)
2019-10-14 12:43:45,738 [8eca786c-f17c-46c4-a407-e9e275d1403c@group-AF4B5E66838B-LeaderElection68] INFO  server.RaftServerConfigKeys (ConfUtils.java:logGet(43)) - raft.server.rpc.request.timeout = 3000ms (default)
2019-10-14 12:43:45,738 [8eca786c-f17c-46c4-a407-e9e275d1403c@group-AF4B5E66838B-LeaderElection68] INFO  server.RaftServerConfigKeys (ConfUtils.java:logGet(43)) - raft.server.log.appender.install.snapshot.enabled = false (custom)
2019-10-14 12:43:45,738 [8eca786c-f17c-46c4-a407-e9e275d1403c@group-AF4B5E66838B-LeaderElection68] INFO  impl.RoleInfo (RoleInfo.java:updateAndGet(143)) - 8eca786c-f17c-46c4-a407-e9e275d1403c: start LeaderState
2019-10-14 12:43:45,739 [8eca786c-f17c-46c4-a407-e9e275d1403c@group-AF4B5E66838B-LeaderElection68] INFO  segmented.SegmentedRaftLogWorker (SegmentedRaftLogWorker.java:startLogSegment(385)) - 8eca786c-f17c-46c4-a407-e9e275d1403c@group-AF4B5E66838B-SegmentedRaftLogWorker: Starting segment from index:0
2019-10-14 12:43:45,740 [8eca786c-f17c-46c4-a407-e9e275d1403c@group-AF4B5E66838B-LeaderElection68] INFO  impl.RaftServerImpl (ServerState.java:setRaftConf(356)) - 8eca786c-f17c-46c4-a407-e9e275d1403c@group-AF4B5E66838B: set configuration 0: [8a8ff637-77fd-447d-9d9b-3a3b1f3f2542:192.168.151.107:45707, 8eca786c-f17c-46c4-a407-e9e275d1403c:192.168.151.107:44578, 3d3c9ba1-31bc-4814-8b33-081f8b7ff4a0:192.168.151.107:44563], old=null at 0
2019-10-14 12:43:45,773 [grpc-default-executor-9] INFO  impl.RaftServerImpl (ServerState.java:setLeader(255)) - 3d3c9ba1-31bc-4814-8b33-081f8b7ff4a0@group-AF4B5E66838B: change Leader from null to 8eca786c-f17c-46c4-a407-e9e275d1403c at term 2 for appendEntries, leader elected after 10406ms
2019-10-14 12:43:45,773 [grpc-default-executor-8] INFO  impl.RaftServerImpl (ServerState.java:setLeader(255)) - 8a8ff637-77fd-447d-9d9b-3a3b1f3f2542@group-AF4B5E66838B: change Leader from null to 8eca786c-f17c-46c4-a407-e9e275d1403c at term 2 for appendEntries, leader elected after 10406ms
2019-10-14 12:43:45,776 [grpc-default-executor-9] INFO  impl.RaftServerImpl (ServerState.java:setRaftConf(356)) - 3d3c9ba1-31bc-4814-8b33-081f8b7ff4a0@group-AF4B5E66838B: set configuration 0: [8a8ff637-77fd-447d-9d9b-3a3b1f3f2542:192.168.151.107:45707, 8eca786c-f17c-46c4-a407-e9e275d1403c:192.168.151.107:44578, 3d3c9ba1-31bc-4814-8b33-081f8b7ff4a0:192.168.151.107:44563], old=null at 0
2019-10-14 12:43:45,776 [grpc-default-executor-8] INFO  impl.RaftServerImpl (ServerState.java:setRaftConf(356)) - 8a8ff637-77fd-447d-9d9b-3a3b1f3f2542@group-AF4B5E66838B: set configuration 0: [8a8ff637-77fd-447d-9d9b-3a3b1f3f2542:192.168.151.107:45707, 8eca786c-f17c-46c4-a407-e9e275d1403c:192.168.151.107:44578, 3d3c9ba1-31bc-4814-8b33-081f8b7ff4a0:192.168.151.107:44563], old=null at 0
2019-10-14 12:43:45,776 [grpc-default-executor-9] INFO  segmented.SegmentedRaftLogWorker (SegmentedRaftLogWorker.java:startLogSegment(385)) - 3d3c9ba1-31bc-4814-8b33-081f8b7ff4a0@group-AF4B5E66838B-SegmentedRaftLogWorker: Starting segment from index:0
2019-10-14 12:43:45,776 [grpc-default-executor-8] INFO  segmented.SegmentedRaftLogWorker (SegmentedRaftLogWorker.java:startLogSegment(385)) - 8a8ff637-77fd-447d-9d9b-3a3b1f3f2542@group-AF4B5E66838B-SegmentedRaftLogWorker: Starting segment from index:0
2019-10-14 12:43:45,785 [8eca786c-f17c-46c4-a407-e9e275d1403c@group-AF4B5E66838B-SegmentedRaftLogWorker] INFO  segmented.SegmentedRaftLogWorker (SegmentedRaftLogWorker.java:execute(574)) - 8eca786c-f17c-46c4-a407-e9e275d1403c@group-AF4B5E66838B-SegmentedRaftLogWorker: created new log segment /workdir/hadoop-ozone/integration-test/target/test-dir/MiniOzoneClusterImpl-5e97dea3-99a6-4a1a-83d8-52833a14f548/datanode-5/data/ratis/ac0a45ba-cc2d-4bc4-9491-af4b5e66838b/current/log_inprogress_0
2019-10-14 12:43:45,822 [3d3c9ba1-31bc-4814-8b33-081f8b7ff4a0@group-AF4B5E66838B-SegmentedRaftLogWorker] INFO  segmented.SegmentedRaftLogWorker (SegmentedRaftLogWorker.java:execute(574)) - 3d3c9ba1-31bc-4814-8b33-081f8b7ff4a0@group-AF4B5E66838B-SegmentedRaftLogWorker: created new log segment /workdir/hadoop-ozone/integration-test/target/test-dir/MiniOzoneClusterImpl-5e97dea3-99a6-4a1a-83d8-52833a14f548/datanode-4/data/ratis/ac0a45ba-cc2d-4bc4-9491-af4b5e66838b/current/log_inprogress_0
2019-10-14 12:43:45,822 [8a8ff637-77fd-447d-9d9b-3a3b1f3f2542@group-AF4B5E66838B-SegmentedRaftLogWorker] INFO  segmented.SegmentedRaftLogWorker (SegmentedRaftLogWorker.java:execute(574)) - 8a8ff637-77fd-447d-9d9b-3a3b1f3f2542@group-AF4B5E66838B-SegmentedRaftLogWorker: created new log segment /workdir/hadoop-ozone/integration-test/target/test-dir/MiniOzoneClusterImpl-5e97dea3-99a6-4a1a-83d8-52833a14f548/datanode-3/data/ratis/ac0a45ba-cc2d-4bc4-9491-af4b5e66838b/current/log_inprogress_0
2019-10-14 12:43:45,865 [main] INFO  ozoneimpl.OzoneContainer (OzoneContainer.java:stop(227)) - Attempting to stop container services.
2019-10-14 12:43:45,865 [main] INFO  impl.RaftServerProxy (RaftServerProxy.java:lambda$close$4(314)) - 94b64f22-133c-45ad-ad28-450bbaa44dd0: close
2019-10-14 12:43:45,866 [main] INFO  impl.RaftServerImpl (RaftServerImpl.java:lambda$shutdown$3(247)) - 94b64f22-133c-45ad-ad28-450bbaa44dd0@group-7BC219FCF9F7: shutdown
2019-10-14 12:43:45,866 [ForkJoinPool.commonPool-worker-1] INFO  impl.RaftServerImpl (RaftServerImpl.java:lambda$shutdown$3(247)) - 94b64f22-133c-45ad-ad28-450bbaa44dd0@group-AAC2281EB7A4: shutdown
2019-10-14 12:43:45,866 [main] INFO  util.JmxRegister (JmxRegister.java:unregister(73)) - Successfully un-registered JMX Bean with object name Ratis:service=RaftServer,group=group-7BC219FCF9F7,id=94b64f22-133c-45ad-ad28-450bbaa44dd0
2019-10-14 12:43:45,867 [ForkJoinPool.commonPool-worker-1] INFO  util.JmxRegister (JmxRegister.java:unregister(73)) - Successfully un-registered JMX Bean with object name Ratis:service=RaftServer,group=group-AAC2281EB7A4,id=94b64f22-133c-45ad-ad28-450bbaa44dd0
2019-10-14 12:43:45,867 [main] INFO  impl.RoleInfo (RoleInfo.java:shutdownLeaderState(104)) - 94b64f22-133c-45ad-ad28-450bbaa44dd0: shutdown LeaderState
2019-10-14 12:43:45,867 [ForkJoinPool.commonPool-worker-1] INFO  impl.RoleInfo (RoleInfo.java:shutdownLeaderState(104)) - 94b64f22-133c-45ad-ad28-450bbaa44dd0: shutdown LeaderState
2019-10-14 12:43:45,874 [org.apache.ratis.server.impl.LogAppender$AppenderDaemon$$Lambda$548/269285323@14248152] WARN  server.GrpcLogAppender (GrpcLogAppender.java:mayWait(143)) - 94b64f22-133c-45ad-ad28-450bbaa44dd0@group-7BC219FCF9F7->318f8cfb-a2bd-4d9d-9aa9-de47c092d73d-GrpcLogAppender: Wait interrupted by java.lang.InterruptedException
2019-10-14 12:43:45,874 [main] INFO  impl.PendingRequests (PendingRequests.java:sendNotLeaderResponses(202)) - 94b64f22-133c-45ad-ad28-450bbaa44dd0@group-7BC219FCF9F7-PendingRequests: sendNotLeaderResponses
2019-10-14 12:43:45,874 [org.apache.ratis.server.impl.LogAppender$AppenderDaemon$$Lambda$548/269285323@7d2194e0] WARN  server.GrpcLogAppender (GrpcLogAppender.java:mayWait(143)) - 94b64f22-133c-45ad-ad28-450bbaa44dd0@group-7BC219FCF9F7->f415a011-bf04-42a9-bfe4-a2c91d6dceb5-GrpcLogAppender: Wait interrupted by java.lang.InterruptedException
2019-10-14 12:43:45,874 [ForkJoinPool.commonPool-worker-1] INFO  impl.PendingRequests (PendingRequests.java:sendNotLeaderResponses(202)) - 94b64f22-133c-45ad-ad28-450bbaa44dd0@group-AAC2281EB7A4-PendingRequests: sendNotLeaderResponses
2019-10-14 12:43:45,874 [grpc-default-executor-9] INFO  server.GrpcServerProtocolService (GrpcServerProtocolService.java:onCompleted(113)) - 318f8cfb-a2bd-4d9d-9aa9-de47c092d73d: Completed APPEND_ENTRIES, lastRequest: 94b64f22-133c-45ad-ad28-450bbaa44dd0->318f8cfb-a2bd-4d9d-9aa9-de47c092d73d#19-t1, previous=(t:1, i:16), leaderCommit=16, initializing? false, entries: <empty>
2019-10-14 12:43:45,880 [main] INFO  impl.StateMachineUpdater (StateMachineUpdater.java:stopAndJoin(136)) - 94b64f22-133c-45ad-ad28-450bbaa44dd0@group-7BC219FCF9F7-StateMachineUpdater: set stopIndex = 16
2019-10-14 12:43:45,880 [ForkJoinPool.commonPool-worker-1] INFO  impl.StateMachineUpdater (StateMachineUpdater.java:stopAndJoin(136)) - 94b64f22-133c-45ad-ad28-450bbaa44dd0@group-AAC2281EB7A4-StateMachineUpdater: set stopIndex = 0
2019-10-14 12:43:45,880 [94b64f22-133c-45ad-ad28-450bbaa44dd0@group-7BC219FCF9F7-StateMachineUpdater] INFO  ratis.ContainerStateMachine (ContainerStateMachine.java:takeSnapshot(294)) - group-7BC219FCF9F7: Taking a snapshot at:(t:1, i:14) file /workdir/hadoop-ozone/integration-test/target/test-dir/MiniOzoneClusterImpl-5e97dea3-99a6-4a1a-83d8-52833a14f548/datanode-2/data/ratis/1e57068f-8c2c-4f58-a477-7bc219fcf9f7/sm/snapshot.1_14
2019-10-14 12:43:45,880 [grpc-default-executor-8] INFO  server.GrpcServerProtocolService (GrpcServerProtocolService.java:onCompleted(113)) - f415a011-bf04-42a9-bfe4-a2c91d6dceb5: Completed APPEND_ENTRIES, lastRequest: 94b64f22-133c-45ad-ad28-450bbaa44dd0->f415a011-bf04-42a9-bfe4-a2c91d6dceb5#19-t1, previous=(t:1, i:16), leaderCommit=16, initializing? false, entries: <empty>
2019-10-14 12:43:45,881 [grpc-default-executor-9] INFO  server.GrpcLogAppender (GrpcLogAppender.java:onCompleted(293)) - 94b64f22-133c-45ad-ad28-450bbaa44dd0@group-7BC219FCF9F7->318f8cfb-a2bd-4d9d-9aa9-de47c092d73d-AppendLogResponseHandler: follower responses appendEntries COMPLETED
2019-10-14 12:43:45,881 [ForkJoinPool.commonPool-worker-1] INFO  impl.RaftServerImpl (ServerState.java:close(387)) - 94b64f22-133c-45ad-ad28-450bbaa44dd0@group-AAC2281EB7A4: closes. applyIndex: 0
2019-10-14 12:43:45,881 [grpc-default-executor-8] INFO  server.GrpcLogAppender (GrpcLogAppender.java:onCompleted(293)) - 94b64f22-133c-45ad-ad28-450bbaa44dd0@group-7BC219FCF9F7->f415a011-bf04-42a9-bfe4-a2c91d6dceb5-AppendLogResponseHandler: follower responses appendEntries COMPLETED
2019-10-14 12:43:45,882 [94b64f22-133c-45ad-ad28-450bbaa44dd0@group-AAC2281EB7A4-SegmentedRaftLogWorker] INFO  segmented.SegmentedRaftLogWorker (SegmentedRaftLogWorker.java:run(316)) - 94b64f22-133c-45ad-ad28-450bbaa44dd0@group-AAC2281EB7A4-SegmentedRaftLogWorker was interrupted, exiting. There are 0 tasks remaining in the queue.
2019-10-14 12:43:45,885 [ForkJoinPool.commonPool-worker-1] INFO  segmented.SegmentedRaftLogWorker (SegmentedRaftLogWorker.java:close(224)) - 94b64f22-133c-45ad-ad28-450bbaa44dd0@group-AAC2281EB7A4-SegmentedRaftLogWorker close()
2019-10-14 12:43:45,885 [grpc-default-executor-9] INFO  impl.FollowerInfo (FollowerInfo.java:lambda$new$0(51)) - 94b64f22-133c-45ad-ad28-450bbaa44dd0@group-7BC219FCF9F7->318f8cfb-a2bd-4d9d-9aa9-de47c092d73d: nextIndex: updateUnconditionally 17 -> 16
2019-10-14 12:43:45,895 [94b64f22-133c-45ad-ad28-450bbaa44dd0@group-7BC219FCF9F7-StateMachineUpdater] INFO  ratis.ContainerStateMachine (ContainerStateMachine.java:takeSnapshot(305)) - group-7BC219FCF9F7: Finished taking a snapshot at:(t:1, i:14) file:/workdir/hadoop-ozone/integration-test/target/test-dir/MiniOzoneClusterImpl-5e97dea3-99a6-4a1a-83d8-52833a14f548/datanode-2/data/ratis/1e57068f-8c2c-4f58-a477-7bc219fcf9f7/sm/snapshot.1_14 time:15
2019-10-14 12:43:45,898 [grpc-default-executor-8] INFO  impl.FollowerInfo (FollowerInfo.java:lambda$new$0(51)) - 94b64f22-133c-45ad-ad28-450bbaa44dd0@group-7BC219FCF9F7->f415a011-bf04-42a9-bfe4-a2c91d6dceb5: nextIndex: updateUnconditionally 17 -> 16
2019-10-14 12:43:45,899 [94b64f22-133c-45ad-ad28-450bbaa44dd0@group-7BC219FCF9F7-StateMachineUpdater] INFO  impl.StateMachineUpdater (StateMachineUpdater.java:takeSnapshot(269)) - 94b64f22-133c-45ad-ad28-450bbaa44dd0@group-7BC219FCF9F7-StateMachineUpdater: Took a snapshot at index 14
2019-10-14 12:43:45,899 [94b64f22-133c-45ad-ad28-450bbaa44dd0@group-7BC219FCF9F7-StateMachineUpdater] INFO  impl.StateMachineUpdater (StateMachineUpdater.java:lambda$new$0(84)) - 94b64f22-133c-45ad-ad28-450bbaa44dd0@group-7BC219FCF9F7-StateMachineUpdater: snapshotIndex: updateIncreasingly -1 -> 14
2019-10-14 12:43:45,899 [94b64f22-133c-45ad-ad28-450bbaa44dd0@group-7BC219FCF9F7-StateMachineUpdater] INFO  ratis.ContainerStateMachine (ContainerStateMachine.java:takeSnapshot(294)) - group-7BC219FCF9F7: Taking a snapshot at:(t:1, i:14) file /workdir/hadoop-ozone/integration-test/target/test-dir/MiniOzoneClusterImpl-5e97dea3-99a6-4a1a-83d8-52833a14f548/datanode-2/data/ratis/1e57068f-8c2c-4f58-a477-7bc219fcf9f7/sm/snapshot.1_14
2019-10-14 12:43:45,912 [94b64f22-133c-45ad-ad28-450bbaa44dd0@group-7BC219FCF9F7-StateMachineUpdater] INFO  ratis.ContainerStateMachine (ContainerStateMachine.java:takeSnapshot(305)) - group-7BC219FCF9F7: Finished taking a snapshot at:(t:1, i:14) file:/workdir/hadoop-ozone/integration-test/target/test-dir/MiniOzoneClusterImpl-5e97dea3-99a6-4a1a-83d8-52833a14f548/datanode-2/data/ratis/1e57068f-8c2c-4f58-a477-7bc219fcf9f7/sm/snapshot.1_14 time:12
2019-10-14 12:43:45,912 [94b64f22-133c-45ad-ad28-450bbaa44dd0@group-7BC219FCF9F7-StateMachineUpdater] INFO  impl.StateMachineUpdater (StateMachineUpdater.java:takeSnapshot(269)) - 94b64f22-133c-45ad-ad28-450bbaa44dd0@group-7BC219FCF9F7-StateMachineUpdater: Took a snapshot at index 14
2019-10-14 12:43:45,912 [94b64f22-133c-45ad-ad28-450bbaa44dd0@group-7BC219FCF9F7-StateMachineUpdater] INFO  impl.StateMachineUpdater (StateMachineUpdater.java:lambda$new$0(84)) - 94b64f22-133c-45ad-ad28-450bbaa44dd0@group-7BC219FCF9F7-StateMachineUpdater: snapshotIndex: updateIncreasingly 14 -> 14
2019-10-14 12:43:45,912 [main] INFO  impl.RaftServerImpl (ServerState.java:close(387)) - 94b64f22-133c-45ad-ad28-450bbaa44dd0@group-7BC219FCF9F7: closes. applyIndex: 16
2019-10-14 12:43:45,913 [94b64f22-133c-45ad-ad28-450bbaa44dd0@group-7BC219FCF9F7-SegmentedRaftLogWorker] INFO  segmented.SegmentedRaftLogWorker (SegmentedRaftLogWorker.java:run(316)) - 94b64f22-133c-45ad-ad28-450bbaa44dd0@group-7BC219FCF9F7-SegmentedRaftLogWorker was interrupted, exiting. There are 0 tasks remaining in the queue.
2019-10-14 12:43:45,913 [main] INFO  segmented.SegmentedRaftLogWorker (SegmentedRaftLogWorker.java:close(224)) - 94b64f22-133c-45ad-ad28-450bbaa44dd0@group-7BC219FCF9F7-SegmentedRaftLogWorker close()
2019-10-14 12:43:45,917 [main] INFO  server.GrpcService (GrpcService.java:closeImpl(164)) - 94b64f22-133c-45ad-ad28-450bbaa44dd0: shutdown server with port 43410 now
2019-10-14 12:43:45,917 [grpc-default-executor-9] WARN  client.GrpcClientProtocolService (LogUtils.java:warn(134)) - 3-UnorderedRequestStreamObserver3: onError: org.apache.ratis.thirdparty.io.grpc.StatusRuntimeException: CANCELLED: cancelled before receiving half close
2019-10-14 12:43:45,918 [main] INFO  server.GrpcService (GrpcService.java:closeImpl(172)) - 94b64f22-133c-45ad-ad28-450bbaa44dd0: shutdown server with port 43410 successfully
2019-10-14 12:43:45,921 [refreshUsed-/workdir/hadoop-ozone/integration-test/target/test-dir/MiniOzoneClusterImpl-5e97dea3-99a6-4a1a-83d8-52833a14f548/datanode-2/data/containers] WARN  fs.CachingGetSpaceUsed (CachingGetSpaceUsed.java:run(183)) - Thread Interrupted waiting to refresh disk information: sleep interrupted
2019-10-14 12:43:45,941 [main] INFO  utils.BackgroundService (BackgroundService.java:shutdown(151)) - Shutting down service BlockDeletingService
2019-10-14 12:43:45,948 [main] INFO  statemachine.DatanodeStateMachine (DatanodeStateMachine.java:stopDaemon(395)) - Ozone container server stopped.
2019-10-14 12:43:45,950 [main] INFO  handler.ContextHandler (ContextHandler.java:doStop(910)) - Stopped o.e.j.w.WebAppContext@c9b5a99{/,null,UNAVAILABLE}{/hddsDatanode}
2019-10-14 12:43:45,951 [main] INFO  server.AbstractConnector (AbstractConnector.java:doStop(318)) - Stopped ServerConnector@70be89ec{HTTP/1.1,[http/1.1]}{0.0.0.0:0}
2019-10-14 12:43:45,951 [main] INFO  handler.ContextHandler (ContextHandler.java:doStop(910)) - Stopped o.e.j.s.ServletContextHandler@6b063470{/static,jar:file:/home/user/.m2/repository/org/apache/hadoop/hadoop-hdds-container-service/0.5.0-SNAPSHOT/hadoop-hdds-container-service-0.5.0-SNAPSHOT.jar!/webapps/static,UNAVAILABLE}
2019-10-14 12:43:45,952 [main] INFO  handler.ContextHandler (ContextHandler.java:doStop(910)) - Stopped o.e.j.s.ServletContextHandler@2c8b8de0{/logs,file:///workdir/hadoop-ozone/integration-test/target/log,UNAVAILABLE}
2019-10-14 12:43:55,450 [Thread-3096] INFO  impl.FollowerState (FollowerState.java:run(108)) - f415a011-bf04-42a9-bfe4-a2c91d6dceb5@group-7BC219FCF9F7-FollowerState: change to CANDIDATE, lastRpcTime:9585ms, electionTimeout:5026ms
2019-10-14 12:43:55,451 [Thread-3096] INFO  impl.RoleInfo (RoleInfo.java:shutdownFollowerState(121)) - f415a011-bf04-42a9-bfe4-a2c91d6dceb5: shutdown FollowerState
2019-10-14 12:43:55,451 [Thread-3096] INFO  impl.RaftServerImpl (RaftServerImpl.java:setRole(170)) - f415a011-bf04-42a9-bfe4-a2c91d6dceb5@group-7BC219FCF9F7: changes role from  FOLLOWER to CANDIDATE at term 1 for changeToCandidate
2019-10-14 12:43:55,451 [Thread-3096] INFO  impl.RoleInfo (RoleInfo.java:updateAndGet(143)) - f415a011-bf04-42a9-bfe4-a2c91d6dceb5: start LeaderElection
2019-10-14 12:43:55,452 [f415a011-bf04-42a9-bfe4-a2c91d6dceb5@group-7BC219FCF9F7-LeaderElection70] INFO  impl.RaftServerImpl (ServerState.java:setLeader(255)) - f415a011-bf04-42a9-bfe4-a2c91d6dceb5@group-7BC219FCF9F7: change Leader from 94b64f22-133c-45ad-ad28-450bbaa44dd0 to null at term 1 for initElection
2019-10-14 12:43:55,460 [Thread-3095] INFO  impl.FollowerState (FollowerState.java:run(108)) - 318f8cfb-a2bd-4d9d-9aa9-de47c092d73d@group-7BC219FCF9F7-FollowerState: change to CANDIDATE, lastRpcTime:9594ms, electionTimeout:5154ms
2019-10-14 12:43:55,461 [Thread-3095] INFO  impl.RoleInfo (RoleInfo.java:shutdownFollowerState(121)) - 318f8cfb-a2bd-4d9d-9aa9-de47c092d73d: shutdown FollowerState
2019-10-14 12:43:55,461 [Thread-3095] INFO  impl.RaftServerImpl (RaftServerImpl.java:setRole(170)) - 318f8cfb-a2bd-4d9d-9aa9-de47c092d73d@group-7BC219FCF9F7: changes role from  FOLLOWER to CANDIDATE at term 1 for changeToCandidate
2019-10-14 12:43:55,461 [Thread-3095] INFO  impl.RoleInfo (RoleInfo.java:updateAndGet(143)) - 318f8cfb-a2bd-4d9d-9aa9-de47c092d73d: start LeaderElection
2019-10-14 12:43:55,461 [318f8cfb-a2bd-4d9d-9aa9-de47c092d73d@group-7BC219FCF9F7-LeaderElection71] INFO  impl.RaftServerImpl (ServerState.java:setLeader(255)) - 318f8cfb-a2bd-4d9d-9aa9-de47c092d73d@group-7BC219FCF9F7: change Leader from 94b64f22-133c-45ad-ad28-450bbaa44dd0 to null at term 1 for initElection
2019-10-14 12:43:55,469 [f415a011-bf04-42a9-bfe4-a2c91d6dceb5@group-7BC219FCF9F7-LeaderElection70] INFO  impl.LeaderElection (LeaderElection.java:askForVotes(178)) - f415a011-bf04-42a9-bfe4-a2c91d6dceb5@group-7BC219FCF9F7-LeaderElection70: begin an election at term 2 for 0: [f415a011-bf04-42a9-bfe4-a2c91d6dceb5:192.168.151.107:42142, 94b64f22-133c-45ad-ad28-450bbaa44dd0:192.168.151.107:43410, 318f8cfb-a2bd-4d9d-9aa9-de47c092d73d:192.168.151.107:44952], old=null
2019-10-14 12:43:55,469 [318f8cfb-a2bd-4d9d-9aa9-de47c092d73d@group-7BC219FCF9F7-LeaderElection71] INFO  impl.LeaderElection (LeaderElection.java:askForVotes(178)) - 318f8cfb-a2bd-4d9d-9aa9-de47c092d73d@group-7BC219FCF9F7-LeaderElection71: begin an election at term 2 for 0: [f415a011-bf04-42a9-bfe4-a2c91d6dceb5:192.168.151.107:42142, 94b64f22-133c-45ad-ad28-450bbaa44dd0:192.168.151.107:43410, 318f8cfb-a2bd-4d9d-9aa9-de47c092d73d:192.168.151.107:44952], old=null
2019-10-14 12:43:55,472 [318f8cfb-a2bd-4d9d-9aa9-de47c092d73d@group-7BC219FCF9F7-LeaderElection71] INFO  impl.LeaderElection (LogUtils.java:infoOrTrace(149)) - 318f8cfb-a2bd-4d9d-9aa9-de47c092d73d@group-7BC219FCF9F7-LeaderElection71 got exception when requesting votes: {}
java.util.concurrent.ExecutionException: org.apache.ratis.thirdparty.io.grpc.StatusRuntimeException: UNAVAILABLE: io exception
	at java.util.concurrent.FutureTask.report(FutureTask.java:122)
	at java.util.concurrent.FutureTask.get(FutureTask.java:192)
	at org.apache.ratis.server.impl.LeaderElection.waitForResults(LeaderElection.java:259)
	at org.apache.ratis.server.impl.LeaderElection.askForVotes(LeaderElection.java:197)
	at org.apache.ratis.server.impl.LeaderElection.run(LeaderElection.java:133)
	at java.lang.Thread.run(Thread.java:748)
Caused by: org.apache.ratis.thirdparty.io.grpc.StatusRuntimeException: UNAVAILABLE: io exception
	at org.apache.ratis.thirdparty.io.grpc.stub.ClientCalls.toStatusRuntimeException(ClientCalls.java:233)
	at org.apache.ratis.thirdparty.io.grpc.stub.ClientCalls.getUnchecked(ClientCalls.java:214)
	at org.apache.ratis.thirdparty.io.grpc.stub.ClientCalls.blockingUnaryCall(ClientCalls.java:139)
	at org.apache.ratis.proto.grpc.RaftServerProtocolServiceGrpc$RaftServerProtocolServiceBlockingStub.requestVote(RaftServerProtocolServiceGrpc.java:265)
	at org.apache.ratis.grpc.server.GrpcServerProtocolClient.requestVote(GrpcServerProtocolClient.java:99)
	at org.apache.ratis.grpc.server.GrpcService.requestVote(GrpcService.java:204)
	at org.apache.ratis.server.impl.LeaderElection.lambda$submitRequests$1(LeaderElection.java:234)
	at java.util.concurrent.FutureTask.run(FutureTask.java:266)
	at java.util.concurrent.Executors$RunnableAdapter.call(Executors.java:511)
	at java.util.concurrent.FutureTask.run(FutureTask.java:266)
	at java.util.concurrent.ThreadPoolExecutor.runWorker(ThreadPoolExecutor.java:1149)
	at java.util.concurrent.ThreadPoolExecutor$Worker.run(ThreadPoolExecutor.java:624)
	... 1 more
Caused by: org.apache.ratis.thirdparty.io.netty.channel.AbstractChannel$AnnotatedConnectException: Connection refused: /192.168.151.107:43410
	at sun.nio.ch.SocketChannelImpl.checkConnect(Native Method)
	at sun.nio.ch.SocketChannelImpl.finishConnect(SocketChannelImpl.java:717)
	at org.apache.ratis.thirdparty.io.netty.channel.socket.nio.NioSocketChannel.doFinishConnect(NioSocketChannel.java:327)
	at org.apache.ratis.thirdparty.io.netty.channel.nio.AbstractNioChannel$AbstractNioUnsafe.finishConnect(AbstractNioChannel.java:340)
	at org.apache.ratis.thirdparty.io.netty.channel.nio.NioEventLoop.processSelectedKey(NioEventLoop.java:632)
	at org.apache.ratis.thirdparty.io.netty.channel.nio.NioEventLoop.processSelectedKeysOptimized(NioEventLoop.java:579)
	at org.apache.ratis.thirdparty.io.netty.channel.nio.NioEventLoop.processSelectedKeys(NioEventLoop.java:496)
	at org.apache.ratis.thirdparty.io.netty.channel.nio.NioEventLoop.run(NioEventLoop.java:458)
	at org.apache.ratis.thirdparty.io.netty.util.concurrent.SingleThreadEventExecutor$5.run(SingleThreadEventExecutor.java:897)
	at org.apache.ratis.thirdparty.io.netty.util.concurrent.FastThreadLocalRunnable.run(FastThreadLocalRunnable.java:30)
	... 1 more
Caused by: java.net.ConnectException: Connection refused
	... 11 more
2019-10-14 12:43:55,472 [f415a011-bf04-42a9-bfe4-a2c91d6dceb5@group-7BC219FCF9F7-LeaderElection70] INFO  impl.LeaderElection (LogUtils.java:infoOrTrace(149)) - f415a011-bf04-42a9-bfe4-a2c91d6dceb5@group-7BC219FCF9F7-LeaderElection70 got exception when requesting votes: {}
java.util.concurrent.ExecutionException: org.apache.ratis.thirdparty.io.grpc.StatusRuntimeException: UNAVAILABLE: io exception
	at java.util.concurrent.FutureTask.report(FutureTask.java:122)
	at java.util.concurrent.FutureTask.get(FutureTask.java:192)
	at org.apache.ratis.server.impl.LeaderElection.waitForResults(LeaderElection.java:259)
	at org.apache.ratis.server.impl.LeaderElection.askForVotes(LeaderElection.java:197)
	at org.apache.ratis.server.impl.LeaderElection.run(LeaderElection.java:133)
	at java.lang.Thread.run(Thread.java:748)
Caused by: org.apache.ratis.thirdparty.io.grpc.StatusRuntimeException: UNAVAILABLE: io exception
	at org.apache.ratis.thirdparty.io.grpc.stub.ClientCalls.toStatusRuntimeException(ClientCalls.java:233)
	at org.apache.ratis.thirdparty.io.grpc.stub.ClientCalls.getUnchecked(ClientCalls.java:214)
	at org.apache.ratis.thirdparty.io.grpc.stub.ClientCalls.blockingUnaryCall(ClientCalls.java:139)
	at org.apache.ratis.proto.grpc.RaftServerProtocolServiceGrpc$RaftServerProtocolServiceBlockingStub.requestVote(RaftServerProtocolServiceGrpc.java:265)
	at org.apache.ratis.grpc.server.GrpcServerProtocolClient.requestVote(GrpcServerProtocolClient.java:99)
	at org.apache.ratis.grpc.server.GrpcService.requestVote(GrpcService.java:204)
	at org.apache.ratis.server.impl.LeaderElection.lambda$submitRequests$1(LeaderElection.java:234)
	at java.util.concurrent.FutureTask.run(FutureTask.java:266)
	at java.util.concurrent.Executors$RunnableAdapter.call(Executors.java:511)
	at java.util.concurrent.FutureTask.run(FutureTask.java:266)
	at java.util.concurrent.ThreadPoolExecutor.runWorker(ThreadPoolExecutor.java:1149)
	at java.util.concurrent.ThreadPoolExecutor$Worker.run(ThreadPoolExecutor.java:624)
	... 1 more
Caused by: org.apache.ratis.thirdparty.io.netty.channel.AbstractChannel$AnnotatedConnectException: Connection refused: /192.168.151.107:43410
	at sun.nio.ch.SocketChannelImpl.checkConnect(Native Method)
	at sun.nio.ch.SocketChannelImpl.finishConnect(SocketChannelImpl.java:717)
	at org.apache.ratis.thirdparty.io.netty.channel.socket.nio.NioSocketChannel.doFinishConnect(NioSocketChannel.java:327)
	at org.apache.ratis.thirdparty.io.netty.channel.nio.AbstractNioChannel$AbstractNioUnsafe.finishConnect(AbstractNioChannel.java:340)
	at org.apache.ratis.thirdparty.io.netty.channel.nio.NioEventLoop.processSelectedKey(NioEventLoop.java:632)
	at org.apache.ratis.thirdparty.io.netty.channel.nio.NioEventLoop.processSelectedKeysOptimized(NioEventLoop.java:579)
	at org.apache.ratis.thirdparty.io.netty.channel.nio.NioEventLoop.processSelectedKeys(NioEventLoop.java:496)
	at org.apache.ratis.thirdparty.io.netty.channel.nio.NioEventLoop.run(NioEventLoop.java:458)
	at org.apache.ratis.thirdparty.io.netty.util.concurrent.SingleThreadEventExecutor$5.run(SingleThreadEventExecutor.java:897)
	at org.apache.ratis.thirdparty.io.netty.util.concurrent.FastThreadLocalRunnable.run(FastThreadLocalRunnable.java:30)
	... 1 more
Caused by: java.net.ConnectException: Connection refused
	... 11 more
2019-10-14 12:43:55,480 [f415a011-bf04-42a9-bfe4-a2c91d6dceb5@group-7BC219FCF9F7-LeaderElection70] INFO  impl.LeaderElection (LeaderElection.java:logAndReturn(56)) - f415a011-bf04-42a9-bfe4-a2c91d6dceb5@group-7BC219FCF9F7-LeaderElection70: Election REJECTED; received 1 response(s) [f415a011-bf04-42a9-bfe4-a2c91d6dceb5<-318f8cfb-a2bd-4d9d-9aa9-de47c092d73d#0:FAIL-t2] and 1 exception(s); f415a011-bf04-42a9-bfe4-a2c91d6dceb5@group-7BC219FCF9F7:t2, leader=null, voted=f415a011-bf04-42a9-bfe4-a2c91d6dceb5, raftlog=f415a011-bf04-42a9-bfe4-a2c91d6dceb5@group-7BC219FCF9F7-SegmentedRaftLog:OPENED:c16,f16,i16, conf=0: [f415a011-bf04-42a9-bfe4-a2c91d6dceb5:192.168.151.107:42142, 94b64f22-133c-45ad-ad28-450bbaa44dd0:192.168.151.107:43410, 318f8cfb-a2bd-4d9d-9aa9-de47c092d73d:192.168.151.107:44952], old=null
2019-10-14 12:43:55,482 [f415a011-bf04-42a9-bfe4-a2c91d6dceb5@group-7BC219FCF9F7-LeaderElection70] INFO  impl.LeaderElection (LogUtils.java:infoOrTrace(149)) -   Exception 0: {}
java.util.concurrent.ExecutionException: org.apache.ratis.thirdparty.io.grpc.StatusRuntimeException: UNAVAILABLE: io exception
	at java.util.concurrent.FutureTask.report(FutureTask.java:122)
	at java.util.concurrent.FutureTask.get(FutureTask.java:192)
	at org.apache.ratis.server.impl.LeaderElection.waitForResults(LeaderElection.java:259)
	at org.apache.ratis.server.impl.LeaderElection.askForVotes(LeaderElection.java:197)
	at org.apache.ratis.server.impl.LeaderElection.run(LeaderElection.java:133)
	at java.lang.Thread.run(Thread.java:748)
Caused by: org.apache.ratis.thirdparty.io.grpc.StatusRuntimeException: UNAVAILABLE: io exception
	at org.apache.ratis.thirdparty.io.grpc.stub.ClientCalls.toStatusRuntimeException(ClientCalls.java:233)
	at org.apache.ratis.thirdparty.io.grpc.stub.ClientCalls.getUnchecked(ClientCalls.java:214)
	at org.apache.ratis.thirdparty.io.grpc.stub.ClientCalls.blockingUnaryCall(ClientCalls.java:139)
	at org.apache.ratis.proto.grpc.RaftServerProtocolServiceGrpc$RaftServerProtocolServiceBlockingStub.requestVote(RaftServerProtocolServiceGrpc.java:265)
	at org.apache.ratis.grpc.server.GrpcServerProtocolClient.requestVote(GrpcServerProtocolClient.java:99)
	at org.apache.ratis.grpc.server.GrpcService.requestVote(GrpcService.java:204)
	at org.apache.ratis.server.impl.LeaderElection.lambda$submitRequests$1(LeaderElection.java:234)
	at java.util.concurrent.FutureTask.run(FutureTask.java:266)
	at java.util.concurrent.Executors$RunnableAdapter.call(Executors.java:511)
	at java.util.concurrent.FutureTask.run(FutureTask.java:266)
	at java.util.concurrent.ThreadPoolExecutor.runWorker(ThreadPoolExecutor.java:1149)
	at java.util.concurrent.ThreadPoolExecutor$Worker.run(ThreadPoolExecutor.java:624)
	... 1 more
Caused by: org.apache.ratis.thirdparty.io.netty.channel.AbstractChannel$AnnotatedConnectException: Connection refused: /192.168.151.107:43410
	at sun.nio.ch.SocketChannelImpl.checkConnect(Native Method)
	at sun.nio.ch.SocketChannelImpl.finishConnect(SocketChannelImpl.java:717)
	at org.apache.ratis.thirdparty.io.netty.channel.socket.nio.NioSocketChannel.doFinishConnect(NioSocketChannel.java:327)
	at org.apache.ratis.thirdparty.io.netty.channel.nio.AbstractNioChannel$AbstractNioUnsafe.finishConnect(AbstractNioChannel.java:340)
	at org.apache.ratis.thirdparty.io.netty.channel.nio.NioEventLoop.processSelectedKey(NioEventLoop.java:632)
	at org.apache.ratis.thirdparty.io.netty.channel.nio.NioEventLoop.processSelectedKeysOptimized(NioEventLoop.java:579)
	at org.apache.ratis.thirdparty.io.netty.channel.nio.NioEventLoop.processSelectedKeys(NioEventLoop.java:496)
	at org.apache.ratis.thirdparty.io.netty.channel.nio.NioEventLoop.run(NioEventLoop.java:458)
	at org.apache.ratis.thirdparty.io.netty.util.concurrent.SingleThreadEventExecutor$5.run(SingleThreadEventExecutor.java:897)
	at org.apache.ratis.thirdparty.io.netty.util.concurrent.FastThreadLocalRunnable.run(FastThreadLocalRunnable.java:30)
	... 1 more
Caused by: java.net.ConnectException: Connection refused
	... 11 more
2019-10-14 12:43:55,482 [318f8cfb-a2bd-4d9d-9aa9-de47c092d73d@group-7BC219FCF9F7-LeaderElection71] INFO  impl.LeaderElection (LeaderElection.java:logAndReturn(56)) - 318f8cfb-a2bd-4d9d-9aa9-de47c092d73d@group-7BC219FCF9F7-LeaderElection71: Election REJECTED; received 1 response(s) [318f8cfb-a2bd-4d9d-9aa9-de47c092d73d<-f415a011-bf04-42a9-bfe4-a2c91d6dceb5#0:FAIL-t2] and 1 exception(s); 318f8cfb-a2bd-4d9d-9aa9-de47c092d73d@group-7BC219FCF9F7:t2, leader=null, voted=318f8cfb-a2bd-4d9d-9aa9-de47c092d73d, raftlog=318f8cfb-a2bd-4d9d-9aa9-de47c092d73d@group-7BC219FCF9F7-SegmentedRaftLog:OPENED:c16,f16,i16, conf=0: [f415a011-bf04-42a9-bfe4-a2c91d6dceb5:192.168.151.107:42142, 94b64f22-133c-45ad-ad28-450bbaa44dd0:192.168.151.107:43410, 318f8cfb-a2bd-4d9d-9aa9-de47c092d73d:192.168.151.107:44952], old=null
2019-10-14 12:43:55,484 [318f8cfb-a2bd-4d9d-9aa9-de47c092d73d@group-7BC219FCF9F7-LeaderElection71] INFO  impl.LeaderElection (LogUtils.java:infoOrTrace(149)) -   Exception 0: {}
java.util.concurrent.ExecutionException: org.apache.ratis.thirdparty.io.grpc.StatusRuntimeException: UNAVAILABLE: io exception
	at java.util.concurrent.FutureTask.report(FutureTask.java:122)
	at java.util.concurrent.FutureTask.get(FutureTask.java:192)
	at org.apache.ratis.server.impl.LeaderElection.waitForResults(LeaderElection.java:259)
	at org.apache.ratis.server.impl.LeaderElection.askForVotes(LeaderElection.java:197)
	at org.apache.ratis.server.impl.LeaderElection.run(LeaderElection.java:133)
	at java.lang.Thread.run(Thread.java:748)
Caused by: org.apache.ratis.thirdparty.io.grpc.StatusRuntimeException: UNAVAILABLE: io exception
	at org.apache.ratis.thirdparty.io.grpc.stub.ClientCalls.toStatusRuntimeException(ClientCalls.java:233)
	at org.apache.ratis.thirdparty.io.grpc.stub.ClientCalls.getUnchecked(ClientCalls.java:214)
	at org.apache.ratis.thirdparty.io.grpc.stub.ClientCalls.blockingUnaryCall(ClientCalls.java:139)
	at org.apache.ratis.proto.grpc.RaftServerProtocolServiceGrpc$RaftServerProtocolServiceBlockingStub.requestVote(RaftServerProtocolServiceGrpc.java:265)
	at org.apache.ratis.grpc.server.GrpcServerProtocolClient.requestVote(GrpcServerProtocolClient.java:99)
	at org.apache.ratis.grpc.server.GrpcService.requestVote(GrpcService.java:204)
	at org.apache.ratis.server.impl.LeaderElection.lambda$submitRequests$1(LeaderElection.java:234)
	at java.util.concurrent.FutureTask.run(FutureTask.java:266)
	at java.util.concurrent.Executors$RunnableAdapter.call(Executors.java:511)
	at java.util.concurrent.FutureTask.run(FutureTask.java:266)
	at java.util.concurrent.ThreadPoolExecutor.runWorker(ThreadPoolExecutor.java:1149)
	at java.util.concurrent.ThreadPoolExecutor$Worker.run(ThreadPoolExecutor.java:624)
	... 1 more
Caused by: org.apache.ratis.thirdparty.io.netty.channel.AbstractChannel$AnnotatedConnectException: Connection refused: /192.168.151.107:43410
	at sun.nio.ch.SocketChannelImpl.checkConnect(Native Method)
	at sun.nio.ch.SocketChannelImpl.finishConnect(SocketChannelImpl.java:717)
	at org.apache.ratis.thirdparty.io.netty.channel.socket.nio.NioSocketChannel.doFinishConnect(NioSocketChannel.java:327)
	at org.apache.ratis.thirdparty.io.netty.channel.nio.AbstractNioChannel$AbstractNioUnsafe.finishConnect(AbstractNioChannel.java:340)
	at org.apache.ratis.thirdparty.io.netty.channel.nio.NioEventLoop.processSelectedKey(NioEventLoop.java:632)
	at org.apache.ratis.thirdparty.io.netty.channel.nio.NioEventLoop.processSelectedKeysOptimized(NioEventLoop.java:579)
	at org.apache.ratis.thirdparty.io.netty.channel.nio.NioEventLoop.processSelectedKeys(NioEventLoop.java:496)
	at org.apache.ratis.thirdparty.io.netty.channel.nio.NioEventLoop.run(NioEventLoop.java:458)
	at org.apache.ratis.thirdparty.io.netty.util.concurrent.SingleThreadEventExecutor$5.run(SingleThreadEventExecutor.java:897)
	at org.apache.ratis.thirdparty.io.netty.util.concurrent.FastThreadLocalRunnable.run(FastThreadLocalRunnable.java:30)
	... 1 more
Caused by: java.net.ConnectException: Connection refused
	... 11 more
2019-10-14 12:43:55,483 [f415a011-bf04-42a9-bfe4-a2c91d6dceb5@group-7BC219FCF9F7-LeaderElection70] INFO  impl.RaftServerImpl (RaftServerImpl.java:setRole(170)) - f415a011-bf04-42a9-bfe4-a2c91d6dceb5@group-7BC219FCF9F7: changes role from CANDIDATE to FOLLOWER at term 2 for DISCOVERED_A_NEW_TERM
2019-10-14 12:43:55,486 [318f8cfb-a2bd-4d9d-9aa9-de47c092d73d@group-7BC219FCF9F7-LeaderElection71] INFO  impl.RaftServerImpl (RaftServerImpl.java:setRole(170)) - 318f8cfb-a2bd-4d9d-9aa9-de47c092d73d@group-7BC219FCF9F7: changes role from CANDIDATE to FOLLOWER at term 2 for DISCOVERED_A_NEW_TERM
2019-10-14 12:43:55,486 [f415a011-bf04-42a9-bfe4-a2c91d6dceb5@group-7BC219FCF9F7-LeaderElection70] INFO  impl.RoleInfo (RoleInfo.java:shutdownLeaderElection(134)) - f415a011-bf04-42a9-bfe4-a2c91d6dceb5: shutdown LeaderElection
2019-10-14 12:43:55,487 [318f8cfb-a2bd-4d9d-9aa9-de47c092d73d@group-7BC219FCF9F7-LeaderElection71] INFO  impl.RoleInfo (RoleInfo.java:shutdownLeaderElection(134)) - 318f8cfb-a2bd-4d9d-9aa9-de47c092d73d: shutdown LeaderElection
2019-10-14 12:43:55,487 [f415a011-bf04-42a9-bfe4-a2c91d6dceb5@group-7BC219FCF9F7-LeaderElection70] INFO  impl.RoleInfo (RoleInfo.java:updateAndGet(143)) - f415a011-bf04-42a9-bfe4-a2c91d6dceb5: start FollowerState
2019-10-14 12:43:55,487 [318f8cfb-a2bd-4d9d-9aa9-de47c092d73d@group-7BC219FCF9F7-LeaderElection71] INFO  impl.RoleInfo (RoleInfo.java:updateAndGet(143)) - 318f8cfb-a2bd-4d9d-9aa9-de47c092d73d: start FollowerState
2019-10-14 12:44:00,670 [Thread-3239] INFO  impl.FollowerState (FollowerState.java:run(108)) - f415a011-bf04-42a9-bfe4-a2c91d6dceb5@group-7BC219FCF9F7-FollowerState: change to CANDIDATE, lastRpcTime:5182ms, electionTimeout:5182ms
2019-10-14 12:44:00,670 [Thread-3239] INFO  impl.RoleInfo (RoleInfo.java:shutdownFollowerState(121)) - f415a011-bf04-42a9-bfe4-a2c91d6dceb5: shutdown FollowerState
2019-10-14 12:44:00,670 [Thread-3239] INFO  impl.RaftServerImpl (RaftServerImpl.java:setRole(170)) - f415a011-bf04-42a9-bfe4-a2c91d6dceb5@group-7BC219FCF9F7: changes role from  FOLLOWER to CANDIDATE at term 2 for changeToCandidate
2019-10-14 12:44:00,670 [Thread-3239] INFO  impl.RoleInfo (RoleInfo.java:updateAndGet(143)) - f415a011-bf04-42a9-bfe4-a2c91d6dceb5: start LeaderElection
2019-10-14 12:44:00,675 [Thread-3240] INFO  impl.FollowerState (FollowerState.java:run(108)) - 318f8cfb-a2bd-4d9d-9aa9-de47c092d73d@group-7BC219FCF9F7-FollowerState: change to CANDIDATE, lastRpcTime:5187ms, electionTimeout:5187ms
2019-10-14 12:44:00,675 [Thread-3240] INFO  impl.RoleInfo (RoleInfo.java:shutdownFollowerState(121)) - 318f8cfb-a2bd-4d9d-9aa9-de47c092d73d: shutdown FollowerState
2019-10-14 12:44:00,675 [Thread-3240] INFO  impl.RaftServerImpl (RaftServerImpl.java:setRole(170)) - 318f8cfb-a2bd-4d9d-9aa9-de47c092d73d@group-7BC219FCF9F7: changes role from  FOLLOWER to CANDIDATE at term 2 for changeToCandidate
2019-10-14 12:44:00,675 [Thread-3240] INFO  impl.RoleInfo (RoleInfo.java:updateAndGet(143)) - 318f8cfb-a2bd-4d9d-9aa9-de47c092d73d: start LeaderElection
2019-10-14 12:44:00,702 [318f8cfb-a2bd-4d9d-9aa9-de47c092d73d@group-7BC219FCF9F7-LeaderElection73] INFO  impl.LeaderElection (LeaderElection.java:askForVotes(178)) - 318f8cfb-a2bd-4d9d-9aa9-de47c092d73d@group-7BC219FCF9F7-LeaderElection73: begin an election at term 3 for 0: [f415a011-bf04-42a9-bfe4-a2c91d6dceb5:192.168.151.107:42142, 94b64f22-133c-45ad-ad28-450bbaa44dd0:192.168.151.107:43410, 318f8cfb-a2bd-4d9d-9aa9-de47c092d73d:192.168.151.107:44952], old=null
2019-10-14 12:44:00,702 [f415a011-bf04-42a9-bfe4-a2c91d6dceb5@group-7BC219FCF9F7-LeaderElection72] INFO  impl.LeaderElection (LeaderElection.java:askForVotes(178)) - f415a011-bf04-42a9-bfe4-a2c91d6dceb5@group-7BC219FCF9F7-LeaderElection72: begin an election at term 3 for 0: [f415a011-bf04-42a9-bfe4-a2c91d6dceb5:192.168.151.107:42142, 94b64f22-133c-45ad-ad28-450bbaa44dd0:192.168.151.107:43410, 318f8cfb-a2bd-4d9d-9aa9-de47c092d73d:192.168.151.107:44952], old=null
2019-10-14 12:44:00,703 [318f8cfb-a2bd-4d9d-9aa9-de47c092d73d@group-7BC219FCF9F7-LeaderElection73] INFO  impl.LeaderElection (LogUtils.java:infoOrTrace(149)) - 318f8cfb-a2bd-4d9d-9aa9-de47c092d73d@group-7BC219FCF9F7-LeaderElection73 got exception when requesting votes: {}
java.util.concurrent.ExecutionException: org.apache.ratis.thirdparty.io.grpc.StatusRuntimeException: UNAVAILABLE: io exception
	at java.util.concurrent.FutureTask.report(FutureTask.java:122)
	at java.util.concurrent.FutureTask.get(FutureTask.java:192)
	at org.apache.ratis.server.impl.LeaderElection.waitForResults(LeaderElection.java:259)
	at org.apache.ratis.server.impl.LeaderElection.askForVotes(LeaderElection.java:197)
	at org.apache.ratis.server.impl.LeaderElection.run(LeaderElection.java:133)
	at java.lang.Thread.run(Thread.java:748)
Caused by: org.apache.ratis.thirdparty.io.grpc.StatusRuntimeException: UNAVAILABLE: io exception
	at org.apache.ratis.thirdparty.io.grpc.stub.ClientCalls.toStatusRuntimeException(ClientCalls.java:233)
	at org.apache.ratis.thirdparty.io.grpc.stub.ClientCalls.getUnchecked(ClientCalls.java:214)
	at org.apache.ratis.thirdparty.io.grpc.stub.ClientCalls.blockingUnaryCall(ClientCalls.java:139)
	at org.apache.ratis.proto.grpc.RaftServerProtocolServiceGrpc$RaftServerProtocolServiceBlockingStub.requestVote(RaftServerProtocolServiceGrpc.java:265)
	at org.apache.ratis.grpc.server.GrpcServerProtocolClient.requestVote(GrpcServerProtocolClient.java:99)
	at org.apache.ratis.grpc.server.GrpcService.requestVote(GrpcService.java:204)
	at org.apache.ratis.server.impl.LeaderElection.lambda$submitRequests$1(LeaderElection.java:234)
	at java.util.concurrent.FutureTask.run(FutureTask.java:266)
	at java.util.concurrent.Executors$RunnableAdapter.call(Executors.java:511)
	at java.util.concurrent.FutureTask.run(FutureTask.java:266)
	at java.util.concurrent.ThreadPoolExecutor.runWorker(ThreadPoolExecutor.java:1149)
	at java.util.concurrent.ThreadPoolExecutor$Worker.run(ThreadPoolExecutor.java:624)
	... 1 more
Caused by: org.apache.ratis.thirdparty.io.netty.channel.AbstractChannel$AnnotatedConnectException: Connection refused: /192.168.151.107:43410
	at sun.nio.ch.SocketChannelImpl.checkConnect(Native Method)
	at sun.nio.ch.SocketChannelImpl.finishConnect(SocketChannelImpl.java:717)
	at org.apache.ratis.thirdparty.io.netty.channel.socket.nio.NioSocketChannel.doFinishConnect(NioSocketChannel.java:327)
	at org.apache.ratis.thirdparty.io.netty.channel.nio.AbstractNioChannel$AbstractNioUnsafe.finishConnect(AbstractNioChannel.java:340)
	at org.apache.ratis.thirdparty.io.netty.channel.nio.NioEventLoop.processSelectedKey(NioEventLoop.java:632)
	at org.apache.ratis.thirdparty.io.netty.channel.nio.NioEventLoop.processSelectedKeysOptimized(NioEventLoop.java:579)
	at org.apache.ratis.thirdparty.io.netty.channel.nio.NioEventLoop.processSelectedKeys(NioEventLoop.java:496)
	at org.apache.ratis.thirdparty.io.netty.channel.nio.NioEventLoop.run(NioEventLoop.java:458)
	at org.apache.ratis.thirdparty.io.netty.util.concurrent.SingleThreadEventExecutor$5.run(SingleThreadEventExecutor.java:897)
	at org.apache.ratis.thirdparty.io.netty.util.concurrent.FastThreadLocalRunnable.run(FastThreadLocalRunnable.java:30)
	... 1 more
Caused by: java.net.ConnectException: Connection refused
	... 11 more
2019-10-14 12:44:00,703 [f415a011-bf04-42a9-bfe4-a2c91d6dceb5@group-7BC219FCF9F7-LeaderElection72] INFO  impl.LeaderElection (LogUtils.java:infoOrTrace(149)) - f415a011-bf04-42a9-bfe4-a2c91d6dceb5@group-7BC219FCF9F7-LeaderElection72 got exception when requesting votes: {}
java.util.concurrent.ExecutionException: org.apache.ratis.thirdparty.io.grpc.StatusRuntimeException: UNAVAILABLE: io exception
	at java.util.concurrent.FutureTask.report(FutureTask.java:122)
	at java.util.concurrent.FutureTask.get(FutureTask.java:192)
	at org.apache.ratis.server.impl.LeaderElection.waitForResults(LeaderElection.java:259)
	at org.apache.ratis.server.impl.LeaderElection.askForVotes(LeaderElection.java:197)
	at org.apache.ratis.server.impl.LeaderElection.run(LeaderElection.java:133)
	at java.lang.Thread.run(Thread.java:748)
Caused by: org.apache.ratis.thirdparty.io.grpc.StatusRuntimeException: UNAVAILABLE: io exception
	at org.apache.ratis.thirdparty.io.grpc.stub.ClientCalls.toStatusRuntimeException(ClientCalls.java:233)
	at org.apache.ratis.thirdparty.io.grpc.stub.ClientCalls.getUnchecked(ClientCalls.java:214)
	at org.apache.ratis.thirdparty.io.grpc.stub.ClientCalls.blockingUnaryCall(ClientCalls.java:139)
	at org.apache.ratis.proto.grpc.RaftServerProtocolServiceGrpc$RaftServerProtocolServiceBlockingStub.requestVote(RaftServerProtocolServiceGrpc.java:265)
	at org.apache.ratis.grpc.server.GrpcServerProtocolClient.requestVote(GrpcServerProtocolClient.java:99)
	at org.apache.ratis.grpc.server.GrpcService.requestVote(GrpcService.java:204)
	at org.apache.ratis.server.impl.LeaderElection.lambda$submitRequests$1(LeaderElection.java:234)
	at java.util.concurrent.FutureTask.run(FutureTask.java:266)
	at java.util.concurrent.Executors$RunnableAdapter.call(Executors.java:511)
	at java.util.concurrent.FutureTask.run(FutureTask.java:266)
	at java.util.concurrent.ThreadPoolExecutor.runWorker(ThreadPoolExecutor.java:1149)
	at java.util.concurrent.ThreadPoolExecutor$Worker.run(ThreadPoolExecutor.java:624)
	... 1 more
Caused by: org.apache.ratis.thirdparty.io.netty.channel.AbstractChannel$AnnotatedConnectException: Connection refused: /192.168.151.107:43410
	at sun.nio.ch.SocketChannelImpl.checkConnect(Native Method)
	at sun.nio.ch.SocketChannelImpl.finishConnect(SocketChannelImpl.java:717)
	at org.apache.ratis.thirdparty.io.netty.channel.socket.nio.NioSocketChannel.doFinishConnect(NioSocketChannel.java:327)
	at org.apache.ratis.thirdparty.io.netty.channel.nio.AbstractNioChannel$AbstractNioUnsafe.finishConnect(AbstractNioChannel.java:340)
	at org.apache.ratis.thirdparty.io.netty.channel.nio.NioEventLoop.processSelectedKey(NioEventLoop.java:632)
	at org.apache.ratis.thirdparty.io.netty.channel.nio.NioEventLoop.processSelectedKeysOptimized(NioEventLoop.java:579)
	at org.apache.ratis.thirdparty.io.netty.channel.nio.NioEventLoop.processSelectedKeys(NioEventLoop.java:496)
	at org.apache.ratis.thirdparty.io.netty.channel.nio.NioEventLoop.run(NioEventLoop.java:458)
	at org.apache.ratis.thirdparty.io.netty.util.concurrent.SingleThreadEventExecutor$5.run(SingleThreadEventExecutor.java:897)
	at org.apache.ratis.thirdparty.io.netty.util.concurrent.FastThreadLocalRunnable.run(FastThreadLocalRunnable.java:30)
	... 1 more
Caused by: java.net.ConnectException: Connection refused
	... 11 more
2019-10-14 12:44:00,711 [318f8cfb-a2bd-4d9d-9aa9-de47c092d73d@group-7BC219FCF9F7-LeaderElection73] INFO  impl.LeaderElection (LeaderElection.java:logAndReturn(56)) - 318f8cfb-a2bd-4d9d-9aa9-de47c092d73d@group-7BC219FCF9F7-LeaderElection73: Election REJECTED; received 1 response(s) [318f8cfb-a2bd-4d9d-9aa9-de47c092d73d<-f415a011-bf04-42a9-bfe4-a2c91d6dceb5#0:FAIL-t3] and 1 exception(s); 318f8cfb-a2bd-4d9d-9aa9-de47c092d73d@group-7BC219FCF9F7:t3, leader=null, voted=318f8cfb-a2bd-4d9d-9aa9-de47c092d73d, raftlog=318f8cfb-a2bd-4d9d-9aa9-de47c092d73d@group-7BC219FCF9F7-SegmentedRaftLog:OPENED:c16,f16,i16, conf=0: [f415a011-bf04-42a9-bfe4-a2c91d6dceb5:192.168.151.107:42142, 94b64f22-133c-45ad-ad28-450bbaa44dd0:192.168.151.107:43410, 318f8cfb-a2bd-4d9d-9aa9-de47c092d73d:192.168.151.107:44952], old=null
2019-10-14 12:44:00,711 [318f8cfb-a2bd-4d9d-9aa9-de47c092d73d@group-7BC219FCF9F7-LeaderElection73] INFO  impl.LeaderElection (LogUtils.java:infoOrTrace(149)) -   Exception 0: {}
java.util.concurrent.ExecutionException: org.apache.ratis.thirdparty.io.grpc.StatusRuntimeException: UNAVAILABLE: io exception
	at java.util.concurrent.FutureTask.report(FutureTask.java:122)
	at java.util.concurrent.FutureTask.get(FutureTask.java:192)
	at org.apache.ratis.server.impl.LeaderElection.waitForResults(LeaderElection.java:259)
	at org.apache.ratis.server.impl.LeaderElection.askForVotes(LeaderElection.java:197)
	at org.apache.ratis.server.impl.LeaderElection.run(LeaderElection.java:133)
	at java.lang.Thread.run(Thread.java:748)
Caused by: org.apache.ratis.thirdparty.io.grpc.StatusRuntimeException: UNAVAILABLE: io exception
	at org.apache.ratis.thirdparty.io.grpc.stub.ClientCalls.toStatusRuntimeException(ClientCalls.java:233)
	at org.apache.ratis.thirdparty.io.grpc.stub.ClientCalls.getUnchecked(ClientCalls.java:214)
	at org.apache.ratis.thirdparty.io.grpc.stub.ClientCalls.blockingUnaryCall(ClientCalls.java:139)
	at org.apache.ratis.proto.grpc.RaftServerProtocolServiceGrpc$RaftServerProtocolServiceBlockingStub.requestVote(RaftServerProtocolServiceGrpc.java:265)
	at org.apache.ratis.grpc.server.GrpcServerProtocolClient.requestVote(GrpcServerProtocolClient.java:99)
	at org.apache.ratis.grpc.server.GrpcService.requestVote(GrpcService.java:204)
	at org.apache.ratis.server.impl.LeaderElection.lambda$submitRequests$1(LeaderElection.java:234)
	at java.util.concurrent.FutureTask.run(FutureTask.java:266)
	at java.util.concurrent.Executors$RunnableAdapter.call(Executors.java:511)
	at java.util.concurrent.FutureTask.run(FutureTask.java:266)
	at java.util.concurrent.ThreadPoolExecutor.runWorker(ThreadPoolExecutor.java:1149)
	at java.util.concurrent.ThreadPoolExecutor$Worker.run(ThreadPoolExecutor.java:624)
	... 1 more
Caused by: org.apache.ratis.thirdparty.io.netty.channel.AbstractChannel$AnnotatedConnectException: Connection refused: /192.168.151.107:43410
	at sun.nio.ch.SocketChannelImpl.checkConnect(Native Method)
	at sun.nio.ch.SocketChannelImpl.finishConnect(SocketChannelImpl.java:717)
	at org.apache.ratis.thirdparty.io.netty.channel.socket.nio.NioSocketChannel.doFinishConnect(NioSocketChannel.java:327)
	at org.apache.ratis.thirdparty.io.netty.channel.nio.AbstractNioChannel$AbstractNioUnsafe.finishConnect(AbstractNioChannel.java:340)
	at org.apache.ratis.thirdparty.io.netty.channel.nio.NioEventLoop.processSelectedKey(NioEventLoop.java:632)
	at org.apache.ratis.thirdparty.io.netty.channel.nio.NioEventLoop.processSelectedKeysOptimized(NioEventLoop.java:579)
	at org.apache.ratis.thirdparty.io.netty.channel.nio.NioEventLoop.processSelectedKeys(NioEventLoop.java:496)
	at org.apache.ratis.thirdparty.io.netty.channel.nio.NioEventLoop.run(NioEventLoop.java:458)
	at org.apache.ratis.thirdparty.io.netty.util.concurrent.SingleThreadEventExecutor$5.run(SingleThreadEventExecutor.java:897)
	at org.apache.ratis.thirdparty.io.netty.util.concurrent.FastThreadLocalRunnable.run(FastThreadLocalRunnable.java:30)
	... 1 more
Caused by: java.net.ConnectException: Connection refused
	... 11 more
2019-10-14 12:44:00,711 [f415a011-bf04-42a9-bfe4-a2c91d6dceb5@group-7BC219FCF9F7-LeaderElection72] INFO  impl.LeaderElection (LeaderElection.java:logAndReturn(56)) - f415a011-bf04-42a9-bfe4-a2c91d6dceb5@group-7BC219FCF9F7-LeaderElection72: Election REJECTED; received 1 response(s) [f415a011-bf04-42a9-bfe4-a2c91d6dceb5<-318f8cfb-a2bd-4d9d-9aa9-de47c092d73d#0:FAIL-t3] and 1 exception(s); f415a011-bf04-42a9-bfe4-a2c91d6dceb5@group-7BC219FCF9F7:t3, leader=null, voted=f415a011-bf04-42a9-bfe4-a2c91d6dceb5, raftlog=f415a011-bf04-42a9-bfe4-a2c91d6dceb5@group-7BC219FCF9F7-SegmentedRaftLog:OPENED:c16,f16,i16, conf=0: [f415a011-bf04-42a9-bfe4-a2c91d6dceb5:192.168.151.107:42142, 94b64f22-133c-45ad-ad28-450bbaa44dd0:192.168.151.107:43410, 318f8cfb-a2bd-4d9d-9aa9-de47c092d73d:192.168.151.107:44952], old=null
2019-10-14 12:44:00,711 [318f8cfb-a2bd-4d9d-9aa9-de47c092d73d@group-7BC219FCF9F7-LeaderElection73] INFO  impl.RaftServerImpl (RaftServerImpl.java:setRole(170)) - 318f8cfb-a2bd-4d9d-9aa9-de47c092d73d@group-7BC219FCF9F7: changes role from CANDIDATE to FOLLOWER at term 3 for DISCOVERED_A_NEW_TERM
2019-10-14 12:44:00,714 [f415a011-bf04-42a9-bfe4-a2c91d6dceb5@group-7BC219FCF9F7-LeaderElection72] INFO  impl.LeaderElection (LogUtils.java:infoOrTrace(149)) -   Exception 0: {}
java.util.concurrent.ExecutionException: org.apache.ratis.thirdparty.io.grpc.StatusRuntimeException: UNAVAILABLE: io exception
	at java.util.concurrent.FutureTask.report(FutureTask.java:122)
	at java.util.concurrent.FutureTask.get(FutureTask.java:192)
	at org.apache.ratis.server.impl.LeaderElection.waitForResults(LeaderElection.java:259)
	at org.apache.ratis.server.impl.LeaderElection.askForVotes(LeaderElection.java:197)
	at org.apache.ratis.server.impl.LeaderElection.run(LeaderElection.java:133)
	at java.lang.Thread.run(Thread.java:748)
Caused by: org.apache.ratis.thirdparty.io.grpc.StatusRuntimeException: UNAVAILABLE: io exception
	at org.apache.ratis.thirdparty.io.grpc.stub.ClientCalls.toStatusRuntimeException(ClientCalls.java:233)
	at org.apache.ratis.thirdparty.io.grpc.stub.ClientCalls.getUnchecked(ClientCalls.java:214)
	at org.apache.ratis.thirdparty.io.grpc.stub.ClientCalls.blockingUnaryCall(ClientCalls.java:139)
	at org.apache.ratis.proto.grpc.RaftServerProtocolServiceGrpc$RaftServerProtocolServiceBlockingStub.requestVote(RaftServerProtocolServiceGrpc.java:265)
	at org.apache.ratis.grpc.server.GrpcServerProtocolClient.requestVote(GrpcServerProtocolClient.java:99)
	at org.apache.ratis.grpc.server.GrpcService.requestVote(GrpcService.java:204)
	at org.apache.ratis.server.impl.LeaderElection.lambda$submitRequests$1(LeaderElection.java:234)
	at java.util.concurrent.FutureTask.run(FutureTask.java:266)
	at java.util.concurrent.Executors$RunnableAdapter.call(Executors.java:511)
	at java.util.concurrent.FutureTask.run(FutureTask.java:266)
	at java.util.concurrent.ThreadPoolExecutor.runWorker(ThreadPoolExecutor.java:1149)
	at java.util.concurrent.ThreadPoolExecutor$Worker.run(ThreadPoolExecutor.java:624)
	... 1 more
Caused by: org.apache.ratis.thirdparty.io.netty.channel.AbstractChannel$AnnotatedConnectException: Connection refused: /192.168.151.107:43410
	at sun.nio.ch.SocketChannelImpl.checkConnect(Native Method)
	at sun.nio.ch.SocketChannelImpl.finishConnect(SocketChannelImpl.java:717)
	at org.apache.ratis.thirdparty.io.netty.channel.socket.nio.NioSocketChannel.doFinishConnect(NioSocketChannel.java:327)
	at org.apache.ratis.thirdparty.io.netty.channel.nio.AbstractNioChannel$AbstractNioUnsafe.finishConnect(AbstractNioChannel.java:340)
	at org.apache.ratis.thirdparty.io.netty.channel.nio.NioEventLoop.processSelectedKey(NioEventLoop.java:632)
	at org.apache.ratis.thirdparty.io.netty.channel.nio.NioEventLoop.processSelectedKeysOptimized(NioEventLoop.java:579)
	at org.apache.ratis.thirdparty.io.netty.channel.nio.NioEventLoop.processSelectedKeys(NioEventLoop.java:496)
	at org.apache.ratis.thirdparty.io.netty.channel.nio.NioEventLoop.run(NioEventLoop.java:458)
	at org.apache.ratis.thirdparty.io.netty.util.concurrent.SingleThreadEventExecutor$5.run(SingleThreadEventExecutor.java:897)
	at org.apache.ratis.thirdparty.io.netty.util.concurrent.FastThreadLocalRunnable.run(FastThreadLocalRunnable.java:30)
	... 1 more
Caused by: java.net.ConnectException: Connection refused
	... 11 more
2019-10-14 12:44:00,714 [318f8cfb-a2bd-4d9d-9aa9-de47c092d73d@group-7BC219FCF9F7-LeaderElection73] INFO  impl.RoleInfo (RoleInfo.java:shutdownLeaderElection(134)) - 318f8cfb-a2bd-4d9d-9aa9-de47c092d73d: shutdown LeaderElection
2019-10-14 12:44:00,717 [f415a011-bf04-42a9-bfe4-a2c91d6dceb5@group-7BC219FCF9F7-LeaderElection72] INFO  impl.RaftServerImpl (RaftServerImpl.java:setRole(170)) - f415a011-bf04-42a9-bfe4-a2c91d6dceb5@group-7BC219FCF9F7: changes role from CANDIDATE to FOLLOWER at term 3 for DISCOVERED_A_NEW_TERM
2019-10-14 12:44:00,717 [318f8cfb-a2bd-4d9d-9aa9-de47c092d73d@group-7BC219FCF9F7-LeaderElection73] INFO  impl.RoleInfo (RoleInfo.java:updateAndGet(143)) - 318f8cfb-a2bd-4d9d-9aa9-de47c092d73d: start FollowerState
2019-10-14 12:44:00,717 [f415a011-bf04-42a9-bfe4-a2c91d6dceb5@group-7BC219FCF9F7-LeaderElection72] INFO  impl.RoleInfo (RoleInfo.java:shutdownLeaderElection(134)) - f415a011-bf04-42a9-bfe4-a2c91d6dceb5: shutdown LeaderElection
2019-10-14 12:44:00,718 [f415a011-bf04-42a9-bfe4-a2c91d6dceb5@group-7BC219FCF9F7-LeaderElection72] INFO  impl.RoleInfo (RoleInfo.java:updateAndGet(143)) - f415a011-bf04-42a9-bfe4-a2c91d6dceb5: start FollowerState
2019-10-14 12:44:05,769 [Thread-3261] INFO  impl.FollowerState (FollowerState.java:run(108)) - f415a011-bf04-42a9-bfe4-a2c91d6dceb5@group-7BC219FCF9F7-FollowerState: change to CANDIDATE, lastRpcTime:5051ms, electionTimeout:5051ms
2019-10-14 12:44:05,769 [Thread-3261] INFO  impl.RoleInfo (RoleInfo.java:shutdownFollowerState(121)) - f415a011-bf04-42a9-bfe4-a2c91d6dceb5: shutdown FollowerState
2019-10-14 12:44:05,770 [Thread-3261] INFO  impl.RaftServerImpl (RaftServerImpl.java:setRole(170)) - f415a011-bf04-42a9-bfe4-a2c91d6dceb5@group-7BC219FCF9F7: changes role from  FOLLOWER to CANDIDATE at term 3 for changeToCandidate
2019-10-14 12:44:05,770 [Thread-3261] INFO  impl.RoleInfo (RoleInfo.java:updateAndGet(143)) - f415a011-bf04-42a9-bfe4-a2c91d6dceb5: start LeaderElection
2019-10-14 12:44:05,791 [f415a011-bf04-42a9-bfe4-a2c91d6dceb5@group-7BC219FCF9F7-LeaderElection74] INFO  impl.LeaderElection (LeaderElection.java:askForVotes(178)) - f415a011-bf04-42a9-bfe4-a2c91d6dceb5@group-7BC219FCF9F7-LeaderElection74: begin an election at term 4 for 0: [f415a011-bf04-42a9-bfe4-a2c91d6dceb5:192.168.151.107:42142, 94b64f22-133c-45ad-ad28-450bbaa44dd0:192.168.151.107:43410, 318f8cfb-a2bd-4d9d-9aa9-de47c092d73d:192.168.151.107:44952], old=null
2019-10-14 12:44:05,793 [f415a011-bf04-42a9-bfe4-a2c91d6dceb5@group-7BC219FCF9F7-LeaderElection74] INFO  impl.LeaderElection (LogUtils.java:infoOrTrace(149)) - f415a011-bf04-42a9-bfe4-a2c91d6dceb5@group-7BC219FCF9F7-LeaderElection74 got exception when requesting votes: {}
java.util.concurrent.ExecutionException: org.apache.ratis.thirdparty.io.grpc.StatusRuntimeException: UNAVAILABLE: io exception
	at java.util.concurrent.FutureTask.report(FutureTask.java:122)
	at java.util.concurrent.FutureTask.get(FutureTask.java:192)
	at org.apache.ratis.server.impl.LeaderElection.waitForResults(LeaderElection.java:259)
	at org.apache.ratis.server.impl.LeaderElection.askForVotes(LeaderElection.java:197)
	at org.apache.ratis.server.impl.LeaderElection.run(LeaderElection.java:133)
	at java.lang.Thread.run(Thread.java:748)
Caused by: org.apache.ratis.thirdparty.io.grpc.StatusRuntimeException: UNAVAILABLE: io exception
	at org.apache.ratis.thirdparty.io.grpc.stub.ClientCalls.toStatusRuntimeException(ClientCalls.java:233)
	at org.apache.ratis.thirdparty.io.grpc.stub.ClientCalls.getUnchecked(ClientCalls.java:214)
	at org.apache.ratis.thirdparty.io.grpc.stub.ClientCalls.blockingUnaryCall(ClientCalls.java:139)
	at org.apache.ratis.proto.grpc.RaftServerProtocolServiceGrpc$RaftServerProtocolServiceBlockingStub.requestVote(RaftServerProtocolServiceGrpc.java:265)
	at org.apache.ratis.grpc.server.GrpcServerProtocolClient.requestVote(GrpcServerProtocolClient.java:99)
	at org.apache.ratis.grpc.server.GrpcService.requestVote(GrpcService.java:204)
	at org.apache.ratis.server.impl.LeaderElection.lambda$submitRequests$1(LeaderElection.java:234)
	at java.util.concurrent.FutureTask.run(FutureTask.java:266)
	at java.util.concurrent.Executors$RunnableAdapter.call(Executors.java:511)
	at java.util.concurrent.FutureTask.run(FutureTask.java:266)
	at java.util.concurrent.ThreadPoolExecutor.runWorker(ThreadPoolExecutor.java:1149)
	at java.util.concurrent.ThreadPoolExecutor$Worker.run(ThreadPoolExecutor.java:624)
	... 1 more
Caused by: org.apache.ratis.thirdparty.io.netty.channel.AbstractChannel$AnnotatedConnectException: Connection refused: /192.168.151.107:43410
	at sun.nio.ch.SocketChannelImpl.checkConnect(Native Method)
	at sun.nio.ch.SocketChannelImpl.finishConnect(SocketChannelImpl.java:717)
	at org.apache.ratis.thirdparty.io.netty.channel.socket.nio.NioSocketChannel.doFinishConnect(NioSocketChannel.java:327)
	at org.apache.ratis.thirdparty.io.netty.channel.nio.AbstractNioChannel$AbstractNioUnsafe.finishConnect(AbstractNioChannel.java:340)
	at org.apache.ratis.thirdparty.io.netty.channel.nio.NioEventLoop.processSelectedKey(NioEventLoop.java:632)
	at org.apache.ratis.thirdparty.io.netty.channel.nio.NioEventLoop.processSelectedKeysOptimized(NioEventLoop.java:579)
	at org.apache.ratis.thirdparty.io.netty.channel.nio.NioEventLoop.processSelectedKeys(NioEventLoop.java:496)
	at org.apache.ratis.thirdparty.io.netty.channel.nio.NioEventLoop.run(NioEventLoop.java:458)
	at org.apache.ratis.thirdparty.io.netty.util.concurrent.SingleThreadEventExecutor$5.run(SingleThreadEventExecutor.java:897)
	at org.apache.ratis.thirdparty.io.netty.util.concurrent.FastThreadLocalRunnable.run(FastThreadLocalRunnable.java:30)
	... 1 more
Caused by: java.net.ConnectException: Connection refused
	... 11 more
2019-10-14 12:44:05,798 [grpc-default-executor-9] INFO  impl.RaftServerImpl (RaftServerImpl.java:setRole(170)) - 318f8cfb-a2bd-4d9d-9aa9-de47c092d73d@group-7BC219FCF9F7: changes role from  FOLLOWER to FOLLOWER at term 4 for recognizeCandidate:f415a011-bf04-42a9-bfe4-a2c91d6dceb5
2019-10-14 12:44:05,799 [grpc-default-executor-9] INFO  impl.RoleInfo (RoleInfo.java:shutdownFollowerState(121)) - 318f8cfb-a2bd-4d9d-9aa9-de47c092d73d: shutdown FollowerState
2019-10-14 12:44:05,799 [grpc-default-executor-9] INFO  impl.RoleInfo (RoleInfo.java:updateAndGet(143)) - 318f8cfb-a2bd-4d9d-9aa9-de47c092d73d: start FollowerState
2019-10-14 12:44:05,799 [Thread-3260] INFO  impl.FollowerState (FollowerState.java:run(117)) - 318f8cfb-a2bd-4d9d-9aa9-de47c092d73d@group-7BC219FCF9F7-FollowerState was interrupted: java.lang.InterruptedException: sleep interrupted
2019-10-14 12:44:05,832 [f415a011-bf04-42a9-bfe4-a2c91d6dceb5@group-7BC219FCF9F7-LeaderElection74] INFO  impl.LeaderElection (LeaderElection.java:logAndReturn(56)) - f415a011-bf04-42a9-bfe4-a2c91d6dceb5@group-7BC219FCF9F7-LeaderElection74: Election PASSED; received 1 response(s) [f415a011-bf04-42a9-bfe4-a2c91d6dceb5<-318f8cfb-a2bd-4d9d-9aa9-de47c092d73d#0:OK-t4] and 1 exception(s); f415a011-bf04-42a9-bfe4-a2c91d6dceb5@group-7BC219FCF9F7:t4, leader=null, voted=f415a011-bf04-42a9-bfe4-a2c91d6dceb5, raftlog=f415a011-bf04-42a9-bfe4-a2c91d6dceb5@group-7BC219FCF9F7-SegmentedRaftLog:OPENED:c16,f16,i16, conf=0: [f415a011-bf04-42a9-bfe4-a2c91d6dceb5:192.168.151.107:42142, 94b64f22-133c-45ad-ad28-450bbaa44dd0:192.168.151.107:43410, 318f8cfb-a2bd-4d9d-9aa9-de47c092d73d:192.168.151.107:44952], old=null
2019-10-14 12:44:05,833 [f415a011-bf04-42a9-bfe4-a2c91d6dceb5@group-7BC219FCF9F7-LeaderElection74] INFO  impl.LeaderElection (LogUtils.java:infoOrTrace(149)) -   Exception 0: {}
java.util.concurrent.ExecutionException: org.apache.ratis.thirdparty.io.grpc.StatusRuntimeException: UNAVAILABLE: io exception
	at java.util.concurrent.FutureTask.report(FutureTask.java:122)
	at java.util.concurrent.FutureTask.get(FutureTask.java:192)
	at org.apache.ratis.server.impl.LeaderElection.waitForResults(LeaderElection.java:259)
	at org.apache.ratis.server.impl.LeaderElection.askForVotes(LeaderElection.java:197)
	at org.apache.ratis.server.impl.LeaderElection.run(LeaderElection.java:133)
	at java.lang.Thread.run(Thread.java:748)
Caused by: org.apache.ratis.thirdparty.io.grpc.StatusRuntimeException: UNAVAILABLE: io exception
	at org.apache.ratis.thirdparty.io.grpc.stub.ClientCalls.toStatusRuntimeException(ClientCalls.java:233)
	at org.apache.ratis.thirdparty.io.grpc.stub.ClientCalls.getUnchecked(ClientCalls.java:214)
	at org.apache.ratis.thirdparty.io.grpc.stub.ClientCalls.blockingUnaryCall(ClientCalls.java:139)
	at org.apache.ratis.proto.grpc.RaftServerProtocolServiceGrpc$RaftServerProtocolServiceBlockingStub.requestVote(RaftServerProtocolServiceGrpc.java:265)
	at org.apache.ratis.grpc.server.GrpcServerProtocolClient.requestVote(GrpcServerProtocolClient.java:99)
	at org.apache.ratis.grpc.server.GrpcService.requestVote(GrpcService.java:204)
	at org.apache.ratis.server.impl.LeaderElection.lambda$submitRequests$1(LeaderElection.java:234)
	at java.util.concurrent.FutureTask.run(FutureTask.java:266)
	at java.util.concurrent.Executors$RunnableAdapter.call(Executors.java:511)
	at java.util.concurrent.FutureTask.run(FutureTask.java:266)
	at java.util.concurrent.ThreadPoolExecutor.runWorker(ThreadPoolExecutor.java:1149)
	at java.util.concurrent.ThreadPoolExecutor$Worker.run(ThreadPoolExecutor.java:624)
	... 1 more
Caused by: org.apache.ratis.thirdparty.io.netty.channel.AbstractChannel$AnnotatedConnectException: Connection refused: /192.168.151.107:43410
	at sun.nio.ch.SocketChannelImpl.checkConnect(Native Method)
	at sun.nio.ch.SocketChannelImpl.finishConnect(SocketChannelImpl.java:717)
	at org.apache.ratis.thirdparty.io.netty.channel.socket.nio.NioSocketChannel.doFinishConnect(NioSocketChannel.java:327)
	at org.apache.ratis.thirdparty.io.netty.channel.nio.AbstractNioChannel$AbstractNioUnsafe.finishConnect(AbstractNioChannel.java:340)
	at org.apache.ratis.thirdparty.io.netty.channel.nio.NioEventLoop.processSelectedKey(NioEventLoop.java:632)
	at org.apache.ratis.thirdparty.io.netty.channel.nio.NioEventLoop.processSelectedKeysOptimized(NioEventLoop.java:579)
	at org.apache.ratis.thirdparty.io.netty.channel.nio.NioEventLoop.processSelectedKeys(NioEventLoop.java:496)
	at org.apache.ratis.thirdparty.io.netty.channel.nio.NioEventLoop.run(NioEventLoop.java:458)
	at org.apache.ratis.thirdparty.io.netty.util.concurrent.SingleThreadEventExecutor$5.run(SingleThreadEventExecutor.java:897)
	at org.apache.ratis.thirdparty.io.netty.util.concurrent.FastThreadLocalRunnable.run(FastThreadLocalRunnable.java:30)
	... 1 more
Caused by: java.net.ConnectException: Connection refused
	... 11 more
2019-10-14 12:44:05,833 [f415a011-bf04-42a9-bfe4-a2c91d6dceb5@group-7BC219FCF9F7-LeaderElection74] INFO  impl.RoleInfo (RoleInfo.java:shutdownLeaderElection(134)) - f415a011-bf04-42a9-bfe4-a2c91d6dceb5: shutdown LeaderElection
2019-10-14 12:44:05,833 [f415a011-bf04-42a9-bfe4-a2c91d6dceb5@group-7BC219FCF9F7-LeaderElection74] INFO  impl.RaftServerImpl (RaftServerImpl.java:setRole(170)) - f415a011-bf04-42a9-bfe4-a2c91d6dceb5@group-7BC219FCF9F7: changes role from CANDIDATE to LEADER at term 4 for changeToLeader
2019-10-14 12:44:05,834 [f415a011-bf04-42a9-bfe4-a2c91d6dceb5@group-7BC219FCF9F7-LeaderElection74] INFO  impl.RaftServerImpl (ServerState.java:setLeader(255)) - f415a011-bf04-42a9-bfe4-a2c91d6dceb5@group-7BC219FCF9F7: change Leader from null to f415a011-bf04-42a9-bfe4-a2c91d6dceb5 at term 4 for becomeLeader, leader elected after 10381ms
2019-10-14 12:44:05,834 [f415a011-bf04-42a9-bfe4-a2c91d6dceb5@group-7BC219FCF9F7-LeaderElection74] INFO  server.RaftServerConfigKeys (ConfUtils.java:logGet(43)) - raft.server.staging.catchup.gap = 1000 (default)
2019-10-14 12:44:05,834 [f415a011-bf04-42a9-bfe4-a2c91d6dceb5@group-7BC219FCF9F7-LeaderElection74] INFO  server.RaftServerConfigKeys (ConfUtils.java:logGet(43)) - raft.server.rpc.sleep.time = 25ms (default)
2019-10-14 12:44:05,835 [f415a011-bf04-42a9-bfe4-a2c91d6dceb5@group-7BC219FCF9F7-LeaderElection74] INFO  server.RaftServerConfigKeys (ConfUtils.java:logGet(43)) - raft.server.write.element-limit = 4096 (default)
2019-10-14 12:44:05,835 [f415a011-bf04-42a9-bfe4-a2c91d6dceb5@group-7BC219FCF9F7-LeaderElection74] INFO  server.RaftServerConfigKeys (ConfUtils.java:logGet(43)) - raft.server.watch.timeout = 10s (default)
2019-10-14 12:44:05,835 [f415a011-bf04-42a9-bfe4-a2c91d6dceb5@group-7BC219FCF9F7-LeaderElection74] INFO  server.RaftServerConfigKeys (ConfUtils.java:logGet(43)) - raft.server.watch.timeout.denomination = 1s (default)
2019-10-14 12:44:05,835 [f415a011-bf04-42a9-bfe4-a2c91d6dceb5@group-7BC219FCF9F7-LeaderElection74] INFO  server.RaftServerConfigKeys (ConfUtils.java:logGet(43)) - raft.server.watch.element-limit = 65536 (default)
2019-10-14 12:44:05,839 [f415a011-bf04-42a9-bfe4-a2c91d6dceb5@group-7BC219FCF9F7-LeaderElection74] INFO  server.RaftServerConfigKeys (ConfUtils.java:logGet(43)) - raft.server.log.appender.snapshot.chunk.size.max = 16MB (=16777216) (default)
2019-10-14 12:44:05,839 [f415a011-bf04-42a9-bfe4-a2c91d6dceb5@group-7BC219FCF9F7-LeaderElection74] INFO  server.RaftServerConfigKeys (ConfUtils.java:logGet(43)) - raft.server.log.appender.buffer.byte-limit = 33554432 (custom)
2019-10-14 12:44:05,840 [f415a011-bf04-42a9-bfe4-a2c91d6dceb5@group-7BC219FCF9F7-LeaderElection74] INFO  server.RaftServerConfigKeys (ConfUtils.java:logGet(43)) - raft.server.log.appender.buffer.element-limit = 1 (custom)
2019-10-14 12:44:05,840 [f415a011-bf04-42a9-bfe4-a2c91d6dceb5@group-7BC219FCF9F7-LeaderElection74] INFO  grpc.GrpcConfigKeys$Server (ConfUtils.java:logGet(43)) - raft.grpc.server.leader.outstanding.appends.max = 128 (default)
2019-10-14 12:44:05,840 [f415a011-bf04-42a9-bfe4-a2c91d6dceb5@group-7BC219FCF9F7-LeaderElection74] INFO  server.RaftServerConfigKeys (ConfUtils.java:logGet(43)) - raft.server.rpc.request.timeout = 3000ms (default)
2019-10-14 12:44:05,840 [f415a011-bf04-42a9-bfe4-a2c91d6dceb5@group-7BC219FCF9F7-LeaderElection74] INFO  server.RaftServerConfigKeys (ConfUtils.java:logGet(43)) - raft.server.log.appender.install.snapshot.enabled = false (custom)
2019-10-14 12:44:05,841 [f415a011-bf04-42a9-bfe4-a2c91d6dceb5@group-7BC219FCF9F7-LeaderElection74] INFO  server.RaftServerConfigKeys (ConfUtils.java:logGet(43)) - raft.server.log.appender.snapshot.chunk.size.max = 16MB (=16777216) (default)
2019-10-14 12:44:05,841 [f415a011-bf04-42a9-bfe4-a2c91d6dceb5@group-7BC219FCF9F7-LeaderElection74] INFO  server.RaftServerConfigKeys (ConfUtils.java:logGet(43)) - raft.server.log.appender.buffer.byte-limit = 33554432 (custom)
2019-10-14 12:44:05,841 [f415a011-bf04-42a9-bfe4-a2c91d6dceb5@group-7BC219FCF9F7-LeaderElection74] INFO  server.RaftServerConfigKeys (ConfUtils.java:logGet(43)) - raft.server.log.appender.buffer.element-limit = 1 (custom)
2019-10-14 12:44:05,841 [f415a011-bf04-42a9-bfe4-a2c91d6dceb5@group-7BC219FCF9F7-LeaderElection74] INFO  grpc.GrpcConfigKeys$Server (ConfUtils.java:logGet(43)) - raft.grpc.server.leader.outstanding.appends.max = 128 (default)
2019-10-14 12:44:05,842 [f415a011-bf04-42a9-bfe4-a2c91d6dceb5@group-7BC219FCF9F7-LeaderElection74] INFO  server.RaftServerConfigKeys (ConfUtils.java:logGet(43)) - raft.server.rpc.request.timeout = 3000ms (default)
2019-10-14 12:44:05,842 [f415a011-bf04-42a9-bfe4-a2c91d6dceb5@group-7BC219FCF9F7-LeaderElection74] INFO  server.RaftServerConfigKeys (ConfUtils.java:logGet(43)) - raft.server.log.appender.install.snapshot.enabled = false (custom)
2019-10-14 12:44:05,842 [f415a011-bf04-42a9-bfe4-a2c91d6dceb5@group-7BC219FCF9F7-LeaderElection74] INFO  impl.RoleInfo (RoleInfo.java:updateAndGet(143)) - f415a011-bf04-42a9-bfe4-a2c91d6dceb5: start LeaderState
2019-10-14 12:44:05,843 [f415a011-bf04-42a9-bfe4-a2c91d6dceb5@group-7BC219FCF9F7-LeaderElection74] INFO  segmented.SegmentedRaftLogWorker (SegmentedRaftLogWorker.java:rollLogSegment(390)) - f415a011-bf04-42a9-bfe4-a2c91d6dceb5@group-7BC219FCF9F7-SegmentedRaftLogWorker: Rolling segment log-0_16 to index:16
2019-10-14 12:44:05,844 [f415a011-bf04-42a9-bfe4-a2c91d6dceb5@group-7BC219FCF9F7-LeaderElection74] INFO  impl.RaftServerImpl (ServerState.java:setRaftConf(356)) - f415a011-bf04-42a9-bfe4-a2c91d6dceb5@group-7BC219FCF9F7: set configuration 17: [f415a011-bf04-42a9-bfe4-a2c91d6dceb5:192.168.151.107:42142, 94b64f22-133c-45ad-ad28-450bbaa44dd0:192.168.151.107:43410, 318f8cfb-a2bd-4d9d-9aa9-de47c092d73d:192.168.151.107:44952], old=null at 17
2019-10-14 12:44:05,844 [f415a011-bf04-42a9-bfe4-a2c91d6dceb5@group-7BC219FCF9F7-SegmentedRaftLogWorker] INFO  segmented.SegmentedRaftLogWorker (SegmentedRaftLogWorker.java:execute(531)) - f415a011-bf04-42a9-bfe4-a2c91d6dceb5@group-7BC219FCF9F7-SegmentedRaftLogWorker: Rolled log segment from /workdir/hadoop-ozone/integration-test/target/test-dir/MiniOzoneClusterImpl-5e97dea3-99a6-4a1a-83d8-52833a14f548/datanode-0/data/ratis/1e57068f-8c2c-4f58-a477-7bc219fcf9f7/current/log_inprogress_0 to /workdir/hadoop-ozone/integration-test/target/test-dir/MiniOzoneClusterImpl-5e97dea3-99a6-4a1a-83d8-52833a14f548/datanode-0/data/ratis/1e57068f-8c2c-4f58-a477-7bc219fcf9f7/current/log_0-16
2019-10-14 12:44:05,849 [grpc-default-executor-9] WARN  server.GrpcLogAppender (LogUtils.java:warn(134)) - f415a011-bf04-42a9-bfe4-a2c91d6dceb5@group-7BC219FCF9F7->94b64f22-133c-45ad-ad28-450bbaa44dd0-AppendLogResponseHandler: Failed appendEntries: org.apache.ratis.thirdparty.io.grpc.StatusRuntimeException: UNAVAILABLE: io exception
2019-10-14 12:44:05,850 [grpc-default-executor-9] INFO  impl.FollowerInfo (FollowerInfo.java:lambda$new$0(51)) - f415a011-bf04-42a9-bfe4-a2c91d6dceb5@group-7BC219FCF9F7->94b64f22-133c-45ad-ad28-450bbaa44dd0: nextIndex: updateUnconditionally 17 -> 1
2019-10-14 12:44:05,850 [grpc-default-executor-1] INFO  impl.RaftServerImpl (ServerState.java:setLeader(255)) - 318f8cfb-a2bd-4d9d-9aa9-de47c092d73d@group-7BC219FCF9F7: change Leader from null to f415a011-bf04-42a9-bfe4-a2c91d6dceb5 at term 4 for appendEntries, leader elected after 10388ms
2019-10-14 12:44:05,886 [grpc-default-executor-9] INFO  impl.RaftServerImpl (ServerState.java:setRaftConf(356)) - 318f8cfb-a2bd-4d9d-9aa9-de47c092d73d@group-7BC219FCF9F7: set configuration 17: [f415a011-bf04-42a9-bfe4-a2c91d6dceb5:192.168.151.107:42142, 94b64f22-133c-45ad-ad28-450bbaa44dd0:192.168.151.107:43410, 318f8cfb-a2bd-4d9d-9aa9-de47c092d73d:192.168.151.107:44952], old=null at 17
2019-10-14 12:44:05,887 [grpc-default-executor-9] INFO  segmented.SegmentedRaftLogWorker (SegmentedRaftLogWorker.java:rollLogSegment(390)) - 318f8cfb-a2bd-4d9d-9aa9-de47c092d73d@group-7BC219FCF9F7-SegmentedRaftLogWorker: Rolling segment log-0_16 to index:16
2019-10-14 12:44:05,887 [318f8cfb-a2bd-4d9d-9aa9-de47c092d73d@group-7BC219FCF9F7-SegmentedRaftLogWorker] INFO  segmented.SegmentedRaftLogWorker (SegmentedRaftLogWorker.java:execute(531)) - 318f8cfb-a2bd-4d9d-9aa9-de47c092d73d@group-7BC219FCF9F7-SegmentedRaftLogWorker: Rolled log segment from /workdir/hadoop-ozone/integration-test/target/test-dir/MiniOzoneClusterImpl-5e97dea3-99a6-4a1a-83d8-52833a14f548/datanode-1/data/ratis/1e57068f-8c2c-4f58-a477-7bc219fcf9f7/current/log_inprogress_0 to /workdir/hadoop-ozone/integration-test/target/test-dir/MiniOzoneClusterImpl-5e97dea3-99a6-4a1a-83d8-52833a14f548/datanode-1/data/ratis/1e57068f-8c2c-4f58-a477-7bc219fcf9f7/current/log_0-16
2019-10-14 12:44:05,908 [f415a011-bf04-42a9-bfe4-a2c91d6dceb5@group-7BC219FCF9F7-SegmentedRaftLogWorker] INFO  segmented.SegmentedRaftLogWorker (SegmentedRaftLogWorker.java:execute(574)) - f415a011-bf04-42a9-bfe4-a2c91d6dceb5@group-7BC219FCF9F7-SegmentedRaftLogWorker: created new log segment /workdir/hadoop-ozone/integration-test/target/test-dir/MiniOzoneClusterImpl-5e97dea3-99a6-4a1a-83d8-52833a14f548/datanode-0/data/ratis/1e57068f-8c2c-4f58-a477-7bc219fcf9f7/current/log_inprogress_17
2019-10-14 12:44:05,933 [318f8cfb-a2bd-4d9d-9aa9-de47c092d73d@group-7BC219FCF9F7-SegmentedRaftLogWorker] INFO  segmented.SegmentedRaftLogWorker (SegmentedRaftLogWorker.java:execute(574)) - 318f8cfb-a2bd-4d9d-9aa9-de47c092d73d@group-7BC219FCF9F7-SegmentedRaftLogWorker: created new log segment /workdir/hadoop-ozone/integration-test/target/test-dir/MiniOzoneClusterImpl-5e97dea3-99a6-4a1a-83d8-52833a14f548/datanode-1/data/ratis/1e57068f-8c2c-4f58-a477-7bc219fcf9f7/current/log_inprogress_17
2019-10-14 12:44:05,960 [grpc-default-executor-9] WARN  server.GrpcLogAppender (LogUtils.java:warn(134)) - f415a011-bf04-42a9-bfe4-a2c91d6dceb5@group-7BC219FCF9F7->94b64f22-133c-45ad-ad28-450bbaa44dd0-AppendLogResponseHandler: Failed appendEntries: org.apache.ratis.thirdparty.io.grpc.StatusRuntimeException: UNAVAILABLE: io exception
2019-10-14 12:44:05,961 [grpc-default-executor-9] INFO  impl.FollowerInfo (FollowerInfo.java:lambda$new$0(51)) - f415a011-bf04-42a9-bfe4-a2c91d6dceb5@group-7BC219FCF9F7->94b64f22-133c-45ad-ad28-450bbaa44dd0: nextIndex: updateUnconditionally 2 -> 1
2019-10-14 12:44:05,995 [grpc-default-executor-9] WARN  server.GrpcLogAppender (LogUtils.java:warn(134)) - f415a011-bf04-42a9-bfe4-a2c91d6dceb5@group-7BC219FCF9F7->94b64f22-133c-45ad-ad28-450bbaa44dd0-AppendLogResponseHandler: Failed appendEntries: org.apache.ratis.thirdparty.io.grpc.StatusRuntimeException: UNAVAILABLE: io exception
2019-10-14 12:44:05,995 [grpc-default-executor-9] INFO  impl.FollowerInfo (FollowerInfo.java:lambda$new$0(51)) - f415a011-bf04-42a9-bfe4-a2c91d6dceb5@group-7BC219FCF9F7->94b64f22-133c-45ad-ad28-450bbaa44dd0: nextIndex: updateUnconditionally 2 -> 1
12:44:06.230 [grpc-default-executor-9] ERROR DNAudit - user=null | ip=null | op=WRITE_CHUNK {blockData=conID: 1 locID: 102960792621416461 bcsId: 14} | ret=FAILURE
org.apache.hadoop.hdds.scm.container.common.helpers.ContainerNotOpenException: Container 1 in CLOSING state
	at org.apache.hadoop.ozone.container.common.impl.HddsDispatcher.validateContainerCommand(HddsDispatcher.java:436) ~[hadoop-hdds-container-service-0.5.0-SNAPSHOT.jar:?]
	at org.apache.hadoop.ozone.container.common.transport.server.ratis.ContainerStateMachine.startTransaction(ContainerStateMachine.java:320) ~[hadoop-hdds-container-service-0.5.0-SNAPSHOT.jar:?]
	at org.apache.ratis.server.impl.RaftServerImpl.submitClientRequestAsync(RaftServerImpl.java:569) ~[ratis-server-0.5.0-201fc85-SNAPSHOT.jar:0.5.0-201fc85-SNAPSHOT]
	at org.apache.ratis.server.impl.RaftServerProxy.lambda$submitClientRequestAsync$7(RaftServerProxy.java:333) ~[ratis-server-0.5.0-201fc85-SNAPSHOT.jar:0.5.0-201fc85-SNAPSHOT]
	at org.apache.ratis.server.impl.RaftServerProxy.lambda$null$5(RaftServerProxy.java:328) ~[ratis-server-0.5.0-201fc85-SNAPSHOT.jar:0.5.0-201fc85-SNAPSHOT]
	at org.apache.ratis.util.JavaUtils.callAsUnchecked(JavaUtils.java:109) ~[ratis-common-0.5.0-201fc85-SNAPSHOT.jar:0.5.0-201fc85-SNAPSHOT]
	at org.apache.ratis.server.impl.RaftServerProxy.lambda$submitRequest$6(RaftServerProxy.java:328) ~[ratis-server-0.5.0-201fc85-SNAPSHOT.jar:0.5.0-201fc85-SNAPSHOT]
	at java.util.concurrent.CompletableFuture.uniComposeStage(CompletableFuture.java:981) ~[?:1.8.0_212]
	at java.util.concurrent.CompletableFuture.thenCompose(CompletableFuture.java:2124) ~[?:1.8.0_212]
	at org.apache.ratis.server.impl.RaftServerProxy.submitRequest(RaftServerProxy.java:327) ~[ratis-server-0.5.0-201fc85-SNAPSHOT.jar:0.5.0-201fc85-SNAPSHOT]
	at org.apache.ratis.server.impl.RaftServerProxy.submitClientRequestAsync(RaftServerProxy.java:333) ~[ratis-server-0.5.0-201fc85-SNAPSHOT.jar:0.5.0-201fc85-SNAPSHOT]
	at org.apache.ratis.grpc.client.GrpcClientProtocolService$RequestStreamObserver.processClientRequest(GrpcClientProtocolService.java:220) ~[ratis-grpc-0.5.0-201fc85-SNAPSHOT.jar:0.5.0-201fc85-SNAPSHOT]
	at org.apache.ratis.grpc.client.GrpcClientProtocolService$OrderedRequestStreamObserver.processClientRequest(GrpcClientProtocolService.java:326) ~[ratis-grpc-0.5.0-201fc85-SNAPSHOT.jar:0.5.0-201fc85-SNAPSHOT]
	at org.apache.ratis.util.SlidingWindow$Server.processRequestsFromHead(SlidingWindow.java:429) [ratis-common-0.5.0-201fc85-SNAPSHOT.jar:0.5.0-201fc85-SNAPSHOT]
	at org.apache.ratis.util.SlidingWindow$Server.receivedRequest(SlidingWindow.java:421) [ratis-common-0.5.0-201fc85-SNAPSHOT.jar:0.5.0-201fc85-SNAPSHOT]
	at org.apache.ratis.grpc.client.GrpcClientProtocolService$OrderedRequestStreamObserver.processClientRequest(GrpcClientProtocolService.java:345) [ratis-grpc-0.5.0-201fc85-SNAPSHOT.jar:0.5.0-201fc85-SNAPSHOT]
	at org.apache.ratis.grpc.client.GrpcClientProtocolService$RequestStreamObserver.onNext(GrpcClientProtocolService.java:240) [ratis-grpc-0.5.0-201fc85-SNAPSHOT.jar:0.5.0-201fc85-SNAPSHOT]
	at org.apache.ratis.grpc.client.GrpcClientProtocolService$RequestStreamObserver.onNext(GrpcClientProtocolService.java:168) [ratis-grpc-0.5.0-201fc85-SNAPSHOT.jar:0.5.0-201fc85-SNAPSHOT]
	at org.apache.ratis.thirdparty.io.grpc.stub.ServerCalls$StreamingServerCallHandler$StreamingServerCallListener.onMessage(ServerCalls.java:248) [ratis-thirdparty-misc-0.2.0.jar:0.2.0]
	at org.apache.ratis.thirdparty.io.grpc.internal.ServerCallImpl$ServerStreamListenerImpl.messagesAvailable(ServerCallImpl.java:263) [ratis-thirdparty-misc-0.2.0.jar:0.2.0]
	at org.apache.ratis.thirdparty.io.grpc.internal.ServerImpl$JumpToApplicationThreadServerStreamListener$1MessagesAvailable.runInContext(ServerImpl.java:686) [ratis-thirdparty-misc-0.2.0.jar:0.2.0]
	at org.apache.ratis.thirdparty.io.grpc.internal.ContextRunnable.run(ContextRunnable.java:37) [ratis-thirdparty-misc-0.2.0.jar:0.2.0]
	at org.apache.ratis.thirdparty.io.grpc.internal.SerializingExecutor.run(SerializingExecutor.java:123) [ratis-thirdparty-misc-0.2.0.jar:0.2.0]
	at java.util.concurrent.ThreadPoolExecutor.runWorker(ThreadPoolExecutor.java:1149) [?:1.8.0_212]
	at java.util.concurrent.ThreadPoolExecutor$Worker.run(ThreadPoolExecutor.java:624) [?:1.8.0_212]
	at java.lang.Thread.run(Thread.java:748) [?:1.8.0_212]
12:44:06.242 [grpc-default-executor-1] ERROR DNAudit - user=null | ip=null | op=WRITE_CHUNK {blockData=conID: 1 locID: 102960792621416461 bcsId: 14} | ret=FAILURE
org.apache.hadoop.hdds.scm.container.common.helpers.ContainerNotOpenException: Container 1 in CLOSING state
	at org.apache.hadoop.ozone.container.common.impl.HddsDispatcher.validateContainerCommand(HddsDispatcher.java:436) ~[hadoop-hdds-container-service-0.5.0-SNAPSHOT.jar:?]
	at org.apache.hadoop.ozone.container.common.transport.server.ratis.ContainerStateMachine.startTransaction(ContainerStateMachine.java:320) ~[hadoop-hdds-container-service-0.5.0-SNAPSHOT.jar:?]
	at org.apache.ratis.server.impl.RaftServerImpl.submitClientRequestAsync(RaftServerImpl.java:569) ~[ratis-server-0.5.0-201fc85-SNAPSHOT.jar:0.5.0-201fc85-SNAPSHOT]
	at org.apache.ratis.server.impl.RaftServerProxy.lambda$submitClientRequestAsync$7(RaftServerProxy.java:333) ~[ratis-server-0.5.0-201fc85-SNAPSHOT.jar:0.5.0-201fc85-SNAPSHOT]
	at org.apache.ratis.server.impl.RaftServerProxy.lambda$null$5(RaftServerProxy.java:328) ~[ratis-server-0.5.0-201fc85-SNAPSHOT.jar:0.5.0-201fc85-SNAPSHOT]
	at org.apache.ratis.util.JavaUtils.callAsUnchecked(JavaUtils.java:109) ~[ratis-common-0.5.0-201fc85-SNAPSHOT.jar:0.5.0-201fc85-SNAPSHOT]
	at org.apache.ratis.server.impl.RaftServerProxy.lambda$submitRequest$6(RaftServerProxy.java:328) ~[ratis-server-0.5.0-201fc85-SNAPSHOT.jar:0.5.0-201fc85-SNAPSHOT]
	at java.util.concurrent.CompletableFuture.uniComposeStage(CompletableFuture.java:981) ~[?:1.8.0_212]
	at java.util.concurrent.CompletableFuture.thenCompose(CompletableFuture.java:2124) ~[?:1.8.0_212]
	at org.apache.ratis.server.impl.RaftServerProxy.submitRequest(RaftServerProxy.java:327) ~[ratis-server-0.5.0-201fc85-SNAPSHOT.jar:0.5.0-201fc85-SNAPSHOT]
	at org.apache.ratis.server.impl.RaftServerProxy.submitClientRequestAsync(RaftServerProxy.java:333) ~[ratis-server-0.5.0-201fc85-SNAPSHOT.jar:0.5.0-201fc85-SNAPSHOT]
	at org.apache.ratis.grpc.client.GrpcClientProtocolService$RequestStreamObserver.processClientRequest(GrpcClientProtocolService.java:220) ~[ratis-grpc-0.5.0-201fc85-SNAPSHOT.jar:0.5.0-201fc85-SNAPSHOT]
	at org.apache.ratis.grpc.client.GrpcClientProtocolService$OrderedRequestStreamObserver.processClientRequest(GrpcClientProtocolService.java:326) ~[ratis-grpc-0.5.0-201fc85-SNAPSHOT.jar:0.5.0-201fc85-SNAPSHOT]
	at org.apache.ratis.util.SlidingWindow$Server.processRequestsFromHead(SlidingWindow.java:429) [ratis-common-0.5.0-201fc85-SNAPSHOT.jar:0.5.0-201fc85-SNAPSHOT]
	at org.apache.ratis.util.SlidingWindow$Server.receivedRequest(SlidingWindow.java:421) [ratis-common-0.5.0-201fc85-SNAPSHOT.jar:0.5.0-201fc85-SNAPSHOT]
	at org.apache.ratis.grpc.client.GrpcClientProtocolService$OrderedRequestStreamObserver.processClientRequest(GrpcClientProtocolService.java:345) [ratis-grpc-0.5.0-201fc85-SNAPSHOT.jar:0.5.0-201fc85-SNAPSHOT]
	at org.apache.ratis.grpc.client.GrpcClientProtocolService$RequestStreamObserver.onNext(GrpcClientProtocolService.java:240) [ratis-grpc-0.5.0-201fc85-SNAPSHOT.jar:0.5.0-201fc85-SNAPSHOT]
	at org.apache.ratis.grpc.client.GrpcClientProtocolService$RequestStreamObserver.onNext(GrpcClientProtocolService.java:168) [ratis-grpc-0.5.0-201fc85-SNAPSHOT.jar:0.5.0-201fc85-SNAPSHOT]
	at org.apache.ratis.thirdparty.io.grpc.stub.ServerCalls$StreamingServerCallHandler$StreamingServerCallListener.onMessage(ServerCalls.java:248) [ratis-thirdparty-misc-0.2.0.jar:0.2.0]
	at org.apache.ratis.thirdparty.io.grpc.internal.ServerCallImpl$ServerStreamListenerImpl.messagesAvailable(ServerCallImpl.java:263) [ratis-thirdparty-misc-0.2.0.jar:0.2.0]
	at org.apache.ratis.thirdparty.io.grpc.internal.ServerImpl$JumpToApplicationThreadServerStreamListener$1MessagesAvailable.runInContext(ServerImpl.java:686) [ratis-thirdparty-misc-0.2.0.jar:0.2.0]
	at org.apache.ratis.thirdparty.io.grpc.internal.ContextRunnable.run(ContextRunnable.java:37) [ratis-thirdparty-misc-0.2.0.jar:0.2.0]
	at org.apache.ratis.thirdparty.io.grpc.internal.SerializingExecutor.run(SerializingExecutor.java:123) [ratis-thirdparty-misc-0.2.0.jar:0.2.0]
	at java.util.concurrent.ThreadPoolExecutor.runWorker(ThreadPoolExecutor.java:1149) [?:1.8.0_212]
	at java.util.concurrent.ThreadPoolExecutor$Worker.run(ThreadPoolExecutor.java:624) [?:1.8.0_212]
	at java.lang.Thread.run(Thread.java:748) [?:1.8.0_212]
12:44:06.244 [grpc-default-executor-1] ERROR DNAudit - user=null | ip=null | op=PUT_BLOCK {blockData=[blockId=conID: 1 locID: 102960792621416461 bcsId: 0,size=650]} | ret=FAILURE
org.apache.hadoop.hdds.scm.container.common.helpers.ContainerNotOpenException: Container 1 in CLOSING state
	at org.apache.hadoop.ozone.container.common.impl.HddsDispatcher.validateContainerCommand(HddsDispatcher.java:436) ~[hadoop-hdds-container-service-0.5.0-SNAPSHOT.jar:?]
	at org.apache.hadoop.ozone.container.common.transport.server.ratis.ContainerStateMachine.startTransaction(ContainerStateMachine.java:320) ~[hadoop-hdds-container-service-0.5.0-SNAPSHOT.jar:?]
	at org.apache.ratis.server.impl.RaftServerImpl.submitClientRequestAsync(RaftServerImpl.java:569) ~[ratis-server-0.5.0-201fc85-SNAPSHOT.jar:0.5.0-201fc85-SNAPSHOT]
	at org.apache.ratis.server.impl.RaftServerProxy.lambda$submitClientRequestAsync$7(RaftServerProxy.java:333) ~[ratis-server-0.5.0-201fc85-SNAPSHOT.jar:0.5.0-201fc85-SNAPSHOT]
	at org.apache.ratis.server.impl.RaftServerProxy.lambda$null$5(RaftServerProxy.java:328) ~[ratis-server-0.5.0-201fc85-SNAPSHOT.jar:0.5.0-201fc85-SNAPSHOT]
	at org.apache.ratis.util.JavaUtils.callAsUnchecked(JavaUtils.java:109) ~[ratis-common-0.5.0-201fc85-SNAPSHOT.jar:0.5.0-201fc85-SNAPSHOT]
	at org.apache.ratis.server.impl.RaftServerProxy.lambda$submitRequest$6(RaftServerProxy.java:328) ~[ratis-server-0.5.0-201fc85-SNAPSHOT.jar:0.5.0-201fc85-SNAPSHOT]
	at java.util.concurrent.CompletableFuture.uniComposeStage(CompletableFuture.java:981) ~[?:1.8.0_212]
	at java.util.concurrent.CompletableFuture.thenCompose(CompletableFuture.java:2124) ~[?:1.8.0_212]
	at org.apache.ratis.server.impl.RaftServerProxy.submitRequest(RaftServerProxy.java:327) ~[ratis-server-0.5.0-201fc85-SNAPSHOT.jar:0.5.0-201fc85-SNAPSHOT]
	at org.apache.ratis.server.impl.RaftServerProxy.submitClientRequestAsync(RaftServerProxy.java:333) ~[ratis-server-0.5.0-201fc85-SNAPSHOT.jar:0.5.0-201fc85-SNAPSHOT]
	at org.apache.ratis.grpc.client.GrpcClientProtocolService$RequestStreamObserver.processClientRequest(GrpcClientProtocolService.java:220) ~[ratis-grpc-0.5.0-201fc85-SNAPSHOT.jar:0.5.0-201fc85-SNAPSHOT]
	at org.apache.ratis.grpc.client.GrpcClientProtocolService$OrderedRequestStreamObserver.processClientRequest(GrpcClientProtocolService.java:326) ~[ratis-grpc-0.5.0-201fc85-SNAPSHOT.jar:0.5.0-201fc85-SNAPSHOT]
	at org.apache.ratis.util.SlidingWindow$Server.processRequestsFromHead(SlidingWindow.java:429) [ratis-common-0.5.0-201fc85-SNAPSHOT.jar:0.5.0-201fc85-SNAPSHOT]
	at org.apache.ratis.util.SlidingWindow$Server.receivedRequest(SlidingWindow.java:421) [ratis-common-0.5.0-201fc85-SNAPSHOT.jar:0.5.0-201fc85-SNAPSHOT]
	at org.apache.ratis.grpc.client.GrpcClientProtocolService$OrderedRequestStreamObserver.processClientRequest(GrpcClientProtocolService.java:345) [ratis-grpc-0.5.0-201fc85-SNAPSHOT.jar:0.5.0-201fc85-SNAPSHOT]
	at org.apache.ratis.grpc.client.GrpcClientProtocolService$RequestStreamObserver.onNext(GrpcClientProtocolService.java:240) [ratis-grpc-0.5.0-201fc85-SNAPSHOT.jar:0.5.0-201fc85-SNAPSHOT]
	at org.apache.ratis.grpc.client.GrpcClientProtocolService$RequestStreamObserver.onNext(GrpcClientProtocolService.java:168) [ratis-grpc-0.5.0-201fc85-SNAPSHOT.jar:0.5.0-201fc85-SNAPSHOT]
	at org.apache.ratis.thirdparty.io.grpc.stub.ServerCalls$StreamingServerCallHandler$StreamingServerCallListener.onMessage(ServerCalls.java:248) [ratis-thirdparty-misc-0.2.0.jar:0.2.0]
	at org.apache.ratis.thirdparty.io.grpc.internal.ServerCallImpl$ServerStreamListenerImpl.messagesAvailable(ServerCallImpl.java:263) [ratis-thirdparty-misc-0.2.0.jar:0.2.0]
	at org.apache.ratis.thirdparty.io.grpc.internal.ServerImpl$JumpToApplicationThreadServerStreamListener$1MessagesAvailable.runInContext(ServerImpl.java:686) [ratis-thirdparty-misc-0.2.0.jar:0.2.0]
	at org.apache.ratis.thirdparty.io.grpc.internal.ContextRunnable.run(ContextRunnable.java:37) [ratis-thirdparty-misc-0.2.0.jar:0.2.0]
	at org.apache.ratis.thirdparty.io.grpc.internal.SerializingExecutor.run(SerializingExecutor.java:123) [ratis-thirdparty-misc-0.2.0.jar:0.2.0]
	at java.util.concurrent.ThreadPoolExecutor.runWorker(ThreadPoolExecutor.java:1149) [?:1.8.0_212]
	at java.util.concurrent.ThreadPoolExecutor$Worker.run(ThreadPoolExecutor.java:624) [?:1.8.0_212]
	at java.lang.Thread.run(Thread.java:748) [?:1.8.0_212]
12:44:06.252 [grpc-default-executor-1] ERROR DNAudit - user=null | ip=null | op=WRITE_CHUNK {blockData=conID: 1 locID: 102960792621416461 bcsId: 14} | ret=FAILURE
org.apache.hadoop.hdds.scm.container.common.helpers.ContainerNotOpenException: Container 1 in CLOSING state
	at org.apache.hadoop.ozone.container.common.impl.HddsDispatcher.validateContainerCommand(HddsDispatcher.java:436) ~[hadoop-hdds-container-service-0.5.0-SNAPSHOT.jar:?]
	at org.apache.hadoop.ozone.container.common.transport.server.ratis.ContainerStateMachine.startTransaction(ContainerStateMachine.java:320) ~[hadoop-hdds-container-service-0.5.0-SNAPSHOT.jar:?]
	at org.apache.ratis.server.impl.RaftServerImpl.submitClientRequestAsync(RaftServerImpl.java:569) ~[ratis-server-0.5.0-201fc85-SNAPSHOT.jar:0.5.0-201fc85-SNAPSHOT]
	at org.apache.ratis.server.impl.RaftServerProxy.lambda$submitClientRequestAsync$7(RaftServerProxy.java:333) ~[ratis-server-0.5.0-201fc85-SNAPSHOT.jar:0.5.0-201fc85-SNAPSHOT]
	at org.apache.ratis.server.impl.RaftServerProxy.lambda$null$5(RaftServerProxy.java:328) ~[ratis-server-0.5.0-201fc85-SNAPSHOT.jar:0.5.0-201fc85-SNAPSHOT]
	at org.apache.ratis.util.JavaUtils.callAsUnchecked(JavaUtils.java:109) ~[ratis-common-0.5.0-201fc85-SNAPSHOT.jar:0.5.0-201fc85-SNAPSHOT]
	at org.apache.ratis.server.impl.RaftServerProxy.lambda$submitRequest$6(RaftServerProxy.java:328) ~[ratis-server-0.5.0-201fc85-SNAPSHOT.jar:0.5.0-201fc85-SNAPSHOT]
	at java.util.concurrent.CompletableFuture.uniComposeStage(CompletableFuture.java:981) ~[?:1.8.0_212]
	at java.util.concurrent.CompletableFuture.thenCompose(CompletableFuture.java:2124) ~[?:1.8.0_212]
	at org.apache.ratis.server.impl.RaftServerProxy.submitRequest(RaftServerProxy.java:327) ~[ratis-server-0.5.0-201fc85-SNAPSHOT.jar:0.5.0-201fc85-SNAPSHOT]
	at org.apache.ratis.server.impl.RaftServerProxy.submitClientRequestAsync(RaftServerProxy.java:333) ~[ratis-server-0.5.0-201fc85-SNAPSHOT.jar:0.5.0-201fc85-SNAPSHOT]
	at org.apache.ratis.grpc.client.GrpcClientProtocolService$RequestStreamObserver.processClientRequest(GrpcClientProtocolService.java:220) ~[ratis-grpc-0.5.0-201fc85-SNAPSHOT.jar:0.5.0-201fc85-SNAPSHOT]
	at org.apache.ratis.grpc.client.GrpcClientProtocolService$OrderedRequestStreamObserver.processClientRequest(GrpcClientProtocolService.java:326) ~[ratis-grpc-0.5.0-201fc85-SNAPSHOT.jar:0.5.0-201fc85-SNAPSHOT]
	at org.apache.ratis.util.SlidingWindow$Server.processRequestsFromHead(SlidingWindow.java:429) [ratis-common-0.5.0-201fc85-SNAPSHOT.jar:0.5.0-201fc85-SNAPSHOT]
	at org.apache.ratis.util.SlidingWindow$Server.receivedRequest(SlidingWindow.java:421) [ratis-common-0.5.0-201fc85-SNAPSHOT.jar:0.5.0-201fc85-SNAPSHOT]
	at org.apache.ratis.grpc.client.GrpcClientProtocolService$OrderedRequestStreamObserver.processClientRequest(GrpcClientProtocolService.java:345) [ratis-grpc-0.5.0-201fc85-SNAPSHOT.jar:0.5.0-201fc85-SNAPSHOT]
	at org.apache.ratis.grpc.client.GrpcClientProtocolService$RequestStreamObserver.onNext(GrpcClientProtocolService.java:240) [ratis-grpc-0.5.0-201fc85-SNAPSHOT.jar:0.5.0-201fc85-SNAPSHOT]
	at org.apache.ratis.grpc.client.GrpcClientProtocolService$RequestStreamObserver.onNext(GrpcClientProtocolService.java:168) [ratis-grpc-0.5.0-201fc85-SNAPSHOT.jar:0.5.0-201fc85-SNAPSHOT]
	at org.apache.ratis.thirdparty.io.grpc.stub.ServerCalls$StreamingServerCallHandler$StreamingServerCallListener.onMessage(ServerCalls.java:248) [ratis-thirdparty-misc-0.2.0.jar:0.2.0]
	at org.apache.ratis.thirdparty.io.grpc.internal.ServerCallImpl$ServerStreamListenerImpl.messagesAvailable(ServerCallImpl.java:263) [ratis-thirdparty-misc-0.2.0.jar:0.2.0]
	at org.apache.ratis.thirdparty.io.grpc.internal.ServerImpl$JumpToApplicationThreadServerStreamListener$1MessagesAvailable.runInContext(ServerImpl.java:686) [ratis-thirdparty-misc-0.2.0.jar:0.2.0]
	at org.apache.ratis.thirdparty.io.grpc.internal.ContextRunnable.run(ContextRunnable.java:37) [ratis-thirdparty-misc-0.2.0.jar:0.2.0]
	at org.apache.ratis.thirdparty.io.grpc.internal.SerializingExecutor.run(SerializingExecutor.java:123) [ratis-thirdparty-misc-0.2.0.jar:0.2.0]
	at java.util.concurrent.ThreadPoolExecutor.runWorker(ThreadPoolExecutor.java:1149) [?:1.8.0_212]
	at java.util.concurrent.ThreadPoolExecutor$Worker.run(ThreadPoolExecutor.java:624) [?:1.8.0_212]
	at java.lang.Thread.run(Thread.java:748) [?:1.8.0_212]
12:44:06.261 [grpc-default-executor-1] ERROR DNAudit - user=null | ip=null | op=WRITE_CHUNK {blockData=conID: 1 locID: 102960792621416461 bcsId: 14} | ret=FAILURE
org.apache.hadoop.hdds.scm.container.common.helpers.ContainerNotOpenException: Container 1 in CLOSING state
	at org.apache.hadoop.ozone.container.common.impl.HddsDispatcher.validateContainerCommand(HddsDispatcher.java:436) ~[hadoop-hdds-container-service-0.5.0-SNAPSHOT.jar:?]
	at org.apache.hadoop.ozone.container.common.transport.server.ratis.ContainerStateMachine.startTransaction(ContainerStateMachine.java:320) ~[hadoop-hdds-container-service-0.5.0-SNAPSHOT.jar:?]
	at org.apache.ratis.server.impl.RaftServerImpl.submitClientRequestAsync(RaftServerImpl.java:569) ~[ratis-server-0.5.0-201fc85-SNAPSHOT.jar:0.5.0-201fc85-SNAPSHOT]
	at org.apache.ratis.server.impl.RaftServerProxy.lambda$submitClientRequestAsync$7(RaftServerProxy.java:333) ~[ratis-server-0.5.0-201fc85-SNAPSHOT.jar:0.5.0-201fc85-SNAPSHOT]
	at org.apache.ratis.server.impl.RaftServerProxy.lambda$null$5(RaftServerProxy.java:328) ~[ratis-server-0.5.0-201fc85-SNAPSHOT.jar:0.5.0-201fc85-SNAPSHOT]
	at org.apache.ratis.util.JavaUtils.callAsUnchecked(JavaUtils.java:109) ~[ratis-common-0.5.0-201fc85-SNAPSHOT.jar:0.5.0-201fc85-SNAPSHOT]
	at org.apache.ratis.server.impl.RaftServerProxy.lambda$submitRequest$6(RaftServerProxy.java:328) ~[ratis-server-0.5.0-201fc85-SNAPSHOT.jar:0.5.0-201fc85-SNAPSHOT]
	at java.util.concurrent.CompletableFuture.uniComposeStage(CompletableFuture.java:981) ~[?:1.8.0_212]
	at java.util.concurrent.CompletableFuture.thenCompose(CompletableFuture.java:2124) ~[?:1.8.0_212]
	at org.apache.ratis.server.impl.RaftServerProxy.submitRequest(RaftServerProxy.java:327) ~[ratis-server-0.5.0-201fc85-SNAPSHOT.jar:0.5.0-201fc85-SNAPSHOT]
	at org.apache.ratis.server.impl.RaftServerProxy.submitClientRequestAsync(RaftServerProxy.java:333) ~[ratis-server-0.5.0-201fc85-SNAPSHOT.jar:0.5.0-201fc85-SNAPSHOT]
	at org.apache.ratis.grpc.client.GrpcClientProtocolService$RequestStreamObserver.processClientRequest(GrpcClientProtocolService.java:220) ~[ratis-grpc-0.5.0-201fc85-SNAPSHOT.jar:0.5.0-201fc85-SNAPSHOT]
	at org.apache.ratis.grpc.client.GrpcClientProtocolService$OrderedRequestStreamObserver.processClientRequest(GrpcClientProtocolService.java:326) ~[ratis-grpc-0.5.0-201fc85-SNAPSHOT.jar:0.5.0-201fc85-SNAPSHOT]
	at org.apache.ratis.util.SlidingWindow$Server.processRequestsFromHead(SlidingWindow.java:429) [ratis-common-0.5.0-201fc85-SNAPSHOT.jar:0.5.0-201fc85-SNAPSHOT]
	at org.apache.ratis.util.SlidingWindow$Server.receivedRequest(SlidingWindow.java:421) [ratis-common-0.5.0-201fc85-SNAPSHOT.jar:0.5.0-201fc85-SNAPSHOT]
	at org.apache.ratis.grpc.client.GrpcClientProtocolService$OrderedRequestStreamObserver.processClientRequest(GrpcClientProtocolService.java:345) [ratis-grpc-0.5.0-201fc85-SNAPSHOT.jar:0.5.0-201fc85-SNAPSHOT]
	at org.apache.ratis.grpc.client.GrpcClientProtocolService$RequestStreamObserver.onNext(GrpcClientProtocolService.java:240) [ratis-grpc-0.5.0-201fc85-SNAPSHOT.jar:0.5.0-201fc85-SNAPSHOT]
	at org.apache.ratis.grpc.client.GrpcClientProtocolService$RequestStreamObserver.onNext(GrpcClientProtocolService.java:168) [ratis-grpc-0.5.0-201fc85-SNAPSHOT.jar:0.5.0-201fc85-SNAPSHOT]
	at org.apache.ratis.thirdparty.io.grpc.stub.ServerCalls$StreamingServerCallHandler$StreamingServerCallListener.onMessage(ServerCalls.java:248) [ratis-thirdparty-misc-0.2.0.jar:0.2.0]
	at org.apache.ratis.thirdparty.io.grpc.internal.ServerCallImpl$ServerStreamListenerImpl.messagesAvailable(ServerCallImpl.java:263) [ratis-thirdparty-misc-0.2.0.jar:0.2.0]
	at org.apache.ratis.thirdparty.io.grpc.internal.ServerImpl$JumpToApplicationThreadServerStreamListener$1MessagesAvailable.runInContext(ServerImpl.java:686) [ratis-thirdparty-misc-0.2.0.jar:0.2.0]
	at org.apache.ratis.thirdparty.io.grpc.internal.ContextRunnable.run(ContextRunnable.java:37) [ratis-thirdparty-misc-0.2.0.jar:0.2.0]
	at org.apache.ratis.thirdparty.io.grpc.internal.SerializingExecutor.run(SerializingExecutor.java:123) [ratis-thirdparty-misc-0.2.0.jar:0.2.0]
	at java.util.concurrent.ThreadPoolExecutor.runWorker(ThreadPoolExecutor.java:1149) [?:1.8.0_212]
	at java.util.concurrent.ThreadPoolExecutor$Worker.run(ThreadPoolExecutor.java:624) [?:1.8.0_212]
	at java.lang.Thread.run(Thread.java:748) [?:1.8.0_212]
12:44:06.269 [grpc-default-executor-1] ERROR DNAudit - user=null | ip=null | op=PUT_BLOCK {blockData=[blockId=conID: 1 locID: 102960792621416461 bcsId: 0,size=800]} | ret=FAILURE
org.apache.hadoop.hdds.scm.container.common.helpers.ContainerNotOpenException: Container 1 in CLOSING state
	at org.apache.hadoop.ozone.container.common.impl.HddsDispatcher.validateContainerCommand(HddsDispatcher.java:436) ~[hadoop-hdds-container-service-0.5.0-SNAPSHOT.jar:?]
	at org.apache.hadoop.ozone.container.common.transport.server.ratis.ContainerStateMachine.startTransaction(ContainerStateMachine.java:320) ~[hadoop-hdds-container-service-0.5.0-SNAPSHOT.jar:?]
	at org.apache.ratis.server.impl.RaftServerImpl.submitClientRequestAsync(RaftServerImpl.java:569) ~[ratis-server-0.5.0-201fc85-SNAPSHOT.jar:0.5.0-201fc85-SNAPSHOT]
	at org.apache.ratis.server.impl.RaftServerProxy.lambda$submitClientRequestAsync$7(RaftServerProxy.java:333) ~[ratis-server-0.5.0-201fc85-SNAPSHOT.jar:0.5.0-201fc85-SNAPSHOT]
	at org.apache.ratis.server.impl.RaftServerProxy.lambda$null$5(RaftServerProxy.java:328) ~[ratis-server-0.5.0-201fc85-SNAPSHOT.jar:0.5.0-201fc85-SNAPSHOT]
	at org.apache.ratis.util.JavaUtils.callAsUnchecked(JavaUtils.java:109) ~[ratis-common-0.5.0-201fc85-SNAPSHOT.jar:0.5.0-201fc85-SNAPSHOT]
	at org.apache.ratis.server.impl.RaftServerProxy.lambda$submitRequest$6(RaftServerProxy.java:328) ~[ratis-server-0.5.0-201fc85-SNAPSHOT.jar:0.5.0-201fc85-SNAPSHOT]
	at java.util.concurrent.CompletableFuture.uniComposeStage(CompletableFuture.java:981) ~[?:1.8.0_212]
	at java.util.concurrent.CompletableFuture.thenCompose(CompletableFuture.java:2124) ~[?:1.8.0_212]
	at org.apache.ratis.server.impl.RaftServerProxy.submitRequest(RaftServerProxy.java:327) ~[ratis-server-0.5.0-201fc85-SNAPSHOT.jar:0.5.0-201fc85-SNAPSHOT]
	at org.apache.ratis.server.impl.RaftServerProxy.submitClientRequestAsync(RaftServerProxy.java:333) ~[ratis-server-0.5.0-201fc85-SNAPSHOT.jar:0.5.0-201fc85-SNAPSHOT]
	at org.apache.ratis.grpc.client.GrpcClientProtocolService$RequestStreamObserver.processClientRequest(GrpcClientProtocolService.java:220) ~[ratis-grpc-0.5.0-201fc85-SNAPSHOT.jar:0.5.0-201fc85-SNAPSHOT]
	at org.apache.ratis.grpc.client.GrpcClientProtocolService$OrderedRequestStreamObserver.processClientRequest(GrpcClientProtocolService.java:326) ~[ratis-grpc-0.5.0-201fc85-SNAPSHOT.jar:0.5.0-201fc85-SNAPSHOT]
	at org.apache.ratis.util.SlidingWindow$Server.processRequestsFromHead(SlidingWindow.java:429) [ratis-common-0.5.0-201fc85-SNAPSHOT.jar:0.5.0-201fc85-SNAPSHOT]
	at org.apache.ratis.util.SlidingWindow$Server.receivedRequest(SlidingWindow.java:421) [ratis-common-0.5.0-201fc85-SNAPSHOT.jar:0.5.0-201fc85-SNAPSHOT]
	at org.apache.ratis.grpc.client.GrpcClientProtocolService$OrderedRequestStreamObserver.processClientRequest(GrpcClientProtocolService.java:345) [ratis-grpc-0.5.0-201fc85-SNAPSHOT.jar:0.5.0-201fc85-SNAPSHOT]
	at org.apache.ratis.grpc.client.GrpcClientProtocolService$RequestStreamObserver.onNext(GrpcClientProtocolService.java:240) [ratis-grpc-0.5.0-201fc85-SNAPSHOT.jar:0.5.0-201fc85-SNAPSHOT]
	at org.apache.ratis.grpc.client.GrpcClientProtocolService$RequestStreamObserver.onNext(GrpcClientProtocolService.java:168) [ratis-grpc-0.5.0-201fc85-SNAPSHOT.jar:0.5.0-201fc85-SNAPSHOT]
	at org.apache.ratis.thirdparty.io.grpc.stub.ServerCalls$StreamingServerCallHandler$StreamingServerCallListener.onMessage(ServerCalls.java:248) [ratis-thirdparty-misc-0.2.0.jar:0.2.0]
	at org.apache.ratis.thirdparty.io.grpc.internal.ServerCallImpl$ServerStreamListenerImpl.messagesAvailable(ServerCallImpl.java:263) [ratis-thirdparty-misc-0.2.0.jar:0.2.0]
	at org.apache.ratis.thirdparty.io.grpc.internal.ServerImpl$JumpToApplicationThreadServerStreamListener$1MessagesAvailable.runInContext(ServerImpl.java:686) [ratis-thirdparty-misc-0.2.0.jar:0.2.0]
	at org.apache.ratis.thirdparty.io.grpc.internal.ContextRunnable.run(ContextRunnable.java:37) [ratis-thirdparty-misc-0.2.0.jar:0.2.0]
	at org.apache.ratis.thirdparty.io.grpc.internal.SerializingExecutor.run(SerializingExecutor.java:123) [ratis-thirdparty-misc-0.2.0.jar:0.2.0]
	at java.util.concurrent.ThreadPoolExecutor.runWorker(ThreadPoolExecutor.java:1149) [?:1.8.0_212]
	at java.util.concurrent.ThreadPoolExecutor$Worker.run(ThreadPoolExecutor.java:624) [?:1.8.0_212]
	at java.lang.Thread.run(Thread.java:748) [?:1.8.0_212]
2019-10-14 12:44:06,734 [main] INFO  ozone.MiniOzoneClusterImpl (MiniOzoneClusterImpl.java:shutdown(314)) - Shutting down the Mini Ozone Cluster
2019-10-14 12:44:06,734 [main] INFO  ozone.MiniOzoneClusterImpl (MiniOzoneClusterImpl.java:stop(330)) - Stopping the Mini Ozone Cluster
2019-10-14 12:44:06,734 [main] INFO  ozone.MiniOzoneClusterImpl (MiniOzoneClusterImpl.java:stopOM(400)) - Stopping the OzoneManager
2019-10-14 12:44:06,735 [main] INFO  ipc.Server (Server.java:stop(3082)) - Stopping server on 44451
2019-10-14 12:44:06,757 [main] INFO  ratis.OzoneManagerDoubleBuffer (OzoneManagerDoubleBuffer.java:stop(250)) - Stopping OMDoubleBuffer flush thread
2019-10-14 12:44:06,757 [IPC Server listener on 44451] INFO  ipc.Server (Server.java:run(1185)) - Stopping IPC Server listener on 44451
2019-10-14 12:44:06,757 [IPC Server Responder] INFO  ipc.Server (Server.java:run(1319)) - Stopping IPC Server Responder
2019-10-14 12:44:06,767 [OMDoubleBufferFlushThread] INFO  ratis.OzoneManagerDoubleBuffer (OzoneManagerDoubleBuffer.java:flushTransactions(193)) - OMDoubleBuffer flush thread OMDoubleBufferFlushThread is interrupted and will exit. OMDoubleBufferFlushThread
2019-10-14 12:44:06,778 [main] INFO  utils.BackgroundService (BackgroundService.java:shutdown(151)) - Shutting down service KeyDeletingService
2019-10-14 12:44:06,781 [main] INFO  handler.ContextHandler (ContextHandler.java:doStop(910)) - Stopped o.e.j.w.WebAppContext@755b5f30{/,null,UNAVAILABLE}{/ozoneManager}
2019-10-14 12:44:06,783 [main] INFO  server.AbstractConnector (AbstractConnector.java:doStop(318)) - Stopped ServerConnector@29bbc63c{HTTP/1.1,[http/1.1]}{0.0.0.0:0}
2019-10-14 12:44:06,784 [main] INFO  handler.ContextHandler (ContextHandler.java:doStop(910)) - Stopped o.e.j.s.ServletContextHandler@511da44f{/static,file:///workdir/hadoop-ozone/integration-test/target/test-classes/webapps/static,UNAVAILABLE}
2019-10-14 12:44:06,784 [main] INFO  handler.ContextHandler (ContextHandler.java:doStop(910)) - Stopped o.e.j.s.ServletContextHandler@5012c571{/logs,file:///workdir/hadoop-ozone/integration-test/target/log,UNAVAILABLE}
2019-10-14 12:44:06,787 [main] INFO  ozone.MiniOzoneClusterImpl (MiniOzoneClusterImpl.java:stopDatanodes(377)) - Stopping the HddsDatanodes
2019-10-14 12:44:07,457 [Datanode State Machine Thread - 0] INFO  statemachine.DatanodeStateMachine (DatanodeStateMachine.java:lambda$startDaemon$0(350)) - Ozone container server started.
2019-10-14 12:44:07,638 [Datanode State Machine Thread - 0] INFO  statemachine.DatanodeStateMachine (DatanodeStateMachine.java:lambda$startDaemon$0(350)) - Ozone container server started.
2019-10-14 12:44:08,495 [grpc-default-executor-8] WARN  server.GrpcLogAppender (LogUtils.java:warn(134)) - f415a011-bf04-42a9-bfe4-a2c91d6dceb5@group-7BC219FCF9F7->94b64f22-133c-45ad-ad28-450bbaa44dd0-AppendLogResponseHandler: Failed appendEntries: org.apache.ratis.thirdparty.io.grpc.StatusRuntimeException: UNAVAILABLE: io exception
2019-10-14 12:44:08,495 [grpc-default-executor-8] INFO  impl.FollowerInfo (FollowerInfo.java:lambda$new$0(51)) - f415a011-bf04-42a9-bfe4-a2c91d6dceb5@group-7BC219FCF9F7->94b64f22-133c-45ad-ad28-450bbaa44dd0: nextIndex: updateUnconditionally 1 -> 0
2019-10-14 12:44:10,998 [grpc-default-executor-7] WARN  server.GrpcLogAppender (LogUtils.java:warn(134)) - f415a011-bf04-42a9-bfe4-a2c91d6dceb5@group-7BC219FCF9F7->94b64f22-133c-45ad-ad28-450bbaa44dd0-AppendLogResponseHandler: Failed appendEntries: org.apache.ratis.thirdparty.io.grpc.StatusRuntimeException: UNAVAILABLE: io exception
2019-10-14 12:44:11,000 [grpc-default-executor-7] INFO  impl.FollowerInfo (FollowerInfo.java:lambda$new$0(51)) - f415a011-bf04-42a9-bfe4-a2c91d6dceb5@group-7BC219FCF9F7->94b64f22-133c-45ad-ad28-450bbaa44dd0: nextIndex: updateUnconditionally 0 -> 0
2019-10-14 12:44:11,546 [EventQueue-StaleNodeForStaleNodeHandler] INFO  node.StaleNodeHandler (StaleNodeHandler.java:onMessage(58)) - Datanode 3d3c9ba1-31bc-4814-8b33-081f8b7ff4a0{ip: 192.168.151.107, host: pr-hdds-2299-hlwdq-549545603, networkLocation: /default-rack, certSerialId: null} moved to stale state. Finalizing its pipelines [PipelineID=4e21fc2c-3f6c-4367-a0e5-79c1563001e6, PipelineID=ac0a45ba-cc2d-4bc4-9491-af4b5e66838b]
2019-10-14 12:44:11,547 [EventQueue-StaleNodeForStaleNodeHandler] INFO  pipeline.SCMPipelineManager (SCMPipelineManager.java:finalizeAndDestroyPipeline(315)) - destroying pipeline:Pipeline[ Id: 4e21fc2c-3f6c-4367-a0e5-79c1563001e6, Nodes: 3d3c9ba1-31bc-4814-8b33-081f8b7ff4a0{ip: 192.168.151.107, host: pr-hdds-2299-hlwdq-549545603, networkLocation: /default-rack, certSerialId: null}, Type:RATIS, Factor:ONE, State:OPEN]
2019-10-14 12:44:11,547 [EventQueue-StaleNodeForStaleNodeHandler] INFO  pipeline.PipelineStateManager (PipelineStateManager.java:finalizePipeline(123)) - Pipeline Pipeline[ Id: 4e21fc2c-3f6c-4367-a0e5-79c1563001e6, Nodes: 3d3c9ba1-31bc-4814-8b33-081f8b7ff4a0{ip: 192.168.151.107, host: pr-hdds-2299-hlwdq-549545603, networkLocation: /default-rack, certSerialId: null}, Type:RATIS, Factor:ONE, State:CLOSED] moved to CLOSED state
2019-10-14 12:44:11,547 [EventQueue-StaleNodeForStaleNodeHandler] INFO  pipeline.SCMPipelineManager (SCMPipelineManager.java:finalizeAndDestroyPipeline(315)) - destroying pipeline:Pipeline[ Id: ac0a45ba-cc2d-4bc4-9491-af4b5e66838b, Nodes: 8a8ff637-77fd-447d-9d9b-3a3b1f3f2542{ip: 192.168.151.107, host: pr-hdds-2299-hlwdq-549545603, networkLocation: /default-rack, certSerialId: null}3d3c9ba1-31bc-4814-8b33-081f8b7ff4a0{ip: 192.168.151.107, host: pr-hdds-2299-hlwdq-549545603, networkLocation: /default-rack, certSerialId: null}8eca786c-f17c-46c4-a407-e9e275d1403c{ip: 192.168.151.107, host: pr-hdds-2299-hlwdq-549545603, networkLocation: /default-rack, certSerialId: null}, Type:RATIS, Factor:THREE, State:OPEN]
2019-10-14 12:44:11,547 [EventQueue-StaleNodeForStaleNodeHandler] INFO  pipeline.PipelineStateManager (PipelineStateManager.java:finalizePipeline(123)) - Pipeline Pipeline[ Id: ac0a45ba-cc2d-4bc4-9491-af4b5e66838b, Nodes: 8a8ff637-77fd-447d-9d9b-3a3b1f3f2542{ip: 192.168.151.107, host: pr-hdds-2299-hlwdq-549545603, networkLocation: /default-rack, certSerialId: null}3d3c9ba1-31bc-4814-8b33-081f8b7ff4a0{ip: 192.168.151.107, host: pr-hdds-2299-hlwdq-549545603, networkLocation: /default-rack, certSerialId: null}8eca786c-f17c-46c4-a407-e9e275d1403c{ip: 192.168.151.107, host: pr-hdds-2299-hlwdq-549545603, networkLocation: /default-rack, certSerialId: null}, Type:RATIS, Factor:THREE, State:CLOSED] moved to CLOSED state
2019-10-14 12:44:11,548 [EventQueue-CloseContainerForCloseContainerEventHandler] INFO  container.CloseContainerEventHandler (CloseContainerEventHandler.java:onMessage(61)) - Close container Event triggered for container : #2
2019-10-14 12:44:11,647 [EventQueue-StaleNodeForStaleNodeHandler] INFO  node.StaleNodeHandler (StaleNodeHandler.java:onMessage(58)) - Datanode 318f8cfb-a2bd-4d9d-9aa9-de47c092d73d{ip: 192.168.151.107, host: pr-hdds-2299-hlwdq-549545603, networkLocation: /default-rack, certSerialId: null} moved to stale state. Finalizing its pipelines [PipelineID=1e57068f-8c2c-4f58-a477-7bc219fcf9f7, PipelineID=1f8b9db3-759a-48f7-aa1a-7e79c0afb053]
2019-10-14 12:44:11,651 [EventQueue-StaleNodeForStaleNodeHandler] INFO  pipeline.SCMPipelineManager (SCMPipelineManager.java:finalizeAndDestroyPipeline(315)) - destroying pipeline:Pipeline[ Id: 1e57068f-8c2c-4f58-a477-7bc219fcf9f7, Nodes: 94b64f22-133c-45ad-ad28-450bbaa44dd0{ip: 192.168.151.107, host: pr-hdds-2299-hlwdq-549545603, networkLocation: /default-rack, certSerialId: null}318f8cfb-a2bd-4d9d-9aa9-de47c092d73d{ip: 192.168.151.107, host: pr-hdds-2299-hlwdq-549545603, networkLocation: /default-rack, certSerialId: null}f415a011-bf04-42a9-bfe4-a2c91d6dceb5{ip: 192.168.151.107, host: pr-hdds-2299-hlwdq-549545603, networkLocation: /default-rack, certSerialId: null}, Type:RATIS, Factor:THREE, State:CLOSED]
2019-10-14 12:44:11,652 [EventQueue-StaleNodeForStaleNodeHandler] INFO  pipeline.SCMPipelineManager (SCMPipelineManager.java:finalizeAndDestroyPipeline(315)) - destroying pipeline:Pipeline[ Id: 1f8b9db3-759a-48f7-aa1a-7e79c0afb053, Nodes: 318f8cfb-a2bd-4d9d-9aa9-de47c092d73d{ip: 192.168.151.107, host: pr-hdds-2299-hlwdq-549545603, networkLocation: /default-rack, certSerialId: null}, Type:RATIS, Factor:ONE, State:OPEN]
2019-10-14 12:44:11,652 [EventQueue-StaleNodeForStaleNodeHandler] INFO  pipeline.PipelineStateManager (PipelineStateManager.java:finalizePipeline(123)) - Pipeline Pipeline[ Id: 1f8b9db3-759a-48f7-aa1a-7e79c0afb053, Nodes: 318f8cfb-a2bd-4d9d-9aa9-de47c092d73d{ip: 192.168.151.107, host: pr-hdds-2299-hlwdq-549545603, networkLocation: /default-rack, certSerialId: null}, Type:RATIS, Factor:ONE, State:CLOSED] moved to CLOSED state
2019-10-14 12:44:11,789 [ForkJoinPool.commonPool-worker-0] INFO  ozoneimpl.OzoneContainer (OzoneContainer.java:stop(227)) - Attempting to stop container services.
2019-10-14 12:44:11,789 [main] INFO  ozoneimpl.OzoneContainer (OzoneContainer.java:stop(227)) - Attempting to stop container services.
2019-10-14 12:44:11,792 [ForkJoinPool.commonPool-worker-0] INFO  impl.RaftServerProxy (RaftServerProxy.java:lambda$close$4(314)) - 318f8cfb-a2bd-4d9d-9aa9-de47c092d73d: close
2019-10-14 12:44:11,793 [main] INFO  impl.RaftServerProxy (RaftServerProxy.java:lambda$close$4(314)) - 3d3c9ba1-31bc-4814-8b33-081f8b7ff4a0: close
2019-10-14 12:44:11,793 [ForkJoinPool.commonPool-worker-0] INFO  impl.RaftServerImpl (RaftServerImpl.java:lambda$shutdown$3(247)) - 318f8cfb-a2bd-4d9d-9aa9-de47c092d73d@group-7BC219FCF9F7: shutdown
2019-10-14 12:44:11,793 [main] INFO  impl.RaftServerImpl (RaftServerImpl.java:lambda$shutdown$3(247)) - 3d3c9ba1-31bc-4814-8b33-081f8b7ff4a0@group-79C1563001E6: shutdown
2019-10-14 12:44:11,794 [ForkJoinPool.commonPool-worker-0] INFO  util.JmxRegister (JmxRegister.java:unregister(73)) - Successfully un-registered JMX Bean with object name Ratis:service=RaftServer,group=group-7BC219FCF9F7,id=318f8cfb-a2bd-4d9d-9aa9-de47c092d73d
2019-10-14 12:44:11,794 [main] INFO  util.JmxRegister (JmxRegister.java:unregister(73)) - Successfully un-registered JMX Bean with object name Ratis:service=RaftServer,group=group-79C1563001E6,id=3d3c9ba1-31bc-4814-8b33-081f8b7ff4a0
2019-10-14 12:44:11,794 [ForkJoinPool.commonPool-worker-0] INFO  impl.RoleInfo (RoleInfo.java:shutdownFollowerState(121)) - 318f8cfb-a2bd-4d9d-9aa9-de47c092d73d: shutdown FollowerState
2019-10-14 12:44:11,794 [main] INFO  impl.RoleInfo (RoleInfo.java:shutdownLeaderState(104)) - 3d3c9ba1-31bc-4814-8b33-081f8b7ff4a0: shutdown LeaderState
2019-10-14 12:44:11,795 [318f8cfb-a2bd-4d9d-9aa9-de47c092d73d@group-7BC219FCF9F7-StateMachineUpdater] INFO  ratis.ContainerStateMachine (ContainerStateMachine.java:takeSnapshot(294)) - group-7BC219FCF9F7: Taking a snapshot at:(t:1, i:14) file /workdir/hadoop-ozone/integration-test/target/test-dir/MiniOzoneClusterImpl-5e97dea3-99a6-4a1a-83d8-52833a14f548/datanode-1/data/ratis/1e57068f-8c2c-4f58-a477-7bc219fcf9f7/sm/snapshot.1_14
2019-10-14 12:44:11,795 [Thread-3276] INFO  impl.FollowerState (FollowerState.java:run(117)) - 318f8cfb-a2bd-4d9d-9aa9-de47c092d73d@group-7BC219FCF9F7-FollowerState was interrupted: java.lang.InterruptedException: sleep interrupted
2019-10-14 12:44:11,795 [ForkJoinPool.commonPool-worker-0] INFO  impl.StateMachineUpdater (StateMachineUpdater.java:stopAndJoin(136)) - 318f8cfb-a2bd-4d9d-9aa9-de47c092d73d@group-7BC219FCF9F7-StateMachineUpdater: set stopIndex = 18
2019-10-14 12:44:11,795 [main] INFO  impl.PendingRequests (PendingRequests.java:sendNotLeaderResponses(202)) - 3d3c9ba1-31bc-4814-8b33-081f8b7ff4a0@group-79C1563001E6-PendingRequests: sendNotLeaderResponses
2019-10-14 12:44:11,798 [main] INFO  impl.StateMachineUpdater (StateMachineUpdater.java:stopAndJoin(136)) - 3d3c9ba1-31bc-4814-8b33-081f8b7ff4a0@group-79C1563001E6-StateMachineUpdater: set stopIndex = 0
2019-10-14 12:44:11,798 [main] INFO  impl.RaftServerImpl (ServerState.java:close(387)) - 3d3c9ba1-31bc-4814-8b33-081f8b7ff4a0@group-79C1563001E6: closes. applyIndex: 0
2019-10-14 12:44:11,799 [3d3c9ba1-31bc-4814-8b33-081f8b7ff4a0@group-79C1563001E6-SegmentedRaftLogWorker] INFO  segmented.SegmentedRaftLogWorker (SegmentedRaftLogWorker.java:run(316)) - 3d3c9ba1-31bc-4814-8b33-081f8b7ff4a0@group-79C1563001E6-SegmentedRaftLogWorker was interrupted, exiting. There are 0 tasks remaining in the queue.
2019-10-14 12:44:11,799 [main] INFO  segmented.SegmentedRaftLogWorker (SegmentedRaftLogWorker.java:close(224)) - 3d3c9ba1-31bc-4814-8b33-081f8b7ff4a0@group-79C1563001E6-SegmentedRaftLogWorker close()
2019-10-14 12:44:11,801 [main] INFO  impl.RaftServerImpl (RaftServerImpl.java:lambda$shutdown$3(247)) - 3d3c9ba1-31bc-4814-8b33-081f8b7ff4a0@group-AF4B5E66838B: shutdown
2019-10-14 12:44:11,801 [main] INFO  util.JmxRegister (JmxRegister.java:unregister(73)) - Successfully un-registered JMX Bean with object name Ratis:service=RaftServer,group=group-AF4B5E66838B,id=3d3c9ba1-31bc-4814-8b33-081f8b7ff4a0
2019-10-14 12:44:11,802 [main] INFO  impl.RoleInfo (RoleInfo.java:shutdownFollowerState(121)) - 3d3c9ba1-31bc-4814-8b33-081f8b7ff4a0: shutdown FollowerState
2019-10-14 12:44:11,802 [main] INFO  impl.StateMachineUpdater (StateMachineUpdater.java:stopAndJoin(136)) - 3d3c9ba1-31bc-4814-8b33-081f8b7ff4a0@group-AF4B5E66838B-StateMachineUpdater: set stopIndex = 16
2019-10-14 12:44:11,802 [3d3c9ba1-31bc-4814-8b33-081f8b7ff4a0@group-AF4B5E66838B-StateMachineUpdater] INFO  ratis.ContainerStateMachine (ContainerStateMachine.java:takeSnapshot(294)) - group-AF4B5E66838B: Taking a snapshot at:(t:2, i:14) file /workdir/hadoop-ozone/integration-test/target/test-dir/MiniOzoneClusterImpl-5e97dea3-99a6-4a1a-83d8-52833a14f548/datanode-4/data/ratis/ac0a45ba-cc2d-4bc4-9491-af4b5e66838b/sm/snapshot.2_14
2019-10-14 12:44:11,802 [Thread-3184] INFO  impl.FollowerState (FollowerState.java:run(117)) - 3d3c9ba1-31bc-4814-8b33-081f8b7ff4a0@group-AF4B5E66838B-FollowerState was interrupted: java.lang.InterruptedException: sleep interrupted
2019-10-14 12:44:11,823 [318f8cfb-a2bd-4d9d-9aa9-de47c092d73d@group-7BC219FCF9F7-StateMachineUpdater] INFO  ratis.ContainerStateMachine (ContainerStateMachine.java:takeSnapshot(305)) - group-7BC219FCF9F7: Finished taking a snapshot at:(t:1, i:14) file:/workdir/hadoop-ozone/integration-test/target/test-dir/MiniOzoneClusterImpl-5e97dea3-99a6-4a1a-83d8-52833a14f548/datanode-1/data/ratis/1e57068f-8c2c-4f58-a477-7bc219fcf9f7/sm/snapshot.1_14 time:28
2019-10-14 12:44:11,823 [3d3c9ba1-31bc-4814-8b33-081f8b7ff4a0@group-AF4B5E66838B-StateMachineUpdater] INFO  ratis.ContainerStateMachine (ContainerStateMachine.java:takeSnapshot(305)) - group-AF4B5E66838B: Finished taking a snapshot at:(t:2, i:14) file:/workdir/hadoop-ozone/integration-test/target/test-dir/MiniOzoneClusterImpl-5e97dea3-99a6-4a1a-83d8-52833a14f548/datanode-4/data/ratis/ac0a45ba-cc2d-4bc4-9491-af4b5e66838b/sm/snapshot.2_14 time:21
2019-10-14 12:44:11,824 [318f8cfb-a2bd-4d9d-9aa9-de47c092d73d@group-7BC219FCF9F7-StateMachineUpdater] INFO  impl.StateMachineUpdater (StateMachineUpdater.java:takeSnapshot(269)) - 318f8cfb-a2bd-4d9d-9aa9-de47c092d73d@group-7BC219FCF9F7-StateMachineUpdater: Took a snapshot at index 14
2019-10-14 12:44:11,824 [318f8cfb-a2bd-4d9d-9aa9-de47c092d73d@group-7BC219FCF9F7-StateMachineUpdater] INFO  impl.StateMachineUpdater (StateMachineUpdater.java:lambda$new$0(84)) - 318f8cfb-a2bd-4d9d-9aa9-de47c092d73d@group-7BC219FCF9F7-StateMachineUpdater: snapshotIndex: updateIncreasingly -1 -> 14
2019-10-14 12:44:11,824 [3d3c9ba1-31bc-4814-8b33-081f8b7ff4a0@group-AF4B5E66838B-StateMachineUpdater] INFO  impl.StateMachineUpdater (StateMachineUpdater.java:takeSnapshot(269)) - 3d3c9ba1-31bc-4814-8b33-081f8b7ff4a0@group-AF4B5E66838B-StateMachineUpdater: Took a snapshot at index 14
2019-10-14 12:44:11,824 [3d3c9ba1-31bc-4814-8b33-081f8b7ff4a0@group-AF4B5E66838B-StateMachineUpdater] INFO  impl.StateMachineUpdater (StateMachineUpdater.java:lambda$new$0(84)) - 3d3c9ba1-31bc-4814-8b33-081f8b7ff4a0@group-AF4B5E66838B-StateMachineUpdater: snapshotIndex: updateIncreasingly -1 -> 14
2019-10-14 12:44:11,824 [318f8cfb-a2bd-4d9d-9aa9-de47c092d73d@group-7BC219FCF9F7-StateMachineUpdater] INFO  ratis.ContainerStateMachine (ContainerStateMachine.java:takeSnapshot(294)) - group-7BC219FCF9F7: Taking a snapshot at:(t:1, i:14) file /workdir/hadoop-ozone/integration-test/target/test-dir/MiniOzoneClusterImpl-5e97dea3-99a6-4a1a-83d8-52833a14f548/datanode-1/data/ratis/1e57068f-8c2c-4f58-a477-7bc219fcf9f7/sm/snapshot.1_14
2019-10-14 12:44:11,824 [3d3c9ba1-31bc-4814-8b33-081f8b7ff4a0@group-AF4B5E66838B-StateMachineUpdater] INFO  ratis.ContainerStateMachine (ContainerStateMachine.java:takeSnapshot(294)) - group-AF4B5E66838B: Taking a snapshot at:(t:2, i:14) file /workdir/hadoop-ozone/integration-test/target/test-dir/MiniOzoneClusterImpl-5e97dea3-99a6-4a1a-83d8-52833a14f548/datanode-4/data/ratis/ac0a45ba-cc2d-4bc4-9491-af4b5e66838b/sm/snapshot.2_14
2019-10-14 12:44:11,849 [3d3c9ba1-31bc-4814-8b33-081f8b7ff4a0@group-AF4B5E66838B-StateMachineUpdater] INFO  ratis.ContainerStateMachine (ContainerStateMachine.java:takeSnapshot(305)) - group-AF4B5E66838B: Finished taking a snapshot at:(t:2, i:14) file:/workdir/hadoop-ozone/integration-test/target/test-dir/MiniOzoneClusterImpl-5e97dea3-99a6-4a1a-83d8-52833a14f548/datanode-4/data/ratis/ac0a45ba-cc2d-4bc4-9491-af4b5e66838b/sm/snapshot.2_14 time:25
2019-10-14 12:44:11,849 [318f8cfb-a2bd-4d9d-9aa9-de47c092d73d@group-7BC219FCF9F7-StateMachineUpdater] INFO  ratis.ContainerStateMachine (ContainerStateMachine.java:takeSnapshot(305)) - group-7BC219FCF9F7: Finished taking a snapshot at:(t:1, i:14) file:/workdir/hadoop-ozone/integration-test/target/test-dir/MiniOzoneClusterImpl-5e97dea3-99a6-4a1a-83d8-52833a14f548/datanode-1/data/ratis/1e57068f-8c2c-4f58-a477-7bc219fcf9f7/sm/snapshot.1_14 time:24
2019-10-14 12:44:11,849 [3d3c9ba1-31bc-4814-8b33-081f8b7ff4a0@group-AF4B5E66838B-StateMachineUpdater] INFO  impl.StateMachineUpdater (StateMachineUpdater.java:takeSnapshot(269)) - 3d3c9ba1-31bc-4814-8b33-081f8b7ff4a0@group-AF4B5E66838B-StateMachineUpdater: Took a snapshot at index 14
2019-10-14 12:44:11,849 [3d3c9ba1-31bc-4814-8b33-081f8b7ff4a0@group-AF4B5E66838B-StateMachineUpdater] INFO  impl.StateMachineUpdater (StateMachineUpdater.java:lambda$new$0(84)) - 3d3c9ba1-31bc-4814-8b33-081f8b7ff4a0@group-AF4B5E66838B-StateMachineUpdater: snapshotIndex: updateIncreasingly 14 -> 14
2019-10-14 12:44:11,849 [318f8cfb-a2bd-4d9d-9aa9-de47c092d73d@group-7BC219FCF9F7-StateMachineUpdater] INFO  impl.StateMachineUpdater (StateMachineUpdater.java:takeSnapshot(269)) - 318f8cfb-a2bd-4d9d-9aa9-de47c092d73d@group-7BC219FCF9F7-StateMachineUpdater: Took a snapshot at index 14
2019-10-14 12:44:11,849 [318f8cfb-a2bd-4d9d-9aa9-de47c092d73d@group-7BC219FCF9F7-StateMachineUpdater] INFO  impl.StateMachineUpdater (StateMachineUpdater.java:lambda$new$0(84)) - 318f8cfb-a2bd-4d9d-9aa9-de47c092d73d@group-7BC219FCF9F7-StateMachineUpdater: snapshotIndex: updateIncreasingly 14 -> 14
2019-10-14 12:44:11,850 [main] INFO  impl.RaftServerImpl (ServerState.java:close(387)) - 3d3c9ba1-31bc-4814-8b33-081f8b7ff4a0@group-AF4B5E66838B: closes. applyIndex: 16
2019-10-14 12:44:11,850 [ForkJoinPool.commonPool-worker-0] INFO  impl.RaftServerImpl (ServerState.java:close(387)) - 318f8cfb-a2bd-4d9d-9aa9-de47c092d73d@group-7BC219FCF9F7: closes. applyIndex: 18
2019-10-14 12:44:11,850 [3d3c9ba1-31bc-4814-8b33-081f8b7ff4a0@group-AF4B5E66838B-SegmentedRaftLogWorker] INFO  segmented.SegmentedRaftLogWorker (SegmentedRaftLogWorker.java:run(316)) - 3d3c9ba1-31bc-4814-8b33-081f8b7ff4a0@group-AF4B5E66838B-SegmentedRaftLogWorker was interrupted, exiting. There are 0 tasks remaining in the queue.
2019-10-14 12:44:11,850 [318f8cfb-a2bd-4d9d-9aa9-de47c092d73d@group-7BC219FCF9F7-SegmentedRaftLogWorker] INFO  segmented.SegmentedRaftLogWorker (SegmentedRaftLogWorker.java:run(316)) - 318f8cfb-a2bd-4d9d-9aa9-de47c092d73d@group-7BC219FCF9F7-SegmentedRaftLogWorker was interrupted, exiting. There are 0 tasks remaining in the queue.
2019-10-14 12:44:11,855 [main] INFO  segmented.SegmentedRaftLogWorker (SegmentedRaftLogWorker.java:close(224)) - 3d3c9ba1-31bc-4814-8b33-081f8b7ff4a0@group-AF4B5E66838B-SegmentedRaftLogWorker close()
2019-10-14 12:44:11,859 [ForkJoinPool.commonPool-worker-0] INFO  segmented.SegmentedRaftLogWorker (SegmentedRaftLogWorker.java:close(224)) - 318f8cfb-a2bd-4d9d-9aa9-de47c092d73d@group-7BC219FCF9F7-SegmentedRaftLogWorker close()
2019-10-14 12:44:11,862 [main] INFO  server.GrpcService (GrpcService.java:closeImpl(164)) - 3d3c9ba1-31bc-4814-8b33-081f8b7ff4a0: shutdown server with port 44563 now
2019-10-14 12:44:11,865 [ForkJoinPool.commonPool-worker-0] INFO  impl.RaftServerImpl (RaftServerImpl.java:lambda$shutdown$3(247)) - 318f8cfb-a2bd-4d9d-9aa9-de47c092d73d@group-7E79C0AFB053: shutdown
2019-10-14 12:44:11,865 [ForkJoinPool.commonPool-worker-0] INFO  util.JmxRegister (JmxRegister.java:unregister(73)) - Successfully un-registered JMX Bean with object name Ratis:service=RaftServer,group=group-7E79C0AFB053,id=318f8cfb-a2bd-4d9d-9aa9-de47c092d73d
2019-10-14 12:44:11,865 [ForkJoinPool.commonPool-worker-0] INFO  impl.RoleInfo (RoleInfo.java:shutdownLeaderState(104)) - 318f8cfb-a2bd-4d9d-9aa9-de47c092d73d: shutdown LeaderState
2019-10-14 12:44:11,866 [ForkJoinPool.commonPool-worker-0] INFO  impl.PendingRequests (PendingRequests.java:sendNotLeaderResponses(202)) - 318f8cfb-a2bd-4d9d-9aa9-de47c092d73d@group-7E79C0AFB053-PendingRequests: sendNotLeaderResponses
2019-10-14 12:44:11,866 [grpc-default-executor-8] WARN  server.GrpcServerProtocolService (LogUtils.java:warn(134)) - 3d3c9ba1-31bc-4814-8b33-081f8b7ff4a0: installSnapshot onError, lastRequest: 8eca786c-f17c-46c4-a407-e9e275d1403c->3d3c9ba1-31bc-4814-8b33-081f8b7ff4a0#27-t2, previous=(t:2, i:16), leaderCommit=16, initializing? false, entries: <empty>: org.apache.ratis.thirdparty.io.grpc.StatusRuntimeException: CANCELLED: cancelled before receiving half close
2019-10-14 12:44:11,866 [ForkJoinPool.commonPool-worker-0] INFO  impl.StateMachineUpdater (StateMachineUpdater.java:stopAndJoin(136)) - 318f8cfb-a2bd-4d9d-9aa9-de47c092d73d@group-7E79C0AFB053-StateMachineUpdater: set stopIndex = 0
2019-10-14 12:44:11,866 [grpc-default-executor-7] WARN  server.GrpcLogAppender (LogUtils.java:warn(134)) - 8eca786c-f17c-46c4-a407-e9e275d1403c@group-AF4B5E66838B->3d3c9ba1-31bc-4814-8b33-081f8b7ff4a0-AppendLogResponseHandler: Failed appendEntries: org.apache.ratis.thirdparty.io.grpc.StatusRuntimeException: CANCELLED: HTTP/2 error code: CANCEL
Received Rst Stream
2019-10-14 12:44:11,866 [ForkJoinPool.commonPool-worker-0] INFO  impl.RaftServerImpl (ServerState.java:close(387)) - 318f8cfb-a2bd-4d9d-9aa9-de47c092d73d@group-7E79C0AFB053: closes. applyIndex: 0
2019-10-14 12:44:11,866 [main] INFO  server.GrpcService (GrpcService.java:closeImpl(172)) - 3d3c9ba1-31bc-4814-8b33-081f8b7ff4a0: shutdown server with port 44563 successfully
2019-10-14 12:44:11,867 [318f8cfb-a2bd-4d9d-9aa9-de47c092d73d@group-7E79C0AFB053-SegmentedRaftLogWorker] INFO  segmented.SegmentedRaftLogWorker (SegmentedRaftLogWorker.java:run(316)) - 318f8cfb-a2bd-4d9d-9aa9-de47c092d73d@group-7E79C0AFB053-SegmentedRaftLogWorker was interrupted, exiting. There are 0 tasks remaining in the queue.
2019-10-14 12:44:11,867 [grpc-default-executor-7] INFO  impl.FollowerInfo (FollowerInfo.java:lambda$new$0(51)) - 8eca786c-f17c-46c4-a407-e9e275d1403c@group-AF4B5E66838B->3d3c9ba1-31bc-4814-8b33-081f8b7ff4a0: nextIndex: updateUnconditionally 17 -> 16
2019-10-14 12:44:11,867 [ForkJoinPool.commonPool-worker-0] INFO  segmented.SegmentedRaftLogWorker (SegmentedRaftLogWorker.java:close(224)) - 318f8cfb-a2bd-4d9d-9aa9-de47c092d73d@group-7E79C0AFB053-SegmentedRaftLogWorker close()
2019-10-14 12:44:11,870 [ForkJoinPool.commonPool-worker-0] INFO  server.GrpcService (GrpcService.java:closeImpl(164)) - 318f8cfb-a2bd-4d9d-9aa9-de47c092d73d: shutdown server with port 44952 now
2019-10-14 12:44:11,871 [grpc-default-executor-7] WARN  server.GrpcServerProtocolService (LogUtils.java:warn(134)) - 318f8cfb-a2bd-4d9d-9aa9-de47c092d73d: installSnapshot onError, lastRequest: f415a011-bf04-42a9-bfe4-a2c91d6dceb5->318f8cfb-a2bd-4d9d-9aa9-de47c092d73d#4-t4, previous=(t:4, i:18), leaderCommit=18, initializing? false, entries: <empty>: org.apache.ratis.thirdparty.io.grpc.StatusRuntimeException: CANCELLED: cancelled before receiving half close
2019-10-14 12:44:11,871 [ForkJoinPool.commonPool-worker-0] INFO  server.GrpcService (GrpcService.java:closeImpl(172)) - 318f8cfb-a2bd-4d9d-9aa9-de47c092d73d: shutdown server with port 44952 successfully
2019-10-14 12:44:11,871 [grpc-default-executor-1] WARN  server.GrpcLogAppender (LogUtils.java:warn(134)) - f415a011-bf04-42a9-bfe4-a2c91d6dceb5@group-7BC219FCF9F7->318f8cfb-a2bd-4d9d-9aa9-de47c092d73d-AppendLogResponseHandler: Failed appendEntries: org.apache.ratis.thirdparty.io.grpc.StatusRuntimeException: CANCELLED: HTTP/2 error code: CANCEL
Received Rst Stream
2019-10-14 12:44:11,871 [grpc-default-executor-1] INFO  impl.FollowerInfo (FollowerInfo.java:lambda$new$0(51)) - f415a011-bf04-42a9-bfe4-a2c91d6dceb5@group-7BC219FCF9F7->318f8cfb-a2bd-4d9d-9aa9-de47c092d73d: nextIndex: updateUnconditionally 19 -> 18
2019-10-14 12:44:11,877 [refreshUsed-/workdir/hadoop-ozone/integration-test/target/test-dir/MiniOzoneClusterImpl-5e97dea3-99a6-4a1a-83d8-52833a14f548/datanode-1/data/containers] WARN  fs.CachingGetSpaceUsed (CachingGetSpaceUsed.java:run(183)) - Thread Interrupted waiting to refresh disk information: sleep interrupted
2019-10-14 12:44:11,878 [refreshUsed-/workdir/hadoop-ozone/integration-test/target/test-dir/MiniOzoneClusterImpl-5e97dea3-99a6-4a1a-83d8-52833a14f548/datanode-4/data/containers] WARN  fs.CachingGetSpaceUsed (CachingGetSpaceUsed.java:run(183)) - Thread Interrupted waiting to refresh disk information: sleep interrupted
2019-10-14 12:44:11,890 [ForkJoinPool.commonPool-worker-0] INFO  utils.BackgroundService (BackgroundService.java:shutdown(151)) - Shutting down service BlockDeletingService
2019-10-14 12:44:11,896 [ForkJoinPool.commonPool-worker-0] INFO  statemachine.DatanodeStateMachine (DatanodeStateMachine.java:stopDaemon(395)) - Ozone container server stopped.
2019-10-14 12:44:11,901 [ForkJoinPool.commonPool-worker-0] INFO  handler.ContextHandler (ContextHandler.java:doStop(910)) - Stopped o.e.j.w.WebAppContext@404ced67{/,null,UNAVAILABLE}{/hddsDatanode}
2019-10-14 12:44:11,902 [ForkJoinPool.commonPool-worker-0] INFO  server.AbstractConnector (AbstractConnector.java:doStop(318)) - Stopped ServerConnector@71531dd7{HTTP/1.1,[http/1.1]}{0.0.0.0:0}
2019-10-14 12:44:11,904 [ForkJoinPool.commonPool-worker-0] INFO  handler.ContextHandler (ContextHandler.java:doStop(910)) - Stopped o.e.j.s.ServletContextHandler@1e2445f6{/static,jar:file:/home/user/.m2/repository/org/apache/hadoop/hadoop-hdds-container-service/0.5.0-SNAPSHOT/hadoop-hdds-container-service-0.5.0-SNAPSHOT.jar!/webapps/static,UNAVAILABLE}
2019-10-14 12:44:11,905 [ForkJoinPool.commonPool-worker-0] INFO  handler.ContextHandler (ContextHandler.java:doStop(910)) - Stopped o.e.j.s.ServletContextHandler@3a40bb52{/logs,file:///workdir/hadoop-ozone/integration-test/target/log,UNAVAILABLE}
2019-10-14 12:44:11,906 [main] INFO  utils.BackgroundService (BackgroundService.java:shutdown(151)) - Shutting down service BlockDeletingService
2019-10-14 12:44:11,911 [main] INFO  statemachine.DatanodeStateMachine (DatanodeStateMachine.java:stopDaemon(395)) - Ozone container server stopped.
2019-10-14 12:44:11,912 [main] INFO  handler.ContextHandler (ContextHandler.java:doStop(910)) - Stopped o.e.j.w.WebAppContext@2a99ca99{/,null,UNAVAILABLE}{/hddsDatanode}
2019-10-14 12:44:11,913 [main] INFO  server.AbstractConnector (AbstractConnector.java:doStop(318)) - Stopped ServerConnector@39f0c343{HTTP/1.1,[http/1.1]}{0.0.0.0:0}
2019-10-14 12:44:11,913 [main] INFO  handler.ContextHandler (ContextHandler.java:doStop(910)) - Stopped o.e.j.s.ServletContextHandler@621f23ac{/static,jar:file:/home/user/.m2/repository/org/apache/hadoop/hadoop-hdds-container-service/0.5.0-SNAPSHOT/hadoop-hdds-container-service-0.5.0-SNAPSHOT.jar!/webapps/static,UNAVAILABLE}
2019-10-14 12:44:11,914 [main] INFO  handler.ContextHandler (ContextHandler.java:doStop(910)) - Stopped o.e.j.s.ServletContextHandler@54ccb3{/logs,file:///workdir/hadoop-ozone/integration-test/target/log,UNAVAILABLE}
2019-10-14 12:44:12,458 [Datanode State Machine Thread - 0] INFO  statemachine.DatanodeStateMachine (DatanodeStateMachine.java:lambda$startDaemon$0(350)) - Ozone container server started.
2019-10-14 12:44:12,640 [Datanode State Machine Thread - 0] INFO  statemachine.DatanodeStateMachine (DatanodeStateMachine.java:lambda$startDaemon$0(350)) - Ozone container server started.
2019-10-14 12:44:13,475 [grpc-default-executor-7] WARN  server.GrpcLogAppender (LogUtils.java:warn(134)) - f415a011-bf04-42a9-bfe4-a2c91d6dceb5@group-7BC219FCF9F7->318f8cfb-a2bd-4d9d-9aa9-de47c092d73d-AppendLogResponseHandler: Failed appendEntries: org.apache.ratis.thirdparty.io.grpc.StatusRuntimeException: UNAVAILABLE: io exception
2019-10-14 12:44:13,475 [grpc-default-executor-7] INFO  impl.FollowerInfo (FollowerInfo.java:lambda$new$0(51)) - f415a011-bf04-42a9-bfe4-a2c91d6dceb5@group-7BC219FCF9F7->318f8cfb-a2bd-4d9d-9aa9-de47c092d73d: nextIndex: updateUnconditionally 18 -> 17
2019-10-14 12:44:13,490 [grpc-default-executor-9] WARN  server.GrpcLogAppender (LogUtils.java:warn(134)) - 8eca786c-f17c-46c4-a407-e9e275d1403c@group-AF4B5E66838B->3d3c9ba1-31bc-4814-8b33-081f8b7ff4a0-AppendLogResponseHandler: Failed appendEntries: org.apache.ratis.thirdparty.io.grpc.StatusRuntimeException: UNAVAILABLE: io exception
2019-10-14 12:44:13,490 [grpc-default-executor-9] INFO  impl.FollowerInfo (FollowerInfo.java:lambda$new$0(51)) - 8eca786c-f17c-46c4-a407-e9e275d1403c@group-AF4B5E66838B->3d3c9ba1-31bc-4814-8b33-081f8b7ff4a0: nextIndex: updateUnconditionally 17 -> 16
2019-10-14 12:44:13,497 [grpc-default-executor-7] WARN  server.GrpcLogAppender (LogUtils.java:warn(134)) - f415a011-bf04-42a9-bfe4-a2c91d6dceb5@group-7BC219FCF9F7->94b64f22-133c-45ad-ad28-450bbaa44dd0-AppendLogResponseHandler: Failed appendEntries: org.apache.ratis.thirdparty.io.grpc.StatusRuntimeException: UNAVAILABLE: io exception
2019-10-14 12:44:13,497 [grpc-default-executor-7] INFO  impl.FollowerInfo (FollowerInfo.java:lambda$new$0(51)) - f415a011-bf04-42a9-bfe4-a2c91d6dceb5@group-7BC219FCF9F7->94b64f22-133c-45ad-ad28-450bbaa44dd0: nextIndex: updateUnconditionally 0 -> 0
2019-10-14 12:44:13,503 [grpc-default-executor-1] WARN  server.GrpcLogAppender (LogUtils.java:warn(134)) - 8eca786c-f17c-46c4-a407-e9e275d1403c@group-AF4B5E66838B->3d3c9ba1-31bc-4814-8b33-081f8b7ff4a0-AppendLogResponseHandler: Failed appendEntries: org.apache.ratis.thirdparty.io.grpc.StatusRuntimeException: UNAVAILABLE: io exception
2019-10-14 12:44:13,503 [grpc-default-executor-1] INFO  impl.FollowerInfo (FollowerInfo.java:lambda$new$0(51)) - 8eca786c-f17c-46c4-a407-e9e275d1403c@group-AF4B5E66838B->3d3c9ba1-31bc-4814-8b33-081f8b7ff4a0: nextIndex: updateUnconditionally 17 -> 16
2019-10-14 12:44:13,516 [RatisApplyTransactionExecutor 2] INFO  interfaces.Container (KeyValueContainer.java:flushAndSyncDB(386)) - Container 2 is synced with bcsId 14.
2019-10-14 12:44:13,516 [RatisApplyTransactionExecutor 2] INFO  interfaces.Container (KeyValueContainer.java:flushAndSyncDB(386)) - Container 2 is synced with bcsId 14.
2019-10-14 12:44:13,517 [grpc-default-executor-1] WARN  server.GrpcLogAppender (LogUtils.java:warn(134)) - 8eca786c-f17c-46c4-a407-e9e275d1403c@group-AF4B5E66838B->3d3c9ba1-31bc-4814-8b33-081f8b7ff4a0-AppendLogResponseHandler: Failed appendEntries: org.apache.ratis.thirdparty.io.grpc.StatusRuntimeException: UNAVAILABLE: io exception
2019-10-14 12:44:13,518 [grpc-default-executor-1] INFO  impl.FollowerInfo (FollowerInfo.java:lambda$new$0(51)) - 8eca786c-f17c-46c4-a407-e9e275d1403c@group-AF4B5E66838B->3d3c9ba1-31bc-4814-8b33-081f8b7ff4a0: nextIndex: updateUnconditionally 17 -> 16
2019-10-14 12:44:13,529 [RatisApplyTransactionExecutor 2] INFO  interfaces.Container (KeyValueContainer.java:close(335)) - Container 2 is closed with bcsId 14.
2019-10-14 12:44:13,530 [EventQueue-IncrementalContainerReportForIncrementalContainerReportHandler] INFO  container.IncrementalContainerReportHandler (AbstractContainerReportHandler.java:updateContainerState(178)) - Moving container #2 to CLOSED state, datanode 8eca786c-f17c-46c4-a407-e9e275d1403c{ip: 192.168.151.107, host: pr-hdds-2299-hlwdq-549545603, networkLocation: /default-rack, certSerialId: null} reported CLOSED replica.
2019-10-14 12:44:13,531 [RatisApplyTransactionExecutor 2] INFO  interfaces.Container (KeyValueContainer.java:flushAndSyncDB(386)) - Container 2 is synced with bcsId 14.
2019-10-14 12:44:13,531 [RatisApplyTransactionExecutor 2] INFO  interfaces.Container (KeyValueContainer.java:flushAndSyncDB(386)) - Container 2 is synced with bcsId 14.
2019-10-14 12:44:13,543 [RatisApplyTransactionExecutor 2] INFO  interfaces.Container (KeyValueContainer.java:close(335)) - Container 2 is closed with bcsId 14.
2019-10-14 12:44:15,977 [grpc-default-executor-1] WARN  server.GrpcLogAppender (LogUtils.java:warn(134)) - f415a011-bf04-42a9-bfe4-a2c91d6dceb5@group-7BC219FCF9F7->318f8cfb-a2bd-4d9d-9aa9-de47c092d73d-AppendLogResponseHandler: Failed appendEntries: org.apache.ratis.thirdparty.io.grpc.StatusRuntimeException: UNAVAILABLE: io exception
2019-10-14 12:44:15,978 [grpc-default-executor-1] INFO  impl.FollowerInfo (FollowerInfo.java:lambda$new$0(51)) - f415a011-bf04-42a9-bfe4-a2c91d6dceb5@group-7BC219FCF9F7->318f8cfb-a2bd-4d9d-9aa9-de47c092d73d: nextIndex: updateUnconditionally 17 -> 16
2019-10-14 12:44:15,997 [grpc-default-executor-9] WARN  server.GrpcLogAppender (LogUtils.java:warn(134)) - f415a011-bf04-42a9-bfe4-a2c91d6dceb5@group-7BC219FCF9F7->94b64f22-133c-45ad-ad28-450bbaa44dd0-AppendLogResponseHandler: Failed appendEntries: org.apache.ratis.thirdparty.io.grpc.StatusRuntimeException: UNAVAILABLE: io exception
2019-10-14 12:44:15,998 [grpc-default-executor-9] INFO  impl.FollowerInfo (FollowerInfo.java:lambda$new$0(51)) - f415a011-bf04-42a9-bfe4-a2c91d6dceb5@group-7BC219FCF9F7->94b64f22-133c-45ad-ad28-450bbaa44dd0: nextIndex: updateUnconditionally 0 -> 0
2019-10-14 12:44:16,018 [grpc-default-executor-7] WARN  server.GrpcLogAppender (LogUtils.java:warn(134)) - 8eca786c-f17c-46c4-a407-e9e275d1403c@group-AF4B5E66838B->3d3c9ba1-31bc-4814-8b33-081f8b7ff4a0-AppendLogResponseHandler: Failed appendEntries: org.apache.ratis.thirdparty.io.grpc.StatusRuntimeException: UNAVAILABLE: io exception
2019-10-14 12:44:16,018 [grpc-default-executor-7] INFO  impl.FollowerInfo (FollowerInfo.java:lambda$new$0(51)) - 8eca786c-f17c-46c4-a407-e9e275d1403c@group-AF4B5E66838B->3d3c9ba1-31bc-4814-8b33-081f8b7ff4a0: nextIndex: updateUnconditionally 16 -> 15
2019-10-14 12:44:16,552 [EventQueue-StaleNodeForStaleNodeHandler] INFO  node.StaleNodeHandler (StaleNodeHandler.java:onMessage(58)) - Datanode 8a8ff637-77fd-447d-9d9b-3a3b1f3f2542{ip: 192.168.151.107, host: pr-hdds-2299-hlwdq-549545603, networkLocation: /default-rack, certSerialId: null} moved to stale state. Finalizing its pipelines [PipelineID=b68f24cf-6257-40f7-86d5-5a2c51e97e7c, PipelineID=ac0a45ba-cc2d-4bc4-9491-af4b5e66838b]
2019-10-14 12:44:16,553 [EventQueue-StaleNodeForStaleNodeHandler] INFO  pipeline.SCMPipelineManager (SCMPipelineManager.java:finalizeAndDestroyPipeline(315)) - destroying pipeline:Pipeline[ Id: b68f24cf-6257-40f7-86d5-5a2c51e97e7c, Nodes: 8a8ff637-77fd-447d-9d9b-3a3b1f3f2542{ip: 192.168.151.107, host: pr-hdds-2299-hlwdq-549545603, networkLocation: /default-rack, certSerialId: null}, Type:RATIS, Factor:ONE, State:OPEN]
2019-10-14 12:44:16,553 [EventQueue-StaleNodeForStaleNodeHandler] INFO  pipeline.PipelineStateManager (PipelineStateManager.java:finalizePipeline(123)) - Pipeline Pipeline[ Id: b68f24cf-6257-40f7-86d5-5a2c51e97e7c, Nodes: 8a8ff637-77fd-447d-9d9b-3a3b1f3f2542{ip: 192.168.151.107, host: pr-hdds-2299-hlwdq-549545603, networkLocation: /default-rack, certSerialId: null}, Type:RATIS, Factor:ONE, State:CLOSED] moved to CLOSED state
2019-10-14 12:44:16,553 [EventQueue-StaleNodeForStaleNodeHandler] INFO  pipeline.SCMPipelineManager (SCMPipelineManager.java:finalizeAndDestroyPipeline(315)) - destroying pipeline:Pipeline[ Id: ac0a45ba-cc2d-4bc4-9491-af4b5e66838b, Nodes: 8a8ff637-77fd-447d-9d9b-3a3b1f3f2542{ip: 192.168.151.107, host: pr-hdds-2299-hlwdq-549545603, networkLocation: /default-rack, certSerialId: null}3d3c9ba1-31bc-4814-8b33-081f8b7ff4a0{ip: 192.168.151.107, host: pr-hdds-2299-hlwdq-549545603, networkLocation: /default-rack, certSerialId: null}8eca786c-f17c-46c4-a407-e9e275d1403c{ip: 192.168.151.107, host: pr-hdds-2299-hlwdq-549545603, networkLocation: /default-rack, certSerialId: null}, Type:RATIS, Factor:THREE, State:CLOSED]
2019-10-14 12:44:16,652 [EventQueue-StaleNodeForStaleNodeHandler] INFO  node.StaleNodeHandler (StaleNodeHandler.java:onMessage(58)) - Datanode f415a011-bf04-42a9-bfe4-a2c91d6dceb5{ip: 192.168.151.107, host: pr-hdds-2299-hlwdq-549545603, networkLocation: /default-rack, certSerialId: null} moved to stale state. Finalizing its pipelines [PipelineID=1e57068f-8c2c-4f58-a477-7bc219fcf9f7, PipelineID=66c20ec4-0c45-4fd5-ba05-685887d8f07f]
2019-10-14 12:44:16,653 [EventQueue-StaleNodeForStaleNodeHandler] INFO  pipeline.SCMPipelineManager (SCMPipelineManager.java:finalizeAndDestroyPipeline(315)) - destroying pipeline:Pipeline[ Id: 1e57068f-8c2c-4f58-a477-7bc219fcf9f7, Nodes: 94b64f22-133c-45ad-ad28-450bbaa44dd0{ip: 192.168.151.107, host: pr-hdds-2299-hlwdq-549545603, networkLocation: /default-rack, certSerialId: null}318f8cfb-a2bd-4d9d-9aa9-de47c092d73d{ip: 192.168.151.107, host: pr-hdds-2299-hlwdq-549545603, networkLocation: /default-rack, certSerialId: null}f415a011-bf04-42a9-bfe4-a2c91d6dceb5{ip: 192.168.151.107, host: pr-hdds-2299-hlwdq-549545603, networkLocation: /default-rack, certSerialId: null}, Type:RATIS, Factor:THREE, State:CLOSED]
2019-10-14 12:44:16,653 [EventQueue-StaleNodeForStaleNodeHandler] INFO  pipeline.SCMPipelineManager (SCMPipelineManager.java:finalizeAndDestroyPipeline(315)) - destroying pipeline:Pipeline[ Id: 66c20ec4-0c45-4fd5-ba05-685887d8f07f, Nodes: f415a011-bf04-42a9-bfe4-a2c91d6dceb5{ip: 192.168.151.107, host: pr-hdds-2299-hlwdq-549545603, networkLocation: /default-rack, certSerialId: null}, Type:RATIS, Factor:ONE, State:OPEN]
2019-10-14 12:44:16,653 [EventQueue-StaleNodeForStaleNodeHandler] INFO  pipeline.PipelineStateManager (PipelineStateManager.java:finalizePipeline(123)) - Pipeline Pipeline[ Id: 66c20ec4-0c45-4fd5-ba05-685887d8f07f, Nodes: f415a011-bf04-42a9-bfe4-a2c91d6dceb5{ip: 192.168.151.107, host: pr-hdds-2299-hlwdq-549545603, networkLocation: /default-rack, certSerialId: null}, Type:RATIS, Factor:ONE, State:CLOSED] moved to CLOSED state
2019-10-14 12:44:16,908 [ForkJoinPool.commonPool-worker-0] INFO  ozoneimpl.OzoneContainer (OzoneContainer.java:stop(227)) - Attempting to stop container services.
2019-10-14 12:44:16,913 [ForkJoinPool.commonPool-worker-0] INFO  impl.RaftServerProxy (RaftServerProxy.java:lambda$close$4(314)) - f415a011-bf04-42a9-bfe4-a2c91d6dceb5: close
2019-10-14 12:44:16,914 [ForkJoinPool.commonPool-worker-0] INFO  impl.RaftServerImpl (RaftServerImpl.java:lambda$shutdown$3(247)) - f415a011-bf04-42a9-bfe4-a2c91d6dceb5@group-7BC219FCF9F7: shutdown
2019-10-14 12:44:16,914 [ForkJoinPool.commonPool-worker-0] INFO  util.JmxRegister (JmxRegister.java:unregister(73)) - Successfully un-registered JMX Bean with object name Ratis:service=RaftServer,group=group-7BC219FCF9F7,id=f415a011-bf04-42a9-bfe4-a2c91d6dceb5
2019-10-14 12:44:16,914 [ForkJoinPool.commonPool-worker-0] INFO  impl.RoleInfo (RoleInfo.java:shutdownLeaderState(104)) - f415a011-bf04-42a9-bfe4-a2c91d6dceb5: shutdown LeaderState
2019-10-14 12:44:16,919 [org.apache.ratis.server.impl.LogAppender$AppenderDaemon$$Lambda$548/269285323@84b98d7] WARN  server.GrpcLogAppender (GrpcLogAppender.java:mayWait(143)) - f415a011-bf04-42a9-bfe4-a2c91d6dceb5@group-7BC219FCF9F7->94b64f22-133c-45ad-ad28-450bbaa44dd0-GrpcLogAppender: Wait interrupted by java.lang.InterruptedException
2019-10-14 12:44:16,919 [ForkJoinPool.commonPool-worker-0] INFO  impl.PendingRequests (PendingRequests.java:sendNotLeaderResponses(202)) - f415a011-bf04-42a9-bfe4-a2c91d6dceb5@group-7BC219FCF9F7-PendingRequests: sendNotLeaderResponses
2019-10-14 12:44:16,919 [org.apache.ratis.server.impl.LogAppender$AppenderDaemon$$Lambda$548/269285323@27654f7d] WARN  server.GrpcLogAppender (GrpcLogAppender.java:mayWait(143)) - f415a011-bf04-42a9-bfe4-a2c91d6dceb5@group-7BC219FCF9F7->318f8cfb-a2bd-4d9d-9aa9-de47c092d73d-GrpcLogAppender: Wait interrupted by java.lang.InterruptedException
2019-10-14 12:44:16,919 [main] INFO  ozoneimpl.OzoneContainer (OzoneContainer.java:stop(227)) - Attempting to stop container services.
2019-10-14 12:44:16,920 [main] INFO  impl.RaftServerProxy (RaftServerProxy.java:lambda$close$4(314)) - 8a8ff637-77fd-447d-9d9b-3a3b1f3f2542: close
2019-10-14 12:44:16,920 [ForkJoinPool.commonPool-worker-0] INFO  impl.StateMachineUpdater (StateMachineUpdater.java:stopAndJoin(136)) - f415a011-bf04-42a9-bfe4-a2c91d6dceb5@group-7BC219FCF9F7-StateMachineUpdater: set stopIndex = 18
2019-10-14 12:44:16,920 [f415a011-bf04-42a9-bfe4-a2c91d6dceb5@group-7BC219FCF9F7-StateMachineUpdater] INFO  ratis.ContainerStateMachine (ContainerStateMachine.java:takeSnapshot(294)) - group-7BC219FCF9F7: Taking a snapshot at:(t:1, i:14) file /workdir/hadoop-ozone/integration-test/target/test-dir/MiniOzoneClusterImpl-5e97dea3-99a6-4a1a-83d8-52833a14f548/datanode-0/data/ratis/1e57068f-8c2c-4f58-a477-7bc219fcf9f7/sm/snapshot.1_14
2019-10-14 12:44:16,920 [main] INFO  impl.RaftServerImpl (RaftServerImpl.java:lambda$shutdown$3(247)) - 8a8ff637-77fd-447d-9d9b-3a3b1f3f2542@group-5A2C51E97E7C: shutdown
2019-10-14 12:44:16,921 [main] INFO  util.JmxRegister (JmxRegister.java:unregister(73)) - Successfully un-registered JMX Bean with object name Ratis:service=RaftServer,group=group-5A2C51E97E7C,id=8a8ff637-77fd-447d-9d9b-3a3b1f3f2542
2019-10-14 12:44:16,921 [main] INFO  impl.RoleInfo (RoleInfo.java:shutdownLeaderState(104)) - 8a8ff637-77fd-447d-9d9b-3a3b1f3f2542: shutdown LeaderState
2019-10-14 12:44:16,922 [main] INFO  impl.PendingRequests (PendingRequests.java:sendNotLeaderResponses(202)) - 8a8ff637-77fd-447d-9d9b-3a3b1f3f2542@group-5A2C51E97E7C-PendingRequests: sendNotLeaderResponses
2019-10-14 12:44:16,922 [main] INFO  impl.StateMachineUpdater (StateMachineUpdater.java:stopAndJoin(136)) - 8a8ff637-77fd-447d-9d9b-3a3b1f3f2542@group-5A2C51E97E7C-StateMachineUpdater: set stopIndex = 0
2019-10-14 12:44:16,922 [main] INFO  impl.RaftServerImpl (ServerState.java:close(387)) - 8a8ff637-77fd-447d-9d9b-3a3b1f3f2542@group-5A2C51E97E7C: closes. applyIndex: 0
2019-10-14 12:44:16,923 [8a8ff637-77fd-447d-9d9b-3a3b1f3f2542@group-5A2C51E97E7C-SegmentedRaftLogWorker] INFO  segmented.SegmentedRaftLogWorker (SegmentedRaftLogWorker.java:run(316)) - 8a8ff637-77fd-447d-9d9b-3a3b1f3f2542@group-5A2C51E97E7C-SegmentedRaftLogWorker was interrupted, exiting. There are 0 tasks remaining in the queue.
2019-10-14 12:44:16,923 [main] INFO  segmented.SegmentedRaftLogWorker (SegmentedRaftLogWorker.java:close(224)) - 8a8ff637-77fd-447d-9d9b-3a3b1f3f2542@group-5A2C51E97E7C-SegmentedRaftLogWorker close()
2019-10-14 12:44:16,926 [main] INFO  impl.RaftServerImpl (RaftServerImpl.java:lambda$shutdown$3(247)) - 8a8ff637-77fd-447d-9d9b-3a3b1f3f2542@group-AF4B5E66838B: shutdown
2019-10-14 12:44:16,926 [main] INFO  util.JmxRegister (JmxRegister.java:unregister(73)) - Successfully un-registered JMX Bean with object name Ratis:service=RaftServer,group=group-AF4B5E66838B,id=8a8ff637-77fd-447d-9d9b-3a3b1f3f2542
2019-10-14 12:44:16,926 [main] INFO  impl.RoleInfo (RoleInfo.java:shutdownFollowerState(121)) - 8a8ff637-77fd-447d-9d9b-3a3b1f3f2542: shutdown FollowerState
2019-10-14 12:44:16,927 [main] INFO  impl.StateMachineUpdater (StateMachineUpdater.java:stopAndJoin(136)) - 8a8ff637-77fd-447d-9d9b-3a3b1f3f2542@group-AF4B5E66838B-StateMachineUpdater: set stopIndex = 18
2019-10-14 12:44:16,927 [8a8ff637-77fd-447d-9d9b-3a3b1f3f2542@group-AF4B5E66838B-StateMachineUpdater] INFO  ratis.ContainerStateMachine (ContainerStateMachine.java:takeSnapshot(294)) - group-AF4B5E66838B: Taking a snapshot at:(t:2, i:17) file /workdir/hadoop-ozone/integration-test/target/test-dir/MiniOzoneClusterImpl-5e97dea3-99a6-4a1a-83d8-52833a14f548/datanode-3/data/ratis/ac0a45ba-cc2d-4bc4-9491-af4b5e66838b/sm/snapshot.2_17
2019-10-14 12:44:16,927 [Thread-3188] INFO  impl.FollowerState (FollowerState.java:run(117)) - 8a8ff637-77fd-447d-9d9b-3a3b1f3f2542@group-AF4B5E66838B-FollowerState was interrupted: java.lang.InterruptedException: sleep interrupted
2019-10-14 12:44:16,948 [f415a011-bf04-42a9-bfe4-a2c91d6dceb5@group-7BC219FCF9F7-StateMachineUpdater] INFO  ratis.ContainerStateMachine (ContainerStateMachine.java:takeSnapshot(305)) - group-7BC219FCF9F7: Finished taking a snapshot at:(t:1, i:14) file:/workdir/hadoop-ozone/integration-test/target/test-dir/MiniOzoneClusterImpl-5e97dea3-99a6-4a1a-83d8-52833a14f548/datanode-0/data/ratis/1e57068f-8c2c-4f58-a477-7bc219fcf9f7/sm/snapshot.1_14 time:27
2019-10-14 12:44:16,948 [8a8ff637-77fd-447d-9d9b-3a3b1f3f2542@group-AF4B5E66838B-StateMachineUpdater] INFO  ratis.ContainerStateMachine (ContainerStateMachine.java:takeSnapshot(305)) - group-AF4B5E66838B: Finished taking a snapshot at:(t:2, i:17) file:/workdir/hadoop-ozone/integration-test/target/test-dir/MiniOzoneClusterImpl-5e97dea3-99a6-4a1a-83d8-52833a14f548/datanode-3/data/ratis/ac0a45ba-cc2d-4bc4-9491-af4b5e66838b/sm/snapshot.2_17 time:20
2019-10-14 12:44:16,948 [f415a011-bf04-42a9-bfe4-a2c91d6dceb5@group-7BC219FCF9F7-StateMachineUpdater] INFO  impl.StateMachineUpdater (StateMachineUpdater.java:takeSnapshot(269)) - f415a011-bf04-42a9-bfe4-a2c91d6dceb5@group-7BC219FCF9F7-StateMachineUpdater: Took a snapshot at index 14
2019-10-14 12:44:16,948 [8a8ff637-77fd-447d-9d9b-3a3b1f3f2542@group-AF4B5E66838B-StateMachineUpdater] INFO  impl.StateMachineUpdater (StateMachineUpdater.java:takeSnapshot(269)) - 8a8ff637-77fd-447d-9d9b-3a3b1f3f2542@group-AF4B5E66838B-StateMachineUpdater: Took a snapshot at index 17
2019-10-14 12:44:16,948 [f415a011-bf04-42a9-bfe4-a2c91d6dceb5@group-7BC219FCF9F7-StateMachineUpdater] INFO  impl.StateMachineUpdater (StateMachineUpdater.java:lambda$new$0(84)) - f415a011-bf04-42a9-bfe4-a2c91d6dceb5@group-7BC219FCF9F7-StateMachineUpdater: snapshotIndex: updateIncreasingly -1 -> 14
2019-10-14 12:44:16,948 [8a8ff637-77fd-447d-9d9b-3a3b1f3f2542@group-AF4B5E66838B-StateMachineUpdater] INFO  impl.StateMachineUpdater (StateMachineUpdater.java:lambda$new$0(84)) - 8a8ff637-77fd-447d-9d9b-3a3b1f3f2542@group-AF4B5E66838B-StateMachineUpdater: snapshotIndex: updateIncreasingly -1 -> 17
2019-10-14 12:44:16,949 [f415a011-bf04-42a9-bfe4-a2c91d6dceb5@group-7BC219FCF9F7-StateMachineUpdater] INFO  ratis.ContainerStateMachine (ContainerStateMachine.java:takeSnapshot(294)) - group-7BC219FCF9F7: Taking a snapshot at:(t:1, i:14) file /workdir/hadoop-ozone/integration-test/target/test-dir/MiniOzoneClusterImpl-5e97dea3-99a6-4a1a-83d8-52833a14f548/datanode-0/data/ratis/1e57068f-8c2c-4f58-a477-7bc219fcf9f7/sm/snapshot.1_14
2019-10-14 12:44:16,949 [8a8ff637-77fd-447d-9d9b-3a3b1f3f2542@group-AF4B5E66838B-StateMachineUpdater] INFO  ratis.ContainerStateMachine (ContainerStateMachine.java:takeSnapshot(294)) - group-AF4B5E66838B: Taking a snapshot at:(t:2, i:17) file /workdir/hadoop-ozone/integration-test/target/test-dir/MiniOzoneClusterImpl-5e97dea3-99a6-4a1a-83d8-52833a14f548/datanode-3/data/ratis/ac0a45ba-cc2d-4bc4-9491-af4b5e66838b/sm/snapshot.2_17
2019-10-14 12:44:16,973 [f415a011-bf04-42a9-bfe4-a2c91d6dceb5@group-7BC219FCF9F7-StateMachineUpdater] INFO  ratis.ContainerStateMachine (ContainerStateMachine.java:takeSnapshot(305)) - group-7BC219FCF9F7: Finished taking a snapshot at:(t:1, i:14) file:/workdir/hadoop-ozone/integration-test/target/test-dir/MiniOzoneClusterImpl-5e97dea3-99a6-4a1a-83d8-52833a14f548/datanode-0/data/ratis/1e57068f-8c2c-4f58-a477-7bc219fcf9f7/sm/snapshot.1_14 time:25
2019-10-14 12:44:16,973 [8a8ff637-77fd-447d-9d9b-3a3b1f3f2542@group-AF4B5E66838B-StateMachineUpdater] INFO  ratis.ContainerStateMachine (ContainerStateMachine.java:takeSnapshot(305)) - group-AF4B5E66838B: Finished taking a snapshot at:(t:2, i:17) file:/workdir/hadoop-ozone/integration-test/target/test-dir/MiniOzoneClusterImpl-5e97dea3-99a6-4a1a-83d8-52833a14f548/datanode-3/data/ratis/ac0a45ba-cc2d-4bc4-9491-af4b5e66838b/sm/snapshot.2_17 time:25
2019-10-14 12:44:16,973 [f415a011-bf04-42a9-bfe4-a2c91d6dceb5@group-7BC219FCF9F7-StateMachineUpdater] INFO  impl.StateMachineUpdater (StateMachineUpdater.java:takeSnapshot(269)) - f415a011-bf04-42a9-bfe4-a2c91d6dceb5@group-7BC219FCF9F7-StateMachineUpdater: Took a snapshot at index 14
2019-10-14 12:44:16,973 [f415a011-bf04-42a9-bfe4-a2c91d6dceb5@group-7BC219FCF9F7-StateMachineUpdater] INFO  impl.StateMachineUpdater (StateMachineUpdater.java:lambda$new$0(84)) - f415a011-bf04-42a9-bfe4-a2c91d6dceb5@group-7BC219FCF9F7-StateMachineUpdater: snapshotIndex: updateIncreasingly 14 -> 14
2019-10-14 12:44:16,974 [8a8ff637-77fd-447d-9d9b-3a3b1f3f2542@group-AF4B5E66838B-StateMachineUpdater] INFO  impl.StateMachineUpdater (StateMachineUpdater.java:takeSnapshot(269)) - 8a8ff637-77fd-447d-9d9b-3a3b1f3f2542@group-AF4B5E66838B-StateMachineUpdater: Took a snapshot at index 17
2019-10-14 12:44:16,974 [ForkJoinPool.commonPool-worker-0] INFO  impl.RaftServerImpl (ServerState.java:close(387)) - f415a011-bf04-42a9-bfe4-a2c91d6dceb5@group-7BC219FCF9F7: closes. applyIndex: 18
2019-10-14 12:44:16,974 [8a8ff637-77fd-447d-9d9b-3a3b1f3f2542@group-AF4B5E66838B-StateMachineUpdater] INFO  impl.StateMachineUpdater (StateMachineUpdater.java:lambda$new$0(84)) - 8a8ff637-77fd-447d-9d9b-3a3b1f3f2542@group-AF4B5E66838B-StateMachineUpdater: snapshotIndex: updateIncreasingly 17 -> 17
2019-10-14 12:44:16,974 [f415a011-bf04-42a9-bfe4-a2c91d6dceb5@group-7BC219FCF9F7-SegmentedRaftLogWorker] INFO  segmented.SegmentedRaftLogWorker (SegmentedRaftLogWorker.java:run(316)) - f415a011-bf04-42a9-bfe4-a2c91d6dceb5@group-7BC219FCF9F7-SegmentedRaftLogWorker was interrupted, exiting. There are 0 tasks remaining in the queue.
2019-10-14 12:44:16,976 [ForkJoinPool.commonPool-worker-0] INFO  segmented.SegmentedRaftLogWorker (SegmentedRaftLogWorker.java:close(224)) - f415a011-bf04-42a9-bfe4-a2c91d6dceb5@group-7BC219FCF9F7-SegmentedRaftLogWorker close()
2019-10-14 12:44:16,976 [main] INFO  impl.RaftServerImpl (ServerState.java:close(387)) - 8a8ff637-77fd-447d-9d9b-3a3b1f3f2542@group-AF4B5E66838B: closes. applyIndex: 18
2019-10-14 12:44:16,977 [ForkJoinPool.commonPool-worker-0] INFO  impl.RaftServerImpl (RaftServerImpl.java:lambda$shutdown$3(247)) - f415a011-bf04-42a9-bfe4-a2c91d6dceb5@group-685887D8F07F: shutdown
2019-10-14 12:44:16,978 [8a8ff637-77fd-447d-9d9b-3a3b1f3f2542@group-AF4B5E66838B-SegmentedRaftLogWorker] INFO  segmented.SegmentedRaftLogWorker (SegmentedRaftLogWorker.java:run(316)) - 8a8ff637-77fd-447d-9d9b-3a3b1f3f2542@group-AF4B5E66838B-SegmentedRaftLogWorker was interrupted, exiting. There are 0 tasks remaining in the queue.
2019-10-14 12:44:16,978 [ForkJoinPool.commonPool-worker-0] INFO  util.JmxRegister (JmxRegister.java:unregister(73)) - Successfully un-registered JMX Bean with object name Ratis:service=RaftServer,group=group-685887D8F07F,id=f415a011-bf04-42a9-bfe4-a2c91d6dceb5
2019-10-14 12:44:16,979 [main] INFO  segmented.SegmentedRaftLogWorker (SegmentedRaftLogWorker.java:close(224)) - 8a8ff637-77fd-447d-9d9b-3a3b1f3f2542@group-AF4B5E66838B-SegmentedRaftLogWorker close()
2019-10-14 12:44:16,979 [ForkJoinPool.commonPool-worker-0] INFO  impl.RoleInfo (RoleInfo.java:shutdownLeaderState(104)) - f415a011-bf04-42a9-bfe4-a2c91d6dceb5: shutdown LeaderState
2019-10-14 12:44:16,981 [main] INFO  server.GrpcService (GrpcService.java:closeImpl(164)) - 8a8ff637-77fd-447d-9d9b-3a3b1f3f2542: shutdown server with port 45707 now
2019-10-14 12:44:16,981 [ForkJoinPool.commonPool-worker-0] INFO  impl.PendingRequests (PendingRequests.java:sendNotLeaderResponses(202)) - f415a011-bf04-42a9-bfe4-a2c91d6dceb5@group-685887D8F07F-PendingRequests: sendNotLeaderResponses
2019-10-14 12:44:16,982 [ForkJoinPool.commonPool-worker-0] INFO  impl.StateMachineUpdater (StateMachineUpdater.java:stopAndJoin(136)) - f415a011-bf04-42a9-bfe4-a2c91d6dceb5@group-685887D8F07F-StateMachineUpdater: set stopIndex = 0
2019-10-14 12:44:16,982 [ForkJoinPool.commonPool-worker-0] INFO  impl.RaftServerImpl (ServerState.java:close(387)) - f415a011-bf04-42a9-bfe4-a2c91d6dceb5@group-685887D8F07F: closes. applyIndex: 0
2019-10-14 12:44:16,982 [f415a011-bf04-42a9-bfe4-a2c91d6dceb5@group-685887D8F07F-SegmentedRaftLogWorker] INFO  segmented.SegmentedRaftLogWorker (SegmentedRaftLogWorker.java:run(316)) - f415a011-bf04-42a9-bfe4-a2c91d6dceb5@group-685887D8F07F-SegmentedRaftLogWorker was interrupted, exiting. There are 0 tasks remaining in the queue.
2019-10-14 12:44:16,982 [ForkJoinPool.commonPool-worker-0] INFO  segmented.SegmentedRaftLogWorker (SegmentedRaftLogWorker.java:close(224)) - f415a011-bf04-42a9-bfe4-a2c91d6dceb5@group-685887D8F07F-SegmentedRaftLogWorker close()
2019-10-14 12:44:16,983 [grpc-default-executor-1] WARN  server.GrpcLogAppender (LogUtils.java:warn(134)) - 8eca786c-f17c-46c4-a407-e9e275d1403c@group-AF4B5E66838B->8a8ff637-77fd-447d-9d9b-3a3b1f3f2542-AppendLogResponseHandler: Failed appendEntries: org.apache.ratis.thirdparty.io.grpc.StatusRuntimeException: CANCELLED: HTTP/2 error code: CANCEL
Received Rst Stream
2019-10-14 12:44:16,983 [grpc-default-executor-7] WARN  server.GrpcServerProtocolService (LogUtils.java:warn(134)) - 8a8ff637-77fd-447d-9d9b-3a3b1f3f2542: installSnapshot onError, lastRequest: 8eca786c-f17c-46c4-a407-e9e275d1403c->8a8ff637-77fd-447d-9d9b-3a3b1f3f2542#30-t2, previous=(t:2, i:18), leaderCommit=18, initializing? false, entries: <empty>: org.apache.ratis.thirdparty.io.grpc.StatusRuntimeException: CANCELLED: cancelled before receiving half close
2019-10-14 12:44:16,983 [main] INFO  server.GrpcService (GrpcService.java:closeImpl(172)) - 8a8ff637-77fd-447d-9d9b-3a3b1f3f2542: shutdown server with port 45707 successfully
2019-10-14 12:44:16,984 [grpc-default-executor-1] INFO  impl.FollowerInfo (FollowerInfo.java:lambda$new$0(51)) - 8eca786c-f17c-46c4-a407-e9e275d1403c@group-AF4B5E66838B->8a8ff637-77fd-447d-9d9b-3a3b1f3f2542: nextIndex: updateUnconditionally 19 -> 18
2019-10-14 12:44:16,984 [ForkJoinPool.commonPool-worker-0] INFO  server.GrpcService (GrpcService.java:closeImpl(164)) - f415a011-bf04-42a9-bfe4-a2c91d6dceb5: shutdown server with port 42142 now
2019-10-14 12:44:16,996 [ForkJoinPool.commonPool-worker-0] INFO  server.GrpcService (GrpcService.java:closeImpl(172)) - f415a011-bf04-42a9-bfe4-a2c91d6dceb5: shutdown server with port 42142 successfully
2019-10-14 12:44:16,999 [refreshUsed-/workdir/hadoop-ozone/integration-test/target/test-dir/MiniOzoneClusterImpl-5e97dea3-99a6-4a1a-83d8-52833a14f548/datanode-3/data/containers] WARN  fs.CachingGetSpaceUsed (CachingGetSpaceUsed.java:run(183)) - Thread Interrupted waiting to refresh disk information: sleep interrupted
2019-10-14 12:44:17,002 [refreshUsed-/workdir/hadoop-ozone/integration-test/target/test-dir/MiniOzoneClusterImpl-5e97dea3-99a6-4a1a-83d8-52833a14f548/datanode-0/data/containers] WARN  fs.CachingGetSpaceUsed (CachingGetSpaceUsed.java:run(183)) - Thread Interrupted waiting to refresh disk information: sleep interrupted
2019-10-14 12:44:17,016 [ForkJoinPool.commonPool-worker-0] INFO  utils.BackgroundService (BackgroundService.java:shutdown(151)) - Shutting down service BlockDeletingService
2019-10-14 12:44:17,020 [ForkJoinPool.commonPool-worker-0] INFO  statemachine.DatanodeStateMachine (DatanodeStateMachine.java:stopDaemon(395)) - Ozone container server stopped.
2019-10-14 12:44:17,021 [main] INFO  utils.BackgroundService (BackgroundService.java:shutdown(151)) - Shutting down service BlockDeletingService
2019-10-14 12:44:17,026 [main] INFO  statemachine.DatanodeStateMachine (DatanodeStateMachine.java:stopDaemon(395)) - Ozone container server stopped.
2019-10-14 12:44:17,028 [ForkJoinPool.commonPool-worker-0] INFO  handler.ContextHandler (ContextHandler.java:doStop(910)) - Stopped o.e.j.w.WebAppContext@584ca390{/,null,UNAVAILABLE}{/hddsDatanode}
2019-10-14 12:44:17,028 [main] INFO  handler.ContextHandler (ContextHandler.java:doStop(910)) - Stopped o.e.j.w.WebAppContext@5329f6b3{/,null,UNAVAILABLE}{/hddsDatanode}
2019-10-14 12:44:17,029 [main] INFO  server.AbstractConnector (AbstractConnector.java:doStop(318)) - Stopped ServerConnector@597d48ca{HTTP/1.1,[http/1.1]}{0.0.0.0:0}
2019-10-14 12:44:17,029 [ForkJoinPool.commonPool-worker-0] INFO  server.AbstractConnector (AbstractConnector.java:doStop(318)) - Stopped ServerConnector@33324c05{HTTP/1.1,[http/1.1]}{0.0.0.0:0}
2019-10-14 12:44:17,030 [ForkJoinPool.commonPool-worker-0] INFO  handler.ContextHandler (ContextHandler.java:doStop(910)) - Stopped o.e.j.s.ServletContextHandler@14d8e132{/static,jar:file:/home/user/.m2/repository/org/apache/hadoop/hadoop-hdds-container-service/0.5.0-SNAPSHOT/hadoop-hdds-container-service-0.5.0-SNAPSHOT.jar!/webapps/static,UNAVAILABLE}
2019-10-14 12:44:17,031 [main] INFO  handler.ContextHandler (ContextHandler.java:doStop(910)) - Stopped o.e.j.s.ServletContextHandler@6cc48a17{/static,jar:file:/home/user/.m2/repository/org/apache/hadoop/hadoop-hdds-container-service/0.5.0-SNAPSHOT/hadoop-hdds-container-service-0.5.0-SNAPSHOT.jar!/webapps/static,UNAVAILABLE}
2019-10-14 12:44:17,032 [ForkJoinPool.commonPool-worker-0] INFO  handler.ContextHandler (ContextHandler.java:doStop(910)) - Stopped o.e.j.s.ServletContextHandler@4f5f474c{/logs,file:///workdir/hadoop-ozone/integration-test/target/log,UNAVAILABLE}
2019-10-14 12:44:17,032 [main] INFO  handler.ContextHandler (ContextHandler.java:doStop(910)) - Stopped o.e.j.s.ServletContextHandler@27ab206{/logs,file:///workdir/hadoop-ozone/integration-test/target/log,UNAVAILABLE}
2019-10-14 12:44:17,267 [Datanode State Machine Thread - 0] INFO  statemachine.DatanodeStateMachine (DatanodeStateMachine.java:lambda$startDaemon$0(350)) - Ozone container server started.
2019-10-14 12:44:18,520 [grpc-default-executor-9] WARN  server.GrpcLogAppender (LogUtils.java:warn(134)) - 8eca786c-f17c-46c4-a407-e9e275d1403c@group-AF4B5E66838B->3d3c9ba1-31bc-4814-8b33-081f8b7ff4a0-AppendLogResponseHandler: Failed appendEntries: org.apache.ratis.thirdparty.io.grpc.StatusRuntimeException: UNAVAILABLE: io exception
2019-10-14 12:44:18,521 [grpc-default-executor-9] INFO  impl.FollowerInfo (FollowerInfo.java:lambda$new$0(51)) - 8eca786c-f17c-46c4-a407-e9e275d1403c@group-AF4B5E66838B->3d3c9ba1-31bc-4814-8b33-081f8b7ff4a0: nextIndex: updateUnconditionally 15 -> 14
2019-10-14 12:44:18,523 [grpc-default-executor-7] WARN  server.GrpcLogAppender (LogUtils.java:warn(134)) - 8eca786c-f17c-46c4-a407-e9e275d1403c@group-AF4B5E66838B->8a8ff637-77fd-447d-9d9b-3a3b1f3f2542-AppendLogResponseHandler: Failed appendEntries: org.apache.ratis.thirdparty.io.grpc.StatusRuntimeException: UNAVAILABLE: io exception
2019-10-14 12:44:18,523 [grpc-default-executor-7] INFO  impl.FollowerInfo (FollowerInfo.java:lambda$new$0(51)) - 8eca786c-f17c-46c4-a407-e9e275d1403c@group-AF4B5E66838B->8a8ff637-77fd-447d-9d9b-3a3b1f3f2542: nextIndex: updateUnconditionally 18 -> 17
2019-10-14 12:44:21,027 [grpc-default-executor-9] WARN  server.GrpcLogAppender (LogUtils.java:warn(134)) - 8eca786c-f17c-46c4-a407-e9e275d1403c@group-AF4B5E66838B->3d3c9ba1-31bc-4814-8b33-081f8b7ff4a0-AppendLogResponseHandler: Failed appendEntries: org.apache.ratis.thirdparty.io.grpc.StatusRuntimeException: UNAVAILABLE: io exception
2019-10-14 12:44:21,027 [grpc-default-executor-10] WARN  server.GrpcLogAppender (LogUtils.java:warn(134)) - 8eca786c-f17c-46c4-a407-e9e275d1403c@group-AF4B5E66838B->8a8ff637-77fd-447d-9d9b-3a3b1f3f2542-AppendLogResponseHandler: Failed appendEntries: org.apache.ratis.thirdparty.io.grpc.StatusRuntimeException: UNAVAILABLE: io exception
2019-10-14 12:44:21,029 [grpc-default-executor-9] INFO  impl.FollowerInfo (FollowerInfo.java:lambda$new$0(51)) - 8eca786c-f17c-46c4-a407-e9e275d1403c@group-AF4B5E66838B->3d3c9ba1-31bc-4814-8b33-081f8b7ff4a0: nextIndex: updateUnconditionally 14 -> 13
2019-10-14 12:44:21,029 [grpc-default-executor-10] INFO  impl.FollowerInfo (FollowerInfo.java:lambda$new$0(51)) - 8eca786c-f17c-46c4-a407-e9e275d1403c@group-AF4B5E66838B->8a8ff637-77fd-447d-9d9b-3a3b1f3f2542: nextIndex: updateUnconditionally 17 -> 16
2019-10-14 12:44:21,357 [EventQueue-StaleNodeForStaleNodeHandler] INFO  node.StaleNodeHandler (StaleNodeHandler.java:onMessage(58)) - Datanode 963a71de-ad96-439a-9c43-fb233e6f682e{ip: 192.168.151.107, host: pr-hdds-2299-hlwdq-549545603, networkLocation: /default-rack, certSerialId: null} moved to stale state. Finalizing its pipelines [PipelineID=46dd1d18-6d63-4de9-bd9b-3651ee4d927f]
2019-10-14 12:44:21,358 [EventQueue-StaleNodeForStaleNodeHandler] INFO  pipeline.SCMPipelineManager (SCMPipelineManager.java:finalizeAndDestroyPipeline(315)) - destroying pipeline:Pipeline[ Id: 46dd1d18-6d63-4de9-bd9b-3651ee4d927f, Nodes: 963a71de-ad96-439a-9c43-fb233e6f682e{ip: 192.168.151.107, host: pr-hdds-2299-hlwdq-549545603, networkLocation: /default-rack, certSerialId: null}, Type:RATIS, Factor:ONE, State:OPEN]
2019-10-14 12:44:21,358 [EventQueue-StaleNodeForStaleNodeHandler] INFO  pipeline.PipelineStateManager (PipelineStateManager.java:finalizePipeline(123)) - Pipeline Pipeline[ Id: 46dd1d18-6d63-4de9-bd9b-3651ee4d927f, Nodes: 963a71de-ad96-439a-9c43-fb233e6f682e{ip: 192.168.151.107, host: pr-hdds-2299-hlwdq-549545603, networkLocation: /default-rack, certSerialId: null}, Type:RATIS, Factor:ONE, State:CLOSED] moved to CLOSED state
2019-10-14 12:44:22,034 [ForkJoinPool.commonPool-worker-0] INFO  ozoneimpl.OzoneContainer (OzoneContainer.java:stop(227)) - Attempting to stop container services.
2019-10-14 12:44:22,035 [ForkJoinPool.commonPool-worker-0] INFO  impl.RaftServerProxy (RaftServerProxy.java:lambda$close$4(314)) - 963a71de-ad96-439a-9c43-fb233e6f682e: close
2019-10-14 12:44:22,035 [ForkJoinPool.commonPool-worker-0] INFO  impl.RaftServerImpl (RaftServerImpl.java:lambda$shutdown$3(247)) - 963a71de-ad96-439a-9c43-fb233e6f682e@group-3651EE4D927F: shutdown
2019-10-14 12:44:22,035 [ForkJoinPool.commonPool-worker-0] INFO  util.JmxRegister (JmxRegister.java:unregister(73)) - Successfully un-registered JMX Bean with object name Ratis:service=RaftServer,group=group-3651EE4D927F,id=963a71de-ad96-439a-9c43-fb233e6f682e
2019-10-14 12:44:22,035 [ForkJoinPool.commonPool-worker-0] INFO  impl.RoleInfo (RoleInfo.java:shutdownLeaderState(104)) - 963a71de-ad96-439a-9c43-fb233e6f682e: shutdown LeaderState
2019-10-14 12:44:22,036 [ForkJoinPool.commonPool-worker-0] INFO  impl.PendingRequests (PendingRequests.java:sendNotLeaderResponses(202)) - 963a71de-ad96-439a-9c43-fb233e6f682e@group-3651EE4D927F-PendingRequests: sendNotLeaderResponses
2019-10-14 12:44:22,036 [ForkJoinPool.commonPool-worker-0] INFO  impl.StateMachineUpdater (StateMachineUpdater.java:stopAndJoin(136)) - 963a71de-ad96-439a-9c43-fb233e6f682e@group-3651EE4D927F-StateMachineUpdater: set stopIndex = 0
2019-10-14 12:44:22,037 [ForkJoinPool.commonPool-worker-0] INFO  impl.RaftServerImpl (ServerState.java:close(387)) - 963a71de-ad96-439a-9c43-fb233e6f682e@group-3651EE4D927F: closes. applyIndex: 0
2019-10-14 12:44:22,037 [963a71de-ad96-439a-9c43-fb233e6f682e@group-3651EE4D927F-SegmentedRaftLogWorker] INFO  segmented.SegmentedRaftLogWorker (SegmentedRaftLogWorker.java:run(316)) - 963a71de-ad96-439a-9c43-fb233e6f682e@group-3651EE4D927F-SegmentedRaftLogWorker was interrupted, exiting. There are 0 tasks remaining in the queue.
2019-10-14 12:44:22,037 [ForkJoinPool.commonPool-worker-0] INFO  segmented.SegmentedRaftLogWorker (SegmentedRaftLogWorker.java:close(224)) - 963a71de-ad96-439a-9c43-fb233e6f682e@group-3651EE4D927F-SegmentedRaftLogWorker close()
2019-10-14 12:44:22,040 [ForkJoinPool.commonPool-worker-0] INFO  server.GrpcService (GrpcService.java:closeImpl(164)) - 963a71de-ad96-439a-9c43-fb233e6f682e: shutdown server with port 33208 now
2019-10-14 12:44:22,040 [ForkJoinPool.commonPool-worker-0] INFO  server.GrpcService (GrpcService.java:closeImpl(172)) - 963a71de-ad96-439a-9c43-fb233e6f682e: shutdown server with port 33208 successfully
2019-10-14 12:44:22,043 [refreshUsed-/workdir/hadoop-ozone/integration-test/target/test-dir/MiniOzoneClusterImpl-5e97dea3-99a6-4a1a-83d8-52833a14f548/datanode-6/data/containers] WARN  fs.CachingGetSpaceUsed (CachingGetSpaceUsed.java:run(183)) - Thread Interrupted waiting to refresh disk information: sleep interrupted
2019-10-14 12:44:22,061 [ForkJoinPool.commonPool-worker-0] INFO  utils.BackgroundService (BackgroundService.java:shutdown(151)) - Shutting down service BlockDeletingService
2019-10-14 12:44:22,067 [ForkJoinPool.commonPool-worker-0] INFO  statemachine.DatanodeStateMachine (DatanodeStateMachine.java:stopDaemon(395)) - Ozone container server stopped.
2019-10-14 12:44:22,071 [ForkJoinPool.commonPool-worker-0] INFO  handler.ContextHandler (ContextHandler.java:doStop(910)) - Stopped o.e.j.w.WebAppContext@1537e43{/,null,UNAVAILABLE}{/hddsDatanode}
2019-10-14 12:44:22,072 [ForkJoinPool.commonPool-worker-0] INFO  server.AbstractConnector (AbstractConnector.java:doStop(318)) - Stopped ServerConnector@573aeab2{HTTP/1.1,[http/1.1]}{0.0.0.0:0}
2019-10-14 12:44:22,074 [ForkJoinPool.commonPool-worker-0] INFO  handler.ContextHandler (ContextHandler.java:doStop(910)) - Stopped o.e.j.s.ServletContextHandler@5d2a86c0{/static,jar:file:/home/user/.m2/repository/org/apache/hadoop/hadoop-hdds-container-service/0.5.0-SNAPSHOT/hadoop-hdds-container-service-0.5.0-SNAPSHOT.jar!/webapps/static,UNAVAILABLE}
2019-10-14 12:44:22,075 [ForkJoinPool.commonPool-worker-0] INFO  handler.ContextHandler (ContextHandler.java:doStop(910)) - Stopped o.e.j.s.ServletContextHandler@36510e73{/logs,file:///workdir/hadoop-ozone/integration-test/target/log,UNAVAILABLE}
2019-10-14 12:44:22,529 [Datanode State Machine Thread - 0] INFO  statemachine.DatanodeStateMachine (DatanodeStateMachine.java:lambda$startDaemon$0(350)) - Ozone container server started.
2019-10-14 12:44:23,525 [grpc-default-executor-1] WARN  server.GrpcLogAppender (LogUtils.java:warn(134)) - 8eca786c-f17c-46c4-a407-e9e275d1403c@group-AF4B5E66838B->3d3c9ba1-31bc-4814-8b33-081f8b7ff4a0-AppendLogResponseHandler: Failed appendEntries: org.apache.ratis.thirdparty.io.grpc.StatusRuntimeException: UNAVAILABLE: io exception
2019-10-14 12:44:23,525 [grpc-default-executor-7] WARN  server.GrpcLogAppender (LogUtils.java:warn(134)) - 8eca786c-f17c-46c4-a407-e9e275d1403c@group-AF4B5E66838B->8a8ff637-77fd-447d-9d9b-3a3b1f3f2542-AppendLogResponseHandler: Failed appendEntries: org.apache.ratis.thirdparty.io.grpc.StatusRuntimeException: UNAVAILABLE: io exception
2019-10-14 12:44:23,525 [grpc-default-executor-1] INFO  impl.FollowerInfo (FollowerInfo.java:lambda$new$0(51)) - 8eca786c-f17c-46c4-a407-e9e275d1403c@group-AF4B5E66838B->3d3c9ba1-31bc-4814-8b33-081f8b7ff4a0: nextIndex: updateUnconditionally 13 -> 12
2019-10-14 12:44:23,526 [grpc-default-executor-7] INFO  impl.FollowerInfo (FollowerInfo.java:lambda$new$0(51)) - 8eca786c-f17c-46c4-a407-e9e275d1403c@group-AF4B5E66838B->8a8ff637-77fd-447d-9d9b-3a3b1f3f2542: nextIndex: updateUnconditionally 16 -> 15
2019-10-14 12:44:26,029 [grpc-default-executor-1] WARN  server.GrpcLogAppender (LogUtils.java:warn(134)) - 8eca786c-f17c-46c4-a407-e9e275d1403c@group-AF4B5E66838B->8a8ff637-77fd-447d-9d9b-3a3b1f3f2542-AppendLogResponseHandler: Failed appendEntries: org.apache.ratis.thirdparty.io.grpc.StatusRuntimeException: UNAVAILABLE: io exception
2019-10-14 12:44:26,029 [grpc-default-executor-10] WARN  server.GrpcLogAppender (LogUtils.java:warn(134)) - 8eca786c-f17c-46c4-a407-e9e275d1403c@group-AF4B5E66838B->3d3c9ba1-31bc-4814-8b33-081f8b7ff4a0-AppendLogResponseHandler: Failed appendEntries: org.apache.ratis.thirdparty.io.grpc.StatusRuntimeException: UNAVAILABLE: io exception
2019-10-14 12:44:26,030 [grpc-default-executor-1] INFO  impl.FollowerInfo (FollowerInfo.java:lambda$new$0(51)) - 8eca786c-f17c-46c4-a407-e9e275d1403c@group-AF4B5E66838B->8a8ff637-77fd-447d-9d9b-3a3b1f3f2542: nextIndex: updateUnconditionally 15 -> 14
2019-10-14 12:44:26,030 [grpc-default-executor-10] INFO  impl.FollowerInfo (FollowerInfo.java:lambda$new$0(51)) - 8eca786c-f17c-46c4-a407-e9e275d1403c@group-AF4B5E66838B->3d3c9ba1-31bc-4814-8b33-081f8b7ff4a0: nextIndex: updateUnconditionally 12 -> 11
2019-10-14 12:44:26,564 [EventQueue-StaleNodeForStaleNodeHandler] INFO  node.StaleNodeHandler (StaleNodeHandler.java:onMessage(58)) - Datanode 8eca786c-f17c-46c4-a407-e9e275d1403c{ip: 192.168.151.107, host: pr-hdds-2299-hlwdq-549545603, networkLocation: /default-rack, certSerialId: null} moved to stale state. Finalizing its pipelines [PipelineID=857e34da-53df-4cae-ae4d-bc743f32ca80, PipelineID=ac0a45ba-cc2d-4bc4-9491-af4b5e66838b]
2019-10-14 12:44:26,564 [EventQueue-StaleNodeForStaleNodeHandler] INFO  pipeline.SCMPipelineManager (SCMPipelineManager.java:finalizeAndDestroyPipeline(315)) - destroying pipeline:Pipeline[ Id: 857e34da-53df-4cae-ae4d-bc743f32ca80, Nodes: 8eca786c-f17c-46c4-a407-e9e275d1403c{ip: 192.168.151.107, host: pr-hdds-2299-hlwdq-549545603, networkLocation: /default-rack, certSerialId: null}, Type:RATIS, Factor:ONE, State:OPEN]
2019-10-14 12:44:26,564 [EventQueue-StaleNodeForStaleNodeHandler] INFO  pipeline.PipelineStateManager (PipelineStateManager.java:finalizePipeline(123)) - Pipeline Pipeline[ Id: 857e34da-53df-4cae-ae4d-bc743f32ca80, Nodes: 8eca786c-f17c-46c4-a407-e9e275d1403c{ip: 192.168.151.107, host: pr-hdds-2299-hlwdq-549545603, networkLocation: /default-rack, certSerialId: null}, Type:RATIS, Factor:ONE, State:CLOSED] moved to CLOSED state
2019-10-14 12:44:26,565 [EventQueue-StaleNodeForStaleNodeHandler] INFO  pipeline.SCMPipelineManager (SCMPipelineManager.java:finalizeAndDestroyPipeline(315)) - destroying pipeline:Pipeline[ Id: ac0a45ba-cc2d-4bc4-9491-af4b5e66838b, Nodes: 8a8ff637-77fd-447d-9d9b-3a3b1f3f2542{ip: 192.168.151.107, host: pr-hdds-2299-hlwdq-549545603, networkLocation: /default-rack, certSerialId: null}3d3c9ba1-31bc-4814-8b33-081f8b7ff4a0{ip: 192.168.151.107, host: pr-hdds-2299-hlwdq-549545603, networkLocation: /default-rack, certSerialId: null}8eca786c-f17c-46c4-a407-e9e275d1403c{ip: 192.168.151.107, host: pr-hdds-2299-hlwdq-549545603, networkLocation: /default-rack, certSerialId: null}, Type:RATIS, Factor:THREE, State:CLOSED]
2019-10-14 12:44:27,078 [ForkJoinPool.commonPool-worker-0] INFO  ozoneimpl.OzoneContainer (OzoneContainer.java:stop(227)) - Attempting to stop container services.
2019-10-14 12:44:27,079 [ForkJoinPool.commonPool-worker-0] INFO  impl.RaftServerProxy (RaftServerProxy.java:lambda$close$4(314)) - 8eca786c-f17c-46c4-a407-e9e275d1403c: close
2019-10-14 12:44:27,080 [ForkJoinPool.commonPool-worker-0] INFO  impl.RaftServerImpl (RaftServerImpl.java:lambda$shutdown$3(247)) - 8eca786c-f17c-46c4-a407-e9e275d1403c@group-BC743F32CA80: shutdown
2019-10-14 12:44:27,081 [ForkJoinPool.commonPool-worker-0] INFO  util.JmxRegister (JmxRegister.java:unregister(73)) - Successfully un-registered JMX Bean with object name Ratis:service=RaftServer,group=group-BC743F32CA80,id=8eca786c-f17c-46c4-a407-e9e275d1403c
2019-10-14 12:44:27,081 [ForkJoinPool.commonPool-worker-0] INFO  impl.RoleInfo (RoleInfo.java:shutdownLeaderState(104)) - 8eca786c-f17c-46c4-a407-e9e275d1403c: shutdown LeaderState
2019-10-14 12:44:27,081 [ForkJoinPool.commonPool-worker-0] INFO  impl.PendingRequests (PendingRequests.java:sendNotLeaderResponses(202)) - 8eca786c-f17c-46c4-a407-e9e275d1403c@group-BC743F32CA80-PendingRequests: sendNotLeaderResponses
2019-10-14 12:44:27,082 [ForkJoinPool.commonPool-worker-0] INFO  impl.StateMachineUpdater (StateMachineUpdater.java:stopAndJoin(136)) - 8eca786c-f17c-46c4-a407-e9e275d1403c@group-BC743F32CA80-StateMachineUpdater: set stopIndex = 0
2019-10-14 12:44:27,083 [ForkJoinPool.commonPool-worker-0] INFO  impl.RaftServerImpl (ServerState.java:close(387)) - 8eca786c-f17c-46c4-a407-e9e275d1403c@group-BC743F32CA80: closes. applyIndex: 0
2019-10-14 12:44:27,083 [8eca786c-f17c-46c4-a407-e9e275d1403c@group-BC743F32CA80-SegmentedRaftLogWorker] INFO  segmented.SegmentedRaftLogWorker (SegmentedRaftLogWorker.java:run(316)) - 8eca786c-f17c-46c4-a407-e9e275d1403c@group-BC743F32CA80-SegmentedRaftLogWorker was interrupted, exiting. There are 0 tasks remaining in the queue.
2019-10-14 12:44:27,088 [ForkJoinPool.commonPool-worker-0] INFO  segmented.SegmentedRaftLogWorker (SegmentedRaftLogWorker.java:close(224)) - 8eca786c-f17c-46c4-a407-e9e275d1403c@group-BC743F32CA80-SegmentedRaftLogWorker close()
2019-10-14 12:44:27,090 [ForkJoinPool.commonPool-worker-0] INFO  impl.RaftServerImpl (RaftServerImpl.java:lambda$shutdown$3(247)) - 8eca786c-f17c-46c4-a407-e9e275d1403c@group-AF4B5E66838B: shutdown
2019-10-14 12:44:27,090 [ForkJoinPool.commonPool-worker-0] INFO  util.JmxRegister (JmxRegister.java:unregister(73)) - Successfully un-registered JMX Bean with object name Ratis:service=RaftServer,group=group-AF4B5E66838B,id=8eca786c-f17c-46c4-a407-e9e275d1403c
2019-10-14 12:44:27,090 [ForkJoinPool.commonPool-worker-0] INFO  impl.RoleInfo (RoleInfo.java:shutdownLeaderState(104)) - 8eca786c-f17c-46c4-a407-e9e275d1403c: shutdown LeaderState
2019-10-14 12:44:27,093 [ForkJoinPool.commonPool-worker-0] INFO  impl.PendingRequests (PendingRequests.java:sendNotLeaderResponses(202)) - 8eca786c-f17c-46c4-a407-e9e275d1403c@group-AF4B5E66838B-PendingRequests: sendNotLeaderResponses
2019-10-14 12:44:27,093 [org.apache.ratis.server.impl.LogAppender$AppenderDaemon$$Lambda$548/269285323@7fea9b9c] WARN  server.GrpcLogAppender (GrpcLogAppender.java:mayWait(143)) - 8eca786c-f17c-46c4-a407-e9e275d1403c@group-AF4B5E66838B->3d3c9ba1-31bc-4814-8b33-081f8b7ff4a0-GrpcLogAppender: Wait interrupted by java.lang.InterruptedException
2019-10-14 12:44:27,093 [org.apache.ratis.server.impl.LogAppender$AppenderDaemon$$Lambda$548/269285323@2fece04d] WARN  server.GrpcLogAppender (GrpcLogAppender.java:mayWait(143)) - 8eca786c-f17c-46c4-a407-e9e275d1403c@group-AF4B5E66838B->8a8ff637-77fd-447d-9d9b-3a3b1f3f2542-GrpcLogAppender: Wait interrupted by java.lang.InterruptedException
2019-10-14 12:44:27,096 [ForkJoinPool.commonPool-worker-0] INFO  impl.StateMachineUpdater (StateMachineUpdater.java:stopAndJoin(136)) - 8eca786c-f17c-46c4-a407-e9e275d1403c@group-AF4B5E66838B-StateMachineUpdater: set stopIndex = 18
2019-10-14 12:44:27,097 [8eca786c-f17c-46c4-a407-e9e275d1403c@group-AF4B5E66838B-StateMachineUpdater] INFO  ratis.ContainerStateMachine (ContainerStateMachine.java:takeSnapshot(294)) - group-AF4B5E66838B: Taking a snapshot at:(t:2, i:18) file /workdir/hadoop-ozone/integration-test/target/test-dir/MiniOzoneClusterImpl-5e97dea3-99a6-4a1a-83d8-52833a14f548/datanode-5/data/ratis/ac0a45ba-cc2d-4bc4-9491-af4b5e66838b/sm/snapshot.2_18
2019-10-14 12:44:27,110 [8eca786c-f17c-46c4-a407-e9e275d1403c@group-AF4B5E66838B-StateMachineUpdater] INFO  ratis.ContainerStateMachine (ContainerStateMachine.java:takeSnapshot(305)) - group-AF4B5E66838B: Finished taking a snapshot at:(t:2, i:18) file:/workdir/hadoop-ozone/integration-test/target/test-dir/MiniOzoneClusterImpl-5e97dea3-99a6-4a1a-83d8-52833a14f548/datanode-5/data/ratis/ac0a45ba-cc2d-4bc4-9491-af4b5e66838b/sm/snapshot.2_18 time:14
2019-10-14 12:44:27,110 [8eca786c-f17c-46c4-a407-e9e275d1403c@group-AF4B5E66838B-StateMachineUpdater] INFO  impl.StateMachineUpdater (StateMachineUpdater.java:takeSnapshot(269)) - 8eca786c-f17c-46c4-a407-e9e275d1403c@group-AF4B5E66838B-StateMachineUpdater: Took a snapshot at index 18
2019-10-14 12:44:27,110 [8eca786c-f17c-46c4-a407-e9e275d1403c@group-AF4B5E66838B-StateMachineUpdater] INFO  impl.StateMachineUpdater (StateMachineUpdater.java:lambda$new$0(84)) - 8eca786c-f17c-46c4-a407-e9e275d1403c@group-AF4B5E66838B-StateMachineUpdater: snapshotIndex: updateIncreasingly -1 -> 18
2019-10-14 12:44:27,111 [ForkJoinPool.commonPool-worker-0] INFO  impl.RaftServerImpl (ServerState.java:close(387)) - 8eca786c-f17c-46c4-a407-e9e275d1403c@group-AF4B5E66838B: closes. applyIndex: 18
2019-10-14 12:44:27,111 [8eca786c-f17c-46c4-a407-e9e275d1403c@group-AF4B5E66838B-SegmentedRaftLogWorker] INFO  segmented.SegmentedRaftLogWorker (SegmentedRaftLogWorker.java:run(316)) - 8eca786c-f17c-46c4-a407-e9e275d1403c@group-AF4B5E66838B-SegmentedRaftLogWorker was interrupted, exiting. There are 0 tasks remaining in the queue.
2019-10-14 12:44:27,113 [ForkJoinPool.commonPool-worker-0] INFO  segmented.SegmentedRaftLogWorker (SegmentedRaftLogWorker.java:close(224)) - 8eca786c-f17c-46c4-a407-e9e275d1403c@group-AF4B5E66838B-SegmentedRaftLogWorker close()
2019-10-14 12:44:27,114 [ForkJoinPool.commonPool-worker-0] INFO  server.GrpcService (GrpcService.java:closeImpl(164)) - 8eca786c-f17c-46c4-a407-e9e275d1403c: shutdown server with port 44578 now
2019-10-14 12:44:27,115 [grpc-default-executor-1] WARN  client.GrpcClientProtocolService (LogUtils.java:warn(134)) - 1-UnorderedRequestStreamObserver1: onError: org.apache.ratis.thirdparty.io.grpc.StatusRuntimeException: CANCELLED: cancelled before receiving half close
2019-10-14 12:44:27,115 [ForkJoinPool.commonPool-worker-0] INFO  server.GrpcService (GrpcService.java:closeImpl(172)) - 8eca786c-f17c-46c4-a407-e9e275d1403c: shutdown server with port 44578 successfully
2019-10-14 12:44:27,122 [refreshUsed-/workdir/hadoop-ozone/integration-test/target/test-dir/MiniOzoneClusterImpl-5e97dea3-99a6-4a1a-83d8-52833a14f548/datanode-5/data/containers] WARN  fs.CachingGetSpaceUsed (CachingGetSpaceUsed.java:run(183)) - Thread Interrupted waiting to refresh disk information: sleep interrupted
2019-10-14 12:44:27,135 [ForkJoinPool.commonPool-worker-0] INFO  utils.BackgroundService (BackgroundService.java:shutdown(151)) - Shutting down service BlockDeletingService
2019-10-14 12:44:27,139 [ForkJoinPool.commonPool-worker-0] INFO  statemachine.DatanodeStateMachine (DatanodeStateMachine.java:stopDaemon(395)) - Ozone container server stopped.
2019-10-14 12:44:27,144 [ForkJoinPool.commonPool-worker-0] INFO  handler.ContextHandler (ContextHandler.java:doStop(910)) - Stopped o.e.j.w.WebAppContext@62cf6a84{/,null,UNAVAILABLE}{/hddsDatanode}
2019-10-14 12:44:27,145 [ForkJoinPool.commonPool-worker-0] INFO  server.AbstractConnector (AbstractConnector.java:doStop(318)) - Stopped ServerConnector@204d9edf{HTTP/1.1,[http/1.1]}{0.0.0.0:0}
2019-10-14 12:44:27,146 [ForkJoinPool.commonPool-worker-0] INFO  handler.ContextHandler (ContextHandler.java:doStop(910)) - Stopped o.e.j.s.ServletContextHandler@4c635edc{/static,jar:file:/home/user/.m2/repository/org/apache/hadoop/hadoop-hdds-container-service/0.5.0-SNAPSHOT/hadoop-hdds-container-service-0.5.0-SNAPSHOT.jar!/webapps/static,UNAVAILABLE}
2019-10-14 12:44:27,148 [ForkJoinPool.commonPool-worker-0] INFO  handler.ContextHandler (ContextHandler.java:doStop(910)) - Stopped o.e.j.s.ServletContextHandler@aa1bb14{/logs,file:///workdir/hadoop-ozone/integration-test/target/log,UNAVAILABLE}
2019-10-14 12:44:27,149 [main] INFO  ozone.MiniOzoneClusterImpl (MiniOzoneClusterImpl.java:stopSCM(392)) - Stopping the StorageContainerManager
2019-10-14 12:44:27,149 [main] INFO  server.StorageContainerManager (StorageContainerManager.java:stop(810)) - Stopping Replication Manager Service.
2019-10-14 12:44:27,149 [main] INFO  container.ReplicationManager (ReplicationManager.java:stop(203)) - Stopping Replication Monitor Thread.
2019-10-14 12:44:27,149 [main] INFO  server.StorageContainerManager (StorageContainerManager.java:stop(817)) - Stopping Lease Manager of the command watchers
2019-10-14 12:44:27,149 [main] INFO  server.StorageContainerManager (StorageContainerManager.java:stop(824)) - Stopping datanode service RPC server
2019-10-14 12:44:27,150 [main] INFO  server.SCMDatanodeProtocolServer (SCMDatanodeProtocolServer.java:stop(346)) - Stopping the RPC server for DataNodes
2019-10-14 12:44:27,150 [main] INFO  ipc.Server (Server.java:stop(3082)) - Stopping server on 40520
2019-10-14 12:44:27,152 [IPC Server listener on 40520] INFO  ipc.Server (Server.java:run(1185)) - Stopping IPC Server listener on 40520
2019-10-14 12:44:27,153 [IPC Server Responder] INFO  ipc.Server (Server.java:run(1319)) - Stopping IPC Server Responder
2019-10-14 12:44:27,164 [SCM Heartbeat Processing Thread - 0] WARN  node.NodeStateManager (NodeStateManager.java:scheduleNextHealthCheck(646)) - Current Thread is interrupted, shutting down HB processing thread for Node Manager.
2019-10-14 12:44:27,164 [main] INFO  server.StorageContainerManager (StorageContainerManager.java:stop(832)) - Stopping block service RPC server
2019-10-14 12:44:27,164 [main] INFO  server.SCMBlockProtocolServer (SCMBlockProtocolServer.java:stop(155)) - Stopping the RPC server for Block Protocol
2019-10-14 12:44:27,165 [main] INFO  ipc.Server (Server.java:stop(3082)) - Stopping server on 33637
2019-10-14 12:44:27,166 [main] INFO  server.StorageContainerManager (StorageContainerManager.java:stop(839)) - Stopping the StorageContainerLocationProtocol RPC server
2019-10-14 12:44:27,167 [IPC Server listener on 33637] INFO  ipc.Server (Server.java:run(1185)) - Stopping IPC Server listener on 33637
2019-10-14 12:44:27,167 [IPC Server Responder] INFO  ipc.Server (Server.java:run(1319)) - Stopping IPC Server Responder
2019-10-14 12:44:27,167 [main] INFO  server.SCMClientProtocolServer (SCMClientProtocolServer.java:stop(168)) - Stopping the RPC server for Client Protocol
2019-10-14 12:44:27,168 [main] INFO  ipc.Server (Server.java:stop(3082)) - Stopping server on 37461
2019-10-14 12:44:27,170 [IPC Server listener on 37461] INFO  ipc.Server (Server.java:run(1185)) - Stopping IPC Server listener on 37461
2019-10-14 12:44:27,170 [main] INFO  server.StorageContainerManager (StorageContainerManager.java:stop(846)) - Stopping Storage Container Manager HTTP server.
2019-10-14 12:44:27,170 [IPC Server Responder] INFO  ipc.Server (Server.java:run(1319)) - Stopping IPC Server Responder
2019-10-14 12:44:27,172 [main] INFO  handler.ContextHandler (ContextHandler.java:doStop(910)) - Stopped o.e.j.w.WebAppContext@3820cfe{/,null,UNAVAILABLE}{/scm}
2019-10-14 12:44:27,172 [main] INFO  server.AbstractConnector (AbstractConnector.java:doStop(318)) - Stopped ServerConnector@2407a36c{HTTP/1.1,[http/1.1]}{0.0.0.0:0}
2019-10-14 12:44:27,173 [main] INFO  handler.ContextHandler (ContextHandler.java:doStop(910)) - Stopped o.e.j.s.ServletContextHandler@636985df{/static,file:///workdir/hadoop-ozone/integration-test/target/test-classes/webapps/static,UNAVAILABLE}
2019-10-14 12:44:27,173 [main] INFO  handler.ContextHandler (ContextHandler.java:doStop(910)) - Stopped o.e.j.s.ServletContextHandler@3fb450d7{/logs,file:///workdir/hadoop-ozone/integration-test/target/log,UNAVAILABLE}
2019-10-14 12:44:27,174 [main] INFO  server.StorageContainerManager (StorageContainerManager.java:stop(857)) - Stopping Block Manager Service.
2019-10-14 12:44:27,174 [main] INFO  utils.BackgroundService (BackgroundService.java:shutdown(151)) - Shutting down service SCMBlockDeletingService
2019-10-14 12:44:27,174 [main] INFO  utils.BackgroundService (BackgroundService.java:shutdown(151)) - Shutting down service SCMBlockDeletingService
2019-10-14 12:44:27,175 [main] INFO  server.StorageContainerManager (StorageContainerManager.java:stop(879)) - Stopping SCM Event Queue.
2019-10-14 12:44:27,179 [main] INFO  impl.MetricsSystemImpl (MetricsSystemImpl.java:stop(210)) - Stopping HddsDatanode metrics system...
2019-10-14 12:44:27,204 [main] INFO  impl.MetricsSystemImpl (MetricsSystemImpl.java:stop(216)) - HddsDatanode metrics system stopped.
]]></system-out>
    <system-err><![CDATA[Oct 14, 2019 12:44:11 PM org.apache.ratis.thirdparty.io.grpc.internal.SerializingExecutor run
SEVERE: Exception while executing runnable org.apache.ratis.thirdparty.io.grpc.internal.ServerImpl$JumpToApplicationThreadServerStreamListener$1Closed@7eada676
org.apache.ratis.thirdparty.io.grpc.StatusRuntimeException: CANCELLED: call already cancelled
	at org.apache.ratis.thirdparty.io.grpc.Status.asRuntimeException(Status.java:517)
	at org.apache.ratis.thirdparty.io.grpc.stub.ServerCalls$ServerCallStreamObserverImpl.onCompleted(ServerCalls.java:356)
	at org.apache.ratis.grpc.server.GrpcServerProtocolService$ServerRequestStreamObserver.onError(GrpcServerProtocolService.java:121)
	at org.apache.ratis.thirdparty.io.grpc.stub.ServerCalls$StreamingServerCallHandler$StreamingServerCallListener.onCancel(ServerCalls.java:269)
	at org.apache.ratis.thirdparty.io.grpc.internal.ServerCallImpl$ServerStreamListenerImpl.closed(ServerCallImpl.java:293)
	at org.apache.ratis.thirdparty.io.grpc.internal.ServerImpl$JumpToApplicationThreadServerStreamListener$1Closed.runInContext(ServerImpl.java:741)
	at org.apache.ratis.thirdparty.io.grpc.internal.ContextRunnable.run(ContextRunnable.java:37)
	at org.apache.ratis.thirdparty.io.grpc.internal.SerializingExecutor.run(SerializingExecutor.java:123)
	at java.util.concurrent.ThreadPoolExecutor.runWorker(ThreadPoolExecutor.java:1149)
	at java.util.concurrent.ThreadPoolExecutor$Worker.run(ThreadPoolExecutor.java:624)
	at java.lang.Thread.run(Thread.java:748)

Oct 14, 2019 12:44:11 PM org.apache.ratis.thirdparty.io.grpc.internal.SerializingExecutor run
SEVERE: Exception while executing runnable org.apache.ratis.thirdparty.io.grpc.internal.ServerImpl$JumpToApplicationThreadServerStreamListener$1Closed@260c1de4
org.apache.ratis.thirdparty.io.grpc.StatusRuntimeException: CANCELLED: call already cancelled
	at org.apache.ratis.thirdparty.io.grpc.Status.asRuntimeException(Status.java:517)
	at org.apache.ratis.thirdparty.io.grpc.stub.ServerCalls$ServerCallStreamObserverImpl.onCompleted(ServerCalls.java:356)
	at org.apache.ratis.grpc.server.GrpcServerProtocolService$ServerRequestStreamObserver.onError(GrpcServerProtocolService.java:121)
	at org.apache.ratis.thirdparty.io.grpc.stub.ServerCalls$StreamingServerCallHandler$StreamingServerCallListener.onCancel(ServerCalls.java:269)
	at org.apache.ratis.thirdparty.io.grpc.internal.ServerCallImpl$ServerStreamListenerImpl.closed(ServerCallImpl.java:293)
	at org.apache.ratis.thirdparty.io.grpc.internal.ServerImpl$JumpToApplicationThreadServerStreamListener$1Closed.runInContext(ServerImpl.java:741)
	at org.apache.ratis.thirdparty.io.grpc.internal.ContextRunnable.run(ContextRunnable.java:37)
	at org.apache.ratis.thirdparty.io.grpc.internal.SerializingExecutor.run(SerializingExecutor.java:123)
	at java.util.concurrent.ThreadPoolExecutor.runWorker(ThreadPoolExecutor.java:1149)
	at java.util.concurrent.ThreadPoolExecutor$Worker.run(ThreadPoolExecutor.java:624)
	at java.lang.Thread.run(Thread.java:748)

Oct 14, 2019 12:44:16 PM org.apache.ratis.thirdparty.io.grpc.internal.SerializingExecutor run
SEVERE: Exception while executing runnable org.apache.ratis.thirdparty.io.grpc.internal.ServerImpl$JumpToApplicationThreadServerStreamListener$1Closed@199b924a
org.apache.ratis.thirdparty.io.grpc.StatusRuntimeException: CANCELLED: call already cancelled
	at org.apache.ratis.thirdparty.io.grpc.Status.asRuntimeException(Status.java:517)
	at org.apache.ratis.thirdparty.io.grpc.stub.ServerCalls$ServerCallStreamObserverImpl.onCompleted(ServerCalls.java:356)
	at org.apache.ratis.grpc.server.GrpcServerProtocolService$ServerRequestStreamObserver.onError(GrpcServerProtocolService.java:121)
	at org.apache.ratis.thirdparty.io.grpc.stub.ServerCalls$StreamingServerCallHandler$StreamingServerCallListener.onCancel(ServerCalls.java:269)
	at org.apache.ratis.thirdparty.io.grpc.internal.ServerCallImpl$ServerStreamListenerImpl.closed(ServerCallImpl.java:293)
	at org.apache.ratis.thirdparty.io.grpc.internal.ServerImpl$JumpToApplicationThreadServerStreamListener$1Closed.runInContext(ServerImpl.java:741)
	at org.apache.ratis.thirdparty.io.grpc.internal.ContextRunnable.run(ContextRunnable.java:37)
	at org.apache.ratis.thirdparty.io.grpc.internal.SerializingExecutor.run(SerializingExecutor.java:123)
	at java.util.concurrent.ThreadPoolExecutor.runWorker(ThreadPoolExecutor.java:1149)
	at java.util.concurrent.ThreadPoolExecutor$Worker.run(ThreadPoolExecutor.java:624)
	at java.lang.Thread.run(Thread.java:748)

]]></system-err>
  </testcase>
  <testcase name="testFailureWithPrimeSizedData" classname="org.apache.hadoop.ozone.client.rpc.TestBlockOutputStreamWithFailures" time="33.505"/>
  <testcase name="testWatchForCommitWithCloseContainerException" classname="org.apache.hadoop.ozone.client.rpc.TestBlockOutputStreamWithFailures" time="33.34"/>
  <testcase name="testExceptionDuringClose" classname="org.apache.hadoop.ozone.client.rpc.TestBlockOutputStreamWithFailures" time="37.899"/>
</testsuite>