<?xml version="1.0" encoding="UTF-8"?>
<testsuite xmlns:xsi="http://www.w3.org/2001/XMLSchema-instance" xsi:noNamespaceSchemaLocation="https://maven.apache.org/surefire/maven-surefire-plugin/xsd/surefire-test-report.xsd" name="org.apache.hadoop.ozone.client.rpc.TestWatchForCommit" time="244.248" tests="5" errors="1" skipped="0" failures="1">
  <properties>
    <property name="awt.toolkit" value="sun.awt.X11.XToolkit"/>
    <property name="file.encoding.pkg" value="sun.io"/>
    <property name="java.specification.version" value="1.8"/>
    <property name="sun.cpu.isalist" value=""/>
    <property name="sun.jnu.encoding" value="UTF-8"/>
    <property name="java.class.path" value="/workdir/hadoop-ozone/integration-test/target/test-classes:/workdir/hadoop-ozone/integration-test/target/classes:/home/user/.m2/repository/org/apache/hadoop/hadoop-ozone-common/0.5.0-SNAPSHOT/hadoop-ozone-common-0.5.0-SNAPSHOT.jar:/home/user/.m2/repository/org/apache/commons/commons-compress/1.4.1/commons-compress-1.4.1.jar:/home/user/.m2/repository/org/tukaani/xz/1.0/xz-1.0.jar:/home/user/.m2/repository/org/apache/hadoop/hadoop-common/3.2.0/hadoop-common-3.2.0.jar:/home/user/.m2/repository/org/apache/hadoop/hadoop-hdfs/3.2.0/hadoop-hdfs-3.2.0.jar:/home/user/.m2/repository/org/apache/hadoop/hadoop-hdfs-client/3.2.0/hadoop-hdfs-client-3.2.0.jar:/home/user/.m2/repository/com/fasterxml/jackson/core/jackson-annotations/2.9.9/jackson-annotations-2.9.9.jar:/home/user/.m2/repository/org/apache/hadoop/hadoop-hdds-common/0.5.0-SNAPSHOT/hadoop-hdds-common-0.5.0-SNAPSHOT.jar:/home/user/.m2/repository/javax/annotation/javax.annotation-api/1.2/javax.annotation-api-1.2.jar:/home/user/.m2/repository/org/apache/ratis/ratis-server/0.5.0-201fc85-SNAPSHOT/ratis-server-0.5.0-201fc85-SNAPSHOT.jar:/home/user/.m2/repository/org/apache/ratis/ratis-thirdparty-misc/0.2.0/ratis-thirdparty-misc-0.2.0.jar:/home/user/.m2/repository/org/apache/ratis/ratis-proto/0.5.0-201fc85-SNAPSHOT/ratis-proto-0.5.0-201fc85-SNAPSHOT.jar:/home/user/.m2/repository/org/apache/ratis/ratis-common/0.5.0-201fc85-SNAPSHOT/ratis-common-0.5.0-201fc85-SNAPSHOT.jar:/home/user/.m2/repository/org/apache/ratis/ratis-client/0.5.0-201fc85-SNAPSHOT/ratis-client-0.5.0-201fc85-SNAPSHOT.jar:/home/user/.m2/repository/org/apache/ratis/ratis-metrics/0.5.0-201fc85-SNAPSHOT/ratis-metrics-0.5.0-201fc85-SNAPSHOT.jar:/home/user/.m2/repository/com/github/joshelser/dropwizard-metrics-hadoop-metrics2-reporter/0.1.2/dropwizard-metrics-hadoop-metrics2-reporter-0.1.2.jar:/home/user/.m2/repository/io/dropwizard/metrics/metrics-jvm/3.2.5/metrics-jvm-3.2.5.jar:/home/user/.m2/repository/io/dropwizard/metrics/metrics-ganglia/3.2.5/metrics-ganglia-3.2.5.jar:/home/user/.m2/repository/info/ganglia/gmetric4j/gmetric4j/1.0.7/gmetric4j-1.0.7.jar:/home/user/.m2/repository/org/apache/ratis/ratis-netty/0.5.0-201fc85-SNAPSHOT/ratis-netty-0.5.0-201fc85-SNAPSHOT.jar:/home/user/.m2/repository/org/apache/ratis/ratis-grpc/0.5.0-201fc85-SNAPSHOT/ratis-grpc-0.5.0-201fc85-SNAPSHOT.jar:/home/user/.m2/repository/org/rocksdb/rocksdbjni/6.0.1/rocksdbjni-6.0.1.jar:/home/user/.m2/repository/org/apache/logging/log4j/log4j-api/2.11.0/log4j-api-2.11.0.jar:/home/user/.m2/repository/org/apache/logging/log4j/log4j-core/2.11.0/log4j-core-2.11.0.jar:/home/user/.m2/repository/com/lmax/disruptor/3.4.2/disruptor-3.4.2.jar:/home/user/.m2/repository/org/apache/commons/commons-pool2/2.6.0/commons-pool2-2.6.0.jar:/home/user/.m2/repository/org/bouncycastle/bcpkix-jdk15on/1.60/bcpkix-jdk15on-1.60.jar:/home/user/.m2/repository/commons-validator/commons-validator/1.6/commons-validator-1.6.jar:/home/user/.m2/repository/commons-digester/commons-digester/1.8.1/commons-digester-1.8.1.jar:/home/user/.m2/repository/io/jaegertracing/jaeger-client/0.34.0/jaeger-client-0.34.0.jar:/home/user/.m2/repository/io/jaegertracing/jaeger-thrift/0.34.0/jaeger-thrift-0.34.0.jar:/home/user/.m2/repository/org/apache/thrift/libthrift/0.12.0/libthrift-0.12.0.jar:/home/user/.m2/repository/com/squareup/okhttp3/okhttp/3.9.0/okhttp-3.9.0.jar:/home/user/.m2/repository/com/squareup/okio/okio/1.13.0/okio-1.13.0.jar:/home/user/.m2/repository/io/jaegertracing/jaeger-core/0.34.0/jaeger-core-0.34.0.jar:/home/user/.m2/repository/io/jaegertracing/jaeger-tracerresolver/0.34.0/jaeger-tracerresolver-0.34.0.jar:/home/user/.m2/repository/io/opentracing/contrib/opentracing-tracerresolver/0.1.5/opentracing-tracerresolver-0.1.5.jar:/home/user/.m2/repository/io/opentracing/opentracing-util/0.31.0/opentracing-util-0.31.0.jar:/home/user/.m2/repository/io/opentracing/opentracing-api/0.31.0/opentracing-api-0.31.0.jar:/home/user/.m2/repository/io/opentracing/opentracing-noop/0.31.0/opentracing-noop-0.31.0.jar:/home/user/.m2/repository/org/apache/hadoop/hadoop-hdds-server-framework/0.5.0-SNAPSHOT/hadoop-hdds-server-framework-0.5.0-SNAPSHOT.jar:/home/user/.m2/repository/org/apache/hadoop/hadoop-hdds-container-service/0.5.0-SNAPSHOT/hadoop-hdds-container-service-0.5.0-SNAPSHOT.jar:/home/user/.m2/repository/org/apache/hadoop/hadoop-hdds-client/0.5.0-SNAPSHOT/hadoop-hdds-client-0.5.0-SNAPSHOT.jar:/home/user/.m2/repository/org/apache/hadoop/hadoop-hdds-tools/0.5.0-SNAPSHOT/hadoop-hdds-tools-0.5.0-SNAPSHOT.jar:/home/user/.m2/repository/org/apache/hadoop/hadoop-hdds-server-scm/0.5.0-SNAPSHOT/hadoop-hdds-server-scm-0.5.0-SNAPSHOT.jar:/home/user/.m2/repository/org/apache/hadoop/hadoop-hdds-docs/0.5.0-SNAPSHOT/hadoop-hdds-docs-0.5.0-SNAPSHOT.jar:/home/user/.m2/repository/io/dropwizard/metrics/metrics-core/3.2.4/metrics-core-3.2.4.jar:/home/user/.m2/repository/org/hamcrest/hamcrest-all/1.3/hamcrest-all-1.3.jar:/home/user/.m2/repository/org/bouncycastle/bcprov-jdk15on/1.60/bcprov-jdk15on-1.60.jar:/home/user/.m2/repository/info/picocli/picocli/3.9.6/picocli-3.9.6.jar:/home/user/.m2/repository/com/google/protobuf/protobuf-java/2.5.0/protobuf-java-2.5.0.jar:/home/user/.m2/repository/com/google/guava/guava/11.0.2/guava-11.0.2.jar:/home/user/.m2/repository/org/apache/hadoop/hadoop-ozone-ozone-manager/0.5.0-SNAPSHOT/hadoop-ozone-ozone-manager-0.5.0-SNAPSHOT.jar:/home/user/.m2/repository/org/apache/hadoop/hadoop-minikdc/3.2.0/hadoop-minikdc-3.2.0.jar:/home/user/.m2/repository/commons-io/commons-io/2.5/commons-io-2.5.jar:/home/user/.m2/repository/org/apache/kerby/kerb-simplekdc/1.0.1/kerb-simplekdc-1.0.1.jar:/home/user/.m2/repository/org/apache/kerby/kerb-client/1.0.1/kerb-client-1.0.1.jar:/home/user/.m2/repository/org/apache/kerby/kerby-config/1.0.1/kerby-config-1.0.1.jar:/home/user/.m2/repository/org/apache/kerby/kerb-core/1.0.1/kerb-core-1.0.1.jar:/home/user/.m2/repository/org/apache/kerby/kerby-pkix/1.0.1/kerby-pkix-1.0.1.jar:/home/user/.m2/repository/org/apache/kerby/kerby-asn1/1.0.1/kerby-asn1-1.0.1.jar:/home/user/.m2/repository/org/apache/kerby/kerby-util/1.0.1/kerby-util-1.0.1.jar:/home/user/.m2/repository/org/apache/kerby/kerb-common/1.0.1/kerb-common-1.0.1.jar:/home/user/.m2/repository/org/apache/kerby/kerb-crypto/1.0.1/kerb-crypto-1.0.1.jar:/home/user/.m2/repository/org/apache/kerby/kerb-util/1.0.1/kerb-util-1.0.1.jar:/home/user/.m2/repository/org/apache/kerby/token-provider/1.0.1/token-provider-1.0.1.jar:/home/user/.m2/repository/org/apache/kerby/kerb-admin/1.0.1/kerb-admin-1.0.1.jar:/home/user/.m2/repository/org/apache/kerby/kerb-server/1.0.1/kerb-server-1.0.1.jar:/home/user/.m2/repository/org/apache/kerby/kerb-identity/1.0.1/kerb-identity-1.0.1.jar:/home/user/.m2/repository/org/apache/kerby/kerby-xdr/1.0.1/kerby-xdr-1.0.1.jar:/home/user/.m2/repository/org/slf4j/slf4j-log4j12/1.7.25/slf4j-log4j12-1.7.25.jar:/home/user/.m2/repository/org/apache/hadoop/hadoop-ozone-s3gateway/0.5.0-SNAPSHOT/hadoop-ozone-s3gateway-0.5.0-SNAPSHOT.jar:/home/user/.m2/repository/org/jboss/weld/servlet/weld-servlet/2.4.7.Final/weld-servlet-2.4.7.Final.jar:/home/user/.m2/repository/org/glassfish/jersey/containers/jersey-container-servlet-core/2.27/jersey-container-servlet-core-2.27.jar:/home/user/.m2/repository/org/glassfish/hk2/external/javax.inject/2.5.0-b42/javax.inject-2.5.0-b42.jar:/home/user/.m2/repository/org/glassfish/jersey/core/jersey-common/2.27/jersey-common-2.27.jar:/home/user/.m2/repository/org/glassfish/hk2/osgi-resource-locator/1.0.1/osgi-resource-locator-1.0.1.jar:/home/user/.m2/repository/javax/ws/rs/javax.ws.rs-api/2.1/javax.ws.rs-api-2.1.jar:/home/user/.m2/repository/org/glassfish/jersey/ext/cdi/jersey-cdi1x/2.27/jersey-cdi1x-2.27.jar:/home/user/.m2/repository/org/glassfish/jersey/inject/jersey-hk2/2.27/jersey-hk2-2.27.jar:/home/user/.m2/repository/org/glassfish/hk2/hk2-locator/2.5.0-b42/hk2-locator-2.5.0-b42.jar:/home/user/.m2/repository/org/javassist/javassist/3.22.0-CR2/javassist-3.22.0-CR2.jar:/home/user/.m2/repository/org/glassfish/hk2/hk2-api/2.5.0/hk2-api-2.5.0.jar:/home/user/.m2/repository/org/glassfish/hk2/external/jakarta.inject/2.5.0/jakarta.inject-2.5.0.jar:/home/user/.m2/repository/org/glassfish/hk2/hk2-utils/2.5.0/hk2-utils-2.5.0.jar:/home/user/.m2/repository/jakarta/annotation/jakarta.annotation-api/1.3.4/jakarta.annotation-api-1.3.4.jar:/home/user/.m2/repository/org/glassfish/hk2/external/aopalliance-repackaged/2.5.0/aopalliance-repackaged-2.5.0.jar:/home/user/.m2/repository/com/fasterxml/jackson/dataformat/jackson-dataformat-xml/2.9.0/jackson-dataformat-xml-2.9.0.jar:/home/user/.m2/repository/com/fasterxml/jackson/core/jackson-core/2.9.9/jackson-core-2.9.9.jar:/home/user/.m2/repository/com/fasterxml/jackson/module/jackson-module-jaxb-annotations/2.9.9/jackson-module-jaxb-annotations-2.9.9.jar:/home/user/.m2/repository/javax/enterprise/cdi-api/1.2/cdi-api-1.2.jar:/home/user/.m2/repository/javax/el/javax.el-api/3.0.0/javax.el-api-3.0.0.jar:/home/user/.m2/repository/javax/interceptor/javax.interceptor-api/1.2/javax.interceptor-api-1.2.jar:/home/user/.m2/repository/javax/inject/javax.inject/1/javax.inject-1.jar:/home/user/.m2/repository/com/sun/xml/bind/jaxb-impl/2.3.0.1/jaxb-impl-2.3.0.1.jar:/home/user/.m2/repository/com/sun/xml/bind/jaxb-core/2.3.0.1/jaxb-core-2.3.0.1.jar:/home/user/.m2/repository/javax/xml/bind/jaxb-api/2.3.0/jaxb-api-2.3.0.jar:/home/user/.m2/repository/javax/activation/activation/1.1.1/activation-1.1.1.jar:/home/user/.m2/repository/org/apache/hadoop/hadoop-ozone-csi/0.5.0-SNAPSHOT/hadoop-ozone-csi-0.5.0-SNAPSHOT.jar:/home/user/.m2/repository/com/google/protobuf/protobuf-java-util/3.5.1/protobuf-java-util-3.5.1.jar:/home/user/.m2/repository/org/apache/hadoop/hadoop-hdds-config/0.5.0-SNAPSHOT/hadoop-hdds-config-0.5.0-SNAPSHOT.jar:/home/user/.m2/repository/io/grpc/grpc-netty/1.17.1/grpc-netty-1.17.1.jar:/home/user/.m2/repository/io/grpc/grpc-core/1.17.1/grpc-core-1.17.1.jar:/home/user/.m2/repository/io/grpc/grpc-context/1.17.1/grpc-context-1.17.1.jar:/home/user/.m2/repository/com/google/errorprone/error_prone_annotations/2.2.0/error_prone_annotations-2.2.0.jar:/home/user/.m2/repository/org/codehaus/mojo/animal-sniffer-annotations/1.17/animal-sniffer-annotations-1.17.jar:/home/user/.m2/repository/io/opencensus/opencensus-api/0.17.0/opencensus-api-0.17.0.jar:/home/user/.m2/repository/io/opencensus/opencensus-contrib-grpc-metrics/0.17.0/opencensus-contrib-grpc-metrics-0.17.0.jar:/home/user/.m2/repository/io/netty/netty-codec-http2/4.1.30.Final/netty-codec-http2-4.1.30.Final.jar:/home/user/.m2/repository/io/netty/netty-codec-http/4.1.30.Final/netty-codec-http-4.1.30.Final.jar:/home/user/.m2/repository/io/netty/netty-codec/4.1.30.Final/netty-codec-4.1.30.Final.jar:/home/user/.m2/repository/io/netty/netty-handler/4.1.30.Final/netty-handler-4.1.30.Final.jar:/home/user/.m2/repository/io/netty/netty-handler-proxy/4.1.30.Final/netty-handler-proxy-4.1.30.Final.jar:/home/user/.m2/repository/io/netty/netty-codec-socks/4.1.30.Final/netty-codec-socks-4.1.30.Final.jar:/home/user/.m2/repository/io/netty/netty-transport-native-epoll/4.1.30.Final/netty-transport-native-epoll-4.1.30.Final.jar:/home/user/.m2/repository/io/netty/netty-common/4.1.30.Final/netty-common-4.1.30.Final.jar:/home/user/.m2/repository/io/netty/netty-buffer/4.1.30.Final/netty-buffer-4.1.30.Final.jar:/home/user/.m2/repository/io/netty/netty-transport/4.1.30.Final/netty-transport-4.1.30.Final.jar:/home/user/.m2/repository/io/netty/netty-resolver/4.1.30.Final/netty-resolver-4.1.30.Final.jar:/home/user/.m2/repository/io/netty/netty-transport-native-unix-common/4.1.30.Final/netty-transport-native-unix-common-4.1.30.Final.jar:/home/user/.m2/repository/io/grpc/grpc-protobuf/1.17.1/grpc-protobuf-1.17.1.jar:/home/user/.m2/repository/com/google/api/grpc/proto-google-common-protos/1.0.0/proto-google-common-protos-1.0.0.jar:/home/user/.m2/repository/io/grpc/grpc-protobuf-lite/1.17.1/grpc-protobuf-lite-1.17.1.jar:/home/user/.m2/repository/io/grpc/grpc-stub/1.17.1/grpc-stub-1.17.1.jar:/home/user/.m2/repository/org/apache/hadoop/hadoop-ozone-recon/0.5.0-SNAPSHOT/hadoop-ozone-recon-0.5.0-SNAPSHOT.jar:/home/user/.m2/repository/org/apache/hadoop/hadoop-ozone-reconcodegen/0.5.0-SNAPSHOT/hadoop-ozone-reconcodegen-0.5.0-SNAPSHOT.jar:/home/user/.m2/repository/com/google/inject/extensions/guice-multibindings/4.0/guice-multibindings-4.0.jar:/home/user/.m2/repository/com/google/inject/guice/4.0/guice-4.0.jar:/home/user/.m2/repository/aopalliance/aopalliance/1.0/aopalliance-1.0.jar:/home/user/.m2/repository/com/google/inject/extensions/guice-servlet/4.0/guice-servlet-4.0.jar:/home/user/.m2/repository/org/glassfish/jersey/containers/jersey-container-servlet/2.27/jersey-container-servlet-2.27.jar:/home/user/.m2/repository/org/glassfish/hk2/guice-bridge/2.5.0/guice-bridge-2.5.0.jar:/home/user/.m2/repository/org/glassfish/jersey/core/jersey-server/2.27/jersey-server-2.27.jar:/home/user/.m2/repository/org/glassfish/jersey/core/jersey-client/2.27/jersey-client-2.27.jar:/home/user/.m2/repository/org/glassfish/jersey/media/jersey-media-jaxb/2.27/jersey-media-jaxb-2.27.jar:/home/user/.m2/repository/javax/validation/validation-api/1.1.0.Final/validation-api-1.1.0.Final.jar:/home/user/.m2/repository/org/glassfish/jersey/media/jersey-media-json-jackson/2.27/jersey-media-json-jackson-2.27.jar:/home/user/.m2/repository/org/glassfish/jersey/ext/jersey-entity-filtering/2.27/jersey-entity-filtering-2.27.jar:/home/user/.m2/repository/com/google/inject/extensions/guice-assistedinject/4.0/guice-assistedinject-4.0.jar:/home/user/.m2/repository/org/jooq/jooq/3.11.10/jooq-3.11.10.jar:/home/user/.m2/repository/org/jooq/jooq-meta/3.11.10/jooq-meta-3.11.10.jar:/home/user/.m2/repository/org/jooq/jooq-codegen/3.11.10/jooq-codegen-3.11.10.jar:/home/user/.m2/repository/com/jolbox/bonecp/0.8.0.RELEASE/bonecp-0.8.0.RELEASE.jar:/home/user/.m2/repository/org/xerial/sqlite-jdbc/3.25.2/sqlite-jdbc-3.25.2.jar:/home/user/.m2/repository/org/springframework/spring-jdbc/5.1.3.RELEASE/spring-jdbc-5.1.3.RELEASE.jar:/home/user/.m2/repository/org/springframework/spring-beans/5.1.3.RELEASE/spring-beans-5.1.3.RELEASE.jar:/home/user/.m2/repository/org/springframework/spring-core/5.1.3.RELEASE/spring-core-5.1.3.RELEASE.jar:/home/user/.m2/repository/org/springframework/spring-jcl/5.1.3.RELEASE/spring-jcl-5.1.3.RELEASE.jar:/home/user/.m2/repository/org/springframework/spring-tx/5.1.3.RELEASE/spring-tx-5.1.3.RELEASE.jar:/home/user/.m2/repository/org/apache/hadoop/hadoop-ozone-client/0.5.0-SNAPSHOT/hadoop-ozone-client-0.5.0-SNAPSHOT.jar:/home/user/.m2/repository/commons-lang/commons-lang/2.6/commons-lang-2.6.jar:/home/user/.m2/repository/org/apache/hadoop/hadoop-ozone-ozone-manager/0.5.0-SNAPSHOT/hadoop-ozone-ozone-manager-0.5.0-SNAPSHOT-tests.jar:/home/user/.m2/repository/junit/junit/4.11/junit-4.11.jar:/home/user/.m2/repository/org/hamcrest/hamcrest-core/1.3/hamcrest-core-1.3.jar:/home/user/.m2/repository/org/openjdk/jmh/jmh-core/1.19/jmh-core-1.19.jar:/home/user/.m2/repository/net/sf/jopt-simple/jopt-simple/4.6/jopt-simple-4.6.jar:/home/user/.m2/repository/org/apache/commons/commons-math3/3.1.1/commons-math3-3.1.1.jar:/home/user/.m2/repository/org/openjdk/jmh/jmh-generator-annprocess/1.19/jmh-generator-annprocess-1.19.jar:/home/user/.m2/repository/org/mockito/mockito-all/1.8.5/mockito-all-1.8.5.jar:/home/user/.m2/repository/org/apache/hadoop/hadoop-kms/3.2.0/hadoop-kms-3.2.0.jar:/home/user/.m2/repository/org/apache/hadoop/hadoop-auth/3.2.0/hadoop-auth-3.2.0.jar:/home/user/.m2/repository/com/nimbusds/nimbus-jose-jwt/4.41.1/nimbus-jose-jwt-4.41.1.jar:/home/user/.m2/repository/com/github/stephenc/jcip/jcip-annotations/1.0-1/jcip-annotations-1.0-1.jar:/home/user/.m2/repository/net/minidev/json-smart/2.3/json-smart-2.3.jar:/home/user/.m2/repository/net/minidev/accessors-smart/1.2/accessors-smart-1.2.jar:/home/user/.m2/repository/org/ow2/asm/asm/5.0.4/asm-5.0.4.jar:/home/user/.m2/repository/org/apache/curator/curator-framework/2.12.0/curator-framework-2.12.0.jar:/home/user/.m2/repository/com/sun/jersey/jersey-core/1.19/jersey-core-1.19.jar:/home/user/.m2/repository/javax/ws/rs/jsr311-api/1.1.1/jsr311-api-1.1.1.jar:/home/user/.m2/repository/com/sun/jersey/jersey-server/1.19/jersey-server-1.19.jar:/home/user/.m2/repository/javax/servlet/javax.servlet-api/3.1.0/javax.servlet-api-3.1.0.jar:/home/user/.m2/repository/org/eclipse/jetty/jetty-server/9.3.25.v20180904/jetty-server-9.3.25.v20180904.jar:/home/user/.m2/repository/org/eclipse/jetty/jetty-http/9.3.25.v20180904/jetty-http-9.3.25.v20180904.jar:/home/user/.m2/repository/org/eclipse/jetty/jetty-io/9.3.25.v20180904/jetty-io-9.3.25.v20180904.jar:/home/user/.m2/repository/org/eclipse/jetty/jetty-webapp/9.3.25.v20180904/jetty-webapp-9.3.25.v20180904.jar:/home/user/.m2/repository/org/eclipse/jetty/jetty-xml/9.3.25.v20180904/jetty-xml-9.3.25.v20180904.jar:/home/user/.m2/repository/log4j/log4j/1.2.17/log4j-1.2.17.jar:/home/user/.m2/repository/org/slf4j/slf4j-api/1.7.25/slf4j-api-1.7.25.jar:/home/user/.m2/repository/org/slf4j/jul-to-slf4j/1.7.25/jul-to-slf4j-1.7.25.jar:/home/user/.m2/repository/org/eclipse/jetty/jetty-util/9.3.25.v20180904/jetty-util-9.3.25.v20180904.jar:/home/user/.m2/repository/com/fasterxml/jackson/core/jackson-databind/2.9.9/jackson-databind-2.9.9.jar:/home/user/.m2/repository/org/apache/hadoop/hadoop-kms/3.2.0/hadoop-kms-3.2.0-tests.jar:/home/user/.m2/repository/org/apache/hadoop/hadoop-hdds-server-scm/0.5.0-SNAPSHOT/hadoop-hdds-server-scm-0.5.0-SNAPSHOT-tests.jar:/home/user/.m2/repository/org/apache/hadoop/hadoop-hdds-container-service/0.5.0-SNAPSHOT/hadoop-hdds-container-service-0.5.0-SNAPSHOT-tests.jar:/home/user/.m2/repository/org/yaml/snakeyaml/1.16/snakeyaml-1.16.jar:/home/user/.m2/repository/org/apache/hadoop/hadoop-common/3.2.0/hadoop-common-3.2.0-tests.jar:/home/user/.m2/repository/org/apache/hadoop/hadoop-annotations/3.2.0/hadoop-annotations-3.2.0.jar:/usr/lib/jvm/java-1.8-openjdk/jre/../lib/tools.jar:/home/user/.m2/repository/commons-cli/commons-cli/1.2/commons-cli-1.2.jar:/home/user/.m2/repository/org/apache/httpcomponents/httpclient/4.5.2/httpclient-4.5.2.jar:/home/user/.m2/repository/org/apache/httpcomponents/httpcore/4.4.4/httpcore-4.4.4.jar:/home/user/.m2/repository/commons-codec/commons-codec/1.11/commons-codec-1.11.jar:/home/user/.m2/repository/commons-net/commons-net/3.6/commons-net-3.6.jar:/home/user/.m2/repository/commons-collections/commons-collections/3.2.2/commons-collections-3.2.2.jar:/home/user/.m2/repository/org/eclipse/jetty/jetty-servlet/9.3.25.v20180904/jetty-servlet-9.3.25.v20180904.jar:/home/user/.m2/repository/org/eclipse/jetty/jetty-security/9.3.25.v20180904/jetty-security-9.3.25.v20180904.jar:/home/user/.m2/repository/javax/servlet/jsp/jsp-api/2.1/jsp-api-2.1.jar:/home/user/.m2/repository/com/sun/jersey/jersey-servlet/1.19/jersey-servlet-1.19.jar:/home/user/.m2/repository/com/sun/jersey/jersey-json/1.19/jersey-json-1.19.jar:/home/user/.m2/repository/org/codehaus/jettison/jettison/1.1/jettison-1.1.jar:/home/user/.m2/repository/org/codehaus/jackson/jackson-core-asl/1.9.13/jackson-core-asl-1.9.13.jar:/home/user/.m2/repository/org/codehaus/jackson/jackson-mapper-asl/1.9.13/jackson-mapper-asl-1.9.13.jar:/home/user/.m2/repository/org/codehaus/jackson/jackson-jaxrs/1.9.13/jackson-jaxrs-1.9.13.jar:/home/user/.m2/repository/org/codehaus/jackson/jackson-xc/1.9.13/jackson-xc-1.9.13.jar:/home/user/.m2/repository/commons-logging/commons-logging/1.1.3/commons-logging-1.1.3.jar:/home/user/.m2/repository/commons-beanutils/commons-beanutils/1.9.4/commons-beanutils-1.9.4.jar:/home/user/.m2/repository/org/apache/commons/commons-configuration2/2.1.1/commons-configuration2-2.1.1.jar:/home/user/.m2/repository/org/apache/commons/commons-lang3/3.7/commons-lang3-3.7.jar:/home/user/.m2/repository/org/apache/commons/commons-text/1.4/commons-text-1.4.jar:/home/user/.m2/repository/org/apache/avro/avro/1.7.7/avro-1.7.7.jar:/home/user/.m2/repository/com/thoughtworks/paranamer/paranamer/2.3/paranamer-2.3.jar:/home/user/.m2/repository/org/xerial/snappy/snappy-java/1.0.5/snappy-java-1.0.5.jar:/home/user/.m2/repository/com/google/re2j/re2j/1.1/re2j-1.1.jar:/home/user/.m2/repository/com/google/code/gson/gson/2.2.4/gson-2.2.4.jar:/home/user/.m2/repository/com/jcraft/jsch/0.1.54/jsch-0.1.54.jar:/home/user/.m2/repository/org/apache/curator/curator-client/2.12.0/curator-client-2.12.0.jar:/home/user/.m2/repository/org/apache/curator/curator-recipes/2.12.0/curator-recipes-2.12.0.jar:/home/user/.m2/repository/com/google/code/findbugs/jsr305/3.0.0/jsr305-3.0.0.jar:/home/user/.m2/repository/org/apache/htrace/htrace-core4/4.1.0-incubating/htrace-core4-4.1.0-incubating.jar:/home/user/.m2/repository/org/apache/zookeeper/zookeeper/3.4.13/zookeeper-3.4.13.jar:/home/user/.m2/repository/jline/jline/0.9.94/jline-0.9.94.jar:/home/user/.m2/repository/org/apache/yetus/audience-annotations/0.5.0/audience-annotations-0.5.0.jar:/home/user/.m2/repository/org/codehaus/woodstox/stax2-api/3.1.4/stax2-api-3.1.4.jar:/home/user/.m2/repository/com/fasterxml/woodstox/woodstox-core/5.0.3/woodstox-core-5.0.3.jar:/home/user/.m2/repository/dnsjava/dnsjava/2.1.7/dnsjava-2.1.7.jar:/home/user/.m2/repository/org/apache/hadoop/hadoop-hdfs/3.2.0/hadoop-hdfs-3.2.0-tests.jar:/home/user/.m2/repository/org/eclipse/jetty/jetty-util-ajax/9.3.25.v20180904/jetty-util-ajax-9.3.25.v20180904.jar:/home/user/.m2/repository/commons-daemon/commons-daemon/1.0.13/commons-daemon-1.0.13.jar:/home/user/.m2/repository/io/netty/netty/3.10.5.Final/netty-3.10.5.Final.jar:/home/user/.m2/repository/io/netty/netty-all/4.0.52.Final/netty-all-4.0.52.Final.jar:/home/user/.m2/repository/org/fusesource/leveldbjni/leveldbjni-all/1.8/leveldbjni-all-1.8.jar:"/>
    <property name="java.vm.vendor" value="IcedTea"/>
    <property name="sun.arch.data.model" value="64"/>
    <property name="test.build.dir" value="/workdir/hadoop-ozone/integration-test/target/test-dir"/>
    <property name="test.cache.data" value=""/>
    <property name="java.vendor.url" value="https://icedtea.classpath.org"/>
    <property name="user.timezone" value=""/>
    <property name="java.vm.specification.version" value="1.8"/>
    <property name="os.name" value="Linux"/>
    <property name="test.build.data" value="/workdir/hadoop-ozone/integration-test/target/test-dir"/>
    <property name="user.country" value="US"/>
    <property name="sun.java.launcher" value="SUN_STANDARD"/>
    <property name="sun.boot.library.path" value="/usr/lib/jvm/java-1.8-openjdk/jre/lib/amd64"/>
    <property name="sun.java.command" value="/workdir/hadoop-ozone/integration-test/target/surefire/surefirebooter4671873828644414831.jar /workdir/hadoop-ozone/integration-test/target/surefire 2019-10-14T11-42-41_570-jvmRun1 surefire3051527598856448905tmp surefire_763756918384576582347tmp"/>
    <property name="test" value="!TestMiniChaosOzoneCluster"/>
    <property name="surefire.test.class.path" value="/workdir/hadoop-ozone/integration-test/target/test-classes:/workdir/hadoop-ozone/integration-test/target/classes:/home/user/.m2/repository/org/apache/hadoop/hadoop-ozone-common/0.5.0-SNAPSHOT/hadoop-ozone-common-0.5.0-SNAPSHOT.jar:/home/user/.m2/repository/org/apache/commons/commons-compress/1.4.1/commons-compress-1.4.1.jar:/home/user/.m2/repository/org/tukaani/xz/1.0/xz-1.0.jar:/home/user/.m2/repository/org/apache/hadoop/hadoop-common/3.2.0/hadoop-common-3.2.0.jar:/home/user/.m2/repository/org/apache/hadoop/hadoop-hdfs/3.2.0/hadoop-hdfs-3.2.0.jar:/home/user/.m2/repository/org/apache/hadoop/hadoop-hdfs-client/3.2.0/hadoop-hdfs-client-3.2.0.jar:/home/user/.m2/repository/com/fasterxml/jackson/core/jackson-annotations/2.9.9/jackson-annotations-2.9.9.jar:/home/user/.m2/repository/org/apache/hadoop/hadoop-hdds-common/0.5.0-SNAPSHOT/hadoop-hdds-common-0.5.0-SNAPSHOT.jar:/home/user/.m2/repository/javax/annotation/javax.annotation-api/1.2/javax.annotation-api-1.2.jar:/home/user/.m2/repository/org/apache/ratis/ratis-server/0.5.0-201fc85-SNAPSHOT/ratis-server-0.5.0-201fc85-SNAPSHOT.jar:/home/user/.m2/repository/org/apache/ratis/ratis-thirdparty-misc/0.2.0/ratis-thirdparty-misc-0.2.0.jar:/home/user/.m2/repository/org/apache/ratis/ratis-proto/0.5.0-201fc85-SNAPSHOT/ratis-proto-0.5.0-201fc85-SNAPSHOT.jar:/home/user/.m2/repository/org/apache/ratis/ratis-common/0.5.0-201fc85-SNAPSHOT/ratis-common-0.5.0-201fc85-SNAPSHOT.jar:/home/user/.m2/repository/org/apache/ratis/ratis-client/0.5.0-201fc85-SNAPSHOT/ratis-client-0.5.0-201fc85-SNAPSHOT.jar:/home/user/.m2/repository/org/apache/ratis/ratis-metrics/0.5.0-201fc85-SNAPSHOT/ratis-metrics-0.5.0-201fc85-SNAPSHOT.jar:/home/user/.m2/repository/com/github/joshelser/dropwizard-metrics-hadoop-metrics2-reporter/0.1.2/dropwizard-metrics-hadoop-metrics2-reporter-0.1.2.jar:/home/user/.m2/repository/io/dropwizard/metrics/metrics-jvm/3.2.5/metrics-jvm-3.2.5.jar:/home/user/.m2/repository/io/dropwizard/metrics/metrics-ganglia/3.2.5/metrics-ganglia-3.2.5.jar:/home/user/.m2/repository/info/ganglia/gmetric4j/gmetric4j/1.0.7/gmetric4j-1.0.7.jar:/home/user/.m2/repository/org/apache/ratis/ratis-netty/0.5.0-201fc85-SNAPSHOT/ratis-netty-0.5.0-201fc85-SNAPSHOT.jar:/home/user/.m2/repository/org/apache/ratis/ratis-grpc/0.5.0-201fc85-SNAPSHOT/ratis-grpc-0.5.0-201fc85-SNAPSHOT.jar:/home/user/.m2/repository/org/rocksdb/rocksdbjni/6.0.1/rocksdbjni-6.0.1.jar:/home/user/.m2/repository/org/apache/logging/log4j/log4j-api/2.11.0/log4j-api-2.11.0.jar:/home/user/.m2/repository/org/apache/logging/log4j/log4j-core/2.11.0/log4j-core-2.11.0.jar:/home/user/.m2/repository/com/lmax/disruptor/3.4.2/disruptor-3.4.2.jar:/home/user/.m2/repository/org/apache/commons/commons-pool2/2.6.0/commons-pool2-2.6.0.jar:/home/user/.m2/repository/org/bouncycastle/bcpkix-jdk15on/1.60/bcpkix-jdk15on-1.60.jar:/home/user/.m2/repository/commons-validator/commons-validator/1.6/commons-validator-1.6.jar:/home/user/.m2/repository/commons-digester/commons-digester/1.8.1/commons-digester-1.8.1.jar:/home/user/.m2/repository/io/jaegertracing/jaeger-client/0.34.0/jaeger-client-0.34.0.jar:/home/user/.m2/repository/io/jaegertracing/jaeger-thrift/0.34.0/jaeger-thrift-0.34.0.jar:/home/user/.m2/repository/org/apache/thrift/libthrift/0.12.0/libthrift-0.12.0.jar:/home/user/.m2/repository/com/squareup/okhttp3/okhttp/3.9.0/okhttp-3.9.0.jar:/home/user/.m2/repository/com/squareup/okio/okio/1.13.0/okio-1.13.0.jar:/home/user/.m2/repository/io/jaegertracing/jaeger-core/0.34.0/jaeger-core-0.34.0.jar:/home/user/.m2/repository/io/jaegertracing/jaeger-tracerresolver/0.34.0/jaeger-tracerresolver-0.34.0.jar:/home/user/.m2/repository/io/opentracing/contrib/opentracing-tracerresolver/0.1.5/opentracing-tracerresolver-0.1.5.jar:/home/user/.m2/repository/io/opentracing/opentracing-util/0.31.0/opentracing-util-0.31.0.jar:/home/user/.m2/repository/io/opentracing/opentracing-api/0.31.0/opentracing-api-0.31.0.jar:/home/user/.m2/repository/io/opentracing/opentracing-noop/0.31.0/opentracing-noop-0.31.0.jar:/home/user/.m2/repository/org/apache/hadoop/hadoop-hdds-server-framework/0.5.0-SNAPSHOT/hadoop-hdds-server-framework-0.5.0-SNAPSHOT.jar:/home/user/.m2/repository/org/apache/hadoop/hadoop-hdds-container-service/0.5.0-SNAPSHOT/hadoop-hdds-container-service-0.5.0-SNAPSHOT.jar:/home/user/.m2/repository/org/apache/hadoop/hadoop-hdds-client/0.5.0-SNAPSHOT/hadoop-hdds-client-0.5.0-SNAPSHOT.jar:/home/user/.m2/repository/org/apache/hadoop/hadoop-hdds-tools/0.5.0-SNAPSHOT/hadoop-hdds-tools-0.5.0-SNAPSHOT.jar:/home/user/.m2/repository/org/apache/hadoop/hadoop-hdds-server-scm/0.5.0-SNAPSHOT/hadoop-hdds-server-scm-0.5.0-SNAPSHOT.jar:/home/user/.m2/repository/org/apache/hadoop/hadoop-hdds-docs/0.5.0-SNAPSHOT/hadoop-hdds-docs-0.5.0-SNAPSHOT.jar:/home/user/.m2/repository/io/dropwizard/metrics/metrics-core/3.2.4/metrics-core-3.2.4.jar:/home/user/.m2/repository/org/hamcrest/hamcrest-all/1.3/hamcrest-all-1.3.jar:/home/user/.m2/repository/org/bouncycastle/bcprov-jdk15on/1.60/bcprov-jdk15on-1.60.jar:/home/user/.m2/repository/info/picocli/picocli/3.9.6/picocli-3.9.6.jar:/home/user/.m2/repository/com/google/protobuf/protobuf-java/2.5.0/protobuf-java-2.5.0.jar:/home/user/.m2/repository/com/google/guava/guava/11.0.2/guava-11.0.2.jar:/home/user/.m2/repository/org/apache/hadoop/hadoop-ozone-ozone-manager/0.5.0-SNAPSHOT/hadoop-ozone-ozone-manager-0.5.0-SNAPSHOT.jar:/home/user/.m2/repository/org/apache/hadoop/hadoop-minikdc/3.2.0/hadoop-minikdc-3.2.0.jar:/home/user/.m2/repository/commons-io/commons-io/2.5/commons-io-2.5.jar:/home/user/.m2/repository/org/apache/kerby/kerb-simplekdc/1.0.1/kerb-simplekdc-1.0.1.jar:/home/user/.m2/repository/org/apache/kerby/kerb-client/1.0.1/kerb-client-1.0.1.jar:/home/user/.m2/repository/org/apache/kerby/kerby-config/1.0.1/kerby-config-1.0.1.jar:/home/user/.m2/repository/org/apache/kerby/kerb-core/1.0.1/kerb-core-1.0.1.jar:/home/user/.m2/repository/org/apache/kerby/kerby-pkix/1.0.1/kerby-pkix-1.0.1.jar:/home/user/.m2/repository/org/apache/kerby/kerby-asn1/1.0.1/kerby-asn1-1.0.1.jar:/home/user/.m2/repository/org/apache/kerby/kerby-util/1.0.1/kerby-util-1.0.1.jar:/home/user/.m2/repository/org/apache/kerby/kerb-common/1.0.1/kerb-common-1.0.1.jar:/home/user/.m2/repository/org/apache/kerby/kerb-crypto/1.0.1/kerb-crypto-1.0.1.jar:/home/user/.m2/repository/org/apache/kerby/kerb-util/1.0.1/kerb-util-1.0.1.jar:/home/user/.m2/repository/org/apache/kerby/token-provider/1.0.1/token-provider-1.0.1.jar:/home/user/.m2/repository/org/apache/kerby/kerb-admin/1.0.1/kerb-admin-1.0.1.jar:/home/user/.m2/repository/org/apache/kerby/kerb-server/1.0.1/kerb-server-1.0.1.jar:/home/user/.m2/repository/org/apache/kerby/kerb-identity/1.0.1/kerb-identity-1.0.1.jar:/home/user/.m2/repository/org/apache/kerby/kerby-xdr/1.0.1/kerby-xdr-1.0.1.jar:/home/user/.m2/repository/org/slf4j/slf4j-log4j12/1.7.25/slf4j-log4j12-1.7.25.jar:/home/user/.m2/repository/org/apache/hadoop/hadoop-ozone-s3gateway/0.5.0-SNAPSHOT/hadoop-ozone-s3gateway-0.5.0-SNAPSHOT.jar:/home/user/.m2/repository/org/jboss/weld/servlet/weld-servlet/2.4.7.Final/weld-servlet-2.4.7.Final.jar:/home/user/.m2/repository/org/glassfish/jersey/containers/jersey-container-servlet-core/2.27/jersey-container-servlet-core-2.27.jar:/home/user/.m2/repository/org/glassfish/hk2/external/javax.inject/2.5.0-b42/javax.inject-2.5.0-b42.jar:/home/user/.m2/repository/org/glassfish/jersey/core/jersey-common/2.27/jersey-common-2.27.jar:/home/user/.m2/repository/org/glassfish/hk2/osgi-resource-locator/1.0.1/osgi-resource-locator-1.0.1.jar:/home/user/.m2/repository/javax/ws/rs/javax.ws.rs-api/2.1/javax.ws.rs-api-2.1.jar:/home/user/.m2/repository/org/glassfish/jersey/ext/cdi/jersey-cdi1x/2.27/jersey-cdi1x-2.27.jar:/home/user/.m2/repository/org/glassfish/jersey/inject/jersey-hk2/2.27/jersey-hk2-2.27.jar:/home/user/.m2/repository/org/glassfish/hk2/hk2-locator/2.5.0-b42/hk2-locator-2.5.0-b42.jar:/home/user/.m2/repository/org/javassist/javassist/3.22.0-CR2/javassist-3.22.0-CR2.jar:/home/user/.m2/repository/org/glassfish/hk2/hk2-api/2.5.0/hk2-api-2.5.0.jar:/home/user/.m2/repository/org/glassfish/hk2/external/jakarta.inject/2.5.0/jakarta.inject-2.5.0.jar:/home/user/.m2/repository/org/glassfish/hk2/hk2-utils/2.5.0/hk2-utils-2.5.0.jar:/home/user/.m2/repository/jakarta/annotation/jakarta.annotation-api/1.3.4/jakarta.annotation-api-1.3.4.jar:/home/user/.m2/repository/org/glassfish/hk2/external/aopalliance-repackaged/2.5.0/aopalliance-repackaged-2.5.0.jar:/home/user/.m2/repository/com/fasterxml/jackson/dataformat/jackson-dataformat-xml/2.9.0/jackson-dataformat-xml-2.9.0.jar:/home/user/.m2/repository/com/fasterxml/jackson/core/jackson-core/2.9.9/jackson-core-2.9.9.jar:/home/user/.m2/repository/com/fasterxml/jackson/module/jackson-module-jaxb-annotations/2.9.9/jackson-module-jaxb-annotations-2.9.9.jar:/home/user/.m2/repository/javax/enterprise/cdi-api/1.2/cdi-api-1.2.jar:/home/user/.m2/repository/javax/el/javax.el-api/3.0.0/javax.el-api-3.0.0.jar:/home/user/.m2/repository/javax/interceptor/javax.interceptor-api/1.2/javax.interceptor-api-1.2.jar:/home/user/.m2/repository/javax/inject/javax.inject/1/javax.inject-1.jar:/home/user/.m2/repository/com/sun/xml/bind/jaxb-impl/2.3.0.1/jaxb-impl-2.3.0.1.jar:/home/user/.m2/repository/com/sun/xml/bind/jaxb-core/2.3.0.1/jaxb-core-2.3.0.1.jar:/home/user/.m2/repository/javax/xml/bind/jaxb-api/2.3.0/jaxb-api-2.3.0.jar:/home/user/.m2/repository/javax/activation/activation/1.1.1/activation-1.1.1.jar:/home/user/.m2/repository/org/apache/hadoop/hadoop-ozone-csi/0.5.0-SNAPSHOT/hadoop-ozone-csi-0.5.0-SNAPSHOT.jar:/home/user/.m2/repository/com/google/protobuf/protobuf-java-util/3.5.1/protobuf-java-util-3.5.1.jar:/home/user/.m2/repository/org/apache/hadoop/hadoop-hdds-config/0.5.0-SNAPSHOT/hadoop-hdds-config-0.5.0-SNAPSHOT.jar:/home/user/.m2/repository/io/grpc/grpc-netty/1.17.1/grpc-netty-1.17.1.jar:/home/user/.m2/repository/io/grpc/grpc-core/1.17.1/grpc-core-1.17.1.jar:/home/user/.m2/repository/io/grpc/grpc-context/1.17.1/grpc-context-1.17.1.jar:/home/user/.m2/repository/com/google/errorprone/error_prone_annotations/2.2.0/error_prone_annotations-2.2.0.jar:/home/user/.m2/repository/org/codehaus/mojo/animal-sniffer-annotations/1.17/animal-sniffer-annotations-1.17.jar:/home/user/.m2/repository/io/opencensus/opencensus-api/0.17.0/opencensus-api-0.17.0.jar:/home/user/.m2/repository/io/opencensus/opencensus-contrib-grpc-metrics/0.17.0/opencensus-contrib-grpc-metrics-0.17.0.jar:/home/user/.m2/repository/io/netty/netty-codec-http2/4.1.30.Final/netty-codec-http2-4.1.30.Final.jar:/home/user/.m2/repository/io/netty/netty-codec-http/4.1.30.Final/netty-codec-http-4.1.30.Final.jar:/home/user/.m2/repository/io/netty/netty-codec/4.1.30.Final/netty-codec-4.1.30.Final.jar:/home/user/.m2/repository/io/netty/netty-handler/4.1.30.Final/netty-handler-4.1.30.Final.jar:/home/user/.m2/repository/io/netty/netty-handler-proxy/4.1.30.Final/netty-handler-proxy-4.1.30.Final.jar:/home/user/.m2/repository/io/netty/netty-codec-socks/4.1.30.Final/netty-codec-socks-4.1.30.Final.jar:/home/user/.m2/repository/io/netty/netty-transport-native-epoll/4.1.30.Final/netty-transport-native-epoll-4.1.30.Final.jar:/home/user/.m2/repository/io/netty/netty-common/4.1.30.Final/netty-common-4.1.30.Final.jar:/home/user/.m2/repository/io/netty/netty-buffer/4.1.30.Final/netty-buffer-4.1.30.Final.jar:/home/user/.m2/repository/io/netty/netty-transport/4.1.30.Final/netty-transport-4.1.30.Final.jar:/home/user/.m2/repository/io/netty/netty-resolver/4.1.30.Final/netty-resolver-4.1.30.Final.jar:/home/user/.m2/repository/io/netty/netty-transport-native-unix-common/4.1.30.Final/netty-transport-native-unix-common-4.1.30.Final.jar:/home/user/.m2/repository/io/grpc/grpc-protobuf/1.17.1/grpc-protobuf-1.17.1.jar:/home/user/.m2/repository/com/google/api/grpc/proto-google-common-protos/1.0.0/proto-google-common-protos-1.0.0.jar:/home/user/.m2/repository/io/grpc/grpc-protobuf-lite/1.17.1/grpc-protobuf-lite-1.17.1.jar:/home/user/.m2/repository/io/grpc/grpc-stub/1.17.1/grpc-stub-1.17.1.jar:/home/user/.m2/repository/org/apache/hadoop/hadoop-ozone-recon/0.5.0-SNAPSHOT/hadoop-ozone-recon-0.5.0-SNAPSHOT.jar:/home/user/.m2/repository/org/apache/hadoop/hadoop-ozone-reconcodegen/0.5.0-SNAPSHOT/hadoop-ozone-reconcodegen-0.5.0-SNAPSHOT.jar:/home/user/.m2/repository/com/google/inject/extensions/guice-multibindings/4.0/guice-multibindings-4.0.jar:/home/user/.m2/repository/com/google/inject/guice/4.0/guice-4.0.jar:/home/user/.m2/repository/aopalliance/aopalliance/1.0/aopalliance-1.0.jar:/home/user/.m2/repository/com/google/inject/extensions/guice-servlet/4.0/guice-servlet-4.0.jar:/home/user/.m2/repository/org/glassfish/jersey/containers/jersey-container-servlet/2.27/jersey-container-servlet-2.27.jar:/home/user/.m2/repository/org/glassfish/hk2/guice-bridge/2.5.0/guice-bridge-2.5.0.jar:/home/user/.m2/repository/org/glassfish/jersey/core/jersey-server/2.27/jersey-server-2.27.jar:/home/user/.m2/repository/org/glassfish/jersey/core/jersey-client/2.27/jersey-client-2.27.jar:/home/user/.m2/repository/org/glassfish/jersey/media/jersey-media-jaxb/2.27/jersey-media-jaxb-2.27.jar:/home/user/.m2/repository/javax/validation/validation-api/1.1.0.Final/validation-api-1.1.0.Final.jar:/home/user/.m2/repository/org/glassfish/jersey/media/jersey-media-json-jackson/2.27/jersey-media-json-jackson-2.27.jar:/home/user/.m2/repository/org/glassfish/jersey/ext/jersey-entity-filtering/2.27/jersey-entity-filtering-2.27.jar:/home/user/.m2/repository/com/google/inject/extensions/guice-assistedinject/4.0/guice-assistedinject-4.0.jar:/home/user/.m2/repository/org/jooq/jooq/3.11.10/jooq-3.11.10.jar:/home/user/.m2/repository/org/jooq/jooq-meta/3.11.10/jooq-meta-3.11.10.jar:/home/user/.m2/repository/org/jooq/jooq-codegen/3.11.10/jooq-codegen-3.11.10.jar:/home/user/.m2/repository/com/jolbox/bonecp/0.8.0.RELEASE/bonecp-0.8.0.RELEASE.jar:/home/user/.m2/repository/org/xerial/sqlite-jdbc/3.25.2/sqlite-jdbc-3.25.2.jar:/home/user/.m2/repository/org/springframework/spring-jdbc/5.1.3.RELEASE/spring-jdbc-5.1.3.RELEASE.jar:/home/user/.m2/repository/org/springframework/spring-beans/5.1.3.RELEASE/spring-beans-5.1.3.RELEASE.jar:/home/user/.m2/repository/org/springframework/spring-core/5.1.3.RELEASE/spring-core-5.1.3.RELEASE.jar:/home/user/.m2/repository/org/springframework/spring-jcl/5.1.3.RELEASE/spring-jcl-5.1.3.RELEASE.jar:/home/user/.m2/repository/org/springframework/spring-tx/5.1.3.RELEASE/spring-tx-5.1.3.RELEASE.jar:/home/user/.m2/repository/org/apache/hadoop/hadoop-ozone-client/0.5.0-SNAPSHOT/hadoop-ozone-client-0.5.0-SNAPSHOT.jar:/home/user/.m2/repository/commons-lang/commons-lang/2.6/commons-lang-2.6.jar:/home/user/.m2/repository/org/apache/hadoop/hadoop-ozone-ozone-manager/0.5.0-SNAPSHOT/hadoop-ozone-ozone-manager-0.5.0-SNAPSHOT-tests.jar:/home/user/.m2/repository/junit/junit/4.11/junit-4.11.jar:/home/user/.m2/repository/org/hamcrest/hamcrest-core/1.3/hamcrest-core-1.3.jar:/home/user/.m2/repository/org/openjdk/jmh/jmh-core/1.19/jmh-core-1.19.jar:/home/user/.m2/repository/net/sf/jopt-simple/jopt-simple/4.6/jopt-simple-4.6.jar:/home/user/.m2/repository/org/apache/commons/commons-math3/3.1.1/commons-math3-3.1.1.jar:/home/user/.m2/repository/org/openjdk/jmh/jmh-generator-annprocess/1.19/jmh-generator-annprocess-1.19.jar:/home/user/.m2/repository/org/mockito/mockito-all/1.8.5/mockito-all-1.8.5.jar:/home/user/.m2/repository/org/apache/hadoop/hadoop-kms/3.2.0/hadoop-kms-3.2.0.jar:/home/user/.m2/repository/org/apache/hadoop/hadoop-auth/3.2.0/hadoop-auth-3.2.0.jar:/home/user/.m2/repository/com/nimbusds/nimbus-jose-jwt/4.41.1/nimbus-jose-jwt-4.41.1.jar:/home/user/.m2/repository/com/github/stephenc/jcip/jcip-annotations/1.0-1/jcip-annotations-1.0-1.jar:/home/user/.m2/repository/net/minidev/json-smart/2.3/json-smart-2.3.jar:/home/user/.m2/repository/net/minidev/accessors-smart/1.2/accessors-smart-1.2.jar:/home/user/.m2/repository/org/ow2/asm/asm/5.0.4/asm-5.0.4.jar:/home/user/.m2/repository/org/apache/curator/curator-framework/2.12.0/curator-framework-2.12.0.jar:/home/user/.m2/repository/com/sun/jersey/jersey-core/1.19/jersey-core-1.19.jar:/home/user/.m2/repository/javax/ws/rs/jsr311-api/1.1.1/jsr311-api-1.1.1.jar:/home/user/.m2/repository/com/sun/jersey/jersey-server/1.19/jersey-server-1.19.jar:/home/user/.m2/repository/javax/servlet/javax.servlet-api/3.1.0/javax.servlet-api-3.1.0.jar:/home/user/.m2/repository/org/eclipse/jetty/jetty-server/9.3.25.v20180904/jetty-server-9.3.25.v20180904.jar:/home/user/.m2/repository/org/eclipse/jetty/jetty-http/9.3.25.v20180904/jetty-http-9.3.25.v20180904.jar:/home/user/.m2/repository/org/eclipse/jetty/jetty-io/9.3.25.v20180904/jetty-io-9.3.25.v20180904.jar:/home/user/.m2/repository/org/eclipse/jetty/jetty-webapp/9.3.25.v20180904/jetty-webapp-9.3.25.v20180904.jar:/home/user/.m2/repository/org/eclipse/jetty/jetty-xml/9.3.25.v20180904/jetty-xml-9.3.25.v20180904.jar:/home/user/.m2/repository/log4j/log4j/1.2.17/log4j-1.2.17.jar:/home/user/.m2/repository/org/slf4j/slf4j-api/1.7.25/slf4j-api-1.7.25.jar:/home/user/.m2/repository/org/slf4j/jul-to-slf4j/1.7.25/jul-to-slf4j-1.7.25.jar:/home/user/.m2/repository/org/eclipse/jetty/jetty-util/9.3.25.v20180904/jetty-util-9.3.25.v20180904.jar:/home/user/.m2/repository/com/fasterxml/jackson/core/jackson-databind/2.9.9/jackson-databind-2.9.9.jar:/home/user/.m2/repository/org/apache/hadoop/hadoop-kms/3.2.0/hadoop-kms-3.2.0-tests.jar:/home/user/.m2/repository/org/apache/hadoop/hadoop-hdds-server-scm/0.5.0-SNAPSHOT/hadoop-hdds-server-scm-0.5.0-SNAPSHOT-tests.jar:/home/user/.m2/repository/org/apache/hadoop/hadoop-hdds-container-service/0.5.0-SNAPSHOT/hadoop-hdds-container-service-0.5.0-SNAPSHOT-tests.jar:/home/user/.m2/repository/org/yaml/snakeyaml/1.16/snakeyaml-1.16.jar:/home/user/.m2/repository/org/apache/hadoop/hadoop-common/3.2.0/hadoop-common-3.2.0-tests.jar:/home/user/.m2/repository/org/apache/hadoop/hadoop-annotations/3.2.0/hadoop-annotations-3.2.0.jar:/usr/lib/jvm/java-1.8-openjdk/jre/../lib/tools.jar:/home/user/.m2/repository/commons-cli/commons-cli/1.2/commons-cli-1.2.jar:/home/user/.m2/repository/org/apache/httpcomponents/httpclient/4.5.2/httpclient-4.5.2.jar:/home/user/.m2/repository/org/apache/httpcomponents/httpcore/4.4.4/httpcore-4.4.4.jar:/home/user/.m2/repository/commons-codec/commons-codec/1.11/commons-codec-1.11.jar:/home/user/.m2/repository/commons-net/commons-net/3.6/commons-net-3.6.jar:/home/user/.m2/repository/commons-collections/commons-collections/3.2.2/commons-collections-3.2.2.jar:/home/user/.m2/repository/org/eclipse/jetty/jetty-servlet/9.3.25.v20180904/jetty-servlet-9.3.25.v20180904.jar:/home/user/.m2/repository/org/eclipse/jetty/jetty-security/9.3.25.v20180904/jetty-security-9.3.25.v20180904.jar:/home/user/.m2/repository/javax/servlet/jsp/jsp-api/2.1/jsp-api-2.1.jar:/home/user/.m2/repository/com/sun/jersey/jersey-servlet/1.19/jersey-servlet-1.19.jar:/home/user/.m2/repository/com/sun/jersey/jersey-json/1.19/jersey-json-1.19.jar:/home/user/.m2/repository/org/codehaus/jettison/jettison/1.1/jettison-1.1.jar:/home/user/.m2/repository/org/codehaus/jackson/jackson-core-asl/1.9.13/jackson-core-asl-1.9.13.jar:/home/user/.m2/repository/org/codehaus/jackson/jackson-mapper-asl/1.9.13/jackson-mapper-asl-1.9.13.jar:/home/user/.m2/repository/org/codehaus/jackson/jackson-jaxrs/1.9.13/jackson-jaxrs-1.9.13.jar:/home/user/.m2/repository/org/codehaus/jackson/jackson-xc/1.9.13/jackson-xc-1.9.13.jar:/home/user/.m2/repository/commons-logging/commons-logging/1.1.3/commons-logging-1.1.3.jar:/home/user/.m2/repository/commons-beanutils/commons-beanutils/1.9.4/commons-beanutils-1.9.4.jar:/home/user/.m2/repository/org/apache/commons/commons-configuration2/2.1.1/commons-configuration2-2.1.1.jar:/home/user/.m2/repository/org/apache/commons/commons-lang3/3.7/commons-lang3-3.7.jar:/home/user/.m2/repository/org/apache/commons/commons-text/1.4/commons-text-1.4.jar:/home/user/.m2/repository/org/apache/avro/avro/1.7.7/avro-1.7.7.jar:/home/user/.m2/repository/com/thoughtworks/paranamer/paranamer/2.3/paranamer-2.3.jar:/home/user/.m2/repository/org/xerial/snappy/snappy-java/1.0.5/snappy-java-1.0.5.jar:/home/user/.m2/repository/com/google/re2j/re2j/1.1/re2j-1.1.jar:/home/user/.m2/repository/com/google/code/gson/gson/2.2.4/gson-2.2.4.jar:/home/user/.m2/repository/com/jcraft/jsch/0.1.54/jsch-0.1.54.jar:/home/user/.m2/repository/org/apache/curator/curator-client/2.12.0/curator-client-2.12.0.jar:/home/user/.m2/repository/org/apache/curator/curator-recipes/2.12.0/curator-recipes-2.12.0.jar:/home/user/.m2/repository/com/google/code/findbugs/jsr305/3.0.0/jsr305-3.0.0.jar:/home/user/.m2/repository/org/apache/htrace/htrace-core4/4.1.0-incubating/htrace-core4-4.1.0-incubating.jar:/home/user/.m2/repository/org/apache/zookeeper/zookeeper/3.4.13/zookeeper-3.4.13.jar:/home/user/.m2/repository/jline/jline/0.9.94/jline-0.9.94.jar:/home/user/.m2/repository/org/apache/yetus/audience-annotations/0.5.0/audience-annotations-0.5.0.jar:/home/user/.m2/repository/org/codehaus/woodstox/stax2-api/3.1.4/stax2-api-3.1.4.jar:/home/user/.m2/repository/com/fasterxml/woodstox/woodstox-core/5.0.3/woodstox-core-5.0.3.jar:/home/user/.m2/repository/dnsjava/dnsjava/2.1.7/dnsjava-2.1.7.jar:/home/user/.m2/repository/org/apache/hadoop/hadoop-hdfs/3.2.0/hadoop-hdfs-3.2.0-tests.jar:/home/user/.m2/repository/org/eclipse/jetty/jetty-util-ajax/9.3.25.v20180904/jetty-util-ajax-9.3.25.v20180904.jar:/home/user/.m2/repository/commons-daemon/commons-daemon/1.0.13/commons-daemon-1.0.13.jar:/home/user/.m2/repository/io/netty/netty/3.10.5.Final/netty-3.10.5.Final.jar:/home/user/.m2/repository/io/netty/netty-all/4.0.52.Final/netty-all-4.0.52.Final.jar:/home/user/.m2/repository/org/fusesource/leveldbjni/leveldbjni-all/1.8/leveldbjni-all-1.8.jar:"/>
    <property name="sun.cpu.endian" value="little"/>
    <property name="user.home" value="/home/user"/>
    <property name="user.language" value="en"/>
    <property name="java.specification.vendor" value="Oracle Corporation"/>
    <property name="java.home" value="/usr/lib/jvm/java-1.8-openjdk/jre"/>
    <property name="surefire.excludesFile" value="/tools/ozone-bad-unit-tests"/>
    <property name="java.security.krb5.conf" value="/workdir/hadoop-ozone/integration-test/target/test-classes/krb5.conf"/>
    <property name="basedir" value="/workdir/hadoop-ozone/integration-test"/>
    <property name="file.separator" value="/"/>
    <property name="line.separator" value="&#10;"/>
    <property name="java.vm.specification.vendor" value="Oracle Corporation"/>
    <property name="java.specification.name" value="Java Platform API Specification"/>
    <property name="java.awt.graphicsenv" value="sun.awt.X11GraphicsEnvironment"/>
    <property name="surefire.real.class.path" value="/workdir/hadoop-ozone/integration-test/target/surefire/surefirebooter4671873828644414831.jar"/>
    <property name="hadoop.log.dir" value="/workdir/hadoop-ozone/integration-test/target/log"/>
    <property name="sun.boot.class.path" value="/usr/lib/jvm/java-1.8-openjdk/jre/lib/resources.jar:/usr/lib/jvm/java-1.8-openjdk/jre/lib/rt.jar:/usr/lib/jvm/java-1.8-openjdk/jre/lib/sunrsasign.jar:/usr/lib/jvm/java-1.8-openjdk/jre/lib/jsse.jar:/usr/lib/jvm/java-1.8-openjdk/jre/lib/jce.jar:/usr/lib/jvm/java-1.8-openjdk/jre/lib/charsets.jar:/usr/lib/jvm/java-1.8-openjdk/jre/lib/jfr.jar:/usr/lib/jvm/java-1.8-openjdk/jre/classes"/>
    <property name="sun.management.compiler" value="HotSpot 64-Bit Tiered Compilers"/>
    <property name="java.runtime.version" value="1.8.0_212-b04"/>
    <property name="java.net.preferIPv4Stack" value="true"/>
    <property name="user.name" value="jenkins1000"/>
    <property name="path.separator" value=":"/>
    <property name="java.security.egd" value="file:///dev/urandom"/>
    <property name="os.version" value="3.10.0-957.12.2.el7.x86_64"/>
    <property name="java.endorsed.dirs" value="/usr/lib/jvm/java-1.8-openjdk/jre/lib/endorsed"/>
    <property name="java.runtime.name" value="OpenJDK Runtime Environment"/>
    <property name="file.encoding" value="UTF-8"/>
    <property name="java.vm.name" value="OpenJDK 64-Bit Server VM"/>
    <property name="test.build.webapps" value=""/>
    <property name="localRepository" value="/home/user/.m2/repository"/>
    <property name="java.vendor.url.bug" value="https://icedtea.classpath.org/bugzilla"/>
    <property name="java.io.tmpdir" value="/tmp"/>
    <property name="require.test.libhadoop" value=""/>
    <property name="java.version" value="1.8.0_212"/>
    <property name="user.dir" value="/workdir/hadoop-ozone/integration-test"/>
    <property name="os.arch" value="amd64"/>
    <property name="java.vm.specification.name" value="Java Virtual Machine Specification"/>
    <property name="test.build.classes" value="/workdir/hadoop-ozone/integration-test/target/test-classes"/>
    <property name="java.awt.printerjob" value="sun.print.PSPrinterJob"/>
    <property name="sun.os.patch.level" value="unknown"/>
    <property name="hadoop.tmp.dir" value="/workdir/hadoop-ozone/integration-test/target/tmp"/>
    <property name="java.library.path" value="/usr/lib/jvm/java-1.8-openjdk/jre/lib/amd64/server:/usr/lib/jvm/java-1.8-openjdk/jre/lib/amd64:/usr/lib/jvm/java-1.8-openjdk/jre/../lib/amd64:/workdir/hadoop-ozone/integration-test/target/native/target/usr/local/lib:/workdir/hadoop-ozone/integration-test/../../hadoop-common-project/hadoop-common/target/native/target/usr/local/lib:/usr/java/packages/lib/amd64:/usr/lib64:/lib64:/lib:/usr/lib"/>
    <property name="java.vm.info" value="mixed mode"/>
    <property name="java.vendor" value="IcedTea"/>
    <property name="java.vm.version" value="25.212-b04"/>
    <property name="java.ext.dirs" value="/usr/lib/jvm/java-1.8-openjdk/jre/lib/ext:/usr/java/packages/lib/ext"/>
    <property name="sun.io.unicode.encoding" value="UnicodeLittle"/>
    <property name="java.class.version" value="52.0"/>
  </properties>
  <testcase name="testWatchForCommitWithKeyWrite" classname="org.apache.hadoop.ozone.client.rpc.TestWatchForCommit" time="76.799"/>
  <testcase name="testWatchForCommitWithSmallerTimeoutValue" classname="org.apache.hadoop.ozone.client.rpc.TestWatchForCommit" time="47.544"/>
  <testcase name="testWatchForCommitForRetryfailure" classname="org.apache.hadoop.ozone.client.rpc.TestWatchForCommit" time="60.893">
    <failure type="java.lang.AssertionError">java.lang.AssertionError
	at org.junit.Assert.fail(Assert.java:86)
	at org.junit.Assert.assertTrue(Assert.java:41)
	at org.junit.Assert.assertTrue(Assert.java:52)
	at org.apache.hadoop.ozone.client.rpc.TestWatchForCommit.testWatchForCommitForRetryfailure(TestWatchForCommit.java:348)
	at sun.reflect.NativeMethodAccessorImpl.invoke0(Native Method)
	at sun.reflect.NativeMethodAccessorImpl.invoke(NativeMethodAccessorImpl.java:62)
	at sun.reflect.DelegatingMethodAccessorImpl.invoke(DelegatingMethodAccessorImpl.java:43)
	at java.lang.reflect.Method.invoke(Method.java:498)
	at org.junit.runners.model.FrameworkMethod$1.runReflectiveCall(FrameworkMethod.java:47)
	at org.junit.internal.runners.model.ReflectiveCallable.run(ReflectiveCallable.java:12)
	at org.junit.runners.model.FrameworkMethod.invokeExplosively(FrameworkMethod.java:44)
	at org.junit.internal.runners.statements.InvokeMethod.evaluate(InvokeMethod.java:17)
	at org.junit.runners.ParentRunner.runLeaf(ParentRunner.java:271)
	at org.junit.runners.BlockJUnit4ClassRunner.runChild(BlockJUnit4ClassRunner.java:70)
	at org.junit.runners.BlockJUnit4ClassRunner.runChild(BlockJUnit4ClassRunner.java:50)
	at org.junit.runners.ParentRunner$3.run(ParentRunner.java:238)
	at org.junit.runners.ParentRunner$1.schedule(ParentRunner.java:63)
	at org.junit.runners.ParentRunner.runChildren(ParentRunner.java:236)
	at org.junit.runners.ParentRunner.access$000(ParentRunner.java:53)
	at org.junit.runners.ParentRunner$2.evaluate(ParentRunner.java:229)
	at org.junit.runners.ParentRunner.run(ParentRunner.java:309)
	at org.apache.maven.surefire.junit4.JUnit4Provider.execute(JUnit4Provider.java:365)
	at org.apache.maven.surefire.junit4.JUnit4Provider.executeWithRerun(JUnit4Provider.java:273)
	at org.apache.maven.surefire.junit4.JUnit4Provider.executeTestSet(JUnit4Provider.java:238)
	at org.apache.maven.surefire.junit4.JUnit4Provider.invoke(JUnit4Provider.java:159)
	at org.apache.maven.surefire.booter.ForkedBooter.invokeProviderInSameClassLoader(ForkedBooter.java:384)
	at org.apache.maven.surefire.booter.ForkedBooter.runSuitesInProcess(ForkedBooter.java:345)
	at org.apache.maven.surefire.booter.ForkedBooter.execute(ForkedBooter.java:126)
	at org.apache.maven.surefire.booter.ForkedBooter.main(ForkedBooter.java:418)
</failure>
    <system-out><![CDATA[2019-10-14 13:00:16,004 [main] WARN  server.ServerUtils (ServerUtils.java:getScmDbDir(145)) - ozone.scm.db.dirs is not configured. We recommend adding this setting. Falling back to ozone.metadata.dirs instead.
2019-10-14 13:00:16,020 [main] WARN  server.ServerUtils (ServerUtils.java:getScmDbDir(145)) - ozone.scm.db.dirs is not configured. We recommend adding this setting. Falling back to ozone.metadata.dirs instead.
2019-10-14 13:00:16,020 [main] WARN  server.ServerUtils (ServerUtils.java:getScmDbDir(145)) - ozone.scm.db.dirs is not configured. We recommend adding this setting. Falling back to ozone.metadata.dirs instead.
2019-10-14 13:00:16,021 [main] INFO  db.DBStoreBuilder (DBStoreBuilder.java:addTable(117)) - using custom profile for table: deletedBlocks
2019-10-14 13:00:16,021 [main] INFO  db.DBStoreBuilder (DBStoreBuilder.java:processTables(168)) - Using default column profile:DBProfile.DISK for Table:deletedBlocks
2019-10-14 13:00:16,021 [main] INFO  db.DBStoreBuilder (DBStoreBuilder.java:addTable(117)) - using custom profile for table: validCerts
2019-10-14 13:00:16,021 [main] INFO  db.DBStoreBuilder (DBStoreBuilder.java:processTables(168)) - Using default column profile:DBProfile.DISK for Table:validCerts
2019-10-14 13:00:16,021 [main] INFO  db.DBStoreBuilder (DBStoreBuilder.java:addTable(117)) - using custom profile for table: revokedCerts
2019-10-14 13:00:16,022 [main] INFO  db.DBStoreBuilder (DBStoreBuilder.java:processTables(168)) - Using default column profile:DBProfile.DISK for Table:revokedCerts
2019-10-14 13:00:16,022 [main] INFO  db.DBStoreBuilder (DBStoreBuilder.java:addTable(117)) - using custom profile for table: default
2019-10-14 13:00:16,022 [main] INFO  db.DBStoreBuilder (DBStoreBuilder.java:processTables(174)) - Using default column profile:DBProfile.DISK for Table:default
2019-10-14 13:00:16,022 [main] INFO  db.DBStoreBuilder (DBStoreBuilder.java:getDbProfile(205)) - Using default options. DBProfile.DISK
2019-10-14 13:00:16,171 [main] INFO  net.NodeSchemaLoader (NodeSchemaLoader.java:loadSchemaFromFile(125)) - Loading file from sun.misc.CompoundEnumeration@54e43bfe
2019-10-14 13:00:16,171 [main] INFO  net.NodeSchemaLoader (NodeSchemaLoader.java:loadSchema(171)) - Loading network topology layer schema file
2019-10-14 13:00:16,175 [main] WARN  server.ServerUtils (ServerUtils.java:sanitizeUserArgs(70)) - ozone.scm.stale.node.interval value = 300000 is larger than max = 100000 based on the key value of ozone.scm.heartbeat.thread.interval, reset to the max value 100000.
2019-10-14 13:00:16,175 [main] WARN  server.ServerUtils (ServerUtils.java:sanitizeUserArgs(70)) - ozone.scm.stale.node.interval value = 300000 is larger than max = 100000 based on the key value of ozone.scm.heartbeat.thread.interval, reset to the max value 100000.
2019-10-14 13:00:16,176 [main] INFO  node.SCMNodeManager (SCMNodeManager.java:<init>(116)) - Entering startup safe mode.
2019-10-14 13:00:16,176 [main] INFO  algorithms.ContainerPlacementPolicyFactory (ContainerPlacementPolicyFactory.java:getPolicy(57)) - Create container placement policy of type org.apache.hadoop.hdds.scm.container.placement.algorithms.SCMContainerPlacementRandom
2019-10-14 13:00:16,176 [main] WARN  server.ServerUtils (ServerUtils.java:getScmDbDir(145)) - ozone.scm.db.dirs is not configured. We recommend adding this setting. Falling back to ozone.metadata.dirs instead.
2019-10-14 13:00:16,206 [main] INFO  pipeline.SCMPipelineManager (SCMPipelineManager.java:initializePipelineState(132)) - No pipeline exists in current db
2019-10-14 13:00:16,206 [main] WARN  server.ServerUtils (ServerUtils.java:getScmDbDir(145)) - ozone.scm.db.dirs is not configured. We recommend adding this setting. Falling back to ozone.metadata.dirs instead.
2019-10-14 13:00:16,229 [main] WARN  events.EventQueue (EventQueue.java:fireEvent(183)) - No event handler registered for event TypedEvent{payloadType=SafeModeStatus, name='SafeModeStatus'}
2019-10-14 13:00:16,230 [main] INFO  ipc.CallQueueManager (CallQueueManager.java:<init>(84)) - Using callQueue: class java.util.concurrent.LinkedBlockingQueue, queueCapacity: 2000, scheduler: class org.apache.hadoop.ipc.DefaultRpcScheduler, ipcBackoff: false.
2019-10-14 13:00:16,231 [Socket Reader #1 for port 45723] INFO  ipc.Server (Server.java:run(1074)) - Starting Socket Reader #1 for port 45723
2019-10-14 13:00:16,232 [main] INFO  ipc.CallQueueManager (CallQueueManager.java:<init>(84)) - Using callQueue: class java.util.concurrent.LinkedBlockingQueue, queueCapacity: 2000, scheduler: class org.apache.hadoop.ipc.DefaultRpcScheduler, ipcBackoff: false.
2019-10-14 13:00:16,233 [Socket Reader #1 for port 38683] INFO  ipc.Server (Server.java:run(1074)) - Starting Socket Reader #1 for port 38683
2019-10-14 13:00:16,234 [main] INFO  ipc.CallQueueManager (CallQueueManager.java:<init>(84)) - Using callQueue: class java.util.concurrent.LinkedBlockingQueue, queueCapacity: 2000, scheduler: class org.apache.hadoop.ipc.DefaultRpcScheduler, ipcBackoff: false.
2019-10-14 13:00:16,234 [Socket Reader #1 for port 41972] INFO  ipc.Server (Server.java:run(1074)) - Starting Socket Reader #1 for port 41972
2019-10-14 13:00:16,237 [main] INFO  hdfs.DFSUtil (DFSUtil.java:httpServerTemplateForNNAndJN(1641)) - Starting Web-server for scm at: http://0.0.0.0:0
2019-10-14 13:00:16,239 [main] INFO  server.AuthenticationFilter (AuthenticationFilter.java:constructSecretProvider(240)) - Unable to initialize FileSignerSecretProvider, falling back to use random secrets.
2019-10-14 13:00:16,240 [main] WARN  http.HttpRequestLog (HttpRequestLog.java:getRequestLog(97)) - Jetty request log can only be enabled using Log4j
2019-10-14 13:00:16,242 [main] INFO  http.HttpServer2 (HttpServer2.java:addGlobalFilter(975)) - Added global filter 'safety' (class=org.apache.hadoop.http.HttpServer2$QuotingInputFilter)
2019-10-14 13:00:16,243 [main] INFO  http.HttpServer2 (HttpServer2.java:addFilter(948)) - Added filter static_user_filter (class=org.apache.hadoop.http.lib.StaticUserWebFilter$StaticUserFilter) to context scm
2019-10-14 13:00:16,243 [main] INFO  http.HttpServer2 (HttpServer2.java:addFilter(958)) - Added filter static_user_filter (class=org.apache.hadoop.http.lib.StaticUserWebFilter$StaticUserFilter) to context logs
2019-10-14 13:00:16,244 [main] INFO  http.HttpServer2 (HttpServer2.java:addFilter(958)) - Added filter static_user_filter (class=org.apache.hadoop.http.lib.StaticUserWebFilter$StaticUserFilter) to context static
2019-10-14 13:00:16,246 [main] INFO  server.StorageContainerManager (StorageContainerManager.java:start(772)) - StorageContainerLocationProtocol RPC server is listening at /0.0.0.0:41972
2019-10-14 13:00:16,249 [main] WARN  impl.MetricsConfig (MetricsConfig.java:loadFirst(134)) - Cannot locate configuration: tried hadoop-metrics2-storagecontainermanager.properties,hadoop-metrics2.properties
2019-10-14 13:00:16,250 [main] INFO  impl.MetricsSystemImpl (MetricsSystemImpl.java:startTimer(374)) - Scheduled Metric snapshot period at 10 second(s).
2019-10-14 13:00:16,250 [main] INFO  impl.MetricsSystemImpl (MetricsSystemImpl.java:start(191)) - StorageContainerManager metrics system started
2019-10-14 13:00:16,277 [main] INFO  lib.Interns (Interns.java:removeEldestEntry(50)) - Metrics intern cache overflow at 2011 for MetricsSystem={MetricsSystem=MetricsInfoImpl{name=MetricsSystem, description=MetricsSystem}, MetricsSystem record=MetricsInfoImpl{name=MetricsSystem, description=MetricsSystem record}}
2019-10-14 13:00:16,303 [main] WARN  impl.MetricsSystemImpl (MetricsSystemImpl.java:register(276)) - Sink prometheus already exists!
2019-10-14 13:00:16,348 [main] INFO  server.SCMClientProtocolServer (SCMClientProtocolServer.java:start(159)) - RPC server for Client  is listening at /0.0.0.0:41972
2019-10-14 13:00:16,349 [IPC Server Responder] INFO  ipc.Server (Server.java:run(1314)) - IPC Server Responder: starting
2019-10-14 13:00:16,349 [IPC Server listener on 41972] INFO  ipc.Server (Server.java:run(1153)) - IPC Server listener on 41972: starting
2019-10-14 13:00:16,353 [main] INFO  server.StorageContainerManager (StorageContainerManager.java:start(782)) - ScmBlockLocationProtocol RPC server is listening at /0.0.0.0:38683
2019-10-14 13:00:16,353 [main] INFO  server.SCMBlockProtocolServer (SCMBlockProtocolServer.java:start(146)) - RPC server for Block Protocol is listening at /0.0.0.0:38683
2019-10-14 13:00:16,353 [IPC Server Responder] INFO  ipc.Server (Server.java:run(1314)) - IPC Server Responder: starting
2019-10-14 13:00:16,354 [IPC Server listener on 38683] INFO  ipc.Server (Server.java:run(1153)) - IPC Server listener on 38683: starting
2019-10-14 13:00:16,357 [main] INFO  server.StorageContainerManager (StorageContainerManager.java:start(786)) - ScmDatanodeProtocl RPC server is listening at /0.0.0.0:45723
2019-10-14 13:00:16,357 [main] INFO  server.SCMDatanodeProtocolServer (SCMDatanodeProtocolServer.java:start(169)) - RPC server for DataNodes is listening at /0.0.0.0:45723
2019-10-14 13:00:16,358 [IPC Server Responder] INFO  ipc.Server (Server.java:run(1314)) - IPC Server Responder: starting
2019-10-14 13:00:16,358 [IPC Server listener on 45723] INFO  ipc.Server (Server.java:run(1153)) - IPC Server listener on 45723: starting
2019-10-14 13:00:16,361 [main] INFO  http.HttpServer2 (HttpServer2.java:bindListener(1191)) - Jetty bound to port 34107
2019-10-14 13:00:16,361 [main] INFO  server.Server (Server.java:doStart(351)) - jetty-9.3.25.v20180904, build timestamp: 2018-09-04T21:11:46Z, git hash: 3ce520221d0240229c862b122d2b06c12a625732
2019-10-14 13:00:16,363 [main] INFO  handler.ContextHandler (ContextHandler.java:doStart(781)) - Started o.e.j.s.ServletContextHandler@5503de1{/logs,file:///workdir/hadoop-ozone/integration-test/target/log,AVAILABLE}
2019-10-14 13:00:16,364 [main] INFO  handler.ContextHandler (ContextHandler.java:doStart(781)) - Started o.e.j.s.ServletContextHandler@343fddd9{/static,file:///workdir/hadoop-ozone/integration-test/target/test-classes/webapps/static,AVAILABLE}
2019-10-14 13:00:16,368 [main] INFO  handler.ContextHandler (ContextHandler.java:doStart(781)) - Started o.e.j.w.WebAppContext@6b4fc2d1{/,file:///workdir/hadoop-ozone/integration-test/target/test-classes/webapps/scm/,AVAILABLE}{/scm}
2019-10-14 13:00:16,369 [main] INFO  server.AbstractConnector (AbstractConnector.java:doStart(278)) - Started ServerConnector@8bd076a{HTTP/1.1,[http/1.1]}{0.0.0.0:34107}
2019-10-14 13:00:16,369 [main] INFO  server.Server (Server.java:doStart(419)) - Started @125153ms
2019-10-14 13:00:16,369 [main] WARN  impl.MetricsSystemImpl (MetricsSystemImpl.java:register(276)) - Sink prometheus already exists!
2019-10-14 13:00:16,370 [main] INFO  server.BaseHttpServer (BaseHttpServer.java:updateConnectorAddress(215)) - HTTP server of SCM is listening at http://0.0.0.0:34107
2019-10-14 13:00:16,371 [main] WARN  server.ServerUtils (ServerUtils.java:getDBPath(222)) - ozone.om.db.dirs is not configured. We recommend adding this setting. Falling back to ozone.metadata.dirs instead.
2019-10-14 13:00:16,371 [org.apache.hadoop.util.JvmPauseMonitor$Monitor@1378eea2] INFO  util.JvmPauseMonitor (JvmPauseMonitor.java:run(188)) - Starting JVM pause monitor
2019-10-14 13:00:16,385 [main] INFO  ha.OMHANodeDetails (OMHANodeDetails.java:loadOMHAConfig(190)) - Configuration either no ozone.om.address set. Falling back to the default OM address /127.0.0.1:0
2019-10-14 13:00:16,385 [main] INFO  ha.OMHANodeDetails (OMHANodeDetails.java:getOMNodeDetails(220)) - OM Service ID is not set. Setting it to the default ID: omServiceIdDefault
2019-10-14 13:00:16,385 [main] WARN  server.ServerUtils (ServerUtils.java:getDBPath(222)) - ozone.om.db.dirs is not configured. We recommend adding this setting. Falling back to ozone.metadata.dirs instead.
2019-10-14 13:00:16,385 [main] WARN  server.ServerUtils (ServerUtils.java:getDBPath(222)) - ozone.om.db.dirs is not configured. We recommend adding this setting. Falling back to ozone.metadata.dirs instead.
2019-10-14 13:00:16,392 [main] WARN  server.ServerUtils (ServerUtils.java:getDBPath(222)) - ozone.om.db.dirs is not configured. We recommend adding this setting. Falling back to ozone.metadata.dirs instead.
2019-10-14 13:00:16,393 [main] INFO  db.DBStoreBuilder (DBStoreBuilder.java:addTable(117)) - using custom profile for table: userTable
2019-10-14 13:00:16,393 [main] INFO  db.DBStoreBuilder (DBStoreBuilder.java:processTables(168)) - Using default column profile:DBProfile.DISK for Table:userTable
2019-10-14 13:00:16,393 [main] INFO  db.DBStoreBuilder (DBStoreBuilder.java:addTable(117)) - using custom profile for table: volumeTable
2019-10-14 13:00:16,393 [main] INFO  db.DBStoreBuilder (DBStoreBuilder.java:processTables(168)) - Using default column profile:DBProfile.DISK for Table:volumeTable
2019-10-14 13:00:16,394 [main] INFO  db.DBStoreBuilder (DBStoreBuilder.java:addTable(117)) - using custom profile for table: bucketTable
2019-10-14 13:00:16,394 [main] INFO  db.DBStoreBuilder (DBStoreBuilder.java:processTables(168)) - Using default column profile:DBProfile.DISK for Table:bucketTable
2019-10-14 13:00:16,394 [main] INFO  db.DBStoreBuilder (DBStoreBuilder.java:addTable(117)) - using custom profile for table: keyTable
2019-10-14 13:00:16,394 [main] INFO  db.DBStoreBuilder (DBStoreBuilder.java:processTables(168)) - Using default column profile:DBProfile.DISK for Table:keyTable
2019-10-14 13:00:16,394 [main] INFO  db.DBStoreBuilder (DBStoreBuilder.java:addTable(117)) - using custom profile for table: deletedTable
2019-10-14 13:00:16,395 [main] INFO  db.DBStoreBuilder (DBStoreBuilder.java:processTables(168)) - Using default column profile:DBProfile.DISK for Table:deletedTable
2019-10-14 13:00:16,395 [main] INFO  db.DBStoreBuilder (DBStoreBuilder.java:addTable(117)) - using custom profile for table: openKeyTable
2019-10-14 13:00:16,395 [main] INFO  db.DBStoreBuilder (DBStoreBuilder.java:processTables(168)) - Using default column profile:DBProfile.DISK for Table:openKeyTable
2019-10-14 13:00:16,395 [main] INFO  db.DBStoreBuilder (DBStoreBuilder.java:addTable(117)) - using custom profile for table: s3Table
2019-10-14 13:00:16,395 [main] INFO  db.DBStoreBuilder (DBStoreBuilder.java:processTables(168)) - Using default column profile:DBProfile.DISK for Table:s3Table
2019-10-14 13:00:16,395 [main] INFO  db.DBStoreBuilder (DBStoreBuilder.java:addTable(117)) - using custom profile for table: multipartInfoTable
2019-10-14 13:00:16,396 [main] INFO  db.DBStoreBuilder (DBStoreBuilder.java:processTables(168)) - Using default column profile:DBProfile.DISK for Table:multipartInfoTable
2019-10-14 13:00:16,396 [main] INFO  db.DBStoreBuilder (DBStoreBuilder.java:addTable(117)) - using custom profile for table: dTokenTable
2019-10-14 13:00:16,396 [main] INFO  db.DBStoreBuilder (DBStoreBuilder.java:processTables(168)) - Using default column profile:DBProfile.DISK for Table:dTokenTable
2019-10-14 13:00:16,396 [main] INFO  db.DBStoreBuilder (DBStoreBuilder.java:addTable(117)) - using custom profile for table: s3SecretTable
2019-10-14 13:00:16,396 [main] INFO  db.DBStoreBuilder (DBStoreBuilder.java:processTables(168)) - Using default column profile:DBProfile.DISK for Table:s3SecretTable
2019-10-14 13:00:16,396 [main] INFO  db.DBStoreBuilder (DBStoreBuilder.java:addTable(117)) - using custom profile for table: prefixTable
2019-10-14 13:00:16,397 [main] INFO  db.DBStoreBuilder (DBStoreBuilder.java:processTables(168)) - Using default column profile:DBProfile.DISK for Table:prefixTable
2019-10-14 13:00:16,397 [main] INFO  db.DBStoreBuilder (DBStoreBuilder.java:addTable(117)) - using custom profile for table: default
2019-10-14 13:00:16,397 [main] INFO  db.DBStoreBuilder (DBStoreBuilder.java:processTables(174)) - Using default column profile:DBProfile.DISK for Table:default
2019-10-14 13:00:16,397 [main] INFO  db.DBStoreBuilder (DBStoreBuilder.java:getDbProfile(205)) - Using default options. DBProfile.DISK
2019-10-14 13:00:16,807 [main] INFO  ipc.CallQueueManager (CallQueueManager.java:<init>(84)) - Using callQueue: class java.util.concurrent.LinkedBlockingQueue, queueCapacity: 2000, scheduler: class org.apache.hadoop.ipc.DefaultRpcScheduler, ipcBackoff: false.
2019-10-14 13:00:16,809 [Socket Reader #1 for port 36952] INFO  ipc.Server (Server.java:run(1074)) - Starting Socket Reader #1 for port 36952
2019-10-14 13:00:16,821 [main] INFO  om.OzoneManager (OzoneManager.java:start(1071)) - OzoneManager RPC server is listening at localhost/127.0.0.1:36952
2019-10-14 13:00:16,821 [main] INFO  impl.MetricsSystemImpl (MetricsSystemImpl.java:init(158)) - OzoneManager metrics system started (again)
2019-10-14 13:00:16,823 [IPC Server Responder] INFO  ipc.Server (Server.java:run(1314)) - IPC Server Responder: starting
2019-10-14 13:00:16,823 [IPC Server listener on 36952] INFO  ipc.Server (Server.java:run(1153)) - IPC Server listener on 36952: starting
2019-10-14 13:00:16,830 [main] INFO  hdfs.DFSUtil (DFSUtil.java:httpServerTemplateForNNAndJN(1641)) - Starting Web-server for ozoneManager at: http://0.0.0.0:0
2019-10-14 13:00:16,831 [main] INFO  server.AuthenticationFilter (AuthenticationFilter.java:constructSecretProvider(240)) - Unable to initialize FileSignerSecretProvider, falling back to use random secrets.
2019-10-14 13:00:16,832 [main] WARN  http.HttpRequestLog (HttpRequestLog.java:getRequestLog(97)) - Jetty request log can only be enabled using Log4j
2019-10-14 13:00:16,834 [main] INFO  http.HttpServer2 (HttpServer2.java:addGlobalFilter(975)) - Added global filter 'safety' (class=org.apache.hadoop.http.HttpServer2$QuotingInputFilter)
2019-10-14 13:00:16,835 [main] INFO  http.HttpServer2 (HttpServer2.java:addFilter(948)) - Added filter static_user_filter (class=org.apache.hadoop.http.lib.StaticUserWebFilter$StaticUserFilter) to context ozoneManager
2019-10-14 13:00:16,835 [main] INFO  http.HttpServer2 (HttpServer2.java:addFilter(958)) - Added filter static_user_filter (class=org.apache.hadoop.http.lib.StaticUserWebFilter$StaticUserFilter) to context logs
2019-10-14 13:00:16,836 [main] INFO  http.HttpServer2 (HttpServer2.java:addFilter(958)) - Added filter static_user_filter (class=org.apache.hadoop.http.lib.StaticUserWebFilter$StaticUserFilter) to context static
2019-10-14 13:00:16,837 [main] INFO  http.HttpServer2 (HttpServer2.java:bindListener(1191)) - Jetty bound to port 35815
2019-10-14 13:00:16,837 [main] INFO  server.Server (Server.java:doStart(351)) - jetty-9.3.25.v20180904, build timestamp: 2018-09-04T21:11:46Z, git hash: 3ce520221d0240229c862b122d2b06c12a625732
2019-10-14 13:00:16,839 [main] INFO  handler.ContextHandler (ContextHandler.java:doStart(781)) - Started o.e.j.s.ServletContextHandler@47248a48{/logs,file:///workdir/hadoop-ozone/integration-test/target/log,AVAILABLE}
2019-10-14 13:00:16,839 [main] INFO  handler.ContextHandler (ContextHandler.java:doStart(781)) - Started o.e.j.s.ServletContextHandler@17e0933c{/static,file:///workdir/hadoop-ozone/integration-test/target/test-classes/webapps/static,AVAILABLE}
2019-10-14 13:00:16,845 [main] INFO  handler.ContextHandler (ContextHandler.java:doStart(781)) - Started o.e.j.w.WebAppContext@7f7c420c{/,file:///workdir/hadoop-ozone/integration-test/target/test-classes/webapps/ozoneManager/,AVAILABLE}{/ozoneManager}
2019-10-14 13:00:16,845 [main] INFO  server.AbstractConnector (AbstractConnector.java:doStart(278)) - Started ServerConnector@5d152bcd{HTTP/1.1,[http/1.1]}{0.0.0.0:35815}
2019-10-14 13:00:16,846 [main] INFO  server.Server (Server.java:doStart(419)) - Started @125630ms
2019-10-14 13:00:16,847 [main] WARN  impl.MetricsSystemImpl (MetricsSystemImpl.java:register(276)) - Sink prometheus already exists!
2019-10-14 13:00:16,847 [main] INFO  server.BaseHttpServer (BaseHttpServer.java:updateConnectorAddress(215)) - HTTP server of OZONEMANAGER is listening at http://0.0.0.0:35815
2019-10-14 13:00:16,869 [main] INFO  impl.MetricsSystemImpl (MetricsSystemImpl.java:init(158)) - HddsDatanode metrics system started (again)
2019-10-14 13:00:16,872 [main] INFO  ozone.HddsDatanodeService (HddsDatanodeService.java:start(184)) - HddsDatanodeService host:pr-hdds-2299-hlwdq-549545603 ip:192.168.151.107
2019-10-14 13:00:16,879 [main] INFO  volume.HddsVolume (HddsVolume.java:<init>(176)) - Creating Volume: /workdir/hadoop-ozone/integration-test/target/test-dir/MiniOzoneClusterImpl-25d4ef13-1b97-4b93-afc7-b45b15e79a23/datanode-0/data/containers/hdds of  storage type : DISK and capacity : 1482555576320
2019-10-14 13:00:16,879 [main] INFO  volume.VolumeSet (VolumeSet.java:initializeVolumeSet(170)) - Added Volume : /workdir/hadoop-ozone/integration-test/target/test-dir/MiniOzoneClusterImpl-25d4ef13-1b97-4b93-afc7-b45b15e79a23/datanode-0/data/containers/hdds to VolumeSet
2019-10-14 13:00:16,879 [main] INFO  volume.ThrottledAsyncChecker (ThrottledAsyncChecker.java:schedule(141)) - Scheduling a check for org.apache.hadoop.ozone.container.common.volume.HddsVolume@6a6c7f42
2019-10-14 13:00:16,880 [main] INFO  volume.HddsVolumeChecker (HddsVolumeChecker.java:checkAllVolumes(204)) - Scheduled health check for volume org.apache.hadoop.ozone.container.common.volume.HddsVolume@6a6c7f42
2019-10-14 13:00:16,897 [main] INFO  impl.RaftServerProxy (ConfUtils.java:logGet(43)) - raft.rpc.type = GRPC (default)
2019-10-14 13:00:16,897 [main] INFO  grpc.GrpcFactory (GrpcFactory.java:checkPooledByteBufAllocatorUseCacheForAllThreads(45)) - PERFORMANCE WARNING: useCacheForAllThreads is true that may cause Netty to create a lot garbage objects and, as a result, trigger GC.
	It is recommended to disable useCacheForAllThreads by setting -Dorg.apache.ratis.thirdparty.io.netty.allocator.useCacheForAllThreads=false in command line.
2019-10-14 13:00:16,897 [main] INFO  grpc.GrpcConfigKeys$Server (ConfUtils.java:logGet(43)) - raft.grpc.server.port = 0 (default)
2019-10-14 13:00:16,898 [main] INFO  server.GrpcService (ConfUtils.java:logGet(43)) - raft.grpc.message.size.max = 33570816 (custom)
2019-10-14 13:00:16,898 [main] INFO  server.RaftServerConfigKeys (ConfUtils.java:logGet(43)) - raft.server.log.appender.buffer.byte-limit = 33554432 (custom)
2019-10-14 13:00:16,898 [main] INFO  server.GrpcService (ConfUtils.java:logGet(43)) - raft.grpc.flow.control.window = 1MB (=1048576) (default)
2019-10-14 13:00:16,898 [main] INFO  server.RaftServerConfigKeys (ConfUtils.java:logGet(43)) - raft.server.rpc.request.timeout = 3000ms (default)
2019-10-14 13:00:16,899 [main] INFO  server.RaftServerConfigKeys (ConfUtils.java:logGet(43)) - raft.server.storage.dir = [/workdir/hadoop-ozone/integration-test/target/test-dir/MiniOzoneClusterImpl-25d4ef13-1b97-4b93-afc7-b45b15e79a23/datanode-0/data/ratis] (custom)
2019-10-14 13:00:16,901 [main] INFO  hdfs.DFSUtil (DFSUtil.java:httpServerTemplateForNNAndJN(1641)) - Starting Web-server for hddsDatanode at: http://0.0.0.0:0
2019-10-14 13:00:16,905 [main] INFO  server.AuthenticationFilter (AuthenticationFilter.java:constructSecretProvider(240)) - Unable to initialize FileSignerSecretProvider, falling back to use random secrets.
2019-10-14 13:00:16,906 [main] WARN  http.HttpRequestLog (HttpRequestLog.java:getRequestLog(97)) - Jetty request log can only be enabled using Log4j
2019-10-14 13:00:16,908 [main] INFO  http.HttpServer2 (HttpServer2.java:addGlobalFilter(975)) - Added global filter 'safety' (class=org.apache.hadoop.http.HttpServer2$QuotingInputFilter)
2019-10-14 13:00:16,908 [main] INFO  http.HttpServer2 (HttpServer2.java:addFilter(948)) - Added filter static_user_filter (class=org.apache.hadoop.http.lib.StaticUserWebFilter$StaticUserFilter) to context hddsDatanode
2019-10-14 13:00:16,908 [main] INFO  http.HttpServer2 (HttpServer2.java:addFilter(958)) - Added filter static_user_filter (class=org.apache.hadoop.http.lib.StaticUserWebFilter$StaticUserFilter) to context logs
2019-10-14 13:00:16,908 [main] INFO  http.HttpServer2 (HttpServer2.java:addFilter(958)) - Added filter static_user_filter (class=org.apache.hadoop.http.lib.StaticUserWebFilter$StaticUserFilter) to context static
2019-10-14 13:00:16,909 [main] INFO  http.HttpServer2 (HttpServer2.java:bindListener(1191)) - Jetty bound to port 39605
2019-10-14 13:00:16,909 [main] INFO  server.Server (Server.java:doStart(351)) - jetty-9.3.25.v20180904, build timestamp: 2018-09-04T21:11:46Z, git hash: 3ce520221d0240229c862b122d2b06c12a625732
2019-10-14 13:00:16,911 [main] INFO  handler.ContextHandler (ContextHandler.java:doStart(781)) - Started o.e.j.s.ServletContextHandler@43ecfeb5{/logs,file:///workdir/hadoop-ozone/integration-test/target/log,AVAILABLE}
2019-10-14 13:00:16,912 [main] INFO  handler.ContextHandler (ContextHandler.java:doStart(781)) - Started o.e.j.s.ServletContextHandler@53940e2f{/static,jar:file:/home/user/.m2/repository/org/apache/hadoop/hadoop-hdds-container-service/0.5.0-SNAPSHOT/hadoop-hdds-container-service-0.5.0-SNAPSHOT.jar!/webapps/static,AVAILABLE}
2019-10-14 13:00:16,958 [main] INFO  handler.ContextHandler (ContextHandler.java:doStart(781)) - Started o.e.j.w.WebAppContext@7e1ffe70{/,file:///tmp/jetty-0.0.0.0-39605-hddsDatanode-_-any-4506015303677236331.dir/webapp/,AVAILABLE}{/hddsDatanode}
2019-10-14 13:00:16,959 [main] INFO  server.AbstractConnector (AbstractConnector.java:doStart(278)) - Started ServerConnector@73041b7d{HTTP/1.1,[http/1.1]}{0.0.0.0:39605}
2019-10-14 13:00:16,961 [main] INFO  server.Server (Server.java:doStart(419)) - Started @125745ms
2019-10-14 13:00:16,961 [main] WARN  impl.MetricsSystemImpl (MetricsSystemImpl.java:register(276)) - Sink prometheus already exists!
2019-10-14 13:00:16,962 [main] INFO  server.BaseHttpServer (BaseHttpServer.java:updateConnectorAddress(215)) - HTTP server of HDDSDATANODE is listening at http://0.0.0.0:39605
2019-10-14 13:00:16,963 [main] INFO  impl.MetricsSystemImpl (MetricsSystemImpl.java:init(158)) - HddsDatanode metrics system started (again)
2019-10-14 13:00:16,965 [org.apache.hadoop.util.JvmPauseMonitor$Monitor@27001679] INFO  util.JvmPauseMonitor (JvmPauseMonitor.java:run(188)) - Starting JVM pause monitor
2019-10-14 13:00:16,966 [main] INFO  ozone.HddsDatanodeService (HddsDatanodeService.java:start(184)) - HddsDatanodeService host:pr-hdds-2299-hlwdq-549545603 ip:192.168.151.107
2019-10-14 13:00:16,968 [Datanode State Machine Thread - 0] INFO  datanode.InitDatanodeState (InitDatanodeState.java:persistContainerDatanodeDetails(140)) - DatanodeDetails is persisted to /workdir/hadoop-ozone/integration-test/target/test-dir/MiniOzoneClusterImpl-25d4ef13-1b97-4b93-afc7-b45b15e79a23/datanode-0/meta/datanode.id
2019-10-14 13:00:16,972 [main] INFO  volume.HddsVolume (HddsVolume.java:<init>(176)) - Creating Volume: /workdir/hadoop-ozone/integration-test/target/test-dir/MiniOzoneClusterImpl-25d4ef13-1b97-4b93-afc7-b45b15e79a23/datanode-1/data/containers/hdds of  storage type : DISK and capacity : 1482555576320
2019-10-14 13:00:16,972 [main] INFO  volume.VolumeSet (VolumeSet.java:initializeVolumeSet(170)) - Added Volume : /workdir/hadoop-ozone/integration-test/target/test-dir/MiniOzoneClusterImpl-25d4ef13-1b97-4b93-afc7-b45b15e79a23/datanode-1/data/containers/hdds to VolumeSet
2019-10-14 13:00:16,972 [main] INFO  volume.ThrottledAsyncChecker (ThrottledAsyncChecker.java:schedule(141)) - Scheduling a check for org.apache.hadoop.ozone.container.common.volume.HddsVolume@51e3d37e
2019-10-14 13:00:16,973 [main] INFO  volume.HddsVolumeChecker (HddsVolumeChecker.java:checkAllVolumes(204)) - Scheduled health check for volume org.apache.hadoop.ozone.container.common.volume.HddsVolume@51e3d37e
2019-10-14 13:00:16,988 [main] INFO  impl.RaftServerProxy (ConfUtils.java:logGet(43)) - raft.rpc.type = GRPC (default)
2019-10-14 13:00:16,988 [main] INFO  grpc.GrpcFactory (GrpcFactory.java:checkPooledByteBufAllocatorUseCacheForAllThreads(45)) - PERFORMANCE WARNING: useCacheForAllThreads is true that may cause Netty to create a lot garbage objects and, as a result, trigger GC.
	It is recommended to disable useCacheForAllThreads by setting -Dorg.apache.ratis.thirdparty.io.netty.allocator.useCacheForAllThreads=false in command line.
2019-10-14 13:00:16,988 [main] INFO  grpc.GrpcConfigKeys$Server (ConfUtils.java:logGet(43)) - raft.grpc.server.port = 0 (default)
2019-10-14 13:00:16,989 [main] INFO  server.GrpcService (ConfUtils.java:logGet(43)) - raft.grpc.message.size.max = 33570816 (custom)
2019-10-14 13:00:16,989 [main] INFO  server.RaftServerConfigKeys (ConfUtils.java:logGet(43)) - raft.server.log.appender.buffer.byte-limit = 33554432 (custom)
2019-10-14 13:00:16,989 [main] INFO  server.GrpcService (ConfUtils.java:logGet(43)) - raft.grpc.flow.control.window = 1MB (=1048576) (default)
2019-10-14 13:00:16,989 [main] INFO  server.RaftServerConfigKeys (ConfUtils.java:logGet(43)) - raft.server.rpc.request.timeout = 3000ms (default)
2019-10-14 13:00:16,990 [main] INFO  server.RaftServerConfigKeys (ConfUtils.java:logGet(43)) - raft.server.storage.dir = [/workdir/hadoop-ozone/integration-test/target/test-dir/MiniOzoneClusterImpl-25d4ef13-1b97-4b93-afc7-b45b15e79a23/datanode-1/data/ratis] (custom)
2019-10-14 13:00:16,992 [main] INFO  hdfs.DFSUtil (DFSUtil.java:httpServerTemplateForNNAndJN(1641)) - Starting Web-server for hddsDatanode at: http://0.0.0.0:0
2019-10-14 13:00:16,993 [main] INFO  server.AuthenticationFilter (AuthenticationFilter.java:constructSecretProvider(240)) - Unable to initialize FileSignerSecretProvider, falling back to use random secrets.
2019-10-14 13:00:16,993 [main] WARN  http.HttpRequestLog (HttpRequestLog.java:getRequestLog(97)) - Jetty request log can only be enabled using Log4j
2019-10-14 13:00:16,994 [main] INFO  http.HttpServer2 (HttpServer2.java:addGlobalFilter(975)) - Added global filter 'safety' (class=org.apache.hadoop.http.HttpServer2$QuotingInputFilter)
2019-10-14 13:00:16,995 [main] INFO  http.HttpServer2 (HttpServer2.java:addFilter(948)) - Added filter static_user_filter (class=org.apache.hadoop.http.lib.StaticUserWebFilter$StaticUserFilter) to context hddsDatanode
2019-10-14 13:00:16,995 [main] INFO  http.HttpServer2 (HttpServer2.java:addFilter(958)) - Added filter static_user_filter (class=org.apache.hadoop.http.lib.StaticUserWebFilter$StaticUserFilter) to context logs
2019-10-14 13:00:16,995 [main] INFO  http.HttpServer2 (HttpServer2.java:addFilter(958)) - Added filter static_user_filter (class=org.apache.hadoop.http.lib.StaticUserWebFilter$StaticUserFilter) to context static
2019-10-14 13:00:16,996 [main] INFO  http.HttpServer2 (HttpServer2.java:bindListener(1191)) - Jetty bound to port 38784
2019-10-14 13:00:16,996 [main] INFO  server.Server (Server.java:doStart(351)) - jetty-9.3.25.v20180904, build timestamp: 2018-09-04T21:11:46Z, git hash: 3ce520221d0240229c862b122d2b06c12a625732
2019-10-14 13:00:16,997 [main] INFO  handler.ContextHandler (ContextHandler.java:doStart(781)) - Started o.e.j.s.ServletContextHandler@6ddee60f{/logs,file:///workdir/hadoop-ozone/integration-test/target/log,AVAILABLE}
2019-10-14 13:00:16,998 [main] INFO  handler.ContextHandler (ContextHandler.java:doStart(781)) - Started o.e.j.s.ServletContextHandler@4aa2877c{/static,jar:file:/home/user/.m2/repository/org/apache/hadoop/hadoop-hdds-container-service/0.5.0-SNAPSHOT/hadoop-hdds-container-service-0.5.0-SNAPSHOT.jar!/webapps/static,AVAILABLE}
2019-10-14 13:00:17,026 [main] INFO  handler.ContextHandler (ContextHandler.java:doStart(781)) - Started o.e.j.w.WebAppContext@4be0a27d{/,file:///tmp/jetty-0.0.0.0-38784-hddsDatanode-_-any-1199045299101340890.dir/webapp/,AVAILABLE}{/hddsDatanode}
2019-10-14 13:00:17,026 [main] INFO  server.AbstractConnector (AbstractConnector.java:doStart(278)) - Started ServerConnector@5f366587{HTTP/1.1,[http/1.1]}{0.0.0.0:38784}
2019-10-14 13:00:17,027 [main] INFO  server.Server (Server.java:doStart(419)) - Started @125811ms
2019-10-14 13:00:17,028 [main] WARN  impl.MetricsSystemImpl (MetricsSystemImpl.java:register(276)) - Sink prometheus already exists!
2019-10-14 13:00:17,028 [main] INFO  server.BaseHttpServer (BaseHttpServer.java:updateConnectorAddress(215)) - HTTP server of HDDSDATANODE is listening at http://0.0.0.0:38784
2019-10-14 13:00:17,029 [main] INFO  impl.MetricsSystemImpl (MetricsSystemImpl.java:init(158)) - HddsDatanode metrics system started (again)
2019-10-14 13:00:17,031 [org.apache.hadoop.util.JvmPauseMonitor$Monitor@7100969f] INFO  util.JvmPauseMonitor (JvmPauseMonitor.java:run(188)) - Starting JVM pause monitor
2019-10-14 13:00:17,032 [main] INFO  ozone.HddsDatanodeService (HddsDatanodeService.java:start(184)) - HddsDatanodeService host:pr-hdds-2299-hlwdq-549545603 ip:192.168.151.107
2019-10-14 13:00:17,035 [Datanode State Machine Thread - 0] INFO  datanode.InitDatanodeState (InitDatanodeState.java:persistContainerDatanodeDetails(140)) - DatanodeDetails is persisted to /workdir/hadoop-ozone/integration-test/target/test-dir/MiniOzoneClusterImpl-25d4ef13-1b97-4b93-afc7-b45b15e79a23/datanode-1/meta/datanode.id
2019-10-14 13:00:17,037 [main] INFO  volume.HddsVolume (HddsVolume.java:<init>(176)) - Creating Volume: /workdir/hadoop-ozone/integration-test/target/test-dir/MiniOzoneClusterImpl-25d4ef13-1b97-4b93-afc7-b45b15e79a23/datanode-2/data/containers/hdds of  storage type : DISK and capacity : 1482555576320
2019-10-14 13:00:17,038 [main] INFO  volume.VolumeSet (VolumeSet.java:initializeVolumeSet(170)) - Added Volume : /workdir/hadoop-ozone/integration-test/target/test-dir/MiniOzoneClusterImpl-25d4ef13-1b97-4b93-afc7-b45b15e79a23/datanode-2/data/containers/hdds to VolumeSet
2019-10-14 13:00:17,038 [main] INFO  volume.ThrottledAsyncChecker (ThrottledAsyncChecker.java:schedule(141)) - Scheduling a check for org.apache.hadoop.ozone.container.common.volume.HddsVolume@34414ffc
2019-10-14 13:00:17,038 [main] INFO  volume.HddsVolumeChecker (HddsVolumeChecker.java:checkAllVolumes(204)) - Scheduled health check for volume org.apache.hadoop.ozone.container.common.volume.HddsVolume@34414ffc
2019-10-14 13:00:17,051 [main] INFO  impl.RaftServerProxy (ConfUtils.java:logGet(43)) - raft.rpc.type = GRPC (default)
2019-10-14 13:00:17,051 [main] INFO  grpc.GrpcFactory (GrpcFactory.java:checkPooledByteBufAllocatorUseCacheForAllThreads(45)) - PERFORMANCE WARNING: useCacheForAllThreads is true that may cause Netty to create a lot garbage objects and, as a result, trigger GC.
	It is recommended to disable useCacheForAllThreads by setting -Dorg.apache.ratis.thirdparty.io.netty.allocator.useCacheForAllThreads=false in command line.
2019-10-14 13:00:17,052 [main] INFO  grpc.GrpcConfigKeys$Server (ConfUtils.java:logGet(43)) - raft.grpc.server.port = 0 (default)
2019-10-14 13:00:17,052 [main] INFO  server.GrpcService (ConfUtils.java:logGet(43)) - raft.grpc.message.size.max = 33570816 (custom)
2019-10-14 13:00:17,052 [main] INFO  server.RaftServerConfigKeys (ConfUtils.java:logGet(43)) - raft.server.log.appender.buffer.byte-limit = 33554432 (custom)
2019-10-14 13:00:17,052 [main] INFO  server.GrpcService (ConfUtils.java:logGet(43)) - raft.grpc.flow.control.window = 1MB (=1048576) (default)
2019-10-14 13:00:17,052 [main] INFO  server.RaftServerConfigKeys (ConfUtils.java:logGet(43)) - raft.server.rpc.request.timeout = 3000ms (default)
2019-10-14 13:00:17,053 [main] INFO  server.RaftServerConfigKeys (ConfUtils.java:logGet(43)) - raft.server.storage.dir = [/workdir/hadoop-ozone/integration-test/target/test-dir/MiniOzoneClusterImpl-25d4ef13-1b97-4b93-afc7-b45b15e79a23/datanode-2/data/ratis] (custom)
2019-10-14 13:00:17,054 [main] INFO  hdfs.DFSUtil (DFSUtil.java:httpServerTemplateForNNAndJN(1641)) - Starting Web-server for hddsDatanode at: http://0.0.0.0:0
2019-10-14 13:00:17,055 [main] INFO  server.AuthenticationFilter (AuthenticationFilter.java:constructSecretProvider(240)) - Unable to initialize FileSignerSecretProvider, falling back to use random secrets.
2019-10-14 13:00:17,056 [main] WARN  http.HttpRequestLog (HttpRequestLog.java:getRequestLog(97)) - Jetty request log can only be enabled using Log4j
2019-10-14 13:00:17,057 [main] INFO  http.HttpServer2 (HttpServer2.java:addGlobalFilter(975)) - Added global filter 'safety' (class=org.apache.hadoop.http.HttpServer2$QuotingInputFilter)
2019-10-14 13:00:17,058 [main] INFO  http.HttpServer2 (HttpServer2.java:addFilter(948)) - Added filter static_user_filter (class=org.apache.hadoop.http.lib.StaticUserWebFilter$StaticUserFilter) to context hddsDatanode
2019-10-14 13:00:17,058 [main] INFO  http.HttpServer2 (HttpServer2.java:addFilter(958)) - Added filter static_user_filter (class=org.apache.hadoop.http.lib.StaticUserWebFilter$StaticUserFilter) to context static
2019-10-14 13:00:17,058 [main] INFO  http.HttpServer2 (HttpServer2.java:addFilter(958)) - Added filter static_user_filter (class=org.apache.hadoop.http.lib.StaticUserWebFilter$StaticUserFilter) to context logs
2019-10-14 13:00:17,059 [main] INFO  http.HttpServer2 (HttpServer2.java:bindListener(1191)) - Jetty bound to port 37879
2019-10-14 13:00:17,059 [main] INFO  server.Server (Server.java:doStart(351)) - jetty-9.3.25.v20180904, build timestamp: 2018-09-04T21:11:46Z, git hash: 3ce520221d0240229c862b122d2b06c12a625732
2019-10-14 13:00:17,060 [main] INFO  handler.ContextHandler (ContextHandler.java:doStart(781)) - Started o.e.j.s.ServletContextHandler@e700eba{/logs,file:///workdir/hadoop-ozone/integration-test/target/log,AVAILABLE}
2019-10-14 13:00:17,061 [main] INFO  handler.ContextHandler (ContextHandler.java:doStart(781)) - Started o.e.j.s.ServletContextHandler@7186b202{/static,jar:file:/home/user/.m2/repository/org/apache/hadoop/hadoop-hdds-container-service/0.5.0-SNAPSHOT/hadoop-hdds-container-service-0.5.0-SNAPSHOT.jar!/webapps/static,AVAILABLE}
2019-10-14 13:00:17,090 [main] INFO  handler.ContextHandler (ContextHandler.java:doStart(781)) - Started o.e.j.w.WebAppContext@4cb957b8{/,file:///tmp/jetty-0.0.0.0-37879-hddsDatanode-_-any-7111685028937059401.dir/webapp/,AVAILABLE}{/hddsDatanode}
2019-10-14 13:00:17,091 [main] INFO  server.AbstractConnector (AbstractConnector.java:doStart(278)) - Started ServerConnector@3cdc7b09{HTTP/1.1,[http/1.1]}{0.0.0.0:37879}
2019-10-14 13:00:17,093 [main] INFO  server.Server (Server.java:doStart(419)) - Started @125876ms
2019-10-14 13:00:17,093 [main] WARN  impl.MetricsSystemImpl (MetricsSystemImpl.java:register(276)) - Sink prometheus already exists!
2019-10-14 13:00:17,093 [main] INFO  server.BaseHttpServer (BaseHttpServer.java:updateConnectorAddress(215)) - HTTP server of HDDSDATANODE is listening at http://0.0.0.0:37879
2019-10-14 13:00:17,094 [main] INFO  impl.MetricsSystemImpl (MetricsSystemImpl.java:init(158)) - HddsDatanode metrics system started (again)
2019-10-14 13:00:17,097 [org.apache.hadoop.util.JvmPauseMonitor$Monitor@5a12504f] INFO  util.JvmPauseMonitor (JvmPauseMonitor.java:run(188)) - Starting JVM pause monitor
2019-10-14 13:00:17,097 [main] INFO  ozone.HddsDatanodeService (HddsDatanodeService.java:start(184)) - HddsDatanodeService host:pr-hdds-2299-hlwdq-549545603 ip:192.168.151.107
2019-10-14 13:00:17,099 [Datanode State Machine Thread - 0] INFO  datanode.InitDatanodeState (InitDatanodeState.java:persistContainerDatanodeDetails(140)) - DatanodeDetails is persisted to /workdir/hadoop-ozone/integration-test/target/test-dir/MiniOzoneClusterImpl-25d4ef13-1b97-4b93-afc7-b45b15e79a23/datanode-2/meta/datanode.id
2019-10-14 13:00:17,104 [main] INFO  volume.HddsVolume (HddsVolume.java:<init>(176)) - Creating Volume: /workdir/hadoop-ozone/integration-test/target/test-dir/MiniOzoneClusterImpl-25d4ef13-1b97-4b93-afc7-b45b15e79a23/datanode-3/data/containers/hdds of  storage type : DISK and capacity : 1482555576320
2019-10-14 13:00:17,104 [main] INFO  volume.VolumeSet (VolumeSet.java:initializeVolumeSet(170)) - Added Volume : /workdir/hadoop-ozone/integration-test/target/test-dir/MiniOzoneClusterImpl-25d4ef13-1b97-4b93-afc7-b45b15e79a23/datanode-3/data/containers/hdds to VolumeSet
2019-10-14 13:00:17,104 [main] INFO  volume.ThrottledAsyncChecker (ThrottledAsyncChecker.java:schedule(141)) - Scheduling a check for org.apache.hadoop.ozone.container.common.volume.HddsVolume@6fa2448b
2019-10-14 13:00:17,105 [main] INFO  volume.HddsVolumeChecker (HddsVolumeChecker.java:checkAllVolumes(204)) - Scheduled health check for volume org.apache.hadoop.ozone.container.common.volume.HddsVolume@6fa2448b
2019-10-14 13:00:17,117 [main] INFO  impl.RaftServerProxy (ConfUtils.java:logGet(43)) - raft.rpc.type = GRPC (default)
2019-10-14 13:00:17,118 [main] INFO  grpc.GrpcFactory (GrpcFactory.java:checkPooledByteBufAllocatorUseCacheForAllThreads(45)) - PERFORMANCE WARNING: useCacheForAllThreads is true that may cause Netty to create a lot garbage objects and, as a result, trigger GC.
	It is recommended to disable useCacheForAllThreads by setting -Dorg.apache.ratis.thirdparty.io.netty.allocator.useCacheForAllThreads=false in command line.
2019-10-14 13:00:17,118 [main] INFO  grpc.GrpcConfigKeys$Server (ConfUtils.java:logGet(43)) - raft.grpc.server.port = 0 (default)
2019-10-14 13:00:17,118 [main] INFO  server.GrpcService (ConfUtils.java:logGet(43)) - raft.grpc.message.size.max = 33570816 (custom)
2019-10-14 13:00:17,118 [main] INFO  server.RaftServerConfigKeys (ConfUtils.java:logGet(43)) - raft.server.log.appender.buffer.byte-limit = 33554432 (custom)
2019-10-14 13:00:17,118 [main] INFO  server.GrpcService (ConfUtils.java:logGet(43)) - raft.grpc.flow.control.window = 1MB (=1048576) (default)
2019-10-14 13:00:17,119 [main] INFO  server.RaftServerConfigKeys (ConfUtils.java:logGet(43)) - raft.server.rpc.request.timeout = 3000ms (default)
2019-10-14 13:00:17,119 [main] INFO  server.RaftServerConfigKeys (ConfUtils.java:logGet(43)) - raft.server.storage.dir = [/workdir/hadoop-ozone/integration-test/target/test-dir/MiniOzoneClusterImpl-25d4ef13-1b97-4b93-afc7-b45b15e79a23/datanode-3/data/ratis] (custom)
2019-10-14 13:00:17,120 [main] INFO  hdfs.DFSUtil (DFSUtil.java:httpServerTemplateForNNAndJN(1641)) - Starting Web-server for hddsDatanode at: http://0.0.0.0:0
2019-10-14 13:00:17,121 [main] INFO  server.AuthenticationFilter (AuthenticationFilter.java:constructSecretProvider(240)) - Unable to initialize FileSignerSecretProvider, falling back to use random secrets.
2019-10-14 13:00:17,122 [main] WARN  http.HttpRequestLog (HttpRequestLog.java:getRequestLog(97)) - Jetty request log can only be enabled using Log4j
2019-10-14 13:00:17,123 [main] INFO  http.HttpServer2 (HttpServer2.java:addGlobalFilter(975)) - Added global filter 'safety' (class=org.apache.hadoop.http.HttpServer2$QuotingInputFilter)
2019-10-14 13:00:17,124 [main] INFO  http.HttpServer2 (HttpServer2.java:addFilter(948)) - Added filter static_user_filter (class=org.apache.hadoop.http.lib.StaticUserWebFilter$StaticUserFilter) to context hddsDatanode
2019-10-14 13:00:17,124 [main] INFO  http.HttpServer2 (HttpServer2.java:addFilter(958)) - Added filter static_user_filter (class=org.apache.hadoop.http.lib.StaticUserWebFilter$StaticUserFilter) to context logs
2019-10-14 13:00:17,124 [main] INFO  http.HttpServer2 (HttpServer2.java:addFilter(958)) - Added filter static_user_filter (class=org.apache.hadoop.http.lib.StaticUserWebFilter$StaticUserFilter) to context static
2019-10-14 13:00:17,125 [main] INFO  http.HttpServer2 (HttpServer2.java:bindListener(1191)) - Jetty bound to port 43174
2019-10-14 13:00:17,125 [main] INFO  server.Server (Server.java:doStart(351)) - jetty-9.3.25.v20180904, build timestamp: 2018-09-04T21:11:46Z, git hash: 3ce520221d0240229c862b122d2b06c12a625732
2019-10-14 13:00:17,127 [main] INFO  handler.ContextHandler (ContextHandler.java:doStart(781)) - Started o.e.j.s.ServletContextHandler@22d7fd41{/logs,file:///workdir/hadoop-ozone/integration-test/target/log,AVAILABLE}
2019-10-14 13:00:17,127 [main] INFO  handler.ContextHandler (ContextHandler.java:doStart(781)) - Started o.e.j.s.ServletContextHandler@19fd43da{/static,jar:file:/home/user/.m2/repository/org/apache/hadoop/hadoop-hdds-container-service/0.5.0-SNAPSHOT/hadoop-hdds-container-service-0.5.0-SNAPSHOT.jar!/webapps/static,AVAILABLE}
2019-10-14 13:00:17,155 [main] INFO  handler.ContextHandler (ContextHandler.java:doStart(781)) - Started o.e.j.w.WebAppContext@12f279b5{/,file:///tmp/jetty-0.0.0.0-43174-hddsDatanode-_-any-7808312595474755906.dir/webapp/,AVAILABLE}{/hddsDatanode}
2019-10-14 13:00:17,155 [main] INFO  server.AbstractConnector (AbstractConnector.java:doStart(278)) - Started ServerConnector@5ff6dd3c{HTTP/1.1,[http/1.1]}{0.0.0.0:43174}
2019-10-14 13:00:17,157 [main] INFO  server.Server (Server.java:doStart(419)) - Started @125941ms
2019-10-14 13:00:17,157 [main] WARN  impl.MetricsSystemImpl (MetricsSystemImpl.java:register(276)) - Sink prometheus already exists!
2019-10-14 13:00:17,158 [main] INFO  server.BaseHttpServer (BaseHttpServer.java:updateConnectorAddress(215)) - HTTP server of HDDSDATANODE is listening at http://0.0.0.0:43174
2019-10-14 13:00:17,158 [main] INFO  impl.MetricsSystemImpl (MetricsSystemImpl.java:init(158)) - HddsDatanode metrics system started (again)
2019-10-14 13:00:17,161 [org.apache.hadoop.util.JvmPauseMonitor$Monitor@252c2b29] INFO  util.JvmPauseMonitor (JvmPauseMonitor.java:run(188)) - Starting JVM pause monitor
2019-10-14 13:00:17,161 [main] INFO  ozone.HddsDatanodeService (HddsDatanodeService.java:start(184)) - HddsDatanodeService host:pr-hdds-2299-hlwdq-549545603 ip:192.168.151.107
2019-10-14 13:00:17,162 [Datanode State Machine Thread - 0] INFO  datanode.InitDatanodeState (InitDatanodeState.java:persistContainerDatanodeDetails(140)) - DatanodeDetails is persisted to /workdir/hadoop-ozone/integration-test/target/test-dir/MiniOzoneClusterImpl-25d4ef13-1b97-4b93-afc7-b45b15e79a23/datanode-3/meta/datanode.id
2019-10-14 13:00:17,171 [main] INFO  volume.HddsVolume (HddsVolume.java:<init>(176)) - Creating Volume: /workdir/hadoop-ozone/integration-test/target/test-dir/MiniOzoneClusterImpl-25d4ef13-1b97-4b93-afc7-b45b15e79a23/datanode-4/data/containers/hdds of  storage type : DISK and capacity : 1482555576320
2019-10-14 13:00:17,171 [main] INFO  volume.VolumeSet (VolumeSet.java:initializeVolumeSet(170)) - Added Volume : /workdir/hadoop-ozone/integration-test/target/test-dir/MiniOzoneClusterImpl-25d4ef13-1b97-4b93-afc7-b45b15e79a23/datanode-4/data/containers/hdds to VolumeSet
2019-10-14 13:00:17,172 [main] INFO  volume.ThrottledAsyncChecker (ThrottledAsyncChecker.java:schedule(141)) - Scheduling a check for org.apache.hadoop.ozone.container.common.volume.HddsVolume@3c232051
2019-10-14 13:00:17,172 [main] INFO  volume.HddsVolumeChecker (HddsVolumeChecker.java:checkAllVolumes(204)) - Scheduled health check for volume org.apache.hadoop.ozone.container.common.volume.HddsVolume@3c232051
2019-10-14 13:00:17,184 [main] INFO  impl.RaftServerProxy (ConfUtils.java:logGet(43)) - raft.rpc.type = GRPC (default)
2019-10-14 13:00:17,184 [main] INFO  grpc.GrpcFactory (GrpcFactory.java:checkPooledByteBufAllocatorUseCacheForAllThreads(45)) - PERFORMANCE WARNING: useCacheForAllThreads is true that may cause Netty to create a lot garbage objects and, as a result, trigger GC.
	It is recommended to disable useCacheForAllThreads by setting -Dorg.apache.ratis.thirdparty.io.netty.allocator.useCacheForAllThreads=false in command line.
2019-10-14 13:00:17,184 [main] INFO  grpc.GrpcConfigKeys$Server (ConfUtils.java:logGet(43)) - raft.grpc.server.port = 0 (default)
2019-10-14 13:00:17,184 [main] INFO  server.GrpcService (ConfUtils.java:logGet(43)) - raft.grpc.message.size.max = 33570816 (custom)
2019-10-14 13:00:17,185 [main] INFO  server.RaftServerConfigKeys (ConfUtils.java:logGet(43)) - raft.server.log.appender.buffer.byte-limit = 33554432 (custom)
2019-10-14 13:00:17,185 [main] INFO  server.GrpcService (ConfUtils.java:logGet(43)) - raft.grpc.flow.control.window = 1MB (=1048576) (default)
2019-10-14 13:00:17,185 [main] INFO  server.RaftServerConfigKeys (ConfUtils.java:logGet(43)) - raft.server.rpc.request.timeout = 3000ms (default)
2019-10-14 13:00:17,185 [main] INFO  server.RaftServerConfigKeys (ConfUtils.java:logGet(43)) - raft.server.storage.dir = [/workdir/hadoop-ozone/integration-test/target/test-dir/MiniOzoneClusterImpl-25d4ef13-1b97-4b93-afc7-b45b15e79a23/datanode-4/data/ratis] (custom)
2019-10-14 13:00:17,187 [main] INFO  hdfs.DFSUtil (DFSUtil.java:httpServerTemplateForNNAndJN(1641)) - Starting Web-server for hddsDatanode at: http://0.0.0.0:0
2019-10-14 13:00:17,188 [main] INFO  server.AuthenticationFilter (AuthenticationFilter.java:constructSecretProvider(240)) - Unable to initialize FileSignerSecretProvider, falling back to use random secrets.
2019-10-14 13:00:17,188 [main] WARN  http.HttpRequestLog (HttpRequestLog.java:getRequestLog(97)) - Jetty request log can only be enabled using Log4j
2019-10-14 13:00:17,189 [main] INFO  http.HttpServer2 (HttpServer2.java:addGlobalFilter(975)) - Added global filter 'safety' (class=org.apache.hadoop.http.HttpServer2$QuotingInputFilter)
2019-10-14 13:00:17,190 [main] INFO  http.HttpServer2 (HttpServer2.java:addFilter(948)) - Added filter static_user_filter (class=org.apache.hadoop.http.lib.StaticUserWebFilter$StaticUserFilter) to context hddsDatanode
2019-10-14 13:00:17,190 [main] INFO  http.HttpServer2 (HttpServer2.java:addFilter(958)) - Added filter static_user_filter (class=org.apache.hadoop.http.lib.StaticUserWebFilter$StaticUserFilter) to context static
2019-10-14 13:00:17,190 [main] INFO  http.HttpServer2 (HttpServer2.java:addFilter(958)) - Added filter static_user_filter (class=org.apache.hadoop.http.lib.StaticUserWebFilter$StaticUserFilter) to context logs
2019-10-14 13:00:17,191 [main] INFO  http.HttpServer2 (HttpServer2.java:bindListener(1191)) - Jetty bound to port 43313
2019-10-14 13:00:17,191 [main] INFO  server.Server (Server.java:doStart(351)) - jetty-9.3.25.v20180904, build timestamp: 2018-09-04T21:11:46Z, git hash: 3ce520221d0240229c862b122d2b06c12a625732
2019-10-14 13:00:17,192 [main] INFO  handler.ContextHandler (ContextHandler.java:doStart(781)) - Started o.e.j.s.ServletContextHandler@7a682d35{/logs,file:///workdir/hadoop-ozone/integration-test/target/log,AVAILABLE}
2019-10-14 13:00:17,192 [main] INFO  handler.ContextHandler (ContextHandler.java:doStart(781)) - Started o.e.j.s.ServletContextHandler@61a2aeb7{/static,jar:file:/home/user/.m2/repository/org/apache/hadoop/hadoop-hdds-container-service/0.5.0-SNAPSHOT/hadoop-hdds-container-service-0.5.0-SNAPSHOT.jar!/webapps/static,AVAILABLE}
2019-10-14 13:00:17,221 [main] INFO  handler.ContextHandler (ContextHandler.java:doStart(781)) - Started o.e.j.w.WebAppContext@1775c4e7{/,file:///tmp/jetty-0.0.0.0-43313-hddsDatanode-_-any-1789698941695515037.dir/webapp/,AVAILABLE}{/hddsDatanode}
2019-10-14 13:00:17,221 [main] INFO  server.AbstractConnector (AbstractConnector.java:doStart(278)) - Started ServerConnector@47829d6d{HTTP/1.1,[http/1.1]}{0.0.0.0:43313}
2019-10-14 13:00:17,223 [main] INFO  server.Server (Server.java:doStart(419)) - Started @126007ms
2019-10-14 13:00:17,223 [main] WARN  impl.MetricsSystemImpl (MetricsSystemImpl.java:register(276)) - Sink prometheus already exists!
2019-10-14 13:00:17,224 [main] INFO  server.BaseHttpServer (BaseHttpServer.java:updateConnectorAddress(215)) - HTTP server of HDDSDATANODE is listening at http://0.0.0.0:43313
2019-10-14 13:00:17,224 [main] INFO  impl.MetricsSystemImpl (MetricsSystemImpl.java:init(158)) - HddsDatanode metrics system started (again)
2019-10-14 13:00:17,228 [org.apache.hadoop.util.JvmPauseMonitor$Monitor@4310f7ea] INFO  util.JvmPauseMonitor (JvmPauseMonitor.java:run(188)) - Starting JVM pause monitor
2019-10-14 13:00:17,228 [main] INFO  ozone.HddsDatanodeService (HddsDatanodeService.java:start(184)) - HddsDatanodeService host:pr-hdds-2299-hlwdq-549545603 ip:192.168.151.107
2019-10-14 13:00:17,229 [Datanode State Machine Thread - 0] INFO  datanode.InitDatanodeState (InitDatanodeState.java:persistContainerDatanodeDetails(140)) - DatanodeDetails is persisted to /workdir/hadoop-ozone/integration-test/target/test-dir/MiniOzoneClusterImpl-25d4ef13-1b97-4b93-afc7-b45b15e79a23/datanode-4/meta/datanode.id
2019-10-14 13:00:17,234 [main] INFO  volume.HddsVolume (HddsVolume.java:<init>(176)) - Creating Volume: /workdir/hadoop-ozone/integration-test/target/test-dir/MiniOzoneClusterImpl-25d4ef13-1b97-4b93-afc7-b45b15e79a23/datanode-5/data/containers/hdds of  storage type : DISK and capacity : 1482555576320
2019-10-14 13:00:17,235 [main] INFO  volume.VolumeSet (VolumeSet.java:initializeVolumeSet(170)) - Added Volume : /workdir/hadoop-ozone/integration-test/target/test-dir/MiniOzoneClusterImpl-25d4ef13-1b97-4b93-afc7-b45b15e79a23/datanode-5/data/containers/hdds to VolumeSet
2019-10-14 13:00:17,235 [main] INFO  volume.ThrottledAsyncChecker (ThrottledAsyncChecker.java:schedule(141)) - Scheduling a check for org.apache.hadoop.ozone.container.common.volume.HddsVolume@71e7adbb
2019-10-14 13:00:17,235 [main] INFO  volume.HddsVolumeChecker (HddsVolumeChecker.java:checkAllVolumes(204)) - Scheduled health check for volume org.apache.hadoop.ozone.container.common.volume.HddsVolume@71e7adbb
2019-10-14 13:00:17,247 [main] INFO  impl.RaftServerProxy (ConfUtils.java:logGet(43)) - raft.rpc.type = GRPC (default)
2019-10-14 13:00:17,247 [main] INFO  grpc.GrpcFactory (GrpcFactory.java:checkPooledByteBufAllocatorUseCacheForAllThreads(45)) - PERFORMANCE WARNING: useCacheForAllThreads is true that may cause Netty to create a lot garbage objects and, as a result, trigger GC.
	It is recommended to disable useCacheForAllThreads by setting -Dorg.apache.ratis.thirdparty.io.netty.allocator.useCacheForAllThreads=false in command line.
2019-10-14 13:00:17,248 [main] INFO  grpc.GrpcConfigKeys$Server (ConfUtils.java:logGet(43)) - raft.grpc.server.port = 0 (default)
2019-10-14 13:00:17,248 [main] INFO  server.GrpcService (ConfUtils.java:logGet(43)) - raft.grpc.message.size.max = 33570816 (custom)
2019-10-14 13:00:17,248 [main] INFO  server.RaftServerConfigKeys (ConfUtils.java:logGet(43)) - raft.server.log.appender.buffer.byte-limit = 33554432 (custom)
2019-10-14 13:00:17,248 [main] INFO  server.GrpcService (ConfUtils.java:logGet(43)) - raft.grpc.flow.control.window = 1MB (=1048576) (default)
2019-10-14 13:00:17,248 [main] INFO  server.RaftServerConfigKeys (ConfUtils.java:logGet(43)) - raft.server.rpc.request.timeout = 3000ms (default)
2019-10-14 13:00:17,249 [main] INFO  server.RaftServerConfigKeys (ConfUtils.java:logGet(43)) - raft.server.storage.dir = [/workdir/hadoop-ozone/integration-test/target/test-dir/MiniOzoneClusterImpl-25d4ef13-1b97-4b93-afc7-b45b15e79a23/datanode-5/data/ratis] (custom)
2019-10-14 13:00:17,250 [main] INFO  hdfs.DFSUtil (DFSUtil.java:httpServerTemplateForNNAndJN(1641)) - Starting Web-server for hddsDatanode at: http://0.0.0.0:0
2019-10-14 13:00:17,251 [main] INFO  server.AuthenticationFilter (AuthenticationFilter.java:constructSecretProvider(240)) - Unable to initialize FileSignerSecretProvider, falling back to use random secrets.
2019-10-14 13:00:17,251 [main] WARN  http.HttpRequestLog (HttpRequestLog.java:getRequestLog(97)) - Jetty request log can only be enabled using Log4j
2019-10-14 13:00:17,252 [main] INFO  http.HttpServer2 (HttpServer2.java:addGlobalFilter(975)) - Added global filter 'safety' (class=org.apache.hadoop.http.HttpServer2$QuotingInputFilter)
2019-10-14 13:00:17,253 [main] INFO  http.HttpServer2 (HttpServer2.java:addFilter(948)) - Added filter static_user_filter (class=org.apache.hadoop.http.lib.StaticUserWebFilter$StaticUserFilter) to context hddsDatanode
2019-10-14 13:00:17,253 [main] INFO  http.HttpServer2 (HttpServer2.java:addFilter(958)) - Added filter static_user_filter (class=org.apache.hadoop.http.lib.StaticUserWebFilter$StaticUserFilter) to context logs
2019-10-14 13:00:17,253 [main] INFO  http.HttpServer2 (HttpServer2.java:addFilter(958)) - Added filter static_user_filter (class=org.apache.hadoop.http.lib.StaticUserWebFilter$StaticUserFilter) to context static
2019-10-14 13:00:17,254 [main] INFO  http.HttpServer2 (HttpServer2.java:bindListener(1191)) - Jetty bound to port 39690
2019-10-14 13:00:17,254 [main] INFO  server.Server (Server.java:doStart(351)) - jetty-9.3.25.v20180904, build timestamp: 2018-09-04T21:11:46Z, git hash: 3ce520221d0240229c862b122d2b06c12a625732
2019-10-14 13:00:17,255 [main] INFO  handler.ContextHandler (ContextHandler.java:doStart(781)) - Started o.e.j.s.ServletContextHandler@45843650{/logs,file:///workdir/hadoop-ozone/integration-test/target/log,AVAILABLE}
2019-10-14 13:00:17,256 [main] INFO  handler.ContextHandler (ContextHandler.java:doStart(781)) - Started o.e.j.s.ServletContextHandler@33feda48{/static,jar:file:/home/user/.m2/repository/org/apache/hadoop/hadoop-hdds-container-service/0.5.0-SNAPSHOT/hadoop-hdds-container-service-0.5.0-SNAPSHOT.jar!/webapps/static,AVAILABLE}
2019-10-14 13:00:17,284 [main] INFO  handler.ContextHandler (ContextHandler.java:doStart(781)) - Started o.e.j.w.WebAppContext@673e76b3{/,file:///tmp/jetty-0.0.0.0-39690-hddsDatanode-_-any-7314583383408017084.dir/webapp/,AVAILABLE}{/hddsDatanode}
2019-10-14 13:00:17,284 [main] INFO  server.AbstractConnector (AbstractConnector.java:doStart(278)) - Started ServerConnector@1bedc703{HTTP/1.1,[http/1.1]}{0.0.0.0:39690}
2019-10-14 13:00:17,285 [main] INFO  server.Server (Server.java:doStart(419)) - Started @126069ms
2019-10-14 13:00:17,285 [main] WARN  impl.MetricsSystemImpl (MetricsSystemImpl.java:register(276)) - Sink prometheus already exists!
2019-10-14 13:00:17,286 [main] INFO  server.BaseHttpServer (BaseHttpServer.java:updateConnectorAddress(215)) - HTTP server of HDDSDATANODE is listening at http://0.0.0.0:39690
2019-10-14 13:00:17,286 [main] INFO  impl.MetricsSystemImpl (MetricsSystemImpl.java:init(158)) - HddsDatanode metrics system started (again)
2019-10-14 13:00:17,290 [org.apache.hadoop.util.JvmPauseMonitor$Monitor@4658c8c9] INFO  util.JvmPauseMonitor (JvmPauseMonitor.java:run(188)) - Starting JVM pause monitor
2019-10-14 13:00:17,290 [main] INFO  ozone.HddsDatanodeService (HddsDatanodeService.java:start(184)) - HddsDatanodeService host:pr-hdds-2299-hlwdq-549545603 ip:192.168.151.107
2019-10-14 13:00:17,292 [Datanode State Machine Thread - 0] INFO  datanode.InitDatanodeState (InitDatanodeState.java:persistContainerDatanodeDetails(140)) - DatanodeDetails is persisted to /workdir/hadoop-ozone/integration-test/target/test-dir/MiniOzoneClusterImpl-25d4ef13-1b97-4b93-afc7-b45b15e79a23/datanode-5/meta/datanode.id
2019-10-14 13:00:17,296 [main] INFO  volume.HddsVolume (HddsVolume.java:<init>(176)) - Creating Volume: /workdir/hadoop-ozone/integration-test/target/test-dir/MiniOzoneClusterImpl-25d4ef13-1b97-4b93-afc7-b45b15e79a23/datanode-6/data/containers/hdds of  storage type : DISK and capacity : 1482555576320
2019-10-14 13:00:17,296 [main] INFO  volume.VolumeSet (VolumeSet.java:initializeVolumeSet(170)) - Added Volume : /workdir/hadoop-ozone/integration-test/target/test-dir/MiniOzoneClusterImpl-25d4ef13-1b97-4b93-afc7-b45b15e79a23/datanode-6/data/containers/hdds to VolumeSet
2019-10-14 13:00:17,296 [main] INFO  volume.ThrottledAsyncChecker (ThrottledAsyncChecker.java:schedule(141)) - Scheduling a check for org.apache.hadoop.ozone.container.common.volume.HddsVolume@704067c6
2019-10-14 13:00:17,297 [main] INFO  volume.HddsVolumeChecker (HddsVolumeChecker.java:checkAllVolumes(204)) - Scheduled health check for volume org.apache.hadoop.ozone.container.common.volume.HddsVolume@704067c6
2019-10-14 13:00:17,309 [main] INFO  impl.RaftServerProxy (ConfUtils.java:logGet(43)) - raft.rpc.type = GRPC (default)
2019-10-14 13:00:17,310 [main] INFO  grpc.GrpcFactory (GrpcFactory.java:checkPooledByteBufAllocatorUseCacheForAllThreads(45)) - PERFORMANCE WARNING: useCacheForAllThreads is true that may cause Netty to create a lot garbage objects and, as a result, trigger GC.
	It is recommended to disable useCacheForAllThreads by setting -Dorg.apache.ratis.thirdparty.io.netty.allocator.useCacheForAllThreads=false in command line.
2019-10-14 13:00:17,310 [main] INFO  grpc.GrpcConfigKeys$Server (ConfUtils.java:logGet(43)) - raft.grpc.server.port = 0 (default)
2019-10-14 13:00:17,310 [main] INFO  server.GrpcService (ConfUtils.java:logGet(43)) - raft.grpc.message.size.max = 33570816 (custom)
2019-10-14 13:00:17,310 [main] INFO  server.RaftServerConfigKeys (ConfUtils.java:logGet(43)) - raft.server.log.appender.buffer.byte-limit = 33554432 (custom)
2019-10-14 13:00:17,310 [main] INFO  server.GrpcService (ConfUtils.java:logGet(43)) - raft.grpc.flow.control.window = 1MB (=1048576) (default)
2019-10-14 13:00:17,311 [main] INFO  server.RaftServerConfigKeys (ConfUtils.java:logGet(43)) - raft.server.rpc.request.timeout = 3000ms (default)
2019-10-14 13:00:17,311 [main] INFO  server.RaftServerConfigKeys (ConfUtils.java:logGet(43)) - raft.server.storage.dir = [/workdir/hadoop-ozone/integration-test/target/test-dir/MiniOzoneClusterImpl-25d4ef13-1b97-4b93-afc7-b45b15e79a23/datanode-6/data/ratis] (custom)
2019-10-14 13:00:17,312 [main] INFO  hdfs.DFSUtil (DFSUtil.java:httpServerTemplateForNNAndJN(1641)) - Starting Web-server for hddsDatanode at: http://0.0.0.0:0
2019-10-14 13:00:17,313 [main] INFO  server.AuthenticationFilter (AuthenticationFilter.java:constructSecretProvider(240)) - Unable to initialize FileSignerSecretProvider, falling back to use random secrets.
2019-10-14 13:00:17,314 [main] WARN  http.HttpRequestLog (HttpRequestLog.java:getRequestLog(97)) - Jetty request log can only be enabled using Log4j
2019-10-14 13:00:17,315 [main] INFO  http.HttpServer2 (HttpServer2.java:addGlobalFilter(975)) - Added global filter 'safety' (class=org.apache.hadoop.http.HttpServer2$QuotingInputFilter)
2019-10-14 13:00:17,315 [main] INFO  http.HttpServer2 (HttpServer2.java:addFilter(948)) - Added filter static_user_filter (class=org.apache.hadoop.http.lib.StaticUserWebFilter$StaticUserFilter) to context hddsDatanode
2019-10-14 13:00:17,315 [main] INFO  http.HttpServer2 (HttpServer2.java:addFilter(958)) - Added filter static_user_filter (class=org.apache.hadoop.http.lib.StaticUserWebFilter$StaticUserFilter) to context logs
2019-10-14 13:00:17,316 [main] INFO  http.HttpServer2 (HttpServer2.java:addFilter(958)) - Added filter static_user_filter (class=org.apache.hadoop.http.lib.StaticUserWebFilter$StaticUserFilter) to context static
2019-10-14 13:00:17,316 [main] INFO  http.HttpServer2 (HttpServer2.java:bindListener(1191)) - Jetty bound to port 42150
2019-10-14 13:00:17,316 [main] INFO  server.Server (Server.java:doStart(351)) - jetty-9.3.25.v20180904, build timestamp: 2018-09-04T21:11:46Z, git hash: 3ce520221d0240229c862b122d2b06c12a625732
2019-10-14 13:00:17,318 [main] INFO  handler.ContextHandler (ContextHandler.java:doStart(781)) - Started o.e.j.s.ServletContextHandler@5042e3d0{/logs,file:///workdir/hadoop-ozone/integration-test/target/log,AVAILABLE}
2019-10-14 13:00:17,318 [main] INFO  handler.ContextHandler (ContextHandler.java:doStart(781)) - Started o.e.j.s.ServletContextHandler@348137e8{/static,jar:file:/home/user/.m2/repository/org/apache/hadoop/hadoop-hdds-container-service/0.5.0-SNAPSHOT/hadoop-hdds-container-service-0.5.0-SNAPSHOT.jar!/webapps/static,AVAILABLE}
2019-10-14 13:00:17,349 [main] INFO  handler.ContextHandler (ContextHandler.java:doStart(781)) - Started o.e.j.w.WebAppContext@3cc79c02{/,file:///tmp/jetty-0.0.0.0-42150-hddsDatanode-_-any-7250838087028127423.dir/webapp/,AVAILABLE}{/hddsDatanode}
2019-10-14 13:00:17,350 [main] INFO  server.AbstractConnector (AbstractConnector.java:doStart(278)) - Started ServerConnector@1e01b133{HTTP/1.1,[http/1.1]}{0.0.0.0:42150}
2019-10-14 13:00:17,354 [main] INFO  server.Server (Server.java:doStart(419)) - Started @126138ms
2019-10-14 13:00:17,354 [main] WARN  impl.MetricsSystemImpl (MetricsSystemImpl.java:register(276)) - Sink prometheus already exists!
2019-10-14 13:00:17,355 [main] INFO  server.BaseHttpServer (BaseHttpServer.java:updateConnectorAddress(215)) - HTTP server of HDDSDATANODE is listening at http://0.0.0.0:42150
2019-10-14 13:00:17,356 [main] INFO  ozone.MiniOzoneClusterImpl (MiniOzoneClusterImpl.java:lambda$waitForClusterToBeReady$0(147)) - Waiting for cluster to be ready. Got 0 of 7 DN Heartbeats.
2019-10-14 13:00:17,357 [org.apache.hadoop.util.JvmPauseMonitor$Monitor@159a0d1d] INFO  util.JvmPauseMonitor (JvmPauseMonitor.java:run(188)) - Starting JVM pause monitor
2019-10-14 13:00:17,359 [Datanode State Machine Thread - 0] INFO  datanode.InitDatanodeState (InitDatanodeState.java:persistContainerDatanodeDetails(140)) - DatanodeDetails is persisted to /workdir/hadoop-ozone/integration-test/target/test-dir/MiniOzoneClusterImpl-25d4ef13-1b97-4b93-afc7-b45b15e79a23/datanode-6/meta/datanode.id
2019-10-14 13:00:18,356 [main] INFO  ozone.MiniOzoneClusterImpl (MiniOzoneClusterImpl.java:lambda$waitForClusterToBeReady$0(147)) - Waiting for cluster to be ready. Got 0 of 7 DN Heartbeats.
2019-10-14 13:00:18,991 [Datanode State Machine Thread - 0] INFO  ozoneimpl.OzoneContainer (OzoneContainer.java:start(213)) - Attempting to start container services.
2019-10-14 13:00:18,992 [Datanode State Machine Thread - 0] INFO  ozoneimpl.OzoneContainer (OzoneContainer.java:startContainerScrub(177)) - Background container scanner has been disabled.
2019-10-14 13:00:18,992 [Datanode State Machine Thread - 0] INFO  ratis.XceiverServerRatis (XceiverServerRatis.java:start(418)) - Starting XceiverServerRatis 3f353dff-fbf1-45e1-b8dc-90047666ac7f at port 0
2019-10-14 13:00:18,998 [Datanode State Machine Thread - 0] INFO  impl.RaftServerProxy (RaftServerProxy.java:lambda$start$3(299)) - 3f353dff-fbf1-45e1-b8dc-90047666ac7f: start RPC server
2019-10-14 13:00:19,000 [Datanode State Machine Thread - 0] INFO  server.GrpcService (GrpcService.java:startImpl(158)) - 3f353dff-fbf1-45e1-b8dc-90047666ac7f: GrpcService started, listening on 0.0.0.0/0.0.0.0:44834
2019-10-14 13:00:19,000 [Datanode State Machine Thread - 0] INFO  ratis.XceiverServerRatis (XceiverServerRatis.java:start(428)) - XceiverServerRatis 3f353dff-fbf1-45e1-b8dc-90047666ac7f is started using port 44834
2019-10-14 13:00:19,002 [Datanode State Machine Thread - 0] INFO  server.XceiverServerGrpc (XceiverServerGrpc.java:start(149)) - XceiverServerGrpc 3f353dff-fbf1-45e1-b8dc-90047666ac7f is started using port 40717
2019-10-14 13:00:19,038 [Datanode State Machine Thread - 0] INFO  ozoneimpl.OzoneContainer (OzoneContainer.java:start(213)) - Attempting to start container services.
2019-10-14 13:00:19,039 [Datanode State Machine Thread - 0] INFO  ozoneimpl.OzoneContainer (OzoneContainer.java:startContainerScrub(177)) - Background container scanner has been disabled.
2019-10-14 13:00:19,039 [Datanode State Machine Thread - 0] INFO  ratis.XceiverServerRatis (XceiverServerRatis.java:start(418)) - Starting XceiverServerRatis 1da6bb09-916d-4199-b6ac-9e9059830af0 at port 0
2019-10-14 13:00:19,045 [Datanode State Machine Thread - 0] INFO  impl.RaftServerProxy (RaftServerProxy.java:lambda$start$3(299)) - 1da6bb09-916d-4199-b6ac-9e9059830af0: start RPC server
2019-10-14 13:00:19,046 [Datanode State Machine Thread - 0] INFO  server.GrpcService (GrpcService.java:startImpl(158)) - 1da6bb09-916d-4199-b6ac-9e9059830af0: GrpcService started, listening on 0.0.0.0/0.0.0.0:39723
2019-10-14 13:00:19,046 [Datanode State Machine Thread - 0] INFO  ratis.XceiverServerRatis (XceiverServerRatis.java:start(428)) - XceiverServerRatis 1da6bb09-916d-4199-b6ac-9e9059830af0 is started using port 39723
2019-10-14 13:00:19,047 [Datanode State Machine Thread - 0] INFO  server.XceiverServerGrpc (XceiverServerGrpc.java:start(149)) - XceiverServerGrpc 1da6bb09-916d-4199-b6ac-9e9059830af0 is started using port 39713
2019-10-14 13:00:19,112 [Datanode State Machine Thread - 0] INFO  ozoneimpl.OzoneContainer (OzoneContainer.java:start(213)) - Attempting to start container services.
2019-10-14 13:00:19,116 [Datanode State Machine Thread - 0] INFO  ozoneimpl.OzoneContainer (OzoneContainer.java:startContainerScrub(177)) - Background container scanner has been disabled.
2019-10-14 13:00:19,117 [Datanode State Machine Thread - 0] INFO  ratis.XceiverServerRatis (XceiverServerRatis.java:start(418)) - Starting XceiverServerRatis 82ffce00-55a6-43cb-a809-ae8d063a0f95 at port 0
2019-10-14 13:00:19,123 [Datanode State Machine Thread - 0] INFO  impl.RaftServerProxy (RaftServerProxy.java:lambda$start$3(299)) - 82ffce00-55a6-43cb-a809-ae8d063a0f95: start RPC server
2019-10-14 13:00:19,124 [Datanode State Machine Thread - 0] INFO  server.GrpcService (GrpcService.java:startImpl(158)) - 82ffce00-55a6-43cb-a809-ae8d063a0f95: GrpcService started, listening on 0.0.0.0/0.0.0.0:43159
2019-10-14 13:00:19,124 [Datanode State Machine Thread - 0] INFO  ratis.XceiverServerRatis (XceiverServerRatis.java:start(428)) - XceiverServerRatis 82ffce00-55a6-43cb-a809-ae8d063a0f95 is started using port 43159
2019-10-14 13:00:19,127 [Datanode State Machine Thread - 0] INFO  server.XceiverServerGrpc (XceiverServerGrpc.java:start(149)) - XceiverServerGrpc 82ffce00-55a6-43cb-a809-ae8d063a0f95 is started using port 37894
2019-10-14 13:00:19,176 [Datanode State Machine Thread - 0] INFO  ozoneimpl.OzoneContainer (OzoneContainer.java:start(213)) - Attempting to start container services.
2019-10-14 13:00:19,176 [Datanode State Machine Thread - 0] INFO  ozoneimpl.OzoneContainer (OzoneContainer.java:startContainerScrub(177)) - Background container scanner has been disabled.
2019-10-14 13:00:19,177 [Datanode State Machine Thread - 0] INFO  ratis.XceiverServerRatis (XceiverServerRatis.java:start(418)) - Starting XceiverServerRatis 7a4de56c-1214-4d1e-9522-9092a7b30755 at port 0
2019-10-14 13:00:19,181 [Datanode State Machine Thread - 0] INFO  impl.RaftServerProxy (RaftServerProxy.java:lambda$start$3(299)) - 7a4de56c-1214-4d1e-9522-9092a7b30755: start RPC server
2019-10-14 13:00:19,184 [Datanode State Machine Thread - 0] INFO  server.GrpcService (GrpcService.java:startImpl(158)) - 7a4de56c-1214-4d1e-9522-9092a7b30755: GrpcService started, listening on 0.0.0.0/0.0.0.0:38444
2019-10-14 13:00:19,184 [Datanode State Machine Thread - 0] INFO  ratis.XceiverServerRatis (XceiverServerRatis.java:start(428)) - XceiverServerRatis 7a4de56c-1214-4d1e-9522-9092a7b30755 is started using port 38444
2019-10-14 13:00:19,186 [Datanode State Machine Thread - 0] INFO  server.XceiverServerGrpc (XceiverServerGrpc.java:start(149)) - XceiverServerGrpc 7a4de56c-1214-4d1e-9522-9092a7b30755 is started using port 38181
2019-10-14 13:00:19,242 [Datanode State Machine Thread - 0] INFO  ozoneimpl.OzoneContainer (OzoneContainer.java:start(213)) - Attempting to start container services.
2019-10-14 13:00:19,242 [Datanode State Machine Thread - 0] INFO  ozoneimpl.OzoneContainer (OzoneContainer.java:startContainerScrub(177)) - Background container scanner has been disabled.
2019-10-14 13:00:19,242 [Datanode State Machine Thread - 0] INFO  ratis.XceiverServerRatis (XceiverServerRatis.java:start(418)) - Starting XceiverServerRatis 644ed2c9-5711-47af-adb7-dab428ebce56 at port 0
2019-10-14 13:00:19,248 [Datanode State Machine Thread - 0] INFO  impl.RaftServerProxy (RaftServerProxy.java:lambda$start$3(299)) - 644ed2c9-5711-47af-adb7-dab428ebce56: start RPC server
2019-10-14 13:00:19,248 [Datanode State Machine Thread - 0] INFO  server.GrpcService (GrpcService.java:startImpl(158)) - 644ed2c9-5711-47af-adb7-dab428ebce56: GrpcService started, listening on 0.0.0.0/0.0.0.0:44692
2019-10-14 13:00:19,249 [Datanode State Machine Thread - 0] INFO  ratis.XceiverServerRatis (XceiverServerRatis.java:start(428)) - XceiverServerRatis 644ed2c9-5711-47af-adb7-dab428ebce56 is started using port 44692
2019-10-14 13:00:19,249 [Datanode State Machine Thread - 0] INFO  server.XceiverServerGrpc (XceiverServerGrpc.java:start(149)) - XceiverServerGrpc 644ed2c9-5711-47af-adb7-dab428ebce56 is started using port 43954
2019-10-14 13:00:19,305 [Datanode State Machine Thread - 0] INFO  ozoneimpl.OzoneContainer (OzoneContainer.java:start(213)) - Attempting to start container services.
2019-10-14 13:00:19,305 [Datanode State Machine Thread - 0] INFO  ozoneimpl.OzoneContainer (OzoneContainer.java:startContainerScrub(177)) - Background container scanner has been disabled.
2019-10-14 13:00:19,305 [Datanode State Machine Thread - 0] INFO  ratis.XceiverServerRatis (XceiverServerRatis.java:start(418)) - Starting XceiverServerRatis 38295e66-f96d-4966-82db-c27c919857a1 at port 0
2019-10-14 13:00:19,309 [Datanode State Machine Thread - 0] INFO  impl.RaftServerProxy (RaftServerProxy.java:lambda$start$3(299)) - 38295e66-f96d-4966-82db-c27c919857a1: start RPC server
2019-10-14 13:00:19,310 [Datanode State Machine Thread - 0] INFO  server.GrpcService (GrpcService.java:startImpl(158)) - 38295e66-f96d-4966-82db-c27c919857a1: GrpcService started, listening on 0.0.0.0/0.0.0.0:38069
2019-10-14 13:00:19,310 [Datanode State Machine Thread - 0] INFO  ratis.XceiverServerRatis (XceiverServerRatis.java:start(428)) - XceiverServerRatis 38295e66-f96d-4966-82db-c27c919857a1 is started using port 38069
2019-10-14 13:00:19,310 [Datanode State Machine Thread - 0] INFO  server.XceiverServerGrpc (XceiverServerGrpc.java:start(149)) - XceiverServerGrpc 38295e66-f96d-4966-82db-c27c919857a1 is started using port 45541
2019-10-14 13:00:19,357 [main] INFO  ozone.MiniOzoneClusterImpl (MiniOzoneClusterImpl.java:lambda$waitForClusterToBeReady$0(147)) - Waiting for cluster to be ready. Got 0 of 7 DN Heartbeats.
2019-10-14 13:00:19,371 [Datanode State Machine Thread - 0] INFO  ozoneimpl.OzoneContainer (OzoneContainer.java:start(213)) - Attempting to start container services.
2019-10-14 13:00:19,372 [Datanode State Machine Thread - 0] INFO  ozoneimpl.OzoneContainer (OzoneContainer.java:startContainerScrub(177)) - Background container scanner has been disabled.
2019-10-14 13:00:19,372 [Datanode State Machine Thread - 0] INFO  ratis.XceiverServerRatis (XceiverServerRatis.java:start(418)) - Starting XceiverServerRatis 762b5686-d2e5-4fc1-834c-abdcf4b4e357 at port 0
2019-10-14 13:00:19,377 [Datanode State Machine Thread - 0] INFO  impl.RaftServerProxy (RaftServerProxy.java:lambda$start$3(299)) - 762b5686-d2e5-4fc1-834c-abdcf4b4e357: start RPC server
2019-10-14 13:00:19,377 [Datanode State Machine Thread - 0] INFO  server.GrpcService (GrpcService.java:startImpl(158)) - 762b5686-d2e5-4fc1-834c-abdcf4b4e357: GrpcService started, listening on 0.0.0.0/0.0.0.0:34476
2019-10-14 13:00:19,377 [Datanode State Machine Thread - 0] INFO  ratis.XceiverServerRatis (XceiverServerRatis.java:start(428)) - XceiverServerRatis 762b5686-d2e5-4fc1-834c-abdcf4b4e357 is started using port 34476
2019-10-14 13:00:19,378 [Datanode State Machine Thread - 0] INFO  server.XceiverServerGrpc (XceiverServerGrpc.java:start(149)) - XceiverServerGrpc 762b5686-d2e5-4fc1-834c-abdcf4b4e357 is started using port 36868
2019-10-14 13:00:20,357 [main] INFO  ozone.MiniOzoneClusterImpl (MiniOzoneClusterImpl.java:lambda$waitForClusterToBeReady$0(147)) - Waiting for cluster to be ready. Got 0 of 7 DN Heartbeats.
2019-10-14 13:00:20,975 [IPC Server handler 0 on 45723] INFO  net.NetworkTopology (NetworkTopologyImpl.java:add(111)) - Added a new node: /default-rack/3f353dff-fbf1-45e1-b8dc-90047666ac7f
2019-10-14 13:00:20,979 [IPC Server handler 0 on 45723] INFO  node.SCMNodeManager (SCMNodeManager.java:register(268)) - Registered Data node : 3f353dff-fbf1-45e1-b8dc-90047666ac7f{ip: 192.168.151.107, host: pr-hdds-2299-hlwdq-549545603, networkLocation: /default-rack, certSerialId: null}
2019-10-14 13:00:20,980 [EventQueue-NodeRegistrationContainerReportForDataNodeSafeModeRule] INFO  safemode.SCMSafeModeManager (DataNodeSafeModeRule.java:process(71)) - SCM in safe mode. 1 DataNodes registered, 1 required.
2019-10-14 13:00:20,982 [EventQueue-NodeRegistrationContainerReportForContainerSafeModeRule] INFO  safemode.SCMSafeModeManager (SCMSafeModeManager.java:validateSafeModeExitRules(177)) - ScmSafeModeManager, all rules are successfully validated
2019-10-14 13:00:20,982 [EventQueue-NodeRegistrationContainerReportForContainerSafeModeRule] INFO  safemode.SCMSafeModeManager (SCMSafeModeManager.java:exitSafeMode(193)) - SCM exiting safe mode.
2019-10-14 13:00:20,998 [grpc-default-executor-2] INFO  impl.RaftServerProxy (RaftServerProxy.java:addNew(89)) - 3f353dff-fbf1-45e1-b8dc-90047666ac7f: addNew group-2D602F6BD11F:[3f353dff-fbf1-45e1-b8dc-90047666ac7f:192.168.151.107:44834] returns group-2D602F6BD11F:java.util.concurrent.CompletableFuture@747c75d[Not completed]
2019-10-14 13:00:21,001 [pool-207-thread-1] INFO  impl.RaftServerImpl (RaftServerImpl.java:<init>(95)) - 3f353dff-fbf1-45e1-b8dc-90047666ac7f: new RaftServerImpl for group-2D602F6BD11F:[3f353dff-fbf1-45e1-b8dc-90047666ac7f:192.168.151.107:44834] with ContainerStateMachine:uninitialized
2019-10-14 13:00:21,001 [pool-207-thread-1] INFO  server.RaftServerConfigKeys (ConfUtils.java:logGet(43)) - raft.server.rpc.timeout.min = 5s (custom)
2019-10-14 13:00:21,001 [pool-207-thread-1] INFO  server.RaftServerConfigKeys (ConfUtils.java:logGet(43)) - raft.server.rpc.timeout.max = 5200ms (custom)
2019-10-14 13:00:21,001 [pool-207-thread-1] INFO  server.RaftServerConfigKeys (ConfUtils.java:logGet(43)) - raft.server.rpcslowness.timeout = 120s (custom)
2019-10-14 13:00:21,002 [pool-207-thread-1] INFO  server.RaftServerConfigKeys (ConfUtils.java:logGet(43)) - raft.server.sleep.deviation.threshold = 300 (default)
2019-10-14 13:00:21,002 [pool-207-thread-1] INFO  server.RaftServerConfigKeys (ConfUtils.java:logGet(43)) - raft.server.log.appender.install.snapshot.enabled = false (custom)
2019-10-14 13:00:21,002 [pool-207-thread-1] INFO  impl.RaftServerImpl (ServerState.java:<init>(103)) - 3f353dff-fbf1-45e1-b8dc-90047666ac7f@group-2D602F6BD11F: ConfigurationManager, init=-1: [3f353dff-fbf1-45e1-b8dc-90047666ac7f:192.168.151.107:44834], old=null, confs=<EMPTY_MAP>
2019-10-14 13:00:21,002 [pool-207-thread-1] INFO  server.RaftServerConfigKeys (ConfUtils.java:logGet(43)) - raft.server.storage.dir = [/workdir/hadoop-ozone/integration-test/target/test-dir/MiniOzoneClusterImpl-25d4ef13-1b97-4b93-afc7-b45b15e79a23/datanode-0/data/ratis] (custom)
2019-10-14 13:00:21,003 [pool-207-thread-1] INFO  server.RaftServerConfigKeys (ConfUtils.java:logGet(43)) - raft.server.log.corruption.policy = EXCEPTION (default)
2019-10-14 13:00:21,003 [pool-207-thread-1] INFO  storage.RaftStorageDirectory (RaftStorageDirectory.java:analyzeStorage(246)) - The storage directory /workdir/hadoop-ozone/integration-test/target/test-dir/MiniOzoneClusterImpl-25d4ef13-1b97-4b93-afc7-b45b15e79a23/datanode-0/data/ratis/af89c1a2-5ad7-4df2-ac81-2d602f6bd11f does not exist. Creating ...
2019-10-14 13:00:21,016 [pool-207-thread-1] INFO  storage.RaftStorageDirectory (RaftStorageDirectory.java:tryLock(328)) - Lock on /workdir/hadoop-ozone/integration-test/target/test-dir/MiniOzoneClusterImpl-25d4ef13-1b97-4b93-afc7-b45b15e79a23/datanode-0/data/ratis/af89c1a2-5ad7-4df2-ac81-2d602f6bd11f/in_use.lock acquired by nodename 26042@pr-hdds-2299-hlwdq-549545603
2019-10-14 13:00:21,030 [pool-207-thread-1] INFO  storage.RaftStorage (RaftStorage.java:format(84)) - Storage directory /workdir/hadoop-ozone/integration-test/target/test-dir/MiniOzoneClusterImpl-25d4ef13-1b97-4b93-afc7-b45b15e79a23/datanode-0/data/ratis/af89c1a2-5ad7-4df2-ac81-2d602f6bd11f has been successfully formatted.
2019-10-14 13:00:21,030 [pool-207-thread-1] INFO  ratis.ContainerStateMachine (ContainerStateMachine.java:loadSnapshot(231)) - group-2D602F6BD11F: The snapshot info is null. Setting the last applied indexto:(t:0, i:~)
2019-10-14 13:00:21,030 [pool-207-thread-1] INFO  server.RaftServerConfigKeys (ConfUtils.java:logGet(43)) - raft.server.notification.no-leader.timeout = 120s (custom)
2019-10-14 13:00:21,030 [pool-207-thread-1] INFO  server.RaftServerConfigKeys (ConfUtils.java:logGet(43)) - raft.server.log.use.memory = false (default)
2019-10-14 13:00:21,030 [pool-207-thread-1] INFO  server.RaftServerConfigKeys (ConfUtils.java:logGet(43)) - raft.server.log.purge.gap = 1000000 (custom)
2019-10-14 13:00:21,031 [pool-207-thread-1] INFO  server.RaftServerConfigKeys (ConfUtils.java:logGet(43)) - raft.server.log.appender.buffer.byte-limit = 33554432 (custom)
2019-10-14 13:00:21,031 [pool-207-thread-1] INFO  server.RaftServerConfigKeys (ConfUtils.java:logGet(43)) - raft.server.log.segment.size.max = 1048576 (custom)
2019-10-14 13:00:21,031 [IPC Server handler 1 on 45723] INFO  net.NetworkTopology (NetworkTopologyImpl.java:add(111)) - Added a new node: /default-rack/1da6bb09-916d-4199-b6ac-9e9059830af0
2019-10-14 13:00:21,031 [IPC Server handler 1 on 45723] INFO  node.SCMNodeManager (SCMNodeManager.java:register(268)) - Registered Data node : 1da6bb09-916d-4199-b6ac-9e9059830af0{ip: 192.168.151.107, host: pr-hdds-2299-hlwdq-549545603, networkLocation: /default-rack, certSerialId: null}
2019-10-14 13:00:21,034 [pool-207-thread-1] INFO  server.RaftServerConfigKeys (ConfUtils.java:logGet(43)) - raft.server.log.segment.cache.num.max = 2 (custom)
2019-10-14 13:00:21,034 [pool-207-thread-1] INFO  segmented.SegmentedRaftLogWorker (SegmentedRaftLogWorker.java:<init>(173)) - new 3f353dff-fbf1-45e1-b8dc-90047666ac7f@group-2D602F6BD11F-SegmentedRaftLogWorker for RaftStorage:Storage Directory /workdir/hadoop-ozone/integration-test/target/test-dir/MiniOzoneClusterImpl-25d4ef13-1b97-4b93-afc7-b45b15e79a23/datanode-0/data/ratis/af89c1a2-5ad7-4df2-ac81-2d602f6bd11f
2019-10-14 13:00:21,035 [pool-207-thread-1] INFO  server.RaftServerConfigKeys (ConfUtils.java:logGet(43)) - raft.server.log.queue.byte-limit = 2147483647 (custom)
2019-10-14 13:00:21,035 [pool-207-thread-1] INFO  server.RaftServerConfigKeys (ConfUtils.java:logGet(43)) - raft.server.log.queue.element-limit = 1024 (custom)
2019-10-14 13:00:21,035 [pool-207-thread-1] INFO  server.RaftServerConfigKeys (ConfUtils.java:logGet(43)) - raft.server.log.segment.size.max = 1048576 (custom)
2019-10-14 13:00:21,035 [pool-207-thread-1] INFO  server.RaftServerConfigKeys (ConfUtils.java:logGet(43)) - raft.server.log.preallocated.size = 16384 (custom)
2019-10-14 13:00:21,036 [pool-207-thread-1] INFO  server.RaftServerConfigKeys (ConfUtils.java:logGet(43)) - raft.server.log.write.buffer.size = 33554432 (custom)
2019-10-14 13:00:21,036 [pool-207-thread-1] INFO  server.RaftServerConfigKeys (ConfUtils.java:logGet(43)) - raft.server.log.force.sync.num = 128 (default)
2019-10-14 13:00:21,036 [pool-207-thread-1] INFO  server.RaftServerConfigKeys (ConfUtils.java:logGet(43)) - raft.server.log.statemachine.data.sync = true (default)
2019-10-14 13:00:21,036 [pool-207-thread-1] INFO  server.RaftServerConfigKeys (ConfUtils.java:logGet(43)) - raft.server.log.statemachine.data.sync.timeout = 10s (default)
2019-10-14 13:00:21,037 [pool-207-thread-1] INFO  server.RaftServerConfigKeys (ConfUtils.java:logGet(43)) - raft.server.log.statemachine.data.sync.timeout.retry = -1 (default)
2019-10-14 13:00:21,037 [pool-207-thread-1] INFO  server.RaftServerConfigKeys (ConfUtils.java:logGet(43)) - raft.server.log.statemachine.data.caching.enabled = true (custom)
2019-10-14 13:00:21,038 [pool-207-thread-1] INFO  segmented.SegmentedRaftLogWorker (SegmentedRaftLogWorker.java:lambda$new$0(128)) - 3f353dff-fbf1-45e1-b8dc-90047666ac7f@group-2D602F6BD11F-SegmentedRaftLogWorker: flushIndex: setUnconditionally 0 -> -1
2019-10-14 13:00:21,038 [pool-207-thread-1] INFO  server.RaftServerConfigKeys (ConfUtils.java:logGet(43)) - raft.server.snapshot.auto.trigger.enabled = true (custom)
2019-10-14 13:00:21,039 [pool-207-thread-1] INFO  server.RaftServerConfigKeys (ConfUtils.java:logGet(43)) - raft.server.snapshot.auto.trigger.threshold = 10000 (custom)
2019-10-14 13:00:21,039 [pool-207-thread-1] INFO  server.RaftServerConfigKeys (ConfUtils.java:logGet(43)) - raft.server.snapshot.retention.file.num = 5 (custom)
2019-10-14 13:00:21,039 [pool-207-thread-1] INFO  server.RaftServerConfigKeys (ConfUtils.java:logGet(43)) - raft.server.retrycache.expirytime = 600000ms (custom)
2019-10-14 13:00:21,042 [pool-207-thread-1] INFO  impl.RaftServerImpl (RaftServerImpl.java:start(181)) - 3f353dff-fbf1-45e1-b8dc-90047666ac7f@group-2D602F6BD11F: start as a follower, conf=-1: [3f353dff-fbf1-45e1-b8dc-90047666ac7f:192.168.151.107:44834], old=null
2019-10-14 13:00:21,042 [pool-207-thread-1] INFO  impl.RaftServerImpl (RaftServerImpl.java:setRole(170)) - 3f353dff-fbf1-45e1-b8dc-90047666ac7f@group-2D602F6BD11F: changes role from      null to FOLLOWER at term 0 for startAsFollower
2019-10-14 13:00:21,042 [pool-207-thread-1] INFO  impl.RoleInfo (RoleInfo.java:updateAndGet(143)) - 3f353dff-fbf1-45e1-b8dc-90047666ac7f: start FollowerState
2019-10-14 13:00:21,043 [pool-207-thread-1] INFO  util.JmxRegister (JmxRegister.java:tryRegister(44)) - Successfully registered JMX Bean with object name Ratis:service=RaftServer,group=group-2D602F6BD11F,id=3f353dff-fbf1-45e1-b8dc-90047666ac7f
2019-10-14 13:00:21,049 [RatisPipelineUtilsThread] INFO  pipeline.PipelineStateManager (PipelineStateManager.java:addPipeline(56)) - Created pipeline Pipeline[ Id: af89c1a2-5ad7-4df2-ac81-2d602f6bd11f, Nodes: 3f353dff-fbf1-45e1-b8dc-90047666ac7f{ip: 192.168.151.107, host: pr-hdds-2299-hlwdq-549545603, networkLocation: /default-rack, certSerialId: null}, Type:RATIS, Factor:ONE, State:OPEN]
2019-10-14 13:00:21,071 [grpc-default-executor-2] INFO  impl.RaftServerProxy (RaftServerProxy.java:addNew(89)) - 1da6bb09-916d-4199-b6ac-9e9059830af0: addNew group-F0132966E86E:[1da6bb09-916d-4199-b6ac-9e9059830af0:192.168.151.107:39723] returns group-F0132966E86E:java.util.concurrent.CompletableFuture@77a91230[Not completed]
2019-10-14 13:00:21,074 [pool-217-thread-1] INFO  impl.RaftServerImpl (RaftServerImpl.java:<init>(95)) - 1da6bb09-916d-4199-b6ac-9e9059830af0: new RaftServerImpl for group-F0132966E86E:[1da6bb09-916d-4199-b6ac-9e9059830af0:192.168.151.107:39723] with ContainerStateMachine:uninitialized
2019-10-14 13:00:21,074 [pool-217-thread-1] INFO  server.RaftServerConfigKeys (ConfUtils.java:logGet(43)) - raft.server.rpc.timeout.min = 5s (custom)
2019-10-14 13:00:21,074 [pool-217-thread-1] INFO  server.RaftServerConfigKeys (ConfUtils.java:logGet(43)) - raft.server.rpc.timeout.max = 5200ms (custom)
2019-10-14 13:00:21,074 [pool-217-thread-1] INFO  server.RaftServerConfigKeys (ConfUtils.java:logGet(43)) - raft.server.rpcslowness.timeout = 120s (custom)
2019-10-14 13:00:21,074 [pool-217-thread-1] INFO  server.RaftServerConfigKeys (ConfUtils.java:logGet(43)) - raft.server.sleep.deviation.threshold = 300 (default)
2019-10-14 13:00:21,075 [pool-217-thread-1] INFO  server.RaftServerConfigKeys (ConfUtils.java:logGet(43)) - raft.server.log.appender.install.snapshot.enabled = false (custom)
2019-10-14 13:00:21,075 [pool-217-thread-1] INFO  impl.RaftServerImpl (ServerState.java:<init>(103)) - 1da6bb09-916d-4199-b6ac-9e9059830af0@group-F0132966E86E: ConfigurationManager, init=-1: [1da6bb09-916d-4199-b6ac-9e9059830af0:192.168.151.107:39723], old=null, confs=<EMPTY_MAP>
2019-10-14 13:00:21,075 [pool-217-thread-1] INFO  server.RaftServerConfigKeys (ConfUtils.java:logGet(43)) - raft.server.storage.dir = [/workdir/hadoop-ozone/integration-test/target/test-dir/MiniOzoneClusterImpl-25d4ef13-1b97-4b93-afc7-b45b15e79a23/datanode-1/data/ratis] (custom)
2019-10-14 13:00:21,075 [pool-217-thread-1] INFO  server.RaftServerConfigKeys (ConfUtils.java:logGet(43)) - raft.server.log.corruption.policy = EXCEPTION (default)
2019-10-14 13:00:21,076 [pool-217-thread-1] INFO  storage.RaftStorageDirectory (RaftStorageDirectory.java:analyzeStorage(246)) - The storage directory /workdir/hadoop-ozone/integration-test/target/test-dir/MiniOzoneClusterImpl-25d4ef13-1b97-4b93-afc7-b45b15e79a23/datanode-1/data/ratis/5127eae7-58cd-4f32-8481-f0132966e86e does not exist. Creating ...
2019-10-14 13:00:21,089 [pool-217-thread-1] INFO  storage.RaftStorageDirectory (RaftStorageDirectory.java:tryLock(328)) - Lock on /workdir/hadoop-ozone/integration-test/target/test-dir/MiniOzoneClusterImpl-25d4ef13-1b97-4b93-afc7-b45b15e79a23/datanode-1/data/ratis/5127eae7-58cd-4f32-8481-f0132966e86e/in_use.lock acquired by nodename 26042@pr-hdds-2299-hlwdq-549545603
2019-10-14 13:00:21,097 [IPC Server handler 5 on 45723] INFO  net.NetworkTopology (NetworkTopologyImpl.java:add(111)) - Added a new node: /default-rack/82ffce00-55a6-43cb-a809-ae8d063a0f95
2019-10-14 13:00:21,098 [IPC Server handler 5 on 45723] INFO  node.SCMNodeManager (SCMNodeManager.java:register(268)) - Registered Data node : 82ffce00-55a6-43cb-a809-ae8d063a0f95{ip: 192.168.151.107, host: pr-hdds-2299-hlwdq-549545603, networkLocation: /default-rack, certSerialId: null}
2019-10-14 13:00:21,102 [pool-217-thread-1] INFO  storage.RaftStorage (RaftStorage.java:format(84)) - Storage directory /workdir/hadoop-ozone/integration-test/target/test-dir/MiniOzoneClusterImpl-25d4ef13-1b97-4b93-afc7-b45b15e79a23/datanode-1/data/ratis/5127eae7-58cd-4f32-8481-f0132966e86e has been successfully formatted.
2019-10-14 13:00:21,103 [pool-217-thread-1] INFO  ratis.ContainerStateMachine (ContainerStateMachine.java:loadSnapshot(231)) - group-F0132966E86E: The snapshot info is null. Setting the last applied indexto:(t:0, i:~)
2019-10-14 13:00:21,103 [pool-217-thread-1] INFO  server.RaftServerConfigKeys (ConfUtils.java:logGet(43)) - raft.server.notification.no-leader.timeout = 120s (custom)
2019-10-14 13:00:21,103 [pool-217-thread-1] INFO  server.RaftServerConfigKeys (ConfUtils.java:logGet(43)) - raft.server.log.use.memory = false (default)
2019-10-14 13:00:21,104 [pool-217-thread-1] INFO  server.RaftServerConfigKeys (ConfUtils.java:logGet(43)) - raft.server.log.purge.gap = 1000000 (custom)
2019-10-14 13:00:21,104 [pool-217-thread-1] INFO  server.RaftServerConfigKeys (ConfUtils.java:logGet(43)) - raft.server.log.appender.buffer.byte-limit = 33554432 (custom)
2019-10-14 13:00:21,104 [pool-217-thread-1] INFO  server.RaftServerConfigKeys (ConfUtils.java:logGet(43)) - raft.server.log.segment.size.max = 1048576 (custom)
2019-10-14 13:00:21,106 [pool-217-thread-1] INFO  server.RaftServerConfigKeys (ConfUtils.java:logGet(43)) - raft.server.log.segment.cache.num.max = 2 (custom)
2019-10-14 13:00:21,107 [pool-217-thread-1] INFO  segmented.SegmentedRaftLogWorker (SegmentedRaftLogWorker.java:<init>(173)) - new 1da6bb09-916d-4199-b6ac-9e9059830af0@group-F0132966E86E-SegmentedRaftLogWorker for RaftStorage:Storage Directory /workdir/hadoop-ozone/integration-test/target/test-dir/MiniOzoneClusterImpl-25d4ef13-1b97-4b93-afc7-b45b15e79a23/datanode-1/data/ratis/5127eae7-58cd-4f32-8481-f0132966e86e
2019-10-14 13:00:21,107 [pool-217-thread-1] INFO  server.RaftServerConfigKeys (ConfUtils.java:logGet(43)) - raft.server.log.queue.byte-limit = 2147483647 (custom)
2019-10-14 13:00:21,107 [pool-217-thread-1] INFO  server.RaftServerConfigKeys (ConfUtils.java:logGet(43)) - raft.server.log.queue.element-limit = 1024 (custom)
2019-10-14 13:00:21,107 [pool-217-thread-1] INFO  server.RaftServerConfigKeys (ConfUtils.java:logGet(43)) - raft.server.log.segment.size.max = 1048576 (custom)
2019-10-14 13:00:21,107 [pool-217-thread-1] INFO  server.RaftServerConfigKeys (ConfUtils.java:logGet(43)) - raft.server.log.preallocated.size = 16384 (custom)
2019-10-14 13:00:21,107 [pool-217-thread-1] INFO  server.RaftServerConfigKeys (ConfUtils.java:logGet(43)) - raft.server.log.write.buffer.size = 33554432 (custom)
2019-10-14 13:00:21,107 [pool-217-thread-1] INFO  server.RaftServerConfigKeys (ConfUtils.java:logGet(43)) - raft.server.log.force.sync.num = 128 (default)
2019-10-14 13:00:21,107 [pool-217-thread-1] INFO  server.RaftServerConfigKeys (ConfUtils.java:logGet(43)) - raft.server.log.statemachine.data.sync = true (default)
2019-10-14 13:00:21,108 [pool-217-thread-1] INFO  server.RaftServerConfigKeys (ConfUtils.java:logGet(43)) - raft.server.log.statemachine.data.sync.timeout = 10s (default)
2019-10-14 13:00:21,108 [pool-217-thread-1] INFO  server.RaftServerConfigKeys (ConfUtils.java:logGet(43)) - raft.server.log.statemachine.data.sync.timeout.retry = -1 (default)
2019-10-14 13:00:21,108 [pool-217-thread-1] INFO  server.RaftServerConfigKeys (ConfUtils.java:logGet(43)) - raft.server.log.statemachine.data.caching.enabled = true (custom)
2019-10-14 13:00:21,109 [pool-217-thread-1] INFO  segmented.SegmentedRaftLogWorker (SegmentedRaftLogWorker.java:lambda$new$0(128)) - 1da6bb09-916d-4199-b6ac-9e9059830af0@group-F0132966E86E-SegmentedRaftLogWorker: flushIndex: setUnconditionally 0 -> -1
2019-10-14 13:00:21,109 [pool-217-thread-1] INFO  server.RaftServerConfigKeys (ConfUtils.java:logGet(43)) - raft.server.snapshot.auto.trigger.enabled = true (custom)
2019-10-14 13:00:21,109 [pool-217-thread-1] INFO  server.RaftServerConfigKeys (ConfUtils.java:logGet(43)) - raft.server.snapshot.auto.trigger.threshold = 10000 (custom)
2019-10-14 13:00:21,109 [pool-217-thread-1] INFO  server.RaftServerConfigKeys (ConfUtils.java:logGet(43)) - raft.server.snapshot.retention.file.num = 5 (custom)
2019-10-14 13:00:21,109 [pool-217-thread-1] INFO  server.RaftServerConfigKeys (ConfUtils.java:logGet(43)) - raft.server.retrycache.expirytime = 600000ms (custom)
2019-10-14 13:00:21,112 [pool-217-thread-1] INFO  impl.RaftServerImpl (RaftServerImpl.java:start(181)) - 1da6bb09-916d-4199-b6ac-9e9059830af0@group-F0132966E86E: start as a follower, conf=-1: [1da6bb09-916d-4199-b6ac-9e9059830af0:192.168.151.107:39723], old=null
2019-10-14 13:00:21,112 [pool-217-thread-1] INFO  impl.RaftServerImpl (RaftServerImpl.java:setRole(170)) - 1da6bb09-916d-4199-b6ac-9e9059830af0@group-F0132966E86E: changes role from      null to FOLLOWER at term 0 for startAsFollower
2019-10-14 13:00:21,112 [pool-217-thread-1] INFO  impl.RoleInfo (RoleInfo.java:updateAndGet(143)) - 1da6bb09-916d-4199-b6ac-9e9059830af0: start FollowerState
2019-10-14 13:00:21,112 [pool-217-thread-1] INFO  util.JmxRegister (JmxRegister.java:tryRegister(44)) - Successfully registered JMX Bean with object name Ratis:service=RaftServer,group=group-F0132966E86E,id=1da6bb09-916d-4199-b6ac-9e9059830af0
2019-10-14 13:00:21,118 [RatisPipelineUtilsThread] INFO  pipeline.PipelineStateManager (PipelineStateManager.java:addPipeline(56)) - Created pipeline Pipeline[ Id: 5127eae7-58cd-4f32-8481-f0132966e86e, Nodes: 1da6bb09-916d-4199-b6ac-9e9059830af0{ip: 192.168.151.107, host: pr-hdds-2299-hlwdq-549545603, networkLocation: /default-rack, certSerialId: null}, Type:RATIS, Factor:ONE, State:OPEN]
2019-10-14 13:00:21,125 [grpc-default-executor-2] INFO  impl.RaftServerProxy (RaftServerProxy.java:addNew(89)) - 82ffce00-55a6-43cb-a809-ae8d063a0f95: addNew group-65B7ACDCE826:[82ffce00-55a6-43cb-a809-ae8d063a0f95:192.168.151.107:43159] returns group-65B7ACDCE826:java.util.concurrent.CompletableFuture@6d3fc946[Not completed]
2019-10-14 13:00:21,126 [pool-227-thread-1] INFO  impl.RaftServerImpl (RaftServerImpl.java:<init>(95)) - 82ffce00-55a6-43cb-a809-ae8d063a0f95: new RaftServerImpl for group-65B7ACDCE826:[82ffce00-55a6-43cb-a809-ae8d063a0f95:192.168.151.107:43159] with ContainerStateMachine:uninitialized
2019-10-14 13:00:21,127 [pool-227-thread-1] INFO  server.RaftServerConfigKeys (ConfUtils.java:logGet(43)) - raft.server.rpc.timeout.min = 5s (custom)
2019-10-14 13:00:21,127 [pool-227-thread-1] INFO  server.RaftServerConfigKeys (ConfUtils.java:logGet(43)) - raft.server.rpc.timeout.max = 5200ms (custom)
2019-10-14 13:00:21,127 [pool-227-thread-1] INFO  server.RaftServerConfigKeys (ConfUtils.java:logGet(43)) - raft.server.rpcslowness.timeout = 120s (custom)
2019-10-14 13:00:21,127 [pool-227-thread-1] INFO  server.RaftServerConfigKeys (ConfUtils.java:logGet(43)) - raft.server.sleep.deviation.threshold = 300 (default)
2019-10-14 13:00:21,127 [pool-227-thread-1] INFO  server.RaftServerConfigKeys (ConfUtils.java:logGet(43)) - raft.server.log.appender.install.snapshot.enabled = false (custom)
2019-10-14 13:00:21,127 [pool-227-thread-1] INFO  impl.RaftServerImpl (ServerState.java:<init>(103)) - 82ffce00-55a6-43cb-a809-ae8d063a0f95@group-65B7ACDCE826: ConfigurationManager, init=-1: [82ffce00-55a6-43cb-a809-ae8d063a0f95:192.168.151.107:43159], old=null, confs=<EMPTY_MAP>
2019-10-14 13:00:21,127 [pool-227-thread-1] INFO  server.RaftServerConfigKeys (ConfUtils.java:logGet(43)) - raft.server.storage.dir = [/workdir/hadoop-ozone/integration-test/target/test-dir/MiniOzoneClusterImpl-25d4ef13-1b97-4b93-afc7-b45b15e79a23/datanode-2/data/ratis] (custom)
2019-10-14 13:00:21,128 [pool-227-thread-1] INFO  server.RaftServerConfigKeys (ConfUtils.java:logGet(43)) - raft.server.log.corruption.policy = EXCEPTION (default)
2019-10-14 13:00:21,128 [pool-227-thread-1] INFO  storage.RaftStorageDirectory (RaftStorageDirectory.java:analyzeStorage(246)) - The storage directory /workdir/hadoop-ozone/integration-test/target/test-dir/MiniOzoneClusterImpl-25d4ef13-1b97-4b93-afc7-b45b15e79a23/datanode-2/data/ratis/ad44f9a1-f520-40a3-bbd9-65b7acdce826 does not exist. Creating ...
2019-10-14 13:00:21,141 [pool-227-thread-1] INFO  storage.RaftStorageDirectory (RaftStorageDirectory.java:tryLock(328)) - Lock on /workdir/hadoop-ozone/integration-test/target/test-dir/MiniOzoneClusterImpl-25d4ef13-1b97-4b93-afc7-b45b15e79a23/datanode-2/data/ratis/ad44f9a1-f520-40a3-bbd9-65b7acdce826/in_use.lock acquired by nodename 26042@pr-hdds-2299-hlwdq-549545603
2019-10-14 13:00:21,154 [pool-227-thread-1] INFO  storage.RaftStorage (RaftStorage.java:format(84)) - Storage directory /workdir/hadoop-ozone/integration-test/target/test-dir/MiniOzoneClusterImpl-25d4ef13-1b97-4b93-afc7-b45b15e79a23/datanode-2/data/ratis/ad44f9a1-f520-40a3-bbd9-65b7acdce826 has been successfully formatted.
2019-10-14 13:00:21,155 [pool-227-thread-1] INFO  ratis.ContainerStateMachine (ContainerStateMachine.java:loadSnapshot(231)) - group-65B7ACDCE826: The snapshot info is null. Setting the last applied indexto:(t:0, i:~)
2019-10-14 13:00:21,155 [pool-227-thread-1] INFO  server.RaftServerConfigKeys (ConfUtils.java:logGet(43)) - raft.server.notification.no-leader.timeout = 120s (custom)
2019-10-14 13:00:21,155 [pool-227-thread-1] INFO  server.RaftServerConfigKeys (ConfUtils.java:logGet(43)) - raft.server.log.use.memory = false (default)
2019-10-14 13:00:21,155 [pool-227-thread-1] INFO  server.RaftServerConfigKeys (ConfUtils.java:logGet(43)) - raft.server.log.purge.gap = 1000000 (custom)
2019-10-14 13:00:21,155 [pool-227-thread-1] INFO  server.RaftServerConfigKeys (ConfUtils.java:logGet(43)) - raft.server.log.appender.buffer.byte-limit = 33554432 (custom)
2019-10-14 13:00:21,155 [pool-227-thread-1] INFO  server.RaftServerConfigKeys (ConfUtils.java:logGet(43)) - raft.server.log.segment.size.max = 1048576 (custom)
2019-10-14 13:00:21,158 [pool-227-thread-1] INFO  server.RaftServerConfigKeys (ConfUtils.java:logGet(43)) - raft.server.log.segment.cache.num.max = 2 (custom)
2019-10-14 13:00:21,158 [pool-227-thread-1] INFO  segmented.SegmentedRaftLogWorker (SegmentedRaftLogWorker.java:<init>(173)) - new 82ffce00-55a6-43cb-a809-ae8d063a0f95@group-65B7ACDCE826-SegmentedRaftLogWorker for RaftStorage:Storage Directory /workdir/hadoop-ozone/integration-test/target/test-dir/MiniOzoneClusterImpl-25d4ef13-1b97-4b93-afc7-b45b15e79a23/datanode-2/data/ratis/ad44f9a1-f520-40a3-bbd9-65b7acdce826
2019-10-14 13:00:21,158 [pool-227-thread-1] INFO  server.RaftServerConfigKeys (ConfUtils.java:logGet(43)) - raft.server.log.queue.byte-limit = 2147483647 (custom)
2019-10-14 13:00:21,158 [pool-227-thread-1] INFO  server.RaftServerConfigKeys (ConfUtils.java:logGet(43)) - raft.server.log.queue.element-limit = 1024 (custom)
2019-10-14 13:00:21,158 [pool-227-thread-1] INFO  server.RaftServerConfigKeys (ConfUtils.java:logGet(43)) - raft.server.log.segment.size.max = 1048576 (custom)
2019-10-14 13:00:21,158 [pool-227-thread-1] INFO  server.RaftServerConfigKeys (ConfUtils.java:logGet(43)) - raft.server.log.preallocated.size = 16384 (custom)
2019-10-14 13:00:21,158 [pool-227-thread-1] INFO  server.RaftServerConfigKeys (ConfUtils.java:logGet(43)) - raft.server.log.write.buffer.size = 33554432 (custom)
2019-10-14 13:00:21,158 [pool-227-thread-1] INFO  server.RaftServerConfigKeys (ConfUtils.java:logGet(43)) - raft.server.log.force.sync.num = 128 (default)
2019-10-14 13:00:21,159 [pool-227-thread-1] INFO  server.RaftServerConfigKeys (ConfUtils.java:logGet(43)) - raft.server.log.statemachine.data.sync = true (default)
2019-10-14 13:00:21,159 [pool-227-thread-1] INFO  server.RaftServerConfigKeys (ConfUtils.java:logGet(43)) - raft.server.log.statemachine.data.sync.timeout = 10s (default)
2019-10-14 13:00:21,159 [pool-227-thread-1] INFO  server.RaftServerConfigKeys (ConfUtils.java:logGet(43)) - raft.server.log.statemachine.data.sync.timeout.retry = -1 (default)
2019-10-14 13:00:21,159 [pool-227-thread-1] INFO  server.RaftServerConfigKeys (ConfUtils.java:logGet(43)) - raft.server.log.statemachine.data.caching.enabled = true (custom)
2019-10-14 13:00:21,159 [pool-227-thread-1] INFO  segmented.SegmentedRaftLogWorker (SegmentedRaftLogWorker.java:lambda$new$0(128)) - 82ffce00-55a6-43cb-a809-ae8d063a0f95@group-65B7ACDCE826-SegmentedRaftLogWorker: flushIndex: setUnconditionally 0 -> -1
2019-10-14 13:00:21,160 [pool-227-thread-1] INFO  server.RaftServerConfigKeys (ConfUtils.java:logGet(43)) - raft.server.snapshot.auto.trigger.enabled = true (custom)
2019-10-14 13:00:21,160 [pool-227-thread-1] INFO  server.RaftServerConfigKeys (ConfUtils.java:logGet(43)) - raft.server.snapshot.auto.trigger.threshold = 10000 (custom)
2019-10-14 13:00:21,160 [pool-227-thread-1] INFO  server.RaftServerConfigKeys (ConfUtils.java:logGet(43)) - raft.server.snapshot.retention.file.num = 5 (custom)
2019-10-14 13:00:21,160 [pool-227-thread-1] INFO  server.RaftServerConfigKeys (ConfUtils.java:logGet(43)) - raft.server.retrycache.expirytime = 600000ms (custom)
2019-10-14 13:00:21,162 [pool-227-thread-1] INFO  impl.RaftServerImpl (RaftServerImpl.java:start(181)) - 82ffce00-55a6-43cb-a809-ae8d063a0f95@group-65B7ACDCE826: start as a follower, conf=-1: [82ffce00-55a6-43cb-a809-ae8d063a0f95:192.168.151.107:43159], old=null
2019-10-14 13:00:21,162 [pool-227-thread-1] INFO  impl.RaftServerImpl (RaftServerImpl.java:setRole(170)) - 82ffce00-55a6-43cb-a809-ae8d063a0f95@group-65B7ACDCE826: changes role from      null to FOLLOWER at term 0 for startAsFollower
2019-10-14 13:00:21,162 [IPC Server handler 4 on 45723] INFO  net.NetworkTopology (NetworkTopologyImpl.java:add(111)) - Added a new node: /default-rack/7a4de56c-1214-4d1e-9522-9092a7b30755
2019-10-14 13:00:21,162 [pool-227-thread-1] INFO  impl.RoleInfo (RoleInfo.java:updateAndGet(143)) - 82ffce00-55a6-43cb-a809-ae8d063a0f95: start FollowerState
2019-10-14 13:00:21,163 [IPC Server handler 4 on 45723] INFO  node.SCMNodeManager (SCMNodeManager.java:register(268)) - Registered Data node : 7a4de56c-1214-4d1e-9522-9092a7b30755{ip: 192.168.151.107, host: pr-hdds-2299-hlwdq-549545603, networkLocation: /default-rack, certSerialId: null}
2019-10-14 13:00:21,163 [pool-227-thread-1] INFO  util.JmxRegister (JmxRegister.java:tryRegister(44)) - Successfully registered JMX Bean with object name Ratis:service=RaftServer,group=group-65B7ACDCE826,id=82ffce00-55a6-43cb-a809-ae8d063a0f95
2019-10-14 13:00:21,167 [RatisPipelineUtilsThread] INFO  pipeline.PipelineStateManager (PipelineStateManager.java:addPipeline(56)) - Created pipeline Pipeline[ Id: ad44f9a1-f520-40a3-bbd9-65b7acdce826, Nodes: 82ffce00-55a6-43cb-a809-ae8d063a0f95{ip: 192.168.151.107, host: pr-hdds-2299-hlwdq-549545603, networkLocation: /default-rack, certSerialId: null}, Type:RATIS, Factor:ONE, State:OPEN]
2019-10-14 13:00:21,177 [grpc-default-executor-2] INFO  impl.RaftServerProxy (RaftServerProxy.java:addNew(89)) - 7a4de56c-1214-4d1e-9522-9092a7b30755: addNew group-9C429AE53DE3:[7a4de56c-1214-4d1e-9522-9092a7b30755:192.168.151.107:38444] returns group-9C429AE53DE3:java.util.concurrent.CompletableFuture@47f0630a[Not completed]
2019-10-14 13:00:21,178 [pool-237-thread-1] INFO  impl.RaftServerImpl (RaftServerImpl.java:<init>(95)) - 7a4de56c-1214-4d1e-9522-9092a7b30755: new RaftServerImpl for group-9C429AE53DE3:[7a4de56c-1214-4d1e-9522-9092a7b30755:192.168.151.107:38444] with ContainerStateMachine:uninitialized
2019-10-14 13:00:21,179 [pool-237-thread-1] INFO  server.RaftServerConfigKeys (ConfUtils.java:logGet(43)) - raft.server.rpc.timeout.min = 5s (custom)
2019-10-14 13:00:21,179 [pool-237-thread-1] INFO  server.RaftServerConfigKeys (ConfUtils.java:logGet(43)) - raft.server.rpc.timeout.max = 5200ms (custom)
2019-10-14 13:00:21,179 [pool-237-thread-1] INFO  server.RaftServerConfigKeys (ConfUtils.java:logGet(43)) - raft.server.rpcslowness.timeout = 120s (custom)
2019-10-14 13:00:21,179 [pool-237-thread-1] INFO  server.RaftServerConfigKeys (ConfUtils.java:logGet(43)) - raft.server.sleep.deviation.threshold = 300 (default)
2019-10-14 13:00:21,179 [pool-237-thread-1] INFO  server.RaftServerConfigKeys (ConfUtils.java:logGet(43)) - raft.server.log.appender.install.snapshot.enabled = false (custom)
2019-10-14 13:00:21,179 [pool-237-thread-1] INFO  impl.RaftServerImpl (ServerState.java:<init>(103)) - 7a4de56c-1214-4d1e-9522-9092a7b30755@group-9C429AE53DE3: ConfigurationManager, init=-1: [7a4de56c-1214-4d1e-9522-9092a7b30755:192.168.151.107:38444], old=null, confs=<EMPTY_MAP>
2019-10-14 13:00:21,179 [pool-237-thread-1] INFO  server.RaftServerConfigKeys (ConfUtils.java:logGet(43)) - raft.server.storage.dir = [/workdir/hadoop-ozone/integration-test/target/test-dir/MiniOzoneClusterImpl-25d4ef13-1b97-4b93-afc7-b45b15e79a23/datanode-3/data/ratis] (custom)
2019-10-14 13:00:21,179 [pool-237-thread-1] INFO  server.RaftServerConfigKeys (ConfUtils.java:logGet(43)) - raft.server.log.corruption.policy = EXCEPTION (default)
2019-10-14 13:00:21,180 [pool-237-thread-1] INFO  storage.RaftStorageDirectory (RaftStorageDirectory.java:analyzeStorage(246)) - The storage directory /workdir/hadoop-ozone/integration-test/target/test-dir/MiniOzoneClusterImpl-25d4ef13-1b97-4b93-afc7-b45b15e79a23/datanode-3/data/ratis/a7a91267-6823-4ee8-a2d2-9c429ae53de3 does not exist. Creating ...
2019-10-14 13:00:21,193 [pool-237-thread-1] INFO  storage.RaftStorageDirectory (RaftStorageDirectory.java:tryLock(328)) - Lock on /workdir/hadoop-ozone/integration-test/target/test-dir/MiniOzoneClusterImpl-25d4ef13-1b97-4b93-afc7-b45b15e79a23/datanode-3/data/ratis/a7a91267-6823-4ee8-a2d2-9c429ae53de3/in_use.lock acquired by nodename 26042@pr-hdds-2299-hlwdq-549545603
2019-10-14 13:00:21,206 [pool-237-thread-1] INFO  storage.RaftStorage (RaftStorage.java:format(84)) - Storage directory /workdir/hadoop-ozone/integration-test/target/test-dir/MiniOzoneClusterImpl-25d4ef13-1b97-4b93-afc7-b45b15e79a23/datanode-3/data/ratis/a7a91267-6823-4ee8-a2d2-9c429ae53de3 has been successfully formatted.
2019-10-14 13:00:21,206 [pool-237-thread-1] INFO  ratis.ContainerStateMachine (ContainerStateMachine.java:loadSnapshot(231)) - group-9C429AE53DE3: The snapshot info is null. Setting the last applied indexto:(t:0, i:~)
2019-10-14 13:00:21,206 [pool-237-thread-1] INFO  server.RaftServerConfigKeys (ConfUtils.java:logGet(43)) - raft.server.notification.no-leader.timeout = 120s (custom)
2019-10-14 13:00:21,206 [pool-237-thread-1] INFO  server.RaftServerConfigKeys (ConfUtils.java:logGet(43)) - raft.server.log.use.memory = false (default)
2019-10-14 13:00:21,207 [pool-237-thread-1] INFO  server.RaftServerConfigKeys (ConfUtils.java:logGet(43)) - raft.server.log.purge.gap = 1000000 (custom)
2019-10-14 13:00:21,207 [pool-237-thread-1] INFO  server.RaftServerConfigKeys (ConfUtils.java:logGet(43)) - raft.server.log.appender.buffer.byte-limit = 33554432 (custom)
2019-10-14 13:00:21,207 [pool-237-thread-1] INFO  server.RaftServerConfigKeys (ConfUtils.java:logGet(43)) - raft.server.log.segment.size.max = 1048576 (custom)
2019-10-14 13:00:21,208 [pool-237-thread-1] INFO  server.RaftServerConfigKeys (ConfUtils.java:logGet(43)) - raft.server.log.segment.cache.num.max = 2 (custom)
2019-10-14 13:00:21,209 [pool-237-thread-1] INFO  segmented.SegmentedRaftLogWorker (SegmentedRaftLogWorker.java:<init>(173)) - new 7a4de56c-1214-4d1e-9522-9092a7b30755@group-9C429AE53DE3-SegmentedRaftLogWorker for RaftStorage:Storage Directory /workdir/hadoop-ozone/integration-test/target/test-dir/MiniOzoneClusterImpl-25d4ef13-1b97-4b93-afc7-b45b15e79a23/datanode-3/data/ratis/a7a91267-6823-4ee8-a2d2-9c429ae53de3
2019-10-14 13:00:21,209 [pool-237-thread-1] INFO  server.RaftServerConfigKeys (ConfUtils.java:logGet(43)) - raft.server.log.queue.byte-limit = 2147483647 (custom)
2019-10-14 13:00:21,209 [pool-237-thread-1] INFO  server.RaftServerConfigKeys (ConfUtils.java:logGet(43)) - raft.server.log.queue.element-limit = 1024 (custom)
2019-10-14 13:00:21,209 [pool-237-thread-1] INFO  server.RaftServerConfigKeys (ConfUtils.java:logGet(43)) - raft.server.log.segment.size.max = 1048576 (custom)
2019-10-14 13:00:21,209 [pool-237-thread-1] INFO  server.RaftServerConfigKeys (ConfUtils.java:logGet(43)) - raft.server.log.preallocated.size = 16384 (custom)
2019-10-14 13:00:21,209 [pool-237-thread-1] INFO  server.RaftServerConfigKeys (ConfUtils.java:logGet(43)) - raft.server.log.write.buffer.size = 33554432 (custom)
2019-10-14 13:00:21,209 [pool-237-thread-1] INFO  server.RaftServerConfigKeys (ConfUtils.java:logGet(43)) - raft.server.log.force.sync.num = 128 (default)
2019-10-14 13:00:21,209 [pool-237-thread-1] INFO  server.RaftServerConfigKeys (ConfUtils.java:logGet(43)) - raft.server.log.statemachine.data.sync = true (default)
2019-10-14 13:00:21,209 [pool-237-thread-1] INFO  server.RaftServerConfigKeys (ConfUtils.java:logGet(43)) - raft.server.log.statemachine.data.sync.timeout = 10s (default)
2019-10-14 13:00:21,210 [pool-237-thread-1] INFO  server.RaftServerConfigKeys (ConfUtils.java:logGet(43)) - raft.server.log.statemachine.data.sync.timeout.retry = -1 (default)
2019-10-14 13:00:21,210 [pool-237-thread-1] INFO  server.RaftServerConfigKeys (ConfUtils.java:logGet(43)) - raft.server.log.statemachine.data.caching.enabled = true (custom)
2019-10-14 13:00:21,210 [pool-237-thread-1] INFO  segmented.SegmentedRaftLogWorker (SegmentedRaftLogWorker.java:lambda$new$0(128)) - 7a4de56c-1214-4d1e-9522-9092a7b30755@group-9C429AE53DE3-SegmentedRaftLogWorker: flushIndex: setUnconditionally 0 -> -1
2019-10-14 13:00:21,210 [pool-237-thread-1] INFO  server.RaftServerConfigKeys (ConfUtils.java:logGet(43)) - raft.server.snapshot.auto.trigger.enabled = true (custom)
2019-10-14 13:00:21,211 [pool-237-thread-1] INFO  server.RaftServerConfigKeys (ConfUtils.java:logGet(43)) - raft.server.snapshot.auto.trigger.threshold = 10000 (custom)
2019-10-14 13:00:21,211 [pool-237-thread-1] INFO  server.RaftServerConfigKeys (ConfUtils.java:logGet(43)) - raft.server.snapshot.retention.file.num = 5 (custom)
2019-10-14 13:00:21,211 [pool-237-thread-1] INFO  server.RaftServerConfigKeys (ConfUtils.java:logGet(43)) - raft.server.retrycache.expirytime = 600000ms (custom)
2019-10-14 13:00:21,212 [pool-237-thread-1] INFO  impl.RaftServerImpl (RaftServerImpl.java:start(181)) - 7a4de56c-1214-4d1e-9522-9092a7b30755@group-9C429AE53DE3: start as a follower, conf=-1: [7a4de56c-1214-4d1e-9522-9092a7b30755:192.168.151.107:38444], old=null
2019-10-14 13:00:21,213 [pool-237-thread-1] INFO  impl.RaftServerImpl (RaftServerImpl.java:setRole(170)) - 7a4de56c-1214-4d1e-9522-9092a7b30755@group-9C429AE53DE3: changes role from      null to FOLLOWER at term 0 for startAsFollower
2019-10-14 13:00:21,213 [pool-237-thread-1] INFO  impl.RoleInfo (RoleInfo.java:updateAndGet(143)) - 7a4de56c-1214-4d1e-9522-9092a7b30755: start FollowerState
2019-10-14 13:00:21,213 [pool-237-thread-1] INFO  util.JmxRegister (JmxRegister.java:tryRegister(44)) - Successfully registered JMX Bean with object name Ratis:service=RaftServer,group=group-9C429AE53DE3,id=7a4de56c-1214-4d1e-9522-9092a7b30755
2019-10-14 13:00:21,217 [RatisPipelineUtilsThread] INFO  pipeline.PipelineStateManager (PipelineStateManager.java:addPipeline(56)) - Created pipeline Pipeline[ Id: a7a91267-6823-4ee8-a2d2-9c429ae53de3, Nodes: 7a4de56c-1214-4d1e-9522-9092a7b30755{ip: 192.168.151.107, host: pr-hdds-2299-hlwdq-549545603, networkLocation: /default-rack, certSerialId: null}, Type:RATIS, Factor:ONE, State:OPEN]
2019-10-14 13:00:21,227 [grpc-default-executor-4] INFO  impl.RaftServerProxy (RaftServerProxy.java:addNew(89)) - 3f353dff-fbf1-45e1-b8dc-90047666ac7f: addNew group-FDD512E035A0:[1da6bb09-916d-4199-b6ac-9e9059830af0:192.168.151.107:39723, 82ffce00-55a6-43cb-a809-ae8d063a0f95:192.168.151.107:43159, 3f353dff-fbf1-45e1-b8dc-90047666ac7f:192.168.151.107:44834] returns group-FDD512E035A0:java.util.concurrent.CompletableFuture@3d80fdc1[Not completed]
2019-10-14 13:00:21,227 [grpc-default-executor-2] INFO  impl.RaftServerProxy (RaftServerProxy.java:addNew(89)) - 82ffce00-55a6-43cb-a809-ae8d063a0f95: addNew group-FDD512E035A0:[1da6bb09-916d-4199-b6ac-9e9059830af0:192.168.151.107:39723, 82ffce00-55a6-43cb-a809-ae8d063a0f95:192.168.151.107:43159, 3f353dff-fbf1-45e1-b8dc-90047666ac7f:192.168.151.107:44834] returns group-FDD512E035A0:java.util.concurrent.CompletableFuture@454dc1fc[Not completed]
2019-10-14 13:00:21,227 [grpc-default-executor-1] INFO  impl.RaftServerProxy (RaftServerProxy.java:addNew(89)) - 1da6bb09-916d-4199-b6ac-9e9059830af0: addNew group-FDD512E035A0:[1da6bb09-916d-4199-b6ac-9e9059830af0:192.168.151.107:39723, 82ffce00-55a6-43cb-a809-ae8d063a0f95:192.168.151.107:43159, 3f353dff-fbf1-45e1-b8dc-90047666ac7f:192.168.151.107:44834] returns group-FDD512E035A0:java.util.concurrent.CompletableFuture@498e449d[Not completed]
2019-10-14 13:00:21,228 [pool-207-thread-1] INFO  impl.RaftServerImpl (RaftServerImpl.java:<init>(95)) - 3f353dff-fbf1-45e1-b8dc-90047666ac7f: new RaftServerImpl for group-FDD512E035A0:[1da6bb09-916d-4199-b6ac-9e9059830af0:192.168.151.107:39723, 82ffce00-55a6-43cb-a809-ae8d063a0f95:192.168.151.107:43159, 3f353dff-fbf1-45e1-b8dc-90047666ac7f:192.168.151.107:44834] with ContainerStateMachine:uninitialized
2019-10-14 13:00:21,228 [pool-207-thread-1] INFO  server.RaftServerConfigKeys (ConfUtils.java:logGet(43)) - raft.server.rpc.timeout.min = 5s (custom)
2019-10-14 13:00:21,228 [pool-207-thread-1] INFO  server.RaftServerConfigKeys (ConfUtils.java:logGet(43)) - raft.server.rpc.timeout.max = 5200ms (custom)
2019-10-14 13:00:21,228 [pool-207-thread-1] INFO  server.RaftServerConfigKeys (ConfUtils.java:logGet(43)) - raft.server.rpcslowness.timeout = 120s (custom)
2019-10-14 13:00:21,228 [pool-207-thread-1] INFO  server.RaftServerConfigKeys (ConfUtils.java:logGet(43)) - raft.server.sleep.deviation.threshold = 300 (default)
2019-10-14 13:00:21,228 [pool-227-thread-1] INFO  impl.RaftServerImpl (RaftServerImpl.java:<init>(95)) - 82ffce00-55a6-43cb-a809-ae8d063a0f95: new RaftServerImpl for group-FDD512E035A0:[1da6bb09-916d-4199-b6ac-9e9059830af0:192.168.151.107:39723, 82ffce00-55a6-43cb-a809-ae8d063a0f95:192.168.151.107:43159, 3f353dff-fbf1-45e1-b8dc-90047666ac7f:192.168.151.107:44834] with ContainerStateMachine:uninitialized
2019-10-14 13:00:21,228 [pool-207-thread-1] INFO  server.RaftServerConfigKeys (ConfUtils.java:logGet(43)) - raft.server.log.appender.install.snapshot.enabled = false (custom)
2019-10-14 13:00:21,228 [pool-227-thread-1] INFO  server.RaftServerConfigKeys (ConfUtils.java:logGet(43)) - raft.server.rpc.timeout.min = 5s (custom)
2019-10-14 13:00:21,228 [pool-207-thread-1] INFO  impl.RaftServerImpl (ServerState.java:<init>(103)) - 3f353dff-fbf1-45e1-b8dc-90047666ac7f@group-FDD512E035A0: ConfigurationManager, init=-1: [1da6bb09-916d-4199-b6ac-9e9059830af0:192.168.151.107:39723, 82ffce00-55a6-43cb-a809-ae8d063a0f95:192.168.151.107:43159, 3f353dff-fbf1-45e1-b8dc-90047666ac7f:192.168.151.107:44834], old=null, confs=<EMPTY_MAP>
2019-10-14 13:00:21,228 [IPC Server handler 7 on 45723] INFO  net.NetworkTopology (NetworkTopologyImpl.java:add(111)) - Added a new node: /default-rack/644ed2c9-5711-47af-adb7-dab428ebce56
2019-10-14 13:00:21,229 [pool-207-thread-1] INFO  server.RaftServerConfigKeys (ConfUtils.java:logGet(43)) - raft.server.storage.dir = [/workdir/hadoop-ozone/integration-test/target/test-dir/MiniOzoneClusterImpl-25d4ef13-1b97-4b93-afc7-b45b15e79a23/datanode-0/data/ratis] (custom)
2019-10-14 13:00:21,228 [pool-227-thread-1] INFO  server.RaftServerConfigKeys (ConfUtils.java:logGet(43)) - raft.server.rpc.timeout.max = 5200ms (custom)
2019-10-14 13:00:21,229 [IPC Server handler 7 on 45723] INFO  node.SCMNodeManager (SCMNodeManager.java:register(268)) - Registered Data node : 644ed2c9-5711-47af-adb7-dab428ebce56{ip: 192.168.151.107, host: pr-hdds-2299-hlwdq-549545603, networkLocation: /default-rack, certSerialId: null}
2019-10-14 13:00:21,229 [pool-207-thread-1] INFO  server.RaftServerConfigKeys (ConfUtils.java:logGet(43)) - raft.server.log.corruption.policy = EXCEPTION (default)
2019-10-14 13:00:21,229 [pool-227-thread-1] INFO  server.RaftServerConfigKeys (ConfUtils.java:logGet(43)) - raft.server.rpcslowness.timeout = 120s (custom)
2019-10-14 13:00:21,229 [pool-207-thread-1] INFO  storage.RaftStorageDirectory (RaftStorageDirectory.java:analyzeStorage(246)) - The storage directory /workdir/hadoop-ozone/integration-test/target/test-dir/MiniOzoneClusterImpl-25d4ef13-1b97-4b93-afc7-b45b15e79a23/datanode-0/data/ratis/9ea1b952-6fba-4b06-9ca2-fdd512e035a0 does not exist. Creating ...
2019-10-14 13:00:21,229 [pool-227-thread-1] INFO  server.RaftServerConfigKeys (ConfUtils.java:logGet(43)) - raft.server.sleep.deviation.threshold = 300 (default)
2019-10-14 13:00:21,229 [pool-217-thread-1] INFO  impl.RaftServerImpl (RaftServerImpl.java:<init>(95)) - 1da6bb09-916d-4199-b6ac-9e9059830af0: new RaftServerImpl for group-FDD512E035A0:[1da6bb09-916d-4199-b6ac-9e9059830af0:192.168.151.107:39723, 82ffce00-55a6-43cb-a809-ae8d063a0f95:192.168.151.107:43159, 3f353dff-fbf1-45e1-b8dc-90047666ac7f:192.168.151.107:44834] with ContainerStateMachine:uninitialized
2019-10-14 13:00:21,229 [pool-227-thread-1] INFO  server.RaftServerConfigKeys (ConfUtils.java:logGet(43)) - raft.server.log.appender.install.snapshot.enabled = false (custom)
2019-10-14 13:00:21,230 [pool-217-thread-1] INFO  server.RaftServerConfigKeys (ConfUtils.java:logGet(43)) - raft.server.rpc.timeout.min = 5s (custom)
2019-10-14 13:00:21,230 [pool-227-thread-1] INFO  impl.RaftServerImpl (ServerState.java:<init>(103)) - 82ffce00-55a6-43cb-a809-ae8d063a0f95@group-FDD512E035A0: ConfigurationManager, init=-1: [1da6bb09-916d-4199-b6ac-9e9059830af0:192.168.151.107:39723, 82ffce00-55a6-43cb-a809-ae8d063a0f95:192.168.151.107:43159, 3f353dff-fbf1-45e1-b8dc-90047666ac7f:192.168.151.107:44834], old=null, confs=<EMPTY_MAP>
2019-10-14 13:00:21,230 [pool-217-thread-1] INFO  server.RaftServerConfigKeys (ConfUtils.java:logGet(43)) - raft.server.rpc.timeout.max = 5200ms (custom)
2019-10-14 13:00:21,230 [pool-227-thread-1] INFO  server.RaftServerConfigKeys (ConfUtils.java:logGet(43)) - raft.server.storage.dir = [/workdir/hadoop-ozone/integration-test/target/test-dir/MiniOzoneClusterImpl-25d4ef13-1b97-4b93-afc7-b45b15e79a23/datanode-2/data/ratis] (custom)
2019-10-14 13:00:21,230 [pool-217-thread-1] INFO  server.RaftServerConfigKeys (ConfUtils.java:logGet(43)) - raft.server.rpcslowness.timeout = 120s (custom)
2019-10-14 13:00:21,230 [pool-227-thread-1] INFO  server.RaftServerConfigKeys (ConfUtils.java:logGet(43)) - raft.server.log.corruption.policy = EXCEPTION (default)
2019-10-14 13:00:21,230 [pool-217-thread-1] INFO  server.RaftServerConfigKeys (ConfUtils.java:logGet(43)) - raft.server.sleep.deviation.threshold = 300 (default)
2019-10-14 13:00:21,230 [pool-227-thread-1] INFO  storage.RaftStorageDirectory (RaftStorageDirectory.java:analyzeStorage(246)) - The storage directory /workdir/hadoop-ozone/integration-test/target/test-dir/MiniOzoneClusterImpl-25d4ef13-1b97-4b93-afc7-b45b15e79a23/datanode-2/data/ratis/9ea1b952-6fba-4b06-9ca2-fdd512e035a0 does not exist. Creating ...
2019-10-14 13:00:21,230 [pool-217-thread-1] INFO  server.RaftServerConfigKeys (ConfUtils.java:logGet(43)) - raft.server.log.appender.install.snapshot.enabled = false (custom)
2019-10-14 13:00:21,231 [pool-217-thread-1] INFO  impl.RaftServerImpl (ServerState.java:<init>(103)) - 1da6bb09-916d-4199-b6ac-9e9059830af0@group-FDD512E035A0: ConfigurationManager, init=-1: [1da6bb09-916d-4199-b6ac-9e9059830af0:192.168.151.107:39723, 82ffce00-55a6-43cb-a809-ae8d063a0f95:192.168.151.107:43159, 3f353dff-fbf1-45e1-b8dc-90047666ac7f:192.168.151.107:44834], old=null, confs=<EMPTY_MAP>
2019-10-14 13:00:21,231 [pool-217-thread-1] INFO  server.RaftServerConfigKeys (ConfUtils.java:logGet(43)) - raft.server.storage.dir = [/workdir/hadoop-ozone/integration-test/target/test-dir/MiniOzoneClusterImpl-25d4ef13-1b97-4b93-afc7-b45b15e79a23/datanode-1/data/ratis] (custom)
2019-10-14 13:00:21,232 [pool-217-thread-1] INFO  server.RaftServerConfigKeys (ConfUtils.java:logGet(43)) - raft.server.log.corruption.policy = EXCEPTION (default)
2019-10-14 13:00:21,232 [pool-217-thread-1] INFO  storage.RaftStorageDirectory (RaftStorageDirectory.java:analyzeStorage(246)) - The storage directory /workdir/hadoop-ozone/integration-test/target/test-dir/MiniOzoneClusterImpl-25d4ef13-1b97-4b93-afc7-b45b15e79a23/datanode-1/data/ratis/9ea1b952-6fba-4b06-9ca2-fdd512e035a0 does not exist. Creating ...
2019-10-14 13:00:21,243 [pool-227-thread-1] INFO  storage.RaftStorageDirectory (RaftStorageDirectory.java:tryLock(328)) - Lock on /workdir/hadoop-ozone/integration-test/target/test-dir/MiniOzoneClusterImpl-25d4ef13-1b97-4b93-afc7-b45b15e79a23/datanode-2/data/ratis/9ea1b952-6fba-4b06-9ca2-fdd512e035a0/in_use.lock acquired by nodename 26042@pr-hdds-2299-hlwdq-549545603
2019-10-14 13:00:21,243 [pool-217-thread-1] INFO  storage.RaftStorageDirectory (RaftStorageDirectory.java:tryLock(328)) - Lock on /workdir/hadoop-ozone/integration-test/target/test-dir/MiniOzoneClusterImpl-25d4ef13-1b97-4b93-afc7-b45b15e79a23/datanode-1/data/ratis/9ea1b952-6fba-4b06-9ca2-fdd512e035a0/in_use.lock acquired by nodename 26042@pr-hdds-2299-hlwdq-549545603
2019-10-14 13:00:21,243 [pool-207-thread-1] INFO  storage.RaftStorageDirectory (RaftStorageDirectory.java:tryLock(328)) - Lock on /workdir/hadoop-ozone/integration-test/target/test-dir/MiniOzoneClusterImpl-25d4ef13-1b97-4b93-afc7-b45b15e79a23/datanode-0/data/ratis/9ea1b952-6fba-4b06-9ca2-fdd512e035a0/in_use.lock acquired by nodename 26042@pr-hdds-2299-hlwdq-549545603
2019-10-14 13:00:21,256 [pool-207-thread-1] INFO  storage.RaftStorage (RaftStorage.java:format(84)) - Storage directory /workdir/hadoop-ozone/integration-test/target/test-dir/MiniOzoneClusterImpl-25d4ef13-1b97-4b93-afc7-b45b15e79a23/datanode-0/data/ratis/9ea1b952-6fba-4b06-9ca2-fdd512e035a0 has been successfully formatted.
2019-10-14 13:00:21,257 [pool-217-thread-1] INFO  storage.RaftStorage (RaftStorage.java:format(84)) - Storage directory /workdir/hadoop-ozone/integration-test/target/test-dir/MiniOzoneClusterImpl-25d4ef13-1b97-4b93-afc7-b45b15e79a23/datanode-1/data/ratis/9ea1b952-6fba-4b06-9ca2-fdd512e035a0 has been successfully formatted.
2019-10-14 13:00:21,256 [pool-227-thread-1] INFO  storage.RaftStorage (RaftStorage.java:format(84)) - Storage directory /workdir/hadoop-ozone/integration-test/target/test-dir/MiniOzoneClusterImpl-25d4ef13-1b97-4b93-afc7-b45b15e79a23/datanode-2/data/ratis/9ea1b952-6fba-4b06-9ca2-fdd512e035a0 has been successfully formatted.
2019-10-14 13:00:21,257 [pool-207-thread-1] INFO  ratis.ContainerStateMachine (ContainerStateMachine.java:loadSnapshot(231)) - group-FDD512E035A0: The snapshot info is null. Setting the last applied indexto:(t:0, i:~)
2019-10-14 13:00:21,257 [pool-217-thread-1] INFO  ratis.ContainerStateMachine (ContainerStateMachine.java:loadSnapshot(231)) - group-FDD512E035A0: The snapshot info is null. Setting the last applied indexto:(t:0, i:~)
2019-10-14 13:00:21,257 [pool-227-thread-1] INFO  ratis.ContainerStateMachine (ContainerStateMachine.java:loadSnapshot(231)) - group-FDD512E035A0: The snapshot info is null. Setting the last applied indexto:(t:0, i:~)
2019-10-14 13:00:21,257 [pool-217-thread-1] INFO  server.RaftServerConfigKeys (ConfUtils.java:logGet(43)) - raft.server.notification.no-leader.timeout = 120s (custom)
2019-10-14 13:00:21,257 [pool-207-thread-1] INFO  server.RaftServerConfigKeys (ConfUtils.java:logGet(43)) - raft.server.notification.no-leader.timeout = 120s (custom)
2019-10-14 13:00:21,257 [pool-217-thread-1] INFO  server.RaftServerConfigKeys (ConfUtils.java:logGet(43)) - raft.server.log.use.memory = false (default)
2019-10-14 13:00:21,257 [pool-227-thread-1] INFO  server.RaftServerConfigKeys (ConfUtils.java:logGet(43)) - raft.server.notification.no-leader.timeout = 120s (custom)
2019-10-14 13:00:21,258 [pool-217-thread-1] INFO  server.RaftServerConfigKeys (ConfUtils.java:logGet(43)) - raft.server.log.purge.gap = 1000000 (custom)
2019-10-14 13:00:21,258 [pool-207-thread-1] INFO  server.RaftServerConfigKeys (ConfUtils.java:logGet(43)) - raft.server.log.use.memory = false (default)
2019-10-14 13:00:21,258 [pool-217-thread-1] INFO  server.RaftServerConfigKeys (ConfUtils.java:logGet(43)) - raft.server.log.appender.buffer.byte-limit = 33554432 (custom)
2019-10-14 13:00:21,258 [pool-227-thread-1] INFO  server.RaftServerConfigKeys (ConfUtils.java:logGet(43)) - raft.server.log.use.memory = false (default)
2019-10-14 13:00:21,258 [pool-217-thread-1] INFO  server.RaftServerConfigKeys (ConfUtils.java:logGet(43)) - raft.server.log.segment.size.max = 1048576 (custom)
2019-10-14 13:00:21,258 [pool-207-thread-1] INFO  server.RaftServerConfigKeys (ConfUtils.java:logGet(43)) - raft.server.log.purge.gap = 1000000 (custom)
2019-10-14 13:00:21,258 [pool-217-thread-1] INFO  server.RaftServerConfigKeys (ConfUtils.java:logGet(43)) - raft.server.log.segment.cache.num.max = 2 (custom)
2019-10-14 13:00:21,258 [pool-227-thread-1] INFO  server.RaftServerConfigKeys (ConfUtils.java:logGet(43)) - raft.server.log.purge.gap = 1000000 (custom)
2019-10-14 13:00:21,259 [pool-217-thread-1] INFO  segmented.SegmentedRaftLogWorker (SegmentedRaftLogWorker.java:<init>(173)) - new 1da6bb09-916d-4199-b6ac-9e9059830af0@group-FDD512E035A0-SegmentedRaftLogWorker for RaftStorage:Storage Directory /workdir/hadoop-ozone/integration-test/target/test-dir/MiniOzoneClusterImpl-25d4ef13-1b97-4b93-afc7-b45b15e79a23/datanode-1/data/ratis/9ea1b952-6fba-4b06-9ca2-fdd512e035a0
2019-10-14 13:00:21,258 [pool-207-thread-1] INFO  server.RaftServerConfigKeys (ConfUtils.java:logGet(43)) - raft.server.log.appender.buffer.byte-limit = 33554432 (custom)
2019-10-14 13:00:21,259 [pool-217-thread-1] INFO  server.RaftServerConfigKeys (ConfUtils.java:logGet(43)) - raft.server.log.queue.byte-limit = 2147483647 (custom)
2019-10-14 13:00:21,259 [pool-227-thread-1] INFO  server.RaftServerConfigKeys (ConfUtils.java:logGet(43)) - raft.server.log.appender.buffer.byte-limit = 33554432 (custom)
2019-10-14 13:00:21,259 [pool-217-thread-1] INFO  server.RaftServerConfigKeys (ConfUtils.java:logGet(43)) - raft.server.log.queue.element-limit = 1024 (custom)
2019-10-14 13:00:21,259 [pool-207-thread-1] INFO  server.RaftServerConfigKeys (ConfUtils.java:logGet(43)) - raft.server.log.segment.size.max = 1048576 (custom)
2019-10-14 13:00:21,259 [pool-217-thread-1] INFO  server.RaftServerConfigKeys (ConfUtils.java:logGet(43)) - raft.server.log.segment.size.max = 1048576 (custom)
2019-10-14 13:00:21,259 [pool-227-thread-1] INFO  server.RaftServerConfigKeys (ConfUtils.java:logGet(43)) - raft.server.log.segment.size.max = 1048576 (custom)
2019-10-14 13:00:21,260 [pool-217-thread-1] INFO  server.RaftServerConfigKeys (ConfUtils.java:logGet(43)) - raft.server.log.preallocated.size = 16384 (custom)
2019-10-14 13:00:21,259 [pool-207-thread-1] INFO  server.RaftServerConfigKeys (ConfUtils.java:logGet(43)) - raft.server.log.segment.cache.num.max = 2 (custom)
2019-10-14 13:00:21,260 [pool-217-thread-1] INFO  server.RaftServerConfigKeys (ConfUtils.java:logGet(43)) - raft.server.log.write.buffer.size = 33554432 (custom)
2019-10-14 13:00:21,260 [pool-217-thread-1] INFO  server.RaftServerConfigKeys (ConfUtils.java:logGet(43)) - raft.server.log.force.sync.num = 128 (default)
2019-10-14 13:00:21,260 [pool-227-thread-1] INFO  server.RaftServerConfigKeys (ConfUtils.java:logGet(43)) - raft.server.log.segment.cache.num.max = 2 (custom)
2019-10-14 13:00:21,260 [pool-217-thread-1] INFO  server.RaftServerConfigKeys (ConfUtils.java:logGet(43)) - raft.server.log.statemachine.data.sync = true (default)
2019-10-14 13:00:21,260 [pool-207-thread-1] INFO  segmented.SegmentedRaftLogWorker (SegmentedRaftLogWorker.java:<init>(173)) - new 3f353dff-fbf1-45e1-b8dc-90047666ac7f@group-FDD512E035A0-SegmentedRaftLogWorker for RaftStorage:Storage Directory /workdir/hadoop-ozone/integration-test/target/test-dir/MiniOzoneClusterImpl-25d4ef13-1b97-4b93-afc7-b45b15e79a23/datanode-0/data/ratis/9ea1b952-6fba-4b06-9ca2-fdd512e035a0
2019-10-14 13:00:21,260 [pool-217-thread-1] INFO  server.RaftServerConfigKeys (ConfUtils.java:logGet(43)) - raft.server.log.statemachine.data.sync.timeout = 10s (default)
2019-10-14 13:00:21,260 [pool-227-thread-1] INFO  segmented.SegmentedRaftLogWorker (SegmentedRaftLogWorker.java:<init>(173)) - new 82ffce00-55a6-43cb-a809-ae8d063a0f95@group-FDD512E035A0-SegmentedRaftLogWorker for RaftStorage:Storage Directory /workdir/hadoop-ozone/integration-test/target/test-dir/MiniOzoneClusterImpl-25d4ef13-1b97-4b93-afc7-b45b15e79a23/datanode-2/data/ratis/9ea1b952-6fba-4b06-9ca2-fdd512e035a0
2019-10-14 13:00:21,261 [pool-217-thread-1] INFO  server.RaftServerConfigKeys (ConfUtils.java:logGet(43)) - raft.server.log.statemachine.data.sync.timeout.retry = -1 (default)
2019-10-14 13:00:21,261 [pool-207-thread-1] INFO  server.RaftServerConfigKeys (ConfUtils.java:logGet(43)) - raft.server.log.queue.byte-limit = 2147483647 (custom)
2019-10-14 13:00:21,261 [pool-227-thread-1] INFO  server.RaftServerConfigKeys (ConfUtils.java:logGet(43)) - raft.server.log.queue.byte-limit = 2147483647 (custom)
2019-10-14 13:00:21,261 [pool-217-thread-1] INFO  server.RaftServerConfigKeys (ConfUtils.java:logGet(43)) - raft.server.log.statemachine.data.caching.enabled = true (custom)
2019-10-14 13:00:21,261 [pool-207-thread-1] INFO  server.RaftServerConfigKeys (ConfUtils.java:logGet(43)) - raft.server.log.queue.element-limit = 1024 (custom)
2019-10-14 13:00:21,261 [pool-227-thread-1] INFO  server.RaftServerConfigKeys (ConfUtils.java:logGet(43)) - raft.server.log.queue.element-limit = 1024 (custom)
2019-10-14 13:00:21,261 [pool-207-thread-1] INFO  server.RaftServerConfigKeys (ConfUtils.java:logGet(43)) - raft.server.log.segment.size.max = 1048576 (custom)
2019-10-14 13:00:21,261 [pool-217-thread-1] INFO  segmented.SegmentedRaftLogWorker (SegmentedRaftLogWorker.java:lambda$new$0(128)) - 1da6bb09-916d-4199-b6ac-9e9059830af0@group-FDD512E035A0-SegmentedRaftLogWorker: flushIndex: setUnconditionally 0 -> -1
2019-10-14 13:00:21,261 [pool-227-thread-1] INFO  server.RaftServerConfigKeys (ConfUtils.java:logGet(43)) - raft.server.log.segment.size.max = 1048576 (custom)
2019-10-14 13:00:21,261 [pool-207-thread-1] INFO  server.RaftServerConfigKeys (ConfUtils.java:logGet(43)) - raft.server.log.preallocated.size = 16384 (custom)
2019-10-14 13:00:21,262 [pool-227-thread-1] INFO  server.RaftServerConfigKeys (ConfUtils.java:logGet(43)) - raft.server.log.preallocated.size = 16384 (custom)
2019-10-14 13:00:21,262 [pool-217-thread-1] INFO  server.RaftServerConfigKeys (ConfUtils.java:logGet(43)) - raft.server.snapshot.auto.trigger.enabled = true (custom)
2019-10-14 13:00:21,262 [pool-207-thread-1] INFO  server.RaftServerConfigKeys (ConfUtils.java:logGet(43)) - raft.server.log.write.buffer.size = 33554432 (custom)
2019-10-14 13:00:21,262 [pool-217-thread-1] INFO  server.RaftServerConfigKeys (ConfUtils.java:logGet(43)) - raft.server.snapshot.auto.trigger.threshold = 10000 (custom)
2019-10-14 13:00:21,262 [pool-227-thread-1] INFO  server.RaftServerConfigKeys (ConfUtils.java:logGet(43)) - raft.server.log.write.buffer.size = 33554432 (custom)
2019-10-14 13:00:21,262 [pool-217-thread-1] INFO  server.RaftServerConfigKeys (ConfUtils.java:logGet(43)) - raft.server.snapshot.retention.file.num = 5 (custom)
2019-10-14 13:00:21,262 [pool-207-thread-1] INFO  server.RaftServerConfigKeys (ConfUtils.java:logGet(43)) - raft.server.log.force.sync.num = 128 (default)
2019-10-14 13:00:21,263 [pool-217-thread-1] INFO  server.RaftServerConfigKeys (ConfUtils.java:logGet(43)) - raft.server.retrycache.expirytime = 600000ms (custom)
2019-10-14 13:00:21,262 [pool-227-thread-1] INFO  server.RaftServerConfigKeys (ConfUtils.java:logGet(43)) - raft.server.log.force.sync.num = 128 (default)
2019-10-14 13:00:21,263 [pool-207-thread-1] INFO  server.RaftServerConfigKeys (ConfUtils.java:logGet(43)) - raft.server.log.statemachine.data.sync = true (default)
2019-10-14 13:00:21,263 [pool-227-thread-1] INFO  server.RaftServerConfigKeys (ConfUtils.java:logGet(43)) - raft.server.log.statemachine.data.sync = true (default)
2019-10-14 13:00:21,263 [pool-207-thread-1] INFO  server.RaftServerConfigKeys (ConfUtils.java:logGet(43)) - raft.server.log.statemachine.data.sync.timeout = 10s (default)
2019-10-14 13:00:21,263 [pool-227-thread-1] INFO  server.RaftServerConfigKeys (ConfUtils.java:logGet(43)) - raft.server.log.statemachine.data.sync.timeout = 10s (default)
2019-10-14 13:00:21,263 [pool-207-thread-1] INFO  server.RaftServerConfigKeys (ConfUtils.java:logGet(43)) - raft.server.log.statemachine.data.sync.timeout.retry = -1 (default)
2019-10-14 13:00:21,263 [pool-227-thread-1] INFO  server.RaftServerConfigKeys (ConfUtils.java:logGet(43)) - raft.server.log.statemachine.data.sync.timeout.retry = -1 (default)
2019-10-14 13:00:21,263 [pool-207-thread-1] INFO  server.RaftServerConfigKeys (ConfUtils.java:logGet(43)) - raft.server.log.statemachine.data.caching.enabled = true (custom)
2019-10-14 13:00:21,263 [pool-227-thread-1] INFO  server.RaftServerConfigKeys (ConfUtils.java:logGet(43)) - raft.server.log.statemachine.data.caching.enabled = true (custom)
2019-10-14 13:00:21,264 [pool-207-thread-1] INFO  segmented.SegmentedRaftLogWorker (SegmentedRaftLogWorker.java:lambda$new$0(128)) - 3f353dff-fbf1-45e1-b8dc-90047666ac7f@group-FDD512E035A0-SegmentedRaftLogWorker: flushIndex: setUnconditionally 0 -> -1
2019-10-14 13:00:21,264 [pool-227-thread-1] INFO  segmented.SegmentedRaftLogWorker (SegmentedRaftLogWorker.java:lambda$new$0(128)) - 82ffce00-55a6-43cb-a809-ae8d063a0f95@group-FDD512E035A0-SegmentedRaftLogWorker: flushIndex: setUnconditionally 0 -> -1
2019-10-14 13:00:21,264 [pool-207-thread-1] INFO  server.RaftServerConfigKeys (ConfUtils.java:logGet(43)) - raft.server.snapshot.auto.trigger.enabled = true (custom)
2019-10-14 13:00:21,264 [pool-227-thread-1] INFO  server.RaftServerConfigKeys (ConfUtils.java:logGet(43)) - raft.server.snapshot.auto.trigger.enabled = true (custom)
2019-10-14 13:00:21,264 [pool-207-thread-1] INFO  server.RaftServerConfigKeys (ConfUtils.java:logGet(43)) - raft.server.snapshot.auto.trigger.threshold = 10000 (custom)
2019-10-14 13:00:21,264 [pool-227-thread-1] INFO  server.RaftServerConfigKeys (ConfUtils.java:logGet(43)) - raft.server.snapshot.auto.trigger.threshold = 10000 (custom)
2019-10-14 13:00:21,264 [pool-207-thread-1] INFO  server.RaftServerConfigKeys (ConfUtils.java:logGet(43)) - raft.server.snapshot.retention.file.num = 5 (custom)
2019-10-14 13:00:21,264 [pool-227-thread-1] INFO  server.RaftServerConfigKeys (ConfUtils.java:logGet(43)) - raft.server.snapshot.retention.file.num = 5 (custom)
2019-10-14 13:00:21,264 [pool-207-thread-1] INFO  server.RaftServerConfigKeys (ConfUtils.java:logGet(43)) - raft.server.retrycache.expirytime = 600000ms (custom)
2019-10-14 13:00:21,264 [pool-227-thread-1] INFO  server.RaftServerConfigKeys (ConfUtils.java:logGet(43)) - raft.server.retrycache.expirytime = 600000ms (custom)
2019-10-14 13:00:21,266 [pool-217-thread-1] INFO  impl.RaftServerImpl (RaftServerImpl.java:start(181)) - 1da6bb09-916d-4199-b6ac-9e9059830af0@group-FDD512E035A0: start as a follower, conf=-1: [1da6bb09-916d-4199-b6ac-9e9059830af0:192.168.151.107:39723, 82ffce00-55a6-43cb-a809-ae8d063a0f95:192.168.151.107:43159, 3f353dff-fbf1-45e1-b8dc-90047666ac7f:192.168.151.107:44834], old=null
2019-10-14 13:00:21,266 [pool-217-thread-1] INFO  impl.RaftServerImpl (RaftServerImpl.java:setRole(170)) - 1da6bb09-916d-4199-b6ac-9e9059830af0@group-FDD512E035A0: changes role from      null to FOLLOWER at term 0 for startAsFollower
2019-10-14 13:00:21,266 [pool-217-thread-1] INFO  impl.RoleInfo (RoleInfo.java:updateAndGet(143)) - 1da6bb09-916d-4199-b6ac-9e9059830af0: start FollowerState
2019-10-14 13:00:21,266 [pool-217-thread-1] INFO  util.JmxRegister (JmxRegister.java:tryRegister(44)) - Successfully registered JMX Bean with object name Ratis:service=RaftServer,group=group-FDD512E035A0,id=1da6bb09-916d-4199-b6ac-9e9059830af0
2019-10-14 13:00:21,267 [pool-227-thread-1] INFO  impl.RaftServerImpl (RaftServerImpl.java:start(181)) - 82ffce00-55a6-43cb-a809-ae8d063a0f95@group-FDD512E035A0: start as a follower, conf=-1: [1da6bb09-916d-4199-b6ac-9e9059830af0:192.168.151.107:39723, 82ffce00-55a6-43cb-a809-ae8d063a0f95:192.168.151.107:43159, 3f353dff-fbf1-45e1-b8dc-90047666ac7f:192.168.151.107:44834], old=null
2019-10-14 13:00:21,267 [pool-227-thread-1] INFO  impl.RaftServerImpl (RaftServerImpl.java:setRole(170)) - 82ffce00-55a6-43cb-a809-ae8d063a0f95@group-FDD512E035A0: changes role from      null to FOLLOWER at term 0 for startAsFollower
2019-10-14 13:00:21,267 [pool-227-thread-1] INFO  impl.RoleInfo (RoleInfo.java:updateAndGet(143)) - 82ffce00-55a6-43cb-a809-ae8d063a0f95: start FollowerState
2019-10-14 13:00:21,267 [pool-207-thread-1] INFO  impl.RaftServerImpl (RaftServerImpl.java:start(181)) - 3f353dff-fbf1-45e1-b8dc-90047666ac7f@group-FDD512E035A0: start as a follower, conf=-1: [1da6bb09-916d-4199-b6ac-9e9059830af0:192.168.151.107:39723, 82ffce00-55a6-43cb-a809-ae8d063a0f95:192.168.151.107:43159, 3f353dff-fbf1-45e1-b8dc-90047666ac7f:192.168.151.107:44834], old=null
2019-10-14 13:00:21,267 [pool-227-thread-1] INFO  util.JmxRegister (JmxRegister.java:tryRegister(44)) - Successfully registered JMX Bean with object name Ratis:service=RaftServer,group=group-FDD512E035A0,id=82ffce00-55a6-43cb-a809-ae8d063a0f95
2019-10-14 13:00:21,267 [pool-207-thread-1] INFO  impl.RaftServerImpl (RaftServerImpl.java:setRole(170)) - 3f353dff-fbf1-45e1-b8dc-90047666ac7f@group-FDD512E035A0: changes role from      null to FOLLOWER at term 0 for startAsFollower
2019-10-14 13:00:21,268 [pool-207-thread-1] INFO  impl.RoleInfo (RoleInfo.java:updateAndGet(143)) - 3f353dff-fbf1-45e1-b8dc-90047666ac7f: start FollowerState
2019-10-14 13:00:21,268 [pool-207-thread-1] INFO  util.JmxRegister (JmxRegister.java:tryRegister(44)) - Successfully registered JMX Bean with object name Ratis:service=RaftServer,group=group-FDD512E035A0,id=3f353dff-fbf1-45e1-b8dc-90047666ac7f
2019-10-14 13:00:21,273 [RatisPipelineUtilsThread] INFO  pipeline.PipelineStateManager (PipelineStateManager.java:addPipeline(56)) - Created pipeline Pipeline[ Id: 9ea1b952-6fba-4b06-9ca2-fdd512e035a0, Nodes: 1da6bb09-916d-4199-b6ac-9e9059830af0{ip: 192.168.151.107, host: pr-hdds-2299-hlwdq-549545603, networkLocation: /default-rack, certSerialId: null}82ffce00-55a6-43cb-a809-ae8d063a0f95{ip: 192.168.151.107, host: pr-hdds-2299-hlwdq-549545603, networkLocation: /default-rack, certSerialId: null}3f353dff-fbf1-45e1-b8dc-90047666ac7f{ip: 192.168.151.107, host: pr-hdds-2299-hlwdq-549545603, networkLocation: /default-rack, certSerialId: null}, Type:RATIS, Factor:THREE, State:OPEN]
2019-10-14 13:00:21,280 [grpc-default-executor-2] INFO  impl.RaftServerProxy (RaftServerProxy.java:addNew(89)) - 644ed2c9-5711-47af-adb7-dab428ebce56: addNew group-D885780849CB:[644ed2c9-5711-47af-adb7-dab428ebce56:192.168.151.107:44692] returns group-D885780849CB:java.util.concurrent.CompletableFuture@30aafdfa[Not completed]
2019-10-14 13:00:21,281 [pool-247-thread-1] INFO  impl.RaftServerImpl (RaftServerImpl.java:<init>(95)) - 644ed2c9-5711-47af-adb7-dab428ebce56: new RaftServerImpl for group-D885780849CB:[644ed2c9-5711-47af-adb7-dab428ebce56:192.168.151.107:44692] with ContainerStateMachine:uninitialized
2019-10-14 13:00:21,283 [pool-247-thread-1] INFO  server.RaftServerConfigKeys (ConfUtils.java:logGet(43)) - raft.server.rpc.timeout.min = 5s (custom)
2019-10-14 13:00:21,283 [pool-247-thread-1] INFO  server.RaftServerConfigKeys (ConfUtils.java:logGet(43)) - raft.server.rpc.timeout.max = 5200ms (custom)
2019-10-14 13:00:21,283 [pool-247-thread-1] INFO  server.RaftServerConfigKeys (ConfUtils.java:logGet(43)) - raft.server.rpcslowness.timeout = 120s (custom)
2019-10-14 13:00:21,283 [pool-247-thread-1] INFO  server.RaftServerConfigKeys (ConfUtils.java:logGet(43)) - raft.server.sleep.deviation.threshold = 300 (default)
2019-10-14 13:00:21,283 [pool-247-thread-1] INFO  server.RaftServerConfigKeys (ConfUtils.java:logGet(43)) - raft.server.log.appender.install.snapshot.enabled = false (custom)
2019-10-14 13:00:21,283 [pool-247-thread-1] INFO  impl.RaftServerImpl (ServerState.java:<init>(103)) - 644ed2c9-5711-47af-adb7-dab428ebce56@group-D885780849CB: ConfigurationManager, init=-1: [644ed2c9-5711-47af-adb7-dab428ebce56:192.168.151.107:44692], old=null, confs=<EMPTY_MAP>
2019-10-14 13:00:21,283 [pool-247-thread-1] INFO  server.RaftServerConfigKeys (ConfUtils.java:logGet(43)) - raft.server.storage.dir = [/workdir/hadoop-ozone/integration-test/target/test-dir/MiniOzoneClusterImpl-25d4ef13-1b97-4b93-afc7-b45b15e79a23/datanode-4/data/ratis] (custom)
2019-10-14 13:00:21,284 [pool-247-thread-1] INFO  server.RaftServerConfigKeys (ConfUtils.java:logGet(43)) - raft.server.log.corruption.policy = EXCEPTION (default)
2019-10-14 13:00:21,284 [pool-247-thread-1] INFO  storage.RaftStorageDirectory (RaftStorageDirectory.java:analyzeStorage(246)) - The storage directory /workdir/hadoop-ozone/integration-test/target/test-dir/MiniOzoneClusterImpl-25d4ef13-1b97-4b93-afc7-b45b15e79a23/datanode-4/data/ratis/57c26bf9-e301-4631-bed0-d885780849cb does not exist. Creating ...
2019-10-14 13:00:21,292 [IPC Server handler 8 on 45723] INFO  net.NetworkTopology (NetworkTopologyImpl.java:add(111)) - Added a new node: /default-rack/38295e66-f96d-4966-82db-c27c919857a1
2019-10-14 13:00:21,292 [IPC Server handler 8 on 45723] INFO  node.SCMNodeManager (SCMNodeManager.java:register(268)) - Registered Data node : 38295e66-f96d-4966-82db-c27c919857a1{ip: 192.168.151.107, host: pr-hdds-2299-hlwdq-549545603, networkLocation: /default-rack, certSerialId: null}
2019-10-14 13:00:21,297 [pool-247-thread-1] INFO  storage.RaftStorageDirectory (RaftStorageDirectory.java:tryLock(328)) - Lock on /workdir/hadoop-ozone/integration-test/target/test-dir/MiniOzoneClusterImpl-25d4ef13-1b97-4b93-afc7-b45b15e79a23/datanode-4/data/ratis/57c26bf9-e301-4631-bed0-d885780849cb/in_use.lock acquired by nodename 26042@pr-hdds-2299-hlwdq-549545603
2019-10-14 13:00:21,310 [pool-247-thread-1] INFO  storage.RaftStorage (RaftStorage.java:format(84)) - Storage directory /workdir/hadoop-ozone/integration-test/target/test-dir/MiniOzoneClusterImpl-25d4ef13-1b97-4b93-afc7-b45b15e79a23/datanode-4/data/ratis/57c26bf9-e301-4631-bed0-d885780849cb has been successfully formatted.
2019-10-14 13:00:21,310 [pool-247-thread-1] INFO  ratis.ContainerStateMachine (ContainerStateMachine.java:loadSnapshot(231)) - group-D885780849CB: The snapshot info is null. Setting the last applied indexto:(t:0, i:~)
2019-10-14 13:00:21,310 [pool-247-thread-1] INFO  server.RaftServerConfigKeys (ConfUtils.java:logGet(43)) - raft.server.notification.no-leader.timeout = 120s (custom)
2019-10-14 13:00:21,311 [pool-247-thread-1] INFO  server.RaftServerConfigKeys (ConfUtils.java:logGet(43)) - raft.server.log.use.memory = false (default)
2019-10-14 13:00:21,311 [pool-247-thread-1] INFO  server.RaftServerConfigKeys (ConfUtils.java:logGet(43)) - raft.server.log.purge.gap = 1000000 (custom)
2019-10-14 13:00:21,311 [pool-247-thread-1] INFO  server.RaftServerConfigKeys (ConfUtils.java:logGet(43)) - raft.server.log.appender.buffer.byte-limit = 33554432 (custom)
2019-10-14 13:00:21,311 [pool-247-thread-1] INFO  server.RaftServerConfigKeys (ConfUtils.java:logGet(43)) - raft.server.log.segment.size.max = 1048576 (custom)
2019-10-14 13:00:21,313 [pool-247-thread-1] INFO  server.RaftServerConfigKeys (ConfUtils.java:logGet(43)) - raft.server.log.segment.cache.num.max = 2 (custom)
2019-10-14 13:00:21,313 [pool-247-thread-1] INFO  segmented.SegmentedRaftLogWorker (SegmentedRaftLogWorker.java:<init>(173)) - new 644ed2c9-5711-47af-adb7-dab428ebce56@group-D885780849CB-SegmentedRaftLogWorker for RaftStorage:Storage Directory /workdir/hadoop-ozone/integration-test/target/test-dir/MiniOzoneClusterImpl-25d4ef13-1b97-4b93-afc7-b45b15e79a23/datanode-4/data/ratis/57c26bf9-e301-4631-bed0-d885780849cb
2019-10-14 13:00:21,313 [pool-247-thread-1] INFO  server.RaftServerConfigKeys (ConfUtils.java:logGet(43)) - raft.server.log.queue.byte-limit = 2147483647 (custom)
2019-10-14 13:00:21,314 [pool-247-thread-1] INFO  server.RaftServerConfigKeys (ConfUtils.java:logGet(43)) - raft.server.log.queue.element-limit = 1024 (custom)
2019-10-14 13:00:21,314 [pool-247-thread-1] INFO  server.RaftServerConfigKeys (ConfUtils.java:logGet(43)) - raft.server.log.segment.size.max = 1048576 (custom)
2019-10-14 13:00:21,314 [pool-247-thread-1] INFO  server.RaftServerConfigKeys (ConfUtils.java:logGet(43)) - raft.server.log.preallocated.size = 16384 (custom)
2019-10-14 13:00:21,314 [pool-247-thread-1] INFO  server.RaftServerConfigKeys (ConfUtils.java:logGet(43)) - raft.server.log.write.buffer.size = 33554432 (custom)
2019-10-14 13:00:21,314 [pool-247-thread-1] INFO  server.RaftServerConfigKeys (ConfUtils.java:logGet(43)) - raft.server.log.force.sync.num = 128 (default)
2019-10-14 13:00:21,314 [pool-247-thread-1] INFO  server.RaftServerConfigKeys (ConfUtils.java:logGet(43)) - raft.server.log.statemachine.data.sync = true (default)
2019-10-14 13:00:21,314 [pool-247-thread-1] INFO  server.RaftServerConfigKeys (ConfUtils.java:logGet(43)) - raft.server.log.statemachine.data.sync.timeout = 10s (default)
2019-10-14 13:00:21,314 [pool-247-thread-1] INFO  server.RaftServerConfigKeys (ConfUtils.java:logGet(43)) - raft.server.log.statemachine.data.sync.timeout.retry = -1 (default)
2019-10-14 13:00:21,315 [pool-247-thread-1] INFO  server.RaftServerConfigKeys (ConfUtils.java:logGet(43)) - raft.server.log.statemachine.data.caching.enabled = true (custom)
2019-10-14 13:00:21,315 [pool-247-thread-1] INFO  segmented.SegmentedRaftLogWorker (SegmentedRaftLogWorker.java:lambda$new$0(128)) - 644ed2c9-5711-47af-adb7-dab428ebce56@group-D885780849CB-SegmentedRaftLogWorker: flushIndex: setUnconditionally 0 -> -1
2019-10-14 13:00:21,315 [pool-247-thread-1] INFO  server.RaftServerConfigKeys (ConfUtils.java:logGet(43)) - raft.server.snapshot.auto.trigger.enabled = true (custom)
2019-10-14 13:00:21,315 [pool-247-thread-1] INFO  server.RaftServerConfigKeys (ConfUtils.java:logGet(43)) - raft.server.snapshot.auto.trigger.threshold = 10000 (custom)
2019-10-14 13:00:21,316 [pool-247-thread-1] INFO  server.RaftServerConfigKeys (ConfUtils.java:logGet(43)) - raft.server.snapshot.retention.file.num = 5 (custom)
2019-10-14 13:00:21,316 [pool-247-thread-1] INFO  server.RaftServerConfigKeys (ConfUtils.java:logGet(43)) - raft.server.retrycache.expirytime = 600000ms (custom)
2019-10-14 13:00:21,317 [pool-247-thread-1] INFO  impl.RaftServerImpl (RaftServerImpl.java:start(181)) - 644ed2c9-5711-47af-adb7-dab428ebce56@group-D885780849CB: start as a follower, conf=-1: [644ed2c9-5711-47af-adb7-dab428ebce56:192.168.151.107:44692], old=null
2019-10-14 13:00:21,318 [pool-247-thread-1] INFO  impl.RaftServerImpl (RaftServerImpl.java:setRole(170)) - 644ed2c9-5711-47af-adb7-dab428ebce56@group-D885780849CB: changes role from      null to FOLLOWER at term 0 for startAsFollower
2019-10-14 13:00:21,318 [pool-247-thread-1] INFO  impl.RoleInfo (RoleInfo.java:updateAndGet(143)) - 644ed2c9-5711-47af-adb7-dab428ebce56: start FollowerState
2019-10-14 13:00:21,318 [pool-247-thread-1] INFO  util.JmxRegister (JmxRegister.java:tryRegister(44)) - Successfully registered JMX Bean with object name Ratis:service=RaftServer,group=group-D885780849CB,id=644ed2c9-5711-47af-adb7-dab428ebce56
2019-10-14 13:00:21,322 [RatisPipelineUtilsThread] INFO  pipeline.PipelineStateManager (PipelineStateManager.java:addPipeline(56)) - Created pipeline Pipeline[ Id: 57c26bf9-e301-4631-bed0-d885780849cb, Nodes: 644ed2c9-5711-47af-adb7-dab428ebce56{ip: 192.168.151.107, host: pr-hdds-2299-hlwdq-549545603, networkLocation: /default-rack, certSerialId: null}, Type:RATIS, Factor:ONE, State:OPEN]
2019-10-14 13:00:21,333 [grpc-default-executor-2] INFO  impl.RaftServerProxy (RaftServerProxy.java:addNew(89)) - 38295e66-f96d-4966-82db-c27c919857a1: addNew group-49F45287CA11:[38295e66-f96d-4966-82db-c27c919857a1:192.168.151.107:38069] returns group-49F45287CA11:java.util.concurrent.CompletableFuture@3903a8f4[Not completed]
2019-10-14 13:00:21,335 [pool-257-thread-1] INFO  impl.RaftServerImpl (RaftServerImpl.java:<init>(95)) - 38295e66-f96d-4966-82db-c27c919857a1: new RaftServerImpl for group-49F45287CA11:[38295e66-f96d-4966-82db-c27c919857a1:192.168.151.107:38069] with ContainerStateMachine:uninitialized
2019-10-14 13:00:21,335 [pool-257-thread-1] INFO  server.RaftServerConfigKeys (ConfUtils.java:logGet(43)) - raft.server.rpc.timeout.min = 5s (custom)
2019-10-14 13:00:21,335 [pool-257-thread-1] INFO  server.RaftServerConfigKeys (ConfUtils.java:logGet(43)) - raft.server.rpc.timeout.max = 5200ms (custom)
2019-10-14 13:00:21,335 [pool-257-thread-1] INFO  server.RaftServerConfigKeys (ConfUtils.java:logGet(43)) - raft.server.rpcslowness.timeout = 120s (custom)
2019-10-14 13:00:21,335 [pool-257-thread-1] INFO  server.RaftServerConfigKeys (ConfUtils.java:logGet(43)) - raft.server.sleep.deviation.threshold = 300 (default)
2019-10-14 13:00:21,335 [pool-257-thread-1] INFO  server.RaftServerConfigKeys (ConfUtils.java:logGet(43)) - raft.server.log.appender.install.snapshot.enabled = false (custom)
2019-10-14 13:00:21,335 [pool-257-thread-1] INFO  impl.RaftServerImpl (ServerState.java:<init>(103)) - 38295e66-f96d-4966-82db-c27c919857a1@group-49F45287CA11: ConfigurationManager, init=-1: [38295e66-f96d-4966-82db-c27c919857a1:192.168.151.107:38069], old=null, confs=<EMPTY_MAP>
2019-10-14 13:00:21,336 [pool-257-thread-1] INFO  server.RaftServerConfigKeys (ConfUtils.java:logGet(43)) - raft.server.storage.dir = [/workdir/hadoop-ozone/integration-test/target/test-dir/MiniOzoneClusterImpl-25d4ef13-1b97-4b93-afc7-b45b15e79a23/datanode-5/data/ratis] (custom)
2019-10-14 13:00:21,336 [pool-257-thread-1] INFO  server.RaftServerConfigKeys (ConfUtils.java:logGet(43)) - raft.server.log.corruption.policy = EXCEPTION (default)
2019-10-14 13:00:21,336 [pool-257-thread-1] INFO  storage.RaftStorageDirectory (RaftStorageDirectory.java:analyzeStorage(246)) - The storage directory /workdir/hadoop-ozone/integration-test/target/test-dir/MiniOzoneClusterImpl-25d4ef13-1b97-4b93-afc7-b45b15e79a23/datanode-5/data/ratis/f82cafbc-896f-49ca-b9c2-49f45287ca11 does not exist. Creating ...
2019-10-14 13:00:21,349 [pool-257-thread-1] INFO  storage.RaftStorageDirectory (RaftStorageDirectory.java:tryLock(328)) - Lock on /workdir/hadoop-ozone/integration-test/target/test-dir/MiniOzoneClusterImpl-25d4ef13-1b97-4b93-afc7-b45b15e79a23/datanode-5/data/ratis/f82cafbc-896f-49ca-b9c2-49f45287ca11/in_use.lock acquired by nodename 26042@pr-hdds-2299-hlwdq-549545603
2019-10-14 13:00:21,358 [main] INFO  ozone.MiniOzoneClusterImpl (MiniOzoneClusterImpl.java:lambda$waitForClusterToBeReady$0(147)) - Waiting for cluster to be ready. Got 6 of 7 DN Heartbeats.
2019-10-14 13:00:21,358 [IPC Server handler 9 on 45723] INFO  net.NetworkTopology (NetworkTopologyImpl.java:add(111)) - Added a new node: /default-rack/762b5686-d2e5-4fc1-834c-abdcf4b4e357
2019-10-14 13:00:21,358 [IPC Server handler 9 on 45723] INFO  node.SCMNodeManager (SCMNodeManager.java:register(268)) - Registered Data node : 762b5686-d2e5-4fc1-834c-abdcf4b4e357{ip: 192.168.151.107, host: pr-hdds-2299-hlwdq-549545603, networkLocation: /default-rack, certSerialId: null}
2019-10-14 13:00:21,363 [pool-257-thread-1] INFO  storage.RaftStorage (RaftStorage.java:format(84)) - Storage directory /workdir/hadoop-ozone/integration-test/target/test-dir/MiniOzoneClusterImpl-25d4ef13-1b97-4b93-afc7-b45b15e79a23/datanode-5/data/ratis/f82cafbc-896f-49ca-b9c2-49f45287ca11 has been successfully formatted.
2019-10-14 13:00:21,363 [pool-257-thread-1] INFO  ratis.ContainerStateMachine (ContainerStateMachine.java:loadSnapshot(231)) - group-49F45287CA11: The snapshot info is null. Setting the last applied indexto:(t:0, i:~)
2019-10-14 13:00:21,363 [pool-257-thread-1] INFO  server.RaftServerConfigKeys (ConfUtils.java:logGet(43)) - raft.server.notification.no-leader.timeout = 120s (custom)
2019-10-14 13:00:21,363 [pool-257-thread-1] INFO  server.RaftServerConfigKeys (ConfUtils.java:logGet(43)) - raft.server.log.use.memory = false (default)
2019-10-14 13:00:21,363 [pool-257-thread-1] INFO  server.RaftServerConfigKeys (ConfUtils.java:logGet(43)) - raft.server.log.purge.gap = 1000000 (custom)
2019-10-14 13:00:21,363 [pool-257-thread-1] INFO  server.RaftServerConfigKeys (ConfUtils.java:logGet(43)) - raft.server.log.appender.buffer.byte-limit = 33554432 (custom)
2019-10-14 13:00:21,363 [pool-257-thread-1] INFO  server.RaftServerConfigKeys (ConfUtils.java:logGet(43)) - raft.server.log.segment.size.max = 1048576 (custom)
2019-10-14 13:00:21,365 [pool-257-thread-1] INFO  server.RaftServerConfigKeys (ConfUtils.java:logGet(43)) - raft.server.log.segment.cache.num.max = 2 (custom)
2019-10-14 13:00:21,365 [pool-257-thread-1] INFO  segmented.SegmentedRaftLogWorker (SegmentedRaftLogWorker.java:<init>(173)) - new 38295e66-f96d-4966-82db-c27c919857a1@group-49F45287CA11-SegmentedRaftLogWorker for RaftStorage:Storage Directory /workdir/hadoop-ozone/integration-test/target/test-dir/MiniOzoneClusterImpl-25d4ef13-1b97-4b93-afc7-b45b15e79a23/datanode-5/data/ratis/f82cafbc-896f-49ca-b9c2-49f45287ca11
2019-10-14 13:00:21,365 [pool-257-thread-1] INFO  server.RaftServerConfigKeys (ConfUtils.java:logGet(43)) - raft.server.log.queue.byte-limit = 2147483647 (custom)
2019-10-14 13:00:21,365 [pool-257-thread-1] INFO  server.RaftServerConfigKeys (ConfUtils.java:logGet(43)) - raft.server.log.queue.element-limit = 1024 (custom)
2019-10-14 13:00:21,366 [pool-257-thread-1] INFO  server.RaftServerConfigKeys (ConfUtils.java:logGet(43)) - raft.server.log.segment.size.max = 1048576 (custom)
2019-10-14 13:00:21,366 [pool-257-thread-1] INFO  server.RaftServerConfigKeys (ConfUtils.java:logGet(43)) - raft.server.log.preallocated.size = 16384 (custom)
2019-10-14 13:00:21,366 [pool-257-thread-1] INFO  server.RaftServerConfigKeys (ConfUtils.java:logGet(43)) - raft.server.log.write.buffer.size = 33554432 (custom)
2019-10-14 13:00:21,366 [pool-257-thread-1] INFO  server.RaftServerConfigKeys (ConfUtils.java:logGet(43)) - raft.server.log.force.sync.num = 128 (default)
2019-10-14 13:00:21,366 [pool-257-thread-1] INFO  server.RaftServerConfigKeys (ConfUtils.java:logGet(43)) - raft.server.log.statemachine.data.sync = true (default)
2019-10-14 13:00:21,366 [pool-257-thread-1] INFO  server.RaftServerConfigKeys (ConfUtils.java:logGet(43)) - raft.server.log.statemachine.data.sync.timeout = 10s (default)
2019-10-14 13:00:21,366 [pool-257-thread-1] INFO  server.RaftServerConfigKeys (ConfUtils.java:logGet(43)) - raft.server.log.statemachine.data.sync.timeout.retry = -1 (default)
2019-10-14 13:00:21,367 [pool-257-thread-1] INFO  server.RaftServerConfigKeys (ConfUtils.java:logGet(43)) - raft.server.log.statemachine.data.caching.enabled = true (custom)
2019-10-14 13:00:21,367 [pool-257-thread-1] INFO  segmented.SegmentedRaftLogWorker (SegmentedRaftLogWorker.java:lambda$new$0(128)) - 38295e66-f96d-4966-82db-c27c919857a1@group-49F45287CA11-SegmentedRaftLogWorker: flushIndex: setUnconditionally 0 -> -1
2019-10-14 13:00:21,367 [pool-257-thread-1] INFO  server.RaftServerConfigKeys (ConfUtils.java:logGet(43)) - raft.server.snapshot.auto.trigger.enabled = true (custom)
2019-10-14 13:00:21,367 [pool-257-thread-1] INFO  server.RaftServerConfigKeys (ConfUtils.java:logGet(43)) - raft.server.snapshot.auto.trigger.threshold = 10000 (custom)
2019-10-14 13:00:21,368 [pool-257-thread-1] INFO  server.RaftServerConfigKeys (ConfUtils.java:logGet(43)) - raft.server.snapshot.retention.file.num = 5 (custom)
2019-10-14 13:00:21,368 [pool-257-thread-1] INFO  server.RaftServerConfigKeys (ConfUtils.java:logGet(43)) - raft.server.retrycache.expirytime = 600000ms (custom)
2019-10-14 13:00:21,369 [pool-257-thread-1] INFO  impl.RaftServerImpl (RaftServerImpl.java:start(181)) - 38295e66-f96d-4966-82db-c27c919857a1@group-49F45287CA11: start as a follower, conf=-1: [38295e66-f96d-4966-82db-c27c919857a1:192.168.151.107:38069], old=null
2019-10-14 13:00:21,369 [pool-257-thread-1] INFO  impl.RaftServerImpl (RaftServerImpl.java:setRole(170)) - 38295e66-f96d-4966-82db-c27c919857a1@group-49F45287CA11: changes role from      null to FOLLOWER at term 0 for startAsFollower
2019-10-14 13:00:21,369 [pool-257-thread-1] INFO  impl.RoleInfo (RoleInfo.java:updateAndGet(143)) - 38295e66-f96d-4966-82db-c27c919857a1: start FollowerState
2019-10-14 13:00:21,370 [pool-257-thread-1] INFO  util.JmxRegister (JmxRegister.java:tryRegister(44)) - Successfully registered JMX Bean with object name Ratis:service=RaftServer,group=group-49F45287CA11,id=38295e66-f96d-4966-82db-c27c919857a1
2019-10-14 13:00:21,373 [RatisPipelineUtilsThread] INFO  pipeline.PipelineStateManager (PipelineStateManager.java:addPipeline(56)) - Created pipeline Pipeline[ Id: f82cafbc-896f-49ca-b9c2-49f45287ca11, Nodes: 38295e66-f96d-4966-82db-c27c919857a1{ip: 192.168.151.107, host: pr-hdds-2299-hlwdq-549545603, networkLocation: /default-rack, certSerialId: null}, Type:RATIS, Factor:ONE, State:OPEN]
2019-10-14 13:00:21,379 [grpc-default-executor-2] INFO  impl.RaftServerProxy (RaftServerProxy.java:addNew(89)) - 762b5686-d2e5-4fc1-834c-abdcf4b4e357: addNew group-3F135ADC5D6F:[762b5686-d2e5-4fc1-834c-abdcf4b4e357:192.168.151.107:34476] returns group-3F135ADC5D6F:java.util.concurrent.CompletableFuture@50064cb6[Not completed]
2019-10-14 13:00:21,380 [pool-267-thread-1] INFO  impl.RaftServerImpl (RaftServerImpl.java:<init>(95)) - 762b5686-d2e5-4fc1-834c-abdcf4b4e357: new RaftServerImpl for group-3F135ADC5D6F:[762b5686-d2e5-4fc1-834c-abdcf4b4e357:192.168.151.107:34476] with ContainerStateMachine:uninitialized
2019-10-14 13:00:21,380 [pool-267-thread-1] INFO  server.RaftServerConfigKeys (ConfUtils.java:logGet(43)) - raft.server.rpc.timeout.min = 5s (custom)
2019-10-14 13:00:21,381 [pool-267-thread-1] INFO  server.RaftServerConfigKeys (ConfUtils.java:logGet(43)) - raft.server.rpc.timeout.max = 5200ms (custom)
2019-10-14 13:00:21,381 [pool-267-thread-1] INFO  server.RaftServerConfigKeys (ConfUtils.java:logGet(43)) - raft.server.rpcslowness.timeout = 120s (custom)
2019-10-14 13:00:21,381 [pool-267-thread-1] INFO  server.RaftServerConfigKeys (ConfUtils.java:logGet(43)) - raft.server.sleep.deviation.threshold = 300 (default)
2019-10-14 13:00:21,381 [pool-267-thread-1] INFO  server.RaftServerConfigKeys (ConfUtils.java:logGet(43)) - raft.server.log.appender.install.snapshot.enabled = false (custom)
2019-10-14 13:00:21,381 [pool-267-thread-1] INFO  impl.RaftServerImpl (ServerState.java:<init>(103)) - 762b5686-d2e5-4fc1-834c-abdcf4b4e357@group-3F135ADC5D6F: ConfigurationManager, init=-1: [762b5686-d2e5-4fc1-834c-abdcf4b4e357:192.168.151.107:34476], old=null, confs=<EMPTY_MAP>
2019-10-14 13:00:21,381 [pool-267-thread-1] INFO  server.RaftServerConfigKeys (ConfUtils.java:logGet(43)) - raft.server.storage.dir = [/workdir/hadoop-ozone/integration-test/target/test-dir/MiniOzoneClusterImpl-25d4ef13-1b97-4b93-afc7-b45b15e79a23/datanode-6/data/ratis] (custom)
2019-10-14 13:00:21,381 [pool-267-thread-1] INFO  server.RaftServerConfigKeys (ConfUtils.java:logGet(43)) - raft.server.log.corruption.policy = EXCEPTION (default)
2019-10-14 13:00:21,382 [pool-267-thread-1] INFO  storage.RaftStorageDirectory (RaftStorageDirectory.java:analyzeStorage(246)) - The storage directory /workdir/hadoop-ozone/integration-test/target/test-dir/MiniOzoneClusterImpl-25d4ef13-1b97-4b93-afc7-b45b15e79a23/datanode-6/data/ratis/c28e6e66-df11-411f-9ef5-3f135adc5d6f does not exist. Creating ...
2019-10-14 13:00:21,394 [pool-267-thread-1] INFO  storage.RaftStorageDirectory (RaftStorageDirectory.java:tryLock(328)) - Lock on /workdir/hadoop-ozone/integration-test/target/test-dir/MiniOzoneClusterImpl-25d4ef13-1b97-4b93-afc7-b45b15e79a23/datanode-6/data/ratis/c28e6e66-df11-411f-9ef5-3f135adc5d6f/in_use.lock acquired by nodename 26042@pr-hdds-2299-hlwdq-549545603
2019-10-14 13:00:21,407 [pool-267-thread-1] INFO  storage.RaftStorage (RaftStorage.java:format(84)) - Storage directory /workdir/hadoop-ozone/integration-test/target/test-dir/MiniOzoneClusterImpl-25d4ef13-1b97-4b93-afc7-b45b15e79a23/datanode-6/data/ratis/c28e6e66-df11-411f-9ef5-3f135adc5d6f has been successfully formatted.
2019-10-14 13:00:21,408 [pool-267-thread-1] INFO  ratis.ContainerStateMachine (ContainerStateMachine.java:loadSnapshot(231)) - group-3F135ADC5D6F: The snapshot info is null. Setting the last applied indexto:(t:0, i:~)
2019-10-14 13:00:21,408 [pool-267-thread-1] INFO  server.RaftServerConfigKeys (ConfUtils.java:logGet(43)) - raft.server.notification.no-leader.timeout = 120s (custom)
2019-10-14 13:00:21,408 [pool-267-thread-1] INFO  server.RaftServerConfigKeys (ConfUtils.java:logGet(43)) - raft.server.log.use.memory = false (default)
2019-10-14 13:00:21,408 [pool-267-thread-1] INFO  server.RaftServerConfigKeys (ConfUtils.java:logGet(43)) - raft.server.log.purge.gap = 1000000 (custom)
2019-10-14 13:00:21,408 [pool-267-thread-1] INFO  server.RaftServerConfigKeys (ConfUtils.java:logGet(43)) - raft.server.log.appender.buffer.byte-limit = 33554432 (custom)
2019-10-14 13:00:21,408 [pool-267-thread-1] INFO  server.RaftServerConfigKeys (ConfUtils.java:logGet(43)) - raft.server.log.segment.size.max = 1048576 (custom)
2019-10-14 13:00:21,409 [pool-267-thread-1] INFO  server.RaftServerConfigKeys (ConfUtils.java:logGet(43)) - raft.server.log.segment.cache.num.max = 2 (custom)
2019-10-14 13:00:21,410 [pool-267-thread-1] INFO  segmented.SegmentedRaftLogWorker (SegmentedRaftLogWorker.java:<init>(173)) - new 762b5686-d2e5-4fc1-834c-abdcf4b4e357@group-3F135ADC5D6F-SegmentedRaftLogWorker for RaftStorage:Storage Directory /workdir/hadoop-ozone/integration-test/target/test-dir/MiniOzoneClusterImpl-25d4ef13-1b97-4b93-afc7-b45b15e79a23/datanode-6/data/ratis/c28e6e66-df11-411f-9ef5-3f135adc5d6f
2019-10-14 13:00:21,410 [pool-267-thread-1] INFO  server.RaftServerConfigKeys (ConfUtils.java:logGet(43)) - raft.server.log.queue.byte-limit = 2147483647 (custom)
2019-10-14 13:00:21,410 [pool-267-thread-1] INFO  server.RaftServerConfigKeys (ConfUtils.java:logGet(43)) - raft.server.log.queue.element-limit = 1024 (custom)
2019-10-14 13:00:21,410 [pool-267-thread-1] INFO  server.RaftServerConfigKeys (ConfUtils.java:logGet(43)) - raft.server.log.segment.size.max = 1048576 (custom)
2019-10-14 13:00:21,410 [pool-267-thread-1] INFO  server.RaftServerConfigKeys (ConfUtils.java:logGet(43)) - raft.server.log.preallocated.size = 16384 (custom)
2019-10-14 13:00:21,410 [pool-267-thread-1] INFO  server.RaftServerConfigKeys (ConfUtils.java:logGet(43)) - raft.server.log.write.buffer.size = 33554432 (custom)
2019-10-14 13:00:21,410 [pool-267-thread-1] INFO  server.RaftServerConfigKeys (ConfUtils.java:logGet(43)) - raft.server.log.force.sync.num = 128 (default)
2019-10-14 13:00:21,410 [pool-267-thread-1] INFO  server.RaftServerConfigKeys (ConfUtils.java:logGet(43)) - raft.server.log.statemachine.data.sync = true (default)
2019-10-14 13:00:21,410 [pool-267-thread-1] INFO  server.RaftServerConfigKeys (ConfUtils.java:logGet(43)) - raft.server.log.statemachine.data.sync.timeout = 10s (default)
2019-10-14 13:00:21,411 [pool-267-thread-1] INFO  server.RaftServerConfigKeys (ConfUtils.java:logGet(43)) - raft.server.log.statemachine.data.sync.timeout.retry = -1 (default)
2019-10-14 13:00:21,411 [pool-267-thread-1] INFO  server.RaftServerConfigKeys (ConfUtils.java:logGet(43)) - raft.server.log.statemachine.data.caching.enabled = true (custom)
2019-10-14 13:00:21,411 [pool-267-thread-1] INFO  segmented.SegmentedRaftLogWorker (SegmentedRaftLogWorker.java:lambda$new$0(128)) - 762b5686-d2e5-4fc1-834c-abdcf4b4e357@group-3F135ADC5D6F-SegmentedRaftLogWorker: flushIndex: setUnconditionally 0 -> -1
2019-10-14 13:00:21,411 [pool-267-thread-1] INFO  server.RaftServerConfigKeys (ConfUtils.java:logGet(43)) - raft.server.snapshot.auto.trigger.enabled = true (custom)
2019-10-14 13:00:21,411 [pool-267-thread-1] INFO  server.RaftServerConfigKeys (ConfUtils.java:logGet(43)) - raft.server.snapshot.auto.trigger.threshold = 10000 (custom)
2019-10-14 13:00:21,411 [pool-267-thread-1] INFO  server.RaftServerConfigKeys (ConfUtils.java:logGet(43)) - raft.server.snapshot.retention.file.num = 5 (custom)
2019-10-14 13:00:21,412 [pool-267-thread-1] INFO  server.RaftServerConfigKeys (ConfUtils.java:logGet(43)) - raft.server.retrycache.expirytime = 600000ms (custom)
2019-10-14 13:00:21,413 [pool-267-thread-1] INFO  impl.RaftServerImpl (RaftServerImpl.java:start(181)) - 762b5686-d2e5-4fc1-834c-abdcf4b4e357@group-3F135ADC5D6F: start as a follower, conf=-1: [762b5686-d2e5-4fc1-834c-abdcf4b4e357:192.168.151.107:34476], old=null
2019-10-14 13:00:21,413 [pool-267-thread-1] INFO  impl.RaftServerImpl (RaftServerImpl.java:setRole(170)) - 762b5686-d2e5-4fc1-834c-abdcf4b4e357@group-3F135ADC5D6F: changes role from      null to FOLLOWER at term 0 for startAsFollower
2019-10-14 13:00:21,413 [pool-267-thread-1] INFO  impl.RoleInfo (RoleInfo.java:updateAndGet(143)) - 762b5686-d2e5-4fc1-834c-abdcf4b4e357: start FollowerState
2019-10-14 13:00:21,413 [pool-267-thread-1] INFO  util.JmxRegister (JmxRegister.java:tryRegister(44)) - Successfully registered JMX Bean with object name Ratis:service=RaftServer,group=group-3F135ADC5D6F,id=762b5686-d2e5-4fc1-834c-abdcf4b4e357
2019-10-14 13:00:21,417 [RatisPipelineUtilsThread] INFO  pipeline.PipelineStateManager (PipelineStateManager.java:addPipeline(56)) - Created pipeline Pipeline[ Id: c28e6e66-df11-411f-9ef5-3f135adc5d6f, Nodes: 762b5686-d2e5-4fc1-834c-abdcf4b4e357{ip: 192.168.151.107, host: pr-hdds-2299-hlwdq-549545603, networkLocation: /default-rack, certSerialId: null}, Type:RATIS, Factor:ONE, State:OPEN]
2019-10-14 13:00:21,430 [grpc-default-executor-1] INFO  impl.RaftServerProxy (RaftServerProxy.java:addNew(89)) - 762b5686-d2e5-4fc1-834c-abdcf4b4e357: addNew group-EDAC3AB1FD41:[762b5686-d2e5-4fc1-834c-abdcf4b4e357:192.168.151.107:34476, 644ed2c9-5711-47af-adb7-dab428ebce56:192.168.151.107:44692, 38295e66-f96d-4966-82db-c27c919857a1:192.168.151.107:38069] returns group-EDAC3AB1FD41:java.util.concurrent.CompletableFuture@a29f515[Not completed]
2019-10-14 13:00:21,431 [grpc-default-executor-2] INFO  impl.RaftServerProxy (RaftServerProxy.java:addNew(89)) - 644ed2c9-5711-47af-adb7-dab428ebce56: addNew group-EDAC3AB1FD41:[762b5686-d2e5-4fc1-834c-abdcf4b4e357:192.168.151.107:34476, 644ed2c9-5711-47af-adb7-dab428ebce56:192.168.151.107:44692, 38295e66-f96d-4966-82db-c27c919857a1:192.168.151.107:38069] returns group-EDAC3AB1FD41:java.util.concurrent.CompletableFuture@242fc21a[Not completed]
2019-10-14 13:00:21,431 [pool-267-thread-1] INFO  impl.RaftServerImpl (RaftServerImpl.java:<init>(95)) - 762b5686-d2e5-4fc1-834c-abdcf4b4e357: new RaftServerImpl for group-EDAC3AB1FD41:[762b5686-d2e5-4fc1-834c-abdcf4b4e357:192.168.151.107:34476, 644ed2c9-5711-47af-adb7-dab428ebce56:192.168.151.107:44692, 38295e66-f96d-4966-82db-c27c919857a1:192.168.151.107:38069] with ContainerStateMachine:uninitialized
2019-10-14 13:00:21,431 [pool-267-thread-1] INFO  server.RaftServerConfigKeys (ConfUtils.java:logGet(43)) - raft.server.rpc.timeout.min = 5s (custom)
2019-10-14 13:00:21,433 [grpc-default-executor-1] INFO  impl.RaftServerProxy (RaftServerProxy.java:addNew(89)) - 38295e66-f96d-4966-82db-c27c919857a1: addNew group-EDAC3AB1FD41:[762b5686-d2e5-4fc1-834c-abdcf4b4e357:192.168.151.107:34476, 644ed2c9-5711-47af-adb7-dab428ebce56:192.168.151.107:44692, 38295e66-f96d-4966-82db-c27c919857a1:192.168.151.107:38069] returns group-EDAC3AB1FD41:java.util.concurrent.CompletableFuture@238afbbe[Not completed]
2019-10-14 13:00:21,434 [pool-267-thread-1] INFO  server.RaftServerConfigKeys (ConfUtils.java:logGet(43)) - raft.server.rpc.timeout.max = 5200ms (custom)
2019-10-14 13:00:21,434 [pool-267-thread-1] INFO  server.RaftServerConfigKeys (ConfUtils.java:logGet(43)) - raft.server.rpcslowness.timeout = 120s (custom)
2019-10-14 13:00:21,434 [pool-267-thread-1] INFO  server.RaftServerConfigKeys (ConfUtils.java:logGet(43)) - raft.server.sleep.deviation.threshold = 300 (default)
2019-10-14 13:00:21,434 [pool-247-thread-1] INFO  impl.RaftServerImpl (RaftServerImpl.java:<init>(95)) - 644ed2c9-5711-47af-adb7-dab428ebce56: new RaftServerImpl for group-EDAC3AB1FD41:[762b5686-d2e5-4fc1-834c-abdcf4b4e357:192.168.151.107:34476, 644ed2c9-5711-47af-adb7-dab428ebce56:192.168.151.107:44692, 38295e66-f96d-4966-82db-c27c919857a1:192.168.151.107:38069] with ContainerStateMachine:uninitialized
2019-10-14 13:00:21,434 [pool-267-thread-1] INFO  server.RaftServerConfigKeys (ConfUtils.java:logGet(43)) - raft.server.log.appender.install.snapshot.enabled = false (custom)
2019-10-14 13:00:21,434 [pool-247-thread-1] INFO  server.RaftServerConfigKeys (ConfUtils.java:logGet(43)) - raft.server.rpc.timeout.min = 5s (custom)
2019-10-14 13:00:21,434 [pool-257-thread-1] INFO  impl.RaftServerImpl (RaftServerImpl.java:<init>(95)) - 38295e66-f96d-4966-82db-c27c919857a1: new RaftServerImpl for group-EDAC3AB1FD41:[762b5686-d2e5-4fc1-834c-abdcf4b4e357:192.168.151.107:34476, 644ed2c9-5711-47af-adb7-dab428ebce56:192.168.151.107:44692, 38295e66-f96d-4966-82db-c27c919857a1:192.168.151.107:38069] with ContainerStateMachine:uninitialized
2019-10-14 13:00:21,434 [pool-267-thread-1] INFO  impl.RaftServerImpl (ServerState.java:<init>(103)) - 762b5686-d2e5-4fc1-834c-abdcf4b4e357@group-EDAC3AB1FD41: ConfigurationManager, init=-1: [762b5686-d2e5-4fc1-834c-abdcf4b4e357:192.168.151.107:34476, 644ed2c9-5711-47af-adb7-dab428ebce56:192.168.151.107:44692, 38295e66-f96d-4966-82db-c27c919857a1:192.168.151.107:38069], old=null, confs=<EMPTY_MAP>
2019-10-14 13:00:21,434 [pool-247-thread-1] INFO  server.RaftServerConfigKeys (ConfUtils.java:logGet(43)) - raft.server.rpc.timeout.max = 5200ms (custom)
2019-10-14 13:00:21,435 [pool-257-thread-1] INFO  server.RaftServerConfigKeys (ConfUtils.java:logGet(43)) - raft.server.rpc.timeout.min = 5s (custom)
2019-10-14 13:00:21,435 [pool-267-thread-1] INFO  server.RaftServerConfigKeys (ConfUtils.java:logGet(43)) - raft.server.storage.dir = [/workdir/hadoop-ozone/integration-test/target/test-dir/MiniOzoneClusterImpl-25d4ef13-1b97-4b93-afc7-b45b15e79a23/datanode-6/data/ratis] (custom)
2019-10-14 13:00:21,435 [pool-247-thread-1] INFO  server.RaftServerConfigKeys (ConfUtils.java:logGet(43)) - raft.server.rpcslowness.timeout = 120s (custom)
2019-10-14 13:00:21,435 [pool-257-thread-1] INFO  server.RaftServerConfigKeys (ConfUtils.java:logGet(43)) - raft.server.rpc.timeout.max = 5200ms (custom)
2019-10-14 13:00:21,435 [pool-247-thread-1] INFO  server.RaftServerConfigKeys (ConfUtils.java:logGet(43)) - raft.server.sleep.deviation.threshold = 300 (default)
2019-10-14 13:00:21,435 [pool-267-thread-1] INFO  server.RaftServerConfigKeys (ConfUtils.java:logGet(43)) - raft.server.log.corruption.policy = EXCEPTION (default)
2019-10-14 13:00:21,435 [pool-257-thread-1] INFO  server.RaftServerConfigKeys (ConfUtils.java:logGet(43)) - raft.server.rpcslowness.timeout = 120s (custom)
2019-10-14 13:00:21,435 [pool-247-thread-1] INFO  server.RaftServerConfigKeys (ConfUtils.java:logGet(43)) - raft.server.log.appender.install.snapshot.enabled = false (custom)
2019-10-14 13:00:21,435 [pool-267-thread-1] INFO  storage.RaftStorageDirectory (RaftStorageDirectory.java:analyzeStorage(246)) - The storage directory /workdir/hadoop-ozone/integration-test/target/test-dir/MiniOzoneClusterImpl-25d4ef13-1b97-4b93-afc7-b45b15e79a23/datanode-6/data/ratis/4a9df47a-1de3-4600-be60-edac3ab1fd41 does not exist. Creating ...
2019-10-14 13:00:21,435 [pool-257-thread-1] INFO  server.RaftServerConfigKeys (ConfUtils.java:logGet(43)) - raft.server.sleep.deviation.threshold = 300 (default)
2019-10-14 13:00:21,435 [pool-247-thread-1] INFO  impl.RaftServerImpl (ServerState.java:<init>(103)) - 644ed2c9-5711-47af-adb7-dab428ebce56@group-EDAC3AB1FD41: ConfigurationManager, init=-1: [762b5686-d2e5-4fc1-834c-abdcf4b4e357:192.168.151.107:34476, 644ed2c9-5711-47af-adb7-dab428ebce56:192.168.151.107:44692, 38295e66-f96d-4966-82db-c27c919857a1:192.168.151.107:38069], old=null, confs=<EMPTY_MAP>
2019-10-14 13:00:21,436 [pool-257-thread-1] INFO  server.RaftServerConfigKeys (ConfUtils.java:logGet(43)) - raft.server.log.appender.install.snapshot.enabled = false (custom)
2019-10-14 13:00:21,436 [pool-247-thread-1] INFO  server.RaftServerConfigKeys (ConfUtils.java:logGet(43)) - raft.server.storage.dir = [/workdir/hadoop-ozone/integration-test/target/test-dir/MiniOzoneClusterImpl-25d4ef13-1b97-4b93-afc7-b45b15e79a23/datanode-4/data/ratis] (custom)
2019-10-14 13:00:21,436 [pool-257-thread-1] INFO  impl.RaftServerImpl (ServerState.java:<init>(103)) - 38295e66-f96d-4966-82db-c27c919857a1@group-EDAC3AB1FD41: ConfigurationManager, init=-1: [762b5686-d2e5-4fc1-834c-abdcf4b4e357:192.168.151.107:34476, 644ed2c9-5711-47af-adb7-dab428ebce56:192.168.151.107:44692, 38295e66-f96d-4966-82db-c27c919857a1:192.168.151.107:38069], old=null, confs=<EMPTY_MAP>
2019-10-14 13:00:21,436 [pool-247-thread-1] INFO  server.RaftServerConfigKeys (ConfUtils.java:logGet(43)) - raft.server.log.corruption.policy = EXCEPTION (default)
2019-10-14 13:00:21,436 [pool-257-thread-1] INFO  server.RaftServerConfigKeys (ConfUtils.java:logGet(43)) - raft.server.storage.dir = [/workdir/hadoop-ozone/integration-test/target/test-dir/MiniOzoneClusterImpl-25d4ef13-1b97-4b93-afc7-b45b15e79a23/datanode-5/data/ratis] (custom)
2019-10-14 13:00:21,436 [pool-247-thread-1] INFO  storage.RaftStorageDirectory (RaftStorageDirectory.java:analyzeStorage(246)) - The storage directory /workdir/hadoop-ozone/integration-test/target/test-dir/MiniOzoneClusterImpl-25d4ef13-1b97-4b93-afc7-b45b15e79a23/datanode-4/data/ratis/4a9df47a-1de3-4600-be60-edac3ab1fd41 does not exist. Creating ...
2019-10-14 13:00:21,436 [pool-257-thread-1] INFO  server.RaftServerConfigKeys (ConfUtils.java:logGet(43)) - raft.server.log.corruption.policy = EXCEPTION (default)
2019-10-14 13:00:21,436 [pool-257-thread-1] INFO  storage.RaftStorageDirectory (RaftStorageDirectory.java:analyzeStorage(246)) - The storage directory /workdir/hadoop-ozone/integration-test/target/test-dir/MiniOzoneClusterImpl-25d4ef13-1b97-4b93-afc7-b45b15e79a23/datanode-5/data/ratis/4a9df47a-1de3-4600-be60-edac3ab1fd41 does not exist. Creating ...
2019-10-14 13:00:21,449 [pool-247-thread-1] INFO  storage.RaftStorageDirectory (RaftStorageDirectory.java:tryLock(328)) - Lock on /workdir/hadoop-ozone/integration-test/target/test-dir/MiniOzoneClusterImpl-25d4ef13-1b97-4b93-afc7-b45b15e79a23/datanode-4/data/ratis/4a9df47a-1de3-4600-be60-edac3ab1fd41/in_use.lock acquired by nodename 26042@pr-hdds-2299-hlwdq-549545603
2019-10-14 13:00:21,449 [pool-267-thread-1] INFO  storage.RaftStorageDirectory (RaftStorageDirectory.java:tryLock(328)) - Lock on /workdir/hadoop-ozone/integration-test/target/test-dir/MiniOzoneClusterImpl-25d4ef13-1b97-4b93-afc7-b45b15e79a23/datanode-6/data/ratis/4a9df47a-1de3-4600-be60-edac3ab1fd41/in_use.lock acquired by nodename 26042@pr-hdds-2299-hlwdq-549545603
2019-10-14 13:00:21,449 [pool-257-thread-1] INFO  storage.RaftStorageDirectory (RaftStorageDirectory.java:tryLock(328)) - Lock on /workdir/hadoop-ozone/integration-test/target/test-dir/MiniOzoneClusterImpl-25d4ef13-1b97-4b93-afc7-b45b15e79a23/datanode-5/data/ratis/4a9df47a-1de3-4600-be60-edac3ab1fd41/in_use.lock acquired by nodename 26042@pr-hdds-2299-hlwdq-549545603
2019-10-14 13:00:21,463 [pool-267-thread-1] INFO  storage.RaftStorage (RaftStorage.java:format(84)) - Storage directory /workdir/hadoop-ozone/integration-test/target/test-dir/MiniOzoneClusterImpl-25d4ef13-1b97-4b93-afc7-b45b15e79a23/datanode-6/data/ratis/4a9df47a-1de3-4600-be60-edac3ab1fd41 has been successfully formatted.
2019-10-14 13:00:21,463 [pool-247-thread-1] INFO  storage.RaftStorage (RaftStorage.java:format(84)) - Storage directory /workdir/hadoop-ozone/integration-test/target/test-dir/MiniOzoneClusterImpl-25d4ef13-1b97-4b93-afc7-b45b15e79a23/datanode-4/data/ratis/4a9df47a-1de3-4600-be60-edac3ab1fd41 has been successfully formatted.
2019-10-14 13:00:21,463 [pool-257-thread-1] INFO  storage.RaftStorage (RaftStorage.java:format(84)) - Storage directory /workdir/hadoop-ozone/integration-test/target/test-dir/MiniOzoneClusterImpl-25d4ef13-1b97-4b93-afc7-b45b15e79a23/datanode-5/data/ratis/4a9df47a-1de3-4600-be60-edac3ab1fd41 has been successfully formatted.
2019-10-14 13:00:21,464 [pool-247-thread-1] INFO  ratis.ContainerStateMachine (ContainerStateMachine.java:loadSnapshot(231)) - group-EDAC3AB1FD41: The snapshot info is null. Setting the last applied indexto:(t:0, i:~)
2019-10-14 13:00:21,464 [pool-257-thread-1] INFO  ratis.ContainerStateMachine (ContainerStateMachine.java:loadSnapshot(231)) - group-EDAC3AB1FD41: The snapshot info is null. Setting the last applied indexto:(t:0, i:~)
2019-10-14 13:00:21,464 [pool-267-thread-1] INFO  ratis.ContainerStateMachine (ContainerStateMachine.java:loadSnapshot(231)) - group-EDAC3AB1FD41: The snapshot info is null. Setting the last applied indexto:(t:0, i:~)
2019-10-14 13:00:21,464 [pool-257-thread-1] INFO  server.RaftServerConfigKeys (ConfUtils.java:logGet(43)) - raft.server.notification.no-leader.timeout = 120s (custom)
2019-10-14 13:00:21,464 [pool-247-thread-1] INFO  server.RaftServerConfigKeys (ConfUtils.java:logGet(43)) - raft.server.notification.no-leader.timeout = 120s (custom)
2019-10-14 13:00:21,464 [pool-257-thread-1] INFO  server.RaftServerConfigKeys (ConfUtils.java:logGet(43)) - raft.server.log.use.memory = false (default)
2019-10-14 13:00:21,464 [pool-267-thread-1] INFO  server.RaftServerConfigKeys (ConfUtils.java:logGet(43)) - raft.server.notification.no-leader.timeout = 120s (custom)
2019-10-14 13:00:21,464 [pool-257-thread-1] INFO  server.RaftServerConfigKeys (ConfUtils.java:logGet(43)) - raft.server.log.purge.gap = 1000000 (custom)
2019-10-14 13:00:21,464 [pool-247-thread-1] INFO  server.RaftServerConfigKeys (ConfUtils.java:logGet(43)) - raft.server.log.use.memory = false (default)
2019-10-14 13:00:21,464 [pool-257-thread-1] INFO  server.RaftServerConfigKeys (ConfUtils.java:logGet(43)) - raft.server.log.appender.buffer.byte-limit = 33554432 (custom)
2019-10-14 13:00:21,464 [pool-267-thread-1] INFO  server.RaftServerConfigKeys (ConfUtils.java:logGet(43)) - raft.server.log.use.memory = false (default)
2019-10-14 13:00:21,465 [pool-257-thread-1] INFO  server.RaftServerConfigKeys (ConfUtils.java:logGet(43)) - raft.server.log.segment.size.max = 1048576 (custom)
2019-10-14 13:00:21,464 [pool-247-thread-1] INFO  server.RaftServerConfigKeys (ConfUtils.java:logGet(43)) - raft.server.log.purge.gap = 1000000 (custom)
2019-10-14 13:00:21,465 [pool-257-thread-1] INFO  server.RaftServerConfigKeys (ConfUtils.java:logGet(43)) - raft.server.log.segment.cache.num.max = 2 (custom)
2019-10-14 13:00:21,465 [pool-267-thread-1] INFO  server.RaftServerConfigKeys (ConfUtils.java:logGet(43)) - raft.server.log.purge.gap = 1000000 (custom)
2019-10-14 13:00:21,465 [pool-257-thread-1] INFO  segmented.SegmentedRaftLogWorker (SegmentedRaftLogWorker.java:<init>(173)) - new 38295e66-f96d-4966-82db-c27c919857a1@group-EDAC3AB1FD41-SegmentedRaftLogWorker for RaftStorage:Storage Directory /workdir/hadoop-ozone/integration-test/target/test-dir/MiniOzoneClusterImpl-25d4ef13-1b97-4b93-afc7-b45b15e79a23/datanode-5/data/ratis/4a9df47a-1de3-4600-be60-edac3ab1fd41
2019-10-14 13:00:21,465 [pool-247-thread-1] INFO  server.RaftServerConfigKeys (ConfUtils.java:logGet(43)) - raft.server.log.appender.buffer.byte-limit = 33554432 (custom)
2019-10-14 13:00:21,465 [pool-257-thread-1] INFO  server.RaftServerConfigKeys (ConfUtils.java:logGet(43)) - raft.server.log.queue.byte-limit = 2147483647 (custom)
2019-10-14 13:00:21,465 [pool-267-thread-1] INFO  server.RaftServerConfigKeys (ConfUtils.java:logGet(43)) - raft.server.log.appender.buffer.byte-limit = 33554432 (custom)
2019-10-14 13:00:21,465 [pool-257-thread-1] INFO  server.RaftServerConfigKeys (ConfUtils.java:logGet(43)) - raft.server.log.queue.element-limit = 1024 (custom)
2019-10-14 13:00:21,465 [pool-247-thread-1] INFO  server.RaftServerConfigKeys (ConfUtils.java:logGet(43)) - raft.server.log.segment.size.max = 1048576 (custom)
2019-10-14 13:00:21,466 [pool-257-thread-1] INFO  server.RaftServerConfigKeys (ConfUtils.java:logGet(43)) - raft.server.log.segment.size.max = 1048576 (custom)
2019-10-14 13:00:21,465 [pool-267-thread-1] INFO  server.RaftServerConfigKeys (ConfUtils.java:logGet(43)) - raft.server.log.segment.size.max = 1048576 (custom)
2019-10-14 13:00:21,466 [pool-257-thread-1] INFO  server.RaftServerConfigKeys (ConfUtils.java:logGet(43)) - raft.server.log.preallocated.size = 16384 (custom)
2019-10-14 13:00:21,466 [pool-247-thread-1] INFO  server.RaftServerConfigKeys (ConfUtils.java:logGet(43)) - raft.server.log.segment.cache.num.max = 2 (custom)
2019-10-14 13:00:21,466 [pool-257-thread-1] INFO  server.RaftServerConfigKeys (ConfUtils.java:logGet(43)) - raft.server.log.write.buffer.size = 33554432 (custom)
2019-10-14 13:00:21,466 [pool-267-thread-1] INFO  server.RaftServerConfigKeys (ConfUtils.java:logGet(43)) - raft.server.log.segment.cache.num.max = 2 (custom)
2019-10-14 13:00:21,466 [pool-257-thread-1] INFO  server.RaftServerConfigKeys (ConfUtils.java:logGet(43)) - raft.server.log.force.sync.num = 128 (default)
2019-10-14 13:00:21,466 [pool-247-thread-1] INFO  segmented.SegmentedRaftLogWorker (SegmentedRaftLogWorker.java:<init>(173)) - new 644ed2c9-5711-47af-adb7-dab428ebce56@group-EDAC3AB1FD41-SegmentedRaftLogWorker for RaftStorage:Storage Directory /workdir/hadoop-ozone/integration-test/target/test-dir/MiniOzoneClusterImpl-25d4ef13-1b97-4b93-afc7-b45b15e79a23/datanode-4/data/ratis/4a9df47a-1de3-4600-be60-edac3ab1fd41
2019-10-14 13:00:21,466 [pool-257-thread-1] INFO  server.RaftServerConfigKeys (ConfUtils.java:logGet(43)) - raft.server.log.statemachine.data.sync = true (default)
2019-10-14 13:00:21,466 [pool-267-thread-1] INFO  segmented.SegmentedRaftLogWorker (SegmentedRaftLogWorker.java:<init>(173)) - new 762b5686-d2e5-4fc1-834c-abdcf4b4e357@group-EDAC3AB1FD41-SegmentedRaftLogWorker for RaftStorage:Storage Directory /workdir/hadoop-ozone/integration-test/target/test-dir/MiniOzoneClusterImpl-25d4ef13-1b97-4b93-afc7-b45b15e79a23/datanode-6/data/ratis/4a9df47a-1de3-4600-be60-edac3ab1fd41
2019-10-14 13:00:21,466 [pool-257-thread-1] INFO  server.RaftServerConfigKeys (ConfUtils.java:logGet(43)) - raft.server.log.statemachine.data.sync.timeout = 10s (default)
2019-10-14 13:00:21,466 [pool-247-thread-1] INFO  server.RaftServerConfigKeys (ConfUtils.java:logGet(43)) - raft.server.log.queue.byte-limit = 2147483647 (custom)
2019-10-14 13:00:21,467 [pool-257-thread-1] INFO  server.RaftServerConfigKeys (ConfUtils.java:logGet(43)) - raft.server.log.statemachine.data.sync.timeout.retry = -1 (default)
2019-10-14 13:00:21,467 [pool-267-thread-1] INFO  server.RaftServerConfigKeys (ConfUtils.java:logGet(43)) - raft.server.log.queue.byte-limit = 2147483647 (custom)
2019-10-14 13:00:21,467 [pool-257-thread-1] INFO  server.RaftServerConfigKeys (ConfUtils.java:logGet(43)) - raft.server.log.statemachine.data.caching.enabled = true (custom)
2019-10-14 13:00:21,467 [pool-247-thread-1] INFO  server.RaftServerConfigKeys (ConfUtils.java:logGet(43)) - raft.server.log.queue.element-limit = 1024 (custom)
2019-10-14 13:00:21,467 [pool-267-thread-1] INFO  server.RaftServerConfigKeys (ConfUtils.java:logGet(43)) - raft.server.log.queue.element-limit = 1024 (custom)
2019-10-14 13:00:21,467 [pool-247-thread-1] INFO  server.RaftServerConfigKeys (ConfUtils.java:logGet(43)) - raft.server.log.segment.size.max = 1048576 (custom)
2019-10-14 13:00:21,467 [pool-257-thread-1] INFO  segmented.SegmentedRaftLogWorker (SegmentedRaftLogWorker.java:lambda$new$0(128)) - 38295e66-f96d-4966-82db-c27c919857a1@group-EDAC3AB1FD41-SegmentedRaftLogWorker: flushIndex: setUnconditionally 0 -> -1
2019-10-14 13:00:21,467 [pool-267-thread-1] INFO  server.RaftServerConfigKeys (ConfUtils.java:logGet(43)) - raft.server.log.segment.size.max = 1048576 (custom)
2019-10-14 13:00:21,467 [pool-247-thread-1] INFO  server.RaftServerConfigKeys (ConfUtils.java:logGet(43)) - raft.server.log.preallocated.size = 16384 (custom)
2019-10-14 13:00:21,468 [pool-257-thread-1] INFO  server.RaftServerConfigKeys (ConfUtils.java:logGet(43)) - raft.server.snapshot.auto.trigger.enabled = true (custom)
2019-10-14 13:00:21,468 [pool-267-thread-1] INFO  server.RaftServerConfigKeys (ConfUtils.java:logGet(43)) - raft.server.log.preallocated.size = 16384 (custom)
2019-10-14 13:00:21,468 [pool-257-thread-1] INFO  server.RaftServerConfigKeys (ConfUtils.java:logGet(43)) - raft.server.snapshot.auto.trigger.threshold = 10000 (custom)
2019-10-14 13:00:21,468 [pool-247-thread-1] INFO  server.RaftServerConfigKeys (ConfUtils.java:logGet(43)) - raft.server.log.write.buffer.size = 33554432 (custom)
2019-10-14 13:00:21,468 [pool-257-thread-1] INFO  server.RaftServerConfigKeys (ConfUtils.java:logGet(43)) - raft.server.snapshot.retention.file.num = 5 (custom)
2019-10-14 13:00:21,468 [pool-267-thread-1] INFO  server.RaftServerConfigKeys (ConfUtils.java:logGet(43)) - raft.server.log.write.buffer.size = 33554432 (custom)
2019-10-14 13:00:21,468 [pool-257-thread-1] INFO  server.RaftServerConfigKeys (ConfUtils.java:logGet(43)) - raft.server.retrycache.expirytime = 600000ms (custom)
2019-10-14 13:00:21,468 [pool-247-thread-1] INFO  server.RaftServerConfigKeys (ConfUtils.java:logGet(43)) - raft.server.log.force.sync.num = 128 (default)
2019-10-14 13:00:21,468 [pool-267-thread-1] INFO  server.RaftServerConfigKeys (ConfUtils.java:logGet(43)) - raft.server.log.force.sync.num = 128 (default)
2019-10-14 13:00:21,468 [pool-247-thread-1] INFO  server.RaftServerConfigKeys (ConfUtils.java:logGet(43)) - raft.server.log.statemachine.data.sync = true (default)
2019-10-14 13:00:21,469 [pool-267-thread-1] INFO  server.RaftServerConfigKeys (ConfUtils.java:logGet(43)) - raft.server.log.statemachine.data.sync = true (default)
2019-10-14 13:00:21,469 [pool-247-thread-1] INFO  server.RaftServerConfigKeys (ConfUtils.java:logGet(43)) - raft.server.log.statemachine.data.sync.timeout = 10s (default)
2019-10-14 13:00:21,469 [pool-247-thread-1] INFO  server.RaftServerConfigKeys (ConfUtils.java:logGet(43)) - raft.server.log.statemachine.data.sync.timeout.retry = -1 (default)
2019-10-14 13:00:21,469 [pool-267-thread-1] INFO  server.RaftServerConfigKeys (ConfUtils.java:logGet(43)) - raft.server.log.statemachine.data.sync.timeout = 10s (default)
2019-10-14 13:00:21,469 [pool-247-thread-1] INFO  server.RaftServerConfigKeys (ConfUtils.java:logGet(43)) - raft.server.log.statemachine.data.caching.enabled = true (custom)
2019-10-14 13:00:21,469 [pool-267-thread-1] INFO  server.RaftServerConfigKeys (ConfUtils.java:logGet(43)) - raft.server.log.statemachine.data.sync.timeout.retry = -1 (default)
2019-10-14 13:00:21,469 [pool-247-thread-1] INFO  segmented.SegmentedRaftLogWorker (SegmentedRaftLogWorker.java:lambda$new$0(128)) - 644ed2c9-5711-47af-adb7-dab428ebce56@group-EDAC3AB1FD41-SegmentedRaftLogWorker: flushIndex: setUnconditionally 0 -> -1
2019-10-14 13:00:21,469 [pool-267-thread-1] INFO  server.RaftServerConfigKeys (ConfUtils.java:logGet(43)) - raft.server.log.statemachine.data.caching.enabled = true (custom)
2019-10-14 13:00:21,470 [pool-247-thread-1] INFO  server.RaftServerConfigKeys (ConfUtils.java:logGet(43)) - raft.server.snapshot.auto.trigger.enabled = true (custom)
2019-10-14 13:00:21,470 [pool-247-thread-1] INFO  server.RaftServerConfigKeys (ConfUtils.java:logGet(43)) - raft.server.snapshot.auto.trigger.threshold = 10000 (custom)
2019-10-14 13:00:21,470 [pool-267-thread-1] INFO  segmented.SegmentedRaftLogWorker (SegmentedRaftLogWorker.java:lambda$new$0(128)) - 762b5686-d2e5-4fc1-834c-abdcf4b4e357@group-EDAC3AB1FD41-SegmentedRaftLogWorker: flushIndex: setUnconditionally 0 -> -1
2019-10-14 13:00:21,470 [pool-247-thread-1] INFO  server.RaftServerConfigKeys (ConfUtils.java:logGet(43)) - raft.server.snapshot.retention.file.num = 5 (custom)
2019-10-14 13:00:21,470 [pool-257-thread-1] INFO  impl.RaftServerImpl (RaftServerImpl.java:start(181)) - 38295e66-f96d-4966-82db-c27c919857a1@group-EDAC3AB1FD41: start as a follower, conf=-1: [762b5686-d2e5-4fc1-834c-abdcf4b4e357:192.168.151.107:34476, 644ed2c9-5711-47af-adb7-dab428ebce56:192.168.151.107:44692, 38295e66-f96d-4966-82db-c27c919857a1:192.168.151.107:38069], old=null
2019-10-14 13:00:21,470 [pool-267-thread-1] INFO  server.RaftServerConfigKeys (ConfUtils.java:logGet(43)) - raft.server.snapshot.auto.trigger.enabled = true (custom)
2019-10-14 13:00:21,470 [pool-247-thread-1] INFO  server.RaftServerConfigKeys (ConfUtils.java:logGet(43)) - raft.server.retrycache.expirytime = 600000ms (custom)
2019-10-14 13:00:21,470 [pool-267-thread-1] INFO  server.RaftServerConfigKeys (ConfUtils.java:logGet(43)) - raft.server.snapshot.auto.trigger.threshold = 10000 (custom)
2019-10-14 13:00:21,470 [pool-257-thread-1] INFO  impl.RaftServerImpl (RaftServerImpl.java:setRole(170)) - 38295e66-f96d-4966-82db-c27c919857a1@group-EDAC3AB1FD41: changes role from      null to FOLLOWER at term 0 for startAsFollower
2019-10-14 13:00:21,471 [pool-267-thread-1] INFO  server.RaftServerConfigKeys (ConfUtils.java:logGet(43)) - raft.server.snapshot.retention.file.num = 5 (custom)
2019-10-14 13:00:21,471 [pool-257-thread-1] INFO  impl.RoleInfo (RoleInfo.java:updateAndGet(143)) - 38295e66-f96d-4966-82db-c27c919857a1: start FollowerState
2019-10-14 13:00:21,471 [pool-267-thread-1] INFO  server.RaftServerConfigKeys (ConfUtils.java:logGet(43)) - raft.server.retrycache.expirytime = 600000ms (custom)
2019-10-14 13:00:21,471 [pool-257-thread-1] INFO  util.JmxRegister (JmxRegister.java:tryRegister(44)) - Successfully registered JMX Bean with object name Ratis:service=RaftServer,group=group-EDAC3AB1FD41,id=38295e66-f96d-4966-82db-c27c919857a1
2019-10-14 13:00:21,472 [pool-247-thread-1] INFO  impl.RaftServerImpl (RaftServerImpl.java:start(181)) - 644ed2c9-5711-47af-adb7-dab428ebce56@group-EDAC3AB1FD41: start as a follower, conf=-1: [762b5686-d2e5-4fc1-834c-abdcf4b4e357:192.168.151.107:34476, 644ed2c9-5711-47af-adb7-dab428ebce56:192.168.151.107:44692, 38295e66-f96d-4966-82db-c27c919857a1:192.168.151.107:38069], old=null
2019-10-14 13:00:21,472 [pool-247-thread-1] INFO  impl.RaftServerImpl (RaftServerImpl.java:setRole(170)) - 644ed2c9-5711-47af-adb7-dab428ebce56@group-EDAC3AB1FD41: changes role from      null to FOLLOWER at term 0 for startAsFollower
2019-10-14 13:00:21,472 [pool-247-thread-1] INFO  impl.RoleInfo (RoleInfo.java:updateAndGet(143)) - 644ed2c9-5711-47af-adb7-dab428ebce56: start FollowerState
2019-10-14 13:00:21,472 [pool-247-thread-1] INFO  util.JmxRegister (JmxRegister.java:tryRegister(44)) - Successfully registered JMX Bean with object name Ratis:service=RaftServer,group=group-EDAC3AB1FD41,id=644ed2c9-5711-47af-adb7-dab428ebce56
2019-10-14 13:00:21,474 [pool-267-thread-1] INFO  impl.RaftServerImpl (RaftServerImpl.java:start(181)) - 762b5686-d2e5-4fc1-834c-abdcf4b4e357@group-EDAC3AB1FD41: start as a follower, conf=-1: [762b5686-d2e5-4fc1-834c-abdcf4b4e357:192.168.151.107:34476, 644ed2c9-5711-47af-adb7-dab428ebce56:192.168.151.107:44692, 38295e66-f96d-4966-82db-c27c919857a1:192.168.151.107:38069], old=null
2019-10-14 13:00:21,474 [pool-267-thread-1] INFO  impl.RaftServerImpl (RaftServerImpl.java:setRole(170)) - 762b5686-d2e5-4fc1-834c-abdcf4b4e357@group-EDAC3AB1FD41: changes role from      null to FOLLOWER at term 0 for startAsFollower
2019-10-14 13:00:21,474 [pool-267-thread-1] INFO  impl.RoleInfo (RoleInfo.java:updateAndGet(143)) - 762b5686-d2e5-4fc1-834c-abdcf4b4e357: start FollowerState
2019-10-14 13:00:21,475 [pool-267-thread-1] INFO  util.JmxRegister (JmxRegister.java:tryRegister(44)) - Successfully registered JMX Bean with object name Ratis:service=RaftServer,group=group-EDAC3AB1FD41,id=762b5686-d2e5-4fc1-834c-abdcf4b4e357
2019-10-14 13:00:21,478 [RatisPipelineUtilsThread] INFO  pipeline.PipelineStateManager (PipelineStateManager.java:addPipeline(56)) - Created pipeline Pipeline[ Id: 4a9df47a-1de3-4600-be60-edac3ab1fd41, Nodes: 644ed2c9-5711-47af-adb7-dab428ebce56{ip: 192.168.151.107, host: pr-hdds-2299-hlwdq-549545603, networkLocation: /default-rack, certSerialId: null}38295e66-f96d-4966-82db-c27c919857a1{ip: 192.168.151.107, host: pr-hdds-2299-hlwdq-549545603, networkLocation: /default-rack, certSerialId: null}762b5686-d2e5-4fc1-834c-abdcf4b4e357{ip: 192.168.151.107, host: pr-hdds-2299-hlwdq-549545603, networkLocation: /default-rack, certSerialId: null}, Type:RATIS, Factor:THREE, State:OPEN]
2019-10-14 13:00:22,358 [main] INFO  ozone.MiniOzoneClusterImpl (MiniOzoneClusterImpl.java:lambda$waitForClusterToBeReady$0(147)) - Cluster is ready. Got 7 of 7 DN Heartbeats.
2019-10-14 13:00:22,403 [main] INFO  rpc.RpcClient (RpcClient.java:createVolume(272)) - Creating Volume: watchforcommithandlingtest, with jenkins1000 as owner.
2019-10-14 13:00:22,407 [IPC Server handler 1 on 36952] INFO  volume.OMVolumeCreateRequest (OMVolumeCreateRequest.java:validateAndUpdateCache(193)) - created volume:watchforcommithandlingtest for user:jenkins1000
2019-10-14 13:00:22,423 [main] INFO  rpc.RpcClient (RpcClient.java:createBucket(411)) - Creating Bucket: watchforcommithandlingtest/watchforcommithandlingtest, with Versioning false and Storage Type set to DISK and Encryption set to false 
2019-10-14 13:00:22,426 [main] INFO  ozone.MiniOzoneClusterImpl (MiniOzoneClusterImpl.java:getStorageContainerLocationClient(234)) - Creating StorageContainerLocationProtocol RPC client with address /0.0.0.0:41972
2019-10-14 13:00:23,984 [Thread-1418] INFO  container.ReplicationManager (ReplicationManager.java:start(162)) - Starting Replication Monitor Thread.
2019-10-14 13:00:23,988 [ReplicationMonitor] INFO  container.ReplicationManager (ReplicationManager.java:run(225)) - Replication Monitor Thread took 0 milliseconds for processing 1 containers.
2019-10-14 13:00:26,144 [Thread-1423] INFO  impl.FollowerState (FollowerState.java:run(108)) - 1da6bb09-916d-4199-b6ac-9e9059830af0@group-F0132966E86E-FollowerState: change to CANDIDATE, lastRpcTime:5031ms, electionTimeout:5031ms
2019-10-14 13:00:26,145 [Thread-1423] INFO  impl.RoleInfo (RoleInfo.java:shutdownFollowerState(121)) - 1da6bb09-916d-4199-b6ac-9e9059830af0: shutdown FollowerState
2019-10-14 13:00:26,146 [Thread-1423] INFO  impl.RaftServerImpl (RaftServerImpl.java:setRole(170)) - 1da6bb09-916d-4199-b6ac-9e9059830af0@group-F0132966E86E: changes role from  FOLLOWER to CANDIDATE at term 0 for changeToCandidate
2019-10-14 13:00:26,146 [Thread-1423] INFO  impl.RoleInfo (RoleInfo.java:updateAndGet(143)) - 1da6bb09-916d-4199-b6ac-9e9059830af0: start LeaderElection
2019-10-14 13:00:26,156 [Thread-1420] INFO  impl.FollowerState (FollowerState.java:run(108)) - 3f353dff-fbf1-45e1-b8dc-90047666ac7f@group-2D602F6BD11F-FollowerState: change to CANDIDATE, lastRpcTime:5113ms, electionTimeout:5112ms
2019-10-14 13:00:26,156 [Thread-1420] INFO  impl.RoleInfo (RoleInfo.java:shutdownFollowerState(121)) - 3f353dff-fbf1-45e1-b8dc-90047666ac7f: shutdown FollowerState
2019-10-14 13:00:26,156 [Thread-1420] INFO  impl.RaftServerImpl (RaftServerImpl.java:setRole(170)) - 3f353dff-fbf1-45e1-b8dc-90047666ac7f@group-2D602F6BD11F: changes role from  FOLLOWER to CANDIDATE at term 0 for changeToCandidate
2019-10-14 13:00:26,156 [Thread-1420] INFO  impl.RoleInfo (RoleInfo.java:updateAndGet(143)) - 3f353dff-fbf1-45e1-b8dc-90047666ac7f: start LeaderElection
2019-10-14 13:00:26,182 [3f353dff-fbf1-45e1-b8dc-90047666ac7f@group-2D602F6BD11F-LeaderElection29] INFO  impl.LeaderElection (LeaderElection.java:askForVotes(178)) - 3f353dff-fbf1-45e1-b8dc-90047666ac7f@group-2D602F6BD11F-LeaderElection29: begin an election at term 1 for -1: [3f353dff-fbf1-45e1-b8dc-90047666ac7f:192.168.151.107:44834], old=null
2019-10-14 13:00:26,182 [1da6bb09-916d-4199-b6ac-9e9059830af0@group-F0132966E86E-LeaderElection28] INFO  impl.LeaderElection (LeaderElection.java:askForVotes(178)) - 1da6bb09-916d-4199-b6ac-9e9059830af0@group-F0132966E86E-LeaderElection28: begin an election at term 1 for -1: [1da6bb09-916d-4199-b6ac-9e9059830af0:192.168.151.107:39723], old=null
2019-10-14 13:00:26,182 [3f353dff-fbf1-45e1-b8dc-90047666ac7f@group-2D602F6BD11F-LeaderElection29] INFO  impl.RoleInfo (RoleInfo.java:shutdownLeaderElection(134)) - 3f353dff-fbf1-45e1-b8dc-90047666ac7f: shutdown LeaderElection
2019-10-14 13:00:26,182 [1da6bb09-916d-4199-b6ac-9e9059830af0@group-F0132966E86E-LeaderElection28] INFO  impl.RoleInfo (RoleInfo.java:shutdownLeaderElection(134)) - 1da6bb09-916d-4199-b6ac-9e9059830af0: shutdown LeaderElection
2019-10-14 13:00:26,183 [3f353dff-fbf1-45e1-b8dc-90047666ac7f@group-2D602F6BD11F-LeaderElection29] INFO  impl.RaftServerImpl (RaftServerImpl.java:setRole(170)) - 3f353dff-fbf1-45e1-b8dc-90047666ac7f@group-2D602F6BD11F: changes role from CANDIDATE to LEADER at term 1 for changeToLeader
2019-10-14 13:00:26,183 [1da6bb09-916d-4199-b6ac-9e9059830af0@group-F0132966E86E-LeaderElection28] INFO  impl.RaftServerImpl (RaftServerImpl.java:setRole(170)) - 1da6bb09-916d-4199-b6ac-9e9059830af0@group-F0132966E86E: changes role from CANDIDATE to LEADER at term 1 for changeToLeader
2019-10-14 13:00:26,183 [3f353dff-fbf1-45e1-b8dc-90047666ac7f@group-2D602F6BD11F-LeaderElection29] INFO  impl.RaftServerImpl (ServerState.java:setLeader(255)) - 3f353dff-fbf1-45e1-b8dc-90047666ac7f@group-2D602F6BD11F: change Leader from null to 3f353dff-fbf1-45e1-b8dc-90047666ac7f at term 1 for becomeLeader, leader elected after 5152ms
2019-10-14 13:00:26,183 [1da6bb09-916d-4199-b6ac-9e9059830af0@group-F0132966E86E-LeaderElection28] INFO  impl.RaftServerImpl (ServerState.java:setLeader(255)) - 1da6bb09-916d-4199-b6ac-9e9059830af0@group-F0132966E86E: change Leader from null to 1da6bb09-916d-4199-b6ac-9e9059830af0 at term 1 for becomeLeader, leader elected after 5079ms
2019-10-14 13:00:26,183 [3f353dff-fbf1-45e1-b8dc-90047666ac7f@group-2D602F6BD11F-LeaderElection29] INFO  server.RaftServerConfigKeys (ConfUtils.java:logGet(43)) - raft.server.staging.catchup.gap = 1000 (default)
2019-10-14 13:00:26,183 [1da6bb09-916d-4199-b6ac-9e9059830af0@group-F0132966E86E-LeaderElection28] INFO  server.RaftServerConfigKeys (ConfUtils.java:logGet(43)) - raft.server.staging.catchup.gap = 1000 (default)
2019-10-14 13:00:26,183 [3f353dff-fbf1-45e1-b8dc-90047666ac7f@group-2D602F6BD11F-LeaderElection29] INFO  server.RaftServerConfigKeys (ConfUtils.java:logGet(43)) - raft.server.rpc.sleep.time = 25ms (default)
2019-10-14 13:00:26,184 [1da6bb09-916d-4199-b6ac-9e9059830af0@group-F0132966E86E-LeaderElection28] INFO  server.RaftServerConfigKeys (ConfUtils.java:logGet(43)) - raft.server.rpc.sleep.time = 25ms (default)
2019-10-14 13:00:26,184 [3f353dff-fbf1-45e1-b8dc-90047666ac7f@group-2D602F6BD11F-LeaderElection29] INFO  server.RaftServerConfigKeys (ConfUtils.java:logGet(43)) - raft.server.write.element-limit = 4096 (default)
2019-10-14 13:00:26,184 [1da6bb09-916d-4199-b6ac-9e9059830af0@group-F0132966E86E-LeaderElection28] INFO  server.RaftServerConfigKeys (ConfUtils.java:logGet(43)) - raft.server.write.element-limit = 4096 (default)
2019-10-14 13:00:26,184 [3f353dff-fbf1-45e1-b8dc-90047666ac7f@group-2D602F6BD11F-LeaderElection29] INFO  server.RaftServerConfigKeys (ConfUtils.java:logGet(43)) - raft.server.watch.timeout = 10s (default)
2019-10-14 13:00:26,184 [1da6bb09-916d-4199-b6ac-9e9059830af0@group-F0132966E86E-LeaderElection28] INFO  server.RaftServerConfigKeys (ConfUtils.java:logGet(43)) - raft.server.watch.timeout = 10s (default)
2019-10-14 13:00:26,184 [3f353dff-fbf1-45e1-b8dc-90047666ac7f@group-2D602F6BD11F-LeaderElection29] INFO  server.RaftServerConfigKeys (ConfUtils.java:logGet(43)) - raft.server.watch.timeout.denomination = 1s (default)
2019-10-14 13:00:26,184 [1da6bb09-916d-4199-b6ac-9e9059830af0@group-F0132966E86E-LeaderElection28] INFO  server.RaftServerConfigKeys (ConfUtils.java:logGet(43)) - raft.server.watch.timeout.denomination = 1s (default)
2019-10-14 13:00:26,184 [3f353dff-fbf1-45e1-b8dc-90047666ac7f@group-2D602F6BD11F-LeaderElection29] INFO  server.RaftServerConfigKeys (ConfUtils.java:logGet(43)) - raft.server.watch.element-limit = 65536 (default)
2019-10-14 13:00:26,185 [1da6bb09-916d-4199-b6ac-9e9059830af0@group-F0132966E86E-LeaderElection28] INFO  server.RaftServerConfigKeys (ConfUtils.java:logGet(43)) - raft.server.watch.element-limit = 65536 (default)
2019-10-14 13:00:26,189 [3f353dff-fbf1-45e1-b8dc-90047666ac7f@group-2D602F6BD11F-LeaderElection29] INFO  impl.RoleInfo (RoleInfo.java:updateAndGet(143)) - 3f353dff-fbf1-45e1-b8dc-90047666ac7f: start LeaderState
2019-10-14 13:00:26,189 [1da6bb09-916d-4199-b6ac-9e9059830af0@group-F0132966E86E-LeaderElection28] INFO  impl.RoleInfo (RoleInfo.java:updateAndGet(143)) - 1da6bb09-916d-4199-b6ac-9e9059830af0: start LeaderState
2019-10-14 13:00:26,189 [3f353dff-fbf1-45e1-b8dc-90047666ac7f@group-2D602F6BD11F-LeaderElection29] INFO  segmented.SegmentedRaftLogWorker (SegmentedRaftLogWorker.java:startLogSegment(385)) - 3f353dff-fbf1-45e1-b8dc-90047666ac7f@group-2D602F6BD11F-SegmentedRaftLogWorker: Starting segment from index:0
2019-10-14 13:00:26,189 [1da6bb09-916d-4199-b6ac-9e9059830af0@group-F0132966E86E-LeaderElection28] INFO  segmented.SegmentedRaftLogWorker (SegmentedRaftLogWorker.java:startLogSegment(385)) - 1da6bb09-916d-4199-b6ac-9e9059830af0@group-F0132966E86E-SegmentedRaftLogWorker: Starting segment from index:0
2019-10-14 13:00:26,190 [3f353dff-fbf1-45e1-b8dc-90047666ac7f@group-2D602F6BD11F-LeaderElection29] INFO  impl.RaftServerImpl (ServerState.java:setRaftConf(356)) - 3f353dff-fbf1-45e1-b8dc-90047666ac7f@group-2D602F6BD11F: set configuration 0: [3f353dff-fbf1-45e1-b8dc-90047666ac7f:192.168.151.107:44834], old=null at 0
2019-10-14 13:00:26,190 [1da6bb09-916d-4199-b6ac-9e9059830af0@group-F0132966E86E-LeaderElection28] INFO  impl.RaftServerImpl (ServerState.java:setRaftConf(356)) - 1da6bb09-916d-4199-b6ac-9e9059830af0@group-F0132966E86E: set configuration 0: [1da6bb09-916d-4199-b6ac-9e9059830af0:192.168.151.107:39723], old=null at 0
2019-10-14 13:00:26,229 [3f353dff-fbf1-45e1-b8dc-90047666ac7f@group-2D602F6BD11F-SegmentedRaftLogWorker] INFO  segmented.SegmentedRaftLogWorker (SegmentedRaftLogWorker.java:execute(574)) - 3f353dff-fbf1-45e1-b8dc-90047666ac7f@group-2D602F6BD11F-SegmentedRaftLogWorker: created new log segment /workdir/hadoop-ozone/integration-test/target/test-dir/MiniOzoneClusterImpl-25d4ef13-1b97-4b93-afc7-b45b15e79a23/datanode-0/data/ratis/af89c1a2-5ad7-4df2-ac81-2d602f6bd11f/current/log_inprogress_0
2019-10-14 13:00:26,229 [1da6bb09-916d-4199-b6ac-9e9059830af0@group-F0132966E86E-SegmentedRaftLogWorker] INFO  segmented.SegmentedRaftLogWorker (SegmentedRaftLogWorker.java:execute(574)) - 1da6bb09-916d-4199-b6ac-9e9059830af0@group-F0132966E86E-SegmentedRaftLogWorker: created new log segment /workdir/hadoop-ozone/integration-test/target/test-dir/MiniOzoneClusterImpl-25d4ef13-1b97-4b93-afc7-b45b15e79a23/datanode-1/data/ratis/5127eae7-58cd-4f32-8481-f0132966e86e/current/log_inprogress_0
2019-10-14 13:00:26,242 [Thread-1429] INFO  impl.FollowerState (FollowerState.java:run(108)) - 7a4de56c-1214-4d1e-9522-9092a7b30755@group-9C429AE53DE3-FollowerState: change to CANDIDATE, lastRpcTime:5029ms, electionTimeout:5029ms
2019-10-14 13:00:26,242 [Thread-1429] INFO  impl.RoleInfo (RoleInfo.java:shutdownFollowerState(121)) - 7a4de56c-1214-4d1e-9522-9092a7b30755: shutdown FollowerState
2019-10-14 13:00:26,242 [Thread-1429] INFO  impl.RaftServerImpl (RaftServerImpl.java:setRole(170)) - 7a4de56c-1214-4d1e-9522-9092a7b30755@group-9C429AE53DE3: changes role from  FOLLOWER to CANDIDATE at term 0 for changeToCandidate
2019-10-14 13:00:26,242 [Thread-1429] INFO  impl.RoleInfo (RoleInfo.java:updateAndGet(143)) - 7a4de56c-1214-4d1e-9522-9092a7b30755: start LeaderElection
2019-10-14 13:00:26,261 [7a4de56c-1214-4d1e-9522-9092a7b30755@group-9C429AE53DE3-LeaderElection30] INFO  impl.LeaderElection (LeaderElection.java:askForVotes(178)) - 7a4de56c-1214-4d1e-9522-9092a7b30755@group-9C429AE53DE3-LeaderElection30: begin an election at term 1 for -1: [7a4de56c-1214-4d1e-9522-9092a7b30755:192.168.151.107:38444], old=null
2019-10-14 13:00:26,262 [7a4de56c-1214-4d1e-9522-9092a7b30755@group-9C429AE53DE3-LeaderElection30] INFO  impl.RoleInfo (RoleInfo.java:shutdownLeaderElection(134)) - 7a4de56c-1214-4d1e-9522-9092a7b30755: shutdown LeaderElection
2019-10-14 13:00:26,262 [7a4de56c-1214-4d1e-9522-9092a7b30755@group-9C429AE53DE3-LeaderElection30] INFO  impl.RaftServerImpl (RaftServerImpl.java:setRole(170)) - 7a4de56c-1214-4d1e-9522-9092a7b30755@group-9C429AE53DE3: changes role from CANDIDATE to LEADER at term 1 for changeToLeader
2019-10-14 13:00:26,262 [7a4de56c-1214-4d1e-9522-9092a7b30755@group-9C429AE53DE3-LeaderElection30] INFO  impl.RaftServerImpl (ServerState.java:setLeader(255)) - 7a4de56c-1214-4d1e-9522-9092a7b30755@group-9C429AE53DE3: change Leader from null to 7a4de56c-1214-4d1e-9522-9092a7b30755 at term 1 for becomeLeader, leader elected after 5055ms
2019-10-14 13:00:26,262 [7a4de56c-1214-4d1e-9522-9092a7b30755@group-9C429AE53DE3-LeaderElection30] INFO  server.RaftServerConfigKeys (ConfUtils.java:logGet(43)) - raft.server.staging.catchup.gap = 1000 (default)
2019-10-14 13:00:26,262 [7a4de56c-1214-4d1e-9522-9092a7b30755@group-9C429AE53DE3-LeaderElection30] INFO  server.RaftServerConfigKeys (ConfUtils.java:logGet(43)) - raft.server.rpc.sleep.time = 25ms (default)
2019-10-14 13:00:26,262 [7a4de56c-1214-4d1e-9522-9092a7b30755@group-9C429AE53DE3-LeaderElection30] INFO  server.RaftServerConfigKeys (ConfUtils.java:logGet(43)) - raft.server.write.element-limit = 4096 (default)
2019-10-14 13:00:26,262 [7a4de56c-1214-4d1e-9522-9092a7b30755@group-9C429AE53DE3-LeaderElection30] INFO  server.RaftServerConfigKeys (ConfUtils.java:logGet(43)) - raft.server.watch.timeout = 10s (default)
2019-10-14 13:00:26,262 [7a4de56c-1214-4d1e-9522-9092a7b30755@group-9C429AE53DE3-LeaderElection30] INFO  server.RaftServerConfigKeys (ConfUtils.java:logGet(43)) - raft.server.watch.timeout.denomination = 1s (default)
2019-10-14 13:00:26,262 [7a4de56c-1214-4d1e-9522-9092a7b30755@group-9C429AE53DE3-LeaderElection30] INFO  server.RaftServerConfigKeys (ConfUtils.java:logGet(43)) - raft.server.watch.element-limit = 65536 (default)
2019-10-14 13:00:26,265 [7a4de56c-1214-4d1e-9522-9092a7b30755@group-9C429AE53DE3-LeaderElection30] INFO  impl.RoleInfo (RoleInfo.java:updateAndGet(143)) - 7a4de56c-1214-4d1e-9522-9092a7b30755: start LeaderState
2019-10-14 13:00:26,265 [7a4de56c-1214-4d1e-9522-9092a7b30755@group-9C429AE53DE3-LeaderElection30] INFO  segmented.SegmentedRaftLogWorker (SegmentedRaftLogWorker.java:startLogSegment(385)) - 7a4de56c-1214-4d1e-9522-9092a7b30755@group-9C429AE53DE3-SegmentedRaftLogWorker: Starting segment from index:0
2019-10-14 13:00:26,265 [7a4de56c-1214-4d1e-9522-9092a7b30755@group-9C429AE53DE3-LeaderElection30] INFO  impl.RaftServerImpl (ServerState.java:setRaftConf(356)) - 7a4de56c-1214-4d1e-9522-9092a7b30755@group-9C429AE53DE3: set configuration 0: [7a4de56c-1214-4d1e-9522-9092a7b30755:192.168.151.107:38444], old=null at 0
2019-10-14 13:00:26,272 [Thread-1436] INFO  impl.FollowerState (FollowerState.java:run(108)) - 3f353dff-fbf1-45e1-b8dc-90047666ac7f@group-FDD512E035A0-FollowerState: change to CANDIDATE, lastRpcTime:5004ms, electionTimeout:5004ms
2019-10-14 13:00:26,272 [Thread-1436] INFO  impl.RoleInfo (RoleInfo.java:shutdownFollowerState(121)) - 3f353dff-fbf1-45e1-b8dc-90047666ac7f: shutdown FollowerState
2019-10-14 13:00:26,272 [Thread-1436] INFO  impl.RaftServerImpl (RaftServerImpl.java:setRole(170)) - 3f353dff-fbf1-45e1-b8dc-90047666ac7f@group-FDD512E035A0: changes role from  FOLLOWER to CANDIDATE at term 0 for changeToCandidate
2019-10-14 13:00:26,273 [Thread-1436] INFO  impl.RoleInfo (RoleInfo.java:updateAndGet(143)) - 3f353dff-fbf1-45e1-b8dc-90047666ac7f: start LeaderElection
2019-10-14 13:00:26,299 [Thread-1426] INFO  impl.FollowerState (FollowerState.java:run(108)) - 82ffce00-55a6-43cb-a809-ae8d063a0f95@group-65B7ACDCE826-FollowerState: change to CANDIDATE, lastRpcTime:5137ms, electionTimeout:5112ms
2019-10-14 13:00:26,305 [Thread-1426] INFO  impl.RoleInfo (RoleInfo.java:shutdownFollowerState(121)) - 82ffce00-55a6-43cb-a809-ae8d063a0f95: shutdown FollowerState
2019-10-14 13:00:26,305 [Thread-1426] INFO  impl.RaftServerImpl (RaftServerImpl.java:setRole(170)) - 82ffce00-55a6-43cb-a809-ae8d063a0f95@group-65B7ACDCE826: changes role from  FOLLOWER to CANDIDATE at term 0 for changeToCandidate
2019-10-14 13:00:26,305 [Thread-1426] INFO  impl.RoleInfo (RoleInfo.java:updateAndGet(143)) - 82ffce00-55a6-43cb-a809-ae8d063a0f95: start LeaderElection
2019-10-14 13:00:26,313 [7a4de56c-1214-4d1e-9522-9092a7b30755@group-9C429AE53DE3-SegmentedRaftLogWorker] INFO  segmented.SegmentedRaftLogWorker (SegmentedRaftLogWorker.java:execute(574)) - 7a4de56c-1214-4d1e-9522-9092a7b30755@group-9C429AE53DE3-SegmentedRaftLogWorker: created new log segment /workdir/hadoop-ozone/integration-test/target/test-dir/MiniOzoneClusterImpl-25d4ef13-1b97-4b93-afc7-b45b15e79a23/datanode-3/data/ratis/a7a91267-6823-4ee8-a2d2-9c429ae53de3/current/log_inprogress_0
2019-10-14 13:00:26,313 [3f353dff-fbf1-45e1-b8dc-90047666ac7f@group-FDD512E035A0-LeaderElection31] INFO  impl.LeaderElection (LeaderElection.java:askForVotes(178)) - 3f353dff-fbf1-45e1-b8dc-90047666ac7f@group-FDD512E035A0-LeaderElection31: begin an election at term 1 for -1: [1da6bb09-916d-4199-b6ac-9e9059830af0:192.168.151.107:39723, 82ffce00-55a6-43cb-a809-ae8d063a0f95:192.168.151.107:43159, 3f353dff-fbf1-45e1-b8dc-90047666ac7f:192.168.151.107:44834], old=null
2019-10-14 13:00:26,319 [grpc-default-executor-2] INFO  impl.RaftServerImpl (RaftServerImpl.java:setRole(170)) - 1da6bb09-916d-4199-b6ac-9e9059830af0@group-FDD512E035A0: changes role from  FOLLOWER to FOLLOWER at term 1 for recognizeCandidate:3f353dff-fbf1-45e1-b8dc-90047666ac7f
2019-10-14 13:00:26,319 [grpc-default-executor-1] INFO  impl.RaftServerImpl (RaftServerImpl.java:setRole(170)) - 82ffce00-55a6-43cb-a809-ae8d063a0f95@group-FDD512E035A0: changes role from  FOLLOWER to FOLLOWER at term 1 for recognizeCandidate:3f353dff-fbf1-45e1-b8dc-90047666ac7f
2019-10-14 13:00:26,319 [grpc-default-executor-2] INFO  impl.RoleInfo (RoleInfo.java:shutdownFollowerState(121)) - 1da6bb09-916d-4199-b6ac-9e9059830af0: shutdown FollowerState
2019-10-14 13:00:26,319 [grpc-default-executor-1] INFO  impl.RoleInfo (RoleInfo.java:shutdownFollowerState(121)) - 82ffce00-55a6-43cb-a809-ae8d063a0f95: shutdown FollowerState
2019-10-14 13:00:26,319 [Thread-1434] INFO  impl.FollowerState (FollowerState.java:run(117)) - 1da6bb09-916d-4199-b6ac-9e9059830af0@group-FDD512E035A0-FollowerState was interrupted: java.lang.InterruptedException: sleep interrupted
2019-10-14 13:00:26,319 [grpc-default-executor-2] INFO  impl.RoleInfo (RoleInfo.java:updateAndGet(143)) - 1da6bb09-916d-4199-b6ac-9e9059830af0: start FollowerState
2019-10-14 13:00:26,320 [Thread-1435] INFO  impl.FollowerState (FollowerState.java:run(117)) - 82ffce00-55a6-43cb-a809-ae8d063a0f95@group-FDD512E035A0-FollowerState was interrupted: java.lang.InterruptedException: sleep interrupted
2019-10-14 13:00:26,320 [grpc-default-executor-1] INFO  impl.RoleInfo (RoleInfo.java:updateAndGet(143)) - 82ffce00-55a6-43cb-a809-ae8d063a0f95: start FollowerState
2019-10-14 13:00:26,332 [82ffce00-55a6-43cb-a809-ae8d063a0f95@group-65B7ACDCE826-LeaderElection32] INFO  impl.LeaderElection (LeaderElection.java:askForVotes(178)) - 82ffce00-55a6-43cb-a809-ae8d063a0f95@group-65B7ACDCE826-LeaderElection32: begin an election at term 1 for -1: [82ffce00-55a6-43cb-a809-ae8d063a0f95:192.168.151.107:43159], old=null
2019-10-14 13:00:26,332 [82ffce00-55a6-43cb-a809-ae8d063a0f95@group-65B7ACDCE826-LeaderElection32] INFO  impl.RoleInfo (RoleInfo.java:shutdownLeaderElection(134)) - 82ffce00-55a6-43cb-a809-ae8d063a0f95: shutdown LeaderElection
2019-10-14 13:00:26,332 [82ffce00-55a6-43cb-a809-ae8d063a0f95@group-65B7ACDCE826-LeaderElection32] INFO  impl.RaftServerImpl (RaftServerImpl.java:setRole(170)) - 82ffce00-55a6-43cb-a809-ae8d063a0f95@group-65B7ACDCE826: changes role from CANDIDATE to LEADER at term 1 for changeToLeader
2019-10-14 13:00:26,332 [82ffce00-55a6-43cb-a809-ae8d063a0f95@group-65B7ACDCE826-LeaderElection32] INFO  impl.RaftServerImpl (ServerState.java:setLeader(255)) - 82ffce00-55a6-43cb-a809-ae8d063a0f95@group-65B7ACDCE826: change Leader from null to 82ffce00-55a6-43cb-a809-ae8d063a0f95 at term 1 for becomeLeader, leader elected after 5177ms
2019-10-14 13:00:26,333 [82ffce00-55a6-43cb-a809-ae8d063a0f95@group-65B7ACDCE826-LeaderElection32] INFO  server.RaftServerConfigKeys (ConfUtils.java:logGet(43)) - raft.server.staging.catchup.gap = 1000 (default)
2019-10-14 13:00:26,333 [82ffce00-55a6-43cb-a809-ae8d063a0f95@group-65B7ACDCE826-LeaderElection32] INFO  server.RaftServerConfigKeys (ConfUtils.java:logGet(43)) - raft.server.rpc.sleep.time = 25ms (default)
2019-10-14 13:00:26,333 [3f353dff-fbf1-45e1-b8dc-90047666ac7f@group-FDD512E035A0-LeaderElection31] INFO  impl.LeaderElection (LeaderElection.java:logAndReturn(56)) - 3f353dff-fbf1-45e1-b8dc-90047666ac7f@group-FDD512E035A0-LeaderElection31: Election PASSED; received 1 response(s) [3f353dff-fbf1-45e1-b8dc-90047666ac7f<-1da6bb09-916d-4199-b6ac-9e9059830af0#0:OK-t1] and 0 exception(s); 3f353dff-fbf1-45e1-b8dc-90047666ac7f@group-FDD512E035A0:t1, leader=null, voted=3f353dff-fbf1-45e1-b8dc-90047666ac7f, raftlog=3f353dff-fbf1-45e1-b8dc-90047666ac7f@group-FDD512E035A0-SegmentedRaftLog:OPENED:c-1,f-1,i0, conf=-1: [1da6bb09-916d-4199-b6ac-9e9059830af0:192.168.151.107:39723, 82ffce00-55a6-43cb-a809-ae8d063a0f95:192.168.151.107:43159, 3f353dff-fbf1-45e1-b8dc-90047666ac7f:192.168.151.107:44834], old=null
2019-10-14 13:00:26,333 [82ffce00-55a6-43cb-a809-ae8d063a0f95@group-65B7ACDCE826-LeaderElection32] INFO  server.RaftServerConfigKeys (ConfUtils.java:logGet(43)) - raft.server.write.element-limit = 4096 (default)
2019-10-14 13:00:26,333 [3f353dff-fbf1-45e1-b8dc-90047666ac7f@group-FDD512E035A0-LeaderElection31] INFO  impl.RoleInfo (RoleInfo.java:shutdownLeaderElection(134)) - 3f353dff-fbf1-45e1-b8dc-90047666ac7f: shutdown LeaderElection
2019-10-14 13:00:26,337 [3f353dff-fbf1-45e1-b8dc-90047666ac7f@group-FDD512E035A0-LeaderElection31] INFO  impl.RaftServerImpl (RaftServerImpl.java:setRole(170)) - 3f353dff-fbf1-45e1-b8dc-90047666ac7f@group-FDD512E035A0: changes role from CANDIDATE to LEADER at term 1 for changeToLeader
2019-10-14 13:00:26,333 [82ffce00-55a6-43cb-a809-ae8d063a0f95@group-65B7ACDCE826-LeaderElection32] INFO  server.RaftServerConfigKeys (ConfUtils.java:logGet(43)) - raft.server.watch.timeout = 10s (default)
2019-10-14 13:00:26,337 [3f353dff-fbf1-45e1-b8dc-90047666ac7f@group-FDD512E035A0-LeaderElection31] INFO  impl.RaftServerImpl (ServerState.java:setLeader(255)) - 3f353dff-fbf1-45e1-b8dc-90047666ac7f@group-FDD512E035A0: change Leader from null to 3f353dff-fbf1-45e1-b8dc-90047666ac7f at term 1 for becomeLeader, leader elected after 5079ms
2019-10-14 13:00:26,337 [82ffce00-55a6-43cb-a809-ae8d063a0f95@group-65B7ACDCE826-LeaderElection32] INFO  server.RaftServerConfigKeys (ConfUtils.java:logGet(43)) - raft.server.watch.timeout.denomination = 1s (default)
2019-10-14 13:00:26,337 [3f353dff-fbf1-45e1-b8dc-90047666ac7f@group-FDD512E035A0-LeaderElection31] INFO  server.RaftServerConfigKeys (ConfUtils.java:logGet(43)) - raft.server.staging.catchup.gap = 1000 (default)
2019-10-14 13:00:26,337 [82ffce00-55a6-43cb-a809-ae8d063a0f95@group-65B7ACDCE826-LeaderElection32] INFO  server.RaftServerConfigKeys (ConfUtils.java:logGet(43)) - raft.server.watch.element-limit = 65536 (default)
2019-10-14 13:00:26,337 [3f353dff-fbf1-45e1-b8dc-90047666ac7f@group-FDD512E035A0-LeaderElection31] INFO  server.RaftServerConfigKeys (ConfUtils.java:logGet(43)) - raft.server.rpc.sleep.time = 25ms (default)
2019-10-14 13:00:26,337 [3f353dff-fbf1-45e1-b8dc-90047666ac7f@group-FDD512E035A0-LeaderElection31] INFO  server.RaftServerConfigKeys (ConfUtils.java:logGet(43)) - raft.server.write.element-limit = 4096 (default)
2019-10-14 13:00:26,338 [3f353dff-fbf1-45e1-b8dc-90047666ac7f@group-FDD512E035A0-LeaderElection31] INFO  server.RaftServerConfigKeys (ConfUtils.java:logGet(43)) - raft.server.watch.timeout = 10s (default)
2019-10-14 13:00:26,338 [3f353dff-fbf1-45e1-b8dc-90047666ac7f@group-FDD512E035A0-LeaderElection31] INFO  server.RaftServerConfigKeys (ConfUtils.java:logGet(43)) - raft.server.watch.timeout.denomination = 1s (default)
2019-10-14 13:00:26,338 [3f353dff-fbf1-45e1-b8dc-90047666ac7f@group-FDD512E035A0-LeaderElection31] INFO  server.RaftServerConfigKeys (ConfUtils.java:logGet(43)) - raft.server.watch.element-limit = 65536 (default)
2019-10-14 13:00:26,340 [82ffce00-55a6-43cb-a809-ae8d063a0f95@group-65B7ACDCE826-LeaderElection32] INFO  impl.RoleInfo (RoleInfo.java:updateAndGet(143)) - 82ffce00-55a6-43cb-a809-ae8d063a0f95: start LeaderState
2019-10-14 13:00:26,340 [3f353dff-fbf1-45e1-b8dc-90047666ac7f@group-FDD512E035A0-LeaderElection31] INFO  server.RaftServerConfigKeys (ConfUtils.java:logGet(43)) - raft.server.log.appender.snapshot.chunk.size.max = 16MB (=16777216) (default)
2019-10-14 13:00:26,340 [82ffce00-55a6-43cb-a809-ae8d063a0f95@group-65B7ACDCE826-LeaderElection32] INFO  segmented.SegmentedRaftLogWorker (SegmentedRaftLogWorker.java:startLogSegment(385)) - 82ffce00-55a6-43cb-a809-ae8d063a0f95@group-65B7ACDCE826-SegmentedRaftLogWorker: Starting segment from index:0
2019-10-14 13:00:26,340 [3f353dff-fbf1-45e1-b8dc-90047666ac7f@group-FDD512E035A0-LeaderElection31] INFO  server.RaftServerConfigKeys (ConfUtils.java:logGet(43)) - raft.server.log.appender.buffer.byte-limit = 33554432 (custom)
2019-10-14 13:00:26,340 [3f353dff-fbf1-45e1-b8dc-90047666ac7f@group-FDD512E035A0-LeaderElection31] INFO  server.RaftServerConfigKeys (ConfUtils.java:logGet(43)) - raft.server.log.appender.buffer.element-limit = 1 (custom)
2019-10-14 13:00:26,341 [3f353dff-fbf1-45e1-b8dc-90047666ac7f@group-FDD512E035A0-LeaderElection31] INFO  grpc.GrpcConfigKeys$Server (ConfUtils.java:logGet(43)) - raft.grpc.server.leader.outstanding.appends.max = 128 (default)
2019-10-14 13:00:26,341 [82ffce00-55a6-43cb-a809-ae8d063a0f95@group-65B7ACDCE826-LeaderElection32] INFO  impl.RaftServerImpl (ServerState.java:setRaftConf(356)) - 82ffce00-55a6-43cb-a809-ae8d063a0f95@group-65B7ACDCE826: set configuration 0: [82ffce00-55a6-43cb-a809-ae8d063a0f95:192.168.151.107:43159], old=null at 0
2019-10-14 13:00:26,341 [3f353dff-fbf1-45e1-b8dc-90047666ac7f@group-FDD512E035A0-LeaderElection31] INFO  server.RaftServerConfigKeys (ConfUtils.java:logGet(43)) - raft.server.rpc.request.timeout = 3000ms (default)
2019-10-14 13:00:26,341 [3f353dff-fbf1-45e1-b8dc-90047666ac7f@group-FDD512E035A0-LeaderElection31] INFO  server.RaftServerConfigKeys (ConfUtils.java:logGet(43)) - raft.server.log.appender.install.snapshot.enabled = false (custom)
2019-10-14 13:00:26,341 [3f353dff-fbf1-45e1-b8dc-90047666ac7f@group-FDD512E035A0-LeaderElection31] INFO  server.RaftServerConfigKeys (ConfUtils.java:logGet(43)) - raft.server.log.appender.snapshot.chunk.size.max = 16MB (=16777216) (default)
2019-10-14 13:00:26,341 [3f353dff-fbf1-45e1-b8dc-90047666ac7f@group-FDD512E035A0-LeaderElection31] INFO  server.RaftServerConfigKeys (ConfUtils.java:logGet(43)) - raft.server.log.appender.buffer.byte-limit = 33554432 (custom)
2019-10-14 13:00:26,341 [3f353dff-fbf1-45e1-b8dc-90047666ac7f@group-FDD512E035A0-LeaderElection31] INFO  server.RaftServerConfigKeys (ConfUtils.java:logGet(43)) - raft.server.log.appender.buffer.element-limit = 1 (custom)
2019-10-14 13:00:26,342 [3f353dff-fbf1-45e1-b8dc-90047666ac7f@group-FDD512E035A0-LeaderElection31] INFO  grpc.GrpcConfigKeys$Server (ConfUtils.java:logGet(43)) - raft.grpc.server.leader.outstanding.appends.max = 128 (default)
2019-10-14 13:00:26,342 [3f353dff-fbf1-45e1-b8dc-90047666ac7f@group-FDD512E035A0-LeaderElection31] INFO  server.RaftServerConfigKeys (ConfUtils.java:logGet(43)) - raft.server.rpc.request.timeout = 3000ms (default)
2019-10-14 13:00:26,342 [3f353dff-fbf1-45e1-b8dc-90047666ac7f@group-FDD512E035A0-LeaderElection31] INFO  server.RaftServerConfigKeys (ConfUtils.java:logGet(43)) - raft.server.log.appender.install.snapshot.enabled = false (custom)
2019-10-14 13:00:26,342 [3f353dff-fbf1-45e1-b8dc-90047666ac7f@group-FDD512E035A0-LeaderElection31] INFO  impl.RoleInfo (RoleInfo.java:updateAndGet(143)) - 3f353dff-fbf1-45e1-b8dc-90047666ac7f: start LeaderState
2019-10-14 13:00:26,342 [3f353dff-fbf1-45e1-b8dc-90047666ac7f@group-FDD512E035A0-LeaderElection31] INFO  segmented.SegmentedRaftLogWorker (SegmentedRaftLogWorker.java:startLogSegment(385)) - 3f353dff-fbf1-45e1-b8dc-90047666ac7f@group-FDD512E035A0-SegmentedRaftLogWorker: Starting segment from index:0
2019-10-14 13:00:26,343 [3f353dff-fbf1-45e1-b8dc-90047666ac7f@group-FDD512E035A0-LeaderElection31] INFO  impl.RaftServerImpl (ServerState.java:setRaftConf(356)) - 3f353dff-fbf1-45e1-b8dc-90047666ac7f@group-FDD512E035A0: set configuration 0: [1da6bb09-916d-4199-b6ac-9e9059830af0:192.168.151.107:39723, 82ffce00-55a6-43cb-a809-ae8d063a0f95:192.168.151.107:43159, 3f353dff-fbf1-45e1-b8dc-90047666ac7f:192.168.151.107:44834], old=null at 0
2019-10-14 13:00:26,370 [grpc-default-executor-2] INFO  impl.RaftServerImpl (ServerState.java:setLeader(255)) - 1da6bb09-916d-4199-b6ac-9e9059830af0@group-FDD512E035A0: change Leader from null to 3f353dff-fbf1-45e1-b8dc-90047666ac7f at term 1 for appendEntries, leader elected after 5112ms
2019-10-14 13:00:26,370 [grpc-default-executor-1] INFO  impl.RaftServerImpl (ServerState.java:setLeader(255)) - 82ffce00-55a6-43cb-a809-ae8d063a0f95@group-FDD512E035A0: change Leader from null to 3f353dff-fbf1-45e1-b8dc-90047666ac7f at term 1 for appendEntries, leader elected after 5113ms
2019-10-14 13:00:26,378 [grpc-default-executor-1] INFO  impl.RaftServerImpl (ServerState.java:setRaftConf(356)) - 1da6bb09-916d-4199-b6ac-9e9059830af0@group-FDD512E035A0: set configuration 0: [1da6bb09-916d-4199-b6ac-9e9059830af0:192.168.151.107:39723, 82ffce00-55a6-43cb-a809-ae8d063a0f95:192.168.151.107:43159, 3f353dff-fbf1-45e1-b8dc-90047666ac7f:192.168.151.107:44834], old=null at 0
2019-10-14 13:00:26,378 [grpc-default-executor-2] INFO  impl.RaftServerImpl (ServerState.java:setRaftConf(356)) - 82ffce00-55a6-43cb-a809-ae8d063a0f95@group-FDD512E035A0: set configuration 0: [1da6bb09-916d-4199-b6ac-9e9059830af0:192.168.151.107:39723, 82ffce00-55a6-43cb-a809-ae8d063a0f95:192.168.151.107:43159, 3f353dff-fbf1-45e1-b8dc-90047666ac7f:192.168.151.107:44834], old=null at 0
2019-10-14 13:00:26,378 [grpc-default-executor-1] INFO  segmented.SegmentedRaftLogWorker (SegmentedRaftLogWorker.java:startLogSegment(385)) - 1da6bb09-916d-4199-b6ac-9e9059830af0@group-FDD512E035A0-SegmentedRaftLogWorker: Starting segment from index:0
2019-10-14 13:00:26,378 [grpc-default-executor-2] INFO  segmented.SegmentedRaftLogWorker (SegmentedRaftLogWorker.java:startLogSegment(385)) - 82ffce00-55a6-43cb-a809-ae8d063a0f95@group-FDD512E035A0-SegmentedRaftLogWorker: Starting segment from index:0
2019-10-14 13:00:26,381 [82ffce00-55a6-43cb-a809-ae8d063a0f95@group-65B7ACDCE826-SegmentedRaftLogWorker] INFO  segmented.SegmentedRaftLogWorker (SegmentedRaftLogWorker.java:execute(574)) - 82ffce00-55a6-43cb-a809-ae8d063a0f95@group-65B7ACDCE826-SegmentedRaftLogWorker: created new log segment /workdir/hadoop-ozone/integration-test/target/test-dir/MiniOzoneClusterImpl-25d4ef13-1b97-4b93-afc7-b45b15e79a23/datanode-2/data/ratis/ad44f9a1-f520-40a3-bbd9-65b7acdce826/current/log_inprogress_0
2019-10-14 13:00:26,381 [3f353dff-fbf1-45e1-b8dc-90047666ac7f@group-FDD512E035A0-SegmentedRaftLogWorker] INFO  segmented.SegmentedRaftLogWorker (SegmentedRaftLogWorker.java:execute(574)) - 3f353dff-fbf1-45e1-b8dc-90047666ac7f@group-FDD512E035A0-SegmentedRaftLogWorker: created new log segment /workdir/hadoop-ozone/integration-test/target/test-dir/MiniOzoneClusterImpl-25d4ef13-1b97-4b93-afc7-b45b15e79a23/datanode-0/data/ratis/9ea1b952-6fba-4b06-9ca2-fdd512e035a0/current/log_inprogress_0
2019-10-14 13:00:26,416 [Thread-1441] INFO  impl.FollowerState (FollowerState.java:run(108)) - 644ed2c9-5711-47af-adb7-dab428ebce56@group-D885780849CB-FollowerState: change to CANDIDATE, lastRpcTime:5098ms, electionTimeout:5098ms
2019-10-14 13:00:26,416 [82ffce00-55a6-43cb-a809-ae8d063a0f95@group-FDD512E035A0-SegmentedRaftLogWorker] INFO  segmented.SegmentedRaftLogWorker (SegmentedRaftLogWorker.java:execute(574)) - 82ffce00-55a6-43cb-a809-ae8d063a0f95@group-FDD512E035A0-SegmentedRaftLogWorker: created new log segment /workdir/hadoop-ozone/integration-test/target/test-dir/MiniOzoneClusterImpl-25d4ef13-1b97-4b93-afc7-b45b15e79a23/datanode-2/data/ratis/9ea1b952-6fba-4b06-9ca2-fdd512e035a0/current/log_inprogress_0
2019-10-14 13:00:26,416 [Thread-1441] INFO  impl.RoleInfo (RoleInfo.java:shutdownFollowerState(121)) - 644ed2c9-5711-47af-adb7-dab428ebce56: shutdown FollowerState
2019-10-14 13:00:26,417 [Thread-1441] INFO  impl.RaftServerImpl (RaftServerImpl.java:setRole(170)) - 644ed2c9-5711-47af-adb7-dab428ebce56@group-D885780849CB: changes role from  FOLLOWER to CANDIDATE at term 0 for changeToCandidate
2019-10-14 13:00:26,417 [Thread-1441] INFO  impl.RoleInfo (RoleInfo.java:updateAndGet(143)) - 644ed2c9-5711-47af-adb7-dab428ebce56: start LeaderElection
2019-10-14 13:00:26,421 [1da6bb09-916d-4199-b6ac-9e9059830af0@group-FDD512E035A0-SegmentedRaftLogWorker] INFO  segmented.SegmentedRaftLogWorker (SegmentedRaftLogWorker.java:execute(574)) - 1da6bb09-916d-4199-b6ac-9e9059830af0@group-FDD512E035A0-SegmentedRaftLogWorker: created new log segment /workdir/hadoop-ozone/integration-test/target/test-dir/MiniOzoneClusterImpl-25d4ef13-1b97-4b93-afc7-b45b15e79a23/datanode-1/data/ratis/9ea1b952-6fba-4b06-9ca2-fdd512e035a0/current/log_inprogress_0
2019-10-14 13:00:26,439 [644ed2c9-5711-47af-adb7-dab428ebce56@group-D885780849CB-LeaderElection33] INFO  impl.LeaderElection (LeaderElection.java:askForVotes(178)) - 644ed2c9-5711-47af-adb7-dab428ebce56@group-D885780849CB-LeaderElection33: begin an election at term 1 for -1: [644ed2c9-5711-47af-adb7-dab428ebce56:192.168.151.107:44692], old=null
2019-10-14 13:00:26,439 [644ed2c9-5711-47af-adb7-dab428ebce56@group-D885780849CB-LeaderElection33] INFO  impl.RoleInfo (RoleInfo.java:shutdownLeaderElection(134)) - 644ed2c9-5711-47af-adb7-dab428ebce56: shutdown LeaderElection
2019-10-14 13:00:26,439 [644ed2c9-5711-47af-adb7-dab428ebce56@group-D885780849CB-LeaderElection33] INFO  impl.RaftServerImpl (RaftServerImpl.java:setRole(170)) - 644ed2c9-5711-47af-adb7-dab428ebce56@group-D885780849CB: changes role from CANDIDATE to LEADER at term 1 for changeToLeader
2019-10-14 13:00:26,439 [644ed2c9-5711-47af-adb7-dab428ebce56@group-D885780849CB-LeaderElection33] INFO  impl.RaftServerImpl (ServerState.java:setLeader(255)) - 644ed2c9-5711-47af-adb7-dab428ebce56@group-D885780849CB: change Leader from null to 644ed2c9-5711-47af-adb7-dab428ebce56 at term 1 for becomeLeader, leader elected after 5128ms
2019-10-14 13:00:26,439 [644ed2c9-5711-47af-adb7-dab428ebce56@group-D885780849CB-LeaderElection33] INFO  server.RaftServerConfigKeys (ConfUtils.java:logGet(43)) - raft.server.staging.catchup.gap = 1000 (default)
2019-10-14 13:00:26,439 [644ed2c9-5711-47af-adb7-dab428ebce56@group-D885780849CB-LeaderElection33] INFO  server.RaftServerConfigKeys (ConfUtils.java:logGet(43)) - raft.server.rpc.sleep.time = 25ms (default)
2019-10-14 13:00:26,440 [644ed2c9-5711-47af-adb7-dab428ebce56@group-D885780849CB-LeaderElection33] INFO  server.RaftServerConfigKeys (ConfUtils.java:logGet(43)) - raft.server.write.element-limit = 4096 (default)
2019-10-14 13:00:26,440 [644ed2c9-5711-47af-adb7-dab428ebce56@group-D885780849CB-LeaderElection33] INFO  server.RaftServerConfigKeys (ConfUtils.java:logGet(43)) - raft.server.watch.timeout = 10s (default)
2019-10-14 13:00:26,440 [644ed2c9-5711-47af-adb7-dab428ebce56@group-D885780849CB-LeaderElection33] INFO  server.RaftServerConfigKeys (ConfUtils.java:logGet(43)) - raft.server.watch.timeout.denomination = 1s (default)
2019-10-14 13:00:26,440 [644ed2c9-5711-47af-adb7-dab428ebce56@group-D885780849CB-LeaderElection33] INFO  server.RaftServerConfigKeys (ConfUtils.java:logGet(43)) - raft.server.watch.element-limit = 65536 (default)
2019-10-14 13:00:26,442 [644ed2c9-5711-47af-adb7-dab428ebce56@group-D885780849CB-LeaderElection33] INFO  impl.RoleInfo (RoleInfo.java:updateAndGet(143)) - 644ed2c9-5711-47af-adb7-dab428ebce56: start LeaderState
2019-10-14 13:00:26,442 [644ed2c9-5711-47af-adb7-dab428ebce56@group-D885780849CB-LeaderElection33] INFO  segmented.SegmentedRaftLogWorker (SegmentedRaftLogWorker.java:startLogSegment(385)) - 644ed2c9-5711-47af-adb7-dab428ebce56@group-D885780849CB-SegmentedRaftLogWorker: Starting segment from index:0
2019-10-14 13:00:26,443 [644ed2c9-5711-47af-adb7-dab428ebce56@group-D885780849CB-LeaderElection33] INFO  impl.RaftServerImpl (ServerState.java:setRaftConf(356)) - 644ed2c9-5711-47af-adb7-dab428ebce56@group-D885780849CB: set configuration 0: [644ed2c9-5711-47af-adb7-dab428ebce56:192.168.151.107:44692], old=null at 0
2019-10-14 13:00:26,488 [644ed2c9-5711-47af-adb7-dab428ebce56@group-D885780849CB-SegmentedRaftLogWorker] INFO  segmented.SegmentedRaftLogWorker (SegmentedRaftLogWorker.java:execute(574)) - 644ed2c9-5711-47af-adb7-dab428ebce56@group-D885780849CB-SegmentedRaftLogWorker: created new log segment /workdir/hadoop-ozone/integration-test/target/test-dir/MiniOzoneClusterImpl-25d4ef13-1b97-4b93-afc7-b45b15e79a23/datanode-4/data/ratis/57c26bf9-e301-4631-bed0-d885780849cb/current/log_inprogress_0
2019-10-14 13:00:26,528 [Thread-1454] INFO  impl.FollowerState (FollowerState.java:run(108)) - 762b5686-d2e5-4fc1-834c-abdcf4b4e357@group-EDAC3AB1FD41-FollowerState: change to CANDIDATE, lastRpcTime:5053ms, electionTimeout:5051ms
2019-10-14 13:00:26,528 [Thread-1454] INFO  impl.RoleInfo (RoleInfo.java:shutdownFollowerState(121)) - 762b5686-d2e5-4fc1-834c-abdcf4b4e357: shutdown FollowerState
2019-10-14 13:00:26,528 [Thread-1454] INFO  impl.RaftServerImpl (RaftServerImpl.java:setRole(170)) - 762b5686-d2e5-4fc1-834c-abdcf4b4e357@group-EDAC3AB1FD41: changes role from  FOLLOWER to CANDIDATE at term 0 for changeToCandidate
2019-10-14 13:00:26,528 [Thread-1454] INFO  impl.RoleInfo (RoleInfo.java:updateAndGet(143)) - 762b5686-d2e5-4fc1-834c-abdcf4b4e357: start LeaderElection
2019-10-14 13:00:26,529 [Thread-1444] INFO  impl.FollowerState (FollowerState.java:run(108)) - 38295e66-f96d-4966-82db-c27c919857a1@group-49F45287CA11-FollowerState: change to CANDIDATE, lastRpcTime:5159ms, electionTimeout:5159ms
2019-10-14 13:00:26,534 [Thread-1444] INFO  impl.RoleInfo (RoleInfo.java:shutdownFollowerState(121)) - 38295e66-f96d-4966-82db-c27c919857a1: shutdown FollowerState
2019-10-14 13:00:26,534 [Thread-1444] INFO  impl.RaftServerImpl (RaftServerImpl.java:setRole(170)) - 38295e66-f96d-4966-82db-c27c919857a1@group-49F45287CA11: changes role from  FOLLOWER to CANDIDATE at term 0 for changeToCandidate
2019-10-14 13:00:26,534 [Thread-1444] INFO  impl.RoleInfo (RoleInfo.java:updateAndGet(143)) - 38295e66-f96d-4966-82db-c27c919857a1: start LeaderElection
2019-10-14 13:00:26,559 [Thread-1451] INFO  impl.FollowerState (FollowerState.java:run(108)) - 38295e66-f96d-4966-82db-c27c919857a1@group-EDAC3AB1FD41-FollowerState: change to CANDIDATE, lastRpcTime:5088ms, electionTimeout:5082ms
2019-10-14 13:00:26,559 [762b5686-d2e5-4fc1-834c-abdcf4b4e357@group-EDAC3AB1FD41-LeaderElection34] INFO  impl.LeaderElection (LeaderElection.java:askForVotes(178)) - 762b5686-d2e5-4fc1-834c-abdcf4b4e357@group-EDAC3AB1FD41-LeaderElection34: begin an election at term 1 for -1: [762b5686-d2e5-4fc1-834c-abdcf4b4e357:192.168.151.107:34476, 644ed2c9-5711-47af-adb7-dab428ebce56:192.168.151.107:44692, 38295e66-f96d-4966-82db-c27c919857a1:192.168.151.107:38069], old=null
2019-10-14 13:00:26,559 [Thread-1451] INFO  impl.RoleInfo (RoleInfo.java:shutdownFollowerState(121)) - 38295e66-f96d-4966-82db-c27c919857a1: shutdown FollowerState
2019-10-14 13:00:26,559 [38295e66-f96d-4966-82db-c27c919857a1@group-49F45287CA11-LeaderElection35] INFO  impl.LeaderElection (LeaderElection.java:askForVotes(178)) - 38295e66-f96d-4966-82db-c27c919857a1@group-49F45287CA11-LeaderElection35: begin an election at term 1 for -1: [38295e66-f96d-4966-82db-c27c919857a1:192.168.151.107:38069], old=null
2019-10-14 13:00:26,560 [Thread-1451] INFO  impl.RaftServerImpl (RaftServerImpl.java:setRole(170)) - 38295e66-f96d-4966-82db-c27c919857a1@group-EDAC3AB1FD41: changes role from  FOLLOWER to CANDIDATE at term 0 for changeToCandidate
2019-10-14 13:00:26,560 [38295e66-f96d-4966-82db-c27c919857a1@group-49F45287CA11-LeaderElection35] INFO  impl.RoleInfo (RoleInfo.java:shutdownLeaderElection(134)) - 38295e66-f96d-4966-82db-c27c919857a1: shutdown LeaderElection
2019-10-14 13:00:26,560 [Thread-1451] INFO  impl.RoleInfo (RoleInfo.java:updateAndGet(143)) - 38295e66-f96d-4966-82db-c27c919857a1: start LeaderElection
2019-10-14 13:00:26,560 [38295e66-f96d-4966-82db-c27c919857a1@group-49F45287CA11-LeaderElection35] INFO  impl.RaftServerImpl (RaftServerImpl.java:setRole(170)) - 38295e66-f96d-4966-82db-c27c919857a1@group-49F45287CA11: changes role from CANDIDATE to LEADER at term 1 for changeToLeader
2019-10-14 13:00:26,563 [Thread-1447] INFO  impl.FollowerState (FollowerState.java:run(108)) - 762b5686-d2e5-4fc1-834c-abdcf4b4e357@group-3F135ADC5D6F-FollowerState: change to CANDIDATE, lastRpcTime:5149ms, electionTimeout:5149ms
2019-10-14 13:00:26,563 [38295e66-f96d-4966-82db-c27c919857a1@group-49F45287CA11-LeaderElection35] INFO  impl.RaftServerImpl (ServerState.java:setLeader(255)) - 38295e66-f96d-4966-82db-c27c919857a1@group-49F45287CA11: change Leader from null to 38295e66-f96d-4966-82db-c27c919857a1 at term 1 for becomeLeader, leader elected after 5197ms
2019-10-14 13:00:26,568 [Thread-1447] INFO  impl.RoleInfo (RoleInfo.java:shutdownFollowerState(121)) - 762b5686-d2e5-4fc1-834c-abdcf4b4e357: shutdown FollowerState
2019-10-14 13:00:26,568 [38295e66-f96d-4966-82db-c27c919857a1@group-49F45287CA11-LeaderElection35] INFO  server.RaftServerConfigKeys (ConfUtils.java:logGet(43)) - raft.server.staging.catchup.gap = 1000 (default)
2019-10-14 13:00:26,568 [Thread-1447] INFO  impl.RaftServerImpl (RaftServerImpl.java:setRole(170)) - 762b5686-d2e5-4fc1-834c-abdcf4b4e357@group-3F135ADC5D6F: changes role from  FOLLOWER to CANDIDATE at term 0 for changeToCandidate
2019-10-14 13:00:26,568 [38295e66-f96d-4966-82db-c27c919857a1@group-49F45287CA11-LeaderElection35] INFO  server.RaftServerConfigKeys (ConfUtils.java:logGet(43)) - raft.server.rpc.sleep.time = 25ms (default)
2019-10-14 13:00:26,568 [Thread-1447] INFO  impl.RoleInfo (RoleInfo.java:updateAndGet(143)) - 762b5686-d2e5-4fc1-834c-abdcf4b4e357: start LeaderElection
2019-10-14 13:00:26,577 [38295e66-f96d-4966-82db-c27c919857a1@group-49F45287CA11-LeaderElection35] INFO  server.RaftServerConfigKeys (ConfUtils.java:logGet(43)) - raft.server.write.element-limit = 4096 (default)
2019-10-14 13:00:26,577 [38295e66-f96d-4966-82db-c27c919857a1@group-49F45287CA11-LeaderElection35] INFO  server.RaftServerConfigKeys (ConfUtils.java:logGet(43)) - raft.server.watch.timeout = 10s (default)
2019-10-14 13:00:26,579 [Thread-1453] INFO  impl.FollowerState (FollowerState.java:run(108)) - 644ed2c9-5711-47af-adb7-dab428ebce56@group-EDAC3AB1FD41-FollowerState: change to CANDIDATE, lastRpcTime:5096ms, electionTimeout:5096ms
2019-10-14 13:00:26,584 [38295e66-f96d-4966-82db-c27c919857a1@group-49F45287CA11-LeaderElection35] INFO  server.RaftServerConfigKeys (ConfUtils.java:logGet(43)) - raft.server.watch.timeout.denomination = 1s (default)
2019-10-14 13:00:26,584 [Thread-1453] INFO  impl.RoleInfo (RoleInfo.java:shutdownFollowerState(121)) - 644ed2c9-5711-47af-adb7-dab428ebce56: shutdown FollowerState
2019-10-14 13:00:26,584 [38295e66-f96d-4966-82db-c27c919857a1@group-49F45287CA11-LeaderElection35] INFO  server.RaftServerConfigKeys (ConfUtils.java:logGet(43)) - raft.server.watch.element-limit = 65536 (default)
2019-10-14 13:00:26,584 [Thread-1453] INFO  impl.RaftServerImpl (RaftServerImpl.java:setRole(170)) - 644ed2c9-5711-47af-adb7-dab428ebce56@group-EDAC3AB1FD41: changes role from  FOLLOWER to CANDIDATE at term 0 for changeToCandidate
2019-10-14 13:00:26,584 [Thread-1453] INFO  impl.RoleInfo (RoleInfo.java:updateAndGet(143)) - 644ed2c9-5711-47af-adb7-dab428ebce56: start LeaderElection
2019-10-14 13:00:26,593 [38295e66-f96d-4966-82db-c27c919857a1@group-49F45287CA11-LeaderElection35] INFO  impl.RoleInfo (RoleInfo.java:updateAndGet(143)) - 38295e66-f96d-4966-82db-c27c919857a1: start LeaderState
2019-10-14 13:00:26,593 [38295e66-f96d-4966-82db-c27c919857a1@group-49F45287CA11-LeaderElection35] INFO  segmented.SegmentedRaftLogWorker (SegmentedRaftLogWorker.java:startLogSegment(385)) - 38295e66-f96d-4966-82db-c27c919857a1@group-49F45287CA11-SegmentedRaftLogWorker: Starting segment from index:0
2019-10-14 13:00:26,594 [38295e66-f96d-4966-82db-c27c919857a1@group-49F45287CA11-LeaderElection35] INFO  impl.RaftServerImpl (ServerState.java:setRaftConf(356)) - 38295e66-f96d-4966-82db-c27c919857a1@group-49F45287CA11: set configuration 0: [38295e66-f96d-4966-82db-c27c919857a1:192.168.151.107:38069], old=null at 0
2019-10-14 13:00:26,597 [762b5686-d2e5-4fc1-834c-abdcf4b4e357@group-3F135ADC5D6F-LeaderElection37] INFO  impl.LeaderElection (LeaderElection.java:askForVotes(178)) - 762b5686-d2e5-4fc1-834c-abdcf4b4e357@group-3F135ADC5D6F-LeaderElection37: begin an election at term 1 for -1: [762b5686-d2e5-4fc1-834c-abdcf4b4e357:192.168.151.107:34476], old=null
2019-10-14 13:00:26,597 [644ed2c9-5711-47af-adb7-dab428ebce56@group-EDAC3AB1FD41-LeaderElection38] INFO  impl.LeaderElection (LeaderElection.java:askForVotes(178)) - 644ed2c9-5711-47af-adb7-dab428ebce56@group-EDAC3AB1FD41-LeaderElection38: begin an election at term 1 for -1: [762b5686-d2e5-4fc1-834c-abdcf4b4e357:192.168.151.107:34476, 644ed2c9-5711-47af-adb7-dab428ebce56:192.168.151.107:44692, 38295e66-f96d-4966-82db-c27c919857a1:192.168.151.107:38069], old=null
2019-10-14 13:00:26,597 [762b5686-d2e5-4fc1-834c-abdcf4b4e357@group-3F135ADC5D6F-LeaderElection37] INFO  impl.RoleInfo (RoleInfo.java:shutdownLeaderElection(134)) - 762b5686-d2e5-4fc1-834c-abdcf4b4e357: shutdown LeaderElection
2019-10-14 13:00:26,597 [38295e66-f96d-4966-82db-c27c919857a1@group-EDAC3AB1FD41-LeaderElection36] INFO  impl.LeaderElection (LeaderElection.java:askForVotes(178)) - 38295e66-f96d-4966-82db-c27c919857a1@group-EDAC3AB1FD41-LeaderElection36: begin an election at term 1 for -1: [762b5686-d2e5-4fc1-834c-abdcf4b4e357:192.168.151.107:34476, 644ed2c9-5711-47af-adb7-dab428ebce56:192.168.151.107:44692, 38295e66-f96d-4966-82db-c27c919857a1:192.168.151.107:38069], old=null
2019-10-14 13:00:26,598 [762b5686-d2e5-4fc1-834c-abdcf4b4e357@group-3F135ADC5D6F-LeaderElection37] INFO  impl.RaftServerImpl (RaftServerImpl.java:setRole(170)) - 762b5686-d2e5-4fc1-834c-abdcf4b4e357@group-3F135ADC5D6F: changes role from CANDIDATE to LEADER at term 1 for changeToLeader
2019-10-14 13:00:26,598 [762b5686-d2e5-4fc1-834c-abdcf4b4e357@group-3F135ADC5D6F-LeaderElection37] INFO  impl.RaftServerImpl (ServerState.java:setLeader(255)) - 762b5686-d2e5-4fc1-834c-abdcf4b4e357@group-3F135ADC5D6F: change Leader from null to 762b5686-d2e5-4fc1-834c-abdcf4b4e357 at term 1 for becomeLeader, leader elected after 5190ms
2019-10-14 13:00:26,625 [762b5686-d2e5-4fc1-834c-abdcf4b4e357@group-3F135ADC5D6F-LeaderElection37] INFO  server.RaftServerConfigKeys (ConfUtils.java:logGet(43)) - raft.server.staging.catchup.gap = 1000 (default)
2019-10-14 13:00:26,625 [762b5686-d2e5-4fc1-834c-abdcf4b4e357@group-3F135ADC5D6F-LeaderElection37] INFO  server.RaftServerConfigKeys (ConfUtils.java:logGet(43)) - raft.server.rpc.sleep.time = 25ms (default)
2019-10-14 13:00:26,625 [762b5686-d2e5-4fc1-834c-abdcf4b4e357@group-EDAC3AB1FD41-LeaderElection34] INFO  impl.LeaderElection (LeaderElection.java:logAndReturn(56)) - 762b5686-d2e5-4fc1-834c-abdcf4b4e357@group-EDAC3AB1FD41-LeaderElection34: Election REJECTED; received 2 response(s) [762b5686-d2e5-4fc1-834c-abdcf4b4e357<-644ed2c9-5711-47af-adb7-dab428ebce56#0:FAIL-t1, 762b5686-d2e5-4fc1-834c-abdcf4b4e357<-38295e66-f96d-4966-82db-c27c919857a1#0:FAIL-t1] and 0 exception(s); 762b5686-d2e5-4fc1-834c-abdcf4b4e357@group-EDAC3AB1FD41:t1, leader=null, voted=762b5686-d2e5-4fc1-834c-abdcf4b4e357, raftlog=762b5686-d2e5-4fc1-834c-abdcf4b4e357@group-EDAC3AB1FD41-SegmentedRaftLog:OPENED:c-1,f-1,i0, conf=-1: [762b5686-d2e5-4fc1-834c-abdcf4b4e357:192.168.151.107:34476, 644ed2c9-5711-47af-adb7-dab428ebce56:192.168.151.107:44692, 38295e66-f96d-4966-82db-c27c919857a1:192.168.151.107:38069], old=null
2019-10-14 13:00:26,625 [762b5686-d2e5-4fc1-834c-abdcf4b4e357@group-3F135ADC5D6F-LeaderElection37] INFO  server.RaftServerConfigKeys (ConfUtils.java:logGet(43)) - raft.server.write.element-limit = 4096 (default)
2019-10-14 13:00:26,625 [762b5686-d2e5-4fc1-834c-abdcf4b4e357@group-EDAC3AB1FD41-LeaderElection34] INFO  impl.RaftServerImpl (RaftServerImpl.java:setRole(170)) - 762b5686-d2e5-4fc1-834c-abdcf4b4e357@group-EDAC3AB1FD41: changes role from CANDIDATE to FOLLOWER at term 1 for DISCOVERED_A_NEW_TERM
2019-10-14 13:00:26,629 [762b5686-d2e5-4fc1-834c-abdcf4b4e357@group-3F135ADC5D6F-LeaderElection37] INFO  server.RaftServerConfigKeys (ConfUtils.java:logGet(43)) - raft.server.watch.timeout = 10s (default)
2019-10-14 13:00:26,629 [762b5686-d2e5-4fc1-834c-abdcf4b4e357@group-EDAC3AB1FD41-LeaderElection34] INFO  impl.RoleInfo (RoleInfo.java:shutdownLeaderElection(134)) - 762b5686-d2e5-4fc1-834c-abdcf4b4e357: shutdown LeaderElection
2019-10-14 13:00:26,629 [762b5686-d2e5-4fc1-834c-abdcf4b4e357@group-3F135ADC5D6F-LeaderElection37] INFO  server.RaftServerConfigKeys (ConfUtils.java:logGet(43)) - raft.server.watch.timeout.denomination = 1s (default)
2019-10-14 13:00:26,629 [762b5686-d2e5-4fc1-834c-abdcf4b4e357@group-EDAC3AB1FD41-LeaderElection34] INFO  impl.RoleInfo (RoleInfo.java:updateAndGet(143)) - 762b5686-d2e5-4fc1-834c-abdcf4b4e357: start FollowerState
2019-10-14 13:00:26,629 [762b5686-d2e5-4fc1-834c-abdcf4b4e357@group-3F135ADC5D6F-LeaderElection37] INFO  server.RaftServerConfigKeys (ConfUtils.java:logGet(43)) - raft.server.watch.element-limit = 65536 (default)
2019-10-14 13:00:26,632 [762b5686-d2e5-4fc1-834c-abdcf4b4e357@group-3F135ADC5D6F-LeaderElection37] INFO  impl.RoleInfo (RoleInfo.java:updateAndGet(143)) - 762b5686-d2e5-4fc1-834c-abdcf4b4e357: start LeaderState
2019-10-14 13:00:26,632 [762b5686-d2e5-4fc1-834c-abdcf4b4e357@group-3F135ADC5D6F-LeaderElection37] INFO  segmented.SegmentedRaftLogWorker (SegmentedRaftLogWorker.java:startLogSegment(385)) - 762b5686-d2e5-4fc1-834c-abdcf4b4e357@group-3F135ADC5D6F-SegmentedRaftLogWorker: Starting segment from index:0
2019-10-14 13:00:26,633 [762b5686-d2e5-4fc1-834c-abdcf4b4e357@group-3F135ADC5D6F-LeaderElection37] INFO  impl.RaftServerImpl (ServerState.java:setRaftConf(356)) - 762b5686-d2e5-4fc1-834c-abdcf4b4e357@group-3F135ADC5D6F: set configuration 0: [762b5686-d2e5-4fc1-834c-abdcf4b4e357:192.168.151.107:34476], old=null at 0
2019-10-14 13:00:26,634 [644ed2c9-5711-47af-adb7-dab428ebce56@group-EDAC3AB1FD41-LeaderElection38] INFO  impl.LeaderElection (LeaderElection.java:logAndReturn(56)) - 644ed2c9-5711-47af-adb7-dab428ebce56@group-EDAC3AB1FD41-LeaderElection38: Election REJECTED; received 2 response(s) [644ed2c9-5711-47af-adb7-dab428ebce56<-762b5686-d2e5-4fc1-834c-abdcf4b4e357#0:FAIL-t1, 644ed2c9-5711-47af-adb7-dab428ebce56<-38295e66-f96d-4966-82db-c27c919857a1#0:FAIL-t1] and 0 exception(s); 644ed2c9-5711-47af-adb7-dab428ebce56@group-EDAC3AB1FD41:t1, leader=null, voted=644ed2c9-5711-47af-adb7-dab428ebce56, raftlog=644ed2c9-5711-47af-adb7-dab428ebce56@group-EDAC3AB1FD41-SegmentedRaftLog:OPENED:c-1,f-1,i0, conf=-1: [762b5686-d2e5-4fc1-834c-abdcf4b4e357:192.168.151.107:34476, 644ed2c9-5711-47af-adb7-dab428ebce56:192.168.151.107:44692, 38295e66-f96d-4966-82db-c27c919857a1:192.168.151.107:38069], old=null
2019-10-14 13:00:26,634 [644ed2c9-5711-47af-adb7-dab428ebce56@group-EDAC3AB1FD41-LeaderElection38] INFO  impl.RaftServerImpl (RaftServerImpl.java:setRole(170)) - 644ed2c9-5711-47af-adb7-dab428ebce56@group-EDAC3AB1FD41: changes role from CANDIDATE to FOLLOWER at term 1 for DISCOVERED_A_NEW_TERM
2019-10-14 13:00:26,634 [644ed2c9-5711-47af-adb7-dab428ebce56@group-EDAC3AB1FD41-LeaderElection38] INFO  impl.RoleInfo (RoleInfo.java:shutdownLeaderElection(134)) - 644ed2c9-5711-47af-adb7-dab428ebce56: shutdown LeaderElection
2019-10-14 13:00:26,634 [644ed2c9-5711-47af-adb7-dab428ebce56@group-EDAC3AB1FD41-LeaderElection38] INFO  impl.RoleInfo (RoleInfo.java:updateAndGet(143)) - 644ed2c9-5711-47af-adb7-dab428ebce56: start FollowerState
2019-10-14 13:00:26,634 [38295e66-f96d-4966-82db-c27c919857a1@group-EDAC3AB1FD41-LeaderElection36] INFO  impl.LeaderElection (LeaderElection.java:logAndReturn(56)) - 38295e66-f96d-4966-82db-c27c919857a1@group-EDAC3AB1FD41-LeaderElection36: Election REJECTED; received 2 response(s) [38295e66-f96d-4966-82db-c27c919857a1<-762b5686-d2e5-4fc1-834c-abdcf4b4e357#0:FAIL-t1, 38295e66-f96d-4966-82db-c27c919857a1<-644ed2c9-5711-47af-adb7-dab428ebce56#0:FAIL-t1] and 0 exception(s); 38295e66-f96d-4966-82db-c27c919857a1@group-EDAC3AB1FD41:t1, leader=null, voted=38295e66-f96d-4966-82db-c27c919857a1, raftlog=38295e66-f96d-4966-82db-c27c919857a1@group-EDAC3AB1FD41-SegmentedRaftLog:OPENED:c-1,f-1,i0, conf=-1: [762b5686-d2e5-4fc1-834c-abdcf4b4e357:192.168.151.107:34476, 644ed2c9-5711-47af-adb7-dab428ebce56:192.168.151.107:44692, 38295e66-f96d-4966-82db-c27c919857a1:192.168.151.107:38069], old=null
2019-10-14 13:00:26,663 [38295e66-f96d-4966-82db-c27c919857a1@group-49F45287CA11-SegmentedRaftLogWorker] INFO  segmented.SegmentedRaftLogWorker (SegmentedRaftLogWorker.java:execute(574)) - 38295e66-f96d-4966-82db-c27c919857a1@group-49F45287CA11-SegmentedRaftLogWorker: created new log segment /workdir/hadoop-ozone/integration-test/target/test-dir/MiniOzoneClusterImpl-25d4ef13-1b97-4b93-afc7-b45b15e79a23/datanode-5/data/ratis/f82cafbc-896f-49ca-b9c2-49f45287ca11/current/log_inprogress_0
2019-10-14 13:00:26,663 [38295e66-f96d-4966-82db-c27c919857a1@group-EDAC3AB1FD41-LeaderElection36] INFO  impl.RaftServerImpl (RaftServerImpl.java:setRole(170)) - 38295e66-f96d-4966-82db-c27c919857a1@group-EDAC3AB1FD41: changes role from CANDIDATE to FOLLOWER at term 1 for DISCOVERED_A_NEW_TERM
2019-10-14 13:00:26,666 [38295e66-f96d-4966-82db-c27c919857a1@group-EDAC3AB1FD41-LeaderElection36] INFO  impl.RoleInfo (RoleInfo.java:shutdownLeaderElection(134)) - 38295e66-f96d-4966-82db-c27c919857a1: shutdown LeaderElection
2019-10-14 13:00:26,666 [38295e66-f96d-4966-82db-c27c919857a1@group-EDAC3AB1FD41-LeaderElection36] INFO  impl.RoleInfo (RoleInfo.java:updateAndGet(143)) - 38295e66-f96d-4966-82db-c27c919857a1: start FollowerState
2019-10-14 13:00:26,677 [762b5686-d2e5-4fc1-834c-abdcf4b4e357@group-3F135ADC5D6F-SegmentedRaftLogWorker] INFO  segmented.SegmentedRaftLogWorker (SegmentedRaftLogWorker.java:execute(574)) - 762b5686-d2e5-4fc1-834c-abdcf4b4e357@group-3F135ADC5D6F-SegmentedRaftLogWorker: created new log segment /workdir/hadoop-ozone/integration-test/target/test-dir/MiniOzoneClusterImpl-25d4ef13-1b97-4b93-afc7-b45b15e79a23/datanode-6/data/ratis/c28e6e66-df11-411f-9ef5-3f135adc5d6f/current/log_inprogress_0
2019-10-14 13:00:26,753 [Datanode State Machine Thread - 0] INFO  statemachine.DatanodeStateMachine (DatanodeStateMachine.java:lambda$startDaemon$0(350)) - Ozone container server started.
2019-10-14 13:00:31,643 [Thread-1513] INFO  impl.FollowerState (FollowerState.java:run(108)) - 762b5686-d2e5-4fc1-834c-abdcf4b4e357@group-EDAC3AB1FD41-FollowerState: change to CANDIDATE, lastRpcTime:5013ms, electionTimeout:5013ms
2019-10-14 13:00:31,644 [Thread-1513] INFO  impl.RoleInfo (RoleInfo.java:shutdownFollowerState(121)) - 762b5686-d2e5-4fc1-834c-abdcf4b4e357: shutdown FollowerState
2019-10-14 13:00:31,645 [Thread-1513] INFO  impl.RaftServerImpl (RaftServerImpl.java:setRole(170)) - 762b5686-d2e5-4fc1-834c-abdcf4b4e357@group-EDAC3AB1FD41: changes role from  FOLLOWER to CANDIDATE at term 1 for changeToCandidate
2019-10-14 13:00:31,645 [Thread-1513] INFO  impl.RoleInfo (RoleInfo.java:updateAndGet(143)) - 762b5686-d2e5-4fc1-834c-abdcf4b4e357: start LeaderElection
2019-10-14 13:00:31,668 [762b5686-d2e5-4fc1-834c-abdcf4b4e357@group-EDAC3AB1FD41-LeaderElection39] INFO  impl.LeaderElection (LeaderElection.java:askForVotes(178)) - 762b5686-d2e5-4fc1-834c-abdcf4b4e357@group-EDAC3AB1FD41-LeaderElection39: begin an election at term 2 for -1: [762b5686-d2e5-4fc1-834c-abdcf4b4e357:192.168.151.107:34476, 644ed2c9-5711-47af-adb7-dab428ebce56:192.168.151.107:44692, 38295e66-f96d-4966-82db-c27c919857a1:192.168.151.107:38069], old=null
2019-10-14 13:00:31,675 [grpc-default-executor-4] INFO  impl.RaftServerImpl (RaftServerImpl.java:setRole(170)) - 38295e66-f96d-4966-82db-c27c919857a1@group-EDAC3AB1FD41: changes role from  FOLLOWER to FOLLOWER at term 2 for recognizeCandidate:762b5686-d2e5-4fc1-834c-abdcf4b4e357
2019-10-14 13:00:31,675 [grpc-default-executor-1] INFO  impl.RaftServerImpl (RaftServerImpl.java:setRole(170)) - 644ed2c9-5711-47af-adb7-dab428ebce56@group-EDAC3AB1FD41: changes role from  FOLLOWER to FOLLOWER at term 2 for recognizeCandidate:762b5686-d2e5-4fc1-834c-abdcf4b4e357
2019-10-14 13:00:31,675 [grpc-default-executor-4] INFO  impl.RoleInfo (RoleInfo.java:shutdownFollowerState(121)) - 38295e66-f96d-4966-82db-c27c919857a1: shutdown FollowerState
2019-10-14 13:00:31,676 [grpc-default-executor-1] INFO  impl.RoleInfo (RoleInfo.java:shutdownFollowerState(121)) - 644ed2c9-5711-47af-adb7-dab428ebce56: shutdown FollowerState
2019-10-14 13:00:31,676 [Thread-1518] INFO  impl.FollowerState (FollowerState.java:run(117)) - 38295e66-f96d-4966-82db-c27c919857a1@group-EDAC3AB1FD41-FollowerState was interrupted: java.lang.InterruptedException: sleep interrupted
2019-10-14 13:00:31,676 [grpc-default-executor-4] INFO  impl.RoleInfo (RoleInfo.java:updateAndGet(143)) - 38295e66-f96d-4966-82db-c27c919857a1: start FollowerState
2019-10-14 13:00:31,676 [Thread-1514] INFO  impl.FollowerState (FollowerState.java:run(117)) - 644ed2c9-5711-47af-adb7-dab428ebce56@group-EDAC3AB1FD41-FollowerState was interrupted: java.lang.InterruptedException: sleep interrupted
2019-10-14 13:00:31,676 [grpc-default-executor-1] INFO  impl.RoleInfo (RoleInfo.java:updateAndGet(143)) - 644ed2c9-5711-47af-adb7-dab428ebce56: start FollowerState
2019-10-14 13:00:31,702 [main] INFO  ozoneimpl.OzoneContainer (OzoneContainer.java:stop(227)) - Attempting to stop container services.
2019-10-14 13:00:31,702 [main] INFO  impl.RaftServerProxy (RaftServerProxy.java:lambda$close$4(314)) - 1da6bb09-916d-4199-b6ac-9e9059830af0: close
2019-10-14 13:00:31,703 [main] INFO  impl.RaftServerImpl (RaftServerImpl.java:lambda$shutdown$3(247)) - 1da6bb09-916d-4199-b6ac-9e9059830af0@group-F0132966E86E: shutdown
2019-10-14 13:00:31,703 [ForkJoinPool.commonPool-worker-1] INFO  impl.RaftServerImpl (RaftServerImpl.java:lambda$shutdown$3(247)) - 1da6bb09-916d-4199-b6ac-9e9059830af0@group-FDD512E035A0: shutdown
2019-10-14 13:00:31,703 [main] INFO  util.JmxRegister (JmxRegister.java:unregister(73)) - Successfully un-registered JMX Bean with object name Ratis:service=RaftServer,group=group-F0132966E86E,id=1da6bb09-916d-4199-b6ac-9e9059830af0
2019-10-14 13:00:31,704 [ForkJoinPool.commonPool-worker-1] INFO  util.JmxRegister (JmxRegister.java:unregister(73)) - Successfully un-registered JMX Bean with object name Ratis:service=RaftServer,group=group-FDD512E035A0,id=1da6bb09-916d-4199-b6ac-9e9059830af0
2019-10-14 13:00:31,704 [main] INFO  impl.RoleInfo (RoleInfo.java:shutdownLeaderState(104)) - 1da6bb09-916d-4199-b6ac-9e9059830af0: shutdown LeaderState
2019-10-14 13:00:31,704 [ForkJoinPool.commonPool-worker-1] INFO  impl.RoleInfo (RoleInfo.java:shutdownFollowerState(121)) - 1da6bb09-916d-4199-b6ac-9e9059830af0: shutdown FollowerState
2019-10-14 13:00:31,705 [main] INFO  impl.PendingRequests (PendingRequests.java:sendNotLeaderResponses(202)) - 1da6bb09-916d-4199-b6ac-9e9059830af0@group-F0132966E86E-PendingRequests: sendNotLeaderResponses
2019-10-14 13:00:31,705 [Thread-1480] INFO  impl.FollowerState (FollowerState.java:run(117)) - 1da6bb09-916d-4199-b6ac-9e9059830af0@group-FDD512E035A0-FollowerState was interrupted: java.lang.InterruptedException: sleep interrupted
2019-10-14 13:00:31,705 [ForkJoinPool.commonPool-worker-1] INFO  impl.StateMachineUpdater (StateMachineUpdater.java:stopAndJoin(136)) - 1da6bb09-916d-4199-b6ac-9e9059830af0@group-FDD512E035A0-StateMachineUpdater: set stopIndex = 2
2019-10-14 13:00:31,705 [main] INFO  impl.StateMachineUpdater (StateMachineUpdater.java:stopAndJoin(136)) - 1da6bb09-916d-4199-b6ac-9e9059830af0@group-F0132966E86E-StateMachineUpdater: set stopIndex = 0
2019-10-14 13:00:31,705 [1da6bb09-916d-4199-b6ac-9e9059830af0@group-FDD512E035A0-StateMachineUpdater] INFO  ratis.ContainerStateMachine (ContainerStateMachine.java:takeSnapshot(294)) - group-FDD512E035A0: Taking a snapshot at:(t:1, i:1) file /workdir/hadoop-ozone/integration-test/target/test-dir/MiniOzoneClusterImpl-25d4ef13-1b97-4b93-afc7-b45b15e79a23/datanode-1/data/ratis/9ea1b952-6fba-4b06-9ca2-fdd512e035a0/sm/snapshot.1_1
2019-10-14 13:00:31,706 [main] INFO  impl.RaftServerImpl (ServerState.java:close(387)) - 1da6bb09-916d-4199-b6ac-9e9059830af0@group-F0132966E86E: closes. applyIndex: 0
2019-10-14 13:00:31,706 [1da6bb09-916d-4199-b6ac-9e9059830af0@group-F0132966E86E-SegmentedRaftLogWorker] INFO  segmented.SegmentedRaftLogWorker (SegmentedRaftLogWorker.java:run(316)) - 1da6bb09-916d-4199-b6ac-9e9059830af0@group-F0132966E86E-SegmentedRaftLogWorker was interrupted, exiting. There are 0 tasks remaining in the queue.
2019-10-14 13:00:31,710 [main] INFO  segmented.SegmentedRaftLogWorker (SegmentedRaftLogWorker.java:close(224)) - 1da6bb09-916d-4199-b6ac-9e9059830af0@group-F0132966E86E-SegmentedRaftLogWorker close()
2019-10-14 13:00:31,714 [1da6bb09-916d-4199-b6ac-9e9059830af0@group-FDD512E035A0-StateMachineUpdater] INFO  ratis.ContainerStateMachine (ContainerStateMachine.java:takeSnapshot(305)) - group-FDD512E035A0: Finished taking a snapshot at:(t:1, i:1) file:/workdir/hadoop-ozone/integration-test/target/test-dir/MiniOzoneClusterImpl-25d4ef13-1b97-4b93-afc7-b45b15e79a23/datanode-1/data/ratis/9ea1b952-6fba-4b06-9ca2-fdd512e035a0/sm/snapshot.1_1 time:9
2019-10-14 13:00:31,715 [1da6bb09-916d-4199-b6ac-9e9059830af0@group-FDD512E035A0-StateMachineUpdater] INFO  impl.StateMachineUpdater (StateMachineUpdater.java:takeSnapshot(269)) - 1da6bb09-916d-4199-b6ac-9e9059830af0@group-FDD512E035A0-StateMachineUpdater: Took a snapshot at index 1
2019-10-14 13:00:31,715 [1da6bb09-916d-4199-b6ac-9e9059830af0@group-FDD512E035A0-StateMachineUpdater] INFO  impl.StateMachineUpdater (StateMachineUpdater.java:lambda$new$0(84)) - 1da6bb09-916d-4199-b6ac-9e9059830af0@group-FDD512E035A0-StateMachineUpdater: snapshotIndex: updateIncreasingly -1 -> 1
2019-10-14 13:00:31,715 [1da6bb09-916d-4199-b6ac-9e9059830af0@group-FDD512E035A0-StateMachineUpdater] INFO  ratis.ContainerStateMachine (ContainerStateMachine.java:takeSnapshot(294)) - group-FDD512E035A0: Taking a snapshot at:(t:1, i:1) file /workdir/hadoop-ozone/integration-test/target/test-dir/MiniOzoneClusterImpl-25d4ef13-1b97-4b93-afc7-b45b15e79a23/datanode-1/data/ratis/9ea1b952-6fba-4b06-9ca2-fdd512e035a0/sm/snapshot.1_1
2019-10-14 13:00:31,716 [762b5686-d2e5-4fc1-834c-abdcf4b4e357@group-EDAC3AB1FD41-LeaderElection39] INFO  impl.LeaderElection (LeaderElection.java:logAndReturn(56)) - 762b5686-d2e5-4fc1-834c-abdcf4b4e357@group-EDAC3AB1FD41-LeaderElection39: Election PASSED; received 1 response(s) [762b5686-d2e5-4fc1-834c-abdcf4b4e357<-38295e66-f96d-4966-82db-c27c919857a1#0:OK-t2] and 0 exception(s); 762b5686-d2e5-4fc1-834c-abdcf4b4e357@group-EDAC3AB1FD41:t2, leader=null, voted=762b5686-d2e5-4fc1-834c-abdcf4b4e357, raftlog=762b5686-d2e5-4fc1-834c-abdcf4b4e357@group-EDAC3AB1FD41-SegmentedRaftLog:OPENED:c-1,f-1,i0, conf=-1: [762b5686-d2e5-4fc1-834c-abdcf4b4e357:192.168.151.107:34476, 644ed2c9-5711-47af-adb7-dab428ebce56:192.168.151.107:44692, 38295e66-f96d-4966-82db-c27c919857a1:192.168.151.107:38069], old=null
2019-10-14 13:00:31,716 [762b5686-d2e5-4fc1-834c-abdcf4b4e357@group-EDAC3AB1FD41-LeaderElection39] INFO  impl.RoleInfo (RoleInfo.java:shutdownLeaderElection(134)) - 762b5686-d2e5-4fc1-834c-abdcf4b4e357: shutdown LeaderElection
2019-10-14 13:00:31,716 [762b5686-d2e5-4fc1-834c-abdcf4b4e357@group-EDAC3AB1FD41-LeaderElection39] INFO  impl.RaftServerImpl (RaftServerImpl.java:setRole(170)) - 762b5686-d2e5-4fc1-834c-abdcf4b4e357@group-EDAC3AB1FD41: changes role from CANDIDATE to LEADER at term 2 for changeToLeader
2019-10-14 13:00:31,716 [762b5686-d2e5-4fc1-834c-abdcf4b4e357@group-EDAC3AB1FD41-LeaderElection39] INFO  impl.RaftServerImpl (ServerState.java:setLeader(255)) - 762b5686-d2e5-4fc1-834c-abdcf4b4e357@group-EDAC3AB1FD41: change Leader from null to 762b5686-d2e5-4fc1-834c-abdcf4b4e357 at term 2 for becomeLeader, leader elected after 10252ms
2019-10-14 13:00:31,717 [762b5686-d2e5-4fc1-834c-abdcf4b4e357@group-EDAC3AB1FD41-LeaderElection39] INFO  server.RaftServerConfigKeys (ConfUtils.java:logGet(43)) - raft.server.staging.catchup.gap = 1000 (default)
2019-10-14 13:00:31,717 [762b5686-d2e5-4fc1-834c-abdcf4b4e357@group-EDAC3AB1FD41-LeaderElection39] INFO  server.RaftServerConfigKeys (ConfUtils.java:logGet(43)) - raft.server.rpc.sleep.time = 25ms (default)
2019-10-14 13:00:31,717 [762b5686-d2e5-4fc1-834c-abdcf4b4e357@group-EDAC3AB1FD41-LeaderElection39] INFO  server.RaftServerConfigKeys (ConfUtils.java:logGet(43)) - raft.server.write.element-limit = 4096 (default)
2019-10-14 13:00:31,717 [762b5686-d2e5-4fc1-834c-abdcf4b4e357@group-EDAC3AB1FD41-LeaderElection39] INFO  server.RaftServerConfigKeys (ConfUtils.java:logGet(43)) - raft.server.watch.timeout = 10s (default)
2019-10-14 13:00:31,717 [762b5686-d2e5-4fc1-834c-abdcf4b4e357@group-EDAC3AB1FD41-LeaderElection39] INFO  server.RaftServerConfigKeys (ConfUtils.java:logGet(43)) - raft.server.watch.timeout.denomination = 1s (default)
2019-10-14 13:00:31,718 [762b5686-d2e5-4fc1-834c-abdcf4b4e357@group-EDAC3AB1FD41-LeaderElection39] INFO  server.RaftServerConfigKeys (ConfUtils.java:logGet(43)) - raft.server.watch.element-limit = 65536 (default)
2019-10-14 13:00:31,721 [762b5686-d2e5-4fc1-834c-abdcf4b4e357@group-EDAC3AB1FD41-LeaderElection39] INFO  server.RaftServerConfigKeys (ConfUtils.java:logGet(43)) - raft.server.log.appender.snapshot.chunk.size.max = 16MB (=16777216) (default)
2019-10-14 13:00:31,721 [762b5686-d2e5-4fc1-834c-abdcf4b4e357@group-EDAC3AB1FD41-LeaderElection39] INFO  server.RaftServerConfigKeys (ConfUtils.java:logGet(43)) - raft.server.log.appender.buffer.byte-limit = 33554432 (custom)
2019-10-14 13:00:31,721 [762b5686-d2e5-4fc1-834c-abdcf4b4e357@group-EDAC3AB1FD41-LeaderElection39] INFO  server.RaftServerConfigKeys (ConfUtils.java:logGet(43)) - raft.server.log.appender.buffer.element-limit = 1 (custom)
2019-10-14 13:00:31,721 [762b5686-d2e5-4fc1-834c-abdcf4b4e357@group-EDAC3AB1FD41-LeaderElection39] INFO  grpc.GrpcConfigKeys$Server (ConfUtils.java:logGet(43)) - raft.grpc.server.leader.outstanding.appends.max = 128 (default)
2019-10-14 13:00:31,722 [762b5686-d2e5-4fc1-834c-abdcf4b4e357@group-EDAC3AB1FD41-LeaderElection39] INFO  server.RaftServerConfigKeys (ConfUtils.java:logGet(43)) - raft.server.rpc.request.timeout = 3000ms (default)
2019-10-14 13:00:31,722 [762b5686-d2e5-4fc1-834c-abdcf4b4e357@group-EDAC3AB1FD41-LeaderElection39] INFO  server.RaftServerConfigKeys (ConfUtils.java:logGet(43)) - raft.server.log.appender.install.snapshot.enabled = false (custom)
2019-10-14 13:00:31,722 [762b5686-d2e5-4fc1-834c-abdcf4b4e357@group-EDAC3AB1FD41-LeaderElection39] INFO  server.RaftServerConfigKeys (ConfUtils.java:logGet(43)) - raft.server.log.appender.snapshot.chunk.size.max = 16MB (=16777216) (default)
2019-10-14 13:00:31,722 [762b5686-d2e5-4fc1-834c-abdcf4b4e357@group-EDAC3AB1FD41-LeaderElection39] INFO  server.RaftServerConfigKeys (ConfUtils.java:logGet(43)) - raft.server.log.appender.buffer.byte-limit = 33554432 (custom)
2019-10-14 13:00:31,722 [762b5686-d2e5-4fc1-834c-abdcf4b4e357@group-EDAC3AB1FD41-LeaderElection39] INFO  server.RaftServerConfigKeys (ConfUtils.java:logGet(43)) - raft.server.log.appender.buffer.element-limit = 1 (custom)
2019-10-14 13:00:31,723 [762b5686-d2e5-4fc1-834c-abdcf4b4e357@group-EDAC3AB1FD41-LeaderElection39] INFO  grpc.GrpcConfigKeys$Server (ConfUtils.java:logGet(43)) - raft.grpc.server.leader.outstanding.appends.max = 128 (default)
2019-10-14 13:00:31,723 [762b5686-d2e5-4fc1-834c-abdcf4b4e357@group-EDAC3AB1FD41-LeaderElection39] INFO  server.RaftServerConfigKeys (ConfUtils.java:logGet(43)) - raft.server.rpc.request.timeout = 3000ms (default)
2019-10-14 13:00:31,723 [762b5686-d2e5-4fc1-834c-abdcf4b4e357@group-EDAC3AB1FD41-LeaderElection39] INFO  server.RaftServerConfigKeys (ConfUtils.java:logGet(43)) - raft.server.log.appender.install.snapshot.enabled = false (custom)
2019-10-14 13:00:31,723 [762b5686-d2e5-4fc1-834c-abdcf4b4e357@group-EDAC3AB1FD41-LeaderElection39] INFO  impl.RoleInfo (RoleInfo.java:updateAndGet(143)) - 762b5686-d2e5-4fc1-834c-abdcf4b4e357: start LeaderState
2019-10-14 13:00:31,724 [762b5686-d2e5-4fc1-834c-abdcf4b4e357@group-EDAC3AB1FD41-LeaderElection39] INFO  segmented.SegmentedRaftLogWorker (SegmentedRaftLogWorker.java:startLogSegment(385)) - 762b5686-d2e5-4fc1-834c-abdcf4b4e357@group-EDAC3AB1FD41-SegmentedRaftLogWorker: Starting segment from index:0
2019-10-14 13:00:31,725 [762b5686-d2e5-4fc1-834c-abdcf4b4e357@group-EDAC3AB1FD41-LeaderElection39] INFO  impl.RaftServerImpl (ServerState.java:setRaftConf(356)) - 762b5686-d2e5-4fc1-834c-abdcf4b4e357@group-EDAC3AB1FD41: set configuration 0: [762b5686-d2e5-4fc1-834c-abdcf4b4e357:192.168.151.107:34476, 644ed2c9-5711-47af-adb7-dab428ebce56:192.168.151.107:44692, 38295e66-f96d-4966-82db-c27c919857a1:192.168.151.107:38069], old=null at 0
2019-10-14 13:00:31,726 [grpc-default-executor-4] INFO  impl.RaftServerImpl (ServerState.java:setLeader(255)) - 38295e66-f96d-4966-82db-c27c919857a1@group-EDAC3AB1FD41: change Leader from null to 762b5686-d2e5-4fc1-834c-abdcf4b4e357 at term 2 for appendEntries, leader elected after 10261ms
2019-10-14 13:00:31,750 [1da6bb09-916d-4199-b6ac-9e9059830af0@group-FDD512E035A0-StateMachineUpdater] INFO  ratis.ContainerStateMachine (ContainerStateMachine.java:takeSnapshot(305)) - group-FDD512E035A0: Finished taking a snapshot at:(t:1, i:1) file:/workdir/hadoop-ozone/integration-test/target/test-dir/MiniOzoneClusterImpl-25d4ef13-1b97-4b93-afc7-b45b15e79a23/datanode-1/data/ratis/9ea1b952-6fba-4b06-9ca2-fdd512e035a0/sm/snapshot.1_1 time:35
2019-10-14 13:00:31,750 [1da6bb09-916d-4199-b6ac-9e9059830af0@group-FDD512E035A0-StateMachineUpdater] INFO  impl.StateMachineUpdater (StateMachineUpdater.java:takeSnapshot(269)) - 1da6bb09-916d-4199-b6ac-9e9059830af0@group-FDD512E035A0-StateMachineUpdater: Took a snapshot at index 1
2019-10-14 13:00:31,751 [1da6bb09-916d-4199-b6ac-9e9059830af0@group-FDD512E035A0-StateMachineUpdater] INFO  impl.StateMachineUpdater (StateMachineUpdater.java:lambda$new$0(84)) - 1da6bb09-916d-4199-b6ac-9e9059830af0@group-FDD512E035A0-StateMachineUpdater: snapshotIndex: updateIncreasingly 1 -> 1
2019-10-14 13:00:31,751 [grpc-default-executor-1] INFO  impl.RaftServerImpl (ServerState.java:setLeader(255)) - 644ed2c9-5711-47af-adb7-dab428ebce56@group-EDAC3AB1FD41: change Leader from null to 762b5686-d2e5-4fc1-834c-abdcf4b4e357 at term 2 for appendEntries, leader elected after 10286ms
2019-10-14 13:00:31,751 [ForkJoinPool.commonPool-worker-1] INFO  impl.RaftServerImpl (ServerState.java:close(387)) - 1da6bb09-916d-4199-b6ac-9e9059830af0@group-FDD512E035A0: closes. applyIndex: 2
2019-10-14 13:00:31,751 [1da6bb09-916d-4199-b6ac-9e9059830af0@group-FDD512E035A0-SegmentedRaftLogWorker] INFO  segmented.SegmentedRaftLogWorker (SegmentedRaftLogWorker.java:run(316)) - 1da6bb09-916d-4199-b6ac-9e9059830af0@group-FDD512E035A0-SegmentedRaftLogWorker was interrupted, exiting. There are 0 tasks remaining in the queue.
2019-10-14 13:00:31,753 [ForkJoinPool.commonPool-worker-1] INFO  segmented.SegmentedRaftLogWorker (SegmentedRaftLogWorker.java:close(224)) - 1da6bb09-916d-4199-b6ac-9e9059830af0@group-FDD512E035A0-SegmentedRaftLogWorker close()
2019-10-14 13:00:31,757 [main] INFO  server.GrpcService (GrpcService.java:closeImpl(164)) - 1da6bb09-916d-4199-b6ac-9e9059830af0: shutdown server with port 39723 now
2019-10-14 13:00:31,757 [grpc-default-executor-1] INFO  impl.RaftServerImpl (ServerState.java:setRaftConf(356)) - 38295e66-f96d-4966-82db-c27c919857a1@group-EDAC3AB1FD41: set configuration 0: [762b5686-d2e5-4fc1-834c-abdcf4b4e357:192.168.151.107:34476, 644ed2c9-5711-47af-adb7-dab428ebce56:192.168.151.107:44692, 38295e66-f96d-4966-82db-c27c919857a1:192.168.151.107:38069], old=null at 0
2019-10-14 13:00:31,757 [grpc-default-executor-1] INFO  segmented.SegmentedRaftLogWorker (SegmentedRaftLogWorker.java:startLogSegment(385)) - 38295e66-f96d-4966-82db-c27c919857a1@group-EDAC3AB1FD41-SegmentedRaftLogWorker: Starting segment from index:0
2019-10-14 13:00:31,757 [grpc-default-executor-4] INFO  impl.RaftServerImpl (ServerState.java:setRaftConf(356)) - 644ed2c9-5711-47af-adb7-dab428ebce56@group-EDAC3AB1FD41: set configuration 0: [762b5686-d2e5-4fc1-834c-abdcf4b4e357:192.168.151.107:34476, 644ed2c9-5711-47af-adb7-dab428ebce56:192.168.151.107:44692, 38295e66-f96d-4966-82db-c27c919857a1:192.168.151.107:38069], old=null at 0
2019-10-14 13:00:31,758 [main] INFO  server.GrpcService (GrpcService.java:closeImpl(172)) - 1da6bb09-916d-4199-b6ac-9e9059830af0: shutdown server with port 39723 successfully
2019-10-14 13:00:31,758 [grpc-default-executor-2] WARN  server.GrpcServerProtocolService (LogUtils.java:warn(134)) - 1da6bb09-916d-4199-b6ac-9e9059830af0: installSnapshot onError, lastRequest: 3f353dff-fbf1-45e1-b8dc-90047666ac7f->1da6bb09-916d-4199-b6ac-9e9059830af0#5-t1, previous=(t:1, i:2), leaderCommit=2, initializing? false, entries: <empty>: org.apache.ratis.thirdparty.io.grpc.StatusRuntimeException: CANCELLED: cancelled before receiving half close
2019-10-14 13:00:31,758 [grpc-default-executor-4] INFO  segmented.SegmentedRaftLogWorker (SegmentedRaftLogWorker.java:startLogSegment(385)) - 644ed2c9-5711-47af-adb7-dab428ebce56@group-EDAC3AB1FD41-SegmentedRaftLogWorker: Starting segment from index:0
2019-10-14 13:00:31,758 [grpc-default-executor-6] WARN  server.GrpcLogAppender (LogUtils.java:warn(134)) - 3f353dff-fbf1-45e1-b8dc-90047666ac7f@group-FDD512E035A0->1da6bb09-916d-4199-b6ac-9e9059830af0-AppendLogResponseHandler: Failed appendEntries: org.apache.ratis.thirdparty.io.grpc.StatusRuntimeException: CANCELLED: HTTP/2 error code: CANCEL
Received Rst Stream
2019-10-14 13:00:31,759 [grpc-default-executor-6] INFO  impl.FollowerInfo (FollowerInfo.java:lambda$new$0(51)) - 3f353dff-fbf1-45e1-b8dc-90047666ac7f@group-FDD512E035A0->1da6bb09-916d-4199-b6ac-9e9059830af0: nextIndex: updateUnconditionally 3 -> 2
2019-10-14 13:00:31,759 [refreshUsed-/workdir/hadoop-ozone/integration-test/target/test-dir/MiniOzoneClusterImpl-25d4ef13-1b97-4b93-afc7-b45b15e79a23/datanode-1/data/containers] WARN  fs.CachingGetSpaceUsed (CachingGetSpaceUsed.java:run(183)) - Thread Interrupted waiting to refresh disk information: sleep interrupted
2019-10-14 13:00:31,763 [762b5686-d2e5-4fc1-834c-abdcf4b4e357@group-EDAC3AB1FD41-SegmentedRaftLogWorker] INFO  segmented.SegmentedRaftLogWorker (SegmentedRaftLogWorker.java:execute(574)) - 762b5686-d2e5-4fc1-834c-abdcf4b4e357@group-EDAC3AB1FD41-SegmentedRaftLogWorker: created new log segment /workdir/hadoop-ozone/integration-test/target/test-dir/MiniOzoneClusterImpl-25d4ef13-1b97-4b93-afc7-b45b15e79a23/datanode-6/data/ratis/4a9df47a-1de3-4600-be60-edac3ab1fd41/current/log_inprogress_0
2019-10-14 13:00:31,772 [main] INFO  utils.BackgroundService (BackgroundService.java:shutdown(151)) - Shutting down service BlockDeletingService
2019-10-14 13:00:31,792 [main] INFO  statemachine.DatanodeStateMachine (DatanodeStateMachine.java:stopDaemon(395)) - Ozone container server stopped.
2019-10-14 13:00:31,793 [main] INFO  handler.ContextHandler (ContextHandler.java:doStop(910)) - Stopped o.e.j.w.WebAppContext@4be0a27d{/,null,UNAVAILABLE}{/hddsDatanode}
2019-10-14 13:00:31,794 [main] INFO  server.AbstractConnector (AbstractConnector.java:doStop(318)) - Stopped ServerConnector@5f366587{HTTP/1.1,[http/1.1]}{0.0.0.0:0}
2019-10-14 13:00:31,794 [main] INFO  handler.ContextHandler (ContextHandler.java:doStop(910)) - Stopped o.e.j.s.ServletContextHandler@4aa2877c{/static,jar:file:/home/user/.m2/repository/org/apache/hadoop/hadoop-hdds-container-service/0.5.0-SNAPSHOT/hadoop-hdds-container-service-0.5.0-SNAPSHOT.jar!/webapps/static,UNAVAILABLE}
2019-10-14 13:00:31,794 [main] INFO  handler.ContextHandler (ContextHandler.java:doStop(910)) - Stopped o.e.j.s.ServletContextHandler@6ddee60f{/logs,file:///workdir/hadoop-ozone/integration-test/target/log,UNAVAILABLE}
2019-10-14 13:00:31,803 [644ed2c9-5711-47af-adb7-dab428ebce56@group-EDAC3AB1FD41-SegmentedRaftLogWorker] INFO  segmented.SegmentedRaftLogWorker (SegmentedRaftLogWorker.java:execute(574)) - 644ed2c9-5711-47af-adb7-dab428ebce56@group-EDAC3AB1FD41-SegmentedRaftLogWorker: created new log segment /workdir/hadoop-ozone/integration-test/target/test-dir/MiniOzoneClusterImpl-25d4ef13-1b97-4b93-afc7-b45b15e79a23/datanode-4/data/ratis/4a9df47a-1de3-4600-be60-edac3ab1fd41/current/log_inprogress_0
2019-10-14 13:00:31,803 [38295e66-f96d-4966-82db-c27c919857a1@group-EDAC3AB1FD41-SegmentedRaftLogWorker] INFO  segmented.SegmentedRaftLogWorker (SegmentedRaftLogWorker.java:execute(574)) - 38295e66-f96d-4966-82db-c27c919857a1@group-EDAC3AB1FD41-SegmentedRaftLogWorker: created new log segment /workdir/hadoop-ozone/integration-test/target/test-dir/MiniOzoneClusterImpl-25d4ef13-1b97-4b93-afc7-b45b15e79a23/datanode-5/data/ratis/4a9df47a-1de3-4600-be60-edac3ab1fd41/current/log_inprogress_0
2019-10-14 13:00:32,753 [Datanode State Machine Thread - 0] INFO  statemachine.DatanodeStateMachine (DatanodeStateMachine.java:lambda$startDaemon$0(350)) - Ozone container server started.
2019-10-14 13:00:34,199 [grpc-default-executor-2] WARN  server.GrpcLogAppender (LogUtils.java:warn(134)) - 3f353dff-fbf1-45e1-b8dc-90047666ac7f@group-FDD512E035A0->1da6bb09-916d-4199-b6ac-9e9059830af0-AppendLogResponseHandler: Failed appendEntries: org.apache.ratis.thirdparty.io.grpc.StatusRuntimeException: UNAVAILABLE: io exception
2019-10-14 13:00:34,199 [grpc-default-executor-2] INFO  impl.FollowerInfo (FollowerInfo.java:lambda$new$0(51)) - 3f353dff-fbf1-45e1-b8dc-90047666ac7f@group-FDD512E035A0->1da6bb09-916d-4199-b6ac-9e9059830af0: nextIndex: updateUnconditionally 2 -> 1
2019-10-14 13:00:36,700 [grpc-default-executor-6] WARN  server.GrpcLogAppender (LogUtils.java:warn(134)) - 3f353dff-fbf1-45e1-b8dc-90047666ac7f@group-FDD512E035A0->1da6bb09-916d-4199-b6ac-9e9059830af0-AppendLogResponseHandler: Failed appendEntries: org.apache.ratis.thirdparty.io.grpc.StatusRuntimeException: UNAVAILABLE: io exception
2019-10-14 13:00:36,700 [grpc-default-executor-6] INFO  impl.FollowerInfo (FollowerInfo.java:lambda$new$0(51)) - 3f353dff-fbf1-45e1-b8dc-90047666ac7f@group-FDD512E035A0->1da6bb09-916d-4199-b6ac-9e9059830af0: nextIndex: updateUnconditionally 1 -> 0
2019-10-14 13:00:36,796 [main] INFO  ozoneimpl.OzoneContainer (OzoneContainer.java:stop(227)) - Attempting to stop container services.
2019-10-14 13:00:36,796 [main] INFO  impl.RaftServerProxy (RaftServerProxy.java:lambda$close$4(314)) - 82ffce00-55a6-43cb-a809-ae8d063a0f95: close
2019-10-14 13:00:36,797 [main] INFO  impl.RaftServerImpl (RaftServerImpl.java:lambda$shutdown$3(247)) - 82ffce00-55a6-43cb-a809-ae8d063a0f95@group-65B7ACDCE826: shutdown
2019-10-14 13:00:36,797 [ForkJoinPool.commonPool-worker-0] INFO  impl.RaftServerImpl (RaftServerImpl.java:lambda$shutdown$3(247)) - 82ffce00-55a6-43cb-a809-ae8d063a0f95@group-FDD512E035A0: shutdown
2019-10-14 13:00:36,797 [main] INFO  util.JmxRegister (JmxRegister.java:unregister(73)) - Successfully un-registered JMX Bean with object name Ratis:service=RaftServer,group=group-65B7ACDCE826,id=82ffce00-55a6-43cb-a809-ae8d063a0f95
2019-10-14 13:00:36,798 [ForkJoinPool.commonPool-worker-0] INFO  util.JmxRegister (JmxRegister.java:unregister(73)) - Successfully un-registered JMX Bean with object name Ratis:service=RaftServer,group=group-FDD512E035A0,id=82ffce00-55a6-43cb-a809-ae8d063a0f95
2019-10-14 13:00:36,798 [main] INFO  impl.RoleInfo (RoleInfo.java:shutdownLeaderState(104)) - 82ffce00-55a6-43cb-a809-ae8d063a0f95: shutdown LeaderState
2019-10-14 13:00:36,798 [ForkJoinPool.commonPool-worker-0] INFO  impl.RoleInfo (RoleInfo.java:shutdownFollowerState(121)) - 82ffce00-55a6-43cb-a809-ae8d063a0f95: shutdown FollowerState
2019-10-14 13:00:36,799 [main] INFO  impl.PendingRequests (PendingRequests.java:sendNotLeaderResponses(202)) - 82ffce00-55a6-43cb-a809-ae8d063a0f95@group-65B7ACDCE826-PendingRequests: sendNotLeaderResponses
2019-10-14 13:00:36,799 [82ffce00-55a6-43cb-a809-ae8d063a0f95@group-FDD512E035A0-StateMachineUpdater] INFO  ratis.ContainerStateMachine (ContainerStateMachine.java:takeSnapshot(294)) - group-FDD512E035A0: Taking a snapshot at:(t:1, i:1) file /workdir/hadoop-ozone/integration-test/target/test-dir/MiniOzoneClusterImpl-25d4ef13-1b97-4b93-afc7-b45b15e79a23/datanode-2/data/ratis/9ea1b952-6fba-4b06-9ca2-fdd512e035a0/sm/snapshot.1_1
2019-10-14 13:00:36,799 [main] INFO  impl.StateMachineUpdater (StateMachineUpdater.java:stopAndJoin(136)) - 82ffce00-55a6-43cb-a809-ae8d063a0f95@group-65B7ACDCE826-StateMachineUpdater: set stopIndex = 0
2019-10-14 13:00:36,799 [Thread-1481] INFO  impl.FollowerState (FollowerState.java:run(117)) - 82ffce00-55a6-43cb-a809-ae8d063a0f95@group-FDD512E035A0-FollowerState was interrupted: java.lang.InterruptedException: sleep interrupted
2019-10-14 13:00:36,799 [ForkJoinPool.commonPool-worker-0] INFO  impl.StateMachineUpdater (StateMachineUpdater.java:stopAndJoin(136)) - 82ffce00-55a6-43cb-a809-ae8d063a0f95@group-FDD512E035A0-StateMachineUpdater: set stopIndex = 2
2019-10-14 13:00:36,800 [main] INFO  impl.RaftServerImpl (ServerState.java:close(387)) - 82ffce00-55a6-43cb-a809-ae8d063a0f95@group-65B7ACDCE826: closes. applyIndex: 0
2019-10-14 13:00:36,801 [82ffce00-55a6-43cb-a809-ae8d063a0f95@group-65B7ACDCE826-SegmentedRaftLogWorker] INFO  segmented.SegmentedRaftLogWorker (SegmentedRaftLogWorker.java:run(316)) - 82ffce00-55a6-43cb-a809-ae8d063a0f95@group-65B7ACDCE826-SegmentedRaftLogWorker was interrupted, exiting. There are 0 tasks remaining in the queue.
2019-10-14 13:00:36,805 [main] INFO  segmented.SegmentedRaftLogWorker (SegmentedRaftLogWorker.java:close(224)) - 82ffce00-55a6-43cb-a809-ae8d063a0f95@group-65B7ACDCE826-SegmentedRaftLogWorker close()
2019-10-14 13:00:36,812 [82ffce00-55a6-43cb-a809-ae8d063a0f95@group-FDD512E035A0-StateMachineUpdater] INFO  ratis.ContainerStateMachine (ContainerStateMachine.java:takeSnapshot(305)) - group-FDD512E035A0: Finished taking a snapshot at:(t:1, i:1) file:/workdir/hadoop-ozone/integration-test/target/test-dir/MiniOzoneClusterImpl-25d4ef13-1b97-4b93-afc7-b45b15e79a23/datanode-2/data/ratis/9ea1b952-6fba-4b06-9ca2-fdd512e035a0/sm/snapshot.1_1 time:13
2019-10-14 13:00:36,813 [82ffce00-55a6-43cb-a809-ae8d063a0f95@group-FDD512E035A0-StateMachineUpdater] INFO  impl.StateMachineUpdater (StateMachineUpdater.java:takeSnapshot(269)) - 82ffce00-55a6-43cb-a809-ae8d063a0f95@group-FDD512E035A0-StateMachineUpdater: Took a snapshot at index 1
2019-10-14 13:00:36,813 [82ffce00-55a6-43cb-a809-ae8d063a0f95@group-FDD512E035A0-StateMachineUpdater] INFO  impl.StateMachineUpdater (StateMachineUpdater.java:lambda$new$0(84)) - 82ffce00-55a6-43cb-a809-ae8d063a0f95@group-FDD512E035A0-StateMachineUpdater: snapshotIndex: updateIncreasingly -1 -> 1
2019-10-14 13:00:36,813 [82ffce00-55a6-43cb-a809-ae8d063a0f95@group-FDD512E035A0-StateMachineUpdater] INFO  ratis.ContainerStateMachine (ContainerStateMachine.java:takeSnapshot(294)) - group-FDD512E035A0: Taking a snapshot at:(t:1, i:1) file /workdir/hadoop-ozone/integration-test/target/test-dir/MiniOzoneClusterImpl-25d4ef13-1b97-4b93-afc7-b45b15e79a23/datanode-2/data/ratis/9ea1b952-6fba-4b06-9ca2-fdd512e035a0/sm/snapshot.1_1
2019-10-14 13:00:36,816 [82ffce00-55a6-43cb-a809-ae8d063a0f95@group-FDD512E035A0-StateMachineUpdater] INFO  ratis.ContainerStateMachine (ContainerStateMachine.java:takeSnapshot(305)) - group-FDD512E035A0: Finished taking a snapshot at:(t:1, i:1) file:/workdir/hadoop-ozone/integration-test/target/test-dir/MiniOzoneClusterImpl-25d4ef13-1b97-4b93-afc7-b45b15e79a23/datanode-2/data/ratis/9ea1b952-6fba-4b06-9ca2-fdd512e035a0/sm/snapshot.1_1 time:3
2019-10-14 13:00:36,816 [82ffce00-55a6-43cb-a809-ae8d063a0f95@group-FDD512E035A0-StateMachineUpdater] INFO  impl.StateMachineUpdater (StateMachineUpdater.java:takeSnapshot(269)) - 82ffce00-55a6-43cb-a809-ae8d063a0f95@group-FDD512E035A0-StateMachineUpdater: Took a snapshot at index 1
2019-10-14 13:00:36,817 [82ffce00-55a6-43cb-a809-ae8d063a0f95@group-FDD512E035A0-StateMachineUpdater] INFO  impl.StateMachineUpdater (StateMachineUpdater.java:lambda$new$0(84)) - 82ffce00-55a6-43cb-a809-ae8d063a0f95@group-FDD512E035A0-StateMachineUpdater: snapshotIndex: updateIncreasingly 1 -> 1
2019-10-14 13:00:36,817 [ForkJoinPool.commonPool-worker-0] INFO  impl.RaftServerImpl (ServerState.java:close(387)) - 82ffce00-55a6-43cb-a809-ae8d063a0f95@group-FDD512E035A0: closes. applyIndex: 2
2019-10-14 13:00:36,817 [82ffce00-55a6-43cb-a809-ae8d063a0f95@group-FDD512E035A0-SegmentedRaftLogWorker] INFO  segmented.SegmentedRaftLogWorker (SegmentedRaftLogWorker.java:run(316)) - 82ffce00-55a6-43cb-a809-ae8d063a0f95@group-FDD512E035A0-SegmentedRaftLogWorker was interrupted, exiting. There are 0 tasks remaining in the queue.
2019-10-14 13:00:36,820 [ForkJoinPool.commonPool-worker-0] INFO  segmented.SegmentedRaftLogWorker (SegmentedRaftLogWorker.java:close(224)) - 82ffce00-55a6-43cb-a809-ae8d063a0f95@group-FDD512E035A0-SegmentedRaftLogWorker close()
2019-10-14 13:00:36,824 [main] INFO  server.GrpcService (GrpcService.java:closeImpl(164)) - 82ffce00-55a6-43cb-a809-ae8d063a0f95: shutdown server with port 43159 now
2019-10-14 13:00:36,825 [grpc-default-executor-6] WARN  server.GrpcServerProtocolService (LogUtils.java:warn(134)) - 82ffce00-55a6-43cb-a809-ae8d063a0f95: installSnapshot onError, lastRequest: 3f353dff-fbf1-45e1-b8dc-90047666ac7f->82ffce00-55a6-43cb-a809-ae8d063a0f95#7-t1, previous=(t:1, i:2), leaderCommit=2, initializing? false, entries: <empty>: org.apache.ratis.thirdparty.io.grpc.StatusRuntimeException: CANCELLED: cancelled before receiving half close
2019-10-14 13:00:36,825 [main] INFO  server.GrpcService (GrpcService.java:closeImpl(172)) - 82ffce00-55a6-43cb-a809-ae8d063a0f95: shutdown server with port 43159 successfully
2019-10-14 13:00:36,825 [grpc-default-executor-2] WARN  server.GrpcLogAppender (LogUtils.java:warn(134)) - 3f353dff-fbf1-45e1-b8dc-90047666ac7f@group-FDD512E035A0->82ffce00-55a6-43cb-a809-ae8d063a0f95-AppendLogResponseHandler: Failed appendEntries: org.apache.ratis.thirdparty.io.grpc.StatusRuntimeException: CANCELLED: HTTP/2 error code: CANCEL
Received Rst Stream
2019-10-14 13:00:36,826 [grpc-default-executor-2] INFO  impl.FollowerInfo (FollowerInfo.java:lambda$new$0(51)) - 3f353dff-fbf1-45e1-b8dc-90047666ac7f@group-FDD512E035A0->82ffce00-55a6-43cb-a809-ae8d063a0f95: nextIndex: updateUnconditionally 3 -> 2
2019-10-14 13:00:36,827 [refreshUsed-/workdir/hadoop-ozone/integration-test/target/test-dir/MiniOzoneClusterImpl-25d4ef13-1b97-4b93-afc7-b45b15e79a23/datanode-2/data/containers] WARN  fs.CachingGetSpaceUsed (CachingGetSpaceUsed.java:run(183)) - Thread Interrupted waiting to refresh disk information: sleep interrupted
2019-10-14 13:00:36,845 [main] INFO  utils.BackgroundService (BackgroundService.java:shutdown(151)) - Shutting down service BlockDeletingService
2019-10-14 13:00:36,856 [main] INFO  statemachine.DatanodeStateMachine (DatanodeStateMachine.java:stopDaemon(395)) - Ozone container server stopped.
2019-10-14 13:00:36,857 [main] INFO  handler.ContextHandler (ContextHandler.java:doStop(910)) - Stopped o.e.j.w.WebAppContext@4cb957b8{/,null,UNAVAILABLE}{/hddsDatanode}
2019-10-14 13:00:36,858 [main] INFO  server.AbstractConnector (AbstractConnector.java:doStop(318)) - Stopped ServerConnector@3cdc7b09{HTTP/1.1,[http/1.1]}{0.0.0.0:0}
2019-10-14 13:00:36,858 [main] INFO  handler.ContextHandler (ContextHandler.java:doStop(910)) - Stopped o.e.j.s.ServletContextHandler@7186b202{/static,jar:file:/home/user/.m2/repository/org/apache/hadoop/hadoop-hdds-container-service/0.5.0-SNAPSHOT/hadoop-hdds-container-service-0.5.0-SNAPSHOT.jar!/webapps/static,UNAVAILABLE}
2019-10-14 13:00:36,858 [main] INFO  handler.ContextHandler (ContextHandler.java:doStop(910)) - Stopped o.e.j.s.ServletContextHandler@e700eba{/logs,file:///workdir/hadoop-ozone/integration-test/target/log,UNAVAILABLE}
2019-10-14 13:00:39,202 [grpc-default-executor-6] WARN  server.GrpcLogAppender (LogUtils.java:warn(134)) - 3f353dff-fbf1-45e1-b8dc-90047666ac7f@group-FDD512E035A0->1da6bb09-916d-4199-b6ac-9e9059830af0-AppendLogResponseHandler: Failed appendEntries: org.apache.ratis.thirdparty.io.grpc.StatusRuntimeException: UNAVAILABLE: io exception
2019-10-14 13:00:39,202 [grpc-default-executor-6] INFO  impl.FollowerInfo (FollowerInfo.java:lambda$new$0(51)) - 3f353dff-fbf1-45e1-b8dc-90047666ac7f@group-FDD512E035A0->1da6bb09-916d-4199-b6ac-9e9059830af0: nextIndex: updateUnconditionally 0 -> 0
2019-10-14 13:00:39,203 [grpc-default-executor-4] WARN  server.GrpcLogAppender (LogUtils.java:warn(134)) - 3f353dff-fbf1-45e1-b8dc-90047666ac7f@group-FDD512E035A0->82ffce00-55a6-43cb-a809-ae8d063a0f95-AppendLogResponseHandler: Failed appendEntries: org.apache.ratis.thirdparty.io.grpc.StatusRuntimeException: UNAVAILABLE: io exception
2019-10-14 13:00:39,203 [grpc-default-executor-4] INFO  impl.FollowerInfo (FollowerInfo.java:lambda$new$0(51)) - 3f353dff-fbf1-45e1-b8dc-90047666ac7f@group-FDD512E035A0->82ffce00-55a6-43cb-a809-ae8d063a0f95: nextIndex: updateUnconditionally 2 -> 1
2019-10-14 13:00:41,703 [grpc-default-executor-4] WARN  server.GrpcLogAppender (LogUtils.java:warn(134)) - 3f353dff-fbf1-45e1-b8dc-90047666ac7f@group-FDD512E035A0->1da6bb09-916d-4199-b6ac-9e9059830af0-AppendLogResponseHandler: Failed appendEntries: org.apache.ratis.thirdparty.io.grpc.StatusRuntimeException: UNAVAILABLE: io exception
2019-10-14 13:00:41,703 [grpc-default-executor-0] WARN  server.GrpcLogAppender (LogUtils.java:warn(134)) - 3f353dff-fbf1-45e1-b8dc-90047666ac7f@group-FDD512E035A0->82ffce00-55a6-43cb-a809-ae8d063a0f95-AppendLogResponseHandler: Failed appendEntries: org.apache.ratis.thirdparty.io.grpc.StatusRuntimeException: UNAVAILABLE: io exception
2019-10-14 13:00:41,703 [grpc-default-executor-4] INFO  impl.FollowerInfo (FollowerInfo.java:lambda$new$0(51)) - 3f353dff-fbf1-45e1-b8dc-90047666ac7f@group-FDD512E035A0->1da6bb09-916d-4199-b6ac-9e9059830af0: nextIndex: updateUnconditionally 0 -> 0
2019-10-14 13:00:41,703 [grpc-default-executor-0] INFO  impl.FollowerInfo (FollowerInfo.java:lambda$new$0(51)) - 3f353dff-fbf1-45e1-b8dc-90047666ac7f@group-FDD512E035A0->82ffce00-55a6-43cb-a809-ae8d063a0f95: nextIndex: updateUnconditionally 1 -> 0
2019-10-14 13:00:44,204 [grpc-default-executor-2] WARN  server.GrpcLogAppender (LogUtils.java:warn(134)) - 3f353dff-fbf1-45e1-b8dc-90047666ac7f@group-FDD512E035A0->1da6bb09-916d-4199-b6ac-9e9059830af0-AppendLogResponseHandler: Failed appendEntries: org.apache.ratis.thirdparty.io.grpc.StatusRuntimeException: UNAVAILABLE: io exception
2019-10-14 13:00:44,204 [grpc-default-executor-4] WARN  server.GrpcLogAppender (LogUtils.java:warn(134)) - 3f353dff-fbf1-45e1-b8dc-90047666ac7f@group-FDD512E035A0->82ffce00-55a6-43cb-a809-ae8d063a0f95-AppendLogResponseHandler: Failed appendEntries: org.apache.ratis.thirdparty.io.grpc.StatusRuntimeException: UNAVAILABLE: io exception
2019-10-14 13:00:44,205 [grpc-default-executor-2] INFO  impl.FollowerInfo (FollowerInfo.java:lambda$new$0(51)) - 3f353dff-fbf1-45e1-b8dc-90047666ac7f@group-FDD512E035A0->1da6bb09-916d-4199-b6ac-9e9059830af0: nextIndex: updateUnconditionally 0 -> 0
2019-10-14 13:00:44,205 [grpc-default-executor-4] INFO  impl.FollowerInfo (FollowerInfo.java:lambda$new$0(51)) - 3f353dff-fbf1-45e1-b8dc-90047666ac7f@group-FDD512E035A0->82ffce00-55a6-43cb-a809-ae8d063a0f95: nextIndex: updateUnconditionally 0 -> 0
2019-10-14 13:00:46,707 [grpc-default-executor-6] WARN  server.GrpcLogAppender (LogUtils.java:warn(134)) - 3f353dff-fbf1-45e1-b8dc-90047666ac7f@group-FDD512E035A0->1da6bb09-916d-4199-b6ac-9e9059830af0-AppendLogResponseHandler: Failed appendEntries: org.apache.ratis.thirdparty.io.grpc.StatusRuntimeException: UNAVAILABLE: io exception
2019-10-14 13:00:46,707 [grpc-default-executor-4] WARN  server.GrpcLogAppender (LogUtils.java:warn(134)) - 3f353dff-fbf1-45e1-b8dc-90047666ac7f@group-FDD512E035A0->82ffce00-55a6-43cb-a809-ae8d063a0f95-AppendLogResponseHandler: Failed appendEntries: org.apache.ratis.thirdparty.io.grpc.StatusRuntimeException: UNAVAILABLE: io exception
2019-10-14 13:00:46,707 [grpc-default-executor-4] INFO  impl.FollowerInfo (FollowerInfo.java:lambda$new$0(51)) - 3f353dff-fbf1-45e1-b8dc-90047666ac7f@group-FDD512E035A0->82ffce00-55a6-43cb-a809-ae8d063a0f95: nextIndex: updateUnconditionally 0 -> 0
2019-10-14 13:00:46,707 [grpc-default-executor-6] INFO  impl.FollowerInfo (FollowerInfo.java:lambda$new$0(51)) - 3f353dff-fbf1-45e1-b8dc-90047666ac7f@group-FDD512E035A0->1da6bb09-916d-4199-b6ac-9e9059830af0: nextIndex: updateUnconditionally 0 -> 0
2019-10-14 13:00:47,061 [Thread-1560] INFO  client.GrpcClientProtocolService (GrpcClientProtocolService.java:lambda$processClientRequest$0(278)) - Failed RaftClientRequest:client-1CFB137E1E85->3f353dff-fbf1-45e1-b8dc-90047666ac7f@group-FDD512E035A0, cid=67, seq=0, Watch-ALL_COMMITTED(93), Message:<EMPTY>, reply=RaftClientReply:client-1CFB137E1E85->3f353dff-fbf1-45e1-b8dc-90047666ac7f@group-FDD512E035A0, cid=67, FAILED org.apache.ratis.protocol.NotReplicatedException: Request with call Id 67 and log index 93 is not yet replicated to ALL_COMMITTED, logIndex=93, commits[3f353dff-fbf1-45e1-b8dc-90047666ac7f:c2, 1da6bb09-916d-4199-b6ac-9e9059830af0:c2, 82ffce00-55a6-43cb-a809-ae8d063a0f95:c2]
2019-10-14 13:00:49,207 [grpc-default-executor-0] WARN  server.GrpcLogAppender (LogUtils.java:warn(134)) - 3f353dff-fbf1-45e1-b8dc-90047666ac7f@group-FDD512E035A0->1da6bb09-916d-4199-b6ac-9e9059830af0-AppendLogResponseHandler: Failed appendEntries: org.apache.ratis.thirdparty.io.grpc.StatusRuntimeException: UNAVAILABLE: io exception
2019-10-14 13:00:49,207 [grpc-default-executor-1] WARN  server.GrpcLogAppender (LogUtils.java:warn(134)) - 3f353dff-fbf1-45e1-b8dc-90047666ac7f@group-FDD512E035A0->82ffce00-55a6-43cb-a809-ae8d063a0f95-AppendLogResponseHandler: Failed appendEntries: org.apache.ratis.thirdparty.io.grpc.StatusRuntimeException: UNAVAILABLE: io exception
2019-10-14 13:00:49,210 [grpc-default-executor-0] INFO  impl.FollowerInfo (FollowerInfo.java:lambda$new$0(51)) - 3f353dff-fbf1-45e1-b8dc-90047666ac7f@group-FDD512E035A0->1da6bb09-916d-4199-b6ac-9e9059830af0: nextIndex: updateUnconditionally 0 -> 0
2019-10-14 13:00:49,210 [grpc-default-executor-1] INFO  impl.FollowerInfo (FollowerInfo.java:lambda$new$0(51)) - 3f353dff-fbf1-45e1-b8dc-90047666ac7f@group-FDD512E035A0->82ffce00-55a6-43cb-a809-ae8d063a0f95: nextIndex: updateUnconditionally 0 -> 0
2019-10-14 13:00:51,708 [grpc-default-executor-6] WARN  server.GrpcLogAppender (LogUtils.java:warn(134)) - 3f353dff-fbf1-45e1-b8dc-90047666ac7f@group-FDD512E035A0->82ffce00-55a6-43cb-a809-ae8d063a0f95-AppendLogResponseHandler: Failed appendEntries: org.apache.ratis.thirdparty.io.grpc.StatusRuntimeException: UNAVAILABLE: io exception
2019-10-14 13:00:51,708 [grpc-default-executor-2] WARN  server.GrpcLogAppender (LogUtils.java:warn(134)) - 3f353dff-fbf1-45e1-b8dc-90047666ac7f@group-FDD512E035A0->1da6bb09-916d-4199-b6ac-9e9059830af0-AppendLogResponseHandler: Failed appendEntries: org.apache.ratis.thirdparty.io.grpc.StatusRuntimeException: UNAVAILABLE: io exception
2019-10-14 13:00:51,708 [grpc-default-executor-6] INFO  impl.FollowerInfo (FollowerInfo.java:lambda$new$0(51)) - 3f353dff-fbf1-45e1-b8dc-90047666ac7f@group-FDD512E035A0->82ffce00-55a6-43cb-a809-ae8d063a0f95: nextIndex: updateUnconditionally 0 -> 0
2019-10-14 13:00:51,708 [grpc-default-executor-2] INFO  impl.FollowerInfo (FollowerInfo.java:lambda$new$0(51)) - 3f353dff-fbf1-45e1-b8dc-90047666ac7f@group-FDD512E035A0->1da6bb09-916d-4199-b6ac-9e9059830af0: nextIndex: updateUnconditionally 0 -> 0
2019-10-14 13:00:54,209 [grpc-default-executor-0] WARN  server.GrpcLogAppender (LogUtils.java:warn(134)) - 3f353dff-fbf1-45e1-b8dc-90047666ac7f@group-FDD512E035A0->1da6bb09-916d-4199-b6ac-9e9059830af0-AppendLogResponseHandler: Failed appendEntries: org.apache.ratis.thirdparty.io.grpc.StatusRuntimeException: UNAVAILABLE: io exception
2019-10-14 13:00:54,209 [grpc-default-executor-1] WARN  server.GrpcLogAppender (LogUtils.java:warn(134)) - 3f353dff-fbf1-45e1-b8dc-90047666ac7f@group-FDD512E035A0->82ffce00-55a6-43cb-a809-ae8d063a0f95-AppendLogResponseHandler: Failed appendEntries: org.apache.ratis.thirdparty.io.grpc.StatusRuntimeException: UNAVAILABLE: io exception
2019-10-14 13:00:54,210 [grpc-default-executor-0] INFO  impl.FollowerInfo (FollowerInfo.java:lambda$new$0(51)) - 3f353dff-fbf1-45e1-b8dc-90047666ac7f@group-FDD512E035A0->1da6bb09-916d-4199-b6ac-9e9059830af0: nextIndex: updateUnconditionally 0 -> 0
2019-10-14 13:00:54,210 [grpc-default-executor-1] INFO  impl.FollowerInfo (FollowerInfo.java:lambda$new$0(51)) - 3f353dff-fbf1-45e1-b8dc-90047666ac7f@group-FDD512E035A0->82ffce00-55a6-43cb-a809-ae8d063a0f95: nextIndex: updateUnconditionally 0 -> 0
2019-10-14 13:00:56,713 [grpc-default-executor-4] WARN  server.GrpcLogAppender (LogUtils.java:warn(134)) - 3f353dff-fbf1-45e1-b8dc-90047666ac7f@group-FDD512E035A0->1da6bb09-916d-4199-b6ac-9e9059830af0-AppendLogResponseHandler: Failed appendEntries: org.apache.ratis.thirdparty.io.grpc.StatusRuntimeException: UNAVAILABLE: io exception
2019-10-14 13:00:56,714 [grpc-default-executor-7] WARN  server.GrpcLogAppender (LogUtils.java:warn(134)) - 3f353dff-fbf1-45e1-b8dc-90047666ac7f@group-FDD512E035A0->82ffce00-55a6-43cb-a809-ae8d063a0f95-AppendLogResponseHandler: Failed appendEntries: org.apache.ratis.thirdparty.io.grpc.StatusRuntimeException: UNAVAILABLE: io exception
2019-10-14 13:00:56,715 [grpc-default-executor-4] INFO  impl.FollowerInfo (FollowerInfo.java:lambda$new$0(51)) - 3f353dff-fbf1-45e1-b8dc-90047666ac7f@group-FDD512E035A0->1da6bb09-916d-4199-b6ac-9e9059830af0: nextIndex: updateUnconditionally 0 -> 0
2019-10-14 13:00:56,715 [grpc-default-executor-7] INFO  impl.FollowerInfo (FollowerInfo.java:lambda$new$0(51)) - 3f353dff-fbf1-45e1-b8dc-90047666ac7f@group-FDD512E035A0->82ffce00-55a6-43cb-a809-ae8d063a0f95: nextIndex: updateUnconditionally 0 -> 0
2019-10-14 13:00:56,861 [main] WARN  scm.XceiverClientRatis (XceiverClientRatis.java:watchForCommit(277)) - 3 way commit failed on pipeline Pipeline[ Id: 9ea1b952-6fba-4b06-9ca2-fdd512e035a0, Nodes: 1da6bb09-916d-4199-b6ac-9e9059830af0{ip: 192.168.151.107, host: pr-hdds-2299-hlwdq-549545603, networkLocation: /default-rack, certSerialId: null}82ffce00-55a6-43cb-a809-ae8d063a0f95{ip: 192.168.151.107, host: pr-hdds-2299-hlwdq-549545603, networkLocation: /default-rack, certSerialId: null}3f353dff-fbf1-45e1-b8dc-90047666ac7f{ip: 192.168.151.107, host: pr-hdds-2299-hlwdq-549545603, networkLocation: /default-rack, certSerialId: null}, Type:RATIS, Factor:THREE, State:OPEN]
java.util.concurrent.TimeoutException
	at java.util.concurrent.CompletableFuture.timedGet(CompletableFuture.java:1771)
	at java.util.concurrent.CompletableFuture.get(CompletableFuture.java:1915)
	at org.apache.hadoop.hdds.scm.XceiverClientRatis.watchForCommit(XceiverClientRatis.java:274)
	at org.apache.hadoop.ozone.client.rpc.TestWatchForCommit.testWatchForCommitForRetryfailure(TestWatchForCommit.java:345)
	at sun.reflect.NativeMethodAccessorImpl.invoke0(Native Method)
	at sun.reflect.NativeMethodAccessorImpl.invoke(NativeMethodAccessorImpl.java:62)
	at sun.reflect.DelegatingMethodAccessorImpl.invoke(DelegatingMethodAccessorImpl.java:43)
	at java.lang.reflect.Method.invoke(Method.java:498)
	at org.junit.runners.model.FrameworkMethod$1.runReflectiveCall(FrameworkMethod.java:47)
	at org.junit.internal.runners.model.ReflectiveCallable.run(ReflectiveCallable.java:12)
	at org.junit.runners.model.FrameworkMethod.invokeExplosively(FrameworkMethod.java:44)
	at org.junit.internal.runners.statements.InvokeMethod.evaluate(InvokeMethod.java:17)
	at org.junit.runners.ParentRunner.runLeaf(ParentRunner.java:271)
	at org.junit.runners.BlockJUnit4ClassRunner.runChild(BlockJUnit4ClassRunner.java:70)
	at org.junit.runners.BlockJUnit4ClassRunner.runChild(BlockJUnit4ClassRunner.java:50)
	at org.junit.runners.ParentRunner$3.run(ParentRunner.java:238)
	at org.junit.runners.ParentRunner$1.schedule(ParentRunner.java:63)
	at org.junit.runners.ParentRunner.runChildren(ParentRunner.java:236)
	at org.junit.runners.ParentRunner.access$000(ParentRunner.java:53)
	at org.junit.runners.ParentRunner$2.evaluate(ParentRunner.java:229)
	at org.junit.runners.ParentRunner.run(ParentRunner.java:309)
	at org.apache.maven.surefire.junit4.JUnit4Provider.execute(JUnit4Provider.java:365)
	at org.apache.maven.surefire.junit4.JUnit4Provider.executeWithRerun(JUnit4Provider.java:273)
	at org.apache.maven.surefire.junit4.JUnit4Provider.executeTestSet(JUnit4Provider.java:238)
	at org.apache.maven.surefire.junit4.JUnit4Provider.invoke(JUnit4Provider.java:159)
	at org.apache.maven.surefire.booter.ForkedBooter.invokeProviderInSameClassLoader(ForkedBooter.java:384)
	at org.apache.maven.surefire.booter.ForkedBooter.runSuitesInProcess(ForkedBooter.java:345)
	at org.apache.maven.surefire.booter.ForkedBooter.execute(ForkedBooter.java:126)
	at org.apache.maven.surefire.booter.ForkedBooter.main(ForkedBooter.java:418)
2019-10-14 13:00:59,211 [grpc-default-executor-0] WARN  server.GrpcLogAppender (LogUtils.java:warn(134)) - 3f353dff-fbf1-45e1-b8dc-90047666ac7f@group-FDD512E035A0->82ffce00-55a6-43cb-a809-ae8d063a0f95-AppendLogResponseHandler: Failed appendEntries: org.apache.ratis.thirdparty.io.grpc.StatusRuntimeException: UNAVAILABLE: io exception
2019-10-14 13:00:59,212 [grpc-default-executor-7] WARN  server.GrpcLogAppender (LogUtils.java:warn(134)) - 3f353dff-fbf1-45e1-b8dc-90047666ac7f@group-FDD512E035A0->1da6bb09-916d-4199-b6ac-9e9059830af0-AppendLogResponseHandler: Failed appendEntries: org.apache.ratis.thirdparty.io.grpc.StatusRuntimeException: UNAVAILABLE: io exception
2019-10-14 13:00:59,214 [grpc-default-executor-0] INFO  impl.FollowerInfo (FollowerInfo.java:lambda$new$0(51)) - 3f353dff-fbf1-45e1-b8dc-90047666ac7f@group-FDD512E035A0->82ffce00-55a6-43cb-a809-ae8d063a0f95: nextIndex: updateUnconditionally 0 -> 0
2019-10-14 13:00:59,214 [grpc-default-executor-7] INFO  impl.FollowerInfo (FollowerInfo.java:lambda$new$0(51)) - 3f353dff-fbf1-45e1-b8dc-90047666ac7f@group-FDD512E035A0->1da6bb09-916d-4199-b6ac-9e9059830af0: nextIndex: updateUnconditionally 0 -> 0
2019-10-14 13:01:00,056 [Thread-1580] INFO  client.GrpcClientProtocolService (GrpcClientProtocolService.java:lambda$processClientRequest$0(278)) - Failed RaftClientRequest:client-1CFB137E1E85->3f353dff-fbf1-45e1-b8dc-90047666ac7f@group-FDD512E035A0, cid=67, seq=0, Watch-ALL_COMMITTED(93), Message:<EMPTY>, reply=RaftClientReply:client-1CFB137E1E85->3f353dff-fbf1-45e1-b8dc-90047666ac7f@group-FDD512E035A0, cid=67, FAILED org.apache.ratis.protocol.NotReplicatedException: Request with call Id 67 and log index 93 is not yet replicated to ALL_COMMITTED, logIndex=93, commits[3f353dff-fbf1-45e1-b8dc-90047666ac7f:c2, 1da6bb09-916d-4199-b6ac-9e9059830af0:c2, 82ffce00-55a6-43cb-a809-ae8d063a0f95:c2]
2019-10-14 13:01:01,712 [grpc-default-executor-0] WARN  server.GrpcLogAppender (LogUtils.java:warn(134)) - 3f353dff-fbf1-45e1-b8dc-90047666ac7f@group-FDD512E035A0->82ffce00-55a6-43cb-a809-ae8d063a0f95-AppendLogResponseHandler: Failed appendEntries: org.apache.ratis.thirdparty.io.grpc.StatusRuntimeException: UNAVAILABLE: io exception
2019-10-14 13:01:01,712 [grpc-default-executor-7] WARN  server.GrpcLogAppender (LogUtils.java:warn(134)) - 3f353dff-fbf1-45e1-b8dc-90047666ac7f@group-FDD512E035A0->1da6bb09-916d-4199-b6ac-9e9059830af0-AppendLogResponseHandler: Failed appendEntries: org.apache.ratis.thirdparty.io.grpc.StatusRuntimeException: UNAVAILABLE: io exception
2019-10-14 13:01:01,715 [grpc-default-executor-0] INFO  impl.FollowerInfo (FollowerInfo.java:lambda$new$0(51)) - 3f353dff-fbf1-45e1-b8dc-90047666ac7f@group-FDD512E035A0->82ffce00-55a6-43cb-a809-ae8d063a0f95: nextIndex: updateUnconditionally 0 -> 0
2019-10-14 13:01:01,715 [grpc-default-executor-7] INFO  impl.FollowerInfo (FollowerInfo.java:lambda$new$0(51)) - 3f353dff-fbf1-45e1-b8dc-90047666ac7f@group-FDD512E035A0->1da6bb09-916d-4199-b6ac-9e9059830af0: nextIndex: updateUnconditionally 0 -> 0
2019-10-14 13:01:04,213 [grpc-default-executor-6] WARN  server.GrpcLogAppender (LogUtils.java:warn(134)) - 3f353dff-fbf1-45e1-b8dc-90047666ac7f@group-FDD512E035A0->82ffce00-55a6-43cb-a809-ae8d063a0f95-AppendLogResponseHandler: Failed appendEntries: org.apache.ratis.thirdparty.io.grpc.StatusRuntimeException: UNAVAILABLE: io exception
2019-10-14 13:01:04,214 [grpc-default-executor-4] WARN  server.GrpcLogAppender (LogUtils.java:warn(134)) - 3f353dff-fbf1-45e1-b8dc-90047666ac7f@group-FDD512E035A0->1da6bb09-916d-4199-b6ac-9e9059830af0-AppendLogResponseHandler: Failed appendEntries: org.apache.ratis.thirdparty.io.grpc.StatusRuntimeException: UNAVAILABLE: io exception
2019-10-14 13:01:04,214 [grpc-default-executor-6] INFO  impl.FollowerInfo (FollowerInfo.java:lambda$new$0(51)) - 3f353dff-fbf1-45e1-b8dc-90047666ac7f@group-FDD512E035A0->82ffce00-55a6-43cb-a809-ae8d063a0f95: nextIndex: updateUnconditionally 0 -> 0
2019-10-14 13:01:04,214 [grpc-default-executor-4] INFO  impl.FollowerInfo (FollowerInfo.java:lambda$new$0(51)) - 3f353dff-fbf1-45e1-b8dc-90047666ac7f@group-FDD512E035A0->1da6bb09-916d-4199-b6ac-9e9059830af0: nextIndex: updateUnconditionally 0 -> 0
2019-10-14 13:01:06,718 [grpc-default-executor-0] WARN  server.GrpcLogAppender (LogUtils.java:warn(134)) - 3f353dff-fbf1-45e1-b8dc-90047666ac7f@group-FDD512E035A0->82ffce00-55a6-43cb-a809-ae8d063a0f95-AppendLogResponseHandler: Failed appendEntries: org.apache.ratis.thirdparty.io.grpc.StatusRuntimeException: UNAVAILABLE: io exception
2019-10-14 13:01:06,718 [grpc-default-executor-4] WARN  server.GrpcLogAppender (LogUtils.java:warn(134)) - 3f353dff-fbf1-45e1-b8dc-90047666ac7f@group-FDD512E035A0->1da6bb09-916d-4199-b6ac-9e9059830af0-AppendLogResponseHandler: Failed appendEntries: org.apache.ratis.thirdparty.io.grpc.StatusRuntimeException: UNAVAILABLE: io exception
2019-10-14 13:01:06,719 [grpc-default-executor-4] INFO  impl.FollowerInfo (FollowerInfo.java:lambda$new$0(51)) - 3f353dff-fbf1-45e1-b8dc-90047666ac7f@group-FDD512E035A0->1da6bb09-916d-4199-b6ac-9e9059830af0: nextIndex: updateUnconditionally 0 -> 0
2019-10-14 13:01:06,719 [grpc-default-executor-0] INFO  impl.FollowerInfo (FollowerInfo.java:lambda$new$0(51)) - 3f353dff-fbf1-45e1-b8dc-90047666ac7f@group-FDD512E035A0->82ffce00-55a6-43cb-a809-ae8d063a0f95: nextIndex: updateUnconditionally 0 -> 0
2019-10-14 13:01:09,056 [Thread-1596] INFO  client.GrpcClientProtocolService (GrpcClientProtocolService.java:lambda$processClientRequest$0(278)) - Failed RaftClientRequest:client-1CFB137E1E85->3f353dff-fbf1-45e1-b8dc-90047666ac7f@group-FDD512E035A0, cid=67, seq=0, Watch-ALL_COMMITTED(93), Message:<EMPTY>, reply=RaftClientReply:client-1CFB137E1E85->3f353dff-fbf1-45e1-b8dc-90047666ac7f@group-FDD512E035A0, cid=67, FAILED org.apache.ratis.protocol.NotReplicatedException: Request with call Id 67 and log index 93 is not yet replicated to ALL_COMMITTED, logIndex=93, commits[3f353dff-fbf1-45e1-b8dc-90047666ac7f:c2, 1da6bb09-916d-4199-b6ac-9e9059830af0:c2, 82ffce00-55a6-43cb-a809-ae8d063a0f95:c2]
2019-10-14 13:01:09,056 [Thread-1595] INFO  client.GrpcClientProtocolService (GrpcClientProtocolService.java:lambda$processClientRequest$0(278)) - Failed RaftClientRequest:client-1CFB137E1E85->3f353dff-fbf1-45e1-b8dc-90047666ac7f@group-FDD512E035A0, cid=68, seq=0, Watch-MAJORITY_COMMITTED(93), Message:<EMPTY>, reply=RaftClientReply:client-1CFB137E1E85->3f353dff-fbf1-45e1-b8dc-90047666ac7f@group-FDD512E035A0, cid=68, FAILED org.apache.ratis.protocol.NotReplicatedException: Request with call Id 68 and log index 93 is not yet replicated to MAJORITY_COMMITTED, logIndex=93, commits[3f353dff-fbf1-45e1-b8dc-90047666ac7f:c2, 1da6bb09-916d-4199-b6ac-9e9059830af0:c2, 82ffce00-55a6-43cb-a809-ae8d063a0f95:c2]
2019-10-14 13:01:09,217 [grpc-default-executor-7] WARN  server.GrpcLogAppender (LogUtils.java:warn(134)) - 3f353dff-fbf1-45e1-b8dc-90047666ac7f@group-FDD512E035A0->82ffce00-55a6-43cb-a809-ae8d063a0f95-AppendLogResponseHandler: Failed appendEntries: org.apache.ratis.thirdparty.io.grpc.StatusRuntimeException: UNAVAILABLE: io exception
2019-10-14 13:01:09,217 [grpc-default-executor-0] WARN  server.GrpcLogAppender (LogUtils.java:warn(134)) - 3f353dff-fbf1-45e1-b8dc-90047666ac7f@group-FDD512E035A0->1da6bb09-916d-4199-b6ac-9e9059830af0-AppendLogResponseHandler: Failed appendEntries: org.apache.ratis.thirdparty.io.grpc.StatusRuntimeException: UNAVAILABLE: io exception
2019-10-14 13:01:09,225 [grpc-default-executor-7] INFO  impl.FollowerInfo (FollowerInfo.java:lambda$new$0(51)) - 3f353dff-fbf1-45e1-b8dc-90047666ac7f@group-FDD512E035A0->82ffce00-55a6-43cb-a809-ae8d063a0f95: nextIndex: updateUnconditionally 0 -> 0
2019-10-14 13:01:09,225 [grpc-default-executor-0] INFO  impl.FollowerInfo (FollowerInfo.java:lambda$new$0(51)) - 3f353dff-fbf1-45e1-b8dc-90047666ac7f@group-FDD512E035A0->1da6bb09-916d-4199-b6ac-9e9059830af0: nextIndex: updateUnconditionally 0 -> 0
2019-10-14 13:01:11,719 [grpc-default-executor-6] WARN  server.GrpcLogAppender (LogUtils.java:warn(134)) - 3f353dff-fbf1-45e1-b8dc-90047666ac7f@group-FDD512E035A0->1da6bb09-916d-4199-b6ac-9e9059830af0-AppendLogResponseHandler: Failed appendEntries: org.apache.ratis.thirdparty.io.grpc.StatusRuntimeException: UNAVAILABLE: io exception
2019-10-14 13:01:11,719 [grpc-default-executor-4] WARN  server.GrpcLogAppender (LogUtils.java:warn(134)) - 3f353dff-fbf1-45e1-b8dc-90047666ac7f@group-FDD512E035A0->82ffce00-55a6-43cb-a809-ae8d063a0f95-AppendLogResponseHandler: Failed appendEntries: org.apache.ratis.thirdparty.io.grpc.StatusRuntimeException: UNAVAILABLE: io exception
2019-10-14 13:01:11,720 [grpc-default-executor-6] INFO  impl.FollowerInfo (FollowerInfo.java:lambda$new$0(51)) - 3f353dff-fbf1-45e1-b8dc-90047666ac7f@group-FDD512E035A0->1da6bb09-916d-4199-b6ac-9e9059830af0: nextIndex: updateUnconditionally 0 -> 0
2019-10-14 13:01:11,720 [grpc-default-executor-4] INFO  impl.FollowerInfo (FollowerInfo.java:lambda$new$0(51)) - 3f353dff-fbf1-45e1-b8dc-90047666ac7f@group-FDD512E035A0->82ffce00-55a6-43cb-a809-ae8d063a0f95: nextIndex: updateUnconditionally 0 -> 0
2019-10-14 13:01:14,222 [grpc-default-executor-6] WARN  server.GrpcLogAppender (LogUtils.java:warn(134)) - 3f353dff-fbf1-45e1-b8dc-90047666ac7f@group-FDD512E035A0->82ffce00-55a6-43cb-a809-ae8d063a0f95-AppendLogResponseHandler: Failed appendEntries: org.apache.ratis.thirdparty.io.grpc.StatusRuntimeException: UNAVAILABLE: io exception
2019-10-14 13:01:14,222 [grpc-default-executor-1] WARN  server.GrpcLogAppender (LogUtils.java:warn(134)) - 3f353dff-fbf1-45e1-b8dc-90047666ac7f@group-FDD512E035A0->1da6bb09-916d-4199-b6ac-9e9059830af0-AppendLogResponseHandler: Failed appendEntries: org.apache.ratis.thirdparty.io.grpc.StatusRuntimeException: UNAVAILABLE: io exception
2019-10-14 13:01:14,222 [grpc-default-executor-6] INFO  impl.FollowerInfo (FollowerInfo.java:lambda$new$0(51)) - 3f353dff-fbf1-45e1-b8dc-90047666ac7f@group-FDD512E035A0->82ffce00-55a6-43cb-a809-ae8d063a0f95: nextIndex: updateUnconditionally 0 -> 0
2019-10-14 13:01:14,222 [grpc-default-executor-1] INFO  impl.FollowerInfo (FollowerInfo.java:lambda$new$0(51)) - 3f353dff-fbf1-45e1-b8dc-90047666ac7f@group-FDD512E035A0->1da6bb09-916d-4199-b6ac-9e9059830af0: nextIndex: updateUnconditionally 0 -> 0
2019-10-14 13:01:16,721 [grpc-default-executor-7] WARN  server.GrpcLogAppender (LogUtils.java:warn(134)) - 3f353dff-fbf1-45e1-b8dc-90047666ac7f@group-FDD512E035A0->82ffce00-55a6-43cb-a809-ae8d063a0f95-AppendLogResponseHandler: Failed appendEntries: org.apache.ratis.thirdparty.io.grpc.StatusRuntimeException: UNAVAILABLE: io exception
2019-10-14 13:01:16,722 [grpc-default-executor-7] INFO  impl.FollowerInfo (FollowerInfo.java:lambda$new$0(51)) - 3f353dff-fbf1-45e1-b8dc-90047666ac7f@group-FDD512E035A0->82ffce00-55a6-43cb-a809-ae8d063a0f95: nextIndex: updateUnconditionally 0 -> 0
2019-10-14 13:01:16,722 [grpc-default-executor-0] WARN  server.GrpcLogAppender (LogUtils.java:warn(134)) - 3f353dff-fbf1-45e1-b8dc-90047666ac7f@group-FDD512E035A0->1da6bb09-916d-4199-b6ac-9e9059830af0-AppendLogResponseHandler: Failed appendEntries: org.apache.ratis.thirdparty.io.grpc.StatusRuntimeException: UNAVAILABLE: io exception
2019-10-14 13:01:16,722 [grpc-default-executor-0] INFO  impl.FollowerInfo (FollowerInfo.java:lambda$new$0(51)) - 3f353dff-fbf1-45e1-b8dc-90047666ac7f@group-FDD512E035A0->1da6bb09-916d-4199-b6ac-9e9059830af0: nextIndex: updateUnconditionally 0 -> 0
]]></system-out>
    <system-err><![CDATA[Oct 14, 2019 1:00:31 PM org.apache.ratis.thirdparty.io.grpc.internal.SerializingExecutor run
SEVERE: Exception while executing runnable org.apache.ratis.thirdparty.io.grpc.internal.ServerImpl$JumpToApplicationThreadServerStreamListener$1Closed@472eb245
org.apache.ratis.thirdparty.io.grpc.StatusRuntimeException: CANCELLED: call already cancelled
	at org.apache.ratis.thirdparty.io.grpc.Status.asRuntimeException(Status.java:517)
	at org.apache.ratis.thirdparty.io.grpc.stub.ServerCalls$ServerCallStreamObserverImpl.onCompleted(ServerCalls.java:356)
	at org.apache.ratis.grpc.server.GrpcServerProtocolService$ServerRequestStreamObserver.onError(GrpcServerProtocolService.java:121)
	at org.apache.ratis.thirdparty.io.grpc.stub.ServerCalls$StreamingServerCallHandler$StreamingServerCallListener.onCancel(ServerCalls.java:269)
	at org.apache.ratis.thirdparty.io.grpc.internal.ServerCallImpl$ServerStreamListenerImpl.closed(ServerCallImpl.java:293)
	at org.apache.ratis.thirdparty.io.grpc.internal.ServerImpl$JumpToApplicationThreadServerStreamListener$1Closed.runInContext(ServerImpl.java:741)
	at org.apache.ratis.thirdparty.io.grpc.internal.ContextRunnable.run(ContextRunnable.java:37)
	at org.apache.ratis.thirdparty.io.grpc.internal.SerializingExecutor.run(SerializingExecutor.java:123)
	at java.util.concurrent.ThreadPoolExecutor.runWorker(ThreadPoolExecutor.java:1149)
	at java.util.concurrent.ThreadPoolExecutor$Worker.run(ThreadPoolExecutor.java:624)
	at java.lang.Thread.run(Thread.java:748)

Oct 14, 2019 1:00:36 PM org.apache.ratis.thirdparty.io.grpc.internal.SerializingExecutor run
SEVERE: Exception while executing runnable org.apache.ratis.thirdparty.io.grpc.internal.ServerImpl$JumpToApplicationThreadServerStreamListener$1Closed@74a84530
org.apache.ratis.thirdparty.io.grpc.StatusRuntimeException: CANCELLED: call already cancelled
	at org.apache.ratis.thirdparty.io.grpc.Status.asRuntimeException(Status.java:517)
	at org.apache.ratis.thirdparty.io.grpc.stub.ServerCalls$ServerCallStreamObserverImpl.onCompleted(ServerCalls.java:356)
	at org.apache.ratis.grpc.server.GrpcServerProtocolService$ServerRequestStreamObserver.onError(GrpcServerProtocolService.java:121)
	at org.apache.ratis.thirdparty.io.grpc.stub.ServerCalls$StreamingServerCallHandler$StreamingServerCallListener.onCancel(ServerCalls.java:269)
	at org.apache.ratis.thirdparty.io.grpc.internal.ServerCallImpl$ServerStreamListenerImpl.closed(ServerCallImpl.java:293)
	at org.apache.ratis.thirdparty.io.grpc.internal.ServerImpl$JumpToApplicationThreadServerStreamListener$1Closed.runInContext(ServerImpl.java:741)
	at org.apache.ratis.thirdparty.io.grpc.internal.ContextRunnable.run(ContextRunnable.java:37)
	at org.apache.ratis.thirdparty.io.grpc.internal.SerializingExecutor.run(SerializingExecutor.java:123)
	at java.util.concurrent.ThreadPoolExecutor.runWorker(ThreadPoolExecutor.java:1149)
	at java.util.concurrent.ThreadPoolExecutor$Worker.run(ThreadPoolExecutor.java:624)
	at java.lang.Thread.run(Thread.java:748)

]]></system-err>
  </testcase>
  <testcase name="testWatchForCommitForGroupMismatchException" classname="org.apache.hadoop.ozone.client.rpc.TestWatchForCommit" time="32.136"/>
  <testcase name="test2WayCommitForTimeoutException" classname="org.apache.hadoop.ozone.client.rpc.TestWatchForCommit" time="26.811">
    <error message="org.apache.ratis.protocol.RaftRetryFailureException: Failed RaftClientRequest:client-B966B8981BBE-&gt;6d5882c0-7b37-45c4-bca3-490e9467e84a@group-DFADC55D3820, cid=104, seq=2*, RW, cmdType: CloseContainer&#10;traceID: &quot;e199e8f674b25045:e199e8f674b25045:0:0&quot;&#10;containerID: 1&#10;datanodeUuid: &quot;a6fe904f-38aa-494b-9b18-48ceaa20fa11&quot;&#10;closeContainer {&#10;}&#10;, data.size=0 for 20 attempts with RetryLimited(maxAttempts=20, sleepTime=1000ms)" type="java.util.concurrent.ExecutionException">java.util.concurrent.ExecutionException: 
org.apache.ratis.protocol.RaftRetryFailureException: Failed RaftClientRequest:client-B966B8981BBE->6d5882c0-7b37-45c4-bca3-490e9467e84a@group-DFADC55D3820, cid=104, seq=2*, RW, cmdType: CloseContainer
traceID: "e199e8f674b25045:e199e8f674b25045:0:0"
containerID: 1
datanodeUuid: "a6fe904f-38aa-494b-9b18-48ceaa20fa11"
closeContainer {
}
, data.size=0 for 20 attempts with RetryLimited(maxAttempts=20, sleepTime=1000ms)
	at java.util.concurrent.CompletableFuture.reportGet(CompletableFuture.java:357)
	at java.util.concurrent.CompletableFuture.get(CompletableFuture.java:1895)
	at org.apache.hadoop.ozone.client.rpc.TestWatchForCommit.test2WayCommitForTimeoutException(TestWatchForCommit.java:390)
	at sun.reflect.NativeMethodAccessorImpl.invoke0(Native Method)
	at sun.reflect.NativeMethodAccessorImpl.invoke(NativeMethodAccessorImpl.java:62)
	at sun.reflect.DelegatingMethodAccessorImpl.invoke(DelegatingMethodAccessorImpl.java:43)
	at java.lang.reflect.Method.invoke(Method.java:498)
	at org.junit.runners.model.FrameworkMethod$1.runReflectiveCall(FrameworkMethod.java:47)
	at org.junit.internal.runners.model.ReflectiveCallable.run(ReflectiveCallable.java:12)
	at org.junit.runners.model.FrameworkMethod.invokeExplosively(FrameworkMethod.java:44)
	at org.junit.internal.runners.statements.InvokeMethod.evaluate(InvokeMethod.java:17)
	at org.junit.runners.ParentRunner.runLeaf(ParentRunner.java:271)
	at org.junit.runners.BlockJUnit4ClassRunner.runChild(BlockJUnit4ClassRunner.java:70)
	at org.junit.runners.BlockJUnit4ClassRunner.runChild(BlockJUnit4ClassRunner.java:50)
	at org.junit.runners.ParentRunner$3.run(ParentRunner.java:238)
	at org.junit.runners.ParentRunner$1.schedule(ParentRunner.java:63)
	at org.junit.runners.ParentRunner.runChildren(ParentRunner.java:236)
	at org.junit.runners.ParentRunner.access$000(ParentRunner.java:53)
	at org.junit.runners.ParentRunner$2.evaluate(ParentRunner.java:229)
	at org.junit.runners.ParentRunner.run(ParentRunner.java:309)
	at org.apache.maven.surefire.junit4.JUnit4Provider.execute(JUnit4Provider.java:365)
	at org.apache.maven.surefire.junit4.JUnit4Provider.executeWithRerun(JUnit4Provider.java:273)
	at org.apache.maven.surefire.junit4.JUnit4Provider.executeTestSet(JUnit4Provider.java:238)
	at org.apache.maven.surefire.junit4.JUnit4Provider.invoke(JUnit4Provider.java:159)
	at org.apache.maven.surefire.booter.ForkedBooter.invokeProviderInSameClassLoader(ForkedBooter.java:384)
	at org.apache.maven.surefire.booter.ForkedBooter.runSuitesInProcess(ForkedBooter.java:345)
	at org.apache.maven.surefire.booter.ForkedBooter.execute(ForkedBooter.java:126)
	at org.apache.maven.surefire.booter.ForkedBooter.main(ForkedBooter.java:418)
Caused by: org.apache.ratis.protocol.RaftRetryFailureException: Failed RaftClientRequest:client-B966B8981BBE->6d5882c0-7b37-45c4-bca3-490e9467e84a@group-DFADC55D3820, cid=104, seq=2*, RW, cmdType: CloseContainer
traceID: "e199e8f674b25045:e199e8f674b25045:0:0"
containerID: 1
datanodeUuid: "a6fe904f-38aa-494b-9b18-48ceaa20fa11"
closeContainer {
}
, data.size=0 for 20 attempts with RetryLimited(maxAttempts=20, sleepTime=1000ms)
	at org.apache.ratis.client.impl.RaftClientImpl.noMoreRetries(RaftClientImpl.java:271)
	at org.apache.ratis.client.impl.OrderedAsync.handleAsyncRetryFailure(OrderedAsync.java:138)
	at org.apache.ratis.client.impl.OrderedAsync.lambda$sendRequest$10(OrderedAsync.java:230)
	at java.util.concurrent.CompletableFuture.uniExceptionally(CompletableFuture.java:870)
	at java.util.concurrent.CompletableFuture$UniExceptionally.tryFire(CompletableFuture.java:852)
	at java.util.concurrent.CompletableFuture.postComplete(CompletableFuture.java:474)
	at java.util.concurrent.CompletableFuture.completeExceptionally(CompletableFuture.java:1977)
	at org.apache.ratis.grpc.client.GrpcClientProtocolClient$AsyncStreamObservers.completeReplyExceptionally(GrpcClientProtocolClient.java:345)
	at org.apache.ratis.grpc.client.GrpcClientProtocolClient$AsyncStreamObservers.access$000(GrpcClientProtocolClient.java:261)
	at org.apache.ratis.grpc.client.GrpcClientProtocolClient$AsyncStreamObservers$1.onNext(GrpcClientProtocolClient.java:273)
	at org.apache.ratis.grpc.client.GrpcClientProtocolClient$AsyncStreamObservers$1.onNext(GrpcClientProtocolClient.java:264)
	at org.apache.ratis.thirdparty.io.grpc.stub.ClientCalls$StreamObserverToCallListenerAdapter.onMessage(ClientCalls.java:421)
	at org.apache.ratis.thirdparty.io.grpc.ForwardingClientCallListener.onMessage(ForwardingClientCallListener.java:33)
	at org.apache.ratis.thirdparty.io.grpc.ForwardingClientCallListener.onMessage(ForwardingClientCallListener.java:33)
	at org.apache.ratis.thirdparty.io.grpc.internal.ClientCallImpl$ClientStreamListenerImpl$1MessagesAvailable.runInContext(ClientCallImpl.java:519)
	at org.apache.ratis.thirdparty.io.grpc.internal.ContextRunnable.run(ContextRunnable.java:37)
	at org.apache.ratis.thirdparty.io.grpc.internal.SerializingExecutor.run(SerializingExecutor.java:123)
	at java.util.concurrent.ThreadPoolExecutor.runWorker(ThreadPoolExecutor.java:1149)
	at java.util.concurrent.ThreadPoolExecutor$Worker.run(ThreadPoolExecutor.java:624)
	at java.lang.Thread.run(Thread.java:748)
Caused by: org.apache.ratis.protocol.NotLeaderException: Server 6d5882c0-7b37-45c4-bca3-490e9467e84a@group-DFADC55D3820 is not the leader 72560939-34a3-48e9-b1ac-5ff43108b5ce:192.168.151.107:44441
	at org.apache.ratis.client.impl.ClientProtoUtils.toRaftClientReply(ClientProtoUtils.java:243)
	at org.apache.ratis.grpc.client.GrpcClientProtocolClient$AsyncStreamObservers$1.onNext(GrpcClientProtocolClient.java:269)
	... 10 more
</error>
    <system-out><![CDATA[2019-10-14 13:01:49,030 [main] WARN  server.ServerUtils (ServerUtils.java:getScmDbDir(145)) - ozone.scm.db.dirs is not configured. We recommend adding this setting. Falling back to ozone.metadata.dirs instead.
2019-10-14 13:01:49,045 [main] WARN  server.ServerUtils (ServerUtils.java:getScmDbDir(145)) - ozone.scm.db.dirs is not configured. We recommend adding this setting. Falling back to ozone.metadata.dirs instead.
2019-10-14 13:01:49,045 [main] WARN  server.ServerUtils (ServerUtils.java:getScmDbDir(145)) - ozone.scm.db.dirs is not configured. We recommend adding this setting. Falling back to ozone.metadata.dirs instead.
2019-10-14 13:01:49,045 [main] INFO  db.DBStoreBuilder (DBStoreBuilder.java:addTable(117)) - using custom profile for table: deletedBlocks
2019-10-14 13:01:49,045 [main] INFO  db.DBStoreBuilder (DBStoreBuilder.java:processTables(168)) - Using default column profile:DBProfile.DISK for Table:deletedBlocks
2019-10-14 13:01:49,046 [main] INFO  db.DBStoreBuilder (DBStoreBuilder.java:addTable(117)) - using custom profile for table: validCerts
2019-10-14 13:01:49,046 [main] INFO  db.DBStoreBuilder (DBStoreBuilder.java:processTables(168)) - Using default column profile:DBProfile.DISK for Table:validCerts
2019-10-14 13:01:49,046 [main] INFO  db.DBStoreBuilder (DBStoreBuilder.java:addTable(117)) - using custom profile for table: revokedCerts
2019-10-14 13:01:49,046 [main] INFO  db.DBStoreBuilder (DBStoreBuilder.java:processTables(168)) - Using default column profile:DBProfile.DISK for Table:revokedCerts
2019-10-14 13:01:49,046 [main] INFO  db.DBStoreBuilder (DBStoreBuilder.java:addTable(117)) - using custom profile for table: default
2019-10-14 13:01:49,046 [main] INFO  db.DBStoreBuilder (DBStoreBuilder.java:processTables(174)) - Using default column profile:DBProfile.DISK for Table:default
2019-10-14 13:01:49,047 [main] INFO  db.DBStoreBuilder (DBStoreBuilder.java:getDbProfile(205)) - Using default options. DBProfile.DISK
2019-10-14 13:01:49,208 [main] INFO  net.NodeSchemaLoader (NodeSchemaLoader.java:loadSchemaFromFile(125)) - Loading file from sun.misc.CompoundEnumeration@69ed5ea2
2019-10-14 13:01:49,208 [main] INFO  net.NodeSchemaLoader (NodeSchemaLoader.java:loadSchema(171)) - Loading network topology layer schema file
2019-10-14 13:01:49,213 [main] WARN  server.ServerUtils (ServerUtils.java:sanitizeUserArgs(70)) - ozone.scm.stale.node.interval value = 300000 is larger than max = 100000 based on the key value of ozone.scm.heartbeat.thread.interval, reset to the max value 100000.
2019-10-14 13:01:49,214 [main] WARN  server.ServerUtils (ServerUtils.java:sanitizeUserArgs(70)) - ozone.scm.stale.node.interval value = 300000 is larger than max = 100000 based on the key value of ozone.scm.heartbeat.thread.interval, reset to the max value 100000.
2019-10-14 13:01:49,214 [main] INFO  node.SCMNodeManager (SCMNodeManager.java:<init>(116)) - Entering startup safe mode.
2019-10-14 13:01:49,215 [main] INFO  algorithms.ContainerPlacementPolicyFactory (ContainerPlacementPolicyFactory.java:getPolicy(57)) - Create container placement policy of type org.apache.hadoop.hdds.scm.container.placement.algorithms.SCMContainerPlacementRandom
2019-10-14 13:01:49,215 [main] WARN  server.ServerUtils (ServerUtils.java:getScmDbDir(145)) - ozone.scm.db.dirs is not configured. We recommend adding this setting. Falling back to ozone.metadata.dirs instead.
2019-10-14 13:01:49,231 [grpc-default-executor-4] WARN  server.GrpcLogAppender (LogUtils.java:warn(134)) - 3f353dff-fbf1-45e1-b8dc-90047666ac7f@group-FDD512E035A0->82ffce00-55a6-43cb-a809-ae8d063a0f95-AppendLogResponseHandler: Failed appendEntries: org.apache.ratis.thirdparty.io.grpc.StatusRuntimeException: UNAVAILABLE: io exception
2019-10-14 13:01:49,231 [grpc-default-executor-1] WARN  server.GrpcLogAppender (LogUtils.java:warn(134)) - 3f353dff-fbf1-45e1-b8dc-90047666ac7f@group-FDD512E035A0->1da6bb09-916d-4199-b6ac-9e9059830af0-AppendLogResponseHandler: Failed appendEntries: org.apache.ratis.thirdparty.io.grpc.StatusRuntimeException: UNAVAILABLE: io exception
2019-10-14 13:01:49,232 [grpc-default-executor-4] INFO  impl.FollowerInfo (FollowerInfo.java:lambda$new$0(51)) - 3f353dff-fbf1-45e1-b8dc-90047666ac7f@group-FDD512E035A0->82ffce00-55a6-43cb-a809-ae8d063a0f95: nextIndex: updateUnconditionally 0 -> 0
2019-10-14 13:01:49,232 [grpc-default-executor-1] INFO  impl.FollowerInfo (FollowerInfo.java:lambda$new$0(51)) - 3f353dff-fbf1-45e1-b8dc-90047666ac7f@group-FDD512E035A0->1da6bb09-916d-4199-b6ac-9e9059830af0: nextIndex: updateUnconditionally 0 -> 0
2019-10-14 13:01:49,239 [main] INFO  pipeline.SCMPipelineManager (SCMPipelineManager.java:initializePipelineState(132)) - No pipeline exists in current db
2019-10-14 13:01:49,239 [main] WARN  server.ServerUtils (ServerUtils.java:getScmDbDir(145)) - ozone.scm.db.dirs is not configured. We recommend adding this setting. Falling back to ozone.metadata.dirs instead.
2019-10-14 13:01:49,268 [main] WARN  events.EventQueue (EventQueue.java:fireEvent(183)) - No event handler registered for event TypedEvent{payloadType=SafeModeStatus, name='SafeModeStatus'}
2019-10-14 13:01:49,269 [main] INFO  ipc.CallQueueManager (CallQueueManager.java:<init>(84)) - Using callQueue: class java.util.concurrent.LinkedBlockingQueue, queueCapacity: 2000, scheduler: class org.apache.hadoop.ipc.DefaultRpcScheduler, ipcBackoff: false.
2019-10-14 13:01:49,270 [Socket Reader #1 for port 44391] INFO  ipc.Server (Server.java:run(1074)) - Starting Socket Reader #1 for port 44391
2019-10-14 13:01:49,274 [main] INFO  ipc.CallQueueManager (CallQueueManager.java:<init>(84)) - Using callQueue: class java.util.concurrent.LinkedBlockingQueue, queueCapacity: 2000, scheduler: class org.apache.hadoop.ipc.DefaultRpcScheduler, ipcBackoff: false.
2019-10-14 13:01:49,275 [Socket Reader #1 for port 33229] INFO  ipc.Server (Server.java:run(1074)) - Starting Socket Reader #1 for port 33229
2019-10-14 13:01:49,278 [main] INFO  ipc.CallQueueManager (CallQueueManager.java:<init>(84)) - Using callQueue: class java.util.concurrent.LinkedBlockingQueue, queueCapacity: 2000, scheduler: class org.apache.hadoop.ipc.DefaultRpcScheduler, ipcBackoff: false.
2019-10-14 13:01:49,278 [Socket Reader #1 for port 41798] INFO  ipc.Server (Server.java:run(1074)) - Starting Socket Reader #1 for port 41798
2019-10-14 13:01:49,282 [main] INFO  hdfs.DFSUtil (DFSUtil.java:httpServerTemplateForNNAndJN(1641)) - Starting Web-server for scm at: http://0.0.0.0:0
2019-10-14 13:01:49,283 [main] INFO  server.AuthenticationFilter (AuthenticationFilter.java:constructSecretProvider(240)) - Unable to initialize FileSignerSecretProvider, falling back to use random secrets.
2019-10-14 13:01:49,284 [main] WARN  http.HttpRequestLog (HttpRequestLog.java:getRequestLog(97)) - Jetty request log can only be enabled using Log4j
2019-10-14 13:01:49,285 [main] INFO  http.HttpServer2 (HttpServer2.java:addGlobalFilter(975)) - Added global filter 'safety' (class=org.apache.hadoop.http.HttpServer2$QuotingInputFilter)
2019-10-14 13:01:49,285 [main] INFO  http.HttpServer2 (HttpServer2.java:addFilter(948)) - Added filter static_user_filter (class=org.apache.hadoop.http.lib.StaticUserWebFilter$StaticUserFilter) to context scm
2019-10-14 13:01:49,286 [main] INFO  http.HttpServer2 (HttpServer2.java:addFilter(958)) - Added filter static_user_filter (class=org.apache.hadoop.http.lib.StaticUserWebFilter$StaticUserFilter) to context logs
2019-10-14 13:01:49,286 [main] INFO  http.HttpServer2 (HttpServer2.java:addFilter(958)) - Added filter static_user_filter (class=org.apache.hadoop.http.lib.StaticUserWebFilter$StaticUserFilter) to context static
2019-10-14 13:01:49,287 [main] INFO  server.StorageContainerManager (StorageContainerManager.java:start(772)) - StorageContainerLocationProtocol RPC server is listening at /0.0.0.0:41798
2019-10-14 13:01:49,289 [main] WARN  impl.MetricsConfig (MetricsConfig.java:loadFirst(134)) - Cannot locate configuration: tried hadoop-metrics2-storagecontainermanager.properties,hadoop-metrics2.properties
2019-10-14 13:01:49,290 [main] INFO  impl.MetricsSystemImpl (MetricsSystemImpl.java:startTimer(374)) - Scheduled Metric snapshot period at 10 second(s).
2019-10-14 13:01:49,290 [main] INFO  impl.MetricsSystemImpl (MetricsSystemImpl.java:start(191)) - StorageContainerManager metrics system started
2019-10-14 13:01:49,591 [main] WARN  impl.MetricsSystemImpl (MetricsSystemImpl.java:register(276)) - Sink prometheus already exists!
2019-10-14 13:01:49,860 [main] INFO  server.SCMClientProtocolServer (SCMClientProtocolServer.java:start(159)) - RPC server for Client  is listening at /0.0.0.0:41798
2019-10-14 13:01:49,861 [IPC Server Responder] INFO  ipc.Server (Server.java:run(1314)) - IPC Server Responder: starting
2019-10-14 13:01:49,861 [IPC Server listener on 41798] INFO  ipc.Server (Server.java:run(1153)) - IPC Server listener on 41798: starting
2019-10-14 13:01:49,867 [main] INFO  server.StorageContainerManager (StorageContainerManager.java:start(782)) - ScmBlockLocationProtocol RPC server is listening at /0.0.0.0:33229
2019-10-14 13:01:49,867 [main] INFO  server.SCMBlockProtocolServer (SCMBlockProtocolServer.java:start(146)) - RPC server for Block Protocol is listening at /0.0.0.0:33229
2019-10-14 13:01:49,868 [IPC Server Responder] INFO  ipc.Server (Server.java:run(1314)) - IPC Server Responder: starting
2019-10-14 13:01:49,868 [IPC Server listener on 33229] INFO  ipc.Server (Server.java:run(1153)) - IPC Server listener on 33229: starting
2019-10-14 13:01:49,877 [main] INFO  server.StorageContainerManager (StorageContainerManager.java:start(786)) - ScmDatanodeProtocl RPC server is listening at /0.0.0.0:44391
2019-10-14 13:01:49,878 [main] INFO  server.SCMDatanodeProtocolServer (SCMDatanodeProtocolServer.java:start(169)) - RPC server for DataNodes is listening at /0.0.0.0:44391
2019-10-14 13:01:49,878 [IPC Server listener on 44391] INFO  ipc.Server (Server.java:run(1153)) - IPC Server listener on 44391: starting
2019-10-14 13:01:49,878 [IPC Server Responder] INFO  ipc.Server (Server.java:run(1314)) - IPC Server Responder: starting
2019-10-14 13:01:49,882 [main] INFO  http.HttpServer2 (HttpServer2.java:bindListener(1191)) - Jetty bound to port 36604
2019-10-14 13:01:49,883 [main] INFO  server.Server (Server.java:doStart(351)) - jetty-9.3.25.v20180904, build timestamp: 2018-09-04T21:11:46Z, git hash: 3ce520221d0240229c862b122d2b06c12a625732
2019-10-14 13:01:49,884 [main] INFO  handler.ContextHandler (ContextHandler.java:doStart(781)) - Started o.e.j.s.ServletContextHandler@2faa55bb{/logs,file:///workdir/hadoop-ozone/integration-test/target/log,AVAILABLE}
2019-10-14 13:01:49,884 [main] INFO  handler.ContextHandler (ContextHandler.java:doStart(781)) - Started o.e.j.s.ServletContextHandler@5d1d9d73{/static,file:///workdir/hadoop-ozone/integration-test/target/test-classes/webapps/static,AVAILABLE}
2019-10-14 13:01:49,888 [main] INFO  handler.ContextHandler (ContextHandler.java:doStart(781)) - Started o.e.j.w.WebAppContext@370c9018{/,file:///workdir/hadoop-ozone/integration-test/target/test-classes/webapps/scm/,AVAILABLE}{/scm}
2019-10-14 13:01:49,888 [main] INFO  server.AbstractConnector (AbstractConnector.java:doStart(278)) - Started ServerConnector@3c81cd82{HTTP/1.1,[http/1.1]}{0.0.0.0:36604}
2019-10-14 13:01:49,889 [main] INFO  server.Server (Server.java:doStart(419)) - Started @218673ms
2019-10-14 13:01:49,890 [main] WARN  impl.MetricsSystemImpl (MetricsSystemImpl.java:register(276)) - Sink prometheus already exists!
2019-10-14 13:01:49,890 [main] INFO  server.BaseHttpServer (BaseHttpServer.java:updateConnectorAddress(215)) - HTTP server of SCM is listening at http://0.0.0.0:36604
2019-10-14 13:01:49,892 [main] WARN  server.ServerUtils (ServerUtils.java:getDBPath(222)) - ozone.om.db.dirs is not configured. We recommend adding this setting. Falling back to ozone.metadata.dirs instead.
2019-10-14 13:01:49,892 [org.apache.hadoop.util.JvmPauseMonitor$Monitor@49cb3881] INFO  util.JvmPauseMonitor (JvmPauseMonitor.java:run(188)) - Starting JVM pause monitor
2019-10-14 13:01:49,906 [main] INFO  ha.OMHANodeDetails (OMHANodeDetails.java:loadOMHAConfig(190)) - Configuration either no ozone.om.address set. Falling back to the default OM address /127.0.0.1:0
2019-10-14 13:01:49,906 [main] INFO  ha.OMHANodeDetails (OMHANodeDetails.java:getOMNodeDetails(220)) - OM Service ID is not set. Setting it to the default ID: omServiceIdDefault
2019-10-14 13:01:49,906 [main] WARN  server.ServerUtils (ServerUtils.java:getDBPath(222)) - ozone.om.db.dirs is not configured. We recommend adding this setting. Falling back to ozone.metadata.dirs instead.
2019-10-14 13:01:49,907 [main] WARN  server.ServerUtils (ServerUtils.java:getDBPath(222)) - ozone.om.db.dirs is not configured. We recommend adding this setting. Falling back to ozone.metadata.dirs instead.
2019-10-14 13:01:49,917 [main] WARN  server.ServerUtils (ServerUtils.java:getDBPath(222)) - ozone.om.db.dirs is not configured. We recommend adding this setting. Falling back to ozone.metadata.dirs instead.
2019-10-14 13:01:49,918 [main] INFO  db.DBStoreBuilder (DBStoreBuilder.java:addTable(117)) - using custom profile for table: userTable
2019-10-14 13:01:49,918 [main] INFO  db.DBStoreBuilder (DBStoreBuilder.java:processTables(168)) - Using default column profile:DBProfile.DISK for Table:userTable
2019-10-14 13:01:49,918 [main] INFO  db.DBStoreBuilder (DBStoreBuilder.java:addTable(117)) - using custom profile for table: volumeTable
2019-10-14 13:01:49,918 [main] INFO  db.DBStoreBuilder (DBStoreBuilder.java:processTables(168)) - Using default column profile:DBProfile.DISK for Table:volumeTable
2019-10-14 13:01:49,918 [main] INFO  db.DBStoreBuilder (DBStoreBuilder.java:addTable(117)) - using custom profile for table: bucketTable
2019-10-14 13:01:49,919 [main] INFO  db.DBStoreBuilder (DBStoreBuilder.java:processTables(168)) - Using default column profile:DBProfile.DISK for Table:bucketTable
2019-10-14 13:01:49,919 [main] INFO  db.DBStoreBuilder (DBStoreBuilder.java:addTable(117)) - using custom profile for table: keyTable
2019-10-14 13:01:49,919 [main] INFO  db.DBStoreBuilder (DBStoreBuilder.java:processTables(168)) - Using default column profile:DBProfile.DISK for Table:keyTable
2019-10-14 13:01:49,919 [main] INFO  db.DBStoreBuilder (DBStoreBuilder.java:addTable(117)) - using custom profile for table: deletedTable
2019-10-14 13:01:49,919 [main] INFO  db.DBStoreBuilder (DBStoreBuilder.java:processTables(168)) - Using default column profile:DBProfile.DISK for Table:deletedTable
2019-10-14 13:01:49,919 [main] INFO  db.DBStoreBuilder (DBStoreBuilder.java:addTable(117)) - using custom profile for table: openKeyTable
2019-10-14 13:01:49,919 [main] INFO  db.DBStoreBuilder (DBStoreBuilder.java:processTables(168)) - Using default column profile:DBProfile.DISK for Table:openKeyTable
2019-10-14 13:01:49,920 [main] INFO  db.DBStoreBuilder (DBStoreBuilder.java:addTable(117)) - using custom profile for table: s3Table
2019-10-14 13:01:49,920 [main] INFO  db.DBStoreBuilder (DBStoreBuilder.java:processTables(168)) - Using default column profile:DBProfile.DISK for Table:s3Table
2019-10-14 13:01:49,920 [main] INFO  db.DBStoreBuilder (DBStoreBuilder.java:addTable(117)) - using custom profile for table: multipartInfoTable
2019-10-14 13:01:49,920 [main] INFO  db.DBStoreBuilder (DBStoreBuilder.java:processTables(168)) - Using default column profile:DBProfile.DISK for Table:multipartInfoTable
2019-10-14 13:01:49,920 [main] INFO  db.DBStoreBuilder (DBStoreBuilder.java:addTable(117)) - using custom profile for table: dTokenTable
2019-10-14 13:01:49,920 [main] INFO  db.DBStoreBuilder (DBStoreBuilder.java:processTables(168)) - Using default column profile:DBProfile.DISK for Table:dTokenTable
2019-10-14 13:01:49,920 [main] INFO  db.DBStoreBuilder (DBStoreBuilder.java:addTable(117)) - using custom profile for table: s3SecretTable
2019-10-14 13:01:49,921 [main] INFO  db.DBStoreBuilder (DBStoreBuilder.java:processTables(168)) - Using default column profile:DBProfile.DISK for Table:s3SecretTable
2019-10-14 13:01:49,921 [main] INFO  db.DBStoreBuilder (DBStoreBuilder.java:addTable(117)) - using custom profile for table: prefixTable
2019-10-14 13:01:49,921 [main] INFO  db.DBStoreBuilder (DBStoreBuilder.java:processTables(168)) - Using default column profile:DBProfile.DISK for Table:prefixTable
2019-10-14 13:01:49,921 [main] INFO  db.DBStoreBuilder (DBStoreBuilder.java:addTable(117)) - using custom profile for table: default
2019-10-14 13:01:49,921 [main] INFO  db.DBStoreBuilder (DBStoreBuilder.java:processTables(174)) - Using default column profile:DBProfile.DISK for Table:default
2019-10-14 13:01:49,921 [main] INFO  db.DBStoreBuilder (DBStoreBuilder.java:getDbProfile(205)) - Using default options. DBProfile.DISK
2019-10-14 13:01:50,352 [main] INFO  ipc.CallQueueManager (CallQueueManager.java:<init>(84)) - Using callQueue: class java.util.concurrent.LinkedBlockingQueue, queueCapacity: 2000, scheduler: class org.apache.hadoop.ipc.DefaultRpcScheduler, ipcBackoff: false.
2019-10-14 13:01:50,353 [Socket Reader #1 for port 36583] INFO  ipc.Server (Server.java:run(1074)) - Starting Socket Reader #1 for port 36583
2019-10-14 13:01:50,365 [main] INFO  om.OzoneManager (OzoneManager.java:start(1071)) - OzoneManager RPC server is listening at localhost/127.0.0.1:36583
2019-10-14 13:01:50,365 [main] INFO  impl.MetricsSystemImpl (MetricsSystemImpl.java:init(158)) - OzoneManager metrics system started (again)
2019-10-14 13:01:50,366 [IPC Server Responder] INFO  ipc.Server (Server.java:run(1314)) - IPC Server Responder: starting
2019-10-14 13:01:50,368 [IPC Server listener on 36583] INFO  ipc.Server (Server.java:run(1153)) - IPC Server listener on 36583: starting
2019-10-14 13:01:50,374 [main] INFO  hdfs.DFSUtil (DFSUtil.java:httpServerTemplateForNNAndJN(1641)) - Starting Web-server for ozoneManager at: http://0.0.0.0:0
2019-10-14 13:01:50,375 [main] INFO  server.AuthenticationFilter (AuthenticationFilter.java:constructSecretProvider(240)) - Unable to initialize FileSignerSecretProvider, falling back to use random secrets.
2019-10-14 13:01:50,375 [main] WARN  http.HttpRequestLog (HttpRequestLog.java:getRequestLog(97)) - Jetty request log can only be enabled using Log4j
2019-10-14 13:01:50,376 [main] INFO  http.HttpServer2 (HttpServer2.java:addGlobalFilter(975)) - Added global filter 'safety' (class=org.apache.hadoop.http.HttpServer2$QuotingInputFilter)
2019-10-14 13:01:50,377 [main] INFO  http.HttpServer2 (HttpServer2.java:addFilter(948)) - Added filter static_user_filter (class=org.apache.hadoop.http.lib.StaticUserWebFilter$StaticUserFilter) to context ozoneManager
2019-10-14 13:01:50,377 [main] INFO  http.HttpServer2 (HttpServer2.java:addFilter(958)) - Added filter static_user_filter (class=org.apache.hadoop.http.lib.StaticUserWebFilter$StaticUserFilter) to context logs
2019-10-14 13:01:50,377 [main] INFO  http.HttpServer2 (HttpServer2.java:addFilter(958)) - Added filter static_user_filter (class=org.apache.hadoop.http.lib.StaticUserWebFilter$StaticUserFilter) to context static
2019-10-14 13:01:50,377 [main] INFO  http.HttpServer2 (HttpServer2.java:bindListener(1191)) - Jetty bound to port 44825
2019-10-14 13:01:50,377 [main] INFO  server.Server (Server.java:doStart(351)) - jetty-9.3.25.v20180904, build timestamp: 2018-09-04T21:11:46Z, git hash: 3ce520221d0240229c862b122d2b06c12a625732
2019-10-14 13:01:50,379 [main] INFO  handler.ContextHandler (ContextHandler.java:doStart(781)) - Started o.e.j.s.ServletContextHandler@67328bcb{/logs,file:///workdir/hadoop-ozone/integration-test/target/log,AVAILABLE}
2019-10-14 13:01:50,379 [main] INFO  handler.ContextHandler (ContextHandler.java:doStart(781)) - Started o.e.j.s.ServletContextHandler@2416c658{/static,file:///workdir/hadoop-ozone/integration-test/target/test-classes/webapps/static,AVAILABLE}
2019-10-14 13:01:50,382 [main] INFO  handler.ContextHandler (ContextHandler.java:doStart(781)) - Started o.e.j.w.WebAppContext@601d6622{/,file:///workdir/hadoop-ozone/integration-test/target/test-classes/webapps/ozoneManager/,AVAILABLE}{/ozoneManager}
2019-10-14 13:01:50,384 [main] INFO  server.AbstractConnector (AbstractConnector.java:doStart(278)) - Started ServerConnector@76216830{HTTP/1.1,[http/1.1]}{0.0.0.0:44825}
2019-10-14 13:01:50,384 [main] INFO  server.Server (Server.java:doStart(419)) - Started @219168ms
2019-10-14 13:01:50,384 [main] WARN  impl.MetricsSystemImpl (MetricsSystemImpl.java:register(276)) - Sink prometheus already exists!
2019-10-14 13:01:50,385 [main] INFO  server.BaseHttpServer (BaseHttpServer.java:updateConnectorAddress(215)) - HTTP server of OZONEMANAGER is listening at http://0.0.0.0:44825
2019-10-14 13:01:50,396 [main] INFO  impl.MetricsSystemImpl (MetricsSystemImpl.java:init(158)) - HddsDatanode metrics system started (again)
2019-10-14 13:01:50,414 [main] INFO  ozone.HddsDatanodeService (HddsDatanodeService.java:start(184)) - HddsDatanodeService host:pr-hdds-2299-hlwdq-549545603 ip:192.168.151.107
2019-10-14 13:01:50,420 [main] INFO  volume.HddsVolume (HddsVolume.java:<init>(176)) - Creating Volume: /workdir/hadoop-ozone/integration-test/target/test-dir/MiniOzoneClusterImpl-d7cc1525-03b4-4177-b7bb-10a3025151f7/datanode-0/data/containers/hdds of  storage type : DISK and capacity : 1482555576320
2019-10-14 13:01:50,421 [main] INFO  volume.VolumeSet (VolumeSet.java:initializeVolumeSet(170)) - Added Volume : /workdir/hadoop-ozone/integration-test/target/test-dir/MiniOzoneClusterImpl-d7cc1525-03b4-4177-b7bb-10a3025151f7/datanode-0/data/containers/hdds to VolumeSet
2019-10-14 13:01:50,421 [main] INFO  volume.ThrottledAsyncChecker (ThrottledAsyncChecker.java:schedule(141)) - Scheduling a check for org.apache.hadoop.ozone.container.common.volume.HddsVolume@3887c7d7
2019-10-14 13:01:50,421 [main] INFO  volume.HddsVolumeChecker (HddsVolumeChecker.java:checkAllVolumes(204)) - Scheduled health check for volume org.apache.hadoop.ozone.container.common.volume.HddsVolume@3887c7d7
2019-10-14 13:01:50,433 [main] INFO  impl.RaftServerProxy (ConfUtils.java:logGet(43)) - raft.rpc.type = GRPC (default)
2019-10-14 13:01:50,433 [main] INFO  grpc.GrpcFactory (GrpcFactory.java:checkPooledByteBufAllocatorUseCacheForAllThreads(45)) - PERFORMANCE WARNING: useCacheForAllThreads is true that may cause Netty to create a lot garbage objects and, as a result, trigger GC.
	It is recommended to disable useCacheForAllThreads by setting -Dorg.apache.ratis.thirdparty.io.netty.allocator.useCacheForAllThreads=false in command line.
2019-10-14 13:01:50,433 [main] INFO  grpc.GrpcConfigKeys$Server (ConfUtils.java:logGet(43)) - raft.grpc.server.port = 0 (default)
2019-10-14 13:01:50,433 [main] INFO  server.GrpcService (ConfUtils.java:logGet(43)) - raft.grpc.message.size.max = 33570816 (custom)
2019-10-14 13:01:50,434 [main] INFO  server.RaftServerConfigKeys (ConfUtils.java:logGet(43)) - raft.server.log.appender.buffer.byte-limit = 33554432 (custom)
2019-10-14 13:01:50,434 [main] INFO  server.GrpcService (ConfUtils.java:logGet(43)) - raft.grpc.flow.control.window = 1MB (=1048576) (default)
2019-10-14 13:01:50,434 [main] INFO  server.RaftServerConfigKeys (ConfUtils.java:logGet(43)) - raft.server.rpc.request.timeout = 3000ms (default)
2019-10-14 13:01:50,434 [main] INFO  server.RaftServerConfigKeys (ConfUtils.java:logGet(43)) - raft.server.storage.dir = [/workdir/hadoop-ozone/integration-test/target/test-dir/MiniOzoneClusterImpl-d7cc1525-03b4-4177-b7bb-10a3025151f7/datanode-0/data/ratis] (custom)
2019-10-14 13:01:50,435 [main] INFO  hdfs.DFSUtil (DFSUtil.java:httpServerTemplateForNNAndJN(1641)) - Starting Web-server for hddsDatanode at: http://0.0.0.0:0
2019-10-14 13:01:50,436 [main] INFO  server.AuthenticationFilter (AuthenticationFilter.java:constructSecretProvider(240)) - Unable to initialize FileSignerSecretProvider, falling back to use random secrets.
2019-10-14 13:01:50,437 [main] WARN  http.HttpRequestLog (HttpRequestLog.java:getRequestLog(97)) - Jetty request log can only be enabled using Log4j
2019-10-14 13:01:50,438 [main] INFO  http.HttpServer2 (HttpServer2.java:addGlobalFilter(975)) - Added global filter 'safety' (class=org.apache.hadoop.http.HttpServer2$QuotingInputFilter)
2019-10-14 13:01:50,438 [main] INFO  http.HttpServer2 (HttpServer2.java:addFilter(948)) - Added filter static_user_filter (class=org.apache.hadoop.http.lib.StaticUserWebFilter$StaticUserFilter) to context hddsDatanode
2019-10-14 13:01:50,438 [main] INFO  http.HttpServer2 (HttpServer2.java:addFilter(958)) - Added filter static_user_filter (class=org.apache.hadoop.http.lib.StaticUserWebFilter$StaticUserFilter) to context static
2019-10-14 13:01:50,438 [main] INFO  http.HttpServer2 (HttpServer2.java:addFilter(958)) - Added filter static_user_filter (class=org.apache.hadoop.http.lib.StaticUserWebFilter$StaticUserFilter) to context logs
2019-10-14 13:01:50,439 [main] INFO  http.HttpServer2 (HttpServer2.java:bindListener(1191)) - Jetty bound to port 38983
2019-10-14 13:01:50,439 [main] INFO  server.Server (Server.java:doStart(351)) - jetty-9.3.25.v20180904, build timestamp: 2018-09-04T21:11:46Z, git hash: 3ce520221d0240229c862b122d2b06c12a625732
2019-10-14 13:01:50,441 [main] INFO  handler.ContextHandler (ContextHandler.java:doStart(781)) - Started o.e.j.s.ServletContextHandler@42c0a16e{/logs,file:///workdir/hadoop-ozone/integration-test/target/log,AVAILABLE}
2019-10-14 13:01:50,441 [main] INFO  handler.ContextHandler (ContextHandler.java:doStart(781)) - Started o.e.j.s.ServletContextHandler@543fe698{/static,jar:file:/home/user/.m2/repository/org/apache/hadoop/hadoop-hdds-container-service/0.5.0-SNAPSHOT/hadoop-hdds-container-service-0.5.0-SNAPSHOT.jar!/webapps/static,AVAILABLE}
2019-10-14 13:01:50,477 [main] INFO  handler.ContextHandler (ContextHandler.java:doStart(781)) - Started o.e.j.w.WebAppContext@2ca54da9{/,file:///tmp/jetty-0.0.0.0-38983-hddsDatanode-_-any-7717576436779135277.dir/webapp/,AVAILABLE}{/hddsDatanode}
2019-10-14 13:01:50,478 [main] INFO  server.AbstractConnector (AbstractConnector.java:doStart(278)) - Started ServerConnector@34a20f16{HTTP/1.1,[http/1.1]}{0.0.0.0:38983}
2019-10-14 13:01:50,480 [main] INFO  server.Server (Server.java:doStart(419)) - Started @219264ms
2019-10-14 13:01:50,480 [main] WARN  impl.MetricsSystemImpl (MetricsSystemImpl.java:register(276)) - Sink prometheus already exists!
2019-10-14 13:01:50,481 [main] INFO  server.BaseHttpServer (BaseHttpServer.java:updateConnectorAddress(215)) - HTTP server of HDDSDATANODE is listening at http://0.0.0.0:38983
2019-10-14 13:01:50,481 [main] INFO  impl.MetricsSystemImpl (MetricsSystemImpl.java:init(158)) - HddsDatanode metrics system started (again)
2019-10-14 13:01:50,497 [org.apache.hadoop.util.JvmPauseMonitor$Monitor@648c7711] INFO  util.JvmPauseMonitor (JvmPauseMonitor.java:run(188)) - Starting JVM pause monitor
2019-10-14 13:01:50,498 [main] INFO  ozone.HddsDatanodeService (HddsDatanodeService.java:start(184)) - HddsDatanodeService host:pr-hdds-2299-hlwdq-549545603 ip:192.168.151.107
2019-10-14 13:01:50,498 [Datanode State Machine Thread - 0] INFO  datanode.InitDatanodeState (InitDatanodeState.java:persistContainerDatanodeDetails(140)) - DatanodeDetails is persisted to /workdir/hadoop-ozone/integration-test/target/test-dir/MiniOzoneClusterImpl-d7cc1525-03b4-4177-b7bb-10a3025151f7/datanode-0/meta/datanode.id
2019-10-14 13:01:50,505 [main] INFO  volume.HddsVolume (HddsVolume.java:<init>(176)) - Creating Volume: /workdir/hadoop-ozone/integration-test/target/test-dir/MiniOzoneClusterImpl-d7cc1525-03b4-4177-b7bb-10a3025151f7/datanode-1/data/containers/hdds of  storage type : DISK and capacity : 1482555576320
2019-10-14 13:01:50,505 [main] INFO  volume.VolumeSet (VolumeSet.java:initializeVolumeSet(170)) - Added Volume : /workdir/hadoop-ozone/integration-test/target/test-dir/MiniOzoneClusterImpl-d7cc1525-03b4-4177-b7bb-10a3025151f7/datanode-1/data/containers/hdds to VolumeSet
2019-10-14 13:01:50,505 [main] INFO  volume.ThrottledAsyncChecker (ThrottledAsyncChecker.java:schedule(141)) - Scheduling a check for org.apache.hadoop.ozone.container.common.volume.HddsVolume@5cfed0ba
2019-10-14 13:01:50,506 [main] INFO  volume.HddsVolumeChecker (HddsVolumeChecker.java:checkAllVolumes(204)) - Scheduled health check for volume org.apache.hadoop.ozone.container.common.volume.HddsVolume@5cfed0ba
2019-10-14 13:01:50,517 [main] INFO  impl.RaftServerProxy (ConfUtils.java:logGet(43)) - raft.rpc.type = GRPC (default)
2019-10-14 13:01:50,517 [main] INFO  grpc.GrpcFactory (GrpcFactory.java:checkPooledByteBufAllocatorUseCacheForAllThreads(45)) - PERFORMANCE WARNING: useCacheForAllThreads is true that may cause Netty to create a lot garbage objects and, as a result, trigger GC.
	It is recommended to disable useCacheForAllThreads by setting -Dorg.apache.ratis.thirdparty.io.netty.allocator.useCacheForAllThreads=false in command line.
2019-10-14 13:01:50,517 [main] INFO  grpc.GrpcConfigKeys$Server (ConfUtils.java:logGet(43)) - raft.grpc.server.port = 0 (default)
2019-10-14 13:01:50,518 [main] INFO  server.GrpcService (ConfUtils.java:logGet(43)) - raft.grpc.message.size.max = 33570816 (custom)
2019-10-14 13:01:50,518 [main] INFO  server.RaftServerConfigKeys (ConfUtils.java:logGet(43)) - raft.server.log.appender.buffer.byte-limit = 33554432 (custom)
2019-10-14 13:01:50,518 [main] INFO  server.GrpcService (ConfUtils.java:logGet(43)) - raft.grpc.flow.control.window = 1MB (=1048576) (default)
2019-10-14 13:01:50,518 [main] INFO  server.RaftServerConfigKeys (ConfUtils.java:logGet(43)) - raft.server.rpc.request.timeout = 3000ms (default)
2019-10-14 13:01:50,518 [main] INFO  server.RaftServerConfigKeys (ConfUtils.java:logGet(43)) - raft.server.storage.dir = [/workdir/hadoop-ozone/integration-test/target/test-dir/MiniOzoneClusterImpl-d7cc1525-03b4-4177-b7bb-10a3025151f7/datanode-1/data/ratis] (custom)
2019-10-14 13:01:50,520 [main] INFO  hdfs.DFSUtil (DFSUtil.java:httpServerTemplateForNNAndJN(1641)) - Starting Web-server for hddsDatanode at: http://0.0.0.0:0
2019-10-14 13:01:50,521 [main] INFO  server.AuthenticationFilter (AuthenticationFilter.java:constructSecretProvider(240)) - Unable to initialize FileSignerSecretProvider, falling back to use random secrets.
2019-10-14 13:01:50,521 [main] WARN  http.HttpRequestLog (HttpRequestLog.java:getRequestLog(97)) - Jetty request log can only be enabled using Log4j
2019-10-14 13:01:50,522 [main] INFO  http.HttpServer2 (HttpServer2.java:addGlobalFilter(975)) - Added global filter 'safety' (class=org.apache.hadoop.http.HttpServer2$QuotingInputFilter)
2019-10-14 13:01:50,522 [main] INFO  http.HttpServer2 (HttpServer2.java:addFilter(948)) - Added filter static_user_filter (class=org.apache.hadoop.http.lib.StaticUserWebFilter$StaticUserFilter) to context hddsDatanode
2019-10-14 13:01:50,523 [main] INFO  http.HttpServer2 (HttpServer2.java:addFilter(958)) - Added filter static_user_filter (class=org.apache.hadoop.http.lib.StaticUserWebFilter$StaticUserFilter) to context logs
2019-10-14 13:01:50,523 [main] INFO  http.HttpServer2 (HttpServer2.java:addFilter(958)) - Added filter static_user_filter (class=org.apache.hadoop.http.lib.StaticUserWebFilter$StaticUserFilter) to context static
2019-10-14 13:01:50,523 [main] INFO  http.HttpServer2 (HttpServer2.java:bindListener(1191)) - Jetty bound to port 43294
2019-10-14 13:01:50,523 [main] INFO  server.Server (Server.java:doStart(351)) - jetty-9.3.25.v20180904, build timestamp: 2018-09-04T21:11:46Z, git hash: 3ce520221d0240229c862b122d2b06c12a625732
2019-10-14 13:01:50,525 [main] INFO  handler.ContextHandler (ContextHandler.java:doStart(781)) - Started o.e.j.s.ServletContextHandler@7558633{/logs,file:///workdir/hadoop-ozone/integration-test/target/log,AVAILABLE}
2019-10-14 13:01:50,525 [main] INFO  handler.ContextHandler (ContextHandler.java:doStart(781)) - Started o.e.j.s.ServletContextHandler@61394494{/static,jar:file:/home/user/.m2/repository/org/apache/hadoop/hadoop-hdds-container-service/0.5.0-SNAPSHOT/hadoop-hdds-container-service-0.5.0-SNAPSHOT.jar!/webapps/static,AVAILABLE}
2019-10-14 13:01:50,551 [main] INFO  handler.ContextHandler (ContextHandler.java:doStart(781)) - Started o.e.j.w.WebAppContext@65cc5252{/,file:///tmp/jetty-0.0.0.0-43294-hddsDatanode-_-any-7208543162918654933.dir/webapp/,AVAILABLE}{/hddsDatanode}
2019-10-14 13:01:50,551 [main] INFO  server.AbstractConnector (AbstractConnector.java:doStart(278)) - Started ServerConnector@42c12b3e{HTTP/1.1,[http/1.1]}{0.0.0.0:43294}
2019-10-14 13:01:50,554 [main] INFO  server.Server (Server.java:doStart(419)) - Started @219337ms
2019-10-14 13:01:50,554 [main] WARN  impl.MetricsSystemImpl (MetricsSystemImpl.java:register(276)) - Sink prometheus already exists!
2019-10-14 13:01:50,555 [main] INFO  server.BaseHttpServer (BaseHttpServer.java:updateConnectorAddress(215)) - HTTP server of HDDSDATANODE is listening at http://0.0.0.0:43294
2019-10-14 13:01:50,555 [main] INFO  impl.MetricsSystemImpl (MetricsSystemImpl.java:init(158)) - HddsDatanode metrics system started (again)
2019-10-14 13:01:50,571 [org.apache.hadoop.util.JvmPauseMonitor$Monitor@51e1ff12] INFO  util.JvmPauseMonitor (JvmPauseMonitor.java:run(188)) - Starting JVM pause monitor
2019-10-14 13:01:50,572 [Datanode State Machine Thread - 0] INFO  datanode.InitDatanodeState (InitDatanodeState.java:persistContainerDatanodeDetails(140)) - DatanodeDetails is persisted to /workdir/hadoop-ozone/integration-test/target/test-dir/MiniOzoneClusterImpl-d7cc1525-03b4-4177-b7bb-10a3025151f7/datanode-1/meta/datanode.id
2019-10-14 13:01:50,573 [main] INFO  ozone.HddsDatanodeService (HddsDatanodeService.java:start(184)) - HddsDatanodeService host:pr-hdds-2299-hlwdq-549545603 ip:192.168.151.107
2019-10-14 13:01:50,582 [main] INFO  volume.HddsVolume (HddsVolume.java:<init>(176)) - Creating Volume: /workdir/hadoop-ozone/integration-test/target/test-dir/MiniOzoneClusterImpl-d7cc1525-03b4-4177-b7bb-10a3025151f7/datanode-2/data/containers/hdds of  storage type : DISK and capacity : 1482555576320
2019-10-14 13:01:50,582 [main] INFO  volume.VolumeSet (VolumeSet.java:initializeVolumeSet(170)) - Added Volume : /workdir/hadoop-ozone/integration-test/target/test-dir/MiniOzoneClusterImpl-d7cc1525-03b4-4177-b7bb-10a3025151f7/datanode-2/data/containers/hdds to VolumeSet
2019-10-14 13:01:50,582 [main] INFO  volume.ThrottledAsyncChecker (ThrottledAsyncChecker.java:schedule(141)) - Scheduling a check for org.apache.hadoop.ozone.container.common.volume.HddsVolume@636985df
2019-10-14 13:01:50,583 [main] INFO  volume.HddsVolumeChecker (HddsVolumeChecker.java:checkAllVolumes(204)) - Scheduled health check for volume org.apache.hadoop.ozone.container.common.volume.HddsVolume@636985df
2019-10-14 13:01:50,596 [main] INFO  impl.RaftServerProxy (ConfUtils.java:logGet(43)) - raft.rpc.type = GRPC (default)
2019-10-14 13:01:50,596 [main] INFO  grpc.GrpcFactory (GrpcFactory.java:checkPooledByteBufAllocatorUseCacheForAllThreads(45)) - PERFORMANCE WARNING: useCacheForAllThreads is true that may cause Netty to create a lot garbage objects and, as a result, trigger GC.
	It is recommended to disable useCacheForAllThreads by setting -Dorg.apache.ratis.thirdparty.io.netty.allocator.useCacheForAllThreads=false in command line.
2019-10-14 13:01:50,596 [main] INFO  grpc.GrpcConfigKeys$Server (ConfUtils.java:logGet(43)) - raft.grpc.server.port = 0 (default)
2019-10-14 13:01:50,596 [main] INFO  server.GrpcService (ConfUtils.java:logGet(43)) - raft.grpc.message.size.max = 33570816 (custom)
2019-10-14 13:01:50,596 [main] INFO  server.RaftServerConfigKeys (ConfUtils.java:logGet(43)) - raft.server.log.appender.buffer.byte-limit = 33554432 (custom)
2019-10-14 13:01:50,597 [main] INFO  server.GrpcService (ConfUtils.java:logGet(43)) - raft.grpc.flow.control.window = 1MB (=1048576) (default)
2019-10-14 13:01:50,597 [main] INFO  server.RaftServerConfigKeys (ConfUtils.java:logGet(43)) - raft.server.rpc.request.timeout = 3000ms (default)
2019-10-14 13:01:50,597 [main] INFO  server.RaftServerConfigKeys (ConfUtils.java:logGet(43)) - raft.server.storage.dir = [/workdir/hadoop-ozone/integration-test/target/test-dir/MiniOzoneClusterImpl-d7cc1525-03b4-4177-b7bb-10a3025151f7/datanode-2/data/ratis] (custom)
2019-10-14 13:01:50,598 [main] INFO  hdfs.DFSUtil (DFSUtil.java:httpServerTemplateForNNAndJN(1641)) - Starting Web-server for hddsDatanode at: http://0.0.0.0:0
2019-10-14 13:01:50,599 [main] INFO  server.AuthenticationFilter (AuthenticationFilter.java:constructSecretProvider(240)) - Unable to initialize FileSignerSecretProvider, falling back to use random secrets.
2019-10-14 13:01:50,600 [main] WARN  http.HttpRequestLog (HttpRequestLog.java:getRequestLog(97)) - Jetty request log can only be enabled using Log4j
2019-10-14 13:01:50,601 [main] INFO  http.HttpServer2 (HttpServer2.java:addGlobalFilter(975)) - Added global filter 'safety' (class=org.apache.hadoop.http.HttpServer2$QuotingInputFilter)
2019-10-14 13:01:50,601 [main] INFO  http.HttpServer2 (HttpServer2.java:addFilter(948)) - Added filter static_user_filter (class=org.apache.hadoop.http.lib.StaticUserWebFilter$StaticUserFilter) to context hddsDatanode
2019-10-14 13:01:50,601 [main] INFO  http.HttpServer2 (HttpServer2.java:addFilter(958)) - Added filter static_user_filter (class=org.apache.hadoop.http.lib.StaticUserWebFilter$StaticUserFilter) to context static
2019-10-14 13:01:50,601 [main] INFO  http.HttpServer2 (HttpServer2.java:addFilter(958)) - Added filter static_user_filter (class=org.apache.hadoop.http.lib.StaticUserWebFilter$StaticUserFilter) to context logs
2019-10-14 13:01:50,602 [main] INFO  http.HttpServer2 (HttpServer2.java:bindListener(1191)) - Jetty bound to port 40833
2019-10-14 13:01:50,602 [main] INFO  server.Server (Server.java:doStart(351)) - jetty-9.3.25.v20180904, build timestamp: 2018-09-04T21:11:46Z, git hash: 3ce520221d0240229c862b122d2b06c12a625732
2019-10-14 13:01:50,603 [main] INFO  handler.ContextHandler (ContextHandler.java:doStart(781)) - Started o.e.j.s.ServletContextHandler@45554613{/logs,file:///workdir/hadoop-ozone/integration-test/target/log,AVAILABLE}
2019-10-14 13:01:50,604 [main] INFO  handler.ContextHandler (ContextHandler.java:doStart(781)) - Started o.e.j.s.ServletContextHandler@2c9306d3{/static,jar:file:/home/user/.m2/repository/org/apache/hadoop/hadoop-hdds-container-service/0.5.0-SNAPSHOT/hadoop-hdds-container-service-0.5.0-SNAPSHOT.jar!/webapps/static,AVAILABLE}
2019-10-14 13:01:50,630 [main] INFO  handler.ContextHandler (ContextHandler.java:doStart(781)) - Started o.e.j.w.WebAppContext@2506b881{/,file:///tmp/jetty-0.0.0.0-40833-hddsDatanode-_-any-1527861488745367515.dir/webapp/,AVAILABLE}{/hddsDatanode}
2019-10-14 13:01:50,630 [main] INFO  server.AbstractConnector (AbstractConnector.java:doStart(278)) - Started ServerConnector@5d7dd549{HTTP/1.1,[http/1.1]}{0.0.0.0:40833}
2019-10-14 13:01:50,632 [main] INFO  server.Server (Server.java:doStart(419)) - Started @219416ms
2019-10-14 13:01:50,633 [main] WARN  impl.MetricsSystemImpl (MetricsSystemImpl.java:register(276)) - Sink prometheus already exists!
2019-10-14 13:01:50,633 [main] INFO  server.BaseHttpServer (BaseHttpServer.java:updateConnectorAddress(215)) - HTTP server of HDDSDATANODE is listening at http://0.0.0.0:40833
2019-10-14 13:01:50,634 [main] INFO  impl.MetricsSystemImpl (MetricsSystemImpl.java:init(158)) - HddsDatanode metrics system started (again)
2019-10-14 13:01:50,651 [org.apache.hadoop.util.JvmPauseMonitor$Monitor@3f0e91de] INFO  util.JvmPauseMonitor (JvmPauseMonitor.java:run(188)) - Starting JVM pause monitor
2019-10-14 13:01:50,652 [Datanode State Machine Thread - 0] INFO  datanode.InitDatanodeState (InitDatanodeState.java:persistContainerDatanodeDetails(140)) - DatanodeDetails is persisted to /workdir/hadoop-ozone/integration-test/target/test-dir/MiniOzoneClusterImpl-d7cc1525-03b4-4177-b7bb-10a3025151f7/datanode-2/meta/datanode.id
2019-10-14 13:01:50,652 [main] INFO  ozone.HddsDatanodeService (HddsDatanodeService.java:start(184)) - HddsDatanodeService host:pr-hdds-2299-hlwdq-549545603 ip:192.168.151.107
2019-10-14 13:01:50,660 [main] INFO  volume.HddsVolume (HddsVolume.java:<init>(176)) - Creating Volume: /workdir/hadoop-ozone/integration-test/target/test-dir/MiniOzoneClusterImpl-d7cc1525-03b4-4177-b7bb-10a3025151f7/datanode-3/data/containers/hdds of  storage type : DISK and capacity : 1482555576320
2019-10-14 13:01:50,660 [main] INFO  volume.VolumeSet (VolumeSet.java:initializeVolumeSet(170)) - Added Volume : /workdir/hadoop-ozone/integration-test/target/test-dir/MiniOzoneClusterImpl-d7cc1525-03b4-4177-b7bb-10a3025151f7/datanode-3/data/containers/hdds to VolumeSet
2019-10-14 13:01:50,660 [main] INFO  volume.ThrottledAsyncChecker (ThrottledAsyncChecker.java:schedule(141)) - Scheduling a check for org.apache.hadoop.ozone.container.common.volume.HddsVolume@7da1e005
2019-10-14 13:01:50,661 [main] INFO  volume.HddsVolumeChecker (HddsVolumeChecker.java:checkAllVolumes(204)) - Scheduled health check for volume org.apache.hadoop.ozone.container.common.volume.HddsVolume@7da1e005
2019-10-14 13:01:50,673 [main] INFO  impl.RaftServerProxy (ConfUtils.java:logGet(43)) - raft.rpc.type = GRPC (default)
2019-10-14 13:01:50,673 [main] INFO  grpc.GrpcFactory (GrpcFactory.java:checkPooledByteBufAllocatorUseCacheForAllThreads(45)) - PERFORMANCE WARNING: useCacheForAllThreads is true that may cause Netty to create a lot garbage objects and, as a result, trigger GC.
	It is recommended to disable useCacheForAllThreads by setting -Dorg.apache.ratis.thirdparty.io.netty.allocator.useCacheForAllThreads=false in command line.
2019-10-14 13:01:50,673 [main] INFO  grpc.GrpcConfigKeys$Server (ConfUtils.java:logGet(43)) - raft.grpc.server.port = 0 (default)
2019-10-14 13:01:50,673 [main] INFO  server.GrpcService (ConfUtils.java:logGet(43)) - raft.grpc.message.size.max = 33570816 (custom)
2019-10-14 13:01:50,673 [main] INFO  server.RaftServerConfigKeys (ConfUtils.java:logGet(43)) - raft.server.log.appender.buffer.byte-limit = 33554432 (custom)
2019-10-14 13:01:50,673 [main] INFO  server.GrpcService (ConfUtils.java:logGet(43)) - raft.grpc.flow.control.window = 1MB (=1048576) (default)
2019-10-14 13:01:50,674 [main] INFO  server.RaftServerConfigKeys (ConfUtils.java:logGet(43)) - raft.server.rpc.request.timeout = 3000ms (default)
2019-10-14 13:01:50,674 [main] INFO  server.RaftServerConfigKeys (ConfUtils.java:logGet(43)) - raft.server.storage.dir = [/workdir/hadoop-ozone/integration-test/target/test-dir/MiniOzoneClusterImpl-d7cc1525-03b4-4177-b7bb-10a3025151f7/datanode-3/data/ratis] (custom)
2019-10-14 13:01:50,675 [main] INFO  hdfs.DFSUtil (DFSUtil.java:httpServerTemplateForNNAndJN(1641)) - Starting Web-server for hddsDatanode at: http://0.0.0.0:0
2019-10-14 13:01:50,676 [main] INFO  server.AuthenticationFilter (AuthenticationFilter.java:constructSecretProvider(240)) - Unable to initialize FileSignerSecretProvider, falling back to use random secrets.
2019-10-14 13:01:50,677 [main] WARN  http.HttpRequestLog (HttpRequestLog.java:getRequestLog(97)) - Jetty request log can only be enabled using Log4j
2019-10-14 13:01:50,678 [main] INFO  http.HttpServer2 (HttpServer2.java:addGlobalFilter(975)) - Added global filter 'safety' (class=org.apache.hadoop.http.HttpServer2$QuotingInputFilter)
2019-10-14 13:01:50,678 [main] INFO  http.HttpServer2 (HttpServer2.java:addFilter(948)) - Added filter static_user_filter (class=org.apache.hadoop.http.lib.StaticUserWebFilter$StaticUserFilter) to context hddsDatanode
2019-10-14 13:01:50,678 [main] INFO  http.HttpServer2 (HttpServer2.java:addFilter(958)) - Added filter static_user_filter (class=org.apache.hadoop.http.lib.StaticUserWebFilter$StaticUserFilter) to context static
2019-10-14 13:01:50,679 [main] INFO  http.HttpServer2 (HttpServer2.java:addFilter(958)) - Added filter static_user_filter (class=org.apache.hadoop.http.lib.StaticUserWebFilter$StaticUserFilter) to context logs
2019-10-14 13:01:50,679 [main] INFO  http.HttpServer2 (HttpServer2.java:bindListener(1191)) - Jetty bound to port 38682
2019-10-14 13:01:50,679 [main] INFO  server.Server (Server.java:doStart(351)) - jetty-9.3.25.v20180904, build timestamp: 2018-09-04T21:11:46Z, git hash: 3ce520221d0240229c862b122d2b06c12a625732
2019-10-14 13:01:50,681 [main] INFO  handler.ContextHandler (ContextHandler.java:doStart(781)) - Started o.e.j.s.ServletContextHandler@787988f4{/logs,file:///workdir/hadoop-ozone/integration-test/target/log,AVAILABLE}
2019-10-14 13:01:50,681 [main] INFO  handler.ContextHandler (ContextHandler.java:doStart(781)) - Started o.e.j.s.ServletContextHandler@4f235107{/static,jar:file:/home/user/.m2/repository/org/apache/hadoop/hadoop-hdds-container-service/0.5.0-SNAPSHOT/hadoop-hdds-container-service-0.5.0-SNAPSHOT.jar!/webapps/static,AVAILABLE}
2019-10-14 13:01:50,707 [main] INFO  handler.ContextHandler (ContextHandler.java:doStart(781)) - Started o.e.j.w.WebAppContext@6b8b5020{/,file:///tmp/jetty-0.0.0.0-38682-hddsDatanode-_-any-9134222843051227980.dir/webapp/,AVAILABLE}{/hddsDatanode}
2019-10-14 13:01:50,707 [main] INFO  server.AbstractConnector (AbstractConnector.java:doStart(278)) - Started ServerConnector@7d37ee0c{HTTP/1.1,[http/1.1]}{0.0.0.0:38682}
2019-10-14 13:01:50,710 [main] INFO  server.Server (Server.java:doStart(419)) - Started @219493ms
2019-10-14 13:01:50,710 [main] WARN  impl.MetricsSystemImpl (MetricsSystemImpl.java:register(276)) - Sink prometheus already exists!
2019-10-14 13:01:50,710 [main] INFO  server.BaseHttpServer (BaseHttpServer.java:updateConnectorAddress(215)) - HTTP server of HDDSDATANODE is listening at http://0.0.0.0:38682
2019-10-14 13:01:50,711 [main] INFO  impl.MetricsSystemImpl (MetricsSystemImpl.java:init(158)) - HddsDatanode metrics system started (again)
2019-10-14 13:01:50,729 [org.apache.hadoop.util.JvmPauseMonitor$Monitor@131a2b3c] INFO  util.JvmPauseMonitor (JvmPauseMonitor.java:run(188)) - Starting JVM pause monitor
2019-10-14 13:01:50,730 [Datanode State Machine Thread - 0] INFO  datanode.InitDatanodeState (InitDatanodeState.java:persistContainerDatanodeDetails(140)) - DatanodeDetails is persisted to /workdir/hadoop-ozone/integration-test/target/test-dir/MiniOzoneClusterImpl-d7cc1525-03b4-4177-b7bb-10a3025151f7/datanode-3/meta/datanode.id
2019-10-14 13:01:50,731 [main] INFO  ozone.HddsDatanodeService (HddsDatanodeService.java:start(184)) - HddsDatanodeService host:pr-hdds-2299-hlwdq-549545603 ip:192.168.151.107
2019-10-14 13:01:50,738 [main] INFO  volume.HddsVolume (HddsVolume.java:<init>(176)) - Creating Volume: /workdir/hadoop-ozone/integration-test/target/test-dir/MiniOzoneClusterImpl-d7cc1525-03b4-4177-b7bb-10a3025151f7/datanode-4/data/containers/hdds of  storage type : DISK and capacity : 1482555576320
2019-10-14 13:01:50,739 [main] INFO  volume.VolumeSet (VolumeSet.java:initializeVolumeSet(170)) - Added Volume : /workdir/hadoop-ozone/integration-test/target/test-dir/MiniOzoneClusterImpl-d7cc1525-03b4-4177-b7bb-10a3025151f7/datanode-4/data/containers/hdds to VolumeSet
2019-10-14 13:01:50,739 [main] INFO  volume.ThrottledAsyncChecker (ThrottledAsyncChecker.java:schedule(141)) - Scheduling a check for org.apache.hadoop.ozone.container.common.volume.HddsVolume@3a3f96ab
2019-10-14 13:01:50,739 [main] INFO  volume.HddsVolumeChecker (HddsVolumeChecker.java:checkAllVolumes(204)) - Scheduled health check for volume org.apache.hadoop.ozone.container.common.volume.HddsVolume@3a3f96ab
2019-10-14 13:01:50,751 [main] INFO  impl.RaftServerProxy (ConfUtils.java:logGet(43)) - raft.rpc.type = GRPC (default)
2019-10-14 13:01:50,752 [main] INFO  grpc.GrpcFactory (GrpcFactory.java:checkPooledByteBufAllocatorUseCacheForAllThreads(45)) - PERFORMANCE WARNING: useCacheForAllThreads is true that may cause Netty to create a lot garbage objects and, as a result, trigger GC.
	It is recommended to disable useCacheForAllThreads by setting -Dorg.apache.ratis.thirdparty.io.netty.allocator.useCacheForAllThreads=false in command line.
2019-10-14 13:01:50,752 [main] INFO  grpc.GrpcConfigKeys$Server (ConfUtils.java:logGet(43)) - raft.grpc.server.port = 0 (default)
2019-10-14 13:01:50,752 [main] INFO  server.GrpcService (ConfUtils.java:logGet(43)) - raft.grpc.message.size.max = 33570816 (custom)
2019-10-14 13:01:50,752 [main] INFO  server.RaftServerConfigKeys (ConfUtils.java:logGet(43)) - raft.server.log.appender.buffer.byte-limit = 33554432 (custom)
2019-10-14 13:01:50,752 [main] INFO  server.GrpcService (ConfUtils.java:logGet(43)) - raft.grpc.flow.control.window = 1MB (=1048576) (default)
2019-10-14 13:01:50,752 [main] INFO  server.RaftServerConfigKeys (ConfUtils.java:logGet(43)) - raft.server.rpc.request.timeout = 3000ms (default)
2019-10-14 13:01:50,753 [main] INFO  server.RaftServerConfigKeys (ConfUtils.java:logGet(43)) - raft.server.storage.dir = [/workdir/hadoop-ozone/integration-test/target/test-dir/MiniOzoneClusterImpl-d7cc1525-03b4-4177-b7bb-10a3025151f7/datanode-4/data/ratis] (custom)
2019-10-14 13:01:50,754 [main] INFO  hdfs.DFSUtil (DFSUtil.java:httpServerTemplateForNNAndJN(1641)) - Starting Web-server for hddsDatanode at: http://0.0.0.0:0
2019-10-14 13:01:50,755 [main] INFO  server.AuthenticationFilter (AuthenticationFilter.java:constructSecretProvider(240)) - Unable to initialize FileSignerSecretProvider, falling back to use random secrets.
2019-10-14 13:01:50,755 [main] WARN  http.HttpRequestLog (HttpRequestLog.java:getRequestLog(97)) - Jetty request log can only be enabled using Log4j
2019-10-14 13:01:50,757 [main] INFO  http.HttpServer2 (HttpServer2.java:addGlobalFilter(975)) - Added global filter 'safety' (class=org.apache.hadoop.http.HttpServer2$QuotingInputFilter)
2019-10-14 13:01:50,757 [main] INFO  http.HttpServer2 (HttpServer2.java:addFilter(948)) - Added filter static_user_filter (class=org.apache.hadoop.http.lib.StaticUserWebFilter$StaticUserFilter) to context hddsDatanode
2019-10-14 13:01:50,757 [main] INFO  http.HttpServer2 (HttpServer2.java:addFilter(958)) - Added filter static_user_filter (class=org.apache.hadoop.http.lib.StaticUserWebFilter$StaticUserFilter) to context logs
2019-10-14 13:01:50,757 [main] INFO  http.HttpServer2 (HttpServer2.java:addFilter(958)) - Added filter static_user_filter (class=org.apache.hadoop.http.lib.StaticUserWebFilter$StaticUserFilter) to context static
2019-10-14 13:01:50,758 [main] INFO  http.HttpServer2 (HttpServer2.java:bindListener(1191)) - Jetty bound to port 33644
2019-10-14 13:01:50,758 [main] INFO  server.Server (Server.java:doStart(351)) - jetty-9.3.25.v20180904, build timestamp: 2018-09-04T21:11:46Z, git hash: 3ce520221d0240229c862b122d2b06c12a625732
2019-10-14 13:01:50,759 [main] INFO  handler.ContextHandler (ContextHandler.java:doStart(781)) - Started o.e.j.s.ServletContextHandler@7994a0d1{/logs,file:///workdir/hadoop-ozone/integration-test/target/log,AVAILABLE}
2019-10-14 13:01:50,760 [main] INFO  handler.ContextHandler (ContextHandler.java:doStart(781)) - Started o.e.j.s.ServletContextHandler@d87d449{/static,jar:file:/home/user/.m2/repository/org/apache/hadoop/hadoop-hdds-container-service/0.5.0-SNAPSHOT/hadoop-hdds-container-service-0.5.0-SNAPSHOT.jar!/webapps/static,AVAILABLE}
2019-10-14 13:01:50,785 [main] INFO  handler.ContextHandler (ContextHandler.java:doStart(781)) - Started o.e.j.w.WebAppContext@310d57b1{/,file:///tmp/jetty-0.0.0.0-33644-hddsDatanode-_-any-7145401116226182414.dir/webapp/,AVAILABLE}{/hddsDatanode}
2019-10-14 13:01:50,786 [main] INFO  server.AbstractConnector (AbstractConnector.java:doStart(278)) - Started ServerConnector@143fefaf{HTTP/1.1,[http/1.1]}{0.0.0.0:33644}
2019-10-14 13:01:50,788 [main] INFO  server.Server (Server.java:doStart(419)) - Started @219572ms
2019-10-14 13:01:50,788 [main] WARN  impl.MetricsSystemImpl (MetricsSystemImpl.java:register(276)) - Sink prometheus already exists!
2019-10-14 13:01:50,789 [main] INFO  server.BaseHttpServer (BaseHttpServer.java:updateConnectorAddress(215)) - HTTP server of HDDSDATANODE is listening at http://0.0.0.0:33644
2019-10-14 13:01:50,789 [main] INFO  impl.MetricsSystemImpl (MetricsSystemImpl.java:init(158)) - HddsDatanode metrics system started (again)
2019-10-14 13:01:50,808 [org.apache.hadoop.util.JvmPauseMonitor$Monitor@19a09428] INFO  util.JvmPauseMonitor (JvmPauseMonitor.java:run(188)) - Starting JVM pause monitor
2019-10-14 13:01:50,809 [Datanode State Machine Thread - 0] INFO  datanode.InitDatanodeState (InitDatanodeState.java:persistContainerDatanodeDetails(140)) - DatanodeDetails is persisted to /workdir/hadoop-ozone/integration-test/target/test-dir/MiniOzoneClusterImpl-d7cc1525-03b4-4177-b7bb-10a3025151f7/datanode-4/meta/datanode.id
2019-10-14 13:01:50,809 [main] INFO  ozone.HddsDatanodeService (HddsDatanodeService.java:start(184)) - HddsDatanodeService host:pr-hdds-2299-hlwdq-549545603 ip:192.168.151.107
2019-10-14 13:01:50,816 [main] INFO  volume.HddsVolume (HddsVolume.java:<init>(176)) - Creating Volume: /workdir/hadoop-ozone/integration-test/target/test-dir/MiniOzoneClusterImpl-d7cc1525-03b4-4177-b7bb-10a3025151f7/datanode-5/data/containers/hdds of  storage type : DISK and capacity : 1482555576320
2019-10-14 13:01:50,817 [main] INFO  volume.VolumeSet (VolumeSet.java:initializeVolumeSet(170)) - Added Volume : /workdir/hadoop-ozone/integration-test/target/test-dir/MiniOzoneClusterImpl-d7cc1525-03b4-4177-b7bb-10a3025151f7/datanode-5/data/containers/hdds to VolumeSet
2019-10-14 13:01:50,817 [main] INFO  volume.ThrottledAsyncChecker (ThrottledAsyncChecker.java:schedule(141)) - Scheduling a check for org.apache.hadoop.ozone.container.common.volume.HddsVolume@52ba685a
2019-10-14 13:01:50,817 [main] INFO  volume.HddsVolumeChecker (HddsVolumeChecker.java:checkAllVolumes(204)) - Scheduled health check for volume org.apache.hadoop.ozone.container.common.volume.HddsVolume@52ba685a
2019-10-14 13:01:50,830 [main] INFO  impl.RaftServerProxy (ConfUtils.java:logGet(43)) - raft.rpc.type = GRPC (default)
2019-10-14 13:01:50,830 [main] INFO  grpc.GrpcFactory (GrpcFactory.java:checkPooledByteBufAllocatorUseCacheForAllThreads(45)) - PERFORMANCE WARNING: useCacheForAllThreads is true that may cause Netty to create a lot garbage objects and, as a result, trigger GC.
	It is recommended to disable useCacheForAllThreads by setting -Dorg.apache.ratis.thirdparty.io.netty.allocator.useCacheForAllThreads=false in command line.
2019-10-14 13:01:50,831 [main] INFO  grpc.GrpcConfigKeys$Server (ConfUtils.java:logGet(43)) - raft.grpc.server.port = 0 (default)
2019-10-14 13:01:50,831 [main] INFO  server.GrpcService (ConfUtils.java:logGet(43)) - raft.grpc.message.size.max = 33570816 (custom)
2019-10-14 13:01:50,831 [main] INFO  server.RaftServerConfigKeys (ConfUtils.java:logGet(43)) - raft.server.log.appender.buffer.byte-limit = 33554432 (custom)
2019-10-14 13:01:50,831 [main] INFO  server.GrpcService (ConfUtils.java:logGet(43)) - raft.grpc.flow.control.window = 1MB (=1048576) (default)
2019-10-14 13:01:50,831 [main] INFO  server.RaftServerConfigKeys (ConfUtils.java:logGet(43)) - raft.server.rpc.request.timeout = 3000ms (default)
2019-10-14 13:01:50,832 [main] INFO  server.RaftServerConfigKeys (ConfUtils.java:logGet(43)) - raft.server.storage.dir = [/workdir/hadoop-ozone/integration-test/target/test-dir/MiniOzoneClusterImpl-d7cc1525-03b4-4177-b7bb-10a3025151f7/datanode-5/data/ratis] (custom)
2019-10-14 13:01:50,833 [main] INFO  hdfs.DFSUtil (DFSUtil.java:httpServerTemplateForNNAndJN(1641)) - Starting Web-server for hddsDatanode at: http://0.0.0.0:0
2019-10-14 13:01:50,834 [main] INFO  server.AuthenticationFilter (AuthenticationFilter.java:constructSecretProvider(240)) - Unable to initialize FileSignerSecretProvider, falling back to use random secrets.
2019-10-14 13:01:50,834 [main] WARN  http.HttpRequestLog (HttpRequestLog.java:getRequestLog(97)) - Jetty request log can only be enabled using Log4j
2019-10-14 13:01:50,835 [main] INFO  http.HttpServer2 (HttpServer2.java:addGlobalFilter(975)) - Added global filter 'safety' (class=org.apache.hadoop.http.HttpServer2$QuotingInputFilter)
2019-10-14 13:01:50,836 [main] INFO  http.HttpServer2 (HttpServer2.java:addFilter(948)) - Added filter static_user_filter (class=org.apache.hadoop.http.lib.StaticUserWebFilter$StaticUserFilter) to context hddsDatanode
2019-10-14 13:01:50,836 [main] INFO  http.HttpServer2 (HttpServer2.java:addFilter(958)) - Added filter static_user_filter (class=org.apache.hadoop.http.lib.StaticUserWebFilter$StaticUserFilter) to context static
2019-10-14 13:01:50,836 [main] INFO  http.HttpServer2 (HttpServer2.java:addFilter(958)) - Added filter static_user_filter (class=org.apache.hadoop.http.lib.StaticUserWebFilter$StaticUserFilter) to context logs
2019-10-14 13:01:50,837 [main] INFO  http.HttpServer2 (HttpServer2.java:bindListener(1191)) - Jetty bound to port 43189
2019-10-14 13:01:50,837 [main] INFO  server.Server (Server.java:doStart(351)) - jetty-9.3.25.v20180904, build timestamp: 2018-09-04T21:11:46Z, git hash: 3ce520221d0240229c862b122d2b06c12a625732
2019-10-14 13:01:50,838 [main] INFO  handler.ContextHandler (ContextHandler.java:doStart(781)) - Started o.e.j.s.ServletContextHandler@39d77de9{/logs,file:///workdir/hadoop-ozone/integration-test/target/log,AVAILABLE}
2019-10-14 13:01:50,838 [main] INFO  handler.ContextHandler (ContextHandler.java:doStart(781)) - Started o.e.j.s.ServletContextHandler@2c06b113{/static,jar:file:/home/user/.m2/repository/org/apache/hadoop/hadoop-hdds-container-service/0.5.0-SNAPSHOT/hadoop-hdds-container-service-0.5.0-SNAPSHOT.jar!/webapps/static,AVAILABLE}
2019-10-14 13:01:50,864 [main] INFO  handler.ContextHandler (ContextHandler.java:doStart(781)) - Started o.e.j.w.WebAppContext@3cb6e0ee{/,file:///tmp/jetty-0.0.0.0-43189-hddsDatanode-_-any-7290450710127174098.dir/webapp/,AVAILABLE}{/hddsDatanode}
2019-10-14 13:01:50,864 [main] INFO  server.AbstractConnector (AbstractConnector.java:doStart(278)) - Started ServerConnector@7b6141f0{HTTP/1.1,[http/1.1]}{0.0.0.0:43189}
2019-10-14 13:01:50,866 [main] INFO  server.Server (Server.java:doStart(419)) - Started @219650ms
2019-10-14 13:01:50,867 [main] WARN  impl.MetricsSystemImpl (MetricsSystemImpl.java:register(276)) - Sink prometheus already exists!
2019-10-14 13:01:50,867 [main] INFO  server.BaseHttpServer (BaseHttpServer.java:updateConnectorAddress(215)) - HTTP server of HDDSDATANODE is listening at http://0.0.0.0:43189
2019-10-14 13:01:50,867 [main] INFO  impl.MetricsSystemImpl (MetricsSystemImpl.java:init(158)) - HddsDatanode metrics system started (again)
2019-10-14 13:01:50,889 [org.apache.hadoop.util.JvmPauseMonitor$Monitor@203f7da3] INFO  util.JvmPauseMonitor (JvmPauseMonitor.java:run(188)) - Starting JVM pause monitor
2019-10-14 13:01:50,891 [Datanode State Machine Thread - 0] INFO  datanode.InitDatanodeState (InitDatanodeState.java:persistContainerDatanodeDetails(140)) - DatanodeDetails is persisted to /workdir/hadoop-ozone/integration-test/target/test-dir/MiniOzoneClusterImpl-d7cc1525-03b4-4177-b7bb-10a3025151f7/datanode-5/meta/datanode.id
2019-10-14 13:01:50,891 [main] INFO  ozone.HddsDatanodeService (HddsDatanodeService.java:start(184)) - HddsDatanodeService host:pr-hdds-2299-hlwdq-549545603 ip:192.168.151.107
2019-10-14 13:01:50,898 [main] INFO  volume.HddsVolume (HddsVolume.java:<init>(176)) - Creating Volume: /workdir/hadoop-ozone/integration-test/target/test-dir/MiniOzoneClusterImpl-d7cc1525-03b4-4177-b7bb-10a3025151f7/datanode-6/data/containers/hdds of  storage type : DISK and capacity : 1482555576320
2019-10-14 13:01:50,898 [main] INFO  volume.VolumeSet (VolumeSet.java:initializeVolumeSet(170)) - Added Volume : /workdir/hadoop-ozone/integration-test/target/test-dir/MiniOzoneClusterImpl-d7cc1525-03b4-4177-b7bb-10a3025151f7/datanode-6/data/containers/hdds to VolumeSet
2019-10-14 13:01:50,898 [main] INFO  volume.ThrottledAsyncChecker (ThrottledAsyncChecker.java:schedule(141)) - Scheduling a check for org.apache.hadoop.ozone.container.common.volume.HddsVolume@64279ab
2019-10-14 13:01:50,899 [main] INFO  volume.HddsVolumeChecker (HddsVolumeChecker.java:checkAllVolumes(204)) - Scheduled health check for volume org.apache.hadoop.ozone.container.common.volume.HddsVolume@64279ab
2019-10-14 13:01:50,910 [main] INFO  impl.RaftServerProxy (ConfUtils.java:logGet(43)) - raft.rpc.type = GRPC (default)
2019-10-14 13:01:50,911 [main] INFO  grpc.GrpcFactory (GrpcFactory.java:checkPooledByteBufAllocatorUseCacheForAllThreads(45)) - PERFORMANCE WARNING: useCacheForAllThreads is true that may cause Netty to create a lot garbage objects and, as a result, trigger GC.
	It is recommended to disable useCacheForAllThreads by setting -Dorg.apache.ratis.thirdparty.io.netty.allocator.useCacheForAllThreads=false in command line.
2019-10-14 13:01:50,911 [main] INFO  grpc.GrpcConfigKeys$Server (ConfUtils.java:logGet(43)) - raft.grpc.server.port = 0 (default)
2019-10-14 13:01:50,911 [main] INFO  server.GrpcService (ConfUtils.java:logGet(43)) - raft.grpc.message.size.max = 33570816 (custom)
2019-10-14 13:01:50,911 [main] INFO  server.RaftServerConfigKeys (ConfUtils.java:logGet(43)) - raft.server.log.appender.buffer.byte-limit = 33554432 (custom)
2019-10-14 13:01:50,911 [main] INFO  server.GrpcService (ConfUtils.java:logGet(43)) - raft.grpc.flow.control.window = 1MB (=1048576) (default)
2019-10-14 13:01:50,912 [main] INFO  server.RaftServerConfigKeys (ConfUtils.java:logGet(43)) - raft.server.rpc.request.timeout = 3000ms (default)
2019-10-14 13:01:50,912 [main] INFO  server.RaftServerConfigKeys (ConfUtils.java:logGet(43)) - raft.server.storage.dir = [/workdir/hadoop-ozone/integration-test/target/test-dir/MiniOzoneClusterImpl-d7cc1525-03b4-4177-b7bb-10a3025151f7/datanode-6/data/ratis] (custom)
2019-10-14 13:01:50,913 [main] INFO  hdfs.DFSUtil (DFSUtil.java:httpServerTemplateForNNAndJN(1641)) - Starting Web-server for hddsDatanode at: http://0.0.0.0:0
2019-10-14 13:01:50,914 [main] INFO  server.AuthenticationFilter (AuthenticationFilter.java:constructSecretProvider(240)) - Unable to initialize FileSignerSecretProvider, falling back to use random secrets.
2019-10-14 13:01:50,914 [main] WARN  http.HttpRequestLog (HttpRequestLog.java:getRequestLog(97)) - Jetty request log can only be enabled using Log4j
2019-10-14 13:01:50,916 [main] INFO  http.HttpServer2 (HttpServer2.java:addGlobalFilter(975)) - Added global filter 'safety' (class=org.apache.hadoop.http.HttpServer2$QuotingInputFilter)
2019-10-14 13:01:50,916 [main] INFO  http.HttpServer2 (HttpServer2.java:addFilter(948)) - Added filter static_user_filter (class=org.apache.hadoop.http.lib.StaticUserWebFilter$StaticUserFilter) to context hddsDatanode
2019-10-14 13:01:50,916 [main] INFO  http.HttpServer2 (HttpServer2.java:addFilter(958)) - Added filter static_user_filter (class=org.apache.hadoop.http.lib.StaticUserWebFilter$StaticUserFilter) to context static
2019-10-14 13:01:50,916 [main] INFO  http.HttpServer2 (HttpServer2.java:addFilter(958)) - Added filter static_user_filter (class=org.apache.hadoop.http.lib.StaticUserWebFilter$StaticUserFilter) to context logs
2019-10-14 13:01:50,917 [main] INFO  http.HttpServer2 (HttpServer2.java:bindListener(1191)) - Jetty bound to port 41331
2019-10-14 13:01:50,917 [main] INFO  server.Server (Server.java:doStart(351)) - jetty-9.3.25.v20180904, build timestamp: 2018-09-04T21:11:46Z, git hash: 3ce520221d0240229c862b122d2b06c12a625732
2019-10-14 13:01:50,918 [main] INFO  handler.ContextHandler (ContextHandler.java:doStart(781)) - Started o.e.j.s.ServletContextHandler@50cdfafa{/logs,file:///workdir/hadoop-ozone/integration-test/target/log,AVAILABLE}
2019-10-14 13:01:50,918 [main] INFO  handler.ContextHandler (ContextHandler.java:doStart(781)) - Started o.e.j.s.ServletContextHandler@79252c83{/static,jar:file:/home/user/.m2/repository/org/apache/hadoop/hadoop-hdds-container-service/0.5.0-SNAPSHOT/hadoop-hdds-container-service-0.5.0-SNAPSHOT.jar!/webapps/static,AVAILABLE}
2019-10-14 13:01:50,944 [main] INFO  handler.ContextHandler (ContextHandler.java:doStart(781)) - Started o.e.j.w.WebAppContext@1291aab5{/,file:///tmp/jetty-0.0.0.0-41331-hddsDatanode-_-any-2490210478747599679.dir/webapp/,AVAILABLE}{/hddsDatanode}
2019-10-14 13:01:50,944 [main] INFO  server.AbstractConnector (AbstractConnector.java:doStart(278)) - Started ServerConnector@7d133fb7{HTTP/1.1,[http/1.1]}{0.0.0.0:41331}
2019-10-14 13:01:50,947 [main] INFO  server.Server (Server.java:doStart(419)) - Started @219731ms
2019-10-14 13:01:50,947 [main] WARN  impl.MetricsSystemImpl (MetricsSystemImpl.java:register(276)) - Sink prometheus already exists!
2019-10-14 13:01:50,948 [main] INFO  server.BaseHttpServer (BaseHttpServer.java:updateConnectorAddress(215)) - HTTP server of HDDSDATANODE is listening at http://0.0.0.0:41331
2019-10-14 13:01:50,948 [main] INFO  ozone.MiniOzoneClusterImpl (MiniOzoneClusterImpl.java:lambda$waitForClusterToBeReady$0(147)) - Waiting for cluster to be ready. Got 0 of 7 DN Heartbeats.
2019-10-14 13:01:50,949 [org.apache.hadoop.util.JvmPauseMonitor$Monitor@359c1584] INFO  util.JvmPauseMonitor (JvmPauseMonitor.java:run(188)) - Starting JVM pause monitor
2019-10-14 13:01:50,950 [Datanode State Machine Thread - 0] INFO  datanode.InitDatanodeState (InitDatanodeState.java:persistContainerDatanodeDetails(140)) - DatanodeDetails is persisted to /workdir/hadoop-ozone/integration-test/target/test-dir/MiniOzoneClusterImpl-d7cc1525-03b4-4177-b7bb-10a3025151f7/datanode-6/meta/datanode.id
2019-10-14 13:01:51,732 [grpc-default-executor-6] WARN  server.GrpcLogAppender (LogUtils.java:warn(134)) - 3f353dff-fbf1-45e1-b8dc-90047666ac7f@group-FDD512E035A0->82ffce00-55a6-43cb-a809-ae8d063a0f95-AppendLogResponseHandler: Failed appendEntries: org.apache.ratis.thirdparty.io.grpc.StatusRuntimeException: UNAVAILABLE: io exception
2019-10-14 13:01:51,732 [grpc-default-executor-1] WARN  server.GrpcLogAppender (LogUtils.java:warn(134)) - 3f353dff-fbf1-45e1-b8dc-90047666ac7f@group-FDD512E035A0->1da6bb09-916d-4199-b6ac-9e9059830af0-AppendLogResponseHandler: Failed appendEntries: org.apache.ratis.thirdparty.io.grpc.StatusRuntimeException: UNAVAILABLE: io exception
2019-10-14 13:01:51,733 [grpc-default-executor-6] INFO  impl.FollowerInfo (FollowerInfo.java:lambda$new$0(51)) - 3f353dff-fbf1-45e1-b8dc-90047666ac7f@group-FDD512E035A0->82ffce00-55a6-43cb-a809-ae8d063a0f95: nextIndex: updateUnconditionally 0 -> 0
2019-10-14 13:01:51,733 [grpc-default-executor-1] INFO  impl.FollowerInfo (FollowerInfo.java:lambda$new$0(51)) - 3f353dff-fbf1-45e1-b8dc-90047666ac7f@group-FDD512E035A0->1da6bb09-916d-4199-b6ac-9e9059830af0: nextIndex: updateUnconditionally 0 -> 0
2019-10-14 13:01:51,949 [main] INFO  ozone.MiniOzoneClusterImpl (MiniOzoneClusterImpl.java:lambda$waitForClusterToBeReady$0(147)) - Waiting for cluster to be ready. Got 0 of 7 DN Heartbeats.
2019-10-14 13:01:52,565 [Datanode State Machine Thread - 0] INFO  ozoneimpl.OzoneContainer (OzoneContainer.java:start(213)) - Attempting to start container services.
2019-10-14 13:01:52,566 [Datanode State Machine Thread - 0] INFO  ozoneimpl.OzoneContainer (OzoneContainer.java:startContainerScrub(177)) - Background container scanner has been disabled.
2019-10-14 13:01:52,566 [Datanode State Machine Thread - 0] INFO  ratis.XceiverServerRatis (XceiverServerRatis.java:start(418)) - Starting XceiverServerRatis 6d5882c0-7b37-45c4-bca3-490e9467e84a at port 0
2019-10-14 13:01:52,578 [Datanode State Machine Thread - 0] INFO  impl.RaftServerProxy (RaftServerProxy.java:lambda$start$3(299)) - 6d5882c0-7b37-45c4-bca3-490e9467e84a: start RPC server
2019-10-14 13:01:52,589 [Datanode State Machine Thread - 0] INFO  server.GrpcService (GrpcService.java:startImpl(158)) - 6d5882c0-7b37-45c4-bca3-490e9467e84a: GrpcService started, listening on 0.0.0.0/0.0.0.0:45954
2019-10-14 13:01:52,589 [Datanode State Machine Thread - 0] INFO  ratis.XceiverServerRatis (XceiverServerRatis.java:start(428)) - XceiverServerRatis 6d5882c0-7b37-45c4-bca3-490e9467e84a is started using port 45954
2019-10-14 13:01:52,590 [Datanode State Machine Thread - 0] INFO  server.XceiverServerGrpc (XceiverServerGrpc.java:start(149)) - XceiverServerGrpc 6d5882c0-7b37-45c4-bca3-490e9467e84a is started using port 35617
2019-10-14 13:01:52,593 [Datanode State Machine Thread - 0] INFO  ozoneimpl.OzoneContainer (OzoneContainer.java:start(213)) - Attempting to start container services.
2019-10-14 13:01:52,593 [Datanode State Machine Thread - 0] INFO  ozoneimpl.OzoneContainer (OzoneContainer.java:startContainerScrub(177)) - Background container scanner has been disabled.
2019-10-14 13:01:52,594 [Datanode State Machine Thread - 0] INFO  ratis.XceiverServerRatis (XceiverServerRatis.java:start(418)) - Starting XceiverServerRatis a6fe904f-38aa-494b-9b18-48ceaa20fa11 at port 0
2019-10-14 13:01:52,598 [Datanode State Machine Thread - 0] INFO  impl.RaftServerProxy (RaftServerProxy.java:lambda$start$3(299)) - a6fe904f-38aa-494b-9b18-48ceaa20fa11: start RPC server
2019-10-14 13:01:52,601 [Datanode State Machine Thread - 0] INFO  server.GrpcService (GrpcService.java:startImpl(158)) - a6fe904f-38aa-494b-9b18-48ceaa20fa11: GrpcService started, listening on 0.0.0.0/0.0.0.0:37214
2019-10-14 13:01:52,602 [Datanode State Machine Thread - 0] INFO  ratis.XceiverServerRatis (XceiverServerRatis.java:start(428)) - XceiverServerRatis a6fe904f-38aa-494b-9b18-48ceaa20fa11 is started using port 37214
2019-10-14 13:01:52,602 [Datanode State Machine Thread - 0] INFO  server.XceiverServerGrpc (XceiverServerGrpc.java:start(149)) - XceiverServerGrpc a6fe904f-38aa-494b-9b18-48ceaa20fa11 is started using port 39978
2019-10-14 13:01:52,664 [Datanode State Machine Thread - 0] INFO  ozoneimpl.OzoneContainer (OzoneContainer.java:start(213)) - Attempting to start container services.
2019-10-14 13:01:52,664 [Datanode State Machine Thread - 0] INFO  ozoneimpl.OzoneContainer (OzoneContainer.java:startContainerScrub(177)) - Background container scanner has been disabled.
2019-10-14 13:01:52,664 [Datanode State Machine Thread - 0] INFO  ratis.XceiverServerRatis (XceiverServerRatis.java:start(418)) - Starting XceiverServerRatis 72560939-34a3-48e9-b1ac-5ff43108b5ce at port 0
2019-10-14 13:01:52,671 [Datanode State Machine Thread - 0] INFO  impl.RaftServerProxy (RaftServerProxy.java:lambda$start$3(299)) - 72560939-34a3-48e9-b1ac-5ff43108b5ce: start RPC server
2019-10-14 13:01:52,671 [Datanode State Machine Thread - 0] INFO  server.GrpcService (GrpcService.java:startImpl(158)) - 72560939-34a3-48e9-b1ac-5ff43108b5ce: GrpcService started, listening on 0.0.0.0/0.0.0.0:44441
2019-10-14 13:01:52,671 [Datanode State Machine Thread - 0] INFO  ratis.XceiverServerRatis (XceiverServerRatis.java:start(428)) - XceiverServerRatis 72560939-34a3-48e9-b1ac-5ff43108b5ce is started using port 44441
2019-10-14 13:01:52,672 [Datanode State Machine Thread - 0] INFO  server.XceiverServerGrpc (XceiverServerGrpc.java:start(149)) - XceiverServerGrpc 72560939-34a3-48e9-b1ac-5ff43108b5ce is started using port 38111
2019-10-14 13:01:52,742 [Datanode State Machine Thread - 0] INFO  ozoneimpl.OzoneContainer (OzoneContainer.java:start(213)) - Attempting to start container services.
2019-10-14 13:01:52,743 [Datanode State Machine Thread - 0] INFO  ozoneimpl.OzoneContainer (OzoneContainer.java:startContainerScrub(177)) - Background container scanner has been disabled.
2019-10-14 13:01:52,743 [Datanode State Machine Thread - 0] INFO  ratis.XceiverServerRatis (XceiverServerRatis.java:start(418)) - Starting XceiverServerRatis d38974ca-1524-4a91-a493-cc1ecc29d194 at port 0
2019-10-14 13:01:52,749 [Datanode State Machine Thread - 0] INFO  impl.RaftServerProxy (RaftServerProxy.java:lambda$start$3(299)) - d38974ca-1524-4a91-a493-cc1ecc29d194: start RPC server
2019-10-14 13:01:52,753 [Datanode State Machine Thread - 0] INFO  server.GrpcService (GrpcService.java:startImpl(158)) - d38974ca-1524-4a91-a493-cc1ecc29d194: GrpcService started, listening on 0.0.0.0/0.0.0.0:43364
2019-10-14 13:01:52,753 [Datanode State Machine Thread - 0] INFO  ratis.XceiverServerRatis (XceiverServerRatis.java:start(428)) - XceiverServerRatis d38974ca-1524-4a91-a493-cc1ecc29d194 is started using port 43364
2019-10-14 13:01:52,754 [Datanode State Machine Thread - 0] INFO  server.XceiverServerGrpc (XceiverServerGrpc.java:start(149)) - XceiverServerGrpc d38974ca-1524-4a91-a493-cc1ecc29d194 is started using port 34257
2019-10-14 13:01:52,823 [Datanode State Machine Thread - 0] INFO  ozoneimpl.OzoneContainer (OzoneContainer.java:start(213)) - Attempting to start container services.
2019-10-14 13:01:52,823 [Datanode State Machine Thread - 0] INFO  ozoneimpl.OzoneContainer (OzoneContainer.java:startContainerScrub(177)) - Background container scanner has been disabled.
2019-10-14 13:01:52,823 [Datanode State Machine Thread - 0] INFO  ratis.XceiverServerRatis (XceiverServerRatis.java:start(418)) - Starting XceiverServerRatis 893fcfcb-e4c6-4f5d-ac70-6f3bb38d75f5 at port 0
2019-10-14 13:01:52,827 [Datanode State Machine Thread - 0] INFO  impl.RaftServerProxy (RaftServerProxy.java:lambda$start$3(299)) - 893fcfcb-e4c6-4f5d-ac70-6f3bb38d75f5: start RPC server
2019-10-14 13:01:52,828 [Datanode State Machine Thread - 0] INFO  server.GrpcService (GrpcService.java:startImpl(158)) - 893fcfcb-e4c6-4f5d-ac70-6f3bb38d75f5: GrpcService started, listening on 0.0.0.0/0.0.0.0:40232
2019-10-14 13:01:52,828 [Datanode State Machine Thread - 0] INFO  ratis.XceiverServerRatis (XceiverServerRatis.java:start(428)) - XceiverServerRatis 893fcfcb-e4c6-4f5d-ac70-6f3bb38d75f5 is started using port 40232
2019-10-14 13:01:52,828 [Datanode State Machine Thread - 0] INFO  server.XceiverServerGrpc (XceiverServerGrpc.java:start(149)) - XceiverServerGrpc 893fcfcb-e4c6-4f5d-ac70-6f3bb38d75f5 is started using port 34329
2019-10-14 13:01:52,903 [Datanode State Machine Thread - 0] INFO  ozoneimpl.OzoneContainer (OzoneContainer.java:start(213)) - Attempting to start container services.
2019-10-14 13:01:52,904 [Datanode State Machine Thread - 0] INFO  ozoneimpl.OzoneContainer (OzoneContainer.java:startContainerScrub(177)) - Background container scanner has been disabled.
2019-10-14 13:01:52,904 [Datanode State Machine Thread - 0] INFO  ratis.XceiverServerRatis (XceiverServerRatis.java:start(418)) - Starting XceiverServerRatis 8e347cd9-0de4-45ca-b367-728cd237bdb9 at port 0
2019-10-14 13:01:52,909 [Datanode State Machine Thread - 0] INFO  impl.RaftServerProxy (RaftServerProxy.java:lambda$start$3(299)) - 8e347cd9-0de4-45ca-b367-728cd237bdb9: start RPC server
2019-10-14 13:01:52,913 [Datanode State Machine Thread - 0] INFO  server.GrpcService (GrpcService.java:startImpl(158)) - 8e347cd9-0de4-45ca-b367-728cd237bdb9: GrpcService started, listening on 0.0.0.0/0.0.0.0:34527
2019-10-14 13:01:52,913 [Datanode State Machine Thread - 0] INFO  ratis.XceiverServerRatis (XceiverServerRatis.java:start(428)) - XceiverServerRatis 8e347cd9-0de4-45ca-b367-728cd237bdb9 is started using port 34527
2019-10-14 13:01:52,914 [Datanode State Machine Thread - 0] INFO  server.XceiverServerGrpc (XceiverServerGrpc.java:start(149)) - XceiverServerGrpc 8e347cd9-0de4-45ca-b367-728cd237bdb9 is started using port 39312
2019-10-14 13:01:52,949 [main] INFO  ozone.MiniOzoneClusterImpl (MiniOzoneClusterImpl.java:lambda$waitForClusterToBeReady$0(147)) - Waiting for cluster to be ready. Got 0 of 7 DN Heartbeats.
2019-10-14 13:01:52,963 [Datanode State Machine Thread - 0] INFO  ozoneimpl.OzoneContainer (OzoneContainer.java:start(213)) - Attempting to start container services.
2019-10-14 13:01:52,963 [Datanode State Machine Thread - 0] INFO  ozoneimpl.OzoneContainer (OzoneContainer.java:startContainerScrub(177)) - Background container scanner has been disabled.
2019-10-14 13:01:52,963 [Datanode State Machine Thread - 0] INFO  ratis.XceiverServerRatis (XceiverServerRatis.java:start(418)) - Starting XceiverServerRatis b865abd1-69fe-466b-9343-95a09c0209e3 at port 0
2019-10-14 13:01:52,968 [Datanode State Machine Thread - 0] INFO  impl.RaftServerProxy (RaftServerProxy.java:lambda$start$3(299)) - b865abd1-69fe-466b-9343-95a09c0209e3: start RPC server
2019-10-14 13:01:52,972 [Datanode State Machine Thread - 0] INFO  server.GrpcService (GrpcService.java:startImpl(158)) - b865abd1-69fe-466b-9343-95a09c0209e3: GrpcService started, listening on 0.0.0.0/0.0.0.0:43895
2019-10-14 13:01:52,972 [Datanode State Machine Thread - 0] INFO  ratis.XceiverServerRatis (XceiverServerRatis.java:start(428)) - XceiverServerRatis b865abd1-69fe-466b-9343-95a09c0209e3 is started using port 43895
2019-10-14 13:01:52,973 [Datanode State Machine Thread - 0] INFO  server.XceiverServerGrpc (XceiverServerGrpc.java:start(149)) - XceiverServerGrpc b865abd1-69fe-466b-9343-95a09c0209e3 is started using port 36348
2019-10-14 13:01:53,949 [main] INFO  ozone.MiniOzoneClusterImpl (MiniOzoneClusterImpl.java:lambda$waitForClusterToBeReady$0(147)) - Waiting for cluster to be ready. Got 0 of 7 DN Heartbeats.
2019-10-14 13:01:54,233 [grpc-default-executor-1] WARN  server.GrpcLogAppender (LogUtils.java:warn(134)) - 3f353dff-fbf1-45e1-b8dc-90047666ac7f@group-FDD512E035A0->82ffce00-55a6-43cb-a809-ae8d063a0f95-AppendLogResponseHandler: Failed appendEntries: org.apache.ratis.thirdparty.io.grpc.StatusRuntimeException: UNAVAILABLE: io exception
2019-10-14 13:01:54,233 [grpc-default-executor-6] WARN  server.GrpcLogAppender (LogUtils.java:warn(134)) - 3f353dff-fbf1-45e1-b8dc-90047666ac7f@group-FDD512E035A0->1da6bb09-916d-4199-b6ac-9e9059830af0-AppendLogResponseHandler: Failed appendEntries: org.apache.ratis.thirdparty.io.grpc.StatusRuntimeException: UNAVAILABLE: io exception
2019-10-14 13:01:54,233 [grpc-default-executor-1] INFO  impl.FollowerInfo (FollowerInfo.java:lambda$new$0(51)) - 3f353dff-fbf1-45e1-b8dc-90047666ac7f@group-FDD512E035A0->82ffce00-55a6-43cb-a809-ae8d063a0f95: nextIndex: updateUnconditionally 0 -> 0
2019-10-14 13:01:54,234 [grpc-default-executor-6] INFO  impl.FollowerInfo (FollowerInfo.java:lambda$new$0(51)) - 3f353dff-fbf1-45e1-b8dc-90047666ac7f@group-FDD512E035A0->1da6bb09-916d-4199-b6ac-9e9059830af0: nextIndex: updateUnconditionally 0 -> 0
2019-10-14 13:01:54,505 [IPC Server handler 3 on 44391] INFO  net.NetworkTopology (NetworkTopologyImpl.java:add(111)) - Added a new node: /default-rack/6d5882c0-7b37-45c4-bca3-490e9467e84a
2019-10-14 13:01:54,509 [IPC Server handler 3 on 44391] INFO  node.SCMNodeManager (SCMNodeManager.java:register(268)) - Registered Data node : 6d5882c0-7b37-45c4-bca3-490e9467e84a{ip: 192.168.151.107, host: pr-hdds-2299-hlwdq-549545603, networkLocation: /default-rack, certSerialId: null}
2019-10-14 13:01:54,509 [EventQueue-NodeRegistrationContainerReportForDataNodeSafeModeRule] INFO  safemode.SCMSafeModeManager (DataNodeSafeModeRule.java:process(71)) - SCM in safe mode. 1 DataNodes registered, 1 required.
2019-10-14 13:01:54,513 [EventQueue-NodeRegistrationContainerReportForDataNodeSafeModeRule] INFO  safemode.SCMSafeModeManager (SCMSafeModeManager.java:validateSafeModeExitRules(177)) - ScmSafeModeManager, all rules are successfully validated
2019-10-14 13:01:54,513 [EventQueue-NodeRegistrationContainerReportForDataNodeSafeModeRule] INFO  safemode.SCMSafeModeManager (SCMSafeModeManager.java:exitSafeMode(193)) - SCM exiting safe mode.
2019-10-14 13:01:54,522 [grpc-default-executor-6] INFO  impl.RaftServerProxy (RaftServerProxy.java:addNew(89)) - 6d5882c0-7b37-45c4-bca3-490e9467e84a: addNew group-6EDB60B9F889:[6d5882c0-7b37-45c4-bca3-490e9467e84a:192.168.151.107:45954] returns group-6EDB60B9F889:java.util.concurrent.CompletableFuture@6ec72a57[Not completed]
2019-10-14 13:01:54,524 [pool-383-thread-1] INFO  impl.RaftServerImpl (RaftServerImpl.java:<init>(95)) - 6d5882c0-7b37-45c4-bca3-490e9467e84a: new RaftServerImpl for group-6EDB60B9F889:[6d5882c0-7b37-45c4-bca3-490e9467e84a:192.168.151.107:45954] with ContainerStateMachine:uninitialized
2019-10-14 13:01:54,524 [pool-383-thread-1] INFO  server.RaftServerConfigKeys (ConfUtils.java:logGet(43)) - raft.server.rpc.timeout.min = 5s (custom)
2019-10-14 13:01:54,525 [pool-383-thread-1] INFO  server.RaftServerConfigKeys (ConfUtils.java:logGet(43)) - raft.server.rpc.timeout.max = 5200ms (custom)
2019-10-14 13:01:54,525 [pool-383-thread-1] INFO  server.RaftServerConfigKeys (ConfUtils.java:logGet(43)) - raft.server.rpcslowness.timeout = 120s (custom)
2019-10-14 13:01:54,525 [pool-383-thread-1] INFO  server.RaftServerConfigKeys (ConfUtils.java:logGet(43)) - raft.server.sleep.deviation.threshold = 300 (default)
2019-10-14 13:01:54,525 [pool-383-thread-1] INFO  server.RaftServerConfigKeys (ConfUtils.java:logGet(43)) - raft.server.log.appender.install.snapshot.enabled = false (custom)
2019-10-14 13:01:54,525 [pool-383-thread-1] INFO  impl.RaftServerImpl (ServerState.java:<init>(103)) - 6d5882c0-7b37-45c4-bca3-490e9467e84a@group-6EDB60B9F889: ConfigurationManager, init=-1: [6d5882c0-7b37-45c4-bca3-490e9467e84a:192.168.151.107:45954], old=null, confs=<EMPTY_MAP>
2019-10-14 13:01:54,525 [pool-383-thread-1] INFO  server.RaftServerConfigKeys (ConfUtils.java:logGet(43)) - raft.server.storage.dir = [/workdir/hadoop-ozone/integration-test/target/test-dir/MiniOzoneClusterImpl-d7cc1525-03b4-4177-b7bb-10a3025151f7/datanode-0/data/ratis] (custom)
2019-10-14 13:01:54,526 [pool-383-thread-1] INFO  server.RaftServerConfigKeys (ConfUtils.java:logGet(43)) - raft.server.log.corruption.policy = EXCEPTION (default)
2019-10-14 13:01:54,526 [pool-383-thread-1] INFO  storage.RaftStorageDirectory (RaftStorageDirectory.java:analyzeStorage(246)) - The storage directory /workdir/hadoop-ozone/integration-test/target/test-dir/MiniOzoneClusterImpl-d7cc1525-03b4-4177-b7bb-10a3025151f7/datanode-0/data/ratis/53eba938-689c-49aa-8baf-6edb60b9f889 does not exist. Creating ...
2019-10-14 13:01:54,541 [pool-383-thread-1] INFO  storage.RaftStorageDirectory (RaftStorageDirectory.java:tryLock(328)) - Lock on /workdir/hadoop-ozone/integration-test/target/test-dir/MiniOzoneClusterImpl-d7cc1525-03b4-4177-b7bb-10a3025151f7/datanode-0/data/ratis/53eba938-689c-49aa-8baf-6edb60b9f889/in_use.lock acquired by nodename 26042@pr-hdds-2299-hlwdq-549545603
2019-10-14 13:01:54,555 [pool-383-thread-1] INFO  storage.RaftStorage (RaftStorage.java:format(84)) - Storage directory /workdir/hadoop-ozone/integration-test/target/test-dir/MiniOzoneClusterImpl-d7cc1525-03b4-4177-b7bb-10a3025151f7/datanode-0/data/ratis/53eba938-689c-49aa-8baf-6edb60b9f889 has been successfully formatted.
2019-10-14 13:01:54,556 [pool-383-thread-1] INFO  ratis.ContainerStateMachine (ContainerStateMachine.java:loadSnapshot(231)) - group-6EDB60B9F889: The snapshot info is null. Setting the last applied indexto:(t:0, i:~)
2019-10-14 13:01:54,556 [pool-383-thread-1] INFO  server.RaftServerConfigKeys (ConfUtils.java:logGet(43)) - raft.server.notification.no-leader.timeout = 120s (custom)
2019-10-14 13:01:54,556 [pool-383-thread-1] INFO  server.RaftServerConfigKeys (ConfUtils.java:logGet(43)) - raft.server.log.use.memory = false (default)
2019-10-14 13:01:54,556 [pool-383-thread-1] INFO  server.RaftServerConfigKeys (ConfUtils.java:logGet(43)) - raft.server.log.purge.gap = 1000000 (custom)
2019-10-14 13:01:54,557 [pool-383-thread-1] INFO  server.RaftServerConfigKeys (ConfUtils.java:logGet(43)) - raft.server.log.appender.buffer.byte-limit = 33554432 (custom)
2019-10-14 13:01:54,557 [pool-383-thread-1] INFO  server.RaftServerConfigKeys (ConfUtils.java:logGet(43)) - raft.server.log.segment.size.max = 1048576 (custom)
2019-10-14 13:01:54,559 [pool-383-thread-1] INFO  server.RaftServerConfigKeys (ConfUtils.java:logGet(43)) - raft.server.log.segment.cache.num.max = 2 (custom)
2019-10-14 13:01:54,560 [pool-383-thread-1] INFO  segmented.SegmentedRaftLogWorker (SegmentedRaftLogWorker.java:<init>(173)) - new 6d5882c0-7b37-45c4-bca3-490e9467e84a@group-6EDB60B9F889-SegmentedRaftLogWorker for RaftStorage:Storage Directory /workdir/hadoop-ozone/integration-test/target/test-dir/MiniOzoneClusterImpl-d7cc1525-03b4-4177-b7bb-10a3025151f7/datanode-0/data/ratis/53eba938-689c-49aa-8baf-6edb60b9f889
2019-10-14 13:01:54,560 [pool-383-thread-1] INFO  server.RaftServerConfigKeys (ConfUtils.java:logGet(43)) - raft.server.log.queue.byte-limit = 2147483647 (custom)
2019-10-14 13:01:54,560 [pool-383-thread-1] INFO  server.RaftServerConfigKeys (ConfUtils.java:logGet(43)) - raft.server.log.queue.element-limit = 1024 (custom)
2019-10-14 13:01:54,560 [pool-383-thread-1] INFO  server.RaftServerConfigKeys (ConfUtils.java:logGet(43)) - raft.server.log.segment.size.max = 1048576 (custom)
2019-10-14 13:01:54,560 [pool-383-thread-1] INFO  server.RaftServerConfigKeys (ConfUtils.java:logGet(43)) - raft.server.log.preallocated.size = 16384 (custom)
2019-10-14 13:01:54,560 [pool-383-thread-1] INFO  server.RaftServerConfigKeys (ConfUtils.java:logGet(43)) - raft.server.log.write.buffer.size = 33554432 (custom)
2019-10-14 13:01:54,561 [pool-383-thread-1] INFO  server.RaftServerConfigKeys (ConfUtils.java:logGet(43)) - raft.server.log.force.sync.num = 128 (default)
2019-10-14 13:01:54,561 [pool-383-thread-1] INFO  server.RaftServerConfigKeys (ConfUtils.java:logGet(43)) - raft.server.log.statemachine.data.sync = true (default)
2019-10-14 13:01:54,561 [pool-383-thread-1] INFO  server.RaftServerConfigKeys (ConfUtils.java:logGet(43)) - raft.server.log.statemachine.data.sync.timeout = 10s (default)
2019-10-14 13:01:54,561 [pool-383-thread-1] INFO  server.RaftServerConfigKeys (ConfUtils.java:logGet(43)) - raft.server.log.statemachine.data.sync.timeout.retry = -1 (default)
2019-10-14 13:01:54,562 [pool-383-thread-1] INFO  server.RaftServerConfigKeys (ConfUtils.java:logGet(43)) - raft.server.log.statemachine.data.caching.enabled = true (custom)
2019-10-14 13:01:54,562 [pool-383-thread-1] INFO  segmented.SegmentedRaftLogWorker (SegmentedRaftLogWorker.java:lambda$new$0(128)) - 6d5882c0-7b37-45c4-bca3-490e9467e84a@group-6EDB60B9F889-SegmentedRaftLogWorker: flushIndex: setUnconditionally 0 -> -1
2019-10-14 13:01:54,562 [pool-383-thread-1] INFO  server.RaftServerConfigKeys (ConfUtils.java:logGet(43)) - raft.server.snapshot.auto.trigger.enabled = true (custom)
2019-10-14 13:01:54,563 [pool-383-thread-1] INFO  server.RaftServerConfigKeys (ConfUtils.java:logGet(43)) - raft.server.snapshot.auto.trigger.threshold = 10000 (custom)
2019-10-14 13:01:54,563 [pool-383-thread-1] INFO  server.RaftServerConfigKeys (ConfUtils.java:logGet(43)) - raft.server.snapshot.retention.file.num = 5 (custom)
2019-10-14 13:01:54,563 [pool-383-thread-1] INFO  server.RaftServerConfigKeys (ConfUtils.java:logGet(43)) - raft.server.retrycache.expirytime = 600000ms (custom)
2019-10-14 13:01:54,565 [pool-383-thread-1] INFO  impl.RaftServerImpl (RaftServerImpl.java:start(181)) - 6d5882c0-7b37-45c4-bca3-490e9467e84a@group-6EDB60B9F889: start as a follower, conf=-1: [6d5882c0-7b37-45c4-bca3-490e9467e84a:192.168.151.107:45954], old=null
2019-10-14 13:01:54,565 [pool-383-thread-1] INFO  impl.RaftServerImpl (RaftServerImpl.java:setRole(170)) - 6d5882c0-7b37-45c4-bca3-490e9467e84a@group-6EDB60B9F889: changes role from      null to FOLLOWER at term 0 for startAsFollower
2019-10-14 13:01:54,565 [pool-383-thread-1] INFO  impl.RoleInfo (RoleInfo.java:updateAndGet(143)) - 6d5882c0-7b37-45c4-bca3-490e9467e84a: start FollowerState
2019-10-14 13:01:54,566 [pool-383-thread-1] INFO  util.JmxRegister (JmxRegister.java:tryRegister(44)) - Successfully registered JMX Bean with object name Ratis:service=RaftServer,group=group-6EDB60B9F889,id=6d5882c0-7b37-45c4-bca3-490e9467e84a
2019-10-14 13:01:54,571 [RatisPipelineUtilsThread] INFO  pipeline.PipelineStateManager (PipelineStateManager.java:addPipeline(56)) - Created pipeline Pipeline[ Id: 53eba938-689c-49aa-8baf-6edb60b9f889, Nodes: 6d5882c0-7b37-45c4-bca3-490e9467e84a{ip: 192.168.151.107, host: pr-hdds-2299-hlwdq-549545603, networkLocation: /default-rack, certSerialId: null}, Type:RATIS, Factor:ONE, State:OPEN]
2019-10-14 13:01:54,573 [IPC Server handler 5 on 44391] INFO  net.NetworkTopology (NetworkTopologyImpl.java:add(111)) - Added a new node: /default-rack/a6fe904f-38aa-494b-9b18-48ceaa20fa11
2019-10-14 13:01:54,573 [IPC Server handler 5 on 44391] INFO  node.SCMNodeManager (SCMNodeManager.java:register(268)) - Registered Data node : a6fe904f-38aa-494b-9b18-48ceaa20fa11{ip: 192.168.151.107, host: pr-hdds-2299-hlwdq-549545603, networkLocation: /default-rack, certSerialId: null}
2019-10-14 13:01:54,582 [grpc-default-executor-6] INFO  impl.RaftServerProxy (RaftServerProxy.java:addNew(89)) - a6fe904f-38aa-494b-9b18-48ceaa20fa11: addNew group-051E01347B52:[a6fe904f-38aa-494b-9b18-48ceaa20fa11:192.168.151.107:37214] returns group-051E01347B52:java.util.concurrent.CompletableFuture@3f60e6fd[Not completed]
2019-10-14 13:01:54,583 [pool-393-thread-1] INFO  impl.RaftServerImpl (RaftServerImpl.java:<init>(95)) - a6fe904f-38aa-494b-9b18-48ceaa20fa11: new RaftServerImpl for group-051E01347B52:[a6fe904f-38aa-494b-9b18-48ceaa20fa11:192.168.151.107:37214] with ContainerStateMachine:uninitialized
2019-10-14 13:01:54,583 [pool-393-thread-1] INFO  server.RaftServerConfigKeys (ConfUtils.java:logGet(43)) - raft.server.rpc.timeout.min = 5s (custom)
2019-10-14 13:01:54,583 [pool-393-thread-1] INFO  server.RaftServerConfigKeys (ConfUtils.java:logGet(43)) - raft.server.rpc.timeout.max = 5200ms (custom)
2019-10-14 13:01:54,584 [pool-393-thread-1] INFO  server.RaftServerConfigKeys (ConfUtils.java:logGet(43)) - raft.server.rpcslowness.timeout = 120s (custom)
2019-10-14 13:01:54,584 [pool-393-thread-1] INFO  server.RaftServerConfigKeys (ConfUtils.java:logGet(43)) - raft.server.sleep.deviation.threshold = 300 (default)
2019-10-14 13:01:54,584 [pool-393-thread-1] INFO  server.RaftServerConfigKeys (ConfUtils.java:logGet(43)) - raft.server.log.appender.install.snapshot.enabled = false (custom)
2019-10-14 13:01:54,584 [pool-393-thread-1] INFO  impl.RaftServerImpl (ServerState.java:<init>(103)) - a6fe904f-38aa-494b-9b18-48ceaa20fa11@group-051E01347B52: ConfigurationManager, init=-1: [a6fe904f-38aa-494b-9b18-48ceaa20fa11:192.168.151.107:37214], old=null, confs=<EMPTY_MAP>
2019-10-14 13:01:54,584 [pool-393-thread-1] INFO  server.RaftServerConfigKeys (ConfUtils.java:logGet(43)) - raft.server.storage.dir = [/workdir/hadoop-ozone/integration-test/target/test-dir/MiniOzoneClusterImpl-d7cc1525-03b4-4177-b7bb-10a3025151f7/datanode-1/data/ratis] (custom)
2019-10-14 13:01:54,585 [pool-393-thread-1] INFO  server.RaftServerConfigKeys (ConfUtils.java:logGet(43)) - raft.server.log.corruption.policy = EXCEPTION (default)
2019-10-14 13:01:54,585 [pool-393-thread-1] INFO  storage.RaftStorageDirectory (RaftStorageDirectory.java:analyzeStorage(246)) - The storage directory /workdir/hadoop-ozone/integration-test/target/test-dir/MiniOzoneClusterImpl-d7cc1525-03b4-4177-b7bb-10a3025151f7/datanode-1/data/ratis/f4ece0f8-7f77-4dae-8305-051e01347b52 does not exist. Creating ...
2019-10-14 13:01:54,597 [pool-393-thread-1] INFO  storage.RaftStorageDirectory (RaftStorageDirectory.java:tryLock(328)) - Lock on /workdir/hadoop-ozone/integration-test/target/test-dir/MiniOzoneClusterImpl-d7cc1525-03b4-4177-b7bb-10a3025151f7/datanode-1/data/ratis/f4ece0f8-7f77-4dae-8305-051e01347b52/in_use.lock acquired by nodename 26042@pr-hdds-2299-hlwdq-549545603
2019-10-14 13:01:54,611 [pool-393-thread-1] INFO  storage.RaftStorage (RaftStorage.java:format(84)) - Storage directory /workdir/hadoop-ozone/integration-test/target/test-dir/MiniOzoneClusterImpl-d7cc1525-03b4-4177-b7bb-10a3025151f7/datanode-1/data/ratis/f4ece0f8-7f77-4dae-8305-051e01347b52 has been successfully formatted.
2019-10-14 13:01:54,611 [pool-393-thread-1] INFO  ratis.ContainerStateMachine (ContainerStateMachine.java:loadSnapshot(231)) - group-051E01347B52: The snapshot info is null. Setting the last applied indexto:(t:0, i:~)
2019-10-14 13:01:54,611 [pool-393-thread-1] INFO  server.RaftServerConfigKeys (ConfUtils.java:logGet(43)) - raft.server.notification.no-leader.timeout = 120s (custom)
2019-10-14 13:01:54,611 [pool-393-thread-1] INFO  server.RaftServerConfigKeys (ConfUtils.java:logGet(43)) - raft.server.log.use.memory = false (default)
2019-10-14 13:01:54,611 [pool-393-thread-1] INFO  server.RaftServerConfigKeys (ConfUtils.java:logGet(43)) - raft.server.log.purge.gap = 1000000 (custom)
2019-10-14 13:01:54,611 [pool-393-thread-1] INFO  server.RaftServerConfigKeys (ConfUtils.java:logGet(43)) - raft.server.log.appender.buffer.byte-limit = 33554432 (custom)
2019-10-14 13:01:54,612 [pool-393-thread-1] INFO  server.RaftServerConfigKeys (ConfUtils.java:logGet(43)) - raft.server.log.segment.size.max = 1048576 (custom)
2019-10-14 13:01:54,613 [pool-393-thread-1] INFO  server.RaftServerConfigKeys (ConfUtils.java:logGet(43)) - raft.server.log.segment.cache.num.max = 2 (custom)
2019-10-14 13:01:54,613 [pool-393-thread-1] INFO  segmented.SegmentedRaftLogWorker (SegmentedRaftLogWorker.java:<init>(173)) - new a6fe904f-38aa-494b-9b18-48ceaa20fa11@group-051E01347B52-SegmentedRaftLogWorker for RaftStorage:Storage Directory /workdir/hadoop-ozone/integration-test/target/test-dir/MiniOzoneClusterImpl-d7cc1525-03b4-4177-b7bb-10a3025151f7/datanode-1/data/ratis/f4ece0f8-7f77-4dae-8305-051e01347b52
2019-10-14 13:01:54,614 [pool-393-thread-1] INFO  server.RaftServerConfigKeys (ConfUtils.java:logGet(43)) - raft.server.log.queue.byte-limit = 2147483647 (custom)
2019-10-14 13:01:54,614 [pool-393-thread-1] INFO  server.RaftServerConfigKeys (ConfUtils.java:logGet(43)) - raft.server.log.queue.element-limit = 1024 (custom)
2019-10-14 13:01:54,614 [pool-393-thread-1] INFO  server.RaftServerConfigKeys (ConfUtils.java:logGet(43)) - raft.server.log.segment.size.max = 1048576 (custom)
2019-10-14 13:01:54,614 [pool-393-thread-1] INFO  server.RaftServerConfigKeys (ConfUtils.java:logGet(43)) - raft.server.log.preallocated.size = 16384 (custom)
2019-10-14 13:01:54,614 [pool-393-thread-1] INFO  server.RaftServerConfigKeys (ConfUtils.java:logGet(43)) - raft.server.log.write.buffer.size = 33554432 (custom)
2019-10-14 13:01:54,614 [pool-393-thread-1] INFO  server.RaftServerConfigKeys (ConfUtils.java:logGet(43)) - raft.server.log.force.sync.num = 128 (default)
2019-10-14 13:01:54,614 [pool-393-thread-1] INFO  server.RaftServerConfigKeys (ConfUtils.java:logGet(43)) - raft.server.log.statemachine.data.sync = true (default)
2019-10-14 13:01:54,614 [pool-393-thread-1] INFO  server.RaftServerConfigKeys (ConfUtils.java:logGet(43)) - raft.server.log.statemachine.data.sync.timeout = 10s (default)
2019-10-14 13:01:54,615 [pool-393-thread-1] INFO  server.RaftServerConfigKeys (ConfUtils.java:logGet(43)) - raft.server.log.statemachine.data.sync.timeout.retry = -1 (default)
2019-10-14 13:01:54,615 [pool-393-thread-1] INFO  server.RaftServerConfigKeys (ConfUtils.java:logGet(43)) - raft.server.log.statemachine.data.caching.enabled = true (custom)
2019-10-14 13:01:54,615 [pool-393-thread-1] INFO  segmented.SegmentedRaftLogWorker (SegmentedRaftLogWorker.java:lambda$new$0(128)) - a6fe904f-38aa-494b-9b18-48ceaa20fa11@group-051E01347B52-SegmentedRaftLogWorker: flushIndex: setUnconditionally 0 -> -1
2019-10-14 13:01:54,616 [pool-393-thread-1] INFO  server.RaftServerConfigKeys (ConfUtils.java:logGet(43)) - raft.server.snapshot.auto.trigger.enabled = true (custom)
2019-10-14 13:01:54,616 [pool-393-thread-1] INFO  server.RaftServerConfigKeys (ConfUtils.java:logGet(43)) - raft.server.snapshot.auto.trigger.threshold = 10000 (custom)
2019-10-14 13:01:54,616 [pool-393-thread-1] INFO  server.RaftServerConfigKeys (ConfUtils.java:logGet(43)) - raft.server.snapshot.retention.file.num = 5 (custom)
2019-10-14 13:01:54,616 [pool-393-thread-1] INFO  server.RaftServerConfigKeys (ConfUtils.java:logGet(43)) - raft.server.retrycache.expirytime = 600000ms (custom)
2019-10-14 13:01:54,618 [pool-393-thread-1] INFO  impl.RaftServerImpl (RaftServerImpl.java:start(181)) - a6fe904f-38aa-494b-9b18-48ceaa20fa11@group-051E01347B52: start as a follower, conf=-1: [a6fe904f-38aa-494b-9b18-48ceaa20fa11:192.168.151.107:37214], old=null
2019-10-14 13:01:54,618 [pool-393-thread-1] INFO  impl.RaftServerImpl (RaftServerImpl.java:setRole(170)) - a6fe904f-38aa-494b-9b18-48ceaa20fa11@group-051E01347B52: changes role from      null to FOLLOWER at term 0 for startAsFollower
2019-10-14 13:01:54,618 [pool-393-thread-1] INFO  impl.RoleInfo (RoleInfo.java:updateAndGet(143)) - a6fe904f-38aa-494b-9b18-48ceaa20fa11: start FollowerState
2019-10-14 13:01:54,618 [pool-393-thread-1] INFO  util.JmxRegister (JmxRegister.java:tryRegister(44)) - Successfully registered JMX Bean with object name Ratis:service=RaftServer,group=group-051E01347B52,id=a6fe904f-38aa-494b-9b18-48ceaa20fa11
2019-10-14 13:01:54,622 [RatisPipelineUtilsThread] INFO  pipeline.PipelineStateManager (PipelineStateManager.java:addPipeline(56)) - Created pipeline Pipeline[ Id: f4ece0f8-7f77-4dae-8305-051e01347b52, Nodes: a6fe904f-38aa-494b-9b18-48ceaa20fa11{ip: 192.168.151.107, host: pr-hdds-2299-hlwdq-549545603, networkLocation: /default-rack, certSerialId: null}, Type:RATIS, Factor:ONE, State:OPEN]
2019-10-14 13:01:54,652 [IPC Server handler 4 on 44391] INFO  net.NetworkTopology (NetworkTopologyImpl.java:add(111)) - Added a new node: /default-rack/72560939-34a3-48e9-b1ac-5ff43108b5ce
2019-10-14 13:01:54,652 [IPC Server handler 4 on 44391] INFO  node.SCMNodeManager (SCMNodeManager.java:register(268)) - Registered Data node : 72560939-34a3-48e9-b1ac-5ff43108b5ce{ip: 192.168.151.107, host: pr-hdds-2299-hlwdq-549545603, networkLocation: /default-rack, certSerialId: null}
2019-10-14 13:01:54,662 [grpc-default-executor-6] INFO  impl.RaftServerProxy (RaftServerProxy.java:addNew(89)) - 72560939-34a3-48e9-b1ac-5ff43108b5ce: addNew group-E35994D095BB:[72560939-34a3-48e9-b1ac-5ff43108b5ce:192.168.151.107:44441] returns group-E35994D095BB:java.util.concurrent.CompletableFuture@5ec0d681[Not completed]
2019-10-14 13:01:54,663 [pool-403-thread-1] INFO  impl.RaftServerImpl (RaftServerImpl.java:<init>(95)) - 72560939-34a3-48e9-b1ac-5ff43108b5ce: new RaftServerImpl for group-E35994D095BB:[72560939-34a3-48e9-b1ac-5ff43108b5ce:192.168.151.107:44441] with ContainerStateMachine:uninitialized
2019-10-14 13:01:54,663 [pool-403-thread-1] INFO  server.RaftServerConfigKeys (ConfUtils.java:logGet(43)) - raft.server.rpc.timeout.min = 5s (custom)
2019-10-14 13:01:54,663 [pool-403-thread-1] INFO  server.RaftServerConfigKeys (ConfUtils.java:logGet(43)) - raft.server.rpc.timeout.max = 5200ms (custom)
2019-10-14 13:01:54,664 [pool-403-thread-1] INFO  server.RaftServerConfigKeys (ConfUtils.java:logGet(43)) - raft.server.rpcslowness.timeout = 120s (custom)
2019-10-14 13:01:54,664 [pool-403-thread-1] INFO  server.RaftServerConfigKeys (ConfUtils.java:logGet(43)) - raft.server.sleep.deviation.threshold = 300 (default)
2019-10-14 13:01:54,664 [pool-403-thread-1] INFO  server.RaftServerConfigKeys (ConfUtils.java:logGet(43)) - raft.server.log.appender.install.snapshot.enabled = false (custom)
2019-10-14 13:01:54,664 [pool-403-thread-1] INFO  impl.RaftServerImpl (ServerState.java:<init>(103)) - 72560939-34a3-48e9-b1ac-5ff43108b5ce@group-E35994D095BB: ConfigurationManager, init=-1: [72560939-34a3-48e9-b1ac-5ff43108b5ce:192.168.151.107:44441], old=null, confs=<EMPTY_MAP>
2019-10-14 13:01:54,664 [pool-403-thread-1] INFO  server.RaftServerConfigKeys (ConfUtils.java:logGet(43)) - raft.server.storage.dir = [/workdir/hadoop-ozone/integration-test/target/test-dir/MiniOzoneClusterImpl-d7cc1525-03b4-4177-b7bb-10a3025151f7/datanode-2/data/ratis] (custom)
2019-10-14 13:01:54,664 [pool-403-thread-1] INFO  server.RaftServerConfigKeys (ConfUtils.java:logGet(43)) - raft.server.log.corruption.policy = EXCEPTION (default)
2019-10-14 13:01:54,664 [pool-403-thread-1] INFO  storage.RaftStorageDirectory (RaftStorageDirectory.java:analyzeStorage(246)) - The storage directory /workdir/hadoop-ozone/integration-test/target/test-dir/MiniOzoneClusterImpl-d7cc1525-03b4-4177-b7bb-10a3025151f7/datanode-2/data/ratis/44700175-72b9-4090-bc42-e35994d095bb does not exist. Creating ...
2019-10-14 13:01:54,676 [pool-403-thread-1] INFO  storage.RaftStorageDirectory (RaftStorageDirectory.java:tryLock(328)) - Lock on /workdir/hadoop-ozone/integration-test/target/test-dir/MiniOzoneClusterImpl-d7cc1525-03b4-4177-b7bb-10a3025151f7/datanode-2/data/ratis/44700175-72b9-4090-bc42-e35994d095bb/in_use.lock acquired by nodename 26042@pr-hdds-2299-hlwdq-549545603
2019-10-14 13:01:54,690 [pool-403-thread-1] INFO  storage.RaftStorage (RaftStorage.java:format(84)) - Storage directory /workdir/hadoop-ozone/integration-test/target/test-dir/MiniOzoneClusterImpl-d7cc1525-03b4-4177-b7bb-10a3025151f7/datanode-2/data/ratis/44700175-72b9-4090-bc42-e35994d095bb has been successfully formatted.
2019-10-14 13:01:54,690 [pool-403-thread-1] INFO  ratis.ContainerStateMachine (ContainerStateMachine.java:loadSnapshot(231)) - group-E35994D095BB: The snapshot info is null. Setting the last applied indexto:(t:0, i:~)
2019-10-14 13:01:54,690 [pool-403-thread-1] INFO  server.RaftServerConfigKeys (ConfUtils.java:logGet(43)) - raft.server.notification.no-leader.timeout = 120s (custom)
2019-10-14 13:01:54,690 [pool-403-thread-1] INFO  server.RaftServerConfigKeys (ConfUtils.java:logGet(43)) - raft.server.log.use.memory = false (default)
2019-10-14 13:01:54,691 [pool-403-thread-1] INFO  server.RaftServerConfigKeys (ConfUtils.java:logGet(43)) - raft.server.log.purge.gap = 1000000 (custom)
2019-10-14 13:01:54,691 [pool-403-thread-1] INFO  server.RaftServerConfigKeys (ConfUtils.java:logGet(43)) - raft.server.log.appender.buffer.byte-limit = 33554432 (custom)
2019-10-14 13:01:54,691 [pool-403-thread-1] INFO  server.RaftServerConfigKeys (ConfUtils.java:logGet(43)) - raft.server.log.segment.size.max = 1048576 (custom)
2019-10-14 13:01:54,692 [pool-403-thread-1] INFO  server.RaftServerConfigKeys (ConfUtils.java:logGet(43)) - raft.server.log.segment.cache.num.max = 2 (custom)
2019-10-14 13:01:54,692 [pool-403-thread-1] INFO  segmented.SegmentedRaftLogWorker (SegmentedRaftLogWorker.java:<init>(173)) - new 72560939-34a3-48e9-b1ac-5ff43108b5ce@group-E35994D095BB-SegmentedRaftLogWorker for RaftStorage:Storage Directory /workdir/hadoop-ozone/integration-test/target/test-dir/MiniOzoneClusterImpl-d7cc1525-03b4-4177-b7bb-10a3025151f7/datanode-2/data/ratis/44700175-72b9-4090-bc42-e35994d095bb
2019-10-14 13:01:54,692 [pool-403-thread-1] INFO  server.RaftServerConfigKeys (ConfUtils.java:logGet(43)) - raft.server.log.queue.byte-limit = 2147483647 (custom)
2019-10-14 13:01:54,692 [pool-403-thread-1] INFO  server.RaftServerConfigKeys (ConfUtils.java:logGet(43)) - raft.server.log.queue.element-limit = 1024 (custom)
2019-10-14 13:01:54,692 [pool-403-thread-1] INFO  server.RaftServerConfigKeys (ConfUtils.java:logGet(43)) - raft.server.log.segment.size.max = 1048576 (custom)
2019-10-14 13:01:54,692 [pool-403-thread-1] INFO  server.RaftServerConfigKeys (ConfUtils.java:logGet(43)) - raft.server.log.preallocated.size = 16384 (custom)
2019-10-14 13:01:54,692 [pool-403-thread-1] INFO  server.RaftServerConfigKeys (ConfUtils.java:logGet(43)) - raft.server.log.write.buffer.size = 33554432 (custom)
2019-10-14 13:01:54,693 [pool-403-thread-1] INFO  server.RaftServerConfigKeys (ConfUtils.java:logGet(43)) - raft.server.log.force.sync.num = 128 (default)
2019-10-14 13:01:54,693 [pool-403-thread-1] INFO  server.RaftServerConfigKeys (ConfUtils.java:logGet(43)) - raft.server.log.statemachine.data.sync = true (default)
2019-10-14 13:01:54,693 [pool-403-thread-1] INFO  server.RaftServerConfigKeys (ConfUtils.java:logGet(43)) - raft.server.log.statemachine.data.sync.timeout = 10s (default)
2019-10-14 13:01:54,693 [pool-403-thread-1] INFO  server.RaftServerConfigKeys (ConfUtils.java:logGet(43)) - raft.server.log.statemachine.data.sync.timeout.retry = -1 (default)
2019-10-14 13:01:54,693 [pool-403-thread-1] INFO  server.RaftServerConfigKeys (ConfUtils.java:logGet(43)) - raft.server.log.statemachine.data.caching.enabled = true (custom)
2019-10-14 13:01:54,693 [pool-403-thread-1] INFO  segmented.SegmentedRaftLogWorker (SegmentedRaftLogWorker.java:lambda$new$0(128)) - 72560939-34a3-48e9-b1ac-5ff43108b5ce@group-E35994D095BB-SegmentedRaftLogWorker: flushIndex: setUnconditionally 0 -> -1
2019-10-14 13:01:54,693 [pool-403-thread-1] INFO  server.RaftServerConfigKeys (ConfUtils.java:logGet(43)) - raft.server.snapshot.auto.trigger.enabled = true (custom)
2019-10-14 13:01:54,694 [pool-403-thread-1] INFO  server.RaftServerConfigKeys (ConfUtils.java:logGet(43)) - raft.server.snapshot.auto.trigger.threshold = 10000 (custom)
2019-10-14 13:01:54,694 [pool-403-thread-1] INFO  server.RaftServerConfigKeys (ConfUtils.java:logGet(43)) - raft.server.snapshot.retention.file.num = 5 (custom)
2019-10-14 13:01:54,694 [pool-403-thread-1] INFO  server.RaftServerConfigKeys (ConfUtils.java:logGet(43)) - raft.server.retrycache.expirytime = 600000ms (custom)
2019-10-14 13:01:54,695 [pool-403-thread-1] INFO  impl.RaftServerImpl (RaftServerImpl.java:start(181)) - 72560939-34a3-48e9-b1ac-5ff43108b5ce@group-E35994D095BB: start as a follower, conf=-1: [72560939-34a3-48e9-b1ac-5ff43108b5ce:192.168.151.107:44441], old=null
2019-10-14 13:01:54,695 [pool-403-thread-1] INFO  impl.RaftServerImpl (RaftServerImpl.java:setRole(170)) - 72560939-34a3-48e9-b1ac-5ff43108b5ce@group-E35994D095BB: changes role from      null to FOLLOWER at term 0 for startAsFollower
2019-10-14 13:01:54,695 [pool-403-thread-1] INFO  impl.RoleInfo (RoleInfo.java:updateAndGet(143)) - 72560939-34a3-48e9-b1ac-5ff43108b5ce: start FollowerState
2019-10-14 13:01:54,695 [pool-403-thread-1] INFO  util.JmxRegister (JmxRegister.java:tryRegister(44)) - Successfully registered JMX Bean with object name Ratis:service=RaftServer,group=group-E35994D095BB,id=72560939-34a3-48e9-b1ac-5ff43108b5ce
2019-10-14 13:01:54,698 [RatisPipelineUtilsThread] INFO  pipeline.PipelineStateManager (PipelineStateManager.java:addPipeline(56)) - Created pipeline Pipeline[ Id: 44700175-72b9-4090-bc42-e35994d095bb, Nodes: 72560939-34a3-48e9-b1ac-5ff43108b5ce{ip: 192.168.151.107, host: pr-hdds-2299-hlwdq-549545603, networkLocation: /default-rack, certSerialId: null}, Type:RATIS, Factor:ONE, State:OPEN]
2019-10-14 13:01:54,712 [grpc-default-executor-7] INFO  impl.RaftServerProxy (RaftServerProxy.java:addNew(89)) - 6d5882c0-7b37-45c4-bca3-490e9467e84a: addNew group-DFADC55D3820:[a6fe904f-38aa-494b-9b18-48ceaa20fa11:192.168.151.107:37214, 6d5882c0-7b37-45c4-bca3-490e9467e84a:192.168.151.107:45954, 72560939-34a3-48e9-b1ac-5ff43108b5ce:192.168.151.107:44441] returns group-DFADC55D3820:java.util.concurrent.CompletableFuture@5ff103f8[Not completed]
2019-10-14 13:01:54,712 [grpc-default-executor-6] INFO  impl.RaftServerProxy (RaftServerProxy.java:addNew(89)) - a6fe904f-38aa-494b-9b18-48ceaa20fa11: addNew group-DFADC55D3820:[a6fe904f-38aa-494b-9b18-48ceaa20fa11:192.168.151.107:37214, 6d5882c0-7b37-45c4-bca3-490e9467e84a:192.168.151.107:45954, 72560939-34a3-48e9-b1ac-5ff43108b5ce:192.168.151.107:44441] returns group-DFADC55D3820:java.util.concurrent.CompletableFuture@19445aed[Not completed]
2019-10-14 13:01:54,712 [grpc-default-executor-1] INFO  impl.RaftServerProxy (RaftServerProxy.java:addNew(89)) - 72560939-34a3-48e9-b1ac-5ff43108b5ce: addNew group-DFADC55D3820:[a6fe904f-38aa-494b-9b18-48ceaa20fa11:192.168.151.107:37214, 6d5882c0-7b37-45c4-bca3-490e9467e84a:192.168.151.107:45954, 72560939-34a3-48e9-b1ac-5ff43108b5ce:192.168.151.107:44441] returns group-DFADC55D3820:java.util.concurrent.CompletableFuture@476767b1[Not completed]
2019-10-14 13:01:54,713 [pool-393-thread-1] INFO  impl.RaftServerImpl (RaftServerImpl.java:<init>(95)) - a6fe904f-38aa-494b-9b18-48ceaa20fa11: new RaftServerImpl for group-DFADC55D3820:[a6fe904f-38aa-494b-9b18-48ceaa20fa11:192.168.151.107:37214, 6d5882c0-7b37-45c4-bca3-490e9467e84a:192.168.151.107:45954, 72560939-34a3-48e9-b1ac-5ff43108b5ce:192.168.151.107:44441] with ContainerStateMachine:uninitialized
2019-10-14 13:01:54,714 [pool-393-thread-1] INFO  server.RaftServerConfigKeys (ConfUtils.java:logGet(43)) - raft.server.rpc.timeout.min = 5s (custom)
2019-10-14 13:01:54,714 [pool-393-thread-1] INFO  server.RaftServerConfigKeys (ConfUtils.java:logGet(43)) - raft.server.rpc.timeout.max = 5200ms (custom)
2019-10-14 13:01:54,714 [pool-393-thread-1] INFO  server.RaftServerConfigKeys (ConfUtils.java:logGet(43)) - raft.server.rpcslowness.timeout = 120s (custom)
2019-10-14 13:01:54,714 [pool-393-thread-1] INFO  server.RaftServerConfigKeys (ConfUtils.java:logGet(43)) - raft.server.sleep.deviation.threshold = 300 (default)
2019-10-14 13:01:54,714 [pool-393-thread-1] INFO  server.RaftServerConfigKeys (ConfUtils.java:logGet(43)) - raft.server.log.appender.install.snapshot.enabled = false (custom)
2019-10-14 13:01:54,714 [pool-393-thread-1] INFO  impl.RaftServerImpl (ServerState.java:<init>(103)) - a6fe904f-38aa-494b-9b18-48ceaa20fa11@group-DFADC55D3820: ConfigurationManager, init=-1: [a6fe904f-38aa-494b-9b18-48ceaa20fa11:192.168.151.107:37214, 6d5882c0-7b37-45c4-bca3-490e9467e84a:192.168.151.107:45954, 72560939-34a3-48e9-b1ac-5ff43108b5ce:192.168.151.107:44441], old=null, confs=<EMPTY_MAP>
2019-10-14 13:01:54,714 [pool-393-thread-1] INFO  server.RaftServerConfigKeys (ConfUtils.java:logGet(43)) - raft.server.storage.dir = [/workdir/hadoop-ozone/integration-test/target/test-dir/MiniOzoneClusterImpl-d7cc1525-03b4-4177-b7bb-10a3025151f7/datanode-1/data/ratis] (custom)
2019-10-14 13:01:54,714 [pool-403-thread-1] INFO  impl.RaftServerImpl (RaftServerImpl.java:<init>(95)) - 72560939-34a3-48e9-b1ac-5ff43108b5ce: new RaftServerImpl for group-DFADC55D3820:[a6fe904f-38aa-494b-9b18-48ceaa20fa11:192.168.151.107:37214, 6d5882c0-7b37-45c4-bca3-490e9467e84a:192.168.151.107:45954, 72560939-34a3-48e9-b1ac-5ff43108b5ce:192.168.151.107:44441] with ContainerStateMachine:uninitialized
2019-10-14 13:01:54,714 [pool-393-thread-1] INFO  server.RaftServerConfigKeys (ConfUtils.java:logGet(43)) - raft.server.log.corruption.policy = EXCEPTION (default)
2019-10-14 13:01:54,714 [pool-403-thread-1] INFO  server.RaftServerConfigKeys (ConfUtils.java:logGet(43)) - raft.server.rpc.timeout.min = 5s (custom)
2019-10-14 13:01:54,714 [pool-393-thread-1] INFO  storage.RaftStorageDirectory (RaftStorageDirectory.java:analyzeStorage(246)) - The storage directory /workdir/hadoop-ozone/integration-test/target/test-dir/MiniOzoneClusterImpl-d7cc1525-03b4-4177-b7bb-10a3025151f7/datanode-1/data/ratis/3101678d-6abb-4f79-918d-dfadc55d3820 does not exist. Creating ...
2019-10-14 13:01:54,715 [pool-403-thread-1] INFO  server.RaftServerConfigKeys (ConfUtils.java:logGet(43)) - raft.server.rpc.timeout.max = 5200ms (custom)
2019-10-14 13:01:54,715 [pool-403-thread-1] INFO  server.RaftServerConfigKeys (ConfUtils.java:logGet(43)) - raft.server.rpcslowness.timeout = 120s (custom)
2019-10-14 13:01:54,715 [pool-403-thread-1] INFO  server.RaftServerConfigKeys (ConfUtils.java:logGet(43)) - raft.server.sleep.deviation.threshold = 300 (default)
2019-10-14 13:01:54,715 [pool-383-thread-1] INFO  impl.RaftServerImpl (RaftServerImpl.java:<init>(95)) - 6d5882c0-7b37-45c4-bca3-490e9467e84a: new RaftServerImpl for group-DFADC55D3820:[a6fe904f-38aa-494b-9b18-48ceaa20fa11:192.168.151.107:37214, 6d5882c0-7b37-45c4-bca3-490e9467e84a:192.168.151.107:45954, 72560939-34a3-48e9-b1ac-5ff43108b5ce:192.168.151.107:44441] with ContainerStateMachine:uninitialized
2019-10-14 13:01:54,715 [pool-403-thread-1] INFO  server.RaftServerConfigKeys (ConfUtils.java:logGet(43)) - raft.server.log.appender.install.snapshot.enabled = false (custom)
2019-10-14 13:01:54,715 [pool-383-thread-1] INFO  server.RaftServerConfigKeys (ConfUtils.java:logGet(43)) - raft.server.rpc.timeout.min = 5s (custom)
2019-10-14 13:01:54,715 [pool-403-thread-1] INFO  impl.RaftServerImpl (ServerState.java:<init>(103)) - 72560939-34a3-48e9-b1ac-5ff43108b5ce@group-DFADC55D3820: ConfigurationManager, init=-1: [a6fe904f-38aa-494b-9b18-48ceaa20fa11:192.168.151.107:37214, 6d5882c0-7b37-45c4-bca3-490e9467e84a:192.168.151.107:45954, 72560939-34a3-48e9-b1ac-5ff43108b5ce:192.168.151.107:44441], old=null, confs=<EMPTY_MAP>
2019-10-14 13:01:54,716 [pool-383-thread-1] INFO  server.RaftServerConfigKeys (ConfUtils.java:logGet(43)) - raft.server.rpc.timeout.max = 5200ms (custom)
2019-10-14 13:01:54,716 [pool-403-thread-1] INFO  server.RaftServerConfigKeys (ConfUtils.java:logGet(43)) - raft.server.storage.dir = [/workdir/hadoop-ozone/integration-test/target/test-dir/MiniOzoneClusterImpl-d7cc1525-03b4-4177-b7bb-10a3025151f7/datanode-2/data/ratis] (custom)
2019-10-14 13:01:54,716 [pool-383-thread-1] INFO  server.RaftServerConfigKeys (ConfUtils.java:logGet(43)) - raft.server.rpcslowness.timeout = 120s (custom)
2019-10-14 13:01:54,716 [pool-403-thread-1] INFO  server.RaftServerConfigKeys (ConfUtils.java:logGet(43)) - raft.server.log.corruption.policy = EXCEPTION (default)
2019-10-14 13:01:54,716 [pool-383-thread-1] INFO  server.RaftServerConfigKeys (ConfUtils.java:logGet(43)) - raft.server.sleep.deviation.threshold = 300 (default)
2019-10-14 13:01:54,716 [pool-403-thread-1] INFO  storage.RaftStorageDirectory (RaftStorageDirectory.java:analyzeStorage(246)) - The storage directory /workdir/hadoop-ozone/integration-test/target/test-dir/MiniOzoneClusterImpl-d7cc1525-03b4-4177-b7bb-10a3025151f7/datanode-2/data/ratis/3101678d-6abb-4f79-918d-dfadc55d3820 does not exist. Creating ...
2019-10-14 13:01:54,716 [pool-383-thread-1] INFO  server.RaftServerConfigKeys (ConfUtils.java:logGet(43)) - raft.server.log.appender.install.snapshot.enabled = false (custom)
2019-10-14 13:01:54,717 [pool-383-thread-1] INFO  impl.RaftServerImpl (ServerState.java:<init>(103)) - 6d5882c0-7b37-45c4-bca3-490e9467e84a@group-DFADC55D3820: ConfigurationManager, init=-1: [a6fe904f-38aa-494b-9b18-48ceaa20fa11:192.168.151.107:37214, 6d5882c0-7b37-45c4-bca3-490e9467e84a:192.168.151.107:45954, 72560939-34a3-48e9-b1ac-5ff43108b5ce:192.168.151.107:44441], old=null, confs=<EMPTY_MAP>
2019-10-14 13:01:54,717 [pool-383-thread-1] INFO  server.RaftServerConfigKeys (ConfUtils.java:logGet(43)) - raft.server.storage.dir = [/workdir/hadoop-ozone/integration-test/target/test-dir/MiniOzoneClusterImpl-d7cc1525-03b4-4177-b7bb-10a3025151f7/datanode-0/data/ratis] (custom)
2019-10-14 13:01:54,717 [pool-383-thread-1] INFO  server.RaftServerConfigKeys (ConfUtils.java:logGet(43)) - raft.server.log.corruption.policy = EXCEPTION (default)
2019-10-14 13:01:54,718 [pool-383-thread-1] INFO  storage.RaftStorageDirectory (RaftStorageDirectory.java:analyzeStorage(246)) - The storage directory /workdir/hadoop-ozone/integration-test/target/test-dir/MiniOzoneClusterImpl-d7cc1525-03b4-4177-b7bb-10a3025151f7/datanode-0/data/ratis/3101678d-6abb-4f79-918d-dfadc55d3820 does not exist. Creating ...
2019-10-14 13:01:54,729 [pool-383-thread-1] INFO  storage.RaftStorageDirectory (RaftStorageDirectory.java:tryLock(328)) - Lock on /workdir/hadoop-ozone/integration-test/target/test-dir/MiniOzoneClusterImpl-d7cc1525-03b4-4177-b7bb-10a3025151f7/datanode-0/data/ratis/3101678d-6abb-4f79-918d-dfadc55d3820/in_use.lock acquired by nodename 26042@pr-hdds-2299-hlwdq-549545603
2019-10-14 13:01:54,729 [pool-393-thread-1] INFO  storage.RaftStorageDirectory (RaftStorageDirectory.java:tryLock(328)) - Lock on /workdir/hadoop-ozone/integration-test/target/test-dir/MiniOzoneClusterImpl-d7cc1525-03b4-4177-b7bb-10a3025151f7/datanode-1/data/ratis/3101678d-6abb-4f79-918d-dfadc55d3820/in_use.lock acquired by nodename 26042@pr-hdds-2299-hlwdq-549545603
2019-10-14 13:01:54,729 [pool-403-thread-1] INFO  storage.RaftStorageDirectory (RaftStorageDirectory.java:tryLock(328)) - Lock on /workdir/hadoop-ozone/integration-test/target/test-dir/MiniOzoneClusterImpl-d7cc1525-03b4-4177-b7bb-10a3025151f7/datanode-2/data/ratis/3101678d-6abb-4f79-918d-dfadc55d3820/in_use.lock acquired by nodename 26042@pr-hdds-2299-hlwdq-549545603
2019-10-14 13:01:54,729 [IPC Server handler 2 on 44391] INFO  net.NetworkTopology (NetworkTopologyImpl.java:add(111)) - Added a new node: /default-rack/d38974ca-1524-4a91-a493-cc1ecc29d194
2019-10-14 13:01:54,729 [IPC Server handler 2 on 44391] INFO  node.SCMNodeManager (SCMNodeManager.java:register(268)) - Registered Data node : d38974ca-1524-4a91-a493-cc1ecc29d194{ip: 192.168.151.107, host: pr-hdds-2299-hlwdq-549545603, networkLocation: /default-rack, certSerialId: null}
2019-10-14 13:01:54,743 [pool-383-thread-1] INFO  storage.RaftStorage (RaftStorage.java:format(84)) - Storage directory /workdir/hadoop-ozone/integration-test/target/test-dir/MiniOzoneClusterImpl-d7cc1525-03b4-4177-b7bb-10a3025151f7/datanode-0/data/ratis/3101678d-6abb-4f79-918d-dfadc55d3820 has been successfully formatted.
2019-10-14 13:01:54,743 [pool-403-thread-1] INFO  storage.RaftStorage (RaftStorage.java:format(84)) - Storage directory /workdir/hadoop-ozone/integration-test/target/test-dir/MiniOzoneClusterImpl-d7cc1525-03b4-4177-b7bb-10a3025151f7/datanode-2/data/ratis/3101678d-6abb-4f79-918d-dfadc55d3820 has been successfully formatted.
2019-10-14 13:01:54,743 [pool-383-thread-1] INFO  ratis.ContainerStateMachine (ContainerStateMachine.java:loadSnapshot(231)) - group-DFADC55D3820: The snapshot info is null. Setting the last applied indexto:(t:0, i:~)
2019-10-14 13:01:54,743 [pool-403-thread-1] INFO  ratis.ContainerStateMachine (ContainerStateMachine.java:loadSnapshot(231)) - group-DFADC55D3820: The snapshot info is null. Setting the last applied indexto:(t:0, i:~)
2019-10-14 13:01:54,743 [pool-393-thread-1] INFO  storage.RaftStorage (RaftStorage.java:format(84)) - Storage directory /workdir/hadoop-ozone/integration-test/target/test-dir/MiniOzoneClusterImpl-d7cc1525-03b4-4177-b7bb-10a3025151f7/datanode-1/data/ratis/3101678d-6abb-4f79-918d-dfadc55d3820 has been successfully formatted.
2019-10-14 13:01:54,743 [pool-403-thread-1] INFO  server.RaftServerConfigKeys (ConfUtils.java:logGet(43)) - raft.server.notification.no-leader.timeout = 120s (custom)
2019-10-14 13:01:54,743 [pool-383-thread-1] INFO  server.RaftServerConfigKeys (ConfUtils.java:logGet(43)) - raft.server.notification.no-leader.timeout = 120s (custom)
2019-10-14 13:01:54,744 [pool-403-thread-1] INFO  server.RaftServerConfigKeys (ConfUtils.java:logGet(43)) - raft.server.log.use.memory = false (default)
2019-10-14 13:01:54,743 [pool-393-thread-1] INFO  ratis.ContainerStateMachine (ContainerStateMachine.java:loadSnapshot(231)) - group-DFADC55D3820: The snapshot info is null. Setting the last applied indexto:(t:0, i:~)
2019-10-14 13:01:54,744 [pool-403-thread-1] INFO  server.RaftServerConfigKeys (ConfUtils.java:logGet(43)) - raft.server.log.purge.gap = 1000000 (custom)
2019-10-14 13:01:54,744 [pool-383-thread-1] INFO  server.RaftServerConfigKeys (ConfUtils.java:logGet(43)) - raft.server.log.use.memory = false (default)
2019-10-14 13:01:54,744 [pool-403-thread-1] INFO  server.RaftServerConfigKeys (ConfUtils.java:logGet(43)) - raft.server.log.appender.buffer.byte-limit = 33554432 (custom)
2019-10-14 13:01:54,744 [pool-393-thread-1] INFO  server.RaftServerConfigKeys (ConfUtils.java:logGet(43)) - raft.server.notification.no-leader.timeout = 120s (custom)
2019-10-14 13:01:54,744 [pool-403-thread-1] INFO  server.RaftServerConfigKeys (ConfUtils.java:logGet(43)) - raft.server.log.segment.size.max = 1048576 (custom)
2019-10-14 13:01:54,744 [pool-383-thread-1] INFO  server.RaftServerConfigKeys (ConfUtils.java:logGet(43)) - raft.server.log.purge.gap = 1000000 (custom)
2019-10-14 13:01:54,745 [pool-403-thread-1] INFO  server.RaftServerConfigKeys (ConfUtils.java:logGet(43)) - raft.server.log.segment.cache.num.max = 2 (custom)
2019-10-14 13:01:54,744 [pool-393-thread-1] INFO  server.RaftServerConfigKeys (ConfUtils.java:logGet(43)) - raft.server.log.use.memory = false (default)
2019-10-14 13:01:54,745 [pool-403-thread-1] INFO  segmented.SegmentedRaftLogWorker (SegmentedRaftLogWorker.java:<init>(173)) - new 72560939-34a3-48e9-b1ac-5ff43108b5ce@group-DFADC55D3820-SegmentedRaftLogWorker for RaftStorage:Storage Directory /workdir/hadoop-ozone/integration-test/target/test-dir/MiniOzoneClusterImpl-d7cc1525-03b4-4177-b7bb-10a3025151f7/datanode-2/data/ratis/3101678d-6abb-4f79-918d-dfadc55d3820
2019-10-14 13:01:54,745 [pool-383-thread-1] INFO  server.RaftServerConfigKeys (ConfUtils.java:logGet(43)) - raft.server.log.appender.buffer.byte-limit = 33554432 (custom)
2019-10-14 13:01:54,745 [pool-403-thread-1] INFO  server.RaftServerConfigKeys (ConfUtils.java:logGet(43)) - raft.server.log.queue.byte-limit = 2147483647 (custom)
2019-10-14 13:01:54,745 [pool-393-thread-1] INFO  server.RaftServerConfigKeys (ConfUtils.java:logGet(43)) - raft.server.log.purge.gap = 1000000 (custom)
2019-10-14 13:01:54,745 [pool-403-thread-1] INFO  server.RaftServerConfigKeys (ConfUtils.java:logGet(43)) - raft.server.log.queue.element-limit = 1024 (custom)
2019-10-14 13:01:54,745 [pool-383-thread-1] INFO  server.RaftServerConfigKeys (ConfUtils.java:logGet(43)) - raft.server.log.segment.size.max = 1048576 (custom)
2019-10-14 13:01:54,746 [pool-403-thread-1] INFO  server.RaftServerConfigKeys (ConfUtils.java:logGet(43)) - raft.server.log.segment.size.max = 1048576 (custom)
2019-10-14 13:01:54,746 [pool-393-thread-1] INFO  server.RaftServerConfigKeys (ConfUtils.java:logGet(43)) - raft.server.log.appender.buffer.byte-limit = 33554432 (custom)
2019-10-14 13:01:54,746 [pool-403-thread-1] INFO  server.RaftServerConfigKeys (ConfUtils.java:logGet(43)) - raft.server.log.preallocated.size = 16384 (custom)
2019-10-14 13:01:54,746 [pool-383-thread-1] INFO  server.RaftServerConfigKeys (ConfUtils.java:logGet(43)) - raft.server.log.segment.cache.num.max = 2 (custom)
2019-10-14 13:01:54,746 [pool-403-thread-1] INFO  server.RaftServerConfigKeys (ConfUtils.java:logGet(43)) - raft.server.log.write.buffer.size = 33554432 (custom)
2019-10-14 13:01:54,746 [pool-393-thread-1] INFO  server.RaftServerConfigKeys (ConfUtils.java:logGet(43)) - raft.server.log.segment.size.max = 1048576 (custom)
2019-10-14 13:01:54,747 [pool-403-thread-1] INFO  server.RaftServerConfigKeys (ConfUtils.java:logGet(43)) - raft.server.log.force.sync.num = 128 (default)
2019-10-14 13:01:54,746 [pool-383-thread-1] INFO  segmented.SegmentedRaftLogWorker (SegmentedRaftLogWorker.java:<init>(173)) - new 6d5882c0-7b37-45c4-bca3-490e9467e84a@group-DFADC55D3820-SegmentedRaftLogWorker for RaftStorage:Storage Directory /workdir/hadoop-ozone/integration-test/target/test-dir/MiniOzoneClusterImpl-d7cc1525-03b4-4177-b7bb-10a3025151f7/datanode-0/data/ratis/3101678d-6abb-4f79-918d-dfadc55d3820
2019-10-14 13:01:54,747 [pool-403-thread-1] INFO  server.RaftServerConfigKeys (ConfUtils.java:logGet(43)) - raft.server.log.statemachine.data.sync = true (default)
2019-10-14 13:01:54,747 [pool-403-thread-1] INFO  server.RaftServerConfigKeys (ConfUtils.java:logGet(43)) - raft.server.log.statemachine.data.sync.timeout = 10s (default)
2019-10-14 13:01:54,747 [pool-393-thread-1] INFO  server.RaftServerConfigKeys (ConfUtils.java:logGet(43)) - raft.server.log.segment.cache.num.max = 2 (custom)
2019-10-14 13:01:54,747 [pool-403-thread-1] INFO  server.RaftServerConfigKeys (ConfUtils.java:logGet(43)) - raft.server.log.statemachine.data.sync.timeout.retry = -1 (default)
2019-10-14 13:01:54,747 [pool-383-thread-1] INFO  server.RaftServerConfigKeys (ConfUtils.java:logGet(43)) - raft.server.log.queue.byte-limit = 2147483647 (custom)
2019-10-14 13:01:54,748 [pool-403-thread-1] INFO  server.RaftServerConfigKeys (ConfUtils.java:logGet(43)) - raft.server.log.statemachine.data.caching.enabled = true (custom)
2019-10-14 13:01:54,747 [pool-393-thread-1] INFO  segmented.SegmentedRaftLogWorker (SegmentedRaftLogWorker.java:<init>(173)) - new a6fe904f-38aa-494b-9b18-48ceaa20fa11@group-DFADC55D3820-SegmentedRaftLogWorker for RaftStorage:Storage Directory /workdir/hadoop-ozone/integration-test/target/test-dir/MiniOzoneClusterImpl-d7cc1525-03b4-4177-b7bb-10a3025151f7/datanode-1/data/ratis/3101678d-6abb-4f79-918d-dfadc55d3820
2019-10-14 13:01:54,748 [pool-383-thread-1] INFO  server.RaftServerConfigKeys (ConfUtils.java:logGet(43)) - raft.server.log.queue.element-limit = 1024 (custom)
2019-10-14 13:01:54,748 [pool-403-thread-1] INFO  segmented.SegmentedRaftLogWorker (SegmentedRaftLogWorker.java:lambda$new$0(128)) - 72560939-34a3-48e9-b1ac-5ff43108b5ce@group-DFADC55D3820-SegmentedRaftLogWorker: flushIndex: setUnconditionally 0 -> -1
2019-10-14 13:01:54,748 [pool-393-thread-1] INFO  server.RaftServerConfigKeys (ConfUtils.java:logGet(43)) - raft.server.log.queue.byte-limit = 2147483647 (custom)
2019-10-14 13:01:54,748 [pool-383-thread-1] INFO  server.RaftServerConfigKeys (ConfUtils.java:logGet(43)) - raft.server.log.segment.size.max = 1048576 (custom)
2019-10-14 13:01:54,748 [pool-403-thread-1] INFO  server.RaftServerConfigKeys (ConfUtils.java:logGet(43)) - raft.server.snapshot.auto.trigger.enabled = true (custom)
2019-10-14 13:01:54,748 [pool-393-thread-1] INFO  server.RaftServerConfigKeys (ConfUtils.java:logGet(43)) - raft.server.log.queue.element-limit = 1024 (custom)
2019-10-14 13:01:54,749 [pool-403-thread-1] INFO  server.RaftServerConfigKeys (ConfUtils.java:logGet(43)) - raft.server.snapshot.auto.trigger.threshold = 10000 (custom)
2019-10-14 13:01:54,749 [pool-383-thread-1] INFO  server.RaftServerConfigKeys (ConfUtils.java:logGet(43)) - raft.server.log.preallocated.size = 16384 (custom)
2019-10-14 13:01:54,749 [pool-403-thread-1] INFO  server.RaftServerConfigKeys (ConfUtils.java:logGet(43)) - raft.server.snapshot.retention.file.num = 5 (custom)
2019-10-14 13:01:54,749 [pool-393-thread-1] INFO  server.RaftServerConfigKeys (ConfUtils.java:logGet(43)) - raft.server.log.segment.size.max = 1048576 (custom)
2019-10-14 13:01:54,749 [pool-403-thread-1] INFO  server.RaftServerConfigKeys (ConfUtils.java:logGet(43)) - raft.server.retrycache.expirytime = 600000ms (custom)
2019-10-14 13:01:54,749 [pool-383-thread-1] INFO  server.RaftServerConfigKeys (ConfUtils.java:logGet(43)) - raft.server.log.write.buffer.size = 33554432 (custom)
2019-10-14 13:01:54,749 [pool-393-thread-1] INFO  server.RaftServerConfigKeys (ConfUtils.java:logGet(43)) - raft.server.log.preallocated.size = 16384 (custom)
2019-10-14 13:01:54,750 [pool-383-thread-1] INFO  server.RaftServerConfigKeys (ConfUtils.java:logGet(43)) - raft.server.log.force.sync.num = 128 (default)
2019-10-14 13:01:54,750 [pool-393-thread-1] INFO  server.RaftServerConfigKeys (ConfUtils.java:logGet(43)) - raft.server.log.write.buffer.size = 33554432 (custom)
2019-10-14 13:01:54,750 [pool-383-thread-1] INFO  server.RaftServerConfigKeys (ConfUtils.java:logGet(43)) - raft.server.log.statemachine.data.sync = true (default)
2019-10-14 13:01:54,750 [pool-393-thread-1] INFO  server.RaftServerConfigKeys (ConfUtils.java:logGet(43)) - raft.server.log.force.sync.num = 128 (default)
2019-10-14 13:01:54,750 [pool-383-thread-1] INFO  server.RaftServerConfigKeys (ConfUtils.java:logGet(43)) - raft.server.log.statemachine.data.sync.timeout = 10s (default)
2019-10-14 13:01:54,750 [pool-393-thread-1] INFO  server.RaftServerConfigKeys (ConfUtils.java:logGet(43)) - raft.server.log.statemachine.data.sync = true (default)
2019-10-14 13:01:54,750 [pool-383-thread-1] INFO  server.RaftServerConfigKeys (ConfUtils.java:logGet(43)) - raft.server.log.statemachine.data.sync.timeout.retry = -1 (default)
2019-10-14 13:01:54,751 [pool-393-thread-1] INFO  server.RaftServerConfigKeys (ConfUtils.java:logGet(43)) - raft.server.log.statemachine.data.sync.timeout = 10s (default)
2019-10-14 13:01:54,751 [pool-393-thread-1] INFO  server.RaftServerConfigKeys (ConfUtils.java:logGet(43)) - raft.server.log.statemachine.data.sync.timeout.retry = -1 (default)
2019-10-14 13:01:54,751 [pool-383-thread-1] INFO  server.RaftServerConfigKeys (ConfUtils.java:logGet(43)) - raft.server.log.statemachine.data.caching.enabled = true (custom)
2019-10-14 13:01:54,751 [pool-393-thread-1] INFO  server.RaftServerConfigKeys (ConfUtils.java:logGet(43)) - raft.server.log.statemachine.data.caching.enabled = true (custom)
2019-10-14 13:01:54,751 [pool-383-thread-1] INFO  segmented.SegmentedRaftLogWorker (SegmentedRaftLogWorker.java:lambda$new$0(128)) - 6d5882c0-7b37-45c4-bca3-490e9467e84a@group-DFADC55D3820-SegmentedRaftLogWorker: flushIndex: setUnconditionally 0 -> -1
2019-10-14 13:01:54,751 [pool-393-thread-1] INFO  segmented.SegmentedRaftLogWorker (SegmentedRaftLogWorker.java:lambda$new$0(128)) - a6fe904f-38aa-494b-9b18-48ceaa20fa11@group-DFADC55D3820-SegmentedRaftLogWorker: flushIndex: setUnconditionally 0 -> -1
2019-10-14 13:01:54,752 [pool-403-thread-1] INFO  impl.RaftServerImpl (RaftServerImpl.java:start(181)) - 72560939-34a3-48e9-b1ac-5ff43108b5ce@group-DFADC55D3820: start as a follower, conf=-1: [a6fe904f-38aa-494b-9b18-48ceaa20fa11:192.168.151.107:37214, 6d5882c0-7b37-45c4-bca3-490e9467e84a:192.168.151.107:45954, 72560939-34a3-48e9-b1ac-5ff43108b5ce:192.168.151.107:44441], old=null
2019-10-14 13:01:54,752 [pool-393-thread-1] INFO  server.RaftServerConfigKeys (ConfUtils.java:logGet(43)) - raft.server.snapshot.auto.trigger.enabled = true (custom)
2019-10-14 13:01:54,752 [pool-383-thread-1] INFO  server.RaftServerConfigKeys (ConfUtils.java:logGet(43)) - raft.server.snapshot.auto.trigger.enabled = true (custom)
2019-10-14 13:01:54,752 [pool-393-thread-1] INFO  server.RaftServerConfigKeys (ConfUtils.java:logGet(43)) - raft.server.snapshot.auto.trigger.threshold = 10000 (custom)
2019-10-14 13:01:54,752 [pool-403-thread-1] INFO  impl.RaftServerImpl (RaftServerImpl.java:setRole(170)) - 72560939-34a3-48e9-b1ac-5ff43108b5ce@group-DFADC55D3820: changes role from      null to FOLLOWER at term 0 for startAsFollower
2019-10-14 13:01:54,752 [pool-393-thread-1] INFO  server.RaftServerConfigKeys (ConfUtils.java:logGet(43)) - raft.server.snapshot.retention.file.num = 5 (custom)
2019-10-14 13:01:54,752 [pool-383-thread-1] INFO  server.RaftServerConfigKeys (ConfUtils.java:logGet(43)) - raft.server.snapshot.auto.trigger.threshold = 10000 (custom)
2019-10-14 13:01:54,753 [pool-393-thread-1] INFO  server.RaftServerConfigKeys (ConfUtils.java:logGet(43)) - raft.server.retrycache.expirytime = 600000ms (custom)
2019-10-14 13:01:54,752 [pool-403-thread-1] INFO  impl.RoleInfo (RoleInfo.java:updateAndGet(143)) - 72560939-34a3-48e9-b1ac-5ff43108b5ce: start FollowerState
2019-10-14 13:01:54,753 [pool-383-thread-1] INFO  server.RaftServerConfigKeys (ConfUtils.java:logGet(43)) - raft.server.snapshot.retention.file.num = 5 (custom)
2019-10-14 13:01:54,753 [pool-403-thread-1] INFO  util.JmxRegister (JmxRegister.java:tryRegister(44)) - Successfully registered JMX Bean with object name Ratis:service=RaftServer,group=group-DFADC55D3820,id=72560939-34a3-48e9-b1ac-5ff43108b5ce
2019-10-14 13:01:54,753 [pool-383-thread-1] INFO  server.RaftServerConfigKeys (ConfUtils.java:logGet(43)) - raft.server.retrycache.expirytime = 600000ms (custom)
2019-10-14 13:01:54,754 [pool-393-thread-1] INFO  impl.RaftServerImpl (RaftServerImpl.java:start(181)) - a6fe904f-38aa-494b-9b18-48ceaa20fa11@group-DFADC55D3820: start as a follower, conf=-1: [a6fe904f-38aa-494b-9b18-48ceaa20fa11:192.168.151.107:37214, 6d5882c0-7b37-45c4-bca3-490e9467e84a:192.168.151.107:45954, 72560939-34a3-48e9-b1ac-5ff43108b5ce:192.168.151.107:44441], old=null
2019-10-14 13:01:54,754 [pool-393-thread-1] INFO  impl.RaftServerImpl (RaftServerImpl.java:setRole(170)) - a6fe904f-38aa-494b-9b18-48ceaa20fa11@group-DFADC55D3820: changes role from      null to FOLLOWER at term 0 for startAsFollower
2019-10-14 13:01:54,754 [pool-393-thread-1] INFO  impl.RoleInfo (RoleInfo.java:updateAndGet(143)) - a6fe904f-38aa-494b-9b18-48ceaa20fa11: start FollowerState
2019-10-14 13:01:54,755 [pool-393-thread-1] INFO  util.JmxRegister (JmxRegister.java:tryRegister(44)) - Successfully registered JMX Bean with object name Ratis:service=RaftServer,group=group-DFADC55D3820,id=a6fe904f-38aa-494b-9b18-48ceaa20fa11
2019-10-14 13:01:54,757 [pool-383-thread-1] INFO  impl.RaftServerImpl (RaftServerImpl.java:start(181)) - 6d5882c0-7b37-45c4-bca3-490e9467e84a@group-DFADC55D3820: start as a follower, conf=-1: [a6fe904f-38aa-494b-9b18-48ceaa20fa11:192.168.151.107:37214, 6d5882c0-7b37-45c4-bca3-490e9467e84a:192.168.151.107:45954, 72560939-34a3-48e9-b1ac-5ff43108b5ce:192.168.151.107:44441], old=null
2019-10-14 13:01:54,758 [pool-383-thread-1] INFO  impl.RaftServerImpl (RaftServerImpl.java:setRole(170)) - 6d5882c0-7b37-45c4-bca3-490e9467e84a@group-DFADC55D3820: changes role from      null to FOLLOWER at term 0 for startAsFollower
2019-10-14 13:01:54,758 [pool-383-thread-1] INFO  impl.RoleInfo (RoleInfo.java:updateAndGet(143)) - 6d5882c0-7b37-45c4-bca3-490e9467e84a: start FollowerState
2019-10-14 13:01:54,758 [pool-383-thread-1] INFO  util.JmxRegister (JmxRegister.java:tryRegister(44)) - Successfully registered JMX Bean with object name Ratis:service=RaftServer,group=group-DFADC55D3820,id=6d5882c0-7b37-45c4-bca3-490e9467e84a
2019-10-14 13:01:54,762 [RatisPipelineUtilsThread] INFO  pipeline.PipelineStateManager (PipelineStateManager.java:addPipeline(56)) - Created pipeline Pipeline[ Id: 3101678d-6abb-4f79-918d-dfadc55d3820, Nodes: a6fe904f-38aa-494b-9b18-48ceaa20fa11{ip: 192.168.151.107, host: pr-hdds-2299-hlwdq-549545603, networkLocation: /default-rack, certSerialId: null}6d5882c0-7b37-45c4-bca3-490e9467e84a{ip: 192.168.151.107, host: pr-hdds-2299-hlwdq-549545603, networkLocation: /default-rack, certSerialId: null}72560939-34a3-48e9-b1ac-5ff43108b5ce{ip: 192.168.151.107, host: pr-hdds-2299-hlwdq-549545603, networkLocation: /default-rack, certSerialId: null}, Type:RATIS, Factor:THREE, State:OPEN]
2019-10-14 13:01:54,810 [IPC Server handler 6 on 44391] INFO  net.NetworkTopology (NetworkTopologyImpl.java:add(111)) - Added a new node: /default-rack/893fcfcb-e4c6-4f5d-ac70-6f3bb38d75f5
2019-10-14 13:01:54,810 [IPC Server handler 6 on 44391] INFO  node.SCMNodeManager (SCMNodeManager.java:register(268)) - Registered Data node : 893fcfcb-e4c6-4f5d-ac70-6f3bb38d75f5{ip: 192.168.151.107, host: pr-hdds-2299-hlwdq-549545603, networkLocation: /default-rack, certSerialId: null}
2019-10-14 13:01:54,818 [grpc-default-executor-1] INFO  impl.RaftServerProxy (RaftServerProxy.java:addNew(89)) - d38974ca-1524-4a91-a493-cc1ecc29d194: addNew group-27DBE67E9F91:[d38974ca-1524-4a91-a493-cc1ecc29d194:192.168.151.107:43364] returns group-27DBE67E9F91:java.util.concurrent.CompletableFuture@27eaa136[Not completed]
2019-10-14 13:01:54,819 [pool-413-thread-1] INFO  impl.RaftServerImpl (RaftServerImpl.java:<init>(95)) - d38974ca-1524-4a91-a493-cc1ecc29d194: new RaftServerImpl for group-27DBE67E9F91:[d38974ca-1524-4a91-a493-cc1ecc29d194:192.168.151.107:43364] with ContainerStateMachine:uninitialized
2019-10-14 13:01:54,819 [pool-413-thread-1] INFO  server.RaftServerConfigKeys (ConfUtils.java:logGet(43)) - raft.server.rpc.timeout.min = 5s (custom)
2019-10-14 13:01:54,819 [pool-413-thread-1] INFO  server.RaftServerConfigKeys (ConfUtils.java:logGet(43)) - raft.server.rpc.timeout.max = 5200ms (custom)
2019-10-14 13:01:54,820 [pool-413-thread-1] INFO  server.RaftServerConfigKeys (ConfUtils.java:logGet(43)) - raft.server.rpcslowness.timeout = 120s (custom)
2019-10-14 13:01:54,820 [pool-413-thread-1] INFO  server.RaftServerConfigKeys (ConfUtils.java:logGet(43)) - raft.server.sleep.deviation.threshold = 300 (default)
2019-10-14 13:01:54,820 [pool-413-thread-1] INFO  server.RaftServerConfigKeys (ConfUtils.java:logGet(43)) - raft.server.log.appender.install.snapshot.enabled = false (custom)
2019-10-14 13:01:54,820 [pool-413-thread-1] INFO  impl.RaftServerImpl (ServerState.java:<init>(103)) - d38974ca-1524-4a91-a493-cc1ecc29d194@group-27DBE67E9F91: ConfigurationManager, init=-1: [d38974ca-1524-4a91-a493-cc1ecc29d194:192.168.151.107:43364], old=null, confs=<EMPTY_MAP>
2019-10-14 13:01:54,820 [pool-413-thread-1] INFO  server.RaftServerConfigKeys (ConfUtils.java:logGet(43)) - raft.server.storage.dir = [/workdir/hadoop-ozone/integration-test/target/test-dir/MiniOzoneClusterImpl-d7cc1525-03b4-4177-b7bb-10a3025151f7/datanode-3/data/ratis] (custom)
2019-10-14 13:01:54,820 [pool-413-thread-1] INFO  server.RaftServerConfigKeys (ConfUtils.java:logGet(43)) - raft.server.log.corruption.policy = EXCEPTION (default)
2019-10-14 13:01:54,821 [pool-413-thread-1] INFO  storage.RaftStorageDirectory (RaftStorageDirectory.java:analyzeStorage(246)) - The storage directory /workdir/hadoop-ozone/integration-test/target/test-dir/MiniOzoneClusterImpl-d7cc1525-03b4-4177-b7bb-10a3025151f7/datanode-3/data/ratis/63e26560-6ec1-4df3-a6e7-27dbe67e9f91 does not exist. Creating ...
2019-10-14 13:01:54,843 [pool-413-thread-1] INFO  storage.RaftStorageDirectory (RaftStorageDirectory.java:tryLock(328)) - Lock on /workdir/hadoop-ozone/integration-test/target/test-dir/MiniOzoneClusterImpl-d7cc1525-03b4-4177-b7bb-10a3025151f7/datanode-3/data/ratis/63e26560-6ec1-4df3-a6e7-27dbe67e9f91/in_use.lock acquired by nodename 26042@pr-hdds-2299-hlwdq-549545603
2019-10-14 13:01:54,856 [pool-413-thread-1] INFO  storage.RaftStorage (RaftStorage.java:format(84)) - Storage directory /workdir/hadoop-ozone/integration-test/target/test-dir/MiniOzoneClusterImpl-d7cc1525-03b4-4177-b7bb-10a3025151f7/datanode-3/data/ratis/63e26560-6ec1-4df3-a6e7-27dbe67e9f91 has been successfully formatted.
2019-10-14 13:01:54,856 [pool-413-thread-1] INFO  ratis.ContainerStateMachine (ContainerStateMachine.java:loadSnapshot(231)) - group-27DBE67E9F91: The snapshot info is null. Setting the last applied indexto:(t:0, i:~)
2019-10-14 13:01:54,857 [pool-413-thread-1] INFO  server.RaftServerConfigKeys (ConfUtils.java:logGet(43)) - raft.server.notification.no-leader.timeout = 120s (custom)
2019-10-14 13:01:54,857 [pool-413-thread-1] INFO  server.RaftServerConfigKeys (ConfUtils.java:logGet(43)) - raft.server.log.use.memory = false (default)
2019-10-14 13:01:54,857 [pool-413-thread-1] INFO  server.RaftServerConfigKeys (ConfUtils.java:logGet(43)) - raft.server.log.purge.gap = 1000000 (custom)
2019-10-14 13:01:54,857 [pool-413-thread-1] INFO  server.RaftServerConfigKeys (ConfUtils.java:logGet(43)) - raft.server.log.appender.buffer.byte-limit = 33554432 (custom)
2019-10-14 13:01:54,857 [pool-413-thread-1] INFO  server.RaftServerConfigKeys (ConfUtils.java:logGet(43)) - raft.server.log.segment.size.max = 1048576 (custom)
2019-10-14 13:01:54,859 [pool-413-thread-1] INFO  server.RaftServerConfigKeys (ConfUtils.java:logGet(43)) - raft.server.log.segment.cache.num.max = 2 (custom)
2019-10-14 13:01:54,859 [pool-413-thread-1] INFO  segmented.SegmentedRaftLogWorker (SegmentedRaftLogWorker.java:<init>(173)) - new d38974ca-1524-4a91-a493-cc1ecc29d194@group-27DBE67E9F91-SegmentedRaftLogWorker for RaftStorage:Storage Directory /workdir/hadoop-ozone/integration-test/target/test-dir/MiniOzoneClusterImpl-d7cc1525-03b4-4177-b7bb-10a3025151f7/datanode-3/data/ratis/63e26560-6ec1-4df3-a6e7-27dbe67e9f91
2019-10-14 13:01:54,859 [pool-413-thread-1] INFO  server.RaftServerConfigKeys (ConfUtils.java:logGet(43)) - raft.server.log.queue.byte-limit = 2147483647 (custom)
2019-10-14 13:01:54,859 [pool-413-thread-1] INFO  server.RaftServerConfigKeys (ConfUtils.java:logGet(43)) - raft.server.log.queue.element-limit = 1024 (custom)
2019-10-14 13:01:54,859 [pool-413-thread-1] INFO  server.RaftServerConfigKeys (ConfUtils.java:logGet(43)) - raft.server.log.segment.size.max = 1048576 (custom)
2019-10-14 13:01:54,859 [pool-413-thread-1] INFO  server.RaftServerConfigKeys (ConfUtils.java:logGet(43)) - raft.server.log.preallocated.size = 16384 (custom)
2019-10-14 13:01:54,859 [pool-413-thread-1] INFO  server.RaftServerConfigKeys (ConfUtils.java:logGet(43)) - raft.server.log.write.buffer.size = 33554432 (custom)
2019-10-14 13:01:54,859 [pool-413-thread-1] INFO  server.RaftServerConfigKeys (ConfUtils.java:logGet(43)) - raft.server.log.force.sync.num = 128 (default)
2019-10-14 13:01:54,860 [pool-413-thread-1] INFO  server.RaftServerConfigKeys (ConfUtils.java:logGet(43)) - raft.server.log.statemachine.data.sync = true (default)
2019-10-14 13:01:54,860 [pool-413-thread-1] INFO  server.RaftServerConfigKeys (ConfUtils.java:logGet(43)) - raft.server.log.statemachine.data.sync.timeout = 10s (default)
2019-10-14 13:01:54,860 [pool-413-thread-1] INFO  server.RaftServerConfigKeys (ConfUtils.java:logGet(43)) - raft.server.log.statemachine.data.sync.timeout.retry = -1 (default)
2019-10-14 13:01:54,860 [pool-413-thread-1] INFO  server.RaftServerConfigKeys (ConfUtils.java:logGet(43)) - raft.server.log.statemachine.data.caching.enabled = true (custom)
2019-10-14 13:01:54,860 [pool-413-thread-1] INFO  segmented.SegmentedRaftLogWorker (SegmentedRaftLogWorker.java:lambda$new$0(128)) - d38974ca-1524-4a91-a493-cc1ecc29d194@group-27DBE67E9F91-SegmentedRaftLogWorker: flushIndex: setUnconditionally 0 -> -1
2019-10-14 13:01:54,861 [pool-413-thread-1] INFO  server.RaftServerConfigKeys (ConfUtils.java:logGet(43)) - raft.server.snapshot.auto.trigger.enabled = true (custom)
2019-10-14 13:01:54,861 [pool-413-thread-1] INFO  server.RaftServerConfigKeys (ConfUtils.java:logGet(43)) - raft.server.snapshot.auto.trigger.threshold = 10000 (custom)
2019-10-14 13:01:54,861 [pool-413-thread-1] INFO  server.RaftServerConfigKeys (ConfUtils.java:logGet(43)) - raft.server.snapshot.retention.file.num = 5 (custom)
2019-10-14 13:01:54,861 [pool-413-thread-1] INFO  server.RaftServerConfigKeys (ConfUtils.java:logGet(43)) - raft.server.retrycache.expirytime = 600000ms (custom)
2019-10-14 13:01:54,862 [pool-413-thread-1] INFO  impl.RaftServerImpl (RaftServerImpl.java:start(181)) - d38974ca-1524-4a91-a493-cc1ecc29d194@group-27DBE67E9F91: start as a follower, conf=-1: [d38974ca-1524-4a91-a493-cc1ecc29d194:192.168.151.107:43364], old=null
2019-10-14 13:01:54,863 [pool-413-thread-1] INFO  impl.RaftServerImpl (RaftServerImpl.java:setRole(170)) - d38974ca-1524-4a91-a493-cc1ecc29d194@group-27DBE67E9F91: changes role from      null to FOLLOWER at term 0 for startAsFollower
2019-10-14 13:01:54,863 [pool-413-thread-1] INFO  impl.RoleInfo (RoleInfo.java:updateAndGet(143)) - d38974ca-1524-4a91-a493-cc1ecc29d194: start FollowerState
2019-10-14 13:01:54,863 [pool-413-thread-1] INFO  util.JmxRegister (JmxRegister.java:tryRegister(44)) - Successfully registered JMX Bean with object name Ratis:service=RaftServer,group=group-27DBE67E9F91,id=d38974ca-1524-4a91-a493-cc1ecc29d194
2019-10-14 13:01:54,867 [RatisPipelineUtilsThread] INFO  pipeline.PipelineStateManager (PipelineStateManager.java:addPipeline(56)) - Created pipeline Pipeline[ Id: 63e26560-6ec1-4df3-a6e7-27dbe67e9f91, Nodes: d38974ca-1524-4a91-a493-cc1ecc29d194{ip: 192.168.151.107, host: pr-hdds-2299-hlwdq-549545603, networkLocation: /default-rack, certSerialId: null}, Type:RATIS, Factor:ONE, State:OPEN]
2019-10-14 13:01:54,875 [grpc-default-executor-1] INFO  impl.RaftServerProxy (RaftServerProxy.java:addNew(89)) - 893fcfcb-e4c6-4f5d-ac70-6f3bb38d75f5: addNew group-9FFFE46BA034:[893fcfcb-e4c6-4f5d-ac70-6f3bb38d75f5:192.168.151.107:40232] returns group-9FFFE46BA034:java.util.concurrent.CompletableFuture@91f4114[Not completed]
2019-10-14 13:01:54,876 [pool-423-thread-1] INFO  impl.RaftServerImpl (RaftServerImpl.java:<init>(95)) - 893fcfcb-e4c6-4f5d-ac70-6f3bb38d75f5: new RaftServerImpl for group-9FFFE46BA034:[893fcfcb-e4c6-4f5d-ac70-6f3bb38d75f5:192.168.151.107:40232] with ContainerStateMachine:uninitialized
2019-10-14 13:01:54,876 [pool-423-thread-1] INFO  server.RaftServerConfigKeys (ConfUtils.java:logGet(43)) - raft.server.rpc.timeout.min = 5s (custom)
2019-10-14 13:01:54,876 [pool-423-thread-1] INFO  server.RaftServerConfigKeys (ConfUtils.java:logGet(43)) - raft.server.rpc.timeout.max = 5200ms (custom)
2019-10-14 13:01:54,876 [pool-423-thread-1] INFO  server.RaftServerConfigKeys (ConfUtils.java:logGet(43)) - raft.server.rpcslowness.timeout = 120s (custom)
2019-10-14 13:01:54,876 [pool-423-thread-1] INFO  server.RaftServerConfigKeys (ConfUtils.java:logGet(43)) - raft.server.sleep.deviation.threshold = 300 (default)
2019-10-14 13:01:54,876 [pool-423-thread-1] INFO  server.RaftServerConfigKeys (ConfUtils.java:logGet(43)) - raft.server.log.appender.install.snapshot.enabled = false (custom)
2019-10-14 13:01:54,877 [pool-423-thread-1] INFO  impl.RaftServerImpl (ServerState.java:<init>(103)) - 893fcfcb-e4c6-4f5d-ac70-6f3bb38d75f5@group-9FFFE46BA034: ConfigurationManager, init=-1: [893fcfcb-e4c6-4f5d-ac70-6f3bb38d75f5:192.168.151.107:40232], old=null, confs=<EMPTY_MAP>
2019-10-14 13:01:54,877 [pool-423-thread-1] INFO  server.RaftServerConfigKeys (ConfUtils.java:logGet(43)) - raft.server.storage.dir = [/workdir/hadoop-ozone/integration-test/target/test-dir/MiniOzoneClusterImpl-d7cc1525-03b4-4177-b7bb-10a3025151f7/datanode-4/data/ratis] (custom)
2019-10-14 13:01:54,877 [pool-423-thread-1] INFO  server.RaftServerConfigKeys (ConfUtils.java:logGet(43)) - raft.server.log.corruption.policy = EXCEPTION (default)
2019-10-14 13:01:54,877 [pool-423-thread-1] INFO  storage.RaftStorageDirectory (RaftStorageDirectory.java:analyzeStorage(246)) - The storage directory /workdir/hadoop-ozone/integration-test/target/test-dir/MiniOzoneClusterImpl-d7cc1525-03b4-4177-b7bb-10a3025151f7/datanode-4/data/ratis/f64b2579-e557-480b-aece-9fffe46ba034 does not exist. Creating ...
2019-10-14 13:01:54,890 [pool-423-thread-1] INFO  storage.RaftStorageDirectory (RaftStorageDirectory.java:tryLock(328)) - Lock on /workdir/hadoop-ozone/integration-test/target/test-dir/MiniOzoneClusterImpl-d7cc1525-03b4-4177-b7bb-10a3025151f7/datanode-4/data/ratis/f64b2579-e557-480b-aece-9fffe46ba034/in_use.lock acquired by nodename 26042@pr-hdds-2299-hlwdq-549545603
2019-10-14 13:01:54,891 [IPC Server handler 1 on 44391] INFO  net.NetworkTopology (NetworkTopologyImpl.java:add(111)) - Added a new node: /default-rack/8e347cd9-0de4-45ca-b367-728cd237bdb9
2019-10-14 13:01:54,892 [IPC Server handler 1 on 44391] INFO  node.SCMNodeManager (SCMNodeManager.java:register(268)) - Registered Data node : 8e347cd9-0de4-45ca-b367-728cd237bdb9{ip: 192.168.151.107, host: pr-hdds-2299-hlwdq-549545603, networkLocation: /default-rack, certSerialId: null}
2019-10-14 13:01:54,904 [pool-423-thread-1] INFO  storage.RaftStorage (RaftStorage.java:format(84)) - Storage directory /workdir/hadoop-ozone/integration-test/target/test-dir/MiniOzoneClusterImpl-d7cc1525-03b4-4177-b7bb-10a3025151f7/datanode-4/data/ratis/f64b2579-e557-480b-aece-9fffe46ba034 has been successfully formatted.
2019-10-14 13:01:54,905 [pool-423-thread-1] INFO  ratis.ContainerStateMachine (ContainerStateMachine.java:loadSnapshot(231)) - group-9FFFE46BA034: The snapshot info is null. Setting the last applied indexto:(t:0, i:~)
2019-10-14 13:01:54,905 [pool-423-thread-1] INFO  server.RaftServerConfigKeys (ConfUtils.java:logGet(43)) - raft.server.notification.no-leader.timeout = 120s (custom)
2019-10-14 13:01:54,905 [pool-423-thread-1] INFO  server.RaftServerConfigKeys (ConfUtils.java:logGet(43)) - raft.server.log.use.memory = false (default)
2019-10-14 13:01:54,905 [pool-423-thread-1] INFO  server.RaftServerConfigKeys (ConfUtils.java:logGet(43)) - raft.server.log.purge.gap = 1000000 (custom)
2019-10-14 13:01:54,905 [pool-423-thread-1] INFO  server.RaftServerConfigKeys (ConfUtils.java:logGet(43)) - raft.server.log.appender.buffer.byte-limit = 33554432 (custom)
2019-10-14 13:01:54,905 [pool-423-thread-1] INFO  server.RaftServerConfigKeys (ConfUtils.java:logGet(43)) - raft.server.log.segment.size.max = 1048576 (custom)
2019-10-14 13:01:54,907 [pool-423-thread-1] INFO  server.RaftServerConfigKeys (ConfUtils.java:logGet(43)) - raft.server.log.segment.cache.num.max = 2 (custom)
2019-10-14 13:01:54,907 [pool-423-thread-1] INFO  segmented.SegmentedRaftLogWorker (SegmentedRaftLogWorker.java:<init>(173)) - new 893fcfcb-e4c6-4f5d-ac70-6f3bb38d75f5@group-9FFFE46BA034-SegmentedRaftLogWorker for RaftStorage:Storage Directory /workdir/hadoop-ozone/integration-test/target/test-dir/MiniOzoneClusterImpl-d7cc1525-03b4-4177-b7bb-10a3025151f7/datanode-4/data/ratis/f64b2579-e557-480b-aece-9fffe46ba034
2019-10-14 13:01:54,907 [pool-423-thread-1] INFO  server.RaftServerConfigKeys (ConfUtils.java:logGet(43)) - raft.server.log.queue.byte-limit = 2147483647 (custom)
2019-10-14 13:01:54,907 [pool-423-thread-1] INFO  server.RaftServerConfigKeys (ConfUtils.java:logGet(43)) - raft.server.log.queue.element-limit = 1024 (custom)
2019-10-14 13:01:54,908 [pool-423-thread-1] INFO  server.RaftServerConfigKeys (ConfUtils.java:logGet(43)) - raft.server.log.segment.size.max = 1048576 (custom)
2019-10-14 13:01:54,908 [pool-423-thread-1] INFO  server.RaftServerConfigKeys (ConfUtils.java:logGet(43)) - raft.server.log.preallocated.size = 16384 (custom)
2019-10-14 13:01:54,908 [pool-423-thread-1] INFO  server.RaftServerConfigKeys (ConfUtils.java:logGet(43)) - raft.server.log.write.buffer.size = 33554432 (custom)
2019-10-14 13:01:54,908 [pool-423-thread-1] INFO  server.RaftServerConfigKeys (ConfUtils.java:logGet(43)) - raft.server.log.force.sync.num = 128 (default)
2019-10-14 13:01:54,908 [pool-423-thread-1] INFO  server.RaftServerConfigKeys (ConfUtils.java:logGet(43)) - raft.server.log.statemachine.data.sync = true (default)
2019-10-14 13:01:54,908 [pool-423-thread-1] INFO  server.RaftServerConfigKeys (ConfUtils.java:logGet(43)) - raft.server.log.statemachine.data.sync.timeout = 10s (default)
2019-10-14 13:01:54,908 [pool-423-thread-1] INFO  server.RaftServerConfigKeys (ConfUtils.java:logGet(43)) - raft.server.log.statemachine.data.sync.timeout.retry = -1 (default)
2019-10-14 13:01:54,909 [pool-423-thread-1] INFO  server.RaftServerConfigKeys (ConfUtils.java:logGet(43)) - raft.server.log.statemachine.data.caching.enabled = true (custom)
2019-10-14 13:01:54,909 [pool-423-thread-1] INFO  segmented.SegmentedRaftLogWorker (SegmentedRaftLogWorker.java:lambda$new$0(128)) - 893fcfcb-e4c6-4f5d-ac70-6f3bb38d75f5@group-9FFFE46BA034-SegmentedRaftLogWorker: flushIndex: setUnconditionally 0 -> -1
2019-10-14 13:01:54,909 [pool-423-thread-1] INFO  server.RaftServerConfigKeys (ConfUtils.java:logGet(43)) - raft.server.snapshot.auto.trigger.enabled = true (custom)
2019-10-14 13:01:54,910 [pool-423-thread-1] INFO  server.RaftServerConfigKeys (ConfUtils.java:logGet(43)) - raft.server.snapshot.auto.trigger.threshold = 10000 (custom)
2019-10-14 13:01:54,910 [pool-423-thread-1] INFO  server.RaftServerConfigKeys (ConfUtils.java:logGet(43)) - raft.server.snapshot.retention.file.num = 5 (custom)
2019-10-14 13:01:54,910 [pool-423-thread-1] INFO  server.RaftServerConfigKeys (ConfUtils.java:logGet(43)) - raft.server.retrycache.expirytime = 600000ms (custom)
2019-10-14 13:01:54,912 [pool-423-thread-1] INFO  impl.RaftServerImpl (RaftServerImpl.java:start(181)) - 893fcfcb-e4c6-4f5d-ac70-6f3bb38d75f5@group-9FFFE46BA034: start as a follower, conf=-1: [893fcfcb-e4c6-4f5d-ac70-6f3bb38d75f5:192.168.151.107:40232], old=null
2019-10-14 13:01:54,912 [pool-423-thread-1] INFO  impl.RaftServerImpl (RaftServerImpl.java:setRole(170)) - 893fcfcb-e4c6-4f5d-ac70-6f3bb38d75f5@group-9FFFE46BA034: changes role from      null to FOLLOWER at term 0 for startAsFollower
2019-10-14 13:01:54,912 [pool-423-thread-1] INFO  impl.RoleInfo (RoleInfo.java:updateAndGet(143)) - 893fcfcb-e4c6-4f5d-ac70-6f3bb38d75f5: start FollowerState
2019-10-14 13:01:54,912 [pool-423-thread-1] INFO  util.JmxRegister (JmxRegister.java:tryRegister(44)) - Successfully registered JMX Bean with object name Ratis:service=RaftServer,group=group-9FFFE46BA034,id=893fcfcb-e4c6-4f5d-ac70-6f3bb38d75f5
2019-10-14 13:01:54,916 [RatisPipelineUtilsThread] INFO  pipeline.PipelineStateManager (PipelineStateManager.java:addPipeline(56)) - Created pipeline Pipeline[ Id: f64b2579-e557-480b-aece-9fffe46ba034, Nodes: 893fcfcb-e4c6-4f5d-ac70-6f3bb38d75f5{ip: 192.168.151.107, host: pr-hdds-2299-hlwdq-549545603, networkLocation: /default-rack, certSerialId: null}, Type:RATIS, Factor:ONE, State:OPEN]
2019-10-14 13:01:54,927 [grpc-default-executor-1] INFO  impl.RaftServerProxy (RaftServerProxy.java:addNew(89)) - 8e347cd9-0de4-45ca-b367-728cd237bdb9: addNew group-997683783260:[8e347cd9-0de4-45ca-b367-728cd237bdb9:192.168.151.107:34527] returns group-997683783260:java.util.concurrent.CompletableFuture@1966bede[Not completed]
2019-10-14 13:01:54,928 [pool-433-thread-1] INFO  impl.RaftServerImpl (RaftServerImpl.java:<init>(95)) - 8e347cd9-0de4-45ca-b367-728cd237bdb9: new RaftServerImpl for group-997683783260:[8e347cd9-0de4-45ca-b367-728cd237bdb9:192.168.151.107:34527] with ContainerStateMachine:uninitialized
2019-10-14 13:01:54,928 [pool-433-thread-1] INFO  server.RaftServerConfigKeys (ConfUtils.java:logGet(43)) - raft.server.rpc.timeout.min = 5s (custom)
2019-10-14 13:01:54,929 [pool-433-thread-1] INFO  server.RaftServerConfigKeys (ConfUtils.java:logGet(43)) - raft.server.rpc.timeout.max = 5200ms (custom)
2019-10-14 13:01:54,929 [pool-433-thread-1] INFO  server.RaftServerConfigKeys (ConfUtils.java:logGet(43)) - raft.server.rpcslowness.timeout = 120s (custom)
2019-10-14 13:01:54,929 [pool-433-thread-1] INFO  server.RaftServerConfigKeys (ConfUtils.java:logGet(43)) - raft.server.sleep.deviation.threshold = 300 (default)
2019-10-14 13:01:54,929 [pool-433-thread-1] INFO  server.RaftServerConfigKeys (ConfUtils.java:logGet(43)) - raft.server.log.appender.install.snapshot.enabled = false (custom)
2019-10-14 13:01:54,929 [pool-433-thread-1] INFO  impl.RaftServerImpl (ServerState.java:<init>(103)) - 8e347cd9-0de4-45ca-b367-728cd237bdb9@group-997683783260: ConfigurationManager, init=-1: [8e347cd9-0de4-45ca-b367-728cd237bdb9:192.168.151.107:34527], old=null, confs=<EMPTY_MAP>
2019-10-14 13:01:54,929 [pool-433-thread-1] INFO  server.RaftServerConfigKeys (ConfUtils.java:logGet(43)) - raft.server.storage.dir = [/workdir/hadoop-ozone/integration-test/target/test-dir/MiniOzoneClusterImpl-d7cc1525-03b4-4177-b7bb-10a3025151f7/datanode-5/data/ratis] (custom)
2019-10-14 13:01:54,930 [pool-433-thread-1] INFO  server.RaftServerConfigKeys (ConfUtils.java:logGet(43)) - raft.server.log.corruption.policy = EXCEPTION (default)
2019-10-14 13:01:54,930 [pool-433-thread-1] INFO  storage.RaftStorageDirectory (RaftStorageDirectory.java:analyzeStorage(246)) - The storage directory /workdir/hadoop-ozone/integration-test/target/test-dir/MiniOzoneClusterImpl-d7cc1525-03b4-4177-b7bb-10a3025151f7/datanode-5/data/ratis/a4315400-5bb5-4b5b-91a5-997683783260 does not exist. Creating ...
2019-10-14 13:01:54,950 [IPC Server handler 3 on 44391] INFO  net.NetworkTopology (NetworkTopologyImpl.java:add(111)) - Added a new node: /default-rack/b865abd1-69fe-466b-9343-95a09c0209e3
2019-10-14 13:01:54,950 [IPC Server handler 3 on 44391] INFO  node.SCMNodeManager (SCMNodeManager.java:register(268)) - Registered Data node : b865abd1-69fe-466b-9343-95a09c0209e3{ip: 192.168.151.107, host: pr-hdds-2299-hlwdq-549545603, networkLocation: /default-rack, certSerialId: null}
2019-10-14 13:01:54,950 [main] INFO  ozone.MiniOzoneClusterImpl (MiniOzoneClusterImpl.java:lambda$waitForClusterToBeReady$0(147)) - Cluster is ready. Got 7 of 7 DN Heartbeats.
2019-10-14 13:01:54,986 [pool-433-thread-1] INFO  storage.RaftStorageDirectory (RaftStorageDirectory.java:tryLock(328)) - Lock on /workdir/hadoop-ozone/integration-test/target/test-dir/MiniOzoneClusterImpl-d7cc1525-03b4-4177-b7bb-10a3025151f7/datanode-5/data/ratis/a4315400-5bb5-4b5b-91a5-997683783260/in_use.lock acquired by nodename 26042@pr-hdds-2299-hlwdq-549545603
2019-10-14 13:01:55,009 [main] INFO  rpc.RpcClient (RpcClient.java:createVolume(272)) - Creating Volume: watchforcommithandlingtest, with jenkins1000 as owner.
2019-10-14 13:01:55,012 [IPC Server handler 0 on 36583] INFO  volume.OMVolumeCreateRequest (OMVolumeCreateRequest.java:validateAndUpdateCache(193)) - created volume:watchforcommithandlingtest for user:jenkins1000
2019-10-14 13:01:55,043 [pool-433-thread-1] INFO  storage.RaftStorage (RaftStorage.java:format(84)) - Storage directory /workdir/hadoop-ozone/integration-test/target/test-dir/MiniOzoneClusterImpl-d7cc1525-03b4-4177-b7bb-10a3025151f7/datanode-5/data/ratis/a4315400-5bb5-4b5b-91a5-997683783260 has been successfully formatted.
2019-10-14 13:01:55,044 [pool-433-thread-1] INFO  ratis.ContainerStateMachine (ContainerStateMachine.java:loadSnapshot(231)) - group-997683783260: The snapshot info is null. Setting the last applied indexto:(t:0, i:~)
2019-10-14 13:01:55,044 [pool-433-thread-1] INFO  server.RaftServerConfigKeys (ConfUtils.java:logGet(43)) - raft.server.notification.no-leader.timeout = 120s (custom)
2019-10-14 13:01:55,044 [pool-433-thread-1] INFO  server.RaftServerConfigKeys (ConfUtils.java:logGet(43)) - raft.server.log.use.memory = false (default)
2019-10-14 13:01:55,048 [pool-433-thread-1] INFO  server.RaftServerConfigKeys (ConfUtils.java:logGet(43)) - raft.server.log.purge.gap = 1000000 (custom)
2019-10-14 13:01:55,049 [pool-433-thread-1] INFO  server.RaftServerConfigKeys (ConfUtils.java:logGet(43)) - raft.server.log.appender.buffer.byte-limit = 33554432 (custom)
2019-10-14 13:01:55,049 [pool-433-thread-1] INFO  server.RaftServerConfigKeys (ConfUtils.java:logGet(43)) - raft.server.log.segment.size.max = 1048576 (custom)
2019-10-14 13:01:55,063 [Thread-2325] INFO  client.GrpcClientProtocolService (GrpcClientProtocolService.java:lambda$processClientRequest$0(278)) - Failed RaftClientRequest:client-1CFB137E1E85->3f353dff-fbf1-45e1-b8dc-90047666ac7f@group-FDD512E035A0, cid=68, seq=0, Watch-MAJORITY_COMMITTED(93), Message:<EMPTY>, reply=RaftClientReply:client-1CFB137E1E85->3f353dff-fbf1-45e1-b8dc-90047666ac7f@group-FDD512E035A0, cid=68, FAILED org.apache.ratis.protocol.NotReplicatedException: Request with call Id 68 and log index 93 is not yet replicated to MAJORITY_COMMITTED, logIndex=93, commits[3f353dff-fbf1-45e1-b8dc-90047666ac7f:c2, 1da6bb09-916d-4199-b6ac-9e9059830af0:c2, 82ffce00-55a6-43cb-a809-ae8d063a0f95:c2]
2019-10-14 13:01:55,063 [main] INFO  rpc.RpcClient (RpcClient.java:createBucket(411)) - Creating Bucket: watchforcommithandlingtest/watchforcommithandlingtest, with Versioning false and Storage Type set to DISK and Encryption set to false 
2019-10-14 13:01:55,063 [pool-433-thread-1] INFO  server.RaftServerConfigKeys (ConfUtils.java:logGet(43)) - raft.server.log.segment.cache.num.max = 2 (custom)
2019-10-14 13:01:55,066 [pool-433-thread-1] INFO  segmented.SegmentedRaftLogWorker (SegmentedRaftLogWorker.java:<init>(173)) - new 8e347cd9-0de4-45ca-b367-728cd237bdb9@group-997683783260-SegmentedRaftLogWorker for RaftStorage:Storage Directory /workdir/hadoop-ozone/integration-test/target/test-dir/MiniOzoneClusterImpl-d7cc1525-03b4-4177-b7bb-10a3025151f7/datanode-5/data/ratis/a4315400-5bb5-4b5b-91a5-997683783260
2019-10-14 13:01:55,067 [pool-433-thread-1] INFO  server.RaftServerConfigKeys (ConfUtils.java:logGet(43)) - raft.server.log.queue.byte-limit = 2147483647 (custom)
2019-10-14 13:01:55,067 [pool-433-thread-1] INFO  server.RaftServerConfigKeys (ConfUtils.java:logGet(43)) - raft.server.log.queue.element-limit = 1024 (custom)
2019-10-14 13:01:55,067 [pool-433-thread-1] INFO  server.RaftServerConfigKeys (ConfUtils.java:logGet(43)) - raft.server.log.segment.size.max = 1048576 (custom)
2019-10-14 13:01:55,067 [pool-433-thread-1] INFO  server.RaftServerConfigKeys (ConfUtils.java:logGet(43)) - raft.server.log.preallocated.size = 16384 (custom)
2019-10-14 13:01:55,067 [pool-433-thread-1] INFO  server.RaftServerConfigKeys (ConfUtils.java:logGet(43)) - raft.server.log.write.buffer.size = 33554432 (custom)
2019-10-14 13:01:55,067 [pool-433-thread-1] INFO  server.RaftServerConfigKeys (ConfUtils.java:logGet(43)) - raft.server.log.force.sync.num = 128 (default)
2019-10-14 13:01:55,067 [pool-433-thread-1] INFO  server.RaftServerConfigKeys (ConfUtils.java:logGet(43)) - raft.server.log.statemachine.data.sync = true (default)
2019-10-14 13:01:55,067 [pool-433-thread-1] INFO  server.RaftServerConfigKeys (ConfUtils.java:logGet(43)) - raft.server.log.statemachine.data.sync.timeout = 10s (default)
2019-10-14 13:01:55,067 [pool-433-thread-1] INFO  server.RaftServerConfigKeys (ConfUtils.java:logGet(43)) - raft.server.log.statemachine.data.sync.timeout.retry = -1 (default)
2019-10-14 13:01:55,068 [pool-433-thread-1] INFO  server.RaftServerConfigKeys (ConfUtils.java:logGet(43)) - raft.server.log.statemachine.data.caching.enabled = true (custom)
2019-10-14 13:01:55,072 [pool-433-thread-1] INFO  segmented.SegmentedRaftLogWorker (SegmentedRaftLogWorker.java:lambda$new$0(128)) - 8e347cd9-0de4-45ca-b367-728cd237bdb9@group-997683783260-SegmentedRaftLogWorker: flushIndex: setUnconditionally 0 -> -1
2019-10-14 13:01:55,072 [pool-433-thread-1] INFO  server.RaftServerConfigKeys (ConfUtils.java:logGet(43)) - raft.server.snapshot.auto.trigger.enabled = true (custom)
2019-10-14 13:01:55,072 [pool-433-thread-1] INFO  server.RaftServerConfigKeys (ConfUtils.java:logGet(43)) - raft.server.snapshot.auto.trigger.threshold = 10000 (custom)
2019-10-14 13:01:55,073 [pool-433-thread-1] INFO  server.RaftServerConfigKeys (ConfUtils.java:logGet(43)) - raft.server.snapshot.retention.file.num = 5 (custom)
2019-10-14 13:01:55,073 [main] INFO  ozone.MiniOzoneClusterImpl (MiniOzoneClusterImpl.java:getStorageContainerLocationClient(234)) - Creating StorageContainerLocationProtocol RPC client with address /0.0.0.0:41798
2019-10-14 13:01:55,073 [pool-433-thread-1] INFO  server.RaftServerConfigKeys (ConfUtils.java:logGet(43)) - raft.server.retrycache.expirytime = 600000ms (custom)
2019-10-14 13:01:55,074 [pool-433-thread-1] INFO  impl.RaftServerImpl (RaftServerImpl.java:start(181)) - 8e347cd9-0de4-45ca-b367-728cd237bdb9@group-997683783260: start as a follower, conf=-1: [8e347cd9-0de4-45ca-b367-728cd237bdb9:192.168.151.107:34527], old=null
2019-10-14 13:01:55,074 [pool-433-thread-1] INFO  impl.RaftServerImpl (RaftServerImpl.java:setRole(170)) - 8e347cd9-0de4-45ca-b367-728cd237bdb9@group-997683783260: changes role from      null to FOLLOWER at term 0 for startAsFollower
2019-10-14 13:01:55,074 [pool-433-thread-1] INFO  impl.RoleInfo (RoleInfo.java:updateAndGet(143)) - 8e347cd9-0de4-45ca-b367-728cd237bdb9: start FollowerState
2019-10-14 13:01:55,075 [pool-433-thread-1] INFO  util.JmxRegister (JmxRegister.java:tryRegister(44)) - Successfully registered JMX Bean with object name Ratis:service=RaftServer,group=group-997683783260,id=8e347cd9-0de4-45ca-b367-728cd237bdb9
2019-10-14 13:01:55,078 [RatisPipelineUtilsThread] INFO  pipeline.PipelineStateManager (PipelineStateManager.java:addPipeline(56)) - Created pipeline Pipeline[ Id: a4315400-5bb5-4b5b-91a5-997683783260, Nodes: 8e347cd9-0de4-45ca-b367-728cd237bdb9{ip: 192.168.151.107, host: pr-hdds-2299-hlwdq-549545603, networkLocation: /default-rack, certSerialId: null}, Type:RATIS, Factor:ONE, State:OPEN]
2019-10-14 13:01:55,086 [grpc-default-executor-6] INFO  impl.RaftServerProxy (RaftServerProxy.java:addNew(89)) - b865abd1-69fe-466b-9343-95a09c0209e3: addNew group-C08C2DB63B27:[b865abd1-69fe-466b-9343-95a09c0209e3:192.168.151.107:43895] returns group-C08C2DB63B27:java.util.concurrent.CompletableFuture@1a3d308[Not completed]
2019-10-14 13:01:55,087 [pool-443-thread-1] INFO  impl.RaftServerImpl (RaftServerImpl.java:<init>(95)) - b865abd1-69fe-466b-9343-95a09c0209e3: new RaftServerImpl for group-C08C2DB63B27:[b865abd1-69fe-466b-9343-95a09c0209e3:192.168.151.107:43895] with ContainerStateMachine:uninitialized
2019-10-14 13:01:55,088 [pool-443-thread-1] INFO  server.RaftServerConfigKeys (ConfUtils.java:logGet(43)) - raft.server.rpc.timeout.min = 5s (custom)
2019-10-14 13:01:55,088 [pool-443-thread-1] INFO  server.RaftServerConfigKeys (ConfUtils.java:logGet(43)) - raft.server.rpc.timeout.max = 5200ms (custom)
2019-10-14 13:01:55,088 [pool-443-thread-1] INFO  server.RaftServerConfigKeys (ConfUtils.java:logGet(43)) - raft.server.rpcslowness.timeout = 120s (custom)
2019-10-14 13:01:55,088 [pool-443-thread-1] INFO  server.RaftServerConfigKeys (ConfUtils.java:logGet(43)) - raft.server.sleep.deviation.threshold = 300 (default)
2019-10-14 13:01:55,088 [pool-443-thread-1] INFO  server.RaftServerConfigKeys (ConfUtils.java:logGet(43)) - raft.server.log.appender.install.snapshot.enabled = false (custom)
2019-10-14 13:01:55,088 [pool-443-thread-1] INFO  impl.RaftServerImpl (ServerState.java:<init>(103)) - b865abd1-69fe-466b-9343-95a09c0209e3@group-C08C2DB63B27: ConfigurationManager, init=-1: [b865abd1-69fe-466b-9343-95a09c0209e3:192.168.151.107:43895], old=null, confs=<EMPTY_MAP>
2019-10-14 13:01:55,088 [pool-443-thread-1] INFO  server.RaftServerConfigKeys (ConfUtils.java:logGet(43)) - raft.server.storage.dir = [/workdir/hadoop-ozone/integration-test/target/test-dir/MiniOzoneClusterImpl-d7cc1525-03b4-4177-b7bb-10a3025151f7/datanode-6/data/ratis] (custom)
2019-10-14 13:01:55,089 [pool-443-thread-1] INFO  server.RaftServerConfigKeys (ConfUtils.java:logGet(43)) - raft.server.log.corruption.policy = EXCEPTION (default)
2019-10-14 13:01:55,089 [pool-443-thread-1] INFO  storage.RaftStorageDirectory (RaftStorageDirectory.java:analyzeStorage(246)) - The storage directory /workdir/hadoop-ozone/integration-test/target/test-dir/MiniOzoneClusterImpl-d7cc1525-03b4-4177-b7bb-10a3025151f7/datanode-6/data/ratis/6a4e2918-b542-4ab8-9877-c08c2db63b27 does not exist. Creating ...
2019-10-14 13:01:55,095 [pool-443-thread-1] INFO  storage.RaftStorageDirectory (RaftStorageDirectory.java:tryLock(328)) - Lock on /workdir/hadoop-ozone/integration-test/target/test-dir/MiniOzoneClusterImpl-d7cc1525-03b4-4177-b7bb-10a3025151f7/datanode-6/data/ratis/6a4e2918-b542-4ab8-9877-c08c2db63b27/in_use.lock acquired by nodename 26042@pr-hdds-2299-hlwdq-549545603
2019-10-14 13:01:55,108 [pool-443-thread-1] INFO  storage.RaftStorage (RaftStorage.java:format(84)) - Storage directory /workdir/hadoop-ozone/integration-test/target/test-dir/MiniOzoneClusterImpl-d7cc1525-03b4-4177-b7bb-10a3025151f7/datanode-6/data/ratis/6a4e2918-b542-4ab8-9877-c08c2db63b27 has been successfully formatted.
2019-10-14 13:01:55,108 [pool-443-thread-1] INFO  ratis.ContainerStateMachine (ContainerStateMachine.java:loadSnapshot(231)) - group-C08C2DB63B27: The snapshot info is null. Setting the last applied indexto:(t:0, i:~)
2019-10-14 13:01:55,109 [pool-443-thread-1] INFO  server.RaftServerConfigKeys (ConfUtils.java:logGet(43)) - raft.server.notification.no-leader.timeout = 120s (custom)
2019-10-14 13:01:55,109 [pool-443-thread-1] INFO  server.RaftServerConfigKeys (ConfUtils.java:logGet(43)) - raft.server.log.use.memory = false (default)
2019-10-14 13:01:55,109 [pool-443-thread-1] INFO  server.RaftServerConfigKeys (ConfUtils.java:logGet(43)) - raft.server.log.purge.gap = 1000000 (custom)
2019-10-14 13:01:55,109 [pool-443-thread-1] INFO  server.RaftServerConfigKeys (ConfUtils.java:logGet(43)) - raft.server.log.appender.buffer.byte-limit = 33554432 (custom)
2019-10-14 13:01:55,109 [pool-443-thread-1] INFO  server.RaftServerConfigKeys (ConfUtils.java:logGet(43)) - raft.server.log.segment.size.max = 1048576 (custom)
2019-10-14 13:01:55,112 [pool-443-thread-1] INFO  server.RaftServerConfigKeys (ConfUtils.java:logGet(43)) - raft.server.log.segment.cache.num.max = 2 (custom)
2019-10-14 13:01:55,113 [pool-443-thread-1] INFO  segmented.SegmentedRaftLogWorker (SegmentedRaftLogWorker.java:<init>(173)) - new b865abd1-69fe-466b-9343-95a09c0209e3@group-C08C2DB63B27-SegmentedRaftLogWorker for RaftStorage:Storage Directory /workdir/hadoop-ozone/integration-test/target/test-dir/MiniOzoneClusterImpl-d7cc1525-03b4-4177-b7bb-10a3025151f7/datanode-6/data/ratis/6a4e2918-b542-4ab8-9877-c08c2db63b27
2019-10-14 13:01:55,113 [pool-443-thread-1] INFO  server.RaftServerConfigKeys (ConfUtils.java:logGet(43)) - raft.server.log.queue.byte-limit = 2147483647 (custom)
2019-10-14 13:01:55,113 [pool-443-thread-1] INFO  server.RaftServerConfigKeys (ConfUtils.java:logGet(43)) - raft.server.log.queue.element-limit = 1024 (custom)
2019-10-14 13:01:55,113 [pool-443-thread-1] INFO  server.RaftServerConfigKeys (ConfUtils.java:logGet(43)) - raft.server.log.segment.size.max = 1048576 (custom)
2019-10-14 13:01:55,113 [pool-443-thread-1] INFO  server.RaftServerConfigKeys (ConfUtils.java:logGet(43)) - raft.server.log.preallocated.size = 16384 (custom)
2019-10-14 13:01:55,114 [pool-443-thread-1] INFO  server.RaftServerConfigKeys (ConfUtils.java:logGet(43)) - raft.server.log.write.buffer.size = 33554432 (custom)
2019-10-14 13:01:55,114 [pool-443-thread-1] INFO  server.RaftServerConfigKeys (ConfUtils.java:logGet(43)) - raft.server.log.force.sync.num = 128 (default)
2019-10-14 13:01:55,114 [pool-443-thread-1] INFO  server.RaftServerConfigKeys (ConfUtils.java:logGet(43)) - raft.server.log.statemachine.data.sync = true (default)
2019-10-14 13:01:55,114 [pool-443-thread-1] INFO  server.RaftServerConfigKeys (ConfUtils.java:logGet(43)) - raft.server.log.statemachine.data.sync.timeout = 10s (default)
2019-10-14 13:01:55,114 [pool-443-thread-1] INFO  server.RaftServerConfigKeys (ConfUtils.java:logGet(43)) - raft.server.log.statemachine.data.sync.timeout.retry = -1 (default)
2019-10-14 13:01:55,115 [pool-443-thread-1] INFO  server.RaftServerConfigKeys (ConfUtils.java:logGet(43)) - raft.server.log.statemachine.data.caching.enabled = true (custom)
2019-10-14 13:01:55,116 [pool-443-thread-1] INFO  segmented.SegmentedRaftLogWorker (SegmentedRaftLogWorker.java:lambda$new$0(128)) - b865abd1-69fe-466b-9343-95a09c0209e3@group-C08C2DB63B27-SegmentedRaftLogWorker: flushIndex: setUnconditionally 0 -> -1
2019-10-14 13:01:55,117 [pool-443-thread-1] INFO  server.RaftServerConfigKeys (ConfUtils.java:logGet(43)) - raft.server.snapshot.auto.trigger.enabled = true (custom)
2019-10-14 13:01:55,117 [pool-443-thread-1] INFO  server.RaftServerConfigKeys (ConfUtils.java:logGet(43)) - raft.server.snapshot.auto.trigger.threshold = 10000 (custom)
2019-10-14 13:01:55,117 [pool-443-thread-1] INFO  server.RaftServerConfigKeys (ConfUtils.java:logGet(43)) - raft.server.snapshot.retention.file.num = 5 (custom)
2019-10-14 13:01:55,117 [pool-443-thread-1] INFO  server.RaftServerConfigKeys (ConfUtils.java:logGet(43)) - raft.server.retrycache.expirytime = 600000ms (custom)
2019-10-14 13:01:55,120 [pool-443-thread-1] INFO  impl.RaftServerImpl (RaftServerImpl.java:start(181)) - b865abd1-69fe-466b-9343-95a09c0209e3@group-C08C2DB63B27: start as a follower, conf=-1: [b865abd1-69fe-466b-9343-95a09c0209e3:192.168.151.107:43895], old=null
2019-10-14 13:01:55,120 [pool-443-thread-1] INFO  impl.RaftServerImpl (RaftServerImpl.java:setRole(170)) - b865abd1-69fe-466b-9343-95a09c0209e3@group-C08C2DB63B27: changes role from      null to FOLLOWER at term 0 for startAsFollower
2019-10-14 13:01:55,121 [pool-443-thread-1] INFO  impl.RoleInfo (RoleInfo.java:updateAndGet(143)) - b865abd1-69fe-466b-9343-95a09c0209e3: start FollowerState
2019-10-14 13:01:55,121 [pool-443-thread-1] INFO  util.JmxRegister (JmxRegister.java:tryRegister(44)) - Successfully registered JMX Bean with object name Ratis:service=RaftServer,group=group-C08C2DB63B27,id=b865abd1-69fe-466b-9343-95a09c0209e3
2019-10-14 13:01:55,127 [RatisPipelineUtilsThread] INFO  pipeline.PipelineStateManager (PipelineStateManager.java:addPipeline(56)) - Created pipeline Pipeline[ Id: 6a4e2918-b542-4ab8-9877-c08c2db63b27, Nodes: b865abd1-69fe-466b-9343-95a09c0209e3{ip: 192.168.151.107, host: pr-hdds-2299-hlwdq-549545603, networkLocation: /default-rack, certSerialId: null}, Type:RATIS, Factor:ONE, State:OPEN]
2019-10-14 13:01:55,163 [grpc-default-executor-1] INFO  impl.RaftServerProxy (RaftServerProxy.java:addNew(89)) - d38974ca-1524-4a91-a493-cc1ecc29d194: addNew group-DD89DAE1FCF3:[d38974ca-1524-4a91-a493-cc1ecc29d194:192.168.151.107:43364, b865abd1-69fe-466b-9343-95a09c0209e3:192.168.151.107:43895, 8e347cd9-0de4-45ca-b367-728cd237bdb9:192.168.151.107:34527] returns group-DD89DAE1FCF3:java.util.concurrent.CompletableFuture@4a2bdc16[Not completed]
2019-10-14 13:01:55,163 [grpc-default-executor-6] INFO  impl.RaftServerProxy (RaftServerProxy.java:addNew(89)) - b865abd1-69fe-466b-9343-95a09c0209e3: addNew group-DD89DAE1FCF3:[d38974ca-1524-4a91-a493-cc1ecc29d194:192.168.151.107:43364, b865abd1-69fe-466b-9343-95a09c0209e3:192.168.151.107:43895, 8e347cd9-0de4-45ca-b367-728cd237bdb9:192.168.151.107:34527] returns group-DD89DAE1FCF3:java.util.concurrent.CompletableFuture@cf47c2[Not completed]
2019-10-14 13:01:55,163 [grpc-default-executor-7] INFO  impl.RaftServerProxy (RaftServerProxy.java:addNew(89)) - 8e347cd9-0de4-45ca-b367-728cd237bdb9: addNew group-DD89DAE1FCF3:[d38974ca-1524-4a91-a493-cc1ecc29d194:192.168.151.107:43364, b865abd1-69fe-466b-9343-95a09c0209e3:192.168.151.107:43895, 8e347cd9-0de4-45ca-b367-728cd237bdb9:192.168.151.107:34527] returns group-DD89DAE1FCF3:java.util.concurrent.CompletableFuture@150bf8dc[Not completed]
2019-10-14 13:01:55,164 [pool-443-thread-1] INFO  impl.RaftServerImpl (RaftServerImpl.java:<init>(95)) - b865abd1-69fe-466b-9343-95a09c0209e3: new RaftServerImpl for group-DD89DAE1FCF3:[d38974ca-1524-4a91-a493-cc1ecc29d194:192.168.151.107:43364, b865abd1-69fe-466b-9343-95a09c0209e3:192.168.151.107:43895, 8e347cd9-0de4-45ca-b367-728cd237bdb9:192.168.151.107:34527] with ContainerStateMachine:uninitialized
2019-10-14 13:01:55,164 [pool-443-thread-1] INFO  server.RaftServerConfigKeys (ConfUtils.java:logGet(43)) - raft.server.rpc.timeout.min = 5s (custom)
2019-10-14 13:01:55,164 [pool-443-thread-1] INFO  server.RaftServerConfigKeys (ConfUtils.java:logGet(43)) - raft.server.rpc.timeout.max = 5200ms (custom)
2019-10-14 13:01:55,164 [pool-443-thread-1] INFO  server.RaftServerConfigKeys (ConfUtils.java:logGet(43)) - raft.server.rpcslowness.timeout = 120s (custom)
2019-10-14 13:01:55,165 [pool-443-thread-1] INFO  server.RaftServerConfigKeys (ConfUtils.java:logGet(43)) - raft.server.sleep.deviation.threshold = 300 (default)
2019-10-14 13:01:55,165 [pool-433-thread-1] INFO  impl.RaftServerImpl (RaftServerImpl.java:<init>(95)) - 8e347cd9-0de4-45ca-b367-728cd237bdb9: new RaftServerImpl for group-DD89DAE1FCF3:[d38974ca-1524-4a91-a493-cc1ecc29d194:192.168.151.107:43364, b865abd1-69fe-466b-9343-95a09c0209e3:192.168.151.107:43895, 8e347cd9-0de4-45ca-b367-728cd237bdb9:192.168.151.107:34527] with ContainerStateMachine:uninitialized
2019-10-14 13:01:55,165 [pool-443-thread-1] INFO  server.RaftServerConfigKeys (ConfUtils.java:logGet(43)) - raft.server.log.appender.install.snapshot.enabled = false (custom)
2019-10-14 13:01:55,165 [pool-433-thread-1] INFO  server.RaftServerConfigKeys (ConfUtils.java:logGet(43)) - raft.server.rpc.timeout.min = 5s (custom)
2019-10-14 13:01:55,165 [pool-443-thread-1] INFO  impl.RaftServerImpl (ServerState.java:<init>(103)) - b865abd1-69fe-466b-9343-95a09c0209e3@group-DD89DAE1FCF3: ConfigurationManager, init=-1: [d38974ca-1524-4a91-a493-cc1ecc29d194:192.168.151.107:43364, b865abd1-69fe-466b-9343-95a09c0209e3:192.168.151.107:43895, 8e347cd9-0de4-45ca-b367-728cd237bdb9:192.168.151.107:34527], old=null, confs=<EMPTY_MAP>
2019-10-14 13:01:55,165 [pool-433-thread-1] INFO  server.RaftServerConfigKeys (ConfUtils.java:logGet(43)) - raft.server.rpc.timeout.max = 5200ms (custom)
2019-10-14 13:01:55,165 [pool-413-thread-1] INFO  impl.RaftServerImpl (RaftServerImpl.java:<init>(95)) - d38974ca-1524-4a91-a493-cc1ecc29d194: new RaftServerImpl for group-DD89DAE1FCF3:[d38974ca-1524-4a91-a493-cc1ecc29d194:192.168.151.107:43364, b865abd1-69fe-466b-9343-95a09c0209e3:192.168.151.107:43895, 8e347cd9-0de4-45ca-b367-728cd237bdb9:192.168.151.107:34527] with ContainerStateMachine:uninitialized
2019-10-14 13:01:55,165 [pool-443-thread-1] INFO  server.RaftServerConfigKeys (ConfUtils.java:logGet(43)) - raft.server.storage.dir = [/workdir/hadoop-ozone/integration-test/target/test-dir/MiniOzoneClusterImpl-d7cc1525-03b4-4177-b7bb-10a3025151f7/datanode-6/data/ratis] (custom)
2019-10-14 13:01:55,165 [pool-433-thread-1] INFO  server.RaftServerConfigKeys (ConfUtils.java:logGet(43)) - raft.server.rpcslowness.timeout = 120s (custom)
2019-10-14 13:01:55,165 [pool-413-thread-1] INFO  server.RaftServerConfigKeys (ConfUtils.java:logGet(43)) - raft.server.rpc.timeout.min = 5s (custom)
2019-10-14 13:01:55,166 [pool-443-thread-1] INFO  server.RaftServerConfigKeys (ConfUtils.java:logGet(43)) - raft.server.log.corruption.policy = EXCEPTION (default)
2019-10-14 13:01:55,166 [pool-433-thread-1] INFO  server.RaftServerConfigKeys (ConfUtils.java:logGet(43)) - raft.server.sleep.deviation.threshold = 300 (default)
2019-10-14 13:01:55,166 [pool-443-thread-1] INFO  storage.RaftStorageDirectory (RaftStorageDirectory.java:analyzeStorage(246)) - The storage directory /workdir/hadoop-ozone/integration-test/target/test-dir/MiniOzoneClusterImpl-d7cc1525-03b4-4177-b7bb-10a3025151f7/datanode-6/data/ratis/632de569-ebaf-4684-9b53-dd89dae1fcf3 does not exist. Creating ...
2019-10-14 13:01:55,166 [pool-413-thread-1] INFO  server.RaftServerConfigKeys (ConfUtils.java:logGet(43)) - raft.server.rpc.timeout.max = 5200ms (custom)
2019-10-14 13:01:55,166 [pool-433-thread-1] INFO  server.RaftServerConfigKeys (ConfUtils.java:logGet(43)) - raft.server.log.appender.install.snapshot.enabled = false (custom)
2019-10-14 13:01:55,166 [pool-413-thread-1] INFO  server.RaftServerConfigKeys (ConfUtils.java:logGet(43)) - raft.server.rpcslowness.timeout = 120s (custom)
2019-10-14 13:01:55,166 [pool-433-thread-1] INFO  impl.RaftServerImpl (ServerState.java:<init>(103)) - 8e347cd9-0de4-45ca-b367-728cd237bdb9@group-DD89DAE1FCF3: ConfigurationManager, init=-1: [d38974ca-1524-4a91-a493-cc1ecc29d194:192.168.151.107:43364, b865abd1-69fe-466b-9343-95a09c0209e3:192.168.151.107:43895, 8e347cd9-0de4-45ca-b367-728cd237bdb9:192.168.151.107:34527], old=null, confs=<EMPTY_MAP>
2019-10-14 13:01:55,166 [pool-413-thread-1] INFO  server.RaftServerConfigKeys (ConfUtils.java:logGet(43)) - raft.server.sleep.deviation.threshold = 300 (default)
2019-10-14 13:01:55,167 [pool-433-thread-1] INFO  server.RaftServerConfigKeys (ConfUtils.java:logGet(43)) - raft.server.storage.dir = [/workdir/hadoop-ozone/integration-test/target/test-dir/MiniOzoneClusterImpl-d7cc1525-03b4-4177-b7bb-10a3025151f7/datanode-5/data/ratis] (custom)
2019-10-14 13:01:55,167 [pool-413-thread-1] INFO  server.RaftServerConfigKeys (ConfUtils.java:logGet(43)) - raft.server.log.appender.install.snapshot.enabled = false (custom)
2019-10-14 13:01:55,167 [pool-413-thread-1] INFO  impl.RaftServerImpl (ServerState.java:<init>(103)) - d38974ca-1524-4a91-a493-cc1ecc29d194@group-DD89DAE1FCF3: ConfigurationManager, init=-1: [d38974ca-1524-4a91-a493-cc1ecc29d194:192.168.151.107:43364, b865abd1-69fe-466b-9343-95a09c0209e3:192.168.151.107:43895, 8e347cd9-0de4-45ca-b367-728cd237bdb9:192.168.151.107:34527], old=null, confs=<EMPTY_MAP>
2019-10-14 13:01:55,167 [pool-433-thread-1] INFO  server.RaftServerConfigKeys (ConfUtils.java:logGet(43)) - raft.server.log.corruption.policy = EXCEPTION (default)
2019-10-14 13:01:55,167 [pool-413-thread-1] INFO  server.RaftServerConfigKeys (ConfUtils.java:logGet(43)) - raft.server.storage.dir = [/workdir/hadoop-ozone/integration-test/target/test-dir/MiniOzoneClusterImpl-d7cc1525-03b4-4177-b7bb-10a3025151f7/datanode-3/data/ratis] (custom)
2019-10-14 13:01:55,167 [pool-433-thread-1] INFO  storage.RaftStorageDirectory (RaftStorageDirectory.java:analyzeStorage(246)) - The storage directory /workdir/hadoop-ozone/integration-test/target/test-dir/MiniOzoneClusterImpl-d7cc1525-03b4-4177-b7bb-10a3025151f7/datanode-5/data/ratis/632de569-ebaf-4684-9b53-dd89dae1fcf3 does not exist. Creating ...
2019-10-14 13:01:55,167 [pool-413-thread-1] INFO  server.RaftServerConfigKeys (ConfUtils.java:logGet(43)) - raft.server.log.corruption.policy = EXCEPTION (default)
2019-10-14 13:01:55,167 [pool-413-thread-1] INFO  storage.RaftStorageDirectory (RaftStorageDirectory.java:analyzeStorage(246)) - The storage directory /workdir/hadoop-ozone/integration-test/target/test-dir/MiniOzoneClusterImpl-d7cc1525-03b4-4177-b7bb-10a3025151f7/datanode-3/data/ratis/632de569-ebaf-4684-9b53-dd89dae1fcf3 does not exist. Creating ...
2019-10-14 13:01:55,186 [pool-443-thread-1] INFO  storage.RaftStorageDirectory (RaftStorageDirectory.java:tryLock(328)) - Lock on /workdir/hadoop-ozone/integration-test/target/test-dir/MiniOzoneClusterImpl-d7cc1525-03b4-4177-b7bb-10a3025151f7/datanode-6/data/ratis/632de569-ebaf-4684-9b53-dd89dae1fcf3/in_use.lock acquired by nodename 26042@pr-hdds-2299-hlwdq-549545603
2019-10-14 13:01:55,186 [pool-433-thread-1] INFO  storage.RaftStorageDirectory (RaftStorageDirectory.java:tryLock(328)) - Lock on /workdir/hadoop-ozone/integration-test/target/test-dir/MiniOzoneClusterImpl-d7cc1525-03b4-4177-b7bb-10a3025151f7/datanode-5/data/ratis/632de569-ebaf-4684-9b53-dd89dae1fcf3/in_use.lock acquired by nodename 26042@pr-hdds-2299-hlwdq-549545603
2019-10-14 13:01:55,186 [pool-413-thread-1] INFO  storage.RaftStorageDirectory (RaftStorageDirectory.java:tryLock(328)) - Lock on /workdir/hadoop-ozone/integration-test/target/test-dir/MiniOzoneClusterImpl-d7cc1525-03b4-4177-b7bb-10a3025151f7/datanode-3/data/ratis/632de569-ebaf-4684-9b53-dd89dae1fcf3/in_use.lock acquired by nodename 26042@pr-hdds-2299-hlwdq-549545603
2019-10-14 13:01:55,195 [pool-413-thread-1] INFO  storage.RaftStorage (RaftStorage.java:format(84)) - Storage directory /workdir/hadoop-ozone/integration-test/target/test-dir/MiniOzoneClusterImpl-d7cc1525-03b4-4177-b7bb-10a3025151f7/datanode-3/data/ratis/632de569-ebaf-4684-9b53-dd89dae1fcf3 has been successfully formatted.
2019-10-14 13:01:55,195 [pool-433-thread-1] INFO  storage.RaftStorage (RaftStorage.java:format(84)) - Storage directory /workdir/hadoop-ozone/integration-test/target/test-dir/MiniOzoneClusterImpl-d7cc1525-03b4-4177-b7bb-10a3025151f7/datanode-5/data/ratis/632de569-ebaf-4684-9b53-dd89dae1fcf3 has been successfully formatted.
2019-10-14 13:01:55,195 [pool-443-thread-1] INFO  storage.RaftStorage (RaftStorage.java:format(84)) - Storage directory /workdir/hadoop-ozone/integration-test/target/test-dir/MiniOzoneClusterImpl-d7cc1525-03b4-4177-b7bb-10a3025151f7/datanode-6/data/ratis/632de569-ebaf-4684-9b53-dd89dae1fcf3 has been successfully formatted.
2019-10-14 13:01:55,195 [pool-433-thread-1] INFO  ratis.ContainerStateMachine (ContainerStateMachine.java:loadSnapshot(231)) - group-DD89DAE1FCF3: The snapshot info is null. Setting the last applied indexto:(t:0, i:~)
2019-10-14 13:01:55,195 [pool-413-thread-1] INFO  ratis.ContainerStateMachine (ContainerStateMachine.java:loadSnapshot(231)) - group-DD89DAE1FCF3: The snapshot info is null. Setting the last applied indexto:(t:0, i:~)
2019-10-14 13:01:55,196 [pool-433-thread-1] INFO  server.RaftServerConfigKeys (ConfUtils.java:logGet(43)) - raft.server.notification.no-leader.timeout = 120s (custom)
2019-10-14 13:01:55,196 [pool-443-thread-1] INFO  ratis.ContainerStateMachine (ContainerStateMachine.java:loadSnapshot(231)) - group-DD89DAE1FCF3: The snapshot info is null. Setting the last applied indexto:(t:0, i:~)
2019-10-14 13:01:55,196 [pool-433-thread-1] INFO  server.RaftServerConfigKeys (ConfUtils.java:logGet(43)) - raft.server.log.use.memory = false (default)
2019-10-14 13:01:55,196 [pool-413-thread-1] INFO  server.RaftServerConfigKeys (ConfUtils.java:logGet(43)) - raft.server.notification.no-leader.timeout = 120s (custom)
2019-10-14 13:01:55,196 [pool-433-thread-1] INFO  server.RaftServerConfigKeys (ConfUtils.java:logGet(43)) - raft.server.log.purge.gap = 1000000 (custom)
2019-10-14 13:01:55,196 [pool-443-thread-1] INFO  server.RaftServerConfigKeys (ConfUtils.java:logGet(43)) - raft.server.notification.no-leader.timeout = 120s (custom)
2019-10-14 13:01:55,196 [pool-433-thread-1] INFO  server.RaftServerConfigKeys (ConfUtils.java:logGet(43)) - raft.server.log.appender.buffer.byte-limit = 33554432 (custom)
2019-10-14 13:01:55,196 [pool-413-thread-1] INFO  server.RaftServerConfigKeys (ConfUtils.java:logGet(43)) - raft.server.log.use.memory = false (default)
2019-10-14 13:01:55,197 [pool-433-thread-1] INFO  server.RaftServerConfigKeys (ConfUtils.java:logGet(43)) - raft.server.log.segment.size.max = 1048576 (custom)
2019-10-14 13:01:55,196 [pool-443-thread-1] INFO  server.RaftServerConfigKeys (ConfUtils.java:logGet(43)) - raft.server.log.use.memory = false (default)
2019-10-14 13:01:55,197 [pool-433-thread-1] INFO  server.RaftServerConfigKeys (ConfUtils.java:logGet(43)) - raft.server.log.segment.cache.num.max = 2 (custom)
2019-10-14 13:01:55,197 [pool-413-thread-1] INFO  server.RaftServerConfigKeys (ConfUtils.java:logGet(43)) - raft.server.log.purge.gap = 1000000 (custom)
2019-10-14 13:01:55,197 [pool-433-thread-1] INFO  segmented.SegmentedRaftLogWorker (SegmentedRaftLogWorker.java:<init>(173)) - new 8e347cd9-0de4-45ca-b367-728cd237bdb9@group-DD89DAE1FCF3-SegmentedRaftLogWorker for RaftStorage:Storage Directory /workdir/hadoop-ozone/integration-test/target/test-dir/MiniOzoneClusterImpl-d7cc1525-03b4-4177-b7bb-10a3025151f7/datanode-5/data/ratis/632de569-ebaf-4684-9b53-dd89dae1fcf3
2019-10-14 13:01:55,197 [pool-443-thread-1] INFO  server.RaftServerConfigKeys (ConfUtils.java:logGet(43)) - raft.server.log.purge.gap = 1000000 (custom)
2019-10-14 13:01:55,197 [pool-433-thread-1] INFO  server.RaftServerConfigKeys (ConfUtils.java:logGet(43)) - raft.server.log.queue.byte-limit = 2147483647 (custom)
2019-10-14 13:01:55,198 [pool-433-thread-1] INFO  server.RaftServerConfigKeys (ConfUtils.java:logGet(43)) - raft.server.log.queue.element-limit = 1024 (custom)
2019-10-14 13:01:55,197 [pool-413-thread-1] INFO  server.RaftServerConfigKeys (ConfUtils.java:logGet(43)) - raft.server.log.appender.buffer.byte-limit = 33554432 (custom)
2019-10-14 13:01:55,198 [pool-433-thread-1] INFO  server.RaftServerConfigKeys (ConfUtils.java:logGet(43)) - raft.server.log.segment.size.max = 1048576 (custom)
2019-10-14 13:01:55,197 [pool-443-thread-1] INFO  server.RaftServerConfigKeys (ConfUtils.java:logGet(43)) - raft.server.log.appender.buffer.byte-limit = 33554432 (custom)
2019-10-14 13:01:55,198 [pool-433-thread-1] INFO  server.RaftServerConfigKeys (ConfUtils.java:logGet(43)) - raft.server.log.preallocated.size = 16384 (custom)
2019-10-14 13:01:55,198 [pool-413-thread-1] INFO  server.RaftServerConfigKeys (ConfUtils.java:logGet(43)) - raft.server.log.segment.size.max = 1048576 (custom)
2019-10-14 13:01:55,198 [pool-433-thread-1] INFO  server.RaftServerConfigKeys (ConfUtils.java:logGet(43)) - raft.server.log.write.buffer.size = 33554432 (custom)
2019-10-14 13:01:55,198 [pool-443-thread-1] INFO  server.RaftServerConfigKeys (ConfUtils.java:logGet(43)) - raft.server.log.segment.size.max = 1048576 (custom)
2019-10-14 13:01:55,199 [pool-433-thread-1] INFO  server.RaftServerConfigKeys (ConfUtils.java:logGet(43)) - raft.server.log.force.sync.num = 128 (default)
2019-10-14 13:01:55,198 [pool-413-thread-1] INFO  server.RaftServerConfigKeys (ConfUtils.java:logGet(43)) - raft.server.log.segment.cache.num.max = 2 (custom)
2019-10-14 13:01:55,199 [pool-433-thread-1] INFO  server.RaftServerConfigKeys (ConfUtils.java:logGet(43)) - raft.server.log.statemachine.data.sync = true (default)
2019-10-14 13:01:55,199 [pool-443-thread-1] INFO  server.RaftServerConfigKeys (ConfUtils.java:logGet(43)) - raft.server.log.segment.cache.num.max = 2 (custom)
2019-10-14 13:01:55,199 [pool-433-thread-1] INFO  server.RaftServerConfigKeys (ConfUtils.java:logGet(43)) - raft.server.log.statemachine.data.sync.timeout = 10s (default)
2019-10-14 13:01:55,199 [pool-413-thread-1] INFO  segmented.SegmentedRaftLogWorker (SegmentedRaftLogWorker.java:<init>(173)) - new d38974ca-1524-4a91-a493-cc1ecc29d194@group-DD89DAE1FCF3-SegmentedRaftLogWorker for RaftStorage:Storage Directory /workdir/hadoop-ozone/integration-test/target/test-dir/MiniOzoneClusterImpl-d7cc1525-03b4-4177-b7bb-10a3025151f7/datanode-3/data/ratis/632de569-ebaf-4684-9b53-dd89dae1fcf3
2019-10-14 13:01:55,199 [pool-433-thread-1] INFO  server.RaftServerConfigKeys (ConfUtils.java:logGet(43)) - raft.server.log.statemachine.data.sync.timeout.retry = -1 (default)
2019-10-14 13:01:55,199 [pool-443-thread-1] INFO  segmented.SegmentedRaftLogWorker (SegmentedRaftLogWorker.java:<init>(173)) - new b865abd1-69fe-466b-9343-95a09c0209e3@group-DD89DAE1FCF3-SegmentedRaftLogWorker for RaftStorage:Storage Directory /workdir/hadoop-ozone/integration-test/target/test-dir/MiniOzoneClusterImpl-d7cc1525-03b4-4177-b7bb-10a3025151f7/datanode-6/data/ratis/632de569-ebaf-4684-9b53-dd89dae1fcf3
2019-10-14 13:01:55,200 [pool-433-thread-1] INFO  server.RaftServerConfigKeys (ConfUtils.java:logGet(43)) - raft.server.log.statemachine.data.caching.enabled = true (custom)
2019-10-14 13:01:55,199 [pool-413-thread-1] INFO  server.RaftServerConfigKeys (ConfUtils.java:logGet(43)) - raft.server.log.queue.byte-limit = 2147483647 (custom)
2019-10-14 13:01:55,200 [pool-443-thread-1] INFO  server.RaftServerConfigKeys (ConfUtils.java:logGet(43)) - raft.server.log.queue.byte-limit = 2147483647 (custom)
2019-10-14 13:01:55,200 [pool-433-thread-1] INFO  segmented.SegmentedRaftLogWorker (SegmentedRaftLogWorker.java:lambda$new$0(128)) - 8e347cd9-0de4-45ca-b367-728cd237bdb9@group-DD89DAE1FCF3-SegmentedRaftLogWorker: flushIndex: setUnconditionally 0 -> -1
2019-10-14 13:01:55,200 [pool-413-thread-1] INFO  server.RaftServerConfigKeys (ConfUtils.java:logGet(43)) - raft.server.log.queue.element-limit = 1024 (custom)
2019-10-14 13:01:55,200 [pool-443-thread-1] INFO  server.RaftServerConfigKeys (ConfUtils.java:logGet(43)) - raft.server.log.queue.element-limit = 1024 (custom)
2019-10-14 13:01:55,200 [pool-433-thread-1] INFO  server.RaftServerConfigKeys (ConfUtils.java:logGet(43)) - raft.server.snapshot.auto.trigger.enabled = true (custom)
2019-10-14 13:01:55,200 [pool-413-thread-1] INFO  server.RaftServerConfigKeys (ConfUtils.java:logGet(43)) - raft.server.log.segment.size.max = 1048576 (custom)
2019-10-14 13:01:55,201 [pool-433-thread-1] INFO  server.RaftServerConfigKeys (ConfUtils.java:logGet(43)) - raft.server.snapshot.auto.trigger.threshold = 10000 (custom)
2019-10-14 13:01:55,201 [pool-443-thread-1] INFO  server.RaftServerConfigKeys (ConfUtils.java:logGet(43)) - raft.server.log.segment.size.max = 1048576 (custom)
2019-10-14 13:01:55,201 [pool-433-thread-1] INFO  server.RaftServerConfigKeys (ConfUtils.java:logGet(43)) - raft.server.snapshot.retention.file.num = 5 (custom)
2019-10-14 13:01:55,201 [pool-413-thread-1] INFO  server.RaftServerConfigKeys (ConfUtils.java:logGet(43)) - raft.server.log.preallocated.size = 16384 (custom)
2019-10-14 13:01:55,201 [pool-433-thread-1] INFO  server.RaftServerConfigKeys (ConfUtils.java:logGet(43)) - raft.server.retrycache.expirytime = 600000ms (custom)
2019-10-14 13:01:55,201 [pool-443-thread-1] INFO  server.RaftServerConfigKeys (ConfUtils.java:logGet(43)) - raft.server.log.preallocated.size = 16384 (custom)
2019-10-14 13:01:55,201 [pool-413-thread-1] INFO  server.RaftServerConfigKeys (ConfUtils.java:logGet(43)) - raft.server.log.write.buffer.size = 33554432 (custom)
2019-10-14 13:01:55,202 [pool-443-thread-1] INFO  server.RaftServerConfigKeys (ConfUtils.java:logGet(43)) - raft.server.log.write.buffer.size = 33554432 (custom)
2019-10-14 13:01:55,202 [pool-413-thread-1] INFO  server.RaftServerConfigKeys (ConfUtils.java:logGet(43)) - raft.server.log.force.sync.num = 128 (default)
2019-10-14 13:01:55,202 [pool-443-thread-1] INFO  server.RaftServerConfigKeys (ConfUtils.java:logGet(43)) - raft.server.log.force.sync.num = 128 (default)
2019-10-14 13:01:55,202 [pool-413-thread-1] INFO  server.RaftServerConfigKeys (ConfUtils.java:logGet(43)) - raft.server.log.statemachine.data.sync = true (default)
2019-10-14 13:01:55,202 [pool-443-thread-1] INFO  server.RaftServerConfigKeys (ConfUtils.java:logGet(43)) - raft.server.log.statemachine.data.sync = true (default)
2019-10-14 13:01:55,202 [pool-413-thread-1] INFO  server.RaftServerConfigKeys (ConfUtils.java:logGet(43)) - raft.server.log.statemachine.data.sync.timeout = 10s (default)
2019-10-14 13:01:55,202 [pool-413-thread-1] INFO  server.RaftServerConfigKeys (ConfUtils.java:logGet(43)) - raft.server.log.statemachine.data.sync.timeout.retry = -1 (default)
2019-10-14 13:01:55,202 [pool-443-thread-1] INFO  server.RaftServerConfigKeys (ConfUtils.java:logGet(43)) - raft.server.log.statemachine.data.sync.timeout = 10s (default)
2019-10-14 13:01:55,203 [pool-413-thread-1] INFO  server.RaftServerConfigKeys (ConfUtils.java:logGet(43)) - raft.server.log.statemachine.data.caching.enabled = true (custom)
2019-10-14 13:01:55,203 [pool-443-thread-1] INFO  server.RaftServerConfigKeys (ConfUtils.java:logGet(43)) - raft.server.log.statemachine.data.sync.timeout.retry = -1 (default)
2019-10-14 13:01:55,203 [pool-413-thread-1] INFO  segmented.SegmentedRaftLogWorker (SegmentedRaftLogWorker.java:lambda$new$0(128)) - d38974ca-1524-4a91-a493-cc1ecc29d194@group-DD89DAE1FCF3-SegmentedRaftLogWorker: flushIndex: setUnconditionally 0 -> -1
2019-10-14 13:01:55,203 [pool-443-thread-1] INFO  server.RaftServerConfigKeys (ConfUtils.java:logGet(43)) - raft.server.log.statemachine.data.caching.enabled = true (custom)
2019-10-14 13:01:55,203 [pool-413-thread-1] INFO  server.RaftServerConfigKeys (ConfUtils.java:logGet(43)) - raft.server.snapshot.auto.trigger.enabled = true (custom)
2019-10-14 13:01:55,203 [pool-413-thread-1] INFO  server.RaftServerConfigKeys (ConfUtils.java:logGet(43)) - raft.server.snapshot.auto.trigger.threshold = 10000 (custom)
2019-10-14 13:01:55,203 [pool-413-thread-1] INFO  server.RaftServerConfigKeys (ConfUtils.java:logGet(43)) - raft.server.snapshot.retention.file.num = 5 (custom)
2019-10-14 13:01:55,203 [pool-433-thread-1] INFO  impl.RaftServerImpl (RaftServerImpl.java:start(181)) - 8e347cd9-0de4-45ca-b367-728cd237bdb9@group-DD89DAE1FCF3: start as a follower, conf=-1: [d38974ca-1524-4a91-a493-cc1ecc29d194:192.168.151.107:43364, b865abd1-69fe-466b-9343-95a09c0209e3:192.168.151.107:43895, 8e347cd9-0de4-45ca-b367-728cd237bdb9:192.168.151.107:34527], old=null
2019-10-14 13:01:55,203 [pool-443-thread-1] INFO  segmented.SegmentedRaftLogWorker (SegmentedRaftLogWorker.java:lambda$new$0(128)) - b865abd1-69fe-466b-9343-95a09c0209e3@group-DD89DAE1FCF3-SegmentedRaftLogWorker: flushIndex: setUnconditionally 0 -> -1
2019-10-14 13:01:55,204 [pool-433-thread-1] INFO  impl.RaftServerImpl (RaftServerImpl.java:setRole(170)) - 8e347cd9-0de4-45ca-b367-728cd237bdb9@group-DD89DAE1FCF3: changes role from      null to FOLLOWER at term 0 for startAsFollower
2019-10-14 13:01:55,203 [pool-413-thread-1] INFO  server.RaftServerConfigKeys (ConfUtils.java:logGet(43)) - raft.server.retrycache.expirytime = 600000ms (custom)
2019-10-14 13:01:55,204 [pool-433-thread-1] INFO  impl.RoleInfo (RoleInfo.java:updateAndGet(143)) - 8e347cd9-0de4-45ca-b367-728cd237bdb9: start FollowerState
2019-10-14 13:01:55,204 [pool-443-thread-1] INFO  server.RaftServerConfigKeys (ConfUtils.java:logGet(43)) - raft.server.snapshot.auto.trigger.enabled = true (custom)
2019-10-14 13:01:55,204 [pool-443-thread-1] INFO  server.RaftServerConfigKeys (ConfUtils.java:logGet(43)) - raft.server.snapshot.auto.trigger.threshold = 10000 (custom)
2019-10-14 13:01:55,204 [pool-433-thread-1] INFO  util.JmxRegister (JmxRegister.java:tryRegister(44)) - Successfully registered JMX Bean with object name Ratis:service=RaftServer,group=group-DD89DAE1FCF3,id=8e347cd9-0de4-45ca-b367-728cd237bdb9
2019-10-14 13:01:55,204 [pool-443-thread-1] INFO  server.RaftServerConfigKeys (ConfUtils.java:logGet(43)) - raft.server.snapshot.retention.file.num = 5 (custom)
2019-10-14 13:01:55,205 [pool-443-thread-1] INFO  server.RaftServerConfigKeys (ConfUtils.java:logGet(43)) - raft.server.retrycache.expirytime = 600000ms (custom)
2019-10-14 13:01:55,205 [pool-413-thread-1] INFO  impl.RaftServerImpl (RaftServerImpl.java:start(181)) - d38974ca-1524-4a91-a493-cc1ecc29d194@group-DD89DAE1FCF3: start as a follower, conf=-1: [d38974ca-1524-4a91-a493-cc1ecc29d194:192.168.151.107:43364, b865abd1-69fe-466b-9343-95a09c0209e3:192.168.151.107:43895, 8e347cd9-0de4-45ca-b367-728cd237bdb9:192.168.151.107:34527], old=null
2019-10-14 13:01:55,205 [pool-413-thread-1] INFO  impl.RaftServerImpl (RaftServerImpl.java:setRole(170)) - d38974ca-1524-4a91-a493-cc1ecc29d194@group-DD89DAE1FCF3: changes role from      null to FOLLOWER at term 0 for startAsFollower
2019-10-14 13:01:55,205 [pool-413-thread-1] INFO  impl.RoleInfo (RoleInfo.java:updateAndGet(143)) - d38974ca-1524-4a91-a493-cc1ecc29d194: start FollowerState
2019-10-14 13:01:55,206 [pool-413-thread-1] INFO  util.JmxRegister (JmxRegister.java:tryRegister(44)) - Successfully registered JMX Bean with object name Ratis:service=RaftServer,group=group-DD89DAE1FCF3,id=d38974ca-1524-4a91-a493-cc1ecc29d194
2019-10-14 13:01:55,208 [pool-443-thread-1] INFO  impl.RaftServerImpl (RaftServerImpl.java:start(181)) - b865abd1-69fe-466b-9343-95a09c0209e3@group-DD89DAE1FCF3: start as a follower, conf=-1: [d38974ca-1524-4a91-a493-cc1ecc29d194:192.168.151.107:43364, b865abd1-69fe-466b-9343-95a09c0209e3:192.168.151.107:43895, 8e347cd9-0de4-45ca-b367-728cd237bdb9:192.168.151.107:34527], old=null
2019-10-14 13:01:55,208 [pool-443-thread-1] INFO  impl.RaftServerImpl (RaftServerImpl.java:setRole(170)) - b865abd1-69fe-466b-9343-95a09c0209e3@group-DD89DAE1FCF3: changes role from      null to FOLLOWER at term 0 for startAsFollower
2019-10-14 13:01:55,208 [pool-443-thread-1] INFO  impl.RoleInfo (RoleInfo.java:updateAndGet(143)) - b865abd1-69fe-466b-9343-95a09c0209e3: start FollowerState
2019-10-14 13:01:55,209 [pool-443-thread-1] INFO  util.JmxRegister (JmxRegister.java:tryRegister(44)) - Successfully registered JMX Bean with object name Ratis:service=RaftServer,group=group-DD89DAE1FCF3,id=b865abd1-69fe-466b-9343-95a09c0209e3
2019-10-14 13:01:55,212 [RatisPipelineUtilsThread] INFO  pipeline.PipelineStateManager (PipelineStateManager.java:addPipeline(56)) - Created pipeline Pipeline[ Id: 632de569-ebaf-4684-9b53-dd89dae1fcf3, Nodes: b865abd1-69fe-466b-9343-95a09c0209e3{ip: 192.168.151.107, host: pr-hdds-2299-hlwdq-549545603, networkLocation: /default-rack, certSerialId: null}d38974ca-1524-4a91-a493-cc1ecc29d194{ip: 192.168.151.107, host: pr-hdds-2299-hlwdq-549545603, networkLocation: /default-rack, certSerialId: null}8e347cd9-0de4-45ca-b367-728cd237bdb9{ip: 192.168.151.107, host: pr-hdds-2299-hlwdq-549545603, networkLocation: /default-rack, certSerialId: null}, Type:RATIS, Factor:THREE, State:OPEN]
2019-10-14 13:01:56,734 [grpc-default-executor-6] WARN  server.GrpcLogAppender (LogUtils.java:warn(134)) - 3f353dff-fbf1-45e1-b8dc-90047666ac7f@group-FDD512E035A0->82ffce00-55a6-43cb-a809-ae8d063a0f95-AppendLogResponseHandler: Failed appendEntries: org.apache.ratis.thirdparty.io.grpc.StatusRuntimeException: UNAVAILABLE: io exception
2019-10-14 13:01:56,734 [grpc-default-executor-6] INFO  impl.FollowerInfo (FollowerInfo.java:lambda$new$0(51)) - 3f353dff-fbf1-45e1-b8dc-90047666ac7f@group-FDD512E035A0->82ffce00-55a6-43cb-a809-ae8d063a0f95: nextIndex: updateUnconditionally 0 -> 0
2019-10-14 13:01:56,734 [grpc-default-executor-1] WARN  server.GrpcLogAppender (LogUtils.java:warn(134)) - 3f353dff-fbf1-45e1-b8dc-90047666ac7f@group-FDD512E035A0->1da6bb09-916d-4199-b6ac-9e9059830af0-AppendLogResponseHandler: Failed appendEntries: org.apache.ratis.thirdparty.io.grpc.StatusRuntimeException: UNAVAILABLE: io exception
2019-10-14 13:01:56,734 [grpc-default-executor-1] INFO  impl.FollowerInfo (FollowerInfo.java:lambda$new$0(51)) - 3f353dff-fbf1-45e1-b8dc-90047666ac7f@group-FDD512E035A0->1da6bb09-916d-4199-b6ac-9e9059830af0: nextIndex: updateUnconditionally 0 -> 0
2019-10-14 13:01:57,514 [Thread-2297] INFO  container.ReplicationManager (ReplicationManager.java:start(162)) - Starting Replication Monitor Thread.
2019-10-14 13:01:57,518 [ReplicationMonitor] INFO  container.ReplicationManager (ReplicationManager.java:run(225)) - Replication Monitor Thread took 0 milliseconds for processing 1 containers.
2019-10-14 13:01:59,234 [grpc-default-executor-4] WARN  server.GrpcLogAppender (LogUtils.java:warn(134)) - 3f353dff-fbf1-45e1-b8dc-90047666ac7f@group-FDD512E035A0->82ffce00-55a6-43cb-a809-ae8d063a0f95-AppendLogResponseHandler: Failed appendEntries: org.apache.ratis.thirdparty.io.grpc.StatusRuntimeException: UNAVAILABLE: io exception
2019-10-14 13:01:59,234 [grpc-default-executor-8] WARN  server.GrpcLogAppender (LogUtils.java:warn(134)) - 3f353dff-fbf1-45e1-b8dc-90047666ac7f@group-FDD512E035A0->1da6bb09-916d-4199-b6ac-9e9059830af0-AppendLogResponseHandler: Failed appendEntries: org.apache.ratis.thirdparty.io.grpc.StatusRuntimeException: UNAVAILABLE: io exception
2019-10-14 13:01:59,235 [grpc-default-executor-4] INFO  impl.FollowerInfo (FollowerInfo.java:lambda$new$0(51)) - 3f353dff-fbf1-45e1-b8dc-90047666ac7f@group-FDD512E035A0->82ffce00-55a6-43cb-a809-ae8d063a0f95: nextIndex: updateUnconditionally 0 -> 0
2019-10-14 13:01:59,235 [grpc-default-executor-8] INFO  impl.FollowerInfo (FollowerInfo.java:lambda$new$0(51)) - 3f353dff-fbf1-45e1-b8dc-90047666ac7f@group-FDD512E035A0->1da6bb09-916d-4199-b6ac-9e9059830af0: nextIndex: updateUnconditionally 0 -> 0
2019-10-14 13:01:59,673 [Thread-2299] INFO  impl.FollowerState (FollowerState.java:run(108)) - 6d5882c0-7b37-45c4-bca3-490e9467e84a@group-6EDB60B9F889-FollowerState: change to CANDIDATE, lastRpcTime:5107ms, electionTimeout:5107ms
2019-10-14 13:01:59,673 [Thread-2299] INFO  impl.RoleInfo (RoleInfo.java:shutdownFollowerState(121)) - 6d5882c0-7b37-45c4-bca3-490e9467e84a: shutdown FollowerState
2019-10-14 13:01:59,673 [Thread-2299] INFO  impl.RaftServerImpl (RaftServerImpl.java:setRole(170)) - 6d5882c0-7b37-45c4-bca3-490e9467e84a@group-6EDB60B9F889: changes role from  FOLLOWER to CANDIDATE at term 0 for changeToCandidate
2019-10-14 13:01:59,674 [Thread-2299] INFO  impl.RoleInfo (RoleInfo.java:updateAndGet(143)) - 6d5882c0-7b37-45c4-bca3-490e9467e84a: start LeaderElection
2019-10-14 13:01:59,698 [6d5882c0-7b37-45c4-bca3-490e9467e84a@group-6EDB60B9F889-LeaderElection56] INFO  impl.LeaderElection (LeaderElection.java:askForVotes(178)) - 6d5882c0-7b37-45c4-bca3-490e9467e84a@group-6EDB60B9F889-LeaderElection56: begin an election at term 1 for -1: [6d5882c0-7b37-45c4-bca3-490e9467e84a:192.168.151.107:45954], old=null
2019-10-14 13:01:59,698 [6d5882c0-7b37-45c4-bca3-490e9467e84a@group-6EDB60B9F889-LeaderElection56] INFO  impl.RoleInfo (RoleInfo.java:shutdownLeaderElection(134)) - 6d5882c0-7b37-45c4-bca3-490e9467e84a: shutdown LeaderElection
2019-10-14 13:01:59,698 [6d5882c0-7b37-45c4-bca3-490e9467e84a@group-6EDB60B9F889-LeaderElection56] INFO  impl.RaftServerImpl (RaftServerImpl.java:setRole(170)) - 6d5882c0-7b37-45c4-bca3-490e9467e84a@group-6EDB60B9F889: changes role from CANDIDATE to LEADER at term 1 for changeToLeader
2019-10-14 13:01:59,698 [6d5882c0-7b37-45c4-bca3-490e9467e84a@group-6EDB60B9F889-LeaderElection56] INFO  impl.RaftServerImpl (ServerState.java:setLeader(255)) - 6d5882c0-7b37-45c4-bca3-490e9467e84a@group-6EDB60B9F889: change Leader from null to 6d5882c0-7b37-45c4-bca3-490e9467e84a at term 1 for becomeLeader, leader elected after 5142ms
2019-10-14 13:01:59,699 [6d5882c0-7b37-45c4-bca3-490e9467e84a@group-6EDB60B9F889-LeaderElection56] INFO  server.RaftServerConfigKeys (ConfUtils.java:logGet(43)) - raft.server.staging.catchup.gap = 1000 (default)
2019-10-14 13:01:59,699 [6d5882c0-7b37-45c4-bca3-490e9467e84a@group-6EDB60B9F889-LeaderElection56] INFO  server.RaftServerConfigKeys (ConfUtils.java:logGet(43)) - raft.server.rpc.sleep.time = 25ms (default)
2019-10-14 13:01:59,699 [6d5882c0-7b37-45c4-bca3-490e9467e84a@group-6EDB60B9F889-LeaderElection56] INFO  server.RaftServerConfigKeys (ConfUtils.java:logGet(43)) - raft.server.write.element-limit = 4096 (default)
2019-10-14 13:01:59,699 [6d5882c0-7b37-45c4-bca3-490e9467e84a@group-6EDB60B9F889-LeaderElection56] INFO  server.RaftServerConfigKeys (ConfUtils.java:logGet(43)) - raft.server.watch.timeout = 10s (default)
2019-10-14 13:01:59,699 [6d5882c0-7b37-45c4-bca3-490e9467e84a@group-6EDB60B9F889-LeaderElection56] INFO  server.RaftServerConfigKeys (ConfUtils.java:logGet(43)) - raft.server.watch.timeout.denomination = 1s (default)
2019-10-14 13:01:59,699 [6d5882c0-7b37-45c4-bca3-490e9467e84a@group-6EDB60B9F889-LeaderElection56] INFO  server.RaftServerConfigKeys (ConfUtils.java:logGet(43)) - raft.server.watch.element-limit = 65536 (default)
2019-10-14 13:01:59,700 [6d5882c0-7b37-45c4-bca3-490e9467e84a@group-6EDB60B9F889-LeaderElection56] INFO  impl.RoleInfo (RoleInfo.java:updateAndGet(143)) - 6d5882c0-7b37-45c4-bca3-490e9467e84a: start LeaderState
2019-10-14 13:01:59,701 [6d5882c0-7b37-45c4-bca3-490e9467e84a@group-6EDB60B9F889-LeaderElection56] INFO  segmented.SegmentedRaftLogWorker (SegmentedRaftLogWorker.java:startLogSegment(385)) - 6d5882c0-7b37-45c4-bca3-490e9467e84a@group-6EDB60B9F889-SegmentedRaftLogWorker: Starting segment from index:0
2019-10-14 13:01:59,701 [6d5882c0-7b37-45c4-bca3-490e9467e84a@group-6EDB60B9F889-LeaderElection56] INFO  impl.RaftServerImpl (ServerState.java:setRaftConf(356)) - 6d5882c0-7b37-45c4-bca3-490e9467e84a@group-6EDB60B9F889: set configuration 0: [6d5882c0-7b37-45c4-bca3-490e9467e84a:192.168.151.107:45954], old=null at 0
2019-10-14 13:01:59,744 [6d5882c0-7b37-45c4-bca3-490e9467e84a@group-6EDB60B9F889-SegmentedRaftLogWorker] INFO  segmented.SegmentedRaftLogWorker (SegmentedRaftLogWorker.java:execute(574)) - 6d5882c0-7b37-45c4-bca3-490e9467e84a@group-6EDB60B9F889-SegmentedRaftLogWorker: created new log segment /workdir/hadoop-ozone/integration-test/target/test-dir/MiniOzoneClusterImpl-d7cc1525-03b4-4177-b7bb-10a3025151f7/datanode-0/data/ratis/53eba938-689c-49aa-8baf-6edb60b9f889/current/log_inprogress_0
2019-10-14 13:01:59,765 [Thread-2311] INFO  impl.FollowerState (FollowerState.java:run(108)) - a6fe904f-38aa-494b-9b18-48ceaa20fa11@group-DFADC55D3820-FollowerState: change to CANDIDATE, lastRpcTime:5010ms, electionTimeout:5010ms
2019-10-14 13:01:59,765 [Thread-2311] INFO  impl.RoleInfo (RoleInfo.java:shutdownFollowerState(121)) - a6fe904f-38aa-494b-9b18-48ceaa20fa11: shutdown FollowerState
2019-10-14 13:01:59,765 [Thread-2311] INFO  impl.RaftServerImpl (RaftServerImpl.java:setRole(170)) - a6fe904f-38aa-494b-9b18-48ceaa20fa11@group-DFADC55D3820: changes role from  FOLLOWER to CANDIDATE at term 0 for changeToCandidate
2019-10-14 13:01:59,765 [Thread-2311] INFO  impl.RoleInfo (RoleInfo.java:updateAndGet(143)) - a6fe904f-38aa-494b-9b18-48ceaa20fa11: start LeaderElection
2019-10-14 13:01:59,779 [a6fe904f-38aa-494b-9b18-48ceaa20fa11@group-DFADC55D3820-LeaderElection57] INFO  impl.LeaderElection (LeaderElection.java:askForVotes(178)) - a6fe904f-38aa-494b-9b18-48ceaa20fa11@group-DFADC55D3820-LeaderElection57: begin an election at term 1 for -1: [a6fe904f-38aa-494b-9b18-48ceaa20fa11:192.168.151.107:37214, 6d5882c0-7b37-45c4-bca3-490e9467e84a:192.168.151.107:45954, 72560939-34a3-48e9-b1ac-5ff43108b5ce:192.168.151.107:44441], old=null
2019-10-14 13:01:59,782 [grpc-default-executor-4] INFO  impl.RaftServerImpl (RaftServerImpl.java:setRole(170)) - 6d5882c0-7b37-45c4-bca3-490e9467e84a@group-DFADC55D3820: changes role from  FOLLOWER to FOLLOWER at term 1 for recognizeCandidate:a6fe904f-38aa-494b-9b18-48ceaa20fa11
2019-10-14 13:01:59,782 [grpc-default-executor-4] INFO  impl.RoleInfo (RoleInfo.java:shutdownFollowerState(121)) - 6d5882c0-7b37-45c4-bca3-490e9467e84a: shutdown FollowerState
2019-10-14 13:01:59,783 [grpc-default-executor-4] INFO  impl.RoleInfo (RoleInfo.java:updateAndGet(143)) - 6d5882c0-7b37-45c4-bca3-490e9467e84a: start FollowerState
2019-10-14 13:01:59,783 [Thread-2313] INFO  impl.FollowerState (FollowerState.java:run(117)) - 6d5882c0-7b37-45c4-bca3-490e9467e84a@group-DFADC55D3820-FollowerState was interrupted: java.lang.InterruptedException: sleep interrupted
2019-10-14 13:01:59,786 [grpc-default-executor-8] INFO  impl.RaftServerImpl (RaftServerImpl.java:setRole(170)) - 72560939-34a3-48e9-b1ac-5ff43108b5ce@group-DFADC55D3820: changes role from  FOLLOWER to FOLLOWER at term 1 for recognizeCandidate:a6fe904f-38aa-494b-9b18-48ceaa20fa11
2019-10-14 13:01:59,786 [grpc-default-executor-8] INFO  impl.RoleInfo (RoleInfo.java:shutdownFollowerState(121)) - 72560939-34a3-48e9-b1ac-5ff43108b5ce: shutdown FollowerState
2019-10-14 13:01:59,787 [grpc-default-executor-8] INFO  impl.RoleInfo (RoleInfo.java:updateAndGet(143)) - 72560939-34a3-48e9-b1ac-5ff43108b5ce: start FollowerState
2019-10-14 13:01:59,787 [Thread-2308] INFO  impl.FollowerState (FollowerState.java:run(117)) - 72560939-34a3-48e9-b1ac-5ff43108b5ce@group-DFADC55D3820-FollowerState was interrupted: java.lang.InterruptedException: sleep interrupted
2019-10-14 13:01:59,797 [Thread-2302] INFO  impl.FollowerState (FollowerState.java:run(108)) - a6fe904f-38aa-494b-9b18-48ceaa20fa11@group-051E01347B52-FollowerState: change to CANDIDATE, lastRpcTime:5179ms, electionTimeout:5179ms
2019-10-14 13:01:59,798 [Thread-2302] INFO  impl.RoleInfo (RoleInfo.java:shutdownFollowerState(121)) - a6fe904f-38aa-494b-9b18-48ceaa20fa11: shutdown FollowerState
2019-10-14 13:01:59,798 [Thread-2302] INFO  impl.RaftServerImpl (RaftServerImpl.java:setRole(170)) - a6fe904f-38aa-494b-9b18-48ceaa20fa11@group-051E01347B52: changes role from  FOLLOWER to CANDIDATE at term 0 for changeToCandidate
2019-10-14 13:01:59,798 [Thread-2302] INFO  impl.RoleInfo (RoleInfo.java:updateAndGet(143)) - a6fe904f-38aa-494b-9b18-48ceaa20fa11: start LeaderElection
2019-10-14 13:01:59,807 [a6fe904f-38aa-494b-9b18-48ceaa20fa11@group-DFADC55D3820-LeaderElection57] INFO  impl.LeaderElection (LeaderElection.java:logAndReturn(56)) - a6fe904f-38aa-494b-9b18-48ceaa20fa11@group-DFADC55D3820-LeaderElection57: Election PASSED; received 1 response(s) [a6fe904f-38aa-494b-9b18-48ceaa20fa11<-6d5882c0-7b37-45c4-bca3-490e9467e84a#0:OK-t1] and 0 exception(s); a6fe904f-38aa-494b-9b18-48ceaa20fa11@group-DFADC55D3820:t1, leader=null, voted=a6fe904f-38aa-494b-9b18-48ceaa20fa11, raftlog=a6fe904f-38aa-494b-9b18-48ceaa20fa11@group-DFADC55D3820-SegmentedRaftLog:OPENED:c-1,f-1,i0, conf=-1: [a6fe904f-38aa-494b-9b18-48ceaa20fa11:192.168.151.107:37214, 6d5882c0-7b37-45c4-bca3-490e9467e84a:192.168.151.107:45954, 72560939-34a3-48e9-b1ac-5ff43108b5ce:192.168.151.107:44441], old=null
2019-10-14 13:01:59,807 [a6fe904f-38aa-494b-9b18-48ceaa20fa11@group-DFADC55D3820-LeaderElection57] INFO  impl.RoleInfo (RoleInfo.java:shutdownLeaderElection(134)) - a6fe904f-38aa-494b-9b18-48ceaa20fa11: shutdown LeaderElection
2019-10-14 13:01:59,807 [a6fe904f-38aa-494b-9b18-48ceaa20fa11@group-DFADC55D3820-LeaderElection57] INFO  impl.RaftServerImpl (RaftServerImpl.java:setRole(170)) - a6fe904f-38aa-494b-9b18-48ceaa20fa11@group-DFADC55D3820: changes role from CANDIDATE to LEADER at term 1 for changeToLeader
2019-10-14 13:01:59,807 [a6fe904f-38aa-494b-9b18-48ceaa20fa11@group-DFADC55D3820-LeaderElection57] INFO  impl.RaftServerImpl (ServerState.java:setLeader(255)) - a6fe904f-38aa-494b-9b18-48ceaa20fa11@group-DFADC55D3820: change Leader from null to a6fe904f-38aa-494b-9b18-48ceaa20fa11 at term 1 for becomeLeader, leader elected after 5063ms
2019-10-14 13:01:59,807 [a6fe904f-38aa-494b-9b18-48ceaa20fa11@group-DFADC55D3820-LeaderElection57] INFO  server.RaftServerConfigKeys (ConfUtils.java:logGet(43)) - raft.server.staging.catchup.gap = 1000 (default)
2019-10-14 13:01:59,808 [a6fe904f-38aa-494b-9b18-48ceaa20fa11@group-DFADC55D3820-LeaderElection57] INFO  server.RaftServerConfigKeys (ConfUtils.java:logGet(43)) - raft.server.rpc.sleep.time = 25ms (default)
2019-10-14 13:01:59,808 [a6fe904f-38aa-494b-9b18-48ceaa20fa11@group-DFADC55D3820-LeaderElection57] INFO  server.RaftServerConfigKeys (ConfUtils.java:logGet(43)) - raft.server.write.element-limit = 4096 (default)
2019-10-14 13:01:59,808 [a6fe904f-38aa-494b-9b18-48ceaa20fa11@group-DFADC55D3820-LeaderElection57] INFO  server.RaftServerConfigKeys (ConfUtils.java:logGet(43)) - raft.server.watch.timeout = 10s (default)
2019-10-14 13:01:59,808 [a6fe904f-38aa-494b-9b18-48ceaa20fa11@group-DFADC55D3820-LeaderElection57] INFO  server.RaftServerConfigKeys (ConfUtils.java:logGet(43)) - raft.server.watch.timeout.denomination = 1s (default)
2019-10-14 13:01:59,808 [a6fe904f-38aa-494b-9b18-48ceaa20fa11@group-DFADC55D3820-LeaderElection57] INFO  server.RaftServerConfigKeys (ConfUtils.java:logGet(43)) - raft.server.watch.element-limit = 65536 (default)
2019-10-14 13:01:59,810 [a6fe904f-38aa-494b-9b18-48ceaa20fa11@group-DFADC55D3820-LeaderElection57] INFO  server.RaftServerConfigKeys (ConfUtils.java:logGet(43)) - raft.server.log.appender.snapshot.chunk.size.max = 16MB (=16777216) (default)
2019-10-14 13:01:59,810 [a6fe904f-38aa-494b-9b18-48ceaa20fa11@group-DFADC55D3820-LeaderElection57] INFO  server.RaftServerConfigKeys (ConfUtils.java:logGet(43)) - raft.server.log.appender.buffer.byte-limit = 33554432 (custom)
2019-10-14 13:01:59,810 [a6fe904f-38aa-494b-9b18-48ceaa20fa11@group-DFADC55D3820-LeaderElection57] INFO  server.RaftServerConfigKeys (ConfUtils.java:logGet(43)) - raft.server.log.appender.buffer.element-limit = 1 (custom)
2019-10-14 13:01:59,810 [a6fe904f-38aa-494b-9b18-48ceaa20fa11@group-DFADC55D3820-LeaderElection57] INFO  grpc.GrpcConfigKeys$Server (ConfUtils.java:logGet(43)) - raft.grpc.server.leader.outstanding.appends.max = 128 (default)
2019-10-14 13:01:59,810 [a6fe904f-38aa-494b-9b18-48ceaa20fa11@group-DFADC55D3820-LeaderElection57] INFO  server.RaftServerConfigKeys (ConfUtils.java:logGet(43)) - raft.server.rpc.request.timeout = 3000ms (default)
2019-10-14 13:01:59,810 [a6fe904f-38aa-494b-9b18-48ceaa20fa11@group-DFADC55D3820-LeaderElection57] INFO  server.RaftServerConfigKeys (ConfUtils.java:logGet(43)) - raft.server.log.appender.install.snapshot.enabled = false (custom)
2019-10-14 13:01:59,811 [a6fe904f-38aa-494b-9b18-48ceaa20fa11@group-DFADC55D3820-LeaderElection57] INFO  server.RaftServerConfigKeys (ConfUtils.java:logGet(43)) - raft.server.log.appender.snapshot.chunk.size.max = 16MB (=16777216) (default)
2019-10-14 13:01:59,811 [a6fe904f-38aa-494b-9b18-48ceaa20fa11@group-DFADC55D3820-LeaderElection57] INFO  server.RaftServerConfigKeys (ConfUtils.java:logGet(43)) - raft.server.log.appender.buffer.byte-limit = 33554432 (custom)
2019-10-14 13:01:59,811 [a6fe904f-38aa-494b-9b18-48ceaa20fa11@group-DFADC55D3820-LeaderElection57] INFO  server.RaftServerConfigKeys (ConfUtils.java:logGet(43)) - raft.server.log.appender.buffer.element-limit = 1 (custom)
2019-10-14 13:01:59,811 [a6fe904f-38aa-494b-9b18-48ceaa20fa11@group-DFADC55D3820-LeaderElection57] INFO  grpc.GrpcConfigKeys$Server (ConfUtils.java:logGet(43)) - raft.grpc.server.leader.outstanding.appends.max = 128 (default)
2019-10-14 13:01:59,811 [a6fe904f-38aa-494b-9b18-48ceaa20fa11@group-DFADC55D3820-LeaderElection57] INFO  server.RaftServerConfigKeys (ConfUtils.java:logGet(43)) - raft.server.rpc.request.timeout = 3000ms (default)
2019-10-14 13:01:59,811 [a6fe904f-38aa-494b-9b18-48ceaa20fa11@group-DFADC55D3820-LeaderElection57] INFO  server.RaftServerConfigKeys (ConfUtils.java:logGet(43)) - raft.server.log.appender.install.snapshot.enabled = false (custom)
2019-10-14 13:01:59,811 [a6fe904f-38aa-494b-9b18-48ceaa20fa11@group-DFADC55D3820-LeaderElection57] INFO  impl.RoleInfo (RoleInfo.java:updateAndGet(143)) - a6fe904f-38aa-494b-9b18-48ceaa20fa11: start LeaderState
2019-10-14 13:01:59,812 [a6fe904f-38aa-494b-9b18-48ceaa20fa11@group-DFADC55D3820-LeaderElection57] INFO  segmented.SegmentedRaftLogWorker (SegmentedRaftLogWorker.java:startLogSegment(385)) - a6fe904f-38aa-494b-9b18-48ceaa20fa11@group-DFADC55D3820-SegmentedRaftLogWorker: Starting segment from index:0
2019-10-14 13:01:59,812 [a6fe904f-38aa-494b-9b18-48ceaa20fa11@group-DFADC55D3820-LeaderElection57] INFO  impl.RaftServerImpl (ServerState.java:setRaftConf(356)) - a6fe904f-38aa-494b-9b18-48ceaa20fa11@group-DFADC55D3820: set configuration 0: [a6fe904f-38aa-494b-9b18-48ceaa20fa11:192.168.151.107:37214, 6d5882c0-7b37-45c4-bca3-490e9467e84a:192.168.151.107:45954, 72560939-34a3-48e9-b1ac-5ff43108b5ce:192.168.151.107:44441], old=null at 0
2019-10-14 13:01:59,813 [grpc-default-executor-8] INFO  impl.RaftServerImpl (ServerState.java:setLeader(255)) - 72560939-34a3-48e9-b1ac-5ff43108b5ce@group-DFADC55D3820: change Leader from null to a6fe904f-38aa-494b-9b18-48ceaa20fa11 at term 1 for appendEntries, leader elected after 5070ms
2019-10-14 13:01:59,813 [grpc-default-executor-4] INFO  impl.RaftServerImpl (ServerState.java:setLeader(255)) - 6d5882c0-7b37-45c4-bca3-490e9467e84a@group-DFADC55D3820: change Leader from null to a6fe904f-38aa-494b-9b18-48ceaa20fa11 at term 1 for appendEntries, leader elected after 5070ms
2019-10-14 13:01:59,841 [Thread-2305] INFO  impl.FollowerState (FollowerState.java:run(108)) - 72560939-34a3-48e9-b1ac-5ff43108b5ce@group-E35994D095BB-FollowerState: change to CANDIDATE, lastRpcTime:5145ms, electionTimeout:5124ms
2019-10-14 13:01:59,841 [a6fe904f-38aa-494b-9b18-48ceaa20fa11@group-051E01347B52-LeaderElection58] INFO  impl.LeaderElection (LeaderElection.java:askForVotes(178)) - a6fe904f-38aa-494b-9b18-48ceaa20fa11@group-051E01347B52-LeaderElection58: begin an election at term 1 for -1: [a6fe904f-38aa-494b-9b18-48ceaa20fa11:192.168.151.107:37214], old=null
2019-10-14 13:01:59,844 [a6fe904f-38aa-494b-9b18-48ceaa20fa11@group-051E01347B52-LeaderElection58] INFO  impl.RoleInfo (RoleInfo.java:shutdownLeaderElection(134)) - a6fe904f-38aa-494b-9b18-48ceaa20fa11: shutdown LeaderElection
2019-10-14 13:01:59,844 [a6fe904f-38aa-494b-9b18-48ceaa20fa11@group-051E01347B52-LeaderElection58] INFO  impl.RaftServerImpl (RaftServerImpl.java:setRole(170)) - a6fe904f-38aa-494b-9b18-48ceaa20fa11@group-051E01347B52: changes role from CANDIDATE to LEADER at term 1 for changeToLeader
2019-10-14 13:01:59,844 [Thread-2305] INFO  impl.RoleInfo (RoleInfo.java:shutdownFollowerState(121)) - 72560939-34a3-48e9-b1ac-5ff43108b5ce: shutdown FollowerState
2019-10-14 13:01:59,844 [a6fe904f-38aa-494b-9b18-48ceaa20fa11@group-051E01347B52-LeaderElection58] INFO  impl.RaftServerImpl (ServerState.java:setLeader(255)) - a6fe904f-38aa-494b-9b18-48ceaa20fa11@group-051E01347B52: change Leader from null to a6fe904f-38aa-494b-9b18-48ceaa20fa11 at term 1 for becomeLeader, leader elected after 5233ms
2019-10-14 13:01:59,844 [Thread-2305] INFO  impl.RaftServerImpl (RaftServerImpl.java:setRole(170)) - 72560939-34a3-48e9-b1ac-5ff43108b5ce@group-E35994D095BB: changes role from  FOLLOWER to CANDIDATE at term 0 for changeToCandidate
2019-10-14 13:01:59,844 [a6fe904f-38aa-494b-9b18-48ceaa20fa11@group-051E01347B52-LeaderElection58] INFO  server.RaftServerConfigKeys (ConfUtils.java:logGet(43)) - raft.server.staging.catchup.gap = 1000 (default)
2019-10-14 13:01:59,845 [Thread-2305] INFO  impl.RoleInfo (RoleInfo.java:updateAndGet(143)) - 72560939-34a3-48e9-b1ac-5ff43108b5ce: start LeaderElection
2019-10-14 13:01:59,845 [a6fe904f-38aa-494b-9b18-48ceaa20fa11@group-051E01347B52-LeaderElection58] INFO  server.RaftServerConfigKeys (ConfUtils.java:logGet(43)) - raft.server.rpc.sleep.time = 25ms (default)
2019-10-14 13:01:59,845 [a6fe904f-38aa-494b-9b18-48ceaa20fa11@group-051E01347B52-LeaderElection58] INFO  server.RaftServerConfigKeys (ConfUtils.java:logGet(43)) - raft.server.write.element-limit = 4096 (default)
2019-10-14 13:01:59,848 [a6fe904f-38aa-494b-9b18-48ceaa20fa11@group-051E01347B52-LeaderElection58] INFO  server.RaftServerConfigKeys (ConfUtils.java:logGet(43)) - raft.server.watch.timeout = 10s (default)
2019-10-14 13:01:59,848 [a6fe904f-38aa-494b-9b18-48ceaa20fa11@group-051E01347B52-LeaderElection58] INFO  server.RaftServerConfigKeys (ConfUtils.java:logGet(43)) - raft.server.watch.timeout.denomination = 1s (default)
2019-10-14 13:01:59,853 [a6fe904f-38aa-494b-9b18-48ceaa20fa11@group-051E01347B52-LeaderElection58] INFO  server.RaftServerConfigKeys (ConfUtils.java:logGet(43)) - raft.server.watch.element-limit = 65536 (default)
2019-10-14 13:01:59,853 [a6fe904f-38aa-494b-9b18-48ceaa20fa11@group-DFADC55D3820-SegmentedRaftLogWorker] INFO  segmented.SegmentedRaftLogWorker (SegmentedRaftLogWorker.java:execute(574)) - a6fe904f-38aa-494b-9b18-48ceaa20fa11@group-DFADC55D3820-SegmentedRaftLogWorker: created new log segment /workdir/hadoop-ozone/integration-test/target/test-dir/MiniOzoneClusterImpl-d7cc1525-03b4-4177-b7bb-10a3025151f7/datanode-1/data/ratis/3101678d-6abb-4f79-918d-dfadc55d3820/current/log_inprogress_0
2019-10-14 13:01:59,853 [grpc-default-executor-8] INFO  impl.RaftServerImpl (ServerState.java:setRaftConf(356)) - 72560939-34a3-48e9-b1ac-5ff43108b5ce@group-DFADC55D3820: set configuration 0: [a6fe904f-38aa-494b-9b18-48ceaa20fa11:192.168.151.107:37214, 6d5882c0-7b37-45c4-bca3-490e9467e84a:192.168.151.107:45954, 72560939-34a3-48e9-b1ac-5ff43108b5ce:192.168.151.107:44441], old=null at 0
2019-10-14 13:01:59,853 [grpc-default-executor-4] INFO  impl.RaftServerImpl (ServerState.java:setRaftConf(356)) - 6d5882c0-7b37-45c4-bca3-490e9467e84a@group-DFADC55D3820: set configuration 0: [a6fe904f-38aa-494b-9b18-48ceaa20fa11:192.168.151.107:37214, 6d5882c0-7b37-45c4-bca3-490e9467e84a:192.168.151.107:45954, 72560939-34a3-48e9-b1ac-5ff43108b5ce:192.168.151.107:44441], old=null at 0
2019-10-14 13:01:59,854 [grpc-default-executor-8] INFO  segmented.SegmentedRaftLogWorker (SegmentedRaftLogWorker.java:startLogSegment(385)) - 72560939-34a3-48e9-b1ac-5ff43108b5ce@group-DFADC55D3820-SegmentedRaftLogWorker: Starting segment from index:0
2019-10-14 13:01:59,854 [a6fe904f-38aa-494b-9b18-48ceaa20fa11@group-051E01347B52-LeaderElection58] INFO  impl.RoleInfo (RoleInfo.java:updateAndGet(143)) - a6fe904f-38aa-494b-9b18-48ceaa20fa11: start LeaderState
2019-10-14 13:01:59,854 [grpc-default-executor-4] INFO  segmented.SegmentedRaftLogWorker (SegmentedRaftLogWorker.java:startLogSegment(385)) - 6d5882c0-7b37-45c4-bca3-490e9467e84a@group-DFADC55D3820-SegmentedRaftLogWorker: Starting segment from index:0
2019-10-14 13:01:59,855 [a6fe904f-38aa-494b-9b18-48ceaa20fa11@group-051E01347B52-LeaderElection58] INFO  segmented.SegmentedRaftLogWorker (SegmentedRaftLogWorker.java:startLogSegment(385)) - a6fe904f-38aa-494b-9b18-48ceaa20fa11@group-051E01347B52-SegmentedRaftLogWorker: Starting segment from index:0
2019-10-14 13:01:59,855 [a6fe904f-38aa-494b-9b18-48ceaa20fa11@group-051E01347B52-LeaderElection58] INFO  impl.RaftServerImpl (ServerState.java:setRaftConf(356)) - a6fe904f-38aa-494b-9b18-48ceaa20fa11@group-051E01347B52: set configuration 0: [a6fe904f-38aa-494b-9b18-48ceaa20fa11:192.168.151.107:37214], old=null at 0
2019-10-14 13:01:59,856 [72560939-34a3-48e9-b1ac-5ff43108b5ce@group-E35994D095BB-LeaderElection59] INFO  impl.LeaderElection (LeaderElection.java:askForVotes(178)) - 72560939-34a3-48e9-b1ac-5ff43108b5ce@group-E35994D095BB-LeaderElection59: begin an election at term 1 for -1: [72560939-34a3-48e9-b1ac-5ff43108b5ce:192.168.151.107:44441], old=null
2019-10-14 13:01:59,857 [72560939-34a3-48e9-b1ac-5ff43108b5ce@group-E35994D095BB-LeaderElection59] INFO  impl.RoleInfo (RoleInfo.java:shutdownLeaderElection(134)) - 72560939-34a3-48e9-b1ac-5ff43108b5ce: shutdown LeaderElection
2019-10-14 13:01:59,857 [72560939-34a3-48e9-b1ac-5ff43108b5ce@group-E35994D095BB-LeaderElection59] INFO  impl.RaftServerImpl (RaftServerImpl.java:setRole(170)) - 72560939-34a3-48e9-b1ac-5ff43108b5ce@group-E35994D095BB: changes role from CANDIDATE to LEADER at term 1 for changeToLeader
2019-10-14 13:01:59,857 [72560939-34a3-48e9-b1ac-5ff43108b5ce@group-E35994D095BB-LeaderElection59] INFO  impl.RaftServerImpl (ServerState.java:setLeader(255)) - 72560939-34a3-48e9-b1ac-5ff43108b5ce@group-E35994D095BB: change Leader from null to 72560939-34a3-48e9-b1ac-5ff43108b5ce at term 1 for becomeLeader, leader elected after 5166ms
2019-10-14 13:01:59,857 [72560939-34a3-48e9-b1ac-5ff43108b5ce@group-E35994D095BB-LeaderElection59] INFO  server.RaftServerConfigKeys (ConfUtils.java:logGet(43)) - raft.server.staging.catchup.gap = 1000 (default)
2019-10-14 13:01:59,857 [72560939-34a3-48e9-b1ac-5ff43108b5ce@group-E35994D095BB-LeaderElection59] INFO  server.RaftServerConfigKeys (ConfUtils.java:logGet(43)) - raft.server.rpc.sleep.time = 25ms (default)
2019-10-14 13:01:59,858 [72560939-34a3-48e9-b1ac-5ff43108b5ce@group-E35994D095BB-LeaderElection59] INFO  server.RaftServerConfigKeys (ConfUtils.java:logGet(43)) - raft.server.write.element-limit = 4096 (default)
2019-10-14 13:01:59,858 [72560939-34a3-48e9-b1ac-5ff43108b5ce@group-E35994D095BB-LeaderElection59] INFO  server.RaftServerConfigKeys (ConfUtils.java:logGet(43)) - raft.server.watch.timeout = 10s (default)
2019-10-14 13:01:59,858 [72560939-34a3-48e9-b1ac-5ff43108b5ce@group-E35994D095BB-LeaderElection59] INFO  server.RaftServerConfigKeys (ConfUtils.java:logGet(43)) - raft.server.watch.timeout.denomination = 1s (default)
2019-10-14 13:01:59,858 [72560939-34a3-48e9-b1ac-5ff43108b5ce@group-E35994D095BB-LeaderElection59] INFO  server.RaftServerConfigKeys (ConfUtils.java:logGet(43)) - raft.server.watch.element-limit = 65536 (default)
2019-10-14 13:01:59,860 [72560939-34a3-48e9-b1ac-5ff43108b5ce@group-E35994D095BB-LeaderElection59] INFO  impl.RoleInfo (RoleInfo.java:updateAndGet(143)) - 72560939-34a3-48e9-b1ac-5ff43108b5ce: start LeaderState
2019-10-14 13:01:59,861 [72560939-34a3-48e9-b1ac-5ff43108b5ce@group-E35994D095BB-LeaderElection59] INFO  segmented.SegmentedRaftLogWorker (SegmentedRaftLogWorker.java:startLogSegment(385)) - 72560939-34a3-48e9-b1ac-5ff43108b5ce@group-E35994D095BB-SegmentedRaftLogWorker: Starting segment from index:0
2019-10-14 13:01:59,861 [72560939-34a3-48e9-b1ac-5ff43108b5ce@group-E35994D095BB-LeaderElection59] INFO  impl.RaftServerImpl (ServerState.java:setRaftConf(356)) - 72560939-34a3-48e9-b1ac-5ff43108b5ce@group-E35994D095BB: set configuration 0: [72560939-34a3-48e9-b1ac-5ff43108b5ce:192.168.151.107:44441], old=null at 0
2019-10-14 13:01:59,899 [a6fe904f-38aa-494b-9b18-48ceaa20fa11@group-051E01347B52-SegmentedRaftLogWorker] INFO  segmented.SegmentedRaftLogWorker (SegmentedRaftLogWorker.java:execute(574)) - a6fe904f-38aa-494b-9b18-48ceaa20fa11@group-051E01347B52-SegmentedRaftLogWorker: created new log segment /workdir/hadoop-ozone/integration-test/target/test-dir/MiniOzoneClusterImpl-d7cc1525-03b4-4177-b7bb-10a3025151f7/datanode-1/data/ratis/f4ece0f8-7f77-4dae-8305-051e01347b52/current/log_inprogress_0
2019-10-14 13:01:59,899 [72560939-34a3-48e9-b1ac-5ff43108b5ce@group-E35994D095BB-SegmentedRaftLogWorker] INFO  segmented.SegmentedRaftLogWorker (SegmentedRaftLogWorker.java:execute(574)) - 72560939-34a3-48e9-b1ac-5ff43108b5ce@group-E35994D095BB-SegmentedRaftLogWorker: created new log segment /workdir/hadoop-ozone/integration-test/target/test-dir/MiniOzoneClusterImpl-d7cc1525-03b4-4177-b7bb-10a3025151f7/datanode-2/data/ratis/44700175-72b9-4090-bc42-e35994d095bb/current/log_inprogress_0
2019-10-14 13:01:59,899 [6d5882c0-7b37-45c4-bca3-490e9467e84a@group-DFADC55D3820-SegmentedRaftLogWorker] INFO  segmented.SegmentedRaftLogWorker (SegmentedRaftLogWorker.java:execute(574)) - 6d5882c0-7b37-45c4-bca3-490e9467e84a@group-DFADC55D3820-SegmentedRaftLogWorker: created new log segment /workdir/hadoop-ozone/integration-test/target/test-dir/MiniOzoneClusterImpl-d7cc1525-03b4-4177-b7bb-10a3025151f7/datanode-0/data/ratis/3101678d-6abb-4f79-918d-dfadc55d3820/current/log_inprogress_0
2019-10-14 13:01:59,899 [72560939-34a3-48e9-b1ac-5ff43108b5ce@group-DFADC55D3820-SegmentedRaftLogWorker] INFO  segmented.SegmentedRaftLogWorker (SegmentedRaftLogWorker.java:execute(574)) - 72560939-34a3-48e9-b1ac-5ff43108b5ce@group-DFADC55D3820-SegmentedRaftLogWorker: created new log segment /workdir/hadoop-ozone/integration-test/target/test-dir/MiniOzoneClusterImpl-d7cc1525-03b4-4177-b7bb-10a3025151f7/datanode-2/data/ratis/3101678d-6abb-4f79-918d-dfadc55d3820/current/log_inprogress_0
2019-10-14 13:01:59,962 [Thread-2320] INFO  impl.FollowerState (FollowerState.java:run(108)) - 893fcfcb-e4c6-4f5d-ac70-6f3bb38d75f5@group-9FFFE46BA034-FollowerState: change to CANDIDATE, lastRpcTime:5050ms, electionTimeout:5050ms
2019-10-14 13:01:59,963 [Thread-2320] INFO  impl.RoleInfo (RoleInfo.java:shutdownFollowerState(121)) - 893fcfcb-e4c6-4f5d-ac70-6f3bb38d75f5: shutdown FollowerState
2019-10-14 13:01:59,963 [Thread-2320] INFO  impl.RaftServerImpl (RaftServerImpl.java:setRole(170)) - 893fcfcb-e4c6-4f5d-ac70-6f3bb38d75f5@group-9FFFE46BA034: changes role from  FOLLOWER to CANDIDATE at term 0 for changeToCandidate
2019-10-14 13:01:59,963 [Thread-2320] INFO  impl.RoleInfo (RoleInfo.java:updateAndGet(143)) - 893fcfcb-e4c6-4f5d-ac70-6f3bb38d75f5: start LeaderElection
2019-10-14 13:01:59,992 [893fcfcb-e4c6-4f5d-ac70-6f3bb38d75f5@group-9FFFE46BA034-LeaderElection60] INFO  impl.LeaderElection (LeaderElection.java:askForVotes(178)) - 893fcfcb-e4c6-4f5d-ac70-6f3bb38d75f5@group-9FFFE46BA034-LeaderElection60: begin an election at term 1 for -1: [893fcfcb-e4c6-4f5d-ac70-6f3bb38d75f5:192.168.151.107:40232], old=null
2019-10-14 13:01:59,992 [893fcfcb-e4c6-4f5d-ac70-6f3bb38d75f5@group-9FFFE46BA034-LeaderElection60] INFO  impl.RoleInfo (RoleInfo.java:shutdownLeaderElection(134)) - 893fcfcb-e4c6-4f5d-ac70-6f3bb38d75f5: shutdown LeaderElection
2019-10-14 13:01:59,993 [893fcfcb-e4c6-4f5d-ac70-6f3bb38d75f5@group-9FFFE46BA034-LeaderElection60] INFO  impl.RaftServerImpl (RaftServerImpl.java:setRole(170)) - 893fcfcb-e4c6-4f5d-ac70-6f3bb38d75f5@group-9FFFE46BA034: changes role from CANDIDATE to LEADER at term 1 for changeToLeader
2019-10-14 13:01:59,993 [893fcfcb-e4c6-4f5d-ac70-6f3bb38d75f5@group-9FFFE46BA034-LeaderElection60] INFO  impl.RaftServerImpl (ServerState.java:setLeader(255)) - 893fcfcb-e4c6-4f5d-ac70-6f3bb38d75f5@group-9FFFE46BA034: change Leader from null to 893fcfcb-e4c6-4f5d-ac70-6f3bb38d75f5 at term 1 for becomeLeader, leader elected after 5088ms
2019-10-14 13:01:59,993 [893fcfcb-e4c6-4f5d-ac70-6f3bb38d75f5@group-9FFFE46BA034-LeaderElection60] INFO  server.RaftServerConfigKeys (ConfUtils.java:logGet(43)) - raft.server.staging.catchup.gap = 1000 (default)
2019-10-14 13:01:59,993 [893fcfcb-e4c6-4f5d-ac70-6f3bb38d75f5@group-9FFFE46BA034-LeaderElection60] INFO  server.RaftServerConfigKeys (ConfUtils.java:logGet(43)) - raft.server.rpc.sleep.time = 25ms (default)
2019-10-14 13:01:59,993 [893fcfcb-e4c6-4f5d-ac70-6f3bb38d75f5@group-9FFFE46BA034-LeaderElection60] INFO  server.RaftServerConfigKeys (ConfUtils.java:logGet(43)) - raft.server.write.element-limit = 4096 (default)
2019-10-14 13:01:59,994 [893fcfcb-e4c6-4f5d-ac70-6f3bb38d75f5@group-9FFFE46BA034-LeaderElection60] INFO  server.RaftServerConfigKeys (ConfUtils.java:logGet(43)) - raft.server.watch.timeout = 10s (default)
2019-10-14 13:01:59,994 [893fcfcb-e4c6-4f5d-ac70-6f3bb38d75f5@group-9FFFE46BA034-LeaderElection60] INFO  server.RaftServerConfigKeys (ConfUtils.java:logGet(43)) - raft.server.watch.timeout.denomination = 1s (default)
2019-10-14 13:01:59,994 [893fcfcb-e4c6-4f5d-ac70-6f3bb38d75f5@group-9FFFE46BA034-LeaderElection60] INFO  server.RaftServerConfigKeys (ConfUtils.java:logGet(43)) - raft.server.watch.element-limit = 65536 (default)
2019-10-14 13:01:59,997 [893fcfcb-e4c6-4f5d-ac70-6f3bb38d75f5@group-9FFFE46BA034-LeaderElection60] INFO  impl.RoleInfo (RoleInfo.java:updateAndGet(143)) - 893fcfcb-e4c6-4f5d-ac70-6f3bb38d75f5: start LeaderState
2019-10-14 13:01:59,997 [893fcfcb-e4c6-4f5d-ac70-6f3bb38d75f5@group-9FFFE46BA034-LeaderElection60] INFO  segmented.SegmentedRaftLogWorker (SegmentedRaftLogWorker.java:startLogSegment(385)) - 893fcfcb-e4c6-4f5d-ac70-6f3bb38d75f5@group-9FFFE46BA034-SegmentedRaftLogWorker: Starting segment from index:0
2019-10-14 13:01:59,998 [893fcfcb-e4c6-4f5d-ac70-6f3bb38d75f5@group-9FFFE46BA034-LeaderElection60] INFO  impl.RaftServerImpl (ServerState.java:setRaftConf(356)) - 893fcfcb-e4c6-4f5d-ac70-6f3bb38d75f5@group-9FFFE46BA034: set configuration 0: [893fcfcb-e4c6-4f5d-ac70-6f3bb38d75f5:192.168.151.107:40232], old=null at 0
2019-10-14 13:02:00,037 [Thread-2317] INFO  impl.FollowerState (FollowerState.java:run(108)) - d38974ca-1524-4a91-a493-cc1ecc29d194@group-27DBE67E9F91-FollowerState: change to CANDIDATE, lastRpcTime:5174ms, electionTimeout:5174ms
2019-10-14 13:02:00,037 [Thread-2317] INFO  impl.RoleInfo (RoleInfo.java:shutdownFollowerState(121)) - d38974ca-1524-4a91-a493-cc1ecc29d194: shutdown FollowerState
2019-10-14 13:02:00,038 [Thread-2317] INFO  impl.RaftServerImpl (RaftServerImpl.java:setRole(170)) - d38974ca-1524-4a91-a493-cc1ecc29d194@group-27DBE67E9F91: changes role from  FOLLOWER to CANDIDATE at term 0 for changeToCandidate
2019-10-14 13:02:00,038 [Thread-2317] INFO  impl.RoleInfo (RoleInfo.java:updateAndGet(143)) - d38974ca-1524-4a91-a493-cc1ecc29d194: start LeaderElection
2019-10-14 13:02:00,048 [893fcfcb-e4c6-4f5d-ac70-6f3bb38d75f5@group-9FFFE46BA034-SegmentedRaftLogWorker] INFO  segmented.SegmentedRaftLogWorker (SegmentedRaftLogWorker.java:execute(574)) - 893fcfcb-e4c6-4f5d-ac70-6f3bb38d75f5@group-9FFFE46BA034-SegmentedRaftLogWorker: created new log segment /workdir/hadoop-ozone/integration-test/target/test-dir/MiniOzoneClusterImpl-d7cc1525-03b4-4177-b7bb-10a3025151f7/datanode-4/data/ratis/f64b2579-e557-480b-aece-9fffe46ba034/current/log_inprogress_0
2019-10-14 13:02:00,065 [d38974ca-1524-4a91-a493-cc1ecc29d194@group-27DBE67E9F91-LeaderElection61] INFO  impl.LeaderElection (LeaderElection.java:askForVotes(178)) - d38974ca-1524-4a91-a493-cc1ecc29d194@group-27DBE67E9F91-LeaderElection61: begin an election at term 1 for -1: [d38974ca-1524-4a91-a493-cc1ecc29d194:192.168.151.107:43364], old=null
2019-10-14 13:02:00,066 [d38974ca-1524-4a91-a493-cc1ecc29d194@group-27DBE67E9F91-LeaderElection61] INFO  impl.RoleInfo (RoleInfo.java:shutdownLeaderElection(134)) - d38974ca-1524-4a91-a493-cc1ecc29d194: shutdown LeaderElection
2019-10-14 13:02:00,066 [d38974ca-1524-4a91-a493-cc1ecc29d194@group-27DBE67E9F91-LeaderElection61] INFO  impl.RaftServerImpl (RaftServerImpl.java:setRole(170)) - d38974ca-1524-4a91-a493-cc1ecc29d194@group-27DBE67E9F91: changes role from CANDIDATE to LEADER at term 1 for changeToLeader
2019-10-14 13:02:00,066 [d38974ca-1524-4a91-a493-cc1ecc29d194@group-27DBE67E9F91-LeaderElection61] INFO  impl.RaftServerImpl (ServerState.java:setLeader(255)) - d38974ca-1524-4a91-a493-cc1ecc29d194@group-27DBE67E9F91: change Leader from null to d38974ca-1524-4a91-a493-cc1ecc29d194 at term 1 for becomeLeader, leader elected after 5209ms
2019-10-14 13:02:00,066 [d38974ca-1524-4a91-a493-cc1ecc29d194@group-27DBE67E9F91-LeaderElection61] INFO  server.RaftServerConfigKeys (ConfUtils.java:logGet(43)) - raft.server.staging.catchup.gap = 1000 (default)
2019-10-14 13:02:00,066 [d38974ca-1524-4a91-a493-cc1ecc29d194@group-27DBE67E9F91-LeaderElection61] INFO  server.RaftServerConfigKeys (ConfUtils.java:logGet(43)) - raft.server.rpc.sleep.time = 25ms (default)
2019-10-14 13:02:00,066 [d38974ca-1524-4a91-a493-cc1ecc29d194@group-27DBE67E9F91-LeaderElection61] INFO  server.RaftServerConfigKeys (ConfUtils.java:logGet(43)) - raft.server.write.element-limit = 4096 (default)
2019-10-14 13:02:00,067 [d38974ca-1524-4a91-a493-cc1ecc29d194@group-27DBE67E9F91-LeaderElection61] INFO  server.RaftServerConfigKeys (ConfUtils.java:logGet(43)) - raft.server.watch.timeout = 10s (default)
2019-10-14 13:02:00,067 [d38974ca-1524-4a91-a493-cc1ecc29d194@group-27DBE67E9F91-LeaderElection61] INFO  server.RaftServerConfigKeys (ConfUtils.java:logGet(43)) - raft.server.watch.timeout.denomination = 1s (default)
2019-10-14 13:02:00,067 [d38974ca-1524-4a91-a493-cc1ecc29d194@group-27DBE67E9F91-LeaderElection61] INFO  server.RaftServerConfigKeys (ConfUtils.java:logGet(43)) - raft.server.watch.element-limit = 65536 (default)
2019-10-14 13:02:00,069 [d38974ca-1524-4a91-a493-cc1ecc29d194@group-27DBE67E9F91-LeaderElection61] INFO  impl.RoleInfo (RoleInfo.java:updateAndGet(143)) - d38974ca-1524-4a91-a493-cc1ecc29d194: start LeaderState
2019-10-14 13:02:00,069 [d38974ca-1524-4a91-a493-cc1ecc29d194@group-27DBE67E9F91-LeaderElection61] INFO  segmented.SegmentedRaftLogWorker (SegmentedRaftLogWorker.java:startLogSegment(385)) - d38974ca-1524-4a91-a493-cc1ecc29d194@group-27DBE67E9F91-SegmentedRaftLogWorker: Starting segment from index:0
2019-10-14 13:02:00,070 [d38974ca-1524-4a91-a493-cc1ecc29d194@group-27DBE67E9F91-LeaderElection61] INFO  impl.RaftServerImpl (ServerState.java:setRaftConf(356)) - d38974ca-1524-4a91-a493-cc1ecc29d194@group-27DBE67E9F91: set configuration 0: [d38974ca-1524-4a91-a493-cc1ecc29d194:192.168.151.107:43364], old=null at 0
2019-10-14 13:02:00,099 [Thread-2327] INFO  impl.FollowerState (FollowerState.java:run(108)) - 8e347cd9-0de4-45ca-b367-728cd237bdb9@group-997683783260-FollowerState: change to CANDIDATE, lastRpcTime:5024ms, electionTimeout:5024ms
2019-10-14 13:02:00,099 [Thread-2327] INFO  impl.RoleInfo (RoleInfo.java:shutdownFollowerState(121)) - 8e347cd9-0de4-45ca-b367-728cd237bdb9: shutdown FollowerState
2019-10-14 13:02:00,099 [Thread-2327] INFO  impl.RaftServerImpl (RaftServerImpl.java:setRole(170)) - 8e347cd9-0de4-45ca-b367-728cd237bdb9@group-997683783260: changes role from  FOLLOWER to CANDIDATE at term 0 for changeToCandidate
2019-10-14 13:02:00,099 [Thread-2327] INFO  impl.RoleInfo (RoleInfo.java:updateAndGet(143)) - 8e347cd9-0de4-45ca-b367-728cd237bdb9: start LeaderElection
2019-10-14 13:02:00,105 [d38974ca-1524-4a91-a493-cc1ecc29d194@group-27DBE67E9F91-SegmentedRaftLogWorker] INFO  segmented.SegmentedRaftLogWorker (SegmentedRaftLogWorker.java:execute(574)) - d38974ca-1524-4a91-a493-cc1ecc29d194@group-27DBE67E9F91-SegmentedRaftLogWorker: created new log segment /workdir/hadoop-ozone/integration-test/target/test-dir/MiniOzoneClusterImpl-d7cc1525-03b4-4177-b7bb-10a3025151f7/datanode-3/data/ratis/63e26560-6ec1-4df3-a6e7-27dbe67e9f91/current/log_inprogress_0
2019-10-14 13:02:00,125 [8e347cd9-0de4-45ca-b367-728cd237bdb9@group-997683783260-LeaderElection62] INFO  impl.LeaderElection (LeaderElection.java:askForVotes(178)) - 8e347cd9-0de4-45ca-b367-728cd237bdb9@group-997683783260-LeaderElection62: begin an election at term 1 for -1: [8e347cd9-0de4-45ca-b367-728cd237bdb9:192.168.151.107:34527], old=null
2019-10-14 13:02:00,125 [8e347cd9-0de4-45ca-b367-728cd237bdb9@group-997683783260-LeaderElection62] INFO  impl.RoleInfo (RoleInfo.java:shutdownLeaderElection(134)) - 8e347cd9-0de4-45ca-b367-728cd237bdb9: shutdown LeaderElection
2019-10-14 13:02:00,126 [8e347cd9-0de4-45ca-b367-728cd237bdb9@group-997683783260-LeaderElection62] INFO  impl.RaftServerImpl (RaftServerImpl.java:setRole(170)) - 8e347cd9-0de4-45ca-b367-728cd237bdb9@group-997683783260: changes role from CANDIDATE to LEADER at term 1 for changeToLeader
2019-10-14 13:02:00,126 [8e347cd9-0de4-45ca-b367-728cd237bdb9@group-997683783260-LeaderElection62] INFO  impl.RaftServerImpl (ServerState.java:setLeader(255)) - 8e347cd9-0de4-45ca-b367-728cd237bdb9@group-997683783260: change Leader from null to 8e347cd9-0de4-45ca-b367-728cd237bdb9 at term 1 for becomeLeader, leader elected after 5081ms
2019-10-14 13:02:00,126 [8e347cd9-0de4-45ca-b367-728cd237bdb9@group-997683783260-LeaderElection62] INFO  server.RaftServerConfigKeys (ConfUtils.java:logGet(43)) - raft.server.staging.catchup.gap = 1000 (default)
2019-10-14 13:02:00,126 [8e347cd9-0de4-45ca-b367-728cd237bdb9@group-997683783260-LeaderElection62] INFO  server.RaftServerConfigKeys (ConfUtils.java:logGet(43)) - raft.server.rpc.sleep.time = 25ms (default)
2019-10-14 13:02:00,126 [8e347cd9-0de4-45ca-b367-728cd237bdb9@group-997683783260-LeaderElection62] INFO  server.RaftServerConfigKeys (ConfUtils.java:logGet(43)) - raft.server.write.element-limit = 4096 (default)
2019-10-14 13:02:00,126 [8e347cd9-0de4-45ca-b367-728cd237bdb9@group-997683783260-LeaderElection62] INFO  server.RaftServerConfigKeys (ConfUtils.java:logGet(43)) - raft.server.watch.timeout = 10s (default)
2019-10-14 13:02:00,127 [8e347cd9-0de4-45ca-b367-728cd237bdb9@group-997683783260-LeaderElection62] INFO  server.RaftServerConfigKeys (ConfUtils.java:logGet(43)) - raft.server.watch.timeout.denomination = 1s (default)
2019-10-14 13:02:00,127 [8e347cd9-0de4-45ca-b367-728cd237bdb9@group-997683783260-LeaderElection62] INFO  server.RaftServerConfigKeys (ConfUtils.java:logGet(43)) - raft.server.watch.element-limit = 65536 (default)
2019-10-14 13:02:00,129 [8e347cd9-0de4-45ca-b367-728cd237bdb9@group-997683783260-LeaderElection62] INFO  impl.RoleInfo (RoleInfo.java:updateAndGet(143)) - 8e347cd9-0de4-45ca-b367-728cd237bdb9: start LeaderState
2019-10-14 13:02:00,130 [8e347cd9-0de4-45ca-b367-728cd237bdb9@group-997683783260-LeaderElection62] INFO  segmented.SegmentedRaftLogWorker (SegmentedRaftLogWorker.java:startLogSegment(385)) - 8e347cd9-0de4-45ca-b367-728cd237bdb9@group-997683783260-SegmentedRaftLogWorker: Starting segment from index:0
2019-10-14 13:02:00,130 [8e347cd9-0de4-45ca-b367-728cd237bdb9@group-997683783260-LeaderElection62] INFO  impl.RaftServerImpl (ServerState.java:setRaftConf(356)) - 8e347cd9-0de4-45ca-b367-728cd237bdb9@group-997683783260: set configuration 0: [8e347cd9-0de4-45ca-b367-728cd237bdb9:192.168.151.107:34527], old=null at 0
2019-10-14 13:02:00,171 [8e347cd9-0de4-45ca-b367-728cd237bdb9@group-997683783260-SegmentedRaftLogWorker] INFO  segmented.SegmentedRaftLogWorker (SegmentedRaftLogWorker.java:execute(574)) - 8e347cd9-0de4-45ca-b367-728cd237bdb9@group-997683783260-SegmentedRaftLogWorker: created new log segment /workdir/hadoop-ozone/integration-test/target/test-dir/MiniOzoneClusterImpl-d7cc1525-03b4-4177-b7bb-10a3025151f7/datanode-5/data/ratis/a4315400-5bb5-4b5b-91a5-997683783260/current/log_inprogress_0
2019-10-14 13:02:00,218 [Thread-2330] INFO  impl.FollowerState (FollowerState.java:run(108)) - b865abd1-69fe-466b-9343-95a09c0209e3@group-C08C2DB63B27-FollowerState: change to CANDIDATE, lastRpcTime:5097ms, electionTimeout:5097ms
2019-10-14 13:02:00,218 [Thread-2330] INFO  impl.RoleInfo (RoleInfo.java:shutdownFollowerState(121)) - b865abd1-69fe-466b-9343-95a09c0209e3: shutdown FollowerState
2019-10-14 13:02:00,218 [Thread-2330] INFO  impl.RaftServerImpl (RaftServerImpl.java:setRole(170)) - b865abd1-69fe-466b-9343-95a09c0209e3@group-C08C2DB63B27: changes role from  FOLLOWER to CANDIDATE at term 0 for changeToCandidate
2019-10-14 13:02:00,219 [Thread-2330] INFO  impl.RoleInfo (RoleInfo.java:updateAndGet(143)) - b865abd1-69fe-466b-9343-95a09c0209e3: start LeaderElection
2019-10-14 13:02:00,225 [Thread-2338] INFO  impl.FollowerState (FollowerState.java:run(108)) - b865abd1-69fe-466b-9343-95a09c0209e3@group-DD89DAE1FCF3-FollowerState: change to CANDIDATE, lastRpcTime:5016ms, electionTimeout:5013ms
2019-10-14 13:02:00,233 [Thread-2338] INFO  impl.RoleInfo (RoleInfo.java:shutdownFollowerState(121)) - b865abd1-69fe-466b-9343-95a09c0209e3: shutdown FollowerState
2019-10-14 13:02:00,233 [Thread-2338] INFO  impl.RaftServerImpl (RaftServerImpl.java:setRole(170)) - b865abd1-69fe-466b-9343-95a09c0209e3@group-DD89DAE1FCF3: changes role from  FOLLOWER to CANDIDATE at term 0 for changeToCandidate
2019-10-14 13:02:00,233 [Thread-2338] INFO  impl.RoleInfo (RoleInfo.java:updateAndGet(143)) - b865abd1-69fe-466b-9343-95a09c0209e3: start LeaderElection
2019-10-14 13:02:00,258 [b865abd1-69fe-466b-9343-95a09c0209e3@group-C08C2DB63B27-LeaderElection63] INFO  impl.LeaderElection (LeaderElection.java:askForVotes(178)) - b865abd1-69fe-466b-9343-95a09c0209e3@group-C08C2DB63B27-LeaderElection63: begin an election at term 1 for -1: [b865abd1-69fe-466b-9343-95a09c0209e3:192.168.151.107:43895], old=null
2019-10-14 13:02:00,258 [b865abd1-69fe-466b-9343-95a09c0209e3@group-DD89DAE1FCF3-LeaderElection64] INFO  impl.LeaderElection (LeaderElection.java:askForVotes(178)) - b865abd1-69fe-466b-9343-95a09c0209e3@group-DD89DAE1FCF3-LeaderElection64: begin an election at term 1 for -1: [d38974ca-1524-4a91-a493-cc1ecc29d194:192.168.151.107:43364, b865abd1-69fe-466b-9343-95a09c0209e3:192.168.151.107:43895, 8e347cd9-0de4-45ca-b367-728cd237bdb9:192.168.151.107:34527], old=null
2019-10-14 13:02:00,258 [b865abd1-69fe-466b-9343-95a09c0209e3@group-C08C2DB63B27-LeaderElection63] INFO  impl.RoleInfo (RoleInfo.java:shutdownLeaderElection(134)) - b865abd1-69fe-466b-9343-95a09c0209e3: shutdown LeaderElection
2019-10-14 13:02:00,258 [b865abd1-69fe-466b-9343-95a09c0209e3@group-C08C2DB63B27-LeaderElection63] INFO  impl.RaftServerImpl (RaftServerImpl.java:setRole(170)) - b865abd1-69fe-466b-9343-95a09c0209e3@group-C08C2DB63B27: changes role from CANDIDATE to LEADER at term 1 for changeToLeader
2019-10-14 13:02:00,258 [b865abd1-69fe-466b-9343-95a09c0209e3@group-C08C2DB63B27-LeaderElection63] INFO  impl.RaftServerImpl (ServerState.java:setLeader(255)) - b865abd1-69fe-466b-9343-95a09c0209e3@group-C08C2DB63B27: change Leader from null to b865abd1-69fe-466b-9343-95a09c0209e3 at term 1 for becomeLeader, leader elected after 5149ms
2019-10-14 13:02:00,259 [b865abd1-69fe-466b-9343-95a09c0209e3@group-C08C2DB63B27-LeaderElection63] INFO  server.RaftServerConfigKeys (ConfUtils.java:logGet(43)) - raft.server.staging.catchup.gap = 1000 (default)
2019-10-14 13:02:00,259 [b865abd1-69fe-466b-9343-95a09c0209e3@group-C08C2DB63B27-LeaderElection63] INFO  server.RaftServerConfigKeys (ConfUtils.java:logGet(43)) - raft.server.rpc.sleep.time = 25ms (default)
2019-10-14 13:02:00,259 [b865abd1-69fe-466b-9343-95a09c0209e3@group-C08C2DB63B27-LeaderElection63] INFO  server.RaftServerConfigKeys (ConfUtils.java:logGet(43)) - raft.server.write.element-limit = 4096 (default)
2019-10-14 13:02:00,259 [b865abd1-69fe-466b-9343-95a09c0209e3@group-C08C2DB63B27-LeaderElection63] INFO  server.RaftServerConfigKeys (ConfUtils.java:logGet(43)) - raft.server.watch.timeout = 10s (default)
2019-10-14 13:02:00,259 [b865abd1-69fe-466b-9343-95a09c0209e3@group-C08C2DB63B27-LeaderElection63] INFO  server.RaftServerConfigKeys (ConfUtils.java:logGet(43)) - raft.server.watch.timeout.denomination = 1s (default)
2019-10-14 13:02:00,259 [b865abd1-69fe-466b-9343-95a09c0209e3@group-C08C2DB63B27-LeaderElection63] INFO  server.RaftServerConfigKeys (ConfUtils.java:logGet(43)) - raft.server.watch.element-limit = 65536 (default)
2019-10-14 13:02:00,261 [b865abd1-69fe-466b-9343-95a09c0209e3@group-C08C2DB63B27-LeaderElection63] INFO  impl.RoleInfo (RoleInfo.java:updateAndGet(143)) - b865abd1-69fe-466b-9343-95a09c0209e3: start LeaderState
2019-10-14 13:02:00,266 [grpc-default-executor-4] INFO  impl.RaftServerImpl (RaftServerImpl.java:setRole(170)) - 8e347cd9-0de4-45ca-b367-728cd237bdb9@group-DD89DAE1FCF3: changes role from  FOLLOWER to FOLLOWER at term 1 for recognizeCandidate:b865abd1-69fe-466b-9343-95a09c0209e3
2019-10-14 13:02:00,266 [grpc-default-executor-4] INFO  impl.RoleInfo (RoleInfo.java:shutdownFollowerState(121)) - 8e347cd9-0de4-45ca-b367-728cd237bdb9: shutdown FollowerState
2019-10-14 13:02:00,270 [b865abd1-69fe-466b-9343-95a09c0209e3@group-C08C2DB63B27-LeaderElection63] INFO  segmented.SegmentedRaftLogWorker (SegmentedRaftLogWorker.java:startLogSegment(385)) - b865abd1-69fe-466b-9343-95a09c0209e3@group-C08C2DB63B27-SegmentedRaftLogWorker: Starting segment from index:0
2019-10-14 13:02:00,270 [grpc-default-executor-4] INFO  impl.RoleInfo (RoleInfo.java:updateAndGet(143)) - 8e347cd9-0de4-45ca-b367-728cd237bdb9: start FollowerState
2019-10-14 13:02:00,270 [Thread-2334] INFO  impl.FollowerState (FollowerState.java:run(117)) - 8e347cd9-0de4-45ca-b367-728cd237bdb9@group-DD89DAE1FCF3-FollowerState was interrupted: java.lang.InterruptedException: sleep interrupted
2019-10-14 13:02:00,270 [grpc-default-executor-8] INFO  impl.RaftServerImpl (RaftServerImpl.java:setRole(170)) - d38974ca-1524-4a91-a493-cc1ecc29d194@group-DD89DAE1FCF3: changes role from  FOLLOWER to FOLLOWER at term 1 for recognizeCandidate:b865abd1-69fe-466b-9343-95a09c0209e3
2019-10-14 13:02:00,270 [b865abd1-69fe-466b-9343-95a09c0209e3@group-C08C2DB63B27-LeaderElection63] INFO  impl.RaftServerImpl (ServerState.java:setRaftConf(356)) - b865abd1-69fe-466b-9343-95a09c0209e3@group-C08C2DB63B27: set configuration 0: [b865abd1-69fe-466b-9343-95a09c0209e3:192.168.151.107:43895], old=null at 0
2019-10-14 13:02:00,274 [grpc-default-executor-8] INFO  impl.RoleInfo (RoleInfo.java:shutdownFollowerState(121)) - d38974ca-1524-4a91-a493-cc1ecc29d194: shutdown FollowerState
2019-10-14 13:02:00,274 [grpc-default-executor-8] INFO  impl.RoleInfo (RoleInfo.java:updateAndGet(143)) - d38974ca-1524-4a91-a493-cc1ecc29d194: start FollowerState
2019-10-14 13:02:00,274 [Thread-2336] INFO  impl.FollowerState (FollowerState.java:run(117)) - d38974ca-1524-4a91-a493-cc1ecc29d194@group-DD89DAE1FCF3-FollowerState was interrupted: java.lang.InterruptedException: sleep interrupted
2019-10-14 13:02:00,311 [b865abd1-69fe-466b-9343-95a09c0209e3@group-DD89DAE1FCF3-LeaderElection64] INFO  impl.LeaderElection (LeaderElection.java:logAndReturn(56)) - b865abd1-69fe-466b-9343-95a09c0209e3@group-DD89DAE1FCF3-LeaderElection64: Election PASSED; received 1 response(s) [b865abd1-69fe-466b-9343-95a09c0209e3<-8e347cd9-0de4-45ca-b367-728cd237bdb9#0:OK-t1] and 0 exception(s); b865abd1-69fe-466b-9343-95a09c0209e3@group-DD89DAE1FCF3:t1, leader=null, voted=b865abd1-69fe-466b-9343-95a09c0209e3, raftlog=b865abd1-69fe-466b-9343-95a09c0209e3@group-DD89DAE1FCF3-SegmentedRaftLog:OPENED:c-1,f-1,i0, conf=-1: [d38974ca-1524-4a91-a493-cc1ecc29d194:192.168.151.107:43364, b865abd1-69fe-466b-9343-95a09c0209e3:192.168.151.107:43895, 8e347cd9-0de4-45ca-b367-728cd237bdb9:192.168.151.107:34527], old=null
2019-10-14 13:02:00,311 [b865abd1-69fe-466b-9343-95a09c0209e3@group-DD89DAE1FCF3-LeaderElection64] INFO  impl.RoleInfo (RoleInfo.java:shutdownLeaderElection(134)) - b865abd1-69fe-466b-9343-95a09c0209e3: shutdown LeaderElection
2019-10-14 13:02:00,311 [b865abd1-69fe-466b-9343-95a09c0209e3@group-DD89DAE1FCF3-LeaderElection64] INFO  impl.RaftServerImpl (RaftServerImpl.java:setRole(170)) - b865abd1-69fe-466b-9343-95a09c0209e3@group-DD89DAE1FCF3: changes role from CANDIDATE to LEADER at term 1 for changeToLeader
2019-10-14 13:02:00,311 [b865abd1-69fe-466b-9343-95a09c0209e3@group-DD89DAE1FCF3-LeaderElection64] INFO  impl.RaftServerImpl (ServerState.java:setLeader(255)) - b865abd1-69fe-466b-9343-95a09c0209e3@group-DD89DAE1FCF3: change Leader from null to b865abd1-69fe-466b-9343-95a09c0209e3 at term 1 for becomeLeader, leader elected after 5115ms
2019-10-14 13:02:00,311 [b865abd1-69fe-466b-9343-95a09c0209e3@group-DD89DAE1FCF3-LeaderElection64] INFO  server.RaftServerConfigKeys (ConfUtils.java:logGet(43)) - raft.server.staging.catchup.gap = 1000 (default)
2019-10-14 13:02:00,311 [b865abd1-69fe-466b-9343-95a09c0209e3@group-DD89DAE1FCF3-LeaderElection64] INFO  server.RaftServerConfigKeys (ConfUtils.java:logGet(43)) - raft.server.rpc.sleep.time = 25ms (default)
2019-10-14 13:02:00,312 [b865abd1-69fe-466b-9343-95a09c0209e3@group-DD89DAE1FCF3-LeaderElection64] INFO  server.RaftServerConfigKeys (ConfUtils.java:logGet(43)) - raft.server.write.element-limit = 4096 (default)
2019-10-14 13:02:00,312 [b865abd1-69fe-466b-9343-95a09c0209e3@group-DD89DAE1FCF3-LeaderElection64] INFO  server.RaftServerConfigKeys (ConfUtils.java:logGet(43)) - raft.server.watch.timeout = 10s (default)
2019-10-14 13:02:00,312 [b865abd1-69fe-466b-9343-95a09c0209e3@group-DD89DAE1FCF3-LeaderElection64] INFO  server.RaftServerConfigKeys (ConfUtils.java:logGet(43)) - raft.server.watch.timeout.denomination = 1s (default)
2019-10-14 13:02:00,312 [b865abd1-69fe-466b-9343-95a09c0209e3@group-DD89DAE1FCF3-LeaderElection64] INFO  server.RaftServerConfigKeys (ConfUtils.java:logGet(43)) - raft.server.watch.element-limit = 65536 (default)
2019-10-14 13:02:00,313 [b865abd1-69fe-466b-9343-95a09c0209e3@group-DD89DAE1FCF3-LeaderElection64] INFO  server.RaftServerConfigKeys (ConfUtils.java:logGet(43)) - raft.server.log.appender.snapshot.chunk.size.max = 16MB (=16777216) (default)
2019-10-14 13:02:00,319 [b865abd1-69fe-466b-9343-95a09c0209e3@group-C08C2DB63B27-SegmentedRaftLogWorker] INFO  segmented.SegmentedRaftLogWorker (SegmentedRaftLogWorker.java:execute(574)) - b865abd1-69fe-466b-9343-95a09c0209e3@group-C08C2DB63B27-SegmentedRaftLogWorker: created new log segment /workdir/hadoop-ozone/integration-test/target/test-dir/MiniOzoneClusterImpl-d7cc1525-03b4-4177-b7bb-10a3025151f7/datanode-6/data/ratis/6a4e2918-b542-4ab8-9877-c08c2db63b27/current/log_inprogress_0
2019-10-14 13:02:00,319 [b865abd1-69fe-466b-9343-95a09c0209e3@group-DD89DAE1FCF3-LeaderElection64] INFO  server.RaftServerConfigKeys (ConfUtils.java:logGet(43)) - raft.server.log.appender.buffer.byte-limit = 33554432 (custom)
2019-10-14 13:02:00,320 [b865abd1-69fe-466b-9343-95a09c0209e3@group-DD89DAE1FCF3-LeaderElection64] INFO  server.RaftServerConfigKeys (ConfUtils.java:logGet(43)) - raft.server.log.appender.buffer.element-limit = 1 (custom)
2019-10-14 13:02:00,320 [b865abd1-69fe-466b-9343-95a09c0209e3@group-DD89DAE1FCF3-LeaderElection64] INFO  grpc.GrpcConfigKeys$Server (ConfUtils.java:logGet(43)) - raft.grpc.server.leader.outstanding.appends.max = 128 (default)
2019-10-14 13:02:00,320 [b865abd1-69fe-466b-9343-95a09c0209e3@group-DD89DAE1FCF3-LeaderElection64] INFO  server.RaftServerConfigKeys (ConfUtils.java:logGet(43)) - raft.server.rpc.request.timeout = 3000ms (default)
2019-10-14 13:02:00,320 [b865abd1-69fe-466b-9343-95a09c0209e3@group-DD89DAE1FCF3-LeaderElection64] INFO  server.RaftServerConfigKeys (ConfUtils.java:logGet(43)) - raft.server.log.appender.install.snapshot.enabled = false (custom)
2019-10-14 13:02:00,320 [b865abd1-69fe-466b-9343-95a09c0209e3@group-DD89DAE1FCF3-LeaderElection64] INFO  server.RaftServerConfigKeys (ConfUtils.java:logGet(43)) - raft.server.log.appender.snapshot.chunk.size.max = 16MB (=16777216) (default)
2019-10-14 13:02:00,320 [b865abd1-69fe-466b-9343-95a09c0209e3@group-DD89DAE1FCF3-LeaderElection64] INFO  server.RaftServerConfigKeys (ConfUtils.java:logGet(43)) - raft.server.log.appender.buffer.byte-limit = 33554432 (custom)
2019-10-14 13:02:00,320 [b865abd1-69fe-466b-9343-95a09c0209e3@group-DD89DAE1FCF3-LeaderElection64] INFO  server.RaftServerConfigKeys (ConfUtils.java:logGet(43)) - raft.server.log.appender.buffer.element-limit = 1 (custom)
2019-10-14 13:02:00,325 [b865abd1-69fe-466b-9343-95a09c0209e3@group-DD89DAE1FCF3-LeaderElection64] INFO  grpc.GrpcConfigKeys$Server (ConfUtils.java:logGet(43)) - raft.grpc.server.leader.outstanding.appends.max = 128 (default)
2019-10-14 13:02:00,325 [b865abd1-69fe-466b-9343-95a09c0209e3@group-DD89DAE1FCF3-LeaderElection64] INFO  server.RaftServerConfigKeys (ConfUtils.java:logGet(43)) - raft.server.rpc.request.timeout = 3000ms (default)
2019-10-14 13:02:00,325 [b865abd1-69fe-466b-9343-95a09c0209e3@group-DD89DAE1FCF3-LeaderElection64] INFO  server.RaftServerConfigKeys (ConfUtils.java:logGet(43)) - raft.server.log.appender.install.snapshot.enabled = false (custom)
2019-10-14 13:02:00,325 [b865abd1-69fe-466b-9343-95a09c0209e3@group-DD89DAE1FCF3-LeaderElection64] INFO  impl.RoleInfo (RoleInfo.java:updateAndGet(143)) - b865abd1-69fe-466b-9343-95a09c0209e3: start LeaderState
2019-10-14 13:02:00,325 [b865abd1-69fe-466b-9343-95a09c0209e3@group-DD89DAE1FCF3-LeaderElection64] INFO  segmented.SegmentedRaftLogWorker (SegmentedRaftLogWorker.java:startLogSegment(385)) - b865abd1-69fe-466b-9343-95a09c0209e3@group-DD89DAE1FCF3-SegmentedRaftLogWorker: Starting segment from index:0
2019-10-14 13:02:00,326 [b865abd1-69fe-466b-9343-95a09c0209e3@group-DD89DAE1FCF3-LeaderElection64] INFO  impl.RaftServerImpl (ServerState.java:setRaftConf(356)) - b865abd1-69fe-466b-9343-95a09c0209e3@group-DD89DAE1FCF3: set configuration 0: [d38974ca-1524-4a91-a493-cc1ecc29d194:192.168.151.107:43364, b865abd1-69fe-466b-9343-95a09c0209e3:192.168.151.107:43895, 8e347cd9-0de4-45ca-b367-728cd237bdb9:192.168.151.107:34527], old=null at 0
2019-10-14 13:02:00,375 [grpc-default-executor-8] INFO  impl.RaftServerImpl (ServerState.java:setLeader(255)) - 8e347cd9-0de4-45ca-b367-728cd237bdb9@group-DD89DAE1FCF3: change Leader from null to b865abd1-69fe-466b-9343-95a09c0209e3 at term 1 for appendEntries, leader elected after 5179ms
2019-10-14 13:02:00,376 [b865abd1-69fe-466b-9343-95a09c0209e3@group-DD89DAE1FCF3-SegmentedRaftLogWorker] INFO  segmented.SegmentedRaftLogWorker (SegmentedRaftLogWorker.java:execute(574)) - b865abd1-69fe-466b-9343-95a09c0209e3@group-DD89DAE1FCF3-SegmentedRaftLogWorker: created new log segment /workdir/hadoop-ozone/integration-test/target/test-dir/MiniOzoneClusterImpl-d7cc1525-03b4-4177-b7bb-10a3025151f7/datanode-6/data/ratis/632de569-ebaf-4684-9b53-dd89dae1fcf3/current/log_inprogress_0
2019-10-14 13:02:00,377 [grpc-default-executor-8] INFO  impl.RaftServerImpl (ServerState.java:setLeader(255)) - d38974ca-1524-4a91-a493-cc1ecc29d194@group-DD89DAE1FCF3: change Leader from null to b865abd1-69fe-466b-9343-95a09c0209e3 at term 1 for appendEntries, leader elected after 5181ms
2019-10-14 13:02:00,382 [grpc-default-executor-4] INFO  impl.RaftServerImpl (ServerState.java:setRaftConf(356)) - 8e347cd9-0de4-45ca-b367-728cd237bdb9@group-DD89DAE1FCF3: set configuration 0: [d38974ca-1524-4a91-a493-cc1ecc29d194:192.168.151.107:43364, b865abd1-69fe-466b-9343-95a09c0209e3:192.168.151.107:43895, 8e347cd9-0de4-45ca-b367-728cd237bdb9:192.168.151.107:34527], old=null at 0
2019-10-14 13:02:00,382 [grpc-default-executor-4] INFO  segmented.SegmentedRaftLogWorker (SegmentedRaftLogWorker.java:startLogSegment(385)) - 8e347cd9-0de4-45ca-b367-728cd237bdb9@group-DD89DAE1FCF3-SegmentedRaftLogWorker: Starting segment from index:0
2019-10-14 13:02:00,383 [grpc-default-executor-4] INFO  impl.RaftServerImpl (ServerState.java:setRaftConf(356)) - d38974ca-1524-4a91-a493-cc1ecc29d194@group-DD89DAE1FCF3: set configuration 0: [d38974ca-1524-4a91-a493-cc1ecc29d194:192.168.151.107:43364, b865abd1-69fe-466b-9343-95a09c0209e3:192.168.151.107:43895, 8e347cd9-0de4-45ca-b367-728cd237bdb9:192.168.151.107:34527], old=null at 0
2019-10-14 13:02:00,383 [grpc-default-executor-4] INFO  segmented.SegmentedRaftLogWorker (SegmentedRaftLogWorker.java:startLogSegment(385)) - d38974ca-1524-4a91-a493-cc1ecc29d194@group-DD89DAE1FCF3-SegmentedRaftLogWorker: Starting segment from index:0
2019-10-14 13:02:00,431 [d38974ca-1524-4a91-a493-cc1ecc29d194@group-DD89DAE1FCF3-SegmentedRaftLogWorker] INFO  segmented.SegmentedRaftLogWorker (SegmentedRaftLogWorker.java:execute(574)) - d38974ca-1524-4a91-a493-cc1ecc29d194@group-DD89DAE1FCF3-SegmentedRaftLogWorker: created new log segment /workdir/hadoop-ozone/integration-test/target/test-dir/MiniOzoneClusterImpl-d7cc1525-03b4-4177-b7bb-10a3025151f7/datanode-3/data/ratis/632de569-ebaf-4684-9b53-dd89dae1fcf3/current/log_inprogress_0
2019-10-14 13:02:00,433 [8e347cd9-0de4-45ca-b367-728cd237bdb9@group-DD89DAE1FCF3-SegmentedRaftLogWorker] INFO  segmented.SegmentedRaftLogWorker (SegmentedRaftLogWorker.java:execute(574)) - 8e347cd9-0de4-45ca-b367-728cd237bdb9@group-DD89DAE1FCF3-SegmentedRaftLogWorker: created new log segment /workdir/hadoop-ozone/integration-test/target/test-dir/MiniOzoneClusterImpl-d7cc1525-03b4-4177-b7bb-10a3025151f7/datanode-5/data/ratis/632de569-ebaf-4684-9b53-dd89dae1fcf3/current/log_inprogress_0
2019-10-14 13:02:01,474 [Datanode State Machine Thread - 0] INFO  statemachine.DatanodeStateMachine (DatanodeStateMachine.java:lambda$startDaemon$0(350)) - Ozone container server started.
2019-10-14 13:02:01,734 [grpc-default-executor-7] WARN  server.GrpcLogAppender (LogUtils.java:warn(134)) - 3f353dff-fbf1-45e1-b8dc-90047666ac7f@group-FDD512E035A0->82ffce00-55a6-43cb-a809-ae8d063a0f95-AppendLogResponseHandler: Failed appendEntries: org.apache.ratis.thirdparty.io.grpc.StatusRuntimeException: UNAVAILABLE: io exception
2019-10-14 13:02:01,734 [grpc-default-executor-8] WARN  server.GrpcLogAppender (LogUtils.java:warn(134)) - 3f353dff-fbf1-45e1-b8dc-90047666ac7f@group-FDD512E035A0->1da6bb09-916d-4199-b6ac-9e9059830af0-AppendLogResponseHandler: Failed appendEntries: org.apache.ratis.thirdparty.io.grpc.StatusRuntimeException: UNAVAILABLE: io exception
2019-10-14 13:02:01,735 [grpc-default-executor-7] INFO  impl.FollowerInfo (FollowerInfo.java:lambda$new$0(51)) - 3f353dff-fbf1-45e1-b8dc-90047666ac7f@group-FDD512E035A0->82ffce00-55a6-43cb-a809-ae8d063a0f95: nextIndex: updateUnconditionally 0 -> 0
2019-10-14 13:02:01,735 [grpc-default-executor-8] INFO  impl.FollowerInfo (FollowerInfo.java:lambda$new$0(51)) - 3f353dff-fbf1-45e1-b8dc-90047666ac7f@group-FDD512E035A0->1da6bb09-916d-4199-b6ac-9e9059830af0: nextIndex: updateUnconditionally 0 -> 0
2019-10-14 13:02:04,236 [grpc-default-executor-4] WARN  server.GrpcLogAppender (LogUtils.java:warn(134)) - 3f353dff-fbf1-45e1-b8dc-90047666ac7f@group-FDD512E035A0->82ffce00-55a6-43cb-a809-ae8d063a0f95-AppendLogResponseHandler: Failed appendEntries: org.apache.ratis.thirdparty.io.grpc.StatusRuntimeException: UNAVAILABLE: io exception
2019-10-14 13:02:04,236 [grpc-default-executor-8] WARN  server.GrpcLogAppender (LogUtils.java:warn(134)) - 3f353dff-fbf1-45e1-b8dc-90047666ac7f@group-FDD512E035A0->1da6bb09-916d-4199-b6ac-9e9059830af0-AppendLogResponseHandler: Failed appendEntries: org.apache.ratis.thirdparty.io.grpc.StatusRuntimeException: UNAVAILABLE: io exception
2019-10-14 13:02:04,237 [grpc-default-executor-4] INFO  impl.FollowerInfo (FollowerInfo.java:lambda$new$0(51)) - 3f353dff-fbf1-45e1-b8dc-90047666ac7f@group-FDD512E035A0->82ffce00-55a6-43cb-a809-ae8d063a0f95: nextIndex: updateUnconditionally 0 -> 0
2019-10-14 13:02:04,237 [grpc-default-executor-8] INFO  impl.FollowerInfo (FollowerInfo.java:lambda$new$0(51)) - 3f353dff-fbf1-45e1-b8dc-90047666ac7f@group-FDD512E035A0->1da6bb09-916d-4199-b6ac-9e9059830af0: nextIndex: updateUnconditionally 0 -> 0
2019-10-14 13:02:05,056 [Thread-2423] INFO  client.GrpcClientProtocolService (GrpcClientProtocolService.java:lambda$processClientRequest$0(278)) - Failed RaftClientRequest:client-1CFB137E1E85->3f353dff-fbf1-45e1-b8dc-90047666ac7f@group-FDD512E035A0, cid=68, seq=0, Watch-MAJORITY_COMMITTED(93), Message:<EMPTY>, reply=RaftClientReply:client-1CFB137E1E85->3f353dff-fbf1-45e1-b8dc-90047666ac7f@group-FDD512E035A0, cid=68, FAILED org.apache.ratis.protocol.NotReplicatedException: Request with call Id 68 and log index 93 is not yet replicated to MAJORITY_COMMITTED, logIndex=93, commits[3f353dff-fbf1-45e1-b8dc-90047666ac7f:c2, 1da6bb09-916d-4199-b6ac-9e9059830af0:c2, 82ffce00-55a6-43cb-a809-ae8d063a0f95:c2]
2019-10-14 13:02:05,488 [main] INFO  ozoneimpl.OzoneContainer (OzoneContainer.java:stop(227)) - Attempting to stop container services.
2019-10-14 13:02:05,488 [main] INFO  impl.RaftServerProxy (RaftServerProxy.java:lambda$close$4(314)) - a6fe904f-38aa-494b-9b18-48ceaa20fa11: close
2019-10-14 13:02:05,489 [main] INFO  impl.RaftServerImpl (RaftServerImpl.java:lambda$shutdown$3(247)) - a6fe904f-38aa-494b-9b18-48ceaa20fa11@group-051E01347B52: shutdown
2019-10-14 13:02:05,489 [main] INFO  util.JmxRegister (JmxRegister.java:unregister(73)) - Successfully un-registered JMX Bean with object name Ratis:service=RaftServer,group=group-051E01347B52,id=a6fe904f-38aa-494b-9b18-48ceaa20fa11
2019-10-14 13:02:05,490 [main] INFO  impl.RoleInfo (RoleInfo.java:shutdownLeaderState(104)) - a6fe904f-38aa-494b-9b18-48ceaa20fa11: shutdown LeaderState
2019-10-14 13:02:05,490 [main] INFO  impl.PendingRequests (PendingRequests.java:sendNotLeaderResponses(202)) - a6fe904f-38aa-494b-9b18-48ceaa20fa11@group-051E01347B52-PendingRequests: sendNotLeaderResponses
2019-10-14 13:02:05,490 [main] INFO  impl.StateMachineUpdater (StateMachineUpdater.java:stopAndJoin(136)) - a6fe904f-38aa-494b-9b18-48ceaa20fa11@group-051E01347B52-StateMachineUpdater: set stopIndex = 0
2019-10-14 13:02:05,491 [main] INFO  impl.RaftServerImpl (ServerState.java:close(387)) - a6fe904f-38aa-494b-9b18-48ceaa20fa11@group-051E01347B52: closes. applyIndex: 0
2019-10-14 13:02:05,491 [a6fe904f-38aa-494b-9b18-48ceaa20fa11@group-051E01347B52-SegmentedRaftLogWorker] INFO  segmented.SegmentedRaftLogWorker (SegmentedRaftLogWorker.java:run(316)) - a6fe904f-38aa-494b-9b18-48ceaa20fa11@group-051E01347B52-SegmentedRaftLogWorker was interrupted, exiting. There are 0 tasks remaining in the queue.
2019-10-14 13:02:05,496 [main] INFO  segmented.SegmentedRaftLogWorker (SegmentedRaftLogWorker.java:close(224)) - a6fe904f-38aa-494b-9b18-48ceaa20fa11@group-051E01347B52-SegmentedRaftLogWorker close()
2019-10-14 13:02:05,501 [main] INFO  impl.RaftServerImpl (RaftServerImpl.java:lambda$shutdown$3(247)) - a6fe904f-38aa-494b-9b18-48ceaa20fa11@group-DFADC55D3820: shutdown
2019-10-14 13:02:05,501 [main] INFO  util.JmxRegister (JmxRegister.java:unregister(73)) - Successfully un-registered JMX Bean with object name Ratis:service=RaftServer,group=group-DFADC55D3820,id=a6fe904f-38aa-494b-9b18-48ceaa20fa11
2019-10-14 13:02:05,501 [main] INFO  impl.RoleInfo (RoleInfo.java:shutdownLeaderState(104)) - a6fe904f-38aa-494b-9b18-48ceaa20fa11: shutdown LeaderState
2019-10-14 13:02:05,507 [main] INFO  impl.PendingRequests (PendingRequests.java:sendNotLeaderResponses(202)) - a6fe904f-38aa-494b-9b18-48ceaa20fa11@group-DFADC55D3820-PendingRequests: sendNotLeaderResponses
2019-10-14 13:02:05,507 [org.apache.ratis.server.impl.LogAppender$AppenderDaemon$$Lambda$545/133677391@1415ea50] WARN  server.GrpcLogAppender (GrpcLogAppender.java:mayWait(143)) - a6fe904f-38aa-494b-9b18-48ceaa20fa11@group-DFADC55D3820->6d5882c0-7b37-45c4-bca3-490e9467e84a-GrpcLogAppender: Wait interrupted by java.lang.InterruptedException
2019-10-14 13:02:05,514 [main] INFO  impl.StateMachineUpdater (StateMachineUpdater.java:stopAndJoin(136)) - a6fe904f-38aa-494b-9b18-48ceaa20fa11@group-DFADC55D3820-StateMachineUpdater: set stopIndex = 2
2019-10-14 13:02:05,507 [org.apache.ratis.server.impl.LogAppender$AppenderDaemon$$Lambda$545/133677391@37729991] WARN  server.GrpcLogAppender (GrpcLogAppender.java:mayWait(143)) - a6fe904f-38aa-494b-9b18-48ceaa20fa11@group-DFADC55D3820->72560939-34a3-48e9-b1ac-5ff43108b5ce-GrpcLogAppender: Wait interrupted by java.lang.InterruptedException
2019-10-14 13:02:05,514 [a6fe904f-38aa-494b-9b18-48ceaa20fa11@group-DFADC55D3820-StateMachineUpdater] INFO  ratis.ContainerStateMachine (ContainerStateMachine.java:takeSnapshot(294)) - group-DFADC55D3820: Taking a snapshot at:(t:1, i:2) file /workdir/hadoop-ozone/integration-test/target/test-dir/MiniOzoneClusterImpl-d7cc1525-03b4-4177-b7bb-10a3025151f7/datanode-1/data/ratis/3101678d-6abb-4f79-918d-dfadc55d3820/sm/snapshot.1_2
2019-10-14 13:02:05,515 [grpc-default-executor-8] INFO  server.GrpcServerProtocolService (GrpcServerProtocolService.java:onCompleted(113)) - 6d5882c0-7b37-45c4-bca3-490e9467e84a: Completed APPEND_ENTRIES, lastRequest: a6fe904f-38aa-494b-9b18-48ceaa20fa11->6d5882c0-7b37-45c4-bca3-490e9467e84a#5-t1, previous=(t:1, i:2), leaderCommit=2, initializing? false, entries: <empty>
2019-10-14 13:02:05,515 [grpc-default-executor-4] INFO  server.GrpcServerProtocolService (GrpcServerProtocolService.java:onCompleted(113)) - 72560939-34a3-48e9-b1ac-5ff43108b5ce: Completed APPEND_ENTRIES, lastRequest: a6fe904f-38aa-494b-9b18-48ceaa20fa11->72560939-34a3-48e9-b1ac-5ff43108b5ce#5-t1, previous=(t:1, i:2), leaderCommit=2, initializing? false, entries: <empty>
2019-10-14 13:02:05,515 [grpc-default-executor-8] INFO  server.GrpcLogAppender (GrpcLogAppender.java:onCompleted(293)) - a6fe904f-38aa-494b-9b18-48ceaa20fa11@group-DFADC55D3820->6d5882c0-7b37-45c4-bca3-490e9467e84a-AppendLogResponseHandler: follower responses appendEntries COMPLETED
2019-10-14 13:02:05,515 [grpc-default-executor-4] INFO  server.GrpcLogAppender (GrpcLogAppender.java:onCompleted(293)) - a6fe904f-38aa-494b-9b18-48ceaa20fa11@group-DFADC55D3820->72560939-34a3-48e9-b1ac-5ff43108b5ce-AppendLogResponseHandler: follower responses appendEntries COMPLETED
2019-10-14 13:02:05,516 [grpc-default-executor-8] INFO  impl.FollowerInfo (FollowerInfo.java:lambda$new$0(51)) - a6fe904f-38aa-494b-9b18-48ceaa20fa11@group-DFADC55D3820->6d5882c0-7b37-45c4-bca3-490e9467e84a: nextIndex: updateUnconditionally 3 -> 2
2019-10-14 13:02:05,516 [grpc-default-executor-4] INFO  impl.FollowerInfo (FollowerInfo.java:lambda$new$0(51)) - a6fe904f-38aa-494b-9b18-48ceaa20fa11@group-DFADC55D3820->72560939-34a3-48e9-b1ac-5ff43108b5ce: nextIndex: updateUnconditionally 3 -> 2
2019-10-14 13:02:05,569 [a6fe904f-38aa-494b-9b18-48ceaa20fa11@group-DFADC55D3820-StateMachineUpdater] INFO  ratis.ContainerStateMachine (ContainerStateMachine.java:takeSnapshot(305)) - group-DFADC55D3820: Finished taking a snapshot at:(t:1, i:2) file:/workdir/hadoop-ozone/integration-test/target/test-dir/MiniOzoneClusterImpl-d7cc1525-03b4-4177-b7bb-10a3025151f7/datanode-1/data/ratis/3101678d-6abb-4f79-918d-dfadc55d3820/sm/snapshot.1_2 time:55
2019-10-14 13:02:05,570 [a6fe904f-38aa-494b-9b18-48ceaa20fa11@group-DFADC55D3820-StateMachineUpdater] INFO  impl.StateMachineUpdater (StateMachineUpdater.java:takeSnapshot(269)) - a6fe904f-38aa-494b-9b18-48ceaa20fa11@group-DFADC55D3820-StateMachineUpdater: Took a snapshot at index 2
2019-10-14 13:02:05,570 [a6fe904f-38aa-494b-9b18-48ceaa20fa11@group-DFADC55D3820-StateMachineUpdater] INFO  impl.StateMachineUpdater (StateMachineUpdater.java:lambda$new$0(84)) - a6fe904f-38aa-494b-9b18-48ceaa20fa11@group-DFADC55D3820-StateMachineUpdater: snapshotIndex: updateIncreasingly -1 -> 2
2019-10-14 13:02:05,570 [main] INFO  impl.RaftServerImpl (ServerState.java:close(387)) - a6fe904f-38aa-494b-9b18-48ceaa20fa11@group-DFADC55D3820: closes. applyIndex: 2
2019-10-14 13:02:05,571 [a6fe904f-38aa-494b-9b18-48ceaa20fa11@group-DFADC55D3820-SegmentedRaftLogWorker] INFO  segmented.SegmentedRaftLogWorker (SegmentedRaftLogWorker.java:run(316)) - a6fe904f-38aa-494b-9b18-48ceaa20fa11@group-DFADC55D3820-SegmentedRaftLogWorker was interrupted, exiting. There are 0 tasks remaining in the queue.
2019-10-14 13:02:05,576 [main] INFO  segmented.SegmentedRaftLogWorker (SegmentedRaftLogWorker.java:close(224)) - a6fe904f-38aa-494b-9b18-48ceaa20fa11@group-DFADC55D3820-SegmentedRaftLogWorker close()
2019-10-14 13:02:05,584 [main] INFO  server.GrpcService (GrpcService.java:closeImpl(164)) - a6fe904f-38aa-494b-9b18-48ceaa20fa11: shutdown server with port 37214 now
2019-10-14 13:02:05,584 [main] INFO  server.GrpcService (GrpcService.java:closeImpl(172)) - a6fe904f-38aa-494b-9b18-48ceaa20fa11: shutdown server with port 37214 successfully
2019-10-14 13:02:05,587 [refreshUsed-/workdir/hadoop-ozone/integration-test/target/test-dir/MiniOzoneClusterImpl-d7cc1525-03b4-4177-b7bb-10a3025151f7/datanode-1/data/containers] WARN  fs.CachingGetSpaceUsed (CachingGetSpaceUsed.java:run(183)) - Thread Interrupted waiting to refresh disk information: sleep interrupted
2019-10-14 13:02:05,607 [main] INFO  utils.BackgroundService (BackgroundService.java:shutdown(151)) - Shutting down service BlockDeletingService
2019-10-14 13:02:05,616 [main] INFO  statemachine.DatanodeStateMachine (DatanodeStateMachine.java:stopDaemon(395)) - Ozone container server stopped.
2019-10-14 13:02:05,617 [main] INFO  handler.ContextHandler (ContextHandler.java:doStop(910)) - Stopped o.e.j.w.WebAppContext@65cc5252{/,null,UNAVAILABLE}{/hddsDatanode}
2019-10-14 13:02:05,618 [main] INFO  server.AbstractConnector (AbstractConnector.java:doStop(318)) - Stopped ServerConnector@42c12b3e{HTTP/1.1,[http/1.1]}{0.0.0.0:0}
2019-10-14 13:02:05,618 [main] INFO  handler.ContextHandler (ContextHandler.java:doStop(910)) - Stopped o.e.j.s.ServletContextHandler@61394494{/static,jar:file:/home/user/.m2/repository/org/apache/hadoop/hadoop-hdds-container-service/0.5.0-SNAPSHOT/hadoop-hdds-container-service-0.5.0-SNAPSHOT.jar!/webapps/static,UNAVAILABLE}
2019-10-14 13:02:05,618 [main] INFO  handler.ContextHandler (ContextHandler.java:doStop(910)) - Stopped o.e.j.s.ServletContextHandler@7558633{/logs,file:///workdir/hadoop-ozone/integration-test/target/log,UNAVAILABLE}
2019-10-14 13:02:06,035 [EventQueue-StaleNodeForStaleNodeHandler] INFO  node.StaleNodeHandler (StaleNodeHandler.java:onMessage(58)) - Datanode 1da6bb09-916d-4199-b6ac-9e9059830af0{ip: 192.168.151.107, host: pr-hdds-2299-hlwdq-549545603, networkLocation: /default-rack, certSerialId: null} moved to stale state. Finalizing its pipelines [PipelineID=5127eae7-58cd-4f32-8481-f0132966e86e, PipelineID=9ea1b952-6fba-4b06-9ca2-fdd512e035a0]
2019-10-14 13:02:06,035 [EventQueue-StaleNodeForStaleNodeHandler] INFO  pipeline.SCMPipelineManager (SCMPipelineManager.java:finalizeAndDestroyPipeline(315)) - destroying pipeline:Pipeline[ Id: 5127eae7-58cd-4f32-8481-f0132966e86e, Nodes: 1da6bb09-916d-4199-b6ac-9e9059830af0{ip: 192.168.151.107, host: pr-hdds-2299-hlwdq-549545603, networkLocation: /default-rack, certSerialId: null}, Type:RATIS, Factor:ONE, State:OPEN]
2019-10-14 13:02:06,036 [EventQueue-StaleNodeForStaleNodeHandler] INFO  pipeline.PipelineStateManager (PipelineStateManager.java:finalizePipeline(123)) - Pipeline Pipeline[ Id: 5127eae7-58cd-4f32-8481-f0132966e86e, Nodes: 1da6bb09-916d-4199-b6ac-9e9059830af0{ip: 192.168.151.107, host: pr-hdds-2299-hlwdq-549545603, networkLocation: /default-rack, certSerialId: null}, Type:RATIS, Factor:ONE, State:CLOSED] moved to CLOSED state
2019-10-14 13:02:06,036 [EventQueue-StaleNodeForStaleNodeHandler] INFO  pipeline.SCMPipelineManager (SCMPipelineManager.java:finalizeAndDestroyPipeline(315)) - destroying pipeline:Pipeline[ Id: 9ea1b952-6fba-4b06-9ca2-fdd512e035a0, Nodes: 1da6bb09-916d-4199-b6ac-9e9059830af0{ip: 192.168.151.107, host: pr-hdds-2299-hlwdq-549545603, networkLocation: /default-rack, certSerialId: null}82ffce00-55a6-43cb-a809-ae8d063a0f95{ip: 192.168.151.107, host: pr-hdds-2299-hlwdq-549545603, networkLocation: /default-rack, certSerialId: null}3f353dff-fbf1-45e1-b8dc-90047666ac7f{ip: 192.168.151.107, host: pr-hdds-2299-hlwdq-549545603, networkLocation: /default-rack, certSerialId: null}, Type:RATIS, Factor:THREE, State:OPEN]
2019-10-14 13:02:06,036 [EventQueue-StaleNodeForStaleNodeHandler] INFO  pipeline.PipelineStateManager (PipelineStateManager.java:finalizePipeline(123)) - Pipeline Pipeline[ Id: 9ea1b952-6fba-4b06-9ca2-fdd512e035a0, Nodes: 1da6bb09-916d-4199-b6ac-9e9059830af0{ip: 192.168.151.107, host: pr-hdds-2299-hlwdq-549545603, networkLocation: /default-rack, certSerialId: null}82ffce00-55a6-43cb-a809-ae8d063a0f95{ip: 192.168.151.107, host: pr-hdds-2299-hlwdq-549545603, networkLocation: /default-rack, certSerialId: null}3f353dff-fbf1-45e1-b8dc-90047666ac7f{ip: 192.168.151.107, host: pr-hdds-2299-hlwdq-549545603, networkLocation: /default-rack, certSerialId: null}, Type:RATIS, Factor:THREE, State:CLOSED] moved to CLOSED state
2019-10-14 13:02:06,037 [EventQueue-CloseContainerForCloseContainerEventHandler] INFO  container.CloseContainerEventHandler (CloseContainerEventHandler.java:onMessage(61)) - Close container Event triggered for container : #1
2019-10-14 13:02:06,735 [grpc-default-executor-8] WARN  server.GrpcLogAppender (LogUtils.java:warn(134)) - 3f353dff-fbf1-45e1-b8dc-90047666ac7f@group-FDD512E035A0->82ffce00-55a6-43cb-a809-ae8d063a0f95-AppendLogResponseHandler: Failed appendEntries: org.apache.ratis.thirdparty.io.grpc.StatusRuntimeException: UNAVAILABLE: io exception
2019-10-14 13:02:06,736 [grpc-default-executor-0] WARN  server.GrpcLogAppender (LogUtils.java:warn(134)) - 3f353dff-fbf1-45e1-b8dc-90047666ac7f@group-FDD512E035A0->1da6bb09-916d-4199-b6ac-9e9059830af0-AppendLogResponseHandler: Failed appendEntries: org.apache.ratis.thirdparty.io.grpc.StatusRuntimeException: UNAVAILABLE: io exception
2019-10-14 13:02:06,736 [grpc-default-executor-8] INFO  impl.FollowerInfo (FollowerInfo.java:lambda$new$0(51)) - 3f353dff-fbf1-45e1-b8dc-90047666ac7f@group-FDD512E035A0->82ffce00-55a6-43cb-a809-ae8d063a0f95: nextIndex: updateUnconditionally 0 -> 0
2019-10-14 13:02:06,736 [grpc-default-executor-0] INFO  impl.FollowerInfo (FollowerInfo.java:lambda$new$0(51)) - 3f353dff-fbf1-45e1-b8dc-90047666ac7f@group-FDD512E035A0->1da6bb09-916d-4199-b6ac-9e9059830af0: nextIndex: updateUnconditionally 0 -> 0
2019-10-14 13:02:07,762 [grpc-default-executor-0] WARN  server.GrpcLogAppender (LogUtils.java:warn(134)) - 3f353dff-fbf1-45e1-b8dc-90047666ac7f@group-FDD512E035A0->82ffce00-55a6-43cb-a809-ae8d063a0f95-AppendLogResponseHandler: Failed appendEntries: org.apache.ratis.thirdparty.io.grpc.StatusRuntimeException: UNAVAILABLE: io exception
2019-10-14 13:02:07,762 [grpc-default-executor-7] WARN  server.GrpcLogAppender (LogUtils.java:warn(134)) - 3f353dff-fbf1-45e1-b8dc-90047666ac7f@group-FDD512E035A0->1da6bb09-916d-4199-b6ac-9e9059830af0-AppendLogResponseHandler: Failed appendEntries: org.apache.ratis.thirdparty.io.grpc.StatusRuntimeException: UNAVAILABLE: io exception
2019-10-14 13:02:07,763 [grpc-default-executor-0] INFO  impl.FollowerInfo (FollowerInfo.java:lambda$new$0(51)) - 3f353dff-fbf1-45e1-b8dc-90047666ac7f@group-FDD512E035A0->82ffce00-55a6-43cb-a809-ae8d063a0f95: nextIndex: updateUnconditionally 1 -> 0
2019-10-14 13:02:07,763 [grpc-default-executor-7] INFO  impl.FollowerInfo (FollowerInfo.java:lambda$new$0(51)) - 3f353dff-fbf1-45e1-b8dc-90047666ac7f@group-FDD512E035A0->1da6bb09-916d-4199-b6ac-9e9059830af0: nextIndex: updateUnconditionally 1 -> 0
2019-10-14 13:02:10,264 [grpc-default-executor-0] WARN  server.GrpcLogAppender (LogUtils.java:warn(134)) - 3f353dff-fbf1-45e1-b8dc-90047666ac7f@group-FDD512E035A0->82ffce00-55a6-43cb-a809-ae8d063a0f95-AppendLogResponseHandler: Failed appendEntries: org.apache.ratis.thirdparty.io.grpc.StatusRuntimeException: UNAVAILABLE: io exception
2019-10-14 13:02:10,264 [grpc-default-executor-8] WARN  server.GrpcLogAppender (LogUtils.java:warn(134)) - 3f353dff-fbf1-45e1-b8dc-90047666ac7f@group-FDD512E035A0->1da6bb09-916d-4199-b6ac-9e9059830af0-AppendLogResponseHandler: Failed appendEntries: org.apache.ratis.thirdparty.io.grpc.StatusRuntimeException: UNAVAILABLE: io exception
2019-10-14 13:02:10,264 [grpc-default-executor-0] INFO  impl.FollowerInfo (FollowerInfo.java:lambda$new$0(51)) - 3f353dff-fbf1-45e1-b8dc-90047666ac7f@group-FDD512E035A0->82ffce00-55a6-43cb-a809-ae8d063a0f95: nextIndex: updateUnconditionally 0 -> 0
2019-10-14 13:02:10,264 [grpc-default-executor-8] INFO  impl.FollowerInfo (FollowerInfo.java:lambda$new$0(51)) - 3f353dff-fbf1-45e1-b8dc-90047666ac7f@group-FDD512E035A0->1da6bb09-916d-4199-b6ac-9e9059830af0: nextIndex: updateUnconditionally 0 -> 0
2019-10-14 13:02:11,842 [EventQueue-StaleNodeForStaleNodeHandler] INFO  node.StaleNodeHandler (StaleNodeHandler.java:onMessage(58)) - Datanode 82ffce00-55a6-43cb-a809-ae8d063a0f95{ip: 192.168.151.107, host: pr-hdds-2299-hlwdq-549545603, networkLocation: /default-rack, certSerialId: null} moved to stale state. Finalizing its pipelines [PipelineID=ad44f9a1-f520-40a3-bbd9-65b7acdce826, PipelineID=9ea1b952-6fba-4b06-9ca2-fdd512e035a0]
2019-10-14 13:02:11,842 [EventQueue-StaleNodeForStaleNodeHandler] INFO  pipeline.SCMPipelineManager (SCMPipelineManager.java:finalizeAndDestroyPipeline(315)) - destroying pipeline:Pipeline[ Id: ad44f9a1-f520-40a3-bbd9-65b7acdce826, Nodes: 82ffce00-55a6-43cb-a809-ae8d063a0f95{ip: 192.168.151.107, host: pr-hdds-2299-hlwdq-549545603, networkLocation: /default-rack, certSerialId: null}, Type:RATIS, Factor:ONE, State:OPEN]
2019-10-14 13:02:11,842 [EventQueue-StaleNodeForStaleNodeHandler] INFO  pipeline.PipelineStateManager (PipelineStateManager.java:finalizePipeline(123)) - Pipeline Pipeline[ Id: ad44f9a1-f520-40a3-bbd9-65b7acdce826, Nodes: 82ffce00-55a6-43cb-a809-ae8d063a0f95{ip: 192.168.151.107, host: pr-hdds-2299-hlwdq-549545603, networkLocation: /default-rack, certSerialId: null}, Type:RATIS, Factor:ONE, State:CLOSED] moved to CLOSED state
2019-10-14 13:02:11,843 [EventQueue-StaleNodeForStaleNodeHandler] INFO  pipeline.SCMPipelineManager (SCMPipelineManager.java:finalizeAndDestroyPipeline(315)) - destroying pipeline:Pipeline[ Id: 9ea1b952-6fba-4b06-9ca2-fdd512e035a0, Nodes: 1da6bb09-916d-4199-b6ac-9e9059830af0{ip: 192.168.151.107, host: pr-hdds-2299-hlwdq-549545603, networkLocation: /default-rack, certSerialId: null}82ffce00-55a6-43cb-a809-ae8d063a0f95{ip: 192.168.151.107, host: pr-hdds-2299-hlwdq-549545603, networkLocation: /default-rack, certSerialId: null}3f353dff-fbf1-45e1-b8dc-90047666ac7f{ip: 192.168.151.107, host: pr-hdds-2299-hlwdq-549545603, networkLocation: /default-rack, certSerialId: null}, Type:RATIS, Factor:THREE, State:CLOSED]
2019-10-14 13:02:12,764 [grpc-default-executor-8] WARN  server.GrpcLogAppender (LogUtils.java:warn(134)) - 3f353dff-fbf1-45e1-b8dc-90047666ac7f@group-FDD512E035A0->1da6bb09-916d-4199-b6ac-9e9059830af0-AppendLogResponseHandler: Failed appendEntries: org.apache.ratis.thirdparty.io.grpc.StatusRuntimeException: UNAVAILABLE: io exception
2019-10-14 13:02:12,764 [grpc-default-executor-1] WARN  server.GrpcLogAppender (LogUtils.java:warn(134)) - 3f353dff-fbf1-45e1-b8dc-90047666ac7f@group-FDD512E035A0->82ffce00-55a6-43cb-a809-ae8d063a0f95-AppendLogResponseHandler: Failed appendEntries: org.apache.ratis.thirdparty.io.grpc.StatusRuntimeException: UNAVAILABLE: io exception
2019-10-14 13:02:12,764 [grpc-default-executor-8] INFO  impl.FollowerInfo (FollowerInfo.java:lambda$new$0(51)) - 3f353dff-fbf1-45e1-b8dc-90047666ac7f@group-FDD512E035A0->1da6bb09-916d-4199-b6ac-9e9059830af0: nextIndex: updateUnconditionally 0 -> 0
2019-10-14 13:02:12,764 [grpc-default-executor-1] INFO  impl.FollowerInfo (FollowerInfo.java:lambda$new$0(51)) - 3f353dff-fbf1-45e1-b8dc-90047666ac7f@group-FDD512E035A0->82ffce00-55a6-43cb-a809-ae8d063a0f95: nextIndex: updateUnconditionally 0 -> 0
2019-10-14 13:02:15,056 [Thread-2473] INFO  client.GrpcClientProtocolService (GrpcClientProtocolService.java:lambda$processClientRequest$0(278)) - Failed RaftClientRequest:client-1CFB137E1E85->3f353dff-fbf1-45e1-b8dc-90047666ac7f@group-FDD512E035A0, cid=68, seq=0, Watch-MAJORITY_COMMITTED(93), Message:<EMPTY>, reply=RaftClientReply:client-1CFB137E1E85->3f353dff-fbf1-45e1-b8dc-90047666ac7f@group-FDD512E035A0, cid=68, FAILED org.apache.ratis.protocol.NotReplicatedException: Request with call Id 68 and log index 93 is not yet replicated to MAJORITY_COMMITTED, logIndex=93, commits[3f353dff-fbf1-45e1-b8dc-90047666ac7f:c2, 1da6bb09-916d-4199-b6ac-9e9059830af0:c2, 82ffce00-55a6-43cb-a809-ae8d063a0f95:c2]
2019-10-14 13:02:15,186 [Thread-2364] INFO  impl.FollowerState (FollowerState.java:run(108)) - 72560939-34a3-48e9-b1ac-5ff43108b5ce@group-DFADC55D3820-FollowerState: change to CANDIDATE, lastRpcTime:9774ms, electionTimeout:5169ms
2019-10-14 13:02:15,187 [Thread-2364] INFO  impl.RoleInfo (RoleInfo.java:shutdownFollowerState(121)) - 72560939-34a3-48e9-b1ac-5ff43108b5ce: shutdown FollowerState
2019-10-14 13:02:15,187 [Thread-2364] INFO  impl.RaftServerImpl (RaftServerImpl.java:setRole(170)) - 72560939-34a3-48e9-b1ac-5ff43108b5ce@group-DFADC55D3820: changes role from  FOLLOWER to CANDIDATE at term 1 for changeToCandidate
2019-10-14 13:02:15,187 [Thread-2364] INFO  impl.RoleInfo (RoleInfo.java:updateAndGet(143)) - 72560939-34a3-48e9-b1ac-5ff43108b5ce: start LeaderElection
2019-10-14 13:02:15,193 [72560939-34a3-48e9-b1ac-5ff43108b5ce@group-DFADC55D3820-LeaderElection65] INFO  impl.RaftServerImpl (ServerState.java:setLeader(255)) - 72560939-34a3-48e9-b1ac-5ff43108b5ce@group-DFADC55D3820: change Leader from a6fe904f-38aa-494b-9b18-48ceaa20fa11 to null at term 1 for initElection
2019-10-14 13:02:15,198 [72560939-34a3-48e9-b1ac-5ff43108b5ce@group-DFADC55D3820-LeaderElection65] INFO  impl.LeaderElection (LeaderElection.java:askForVotes(178)) - 72560939-34a3-48e9-b1ac-5ff43108b5ce@group-DFADC55D3820-LeaderElection65: begin an election at term 2 for 0: [a6fe904f-38aa-494b-9b18-48ceaa20fa11:192.168.151.107:37214, 6d5882c0-7b37-45c4-bca3-490e9467e84a:192.168.151.107:45954, 72560939-34a3-48e9-b1ac-5ff43108b5ce:192.168.151.107:44441], old=null
2019-10-14 13:02:15,201 [72560939-34a3-48e9-b1ac-5ff43108b5ce@group-DFADC55D3820-LeaderElection65] INFO  impl.LeaderElection (LogUtils.java:infoOrTrace(149)) - 72560939-34a3-48e9-b1ac-5ff43108b5ce@group-DFADC55D3820-LeaderElection65 got exception when requesting votes: {}
java.util.concurrent.ExecutionException: org.apache.ratis.thirdparty.io.grpc.StatusRuntimeException: UNAVAILABLE: io exception
	at java.util.concurrent.FutureTask.report(FutureTask.java:122)
	at java.util.concurrent.FutureTask.get(FutureTask.java:192)
	at org.apache.ratis.server.impl.LeaderElection.waitForResults(LeaderElection.java:259)
	at org.apache.ratis.server.impl.LeaderElection.askForVotes(LeaderElection.java:197)
	at org.apache.ratis.server.impl.LeaderElection.run(LeaderElection.java:133)
	at java.lang.Thread.run(Thread.java:748)
Caused by: org.apache.ratis.thirdparty.io.grpc.StatusRuntimeException: UNAVAILABLE: io exception
	at org.apache.ratis.thirdparty.io.grpc.stub.ClientCalls.toStatusRuntimeException(ClientCalls.java:233)
	at org.apache.ratis.thirdparty.io.grpc.stub.ClientCalls.getUnchecked(ClientCalls.java:214)
	at org.apache.ratis.thirdparty.io.grpc.stub.ClientCalls.blockingUnaryCall(ClientCalls.java:139)
	at org.apache.ratis.proto.grpc.RaftServerProtocolServiceGrpc$RaftServerProtocolServiceBlockingStub.requestVote(RaftServerProtocolServiceGrpc.java:265)
	at org.apache.ratis.grpc.server.GrpcServerProtocolClient.requestVote(GrpcServerProtocolClient.java:99)
	at org.apache.ratis.grpc.server.GrpcService.requestVote(GrpcService.java:204)
	at org.apache.ratis.server.impl.LeaderElection.lambda$submitRequests$1(LeaderElection.java:234)
	at java.util.concurrent.FutureTask.run(FutureTask.java:266)
	at java.util.concurrent.Executors$RunnableAdapter.call(Executors.java:511)
	at java.util.concurrent.FutureTask.run(FutureTask.java:266)
	at java.util.concurrent.ThreadPoolExecutor.runWorker(ThreadPoolExecutor.java:1149)
	at java.util.concurrent.ThreadPoolExecutor$Worker.run(ThreadPoolExecutor.java:624)
	... 1 more
Caused by: org.apache.ratis.thirdparty.io.netty.channel.AbstractChannel$AnnotatedConnectException: Connection refused: /192.168.151.107:37214
	at sun.nio.ch.SocketChannelImpl.checkConnect(Native Method)
	at sun.nio.ch.SocketChannelImpl.finishConnect(SocketChannelImpl.java:717)
	at org.apache.ratis.thirdparty.io.netty.channel.socket.nio.NioSocketChannel.doFinishConnect(NioSocketChannel.java:327)
	at org.apache.ratis.thirdparty.io.netty.channel.nio.AbstractNioChannel$AbstractNioUnsafe.finishConnect(AbstractNioChannel.java:340)
	at org.apache.ratis.thirdparty.io.netty.channel.nio.NioEventLoop.processSelectedKey(NioEventLoop.java:632)
	at org.apache.ratis.thirdparty.io.netty.channel.nio.NioEventLoop.processSelectedKeysOptimized(NioEventLoop.java:579)
	at org.apache.ratis.thirdparty.io.netty.channel.nio.NioEventLoop.processSelectedKeys(NioEventLoop.java:496)
	at org.apache.ratis.thirdparty.io.netty.channel.nio.NioEventLoop.run(NioEventLoop.java:458)
	at org.apache.ratis.thirdparty.io.netty.util.concurrent.SingleThreadEventExecutor$5.run(SingleThreadEventExecutor.java:897)
	at org.apache.ratis.thirdparty.io.netty.util.concurrent.FastThreadLocalRunnable.run(FastThreadLocalRunnable.java:30)
	... 1 more
Caused by: java.net.ConnectException: Connection refused
	... 11 more
2019-10-14 13:02:15,207 [grpc-default-executor-8] INFO  impl.RaftServerImpl (ServerState.java:setLeader(255)) - 6d5882c0-7b37-45c4-bca3-490e9467e84a@group-DFADC55D3820: change Leader from a6fe904f-38aa-494b-9b18-48ceaa20fa11 to null at term 2 for updateCurrentTerm
2019-10-14 13:02:15,207 [grpc-default-executor-8] INFO  impl.RaftServerImpl (RaftServerImpl.java:setRole(170)) - 6d5882c0-7b37-45c4-bca3-490e9467e84a@group-DFADC55D3820: changes role from  FOLLOWER to FOLLOWER at term 2 for recognizeCandidate:72560939-34a3-48e9-b1ac-5ff43108b5ce
2019-10-14 13:02:15,207 [grpc-default-executor-8] INFO  impl.RoleInfo (RoleInfo.java:shutdownFollowerState(121)) - 6d5882c0-7b37-45c4-bca3-490e9467e84a: shutdown FollowerState
2019-10-14 13:02:15,207 [grpc-default-executor-8] INFO  impl.RoleInfo (RoleInfo.java:updateAndGet(143)) - 6d5882c0-7b37-45c4-bca3-490e9467e84a: start FollowerState
2019-10-14 13:02:15,207 [Thread-2363] INFO  impl.FollowerState (FollowerState.java:run(117)) - 6d5882c0-7b37-45c4-bca3-490e9467e84a@group-DFADC55D3820-FollowerState was interrupted: java.lang.InterruptedException: sleep interrupted
2019-10-14 13:02:15,226 [72560939-34a3-48e9-b1ac-5ff43108b5ce@group-DFADC55D3820-LeaderElection65] INFO  impl.LeaderElection (LeaderElection.java:logAndReturn(56)) - 72560939-34a3-48e9-b1ac-5ff43108b5ce@group-DFADC55D3820-LeaderElection65: Election PASSED; received 1 response(s) [72560939-34a3-48e9-b1ac-5ff43108b5ce<-6d5882c0-7b37-45c4-bca3-490e9467e84a#0:OK-t2] and 1 exception(s); 72560939-34a3-48e9-b1ac-5ff43108b5ce@group-DFADC55D3820:t2, leader=null, voted=72560939-34a3-48e9-b1ac-5ff43108b5ce, raftlog=72560939-34a3-48e9-b1ac-5ff43108b5ce@group-DFADC55D3820-SegmentedRaftLog:OPENED:c2,f2,i2, conf=0: [a6fe904f-38aa-494b-9b18-48ceaa20fa11:192.168.151.107:37214, 6d5882c0-7b37-45c4-bca3-490e9467e84a:192.168.151.107:45954, 72560939-34a3-48e9-b1ac-5ff43108b5ce:192.168.151.107:44441], old=null
2019-10-14 13:02:15,226 [72560939-34a3-48e9-b1ac-5ff43108b5ce@group-DFADC55D3820-LeaderElection65] INFO  impl.LeaderElection (LogUtils.java:infoOrTrace(149)) -   Exception 0: {}
java.util.concurrent.ExecutionException: org.apache.ratis.thirdparty.io.grpc.StatusRuntimeException: UNAVAILABLE: io exception
	at java.util.concurrent.FutureTask.report(FutureTask.java:122)
	at java.util.concurrent.FutureTask.get(FutureTask.java:192)
	at org.apache.ratis.server.impl.LeaderElection.waitForResults(LeaderElection.java:259)
	at org.apache.ratis.server.impl.LeaderElection.askForVotes(LeaderElection.java:197)
	at org.apache.ratis.server.impl.LeaderElection.run(LeaderElection.java:133)
	at java.lang.Thread.run(Thread.java:748)
Caused by: org.apache.ratis.thirdparty.io.grpc.StatusRuntimeException: UNAVAILABLE: io exception
	at org.apache.ratis.thirdparty.io.grpc.stub.ClientCalls.toStatusRuntimeException(ClientCalls.java:233)
	at org.apache.ratis.thirdparty.io.grpc.stub.ClientCalls.getUnchecked(ClientCalls.java:214)
	at org.apache.ratis.thirdparty.io.grpc.stub.ClientCalls.blockingUnaryCall(ClientCalls.java:139)
	at org.apache.ratis.proto.grpc.RaftServerProtocolServiceGrpc$RaftServerProtocolServiceBlockingStub.requestVote(RaftServerProtocolServiceGrpc.java:265)
	at org.apache.ratis.grpc.server.GrpcServerProtocolClient.requestVote(GrpcServerProtocolClient.java:99)
	at org.apache.ratis.grpc.server.GrpcService.requestVote(GrpcService.java:204)
	at org.apache.ratis.server.impl.LeaderElection.lambda$submitRequests$1(LeaderElection.java:234)
	at java.util.concurrent.FutureTask.run(FutureTask.java:266)
	at java.util.concurrent.Executors$RunnableAdapter.call(Executors.java:511)
	at java.util.concurrent.FutureTask.run(FutureTask.java:266)
	at java.util.concurrent.ThreadPoolExecutor.runWorker(ThreadPoolExecutor.java:1149)
	at java.util.concurrent.ThreadPoolExecutor$Worker.run(ThreadPoolExecutor.java:624)
	... 1 more
Caused by: org.apache.ratis.thirdparty.io.netty.channel.AbstractChannel$AnnotatedConnectException: Connection refused: /192.168.151.107:37214
	at sun.nio.ch.SocketChannelImpl.checkConnect(Native Method)
	at sun.nio.ch.SocketChannelImpl.finishConnect(SocketChannelImpl.java:717)
	at org.apache.ratis.thirdparty.io.netty.channel.socket.nio.NioSocketChannel.doFinishConnect(NioSocketChannel.java:327)
	at org.apache.ratis.thirdparty.io.netty.channel.nio.AbstractNioChannel$AbstractNioUnsafe.finishConnect(AbstractNioChannel.java:340)
	at org.apache.ratis.thirdparty.io.netty.channel.nio.NioEventLoop.processSelectedKey(NioEventLoop.java:632)
	at org.apache.ratis.thirdparty.io.netty.channel.nio.NioEventLoop.processSelectedKeysOptimized(NioEventLoop.java:579)
	at org.apache.ratis.thirdparty.io.netty.channel.nio.NioEventLoop.processSelectedKeys(NioEventLoop.java:496)
	at org.apache.ratis.thirdparty.io.netty.channel.nio.NioEventLoop.run(NioEventLoop.java:458)
	at org.apache.ratis.thirdparty.io.netty.util.concurrent.SingleThreadEventExecutor$5.run(SingleThreadEventExecutor.java:897)
	at org.apache.ratis.thirdparty.io.netty.util.concurrent.FastThreadLocalRunnable.run(FastThreadLocalRunnable.java:30)
	... 1 more
Caused by: java.net.ConnectException: Connection refused
	... 11 more
2019-10-14 13:02:15,227 [72560939-34a3-48e9-b1ac-5ff43108b5ce@group-DFADC55D3820-LeaderElection65] INFO  impl.RoleInfo (RoleInfo.java:shutdownLeaderElection(134)) - 72560939-34a3-48e9-b1ac-5ff43108b5ce: shutdown LeaderElection
2019-10-14 13:02:15,227 [72560939-34a3-48e9-b1ac-5ff43108b5ce@group-DFADC55D3820-LeaderElection65] INFO  impl.RaftServerImpl (RaftServerImpl.java:setRole(170)) - 72560939-34a3-48e9-b1ac-5ff43108b5ce@group-DFADC55D3820: changes role from CANDIDATE to LEADER at term 2 for changeToLeader
2019-10-14 13:02:15,227 [72560939-34a3-48e9-b1ac-5ff43108b5ce@group-DFADC55D3820-LeaderElection65] INFO  impl.RaftServerImpl (ServerState.java:setLeader(255)) - 72560939-34a3-48e9-b1ac-5ff43108b5ce@group-DFADC55D3820: change Leader from null to 72560939-34a3-48e9-b1ac-5ff43108b5ce at term 2 for becomeLeader, leader elected after 33ms
2019-10-14 13:02:15,227 [72560939-34a3-48e9-b1ac-5ff43108b5ce@group-DFADC55D3820-LeaderElection65] INFO  server.RaftServerConfigKeys (ConfUtils.java:logGet(43)) - raft.server.staging.catchup.gap = 1000 (default)
2019-10-14 13:02:15,228 [72560939-34a3-48e9-b1ac-5ff43108b5ce@group-DFADC55D3820-LeaderElection65] INFO  server.RaftServerConfigKeys (ConfUtils.java:logGet(43)) - raft.server.rpc.sleep.time = 25ms (default)
2019-10-14 13:02:15,228 [72560939-34a3-48e9-b1ac-5ff43108b5ce@group-DFADC55D3820-LeaderElection65] INFO  server.RaftServerConfigKeys (ConfUtils.java:logGet(43)) - raft.server.write.element-limit = 4096 (default)
2019-10-14 13:02:15,228 [72560939-34a3-48e9-b1ac-5ff43108b5ce@group-DFADC55D3820-LeaderElection65] INFO  server.RaftServerConfigKeys (ConfUtils.java:logGet(43)) - raft.server.watch.timeout = 10s (default)
2019-10-14 13:02:15,228 [72560939-34a3-48e9-b1ac-5ff43108b5ce@group-DFADC55D3820-LeaderElection65] INFO  server.RaftServerConfigKeys (ConfUtils.java:logGet(43)) - raft.server.watch.timeout.denomination = 1s (default)
2019-10-14 13:02:15,228 [72560939-34a3-48e9-b1ac-5ff43108b5ce@group-DFADC55D3820-LeaderElection65] INFO  server.RaftServerConfigKeys (ConfUtils.java:logGet(43)) - raft.server.watch.element-limit = 65536 (default)
2019-10-14 13:02:15,232 [72560939-34a3-48e9-b1ac-5ff43108b5ce@group-DFADC55D3820-LeaderElection65] INFO  server.RaftServerConfigKeys (ConfUtils.java:logGet(43)) - raft.server.log.appender.snapshot.chunk.size.max = 16MB (=16777216) (default)
2019-10-14 13:02:15,232 [72560939-34a3-48e9-b1ac-5ff43108b5ce@group-DFADC55D3820-LeaderElection65] INFO  server.RaftServerConfigKeys (ConfUtils.java:logGet(43)) - raft.server.log.appender.buffer.byte-limit = 33554432 (custom)
2019-10-14 13:02:15,232 [72560939-34a3-48e9-b1ac-5ff43108b5ce@group-DFADC55D3820-LeaderElection65] INFO  server.RaftServerConfigKeys (ConfUtils.java:logGet(43)) - raft.server.log.appender.buffer.element-limit = 1 (custom)
2019-10-14 13:02:15,232 [72560939-34a3-48e9-b1ac-5ff43108b5ce@group-DFADC55D3820-LeaderElection65] INFO  grpc.GrpcConfigKeys$Server (ConfUtils.java:logGet(43)) - raft.grpc.server.leader.outstanding.appends.max = 128 (default)
2019-10-14 13:02:15,233 [72560939-34a3-48e9-b1ac-5ff43108b5ce@group-DFADC55D3820-LeaderElection65] INFO  server.RaftServerConfigKeys (ConfUtils.java:logGet(43)) - raft.server.rpc.request.timeout = 3000ms (default)
2019-10-14 13:02:15,233 [72560939-34a3-48e9-b1ac-5ff43108b5ce@group-DFADC55D3820-LeaderElection65] INFO  server.RaftServerConfigKeys (ConfUtils.java:logGet(43)) - raft.server.log.appender.install.snapshot.enabled = false (custom)
2019-10-14 13:02:15,233 [72560939-34a3-48e9-b1ac-5ff43108b5ce@group-DFADC55D3820-LeaderElection65] INFO  server.RaftServerConfigKeys (ConfUtils.java:logGet(43)) - raft.server.log.appender.snapshot.chunk.size.max = 16MB (=16777216) (default)
2019-10-14 13:02:15,233 [72560939-34a3-48e9-b1ac-5ff43108b5ce@group-DFADC55D3820-LeaderElection65] INFO  server.RaftServerConfigKeys (ConfUtils.java:logGet(43)) - raft.server.log.appender.buffer.byte-limit = 33554432 (custom)
2019-10-14 13:02:15,233 [72560939-34a3-48e9-b1ac-5ff43108b5ce@group-DFADC55D3820-LeaderElection65] INFO  server.RaftServerConfigKeys (ConfUtils.java:logGet(43)) - raft.server.log.appender.buffer.element-limit = 1 (custom)
2019-10-14 13:02:15,234 [72560939-34a3-48e9-b1ac-5ff43108b5ce@group-DFADC55D3820-LeaderElection65] INFO  grpc.GrpcConfigKeys$Server (ConfUtils.java:logGet(43)) - raft.grpc.server.leader.outstanding.appends.max = 128 (default)
2019-10-14 13:02:15,234 [72560939-34a3-48e9-b1ac-5ff43108b5ce@group-DFADC55D3820-LeaderElection65] INFO  server.RaftServerConfigKeys (ConfUtils.java:logGet(43)) - raft.server.rpc.request.timeout = 3000ms (default)
2019-10-14 13:02:15,234 [72560939-34a3-48e9-b1ac-5ff43108b5ce@group-DFADC55D3820-LeaderElection65] INFO  server.RaftServerConfigKeys (ConfUtils.java:logGet(43)) - raft.server.log.appender.install.snapshot.enabled = false (custom)
2019-10-14 13:02:15,234 [72560939-34a3-48e9-b1ac-5ff43108b5ce@group-DFADC55D3820-LeaderElection65] INFO  impl.RoleInfo (RoleInfo.java:updateAndGet(143)) - 72560939-34a3-48e9-b1ac-5ff43108b5ce: start LeaderState
2019-10-14 13:02:15,235 [72560939-34a3-48e9-b1ac-5ff43108b5ce@group-DFADC55D3820-LeaderElection65] INFO  segmented.SegmentedRaftLogWorker (SegmentedRaftLogWorker.java:rollLogSegment(390)) - 72560939-34a3-48e9-b1ac-5ff43108b5ce@group-DFADC55D3820-SegmentedRaftLogWorker: Rolling segment log-0_2 to index:2
2019-10-14 13:02:15,238 [72560939-34a3-48e9-b1ac-5ff43108b5ce@group-DFADC55D3820-SegmentedRaftLogWorker] INFO  segmented.SegmentedRaftLogWorker (SegmentedRaftLogWorker.java:execute(531)) - 72560939-34a3-48e9-b1ac-5ff43108b5ce@group-DFADC55D3820-SegmentedRaftLogWorker: Rolled log segment from /workdir/hadoop-ozone/integration-test/target/test-dir/MiniOzoneClusterImpl-d7cc1525-03b4-4177-b7bb-10a3025151f7/datanode-2/data/ratis/3101678d-6abb-4f79-918d-dfadc55d3820/current/log_inprogress_0 to /workdir/hadoop-ozone/integration-test/target/test-dir/MiniOzoneClusterImpl-d7cc1525-03b4-4177-b7bb-10a3025151f7/datanode-2/data/ratis/3101678d-6abb-4f79-918d-dfadc55d3820/current/log_0-2
2019-10-14 13:02:15,238 [72560939-34a3-48e9-b1ac-5ff43108b5ce@group-DFADC55D3820-LeaderElection65] INFO  impl.RaftServerImpl (ServerState.java:setRaftConf(356)) - 72560939-34a3-48e9-b1ac-5ff43108b5ce@group-DFADC55D3820: set configuration 3: [a6fe904f-38aa-494b-9b18-48ceaa20fa11:192.168.151.107:37214, 6d5882c0-7b37-45c4-bca3-490e9467e84a:192.168.151.107:45954, 72560939-34a3-48e9-b1ac-5ff43108b5ce:192.168.151.107:44441], old=null at 3
2019-10-14 13:02:15,238 [grpc-default-executor-8] WARN  server.GrpcLogAppender (LogUtils.java:warn(134)) - 72560939-34a3-48e9-b1ac-5ff43108b5ce@group-DFADC55D3820->a6fe904f-38aa-494b-9b18-48ceaa20fa11-AppendLogResponseHandler: Failed appendEntries: org.apache.ratis.thirdparty.io.grpc.StatusRuntimeException: UNAVAILABLE: io exception
2019-10-14 13:02:15,239 [grpc-default-executor-8] INFO  impl.FollowerInfo (FollowerInfo.java:lambda$new$0(51)) - 72560939-34a3-48e9-b1ac-5ff43108b5ce@group-DFADC55D3820->a6fe904f-38aa-494b-9b18-48ceaa20fa11: nextIndex: updateUnconditionally 3 -> 1
2019-10-14 13:02:15,239 [grpc-default-executor-0] INFO  impl.RaftServerImpl (ServerState.java:setLeader(255)) - 6d5882c0-7b37-45c4-bca3-490e9467e84a@group-DFADC55D3820: change Leader from null to 72560939-34a3-48e9-b1ac-5ff43108b5ce at term 2 for appendEntries, leader elected after 32ms
2019-10-14 13:02:15,241 [grpc-default-executor-0] INFO  impl.RaftServerImpl (ServerState.java:setRaftConf(356)) - 6d5882c0-7b37-45c4-bca3-490e9467e84a@group-DFADC55D3820: set configuration 3: [a6fe904f-38aa-494b-9b18-48ceaa20fa11:192.168.151.107:37214, 6d5882c0-7b37-45c4-bca3-490e9467e84a:192.168.151.107:45954, 72560939-34a3-48e9-b1ac-5ff43108b5ce:192.168.151.107:44441], old=null at 3
2019-10-14 13:02:15,241 [grpc-default-executor-0] INFO  segmented.SegmentedRaftLogWorker (SegmentedRaftLogWorker.java:rollLogSegment(390)) - 6d5882c0-7b37-45c4-bca3-490e9467e84a@group-DFADC55D3820-SegmentedRaftLogWorker: Rolling segment log-0_2 to index:2
2019-10-14 13:02:15,243 [6d5882c0-7b37-45c4-bca3-490e9467e84a@group-DFADC55D3820-SegmentedRaftLogWorker] INFO  segmented.SegmentedRaftLogWorker (SegmentedRaftLogWorker.java:execute(531)) - 6d5882c0-7b37-45c4-bca3-490e9467e84a@group-DFADC55D3820-SegmentedRaftLogWorker: Rolled log segment from /workdir/hadoop-ozone/integration-test/target/test-dir/MiniOzoneClusterImpl-d7cc1525-03b4-4177-b7bb-10a3025151f7/datanode-0/data/ratis/3101678d-6abb-4f79-918d-dfadc55d3820/current/log_inprogress_0 to /workdir/hadoop-ozone/integration-test/target/test-dir/MiniOzoneClusterImpl-d7cc1525-03b4-4177-b7bb-10a3025151f7/datanode-0/data/ratis/3101678d-6abb-4f79-918d-dfadc55d3820/current/log_0-2
2019-10-14 13:02:15,264 [grpc-default-executor-6] WARN  server.GrpcLogAppender (LogUtils.java:warn(134)) - 3f353dff-fbf1-45e1-b8dc-90047666ac7f@group-FDD512E035A0->82ffce00-55a6-43cb-a809-ae8d063a0f95-AppendLogResponseHandler: Failed appendEntries: org.apache.ratis.thirdparty.io.grpc.StatusRuntimeException: UNAVAILABLE: io exception
2019-10-14 13:02:15,264 [grpc-default-executor-7] WARN  server.GrpcLogAppender (LogUtils.java:warn(134)) - 3f353dff-fbf1-45e1-b8dc-90047666ac7f@group-FDD512E035A0->1da6bb09-916d-4199-b6ac-9e9059830af0-AppendLogResponseHandler: Failed appendEntries: org.apache.ratis.thirdparty.io.grpc.StatusRuntimeException: UNAVAILABLE: io exception
2019-10-14 13:02:15,265 [grpc-default-executor-6] INFO  impl.FollowerInfo (FollowerInfo.java:lambda$new$0(51)) - 3f353dff-fbf1-45e1-b8dc-90047666ac7f@group-FDD512E035A0->82ffce00-55a6-43cb-a809-ae8d063a0f95: nextIndex: updateUnconditionally 0 -> 0
2019-10-14 13:02:15,265 [grpc-default-executor-7] INFO  impl.FollowerInfo (FollowerInfo.java:lambda$new$0(51)) - 3f353dff-fbf1-45e1-b8dc-90047666ac7f@group-FDD512E035A0->1da6bb09-916d-4199-b6ac-9e9059830af0: nextIndex: updateUnconditionally 0 -> 0
2019-10-14 13:02:15,282 [6d5882c0-7b37-45c4-bca3-490e9467e84a@group-DFADC55D3820-SegmentedRaftLogWorker] INFO  segmented.SegmentedRaftLogWorker (SegmentedRaftLogWorker.java:execute(574)) - 6d5882c0-7b37-45c4-bca3-490e9467e84a@group-DFADC55D3820-SegmentedRaftLogWorker: created new log segment /workdir/hadoop-ozone/integration-test/target/test-dir/MiniOzoneClusterImpl-d7cc1525-03b4-4177-b7bb-10a3025151f7/datanode-0/data/ratis/3101678d-6abb-4f79-918d-dfadc55d3820/current/log_inprogress_3
2019-10-14 13:02:15,282 [72560939-34a3-48e9-b1ac-5ff43108b5ce@group-DFADC55D3820-SegmentedRaftLogWorker] INFO  segmented.SegmentedRaftLogWorker (SegmentedRaftLogWorker.java:execute(574)) - 72560939-34a3-48e9-b1ac-5ff43108b5ce@group-DFADC55D3820-SegmentedRaftLogWorker: created new log segment /workdir/hadoop-ozone/integration-test/target/test-dir/MiniOzoneClusterImpl-d7cc1525-03b4-4177-b7bb-10a3025151f7/datanode-2/data/ratis/3101678d-6abb-4f79-918d-dfadc55d3820/current/log_inprogress_3
2019-10-14 13:02:15,292 [grpc-default-executor-8] WARN  server.GrpcLogAppender (LogUtils.java:warn(134)) - 72560939-34a3-48e9-b1ac-5ff43108b5ce@group-DFADC55D3820->a6fe904f-38aa-494b-9b18-48ceaa20fa11-AppendLogResponseHandler: Failed appendEntries: org.apache.ratis.thirdparty.io.grpc.StatusRuntimeException: UNAVAILABLE: io exception
2019-10-14 13:02:15,292 [grpc-default-executor-8] INFO  impl.FollowerInfo (FollowerInfo.java:lambda$new$0(51)) - 72560939-34a3-48e9-b1ac-5ff43108b5ce@group-DFADC55D3820->a6fe904f-38aa-494b-9b18-48ceaa20fa11: nextIndex: updateUnconditionally 2 -> 1
2019-10-14 13:02:15,302 [grpc-default-executor-7] WARN  server.GrpcLogAppender (LogUtils.java:warn(134)) - 72560939-34a3-48e9-b1ac-5ff43108b5ce@group-DFADC55D3820->a6fe904f-38aa-494b-9b18-48ceaa20fa11-AppendLogResponseHandler: Failed appendEntries: org.apache.ratis.thirdparty.io.grpc.StatusRuntimeException: UNAVAILABLE: io exception
2019-10-14 13:02:15,302 [grpc-default-executor-7] INFO  impl.FollowerInfo (FollowerInfo.java:lambda$new$0(51)) - 72560939-34a3-48e9-b1ac-5ff43108b5ce@group-DFADC55D3820->a6fe904f-38aa-494b-9b18-48ceaa20fa11: nextIndex: updateUnconditionally 2 -> 1
]]></system-out>
  </testcase>
</testsuite>